<?xml version="1.0" encoding="UTF-8"?>
<testsuite xmlns:xsi="http://www.w3.org/2001/XMLSchema-instance" xsi:noNamespaceSchemaLocation="https://maven.apache.org/surefire/maven-surefire-plugin/xsd/surefire-test-report-3.0.xsd" version="3.0" name="org.apache.hadoop.fs.ozone.TestOzoneFileSystem" time="426.111" tests="136" errors="1" skipped="0" failures="0">
  <properties>
    <property name="awt.toolkit" value="sun.awt.X11.XToolkit"/>
    <property name="file.encoding.pkg" value="sun.io"/>
    <property name="java.specification.version" value="1.8"/>
    <property name="sun.cpu.isalist" value=""/>
    <property name="sun.jnu.encoding" value="UTF-8"/>
    <property name="java.class.path" value="/home/runner/work/ozone/ozone/hadoop-ozone/integration-test/target/test-classes:/home/runner/work/ozone/ozone/hadoop-ozone/integration-test/target/classes:/home/runner/.m2/repository/org/apache/ozone/ozone-common/1.3.0-SNAPSHOT/ozone-common-1.3.0-SNAPSHOT.jar:/home/runner/.m2/repository/io/grpc/grpc-netty/1.44.0/grpc-netty-1.44.0.jar:/home/runner/.m2/repository/io/grpc/grpc-core/1.44.0/grpc-core-1.44.0.jar:/home/runner/.m2/repository/com/google/android/annotations/4.1.1.4/annotations-4.1.1.4.jar:/home/runner/.m2/repository/org/codehaus/mojo/animal-sniffer-annotations/1.19/animal-sniffer-annotations-1.19.jar:/home/runner/.m2/repository/com/google/errorprone/error_prone_annotations/2.2.0/error_prone_annotations-2.2.0.jar:/home/runner/.m2/repository/io/perfmark/perfmark-api/0.23.0/perfmark-api-0.23.0.jar:/home/runner/.m2/repository/io/netty/netty-codec-http2/4.1.79.Final/netty-codec-http2-4.1.79.Final.jar:/home/runner/.m2/repository/io/netty/netty-common/4.1.79.Final/netty-common-4.1.79.Final.jar:/home/runner/.m2/repository/io/netty/netty-buffer/4.1.79.Final/netty-buffer-4.1.79.Final.jar:/home/runner/.m2/repository/io/netty/netty-codec-http/4.1.79.Final/netty-codec-http-4.1.79.Final.jar:/home/runner/.m2/repository/io/netty/netty-handler-proxy/4.1.79.Final/netty-handler-proxy-4.1.79.Final.jar:/home/runner/.m2/repository/io/netty/netty-codec-socks/4.1.79.Final/netty-codec-socks-4.1.79.Final.jar:/home/runner/.m2/repository/io/netty/netty-tcnative-boringssl-static/2.0.53.Final/netty-tcnative-boringssl-static-2.0.53.Final.jar:/home/runner/.m2/repository/io/netty/netty-tcnative-classes/2.0.53.Final/netty-tcnative-classes-2.0.53.Final.jar:/home/runner/.m2/repository/io/netty/netty-tcnative-boringssl-static/2.0.53.Final/netty-tcnative-boringssl-static-2.0.53.Final-linux-x86_64.jar:/home/runner/.m2/repository/io/netty/netty-tcnative-boringssl-static/2.0.53.Final/netty-tcnative-boringssl-static-2.0.53.Final-linux-aarch_64.jar:/home/runner/.m2/repository/io/netty/netty-tcnative-boringssl-static/2.0.53.Final/netty-tcnative-boringssl-static-2.0.53.Final-osx-x86_64.jar:/home/runner/.m2/repository/io/netty/netty-tcnative-boringssl-static/2.0.53.Final/netty-tcnative-boringssl-static-2.0.53.Final-osx-aarch_64.jar:/home/runner/.m2/repository/io/netty/netty-tcnative-boringssl-static/2.0.53.Final/netty-tcnative-boringssl-static-2.0.53.Final-windows-x86_64.jar:/home/runner/.m2/repository/org/apache/commons/commons-compress/1.21/commons-compress-1.21.jar:/home/runner/.m2/repository/org/apache/ozone/hdds-common/1.3.0-SNAPSHOT/hdds-common-1.3.0-SNAPSHOT.jar:/home/runner/.m2/repository/org/apache/ozone/hdds-client/1.3.0-SNAPSHOT/hdds-client-1.3.0-SNAPSHOT.jar:/home/runner/.m2/repository/org/apache/ozone/ozone-interface-client/1.3.0-SNAPSHOT/ozone-interface-client-1.3.0-SNAPSHOT.jar:/home/runner/.m2/repository/org/apache/ozone/hdds-test-utils/1.3.0-SNAPSHOT/hdds-test-utils-1.3.0-SNAPSHOT.jar:/home/runner/.m2/repository/com/google/guava/guava/31.1-jre/guava-31.1-jre.jar:/home/runner/.m2/repository/com/google/guava/failureaccess/1.0.1/failureaccess-1.0.1.jar:/home/runner/.m2/repository/com/google/guava/listenablefuture/9999.0-empty-to-avoid-conflict-with-guava/listenablefuture-9999.0-empty-to-avoid-conflict-with-guava.jar:/home/runner/.m2/repository/com/google/code/findbugs/jsr305/3.0.0/jsr305-3.0.0.jar:/home/runner/.m2/repository/org/checkerframework/checker-qual/3.12.0/checker-qual-3.12.0.jar:/home/runner/.m2/repository/com/google/j2objc/j2objc-annotations/1.3/j2objc-annotations-1.3.jar:/home/runner/.m2/repository/commons-io/commons-io/2.11.0/commons-io-2.11.0.jar:/home/runner/.m2/repository/commons-logging/commons-logging/1.2/commons-logging-1.2.jar:/home/runner/.m2/repository/log4j/log4j/1.2.17/log4j-1.2.17.jar:/home/runner/.m2/repository/org/slf4j/slf4j-api/1.7.30/slf4j-api-1.7.30.jar:/home/runner/.m2/repository/org/apache/ozone/hdds-server-scm/1.3.0-SNAPSHOT/hdds-server-scm-1.3.0-SNAPSHOT.jar:/home/runner/.m2/repository/org/apache/ozone/hdds-container-service/1.3.0-SNAPSHOT/hdds-container-service-1.3.0-SNAPSHOT.jar:/home/runner/.m2/repository/org/apache/ozone/hdds-hadoop-dependency-server/1.3.0-SNAPSHOT/hdds-hadoop-dependency-server-1.3.0-SNAPSHOT.jar:/home/runner/.m2/repository/org/apache/hadoop/hadoop-hdfs/3.3.1/hadoop-hdfs-3.3.1.jar:/home/runner/.m2/repository/org/apache/ozone/hdds-server-framework/1.3.0-SNAPSHOT/hdds-server-framework-1.3.0-SNAPSHOT.jar:/home/runner/.m2/repository/org/apache/ozone/hdds-interface-server/1.3.0-SNAPSHOT/hdds-interface-server-1.3.0-SNAPSHOT.jar:/home/runner/.m2/repository/org/apache/logging/log4j/log4j-core/2.17.1/log4j-core-2.17.1.jar:/home/runner/.m2/repository/com/lmax/disruptor/3.4.2/disruptor-3.4.2.jar:/home/runner/.m2/repository/org/eclipse/jetty/jetty-servlet/9.4.43.v20210629/jetty-servlet-9.4.43.v20210629.jar:/home/runner/.m2/repository/org/eclipse/jetty/jetty-security/9.4.43.v20210629/jetty-security-9.4.43.v20210629.jar:/home/runner/.m2/repository/org/rocksdb/rocksdbjni/6.29.5/rocksdbjni-6.29.5.jar:/home/runner/.m2/repository/io/prometheus/simpleclient_dropwizard/0.7.0/simpleclient_dropwizard-0.7.0.jar:/home/runner/.m2/repository/io/prometheus/simpleclient/0.7.0/simpleclient-0.7.0.jar:/home/runner/.m2/repository/io/prometheus/simpleclient_common/0.7.0/simpleclient_common-0.7.0.jar:/home/runner/.m2/repository/io/dropwizard/metrics/metrics-core/3.2.4/metrics-core-3.2.4.jar:/home/runner/.m2/repository/org/apache/hadoop/hadoop-hdfs-client/3.3.1/hadoop-hdfs-client-3.3.1.jar:/home/runner/.m2/repository/org/bouncycastle/bcprov-jdk15on/1.67/bcprov-jdk15on-1.67.jar:/home/runner/.m2/repository/com/google/protobuf/protobuf-java/2.5.0/protobuf-java-2.5.0.jar:/home/runner/.m2/repository/org/apache/ozone/ozone-manager/1.3.0-SNAPSHOT/ozone-manager-1.3.0-SNAPSHOT.jar:/home/runner/.m2/repository/org/aspectj/aspectjrt/1.9.7/aspectjrt-1.9.7.jar:/home/runner/.m2/repository/org/aspectj/aspectjweaver/1.9.7/aspectjweaver-1.9.7.jar:/home/runner/.m2/repository/org/apache/ozone/hdds-interface-client/1.3.0-SNAPSHOT/hdds-interface-client-1.3.0-SNAPSHOT.jar:/home/runner/.m2/repository/org/apache/hadoop/thirdparty/hadoop-shaded-protobuf_3_7/1.1.1/hadoop-shaded-protobuf_3_7-1.1.1.jar:/home/runner/.m2/repository/org/apache/ozone/ozone-interface-storage/1.3.0-SNAPSHOT/ozone-interface-storage-1.3.0-SNAPSHOT.jar:/home/runner/.m2/repository/org/reflections/reflections/0.9.11/reflections-0.9.11.jar:/home/runner/.m2/repository/com/sun/jersey/jersey-client/1.19/jersey-client-1.19.jar:/home/runner/.m2/repository/org/apache/ranger/ranger-intg/2.3.0/ranger-intg-2.3.0.jar:/home/runner/.m2/repository/org/apache/ranger/ranger-plugins-common/2.3.0/ranger-plugins-common-2.3.0.jar:/home/runner/.m2/repository/commons-lang/commons-lang/2.6/commons-lang-2.6.jar:/home/runner/.m2/repository/org/codehaus/jackson/jackson-jaxrs/1.9.13/jackson-jaxrs-1.9.13.jar:/home/runner/.m2/repository/org/apache/ranger/ranger-plugins-cred/2.3.0/ranger-plugins-cred-2.3.0.jar:/home/runner/.m2/repository/org/apache/ranger/ranger-plugins-audit/2.3.0/ranger-plugins-audit-2.3.0.jar:/home/runner/.m2/repository/org/apache/kafka/kafka-clients/2.8.1/kafka-clients-2.8.1.jar:/home/runner/.m2/repository/com/github/luben/zstd-jni/1.4.9-1/zstd-jni-1.4.9-1.jar:/home/runner/.m2/repository/org/apache/solr/solr-solrj/8.6.3/solr-solrj-8.6.3.jar:/home/runner/.m2/repository/org/slf4j/jcl-over-slf4j/1.7.24/jcl-over-slf4j-1.7.24.jar:/home/runner/.m2/repository/org/eclipse/jetty/jetty-client/9.4.31.v20200723/jetty-client-9.4.31.v20200723.jar:/home/runner/.m2/repository/org/apache/httpcomponents/httpmime/4.5.6/httpmime-4.5.6.jar:/home/runner/.m2/repository/org/apache/httpcomponents/httpcore-nio/4.4.6/httpcore-nio-4.4.6.jar:/home/runner/.m2/repository/org/apache/httpcomponents/httpasyncclient/4.1.3/httpasyncclient-4.1.3.jar:/home/runner/.m2/repository/com/carrotsearch/hppc/0.8.0/hppc-0.8.0.jar:/home/runner/.m2/repository/org/apache/hive/hive-storage-api/2.7.2/hive-storage-api-2.7.2.jar:/home/runner/.m2/repository/org/apache/orc/orc-core/1.5.8/orc-core-1.5.8.jar:/home/runner/.m2/repository/com/amazonaws/aws-java-sdk-bundle/1.12.125/aws-java-sdk-bundle-1.12.125.jar:/home/runner/.m2/repository/net/java/dev/jna/jna/5.2.0/jna-5.2.0.jar:/home/runner/.m2/repository/net/java/dev/jna/jna-platform/5.2.0/jna-platform-5.2.0.jar:/home/runner/.m2/repository/com/kstruct/gethostname4j/0.0.2/gethostname4j-0.0.2.jar:/home/runner/.m2/repository/org/apache/ranger/ranger-plugin-classloader/2.3.0/ranger-plugin-classloader-2.3.0.jar:/home/runner/.m2/repository/org/apache/hadoop/hadoop-minikdc/3.3.1/hadoop-minikdc-3.3.1.jar:/home/runner/.m2/repository/org/apache/kerby/kerb-simplekdc/1.0.1/kerb-simplekdc-1.0.1.jar:/home/runner/.m2/repository/org/apache/kerby/kerb-client/1.0.1/kerb-client-1.0.1.jar:/home/runner/.m2/repository/org/apache/kerby/kerby-config/1.0.1/kerby-config-1.0.1.jar:/home/runner/.m2/repository/org/apache/kerby/kerb-common/1.0.1/kerb-common-1.0.1.jar:/home/runner/.m2/repository/org/apache/kerby/kerb-crypto/1.0.1/kerb-crypto-1.0.1.jar:/home/runner/.m2/repository/org/apache/kerby/kerb-util/1.0.1/kerb-util-1.0.1.jar:/home/runner/.m2/repository/org/apache/kerby/token-provider/1.0.1/token-provider-1.0.1.jar:/home/runner/.m2/repository/org/apache/kerby/kerb-admin/1.0.1/kerb-admin-1.0.1.jar:/home/runner/.m2/repository/org/apache/kerby/kerb-server/1.0.1/kerb-server-1.0.1.jar:/home/runner/.m2/repository/org/apache/kerby/kerb-identity/1.0.1/kerb-identity-1.0.1.jar:/home/runner/.m2/repository/org/apache/kerby/kerby-xdr/1.0.1/kerby-xdr-1.0.1.jar:/home/runner/.m2/repository/org/slf4j/slf4j-log4j12/1.7.30/slf4j-log4j12-1.7.30.jar:/home/runner/.m2/repository/org/apache/ozone/ozone-s3gateway/1.3.0-SNAPSHOT/ozone-s3gateway-1.3.0-SNAPSHOT.jar:/home/runner/.m2/repository/org/javassist/javassist/3.21.0-GA/javassist-3.21.0-GA.jar:/home/runner/.m2/repository/org/jboss/weld/servlet/weld-servlet/2.4.7.Final/weld-servlet-2.4.7.Final.jar:/home/runner/.m2/repository/org/glassfish/jersey/containers/jersey-container-servlet-core/2.33/jersey-container-servlet-core-2.33.jar:/home/runner/.m2/repository/org/glassfish/hk2/external/jakarta.inject/2.6.1/jakarta.inject-2.6.1.jar:/home/runner/.m2/repository/org/glassfish/jersey/core/jersey-common/2.33/jersey-common-2.33.jar:/home/runner/.m2/repository/jakarta/ws/rs/jakarta.ws.rs-api/2.1.6/jakarta.ws.rs-api-2.1.6.jar:/home/runner/.m2/repository/org/glassfish/jersey/ext/cdi/jersey-cdi1x/2.33/jersey-cdi1x-2.33.jar:/home/runner/.m2/repository/org/glassfish/jersey/inject/jersey-hk2/2.33/jersey-hk2-2.33.jar:/home/runner/.m2/repository/org/glassfish/hk2/hk2-locator/2.6.1/hk2-locator-2.6.1.jar:/home/runner/.m2/repository/org/glassfish/jersey/media/jersey-media-jaxb/2.33/jersey-media-jaxb-2.33.jar:/home/runner/.m2/repository/org/glassfish/hk2/osgi-resource-locator/1.0.3/osgi-resource-locator-1.0.3.jar:/home/runner/.m2/repository/org/glassfish/hk2/hk2-api/2.5.0/hk2-api-2.5.0.jar:/home/runner/.m2/repository/org/glassfish/hk2/hk2-utils/2.5.0/hk2-utils-2.5.0.jar:/home/runner/.m2/repository/org/glassfish/hk2/external/aopalliance-repackaged/2.5.0/aopalliance-repackaged-2.5.0.jar:/home/runner/.m2/repository/com/fasterxml/jackson/dataformat/jackson-dataformat-xml/2.13.2/jackson-dataformat-xml-2.13.2.jar:/home/runner/.m2/repository/com/fasterxml/jackson/core/jackson-core/2.13.2/jackson-core-2.13.2.jar:/home/runner/.m2/repository/org/codehaus/woodstox/stax2-api/3.1.4/stax2-api-3.1.4.jar:/home/runner/.m2/repository/com/fasterxml/woodstox/woodstox-core/5.0.3/woodstox-core-5.0.3.jar:/home/runner/.m2/repository/com/fasterxml/jackson/module/jackson-module-jaxb-annotations/2.13.2/jackson-module-jaxb-annotations-2.13.2.jar:/home/runner/.m2/repository/jakarta/xml/bind/jakarta.xml.bind-api/2.3.3/jakarta.xml.bind-api-2.3.3.jar:/home/runner/.m2/repository/jakarta/activation/jakarta.activation-api/1.2.1/jakarta.activation-api-1.2.1.jar:/home/runner/.m2/repository/javax/enterprise/cdi-api/1.2/cdi-api-1.2.jar:/home/runner/.m2/repository/javax/el/javax.el-api/3.0.0/javax.el-api-3.0.0.jar:/home/runner/.m2/repository/javax/interceptor/javax.interceptor-api/1.2/javax.interceptor-api-1.2.jar:/home/runner/.m2/repository/javax/inject/javax.inject/1/javax.inject-1.jar:/home/runner/.m2/repository/javax/xml/bind/jaxb-api/2.3.0/jaxb-api-2.3.0.jar:/home/runner/.m2/repository/org/glassfish/jaxb/jaxb-runtime/2.3.0.1/jaxb-runtime-2.3.0.1.jar:/home/runner/.m2/repository/org/glassfish/jaxb/jaxb-core/2.3.0.1/jaxb-core-2.3.0.1.jar:/home/runner/.m2/repository/org/glassfish/jaxb/txw2/2.3.0.1/txw2-2.3.0.1.jar:/home/runner/.m2/repository/com/sun/istack/istack-commons-runtime/3.0.5/istack-commons-runtime-3.0.5.jar:/home/runner/.m2/repository/org/jvnet/staxex/stax-ex/1.7.8/stax-ex-1.7.8.jar:/home/runner/.m2/repository/com/sun/xml/fastinfoset/FastInfoset/1.2.13/FastInfoset-1.2.13.jar:/home/runner/.m2/repository/javax/activation/activation/1.1.1/activation-1.1.1.jar:/home/runner/.m2/repository/io/grpc/grpc-protobuf/1.44.0/grpc-protobuf-1.44.0.jar:/home/runner/.m2/repository/io/grpc/grpc-api/1.44.0/grpc-api-1.44.0.jar:/home/runner/.m2/repository/io/grpc/grpc-context/1.44.0/grpc-context-1.44.0.jar:/home/runner/.m2/repository/com/google/api/grpc/proto-google-common-protos/2.0.1/proto-google-common-protos-2.0.1.jar:/home/runner/.m2/repository/io/grpc/grpc-protobuf-lite/1.44.0/grpc-protobuf-lite-1.44.0.jar:/home/runner/.m2/repository/io/grpc/grpc-stub/1.44.0/grpc-stub-1.44.0.jar:/home/runner/.m2/repository/io/netty/netty-transport/4.1.79.Final/netty-transport-4.1.79.Final.jar:/home/runner/.m2/repository/io/netty/netty-resolver/4.1.79.Final/netty-resolver-4.1.79.Final.jar:/home/runner/.m2/repository/org/apache/ozone/ozone-csi/1.3.0-SNAPSHOT/ozone-csi-1.3.0-SNAPSHOT.jar:/home/runner/.m2/repository/com/google/protobuf/protobuf-java-util/3.19.2/protobuf-java-util-3.19.2.jar:/home/runner/.m2/repository/com/google/code/gson/gson/2.9.0/gson-2.9.0.jar:/home/runner/.m2/repository/org/apache/ozone/hdds-config/1.3.0-SNAPSHOT/hdds-config-1.3.0-SNAPSHOT.jar:/home/runner/.m2/repository/io/netty/netty-transport-native-epoll/4.1.79.Final/netty-transport-native-epoll-4.1.79.Final-linux-x86_64.jar:/home/runner/.m2/repository/io/netty/netty-transport-classes-epoll/4.1.79.Final/netty-transport-classes-epoll-4.1.79.Final.jar:/home/runner/.m2/repository/io/netty/netty-transport-native-unix-common/4.1.79.Final/netty-transport-native-unix-common-4.1.79.Final.jar:/home/runner/.m2/repository/org/apache/ozone/ozone-recon/1.3.0-SNAPSHOT/ozone-recon-1.3.0-SNAPSHOT.jar:/home/runner/.m2/repository/org/apache/ozone/ozone-reconcodegen/1.3.0-SNAPSHOT/ozone-reconcodegen-1.3.0-SNAPSHOT.jar:/home/runner/.m2/repository/com/google/inject/extensions/guice-multibindings/4.0/guice-multibindings-4.0.jar:/home/runner/.m2/repository/com/google/inject/guice/4.0/guice-4.0.jar:/home/runner/.m2/repository/aopalliance/aopalliance/1.0/aopalliance-1.0.jar:/home/runner/.m2/repository/com/google/inject/extensions/guice-assistedinject/4.0/guice-assistedinject-4.0.jar:/home/runner/.m2/repository/com/google/inject/extensions/guice-servlet/4.0/guice-servlet-4.0.jar:/home/runner/.m2/repository/org/glassfish/jersey/containers/jersey-container-servlet/2.33/jersey-container-servlet-2.33.jar:/home/runner/.m2/repository/org/glassfish/hk2/guice-bridge/2.5.0/guice-bridge-2.5.0.jar:/home/runner/.m2/repository/org/glassfish/jersey/core/jersey-server/2.33/jersey-server-2.33.jar:/home/runner/.m2/repository/org/glassfish/jersey/core/jersey-client/2.33/jersey-client-2.33.jar:/home/runner/.m2/repository/jakarta/annotation/jakarta.annotation-api/1.3.5/jakarta.annotation-api-1.3.5.jar:/home/runner/.m2/repository/jakarta/validation/jakarta.validation-api/2.0.2/jakarta.validation-api-2.0.2.jar:/home/runner/.m2/repository/org/glassfish/jersey/media/jersey-media-json-jackson/2.33/jersey-media-json-jackson-2.33.jar:/home/runner/.m2/repository/org/glassfish/jersey/ext/jersey-entity-filtering/2.33/jersey-entity-filtering-2.33.jar:/home/runner/.m2/repository/org/jooq/jooq/3.11.10/jooq-3.11.10.jar:/home/runner/.m2/repository/org/jooq/jooq-meta/3.11.10/jooq-meta-3.11.10.jar:/home/runner/.m2/repository/org/jooq/jooq-codegen/3.11.10/jooq-codegen-3.11.10.jar:/home/runner/.m2/repository/com/jolbox/bonecp/0.8.0.RELEASE/bonecp-0.8.0.RELEASE.jar:/home/runner/.m2/repository/org/apache/derby/derby/10.14.2.0/derby-10.14.2.0.jar:/home/runner/.m2/repository/org/xerial/sqlite-jdbc/3.25.2/sqlite-jdbc-3.25.2.jar:/home/runner/.m2/repository/org/springframework/spring-jdbc/5.2.20.RELEASE/spring-jdbc-5.2.20.RELEASE.jar:/home/runner/.m2/repository/org/springframework/spring-beans/5.2.20.RELEASE/spring-beans-5.2.20.RELEASE.jar:/home/runner/.m2/repository/org/springframework/spring-core/5.2.20.RELEASE/spring-core-5.2.20.RELEASE.jar:/home/runner/.m2/repository/org/springframework/spring-jcl/5.2.20.RELEASE/spring-jcl-5.2.20.RELEASE.jar:/home/runner/.m2/repository/org/springframework/spring-tx/5.2.20.RELEASE/spring-tx-5.2.20.RELEASE.jar:/home/runner/.m2/repository/org/apache/ozone/ozone-client/1.3.0-SNAPSHOT/ozone-client-1.3.0-SNAPSHOT.jar:/home/runner/.m2/repository/org/apache/ozone/hdds-erasurecode/1.3.0-SNAPSHOT/hdds-erasurecode-1.3.0-SNAPSHOT.jar:/home/runner/.m2/repository/com/github/spotbugs/spotbugs-annotations/3.1.12/spotbugs-annotations-3.1.12.jar:/home/runner/.m2/repository/org/apache/ozone/ozone-filesystem/1.3.0-SNAPSHOT/ozone-filesystem-1.3.0-SNAPSHOT.jar:/home/runner/.m2/repository/org/apache/ozone/ozone-filesystem-common/1.3.0-SNAPSHOT/ozone-filesystem-common-1.3.0-SNAPSHOT.jar:/home/runner/.m2/repository/org/apache/ozone/ozone-tools/1.3.0-SNAPSHOT/ozone-tools-1.3.0-SNAPSHOT.jar:/home/runner/.m2/repository/org/apache/ratis/ratis-tools/2.3.0/ratis-tools-2.3.0.jar:/home/runner/.m2/repository/com/amazonaws/aws-java-sdk-core/1.12.261/aws-java-sdk-core-1.12.261.jar:/home/runner/.m2/repository/org/apache/httpcomponents/httpclient/4.5.13/httpclient-4.5.13.jar:/home/runner/.m2/repository/org/apache/httpcomponents/httpcore/4.4.13/httpcore-4.4.13.jar:/home/runner/.m2/repository/software/amazon/ion/ion-java/1.0.2/ion-java-1.0.2.jar:/home/runner/.m2/repository/com/fasterxml/jackson/dataformat/jackson-dataformat-cbor/2.13.2/jackson-dataformat-cbor-2.13.2.jar:/home/runner/.m2/repository/joda-time/joda-time/2.8.1/joda-time-2.8.1.jar:/home/runner/.m2/repository/com/amazonaws/aws-java-sdk-s3/1.12.261/aws-java-sdk-s3-1.12.261.jar:/home/runner/.m2/repository/com/amazonaws/aws-java-sdk-kms/1.12.261/aws-java-sdk-kms-1.12.261.jar:/home/runner/.m2/repository/com/amazonaws/jmespath-java/1.12.261/jmespath-java-1.12.261.jar:/home/runner/.m2/repository/org/kohsuke/metainf-services/metainf-services/1.8/metainf-services-1.8.jar:/home/runner/.m2/repository/org/apache/ozone/hdds-tools/1.3.0-SNAPSHOT/hdds-tools-1.3.0-SNAPSHOT.jar:/home/runner/.m2/repository/commons-cli/commons-cli/1.2/commons-cli-1.2.jar:/home/runner/.m2/repository/org/apache/commons/commons-lang3/3.7/commons-lang3-3.7.jar:/home/runner/.m2/repository/org/apache/ozone/ozone-manager/1.3.0-SNAPSHOT/ozone-manager-1.3.0-SNAPSHOT-tests.jar:/home/runner/.m2/repository/org/apache/ozone/hdds-common/1.3.0-SNAPSHOT/hdds-common-1.3.0-SNAPSHOT-tests.jar:/home/runner/.m2/repository/org/apache/ozone/hdds-hadoop-dependency-client/1.3.0-SNAPSHOT/hdds-hadoop-dependency-client-1.3.0-SNAPSHOT.jar:/home/runner/.m2/repository/info/picocli/picocli/4.6.1/picocli-4.6.1.jar:/home/runner/.m2/repository/com/fasterxml/jackson/core/jackson-annotations/2.13.2/jackson-annotations-2.13.2.jar:/home/runner/.m2/repository/com/fasterxml/jackson/datatype/jackson-datatype-jsr310/2.13.2/jackson-datatype-jsr310-2.13.2.jar:/home/runner/.m2/repository/javax/annotation/javax.annotation-api/1.2/javax.annotation-api-1.2.jar:/home/runner/.m2/repository/org/apache/ratis/ratis-server/2.3.0/ratis-server-2.3.0.jar:/home/runner/.m2/repository/org/apache/ratis/ratis-client/2.3.0/ratis-client-2.3.0.jar:/home/runner/.m2/repository/org/apache/ratis/ratis-server-api/2.3.0/ratis-server-api-2.3.0.jar:/home/runner/.m2/repository/org/apache/ratis/ratis-metrics/2.3.0/ratis-metrics-2.3.0.jar:/home/runner/.m2/repository/org/apache/ratis/ratis-netty/2.3.0/ratis-netty-2.3.0.jar:/home/runner/.m2/repository/org/apache/ratis/ratis-grpc/2.3.0/ratis-grpc-2.3.0.jar:/home/runner/.m2/repository/org/apache/logging/log4j/log4j-api/2.17.1/log4j-api-2.17.1.jar:/home/runner/.m2/repository/org/apache/commons/commons-pool2/2.6.0/commons-pool2-2.6.0.jar:/home/runner/.m2/repository/org/bouncycastle/bcpkix-jdk15on/1.67/bcpkix-jdk15on-1.67.jar:/home/runner/.m2/repository/commons-validator/commons-validator/1.6/commons-validator-1.6.jar:/home/runner/.m2/repository/commons-beanutils/commons-beanutils/1.9.4/commons-beanutils-1.9.4.jar:/home/runner/.m2/repository/commons-digester/commons-digester/1.8.1/commons-digester-1.8.1.jar:/home/runner/.m2/repository/commons-collections/commons-collections/3.2.2/commons-collections-3.2.2.jar:/home/runner/.m2/repository/io/jaegertracing/jaeger-client/1.6.0/jaeger-client-1.6.0.jar:/home/runner/.m2/repository/io/jaegertracing/jaeger-thrift/1.6.0/jaeger-thrift-1.6.0.jar:/home/runner/.m2/repository/org/apache/thrift/libthrift/0.14.1/libthrift-0.14.1.jar:/home/runner/.m2/repository/com/squareup/okhttp3/okhttp/4.9.0/okhttp-4.9.0.jar:/home/runner/.m2/repository/com/squareup/okio/okio/2.8.0/okio-2.8.0.jar:/home/runner/.m2/repository/io/jaegertracing/jaeger-core/1.6.0/jaeger-core-1.6.0.jar:/home/runner/.m2/repository/io/jaegertracing/jaeger-tracerresolver/1.6.0/jaeger-tracerresolver-1.6.0.jar:/home/runner/.m2/repository/io/opentracing/contrib/opentracing-tracerresolver/0.1.8/opentracing-tracerresolver-0.1.8.jar:/home/runner/.m2/repository/org/jetbrains/kotlin/kotlin-stdlib/1.6.21/kotlin-stdlib-1.6.21.jar:/home/runner/.m2/repository/org/jetbrains/kotlin/kotlin-stdlib-common/1.6.21/kotlin-stdlib-common-1.6.21.jar:/home/runner/.m2/repository/org/jetbrains/annotations/13.0/annotations-13.0.jar:/home/runner/.m2/repository/io/opentracing/opentracing-util/0.33.0/opentracing-util-0.33.0.jar:/home/runner/.m2/repository/io/opentracing/opentracing-api/0.33.0/opentracing-api-0.33.0.jar:/home/runner/.m2/repository/io/opentracing/opentracing-noop/0.33.0/opentracing-noop-0.33.0.jar:/home/runner/.m2/repository/org/yaml/snakeyaml/1.26/snakeyaml-1.26.jar:/home/runner/.m2/repository/org/apache/ozone/hdds-interface-admin/1.3.0-SNAPSHOT/hdds-interface-admin-1.3.0-SNAPSHOT.jar:/home/runner/.m2/repository/junit/junit/4.13.1/junit-4.13.1.jar:/home/runner/.m2/repository/org/hamcrest/hamcrest-core/1.3/hamcrest-core-1.3.jar:/home/runner/.m2/repository/org/junit/jupiter/junit-jupiter-api/5.8.2/junit-jupiter-api-5.8.2.jar:/home/runner/.m2/repository/org/opentest4j/opentest4j/1.2.0/opentest4j-1.2.0.jar:/home/runner/.m2/repository/org/junit/platform/junit-platform-commons/1.8.2/junit-platform-commons-1.8.2.jar:/home/runner/.m2/repository/org/apiguardian/apiguardian-api/1.1.2/apiguardian-api-1.1.2.jar:/home/runner/.m2/repository/org/junit/jupiter/junit-jupiter-params/5.8.2/junit-jupiter-params-5.8.2.jar:/home/runner/.m2/repository/org/junit/jupiter/junit-jupiter-migrationsupport/5.8.2/junit-jupiter-migrationsupport-5.8.2.jar:/home/runner/.m2/repository/org/junit/jupiter/junit-jupiter-engine/5.8.2/junit-jupiter-engine-5.8.2.jar:/home/runner/.m2/repository/org/junit/platform/junit-platform-engine/1.8.2/junit-platform-engine-1.8.2.jar:/home/runner/.m2/repository/org/junit/vintage/junit-vintage-engine/5.8.2/junit-vintage-engine-5.8.2.jar:/home/runner/.m2/repository/org/junit/platform/junit-platform-launcher/1.8.2/junit-platform-launcher-1.8.2.jar:/home/runner/.m2/repository/org/mockito/mockito-core/2.28.2/mockito-core-2.28.2.jar:/home/runner/.m2/repository/net/bytebuddy/byte-buddy/1.9.10/byte-buddy-1.9.10.jar:/home/runner/.m2/repository/net/bytebuddy/byte-buddy-agent/1.9.10/byte-buddy-agent-1.9.10.jar:/home/runner/.m2/repository/org/objenesis/objenesis/1.0/objenesis-1.0.jar:/home/runner/.m2/repository/org/apache/hadoop/hadoop-kms/3.3.1/hadoop-kms-3.3.1.jar:/home/runner/.m2/repository/org/apache/hadoop/hadoop-auth/3.3.1/hadoop-auth-3.3.1.jar:/home/runner/.m2/repository/com/nimbusds/nimbus-jose-jwt/7.9/nimbus-jose-jwt-7.9.jar:/home/runner/.m2/repository/com/github/stephenc/jcip/jcip-annotations/1.0-1/jcip-annotations-1.0-1.jar:/home/runner/.m2/repository/net/minidev/json-smart/2.4.7/json-smart-2.4.7.jar:/home/runner/.m2/repository/net/minidev/accessors-smart/2.4.7/accessors-smart-2.4.7.jar:/home/runner/.m2/repository/org/ow2/asm/asm/5.0.4/asm-5.0.4.jar:/home/runner/.m2/repository/org/apache/zookeeper/zookeeper/3.5.6/zookeeper-3.5.6.jar:/home/runner/.m2/repository/org/apache/zookeeper/zookeeper-jute/3.5.6/zookeeper-jute-3.5.6.jar:/home/runner/.m2/repository/org/apache/yetus/audience-annotations/0.5.0/audience-annotations-0.5.0.jar:/home/runner/.m2/repository/org/apache/curator/curator-framework/4.2.0/curator-framework-4.2.0.jar:/home/runner/.m2/repository/org/apache/hadoop/thirdparty/hadoop-shaded-guava/1.1.1/hadoop-shaded-guava-1.1.1.jar:/home/runner/.m2/repository/com/sun/jersey/jersey-core/1.19/jersey-core-1.19.jar:/home/runner/.m2/repository/javax/ws/rs/jsr311-api/1.1.1/jsr311-api-1.1.1.jar:/home/runner/.m2/repository/com/sun/jersey/jersey-server/1.19/jersey-server-1.19.jar:/home/runner/.m2/repository/javax/servlet/javax.servlet-api/3.1.0/javax.servlet-api-3.1.0.jar:/home/runner/.m2/repository/org/eclipse/jetty/jetty-server/9.4.43.v20210629/jetty-server-9.4.43.v20210629.jar:/home/runner/.m2/repository/org/eclipse/jetty/jetty-http/9.4.43.v20210629/jetty-http-9.4.43.v20210629.jar:/home/runner/.m2/repository/org/eclipse/jetty/jetty-io/9.4.43.v20210629/jetty-io-9.4.43.v20210629.jar:/home/runner/.m2/repository/org/eclipse/jetty/jetty-webapp/9.4.43.v20210629/jetty-webapp-9.4.43.v20210629.jar:/home/runner/.m2/repository/org/eclipse/jetty/jetty-xml/9.4.43.v20210629/jetty-xml-9.4.43.v20210629.jar:/home/runner/.m2/repository/org/apache/hadoop/hadoop-common/3.3.1/hadoop-common-3.3.1.jar:/home/runner/.m2/repository/org/apache/commons/commons-math3/3.1.1/commons-math3-3.1.1.jar:/home/runner/.m2/repository/commons-net/commons-net/3.6/commons-net-3.6.jar:/home/runner/.m2/repository/com/sun/jersey/jersey-servlet/1.19/jersey-servlet-1.19.jar:/home/runner/.m2/repository/com/sun/jersey/jersey-json/1.19/jersey-json-1.19.jar:/home/runner/.m2/repository/org/codehaus/jettison/jettison/1.1/jettison-1.1.jar:/home/runner/.m2/repository/com/sun/xml/bind/jaxb-impl/2.2.3-1/jaxb-impl-2.2.3-1.jar:/home/runner/.m2/repository/org/codehaus/jackson/jackson-xc/1.9.2/jackson-xc-1.9.2.jar:/home/runner/.m2/repository/org/apache/commons/commons-configuration2/2.1.1/commons-configuration2-2.1.1.jar:/home/runner/.m2/repository/org/apache/commons/commons-text/1.4/commons-text-1.4.jar:/home/runner/.m2/repository/com/google/re2j/re2j/1.1/re2j-1.1.jar:/home/runner/.m2/repository/com/jcraft/jsch/0.1.54/jsch-0.1.54.jar:/home/runner/.m2/repository/org/apache/curator/curator-client/4.2.0/curator-client-4.2.0.jar:/home/runner/.m2/repository/org/apache/curator/curator-recipes/4.2.0/curator-recipes-4.2.0.jar:/home/runner/.m2/repository/org/apache/kerby/kerb-core/1.0.1/kerb-core-1.0.1.jar:/home/runner/.m2/repository/org/apache/kerby/kerby-pkix/1.0.1/kerby-pkix-1.0.1.jar:/home/runner/.m2/repository/org/apache/kerby/kerby-asn1/1.0.1/kerby-asn1-1.0.1.jar:/home/runner/.m2/repository/org/apache/kerby/kerby-util/1.0.1/kerby-util-1.0.1.jar:/home/runner/.m2/repository/dnsjava/dnsjava/2.1.7/dnsjava-2.1.7.jar:/home/runner/.m2/repository/org/xerial/snappy/snappy-java/1.1.8.2/snappy-java-1.1.8.2.jar:/home/runner/.m2/repository/org/slf4j/jul-to-slf4j/1.7.30/jul-to-slf4j-1.7.30.jar:/home/runner/.m2/repository/org/eclipse/jetty/jetty-util/9.4.43.v20210629/jetty-util-9.4.43.v20210629.jar:/home/runner/.m2/repository/com/fasterxml/jackson/core/jackson-databind/2.13.2.2/jackson-databind-2.13.2.2.jar:/home/runner/.m2/repository/org/apache/hadoop/hadoop-kms/3.3.1/hadoop-kms-3.3.1-tests.jar:/home/runner/.m2/repository/org/apache/ozone/hdds-server-scm/1.3.0-SNAPSHOT/hdds-server-scm-1.3.0-SNAPSHOT-tests.jar:/home/runner/.m2/repository/org/apache/ozone/hdds-container-service/1.3.0-SNAPSHOT/hdds-container-service-1.3.0-SNAPSHOT-tests.jar:/home/runner/.m2/repository/commons-codec/commons-codec/1.11/commons-codec-1.11.jar:/home/runner/.m2/repository/io/netty/netty-codec/4.1.79.Final/netty-codec-4.1.79.Final.jar:/home/runner/.m2/repository/io/netty/netty-handler/4.1.79.Final/netty-handler-4.1.79.Final.jar:/home/runner/.m2/repository/org/apache/ozone/hdds-hadoop-dependency-test/1.3.0-SNAPSHOT/hdds-hadoop-dependency-test-1.3.0-SNAPSHOT.jar:/home/runner/.m2/repository/org/apache/hadoop/hadoop-common/3.3.1/hadoop-common-3.3.1-tests.jar:/home/runner/.m2/repository/org/assertj/assertj-core/3.12.2/assertj-core-3.12.2.jar:/home/runner/.m2/repository/org/apache/hadoop/hadoop-hdfs/3.3.1/hadoop-hdfs-3.3.1-tests.jar:/home/runner/.m2/repository/org/eclipse/jetty/jetty-util-ajax/9.4.43.v20210629/jetty-util-ajax-9.4.43.v20210629.jar:/home/runner/.m2/repository/commons-daemon/commons-daemon/1.0.13/commons-daemon-1.0.13.jar:/home/runner/.m2/repository/io/netty/netty/3.10.6.Final/netty-3.10.6.Final.jar:/home/runner/.m2/repository/io/netty/netty-all/4.1.79.Final/netty-all-4.1.79.Final.jar:/home/runner/.m2/repository/io/netty/netty-codec-dns/4.1.79.Final/netty-codec-dns-4.1.79.Final.jar:/home/runner/.m2/repository/io/netty/netty-codec-haproxy/4.1.79.Final/netty-codec-haproxy-4.1.79.Final.jar:/home/runner/.m2/repository/io/netty/netty-codec-memcache/4.1.79.Final/netty-codec-memcache-4.1.79.Final.jar:/home/runner/.m2/repository/io/netty/netty-codec-mqtt/4.1.79.Final/netty-codec-mqtt-4.1.79.Final.jar:/home/runner/.m2/repository/io/netty/netty-codec-redis/4.1.79.Final/netty-codec-redis-4.1.79.Final.jar:/home/runner/.m2/repository/io/netty/netty-codec-smtp/4.1.79.Final/netty-codec-smtp-4.1.79.Final.jar:/home/runner/.m2/repository/io/netty/netty-codec-stomp/4.1.79.Final/netty-codec-stomp-4.1.79.Final.jar:/home/runner/.m2/repository/io/netty/netty-codec-xml/4.1.79.Final/netty-codec-xml-4.1.79.Final.jar:/home/runner/.m2/repository/io/netty/netty-resolver-dns/4.1.79.Final/netty-resolver-dns-4.1.79.Final.jar:/home/runner/.m2/repository/io/netty/netty-transport-rxtx/4.1.79.Final/netty-transport-rxtx-4.1.79.Final.jar:/home/runner/.m2/repository/io/netty/netty-transport-sctp/4.1.79.Final/netty-transport-sctp-4.1.79.Final.jar:/home/runner/.m2/repository/io/netty/netty-transport-udt/4.1.79.Final/netty-transport-udt-4.1.79.Final.jar:/home/runner/.m2/repository/io/netty/netty-transport-classes-kqueue/4.1.79.Final/netty-transport-classes-kqueue-4.1.79.Final.jar:/home/runner/.m2/repository/io/netty/netty-resolver-dns-classes-macos/4.1.79.Final/netty-resolver-dns-classes-macos-4.1.79.Final.jar:/home/runner/.m2/repository/io/netty/netty-transport-native-epoll/4.1.79.Final/netty-transport-native-epoll-4.1.79.Final-linux-aarch_64.jar:/home/runner/.m2/repository/io/netty/netty-transport-native-kqueue/4.1.79.Final/netty-transport-native-kqueue-4.1.79.Final-osx-x86_64.jar:/home/runner/.m2/repository/io/netty/netty-transport-native-kqueue/4.1.79.Final/netty-transport-native-kqueue-4.1.79.Final-osx-aarch_64.jar:/home/runner/.m2/repository/io/netty/netty-resolver-dns-native-macos/4.1.79.Final/netty-resolver-dns-native-macos-4.1.79.Final-osx-x86_64.jar:/home/runner/.m2/repository/io/netty/netty-resolver-dns-native-macos/4.1.79.Final/netty-resolver-dns-native-macos-4.1.79.Final-osx-aarch_64.jar:/home/runner/.m2/repository/org/apache/htrace/htrace-core4/4.1.0-incubating/htrace-core4-4.1.0-incubating.jar:/home/runner/.m2/repository/org/fusesource/leveldbjni/leveldbjni-all/1.8/leveldbjni-all-1.8.jar:/home/runner/.m2/repository/org/apache/hadoop/hadoop-distcp/3.3.1/hadoop-distcp-3.3.1.jar:/home/runner/.m2/repository/org/apache/hadoop/hadoop-mapreduce-client-jobclient/3.3.1/hadoop-mapreduce-client-jobclient-3.3.1.jar:/home/runner/.m2/repository/org/apache/hadoop/hadoop-mapreduce-client-common/3.3.1/hadoop-mapreduce-client-common-3.3.1.jar:/home/runner/.m2/repository/org/apache/hadoop/hadoop-yarn-common/3.3.1/hadoop-yarn-common-3.3.1.jar:/home/runner/.m2/repository/org/apache/hadoop/hadoop-yarn-api/3.3.1/hadoop-yarn-api-3.3.1.jar:/home/runner/.m2/repository/com/sun/jersey/contribs/jersey-guice/1.19/jersey-guice-1.19.jar:/home/runner/.m2/repository/com/fasterxml/jackson/jaxrs/jackson-jaxrs-json-provider/2.13.2/jackson-jaxrs-json-provider-2.13.2.jar:/home/runner/.m2/repository/com/fasterxml/jackson/jaxrs/jackson-jaxrs-base/2.13.2/jackson-jaxrs-base-2.13.2.jar:/home/runner/.m2/repository/org/apache/hadoop/hadoop-yarn-client/3.3.1/hadoop-yarn-client-3.3.1.jar:/home/runner/.m2/repository/org/eclipse/jetty/websocket/websocket-client/9.4.40.v20210413/websocket-client-9.4.40.v20210413.jar:/home/runner/.m2/repository/org/eclipse/jetty/websocket/websocket-common/9.4.40.v20210413/websocket-common-9.4.40.v20210413.jar:/home/runner/.m2/repository/org/eclipse/jetty/websocket/websocket-api/9.4.40.v20210413/websocket-api-9.4.40.v20210413.jar:/home/runner/.m2/repository/org/jline/jline/3.9.0/jline-3.9.0.jar:/home/runner/.m2/repository/org/apache/hadoop/hadoop-mapreduce-client-core/3.3.1/hadoop-mapreduce-client-core-3.3.1.jar:/home/runner/.m2/repository/org/apache/avro/avro/1.7.7/avro-1.7.7.jar:/home/runner/.m2/repository/org/codehaus/jackson/jackson-core-asl/1.9.13/jackson-core-asl-1.9.13.jar:/home/runner/.m2/repository/org/codehaus/jackson/jackson-mapper-asl/1.9.13/jackson-mapper-asl-1.9.13.jar:/home/runner/.m2/repository/com/thoughtworks/paranamer/paranamer/2.3/paranamer-2.3.jar:/home/runner/.m2/repository/org/apache/hadoop/hadoop-annotations/3.3.1/hadoop-annotations-3.3.1.jar:/usr/lib/jvm/temurin-8-jdk-amd64/jre/../lib/tools.jar:/home/runner/.m2/repository/org/apache/hadoop/hadoop-distcp/3.3.1/hadoop-distcp-3.3.1-tests.jar:/home/runner/.m2/repository/org/apache/ratis/ratis-common/2.3.0/ratis-common-2.3.0.jar:/home/runner/.m2/repository/org/apache/ratis/ratis-thirdparty-misc/1.0.0/ratis-thirdparty-misc-1.0.0.jar:/home/runner/.m2/repository/org/apache/ratis/ratis-proto/2.3.0/ratis-proto-2.3.0.jar:/home/runner/.m2/repository/org/apache/ozone/ozone-annotation-processing/1.3.0-SNAPSHOT/ozone-annotation-processing-1.3.0-SNAPSHOT.jar:"/>
    <property name="java.vm.vendor" value="Temurin"/>
    <property name="sun.arch.data.model" value="64"/>
    <property name="test.build.dir" value="/home/runner/work/ozone/ozone/hadoop-ozone/integration-test/target/test-dir"/>
    <property name="test.cache.data" value=""/>
    <property name="java.vendor.url" value="https://adoptium.net/"/>
    <property name="user.timezone" value="Etc/UTC"/>
    <property name="java.vm.specification.version" value="1.8"/>
    <property name="os.name" value="Linux"/>
    <property name="test.build.data" value="/home/runner/work/ozone/ozone/hadoop-ozone/integration-test/target/test-dir"/>
    <property name="sun.java.launcher" value="SUN_STANDARD"/>
    <property name="sun.boot.library.path" value="/usr/lib/jvm/temurin-8-jdk-amd64/jre/lib/amd64"/>
    <property name="sun.java.command" value="/home/runner/work/ozone/ozone/hadoop-ozone/integration-test/target/surefire/surefirebooter6129172287999602597.jar /home/runner/work/ozone/ozone/hadoop-ozone/integration-test/target/surefire 2022-08-03T00-56-57_308-jvmRun1 surefire1291515487753810904tmp surefire_367699609523367566402tmp"/>
    <property name="surefire.test.class.path" value="/home/runner/work/ozone/ozone/hadoop-ozone/integration-test/target/test-classes:/home/runner/work/ozone/ozone/hadoop-ozone/integration-test/target/classes:/home/runner/.m2/repository/org/apache/ozone/ozone-common/1.3.0-SNAPSHOT/ozone-common-1.3.0-SNAPSHOT.jar:/home/runner/.m2/repository/io/grpc/grpc-netty/1.44.0/grpc-netty-1.44.0.jar:/home/runner/.m2/repository/io/grpc/grpc-core/1.44.0/grpc-core-1.44.0.jar:/home/runner/.m2/repository/com/google/android/annotations/4.1.1.4/annotations-4.1.1.4.jar:/home/runner/.m2/repository/org/codehaus/mojo/animal-sniffer-annotations/1.19/animal-sniffer-annotations-1.19.jar:/home/runner/.m2/repository/com/google/errorprone/error_prone_annotations/2.2.0/error_prone_annotations-2.2.0.jar:/home/runner/.m2/repository/io/perfmark/perfmark-api/0.23.0/perfmark-api-0.23.0.jar:/home/runner/.m2/repository/io/netty/netty-codec-http2/4.1.79.Final/netty-codec-http2-4.1.79.Final.jar:/home/runner/.m2/repository/io/netty/netty-common/4.1.79.Final/netty-common-4.1.79.Final.jar:/home/runner/.m2/repository/io/netty/netty-buffer/4.1.79.Final/netty-buffer-4.1.79.Final.jar:/home/runner/.m2/repository/io/netty/netty-codec-http/4.1.79.Final/netty-codec-http-4.1.79.Final.jar:/home/runner/.m2/repository/io/netty/netty-handler-proxy/4.1.79.Final/netty-handler-proxy-4.1.79.Final.jar:/home/runner/.m2/repository/io/netty/netty-codec-socks/4.1.79.Final/netty-codec-socks-4.1.79.Final.jar:/home/runner/.m2/repository/io/netty/netty-tcnative-boringssl-static/2.0.53.Final/netty-tcnative-boringssl-static-2.0.53.Final.jar:/home/runner/.m2/repository/io/netty/netty-tcnative-classes/2.0.53.Final/netty-tcnative-classes-2.0.53.Final.jar:/home/runner/.m2/repository/io/netty/netty-tcnative-boringssl-static/2.0.53.Final/netty-tcnative-boringssl-static-2.0.53.Final-linux-x86_64.jar:/home/runner/.m2/repository/io/netty/netty-tcnative-boringssl-static/2.0.53.Final/netty-tcnative-boringssl-static-2.0.53.Final-linux-aarch_64.jar:/home/runner/.m2/repository/io/netty/netty-tcnative-boringssl-static/2.0.53.Final/netty-tcnative-boringssl-static-2.0.53.Final-osx-x86_64.jar:/home/runner/.m2/repository/io/netty/netty-tcnative-boringssl-static/2.0.53.Final/netty-tcnative-boringssl-static-2.0.53.Final-osx-aarch_64.jar:/home/runner/.m2/repository/io/netty/netty-tcnative-boringssl-static/2.0.53.Final/netty-tcnative-boringssl-static-2.0.53.Final-windows-x86_64.jar:/home/runner/.m2/repository/org/apache/commons/commons-compress/1.21/commons-compress-1.21.jar:/home/runner/.m2/repository/org/apache/ozone/hdds-common/1.3.0-SNAPSHOT/hdds-common-1.3.0-SNAPSHOT.jar:/home/runner/.m2/repository/org/apache/ozone/hdds-client/1.3.0-SNAPSHOT/hdds-client-1.3.0-SNAPSHOT.jar:/home/runner/.m2/repository/org/apache/ozone/ozone-interface-client/1.3.0-SNAPSHOT/ozone-interface-client-1.3.0-SNAPSHOT.jar:/home/runner/.m2/repository/org/apache/ozone/hdds-test-utils/1.3.0-SNAPSHOT/hdds-test-utils-1.3.0-SNAPSHOT.jar:/home/runner/.m2/repository/com/google/guava/guava/31.1-jre/guava-31.1-jre.jar:/home/runner/.m2/repository/com/google/guava/failureaccess/1.0.1/failureaccess-1.0.1.jar:/home/runner/.m2/repository/com/google/guava/listenablefuture/9999.0-empty-to-avoid-conflict-with-guava/listenablefuture-9999.0-empty-to-avoid-conflict-with-guava.jar:/home/runner/.m2/repository/com/google/code/findbugs/jsr305/3.0.0/jsr305-3.0.0.jar:/home/runner/.m2/repository/org/checkerframework/checker-qual/3.12.0/checker-qual-3.12.0.jar:/home/runner/.m2/repository/com/google/j2objc/j2objc-annotations/1.3/j2objc-annotations-1.3.jar:/home/runner/.m2/repository/commons-io/commons-io/2.11.0/commons-io-2.11.0.jar:/home/runner/.m2/repository/commons-logging/commons-logging/1.2/commons-logging-1.2.jar:/home/runner/.m2/repository/log4j/log4j/1.2.17/log4j-1.2.17.jar:/home/runner/.m2/repository/org/slf4j/slf4j-api/1.7.30/slf4j-api-1.7.30.jar:/home/runner/.m2/repository/org/apache/ozone/hdds-server-scm/1.3.0-SNAPSHOT/hdds-server-scm-1.3.0-SNAPSHOT.jar:/home/runner/.m2/repository/org/apache/ozone/hdds-container-service/1.3.0-SNAPSHOT/hdds-container-service-1.3.0-SNAPSHOT.jar:/home/runner/.m2/repository/org/apache/ozone/hdds-hadoop-dependency-server/1.3.0-SNAPSHOT/hdds-hadoop-dependency-server-1.3.0-SNAPSHOT.jar:/home/runner/.m2/repository/org/apache/hadoop/hadoop-hdfs/3.3.1/hadoop-hdfs-3.3.1.jar:/home/runner/.m2/repository/org/apache/ozone/hdds-server-framework/1.3.0-SNAPSHOT/hdds-server-framework-1.3.0-SNAPSHOT.jar:/home/runner/.m2/repository/org/apache/ozone/hdds-interface-server/1.3.0-SNAPSHOT/hdds-interface-server-1.3.0-SNAPSHOT.jar:/home/runner/.m2/repository/org/apache/logging/log4j/log4j-core/2.17.1/log4j-core-2.17.1.jar:/home/runner/.m2/repository/com/lmax/disruptor/3.4.2/disruptor-3.4.2.jar:/home/runner/.m2/repository/org/eclipse/jetty/jetty-servlet/9.4.43.v20210629/jetty-servlet-9.4.43.v20210629.jar:/home/runner/.m2/repository/org/eclipse/jetty/jetty-security/9.4.43.v20210629/jetty-security-9.4.43.v20210629.jar:/home/runner/.m2/repository/org/rocksdb/rocksdbjni/6.29.5/rocksdbjni-6.29.5.jar:/home/runner/.m2/repository/io/prometheus/simpleclient_dropwizard/0.7.0/simpleclient_dropwizard-0.7.0.jar:/home/runner/.m2/repository/io/prometheus/simpleclient/0.7.0/simpleclient-0.7.0.jar:/home/runner/.m2/repository/io/prometheus/simpleclient_common/0.7.0/simpleclient_common-0.7.0.jar:/home/runner/.m2/repository/io/dropwizard/metrics/metrics-core/3.2.4/metrics-core-3.2.4.jar:/home/runner/.m2/repository/org/apache/hadoop/hadoop-hdfs-client/3.3.1/hadoop-hdfs-client-3.3.1.jar:/home/runner/.m2/repository/org/bouncycastle/bcprov-jdk15on/1.67/bcprov-jdk15on-1.67.jar:/home/runner/.m2/repository/com/google/protobuf/protobuf-java/2.5.0/protobuf-java-2.5.0.jar:/home/runner/.m2/repository/org/apache/ozone/ozone-manager/1.3.0-SNAPSHOT/ozone-manager-1.3.0-SNAPSHOT.jar:/home/runner/.m2/repository/org/aspectj/aspectjrt/1.9.7/aspectjrt-1.9.7.jar:/home/runner/.m2/repository/org/aspectj/aspectjweaver/1.9.7/aspectjweaver-1.9.7.jar:/home/runner/.m2/repository/org/apache/ozone/hdds-interface-client/1.3.0-SNAPSHOT/hdds-interface-client-1.3.0-SNAPSHOT.jar:/home/runner/.m2/repository/org/apache/hadoop/thirdparty/hadoop-shaded-protobuf_3_7/1.1.1/hadoop-shaded-protobuf_3_7-1.1.1.jar:/home/runner/.m2/repository/org/apache/ozone/ozone-interface-storage/1.3.0-SNAPSHOT/ozone-interface-storage-1.3.0-SNAPSHOT.jar:/home/runner/.m2/repository/org/reflections/reflections/0.9.11/reflections-0.9.11.jar:/home/runner/.m2/repository/com/sun/jersey/jersey-client/1.19/jersey-client-1.19.jar:/home/runner/.m2/repository/org/apache/ranger/ranger-intg/2.3.0/ranger-intg-2.3.0.jar:/home/runner/.m2/repository/org/apache/ranger/ranger-plugins-common/2.3.0/ranger-plugins-common-2.3.0.jar:/home/runner/.m2/repository/commons-lang/commons-lang/2.6/commons-lang-2.6.jar:/home/runner/.m2/repository/org/codehaus/jackson/jackson-jaxrs/1.9.13/jackson-jaxrs-1.9.13.jar:/home/runner/.m2/repository/org/apache/ranger/ranger-plugins-cred/2.3.0/ranger-plugins-cred-2.3.0.jar:/home/runner/.m2/repository/org/apache/ranger/ranger-plugins-audit/2.3.0/ranger-plugins-audit-2.3.0.jar:/home/runner/.m2/repository/org/apache/kafka/kafka-clients/2.8.1/kafka-clients-2.8.1.jar:/home/runner/.m2/repository/com/github/luben/zstd-jni/1.4.9-1/zstd-jni-1.4.9-1.jar:/home/runner/.m2/repository/org/apache/solr/solr-solrj/8.6.3/solr-solrj-8.6.3.jar:/home/runner/.m2/repository/org/slf4j/jcl-over-slf4j/1.7.24/jcl-over-slf4j-1.7.24.jar:/home/runner/.m2/repository/org/eclipse/jetty/jetty-client/9.4.31.v20200723/jetty-client-9.4.31.v20200723.jar:/home/runner/.m2/repository/org/apache/httpcomponents/httpmime/4.5.6/httpmime-4.5.6.jar:/home/runner/.m2/repository/org/apache/httpcomponents/httpcore-nio/4.4.6/httpcore-nio-4.4.6.jar:/home/runner/.m2/repository/org/apache/httpcomponents/httpasyncclient/4.1.3/httpasyncclient-4.1.3.jar:/home/runner/.m2/repository/com/carrotsearch/hppc/0.8.0/hppc-0.8.0.jar:/home/runner/.m2/repository/org/apache/hive/hive-storage-api/2.7.2/hive-storage-api-2.7.2.jar:/home/runner/.m2/repository/org/apache/orc/orc-core/1.5.8/orc-core-1.5.8.jar:/home/runner/.m2/repository/com/amazonaws/aws-java-sdk-bundle/1.12.125/aws-java-sdk-bundle-1.12.125.jar:/home/runner/.m2/repository/net/java/dev/jna/jna/5.2.0/jna-5.2.0.jar:/home/runner/.m2/repository/net/java/dev/jna/jna-platform/5.2.0/jna-platform-5.2.0.jar:/home/runner/.m2/repository/com/kstruct/gethostname4j/0.0.2/gethostname4j-0.0.2.jar:/home/runner/.m2/repository/org/apache/ranger/ranger-plugin-classloader/2.3.0/ranger-plugin-classloader-2.3.0.jar:/home/runner/.m2/repository/org/apache/hadoop/hadoop-minikdc/3.3.1/hadoop-minikdc-3.3.1.jar:/home/runner/.m2/repository/org/apache/kerby/kerb-simplekdc/1.0.1/kerb-simplekdc-1.0.1.jar:/home/runner/.m2/repository/org/apache/kerby/kerb-client/1.0.1/kerb-client-1.0.1.jar:/home/runner/.m2/repository/org/apache/kerby/kerby-config/1.0.1/kerby-config-1.0.1.jar:/home/runner/.m2/repository/org/apache/kerby/kerb-common/1.0.1/kerb-common-1.0.1.jar:/home/runner/.m2/repository/org/apache/kerby/kerb-crypto/1.0.1/kerb-crypto-1.0.1.jar:/home/runner/.m2/repository/org/apache/kerby/kerb-util/1.0.1/kerb-util-1.0.1.jar:/home/runner/.m2/repository/org/apache/kerby/token-provider/1.0.1/token-provider-1.0.1.jar:/home/runner/.m2/repository/org/apache/kerby/kerb-admin/1.0.1/kerb-admin-1.0.1.jar:/home/runner/.m2/repository/org/apache/kerby/kerb-server/1.0.1/kerb-server-1.0.1.jar:/home/runner/.m2/repository/org/apache/kerby/kerb-identity/1.0.1/kerb-identity-1.0.1.jar:/home/runner/.m2/repository/org/apache/kerby/kerby-xdr/1.0.1/kerby-xdr-1.0.1.jar:/home/runner/.m2/repository/org/slf4j/slf4j-log4j12/1.7.30/slf4j-log4j12-1.7.30.jar:/home/runner/.m2/repository/org/apache/ozone/ozone-s3gateway/1.3.0-SNAPSHOT/ozone-s3gateway-1.3.0-SNAPSHOT.jar:/home/runner/.m2/repository/org/javassist/javassist/3.21.0-GA/javassist-3.21.0-GA.jar:/home/runner/.m2/repository/org/jboss/weld/servlet/weld-servlet/2.4.7.Final/weld-servlet-2.4.7.Final.jar:/home/runner/.m2/repository/org/glassfish/jersey/containers/jersey-container-servlet-core/2.33/jersey-container-servlet-core-2.33.jar:/home/runner/.m2/repository/org/glassfish/hk2/external/jakarta.inject/2.6.1/jakarta.inject-2.6.1.jar:/home/runner/.m2/repository/org/glassfish/jersey/core/jersey-common/2.33/jersey-common-2.33.jar:/home/runner/.m2/repository/jakarta/ws/rs/jakarta.ws.rs-api/2.1.6/jakarta.ws.rs-api-2.1.6.jar:/home/runner/.m2/repository/org/glassfish/jersey/ext/cdi/jersey-cdi1x/2.33/jersey-cdi1x-2.33.jar:/home/runner/.m2/repository/org/glassfish/jersey/inject/jersey-hk2/2.33/jersey-hk2-2.33.jar:/home/runner/.m2/repository/org/glassfish/hk2/hk2-locator/2.6.1/hk2-locator-2.6.1.jar:/home/runner/.m2/repository/org/glassfish/jersey/media/jersey-media-jaxb/2.33/jersey-media-jaxb-2.33.jar:/home/runner/.m2/repository/org/glassfish/hk2/osgi-resource-locator/1.0.3/osgi-resource-locator-1.0.3.jar:/home/runner/.m2/repository/org/glassfish/hk2/hk2-api/2.5.0/hk2-api-2.5.0.jar:/home/runner/.m2/repository/org/glassfish/hk2/hk2-utils/2.5.0/hk2-utils-2.5.0.jar:/home/runner/.m2/repository/org/glassfish/hk2/external/aopalliance-repackaged/2.5.0/aopalliance-repackaged-2.5.0.jar:/home/runner/.m2/repository/com/fasterxml/jackson/dataformat/jackson-dataformat-xml/2.13.2/jackson-dataformat-xml-2.13.2.jar:/home/runner/.m2/repository/com/fasterxml/jackson/core/jackson-core/2.13.2/jackson-core-2.13.2.jar:/home/runner/.m2/repository/org/codehaus/woodstox/stax2-api/3.1.4/stax2-api-3.1.4.jar:/home/runner/.m2/repository/com/fasterxml/woodstox/woodstox-core/5.0.3/woodstox-core-5.0.3.jar:/home/runner/.m2/repository/com/fasterxml/jackson/module/jackson-module-jaxb-annotations/2.13.2/jackson-module-jaxb-annotations-2.13.2.jar:/home/runner/.m2/repository/jakarta/xml/bind/jakarta.xml.bind-api/2.3.3/jakarta.xml.bind-api-2.3.3.jar:/home/runner/.m2/repository/jakarta/activation/jakarta.activation-api/1.2.1/jakarta.activation-api-1.2.1.jar:/home/runner/.m2/repository/javax/enterprise/cdi-api/1.2/cdi-api-1.2.jar:/home/runner/.m2/repository/javax/el/javax.el-api/3.0.0/javax.el-api-3.0.0.jar:/home/runner/.m2/repository/javax/interceptor/javax.interceptor-api/1.2/javax.interceptor-api-1.2.jar:/home/runner/.m2/repository/javax/inject/javax.inject/1/javax.inject-1.jar:/home/runner/.m2/repository/javax/xml/bind/jaxb-api/2.3.0/jaxb-api-2.3.0.jar:/home/runner/.m2/repository/org/glassfish/jaxb/jaxb-runtime/2.3.0.1/jaxb-runtime-2.3.0.1.jar:/home/runner/.m2/repository/org/glassfish/jaxb/jaxb-core/2.3.0.1/jaxb-core-2.3.0.1.jar:/home/runner/.m2/repository/org/glassfish/jaxb/txw2/2.3.0.1/txw2-2.3.0.1.jar:/home/runner/.m2/repository/com/sun/istack/istack-commons-runtime/3.0.5/istack-commons-runtime-3.0.5.jar:/home/runner/.m2/repository/org/jvnet/staxex/stax-ex/1.7.8/stax-ex-1.7.8.jar:/home/runner/.m2/repository/com/sun/xml/fastinfoset/FastInfoset/1.2.13/FastInfoset-1.2.13.jar:/home/runner/.m2/repository/javax/activation/activation/1.1.1/activation-1.1.1.jar:/home/runner/.m2/repository/io/grpc/grpc-protobuf/1.44.0/grpc-protobuf-1.44.0.jar:/home/runner/.m2/repository/io/grpc/grpc-api/1.44.0/grpc-api-1.44.0.jar:/home/runner/.m2/repository/io/grpc/grpc-context/1.44.0/grpc-context-1.44.0.jar:/home/runner/.m2/repository/com/google/api/grpc/proto-google-common-protos/2.0.1/proto-google-common-protos-2.0.1.jar:/home/runner/.m2/repository/io/grpc/grpc-protobuf-lite/1.44.0/grpc-protobuf-lite-1.44.0.jar:/home/runner/.m2/repository/io/grpc/grpc-stub/1.44.0/grpc-stub-1.44.0.jar:/home/runner/.m2/repository/io/netty/netty-transport/4.1.79.Final/netty-transport-4.1.79.Final.jar:/home/runner/.m2/repository/io/netty/netty-resolver/4.1.79.Final/netty-resolver-4.1.79.Final.jar:/home/runner/.m2/repository/org/apache/ozone/ozone-csi/1.3.0-SNAPSHOT/ozone-csi-1.3.0-SNAPSHOT.jar:/home/runner/.m2/repository/com/google/protobuf/protobuf-java-util/3.19.2/protobuf-java-util-3.19.2.jar:/home/runner/.m2/repository/com/google/code/gson/gson/2.9.0/gson-2.9.0.jar:/home/runner/.m2/repository/org/apache/ozone/hdds-config/1.3.0-SNAPSHOT/hdds-config-1.3.0-SNAPSHOT.jar:/home/runner/.m2/repository/io/netty/netty-transport-native-epoll/4.1.79.Final/netty-transport-native-epoll-4.1.79.Final-linux-x86_64.jar:/home/runner/.m2/repository/io/netty/netty-transport-classes-epoll/4.1.79.Final/netty-transport-classes-epoll-4.1.79.Final.jar:/home/runner/.m2/repository/io/netty/netty-transport-native-unix-common/4.1.79.Final/netty-transport-native-unix-common-4.1.79.Final.jar:/home/runner/.m2/repository/org/apache/ozone/ozone-recon/1.3.0-SNAPSHOT/ozone-recon-1.3.0-SNAPSHOT.jar:/home/runner/.m2/repository/org/apache/ozone/ozone-reconcodegen/1.3.0-SNAPSHOT/ozone-reconcodegen-1.3.0-SNAPSHOT.jar:/home/runner/.m2/repository/com/google/inject/extensions/guice-multibindings/4.0/guice-multibindings-4.0.jar:/home/runner/.m2/repository/com/google/inject/guice/4.0/guice-4.0.jar:/home/runner/.m2/repository/aopalliance/aopalliance/1.0/aopalliance-1.0.jar:/home/runner/.m2/repository/com/google/inject/extensions/guice-assistedinject/4.0/guice-assistedinject-4.0.jar:/home/runner/.m2/repository/com/google/inject/extensions/guice-servlet/4.0/guice-servlet-4.0.jar:/home/runner/.m2/repository/org/glassfish/jersey/containers/jersey-container-servlet/2.33/jersey-container-servlet-2.33.jar:/home/runner/.m2/repository/org/glassfish/hk2/guice-bridge/2.5.0/guice-bridge-2.5.0.jar:/home/runner/.m2/repository/org/glassfish/jersey/core/jersey-server/2.33/jersey-server-2.33.jar:/home/runner/.m2/repository/org/glassfish/jersey/core/jersey-client/2.33/jersey-client-2.33.jar:/home/runner/.m2/repository/jakarta/annotation/jakarta.annotation-api/1.3.5/jakarta.annotation-api-1.3.5.jar:/home/runner/.m2/repository/jakarta/validation/jakarta.validation-api/2.0.2/jakarta.validation-api-2.0.2.jar:/home/runner/.m2/repository/org/glassfish/jersey/media/jersey-media-json-jackson/2.33/jersey-media-json-jackson-2.33.jar:/home/runner/.m2/repository/org/glassfish/jersey/ext/jersey-entity-filtering/2.33/jersey-entity-filtering-2.33.jar:/home/runner/.m2/repository/org/jooq/jooq/3.11.10/jooq-3.11.10.jar:/home/runner/.m2/repository/org/jooq/jooq-meta/3.11.10/jooq-meta-3.11.10.jar:/home/runner/.m2/repository/org/jooq/jooq-codegen/3.11.10/jooq-codegen-3.11.10.jar:/home/runner/.m2/repository/com/jolbox/bonecp/0.8.0.RELEASE/bonecp-0.8.0.RELEASE.jar:/home/runner/.m2/repository/org/apache/derby/derby/10.14.2.0/derby-10.14.2.0.jar:/home/runner/.m2/repository/org/xerial/sqlite-jdbc/3.25.2/sqlite-jdbc-3.25.2.jar:/home/runner/.m2/repository/org/springframework/spring-jdbc/5.2.20.RELEASE/spring-jdbc-5.2.20.RELEASE.jar:/home/runner/.m2/repository/org/springframework/spring-beans/5.2.20.RELEASE/spring-beans-5.2.20.RELEASE.jar:/home/runner/.m2/repository/org/springframework/spring-core/5.2.20.RELEASE/spring-core-5.2.20.RELEASE.jar:/home/runner/.m2/repository/org/springframework/spring-jcl/5.2.20.RELEASE/spring-jcl-5.2.20.RELEASE.jar:/home/runner/.m2/repository/org/springframework/spring-tx/5.2.20.RELEASE/spring-tx-5.2.20.RELEASE.jar:/home/runner/.m2/repository/org/apache/ozone/ozone-client/1.3.0-SNAPSHOT/ozone-client-1.3.0-SNAPSHOT.jar:/home/runner/.m2/repository/org/apache/ozone/hdds-erasurecode/1.3.0-SNAPSHOT/hdds-erasurecode-1.3.0-SNAPSHOT.jar:/home/runner/.m2/repository/com/github/spotbugs/spotbugs-annotations/3.1.12/spotbugs-annotations-3.1.12.jar:/home/runner/.m2/repository/org/apache/ozone/ozone-filesystem/1.3.0-SNAPSHOT/ozone-filesystem-1.3.0-SNAPSHOT.jar:/home/runner/.m2/repository/org/apache/ozone/ozone-filesystem-common/1.3.0-SNAPSHOT/ozone-filesystem-common-1.3.0-SNAPSHOT.jar:/home/runner/.m2/repository/org/apache/ozone/ozone-tools/1.3.0-SNAPSHOT/ozone-tools-1.3.0-SNAPSHOT.jar:/home/runner/.m2/repository/org/apache/ratis/ratis-tools/2.3.0/ratis-tools-2.3.0.jar:/home/runner/.m2/repository/com/amazonaws/aws-java-sdk-core/1.12.261/aws-java-sdk-core-1.12.261.jar:/home/runner/.m2/repository/org/apache/httpcomponents/httpclient/4.5.13/httpclient-4.5.13.jar:/home/runner/.m2/repository/org/apache/httpcomponents/httpcore/4.4.13/httpcore-4.4.13.jar:/home/runner/.m2/repository/software/amazon/ion/ion-java/1.0.2/ion-java-1.0.2.jar:/home/runner/.m2/repository/com/fasterxml/jackson/dataformat/jackson-dataformat-cbor/2.13.2/jackson-dataformat-cbor-2.13.2.jar:/home/runner/.m2/repository/joda-time/joda-time/2.8.1/joda-time-2.8.1.jar:/home/runner/.m2/repository/com/amazonaws/aws-java-sdk-s3/1.12.261/aws-java-sdk-s3-1.12.261.jar:/home/runner/.m2/repository/com/amazonaws/aws-java-sdk-kms/1.12.261/aws-java-sdk-kms-1.12.261.jar:/home/runner/.m2/repository/com/amazonaws/jmespath-java/1.12.261/jmespath-java-1.12.261.jar:/home/runner/.m2/repository/org/kohsuke/metainf-services/metainf-services/1.8/metainf-services-1.8.jar:/home/runner/.m2/repository/org/apache/ozone/hdds-tools/1.3.0-SNAPSHOT/hdds-tools-1.3.0-SNAPSHOT.jar:/home/runner/.m2/repository/commons-cli/commons-cli/1.2/commons-cli-1.2.jar:/home/runner/.m2/repository/org/apache/commons/commons-lang3/3.7/commons-lang3-3.7.jar:/home/runner/.m2/repository/org/apache/ozone/ozone-manager/1.3.0-SNAPSHOT/ozone-manager-1.3.0-SNAPSHOT-tests.jar:/home/runner/.m2/repository/org/apache/ozone/hdds-common/1.3.0-SNAPSHOT/hdds-common-1.3.0-SNAPSHOT-tests.jar:/home/runner/.m2/repository/org/apache/ozone/hdds-hadoop-dependency-client/1.3.0-SNAPSHOT/hdds-hadoop-dependency-client-1.3.0-SNAPSHOT.jar:/home/runner/.m2/repository/info/picocli/picocli/4.6.1/picocli-4.6.1.jar:/home/runner/.m2/repository/com/fasterxml/jackson/core/jackson-annotations/2.13.2/jackson-annotations-2.13.2.jar:/home/runner/.m2/repository/com/fasterxml/jackson/datatype/jackson-datatype-jsr310/2.13.2/jackson-datatype-jsr310-2.13.2.jar:/home/runner/.m2/repository/javax/annotation/javax.annotation-api/1.2/javax.annotation-api-1.2.jar:/home/runner/.m2/repository/org/apache/ratis/ratis-server/2.3.0/ratis-server-2.3.0.jar:/home/runner/.m2/repository/org/apache/ratis/ratis-client/2.3.0/ratis-client-2.3.0.jar:/home/runner/.m2/repository/org/apache/ratis/ratis-server-api/2.3.0/ratis-server-api-2.3.0.jar:/home/runner/.m2/repository/org/apache/ratis/ratis-metrics/2.3.0/ratis-metrics-2.3.0.jar:/home/runner/.m2/repository/org/apache/ratis/ratis-netty/2.3.0/ratis-netty-2.3.0.jar:/home/runner/.m2/repository/org/apache/ratis/ratis-grpc/2.3.0/ratis-grpc-2.3.0.jar:/home/runner/.m2/repository/org/apache/logging/log4j/log4j-api/2.17.1/log4j-api-2.17.1.jar:/home/runner/.m2/repository/org/apache/commons/commons-pool2/2.6.0/commons-pool2-2.6.0.jar:/home/runner/.m2/repository/org/bouncycastle/bcpkix-jdk15on/1.67/bcpkix-jdk15on-1.67.jar:/home/runner/.m2/repository/commons-validator/commons-validator/1.6/commons-validator-1.6.jar:/home/runner/.m2/repository/commons-beanutils/commons-beanutils/1.9.4/commons-beanutils-1.9.4.jar:/home/runner/.m2/repository/commons-digester/commons-digester/1.8.1/commons-digester-1.8.1.jar:/home/runner/.m2/repository/commons-collections/commons-collections/3.2.2/commons-collections-3.2.2.jar:/home/runner/.m2/repository/io/jaegertracing/jaeger-client/1.6.0/jaeger-client-1.6.0.jar:/home/runner/.m2/repository/io/jaegertracing/jaeger-thrift/1.6.0/jaeger-thrift-1.6.0.jar:/home/runner/.m2/repository/org/apache/thrift/libthrift/0.14.1/libthrift-0.14.1.jar:/home/runner/.m2/repository/com/squareup/okhttp3/okhttp/4.9.0/okhttp-4.9.0.jar:/home/runner/.m2/repository/com/squareup/okio/okio/2.8.0/okio-2.8.0.jar:/home/runner/.m2/repository/io/jaegertracing/jaeger-core/1.6.0/jaeger-core-1.6.0.jar:/home/runner/.m2/repository/io/jaegertracing/jaeger-tracerresolver/1.6.0/jaeger-tracerresolver-1.6.0.jar:/home/runner/.m2/repository/io/opentracing/contrib/opentracing-tracerresolver/0.1.8/opentracing-tracerresolver-0.1.8.jar:/home/runner/.m2/repository/org/jetbrains/kotlin/kotlin-stdlib/1.6.21/kotlin-stdlib-1.6.21.jar:/home/runner/.m2/repository/org/jetbrains/kotlin/kotlin-stdlib-common/1.6.21/kotlin-stdlib-common-1.6.21.jar:/home/runner/.m2/repository/org/jetbrains/annotations/13.0/annotations-13.0.jar:/home/runner/.m2/repository/io/opentracing/opentracing-util/0.33.0/opentracing-util-0.33.0.jar:/home/runner/.m2/repository/io/opentracing/opentracing-api/0.33.0/opentracing-api-0.33.0.jar:/home/runner/.m2/repository/io/opentracing/opentracing-noop/0.33.0/opentracing-noop-0.33.0.jar:/home/runner/.m2/repository/org/yaml/snakeyaml/1.26/snakeyaml-1.26.jar:/home/runner/.m2/repository/org/apache/ozone/hdds-interface-admin/1.3.0-SNAPSHOT/hdds-interface-admin-1.3.0-SNAPSHOT.jar:/home/runner/.m2/repository/junit/junit/4.13.1/junit-4.13.1.jar:/home/runner/.m2/repository/org/hamcrest/hamcrest-core/1.3/hamcrest-core-1.3.jar:/home/runner/.m2/repository/org/junit/jupiter/junit-jupiter-api/5.8.2/junit-jupiter-api-5.8.2.jar:/home/runner/.m2/repository/org/opentest4j/opentest4j/1.2.0/opentest4j-1.2.0.jar:/home/runner/.m2/repository/org/junit/platform/junit-platform-commons/1.8.2/junit-platform-commons-1.8.2.jar:/home/runner/.m2/repository/org/apiguardian/apiguardian-api/1.1.2/apiguardian-api-1.1.2.jar:/home/runner/.m2/repository/org/junit/jupiter/junit-jupiter-params/5.8.2/junit-jupiter-params-5.8.2.jar:/home/runner/.m2/repository/org/junit/jupiter/junit-jupiter-migrationsupport/5.8.2/junit-jupiter-migrationsupport-5.8.2.jar:/home/runner/.m2/repository/org/junit/jupiter/junit-jupiter-engine/5.8.2/junit-jupiter-engine-5.8.2.jar:/home/runner/.m2/repository/org/junit/platform/junit-platform-engine/1.8.2/junit-platform-engine-1.8.2.jar:/home/runner/.m2/repository/org/junit/vintage/junit-vintage-engine/5.8.2/junit-vintage-engine-5.8.2.jar:/home/runner/.m2/repository/org/junit/platform/junit-platform-launcher/1.8.2/junit-platform-launcher-1.8.2.jar:/home/runner/.m2/repository/org/mockito/mockito-core/2.28.2/mockito-core-2.28.2.jar:/home/runner/.m2/repository/net/bytebuddy/byte-buddy/1.9.10/byte-buddy-1.9.10.jar:/home/runner/.m2/repository/net/bytebuddy/byte-buddy-agent/1.9.10/byte-buddy-agent-1.9.10.jar:/home/runner/.m2/repository/org/objenesis/objenesis/1.0/objenesis-1.0.jar:/home/runner/.m2/repository/org/apache/hadoop/hadoop-kms/3.3.1/hadoop-kms-3.3.1.jar:/home/runner/.m2/repository/org/apache/hadoop/hadoop-auth/3.3.1/hadoop-auth-3.3.1.jar:/home/runner/.m2/repository/com/nimbusds/nimbus-jose-jwt/7.9/nimbus-jose-jwt-7.9.jar:/home/runner/.m2/repository/com/github/stephenc/jcip/jcip-annotations/1.0-1/jcip-annotations-1.0-1.jar:/home/runner/.m2/repository/net/minidev/json-smart/2.4.7/json-smart-2.4.7.jar:/home/runner/.m2/repository/net/minidev/accessors-smart/2.4.7/accessors-smart-2.4.7.jar:/home/runner/.m2/repository/org/ow2/asm/asm/5.0.4/asm-5.0.4.jar:/home/runner/.m2/repository/org/apache/zookeeper/zookeeper/3.5.6/zookeeper-3.5.6.jar:/home/runner/.m2/repository/org/apache/zookeeper/zookeeper-jute/3.5.6/zookeeper-jute-3.5.6.jar:/home/runner/.m2/repository/org/apache/yetus/audience-annotations/0.5.0/audience-annotations-0.5.0.jar:/home/runner/.m2/repository/org/apache/curator/curator-framework/4.2.0/curator-framework-4.2.0.jar:/home/runner/.m2/repository/org/apache/hadoop/thirdparty/hadoop-shaded-guava/1.1.1/hadoop-shaded-guava-1.1.1.jar:/home/runner/.m2/repository/com/sun/jersey/jersey-core/1.19/jersey-core-1.19.jar:/home/runner/.m2/repository/javax/ws/rs/jsr311-api/1.1.1/jsr311-api-1.1.1.jar:/home/runner/.m2/repository/com/sun/jersey/jersey-server/1.19/jersey-server-1.19.jar:/home/runner/.m2/repository/javax/servlet/javax.servlet-api/3.1.0/javax.servlet-api-3.1.0.jar:/home/runner/.m2/repository/org/eclipse/jetty/jetty-server/9.4.43.v20210629/jetty-server-9.4.43.v20210629.jar:/home/runner/.m2/repository/org/eclipse/jetty/jetty-http/9.4.43.v20210629/jetty-http-9.4.43.v20210629.jar:/home/runner/.m2/repository/org/eclipse/jetty/jetty-io/9.4.43.v20210629/jetty-io-9.4.43.v20210629.jar:/home/runner/.m2/repository/org/eclipse/jetty/jetty-webapp/9.4.43.v20210629/jetty-webapp-9.4.43.v20210629.jar:/home/runner/.m2/repository/org/eclipse/jetty/jetty-xml/9.4.43.v20210629/jetty-xml-9.4.43.v20210629.jar:/home/runner/.m2/repository/org/apache/hadoop/hadoop-common/3.3.1/hadoop-common-3.3.1.jar:/home/runner/.m2/repository/org/apache/commons/commons-math3/3.1.1/commons-math3-3.1.1.jar:/home/runner/.m2/repository/commons-net/commons-net/3.6/commons-net-3.6.jar:/home/runner/.m2/repository/com/sun/jersey/jersey-servlet/1.19/jersey-servlet-1.19.jar:/home/runner/.m2/repository/com/sun/jersey/jersey-json/1.19/jersey-json-1.19.jar:/home/runner/.m2/repository/org/codehaus/jettison/jettison/1.1/jettison-1.1.jar:/home/runner/.m2/repository/com/sun/xml/bind/jaxb-impl/2.2.3-1/jaxb-impl-2.2.3-1.jar:/home/runner/.m2/repository/org/codehaus/jackson/jackson-xc/1.9.2/jackson-xc-1.9.2.jar:/home/runner/.m2/repository/org/apache/commons/commons-configuration2/2.1.1/commons-configuration2-2.1.1.jar:/home/runner/.m2/repository/org/apache/commons/commons-text/1.4/commons-text-1.4.jar:/home/runner/.m2/repository/com/google/re2j/re2j/1.1/re2j-1.1.jar:/home/runner/.m2/repository/com/jcraft/jsch/0.1.54/jsch-0.1.54.jar:/home/runner/.m2/repository/org/apache/curator/curator-client/4.2.0/curator-client-4.2.0.jar:/home/runner/.m2/repository/org/apache/curator/curator-recipes/4.2.0/curator-recipes-4.2.0.jar:/home/runner/.m2/repository/org/apache/kerby/kerb-core/1.0.1/kerb-core-1.0.1.jar:/home/runner/.m2/repository/org/apache/kerby/kerby-pkix/1.0.1/kerby-pkix-1.0.1.jar:/home/runner/.m2/repository/org/apache/kerby/kerby-asn1/1.0.1/kerby-asn1-1.0.1.jar:/home/runner/.m2/repository/org/apache/kerby/kerby-util/1.0.1/kerby-util-1.0.1.jar:/home/runner/.m2/repository/dnsjava/dnsjava/2.1.7/dnsjava-2.1.7.jar:/home/runner/.m2/repository/org/xerial/snappy/snappy-java/1.1.8.2/snappy-java-1.1.8.2.jar:/home/runner/.m2/repository/org/slf4j/jul-to-slf4j/1.7.30/jul-to-slf4j-1.7.30.jar:/home/runner/.m2/repository/org/eclipse/jetty/jetty-util/9.4.43.v20210629/jetty-util-9.4.43.v20210629.jar:/home/runner/.m2/repository/com/fasterxml/jackson/core/jackson-databind/2.13.2.2/jackson-databind-2.13.2.2.jar:/home/runner/.m2/repository/org/apache/hadoop/hadoop-kms/3.3.1/hadoop-kms-3.3.1-tests.jar:/home/runner/.m2/repository/org/apache/ozone/hdds-server-scm/1.3.0-SNAPSHOT/hdds-server-scm-1.3.0-SNAPSHOT-tests.jar:/home/runner/.m2/repository/org/apache/ozone/hdds-container-service/1.3.0-SNAPSHOT/hdds-container-service-1.3.0-SNAPSHOT-tests.jar:/home/runner/.m2/repository/commons-codec/commons-codec/1.11/commons-codec-1.11.jar:/home/runner/.m2/repository/io/netty/netty-codec/4.1.79.Final/netty-codec-4.1.79.Final.jar:/home/runner/.m2/repository/io/netty/netty-handler/4.1.79.Final/netty-handler-4.1.79.Final.jar:/home/runner/.m2/repository/org/apache/ozone/hdds-hadoop-dependency-test/1.3.0-SNAPSHOT/hdds-hadoop-dependency-test-1.3.0-SNAPSHOT.jar:/home/runner/.m2/repository/org/apache/hadoop/hadoop-common/3.3.1/hadoop-common-3.3.1-tests.jar:/home/runner/.m2/repository/org/assertj/assertj-core/3.12.2/assertj-core-3.12.2.jar:/home/runner/.m2/repository/org/apache/hadoop/hadoop-hdfs/3.3.1/hadoop-hdfs-3.3.1-tests.jar:/home/runner/.m2/repository/org/eclipse/jetty/jetty-util-ajax/9.4.43.v20210629/jetty-util-ajax-9.4.43.v20210629.jar:/home/runner/.m2/repository/commons-daemon/commons-daemon/1.0.13/commons-daemon-1.0.13.jar:/home/runner/.m2/repository/io/netty/netty/3.10.6.Final/netty-3.10.6.Final.jar:/home/runner/.m2/repository/io/netty/netty-all/4.1.79.Final/netty-all-4.1.79.Final.jar:/home/runner/.m2/repository/io/netty/netty-codec-dns/4.1.79.Final/netty-codec-dns-4.1.79.Final.jar:/home/runner/.m2/repository/io/netty/netty-codec-haproxy/4.1.79.Final/netty-codec-haproxy-4.1.79.Final.jar:/home/runner/.m2/repository/io/netty/netty-codec-memcache/4.1.79.Final/netty-codec-memcache-4.1.79.Final.jar:/home/runner/.m2/repository/io/netty/netty-codec-mqtt/4.1.79.Final/netty-codec-mqtt-4.1.79.Final.jar:/home/runner/.m2/repository/io/netty/netty-codec-redis/4.1.79.Final/netty-codec-redis-4.1.79.Final.jar:/home/runner/.m2/repository/io/netty/netty-codec-smtp/4.1.79.Final/netty-codec-smtp-4.1.79.Final.jar:/home/runner/.m2/repository/io/netty/netty-codec-stomp/4.1.79.Final/netty-codec-stomp-4.1.79.Final.jar:/home/runner/.m2/repository/io/netty/netty-codec-xml/4.1.79.Final/netty-codec-xml-4.1.79.Final.jar:/home/runner/.m2/repository/io/netty/netty-resolver-dns/4.1.79.Final/netty-resolver-dns-4.1.79.Final.jar:/home/runner/.m2/repository/io/netty/netty-transport-rxtx/4.1.79.Final/netty-transport-rxtx-4.1.79.Final.jar:/home/runner/.m2/repository/io/netty/netty-transport-sctp/4.1.79.Final/netty-transport-sctp-4.1.79.Final.jar:/home/runner/.m2/repository/io/netty/netty-transport-udt/4.1.79.Final/netty-transport-udt-4.1.79.Final.jar:/home/runner/.m2/repository/io/netty/netty-transport-classes-kqueue/4.1.79.Final/netty-transport-classes-kqueue-4.1.79.Final.jar:/home/runner/.m2/repository/io/netty/netty-resolver-dns-classes-macos/4.1.79.Final/netty-resolver-dns-classes-macos-4.1.79.Final.jar:/home/runner/.m2/repository/io/netty/netty-transport-native-epoll/4.1.79.Final/netty-transport-native-epoll-4.1.79.Final-linux-aarch_64.jar:/home/runner/.m2/repository/io/netty/netty-transport-native-kqueue/4.1.79.Final/netty-transport-native-kqueue-4.1.79.Final-osx-x86_64.jar:/home/runner/.m2/repository/io/netty/netty-transport-native-kqueue/4.1.79.Final/netty-transport-native-kqueue-4.1.79.Final-osx-aarch_64.jar:/home/runner/.m2/repository/io/netty/netty-resolver-dns-native-macos/4.1.79.Final/netty-resolver-dns-native-macos-4.1.79.Final-osx-x86_64.jar:/home/runner/.m2/repository/io/netty/netty-resolver-dns-native-macos/4.1.79.Final/netty-resolver-dns-native-macos-4.1.79.Final-osx-aarch_64.jar:/home/runner/.m2/repository/org/apache/htrace/htrace-core4/4.1.0-incubating/htrace-core4-4.1.0-incubating.jar:/home/runner/.m2/repository/org/fusesource/leveldbjni/leveldbjni-all/1.8/leveldbjni-all-1.8.jar:/home/runner/.m2/repository/org/apache/hadoop/hadoop-distcp/3.3.1/hadoop-distcp-3.3.1.jar:/home/runner/.m2/repository/org/apache/hadoop/hadoop-mapreduce-client-jobclient/3.3.1/hadoop-mapreduce-client-jobclient-3.3.1.jar:/home/runner/.m2/repository/org/apache/hadoop/hadoop-mapreduce-client-common/3.3.1/hadoop-mapreduce-client-common-3.3.1.jar:/home/runner/.m2/repository/org/apache/hadoop/hadoop-yarn-common/3.3.1/hadoop-yarn-common-3.3.1.jar:/home/runner/.m2/repository/org/apache/hadoop/hadoop-yarn-api/3.3.1/hadoop-yarn-api-3.3.1.jar:/home/runner/.m2/repository/com/sun/jersey/contribs/jersey-guice/1.19/jersey-guice-1.19.jar:/home/runner/.m2/repository/com/fasterxml/jackson/jaxrs/jackson-jaxrs-json-provider/2.13.2/jackson-jaxrs-json-provider-2.13.2.jar:/home/runner/.m2/repository/com/fasterxml/jackson/jaxrs/jackson-jaxrs-base/2.13.2/jackson-jaxrs-base-2.13.2.jar:/home/runner/.m2/repository/org/apache/hadoop/hadoop-yarn-client/3.3.1/hadoop-yarn-client-3.3.1.jar:/home/runner/.m2/repository/org/eclipse/jetty/websocket/websocket-client/9.4.40.v20210413/websocket-client-9.4.40.v20210413.jar:/home/runner/.m2/repository/org/eclipse/jetty/websocket/websocket-common/9.4.40.v20210413/websocket-common-9.4.40.v20210413.jar:/home/runner/.m2/repository/org/eclipse/jetty/websocket/websocket-api/9.4.40.v20210413/websocket-api-9.4.40.v20210413.jar:/home/runner/.m2/repository/org/jline/jline/3.9.0/jline-3.9.0.jar:/home/runner/.m2/repository/org/apache/hadoop/hadoop-mapreduce-client-core/3.3.1/hadoop-mapreduce-client-core-3.3.1.jar:/home/runner/.m2/repository/org/apache/avro/avro/1.7.7/avro-1.7.7.jar:/home/runner/.m2/repository/org/codehaus/jackson/jackson-core-asl/1.9.13/jackson-core-asl-1.9.13.jar:/home/runner/.m2/repository/org/codehaus/jackson/jackson-mapper-asl/1.9.13/jackson-mapper-asl-1.9.13.jar:/home/runner/.m2/repository/com/thoughtworks/paranamer/paranamer/2.3/paranamer-2.3.jar:/home/runner/.m2/repository/org/apache/hadoop/hadoop-annotations/3.3.1/hadoop-annotations-3.3.1.jar:/usr/lib/jvm/temurin-8-jdk-amd64/jre/../lib/tools.jar:/home/runner/.m2/repository/org/apache/hadoop/hadoop-distcp/3.3.1/hadoop-distcp-3.3.1-tests.jar:/home/runner/.m2/repository/org/apache/ratis/ratis-common/2.3.0/ratis-common-2.3.0.jar:/home/runner/.m2/repository/org/apache/ratis/ratis-thirdparty-misc/1.0.0/ratis-thirdparty-misc-1.0.0.jar:/home/runner/.m2/repository/org/apache/ratis/ratis-proto/2.3.0/ratis-proto-2.3.0.jar:/home/runner/.m2/repository/org/apache/ozone/ozone-annotation-processing/1.3.0-SNAPSHOT/ozone-annotation-processing-1.3.0-SNAPSHOT.jar:"/>
    <property name="sun.cpu.endian" value="little"/>
    <property name="user.home" value="/home/runner"/>
    <property name="user.language" value="en"/>
    <property name="java.specification.vendor" value="Oracle Corporation"/>
    <property name="java.home" value="/usr/lib/jvm/temurin-8-jdk-amd64/jre"/>
    <property name="java.security.krb5.conf" value="/home/runner/work/ozone/ozone/hadoop-ozone/integration-test/target/test-classes/krb5.conf"/>
    <property name="basedir" value="/home/runner/work/ozone/ozone/hadoop-ozone/integration-test"/>
    <property name="file.separator" value="/"/>
    <property name="line.separator" value="&#10;"/>
    <property name="java.vm.specification.vendor" value="Oracle Corporation"/>
    <property name="java.specification.name" value="Java Platform API Specification"/>
    <property name="java.awt.graphicsenv" value="sun.awt.X11GraphicsEnvironment"/>
    <property name="skip.installnpx" value="true"/>
    <property name="surefire.real.class.path" value="/home/runner/work/ozone/ozone/hadoop-ozone/integration-test/target/surefire/surefirebooter6129172287999602597.jar:/home/runner/.m2/repository/org/jacoco/org.jacoco.agent/0.8.5/org.jacoco.agent-0.8.5-runtime.jar"/>
    <property name="hadoop.log.dir" value="/home/runner/work/ozone/ozone/hadoop-ozone/integration-test/target/log"/>
    <property name="sun.boot.class.path" value="/usr/lib/jvm/temurin-8-jdk-amd64/jre/lib/resources.jar:/usr/lib/jvm/temurin-8-jdk-amd64/jre/lib/rt.jar:/usr/lib/jvm/temurin-8-jdk-amd64/jre/lib/sunrsasign.jar:/usr/lib/jvm/temurin-8-jdk-amd64/jre/lib/jsse.jar:/usr/lib/jvm/temurin-8-jdk-amd64/jre/lib/jce.jar:/usr/lib/jvm/temurin-8-jdk-amd64/jre/lib/charsets.jar:/usr/lib/jvm/temurin-8-jdk-amd64/jre/lib/jfr.jar:/usr/lib/jvm/temurin-8-jdk-amd64/jre/classes"/>
    <property name="sun.management.compiler" value="HotSpot 64-Bit Tiered Compilers"/>
    <property name="skip.npx" value="true"/>
    <property name="java.runtime.version" value="1.8.0_332-b09"/>
    <property name="java.net.preferIPv4Stack" value="true"/>
    <property name="user.name" value="runner"/>
    <property name="path.separator" value=":"/>
    <property name="java.security.egd" value="file:///dev/urandom"/>
    <property name="os.version" value="5.4.0-1086-azure"/>
    <property name="java.endorsed.dirs" value="/usr/lib/jvm/temurin-8-jdk-amd64/jre/lib/endorsed"/>
    <property name="java.runtime.name" value="OpenJDK Runtime Environment"/>
    <property name="file.encoding" value="UTF-8"/>
    <property name="java.vm.name" value="OpenJDK 64-Bit Server VM"/>
    <property name="test.build.webapps" value=""/>
    <property name="localRepository" value="/home/runner/.m2/repository"/>
    <property name="jetty.git.hash" value="526006ecfa3af7f1a27ef3a288e2bef7ea9dd7e8"/>
    <property name="java.vendor.url.bug" value="https://github.com/adoptium/adoptium-support/issues"/>
    <property name="java.io.tmpdir" value="/tmp"/>
    <property name="require.test.libhadoop" value=""/>
    <property name="java.version" value="1.8.0_332"/>
    <property name="user.dir" value="/home/runner/work/ozone/ozone/hadoop-ozone/integration-test"/>
    <property name="os.arch" value="amd64"/>
    <property name="java.vm.specification.name" value="Java Virtual Machine Specification"/>
    <property name="test.build.classes" value="/home/runner/work/ozone/ozone/hadoop-ozone/integration-test/target/test-classes"/>
    <property name="java.awt.printerjob" value="sun.print.PSPrinterJob"/>
    <property name="sun.os.patch.level" value="unknown"/>
    <property name="hadoop.tmp.dir" value="/home/runner/work/ozone/ozone/hadoop-ozone/integration-test/target/tmp"/>
    <property name="java.library.path" value="/usr/java/packages/lib/amd64:/usr/lib64:/lib64:/lib:/usr/lib"/>
    <property name="java.vm.info" value="mixed mode"/>
    <property name="java.vendor" value="Temurin"/>
    <property name="java.vm.version" value="25.332-b09"/>
    <property name="java.ext.dirs" value="/usr/lib/jvm/temurin-8-jdk-amd64/jre/lib/ext:/usr/java/packages/lib/ext"/>
    <property name="sun.io.unicode.encoding" value="UnicodeLittle"/>
    <property name="java.class.version" value="52.0"/>
  </properties>
  <testcase name="testGetTrashRoot" classname="TestOzoneFileSystem" time="22.311">
    <system-out><![CDATA[2022-08-03 01:52:53,879 [main] WARN  server.ServerUtils (ServerUtils.java:getScmDbDir(148)) - ozone.scm.db.dirs is not configured. We recommend adding this setting. Falling back to ozone.metadata.dirs instead.
2022-08-03 01:52:53,960 [main] WARN  server.ServerUtils (ServerUtils.java:getScmDbDir(148)) - ozone.scm.db.dirs is not configured. We recommend adding this setting. Falling back to ozone.metadata.dirs instead.
2022-08-03 01:52:53,963 [main] INFO  ha.SCMHANodeDetails (SCMHANodeDetails.java:loadSCMHAConfig(209)) - ServiceID for StorageContainerManager is null
2022-08-03 01:52:53,976 [main] WARN  ha.SCMHANodeDetails (SCMHANodeDetails.java:validateSCMHAConfig(182)) - Invalid config ozone.scm.ratis.enable. The config was not specified, but the default value true conflicts with the expected config value false. Falling back to the expected value. Current State of SCM: SCM is running in Non-HA without Ratis Ratis SCM -> Non Ratis SCM or Non HA SCM -> HA SCM is not supported
2022-08-03 01:52:53,976 [main] INFO  ha.SCMHANodeDetails (SCMHANodeDetails.java:loadSCMHAConfig(214)) - ozone.scm.default.service.id is not defined, falling back to ozone.scm.service.ids to find serviceID for StorageContainerManager if it is HA enabled cluster
2022-08-03 01:52:54,540 [main] WARN  utils.HAUtils (HAUtils.java:getMetaDir(342)) - ozone.scm.db.dirs is not configured. We recommend adding this setting. Falling back to ozone.metadata.dirs instead.
2022-08-03 01:52:54,766 [main] WARN  db.DBStoreBuilder (DBStoreBuilder.java:applyDBDefinition(145)) - ozone.scm.db.dirs is not configured. We recommend adding this setting. Falling back to ozone.metadata.dirs instead.
2022-08-03 01:52:55,001 [main] INFO  net.NodeSchemaLoader (NodeSchemaLoader.java:loadSchemaFromFile(129)) - Loading schema from [jar:file:/home/runner/.m2/repository/org/apache/ozone/hdds-common/1.3.0-SNAPSHOT/hdds-common-1.3.0-SNAPSHOT.jar!/network-topology-default.xml]
2022-08-03 01:52:55,003 [main] INFO  net.NodeSchemaLoader (NodeSchemaLoader.java:loadSchema(176)) - Loading network topology layer schema file
2022-08-03 01:52:55,047 [main] INFO  metrics.MetricRegistries (MetricRegistriesLoader.java:load(64)) - Loaded MetricRegistries class org.apache.ratis.metrics.impl.MetricRegistriesImpl
2022-08-03 01:52:55,054 [main] INFO  upgrade.AbstractLayoutVersionManager (AbstractLayoutVersionManager.java:init(83)) - Initializing Layout version manager with metadata layout = DATANODE_SCHEMA_V3 (version = 4), software layout = DATANODE_SCHEMA_V3 (version = 4)
2022-08-03 01:52:55,265 [main] INFO  reflections.Reflections (Reflections.java:scan(232)) - Reflections took 139 ms to scan 7 urls, producing 132 keys and 321 values 
2022-08-03 01:52:55,368 [main] INFO  ha.SequenceIdGenerator (SequenceIdGenerator.java:upgradeToSequenceId(349)) - upgrade localId to 109611004723200000
2022-08-03 01:52:55,368 [main] INFO  ha.SequenceIdGenerator (SequenceIdGenerator.java:upgradeToSequenceId(359)) - upgrade delTxnId to 0
2022-08-03 01:52:55,372 [main] INFO  ha.SequenceIdGenerator (SequenceIdGenerator.java:upgradeToSequenceId(376)) - upgrade containerId to 0
2022-08-03 01:52:55,374 [main] INFO  ha.SequenceIdGenerator (SequenceIdGenerator.java:<init>(220)) - Init the HA SequenceIdGenerator.
2022-08-03 01:52:55,417 [main] WARN  server.ServerUtils (ServerUtils.java:sanitizeUserArgs(73)) - ozone.scm.stale.node.interval value = 300000 is larger than max = 100000 based on the key value of ozone.scm.heartbeat.thread.interval, reset to the max value 100000.
2022-08-03 01:52:55,418 [main] WARN  server.ServerUtils (ServerUtils.java:sanitizeUserArgs(73)) - ozone.scm.stale.node.interval value = 300000 is larger than max = 100000 based on the key value of ozone.scm.heartbeat.thread.interval, reset to the max value 100000.
2022-08-03 01:52:55,425 [main] INFO  node.SCMNodeManager (SCMNodeManager.java:<init>(149)) - Entering startup safe mode.
2022-08-03 01:52:55,494 [main] INFO  algorithms.ContainerPlacementPolicyFactory (ContainerPlacementPolicyFactory.java:getPolicyInternal(86)) - Create container placement policy of type org.apache.hadoop.hdds.scm.container.placement.algorithms.SCMContainerPlacementRandom
2022-08-03 01:52:55,497 [main] INFO  algorithms.ContainerPlacementPolicyFactory (ContainerPlacementPolicyFactory.java:getPolicyInternal(86)) - Create container placement policy of type org.apache.hadoop.hdds.scm.container.placement.algorithms.SCMContainerPlacementRackScatter
2022-08-03 01:52:55,523 [main] INFO  pipeline.PipelineStateManagerImpl (PipelineStateManagerImpl.java:initialize(78)) - No pipeline exists in current db
2022-08-03 01:52:55,564 [main] INFO  algorithms.LeaderChoosePolicyFactory (LeaderChoosePolicyFactory.java:getPolicy(57)) - Create leader choose policy of type org.apache.hadoop.hdds.scm.pipeline.leader.choose.algorithms.MinLeaderCountChoosePolicy
2022-08-03 01:52:55,565 [main] INFO  algorithms.ContainerPlacementPolicyFactory (ContainerPlacementPolicyFactory.java:getPolicyInternal(86)) - Create container placement policy of type org.apache.hadoop.hdds.scm.container.placement.algorithms.SCMContainerPlacementRackScatter
2022-08-03 01:52:55,573 [main] INFO  ha.SCMServiceManager (SCMServiceManager.java:register(42)) - Registering service BackgroundPipelineCreator.
2022-08-03 01:52:55,573 [main] INFO  pipeline.BackgroundPipelineCreator (BackgroundPipelineCreator.java:start(124)) - Starting RatisPipelineUtilsThread.
2022-08-03 01:52:55,577 [main] INFO  BackgroundPipelineScrubber (BackgroundSCMService.java:start(68)) - Starting BackgroundPipelineScrubber Service.
2022-08-03 01:52:55,579 [main] INFO  ha.SCMServiceManager (SCMServiceManager.java:register(42)) - Registering service BackgroundPipelineScrubber.
2022-08-03 01:52:55,587 [main] INFO  ExpiredContainerReplicaOpScrubber (BackgroundSCMService.java:start(68)) - Starting ExpiredContainerReplicaOpScrubber Service.
2022-08-03 01:52:55,588 [main] INFO  ha.SCMServiceManager (SCMServiceManager.java:register(42)) - Registering service ExpiredContainerReplicaOpScrubber.
2022-08-03 01:52:55,624 [main] INFO  algorithms.PipelineChoosePolicyFactory (PipelineChoosePolicyFactory.java:createPipelineChoosePolicyFromClass(73)) - Create pipeline choose policy of type org.apache.hadoop.hdds.scm.pipeline.choose.algorithms.RandomPipelineChoosePolicy
2022-08-03 01:52:55,650 [main] INFO  ha.SCMServiceManager (SCMServiceManager.java:register(42)) - Registering service SCMBlockDeletingService.
2022-08-03 01:52:55,694 [main] INFO  replication.ReplicationManager (ReplicationManager.java:start(200)) - Starting Replication Monitor Thread.
2022-08-03 01:52:55,712 [main] INFO  UnderReplicatedQueueThread (BackgroundSCMService.java:start(68)) - Starting UnderReplicatedQueueThread Service.
2022-08-03 01:52:55,713 [ReplicationMonitor] INFO  replication.ReplicationManager (ReplicationManager.java:processAll(249)) - Replication Manager is not ready to run until 3000ms after safemode exit
2022-08-03 01:52:55,713 [main] INFO  ha.SCMServiceManager (SCMServiceManager.java:register(42)) - Registering service UnderReplicatedQueueThread.
2022-08-03 01:52:55,715 [main] INFO  OverReplicatedQueueThread (BackgroundSCMService.java:start(68)) - Starting OverReplicatedQueueThread Service.
2022-08-03 01:52:55,715 [main] INFO  ha.SCMServiceManager (SCMServiceManager.java:register(42)) - Registering service OverReplicatedQueueThread.
2022-08-03 01:52:55,716 [main] INFO  ha.SCMServiceManager (SCMServiceManager.java:register(42)) - Registering service ReplicationManager.
2022-08-03 01:52:55,733 [main] INFO  safemode.ContainerSafeModeRule (ContainerSafeModeRule.java:<init>(89)) - containers with one replica threshold count 0
2022-08-03 01:52:55,738 [main] INFO  safemode.HealthyPipelineSafeModeRule (HealthyPipelineSafeModeRule.java:initializeRule(169)) - Total pipeline count is 0, healthy pipeline threshold count is 1
2022-08-03 01:52:55,741 [main] INFO  safemode.OneReplicaPipelineSafeModeRule (OneReplicaPipelineSafeModeRule.java:initializeRule(180)) - Total pipeline count is 0, pipeline's with at least one datanode reported threshold count is 0
2022-08-03 01:52:56,105 [main] INFO  audit.AuditLogger (AuditLogger.java:refreshDebugCmdSet(126)) - Refresh DebugCmdSet for SCMAudit to [].
2022-08-03 01:52:56,138 [main] INFO  ipc.CallQueueManager (CallQueueManager.java:<init>(90)) - Using callQueue: class java.util.concurrent.LinkedBlockingQueue, queueCapacity: 2000, scheduler: class org.apache.hadoop.ipc.DefaultRpcScheduler, ipcBackoff: false.
2022-08-03 01:52:56,182 [Socket Reader #1 for port 0] INFO  ipc.Server (Server.java:run(1265)) - Starting Socket Reader #1 for port 0
2022-08-03 01:52:56,259 [Listener at 0.0.0.0/46105] INFO  audit.AuditLogger (AuditLogger.java:refreshDebugCmdSet(126)) - Refresh DebugCmdSet for SCMAudit to [].
2022-08-03 01:52:56,268 [Listener at 0.0.0.0/46105] INFO  ipc.CallQueueManager (CallQueueManager.java:<init>(90)) - Using callQueue: class java.util.concurrent.LinkedBlockingQueue, queueCapacity: 2000, scheduler: class org.apache.hadoop.ipc.DefaultRpcScheduler, ipcBackoff: false.
2022-08-03 01:52:56,270 [Socket Reader #1 for port 0] INFO  ipc.Server (Server.java:run(1265)) - Starting Socket Reader #1 for port 0
2022-08-03 01:52:56,315 [Listener at 0.0.0.0/43477] INFO  audit.AuditLogger (AuditLogger.java:refreshDebugCmdSet(126)) - Refresh DebugCmdSet for SCMAudit to [].
2022-08-03 01:52:56,327 [Listener at 0.0.0.0/43477] INFO  ipc.CallQueueManager (CallQueueManager.java:<init>(90)) - Using callQueue: class java.util.concurrent.LinkedBlockingQueue, queueCapacity: 2000, scheduler: class org.apache.hadoop.ipc.DefaultRpcScheduler, ipcBackoff: false.
2022-08-03 01:52:56,328 [Socket Reader #1 for port 0] INFO  ipc.Server (Server.java:run(1265)) - Starting Socket Reader #1 for port 0
2022-08-03 01:52:56,427 [Listener at 0.0.0.0/39603] INFO  ha.SCMServiceManager (SCMServiceManager.java:register(42)) - Registering service ContainerBalancer.
2022-08-03 01:52:56,429 [Listener at 0.0.0.0/39603] INFO  server.StorageContainerManager (StorageContainerManager.java:<init>(406)) - 
Container Balancer status:
Key                            Value
Running                        false
Container Balancer Configuration values:
Key                                                Value
Threshold                                          10
Max Datanodes to Involve per Iteration(percent)    20
Max Size to Move per Iteration                     500GB
Max Size Entering Target per Iteration             26GB
Max Size Leaving Source per Iteration              26GB

2022-08-03 01:52:56,430 [Listener at 0.0.0.0/39603] WARN  events.EventQueue (EventQueue.java:fireEvent(216)) - No event handler registered for event TypedEvent{payloadType=SafeModeStatus, name='Safe mode status'}
2022-08-03 01:52:56,430 [Listener at 0.0.0.0/39603] INFO  ha.SCMContext (SCMContext.java:updateSafeModeStatus(228)) - Update SafeModeStatus from SafeModeStatus{safeModeStatus=true, preCheckPassed=false} to SafeModeStatus{safeModeStatus=true, preCheckPassed=false}.
2022-08-03 01:52:56,433 [Listener at 0.0.0.0/39603] INFO  server.StorageContainerManager (StorageContainerManager.java:start(1460)) - StorageContainerLocationProtocol RPC server is listening at /0.0.0.0:39603
2022-08-03 01:52:56,504 [Listener at 0.0.0.0/39603] WARN  impl.MetricsConfig (MetricsConfig.java:loadFirst(136)) - Cannot locate configuration: tried hadoop-metrics2-storagecontainermanager.properties,hadoop-metrics2.properties
2022-08-03 01:52:56,524 [Listener at 0.0.0.0/39603] INFO  impl.MetricsSystemImpl (MetricsSystemImpl.java:startTimer(378)) - Scheduled Metric snapshot period at 10 second(s).
2022-08-03 01:52:56,525 [Listener at 0.0.0.0/39603] INFO  impl.MetricsSystemImpl (MetricsSystemImpl.java:start(191)) - StorageContainerManager metrics system started
2022-08-03 01:52:56,823 [Listener at 0.0.0.0/39603] INFO  server.SCMClientProtocolServer (SCMClientProtocolServer.java:start(170)) - RPC server for Client  is listening at /0.0.0.0:39603
2022-08-03 01:52:56,823 [IPC Server Responder] INFO  ipc.Server (Server.java:run(1507)) - IPC Server Responder: starting
2022-08-03 01:52:56,825 [IPC Server listener on 0] INFO  ipc.Server (Server.java:run(1344)) - IPC Server listener on 0: starting
2022-08-03 01:52:56,842 [Listener at 0.0.0.0/39603] INFO  server.StorageContainerManager (StorageContainerManager.java:start(1475)) - ScmBlockLocationProtocol RPC server is listening at /0.0.0.0:43477
2022-08-03 01:52:56,843 [Listener at 0.0.0.0/39603] INFO  server.SCMBlockProtocolServer (SCMBlockProtocolServer.java:start(152)) - RPC server for Block Protocol is listening at /0.0.0.0:43477
2022-08-03 01:52:56,844 [IPC Server Responder] INFO  ipc.Server (Server.java:run(1507)) - IPC Server Responder: starting
2022-08-03 01:52:56,844 [IPC Server listener on 0] INFO  ipc.Server (Server.java:run(1344)) - IPC Server listener on 0: starting
2022-08-03 01:52:56,850 [Listener at 0.0.0.0/39603] INFO  server.SCMDatanodeProtocolServer (SCMDatanodeProtocolServer.java:start(186)) - ScmDatanodeProtocol RPC server for DataNodes is listening at /0.0.0.0:46105
2022-08-03 01:52:56,851 [IPC Server Responder] INFO  ipc.Server (Server.java:run(1507)) - IPC Server Responder: starting
2022-08-03 01:52:56,852 [IPC Server listener on 0] INFO  ipc.Server (Server.java:run(1344)) - IPC Server listener on 0: starting
2022-08-03 01:52:56,870 [org.apache.hadoop.util.JvmPauseMonitor$Monitor@380e3122] INFO  util.JvmPauseMonitor (JvmPauseMonitor.java:run(188)) - Starting JVM pause monitor
2022-08-03 01:52:56,887 [Listener at 0.0.0.0/39603] INFO  http.BaseHttpServer (BaseHttpServer.java:newHttpServer2BuilderForOzone(209)) - Starting Web-server for scm at: http://0.0.0.0:0
2022-08-03 01:52:56,888 [Listener at 0.0.0.0/39603] INFO  http.BaseHttpServer (BaseHttpServer.java:<init>(107)) - Hadoop Security Enabled: false Ozone Security Enabled: false Ozone HTTP Security Enabled: false 
2022-08-03 01:52:56,916 [Listener at 0.0.0.0/39603] INFO  util.log (Log.java:initialized(170)) - Logging initialized @4773ms to org.eclipse.jetty.util.log.Slf4jLog
2022-08-03 01:52:57,049 [Listener at 0.0.0.0/39603] INFO  server.AuthenticationFilter (AuthenticationFilter.java:constructSecretProvider(240)) - Unable to initialize FileSignerSecretProvider, falling back to use random secrets.
2022-08-03 01:52:57,059 [Listener at 0.0.0.0/39603] WARN  http.HttpRequestLog (HttpRequestLog.java:getRequestLog(103)) - Jetty request log can only be enabled using Log4j
2022-08-03 01:52:57,069 [Listener at 0.0.0.0/39603] INFO  http.HttpServer2 (HttpServer2.java:addGlobalFilter(1029)) - Added global filter 'safety' (class=org.apache.hadoop.hdds.server.http.HttpServer2$QuotingInputFilter)
2022-08-03 01:52:57,073 [Listener at 0.0.0.0/39603] INFO  http.HttpServer2 (HttpServer2.java:addFilter(1005)) - Added filter static_user_filter (class=org.apache.hadoop.http.lib.StaticUserWebFilter$StaticUserFilter) to context scm
2022-08-03 01:52:57,074 [Listener at 0.0.0.0/39603] INFO  http.HttpServer2 (HttpServer2.java:addFilter(1013)) - Added filter static_user_filter (class=org.apache.hadoop.http.lib.StaticUserWebFilter$StaticUserFilter) to context logs
2022-08-03 01:52:57,074 [Listener at 0.0.0.0/39603] INFO  http.HttpServer2 (HttpServer2.java:addFilter(1013)) - Added filter static_user_filter (class=org.apache.hadoop.http.lib.StaticUserWebFilter$StaticUserFilter) to context static
2022-08-03 01:52:57,117 [Listener at 0.0.0.0/39603] INFO  http.HttpServer2 (HttpServer2.java:bindListener(1248)) - Jetty bound to port 37829
2022-08-03 01:52:57,119 [Listener at 0.0.0.0/39603] INFO  server.Server (Server.java:doStart(375)) - jetty-9.4.43.v20210629; built: 2021-06-30T11:07:22.254Z; git: 526006ecfa3af7f1a27ef3a288e2bef7ea9dd7e8; jvm 1.8.0_332-b09
2022-08-03 01:52:57,153 [Listener at 0.0.0.0/39603] INFO  server.session (DefaultSessionIdManager.java:doStart(334)) - DefaultSessionIdManager workerName=node0
2022-08-03 01:52:57,153 [Listener at 0.0.0.0/39603] INFO  server.session (DefaultSessionIdManager.java:doStart(339)) - No SessionScavenger set, using defaults
2022-08-03 01:52:57,155 [Listener at 0.0.0.0/39603] INFO  server.session (HouseKeeper.java:startScavenging(132)) - node0 Scavenging every 660000ms
2022-08-03 01:52:57,168 [Listener at 0.0.0.0/39603] INFO  handler.ContextHandler (ContextHandler.java:doStart(915)) - Started o.e.j.s.ServletContextHandler@e2696e8{logs,/logs,file:///home/runner/work/ozone/ozone/hadoop-ozone/integration-test/target/log,AVAILABLE}
2022-08-03 01:52:57,169 [Listener at 0.0.0.0/39603] INFO  handler.ContextHandler (ContextHandler.java:doStart(915)) - Started o.e.j.s.ServletContextHandler@40696fc6{static,/static,file:///home/runner/work/ozone/ozone/hadoop-ozone/integration-test/target/test-classes/webapps/static,AVAILABLE}
2022-08-03 01:52:57,222 [Listener at 0.0.0.0/39603] INFO  handler.ContextHandler (ContextHandler.java:doStart(915)) - Started o.e.j.w.WebAppContext@3f465ae{scm,/,file:///home/runner/work/ozone/ozone/hadoop-ozone/integration-test/target/test-classes/webapps/scm/,AVAILABLE}{file:/home/runner/work/ozone/ozone/hadoop-ozone/integration-test/target/test-classes/webapps/scm}
2022-08-03 01:52:57,233 [Listener at 0.0.0.0/39603] INFO  server.AbstractConnector (AbstractConnector.java:doStart(331)) - Started ServerConnector@28521ed5{HTTP/1.1, (http/1.1)}{0.0.0.0:37829}
2022-08-03 01:52:57,234 [Listener at 0.0.0.0/39603] INFO  server.Server (Server.java:doStart(415)) - Started @5090ms
2022-08-03 01:52:57,240 [Listener at 0.0.0.0/39603] INFO  impl.MetricsSinkAdapter (MetricsSinkAdapter.java:start(204)) - Sink prometheus started
2022-08-03 01:52:57,241 [Listener at 0.0.0.0/39603] INFO  impl.MetricsSystemImpl (MetricsSystemImpl.java:registerSink(305)) - Registered sink prometheus
2022-08-03 01:52:57,243 [Listener at 0.0.0.0/39603] INFO  http.BaseHttpServer (BaseHttpServer.java:updateConnectorAddress(329)) - HTTP server of scm listening at http://0.0.0.0:37829
2022-08-03 01:52:57,244 [Listener at 0.0.0.0/39603] WARN  server.ServerUtils (ServerUtils.java:getDBPath(225)) - ozone.om.db.dirs is not configured. We recommend adding this setting. Falling back to ozone.metadata.dirs instead.
2022-08-03 01:52:57,326 [Listener at 0.0.0.0/39603] INFO  audit.AuditLogger (AuditLogger.java:refreshDebugCmdSet(126)) - Refresh DebugCmdSet for OMAudit to [].
2022-08-03 01:52:57,411 [Listener at 0.0.0.0/39603] INFO  ha.OMHANodeDetails (OMHANodeDetails.java:loadOMHAConfig(115)) - ozone.om.internal.service.id is not defined, falling back to ozone.om.service.ids to find serviceID for OzoneManager if it is HA enabled cluster
2022-08-03 01:52:57,420 [Listener at 0.0.0.0/39603] INFO  ha.OMHANodeDetails (OMHANodeDetails.java:loadOMHAConfig(226)) - Configuration does not have ozone.om.address set. Falling back to the default OM address /127.0.0.1:0
2022-08-03 01:52:57,420 [Listener at 0.0.0.0/39603] INFO  ha.OMHANodeDetails (OMHANodeDetails.java:getOMNodeDetailsForNonHA(254)) - OM Service ID is not set. Setting it to the default ID: omServiceIdDefault
2022-08-03 01:52:57,420 [Listener at 0.0.0.0/39603] INFO  ha.OMHANodeDetails (OMHANodeDetails.java:getOMNodeDetailsForNonHA(261)) - OM Node ID is not set. Setting it to the default ID: om1
2022-08-03 01:52:57,426 [Listener at 0.0.0.0/39603] WARN  server.ServerUtils (ServerUtils.java:getDBPath(225)) - ozone.om.db.dirs is not configured. We recommend adding this setting. Falling back to ozone.metadata.dirs instead.
2022-08-03 01:52:57,428 [Listener at 0.0.0.0/39603] INFO  upgrade.AbstractLayoutVersionManager (AbstractLayoutVersionManager.java:init(83)) - Initializing Layout version manager with metadata layout = MULTITENANCY_SCHEMA (version = 3), software layout = MULTITENANCY_SCHEMA (version = 3)
2022-08-03 01:52:57,517 [Listener at 0.0.0.0/39603] INFO  reflections.Reflections (Reflections.java:scan(232)) - Reflections took 84 ms to scan 2 urls, producing 152 keys and 424 values [using 2 cores]
2022-08-03 01:52:57,527 [Listener at 0.0.0.0/39603] INFO  upgrade.OMLayoutVersionManager (OMLayoutVersionManager.java:lambda$0(115)) - Skipping Upgrade Action MockOmUpgradeAction since it has been finalized.
2022-08-03 01:52:57,533 [Listener at 0.0.0.0/39603] WARN  server.ServerUtils (ServerUtils.java:getDBPath(225)) - ozone.om.db.dirs is not configured. We recommend adding this setting. Falling back to ozone.metadata.dirs instead.
2022-08-03 01:52:57,721 [Listener at 0.0.0.0/39603] INFO  proxy.SCMBlockLocationFailoverProxyProvider (SCMBlockLocationFailoverProxyProvider.java:<init>(114)) - Created block location fail-over proxy with 1 nodes: [nodeId=scmNodeId,nodeAddress=/0.0.0.0:43477]
2022-08-03 01:52:57,751 [Listener at 0.0.0.0/39603] INFO  proxy.SCMBlockLocationFailoverProxyProvider (SCMBlockLocationFailoverProxyProvider.java:<init>(114)) - Created block location fail-over proxy with 1 nodes: [nodeId=scmNodeId,nodeAddress=/0.0.0.0:43477]
2022-08-03 01:52:58,001 [Listener at 0.0.0.0/39603] WARN  server.ServerUtils (ServerUtils.java:getDBPath(225)) - ozone.om.db.dirs is not configured. We recommend adding this setting. Falling back to ozone.metadata.dirs instead.
2022-08-03 01:52:58,008 [Listener at 0.0.0.0/39603] INFO  codec.OmKeyInfoCodec (OmKeyInfoCodec.java:<init>(49)) - OmKeyInfoCodec ignorePipeline = true
2022-08-03 01:52:58,009 [Listener at 0.0.0.0/39603] INFO  codec.RepeatedOmKeyInfoCodec (RepeatedOmKeyInfoCodec.java:<init>(41)) - RepeatedOmKeyInfoCodec ignorePipeline = true
2022-08-03 01:52:58,190 [Listener at 0.0.0.0/39603] INFO  om.OzoneManager (OzoneManager.java:instantiateServices(696)) - S3 Multi-Tenancy is disabled
2022-08-03 01:52:58,301 [Listener at 0.0.0.0/39603] INFO  om.OzoneManager (OzoneManager.java:addS3GVolumeToDB(4307)) - Created Volume s3v With Owner runner required for S3Gateway operations.
2022-08-03 01:52:58,353 [Listener at 0.0.0.0/39603] WARN  server.ServerUtils (ServerUtils.java:getDefaultRatisDirectory(237)) - Storage directory for Ratis is not configured. It is a good idea to map this to an SSD disk. Falling back to ozone.metadata.dirs
2022-08-03 01:52:58,353 [Listener at 0.0.0.0/39603] WARN  utils.OzoneManagerRatisUtils (OzoneManagerRatisUtils.java:getOMRatisSnapshotDirectory(431)) - ozone.om.ratis.snapshot.dir is not configured. Falling back to ozone.metadata.dirs config
2022-08-03 01:52:58,375 [Listener at 0.0.0.0/39603] WARN  server.ServerUtils (ServerUtils.java:getDefaultRatisDirectory(237)) - Storage directory for Ratis is not configured. It is a good idea to map this to an SSD disk. Falling back to ozone.metadata.dirs
2022-08-03 01:52:58,408 [Listener at 0.0.0.0/39603] INFO  ratis.OzoneManagerRatisServer (OzoneManagerRatisServer.java:<init>(159)) - Instantiating OM Ratis server with groupID: omServiceIdDefault and peers: localhost:9872
2022-08-03 01:52:58,418 [Listener at 0.0.0.0/39603] INFO  ratis.OzoneManagerStateMachine (OzoneManagerStateMachine.java:loadSnapshotInfoFromDB(632)) - LastAppliedIndex is set from TransactionInfo from OM DB as (t:0, i:~)
2022-08-03 01:52:58,470 [Listener at 0.0.0.0/39603] INFO  server.RaftServer (ConfUtils.java:logGet(46)) - raft.rpc.type = GRPC (default)
2022-08-03 01:52:58,555 [Listener at 0.0.0.0/39603] INFO  grpc.GrpcFactory (GrpcFactory.java:checkPooledByteBufAllocatorUseCacheForAllThreads(48)) - PERFORMANCE WARNING: useCacheForAllThreads is true that may cause Netty to create a lot garbage objects and, as a result, trigger GC.
	It is recommended to disable useCacheForAllThreads by setting -Dorg.apache.ratis.thirdparty.io.netty.allocator.useCacheForAllThreads=false in command line.
2022-08-03 01:52:58,559 [Listener at 0.0.0.0/39603] INFO  grpc.GrpcConfigKeys (ConfUtils.java:logGet(46)) - raft.grpc.admin.port = -1 (default)
2022-08-03 01:52:58,560 [Listener at 0.0.0.0/39603] INFO  grpc.GrpcConfigKeys (ConfUtils.java:logGet(46)) - raft.grpc.server.port = 9872 (custom)
2022-08-03 01:52:58,560 [Listener at 0.0.0.0/39603] INFO  grpc.GrpcConfigKeys (ConfUtils.java:logGet(46)) - raft.grpc.client.port = -1 (default)
2022-08-03 01:52:58,561 [Listener at 0.0.0.0/39603] INFO  grpc.GrpcConfigKeys (ConfUtils.java:logGet(46)) - raft.grpc.server.port = 9872 (custom)
2022-08-03 01:52:58,561 [Listener at 0.0.0.0/39603] INFO  grpc.GrpcConfigKeys (ConfUtils.java:logGet(46)) - raft.grpc.server.port = 9872 (custom)
2022-08-03 01:52:58,562 [Listener at 0.0.0.0/39603] INFO  server.GrpcService (ConfUtils.java:logGet(46)) - raft.grpc.message.size.max = 33554432 (custom)
2022-08-03 01:52:58,563 [Listener at 0.0.0.0/39603] INFO  server.RaftServerConfigKeys (ConfUtils.java:logGet(46)) - raft.server.log.appender.buffer.byte-limit = 33554432 (custom)
2022-08-03 01:52:58,563 [Listener at 0.0.0.0/39603] INFO  server.GrpcService (ConfUtils.java:logGet(46)) - raft.grpc.flow.control.window = 1MB (=1048576) (default)
2022-08-03 01:52:58,564 [Listener at 0.0.0.0/39603] INFO  server.RaftServerConfigKeys (ConfUtils.java:logGet(46)) - raft.server.rpc.request.timeout = 3000ms (default)
2022-08-03 01:52:58,582 [Listener at 0.0.0.0/39603] INFO  grpc.GrpcConfigKeys (ConfUtils.java:logGet(46)) - raft.grpc.server.async.request.thread.pool.cached = true (default)
2022-08-03 01:52:58,582 [Listener at 0.0.0.0/39603] INFO  grpc.GrpcConfigKeys (ConfUtils.java:logGet(46)) - raft.grpc.server.async.request.thread.pool.size = 32 (default)
2022-08-03 01:52:58,903 [Listener at 0.0.0.0/39603] INFO  impl.DataStreamServerImpl (ConfUtils.java:logGet(46)) - raft.datastream.type = DISABLED (default)
2022-08-03 01:52:58,908 [Listener at 0.0.0.0/39603] INFO  server.RaftServerConfigKeys (ConfUtils.java:logGet(46)) - raft.server.threadpool.proxy.cached = true (default)
2022-08-03 01:52:58,909 [Listener at 0.0.0.0/39603] INFO  server.RaftServerConfigKeys (ConfUtils.java:logGet(46)) - raft.server.threadpool.proxy.size = 0 (default)
2022-08-03 01:52:58,909 [Listener at 0.0.0.0/39603] INFO  server.RaftServerConfigKeys (ConfUtils.java:logGet(46)) - raft.server.rpc.slowness.timeout = 120s (custom)
2022-08-03 01:52:58,909 [Listener at 0.0.0.0/39603] INFO  server.RaftServerConfigKeys (ConfUtils.java:logGet(46)) - raft.server.leaderelection.leader.step-down.wait-time = 10s (default)
2022-08-03 01:52:58,913 [Listener at 0.0.0.0/39603] INFO  server.RaftServerConfigKeys (ConfUtils.java:logGet(46)) - raft.server.storage.dir = [/home/runner/work/ozone/ozone/hadoop-ozone/integration-test/target/test-dir/MiniOzoneClusterImpl-6a096081-edc2-4b52-80a3-ccd1f0f4fae5/ozone-meta/ratis] (custom)
2022-08-03 01:52:58,926 [Listener at 0.0.0.0/39603] INFO  server.RaftServer (RaftServerProxy.java:addNew(96)) - om1: addNew group-C5BA1605619E:[om1|rpc:localhost:9872|priority:0] returns group-C5BA1605619E:java.util.concurrent.CompletableFuture@1613d1c[Not completed]
2022-08-03 01:52:58,926 [Listener at 0.0.0.0/39603] INFO  om.OzoneManager (OzoneManager.java:initializeRatisServer(1962)) - OzoneManager Ratis server initialized at port 9872
2022-08-03 01:52:58,953 [Listener at 0.0.0.0/39603] INFO  om.OzoneManager (OzoneManager.java:getRpcServer(1085)) - Creating RPC Server
2022-08-03 01:52:58,990 [pool-55-thread-1] INFO  server.RaftServer$Division (RaftServerImpl.java:<init>(190)) - om1: new RaftServerImpl for group-C5BA1605619E:[om1|rpc:localhost:9872|priority:0] with OzoneManagerStateMachine:uninitialized
2022-08-03 01:52:58,994 [pool-55-thread-1] INFO  server.RaftServerConfigKeys (ConfUtils.java:logGet(46)) - raft.server.rpc.timeout.min = 1s (custom)
2022-08-03 01:52:58,995 [pool-55-thread-1] INFO  server.RaftServerConfigKeys (ConfUtils.java:logGet(46)) - raft.server.rpc.timeout.max = 1200ms (custom)
2022-08-03 01:52:58,995 [pool-55-thread-1] INFO  server.RaftServerConfigKeys (ConfUtils.java:logGet(46)) - raft.server.rpc.sleep.time = 25ms (default)
2022-08-03 01:52:58,995 [pool-55-thread-1] INFO  server.RaftServerConfigKeys (ConfUtils.java:logGet(46)) - raft.server.rpc.slowness.timeout = 120s (custom)
2022-08-03 01:52:58,995 [pool-55-thread-1] INFO  server.RaftServerConfigKeys (ConfUtils.java:logGet(46)) - raft.server.leaderelection.leader.step-down.wait-time = 10s (default)
2022-08-03 01:52:58,995 [pool-55-thread-1] INFO  server.RaftServerConfigKeys (ConfUtils.java:logGet(46)) - raft.server.sleep.deviation.threshold = 300ms (default)
2022-08-03 01:52:59,013 [pool-55-thread-1] INFO  server.RaftServer$Division (ServerState.java:<init>(107)) - om1@group-C5BA1605619E: ConfigurationManager, init=-1: [om1|rpc:localhost:9872|priority:0], old=null, confs=<EMPTY_MAP>
2022-08-03 01:52:59,013 [pool-55-thread-1] INFO  server.RaftServerConfigKeys (ConfUtils.java:logGet(46)) - raft.server.storage.dir = [/home/runner/work/ozone/ozone/hadoop-ozone/integration-test/target/test-dir/MiniOzoneClusterImpl-6a096081-edc2-4b52-80a3-ccd1f0f4fae5/ozone-meta/ratis] (custom)
2022-08-03 01:52:59,044 [pool-55-thread-1] INFO  server.RaftServerConfigKeys (ConfUtils.java:logGet(46)) - raft.server.log.corruption.policy = EXCEPTION (default)
2022-08-03 01:52:59,045 [pool-55-thread-1] INFO  server.RaftServerConfigKeys (ConfUtils.java:logGet(46)) - raft.server.storage.free-space.min = 0MB (=0) (default)
2022-08-03 01:52:59,046 [pool-55-thread-1] INFO  storage.RaftStorageDirectory (RaftStorageDirectoryImpl.java:analyzeStorage(135)) - The storage directory /home/runner/work/ozone/ozone/hadoop-ozone/integration-test/target/test-dir/MiniOzoneClusterImpl-6a096081-edc2-4b52-80a3-ccd1f0f4fae5/ozone-meta/ratis/bf265839-605b-3f16-9796-c5ba1605619e does not exist. Creating ...
2022-08-03 01:52:59,061 [pool-55-thread-1] INFO  storage.RaftStorageDirectory (RaftStorageDirectoryImpl.java:tryLock(230)) - Lock on /home/runner/work/ozone/ozone/hadoop-ozone/integration-test/target/test-dir/MiniOzoneClusterImpl-6a096081-edc2-4b52-80a3-ccd1f0f4fae5/ozone-meta/ratis/bf265839-605b-3f16-9796-c5ba1605619e/in_use.lock acquired by nodename 17687@fv-az199-929
2022-08-03 01:52:59,068 [pool-55-thread-1] INFO  storage.RaftStorage (RaftStorageImpl.java:format(89)) - Storage directory /home/runner/work/ozone/ozone/hadoop-ozone/integration-test/target/test-dir/MiniOzoneClusterImpl-6a096081-edc2-4b52-80a3-ccd1f0f4fae5/ozone-meta/ratis/bf265839-605b-3f16-9796-c5ba1605619e has been successfully formatted.
2022-08-03 01:52:59,103 [pool-55-thread-1] INFO  server.RaftServerConfigKeys (ConfUtils.java:logGet(46)) - raft.server.notification.no-leader.timeout = 120s (custom)
2022-08-03 01:52:59,105 [pool-55-thread-1] INFO  server.RaftServerConfigKeys (ConfUtils.java:logGet(46)) - raft.server.log.use.memory = false (default)
2022-08-03 01:52:59,136 [pool-55-thread-1] INFO  server.RaftServerConfigKeys (ConfUtils.java:logGet(46)) - raft.server.log.purge.gap = 1000000 (custom)
2022-08-03 01:52:59,136 [pool-55-thread-1] INFO  server.RaftServerConfigKeys (ConfUtils.java:logGet(46)) - raft.server.log.appender.buffer.byte-limit = 33554432 (custom)
2022-08-03 01:52:59,139 [pool-55-thread-1] INFO  server.RaftServerConfigKeys (ConfUtils.java:logGet(46)) - raft.server.log.statemachine.data.read.timeout = 1000ms (default)
2022-08-03 01:52:59,171 [pool-55-thread-1] INFO  server.RaftServerConfigKeys (ConfUtils.java:logGet(46)) - raft.server.log.segment.size.max = 4194304 (custom)
2022-08-03 01:52:59,201 [pool-55-thread-1] INFO  server.RaftServerConfigKeys (ConfUtils.java:logGet(46)) - raft.server.log.segment.cache.num.max = 2 (custom)
2022-08-03 01:52:59,202 [pool-55-thread-1] INFO  server.RaftServerConfigKeys (ConfUtils.java:logGet(46)) - raft.server.log.segment.cache.size.max = 200MB (=209715200) (default)
2022-08-03 01:52:59,222 [pool-55-thread-1] INFO  segmented.SegmentedRaftLogWorker (SegmentedRaftLogWorker.java:<init>(187)) - new om1@group-C5BA1605619E-SegmentedRaftLogWorker for RaftStorageImpl:Storage Directory /home/runner/work/ozone/ozone/hadoop-ozone/integration-test/target/test-dir/MiniOzoneClusterImpl-6a096081-edc2-4b52-80a3-ccd1f0f4fae5/ozone-meta/ratis/bf265839-605b-3f16-9796-c5ba1605619e
2022-08-03 01:52:59,223 [pool-55-thread-1] INFO  server.RaftServerConfigKeys (ConfUtils.java:logGet(46)) - raft.server.log.queue.byte-limit = 64MB (=67108864) (default)
2022-08-03 01:52:59,224 [pool-55-thread-1] INFO  server.RaftServerConfigKeys (ConfUtils.java:logGet(46)) - raft.server.log.queue.element-limit = 4096 (default)
2022-08-03 01:52:59,225 [pool-55-thread-1] INFO  server.RaftServerConfigKeys (ConfUtils.java:logGet(46)) - raft.server.log.segment.size.max = 4194304 (custom)
2022-08-03 01:52:59,225 [pool-55-thread-1] INFO  server.RaftServerConfigKeys (ConfUtils.java:logGet(46)) - raft.server.log.preallocated.size = 4194304 (custom)
2022-08-03 01:52:59,226 [pool-55-thread-1] INFO  server.RaftServerConfigKeys (ConfUtils.java:logGet(46)) - raft.server.log.force.sync.num = 128 (default)
2022-08-03 01:52:59,227 [pool-55-thread-1] INFO  server.RaftServerConfigKeys (ConfUtils.java:logGet(46)) - raft.server.log.statemachine.data.sync = true (default)
2022-08-03 01:52:59,227 [pool-55-thread-1] INFO  server.RaftServerConfigKeys (ConfUtils.java:logGet(46)) - raft.server.log.statemachine.data.sync.timeout = 10s (default)
2022-08-03 01:52:59,228 [pool-55-thread-1] INFO  server.RaftServerConfigKeys (ConfUtils.java:logGet(46)) - raft.server.log.statemachine.data.sync.timeout.retry = -1 (default)
2022-08-03 01:52:59,267 [pool-55-thread-1] INFO  server.RaftServerConfigKeys (ConfUtils.java:logGet(46)) - raft.server.log.write.buffer.size = 64KB (=65536) (default)
2022-08-03 01:52:59,268 [pool-55-thread-1] INFO  server.RaftServerConfigKeys (ConfUtils.java:logGet(46)) - raft.server.log.unsafe-flush.enabled = false (default)
2022-08-03 01:52:59,268 [pool-55-thread-1] INFO  server.RaftServerConfigKeys (ConfUtils.java:logGet(46)) - raft.server.log.statemachine.data.caching.enabled = false (default)
2022-08-03 01:52:59,290 [pool-55-thread-1] INFO  segmented.SegmentedRaftLogWorker (SegmentedRaftLogWorker.java:lambda$new$0(135)) - om1@group-C5BA1605619E-SegmentedRaftLogWorker: flushIndex: setUnconditionally 0 -> -1
2022-08-03 01:52:59,290 [pool-55-thread-1] INFO  segmented.SegmentedRaftLogWorker (SegmentedRaftLogWorker.java:lambda$new$0(135)) - om1@group-C5BA1605619E-SegmentedRaftLogWorker: safeCacheEvictIndex: setUnconditionally 0 -> -1
2022-08-03 01:52:59,295 [pool-55-thread-1] INFO  server.RaftServerConfigKeys (ConfUtils.java:logGet(46)) - raft.server.snapshot.auto.trigger.enabled = true (custom)
2022-08-03 01:52:59,295 [pool-55-thread-1] INFO  server.RaftServerConfigKeys (ConfUtils.java:logGet(46)) - raft.server.snapshot.auto.trigger.threshold = 400000 (default)
2022-08-03 01:52:59,296 [pool-55-thread-1] INFO  server.RaftServerConfigKeys (ConfUtils.java:logGet(46)) - raft.server.snapshot.retention.file.num = -1 (default)
2022-08-03 01:52:59,297 [pool-55-thread-1] INFO  server.RaftServerConfigKeys (ConfUtils.java:logGet(46)) - raft.server.log.purge.upto.snapshot.index = true (custom)
2022-08-03 01:52:59,299 [pool-55-thread-1] INFO  server.RaftServerConfigKeys (ConfUtils.java:logGet(46)) - raft.server.retrycache.expirytime = 300s (custom)
2022-08-03 01:52:59,299 [pool-55-thread-1] INFO  server.RaftServerConfigKeys (ConfUtils.java:logGet(46)) - raft.server.retrycache.statistics.expirytime = 100μs (default)
2022-08-03 01:52:59,454 [pool-55-thread-1] INFO  server.RaftServerConfigKeys (ConfUtils.java:logGet(46)) - raft.server.log.appender.install.snapshot.enabled = false (custom)
2022-08-03 01:52:59,454 [pool-55-thread-1] INFO  server.RaftServerConfigKeys (ConfUtils.java:logGet(46)) - raft.server.threadpool.server.cached = true (default)
2022-08-03 01:52:59,462 [pool-55-thread-1] INFO  server.RaftServerConfigKeys (ConfUtils.java:logGet(46)) - raft.server.threadpool.server.size = 0 (default)
2022-08-03 01:52:59,463 [pool-55-thread-1] INFO  server.RaftServerConfigKeys (ConfUtils.java:logGet(46)) - raft.server.threadpool.client.cached = true (default)
2022-08-03 01:52:59,463 [pool-55-thread-1] INFO  server.RaftServerConfigKeys (ConfUtils.java:logGet(46)) - raft.server.threadpool.client.size = 0 (default)
2022-08-03 01:52:59,909 [Listener at 0.0.0.0/39603] INFO  reflections.Reflections (Reflections.java:scan(232)) - Reflections took 852 ms to scan 19 urls, producing 67 keys and 4139 values [using 2 cores]
2022-08-03 01:53:00,077 [Listener at 0.0.0.0/39603] INFO  ipc.CallQueueManager (CallQueueManager.java:<init>(90)) - Using callQueue: class java.util.concurrent.LinkedBlockingQueue, queueCapacity: 2000, scheduler: class org.apache.hadoop.ipc.DefaultRpcScheduler, ipcBackoff: false.
2022-08-03 01:53:00,077 [Socket Reader #1 for port 0] INFO  ipc.Server (Server.java:run(1265)) - Starting Socket Reader #1 for port 0
2022-08-03 01:53:00,262 [Listener at 127.0.0.1/35175] INFO  impl.MetricsSystemImpl (MetricsSystemImpl.java:init(158)) - OzoneManager metrics system started (again)
2022-08-03 01:53:00,277 [Listener at 127.0.0.1/35175] INFO  om.OzoneManager (OzoneManager.java:start(1469)) - OzoneManager RPC server is listening at localhost/127.0.0.1:35175
2022-08-03 01:53:00,277 [Listener at 127.0.0.1/35175] INFO  ratis.OzoneManagerRatisServer (OzoneManagerRatisServer.java:start(554)) - Starting OzoneManagerRatisServer om1 at port 9872
2022-08-03 01:53:00,280 [om1-impl-thread1] INFO  server.RaftServer$Division (RaftServerImpl.java:start(310)) - om1@group-C5BA1605619E: start as a follower, conf=-1: [om1|rpc:localhost:9872|priority:0], old=null
2022-08-03 01:53:00,280 [om1-impl-thread1] INFO  server.RaftServer$Division (RaftServerImpl.java:setRole(299)) - om1@group-C5BA1605619E: changes role from      null to FOLLOWER at term 0 for startAsFollower
2022-08-03 01:53:00,281 [om1-impl-thread1] INFO  impl.RoleInfo (RoleInfo.java:updateAndGet(139)) - om1: start om1@group-C5BA1605619E-FollowerState
2022-08-03 01:53:00,283 [om1-impl-thread1] INFO  util.JmxRegister (JmxRegister.java:tryRegister(44)) - Successfully registered JMX Bean with object name Ratis:service=RaftServer,group=group-C5BA1605619E,id=om1
2022-08-03 01:53:00,288 [Listener at 127.0.0.1/35175] INFO  server.RaftServer (RaftServerProxy.java:lambda$start$6(382)) - om1: start RPC server
2022-08-03 01:53:00,352 [Listener at 127.0.0.1/35175] INFO  server.GrpcService (GrpcService.java:startImpl(260)) - om1: GrpcService started, listening on 9872
2022-08-03 01:53:00,354 [Listener at 127.0.0.1/35175] INFO  om.OzoneManager (OzoneManager.java:start(1485)) - Version File has different layout version (3) than OM DB (null). That is expected if this OM has never been finalized to a newer layout version.
2022-08-03 01:53:00,358 [org.apache.ratis.util.JvmPauseMonitor$$Lambda$631/606875044@5464a18] INFO  util.JvmPauseMonitor (JvmPauseMonitor.java:run(103)) - JvmPauseMonitor-om1: Started
2022-08-03 01:53:00,382 [Listener at 127.0.0.1/35175] INFO  http.BaseHttpServer (BaseHttpServer.java:newHttpServer2BuilderForOzone(209)) - Starting Web-server for ozoneManager at: http://0.0.0.0:0
2022-08-03 01:53:00,382 [Listener at 127.0.0.1/35175] INFO  http.BaseHttpServer (BaseHttpServer.java:<init>(107)) - Hadoop Security Enabled: false Ozone Security Enabled: false Ozone HTTP Security Enabled: false 
2022-08-03 01:53:00,384 [Listener at 127.0.0.1/35175] INFO  server.AuthenticationFilter (AuthenticationFilter.java:constructSecretProvider(240)) - Unable to initialize FileSignerSecretProvider, falling back to use random secrets.
2022-08-03 01:53:00,388 [Listener at 127.0.0.1/35175] WARN  http.HttpRequestLog (HttpRequestLog.java:getRequestLog(103)) - Jetty request log can only be enabled using Log4j
2022-08-03 01:53:00,391 [Listener at 127.0.0.1/35175] INFO  http.HttpServer2 (HttpServer2.java:addGlobalFilter(1029)) - Added global filter 'safety' (class=org.apache.hadoop.hdds.server.http.HttpServer2$QuotingInputFilter)
2022-08-03 01:53:00,392 [Listener at 127.0.0.1/35175] INFO  http.HttpServer2 (HttpServer2.java:addFilter(1005)) - Added filter static_user_filter (class=org.apache.hadoop.http.lib.StaticUserWebFilter$StaticUserFilter) to context ozoneManager
2022-08-03 01:53:00,392 [Listener at 127.0.0.1/35175] INFO  http.HttpServer2 (HttpServer2.java:addFilter(1013)) - Added filter static_user_filter (class=org.apache.hadoop.http.lib.StaticUserWebFilter$StaticUserFilter) to context logs
2022-08-03 01:53:00,392 [Listener at 127.0.0.1/35175] INFO  http.HttpServer2 (HttpServer2.java:addFilter(1013)) - Added filter static_user_filter (class=org.apache.hadoop.http.lib.StaticUserWebFilter$StaticUserFilter) to context static
2022-08-03 01:53:00,394 [Listener at 127.0.0.1/35175] INFO  http.HttpServer2 (HttpServer2.java:bindListener(1248)) - Jetty bound to port 37891
2022-08-03 01:53:00,394 [Listener at 127.0.0.1/35175] INFO  server.Server (Server.java:doStart(375)) - jetty-9.4.43.v20210629; built: 2021-06-30T11:07:22.254Z; git: 526006ecfa3af7f1a27ef3a288e2bef7ea9dd7e8; jvm 1.8.0_332-b09
2022-08-03 01:53:00,404 [Listener at 127.0.0.1/35175] INFO  server.session (DefaultSessionIdManager.java:doStart(334)) - DefaultSessionIdManager workerName=node0
2022-08-03 01:53:00,404 [Listener at 127.0.0.1/35175] INFO  server.session (DefaultSessionIdManager.java:doStart(339)) - No SessionScavenger set, using defaults
2022-08-03 01:53:00,404 [Listener at 127.0.0.1/35175] INFO  server.session (HouseKeeper.java:startScavenging(132)) - node0 Scavenging every 660000ms
2022-08-03 01:53:00,405 [Listener at 127.0.0.1/35175] INFO  handler.ContextHandler (ContextHandler.java:doStart(915)) - Started o.e.j.s.ServletContextHandler@1f35f2e1{logs,/logs,file:///home/runner/work/ozone/ozone/hadoop-ozone/integration-test/target/log,AVAILABLE}
2022-08-03 01:53:00,405 [Listener at 127.0.0.1/35175] INFO  handler.ContextHandler (ContextHandler.java:doStart(915)) - Started o.e.j.s.ServletContextHandler@2b547149{static,/static,file:///home/runner/work/ozone/ozone/hadoop-ozone/integration-test/target/test-classes/webapps/static,AVAILABLE}
2022-08-03 01:53:00,414 [Listener at 127.0.0.1/35175] INFO  handler.ContextHandler (ContextHandler.java:doStart(915)) - Started o.e.j.w.WebAppContext@4d10360e{ozoneManager,/,file:///home/runner/work/ozone/ozone/hadoop-ozone/integration-test/target/test-classes/webapps/ozoneManager/,AVAILABLE}{file:/home/runner/work/ozone/ozone/hadoop-ozone/integration-test/target/test-classes/webapps/ozoneManager}
2022-08-03 01:53:00,417 [Listener at 127.0.0.1/35175] INFO  server.AbstractConnector (AbstractConnector.java:doStart(331)) - Started ServerConnector@5a31d662{HTTP/1.1, (http/1.1)}{0.0.0.0:37891}
2022-08-03 01:53:00,418 [Listener at 127.0.0.1/35175] INFO  server.Server (Server.java:doStart(415)) - Started @8274ms
2022-08-03 01:53:00,418 [Listener at 127.0.0.1/35175] WARN  impl.MetricsSystemImpl (MetricsSystemImpl.java:register(279)) - Sink prometheus already exists!
2022-08-03 01:53:00,419 [Listener at 127.0.0.1/35175] INFO  http.BaseHttpServer (BaseHttpServer.java:updateConnectorAddress(329)) - HTTP server of ozoneManager listening at http://0.0.0.0:37891
2022-08-03 01:53:00,419 [IPC Server Responder] INFO  ipc.Server (Server.java:run(1507)) - IPC Server Responder: starting
2022-08-03 01:53:00,420 [IPC Server listener on 0] INFO  ipc.Server (Server.java:run(1344)) - IPC Server listener on 0: starting
2022-08-03 01:53:00,471 [Listener at 127.0.0.1/35175] INFO  om.TrashPolicyOzone (TrashPolicyOzone.java:<init>(178)) - Ozone Manager trash configuration: Deletion interval = 0 minutes, Emptier interval = 0 minutes.
2022-08-03 01:53:00,479 [org.apache.hadoop.util.JvmPauseMonitor$Monitor@612fe62e] INFO  util.JvmPauseMonitor (JvmPauseMonitor.java:run(188)) - Starting JVM pause monitor
2022-08-03 01:53:00,632 [Listener at 127.0.0.1/35175] WARN  impl.MetricRegistriesImpl (MetricRegistriesImpl.java:addReporterRegistration(111)) - New reporters are added after registries were created. Some metrics will be missing from the reporter. Please add reporter before adding any new registry.
2022-08-03 01:53:00,633 [Listener at 127.0.0.1/35175] WARN  impl.MetricRegistriesImpl (MetricRegistriesImpl.java:addReporterRegistration(111)) - New reporters are added after registries were created. Some metrics will be missing from the reporter. Please add reporter before adding any new registry.
2022-08-03 01:53:00,633 [Listener at 127.0.0.1/35175] INFO  impl.MetricsSystemImpl (MetricsSystemImpl.java:init(158)) - HddsDatanode metrics system started (again)
2022-08-03 01:53:00,647 [Listener at 127.0.0.1/35175] INFO  ozone.HddsDatanodeService (HddsDatanodeService.java:start(236)) - HddsDatanodeService host:fv-az199-929.piossgaoozdutex3tpy4bgd4ka.dx.internal.cloudapp.net ip:10.1.0.23
2022-08-03 01:53:00,681 [Listener at 127.0.0.1/35175] INFO  upgrade.AbstractLayoutVersionManager (AbstractLayoutVersionManager.java:init(83)) - Initializing Layout version manager with metadata layout = DATANODE_SCHEMA_V3 (version = 4), software layout = DATANODE_SCHEMA_V3 (version = 4)
2022-08-03 01:53:00,728 [Listener at 127.0.0.1/35175] INFO  reflections.Reflections (Reflections.java:scan(232)) - Reflections took 46 ms to scan 7 urls, producing 132 keys and 321 values 
2022-08-03 01:53:00,733 [Listener at 127.0.0.1/35175] INFO  statemachine.DatanodeStateMachine (DatanodeStateMachine.java:getEndPointTaskThreadPoolSize(237)) - Datanode State Machine Task Thread Pool size 2
2022-08-03 01:53:00,785 [Listener at 127.0.0.1/35175] INFO  volume.HddsVolume (HddsVolume.java:<init>(116)) - Creating HddsVolume: /home/runner/work/ozone/ozone/hadoop-ozone/integration-test/target/test-dir/MiniOzoneClusterImpl-6a096081-edc2-4b52-80a3-ccd1f0f4fae5/datanode-0/data-0/containers/hdds of storage type : DISK capacity : 9223372036854775807
2022-08-03 01:53:00,788 [Listener at 127.0.0.1/35175] INFO  volume.MutableVolumeSet (MutableVolumeSet.java:initializeVolumeSet(174)) - Added Volume : /home/runner/work/ozone/ozone/hadoop-ozone/integration-test/target/test-dir/MiniOzoneClusterImpl-6a096081-edc2-4b52-80a3-ccd1f0f4fae5/datanode-0/data-0/containers/hdds to VolumeSet
2022-08-03 01:53:00,789 [Listener at 127.0.0.1/35175] INFO  volume.ThrottledAsyncChecker (ThrottledAsyncChecker.java:schedule(141)) - Scheduling a check for /home/runner/work/ozone/ozone/hadoop-ozone/integration-test/target/test-dir/MiniOzoneClusterImpl-6a096081-edc2-4b52-80a3-ccd1f0f4fae5/datanode-0/data-0/containers/hdds
2022-08-03 01:53:00,813 [Listener at 127.0.0.1/35175] INFO  volume.StorageVolumeChecker (StorageVolumeChecker.java:checkAllVolumes(202)) - Scheduled health check for volume /home/runner/work/ozone/ozone/hadoop-ozone/integration-test/target/test-dir/MiniOzoneClusterImpl-6a096081-edc2-4b52-80a3-ccd1f0f4fae5/datanode-0/data-0/containers/hdds
2022-08-03 01:53:00,830 [Listener at 127.0.0.1/35175] INFO  volume.MutableVolumeSet (MutableVolumeSet.java:initializeVolumeSet(174)) - Added Volume : /home/runner/work/ozone/ozone/hadoop-ozone/integration-test/target/test-dir/MiniOzoneClusterImpl-6a096081-edc2-4b52-80a3-ccd1f0f4fae5/datanode-0/data/ratis to VolumeSet
2022-08-03 01:53:00,830 [Listener at 127.0.0.1/35175] INFO  volume.ThrottledAsyncChecker (ThrottledAsyncChecker.java:schedule(141)) - Scheduling a check for /home/runner/work/ozone/ozone/hadoop-ozone/integration-test/target/test-dir/MiniOzoneClusterImpl-6a096081-edc2-4b52-80a3-ccd1f0f4fae5/datanode-0/data/ratis
2022-08-03 01:53:00,831 [Listener at 127.0.0.1/35175] INFO  volume.StorageVolumeChecker (StorageVolumeChecker.java:checkAllVolumes(202)) - Scheduled health check for volume /home/runner/work/ozone/ozone/hadoop-ozone/integration-test/target/test-dir/MiniOzoneClusterImpl-6a096081-edc2-4b52-80a3-ccd1f0f4fae5/datanode-0/data/ratis
2022-08-03 01:53:00,864 [Thread-136] INFO  ozoneimpl.ContainerReader (ContainerReader.java:readVolume(175)) - Finish verifying containers on volume /home/runner/work/ozone/ozone/hadoop-ozone/integration-test/target/test-dir/MiniOzoneClusterImpl-6a096081-edc2-4b52-80a3-ccd1f0f4fae5/datanode-0/data-0/containers/hdds
2022-08-03 01:53:00,865 [Listener at 127.0.0.1/35175] INFO  ozoneimpl.OzoneContainer (OzoneContainer.java:buildContainerSet(299)) - Build ContainerSet costs 0s
2022-08-03 01:53:00,911 [Listener at 127.0.0.1/35175] INFO  audit.AuditLogger (AuditLogger.java:refreshDebugCmdSet(126)) - Refresh DebugCmdSet for DNAudit to [].
2022-08-03 01:53:00,944 [Listener at 127.0.0.1/35175] INFO  server.RaftServer (ConfUtils.java:logGet(46)) - raft.rpc.type = GRPC (default)
2022-08-03 01:53:00,945 [Listener at 127.0.0.1/35175] INFO  grpc.GrpcFactory (GrpcFactory.java:checkPooledByteBufAllocatorUseCacheForAllThreads(48)) - PERFORMANCE WARNING: useCacheForAllThreads is true that may cause Netty to create a lot garbage objects and, as a result, trigger GC.
	It is recommended to disable useCacheForAllThreads by setting -Dorg.apache.ratis.thirdparty.io.netty.allocator.useCacheForAllThreads=false in command line.
2022-08-03 01:53:00,945 [Listener at 127.0.0.1/35175] INFO  grpc.GrpcConfigKeys (ConfUtils.java:logGet(46)) - raft.grpc.admin.port = 0 (custom)
2022-08-03 01:53:00,945 [Listener at 127.0.0.1/35175] INFO  grpc.GrpcConfigKeys (ConfUtils.java:logGet(46)) - raft.grpc.client.port = 0 (custom)
2022-08-03 01:53:00,945 [Listener at 127.0.0.1/35175] INFO  grpc.GrpcConfigKeys (ConfUtils.java:logGet(46)) - raft.grpc.server.port = 0 (default)
2022-08-03 01:53:00,946 [Listener at 127.0.0.1/35175] INFO  server.GrpcService (ConfUtils.java:logGet(46)) - raft.grpc.message.size.max = 32MB (=33554432) (custom)
2022-08-03 01:53:00,946 [Listener at 127.0.0.1/35175] INFO  server.RaftServerConfigKeys (ConfUtils.java:logGet(46)) - raft.server.log.appender.buffer.byte-limit = 33554432 (custom)
2022-08-03 01:53:00,946 [Listener at 127.0.0.1/35175] INFO  server.GrpcService (ConfUtils.java:logGet(46)) - raft.grpc.flow.control.window = 5MB (=5242880) (custom)
2022-08-03 01:53:00,946 [Listener at 127.0.0.1/35175] INFO  server.RaftServerConfigKeys (ConfUtils.java:logGet(46)) - raft.server.rpc.request.timeout = 60s (custom)
2022-08-03 01:53:00,946 [Listener at 127.0.0.1/35175] INFO  grpc.GrpcConfigKeys (ConfUtils.java:logGet(46)) - raft.grpc.server.async.request.thread.pool.cached = true (default)
2022-08-03 01:53:00,947 [Listener at 127.0.0.1/35175] INFO  grpc.GrpcConfigKeys (ConfUtils.java:logGet(46)) - raft.grpc.server.async.request.thread.pool.size = 32 (default)
2022-08-03 01:53:00,948 [Listener at 127.0.0.1/35175] INFO  impl.DataStreamServerImpl (ConfUtils.java:logGet(46)) - raft.datastream.type = DISABLED (default)
2022-08-03 01:53:00,948 [Listener at 127.0.0.1/35175] INFO  server.RaftServerConfigKeys (ConfUtils.java:logGet(46)) - raft.server.threadpool.proxy.cached = true (default)
2022-08-03 01:53:00,948 [Listener at 127.0.0.1/35175] INFO  server.RaftServerConfigKeys (ConfUtils.java:logGet(46)) - raft.server.threadpool.proxy.size = 0 (default)
2022-08-03 01:53:00,948 [Listener at 127.0.0.1/35175] INFO  server.RaftServerConfigKeys (ConfUtils.java:logGet(46)) - raft.server.rpc.slowness.timeout = 300s (custom)
2022-08-03 01:53:00,949 [Listener at 127.0.0.1/35175] INFO  server.RaftServerConfigKeys (ConfUtils.java:logGet(46)) - raft.server.leaderelection.leader.step-down.wait-time = 10s (default)
2022-08-03 01:53:00,949 [Listener at 127.0.0.1/35175] INFO  server.RaftServerConfigKeys (ConfUtils.java:logGet(46)) - raft.server.storage.dir = [/home/runner/work/ozone/ozone/hadoop-ozone/integration-test/target/test-dir/MiniOzoneClusterImpl-6a096081-edc2-4b52-80a3-ccd1f0f4fae5/datanode-0/data/ratis] (custom)
2022-08-03 01:53:00,969 [Listener at 127.0.0.1/35175] INFO  server.XceiverServerGrpc (XceiverServerGrpc.java:<init>(132)) - GrpcServer channel type EpollServerSocketChannel
2022-08-03 01:53:01,036 [Listener at 127.0.0.1/35175] INFO  http.BaseHttpServer (BaseHttpServer.java:newHttpServer2BuilderForOzone(209)) - Starting Web-server for hddsDatanode at: http://0.0.0.0:0
2022-08-03 01:53:01,037 [Listener at 127.0.0.1/35175] INFO  http.BaseHttpServer (BaseHttpServer.java:<init>(107)) - Hadoop Security Enabled: false Ozone Security Enabled: false Ozone HTTP Security Enabled: false 
2022-08-03 01:53:01,038 [Listener at 127.0.0.1/35175] INFO  server.AuthenticationFilter (AuthenticationFilter.java:constructSecretProvider(240)) - Unable to initialize FileSignerSecretProvider, falling back to use random secrets.
2022-08-03 01:53:01,039 [Listener at 127.0.0.1/35175] WARN  http.HttpRequestLog (HttpRequestLog.java:getRequestLog(103)) - Jetty request log can only be enabled using Log4j
2022-08-03 01:53:01,041 [Listener at 127.0.0.1/35175] INFO  http.HttpServer2 (HttpServer2.java:addGlobalFilter(1029)) - Added global filter 'safety' (class=org.apache.hadoop.hdds.server.http.HttpServer2$QuotingInputFilter)
2022-08-03 01:53:01,041 [Listener at 127.0.0.1/35175] INFO  http.HttpServer2 (HttpServer2.java:addFilter(1005)) - Added filter static_user_filter (class=org.apache.hadoop.http.lib.StaticUserWebFilter$StaticUserFilter) to context hddsDatanode
2022-08-03 01:53:01,042 [Listener at 127.0.0.1/35175] INFO  http.HttpServer2 (HttpServer2.java:addFilter(1013)) - Added filter static_user_filter (class=org.apache.hadoop.http.lib.StaticUserWebFilter$StaticUserFilter) to context logs
2022-08-03 01:53:01,042 [Listener at 127.0.0.1/35175] INFO  http.HttpServer2 (HttpServer2.java:addFilter(1013)) - Added filter static_user_filter (class=org.apache.hadoop.http.lib.StaticUserWebFilter$StaticUserFilter) to context static
2022-08-03 01:53:01,043 [Listener at 127.0.0.1/35175] INFO  http.HttpServer2 (HttpServer2.java:bindListener(1248)) - Jetty bound to port 37989
2022-08-03 01:53:01,043 [Listener at 127.0.0.1/35175] INFO  server.Server (Server.java:doStart(375)) - jetty-9.4.43.v20210629; built: 2021-06-30T11:07:22.254Z; git: 526006ecfa3af7f1a27ef3a288e2bef7ea9dd7e8; jvm 1.8.0_332-b09
2022-08-03 01:53:01,046 [Listener at 127.0.0.1/35175] INFO  server.session (DefaultSessionIdManager.java:doStart(334)) - DefaultSessionIdManager workerName=node0
2022-08-03 01:53:01,046 [Listener at 127.0.0.1/35175] INFO  server.session (DefaultSessionIdManager.java:doStart(339)) - No SessionScavenger set, using defaults
2022-08-03 01:53:01,046 [Listener at 127.0.0.1/35175] INFO  server.session (HouseKeeper.java:startScavenging(132)) - node0 Scavenging every 660000ms
2022-08-03 01:53:01,049 [Listener at 127.0.0.1/35175] INFO  handler.ContextHandler (ContextHandler.java:doStart(915)) - Started o.e.j.s.ServletContextHandler@12c9f1eb{logs,/logs,file:///home/runner/work/ozone/ozone/hadoop-ozone/integration-test/target/log,AVAILABLE}
2022-08-03 01:53:01,050 [Listener at 127.0.0.1/35175] INFO  handler.ContextHandler (ContextHandler.java:doStart(915)) - Started o.e.j.s.ServletContextHandler@5fbccdcb{static,/static,jar:file:/home/runner/.m2/repository/org/apache/ozone/hdds-container-service/1.3.0-SNAPSHOT/hdds-container-service-1.3.0-SNAPSHOT.jar!/webapps/static,AVAILABLE}
2022-08-03 01:53:01,275 [Listener at 127.0.0.1/35175] INFO  handler.ContextHandler (ContextHandler.java:doStart(915)) - Started o.e.j.w.WebAppContext@c63a15f{hddsDatanode,/,file:///tmp/jetty-0_0_0_0-37989-hdds-container-service-1_3_0-SNAPSHOT_jar-_-any-4333000098149748211/webapp/,AVAILABLE}{jar:file:/home/runner/.m2/repository/org/apache/ozone/hdds-container-service/1.3.0-SNAPSHOT/hdds-container-service-1.3.0-SNAPSHOT.jar!/webapps/hddsDatanode}
2022-08-03 01:53:01,277 [Listener at 127.0.0.1/35175] INFO  server.AbstractConnector (AbstractConnector.java:doStart(331)) - Started ServerConnector@66692051{HTTP/1.1, (http/1.1)}{0.0.0.0:37989}
2022-08-03 01:53:01,277 [Listener at 127.0.0.1/35175] INFO  server.Server (Server.java:doStart(415)) - Started @9134ms
2022-08-03 01:53:01,278 [Listener at 127.0.0.1/35175] WARN  impl.MetricsSystemImpl (MetricsSystemImpl.java:register(279)) - Sink prometheus already exists!
2022-08-03 01:53:01,278 [Listener at 127.0.0.1/35175] INFO  http.BaseHttpServer (BaseHttpServer.java:updateConnectorAddress(329)) - HTTP server of hddsDatanode listening at http://0.0.0.0:37989
2022-08-03 01:53:01,281 [Listener at 127.0.0.1/35175] WARN  impl.MetricRegistriesImpl (MetricRegistriesImpl.java:addReporterRegistration(111)) - New reporters are added after registries were created. Some metrics will be missing from the reporter. Please add reporter before adding any new registry.
2022-08-03 01:53:01,281 [Listener at 127.0.0.1/35175] WARN  impl.MetricRegistriesImpl (MetricRegistriesImpl.java:addReporterRegistration(111)) - New reporters are added after registries were created. Some metrics will be missing from the reporter. Please add reporter before adding any new registry.
2022-08-03 01:53:01,281 [Listener at 127.0.0.1/35175] INFO  impl.MetricsSystemImpl (MetricsSystemImpl.java:init(158)) - HddsDatanode metrics system started (again)
2022-08-03 01:53:01,288 [Datanode State Machine Daemon Thread] INFO  statemachine.DatanodeStateMachine (DatanodeStateMachine.java:lambda$startDaemon$0(492)) - Ozone container server started.
2022-08-03 01:53:01,297 [Listener at 127.0.0.1/35175] INFO  ozone.HddsDatanodeService (HddsDatanodeService.java:start(236)) - HddsDatanodeService host:fv-az199-929.piossgaoozdutex3tpy4bgd4ka.dx.internal.cloudapp.net ip:10.1.0.23
2022-08-03 01:53:01,313 [org.apache.hadoop.util.JvmPauseMonitor$Monitor@6e50c935] INFO  util.JvmPauseMonitor (JvmPauseMonitor.java:run(188)) - Starting JVM pause monitor
2022-08-03 01:53:01,356 [Listener at 127.0.0.1/35175] INFO  upgrade.AbstractLayoutVersionManager (AbstractLayoutVersionManager.java:init(83)) - Initializing Layout version manager with metadata layout = DATANODE_SCHEMA_V3 (version = 4), software layout = DATANODE_SCHEMA_V3 (version = 4)
2022-08-03 01:53:01,448 [Listener at 127.0.0.1/35175] INFO  reflections.Reflections (Reflections.java:scan(232)) - Reflections took 90 ms to scan 7 urls, producing 132 keys and 321 values 
2022-08-03 01:53:01,458 [Listener at 127.0.0.1/35175] INFO  statemachine.DatanodeStateMachine (DatanodeStateMachine.java:getEndPointTaskThreadPoolSize(237)) - Datanode State Machine Task Thread Pool size 2
2022-08-03 01:53:01,456 [Datanode State Machine Task Thread - 0] INFO  datanode.InitDatanodeState (InitDatanodeState.java:persistContainerDatanodeDetails(138)) - DatanodeDetails is persisted to /home/runner/work/ozone/ozone/hadoop-ozone/integration-test/target/test-dir/MiniOzoneClusterImpl-6a096081-edc2-4b52-80a3-ccd1f0f4fae5/datanode-0/meta/datanode.id
2022-08-03 01:53:01,453 [om1@group-C5BA1605619E-FollowerState] INFO  impl.FollowerState (FollowerState.java:run(143)) - om1@group-C5BA1605619E-FollowerState: change to CANDIDATE, lastRpcElapsedTime:1171946278ns, electionTimeout:1165ms
2022-08-03 01:53:01,461 [Listener at 127.0.0.1/35175] INFO  volume.HddsVolume (HddsVolume.java:<init>(116)) - Creating HddsVolume: /home/runner/work/ozone/ozone/hadoop-ozone/integration-test/target/test-dir/MiniOzoneClusterImpl-6a096081-edc2-4b52-80a3-ccd1f0f4fae5/datanode-1/data-0/containers/hdds of storage type : DISK capacity : 9223372036854775807
2022-08-03 01:53:01,461 [Listener at 127.0.0.1/35175] INFO  volume.MutableVolumeSet (MutableVolumeSet.java:initializeVolumeSet(174)) - Added Volume : /home/runner/work/ozone/ozone/hadoop-ozone/integration-test/target/test-dir/MiniOzoneClusterImpl-6a096081-edc2-4b52-80a3-ccd1f0f4fae5/datanode-1/data-0/containers/hdds to VolumeSet
2022-08-03 01:53:01,462 [Listener at 127.0.0.1/35175] INFO  volume.ThrottledAsyncChecker (ThrottledAsyncChecker.java:schedule(141)) - Scheduling a check for /home/runner/work/ozone/ozone/hadoop-ozone/integration-test/target/test-dir/MiniOzoneClusterImpl-6a096081-edc2-4b52-80a3-ccd1f0f4fae5/datanode-1/data-0/containers/hdds
2022-08-03 01:53:01,459 [om1@group-C5BA1605619E-FollowerState] INFO  impl.RoleInfo (RoleInfo.java:shutdownFollowerState(110)) - om1: shutdown om1@group-C5BA1605619E-FollowerState
2022-08-03 01:53:01,465 [om1@group-C5BA1605619E-FollowerState] INFO  server.RaftServer$Division (RaftServerImpl.java:setRole(299)) - om1@group-C5BA1605619E: changes role from  FOLLOWER to CANDIDATE at term 0 for changeToCandidate
2022-08-03 01:53:01,468 [Listener at 127.0.0.1/35175] INFO  volume.StorageVolumeChecker (StorageVolumeChecker.java:checkAllVolumes(202)) - Scheduled health check for volume /home/runner/work/ozone/ozone/hadoop-ozone/integration-test/target/test-dir/MiniOzoneClusterImpl-6a096081-edc2-4b52-80a3-ccd1f0f4fae5/datanode-1/data-0/containers/hdds
2022-08-03 01:53:01,468 [om1@group-C5BA1605619E-FollowerState] INFO  server.RaftServerConfigKeys (ConfUtils.java:logGet(46)) - raft.server.leaderelection.pre-vote = false (custom)
2022-08-03 01:53:01,468 [om1@group-C5BA1605619E-FollowerState] INFO  impl.RoleInfo (RoleInfo.java:updateAndGet(139)) - om1: start om1@group-C5BA1605619E-LeaderElection1
2022-08-03 01:53:01,481 [om1@group-C5BA1605619E-LeaderElection1] INFO  impl.LeaderElection (LeaderElection.java:askForVotes(310)) - om1@group-C5BA1605619E-LeaderElection1 ELECTION round 0: submit vote requests at term 1 for -1: [om1|rpc:localhost:9872|priority:0], old=null
2022-08-03 01:53:01,482 [om1@group-C5BA1605619E-LeaderElection1] INFO  impl.LeaderElection (LeaderElection.java:askForVotes(312)) - om1@group-C5BA1605619E-LeaderElection1 ELECTION round 0: result PASSED (term=1)
2022-08-03 01:53:01,483 [om1@group-C5BA1605619E-LeaderElection1] INFO  impl.RoleInfo (RoleInfo.java:shutdownLeaderElection(130)) - om1: shutdown om1@group-C5BA1605619E-LeaderElection1
2022-08-03 01:53:01,483 [om1@group-C5BA1605619E-LeaderElection1] INFO  server.RaftServer$Division (RaftServerImpl.java:setRole(299)) - om1@group-C5BA1605619E: changes role from CANDIDATE to LEADER at term 1 for changeToLeader
2022-08-03 01:53:01,484 [om1@group-C5BA1605619E-LeaderElection1] INFO  server.RaftServer$Division (ServerState.java:setLeader(287)) - om1@group-C5BA1605619E: change Leader from null to om1 at term 1 for becomeLeader, leader elected after 2381ms
2022-08-03 01:53:01,487 [Listener at 127.0.0.1/35175] INFO  volume.MutableVolumeSet (MutableVolumeSet.java:initializeVolumeSet(174)) - Added Volume : /home/runner/work/ozone/ozone/hadoop-ozone/integration-test/target/test-dir/MiniOzoneClusterImpl-6a096081-edc2-4b52-80a3-ccd1f0f4fae5/datanode-1/data/ratis to VolumeSet
2022-08-03 01:53:01,487 [Listener at 127.0.0.1/35175] INFO  volume.ThrottledAsyncChecker (ThrottledAsyncChecker.java:schedule(141)) - Scheduling a check for /home/runner/work/ozone/ozone/hadoop-ozone/integration-test/target/test-dir/MiniOzoneClusterImpl-6a096081-edc2-4b52-80a3-ccd1f0f4fae5/datanode-1/data/ratis
2022-08-03 01:53:01,490 [om1@group-C5BA1605619E-LeaderElection1] INFO  server.RaftServerConfigKeys (ConfUtils.java:logGet(46)) - raft.server.staging.catchup.gap = 1000 (default)
2022-08-03 01:53:01,494 [om1@group-C5BA1605619E-LeaderElection1] INFO  server.RaftServerConfigKeys (ConfUtils.java:logGet(46)) - raft.server.write.element-limit = 4096 (default)
2022-08-03 01:53:01,495 [om1@group-C5BA1605619E-LeaderElection1] INFO  server.RaftServerConfigKeys (ConfUtils.java:logGet(46)) - raft.server.write.byte-limit = 64MB (=67108864) (default)
2022-08-03 01:53:01,496 [Listener at 127.0.0.1/35175] INFO  volume.StorageVolumeChecker (StorageVolumeChecker.java:checkAllVolumes(202)) - Scheduled health check for volume /home/runner/work/ozone/ozone/hadoop-ozone/integration-test/target/test-dir/MiniOzoneClusterImpl-6a096081-edc2-4b52-80a3-ccd1f0f4fae5/datanode-1/data/ratis
2022-08-03 01:53:01,501 [om1@group-C5BA1605619E-LeaderElection1] INFO  server.RaftServerConfigKeys (ConfUtils.java:logGet(46)) - raft.server.watch.timeout = 10s (default)
2022-08-03 01:53:01,501 [om1@group-C5BA1605619E-LeaderElection1] INFO  server.RaftServerConfigKeys (ConfUtils.java:logGet(46)) - raft.server.watch.timeout.denomination = 1s (default)
2022-08-03 01:53:01,501 [om1@group-C5BA1605619E-LeaderElection1] INFO  server.RaftServerConfigKeys (ConfUtils.java:logGet(46)) - raft.server.watch.element-limit = 65536 (default)
2022-08-03 01:53:01,512 [om1@group-C5BA1605619E-LeaderElection1] INFO  server.RaftServerConfigKeys (ConfUtils.java:logGet(46)) - raft.server.write.element-limit = 4096 (default)
2022-08-03 01:53:01,515 [om1@group-C5BA1605619E-LeaderElection1] INFO  server.RaftServerConfigKeys (ConfUtils.java:logGet(46)) - raft.server.write.follower.gap.ratio.max = -1.0 (default)
2022-08-03 01:53:01,517 [om1@group-C5BA1605619E-LeaderElection1] INFO  impl.RoleInfo (RoleInfo.java:updateAndGet(139)) - om1: start om1@group-C5BA1605619E-LeaderStateImpl
2022-08-03 01:53:01,536 [Thread-151] INFO  ozoneimpl.ContainerReader (ContainerReader.java:readVolume(175)) - Finish verifying containers on volume /home/runner/work/ozone/ozone/hadoop-ozone/integration-test/target/test-dir/MiniOzoneClusterImpl-6a096081-edc2-4b52-80a3-ccd1f0f4fae5/datanode-1/data-0/containers/hdds
2022-08-03 01:53:01,537 [Listener at 127.0.0.1/35175] INFO  ozoneimpl.OzoneContainer (OzoneContainer.java:buildContainerSet(299)) - Build ContainerSet costs 0s
2022-08-03 01:53:01,543 [Listener at 127.0.0.1/35175] INFO  server.RaftServer (ConfUtils.java:logGet(46)) - raft.rpc.type = GRPC (default)
2022-08-03 01:53:01,543 [Listener at 127.0.0.1/35175] INFO  grpc.GrpcFactory (GrpcFactory.java:checkPooledByteBufAllocatorUseCacheForAllThreads(48)) - PERFORMANCE WARNING: useCacheForAllThreads is true that may cause Netty to create a lot garbage objects and, as a result, trigger GC.
	It is recommended to disable useCacheForAllThreads by setting -Dorg.apache.ratis.thirdparty.io.netty.allocator.useCacheForAllThreads=false in command line.
2022-08-03 01:53:01,543 [Listener at 127.0.0.1/35175] INFO  grpc.GrpcConfigKeys (ConfUtils.java:logGet(46)) - raft.grpc.admin.port = 0 (custom)
2022-08-03 01:53:01,543 [Listener at 127.0.0.1/35175] INFO  grpc.GrpcConfigKeys (ConfUtils.java:logGet(46)) - raft.grpc.client.port = 0 (custom)
2022-08-03 01:53:01,543 [Listener at 127.0.0.1/35175] INFO  grpc.GrpcConfigKeys (ConfUtils.java:logGet(46)) - raft.grpc.server.port = 0 (default)
2022-08-03 01:53:01,543 [Listener at 127.0.0.1/35175] INFO  server.GrpcService (ConfUtils.java:logGet(46)) - raft.grpc.message.size.max = 32MB (=33554432) (custom)
2022-08-03 01:53:01,544 [Listener at 127.0.0.1/35175] INFO  server.RaftServerConfigKeys (ConfUtils.java:logGet(46)) - raft.server.log.appender.buffer.byte-limit = 33554432 (custom)
2022-08-03 01:53:01,544 [Listener at 127.0.0.1/35175] INFO  server.GrpcService (ConfUtils.java:logGet(46)) - raft.grpc.flow.control.window = 5MB (=5242880) (custom)
2022-08-03 01:53:01,544 [Listener at 127.0.0.1/35175] INFO  server.RaftServerConfigKeys (ConfUtils.java:logGet(46)) - raft.server.rpc.request.timeout = 60s (custom)
2022-08-03 01:53:01,544 [Listener at 127.0.0.1/35175] INFO  grpc.GrpcConfigKeys (ConfUtils.java:logGet(46)) - raft.grpc.server.async.request.thread.pool.cached = true (default)
2022-08-03 01:53:01,544 [Listener at 127.0.0.1/35175] INFO  grpc.GrpcConfigKeys (ConfUtils.java:logGet(46)) - raft.grpc.server.async.request.thread.pool.size = 32 (default)
2022-08-03 01:53:01,545 [Listener at 127.0.0.1/35175] INFO  impl.DataStreamServerImpl (ConfUtils.java:logGet(46)) - raft.datastream.type = DISABLED (default)
2022-08-03 01:53:01,546 [Listener at 127.0.0.1/35175] INFO  server.RaftServerConfigKeys (ConfUtils.java:logGet(46)) - raft.server.threadpool.proxy.cached = true (default)
2022-08-03 01:53:01,546 [Listener at 127.0.0.1/35175] INFO  server.RaftServerConfigKeys (ConfUtils.java:logGet(46)) - raft.server.threadpool.proxy.size = 0 (default)
2022-08-03 01:53:01,546 [Listener at 127.0.0.1/35175] INFO  server.RaftServerConfigKeys (ConfUtils.java:logGet(46)) - raft.server.rpc.slowness.timeout = 300s (custom)
2022-08-03 01:53:01,546 [Listener at 127.0.0.1/35175] INFO  server.RaftServerConfigKeys (ConfUtils.java:logGet(46)) - raft.server.leaderelection.leader.step-down.wait-time = 10s (default)
2022-08-03 01:53:01,546 [Listener at 127.0.0.1/35175] INFO  server.RaftServerConfigKeys (ConfUtils.java:logGet(46)) - raft.server.storage.dir = [/home/runner/work/ozone/ozone/hadoop-ozone/integration-test/target/test-dir/MiniOzoneClusterImpl-6a096081-edc2-4b52-80a3-ccd1f0f4fae5/datanode-1/data/ratis] (custom)
2022-08-03 01:53:01,586 [Listener at 127.0.0.1/35175] INFO  server.XceiverServerGrpc (XceiverServerGrpc.java:<init>(132)) - GrpcServer channel type EpollServerSocketChannel
2022-08-03 01:53:01,598 [Listener at 127.0.0.1/35175] INFO  http.BaseHttpServer (BaseHttpServer.java:newHttpServer2BuilderForOzone(209)) - Starting Web-server for hddsDatanode at: http://0.0.0.0:0
2022-08-03 01:53:01,598 [Listener at 127.0.0.1/35175] INFO  http.BaseHttpServer (BaseHttpServer.java:<init>(107)) - Hadoop Security Enabled: false Ozone Security Enabled: false Ozone HTTP Security Enabled: false 
2022-08-03 01:53:01,599 [Listener at 127.0.0.1/35175] INFO  server.AuthenticationFilter (AuthenticationFilter.java:constructSecretProvider(240)) - Unable to initialize FileSignerSecretProvider, falling back to use random secrets.
2022-08-03 01:53:01,600 [Listener at 127.0.0.1/35175] WARN  http.HttpRequestLog (HttpRequestLog.java:getRequestLog(103)) - Jetty request log can only be enabled using Log4j
2022-08-03 01:53:01,607 [om1@group-C5BA1605619E-LeaderElection1] INFO  segmented.SegmentedRaftLogWorker (SegmentedRaftLogWorker.java:startLogSegment(425)) - om1@group-C5BA1605619E-SegmentedRaftLogWorker: Starting segment from index:0
2022-08-03 01:53:01,608 [Listener at 127.0.0.1/35175] INFO  http.HttpServer2 (HttpServer2.java:addGlobalFilter(1029)) - Added global filter 'safety' (class=org.apache.hadoop.hdds.server.http.HttpServer2$QuotingInputFilter)
2022-08-03 01:53:01,609 [Listener at 127.0.0.1/35175] INFO  http.HttpServer2 (HttpServer2.java:addFilter(1005)) - Added filter static_user_filter (class=org.apache.hadoop.http.lib.StaticUserWebFilter$StaticUserFilter) to context hddsDatanode
2022-08-03 01:53:01,609 [Listener at 127.0.0.1/35175] INFO  http.HttpServer2 (HttpServer2.java:addFilter(1013)) - Added filter static_user_filter (class=org.apache.hadoop.http.lib.StaticUserWebFilter$StaticUserFilter) to context static
2022-08-03 01:53:01,609 [Listener at 127.0.0.1/35175] INFO  http.HttpServer2 (HttpServer2.java:addFilter(1013)) - Added filter static_user_filter (class=org.apache.hadoop.http.lib.StaticUserWebFilter$StaticUserFilter) to context logs
2022-08-03 01:53:01,610 [Listener at 127.0.0.1/35175] INFO  http.HttpServer2 (HttpServer2.java:bindListener(1248)) - Jetty bound to port 34077
2022-08-03 01:53:01,610 [Listener at 127.0.0.1/35175] INFO  server.Server (Server.java:doStart(375)) - jetty-9.4.43.v20210629; built: 2021-06-30T11:07:22.254Z; git: 526006ecfa3af7f1a27ef3a288e2bef7ea9dd7e8; jvm 1.8.0_332-b09
2022-08-03 01:53:01,689 [Listener at 127.0.0.1/35175] INFO  server.session (DefaultSessionIdManager.java:doStart(334)) - DefaultSessionIdManager workerName=node0
2022-08-03 01:53:01,689 [Listener at 127.0.0.1/35175] INFO  server.session (DefaultSessionIdManager.java:doStart(339)) - No SessionScavenger set, using defaults
2022-08-03 01:53:01,689 [Listener at 127.0.0.1/35175] INFO  server.session (HouseKeeper.java:startScavenging(132)) - node0 Scavenging every 600000ms
2022-08-03 01:53:01,697 [Listener at 127.0.0.1/35175] INFO  handler.ContextHandler (ContextHandler.java:doStart(915)) - Started o.e.j.s.ServletContextHandler@6dc78fa8{logs,/logs,file:///home/runner/work/ozone/ozone/hadoop-ozone/integration-test/target/log,AVAILABLE}
2022-08-03 01:53:01,697 [Listener at 127.0.0.1/35175] INFO  handler.ContextHandler (ContextHandler.java:doStart(915)) - Started o.e.j.s.ServletContextHandler@6ed4eacd{static,/static,jar:file:/home/runner/.m2/repository/org/apache/ozone/hdds-container-service/1.3.0-SNAPSHOT/hdds-container-service-1.3.0-SNAPSHOT.jar!/webapps/static,AVAILABLE}
2022-08-03 01:53:01,701 [om1@group-C5BA1605619E-LeaderElection1] INFO  server.RaftServer$Division (ServerState.java:setRaftConf(393)) - om1@group-C5BA1605619E: set configuration 0: [om1|rpc:localhost:9872|admin:|client:|dataStream:|priority:0], old=null
2022-08-03 01:53:01,753 [om1@group-C5BA1605619E-SegmentedRaftLogWorker] INFO  segmented.SegmentedRaftLogWorker (SegmentedRaftLogWorker.java:execute(629)) - om1@group-C5BA1605619E-SegmentedRaftLogWorker: created new log segment /home/runner/work/ozone/ozone/hadoop-ozone/integration-test/target/test-dir/MiniOzoneClusterImpl-6a096081-edc2-4b52-80a3-ccd1f0f4fae5/ozone-meta/ratis/bf265839-605b-3f16-9796-c5ba1605619e/current/log_inprogress_0
2022-08-03 01:53:01,869 [om1@group-C5BA1605619E-StateMachineUpdater] INFO  ratis.OzoneManagerStateMachine (OzoneManagerStateMachine.java:notifyConfigurationChanged(192)) - Received Configuration change notification from Ratis. New Peer list:
[id: "om1"
address: "localhost:9872"
]
2022-08-03 01:53:01,961 [Listener at 127.0.0.1/35175] INFO  handler.ContextHandler (ContextHandler.java:doStart(915)) - Started o.e.j.w.WebAppContext@7d3a7c31{hddsDatanode,/,file:///tmp/jetty-0_0_0_0-34077-hdds-container-service-1_3_0-SNAPSHOT_jar-_-any-2407615536530523037/webapp/,AVAILABLE}{jar:file:/home/runner/.m2/repository/org/apache/ozone/hdds-container-service/1.3.0-SNAPSHOT/hdds-container-service-1.3.0-SNAPSHOT.jar!/webapps/hddsDatanode}
2022-08-03 01:53:01,963 [Listener at 127.0.0.1/35175] INFO  server.AbstractConnector (AbstractConnector.java:doStart(331)) - Started ServerConnector@56725cf0{HTTP/1.1, (http/1.1)}{0.0.0.0:34077}
2022-08-03 01:53:01,963 [Listener at 127.0.0.1/35175] INFO  server.Server (Server.java:doStart(415)) - Started @9820ms
2022-08-03 01:53:01,963 [Listener at 127.0.0.1/35175] WARN  impl.MetricsSystemImpl (MetricsSystemImpl.java:register(279)) - Sink prometheus already exists!
2022-08-03 01:53:01,964 [Listener at 127.0.0.1/35175] INFO  http.BaseHttpServer (BaseHttpServer.java:updateConnectorAddress(329)) - HTTP server of hddsDatanode listening at http://0.0.0.0:34077
2022-08-03 01:53:01,965 [Listener at 127.0.0.1/35175] WARN  impl.MetricRegistriesImpl (MetricRegistriesImpl.java:addReporterRegistration(111)) - New reporters are added after registries were created. Some metrics will be missing from the reporter. Please add reporter before adding any new registry.
2022-08-03 01:53:01,965 [Listener at 127.0.0.1/35175] WARN  impl.MetricRegistriesImpl (MetricRegistriesImpl.java:addReporterRegistration(111)) - New reporters are added after registries were created. Some metrics will be missing from the reporter. Please add reporter before adding any new registry.
2022-08-03 01:53:01,965 [Listener at 127.0.0.1/35175] INFO  impl.MetricsSystemImpl (MetricsSystemImpl.java:init(158)) - HddsDatanode metrics system started (again)
2022-08-03 01:53:01,972 [Datanode State Machine Daemon Thread] INFO  statemachine.DatanodeStateMachine (DatanodeStateMachine.java:lambda$startDaemon$0(492)) - Ozone container server started.
2022-08-03 01:53:01,978 [Listener at 127.0.0.1/35175] INFO  ozone.HddsDatanodeService (HddsDatanodeService.java:start(236)) - HddsDatanodeService host:fv-az199-929.piossgaoozdutex3tpy4bgd4ka.dx.internal.cloudapp.net ip:10.1.0.23
2022-08-03 01:53:01,984 [org.apache.hadoop.util.JvmPauseMonitor$Monitor@7d7c3e64] INFO  util.JvmPauseMonitor (JvmPauseMonitor.java:run(188)) - Starting JVM pause monitor
2022-08-03 01:53:01,997 [Datanode State Machine Task Thread - 0] INFO  datanode.InitDatanodeState (InitDatanodeState.java:persistContainerDatanodeDetails(138)) - DatanodeDetails is persisted to /home/runner/work/ozone/ozone/hadoop-ozone/integration-test/target/test-dir/MiniOzoneClusterImpl-6a096081-edc2-4b52-80a3-ccd1f0f4fae5/datanode-1/meta/datanode.id
2022-08-03 01:53:02,018 [Listener at 127.0.0.1/35175] INFO  upgrade.AbstractLayoutVersionManager (AbstractLayoutVersionManager.java:init(83)) - Initializing Layout version manager with metadata layout = DATANODE_SCHEMA_V3 (version = 4), software layout = DATANODE_SCHEMA_V3 (version = 4)
2022-08-03 01:53:02,071 [Listener at 127.0.0.1/35175] INFO  reflections.Reflections (Reflections.java:scan(232)) - Reflections took 52 ms to scan 7 urls, producing 132 keys and 321 values 
2022-08-03 01:53:02,073 [Listener at 127.0.0.1/35175] INFO  statemachine.DatanodeStateMachine (DatanodeStateMachine.java:getEndPointTaskThreadPoolSize(237)) - Datanode State Machine Task Thread Pool size 2
2022-08-03 01:53:02,075 [Listener at 127.0.0.1/35175] INFO  volume.HddsVolume (HddsVolume.java:<init>(116)) - Creating HddsVolume: /home/runner/work/ozone/ozone/hadoop-ozone/integration-test/target/test-dir/MiniOzoneClusterImpl-6a096081-edc2-4b52-80a3-ccd1f0f4fae5/datanode-2/data-0/containers/hdds of storage type : DISK capacity : 9223372036854775807
2022-08-03 01:53:02,076 [Listener at 127.0.0.1/35175] INFO  volume.MutableVolumeSet (MutableVolumeSet.java:initializeVolumeSet(174)) - Added Volume : /home/runner/work/ozone/ozone/hadoop-ozone/integration-test/target/test-dir/MiniOzoneClusterImpl-6a096081-edc2-4b52-80a3-ccd1f0f4fae5/datanode-2/data-0/containers/hdds to VolumeSet
2022-08-03 01:53:02,076 [Listener at 127.0.0.1/35175] INFO  volume.ThrottledAsyncChecker (ThrottledAsyncChecker.java:schedule(141)) - Scheduling a check for /home/runner/work/ozone/ozone/hadoop-ozone/integration-test/target/test-dir/MiniOzoneClusterImpl-6a096081-edc2-4b52-80a3-ccd1f0f4fae5/datanode-2/data-0/containers/hdds
2022-08-03 01:53:02,079 [Listener at 127.0.0.1/35175] INFO  volume.StorageVolumeChecker (StorageVolumeChecker.java:checkAllVolumes(202)) - Scheduled health check for volume /home/runner/work/ozone/ozone/hadoop-ozone/integration-test/target/test-dir/MiniOzoneClusterImpl-6a096081-edc2-4b52-80a3-ccd1f0f4fae5/datanode-2/data-0/containers/hdds
2022-08-03 01:53:02,093 [Listener at 127.0.0.1/35175] INFO  volume.MutableVolumeSet (MutableVolumeSet.java:initializeVolumeSet(174)) - Added Volume : /home/runner/work/ozone/ozone/hadoop-ozone/integration-test/target/test-dir/MiniOzoneClusterImpl-6a096081-edc2-4b52-80a3-ccd1f0f4fae5/datanode-2/data/ratis to VolumeSet
2022-08-03 01:53:02,093 [Listener at 127.0.0.1/35175] INFO  volume.ThrottledAsyncChecker (ThrottledAsyncChecker.java:schedule(141)) - Scheduling a check for /home/runner/work/ozone/ozone/hadoop-ozone/integration-test/target/test-dir/MiniOzoneClusterImpl-6a096081-edc2-4b52-80a3-ccd1f0f4fae5/datanode-2/data/ratis
2022-08-03 01:53:02,093 [Listener at 127.0.0.1/35175] INFO  volume.StorageVolumeChecker (StorageVolumeChecker.java:checkAllVolumes(202)) - Scheduled health check for volume /home/runner/work/ozone/ozone/hadoop-ozone/integration-test/target/test-dir/MiniOzoneClusterImpl-6a096081-edc2-4b52-80a3-ccd1f0f4fae5/datanode-2/data/ratis
2022-08-03 01:53:02,108 [Thread-164] INFO  ozoneimpl.ContainerReader (ContainerReader.java:readVolume(175)) - Finish verifying containers on volume /home/runner/work/ozone/ozone/hadoop-ozone/integration-test/target/test-dir/MiniOzoneClusterImpl-6a096081-edc2-4b52-80a3-ccd1f0f4fae5/datanode-2/data-0/containers/hdds
2022-08-03 01:53:02,108 [Listener at 127.0.0.1/35175] INFO  ozoneimpl.OzoneContainer (OzoneContainer.java:buildContainerSet(299)) - Build ContainerSet costs 0s
2022-08-03 01:53:02,112 [Listener at 127.0.0.1/35175] INFO  server.RaftServer (ConfUtils.java:logGet(46)) - raft.rpc.type = GRPC (default)
2022-08-03 01:53:02,112 [Listener at 127.0.0.1/35175] INFO  grpc.GrpcFactory (GrpcFactory.java:checkPooledByteBufAllocatorUseCacheForAllThreads(48)) - PERFORMANCE WARNING: useCacheForAllThreads is true that may cause Netty to create a lot garbage objects and, as a result, trigger GC.
	It is recommended to disable useCacheForAllThreads by setting -Dorg.apache.ratis.thirdparty.io.netty.allocator.useCacheForAllThreads=false in command line.
2022-08-03 01:53:02,113 [Listener at 127.0.0.1/35175] INFO  grpc.GrpcConfigKeys (ConfUtils.java:logGet(46)) - raft.grpc.admin.port = 0 (custom)
2022-08-03 01:53:02,113 [Listener at 127.0.0.1/35175] INFO  grpc.GrpcConfigKeys (ConfUtils.java:logGet(46)) - raft.grpc.client.port = 0 (custom)
2022-08-03 01:53:02,113 [Listener at 127.0.0.1/35175] INFO  grpc.GrpcConfigKeys (ConfUtils.java:logGet(46)) - raft.grpc.server.port = 0 (default)
2022-08-03 01:53:02,114 [Listener at 127.0.0.1/35175] INFO  server.GrpcService (ConfUtils.java:logGet(46)) - raft.grpc.message.size.max = 32MB (=33554432) (custom)
2022-08-03 01:53:02,114 [Listener at 127.0.0.1/35175] INFO  server.RaftServerConfigKeys (ConfUtils.java:logGet(46)) - raft.server.log.appender.buffer.byte-limit = 33554432 (custom)
2022-08-03 01:53:02,114 [Listener at 127.0.0.1/35175] INFO  server.GrpcService (ConfUtils.java:logGet(46)) - raft.grpc.flow.control.window = 5MB (=5242880) (custom)
2022-08-03 01:53:02,114 [Listener at 127.0.0.1/35175] INFO  server.RaftServerConfigKeys (ConfUtils.java:logGet(46)) - raft.server.rpc.request.timeout = 60s (custom)
2022-08-03 01:53:02,115 [Listener at 127.0.0.1/35175] INFO  grpc.GrpcConfigKeys (ConfUtils.java:logGet(46)) - raft.grpc.server.async.request.thread.pool.cached = true (default)
2022-08-03 01:53:02,115 [Listener at 127.0.0.1/35175] INFO  grpc.GrpcConfigKeys (ConfUtils.java:logGet(46)) - raft.grpc.server.async.request.thread.pool.size = 32 (default)
2022-08-03 01:53:02,117 [Listener at 127.0.0.1/35175] INFO  impl.DataStreamServerImpl (ConfUtils.java:logGet(46)) - raft.datastream.type = DISABLED (default)
2022-08-03 01:53:02,117 [Listener at 127.0.0.1/35175] INFO  server.RaftServerConfigKeys (ConfUtils.java:logGet(46)) - raft.server.threadpool.proxy.cached = true (default)
2022-08-03 01:53:02,117 [Listener at 127.0.0.1/35175] INFO  server.RaftServerConfigKeys (ConfUtils.java:logGet(46)) - raft.server.threadpool.proxy.size = 0 (default)
2022-08-03 01:53:02,117 [Listener at 127.0.0.1/35175] INFO  server.RaftServerConfigKeys (ConfUtils.java:logGet(46)) - raft.server.rpc.slowness.timeout = 300s (custom)
2022-08-03 01:53:02,118 [Listener at 127.0.0.1/35175] INFO  server.RaftServerConfigKeys (ConfUtils.java:logGet(46)) - raft.server.leaderelection.leader.step-down.wait-time = 10s (default)
2022-08-03 01:53:02,118 [Listener at 127.0.0.1/35175] INFO  server.RaftServerConfigKeys (ConfUtils.java:logGet(46)) - raft.server.storage.dir = [/home/runner/work/ozone/ozone/hadoop-ozone/integration-test/target/test-dir/MiniOzoneClusterImpl-6a096081-edc2-4b52-80a3-ccd1f0f4fae5/datanode-2/data/ratis] (custom)
2022-08-03 01:53:02,120 [Listener at 127.0.0.1/35175] INFO  server.XceiverServerGrpc (XceiverServerGrpc.java:<init>(132)) - GrpcServer channel type EpollServerSocketChannel
2022-08-03 01:53:02,123 [Listener at 127.0.0.1/35175] INFO  http.BaseHttpServer (BaseHttpServer.java:newHttpServer2BuilderForOzone(209)) - Starting Web-server for hddsDatanode at: http://0.0.0.0:0
2022-08-03 01:53:02,123 [Listener at 127.0.0.1/35175] INFO  http.BaseHttpServer (BaseHttpServer.java:<init>(107)) - Hadoop Security Enabled: false Ozone Security Enabled: false Ozone HTTP Security Enabled: false 
2022-08-03 01:53:02,125 [Listener at 127.0.0.1/35175] INFO  server.AuthenticationFilter (AuthenticationFilter.java:constructSecretProvider(240)) - Unable to initialize FileSignerSecretProvider, falling back to use random secrets.
2022-08-03 01:53:02,125 [Listener at 127.0.0.1/35175] WARN  http.HttpRequestLog (HttpRequestLog.java:getRequestLog(103)) - Jetty request log can only be enabled using Log4j
2022-08-03 01:53:02,127 [Listener at 127.0.0.1/35175] INFO  http.HttpServer2 (HttpServer2.java:addGlobalFilter(1029)) - Added global filter 'safety' (class=org.apache.hadoop.hdds.server.http.HttpServer2$QuotingInputFilter)
2022-08-03 01:53:02,127 [Listener at 127.0.0.1/35175] INFO  http.HttpServer2 (HttpServer2.java:addFilter(1005)) - Added filter static_user_filter (class=org.apache.hadoop.http.lib.StaticUserWebFilter$StaticUserFilter) to context hddsDatanode
2022-08-03 01:53:02,128 [Listener at 127.0.0.1/35175] INFO  http.HttpServer2 (HttpServer2.java:addFilter(1013)) - Added filter static_user_filter (class=org.apache.hadoop.http.lib.StaticUserWebFilter$StaticUserFilter) to context logs
2022-08-03 01:53:02,128 [Listener at 127.0.0.1/35175] INFO  http.HttpServer2 (HttpServer2.java:addFilter(1013)) - Added filter static_user_filter (class=org.apache.hadoop.http.lib.StaticUserWebFilter$StaticUserFilter) to context static
2022-08-03 01:53:02,129 [Listener at 127.0.0.1/35175] INFO  http.HttpServer2 (HttpServer2.java:bindListener(1248)) - Jetty bound to port 44115
2022-08-03 01:53:02,129 [Listener at 127.0.0.1/35175] INFO  server.Server (Server.java:doStart(375)) - jetty-9.4.43.v20210629; built: 2021-06-30T11:07:22.254Z; git: 526006ecfa3af7f1a27ef3a288e2bef7ea9dd7e8; jvm 1.8.0_332-b09
2022-08-03 01:53:02,136 [Listener at 127.0.0.1/35175] INFO  server.session (DefaultSessionIdManager.java:doStart(334)) - DefaultSessionIdManager workerName=node0
2022-08-03 01:53:02,136 [Listener at 127.0.0.1/35175] INFO  server.session (DefaultSessionIdManager.java:doStart(339)) - No SessionScavenger set, using defaults
2022-08-03 01:53:02,137 [Listener at 127.0.0.1/35175] INFO  server.session (HouseKeeper.java:startScavenging(132)) - node0 Scavenging every 660000ms
2022-08-03 01:53:02,138 [Listener at 127.0.0.1/35175] INFO  handler.ContextHandler (ContextHandler.java:doStart(915)) - Started o.e.j.s.ServletContextHandler@ce7e450{logs,/logs,file:///home/runner/work/ozone/ozone/hadoop-ozone/integration-test/target/log,AVAILABLE}
2022-08-03 01:53:02,138 [Listener at 127.0.0.1/35175] INFO  handler.ContextHandler (ContextHandler.java:doStart(915)) - Started o.e.j.s.ServletContextHandler@31f8fc83{static,/static,jar:file:/home/runner/.m2/repository/org/apache/ozone/hdds-container-service/1.3.0-SNAPSHOT/hdds-container-service-1.3.0-SNAPSHOT.jar!/webapps/static,AVAILABLE}
2022-08-03 01:53:02,325 [Listener at 127.0.0.1/35175] INFO  handler.ContextHandler (ContextHandler.java:doStart(915)) - Started o.e.j.w.WebAppContext@70c81870{hddsDatanode,/,file:///tmp/jetty-0_0_0_0-44115-hdds-container-service-1_3_0-SNAPSHOT_jar-_-any-7992072005382973023/webapp/,AVAILABLE}{jar:file:/home/runner/.m2/repository/org/apache/ozone/hdds-container-service/1.3.0-SNAPSHOT/hdds-container-service-1.3.0-SNAPSHOT.jar!/webapps/hddsDatanode}
2022-08-03 01:53:02,327 [Listener at 127.0.0.1/35175] INFO  server.AbstractConnector (AbstractConnector.java:doStart(331)) - Started ServerConnector@6ea248fd{HTTP/1.1, (http/1.1)}{0.0.0.0:44115}
2022-08-03 01:53:02,327 [Listener at 127.0.0.1/35175] INFO  server.Server (Server.java:doStart(415)) - Started @10184ms
2022-08-03 01:53:02,327 [Listener at 127.0.0.1/35175] WARN  impl.MetricsSystemImpl (MetricsSystemImpl.java:register(279)) - Sink prometheus already exists!
2022-08-03 01:53:02,328 [Listener at 127.0.0.1/35175] INFO  http.BaseHttpServer (BaseHttpServer.java:updateConnectorAddress(329)) - HTTP server of hddsDatanode listening at http://0.0.0.0:44115
2022-08-03 01:53:02,328 [Listener at 127.0.0.1/35175] WARN  impl.MetricRegistriesImpl (MetricRegistriesImpl.java:addReporterRegistration(111)) - New reporters are added after registries were created. Some metrics will be missing from the reporter. Please add reporter before adding any new registry.
2022-08-03 01:53:02,329 [Listener at 127.0.0.1/35175] WARN  impl.MetricRegistriesImpl (MetricRegistriesImpl.java:addReporterRegistration(111)) - New reporters are added after registries were created. Some metrics will be missing from the reporter. Please add reporter before adding any new registry.
2022-08-03 01:53:02,329 [Listener at 127.0.0.1/35175] INFO  impl.MetricsSystemImpl (MetricsSystemImpl.java:init(158)) - HddsDatanode metrics system started (again)
2022-08-03 01:53:02,333 [Datanode State Machine Daemon Thread] INFO  statemachine.DatanodeStateMachine (DatanodeStateMachine.java:lambda$startDaemon$0(492)) - Ozone container server started.
2022-08-03 01:53:02,351 [Listener at 127.0.0.1/35175] INFO  ozone.HddsDatanodeService (HddsDatanodeService.java:start(236)) - HddsDatanodeService host:fv-az199-929.piossgaoozdutex3tpy4bgd4ka.dx.internal.cloudapp.net ip:10.1.0.23
2022-08-03 01:53:02,356 [org.apache.hadoop.util.JvmPauseMonitor$Monitor@607e5458] INFO  util.JvmPauseMonitor (JvmPauseMonitor.java:run(188)) - Starting JVM pause monitor
2022-08-03 01:53:02,362 [Datanode State Machine Task Thread - 0] INFO  datanode.InitDatanodeState (InitDatanodeState.java:persistContainerDatanodeDetails(138)) - DatanodeDetails is persisted to /home/runner/work/ozone/ozone/hadoop-ozone/integration-test/target/test-dir/MiniOzoneClusterImpl-6a096081-edc2-4b52-80a3-ccd1f0f4fae5/datanode-2/meta/datanode.id
2022-08-03 01:53:02,389 [Listener at 127.0.0.1/35175] INFO  upgrade.AbstractLayoutVersionManager (AbstractLayoutVersionManager.java:init(83)) - Initializing Layout version manager with metadata layout = DATANODE_SCHEMA_V3 (version = 4), software layout = DATANODE_SCHEMA_V3 (version = 4)
2022-08-03 01:53:02,440 [Listener at 127.0.0.1/35175] INFO  reflections.Reflections (Reflections.java:scan(232)) - Reflections took 48 ms to scan 7 urls, producing 132 keys and 321 values 
2022-08-03 01:53:02,441 [Listener at 127.0.0.1/35175] INFO  statemachine.DatanodeStateMachine (DatanodeStateMachine.java:getEndPointTaskThreadPoolSize(237)) - Datanode State Machine Task Thread Pool size 2
2022-08-03 01:53:02,444 [Listener at 127.0.0.1/35175] INFO  volume.HddsVolume (HddsVolume.java:<init>(116)) - Creating HddsVolume: /home/runner/work/ozone/ozone/hadoop-ozone/integration-test/target/test-dir/MiniOzoneClusterImpl-6a096081-edc2-4b52-80a3-ccd1f0f4fae5/datanode-3/data-0/containers/hdds of storage type : DISK capacity : 9223372036854775807
2022-08-03 01:53:02,444 [Listener at 127.0.0.1/35175] INFO  volume.MutableVolumeSet (MutableVolumeSet.java:initializeVolumeSet(174)) - Added Volume : /home/runner/work/ozone/ozone/hadoop-ozone/integration-test/target/test-dir/MiniOzoneClusterImpl-6a096081-edc2-4b52-80a3-ccd1f0f4fae5/datanode-3/data-0/containers/hdds to VolumeSet
2022-08-03 01:53:02,444 [Listener at 127.0.0.1/35175] INFO  volume.ThrottledAsyncChecker (ThrottledAsyncChecker.java:schedule(141)) - Scheduling a check for /home/runner/work/ozone/ozone/hadoop-ozone/integration-test/target/test-dir/MiniOzoneClusterImpl-6a096081-edc2-4b52-80a3-ccd1f0f4fae5/datanode-3/data-0/containers/hdds
2022-08-03 01:53:02,447 [Listener at 127.0.0.1/35175] INFO  volume.StorageVolumeChecker (StorageVolumeChecker.java:checkAllVolumes(202)) - Scheduled health check for volume /home/runner/work/ozone/ozone/hadoop-ozone/integration-test/target/test-dir/MiniOzoneClusterImpl-6a096081-edc2-4b52-80a3-ccd1f0f4fae5/datanode-3/data-0/containers/hdds
2022-08-03 01:53:02,458 [Listener at 127.0.0.1/35175] INFO  volume.MutableVolumeSet (MutableVolumeSet.java:initializeVolumeSet(174)) - Added Volume : /home/runner/work/ozone/ozone/hadoop-ozone/integration-test/target/test-dir/MiniOzoneClusterImpl-6a096081-edc2-4b52-80a3-ccd1f0f4fae5/datanode-3/data/ratis to VolumeSet
2022-08-03 01:53:02,458 [Listener at 127.0.0.1/35175] INFO  volume.ThrottledAsyncChecker (ThrottledAsyncChecker.java:schedule(141)) - Scheduling a check for /home/runner/work/ozone/ozone/hadoop-ozone/integration-test/target/test-dir/MiniOzoneClusterImpl-6a096081-edc2-4b52-80a3-ccd1f0f4fae5/datanode-3/data/ratis
2022-08-03 01:53:02,459 [Listener at 127.0.0.1/35175] INFO  volume.StorageVolumeChecker (StorageVolumeChecker.java:checkAllVolumes(202)) - Scheduled health check for volume /home/runner/work/ozone/ozone/hadoop-ozone/integration-test/target/test-dir/MiniOzoneClusterImpl-6a096081-edc2-4b52-80a3-ccd1f0f4fae5/datanode-3/data/ratis
2022-08-03 01:53:02,477 [Thread-177] INFO  ozoneimpl.ContainerReader (ContainerReader.java:readVolume(175)) - Finish verifying containers on volume /home/runner/work/ozone/ozone/hadoop-ozone/integration-test/target/test-dir/MiniOzoneClusterImpl-6a096081-edc2-4b52-80a3-ccd1f0f4fae5/datanode-3/data-0/containers/hdds
2022-08-03 01:53:02,477 [Listener at 127.0.0.1/35175] INFO  ozoneimpl.OzoneContainer (OzoneContainer.java:buildContainerSet(299)) - Build ContainerSet costs 0s
2022-08-03 01:53:02,480 [Listener at 127.0.0.1/35175] INFO  server.RaftServer (ConfUtils.java:logGet(46)) - raft.rpc.type = GRPC (default)
2022-08-03 01:53:02,480 [Listener at 127.0.0.1/35175] INFO  grpc.GrpcFactory (GrpcFactory.java:checkPooledByteBufAllocatorUseCacheForAllThreads(48)) - PERFORMANCE WARNING: useCacheForAllThreads is true that may cause Netty to create a lot garbage objects and, as a result, trigger GC.
	It is recommended to disable useCacheForAllThreads by setting -Dorg.apache.ratis.thirdparty.io.netty.allocator.useCacheForAllThreads=false in command line.
2022-08-03 01:53:02,480 [Listener at 127.0.0.1/35175] INFO  grpc.GrpcConfigKeys (ConfUtils.java:logGet(46)) - raft.grpc.admin.port = 0 (custom)
2022-08-03 01:53:02,481 [Listener at 127.0.0.1/35175] INFO  grpc.GrpcConfigKeys (ConfUtils.java:logGet(46)) - raft.grpc.client.port = 0 (custom)
2022-08-03 01:53:02,481 [Listener at 127.0.0.1/35175] INFO  grpc.GrpcConfigKeys (ConfUtils.java:logGet(46)) - raft.grpc.server.port = 0 (default)
2022-08-03 01:53:02,481 [Listener at 127.0.0.1/35175] INFO  server.GrpcService (ConfUtils.java:logGet(46)) - raft.grpc.message.size.max = 32MB (=33554432) (custom)
2022-08-03 01:53:02,481 [Listener at 127.0.0.1/35175] INFO  server.RaftServerConfigKeys (ConfUtils.java:logGet(46)) - raft.server.log.appender.buffer.byte-limit = 33554432 (custom)
2022-08-03 01:53:02,481 [Listener at 127.0.0.1/35175] INFO  server.GrpcService (ConfUtils.java:logGet(46)) - raft.grpc.flow.control.window = 5MB (=5242880) (custom)
2022-08-03 01:53:02,481 [Listener at 127.0.0.1/35175] INFO  server.RaftServerConfigKeys (ConfUtils.java:logGet(46)) - raft.server.rpc.request.timeout = 60s (custom)
2022-08-03 01:53:02,482 [Listener at 127.0.0.1/35175] INFO  grpc.GrpcConfigKeys (ConfUtils.java:logGet(46)) - raft.grpc.server.async.request.thread.pool.cached = true (default)
2022-08-03 01:53:02,482 [Listener at 127.0.0.1/35175] INFO  grpc.GrpcConfigKeys (ConfUtils.java:logGet(46)) - raft.grpc.server.async.request.thread.pool.size = 32 (default)
2022-08-03 01:53:02,483 [Listener at 127.0.0.1/35175] INFO  impl.DataStreamServerImpl (ConfUtils.java:logGet(46)) - raft.datastream.type = DISABLED (default)
2022-08-03 01:53:02,483 [Listener at 127.0.0.1/35175] INFO  server.RaftServerConfigKeys (ConfUtils.java:logGet(46)) - raft.server.threadpool.proxy.cached = true (default)
2022-08-03 01:53:02,483 [Listener at 127.0.0.1/35175] INFO  server.RaftServerConfigKeys (ConfUtils.java:logGet(46)) - raft.server.threadpool.proxy.size = 0 (default)
2022-08-03 01:53:02,483 [Listener at 127.0.0.1/35175] INFO  server.RaftServerConfigKeys (ConfUtils.java:logGet(46)) - raft.server.rpc.slowness.timeout = 300s (custom)
2022-08-03 01:53:02,484 [Listener at 127.0.0.1/35175] INFO  server.RaftServerConfigKeys (ConfUtils.java:logGet(46)) - raft.server.leaderelection.leader.step-down.wait-time = 10s (default)
2022-08-03 01:53:02,484 [Listener at 127.0.0.1/35175] INFO  server.RaftServerConfigKeys (ConfUtils.java:logGet(46)) - raft.server.storage.dir = [/home/runner/work/ozone/ozone/hadoop-ozone/integration-test/target/test-dir/MiniOzoneClusterImpl-6a096081-edc2-4b52-80a3-ccd1f0f4fae5/datanode-3/data/ratis] (custom)
2022-08-03 01:53:02,486 [Listener at 127.0.0.1/35175] INFO  server.XceiverServerGrpc (XceiverServerGrpc.java:<init>(132)) - GrpcServer channel type EpollServerSocketChannel
2022-08-03 01:53:02,490 [Listener at 127.0.0.1/35175] INFO  http.BaseHttpServer (BaseHttpServer.java:newHttpServer2BuilderForOzone(209)) - Starting Web-server for hddsDatanode at: http://0.0.0.0:0
2022-08-03 01:53:02,490 [Listener at 127.0.0.1/35175] INFO  http.BaseHttpServer (BaseHttpServer.java:<init>(107)) - Hadoop Security Enabled: false Ozone Security Enabled: false Ozone HTTP Security Enabled: false 
2022-08-03 01:53:02,491 [Listener at 127.0.0.1/35175] INFO  server.AuthenticationFilter (AuthenticationFilter.java:constructSecretProvider(240)) - Unable to initialize FileSignerSecretProvider, falling back to use random secrets.
2022-08-03 01:53:02,492 [Listener at 127.0.0.1/35175] WARN  http.HttpRequestLog (HttpRequestLog.java:getRequestLog(103)) - Jetty request log can only be enabled using Log4j
2022-08-03 01:53:02,493 [Listener at 127.0.0.1/35175] INFO  http.HttpServer2 (HttpServer2.java:addGlobalFilter(1029)) - Added global filter 'safety' (class=org.apache.hadoop.hdds.server.http.HttpServer2$QuotingInputFilter)
2022-08-03 01:53:02,494 [Listener at 127.0.0.1/35175] INFO  http.HttpServer2 (HttpServer2.java:addFilter(1005)) - Added filter static_user_filter (class=org.apache.hadoop.http.lib.StaticUserWebFilter$StaticUserFilter) to context hddsDatanode
2022-08-03 01:53:02,494 [Listener at 127.0.0.1/35175] INFO  http.HttpServer2 (HttpServer2.java:addFilter(1013)) - Added filter static_user_filter (class=org.apache.hadoop.http.lib.StaticUserWebFilter$StaticUserFilter) to context static
2022-08-03 01:53:02,494 [Listener at 127.0.0.1/35175] INFO  http.HttpServer2 (HttpServer2.java:addFilter(1013)) - Added filter static_user_filter (class=org.apache.hadoop.http.lib.StaticUserWebFilter$StaticUserFilter) to context logs
2022-08-03 01:53:02,495 [Listener at 127.0.0.1/35175] INFO  http.HttpServer2 (HttpServer2.java:bindListener(1248)) - Jetty bound to port 46427
2022-08-03 01:53:02,495 [Listener at 127.0.0.1/35175] INFO  server.Server (Server.java:doStart(375)) - jetty-9.4.43.v20210629; built: 2021-06-30T11:07:22.254Z; git: 526006ecfa3af7f1a27ef3a288e2bef7ea9dd7e8; jvm 1.8.0_332-b09
2022-08-03 01:53:02,497 [Listener at 127.0.0.1/35175] INFO  server.session (DefaultSessionIdManager.java:doStart(334)) - DefaultSessionIdManager workerName=node0
2022-08-03 01:53:02,497 [Listener at 127.0.0.1/35175] INFO  server.session (DefaultSessionIdManager.java:doStart(339)) - No SessionScavenger set, using defaults
2022-08-03 01:53:02,498 [Listener at 127.0.0.1/35175] INFO  server.session (HouseKeeper.java:startScavenging(132)) - node0 Scavenging every 660000ms
2022-08-03 01:53:02,498 [Listener at 127.0.0.1/35175] INFO  handler.ContextHandler (ContextHandler.java:doStart(915)) - Started o.e.j.s.ServletContextHandler@66505b79{logs,/logs,file:///home/runner/work/ozone/ozone/hadoop-ozone/integration-test/target/log,AVAILABLE}
2022-08-03 01:53:02,499 [Listener at 127.0.0.1/35175] INFO  handler.ContextHandler (ContextHandler.java:doStart(915)) - Started o.e.j.s.ServletContextHandler@7f9c22ac{static,/static,jar:file:/home/runner/.m2/repository/org/apache/ozone/hdds-container-service/1.3.0-SNAPSHOT/hdds-container-service-1.3.0-SNAPSHOT.jar!/webapps/static,AVAILABLE}
2022-08-03 01:53:02,688 [Listener at 127.0.0.1/35175] INFO  handler.ContextHandler (ContextHandler.java:doStart(915)) - Started o.e.j.w.WebAppContext@48cd313{hddsDatanode,/,file:///tmp/jetty-0_0_0_0-46427-hdds-container-service-1_3_0-SNAPSHOT_jar-_-any-7728127668781692070/webapp/,AVAILABLE}{jar:file:/home/runner/.m2/repository/org/apache/ozone/hdds-container-service/1.3.0-SNAPSHOT/hdds-container-service-1.3.0-SNAPSHOT.jar!/webapps/hddsDatanode}
2022-08-03 01:53:02,690 [Listener at 127.0.0.1/35175] INFO  server.AbstractConnector (AbstractConnector.java:doStart(331)) - Started ServerConnector@6e3a8d16{HTTP/1.1, (http/1.1)}{0.0.0.0:46427}
2022-08-03 01:53:02,690 [Listener at 127.0.0.1/35175] INFO  server.Server (Server.java:doStart(415)) - Started @10547ms
2022-08-03 01:53:02,690 [Listener at 127.0.0.1/35175] WARN  impl.MetricsSystemImpl (MetricsSystemImpl.java:register(279)) - Sink prometheus already exists!
2022-08-03 01:53:02,691 [Listener at 127.0.0.1/35175] INFO  http.BaseHttpServer (BaseHttpServer.java:updateConnectorAddress(329)) - HTTP server of hddsDatanode listening at http://0.0.0.0:46427
2022-08-03 01:53:02,693 [Listener at 127.0.0.1/35175] WARN  impl.MetricRegistriesImpl (MetricRegistriesImpl.java:addReporterRegistration(111)) - New reporters are added after registries were created. Some metrics will be missing from the reporter. Please add reporter before adding any new registry.
2022-08-03 01:53:02,693 [Listener at 127.0.0.1/35175] WARN  impl.MetricRegistriesImpl (MetricRegistriesImpl.java:addReporterRegistration(111)) - New reporters are added after registries were created. Some metrics will be missing from the reporter. Please add reporter before adding any new registry.
2022-08-03 01:53:02,693 [Listener at 127.0.0.1/35175] INFO  impl.MetricsSystemImpl (MetricsSystemImpl.java:init(158)) - HddsDatanode metrics system started (again)
2022-08-03 01:53:02,697 [Datanode State Machine Daemon Thread] INFO  statemachine.DatanodeStateMachine (DatanodeStateMachine.java:lambda$startDaemon$0(492)) - Ozone container server started.
2022-08-03 01:53:02,713 [org.apache.hadoop.util.JvmPauseMonitor$Monitor@2ebdaf20] INFO  util.JvmPauseMonitor (JvmPauseMonitor.java:run(188)) - Starting JVM pause monitor
2022-08-03 01:53:02,721 [Listener at 127.0.0.1/35175] INFO  ozone.HddsDatanodeService (HddsDatanodeService.java:start(236)) - HddsDatanodeService host:fv-az199-929.piossgaoozdutex3tpy4bgd4ka.dx.internal.cloudapp.net ip:10.1.0.23
2022-08-03 01:53:02,724 [Datanode State Machine Task Thread - 0] INFO  datanode.InitDatanodeState (InitDatanodeState.java:persistContainerDatanodeDetails(138)) - DatanodeDetails is persisted to /home/runner/work/ozone/ozone/hadoop-ozone/integration-test/target/test-dir/MiniOzoneClusterImpl-6a096081-edc2-4b52-80a3-ccd1f0f4fae5/datanode-3/meta/datanode.id
2022-08-03 01:53:02,750 [Listener at 127.0.0.1/35175] INFO  upgrade.AbstractLayoutVersionManager (AbstractLayoutVersionManager.java:init(83)) - Initializing Layout version manager with metadata layout = DATANODE_SCHEMA_V3 (version = 4), software layout = DATANODE_SCHEMA_V3 (version = 4)
2022-08-03 01:53:02,793 [Listener at 127.0.0.1/35175] INFO  reflections.Reflections (Reflections.java:scan(232)) - Reflections took 42 ms to scan 7 urls, producing 132 keys and 321 values 
2022-08-03 01:53:02,794 [Listener at 127.0.0.1/35175] INFO  statemachine.DatanodeStateMachine (DatanodeStateMachine.java:getEndPointTaskThreadPoolSize(237)) - Datanode State Machine Task Thread Pool size 2
2022-08-03 01:53:02,806 [Listener at 127.0.0.1/35175] INFO  volume.HddsVolume (HddsVolume.java:<init>(116)) - Creating HddsVolume: /home/runner/work/ozone/ozone/hadoop-ozone/integration-test/target/test-dir/MiniOzoneClusterImpl-6a096081-edc2-4b52-80a3-ccd1f0f4fae5/datanode-4/data-0/containers/hdds of storage type : DISK capacity : 9223372036854775807
2022-08-03 01:53:02,806 [Listener at 127.0.0.1/35175] INFO  volume.MutableVolumeSet (MutableVolumeSet.java:initializeVolumeSet(174)) - Added Volume : /home/runner/work/ozone/ozone/hadoop-ozone/integration-test/target/test-dir/MiniOzoneClusterImpl-6a096081-edc2-4b52-80a3-ccd1f0f4fae5/datanode-4/data-0/containers/hdds to VolumeSet
2022-08-03 01:53:02,806 [Listener at 127.0.0.1/35175] INFO  volume.ThrottledAsyncChecker (ThrottledAsyncChecker.java:schedule(141)) - Scheduling a check for /home/runner/work/ozone/ozone/hadoop-ozone/integration-test/target/test-dir/MiniOzoneClusterImpl-6a096081-edc2-4b52-80a3-ccd1f0f4fae5/datanode-4/data-0/containers/hdds
2022-08-03 01:53:02,807 [Listener at 127.0.0.1/35175] INFO  volume.StorageVolumeChecker (StorageVolumeChecker.java:checkAllVolumes(202)) - Scheduled health check for volume /home/runner/work/ozone/ozone/hadoop-ozone/integration-test/target/test-dir/MiniOzoneClusterImpl-6a096081-edc2-4b52-80a3-ccd1f0f4fae5/datanode-4/data-0/containers/hdds
2022-08-03 01:53:02,818 [Listener at 127.0.0.1/35175] INFO  volume.MutableVolumeSet (MutableVolumeSet.java:initializeVolumeSet(174)) - Added Volume : /home/runner/work/ozone/ozone/hadoop-ozone/integration-test/target/test-dir/MiniOzoneClusterImpl-6a096081-edc2-4b52-80a3-ccd1f0f4fae5/datanode-4/data/ratis to VolumeSet
2022-08-03 01:53:02,819 [Listener at 127.0.0.1/35175] INFO  volume.ThrottledAsyncChecker (ThrottledAsyncChecker.java:schedule(141)) - Scheduling a check for /home/runner/work/ozone/ozone/hadoop-ozone/integration-test/target/test-dir/MiniOzoneClusterImpl-6a096081-edc2-4b52-80a3-ccd1f0f4fae5/datanode-4/data/ratis
2022-08-03 01:53:02,819 [Listener at 127.0.0.1/35175] INFO  volume.StorageVolumeChecker (StorageVolumeChecker.java:checkAllVolumes(202)) - Scheduled health check for volume /home/runner/work/ozone/ozone/hadoop-ozone/integration-test/target/test-dir/MiniOzoneClusterImpl-6a096081-edc2-4b52-80a3-ccd1f0f4fae5/datanode-4/data/ratis
2022-08-03 01:53:02,831 [Thread-190] INFO  ozoneimpl.ContainerReader (ContainerReader.java:readVolume(175)) - Finish verifying containers on volume /home/runner/work/ozone/ozone/hadoop-ozone/integration-test/target/test-dir/MiniOzoneClusterImpl-6a096081-edc2-4b52-80a3-ccd1f0f4fae5/datanode-4/data-0/containers/hdds
2022-08-03 01:53:02,831 [Listener at 127.0.0.1/35175] INFO  ozoneimpl.OzoneContainer (OzoneContainer.java:buildContainerSet(299)) - Build ContainerSet costs 0s
2022-08-03 01:53:02,834 [Listener at 127.0.0.1/35175] INFO  server.RaftServer (ConfUtils.java:logGet(46)) - raft.rpc.type = GRPC (default)
2022-08-03 01:53:02,834 [Listener at 127.0.0.1/35175] INFO  grpc.GrpcFactory (GrpcFactory.java:checkPooledByteBufAllocatorUseCacheForAllThreads(48)) - PERFORMANCE WARNING: useCacheForAllThreads is true that may cause Netty to create a lot garbage objects and, as a result, trigger GC.
	It is recommended to disable useCacheForAllThreads by setting -Dorg.apache.ratis.thirdparty.io.netty.allocator.useCacheForAllThreads=false in command line.
2022-08-03 01:53:02,835 [Listener at 127.0.0.1/35175] INFO  grpc.GrpcConfigKeys (ConfUtils.java:logGet(46)) - raft.grpc.admin.port = 0 (custom)
2022-08-03 01:53:02,835 [Listener at 127.0.0.1/35175] INFO  grpc.GrpcConfigKeys (ConfUtils.java:logGet(46)) - raft.grpc.client.port = 0 (custom)
2022-08-03 01:53:02,835 [Listener at 127.0.0.1/35175] INFO  grpc.GrpcConfigKeys (ConfUtils.java:logGet(46)) - raft.grpc.server.port = 0 (default)
2022-08-03 01:53:02,835 [Listener at 127.0.0.1/35175] INFO  server.GrpcService (ConfUtils.java:logGet(46)) - raft.grpc.message.size.max = 32MB (=33554432) (custom)
2022-08-03 01:53:02,835 [Listener at 127.0.0.1/35175] INFO  server.RaftServerConfigKeys (ConfUtils.java:logGet(46)) - raft.server.log.appender.buffer.byte-limit = 33554432 (custom)
2022-08-03 01:53:02,835 [Listener at 127.0.0.1/35175] INFO  server.GrpcService (ConfUtils.java:logGet(46)) - raft.grpc.flow.control.window = 5MB (=5242880) (custom)
2022-08-03 01:53:02,836 [Listener at 127.0.0.1/35175] INFO  server.RaftServerConfigKeys (ConfUtils.java:logGet(46)) - raft.server.rpc.request.timeout = 60s (custom)
2022-08-03 01:53:02,836 [Listener at 127.0.0.1/35175] INFO  grpc.GrpcConfigKeys (ConfUtils.java:logGet(46)) - raft.grpc.server.async.request.thread.pool.cached = true (default)
2022-08-03 01:53:02,836 [Listener at 127.0.0.1/35175] INFO  grpc.GrpcConfigKeys (ConfUtils.java:logGet(46)) - raft.grpc.server.async.request.thread.pool.size = 32 (default)
2022-08-03 01:53:02,837 [Listener at 127.0.0.1/35175] INFO  impl.DataStreamServerImpl (ConfUtils.java:logGet(46)) - raft.datastream.type = DISABLED (default)
2022-08-03 01:53:02,837 [Listener at 127.0.0.1/35175] INFO  server.RaftServerConfigKeys (ConfUtils.java:logGet(46)) - raft.server.threadpool.proxy.cached = true (default)
2022-08-03 01:53:02,838 [Listener at 127.0.0.1/35175] INFO  server.RaftServerConfigKeys (ConfUtils.java:logGet(46)) - raft.server.threadpool.proxy.size = 0 (default)
2022-08-03 01:53:02,838 [Listener at 127.0.0.1/35175] INFO  server.RaftServerConfigKeys (ConfUtils.java:logGet(46)) - raft.server.rpc.slowness.timeout = 300s (custom)
2022-08-03 01:53:02,838 [Listener at 127.0.0.1/35175] INFO  server.RaftServerConfigKeys (ConfUtils.java:logGet(46)) - raft.server.leaderelection.leader.step-down.wait-time = 10s (default)
2022-08-03 01:53:02,838 [Listener at 127.0.0.1/35175] INFO  server.RaftServerConfigKeys (ConfUtils.java:logGet(46)) - raft.server.storage.dir = [/home/runner/work/ozone/ozone/hadoop-ozone/integration-test/target/test-dir/MiniOzoneClusterImpl-6a096081-edc2-4b52-80a3-ccd1f0f4fae5/datanode-4/data/ratis] (custom)
2022-08-03 01:53:02,840 [Listener at 127.0.0.1/35175] INFO  server.XceiverServerGrpc (XceiverServerGrpc.java:<init>(132)) - GrpcServer channel type EpollServerSocketChannel
2022-08-03 01:53:02,844 [Listener at 127.0.0.1/35175] INFO  http.BaseHttpServer (BaseHttpServer.java:newHttpServer2BuilderForOzone(209)) - Starting Web-server for hddsDatanode at: http://0.0.0.0:0
2022-08-03 01:53:02,845 [Listener at 127.0.0.1/35175] INFO  http.BaseHttpServer (BaseHttpServer.java:<init>(107)) - Hadoop Security Enabled: false Ozone Security Enabled: false Ozone HTTP Security Enabled: false 
2022-08-03 01:53:02,847 [Listener at 127.0.0.1/35175] INFO  server.AuthenticationFilter (AuthenticationFilter.java:constructSecretProvider(240)) - Unable to initialize FileSignerSecretProvider, falling back to use random secrets.
2022-08-03 01:53:02,847 [Listener at 127.0.0.1/35175] WARN  http.HttpRequestLog (HttpRequestLog.java:getRequestLog(103)) - Jetty request log can only be enabled using Log4j
2022-08-03 01:53:02,849 [Listener at 127.0.0.1/35175] INFO  http.HttpServer2 (HttpServer2.java:addGlobalFilter(1029)) - Added global filter 'safety' (class=org.apache.hadoop.hdds.server.http.HttpServer2$QuotingInputFilter)
2022-08-03 01:53:02,850 [Listener at 127.0.0.1/35175] INFO  http.HttpServer2 (HttpServer2.java:addFilter(1005)) - Added filter static_user_filter (class=org.apache.hadoop.http.lib.StaticUserWebFilter$StaticUserFilter) to context hddsDatanode
2022-08-03 01:53:02,850 [Listener at 127.0.0.1/35175] INFO  http.HttpServer2 (HttpServer2.java:addFilter(1013)) - Added filter static_user_filter (class=org.apache.hadoop.http.lib.StaticUserWebFilter$StaticUserFilter) to context static
2022-08-03 01:53:02,850 [Listener at 127.0.0.1/35175] INFO  http.HttpServer2 (HttpServer2.java:addFilter(1013)) - Added filter static_user_filter (class=org.apache.hadoop.http.lib.StaticUserWebFilter$StaticUserFilter) to context logs
2022-08-03 01:53:02,851 [Listener at 127.0.0.1/35175] INFO  http.HttpServer2 (HttpServer2.java:bindListener(1248)) - Jetty bound to port 38445
2022-08-03 01:53:02,851 [Listener at 127.0.0.1/35175] INFO  server.Server (Server.java:doStart(375)) - jetty-9.4.43.v20210629; built: 2021-06-30T11:07:22.254Z; git: 526006ecfa3af7f1a27ef3a288e2bef7ea9dd7e8; jvm 1.8.0_332-b09
2022-08-03 01:53:02,853 [Listener at 127.0.0.1/35175] INFO  server.session (DefaultSessionIdManager.java:doStart(334)) - DefaultSessionIdManager workerName=node0
2022-08-03 01:53:02,854 [Listener at 127.0.0.1/35175] INFO  server.session (DefaultSessionIdManager.java:doStart(339)) - No SessionScavenger set, using defaults
2022-08-03 01:53:02,854 [Listener at 127.0.0.1/35175] INFO  server.session (HouseKeeper.java:startScavenging(132)) - node0 Scavenging every 660000ms
2022-08-03 01:53:02,857 [Listener at 127.0.0.1/35175] INFO  handler.ContextHandler (ContextHandler.java:doStart(915)) - Started o.e.j.s.ServletContextHandler@385c3093{logs,/logs,file:///home/runner/work/ozone/ozone/hadoop-ozone/integration-test/target/log,AVAILABLE}
2022-08-03 01:53:02,857 [Listener at 127.0.0.1/35175] INFO  handler.ContextHandler (ContextHandler.java:doStart(915)) - Started o.e.j.s.ServletContextHandler@45761ad8{static,/static,jar:file:/home/runner/.m2/repository/org/apache/ozone/hdds-container-service/1.3.0-SNAPSHOT/hdds-container-service-1.3.0-SNAPSHOT.jar!/webapps/static,AVAILABLE}
2022-08-03 01:53:03,039 [Listener at 127.0.0.1/35175] INFO  handler.ContextHandler (ContextHandler.java:doStart(915)) - Started o.e.j.w.WebAppContext@4dcf44c4{hddsDatanode,/,file:///tmp/jetty-0_0_0_0-38445-hdds-container-service-1_3_0-SNAPSHOT_jar-_-any-1127942798526244937/webapp/,AVAILABLE}{jar:file:/home/runner/.m2/repository/org/apache/ozone/hdds-container-service/1.3.0-SNAPSHOT/hdds-container-service-1.3.0-SNAPSHOT.jar!/webapps/hddsDatanode}
2022-08-03 01:53:03,041 [Listener at 127.0.0.1/35175] INFO  server.AbstractConnector (AbstractConnector.java:doStart(331)) - Started ServerConnector@74a0d8a{HTTP/1.1, (http/1.1)}{0.0.0.0:38445}
2022-08-03 01:53:03,041 [Listener at 127.0.0.1/35175] INFO  server.Server (Server.java:doStart(415)) - Started @10898ms
2022-08-03 01:53:03,041 [Listener at 127.0.0.1/35175] WARN  impl.MetricsSystemImpl (MetricsSystemImpl.java:register(279)) - Sink prometheus already exists!
2022-08-03 01:53:03,042 [Listener at 127.0.0.1/35175] INFO  http.BaseHttpServer (BaseHttpServer.java:updateConnectorAddress(329)) - HTTP server of hddsDatanode listening at http://0.0.0.0:38445
2022-08-03 01:53:03,043 [Datanode State Machine Daemon Thread] INFO  statemachine.DatanodeStateMachine (DatanodeStateMachine.java:lambda$startDaemon$0(492)) - Ozone container server started.
2022-08-03 01:53:03,045 [Listener at 127.0.0.1/35175] INFO  ozone.MiniOzoneClusterImpl (MiniOzoneClusterImpl.java:lambda$waitForClusterToBeReady$0(216)) - Waiting for nodes to be ready. Got 0 of 5 DN Heartbeats.
2022-08-03 01:53:03,045 [Listener at 127.0.0.1/35175] INFO  ozone.MiniOzoneClusterImpl (MiniOzoneClusterImpl.java:lambda$waitForClusterToBeReady$0(219)) - Waiting for cluster to exit safe mode
2022-08-03 01:53:03,045 [Listener at 127.0.0.1/35175] INFO  ozone.MiniOzoneClusterImpl (MiniOzoneClusterImpl.java:lambda$waitForClusterToBeReady$0(221)) - SCM became leader
2022-08-03 01:53:03,048 [org.apache.hadoop.util.JvmPauseMonitor$Monitor@29ba61dd] INFO  util.JvmPauseMonitor (JvmPauseMonitor.java:run(188)) - Starting JVM pause monitor
2022-08-03 01:53:03,052 [Datanode State Machine Task Thread - 0] INFO  datanode.InitDatanodeState (InitDatanodeState.java:persistContainerDatanodeDetails(138)) - DatanodeDetails is persisted to /home/runner/work/ozone/ozone/hadoop-ozone/integration-test/target/test-dir/MiniOzoneClusterImpl-6a096081-edc2-4b52-80a3-ccd1f0f4fae5/datanode-4/meta/datanode.id
2022-08-03 01:53:03,425 [EndpointStateMachine task thread for /0.0.0.0:46105 - 0 ] INFO  volume.HddsVolume (HddsVolume.java:createDbStore(309)) - SchemaV3 db is created and loaded at /home/runner/work/ozone/ozone/hadoop-ozone/integration-test/target/test-dir/MiniOzoneClusterImpl-6a096081-edc2-4b52-80a3-ccd1f0f4fae5/datanode-0/data-0/containers/hdds/6a096081-edc2-4b52-80a3-ccd1f0f4fae5/DS-a64405fb-fee9-4b98-aa59-3d39419853da/container.db for volume DS-a64405fb-fee9-4b98-aa59-3d39419853da
2022-08-03 01:53:03,428 [EndpointStateMachine task thread for /0.0.0.0:46105 - 0 ] INFO  volume.HddsVolume (HddsVolume.java:closeDbStore(340)) - SchemaV3 db is stopped at /home/runner/work/ozone/ozone/hadoop-ozone/integration-test/target/test-dir/MiniOzoneClusterImpl-6a096081-edc2-4b52-80a3-ccd1f0f4fae5/datanode-0/data-0/containers/hdds/6a096081-edc2-4b52-80a3-ccd1f0f4fae5/DS-a64405fb-fee9-4b98-aa59-3d39419853da/container.db for volume DS-a64405fb-fee9-4b98-aa59-3d39419853da
2022-08-03 01:53:03,428 [EndpointStateMachine task thread for /0.0.0.0:46105 - 0 ] INFO  ozoneimpl.OzoneContainer (OzoneContainer.java:start(377)) - Attempting to start container services.
2022-08-03 01:53:03,430 [EndpointStateMachine task thread for /0.0.0.0:46105 - 0 ] INFO  ozoneimpl.OzoneContainer (OzoneContainer.java:startContainerScrub(312)) - Background container scanner has been disabled.
2022-08-03 01:53:03,432 [EndpointStateMachine task thread for /0.0.0.0:46105 - 0 ] INFO  replication.ReplicationServer (ReplicationServer.java:start(111)) - ReplicationServer is started using port 37543
2022-08-03 01:53:03,435 [EndpointStateMachine task thread for /0.0.0.0:46105 - 0 ] INFO  ratis.XceiverServerRatis (XceiverServerRatis.java:start(481)) - Starting XceiverServerRatis d2433786-0171-4e17-9e3a-b12e44f36186
2022-08-03 01:53:03,440 [EndpointStateMachine task thread for /0.0.0.0:46105 - 0 ] INFO  server.RaftServer (RaftServerProxy.java:lambda$start$6(382)) - d2433786-0171-4e17-9e3a-b12e44f36186: start RPC server
2022-08-03 01:53:03,441 [EndpointStateMachine task thread for /0.0.0.0:46105 - 0 ] INFO  server.GrpcService (GrpcService.java:startImpl(260)) - d2433786-0171-4e17-9e3a-b12e44f36186: GrpcService started, listening on 41907
2022-08-03 01:53:03,444 [EndpointStateMachine task thread for /0.0.0.0:46105 - 0 ] INFO  ratis.XceiverServerRatis (XceiverServerRatis.java:getRealPort(502)) - XceiverServerRatis d2433786-0171-4e17-9e3a-b12e44f36186 is started using port 41907 for RATIS
2022-08-03 01:53:03,444 [EndpointStateMachine task thread for /0.0.0.0:46105 - 0 ] INFO  ratis.XceiverServerRatis (XceiverServerRatis.java:getRealPort(502)) - XceiverServerRatis d2433786-0171-4e17-9e3a-b12e44f36186 is started using port 41907 for RATIS_ADMIN
2022-08-03 01:53:03,444 [EndpointStateMachine task thread for /0.0.0.0:46105 - 0 ] INFO  ratis.XceiverServerRatis (XceiverServerRatis.java:getRealPort(502)) - XceiverServerRatis d2433786-0171-4e17-9e3a-b12e44f36186 is started using port 41907 for RATIS_SERVER
2022-08-03 01:53:03,445 [org.apache.ratis.util.JvmPauseMonitor$$Lambda$631/606875044@3383556c] INFO  util.JvmPauseMonitor (JvmPauseMonitor.java:run(103)) - JvmPauseMonitor-d2433786-0171-4e17-9e3a-b12e44f36186: Started
2022-08-03 01:53:03,447 [EndpointStateMachine task thread for /0.0.0.0:46105 - 0 ] INFO  server.XceiverServerGrpc (XceiverServerGrpc.java:start(180)) - XceiverServerGrpc d2433786-0171-4e17-9e3a-b12e44f36186 is started using port 38345
2022-08-03 01:53:04,027 [EndpointStateMachine task thread for /0.0.0.0:46105 - 0 ] INFO  volume.HddsVolume (HddsVolume.java:createDbStore(309)) - SchemaV3 db is created and loaded at /home/runner/work/ozone/ozone/hadoop-ozone/integration-test/target/test-dir/MiniOzoneClusterImpl-6a096081-edc2-4b52-80a3-ccd1f0f4fae5/datanode-1/data-0/containers/hdds/6a096081-edc2-4b52-80a3-ccd1f0f4fae5/DS-eb06fcc8-f371-4ba8-b186-00b09b5b9616/container.db for volume DS-eb06fcc8-f371-4ba8-b186-00b09b5b9616
2022-08-03 01:53:04,028 [EndpointStateMachine task thread for /0.0.0.0:46105 - 0 ] INFO  volume.HddsVolume (HddsVolume.java:closeDbStore(340)) - SchemaV3 db is stopped at /home/runner/work/ozone/ozone/hadoop-ozone/integration-test/target/test-dir/MiniOzoneClusterImpl-6a096081-edc2-4b52-80a3-ccd1f0f4fae5/datanode-1/data-0/containers/hdds/6a096081-edc2-4b52-80a3-ccd1f0f4fae5/DS-eb06fcc8-f371-4ba8-b186-00b09b5b9616/container.db for volume DS-eb06fcc8-f371-4ba8-b186-00b09b5b9616
2022-08-03 01:53:04,028 [EndpointStateMachine task thread for /0.0.0.0:46105 - 0 ] INFO  ozoneimpl.OzoneContainer (OzoneContainer.java:start(377)) - Attempting to start container services.
2022-08-03 01:53:04,029 [EndpointStateMachine task thread for /0.0.0.0:46105 - 0 ] INFO  ozoneimpl.OzoneContainer (OzoneContainer.java:startContainerScrub(312)) - Background container scanner has been disabled.
2022-08-03 01:53:04,034 [EndpointStateMachine task thread for /0.0.0.0:46105 - 0 ] INFO  replication.ReplicationServer (ReplicationServer.java:start(111)) - ReplicationServer is started using port 41545
2022-08-03 01:53:04,035 [EndpointStateMachine task thread for /0.0.0.0:46105 - 0 ] INFO  ratis.XceiverServerRatis (XceiverServerRatis.java:start(481)) - Starting XceiverServerRatis 7cc4dae5-b8b1-4887-8b99-c7b379db6b59
2022-08-03 01:53:04,038 [EndpointStateMachine task thread for /0.0.0.0:46105 - 0 ] INFO  server.RaftServer (RaftServerProxy.java:lambda$start$6(382)) - 7cc4dae5-b8b1-4887-8b99-c7b379db6b59: start RPC server
2022-08-03 01:53:04,040 [EndpointStateMachine task thread for /0.0.0.0:46105 - 0 ] INFO  server.GrpcService (GrpcService.java:startImpl(260)) - 7cc4dae5-b8b1-4887-8b99-c7b379db6b59: GrpcService started, listening on 38993
2022-08-03 01:53:04,040 [EndpointStateMachine task thread for /0.0.0.0:46105 - 0 ] INFO  ratis.XceiverServerRatis (XceiverServerRatis.java:getRealPort(502)) - XceiverServerRatis 7cc4dae5-b8b1-4887-8b99-c7b379db6b59 is started using port 38993 for RATIS
2022-08-03 01:53:04,041 [EndpointStateMachine task thread for /0.0.0.0:46105 - 0 ] INFO  ratis.XceiverServerRatis (XceiverServerRatis.java:getRealPort(502)) - XceiverServerRatis 7cc4dae5-b8b1-4887-8b99-c7b379db6b59 is started using port 38993 for RATIS_ADMIN
2022-08-03 01:53:04,041 [org.apache.ratis.util.JvmPauseMonitor$$Lambda$631/606875044@e5626f3] INFO  util.JvmPauseMonitor (JvmPauseMonitor.java:run(103)) - JvmPauseMonitor-7cc4dae5-b8b1-4887-8b99-c7b379db6b59: Started
2022-08-03 01:53:04,041 [EndpointStateMachine task thread for /0.0.0.0:46105 - 0 ] INFO  ratis.XceiverServerRatis (XceiverServerRatis.java:getRealPort(502)) - XceiverServerRatis 7cc4dae5-b8b1-4887-8b99-c7b379db6b59 is started using port 38993 for RATIS_SERVER
2022-08-03 01:53:04,044 [EndpointStateMachine task thread for /0.0.0.0:46105 - 0 ] INFO  server.XceiverServerGrpc (XceiverServerGrpc.java:start(180)) - XceiverServerGrpc 7cc4dae5-b8b1-4887-8b99-c7b379db6b59 is started using port 35421
2022-08-03 01:53:04,045 [Listener at 127.0.0.1/35175] INFO  ozone.MiniOzoneClusterImpl (MiniOzoneClusterImpl.java:lambda$waitForClusterToBeReady$0(216)) - Waiting for nodes to be ready. Got 0 of 5 DN Heartbeats.
2022-08-03 01:53:04,046 [Listener at 127.0.0.1/35175] INFO  ozone.MiniOzoneClusterImpl (MiniOzoneClusterImpl.java:lambda$waitForClusterToBeReady$0(219)) - Waiting for cluster to exit safe mode
2022-08-03 01:53:04,046 [Listener at 127.0.0.1/35175] INFO  ozone.MiniOzoneClusterImpl (MiniOzoneClusterImpl.java:lambda$waitForClusterToBeReady$0(221)) - SCM became leader
2022-08-03 01:53:04,405 [EndpointStateMachine task thread for /0.0.0.0:46105 - 0 ] INFO  volume.HddsVolume (HddsVolume.java:createDbStore(309)) - SchemaV3 db is created and loaded at /home/runner/work/ozone/ozone/hadoop-ozone/integration-test/target/test-dir/MiniOzoneClusterImpl-6a096081-edc2-4b52-80a3-ccd1f0f4fae5/datanode-2/data-0/containers/hdds/6a096081-edc2-4b52-80a3-ccd1f0f4fae5/DS-1e64bafe-070b-4d5b-b864-f5189fb5935b/container.db for volume DS-1e64bafe-070b-4d5b-b864-f5189fb5935b
2022-08-03 01:53:04,405 [EndpointStateMachine task thread for /0.0.0.0:46105 - 0 ] INFO  volume.HddsVolume (HddsVolume.java:closeDbStore(340)) - SchemaV3 db is stopped at /home/runner/work/ozone/ozone/hadoop-ozone/integration-test/target/test-dir/MiniOzoneClusterImpl-6a096081-edc2-4b52-80a3-ccd1f0f4fae5/datanode-2/data-0/containers/hdds/6a096081-edc2-4b52-80a3-ccd1f0f4fae5/DS-1e64bafe-070b-4d5b-b864-f5189fb5935b/container.db for volume DS-1e64bafe-070b-4d5b-b864-f5189fb5935b
2022-08-03 01:53:04,405 [EndpointStateMachine task thread for /0.0.0.0:46105 - 0 ] INFO  ozoneimpl.OzoneContainer (OzoneContainer.java:start(377)) - Attempting to start container services.
2022-08-03 01:53:04,406 [EndpointStateMachine task thread for /0.0.0.0:46105 - 0 ] INFO  ozoneimpl.OzoneContainer (OzoneContainer.java:startContainerScrub(312)) - Background container scanner has been disabled.
2022-08-03 01:53:04,408 [EndpointStateMachine task thread for /0.0.0.0:46105 - 0 ] INFO  replication.ReplicationServer (ReplicationServer.java:start(111)) - ReplicationServer is started using port 33683
2022-08-03 01:53:04,409 [EndpointStateMachine task thread for /0.0.0.0:46105 - 0 ] INFO  ratis.XceiverServerRatis (XceiverServerRatis.java:start(481)) - Starting XceiverServerRatis a32d3105-1fa5-4486-a401-c143653c6277
2022-08-03 01:53:04,410 [EndpointStateMachine task thread for /0.0.0.0:46105 - 0 ] INFO  server.RaftServer (RaftServerProxy.java:lambda$start$6(382)) - a32d3105-1fa5-4486-a401-c143653c6277: start RPC server
2022-08-03 01:53:04,414 [EndpointStateMachine task thread for /0.0.0.0:46105 - 0 ] INFO  server.GrpcService (GrpcService.java:startImpl(260)) - a32d3105-1fa5-4486-a401-c143653c6277: GrpcService started, listening on 40593
2022-08-03 01:53:04,414 [EndpointStateMachine task thread for /0.0.0.0:46105 - 0 ] INFO  ratis.XceiverServerRatis (XceiverServerRatis.java:getRealPort(502)) - XceiverServerRatis a32d3105-1fa5-4486-a401-c143653c6277 is started using port 40593 for RATIS
2022-08-03 01:53:04,414 [org.apache.ratis.util.JvmPauseMonitor$$Lambda$631/606875044@22906049] INFO  util.JvmPauseMonitor (JvmPauseMonitor.java:run(103)) - JvmPauseMonitor-a32d3105-1fa5-4486-a401-c143653c6277: Started
2022-08-03 01:53:04,414 [EndpointStateMachine task thread for /0.0.0.0:46105 - 0 ] INFO  ratis.XceiverServerRatis (XceiverServerRatis.java:getRealPort(502)) - XceiverServerRatis a32d3105-1fa5-4486-a401-c143653c6277 is started using port 40593 for RATIS_ADMIN
2022-08-03 01:53:04,415 [EndpointStateMachine task thread for /0.0.0.0:46105 - 0 ] INFO  ratis.XceiverServerRatis (XceiverServerRatis.java:getRealPort(502)) - XceiverServerRatis a32d3105-1fa5-4486-a401-c143653c6277 is started using port 40593 for RATIS_SERVER
2022-08-03 01:53:04,418 [EndpointStateMachine task thread for /0.0.0.0:46105 - 0 ] INFO  server.XceiverServerGrpc (XceiverServerGrpc.java:start(180)) - XceiverServerGrpc a32d3105-1fa5-4486-a401-c143653c6277 is started using port 40327
2022-08-03 01:53:04,751 [EndpointStateMachine task thread for /0.0.0.0:46105 - 0 ] INFO  volume.HddsVolume (HddsVolume.java:createDbStore(309)) - SchemaV3 db is created and loaded at /home/runner/work/ozone/ozone/hadoop-ozone/integration-test/target/test-dir/MiniOzoneClusterImpl-6a096081-edc2-4b52-80a3-ccd1f0f4fae5/datanode-3/data-0/containers/hdds/6a096081-edc2-4b52-80a3-ccd1f0f4fae5/DS-56bed01e-e739-4747-b94a-731c82b93d0b/container.db for volume DS-56bed01e-e739-4747-b94a-731c82b93d0b
2022-08-03 01:53:04,752 [EndpointStateMachine task thread for /0.0.0.0:46105 - 0 ] INFO  volume.HddsVolume (HddsVolume.java:closeDbStore(340)) - SchemaV3 db is stopped at /home/runner/work/ozone/ozone/hadoop-ozone/integration-test/target/test-dir/MiniOzoneClusterImpl-6a096081-edc2-4b52-80a3-ccd1f0f4fae5/datanode-3/data-0/containers/hdds/6a096081-edc2-4b52-80a3-ccd1f0f4fae5/DS-56bed01e-e739-4747-b94a-731c82b93d0b/container.db for volume DS-56bed01e-e739-4747-b94a-731c82b93d0b
2022-08-03 01:53:04,752 [EndpointStateMachine task thread for /0.0.0.0:46105 - 0 ] INFO  ozoneimpl.OzoneContainer (OzoneContainer.java:start(377)) - Attempting to start container services.
2022-08-03 01:53:04,752 [EndpointStateMachine task thread for /0.0.0.0:46105 - 0 ] INFO  ozoneimpl.OzoneContainer (OzoneContainer.java:startContainerScrub(312)) - Background container scanner has been disabled.
2022-08-03 01:53:04,754 [EndpointStateMachine task thread for /0.0.0.0:46105 - 0 ] INFO  replication.ReplicationServer (ReplicationServer.java:start(111)) - ReplicationServer is started using port 37241
2022-08-03 01:53:04,754 [EndpointStateMachine task thread for /0.0.0.0:46105 - 0 ] INFO  ratis.XceiverServerRatis (XceiverServerRatis.java:start(481)) - Starting XceiverServerRatis e84011ff-6ca7-4c66-9967-ecab54098873
2022-08-03 01:53:04,755 [EndpointStateMachine task thread for /0.0.0.0:46105 - 0 ] INFO  server.RaftServer (RaftServerProxy.java:lambda$start$6(382)) - e84011ff-6ca7-4c66-9967-ecab54098873: start RPC server
2022-08-03 01:53:04,757 [EndpointStateMachine task thread for /0.0.0.0:46105 - 0 ] INFO  server.GrpcService (GrpcService.java:startImpl(260)) - e84011ff-6ca7-4c66-9967-ecab54098873: GrpcService started, listening on 32799
2022-08-03 01:53:04,757 [EndpointStateMachine task thread for /0.0.0.0:46105 - 0 ] INFO  ratis.XceiverServerRatis (XceiverServerRatis.java:getRealPort(502)) - XceiverServerRatis e84011ff-6ca7-4c66-9967-ecab54098873 is started using port 32799 for RATIS
2022-08-03 01:53:04,757 [org.apache.ratis.util.JvmPauseMonitor$$Lambda$631/606875044@7a54e12a] INFO  util.JvmPauseMonitor (JvmPauseMonitor.java:run(103)) - JvmPauseMonitor-e84011ff-6ca7-4c66-9967-ecab54098873: Started
2022-08-03 01:53:04,758 [EndpointStateMachine task thread for /0.0.0.0:46105 - 0 ] INFO  ratis.XceiverServerRatis (XceiverServerRatis.java:getRealPort(502)) - XceiverServerRatis e84011ff-6ca7-4c66-9967-ecab54098873 is started using port 32799 for RATIS_ADMIN
2022-08-03 01:53:04,758 [EndpointStateMachine task thread for /0.0.0.0:46105 - 0 ] INFO  ratis.XceiverServerRatis (XceiverServerRatis.java:getRealPort(502)) - XceiverServerRatis e84011ff-6ca7-4c66-9967-ecab54098873 is started using port 32799 for RATIS_SERVER
2022-08-03 01:53:04,760 [EndpointStateMachine task thread for /0.0.0.0:46105 - 0 ] INFO  server.XceiverServerGrpc (XceiverServerGrpc.java:start(180)) - XceiverServerGrpc e84011ff-6ca7-4c66-9967-ecab54098873 is started using port 42439
2022-08-03 01:53:05,046 [Listener at 127.0.0.1/35175] INFO  ozone.MiniOzoneClusterImpl (MiniOzoneClusterImpl.java:lambda$waitForClusterToBeReady$0(216)) - Waiting for nodes to be ready. Got 0 of 5 DN Heartbeats.
2022-08-03 01:53:05,046 [Listener at 127.0.0.1/35175] INFO  ozone.MiniOzoneClusterImpl (MiniOzoneClusterImpl.java:lambda$waitForClusterToBeReady$0(219)) - Waiting for cluster to exit safe mode
2022-08-03 01:53:05,046 [Listener at 127.0.0.1/35175] INFO  ozone.MiniOzoneClusterImpl (MiniOzoneClusterImpl.java:lambda$waitForClusterToBeReady$0(221)) - SCM became leader
2022-08-03 01:53:05,085 [EndpointStateMachine task thread for /0.0.0.0:46105 - 0 ] INFO  volume.HddsVolume (HddsVolume.java:createDbStore(309)) - SchemaV3 db is created and loaded at /home/runner/work/ozone/ozone/hadoop-ozone/integration-test/target/test-dir/MiniOzoneClusterImpl-6a096081-edc2-4b52-80a3-ccd1f0f4fae5/datanode-4/data-0/containers/hdds/6a096081-edc2-4b52-80a3-ccd1f0f4fae5/DS-2a895663-2ab0-44b7-9bae-ff26ec9e8190/container.db for volume DS-2a895663-2ab0-44b7-9bae-ff26ec9e8190
2022-08-03 01:53:05,085 [EndpointStateMachine task thread for /0.0.0.0:46105 - 0 ] INFO  volume.HddsVolume (HddsVolume.java:closeDbStore(340)) - SchemaV3 db is stopped at /home/runner/work/ozone/ozone/hadoop-ozone/integration-test/target/test-dir/MiniOzoneClusterImpl-6a096081-edc2-4b52-80a3-ccd1f0f4fae5/datanode-4/data-0/containers/hdds/6a096081-edc2-4b52-80a3-ccd1f0f4fae5/DS-2a895663-2ab0-44b7-9bae-ff26ec9e8190/container.db for volume DS-2a895663-2ab0-44b7-9bae-ff26ec9e8190
2022-08-03 01:53:05,085 [EndpointStateMachine task thread for /0.0.0.0:46105 - 0 ] INFO  ozoneimpl.OzoneContainer (OzoneContainer.java:start(377)) - Attempting to start container services.
2022-08-03 01:53:05,086 [EndpointStateMachine task thread for /0.0.0.0:46105 - 0 ] INFO  ozoneimpl.OzoneContainer (OzoneContainer.java:startContainerScrub(312)) - Background container scanner has been disabled.
2022-08-03 01:53:05,088 [EndpointStateMachine task thread for /0.0.0.0:46105 - 0 ] INFO  replication.ReplicationServer (ReplicationServer.java:start(111)) - ReplicationServer is started using port 38453
2022-08-03 01:53:05,089 [EndpointStateMachine task thread for /0.0.0.0:46105 - 0 ] INFO  ratis.XceiverServerRatis (XceiverServerRatis.java:start(481)) - Starting XceiverServerRatis 3af0815a-b562-4e3c-89c3-e6a4aa9e64d7
2022-08-03 01:53:05,090 [EndpointStateMachine task thread for /0.0.0.0:46105 - 0 ] INFO  server.RaftServer (RaftServerProxy.java:lambda$start$6(382)) - 3af0815a-b562-4e3c-89c3-e6a4aa9e64d7: start RPC server
2022-08-03 01:53:05,092 [EndpointStateMachine task thread for /0.0.0.0:46105 - 0 ] INFO  server.GrpcService (GrpcService.java:startImpl(260)) - 3af0815a-b562-4e3c-89c3-e6a4aa9e64d7: GrpcService started, listening on 38451
2022-08-03 01:53:05,092 [EndpointStateMachine task thread for /0.0.0.0:46105 - 0 ] INFO  ratis.XceiverServerRatis (XceiverServerRatis.java:getRealPort(502)) - XceiverServerRatis 3af0815a-b562-4e3c-89c3-e6a4aa9e64d7 is started using port 38451 for RATIS
2022-08-03 01:53:05,092 [org.apache.ratis.util.JvmPauseMonitor$$Lambda$631/606875044@4cedb7cc] INFO  util.JvmPauseMonitor (JvmPauseMonitor.java:run(103)) - JvmPauseMonitor-3af0815a-b562-4e3c-89c3-e6a4aa9e64d7: Started
2022-08-03 01:53:05,092 [EndpointStateMachine task thread for /0.0.0.0:46105 - 0 ] INFO  ratis.XceiverServerRatis (XceiverServerRatis.java:getRealPort(502)) - XceiverServerRatis 3af0815a-b562-4e3c-89c3-e6a4aa9e64d7 is started using port 38451 for RATIS_ADMIN
2022-08-03 01:53:05,092 [EndpointStateMachine task thread for /0.0.0.0:46105 - 0 ] INFO  ratis.XceiverServerRatis (XceiverServerRatis.java:getRealPort(502)) - XceiverServerRatis 3af0815a-b562-4e3c-89c3-e6a4aa9e64d7 is started using port 38451 for RATIS_SERVER
2022-08-03 01:53:05,095 [EndpointStateMachine task thread for /0.0.0.0:46105 - 0 ] INFO  server.XceiverServerGrpc (XceiverServerGrpc.java:start(180)) - XceiverServerGrpc 3af0815a-b562-4e3c-89c3-e6a4aa9e64d7 is started using port 42629
2022-08-03 01:53:05,360 [IPC Server handler 5 on default port 46105] INFO  net.NetworkTopologyImpl (NetworkTopologyImpl.java:add(112)) - Added a new node: /default-rack/d2433786-0171-4e17-9e3a-b12e44f36186
2022-08-03 01:53:05,362 [IPC Server handler 5 on default port 46105] INFO  node.SCMNodeManager (SCMNodeManager.java:register(397)) - Registered Data node : d2433786-0171-4e17-9e3a-b12e44f36186{ip: 10.1.0.23, host: fv-az199-929.piossgaoozdutex3tpy4bgd4ka.dx.internal.cloudapp.net, ports: [REPLICATION=37543, RATIS=41907, RATIS_ADMIN=41907, RATIS_SERVER=41907, STANDALONE=38345], networkLocation: /default-rack, certSerialId: null, persistedOpState: null, persistedOpStateExpiryEpochSec: 0}
2022-08-03 01:53:05,367 [EventQueue-NewNodeForNewNodeHandler] INFO  pipeline.BackgroundPipelineCreator (BackgroundPipelineCreator.java:notifyEventTriggered(276)) - trigger a one-shot run on RatisPipelineUtilsThread.
2022-08-03 01:53:05,378 [RatisPipelineUtilsThread - 0] INFO  pipeline.RatisPipelineProvider (RatisPipelineProvider.java:lambda$create$0(195)) - Sending CreatePipelineCommand for pipeline:PipelineID=88f9b23c-f19c-4ee8-a0ac-82e7bc7988f3 to datanode:d2433786-0171-4e17-9e3a-b12e44f36186
2022-08-03 01:53:05,379 [EventQueue-NodeRegistrationContainerReportForDataNodeSafeModeRule] INFO  safemode.SCMSafeModeManager (DataNodeSafeModeRule.java:process(71)) - SCM in safe mode. 1 DataNodes registered, 3 required.
2022-08-03 01:53:05,379 [EventQueue-NodeRegistrationContainerReportForContainerSafeModeRule] INFO  safemode.SCMSafeModeManager (SCMSafeModeManager.java:validateSafeModeExitRules(204)) - ContainerSafeModeRule rule is successfully validated
2022-08-03 01:53:05,383 [EventQueue-PipelineReportForOneReplicaPipelineSafeModeRule] INFO  safemode.SCMSafeModeManager (SCMSafeModeManager.java:validateSafeModeExitRules(204)) - AtleastOneDatanodeReportedRule rule is successfully validated
2022-08-03 01:53:05,394 [RatisPipelineUtilsThread - 0] INFO  pipeline.PipelineStateManagerImpl (PipelineStateManagerImpl.java:addPipeline(103)) - Created pipeline Pipeline[ Id: 88f9b23c-f19c-4ee8-a0ac-82e7bc7988f3, Nodes: d2433786-0171-4e17-9e3a-b12e44f36186{ip: 10.1.0.23, host: fv-az199-929.piossgaoozdutex3tpy4bgd4ka.dx.internal.cloudapp.net, ports: [REPLICATION=37543, RATIS=41907, RATIS_ADMIN=41907, RATIS_SERVER=41907, STANDALONE=38345], networkLocation: /default-rack, certSerialId: null, persistedOpState: IN_SERVICE, persistedOpStateExpiryEpochSec: 0}, ReplicationConfig: RATIS/ONE, State:ALLOCATED, leaderId:, CreationTimestamp2022-08-03T01:53:05.375Z[Etc/UTC]].
2022-08-03 01:53:05,987 [IPC Server handler 2 on default port 46105] INFO  net.NetworkTopologyImpl (NetworkTopologyImpl.java:add(112)) - Added a new node: /default-rack/7cc4dae5-b8b1-4887-8b99-c7b379db6b59
2022-08-03 01:53:05,988 [IPC Server handler 2 on default port 46105] INFO  node.SCMNodeManager (SCMNodeManager.java:register(397)) - Registered Data node : 7cc4dae5-b8b1-4887-8b99-c7b379db6b59{ip: 10.1.0.23, host: fv-az199-929.piossgaoozdutex3tpy4bgd4ka.dx.internal.cloudapp.net, ports: [REPLICATION=41545, RATIS=38993, RATIS_ADMIN=38993, RATIS_SERVER=38993, STANDALONE=35421], networkLocation: /default-rack, certSerialId: null, persistedOpState: null, persistedOpStateExpiryEpochSec: 0}
2022-08-03 01:53:05,988 [EventQueue-NewNodeForNewNodeHandler] INFO  pipeline.BackgroundPipelineCreator (BackgroundPipelineCreator.java:notifyEventTriggered(276)) - trigger a one-shot run on RatisPipelineUtilsThread.
2022-08-03 01:53:05,988 [EventQueue-NodeRegistrationContainerReportForDataNodeSafeModeRule] INFO  safemode.SCMSafeModeManager (DataNodeSafeModeRule.java:process(71)) - SCM in safe mode. 2 DataNodes registered, 3 required.
2022-08-03 01:53:05,992 [RatisPipelineUtilsThread - 0] INFO  pipeline.RatisPipelineProvider (RatisPipelineProvider.java:lambda$create$0(195)) - Sending CreatePipelineCommand for pipeline:PipelineID=b35bab8e-8192-41ab-b70f-50f2d43333d0 to datanode:7cc4dae5-b8b1-4887-8b99-c7b379db6b59
2022-08-03 01:53:05,993 [RatisPipelineUtilsThread - 0] INFO  pipeline.PipelineStateManagerImpl (PipelineStateManagerImpl.java:addPipeline(103)) - Created pipeline Pipeline[ Id: b35bab8e-8192-41ab-b70f-50f2d43333d0, Nodes: 7cc4dae5-b8b1-4887-8b99-c7b379db6b59{ip: 10.1.0.23, host: fv-az199-929.piossgaoozdutex3tpy4bgd4ka.dx.internal.cloudapp.net, ports: [REPLICATION=41545, RATIS=38993, RATIS_ADMIN=38993, RATIS_SERVER=38993, STANDALONE=35421], networkLocation: /default-rack, certSerialId: null, persistedOpState: IN_SERVICE, persistedOpStateExpiryEpochSec: 0}, ReplicationConfig: RATIS/ONE, State:ALLOCATED, leaderId:, CreationTimestamp2022-08-03T01:53:05.992Z[Etc/UTC]].
2022-08-03 01:53:06,047 [Listener at 127.0.0.1/35175] INFO  ozone.MiniOzoneClusterImpl (MiniOzoneClusterImpl.java:lambda$waitForClusterToBeReady$0(216)) - Waiting for nodes to be ready. Got 2 of 5 DN Heartbeats.
2022-08-03 01:53:06,047 [Listener at 127.0.0.1/35175] INFO  ozone.MiniOzoneClusterImpl (MiniOzoneClusterImpl.java:lambda$waitForClusterToBeReady$0(219)) - Waiting for cluster to exit safe mode
2022-08-03 01:53:06,047 [Listener at 127.0.0.1/35175] INFO  ozone.MiniOzoneClusterImpl (MiniOzoneClusterImpl.java:lambda$waitForClusterToBeReady$0(221)) - SCM became leader
2022-08-03 01:53:06,359 [IPC Server handler 5 on default port 46105] INFO  net.NetworkTopologyImpl (NetworkTopologyImpl.java:add(112)) - Added a new node: /default-rack/a32d3105-1fa5-4486-a401-c143653c6277
2022-08-03 01:53:06,359 [IPC Server handler 5 on default port 46105] INFO  node.SCMNodeManager (SCMNodeManager.java:register(397)) - Registered Data node : a32d3105-1fa5-4486-a401-c143653c6277{ip: 10.1.0.23, host: fv-az199-929.piossgaoozdutex3tpy4bgd4ka.dx.internal.cloudapp.net, ports: [REPLICATION=33683, RATIS=40593, RATIS_ADMIN=40593, RATIS_SERVER=40593, STANDALONE=40327], networkLocation: /default-rack, certSerialId: null, persistedOpState: null, persistedOpStateExpiryEpochSec: 0}
2022-08-03 01:53:06,360 [EventQueue-NewNodeForNewNodeHandler] INFO  pipeline.BackgroundPipelineCreator (BackgroundPipelineCreator.java:notifyEventTriggered(276)) - trigger a one-shot run on RatisPipelineUtilsThread.
2022-08-03 01:53:06,360 [EventQueue-NodeRegistrationContainerReportForDataNodeSafeModeRule] INFO  safemode.SCMSafeModeManager (DataNodeSafeModeRule.java:process(71)) - SCM in safe mode. 3 DataNodes registered, 3 required.
2022-08-03 01:53:06,361 [EventQueue-NodeRegistrationContainerReportForDataNodeSafeModeRule] INFO  safemode.SCMSafeModeManager (SCMSafeModeManager.java:validateSafeModeExitRules(204)) - DataNodeSafeModeRule rule is successfully validated
2022-08-03 01:53:06,361 [EventQueue-NodeRegistrationContainerReportForDataNodeSafeModeRule] INFO  safemode.SCMSafeModeManager (SCMSafeModeManager.java:completePreCheck(233)) - All SCM safe mode pre check rules have passed
2022-08-03 01:53:06,361 [EventQueue-NodeRegistrationContainerReportForDataNodeSafeModeRule] WARN  events.EventQueue (EventQueue.java:fireEvent(216)) - No event handler registered for event TypedEvent{payloadType=SafeModeStatus, name='Safe mode status'}
2022-08-03 01:53:06,361 [EventQueue-NodeRegistrationContainerReportForDataNodeSafeModeRule] INFO  ha.SCMContext (SCMContext.java:updateSafeModeStatus(228)) - Update SafeModeStatus from SafeModeStatus{safeModeStatus=true, preCheckPassed=false} to SafeModeStatus{safeModeStatus=true, preCheckPassed=true}.
2022-08-03 01:53:06,361 [RatisPipelineUtilsThread - 0] INFO  pipeline.RatisPipelineProvider (RatisPipelineProvider.java:lambda$create$0(195)) - Sending CreatePipelineCommand for pipeline:PipelineID=b396eca5-ab4e-4d5f-9fff-db4f30cea4c9 to datanode:a32d3105-1fa5-4486-a401-c143653c6277
2022-08-03 01:53:06,361 [EventQueue-NodeRegistrationContainerReportForDataNodeSafeModeRule] INFO  pipeline.BackgroundPipelineCreator (BackgroundPipelineCreator.java:notifyEventTriggered(276)) - trigger a one-shot run on RatisPipelineUtilsThread.
2022-08-03 01:53:06,362 [RatisPipelineUtilsThread - 0] INFO  pipeline.PipelineStateManagerImpl (PipelineStateManagerImpl.java:addPipeline(103)) - Created pipeline Pipeline[ Id: b396eca5-ab4e-4d5f-9fff-db4f30cea4c9, Nodes: a32d3105-1fa5-4486-a401-c143653c6277{ip: 10.1.0.23, host: fv-az199-929.piossgaoozdutex3tpy4bgd4ka.dx.internal.cloudapp.net, ports: [REPLICATION=33683, RATIS=40593, RATIS_ADMIN=40593, RATIS_SERVER=40593, STANDALONE=40327], networkLocation: /default-rack, certSerialId: null, persistedOpState: IN_SERVICE, persistedOpStateExpiryEpochSec: 0}, ReplicationConfig: RATIS/ONE, State:ALLOCATED, leaderId:, CreationTimestamp2022-08-03T01:53:06.361Z[Etc/UTC]].
2022-08-03 01:53:06,366 [RatisPipelineUtilsThread - 0] INFO  pipeline.RatisPipelineProvider (RatisPipelineProvider.java:lambda$create$0(195)) - Sending CreatePipelineCommand for pipeline:PipelineID=33ec60f8-dcf4-45c9-ab6b-6a8fc32459ef to datanode:7cc4dae5-b8b1-4887-8b99-c7b379db6b59
2022-08-03 01:53:06,367 [RatisPipelineUtilsThread - 0] INFO  pipeline.RatisPipelineProvider (RatisPipelineProvider.java:lambda$create$0(195)) - Sending CreatePipelineCommand for pipeline:PipelineID=33ec60f8-dcf4-45c9-ab6b-6a8fc32459ef to datanode:a32d3105-1fa5-4486-a401-c143653c6277
2022-08-03 01:53:06,367 [RatisPipelineUtilsThread - 0] INFO  pipeline.RatisPipelineProvider (RatisPipelineProvider.java:lambda$create$0(195)) - Sending CreatePipelineCommand for pipeline:PipelineID=33ec60f8-dcf4-45c9-ab6b-6a8fc32459ef to datanode:d2433786-0171-4e17-9e3a-b12e44f36186
2022-08-03 01:53:06,368 [RatisPipelineUtilsThread - 0] INFO  pipeline.PipelineStateManagerImpl (PipelineStateManagerImpl.java:addPipeline(103)) - Created pipeline Pipeline[ Id: 33ec60f8-dcf4-45c9-ab6b-6a8fc32459ef, Nodes: 7cc4dae5-b8b1-4887-8b99-c7b379db6b59{ip: 10.1.0.23, host: fv-az199-929.piossgaoozdutex3tpy4bgd4ka.dx.internal.cloudapp.net, ports: [REPLICATION=41545, RATIS=38993, RATIS_ADMIN=38993, RATIS_SERVER=38993, STANDALONE=35421], networkLocation: /default-rack, certSerialId: null, persistedOpState: IN_SERVICE, persistedOpStateExpiryEpochSec: 0}a32d3105-1fa5-4486-a401-c143653c6277{ip: 10.1.0.23, host: fv-az199-929.piossgaoozdutex3tpy4bgd4ka.dx.internal.cloudapp.net, ports: [REPLICATION=33683, RATIS=40593, RATIS_ADMIN=40593, RATIS_SERVER=40593, STANDALONE=40327], networkLocation: /default-rack, certSerialId: null, persistedOpState: IN_SERVICE, persistedOpStateExpiryEpochSec: 0}d2433786-0171-4e17-9e3a-b12e44f36186{ip: 10.1.0.23, host: fv-az199-929.piossgaoozdutex3tpy4bgd4ka.dx.internal.cloudapp.net, ports: [REPLICATION=37543, RATIS=41907, RATIS_ADMIN=41907, RATIS_SERVER=41907, STANDALONE=38345], networkLocation: /default-rack, certSerialId: null, persistedOpState: IN_SERVICE, persistedOpStateExpiryEpochSec: 0}, ReplicationConfig: RATIS/THREE, State:ALLOCATED, leaderId:, CreationTimestamp2022-08-03T01:53:06.366Z[Etc/UTC]].
2022-08-03 01:53:06,369 [RatisPipelineUtilsThread - 0] INFO  pipeline.RatisPipelineProvider (RatisPipelineProvider.java:lambda$create$0(195)) - Sending CreatePipelineCommand for pipeline:PipelineID=11a09448-7cda-4d49-9fe8-abfecfd9e082 to datanode:a32d3105-1fa5-4486-a401-c143653c6277
2022-08-03 01:53:06,369 [RatisPipelineUtilsThread - 0] INFO  pipeline.RatisPipelineProvider (RatisPipelineProvider.java:lambda$create$0(195)) - Sending CreatePipelineCommand for pipeline:PipelineID=11a09448-7cda-4d49-9fe8-abfecfd9e082 to datanode:d2433786-0171-4e17-9e3a-b12e44f36186
2022-08-03 01:53:06,369 [RatisPipelineUtilsThread - 0] INFO  pipeline.RatisPipelineProvider (RatisPipelineProvider.java:lambda$create$0(195)) - Sending CreatePipelineCommand for pipeline:PipelineID=11a09448-7cda-4d49-9fe8-abfecfd9e082 to datanode:7cc4dae5-b8b1-4887-8b99-c7b379db6b59
2022-08-03 01:53:06,370 [RatisPipelineUtilsThread - 0] INFO  pipeline.PipelineStateManagerImpl (PipelineStateManagerImpl.java:addPipeline(103)) - Created pipeline Pipeline[ Id: 11a09448-7cda-4d49-9fe8-abfecfd9e082, Nodes: a32d3105-1fa5-4486-a401-c143653c6277{ip: 10.1.0.23, host: fv-az199-929.piossgaoozdutex3tpy4bgd4ka.dx.internal.cloudapp.net, ports: [REPLICATION=33683, RATIS=40593, RATIS_ADMIN=40593, RATIS_SERVER=40593, STANDALONE=40327], networkLocation: /default-rack, certSerialId: null, persistedOpState: IN_SERVICE, persistedOpStateExpiryEpochSec: 0}d2433786-0171-4e17-9e3a-b12e44f36186{ip: 10.1.0.23, host: fv-az199-929.piossgaoozdutex3tpy4bgd4ka.dx.internal.cloudapp.net, ports: [REPLICATION=37543, RATIS=41907, RATIS_ADMIN=41907, RATIS_SERVER=41907, STANDALONE=38345], networkLocation: /default-rack, certSerialId: null, persistedOpState: IN_SERVICE, persistedOpStateExpiryEpochSec: 0}7cc4dae5-b8b1-4887-8b99-c7b379db6b59{ip: 10.1.0.23, host: fv-az199-929.piossgaoozdutex3tpy4bgd4ka.dx.internal.cloudapp.net, ports: [REPLICATION=41545, RATIS=38993, RATIS_ADMIN=38993, RATIS_SERVER=38993, STANDALONE=35421], networkLocation: /default-rack, certSerialId: null, persistedOpState: IN_SERVICE, persistedOpStateExpiryEpochSec: 0}, ReplicationConfig: RATIS/THREE, State:ALLOCATED, leaderId:, CreationTimestamp2022-08-03T01:53:06.369Z[Etc/UTC]].
2022-08-03 01:53:06,371 [RatisPipelineUtilsThread - 0] INFO  pipeline.PipelineManagerImpl (PipelineManagerImpl.java:recordMetricsForPipeline(796)) - Pipeline: PipelineID=11a09448-7cda-4d49-9fe8-abfecfd9e082 contains same datanodes as previous pipelines: PipelineID=33ec60f8-dcf4-45c9-ab6b-6a8fc32459ef nodeIds: a32d3105-1fa5-4486-a401-c143653c6277, d2433786-0171-4e17-9e3a-b12e44f36186, 7cc4dae5-b8b1-4887-8b99-c7b379db6b59
2022-08-03 01:53:06,715 [IPC Server handler 6 on default port 46105] INFO  net.NetworkTopologyImpl (NetworkTopologyImpl.java:add(112)) - Added a new node: /default-rack/e84011ff-6ca7-4c66-9967-ecab54098873
2022-08-03 01:53:06,715 [IPC Server handler 6 on default port 46105] INFO  node.SCMNodeManager (SCMNodeManager.java:register(397)) - Registered Data node : e84011ff-6ca7-4c66-9967-ecab54098873{ip: 10.1.0.23, host: fv-az199-929.piossgaoozdutex3tpy4bgd4ka.dx.internal.cloudapp.net, ports: [REPLICATION=37241, RATIS=32799, RATIS_ADMIN=32799, RATIS_SERVER=32799, STANDALONE=42439], networkLocation: /default-rack, certSerialId: null, persistedOpState: null, persistedOpStateExpiryEpochSec: 0}
2022-08-03 01:53:06,716 [EventQueue-NewNodeForNewNodeHandler] INFO  pipeline.BackgroundPipelineCreator (BackgroundPipelineCreator.java:notifyEventTriggered(276)) - trigger a one-shot run on RatisPipelineUtilsThread.
2022-08-03 01:53:06,717 [RatisPipelineUtilsThread - 0] INFO  pipeline.RatisPipelineProvider (RatisPipelineProvider.java:lambda$create$0(195)) - Sending CreatePipelineCommand for pipeline:PipelineID=3b83fc82-9f06-445e-bd29-9bcfe6b2aea6 to datanode:e84011ff-6ca7-4c66-9967-ecab54098873
2022-08-03 01:53:06,717 [RatisPipelineUtilsThread - 0] INFO  pipeline.PipelineStateManagerImpl (PipelineStateManagerImpl.java:addPipeline(103)) - Created pipeline Pipeline[ Id: 3b83fc82-9f06-445e-bd29-9bcfe6b2aea6, Nodes: e84011ff-6ca7-4c66-9967-ecab54098873{ip: 10.1.0.23, host: fv-az199-929.piossgaoozdutex3tpy4bgd4ka.dx.internal.cloudapp.net, ports: [REPLICATION=37241, RATIS=32799, RATIS_ADMIN=32799, RATIS_SERVER=32799, STANDALONE=42439], networkLocation: /default-rack, certSerialId: null, persistedOpState: IN_SERVICE, persistedOpStateExpiryEpochSec: 0}, ReplicationConfig: RATIS/ONE, State:ALLOCATED, leaderId:, CreationTimestamp2022-08-03T01:53:06.716Z[Etc/UTC]].
2022-08-03 01:53:07,047 [Listener at 127.0.0.1/35175] INFO  ozone.MiniOzoneClusterImpl (MiniOzoneClusterImpl.java:lambda$waitForClusterToBeReady$0(216)) - Waiting for nodes to be ready. Got 4 of 5 DN Heartbeats.
2022-08-03 01:53:07,048 [Listener at 127.0.0.1/35175] INFO  ozone.MiniOzoneClusterImpl (MiniOzoneClusterImpl.java:lambda$waitForClusterToBeReady$0(219)) - Waiting for cluster to exit safe mode
2022-08-03 01:53:07,048 [Listener at 127.0.0.1/35175] INFO  ozone.MiniOzoneClusterImpl (MiniOzoneClusterImpl.java:lambda$waitForClusterToBeReady$0(221)) - SCM became leader
2022-08-03 01:53:07,051 [IPC Server handler 1 on default port 46105] INFO  net.NetworkTopologyImpl (NetworkTopologyImpl.java:add(112)) - Added a new node: /default-rack/3af0815a-b562-4e3c-89c3-e6a4aa9e64d7
2022-08-03 01:53:07,051 [IPC Server handler 1 on default port 46105] INFO  node.SCMNodeManager (SCMNodeManager.java:register(397)) - Registered Data node : 3af0815a-b562-4e3c-89c3-e6a4aa9e64d7{ip: 10.1.0.23, host: fv-az199-929.piossgaoozdutex3tpy4bgd4ka.dx.internal.cloudapp.net, ports: [REPLICATION=38453, RATIS=38451, RATIS_ADMIN=38451, RATIS_SERVER=38451, STANDALONE=42629], networkLocation: /default-rack, certSerialId: null, persistedOpState: null, persistedOpStateExpiryEpochSec: 0}
2022-08-03 01:53:07,052 [EventQueue-NewNodeForNewNodeHandler] INFO  pipeline.BackgroundPipelineCreator (BackgroundPipelineCreator.java:notifyEventTriggered(276)) - trigger a one-shot run on RatisPipelineUtilsThread.
2022-08-03 01:53:07,052 [RatisPipelineUtilsThread - 0] INFO  pipeline.RatisPipelineProvider (RatisPipelineProvider.java:lambda$create$0(195)) - Sending CreatePipelineCommand for pipeline:PipelineID=b31f1b66-7f3f-45fd-90eb-3c12c85c2b14 to datanode:3af0815a-b562-4e3c-89c3-e6a4aa9e64d7
2022-08-03 01:53:07,053 [RatisPipelineUtilsThread - 0] INFO  pipeline.PipelineStateManagerImpl (PipelineStateManagerImpl.java:addPipeline(103)) - Created pipeline Pipeline[ Id: b31f1b66-7f3f-45fd-90eb-3c12c85c2b14, Nodes: 3af0815a-b562-4e3c-89c3-e6a4aa9e64d7{ip: 10.1.0.23, host: fv-az199-929.piossgaoozdutex3tpy4bgd4ka.dx.internal.cloudapp.net, ports: [REPLICATION=38453, RATIS=38451, RATIS_ADMIN=38451, RATIS_SERVER=38451, STANDALONE=42629], networkLocation: /default-rack, certSerialId: null, persistedOpState: IN_SERVICE, persistedOpStateExpiryEpochSec: 0}, ReplicationConfig: RATIS/ONE, State:ALLOCATED, leaderId:, CreationTimestamp2022-08-03T01:53:07.052Z[Etc/UTC]].
2022-08-03 01:53:08,048 [Listener at 127.0.0.1/35175] INFO  ozone.MiniOzoneClusterImpl (MiniOzoneClusterImpl.java:lambda$waitForClusterToBeReady$0(216)) - Nodes are ready. Got 5 of 5 DN Heartbeats.
2022-08-03 01:53:08,049 [Listener at 127.0.0.1/35175] INFO  ozone.MiniOzoneClusterImpl (MiniOzoneClusterImpl.java:lambda$waitForClusterToBeReady$0(219)) - Waiting for cluster to exit safe mode
2022-08-03 01:53:08,049 [Listener at 127.0.0.1/35175] INFO  ozone.MiniOzoneClusterImpl (MiniOzoneClusterImpl.java:lambda$waitForClusterToBeReady$0(221)) - SCM became leader
2022-08-03 01:53:08,348 [Command processor thread] INFO  server.RaftServer (RaftServerProxy.java:addNew(96)) - d2433786-0171-4e17-9e3a-b12e44f36186: addNew group-82E7BC7988F3:[d2433786-0171-4e17-9e3a-b12e44f36186|rpc:10.1.0.23:41907|priority:1] returns group-82E7BC7988F3:java.util.concurrent.CompletableFuture@d6d9a82[Not completed]
2022-08-03 01:53:08,362 [pool-73-thread-1] INFO  server.RaftServer$Division (RaftServerImpl.java:<init>(190)) - d2433786-0171-4e17-9e3a-b12e44f36186: new RaftServerImpl for group-82E7BC7988F3:[d2433786-0171-4e17-9e3a-b12e44f36186|rpc:10.1.0.23:41907|priority:1] with ContainerStateMachine:uninitialized
2022-08-03 01:53:08,362 [pool-73-thread-1] INFO  server.RaftServerConfigKeys (ConfUtils.java:logGet(46)) - raft.server.rpc.timeout.min = 5s (custom)
2022-08-03 01:53:08,362 [pool-73-thread-1] INFO  server.RaftServerConfigKeys (ConfUtils.java:logGet(46)) - raft.server.rpc.timeout.max = 5200ms (custom)
2022-08-03 01:53:08,362 [pool-73-thread-1] INFO  server.RaftServerConfigKeys (ConfUtils.java:logGet(46)) - raft.server.rpc.sleep.time = 25ms (default)
2022-08-03 01:53:08,363 [pool-73-thread-1] INFO  server.RaftServerConfigKeys (ConfUtils.java:logGet(46)) - raft.server.rpc.slowness.timeout = 300s (custom)
2022-08-03 01:53:08,363 [pool-73-thread-1] INFO  server.RaftServerConfigKeys (ConfUtils.java:logGet(46)) - raft.server.leaderelection.leader.step-down.wait-time = 10s (default)
2022-08-03 01:53:08,363 [pool-73-thread-1] INFO  server.RaftServerConfigKeys (ConfUtils.java:logGet(46)) - raft.server.sleep.deviation.threshold = 300ms (default)
2022-08-03 01:53:08,363 [pool-73-thread-1] INFO  server.RaftServer$Division (ServerState.java:<init>(107)) - d2433786-0171-4e17-9e3a-b12e44f36186@group-82E7BC7988F3: ConfigurationManager, init=-1: [d2433786-0171-4e17-9e3a-b12e44f36186|rpc:10.1.0.23:41907|priority:1], old=null, confs=<EMPTY_MAP>
2022-08-03 01:53:08,363 [pool-73-thread-1] INFO  server.RaftServerConfigKeys (ConfUtils.java:logGet(46)) - raft.server.storage.dir = [/home/runner/work/ozone/ozone/hadoop-ozone/integration-test/target/test-dir/MiniOzoneClusterImpl-6a096081-edc2-4b52-80a3-ccd1f0f4fae5/datanode-0/data/ratis] (custom)
2022-08-03 01:53:08,363 [pool-73-thread-1] INFO  server.RaftServerConfigKeys (ConfUtils.java:logGet(46)) - raft.server.log.corruption.policy = EXCEPTION (default)
2022-08-03 01:53:08,363 [pool-73-thread-1] INFO  server.RaftServerConfigKeys (ConfUtils.java:logGet(46)) - raft.server.storage.free-space.min = 0MB (=0) (default)
2022-08-03 01:53:08,363 [pool-73-thread-1] INFO  storage.RaftStorageDirectory (RaftStorageDirectoryImpl.java:analyzeStorage(135)) - The storage directory /home/runner/work/ozone/ozone/hadoop-ozone/integration-test/target/test-dir/MiniOzoneClusterImpl-6a096081-edc2-4b52-80a3-ccd1f0f4fae5/datanode-0/data/ratis/88f9b23c-f19c-4ee8-a0ac-82e7bc7988f3 does not exist. Creating ...
2022-08-03 01:53:08,366 [pool-73-thread-1] INFO  storage.RaftStorageDirectory (RaftStorageDirectoryImpl.java:tryLock(230)) - Lock on /home/runner/work/ozone/ozone/hadoop-ozone/integration-test/target/test-dir/MiniOzoneClusterImpl-6a096081-edc2-4b52-80a3-ccd1f0f4fae5/datanode-0/data/ratis/88f9b23c-f19c-4ee8-a0ac-82e7bc7988f3/in_use.lock acquired by nodename 17687@fv-az199-929
2022-08-03 01:53:08,367 [pool-73-thread-1] INFO  storage.RaftStorage (RaftStorageImpl.java:format(89)) - Storage directory /home/runner/work/ozone/ozone/hadoop-ozone/integration-test/target/test-dir/MiniOzoneClusterImpl-6a096081-edc2-4b52-80a3-ccd1f0f4fae5/datanode-0/data/ratis/88f9b23c-f19c-4ee8-a0ac-82e7bc7988f3 has been successfully formatted.
2022-08-03 01:53:08,372 [pool-73-thread-1] INFO  ratis.ContainerStateMachine (ContainerStateMachine.java:loadSnapshot(236)) - group-82E7BC7988F3: The snapshot info is null. Setting the last applied indexto:(t:0, i:~)
2022-08-03 01:53:08,372 [pool-73-thread-1] INFO  server.RaftServerConfigKeys (ConfUtils.java:logGet(46)) - raft.server.notification.no-leader.timeout = 300s (custom)
2022-08-03 01:53:08,372 [pool-73-thread-1] INFO  server.RaftServerConfigKeys (ConfUtils.java:logGet(46)) - raft.server.log.use.memory = false (default)
2022-08-03 01:53:08,373 [pool-73-thread-1] INFO  server.RaftServerConfigKeys (ConfUtils.java:logGet(46)) - raft.server.log.purge.gap = 1000000 (custom)
2022-08-03 01:53:08,373 [pool-73-thread-1] INFO  server.RaftServerConfigKeys (ConfUtils.java:logGet(46)) - raft.server.log.appender.buffer.byte-limit = 33554432 (custom)
2022-08-03 01:53:08,373 [pool-73-thread-1] INFO  server.RaftServerConfigKeys (ConfUtils.java:logGet(46)) - raft.server.log.statemachine.data.read.timeout = 1000ms (default)
2022-08-03 01:53:08,373 [pool-73-thread-1] INFO  server.RaftServerConfigKeys (ConfUtils.java:logGet(46)) - raft.server.log.segment.size.max = 1048576 (custom)
2022-08-03 01:53:08,374 [pool-73-thread-1] INFO  server.RaftServerConfigKeys (ConfUtils.java:logGet(46)) - raft.server.log.segment.cache.num.max = 2 (custom)
2022-08-03 01:53:08,375 [pool-73-thread-1] INFO  server.RaftServerConfigKeys (ConfUtils.java:logGet(46)) - raft.server.log.segment.cache.size.max = 200MB (=209715200) (default)
2022-08-03 01:53:08,375 [pool-73-thread-1] INFO  segmented.SegmentedRaftLogWorker (SegmentedRaftLogWorker.java:<init>(187)) - new d2433786-0171-4e17-9e3a-b12e44f36186@group-82E7BC7988F3-SegmentedRaftLogWorker for RaftStorageImpl:Storage Directory /home/runner/work/ozone/ozone/hadoop-ozone/integration-test/target/test-dir/MiniOzoneClusterImpl-6a096081-edc2-4b52-80a3-ccd1f0f4fae5/datanode-0/data/ratis/88f9b23c-f19c-4ee8-a0ac-82e7bc7988f3
2022-08-03 01:53:08,375 [pool-73-thread-1] INFO  server.RaftServerConfigKeys (ConfUtils.java:logGet(46)) - raft.server.log.queue.byte-limit = 4294967296 (custom)
2022-08-03 01:53:08,375 [pool-73-thread-1] INFO  server.RaftServerConfigKeys (ConfUtils.java:logGet(46)) - raft.server.log.queue.element-limit = 1024 (custom)
2022-08-03 01:53:08,375 [pool-73-thread-1] INFO  server.RaftServerConfigKeys (ConfUtils.java:logGet(46)) - raft.server.log.segment.size.max = 1048576 (custom)
2022-08-03 01:53:08,375 [pool-73-thread-1] INFO  server.RaftServerConfigKeys (ConfUtils.java:logGet(46)) - raft.server.log.preallocated.size = 16384 (custom)
2022-08-03 01:53:08,375 [pool-73-thread-1] INFO  server.RaftServerConfigKeys (ConfUtils.java:logGet(46)) - raft.server.log.force.sync.num = 128 (default)
2022-08-03 01:53:08,375 [pool-73-thread-1] INFO  server.RaftServerConfigKeys (ConfUtils.java:logGet(46)) - raft.server.log.statemachine.data.sync = true (default)
2022-08-03 01:53:08,375 [pool-73-thread-1] INFO  server.RaftServerConfigKeys (ConfUtils.java:logGet(46)) - raft.server.log.statemachine.data.sync.timeout = 10s (default)
2022-08-03 01:53:08,375 [pool-73-thread-1] INFO  server.RaftServerConfigKeys (ConfUtils.java:logGet(46)) - raft.server.log.statemachine.data.sync.timeout.retry = -1 (default)
2022-08-03 01:53:08,378 [pool-73-thread-1] INFO  server.RaftServerConfigKeys (ConfUtils.java:logGet(46)) - raft.server.log.write.buffer.size = 1048576 (custom)
2022-08-03 01:53:08,378 [pool-73-thread-1] INFO  server.RaftServerConfigKeys (ConfUtils.java:logGet(46)) - raft.server.log.unsafe-flush.enabled = false (default)
2022-08-03 01:53:08,378 [pool-73-thread-1] INFO  server.RaftServerConfigKeys (ConfUtils.java:logGet(46)) - raft.server.log.statemachine.data.caching.enabled = true (custom)
2022-08-03 01:53:08,378 [pool-73-thread-1] INFO  segmented.SegmentedRaftLogWorker (SegmentedRaftLogWorker.java:lambda$new$0(135)) - d2433786-0171-4e17-9e3a-b12e44f36186@group-82E7BC7988F3-SegmentedRaftLogWorker: flushIndex: setUnconditionally 0 -> -1
2022-08-03 01:53:08,379 [pool-73-thread-1] INFO  segmented.SegmentedRaftLogWorker (SegmentedRaftLogWorker.java:lambda$new$0(135)) - d2433786-0171-4e17-9e3a-b12e44f36186@group-82E7BC7988F3-SegmentedRaftLogWorker: safeCacheEvictIndex: setUnconditionally 0 -> -1
2022-08-03 01:53:08,401 [pool-73-thread-1] INFO  server.RaftServerConfigKeys (ConfUtils.java:logGet(46)) - raft.server.snapshot.auto.trigger.enabled = true (custom)
2022-08-03 01:53:08,401 [pool-73-thread-1] INFO  server.RaftServerConfigKeys (ConfUtils.java:logGet(46)) - raft.server.snapshot.auto.trigger.threshold = 10000 (custom)
2022-08-03 01:53:08,401 [pool-73-thread-1] INFO  server.RaftServerConfigKeys (ConfUtils.java:logGet(46)) - raft.server.snapshot.retention.file.num = 5 (custom)
2022-08-03 01:53:08,401 [pool-73-thread-1] INFO  server.RaftServerConfigKeys (ConfUtils.java:logGet(46)) - raft.server.log.purge.upto.snapshot.index = false (default)
2022-08-03 01:53:08,402 [EventQueue-PipelineReportForPipelineReportHandler] INFO  pipeline.PipelineManagerImpl (PipelineManagerImpl.java:openPipeline(367)) - Pipeline Pipeline[ Id: 88f9b23c-f19c-4ee8-a0ac-82e7bc7988f3, Nodes: d2433786-0171-4e17-9e3a-b12e44f36186{ip: 10.1.0.23, host: fv-az199-929.piossgaoozdutex3tpy4bgd4ka.dx.internal.cloudapp.net, ports: [REPLICATION=37543, RATIS=41907, RATIS_ADMIN=41907, RATIS_SERVER=41907, STANDALONE=38345], networkLocation: /default-rack, certSerialId: null, persistedOpState: IN_SERVICE, persistedOpStateExpiryEpochSec: 0}, ReplicationConfig: RATIS/ONE, State:ALLOCATED, leaderId:d2433786-0171-4e17-9e3a-b12e44f36186, CreationTimestamp2022-08-03T01:53:05.375Z[Etc/UTC]] moved to OPEN state
2022-08-03 01:53:08,405 [pool-73-thread-1] INFO  server.RaftServerConfigKeys (ConfUtils.java:logGet(46)) - raft.server.retrycache.expirytime = 600000ms (custom)
2022-08-03 01:53:08,405 [pool-73-thread-1] INFO  server.RaftServerConfigKeys (ConfUtils.java:logGet(46)) - raft.server.retrycache.statistics.expirytime = 100μs (default)
2022-08-03 01:53:08,408 [pool-73-thread-1] INFO  server.RaftServerConfigKeys (ConfUtils.java:logGet(46)) - raft.server.log.appender.install.snapshot.enabled = false (custom)
2022-08-03 01:53:08,408 [pool-73-thread-1] INFO  server.RaftServerConfigKeys (ConfUtils.java:logGet(46)) - raft.server.threadpool.server.cached = true (default)
2022-08-03 01:53:08,408 [pool-73-thread-1] INFO  server.RaftServerConfigKeys (ConfUtils.java:logGet(46)) - raft.server.threadpool.server.size = 0 (default)
2022-08-03 01:53:08,408 [pool-73-thread-1] INFO  server.RaftServerConfigKeys (ConfUtils.java:logGet(46)) - raft.server.threadpool.client.cached = true (default)
2022-08-03 01:53:08,409 [pool-73-thread-1] INFO  server.RaftServerConfigKeys (ConfUtils.java:logGet(46)) - raft.server.threadpool.client.size = 0 (default)
2022-08-03 01:53:08,409 [pool-73-thread-1] INFO  server.RaftServer$Division (RaftServerImpl.java:start(310)) - d2433786-0171-4e17-9e3a-b12e44f36186@group-82E7BC7988F3: start as a follower, conf=-1: [d2433786-0171-4e17-9e3a-b12e44f36186|rpc:10.1.0.23:41907|priority:1], old=null
2022-08-03 01:53:08,409 [pool-73-thread-1] INFO  server.RaftServer$Division (RaftServerImpl.java:setRole(299)) - d2433786-0171-4e17-9e3a-b12e44f36186@group-82E7BC7988F3: changes role from      null to FOLLOWER at term 0 for startAsFollower
2022-08-03 01:53:08,409 [pool-73-thread-1] INFO  impl.RoleInfo (RoleInfo.java:updateAndGet(139)) - d2433786-0171-4e17-9e3a-b12e44f36186: start d2433786-0171-4e17-9e3a-b12e44f36186@group-82E7BC7988F3-FollowerState
2022-08-03 01:53:08,405 [EventQueue-OpenPipelineForHealthyPipelineSafeModeRule] INFO  safemode.SCMSafeModeManager (HealthyPipelineSafeModeRule.java:process(137)) - SCM in safe mode. Healthy pipelines reported count is 0, required healthy pipeline reported count is 1
2022-08-03 01:53:08,417 [pool-73-thread-1] INFO  util.JmxRegister (JmxRegister.java:tryRegister(44)) - Successfully registered JMX Bean with object name Ratis:service=RaftServer,group=group-82E7BC7988F3,id=d2433786-0171-4e17-9e3a-b12e44f36186
2022-08-03 01:53:08,428 [Command processor thread] INFO  ratis.XceiverServerRatis (XceiverServerRatis.java:addGroup(765)) - Created group PipelineID=88f9b23c-f19c-4ee8-a0ac-82e7bc7988f3
2022-08-03 01:53:08,429 [Command processor thread] INFO  commandhandler.CreatePipelineCommandHandler (CreatePipelineCommandHandler.java:handle(113)) - Created Pipeline RATIS ONE PipelineID=88f9b23c-f19c-4ee8-a0ac-82e7bc7988f3.
2022-08-03 01:53:08,429 [Command processor thread] INFO  server.RaftServer (RaftServerProxy.java:addNew(96)) - d2433786-0171-4e17-9e3a-b12e44f36186: addNew group-6A8FC32459EF:[7cc4dae5-b8b1-4887-8b99-c7b379db6b59|rpc:10.1.0.23:38993|priority:0, d2433786-0171-4e17-9e3a-b12e44f36186|rpc:10.1.0.23:41907|priority:0, a32d3105-1fa5-4486-a401-c143653c6277|rpc:10.1.0.23:40593|priority:1] returns group-6A8FC32459EF:java.util.concurrent.CompletableFuture@21180db6[Not completed]
2022-08-03 01:53:08,431 [pool-73-thread-1] INFO  server.RaftServer$Division (RaftServerImpl.java:<init>(190)) - d2433786-0171-4e17-9e3a-b12e44f36186: new RaftServerImpl for group-6A8FC32459EF:[7cc4dae5-b8b1-4887-8b99-c7b379db6b59|rpc:10.1.0.23:38993|priority:0, d2433786-0171-4e17-9e3a-b12e44f36186|rpc:10.1.0.23:41907|priority:0, a32d3105-1fa5-4486-a401-c143653c6277|rpc:10.1.0.23:40593|priority:1] with ContainerStateMachine:uninitialized
2022-08-03 01:53:08,431 [pool-73-thread-1] INFO  server.RaftServerConfigKeys (ConfUtils.java:logGet(46)) - raft.server.rpc.timeout.min = 5s (custom)
2022-08-03 01:53:08,431 [pool-73-thread-1] INFO  server.RaftServerConfigKeys (ConfUtils.java:logGet(46)) - raft.server.rpc.timeout.max = 5200ms (custom)
2022-08-03 01:53:08,431 [pool-73-thread-1] INFO  server.RaftServerConfigKeys (ConfUtils.java:logGet(46)) - raft.server.rpc.sleep.time = 25ms (default)
2022-08-03 01:53:08,431 [pool-73-thread-1] INFO  server.RaftServerConfigKeys (ConfUtils.java:logGet(46)) - raft.server.rpc.slowness.timeout = 300s (custom)
2022-08-03 01:53:08,431 [pool-73-thread-1] INFO  server.RaftServerConfigKeys (ConfUtils.java:logGet(46)) - raft.server.leaderelection.leader.step-down.wait-time = 10s (default)
2022-08-03 01:53:08,431 [pool-73-thread-1] INFO  server.RaftServerConfigKeys (ConfUtils.java:logGet(46)) - raft.server.sleep.deviation.threshold = 300ms (default)
2022-08-03 01:53:08,431 [pool-73-thread-1] INFO  server.RaftServer$Division (ServerState.java:<init>(107)) - d2433786-0171-4e17-9e3a-b12e44f36186@group-6A8FC32459EF: ConfigurationManager, init=-1: [7cc4dae5-b8b1-4887-8b99-c7b379db6b59|rpc:10.1.0.23:38993|priority:0, d2433786-0171-4e17-9e3a-b12e44f36186|rpc:10.1.0.23:41907|priority:0, a32d3105-1fa5-4486-a401-c143653c6277|rpc:10.1.0.23:40593|priority:1], old=null, confs=<EMPTY_MAP>
2022-08-03 01:53:08,431 [pool-73-thread-1] INFO  server.RaftServerConfigKeys (ConfUtils.java:logGet(46)) - raft.server.storage.dir = [/home/runner/work/ozone/ozone/hadoop-ozone/integration-test/target/test-dir/MiniOzoneClusterImpl-6a096081-edc2-4b52-80a3-ccd1f0f4fae5/datanode-0/data/ratis] (custom)
2022-08-03 01:53:08,431 [pool-73-thread-1] INFO  server.RaftServerConfigKeys (ConfUtils.java:logGet(46)) - raft.server.log.corruption.policy = EXCEPTION (default)
2022-08-03 01:53:08,432 [pool-73-thread-1] INFO  server.RaftServerConfigKeys (ConfUtils.java:logGet(46)) - raft.server.storage.free-space.min = 0MB (=0) (default)
2022-08-03 01:53:08,434 [pool-73-thread-1] INFO  storage.RaftStorageDirectory (RaftStorageDirectoryImpl.java:analyzeStorage(135)) - The storage directory /home/runner/work/ozone/ozone/hadoop-ozone/integration-test/target/test-dir/MiniOzoneClusterImpl-6a096081-edc2-4b52-80a3-ccd1f0f4fae5/datanode-0/data/ratis/33ec60f8-dcf4-45c9-ab6b-6a8fc32459ef does not exist. Creating ...
2022-08-03 01:53:08,435 [pool-73-thread-1] INFO  storage.RaftStorageDirectory (RaftStorageDirectoryImpl.java:tryLock(230)) - Lock on /home/runner/work/ozone/ozone/hadoop-ozone/integration-test/target/test-dir/MiniOzoneClusterImpl-6a096081-edc2-4b52-80a3-ccd1f0f4fae5/datanode-0/data/ratis/33ec60f8-dcf4-45c9-ab6b-6a8fc32459ef/in_use.lock acquired by nodename 17687@fv-az199-929
2022-08-03 01:53:08,436 [pool-73-thread-1] INFO  storage.RaftStorage (RaftStorageImpl.java:format(89)) - Storage directory /home/runner/work/ozone/ozone/hadoop-ozone/integration-test/target/test-dir/MiniOzoneClusterImpl-6a096081-edc2-4b52-80a3-ccd1f0f4fae5/datanode-0/data/ratis/33ec60f8-dcf4-45c9-ab6b-6a8fc32459ef has been successfully formatted.
2022-08-03 01:53:08,437 [pool-73-thread-1] INFO  ratis.ContainerStateMachine (ContainerStateMachine.java:loadSnapshot(236)) - group-6A8FC32459EF: The snapshot info is null. Setting the last applied indexto:(t:0, i:~)
2022-08-03 01:53:08,437 [pool-73-thread-1] INFO  server.RaftServerConfigKeys (ConfUtils.java:logGet(46)) - raft.server.notification.no-leader.timeout = 300s (custom)
2022-08-03 01:53:08,438 [pool-73-thread-1] INFO  server.RaftServerConfigKeys (ConfUtils.java:logGet(46)) - raft.server.log.use.memory = false (default)
2022-08-03 01:53:08,438 [pool-73-thread-1] INFO  server.RaftServerConfigKeys (ConfUtils.java:logGet(46)) - raft.server.log.purge.gap = 1000000 (custom)
2022-08-03 01:53:08,438 [pool-73-thread-1] INFO  server.RaftServerConfigKeys (ConfUtils.java:logGet(46)) - raft.server.log.appender.buffer.byte-limit = 33554432 (custom)
2022-08-03 01:53:08,438 [pool-73-thread-1] INFO  server.RaftServerConfigKeys (ConfUtils.java:logGet(46)) - raft.server.log.statemachine.data.read.timeout = 1000ms (default)
2022-08-03 01:53:08,438 [pool-73-thread-1] INFO  server.RaftServerConfigKeys (ConfUtils.java:logGet(46)) - raft.server.log.segment.size.max = 1048576 (custom)
2022-08-03 01:53:08,440 [EventQueue-OpenPipelineForHealthyPipelineSafeModeRule] INFO  safemode.SCMSafeModeManager (HealthyPipelineSafeModeRule.java:process(137)) - SCM in safe mode. Healthy pipelines reported count is 0, required healthy pipeline reported count is 1
2022-08-03 01:53:08,441 [pool-73-thread-1] INFO  server.RaftServerConfigKeys (ConfUtils.java:logGet(46)) - raft.server.log.segment.cache.num.max = 2 (custom)
2022-08-03 01:53:08,441 [pool-73-thread-1] INFO  server.RaftServerConfigKeys (ConfUtils.java:logGet(46)) - raft.server.log.segment.cache.size.max = 200MB (=209715200) (default)
2022-08-03 01:53:08,441 [pool-73-thread-1] INFO  segmented.SegmentedRaftLogWorker (SegmentedRaftLogWorker.java:<init>(187)) - new d2433786-0171-4e17-9e3a-b12e44f36186@group-6A8FC32459EF-SegmentedRaftLogWorker for RaftStorageImpl:Storage Directory /home/runner/work/ozone/ozone/hadoop-ozone/integration-test/target/test-dir/MiniOzoneClusterImpl-6a096081-edc2-4b52-80a3-ccd1f0f4fae5/datanode-0/data/ratis/33ec60f8-dcf4-45c9-ab6b-6a8fc32459ef
2022-08-03 01:53:08,441 [pool-73-thread-1] INFO  server.RaftServerConfigKeys (ConfUtils.java:logGet(46)) - raft.server.log.queue.byte-limit = 4294967296 (custom)
2022-08-03 01:53:08,441 [pool-73-thread-1] INFO  server.RaftServerConfigKeys (ConfUtils.java:logGet(46)) - raft.server.log.queue.element-limit = 1024 (custom)
2022-08-03 01:53:08,442 [pool-73-thread-1] INFO  server.RaftServerConfigKeys (ConfUtils.java:logGet(46)) - raft.server.log.segment.size.max = 1048576 (custom)
2022-08-03 01:53:08,442 [pool-73-thread-1] INFO  server.RaftServerConfigKeys (ConfUtils.java:logGet(46)) - raft.server.log.preallocated.size = 16384 (custom)
2022-08-03 01:53:08,442 [pool-73-thread-1] INFO  server.RaftServerConfigKeys (ConfUtils.java:logGet(46)) - raft.server.log.force.sync.num = 128 (default)
2022-08-03 01:53:08,442 [pool-73-thread-1] INFO  server.RaftServerConfigKeys (ConfUtils.java:logGet(46)) - raft.server.log.statemachine.data.sync = true (default)
2022-08-03 01:53:08,442 [pool-73-thread-1] INFO  server.RaftServerConfigKeys (ConfUtils.java:logGet(46)) - raft.server.log.statemachine.data.sync.timeout = 10s (default)
2022-08-03 01:53:08,442 [pool-73-thread-1] INFO  server.RaftServerConfigKeys (ConfUtils.java:logGet(46)) - raft.server.log.statemachine.data.sync.timeout.retry = -1 (default)
2022-08-03 01:53:08,444 [pool-73-thread-1] INFO  server.RaftServerConfigKeys (ConfUtils.java:logGet(46)) - raft.server.log.write.buffer.size = 1048576 (custom)
2022-08-03 01:53:08,444 [pool-73-thread-1] INFO  server.RaftServerConfigKeys (ConfUtils.java:logGet(46)) - raft.server.log.unsafe-flush.enabled = false (default)
2022-08-03 01:53:08,444 [pool-73-thread-1] INFO  server.RaftServerConfigKeys (ConfUtils.java:logGet(46)) - raft.server.log.statemachine.data.caching.enabled = true (custom)
2022-08-03 01:53:08,445 [pool-73-thread-1] INFO  segmented.SegmentedRaftLogWorker (SegmentedRaftLogWorker.java:lambda$new$0(135)) - d2433786-0171-4e17-9e3a-b12e44f36186@group-6A8FC32459EF-SegmentedRaftLogWorker: flushIndex: setUnconditionally 0 -> -1
2022-08-03 01:53:08,445 [pool-73-thread-1] INFO  segmented.SegmentedRaftLogWorker (SegmentedRaftLogWorker.java:lambda$new$0(135)) - d2433786-0171-4e17-9e3a-b12e44f36186@group-6A8FC32459EF-SegmentedRaftLogWorker: safeCacheEvictIndex: setUnconditionally 0 -> -1
2022-08-03 01:53:08,446 [pool-73-thread-1] INFO  server.RaftServerConfigKeys (ConfUtils.java:logGet(46)) - raft.server.snapshot.auto.trigger.enabled = true (custom)
2022-08-03 01:53:08,446 [pool-73-thread-1] INFO  server.RaftServerConfigKeys (ConfUtils.java:logGet(46)) - raft.server.snapshot.auto.trigger.threshold = 10000 (custom)
2022-08-03 01:53:08,446 [pool-73-thread-1] INFO  server.RaftServerConfigKeys (ConfUtils.java:logGet(46)) - raft.server.snapshot.retention.file.num = 5 (custom)
2022-08-03 01:53:08,446 [pool-73-thread-1] INFO  server.RaftServerConfigKeys (ConfUtils.java:logGet(46)) - raft.server.log.purge.upto.snapshot.index = false (default)
2022-08-03 01:53:08,446 [pool-73-thread-1] INFO  server.RaftServerConfigKeys (ConfUtils.java:logGet(46)) - raft.server.retrycache.expirytime = 600000ms (custom)
2022-08-03 01:53:08,446 [pool-73-thread-1] INFO  server.RaftServerConfigKeys (ConfUtils.java:logGet(46)) - raft.server.retrycache.statistics.expirytime = 100μs (default)
2022-08-03 01:53:08,449 [pool-73-thread-1] INFO  server.RaftServerConfigKeys (ConfUtils.java:logGet(46)) - raft.server.log.appender.install.snapshot.enabled = false (custom)
2022-08-03 01:53:08,449 [pool-73-thread-1] INFO  server.RaftServerConfigKeys (ConfUtils.java:logGet(46)) - raft.server.threadpool.server.cached = true (default)
2022-08-03 01:53:08,449 [pool-73-thread-1] INFO  server.RaftServerConfigKeys (ConfUtils.java:logGet(46)) - raft.server.threadpool.server.size = 0 (default)
2022-08-03 01:53:08,449 [pool-73-thread-1] INFO  server.RaftServerConfigKeys (ConfUtils.java:logGet(46)) - raft.server.threadpool.client.cached = true (default)
2022-08-03 01:53:08,449 [pool-73-thread-1] INFO  server.RaftServerConfigKeys (ConfUtils.java:logGet(46)) - raft.server.threadpool.client.size = 0 (default)
2022-08-03 01:53:08,449 [pool-73-thread-1] INFO  server.RaftServer$Division (RaftServerImpl.java:start(310)) - d2433786-0171-4e17-9e3a-b12e44f36186@group-6A8FC32459EF: start as a follower, conf=-1: [7cc4dae5-b8b1-4887-8b99-c7b379db6b59|rpc:10.1.0.23:38993|priority:0, d2433786-0171-4e17-9e3a-b12e44f36186|rpc:10.1.0.23:41907|priority:0, a32d3105-1fa5-4486-a401-c143653c6277|rpc:10.1.0.23:40593|priority:1], old=null
2022-08-03 01:53:08,449 [pool-73-thread-1] INFO  server.RaftServer$Division (RaftServerImpl.java:setRole(299)) - d2433786-0171-4e17-9e3a-b12e44f36186@group-6A8FC32459EF: changes role from      null to FOLLOWER at term 0 for startAsFollower
2022-08-03 01:53:08,449 [pool-73-thread-1] INFO  impl.RoleInfo (RoleInfo.java:updateAndGet(139)) - d2433786-0171-4e17-9e3a-b12e44f36186: start d2433786-0171-4e17-9e3a-b12e44f36186@group-6A8FC32459EF-FollowerState
2022-08-03 01:53:08,451 [pool-73-thread-1] INFO  util.JmxRegister (JmxRegister.java:tryRegister(44)) - Successfully registered JMX Bean with object name Ratis:service=RaftServer,group=group-6A8FC32459EF,id=d2433786-0171-4e17-9e3a-b12e44f36186
2022-08-03 01:53:08,452 [Command processor thread] INFO  ratis.XceiverServerRatis (XceiverServerRatis.java:addGroup(765)) - Created group PipelineID=33ec60f8-dcf4-45c9-ab6b-6a8fc32459ef
2022-08-03 01:53:08,996 [Command processor thread] INFO  server.RaftServer (RaftServerProxy.java:addNew(96)) - 7cc4dae5-b8b1-4887-8b99-c7b379db6b59: addNew group-50F2D43333D0:[7cc4dae5-b8b1-4887-8b99-c7b379db6b59|rpc:10.1.0.23:38993|priority:1] returns group-50F2D43333D0:java.util.concurrent.CompletableFuture@29607159[Not completed]
2022-08-03 01:53:08,997 [pool-96-thread-1] INFO  server.RaftServer$Division (RaftServerImpl.java:<init>(190)) - 7cc4dae5-b8b1-4887-8b99-c7b379db6b59: new RaftServerImpl for group-50F2D43333D0:[7cc4dae5-b8b1-4887-8b99-c7b379db6b59|rpc:10.1.0.23:38993|priority:1] with ContainerStateMachine:uninitialized
2022-08-03 01:53:08,998 [pool-96-thread-1] INFO  server.RaftServerConfigKeys (ConfUtils.java:logGet(46)) - raft.server.rpc.timeout.min = 5s (custom)
2022-08-03 01:53:08,998 [pool-96-thread-1] INFO  server.RaftServerConfigKeys (ConfUtils.java:logGet(46)) - raft.server.rpc.timeout.max = 5200ms (custom)
2022-08-03 01:53:08,998 [pool-96-thread-1] INFO  server.RaftServerConfigKeys (ConfUtils.java:logGet(46)) - raft.server.rpc.sleep.time = 25ms (default)
2022-08-03 01:53:08,998 [pool-96-thread-1] INFO  server.RaftServerConfigKeys (ConfUtils.java:logGet(46)) - raft.server.rpc.slowness.timeout = 300s (custom)
2022-08-03 01:53:08,998 [pool-96-thread-1] INFO  server.RaftServerConfigKeys (ConfUtils.java:logGet(46)) - raft.server.leaderelection.leader.step-down.wait-time = 10s (default)
2022-08-03 01:53:08,998 [pool-96-thread-1] INFO  server.RaftServerConfigKeys (ConfUtils.java:logGet(46)) - raft.server.sleep.deviation.threshold = 300ms (default)
2022-08-03 01:53:08,998 [pool-96-thread-1] INFO  server.RaftServer$Division (ServerState.java:<init>(107)) - 7cc4dae5-b8b1-4887-8b99-c7b379db6b59@group-50F2D43333D0: ConfigurationManager, init=-1: [7cc4dae5-b8b1-4887-8b99-c7b379db6b59|rpc:10.1.0.23:38993|priority:1], old=null, confs=<EMPTY_MAP>
2022-08-03 01:53:08,999 [pool-96-thread-1] INFO  server.RaftServerConfigKeys (ConfUtils.java:logGet(46)) - raft.server.storage.dir = [/home/runner/work/ozone/ozone/hadoop-ozone/integration-test/target/test-dir/MiniOzoneClusterImpl-6a096081-edc2-4b52-80a3-ccd1f0f4fae5/datanode-1/data/ratis] (custom)
2022-08-03 01:53:08,999 [pool-96-thread-1] INFO  server.RaftServerConfigKeys (ConfUtils.java:logGet(46)) - raft.server.log.corruption.policy = EXCEPTION (default)
2022-08-03 01:53:08,999 [pool-96-thread-1] INFO  server.RaftServerConfigKeys (ConfUtils.java:logGet(46)) - raft.server.storage.free-space.min = 0MB (=0) (default)
2022-08-03 01:53:08,999 [pool-96-thread-1] INFO  storage.RaftStorageDirectory (RaftStorageDirectoryImpl.java:analyzeStorage(135)) - The storage directory /home/runner/work/ozone/ozone/hadoop-ozone/integration-test/target/test-dir/MiniOzoneClusterImpl-6a096081-edc2-4b52-80a3-ccd1f0f4fae5/datanode-1/data/ratis/b35bab8e-8192-41ab-b70f-50f2d43333d0 does not exist. Creating ...
2022-08-03 01:53:09,001 [pool-96-thread-1] INFO  storage.RaftStorageDirectory (RaftStorageDirectoryImpl.java:tryLock(230)) - Lock on /home/runner/work/ozone/ozone/hadoop-ozone/integration-test/target/test-dir/MiniOzoneClusterImpl-6a096081-edc2-4b52-80a3-ccd1f0f4fae5/datanode-1/data/ratis/b35bab8e-8192-41ab-b70f-50f2d43333d0/in_use.lock acquired by nodename 17687@fv-az199-929
2022-08-03 01:53:09,002 [pool-96-thread-1] INFO  storage.RaftStorage (RaftStorageImpl.java:format(89)) - Storage directory /home/runner/work/ozone/ozone/hadoop-ozone/integration-test/target/test-dir/MiniOzoneClusterImpl-6a096081-edc2-4b52-80a3-ccd1f0f4fae5/datanode-1/data/ratis/b35bab8e-8192-41ab-b70f-50f2d43333d0 has been successfully formatted.
2022-08-03 01:53:09,006 [pool-96-thread-1] INFO  ratis.ContainerStateMachine (ContainerStateMachine.java:loadSnapshot(236)) - group-50F2D43333D0: The snapshot info is null. Setting the last applied indexto:(t:0, i:~)
2022-08-03 01:53:09,022 [EventQueue-PipelineReportForPipelineReportHandler] INFO  pipeline.PipelineManagerImpl (PipelineManagerImpl.java:openPipeline(367)) - Pipeline Pipeline[ Id: b35bab8e-8192-41ab-b70f-50f2d43333d0, Nodes: 7cc4dae5-b8b1-4887-8b99-c7b379db6b59{ip: 10.1.0.23, host: fv-az199-929.piossgaoozdutex3tpy4bgd4ka.dx.internal.cloudapp.net, ports: [REPLICATION=41545, RATIS=38993, RATIS_ADMIN=38993, RATIS_SERVER=38993, STANDALONE=35421], networkLocation: /default-rack, certSerialId: null, persistedOpState: IN_SERVICE, persistedOpStateExpiryEpochSec: 0}, ReplicationConfig: RATIS/ONE, State:ALLOCATED, leaderId:7cc4dae5-b8b1-4887-8b99-c7b379db6b59, CreationTimestamp2022-08-03T01:53:05.992Z[Etc/UTC]] moved to OPEN state
2022-08-03 01:53:09,023 [EventQueue-OpenPipelineForHealthyPipelineSafeModeRule] INFO  safemode.SCMSafeModeManager (HealthyPipelineSafeModeRule.java:process(137)) - SCM in safe mode. Healthy pipelines reported count is 0, required healthy pipeline reported count is 1
2022-08-03 01:53:09,024 [pool-96-thread-1] INFO  server.RaftServerConfigKeys (ConfUtils.java:logGet(46)) - raft.server.notification.no-leader.timeout = 300s (custom)
2022-08-03 01:53:09,024 [pool-96-thread-1] INFO  server.RaftServerConfigKeys (ConfUtils.java:logGet(46)) - raft.server.log.use.memory = false (default)
2022-08-03 01:53:09,024 [pool-96-thread-1] INFO  server.RaftServerConfigKeys (ConfUtils.java:logGet(46)) - raft.server.log.purge.gap = 1000000 (custom)
2022-08-03 01:53:09,024 [pool-96-thread-1] INFO  server.RaftServerConfigKeys (ConfUtils.java:logGet(46)) - raft.server.log.appender.buffer.byte-limit = 33554432 (custom)
2022-08-03 01:53:09,025 [pool-96-thread-1] INFO  server.RaftServerConfigKeys (ConfUtils.java:logGet(46)) - raft.server.log.statemachine.data.read.timeout = 1000ms (default)
2022-08-03 01:53:09,025 [pool-96-thread-1] INFO  server.RaftServerConfigKeys (ConfUtils.java:logGet(46)) - raft.server.log.segment.size.max = 1048576 (custom)
2022-08-03 01:53:09,026 [pool-96-thread-1] INFO  server.RaftServerConfigKeys (ConfUtils.java:logGet(46)) - raft.server.log.segment.cache.num.max = 2 (custom)
2022-08-03 01:53:09,026 [pool-96-thread-1] INFO  server.RaftServerConfigKeys (ConfUtils.java:logGet(46)) - raft.server.log.segment.cache.size.max = 200MB (=209715200) (default)
2022-08-03 01:53:09,026 [pool-96-thread-1] INFO  segmented.SegmentedRaftLogWorker (SegmentedRaftLogWorker.java:<init>(187)) - new 7cc4dae5-b8b1-4887-8b99-c7b379db6b59@group-50F2D43333D0-SegmentedRaftLogWorker for RaftStorageImpl:Storage Directory /home/runner/work/ozone/ozone/hadoop-ozone/integration-test/target/test-dir/MiniOzoneClusterImpl-6a096081-edc2-4b52-80a3-ccd1f0f4fae5/datanode-1/data/ratis/b35bab8e-8192-41ab-b70f-50f2d43333d0
2022-08-03 01:53:09,026 [pool-96-thread-1] INFO  server.RaftServerConfigKeys (ConfUtils.java:logGet(46)) - raft.server.log.queue.byte-limit = 4294967296 (custom)
2022-08-03 01:53:09,026 [pool-96-thread-1] INFO  server.RaftServerConfigKeys (ConfUtils.java:logGet(46)) - raft.server.log.queue.element-limit = 1024 (custom)
2022-08-03 01:53:09,026 [pool-96-thread-1] INFO  server.RaftServerConfigKeys (ConfUtils.java:logGet(46)) - raft.server.log.segment.size.max = 1048576 (custom)
2022-08-03 01:53:09,026 [pool-96-thread-1] INFO  server.RaftServerConfigKeys (ConfUtils.java:logGet(46)) - raft.server.log.preallocated.size = 16384 (custom)
2022-08-03 01:53:09,026 [pool-96-thread-1] INFO  server.RaftServerConfigKeys (ConfUtils.java:logGet(46)) - raft.server.log.force.sync.num = 128 (default)
2022-08-03 01:53:09,026 [pool-96-thread-1] INFO  server.RaftServerConfigKeys (ConfUtils.java:logGet(46)) - raft.server.log.statemachine.data.sync = true (default)
2022-08-03 01:53:09,027 [pool-96-thread-1] INFO  server.RaftServerConfigKeys (ConfUtils.java:logGet(46)) - raft.server.log.statemachine.data.sync.timeout = 10s (default)
2022-08-03 01:53:09,027 [pool-96-thread-1] INFO  server.RaftServerConfigKeys (ConfUtils.java:logGet(46)) - raft.server.log.statemachine.data.sync.timeout.retry = -1 (default)
2022-08-03 01:53:09,028 [pool-96-thread-1] INFO  server.RaftServerConfigKeys (ConfUtils.java:logGet(46)) - raft.server.log.write.buffer.size = 1048576 (custom)
2022-08-03 01:53:09,029 [pool-96-thread-1] INFO  server.RaftServerConfigKeys (ConfUtils.java:logGet(46)) - raft.server.log.unsafe-flush.enabled = false (default)
2022-08-03 01:53:09,029 [pool-96-thread-1] INFO  server.RaftServerConfigKeys (ConfUtils.java:logGet(46)) - raft.server.log.statemachine.data.caching.enabled = true (custom)
2022-08-03 01:53:09,029 [pool-96-thread-1] INFO  segmented.SegmentedRaftLogWorker (SegmentedRaftLogWorker.java:lambda$new$0(135)) - 7cc4dae5-b8b1-4887-8b99-c7b379db6b59@group-50F2D43333D0-SegmentedRaftLogWorker: flushIndex: setUnconditionally 0 -> -1
2022-08-03 01:53:09,029 [pool-96-thread-1] INFO  segmented.SegmentedRaftLogWorker (SegmentedRaftLogWorker.java:lambda$new$0(135)) - 7cc4dae5-b8b1-4887-8b99-c7b379db6b59@group-50F2D43333D0-SegmentedRaftLogWorker: safeCacheEvictIndex: setUnconditionally 0 -> -1
2022-08-03 01:53:09,029 [pool-96-thread-1] INFO  server.RaftServerConfigKeys (ConfUtils.java:logGet(46)) - raft.server.snapshot.auto.trigger.enabled = true (custom)
2022-08-03 01:53:09,029 [pool-96-thread-1] INFO  server.RaftServerConfigKeys (ConfUtils.java:logGet(46)) - raft.server.snapshot.auto.trigger.threshold = 10000 (custom)
2022-08-03 01:53:09,029 [pool-96-thread-1] INFO  server.RaftServerConfigKeys (ConfUtils.java:logGet(46)) - raft.server.snapshot.retention.file.num = 5 (custom)
2022-08-03 01:53:09,029 [pool-96-thread-1] INFO  server.RaftServerConfigKeys (ConfUtils.java:logGet(46)) - raft.server.log.purge.upto.snapshot.index = false (default)
2022-08-03 01:53:09,029 [pool-96-thread-1] INFO  server.RaftServerConfigKeys (ConfUtils.java:logGet(46)) - raft.server.retrycache.expirytime = 600000ms (custom)
2022-08-03 01:53:09,030 [pool-96-thread-1] INFO  server.RaftServerConfigKeys (ConfUtils.java:logGet(46)) - raft.server.retrycache.statistics.expirytime = 100μs (default)
2022-08-03 01:53:09,032 [pool-96-thread-1] INFO  server.RaftServerConfigKeys (ConfUtils.java:logGet(46)) - raft.server.log.appender.install.snapshot.enabled = false (custom)
2022-08-03 01:53:09,032 [pool-96-thread-1] INFO  server.RaftServerConfigKeys (ConfUtils.java:logGet(46)) - raft.server.threadpool.server.cached = true (default)
2022-08-03 01:53:09,032 [pool-96-thread-1] INFO  server.RaftServerConfigKeys (ConfUtils.java:logGet(46)) - raft.server.threadpool.server.size = 0 (default)
2022-08-03 01:53:09,032 [pool-96-thread-1] INFO  server.RaftServerConfigKeys (ConfUtils.java:logGet(46)) - raft.server.threadpool.client.cached = true (default)
2022-08-03 01:53:09,032 [pool-96-thread-1] INFO  server.RaftServerConfigKeys (ConfUtils.java:logGet(46)) - raft.server.threadpool.client.size = 0 (default)
2022-08-03 01:53:09,032 [pool-96-thread-1] INFO  server.RaftServer$Division (RaftServerImpl.java:start(310)) - 7cc4dae5-b8b1-4887-8b99-c7b379db6b59@group-50F2D43333D0: start as a follower, conf=-1: [7cc4dae5-b8b1-4887-8b99-c7b379db6b59|rpc:10.1.0.23:38993|priority:1], old=null
2022-08-03 01:53:09,032 [pool-96-thread-1] INFO  server.RaftServer$Division (RaftServerImpl.java:setRole(299)) - 7cc4dae5-b8b1-4887-8b99-c7b379db6b59@group-50F2D43333D0: changes role from      null to FOLLOWER at term 0 for startAsFollower
2022-08-03 01:53:09,032 [pool-96-thread-1] INFO  impl.RoleInfo (RoleInfo.java:updateAndGet(139)) - 7cc4dae5-b8b1-4887-8b99-c7b379db6b59: start 7cc4dae5-b8b1-4887-8b99-c7b379db6b59@group-50F2D43333D0-FollowerState
2022-08-03 01:53:09,033 [pool-96-thread-1] INFO  util.JmxRegister (JmxRegister.java:tryRegister(44)) - Successfully registered JMX Bean with object name Ratis:service=RaftServer,group=group-50F2D43333D0,id=7cc4dae5-b8b1-4887-8b99-c7b379db6b59
2022-08-03 01:53:09,040 [Command processor thread] INFO  ratis.XceiverServerRatis (XceiverServerRatis.java:addGroup(765)) - Created group PipelineID=b35bab8e-8192-41ab-b70f-50f2d43333d0
2022-08-03 01:53:09,041 [Command processor thread] INFO  commandhandler.CreatePipelineCommandHandler (CreatePipelineCommandHandler.java:handle(113)) - Created Pipeline RATIS ONE PipelineID=b35bab8e-8192-41ab-b70f-50f2d43333d0.
2022-08-03 01:53:09,045 [Command processor thread] INFO  server.RaftServer (RaftServerProxy.java:addNew(96)) - 7cc4dae5-b8b1-4887-8b99-c7b379db6b59: addNew group-6A8FC32459EF:[7cc4dae5-b8b1-4887-8b99-c7b379db6b59|rpc:10.1.0.23:38993|priority:0, d2433786-0171-4e17-9e3a-b12e44f36186|rpc:10.1.0.23:41907|priority:0, a32d3105-1fa5-4486-a401-c143653c6277|rpc:10.1.0.23:40593|priority:1] returns group-6A8FC32459EF:java.util.concurrent.CompletableFuture@2d5fe0ad[Not completed]
2022-08-03 01:53:09,047 [pool-96-thread-1] INFO  server.RaftServer$Division (RaftServerImpl.java:<init>(190)) - 7cc4dae5-b8b1-4887-8b99-c7b379db6b59: new RaftServerImpl for group-6A8FC32459EF:[7cc4dae5-b8b1-4887-8b99-c7b379db6b59|rpc:10.1.0.23:38993|priority:0, d2433786-0171-4e17-9e3a-b12e44f36186|rpc:10.1.0.23:41907|priority:0, a32d3105-1fa5-4486-a401-c143653c6277|rpc:10.1.0.23:40593|priority:1] with ContainerStateMachine:uninitialized
2022-08-03 01:53:09,047 [pool-96-thread-1] INFO  server.RaftServerConfigKeys (ConfUtils.java:logGet(46)) - raft.server.rpc.timeout.min = 5s (custom)
2022-08-03 01:53:09,047 [pool-96-thread-1] INFO  server.RaftServerConfigKeys (ConfUtils.java:logGet(46)) - raft.server.rpc.timeout.max = 5200ms (custom)
2022-08-03 01:53:09,047 [pool-96-thread-1] INFO  server.RaftServerConfigKeys (ConfUtils.java:logGet(46)) - raft.server.rpc.sleep.time = 25ms (default)
2022-08-03 01:53:09,047 [pool-96-thread-1] INFO  server.RaftServerConfigKeys (ConfUtils.java:logGet(46)) - raft.server.rpc.slowness.timeout = 300s (custom)
2022-08-03 01:53:09,047 [pool-96-thread-1] INFO  server.RaftServerConfigKeys (ConfUtils.java:logGet(46)) - raft.server.leaderelection.leader.step-down.wait-time = 10s (default)
2022-08-03 01:53:09,047 [pool-96-thread-1] INFO  server.RaftServerConfigKeys (ConfUtils.java:logGet(46)) - raft.server.sleep.deviation.threshold = 300ms (default)
2022-08-03 01:53:09,047 [pool-96-thread-1] INFO  server.RaftServer$Division (ServerState.java:<init>(107)) - 7cc4dae5-b8b1-4887-8b99-c7b379db6b59@group-6A8FC32459EF: ConfigurationManager, init=-1: [7cc4dae5-b8b1-4887-8b99-c7b379db6b59|rpc:10.1.0.23:38993|priority:0, d2433786-0171-4e17-9e3a-b12e44f36186|rpc:10.1.0.23:41907|priority:0, a32d3105-1fa5-4486-a401-c143653c6277|rpc:10.1.0.23:40593|priority:1], old=null, confs=<EMPTY_MAP>
2022-08-03 01:53:09,047 [pool-96-thread-1] INFO  server.RaftServerConfigKeys (ConfUtils.java:logGet(46)) - raft.server.storage.dir = [/home/runner/work/ozone/ozone/hadoop-ozone/integration-test/target/test-dir/MiniOzoneClusterImpl-6a096081-edc2-4b52-80a3-ccd1f0f4fae5/datanode-1/data/ratis] (custom)
2022-08-03 01:53:09,048 [pool-96-thread-1] INFO  server.RaftServerConfigKeys (ConfUtils.java:logGet(46)) - raft.server.log.corruption.policy = EXCEPTION (default)
2022-08-03 01:53:09,048 [pool-96-thread-1] INFO  server.RaftServerConfigKeys (ConfUtils.java:logGet(46)) - raft.server.storage.free-space.min = 0MB (=0) (default)
2022-08-03 01:53:09,048 [pool-96-thread-1] INFO  storage.RaftStorageDirectory (RaftStorageDirectoryImpl.java:analyzeStorage(135)) - The storage directory /home/runner/work/ozone/ozone/hadoop-ozone/integration-test/target/test-dir/MiniOzoneClusterImpl-6a096081-edc2-4b52-80a3-ccd1f0f4fae5/datanode-1/data/ratis/33ec60f8-dcf4-45c9-ab6b-6a8fc32459ef does not exist. Creating ...
2022-08-03 01:53:09,049 [Listener at 127.0.0.1/35175] INFO  ozone.MiniOzoneClusterImpl (MiniOzoneClusterImpl.java:lambda$waitForClusterToBeReady$0(216)) - Nodes are ready. Got 5 of 5 DN Heartbeats.
2022-08-03 01:53:09,049 [Listener at 127.0.0.1/35175] INFO  ozone.MiniOzoneClusterImpl (MiniOzoneClusterImpl.java:lambda$waitForClusterToBeReady$0(219)) - Waiting for cluster to exit safe mode
2022-08-03 01:53:09,053 [pool-96-thread-1] INFO  storage.RaftStorageDirectory (RaftStorageDirectoryImpl.java:tryLock(230)) - Lock on /home/runner/work/ozone/ozone/hadoop-ozone/integration-test/target/test-dir/MiniOzoneClusterImpl-6a096081-edc2-4b52-80a3-ccd1f0f4fae5/datanode-1/data/ratis/33ec60f8-dcf4-45c9-ab6b-6a8fc32459ef/in_use.lock acquired by nodename 17687@fv-az199-929
2022-08-03 01:53:09,053 [Listener at 127.0.0.1/35175] INFO  ozone.MiniOzoneClusterImpl (MiniOzoneClusterImpl.java:lambda$waitForClusterToBeReady$0(221)) - SCM became leader
2022-08-03 01:53:09,054 [pool-96-thread-1] INFO  storage.RaftStorage (RaftStorageImpl.java:format(89)) - Storage directory /home/runner/work/ozone/ozone/hadoop-ozone/integration-test/target/test-dir/MiniOzoneClusterImpl-6a096081-edc2-4b52-80a3-ccd1f0f4fae5/datanode-1/data/ratis/33ec60f8-dcf4-45c9-ab6b-6a8fc32459ef has been successfully formatted.
2022-08-03 01:53:09,057 [pool-96-thread-1] INFO  ratis.ContainerStateMachine (ContainerStateMachine.java:loadSnapshot(236)) - group-6A8FC32459EF: The snapshot info is null. Setting the last applied indexto:(t:0, i:~)
2022-08-03 01:53:09,058 [pool-96-thread-1] INFO  server.RaftServerConfigKeys (ConfUtils.java:logGet(46)) - raft.server.notification.no-leader.timeout = 300s (custom)
2022-08-03 01:53:09,058 [pool-96-thread-1] INFO  server.RaftServerConfigKeys (ConfUtils.java:logGet(46)) - raft.server.log.use.memory = false (default)
2022-08-03 01:53:09,058 [pool-96-thread-1] INFO  server.RaftServerConfigKeys (ConfUtils.java:logGet(46)) - raft.server.log.purge.gap = 1000000 (custom)
2022-08-03 01:53:09,058 [pool-96-thread-1] INFO  server.RaftServerConfigKeys (ConfUtils.java:logGet(46)) - raft.server.log.appender.buffer.byte-limit = 33554432 (custom)
2022-08-03 01:53:09,058 [pool-96-thread-1] INFO  server.RaftServerConfigKeys (ConfUtils.java:logGet(46)) - raft.server.log.statemachine.data.read.timeout = 1000ms (default)
2022-08-03 01:53:09,058 [pool-96-thread-1] INFO  server.RaftServerConfigKeys (ConfUtils.java:logGet(46)) - raft.server.log.segment.size.max = 1048576 (custom)
2022-08-03 01:53:09,059 [pool-96-thread-1] INFO  server.RaftServerConfigKeys (ConfUtils.java:logGet(46)) - raft.server.log.segment.cache.num.max = 2 (custom)
2022-08-03 01:53:09,059 [pool-96-thread-1] INFO  server.RaftServerConfigKeys (ConfUtils.java:logGet(46)) - raft.server.log.segment.cache.size.max = 200MB (=209715200) (default)
2022-08-03 01:53:09,059 [pool-96-thread-1] INFO  segmented.SegmentedRaftLogWorker (SegmentedRaftLogWorker.java:<init>(187)) - new 7cc4dae5-b8b1-4887-8b99-c7b379db6b59@group-6A8FC32459EF-SegmentedRaftLogWorker for RaftStorageImpl:Storage Directory /home/runner/work/ozone/ozone/hadoop-ozone/integration-test/target/test-dir/MiniOzoneClusterImpl-6a096081-edc2-4b52-80a3-ccd1f0f4fae5/datanode-1/data/ratis/33ec60f8-dcf4-45c9-ab6b-6a8fc32459ef
2022-08-03 01:53:09,060 [pool-96-thread-1] INFO  server.RaftServerConfigKeys (ConfUtils.java:logGet(46)) - raft.server.log.queue.byte-limit = 4294967296 (custom)
2022-08-03 01:53:09,060 [pool-96-thread-1] INFO  server.RaftServerConfigKeys (ConfUtils.java:logGet(46)) - raft.server.log.queue.element-limit = 1024 (custom)
2022-08-03 01:53:09,060 [pool-96-thread-1] INFO  server.RaftServerConfigKeys (ConfUtils.java:logGet(46)) - raft.server.log.segment.size.max = 1048576 (custom)
2022-08-03 01:53:09,060 [pool-96-thread-1] INFO  server.RaftServerConfigKeys (ConfUtils.java:logGet(46)) - raft.server.log.preallocated.size = 16384 (custom)
2022-08-03 01:53:09,060 [pool-96-thread-1] INFO  server.RaftServerConfigKeys (ConfUtils.java:logGet(46)) - raft.server.log.force.sync.num = 128 (default)
2022-08-03 01:53:09,060 [pool-96-thread-1] INFO  server.RaftServerConfigKeys (ConfUtils.java:logGet(46)) - raft.server.log.statemachine.data.sync = true (default)
2022-08-03 01:53:09,060 [pool-96-thread-1] INFO  server.RaftServerConfigKeys (ConfUtils.java:logGet(46)) - raft.server.log.statemachine.data.sync.timeout = 10s (default)
2022-08-03 01:53:09,060 [pool-96-thread-1] INFO  server.RaftServerConfigKeys (ConfUtils.java:logGet(46)) - raft.server.log.statemachine.data.sync.timeout.retry = -1 (default)
2022-08-03 01:53:09,062 [pool-96-thread-1] INFO  server.RaftServerConfigKeys (ConfUtils.java:logGet(46)) - raft.server.log.write.buffer.size = 1048576 (custom)
2022-08-03 01:53:09,062 [pool-96-thread-1] INFO  server.RaftServerConfigKeys (ConfUtils.java:logGet(46)) - raft.server.log.unsafe-flush.enabled = false (default)
2022-08-03 01:53:09,062 [pool-96-thread-1] INFO  server.RaftServerConfigKeys (ConfUtils.java:logGet(46)) - raft.server.log.statemachine.data.caching.enabled = true (custom)
2022-08-03 01:53:09,062 [pool-96-thread-1] INFO  segmented.SegmentedRaftLogWorker (SegmentedRaftLogWorker.java:lambda$new$0(135)) - 7cc4dae5-b8b1-4887-8b99-c7b379db6b59@group-6A8FC32459EF-SegmentedRaftLogWorker: flushIndex: setUnconditionally 0 -> -1
2022-08-03 01:53:09,062 [pool-96-thread-1] INFO  segmented.SegmentedRaftLogWorker (SegmentedRaftLogWorker.java:lambda$new$0(135)) - 7cc4dae5-b8b1-4887-8b99-c7b379db6b59@group-6A8FC32459EF-SegmentedRaftLogWorker: safeCacheEvictIndex: setUnconditionally 0 -> -1
2022-08-03 01:53:09,076 [pool-96-thread-1] INFO  server.RaftServerConfigKeys (ConfUtils.java:logGet(46)) - raft.server.snapshot.auto.trigger.enabled = true (custom)
2022-08-03 01:53:09,076 [pool-96-thread-1] INFO  server.RaftServerConfigKeys (ConfUtils.java:logGet(46)) - raft.server.snapshot.auto.trigger.threshold = 10000 (custom)
2022-08-03 01:53:09,076 [pool-96-thread-1] INFO  server.RaftServerConfigKeys (ConfUtils.java:logGet(46)) - raft.server.snapshot.retention.file.num = 5 (custom)
2022-08-03 01:53:09,076 [pool-96-thread-1] INFO  server.RaftServerConfigKeys (ConfUtils.java:logGet(46)) - raft.server.log.purge.upto.snapshot.index = false (default)
2022-08-03 01:53:09,076 [pool-96-thread-1] INFO  server.RaftServerConfigKeys (ConfUtils.java:logGet(46)) - raft.server.retrycache.expirytime = 600000ms (custom)
2022-08-03 01:53:09,076 [pool-96-thread-1] INFO  server.RaftServerConfigKeys (ConfUtils.java:logGet(46)) - raft.server.retrycache.statistics.expirytime = 100μs (default)
2022-08-03 01:53:09,079 [pool-96-thread-1] INFO  server.RaftServerConfigKeys (ConfUtils.java:logGet(46)) - raft.server.log.appender.install.snapshot.enabled = false (custom)
2022-08-03 01:53:09,079 [pool-96-thread-1] INFO  server.RaftServerConfigKeys (ConfUtils.java:logGet(46)) - raft.server.threadpool.server.cached = true (default)
2022-08-03 01:53:09,079 [pool-96-thread-1] INFO  server.RaftServerConfigKeys (ConfUtils.java:logGet(46)) - raft.server.threadpool.server.size = 0 (default)
2022-08-03 01:53:09,080 [pool-96-thread-1] INFO  server.RaftServerConfigKeys (ConfUtils.java:logGet(46)) - raft.server.threadpool.client.cached = true (default)
2022-08-03 01:53:09,080 [pool-96-thread-1] INFO  server.RaftServerConfigKeys (ConfUtils.java:logGet(46)) - raft.server.threadpool.client.size = 0 (default)
2022-08-03 01:53:09,080 [pool-96-thread-1] INFO  server.RaftServer$Division (RaftServerImpl.java:start(310)) - 7cc4dae5-b8b1-4887-8b99-c7b379db6b59@group-6A8FC32459EF: start as a follower, conf=-1: [7cc4dae5-b8b1-4887-8b99-c7b379db6b59|rpc:10.1.0.23:38993|priority:0, d2433786-0171-4e17-9e3a-b12e44f36186|rpc:10.1.0.23:41907|priority:0, a32d3105-1fa5-4486-a401-c143653c6277|rpc:10.1.0.23:40593|priority:1], old=null
2022-08-03 01:53:09,080 [pool-96-thread-1] INFO  server.RaftServer$Division (RaftServerImpl.java:setRole(299)) - 7cc4dae5-b8b1-4887-8b99-c7b379db6b59@group-6A8FC32459EF: changes role from      null to FOLLOWER at term 0 for startAsFollower
2022-08-03 01:53:09,080 [pool-96-thread-1] INFO  impl.RoleInfo (RoleInfo.java:updateAndGet(139)) - 7cc4dae5-b8b1-4887-8b99-c7b379db6b59: start 7cc4dae5-b8b1-4887-8b99-c7b379db6b59@group-6A8FC32459EF-FollowerState
2022-08-03 01:53:09,086 [pool-96-thread-1] INFO  util.JmxRegister (JmxRegister.java:tryRegister(44)) - Successfully registered JMX Bean with object name Ratis:service=RaftServer,group=group-6A8FC32459EF,id=7cc4dae5-b8b1-4887-8b99-c7b379db6b59
2022-08-03 01:53:09,086 [EventQueue-OpenPipelineForHealthyPipelineSafeModeRule] INFO  safemode.SCMSafeModeManager (HealthyPipelineSafeModeRule.java:process(137)) - SCM in safe mode. Healthy pipelines reported count is 0, required healthy pipeline reported count is 1
2022-08-03 01:53:09,087 [Command processor thread] INFO  ratis.XceiverServerRatis (XceiverServerRatis.java:addGroup(765)) - Created group PipelineID=33ec60f8-dcf4-45c9-ab6b-6a8fc32459ef
2022-08-03 01:53:09,146 [grpc-default-executor-1] INFO  server.RaftServer (RaftServerProxy.java:addNew(96)) - a32d3105-1fa5-4486-a401-c143653c6277: addNew group-6A8FC32459EF:[7cc4dae5-b8b1-4887-8b99-c7b379db6b59|rpc:10.1.0.23:38993|dataStream:|priority:0, d2433786-0171-4e17-9e3a-b12e44f36186|rpc:10.1.0.23:41907|dataStream:|priority:0, a32d3105-1fa5-4486-a401-c143653c6277|rpc:10.1.0.23:40593|dataStream:|priority:1] returns group-6A8FC32459EF:java.util.concurrent.CompletableFuture@262dbd34[Not completed]
2022-08-03 01:53:09,156 [pool-119-thread-1] INFO  server.RaftServer$Division (RaftServerImpl.java:<init>(190)) - a32d3105-1fa5-4486-a401-c143653c6277: new RaftServerImpl for group-6A8FC32459EF:[7cc4dae5-b8b1-4887-8b99-c7b379db6b59|rpc:10.1.0.23:38993|dataStream:|priority:0, d2433786-0171-4e17-9e3a-b12e44f36186|rpc:10.1.0.23:41907|dataStream:|priority:0, a32d3105-1fa5-4486-a401-c143653c6277|rpc:10.1.0.23:40593|dataStream:|priority:1] with ContainerStateMachine:uninitialized
2022-08-03 01:53:09,157 [pool-119-thread-1] INFO  server.RaftServerConfigKeys (ConfUtils.java:logGet(46)) - raft.server.rpc.timeout.min = 5s (custom)
2022-08-03 01:53:09,157 [pool-119-thread-1] INFO  server.RaftServerConfigKeys (ConfUtils.java:logGet(46)) - raft.server.rpc.timeout.max = 5200ms (custom)
2022-08-03 01:53:09,157 [pool-119-thread-1] INFO  server.RaftServerConfigKeys (ConfUtils.java:logGet(46)) - raft.server.rpc.sleep.time = 25ms (default)
2022-08-03 01:53:09,157 [pool-119-thread-1] INFO  server.RaftServerConfigKeys (ConfUtils.java:logGet(46)) - raft.server.rpc.slowness.timeout = 300s (custom)
2022-08-03 01:53:09,157 [pool-119-thread-1] INFO  server.RaftServerConfigKeys (ConfUtils.java:logGet(46)) - raft.server.leaderelection.leader.step-down.wait-time = 10s (default)
2022-08-03 01:53:09,157 [pool-119-thread-1] INFO  server.RaftServerConfigKeys (ConfUtils.java:logGet(46)) - raft.server.sleep.deviation.threshold = 300ms (default)
2022-08-03 01:53:09,157 [pool-119-thread-1] INFO  server.RaftServer$Division (ServerState.java:<init>(107)) - a32d3105-1fa5-4486-a401-c143653c6277@group-6A8FC32459EF: ConfigurationManager, init=-1: [7cc4dae5-b8b1-4887-8b99-c7b379db6b59|rpc:10.1.0.23:38993|dataStream:|priority:0, d2433786-0171-4e17-9e3a-b12e44f36186|rpc:10.1.0.23:41907|dataStream:|priority:0, a32d3105-1fa5-4486-a401-c143653c6277|rpc:10.1.0.23:40593|dataStream:|priority:1], old=null, confs=<EMPTY_MAP>
2022-08-03 01:53:09,157 [pool-119-thread-1] INFO  server.RaftServerConfigKeys (ConfUtils.java:logGet(46)) - raft.server.storage.dir = [/home/runner/work/ozone/ozone/hadoop-ozone/integration-test/target/test-dir/MiniOzoneClusterImpl-6a096081-edc2-4b52-80a3-ccd1f0f4fae5/datanode-2/data/ratis] (custom)
2022-08-03 01:53:09,157 [pool-119-thread-1] INFO  server.RaftServerConfigKeys (ConfUtils.java:logGet(46)) - raft.server.log.corruption.policy = EXCEPTION (default)
2022-08-03 01:53:09,158 [pool-119-thread-1] INFO  server.RaftServerConfigKeys (ConfUtils.java:logGet(46)) - raft.server.storage.free-space.min = 0MB (=0) (default)
2022-08-03 01:53:09,158 [pool-119-thread-1] INFO  storage.RaftStorageDirectory (RaftStorageDirectoryImpl.java:analyzeStorage(135)) - The storage directory /home/runner/work/ozone/ozone/hadoop-ozone/integration-test/target/test-dir/MiniOzoneClusterImpl-6a096081-edc2-4b52-80a3-ccd1f0f4fae5/datanode-2/data/ratis/33ec60f8-dcf4-45c9-ab6b-6a8fc32459ef does not exist. Creating ...
2022-08-03 01:53:09,159 [pool-119-thread-1] INFO  storage.RaftStorageDirectory (RaftStorageDirectoryImpl.java:tryLock(230)) - Lock on /home/runner/work/ozone/ozone/hadoop-ozone/integration-test/target/test-dir/MiniOzoneClusterImpl-6a096081-edc2-4b52-80a3-ccd1f0f4fae5/datanode-2/data/ratis/33ec60f8-dcf4-45c9-ab6b-6a8fc32459ef/in_use.lock acquired by nodename 17687@fv-az199-929
2022-08-03 01:53:09,161 [pool-119-thread-1] INFO  storage.RaftStorage (RaftStorageImpl.java:format(89)) - Storage directory /home/runner/work/ozone/ozone/hadoop-ozone/integration-test/target/test-dir/MiniOzoneClusterImpl-6a096081-edc2-4b52-80a3-ccd1f0f4fae5/datanode-2/data/ratis/33ec60f8-dcf4-45c9-ab6b-6a8fc32459ef has been successfully formatted.
2022-08-03 01:53:09,163 [pool-119-thread-1] INFO  ratis.ContainerStateMachine (ContainerStateMachine.java:loadSnapshot(236)) - group-6A8FC32459EF: The snapshot info is null. Setting the last applied indexto:(t:0, i:~)
2022-08-03 01:53:09,163 [pool-119-thread-1] INFO  server.RaftServerConfigKeys (ConfUtils.java:logGet(46)) - raft.server.notification.no-leader.timeout = 300s (custom)
2022-08-03 01:53:09,163 [pool-119-thread-1] INFO  server.RaftServerConfigKeys (ConfUtils.java:logGet(46)) - raft.server.log.use.memory = false (default)
2022-08-03 01:53:09,163 [pool-119-thread-1] INFO  server.RaftServerConfigKeys (ConfUtils.java:logGet(46)) - raft.server.log.purge.gap = 1000000 (custom)
2022-08-03 01:53:09,163 [pool-119-thread-1] INFO  server.RaftServerConfigKeys (ConfUtils.java:logGet(46)) - raft.server.log.appender.buffer.byte-limit = 33554432 (custom)
2022-08-03 01:53:09,163 [pool-119-thread-1] INFO  server.RaftServerConfigKeys (ConfUtils.java:logGet(46)) - raft.server.log.statemachine.data.read.timeout = 1000ms (default)
2022-08-03 01:53:09,164 [pool-119-thread-1] INFO  server.RaftServerConfigKeys (ConfUtils.java:logGet(46)) - raft.server.log.segment.size.max = 1048576 (custom)
2022-08-03 01:53:09,169 [pool-119-thread-1] INFO  server.RaftServerConfigKeys (ConfUtils.java:logGet(46)) - raft.server.log.segment.cache.num.max = 2 (custom)
2022-08-03 01:53:09,169 [pool-119-thread-1] INFO  server.RaftServerConfigKeys (ConfUtils.java:logGet(46)) - raft.server.log.segment.cache.size.max = 200MB (=209715200) (default)
2022-08-03 01:53:09,169 [pool-119-thread-1] INFO  segmented.SegmentedRaftLogWorker (SegmentedRaftLogWorker.java:<init>(187)) - new a32d3105-1fa5-4486-a401-c143653c6277@group-6A8FC32459EF-SegmentedRaftLogWorker for RaftStorageImpl:Storage Directory /home/runner/work/ozone/ozone/hadoop-ozone/integration-test/target/test-dir/MiniOzoneClusterImpl-6a096081-edc2-4b52-80a3-ccd1f0f4fae5/datanode-2/data/ratis/33ec60f8-dcf4-45c9-ab6b-6a8fc32459ef
2022-08-03 01:53:09,169 [pool-119-thread-1] INFO  server.RaftServerConfigKeys (ConfUtils.java:logGet(46)) - raft.server.log.queue.byte-limit = 4294967296 (custom)
2022-08-03 01:53:09,169 [pool-119-thread-1] INFO  server.RaftServerConfigKeys (ConfUtils.java:logGet(46)) - raft.server.log.queue.element-limit = 1024 (custom)
2022-08-03 01:53:09,169 [pool-119-thread-1] INFO  server.RaftServerConfigKeys (ConfUtils.java:logGet(46)) - raft.server.log.segment.size.max = 1048576 (custom)
2022-08-03 01:53:09,169 [pool-119-thread-1] INFO  server.RaftServerConfigKeys (ConfUtils.java:logGet(46)) - raft.server.log.preallocated.size = 16384 (custom)
2022-08-03 01:53:09,169 [pool-119-thread-1] INFO  server.RaftServerConfigKeys (ConfUtils.java:logGet(46)) - raft.server.log.force.sync.num = 128 (default)
2022-08-03 01:53:09,169 [pool-119-thread-1] INFO  server.RaftServerConfigKeys (ConfUtils.java:logGet(46)) - raft.server.log.statemachine.data.sync = true (default)
2022-08-03 01:53:09,169 [pool-119-thread-1] INFO  server.RaftServerConfigKeys (ConfUtils.java:logGet(46)) - raft.server.log.statemachine.data.sync.timeout = 10s (default)
2022-08-03 01:53:09,169 [pool-119-thread-1] INFO  server.RaftServerConfigKeys (ConfUtils.java:logGet(46)) - raft.server.log.statemachine.data.sync.timeout.retry = -1 (default)
2022-08-03 01:53:09,176 [pool-119-thread-1] INFO  server.RaftServerConfigKeys (ConfUtils.java:logGet(46)) - raft.server.log.write.buffer.size = 1048576 (custom)
2022-08-03 01:53:09,178 [pool-119-thread-1] INFO  server.RaftServerConfigKeys (ConfUtils.java:logGet(46)) - raft.server.log.unsafe-flush.enabled = false (default)
2022-08-03 01:53:09,182 [pool-119-thread-1] INFO  server.RaftServerConfigKeys (ConfUtils.java:logGet(46)) - raft.server.log.statemachine.data.caching.enabled = true (custom)
2022-08-03 01:53:09,182 [pool-119-thread-1] INFO  segmented.SegmentedRaftLogWorker (SegmentedRaftLogWorker.java:lambda$new$0(135)) - a32d3105-1fa5-4486-a401-c143653c6277@group-6A8FC32459EF-SegmentedRaftLogWorker: flushIndex: setUnconditionally 0 -> -1
2022-08-03 01:53:09,183 [pool-119-thread-1] INFO  segmented.SegmentedRaftLogWorker (SegmentedRaftLogWorker.java:lambda$new$0(135)) - a32d3105-1fa5-4486-a401-c143653c6277@group-6A8FC32459EF-SegmentedRaftLogWorker: safeCacheEvictIndex: setUnconditionally 0 -> -1
2022-08-03 01:53:09,183 [pool-119-thread-1] INFO  server.RaftServerConfigKeys (ConfUtils.java:logGet(46)) - raft.server.snapshot.auto.trigger.enabled = true (custom)
2022-08-03 01:53:09,183 [pool-119-thread-1] INFO  server.RaftServerConfigKeys (ConfUtils.java:logGet(46)) - raft.server.snapshot.auto.trigger.threshold = 10000 (custom)
2022-08-03 01:53:09,183 [pool-119-thread-1] INFO  server.RaftServerConfigKeys (ConfUtils.java:logGet(46)) - raft.server.snapshot.retention.file.num = 5 (custom)
2022-08-03 01:53:09,183 [pool-119-thread-1] INFO  server.RaftServerConfigKeys (ConfUtils.java:logGet(46)) - raft.server.log.purge.upto.snapshot.index = false (default)
2022-08-03 01:53:09,183 [pool-119-thread-1] INFO  server.RaftServerConfigKeys (ConfUtils.java:logGet(46)) - raft.server.retrycache.expirytime = 600000ms (custom)
2022-08-03 01:53:09,183 [pool-119-thread-1] INFO  server.RaftServerConfigKeys (ConfUtils.java:logGet(46)) - raft.server.retrycache.statistics.expirytime = 100μs (default)
2022-08-03 01:53:09,185 [pool-119-thread-1] INFO  server.RaftServerConfigKeys (ConfUtils.java:logGet(46)) - raft.server.log.appender.install.snapshot.enabled = false (custom)
2022-08-03 01:53:09,185 [pool-119-thread-1] INFO  server.RaftServerConfigKeys (ConfUtils.java:logGet(46)) - raft.server.threadpool.server.cached = true (default)
2022-08-03 01:53:09,185 [pool-119-thread-1] INFO  server.RaftServerConfigKeys (ConfUtils.java:logGet(46)) - raft.server.threadpool.server.size = 0 (default)
2022-08-03 01:53:09,185 [pool-119-thread-1] INFO  server.RaftServerConfigKeys (ConfUtils.java:logGet(46)) - raft.server.threadpool.client.cached = true (default)
2022-08-03 01:53:09,185 [pool-119-thread-1] INFO  server.RaftServerConfigKeys (ConfUtils.java:logGet(46)) - raft.server.threadpool.client.size = 0 (default)
2022-08-03 01:53:09,185 [pool-119-thread-1] INFO  server.RaftServer$Division (RaftServerImpl.java:start(310)) - a32d3105-1fa5-4486-a401-c143653c6277@group-6A8FC32459EF: start as a follower, conf=-1: [7cc4dae5-b8b1-4887-8b99-c7b379db6b59|rpc:10.1.0.23:38993|dataStream:|priority:0, d2433786-0171-4e17-9e3a-b12e44f36186|rpc:10.1.0.23:41907|dataStream:|priority:0, a32d3105-1fa5-4486-a401-c143653c6277|rpc:10.1.0.23:40593|dataStream:|priority:1], old=null
2022-08-03 01:53:09,185 [pool-119-thread-1] INFO  server.RaftServer$Division (RaftServerImpl.java:setRole(299)) - a32d3105-1fa5-4486-a401-c143653c6277@group-6A8FC32459EF: changes role from      null to FOLLOWER at term 0 for startAsFollower
2022-08-03 01:53:09,185 [pool-119-thread-1] INFO  impl.RoleInfo (RoleInfo.java:updateAndGet(139)) - a32d3105-1fa5-4486-a401-c143653c6277: start a32d3105-1fa5-4486-a401-c143653c6277@group-6A8FC32459EF-FollowerState
2022-08-03 01:53:09,196 [pool-119-thread-1] INFO  util.JmxRegister (JmxRegister.java:tryRegister(44)) - Successfully registered JMX Bean with object name Ratis:service=RaftServer,group=group-6A8FC32459EF,id=a32d3105-1fa5-4486-a401-c143653c6277
2022-08-03 01:53:09,291 [Command processor thread] INFO  commandhandler.CreatePipelineCommandHandler (CreatePipelineCommandHandler.java:handle(113)) - Created Pipeline RATIS THREE PipelineID=33ec60f8-dcf4-45c9-ab6b-6a8fc32459ef.
2022-08-03 01:53:09,293 [pool-73-thread-1] INFO  server.RaftServer$Division (RaftServerImpl.java:<init>(190)) - d2433786-0171-4e17-9e3a-b12e44f36186: new RaftServerImpl for group-ABFECFD9E082:[7cc4dae5-b8b1-4887-8b99-c7b379db6b59|rpc:10.1.0.23:38993|priority:0, d2433786-0171-4e17-9e3a-b12e44f36186|rpc:10.1.0.23:41907|priority:1, a32d3105-1fa5-4486-a401-c143653c6277|rpc:10.1.0.23:40593|priority:0] with ContainerStateMachine:uninitialized
2022-08-03 01:53:09,293 [pool-73-thread-1] INFO  server.RaftServerConfigKeys (ConfUtils.java:logGet(46)) - raft.server.rpc.timeout.min = 5s (custom)
2022-08-03 01:53:09,293 [pool-73-thread-1] INFO  server.RaftServerConfigKeys (ConfUtils.java:logGet(46)) - raft.server.rpc.timeout.max = 5200ms (custom)
2022-08-03 01:53:09,293 [pool-73-thread-1] INFO  server.RaftServerConfigKeys (ConfUtils.java:logGet(46)) - raft.server.rpc.sleep.time = 25ms (default)
2022-08-03 01:53:09,293 [pool-73-thread-1] INFO  server.RaftServerConfigKeys (ConfUtils.java:logGet(46)) - raft.server.rpc.slowness.timeout = 300s (custom)
2022-08-03 01:53:09,293 [pool-73-thread-1] INFO  server.RaftServerConfigKeys (ConfUtils.java:logGet(46)) - raft.server.leaderelection.leader.step-down.wait-time = 10s (default)
2022-08-03 01:53:09,293 [pool-73-thread-1] INFO  server.RaftServerConfigKeys (ConfUtils.java:logGet(46)) - raft.server.sleep.deviation.threshold = 300ms (default)
2022-08-03 01:53:09,294 [pool-73-thread-1] INFO  server.RaftServer$Division (ServerState.java:<init>(107)) - d2433786-0171-4e17-9e3a-b12e44f36186@group-ABFECFD9E082: ConfigurationManager, init=-1: [7cc4dae5-b8b1-4887-8b99-c7b379db6b59|rpc:10.1.0.23:38993|priority:0, d2433786-0171-4e17-9e3a-b12e44f36186|rpc:10.1.0.23:41907|priority:1, a32d3105-1fa5-4486-a401-c143653c6277|rpc:10.1.0.23:40593|priority:0], old=null, confs=<EMPTY_MAP>
2022-08-03 01:53:09,294 [pool-73-thread-1] INFO  server.RaftServerConfigKeys (ConfUtils.java:logGet(46)) - raft.server.storage.dir = [/home/runner/work/ozone/ozone/hadoop-ozone/integration-test/target/test-dir/MiniOzoneClusterImpl-6a096081-edc2-4b52-80a3-ccd1f0f4fae5/datanode-0/data/ratis] (custom)
2022-08-03 01:53:09,294 [pool-73-thread-1] INFO  server.RaftServerConfigKeys (ConfUtils.java:logGet(46)) - raft.server.log.corruption.policy = EXCEPTION (default)
2022-08-03 01:53:09,294 [pool-73-thread-1] INFO  server.RaftServerConfigKeys (ConfUtils.java:logGet(46)) - raft.server.storage.free-space.min = 0MB (=0) (default)
2022-08-03 01:53:09,294 [pool-73-thread-1] INFO  storage.RaftStorageDirectory (RaftStorageDirectoryImpl.java:analyzeStorage(135)) - The storage directory /home/runner/work/ozone/ozone/hadoop-ozone/integration-test/target/test-dir/MiniOzoneClusterImpl-6a096081-edc2-4b52-80a3-ccd1f0f4fae5/datanode-0/data/ratis/11a09448-7cda-4d49-9fe8-abfecfd9e082 does not exist. Creating ...
2022-08-03 01:53:09,295 [Command processor thread] INFO  server.RaftServer (RaftServerProxy.java:addNew(96)) - d2433786-0171-4e17-9e3a-b12e44f36186: addNew group-ABFECFD9E082:[7cc4dae5-b8b1-4887-8b99-c7b379db6b59|rpc:10.1.0.23:38993|priority:0, d2433786-0171-4e17-9e3a-b12e44f36186|rpc:10.1.0.23:41907|priority:1, a32d3105-1fa5-4486-a401-c143653c6277|rpc:10.1.0.23:40593|priority:0] returns group-ABFECFD9E082:java.util.concurrent.CompletableFuture@761d844b[Not completed]
2022-08-03 01:53:09,296 [pool-73-thread-1] INFO  storage.RaftStorageDirectory (RaftStorageDirectoryImpl.java:tryLock(230)) - Lock on /home/runner/work/ozone/ozone/hadoop-ozone/integration-test/target/test-dir/MiniOzoneClusterImpl-6a096081-edc2-4b52-80a3-ccd1f0f4fae5/datanode-0/data/ratis/11a09448-7cda-4d49-9fe8-abfecfd9e082/in_use.lock acquired by nodename 17687@fv-az199-929
2022-08-03 01:53:09,300 [pool-73-thread-1] INFO  storage.RaftStorage (RaftStorageImpl.java:format(89)) - Storage directory /home/runner/work/ozone/ozone/hadoop-ozone/integration-test/target/test-dir/MiniOzoneClusterImpl-6a096081-edc2-4b52-80a3-ccd1f0f4fae5/datanode-0/data/ratis/11a09448-7cda-4d49-9fe8-abfecfd9e082 has been successfully formatted.
2022-08-03 01:53:09,300 [pool-73-thread-1] INFO  ratis.ContainerStateMachine (ContainerStateMachine.java:loadSnapshot(236)) - group-ABFECFD9E082: The snapshot info is null. Setting the last applied indexto:(t:0, i:~)
2022-08-03 01:53:09,301 [pool-73-thread-1] INFO  server.RaftServerConfigKeys (ConfUtils.java:logGet(46)) - raft.server.notification.no-leader.timeout = 300s (custom)
2022-08-03 01:53:09,301 [pool-73-thread-1] INFO  server.RaftServerConfigKeys (ConfUtils.java:logGet(46)) - raft.server.log.use.memory = false (default)
2022-08-03 01:53:09,301 [pool-73-thread-1] INFO  server.RaftServerConfigKeys (ConfUtils.java:logGet(46)) - raft.server.log.purge.gap = 1000000 (custom)
2022-08-03 01:53:09,301 [pool-73-thread-1] INFO  server.RaftServerConfigKeys (ConfUtils.java:logGet(46)) - raft.server.log.appender.buffer.byte-limit = 33554432 (custom)
2022-08-03 01:53:09,301 [pool-73-thread-1] INFO  server.RaftServerConfigKeys (ConfUtils.java:logGet(46)) - raft.server.log.statemachine.data.read.timeout = 1000ms (default)
2022-08-03 01:53:09,301 [pool-73-thread-1] INFO  server.RaftServerConfigKeys (ConfUtils.java:logGet(46)) - raft.server.log.segment.size.max = 1048576 (custom)
2022-08-03 01:53:09,302 [pool-73-thread-1] INFO  server.RaftServerConfigKeys (ConfUtils.java:logGet(46)) - raft.server.log.segment.cache.num.max = 2 (custom)
2022-08-03 01:53:09,302 [pool-73-thread-1] INFO  server.RaftServerConfigKeys (ConfUtils.java:logGet(46)) - raft.server.log.segment.cache.size.max = 200MB (=209715200) (default)
2022-08-03 01:53:09,302 [pool-73-thread-1] INFO  segmented.SegmentedRaftLogWorker (SegmentedRaftLogWorker.java:<init>(187)) - new d2433786-0171-4e17-9e3a-b12e44f36186@group-ABFECFD9E082-SegmentedRaftLogWorker for RaftStorageImpl:Storage Directory /home/runner/work/ozone/ozone/hadoop-ozone/integration-test/target/test-dir/MiniOzoneClusterImpl-6a096081-edc2-4b52-80a3-ccd1f0f4fae5/datanode-0/data/ratis/11a09448-7cda-4d49-9fe8-abfecfd9e082
2022-08-03 01:53:09,302 [pool-73-thread-1] INFO  server.RaftServerConfigKeys (ConfUtils.java:logGet(46)) - raft.server.log.queue.byte-limit = 4294967296 (custom)
2022-08-03 01:53:09,302 [pool-73-thread-1] INFO  server.RaftServerConfigKeys (ConfUtils.java:logGet(46)) - raft.server.log.queue.element-limit = 1024 (custom)
2022-08-03 01:53:09,302 [pool-73-thread-1] INFO  server.RaftServerConfigKeys (ConfUtils.java:logGet(46)) - raft.server.log.segment.size.max = 1048576 (custom)
2022-08-03 01:53:09,303 [pool-73-thread-1] INFO  server.RaftServerConfigKeys (ConfUtils.java:logGet(46)) - raft.server.log.preallocated.size = 16384 (custom)
2022-08-03 01:53:09,303 [pool-73-thread-1] INFO  server.RaftServerConfigKeys (ConfUtils.java:logGet(46)) - raft.server.log.force.sync.num = 128 (default)
2022-08-03 01:53:09,303 [pool-73-thread-1] INFO  server.RaftServerConfigKeys (ConfUtils.java:logGet(46)) - raft.server.log.statemachine.data.sync = true (default)
2022-08-03 01:53:09,303 [pool-73-thread-1] INFO  server.RaftServerConfigKeys (ConfUtils.java:logGet(46)) - raft.server.log.statemachine.data.sync.timeout = 10s (default)
2022-08-03 01:53:09,303 [pool-73-thread-1] INFO  server.RaftServerConfigKeys (ConfUtils.java:logGet(46)) - raft.server.log.statemachine.data.sync.timeout.retry = -1 (default)
2022-08-03 01:53:09,304 [pool-73-thread-1] INFO  server.RaftServerConfigKeys (ConfUtils.java:logGet(46)) - raft.server.log.write.buffer.size = 1048576 (custom)
2022-08-03 01:53:09,306 [pool-73-thread-1] INFO  server.RaftServerConfigKeys (ConfUtils.java:logGet(46)) - raft.server.log.unsafe-flush.enabled = false (default)
2022-08-03 01:53:09,306 [pool-73-thread-1] INFO  server.RaftServerConfigKeys (ConfUtils.java:logGet(46)) - raft.server.log.statemachine.data.caching.enabled = true (custom)
2022-08-03 01:53:09,306 [EventQueue-OpenPipelineForHealthyPipelineSafeModeRule] INFO  safemode.SCMSafeModeManager (HealthyPipelineSafeModeRule.java:process(137)) - SCM in safe mode. Healthy pipelines reported count is 0, required healthy pipeline reported count is 1
2022-08-03 01:53:09,310 [pool-73-thread-1] INFO  segmented.SegmentedRaftLogWorker (SegmentedRaftLogWorker.java:lambda$new$0(135)) - d2433786-0171-4e17-9e3a-b12e44f36186@group-ABFECFD9E082-SegmentedRaftLogWorker: flushIndex: setUnconditionally 0 -> -1
2022-08-03 01:53:09,311 [pool-73-thread-1] INFO  segmented.SegmentedRaftLogWorker (SegmentedRaftLogWorker.java:lambda$new$0(135)) - d2433786-0171-4e17-9e3a-b12e44f36186@group-ABFECFD9E082-SegmentedRaftLogWorker: safeCacheEvictIndex: setUnconditionally 0 -> -1
2022-08-03 01:53:09,329 [pool-73-thread-1] INFO  server.RaftServerConfigKeys (ConfUtils.java:logGet(46)) - raft.server.snapshot.auto.trigger.enabled = true (custom)
2022-08-03 01:53:09,329 [pool-73-thread-1] INFO  server.RaftServerConfigKeys (ConfUtils.java:logGet(46)) - raft.server.snapshot.auto.trigger.threshold = 10000 (custom)
2022-08-03 01:53:09,329 [pool-73-thread-1] INFO  server.RaftServerConfigKeys (ConfUtils.java:logGet(46)) - raft.server.snapshot.retention.file.num = 5 (custom)
2022-08-03 01:53:09,329 [pool-73-thread-1] INFO  server.RaftServerConfigKeys (ConfUtils.java:logGet(46)) - raft.server.log.purge.upto.snapshot.index = false (default)
2022-08-03 01:53:09,329 [pool-73-thread-1] INFO  server.RaftServerConfigKeys (ConfUtils.java:logGet(46)) - raft.server.retrycache.expirytime = 600000ms (custom)
2022-08-03 01:53:09,329 [pool-73-thread-1] INFO  server.RaftServerConfigKeys (ConfUtils.java:logGet(46)) - raft.server.retrycache.statistics.expirytime = 100μs (default)
2022-08-03 01:53:09,330 [pool-73-thread-1] INFO  server.RaftServerConfigKeys (ConfUtils.java:logGet(46)) - raft.server.log.appender.install.snapshot.enabled = false (custom)
2022-08-03 01:53:09,330 [pool-73-thread-1] INFO  server.RaftServerConfigKeys (ConfUtils.java:logGet(46)) - raft.server.threadpool.server.cached = true (default)
2022-08-03 01:53:09,331 [pool-73-thread-1] INFO  server.RaftServerConfigKeys (ConfUtils.java:logGet(46)) - raft.server.threadpool.server.size = 0 (default)
2022-08-03 01:53:09,331 [pool-73-thread-1] INFO  server.RaftServerConfigKeys (ConfUtils.java:logGet(46)) - raft.server.threadpool.client.cached = true (default)
2022-08-03 01:53:09,331 [pool-73-thread-1] INFO  server.RaftServerConfigKeys (ConfUtils.java:logGet(46)) - raft.server.threadpool.client.size = 0 (default)
2022-08-03 01:53:09,331 [pool-73-thread-1] INFO  server.RaftServer$Division (RaftServerImpl.java:start(310)) - d2433786-0171-4e17-9e3a-b12e44f36186@group-ABFECFD9E082: start as a follower, conf=-1: [7cc4dae5-b8b1-4887-8b99-c7b379db6b59|rpc:10.1.0.23:38993|priority:0, d2433786-0171-4e17-9e3a-b12e44f36186|rpc:10.1.0.23:41907|priority:1, a32d3105-1fa5-4486-a401-c143653c6277|rpc:10.1.0.23:40593|priority:0], old=null
2022-08-03 01:53:09,331 [pool-73-thread-1] INFO  server.RaftServer$Division (RaftServerImpl.java:setRole(299)) - d2433786-0171-4e17-9e3a-b12e44f36186@group-ABFECFD9E082: changes role from      null to FOLLOWER at term 0 for startAsFollower
2022-08-03 01:53:09,331 [pool-73-thread-1] INFO  impl.RoleInfo (RoleInfo.java:updateAndGet(139)) - d2433786-0171-4e17-9e3a-b12e44f36186: start d2433786-0171-4e17-9e3a-b12e44f36186@group-ABFECFD9E082-FollowerState
2022-08-03 01:53:09,336 [pool-73-thread-1] INFO  util.JmxRegister (JmxRegister.java:tryRegister(44)) - Successfully registered JMX Bean with object name Ratis:service=RaftServer,group=group-ABFECFD9E082,id=d2433786-0171-4e17-9e3a-b12e44f36186
2022-08-03 01:53:09,338 [Command processor thread] INFO  ratis.XceiverServerRatis (XceiverServerRatis.java:addGroup(765)) - Created group PipelineID=11a09448-7cda-4d49-9fe8-abfecfd9e082
2022-08-03 01:53:09,357 [Command processor thread] INFO  server.RaftServer (RaftServerProxy.java:addNew(96)) - a32d3105-1fa5-4486-a401-c143653c6277: addNew group-DB4F30CEA4C9:[a32d3105-1fa5-4486-a401-c143653c6277|rpc:10.1.0.23:40593|priority:1] returns group-DB4F30CEA4C9:java.util.concurrent.CompletableFuture@26515fcc[Not completed]
2022-08-03 01:53:09,358 [pool-119-thread-1] INFO  server.RaftServer$Division (RaftServerImpl.java:<init>(190)) - a32d3105-1fa5-4486-a401-c143653c6277: new RaftServerImpl for group-DB4F30CEA4C9:[a32d3105-1fa5-4486-a401-c143653c6277|rpc:10.1.0.23:40593|priority:1] with ContainerStateMachine:uninitialized
2022-08-03 01:53:09,358 [pool-119-thread-1] INFO  server.RaftServerConfigKeys (ConfUtils.java:logGet(46)) - raft.server.rpc.timeout.min = 5s (custom)
2022-08-03 01:53:09,358 [pool-119-thread-1] INFO  server.RaftServerConfigKeys (ConfUtils.java:logGet(46)) - raft.server.rpc.timeout.max = 5200ms (custom)
2022-08-03 01:53:09,358 [pool-119-thread-1] INFO  server.RaftServerConfigKeys (ConfUtils.java:logGet(46)) - raft.server.rpc.sleep.time = 25ms (default)
2022-08-03 01:53:09,358 [pool-119-thread-1] INFO  server.RaftServerConfigKeys (ConfUtils.java:logGet(46)) - raft.server.rpc.slowness.timeout = 300s (custom)
2022-08-03 01:53:09,358 [pool-119-thread-1] INFO  server.RaftServerConfigKeys (ConfUtils.java:logGet(46)) - raft.server.leaderelection.leader.step-down.wait-time = 10s (default)
2022-08-03 01:53:09,358 [pool-119-thread-1] INFO  server.RaftServerConfigKeys (ConfUtils.java:logGet(46)) - raft.server.sleep.deviation.threshold = 300ms (default)
2022-08-03 01:53:09,359 [pool-119-thread-1] INFO  server.RaftServer$Division (ServerState.java:<init>(107)) - a32d3105-1fa5-4486-a401-c143653c6277@group-DB4F30CEA4C9: ConfigurationManager, init=-1: [a32d3105-1fa5-4486-a401-c143653c6277|rpc:10.1.0.23:40593|priority:1], old=null, confs=<EMPTY_MAP>
2022-08-03 01:53:09,359 [pool-119-thread-1] INFO  server.RaftServerConfigKeys (ConfUtils.java:logGet(46)) - raft.server.storage.dir = [/home/runner/work/ozone/ozone/hadoop-ozone/integration-test/target/test-dir/MiniOzoneClusterImpl-6a096081-edc2-4b52-80a3-ccd1f0f4fae5/datanode-2/data/ratis] (custom)
2022-08-03 01:53:09,359 [pool-119-thread-1] INFO  server.RaftServerConfigKeys (ConfUtils.java:logGet(46)) - raft.server.log.corruption.policy = EXCEPTION (default)
2022-08-03 01:53:09,359 [pool-119-thread-1] INFO  server.RaftServerConfigKeys (ConfUtils.java:logGet(46)) - raft.server.storage.free-space.min = 0MB (=0) (default)
2022-08-03 01:53:09,359 [pool-119-thread-1] INFO  storage.RaftStorageDirectory (RaftStorageDirectoryImpl.java:analyzeStorage(135)) - The storage directory /home/runner/work/ozone/ozone/hadoop-ozone/integration-test/target/test-dir/MiniOzoneClusterImpl-6a096081-edc2-4b52-80a3-ccd1f0f4fae5/datanode-2/data/ratis/b396eca5-ab4e-4d5f-9fff-db4f30cea4c9 does not exist. Creating ...
2022-08-03 01:53:09,360 [pool-119-thread-1] INFO  storage.RaftStorageDirectory (RaftStorageDirectoryImpl.java:tryLock(230)) - Lock on /home/runner/work/ozone/ozone/hadoop-ozone/integration-test/target/test-dir/MiniOzoneClusterImpl-6a096081-edc2-4b52-80a3-ccd1f0f4fae5/datanode-2/data/ratis/b396eca5-ab4e-4d5f-9fff-db4f30cea4c9/in_use.lock acquired by nodename 17687@fv-az199-929
2022-08-03 01:53:09,364 [pool-119-thread-1] INFO  storage.RaftStorage (RaftStorageImpl.java:format(89)) - Storage directory /home/runner/work/ozone/ozone/hadoop-ozone/integration-test/target/test-dir/MiniOzoneClusterImpl-6a096081-edc2-4b52-80a3-ccd1f0f4fae5/datanode-2/data/ratis/b396eca5-ab4e-4d5f-9fff-db4f30cea4c9 has been successfully formatted.
2022-08-03 01:53:09,364 [pool-119-thread-1] INFO  ratis.ContainerStateMachine (ContainerStateMachine.java:loadSnapshot(236)) - group-DB4F30CEA4C9: The snapshot info is null. Setting the last applied indexto:(t:0, i:~)
2022-08-03 01:53:09,364 [pool-119-thread-1] INFO  server.RaftServerConfigKeys (ConfUtils.java:logGet(46)) - raft.server.notification.no-leader.timeout = 300s (custom)
2022-08-03 01:53:09,366 [pool-119-thread-1] INFO  server.RaftServerConfigKeys (ConfUtils.java:logGet(46)) - raft.server.log.use.memory = false (default)
2022-08-03 01:53:09,366 [pool-119-thread-1] INFO  server.RaftServerConfigKeys (ConfUtils.java:logGet(46)) - raft.server.log.purge.gap = 1000000 (custom)
2022-08-03 01:53:09,366 [pool-119-thread-1] INFO  server.RaftServerConfigKeys (ConfUtils.java:logGet(46)) - raft.server.log.appender.buffer.byte-limit = 33554432 (custom)
2022-08-03 01:53:09,366 [pool-119-thread-1] INFO  server.RaftServerConfigKeys (ConfUtils.java:logGet(46)) - raft.server.log.statemachine.data.read.timeout = 1000ms (default)
2022-08-03 01:53:09,366 [Command processor thread] INFO  commandhandler.CreatePipelineCommandHandler (CreatePipelineCommandHandler.java:handle(113)) - Created Pipeline RATIS THREE PipelineID=33ec60f8-dcf4-45c9-ab6b-6a8fc32459ef.
2022-08-03 01:53:09,366 [pool-119-thread-1] INFO  server.RaftServerConfigKeys (ConfUtils.java:logGet(46)) - raft.server.log.segment.size.max = 1048576 (custom)
2022-08-03 01:53:09,367 [pool-119-thread-1] INFO  server.RaftServerConfigKeys (ConfUtils.java:logGet(46)) - raft.server.log.segment.cache.num.max = 2 (custom)
2022-08-03 01:53:09,367 [pool-119-thread-1] INFO  server.RaftServerConfigKeys (ConfUtils.java:logGet(46)) - raft.server.log.segment.cache.size.max = 200MB (=209715200) (default)
2022-08-03 01:53:09,367 [pool-119-thread-1] INFO  segmented.SegmentedRaftLogWorker (SegmentedRaftLogWorker.java:<init>(187)) - new a32d3105-1fa5-4486-a401-c143653c6277@group-DB4F30CEA4C9-SegmentedRaftLogWorker for RaftStorageImpl:Storage Directory /home/runner/work/ozone/ozone/hadoop-ozone/integration-test/target/test-dir/MiniOzoneClusterImpl-6a096081-edc2-4b52-80a3-ccd1f0f4fae5/datanode-2/data/ratis/b396eca5-ab4e-4d5f-9fff-db4f30cea4c9
2022-08-03 01:53:09,367 [pool-119-thread-1] INFO  server.RaftServerConfigKeys (ConfUtils.java:logGet(46)) - raft.server.log.queue.byte-limit = 4294967296 (custom)
2022-08-03 01:53:09,367 [pool-119-thread-1] INFO  server.RaftServerConfigKeys (ConfUtils.java:logGet(46)) - raft.server.log.queue.element-limit = 1024 (custom)
2022-08-03 01:53:09,367 [pool-119-thread-1] INFO  server.RaftServerConfigKeys (ConfUtils.java:logGet(46)) - raft.server.log.segment.size.max = 1048576 (custom)
2022-08-03 01:53:09,367 [pool-119-thread-1] INFO  server.RaftServerConfigKeys (ConfUtils.java:logGet(46)) - raft.server.log.preallocated.size = 16384 (custom)
2022-08-03 01:53:09,367 [pool-119-thread-1] INFO  server.RaftServerConfigKeys (ConfUtils.java:logGet(46)) - raft.server.log.force.sync.num = 128 (default)
2022-08-03 01:53:09,367 [pool-119-thread-1] INFO  server.RaftServerConfigKeys (ConfUtils.java:logGet(46)) - raft.server.log.statemachine.data.sync = true (default)
2022-08-03 01:53:09,367 [pool-119-thread-1] INFO  server.RaftServerConfigKeys (ConfUtils.java:logGet(46)) - raft.server.log.statemachine.data.sync.timeout = 10s (default)
2022-08-03 01:53:09,367 [pool-119-thread-1] INFO  server.RaftServerConfigKeys (ConfUtils.java:logGet(46)) - raft.server.log.statemachine.data.sync.timeout.retry = -1 (default)
2022-08-03 01:53:09,368 [pool-96-thread-1] INFO  server.RaftServer$Division (RaftServerImpl.java:<init>(190)) - 7cc4dae5-b8b1-4887-8b99-c7b379db6b59: new RaftServerImpl for group-ABFECFD9E082:[7cc4dae5-b8b1-4887-8b99-c7b379db6b59|rpc:10.1.0.23:38993|priority:0, d2433786-0171-4e17-9e3a-b12e44f36186|rpc:10.1.0.23:41907|priority:1, a32d3105-1fa5-4486-a401-c143653c6277|rpc:10.1.0.23:40593|priority:0] with ContainerStateMachine:uninitialized
2022-08-03 01:53:09,368 [pool-96-thread-1] INFO  server.RaftServerConfigKeys (ConfUtils.java:logGet(46)) - raft.server.rpc.timeout.min = 5s (custom)
2022-08-03 01:53:09,368 [pool-96-thread-1] INFO  server.RaftServerConfigKeys (ConfUtils.java:logGet(46)) - raft.server.rpc.timeout.max = 5200ms (custom)
2022-08-03 01:53:09,368 [pool-96-thread-1] INFO  server.RaftServerConfigKeys (ConfUtils.java:logGet(46)) - raft.server.rpc.sleep.time = 25ms (default)
2022-08-03 01:53:09,368 [pool-96-thread-1] INFO  server.RaftServerConfigKeys (ConfUtils.java:logGet(46)) - raft.server.rpc.slowness.timeout = 300s (custom)
2022-08-03 01:53:09,368 [pool-96-thread-1] INFO  server.RaftServerConfigKeys (ConfUtils.java:logGet(46)) - raft.server.leaderelection.leader.step-down.wait-time = 10s (default)
2022-08-03 01:53:09,368 [pool-96-thread-1] INFO  server.RaftServerConfigKeys (ConfUtils.java:logGet(46)) - raft.server.sleep.deviation.threshold = 300ms (default)
2022-08-03 01:53:09,368 [pool-96-thread-1] INFO  server.RaftServer$Division (ServerState.java:<init>(107)) - 7cc4dae5-b8b1-4887-8b99-c7b379db6b59@group-ABFECFD9E082: ConfigurationManager, init=-1: [7cc4dae5-b8b1-4887-8b99-c7b379db6b59|rpc:10.1.0.23:38993|priority:0, d2433786-0171-4e17-9e3a-b12e44f36186|rpc:10.1.0.23:41907|priority:1, a32d3105-1fa5-4486-a401-c143653c6277|rpc:10.1.0.23:40593|priority:0], old=null, confs=<EMPTY_MAP>
2022-08-03 01:53:09,368 [pool-119-thread-1] INFO  server.RaftServerConfigKeys (ConfUtils.java:logGet(46)) - raft.server.log.write.buffer.size = 1048576 (custom)
2022-08-03 01:53:09,369 [pool-96-thread-1] INFO  server.RaftServerConfigKeys (ConfUtils.java:logGet(46)) - raft.server.storage.dir = [/home/runner/work/ozone/ozone/hadoop-ozone/integration-test/target/test-dir/MiniOzoneClusterImpl-6a096081-edc2-4b52-80a3-ccd1f0f4fae5/datanode-1/data/ratis] (custom)
2022-08-03 01:53:09,369 [pool-96-thread-1] INFO  server.RaftServerConfigKeys (ConfUtils.java:logGet(46)) - raft.server.log.corruption.policy = EXCEPTION (default)
2022-08-03 01:53:09,369 [pool-96-thread-1] INFO  server.RaftServerConfigKeys (ConfUtils.java:logGet(46)) - raft.server.storage.free-space.min = 0MB (=0) (default)
2022-08-03 01:53:09,369 [pool-119-thread-1] INFO  server.RaftServerConfigKeys (ConfUtils.java:logGet(46)) - raft.server.log.unsafe-flush.enabled = false (default)
2022-08-03 01:53:09,369 [pool-96-thread-1] INFO  storage.RaftStorageDirectory (RaftStorageDirectoryImpl.java:analyzeStorage(135)) - The storage directory /home/runner/work/ozone/ozone/hadoop-ozone/integration-test/target/test-dir/MiniOzoneClusterImpl-6a096081-edc2-4b52-80a3-ccd1f0f4fae5/datanode-1/data/ratis/11a09448-7cda-4d49-9fe8-abfecfd9e082 does not exist. Creating ...
2022-08-03 01:53:09,369 [pool-119-thread-1] INFO  server.RaftServerConfigKeys (ConfUtils.java:logGet(46)) - raft.server.log.statemachine.data.caching.enabled = true (custom)
2022-08-03 01:53:09,370 [pool-119-thread-1] INFO  segmented.SegmentedRaftLogWorker (SegmentedRaftLogWorker.java:lambda$new$0(135)) - a32d3105-1fa5-4486-a401-c143653c6277@group-DB4F30CEA4C9-SegmentedRaftLogWorker: flushIndex: setUnconditionally 0 -> -1
2022-08-03 01:53:09,370 [pool-119-thread-1] INFO  segmented.SegmentedRaftLogWorker (SegmentedRaftLogWorker.java:lambda$new$0(135)) - a32d3105-1fa5-4486-a401-c143653c6277@group-DB4F30CEA4C9-SegmentedRaftLogWorker: safeCacheEvictIndex: setUnconditionally 0 -> -1
2022-08-03 01:53:09,370 [Command processor thread] INFO  server.RaftServer (RaftServerProxy.java:addNew(96)) - 7cc4dae5-b8b1-4887-8b99-c7b379db6b59: addNew group-ABFECFD9E082:[7cc4dae5-b8b1-4887-8b99-c7b379db6b59|rpc:10.1.0.23:38993|priority:0, d2433786-0171-4e17-9e3a-b12e44f36186|rpc:10.1.0.23:41907|priority:1, a32d3105-1fa5-4486-a401-c143653c6277|rpc:10.1.0.23:40593|priority:0] returns group-ABFECFD9E082:java.util.concurrent.CompletableFuture@5e10c8c3[Not completed]
2022-08-03 01:53:09,371 [pool-96-thread-1] INFO  storage.RaftStorageDirectory (RaftStorageDirectoryImpl.java:tryLock(230)) - Lock on /home/runner/work/ozone/ozone/hadoop-ozone/integration-test/target/test-dir/MiniOzoneClusterImpl-6a096081-edc2-4b52-80a3-ccd1f0f4fae5/datanode-1/data/ratis/11a09448-7cda-4d49-9fe8-abfecfd9e082/in_use.lock acquired by nodename 17687@fv-az199-929
2022-08-03 01:53:09,373 [pool-96-thread-1] INFO  storage.RaftStorage (RaftStorageImpl.java:format(89)) - Storage directory /home/runner/work/ozone/ozone/hadoop-ozone/integration-test/target/test-dir/MiniOzoneClusterImpl-6a096081-edc2-4b52-80a3-ccd1f0f4fae5/datanode-1/data/ratis/11a09448-7cda-4d49-9fe8-abfecfd9e082 has been successfully formatted.
2022-08-03 01:53:09,373 [pool-119-thread-1] INFO  server.RaftServerConfigKeys (ConfUtils.java:logGet(46)) - raft.server.snapshot.auto.trigger.enabled = true (custom)
2022-08-03 01:53:09,373 [pool-119-thread-1] INFO  server.RaftServerConfigKeys (ConfUtils.java:logGet(46)) - raft.server.snapshot.auto.trigger.threshold = 10000 (custom)
2022-08-03 01:53:09,373 [pool-119-thread-1] INFO  server.RaftServerConfigKeys (ConfUtils.java:logGet(46)) - raft.server.snapshot.retention.file.num = 5 (custom)
2022-08-03 01:53:09,373 [pool-119-thread-1] INFO  server.RaftServerConfigKeys (ConfUtils.java:logGet(46)) - raft.server.log.purge.upto.snapshot.index = false (default)
2022-08-03 01:53:09,373 [pool-119-thread-1] INFO  server.RaftServerConfigKeys (ConfUtils.java:logGet(46)) - raft.server.retrycache.expirytime = 600000ms (custom)
2022-08-03 01:53:09,374 [pool-119-thread-1] INFO  server.RaftServerConfigKeys (ConfUtils.java:logGet(46)) - raft.server.retrycache.statistics.expirytime = 100μs (default)
2022-08-03 01:53:09,375 [pool-119-thread-1] INFO  server.RaftServerConfigKeys (ConfUtils.java:logGet(46)) - raft.server.log.appender.install.snapshot.enabled = false (custom)
2022-08-03 01:53:09,375 [pool-119-thread-1] INFO  server.RaftServerConfigKeys (ConfUtils.java:logGet(46)) - raft.server.threadpool.server.cached = true (default)
2022-08-03 01:53:09,376 [pool-119-thread-1] INFO  server.RaftServerConfigKeys (ConfUtils.java:logGet(46)) - raft.server.threadpool.server.size = 0 (default)
2022-08-03 01:53:09,376 [pool-119-thread-1] INFO  server.RaftServerConfigKeys (ConfUtils.java:logGet(46)) - raft.server.threadpool.client.cached = true (default)
2022-08-03 01:53:09,376 [pool-119-thread-1] INFO  server.RaftServerConfigKeys (ConfUtils.java:logGet(46)) - raft.server.threadpool.client.size = 0 (default)
2022-08-03 01:53:09,376 [pool-119-thread-1] INFO  server.RaftServer$Division (RaftServerImpl.java:start(310)) - a32d3105-1fa5-4486-a401-c143653c6277@group-DB4F30CEA4C9: start as a follower, conf=-1: [a32d3105-1fa5-4486-a401-c143653c6277|rpc:10.1.0.23:40593|priority:1], old=null
2022-08-03 01:53:09,376 [pool-119-thread-1] INFO  server.RaftServer$Division (RaftServerImpl.java:setRole(299)) - a32d3105-1fa5-4486-a401-c143653c6277@group-DB4F30CEA4C9: changes role from      null to FOLLOWER at term 0 for startAsFollower
2022-08-03 01:53:09,376 [pool-119-thread-1] INFO  impl.RoleInfo (RoleInfo.java:updateAndGet(139)) - a32d3105-1fa5-4486-a401-c143653c6277: start a32d3105-1fa5-4486-a401-c143653c6277@group-DB4F30CEA4C9-FollowerState
2022-08-03 01:53:09,378 [pool-119-thread-1] INFO  util.JmxRegister (JmxRegister.java:tryRegister(44)) - Successfully registered JMX Bean with object name Ratis:service=RaftServer,group=group-DB4F30CEA4C9,id=a32d3105-1fa5-4486-a401-c143653c6277
2022-08-03 01:53:09,378 [pool-96-thread-1] INFO  ratis.ContainerStateMachine (ContainerStateMachine.java:loadSnapshot(236)) - group-ABFECFD9E082: The snapshot info is null. Setting the last applied indexto:(t:0, i:~)
2022-08-03 01:53:09,380 [pool-96-thread-1] INFO  server.RaftServerConfigKeys (ConfUtils.java:logGet(46)) - raft.server.notification.no-leader.timeout = 300s (custom)
2022-08-03 01:53:09,380 [pool-96-thread-1] INFO  server.RaftServerConfigKeys (ConfUtils.java:logGet(46)) - raft.server.log.use.memory = false (default)
2022-08-03 01:53:09,381 [Command processor thread] INFO  ratis.XceiverServerRatis (XceiverServerRatis.java:addGroup(765)) - Created group PipelineID=b396eca5-ab4e-4d5f-9fff-db4f30cea4c9
2022-08-03 01:53:09,381 [Command processor thread] INFO  commandhandler.CreatePipelineCommandHandler (CreatePipelineCommandHandler.java:handle(113)) - Created Pipeline RATIS ONE PipelineID=b396eca5-ab4e-4d5f-9fff-db4f30cea4c9.
2022-08-03 01:53:09,381 [Command processor thread] INFO  server.RaftServer (RaftServerProxy.java:addNew(96)) - a32d3105-1fa5-4486-a401-c143653c6277: addNew group-ABFECFD9E082:[7cc4dae5-b8b1-4887-8b99-c7b379db6b59|rpc:10.1.0.23:38993|priority:0, d2433786-0171-4e17-9e3a-b12e44f36186|rpc:10.1.0.23:41907|priority:1, a32d3105-1fa5-4486-a401-c143653c6277|rpc:10.1.0.23:40593|priority:0] returns group-ABFECFD9E082:java.util.concurrent.CompletableFuture@2896a576[Not completed]
2022-08-03 01:53:09,382 [EventQueue-PipelineReportForPipelineReportHandler] INFO  pipeline.PipelineManagerImpl (PipelineManagerImpl.java:openPipeline(367)) - Pipeline Pipeline[ Id: b396eca5-ab4e-4d5f-9fff-db4f30cea4c9, Nodes: a32d3105-1fa5-4486-a401-c143653c6277{ip: 10.1.0.23, host: fv-az199-929.piossgaoozdutex3tpy4bgd4ka.dx.internal.cloudapp.net, ports: [REPLICATION=33683, RATIS=40593, RATIS_ADMIN=40593, RATIS_SERVER=40593, STANDALONE=40327], networkLocation: /default-rack, certSerialId: null, persistedOpState: IN_SERVICE, persistedOpStateExpiryEpochSec: 0}, ReplicationConfig: RATIS/ONE, State:ALLOCATED, leaderId:a32d3105-1fa5-4486-a401-c143653c6277, CreationTimestamp2022-08-03T01:53:06.361Z[Etc/UTC]] moved to OPEN state
2022-08-03 01:53:09,383 [pool-96-thread-1] INFO  server.RaftServerConfigKeys (ConfUtils.java:logGet(46)) - raft.server.log.purge.gap = 1000000 (custom)
2022-08-03 01:53:09,383 [pool-96-thread-1] INFO  server.RaftServerConfigKeys (ConfUtils.java:logGet(46)) - raft.server.log.appender.buffer.byte-limit = 33554432 (custom)
2022-08-03 01:53:09,383 [pool-96-thread-1] INFO  server.RaftServerConfigKeys (ConfUtils.java:logGet(46)) - raft.server.log.statemachine.data.read.timeout = 1000ms (default)
2022-08-03 01:53:09,383 [EventQueue-OpenPipelineForHealthyPipelineSafeModeRule] INFO  safemode.SCMSafeModeManager (HealthyPipelineSafeModeRule.java:process(137)) - SCM in safe mode. Healthy pipelines reported count is 0, required healthy pipeline reported count is 1
2022-08-03 01:53:09,387 [pool-96-thread-1] INFO  server.RaftServerConfigKeys (ConfUtils.java:logGet(46)) - raft.server.log.segment.size.max = 1048576 (custom)
2022-08-03 01:53:09,389 [pool-96-thread-1] INFO  server.RaftServerConfigKeys (ConfUtils.java:logGet(46)) - raft.server.log.segment.cache.num.max = 2 (custom)
2022-08-03 01:53:09,389 [pool-96-thread-1] INFO  server.RaftServerConfigKeys (ConfUtils.java:logGet(46)) - raft.server.log.segment.cache.size.max = 200MB (=209715200) (default)
2022-08-03 01:53:09,384 [pool-119-thread-1] INFO  server.RaftServer$Division (RaftServerImpl.java:<init>(190)) - a32d3105-1fa5-4486-a401-c143653c6277: new RaftServerImpl for group-ABFECFD9E082:[7cc4dae5-b8b1-4887-8b99-c7b379db6b59|rpc:10.1.0.23:38993|priority:0, d2433786-0171-4e17-9e3a-b12e44f36186|rpc:10.1.0.23:41907|priority:1, a32d3105-1fa5-4486-a401-c143653c6277|rpc:10.1.0.23:40593|priority:0] with ContainerStateMachine:uninitialized
2022-08-03 01:53:09,389 [pool-119-thread-1] INFO  server.RaftServerConfigKeys (ConfUtils.java:logGet(46)) - raft.server.rpc.timeout.min = 5s (custom)
2022-08-03 01:53:09,390 [pool-119-thread-1] INFO  server.RaftServerConfigKeys (ConfUtils.java:logGet(46)) - raft.server.rpc.timeout.max = 5200ms (custom)
2022-08-03 01:53:09,390 [EventQueue-OpenPipelineForHealthyPipelineSafeModeRule] INFO  safemode.SCMSafeModeManager (HealthyPipelineSafeModeRule.java:process(137)) - SCM in safe mode. Healthy pipelines reported count is 0, required healthy pipeline reported count is 1
2022-08-03 01:53:09,390 [pool-96-thread-1] INFO  segmented.SegmentedRaftLogWorker (SegmentedRaftLogWorker.java:<init>(187)) - new 7cc4dae5-b8b1-4887-8b99-c7b379db6b59@group-ABFECFD9E082-SegmentedRaftLogWorker for RaftStorageImpl:Storage Directory /home/runner/work/ozone/ozone/hadoop-ozone/integration-test/target/test-dir/MiniOzoneClusterImpl-6a096081-edc2-4b52-80a3-ccd1f0f4fae5/datanode-1/data/ratis/11a09448-7cda-4d49-9fe8-abfecfd9e082
2022-08-03 01:53:09,390 [pool-119-thread-1] INFO  server.RaftServerConfigKeys (ConfUtils.java:logGet(46)) - raft.server.rpc.sleep.time = 25ms (default)
2022-08-03 01:53:09,397 [pool-119-thread-1] INFO  server.RaftServerConfigKeys (ConfUtils.java:logGet(46)) - raft.server.rpc.slowness.timeout = 300s (custom)
2022-08-03 01:53:09,397 [pool-119-thread-1] INFO  server.RaftServerConfigKeys (ConfUtils.java:logGet(46)) - raft.server.leaderelection.leader.step-down.wait-time = 10s (default)
2022-08-03 01:53:09,397 [pool-119-thread-1] INFO  server.RaftServerConfigKeys (ConfUtils.java:logGet(46)) - raft.server.sleep.deviation.threshold = 300ms (default)
2022-08-03 01:53:09,397 [pool-119-thread-1] INFO  server.RaftServer$Division (ServerState.java:<init>(107)) - a32d3105-1fa5-4486-a401-c143653c6277@group-ABFECFD9E082: ConfigurationManager, init=-1: [7cc4dae5-b8b1-4887-8b99-c7b379db6b59|rpc:10.1.0.23:38993|priority:0, d2433786-0171-4e17-9e3a-b12e44f36186|rpc:10.1.0.23:41907|priority:1, a32d3105-1fa5-4486-a401-c143653c6277|rpc:10.1.0.23:40593|priority:0], old=null, confs=<EMPTY_MAP>
2022-08-03 01:53:09,397 [pool-119-thread-1] INFO  server.RaftServerConfigKeys (ConfUtils.java:logGet(46)) - raft.server.storage.dir = [/home/runner/work/ozone/ozone/hadoop-ozone/integration-test/target/test-dir/MiniOzoneClusterImpl-6a096081-edc2-4b52-80a3-ccd1f0f4fae5/datanode-2/data/ratis] (custom)
2022-08-03 01:53:09,397 [pool-119-thread-1] INFO  server.RaftServerConfigKeys (ConfUtils.java:logGet(46)) - raft.server.log.corruption.policy = EXCEPTION (default)
2022-08-03 01:53:09,397 [pool-119-thread-1] INFO  server.RaftServerConfigKeys (ConfUtils.java:logGet(46)) - raft.server.storage.free-space.min = 0MB (=0) (default)
2022-08-03 01:53:09,398 [pool-119-thread-1] INFO  storage.RaftStorageDirectory (RaftStorageDirectoryImpl.java:analyzeStorage(135)) - The storage directory /home/runner/work/ozone/ozone/hadoop-ozone/integration-test/target/test-dir/MiniOzoneClusterImpl-6a096081-edc2-4b52-80a3-ccd1f0f4fae5/datanode-2/data/ratis/11a09448-7cda-4d49-9fe8-abfecfd9e082 does not exist. Creating ...
2022-08-03 01:53:09,398 [pool-96-thread-1] INFO  server.RaftServerConfigKeys (ConfUtils.java:logGet(46)) - raft.server.log.queue.byte-limit = 4294967296 (custom)
2022-08-03 01:53:09,398 [pool-96-thread-1] INFO  server.RaftServerConfigKeys (ConfUtils.java:logGet(46)) - raft.server.log.queue.element-limit = 1024 (custom)
2022-08-03 01:53:09,398 [pool-96-thread-1] INFO  server.RaftServerConfigKeys (ConfUtils.java:logGet(46)) - raft.server.log.segment.size.max = 1048576 (custom)
2022-08-03 01:53:09,398 [pool-96-thread-1] INFO  server.RaftServerConfigKeys (ConfUtils.java:logGet(46)) - raft.server.log.preallocated.size = 16384 (custom)
2022-08-03 01:53:09,398 [pool-96-thread-1] INFO  server.RaftServerConfigKeys (ConfUtils.java:logGet(46)) - raft.server.log.force.sync.num = 128 (default)
2022-08-03 01:53:09,398 [pool-96-thread-1] INFO  server.RaftServerConfigKeys (ConfUtils.java:logGet(46)) - raft.server.log.statemachine.data.sync = true (default)
2022-08-03 01:53:09,398 [pool-96-thread-1] INFO  server.RaftServerConfigKeys (ConfUtils.java:logGet(46)) - raft.server.log.statemachine.data.sync.timeout = 10s (default)
2022-08-03 01:53:09,399 [pool-96-thread-1] INFO  server.RaftServerConfigKeys (ConfUtils.java:logGet(46)) - raft.server.log.statemachine.data.sync.timeout.retry = -1 (default)
2022-08-03 01:53:09,399 [pool-119-thread-1] INFO  storage.RaftStorageDirectory (RaftStorageDirectoryImpl.java:tryLock(230)) - Lock on /home/runner/work/ozone/ozone/hadoop-ozone/integration-test/target/test-dir/MiniOzoneClusterImpl-6a096081-edc2-4b52-80a3-ccd1f0f4fae5/datanode-2/data/ratis/11a09448-7cda-4d49-9fe8-abfecfd9e082/in_use.lock acquired by nodename 17687@fv-az199-929
2022-08-03 01:53:09,400 [pool-96-thread-1] INFO  server.RaftServerConfigKeys (ConfUtils.java:logGet(46)) - raft.server.log.write.buffer.size = 1048576 (custom)
2022-08-03 01:53:09,401 [pool-96-thread-1] INFO  server.RaftServerConfigKeys (ConfUtils.java:logGet(46)) - raft.server.log.unsafe-flush.enabled = false (default)
2022-08-03 01:53:09,401 [pool-96-thread-1] INFO  server.RaftServerConfigKeys (ConfUtils.java:logGet(46)) - raft.server.log.statemachine.data.caching.enabled = true (custom)
2022-08-03 01:53:09,401 [pool-96-thread-1] INFO  segmented.SegmentedRaftLogWorker (SegmentedRaftLogWorker.java:lambda$new$0(135)) - 7cc4dae5-b8b1-4887-8b99-c7b379db6b59@group-ABFECFD9E082-SegmentedRaftLogWorker: flushIndex: setUnconditionally 0 -> -1
2022-08-03 01:53:09,401 [pool-119-thread-1] INFO  storage.RaftStorage (RaftStorageImpl.java:format(89)) - Storage directory /home/runner/work/ozone/ozone/hadoop-ozone/integration-test/target/test-dir/MiniOzoneClusterImpl-6a096081-edc2-4b52-80a3-ccd1f0f4fae5/datanode-2/data/ratis/11a09448-7cda-4d49-9fe8-abfecfd9e082 has been successfully formatted.
2022-08-03 01:53:09,401 [pool-119-thread-1] INFO  ratis.ContainerStateMachine (ContainerStateMachine.java:loadSnapshot(236)) - group-ABFECFD9E082: The snapshot info is null. Setting the last applied indexto:(t:0, i:~)
2022-08-03 01:53:09,402 [pool-119-thread-1] INFO  server.RaftServerConfigKeys (ConfUtils.java:logGet(46)) - raft.server.notification.no-leader.timeout = 300s (custom)
2022-08-03 01:53:09,402 [pool-119-thread-1] INFO  server.RaftServerConfigKeys (ConfUtils.java:logGet(46)) - raft.server.log.use.memory = false (default)
2022-08-03 01:53:09,402 [pool-119-thread-1] INFO  server.RaftServerConfigKeys (ConfUtils.java:logGet(46)) - raft.server.log.purge.gap = 1000000 (custom)
2022-08-03 01:53:09,410 [pool-119-thread-1] INFO  server.RaftServerConfigKeys (ConfUtils.java:logGet(46)) - raft.server.log.appender.buffer.byte-limit = 33554432 (custom)
2022-08-03 01:53:09,411 [pool-119-thread-1] INFO  server.RaftServerConfigKeys (ConfUtils.java:logGet(46)) - raft.server.log.statemachine.data.read.timeout = 1000ms (default)
2022-08-03 01:53:09,411 [pool-119-thread-1] INFO  server.RaftServerConfigKeys (ConfUtils.java:logGet(46)) - raft.server.log.segment.size.max = 1048576 (custom)
2022-08-03 01:53:09,412 [pool-119-thread-1] INFO  server.RaftServerConfigKeys (ConfUtils.java:logGet(46)) - raft.server.log.segment.cache.num.max = 2 (custom)
2022-08-03 01:53:09,412 [pool-119-thread-1] INFO  server.RaftServerConfigKeys (ConfUtils.java:logGet(46)) - raft.server.log.segment.cache.size.max = 200MB (=209715200) (default)
2022-08-03 01:53:09,412 [pool-119-thread-1] INFO  segmented.SegmentedRaftLogWorker (SegmentedRaftLogWorker.java:<init>(187)) - new a32d3105-1fa5-4486-a401-c143653c6277@group-ABFECFD9E082-SegmentedRaftLogWorker for RaftStorageImpl:Storage Directory /home/runner/work/ozone/ozone/hadoop-ozone/integration-test/target/test-dir/MiniOzoneClusterImpl-6a096081-edc2-4b52-80a3-ccd1f0f4fae5/datanode-2/data/ratis/11a09448-7cda-4d49-9fe8-abfecfd9e082
2022-08-03 01:53:09,412 [pool-119-thread-1] INFO  server.RaftServerConfigKeys (ConfUtils.java:logGet(46)) - raft.server.log.queue.byte-limit = 4294967296 (custom)
2022-08-03 01:53:09,412 [pool-119-thread-1] INFO  server.RaftServerConfigKeys (ConfUtils.java:logGet(46)) - raft.server.log.queue.element-limit = 1024 (custom)
2022-08-03 01:53:09,412 [pool-119-thread-1] INFO  server.RaftServerConfigKeys (ConfUtils.java:logGet(46)) - raft.server.log.segment.size.max = 1048576 (custom)
2022-08-03 01:53:09,413 [pool-119-thread-1] INFO  server.RaftServerConfigKeys (ConfUtils.java:logGet(46)) - raft.server.log.preallocated.size = 16384 (custom)
2022-08-03 01:53:09,413 [pool-119-thread-1] INFO  server.RaftServerConfigKeys (ConfUtils.java:logGet(46)) - raft.server.log.force.sync.num = 128 (default)
2022-08-03 01:53:09,413 [pool-119-thread-1] INFO  server.RaftServerConfigKeys (ConfUtils.java:logGet(46)) - raft.server.log.statemachine.data.sync = true (default)
2022-08-03 01:53:09,413 [pool-119-thread-1] INFO  server.RaftServerConfigKeys (ConfUtils.java:logGet(46)) - raft.server.log.statemachine.data.sync.timeout = 10s (default)
2022-08-03 01:53:09,413 [pool-119-thread-1] INFO  server.RaftServerConfigKeys (ConfUtils.java:logGet(46)) - raft.server.log.statemachine.data.sync.timeout.retry = -1 (default)
2022-08-03 01:53:09,414 [pool-119-thread-1] INFO  server.RaftServerConfigKeys (ConfUtils.java:logGet(46)) - raft.server.log.write.buffer.size = 1048576 (custom)
2022-08-03 01:53:09,415 [pool-119-thread-1] INFO  server.RaftServerConfigKeys (ConfUtils.java:logGet(46)) - raft.server.log.unsafe-flush.enabled = false (default)
2022-08-03 01:53:09,415 [pool-119-thread-1] INFO  server.RaftServerConfigKeys (ConfUtils.java:logGet(46)) - raft.server.log.statemachine.data.caching.enabled = true (custom)
2022-08-03 01:53:09,415 [pool-119-thread-1] INFO  segmented.SegmentedRaftLogWorker (SegmentedRaftLogWorker.java:lambda$new$0(135)) - a32d3105-1fa5-4486-a401-c143653c6277@group-ABFECFD9E082-SegmentedRaftLogWorker: flushIndex: setUnconditionally 0 -> -1
2022-08-03 01:53:09,415 [pool-119-thread-1] INFO  segmented.SegmentedRaftLogWorker (SegmentedRaftLogWorker.java:lambda$new$0(135)) - a32d3105-1fa5-4486-a401-c143653c6277@group-ABFECFD9E082-SegmentedRaftLogWorker: safeCacheEvictIndex: setUnconditionally 0 -> -1
2022-08-03 01:53:09,401 [pool-96-thread-1] INFO  segmented.SegmentedRaftLogWorker (SegmentedRaftLogWorker.java:lambda$new$0(135)) - 7cc4dae5-b8b1-4887-8b99-c7b379db6b59@group-ABFECFD9E082-SegmentedRaftLogWorker: safeCacheEvictIndex: setUnconditionally 0 -> -1
2022-08-03 01:53:09,410 [EventQueue-OpenPipelineForHealthyPipelineSafeModeRule] INFO  safemode.SCMSafeModeManager (HealthyPipelineSafeModeRule.java:process(137)) - SCM in safe mode. Healthy pipelines reported count is 0, required healthy pipeline reported count is 1
2022-08-03 01:53:09,418 [pool-96-thread-1] INFO  server.RaftServerConfigKeys (ConfUtils.java:logGet(46)) - raft.server.snapshot.auto.trigger.enabled = true (custom)
2022-08-03 01:53:09,418 [pool-96-thread-1] INFO  server.RaftServerConfigKeys (ConfUtils.java:logGet(46)) - raft.server.snapshot.auto.trigger.threshold = 10000 (custom)
2022-08-03 01:53:09,418 [pool-96-thread-1] INFO  server.RaftServerConfigKeys (ConfUtils.java:logGet(46)) - raft.server.snapshot.retention.file.num = 5 (custom)
2022-08-03 01:53:09,418 [pool-96-thread-1] INFO  server.RaftServerConfigKeys (ConfUtils.java:logGet(46)) - raft.server.log.purge.upto.snapshot.index = false (default)
2022-08-03 01:53:09,419 [pool-96-thread-1] INFO  server.RaftServerConfigKeys (ConfUtils.java:logGet(46)) - raft.server.retrycache.expirytime = 600000ms (custom)
2022-08-03 01:53:09,419 [pool-96-thread-1] INFO  server.RaftServerConfigKeys (ConfUtils.java:logGet(46)) - raft.server.retrycache.statistics.expirytime = 100μs (default)
2022-08-03 01:53:09,420 [pool-96-thread-1] INFO  server.RaftServerConfigKeys (ConfUtils.java:logGet(46)) - raft.server.log.appender.install.snapshot.enabled = false (custom)
2022-08-03 01:53:09,420 [pool-96-thread-1] INFO  server.RaftServerConfigKeys (ConfUtils.java:logGet(46)) - raft.server.threadpool.server.cached = true (default)
2022-08-03 01:53:09,420 [pool-96-thread-1] INFO  server.RaftServerConfigKeys (ConfUtils.java:logGet(46)) - raft.server.threadpool.server.size = 0 (default)
2022-08-03 01:53:09,420 [pool-96-thread-1] INFO  server.RaftServerConfigKeys (ConfUtils.java:logGet(46)) - raft.server.threadpool.client.cached = true (default)
2022-08-03 01:53:09,420 [pool-96-thread-1] INFO  server.RaftServerConfigKeys (ConfUtils.java:logGet(46)) - raft.server.threadpool.client.size = 0 (default)
2022-08-03 01:53:09,420 [pool-96-thread-1] INFO  server.RaftServer$Division (RaftServerImpl.java:start(310)) - 7cc4dae5-b8b1-4887-8b99-c7b379db6b59@group-ABFECFD9E082: start as a follower, conf=-1: [7cc4dae5-b8b1-4887-8b99-c7b379db6b59|rpc:10.1.0.23:38993|priority:0, d2433786-0171-4e17-9e3a-b12e44f36186|rpc:10.1.0.23:41907|priority:1, a32d3105-1fa5-4486-a401-c143653c6277|rpc:10.1.0.23:40593|priority:0], old=null
2022-08-03 01:53:09,421 [pool-96-thread-1] INFO  server.RaftServer$Division (RaftServerImpl.java:setRole(299)) - 7cc4dae5-b8b1-4887-8b99-c7b379db6b59@group-ABFECFD9E082: changes role from      null to FOLLOWER at term 0 for startAsFollower
2022-08-03 01:53:09,421 [pool-96-thread-1] INFO  impl.RoleInfo (RoleInfo.java:updateAndGet(139)) - 7cc4dae5-b8b1-4887-8b99-c7b379db6b59: start 7cc4dae5-b8b1-4887-8b99-c7b379db6b59@group-ABFECFD9E082-FollowerState
2022-08-03 01:53:09,424 [pool-96-thread-1] INFO  util.JmxRegister (JmxRegister.java:tryRegister(44)) - Successfully registered JMX Bean with object name Ratis:service=RaftServer,group=group-ABFECFD9E082,id=7cc4dae5-b8b1-4887-8b99-c7b379db6b59
2022-08-03 01:53:09,425 [Command processor thread] INFO  ratis.XceiverServerRatis (XceiverServerRatis.java:addGroup(765)) - Created group PipelineID=11a09448-7cda-4d49-9fe8-abfecfd9e082
2022-08-03 01:53:09,425 [pool-119-thread-1] INFO  server.RaftServerConfigKeys (ConfUtils.java:logGet(46)) - raft.server.snapshot.auto.trigger.enabled = true (custom)
2022-08-03 01:53:09,425 [pool-119-thread-1] INFO  server.RaftServerConfigKeys (ConfUtils.java:logGet(46)) - raft.server.snapshot.auto.trigger.threshold = 10000 (custom)
2022-08-03 01:53:09,426 [pool-119-thread-1] INFO  server.RaftServerConfigKeys (ConfUtils.java:logGet(46)) - raft.server.snapshot.retention.file.num = 5 (custom)
2022-08-03 01:53:09,426 [pool-119-thread-1] INFO  server.RaftServerConfigKeys (ConfUtils.java:logGet(46)) - raft.server.log.purge.upto.snapshot.index = false (default)
2022-08-03 01:53:09,426 [pool-119-thread-1] INFO  server.RaftServerConfigKeys (ConfUtils.java:logGet(46)) - raft.server.retrycache.expirytime = 600000ms (custom)
2022-08-03 01:53:09,426 [pool-119-thread-1] INFO  server.RaftServerConfigKeys (ConfUtils.java:logGet(46)) - raft.server.retrycache.statistics.expirytime = 100μs (default)
2022-08-03 01:53:09,427 [pool-119-thread-1] INFO  server.RaftServerConfigKeys (ConfUtils.java:logGet(46)) - raft.server.log.appender.install.snapshot.enabled = false (custom)
2022-08-03 01:53:09,427 [pool-119-thread-1] INFO  server.RaftServerConfigKeys (ConfUtils.java:logGet(46)) - raft.server.threadpool.server.cached = true (default)
2022-08-03 01:53:09,427 [pool-119-thread-1] INFO  server.RaftServerConfigKeys (ConfUtils.java:logGet(46)) - raft.server.threadpool.server.size = 0 (default)
2022-08-03 01:53:09,427 [pool-119-thread-1] INFO  server.RaftServerConfigKeys (ConfUtils.java:logGet(46)) - raft.server.threadpool.client.cached = true (default)
2022-08-03 01:53:09,427 [pool-119-thread-1] INFO  server.RaftServerConfigKeys (ConfUtils.java:logGet(46)) - raft.server.threadpool.client.size = 0 (default)
2022-08-03 01:53:09,427 [pool-119-thread-1] INFO  server.RaftServer$Division (RaftServerImpl.java:start(310)) - a32d3105-1fa5-4486-a401-c143653c6277@group-ABFECFD9E082: start as a follower, conf=-1: [7cc4dae5-b8b1-4887-8b99-c7b379db6b59|rpc:10.1.0.23:38993|priority:0, d2433786-0171-4e17-9e3a-b12e44f36186|rpc:10.1.0.23:41907|priority:1, a32d3105-1fa5-4486-a401-c143653c6277|rpc:10.1.0.23:40593|priority:0], old=null
2022-08-03 01:53:09,427 [pool-119-thread-1] INFO  server.RaftServer$Division (RaftServerImpl.java:setRole(299)) - a32d3105-1fa5-4486-a401-c143653c6277@group-ABFECFD9E082: changes role from      null to FOLLOWER at term 0 for startAsFollower
2022-08-03 01:53:09,428 [pool-119-thread-1] INFO  impl.RoleInfo (RoleInfo.java:updateAndGet(139)) - a32d3105-1fa5-4486-a401-c143653c6277: start a32d3105-1fa5-4486-a401-c143653c6277@group-ABFECFD9E082-FollowerState
2022-08-03 01:53:09,432 [pool-119-thread-1] INFO  util.JmxRegister (JmxRegister.java:tryRegister(44)) - Successfully registered JMX Bean with object name Ratis:service=RaftServer,group=group-ABFECFD9E082,id=a32d3105-1fa5-4486-a401-c143653c6277
2022-08-03 01:53:09,448 [Command processor thread] INFO  ratis.XceiverServerRatis (XceiverServerRatis.java:addGroup(765)) - Created group PipelineID=11a09448-7cda-4d49-9fe8-abfecfd9e082
2022-08-03 01:53:09,519 [Command processor thread] INFO  commandhandler.CreatePipelineCommandHandler (CreatePipelineCommandHandler.java:handle(113)) - Created Pipeline RATIS THREE PipelineID=11a09448-7cda-4d49-9fe8-abfecfd9e082.
2022-08-03 01:53:09,557 [Command processor thread] INFO  commandhandler.CreatePipelineCommandHandler (CreatePipelineCommandHandler.java:handle(113)) - Created Pipeline RATIS THREE PipelineID=11a09448-7cda-4d49-9fe8-abfecfd9e082.
2022-08-03 01:53:09,567 [Command processor thread] INFO  commandhandler.CreatePipelineCommandHandler (CreatePipelineCommandHandler.java:handle(113)) - Created Pipeline RATIS THREE PipelineID=11a09448-7cda-4d49-9fe8-abfecfd9e082.
2022-08-03 01:53:09,714 [Command processor thread] INFO  server.RaftServer (RaftServerProxy.java:addNew(96)) - e84011ff-6ca7-4c66-9967-ecab54098873: addNew group-9BCFE6B2AEA6:[e84011ff-6ca7-4c66-9967-ecab54098873|rpc:10.1.0.23:32799|priority:1] returns group-9BCFE6B2AEA6:java.util.concurrent.CompletableFuture@18f238ca[Not completed]
2022-08-03 01:53:09,726 [pool-142-thread-1] INFO  server.RaftServer$Division (RaftServerImpl.java:<init>(190)) - e84011ff-6ca7-4c66-9967-ecab54098873: new RaftServerImpl for group-9BCFE6B2AEA6:[e84011ff-6ca7-4c66-9967-ecab54098873|rpc:10.1.0.23:32799|priority:1] with ContainerStateMachine:uninitialized
2022-08-03 01:53:09,727 [pool-142-thread-1] INFO  server.RaftServerConfigKeys (ConfUtils.java:logGet(46)) - raft.server.rpc.timeout.min = 5s (custom)
2022-08-03 01:53:09,727 [pool-142-thread-1] INFO  server.RaftServerConfigKeys (ConfUtils.java:logGet(46)) - raft.server.rpc.timeout.max = 5200ms (custom)
2022-08-03 01:53:09,727 [pool-142-thread-1] INFO  server.RaftServerConfigKeys (ConfUtils.java:logGet(46)) - raft.server.rpc.sleep.time = 25ms (default)
2022-08-03 01:53:09,727 [pool-142-thread-1] INFO  server.RaftServerConfigKeys (ConfUtils.java:logGet(46)) - raft.server.rpc.slowness.timeout = 300s (custom)
2022-08-03 01:53:09,727 [pool-142-thread-1] INFO  server.RaftServerConfigKeys (ConfUtils.java:logGet(46)) - raft.server.leaderelection.leader.step-down.wait-time = 10s (default)
2022-08-03 01:53:09,727 [pool-142-thread-1] INFO  server.RaftServerConfigKeys (ConfUtils.java:logGet(46)) - raft.server.sleep.deviation.threshold = 300ms (default)
2022-08-03 01:53:09,727 [pool-142-thread-1] INFO  server.RaftServer$Division (ServerState.java:<init>(107)) - e84011ff-6ca7-4c66-9967-ecab54098873@group-9BCFE6B2AEA6: ConfigurationManager, init=-1: [e84011ff-6ca7-4c66-9967-ecab54098873|rpc:10.1.0.23:32799|priority:1], old=null, confs=<EMPTY_MAP>
2022-08-03 01:53:09,727 [pool-142-thread-1] INFO  server.RaftServerConfigKeys (ConfUtils.java:logGet(46)) - raft.server.storage.dir = [/home/runner/work/ozone/ozone/hadoop-ozone/integration-test/target/test-dir/MiniOzoneClusterImpl-6a096081-edc2-4b52-80a3-ccd1f0f4fae5/datanode-3/data/ratis] (custom)
2022-08-03 01:53:09,727 [pool-142-thread-1] INFO  server.RaftServerConfigKeys (ConfUtils.java:logGet(46)) - raft.server.log.corruption.policy = EXCEPTION (default)
2022-08-03 01:53:09,727 [pool-142-thread-1] INFO  server.RaftServerConfigKeys (ConfUtils.java:logGet(46)) - raft.server.storage.free-space.min = 0MB (=0) (default)
2022-08-03 01:53:09,728 [pool-142-thread-1] INFO  storage.RaftStorageDirectory (RaftStorageDirectoryImpl.java:analyzeStorage(135)) - The storage directory /home/runner/work/ozone/ozone/hadoop-ozone/integration-test/target/test-dir/MiniOzoneClusterImpl-6a096081-edc2-4b52-80a3-ccd1f0f4fae5/datanode-3/data/ratis/3b83fc82-9f06-445e-bd29-9bcfe6b2aea6 does not exist. Creating ...
2022-08-03 01:53:09,731 [pool-142-thread-1] INFO  storage.RaftStorageDirectory (RaftStorageDirectoryImpl.java:tryLock(230)) - Lock on /home/runner/work/ozone/ozone/hadoop-ozone/integration-test/target/test-dir/MiniOzoneClusterImpl-6a096081-edc2-4b52-80a3-ccd1f0f4fae5/datanode-3/data/ratis/3b83fc82-9f06-445e-bd29-9bcfe6b2aea6/in_use.lock acquired by nodename 17687@fv-az199-929
2022-08-03 01:53:09,733 [pool-142-thread-1] INFO  storage.RaftStorage (RaftStorageImpl.java:format(89)) - Storage directory /home/runner/work/ozone/ozone/hadoop-ozone/integration-test/target/test-dir/MiniOzoneClusterImpl-6a096081-edc2-4b52-80a3-ccd1f0f4fae5/datanode-3/data/ratis/3b83fc82-9f06-445e-bd29-9bcfe6b2aea6 has been successfully formatted.
2022-08-03 01:53:09,734 [pool-142-thread-1] INFO  ratis.ContainerStateMachine (ContainerStateMachine.java:loadSnapshot(236)) - group-9BCFE6B2AEA6: The snapshot info is null. Setting the last applied indexto:(t:0, i:~)
2022-08-03 01:53:09,734 [pool-142-thread-1] INFO  server.RaftServerConfigKeys (ConfUtils.java:logGet(46)) - raft.server.notification.no-leader.timeout = 300s (custom)
2022-08-03 01:53:09,735 [pool-142-thread-1] INFO  server.RaftServerConfigKeys (ConfUtils.java:logGet(46)) - raft.server.log.use.memory = false (default)
2022-08-03 01:53:09,735 [pool-142-thread-1] INFO  server.RaftServerConfigKeys (ConfUtils.java:logGet(46)) - raft.server.log.purge.gap = 1000000 (custom)
2022-08-03 01:53:09,735 [pool-142-thread-1] INFO  server.RaftServerConfigKeys (ConfUtils.java:logGet(46)) - raft.server.log.appender.buffer.byte-limit = 33554432 (custom)
2022-08-03 01:53:09,735 [pool-142-thread-1] INFO  server.RaftServerConfigKeys (ConfUtils.java:logGet(46)) - raft.server.log.statemachine.data.read.timeout = 1000ms (default)
2022-08-03 01:53:09,735 [pool-142-thread-1] INFO  server.RaftServerConfigKeys (ConfUtils.java:logGet(46)) - raft.server.log.segment.size.max = 1048576 (custom)
2022-08-03 01:53:09,736 [pool-142-thread-1] INFO  server.RaftServerConfigKeys (ConfUtils.java:logGet(46)) - raft.server.log.segment.cache.num.max = 2 (custom)
2022-08-03 01:53:09,736 [pool-142-thread-1] INFO  server.RaftServerConfigKeys (ConfUtils.java:logGet(46)) - raft.server.log.segment.cache.size.max = 200MB (=209715200) (default)
2022-08-03 01:53:09,736 [pool-142-thread-1] INFO  segmented.SegmentedRaftLogWorker (SegmentedRaftLogWorker.java:<init>(187)) - new e84011ff-6ca7-4c66-9967-ecab54098873@group-9BCFE6B2AEA6-SegmentedRaftLogWorker for RaftStorageImpl:Storage Directory /home/runner/work/ozone/ozone/hadoop-ozone/integration-test/target/test-dir/MiniOzoneClusterImpl-6a096081-edc2-4b52-80a3-ccd1f0f4fae5/datanode-3/data/ratis/3b83fc82-9f06-445e-bd29-9bcfe6b2aea6
2022-08-03 01:53:09,736 [pool-142-thread-1] INFO  server.RaftServerConfigKeys (ConfUtils.java:logGet(46)) - raft.server.log.queue.byte-limit = 4294967296 (custom)
2022-08-03 01:53:09,736 [pool-142-thread-1] INFO  server.RaftServerConfigKeys (ConfUtils.java:logGet(46)) - raft.server.log.queue.element-limit = 1024 (custom)
2022-08-03 01:53:09,737 [pool-142-thread-1] INFO  server.RaftServerConfigKeys (ConfUtils.java:logGet(46)) - raft.server.log.segment.size.max = 1048576 (custom)
2022-08-03 01:53:09,737 [pool-142-thread-1] INFO  server.RaftServerConfigKeys (ConfUtils.java:logGet(46)) - raft.server.log.preallocated.size = 16384 (custom)
2022-08-03 01:53:09,737 [pool-142-thread-1] INFO  server.RaftServerConfigKeys (ConfUtils.java:logGet(46)) - raft.server.log.force.sync.num = 128 (default)
2022-08-03 01:53:09,738 [pool-142-thread-1] INFO  server.RaftServerConfigKeys (ConfUtils.java:logGet(46)) - raft.server.log.statemachine.data.sync = true (default)
2022-08-03 01:53:09,738 [pool-142-thread-1] INFO  server.RaftServerConfigKeys (ConfUtils.java:logGet(46)) - raft.server.log.statemachine.data.sync.timeout = 10s (default)
2022-08-03 01:53:09,738 [pool-142-thread-1] INFO  server.RaftServerConfigKeys (ConfUtils.java:logGet(46)) - raft.server.log.statemachine.data.sync.timeout.retry = -1 (default)
2022-08-03 01:53:09,738 [EventQueue-PipelineReportForPipelineReportHandler] INFO  pipeline.PipelineManagerImpl (PipelineManagerImpl.java:openPipeline(367)) - Pipeline Pipeline[ Id: 3b83fc82-9f06-445e-bd29-9bcfe6b2aea6, Nodes: e84011ff-6ca7-4c66-9967-ecab54098873{ip: 10.1.0.23, host: fv-az199-929.piossgaoozdutex3tpy4bgd4ka.dx.internal.cloudapp.net, ports: [REPLICATION=37241, RATIS=32799, RATIS_ADMIN=32799, RATIS_SERVER=32799, STANDALONE=42439], networkLocation: /default-rack, certSerialId: null, persistedOpState: IN_SERVICE, persistedOpStateExpiryEpochSec: 0}, ReplicationConfig: RATIS/ONE, State:ALLOCATED, leaderId:e84011ff-6ca7-4c66-9967-ecab54098873, CreationTimestamp2022-08-03T01:53:06.716Z[Etc/UTC]] moved to OPEN state
2022-08-03 01:53:09,738 [EventQueue-OpenPipelineForHealthyPipelineSafeModeRule] INFO  safemode.SCMSafeModeManager (HealthyPipelineSafeModeRule.java:process(137)) - SCM in safe mode. Healthy pipelines reported count is 0, required healthy pipeline reported count is 1
2022-08-03 01:53:09,742 [pool-142-thread-1] INFO  server.RaftServerConfigKeys (ConfUtils.java:logGet(46)) - raft.server.log.write.buffer.size = 1048576 (custom)
2022-08-03 01:53:09,743 [pool-142-thread-1] INFO  server.RaftServerConfigKeys (ConfUtils.java:logGet(46)) - raft.server.log.unsafe-flush.enabled = false (default)
2022-08-03 01:53:09,743 [pool-142-thread-1] INFO  server.RaftServerConfigKeys (ConfUtils.java:logGet(46)) - raft.server.log.statemachine.data.caching.enabled = true (custom)
2022-08-03 01:53:09,743 [pool-142-thread-1] INFO  segmented.SegmentedRaftLogWorker (SegmentedRaftLogWorker.java:lambda$new$0(135)) - e84011ff-6ca7-4c66-9967-ecab54098873@group-9BCFE6B2AEA6-SegmentedRaftLogWorker: flushIndex: setUnconditionally 0 -> -1
2022-08-03 01:53:09,743 [pool-142-thread-1] INFO  segmented.SegmentedRaftLogWorker (SegmentedRaftLogWorker.java:lambda$new$0(135)) - e84011ff-6ca7-4c66-9967-ecab54098873@group-9BCFE6B2AEA6-SegmentedRaftLogWorker: safeCacheEvictIndex: setUnconditionally 0 -> -1
2022-08-03 01:53:09,744 [pool-142-thread-1] INFO  server.RaftServerConfigKeys (ConfUtils.java:logGet(46)) - raft.server.snapshot.auto.trigger.enabled = true (custom)
2022-08-03 01:53:09,744 [pool-142-thread-1] INFO  server.RaftServerConfigKeys (ConfUtils.java:logGet(46)) - raft.server.snapshot.auto.trigger.threshold = 10000 (custom)
2022-08-03 01:53:09,744 [pool-142-thread-1] INFO  server.RaftServerConfigKeys (ConfUtils.java:logGet(46)) - raft.server.snapshot.retention.file.num = 5 (custom)
2022-08-03 01:53:09,744 [pool-142-thread-1] INFO  server.RaftServerConfigKeys (ConfUtils.java:logGet(46)) - raft.server.log.purge.upto.snapshot.index = false (default)
2022-08-03 01:53:09,744 [pool-142-thread-1] INFO  server.RaftServerConfigKeys (ConfUtils.java:logGet(46)) - raft.server.retrycache.expirytime = 600000ms (custom)
2022-08-03 01:53:09,744 [pool-142-thread-1] INFO  server.RaftServerConfigKeys (ConfUtils.java:logGet(46)) - raft.server.retrycache.statistics.expirytime = 100μs (default)
2022-08-03 01:53:09,745 [pool-142-thread-1] INFO  server.RaftServerConfigKeys (ConfUtils.java:logGet(46)) - raft.server.log.appender.install.snapshot.enabled = false (custom)
2022-08-03 01:53:09,745 [pool-142-thread-1] INFO  server.RaftServerConfigKeys (ConfUtils.java:logGet(46)) - raft.server.threadpool.server.cached = true (default)
2022-08-03 01:53:09,745 [pool-142-thread-1] INFO  server.RaftServerConfigKeys (ConfUtils.java:logGet(46)) - raft.server.threadpool.server.size = 0 (default)
2022-08-03 01:53:09,746 [pool-142-thread-1] INFO  server.RaftServerConfigKeys (ConfUtils.java:logGet(46)) - raft.server.threadpool.client.cached = true (default)
2022-08-03 01:53:09,746 [pool-142-thread-1] INFO  server.RaftServerConfigKeys (ConfUtils.java:logGet(46)) - raft.server.threadpool.client.size = 0 (default)
2022-08-03 01:53:09,746 [pool-142-thread-1] INFO  server.RaftServer$Division (RaftServerImpl.java:start(310)) - e84011ff-6ca7-4c66-9967-ecab54098873@group-9BCFE6B2AEA6: start as a follower, conf=-1: [e84011ff-6ca7-4c66-9967-ecab54098873|rpc:10.1.0.23:32799|priority:1], old=null
2022-08-03 01:53:09,746 [pool-142-thread-1] INFO  server.RaftServer$Division (RaftServerImpl.java:setRole(299)) - e84011ff-6ca7-4c66-9967-ecab54098873@group-9BCFE6B2AEA6: changes role from      null to FOLLOWER at term 0 for startAsFollower
2022-08-03 01:53:09,746 [pool-142-thread-1] INFO  impl.RoleInfo (RoleInfo.java:updateAndGet(139)) - e84011ff-6ca7-4c66-9967-ecab54098873: start e84011ff-6ca7-4c66-9967-ecab54098873@group-9BCFE6B2AEA6-FollowerState
2022-08-03 01:53:09,746 [pool-142-thread-1] INFO  util.JmxRegister (JmxRegister.java:tryRegister(44)) - Successfully registered JMX Bean with object name Ratis:service=RaftServer,group=group-9BCFE6B2AEA6,id=e84011ff-6ca7-4c66-9967-ecab54098873
2022-08-03 01:53:09,753 [Command processor thread] INFO  ratis.XceiverServerRatis (XceiverServerRatis.java:addGroup(765)) - Created group PipelineID=3b83fc82-9f06-445e-bd29-9bcfe6b2aea6
2022-08-03 01:53:09,753 [Command processor thread] INFO  commandhandler.CreatePipelineCommandHandler (CreatePipelineCommandHandler.java:handle(113)) - Created Pipeline RATIS ONE PipelineID=3b83fc82-9f06-445e-bd29-9bcfe6b2aea6.
2022-08-03 01:53:10,050 [Command processor thread] INFO  server.RaftServer (RaftServerProxy.java:addNew(96)) - 3af0815a-b562-4e3c-89c3-e6a4aa9e64d7: addNew group-3C12C85C2B14:[3af0815a-b562-4e3c-89c3-e6a4aa9e64d7|rpc:10.1.0.23:38451|priority:1] returns group-3C12C85C2B14:java.util.concurrent.CompletableFuture@34a4c036[Not completed]
2022-08-03 01:53:10,054 [Listener at 127.0.0.1/35175] INFO  ozone.MiniOzoneClusterImpl (MiniOzoneClusterImpl.java:lambda$waitForClusterToBeReady$0(216)) - Nodes are ready. Got 5 of 5 DN Heartbeats.
2022-08-03 01:53:10,054 [Listener at 127.0.0.1/35175] INFO  ozone.MiniOzoneClusterImpl (MiniOzoneClusterImpl.java:lambda$waitForClusterToBeReady$0(219)) - Waiting for cluster to exit safe mode
2022-08-03 01:53:10,054 [Listener at 127.0.0.1/35175] INFO  ozone.MiniOzoneClusterImpl (MiniOzoneClusterImpl.java:lambda$waitForClusterToBeReady$0(221)) - SCM became leader
2022-08-03 01:53:10,054 [pool-165-thread-1] INFO  server.RaftServer$Division (RaftServerImpl.java:<init>(190)) - 3af0815a-b562-4e3c-89c3-e6a4aa9e64d7: new RaftServerImpl for group-3C12C85C2B14:[3af0815a-b562-4e3c-89c3-e6a4aa9e64d7|rpc:10.1.0.23:38451|priority:1] with ContainerStateMachine:uninitialized
2022-08-03 01:53:10,054 [pool-165-thread-1] INFO  server.RaftServerConfigKeys (ConfUtils.java:logGet(46)) - raft.server.rpc.timeout.min = 5s (custom)
2022-08-03 01:53:10,054 [pool-165-thread-1] INFO  server.RaftServerConfigKeys (ConfUtils.java:logGet(46)) - raft.server.rpc.timeout.max = 5200ms (custom)
2022-08-03 01:53:10,054 [pool-165-thread-1] INFO  server.RaftServerConfigKeys (ConfUtils.java:logGet(46)) - raft.server.rpc.sleep.time = 25ms (default)
2022-08-03 01:53:10,055 [pool-165-thread-1] INFO  server.RaftServerConfigKeys (ConfUtils.java:logGet(46)) - raft.server.rpc.slowness.timeout = 300s (custom)
2022-08-03 01:53:10,055 [pool-165-thread-1] INFO  server.RaftServerConfigKeys (ConfUtils.java:logGet(46)) - raft.server.leaderelection.leader.step-down.wait-time = 10s (default)
2022-08-03 01:53:10,055 [pool-165-thread-1] INFO  server.RaftServerConfigKeys (ConfUtils.java:logGet(46)) - raft.server.sleep.deviation.threshold = 300ms (default)
2022-08-03 01:53:10,055 [pool-165-thread-1] INFO  server.RaftServer$Division (ServerState.java:<init>(107)) - 3af0815a-b562-4e3c-89c3-e6a4aa9e64d7@group-3C12C85C2B14: ConfigurationManager, init=-1: [3af0815a-b562-4e3c-89c3-e6a4aa9e64d7|rpc:10.1.0.23:38451|priority:1], old=null, confs=<EMPTY_MAP>
2022-08-03 01:53:10,055 [pool-165-thread-1] INFO  server.RaftServerConfigKeys (ConfUtils.java:logGet(46)) - raft.server.storage.dir = [/home/runner/work/ozone/ozone/hadoop-ozone/integration-test/target/test-dir/MiniOzoneClusterImpl-6a096081-edc2-4b52-80a3-ccd1f0f4fae5/datanode-4/data/ratis] (custom)
2022-08-03 01:53:10,055 [pool-165-thread-1] INFO  server.RaftServerConfigKeys (ConfUtils.java:logGet(46)) - raft.server.log.corruption.policy = EXCEPTION (default)
2022-08-03 01:53:10,055 [pool-165-thread-1] INFO  server.RaftServerConfigKeys (ConfUtils.java:logGet(46)) - raft.server.storage.free-space.min = 0MB (=0) (default)
2022-08-03 01:53:10,055 [pool-165-thread-1] INFO  storage.RaftStorageDirectory (RaftStorageDirectoryImpl.java:analyzeStorage(135)) - The storage directory /home/runner/work/ozone/ozone/hadoop-ozone/integration-test/target/test-dir/MiniOzoneClusterImpl-6a096081-edc2-4b52-80a3-ccd1f0f4fae5/datanode-4/data/ratis/b31f1b66-7f3f-45fd-90eb-3c12c85c2b14 does not exist. Creating ...
2022-08-03 01:53:10,059 [pool-165-thread-1] INFO  storage.RaftStorageDirectory (RaftStorageDirectoryImpl.java:tryLock(230)) - Lock on /home/runner/work/ozone/ozone/hadoop-ozone/integration-test/target/test-dir/MiniOzoneClusterImpl-6a096081-edc2-4b52-80a3-ccd1f0f4fae5/datanode-4/data/ratis/b31f1b66-7f3f-45fd-90eb-3c12c85c2b14/in_use.lock acquired by nodename 17687@fv-az199-929
2022-08-03 01:53:10,060 [pool-165-thread-1] INFO  storage.RaftStorage (RaftStorageImpl.java:format(89)) - Storage directory /home/runner/work/ozone/ozone/hadoop-ozone/integration-test/target/test-dir/MiniOzoneClusterImpl-6a096081-edc2-4b52-80a3-ccd1f0f4fae5/datanode-4/data/ratis/b31f1b66-7f3f-45fd-90eb-3c12c85c2b14 has been successfully formatted.
2022-08-03 01:53:10,061 [pool-165-thread-1] INFO  ratis.ContainerStateMachine (ContainerStateMachine.java:loadSnapshot(236)) - group-3C12C85C2B14: The snapshot info is null. Setting the last applied indexto:(t:0, i:~)
2022-08-03 01:53:10,062 [pool-165-thread-1] INFO  server.RaftServerConfigKeys (ConfUtils.java:logGet(46)) - raft.server.notification.no-leader.timeout = 300s (custom)
2022-08-03 01:53:10,062 [pool-165-thread-1] INFO  server.RaftServerConfigKeys (ConfUtils.java:logGet(46)) - raft.server.log.use.memory = false (default)
2022-08-03 01:53:10,062 [pool-165-thread-1] INFO  server.RaftServerConfigKeys (ConfUtils.java:logGet(46)) - raft.server.log.purge.gap = 1000000 (custom)
2022-08-03 01:53:10,062 [pool-165-thread-1] INFO  server.RaftServerConfigKeys (ConfUtils.java:logGet(46)) - raft.server.log.appender.buffer.byte-limit = 33554432 (custom)
2022-08-03 01:53:10,062 [pool-165-thread-1] INFO  server.RaftServerConfigKeys (ConfUtils.java:logGet(46)) - raft.server.log.statemachine.data.read.timeout = 1000ms (default)
2022-08-03 01:53:10,064 [EventQueue-PipelineReportForPipelineReportHandler] INFO  pipeline.PipelineManagerImpl (PipelineManagerImpl.java:openPipeline(367)) - Pipeline Pipeline[ Id: b31f1b66-7f3f-45fd-90eb-3c12c85c2b14, Nodes: 3af0815a-b562-4e3c-89c3-e6a4aa9e64d7{ip: 10.1.0.23, host: fv-az199-929.piossgaoozdutex3tpy4bgd4ka.dx.internal.cloudapp.net, ports: [REPLICATION=38453, RATIS=38451, RATIS_ADMIN=38451, RATIS_SERVER=38451, STANDALONE=42629], networkLocation: /default-rack, certSerialId: null, persistedOpState: IN_SERVICE, persistedOpStateExpiryEpochSec: 0}, ReplicationConfig: RATIS/ONE, State:ALLOCATED, leaderId:3af0815a-b562-4e3c-89c3-e6a4aa9e64d7, CreationTimestamp2022-08-03T01:53:07.052Z[Etc/UTC]] moved to OPEN state
2022-08-03 01:53:10,064 [EventQueue-OpenPipelineForHealthyPipelineSafeModeRule] INFO  safemode.SCMSafeModeManager (HealthyPipelineSafeModeRule.java:process(137)) - SCM in safe mode. Healthy pipelines reported count is 0, required healthy pipeline reported count is 1
2022-08-03 01:53:10,072 [pool-165-thread-1] INFO  server.RaftServerConfigKeys (ConfUtils.java:logGet(46)) - raft.server.log.segment.size.max = 1048576 (custom)
2022-08-03 01:53:10,073 [pool-165-thread-1] INFO  server.RaftServerConfigKeys (ConfUtils.java:logGet(46)) - raft.server.log.segment.cache.num.max = 2 (custom)
2022-08-03 01:53:10,073 [pool-165-thread-1] INFO  server.RaftServerConfigKeys (ConfUtils.java:logGet(46)) - raft.server.log.segment.cache.size.max = 200MB (=209715200) (default)
2022-08-03 01:53:10,073 [pool-165-thread-1] INFO  segmented.SegmentedRaftLogWorker (SegmentedRaftLogWorker.java:<init>(187)) - new 3af0815a-b562-4e3c-89c3-e6a4aa9e64d7@group-3C12C85C2B14-SegmentedRaftLogWorker for RaftStorageImpl:Storage Directory /home/runner/work/ozone/ozone/hadoop-ozone/integration-test/target/test-dir/MiniOzoneClusterImpl-6a096081-edc2-4b52-80a3-ccd1f0f4fae5/datanode-4/data/ratis/b31f1b66-7f3f-45fd-90eb-3c12c85c2b14
2022-08-03 01:53:10,073 [pool-165-thread-1] INFO  server.RaftServerConfigKeys (ConfUtils.java:logGet(46)) - raft.server.log.queue.byte-limit = 4294967296 (custom)
2022-08-03 01:53:10,074 [pool-165-thread-1] INFO  server.RaftServerConfigKeys (ConfUtils.java:logGet(46)) - raft.server.log.queue.element-limit = 1024 (custom)
2022-08-03 01:53:10,074 [pool-165-thread-1] INFO  server.RaftServerConfigKeys (ConfUtils.java:logGet(46)) - raft.server.log.segment.size.max = 1048576 (custom)
2022-08-03 01:53:10,074 [pool-165-thread-1] INFO  server.RaftServerConfigKeys (ConfUtils.java:logGet(46)) - raft.server.log.preallocated.size = 16384 (custom)
2022-08-03 01:53:10,074 [pool-165-thread-1] INFO  server.RaftServerConfigKeys (ConfUtils.java:logGet(46)) - raft.server.log.force.sync.num = 128 (default)
2022-08-03 01:53:10,074 [pool-165-thread-1] INFO  server.RaftServerConfigKeys (ConfUtils.java:logGet(46)) - raft.server.log.statemachine.data.sync = true (default)
2022-08-03 01:53:10,074 [pool-165-thread-1] INFO  server.RaftServerConfigKeys (ConfUtils.java:logGet(46)) - raft.server.log.statemachine.data.sync.timeout = 10s (default)
2022-08-03 01:53:10,074 [pool-165-thread-1] INFO  server.RaftServerConfigKeys (ConfUtils.java:logGet(46)) - raft.server.log.statemachine.data.sync.timeout.retry = -1 (default)
2022-08-03 01:53:10,075 [pool-165-thread-1] INFO  server.RaftServerConfigKeys (ConfUtils.java:logGet(46)) - raft.server.log.write.buffer.size = 1048576 (custom)
2022-08-03 01:53:10,076 [pool-165-thread-1] INFO  server.RaftServerConfigKeys (ConfUtils.java:logGet(46)) - raft.server.log.unsafe-flush.enabled = false (default)
2022-08-03 01:53:10,076 [pool-165-thread-1] INFO  server.RaftServerConfigKeys (ConfUtils.java:logGet(46)) - raft.server.log.statemachine.data.caching.enabled = true (custom)
2022-08-03 01:53:10,076 [pool-165-thread-1] INFO  segmented.SegmentedRaftLogWorker (SegmentedRaftLogWorker.java:lambda$new$0(135)) - 3af0815a-b562-4e3c-89c3-e6a4aa9e64d7@group-3C12C85C2B14-SegmentedRaftLogWorker: flushIndex: setUnconditionally 0 -> -1
2022-08-03 01:53:10,076 [pool-165-thread-1] INFO  segmented.SegmentedRaftLogWorker (SegmentedRaftLogWorker.java:lambda$new$0(135)) - 3af0815a-b562-4e3c-89c3-e6a4aa9e64d7@group-3C12C85C2B14-SegmentedRaftLogWorker: safeCacheEvictIndex: setUnconditionally 0 -> -1
2022-08-03 01:53:10,080 [pool-165-thread-1] INFO  server.RaftServerConfigKeys (ConfUtils.java:logGet(46)) - raft.server.snapshot.auto.trigger.enabled = true (custom)
2022-08-03 01:53:10,081 [pool-165-thread-1] INFO  server.RaftServerConfigKeys (ConfUtils.java:logGet(46)) - raft.server.snapshot.auto.trigger.threshold = 10000 (custom)
2022-08-03 01:53:10,081 [pool-165-thread-1] INFO  server.RaftServerConfigKeys (ConfUtils.java:logGet(46)) - raft.server.snapshot.retention.file.num = 5 (custom)
2022-08-03 01:53:10,081 [pool-165-thread-1] INFO  server.RaftServerConfigKeys (ConfUtils.java:logGet(46)) - raft.server.log.purge.upto.snapshot.index = false (default)
2022-08-03 01:53:10,081 [pool-165-thread-1] INFO  server.RaftServerConfigKeys (ConfUtils.java:logGet(46)) - raft.server.retrycache.expirytime = 600000ms (custom)
2022-08-03 01:53:10,081 [pool-165-thread-1] INFO  server.RaftServerConfigKeys (ConfUtils.java:logGet(46)) - raft.server.retrycache.statistics.expirytime = 100μs (default)
2022-08-03 01:53:10,082 [pool-165-thread-1] INFO  server.RaftServerConfigKeys (ConfUtils.java:logGet(46)) - raft.server.log.appender.install.snapshot.enabled = false (custom)
2022-08-03 01:53:10,082 [pool-165-thread-1] INFO  server.RaftServerConfigKeys (ConfUtils.java:logGet(46)) - raft.server.threadpool.server.cached = true (default)
2022-08-03 01:53:10,082 [pool-165-thread-1] INFO  server.RaftServerConfigKeys (ConfUtils.java:logGet(46)) - raft.server.threadpool.server.size = 0 (default)
2022-08-03 01:53:10,082 [pool-165-thread-1] INFO  server.RaftServerConfigKeys (ConfUtils.java:logGet(46)) - raft.server.threadpool.client.cached = true (default)
2022-08-03 01:53:10,082 [pool-165-thread-1] INFO  server.RaftServerConfigKeys (ConfUtils.java:logGet(46)) - raft.server.threadpool.client.size = 0 (default)
2022-08-03 01:53:10,082 [pool-165-thread-1] INFO  server.RaftServer$Division (RaftServerImpl.java:start(310)) - 3af0815a-b562-4e3c-89c3-e6a4aa9e64d7@group-3C12C85C2B14: start as a follower, conf=-1: [3af0815a-b562-4e3c-89c3-e6a4aa9e64d7|rpc:10.1.0.23:38451|priority:1], old=null
2022-08-03 01:53:10,083 [pool-165-thread-1] INFO  server.RaftServer$Division (RaftServerImpl.java:setRole(299)) - 3af0815a-b562-4e3c-89c3-e6a4aa9e64d7@group-3C12C85C2B14: changes role from      null to FOLLOWER at term 0 for startAsFollower
2022-08-03 01:53:10,083 [pool-165-thread-1] INFO  impl.RoleInfo (RoleInfo.java:updateAndGet(139)) - 3af0815a-b562-4e3c-89c3-e6a4aa9e64d7: start 3af0815a-b562-4e3c-89c3-e6a4aa9e64d7@group-3C12C85C2B14-FollowerState
2022-08-03 01:53:10,083 [pool-165-thread-1] INFO  util.JmxRegister (JmxRegister.java:tryRegister(44)) - Successfully registered JMX Bean with object name Ratis:service=RaftServer,group=group-3C12C85C2B14,id=3af0815a-b562-4e3c-89c3-e6a4aa9e64d7
2022-08-03 01:53:10,089 [Command processor thread] INFO  ratis.XceiverServerRatis (XceiverServerRatis.java:addGroup(765)) - Created group PipelineID=b31f1b66-7f3f-45fd-90eb-3c12c85c2b14
2022-08-03 01:53:10,089 [Command processor thread] INFO  commandhandler.CreatePipelineCommandHandler (CreatePipelineCommandHandler.java:handle(113)) - Created Pipeline RATIS ONE PipelineID=b31f1b66-7f3f-45fd-90eb-3c12c85c2b14.
2022-08-03 01:53:11,054 [Listener at 127.0.0.1/35175] INFO  ozone.MiniOzoneClusterImpl (MiniOzoneClusterImpl.java:lambda$waitForClusterToBeReady$0(216)) - Nodes are ready. Got 5 of 5 DN Heartbeats.
2022-08-03 01:53:11,055 [Listener at 127.0.0.1/35175] INFO  ozone.MiniOzoneClusterImpl (MiniOzoneClusterImpl.java:lambda$waitForClusterToBeReady$0(219)) - Waiting for cluster to exit safe mode
2022-08-03 01:53:11,055 [Listener at 127.0.0.1/35175] INFO  ozone.MiniOzoneClusterImpl (MiniOzoneClusterImpl.java:lambda$waitForClusterToBeReady$0(221)) - SCM became leader
2022-08-03 01:53:12,055 [Listener at 127.0.0.1/35175] INFO  ozone.MiniOzoneClusterImpl (MiniOzoneClusterImpl.java:lambda$waitForClusterToBeReady$0(216)) - Nodes are ready. Got 5 of 5 DN Heartbeats.
2022-08-03 01:53:12,055 [Listener at 127.0.0.1/35175] INFO  ozone.MiniOzoneClusterImpl (MiniOzoneClusterImpl.java:lambda$waitForClusterToBeReady$0(219)) - Waiting for cluster to exit safe mode
2022-08-03 01:53:12,055 [Listener at 127.0.0.1/35175] INFO  ozone.MiniOzoneClusterImpl (MiniOzoneClusterImpl.java:lambda$waitForClusterToBeReady$0(221)) - SCM became leader
2022-08-03 01:53:13,056 [Listener at 127.0.0.1/35175] INFO  ozone.MiniOzoneClusterImpl (MiniOzoneClusterImpl.java:lambda$waitForClusterToBeReady$0(216)) - Nodes are ready. Got 5 of 5 DN Heartbeats.
2022-08-03 01:53:13,056 [Listener at 127.0.0.1/35175] INFO  ozone.MiniOzoneClusterImpl (MiniOzoneClusterImpl.java:lambda$waitForClusterToBeReady$0(219)) - Waiting for cluster to exit safe mode
2022-08-03 01:53:13,056 [Listener at 127.0.0.1/35175] INFO  ozone.MiniOzoneClusterImpl (MiniOzoneClusterImpl.java:lambda$waitForClusterToBeReady$0(221)) - SCM became leader
2022-08-03 01:53:13,468 [d2433786-0171-4e17-9e3a-b12e44f36186@group-82E7BC7988F3-FollowerState] INFO  impl.FollowerState (FollowerState.java:run(143)) - d2433786-0171-4e17-9e3a-b12e44f36186@group-82E7BC7988F3-FollowerState: change to CANDIDATE, lastRpcElapsedTime:5059210096ns, electionTimeout:5051ms
2022-08-03 01:53:13,469 [d2433786-0171-4e17-9e3a-b12e44f36186@group-82E7BC7988F3-FollowerState] INFO  impl.RoleInfo (RoleInfo.java:shutdownFollowerState(110)) - d2433786-0171-4e17-9e3a-b12e44f36186: shutdown d2433786-0171-4e17-9e3a-b12e44f36186@group-82E7BC7988F3-FollowerState
2022-08-03 01:53:13,469 [d2433786-0171-4e17-9e3a-b12e44f36186@group-82E7BC7988F3-FollowerState] INFO  server.RaftServer$Division (RaftServerImpl.java:setRole(299)) - d2433786-0171-4e17-9e3a-b12e44f36186@group-82E7BC7988F3: changes role from  FOLLOWER to CANDIDATE at term 0 for changeToCandidate
2022-08-03 01:53:13,469 [d2433786-0171-4e17-9e3a-b12e44f36186@group-82E7BC7988F3-FollowerState] INFO  server.RaftServerConfigKeys (ConfUtils.java:logGet(46)) - raft.server.leaderelection.pre-vote = false (custom)
2022-08-03 01:53:13,469 [d2433786-0171-4e17-9e3a-b12e44f36186@group-82E7BC7988F3-FollowerState] INFO  impl.RoleInfo (RoleInfo.java:updateAndGet(139)) - d2433786-0171-4e17-9e3a-b12e44f36186: start d2433786-0171-4e17-9e3a-b12e44f36186@group-82E7BC7988F3-LeaderElection2
2022-08-03 01:53:13,472 [d2433786-0171-4e17-9e3a-b12e44f36186@group-82E7BC7988F3-LeaderElection2] INFO  impl.LeaderElection (LeaderElection.java:askForVotes(310)) - d2433786-0171-4e17-9e3a-b12e44f36186@group-82E7BC7988F3-LeaderElection2 ELECTION round 0: submit vote requests at term 1 for -1: [d2433786-0171-4e17-9e3a-b12e44f36186|rpc:10.1.0.23:41907|priority:1], old=null
2022-08-03 01:53:13,472 [d2433786-0171-4e17-9e3a-b12e44f36186@group-82E7BC7988F3-LeaderElection2] INFO  impl.LeaderElection (LeaderElection.java:askForVotes(312)) - d2433786-0171-4e17-9e3a-b12e44f36186@group-82E7BC7988F3-LeaderElection2 ELECTION round 0: result PASSED (term=1)
2022-08-03 01:53:13,473 [d2433786-0171-4e17-9e3a-b12e44f36186@group-82E7BC7988F3-LeaderElection2] INFO  impl.RoleInfo (RoleInfo.java:shutdownLeaderElection(130)) - d2433786-0171-4e17-9e3a-b12e44f36186: shutdown d2433786-0171-4e17-9e3a-b12e44f36186@group-82E7BC7988F3-LeaderElection2
2022-08-03 01:53:13,473 [d2433786-0171-4e17-9e3a-b12e44f36186@group-82E7BC7988F3-LeaderElection2] INFO  server.RaftServer$Division (RaftServerImpl.java:setRole(299)) - d2433786-0171-4e17-9e3a-b12e44f36186@group-82E7BC7988F3: changes role from CANDIDATE to LEADER at term 1 for changeToLeader
2022-08-03 01:53:13,473 [d2433786-0171-4e17-9e3a-b12e44f36186@group-82E7BC7988F3-LeaderElection2] INFO  ratis.XceiverServerRatis (XceiverServerRatis.java:handleLeaderChangedNotification(863)) - Leader change notification received for group: group-82E7BC7988F3 with new leaderId: d2433786-0171-4e17-9e3a-b12e44f36186
2022-08-03 01:53:13,473 [d2433786-0171-4e17-9e3a-b12e44f36186@group-82E7BC7988F3-LeaderElection2] INFO  server.RaftServer$Division (ServerState.java:setLeader(287)) - d2433786-0171-4e17-9e3a-b12e44f36186@group-82E7BC7988F3: change Leader from null to d2433786-0171-4e17-9e3a-b12e44f36186 at term 1 for becomeLeader, leader elected after 5100ms
2022-08-03 01:53:13,475 [EventQueue-OpenPipelineForHealthyPipelineSafeModeRule] INFO  safemode.SCMSafeModeManager (HealthyPipelineSafeModeRule.java:process(137)) - SCM in safe mode. Healthy pipelines reported count is 0, required healthy pipeline reported count is 1
2022-08-03 01:53:13,476 [d2433786-0171-4e17-9e3a-b12e44f36186@group-82E7BC7988F3-LeaderElection2] INFO  server.RaftServerConfigKeys (ConfUtils.java:logGet(46)) - raft.server.staging.catchup.gap = 1000 (default)
2022-08-03 01:53:13,476 [d2433786-0171-4e17-9e3a-b12e44f36186@group-82E7BC7988F3-LeaderElection2] INFO  server.RaftServerConfigKeys (ConfUtils.java:logGet(46)) - raft.server.write.element-limit = 1024 (custom)
2022-08-03 01:53:13,476 [d2433786-0171-4e17-9e3a-b12e44f36186@group-82E7BC7988F3-LeaderElection2] INFO  server.RaftServerConfigKeys (ConfUtils.java:logGet(46)) - raft.server.write.byte-limit = 1024 M (=1073741824) (custom)
2022-08-03 01:53:13,476 [d2433786-0171-4e17-9e3a-b12e44f36186@group-82E7BC7988F3-LeaderElection2] INFO  server.RaftServerConfigKeys (ConfUtils.java:logGet(46)) - raft.server.watch.timeout = 180s (custom)
2022-08-03 01:53:13,476 [d2433786-0171-4e17-9e3a-b12e44f36186@group-82E7BC7988F3-LeaderElection2] INFO  server.RaftServerConfigKeys (ConfUtils.java:logGet(46)) - raft.server.watch.timeout.denomination = 1s (default)
2022-08-03 01:53:13,477 [d2433786-0171-4e17-9e3a-b12e44f36186@group-82E7BC7988F3-LeaderElection2] INFO  server.RaftServerConfigKeys (ConfUtils.java:logGet(46)) - raft.server.watch.element-limit = 65536 (default)
2022-08-03 01:53:13,477 [d2433786-0171-4e17-9e3a-b12e44f36186@group-82E7BC7988F3-LeaderElection2] INFO  server.RaftServerConfigKeys (ConfUtils.java:logGet(46)) - raft.server.write.element-limit = 1024 (custom)
2022-08-03 01:53:13,477 [d2433786-0171-4e17-9e3a-b12e44f36186@group-82E7BC7988F3-LeaderElection2] INFO  server.RaftServerConfigKeys (ConfUtils.java:logGet(46)) - raft.server.write.follower.gap.ratio.max = -1.0 (default)
2022-08-03 01:53:13,477 [d2433786-0171-4e17-9e3a-b12e44f36186@group-82E7BC7988F3-LeaderElection2] INFO  impl.RoleInfo (RoleInfo.java:updateAndGet(139)) - d2433786-0171-4e17-9e3a-b12e44f36186: start d2433786-0171-4e17-9e3a-b12e44f36186@group-82E7BC7988F3-LeaderStateImpl
2022-08-03 01:53:13,477 [d2433786-0171-4e17-9e3a-b12e44f36186@group-82E7BC7988F3-LeaderElection2] INFO  segmented.SegmentedRaftLogWorker (SegmentedRaftLogWorker.java:startLogSegment(425)) - d2433786-0171-4e17-9e3a-b12e44f36186@group-82E7BC7988F3-SegmentedRaftLogWorker: Starting segment from index:0
2022-08-03 01:53:13,479 [d2433786-0171-4e17-9e3a-b12e44f36186@group-82E7BC7988F3-SegmentedRaftLogWorker] INFO  segmented.SegmentedRaftLogWorker (SegmentedRaftLogWorker.java:execute(629)) - d2433786-0171-4e17-9e3a-b12e44f36186@group-82E7BC7988F3-SegmentedRaftLogWorker: created new log segment /home/runner/work/ozone/ozone/hadoop-ozone/integration-test/target/test-dir/MiniOzoneClusterImpl-6a096081-edc2-4b52-80a3-ccd1f0f4fae5/datanode-0/data/ratis/88f9b23c-f19c-4ee8-a0ac-82e7bc7988f3/current/log_inprogress_0
2022-08-03 01:53:13,479 [d2433786-0171-4e17-9e3a-b12e44f36186@group-82E7BC7988F3-LeaderElection2] INFO  server.RaftServer$Division (ServerState.java:setRaftConf(393)) - d2433786-0171-4e17-9e3a-b12e44f36186@group-82E7BC7988F3: set configuration 0: [d2433786-0171-4e17-9e3a-b12e44f36186|rpc:10.1.0.23:41907|dataStream:|priority:1], old=null
2022-08-03 01:53:13,558 [d2433786-0171-4e17-9e3a-b12e44f36186@group-6A8FC32459EF-FollowerState] INFO  impl.FollowerState (FollowerState.java:run(143)) - d2433786-0171-4e17-9e3a-b12e44f36186@group-6A8FC32459EF-FollowerState: change to CANDIDATE, lastRpcElapsedTime:5109130776ns, electionTimeout:5107ms
2022-08-03 01:53:13,559 [d2433786-0171-4e17-9e3a-b12e44f36186@group-6A8FC32459EF-FollowerState] INFO  impl.RoleInfo (RoleInfo.java:shutdownFollowerState(110)) - d2433786-0171-4e17-9e3a-b12e44f36186: shutdown d2433786-0171-4e17-9e3a-b12e44f36186@group-6A8FC32459EF-FollowerState
2022-08-03 01:53:13,560 [d2433786-0171-4e17-9e3a-b12e44f36186@group-6A8FC32459EF-FollowerState] INFO  server.RaftServer$Division (RaftServerImpl.java:setRole(299)) - d2433786-0171-4e17-9e3a-b12e44f36186@group-6A8FC32459EF: changes role from  FOLLOWER to CANDIDATE at term 0 for changeToCandidate
2022-08-03 01:53:13,560 [d2433786-0171-4e17-9e3a-b12e44f36186@group-6A8FC32459EF-FollowerState] INFO  server.RaftServerConfigKeys (ConfUtils.java:logGet(46)) - raft.server.leaderelection.pre-vote = false (custom)
2022-08-03 01:53:13,560 [d2433786-0171-4e17-9e3a-b12e44f36186@group-6A8FC32459EF-FollowerState] INFO  impl.RoleInfo (RoleInfo.java:updateAndGet(139)) - d2433786-0171-4e17-9e3a-b12e44f36186: start d2433786-0171-4e17-9e3a-b12e44f36186@group-6A8FC32459EF-LeaderElection3
2022-08-03 01:53:13,563 [d2433786-0171-4e17-9e3a-b12e44f36186@group-6A8FC32459EF-LeaderElection3] INFO  impl.LeaderElection (LeaderElection.java:askForVotes(310)) - d2433786-0171-4e17-9e3a-b12e44f36186@group-6A8FC32459EF-LeaderElection3 ELECTION round 0: submit vote requests at term 1 for -1: [7cc4dae5-b8b1-4887-8b99-c7b379db6b59|rpc:10.1.0.23:38993|priority:0, d2433786-0171-4e17-9e3a-b12e44f36186|rpc:10.1.0.23:41907|priority:0, a32d3105-1fa5-4486-a401-c143653c6277|rpc:10.1.0.23:40593|priority:1], old=null
2022-08-03 01:53:13,604 [grpc-default-executor-0] INFO  server.RaftServer$Division (RaftServerImpl.java:requestVote(1152)) - 7cc4dae5-b8b1-4887-8b99-c7b379db6b59@group-6A8FC32459EF: receive requestVote(ELECTION, d2433786-0171-4e17-9e3a-b12e44f36186, group-6A8FC32459EF, 1, (t:0, i:0))
2022-08-03 01:53:13,605 [grpc-default-executor-1] INFO  server.RaftServer$Division (RaftServerImpl.java:requestVote(1152)) - a32d3105-1fa5-4486-a401-c143653c6277@group-6A8FC32459EF: receive requestVote(ELECTION, d2433786-0171-4e17-9e3a-b12e44f36186, group-6A8FC32459EF, 1, (t:0, i:0))
2022-08-03 01:53:13,606 [grpc-default-executor-1] INFO  impl.VoteContext (VoteContext.java:log(48)) - a32d3105-1fa5-4486-a401-c143653c6277@group-6A8FC32459EF-FOLLOWER: reject ELECTION from d2433786-0171-4e17-9e3a-b12e44f36186: our priority 1 > candidate's priority 0
2022-08-03 01:53:13,607 [grpc-default-executor-1] INFO  server.RaftServer$Division (RaftServerImpl.java:setRole(299)) - a32d3105-1fa5-4486-a401-c143653c6277@group-6A8FC32459EF: changes role from  FOLLOWER to FOLLOWER at term 1 for candidate:d2433786-0171-4e17-9e3a-b12e44f36186
2022-08-03 01:53:13,607 [grpc-default-executor-1] INFO  impl.RoleInfo (RoleInfo.java:shutdownFollowerState(110)) - a32d3105-1fa5-4486-a401-c143653c6277: shutdown a32d3105-1fa5-4486-a401-c143653c6277@group-6A8FC32459EF-FollowerState
2022-08-03 01:53:13,607 [grpc-default-executor-1] INFO  impl.RoleInfo (RoleInfo.java:updateAndGet(139)) - a32d3105-1fa5-4486-a401-c143653c6277: start a32d3105-1fa5-4486-a401-c143653c6277@group-6A8FC32459EF-FollowerState
2022-08-03 01:53:13,607 [a32d3105-1fa5-4486-a401-c143653c6277@group-6A8FC32459EF-FollowerState] INFO  impl.FollowerState (FollowerState.java:run(152)) - a32d3105-1fa5-4486-a401-c143653c6277@group-6A8FC32459EF-FollowerState was interrupted
2022-08-03 01:53:13,606 [grpc-default-executor-0] INFO  impl.VoteContext (VoteContext.java:log(48)) - 7cc4dae5-b8b1-4887-8b99-c7b379db6b59@group-6A8FC32459EF-FOLLOWER: accept ELECTION from d2433786-0171-4e17-9e3a-b12e44f36186: our priority 0 <= candidate's priority 0
2022-08-03 01:53:13,613 [grpc-default-executor-0] INFO  server.RaftServer$Division (RaftServerImpl.java:setRole(299)) - 7cc4dae5-b8b1-4887-8b99-c7b379db6b59@group-6A8FC32459EF: changes role from  FOLLOWER to FOLLOWER at term 1 for candidate:d2433786-0171-4e17-9e3a-b12e44f36186
2022-08-03 01:53:13,614 [grpc-default-executor-0] INFO  impl.RoleInfo (RoleInfo.java:shutdownFollowerState(110)) - 7cc4dae5-b8b1-4887-8b99-c7b379db6b59: shutdown 7cc4dae5-b8b1-4887-8b99-c7b379db6b59@group-6A8FC32459EF-FollowerState
2022-08-03 01:53:13,614 [grpc-default-executor-0] INFO  impl.RoleInfo (RoleInfo.java:updateAndGet(139)) - 7cc4dae5-b8b1-4887-8b99-c7b379db6b59: start 7cc4dae5-b8b1-4887-8b99-c7b379db6b59@group-6A8FC32459EF-FollowerState
2022-08-03 01:53:13,614 [7cc4dae5-b8b1-4887-8b99-c7b379db6b59@group-6A8FC32459EF-FollowerState] INFO  impl.FollowerState (FollowerState.java:run(152)) - 7cc4dae5-b8b1-4887-8b99-c7b379db6b59@group-6A8FC32459EF-FollowerState was interrupted
2022-08-03 01:53:13,617 [grpc-default-executor-1] INFO  server.RaftServer$Division (RaftServerImpl.java:requestVote(1184)) - a32d3105-1fa5-4486-a401-c143653c6277@group-6A8FC32459EF replies to ELECTION vote request: d2433786-0171-4e17-9e3a-b12e44f36186<-a32d3105-1fa5-4486-a401-c143653c6277#0:FAIL-t1. Peer's state: a32d3105-1fa5-4486-a401-c143653c6277@group-6A8FC32459EF:t1, leader=null, voted=null, raftlog=a32d3105-1fa5-4486-a401-c143653c6277@group-6A8FC32459EF-SegmentedRaftLog:OPENED:c-1, conf=-1: [7cc4dae5-b8b1-4887-8b99-c7b379db6b59|rpc:10.1.0.23:38993|dataStream:|priority:0, d2433786-0171-4e17-9e3a-b12e44f36186|rpc:10.1.0.23:41907|dataStream:|priority:0, a32d3105-1fa5-4486-a401-c143653c6277|rpc:10.1.0.23:40593|dataStream:|priority:1], old=null
2022-08-03 01:53:13,620 [grpc-default-executor-0] INFO  server.RaftServer$Division (RaftServerImpl.java:requestVote(1184)) - 7cc4dae5-b8b1-4887-8b99-c7b379db6b59@group-6A8FC32459EF replies to ELECTION vote request: d2433786-0171-4e17-9e3a-b12e44f36186<-7cc4dae5-b8b1-4887-8b99-c7b379db6b59#0:OK-t1. Peer's state: 7cc4dae5-b8b1-4887-8b99-c7b379db6b59@group-6A8FC32459EF:t1, leader=null, voted=d2433786-0171-4e17-9e3a-b12e44f36186, raftlog=7cc4dae5-b8b1-4887-8b99-c7b379db6b59@group-6A8FC32459EF-SegmentedRaftLog:OPENED:c-1, conf=-1: [7cc4dae5-b8b1-4887-8b99-c7b379db6b59|rpc:10.1.0.23:38993|priority:0, d2433786-0171-4e17-9e3a-b12e44f36186|rpc:10.1.0.23:41907|priority:0, a32d3105-1fa5-4486-a401-c143653c6277|rpc:10.1.0.23:40593|priority:1], old=null
2022-08-03 01:53:13,628 [d2433786-0171-4e17-9e3a-b12e44f36186@group-6A8FC32459EF-LeaderElection3] INFO  impl.LeaderElection (LeaderElection.java:logAndReturn(90)) - d2433786-0171-4e17-9e3a-b12e44f36186@group-6A8FC32459EF-LeaderElection3: ELECTION REJECTED received 2 response(s) and 0 exception(s):
2022-08-03 01:53:13,629 [d2433786-0171-4e17-9e3a-b12e44f36186@group-6A8FC32459EF-LeaderElection3] INFO  impl.LeaderElection (LeaderElection.java:logAndReturn(94)) -   Response 0: d2433786-0171-4e17-9e3a-b12e44f36186<-7cc4dae5-b8b1-4887-8b99-c7b379db6b59#0:OK-t1
2022-08-03 01:53:13,629 [d2433786-0171-4e17-9e3a-b12e44f36186@group-6A8FC32459EF-LeaderElection3] INFO  impl.LeaderElection (LeaderElection.java:logAndReturn(94)) -   Response 1: d2433786-0171-4e17-9e3a-b12e44f36186<-a32d3105-1fa5-4486-a401-c143653c6277#0:FAIL-t1
2022-08-03 01:53:13,630 [d2433786-0171-4e17-9e3a-b12e44f36186@group-6A8FC32459EF-LeaderElection3] INFO  impl.LeaderElection (LeaderElection.java:askForVotes(312)) - d2433786-0171-4e17-9e3a-b12e44f36186@group-6A8FC32459EF-LeaderElection3 ELECTION round 0: result REJECTED
2022-08-03 01:53:13,630 [d2433786-0171-4e17-9e3a-b12e44f36186@group-6A8FC32459EF-LeaderElection3] INFO  server.RaftServer$Division (RaftServerImpl.java:setRole(299)) - d2433786-0171-4e17-9e3a-b12e44f36186@group-6A8FC32459EF: changes role from CANDIDATE to FOLLOWER at term 1 for REJECTED
2022-08-03 01:53:13,630 [d2433786-0171-4e17-9e3a-b12e44f36186@group-6A8FC32459EF-LeaderElection3] INFO  impl.RoleInfo (RoleInfo.java:shutdownLeaderElection(130)) - d2433786-0171-4e17-9e3a-b12e44f36186: shutdown d2433786-0171-4e17-9e3a-b12e44f36186@group-6A8FC32459EF-LeaderElection3
2022-08-03 01:53:13,630 [d2433786-0171-4e17-9e3a-b12e44f36186@group-6A8FC32459EF-LeaderElection3] INFO  impl.RoleInfo (RoleInfo.java:updateAndGet(139)) - d2433786-0171-4e17-9e3a-b12e44f36186: start d2433786-0171-4e17-9e3a-b12e44f36186@group-6A8FC32459EF-FollowerState
2022-08-03 01:53:14,057 [Listener at 127.0.0.1/35175] INFO  ozone.MiniOzoneClusterImpl (MiniOzoneClusterImpl.java:lambda$waitForClusterToBeReady$0(216)) - Nodes are ready. Got 5 of 5 DN Heartbeats.
2022-08-03 01:53:14,058 [Listener at 127.0.0.1/35175] INFO  ozone.MiniOzoneClusterImpl (MiniOzoneClusterImpl.java:lambda$waitForClusterToBeReady$0(219)) - Waiting for cluster to exit safe mode
2022-08-03 01:53:14,058 [Listener at 127.0.0.1/35175] INFO  ozone.MiniOzoneClusterImpl (MiniOzoneClusterImpl.java:lambda$waitForClusterToBeReady$0(221)) - SCM became leader
2022-08-03 01:53:14,198 [7cc4dae5-b8b1-4887-8b99-c7b379db6b59@group-50F2D43333D0-FollowerState] INFO  impl.FollowerState (FollowerState.java:run(143)) - 7cc4dae5-b8b1-4887-8b99-c7b379db6b59@group-50F2D43333D0-FollowerState: change to CANDIDATE, lastRpcElapsedTime:5165415392ns, electionTimeout:5161ms
2022-08-03 01:53:14,198 [7cc4dae5-b8b1-4887-8b99-c7b379db6b59@group-50F2D43333D0-FollowerState] INFO  impl.RoleInfo (RoleInfo.java:shutdownFollowerState(110)) - 7cc4dae5-b8b1-4887-8b99-c7b379db6b59: shutdown 7cc4dae5-b8b1-4887-8b99-c7b379db6b59@group-50F2D43333D0-FollowerState
2022-08-03 01:53:14,198 [7cc4dae5-b8b1-4887-8b99-c7b379db6b59@group-50F2D43333D0-FollowerState] INFO  server.RaftServer$Division (RaftServerImpl.java:setRole(299)) - 7cc4dae5-b8b1-4887-8b99-c7b379db6b59@group-50F2D43333D0: changes role from  FOLLOWER to CANDIDATE at term 0 for changeToCandidate
2022-08-03 01:53:14,198 [7cc4dae5-b8b1-4887-8b99-c7b379db6b59@group-50F2D43333D0-FollowerState] INFO  server.RaftServerConfigKeys (ConfUtils.java:logGet(46)) - raft.server.leaderelection.pre-vote = false (custom)
2022-08-03 01:53:14,198 [7cc4dae5-b8b1-4887-8b99-c7b379db6b59@group-50F2D43333D0-FollowerState] INFO  impl.RoleInfo (RoleInfo.java:updateAndGet(139)) - 7cc4dae5-b8b1-4887-8b99-c7b379db6b59: start 7cc4dae5-b8b1-4887-8b99-c7b379db6b59@group-50F2D43333D0-LeaderElection4
2022-08-03 01:53:14,203 [7cc4dae5-b8b1-4887-8b99-c7b379db6b59@group-50F2D43333D0-LeaderElection4] INFO  impl.LeaderElection (LeaderElection.java:askForVotes(310)) - 7cc4dae5-b8b1-4887-8b99-c7b379db6b59@group-50F2D43333D0-LeaderElection4 ELECTION round 0: submit vote requests at term 1 for -1: [7cc4dae5-b8b1-4887-8b99-c7b379db6b59|rpc:10.1.0.23:38993|priority:1], old=null
2022-08-03 01:53:14,203 [7cc4dae5-b8b1-4887-8b99-c7b379db6b59@group-50F2D43333D0-LeaderElection4] INFO  impl.LeaderElection (LeaderElection.java:askForVotes(312)) - 7cc4dae5-b8b1-4887-8b99-c7b379db6b59@group-50F2D43333D0-LeaderElection4 ELECTION round 0: result PASSED (term=1)
2022-08-03 01:53:14,203 [7cc4dae5-b8b1-4887-8b99-c7b379db6b59@group-50F2D43333D0-LeaderElection4] INFO  impl.RoleInfo (RoleInfo.java:shutdownLeaderElection(130)) - 7cc4dae5-b8b1-4887-8b99-c7b379db6b59: shutdown 7cc4dae5-b8b1-4887-8b99-c7b379db6b59@group-50F2D43333D0-LeaderElection4
2022-08-03 01:53:14,203 [7cc4dae5-b8b1-4887-8b99-c7b379db6b59@group-50F2D43333D0-LeaderElection4] INFO  server.RaftServer$Division (RaftServerImpl.java:setRole(299)) - 7cc4dae5-b8b1-4887-8b99-c7b379db6b59@group-50F2D43333D0: changes role from CANDIDATE to LEADER at term 1 for changeToLeader
2022-08-03 01:53:14,203 [7cc4dae5-b8b1-4887-8b99-c7b379db6b59@group-50F2D43333D0-LeaderElection4] INFO  ratis.XceiverServerRatis (XceiverServerRatis.java:handleLeaderChangedNotification(863)) - Leader change notification received for group: group-50F2D43333D0 with new leaderId: 7cc4dae5-b8b1-4887-8b99-c7b379db6b59
2022-08-03 01:53:14,203 [7cc4dae5-b8b1-4887-8b99-c7b379db6b59@group-50F2D43333D0-LeaderElection4] INFO  server.RaftServer$Division (ServerState.java:setLeader(287)) - 7cc4dae5-b8b1-4887-8b99-c7b379db6b59@group-50F2D43333D0: change Leader from null to 7cc4dae5-b8b1-4887-8b99-c7b379db6b59 at term 1 for becomeLeader, leader elected after 5179ms
2022-08-03 01:53:14,204 [7cc4dae5-b8b1-4887-8b99-c7b379db6b59@group-50F2D43333D0-LeaderElection4] INFO  server.RaftServerConfigKeys (ConfUtils.java:logGet(46)) - raft.server.staging.catchup.gap = 1000 (default)
2022-08-03 01:53:14,204 [7cc4dae5-b8b1-4887-8b99-c7b379db6b59@group-50F2D43333D0-LeaderElection4] INFO  server.RaftServerConfigKeys (ConfUtils.java:logGet(46)) - raft.server.write.element-limit = 1024 (custom)
2022-08-03 01:53:14,204 [7cc4dae5-b8b1-4887-8b99-c7b379db6b59@group-50F2D43333D0-LeaderElection4] INFO  server.RaftServerConfigKeys (ConfUtils.java:logGet(46)) - raft.server.write.byte-limit = 1024 M (=1073741824) (custom)
2022-08-03 01:53:14,204 [7cc4dae5-b8b1-4887-8b99-c7b379db6b59@group-50F2D43333D0-LeaderElection4] INFO  server.RaftServerConfigKeys (ConfUtils.java:logGet(46)) - raft.server.watch.timeout = 180s (custom)
2022-08-03 01:53:14,204 [7cc4dae5-b8b1-4887-8b99-c7b379db6b59@group-50F2D43333D0-LeaderElection4] INFO  server.RaftServerConfigKeys (ConfUtils.java:logGet(46)) - raft.server.watch.timeout.denomination = 1s (default)
2022-08-03 01:53:14,205 [7cc4dae5-b8b1-4887-8b99-c7b379db6b59@group-50F2D43333D0-LeaderElection4] INFO  server.RaftServerConfigKeys (ConfUtils.java:logGet(46)) - raft.server.watch.element-limit = 65536 (default)
2022-08-03 01:53:14,205 [7cc4dae5-b8b1-4887-8b99-c7b379db6b59@group-50F2D43333D0-LeaderElection4] INFO  server.RaftServerConfigKeys (ConfUtils.java:logGet(46)) - raft.server.write.element-limit = 1024 (custom)
2022-08-03 01:53:14,205 [7cc4dae5-b8b1-4887-8b99-c7b379db6b59@group-50F2D43333D0-LeaderElection4] INFO  server.RaftServerConfigKeys (ConfUtils.java:logGet(46)) - raft.server.write.follower.gap.ratio.max = -1.0 (default)
2022-08-03 01:53:14,205 [7cc4dae5-b8b1-4887-8b99-c7b379db6b59@group-50F2D43333D0-LeaderElection4] INFO  impl.RoleInfo (RoleInfo.java:updateAndGet(139)) - 7cc4dae5-b8b1-4887-8b99-c7b379db6b59: start 7cc4dae5-b8b1-4887-8b99-c7b379db6b59@group-50F2D43333D0-LeaderStateImpl
2022-08-03 01:53:14,205 [7cc4dae5-b8b1-4887-8b99-c7b379db6b59@group-50F2D43333D0-LeaderElection4] INFO  segmented.SegmentedRaftLogWorker (SegmentedRaftLogWorker.java:startLogSegment(425)) - 7cc4dae5-b8b1-4887-8b99-c7b379db6b59@group-50F2D43333D0-SegmentedRaftLogWorker: Starting segment from index:0
2022-08-03 01:53:14,205 [EventQueue-OpenPipelineForHealthyPipelineSafeModeRule] INFO  safemode.SCMSafeModeManager (HealthyPipelineSafeModeRule.java:process(137)) - SCM in safe mode. Healthy pipelines reported count is 0, required healthy pipeline reported count is 1
2022-08-03 01:53:14,209 [7cc4dae5-b8b1-4887-8b99-c7b379db6b59@group-50F2D43333D0-LeaderElection4] INFO  server.RaftServer$Division (ServerState.java:setRaftConf(393)) - 7cc4dae5-b8b1-4887-8b99-c7b379db6b59@group-50F2D43333D0: set configuration 0: [7cc4dae5-b8b1-4887-8b99-c7b379db6b59|rpc:10.1.0.23:38993|dataStream:|priority:1], old=null
2022-08-03 01:53:14,209 [7cc4dae5-b8b1-4887-8b99-c7b379db6b59@group-50F2D43333D0-SegmentedRaftLogWorker] INFO  segmented.SegmentedRaftLogWorker (SegmentedRaftLogWorker.java:execute(629)) - 7cc4dae5-b8b1-4887-8b99-c7b379db6b59@group-50F2D43333D0-SegmentedRaftLogWorker: created new log segment /home/runner/work/ozone/ozone/hadoop-ozone/integration-test/target/test-dir/MiniOzoneClusterImpl-6a096081-edc2-4b52-80a3-ccd1f0f4fae5/datanode-1/data/ratis/b35bab8e-8192-41ab-b70f-50f2d43333d0/current/log_inprogress_0
2022-08-03 01:53:14,467 [d2433786-0171-4e17-9e3a-b12e44f36186@group-ABFECFD9E082-FollowerState] INFO  impl.FollowerState (FollowerState.java:run(143)) - d2433786-0171-4e17-9e3a-b12e44f36186@group-ABFECFD9E082-FollowerState: change to CANDIDATE, lastRpcElapsedTime:5135719125ns, electionTimeout:5129ms
2022-08-03 01:53:14,467 [d2433786-0171-4e17-9e3a-b12e44f36186@group-ABFECFD9E082-FollowerState] INFO  impl.RoleInfo (RoleInfo.java:shutdownFollowerState(110)) - d2433786-0171-4e17-9e3a-b12e44f36186: shutdown d2433786-0171-4e17-9e3a-b12e44f36186@group-ABFECFD9E082-FollowerState
2022-08-03 01:53:14,467 [d2433786-0171-4e17-9e3a-b12e44f36186@group-ABFECFD9E082-FollowerState] INFO  server.RaftServer$Division (RaftServerImpl.java:setRole(299)) - d2433786-0171-4e17-9e3a-b12e44f36186@group-ABFECFD9E082: changes role from  FOLLOWER to CANDIDATE at term 0 for changeToCandidate
2022-08-03 01:53:14,467 [d2433786-0171-4e17-9e3a-b12e44f36186@group-ABFECFD9E082-FollowerState] INFO  server.RaftServerConfigKeys (ConfUtils.java:logGet(46)) - raft.server.leaderelection.pre-vote = false (custom)
2022-08-03 01:53:14,467 [d2433786-0171-4e17-9e3a-b12e44f36186@group-ABFECFD9E082-FollowerState] INFO  impl.RoleInfo (RoleInfo.java:updateAndGet(139)) - d2433786-0171-4e17-9e3a-b12e44f36186: start d2433786-0171-4e17-9e3a-b12e44f36186@group-ABFECFD9E082-LeaderElection5
2022-08-03 01:53:14,471 [d2433786-0171-4e17-9e3a-b12e44f36186@group-ABFECFD9E082-LeaderElection5] INFO  impl.LeaderElection (LeaderElection.java:askForVotes(310)) - d2433786-0171-4e17-9e3a-b12e44f36186@group-ABFECFD9E082-LeaderElection5 ELECTION round 0: submit vote requests at term 1 for -1: [7cc4dae5-b8b1-4887-8b99-c7b379db6b59|rpc:10.1.0.23:38993|priority:0, d2433786-0171-4e17-9e3a-b12e44f36186|rpc:10.1.0.23:41907|priority:1, a32d3105-1fa5-4486-a401-c143653c6277|rpc:10.1.0.23:40593|priority:0], old=null
2022-08-03 01:53:14,490 [grpc-default-executor-1] INFO  server.RaftServer$Division (RaftServerImpl.java:requestVote(1152)) - a32d3105-1fa5-4486-a401-c143653c6277@group-ABFECFD9E082: receive requestVote(ELECTION, d2433786-0171-4e17-9e3a-b12e44f36186, group-ABFECFD9E082, 1, (t:0, i:0))
2022-08-03 01:53:14,490 [grpc-default-executor-0] INFO  server.RaftServer$Division (RaftServerImpl.java:requestVote(1152)) - 7cc4dae5-b8b1-4887-8b99-c7b379db6b59@group-ABFECFD9E082: receive requestVote(ELECTION, d2433786-0171-4e17-9e3a-b12e44f36186, group-ABFECFD9E082, 1, (t:0, i:0))
2022-08-03 01:53:14,490 [grpc-default-executor-1] INFO  impl.VoteContext (VoteContext.java:log(48)) - a32d3105-1fa5-4486-a401-c143653c6277@group-ABFECFD9E082-FOLLOWER: accept ELECTION from d2433786-0171-4e17-9e3a-b12e44f36186: our priority 0 <= candidate's priority 1
2022-08-03 01:53:14,491 [grpc-default-executor-1] INFO  server.RaftServer$Division (RaftServerImpl.java:setRole(299)) - a32d3105-1fa5-4486-a401-c143653c6277@group-ABFECFD9E082: changes role from  FOLLOWER to FOLLOWER at term 1 for candidate:d2433786-0171-4e17-9e3a-b12e44f36186
2022-08-03 01:53:14,491 [grpc-default-executor-1] INFO  impl.RoleInfo (RoleInfo.java:shutdownFollowerState(110)) - a32d3105-1fa5-4486-a401-c143653c6277: shutdown a32d3105-1fa5-4486-a401-c143653c6277@group-ABFECFD9E082-FollowerState
2022-08-03 01:53:14,491 [grpc-default-executor-1] INFO  impl.RoleInfo (RoleInfo.java:updateAndGet(139)) - a32d3105-1fa5-4486-a401-c143653c6277: start a32d3105-1fa5-4486-a401-c143653c6277@group-ABFECFD9E082-FollowerState
2022-08-03 01:53:14,491 [a32d3105-1fa5-4486-a401-c143653c6277@group-ABFECFD9E082-FollowerState] INFO  impl.FollowerState (FollowerState.java:run(152)) - a32d3105-1fa5-4486-a401-c143653c6277@group-ABFECFD9E082-FollowerState was interrupted
2022-08-03 01:53:14,491 [grpc-default-executor-0] INFO  impl.VoteContext (VoteContext.java:log(48)) - 7cc4dae5-b8b1-4887-8b99-c7b379db6b59@group-ABFECFD9E082-FOLLOWER: accept ELECTION from d2433786-0171-4e17-9e3a-b12e44f36186: our priority 0 <= candidate's priority 1
2022-08-03 01:53:14,491 [grpc-default-executor-0] INFO  server.RaftServer$Division (RaftServerImpl.java:setRole(299)) - 7cc4dae5-b8b1-4887-8b99-c7b379db6b59@group-ABFECFD9E082: changes role from  FOLLOWER to FOLLOWER at term 1 for candidate:d2433786-0171-4e17-9e3a-b12e44f36186
2022-08-03 01:53:14,491 [grpc-default-executor-0] INFO  impl.RoleInfo (RoleInfo.java:shutdownFollowerState(110)) - 7cc4dae5-b8b1-4887-8b99-c7b379db6b59: shutdown 7cc4dae5-b8b1-4887-8b99-c7b379db6b59@group-ABFECFD9E082-FollowerState
2022-08-03 01:53:14,493 [grpc-default-executor-0] INFO  impl.RoleInfo (RoleInfo.java:updateAndGet(139)) - 7cc4dae5-b8b1-4887-8b99-c7b379db6b59: start 7cc4dae5-b8b1-4887-8b99-c7b379db6b59@group-ABFECFD9E082-FollowerState
2022-08-03 01:53:14,493 [7cc4dae5-b8b1-4887-8b99-c7b379db6b59@group-ABFECFD9E082-FollowerState] INFO  impl.FollowerState (FollowerState.java:run(152)) - 7cc4dae5-b8b1-4887-8b99-c7b379db6b59@group-ABFECFD9E082-FollowerState was interrupted
2022-08-03 01:53:14,496 [grpc-default-executor-1] INFO  server.RaftServer$Division (RaftServerImpl.java:requestVote(1184)) - a32d3105-1fa5-4486-a401-c143653c6277@group-ABFECFD9E082 replies to ELECTION vote request: d2433786-0171-4e17-9e3a-b12e44f36186<-a32d3105-1fa5-4486-a401-c143653c6277#0:OK-t1. Peer's state: a32d3105-1fa5-4486-a401-c143653c6277@group-ABFECFD9E082:t1, leader=null, voted=d2433786-0171-4e17-9e3a-b12e44f36186, raftlog=a32d3105-1fa5-4486-a401-c143653c6277@group-ABFECFD9E082-SegmentedRaftLog:OPENED:c-1, conf=-1: [7cc4dae5-b8b1-4887-8b99-c7b379db6b59|rpc:10.1.0.23:38993|priority:0, d2433786-0171-4e17-9e3a-b12e44f36186|rpc:10.1.0.23:41907|priority:1, a32d3105-1fa5-4486-a401-c143653c6277|rpc:10.1.0.23:40593|priority:0], old=null
2022-08-03 01:53:14,505 [d2433786-0171-4e17-9e3a-b12e44f36186@group-ABFECFD9E082-LeaderElection5] INFO  impl.LeaderElection (LeaderElection.java:logAndReturn(90)) - d2433786-0171-4e17-9e3a-b12e44f36186@group-ABFECFD9E082-LeaderElection5: ELECTION PASSED received 1 response(s) and 0 exception(s):
2022-08-03 01:53:14,505 [d2433786-0171-4e17-9e3a-b12e44f36186@group-ABFECFD9E082-LeaderElection5] INFO  impl.LeaderElection (LeaderElection.java:logAndReturn(94)) -   Response 0: d2433786-0171-4e17-9e3a-b12e44f36186<-a32d3105-1fa5-4486-a401-c143653c6277#0:OK-t1
2022-08-03 01:53:14,506 [d2433786-0171-4e17-9e3a-b12e44f36186@group-ABFECFD9E082-LeaderElection5] INFO  impl.LeaderElection (LeaderElection.java:askForVotes(312)) - d2433786-0171-4e17-9e3a-b12e44f36186@group-ABFECFD9E082-LeaderElection5 ELECTION round 0: result PASSED
2022-08-03 01:53:14,506 [d2433786-0171-4e17-9e3a-b12e44f36186@group-ABFECFD9E082-LeaderElection5] INFO  impl.RoleInfo (RoleInfo.java:shutdownLeaderElection(130)) - d2433786-0171-4e17-9e3a-b12e44f36186: shutdown d2433786-0171-4e17-9e3a-b12e44f36186@group-ABFECFD9E082-LeaderElection5
2022-08-03 01:53:14,506 [d2433786-0171-4e17-9e3a-b12e44f36186@group-ABFECFD9E082-LeaderElection5] INFO  server.RaftServer$Division (RaftServerImpl.java:setRole(299)) - d2433786-0171-4e17-9e3a-b12e44f36186@group-ABFECFD9E082: changes role from CANDIDATE to LEADER at term 1 for changeToLeader
2022-08-03 01:53:14,506 [grpc-default-executor-0] INFO  server.RaftServer$Division (RaftServerImpl.java:requestVote(1184)) - 7cc4dae5-b8b1-4887-8b99-c7b379db6b59@group-ABFECFD9E082 replies to ELECTION vote request: d2433786-0171-4e17-9e3a-b12e44f36186<-7cc4dae5-b8b1-4887-8b99-c7b379db6b59#0:OK-t1. Peer's state: 7cc4dae5-b8b1-4887-8b99-c7b379db6b59@group-ABFECFD9E082:t1, leader=null, voted=d2433786-0171-4e17-9e3a-b12e44f36186, raftlog=7cc4dae5-b8b1-4887-8b99-c7b379db6b59@group-ABFECFD9E082-SegmentedRaftLog:OPENED:c-1, conf=-1: [7cc4dae5-b8b1-4887-8b99-c7b379db6b59|rpc:10.1.0.23:38993|priority:0, d2433786-0171-4e17-9e3a-b12e44f36186|rpc:10.1.0.23:41907|priority:1, a32d3105-1fa5-4486-a401-c143653c6277|rpc:10.1.0.23:40593|priority:0], old=null
2022-08-03 01:53:14,506 [d2433786-0171-4e17-9e3a-b12e44f36186@group-ABFECFD9E082-LeaderElection5] INFO  ratis.XceiverServerRatis (XceiverServerRatis.java:handleLeaderChangedNotification(863)) - Leader change notification received for group: group-ABFECFD9E082 with new leaderId: d2433786-0171-4e17-9e3a-b12e44f36186
2022-08-03 01:53:14,508 [d2433786-0171-4e17-9e3a-b12e44f36186@group-ABFECFD9E082-LeaderElection5] INFO  server.RaftServer$Division (ServerState.java:setLeader(287)) - d2433786-0171-4e17-9e3a-b12e44f36186@group-ABFECFD9E082: change Leader from null to d2433786-0171-4e17-9e3a-b12e44f36186 at term 1 for becomeLeader, leader elected after 5205ms
2022-08-03 01:53:14,508 [d2433786-0171-4e17-9e3a-b12e44f36186@group-ABFECFD9E082-LeaderElection5] INFO  server.RaftServerConfigKeys (ConfUtils.java:logGet(46)) - raft.server.staging.catchup.gap = 1000 (default)
2022-08-03 01:53:14,508 [d2433786-0171-4e17-9e3a-b12e44f36186@group-ABFECFD9E082-LeaderElection5] INFO  server.RaftServerConfigKeys (ConfUtils.java:logGet(46)) - raft.server.write.element-limit = 1024 (custom)
2022-08-03 01:53:14,508 [d2433786-0171-4e17-9e3a-b12e44f36186@group-ABFECFD9E082-LeaderElection5] INFO  server.RaftServerConfigKeys (ConfUtils.java:logGet(46)) - raft.server.write.byte-limit = 1024 M (=1073741824) (custom)
2022-08-03 01:53:14,509 [d2433786-0171-4e17-9e3a-b12e44f36186@group-ABFECFD9E082-LeaderElection5] INFO  server.RaftServerConfigKeys (ConfUtils.java:logGet(46)) - raft.server.watch.timeout = 180s (custom)
2022-08-03 01:53:14,509 [d2433786-0171-4e17-9e3a-b12e44f36186@group-ABFECFD9E082-LeaderElection5] INFO  server.RaftServerConfigKeys (ConfUtils.java:logGet(46)) - raft.server.watch.timeout.denomination = 1s (default)
2022-08-03 01:53:14,509 [d2433786-0171-4e17-9e3a-b12e44f36186@group-ABFECFD9E082-LeaderElection5] INFO  server.RaftServerConfigKeys (ConfUtils.java:logGet(46)) - raft.server.watch.element-limit = 65536 (default)
2022-08-03 01:53:14,509 [d2433786-0171-4e17-9e3a-b12e44f36186@group-ABFECFD9E082-LeaderElection5] INFO  server.RaftServerConfigKeys (ConfUtils.java:logGet(46)) - raft.server.write.element-limit = 1024 (custom)
2022-08-03 01:53:14,509 [d2433786-0171-4e17-9e3a-b12e44f36186@group-ABFECFD9E082-LeaderElection5] INFO  server.RaftServerConfigKeys (ConfUtils.java:logGet(46)) - raft.server.write.follower.gap.ratio.max = -1.0 (default)
2022-08-03 01:53:14,511 [EventQueue-PipelineReportForPipelineReportHandler] INFO  pipeline.PipelineManagerImpl (PipelineManagerImpl.java:openPipeline(367)) - Pipeline Pipeline[ Id: 11a09448-7cda-4d49-9fe8-abfecfd9e082, Nodes: a32d3105-1fa5-4486-a401-c143653c6277{ip: 10.1.0.23, host: fv-az199-929.piossgaoozdutex3tpy4bgd4ka.dx.internal.cloudapp.net, ports: [REPLICATION=33683, RATIS=40593, RATIS_ADMIN=40593, RATIS_SERVER=40593, STANDALONE=40327], networkLocation: /default-rack, certSerialId: null, persistedOpState: IN_SERVICE, persistedOpStateExpiryEpochSec: 0}d2433786-0171-4e17-9e3a-b12e44f36186{ip: 10.1.0.23, host: fv-az199-929.piossgaoozdutex3tpy4bgd4ka.dx.internal.cloudapp.net, ports: [REPLICATION=37543, RATIS=41907, RATIS_ADMIN=41907, RATIS_SERVER=41907, STANDALONE=38345], networkLocation: /default-rack, certSerialId: null, persistedOpState: IN_SERVICE, persistedOpStateExpiryEpochSec: 0}7cc4dae5-b8b1-4887-8b99-c7b379db6b59{ip: 10.1.0.23, host: fv-az199-929.piossgaoozdutex3tpy4bgd4ka.dx.internal.cloudapp.net, ports: [REPLICATION=41545, RATIS=38993, RATIS_ADMIN=38993, RATIS_SERVER=38993, STANDALONE=35421], networkLocation: /default-rack, certSerialId: null, persistedOpState: IN_SERVICE, persistedOpStateExpiryEpochSec: 0}, ReplicationConfig: RATIS/THREE, State:ALLOCATED, leaderId:d2433786-0171-4e17-9e3a-b12e44f36186, CreationTimestamp2022-08-03T01:53:06.369Z[Etc/UTC]] moved to OPEN state
2022-08-03 01:53:14,511 [EventQueue-OpenPipelineForHealthyPipelineSafeModeRule] INFO  safemode.SCMSafeModeManager (HealthyPipelineSafeModeRule.java:process(137)) - SCM in safe mode. Healthy pipelines reported count is 0, required healthy pipeline reported count is 1
2022-08-03 01:53:14,518 [EventQueue-OpenPipelineForHealthyPipelineSafeModeRule] INFO  safemode.SCMSafeModeManager (HealthyPipelineSafeModeRule.java:process(137)) - SCM in safe mode. Healthy pipelines reported count is 1, required healthy pipeline reported count is 1
2022-08-03 01:53:14,518 [EventQueue-OpenPipelineForHealthyPipelineSafeModeRule] INFO  safemode.SCMSafeModeManager (SCMSafeModeManager.java:validateSafeModeExitRules(204)) - HealthyPipelineSafeModeRule rule is successfully validated
2022-08-03 01:53:14,518 [EventQueue-OpenPipelineForHealthyPipelineSafeModeRule] INFO  safemode.SCMSafeModeManager (SCMSafeModeManager.java:validateSafeModeExitRules(219)) - ScmSafeModeManager, all rules are successfully validated
2022-08-03 01:53:14,518 [EventQueue-OpenPipelineForHealthyPipelineSafeModeRule] INFO  safemode.SCMSafeModeManager (SCMSafeModeManager.java:exitSafeMode(248)) - SCM exiting safe mode.
2022-08-03 01:53:14,518 [EventQueue-OpenPipelineForHealthyPipelineSafeModeRule] WARN  events.EventQueue (EventQueue.java:fireEvent(216)) - No event handler registered for event TypedEvent{payloadType=SafeModeStatus, name='Safe mode status'}
2022-08-03 01:53:14,518 [EventQueue-OpenPipelineForHealthyPipelineSafeModeRule] INFO  ha.SCMContext (SCMContext.java:updateSafeModeStatus(228)) - Update SafeModeStatus from SafeModeStatus{safeModeStatus=true, preCheckPassed=true} to SafeModeStatus{safeModeStatus=false, preCheckPassed=true}.
2022-08-03 01:53:14,518 [EventQueue-OpenPipelineForHealthyPipelineSafeModeRule] INFO  pipeline.BackgroundPipelineCreator (BackgroundPipelineCreator.java:notifyStatusChanged(254)) - Service BackgroundPipelineCreator transitions to RUNNING.
2022-08-03 01:53:14,519 [EventQueue-OpenPipelineForHealthyPipelineSafeModeRule] INFO  BackgroundPipelineScrubber (BackgroundSCMService.java:notifyStatusChanged(82)) - Service BackgroundPipelineScrubber transitions to RUNNING.
2022-08-03 01:53:14,519 [EventQueue-OpenPipelineForHealthyPipelineSafeModeRule] INFO  ExpiredContainerReplicaOpScrubber (BackgroundSCMService.java:notifyStatusChanged(82)) - Service ExpiredContainerReplicaOpScrubber transitions to RUNNING.
2022-08-03 01:53:14,519 [EventQueue-OpenPipelineForHealthyPipelineSafeModeRule] INFO  UnderReplicatedQueueThread (BackgroundSCMService.java:notifyStatusChanged(82)) - Service UnderReplicatedQueueThread transitions to RUNNING.
2022-08-03 01:53:14,519 [EventQueue-OpenPipelineForHealthyPipelineSafeModeRule] INFO  OverReplicatedQueueThread (BackgroundSCMService.java:notifyStatusChanged(82)) - Service OverReplicatedQueueThread transitions to RUNNING.
2022-08-03 01:53:14,519 [EventQueue-OpenPipelineForHealthyPipelineSafeModeRule] INFO  replication.ReplicationManager (ReplicationManager.java:notifyStatusChanged(642)) - Service ReplicationManager transitions to RUNNING.
2022-08-03 01:53:14,519 [EventQueue-OpenPipelineForHealthyPipelineSafeModeRule] WARN  balancer.ContainerBalancer (ContainerBalancer.java:shouldRun(904)) - Could not find persisted configuration for ContainerBalancer when checking if ContainerBalancer should run. ContainerBalancer should not run now.
2022-08-03 01:53:14,525 [d2433786-0171-4e17-9e3a-b12e44f36186@group-ABFECFD9E082-LeaderElection5] INFO  server.RaftServerConfigKeys (ConfUtils.java:logGet(46)) - raft.server.log.appender.snapshot.chunk.size.max = 16MB (=16777216) (default)
2022-08-03 01:53:14,526 [d2433786-0171-4e17-9e3a-b12e44f36186@group-ABFECFD9E082-LeaderElection5] INFO  server.RaftServerConfigKeys (ConfUtils.java:logGet(46)) - raft.server.log.appender.buffer.byte-limit = 33554432 (custom)
2022-08-03 01:53:14,526 [d2433786-0171-4e17-9e3a-b12e44f36186@group-ABFECFD9E082-LeaderElection5] INFO  server.RaftServerConfigKeys (ConfUtils.java:logGet(46)) - raft.server.log.appender.buffer.element-limit = 1 (custom)
2022-08-03 01:53:14,529 [d2433786-0171-4e17-9e3a-b12e44f36186@group-ABFECFD9E082-LeaderElection5] INFO  grpc.GrpcConfigKeys (ConfUtils.java:logGet(46)) - raft.grpc.server.leader.outstanding.appends.max = 128 (default)
2022-08-03 01:53:14,529 [d2433786-0171-4e17-9e3a-b12e44f36186@group-ABFECFD9E082-LeaderElection5] INFO  server.RaftServerConfigKeys (ConfUtils.java:logGet(46)) - raft.server.rpc.request.timeout = 60s (custom)
2022-08-03 01:53:14,529 [d2433786-0171-4e17-9e3a-b12e44f36186@group-ABFECFD9E082-LeaderElection5] INFO  server.RaftServerConfigKeys (ConfUtils.java:logGet(46)) - raft.server.log.appender.install.snapshot.enabled = false (custom)
2022-08-03 01:53:14,532 [d2433786-0171-4e17-9e3a-b12e44f36186@group-ABFECFD9E082-LeaderElection5] INFO  server.RaftServerConfigKeys (ConfUtils.java:logGet(46)) - raft.server.log.appender.snapshot.chunk.size.max = 16MB (=16777216) (default)
2022-08-03 01:53:14,532 [d2433786-0171-4e17-9e3a-b12e44f36186@group-ABFECFD9E082-LeaderElection5] INFO  server.RaftServerConfigKeys (ConfUtils.java:logGet(46)) - raft.server.log.appender.buffer.byte-limit = 33554432 (custom)
2022-08-03 01:53:14,532 [d2433786-0171-4e17-9e3a-b12e44f36186@group-ABFECFD9E082-LeaderElection5] INFO  server.RaftServerConfigKeys (ConfUtils.java:logGet(46)) - raft.server.log.appender.buffer.element-limit = 1 (custom)
2022-08-03 01:53:14,532 [d2433786-0171-4e17-9e3a-b12e44f36186@group-ABFECFD9E082-LeaderElection5] INFO  grpc.GrpcConfigKeys (ConfUtils.java:logGet(46)) - raft.grpc.server.leader.outstanding.appends.max = 128 (default)
2022-08-03 01:53:14,532 [d2433786-0171-4e17-9e3a-b12e44f36186@group-ABFECFD9E082-LeaderElection5] INFO  server.RaftServerConfigKeys (ConfUtils.java:logGet(46)) - raft.server.rpc.request.timeout = 60s (custom)
2022-08-03 01:53:14,532 [d2433786-0171-4e17-9e3a-b12e44f36186@group-ABFECFD9E082-LeaderElection5] INFO  server.RaftServerConfigKeys (ConfUtils.java:logGet(46)) - raft.server.log.appender.install.snapshot.enabled = false (custom)
2022-08-03 01:53:14,533 [d2433786-0171-4e17-9e3a-b12e44f36186@group-ABFECFD9E082-LeaderElection5] INFO  impl.RoleInfo (RoleInfo.java:updateAndGet(139)) - d2433786-0171-4e17-9e3a-b12e44f36186: start d2433786-0171-4e17-9e3a-b12e44f36186@group-ABFECFD9E082-LeaderStateImpl
2022-08-03 01:53:14,534 [d2433786-0171-4e17-9e3a-b12e44f36186@group-ABFECFD9E082-LeaderElection5] INFO  segmented.SegmentedRaftLogWorker (SegmentedRaftLogWorker.java:startLogSegment(425)) - d2433786-0171-4e17-9e3a-b12e44f36186@group-ABFECFD9E082-SegmentedRaftLogWorker: Starting segment from index:0
2022-08-03 01:53:14,536 [d2433786-0171-4e17-9e3a-b12e44f36186@group-ABFECFD9E082-SegmentedRaftLogWorker] INFO  segmented.SegmentedRaftLogWorker (SegmentedRaftLogWorker.java:execute(629)) - d2433786-0171-4e17-9e3a-b12e44f36186@group-ABFECFD9E082-SegmentedRaftLogWorker: created new log segment /home/runner/work/ozone/ozone/hadoop-ozone/integration-test/target/test-dir/MiniOzoneClusterImpl-6a096081-edc2-4b52-80a3-ccd1f0f4fae5/datanode-0/data/ratis/11a09448-7cda-4d49-9fe8-abfecfd9e082/current/log_inprogress_0
2022-08-03 01:53:14,549 [d2433786-0171-4e17-9e3a-b12e44f36186@group-ABFECFD9E082-LeaderElection5] INFO  server.RaftServer$Division (ServerState.java:setRaftConf(393)) - d2433786-0171-4e17-9e3a-b12e44f36186@group-ABFECFD9E082: set configuration 0: [7cc4dae5-b8b1-4887-8b99-c7b379db6b59|rpc:10.1.0.23:38993|dataStream:|priority:0, d2433786-0171-4e17-9e3a-b12e44f36186|rpc:10.1.0.23:41907|dataStream:|priority:1, a32d3105-1fa5-4486-a401-c143653c6277|rpc:10.1.0.23:40593|dataStream:|priority:0], old=null
2022-08-03 01:53:14,552 [a32d3105-1fa5-4486-a401-c143653c6277@group-DB4F30CEA4C9-FollowerState] INFO  impl.FollowerState (FollowerState.java:run(143)) - a32d3105-1fa5-4486-a401-c143653c6277@group-DB4F30CEA4C9-FollowerState: change to CANDIDATE, lastRpcElapsedTime:5175827051ns, electionTimeout:5171ms
2022-08-03 01:53:14,554 [a32d3105-1fa5-4486-a401-c143653c6277@group-DB4F30CEA4C9-FollowerState] INFO  impl.RoleInfo (RoleInfo.java:shutdownFollowerState(110)) - a32d3105-1fa5-4486-a401-c143653c6277: shutdown a32d3105-1fa5-4486-a401-c143653c6277@group-DB4F30CEA4C9-FollowerState
2022-08-03 01:53:14,554 [a32d3105-1fa5-4486-a401-c143653c6277@group-DB4F30CEA4C9-FollowerState] INFO  server.RaftServer$Division (RaftServerImpl.java:setRole(299)) - a32d3105-1fa5-4486-a401-c143653c6277@group-DB4F30CEA4C9: changes role from  FOLLOWER to CANDIDATE at term 0 for changeToCandidate
2022-08-03 01:53:14,554 [a32d3105-1fa5-4486-a401-c143653c6277@group-DB4F30CEA4C9-FollowerState] INFO  server.RaftServerConfigKeys (ConfUtils.java:logGet(46)) - raft.server.leaderelection.pre-vote = false (custom)
2022-08-03 01:53:14,554 [a32d3105-1fa5-4486-a401-c143653c6277@group-DB4F30CEA4C9-FollowerState] INFO  impl.RoleInfo (RoleInfo.java:updateAndGet(139)) - a32d3105-1fa5-4486-a401-c143653c6277: start a32d3105-1fa5-4486-a401-c143653c6277@group-DB4F30CEA4C9-LeaderElection6
2022-08-03 01:53:14,577 [a32d3105-1fa5-4486-a401-c143653c6277-server-thread1] INFO  ratis.XceiverServerRatis (XceiverServerRatis.java:handleLeaderChangedNotification(863)) - Leader change notification received for group: group-ABFECFD9E082 with new leaderId: d2433786-0171-4e17-9e3a-b12e44f36186
2022-08-03 01:53:14,577 [a32d3105-1fa5-4486-a401-c143653c6277-server-thread1] INFO  server.RaftServer$Division (ServerState.java:setLeader(287)) - a32d3105-1fa5-4486-a401-c143653c6277@group-ABFECFD9E082: change Leader from null to d2433786-0171-4e17-9e3a-b12e44f36186 at term 1 for appendEntries, leader elected after 5175ms
2022-08-03 01:53:14,581 [a32d3105-1fa5-4486-a401-c143653c6277@group-DB4F30CEA4C9-LeaderElection6] INFO  impl.LeaderElection (LeaderElection.java:askForVotes(310)) - a32d3105-1fa5-4486-a401-c143653c6277@group-DB4F30CEA4C9-LeaderElection6 ELECTION round 0: submit vote requests at term 1 for -1: [a32d3105-1fa5-4486-a401-c143653c6277|rpc:10.1.0.23:40593|priority:1], old=null
2022-08-03 01:53:14,581 [a32d3105-1fa5-4486-a401-c143653c6277@group-DB4F30CEA4C9-LeaderElection6] INFO  impl.LeaderElection (LeaderElection.java:askForVotes(312)) - a32d3105-1fa5-4486-a401-c143653c6277@group-DB4F30CEA4C9-LeaderElection6 ELECTION round 0: result PASSED (term=1)
2022-08-03 01:53:14,581 [a32d3105-1fa5-4486-a401-c143653c6277@group-DB4F30CEA4C9-LeaderElection6] INFO  impl.RoleInfo (RoleInfo.java:shutdownLeaderElection(130)) - a32d3105-1fa5-4486-a401-c143653c6277: shutdown a32d3105-1fa5-4486-a401-c143653c6277@group-DB4F30CEA4C9-LeaderElection6
2022-08-03 01:53:14,581 [a32d3105-1fa5-4486-a401-c143653c6277@group-DB4F30CEA4C9-LeaderElection6] INFO  server.RaftServer$Division (RaftServerImpl.java:setRole(299)) - a32d3105-1fa5-4486-a401-c143653c6277@group-DB4F30CEA4C9: changes role from CANDIDATE to LEADER at term 1 for changeToLeader
2022-08-03 01:53:14,581 [a32d3105-1fa5-4486-a401-c143653c6277@group-DB4F30CEA4C9-LeaderElection6] INFO  ratis.XceiverServerRatis (XceiverServerRatis.java:handleLeaderChangedNotification(863)) - Leader change notification received for group: group-DB4F30CEA4C9 with new leaderId: a32d3105-1fa5-4486-a401-c143653c6277
2022-08-03 01:53:14,592 [a32d3105-1fa5-4486-a401-c143653c6277@group-DB4F30CEA4C9-LeaderElection6] INFO  server.RaftServer$Division (ServerState.java:setLeader(287)) - a32d3105-1fa5-4486-a401-c143653c6277@group-DB4F30CEA4C9: change Leader from null to a32d3105-1fa5-4486-a401-c143653c6277 at term 1 for becomeLeader, leader elected after 5217ms
2022-08-03 01:53:14,592 [a32d3105-1fa5-4486-a401-c143653c6277@group-DB4F30CEA4C9-LeaderElection6] INFO  server.RaftServerConfigKeys (ConfUtils.java:logGet(46)) - raft.server.staging.catchup.gap = 1000 (default)
2022-08-03 01:53:14,592 [a32d3105-1fa5-4486-a401-c143653c6277@group-DB4F30CEA4C9-LeaderElection6] INFO  server.RaftServerConfigKeys (ConfUtils.java:logGet(46)) - raft.server.write.element-limit = 1024 (custom)
2022-08-03 01:53:14,592 [a32d3105-1fa5-4486-a401-c143653c6277@group-DB4F30CEA4C9-LeaderElection6] INFO  server.RaftServerConfigKeys (ConfUtils.java:logGet(46)) - raft.server.write.byte-limit = 1024 M (=1073741824) (custom)
2022-08-03 01:53:14,596 [a32d3105-1fa5-4486-a401-c143653c6277@group-DB4F30CEA4C9-LeaderElection6] INFO  server.RaftServerConfigKeys (ConfUtils.java:logGet(46)) - raft.server.watch.timeout = 180s (custom)
2022-08-03 01:53:14,596 [a32d3105-1fa5-4486-a401-c143653c6277@group-DB4F30CEA4C9-LeaderElection6] INFO  server.RaftServerConfigKeys (ConfUtils.java:logGet(46)) - raft.server.watch.timeout.denomination = 1s (default)
2022-08-03 01:53:14,596 [a32d3105-1fa5-4486-a401-c143653c6277@group-DB4F30CEA4C9-LeaderElection6] INFO  server.RaftServerConfigKeys (ConfUtils.java:logGet(46)) - raft.server.watch.element-limit = 65536 (default)
2022-08-03 01:53:14,596 [a32d3105-1fa5-4486-a401-c143653c6277@group-DB4F30CEA4C9-LeaderElection6] INFO  server.RaftServerConfigKeys (ConfUtils.java:logGet(46)) - raft.server.write.element-limit = 1024 (custom)
2022-08-03 01:53:14,596 [a32d3105-1fa5-4486-a401-c143653c6277@group-DB4F30CEA4C9-LeaderElection6] INFO  server.RaftServerConfigKeys (ConfUtils.java:logGet(46)) - raft.server.write.follower.gap.ratio.max = -1.0 (default)
2022-08-03 01:53:14,596 [a32d3105-1fa5-4486-a401-c143653c6277@group-DB4F30CEA4C9-LeaderElection6] INFO  impl.RoleInfo (RoleInfo.java:updateAndGet(139)) - a32d3105-1fa5-4486-a401-c143653c6277: start a32d3105-1fa5-4486-a401-c143653c6277@group-DB4F30CEA4C9-LeaderStateImpl
2022-08-03 01:53:14,597 [a32d3105-1fa5-4486-a401-c143653c6277@group-DB4F30CEA4C9-LeaderElection6] INFO  segmented.SegmentedRaftLogWorker (SegmentedRaftLogWorker.java:startLogSegment(425)) - a32d3105-1fa5-4486-a401-c143653c6277@group-DB4F30CEA4C9-SegmentedRaftLogWorker: Starting segment from index:0
2022-08-03 01:53:14,604 [a32d3105-1fa5-4486-a401-c143653c6277@group-DB4F30CEA4C9-SegmentedRaftLogWorker] INFO  segmented.SegmentedRaftLogWorker (SegmentedRaftLogWorker.java:execute(629)) - a32d3105-1fa5-4486-a401-c143653c6277@group-DB4F30CEA4C9-SegmentedRaftLogWorker: created new log segment /home/runner/work/ozone/ozone/hadoop-ozone/integration-test/target/test-dir/MiniOzoneClusterImpl-6a096081-edc2-4b52-80a3-ccd1f0f4fae5/datanode-2/data/ratis/b396eca5-ab4e-4d5f-9fff-db4f30cea4c9/current/log_inprogress_0
2022-08-03 01:53:14,607 [a32d3105-1fa5-4486-a401-c143653c6277-server-thread1] INFO  server.RaftServer$Division (ServerState.java:setRaftConf(393)) - a32d3105-1fa5-4486-a401-c143653c6277@group-ABFECFD9E082: set configuration 0: [7cc4dae5-b8b1-4887-8b99-c7b379db6b59|rpc:10.1.0.23:38993|dataStream:|priority:0, d2433786-0171-4e17-9e3a-b12e44f36186|rpc:10.1.0.23:41907|dataStream:|priority:1, a32d3105-1fa5-4486-a401-c143653c6277|rpc:10.1.0.23:40593|dataStream:|priority:0], old=null
2022-08-03 01:53:14,607 [a32d3105-1fa5-4486-a401-c143653c6277-server-thread1] INFO  segmented.SegmentedRaftLogWorker (SegmentedRaftLogWorker.java:startLogSegment(425)) - a32d3105-1fa5-4486-a401-c143653c6277@group-ABFECFD9E082-SegmentedRaftLogWorker: Starting segment from index:0
2022-08-03 01:53:14,608 [a32d3105-1fa5-4486-a401-c143653c6277@group-DB4F30CEA4C9-LeaderElection6] INFO  server.RaftServer$Division (ServerState.java:setRaftConf(393)) - a32d3105-1fa5-4486-a401-c143653c6277@group-DB4F30CEA4C9: set configuration 0: [a32d3105-1fa5-4486-a401-c143653c6277|rpc:10.1.0.23:40593|dataStream:|priority:1], old=null
2022-08-03 01:53:14,611 [7cc4dae5-b8b1-4887-8b99-c7b379db6b59-server-thread1] INFO  ratis.XceiverServerRatis (XceiverServerRatis.java:handleLeaderChangedNotification(863)) - Leader change notification received for group: group-ABFECFD9E082 with new leaderId: d2433786-0171-4e17-9e3a-b12e44f36186
2022-08-03 01:53:14,611 [7cc4dae5-b8b1-4887-8b99-c7b379db6b59-server-thread1] INFO  server.RaftServer$Division (ServerState.java:setLeader(287)) - 7cc4dae5-b8b1-4887-8b99-c7b379db6b59@group-ABFECFD9E082: change Leader from null to d2433786-0171-4e17-9e3a-b12e44f36186 at term 1 for appendEntries, leader elected after 5231ms
2022-08-03 01:53:14,612 [a32d3105-1fa5-4486-a401-c143653c6277@group-ABFECFD9E082-SegmentedRaftLogWorker] INFO  segmented.SegmentedRaftLogWorker (SegmentedRaftLogWorker.java:execute(629)) - a32d3105-1fa5-4486-a401-c143653c6277@group-ABFECFD9E082-SegmentedRaftLogWorker: created new log segment /home/runner/work/ozone/ozone/hadoop-ozone/integration-test/target/test-dir/MiniOzoneClusterImpl-6a096081-edc2-4b52-80a3-ccd1f0f4fae5/datanode-2/data/ratis/11a09448-7cda-4d49-9fe8-abfecfd9e082/current/log_inprogress_0
2022-08-03 01:53:14,613 [7cc4dae5-b8b1-4887-8b99-c7b379db6b59-server-thread1] INFO  server.RaftServer$Division (ServerState.java:setRaftConf(393)) - 7cc4dae5-b8b1-4887-8b99-c7b379db6b59@group-ABFECFD9E082: set configuration 0: [7cc4dae5-b8b1-4887-8b99-c7b379db6b59|rpc:10.1.0.23:38993|dataStream:|priority:0, d2433786-0171-4e17-9e3a-b12e44f36186|rpc:10.1.0.23:41907|dataStream:|priority:1, a32d3105-1fa5-4486-a401-c143653c6277|rpc:10.1.0.23:40593|dataStream:|priority:0], old=null
2022-08-03 01:53:14,613 [7cc4dae5-b8b1-4887-8b99-c7b379db6b59-server-thread1] INFO  segmented.SegmentedRaftLogWorker (SegmentedRaftLogWorker.java:startLogSegment(425)) - 7cc4dae5-b8b1-4887-8b99-c7b379db6b59@group-ABFECFD9E082-SegmentedRaftLogWorker: Starting segment from index:0
2022-08-03 01:53:14,614 [7cc4dae5-b8b1-4887-8b99-c7b379db6b59@group-ABFECFD9E082-SegmentedRaftLogWorker] INFO  segmented.SegmentedRaftLogWorker (SegmentedRaftLogWorker.java:execute(629)) - 7cc4dae5-b8b1-4887-8b99-c7b379db6b59@group-ABFECFD9E082-SegmentedRaftLogWorker: created new log segment /home/runner/work/ozone/ozone/hadoop-ozone/integration-test/target/test-dir/MiniOzoneClusterImpl-6a096081-edc2-4b52-80a3-ccd1f0f4fae5/datanode-1/data/ratis/11a09448-7cda-4d49-9fe8-abfecfd9e082/current/log_inprogress_0
2022-08-03 01:53:14,920 [e84011ff-6ca7-4c66-9967-ecab54098873@group-9BCFE6B2AEA6-FollowerState] INFO  impl.FollowerState (FollowerState.java:run(143)) - e84011ff-6ca7-4c66-9967-ecab54098873@group-9BCFE6B2AEA6-FollowerState: change to CANDIDATE, lastRpcElapsedTime:5174047140ns, electionTimeout:5167ms
2022-08-03 01:53:14,920 [e84011ff-6ca7-4c66-9967-ecab54098873@group-9BCFE6B2AEA6-FollowerState] INFO  impl.RoleInfo (RoleInfo.java:shutdownFollowerState(110)) - e84011ff-6ca7-4c66-9967-ecab54098873: shutdown e84011ff-6ca7-4c66-9967-ecab54098873@group-9BCFE6B2AEA6-FollowerState
2022-08-03 01:53:14,920 [e84011ff-6ca7-4c66-9967-ecab54098873@group-9BCFE6B2AEA6-FollowerState] INFO  server.RaftServer$Division (RaftServerImpl.java:setRole(299)) - e84011ff-6ca7-4c66-9967-ecab54098873@group-9BCFE6B2AEA6: changes role from  FOLLOWER to CANDIDATE at term 0 for changeToCandidate
2022-08-03 01:53:14,920 [e84011ff-6ca7-4c66-9967-ecab54098873@group-9BCFE6B2AEA6-FollowerState] INFO  server.RaftServerConfigKeys (ConfUtils.java:logGet(46)) - raft.server.leaderelection.pre-vote = false (custom)
2022-08-03 01:53:14,921 [e84011ff-6ca7-4c66-9967-ecab54098873@group-9BCFE6B2AEA6-FollowerState] INFO  impl.RoleInfo (RoleInfo.java:updateAndGet(139)) - e84011ff-6ca7-4c66-9967-ecab54098873: start e84011ff-6ca7-4c66-9967-ecab54098873@group-9BCFE6B2AEA6-LeaderElection7
2022-08-03 01:53:14,924 [e84011ff-6ca7-4c66-9967-ecab54098873@group-9BCFE6B2AEA6-LeaderElection7] INFO  impl.LeaderElection (LeaderElection.java:askForVotes(310)) - e84011ff-6ca7-4c66-9967-ecab54098873@group-9BCFE6B2AEA6-LeaderElection7 ELECTION round 0: submit vote requests at term 1 for -1: [e84011ff-6ca7-4c66-9967-ecab54098873|rpc:10.1.0.23:32799|priority:1], old=null
2022-08-03 01:53:14,924 [e84011ff-6ca7-4c66-9967-ecab54098873@group-9BCFE6B2AEA6-LeaderElection7] INFO  impl.LeaderElection (LeaderElection.java:askForVotes(312)) - e84011ff-6ca7-4c66-9967-ecab54098873@group-9BCFE6B2AEA6-LeaderElection7 ELECTION round 0: result PASSED (term=1)
2022-08-03 01:53:14,924 [e84011ff-6ca7-4c66-9967-ecab54098873@group-9BCFE6B2AEA6-LeaderElection7] INFO  impl.RoleInfo (RoleInfo.java:shutdownLeaderElection(130)) - e84011ff-6ca7-4c66-9967-ecab54098873: shutdown e84011ff-6ca7-4c66-9967-ecab54098873@group-9BCFE6B2AEA6-LeaderElection7
2022-08-03 01:53:14,924 [e84011ff-6ca7-4c66-9967-ecab54098873@group-9BCFE6B2AEA6-LeaderElection7] INFO  server.RaftServer$Division (RaftServerImpl.java:setRole(299)) - e84011ff-6ca7-4c66-9967-ecab54098873@group-9BCFE6B2AEA6: changes role from CANDIDATE to LEADER at term 1 for changeToLeader
2022-08-03 01:53:14,924 [e84011ff-6ca7-4c66-9967-ecab54098873@group-9BCFE6B2AEA6-LeaderElection7] INFO  ratis.XceiverServerRatis (XceiverServerRatis.java:handleLeaderChangedNotification(863)) - Leader change notification received for group: group-9BCFE6B2AEA6 with new leaderId: e84011ff-6ca7-4c66-9967-ecab54098873
2022-08-03 01:53:14,924 [e84011ff-6ca7-4c66-9967-ecab54098873@group-9BCFE6B2AEA6-LeaderElection7] INFO  server.RaftServer$Division (ServerState.java:setLeader(287)) - e84011ff-6ca7-4c66-9967-ecab54098873@group-9BCFE6B2AEA6: change Leader from null to e84011ff-6ca7-4c66-9967-ecab54098873 at term 1 for becomeLeader, leader elected after 5189ms
2022-08-03 01:53:14,924 [e84011ff-6ca7-4c66-9967-ecab54098873@group-9BCFE6B2AEA6-LeaderElection7] INFO  server.RaftServerConfigKeys (ConfUtils.java:logGet(46)) - raft.server.staging.catchup.gap = 1000 (default)
2022-08-03 01:53:14,925 [e84011ff-6ca7-4c66-9967-ecab54098873@group-9BCFE6B2AEA6-LeaderElection7] INFO  server.RaftServerConfigKeys (ConfUtils.java:logGet(46)) - raft.server.write.element-limit = 1024 (custom)
2022-08-03 01:53:14,925 [e84011ff-6ca7-4c66-9967-ecab54098873@group-9BCFE6B2AEA6-LeaderElection7] INFO  server.RaftServerConfigKeys (ConfUtils.java:logGet(46)) - raft.server.write.byte-limit = 1024 M (=1073741824) (custom)
2022-08-03 01:53:14,925 [e84011ff-6ca7-4c66-9967-ecab54098873@group-9BCFE6B2AEA6-LeaderElection7] INFO  server.RaftServerConfigKeys (ConfUtils.java:logGet(46)) - raft.server.watch.timeout = 180s (custom)
2022-08-03 01:53:14,925 [e84011ff-6ca7-4c66-9967-ecab54098873@group-9BCFE6B2AEA6-LeaderElection7] INFO  server.RaftServerConfigKeys (ConfUtils.java:logGet(46)) - raft.server.watch.timeout.denomination = 1s (default)
2022-08-03 01:53:14,925 [e84011ff-6ca7-4c66-9967-ecab54098873@group-9BCFE6B2AEA6-LeaderElection7] INFO  server.RaftServerConfigKeys (ConfUtils.java:logGet(46)) - raft.server.watch.element-limit = 65536 (default)
2022-08-03 01:53:14,925 [e84011ff-6ca7-4c66-9967-ecab54098873@group-9BCFE6B2AEA6-LeaderElection7] INFO  server.RaftServerConfigKeys (ConfUtils.java:logGet(46)) - raft.server.write.element-limit = 1024 (custom)
2022-08-03 01:53:14,925 [e84011ff-6ca7-4c66-9967-ecab54098873@group-9BCFE6B2AEA6-LeaderElection7] INFO  server.RaftServerConfigKeys (ConfUtils.java:logGet(46)) - raft.server.write.follower.gap.ratio.max = -1.0 (default)
2022-08-03 01:53:14,926 [e84011ff-6ca7-4c66-9967-ecab54098873@group-9BCFE6B2AEA6-LeaderElection7] INFO  impl.RoleInfo (RoleInfo.java:updateAndGet(139)) - e84011ff-6ca7-4c66-9967-ecab54098873: start e84011ff-6ca7-4c66-9967-ecab54098873@group-9BCFE6B2AEA6-LeaderStateImpl
2022-08-03 01:53:14,926 [e84011ff-6ca7-4c66-9967-ecab54098873@group-9BCFE6B2AEA6-LeaderElection7] INFO  segmented.SegmentedRaftLogWorker (SegmentedRaftLogWorker.java:startLogSegment(425)) - e84011ff-6ca7-4c66-9967-ecab54098873@group-9BCFE6B2AEA6-SegmentedRaftLogWorker: Starting segment from index:0
2022-08-03 01:53:14,927 [e84011ff-6ca7-4c66-9967-ecab54098873@group-9BCFE6B2AEA6-SegmentedRaftLogWorker] INFO  segmented.SegmentedRaftLogWorker (SegmentedRaftLogWorker.java:execute(629)) - e84011ff-6ca7-4c66-9967-ecab54098873@group-9BCFE6B2AEA6-SegmentedRaftLogWorker: created new log segment /home/runner/work/ozone/ozone/hadoop-ozone/integration-test/target/test-dir/MiniOzoneClusterImpl-6a096081-edc2-4b52-80a3-ccd1f0f4fae5/datanode-3/data/ratis/3b83fc82-9f06-445e-bd29-9bcfe6b2aea6/current/log_inprogress_0
2022-08-03 01:53:14,929 [e84011ff-6ca7-4c66-9967-ecab54098873@group-9BCFE6B2AEA6-LeaderElection7] INFO  server.RaftServer$Division (ServerState.java:setRaftConf(393)) - e84011ff-6ca7-4c66-9967-ecab54098873@group-9BCFE6B2AEA6: set configuration 0: [e84011ff-6ca7-4c66-9967-ecab54098873|rpc:10.1.0.23:32799|dataStream:|priority:1], old=null
2022-08-03 01:53:15,058 [Listener at 127.0.0.1/35175] INFO  ozone.MiniOzoneClusterImpl (MiniOzoneClusterImpl.java:lambda$waitForClusterToBeReady$0(216)) - Nodes are ready. Got 5 of 5 DN Heartbeats.
2022-08-03 01:53:15,059 [Listener at 127.0.0.1/35175] INFO  ozone.MiniOzoneClusterImpl (MiniOzoneClusterImpl.java:lambda$waitForClusterToBeReady$0(219)) - Cluster exits safe mode
2022-08-03 01:53:15,059 [Listener at 127.0.0.1/35175] INFO  ozone.MiniOzoneClusterImpl (MiniOzoneClusterImpl.java:lambda$waitForClusterToBeReady$0(221)) - SCM became leader
2022-08-03 01:53:15,189 [3af0815a-b562-4e3c-89c3-e6a4aa9e64d7@group-3C12C85C2B14-FollowerState] INFO  impl.FollowerState (FollowerState.java:run(143)) - 3af0815a-b562-4e3c-89c3-e6a4aa9e64d7@group-3C12C85C2B14-FollowerState: change to CANDIDATE, lastRpcElapsedTime:5106081059ns, electionTimeout:5105ms
2022-08-03 01:53:15,189 [3af0815a-b562-4e3c-89c3-e6a4aa9e64d7@group-3C12C85C2B14-FollowerState] INFO  impl.RoleInfo (RoleInfo.java:shutdownFollowerState(110)) - 3af0815a-b562-4e3c-89c3-e6a4aa9e64d7: shutdown 3af0815a-b562-4e3c-89c3-e6a4aa9e64d7@group-3C12C85C2B14-FollowerState
2022-08-03 01:53:15,189 [3af0815a-b562-4e3c-89c3-e6a4aa9e64d7@group-3C12C85C2B14-FollowerState] INFO  server.RaftServer$Division (RaftServerImpl.java:setRole(299)) - 3af0815a-b562-4e3c-89c3-e6a4aa9e64d7@group-3C12C85C2B14: changes role from  FOLLOWER to CANDIDATE at term 0 for changeToCandidate
2022-08-03 01:53:15,189 [3af0815a-b562-4e3c-89c3-e6a4aa9e64d7@group-3C12C85C2B14-FollowerState] INFO  server.RaftServerConfigKeys (ConfUtils.java:logGet(46)) - raft.server.leaderelection.pre-vote = false (custom)
2022-08-03 01:53:15,189 [3af0815a-b562-4e3c-89c3-e6a4aa9e64d7@group-3C12C85C2B14-FollowerState] INFO  impl.RoleInfo (RoleInfo.java:updateAndGet(139)) - 3af0815a-b562-4e3c-89c3-e6a4aa9e64d7: start 3af0815a-b562-4e3c-89c3-e6a4aa9e64d7@group-3C12C85C2B14-LeaderElection8
2022-08-03 01:53:15,220 [3af0815a-b562-4e3c-89c3-e6a4aa9e64d7@group-3C12C85C2B14-LeaderElection8] INFO  impl.LeaderElection (LeaderElection.java:askForVotes(310)) - 3af0815a-b562-4e3c-89c3-e6a4aa9e64d7@group-3C12C85C2B14-LeaderElection8 ELECTION round 0: submit vote requests at term 1 for -1: [3af0815a-b562-4e3c-89c3-e6a4aa9e64d7|rpc:10.1.0.23:38451|priority:1], old=null
2022-08-03 01:53:15,220 [3af0815a-b562-4e3c-89c3-e6a4aa9e64d7@group-3C12C85C2B14-LeaderElection8] INFO  impl.LeaderElection (LeaderElection.java:askForVotes(312)) - 3af0815a-b562-4e3c-89c3-e6a4aa9e64d7@group-3C12C85C2B14-LeaderElection8 ELECTION round 0: result PASSED (term=1)
2022-08-03 01:53:15,220 [3af0815a-b562-4e3c-89c3-e6a4aa9e64d7@group-3C12C85C2B14-LeaderElection8] INFO  impl.RoleInfo (RoleInfo.java:shutdownLeaderElection(130)) - 3af0815a-b562-4e3c-89c3-e6a4aa9e64d7: shutdown 3af0815a-b562-4e3c-89c3-e6a4aa9e64d7@group-3C12C85C2B14-LeaderElection8
2022-08-03 01:53:15,221 [3af0815a-b562-4e3c-89c3-e6a4aa9e64d7@group-3C12C85C2B14-LeaderElection8] INFO  server.RaftServer$Division (RaftServerImpl.java:setRole(299)) - 3af0815a-b562-4e3c-89c3-e6a4aa9e64d7@group-3C12C85C2B14: changes role from CANDIDATE to LEADER at term 1 for changeToLeader
2022-08-03 01:53:15,221 [3af0815a-b562-4e3c-89c3-e6a4aa9e64d7@group-3C12C85C2B14-LeaderElection8] INFO  ratis.XceiverServerRatis (XceiverServerRatis.java:handleLeaderChangedNotification(863)) - Leader change notification received for group: group-3C12C85C2B14 with new leaderId: 3af0815a-b562-4e3c-89c3-e6a4aa9e64d7
2022-08-03 01:53:15,221 [3af0815a-b562-4e3c-89c3-e6a4aa9e64d7@group-3C12C85C2B14-LeaderElection8] INFO  server.RaftServer$Division (ServerState.java:setLeader(287)) - 3af0815a-b562-4e3c-89c3-e6a4aa9e64d7@group-3C12C85C2B14: change Leader from null to 3af0815a-b562-4e3c-89c3-e6a4aa9e64d7 at term 1 for becomeLeader, leader elected after 5158ms
2022-08-03 01:53:15,221 [3af0815a-b562-4e3c-89c3-e6a4aa9e64d7@group-3C12C85C2B14-LeaderElection8] INFO  server.RaftServerConfigKeys (ConfUtils.java:logGet(46)) - raft.server.staging.catchup.gap = 1000 (default)
2022-08-03 01:53:15,221 [3af0815a-b562-4e3c-89c3-e6a4aa9e64d7@group-3C12C85C2B14-LeaderElection8] INFO  server.RaftServerConfigKeys (ConfUtils.java:logGet(46)) - raft.server.write.element-limit = 1024 (custom)
2022-08-03 01:53:15,221 [3af0815a-b562-4e3c-89c3-e6a4aa9e64d7@group-3C12C85C2B14-LeaderElection8] INFO  server.RaftServerConfigKeys (ConfUtils.java:logGet(46)) - raft.server.write.byte-limit = 1024 M (=1073741824) (custom)
2022-08-03 01:53:15,222 [3af0815a-b562-4e3c-89c3-e6a4aa9e64d7@group-3C12C85C2B14-LeaderElection8] INFO  server.RaftServerConfigKeys (ConfUtils.java:logGet(46)) - raft.server.watch.timeout = 180s (custom)
2022-08-03 01:53:15,222 [3af0815a-b562-4e3c-89c3-e6a4aa9e64d7@group-3C12C85C2B14-LeaderElection8] INFO  server.RaftServerConfigKeys (ConfUtils.java:logGet(46)) - raft.server.watch.timeout.denomination = 1s (default)
2022-08-03 01:53:15,222 [3af0815a-b562-4e3c-89c3-e6a4aa9e64d7@group-3C12C85C2B14-LeaderElection8] INFO  server.RaftServerConfigKeys (ConfUtils.java:logGet(46)) - raft.server.watch.element-limit = 65536 (default)
2022-08-03 01:53:15,222 [3af0815a-b562-4e3c-89c3-e6a4aa9e64d7@group-3C12C85C2B14-LeaderElection8] INFO  server.RaftServerConfigKeys (ConfUtils.java:logGet(46)) - raft.server.write.element-limit = 1024 (custom)
2022-08-03 01:53:15,222 [3af0815a-b562-4e3c-89c3-e6a4aa9e64d7@group-3C12C85C2B14-LeaderElection8] INFO  server.RaftServerConfigKeys (ConfUtils.java:logGet(46)) - raft.server.write.follower.gap.ratio.max = -1.0 (default)
2022-08-03 01:53:15,222 [3af0815a-b562-4e3c-89c3-e6a4aa9e64d7@group-3C12C85C2B14-LeaderElection8] INFO  impl.RoleInfo (RoleInfo.java:updateAndGet(139)) - 3af0815a-b562-4e3c-89c3-e6a4aa9e64d7: start 3af0815a-b562-4e3c-89c3-e6a4aa9e64d7@group-3C12C85C2B14-LeaderStateImpl
2022-08-03 01:53:15,223 [3af0815a-b562-4e3c-89c3-e6a4aa9e64d7@group-3C12C85C2B14-LeaderElection8] INFO  segmented.SegmentedRaftLogWorker (SegmentedRaftLogWorker.java:startLogSegment(425)) - 3af0815a-b562-4e3c-89c3-e6a4aa9e64d7@group-3C12C85C2B14-SegmentedRaftLogWorker: Starting segment from index:0
2022-08-03 01:53:15,228 [3af0815a-b562-4e3c-89c3-e6a4aa9e64d7@group-3C12C85C2B14-SegmentedRaftLogWorker] INFO  segmented.SegmentedRaftLogWorker (SegmentedRaftLogWorker.java:execute(629)) - 3af0815a-b562-4e3c-89c3-e6a4aa9e64d7@group-3C12C85C2B14-SegmentedRaftLogWorker: created new log segment /home/runner/work/ozone/ozone/hadoop-ozone/integration-test/target/test-dir/MiniOzoneClusterImpl-6a096081-edc2-4b52-80a3-ccd1f0f4fae5/datanode-4/data/ratis/b31f1b66-7f3f-45fd-90eb-3c12c85c2b14/current/log_inprogress_0
2022-08-03 01:53:15,232 [3af0815a-b562-4e3c-89c3-e6a4aa9e64d7@group-3C12C85C2B14-LeaderElection8] INFO  server.RaftServer$Division (ServerState.java:setRaftConf(393)) - 3af0815a-b562-4e3c-89c3-e6a4aa9e64d7@group-3C12C85C2B14: set configuration 0: [3af0815a-b562-4e3c-89c3-e6a4aa9e64d7|rpc:10.1.0.23:38451|dataStream:|priority:1], old=null
2022-08-03 01:53:15,571 [Listener at 127.0.0.1/35175] INFO  rpc.RpcClient (RpcClient.java:createVolume(468)) - Creating Volume: volume18062, with user36793 as owner and space quota set to -1 bytes, counts quota set to -1
2022-08-03 01:53:15,639 [OM StateMachine ApplyTransaction Thread - 0] INFO  volume.OMVolumeCreateRequest (OMVolumeCreateRequest.java:validateAndUpdateCache(195)) - created volume:volume18062 for user:user36793
2022-08-03 01:53:15,656 [Listener at 127.0.0.1/35175] INFO  rpc.RpcClient (RpcClient.java:createBucket(671)) - Creating Bucket: volume18062/bucket29054, with bucket layout LEGACY, runner as owner, Versioning false, Storage Type set to DISK and Encryption set to false 
2022-08-03 01:53:15,672 [OM StateMachine ApplyTransaction Thread - 0] INFO  bucket.OMBucketCreateRequest (OMBucketCreateRequest.java:validateAndUpdateCache(260)) - created bucket: bucket29054 of layout LEGACY in volume: volume18062
]]></system-out>
  </testcase>
  <testcase name="testGetTrashRoot" classname="TestOzoneFileSystem" time="47.702">
    <system-out><![CDATA[2022-08-03 01:55:34,647 [Listener at 127.0.0.1/35175] INFO  ozone.MiniOzoneClusterImpl (MiniOzoneClusterImpl.java:shutdown(448)) - Shutting down the Mini Ozone Cluster
2022-08-03 01:55:34,649 [Listener at 127.0.0.1/35175] INFO  ozone.MiniOzoneClusterImpl (MiniOzoneClusterImpl.java:stop(463)) - Stopping the Mini Ozone Cluster
2022-08-03 01:55:34,649 [Listener at 127.0.0.1/35175] INFO  ozone.MiniOzoneClusterImpl (MiniOzoneClusterImpl.java:stopOM(545)) - Stopping the OzoneManager
2022-08-03 01:55:34,649 [Listener at 127.0.0.1/35175] INFO  om.OzoneManager (OzoneManager.java:stop(2021)) - om1[localhost:0]: Stopping Ozone Manager
2022-08-03 01:55:34,649 [Listener at 127.0.0.1/35175] INFO  ipc.Server (Server.java:stop(3414)) - Stopping server on 35175
2022-08-03 01:55:34,655 [IPC Server listener on 0] INFO  ipc.Server (Server.java:run(1376)) - Stopping IPC Server listener on 0
2022-08-03 01:55:34,656 [IPC Server Responder] INFO  ipc.Server (Server.java:run(1512)) - Stopping IPC Server Responder
2022-08-03 01:55:34,656 [Listener at 127.0.0.1/35175] INFO  server.RaftServer (RaftServerProxy.java:lambda$close$7(398)) - om1: close
2022-08-03 01:55:34,657 [Listener at 127.0.0.1/35175] INFO  server.RaftServer$Division (RaftServerImpl.java:lambda$close$4(434)) - om1@group-C5BA1605619E: shutdown
2022-08-03 01:55:34,659 [Listener at 127.0.0.1/35175] INFO  util.JmxRegister (JmxRegister.java:unregister(73)) - Successfully un-registered JMX Bean with object name Ratis:service=RaftServer,group=group-C5BA1605619E,id=om1
2022-08-03 01:55:34,659 [Listener at 127.0.0.1/35175] INFO  impl.RoleInfo (RoleInfo.java:shutdownLeaderState(93)) - om1: shutdown om1@group-C5BA1605619E-LeaderStateImpl
2022-08-03 01:55:34,659 [Listener at 127.0.0.1/35175] INFO  impl.PendingRequests (PendingRequests.java:sendNotLeaderResponses(282)) - om1@group-C5BA1605619E-PendingRequests: sendNotLeaderResponses
2022-08-03 01:55:34,668 [om1@group-C5BA1605619E-StateMachineUpdater] INFO  ratis.OzoneManagerStateMachine (OzoneManagerStateMachine.java:takeSnapshot(441)) - Current Snapshot Index (t:1, i:10304)
2022-08-03 01:55:34,671 [om1@group-C5BA1605619E-StateMachineUpdater] INFO  impl.StateMachineUpdater (StateMachineUpdater.java:takeSnapshot(287)) - om1@group-C5BA1605619E-StateMachineUpdater: Took a snapshot at index 10304
2022-08-03 01:55:34,672 [om1@group-C5BA1605619E-StateMachineUpdater] INFO  impl.StateMachineUpdater (StateMachineUpdater.java:lambda$new$0(92)) - om1@group-C5BA1605619E-StateMachineUpdater: snapshotIndex: updateIncreasingly -1 -> 10304
2022-08-03 01:55:34,672 [om1@group-C5BA1605619E-StateMachineUpdater] INFO  ratis.OzoneManagerStateMachine (OzoneManagerStateMachine.java:close(495)) - StateMachine has shutdown. Shutdown OzoneManager if not already shutdown.
2022-08-03 01:55:34,672 [om1@group-C5BA1605619E-StateMachineUpdater] INFO  ratis.OzoneManagerDoubleBuffer (OzoneManagerDoubleBuffer.java:stop(466)) - Stopping OMDoubleBuffer flush thread
2022-08-03 01:55:34,672 [Listener at 127.0.0.1/35175] INFO  impl.StateMachineUpdater (StateMachineUpdater.java:stopAndJoin(153)) - om1@group-C5BA1605619E-StateMachineUpdater: set stopIndex = 10304
2022-08-03 01:55:34,672 [OMDoubleBufferFlushThread] INFO  ratis.OzoneManagerDoubleBuffer (OzoneManagerDoubleBuffer.java:flushTransactions(385)) - OMDoubleBuffer flush thread OMDoubleBufferFlushThread is interrupted and will exit.
2022-08-03 01:55:34,674 [Listener at 127.0.0.1/35175] INFO  server.RaftServer$Division (ServerState.java:close(429)) - om1@group-C5BA1605619E: closes. applyIndex: 10304
2022-08-03 01:55:34,679 [om1@group-C5BA1605619E-SegmentedRaftLogWorker] INFO  segmented.SegmentedRaftLogWorker (SegmentedRaftLogWorker.java:run(336)) - om1@group-C5BA1605619E-SegmentedRaftLogWorker was interrupted, exiting. There are 0 tasks remaining in the queue.
2022-08-03 01:55:34,681 [Listener at 127.0.0.1/35175] INFO  segmented.SegmentedRaftLogWorker (SegmentedRaftLogWorker.java:close(246)) - om1@group-C5BA1605619E-SegmentedRaftLogWorker close()
2022-08-03 01:55:34,685 [Listener at 127.0.0.1/35175] INFO  server.GrpcService (GrpcService.java:closeImpl(269)) - om1: shutdown server with port 9872 now
2022-08-03 01:55:34,692 [Listener at 127.0.0.1/35175] INFO  server.GrpcService (GrpcService.java:closeImpl(278)) - om1: shutdown server with port 9872 successfully
2022-08-03 01:55:34,692 [org.apache.ratis.util.JvmPauseMonitor$$Lambda$631/606875044@5464a18] INFO  util.JvmPauseMonitor (JvmPauseMonitor.java:run(109)) - JvmPauseMonitor-om1: Stopped
2022-08-03 01:55:34,693 [Listener at 127.0.0.1/35175] INFO  ratis.OzoneManagerStateMachine (OzoneManagerStateMachine.java:close(495)) - StateMachine has shutdown. Shutdown OzoneManager if not already shutdown.
2022-08-03 01:55:34,693 [Listener at 127.0.0.1/35175] INFO  ratis.OzoneManagerDoubleBuffer (OzoneManagerDoubleBuffer.java:stop(478)) - OMDoubleBuffer flush thread is not running.
2022-08-03 01:55:34,693 [Listener at 127.0.0.1/35175] INFO  utils.BackgroundService (BackgroundService.java:shutdown(141)) - Shutting down service KeyDeletingService
2022-08-03 01:55:34,694 [Listener at 127.0.0.1/35175] INFO  utils.BackgroundService (BackgroundService.java:shutdown(141)) - Shutting down service DirectoryDeletingService
2022-08-03 01:55:34,694 [Listener at 127.0.0.1/35175] INFO  utils.BackgroundService (BackgroundService.java:shutdown(141)) - Shutting down service OpenKeyCleanupService
2022-08-03 01:55:34,696 [Listener at 127.0.0.1/35175] INFO  handler.ContextHandler (ContextHandler.java:doStop(1153)) - Stopped o.e.j.w.WebAppContext@4d10360e{ozoneManager,/,null,STOPPED}{file:/home/runner/work/ozone/ozone/hadoop-ozone/integration-test/target/test-classes/webapps/ozoneManager}
2022-08-03 01:55:34,700 [Listener at 127.0.0.1/35175] INFO  server.AbstractConnector (AbstractConnector.java:doStop(381)) - Stopped ServerConnector@5a31d662{HTTP/1.1, (http/1.1)}{0.0.0.0:0}
2022-08-03 01:55:34,700 [Listener at 127.0.0.1/35175] INFO  server.session (HouseKeeper.java:stopScavenging(149)) - node0 Stopped scavenging
2022-08-03 01:55:34,700 [Listener at 127.0.0.1/35175] INFO  handler.ContextHandler (ContextHandler.java:doStop(1153)) - Stopped o.e.j.s.ServletContextHandler@2b547149{static,/static,file:///home/runner/work/ozone/ozone/hadoop-ozone/integration-test/target/test-classes/webapps/static,STOPPED}
2022-08-03 01:55:34,700 [Listener at 127.0.0.1/35175] INFO  handler.ContextHandler (ContextHandler.java:doStop(1153)) - Stopped o.e.j.s.ServletContextHandler@1f35f2e1{logs,/logs,file:///home/runner/work/ozone/ozone/hadoop-ozone/integration-test/target/log,STOPPED}
2022-08-03 01:55:34,703 [Trash Emptier] ERROR om.TrashPolicyOzone (TrashPolicyOzone.java:run(251)) - Error attempting to shutdown
java.lang.InterruptedException
	at java.util.concurrent.locks.AbstractQueuedSynchronizer$ConditionObject.awaitNanos(AbstractQueuedSynchronizer.java:2067)
	at java.util.concurrent.ThreadPoolExecutor.awaitTermination(ThreadPoolExecutor.java:1475)
	at org.apache.hadoop.ozone.om.TrashPolicyOzone$Emptier.run(TrashPolicyOzone.java:249)
	at java.lang.Thread.run(Thread.java:750)
2022-08-03 01:55:34,703 [Trash Emptier] ERROR util.ExitUtils (ExitUtils.java:terminate(133)) - Terminating with exit status -1: Thread[Trash Emptier,5,main] has thrown an uncaught exception
java.lang.UnsupportedOperationException: fs.getUri() not implemented in TrashOzoneFileSystem
	at org.apache.hadoop.ozone.om.TrashOzoneFileSystem.getUri(TrashOzoneFileSystem.java:126)
	at org.apache.hadoop.fs.FileSystem.close(FileSystem.java:2592)
	at org.apache.hadoop.ozone.om.TrashPolicyOzone$Emptier.run(TrashPolicyOzone.java:243)
	at java.lang.Thread.run(Thread.java:750)
2022-08-03 01:55:34,706 [Listener at 127.0.0.1/35175] INFO  ozone.MiniOzoneClusterImpl (MiniOzoneClusterImpl.java:stopDatanodes(522)) - Stopping the HddsDatanodes
2022-08-03 01:55:39,710 [Listener at 127.0.0.1/35175] INFO  ozoneimpl.OzoneContainer (OzoneContainer.java:stop(399)) - Attempting to stop container services.
2022-08-03 01:55:39,710 [ForkJoinPool.commonPool-worker-0] INFO  ozoneimpl.OzoneContainer (OzoneContainer.java:stop(399)) - Attempting to stop container services.
2022-08-03 01:55:39,714 [ForkJoinPool.commonPool-worker-0] INFO  server.RaftServer (RaftServerProxy.java:lambda$close$7(398)) - 7cc4dae5-b8b1-4887-8b99-c7b379db6b59: close
2022-08-03 01:55:39,714 [ForkJoinPool.commonPool-worker-0] INFO  server.RaftServer$Division (RaftServerImpl.java:lambda$close$4(434)) - 7cc4dae5-b8b1-4887-8b99-c7b379db6b59@group-50F2D43333D0: shutdown
2022-08-03 01:55:39,714 [ForkJoinPool.commonPool-worker-0] INFO  util.JmxRegister (JmxRegister.java:unregister(73)) - Successfully un-registered JMX Bean with object name Ratis:service=RaftServer,group=group-50F2D43333D0,id=7cc4dae5-b8b1-4887-8b99-c7b379db6b59
2022-08-03 01:55:39,714 [ForkJoinPool.commonPool-worker-0] INFO  impl.RoleInfo (RoleInfo.java:shutdownLeaderState(93)) - 7cc4dae5-b8b1-4887-8b99-c7b379db6b59: shutdown 7cc4dae5-b8b1-4887-8b99-c7b379db6b59@group-50F2D43333D0-LeaderStateImpl
2022-08-03 01:55:39,715 [Listener at 127.0.0.1/35175] INFO  server.RaftServer (RaftServerProxy.java:lambda$close$7(398)) - a32d3105-1fa5-4486-a401-c143653c6277: close
2022-08-03 01:55:39,714 [ForkJoinPool.commonPool-worker-0] INFO  impl.PendingRequests (PendingRequests.java:sendNotLeaderResponses(282)) - 7cc4dae5-b8b1-4887-8b99-c7b379db6b59@group-50F2D43333D0-PendingRequests: sendNotLeaderResponses
2022-08-03 01:55:39,715 [Listener at 127.0.0.1/35175] INFO  server.RaftServer$Division (RaftServerImpl.java:lambda$close$4(434)) - a32d3105-1fa5-4486-a401-c143653c6277@group-DB4F30CEA4C9: shutdown
2022-08-03 01:55:39,716 [Listener at 127.0.0.1/35175] INFO  util.JmxRegister (JmxRegister.java:unregister(73)) - Successfully un-registered JMX Bean with object name Ratis:service=RaftServer,group=group-DB4F30CEA4C9,id=a32d3105-1fa5-4486-a401-c143653c6277
2022-08-03 01:55:39,716 [Listener at 127.0.0.1/35175] INFO  impl.RoleInfo (RoleInfo.java:shutdownLeaderState(93)) - a32d3105-1fa5-4486-a401-c143653c6277: shutdown a32d3105-1fa5-4486-a401-c143653c6277@group-DB4F30CEA4C9-LeaderStateImpl
2022-08-03 01:55:39,716 [ForkJoinPool.commonPool-worker-0] INFO  impl.StateMachineUpdater (StateMachineUpdater.java:stopAndJoin(153)) - 7cc4dae5-b8b1-4887-8b99-c7b379db6b59@group-50F2D43333D0-StateMachineUpdater: set stopIndex = 0
2022-08-03 01:55:39,716 [7cc4dae5-b8b1-4887-8b99-c7b379db6b59@group-50F2D43333D0-StateMachineUpdater] INFO  ratis.ContainerStateMachine (ContainerStateMachine.java:takeSnapshot(304)) - group-50F2D43333D0: Taking a snapshot at:(t:1, i:0) file /home/runner/work/ozone/ozone/hadoop-ozone/integration-test/target/test-dir/MiniOzoneClusterImpl-6a096081-edc2-4b52-80a3-ccd1f0f4fae5/datanode-1/data/ratis/b35bab8e-8192-41ab-b70f-50f2d43333d0/sm/snapshot.1_0
2022-08-03 01:55:39,716 [Listener at 127.0.0.1/35175] INFO  impl.PendingRequests (PendingRequests.java:sendNotLeaderResponses(282)) - a32d3105-1fa5-4486-a401-c143653c6277@group-DB4F30CEA4C9-PendingRequests: sendNotLeaderResponses
2022-08-03 01:55:39,717 [Listener at 127.0.0.1/35175] INFO  impl.StateMachineUpdater (StateMachineUpdater.java:stopAndJoin(153)) - a32d3105-1fa5-4486-a401-c143653c6277@group-DB4F30CEA4C9-StateMachineUpdater: set stopIndex = 0
2022-08-03 01:55:39,720 [a32d3105-1fa5-4486-a401-c143653c6277@group-DB4F30CEA4C9-StateMachineUpdater] INFO  ratis.ContainerStateMachine (ContainerStateMachine.java:takeSnapshot(304)) - group-DB4F30CEA4C9: Taking a snapshot at:(t:1, i:0) file /home/runner/work/ozone/ozone/hadoop-ozone/integration-test/target/test-dir/MiniOzoneClusterImpl-6a096081-edc2-4b52-80a3-ccd1f0f4fae5/datanode-2/data/ratis/b396eca5-ab4e-4d5f-9fff-db4f30cea4c9/sm/snapshot.1_0
2022-08-03 01:55:39,754 [a32d3105-1fa5-4486-a401-c143653c6277@group-DB4F30CEA4C9-StateMachineUpdater] INFO  ratis.ContainerStateMachine (ContainerStateMachine.java:takeSnapshot(315)) - group-DB4F30CEA4C9: Finished taking a snapshot at:(t:1, i:0) file:/home/runner/work/ozone/ozone/hadoop-ozone/integration-test/target/test-dir/MiniOzoneClusterImpl-6a096081-edc2-4b52-80a3-ccd1f0f4fae5/datanode-2/data/ratis/b396eca5-ab4e-4d5f-9fff-db4f30cea4c9/sm/snapshot.1_0 took: 34 ms
2022-08-03 01:55:39,755 [a32d3105-1fa5-4486-a401-c143653c6277@group-DB4F30CEA4C9-StateMachineUpdater] INFO  impl.StateMachineUpdater (StateMachineUpdater.java:takeSnapshot(287)) - a32d3105-1fa5-4486-a401-c143653c6277@group-DB4F30CEA4C9-StateMachineUpdater: Took a snapshot at index 0
2022-08-03 01:55:39,756 [a32d3105-1fa5-4486-a401-c143653c6277@group-DB4F30CEA4C9-StateMachineUpdater] INFO  impl.StateMachineUpdater (StateMachineUpdater.java:lambda$new$0(92)) - a32d3105-1fa5-4486-a401-c143653c6277@group-DB4F30CEA4C9-StateMachineUpdater: snapshotIndex: updateIncreasingly -1 -> 0
2022-08-03 01:55:39,759 [7cc4dae5-b8b1-4887-8b99-c7b379db6b59@group-50F2D43333D0-StateMachineUpdater] INFO  ratis.ContainerStateMachine (ContainerStateMachine.java:takeSnapshot(315)) - group-50F2D43333D0: Finished taking a snapshot at:(t:1, i:0) file:/home/runner/work/ozone/ozone/hadoop-ozone/integration-test/target/test-dir/MiniOzoneClusterImpl-6a096081-edc2-4b52-80a3-ccd1f0f4fae5/datanode-1/data/ratis/b35bab8e-8192-41ab-b70f-50f2d43333d0/sm/snapshot.1_0 took: 43 ms
2022-08-03 01:55:39,760 [7cc4dae5-b8b1-4887-8b99-c7b379db6b59@group-50F2D43333D0-StateMachineUpdater] INFO  impl.StateMachineUpdater (StateMachineUpdater.java:takeSnapshot(287)) - 7cc4dae5-b8b1-4887-8b99-c7b379db6b59@group-50F2D43333D0-StateMachineUpdater: Took a snapshot at index 0
2022-08-03 01:55:39,760 [7cc4dae5-b8b1-4887-8b99-c7b379db6b59@group-50F2D43333D0-StateMachineUpdater] INFO  impl.StateMachineUpdater (StateMachineUpdater.java:lambda$new$0(92)) - 7cc4dae5-b8b1-4887-8b99-c7b379db6b59@group-50F2D43333D0-StateMachineUpdater: snapshotIndex: updateIncreasingly -1 -> 0
2022-08-03 01:55:39,761 [Listener at 127.0.0.1/35175] INFO  server.RaftServer$Division (ServerState.java:close(429)) - a32d3105-1fa5-4486-a401-c143653c6277@group-DB4F30CEA4C9: closes. applyIndex: 0
2022-08-03 01:55:39,761 [ForkJoinPool.commonPool-worker-0] INFO  server.RaftServer$Division (ServerState.java:close(429)) - 7cc4dae5-b8b1-4887-8b99-c7b379db6b59@group-50F2D43333D0: closes. applyIndex: 0
2022-08-03 01:55:39,761 [a32d3105-1fa5-4486-a401-c143653c6277@group-DB4F30CEA4C9-SegmentedRaftLogWorker] INFO  segmented.SegmentedRaftLogWorker (SegmentedRaftLogWorker.java:run(336)) - a32d3105-1fa5-4486-a401-c143653c6277@group-DB4F30CEA4C9-SegmentedRaftLogWorker was interrupted, exiting. There are 0 tasks remaining in the queue.
2022-08-03 01:55:39,761 [7cc4dae5-b8b1-4887-8b99-c7b379db6b59@group-50F2D43333D0-SegmentedRaftLogWorker] INFO  segmented.SegmentedRaftLogWorker (SegmentedRaftLogWorker.java:run(336)) - 7cc4dae5-b8b1-4887-8b99-c7b379db6b59@group-50F2D43333D0-SegmentedRaftLogWorker was interrupted, exiting. There are 0 tasks remaining in the queue.
2022-08-03 01:55:39,762 [Listener at 127.0.0.1/35175] INFO  segmented.SegmentedRaftLogWorker (SegmentedRaftLogWorker.java:close(246)) - a32d3105-1fa5-4486-a401-c143653c6277@group-DB4F30CEA4C9-SegmentedRaftLogWorker close()
2022-08-03 01:55:39,763 [ForkJoinPool.commonPool-worker-0] INFO  segmented.SegmentedRaftLogWorker (SegmentedRaftLogWorker.java:close(246)) - 7cc4dae5-b8b1-4887-8b99-c7b379db6b59@group-50F2D43333D0-SegmentedRaftLogWorker close()
2022-08-03 01:55:39,764 [ForkJoinPool.commonPool-worker-0] INFO  server.RaftServer$Division (RaftServerImpl.java:lambda$close$4(434)) - 7cc4dae5-b8b1-4887-8b99-c7b379db6b59@group-6A8FC32459EF: shutdown
2022-08-03 01:55:39,764 [Listener at 127.0.0.1/35175] INFO  server.RaftServer$Division (RaftServerImpl.java:lambda$close$4(434)) - a32d3105-1fa5-4486-a401-c143653c6277@group-6A8FC32459EF: shutdown
2022-08-03 01:55:39,765 [ForkJoinPool.commonPool-worker-0] INFO  util.JmxRegister (JmxRegister.java:unregister(73)) - Successfully un-registered JMX Bean with object name Ratis:service=RaftServer,group=group-6A8FC32459EF,id=7cc4dae5-b8b1-4887-8b99-c7b379db6b59
2022-08-03 01:55:39,765 [Listener at 127.0.0.1/35175] INFO  util.JmxRegister (JmxRegister.java:unregister(73)) - Successfully un-registered JMX Bean with object name Ratis:service=RaftServer,group=group-6A8FC32459EF,id=a32d3105-1fa5-4486-a401-c143653c6277
2022-08-03 01:55:39,765 [ForkJoinPool.commonPool-worker-0] INFO  impl.RoleInfo (RoleInfo.java:shutdownFollowerState(110)) - 7cc4dae5-b8b1-4887-8b99-c7b379db6b59: shutdown 7cc4dae5-b8b1-4887-8b99-c7b379db6b59@group-6A8FC32459EF-FollowerState
2022-08-03 01:55:39,765 [Listener at 127.0.0.1/35175] INFO  impl.RoleInfo (RoleInfo.java:shutdownLeaderState(93)) - a32d3105-1fa5-4486-a401-c143653c6277: shutdown a32d3105-1fa5-4486-a401-c143653c6277@group-6A8FC32459EF-LeaderStateImpl
2022-08-03 01:55:39,765 [7cc4dae5-b8b1-4887-8b99-c7b379db6b59@group-6A8FC32459EF-StateMachineUpdater] INFO  ratis.ContainerStateMachine (ContainerStateMachine.java:takeSnapshot(304)) - group-6A8FC32459EF: Taking a snapshot at:(t:4, i:4) file /home/runner/work/ozone/ozone/hadoop-ozone/integration-test/target/test-dir/MiniOzoneClusterImpl-6a096081-edc2-4b52-80a3-ccd1f0f4fae5/datanode-1/data/ratis/33ec60f8-dcf4-45c9-ab6b-6a8fc32459ef/sm/snapshot.4_4
2022-08-03 01:55:39,766 [Listener at 127.0.0.1/35175] INFO  impl.PendingRequests (PendingRequests.java:sendNotLeaderResponses(282)) - a32d3105-1fa5-4486-a401-c143653c6277@group-6A8FC32459EF-PendingRequests: sendNotLeaderResponses
2022-08-03 01:55:39,766 [a32d3105-1fa5-4486-a401-c143653c6277@group-6A8FC32459EF->d2433786-0171-4e17-9e3a-b12e44f36186-GrpcLogAppender-LogAppenderDaemon] WARN  server.GrpcLogAppender (GrpcLogAppender.java:mayWait(171)) - a32d3105-1fa5-4486-a401-c143653c6277@group-6A8FC32459EF->d2433786-0171-4e17-9e3a-b12e44f36186-GrpcLogAppender: Wait interrupted by java.lang.InterruptedException
2022-08-03 01:55:39,769 [grpc-default-executor-0] INFO  server.GrpcServerProtocolService (GrpcServerProtocolService.java:onCompleted(140)) - d2433786-0171-4e17-9e3a-b12e44f36186: Completed APPEND_ENTRIES, lastRequest: a32d3105-1fa5-4486-a401-c143653c6277->d2433786-0171-4e17-9e3a-b12e44f36186#53-t4,previous=(t:4, i:3),leaderCommit=2,initializing? true,entries: size=1, first=(t:4, i:4), METADATAENTRY(c:2)
2022-08-03 01:55:39,765 [7cc4dae5-b8b1-4887-8b99-c7b379db6b59@group-6A8FC32459EF-FollowerState] INFO  impl.FollowerState (FollowerState.java:run(152)) - 7cc4dae5-b8b1-4887-8b99-c7b379db6b59@group-6A8FC32459EF-FollowerState was interrupted
2022-08-03 01:55:39,765 [ForkJoinPool.commonPool-worker-0] INFO  impl.StateMachineUpdater (StateMachineUpdater.java:stopAndJoin(153)) - 7cc4dae5-b8b1-4887-8b99-c7b379db6b59@group-6A8FC32459EF-StateMachineUpdater: set stopIndex = 4
2022-08-03 01:55:39,768 [a32d3105-1fa5-4486-a401-c143653c6277@group-6A8FC32459EF->7cc4dae5-b8b1-4887-8b99-c7b379db6b59-GrpcLogAppender-LogAppenderDaemon] WARN  server.GrpcLogAppender (GrpcLogAppender.java:mayWait(171)) - a32d3105-1fa5-4486-a401-c143653c6277@group-6A8FC32459EF->7cc4dae5-b8b1-4887-8b99-c7b379db6b59-GrpcLogAppender: Wait interrupted by java.lang.InterruptedException
2022-08-03 01:55:39,772 [7cc4dae5-b8b1-4887-8b99-c7b379db6b59@group-6A8FC32459EF-StateMachineUpdater] INFO  ratis.ContainerStateMachine (ContainerStateMachine.java:takeSnapshot(315)) - group-6A8FC32459EF: Finished taking a snapshot at:(t:4, i:4) file:/home/runner/work/ozone/ozone/hadoop-ozone/integration-test/target/test-dir/MiniOzoneClusterImpl-6a096081-edc2-4b52-80a3-ccd1f0f4fae5/datanode-1/data/ratis/33ec60f8-dcf4-45c9-ab6b-6a8fc32459ef/sm/snapshot.4_4 took: 7 ms
2022-08-03 01:55:39,772 [7cc4dae5-b8b1-4887-8b99-c7b379db6b59@group-6A8FC32459EF-StateMachineUpdater] INFO  impl.StateMachineUpdater (StateMachineUpdater.java:takeSnapshot(287)) - 7cc4dae5-b8b1-4887-8b99-c7b379db6b59@group-6A8FC32459EF-StateMachineUpdater: Took a snapshot at index 4
2022-08-03 01:55:39,772 [7cc4dae5-b8b1-4887-8b99-c7b379db6b59@group-6A8FC32459EF-StateMachineUpdater] INFO  impl.StateMachineUpdater (StateMachineUpdater.java:lambda$new$0(92)) - 7cc4dae5-b8b1-4887-8b99-c7b379db6b59@group-6A8FC32459EF-StateMachineUpdater: snapshotIndex: updateIncreasingly -1 -> 4
2022-08-03 01:55:39,770 [grpc-default-executor-4] INFO  server.GrpcLogAppender (GrpcLogAppender.java:onCompleted(339)) - a32d3105-1fa5-4486-a401-c143653c6277@group-6A8FC32459EF->d2433786-0171-4e17-9e3a-b12e44f36186-AppendLogResponseHandler: follower responses appendEntries COMPLETED
2022-08-03 01:55:39,775 [grpc-default-executor-4] INFO  leader.FollowerInfo (FollowerInfoImpl.java:lambda$new$0(48)) - a32d3105-1fa5-4486-a401-c143653c6277@group-6A8FC32459EF->d2433786-0171-4e17-9e3a-b12e44f36186: nextIndex: updateUnconditionally 5 -> 4
2022-08-03 01:55:39,776 [ForkJoinPool.commonPool-worker-0] INFO  server.RaftServer$Division (ServerState.java:close(429)) - 7cc4dae5-b8b1-4887-8b99-c7b379db6b59@group-6A8FC32459EF: closes. applyIndex: 4
2022-08-03 01:55:39,777 [7cc4dae5-b8b1-4887-8b99-c7b379db6b59@group-6A8FC32459EF-SegmentedRaftLogWorker] INFO  segmented.SegmentedRaftLogWorker (SegmentedRaftLogWorker.java:run(336)) - 7cc4dae5-b8b1-4887-8b99-c7b379db6b59@group-6A8FC32459EF-SegmentedRaftLogWorker was interrupted, exiting. There are 0 tasks remaining in the queue.
2022-08-03 01:55:39,776 [grpc-default-executor-5] INFO  server.GrpcServerProtocolService (GrpcServerProtocolService.java:onCompleted(140)) - 7cc4dae5-b8b1-4887-8b99-c7b379db6b59: Completed APPEND_ENTRIES, lastRequest: a32d3105-1fa5-4486-a401-c143653c6277->7cc4dae5-b8b1-4887-8b99-c7b379db6b59#53-t4,previous=(t:4, i:3),leaderCommit=2,initializing? true,entries: size=1, first=(t:4, i:4), METADATAENTRY(c:2)
2022-08-03 01:55:39,779 [grpc-default-executor-4] INFO  server.GrpcLogAppender (GrpcLogAppender.java:onCompleted(339)) - a32d3105-1fa5-4486-a401-c143653c6277@group-6A8FC32459EF->7cc4dae5-b8b1-4887-8b99-c7b379db6b59-AppendLogResponseHandler: follower responses appendEntries COMPLETED
2022-08-03 01:55:39,779 [ForkJoinPool.commonPool-worker-0] INFO  segmented.SegmentedRaftLogWorker (SegmentedRaftLogWorker.java:close(246)) - 7cc4dae5-b8b1-4887-8b99-c7b379db6b59@group-6A8FC32459EF-SegmentedRaftLogWorker close()
2022-08-03 01:55:39,779 [grpc-default-executor-4] INFO  leader.FollowerInfo (FollowerInfoImpl.java:lambda$new$0(48)) - a32d3105-1fa5-4486-a401-c143653c6277@group-6A8FC32459EF->7cc4dae5-b8b1-4887-8b99-c7b379db6b59: nextIndex: updateUnconditionally 5 -> 4
2022-08-03 01:55:39,783 [Listener at 127.0.0.1/35175] INFO  impl.StateMachineUpdater (StateMachineUpdater.java:stopAndJoin(153)) - a32d3105-1fa5-4486-a401-c143653c6277@group-6A8FC32459EF-StateMachineUpdater: set stopIndex = 4
2022-08-03 01:55:39,787 [a32d3105-1fa5-4486-a401-c143653c6277@group-6A8FC32459EF-StateMachineUpdater] INFO  ratis.ContainerStateMachine (ContainerStateMachine.java:takeSnapshot(304)) - group-6A8FC32459EF: Taking a snapshot at:(t:4, i:4) file /home/runner/work/ozone/ozone/hadoop-ozone/integration-test/target/test-dir/MiniOzoneClusterImpl-6a096081-edc2-4b52-80a3-ccd1f0f4fae5/datanode-2/data/ratis/33ec60f8-dcf4-45c9-ab6b-6a8fc32459ef/sm/snapshot.4_4
2022-08-03 01:55:39,789 [ForkJoinPool.commonPool-worker-0] INFO  server.RaftServer$Division (RaftServerImpl.java:lambda$close$4(434)) - 7cc4dae5-b8b1-4887-8b99-c7b379db6b59@group-ABFECFD9E082: shutdown
2022-08-03 01:55:39,791 [ForkJoinPool.commonPool-worker-0] INFO  util.JmxRegister (JmxRegister.java:unregister(73)) - Successfully un-registered JMX Bean with object name Ratis:service=RaftServer,group=group-ABFECFD9E082,id=7cc4dae5-b8b1-4887-8b99-c7b379db6b59
2022-08-03 01:55:39,791 [ForkJoinPool.commonPool-worker-0] INFO  impl.RoleInfo (RoleInfo.java:shutdownFollowerState(110)) - 7cc4dae5-b8b1-4887-8b99-c7b379db6b59: shutdown 7cc4dae5-b8b1-4887-8b99-c7b379db6b59@group-ABFECFD9E082-FollowerState
2022-08-03 01:55:39,791 [ForkJoinPool.commonPool-worker-0] INFO  impl.StateMachineUpdater (StateMachineUpdater.java:stopAndJoin(153)) - 7cc4dae5-b8b1-4887-8b99-c7b379db6b59@group-ABFECFD9E082-StateMachineUpdater: set stopIndex = 25
2022-08-03 01:55:39,791 [7cc4dae5-b8b1-4887-8b99-c7b379db6b59@group-ABFECFD9E082-FollowerState] INFO  impl.FollowerState (FollowerState.java:run(152)) - 7cc4dae5-b8b1-4887-8b99-c7b379db6b59@group-ABFECFD9E082-FollowerState was interrupted
2022-08-03 01:55:39,791 [7cc4dae5-b8b1-4887-8b99-c7b379db6b59@group-ABFECFD9E082-StateMachineUpdater] INFO  ratis.ContainerStateMachine (ContainerStateMachine.java:takeSnapshot(304)) - group-ABFECFD9E082: Taking a snapshot at:(t:1, i:25) file /home/runner/work/ozone/ozone/hadoop-ozone/integration-test/target/test-dir/MiniOzoneClusterImpl-6a096081-edc2-4b52-80a3-ccd1f0f4fae5/datanode-1/data/ratis/11a09448-7cda-4d49-9fe8-abfecfd9e082/sm/snapshot.1_25
2022-08-03 01:55:39,793 [a32d3105-1fa5-4486-a401-c143653c6277@group-6A8FC32459EF-StateMachineUpdater] INFO  ratis.ContainerStateMachine (ContainerStateMachine.java:takeSnapshot(315)) - group-6A8FC32459EF: Finished taking a snapshot at:(t:4, i:4) file:/home/runner/work/ozone/ozone/hadoop-ozone/integration-test/target/test-dir/MiniOzoneClusterImpl-6a096081-edc2-4b52-80a3-ccd1f0f4fae5/datanode-2/data/ratis/33ec60f8-dcf4-45c9-ab6b-6a8fc32459ef/sm/snapshot.4_4 took: 6 ms
2022-08-03 01:55:39,793 [a32d3105-1fa5-4486-a401-c143653c6277@group-6A8FC32459EF-StateMachineUpdater] INFO  impl.StateMachineUpdater (StateMachineUpdater.java:takeSnapshot(287)) - a32d3105-1fa5-4486-a401-c143653c6277@group-6A8FC32459EF-StateMachineUpdater: Took a snapshot at index 4
2022-08-03 01:55:39,793 [a32d3105-1fa5-4486-a401-c143653c6277@group-6A8FC32459EF-StateMachineUpdater] INFO  impl.StateMachineUpdater (StateMachineUpdater.java:lambda$new$0(92)) - a32d3105-1fa5-4486-a401-c143653c6277@group-6A8FC32459EF-StateMachineUpdater: snapshotIndex: updateIncreasingly -1 -> 4
2022-08-03 01:55:39,794 [7cc4dae5-b8b1-4887-8b99-c7b379db6b59@group-ABFECFD9E082-StateMachineUpdater] INFO  ratis.ContainerStateMachine (ContainerStateMachine.java:takeSnapshot(315)) - group-ABFECFD9E082: Finished taking a snapshot at:(t:1, i:25) file:/home/runner/work/ozone/ozone/hadoop-ozone/integration-test/target/test-dir/MiniOzoneClusterImpl-6a096081-edc2-4b52-80a3-ccd1f0f4fae5/datanode-1/data/ratis/11a09448-7cda-4d49-9fe8-abfecfd9e082/sm/snapshot.1_25 took: 3 ms
2022-08-03 01:55:39,795 [7cc4dae5-b8b1-4887-8b99-c7b379db6b59@group-ABFECFD9E082-StateMachineUpdater] INFO  impl.StateMachineUpdater (StateMachineUpdater.java:takeSnapshot(287)) - 7cc4dae5-b8b1-4887-8b99-c7b379db6b59@group-ABFECFD9E082-StateMachineUpdater: Took a snapshot at index 25
2022-08-03 01:55:39,795 [Listener at 127.0.0.1/35175] INFO  server.RaftServer$Division (ServerState.java:close(429)) - a32d3105-1fa5-4486-a401-c143653c6277@group-6A8FC32459EF: closes. applyIndex: 4
2022-08-03 01:55:39,795 [7cc4dae5-b8b1-4887-8b99-c7b379db6b59@group-ABFECFD9E082-StateMachineUpdater] INFO  impl.StateMachineUpdater (StateMachineUpdater.java:lambda$new$0(92)) - 7cc4dae5-b8b1-4887-8b99-c7b379db6b59@group-ABFECFD9E082-StateMachineUpdater: snapshotIndex: updateIncreasingly -1 -> 25
2022-08-03 01:55:39,795 [a32d3105-1fa5-4486-a401-c143653c6277@group-6A8FC32459EF-SegmentedRaftLogWorker] INFO  segmented.SegmentedRaftLogWorker (SegmentedRaftLogWorker.java:run(336)) - a32d3105-1fa5-4486-a401-c143653c6277@group-6A8FC32459EF-SegmentedRaftLogWorker was interrupted, exiting. There are 0 tasks remaining in the queue.
2022-08-03 01:55:39,796 [ForkJoinPool.commonPool-worker-0] INFO  server.RaftServer$Division (ServerState.java:close(429)) - 7cc4dae5-b8b1-4887-8b99-c7b379db6b59@group-ABFECFD9E082: closes. applyIndex: 25
2022-08-03 01:55:39,796 [7cc4dae5-b8b1-4887-8b99-c7b379db6b59@group-ABFECFD9E082-SegmentedRaftLogWorker] INFO  segmented.SegmentedRaftLogWorker (SegmentedRaftLogWorker.java:run(336)) - 7cc4dae5-b8b1-4887-8b99-c7b379db6b59@group-ABFECFD9E082-SegmentedRaftLogWorker was interrupted, exiting. There are 0 tasks remaining in the queue.
2022-08-03 01:55:39,796 [ForkJoinPool.commonPool-worker-0] INFO  segmented.SegmentedRaftLogWorker (SegmentedRaftLogWorker.java:close(246)) - 7cc4dae5-b8b1-4887-8b99-c7b379db6b59@group-ABFECFD9E082-SegmentedRaftLogWorker close()
2022-08-03 01:55:39,799 [Listener at 127.0.0.1/35175] INFO  segmented.SegmentedRaftLogWorker (SegmentedRaftLogWorker.java:close(246)) - a32d3105-1fa5-4486-a401-c143653c6277@group-6A8FC32459EF-SegmentedRaftLogWorker close()
2022-08-03 01:55:39,799 [ForkJoinPool.commonPool-worker-0] INFO  server.GrpcService (GrpcService.java:closeImpl(269)) - 7cc4dae5-b8b1-4887-8b99-c7b379db6b59: shutdown server with port 38993 now
2022-08-03 01:55:39,802 [Listener at 127.0.0.1/35175] INFO  server.RaftServer$Division (RaftServerImpl.java:lambda$close$4(434)) - a32d3105-1fa5-4486-a401-c143653c6277@group-ABFECFD9E082: shutdown
2022-08-03 01:55:39,803 [Listener at 127.0.0.1/35175] INFO  util.JmxRegister (JmxRegister.java:unregister(73)) - Successfully un-registered JMX Bean with object name Ratis:service=RaftServer,group=group-ABFECFD9E082,id=a32d3105-1fa5-4486-a401-c143653c6277
2022-08-03 01:55:39,803 [Listener at 127.0.0.1/35175] INFO  impl.RoleInfo (RoleInfo.java:shutdownFollowerState(110)) - a32d3105-1fa5-4486-a401-c143653c6277: shutdown a32d3105-1fa5-4486-a401-c143653c6277@group-ABFECFD9E082-FollowerState
2022-08-03 01:55:39,803 [Listener at 127.0.0.1/35175] INFO  impl.StateMachineUpdater (StateMachineUpdater.java:stopAndJoin(153)) - a32d3105-1fa5-4486-a401-c143653c6277@group-ABFECFD9E082-StateMachineUpdater: set stopIndex = 25
2022-08-03 01:55:39,803 [a32d3105-1fa5-4486-a401-c143653c6277@group-ABFECFD9E082-FollowerState] INFO  impl.FollowerState (FollowerState.java:run(152)) - a32d3105-1fa5-4486-a401-c143653c6277@group-ABFECFD9E082-FollowerState was interrupted
2022-08-03 01:55:39,804 [a32d3105-1fa5-4486-a401-c143653c6277@group-ABFECFD9E082-StateMachineUpdater] INFO  ratis.ContainerStateMachine (ContainerStateMachine.java:takeSnapshot(304)) - group-ABFECFD9E082: Taking a snapshot at:(t:1, i:25) file /home/runner/work/ozone/ozone/hadoop-ozone/integration-test/target/test-dir/MiniOzoneClusterImpl-6a096081-edc2-4b52-80a3-ccd1f0f4fae5/datanode-2/data/ratis/11a09448-7cda-4d49-9fe8-abfecfd9e082/sm/snapshot.1_25
2022-08-03 01:55:39,806 [grpc-default-executor-4] WARN  server.GrpcServerProtocolService (LogUtils.java:warn(122)) - 7cc4dae5-b8b1-4887-8b99-c7b379db6b59: installSnapshot onError, lastRequest: d2433786-0171-4e17-9e3a-b12e44f36186->7cc4dae5-b8b1-4887-8b99-c7b379db6b59#152-t1,previous=(t:1, i:24),leaderCommit=24,initializing? true,entries: size=1, first=(t:1, i:25), METADATAENTRY(c:24): org.apache.ratis.thirdparty.io.grpc.StatusRuntimeException: CANCELLED: client cancelled
2022-08-03 01:55:39,807 [a32d3105-1fa5-4486-a401-c143653c6277@group-ABFECFD9E082-StateMachineUpdater] INFO  ratis.ContainerStateMachine (ContainerStateMachine.java:takeSnapshot(315)) - group-ABFECFD9E082: Finished taking a snapshot at:(t:1, i:25) file:/home/runner/work/ozone/ozone/hadoop-ozone/integration-test/target/test-dir/MiniOzoneClusterImpl-6a096081-edc2-4b52-80a3-ccd1f0f4fae5/datanode-2/data/ratis/11a09448-7cda-4d49-9fe8-abfecfd9e082/sm/snapshot.1_25 took: 4 ms
2022-08-03 01:55:39,808 [ForkJoinPool.commonPool-worker-0] INFO  server.GrpcService (GrpcService.java:closeImpl(278)) - 7cc4dae5-b8b1-4887-8b99-c7b379db6b59: shutdown server with port 38993 successfully
2022-08-03 01:55:39,808 [org.apache.ratis.util.JvmPauseMonitor$$Lambda$631/606875044@e5626f3] INFO  util.JvmPauseMonitor (JvmPauseMonitor.java:run(109)) - JvmPauseMonitor-7cc4dae5-b8b1-4887-8b99-c7b379db6b59: Stopped
2022-08-03 01:55:39,813 [a32d3105-1fa5-4486-a401-c143653c6277@group-ABFECFD9E082-StateMachineUpdater] INFO  impl.StateMachineUpdater (StateMachineUpdater.java:takeSnapshot(287)) - a32d3105-1fa5-4486-a401-c143653c6277@group-ABFECFD9E082-StateMachineUpdater: Took a snapshot at index 25
2022-08-03 01:55:39,813 [a32d3105-1fa5-4486-a401-c143653c6277@group-ABFECFD9E082-StateMachineUpdater] INFO  impl.StateMachineUpdater (StateMachineUpdater.java:lambda$new$0(92)) - a32d3105-1fa5-4486-a401-c143653c6277@group-ABFECFD9E082-StateMachineUpdater: snapshotIndex: updateIncreasingly -1 -> 25
2022-08-03 01:55:39,813 [Listener at 127.0.0.1/35175] INFO  server.RaftServer$Division (ServerState.java:close(429)) - a32d3105-1fa5-4486-a401-c143653c6277@group-ABFECFD9E082: closes. applyIndex: 25
2022-08-03 01:55:39,814 [a32d3105-1fa5-4486-a401-c143653c6277@group-ABFECFD9E082-SegmentedRaftLogWorker] INFO  segmented.SegmentedRaftLogWorker (SegmentedRaftLogWorker.java:run(336)) - a32d3105-1fa5-4486-a401-c143653c6277@group-ABFECFD9E082-SegmentedRaftLogWorker was interrupted, exiting. There are 0 tasks remaining in the queue.
2022-08-03 01:55:39,816 [Listener at 127.0.0.1/35175] INFO  segmented.SegmentedRaftLogWorker (SegmentedRaftLogWorker.java:close(246)) - a32d3105-1fa5-4486-a401-c143653c6277@group-ABFECFD9E082-SegmentedRaftLogWorker close()
2022-08-03 01:55:39,818 [Listener at 127.0.0.1/35175] INFO  server.GrpcService (GrpcService.java:closeImpl(269)) - a32d3105-1fa5-4486-a401-c143653c6277: shutdown server with port 40593 now
2022-08-03 01:55:39,822 [grpc-default-executor-4] WARN  server.GrpcClientProtocolService (LogUtils.java:warn(122)) - 1-UnorderedRequestStreamObserver1: onError: org.apache.ratis.thirdparty.io.grpc.StatusRuntimeException: CANCELLED: client cancelled
2022-08-03 01:55:39,824 [grpc-default-executor-5] WARN  server.GrpcLogAppender (LogUtils.java:warn(122)) - d2433786-0171-4e17-9e3a-b12e44f36186@group-ABFECFD9E082->7cc4dae5-b8b1-4887-8b99-c7b379db6b59-AppendLogResponseHandler: Failed appendEntries: org.apache.ratis.thirdparty.io.grpc.StatusRuntimeException: CANCELLED: RST_STREAM closed stream. HTTP/2 error code: CANCEL
2022-08-03 01:55:39,825 [grpc-default-executor-5] INFO  leader.FollowerInfo (FollowerInfoImpl.java:lambda$new$0(48)) - d2433786-0171-4e17-9e3a-b12e44f36186@group-ABFECFD9E082->7cc4dae5-b8b1-4887-8b99-c7b379db6b59: nextIndex: updateUnconditionally 26 -> 25
2022-08-03 01:55:39,826 [grpc-default-executor-5] WARN  server.GrpcLogAppender (LogUtils.java:warn(122)) - d2433786-0171-4e17-9e3a-b12e44f36186@group-ABFECFD9E082->a32d3105-1fa5-4486-a401-c143653c6277-AppendLogResponseHandler: Failed appendEntries: org.apache.ratis.thirdparty.io.grpc.StatusRuntimeException: CANCELLED: RST_STREAM closed stream. HTTP/2 error code: CANCEL
2022-08-03 01:55:39,827 [grpc-default-executor-5] INFO  leader.FollowerInfo (FollowerInfoImpl.java:lambda$new$0(48)) - d2433786-0171-4e17-9e3a-b12e44f36186@group-ABFECFD9E082->a32d3105-1fa5-4486-a401-c143653c6277: nextIndex: updateUnconditionally 26 -> 25
2022-08-03 01:55:39,829 [grpc-default-executor-6] WARN  server.GrpcServerProtocolService (LogUtils.java:warn(122)) - a32d3105-1fa5-4486-a401-c143653c6277: installSnapshot onError, lastRequest: d2433786-0171-4e17-9e3a-b12e44f36186->a32d3105-1fa5-4486-a401-c143653c6277#158-t1,previous=(t:1, i:24),leaderCommit=24,initializing? true,entries: size=1, first=(t:1, i:25), METADATAENTRY(c:24): org.apache.ratis.thirdparty.io.grpc.StatusRuntimeException: CANCELLED: client cancelled
2022-08-03 01:55:39,831 [Listener at 127.0.0.1/35175] INFO  server.GrpcService (GrpcService.java:closeImpl(278)) - a32d3105-1fa5-4486-a401-c143653c6277: shutdown server with port 40593 successfully
2022-08-03 01:55:39,831 [org.apache.ratis.util.JvmPauseMonitor$$Lambda$631/606875044@22906049] INFO  util.JvmPauseMonitor (JvmPauseMonitor.java:run(109)) - JvmPauseMonitor-a32d3105-1fa5-4486-a401-c143653c6277: Stopped
2022-08-03 01:55:39,843 [grpc-default-executor-0] WARN  server.GrpcLogAppender (LogUtils.java:warn(122)) - d2433786-0171-4e17-9e3a-b12e44f36186@group-ABFECFD9E082->a32d3105-1fa5-4486-a401-c143653c6277-AppendLogResponseHandler: Failed appendEntries: org.apache.ratis.thirdparty.io.grpc.StatusRuntimeException: UNAVAILABLE: io exception
2022-08-03 01:55:39,844 [grpc-default-executor-0] INFO  leader.FollowerInfo (FollowerInfoImpl.java:lambda$new$0(48)) - d2433786-0171-4e17-9e3a-b12e44f36186@group-ABFECFD9E082->a32d3105-1fa5-4486-a401-c143653c6277: nextIndex: updateUnconditionally 26 -> 25
2022-08-03 01:55:39,844 [grpc-default-executor-5] WARN  server.GrpcLogAppender (LogUtils.java:warn(122)) - d2433786-0171-4e17-9e3a-b12e44f36186@group-ABFECFD9E082->7cc4dae5-b8b1-4887-8b99-c7b379db6b59-AppendLogResponseHandler: Failed appendEntries: org.apache.ratis.thirdparty.io.grpc.StatusRuntimeException: UNAVAILABLE: io exception
2022-08-03 01:55:39,845 [grpc-default-executor-5] INFO  leader.FollowerInfo (FollowerInfoImpl.java:lambda$new$0(48)) - d2433786-0171-4e17-9e3a-b12e44f36186@group-ABFECFD9E082->7cc4dae5-b8b1-4887-8b99-c7b379db6b59: nextIndex: updateUnconditionally 26 -> 25
2022-08-03 01:55:40,313 [grpc-default-executor-5] WARN  server.GrpcLogAppender (LogUtils.java:warn(122)) - d2433786-0171-4e17-9e3a-b12e44f36186@group-ABFECFD9E082->a32d3105-1fa5-4486-a401-c143653c6277-AppendLogResponseHandler: Failed appendEntries: org.apache.ratis.thirdparty.io.grpc.StatusRuntimeException: UNAVAILABLE: io exception
2022-08-03 01:55:40,314 [grpc-default-executor-5] INFO  leader.FollowerInfo (FollowerInfoImpl.java:lambda$new$0(48)) - d2433786-0171-4e17-9e3a-b12e44f36186@group-ABFECFD9E082->a32d3105-1fa5-4486-a401-c143653c6277: nextIndex: updateUnconditionally 26 -> 25
2022-08-03 01:55:40,333 [grpc-default-executor-5] WARN  server.GrpcLogAppender (LogUtils.java:warn(122)) - d2433786-0171-4e17-9e3a-b12e44f36186@group-ABFECFD9E082->7cc4dae5-b8b1-4887-8b99-c7b379db6b59-AppendLogResponseHandler: Failed appendEntries: org.apache.ratis.thirdparty.io.grpc.StatusRuntimeException: UNAVAILABLE: io exception
2022-08-03 01:55:40,333 [grpc-default-executor-5] INFO  leader.FollowerInfo (FollowerInfoImpl.java:lambda$new$0(48)) - d2433786-0171-4e17-9e3a-b12e44f36186@group-ABFECFD9E082->7cc4dae5-b8b1-4887-8b99-c7b379db6b59: nextIndex: updateUnconditionally 26 -> 25
2022-08-03 01:55:41,564 [grpc-default-executor-5] WARN  server.GrpcLogAppender (LogUtils.java:warn(122)) - d2433786-0171-4e17-9e3a-b12e44f36186@group-ABFECFD9E082->a32d3105-1fa5-4486-a401-c143653c6277-AppendLogResponseHandler: Failed appendEntries: org.apache.ratis.thirdparty.io.grpc.StatusRuntimeException: UNAVAILABLE: io exception
2022-08-03 01:55:41,565 [grpc-default-executor-5] INFO  leader.FollowerInfo (FollowerInfoImpl.java:lambda$new$0(48)) - d2433786-0171-4e17-9e3a-b12e44f36186@group-ABFECFD9E082->a32d3105-1fa5-4486-a401-c143653c6277: nextIndex: updateUnconditionally 26 -> 25
2022-08-03 01:55:41,583 [grpc-default-executor-5] WARN  server.GrpcLogAppender (LogUtils.java:warn(122)) - d2433786-0171-4e17-9e3a-b12e44f36186@group-ABFECFD9E082->7cc4dae5-b8b1-4887-8b99-c7b379db6b59-AppendLogResponseHandler: Failed appendEntries: org.apache.ratis.thirdparty.io.grpc.StatusRuntimeException: UNAVAILABLE: io exception
2022-08-03 01:55:41,584 [grpc-default-executor-5] INFO  leader.FollowerInfo (FollowerInfoImpl.java:lambda$new$0(48)) - d2433786-0171-4e17-9e3a-b12e44f36186@group-ABFECFD9E082->7cc4dae5-b8b1-4887-8b99-c7b379db6b59: nextIndex: updateUnconditionally 26 -> 25
2022-08-03 01:55:41,834 [ForkJoinPool.commonPool-worker-0] INFO  utils.BackgroundService (BackgroundService.java:shutdown(141)) - Shutting down service BlockDeletingService
2022-08-03 01:55:41,835 [ForkJoinPool.commonPool-worker-0] INFO  utils.BackgroundService (BackgroundService.java:shutdown(141)) - Shutting down service StaleRecoveringContainerScrubbingService
2022-08-03 01:55:41,853 [Listener at 127.0.0.1/35175] INFO  utils.BackgroundService (BackgroundService.java:shutdown(141)) - Shutting down service BlockDeletingService
2022-08-03 01:55:41,854 [Listener at 127.0.0.1/35175] INFO  utils.BackgroundService (BackgroundService.java:shutdown(141)) - Shutting down service StaleRecoveringContainerScrubbingService
2022-08-03 01:55:42,814 [grpc-default-executor-5] WARN  server.GrpcLogAppender (LogUtils.java:warn(122)) - d2433786-0171-4e17-9e3a-b12e44f36186@group-ABFECFD9E082->a32d3105-1fa5-4486-a401-c143653c6277-AppendLogResponseHandler: Failed appendEntries: org.apache.ratis.thirdparty.io.grpc.StatusRuntimeException: UNAVAILABLE: io exception
2022-08-03 01:55:42,820 [grpc-default-executor-5] INFO  leader.FollowerInfo (FollowerInfoImpl.java:lambda$new$0(48)) - d2433786-0171-4e17-9e3a-b12e44f36186@group-ABFECFD9E082->a32d3105-1fa5-4486-a401-c143653c6277: nextIndex: updateUnconditionally 26 -> 25
2022-08-03 01:55:42,835 [grpc-default-executor-5] WARN  server.GrpcLogAppender (LogUtils.java:warn(122)) - d2433786-0171-4e17-9e3a-b12e44f36186@group-ABFECFD9E082->7cc4dae5-b8b1-4887-8b99-c7b379db6b59-AppendLogResponseHandler: Failed appendEntries: org.apache.ratis.thirdparty.io.grpc.StatusRuntimeException: UNAVAILABLE: io exception
2022-08-03 01:55:42,839 [grpc-default-executor-5] INFO  leader.FollowerInfo (FollowerInfoImpl.java:lambda$new$0(48)) - d2433786-0171-4e17-9e3a-b12e44f36186@group-ABFECFD9E082->7cc4dae5-b8b1-4887-8b99-c7b379db6b59: nextIndex: updateUnconditionally 26 -> 25
2022-08-03 01:55:43,259 [d2433786-0171-4e17-9e3a-b12e44f36186@group-ABFECFD9E082-LeaderStateImpl] WARN  server.RaftServer$Division (LeaderStateImpl.java:checkLeadership(1018)) - d2433786-0171-4e17-9e3a-b12e44f36186@group-ABFECFD9E082-LeaderStateImpl: Lost leadership on term: 1. Election timeout: 5200ms. In charge for: 148752ms. Conf: 0: [7cc4dae5-b8b1-4887-8b99-c7b379db6b59|rpc:10.1.0.23:38993|dataStream:|priority:0, d2433786-0171-4e17-9e3a-b12e44f36186|rpc:10.1.0.23:41907|dataStream:|priority:1, a32d3105-1fa5-4486-a401-c143653c6277|rpc:10.1.0.23:40593|dataStream:|priority:0], old=null
2022-08-03 01:55:43,260 [d2433786-0171-4e17-9e3a-b12e44f36186@group-ABFECFD9E082-LeaderStateImpl] WARN  server.RaftServer$Division (LeaderStateImpl.java:lambda$checkLeadership$17(1022)) - Follower d2433786-0171-4e17-9e3a-b12e44f36186@group-ABFECFD9E082->7cc4dae5-b8b1-4887-8b99-c7b379db6b59(c25,m25,n25, attendVote=true, lastRpcSendTime=424, lastRpcResponseTime=5428)
2022-08-03 01:55:43,260 [d2433786-0171-4e17-9e3a-b12e44f36186@group-ABFECFD9E082-LeaderStateImpl] WARN  server.RaftServer$Division (LeaderStateImpl.java:lambda$checkLeadership$17(1022)) - Follower d2433786-0171-4e17-9e3a-b12e44f36186@group-ABFECFD9E082->a32d3105-1fa5-4486-a401-c143653c6277(c25,m25,n25, attendVote=true, lastRpcSendTime=446, lastRpcResponseTime=5448)
2022-08-03 01:55:43,261 [d2433786-0171-4e17-9e3a-b12e44f36186@group-ABFECFD9E082-LeaderStateImpl] INFO  server.RaftServer$Division (RaftServerImpl.java:setRole(299)) - d2433786-0171-4e17-9e3a-b12e44f36186@group-ABFECFD9E082: changes role from    LEADER to FOLLOWER at term 1 for StepDownReason:LOST_MAJORITY_HEARTBEATS
2022-08-03 01:55:43,261 [d2433786-0171-4e17-9e3a-b12e44f36186@group-ABFECFD9E082-LeaderStateImpl] INFO  impl.RoleInfo (RoleInfo.java:shutdownLeaderState(93)) - d2433786-0171-4e17-9e3a-b12e44f36186: shutdown d2433786-0171-4e17-9e3a-b12e44f36186@group-ABFECFD9E082-LeaderStateImpl
2022-08-03 01:55:43,261 [d2433786-0171-4e17-9e3a-b12e44f36186@group-ABFECFD9E082-LeaderStateImpl] INFO  impl.PendingRequests (PendingRequests.java:sendNotLeaderResponses(282)) - d2433786-0171-4e17-9e3a-b12e44f36186@group-ABFECFD9E082-PendingRequests: sendNotLeaderResponses
2022-08-03 01:55:43,262 [d2433786-0171-4e17-9e3a-b12e44f36186@group-ABFECFD9E082->a32d3105-1fa5-4486-a401-c143653c6277-GrpcLogAppender-LogAppenderDaemon] WARN  server.GrpcLogAppender (GrpcLogAppender.java:mayWait(171)) - d2433786-0171-4e17-9e3a-b12e44f36186@group-ABFECFD9E082->a32d3105-1fa5-4486-a401-c143653c6277-GrpcLogAppender: Wait interrupted by java.lang.InterruptedException
2022-08-03 01:55:43,266 [d2433786-0171-4e17-9e3a-b12e44f36186@group-ABFECFD9E082-LeaderStateImpl] INFO  impl.RoleInfo (RoleInfo.java:updateAndGet(139)) - d2433786-0171-4e17-9e3a-b12e44f36186: start d2433786-0171-4e17-9e3a-b12e44f36186@group-ABFECFD9E082-FollowerState
2022-08-03 01:55:43,262 [d2433786-0171-4e17-9e3a-b12e44f36186@group-ABFECFD9E082->7cc4dae5-b8b1-4887-8b99-c7b379db6b59-GrpcLogAppender-LogAppenderDaemon] WARN  server.GrpcLogAppender (GrpcLogAppender.java:mayWait(171)) - d2433786-0171-4e17-9e3a-b12e44f36186@group-ABFECFD9E082->7cc4dae5-b8b1-4887-8b99-c7b379db6b59-GrpcLogAppender: Wait interrupted by java.lang.InterruptedException
2022-08-03 01:55:44,838 [ForkJoinPool.commonPool-worker-0] INFO  statemachine.DatanodeStateMachine (DatanodeStateMachine.java:stopDaemon(580)) - Ozone container server stopped.
2022-08-03 01:55:44,855 [ForkJoinPool.commonPool-worker-0] INFO  handler.ContextHandler (ContextHandler.java:doStop(1153)) - Stopped o.e.j.w.WebAppContext@7d3a7c31{hddsDatanode,/,null,STOPPED}{jar:file:/home/runner/.m2/repository/org/apache/ozone/hdds-container-service/1.3.0-SNAPSHOT/hdds-container-service-1.3.0-SNAPSHOT.jar!/webapps/hddsDatanode}
2022-08-03 01:55:44,856 [ForkJoinPool.commonPool-worker-0] INFO  server.AbstractConnector (AbstractConnector.java:doStop(381)) - Stopped ServerConnector@56725cf0{HTTP/1.1, (http/1.1)}{0.0.0.0:0}
2022-08-03 01:55:44,857 [Listener at 127.0.0.1/35175] INFO  statemachine.DatanodeStateMachine (DatanodeStateMachine.java:stopDaemon(580)) - Ozone container server stopped.
2022-08-03 01:55:44,860 [ForkJoinPool.commonPool-worker-0] INFO  server.session (HouseKeeper.java:stopScavenging(149)) - node0 Stopped scavenging
2022-08-03 01:55:44,862 [ForkJoinPool.commonPool-worker-0] INFO  handler.ContextHandler (ContextHandler.java:doStop(1153)) - Stopped o.e.j.s.ServletContextHandler@6ed4eacd{static,/static,jar:file:/home/runner/.m2/repository/org/apache/ozone/hdds-container-service/1.3.0-SNAPSHOT/hdds-container-service-1.3.0-SNAPSHOT.jar!/webapps/static,STOPPED}
2022-08-03 01:55:44,862 [ForkJoinPool.commonPool-worker-0] INFO  handler.ContextHandler (ContextHandler.java:doStop(1153)) - Stopped o.e.j.s.ServletContextHandler@6dc78fa8{logs,/logs,file:///home/runner/work/ozone/ozone/hadoop-ozone/integration-test/target/log,STOPPED}
2022-08-03 01:55:44,880 [Listener at 127.0.0.1/35175] INFO  handler.ContextHandler (ContextHandler.java:doStop(1153)) - Stopped o.e.j.w.WebAppContext@70c81870{hddsDatanode,/,null,STOPPED}{jar:file:/home/runner/.m2/repository/org/apache/ozone/hdds-container-service/1.3.0-SNAPSHOT/hdds-container-service-1.3.0-SNAPSHOT.jar!/webapps/hddsDatanode}
2022-08-03 01:55:44,892 [Listener at 127.0.0.1/35175] INFO  server.AbstractConnector (AbstractConnector.java:doStop(381)) - Stopped ServerConnector@6ea248fd{HTTP/1.1, (http/1.1)}{0.0.0.0:0}
2022-08-03 01:55:44,893 [Listener at 127.0.0.1/35175] INFO  server.session (HouseKeeper.java:stopScavenging(149)) - node0 Stopped scavenging
2022-08-03 01:55:44,893 [Listener at 127.0.0.1/35175] INFO  handler.ContextHandler (ContextHandler.java:doStop(1153)) - Stopped o.e.j.s.ServletContextHandler@31f8fc83{static,/static,jar:file:/home/runner/.m2/repository/org/apache/ozone/hdds-container-service/1.3.0-SNAPSHOT/hdds-container-service-1.3.0-SNAPSHOT.jar!/webapps/static,STOPPED}
2022-08-03 01:55:44,894 [Listener at 127.0.0.1/35175] INFO  handler.ContextHandler (ContextHandler.java:doStop(1153)) - Stopped o.e.j.s.ServletContextHandler@ce7e450{logs,/logs,file:///home/runner/work/ozone/ozone/hadoop-ozone/integration-test/target/log,STOPPED}
2022-08-03 01:55:46,479 [d2433786-0171-4e17-9e3a-b12e44f36186@group-6A8FC32459EF-FollowerState] INFO  impl.FollowerState (FollowerState.java:run(143)) - d2433786-0171-4e17-9e3a-b12e44f36186@group-6A8FC32459EF-FollowerState: change to CANDIDATE, lastRpcElapsedTime:6742935352ns, electionTimeout:5023ms
2022-08-03 01:55:46,479 [d2433786-0171-4e17-9e3a-b12e44f36186@group-6A8FC32459EF-FollowerState] INFO  impl.RoleInfo (RoleInfo.java:shutdownFollowerState(110)) - d2433786-0171-4e17-9e3a-b12e44f36186: shutdown d2433786-0171-4e17-9e3a-b12e44f36186@group-6A8FC32459EF-FollowerState
2022-08-03 01:55:46,479 [d2433786-0171-4e17-9e3a-b12e44f36186@group-6A8FC32459EF-FollowerState] INFO  server.RaftServer$Division (RaftServerImpl.java:setRole(299)) - d2433786-0171-4e17-9e3a-b12e44f36186@group-6A8FC32459EF: changes role from  FOLLOWER to CANDIDATE at term 4 for changeToCandidate
2022-08-03 01:55:46,479 [d2433786-0171-4e17-9e3a-b12e44f36186@group-6A8FC32459EF-FollowerState] INFO  server.RaftServerConfigKeys (ConfUtils.java:logGet(46)) - raft.server.leaderelection.pre-vote = false (custom)
2022-08-03 01:55:46,479 [d2433786-0171-4e17-9e3a-b12e44f36186@group-6A8FC32459EF-FollowerState] INFO  impl.RoleInfo (RoleInfo.java:updateAndGet(139)) - d2433786-0171-4e17-9e3a-b12e44f36186: start d2433786-0171-4e17-9e3a-b12e44f36186@group-6A8FC32459EF-LeaderElection14
2022-08-03 01:55:46,489 [d2433786-0171-4e17-9e3a-b12e44f36186@group-6A8FC32459EF-LeaderElection14] INFO  server.RaftServer$Division (ServerState.java:setLeader(287)) - d2433786-0171-4e17-9e3a-b12e44f36186@group-6A8FC32459EF: change Leader from a32d3105-1fa5-4486-a401-c143653c6277 to null at term 4 for ELECTION
2022-08-03 01:55:46,503 [d2433786-0171-4e17-9e3a-b12e44f36186@group-6A8FC32459EF-LeaderElection14] INFO  impl.LeaderElection (LeaderElection.java:askForVotes(310)) - d2433786-0171-4e17-9e3a-b12e44f36186@group-6A8FC32459EF-LeaderElection14 ELECTION round 0: submit vote requests at term 5 for 0: [7cc4dae5-b8b1-4887-8b99-c7b379db6b59|rpc:10.1.0.23:38993|dataStream:|priority:0, d2433786-0171-4e17-9e3a-b12e44f36186|rpc:10.1.0.23:41907|dataStream:|priority:0, a32d3105-1fa5-4486-a401-c143653c6277|rpc:10.1.0.23:40593|dataStream:|priority:1], old=null
2022-08-03 01:55:46,513 [d2433786-0171-4e17-9e3a-b12e44f36186@group-6A8FC32459EF-LeaderElection14] INFO  impl.LeaderElection (LogUtils.java:infoOrTrace(137)) - d2433786-0171-4e17-9e3a-b12e44f36186@group-6A8FC32459EF-LeaderElection14 got exception when requesting votes: java.util.concurrent.ExecutionException: org.apache.ratis.thirdparty.io.grpc.StatusRuntimeException: UNAVAILABLE: io exception
2022-08-03 01:55:46,515 [d2433786-0171-4e17-9e3a-b12e44f36186@group-6A8FC32459EF-LeaderElection14] INFO  impl.LeaderElection (LogUtils.java:infoOrTrace(137)) - d2433786-0171-4e17-9e3a-b12e44f36186@group-6A8FC32459EF-LeaderElection14 got exception when requesting votes: java.util.concurrent.ExecutionException: org.apache.ratis.thirdparty.io.grpc.StatusRuntimeException: UNAVAILABLE: io exception
2022-08-03 01:55:46,516 [d2433786-0171-4e17-9e3a-b12e44f36186@group-6A8FC32459EF-LeaderElection14] INFO  impl.LeaderElection (LeaderElection.java:logAndReturn(90)) - d2433786-0171-4e17-9e3a-b12e44f36186@group-6A8FC32459EF-LeaderElection14: ELECTION REJECTED received 0 response(s) and 2 exception(s):
2022-08-03 01:55:46,516 [d2433786-0171-4e17-9e3a-b12e44f36186@group-6A8FC32459EF-LeaderElection14] INFO  impl.LeaderElection (LogUtils.java:infoOrTrace(137)) -   Exception 0: java.util.concurrent.ExecutionException: org.apache.ratis.thirdparty.io.grpc.StatusRuntimeException: UNAVAILABLE: io exception
2022-08-03 01:55:46,516 [d2433786-0171-4e17-9e3a-b12e44f36186@group-6A8FC32459EF-LeaderElection14] INFO  impl.LeaderElection (LogUtils.java:infoOrTrace(137)) -   Exception 1: java.util.concurrent.ExecutionException: org.apache.ratis.thirdparty.io.grpc.StatusRuntimeException: UNAVAILABLE: io exception
2022-08-03 01:55:46,516 [d2433786-0171-4e17-9e3a-b12e44f36186@group-6A8FC32459EF-LeaderElection14] INFO  impl.LeaderElection (LeaderElection.java:askForVotes(312)) - d2433786-0171-4e17-9e3a-b12e44f36186@group-6A8FC32459EF-LeaderElection14 ELECTION round 0: result REJECTED
2022-08-03 01:55:46,516 [d2433786-0171-4e17-9e3a-b12e44f36186@group-6A8FC32459EF-LeaderElection14] INFO  server.RaftServer$Division (RaftServerImpl.java:setRole(299)) - d2433786-0171-4e17-9e3a-b12e44f36186@group-6A8FC32459EF: changes role from CANDIDATE to FOLLOWER at term 5 for REJECTED
2022-08-03 01:55:46,516 [d2433786-0171-4e17-9e3a-b12e44f36186@group-6A8FC32459EF-LeaderElection14] INFO  impl.RoleInfo (RoleInfo.java:shutdownLeaderElection(130)) - d2433786-0171-4e17-9e3a-b12e44f36186: shutdown d2433786-0171-4e17-9e3a-b12e44f36186@group-6A8FC32459EF-LeaderElection14
2022-08-03 01:55:46,516 [d2433786-0171-4e17-9e3a-b12e44f36186@group-6A8FC32459EF-LeaderElection14] INFO  impl.RoleInfo (RoleInfo.java:updateAndGet(139)) - d2433786-0171-4e17-9e3a-b12e44f36186: start d2433786-0171-4e17-9e3a-b12e44f36186@group-6A8FC32459EF-FollowerState
2022-08-03 01:55:48,435 [d2433786-0171-4e17-9e3a-b12e44f36186@group-ABFECFD9E082-FollowerState] INFO  impl.FollowerState (FollowerState.java:lostMajorityHeartbeatsRecently(108)) - d2433786-0171-4e17-9e3a-b12e44f36186@group-ABFECFD9E082-FollowerState: Skipping leader election since it stepped down recently (elapsed = 5168ms < waitTime = 10s)
2022-08-03 01:55:49,868 [ForkJoinPool.commonPool-worker-0] INFO  ozoneimpl.OzoneContainer (OzoneContainer.java:stop(399)) - Attempting to stop container services.
2022-08-03 01:55:49,869 [ForkJoinPool.commonPool-worker-0] INFO  server.RaftServer (RaftServerProxy.java:lambda$close$7(398)) - d2433786-0171-4e17-9e3a-b12e44f36186: close
2022-08-03 01:55:49,869 [ForkJoinPool.commonPool-worker-0] INFO  server.RaftServer$Division (RaftServerImpl.java:lambda$close$4(434)) - d2433786-0171-4e17-9e3a-b12e44f36186@group-82E7BC7988F3: shutdown
2022-08-03 01:55:49,869 [ForkJoinPool.commonPool-worker-0] INFO  util.JmxRegister (JmxRegister.java:unregister(73)) - Successfully un-registered JMX Bean with object name Ratis:service=RaftServer,group=group-82E7BC7988F3,id=d2433786-0171-4e17-9e3a-b12e44f36186
2022-08-03 01:55:49,869 [ForkJoinPool.commonPool-worker-0] INFO  impl.RoleInfo (RoleInfo.java:shutdownLeaderState(93)) - d2433786-0171-4e17-9e3a-b12e44f36186: shutdown d2433786-0171-4e17-9e3a-b12e44f36186@group-82E7BC7988F3-LeaderStateImpl
2022-08-03 01:55:49,869 [ForkJoinPool.commonPool-worker-0] INFO  impl.PendingRequests (PendingRequests.java:sendNotLeaderResponses(282)) - d2433786-0171-4e17-9e3a-b12e44f36186@group-82E7BC7988F3-PendingRequests: sendNotLeaderResponses
2022-08-03 01:55:49,870 [ForkJoinPool.commonPool-worker-0] INFO  impl.StateMachineUpdater (StateMachineUpdater.java:stopAndJoin(153)) - d2433786-0171-4e17-9e3a-b12e44f36186@group-82E7BC7988F3-StateMachineUpdater: set stopIndex = 0
2022-08-03 01:55:49,870 [d2433786-0171-4e17-9e3a-b12e44f36186@group-82E7BC7988F3-StateMachineUpdater] INFO  ratis.ContainerStateMachine (ContainerStateMachine.java:takeSnapshot(304)) - group-82E7BC7988F3: Taking a snapshot at:(t:1, i:0) file /home/runner/work/ozone/ozone/hadoop-ozone/integration-test/target/test-dir/MiniOzoneClusterImpl-6a096081-edc2-4b52-80a3-ccd1f0f4fae5/datanode-0/data/ratis/88f9b23c-f19c-4ee8-a0ac-82e7bc7988f3/sm/snapshot.1_0
2022-08-03 01:55:49,873 [d2433786-0171-4e17-9e3a-b12e44f36186@group-82E7BC7988F3-StateMachineUpdater] INFO  ratis.ContainerStateMachine (ContainerStateMachine.java:takeSnapshot(315)) - group-82E7BC7988F3: Finished taking a snapshot at:(t:1, i:0) file:/home/runner/work/ozone/ozone/hadoop-ozone/integration-test/target/test-dir/MiniOzoneClusterImpl-6a096081-edc2-4b52-80a3-ccd1f0f4fae5/datanode-0/data/ratis/88f9b23c-f19c-4ee8-a0ac-82e7bc7988f3/sm/snapshot.1_0 took: 3 ms
2022-08-03 01:55:49,873 [d2433786-0171-4e17-9e3a-b12e44f36186@group-82E7BC7988F3-StateMachineUpdater] INFO  impl.StateMachineUpdater (StateMachineUpdater.java:takeSnapshot(287)) - d2433786-0171-4e17-9e3a-b12e44f36186@group-82E7BC7988F3-StateMachineUpdater: Took a snapshot at index 0
2022-08-03 01:55:49,873 [d2433786-0171-4e17-9e3a-b12e44f36186@group-82E7BC7988F3-StateMachineUpdater] INFO  impl.StateMachineUpdater (StateMachineUpdater.java:lambda$new$0(92)) - d2433786-0171-4e17-9e3a-b12e44f36186@group-82E7BC7988F3-StateMachineUpdater: snapshotIndex: updateIncreasingly -1 -> 0
2022-08-03 01:55:49,874 [ForkJoinPool.commonPool-worker-0] INFO  server.RaftServer$Division (ServerState.java:close(429)) - d2433786-0171-4e17-9e3a-b12e44f36186@group-82E7BC7988F3: closes. applyIndex: 0
2022-08-03 01:55:49,874 [d2433786-0171-4e17-9e3a-b12e44f36186@group-82E7BC7988F3-SegmentedRaftLogWorker] INFO  segmented.SegmentedRaftLogWorker (SegmentedRaftLogWorker.java:run(336)) - d2433786-0171-4e17-9e3a-b12e44f36186@group-82E7BC7988F3-SegmentedRaftLogWorker was interrupted, exiting. There are 0 tasks remaining in the queue.
2022-08-03 01:55:49,874 [ForkJoinPool.commonPool-worker-0] INFO  segmented.SegmentedRaftLogWorker (SegmentedRaftLogWorker.java:close(246)) - d2433786-0171-4e17-9e3a-b12e44f36186@group-82E7BC7988F3-SegmentedRaftLogWorker close()
2022-08-03 01:55:49,875 [ForkJoinPool.commonPool-worker-0] INFO  server.RaftServer$Division (RaftServerImpl.java:lambda$close$4(434)) - d2433786-0171-4e17-9e3a-b12e44f36186@group-6A8FC32459EF: shutdown
2022-08-03 01:55:49,875 [ForkJoinPool.commonPool-worker-0] INFO  util.JmxRegister (JmxRegister.java:unregister(73)) - Successfully un-registered JMX Bean with object name Ratis:service=RaftServer,group=group-6A8FC32459EF,id=d2433786-0171-4e17-9e3a-b12e44f36186
2022-08-03 01:55:49,875 [ForkJoinPool.commonPool-worker-0] INFO  impl.RoleInfo (RoleInfo.java:shutdownFollowerState(110)) - d2433786-0171-4e17-9e3a-b12e44f36186: shutdown d2433786-0171-4e17-9e3a-b12e44f36186@group-6A8FC32459EF-FollowerState
2022-08-03 01:55:49,875 [ForkJoinPool.commonPool-worker-0] INFO  impl.StateMachineUpdater (StateMachineUpdater.java:stopAndJoin(153)) - d2433786-0171-4e17-9e3a-b12e44f36186@group-6A8FC32459EF-StateMachineUpdater: set stopIndex = 4
2022-08-03 01:55:49,876 [d2433786-0171-4e17-9e3a-b12e44f36186@group-6A8FC32459EF-StateMachineUpdater] INFO  ratis.ContainerStateMachine (ContainerStateMachine.java:takeSnapshot(304)) - group-6A8FC32459EF: Taking a snapshot at:(t:4, i:4) file /home/runner/work/ozone/ozone/hadoop-ozone/integration-test/target/test-dir/MiniOzoneClusterImpl-6a096081-edc2-4b52-80a3-ccd1f0f4fae5/datanode-0/data/ratis/33ec60f8-dcf4-45c9-ab6b-6a8fc32459ef/sm/snapshot.4_4
2022-08-03 01:55:49,875 [d2433786-0171-4e17-9e3a-b12e44f36186@group-6A8FC32459EF-FollowerState] INFO  impl.FollowerState (FollowerState.java:run(152)) - d2433786-0171-4e17-9e3a-b12e44f36186@group-6A8FC32459EF-FollowerState was interrupted
2022-08-03 01:55:49,877 [d2433786-0171-4e17-9e3a-b12e44f36186@group-6A8FC32459EF-StateMachineUpdater] INFO  ratis.ContainerStateMachine (ContainerStateMachine.java:takeSnapshot(315)) - group-6A8FC32459EF: Finished taking a snapshot at:(t:4, i:4) file:/home/runner/work/ozone/ozone/hadoop-ozone/integration-test/target/test-dir/MiniOzoneClusterImpl-6a096081-edc2-4b52-80a3-ccd1f0f4fae5/datanode-0/data/ratis/33ec60f8-dcf4-45c9-ab6b-6a8fc32459ef/sm/snapshot.4_4 took: 1 ms
2022-08-03 01:55:49,877 [d2433786-0171-4e17-9e3a-b12e44f36186@group-6A8FC32459EF-StateMachineUpdater] INFO  impl.StateMachineUpdater (StateMachineUpdater.java:takeSnapshot(287)) - d2433786-0171-4e17-9e3a-b12e44f36186@group-6A8FC32459EF-StateMachineUpdater: Took a snapshot at index 4
2022-08-03 01:55:49,877 [d2433786-0171-4e17-9e3a-b12e44f36186@group-6A8FC32459EF-StateMachineUpdater] INFO  impl.StateMachineUpdater (StateMachineUpdater.java:lambda$new$0(92)) - d2433786-0171-4e17-9e3a-b12e44f36186@group-6A8FC32459EF-StateMachineUpdater: snapshotIndex: updateIncreasingly -1 -> 4
2022-08-03 01:55:49,877 [ForkJoinPool.commonPool-worker-0] INFO  server.RaftServer$Division (ServerState.java:close(429)) - d2433786-0171-4e17-9e3a-b12e44f36186@group-6A8FC32459EF: closes. applyIndex: 4
2022-08-03 01:55:49,877 [d2433786-0171-4e17-9e3a-b12e44f36186@group-6A8FC32459EF-SegmentedRaftLogWorker] INFO  segmented.SegmentedRaftLogWorker (SegmentedRaftLogWorker.java:run(336)) - d2433786-0171-4e17-9e3a-b12e44f36186@group-6A8FC32459EF-SegmentedRaftLogWorker was interrupted, exiting. There are 0 tasks remaining in the queue.
2022-08-03 01:55:49,878 [ForkJoinPool.commonPool-worker-0] INFO  segmented.SegmentedRaftLogWorker (SegmentedRaftLogWorker.java:close(246)) - d2433786-0171-4e17-9e3a-b12e44f36186@group-6A8FC32459EF-SegmentedRaftLogWorker close()
2022-08-03 01:55:49,881 [ForkJoinPool.commonPool-worker-0] INFO  server.RaftServer$Division (RaftServerImpl.java:lambda$close$4(434)) - d2433786-0171-4e17-9e3a-b12e44f36186@group-ABFECFD9E082: shutdown
2022-08-03 01:55:49,882 [ForkJoinPool.commonPool-worker-0] INFO  util.JmxRegister (JmxRegister.java:unregister(73)) - Successfully un-registered JMX Bean with object name Ratis:service=RaftServer,group=group-ABFECFD9E082,id=d2433786-0171-4e17-9e3a-b12e44f36186
2022-08-03 01:55:49,882 [ForkJoinPool.commonPool-worker-0] INFO  impl.RoleInfo (RoleInfo.java:shutdownFollowerState(110)) - d2433786-0171-4e17-9e3a-b12e44f36186: shutdown d2433786-0171-4e17-9e3a-b12e44f36186@group-ABFECFD9E082-FollowerState
2022-08-03 01:55:49,882 [ForkJoinPool.commonPool-worker-0] INFO  impl.StateMachineUpdater (StateMachineUpdater.java:stopAndJoin(153)) - d2433786-0171-4e17-9e3a-b12e44f36186@group-ABFECFD9E082-StateMachineUpdater: set stopIndex = 25
2022-08-03 01:55:49,882 [d2433786-0171-4e17-9e3a-b12e44f36186@group-ABFECFD9E082-StateMachineUpdater] INFO  ratis.ContainerStateMachine (ContainerStateMachine.java:takeSnapshot(304)) - group-ABFECFD9E082: Taking a snapshot at:(t:1, i:25) file /home/runner/work/ozone/ozone/hadoop-ozone/integration-test/target/test-dir/MiniOzoneClusterImpl-6a096081-edc2-4b52-80a3-ccd1f0f4fae5/datanode-0/data/ratis/11a09448-7cda-4d49-9fe8-abfecfd9e082/sm/snapshot.1_25
2022-08-03 01:55:49,882 [d2433786-0171-4e17-9e3a-b12e44f36186@group-ABFECFD9E082-FollowerState] INFO  impl.FollowerState (FollowerState.java:run(152)) - d2433786-0171-4e17-9e3a-b12e44f36186@group-ABFECFD9E082-FollowerState was interrupted
2022-08-03 01:55:49,885 [d2433786-0171-4e17-9e3a-b12e44f36186@group-ABFECFD9E082-StateMachineUpdater] INFO  ratis.ContainerStateMachine (ContainerStateMachine.java:takeSnapshot(315)) - group-ABFECFD9E082: Finished taking a snapshot at:(t:1, i:25) file:/home/runner/work/ozone/ozone/hadoop-ozone/integration-test/target/test-dir/MiniOzoneClusterImpl-6a096081-edc2-4b52-80a3-ccd1f0f4fae5/datanode-0/data/ratis/11a09448-7cda-4d49-9fe8-abfecfd9e082/sm/snapshot.1_25 took: 3 ms
2022-08-03 01:55:49,885 [d2433786-0171-4e17-9e3a-b12e44f36186@group-ABFECFD9E082-StateMachineUpdater] INFO  impl.StateMachineUpdater (StateMachineUpdater.java:takeSnapshot(287)) - d2433786-0171-4e17-9e3a-b12e44f36186@group-ABFECFD9E082-StateMachineUpdater: Took a snapshot at index 25
2022-08-03 01:55:49,885 [d2433786-0171-4e17-9e3a-b12e44f36186@group-ABFECFD9E082-StateMachineUpdater] INFO  impl.StateMachineUpdater (StateMachineUpdater.java:lambda$new$0(92)) - d2433786-0171-4e17-9e3a-b12e44f36186@group-ABFECFD9E082-StateMachineUpdater: snapshotIndex: updateIncreasingly -1 -> 25
2022-08-03 01:55:49,886 [ForkJoinPool.commonPool-worker-0] INFO  server.RaftServer$Division (ServerState.java:close(429)) - d2433786-0171-4e17-9e3a-b12e44f36186@group-ABFECFD9E082: closes. applyIndex: 25
2022-08-03 01:55:49,886 [d2433786-0171-4e17-9e3a-b12e44f36186@group-ABFECFD9E082-SegmentedRaftLogWorker] INFO  segmented.SegmentedRaftLogWorker (SegmentedRaftLogWorker.java:run(336)) - d2433786-0171-4e17-9e3a-b12e44f36186@group-ABFECFD9E082-SegmentedRaftLogWorker was interrupted, exiting. There are 0 tasks remaining in the queue.
2022-08-03 01:55:49,887 [ForkJoinPool.commonPool-worker-0] INFO  segmented.SegmentedRaftLogWorker (SegmentedRaftLogWorker.java:close(246)) - d2433786-0171-4e17-9e3a-b12e44f36186@group-ABFECFD9E082-SegmentedRaftLogWorker close()
2022-08-03 01:55:49,887 [ForkJoinPool.commonPool-worker-0] INFO  server.GrpcService (GrpcService.java:closeImpl(269)) - d2433786-0171-4e17-9e3a-b12e44f36186: shutdown server with port 41907 now
2022-08-03 01:55:49,893 [ForkJoinPool.commonPool-worker-0] INFO  server.GrpcService (GrpcService.java:closeImpl(278)) - d2433786-0171-4e17-9e3a-b12e44f36186: shutdown server with port 41907 successfully
2022-08-03 01:55:49,893 [org.apache.ratis.util.JvmPauseMonitor$$Lambda$631/606875044@3383556c] INFO  util.JvmPauseMonitor (JvmPauseMonitor.java:run(109)) - JvmPauseMonitor-d2433786-0171-4e17-9e3a-b12e44f36186: Stopped
2022-08-03 01:55:49,892 [grpc-default-executor-5] WARN  server.GrpcClientProtocolService (LogUtils.java:warn(122)) - 1-UnorderedRequestStreamObserver1: onError: org.apache.ratis.thirdparty.io.grpc.StatusRuntimeException: CANCELLED: client cancelled
2022-08-03 01:55:49,897 [Listener at 127.0.0.1/35175] INFO  ozoneimpl.OzoneContainer (OzoneContainer.java:stop(399)) - Attempting to stop container services.
2022-08-03 01:55:49,897 [Listener at 127.0.0.1/35175] INFO  server.RaftServer (RaftServerProxy.java:lambda$close$7(398)) - 3af0815a-b562-4e3c-89c3-e6a4aa9e64d7: close
2022-08-03 01:55:49,897 [Listener at 127.0.0.1/35175] INFO  server.RaftServer$Division (RaftServerImpl.java:lambda$close$4(434)) - 3af0815a-b562-4e3c-89c3-e6a4aa9e64d7@group-3C12C85C2B14: shutdown
2022-08-03 01:55:49,897 [Listener at 127.0.0.1/35175] INFO  util.JmxRegister (JmxRegister.java:unregister(73)) - Successfully un-registered JMX Bean with object name Ratis:service=RaftServer,group=group-3C12C85C2B14,id=3af0815a-b562-4e3c-89c3-e6a4aa9e64d7
2022-08-03 01:55:49,898 [Listener at 127.0.0.1/35175] INFO  impl.RoleInfo (RoleInfo.java:shutdownLeaderState(93)) - 3af0815a-b562-4e3c-89c3-e6a4aa9e64d7: shutdown 3af0815a-b562-4e3c-89c3-e6a4aa9e64d7@group-3C12C85C2B14-LeaderStateImpl
2022-08-03 01:55:49,898 [Listener at 127.0.0.1/35175] INFO  impl.PendingRequests (PendingRequests.java:sendNotLeaderResponses(282)) - 3af0815a-b562-4e3c-89c3-e6a4aa9e64d7@group-3C12C85C2B14-PendingRequests: sendNotLeaderResponses
2022-08-03 01:55:49,898 [Listener at 127.0.0.1/35175] INFO  impl.StateMachineUpdater (StateMachineUpdater.java:stopAndJoin(153)) - 3af0815a-b562-4e3c-89c3-e6a4aa9e64d7@group-3C12C85C2B14-StateMachineUpdater: set stopIndex = 0
2022-08-03 01:55:49,899 [3af0815a-b562-4e3c-89c3-e6a4aa9e64d7@group-3C12C85C2B14-StateMachineUpdater] INFO  ratis.ContainerStateMachine (ContainerStateMachine.java:takeSnapshot(304)) - group-3C12C85C2B14: Taking a snapshot at:(t:1, i:0) file /home/runner/work/ozone/ozone/hadoop-ozone/integration-test/target/test-dir/MiniOzoneClusterImpl-6a096081-edc2-4b52-80a3-ccd1f0f4fae5/datanode-4/data/ratis/b31f1b66-7f3f-45fd-90eb-3c12c85c2b14/sm/snapshot.1_0
2022-08-03 01:55:49,900 [3af0815a-b562-4e3c-89c3-e6a4aa9e64d7@group-3C12C85C2B14-StateMachineUpdater] INFO  ratis.ContainerStateMachine (ContainerStateMachine.java:takeSnapshot(315)) - group-3C12C85C2B14: Finished taking a snapshot at:(t:1, i:0) file:/home/runner/work/ozone/ozone/hadoop-ozone/integration-test/target/test-dir/MiniOzoneClusterImpl-6a096081-edc2-4b52-80a3-ccd1f0f4fae5/datanode-4/data/ratis/b31f1b66-7f3f-45fd-90eb-3c12c85c2b14/sm/snapshot.1_0 took: 1 ms
2022-08-03 01:55:49,900 [3af0815a-b562-4e3c-89c3-e6a4aa9e64d7@group-3C12C85C2B14-StateMachineUpdater] INFO  impl.StateMachineUpdater (StateMachineUpdater.java:takeSnapshot(287)) - 3af0815a-b562-4e3c-89c3-e6a4aa9e64d7@group-3C12C85C2B14-StateMachineUpdater: Took a snapshot at index 0
2022-08-03 01:55:49,900 [3af0815a-b562-4e3c-89c3-e6a4aa9e64d7@group-3C12C85C2B14-StateMachineUpdater] INFO  impl.StateMachineUpdater (StateMachineUpdater.java:lambda$new$0(92)) - 3af0815a-b562-4e3c-89c3-e6a4aa9e64d7@group-3C12C85C2B14-StateMachineUpdater: snapshotIndex: updateIncreasingly -1 -> 0
2022-08-03 01:55:49,900 [Listener at 127.0.0.1/35175] INFO  server.RaftServer$Division (ServerState.java:close(429)) - 3af0815a-b562-4e3c-89c3-e6a4aa9e64d7@group-3C12C85C2B14: closes. applyIndex: 0
2022-08-03 01:55:49,901 [3af0815a-b562-4e3c-89c3-e6a4aa9e64d7@group-3C12C85C2B14-SegmentedRaftLogWorker] INFO  segmented.SegmentedRaftLogWorker (SegmentedRaftLogWorker.java:run(336)) - 3af0815a-b562-4e3c-89c3-e6a4aa9e64d7@group-3C12C85C2B14-SegmentedRaftLogWorker was interrupted, exiting. There are 0 tasks remaining in the queue.
2022-08-03 01:55:49,901 [Listener at 127.0.0.1/35175] INFO  segmented.SegmentedRaftLogWorker (SegmentedRaftLogWorker.java:close(246)) - 3af0815a-b562-4e3c-89c3-e6a4aa9e64d7@group-3C12C85C2B14-SegmentedRaftLogWorker close()
2022-08-03 01:55:49,902 [Listener at 127.0.0.1/35175] INFO  server.GrpcService (GrpcService.java:closeImpl(269)) - 3af0815a-b562-4e3c-89c3-e6a4aa9e64d7: shutdown server with port 38451 now
2022-08-03 01:55:49,902 [Listener at 127.0.0.1/35175] INFO  server.GrpcService (GrpcService.java:closeImpl(278)) - 3af0815a-b562-4e3c-89c3-e6a4aa9e64d7: shutdown server with port 38451 successfully
2022-08-03 01:55:49,902 [org.apache.ratis.util.JvmPauseMonitor$$Lambda$631/606875044@4cedb7cc] INFO  util.JvmPauseMonitor (JvmPauseMonitor.java:run(109)) - JvmPauseMonitor-3af0815a-b562-4e3c-89c3-e6a4aa9e64d7: Stopped
2022-08-03 01:55:51,913 [Listener at 127.0.0.1/35175] INFO  utils.BackgroundService (BackgroundService.java:shutdown(141)) - Shutting down service BlockDeletingService
2022-08-03 01:55:51,914 [Listener at 127.0.0.1/35175] INFO  utils.BackgroundService (BackgroundService.java:shutdown(141)) - Shutting down service StaleRecoveringContainerScrubbingService
2022-08-03 01:55:51,929 [ForkJoinPool.commonPool-worker-0] INFO  utils.BackgroundService (BackgroundService.java:shutdown(141)) - Shutting down service BlockDeletingService
2022-08-03 01:55:51,929 [ForkJoinPool.commonPool-worker-0] INFO  utils.BackgroundService (BackgroundService.java:shutdown(141)) - Shutting down service StaleRecoveringContainerScrubbingService
2022-08-03 01:55:54,921 [Listener at 127.0.0.1/35175] INFO  statemachine.DatanodeStateMachine (DatanodeStateMachine.java:stopDaemon(580)) - Ozone container server stopped.
2022-08-03 01:55:54,931 [Listener at 127.0.0.1/35175] INFO  handler.ContextHandler (ContextHandler.java:doStop(1153)) - Stopped o.e.j.w.WebAppContext@4dcf44c4{hddsDatanode,/,null,STOPPED}{jar:file:/home/runner/.m2/repository/org/apache/ozone/hdds-container-service/1.3.0-SNAPSHOT/hdds-container-service-1.3.0-SNAPSHOT.jar!/webapps/hddsDatanode}
2022-08-03 01:55:54,931 [ForkJoinPool.commonPool-worker-0] INFO  statemachine.DatanodeStateMachine (DatanodeStateMachine.java:stopDaemon(580)) - Ozone container server stopped.
2022-08-03 01:55:54,956 [Listener at 127.0.0.1/35175] INFO  server.AbstractConnector (AbstractConnector.java:doStop(381)) - Stopped ServerConnector@74a0d8a{HTTP/1.1, (http/1.1)}{0.0.0.0:0}
2022-08-03 01:55:54,956 [Listener at 127.0.0.1/35175] INFO  server.session (HouseKeeper.java:stopScavenging(149)) - node0 Stopped scavenging
2022-08-03 01:55:54,956 [Listener at 127.0.0.1/35175] INFO  handler.ContextHandler (ContextHandler.java:doStop(1153)) - Stopped o.e.j.s.ServletContextHandler@45761ad8{static,/static,jar:file:/home/runner/.m2/repository/org/apache/ozone/hdds-container-service/1.3.0-SNAPSHOT/hdds-container-service-1.3.0-SNAPSHOT.jar!/webapps/static,STOPPED}
2022-08-03 01:55:54,957 [Listener at 127.0.0.1/35175] INFO  handler.ContextHandler (ContextHandler.java:doStop(1153)) - Stopped o.e.j.s.ServletContextHandler@385c3093{logs,/logs,file:///home/runner/work/ozone/ozone/hadoop-ozone/integration-test/target/log,STOPPED}
2022-08-03 01:55:54,960 [Datanode State Machine Daemon Thread] WARN  statemachine.StateContext (StateContext.java:setState(252)) - Ignore disallowed transition from SHUTDOWN to RUNNING
2022-08-03 01:55:54,972 [ForkJoinPool.commonPool-worker-0] INFO  handler.ContextHandler (ContextHandler.java:doStop(1153)) - Stopped o.e.j.w.WebAppContext@c63a15f{hddsDatanode,/,null,STOPPED}{jar:file:/home/runner/.m2/repository/org/apache/ozone/hdds-container-service/1.3.0-SNAPSHOT/hdds-container-service-1.3.0-SNAPSHOT.jar!/webapps/hddsDatanode}
2022-08-03 01:55:54,973 [ForkJoinPool.commonPool-worker-0] INFO  server.AbstractConnector (AbstractConnector.java:doStop(381)) - Stopped ServerConnector@66692051{HTTP/1.1, (http/1.1)}{0.0.0.0:0}
2022-08-03 01:55:54,973 [ForkJoinPool.commonPool-worker-0] INFO  server.session (HouseKeeper.java:stopScavenging(149)) - node0 Stopped scavenging
2022-08-03 01:55:54,974 [ForkJoinPool.commonPool-worker-0] INFO  handler.ContextHandler (ContextHandler.java:doStop(1153)) - Stopped o.e.j.s.ServletContextHandler@5fbccdcb{static,/static,jar:file:/home/runner/.m2/repository/org/apache/ozone/hdds-container-service/1.3.0-SNAPSHOT/hdds-container-service-1.3.0-SNAPSHOT.jar!/webapps/static,STOPPED}
2022-08-03 01:55:54,974 [ForkJoinPool.commonPool-worker-0] INFO  handler.ContextHandler (ContextHandler.java:doStop(1153)) - Stopped o.e.j.s.ServletContextHandler@12c9f1eb{logs,/logs,file:///home/runner/work/ozone/ozone/hadoop-ozone/integration-test/target/log,STOPPED}
2022-08-03 01:55:55,723 [UnderReplicatedQueueThreadThread] INFO  replication.UnderReplicatedProcessor (UnderReplicatedProcessor.java:processAll(85)) - Processed 0 under replicated containers, failed processing 0
2022-08-03 01:55:55,734 [OverReplicatedQueueThreadThread] INFO  replication.OverReplicatedProcessor (OverReplicatedProcessor.java:processAll(83)) - Processed 0 over replicated containers, failed processing 0
2022-08-03 01:55:59,960 [Listener at 127.0.0.1/35175] INFO  ozoneimpl.OzoneContainer (OzoneContainer.java:stop(399)) - Attempting to stop container services.
2022-08-03 01:55:59,961 [Listener at 127.0.0.1/35175] INFO  server.RaftServer (RaftServerProxy.java:lambda$close$7(398)) - e84011ff-6ca7-4c66-9967-ecab54098873: close
2022-08-03 01:55:59,961 [Listener at 127.0.0.1/35175] INFO  server.RaftServer$Division (RaftServerImpl.java:lambda$close$4(434)) - e84011ff-6ca7-4c66-9967-ecab54098873@group-9BCFE6B2AEA6: shutdown
2022-08-03 01:55:59,961 [Listener at 127.0.0.1/35175] INFO  util.JmxRegister (JmxRegister.java:unregister(73)) - Successfully un-registered JMX Bean with object name Ratis:service=RaftServer,group=group-9BCFE6B2AEA6,id=e84011ff-6ca7-4c66-9967-ecab54098873
2022-08-03 01:55:59,961 [Listener at 127.0.0.1/35175] INFO  impl.RoleInfo (RoleInfo.java:shutdownLeaderState(93)) - e84011ff-6ca7-4c66-9967-ecab54098873: shutdown e84011ff-6ca7-4c66-9967-ecab54098873@group-9BCFE6B2AEA6-LeaderStateImpl
2022-08-03 01:55:59,961 [Listener at 127.0.0.1/35175] INFO  impl.PendingRequests (PendingRequests.java:sendNotLeaderResponses(282)) - e84011ff-6ca7-4c66-9967-ecab54098873@group-9BCFE6B2AEA6-PendingRequests: sendNotLeaderResponses
2022-08-03 01:55:59,962 [e84011ff-6ca7-4c66-9967-ecab54098873@group-9BCFE6B2AEA6-StateMachineUpdater] INFO  ratis.ContainerStateMachine (ContainerStateMachine.java:takeSnapshot(304)) - group-9BCFE6B2AEA6: Taking a snapshot at:(t:1, i:0) file /home/runner/work/ozone/ozone/hadoop-ozone/integration-test/target/test-dir/MiniOzoneClusterImpl-6a096081-edc2-4b52-80a3-ccd1f0f4fae5/datanode-3/data/ratis/3b83fc82-9f06-445e-bd29-9bcfe6b2aea6/sm/snapshot.1_0
2022-08-03 01:55:59,964 [Listener at 127.0.0.1/35175] INFO  impl.StateMachineUpdater (StateMachineUpdater.java:stopAndJoin(153)) - e84011ff-6ca7-4c66-9967-ecab54098873@group-9BCFE6B2AEA6-StateMachineUpdater: set stopIndex = 0
2022-08-03 01:55:59,971 [e84011ff-6ca7-4c66-9967-ecab54098873@group-9BCFE6B2AEA6-StateMachineUpdater] INFO  ratis.ContainerStateMachine (ContainerStateMachine.java:takeSnapshot(315)) - group-9BCFE6B2AEA6: Finished taking a snapshot at:(t:1, i:0) file:/home/runner/work/ozone/ozone/hadoop-ozone/integration-test/target/test-dir/MiniOzoneClusterImpl-6a096081-edc2-4b52-80a3-ccd1f0f4fae5/datanode-3/data/ratis/3b83fc82-9f06-445e-bd29-9bcfe6b2aea6/sm/snapshot.1_0 took: 9 ms
2022-08-03 01:55:59,972 [e84011ff-6ca7-4c66-9967-ecab54098873@group-9BCFE6B2AEA6-StateMachineUpdater] INFO  impl.StateMachineUpdater (StateMachineUpdater.java:takeSnapshot(287)) - e84011ff-6ca7-4c66-9967-ecab54098873@group-9BCFE6B2AEA6-StateMachineUpdater: Took a snapshot at index 0
2022-08-03 01:55:59,972 [e84011ff-6ca7-4c66-9967-ecab54098873@group-9BCFE6B2AEA6-StateMachineUpdater] INFO  impl.StateMachineUpdater (StateMachineUpdater.java:lambda$new$0(92)) - e84011ff-6ca7-4c66-9967-ecab54098873@group-9BCFE6B2AEA6-StateMachineUpdater: snapshotIndex: updateIncreasingly -1 -> 0
2022-08-03 01:55:59,972 [Listener at 127.0.0.1/35175] INFO  server.RaftServer$Division (ServerState.java:close(429)) - e84011ff-6ca7-4c66-9967-ecab54098873@group-9BCFE6B2AEA6: closes. applyIndex: 0
2022-08-03 01:55:59,973 [e84011ff-6ca7-4c66-9967-ecab54098873@group-9BCFE6B2AEA6-SegmentedRaftLogWorker] INFO  segmented.SegmentedRaftLogWorker (SegmentedRaftLogWorker.java:run(336)) - e84011ff-6ca7-4c66-9967-ecab54098873@group-9BCFE6B2AEA6-SegmentedRaftLogWorker was interrupted, exiting. There are 0 tasks remaining in the queue.
2022-08-03 01:55:59,973 [Listener at 127.0.0.1/35175] INFO  segmented.SegmentedRaftLogWorker (SegmentedRaftLogWorker.java:close(246)) - e84011ff-6ca7-4c66-9967-ecab54098873@group-9BCFE6B2AEA6-SegmentedRaftLogWorker close()
2022-08-03 01:55:59,974 [Listener at 127.0.0.1/35175] INFO  server.GrpcService (GrpcService.java:closeImpl(269)) - e84011ff-6ca7-4c66-9967-ecab54098873: shutdown server with port 32799 now
2022-08-03 01:55:59,976 [Listener at 127.0.0.1/35175] INFO  server.GrpcService (GrpcService.java:closeImpl(278)) - e84011ff-6ca7-4c66-9967-ecab54098873: shutdown server with port 32799 successfully
2022-08-03 01:55:59,977 [org.apache.ratis.util.JvmPauseMonitor$$Lambda$631/606875044@7a54e12a] INFO  util.JvmPauseMonitor (JvmPauseMonitor.java:run(109)) - JvmPauseMonitor-e84011ff-6ca7-4c66-9967-ecab54098873: Stopped
2022-08-03 01:56:01,983 [Listener at 127.0.0.1/35175] INFO  utils.BackgroundService (BackgroundService.java:shutdown(141)) - Shutting down service BlockDeletingService
2022-08-03 01:56:01,984 [Listener at 127.0.0.1/35175] INFO  utils.BackgroundService (BackgroundService.java:shutdown(141)) - Shutting down service StaleRecoveringContainerScrubbingService
2022-08-03 01:56:04,999 [Listener at 127.0.0.1/35175] INFO  statemachine.DatanodeStateMachine (DatanodeStateMachine.java:stopDaemon(580)) - Ozone container server stopped.
2022-08-03 01:56:05,013 [Listener at 127.0.0.1/35175] INFO  handler.ContextHandler (ContextHandler.java:doStop(1153)) - Stopped o.e.j.w.WebAppContext@48cd313{hddsDatanode,/,null,STOPPED}{jar:file:/home/runner/.m2/repository/org/apache/ozone/hdds-container-service/1.3.0-SNAPSHOT/hdds-container-service-1.3.0-SNAPSHOT.jar!/webapps/hddsDatanode}
2022-08-03 01:56:05,016 [Listener at 127.0.0.1/35175] INFO  server.AbstractConnector (AbstractConnector.java:doStop(381)) - Stopped ServerConnector@6e3a8d16{HTTP/1.1, (http/1.1)}{0.0.0.0:0}
2022-08-03 01:56:05,016 [Listener at 127.0.0.1/35175] INFO  server.session (HouseKeeper.java:stopScavenging(149)) - node0 Stopped scavenging
2022-08-03 01:56:05,016 [Listener at 127.0.0.1/35175] INFO  handler.ContextHandler (ContextHandler.java:doStop(1153)) - Stopped o.e.j.s.ServletContextHandler@7f9c22ac{static,/static,jar:file:/home/runner/.m2/repository/org/apache/ozone/hdds-container-service/1.3.0-SNAPSHOT/hdds-container-service-1.3.0-SNAPSHOT.jar!/webapps/static,STOPPED}
2022-08-03 01:56:05,016 [Listener at 127.0.0.1/35175] INFO  handler.ContextHandler (ContextHandler.java:doStop(1153)) - Stopped o.e.j.s.ServletContextHandler@66505b79{logs,/logs,file:///home/runner/work/ozone/ozone/hadoop-ozone/integration-test/target/log,STOPPED}
2022-08-03 01:56:05,019 [Listener at 127.0.0.1/35175] INFO  ozone.MiniOzoneClusterImpl (MiniOzoneClusterImpl.java:stopSCM(537)) - Stopping the StorageContainerManager
2022-08-03 01:56:05,028 [Listener at 127.0.0.1/35175] INFO  server.StorageContainerManager (StorageContainerManager.java:stop(1552)) - Container Balancer is not running.
2022-08-03 01:56:05,029 [Listener at 127.0.0.1/35175] INFO  server.StorageContainerManager (StorageContainerManager.java:stop(1559)) - Stopping Replication Manager Service.
2022-08-03 01:56:05,029 [Listener at 127.0.0.1/35175] INFO  replication.ReplicationManager (ReplicationManager.java:stop(233)) - Stopping Replication Monitor Thread.
2022-08-03 01:56:05,029 [Listener at 127.0.0.1/35175] INFO  server.StorageContainerManager (StorageContainerManager.java:stop(1566)) - Stopping the Datanode Admin Monitor.
2022-08-03 01:56:05,029 [Listener at 127.0.0.1/35175] INFO  server.StorageContainerManager (StorageContainerManager.java:stop(1573)) - Stopping Lease Manager of the command watchers
2022-08-03 01:56:05,029 [Listener at 127.0.0.1/35175] INFO  server.StorageContainerManager (StorageContainerManager.java:stop(1580)) - Stopping datanode service RPC server
2022-08-03 01:56:05,029 [Listener at 127.0.0.1/35175] INFO  server.SCMDatanodeProtocolServer (SCMDatanodeProtocolServer.java:stop(414)) - Stopping the RPC server for DataNodes
2022-08-03 01:56:05,029 [Listener at 127.0.0.1/35175] INFO  ipc.Server (Server.java:stop(3414)) - Stopping server on 46105
2022-08-03 01:56:05,029 [ReplicationMonitor] INFO  replication.ReplicationManager (ReplicationManager.java:run(466)) - Replication Monitor Thread is stopped
2022-08-03 01:56:05,034 [IPC Server listener on 0] INFO  ipc.Server (Server.java:run(1376)) - Stopping IPC Server listener on 0
2022-08-03 01:56:05,048 [IPC Server Responder] INFO  ipc.Server (Server.java:run(1512)) - Stopping IPC Server Responder
2022-08-03 01:56:05,142 [SCM Heartbeat Processing Thread - 0] WARN  node.NodeStateManager (NodeStateManager.java:scheduleNextHealthCheck(870)) - Current Thread is interrupted, shutting down HB processing thread for Node Manager.
2022-08-03 01:56:05,143 [Listener at 127.0.0.1/35175] INFO  server.StorageContainerManager (StorageContainerManager.java:stop(1588)) - Stopping block service RPC server
2022-08-03 01:56:05,143 [Listener at 127.0.0.1/35175] INFO  server.SCMBlockProtocolServer (SCMBlockProtocolServer.java:stop(161)) - Stopping the RPC server for Block Protocol
2022-08-03 01:56:05,143 [Listener at 127.0.0.1/35175] INFO  ipc.Server (Server.java:stop(3414)) - Stopping server on 43477
2022-08-03 01:56:05,145 [IPC Server Responder] INFO  ipc.Server (Server.java:run(1512)) - Stopping IPC Server Responder
2022-08-03 01:56:05,145 [IPC Server listener on 0] INFO  ipc.Server (Server.java:run(1376)) - Stopping IPC Server listener on 0
2022-08-03 01:56:05,145 [Listener at 127.0.0.1/35175] INFO  server.StorageContainerManager (StorageContainerManager.java:stop(1595)) - Stopping the StorageContainerLocationProtocol RPC server
2022-08-03 01:56:05,146 [Listener at 127.0.0.1/35175] INFO  server.SCMClientProtocolServer (SCMClientProtocolServer.java:stop(179)) - Stopping the RPC server for Client Protocol
2022-08-03 01:56:05,146 [Listener at 127.0.0.1/35175] INFO  ipc.Server (Server.java:stop(3414)) - Stopping server on 39603
2022-08-03 01:56:05,148 [IPC Server Responder] INFO  ipc.Server (Server.java:run(1512)) - Stopping IPC Server Responder
2022-08-03 01:56:05,148 [Listener at 127.0.0.1/35175] INFO  server.StorageContainerManager (StorageContainerManager.java:stop(1602)) - Stopping Storage Container Manager HTTP server.
2022-08-03 01:56:05,149 [IPC Server listener on 0] INFO  ipc.Server (Server.java:run(1376)) - Stopping IPC Server listener on 0
2022-08-03 01:56:05,151 [Listener at 127.0.0.1/35175] INFO  handler.ContextHandler (ContextHandler.java:doStop(1153)) - Stopped o.e.j.w.WebAppContext@3f465ae{scm,/,null,STOPPED}{file:/home/runner/work/ozone/ozone/hadoop-ozone/integration-test/target/test-classes/webapps/scm}
2022-08-03 01:56:05,152 [Listener at 127.0.0.1/35175] INFO  server.AbstractConnector (AbstractConnector.java:doStop(381)) - Stopped ServerConnector@28521ed5{HTTP/1.1, (http/1.1)}{0.0.0.0:0}
2022-08-03 01:56:05,152 [Listener at 127.0.0.1/35175] INFO  server.session (HouseKeeper.java:stopScavenging(149)) - node0 Stopped scavenging
2022-08-03 01:56:05,153 [Listener at 127.0.0.1/35175] INFO  handler.ContextHandler (ContextHandler.java:doStop(1153)) - Stopped o.e.j.s.ServletContextHandler@40696fc6{static,/static,file:///home/runner/work/ozone/ozone/hadoop-ozone/integration-test/target/test-classes/webapps/static,STOPPED}
2022-08-03 01:56:05,153 [Listener at 127.0.0.1/35175] INFO  handler.ContextHandler (ContextHandler.java:doStop(1153)) - Stopped o.e.j.s.ServletContextHandler@e2696e8{logs,/logs,file:///home/runner/work/ozone/ozone/hadoop-ozone/integration-test/target/log,STOPPED}
2022-08-03 01:56:05,154 [Listener at 127.0.0.1/35175] INFO  server.StorageContainerManager (StorageContainerManager.java:stop(1613)) - Stopping Block Manager Service.
2022-08-03 01:56:05,154 [Listener at 127.0.0.1/35175] INFO  utils.BackgroundService (BackgroundService.java:shutdown(141)) - Shutting down service SCMBlockDeletingService
2022-08-03 01:56:05,155 [Listener at 127.0.0.1/35175] INFO  utils.BackgroundService (BackgroundService.java:shutdown(141)) - Shutting down service SCMBlockDeletingService
2022-08-03 01:56:05,155 [Listener at 127.0.0.1/35175] INFO  server.StorageContainerManager (StorageContainerManager.java:stop(1640)) - Stopping SCM Event Queue.
2022-08-03 01:56:05,160 [Listener at 127.0.0.1/35175] INFO  server.StorageContainerManager (StorageContainerManager.java:stop(1651)) - Stopping SCM HA services.
2022-08-03 01:56:05,161 [Listener at 127.0.0.1/35175] INFO  pipeline.BackgroundPipelineCreator (BackgroundPipelineCreator.java:stop(149)) - Stopping RatisPipelineUtilsThread.
2022-08-03 01:56:05,161 [RatisPipelineUtilsThread - 0] WARN  pipeline.BackgroundPipelineCreator (BackgroundPipelineCreator.java:run(180)) - RatisPipelineUtilsThread is interrupted.
2022-08-03 01:56:05,161 [BackgroundPipelineScrubberThread] WARN  BackgroundPipelineScrubber (BackgroundSCMService.java:run(110)) - BackgroundPipelineScrubber is interrupted, exit
2022-08-03 01:56:05,161 [Listener at 127.0.0.1/35175] INFO  BackgroundPipelineScrubber (BackgroundSCMService.java:stop(126)) - Stopping BackgroundPipelineScrubber Service.
2022-08-03 01:56:05,162 [Listener at 127.0.0.1/35175] INFO  server.StorageContainerManager (StorageContainerManager.java:stop(1661)) - Stopping SCM MetadataStore.
2022-08-03 01:56:05,166 [Listener at 127.0.0.1/35175] INFO  impl.MetricsSystemImpl (MetricsSystemImpl.java:stop(210)) - Stopping XceiverClientMetrics metrics system...
2022-08-03 01:56:05,186 [prometheus] INFO  impl.MetricsSinkAdapter (MetricsSinkAdapter.java:publishMetricsFromQueue(141)) - prometheus thread interrupted.
2022-08-03 01:56:05,186 [Listener at 127.0.0.1/35175] INFO  impl.MetricsSystemImpl (MetricsSystemImpl.java:stop(216)) - XceiverClientMetrics metrics system stopped.
2022-08-03 01:56:05,446 [Listener at 127.0.0.1/35175] WARN  server.ServerUtils (ServerUtils.java:getScmDbDir(148)) - ozone.scm.db.dirs is not configured. We recommend adding this setting. Falling back to ozone.metadata.dirs instead.
2022-08-03 01:56:05,484 [Listener at 127.0.0.1/35175] WARN  server.ServerUtils (ServerUtils.java:getScmDbDir(148)) - ozone.scm.db.dirs is not configured. We recommend adding this setting. Falling back to ozone.metadata.dirs instead.
2022-08-03 01:56:05,484 [Listener at 127.0.0.1/35175] INFO  ha.SCMHANodeDetails (SCMHANodeDetails.java:loadSCMHAConfig(209)) - ServiceID for StorageContainerManager is null
2022-08-03 01:56:05,484 [Listener at 127.0.0.1/35175] INFO  ha.SCMHANodeDetails (SCMHANodeDetails.java:loadSCMHAConfig(214)) - ozone.scm.default.service.id is not defined, falling back to ozone.scm.service.ids to find serviceID for StorageContainerManager if it is HA enabled cluster
2022-08-03 01:56:05,485 [Listener at 127.0.0.1/35175] WARN  utils.HAUtils (HAUtils.java:getMetaDir(342)) - ozone.scm.db.dirs is not configured. We recommend adding this setting. Falling back to ozone.metadata.dirs instead.
2022-08-03 01:56:05,486 [Listener at 127.0.0.1/35175] WARN  db.DBStoreBuilder (DBStoreBuilder.java:applyDBDefinition(145)) - ozone.scm.db.dirs is not configured. We recommend adding this setting. Falling back to ozone.metadata.dirs instead.
2022-08-03 01:56:05,753 [Listener at 127.0.0.1/35175] INFO  net.NodeSchemaLoader (NodeSchemaLoader.java:loadSchemaFromFile(129)) - Loading schema from [jar:file:/home/runner/.m2/repository/org/apache/ozone/hdds-common/1.3.0-SNAPSHOT/hdds-common-1.3.0-SNAPSHOT.jar!/network-topology-default.xml]
2022-08-03 01:56:05,753 [Listener at 127.0.0.1/35175] INFO  net.NodeSchemaLoader (NodeSchemaLoader.java:loadSchema(176)) - Loading network topology layer schema file
2022-08-03 01:56:05,763 [Listener at 127.0.0.1/35175] INFO  upgrade.AbstractLayoutVersionManager (AbstractLayoutVersionManager.java:init(83)) - Initializing Layout version manager with metadata layout = DATANODE_SCHEMA_V3 (version = 4), software layout = DATANODE_SCHEMA_V3 (version = 4)
2022-08-03 01:56:05,892 [Listener at 127.0.0.1/35175] INFO  reflections.Reflections (Reflections.java:scan(232)) - Reflections took 126 ms to scan 7 urls, producing 132 keys and 321 values 
2022-08-03 01:56:05,898 [Listener at 127.0.0.1/35175] INFO  ha.SequenceIdGenerator (SequenceIdGenerator.java:upgradeToSequenceId(349)) - upgrade localId to 109611004723200000
2022-08-03 01:56:05,898 [Listener at 127.0.0.1/35175] INFO  ha.SequenceIdGenerator (SequenceIdGenerator.java:upgradeToSequenceId(359)) - upgrade delTxnId to 0
2022-08-03 01:56:05,898 [Listener at 127.0.0.1/35175] INFO  ha.SequenceIdGenerator (SequenceIdGenerator.java:upgradeToSequenceId(376)) - upgrade containerId to 0
2022-08-03 01:56:05,898 [Listener at 127.0.0.1/35175] INFO  ha.SequenceIdGenerator (SequenceIdGenerator.java:<init>(220)) - Init the HA SequenceIdGenerator.
2022-08-03 01:56:05,904 [Listener at 127.0.0.1/35175] WARN  server.ServerUtils (ServerUtils.java:sanitizeUserArgs(73)) - ozone.scm.stale.node.interval value = 300000 is larger than max = 100000 based on the key value of ozone.scm.heartbeat.thread.interval, reset to the max value 100000.
2022-08-03 01:56:05,904 [Listener at 127.0.0.1/35175] WARN  server.ServerUtils (ServerUtils.java:sanitizeUserArgs(73)) - ozone.scm.stale.node.interval value = 300000 is larger than max = 100000 based on the key value of ozone.scm.heartbeat.thread.interval, reset to the max value 100000.
2022-08-03 01:56:05,920 [Listener at 127.0.0.1/35175] INFO  node.SCMNodeManager (SCMNodeManager.java:<init>(149)) - Entering startup safe mode.
2022-08-03 01:56:05,921 [Listener at 127.0.0.1/35175] INFO  algorithms.ContainerPlacementPolicyFactory (ContainerPlacementPolicyFactory.java:getPolicyInternal(86)) - Create container placement policy of type org.apache.hadoop.hdds.scm.container.placement.algorithms.SCMContainerPlacementRandom
2022-08-03 01:56:05,921 [Listener at 127.0.0.1/35175] INFO  algorithms.ContainerPlacementPolicyFactory (ContainerPlacementPolicyFactory.java:getPolicyInternal(86)) - Create container placement policy of type org.apache.hadoop.hdds.scm.container.placement.algorithms.SCMContainerPlacementRackScatter
2022-08-03 01:56:05,923 [Listener at 127.0.0.1/35175] INFO  pipeline.PipelineStateManagerImpl (PipelineStateManagerImpl.java:initialize(78)) - No pipeline exists in current db
2022-08-03 01:56:05,924 [Listener at 127.0.0.1/35175] INFO  algorithms.LeaderChoosePolicyFactory (LeaderChoosePolicyFactory.java:getPolicy(57)) - Create leader choose policy of type org.apache.hadoop.hdds.scm.pipeline.leader.choose.algorithms.MinLeaderCountChoosePolicy
2022-08-03 01:56:05,924 [Listener at 127.0.0.1/35175] INFO  algorithms.ContainerPlacementPolicyFactory (ContainerPlacementPolicyFactory.java:getPolicyInternal(86)) - Create container placement policy of type org.apache.hadoop.hdds.scm.container.placement.algorithms.SCMContainerPlacementRackScatter
2022-08-03 01:56:05,926 [Listener at 127.0.0.1/35175] INFO  ha.SCMServiceManager (SCMServiceManager.java:register(42)) - Registering service BackgroundPipelineCreator.
2022-08-03 01:56:05,926 [Listener at 127.0.0.1/35175] INFO  pipeline.BackgroundPipelineCreator (BackgroundPipelineCreator.java:start(124)) - Starting RatisPipelineUtilsThread.
2022-08-03 01:56:05,926 [Listener at 127.0.0.1/35175] INFO  BackgroundPipelineScrubber (BackgroundSCMService.java:start(68)) - Starting BackgroundPipelineScrubber Service.
2022-08-03 01:56:05,932 [Listener at 127.0.0.1/35175] INFO  ha.SCMServiceManager (SCMServiceManager.java:register(42)) - Registering service BackgroundPipelineScrubber.
2022-08-03 01:56:05,933 [Listener at 127.0.0.1/35175] INFO  ExpiredContainerReplicaOpScrubber (BackgroundSCMService.java:start(68)) - Starting ExpiredContainerReplicaOpScrubber Service.
2022-08-03 01:56:05,933 [Listener at 127.0.0.1/35175] INFO  ha.SCMServiceManager (SCMServiceManager.java:register(42)) - Registering service ExpiredContainerReplicaOpScrubber.
2022-08-03 01:56:05,934 [Listener at 127.0.0.1/35175] INFO  algorithms.PipelineChoosePolicyFactory (PipelineChoosePolicyFactory.java:createPipelineChoosePolicyFromClass(73)) - Create pipeline choose policy of type org.apache.hadoop.hdds.scm.pipeline.choose.algorithms.RandomPipelineChoosePolicy
2022-08-03 01:56:05,934 [Listener at 127.0.0.1/35175] INFO  ha.SCMServiceManager (SCMServiceManager.java:register(42)) - Registering service SCMBlockDeletingService.
2022-08-03 01:56:05,935 [Listener at 127.0.0.1/35175] INFO  replication.ReplicationManager (ReplicationManager.java:start(200)) - Starting Replication Monitor Thread.
2022-08-03 01:56:05,935 [Listener at 127.0.0.1/35175] INFO  UnderReplicatedQueueThread (BackgroundSCMService.java:start(68)) - Starting UnderReplicatedQueueThread Service.
2022-08-03 01:56:05,935 [Listener at 127.0.0.1/35175] INFO  ha.SCMServiceManager (SCMServiceManager.java:register(42)) - Registering service UnderReplicatedQueueThread.
2022-08-03 01:56:05,936 [Listener at 127.0.0.1/35175] INFO  OverReplicatedQueueThread (BackgroundSCMService.java:start(68)) - Starting OverReplicatedQueueThread Service.
2022-08-03 01:56:05,946 [Listener at 127.0.0.1/35175] INFO  ha.SCMServiceManager (SCMServiceManager.java:register(42)) - Registering service OverReplicatedQueueThread.
2022-08-03 01:56:05,954 [Listener at 127.0.0.1/35175] INFO  ha.SCMServiceManager (SCMServiceManager.java:register(42)) - Registering service ReplicationManager.
2022-08-03 01:56:05,955 [Listener at 127.0.0.1/35175] INFO  safemode.ContainerSafeModeRule (ContainerSafeModeRule.java:<init>(89)) - containers with one replica threshold count 0
2022-08-03 01:56:05,955 [Listener at 127.0.0.1/35175] INFO  safemode.HealthyPipelineSafeModeRule (HealthyPipelineSafeModeRule.java:initializeRule(169)) - Total pipeline count is 0, healthy pipeline threshold count is 1
2022-08-03 01:56:05,955 [Listener at 127.0.0.1/35175] INFO  safemode.OneReplicaPipelineSafeModeRule (OneReplicaPipelineSafeModeRule.java:initializeRule(180)) - Total pipeline count is 0, pipeline's with at least one datanode reported threshold count is 0
2022-08-03 01:56:05,947 [ReplicationMonitor] INFO  replication.ReplicationManager (ReplicationManager.java:processAll(249)) - Replication Manager is not ready to run until 3000ms after safemode exit
2022-08-03 01:56:05,966 [Listener at 127.0.0.1/35175] INFO  ipc.CallQueueManager (CallQueueManager.java:<init>(90)) - Using callQueue: class java.util.concurrent.LinkedBlockingQueue, queueCapacity: 2000, scheduler: class org.apache.hadoop.ipc.DefaultRpcScheduler, ipcBackoff: false.
2022-08-03 01:56:05,968 [Socket Reader #1 for port 0] INFO  ipc.Server (Server.java:run(1265)) - Starting Socket Reader #1 for port 0
2022-08-03 01:56:05,969 [Listener at 0.0.0.0/41709] INFO  ipc.CallQueueManager (CallQueueManager.java:<init>(90)) - Using callQueue: class java.util.concurrent.LinkedBlockingQueue, queueCapacity: 2000, scheduler: class org.apache.hadoop.ipc.DefaultRpcScheduler, ipcBackoff: false.
2022-08-03 01:56:05,969 [Socket Reader #1 for port 0] INFO  ipc.Server (Server.java:run(1265)) - Starting Socket Reader #1 for port 0
2022-08-03 01:56:05,970 [Listener at 0.0.0.0/35463] INFO  ipc.CallQueueManager (CallQueueManager.java:<init>(90)) - Using callQueue: class java.util.concurrent.LinkedBlockingQueue, queueCapacity: 2000, scheduler: class org.apache.hadoop.ipc.DefaultRpcScheduler, ipcBackoff: false.
2022-08-03 01:56:05,981 [Socket Reader #1 for port 0] INFO  ipc.Server (Server.java:run(1265)) - Starting Socket Reader #1 for port 0
2022-08-03 01:56:06,038 [Listener at 0.0.0.0/38733] INFO  ha.SCMServiceManager (SCMServiceManager.java:register(42)) - Registering service ContainerBalancer.
2022-08-03 01:56:06,038 [Listener at 0.0.0.0/38733] INFO  server.StorageContainerManager (StorageContainerManager.java:<init>(406)) - 
Container Balancer status:
Key                            Value
Running                        false
Container Balancer Configuration values:
Key                                                Value
Threshold                                          10
Max Datanodes to Involve per Iteration(percent)    20
Max Size to Move per Iteration                     500GB
Max Size Entering Target per Iteration             26GB
Max Size Leaving Source per Iteration              26GB

2022-08-03 01:56:06,038 [Listener at 0.0.0.0/38733] WARN  events.EventQueue (EventQueue.java:fireEvent(216)) - No event handler registered for event TypedEvent{payloadType=SafeModeStatus, name='Safe mode status'}
2022-08-03 01:56:06,038 [Listener at 0.0.0.0/38733] INFO  ha.SCMContext (SCMContext.java:updateSafeModeStatus(228)) - Update SafeModeStatus from SafeModeStatus{safeModeStatus=true, preCheckPassed=false} to SafeModeStatus{safeModeStatus=true, preCheckPassed=false}.
2022-08-03 01:56:06,039 [Listener at 0.0.0.0/38733] INFO  server.StorageContainerManager (StorageContainerManager.java:start(1460)) - StorageContainerLocationProtocol RPC server is listening at /0.0.0.0:38733
2022-08-03 01:56:06,041 [Listener at 0.0.0.0/38733] WARN  impl.MetricsConfig (MetricsConfig.java:loadFirst(136)) - Cannot locate configuration: tried hadoop-metrics2-storagecontainermanager.properties,hadoop-metrics2.properties
2022-08-03 01:56:06,044 [Listener at 0.0.0.0/38733] INFO  impl.MetricsSystemImpl (MetricsSystemImpl.java:startTimer(378)) - Scheduled Metric snapshot period at 10 second(s).
2022-08-03 01:56:06,044 [Listener at 0.0.0.0/38733] INFO  impl.MetricsSystemImpl (MetricsSystemImpl.java:start(191)) - StorageContainerManager metrics system started
2022-08-03 01:56:06,103 [Listener at 0.0.0.0/38733] INFO  impl.MetricsSinkAdapter (MetricsSinkAdapter.java:start(204)) - Sink prometheus started
2022-08-03 01:56:06,106 [Listener at 0.0.0.0/38733] INFO  impl.MetricsSystemImpl (MetricsSystemImpl.java:registerSink(305)) - Registered sink prometheus
2022-08-03 01:56:06,173 [Listener at 0.0.0.0/38733] INFO  server.SCMClientProtocolServer (SCMClientProtocolServer.java:start(170)) - RPC server for Client  is listening at /0.0.0.0:38733
2022-08-03 01:56:06,173 [IPC Server Responder] INFO  ipc.Server (Server.java:run(1507)) - IPC Server Responder: starting
2022-08-03 01:56:06,175 [IPC Server listener on 0] INFO  ipc.Server (Server.java:run(1344)) - IPC Server listener on 0: starting
2022-08-03 01:56:06,205 [Listener at 0.0.0.0/38733] INFO  server.StorageContainerManager (StorageContainerManager.java:start(1475)) - ScmBlockLocationProtocol RPC server is listening at /0.0.0.0:35463
2022-08-03 01:56:06,217 [Listener at 0.0.0.0/38733] INFO  server.SCMBlockProtocolServer (SCMBlockProtocolServer.java:start(152)) - RPC server for Block Protocol is listening at /0.0.0.0:35463
2022-08-03 01:56:06,220 [IPC Server Responder] INFO  ipc.Server (Server.java:run(1507)) - IPC Server Responder: starting
2022-08-03 01:56:06,225 [IPC Server listener on 0] INFO  ipc.Server (Server.java:run(1344)) - IPC Server listener on 0: starting
2022-08-03 01:56:06,289 [Listener at 0.0.0.0/38733] INFO  server.SCMDatanodeProtocolServer (SCMDatanodeProtocolServer.java:start(186)) - ScmDatanodeProtocol RPC server for DataNodes is listening at /0.0.0.0:41709
2022-08-03 01:56:06,290 [IPC Server Responder] INFO  ipc.Server (Server.java:run(1507)) - IPC Server Responder: starting
2022-08-03 01:56:06,290 [IPC Server listener on 0] INFO  ipc.Server (Server.java:run(1344)) - IPC Server listener on 0: starting
2022-08-03 01:56:06,357 [Listener at 0.0.0.0/38733] INFO  http.BaseHttpServer (BaseHttpServer.java:newHttpServer2BuilderForOzone(209)) - Starting Web-server for scm at: http://0.0.0.0:0
2022-08-03 01:56:06,400 [org.apache.hadoop.util.JvmPauseMonitor$Monitor@47b7f154] INFO  util.JvmPauseMonitor (JvmPauseMonitor.java:run(188)) - Starting JVM pause monitor
2022-08-03 01:56:06,401 [Listener at 0.0.0.0/38733] INFO  http.BaseHttpServer (BaseHttpServer.java:<init>(107)) - Hadoop Security Enabled: false Ozone Security Enabled: false Ozone HTTP Security Enabled: false 
2022-08-03 01:56:06,424 [Listener at 0.0.0.0/38733] INFO  server.AuthenticationFilter (AuthenticationFilter.java:constructSecretProvider(240)) - Unable to initialize FileSignerSecretProvider, falling back to use random secrets.
2022-08-03 01:56:06,441 [Listener at 0.0.0.0/38733] WARN  http.HttpRequestLog (HttpRequestLog.java:getRequestLog(103)) - Jetty request log can only be enabled using Log4j
2022-08-03 01:56:06,443 [Listener at 0.0.0.0/38733] INFO  http.HttpServer2 (HttpServer2.java:addGlobalFilter(1029)) - Added global filter 'safety' (class=org.apache.hadoop.hdds.server.http.HttpServer2$QuotingInputFilter)
2022-08-03 01:56:06,469 [Listener at 0.0.0.0/38733] INFO  http.HttpServer2 (HttpServer2.java:addFilter(1005)) - Added filter static_user_filter (class=org.apache.hadoop.http.lib.StaticUserWebFilter$StaticUserFilter) to context scm
2022-08-03 01:56:06,469 [Listener at 0.0.0.0/38733] INFO  http.HttpServer2 (HttpServer2.java:addFilter(1013)) - Added filter static_user_filter (class=org.apache.hadoop.http.lib.StaticUserWebFilter$StaticUserFilter) to context static
2022-08-03 01:56:06,469 [Listener at 0.0.0.0/38733] INFO  http.HttpServer2 (HttpServer2.java:addFilter(1013)) - Added filter static_user_filter (class=org.apache.hadoop.http.lib.StaticUserWebFilter$StaticUserFilter) to context logs
2022-08-03 01:56:06,478 [Listener at 0.0.0.0/38733] INFO  http.HttpServer2 (HttpServer2.java:bindListener(1248)) - Jetty bound to port 43715
2022-08-03 01:56:06,478 [Listener at 0.0.0.0/38733] INFO  server.Server (Server.java:doStart(375)) - jetty-9.4.43.v20210629; built: 2021-06-30T11:07:22.254Z; git: 526006ecfa3af7f1a27ef3a288e2bef7ea9dd7e8; jvm 1.8.0_332-b09
2022-08-03 01:56:06,498 [Listener at 0.0.0.0/38733] INFO  server.session (DefaultSessionIdManager.java:doStart(334)) - DefaultSessionIdManager workerName=node0
2022-08-03 01:56:06,498 [Listener at 0.0.0.0/38733] INFO  server.session (DefaultSessionIdManager.java:doStart(339)) - No SessionScavenger set, using defaults
2022-08-03 01:56:06,498 [Listener at 0.0.0.0/38733] INFO  server.session (HouseKeeper.java:startScavenging(132)) - node0 Scavenging every 660000ms
2022-08-03 01:56:06,499 [Listener at 0.0.0.0/38733] INFO  handler.ContextHandler (ContextHandler.java:doStart(915)) - Started o.e.j.s.ServletContextHandler@dcba21c{logs,/logs,file:///home/runner/work/ozone/ozone/hadoop-ozone/integration-test/target/log,AVAILABLE}
2022-08-03 01:56:06,500 [Listener at 0.0.0.0/38733] INFO  handler.ContextHandler (ContextHandler.java:doStart(915)) - Started o.e.j.s.ServletContextHandler@41acf46d{static,/static,file:///home/runner/work/ozone/ozone/hadoop-ozone/integration-test/target/test-classes/webapps/static,AVAILABLE}
2022-08-03 01:56:06,521 [Listener at 0.0.0.0/38733] INFO  handler.ContextHandler (ContextHandler.java:doStart(915)) - Started o.e.j.w.WebAppContext@1877da1d{scm,/,file:///home/runner/work/ozone/ozone/hadoop-ozone/integration-test/target/test-classes/webapps/scm/,AVAILABLE}{file:/home/runner/work/ozone/ozone/hadoop-ozone/integration-test/target/test-classes/webapps/scm}
2022-08-03 01:56:06,549 [Listener at 0.0.0.0/38733] INFO  server.AbstractConnector (AbstractConnector.java:doStart(331)) - Started ServerConnector@24ceafbe{HTTP/1.1, (http/1.1)}{0.0.0.0:43715}
2022-08-03 01:56:06,549 [Listener at 0.0.0.0/38733] INFO  server.Server (Server.java:doStart(415)) - Started @194406ms
2022-08-03 01:56:06,549 [Listener at 0.0.0.0/38733] WARN  impl.MetricsSystemImpl (MetricsSystemImpl.java:register(279)) - Sink prometheus already exists!
2022-08-03 01:56:06,550 [Listener at 0.0.0.0/38733] INFO  http.BaseHttpServer (BaseHttpServer.java:updateConnectorAddress(329)) - HTTP server of scm listening at http://0.0.0.0:43715
2022-08-03 01:56:06,550 [Listener at 0.0.0.0/38733] WARN  server.ServerUtils (ServerUtils.java:getDBPath(225)) - ozone.om.db.dirs is not configured. We recommend adding this setting. Falling back to ozone.metadata.dirs instead.
2022-08-03 01:56:06,553 [Listener at 0.0.0.0/38733] INFO  ha.OMHANodeDetails (OMHANodeDetails.java:loadOMHAConfig(115)) - ozone.om.internal.service.id is not defined, falling back to ozone.om.service.ids to find serviceID for OzoneManager if it is HA enabled cluster
2022-08-03 01:56:06,557 [Listener at 0.0.0.0/38733] INFO  ha.OMHANodeDetails (OMHANodeDetails.java:loadOMHAConfig(226)) - Configuration does not have ozone.om.address set. Falling back to the default OM address /127.0.0.1:0
2022-08-03 01:56:06,557 [Listener at 0.0.0.0/38733] INFO  ha.OMHANodeDetails (OMHANodeDetails.java:getOMNodeDetailsForNonHA(254)) - OM Service ID is not set. Setting it to the default ID: omServiceIdDefault
2022-08-03 01:56:06,557 [Listener at 0.0.0.0/38733] INFO  ha.OMHANodeDetails (OMHANodeDetails.java:getOMNodeDetailsForNonHA(261)) - OM Node ID is not set. Setting it to the default ID: om1
2022-08-03 01:56:06,558 [Listener at 0.0.0.0/38733] WARN  server.ServerUtils (ServerUtils.java:getDBPath(225)) - ozone.om.db.dirs is not configured. We recommend adding this setting. Falling back to ozone.metadata.dirs instead.
2022-08-03 01:56:06,558 [Listener at 0.0.0.0/38733] INFO  upgrade.AbstractLayoutVersionManager (AbstractLayoutVersionManager.java:init(83)) - Initializing Layout version manager with metadata layout = MULTITENANCY_SCHEMA (version = 3), software layout = MULTITENANCY_SCHEMA (version = 3)
2022-08-03 01:56:06,768 [Listener at 0.0.0.0/38733] INFO  reflections.Reflections (Reflections.java:scan(232)) - Reflections took 209 ms to scan 2 urls, producing 152 keys and 424 values [using 2 cores]
2022-08-03 01:56:06,769 [Listener at 0.0.0.0/38733] INFO  upgrade.OMLayoutVersionManager (OMLayoutVersionManager.java:lambda$0(115)) - Skipping Upgrade Action MockOmUpgradeAction since it has been finalized.
2022-08-03 01:56:06,769 [Listener at 0.0.0.0/38733] WARN  server.ServerUtils (ServerUtils.java:getDBPath(225)) - ozone.om.db.dirs is not configured. We recommend adding this setting. Falling back to ozone.metadata.dirs instead.
2022-08-03 01:56:06,774 [Listener at 0.0.0.0/38733] INFO  proxy.SCMBlockLocationFailoverProxyProvider (SCMBlockLocationFailoverProxyProvider.java:<init>(114)) - Created block location fail-over proxy with 1 nodes: [nodeId=scmNodeId,nodeAddress=/0.0.0.0:35463]
2022-08-03 01:56:06,775 [Listener at 0.0.0.0/38733] INFO  proxy.SCMBlockLocationFailoverProxyProvider (SCMBlockLocationFailoverProxyProvider.java:<init>(114)) - Created block location fail-over proxy with 1 nodes: [nodeId=scmNodeId,nodeAddress=/0.0.0.0:35463]
2022-08-03 01:56:06,806 [Listener at 0.0.0.0/38733] WARN  server.ServerUtils (ServerUtils.java:getDBPath(225)) - ozone.om.db.dirs is not configured. We recommend adding this setting. Falling back to ozone.metadata.dirs instead.
2022-08-03 01:56:06,807 [Listener at 0.0.0.0/38733] INFO  codec.OmKeyInfoCodec (OmKeyInfoCodec.java:<init>(49)) - OmKeyInfoCodec ignorePipeline = true
2022-08-03 01:56:06,807 [Listener at 0.0.0.0/38733] INFO  codec.RepeatedOmKeyInfoCodec (RepeatedOmKeyInfoCodec.java:<init>(41)) - RepeatedOmKeyInfoCodec ignorePipeline = true
2022-08-03 01:56:07,259 [Listener at 0.0.0.0/38733] INFO  om.OzoneManager (OzoneManager.java:instantiateServices(696)) - S3 Multi-Tenancy is disabled
2022-08-03 01:56:07,259 [Listener at 0.0.0.0/38733] INFO  om.OzoneManager (OzoneManager.java:addS3GVolumeToDB(4307)) - Created Volume s3v With Owner runner required for S3Gateway operations.
2022-08-03 01:56:07,265 [Listener at 0.0.0.0/38733] INFO  om.OzoneManager (OzoneManager.java:getRpcServer(1085)) - Creating RPC Server
2022-08-03 01:56:08,280 [Listener at 0.0.0.0/38733] INFO  reflections.Reflections (Reflections.java:scan(232)) - Reflections took 1003 ms to scan 19 urls, producing 67 keys and 4139 values [using 2 cores]
2022-08-03 01:56:08,281 [Listener at 0.0.0.0/38733] INFO  ipc.CallQueueManager (CallQueueManager.java:<init>(90)) - Using callQueue: class java.util.concurrent.LinkedBlockingQueue, queueCapacity: 2000, scheduler: class org.apache.hadoop.ipc.DefaultRpcScheduler, ipcBackoff: false.
2022-08-03 01:56:08,309 [Socket Reader #1 for port 0] INFO  ipc.Server (Server.java:run(1265)) - Starting Socket Reader #1 for port 0
2022-08-03 01:56:08,351 [Listener at 127.0.0.1/44107] INFO  impl.MetricsSystemImpl (MetricsSystemImpl.java:init(158)) - OzoneManager metrics system started (again)
2022-08-03 01:56:08,381 [Listener at 127.0.0.1/44107] INFO  om.OzoneManager (OzoneManager.java:start(1469)) - OzoneManager RPC server is listening at localhost/127.0.0.1:44107
2022-08-03 01:56:08,381 [Listener at 127.0.0.1/44107] INFO  om.OzoneManager (OzoneManager.java:start(1485)) - Version File has different layout version (3) than OM DB (null). That is expected if this OM has never been finalized to a newer layout version.
2022-08-03 01:56:08,434 [Listener at 127.0.0.1/44107] INFO  http.BaseHttpServer (BaseHttpServer.java:newHttpServer2BuilderForOzone(209)) - Starting Web-server for ozoneManager at: http://0.0.0.0:0
2022-08-03 01:56:08,434 [Listener at 127.0.0.1/44107] INFO  http.BaseHttpServer (BaseHttpServer.java:<init>(107)) - Hadoop Security Enabled: false Ozone Security Enabled: false Ozone HTTP Security Enabled: false 
2022-08-03 01:56:08,436 [Listener at 127.0.0.1/44107] INFO  server.AuthenticationFilter (AuthenticationFilter.java:constructSecretProvider(240)) - Unable to initialize FileSignerSecretProvider, falling back to use random secrets.
2022-08-03 01:56:08,443 [Listener at 127.0.0.1/44107] WARN  http.HttpRequestLog (HttpRequestLog.java:getRequestLog(103)) - Jetty request log can only be enabled using Log4j
2022-08-03 01:56:08,445 [Listener at 127.0.0.1/44107] INFO  http.HttpServer2 (HttpServer2.java:addGlobalFilter(1029)) - Added global filter 'safety' (class=org.apache.hadoop.hdds.server.http.HttpServer2$QuotingInputFilter)
2022-08-03 01:56:08,445 [Listener at 127.0.0.1/44107] INFO  http.HttpServer2 (HttpServer2.java:addFilter(1005)) - Added filter static_user_filter (class=org.apache.hadoop.http.lib.StaticUserWebFilter$StaticUserFilter) to context ozoneManager
2022-08-03 01:56:08,446 [Listener at 127.0.0.1/44107] INFO  http.HttpServer2 (HttpServer2.java:addFilter(1013)) - Added filter static_user_filter (class=org.apache.hadoop.http.lib.StaticUserWebFilter$StaticUserFilter) to context logs
2022-08-03 01:56:08,446 [Listener at 127.0.0.1/44107] INFO  http.HttpServer2 (HttpServer2.java:addFilter(1013)) - Added filter static_user_filter (class=org.apache.hadoop.http.lib.StaticUserWebFilter$StaticUserFilter) to context static
2022-08-03 01:56:08,446 [Listener at 127.0.0.1/44107] INFO  http.HttpServer2 (HttpServer2.java:bindListener(1248)) - Jetty bound to port 44349
2022-08-03 01:56:08,447 [Listener at 127.0.0.1/44107] INFO  server.Server (Server.java:doStart(375)) - jetty-9.4.43.v20210629; built: 2021-06-30T11:07:22.254Z; git: 526006ecfa3af7f1a27ef3a288e2bef7ea9dd7e8; jvm 1.8.0_332-b09
2022-08-03 01:56:08,477 [Listener at 127.0.0.1/44107] INFO  server.session (DefaultSessionIdManager.java:doStart(334)) - DefaultSessionIdManager workerName=node0
2022-08-03 01:56:08,478 [Listener at 127.0.0.1/44107] INFO  server.session (DefaultSessionIdManager.java:doStart(339)) - No SessionScavenger set, using defaults
2022-08-03 01:56:08,478 [Listener at 127.0.0.1/44107] INFO  server.session (HouseKeeper.java:startScavenging(132)) - node0 Scavenging every 660000ms
2022-08-03 01:56:08,479 [Listener at 127.0.0.1/44107] INFO  handler.ContextHandler (ContextHandler.java:doStart(915)) - Started o.e.j.s.ServletContextHandler@375e6e24{logs,/logs,file:///home/runner/work/ozone/ozone/hadoop-ozone/integration-test/target/log,AVAILABLE}
2022-08-03 01:56:08,479 [Listener at 127.0.0.1/44107] INFO  handler.ContextHandler (ContextHandler.java:doStart(915)) - Started o.e.j.s.ServletContextHandler@ac6f788{static,/static,file:///home/runner/work/ozone/ozone/hadoop-ozone/integration-test/target/test-classes/webapps/static,AVAILABLE}
2022-08-03 01:56:08,501 [Listener at 127.0.0.1/44107] INFO  handler.ContextHandler (ContextHandler.java:doStart(915)) - Started o.e.j.w.WebAppContext@7db5d73b{ozoneManager,/,file:///home/runner/work/ozone/ozone/hadoop-ozone/integration-test/target/test-classes/webapps/ozoneManager/,AVAILABLE}{file:/home/runner/work/ozone/ozone/hadoop-ozone/integration-test/target/test-classes/webapps/ozoneManager}
2022-08-03 01:56:08,502 [Listener at 127.0.0.1/44107] INFO  server.AbstractConnector (AbstractConnector.java:doStart(331)) - Started ServerConnector@1b9ea9c5{HTTP/1.1, (http/1.1)}{0.0.0.0:44349}
2022-08-03 01:56:08,502 [Listener at 127.0.0.1/44107] INFO  server.Server (Server.java:doStart(415)) - Started @196359ms
2022-08-03 01:56:08,502 [Listener at 127.0.0.1/44107] WARN  impl.MetricsSystemImpl (MetricsSystemImpl.java:register(279)) - Sink prometheus already exists!
2022-08-03 01:56:08,504 [Listener at 127.0.0.1/44107] INFO  http.BaseHttpServer (BaseHttpServer.java:updateConnectorAddress(329)) - HTTP server of ozoneManager listening at http://0.0.0.0:44349
2022-08-03 01:56:08,514 [IPC Server Responder] INFO  ipc.Server (Server.java:run(1507)) - IPC Server Responder: starting
2022-08-03 01:56:08,559 [Listener at 127.0.0.1/44107] INFO  om.TrashPolicyOzone (TrashPolicyOzone.java:<init>(178)) - Ozone Manager trash configuration: Deletion interval = 0 minutes, Emptier interval = 0 minutes.
2022-08-03 01:56:08,568 [IPC Server listener on 0] INFO  ipc.Server (Server.java:run(1344)) - IPC Server listener on 0: starting
2022-08-03 01:56:08,588 [org.apache.hadoop.util.JvmPauseMonitor$Monitor@6a0c2fa5] INFO  util.JvmPauseMonitor (JvmPauseMonitor.java:run(188)) - Starting JVM pause monitor
2022-08-03 01:56:08,638 [Listener at 127.0.0.1/44107] INFO  impl.MetricsSystemImpl (MetricsSystemImpl.java:init(158)) - HddsDatanode metrics system started (again)
2022-08-03 01:56:08,650 [Listener at 127.0.0.1/44107] INFO  ozone.HddsDatanodeService (HddsDatanodeService.java:start(236)) - HddsDatanodeService host:fv-az199-929.piossgaoozdutex3tpy4bgd4ka.dx.internal.cloudapp.net ip:10.1.0.23
2022-08-03 01:56:08,718 [Listener at 127.0.0.1/44107] INFO  upgrade.AbstractLayoutVersionManager (AbstractLayoutVersionManager.java:init(83)) - Initializing Layout version manager with metadata layout = DATANODE_SCHEMA_V3 (version = 4), software layout = DATANODE_SCHEMA_V3 (version = 4)
2022-08-03 01:56:08,848 [Listener at 127.0.0.1/44107] INFO  reflections.Reflections (Reflections.java:scan(232)) - Reflections took 129 ms to scan 7 urls, producing 132 keys and 321 values 
2022-08-03 01:56:08,864 [Listener at 127.0.0.1/44107] INFO  statemachine.DatanodeStateMachine (DatanodeStateMachine.java:getEndPointTaskThreadPoolSize(237)) - Datanode State Machine Task Thread Pool size 2
2022-08-03 01:56:08,871 [Listener at 127.0.0.1/44107] INFO  volume.HddsVolume (HddsVolume.java:<init>(116)) - Creating HddsVolume: /home/runner/work/ozone/ozone/hadoop-ozone/integration-test/target/test-dir/MiniOzoneClusterImpl-2b644ed5-ee6e-4744-ab54-d718b8c739bc/datanode-0/data-0/containers/hdds of storage type : DISK capacity : 9223372036854775807
2022-08-03 01:56:08,871 [Listener at 127.0.0.1/44107] INFO  volume.MutableVolumeSet (MutableVolumeSet.java:initializeVolumeSet(174)) - Added Volume : /home/runner/work/ozone/ozone/hadoop-ozone/integration-test/target/test-dir/MiniOzoneClusterImpl-2b644ed5-ee6e-4744-ab54-d718b8c739bc/datanode-0/data-0/containers/hdds to VolumeSet
2022-08-03 01:56:08,871 [Listener at 127.0.0.1/44107] INFO  volume.ThrottledAsyncChecker (ThrottledAsyncChecker.java:schedule(141)) - Scheduling a check for /home/runner/work/ozone/ozone/hadoop-ozone/integration-test/target/test-dir/MiniOzoneClusterImpl-2b644ed5-ee6e-4744-ab54-d718b8c739bc/datanode-0/data-0/containers/hdds
2022-08-03 01:56:08,883 [Listener at 127.0.0.1/44107] INFO  volume.StorageVolumeChecker (StorageVolumeChecker.java:checkAllVolumes(202)) - Scheduled health check for volume /home/runner/work/ozone/ozone/hadoop-ozone/integration-test/target/test-dir/MiniOzoneClusterImpl-2b644ed5-ee6e-4744-ab54-d718b8c739bc/datanode-0/data-0/containers/hdds
2022-08-03 01:56:08,905 [Listener at 127.0.0.1/44107] INFO  volume.MutableVolumeSet (MutableVolumeSet.java:initializeVolumeSet(174)) - Added Volume : /home/runner/work/ozone/ozone/hadoop-ozone/integration-test/target/test-dir/MiniOzoneClusterImpl-2b644ed5-ee6e-4744-ab54-d718b8c739bc/datanode-0/data/ratis to VolumeSet
2022-08-03 01:56:08,905 [Listener at 127.0.0.1/44107] INFO  volume.ThrottledAsyncChecker (ThrottledAsyncChecker.java:schedule(141)) - Scheduling a check for /home/runner/work/ozone/ozone/hadoop-ozone/integration-test/target/test-dir/MiniOzoneClusterImpl-2b644ed5-ee6e-4744-ab54-d718b8c739bc/datanode-0/data/ratis
2022-08-03 01:56:08,906 [Listener at 127.0.0.1/44107] INFO  volume.StorageVolumeChecker (StorageVolumeChecker.java:checkAllVolumes(202)) - Scheduled health check for volume /home/runner/work/ozone/ozone/hadoop-ozone/integration-test/target/test-dir/MiniOzoneClusterImpl-2b644ed5-ee6e-4744-ab54-d718b8c739bc/datanode-0/data/ratis
2022-08-03 01:56:08,952 [Thread-787] INFO  ozoneimpl.ContainerReader (ContainerReader.java:readVolume(175)) - Finish verifying containers on volume /home/runner/work/ozone/ozone/hadoop-ozone/integration-test/target/test-dir/MiniOzoneClusterImpl-2b644ed5-ee6e-4744-ab54-d718b8c739bc/datanode-0/data-0/containers/hdds
2022-08-03 01:56:08,953 [Listener at 127.0.0.1/44107] INFO  ozoneimpl.OzoneContainer (OzoneContainer.java:buildContainerSet(299)) - Build ContainerSet costs 0s
2022-08-03 01:56:08,955 [Listener at 127.0.0.1/44107] INFO  server.RaftServer (ConfUtils.java:logGet(46)) - raft.rpc.type = GRPC (default)
2022-08-03 01:56:08,955 [Listener at 127.0.0.1/44107] INFO  grpc.GrpcFactory (GrpcFactory.java:checkPooledByteBufAllocatorUseCacheForAllThreads(48)) - PERFORMANCE WARNING: useCacheForAllThreads is true that may cause Netty to create a lot garbage objects and, as a result, trigger GC.
	It is recommended to disable useCacheForAllThreads by setting -Dorg.apache.ratis.thirdparty.io.netty.allocator.useCacheForAllThreads=false in command line.
2022-08-03 01:56:08,955 [Listener at 127.0.0.1/44107] INFO  grpc.GrpcConfigKeys (ConfUtils.java:logGet(46)) - raft.grpc.admin.port = 0 (custom)
2022-08-03 01:56:08,956 [Listener at 127.0.0.1/44107] INFO  grpc.GrpcConfigKeys (ConfUtils.java:logGet(46)) - raft.grpc.client.port = 0 (custom)
2022-08-03 01:56:08,956 [Listener at 127.0.0.1/44107] INFO  grpc.GrpcConfigKeys (ConfUtils.java:logGet(46)) - raft.grpc.server.port = 0 (default)
2022-08-03 01:56:08,956 [Listener at 127.0.0.1/44107] INFO  server.GrpcService (ConfUtils.java:logGet(46)) - raft.grpc.message.size.max = 32MB (=33554432) (custom)
2022-08-03 01:56:08,956 [Listener at 127.0.0.1/44107] INFO  server.RaftServerConfigKeys (ConfUtils.java:logGet(46)) - raft.server.log.appender.buffer.byte-limit = 33554432 (custom)
2022-08-03 01:56:08,956 [Listener at 127.0.0.1/44107] INFO  server.GrpcService (ConfUtils.java:logGet(46)) - raft.grpc.flow.control.window = 5MB (=5242880) (custom)
2022-08-03 01:56:08,956 [Listener at 127.0.0.1/44107] INFO  server.RaftServerConfigKeys (ConfUtils.java:logGet(46)) - raft.server.rpc.request.timeout = 60s (custom)
2022-08-03 01:56:08,957 [Listener at 127.0.0.1/44107] INFO  grpc.GrpcConfigKeys (ConfUtils.java:logGet(46)) - raft.grpc.server.async.request.thread.pool.cached = true (default)
2022-08-03 01:56:08,957 [Listener at 127.0.0.1/44107] INFO  grpc.GrpcConfigKeys (ConfUtils.java:logGet(46)) - raft.grpc.server.async.request.thread.pool.size = 32 (default)
2022-08-03 01:56:08,958 [Listener at 127.0.0.1/44107] INFO  impl.DataStreamServerImpl (ConfUtils.java:logGet(46)) - raft.datastream.type = DISABLED (default)
2022-08-03 01:56:08,958 [Listener at 127.0.0.1/44107] INFO  server.RaftServerConfigKeys (ConfUtils.java:logGet(46)) - raft.server.threadpool.proxy.cached = true (default)
2022-08-03 01:56:08,959 [Listener at 127.0.0.1/44107] INFO  server.RaftServerConfigKeys (ConfUtils.java:logGet(46)) - raft.server.threadpool.proxy.size = 0 (default)
2022-08-03 01:56:08,959 [Listener at 127.0.0.1/44107] INFO  server.RaftServerConfigKeys (ConfUtils.java:logGet(46)) - raft.server.rpc.slowness.timeout = 300s (custom)
2022-08-03 01:56:08,959 [Listener at 127.0.0.1/44107] INFO  server.RaftServerConfigKeys (ConfUtils.java:logGet(46)) - raft.server.leaderelection.leader.step-down.wait-time = 10s (default)
2022-08-03 01:56:08,959 [Listener at 127.0.0.1/44107] INFO  server.RaftServerConfigKeys (ConfUtils.java:logGet(46)) - raft.server.storage.dir = [/home/runner/work/ozone/ozone/hadoop-ozone/integration-test/target/test-dir/MiniOzoneClusterImpl-2b644ed5-ee6e-4744-ab54-d718b8c739bc/datanode-0/data/ratis] (custom)
2022-08-03 01:56:08,966 [Listener at 127.0.0.1/44107] INFO  server.XceiverServerGrpc (XceiverServerGrpc.java:<init>(132)) - GrpcServer channel type EpollServerSocketChannel
2022-08-03 01:56:08,969 [Listener at 127.0.0.1/44107] INFO  http.BaseHttpServer (BaseHttpServer.java:newHttpServer2BuilderForOzone(209)) - Starting Web-server for hddsDatanode at: http://0.0.0.0:0
2022-08-03 01:56:08,970 [Listener at 127.0.0.1/44107] INFO  http.BaseHttpServer (BaseHttpServer.java:<init>(107)) - Hadoop Security Enabled: false Ozone Security Enabled: false Ozone HTTP Security Enabled: false 
2022-08-03 01:56:08,971 [Listener at 127.0.0.1/44107] INFO  server.AuthenticationFilter (AuthenticationFilter.java:constructSecretProvider(240)) - Unable to initialize FileSignerSecretProvider, falling back to use random secrets.
2022-08-03 01:56:08,986 [Listener at 127.0.0.1/44107] WARN  http.HttpRequestLog (HttpRequestLog.java:getRequestLog(103)) - Jetty request log can only be enabled using Log4j
2022-08-03 01:56:08,987 [Listener at 127.0.0.1/44107] INFO  http.HttpServer2 (HttpServer2.java:addGlobalFilter(1029)) - Added global filter 'safety' (class=org.apache.hadoop.hdds.server.http.HttpServer2$QuotingInputFilter)
2022-08-03 01:56:08,987 [Listener at 127.0.0.1/44107] INFO  http.HttpServer2 (HttpServer2.java:addFilter(1005)) - Added filter static_user_filter (class=org.apache.hadoop.http.lib.StaticUserWebFilter$StaticUserFilter) to context hddsDatanode
2022-08-03 01:56:08,987 [Listener at 127.0.0.1/44107] INFO  http.HttpServer2 (HttpServer2.java:addFilter(1013)) - Added filter static_user_filter (class=org.apache.hadoop.http.lib.StaticUserWebFilter$StaticUserFilter) to context static
2022-08-03 01:56:08,988 [Listener at 127.0.0.1/44107] INFO  http.HttpServer2 (HttpServer2.java:addFilter(1013)) - Added filter static_user_filter (class=org.apache.hadoop.http.lib.StaticUserWebFilter$StaticUserFilter) to context logs
2022-08-03 01:56:08,988 [Listener at 127.0.0.1/44107] INFO  http.HttpServer2 (HttpServer2.java:bindListener(1248)) - Jetty bound to port 34695
2022-08-03 01:56:08,988 [Listener at 127.0.0.1/44107] INFO  server.Server (Server.java:doStart(375)) - jetty-9.4.43.v20210629; built: 2021-06-30T11:07:22.254Z; git: 526006ecfa3af7f1a27ef3a288e2bef7ea9dd7e8; jvm 1.8.0_332-b09
2022-08-03 01:56:08,991 [Listener at 127.0.0.1/44107] INFO  server.session (DefaultSessionIdManager.java:doStart(334)) - DefaultSessionIdManager workerName=node0
2022-08-03 01:56:08,991 [Listener at 127.0.0.1/44107] INFO  server.session (DefaultSessionIdManager.java:doStart(339)) - No SessionScavenger set, using defaults
2022-08-03 01:56:08,991 [Listener at 127.0.0.1/44107] INFO  server.session (HouseKeeper.java:startScavenging(132)) - node0 Scavenging every 600000ms
2022-08-03 01:56:08,992 [Listener at 127.0.0.1/44107] INFO  handler.ContextHandler (ContextHandler.java:doStart(915)) - Started o.e.j.s.ServletContextHandler@4c23c8a8{logs,/logs,file:///home/runner/work/ozone/ozone/hadoop-ozone/integration-test/target/log,AVAILABLE}
2022-08-03 01:56:08,992 [Listener at 127.0.0.1/44107] INFO  handler.ContextHandler (ContextHandler.java:doStart(915)) - Started o.e.j.s.ServletContextHandler@4a0a10b8{static,/static,jar:file:/home/runner/.m2/repository/org/apache/ozone/hdds-container-service/1.3.0-SNAPSHOT/hdds-container-service-1.3.0-SNAPSHOT.jar!/webapps/static,AVAILABLE}
2022-08-03 01:56:09,404 [Listener at 127.0.0.1/44107] INFO  handler.ContextHandler (ContextHandler.java:doStart(915)) - Started o.e.j.w.WebAppContext@7e2e756f{hddsDatanode,/,file:///tmp/jetty-0_0_0_0-34695-hdds-container-service-1_3_0-SNAPSHOT_jar-_-any-830498614154627784/webapp/,AVAILABLE}{jar:file:/home/runner/.m2/repository/org/apache/ozone/hdds-container-service/1.3.0-SNAPSHOT/hdds-container-service-1.3.0-SNAPSHOT.jar!/webapps/hddsDatanode}
2022-08-03 01:56:09,413 [Listener at 127.0.0.1/44107] INFO  server.AbstractConnector (AbstractConnector.java:doStart(331)) - Started ServerConnector@7e6707c5{HTTP/1.1, (http/1.1)}{0.0.0.0:34695}
2022-08-03 01:56:09,414 [Listener at 127.0.0.1/44107] INFO  server.Server (Server.java:doStart(415)) - Started @197270ms
2022-08-03 01:56:09,414 [Listener at 127.0.0.1/44107] WARN  impl.MetricsSystemImpl (MetricsSystemImpl.java:register(279)) - Sink prometheus already exists!
2022-08-03 01:56:09,418 [Listener at 127.0.0.1/44107] INFO  http.BaseHttpServer (BaseHttpServer.java:updateConnectorAddress(329)) - HTTP server of hddsDatanode listening at http://0.0.0.0:34695
2022-08-03 01:56:09,419 [Listener at 127.0.0.1/44107] INFO  impl.MetricsSystemImpl (MetricsSystemImpl.java:init(158)) - HddsDatanode metrics system started (again)
2022-08-03 01:56:09,433 [Datanode State Machine Daemon Thread] INFO  statemachine.DatanodeStateMachine (DatanodeStateMachine.java:lambda$startDaemon$0(492)) - Ozone container server started.
2022-08-03 01:56:09,445 [org.apache.hadoop.util.JvmPauseMonitor$Monitor@330bebbb] INFO  util.JvmPauseMonitor (JvmPauseMonitor.java:run(188)) - Starting JVM pause monitor
2022-08-03 01:56:09,446 [Datanode State Machine Task Thread - 0] INFO  datanode.InitDatanodeState (InitDatanodeState.java:persistContainerDatanodeDetails(138)) - DatanodeDetails is persisted to /home/runner/work/ozone/ozone/hadoop-ozone/integration-test/target/test-dir/MiniOzoneClusterImpl-2b644ed5-ee6e-4744-ab54-d718b8c739bc/datanode-0/meta/datanode.id
2022-08-03 01:56:09,456 [Listener at 127.0.0.1/44107] INFO  ozone.HddsDatanodeService (HddsDatanodeService.java:start(236)) - HddsDatanodeService host:fv-az199-929.piossgaoozdutex3tpy4bgd4ka.dx.internal.cloudapp.net ip:10.1.0.23
2022-08-03 01:56:09,539 [Listener at 127.0.0.1/44107] INFO  upgrade.AbstractLayoutVersionManager (AbstractLayoutVersionManager.java:init(83)) - Initializing Layout version manager with metadata layout = DATANODE_SCHEMA_V3 (version = 4), software layout = DATANODE_SCHEMA_V3 (version = 4)
2022-08-03 01:56:09,617 [Listener at 127.0.0.1/44107] INFO  reflections.Reflections (Reflections.java:scan(232)) - Reflections took 76 ms to scan 7 urls, producing 132 keys and 321 values 
2022-08-03 01:56:09,619 [Listener at 127.0.0.1/44107] INFO  statemachine.DatanodeStateMachine (DatanodeStateMachine.java:getEndPointTaskThreadPoolSize(237)) - Datanode State Machine Task Thread Pool size 2
2022-08-03 01:56:09,627 [Listener at 127.0.0.1/44107] INFO  volume.HddsVolume (HddsVolume.java:<init>(116)) - Creating HddsVolume: /home/runner/work/ozone/ozone/hadoop-ozone/integration-test/target/test-dir/MiniOzoneClusterImpl-2b644ed5-ee6e-4744-ab54-d718b8c739bc/datanode-1/data-0/containers/hdds of storage type : DISK capacity : 9223372036854775807
2022-08-03 01:56:09,627 [Listener at 127.0.0.1/44107] INFO  volume.MutableVolumeSet (MutableVolumeSet.java:initializeVolumeSet(174)) - Added Volume : /home/runner/work/ozone/ozone/hadoop-ozone/integration-test/target/test-dir/MiniOzoneClusterImpl-2b644ed5-ee6e-4744-ab54-d718b8c739bc/datanode-1/data-0/containers/hdds to VolumeSet
2022-08-03 01:56:09,627 [Listener at 127.0.0.1/44107] INFO  volume.ThrottledAsyncChecker (ThrottledAsyncChecker.java:schedule(141)) - Scheduling a check for /home/runner/work/ozone/ozone/hadoop-ozone/integration-test/target/test-dir/MiniOzoneClusterImpl-2b644ed5-ee6e-4744-ab54-d718b8c739bc/datanode-1/data-0/containers/hdds
2022-08-03 01:56:09,660 [Listener at 127.0.0.1/44107] INFO  volume.StorageVolumeChecker (StorageVolumeChecker.java:checkAllVolumes(202)) - Scheduled health check for volume /home/runner/work/ozone/ozone/hadoop-ozone/integration-test/target/test-dir/MiniOzoneClusterImpl-2b644ed5-ee6e-4744-ab54-d718b8c739bc/datanode-1/data-0/containers/hdds
2022-08-03 01:56:09,683 [Listener at 127.0.0.1/44107] INFO  volume.MutableVolumeSet (MutableVolumeSet.java:initializeVolumeSet(174)) - Added Volume : /home/runner/work/ozone/ozone/hadoop-ozone/integration-test/target/test-dir/MiniOzoneClusterImpl-2b644ed5-ee6e-4744-ab54-d718b8c739bc/datanode-1/data/ratis to VolumeSet
2022-08-03 01:56:09,683 [Listener at 127.0.0.1/44107] INFO  volume.ThrottledAsyncChecker (ThrottledAsyncChecker.java:schedule(141)) - Scheduling a check for /home/runner/work/ozone/ozone/hadoop-ozone/integration-test/target/test-dir/MiniOzoneClusterImpl-2b644ed5-ee6e-4744-ab54-d718b8c739bc/datanode-1/data/ratis
2022-08-03 01:56:09,696 [Listener at 127.0.0.1/44107] INFO  volume.StorageVolumeChecker (StorageVolumeChecker.java:checkAllVolumes(202)) - Scheduled health check for volume /home/runner/work/ozone/ozone/hadoop-ozone/integration-test/target/test-dir/MiniOzoneClusterImpl-2b644ed5-ee6e-4744-ab54-d718b8c739bc/datanode-1/data/ratis
2022-08-03 01:56:09,718 [Thread-800] INFO  ozoneimpl.ContainerReader (ContainerReader.java:readVolume(175)) - Finish verifying containers on volume /home/runner/work/ozone/ozone/hadoop-ozone/integration-test/target/test-dir/MiniOzoneClusterImpl-2b644ed5-ee6e-4744-ab54-d718b8c739bc/datanode-1/data-0/containers/hdds
2022-08-03 01:56:09,718 [Listener at 127.0.0.1/44107] INFO  ozoneimpl.OzoneContainer (OzoneContainer.java:buildContainerSet(299)) - Build ContainerSet costs 0s
2022-08-03 01:56:09,724 [Listener at 127.0.0.1/44107] INFO  server.RaftServer (ConfUtils.java:logGet(46)) - raft.rpc.type = GRPC (default)
2022-08-03 01:56:09,724 [Listener at 127.0.0.1/44107] INFO  grpc.GrpcFactory (GrpcFactory.java:checkPooledByteBufAllocatorUseCacheForAllThreads(48)) - PERFORMANCE WARNING: useCacheForAllThreads is true that may cause Netty to create a lot garbage objects and, as a result, trigger GC.
	It is recommended to disable useCacheForAllThreads by setting -Dorg.apache.ratis.thirdparty.io.netty.allocator.useCacheForAllThreads=false in command line.
2022-08-03 01:56:09,724 [Listener at 127.0.0.1/44107] INFO  grpc.GrpcConfigKeys (ConfUtils.java:logGet(46)) - raft.grpc.admin.port = 0 (custom)
2022-08-03 01:56:09,724 [Listener at 127.0.0.1/44107] INFO  grpc.GrpcConfigKeys (ConfUtils.java:logGet(46)) - raft.grpc.client.port = 0 (custom)
2022-08-03 01:56:09,724 [Listener at 127.0.0.1/44107] INFO  grpc.GrpcConfigKeys (ConfUtils.java:logGet(46)) - raft.grpc.server.port = 0 (default)
2022-08-03 01:56:09,725 [Listener at 127.0.0.1/44107] INFO  server.GrpcService (ConfUtils.java:logGet(46)) - raft.grpc.message.size.max = 32MB (=33554432) (custom)
2022-08-03 01:56:09,725 [Listener at 127.0.0.1/44107] INFO  server.RaftServerConfigKeys (ConfUtils.java:logGet(46)) - raft.server.log.appender.buffer.byte-limit = 33554432 (custom)
2022-08-03 01:56:09,725 [Listener at 127.0.0.1/44107] INFO  server.GrpcService (ConfUtils.java:logGet(46)) - raft.grpc.flow.control.window = 5MB (=5242880) (custom)
2022-08-03 01:56:09,725 [Listener at 127.0.0.1/44107] INFO  server.RaftServerConfigKeys (ConfUtils.java:logGet(46)) - raft.server.rpc.request.timeout = 60s (custom)
2022-08-03 01:56:09,725 [Listener at 127.0.0.1/44107] INFO  grpc.GrpcConfigKeys (ConfUtils.java:logGet(46)) - raft.grpc.server.async.request.thread.pool.cached = true (default)
2022-08-03 01:56:09,725 [Listener at 127.0.0.1/44107] INFO  grpc.GrpcConfigKeys (ConfUtils.java:logGet(46)) - raft.grpc.server.async.request.thread.pool.size = 32 (default)
2022-08-03 01:56:09,727 [Listener at 127.0.0.1/44107] INFO  impl.DataStreamServerImpl (ConfUtils.java:logGet(46)) - raft.datastream.type = DISABLED (default)
2022-08-03 01:56:09,727 [Listener at 127.0.0.1/44107] INFO  server.RaftServerConfigKeys (ConfUtils.java:logGet(46)) - raft.server.threadpool.proxy.cached = true (default)
2022-08-03 01:56:09,727 [Listener at 127.0.0.1/44107] INFO  server.RaftServerConfigKeys (ConfUtils.java:logGet(46)) - raft.server.threadpool.proxy.size = 0 (default)
2022-08-03 01:56:09,727 [Listener at 127.0.0.1/44107] INFO  server.RaftServerConfigKeys (ConfUtils.java:logGet(46)) - raft.server.rpc.slowness.timeout = 300s (custom)
2022-08-03 01:56:09,727 [Listener at 127.0.0.1/44107] INFO  server.RaftServerConfigKeys (ConfUtils.java:logGet(46)) - raft.server.leaderelection.leader.step-down.wait-time = 10s (default)
2022-08-03 01:56:09,728 [Listener at 127.0.0.1/44107] INFO  server.RaftServerConfigKeys (ConfUtils.java:logGet(46)) - raft.server.storage.dir = [/home/runner/work/ozone/ozone/hadoop-ozone/integration-test/target/test-dir/MiniOzoneClusterImpl-2b644ed5-ee6e-4744-ab54-d718b8c739bc/datanode-1/data/ratis] (custom)
2022-08-03 01:56:09,742 [Listener at 127.0.0.1/44107] INFO  server.XceiverServerGrpc (XceiverServerGrpc.java:<init>(132)) - GrpcServer channel type EpollServerSocketChannel
2022-08-03 01:56:09,752 [Listener at 127.0.0.1/44107] INFO  http.BaseHttpServer (BaseHttpServer.java:newHttpServer2BuilderForOzone(209)) - Starting Web-server for hddsDatanode at: http://0.0.0.0:0
2022-08-03 01:56:09,752 [Listener at 127.0.0.1/44107] INFO  http.BaseHttpServer (BaseHttpServer.java:<init>(107)) - Hadoop Security Enabled: false Ozone Security Enabled: false Ozone HTTP Security Enabled: false 
2022-08-03 01:56:09,753 [Listener at 127.0.0.1/44107] INFO  server.AuthenticationFilter (AuthenticationFilter.java:constructSecretProvider(240)) - Unable to initialize FileSignerSecretProvider, falling back to use random secrets.
2022-08-03 01:56:09,754 [Listener at 127.0.0.1/44107] WARN  http.HttpRequestLog (HttpRequestLog.java:getRequestLog(103)) - Jetty request log can only be enabled using Log4j
2022-08-03 01:56:09,755 [Listener at 127.0.0.1/44107] INFO  http.HttpServer2 (HttpServer2.java:addGlobalFilter(1029)) - Added global filter 'safety' (class=org.apache.hadoop.hdds.server.http.HttpServer2$QuotingInputFilter)
2022-08-03 01:56:09,756 [Listener at 127.0.0.1/44107] INFO  http.HttpServer2 (HttpServer2.java:addFilter(1005)) - Added filter static_user_filter (class=org.apache.hadoop.http.lib.StaticUserWebFilter$StaticUserFilter) to context hddsDatanode
2022-08-03 01:56:09,756 [Listener at 127.0.0.1/44107] INFO  http.HttpServer2 (HttpServer2.java:addFilter(1013)) - Added filter static_user_filter (class=org.apache.hadoop.http.lib.StaticUserWebFilter$StaticUserFilter) to context static
2022-08-03 01:56:09,756 [Listener at 127.0.0.1/44107] INFO  http.HttpServer2 (HttpServer2.java:addFilter(1013)) - Added filter static_user_filter (class=org.apache.hadoop.http.lib.StaticUserWebFilter$StaticUserFilter) to context logs
2022-08-03 01:56:09,756 [Listener at 127.0.0.1/44107] INFO  http.HttpServer2 (HttpServer2.java:bindListener(1248)) - Jetty bound to port 43819
2022-08-03 01:56:09,757 [Listener at 127.0.0.1/44107] INFO  server.Server (Server.java:doStart(375)) - jetty-9.4.43.v20210629; built: 2021-06-30T11:07:22.254Z; git: 526006ecfa3af7f1a27ef3a288e2bef7ea9dd7e8; jvm 1.8.0_332-b09
2022-08-03 01:56:09,828 [Listener at 127.0.0.1/44107] INFO  server.session (DefaultSessionIdManager.java:doStart(334)) - DefaultSessionIdManager workerName=node0
2022-08-03 01:56:09,828 [Listener at 127.0.0.1/44107] INFO  server.session (DefaultSessionIdManager.java:doStart(339)) - No SessionScavenger set, using defaults
2022-08-03 01:56:09,829 [Listener at 127.0.0.1/44107] INFO  server.session (HouseKeeper.java:startScavenging(132)) - node0 Scavenging every 600000ms
2022-08-03 01:56:09,830 [Listener at 127.0.0.1/44107] INFO  handler.ContextHandler (ContextHandler.java:doStart(915)) - Started o.e.j.s.ServletContextHandler@128bd0f0{logs,/logs,file:///home/runner/work/ozone/ozone/hadoop-ozone/integration-test/target/log,AVAILABLE}
2022-08-03 01:56:09,830 [Listener at 127.0.0.1/44107] INFO  handler.ContextHandler (ContextHandler.java:doStart(915)) - Started o.e.j.s.ServletContextHandler@5f707a09{static,/static,jar:file:/home/runner/.m2/repository/org/apache/ozone/hdds-container-service/1.3.0-SNAPSHOT/hdds-container-service-1.3.0-SNAPSHOT.jar!/webapps/static,AVAILABLE}
2022-08-03 01:56:10,303 [Listener at 127.0.0.1/44107] INFO  handler.ContextHandler (ContextHandler.java:doStart(915)) - Started o.e.j.w.WebAppContext@6299cbbb{hddsDatanode,/,file:///tmp/jetty-0_0_0_0-43819-hdds-container-service-1_3_0-SNAPSHOT_jar-_-any-7054673259236350502/webapp/,AVAILABLE}{jar:file:/home/runner/.m2/repository/org/apache/ozone/hdds-container-service/1.3.0-SNAPSHOT/hdds-container-service-1.3.0-SNAPSHOT.jar!/webapps/hddsDatanode}
2022-08-03 01:56:10,317 [Listener at 127.0.0.1/44107] INFO  server.AbstractConnector (AbstractConnector.java:doStart(331)) - Started ServerConnector@1d24c7c1{HTTP/1.1, (http/1.1)}{0.0.0.0:43819}
2022-08-03 01:56:10,317 [Listener at 127.0.0.1/44107] INFO  server.Server (Server.java:doStart(415)) - Started @198174ms
2022-08-03 01:56:10,317 [Listener at 127.0.0.1/44107] WARN  impl.MetricsSystemImpl (MetricsSystemImpl.java:register(279)) - Sink prometheus already exists!
2022-08-03 01:56:10,318 [Listener at 127.0.0.1/44107] INFO  http.BaseHttpServer (BaseHttpServer.java:updateConnectorAddress(329)) - HTTP server of hddsDatanode listening at http://0.0.0.0:43819
2022-08-03 01:56:10,329 [Listener at 127.0.0.1/44107] INFO  impl.MetricsSystemImpl (MetricsSystemImpl.java:init(158)) - HddsDatanode metrics system started (again)
2022-08-03 01:56:10,337 [Datanode State Machine Daemon Thread] INFO  statemachine.DatanodeStateMachine (DatanodeStateMachine.java:lambda$startDaemon$0(492)) - Ozone container server started.
2022-08-03 01:56:10,433 [Listener at 127.0.0.1/44107] INFO  ozone.HddsDatanodeService (HddsDatanodeService.java:start(236)) - HddsDatanodeService host:fv-az199-929.piossgaoozdutex3tpy4bgd4ka.dx.internal.cloudapp.net ip:10.1.0.23
2022-08-03 01:56:10,439 [org.apache.hadoop.util.JvmPauseMonitor$Monitor@36c4faa8] INFO  util.JvmPauseMonitor (JvmPauseMonitor.java:run(188)) - Starting JVM pause monitor
2022-08-03 01:56:10,460 [Datanode State Machine Task Thread - 0] INFO  datanode.InitDatanodeState (InitDatanodeState.java:persistContainerDatanodeDetails(138)) - DatanodeDetails is persisted to /home/runner/work/ozone/ozone/hadoop-ozone/integration-test/target/test-dir/MiniOzoneClusterImpl-2b644ed5-ee6e-4744-ab54-d718b8c739bc/datanode-1/meta/datanode.id
2022-08-03 01:56:10,482 [Listener at 127.0.0.1/44107] INFO  upgrade.AbstractLayoutVersionManager (AbstractLayoutVersionManager.java:init(83)) - Initializing Layout version manager with metadata layout = DATANODE_SCHEMA_V3 (version = 4), software layout = DATANODE_SCHEMA_V3 (version = 4)
2022-08-03 01:56:10,583 [Listener at 127.0.0.1/44107] INFO  reflections.Reflections (Reflections.java:scan(232)) - Reflections took 99 ms to scan 7 urls, producing 132 keys and 321 values 
2022-08-03 01:56:10,585 [Listener at 127.0.0.1/44107] INFO  statemachine.DatanodeStateMachine (DatanodeStateMachine.java:getEndPointTaskThreadPoolSize(237)) - Datanode State Machine Task Thread Pool size 2
2022-08-03 01:56:10,595 [Listener at 127.0.0.1/44107] INFO  volume.HddsVolume (HddsVolume.java:<init>(116)) - Creating HddsVolume: /home/runner/work/ozone/ozone/hadoop-ozone/integration-test/target/test-dir/MiniOzoneClusterImpl-2b644ed5-ee6e-4744-ab54-d718b8c739bc/datanode-2/data-0/containers/hdds of storage type : DISK capacity : 9223372036854775807
2022-08-03 01:56:10,595 [Listener at 127.0.0.1/44107] INFO  volume.MutableVolumeSet (MutableVolumeSet.java:initializeVolumeSet(174)) - Added Volume : /home/runner/work/ozone/ozone/hadoop-ozone/integration-test/target/test-dir/MiniOzoneClusterImpl-2b644ed5-ee6e-4744-ab54-d718b8c739bc/datanode-2/data-0/containers/hdds to VolumeSet
2022-08-03 01:56:10,596 [Listener at 127.0.0.1/44107] INFO  volume.ThrottledAsyncChecker (ThrottledAsyncChecker.java:schedule(141)) - Scheduling a check for /home/runner/work/ozone/ozone/hadoop-ozone/integration-test/target/test-dir/MiniOzoneClusterImpl-2b644ed5-ee6e-4744-ab54-d718b8c739bc/datanode-2/data-0/containers/hdds
2022-08-03 01:56:10,605 [Listener at 127.0.0.1/44107] INFO  volume.StorageVolumeChecker (StorageVolumeChecker.java:checkAllVolumes(202)) - Scheduled health check for volume /home/runner/work/ozone/ozone/hadoop-ozone/integration-test/target/test-dir/MiniOzoneClusterImpl-2b644ed5-ee6e-4744-ab54-d718b8c739bc/datanode-2/data-0/containers/hdds
2022-08-03 01:56:10,642 [Listener at 127.0.0.1/44107] INFO  volume.MutableVolumeSet (MutableVolumeSet.java:initializeVolumeSet(174)) - Added Volume : /home/runner/work/ozone/ozone/hadoop-ozone/integration-test/target/test-dir/MiniOzoneClusterImpl-2b644ed5-ee6e-4744-ab54-d718b8c739bc/datanode-2/data/ratis to VolumeSet
2022-08-03 01:56:10,643 [Listener at 127.0.0.1/44107] INFO  volume.ThrottledAsyncChecker (ThrottledAsyncChecker.java:schedule(141)) - Scheduling a check for /home/runner/work/ozone/ozone/hadoop-ozone/integration-test/target/test-dir/MiniOzoneClusterImpl-2b644ed5-ee6e-4744-ab54-d718b8c739bc/datanode-2/data/ratis
2022-08-03 01:56:10,643 [Listener at 127.0.0.1/44107] INFO  volume.StorageVolumeChecker (StorageVolumeChecker.java:checkAllVolumes(202)) - Scheduled health check for volume /home/runner/work/ozone/ozone/hadoop-ozone/integration-test/target/test-dir/MiniOzoneClusterImpl-2b644ed5-ee6e-4744-ab54-d718b8c739bc/datanode-2/data/ratis
2022-08-03 01:56:10,690 [Thread-813] INFO  ozoneimpl.ContainerReader (ContainerReader.java:readVolume(175)) - Finish verifying containers on volume /home/runner/work/ozone/ozone/hadoop-ozone/integration-test/target/test-dir/MiniOzoneClusterImpl-2b644ed5-ee6e-4744-ab54-d718b8c739bc/datanode-2/data-0/containers/hdds
2022-08-03 01:56:10,691 [Listener at 127.0.0.1/44107] INFO  ozoneimpl.OzoneContainer (OzoneContainer.java:buildContainerSet(299)) - Build ContainerSet costs 0s
2022-08-03 01:56:10,697 [Listener at 127.0.0.1/44107] INFO  server.RaftServer (ConfUtils.java:logGet(46)) - raft.rpc.type = GRPC (default)
2022-08-03 01:56:10,705 [Listener at 127.0.0.1/44107] INFO  grpc.GrpcFactory (GrpcFactory.java:checkPooledByteBufAllocatorUseCacheForAllThreads(48)) - PERFORMANCE WARNING: useCacheForAllThreads is true that may cause Netty to create a lot garbage objects and, as a result, trigger GC.
	It is recommended to disable useCacheForAllThreads by setting -Dorg.apache.ratis.thirdparty.io.netty.allocator.useCacheForAllThreads=false in command line.
2022-08-03 01:56:10,706 [Listener at 127.0.0.1/44107] INFO  grpc.GrpcConfigKeys (ConfUtils.java:logGet(46)) - raft.grpc.admin.port = 0 (custom)
2022-08-03 01:56:10,706 [Listener at 127.0.0.1/44107] INFO  grpc.GrpcConfigKeys (ConfUtils.java:logGet(46)) - raft.grpc.client.port = 0 (custom)
2022-08-03 01:56:10,706 [Listener at 127.0.0.1/44107] INFO  grpc.GrpcConfigKeys (ConfUtils.java:logGet(46)) - raft.grpc.server.port = 0 (default)
2022-08-03 01:56:10,706 [Listener at 127.0.0.1/44107] INFO  server.GrpcService (ConfUtils.java:logGet(46)) - raft.grpc.message.size.max = 32MB (=33554432) (custom)
2022-08-03 01:56:10,706 [Listener at 127.0.0.1/44107] INFO  server.RaftServerConfigKeys (ConfUtils.java:logGet(46)) - raft.server.log.appender.buffer.byte-limit = 33554432 (custom)
2022-08-03 01:56:10,706 [Listener at 127.0.0.1/44107] INFO  server.GrpcService (ConfUtils.java:logGet(46)) - raft.grpc.flow.control.window = 5MB (=5242880) (custom)
2022-08-03 01:56:10,707 [Listener at 127.0.0.1/44107] INFO  server.RaftServerConfigKeys (ConfUtils.java:logGet(46)) - raft.server.rpc.request.timeout = 60s (custom)
2022-08-03 01:56:10,707 [Listener at 127.0.0.1/44107] INFO  grpc.GrpcConfigKeys (ConfUtils.java:logGet(46)) - raft.grpc.server.async.request.thread.pool.cached = true (default)
2022-08-03 01:56:10,707 [Listener at 127.0.0.1/44107] INFO  grpc.GrpcConfigKeys (ConfUtils.java:logGet(46)) - raft.grpc.server.async.request.thread.pool.size = 32 (default)
2022-08-03 01:56:10,708 [Listener at 127.0.0.1/44107] INFO  impl.DataStreamServerImpl (ConfUtils.java:logGet(46)) - raft.datastream.type = DISABLED (default)
2022-08-03 01:56:10,708 [Listener at 127.0.0.1/44107] INFO  server.RaftServerConfigKeys (ConfUtils.java:logGet(46)) - raft.server.threadpool.proxy.cached = true (default)
2022-08-03 01:56:10,708 [Listener at 127.0.0.1/44107] INFO  server.RaftServerConfigKeys (ConfUtils.java:logGet(46)) - raft.server.threadpool.proxy.size = 0 (default)
2022-08-03 01:56:10,712 [Listener at 127.0.0.1/44107] INFO  server.RaftServerConfigKeys (ConfUtils.java:logGet(46)) - raft.server.rpc.slowness.timeout = 300s (custom)
2022-08-03 01:56:10,713 [Listener at 127.0.0.1/44107] INFO  server.RaftServerConfigKeys (ConfUtils.java:logGet(46)) - raft.server.leaderelection.leader.step-down.wait-time = 10s (default)
2022-08-03 01:56:10,713 [Listener at 127.0.0.1/44107] INFO  server.RaftServerConfigKeys (ConfUtils.java:logGet(46)) - raft.server.storage.dir = [/home/runner/work/ozone/ozone/hadoop-ozone/integration-test/target/test-dir/MiniOzoneClusterImpl-2b644ed5-ee6e-4744-ab54-d718b8c739bc/datanode-2/data/ratis] (custom)
2022-08-03 01:56:10,714 [Listener at 127.0.0.1/44107] INFO  server.XceiverServerGrpc (XceiverServerGrpc.java:<init>(132)) - GrpcServer channel type EpollServerSocketChannel
2022-08-03 01:56:10,744 [Listener at 127.0.0.1/44107] INFO  http.BaseHttpServer (BaseHttpServer.java:newHttpServer2BuilderForOzone(209)) - Starting Web-server for hddsDatanode at: http://0.0.0.0:0
2022-08-03 01:56:10,744 [Listener at 127.0.0.1/44107] INFO  http.BaseHttpServer (BaseHttpServer.java:<init>(107)) - Hadoop Security Enabled: false Ozone Security Enabled: false Ozone HTTP Security Enabled: false 
2022-08-03 01:56:10,746 [Listener at 127.0.0.1/44107] INFO  server.AuthenticationFilter (AuthenticationFilter.java:constructSecretProvider(240)) - Unable to initialize FileSignerSecretProvider, falling back to use random secrets.
2022-08-03 01:56:10,752 [Listener at 127.0.0.1/44107] WARN  http.HttpRequestLog (HttpRequestLog.java:getRequestLog(103)) - Jetty request log can only be enabled using Log4j
2022-08-03 01:56:10,754 [Listener at 127.0.0.1/44107] INFO  http.HttpServer2 (HttpServer2.java:addGlobalFilter(1029)) - Added global filter 'safety' (class=org.apache.hadoop.hdds.server.http.HttpServer2$QuotingInputFilter)
2022-08-03 01:56:10,755 [Listener at 127.0.0.1/44107] INFO  http.HttpServer2 (HttpServer2.java:addFilter(1005)) - Added filter static_user_filter (class=org.apache.hadoop.http.lib.StaticUserWebFilter$StaticUserFilter) to context hddsDatanode
2022-08-03 01:56:10,755 [Listener at 127.0.0.1/44107] INFO  http.HttpServer2 (HttpServer2.java:addFilter(1013)) - Added filter static_user_filter (class=org.apache.hadoop.http.lib.StaticUserWebFilter$StaticUserFilter) to context logs
2022-08-03 01:56:10,755 [Listener at 127.0.0.1/44107] INFO  http.HttpServer2 (HttpServer2.java:addFilter(1013)) - Added filter static_user_filter (class=org.apache.hadoop.http.lib.StaticUserWebFilter$StaticUserFilter) to context static
2022-08-03 01:56:10,755 [Listener at 127.0.0.1/44107] INFO  http.HttpServer2 (HttpServer2.java:bindListener(1248)) - Jetty bound to port 45487
2022-08-03 01:56:10,756 [Listener at 127.0.0.1/44107] INFO  server.Server (Server.java:doStart(375)) - jetty-9.4.43.v20210629; built: 2021-06-30T11:07:22.254Z; git: 526006ecfa3af7f1a27ef3a288e2bef7ea9dd7e8; jvm 1.8.0_332-b09
2022-08-03 01:56:10,782 [Listener at 127.0.0.1/44107] INFO  server.session (DefaultSessionIdManager.java:doStart(334)) - DefaultSessionIdManager workerName=node0
2022-08-03 01:56:10,782 [Listener at 127.0.0.1/44107] INFO  server.session (DefaultSessionIdManager.java:doStart(339)) - No SessionScavenger set, using defaults
2022-08-03 01:56:10,783 [Listener at 127.0.0.1/44107] INFO  server.session (HouseKeeper.java:startScavenging(132)) - node0 Scavenging every 600000ms
2022-08-03 01:56:10,783 [Listener at 127.0.0.1/44107] INFO  handler.ContextHandler (ContextHandler.java:doStart(915)) - Started o.e.j.s.ServletContextHandler@6a8695f8{logs,/logs,file:///home/runner/work/ozone/ozone/hadoop-ozone/integration-test/target/log,AVAILABLE}
2022-08-03 01:56:10,784 [Listener at 127.0.0.1/44107] INFO  handler.ContextHandler (ContextHandler.java:doStart(915)) - Started o.e.j.s.ServletContextHandler@b8b3874{static,/static,jar:file:/home/runner/.m2/repository/org/apache/ozone/hdds-container-service/1.3.0-SNAPSHOT/hdds-container-service-1.3.0-SNAPSHOT.jar!/webapps/static,AVAILABLE}
2022-08-03 01:56:11,085 [Listener at 127.0.0.1/44107] INFO  handler.ContextHandler (ContextHandler.java:doStart(915)) - Started o.e.j.w.WebAppContext@2fa4d438{hddsDatanode,/,file:///tmp/jetty-0_0_0_0-45487-hdds-container-service-1_3_0-SNAPSHOT_jar-_-any-8138498814680731623/webapp/,AVAILABLE}{jar:file:/home/runner/.m2/repository/org/apache/ozone/hdds-container-service/1.3.0-SNAPSHOT/hdds-container-service-1.3.0-SNAPSHOT.jar!/webapps/hddsDatanode}
2022-08-03 01:56:11,088 [Listener at 127.0.0.1/44107] INFO  server.AbstractConnector (AbstractConnector.java:doStart(331)) - Started ServerConnector@5649af04{HTTP/1.1, (http/1.1)}{0.0.0.0:45487}
2022-08-03 01:56:11,089 [Listener at 127.0.0.1/44107] INFO  server.Server (Server.java:doStart(415)) - Started @198945ms
2022-08-03 01:56:11,089 [Listener at 127.0.0.1/44107] WARN  impl.MetricsSystemImpl (MetricsSystemImpl.java:register(279)) - Sink prometheus already exists!
2022-08-03 01:56:11,091 [Listener at 127.0.0.1/44107] INFO  http.BaseHttpServer (BaseHttpServer.java:updateConnectorAddress(329)) - HTTP server of hddsDatanode listening at http://0.0.0.0:45487
2022-08-03 01:56:11,093 [Listener at 127.0.0.1/44107] INFO  impl.MetricsSystemImpl (MetricsSystemImpl.java:init(158)) - HddsDatanode metrics system started (again)
2022-08-03 01:56:11,108 [Datanode State Machine Daemon Thread] INFO  statemachine.DatanodeStateMachine (DatanodeStateMachine.java:lambda$startDaemon$0(492)) - Ozone container server started.
2022-08-03 01:56:11,126 [Listener at 127.0.0.1/44107] INFO  ozone.HddsDatanodeService (HddsDatanodeService.java:start(236)) - HddsDatanodeService host:fv-az199-929.piossgaoozdutex3tpy4bgd4ka.dx.internal.cloudapp.net ip:10.1.0.23
2022-08-03 01:56:11,133 [org.apache.hadoop.util.JvmPauseMonitor$Monitor@36469c36] INFO  util.JvmPauseMonitor (JvmPauseMonitor.java:run(188)) - Starting JVM pause monitor
2022-08-03 01:56:11,147 [Datanode State Machine Task Thread - 0] INFO  datanode.InitDatanodeState (InitDatanodeState.java:persistContainerDatanodeDetails(138)) - DatanodeDetails is persisted to /home/runner/work/ozone/ozone/hadoop-ozone/integration-test/target/test-dir/MiniOzoneClusterImpl-2b644ed5-ee6e-4744-ab54-d718b8c739bc/datanode-2/meta/datanode.id
2022-08-03 01:56:11,182 [Listener at 127.0.0.1/44107] INFO  upgrade.AbstractLayoutVersionManager (AbstractLayoutVersionManager.java:init(83)) - Initializing Layout version manager with metadata layout = DATANODE_SCHEMA_V3 (version = 4), software layout = DATANODE_SCHEMA_V3 (version = 4)
2022-08-03 01:56:11,326 [Listener at 127.0.0.1/44107] INFO  reflections.Reflections (Reflections.java:scan(232)) - Reflections took 143 ms to scan 7 urls, producing 132 keys and 321 values 
2022-08-03 01:56:11,328 [Listener at 127.0.0.1/44107] INFO  statemachine.DatanodeStateMachine (DatanodeStateMachine.java:getEndPointTaskThreadPoolSize(237)) - Datanode State Machine Task Thread Pool size 2
2022-08-03 01:56:11,341 [Listener at 127.0.0.1/44107] INFO  volume.HddsVolume (HddsVolume.java:<init>(116)) - Creating HddsVolume: /home/runner/work/ozone/ozone/hadoop-ozone/integration-test/target/test-dir/MiniOzoneClusterImpl-2b644ed5-ee6e-4744-ab54-d718b8c739bc/datanode-3/data-0/containers/hdds of storage type : DISK capacity : 9223372036854775807
2022-08-03 01:56:11,341 [Listener at 127.0.0.1/44107] INFO  volume.MutableVolumeSet (MutableVolumeSet.java:initializeVolumeSet(174)) - Added Volume : /home/runner/work/ozone/ozone/hadoop-ozone/integration-test/target/test-dir/MiniOzoneClusterImpl-2b644ed5-ee6e-4744-ab54-d718b8c739bc/datanode-3/data-0/containers/hdds to VolumeSet
2022-08-03 01:56:11,342 [Listener at 127.0.0.1/44107] INFO  volume.ThrottledAsyncChecker (ThrottledAsyncChecker.java:schedule(141)) - Scheduling a check for /home/runner/work/ozone/ozone/hadoop-ozone/integration-test/target/test-dir/MiniOzoneClusterImpl-2b644ed5-ee6e-4744-ab54-d718b8c739bc/datanode-3/data-0/containers/hdds
2022-08-03 01:56:11,351 [Listener at 127.0.0.1/44107] INFO  volume.StorageVolumeChecker (StorageVolumeChecker.java:checkAllVolumes(202)) - Scheduled health check for volume /home/runner/work/ozone/ozone/hadoop-ozone/integration-test/target/test-dir/MiniOzoneClusterImpl-2b644ed5-ee6e-4744-ab54-d718b8c739bc/datanode-3/data-0/containers/hdds
2022-08-03 01:56:11,376 [Listener at 127.0.0.1/44107] INFO  volume.MutableVolumeSet (MutableVolumeSet.java:initializeVolumeSet(174)) - Added Volume : /home/runner/work/ozone/ozone/hadoop-ozone/integration-test/target/test-dir/MiniOzoneClusterImpl-2b644ed5-ee6e-4744-ab54-d718b8c739bc/datanode-3/data/ratis to VolumeSet
2022-08-03 01:56:11,376 [Listener at 127.0.0.1/44107] INFO  volume.ThrottledAsyncChecker (ThrottledAsyncChecker.java:schedule(141)) - Scheduling a check for /home/runner/work/ozone/ozone/hadoop-ozone/integration-test/target/test-dir/MiniOzoneClusterImpl-2b644ed5-ee6e-4744-ab54-d718b8c739bc/datanode-3/data/ratis
2022-08-03 01:56:11,388 [Listener at 127.0.0.1/44107] INFO  volume.StorageVolumeChecker (StorageVolumeChecker.java:checkAllVolumes(202)) - Scheduled health check for volume /home/runner/work/ozone/ozone/hadoop-ozone/integration-test/target/test-dir/MiniOzoneClusterImpl-2b644ed5-ee6e-4744-ab54-d718b8c739bc/datanode-3/data/ratis
2022-08-03 01:56:11,420 [Thread-826] INFO  ozoneimpl.ContainerReader (ContainerReader.java:readVolume(175)) - Finish verifying containers on volume /home/runner/work/ozone/ozone/hadoop-ozone/integration-test/target/test-dir/MiniOzoneClusterImpl-2b644ed5-ee6e-4744-ab54-d718b8c739bc/datanode-3/data-0/containers/hdds
2022-08-03 01:56:11,421 [Listener at 127.0.0.1/44107] INFO  ozoneimpl.OzoneContainer (OzoneContainer.java:buildContainerSet(299)) - Build ContainerSet costs 0s
2022-08-03 01:56:11,425 [Listener at 127.0.0.1/44107] INFO  server.RaftServer (ConfUtils.java:logGet(46)) - raft.rpc.type = GRPC (default)
2022-08-03 01:56:11,426 [Listener at 127.0.0.1/44107] INFO  grpc.GrpcFactory (GrpcFactory.java:checkPooledByteBufAllocatorUseCacheForAllThreads(48)) - PERFORMANCE WARNING: useCacheForAllThreads is true that may cause Netty to create a lot garbage objects and, as a result, trigger GC.
	It is recommended to disable useCacheForAllThreads by setting -Dorg.apache.ratis.thirdparty.io.netty.allocator.useCacheForAllThreads=false in command line.
2022-08-03 01:56:11,426 [Listener at 127.0.0.1/44107] INFO  grpc.GrpcConfigKeys (ConfUtils.java:logGet(46)) - raft.grpc.admin.port = 0 (custom)
2022-08-03 01:56:11,426 [Listener at 127.0.0.1/44107] INFO  grpc.GrpcConfigKeys (ConfUtils.java:logGet(46)) - raft.grpc.client.port = 0 (custom)
2022-08-03 01:56:11,426 [Listener at 127.0.0.1/44107] INFO  grpc.GrpcConfigKeys (ConfUtils.java:logGet(46)) - raft.grpc.server.port = 0 (default)
2022-08-03 01:56:11,426 [Listener at 127.0.0.1/44107] INFO  server.GrpcService (ConfUtils.java:logGet(46)) - raft.grpc.message.size.max = 32MB (=33554432) (custom)
2022-08-03 01:56:11,427 [Listener at 127.0.0.1/44107] INFO  server.RaftServerConfigKeys (ConfUtils.java:logGet(46)) - raft.server.log.appender.buffer.byte-limit = 33554432 (custom)
2022-08-03 01:56:11,427 [Listener at 127.0.0.1/44107] INFO  server.GrpcService (ConfUtils.java:logGet(46)) - raft.grpc.flow.control.window = 5MB (=5242880) (custom)
2022-08-03 01:56:11,427 [Listener at 127.0.0.1/44107] INFO  server.RaftServerConfigKeys (ConfUtils.java:logGet(46)) - raft.server.rpc.request.timeout = 60s (custom)
2022-08-03 01:56:11,427 [Listener at 127.0.0.1/44107] INFO  grpc.GrpcConfigKeys (ConfUtils.java:logGet(46)) - raft.grpc.server.async.request.thread.pool.cached = true (default)
2022-08-03 01:56:11,427 [Listener at 127.0.0.1/44107] INFO  grpc.GrpcConfigKeys (ConfUtils.java:logGet(46)) - raft.grpc.server.async.request.thread.pool.size = 32 (default)
2022-08-03 01:56:11,429 [Listener at 127.0.0.1/44107] INFO  impl.DataStreamServerImpl (ConfUtils.java:logGet(46)) - raft.datastream.type = DISABLED (default)
2022-08-03 01:56:11,429 [Listener at 127.0.0.1/44107] INFO  server.RaftServerConfigKeys (ConfUtils.java:logGet(46)) - raft.server.threadpool.proxy.cached = true (default)
2022-08-03 01:56:11,429 [Listener at 127.0.0.1/44107] INFO  server.RaftServerConfigKeys (ConfUtils.java:logGet(46)) - raft.server.threadpool.proxy.size = 0 (default)
2022-08-03 01:56:11,429 [Listener at 127.0.0.1/44107] INFO  server.RaftServerConfigKeys (ConfUtils.java:logGet(46)) - raft.server.rpc.slowness.timeout = 300s (custom)
2022-08-03 01:56:11,429 [Listener at 127.0.0.1/44107] INFO  server.RaftServerConfigKeys (ConfUtils.java:logGet(46)) - raft.server.leaderelection.leader.step-down.wait-time = 10s (default)
2022-08-03 01:56:11,429 [Listener at 127.0.0.1/44107] INFO  server.RaftServerConfigKeys (ConfUtils.java:logGet(46)) - raft.server.storage.dir = [/home/runner/work/ozone/ozone/hadoop-ozone/integration-test/target/test-dir/MiniOzoneClusterImpl-2b644ed5-ee6e-4744-ab54-d718b8c739bc/datanode-3/data/ratis] (custom)
2022-08-03 01:56:11,448 [Listener at 127.0.0.1/44107] INFO  server.XceiverServerGrpc (XceiverServerGrpc.java:<init>(132)) - GrpcServer channel type EpollServerSocketChannel
2022-08-03 01:56:11,468 [Listener at 127.0.0.1/44107] INFO  http.BaseHttpServer (BaseHttpServer.java:newHttpServer2BuilderForOzone(209)) - Starting Web-server for hddsDatanode at: http://0.0.0.0:0
2022-08-03 01:56:11,468 [Listener at 127.0.0.1/44107] INFO  http.BaseHttpServer (BaseHttpServer.java:<init>(107)) - Hadoop Security Enabled: false Ozone Security Enabled: false Ozone HTTP Security Enabled: false 
2022-08-03 01:56:11,470 [Listener at 127.0.0.1/44107] INFO  server.AuthenticationFilter (AuthenticationFilter.java:constructSecretProvider(240)) - Unable to initialize FileSignerSecretProvider, falling back to use random secrets.
2022-08-03 01:56:11,480 [Listener at 127.0.0.1/44107] WARN  http.HttpRequestLog (HttpRequestLog.java:getRequestLog(103)) - Jetty request log can only be enabled using Log4j
2022-08-03 01:56:11,482 [Listener at 127.0.0.1/44107] INFO  http.HttpServer2 (HttpServer2.java:addGlobalFilter(1029)) - Added global filter 'safety' (class=org.apache.hadoop.hdds.server.http.HttpServer2$QuotingInputFilter)
2022-08-03 01:56:11,482 [Listener at 127.0.0.1/44107] INFO  http.HttpServer2 (HttpServer2.java:addFilter(1005)) - Added filter static_user_filter (class=org.apache.hadoop.http.lib.StaticUserWebFilter$StaticUserFilter) to context hddsDatanode
2022-08-03 01:56:11,483 [Listener at 127.0.0.1/44107] INFO  http.HttpServer2 (HttpServer2.java:addFilter(1013)) - Added filter static_user_filter (class=org.apache.hadoop.http.lib.StaticUserWebFilter$StaticUserFilter) to context static
2022-08-03 01:56:11,483 [Listener at 127.0.0.1/44107] INFO  http.HttpServer2 (HttpServer2.java:addFilter(1013)) - Added filter static_user_filter (class=org.apache.hadoop.http.lib.StaticUserWebFilter$StaticUserFilter) to context logs
2022-08-03 01:56:11,483 [Listener at 127.0.0.1/44107] INFO  http.HttpServer2 (HttpServer2.java:bindListener(1248)) - Jetty bound to port 35757
2022-08-03 01:56:11,483 [Listener at 127.0.0.1/44107] INFO  server.Server (Server.java:doStart(375)) - jetty-9.4.43.v20210629; built: 2021-06-30T11:07:22.254Z; git: 526006ecfa3af7f1a27ef3a288e2bef7ea9dd7e8; jvm 1.8.0_332-b09
2022-08-03 01:56:11,485 [Listener at 127.0.0.1/44107] INFO  server.session (DefaultSessionIdManager.java:doStart(334)) - DefaultSessionIdManager workerName=node0
2022-08-03 01:56:11,486 [Listener at 127.0.0.1/44107] INFO  server.session (DefaultSessionIdManager.java:doStart(339)) - No SessionScavenger set, using defaults
2022-08-03 01:56:11,486 [Listener at 127.0.0.1/44107] INFO  server.session (HouseKeeper.java:startScavenging(132)) - node0 Scavenging every 660000ms
2022-08-03 01:56:11,486 [Listener at 127.0.0.1/44107] INFO  handler.ContextHandler (ContextHandler.java:doStart(915)) - Started o.e.j.s.ServletContextHandler@19b6b6{logs,/logs,file:///home/runner/work/ozone/ozone/hadoop-ozone/integration-test/target/log,AVAILABLE}
2022-08-03 01:56:11,487 [Listener at 127.0.0.1/44107] INFO  handler.ContextHandler (ContextHandler.java:doStart(915)) - Started o.e.j.s.ServletContextHandler@71d6ac8d{static,/static,jar:file:/home/runner/.m2/repository/org/apache/ozone/hdds-container-service/1.3.0-SNAPSHOT/hdds-container-service-1.3.0-SNAPSHOT.jar!/webapps/static,AVAILABLE}
2022-08-03 01:56:11,637 [EndpointStateMachine task thread for /0.0.0.0:41709 - 0 ] INFO  volume.HddsVolume (HddsVolume.java:createDbStore(309)) - SchemaV3 db is created and loaded at /home/runner/work/ozone/ozone/hadoop-ozone/integration-test/target/test-dir/MiniOzoneClusterImpl-2b644ed5-ee6e-4744-ab54-d718b8c739bc/datanode-0/data-0/containers/hdds/2b644ed5-ee6e-4744-ab54-d718b8c739bc/DS-f79fee29-3009-41ba-8b79-f5c016369f01/container.db for volume DS-f79fee29-3009-41ba-8b79-f5c016369f01
2022-08-03 01:56:11,639 [EndpointStateMachine task thread for /0.0.0.0:41709 - 0 ] INFO  volume.HddsVolume (HddsVolume.java:closeDbStore(340)) - SchemaV3 db is stopped at /home/runner/work/ozone/ozone/hadoop-ozone/integration-test/target/test-dir/MiniOzoneClusterImpl-2b644ed5-ee6e-4744-ab54-d718b8c739bc/datanode-0/data-0/containers/hdds/2b644ed5-ee6e-4744-ab54-d718b8c739bc/DS-f79fee29-3009-41ba-8b79-f5c016369f01/container.db for volume DS-f79fee29-3009-41ba-8b79-f5c016369f01
2022-08-03 01:56:11,639 [EndpointStateMachine task thread for /0.0.0.0:41709 - 0 ] INFO  ozoneimpl.OzoneContainer (OzoneContainer.java:start(377)) - Attempting to start container services.
2022-08-03 01:56:11,639 [EndpointStateMachine task thread for /0.0.0.0:41709 - 0 ] INFO  ozoneimpl.OzoneContainer (OzoneContainer.java:startContainerScrub(312)) - Background container scanner has been disabled.
2022-08-03 01:56:11,673 [EndpointStateMachine task thread for /0.0.0.0:41709 - 0 ] INFO  replication.ReplicationServer (ReplicationServer.java:start(111)) - ReplicationServer is started using port 33909
2022-08-03 01:56:11,674 [EndpointStateMachine task thread for /0.0.0.0:41709 - 0 ] INFO  ratis.XceiverServerRatis (XceiverServerRatis.java:start(481)) - Starting XceiverServerRatis 26c6a879-3581-43c9-81a3-df00a00fc298
2022-08-03 01:56:11,684 [EndpointStateMachine task thread for /0.0.0.0:41709 - 0 ] INFO  server.RaftServer (RaftServerProxy.java:lambda$start$6(382)) - 26c6a879-3581-43c9-81a3-df00a00fc298: start RPC server
2022-08-03 01:56:11,686 [EndpointStateMachine task thread for /0.0.0.0:41709 - 0 ] INFO  server.GrpcService (GrpcService.java:startImpl(260)) - 26c6a879-3581-43c9-81a3-df00a00fc298: GrpcService started, listening on 40673
2022-08-03 01:56:11,687 [EndpointStateMachine task thread for /0.0.0.0:41709 - 0 ] INFO  ratis.XceiverServerRatis (XceiverServerRatis.java:getRealPort(502)) - XceiverServerRatis 26c6a879-3581-43c9-81a3-df00a00fc298 is started using port 40673 for RATIS
2022-08-03 01:56:11,687 [EndpointStateMachine task thread for /0.0.0.0:41709 - 0 ] INFO  ratis.XceiverServerRatis (XceiverServerRatis.java:getRealPort(502)) - XceiverServerRatis 26c6a879-3581-43c9-81a3-df00a00fc298 is started using port 40673 for RATIS_ADMIN
2022-08-03 01:56:11,687 [EndpointStateMachine task thread for /0.0.0.0:41709 - 0 ] INFO  ratis.XceiverServerRatis (XceiverServerRatis.java:getRealPort(502)) - XceiverServerRatis 26c6a879-3581-43c9-81a3-df00a00fc298 is started using port 40673 for RATIS_SERVER
2022-08-03 01:56:11,687 [org.apache.ratis.util.JvmPauseMonitor$$Lambda$631/606875044@196a6fb6] INFO  util.JvmPauseMonitor (JvmPauseMonitor.java:run(103)) - JvmPauseMonitor-26c6a879-3581-43c9-81a3-df00a00fc298: Started
2022-08-03 01:56:11,719 [EndpointStateMachine task thread for /0.0.0.0:41709 - 0 ] INFO  server.XceiverServerGrpc (XceiverServerGrpc.java:start(180)) - XceiverServerGrpc 26c6a879-3581-43c9-81a3-df00a00fc298 is started using port 42961
2022-08-03 01:56:12,012 [Listener at 127.0.0.1/44107] INFO  handler.ContextHandler (ContextHandler.java:doStart(915)) - Started o.e.j.w.WebAppContext@3287f2d{hddsDatanode,/,file:///tmp/jetty-0_0_0_0-35757-hdds-container-service-1_3_0-SNAPSHOT_jar-_-any-4944909850885829181/webapp/,AVAILABLE}{jar:file:/home/runner/.m2/repository/org/apache/ozone/hdds-container-service/1.3.0-SNAPSHOT/hdds-container-service-1.3.0-SNAPSHOT.jar!/webapps/hddsDatanode}
2022-08-03 01:56:12,024 [Listener at 127.0.0.1/44107] INFO  server.AbstractConnector (AbstractConnector.java:doStart(331)) - Started ServerConnector@6b4e1ef6{HTTP/1.1, (http/1.1)}{0.0.0.0:35757}
2022-08-03 01:56:12,025 [Listener at 127.0.0.1/44107] INFO  server.Server (Server.java:doStart(415)) - Started @199881ms
2022-08-03 01:56:12,025 [Listener at 127.0.0.1/44107] WARN  impl.MetricsSystemImpl (MetricsSystemImpl.java:register(279)) - Sink prometheus already exists!
2022-08-03 01:56:12,029 [Listener at 127.0.0.1/44107] INFO  http.BaseHttpServer (BaseHttpServer.java:updateConnectorAddress(329)) - HTTP server of hddsDatanode listening at http://0.0.0.0:35757
2022-08-03 01:56:12,033 [Listener at 127.0.0.1/44107] INFO  impl.MetricsSystemImpl (MetricsSystemImpl.java:init(158)) - HddsDatanode metrics system started (again)
2022-08-03 01:56:12,036 [Datanode State Machine Daemon Thread] INFO  statemachine.DatanodeStateMachine (DatanodeStateMachine.java:lambda$startDaemon$0(492)) - Ozone container server started.
2022-08-03 01:56:12,052 [org.apache.hadoop.util.JvmPauseMonitor$Monitor@6dcde739] INFO  util.JvmPauseMonitor (JvmPauseMonitor.java:run(188)) - Starting JVM pause monitor
2022-08-03 01:56:12,061 [Listener at 127.0.0.1/44107] INFO  ozone.HddsDatanodeService (HddsDatanodeService.java:start(236)) - HddsDatanodeService host:fv-az199-929.piossgaoozdutex3tpy4bgd4ka.dx.internal.cloudapp.net ip:10.1.0.23
2022-08-03 01:56:12,065 [Datanode State Machine Task Thread - 0] INFO  datanode.InitDatanodeState (InitDatanodeState.java:persistContainerDatanodeDetails(138)) - DatanodeDetails is persisted to /home/runner/work/ozone/ozone/hadoop-ozone/integration-test/target/test-dir/MiniOzoneClusterImpl-2b644ed5-ee6e-4744-ab54-d718b8c739bc/datanode-3/meta/datanode.id
2022-08-03 01:56:12,107 [Listener at 127.0.0.1/44107] INFO  upgrade.AbstractLayoutVersionManager (AbstractLayoutVersionManager.java:init(83)) - Initializing Layout version manager with metadata layout = DATANODE_SCHEMA_V3 (version = 4), software layout = DATANODE_SCHEMA_V3 (version = 4)
2022-08-03 01:56:12,239 [Listener at 127.0.0.1/44107] INFO  reflections.Reflections (Reflections.java:scan(232)) - Reflections took 128 ms to scan 7 urls, producing 132 keys and 321 values 
2022-08-03 01:56:12,241 [Listener at 127.0.0.1/44107] INFO  statemachine.DatanodeStateMachine (DatanodeStateMachine.java:getEndPointTaskThreadPoolSize(237)) - Datanode State Machine Task Thread Pool size 2
2022-08-03 01:56:12,253 [Listener at 127.0.0.1/44107] INFO  volume.HddsVolume (HddsVolume.java:<init>(116)) - Creating HddsVolume: /home/runner/work/ozone/ozone/hadoop-ozone/integration-test/target/test-dir/MiniOzoneClusterImpl-2b644ed5-ee6e-4744-ab54-d718b8c739bc/datanode-4/data-0/containers/hdds of storage type : DISK capacity : 9223372036854775807
2022-08-03 01:56:12,253 [Listener at 127.0.0.1/44107] INFO  volume.MutableVolumeSet (MutableVolumeSet.java:initializeVolumeSet(174)) - Added Volume : /home/runner/work/ozone/ozone/hadoop-ozone/integration-test/target/test-dir/MiniOzoneClusterImpl-2b644ed5-ee6e-4744-ab54-d718b8c739bc/datanode-4/data-0/containers/hdds to VolumeSet
2022-08-03 01:56:12,254 [Listener at 127.0.0.1/44107] INFO  volume.ThrottledAsyncChecker (ThrottledAsyncChecker.java:schedule(141)) - Scheduling a check for /home/runner/work/ozone/ozone/hadoop-ozone/integration-test/target/test-dir/MiniOzoneClusterImpl-2b644ed5-ee6e-4744-ab54-d718b8c739bc/datanode-4/data-0/containers/hdds
2022-08-03 01:56:12,266 [Listener at 127.0.0.1/44107] INFO  volume.StorageVolumeChecker (StorageVolumeChecker.java:checkAllVolumes(202)) - Scheduled health check for volume /home/runner/work/ozone/ozone/hadoop-ozone/integration-test/target/test-dir/MiniOzoneClusterImpl-2b644ed5-ee6e-4744-ab54-d718b8c739bc/datanode-4/data-0/containers/hdds
2022-08-03 01:56:12,291 [Listener at 127.0.0.1/44107] INFO  volume.MutableVolumeSet (MutableVolumeSet.java:initializeVolumeSet(174)) - Added Volume : /home/runner/work/ozone/ozone/hadoop-ozone/integration-test/target/test-dir/MiniOzoneClusterImpl-2b644ed5-ee6e-4744-ab54-d718b8c739bc/datanode-4/data/ratis to VolumeSet
2022-08-03 01:56:12,291 [Listener at 127.0.0.1/44107] INFO  volume.ThrottledAsyncChecker (ThrottledAsyncChecker.java:schedule(141)) - Scheduling a check for /home/runner/work/ozone/ozone/hadoop-ozone/integration-test/target/test-dir/MiniOzoneClusterImpl-2b644ed5-ee6e-4744-ab54-d718b8c739bc/datanode-4/data/ratis
2022-08-03 01:56:12,296 [Listener at 127.0.0.1/44107] INFO  volume.StorageVolumeChecker (StorageVolumeChecker.java:checkAllVolumes(202)) - Scheduled health check for volume /home/runner/work/ozone/ozone/hadoop-ozone/integration-test/target/test-dir/MiniOzoneClusterImpl-2b644ed5-ee6e-4744-ab54-d718b8c739bc/datanode-4/data/ratis
2022-08-03 01:56:12,344 [Thread-845] INFO  ozoneimpl.ContainerReader (ContainerReader.java:readVolume(175)) - Finish verifying containers on volume /home/runner/work/ozone/ozone/hadoop-ozone/integration-test/target/test-dir/MiniOzoneClusterImpl-2b644ed5-ee6e-4744-ab54-d718b8c739bc/datanode-4/data-0/containers/hdds
2022-08-03 01:56:12,345 [Listener at 127.0.0.1/44107] INFO  ozoneimpl.OzoneContainer (OzoneContainer.java:buildContainerSet(299)) - Build ContainerSet costs 0s
2022-08-03 01:56:12,348 [Listener at 127.0.0.1/44107] INFO  server.RaftServer (ConfUtils.java:logGet(46)) - raft.rpc.type = GRPC (default)
2022-08-03 01:56:12,349 [Listener at 127.0.0.1/44107] INFO  grpc.GrpcFactory (GrpcFactory.java:checkPooledByteBufAllocatorUseCacheForAllThreads(48)) - PERFORMANCE WARNING: useCacheForAllThreads is true that may cause Netty to create a lot garbage objects and, as a result, trigger GC.
	It is recommended to disable useCacheForAllThreads by setting -Dorg.apache.ratis.thirdparty.io.netty.allocator.useCacheForAllThreads=false in command line.
2022-08-03 01:56:12,349 [Listener at 127.0.0.1/44107] INFO  grpc.GrpcConfigKeys (ConfUtils.java:logGet(46)) - raft.grpc.admin.port = 0 (custom)
2022-08-03 01:56:12,349 [Listener at 127.0.0.1/44107] INFO  grpc.GrpcConfigKeys (ConfUtils.java:logGet(46)) - raft.grpc.client.port = 0 (custom)
2022-08-03 01:56:12,349 [Listener at 127.0.0.1/44107] INFO  grpc.GrpcConfigKeys (ConfUtils.java:logGet(46)) - raft.grpc.server.port = 0 (default)
2022-08-03 01:56:12,350 [Listener at 127.0.0.1/44107] INFO  server.GrpcService (ConfUtils.java:logGet(46)) - raft.grpc.message.size.max = 32MB (=33554432) (custom)
2022-08-03 01:56:12,350 [Listener at 127.0.0.1/44107] INFO  server.RaftServerConfigKeys (ConfUtils.java:logGet(46)) - raft.server.log.appender.buffer.byte-limit = 33554432 (custom)
2022-08-03 01:56:12,350 [Listener at 127.0.0.1/44107] INFO  server.GrpcService (ConfUtils.java:logGet(46)) - raft.grpc.flow.control.window = 5MB (=5242880) (custom)
2022-08-03 01:56:12,350 [Listener at 127.0.0.1/44107] INFO  server.RaftServerConfigKeys (ConfUtils.java:logGet(46)) - raft.server.rpc.request.timeout = 60s (custom)
2022-08-03 01:56:12,351 [Listener at 127.0.0.1/44107] INFO  grpc.GrpcConfigKeys (ConfUtils.java:logGet(46)) - raft.grpc.server.async.request.thread.pool.cached = true (default)
2022-08-03 01:56:12,351 [Listener at 127.0.0.1/44107] INFO  grpc.GrpcConfigKeys (ConfUtils.java:logGet(46)) - raft.grpc.server.async.request.thread.pool.size = 32 (default)
2022-08-03 01:56:12,352 [Listener at 127.0.0.1/44107] INFO  impl.DataStreamServerImpl (ConfUtils.java:logGet(46)) - raft.datastream.type = DISABLED (default)
2022-08-03 01:56:12,352 [Listener at 127.0.0.1/44107] INFO  server.RaftServerConfigKeys (ConfUtils.java:logGet(46)) - raft.server.threadpool.proxy.cached = true (default)
2022-08-03 01:56:12,353 [Listener at 127.0.0.1/44107] INFO  server.RaftServerConfigKeys (ConfUtils.java:logGet(46)) - raft.server.threadpool.proxy.size = 0 (default)
2022-08-03 01:56:12,353 [Listener at 127.0.0.1/44107] INFO  server.RaftServerConfigKeys (ConfUtils.java:logGet(46)) - raft.server.rpc.slowness.timeout = 300s (custom)
2022-08-03 01:56:12,353 [Listener at 127.0.0.1/44107] INFO  server.RaftServerConfigKeys (ConfUtils.java:logGet(46)) - raft.server.leaderelection.leader.step-down.wait-time = 10s (default)
2022-08-03 01:56:12,353 [Listener at 127.0.0.1/44107] INFO  server.RaftServerConfigKeys (ConfUtils.java:logGet(46)) - raft.server.storage.dir = [/home/runner/work/ozone/ozone/hadoop-ozone/integration-test/target/test-dir/MiniOzoneClusterImpl-2b644ed5-ee6e-4744-ab54-d718b8c739bc/datanode-4/data/ratis] (custom)
2022-08-03 01:56:12,355 [Listener at 127.0.0.1/44107] INFO  server.XceiverServerGrpc (XceiverServerGrpc.java:<init>(132)) - GrpcServer channel type EpollServerSocketChannel
2022-08-03 01:56:12,357 [Listener at 127.0.0.1/44107] INFO  http.BaseHttpServer (BaseHttpServer.java:newHttpServer2BuilderForOzone(209)) - Starting Web-server for hddsDatanode at: http://0.0.0.0:0
2022-08-03 01:56:12,358 [Listener at 127.0.0.1/44107] INFO  http.BaseHttpServer (BaseHttpServer.java:<init>(107)) - Hadoop Security Enabled: false Ozone Security Enabled: false Ozone HTTP Security Enabled: false 
2022-08-03 01:56:12,359 [Listener at 127.0.0.1/44107] INFO  server.AuthenticationFilter (AuthenticationFilter.java:constructSecretProvider(240)) - Unable to initialize FileSignerSecretProvider, falling back to use random secrets.
2022-08-03 01:56:12,359 [Listener at 127.0.0.1/44107] WARN  http.HttpRequestLog (HttpRequestLog.java:getRequestLog(103)) - Jetty request log can only be enabled using Log4j
2022-08-03 01:56:12,361 [Listener at 127.0.0.1/44107] INFO  http.HttpServer2 (HttpServer2.java:addGlobalFilter(1029)) - Added global filter 'safety' (class=org.apache.hadoop.hdds.server.http.HttpServer2$QuotingInputFilter)
2022-08-03 01:56:12,361 [Listener at 127.0.0.1/44107] INFO  http.HttpServer2 (HttpServer2.java:addFilter(1005)) - Added filter static_user_filter (class=org.apache.hadoop.http.lib.StaticUserWebFilter$StaticUserFilter) to context hddsDatanode
2022-08-03 01:56:12,361 [Listener at 127.0.0.1/44107] INFO  http.HttpServer2 (HttpServer2.java:addFilter(1013)) - Added filter static_user_filter (class=org.apache.hadoop.http.lib.StaticUserWebFilter$StaticUserFilter) to context static
2022-08-03 01:56:12,362 [Listener at 127.0.0.1/44107] INFO  http.HttpServer2 (HttpServer2.java:addFilter(1013)) - Added filter static_user_filter (class=org.apache.hadoop.http.lib.StaticUserWebFilter$StaticUserFilter) to context logs
2022-08-03 01:56:12,362 [Listener at 127.0.0.1/44107] INFO  http.HttpServer2 (HttpServer2.java:bindListener(1248)) - Jetty bound to port 46717
2022-08-03 01:56:12,362 [Listener at 127.0.0.1/44107] INFO  server.Server (Server.java:doStart(375)) - jetty-9.4.43.v20210629; built: 2021-06-30T11:07:22.254Z; git: 526006ecfa3af7f1a27ef3a288e2bef7ea9dd7e8; jvm 1.8.0_332-b09
2022-08-03 01:56:12,364 [Listener at 127.0.0.1/44107] INFO  server.session (DefaultSessionIdManager.java:doStart(334)) - DefaultSessionIdManager workerName=node0
2022-08-03 01:56:12,364 [Listener at 127.0.0.1/44107] INFO  server.session (DefaultSessionIdManager.java:doStart(339)) - No SessionScavenger set, using defaults
2022-08-03 01:56:12,364 [Listener at 127.0.0.1/44107] INFO  server.session (HouseKeeper.java:startScavenging(132)) - node0 Scavenging every 660000ms
2022-08-03 01:56:12,393 [Listener at 127.0.0.1/44107] INFO  handler.ContextHandler (ContextHandler.java:doStart(915)) - Started o.e.j.s.ServletContextHandler@4e67fd2d{logs,/logs,file:///home/runner/work/ozone/ozone/hadoop-ozone/integration-test/target/log,AVAILABLE}
2022-08-03 01:56:12,393 [Listener at 127.0.0.1/44107] INFO  handler.ContextHandler (ContextHandler.java:doStart(915)) - Started o.e.j.s.ServletContextHandler@6d18bbb8{static,/static,jar:file:/home/runner/.m2/repository/org/apache/ozone/hdds-container-service/1.3.0-SNAPSHOT/hdds-container-service-1.3.0-SNAPSHOT.jar!/webapps/static,AVAILABLE}
2022-08-03 01:56:12,593 [EndpointStateMachine task thread for /0.0.0.0:41709 - 0 ] INFO  volume.HddsVolume (HddsVolume.java:createDbStore(309)) - SchemaV3 db is created and loaded at /home/runner/work/ozone/ozone/hadoop-ozone/integration-test/target/test-dir/MiniOzoneClusterImpl-2b644ed5-ee6e-4744-ab54-d718b8c739bc/datanode-1/data-0/containers/hdds/2b644ed5-ee6e-4744-ab54-d718b8c739bc/DS-f8342ca5-ad0f-45a3-8761-0b995d0c6c78/container.db for volume DS-f8342ca5-ad0f-45a3-8761-0b995d0c6c78
2022-08-03 01:56:12,596 [EndpointStateMachine task thread for /0.0.0.0:41709 - 0 ] INFO  volume.HddsVolume (HddsVolume.java:closeDbStore(340)) - SchemaV3 db is stopped at /home/runner/work/ozone/ozone/hadoop-ozone/integration-test/target/test-dir/MiniOzoneClusterImpl-2b644ed5-ee6e-4744-ab54-d718b8c739bc/datanode-1/data-0/containers/hdds/2b644ed5-ee6e-4744-ab54-d718b8c739bc/DS-f8342ca5-ad0f-45a3-8761-0b995d0c6c78/container.db for volume DS-f8342ca5-ad0f-45a3-8761-0b995d0c6c78
2022-08-03 01:56:12,596 [EndpointStateMachine task thread for /0.0.0.0:41709 - 0 ] INFO  ozoneimpl.OzoneContainer (OzoneContainer.java:start(377)) - Attempting to start container services.
2022-08-03 01:56:12,596 [EndpointStateMachine task thread for /0.0.0.0:41709 - 0 ] INFO  ozoneimpl.OzoneContainer (OzoneContainer.java:startContainerScrub(312)) - Background container scanner has been disabled.
2022-08-03 01:56:12,616 [EndpointStateMachine task thread for /0.0.0.0:41709 - 0 ] INFO  replication.ReplicationServer (ReplicationServer.java:start(111)) - ReplicationServer is started using port 42537
2022-08-03 01:56:12,617 [EndpointStateMachine task thread for /0.0.0.0:41709 - 0 ] INFO  ratis.XceiverServerRatis (XceiverServerRatis.java:start(481)) - Starting XceiverServerRatis 29c98487-0277-4cc7-b365-3516e94d97ef
2022-08-03 01:56:12,618 [EndpointStateMachine task thread for /0.0.0.0:41709 - 0 ] INFO  server.RaftServer (RaftServerProxy.java:lambda$start$6(382)) - 29c98487-0277-4cc7-b365-3516e94d97ef: start RPC server
2022-08-03 01:56:12,633 [EndpointStateMachine task thread for /0.0.0.0:41709 - 0 ] INFO  server.GrpcService (GrpcService.java:startImpl(260)) - 29c98487-0277-4cc7-b365-3516e94d97ef: GrpcService started, listening on 34985
2022-08-03 01:56:12,636 [EndpointStateMachine task thread for /0.0.0.0:41709 - 0 ] INFO  ratis.XceiverServerRatis (XceiverServerRatis.java:getRealPort(502)) - XceiverServerRatis 29c98487-0277-4cc7-b365-3516e94d97ef is started using port 34985 for RATIS
2022-08-03 01:56:12,636 [EndpointStateMachine task thread for /0.0.0.0:41709 - 0 ] INFO  ratis.XceiverServerRatis (XceiverServerRatis.java:getRealPort(502)) - XceiverServerRatis 29c98487-0277-4cc7-b365-3516e94d97ef is started using port 34985 for RATIS_ADMIN
2022-08-03 01:56:12,636 [EndpointStateMachine task thread for /0.0.0.0:41709 - 0 ] INFO  ratis.XceiverServerRatis (XceiverServerRatis.java:getRealPort(502)) - XceiverServerRatis 29c98487-0277-4cc7-b365-3516e94d97ef is started using port 34985 for RATIS_SERVER
2022-08-03 01:56:12,637 [org.apache.ratis.util.JvmPauseMonitor$$Lambda$631/606875044@2573ac29] INFO  util.JvmPauseMonitor (JvmPauseMonitor.java:run(103)) - JvmPauseMonitor-29c98487-0277-4cc7-b365-3516e94d97ef: Started
2022-08-03 01:56:12,677 [EndpointStateMachine task thread for /0.0.0.0:41709 - 0 ] INFO  server.XceiverServerGrpc (XceiverServerGrpc.java:start(180)) - XceiverServerGrpc 29c98487-0277-4cc7-b365-3516e94d97ef is started using port 33077
2022-08-03 01:56:12,956 [Listener at 127.0.0.1/44107] INFO  handler.ContextHandler (ContextHandler.java:doStart(915)) - Started o.e.j.w.WebAppContext@158315c8{hddsDatanode,/,file:///tmp/jetty-0_0_0_0-46717-hdds-container-service-1_3_0-SNAPSHOT_jar-_-any-8796805497727290907/webapp/,AVAILABLE}{jar:file:/home/runner/.m2/repository/org/apache/ozone/hdds-container-service/1.3.0-SNAPSHOT/hdds-container-service-1.3.0-SNAPSHOT.jar!/webapps/hddsDatanode}
2022-08-03 01:56:12,959 [Listener at 127.0.0.1/44107] INFO  server.AbstractConnector (AbstractConnector.java:doStart(331)) - Started ServerConnector@7974417e{HTTP/1.1, (http/1.1)}{0.0.0.0:46717}
2022-08-03 01:56:12,965 [Listener at 127.0.0.1/44107] INFO  server.Server (Server.java:doStart(415)) - Started @200822ms
2022-08-03 01:56:12,965 [Listener at 127.0.0.1/44107] WARN  impl.MetricsSystemImpl (MetricsSystemImpl.java:register(279)) - Sink prometheus already exists!
2022-08-03 01:56:12,972 [Listener at 127.0.0.1/44107] INFO  http.BaseHttpServer (BaseHttpServer.java:updateConnectorAddress(329)) - HTTP server of hddsDatanode listening at http://0.0.0.0:46717
2022-08-03 01:56:12,984 [Listener at 127.0.0.1/44107] INFO  ozone.MiniOzoneClusterImpl (MiniOzoneClusterImpl.java:lambda$waitForClusterToBeReady$0(216)) - Waiting for nodes to be ready. Got 0 of 5 DN Heartbeats.
2022-08-03 01:56:12,984 [Listener at 127.0.0.1/44107] INFO  ozone.MiniOzoneClusterImpl (MiniOzoneClusterImpl.java:lambda$waitForClusterToBeReady$0(219)) - Waiting for cluster to exit safe mode
2022-08-03 01:56:12,984 [Listener at 127.0.0.1/44107] INFO  ozone.MiniOzoneClusterImpl (MiniOzoneClusterImpl.java:lambda$waitForClusterToBeReady$0(221)) - SCM became leader
2022-08-03 01:56:12,984 [Datanode State Machine Daemon Thread] INFO  statemachine.DatanodeStateMachine (DatanodeStateMachine.java:lambda$startDaemon$0(492)) - Ozone container server started.
2022-08-03 01:56:13,053 [org.apache.hadoop.util.JvmPauseMonitor$Monitor@481ee7a4] INFO  util.JvmPauseMonitor (JvmPauseMonitor.java:run(188)) - Starting JVM pause monitor
2022-08-03 01:56:13,079 [Datanode State Machine Task Thread - 0] INFO  datanode.InitDatanodeState (InitDatanodeState.java:persistContainerDatanodeDetails(138)) - DatanodeDetails is persisted to /home/runner/work/ozone/ozone/hadoop-ozone/integration-test/target/test-dir/MiniOzoneClusterImpl-2b644ed5-ee6e-4744-ab54-d718b8c739bc/datanode-4/meta/datanode.id
2022-08-03 01:56:13,237 [EndpointStateMachine task thread for /0.0.0.0:41709 - 0 ] INFO  volume.HddsVolume (HddsVolume.java:createDbStore(309)) - SchemaV3 db is created and loaded at /home/runner/work/ozone/ozone/hadoop-ozone/integration-test/target/test-dir/MiniOzoneClusterImpl-2b644ed5-ee6e-4744-ab54-d718b8c739bc/datanode-2/data-0/containers/hdds/2b644ed5-ee6e-4744-ab54-d718b8c739bc/DS-9771e7d6-936a-4562-928f-41203eecbadc/container.db for volume DS-9771e7d6-936a-4562-928f-41203eecbadc
2022-08-03 01:56:13,240 [EndpointStateMachine task thread for /0.0.0.0:41709 - 0 ] INFO  volume.HddsVolume (HddsVolume.java:closeDbStore(340)) - SchemaV3 db is stopped at /home/runner/work/ozone/ozone/hadoop-ozone/integration-test/target/test-dir/MiniOzoneClusterImpl-2b644ed5-ee6e-4744-ab54-d718b8c739bc/datanode-2/data-0/containers/hdds/2b644ed5-ee6e-4744-ab54-d718b8c739bc/DS-9771e7d6-936a-4562-928f-41203eecbadc/container.db for volume DS-9771e7d6-936a-4562-928f-41203eecbadc
2022-08-03 01:56:13,240 [EndpointStateMachine task thread for /0.0.0.0:41709 - 0 ] INFO  ozoneimpl.OzoneContainer (OzoneContainer.java:start(377)) - Attempting to start container services.
2022-08-03 01:56:13,240 [EndpointStateMachine task thread for /0.0.0.0:41709 - 0 ] INFO  ozoneimpl.OzoneContainer (OzoneContainer.java:startContainerScrub(312)) - Background container scanner has been disabled.
2022-08-03 01:56:13,249 [EndpointStateMachine task thread for /0.0.0.0:41709 - 0 ] INFO  replication.ReplicationServer (ReplicationServer.java:start(111)) - ReplicationServer is started using port 33619
2022-08-03 01:56:13,253 [EndpointStateMachine task thread for /0.0.0.0:41709 - 0 ] INFO  ratis.XceiverServerRatis (XceiverServerRatis.java:start(481)) - Starting XceiverServerRatis 65846ed8-c1ef-45a3-a578-716f347ad6ea
2022-08-03 01:56:13,288 [EndpointStateMachine task thread for /0.0.0.0:41709 - 0 ] INFO  server.RaftServer (RaftServerProxy.java:lambda$start$6(382)) - 65846ed8-c1ef-45a3-a578-716f347ad6ea: start RPC server
2022-08-03 01:56:13,305 [EndpointStateMachine task thread for /0.0.0.0:41709 - 0 ] INFO  server.GrpcService (GrpcService.java:startImpl(260)) - 65846ed8-c1ef-45a3-a578-716f347ad6ea: GrpcService started, listening on 35919
2022-08-03 01:56:13,305 [EndpointStateMachine task thread for /0.0.0.0:41709 - 0 ] INFO  ratis.XceiverServerRatis (XceiverServerRatis.java:getRealPort(502)) - XceiverServerRatis 65846ed8-c1ef-45a3-a578-716f347ad6ea is started using port 35919 for RATIS
2022-08-03 01:56:13,305 [EndpointStateMachine task thread for /0.0.0.0:41709 - 0 ] INFO  ratis.XceiverServerRatis (XceiverServerRatis.java:getRealPort(502)) - XceiverServerRatis 65846ed8-c1ef-45a3-a578-716f347ad6ea is started using port 35919 for RATIS_ADMIN
2022-08-03 01:56:13,305 [EndpointStateMachine task thread for /0.0.0.0:41709 - 0 ] INFO  ratis.XceiverServerRatis (XceiverServerRatis.java:getRealPort(502)) - XceiverServerRatis 65846ed8-c1ef-45a3-a578-716f347ad6ea is started using port 35919 for RATIS_SERVER
2022-08-03 01:56:13,306 [org.apache.ratis.util.JvmPauseMonitor$$Lambda$631/606875044@25906f05] INFO  util.JvmPauseMonitor (JvmPauseMonitor.java:run(103)) - JvmPauseMonitor-65846ed8-c1ef-45a3-a578-716f347ad6ea: Started
2022-08-03 01:56:13,322 [EndpointStateMachine task thread for /0.0.0.0:41709 - 0 ] INFO  server.XceiverServerGrpc (XceiverServerGrpc.java:start(180)) - XceiverServerGrpc 65846ed8-c1ef-45a3-a578-716f347ad6ea is started using port 42143
2022-08-03 01:56:13,445 [IPC Server handler 2 on default port 41709] INFO  net.NetworkTopologyImpl (NetworkTopologyImpl.java:add(112)) - Added a new node: /default-rack/26c6a879-3581-43c9-81a3-df00a00fc298
2022-08-03 01:56:13,446 [IPC Server handler 2 on default port 41709] INFO  node.SCMNodeManager (SCMNodeManager.java:register(397)) - Registered Data node : 26c6a879-3581-43c9-81a3-df00a00fc298{ip: 10.1.0.23, host: fv-az199-929.piossgaoozdutex3tpy4bgd4ka.dx.internal.cloudapp.net, ports: [REPLICATION=33909, RATIS=40673, RATIS_ADMIN=40673, RATIS_SERVER=40673, STANDALONE=42961], networkLocation: /default-rack, certSerialId: null, persistedOpState: null, persistedOpStateExpiryEpochSec: 0}
2022-08-03 01:56:13,448 [EventQueue-NodeRegistrationContainerReportForContainerSafeModeRule] INFO  safemode.SCMSafeModeManager (SCMSafeModeManager.java:validateSafeModeExitRules(204)) - ContainerSafeModeRule rule is successfully validated
2022-08-03 01:56:13,448 [EventQueue-NodeRegistrationContainerReportForDataNodeSafeModeRule] INFO  safemode.SCMSafeModeManager (DataNodeSafeModeRule.java:process(71)) - SCM in safe mode. 1 DataNodes registered, 3 required.
2022-08-03 01:56:13,480 [EventQueue-PipelineReportForOneReplicaPipelineSafeModeRule] INFO  safemode.SCMSafeModeManager (SCMSafeModeManager.java:validateSafeModeExitRules(204)) - AtleastOneDatanodeReportedRule rule is successfully validated
2022-08-03 01:56:13,486 [EventQueue-NewNodeForNewNodeHandler] INFO  pipeline.BackgroundPipelineCreator (BackgroundPipelineCreator.java:notifyEventTriggered(276)) - trigger a one-shot run on RatisPipelineUtilsThread.
2022-08-03 01:56:13,486 [RatisPipelineUtilsThread - 0] INFO  pipeline.RatisPipelineProvider (RatisPipelineProvider.java:lambda$create$0(195)) - Sending CreatePipelineCommand for pipeline:PipelineID=62e6db0f-5563-43bb-92f8-3f3f2beb8c5d to datanode:26c6a879-3581-43c9-81a3-df00a00fc298
2022-08-03 01:56:13,494 [RatisPipelineUtilsThread - 0] INFO  pipeline.PipelineStateManagerImpl (PipelineStateManagerImpl.java:addPipeline(103)) - Created pipeline Pipeline[ Id: 62e6db0f-5563-43bb-92f8-3f3f2beb8c5d, Nodes: 26c6a879-3581-43c9-81a3-df00a00fc298{ip: 10.1.0.23, host: fv-az199-929.piossgaoozdutex3tpy4bgd4ka.dx.internal.cloudapp.net, ports: [REPLICATION=33909, RATIS=40673, RATIS_ADMIN=40673, RATIS_SERVER=40673, STANDALONE=42961], networkLocation: /default-rack, certSerialId: null, persistedOpState: IN_SERVICE, persistedOpStateExpiryEpochSec: 0}, ReplicationConfig: RATIS/ONE, State:ALLOCATED, leaderId:, CreationTimestamp2022-08-03T01:56:13.486Z[Etc/UTC]].
2022-08-03 01:56:13,984 [Listener at 127.0.0.1/44107] INFO  ozone.MiniOzoneClusterImpl (MiniOzoneClusterImpl.java:lambda$waitForClusterToBeReady$0(216)) - Waiting for nodes to be ready. Got 1 of 5 DN Heartbeats.
2022-08-03 01:56:13,984 [Listener at 127.0.0.1/44107] INFO  ozone.MiniOzoneClusterImpl (MiniOzoneClusterImpl.java:lambda$waitForClusterToBeReady$0(219)) - Waiting for cluster to exit safe mode
2022-08-03 01:56:13,984 [Listener at 127.0.0.1/44107] INFO  ozone.MiniOzoneClusterImpl (MiniOzoneClusterImpl.java:lambda$waitForClusterToBeReady$0(221)) - SCM became leader
2022-08-03 01:56:14,150 [EndpointStateMachine task thread for /0.0.0.0:41709 - 0 ] INFO  volume.HddsVolume (HddsVolume.java:createDbStore(309)) - SchemaV3 db is created and loaded at /home/runner/work/ozone/ozone/hadoop-ozone/integration-test/target/test-dir/MiniOzoneClusterImpl-2b644ed5-ee6e-4744-ab54-d718b8c739bc/datanode-3/data-0/containers/hdds/2b644ed5-ee6e-4744-ab54-d718b8c739bc/DS-68bc9cb2-b242-4aba-8040-167e4edc6ee5/container.db for volume DS-68bc9cb2-b242-4aba-8040-167e4edc6ee5
2022-08-03 01:56:14,155 [EndpointStateMachine task thread for /0.0.0.0:41709 - 0 ] INFO  volume.HddsVolume (HddsVolume.java:closeDbStore(340)) - SchemaV3 db is stopped at /home/runner/work/ozone/ozone/hadoop-ozone/integration-test/target/test-dir/MiniOzoneClusterImpl-2b644ed5-ee6e-4744-ab54-d718b8c739bc/datanode-3/data-0/containers/hdds/2b644ed5-ee6e-4744-ab54-d718b8c739bc/DS-68bc9cb2-b242-4aba-8040-167e4edc6ee5/container.db for volume DS-68bc9cb2-b242-4aba-8040-167e4edc6ee5
2022-08-03 01:56:14,155 [EndpointStateMachine task thread for /0.0.0.0:41709 - 0 ] INFO  ozoneimpl.OzoneContainer (OzoneContainer.java:start(377)) - Attempting to start container services.
2022-08-03 01:56:14,155 [EndpointStateMachine task thread for /0.0.0.0:41709 - 0 ] INFO  ozoneimpl.OzoneContainer (OzoneContainer.java:startContainerScrub(312)) - Background container scanner has been disabled.
2022-08-03 01:56:14,158 [EndpointStateMachine task thread for /0.0.0.0:41709 - 0 ] INFO  replication.ReplicationServer (ReplicationServer.java:start(111)) - ReplicationServer is started using port 40329
2022-08-03 01:56:14,159 [EndpointStateMachine task thread for /0.0.0.0:41709 - 0 ] INFO  ratis.XceiverServerRatis (XceiverServerRatis.java:start(481)) - Starting XceiverServerRatis 73b28cf0-c51f-4d11-bb7e-73efbde6eb98
2022-08-03 01:56:14,160 [EndpointStateMachine task thread for /0.0.0.0:41709 - 0 ] INFO  server.RaftServer (RaftServerProxy.java:lambda$start$6(382)) - 73b28cf0-c51f-4d11-bb7e-73efbde6eb98: start RPC server
2022-08-03 01:56:14,166 [EndpointStateMachine task thread for /0.0.0.0:41709 - 0 ] INFO  server.GrpcService (GrpcService.java:startImpl(260)) - 73b28cf0-c51f-4d11-bb7e-73efbde6eb98: GrpcService started, listening on 35273
2022-08-03 01:56:14,168 [EndpointStateMachine task thread for /0.0.0.0:41709 - 0 ] INFO  ratis.XceiverServerRatis (XceiverServerRatis.java:getRealPort(502)) - XceiverServerRatis 73b28cf0-c51f-4d11-bb7e-73efbde6eb98 is started using port 35273 for RATIS
2022-08-03 01:56:14,168 [EndpointStateMachine task thread for /0.0.0.0:41709 - 0 ] INFO  ratis.XceiverServerRatis (XceiverServerRatis.java:getRealPort(502)) - XceiverServerRatis 73b28cf0-c51f-4d11-bb7e-73efbde6eb98 is started using port 35273 for RATIS_ADMIN
2022-08-03 01:56:14,168 [EndpointStateMachine task thread for /0.0.0.0:41709 - 0 ] INFO  ratis.XceiverServerRatis (XceiverServerRatis.java:getRealPort(502)) - XceiverServerRatis 73b28cf0-c51f-4d11-bb7e-73efbde6eb98 is started using port 35273 for RATIS_SERVER
2022-08-03 01:56:14,169 [org.apache.ratis.util.JvmPauseMonitor$$Lambda$631/606875044@4e44e7f4] INFO  util.JvmPauseMonitor (JvmPauseMonitor.java:run(103)) - JvmPauseMonitor-73b28cf0-c51f-4d11-bb7e-73efbde6eb98: Started
2022-08-03 01:56:14,201 [EndpointStateMachine task thread for /0.0.0.0:41709 - 0 ] INFO  server.XceiverServerGrpc (XceiverServerGrpc.java:start(180)) - XceiverServerGrpc 73b28cf0-c51f-4d11-bb7e-73efbde6eb98 is started using port 46837
2022-08-03 01:56:14,442 [IPC Server handler 2 on default port 41709] INFO  net.NetworkTopologyImpl (NetworkTopologyImpl.java:add(112)) - Added a new node: /default-rack/29c98487-0277-4cc7-b365-3516e94d97ef
2022-08-03 01:56:14,442 [IPC Server handler 2 on default port 41709] INFO  node.SCMNodeManager (SCMNodeManager.java:register(397)) - Registered Data node : 29c98487-0277-4cc7-b365-3516e94d97ef{ip: 10.1.0.23, host: fv-az199-929.piossgaoozdutex3tpy4bgd4ka.dx.internal.cloudapp.net, ports: [REPLICATION=42537, RATIS=34985, RATIS_ADMIN=34985, RATIS_SERVER=34985, STANDALONE=33077], networkLocation: /default-rack, certSerialId: null, persistedOpState: null, persistedOpStateExpiryEpochSec: 0}
2022-08-03 01:56:14,442 [EventQueue-NewNodeForNewNodeHandler] INFO  pipeline.BackgroundPipelineCreator (BackgroundPipelineCreator.java:notifyEventTriggered(276)) - trigger a one-shot run on RatisPipelineUtilsThread.
2022-08-03 01:56:14,457 [RatisPipelineUtilsThread - 0] INFO  pipeline.RatisPipelineProvider (RatisPipelineProvider.java:lambda$create$0(195)) - Sending CreatePipelineCommand for pipeline:PipelineID=ad83bbba-08ad-48d7-b226-2ae7c871de56 to datanode:29c98487-0277-4cc7-b365-3516e94d97ef
2022-08-03 01:56:14,457 [EventQueue-NodeRegistrationContainerReportForDataNodeSafeModeRule] INFO  safemode.SCMSafeModeManager (DataNodeSafeModeRule.java:process(71)) - SCM in safe mode. 2 DataNodes registered, 3 required.
2022-08-03 01:56:14,458 [RatisPipelineUtilsThread - 0] INFO  pipeline.PipelineStateManagerImpl (PipelineStateManagerImpl.java:addPipeline(103)) - Created pipeline Pipeline[ Id: ad83bbba-08ad-48d7-b226-2ae7c871de56, Nodes: 29c98487-0277-4cc7-b365-3516e94d97ef{ip: 10.1.0.23, host: fv-az199-929.piossgaoozdutex3tpy4bgd4ka.dx.internal.cloudapp.net, ports: [REPLICATION=42537, RATIS=34985, RATIS_ADMIN=34985, RATIS_SERVER=34985, STANDALONE=33077], networkLocation: /default-rack, certSerialId: null, persistedOpState: IN_SERVICE, persistedOpStateExpiryEpochSec: 0}, ReplicationConfig: RATIS/ONE, State:ALLOCATED, leaderId:, CreationTimestamp2022-08-03T01:56:14.457Z[Etc/UTC]].
2022-08-03 01:56:14,985 [Listener at 127.0.0.1/44107] INFO  ozone.MiniOzoneClusterImpl (MiniOzoneClusterImpl.java:lambda$waitForClusterToBeReady$0(216)) - Waiting for nodes to be ready. Got 2 of 5 DN Heartbeats.
2022-08-03 01:56:14,985 [Listener at 127.0.0.1/44107] INFO  ozone.MiniOzoneClusterImpl (MiniOzoneClusterImpl.java:lambda$waitForClusterToBeReady$0(219)) - Waiting for cluster to exit safe mode
2022-08-03 01:56:14,985 [Listener at 127.0.0.1/44107] INFO  ozone.MiniOzoneClusterImpl (MiniOzoneClusterImpl.java:lambda$waitForClusterToBeReady$0(221)) - SCM became leader
2022-08-03 01:56:15,116 [EndpointStateMachine task thread for /0.0.0.0:41709 - 0 ] INFO  volume.HddsVolume (HddsVolume.java:createDbStore(309)) - SchemaV3 db is created and loaded at /home/runner/work/ozone/ozone/hadoop-ozone/integration-test/target/test-dir/MiniOzoneClusterImpl-2b644ed5-ee6e-4744-ab54-d718b8c739bc/datanode-4/data-0/containers/hdds/2b644ed5-ee6e-4744-ab54-d718b8c739bc/DS-177f537b-228d-4a0a-9a38-68ee9db52fad/container.db for volume DS-177f537b-228d-4a0a-9a38-68ee9db52fad
2022-08-03 01:56:15,118 [EndpointStateMachine task thread for /0.0.0.0:41709 - 0 ] INFO  volume.HddsVolume (HddsVolume.java:closeDbStore(340)) - SchemaV3 db is stopped at /home/runner/work/ozone/ozone/hadoop-ozone/integration-test/target/test-dir/MiniOzoneClusterImpl-2b644ed5-ee6e-4744-ab54-d718b8c739bc/datanode-4/data-0/containers/hdds/2b644ed5-ee6e-4744-ab54-d718b8c739bc/DS-177f537b-228d-4a0a-9a38-68ee9db52fad/container.db for volume DS-177f537b-228d-4a0a-9a38-68ee9db52fad
2022-08-03 01:56:15,118 [EndpointStateMachine task thread for /0.0.0.0:41709 - 0 ] INFO  ozoneimpl.OzoneContainer (OzoneContainer.java:start(377)) - Attempting to start container services.
2022-08-03 01:56:15,118 [EndpointStateMachine task thread for /0.0.0.0:41709 - 0 ] INFO  ozoneimpl.OzoneContainer (OzoneContainer.java:startContainerScrub(312)) - Background container scanner has been disabled.
2022-08-03 01:56:15,133 [IPC Server handler 3 on default port 41709] INFO  net.NetworkTopologyImpl (NetworkTopologyImpl.java:add(112)) - Added a new node: /default-rack/65846ed8-c1ef-45a3-a578-716f347ad6ea
2022-08-03 01:56:15,133 [IPC Server handler 3 on default port 41709] INFO  node.SCMNodeManager (SCMNodeManager.java:register(397)) - Registered Data node : 65846ed8-c1ef-45a3-a578-716f347ad6ea{ip: 10.1.0.23, host: fv-az199-929.piossgaoozdutex3tpy4bgd4ka.dx.internal.cloudapp.net, ports: [REPLICATION=33619, RATIS=35919, RATIS_ADMIN=35919, RATIS_SERVER=35919, STANDALONE=42143], networkLocation: /default-rack, certSerialId: null, persistedOpState: null, persistedOpStateExpiryEpochSec: 0}
2022-08-03 01:56:15,134 [EventQueue-NewNodeForNewNodeHandler] INFO  pipeline.BackgroundPipelineCreator (BackgroundPipelineCreator.java:notifyEventTriggered(276)) - trigger a one-shot run on RatisPipelineUtilsThread.
2022-08-03 01:56:15,134 [EventQueue-NodeRegistrationContainerReportForDataNodeSafeModeRule] INFO  safemode.SCMSafeModeManager (DataNodeSafeModeRule.java:process(71)) - SCM in safe mode. 3 DataNodes registered, 3 required.
2022-08-03 01:56:15,134 [EventQueue-NodeRegistrationContainerReportForDataNodeSafeModeRule] INFO  safemode.SCMSafeModeManager (SCMSafeModeManager.java:validateSafeModeExitRules(204)) - DataNodeSafeModeRule rule is successfully validated
2022-08-03 01:56:15,134 [EventQueue-NodeRegistrationContainerReportForDataNodeSafeModeRule] INFO  safemode.SCMSafeModeManager (SCMSafeModeManager.java:completePreCheck(233)) - All SCM safe mode pre check rules have passed
2022-08-03 01:56:15,134 [EventQueue-NodeRegistrationContainerReportForDataNodeSafeModeRule] WARN  events.EventQueue (EventQueue.java:fireEvent(216)) - No event handler registered for event TypedEvent{payloadType=SafeModeStatus, name='Safe mode status'}
2022-08-03 01:56:15,134 [EventQueue-NodeRegistrationContainerReportForDataNodeSafeModeRule] INFO  ha.SCMContext (SCMContext.java:updateSafeModeStatus(228)) - Update SafeModeStatus from SafeModeStatus{safeModeStatus=true, preCheckPassed=false} to SafeModeStatus{safeModeStatus=true, preCheckPassed=true}.
2022-08-03 01:56:15,134 [EventQueue-NodeRegistrationContainerReportForDataNodeSafeModeRule] INFO  pipeline.BackgroundPipelineCreator (BackgroundPipelineCreator.java:notifyEventTriggered(276)) - trigger a one-shot run on RatisPipelineUtilsThread.
2022-08-03 01:56:15,135 [RatisPipelineUtilsThread - 0] INFO  pipeline.RatisPipelineProvider (RatisPipelineProvider.java:lambda$create$0(195)) - Sending CreatePipelineCommand for pipeline:PipelineID=f00433d6-e3cb-4caf-9307-13f69eae892f to datanode:65846ed8-c1ef-45a3-a578-716f347ad6ea
2022-08-03 01:56:15,135 [RatisPipelineUtilsThread - 0] INFO  pipeline.PipelineStateManagerImpl (PipelineStateManagerImpl.java:addPipeline(103)) - Created pipeline Pipeline[ Id: f00433d6-e3cb-4caf-9307-13f69eae892f, Nodes: 65846ed8-c1ef-45a3-a578-716f347ad6ea{ip: 10.1.0.23, host: fv-az199-929.piossgaoozdutex3tpy4bgd4ka.dx.internal.cloudapp.net, ports: [REPLICATION=33619, RATIS=35919, RATIS_ADMIN=35919, RATIS_SERVER=35919, STANDALONE=42143], networkLocation: /default-rack, certSerialId: null, persistedOpState: IN_SERVICE, persistedOpStateExpiryEpochSec: 0}, ReplicationConfig: RATIS/ONE, State:ALLOCATED, leaderId:, CreationTimestamp2022-08-03T01:56:15.134Z[Etc/UTC]].
2022-08-03 01:56:15,135 [RatisPipelineUtilsThread - 0] INFO  pipeline.RatisPipelineProvider (RatisPipelineProvider.java:lambda$create$0(195)) - Sending CreatePipelineCommand for pipeline:PipelineID=f536b2af-04bc-4e6a-b013-5f7f5d9e49e1 to datanode:29c98487-0277-4cc7-b365-3516e94d97ef
2022-08-03 01:56:15,135 [RatisPipelineUtilsThread - 0] INFO  pipeline.RatisPipelineProvider (RatisPipelineProvider.java:lambda$create$0(195)) - Sending CreatePipelineCommand for pipeline:PipelineID=f536b2af-04bc-4e6a-b013-5f7f5d9e49e1 to datanode:26c6a879-3581-43c9-81a3-df00a00fc298
2022-08-03 01:56:15,136 [RatisPipelineUtilsThread - 0] INFO  pipeline.RatisPipelineProvider (RatisPipelineProvider.java:lambda$create$0(195)) - Sending CreatePipelineCommand for pipeline:PipelineID=f536b2af-04bc-4e6a-b013-5f7f5d9e49e1 to datanode:65846ed8-c1ef-45a3-a578-716f347ad6ea
2022-08-03 01:56:15,136 [RatisPipelineUtilsThread - 0] INFO  pipeline.PipelineStateManagerImpl (PipelineStateManagerImpl.java:addPipeline(103)) - Created pipeline Pipeline[ Id: f536b2af-04bc-4e6a-b013-5f7f5d9e49e1, Nodes: 29c98487-0277-4cc7-b365-3516e94d97ef{ip: 10.1.0.23, host: fv-az199-929.piossgaoozdutex3tpy4bgd4ka.dx.internal.cloudapp.net, ports: [REPLICATION=42537, RATIS=34985, RATIS_ADMIN=34985, RATIS_SERVER=34985, STANDALONE=33077], networkLocation: /default-rack, certSerialId: null, persistedOpState: IN_SERVICE, persistedOpStateExpiryEpochSec: 0}26c6a879-3581-43c9-81a3-df00a00fc298{ip: 10.1.0.23, host: fv-az199-929.piossgaoozdutex3tpy4bgd4ka.dx.internal.cloudapp.net, ports: [REPLICATION=33909, RATIS=40673, RATIS_ADMIN=40673, RATIS_SERVER=40673, STANDALONE=42961], networkLocation: /default-rack, certSerialId: null, persistedOpState: IN_SERVICE, persistedOpStateExpiryEpochSec: 0}65846ed8-c1ef-45a3-a578-716f347ad6ea{ip: 10.1.0.23, host: fv-az199-929.piossgaoozdutex3tpy4bgd4ka.dx.internal.cloudapp.net, ports: [REPLICATION=33619, RATIS=35919, RATIS_ADMIN=35919, RATIS_SERVER=35919, STANDALONE=42143], networkLocation: /default-rack, certSerialId: null, persistedOpState: IN_SERVICE, persistedOpStateExpiryEpochSec: 0}, ReplicationConfig: RATIS/THREE, State:ALLOCATED, leaderId:, CreationTimestamp2022-08-03T01:56:15.135Z[Etc/UTC]].
2022-08-03 01:56:15,136 [RatisPipelineUtilsThread - 0] INFO  pipeline.RatisPipelineProvider (RatisPipelineProvider.java:lambda$create$0(195)) - Sending CreatePipelineCommand for pipeline:PipelineID=fb4b05b2-2231-40b1-a748-a5332df7f2b4 to datanode:26c6a879-3581-43c9-81a3-df00a00fc298
2022-08-03 01:56:15,136 [RatisPipelineUtilsThread - 0] INFO  pipeline.RatisPipelineProvider (RatisPipelineProvider.java:lambda$create$0(195)) - Sending CreatePipelineCommand for pipeline:PipelineID=fb4b05b2-2231-40b1-a748-a5332df7f2b4 to datanode:29c98487-0277-4cc7-b365-3516e94d97ef
2022-08-03 01:56:15,137 [RatisPipelineUtilsThread - 0] INFO  pipeline.RatisPipelineProvider (RatisPipelineProvider.java:lambda$create$0(195)) - Sending CreatePipelineCommand for pipeline:PipelineID=fb4b05b2-2231-40b1-a748-a5332df7f2b4 to datanode:65846ed8-c1ef-45a3-a578-716f347ad6ea
2022-08-03 01:56:15,137 [RatisPipelineUtilsThread - 0] INFO  pipeline.PipelineStateManagerImpl (PipelineStateManagerImpl.java:addPipeline(103)) - Created pipeline Pipeline[ Id: fb4b05b2-2231-40b1-a748-a5332df7f2b4, Nodes: 26c6a879-3581-43c9-81a3-df00a00fc298{ip: 10.1.0.23, host: fv-az199-929.piossgaoozdutex3tpy4bgd4ka.dx.internal.cloudapp.net, ports: [REPLICATION=33909, RATIS=40673, RATIS_ADMIN=40673, RATIS_SERVER=40673, STANDALONE=42961], networkLocation: /default-rack, certSerialId: null, persistedOpState: IN_SERVICE, persistedOpStateExpiryEpochSec: 0}29c98487-0277-4cc7-b365-3516e94d97ef{ip: 10.1.0.23, host: fv-az199-929.piossgaoozdutex3tpy4bgd4ka.dx.internal.cloudapp.net, ports: [REPLICATION=42537, RATIS=34985, RATIS_ADMIN=34985, RATIS_SERVER=34985, STANDALONE=33077], networkLocation: /default-rack, certSerialId: null, persistedOpState: IN_SERVICE, persistedOpStateExpiryEpochSec: 0}65846ed8-c1ef-45a3-a578-716f347ad6ea{ip: 10.1.0.23, host: fv-az199-929.piossgaoozdutex3tpy4bgd4ka.dx.internal.cloudapp.net, ports: [REPLICATION=33619, RATIS=35919, RATIS_ADMIN=35919, RATIS_SERVER=35919, STANDALONE=42143], networkLocation: /default-rack, certSerialId: null, persistedOpState: IN_SERVICE, persistedOpStateExpiryEpochSec: 0}, ReplicationConfig: RATIS/THREE, State:ALLOCATED, leaderId:, CreationTimestamp2022-08-03T01:56:15.136Z[Etc/UTC]].
2022-08-03 01:56:15,137 [RatisPipelineUtilsThread - 0] INFO  pipeline.PipelineManagerImpl (PipelineManagerImpl.java:recordMetricsForPipeline(796)) - Pipeline: PipelineID=fb4b05b2-2231-40b1-a748-a5332df7f2b4 contains same datanodes as previous pipelines: PipelineID=f536b2af-04bc-4e6a-b013-5f7f5d9e49e1 nodeIds: 26c6a879-3581-43c9-81a3-df00a00fc298, 29c98487-0277-4cc7-b365-3516e94d97ef, 65846ed8-c1ef-45a3-a578-716f347ad6ea
2022-08-03 01:56:15,148 [EndpointStateMachine task thread for /0.0.0.0:41709 - 0 ] INFO  replication.ReplicationServer (ReplicationServer.java:start(111)) - ReplicationServer is started using port 39705
2022-08-03 01:56:15,157 [EndpointStateMachine task thread for /0.0.0.0:41709 - 0 ] INFO  ratis.XceiverServerRatis (XceiverServerRatis.java:start(481)) - Starting XceiverServerRatis 1b479651-b8a4-46b4-ae52-063804f29c2f
2022-08-03 01:56:15,169 [EndpointStateMachine task thread for /0.0.0.0:41709 - 0 ] INFO  server.RaftServer (RaftServerProxy.java:lambda$start$6(382)) - 1b479651-b8a4-46b4-ae52-063804f29c2f: start RPC server
2022-08-03 01:56:15,184 [EndpointStateMachine task thread for /0.0.0.0:41709 - 0 ] INFO  server.GrpcService (GrpcService.java:startImpl(260)) - 1b479651-b8a4-46b4-ae52-063804f29c2f: GrpcService started, listening on 38127
2022-08-03 01:56:15,184 [EndpointStateMachine task thread for /0.0.0.0:41709 - 0 ] INFO  ratis.XceiverServerRatis (XceiverServerRatis.java:getRealPort(502)) - XceiverServerRatis 1b479651-b8a4-46b4-ae52-063804f29c2f is started using port 38127 for RATIS
2022-08-03 01:56:15,184 [EndpointStateMachine task thread for /0.0.0.0:41709 - 0 ] INFO  ratis.XceiverServerRatis (XceiverServerRatis.java:getRealPort(502)) - XceiverServerRatis 1b479651-b8a4-46b4-ae52-063804f29c2f is started using port 38127 for RATIS_ADMIN
2022-08-03 01:56:15,184 [EndpointStateMachine task thread for /0.0.0.0:41709 - 0 ] INFO  ratis.XceiverServerRatis (XceiverServerRatis.java:getRealPort(502)) - XceiverServerRatis 1b479651-b8a4-46b4-ae52-063804f29c2f is started using port 38127 for RATIS_SERVER
2022-08-03 01:56:15,184 [org.apache.ratis.util.JvmPauseMonitor$$Lambda$631/606875044@3c869b9b] INFO  util.JvmPauseMonitor (JvmPauseMonitor.java:run(103)) - JvmPauseMonitor-1b479651-b8a4-46b4-ae52-063804f29c2f: Started
2022-08-03 01:56:15,204 [EndpointStateMachine task thread for /0.0.0.0:41709 - 0 ] INFO  server.XceiverServerGrpc (XceiverServerGrpc.java:start(180)) - XceiverServerGrpc 1b479651-b8a4-46b4-ae52-063804f29c2f is started using port 36679
2022-08-03 01:56:15,985 [Listener at 127.0.0.1/44107] INFO  ozone.MiniOzoneClusterImpl (MiniOzoneClusterImpl.java:lambda$waitForClusterToBeReady$0(216)) - Waiting for nodes to be ready. Got 3 of 5 DN Heartbeats.
2022-08-03 01:56:15,986 [Listener at 127.0.0.1/44107] INFO  ozone.MiniOzoneClusterImpl (MiniOzoneClusterImpl.java:lambda$waitForClusterToBeReady$0(219)) - Waiting for cluster to exit safe mode
2022-08-03 01:56:15,986 [Listener at 127.0.0.1/44107] INFO  ozone.MiniOzoneClusterImpl (MiniOzoneClusterImpl.java:lambda$waitForClusterToBeReady$0(221)) - SCM became leader
2022-08-03 01:56:16,059 [IPC Server handler 3 on default port 41709] INFO  net.NetworkTopologyImpl (NetworkTopologyImpl.java:add(112)) - Added a new node: /default-rack/73b28cf0-c51f-4d11-bb7e-73efbde6eb98
2022-08-03 01:56:16,060 [IPC Server handler 3 on default port 41709] INFO  node.SCMNodeManager (SCMNodeManager.java:register(397)) - Registered Data node : 73b28cf0-c51f-4d11-bb7e-73efbde6eb98{ip: 10.1.0.23, host: fv-az199-929.piossgaoozdutex3tpy4bgd4ka.dx.internal.cloudapp.net, ports: [REPLICATION=40329, RATIS=35273, RATIS_ADMIN=35273, RATIS_SERVER=35273, STANDALONE=46837], networkLocation: /default-rack, certSerialId: null, persistedOpState: null, persistedOpStateExpiryEpochSec: 0}
2022-08-03 01:56:16,060 [EventQueue-NewNodeForNewNodeHandler] INFO  pipeline.BackgroundPipelineCreator (BackgroundPipelineCreator.java:notifyEventTriggered(276)) - trigger a one-shot run on RatisPipelineUtilsThread.
2022-08-03 01:56:16,061 [RatisPipelineUtilsThread - 0] INFO  pipeline.RatisPipelineProvider (RatisPipelineProvider.java:lambda$create$0(195)) - Sending CreatePipelineCommand for pipeline:PipelineID=b5910452-39c1-4631-a8b5-927d109e829e to datanode:73b28cf0-c51f-4d11-bb7e-73efbde6eb98
2022-08-03 01:56:16,062 [RatisPipelineUtilsThread - 0] INFO  pipeline.PipelineStateManagerImpl (PipelineStateManagerImpl.java:addPipeline(103)) - Created pipeline Pipeline[ Id: b5910452-39c1-4631-a8b5-927d109e829e, Nodes: 73b28cf0-c51f-4d11-bb7e-73efbde6eb98{ip: 10.1.0.23, host: fv-az199-929.piossgaoozdutex3tpy4bgd4ka.dx.internal.cloudapp.net, ports: [REPLICATION=40329, RATIS=35273, RATIS_ADMIN=35273, RATIS_SERVER=35273, STANDALONE=46837], networkLocation: /default-rack, certSerialId: null, persistedOpState: IN_SERVICE, persistedOpStateExpiryEpochSec: 0}, ReplicationConfig: RATIS/ONE, State:ALLOCATED, leaderId:, CreationTimestamp2022-08-03T01:56:16.061Z[Etc/UTC]].
2022-08-03 01:56:16,446 [Command processor thread] INFO  server.RaftServer (RaftServerProxy.java:addNew(96)) - 26c6a879-3581-43c9-81a3-df00a00fc298: addNew group-3F3F2BEB8C5D:[26c6a879-3581-43c9-81a3-df00a00fc298|rpc:10.1.0.23:40673|priority:1] returns group-3F3F2BEB8C5D:java.util.concurrent.CompletableFuture@38a9b888[Not completed]
2022-08-03 01:56:16,465 [pool-312-thread-1] INFO  server.RaftServer$Division (RaftServerImpl.java:<init>(190)) - 26c6a879-3581-43c9-81a3-df00a00fc298: new RaftServerImpl for group-3F3F2BEB8C5D:[26c6a879-3581-43c9-81a3-df00a00fc298|rpc:10.1.0.23:40673|priority:1] with ContainerStateMachine:uninitialized
2022-08-03 01:56:16,469 [pool-312-thread-1] INFO  server.RaftServerConfigKeys (ConfUtils.java:logGet(46)) - raft.server.rpc.timeout.min = 5s (custom)
2022-08-03 01:56:16,469 [pool-312-thread-1] INFO  server.RaftServerConfigKeys (ConfUtils.java:logGet(46)) - raft.server.rpc.timeout.max = 5200ms (custom)
2022-08-03 01:56:16,469 [pool-312-thread-1] INFO  server.RaftServerConfigKeys (ConfUtils.java:logGet(46)) - raft.server.rpc.sleep.time = 25ms (default)
2022-08-03 01:56:16,469 [pool-312-thread-1] INFO  server.RaftServerConfigKeys (ConfUtils.java:logGet(46)) - raft.server.rpc.slowness.timeout = 300s (custom)
2022-08-03 01:56:16,469 [pool-312-thread-1] INFO  server.RaftServerConfigKeys (ConfUtils.java:logGet(46)) - raft.server.leaderelection.leader.step-down.wait-time = 10s (default)
2022-08-03 01:56:16,470 [pool-312-thread-1] INFO  server.RaftServerConfigKeys (ConfUtils.java:logGet(46)) - raft.server.sleep.deviation.threshold = 300ms (default)
2022-08-03 01:56:16,470 [pool-312-thread-1] INFO  server.RaftServer$Division (ServerState.java:<init>(107)) - 26c6a879-3581-43c9-81a3-df00a00fc298@group-3F3F2BEB8C5D: ConfigurationManager, init=-1: [26c6a879-3581-43c9-81a3-df00a00fc298|rpc:10.1.0.23:40673|priority:1], old=null, confs=<EMPTY_MAP>
2022-08-03 01:56:16,470 [pool-312-thread-1] INFO  server.RaftServerConfigKeys (ConfUtils.java:logGet(46)) - raft.server.storage.dir = [/home/runner/work/ozone/ozone/hadoop-ozone/integration-test/target/test-dir/MiniOzoneClusterImpl-2b644ed5-ee6e-4744-ab54-d718b8c739bc/datanode-0/data/ratis] (custom)
2022-08-03 01:56:16,470 [pool-312-thread-1] INFO  server.RaftServerConfigKeys (ConfUtils.java:logGet(46)) - raft.server.log.corruption.policy = EXCEPTION (default)
2022-08-03 01:56:16,470 [pool-312-thread-1] INFO  server.RaftServerConfigKeys (ConfUtils.java:logGet(46)) - raft.server.storage.free-space.min = 0MB (=0) (default)
2022-08-03 01:56:16,470 [pool-312-thread-1] INFO  storage.RaftStorageDirectory (RaftStorageDirectoryImpl.java:analyzeStorage(135)) - The storage directory /home/runner/work/ozone/ozone/hadoop-ozone/integration-test/target/test-dir/MiniOzoneClusterImpl-2b644ed5-ee6e-4744-ab54-d718b8c739bc/datanode-0/data/ratis/62e6db0f-5563-43bb-92f8-3f3f2beb8c5d does not exist. Creating ...
2022-08-03 01:56:16,482 [pool-312-thread-1] INFO  storage.RaftStorageDirectory (RaftStorageDirectoryImpl.java:tryLock(230)) - Lock on /home/runner/work/ozone/ozone/hadoop-ozone/integration-test/target/test-dir/MiniOzoneClusterImpl-2b644ed5-ee6e-4744-ab54-d718b8c739bc/datanode-0/data/ratis/62e6db0f-5563-43bb-92f8-3f3f2beb8c5d/in_use.lock acquired by nodename 17687@fv-az199-929
2022-08-03 01:56:16,483 [pool-312-thread-1] INFO  storage.RaftStorage (RaftStorageImpl.java:format(89)) - Storage directory /home/runner/work/ozone/ozone/hadoop-ozone/integration-test/target/test-dir/MiniOzoneClusterImpl-2b644ed5-ee6e-4744-ab54-d718b8c739bc/datanode-0/data/ratis/62e6db0f-5563-43bb-92f8-3f3f2beb8c5d has been successfully formatted.
2022-08-03 01:56:16,500 [pool-312-thread-1] INFO  ratis.ContainerStateMachine (ContainerStateMachine.java:loadSnapshot(236)) - group-3F3F2BEB8C5D: The snapshot info is null. Setting the last applied indexto:(t:0, i:~)
2022-08-03 01:56:16,501 [pool-312-thread-1] INFO  server.RaftServerConfigKeys (ConfUtils.java:logGet(46)) - raft.server.notification.no-leader.timeout = 300s (custom)
2022-08-03 01:56:16,501 [pool-312-thread-1] INFO  server.RaftServerConfigKeys (ConfUtils.java:logGet(46)) - raft.server.log.use.memory = false (default)
2022-08-03 01:56:16,501 [pool-312-thread-1] INFO  server.RaftServerConfigKeys (ConfUtils.java:logGet(46)) - raft.server.log.purge.gap = 1000000 (custom)
2022-08-03 01:56:16,501 [pool-312-thread-1] INFO  server.RaftServerConfigKeys (ConfUtils.java:logGet(46)) - raft.server.log.appender.buffer.byte-limit = 33554432 (custom)
2022-08-03 01:56:16,501 [pool-312-thread-1] INFO  server.RaftServerConfigKeys (ConfUtils.java:logGet(46)) - raft.server.log.statemachine.data.read.timeout = 1000ms (default)
2022-08-03 01:56:16,501 [pool-312-thread-1] INFO  server.RaftServerConfigKeys (ConfUtils.java:logGet(46)) - raft.server.log.segment.size.max = 1048576 (custom)
2022-08-03 01:56:16,502 [pool-312-thread-1] INFO  server.RaftServerConfigKeys (ConfUtils.java:logGet(46)) - raft.server.log.segment.cache.num.max = 2 (custom)
2022-08-03 01:56:16,502 [pool-312-thread-1] INFO  server.RaftServerConfigKeys (ConfUtils.java:logGet(46)) - raft.server.log.segment.cache.size.max = 200MB (=209715200) (default)
2022-08-03 01:56:16,502 [pool-312-thread-1] INFO  segmented.SegmentedRaftLogWorker (SegmentedRaftLogWorker.java:<init>(187)) - new 26c6a879-3581-43c9-81a3-df00a00fc298@group-3F3F2BEB8C5D-SegmentedRaftLogWorker for RaftStorageImpl:Storage Directory /home/runner/work/ozone/ozone/hadoop-ozone/integration-test/target/test-dir/MiniOzoneClusterImpl-2b644ed5-ee6e-4744-ab54-d718b8c739bc/datanode-0/data/ratis/62e6db0f-5563-43bb-92f8-3f3f2beb8c5d
2022-08-03 01:56:16,502 [pool-312-thread-1] INFO  server.RaftServerConfigKeys (ConfUtils.java:logGet(46)) - raft.server.log.queue.byte-limit = 4294967296 (custom)
2022-08-03 01:56:16,502 [pool-312-thread-1] INFO  server.RaftServerConfigKeys (ConfUtils.java:logGet(46)) - raft.server.log.queue.element-limit = 1024 (custom)
2022-08-03 01:56:16,502 [pool-312-thread-1] INFO  server.RaftServerConfigKeys (ConfUtils.java:logGet(46)) - raft.server.log.segment.size.max = 1048576 (custom)
2022-08-03 01:56:16,502 [pool-312-thread-1] INFO  server.RaftServerConfigKeys (ConfUtils.java:logGet(46)) - raft.server.log.preallocated.size = 16384 (custom)
2022-08-03 01:56:16,502 [pool-312-thread-1] INFO  server.RaftServerConfigKeys (ConfUtils.java:logGet(46)) - raft.server.log.force.sync.num = 128 (default)
2022-08-03 01:56:16,502 [pool-312-thread-1] INFO  server.RaftServerConfigKeys (ConfUtils.java:logGet(46)) - raft.server.log.statemachine.data.sync = true (default)
2022-08-03 01:56:16,502 [pool-312-thread-1] INFO  server.RaftServerConfigKeys (ConfUtils.java:logGet(46)) - raft.server.log.statemachine.data.sync.timeout = 10s (default)
2022-08-03 01:56:16,503 [pool-312-thread-1] INFO  server.RaftServerConfigKeys (ConfUtils.java:logGet(46)) - raft.server.log.statemachine.data.sync.timeout.retry = -1 (default)
2022-08-03 01:56:16,504 [pool-312-thread-1] INFO  server.RaftServerConfigKeys (ConfUtils.java:logGet(46)) - raft.server.log.write.buffer.size = 1048576 (custom)
2022-08-03 01:56:16,504 [pool-312-thread-1] INFO  server.RaftServerConfigKeys (ConfUtils.java:logGet(46)) - raft.server.log.unsafe-flush.enabled = false (default)
2022-08-03 01:56:16,505 [pool-312-thread-1] INFO  server.RaftServerConfigKeys (ConfUtils.java:logGet(46)) - raft.server.log.statemachine.data.caching.enabled = true (custom)
2022-08-03 01:56:16,505 [pool-312-thread-1] INFO  segmented.SegmentedRaftLogWorker (SegmentedRaftLogWorker.java:lambda$new$0(135)) - 26c6a879-3581-43c9-81a3-df00a00fc298@group-3F3F2BEB8C5D-SegmentedRaftLogWorker: flushIndex: setUnconditionally 0 -> -1
2022-08-03 01:56:16,505 [pool-312-thread-1] INFO  segmented.SegmentedRaftLogWorker (SegmentedRaftLogWorker.java:lambda$new$0(135)) - 26c6a879-3581-43c9-81a3-df00a00fc298@group-3F3F2BEB8C5D-SegmentedRaftLogWorker: safeCacheEvictIndex: setUnconditionally 0 -> -1
2022-08-03 01:56:16,507 [EventQueue-PipelineReportForPipelineReportHandler] INFO  pipeline.PipelineManagerImpl (PipelineManagerImpl.java:openPipeline(367)) - Pipeline Pipeline[ Id: 62e6db0f-5563-43bb-92f8-3f3f2beb8c5d, Nodes: 26c6a879-3581-43c9-81a3-df00a00fc298{ip: 10.1.0.23, host: fv-az199-929.piossgaoozdutex3tpy4bgd4ka.dx.internal.cloudapp.net, ports: [REPLICATION=33909, RATIS=40673, RATIS_ADMIN=40673, RATIS_SERVER=40673, STANDALONE=42961], networkLocation: /default-rack, certSerialId: null, persistedOpState: IN_SERVICE, persistedOpStateExpiryEpochSec: 0}, ReplicationConfig: RATIS/ONE, State:ALLOCATED, leaderId:26c6a879-3581-43c9-81a3-df00a00fc298, CreationTimestamp2022-08-03T01:56:13.486Z[Etc/UTC]] moved to OPEN state
2022-08-03 01:56:16,512 [pool-312-thread-1] INFO  server.RaftServerConfigKeys (ConfUtils.java:logGet(46)) - raft.server.snapshot.auto.trigger.enabled = true (custom)
2022-08-03 01:56:16,512 [pool-312-thread-1] INFO  server.RaftServerConfigKeys (ConfUtils.java:logGet(46)) - raft.server.snapshot.auto.trigger.threshold = 10000 (custom)
2022-08-03 01:56:16,513 [pool-312-thread-1] INFO  server.RaftServerConfigKeys (ConfUtils.java:logGet(46)) - raft.server.snapshot.retention.file.num = 5 (custom)
2022-08-03 01:56:16,513 [pool-312-thread-1] INFO  server.RaftServerConfigKeys (ConfUtils.java:logGet(46)) - raft.server.log.purge.upto.snapshot.index = false (default)
2022-08-03 01:56:16,513 [pool-312-thread-1] INFO  server.RaftServerConfigKeys (ConfUtils.java:logGet(46)) - raft.server.retrycache.expirytime = 600000ms (custom)
2022-08-03 01:56:16,513 [pool-312-thread-1] INFO  server.RaftServerConfigKeys (ConfUtils.java:logGet(46)) - raft.server.retrycache.statistics.expirytime = 100μs (default)
2022-08-03 01:56:16,515 [pool-312-thread-1] INFO  server.RaftServerConfigKeys (ConfUtils.java:logGet(46)) - raft.server.log.appender.install.snapshot.enabled = false (custom)
2022-08-03 01:56:16,516 [pool-312-thread-1] INFO  server.RaftServerConfigKeys (ConfUtils.java:logGet(46)) - raft.server.threadpool.server.cached = true (default)
2022-08-03 01:56:16,516 [pool-312-thread-1] INFO  server.RaftServerConfigKeys (ConfUtils.java:logGet(46)) - raft.server.threadpool.server.size = 0 (default)
2022-08-03 01:56:16,516 [pool-312-thread-1] INFO  server.RaftServerConfigKeys (ConfUtils.java:logGet(46)) - raft.server.threadpool.client.cached = true (default)
2022-08-03 01:56:16,516 [pool-312-thread-1] INFO  server.RaftServerConfigKeys (ConfUtils.java:logGet(46)) - raft.server.threadpool.client.size = 0 (default)
2022-08-03 01:56:16,516 [pool-312-thread-1] INFO  server.RaftServer$Division (RaftServerImpl.java:start(310)) - 26c6a879-3581-43c9-81a3-df00a00fc298@group-3F3F2BEB8C5D: start as a follower, conf=-1: [26c6a879-3581-43c9-81a3-df00a00fc298|rpc:10.1.0.23:40673|priority:1], old=null
2022-08-03 01:56:16,516 [pool-312-thread-1] INFO  server.RaftServer$Division (RaftServerImpl.java:setRole(299)) - 26c6a879-3581-43c9-81a3-df00a00fc298@group-3F3F2BEB8C5D: changes role from      null to FOLLOWER at term 0 for startAsFollower
2022-08-03 01:56:16,516 [pool-312-thread-1] INFO  impl.RoleInfo (RoleInfo.java:updateAndGet(139)) - 26c6a879-3581-43c9-81a3-df00a00fc298: start 26c6a879-3581-43c9-81a3-df00a00fc298@group-3F3F2BEB8C5D-FollowerState
2022-08-03 01:56:16,517 [pool-312-thread-1] INFO  util.JmxRegister (JmxRegister.java:tryRegister(44)) - Successfully registered JMX Bean with object name Ratis:service=RaftServer,group=group-3F3F2BEB8C5D,id=26c6a879-3581-43c9-81a3-df00a00fc298
2022-08-03 01:56:16,553 [EventQueue-OpenPipelineForHealthyPipelineSafeModeRule] INFO  safemode.SCMSafeModeManager (HealthyPipelineSafeModeRule.java:process(137)) - SCM in safe mode. Healthy pipelines reported count is 0, required healthy pipeline reported count is 1
2022-08-03 01:56:16,554 [Command processor thread] INFO  ratis.XceiverServerRatis (XceiverServerRatis.java:addGroup(765)) - Created group PipelineID=62e6db0f-5563-43bb-92f8-3f3f2beb8c5d
2022-08-03 01:56:16,563 [Command processor thread] INFO  commandhandler.CreatePipelineCommandHandler (CreatePipelineCommandHandler.java:handle(113)) - Created Pipeline RATIS ONE PipelineID=62e6db0f-5563-43bb-92f8-3f3f2beb8c5d.
2022-08-03 01:56:16,572 [Command processor thread] INFO  server.RaftServer (RaftServerProxy.java:addNew(96)) - 26c6a879-3581-43c9-81a3-df00a00fc298: addNew group-5F7F5D9E49E1:[26c6a879-3581-43c9-81a3-df00a00fc298|rpc:10.1.0.23:40673|priority:1, 65846ed8-c1ef-45a3-a578-716f347ad6ea|rpc:10.1.0.23:35919|priority:0, 29c98487-0277-4cc7-b365-3516e94d97ef|rpc:10.1.0.23:34985|priority:0] returns group-5F7F5D9E49E1:java.util.concurrent.CompletableFuture@3c962b45[Not completed]
2022-08-03 01:56:16,574 [pool-312-thread-1] INFO  server.RaftServer$Division (RaftServerImpl.java:<init>(190)) - 26c6a879-3581-43c9-81a3-df00a00fc298: new RaftServerImpl for group-5F7F5D9E49E1:[26c6a879-3581-43c9-81a3-df00a00fc298|rpc:10.1.0.23:40673|priority:1, 65846ed8-c1ef-45a3-a578-716f347ad6ea|rpc:10.1.0.23:35919|priority:0, 29c98487-0277-4cc7-b365-3516e94d97ef|rpc:10.1.0.23:34985|priority:0] with ContainerStateMachine:uninitialized
2022-08-03 01:56:16,574 [pool-312-thread-1] INFO  server.RaftServerConfigKeys (ConfUtils.java:logGet(46)) - raft.server.rpc.timeout.min = 5s (custom)
2022-08-03 01:56:16,574 [pool-312-thread-1] INFO  server.RaftServerConfigKeys (ConfUtils.java:logGet(46)) - raft.server.rpc.timeout.max = 5200ms (custom)
2022-08-03 01:56:16,574 [pool-312-thread-1] INFO  server.RaftServerConfigKeys (ConfUtils.java:logGet(46)) - raft.server.rpc.sleep.time = 25ms (default)
2022-08-03 01:56:16,574 [pool-312-thread-1] INFO  server.RaftServerConfigKeys (ConfUtils.java:logGet(46)) - raft.server.rpc.slowness.timeout = 300s (custom)
2022-08-03 01:56:16,574 [pool-312-thread-1] INFO  server.RaftServerConfigKeys (ConfUtils.java:logGet(46)) - raft.server.leaderelection.leader.step-down.wait-time = 10s (default)
2022-08-03 01:56:16,574 [pool-312-thread-1] INFO  server.RaftServerConfigKeys (ConfUtils.java:logGet(46)) - raft.server.sleep.deviation.threshold = 300ms (default)
2022-08-03 01:56:16,574 [pool-312-thread-1] INFO  server.RaftServer$Division (ServerState.java:<init>(107)) - 26c6a879-3581-43c9-81a3-df00a00fc298@group-5F7F5D9E49E1: ConfigurationManager, init=-1: [26c6a879-3581-43c9-81a3-df00a00fc298|rpc:10.1.0.23:40673|priority:1, 65846ed8-c1ef-45a3-a578-716f347ad6ea|rpc:10.1.0.23:35919|priority:0, 29c98487-0277-4cc7-b365-3516e94d97ef|rpc:10.1.0.23:34985|priority:0], old=null, confs=<EMPTY_MAP>
2022-08-03 01:56:16,574 [pool-312-thread-1] INFO  server.RaftServerConfigKeys (ConfUtils.java:logGet(46)) - raft.server.storage.dir = [/home/runner/work/ozone/ozone/hadoop-ozone/integration-test/target/test-dir/MiniOzoneClusterImpl-2b644ed5-ee6e-4744-ab54-d718b8c739bc/datanode-0/data/ratis] (custom)
2022-08-03 01:56:16,575 [pool-312-thread-1] INFO  server.RaftServerConfigKeys (ConfUtils.java:logGet(46)) - raft.server.log.corruption.policy = EXCEPTION (default)
2022-08-03 01:56:16,575 [pool-312-thread-1] INFO  server.RaftServerConfigKeys (ConfUtils.java:logGet(46)) - raft.server.storage.free-space.min = 0MB (=0) (default)
2022-08-03 01:56:16,575 [pool-312-thread-1] INFO  storage.RaftStorageDirectory (RaftStorageDirectoryImpl.java:analyzeStorage(135)) - The storage directory /home/runner/work/ozone/ozone/hadoop-ozone/integration-test/target/test-dir/MiniOzoneClusterImpl-2b644ed5-ee6e-4744-ab54-d718b8c739bc/datanode-0/data/ratis/f536b2af-04bc-4e6a-b013-5f7f5d9e49e1 does not exist. Creating ...
2022-08-03 01:56:16,577 [pool-312-thread-1] INFO  storage.RaftStorageDirectory (RaftStorageDirectoryImpl.java:tryLock(230)) - Lock on /home/runner/work/ozone/ozone/hadoop-ozone/integration-test/target/test-dir/MiniOzoneClusterImpl-2b644ed5-ee6e-4744-ab54-d718b8c739bc/datanode-0/data/ratis/f536b2af-04bc-4e6a-b013-5f7f5d9e49e1/in_use.lock acquired by nodename 17687@fv-az199-929
2022-08-03 01:56:16,579 [pool-312-thread-1] INFO  storage.RaftStorage (RaftStorageImpl.java:format(89)) - Storage directory /home/runner/work/ozone/ozone/hadoop-ozone/integration-test/target/test-dir/MiniOzoneClusterImpl-2b644ed5-ee6e-4744-ab54-d718b8c739bc/datanode-0/data/ratis/f536b2af-04bc-4e6a-b013-5f7f5d9e49e1 has been successfully formatted.
2022-08-03 01:56:16,579 [pool-312-thread-1] INFO  ratis.ContainerStateMachine (ContainerStateMachine.java:loadSnapshot(236)) - group-5F7F5D9E49E1: The snapshot info is null. Setting the last applied indexto:(t:0, i:~)
2022-08-03 01:56:16,580 [pool-312-thread-1] INFO  server.RaftServerConfigKeys (ConfUtils.java:logGet(46)) - raft.server.notification.no-leader.timeout = 300s (custom)
2022-08-03 01:56:16,580 [pool-312-thread-1] INFO  server.RaftServerConfigKeys (ConfUtils.java:logGet(46)) - raft.server.log.use.memory = false (default)
2022-08-03 01:56:16,580 [pool-312-thread-1] INFO  server.RaftServerConfigKeys (ConfUtils.java:logGet(46)) - raft.server.log.purge.gap = 1000000 (custom)
2022-08-03 01:56:16,580 [pool-312-thread-1] INFO  server.RaftServerConfigKeys (ConfUtils.java:logGet(46)) - raft.server.log.appender.buffer.byte-limit = 33554432 (custom)
2022-08-03 01:56:16,580 [pool-312-thread-1] INFO  server.RaftServerConfigKeys (ConfUtils.java:logGet(46)) - raft.server.log.statemachine.data.read.timeout = 1000ms (default)
2022-08-03 01:56:16,580 [pool-312-thread-1] INFO  server.RaftServerConfigKeys (ConfUtils.java:logGet(46)) - raft.server.log.segment.size.max = 1048576 (custom)
2022-08-03 01:56:16,581 [EventQueue-OpenPipelineForHealthyPipelineSafeModeRule] INFO  safemode.SCMSafeModeManager (HealthyPipelineSafeModeRule.java:process(137)) - SCM in safe mode. Healthy pipelines reported count is 0, required healthy pipeline reported count is 1
2022-08-03 01:56:16,581 [pool-312-thread-1] INFO  server.RaftServerConfigKeys (ConfUtils.java:logGet(46)) - raft.server.log.segment.cache.num.max = 2 (custom)
2022-08-03 01:56:16,582 [pool-312-thread-1] INFO  server.RaftServerConfigKeys (ConfUtils.java:logGet(46)) - raft.server.log.segment.cache.size.max = 200MB (=209715200) (default)
2022-08-03 01:56:16,582 [pool-312-thread-1] INFO  segmented.SegmentedRaftLogWorker (SegmentedRaftLogWorker.java:<init>(187)) - new 26c6a879-3581-43c9-81a3-df00a00fc298@group-5F7F5D9E49E1-SegmentedRaftLogWorker for RaftStorageImpl:Storage Directory /home/runner/work/ozone/ozone/hadoop-ozone/integration-test/target/test-dir/MiniOzoneClusterImpl-2b644ed5-ee6e-4744-ab54-d718b8c739bc/datanode-0/data/ratis/f536b2af-04bc-4e6a-b013-5f7f5d9e49e1
2022-08-03 01:56:16,582 [pool-312-thread-1] INFO  server.RaftServerConfigKeys (ConfUtils.java:logGet(46)) - raft.server.log.queue.byte-limit = 4294967296 (custom)
2022-08-03 01:56:16,582 [pool-312-thread-1] INFO  server.RaftServerConfigKeys (ConfUtils.java:logGet(46)) - raft.server.log.queue.element-limit = 1024 (custom)
2022-08-03 01:56:16,582 [pool-312-thread-1] INFO  server.RaftServerConfigKeys (ConfUtils.java:logGet(46)) - raft.server.log.segment.size.max = 1048576 (custom)
2022-08-03 01:56:16,582 [pool-312-thread-1] INFO  server.RaftServerConfigKeys (ConfUtils.java:logGet(46)) - raft.server.log.preallocated.size = 16384 (custom)
2022-08-03 01:56:16,582 [pool-312-thread-1] INFO  server.RaftServerConfigKeys (ConfUtils.java:logGet(46)) - raft.server.log.force.sync.num = 128 (default)
2022-08-03 01:56:16,582 [pool-312-thread-1] INFO  server.RaftServerConfigKeys (ConfUtils.java:logGet(46)) - raft.server.log.statemachine.data.sync = true (default)
2022-08-03 01:56:16,582 [pool-312-thread-1] INFO  server.RaftServerConfigKeys (ConfUtils.java:logGet(46)) - raft.server.log.statemachine.data.sync.timeout = 10s (default)
2022-08-03 01:56:16,582 [pool-312-thread-1] INFO  server.RaftServerConfigKeys (ConfUtils.java:logGet(46)) - raft.server.log.statemachine.data.sync.timeout.retry = -1 (default)
2022-08-03 01:56:16,583 [pool-312-thread-1] INFO  server.RaftServerConfigKeys (ConfUtils.java:logGet(46)) - raft.server.log.write.buffer.size = 1048576 (custom)
2022-08-03 01:56:16,584 [pool-312-thread-1] INFO  server.RaftServerConfigKeys (ConfUtils.java:logGet(46)) - raft.server.log.unsafe-flush.enabled = false (default)
2022-08-03 01:56:16,584 [pool-312-thread-1] INFO  server.RaftServerConfigKeys (ConfUtils.java:logGet(46)) - raft.server.log.statemachine.data.caching.enabled = true (custom)
2022-08-03 01:56:16,584 [pool-312-thread-1] INFO  segmented.SegmentedRaftLogWorker (SegmentedRaftLogWorker.java:lambda$new$0(135)) - 26c6a879-3581-43c9-81a3-df00a00fc298@group-5F7F5D9E49E1-SegmentedRaftLogWorker: flushIndex: setUnconditionally 0 -> -1
2022-08-03 01:56:16,584 [pool-312-thread-1] INFO  segmented.SegmentedRaftLogWorker (SegmentedRaftLogWorker.java:lambda$new$0(135)) - 26c6a879-3581-43c9-81a3-df00a00fc298@group-5F7F5D9E49E1-SegmentedRaftLogWorker: safeCacheEvictIndex: setUnconditionally 0 -> -1
2022-08-03 01:56:16,592 [pool-312-thread-1] INFO  server.RaftServerConfigKeys (ConfUtils.java:logGet(46)) - raft.server.snapshot.auto.trigger.enabled = true (custom)
2022-08-03 01:56:16,592 [pool-312-thread-1] INFO  server.RaftServerConfigKeys (ConfUtils.java:logGet(46)) - raft.server.snapshot.auto.trigger.threshold = 10000 (custom)
2022-08-03 01:56:16,593 [pool-312-thread-1] INFO  server.RaftServerConfigKeys (ConfUtils.java:logGet(46)) - raft.server.snapshot.retention.file.num = 5 (custom)
2022-08-03 01:56:16,593 [pool-312-thread-1] INFO  server.RaftServerConfigKeys (ConfUtils.java:logGet(46)) - raft.server.log.purge.upto.snapshot.index = false (default)
2022-08-03 01:56:16,593 [pool-312-thread-1] INFO  server.RaftServerConfigKeys (ConfUtils.java:logGet(46)) - raft.server.retrycache.expirytime = 600000ms (custom)
2022-08-03 01:56:16,593 [pool-312-thread-1] INFO  server.RaftServerConfigKeys (ConfUtils.java:logGet(46)) - raft.server.retrycache.statistics.expirytime = 100μs (default)
2022-08-03 01:56:16,597 [pool-312-thread-1] INFO  server.RaftServerConfigKeys (ConfUtils.java:logGet(46)) - raft.server.log.appender.install.snapshot.enabled = false (custom)
2022-08-03 01:56:16,597 [pool-312-thread-1] INFO  server.RaftServerConfigKeys (ConfUtils.java:logGet(46)) - raft.server.threadpool.server.cached = true (default)
2022-08-03 01:56:16,597 [pool-312-thread-1] INFO  server.RaftServerConfigKeys (ConfUtils.java:logGet(46)) - raft.server.threadpool.server.size = 0 (default)
2022-08-03 01:56:16,597 [pool-312-thread-1] INFO  server.RaftServerConfigKeys (ConfUtils.java:logGet(46)) - raft.server.threadpool.client.cached = true (default)
2022-08-03 01:56:16,597 [pool-312-thread-1] INFO  server.RaftServerConfigKeys (ConfUtils.java:logGet(46)) - raft.server.threadpool.client.size = 0 (default)
2022-08-03 01:56:16,597 [pool-312-thread-1] INFO  server.RaftServer$Division (RaftServerImpl.java:start(310)) - 26c6a879-3581-43c9-81a3-df00a00fc298@group-5F7F5D9E49E1: start as a follower, conf=-1: [26c6a879-3581-43c9-81a3-df00a00fc298|rpc:10.1.0.23:40673|priority:1, 65846ed8-c1ef-45a3-a578-716f347ad6ea|rpc:10.1.0.23:35919|priority:0, 29c98487-0277-4cc7-b365-3516e94d97ef|rpc:10.1.0.23:34985|priority:0], old=null
2022-08-03 01:56:16,597 [pool-312-thread-1] INFO  server.RaftServer$Division (RaftServerImpl.java:setRole(299)) - 26c6a879-3581-43c9-81a3-df00a00fc298@group-5F7F5D9E49E1: changes role from      null to FOLLOWER at term 0 for startAsFollower
2022-08-03 01:56:16,597 [pool-312-thread-1] INFO  impl.RoleInfo (RoleInfo.java:updateAndGet(139)) - 26c6a879-3581-43c9-81a3-df00a00fc298: start 26c6a879-3581-43c9-81a3-df00a00fc298@group-5F7F5D9E49E1-FollowerState
2022-08-03 01:56:16,608 [pool-312-thread-1] INFO  util.JmxRegister (JmxRegister.java:tryRegister(44)) - Successfully registered JMX Bean with object name Ratis:service=RaftServer,group=group-5F7F5D9E49E1,id=26c6a879-3581-43c9-81a3-df00a00fc298
2022-08-03 01:56:16,620 [Command processor thread] INFO  ratis.XceiverServerRatis (XceiverServerRatis.java:addGroup(765)) - Created group PipelineID=f536b2af-04bc-4e6a-b013-5f7f5d9e49e1
2022-08-03 01:56:16,680 [grpc-default-executor-0] INFO  server.RaftServer (RaftServerProxy.java:addNew(96)) - 29c98487-0277-4cc7-b365-3516e94d97ef: addNew group-5F7F5D9E49E1:[26c6a879-3581-43c9-81a3-df00a00fc298|rpc:10.1.0.23:40673|dataStream:|priority:1, 65846ed8-c1ef-45a3-a578-716f347ad6ea|rpc:10.1.0.23:35919|dataStream:|priority:0, 29c98487-0277-4cc7-b365-3516e94d97ef|rpc:10.1.0.23:34985|dataStream:|priority:0] returns group-5F7F5D9E49E1:java.util.concurrent.CompletableFuture@33284147[Not completed]
2022-08-03 01:56:16,684 [pool-335-thread-1] INFO  server.RaftServer$Division (RaftServerImpl.java:<init>(190)) - 29c98487-0277-4cc7-b365-3516e94d97ef: new RaftServerImpl for group-5F7F5D9E49E1:[26c6a879-3581-43c9-81a3-df00a00fc298|rpc:10.1.0.23:40673|dataStream:|priority:1, 65846ed8-c1ef-45a3-a578-716f347ad6ea|rpc:10.1.0.23:35919|dataStream:|priority:0, 29c98487-0277-4cc7-b365-3516e94d97ef|rpc:10.1.0.23:34985|dataStream:|priority:0] with ContainerStateMachine:uninitialized
2022-08-03 01:56:16,685 [pool-335-thread-1] INFO  server.RaftServerConfigKeys (ConfUtils.java:logGet(46)) - raft.server.rpc.timeout.min = 5s (custom)
2022-08-03 01:56:16,685 [pool-335-thread-1] INFO  server.RaftServerConfigKeys (ConfUtils.java:logGet(46)) - raft.server.rpc.timeout.max = 5200ms (custom)
2022-08-03 01:56:16,685 [pool-335-thread-1] INFO  server.RaftServerConfigKeys (ConfUtils.java:logGet(46)) - raft.server.rpc.sleep.time = 25ms (default)
2022-08-03 01:56:16,685 [pool-335-thread-1] INFO  server.RaftServerConfigKeys (ConfUtils.java:logGet(46)) - raft.server.rpc.slowness.timeout = 300s (custom)
2022-08-03 01:56:16,685 [pool-335-thread-1] INFO  server.RaftServerConfigKeys (ConfUtils.java:logGet(46)) - raft.server.leaderelection.leader.step-down.wait-time = 10s (default)
2022-08-03 01:56:16,685 [pool-335-thread-1] INFO  server.RaftServerConfigKeys (ConfUtils.java:logGet(46)) - raft.server.sleep.deviation.threshold = 300ms (default)
2022-08-03 01:56:16,685 [pool-335-thread-1] INFO  server.RaftServer$Division (ServerState.java:<init>(107)) - 29c98487-0277-4cc7-b365-3516e94d97ef@group-5F7F5D9E49E1: ConfigurationManager, init=-1: [26c6a879-3581-43c9-81a3-df00a00fc298|rpc:10.1.0.23:40673|dataStream:|priority:1, 65846ed8-c1ef-45a3-a578-716f347ad6ea|rpc:10.1.0.23:35919|dataStream:|priority:0, 29c98487-0277-4cc7-b365-3516e94d97ef|rpc:10.1.0.23:34985|dataStream:|priority:0], old=null, confs=<EMPTY_MAP>
2022-08-03 01:56:16,685 [pool-335-thread-1] INFO  server.RaftServerConfigKeys (ConfUtils.java:logGet(46)) - raft.server.storage.dir = [/home/runner/work/ozone/ozone/hadoop-ozone/integration-test/target/test-dir/MiniOzoneClusterImpl-2b644ed5-ee6e-4744-ab54-d718b8c739bc/datanode-1/data/ratis] (custom)
2022-08-03 01:56:16,685 [pool-335-thread-1] INFO  server.RaftServerConfigKeys (ConfUtils.java:logGet(46)) - raft.server.log.corruption.policy = EXCEPTION (default)
2022-08-03 01:56:16,685 [pool-335-thread-1] INFO  server.RaftServerConfigKeys (ConfUtils.java:logGet(46)) - raft.server.storage.free-space.min = 0MB (=0) (default)
2022-08-03 01:56:16,686 [pool-335-thread-1] INFO  storage.RaftStorageDirectory (RaftStorageDirectoryImpl.java:analyzeStorage(135)) - The storage directory /home/runner/work/ozone/ozone/hadoop-ozone/integration-test/target/test-dir/MiniOzoneClusterImpl-2b644ed5-ee6e-4744-ab54-d718b8c739bc/datanode-1/data/ratis/f536b2af-04bc-4e6a-b013-5f7f5d9e49e1 does not exist. Creating ...
2022-08-03 01:56:16,708 [pool-335-thread-1] INFO  storage.RaftStorageDirectory (RaftStorageDirectoryImpl.java:tryLock(230)) - Lock on /home/runner/work/ozone/ozone/hadoop-ozone/integration-test/target/test-dir/MiniOzoneClusterImpl-2b644ed5-ee6e-4744-ab54-d718b8c739bc/datanode-1/data/ratis/f536b2af-04bc-4e6a-b013-5f7f5d9e49e1/in_use.lock acquired by nodename 17687@fv-az199-929
2022-08-03 01:56:16,716 [pool-335-thread-1] INFO  storage.RaftStorage (RaftStorageImpl.java:format(89)) - Storage directory /home/runner/work/ozone/ozone/hadoop-ozone/integration-test/target/test-dir/MiniOzoneClusterImpl-2b644ed5-ee6e-4744-ab54-d718b8c739bc/datanode-1/data/ratis/f536b2af-04bc-4e6a-b013-5f7f5d9e49e1 has been successfully formatted.
2022-08-03 01:56:16,720 [pool-335-thread-1] INFO  ratis.ContainerStateMachine (ContainerStateMachine.java:loadSnapshot(236)) - group-5F7F5D9E49E1: The snapshot info is null. Setting the last applied indexto:(t:0, i:~)
2022-08-03 01:56:16,721 [pool-335-thread-1] INFO  server.RaftServerConfigKeys (ConfUtils.java:logGet(46)) - raft.server.notification.no-leader.timeout = 300s (custom)
2022-08-03 01:56:16,721 [pool-335-thread-1] INFO  server.RaftServerConfigKeys (ConfUtils.java:logGet(46)) - raft.server.log.use.memory = false (default)
2022-08-03 01:56:16,721 [pool-335-thread-1] INFO  server.RaftServerConfigKeys (ConfUtils.java:logGet(46)) - raft.server.log.purge.gap = 1000000 (custom)
2022-08-03 01:56:16,721 [pool-335-thread-1] INFO  server.RaftServerConfigKeys (ConfUtils.java:logGet(46)) - raft.server.log.appender.buffer.byte-limit = 33554432 (custom)
2022-08-03 01:56:16,721 [pool-335-thread-1] INFO  server.RaftServerConfigKeys (ConfUtils.java:logGet(46)) - raft.server.log.statemachine.data.read.timeout = 1000ms (default)
2022-08-03 01:56:16,721 [pool-335-thread-1] INFO  server.RaftServerConfigKeys (ConfUtils.java:logGet(46)) - raft.server.log.segment.size.max = 1048576 (custom)
2022-08-03 01:56:16,722 [pool-335-thread-1] INFO  server.RaftServerConfigKeys (ConfUtils.java:logGet(46)) - raft.server.log.segment.cache.num.max = 2 (custom)
2022-08-03 01:56:16,722 [pool-335-thread-1] INFO  server.RaftServerConfigKeys (ConfUtils.java:logGet(46)) - raft.server.log.segment.cache.size.max = 200MB (=209715200) (default)
2022-08-03 01:56:16,722 [pool-335-thread-1] INFO  segmented.SegmentedRaftLogWorker (SegmentedRaftLogWorker.java:<init>(187)) - new 29c98487-0277-4cc7-b365-3516e94d97ef@group-5F7F5D9E49E1-SegmentedRaftLogWorker for RaftStorageImpl:Storage Directory /home/runner/work/ozone/ozone/hadoop-ozone/integration-test/target/test-dir/MiniOzoneClusterImpl-2b644ed5-ee6e-4744-ab54-d718b8c739bc/datanode-1/data/ratis/f536b2af-04bc-4e6a-b013-5f7f5d9e49e1
2022-08-03 01:56:16,722 [pool-335-thread-1] INFO  server.RaftServerConfigKeys (ConfUtils.java:logGet(46)) - raft.server.log.queue.byte-limit = 4294967296 (custom)
2022-08-03 01:56:16,722 [pool-335-thread-1] INFO  server.RaftServerConfigKeys (ConfUtils.java:logGet(46)) - raft.server.log.queue.element-limit = 1024 (custom)
2022-08-03 01:56:16,722 [pool-335-thread-1] INFO  server.RaftServerConfigKeys (ConfUtils.java:logGet(46)) - raft.server.log.segment.size.max = 1048576 (custom)
2022-08-03 01:56:16,722 [pool-335-thread-1] INFO  server.RaftServerConfigKeys (ConfUtils.java:logGet(46)) - raft.server.log.preallocated.size = 16384 (custom)
2022-08-03 01:56:16,722 [pool-335-thread-1] INFO  server.RaftServerConfigKeys (ConfUtils.java:logGet(46)) - raft.server.log.force.sync.num = 128 (default)
2022-08-03 01:56:16,722 [pool-335-thread-1] INFO  server.RaftServerConfigKeys (ConfUtils.java:logGet(46)) - raft.server.log.statemachine.data.sync = true (default)
2022-08-03 01:56:16,722 [pool-335-thread-1] INFO  server.RaftServerConfigKeys (ConfUtils.java:logGet(46)) - raft.server.log.statemachine.data.sync.timeout = 10s (default)
2022-08-03 01:56:16,722 [pool-335-thread-1] INFO  server.RaftServerConfigKeys (ConfUtils.java:logGet(46)) - raft.server.log.statemachine.data.sync.timeout.retry = -1 (default)
2022-08-03 01:56:16,723 [pool-335-thread-1] INFO  server.RaftServerConfigKeys (ConfUtils.java:logGet(46)) - raft.server.log.write.buffer.size = 1048576 (custom)
2022-08-03 01:56:16,724 [pool-335-thread-1] INFO  server.RaftServerConfigKeys (ConfUtils.java:logGet(46)) - raft.server.log.unsafe-flush.enabled = false (default)
2022-08-03 01:56:16,724 [pool-335-thread-1] INFO  server.RaftServerConfigKeys (ConfUtils.java:logGet(46)) - raft.server.log.statemachine.data.caching.enabled = true (custom)
2022-08-03 01:56:16,724 [pool-335-thread-1] INFO  segmented.SegmentedRaftLogWorker (SegmentedRaftLogWorker.java:lambda$new$0(135)) - 29c98487-0277-4cc7-b365-3516e94d97ef@group-5F7F5D9E49E1-SegmentedRaftLogWorker: flushIndex: setUnconditionally 0 -> -1
2022-08-03 01:56:16,724 [pool-335-thread-1] INFO  segmented.SegmentedRaftLogWorker (SegmentedRaftLogWorker.java:lambda$new$0(135)) - 29c98487-0277-4cc7-b365-3516e94d97ef@group-5F7F5D9E49E1-SegmentedRaftLogWorker: safeCacheEvictIndex: setUnconditionally 0 -> -1
2022-08-03 01:56:16,726 [pool-335-thread-1] INFO  server.RaftServerConfigKeys (ConfUtils.java:logGet(46)) - raft.server.snapshot.auto.trigger.enabled = true (custom)
2022-08-03 01:56:16,726 [pool-335-thread-1] INFO  server.RaftServerConfigKeys (ConfUtils.java:logGet(46)) - raft.server.snapshot.auto.trigger.threshold = 10000 (custom)
2022-08-03 01:56:16,726 [pool-335-thread-1] INFO  server.RaftServerConfigKeys (ConfUtils.java:logGet(46)) - raft.server.snapshot.retention.file.num = 5 (custom)
2022-08-03 01:56:16,726 [pool-335-thread-1] INFO  server.RaftServerConfigKeys (ConfUtils.java:logGet(46)) - raft.server.log.purge.upto.snapshot.index = false (default)
2022-08-03 01:56:16,726 [pool-335-thread-1] INFO  server.RaftServerConfigKeys (ConfUtils.java:logGet(46)) - raft.server.retrycache.expirytime = 600000ms (custom)
2022-08-03 01:56:16,727 [pool-335-thread-1] INFO  server.RaftServerConfigKeys (ConfUtils.java:logGet(46)) - raft.server.retrycache.statistics.expirytime = 100μs (default)
2022-08-03 01:56:16,733 [pool-335-thread-1] INFO  server.RaftServerConfigKeys (ConfUtils.java:logGet(46)) - raft.server.log.appender.install.snapshot.enabled = false (custom)
2022-08-03 01:56:16,733 [pool-335-thread-1] INFO  server.RaftServerConfigKeys (ConfUtils.java:logGet(46)) - raft.server.threadpool.server.cached = true (default)
2022-08-03 01:56:16,733 [pool-335-thread-1] INFO  server.RaftServerConfigKeys (ConfUtils.java:logGet(46)) - raft.server.threadpool.server.size = 0 (default)
2022-08-03 01:56:16,733 [pool-335-thread-1] INFO  server.RaftServerConfigKeys (ConfUtils.java:logGet(46)) - raft.server.threadpool.client.cached = true (default)
2022-08-03 01:56:16,733 [pool-335-thread-1] INFO  server.RaftServerConfigKeys (ConfUtils.java:logGet(46)) - raft.server.threadpool.client.size = 0 (default)
2022-08-03 01:56:16,733 [pool-335-thread-1] INFO  server.RaftServer$Division (RaftServerImpl.java:start(310)) - 29c98487-0277-4cc7-b365-3516e94d97ef@group-5F7F5D9E49E1: start as a follower, conf=-1: [26c6a879-3581-43c9-81a3-df00a00fc298|rpc:10.1.0.23:40673|dataStream:|priority:1, 65846ed8-c1ef-45a3-a578-716f347ad6ea|rpc:10.1.0.23:35919|dataStream:|priority:0, 29c98487-0277-4cc7-b365-3516e94d97ef|rpc:10.1.0.23:34985|dataStream:|priority:0], old=null
2022-08-03 01:56:16,733 [pool-335-thread-1] INFO  server.RaftServer$Division (RaftServerImpl.java:setRole(299)) - 29c98487-0277-4cc7-b365-3516e94d97ef@group-5F7F5D9E49E1: changes role from      null to FOLLOWER at term 0 for startAsFollower
2022-08-03 01:56:16,733 [pool-335-thread-1] INFO  impl.RoleInfo (RoleInfo.java:updateAndGet(139)) - 29c98487-0277-4cc7-b365-3516e94d97ef: start 29c98487-0277-4cc7-b365-3516e94d97ef@group-5F7F5D9E49E1-FollowerState
2022-08-03 01:56:16,747 [pool-335-thread-1] INFO  util.JmxRegister (JmxRegister.java:tryRegister(44)) - Successfully registered JMX Bean with object name Ratis:service=RaftServer,group=group-5F7F5D9E49E1,id=29c98487-0277-4cc7-b365-3516e94d97ef
2022-08-03 01:56:16,864 [grpc-default-executor-0] INFO  server.RaftServer (RaftServerProxy.java:addNew(96)) - 65846ed8-c1ef-45a3-a578-716f347ad6ea: addNew group-5F7F5D9E49E1:[26c6a879-3581-43c9-81a3-df00a00fc298|rpc:10.1.0.23:40673|dataStream:|priority:1, 65846ed8-c1ef-45a3-a578-716f347ad6ea|rpc:10.1.0.23:35919|dataStream:|priority:0, 29c98487-0277-4cc7-b365-3516e94d97ef|rpc:10.1.0.23:34985|dataStream:|priority:0] returns group-5F7F5D9E49E1:java.util.concurrent.CompletableFuture@5d70e317[Not completed]
2022-08-03 01:56:16,878 [pool-358-thread-1] INFO  server.RaftServer$Division (RaftServerImpl.java:<init>(190)) - 65846ed8-c1ef-45a3-a578-716f347ad6ea: new RaftServerImpl for group-5F7F5D9E49E1:[26c6a879-3581-43c9-81a3-df00a00fc298|rpc:10.1.0.23:40673|dataStream:|priority:1, 65846ed8-c1ef-45a3-a578-716f347ad6ea|rpc:10.1.0.23:35919|dataStream:|priority:0, 29c98487-0277-4cc7-b365-3516e94d97ef|rpc:10.1.0.23:34985|dataStream:|priority:0] with ContainerStateMachine:uninitialized
2022-08-03 01:56:16,878 [pool-358-thread-1] INFO  server.RaftServerConfigKeys (ConfUtils.java:logGet(46)) - raft.server.rpc.timeout.min = 5s (custom)
2022-08-03 01:56:16,878 [pool-358-thread-1] INFO  server.RaftServerConfigKeys (ConfUtils.java:logGet(46)) - raft.server.rpc.timeout.max = 5200ms (custom)
2022-08-03 01:56:16,878 [pool-358-thread-1] INFO  server.RaftServerConfigKeys (ConfUtils.java:logGet(46)) - raft.server.rpc.sleep.time = 25ms (default)
2022-08-03 01:56:16,878 [pool-358-thread-1] INFO  server.RaftServerConfigKeys (ConfUtils.java:logGet(46)) - raft.server.rpc.slowness.timeout = 300s (custom)
2022-08-03 01:56:16,878 [pool-358-thread-1] INFO  server.RaftServerConfigKeys (ConfUtils.java:logGet(46)) - raft.server.leaderelection.leader.step-down.wait-time = 10s (default)
2022-08-03 01:56:16,878 [pool-358-thread-1] INFO  server.RaftServerConfigKeys (ConfUtils.java:logGet(46)) - raft.server.sleep.deviation.threshold = 300ms (default)
2022-08-03 01:56:16,878 [pool-358-thread-1] INFO  server.RaftServer$Division (ServerState.java:<init>(107)) - 65846ed8-c1ef-45a3-a578-716f347ad6ea@group-5F7F5D9E49E1: ConfigurationManager, init=-1: [26c6a879-3581-43c9-81a3-df00a00fc298|rpc:10.1.0.23:40673|dataStream:|priority:1, 65846ed8-c1ef-45a3-a578-716f347ad6ea|rpc:10.1.0.23:35919|dataStream:|priority:0, 29c98487-0277-4cc7-b365-3516e94d97ef|rpc:10.1.0.23:34985|dataStream:|priority:0], old=null, confs=<EMPTY_MAP>
2022-08-03 01:56:16,878 [pool-358-thread-1] INFO  server.RaftServerConfigKeys (ConfUtils.java:logGet(46)) - raft.server.storage.dir = [/home/runner/work/ozone/ozone/hadoop-ozone/integration-test/target/test-dir/MiniOzoneClusterImpl-2b644ed5-ee6e-4744-ab54-d718b8c739bc/datanode-2/data/ratis] (custom)
2022-08-03 01:56:16,879 [pool-358-thread-1] INFO  server.RaftServerConfigKeys (ConfUtils.java:logGet(46)) - raft.server.log.corruption.policy = EXCEPTION (default)
2022-08-03 01:56:16,879 [pool-358-thread-1] INFO  server.RaftServerConfigKeys (ConfUtils.java:logGet(46)) - raft.server.storage.free-space.min = 0MB (=0) (default)
2022-08-03 01:56:16,879 [pool-358-thread-1] INFO  storage.RaftStorageDirectory (RaftStorageDirectoryImpl.java:analyzeStorage(135)) - The storage directory /home/runner/work/ozone/ozone/hadoop-ozone/integration-test/target/test-dir/MiniOzoneClusterImpl-2b644ed5-ee6e-4744-ab54-d718b8c739bc/datanode-2/data/ratis/f536b2af-04bc-4e6a-b013-5f7f5d9e49e1 does not exist. Creating ...
2022-08-03 01:56:16,889 [pool-358-thread-1] INFO  storage.RaftStorageDirectory (RaftStorageDirectoryImpl.java:tryLock(230)) - Lock on /home/runner/work/ozone/ozone/hadoop-ozone/integration-test/target/test-dir/MiniOzoneClusterImpl-2b644ed5-ee6e-4744-ab54-d718b8c739bc/datanode-2/data/ratis/f536b2af-04bc-4e6a-b013-5f7f5d9e49e1/in_use.lock acquired by nodename 17687@fv-az199-929
2022-08-03 01:56:16,893 [pool-358-thread-1] INFO  storage.RaftStorage (RaftStorageImpl.java:format(89)) - Storage directory /home/runner/work/ozone/ozone/hadoop-ozone/integration-test/target/test-dir/MiniOzoneClusterImpl-2b644ed5-ee6e-4744-ab54-d718b8c739bc/datanode-2/data/ratis/f536b2af-04bc-4e6a-b013-5f7f5d9e49e1 has been successfully formatted.
2022-08-03 01:56:16,894 [pool-358-thread-1] INFO  ratis.ContainerStateMachine (ContainerStateMachine.java:loadSnapshot(236)) - group-5F7F5D9E49E1: The snapshot info is null. Setting the last applied indexto:(t:0, i:~)
2022-08-03 01:56:16,894 [pool-358-thread-1] INFO  server.RaftServerConfigKeys (ConfUtils.java:logGet(46)) - raft.server.notification.no-leader.timeout = 300s (custom)
2022-08-03 01:56:16,894 [pool-358-thread-1] INFO  server.RaftServerConfigKeys (ConfUtils.java:logGet(46)) - raft.server.log.use.memory = false (default)
2022-08-03 01:56:16,894 [pool-358-thread-1] INFO  server.RaftServerConfigKeys (ConfUtils.java:logGet(46)) - raft.server.log.purge.gap = 1000000 (custom)
2022-08-03 01:56:16,894 [pool-358-thread-1] INFO  server.RaftServerConfigKeys (ConfUtils.java:logGet(46)) - raft.server.log.appender.buffer.byte-limit = 33554432 (custom)
2022-08-03 01:56:16,894 [pool-358-thread-1] INFO  server.RaftServerConfigKeys (ConfUtils.java:logGet(46)) - raft.server.log.statemachine.data.read.timeout = 1000ms (default)
2022-08-03 01:56:16,894 [pool-358-thread-1] INFO  server.RaftServerConfigKeys (ConfUtils.java:logGet(46)) - raft.server.log.segment.size.max = 1048576 (custom)
2022-08-03 01:56:16,895 [pool-358-thread-1] INFO  server.RaftServerConfigKeys (ConfUtils.java:logGet(46)) - raft.server.log.segment.cache.num.max = 2 (custom)
2022-08-03 01:56:16,895 [pool-358-thread-1] INFO  server.RaftServerConfigKeys (ConfUtils.java:logGet(46)) - raft.server.log.segment.cache.size.max = 200MB (=209715200) (default)
2022-08-03 01:56:16,895 [pool-358-thread-1] INFO  segmented.SegmentedRaftLogWorker (SegmentedRaftLogWorker.java:<init>(187)) - new 65846ed8-c1ef-45a3-a578-716f347ad6ea@group-5F7F5D9E49E1-SegmentedRaftLogWorker for RaftStorageImpl:Storage Directory /home/runner/work/ozone/ozone/hadoop-ozone/integration-test/target/test-dir/MiniOzoneClusterImpl-2b644ed5-ee6e-4744-ab54-d718b8c739bc/datanode-2/data/ratis/f536b2af-04bc-4e6a-b013-5f7f5d9e49e1
2022-08-03 01:56:16,895 [pool-358-thread-1] INFO  server.RaftServerConfigKeys (ConfUtils.java:logGet(46)) - raft.server.log.queue.byte-limit = 4294967296 (custom)
2022-08-03 01:56:16,895 [pool-358-thread-1] INFO  server.RaftServerConfigKeys (ConfUtils.java:logGet(46)) - raft.server.log.queue.element-limit = 1024 (custom)
2022-08-03 01:56:16,895 [pool-358-thread-1] INFO  server.RaftServerConfigKeys (ConfUtils.java:logGet(46)) - raft.server.log.segment.size.max = 1048576 (custom)
2022-08-03 01:56:16,895 [pool-358-thread-1] INFO  server.RaftServerConfigKeys (ConfUtils.java:logGet(46)) - raft.server.log.preallocated.size = 16384 (custom)
2022-08-03 01:56:16,895 [pool-358-thread-1] INFO  server.RaftServerConfigKeys (ConfUtils.java:logGet(46)) - raft.server.log.force.sync.num = 128 (default)
2022-08-03 01:56:16,895 [pool-358-thread-1] INFO  server.RaftServerConfigKeys (ConfUtils.java:logGet(46)) - raft.server.log.statemachine.data.sync = true (default)
2022-08-03 01:56:16,896 [pool-358-thread-1] INFO  server.RaftServerConfigKeys (ConfUtils.java:logGet(46)) - raft.server.log.statemachine.data.sync.timeout = 10s (default)
2022-08-03 01:56:16,896 [pool-358-thread-1] INFO  server.RaftServerConfigKeys (ConfUtils.java:logGet(46)) - raft.server.log.statemachine.data.sync.timeout.retry = -1 (default)
2022-08-03 01:56:16,917 [pool-358-thread-1] INFO  server.RaftServerConfigKeys (ConfUtils.java:logGet(46)) - raft.server.log.write.buffer.size = 1048576 (custom)
2022-08-03 01:56:16,918 [pool-358-thread-1] INFO  server.RaftServerConfigKeys (ConfUtils.java:logGet(46)) - raft.server.log.unsafe-flush.enabled = false (default)
2022-08-03 01:56:16,918 [pool-358-thread-1] INFO  server.RaftServerConfigKeys (ConfUtils.java:logGet(46)) - raft.server.log.statemachine.data.caching.enabled = true (custom)
2022-08-03 01:56:16,918 [pool-358-thread-1] INFO  segmented.SegmentedRaftLogWorker (SegmentedRaftLogWorker.java:lambda$new$0(135)) - 65846ed8-c1ef-45a3-a578-716f347ad6ea@group-5F7F5D9E49E1-SegmentedRaftLogWorker: flushIndex: setUnconditionally 0 -> -1
2022-08-03 01:56:16,918 [pool-358-thread-1] INFO  segmented.SegmentedRaftLogWorker (SegmentedRaftLogWorker.java:lambda$new$0(135)) - 65846ed8-c1ef-45a3-a578-716f347ad6ea@group-5F7F5D9E49E1-SegmentedRaftLogWorker: safeCacheEvictIndex: setUnconditionally 0 -> -1
2022-08-03 01:56:16,924 [pool-358-thread-1] INFO  server.RaftServerConfigKeys (ConfUtils.java:logGet(46)) - raft.server.snapshot.auto.trigger.enabled = true (custom)
2022-08-03 01:56:16,924 [pool-358-thread-1] INFO  server.RaftServerConfigKeys (ConfUtils.java:logGet(46)) - raft.server.snapshot.auto.trigger.threshold = 10000 (custom)
2022-08-03 01:56:16,925 [pool-358-thread-1] INFO  server.RaftServerConfigKeys (ConfUtils.java:logGet(46)) - raft.server.snapshot.retention.file.num = 5 (custom)
2022-08-03 01:56:16,925 [pool-358-thread-1] INFO  server.RaftServerConfigKeys (ConfUtils.java:logGet(46)) - raft.server.log.purge.upto.snapshot.index = false (default)
2022-08-03 01:56:16,925 [pool-358-thread-1] INFO  server.RaftServerConfigKeys (ConfUtils.java:logGet(46)) - raft.server.retrycache.expirytime = 600000ms (custom)
2022-08-03 01:56:16,925 [pool-358-thread-1] INFO  server.RaftServerConfigKeys (ConfUtils.java:logGet(46)) - raft.server.retrycache.statistics.expirytime = 100μs (default)
2022-08-03 01:56:16,926 [pool-358-thread-1] INFO  server.RaftServerConfigKeys (ConfUtils.java:logGet(46)) - raft.server.log.appender.install.snapshot.enabled = false (custom)
2022-08-03 01:56:16,926 [pool-358-thread-1] INFO  server.RaftServerConfigKeys (ConfUtils.java:logGet(46)) - raft.server.threadpool.server.cached = true (default)
2022-08-03 01:56:16,926 [pool-358-thread-1] INFO  server.RaftServerConfigKeys (ConfUtils.java:logGet(46)) - raft.server.threadpool.server.size = 0 (default)
2022-08-03 01:56:16,926 [pool-358-thread-1] INFO  server.RaftServerConfigKeys (ConfUtils.java:logGet(46)) - raft.server.threadpool.client.cached = true (default)
2022-08-03 01:56:16,926 [pool-358-thread-1] INFO  server.RaftServerConfigKeys (ConfUtils.java:logGet(46)) - raft.server.threadpool.client.size = 0 (default)
2022-08-03 01:56:16,926 [pool-358-thread-1] INFO  server.RaftServer$Division (RaftServerImpl.java:start(310)) - 65846ed8-c1ef-45a3-a578-716f347ad6ea@group-5F7F5D9E49E1: start as a follower, conf=-1: [26c6a879-3581-43c9-81a3-df00a00fc298|rpc:10.1.0.23:40673|dataStream:|priority:1, 65846ed8-c1ef-45a3-a578-716f347ad6ea|rpc:10.1.0.23:35919|dataStream:|priority:0, 29c98487-0277-4cc7-b365-3516e94d97ef|rpc:10.1.0.23:34985|dataStream:|priority:0], old=null
2022-08-03 01:56:16,927 [pool-358-thread-1] INFO  server.RaftServer$Division (RaftServerImpl.java:setRole(299)) - 65846ed8-c1ef-45a3-a578-716f347ad6ea@group-5F7F5D9E49E1: changes role from      null to FOLLOWER at term 0 for startAsFollower
2022-08-03 01:56:16,927 [pool-358-thread-1] INFO  impl.RoleInfo (RoleInfo.java:updateAndGet(139)) - 65846ed8-c1ef-45a3-a578-716f347ad6ea: start 65846ed8-c1ef-45a3-a578-716f347ad6ea@group-5F7F5D9E49E1-FollowerState
2022-08-03 01:56:16,940 [pool-358-thread-1] INFO  util.JmxRegister (JmxRegister.java:tryRegister(44)) - Successfully registered JMX Bean with object name Ratis:service=RaftServer,group=group-5F7F5D9E49E1,id=65846ed8-c1ef-45a3-a578-716f347ad6ea
2022-08-03 01:56:16,967 [Command processor thread] INFO  commandhandler.CreatePipelineCommandHandler (CreatePipelineCommandHandler.java:handle(113)) - Created Pipeline RATIS THREE PipelineID=f536b2af-04bc-4e6a-b013-5f7f5d9e49e1.
2022-08-03 01:56:16,968 [Command processor thread] INFO  server.RaftServer (RaftServerProxy.java:addNew(96)) - 26c6a879-3581-43c9-81a3-df00a00fc298: addNew group-A5332DF7F2B4:[26c6a879-3581-43c9-81a3-df00a00fc298|rpc:10.1.0.23:40673|priority:0, 65846ed8-c1ef-45a3-a578-716f347ad6ea|rpc:10.1.0.23:35919|priority:1, 29c98487-0277-4cc7-b365-3516e94d97ef|rpc:10.1.0.23:34985|priority:0] returns group-A5332DF7F2B4:java.util.concurrent.CompletableFuture@280a3242[Not completed]
2022-08-03 01:56:16,969 [pool-312-thread-1] INFO  server.RaftServer$Division (RaftServerImpl.java:<init>(190)) - 26c6a879-3581-43c9-81a3-df00a00fc298: new RaftServerImpl for group-A5332DF7F2B4:[26c6a879-3581-43c9-81a3-df00a00fc298|rpc:10.1.0.23:40673|priority:0, 65846ed8-c1ef-45a3-a578-716f347ad6ea|rpc:10.1.0.23:35919|priority:1, 29c98487-0277-4cc7-b365-3516e94d97ef|rpc:10.1.0.23:34985|priority:0] with ContainerStateMachine:uninitialized
2022-08-03 01:56:16,969 [pool-312-thread-1] INFO  server.RaftServerConfigKeys (ConfUtils.java:logGet(46)) - raft.server.rpc.timeout.min = 5s (custom)
2022-08-03 01:56:16,969 [pool-312-thread-1] INFO  server.RaftServerConfigKeys (ConfUtils.java:logGet(46)) - raft.server.rpc.timeout.max = 5200ms (custom)
2022-08-03 01:56:16,969 [pool-312-thread-1] INFO  server.RaftServerConfigKeys (ConfUtils.java:logGet(46)) - raft.server.rpc.sleep.time = 25ms (default)
2022-08-03 01:56:16,969 [pool-312-thread-1] INFO  server.RaftServerConfigKeys (ConfUtils.java:logGet(46)) - raft.server.rpc.slowness.timeout = 300s (custom)
2022-08-03 01:56:16,969 [pool-312-thread-1] INFO  server.RaftServerConfigKeys (ConfUtils.java:logGet(46)) - raft.server.leaderelection.leader.step-down.wait-time = 10s (default)
2022-08-03 01:56:16,969 [pool-312-thread-1] INFO  server.RaftServerConfigKeys (ConfUtils.java:logGet(46)) - raft.server.sleep.deviation.threshold = 300ms (default)
2022-08-03 01:56:16,969 [pool-312-thread-1] INFO  server.RaftServer$Division (ServerState.java:<init>(107)) - 26c6a879-3581-43c9-81a3-df00a00fc298@group-A5332DF7F2B4: ConfigurationManager, init=-1: [26c6a879-3581-43c9-81a3-df00a00fc298|rpc:10.1.0.23:40673|priority:0, 65846ed8-c1ef-45a3-a578-716f347ad6ea|rpc:10.1.0.23:35919|priority:1, 29c98487-0277-4cc7-b365-3516e94d97ef|rpc:10.1.0.23:34985|priority:0], old=null, confs=<EMPTY_MAP>
2022-08-03 01:56:16,969 [pool-312-thread-1] INFO  server.RaftServerConfigKeys (ConfUtils.java:logGet(46)) - raft.server.storage.dir = [/home/runner/work/ozone/ozone/hadoop-ozone/integration-test/target/test-dir/MiniOzoneClusterImpl-2b644ed5-ee6e-4744-ab54-d718b8c739bc/datanode-0/data/ratis] (custom)
2022-08-03 01:56:16,970 [pool-312-thread-1] INFO  server.RaftServerConfigKeys (ConfUtils.java:logGet(46)) - raft.server.log.corruption.policy = EXCEPTION (default)
2022-08-03 01:56:16,970 [pool-312-thread-1] INFO  server.RaftServerConfigKeys (ConfUtils.java:logGet(46)) - raft.server.storage.free-space.min = 0MB (=0) (default)
2022-08-03 01:56:16,970 [pool-312-thread-1] INFO  storage.RaftStorageDirectory (RaftStorageDirectoryImpl.java:analyzeStorage(135)) - The storage directory /home/runner/work/ozone/ozone/hadoop-ozone/integration-test/target/test-dir/MiniOzoneClusterImpl-2b644ed5-ee6e-4744-ab54-d718b8c739bc/datanode-0/data/ratis/fb4b05b2-2231-40b1-a748-a5332df7f2b4 does not exist. Creating ...
2022-08-03 01:56:16,976 [pool-312-thread-1] INFO  storage.RaftStorageDirectory (RaftStorageDirectoryImpl.java:tryLock(230)) - Lock on /home/runner/work/ozone/ozone/hadoop-ozone/integration-test/target/test-dir/MiniOzoneClusterImpl-2b644ed5-ee6e-4744-ab54-d718b8c739bc/datanode-0/data/ratis/fb4b05b2-2231-40b1-a748-a5332df7f2b4/in_use.lock acquired by nodename 17687@fv-az199-929
2022-08-03 01:56:16,977 [pool-312-thread-1] INFO  storage.RaftStorage (RaftStorageImpl.java:format(89)) - Storage directory /home/runner/work/ozone/ozone/hadoop-ozone/integration-test/target/test-dir/MiniOzoneClusterImpl-2b644ed5-ee6e-4744-ab54-d718b8c739bc/datanode-0/data/ratis/fb4b05b2-2231-40b1-a748-a5332df7f2b4 has been successfully formatted.
2022-08-03 01:56:16,977 [pool-312-thread-1] INFO  ratis.ContainerStateMachine (ContainerStateMachine.java:loadSnapshot(236)) - group-A5332DF7F2B4: The snapshot info is null. Setting the last applied indexto:(t:0, i:~)
2022-08-03 01:56:16,977 [pool-312-thread-1] INFO  server.RaftServerConfigKeys (ConfUtils.java:logGet(46)) - raft.server.notification.no-leader.timeout = 300s (custom)
2022-08-03 01:56:16,977 [pool-312-thread-1] INFO  server.RaftServerConfigKeys (ConfUtils.java:logGet(46)) - raft.server.log.use.memory = false (default)
2022-08-03 01:56:16,977 [pool-312-thread-1] INFO  server.RaftServerConfigKeys (ConfUtils.java:logGet(46)) - raft.server.log.purge.gap = 1000000 (custom)
2022-08-03 01:56:16,978 [pool-312-thread-1] INFO  server.RaftServerConfigKeys (ConfUtils.java:logGet(46)) - raft.server.log.appender.buffer.byte-limit = 33554432 (custom)
2022-08-03 01:56:16,978 [pool-312-thread-1] INFO  server.RaftServerConfigKeys (ConfUtils.java:logGet(46)) - raft.server.log.statemachine.data.read.timeout = 1000ms (default)
2022-08-03 01:56:16,978 [pool-312-thread-1] INFO  server.RaftServerConfigKeys (ConfUtils.java:logGet(46)) - raft.server.log.segment.size.max = 1048576 (custom)
2022-08-03 01:56:16,978 [pool-312-thread-1] INFO  server.RaftServerConfigKeys (ConfUtils.java:logGet(46)) - raft.server.log.segment.cache.num.max = 2 (custom)
2022-08-03 01:56:16,978 [pool-312-thread-1] INFO  server.RaftServerConfigKeys (ConfUtils.java:logGet(46)) - raft.server.log.segment.cache.size.max = 200MB (=209715200) (default)
2022-08-03 01:56:16,979 [pool-312-thread-1] INFO  segmented.SegmentedRaftLogWorker (SegmentedRaftLogWorker.java:<init>(187)) - new 26c6a879-3581-43c9-81a3-df00a00fc298@group-A5332DF7F2B4-SegmentedRaftLogWorker for RaftStorageImpl:Storage Directory /home/runner/work/ozone/ozone/hadoop-ozone/integration-test/target/test-dir/MiniOzoneClusterImpl-2b644ed5-ee6e-4744-ab54-d718b8c739bc/datanode-0/data/ratis/fb4b05b2-2231-40b1-a748-a5332df7f2b4
2022-08-03 01:56:16,979 [pool-312-thread-1] INFO  server.RaftServerConfigKeys (ConfUtils.java:logGet(46)) - raft.server.log.queue.byte-limit = 4294967296 (custom)
2022-08-03 01:56:16,979 [pool-312-thread-1] INFO  server.RaftServerConfigKeys (ConfUtils.java:logGet(46)) - raft.server.log.queue.element-limit = 1024 (custom)
2022-08-03 01:56:16,979 [pool-312-thread-1] INFO  server.RaftServerConfigKeys (ConfUtils.java:logGet(46)) - raft.server.log.segment.size.max = 1048576 (custom)
2022-08-03 01:56:16,979 [pool-312-thread-1] INFO  server.RaftServerConfigKeys (ConfUtils.java:logGet(46)) - raft.server.log.preallocated.size = 16384 (custom)
2022-08-03 01:56:16,979 [pool-312-thread-1] INFO  server.RaftServerConfigKeys (ConfUtils.java:logGet(46)) - raft.server.log.force.sync.num = 128 (default)
2022-08-03 01:56:16,979 [pool-312-thread-1] INFO  server.RaftServerConfigKeys (ConfUtils.java:logGet(46)) - raft.server.log.statemachine.data.sync = true (default)
2022-08-03 01:56:16,979 [pool-312-thread-1] INFO  server.RaftServerConfigKeys (ConfUtils.java:logGet(46)) - raft.server.log.statemachine.data.sync.timeout = 10s (default)
2022-08-03 01:56:16,979 [pool-312-thread-1] INFO  server.RaftServerConfigKeys (ConfUtils.java:logGet(46)) - raft.server.log.statemachine.data.sync.timeout.retry = -1 (default)
2022-08-03 01:56:16,980 [pool-312-thread-1] INFO  server.RaftServerConfigKeys (ConfUtils.java:logGet(46)) - raft.server.log.write.buffer.size = 1048576 (custom)
2022-08-03 01:56:16,983 [EventQueue-OpenPipelineForHealthyPipelineSafeModeRule] INFO  safemode.SCMSafeModeManager (HealthyPipelineSafeModeRule.java:process(137)) - SCM in safe mode. Healthy pipelines reported count is 0, required healthy pipeline reported count is 1
2022-08-03 01:56:16,983 [pool-312-thread-1] INFO  server.RaftServerConfigKeys (ConfUtils.java:logGet(46)) - raft.server.log.unsafe-flush.enabled = false (default)
2022-08-03 01:56:16,983 [pool-312-thread-1] INFO  server.RaftServerConfigKeys (ConfUtils.java:logGet(46)) - raft.server.log.statemachine.data.caching.enabled = true (custom)
2022-08-03 01:56:16,984 [pool-312-thread-1] INFO  segmented.SegmentedRaftLogWorker (SegmentedRaftLogWorker.java:lambda$new$0(135)) - 26c6a879-3581-43c9-81a3-df00a00fc298@group-A5332DF7F2B4-SegmentedRaftLogWorker: flushIndex: setUnconditionally 0 -> -1
2022-08-03 01:56:16,984 [pool-312-thread-1] INFO  segmented.SegmentedRaftLogWorker (SegmentedRaftLogWorker.java:lambda$new$0(135)) - 26c6a879-3581-43c9-81a3-df00a00fc298@group-A5332DF7F2B4-SegmentedRaftLogWorker: safeCacheEvictIndex: setUnconditionally 0 -> -1
2022-08-03 01:56:16,984 [pool-312-thread-1] INFO  server.RaftServerConfigKeys (ConfUtils.java:logGet(46)) - raft.server.snapshot.auto.trigger.enabled = true (custom)
2022-08-03 01:56:16,984 [pool-312-thread-1] INFO  server.RaftServerConfigKeys (ConfUtils.java:logGet(46)) - raft.server.snapshot.auto.trigger.threshold = 10000 (custom)
2022-08-03 01:56:16,985 [pool-312-thread-1] INFO  server.RaftServerConfigKeys (ConfUtils.java:logGet(46)) - raft.server.snapshot.retention.file.num = 5 (custom)
2022-08-03 01:56:16,985 [pool-312-thread-1] INFO  server.RaftServerConfigKeys (ConfUtils.java:logGet(46)) - raft.server.log.purge.upto.snapshot.index = false (default)
2022-08-03 01:56:16,985 [pool-312-thread-1] INFO  server.RaftServerConfigKeys (ConfUtils.java:logGet(46)) - raft.server.retrycache.expirytime = 600000ms (custom)
2022-08-03 01:56:16,985 [pool-312-thread-1] INFO  server.RaftServerConfigKeys (ConfUtils.java:logGet(46)) - raft.server.retrycache.statistics.expirytime = 100μs (default)
2022-08-03 01:56:16,986 [Listener at 127.0.0.1/44107] INFO  ozone.MiniOzoneClusterImpl (MiniOzoneClusterImpl.java:lambda$waitForClusterToBeReady$0(216)) - Waiting for nodes to be ready. Got 4 of 5 DN Heartbeats.
2022-08-03 01:56:16,986 [Listener at 127.0.0.1/44107] INFO  ozone.MiniOzoneClusterImpl (MiniOzoneClusterImpl.java:lambda$waitForClusterToBeReady$0(219)) - Waiting for cluster to exit safe mode
2022-08-03 01:56:16,986 [Listener at 127.0.0.1/44107] INFO  ozone.MiniOzoneClusterImpl (MiniOzoneClusterImpl.java:lambda$waitForClusterToBeReady$0(221)) - SCM became leader
2022-08-03 01:56:16,986 [pool-312-thread-1] INFO  server.RaftServerConfigKeys (ConfUtils.java:logGet(46)) - raft.server.log.appender.install.snapshot.enabled = false (custom)
2022-08-03 01:56:16,987 [pool-312-thread-1] INFO  server.RaftServerConfigKeys (ConfUtils.java:logGet(46)) - raft.server.threadpool.server.cached = true (default)
2022-08-03 01:56:16,987 [pool-312-thread-1] INFO  server.RaftServerConfigKeys (ConfUtils.java:logGet(46)) - raft.server.threadpool.server.size = 0 (default)
2022-08-03 01:56:16,987 [pool-312-thread-1] INFO  server.RaftServerConfigKeys (ConfUtils.java:logGet(46)) - raft.server.threadpool.client.cached = true (default)
2022-08-03 01:56:16,987 [pool-312-thread-1] INFO  server.RaftServerConfigKeys (ConfUtils.java:logGet(46)) - raft.server.threadpool.client.size = 0 (default)
2022-08-03 01:56:16,987 [pool-312-thread-1] INFO  server.RaftServer$Division (RaftServerImpl.java:start(310)) - 26c6a879-3581-43c9-81a3-df00a00fc298@group-A5332DF7F2B4: start as a follower, conf=-1: [26c6a879-3581-43c9-81a3-df00a00fc298|rpc:10.1.0.23:40673|priority:0, 65846ed8-c1ef-45a3-a578-716f347ad6ea|rpc:10.1.0.23:35919|priority:1, 29c98487-0277-4cc7-b365-3516e94d97ef|rpc:10.1.0.23:34985|priority:0], old=null
2022-08-03 01:56:16,987 [pool-312-thread-1] INFO  server.RaftServer$Division (RaftServerImpl.java:setRole(299)) - 26c6a879-3581-43c9-81a3-df00a00fc298@group-A5332DF7F2B4: changes role from      null to FOLLOWER at term 0 for startAsFollower
2022-08-03 01:56:16,987 [pool-312-thread-1] INFO  impl.RoleInfo (RoleInfo.java:updateAndGet(139)) - 26c6a879-3581-43c9-81a3-df00a00fc298: start 26c6a879-3581-43c9-81a3-df00a00fc298@group-A5332DF7F2B4-FollowerState
2022-08-03 01:56:16,987 [pool-312-thread-1] INFO  util.JmxRegister (JmxRegister.java:tryRegister(44)) - Successfully registered JMX Bean with object name Ratis:service=RaftServer,group=group-A5332DF7F2B4,id=26c6a879-3581-43c9-81a3-df00a00fc298
2022-08-03 01:56:16,988 [Command processor thread] INFO  ratis.XceiverServerRatis (XceiverServerRatis.java:addGroup(765)) - Created group PipelineID=fb4b05b2-2231-40b1-a748-a5332df7f2b4
2022-08-03 01:56:17,027 [grpc-default-executor-0] INFO  server.RaftServer (RaftServerProxy.java:addNew(96)) - 29c98487-0277-4cc7-b365-3516e94d97ef: addNew group-A5332DF7F2B4:[26c6a879-3581-43c9-81a3-df00a00fc298|rpc:10.1.0.23:40673|dataStream:|priority:0, 65846ed8-c1ef-45a3-a578-716f347ad6ea|rpc:10.1.0.23:35919|dataStream:|priority:1, 29c98487-0277-4cc7-b365-3516e94d97ef|rpc:10.1.0.23:34985|dataStream:|priority:0] returns group-A5332DF7F2B4:java.util.concurrent.CompletableFuture@712752a2[Not completed]
2022-08-03 01:56:17,029 [pool-335-thread-1] INFO  server.RaftServer$Division (RaftServerImpl.java:<init>(190)) - 29c98487-0277-4cc7-b365-3516e94d97ef: new RaftServerImpl for group-A5332DF7F2B4:[26c6a879-3581-43c9-81a3-df00a00fc298|rpc:10.1.0.23:40673|dataStream:|priority:0, 65846ed8-c1ef-45a3-a578-716f347ad6ea|rpc:10.1.0.23:35919|dataStream:|priority:1, 29c98487-0277-4cc7-b365-3516e94d97ef|rpc:10.1.0.23:34985|dataStream:|priority:0] with ContainerStateMachine:uninitialized
2022-08-03 01:56:17,029 [pool-335-thread-1] INFO  server.RaftServerConfigKeys (ConfUtils.java:logGet(46)) - raft.server.rpc.timeout.min = 5s (custom)
2022-08-03 01:56:17,029 [pool-335-thread-1] INFO  server.RaftServerConfigKeys (ConfUtils.java:logGet(46)) - raft.server.rpc.timeout.max = 5200ms (custom)
2022-08-03 01:56:17,029 [pool-335-thread-1] INFO  server.RaftServerConfigKeys (ConfUtils.java:logGet(46)) - raft.server.rpc.sleep.time = 25ms (default)
2022-08-03 01:56:17,029 [pool-335-thread-1] INFO  server.RaftServerConfigKeys (ConfUtils.java:logGet(46)) - raft.server.rpc.slowness.timeout = 300s (custom)
2022-08-03 01:56:17,029 [pool-335-thread-1] INFO  server.RaftServerConfigKeys (ConfUtils.java:logGet(46)) - raft.server.leaderelection.leader.step-down.wait-time = 10s (default)
2022-08-03 01:56:17,029 [pool-335-thread-1] INFO  server.RaftServerConfigKeys (ConfUtils.java:logGet(46)) - raft.server.sleep.deviation.threshold = 300ms (default)
2022-08-03 01:56:17,029 [pool-335-thread-1] INFO  server.RaftServer$Division (ServerState.java:<init>(107)) - 29c98487-0277-4cc7-b365-3516e94d97ef@group-A5332DF7F2B4: ConfigurationManager, init=-1: [26c6a879-3581-43c9-81a3-df00a00fc298|rpc:10.1.0.23:40673|dataStream:|priority:0, 65846ed8-c1ef-45a3-a578-716f347ad6ea|rpc:10.1.0.23:35919|dataStream:|priority:1, 29c98487-0277-4cc7-b365-3516e94d97ef|rpc:10.1.0.23:34985|dataStream:|priority:0], old=null, confs=<EMPTY_MAP>
2022-08-03 01:56:17,029 [pool-335-thread-1] INFO  server.RaftServerConfigKeys (ConfUtils.java:logGet(46)) - raft.server.storage.dir = [/home/runner/work/ozone/ozone/hadoop-ozone/integration-test/target/test-dir/MiniOzoneClusterImpl-2b644ed5-ee6e-4744-ab54-d718b8c739bc/datanode-1/data/ratis] (custom)
2022-08-03 01:56:17,029 [pool-335-thread-1] INFO  server.RaftServerConfigKeys (ConfUtils.java:logGet(46)) - raft.server.log.corruption.policy = EXCEPTION (default)
2022-08-03 01:56:17,030 [pool-335-thread-1] INFO  server.RaftServerConfigKeys (ConfUtils.java:logGet(46)) - raft.server.storage.free-space.min = 0MB (=0) (default)
2022-08-03 01:56:17,030 [pool-335-thread-1] INFO  storage.RaftStorageDirectory (RaftStorageDirectoryImpl.java:analyzeStorage(135)) - The storage directory /home/runner/work/ozone/ozone/hadoop-ozone/integration-test/target/test-dir/MiniOzoneClusterImpl-2b644ed5-ee6e-4744-ab54-d718b8c739bc/datanode-1/data/ratis/fb4b05b2-2231-40b1-a748-a5332df7f2b4 does not exist. Creating ...
2022-08-03 01:56:17,040 [pool-335-thread-1] INFO  storage.RaftStorageDirectory (RaftStorageDirectoryImpl.java:tryLock(230)) - Lock on /home/runner/work/ozone/ozone/hadoop-ozone/integration-test/target/test-dir/MiniOzoneClusterImpl-2b644ed5-ee6e-4744-ab54-d718b8c739bc/datanode-1/data/ratis/fb4b05b2-2231-40b1-a748-a5332df7f2b4/in_use.lock acquired by nodename 17687@fv-az199-929
2022-08-03 01:56:17,045 [pool-335-thread-1] INFO  storage.RaftStorage (RaftStorageImpl.java:format(89)) - Storage directory /home/runner/work/ozone/ozone/hadoop-ozone/integration-test/target/test-dir/MiniOzoneClusterImpl-2b644ed5-ee6e-4744-ab54-d718b8c739bc/datanode-1/data/ratis/fb4b05b2-2231-40b1-a748-a5332df7f2b4 has been successfully formatted.
2022-08-03 01:56:17,045 [pool-335-thread-1] INFO  ratis.ContainerStateMachine (ContainerStateMachine.java:loadSnapshot(236)) - group-A5332DF7F2B4: The snapshot info is null. Setting the last applied indexto:(t:0, i:~)
2022-08-03 01:56:17,045 [pool-335-thread-1] INFO  server.RaftServerConfigKeys (ConfUtils.java:logGet(46)) - raft.server.notification.no-leader.timeout = 300s (custom)
2022-08-03 01:56:17,045 [pool-335-thread-1] INFO  server.RaftServerConfigKeys (ConfUtils.java:logGet(46)) - raft.server.log.use.memory = false (default)
2022-08-03 01:56:17,045 [pool-335-thread-1] INFO  server.RaftServerConfigKeys (ConfUtils.java:logGet(46)) - raft.server.log.purge.gap = 1000000 (custom)
2022-08-03 01:56:17,045 [pool-335-thread-1] INFO  server.RaftServerConfigKeys (ConfUtils.java:logGet(46)) - raft.server.log.appender.buffer.byte-limit = 33554432 (custom)
2022-08-03 01:56:17,045 [pool-335-thread-1] INFO  server.RaftServerConfigKeys (ConfUtils.java:logGet(46)) - raft.server.log.statemachine.data.read.timeout = 1000ms (default)
2022-08-03 01:56:17,046 [pool-335-thread-1] INFO  server.RaftServerConfigKeys (ConfUtils.java:logGet(46)) - raft.server.log.segment.size.max = 1048576 (custom)
2022-08-03 01:56:17,046 [pool-335-thread-1] INFO  server.RaftServerConfigKeys (ConfUtils.java:logGet(46)) - raft.server.log.segment.cache.num.max = 2 (custom)
2022-08-03 01:56:17,046 [pool-335-thread-1] INFO  server.RaftServerConfigKeys (ConfUtils.java:logGet(46)) - raft.server.log.segment.cache.size.max = 200MB (=209715200) (default)
2022-08-03 01:56:17,046 [pool-335-thread-1] INFO  segmented.SegmentedRaftLogWorker (SegmentedRaftLogWorker.java:<init>(187)) - new 29c98487-0277-4cc7-b365-3516e94d97ef@group-A5332DF7F2B4-SegmentedRaftLogWorker for RaftStorageImpl:Storage Directory /home/runner/work/ozone/ozone/hadoop-ozone/integration-test/target/test-dir/MiniOzoneClusterImpl-2b644ed5-ee6e-4744-ab54-d718b8c739bc/datanode-1/data/ratis/fb4b05b2-2231-40b1-a748-a5332df7f2b4
2022-08-03 01:56:17,046 [pool-335-thread-1] INFO  server.RaftServerConfigKeys (ConfUtils.java:logGet(46)) - raft.server.log.queue.byte-limit = 4294967296 (custom)
2022-08-03 01:56:17,046 [pool-335-thread-1] INFO  server.RaftServerConfigKeys (ConfUtils.java:logGet(46)) - raft.server.log.queue.element-limit = 1024 (custom)
2022-08-03 01:56:17,046 [pool-335-thread-1] INFO  server.RaftServerConfigKeys (ConfUtils.java:logGet(46)) - raft.server.log.segment.size.max = 1048576 (custom)
2022-08-03 01:56:17,046 [pool-335-thread-1] INFO  server.RaftServerConfigKeys (ConfUtils.java:logGet(46)) - raft.server.log.preallocated.size = 16384 (custom)
2022-08-03 01:56:17,047 [pool-335-thread-1] INFO  server.RaftServerConfigKeys (ConfUtils.java:logGet(46)) - raft.server.log.force.sync.num = 128 (default)
2022-08-03 01:56:17,047 [pool-335-thread-1] INFO  server.RaftServerConfigKeys (ConfUtils.java:logGet(46)) - raft.server.log.statemachine.data.sync = true (default)
2022-08-03 01:56:17,047 [pool-335-thread-1] INFO  server.RaftServerConfigKeys (ConfUtils.java:logGet(46)) - raft.server.log.statemachine.data.sync.timeout = 10s (default)
2022-08-03 01:56:17,047 [pool-335-thread-1] INFO  server.RaftServerConfigKeys (ConfUtils.java:logGet(46)) - raft.server.log.statemachine.data.sync.timeout.retry = -1 (default)
2022-08-03 01:56:17,048 [pool-335-thread-1] INFO  server.RaftServerConfigKeys (ConfUtils.java:logGet(46)) - raft.server.log.write.buffer.size = 1048576 (custom)
2022-08-03 01:56:17,048 [pool-335-thread-1] INFO  server.RaftServerConfigKeys (ConfUtils.java:logGet(46)) - raft.server.log.unsafe-flush.enabled = false (default)
2022-08-03 01:56:17,048 [pool-335-thread-1] INFO  server.RaftServerConfigKeys (ConfUtils.java:logGet(46)) - raft.server.log.statemachine.data.caching.enabled = true (custom)
2022-08-03 01:56:17,048 [pool-335-thread-1] INFO  segmented.SegmentedRaftLogWorker (SegmentedRaftLogWorker.java:lambda$new$0(135)) - 29c98487-0277-4cc7-b365-3516e94d97ef@group-A5332DF7F2B4-SegmentedRaftLogWorker: flushIndex: setUnconditionally 0 -> -1
2022-08-03 01:56:17,049 [pool-335-thread-1] INFO  segmented.SegmentedRaftLogWorker (SegmentedRaftLogWorker.java:lambda$new$0(135)) - 29c98487-0277-4cc7-b365-3516e94d97ef@group-A5332DF7F2B4-SegmentedRaftLogWorker: safeCacheEvictIndex: setUnconditionally 0 -> -1
2022-08-03 01:56:17,055 [pool-335-thread-1] INFO  server.RaftServerConfigKeys (ConfUtils.java:logGet(46)) - raft.server.snapshot.auto.trigger.enabled = true (custom)
2022-08-03 01:56:17,055 [pool-335-thread-1] INFO  server.RaftServerConfigKeys (ConfUtils.java:logGet(46)) - raft.server.snapshot.auto.trigger.threshold = 10000 (custom)
2022-08-03 01:56:17,055 [pool-335-thread-1] INFO  server.RaftServerConfigKeys (ConfUtils.java:logGet(46)) - raft.server.snapshot.retention.file.num = 5 (custom)
2022-08-03 01:56:17,056 [pool-335-thread-1] INFO  server.RaftServerConfigKeys (ConfUtils.java:logGet(46)) - raft.server.log.purge.upto.snapshot.index = false (default)
2022-08-03 01:56:17,056 [pool-335-thread-1] INFO  server.RaftServerConfigKeys (ConfUtils.java:logGet(46)) - raft.server.retrycache.expirytime = 600000ms (custom)
2022-08-03 01:56:17,056 [pool-335-thread-1] INFO  server.RaftServerConfigKeys (ConfUtils.java:logGet(46)) - raft.server.retrycache.statistics.expirytime = 100μs (default)
2022-08-03 01:56:17,060 [pool-335-thread-1] INFO  server.RaftServerConfigKeys (ConfUtils.java:logGet(46)) - raft.server.log.appender.install.snapshot.enabled = false (custom)
2022-08-03 01:56:17,060 [pool-335-thread-1] INFO  server.RaftServerConfigKeys (ConfUtils.java:logGet(46)) - raft.server.threadpool.server.cached = true (default)
2022-08-03 01:56:17,060 [pool-335-thread-1] INFO  server.RaftServerConfigKeys (ConfUtils.java:logGet(46)) - raft.server.threadpool.server.size = 0 (default)
2022-08-03 01:56:17,060 [pool-335-thread-1] INFO  server.RaftServerConfigKeys (ConfUtils.java:logGet(46)) - raft.server.threadpool.client.cached = true (default)
2022-08-03 01:56:17,060 [pool-335-thread-1] INFO  server.RaftServerConfigKeys (ConfUtils.java:logGet(46)) - raft.server.threadpool.client.size = 0 (default)
2022-08-03 01:56:17,060 [pool-335-thread-1] INFO  server.RaftServer$Division (RaftServerImpl.java:start(310)) - 29c98487-0277-4cc7-b365-3516e94d97ef@group-A5332DF7F2B4: start as a follower, conf=-1: [26c6a879-3581-43c9-81a3-df00a00fc298|rpc:10.1.0.23:40673|dataStream:|priority:0, 65846ed8-c1ef-45a3-a578-716f347ad6ea|rpc:10.1.0.23:35919|dataStream:|priority:1, 29c98487-0277-4cc7-b365-3516e94d97ef|rpc:10.1.0.23:34985|dataStream:|priority:0], old=null
2022-08-03 01:56:17,060 [pool-335-thread-1] INFO  server.RaftServer$Division (RaftServerImpl.java:setRole(299)) - 29c98487-0277-4cc7-b365-3516e94d97ef@group-A5332DF7F2B4: changes role from      null to FOLLOWER at term 0 for startAsFollower
2022-08-03 01:56:17,061 [IPC Server handler 8 on default port 41709] INFO  net.NetworkTopologyImpl (NetworkTopologyImpl.java:add(112)) - Added a new node: /default-rack/1b479651-b8a4-46b4-ae52-063804f29c2f
2022-08-03 01:56:17,061 [IPC Server handler 8 on default port 41709] INFO  node.SCMNodeManager (SCMNodeManager.java:register(397)) - Registered Data node : 1b479651-b8a4-46b4-ae52-063804f29c2f{ip: 10.1.0.23, host: fv-az199-929.piossgaoozdutex3tpy4bgd4ka.dx.internal.cloudapp.net, ports: [REPLICATION=39705, RATIS=38127, RATIS_ADMIN=38127, RATIS_SERVER=38127, STANDALONE=36679], networkLocation: /default-rack, certSerialId: null, persistedOpState: null, persistedOpStateExpiryEpochSec: 0}
2022-08-03 01:56:17,061 [EventQueue-NewNodeForNewNodeHandler] INFO  pipeline.BackgroundPipelineCreator (BackgroundPipelineCreator.java:notifyEventTriggered(276)) - trigger a one-shot run on RatisPipelineUtilsThread.
2022-08-03 01:56:17,062 [RatisPipelineUtilsThread - 0] INFO  pipeline.RatisPipelineProvider (RatisPipelineProvider.java:lambda$create$0(195)) - Sending CreatePipelineCommand for pipeline:PipelineID=5561b4ba-447c-443c-b225-70274849a91a to datanode:1b479651-b8a4-46b4-ae52-063804f29c2f
2022-08-03 01:56:17,062 [RatisPipelineUtilsThread - 0] INFO  pipeline.PipelineStateManagerImpl (PipelineStateManagerImpl.java:addPipeline(103)) - Created pipeline Pipeline[ Id: 5561b4ba-447c-443c-b225-70274849a91a, Nodes: 1b479651-b8a4-46b4-ae52-063804f29c2f{ip: 10.1.0.23, host: fv-az199-929.piossgaoozdutex3tpy4bgd4ka.dx.internal.cloudapp.net, ports: [REPLICATION=39705, RATIS=38127, RATIS_ADMIN=38127, RATIS_SERVER=38127, STANDALONE=36679], networkLocation: /default-rack, certSerialId: null, persistedOpState: IN_SERVICE, persistedOpStateExpiryEpochSec: 0}, ReplicationConfig: RATIS/ONE, State:ALLOCATED, leaderId:, CreationTimestamp2022-08-03T01:56:17.062Z[Etc/UTC]].
2022-08-03 01:56:17,072 [pool-335-thread-1] INFO  impl.RoleInfo (RoleInfo.java:updateAndGet(139)) - 29c98487-0277-4cc7-b365-3516e94d97ef: start 29c98487-0277-4cc7-b365-3516e94d97ef@group-A5332DF7F2B4-FollowerState
2022-08-03 01:56:17,074 [pool-335-thread-1] INFO  util.JmxRegister (JmxRegister.java:tryRegister(44)) - Successfully registered JMX Bean with object name Ratis:service=RaftServer,group=group-A5332DF7F2B4,id=29c98487-0277-4cc7-b365-3516e94d97ef
2022-08-03 01:56:17,137 [grpc-default-executor-0] INFO  server.RaftServer (RaftServerProxy.java:addNew(96)) - 65846ed8-c1ef-45a3-a578-716f347ad6ea: addNew group-A5332DF7F2B4:[26c6a879-3581-43c9-81a3-df00a00fc298|rpc:10.1.0.23:40673|dataStream:|priority:0, 65846ed8-c1ef-45a3-a578-716f347ad6ea|rpc:10.1.0.23:35919|dataStream:|priority:1, 29c98487-0277-4cc7-b365-3516e94d97ef|rpc:10.1.0.23:34985|dataStream:|priority:0] returns group-A5332DF7F2B4:java.util.concurrent.CompletableFuture@2cc983fc[Not completed]
2022-08-03 01:56:17,137 [pool-358-thread-1] INFO  server.RaftServer$Division (RaftServerImpl.java:<init>(190)) - 65846ed8-c1ef-45a3-a578-716f347ad6ea: new RaftServerImpl for group-A5332DF7F2B4:[26c6a879-3581-43c9-81a3-df00a00fc298|rpc:10.1.0.23:40673|dataStream:|priority:0, 65846ed8-c1ef-45a3-a578-716f347ad6ea|rpc:10.1.0.23:35919|dataStream:|priority:1, 29c98487-0277-4cc7-b365-3516e94d97ef|rpc:10.1.0.23:34985|dataStream:|priority:0] with ContainerStateMachine:uninitialized
2022-08-03 01:56:17,157 [pool-358-thread-1] INFO  server.RaftServerConfigKeys (ConfUtils.java:logGet(46)) - raft.server.rpc.timeout.min = 5s (custom)
2022-08-03 01:56:17,157 [pool-358-thread-1] INFO  server.RaftServerConfigKeys (ConfUtils.java:logGet(46)) - raft.server.rpc.timeout.max = 5200ms (custom)
2022-08-03 01:56:17,157 [pool-358-thread-1] INFO  server.RaftServerConfigKeys (ConfUtils.java:logGet(46)) - raft.server.rpc.sleep.time = 25ms (default)
2022-08-03 01:56:17,157 [pool-358-thread-1] INFO  server.RaftServerConfigKeys (ConfUtils.java:logGet(46)) - raft.server.rpc.slowness.timeout = 300s (custom)
2022-08-03 01:56:17,157 [pool-358-thread-1] INFO  server.RaftServerConfigKeys (ConfUtils.java:logGet(46)) - raft.server.leaderelection.leader.step-down.wait-time = 10s (default)
2022-08-03 01:56:17,157 [pool-358-thread-1] INFO  server.RaftServerConfigKeys (ConfUtils.java:logGet(46)) - raft.server.sleep.deviation.threshold = 300ms (default)
2022-08-03 01:56:17,158 [pool-358-thread-1] INFO  server.RaftServer$Division (ServerState.java:<init>(107)) - 65846ed8-c1ef-45a3-a578-716f347ad6ea@group-A5332DF7F2B4: ConfigurationManager, init=-1: [26c6a879-3581-43c9-81a3-df00a00fc298|rpc:10.1.0.23:40673|dataStream:|priority:0, 65846ed8-c1ef-45a3-a578-716f347ad6ea|rpc:10.1.0.23:35919|dataStream:|priority:1, 29c98487-0277-4cc7-b365-3516e94d97ef|rpc:10.1.0.23:34985|dataStream:|priority:0], old=null, confs=<EMPTY_MAP>
2022-08-03 01:56:17,158 [pool-358-thread-1] INFO  server.RaftServerConfigKeys (ConfUtils.java:logGet(46)) - raft.server.storage.dir = [/home/runner/work/ozone/ozone/hadoop-ozone/integration-test/target/test-dir/MiniOzoneClusterImpl-2b644ed5-ee6e-4744-ab54-d718b8c739bc/datanode-2/data/ratis] (custom)
2022-08-03 01:56:17,158 [pool-358-thread-1] INFO  server.RaftServerConfigKeys (ConfUtils.java:logGet(46)) - raft.server.log.corruption.policy = EXCEPTION (default)
2022-08-03 01:56:17,158 [pool-358-thread-1] INFO  server.RaftServerConfigKeys (ConfUtils.java:logGet(46)) - raft.server.storage.free-space.min = 0MB (=0) (default)
2022-08-03 01:56:17,158 [pool-358-thread-1] INFO  storage.RaftStorageDirectory (RaftStorageDirectoryImpl.java:analyzeStorage(135)) - The storage directory /home/runner/work/ozone/ozone/hadoop-ozone/integration-test/target/test-dir/MiniOzoneClusterImpl-2b644ed5-ee6e-4744-ab54-d718b8c739bc/datanode-2/data/ratis/fb4b05b2-2231-40b1-a748-a5332df7f2b4 does not exist. Creating ...
2022-08-03 01:56:17,162 [pool-358-thread-1] INFO  storage.RaftStorageDirectory (RaftStorageDirectoryImpl.java:tryLock(230)) - Lock on /home/runner/work/ozone/ozone/hadoop-ozone/integration-test/target/test-dir/MiniOzoneClusterImpl-2b644ed5-ee6e-4744-ab54-d718b8c739bc/datanode-2/data/ratis/fb4b05b2-2231-40b1-a748-a5332df7f2b4/in_use.lock acquired by nodename 17687@fv-az199-929
2022-08-03 01:56:17,167 [pool-358-thread-1] INFO  storage.RaftStorage (RaftStorageImpl.java:format(89)) - Storage directory /home/runner/work/ozone/ozone/hadoop-ozone/integration-test/target/test-dir/MiniOzoneClusterImpl-2b644ed5-ee6e-4744-ab54-d718b8c739bc/datanode-2/data/ratis/fb4b05b2-2231-40b1-a748-a5332df7f2b4 has been successfully formatted.
2022-08-03 01:56:17,167 [pool-358-thread-1] INFO  ratis.ContainerStateMachine (ContainerStateMachine.java:loadSnapshot(236)) - group-A5332DF7F2B4: The snapshot info is null. Setting the last applied indexto:(t:0, i:~)
2022-08-03 01:56:17,167 [pool-358-thread-1] INFO  server.RaftServerConfigKeys (ConfUtils.java:logGet(46)) - raft.server.notification.no-leader.timeout = 300s (custom)
2022-08-03 01:56:17,167 [pool-358-thread-1] INFO  server.RaftServerConfigKeys (ConfUtils.java:logGet(46)) - raft.server.log.use.memory = false (default)
2022-08-03 01:56:17,167 [pool-358-thread-1] INFO  server.RaftServerConfigKeys (ConfUtils.java:logGet(46)) - raft.server.log.purge.gap = 1000000 (custom)
2022-08-03 01:56:17,167 [pool-358-thread-1] INFO  server.RaftServerConfigKeys (ConfUtils.java:logGet(46)) - raft.server.log.appender.buffer.byte-limit = 33554432 (custom)
2022-08-03 01:56:17,168 [pool-358-thread-1] INFO  server.RaftServerConfigKeys (ConfUtils.java:logGet(46)) - raft.server.log.statemachine.data.read.timeout = 1000ms (default)
2022-08-03 01:56:17,168 [pool-358-thread-1] INFO  server.RaftServerConfigKeys (ConfUtils.java:logGet(46)) - raft.server.log.segment.size.max = 1048576 (custom)
2022-08-03 01:56:17,168 [pool-358-thread-1] INFO  server.RaftServerConfigKeys (ConfUtils.java:logGet(46)) - raft.server.log.segment.cache.num.max = 2 (custom)
2022-08-03 01:56:17,168 [pool-358-thread-1] INFO  server.RaftServerConfigKeys (ConfUtils.java:logGet(46)) - raft.server.log.segment.cache.size.max = 200MB (=209715200) (default)
2022-08-03 01:56:17,168 [pool-358-thread-1] INFO  segmented.SegmentedRaftLogWorker (SegmentedRaftLogWorker.java:<init>(187)) - new 65846ed8-c1ef-45a3-a578-716f347ad6ea@group-A5332DF7F2B4-SegmentedRaftLogWorker for RaftStorageImpl:Storage Directory /home/runner/work/ozone/ozone/hadoop-ozone/integration-test/target/test-dir/MiniOzoneClusterImpl-2b644ed5-ee6e-4744-ab54-d718b8c739bc/datanode-2/data/ratis/fb4b05b2-2231-40b1-a748-a5332df7f2b4
2022-08-03 01:56:17,169 [pool-358-thread-1] INFO  server.RaftServerConfigKeys (ConfUtils.java:logGet(46)) - raft.server.log.queue.byte-limit = 4294967296 (custom)
2022-08-03 01:56:17,169 [pool-358-thread-1] INFO  server.RaftServerConfigKeys (ConfUtils.java:logGet(46)) - raft.server.log.queue.element-limit = 1024 (custom)
2022-08-03 01:56:17,169 [pool-358-thread-1] INFO  server.RaftServerConfigKeys (ConfUtils.java:logGet(46)) - raft.server.log.segment.size.max = 1048576 (custom)
2022-08-03 01:56:17,169 [pool-358-thread-1] INFO  server.RaftServerConfigKeys (ConfUtils.java:logGet(46)) - raft.server.log.preallocated.size = 16384 (custom)
2022-08-03 01:56:17,169 [pool-358-thread-1] INFO  server.RaftServerConfigKeys (ConfUtils.java:logGet(46)) - raft.server.log.force.sync.num = 128 (default)
2022-08-03 01:56:17,169 [pool-358-thread-1] INFO  server.RaftServerConfigKeys (ConfUtils.java:logGet(46)) - raft.server.log.statemachine.data.sync = true (default)
2022-08-03 01:56:17,169 [pool-358-thread-1] INFO  server.RaftServerConfigKeys (ConfUtils.java:logGet(46)) - raft.server.log.statemachine.data.sync.timeout = 10s (default)
2022-08-03 01:56:17,169 [pool-358-thread-1] INFO  server.RaftServerConfigKeys (ConfUtils.java:logGet(46)) - raft.server.log.statemachine.data.sync.timeout.retry = -1 (default)
2022-08-03 01:56:17,170 [pool-358-thread-1] INFO  server.RaftServerConfigKeys (ConfUtils.java:logGet(46)) - raft.server.log.write.buffer.size = 1048576 (custom)
2022-08-03 01:56:17,171 [pool-358-thread-1] INFO  server.RaftServerConfigKeys (ConfUtils.java:logGet(46)) - raft.server.log.unsafe-flush.enabled = false (default)
2022-08-03 01:56:17,171 [pool-358-thread-1] INFO  server.RaftServerConfigKeys (ConfUtils.java:logGet(46)) - raft.server.log.statemachine.data.caching.enabled = true (custom)
2022-08-03 01:56:17,171 [pool-358-thread-1] INFO  segmented.SegmentedRaftLogWorker (SegmentedRaftLogWorker.java:lambda$new$0(135)) - 65846ed8-c1ef-45a3-a578-716f347ad6ea@group-A5332DF7F2B4-SegmentedRaftLogWorker: flushIndex: setUnconditionally 0 -> -1
2022-08-03 01:56:17,171 [pool-358-thread-1] INFO  segmented.SegmentedRaftLogWorker (SegmentedRaftLogWorker.java:lambda$new$0(135)) - 65846ed8-c1ef-45a3-a578-716f347ad6ea@group-A5332DF7F2B4-SegmentedRaftLogWorker: safeCacheEvictIndex: setUnconditionally 0 -> -1
2022-08-03 01:56:17,172 [pool-358-thread-1] INFO  server.RaftServerConfigKeys (ConfUtils.java:logGet(46)) - raft.server.snapshot.auto.trigger.enabled = true (custom)
2022-08-03 01:56:17,172 [pool-358-thread-1] INFO  server.RaftServerConfigKeys (ConfUtils.java:logGet(46)) - raft.server.snapshot.auto.trigger.threshold = 10000 (custom)
2022-08-03 01:56:17,172 [pool-358-thread-1] INFO  server.RaftServerConfigKeys (ConfUtils.java:logGet(46)) - raft.server.snapshot.retention.file.num = 5 (custom)
2022-08-03 01:56:17,172 [pool-358-thread-1] INFO  server.RaftServerConfigKeys (ConfUtils.java:logGet(46)) - raft.server.log.purge.upto.snapshot.index = false (default)
2022-08-03 01:56:17,172 [pool-358-thread-1] INFO  server.RaftServerConfigKeys (ConfUtils.java:logGet(46)) - raft.server.retrycache.expirytime = 600000ms (custom)
2022-08-03 01:56:17,172 [pool-358-thread-1] INFO  server.RaftServerConfigKeys (ConfUtils.java:logGet(46)) - raft.server.retrycache.statistics.expirytime = 100μs (default)
2022-08-03 01:56:17,173 [pool-358-thread-1] INFO  server.RaftServerConfigKeys (ConfUtils.java:logGet(46)) - raft.server.log.appender.install.snapshot.enabled = false (custom)
2022-08-03 01:56:17,173 [pool-358-thread-1] INFO  server.RaftServerConfigKeys (ConfUtils.java:logGet(46)) - raft.server.threadpool.server.cached = true (default)
2022-08-03 01:56:17,173 [pool-358-thread-1] INFO  server.RaftServerConfigKeys (ConfUtils.java:logGet(46)) - raft.server.threadpool.server.size = 0 (default)
2022-08-03 01:56:17,173 [pool-358-thread-1] INFO  server.RaftServerConfigKeys (ConfUtils.java:logGet(46)) - raft.server.threadpool.client.cached = true (default)
2022-08-03 01:56:17,174 [pool-358-thread-1] INFO  server.RaftServerConfigKeys (ConfUtils.java:logGet(46)) - raft.server.threadpool.client.size = 0 (default)
2022-08-03 01:56:17,174 [pool-358-thread-1] INFO  server.RaftServer$Division (RaftServerImpl.java:start(310)) - 65846ed8-c1ef-45a3-a578-716f347ad6ea@group-A5332DF7F2B4: start as a follower, conf=-1: [26c6a879-3581-43c9-81a3-df00a00fc298|rpc:10.1.0.23:40673|dataStream:|priority:0, 65846ed8-c1ef-45a3-a578-716f347ad6ea|rpc:10.1.0.23:35919|dataStream:|priority:1, 29c98487-0277-4cc7-b365-3516e94d97ef|rpc:10.1.0.23:34985|dataStream:|priority:0], old=null
2022-08-03 01:56:17,174 [pool-358-thread-1] INFO  server.RaftServer$Division (RaftServerImpl.java:setRole(299)) - 65846ed8-c1ef-45a3-a578-716f347ad6ea@group-A5332DF7F2B4: changes role from      null to FOLLOWER at term 0 for startAsFollower
2022-08-03 01:56:17,174 [pool-358-thread-1] INFO  impl.RoleInfo (RoleInfo.java:updateAndGet(139)) - 65846ed8-c1ef-45a3-a578-716f347ad6ea: start 65846ed8-c1ef-45a3-a578-716f347ad6ea@group-A5332DF7F2B4-FollowerState
2022-08-03 01:56:17,176 [pool-358-thread-1] INFO  util.JmxRegister (JmxRegister.java:tryRegister(44)) - Successfully registered JMX Bean with object name Ratis:service=RaftServer,group=group-A5332DF7F2B4,id=65846ed8-c1ef-45a3-a578-716f347ad6ea
2022-08-03 01:56:17,199 [Command processor thread] INFO  commandhandler.CreatePipelineCommandHandler (CreatePipelineCommandHandler.java:handle(113)) - Created Pipeline RATIS THREE PipelineID=fb4b05b2-2231-40b1-a748-a5332df7f2b4.
2022-08-03 01:56:17,440 [Command processor thread] INFO  server.RaftServer (RaftServerProxy.java:addNew(96)) - 29c98487-0277-4cc7-b365-3516e94d97ef: addNew group-2AE7C871DE56:[29c98487-0277-4cc7-b365-3516e94d97ef|rpc:10.1.0.23:34985|priority:1] returns group-2AE7C871DE56:java.util.concurrent.CompletableFuture@39c351b1[Not completed]
2022-08-03 01:56:17,442 [pool-335-thread-1] INFO  server.RaftServer$Division (RaftServerImpl.java:<init>(190)) - 29c98487-0277-4cc7-b365-3516e94d97ef: new RaftServerImpl for group-2AE7C871DE56:[29c98487-0277-4cc7-b365-3516e94d97ef|rpc:10.1.0.23:34985|priority:1] with ContainerStateMachine:uninitialized
2022-08-03 01:56:17,442 [pool-335-thread-1] INFO  server.RaftServerConfigKeys (ConfUtils.java:logGet(46)) - raft.server.rpc.timeout.min = 5s (custom)
2022-08-03 01:56:17,442 [pool-335-thread-1] INFO  server.RaftServerConfigKeys (ConfUtils.java:logGet(46)) - raft.server.rpc.timeout.max = 5200ms (custom)
2022-08-03 01:56:17,442 [pool-335-thread-1] INFO  server.RaftServerConfigKeys (ConfUtils.java:logGet(46)) - raft.server.rpc.sleep.time = 25ms (default)
2022-08-03 01:56:17,444 [pool-335-thread-1] INFO  server.RaftServerConfigKeys (ConfUtils.java:logGet(46)) - raft.server.rpc.slowness.timeout = 300s (custom)
2022-08-03 01:56:17,444 [pool-335-thread-1] INFO  server.RaftServerConfigKeys (ConfUtils.java:logGet(46)) - raft.server.leaderelection.leader.step-down.wait-time = 10s (default)
2022-08-03 01:56:17,444 [pool-335-thread-1] INFO  server.RaftServerConfigKeys (ConfUtils.java:logGet(46)) - raft.server.sleep.deviation.threshold = 300ms (default)
2022-08-03 01:56:17,445 [pool-335-thread-1] INFO  server.RaftServer$Division (ServerState.java:<init>(107)) - 29c98487-0277-4cc7-b365-3516e94d97ef@group-2AE7C871DE56: ConfigurationManager, init=-1: [29c98487-0277-4cc7-b365-3516e94d97ef|rpc:10.1.0.23:34985|priority:1], old=null, confs=<EMPTY_MAP>
2022-08-03 01:56:17,445 [pool-335-thread-1] INFO  server.RaftServerConfigKeys (ConfUtils.java:logGet(46)) - raft.server.storage.dir = [/home/runner/work/ozone/ozone/hadoop-ozone/integration-test/target/test-dir/MiniOzoneClusterImpl-2b644ed5-ee6e-4744-ab54-d718b8c739bc/datanode-1/data/ratis] (custom)
2022-08-03 01:56:17,445 [pool-335-thread-1] INFO  server.RaftServerConfigKeys (ConfUtils.java:logGet(46)) - raft.server.log.corruption.policy = EXCEPTION (default)
2022-08-03 01:56:17,445 [pool-335-thread-1] INFO  server.RaftServerConfigKeys (ConfUtils.java:logGet(46)) - raft.server.storage.free-space.min = 0MB (=0) (default)
2022-08-03 01:56:17,445 [pool-335-thread-1] INFO  storage.RaftStorageDirectory (RaftStorageDirectoryImpl.java:analyzeStorage(135)) - The storage directory /home/runner/work/ozone/ozone/hadoop-ozone/integration-test/target/test-dir/MiniOzoneClusterImpl-2b644ed5-ee6e-4744-ab54-d718b8c739bc/datanode-1/data/ratis/ad83bbba-08ad-48d7-b226-2ae7c871de56 does not exist. Creating ...
2022-08-03 01:56:17,452 [pool-335-thread-1] INFO  storage.RaftStorageDirectory (RaftStorageDirectoryImpl.java:tryLock(230)) - Lock on /home/runner/work/ozone/ozone/hadoop-ozone/integration-test/target/test-dir/MiniOzoneClusterImpl-2b644ed5-ee6e-4744-ab54-d718b8c739bc/datanode-1/data/ratis/ad83bbba-08ad-48d7-b226-2ae7c871de56/in_use.lock acquired by nodename 17687@fv-az199-929
2022-08-03 01:56:17,454 [pool-335-thread-1] INFO  storage.RaftStorage (RaftStorageImpl.java:format(89)) - Storage directory /home/runner/work/ozone/ozone/hadoop-ozone/integration-test/target/test-dir/MiniOzoneClusterImpl-2b644ed5-ee6e-4744-ab54-d718b8c739bc/datanode-1/data/ratis/ad83bbba-08ad-48d7-b226-2ae7c871de56 has been successfully formatted.
2022-08-03 01:56:17,454 [pool-335-thread-1] INFO  ratis.ContainerStateMachine (ContainerStateMachine.java:loadSnapshot(236)) - group-2AE7C871DE56: The snapshot info is null. Setting the last applied indexto:(t:0, i:~)
2022-08-03 01:56:17,454 [pool-335-thread-1] INFO  server.RaftServerConfigKeys (ConfUtils.java:logGet(46)) - raft.server.notification.no-leader.timeout = 300s (custom)
2022-08-03 01:56:17,454 [pool-335-thread-1] INFO  server.RaftServerConfigKeys (ConfUtils.java:logGet(46)) - raft.server.log.use.memory = false (default)
2022-08-03 01:56:17,454 [pool-335-thread-1] INFO  server.RaftServerConfigKeys (ConfUtils.java:logGet(46)) - raft.server.log.purge.gap = 1000000 (custom)
2022-08-03 01:56:17,454 [pool-335-thread-1] INFO  server.RaftServerConfigKeys (ConfUtils.java:logGet(46)) - raft.server.log.appender.buffer.byte-limit = 33554432 (custom)
2022-08-03 01:56:17,454 [pool-335-thread-1] INFO  server.RaftServerConfigKeys (ConfUtils.java:logGet(46)) - raft.server.log.statemachine.data.read.timeout = 1000ms (default)
2022-08-03 01:56:17,454 [pool-335-thread-1] INFO  server.RaftServerConfigKeys (ConfUtils.java:logGet(46)) - raft.server.log.segment.size.max = 1048576 (custom)
2022-08-03 01:56:17,456 [EventQueue-PipelineReportForPipelineReportHandler] INFO  pipeline.PipelineManagerImpl (PipelineManagerImpl.java:openPipeline(367)) - Pipeline Pipeline[ Id: ad83bbba-08ad-48d7-b226-2ae7c871de56, Nodes: 29c98487-0277-4cc7-b365-3516e94d97ef{ip: 10.1.0.23, host: fv-az199-929.piossgaoozdutex3tpy4bgd4ka.dx.internal.cloudapp.net, ports: [REPLICATION=42537, RATIS=34985, RATIS_ADMIN=34985, RATIS_SERVER=34985, STANDALONE=33077], networkLocation: /default-rack, certSerialId: null, persistedOpState: IN_SERVICE, persistedOpStateExpiryEpochSec: 0}, ReplicationConfig: RATIS/ONE, State:ALLOCATED, leaderId:29c98487-0277-4cc7-b365-3516e94d97ef, CreationTimestamp2022-08-03T01:56:14.457Z[Etc/UTC]] moved to OPEN state
2022-08-03 01:56:17,457 [EventQueue-OpenPipelineForHealthyPipelineSafeModeRule] INFO  safemode.SCMSafeModeManager (HealthyPipelineSafeModeRule.java:process(137)) - SCM in safe mode. Healthy pipelines reported count is 0, required healthy pipeline reported count is 1
2022-08-03 01:56:17,458 [pool-335-thread-1] INFO  server.RaftServerConfigKeys (ConfUtils.java:logGet(46)) - raft.server.log.segment.cache.num.max = 2 (custom)
2022-08-03 01:56:17,480 [pool-335-thread-1] INFO  server.RaftServerConfigKeys (ConfUtils.java:logGet(46)) - raft.server.log.segment.cache.size.max = 200MB (=209715200) (default)
2022-08-03 01:56:17,481 [pool-335-thread-1] INFO  segmented.SegmentedRaftLogWorker (SegmentedRaftLogWorker.java:<init>(187)) - new 29c98487-0277-4cc7-b365-3516e94d97ef@group-2AE7C871DE56-SegmentedRaftLogWorker for RaftStorageImpl:Storage Directory /home/runner/work/ozone/ozone/hadoop-ozone/integration-test/target/test-dir/MiniOzoneClusterImpl-2b644ed5-ee6e-4744-ab54-d718b8c739bc/datanode-1/data/ratis/ad83bbba-08ad-48d7-b226-2ae7c871de56
2022-08-03 01:56:17,481 [pool-335-thread-1] INFO  server.RaftServerConfigKeys (ConfUtils.java:logGet(46)) - raft.server.log.queue.byte-limit = 4294967296 (custom)
2022-08-03 01:56:17,481 [pool-335-thread-1] INFO  server.RaftServerConfigKeys (ConfUtils.java:logGet(46)) - raft.server.log.queue.element-limit = 1024 (custom)
2022-08-03 01:56:17,481 [pool-335-thread-1] INFO  server.RaftServerConfigKeys (ConfUtils.java:logGet(46)) - raft.server.log.segment.size.max = 1048576 (custom)
2022-08-03 01:56:17,481 [pool-335-thread-1] INFO  server.RaftServerConfigKeys (ConfUtils.java:logGet(46)) - raft.server.log.preallocated.size = 16384 (custom)
2022-08-03 01:56:17,481 [pool-335-thread-1] INFO  server.RaftServerConfigKeys (ConfUtils.java:logGet(46)) - raft.server.log.force.sync.num = 128 (default)
2022-08-03 01:56:17,481 [pool-335-thread-1] INFO  server.RaftServerConfigKeys (ConfUtils.java:logGet(46)) - raft.server.log.statemachine.data.sync = true (default)
2022-08-03 01:56:17,483 [pool-335-thread-1] INFO  server.RaftServerConfigKeys (ConfUtils.java:logGet(46)) - raft.server.log.statemachine.data.sync.timeout = 10s (default)
2022-08-03 01:56:17,483 [pool-335-thread-1] INFO  server.RaftServerConfigKeys (ConfUtils.java:logGet(46)) - raft.server.log.statemachine.data.sync.timeout.retry = -1 (default)
2022-08-03 01:56:17,484 [pool-335-thread-1] INFO  server.RaftServerConfigKeys (ConfUtils.java:logGet(46)) - raft.server.log.write.buffer.size = 1048576 (custom)
2022-08-03 01:56:17,484 [pool-335-thread-1] INFO  server.RaftServerConfigKeys (ConfUtils.java:logGet(46)) - raft.server.log.unsafe-flush.enabled = false (default)
2022-08-03 01:56:17,484 [pool-335-thread-1] INFO  server.RaftServerConfigKeys (ConfUtils.java:logGet(46)) - raft.server.log.statemachine.data.caching.enabled = true (custom)
2022-08-03 01:56:17,485 [pool-335-thread-1] INFO  segmented.SegmentedRaftLogWorker (SegmentedRaftLogWorker.java:lambda$new$0(135)) - 29c98487-0277-4cc7-b365-3516e94d97ef@group-2AE7C871DE56-SegmentedRaftLogWorker: flushIndex: setUnconditionally 0 -> -1
2022-08-03 01:56:17,485 [pool-335-thread-1] INFO  segmented.SegmentedRaftLogWorker (SegmentedRaftLogWorker.java:lambda$new$0(135)) - 29c98487-0277-4cc7-b365-3516e94d97ef@group-2AE7C871DE56-SegmentedRaftLogWorker: safeCacheEvictIndex: setUnconditionally 0 -> -1
2022-08-03 01:56:17,493 [pool-335-thread-1] INFO  server.RaftServerConfigKeys (ConfUtils.java:logGet(46)) - raft.server.snapshot.auto.trigger.enabled = true (custom)
2022-08-03 01:56:17,493 [pool-335-thread-1] INFO  server.RaftServerConfigKeys (ConfUtils.java:logGet(46)) - raft.server.snapshot.auto.trigger.threshold = 10000 (custom)
2022-08-03 01:56:17,493 [pool-335-thread-1] INFO  server.RaftServerConfigKeys (ConfUtils.java:logGet(46)) - raft.server.snapshot.retention.file.num = 5 (custom)
2022-08-03 01:56:17,493 [pool-335-thread-1] INFO  server.RaftServerConfigKeys (ConfUtils.java:logGet(46)) - raft.server.log.purge.upto.snapshot.index = false (default)
2022-08-03 01:56:17,493 [pool-335-thread-1] INFO  server.RaftServerConfigKeys (ConfUtils.java:logGet(46)) - raft.server.retrycache.expirytime = 600000ms (custom)
2022-08-03 01:56:17,493 [pool-335-thread-1] INFO  server.RaftServerConfigKeys (ConfUtils.java:logGet(46)) - raft.server.retrycache.statistics.expirytime = 100μs (default)
2022-08-03 01:56:17,495 [pool-335-thread-1] INFO  server.RaftServerConfigKeys (ConfUtils.java:logGet(46)) - raft.server.log.appender.install.snapshot.enabled = false (custom)
2022-08-03 01:56:17,495 [pool-335-thread-1] INFO  server.RaftServerConfigKeys (ConfUtils.java:logGet(46)) - raft.server.threadpool.server.cached = true (default)
2022-08-03 01:56:17,495 [pool-335-thread-1] INFO  server.RaftServerConfigKeys (ConfUtils.java:logGet(46)) - raft.server.threadpool.server.size = 0 (default)
2022-08-03 01:56:17,495 [pool-335-thread-1] INFO  server.RaftServerConfigKeys (ConfUtils.java:logGet(46)) - raft.server.threadpool.client.cached = true (default)
2022-08-03 01:56:17,495 [pool-335-thread-1] INFO  server.RaftServerConfigKeys (ConfUtils.java:logGet(46)) - raft.server.threadpool.client.size = 0 (default)
2022-08-03 01:56:17,495 [pool-335-thread-1] INFO  server.RaftServer$Division (RaftServerImpl.java:start(310)) - 29c98487-0277-4cc7-b365-3516e94d97ef@group-2AE7C871DE56: start as a follower, conf=-1: [29c98487-0277-4cc7-b365-3516e94d97ef|rpc:10.1.0.23:34985|priority:1], old=null
2022-08-03 01:56:17,495 [pool-335-thread-1] INFO  server.RaftServer$Division (RaftServerImpl.java:setRole(299)) - 29c98487-0277-4cc7-b365-3516e94d97ef@group-2AE7C871DE56: changes role from      null to FOLLOWER at term 0 for startAsFollower
2022-08-03 01:56:17,495 [pool-335-thread-1] INFO  impl.RoleInfo (RoleInfo.java:updateAndGet(139)) - 29c98487-0277-4cc7-b365-3516e94d97ef: start 29c98487-0277-4cc7-b365-3516e94d97ef@group-2AE7C871DE56-FollowerState
2022-08-03 01:56:17,508 [pool-335-thread-1] INFO  util.JmxRegister (JmxRegister.java:tryRegister(44)) - Successfully registered JMX Bean with object name Ratis:service=RaftServer,group=group-2AE7C871DE56,id=29c98487-0277-4cc7-b365-3516e94d97ef
2022-08-03 01:56:17,512 [Command processor thread] INFO  ratis.XceiverServerRatis (XceiverServerRatis.java:addGroup(765)) - Created group PipelineID=ad83bbba-08ad-48d7-b226-2ae7c871de56
2022-08-03 01:56:17,513 [Command processor thread] INFO  commandhandler.CreatePipelineCommandHandler (CreatePipelineCommandHandler.java:handle(113)) - Created Pipeline RATIS ONE PipelineID=ad83bbba-08ad-48d7-b226-2ae7c871de56.
2022-08-03 01:56:17,986 [Listener at 127.0.0.1/44107] INFO  ozone.MiniOzoneClusterImpl (MiniOzoneClusterImpl.java:lambda$waitForClusterToBeReady$0(216)) - Nodes are ready. Got 5 of 5 DN Heartbeats.
2022-08-03 01:56:17,987 [Listener at 127.0.0.1/44107] INFO  ozone.MiniOzoneClusterImpl (MiniOzoneClusterImpl.java:lambda$waitForClusterToBeReady$0(219)) - Waiting for cluster to exit safe mode
2022-08-03 01:56:17,987 [Listener at 127.0.0.1/44107] INFO  ozone.MiniOzoneClusterImpl (MiniOzoneClusterImpl.java:lambda$waitForClusterToBeReady$0(221)) - SCM became leader
2022-08-03 01:56:18,132 [Command processor thread] INFO  server.RaftServer (RaftServerProxy.java:addNew(96)) - 65846ed8-c1ef-45a3-a578-716f347ad6ea: addNew group-13F69EAE892F:[65846ed8-c1ef-45a3-a578-716f347ad6ea|rpc:10.1.0.23:35919|priority:1] returns group-13F69EAE892F:java.util.concurrent.CompletableFuture@64b49a49[Not completed]
2022-08-03 01:56:18,133 [pool-358-thread-1] INFO  server.RaftServer$Division (RaftServerImpl.java:<init>(190)) - 65846ed8-c1ef-45a3-a578-716f347ad6ea: new RaftServerImpl for group-13F69EAE892F:[65846ed8-c1ef-45a3-a578-716f347ad6ea|rpc:10.1.0.23:35919|priority:1] with ContainerStateMachine:uninitialized
2022-08-03 01:56:18,135 [pool-358-thread-1] INFO  server.RaftServerConfigKeys (ConfUtils.java:logGet(46)) - raft.server.rpc.timeout.min = 5s (custom)
2022-08-03 01:56:18,135 [pool-358-thread-1] INFO  server.RaftServerConfigKeys (ConfUtils.java:logGet(46)) - raft.server.rpc.timeout.max = 5200ms (custom)
2022-08-03 01:56:18,135 [pool-358-thread-1] INFO  server.RaftServerConfigKeys (ConfUtils.java:logGet(46)) - raft.server.rpc.sleep.time = 25ms (default)
2022-08-03 01:56:18,135 [pool-358-thread-1] INFO  server.RaftServerConfigKeys (ConfUtils.java:logGet(46)) - raft.server.rpc.slowness.timeout = 300s (custom)
2022-08-03 01:56:18,135 [pool-358-thread-1] INFO  server.RaftServerConfigKeys (ConfUtils.java:logGet(46)) - raft.server.leaderelection.leader.step-down.wait-time = 10s (default)
2022-08-03 01:56:18,135 [pool-358-thread-1] INFO  server.RaftServerConfigKeys (ConfUtils.java:logGet(46)) - raft.server.sleep.deviation.threshold = 300ms (default)
2022-08-03 01:56:18,135 [pool-358-thread-1] INFO  server.RaftServer$Division (ServerState.java:<init>(107)) - 65846ed8-c1ef-45a3-a578-716f347ad6ea@group-13F69EAE892F: ConfigurationManager, init=-1: [65846ed8-c1ef-45a3-a578-716f347ad6ea|rpc:10.1.0.23:35919|priority:1], old=null, confs=<EMPTY_MAP>
2022-08-03 01:56:18,135 [pool-358-thread-1] INFO  server.RaftServerConfigKeys (ConfUtils.java:logGet(46)) - raft.server.storage.dir = [/home/runner/work/ozone/ozone/hadoop-ozone/integration-test/target/test-dir/MiniOzoneClusterImpl-2b644ed5-ee6e-4744-ab54-d718b8c739bc/datanode-2/data/ratis] (custom)
2022-08-03 01:56:18,135 [pool-358-thread-1] INFO  server.RaftServerConfigKeys (ConfUtils.java:logGet(46)) - raft.server.log.corruption.policy = EXCEPTION (default)
2022-08-03 01:56:18,135 [pool-358-thread-1] INFO  server.RaftServerConfigKeys (ConfUtils.java:logGet(46)) - raft.server.storage.free-space.min = 0MB (=0) (default)
2022-08-03 01:56:18,136 [pool-358-thread-1] INFO  storage.RaftStorageDirectory (RaftStorageDirectoryImpl.java:analyzeStorage(135)) - The storage directory /home/runner/work/ozone/ozone/hadoop-ozone/integration-test/target/test-dir/MiniOzoneClusterImpl-2b644ed5-ee6e-4744-ab54-d718b8c739bc/datanode-2/data/ratis/f00433d6-e3cb-4caf-9307-13f69eae892f does not exist. Creating ...
2022-08-03 01:56:18,140 [pool-358-thread-1] INFO  storage.RaftStorageDirectory (RaftStorageDirectoryImpl.java:tryLock(230)) - Lock on /home/runner/work/ozone/ozone/hadoop-ozone/integration-test/target/test-dir/MiniOzoneClusterImpl-2b644ed5-ee6e-4744-ab54-d718b8c739bc/datanode-2/data/ratis/f00433d6-e3cb-4caf-9307-13f69eae892f/in_use.lock acquired by nodename 17687@fv-az199-929
2022-08-03 01:56:18,148 [pool-358-thread-1] INFO  storage.RaftStorage (RaftStorageImpl.java:format(89)) - Storage directory /home/runner/work/ozone/ozone/hadoop-ozone/integration-test/target/test-dir/MiniOzoneClusterImpl-2b644ed5-ee6e-4744-ab54-d718b8c739bc/datanode-2/data/ratis/f00433d6-e3cb-4caf-9307-13f69eae892f has been successfully formatted.
2022-08-03 01:56:18,148 [pool-358-thread-1] INFO  ratis.ContainerStateMachine (ContainerStateMachine.java:loadSnapshot(236)) - group-13F69EAE892F: The snapshot info is null. Setting the last applied indexto:(t:0, i:~)
2022-08-03 01:56:18,148 [pool-358-thread-1] INFO  server.RaftServerConfigKeys (ConfUtils.java:logGet(46)) - raft.server.notification.no-leader.timeout = 300s (custom)
2022-08-03 01:56:18,148 [pool-358-thread-1] INFO  server.RaftServerConfigKeys (ConfUtils.java:logGet(46)) - raft.server.log.use.memory = false (default)
2022-08-03 01:56:18,148 [pool-358-thread-1] INFO  server.RaftServerConfigKeys (ConfUtils.java:logGet(46)) - raft.server.log.purge.gap = 1000000 (custom)
2022-08-03 01:56:18,148 [pool-358-thread-1] INFO  server.RaftServerConfigKeys (ConfUtils.java:logGet(46)) - raft.server.log.appender.buffer.byte-limit = 33554432 (custom)
2022-08-03 01:56:18,148 [pool-358-thread-1] INFO  server.RaftServerConfigKeys (ConfUtils.java:logGet(46)) - raft.server.log.statemachine.data.read.timeout = 1000ms (default)
2022-08-03 01:56:18,149 [pool-358-thread-1] INFO  server.RaftServerConfigKeys (ConfUtils.java:logGet(46)) - raft.server.log.segment.size.max = 1048576 (custom)
2022-08-03 01:56:18,149 [EventQueue-PipelineReportForPipelineReportHandler] INFO  pipeline.PipelineManagerImpl (PipelineManagerImpl.java:openPipeline(367)) - Pipeline Pipeline[ Id: f00433d6-e3cb-4caf-9307-13f69eae892f, Nodes: 65846ed8-c1ef-45a3-a578-716f347ad6ea{ip: 10.1.0.23, host: fv-az199-929.piossgaoozdutex3tpy4bgd4ka.dx.internal.cloudapp.net, ports: [REPLICATION=33619, RATIS=35919, RATIS_ADMIN=35919, RATIS_SERVER=35919, STANDALONE=42143], networkLocation: /default-rack, certSerialId: null, persistedOpState: IN_SERVICE, persistedOpStateExpiryEpochSec: 0}, ReplicationConfig: RATIS/ONE, State:ALLOCATED, leaderId:65846ed8-c1ef-45a3-a578-716f347ad6ea, CreationTimestamp2022-08-03T01:56:15.134Z[Etc/UTC]] moved to OPEN state
2022-08-03 01:56:18,150 [EventQueue-OpenPipelineForHealthyPipelineSafeModeRule] INFO  safemode.SCMSafeModeManager (HealthyPipelineSafeModeRule.java:process(137)) - SCM in safe mode. Healthy pipelines reported count is 0, required healthy pipeline reported count is 1
2022-08-03 01:56:18,153 [pool-358-thread-1] INFO  server.RaftServerConfigKeys (ConfUtils.java:logGet(46)) - raft.server.log.segment.cache.num.max = 2 (custom)
2022-08-03 01:56:18,160 [pool-358-thread-1] INFO  server.RaftServerConfigKeys (ConfUtils.java:logGet(46)) - raft.server.log.segment.cache.size.max = 200MB (=209715200) (default)
2022-08-03 01:56:18,160 [pool-358-thread-1] INFO  segmented.SegmentedRaftLogWorker (SegmentedRaftLogWorker.java:<init>(187)) - new 65846ed8-c1ef-45a3-a578-716f347ad6ea@group-13F69EAE892F-SegmentedRaftLogWorker for RaftStorageImpl:Storage Directory /home/runner/work/ozone/ozone/hadoop-ozone/integration-test/target/test-dir/MiniOzoneClusterImpl-2b644ed5-ee6e-4744-ab54-d718b8c739bc/datanode-2/data/ratis/f00433d6-e3cb-4caf-9307-13f69eae892f
2022-08-03 01:56:18,160 [pool-358-thread-1] INFO  server.RaftServerConfigKeys (ConfUtils.java:logGet(46)) - raft.server.log.queue.byte-limit = 4294967296 (custom)
2022-08-03 01:56:18,161 [pool-358-thread-1] INFO  server.RaftServerConfigKeys (ConfUtils.java:logGet(46)) - raft.server.log.queue.element-limit = 1024 (custom)
2022-08-03 01:56:18,161 [pool-358-thread-1] INFO  server.RaftServerConfigKeys (ConfUtils.java:logGet(46)) - raft.server.log.segment.size.max = 1048576 (custom)
2022-08-03 01:56:18,161 [pool-358-thread-1] INFO  server.RaftServerConfigKeys (ConfUtils.java:logGet(46)) - raft.server.log.preallocated.size = 16384 (custom)
2022-08-03 01:56:18,161 [pool-358-thread-1] INFO  server.RaftServerConfigKeys (ConfUtils.java:logGet(46)) - raft.server.log.force.sync.num = 128 (default)
2022-08-03 01:56:18,161 [pool-358-thread-1] INFO  server.RaftServerConfigKeys (ConfUtils.java:logGet(46)) - raft.server.log.statemachine.data.sync = true (default)
2022-08-03 01:56:18,161 [pool-358-thread-1] INFO  server.RaftServerConfigKeys (ConfUtils.java:logGet(46)) - raft.server.log.statemachine.data.sync.timeout = 10s (default)
2022-08-03 01:56:18,161 [pool-358-thread-1] INFO  server.RaftServerConfigKeys (ConfUtils.java:logGet(46)) - raft.server.log.statemachine.data.sync.timeout.retry = -1 (default)
2022-08-03 01:56:18,162 [pool-358-thread-1] INFO  server.RaftServerConfigKeys (ConfUtils.java:logGet(46)) - raft.server.log.write.buffer.size = 1048576 (custom)
2022-08-03 01:56:18,162 [pool-358-thread-1] INFO  server.RaftServerConfigKeys (ConfUtils.java:logGet(46)) - raft.server.log.unsafe-flush.enabled = false (default)
2022-08-03 01:56:18,163 [pool-358-thread-1] INFO  server.RaftServerConfigKeys (ConfUtils.java:logGet(46)) - raft.server.log.statemachine.data.caching.enabled = true (custom)
2022-08-03 01:56:18,163 [pool-358-thread-1] INFO  segmented.SegmentedRaftLogWorker (SegmentedRaftLogWorker.java:lambda$new$0(135)) - 65846ed8-c1ef-45a3-a578-716f347ad6ea@group-13F69EAE892F-SegmentedRaftLogWorker: flushIndex: setUnconditionally 0 -> -1
2022-08-03 01:56:18,163 [pool-358-thread-1] INFO  segmented.SegmentedRaftLogWorker (SegmentedRaftLogWorker.java:lambda$new$0(135)) - 65846ed8-c1ef-45a3-a578-716f347ad6ea@group-13F69EAE892F-SegmentedRaftLogWorker: safeCacheEvictIndex: setUnconditionally 0 -> -1
2022-08-03 01:56:18,168 [pool-358-thread-1] INFO  server.RaftServerConfigKeys (ConfUtils.java:logGet(46)) - raft.server.snapshot.auto.trigger.enabled = true (custom)
2022-08-03 01:56:18,168 [pool-358-thread-1] INFO  server.RaftServerConfigKeys (ConfUtils.java:logGet(46)) - raft.server.snapshot.auto.trigger.threshold = 10000 (custom)
2022-08-03 01:56:18,169 [pool-358-thread-1] INFO  server.RaftServerConfigKeys (ConfUtils.java:logGet(46)) - raft.server.snapshot.retention.file.num = 5 (custom)
2022-08-03 01:56:18,169 [pool-358-thread-1] INFO  server.RaftServerConfigKeys (ConfUtils.java:logGet(46)) - raft.server.log.purge.upto.snapshot.index = false (default)
2022-08-03 01:56:18,169 [pool-358-thread-1] INFO  server.RaftServerConfigKeys (ConfUtils.java:logGet(46)) - raft.server.retrycache.expirytime = 600000ms (custom)
2022-08-03 01:56:18,169 [pool-358-thread-1] INFO  server.RaftServerConfigKeys (ConfUtils.java:logGet(46)) - raft.server.retrycache.statistics.expirytime = 100μs (default)
2022-08-03 01:56:18,404 [pool-358-thread-1] INFO  server.RaftServerConfigKeys (ConfUtils.java:logGet(46)) - raft.server.log.appender.install.snapshot.enabled = false (custom)
2022-08-03 01:56:18,404 [pool-358-thread-1] INFO  server.RaftServerConfigKeys (ConfUtils.java:logGet(46)) - raft.server.threadpool.server.cached = true (default)
2022-08-03 01:56:18,404 [pool-358-thread-1] INFO  server.RaftServerConfigKeys (ConfUtils.java:logGet(46)) - raft.server.threadpool.server.size = 0 (default)
2022-08-03 01:56:18,404 [pool-358-thread-1] INFO  server.RaftServerConfigKeys (ConfUtils.java:logGet(46)) - raft.server.threadpool.client.cached = true (default)
2022-08-03 01:56:18,405 [pool-358-thread-1] INFO  server.RaftServerConfigKeys (ConfUtils.java:logGet(46)) - raft.server.threadpool.client.size = 0 (default)
2022-08-03 01:56:18,405 [pool-358-thread-1] INFO  server.RaftServer$Division (RaftServerImpl.java:start(310)) - 65846ed8-c1ef-45a3-a578-716f347ad6ea@group-13F69EAE892F: start as a follower, conf=-1: [65846ed8-c1ef-45a3-a578-716f347ad6ea|rpc:10.1.0.23:35919|priority:1], old=null
2022-08-03 01:56:18,405 [pool-358-thread-1] INFO  server.RaftServer$Division (RaftServerImpl.java:setRole(299)) - 65846ed8-c1ef-45a3-a578-716f347ad6ea@group-13F69EAE892F: changes role from      null to FOLLOWER at term 0 for startAsFollower
2022-08-03 01:56:18,408 [pool-358-thread-1] INFO  impl.RoleInfo (RoleInfo.java:updateAndGet(139)) - 65846ed8-c1ef-45a3-a578-716f347ad6ea: start 65846ed8-c1ef-45a3-a578-716f347ad6ea@group-13F69EAE892F-FollowerState
2022-08-03 01:56:18,409 [org.apache.ratis.util.JvmPauseMonitor$$Lambda$631/606875044@25906f05] WARN  util.JvmPauseMonitor (JvmPauseMonitor.java:detectPause(124)) - JvmPauseMonitor-65846ed8-c1ef-45a3-a578-716f347ad6ea: Detected pause in JVM or host machine (eg GC): pause of approximately 100742972ns.
GC pool 'PS MarkSweep' had collection(s): count=1 time=207ms
GC pool 'PS Scavenge' had collection(s): count=1 time=19ms
2022-08-03 01:56:18,409 [pool-358-thread-1] INFO  util.JmxRegister (JmxRegister.java:tryRegister(44)) - Successfully registered JMX Bean with object name Ratis:service=RaftServer,group=group-13F69EAE892F,id=65846ed8-c1ef-45a3-a578-716f347ad6ea
2022-08-03 01:56:18,410 [Command processor thread] INFO  ratis.XceiverServerRatis (XceiverServerRatis.java:addGroup(765)) - Created group PipelineID=f00433d6-e3cb-4caf-9307-13f69eae892f
2022-08-03 01:56:18,410 [Command processor thread] INFO  commandhandler.CreatePipelineCommandHandler (CreatePipelineCommandHandler.java:handle(113)) - Created Pipeline RATIS ONE PipelineID=f00433d6-e3cb-4caf-9307-13f69eae892f.
2022-08-03 01:56:18,410 [org.apache.ratis.util.JvmPauseMonitor$$Lambda$631/606875044@196a6fb6] WARN  util.JvmPauseMonitor (JvmPauseMonitor.java:detectPause(124)) - JvmPauseMonitor-26c6a879-3581-43c9-81a3-df00a00fc298: Detected pause in JVM or host machine (eg GC): pause of approximately 201143436ns.
GC pool 'PS MarkSweep' had collection(s): count=1 time=207ms
GC pool 'PS Scavenge' had collection(s): count=1 time=19ms
2022-08-03 01:56:18,410 [org.apache.ratis.util.JvmPauseMonitor$$Lambda$631/606875044@3c869b9b] WARN  util.JvmPauseMonitor (JvmPauseMonitor.java:detectPause(124)) - JvmPauseMonitor-1b479651-b8a4-46b4-ae52-063804f29c2f: Detected pause in JVM or host machine (eg GC): pause of approximately 217808029ns.
GC pool 'PS MarkSweep' had collection(s): count=1 time=207ms
GC pool 'PS Scavenge' had collection(s): count=1 time=19ms
2022-08-03 01:56:18,417 [org.apache.ratis.util.JvmPauseMonitor$$Lambda$631/606875044@4e44e7f4] WARN  util.JvmPauseMonitor (JvmPauseMonitor.java:detectPause(124)) - JvmPauseMonitor-73b28cf0-c51f-4d11-bb7e-73efbde6eb98: Detected pause in JVM or host machine (eg GC): pause of approximately 247353296ns.
GC pool 'PS MarkSweep' had collection(s): count=1 time=207ms
GC pool 'PS Scavenge' had collection(s): count=1 time=19ms
2022-08-03 01:56:18,987 [Listener at 127.0.0.1/44107] INFO  ozone.MiniOzoneClusterImpl (MiniOzoneClusterImpl.java:lambda$waitForClusterToBeReady$0(216)) - Nodes are ready. Got 5 of 5 DN Heartbeats.
2022-08-03 01:56:18,987 [Listener at 127.0.0.1/44107] INFO  ozone.MiniOzoneClusterImpl (MiniOzoneClusterImpl.java:lambda$waitForClusterToBeReady$0(219)) - Waiting for cluster to exit safe mode
2022-08-03 01:56:18,987 [Listener at 127.0.0.1/44107] INFO  ozone.MiniOzoneClusterImpl (MiniOzoneClusterImpl.java:lambda$waitForClusterToBeReady$0(221)) - SCM became leader
2022-08-03 01:56:19,065 [Command processor thread] INFO  server.RaftServer (RaftServerProxy.java:addNew(96)) - 73b28cf0-c51f-4d11-bb7e-73efbde6eb98: addNew group-927D109E829E:[73b28cf0-c51f-4d11-bb7e-73efbde6eb98|rpc:10.1.0.23:35273|priority:1] returns group-927D109E829E:java.util.concurrent.CompletableFuture@3a882fb3[Not completed]
2022-08-03 01:56:19,067 [pool-381-thread-1] INFO  server.RaftServer$Division (RaftServerImpl.java:<init>(190)) - 73b28cf0-c51f-4d11-bb7e-73efbde6eb98: new RaftServerImpl for group-927D109E829E:[73b28cf0-c51f-4d11-bb7e-73efbde6eb98|rpc:10.1.0.23:35273|priority:1] with ContainerStateMachine:uninitialized
2022-08-03 01:56:19,067 [pool-381-thread-1] INFO  server.RaftServerConfigKeys (ConfUtils.java:logGet(46)) - raft.server.rpc.timeout.min = 5s (custom)
2022-08-03 01:56:19,067 [pool-381-thread-1] INFO  server.RaftServerConfigKeys (ConfUtils.java:logGet(46)) - raft.server.rpc.timeout.max = 5200ms (custom)
2022-08-03 01:56:19,067 [pool-381-thread-1] INFO  server.RaftServerConfigKeys (ConfUtils.java:logGet(46)) - raft.server.rpc.sleep.time = 25ms (default)
2022-08-03 01:56:19,067 [pool-381-thread-1] INFO  server.RaftServerConfigKeys (ConfUtils.java:logGet(46)) - raft.server.rpc.slowness.timeout = 300s (custom)
2022-08-03 01:56:19,067 [pool-381-thread-1] INFO  server.RaftServerConfigKeys (ConfUtils.java:logGet(46)) - raft.server.leaderelection.leader.step-down.wait-time = 10s (default)
2022-08-03 01:56:19,067 [pool-381-thread-1] INFO  server.RaftServerConfigKeys (ConfUtils.java:logGet(46)) - raft.server.sleep.deviation.threshold = 300ms (default)
2022-08-03 01:56:19,067 [pool-381-thread-1] INFO  server.RaftServer$Division (ServerState.java:<init>(107)) - 73b28cf0-c51f-4d11-bb7e-73efbde6eb98@group-927D109E829E: ConfigurationManager, init=-1: [73b28cf0-c51f-4d11-bb7e-73efbde6eb98|rpc:10.1.0.23:35273|priority:1], old=null, confs=<EMPTY_MAP>
2022-08-03 01:56:19,068 [pool-381-thread-1] INFO  server.RaftServerConfigKeys (ConfUtils.java:logGet(46)) - raft.server.storage.dir = [/home/runner/work/ozone/ozone/hadoop-ozone/integration-test/target/test-dir/MiniOzoneClusterImpl-2b644ed5-ee6e-4744-ab54-d718b8c739bc/datanode-3/data/ratis] (custom)
2022-08-03 01:56:19,068 [pool-381-thread-1] INFO  server.RaftServerConfigKeys (ConfUtils.java:logGet(46)) - raft.server.log.corruption.policy = EXCEPTION (default)
2022-08-03 01:56:19,068 [pool-381-thread-1] INFO  server.RaftServerConfigKeys (ConfUtils.java:logGet(46)) - raft.server.storage.free-space.min = 0MB (=0) (default)
2022-08-03 01:56:19,068 [pool-381-thread-1] INFO  storage.RaftStorageDirectory (RaftStorageDirectoryImpl.java:analyzeStorage(135)) - The storage directory /home/runner/work/ozone/ozone/hadoop-ozone/integration-test/target/test-dir/MiniOzoneClusterImpl-2b644ed5-ee6e-4744-ab54-d718b8c739bc/datanode-3/data/ratis/b5910452-39c1-4631-a8b5-927d109e829e does not exist. Creating ...
2022-08-03 01:56:19,080 [pool-381-thread-1] INFO  storage.RaftStorageDirectory (RaftStorageDirectoryImpl.java:tryLock(230)) - Lock on /home/runner/work/ozone/ozone/hadoop-ozone/integration-test/target/test-dir/MiniOzoneClusterImpl-2b644ed5-ee6e-4744-ab54-d718b8c739bc/datanode-3/data/ratis/b5910452-39c1-4631-a8b5-927d109e829e/in_use.lock acquired by nodename 17687@fv-az199-929
2022-08-03 01:56:19,081 [pool-381-thread-1] INFO  storage.RaftStorage (RaftStorageImpl.java:format(89)) - Storage directory /home/runner/work/ozone/ozone/hadoop-ozone/integration-test/target/test-dir/MiniOzoneClusterImpl-2b644ed5-ee6e-4744-ab54-d718b8c739bc/datanode-3/data/ratis/b5910452-39c1-4631-a8b5-927d109e829e has been successfully formatted.
2022-08-03 01:56:19,084 [pool-381-thread-1] INFO  ratis.ContainerStateMachine (ContainerStateMachine.java:loadSnapshot(236)) - group-927D109E829E: The snapshot info is null. Setting the last applied indexto:(t:0, i:~)
2022-08-03 01:56:19,085 [pool-381-thread-1] INFO  server.RaftServerConfigKeys (ConfUtils.java:logGet(46)) - raft.server.notification.no-leader.timeout = 300s (custom)
2022-08-03 01:56:19,085 [pool-381-thread-1] INFO  server.RaftServerConfigKeys (ConfUtils.java:logGet(46)) - raft.server.log.use.memory = false (default)
2022-08-03 01:56:19,085 [pool-381-thread-1] INFO  server.RaftServerConfigKeys (ConfUtils.java:logGet(46)) - raft.server.log.purge.gap = 1000000 (custom)
2022-08-03 01:56:19,085 [pool-381-thread-1] INFO  server.RaftServerConfigKeys (ConfUtils.java:logGet(46)) - raft.server.log.appender.buffer.byte-limit = 33554432 (custom)
2022-08-03 01:56:19,085 [pool-381-thread-1] INFO  server.RaftServerConfigKeys (ConfUtils.java:logGet(46)) - raft.server.log.statemachine.data.read.timeout = 1000ms (default)
2022-08-03 01:56:19,085 [pool-381-thread-1] INFO  server.RaftServerConfigKeys (ConfUtils.java:logGet(46)) - raft.server.log.segment.size.max = 1048576 (custom)
2022-08-03 01:56:19,086 [pool-381-thread-1] INFO  server.RaftServerConfigKeys (ConfUtils.java:logGet(46)) - raft.server.log.segment.cache.num.max = 2 (custom)
2022-08-03 01:56:19,086 [pool-381-thread-1] INFO  server.RaftServerConfigKeys (ConfUtils.java:logGet(46)) - raft.server.log.segment.cache.size.max = 200MB (=209715200) (default)
2022-08-03 01:56:19,086 [pool-381-thread-1] INFO  segmented.SegmentedRaftLogWorker (SegmentedRaftLogWorker.java:<init>(187)) - new 73b28cf0-c51f-4d11-bb7e-73efbde6eb98@group-927D109E829E-SegmentedRaftLogWorker for RaftStorageImpl:Storage Directory /home/runner/work/ozone/ozone/hadoop-ozone/integration-test/target/test-dir/MiniOzoneClusterImpl-2b644ed5-ee6e-4744-ab54-d718b8c739bc/datanode-3/data/ratis/b5910452-39c1-4631-a8b5-927d109e829e
2022-08-03 01:56:19,086 [pool-381-thread-1] INFO  server.RaftServerConfigKeys (ConfUtils.java:logGet(46)) - raft.server.log.queue.byte-limit = 4294967296 (custom)
2022-08-03 01:56:19,086 [pool-381-thread-1] INFO  server.RaftServerConfigKeys (ConfUtils.java:logGet(46)) - raft.server.log.queue.element-limit = 1024 (custom)
2022-08-03 01:56:19,086 [pool-381-thread-1] INFO  server.RaftServerConfigKeys (ConfUtils.java:logGet(46)) - raft.server.log.segment.size.max = 1048576 (custom)
2022-08-03 01:56:19,086 [pool-381-thread-1] INFO  server.RaftServerConfigKeys (ConfUtils.java:logGet(46)) - raft.server.log.preallocated.size = 16384 (custom)
2022-08-03 01:56:19,086 [pool-381-thread-1] INFO  server.RaftServerConfigKeys (ConfUtils.java:logGet(46)) - raft.server.log.force.sync.num = 128 (default)
2022-08-03 01:56:19,086 [pool-381-thread-1] INFO  server.RaftServerConfigKeys (ConfUtils.java:logGet(46)) - raft.server.log.statemachine.data.sync = true (default)
2022-08-03 01:56:19,086 [pool-381-thread-1] INFO  server.RaftServerConfigKeys (ConfUtils.java:logGet(46)) - raft.server.log.statemachine.data.sync.timeout = 10s (default)
2022-08-03 01:56:19,087 [pool-381-thread-1] INFO  server.RaftServerConfigKeys (ConfUtils.java:logGet(46)) - raft.server.log.statemachine.data.sync.timeout.retry = -1 (default)
2022-08-03 01:56:19,087 [EventQueue-PipelineReportForPipelineReportHandler] INFO  pipeline.PipelineManagerImpl (PipelineManagerImpl.java:openPipeline(367)) - Pipeline Pipeline[ Id: b5910452-39c1-4631-a8b5-927d109e829e, Nodes: 73b28cf0-c51f-4d11-bb7e-73efbde6eb98{ip: 10.1.0.23, host: fv-az199-929.piossgaoozdutex3tpy4bgd4ka.dx.internal.cloudapp.net, ports: [REPLICATION=40329, RATIS=35273, RATIS_ADMIN=35273, RATIS_SERVER=35273, STANDALONE=46837], networkLocation: /default-rack, certSerialId: null, persistedOpState: IN_SERVICE, persistedOpStateExpiryEpochSec: 0}, ReplicationConfig: RATIS/ONE, State:ALLOCATED, leaderId:73b28cf0-c51f-4d11-bb7e-73efbde6eb98, CreationTimestamp2022-08-03T01:56:16.061Z[Etc/UTC]] moved to OPEN state
2022-08-03 01:56:19,088 [pool-381-thread-1] INFO  server.RaftServerConfigKeys (ConfUtils.java:logGet(46)) - raft.server.log.write.buffer.size = 1048576 (custom)
2022-08-03 01:56:19,088 [EventQueue-OpenPipelineForHealthyPipelineSafeModeRule] INFO  safemode.SCMSafeModeManager (HealthyPipelineSafeModeRule.java:process(137)) - SCM in safe mode. Healthy pipelines reported count is 0, required healthy pipeline reported count is 1
2022-08-03 01:56:19,089 [pool-381-thread-1] INFO  server.RaftServerConfigKeys (ConfUtils.java:logGet(46)) - raft.server.log.unsafe-flush.enabled = false (default)
2022-08-03 01:56:19,089 [pool-381-thread-1] INFO  server.RaftServerConfigKeys (ConfUtils.java:logGet(46)) - raft.server.log.statemachine.data.caching.enabled = true (custom)
2022-08-03 01:56:19,089 [pool-381-thread-1] INFO  segmented.SegmentedRaftLogWorker (SegmentedRaftLogWorker.java:lambda$new$0(135)) - 73b28cf0-c51f-4d11-bb7e-73efbde6eb98@group-927D109E829E-SegmentedRaftLogWorker: flushIndex: setUnconditionally 0 -> -1
2022-08-03 01:56:19,089 [pool-381-thread-1] INFO  segmented.SegmentedRaftLogWorker (SegmentedRaftLogWorker.java:lambda$new$0(135)) - 73b28cf0-c51f-4d11-bb7e-73efbde6eb98@group-927D109E829E-SegmentedRaftLogWorker: safeCacheEvictIndex: setUnconditionally 0 -> -1
2022-08-03 01:56:19,089 [pool-381-thread-1] INFO  server.RaftServerConfigKeys (ConfUtils.java:logGet(46)) - raft.server.snapshot.auto.trigger.enabled = true (custom)
2022-08-03 01:56:19,089 [pool-381-thread-1] INFO  server.RaftServerConfigKeys (ConfUtils.java:logGet(46)) - raft.server.snapshot.auto.trigger.threshold = 10000 (custom)
2022-08-03 01:56:19,089 [pool-381-thread-1] INFO  server.RaftServerConfigKeys (ConfUtils.java:logGet(46)) - raft.server.snapshot.retention.file.num = 5 (custom)
2022-08-03 01:56:19,089 [pool-381-thread-1] INFO  server.RaftServerConfigKeys (ConfUtils.java:logGet(46)) - raft.server.log.purge.upto.snapshot.index = false (default)
2022-08-03 01:56:19,089 [pool-381-thread-1] INFO  server.RaftServerConfigKeys (ConfUtils.java:logGet(46)) - raft.server.retrycache.expirytime = 600000ms (custom)
2022-08-03 01:56:19,090 [pool-381-thread-1] INFO  server.RaftServerConfigKeys (ConfUtils.java:logGet(46)) - raft.server.retrycache.statistics.expirytime = 100μs (default)
2022-08-03 01:56:19,091 [pool-381-thread-1] INFO  server.RaftServerConfigKeys (ConfUtils.java:logGet(46)) - raft.server.log.appender.install.snapshot.enabled = false (custom)
2022-08-03 01:56:19,091 [pool-381-thread-1] INFO  server.RaftServerConfigKeys (ConfUtils.java:logGet(46)) - raft.server.threadpool.server.cached = true (default)
2022-08-03 01:56:19,091 [pool-381-thread-1] INFO  server.RaftServerConfigKeys (ConfUtils.java:logGet(46)) - raft.server.threadpool.server.size = 0 (default)
2022-08-03 01:56:19,091 [pool-381-thread-1] INFO  server.RaftServerConfigKeys (ConfUtils.java:logGet(46)) - raft.server.threadpool.client.cached = true (default)
2022-08-03 01:56:19,091 [pool-381-thread-1] INFO  server.RaftServerConfigKeys (ConfUtils.java:logGet(46)) - raft.server.threadpool.client.size = 0 (default)
2022-08-03 01:56:19,091 [pool-381-thread-1] INFO  server.RaftServer$Division (RaftServerImpl.java:start(310)) - 73b28cf0-c51f-4d11-bb7e-73efbde6eb98@group-927D109E829E: start as a follower, conf=-1: [73b28cf0-c51f-4d11-bb7e-73efbde6eb98|rpc:10.1.0.23:35273|priority:1], old=null
2022-08-03 01:56:19,091 [pool-381-thread-1] INFO  server.RaftServer$Division (RaftServerImpl.java:setRole(299)) - 73b28cf0-c51f-4d11-bb7e-73efbde6eb98@group-927D109E829E: changes role from      null to FOLLOWER at term 0 for startAsFollower
2022-08-03 01:56:19,091 [pool-381-thread-1] INFO  impl.RoleInfo (RoleInfo.java:updateAndGet(139)) - 73b28cf0-c51f-4d11-bb7e-73efbde6eb98: start 73b28cf0-c51f-4d11-bb7e-73efbde6eb98@group-927D109E829E-FollowerState
2022-08-03 01:56:19,093 [pool-381-thread-1] INFO  util.JmxRegister (JmxRegister.java:tryRegister(44)) - Successfully registered JMX Bean with object name Ratis:service=RaftServer,group=group-927D109E829E,id=73b28cf0-c51f-4d11-bb7e-73efbde6eb98
2022-08-03 01:56:19,107 [Command processor thread] INFO  ratis.XceiverServerRatis (XceiverServerRatis.java:addGroup(765)) - Created group PipelineID=b5910452-39c1-4631-a8b5-927d109e829e
2022-08-03 01:56:19,107 [Command processor thread] INFO  commandhandler.CreatePipelineCommandHandler (CreatePipelineCommandHandler.java:handle(113)) - Created Pipeline RATIS ONE PipelineID=b5910452-39c1-4631-a8b5-927d109e829e.
2022-08-03 01:56:19,988 [Listener at 127.0.0.1/44107] INFO  ozone.MiniOzoneClusterImpl (MiniOzoneClusterImpl.java:lambda$waitForClusterToBeReady$0(216)) - Nodes are ready. Got 5 of 5 DN Heartbeats.
2022-08-03 01:56:19,988 [Listener at 127.0.0.1/44107] INFO  ozone.MiniOzoneClusterImpl (MiniOzoneClusterImpl.java:lambda$waitForClusterToBeReady$0(219)) - Waiting for cluster to exit safe mode
2022-08-03 01:56:19,988 [Listener at 127.0.0.1/44107] INFO  ozone.MiniOzoneClusterImpl (MiniOzoneClusterImpl.java:lambda$waitForClusterToBeReady$0(221)) - SCM became leader
2022-08-03 01:56:20,056 [Command processor thread] INFO  server.RaftServer (RaftServerProxy.java:addNew(96)) - 1b479651-b8a4-46b4-ae52-063804f29c2f: addNew group-70274849A91A:[1b479651-b8a4-46b4-ae52-063804f29c2f|rpc:10.1.0.23:38127|priority:1] returns group-70274849A91A:java.util.concurrent.CompletableFuture@384d07a[Not completed]
2022-08-03 01:56:20,073 [pool-409-thread-1] INFO  server.RaftServer$Division (RaftServerImpl.java:<init>(190)) - 1b479651-b8a4-46b4-ae52-063804f29c2f: new RaftServerImpl for group-70274849A91A:[1b479651-b8a4-46b4-ae52-063804f29c2f|rpc:10.1.0.23:38127|priority:1] with ContainerStateMachine:uninitialized
2022-08-03 01:56:20,073 [pool-409-thread-1] INFO  server.RaftServerConfigKeys (ConfUtils.java:logGet(46)) - raft.server.rpc.timeout.min = 5s (custom)
2022-08-03 01:56:20,073 [pool-409-thread-1] INFO  server.RaftServerConfigKeys (ConfUtils.java:logGet(46)) - raft.server.rpc.timeout.max = 5200ms (custom)
2022-08-03 01:56:20,074 [pool-409-thread-1] INFO  server.RaftServerConfigKeys (ConfUtils.java:logGet(46)) - raft.server.rpc.sleep.time = 25ms (default)
2022-08-03 01:56:20,074 [pool-409-thread-1] INFO  server.RaftServerConfigKeys (ConfUtils.java:logGet(46)) - raft.server.rpc.slowness.timeout = 300s (custom)
2022-08-03 01:56:20,074 [pool-409-thread-1] INFO  server.RaftServerConfigKeys (ConfUtils.java:logGet(46)) - raft.server.leaderelection.leader.step-down.wait-time = 10s (default)
2022-08-03 01:56:20,074 [pool-409-thread-1] INFO  server.RaftServerConfigKeys (ConfUtils.java:logGet(46)) - raft.server.sleep.deviation.threshold = 300ms (default)
2022-08-03 01:56:20,074 [pool-409-thread-1] INFO  server.RaftServer$Division (ServerState.java:<init>(107)) - 1b479651-b8a4-46b4-ae52-063804f29c2f@group-70274849A91A: ConfigurationManager, init=-1: [1b479651-b8a4-46b4-ae52-063804f29c2f|rpc:10.1.0.23:38127|priority:1], old=null, confs=<EMPTY_MAP>
2022-08-03 01:56:20,074 [pool-409-thread-1] INFO  server.RaftServerConfigKeys (ConfUtils.java:logGet(46)) - raft.server.storage.dir = [/home/runner/work/ozone/ozone/hadoop-ozone/integration-test/target/test-dir/MiniOzoneClusterImpl-2b644ed5-ee6e-4744-ab54-d718b8c739bc/datanode-4/data/ratis] (custom)
2022-08-03 01:56:20,074 [pool-409-thread-1] INFO  server.RaftServerConfigKeys (ConfUtils.java:logGet(46)) - raft.server.log.corruption.policy = EXCEPTION (default)
2022-08-03 01:56:20,074 [pool-409-thread-1] INFO  server.RaftServerConfigKeys (ConfUtils.java:logGet(46)) - raft.server.storage.free-space.min = 0MB (=0) (default)
2022-08-03 01:56:20,074 [pool-409-thread-1] INFO  storage.RaftStorageDirectory (RaftStorageDirectoryImpl.java:analyzeStorage(135)) - The storage directory /home/runner/work/ozone/ozone/hadoop-ozone/integration-test/target/test-dir/MiniOzoneClusterImpl-2b644ed5-ee6e-4744-ab54-d718b8c739bc/datanode-4/data/ratis/5561b4ba-447c-443c-b225-70274849a91a does not exist. Creating ...
2022-08-03 01:56:20,082 [pool-409-thread-1] INFO  storage.RaftStorageDirectory (RaftStorageDirectoryImpl.java:tryLock(230)) - Lock on /home/runner/work/ozone/ozone/hadoop-ozone/integration-test/target/test-dir/MiniOzoneClusterImpl-2b644ed5-ee6e-4744-ab54-d718b8c739bc/datanode-4/data/ratis/5561b4ba-447c-443c-b225-70274849a91a/in_use.lock acquired by nodename 17687@fv-az199-929
2022-08-03 01:56:20,092 [pool-409-thread-1] INFO  storage.RaftStorage (RaftStorageImpl.java:format(89)) - Storage directory /home/runner/work/ozone/ozone/hadoop-ozone/integration-test/target/test-dir/MiniOzoneClusterImpl-2b644ed5-ee6e-4744-ab54-d718b8c739bc/datanode-4/data/ratis/5561b4ba-447c-443c-b225-70274849a91a has been successfully formatted.
2022-08-03 01:56:20,093 [pool-409-thread-1] INFO  ratis.ContainerStateMachine (ContainerStateMachine.java:loadSnapshot(236)) - group-70274849A91A: The snapshot info is null. Setting the last applied indexto:(t:0, i:~)
2022-08-03 01:56:20,093 [pool-409-thread-1] INFO  server.RaftServerConfigKeys (ConfUtils.java:logGet(46)) - raft.server.notification.no-leader.timeout = 300s (custom)
2022-08-03 01:56:20,093 [pool-409-thread-1] INFO  server.RaftServerConfigKeys (ConfUtils.java:logGet(46)) - raft.server.log.use.memory = false (default)
2022-08-03 01:56:20,094 [pool-409-thread-1] INFO  server.RaftServerConfigKeys (ConfUtils.java:logGet(46)) - raft.server.log.purge.gap = 1000000 (custom)
2022-08-03 01:56:20,094 [pool-409-thread-1] INFO  server.RaftServerConfigKeys (ConfUtils.java:logGet(46)) - raft.server.log.appender.buffer.byte-limit = 33554432 (custom)
2022-08-03 01:56:20,094 [pool-409-thread-1] INFO  server.RaftServerConfigKeys (ConfUtils.java:logGet(46)) - raft.server.log.statemachine.data.read.timeout = 1000ms (default)
2022-08-03 01:56:20,094 [pool-409-thread-1] INFO  server.RaftServerConfigKeys (ConfUtils.java:logGet(46)) - raft.server.log.segment.size.max = 1048576 (custom)
2022-08-03 01:56:20,094 [pool-409-thread-1] INFO  server.RaftServerConfigKeys (ConfUtils.java:logGet(46)) - raft.server.log.segment.cache.num.max = 2 (custom)
2022-08-03 01:56:20,094 [pool-409-thread-1] INFO  server.RaftServerConfigKeys (ConfUtils.java:logGet(46)) - raft.server.log.segment.cache.size.max = 200MB (=209715200) (default)
2022-08-03 01:56:20,095 [pool-409-thread-1] INFO  segmented.SegmentedRaftLogWorker (SegmentedRaftLogWorker.java:<init>(187)) - new 1b479651-b8a4-46b4-ae52-063804f29c2f@group-70274849A91A-SegmentedRaftLogWorker for RaftStorageImpl:Storage Directory /home/runner/work/ozone/ozone/hadoop-ozone/integration-test/target/test-dir/MiniOzoneClusterImpl-2b644ed5-ee6e-4744-ab54-d718b8c739bc/datanode-4/data/ratis/5561b4ba-447c-443c-b225-70274849a91a
2022-08-03 01:56:20,095 [pool-409-thread-1] INFO  server.RaftServerConfigKeys (ConfUtils.java:logGet(46)) - raft.server.log.queue.byte-limit = 4294967296 (custom)
2022-08-03 01:56:20,095 [pool-409-thread-1] INFO  server.RaftServerConfigKeys (ConfUtils.java:logGet(46)) - raft.server.log.queue.element-limit = 1024 (custom)
2022-08-03 01:56:20,095 [pool-409-thread-1] INFO  server.RaftServerConfigKeys (ConfUtils.java:logGet(46)) - raft.server.log.segment.size.max = 1048576 (custom)
2022-08-03 01:56:20,095 [pool-409-thread-1] INFO  server.RaftServerConfigKeys (ConfUtils.java:logGet(46)) - raft.server.log.preallocated.size = 16384 (custom)
2022-08-03 01:56:20,095 [pool-409-thread-1] INFO  server.RaftServerConfigKeys (ConfUtils.java:logGet(46)) - raft.server.log.force.sync.num = 128 (default)
2022-08-03 01:56:20,095 [pool-409-thread-1] INFO  server.RaftServerConfigKeys (ConfUtils.java:logGet(46)) - raft.server.log.statemachine.data.sync = true (default)
2022-08-03 01:56:20,095 [pool-409-thread-1] INFO  server.RaftServerConfigKeys (ConfUtils.java:logGet(46)) - raft.server.log.statemachine.data.sync.timeout = 10s (default)
2022-08-03 01:56:20,095 [pool-409-thread-1] INFO  server.RaftServerConfigKeys (ConfUtils.java:logGet(46)) - raft.server.log.statemachine.data.sync.timeout.retry = -1 (default)
2022-08-03 01:56:20,096 [pool-409-thread-1] INFO  server.RaftServerConfigKeys (ConfUtils.java:logGet(46)) - raft.server.log.write.buffer.size = 1048576 (custom)
2022-08-03 01:56:20,096 [pool-409-thread-1] INFO  server.RaftServerConfigKeys (ConfUtils.java:logGet(46)) - raft.server.log.unsafe-flush.enabled = false (default)
2022-08-03 01:56:20,096 [pool-409-thread-1] INFO  server.RaftServerConfigKeys (ConfUtils.java:logGet(46)) - raft.server.log.statemachine.data.caching.enabled = true (custom)
2022-08-03 01:56:20,096 [pool-409-thread-1] INFO  segmented.SegmentedRaftLogWorker (SegmentedRaftLogWorker.java:lambda$new$0(135)) - 1b479651-b8a4-46b4-ae52-063804f29c2f@group-70274849A91A-SegmentedRaftLogWorker: flushIndex: setUnconditionally 0 -> -1
2022-08-03 01:56:20,097 [pool-409-thread-1] INFO  segmented.SegmentedRaftLogWorker (SegmentedRaftLogWorker.java:lambda$new$0(135)) - 1b479651-b8a4-46b4-ae52-063804f29c2f@group-70274849A91A-SegmentedRaftLogWorker: safeCacheEvictIndex: setUnconditionally 0 -> -1
2022-08-03 01:56:20,097 [pool-409-thread-1] INFO  server.RaftServerConfigKeys (ConfUtils.java:logGet(46)) - raft.server.snapshot.auto.trigger.enabled = true (custom)
2022-08-03 01:56:20,097 [pool-409-thread-1] INFO  server.RaftServerConfigKeys (ConfUtils.java:logGet(46)) - raft.server.snapshot.auto.trigger.threshold = 10000 (custom)
2022-08-03 01:56:20,097 [pool-409-thread-1] INFO  server.RaftServerConfigKeys (ConfUtils.java:logGet(46)) - raft.server.snapshot.retention.file.num = 5 (custom)
2022-08-03 01:56:20,097 [EventQueue-PipelineReportForPipelineReportHandler] INFO  pipeline.PipelineManagerImpl (PipelineManagerImpl.java:openPipeline(367)) - Pipeline Pipeline[ Id: 5561b4ba-447c-443c-b225-70274849a91a, Nodes: 1b479651-b8a4-46b4-ae52-063804f29c2f{ip: 10.1.0.23, host: fv-az199-929.piossgaoozdutex3tpy4bgd4ka.dx.internal.cloudapp.net, ports: [REPLICATION=39705, RATIS=38127, RATIS_ADMIN=38127, RATIS_SERVER=38127, STANDALONE=36679], networkLocation: /default-rack, certSerialId: null, persistedOpState: IN_SERVICE, persistedOpStateExpiryEpochSec: 0}, ReplicationConfig: RATIS/ONE, State:ALLOCATED, leaderId:1b479651-b8a4-46b4-ae52-063804f29c2f, CreationTimestamp2022-08-03T01:56:17.062Z[Etc/UTC]] moved to OPEN state
2022-08-03 01:56:20,097 [pool-409-thread-1] INFO  server.RaftServerConfigKeys (ConfUtils.java:logGet(46)) - raft.server.log.purge.upto.snapshot.index = false (default)
2022-08-03 01:56:20,097 [pool-409-thread-1] INFO  server.RaftServerConfigKeys (ConfUtils.java:logGet(46)) - raft.server.retrycache.expirytime = 600000ms (custom)
2022-08-03 01:56:20,097 [pool-409-thread-1] INFO  server.RaftServerConfigKeys (ConfUtils.java:logGet(46)) - raft.server.retrycache.statistics.expirytime = 100μs (default)
2022-08-03 01:56:20,097 [EventQueue-OpenPipelineForHealthyPipelineSafeModeRule] INFO  safemode.SCMSafeModeManager (HealthyPipelineSafeModeRule.java:process(137)) - SCM in safe mode. Healthy pipelines reported count is 0, required healthy pipeline reported count is 1
2022-08-03 01:56:20,098 [pool-409-thread-1] INFO  server.RaftServerConfigKeys (ConfUtils.java:logGet(46)) - raft.server.log.appender.install.snapshot.enabled = false (custom)
2022-08-03 01:56:20,111 [pool-409-thread-1] INFO  server.RaftServerConfigKeys (ConfUtils.java:logGet(46)) - raft.server.threadpool.server.cached = true (default)
2022-08-03 01:56:20,111 [pool-409-thread-1] INFO  server.RaftServerConfigKeys (ConfUtils.java:logGet(46)) - raft.server.threadpool.server.size = 0 (default)
2022-08-03 01:56:20,111 [pool-409-thread-1] INFO  server.RaftServerConfigKeys (ConfUtils.java:logGet(46)) - raft.server.threadpool.client.cached = true (default)
2022-08-03 01:56:20,112 [pool-409-thread-1] INFO  server.RaftServerConfigKeys (ConfUtils.java:logGet(46)) - raft.server.threadpool.client.size = 0 (default)
2022-08-03 01:56:20,112 [pool-409-thread-1] INFO  server.RaftServer$Division (RaftServerImpl.java:start(310)) - 1b479651-b8a4-46b4-ae52-063804f29c2f@group-70274849A91A: start as a follower, conf=-1: [1b479651-b8a4-46b4-ae52-063804f29c2f|rpc:10.1.0.23:38127|priority:1], old=null
2022-08-03 01:56:20,112 [pool-409-thread-1] INFO  server.RaftServer$Division (RaftServerImpl.java:setRole(299)) - 1b479651-b8a4-46b4-ae52-063804f29c2f@group-70274849A91A: changes role from      null to FOLLOWER at term 0 for startAsFollower
2022-08-03 01:56:20,112 [pool-409-thread-1] INFO  impl.RoleInfo (RoleInfo.java:updateAndGet(139)) - 1b479651-b8a4-46b4-ae52-063804f29c2f: start 1b479651-b8a4-46b4-ae52-063804f29c2f@group-70274849A91A-FollowerState
2022-08-03 01:56:20,113 [pool-409-thread-1] INFO  util.JmxRegister (JmxRegister.java:tryRegister(44)) - Successfully registered JMX Bean with object name Ratis:service=RaftServer,group=group-70274849A91A,id=1b479651-b8a4-46b4-ae52-063804f29c2f
2022-08-03 01:56:20,120 [Command processor thread] INFO  ratis.XceiverServerRatis (XceiverServerRatis.java:addGroup(765)) - Created group PipelineID=5561b4ba-447c-443c-b225-70274849a91a
2022-08-03 01:56:20,120 [Command processor thread] INFO  commandhandler.CreatePipelineCommandHandler (CreatePipelineCommandHandler.java:handle(113)) - Created Pipeline RATIS ONE PipelineID=5561b4ba-447c-443c-b225-70274849a91a.
2022-08-03 01:56:20,988 [Listener at 127.0.0.1/44107] INFO  ozone.MiniOzoneClusterImpl (MiniOzoneClusterImpl.java:lambda$waitForClusterToBeReady$0(216)) - Nodes are ready. Got 5 of 5 DN Heartbeats.
2022-08-03 01:56:20,988 [Listener at 127.0.0.1/44107] INFO  ozone.MiniOzoneClusterImpl (MiniOzoneClusterImpl.java:lambda$waitForClusterToBeReady$0(219)) - Waiting for cluster to exit safe mode
2022-08-03 01:56:20,989 [Listener at 127.0.0.1/44107] INFO  ozone.MiniOzoneClusterImpl (MiniOzoneClusterImpl.java:lambda$waitForClusterToBeReady$0(221)) - SCM became leader
2022-08-03 01:56:21,575 [26c6a879-3581-43c9-81a3-df00a00fc298@group-3F3F2BEB8C5D-FollowerState] INFO  impl.FollowerState (FollowerState.java:run(143)) - 26c6a879-3581-43c9-81a3-df00a00fc298@group-3F3F2BEB8C5D-FollowerState: change to CANDIDATE, lastRpcElapsedTime:5058586498ns, electionTimeout:5057ms
2022-08-03 01:56:21,575 [26c6a879-3581-43c9-81a3-df00a00fc298@group-3F3F2BEB8C5D-FollowerState] INFO  impl.RoleInfo (RoleInfo.java:shutdownFollowerState(110)) - 26c6a879-3581-43c9-81a3-df00a00fc298: shutdown 26c6a879-3581-43c9-81a3-df00a00fc298@group-3F3F2BEB8C5D-FollowerState
2022-08-03 01:56:21,575 [26c6a879-3581-43c9-81a3-df00a00fc298@group-3F3F2BEB8C5D-FollowerState] INFO  server.RaftServer$Division (RaftServerImpl.java:setRole(299)) - 26c6a879-3581-43c9-81a3-df00a00fc298@group-3F3F2BEB8C5D: changes role from  FOLLOWER to CANDIDATE at term 0 for changeToCandidate
2022-08-03 01:56:21,575 [26c6a879-3581-43c9-81a3-df00a00fc298@group-3F3F2BEB8C5D-FollowerState] INFO  server.RaftServerConfigKeys (ConfUtils.java:logGet(46)) - raft.server.leaderelection.pre-vote = false (custom)
2022-08-03 01:56:21,575 [26c6a879-3581-43c9-81a3-df00a00fc298@group-3F3F2BEB8C5D-FollowerState] INFO  impl.RoleInfo (RoleInfo.java:updateAndGet(139)) - 26c6a879-3581-43c9-81a3-df00a00fc298: start 26c6a879-3581-43c9-81a3-df00a00fc298@group-3F3F2BEB8C5D-LeaderElection15
2022-08-03 01:56:21,612 [26c6a879-3581-43c9-81a3-df00a00fc298@group-5F7F5D9E49E1-FollowerState] INFO  impl.FollowerState (FollowerState.java:run(143)) - 26c6a879-3581-43c9-81a3-df00a00fc298@group-5F7F5D9E49E1-FollowerState: change to CANDIDATE, lastRpcElapsedTime:5015220054ns, electionTimeout:5000ms
2022-08-03 01:56:21,613 [26c6a879-3581-43c9-81a3-df00a00fc298@group-5F7F5D9E49E1-FollowerState] INFO  impl.RoleInfo (RoleInfo.java:shutdownFollowerState(110)) - 26c6a879-3581-43c9-81a3-df00a00fc298: shutdown 26c6a879-3581-43c9-81a3-df00a00fc298@group-5F7F5D9E49E1-FollowerState
2022-08-03 01:56:21,613 [26c6a879-3581-43c9-81a3-df00a00fc298@group-5F7F5D9E49E1-FollowerState] INFO  server.RaftServer$Division (RaftServerImpl.java:setRole(299)) - 26c6a879-3581-43c9-81a3-df00a00fc298@group-5F7F5D9E49E1: changes role from  FOLLOWER to CANDIDATE at term 0 for changeToCandidate
2022-08-03 01:56:21,613 [26c6a879-3581-43c9-81a3-df00a00fc298@group-5F7F5D9E49E1-FollowerState] INFO  server.RaftServerConfigKeys (ConfUtils.java:logGet(46)) - raft.server.leaderelection.pre-vote = false (custom)
2022-08-03 01:56:21,613 [26c6a879-3581-43c9-81a3-df00a00fc298@group-5F7F5D9E49E1-FollowerState] INFO  impl.RoleInfo (RoleInfo.java:updateAndGet(139)) - 26c6a879-3581-43c9-81a3-df00a00fc298: start 26c6a879-3581-43c9-81a3-df00a00fc298@group-5F7F5D9E49E1-LeaderElection16
2022-08-03 01:56:21,617 [26c6a879-3581-43c9-81a3-df00a00fc298@group-3F3F2BEB8C5D-LeaderElection15] INFO  impl.LeaderElection (LeaderElection.java:askForVotes(310)) - 26c6a879-3581-43c9-81a3-df00a00fc298@group-3F3F2BEB8C5D-LeaderElection15 ELECTION round 0: submit vote requests at term 1 for -1: [26c6a879-3581-43c9-81a3-df00a00fc298|rpc:10.1.0.23:40673|priority:1], old=null
2022-08-03 01:56:21,617 [26c6a879-3581-43c9-81a3-df00a00fc298@group-3F3F2BEB8C5D-LeaderElection15] INFO  impl.LeaderElection (LeaderElection.java:askForVotes(312)) - 26c6a879-3581-43c9-81a3-df00a00fc298@group-3F3F2BEB8C5D-LeaderElection15 ELECTION round 0: result PASSED (term=1)
2022-08-03 01:56:21,617 [26c6a879-3581-43c9-81a3-df00a00fc298@group-3F3F2BEB8C5D-LeaderElection15] INFO  impl.RoleInfo (RoleInfo.java:shutdownLeaderElection(130)) - 26c6a879-3581-43c9-81a3-df00a00fc298: shutdown 26c6a879-3581-43c9-81a3-df00a00fc298@group-3F3F2BEB8C5D-LeaderElection15
2022-08-03 01:56:21,617 [26c6a879-3581-43c9-81a3-df00a00fc298@group-3F3F2BEB8C5D-LeaderElection15] INFO  server.RaftServer$Division (RaftServerImpl.java:setRole(299)) - 26c6a879-3581-43c9-81a3-df00a00fc298@group-3F3F2BEB8C5D: changes role from CANDIDATE to LEADER at term 1 for changeToLeader
2022-08-03 01:56:21,617 [26c6a879-3581-43c9-81a3-df00a00fc298@group-3F3F2BEB8C5D-LeaderElection15] INFO  ratis.XceiverServerRatis (XceiverServerRatis.java:handleLeaderChangedNotification(863)) - Leader change notification received for group: group-3F3F2BEB8C5D with new leaderId: 26c6a879-3581-43c9-81a3-df00a00fc298
2022-08-03 01:56:21,633 [26c6a879-3581-43c9-81a3-df00a00fc298@group-3F3F2BEB8C5D-LeaderElection15] INFO  server.RaftServer$Division (ServerState.java:setLeader(287)) - 26c6a879-3581-43c9-81a3-df00a00fc298@group-3F3F2BEB8C5D: change Leader from null to 26c6a879-3581-43c9-81a3-df00a00fc298 at term 1 for becomeLeader, leader elected after 5116ms
2022-08-03 01:56:21,634 [26c6a879-3581-43c9-81a3-df00a00fc298@group-3F3F2BEB8C5D-LeaderElection15] INFO  server.RaftServerConfigKeys (ConfUtils.java:logGet(46)) - raft.server.staging.catchup.gap = 1000 (default)
2022-08-03 01:56:21,634 [26c6a879-3581-43c9-81a3-df00a00fc298@group-3F3F2BEB8C5D-LeaderElection15] INFO  server.RaftServerConfigKeys (ConfUtils.java:logGet(46)) - raft.server.write.element-limit = 1024 (custom)
2022-08-03 01:56:21,634 [26c6a879-3581-43c9-81a3-df00a00fc298@group-3F3F2BEB8C5D-LeaderElection15] INFO  server.RaftServerConfigKeys (ConfUtils.java:logGet(46)) - raft.server.write.byte-limit = 1024 M (=1073741824) (custom)
2022-08-03 01:56:21,634 [26c6a879-3581-43c9-81a3-df00a00fc298@group-3F3F2BEB8C5D-LeaderElection15] INFO  server.RaftServerConfigKeys (ConfUtils.java:logGet(46)) - raft.server.watch.timeout = 180s (custom)
2022-08-03 01:56:21,634 [26c6a879-3581-43c9-81a3-df00a00fc298@group-3F3F2BEB8C5D-LeaderElection15] INFO  server.RaftServerConfigKeys (ConfUtils.java:logGet(46)) - raft.server.watch.timeout.denomination = 1s (default)
2022-08-03 01:56:21,634 [26c6a879-3581-43c9-81a3-df00a00fc298@group-3F3F2BEB8C5D-LeaderElection15] INFO  server.RaftServerConfigKeys (ConfUtils.java:logGet(46)) - raft.server.watch.element-limit = 65536 (default)
2022-08-03 01:56:21,635 [26c6a879-3581-43c9-81a3-df00a00fc298@group-3F3F2BEB8C5D-LeaderElection15] INFO  server.RaftServerConfigKeys (ConfUtils.java:logGet(46)) - raft.server.write.element-limit = 1024 (custom)
2022-08-03 01:56:21,635 [26c6a879-3581-43c9-81a3-df00a00fc298@group-3F3F2BEB8C5D-LeaderElection15] INFO  server.RaftServerConfigKeys (ConfUtils.java:logGet(46)) - raft.server.write.follower.gap.ratio.max = -1.0 (default)
2022-08-03 01:56:21,635 [26c6a879-3581-43c9-81a3-df00a00fc298@group-3F3F2BEB8C5D-LeaderElection15] INFO  impl.RoleInfo (RoleInfo.java:updateAndGet(139)) - 26c6a879-3581-43c9-81a3-df00a00fc298: start 26c6a879-3581-43c9-81a3-df00a00fc298@group-3F3F2BEB8C5D-LeaderStateImpl
2022-08-03 01:56:21,635 [26c6a879-3581-43c9-81a3-df00a00fc298@group-3F3F2BEB8C5D-LeaderElection15] INFO  segmented.SegmentedRaftLogWorker (SegmentedRaftLogWorker.java:startLogSegment(425)) - 26c6a879-3581-43c9-81a3-df00a00fc298@group-3F3F2BEB8C5D-SegmentedRaftLogWorker: Starting segment from index:0
2022-08-03 01:56:21,636 [EventQueue-OpenPipelineForHealthyPipelineSafeModeRule] INFO  safemode.SCMSafeModeManager (HealthyPipelineSafeModeRule.java:process(137)) - SCM in safe mode. Healthy pipelines reported count is 0, required healthy pipeline reported count is 1
2022-08-03 01:56:21,645 [26c6a879-3581-43c9-81a3-df00a00fc298@group-3F3F2BEB8C5D-LeaderElection15] INFO  server.RaftServer$Division (ServerState.java:setRaftConf(393)) - 26c6a879-3581-43c9-81a3-df00a00fc298@group-3F3F2BEB8C5D: set configuration 0: [26c6a879-3581-43c9-81a3-df00a00fc298|rpc:10.1.0.23:40673|dataStream:|priority:1], old=null
2022-08-03 01:56:21,656 [26c6a879-3581-43c9-81a3-df00a00fc298@group-5F7F5D9E49E1-LeaderElection16] INFO  impl.LeaderElection (LeaderElection.java:askForVotes(310)) - 26c6a879-3581-43c9-81a3-df00a00fc298@group-5F7F5D9E49E1-LeaderElection16 ELECTION round 0: submit vote requests at term 1 for -1: [26c6a879-3581-43c9-81a3-df00a00fc298|rpc:10.1.0.23:40673|priority:1, 65846ed8-c1ef-45a3-a578-716f347ad6ea|rpc:10.1.0.23:35919|priority:0, 29c98487-0277-4cc7-b365-3516e94d97ef|rpc:10.1.0.23:34985|priority:0], old=null
2022-08-03 01:56:21,668 [26c6a879-3581-43c9-81a3-df00a00fc298@group-3F3F2BEB8C5D-SegmentedRaftLogWorker] INFO  segmented.SegmentedRaftLogWorker (SegmentedRaftLogWorker.java:execute(629)) - 26c6a879-3581-43c9-81a3-df00a00fc298@group-3F3F2BEB8C5D-SegmentedRaftLogWorker: created new log segment /home/runner/work/ozone/ozone/hadoop-ozone/integration-test/target/test-dir/MiniOzoneClusterImpl-2b644ed5-ee6e-4744-ab54-d718b8c739bc/datanode-0/data/ratis/62e6db0f-5563-43bb-92f8-3f3f2beb8c5d/current/log_inprogress_0
2022-08-03 01:56:21,701 [grpc-default-executor-0] INFO  server.RaftServer$Division (RaftServerImpl.java:requestVote(1152)) - 65846ed8-c1ef-45a3-a578-716f347ad6ea@group-5F7F5D9E49E1: receive requestVote(ELECTION, 26c6a879-3581-43c9-81a3-df00a00fc298, group-5F7F5D9E49E1, 1, (t:0, i:0))
2022-08-03 01:56:21,701 [grpc-default-executor-0] INFO  impl.VoteContext (VoteContext.java:log(48)) - 65846ed8-c1ef-45a3-a578-716f347ad6ea@group-5F7F5D9E49E1-FOLLOWER: accept ELECTION from 26c6a879-3581-43c9-81a3-df00a00fc298: our priority 0 <= candidate's priority 1
2022-08-03 01:56:21,701 [grpc-default-executor-0] INFO  server.RaftServer$Division (RaftServerImpl.java:setRole(299)) - 65846ed8-c1ef-45a3-a578-716f347ad6ea@group-5F7F5D9E49E1: changes role from  FOLLOWER to FOLLOWER at term 1 for candidate:26c6a879-3581-43c9-81a3-df00a00fc298
2022-08-03 01:56:21,701 [grpc-default-executor-0] INFO  impl.RoleInfo (RoleInfo.java:shutdownFollowerState(110)) - 65846ed8-c1ef-45a3-a578-716f347ad6ea: shutdown 65846ed8-c1ef-45a3-a578-716f347ad6ea@group-5F7F5D9E49E1-FollowerState
2022-08-03 01:56:21,701 [grpc-default-executor-0] INFO  impl.RoleInfo (RoleInfo.java:updateAndGet(139)) - 65846ed8-c1ef-45a3-a578-716f347ad6ea: start 65846ed8-c1ef-45a3-a578-716f347ad6ea@group-5F7F5D9E49E1-FollowerState
2022-08-03 01:56:21,701 [65846ed8-c1ef-45a3-a578-716f347ad6ea@group-5F7F5D9E49E1-FollowerState] INFO  impl.FollowerState (FollowerState.java:run(152)) - 65846ed8-c1ef-45a3-a578-716f347ad6ea@group-5F7F5D9E49E1-FollowerState was interrupted
2022-08-03 01:56:21,716 [grpc-default-executor-1] INFO  server.RaftServer$Division (RaftServerImpl.java:requestVote(1152)) - 29c98487-0277-4cc7-b365-3516e94d97ef@group-5F7F5D9E49E1: receive requestVote(ELECTION, 26c6a879-3581-43c9-81a3-df00a00fc298, group-5F7F5D9E49E1, 1, (t:0, i:0))
2022-08-03 01:56:21,716 [grpc-default-executor-1] INFO  impl.VoteContext (VoteContext.java:log(48)) - 29c98487-0277-4cc7-b365-3516e94d97ef@group-5F7F5D9E49E1-FOLLOWER: accept ELECTION from 26c6a879-3581-43c9-81a3-df00a00fc298: our priority 0 <= candidate's priority 1
2022-08-03 01:56:21,716 [grpc-default-executor-1] INFO  server.RaftServer$Division (RaftServerImpl.java:setRole(299)) - 29c98487-0277-4cc7-b365-3516e94d97ef@group-5F7F5D9E49E1: changes role from  FOLLOWER to FOLLOWER at term 1 for candidate:26c6a879-3581-43c9-81a3-df00a00fc298
2022-08-03 01:56:21,716 [grpc-default-executor-1] INFO  impl.RoleInfo (RoleInfo.java:shutdownFollowerState(110)) - 29c98487-0277-4cc7-b365-3516e94d97ef: shutdown 29c98487-0277-4cc7-b365-3516e94d97ef@group-5F7F5D9E49E1-FollowerState
2022-08-03 01:56:21,716 [grpc-default-executor-1] INFO  impl.RoleInfo (RoleInfo.java:updateAndGet(139)) - 29c98487-0277-4cc7-b365-3516e94d97ef: start 29c98487-0277-4cc7-b365-3516e94d97ef@group-5F7F5D9E49E1-FollowerState
2022-08-03 01:56:21,716 [29c98487-0277-4cc7-b365-3516e94d97ef@group-5F7F5D9E49E1-FollowerState] INFO  impl.FollowerState (FollowerState.java:run(152)) - 29c98487-0277-4cc7-b365-3516e94d97ef@group-5F7F5D9E49E1-FollowerState was interrupted
2022-08-03 01:56:21,724 [grpc-default-executor-0] INFO  server.RaftServer$Division (RaftServerImpl.java:requestVote(1184)) - 65846ed8-c1ef-45a3-a578-716f347ad6ea@group-5F7F5D9E49E1 replies to ELECTION vote request: 26c6a879-3581-43c9-81a3-df00a00fc298<-65846ed8-c1ef-45a3-a578-716f347ad6ea#0:OK-t1. Peer's state: 65846ed8-c1ef-45a3-a578-716f347ad6ea@group-5F7F5D9E49E1:t1, leader=null, voted=26c6a879-3581-43c9-81a3-df00a00fc298, raftlog=65846ed8-c1ef-45a3-a578-716f347ad6ea@group-5F7F5D9E49E1-SegmentedRaftLog:OPENED:c-1, conf=-1: [26c6a879-3581-43c9-81a3-df00a00fc298|rpc:10.1.0.23:40673|dataStream:|priority:1, 65846ed8-c1ef-45a3-a578-716f347ad6ea|rpc:10.1.0.23:35919|dataStream:|priority:0, 29c98487-0277-4cc7-b365-3516e94d97ef|rpc:10.1.0.23:34985|dataStream:|priority:0], old=null
2022-08-03 01:56:21,746 [grpc-default-executor-1] INFO  server.RaftServer$Division (RaftServerImpl.java:requestVote(1184)) - 29c98487-0277-4cc7-b365-3516e94d97ef@group-5F7F5D9E49E1 replies to ELECTION vote request: 26c6a879-3581-43c9-81a3-df00a00fc298<-29c98487-0277-4cc7-b365-3516e94d97ef#0:OK-t1. Peer's state: 29c98487-0277-4cc7-b365-3516e94d97ef@group-5F7F5D9E49E1:t1, leader=null, voted=26c6a879-3581-43c9-81a3-df00a00fc298, raftlog=29c98487-0277-4cc7-b365-3516e94d97ef@group-5F7F5D9E49E1-SegmentedRaftLog:OPENED:c-1, conf=-1: [26c6a879-3581-43c9-81a3-df00a00fc298|rpc:10.1.0.23:40673|dataStream:|priority:1, 65846ed8-c1ef-45a3-a578-716f347ad6ea|rpc:10.1.0.23:35919|dataStream:|priority:0, 29c98487-0277-4cc7-b365-3516e94d97ef|rpc:10.1.0.23:34985|dataStream:|priority:0], old=null
2022-08-03 01:56:21,750 [26c6a879-3581-43c9-81a3-df00a00fc298@group-5F7F5D9E49E1-LeaderElection16] INFO  impl.LeaderElection (LeaderElection.java:logAndReturn(90)) - 26c6a879-3581-43c9-81a3-df00a00fc298@group-5F7F5D9E49E1-LeaderElection16: ELECTION PASSED received 1 response(s) and 0 exception(s):
2022-08-03 01:56:21,753 [26c6a879-3581-43c9-81a3-df00a00fc298@group-5F7F5D9E49E1-LeaderElection16] INFO  impl.LeaderElection (LeaderElection.java:logAndReturn(94)) -   Response 0: 26c6a879-3581-43c9-81a3-df00a00fc298<-65846ed8-c1ef-45a3-a578-716f347ad6ea#0:OK-t1
2022-08-03 01:56:21,753 [26c6a879-3581-43c9-81a3-df00a00fc298@group-5F7F5D9E49E1-LeaderElection16] INFO  impl.LeaderElection (LeaderElection.java:askForVotes(312)) - 26c6a879-3581-43c9-81a3-df00a00fc298@group-5F7F5D9E49E1-LeaderElection16 ELECTION round 0: result PASSED
2022-08-03 01:56:21,753 [26c6a879-3581-43c9-81a3-df00a00fc298@group-5F7F5D9E49E1-LeaderElection16] INFO  impl.RoleInfo (RoleInfo.java:shutdownLeaderElection(130)) - 26c6a879-3581-43c9-81a3-df00a00fc298: shutdown 26c6a879-3581-43c9-81a3-df00a00fc298@group-5F7F5D9E49E1-LeaderElection16
2022-08-03 01:56:21,753 [26c6a879-3581-43c9-81a3-df00a00fc298@group-5F7F5D9E49E1-LeaderElection16] INFO  server.RaftServer$Division (RaftServerImpl.java:setRole(299)) - 26c6a879-3581-43c9-81a3-df00a00fc298@group-5F7F5D9E49E1: changes role from CANDIDATE to LEADER at term 1 for changeToLeader
2022-08-03 01:56:21,753 [26c6a879-3581-43c9-81a3-df00a00fc298@group-5F7F5D9E49E1-LeaderElection16] INFO  ratis.XceiverServerRatis (XceiverServerRatis.java:handleLeaderChangedNotification(863)) - Leader change notification received for group: group-5F7F5D9E49E1 with new leaderId: 26c6a879-3581-43c9-81a3-df00a00fc298
2022-08-03 01:56:21,753 [26c6a879-3581-43c9-81a3-df00a00fc298@group-5F7F5D9E49E1-LeaderElection16] INFO  server.RaftServer$Division (ServerState.java:setLeader(287)) - 26c6a879-3581-43c9-81a3-df00a00fc298@group-5F7F5D9E49E1: change Leader from null to 26c6a879-3581-43c9-81a3-df00a00fc298 at term 1 for becomeLeader, leader elected after 5173ms
2022-08-03 01:56:21,753 [26c6a879-3581-43c9-81a3-df00a00fc298@group-5F7F5D9E49E1-LeaderElection16] INFO  server.RaftServerConfigKeys (ConfUtils.java:logGet(46)) - raft.server.staging.catchup.gap = 1000 (default)
2022-08-03 01:56:21,754 [26c6a879-3581-43c9-81a3-df00a00fc298@group-5F7F5D9E49E1-LeaderElection16] INFO  server.RaftServerConfigKeys (ConfUtils.java:logGet(46)) - raft.server.write.element-limit = 1024 (custom)
2022-08-03 01:56:21,754 [26c6a879-3581-43c9-81a3-df00a00fc298@group-5F7F5D9E49E1-LeaderElection16] INFO  server.RaftServerConfigKeys (ConfUtils.java:logGet(46)) - raft.server.write.byte-limit = 1024 M (=1073741824) (custom)
2022-08-03 01:56:21,754 [26c6a879-3581-43c9-81a3-df00a00fc298@group-5F7F5D9E49E1-LeaderElection16] INFO  server.RaftServerConfigKeys (ConfUtils.java:logGet(46)) - raft.server.watch.timeout = 180s (custom)
2022-08-03 01:56:21,754 [26c6a879-3581-43c9-81a3-df00a00fc298@group-5F7F5D9E49E1-LeaderElection16] INFO  server.RaftServerConfigKeys (ConfUtils.java:logGet(46)) - raft.server.watch.timeout.denomination = 1s (default)
2022-08-03 01:56:21,754 [26c6a879-3581-43c9-81a3-df00a00fc298@group-5F7F5D9E49E1-LeaderElection16] INFO  server.RaftServerConfigKeys (ConfUtils.java:logGet(46)) - raft.server.watch.element-limit = 65536 (default)
2022-08-03 01:56:21,754 [26c6a879-3581-43c9-81a3-df00a00fc298@group-5F7F5D9E49E1-LeaderElection16] INFO  server.RaftServerConfigKeys (ConfUtils.java:logGet(46)) - raft.server.write.element-limit = 1024 (custom)
2022-08-03 01:56:21,754 [26c6a879-3581-43c9-81a3-df00a00fc298@group-5F7F5D9E49E1-LeaderElection16] INFO  server.RaftServerConfigKeys (ConfUtils.java:logGet(46)) - raft.server.write.follower.gap.ratio.max = -1.0 (default)
2022-08-03 01:56:21,755 [26c6a879-3581-43c9-81a3-df00a00fc298@group-5F7F5D9E49E1-LeaderElection16] INFO  server.RaftServerConfigKeys (ConfUtils.java:logGet(46)) - raft.server.log.appender.snapshot.chunk.size.max = 16MB (=16777216) (default)
2022-08-03 01:56:21,755 [26c6a879-3581-43c9-81a3-df00a00fc298@group-5F7F5D9E49E1-LeaderElection16] INFO  server.RaftServerConfigKeys (ConfUtils.java:logGet(46)) - raft.server.log.appender.buffer.byte-limit = 33554432 (custom)
2022-08-03 01:56:21,755 [26c6a879-3581-43c9-81a3-df00a00fc298@group-5F7F5D9E49E1-LeaderElection16] INFO  server.RaftServerConfigKeys (ConfUtils.java:logGet(46)) - raft.server.log.appender.buffer.element-limit = 1 (custom)
2022-08-03 01:56:21,755 [26c6a879-3581-43c9-81a3-df00a00fc298@group-5F7F5D9E49E1-LeaderElection16] INFO  grpc.GrpcConfigKeys (ConfUtils.java:logGet(46)) - raft.grpc.server.leader.outstanding.appends.max = 128 (default)
2022-08-03 01:56:21,755 [26c6a879-3581-43c9-81a3-df00a00fc298@group-5F7F5D9E49E1-LeaderElection16] INFO  server.RaftServerConfigKeys (ConfUtils.java:logGet(46)) - raft.server.rpc.request.timeout = 60s (custom)
2022-08-03 01:56:21,755 [26c6a879-3581-43c9-81a3-df00a00fc298@group-5F7F5D9E49E1-LeaderElection16] INFO  server.RaftServerConfigKeys (ConfUtils.java:logGet(46)) - raft.server.log.appender.install.snapshot.enabled = false (custom)
2022-08-03 01:56:21,756 [26c6a879-3581-43c9-81a3-df00a00fc298@group-5F7F5D9E49E1-LeaderElection16] INFO  server.RaftServerConfigKeys (ConfUtils.java:logGet(46)) - raft.server.log.appender.snapshot.chunk.size.max = 16MB (=16777216) (default)
2022-08-03 01:56:21,759 [EventQueue-OpenPipelineForHealthyPipelineSafeModeRule] INFO  safemode.SCMSafeModeManager (HealthyPipelineSafeModeRule.java:process(137)) - SCM in safe mode. Healthy pipelines reported count is 0, required healthy pipeline reported count is 1
2022-08-03 01:56:21,759 [EventQueue-PipelineReportForPipelineReportHandler] INFO  pipeline.PipelineManagerImpl (PipelineManagerImpl.java:openPipeline(367)) - Pipeline Pipeline[ Id: f536b2af-04bc-4e6a-b013-5f7f5d9e49e1, Nodes: 29c98487-0277-4cc7-b365-3516e94d97ef{ip: 10.1.0.23, host: fv-az199-929.piossgaoozdutex3tpy4bgd4ka.dx.internal.cloudapp.net, ports: [REPLICATION=42537, RATIS=34985, RATIS_ADMIN=34985, RATIS_SERVER=34985, STANDALONE=33077], networkLocation: /default-rack, certSerialId: null, persistedOpState: IN_SERVICE, persistedOpStateExpiryEpochSec: 0}26c6a879-3581-43c9-81a3-df00a00fc298{ip: 10.1.0.23, host: fv-az199-929.piossgaoozdutex3tpy4bgd4ka.dx.internal.cloudapp.net, ports: [REPLICATION=33909, RATIS=40673, RATIS_ADMIN=40673, RATIS_SERVER=40673, STANDALONE=42961], networkLocation: /default-rack, certSerialId: null, persistedOpState: IN_SERVICE, persistedOpStateExpiryEpochSec: 0}65846ed8-c1ef-45a3-a578-716f347ad6ea{ip: 10.1.0.23, host: fv-az199-929.piossgaoozdutex3tpy4bgd4ka.dx.internal.cloudapp.net, ports: [REPLICATION=33619, RATIS=35919, RATIS_ADMIN=35919, RATIS_SERVER=35919, STANDALONE=42143], networkLocation: /default-rack, certSerialId: null, persistedOpState: IN_SERVICE, persistedOpStateExpiryEpochSec: 0}, ReplicationConfig: RATIS/THREE, State:ALLOCATED, leaderId:26c6a879-3581-43c9-81a3-df00a00fc298, CreationTimestamp2022-08-03T01:56:15.135Z[Etc/UTC]] moved to OPEN state
2022-08-03 01:56:21,775 [EventQueue-OpenPipelineForHealthyPipelineSafeModeRule] INFO  safemode.SCMSafeModeManager (HealthyPipelineSafeModeRule.java:process(137)) - SCM in safe mode. Healthy pipelines reported count is 1, required healthy pipeline reported count is 1
2022-08-03 01:56:21,775 [EventQueue-OpenPipelineForHealthyPipelineSafeModeRule] INFO  safemode.SCMSafeModeManager (SCMSafeModeManager.java:validateSafeModeExitRules(204)) - HealthyPipelineSafeModeRule rule is successfully validated
2022-08-03 01:56:21,775 [EventQueue-OpenPipelineForHealthyPipelineSafeModeRule] INFO  safemode.SCMSafeModeManager (SCMSafeModeManager.java:validateSafeModeExitRules(219)) - ScmSafeModeManager, all rules are successfully validated
2022-08-03 01:56:21,775 [EventQueue-OpenPipelineForHealthyPipelineSafeModeRule] INFO  safemode.SCMSafeModeManager (SCMSafeModeManager.java:exitSafeMode(248)) - SCM exiting safe mode.
2022-08-03 01:56:21,775 [EventQueue-OpenPipelineForHealthyPipelineSafeModeRule] WARN  events.EventQueue (EventQueue.java:fireEvent(216)) - No event handler registered for event TypedEvent{payloadType=SafeModeStatus, name='Safe mode status'}
2022-08-03 01:56:21,775 [EventQueue-OpenPipelineForHealthyPipelineSafeModeRule] INFO  ha.SCMContext (SCMContext.java:updateSafeModeStatus(228)) - Update SafeModeStatus from SafeModeStatus{safeModeStatus=true, preCheckPassed=true} to SafeModeStatus{safeModeStatus=false, preCheckPassed=true}.
2022-08-03 01:56:21,775 [EventQueue-OpenPipelineForHealthyPipelineSafeModeRule] INFO  pipeline.BackgroundPipelineCreator (BackgroundPipelineCreator.java:notifyStatusChanged(254)) - Service BackgroundPipelineCreator transitions to RUNNING.
2022-08-03 01:56:21,775 [EventQueue-OpenPipelineForHealthyPipelineSafeModeRule] INFO  BackgroundPipelineScrubber (BackgroundSCMService.java:notifyStatusChanged(82)) - Service BackgroundPipelineScrubber transitions to RUNNING.
2022-08-03 01:56:21,775 [EventQueue-OpenPipelineForHealthyPipelineSafeModeRule] INFO  ExpiredContainerReplicaOpScrubber (BackgroundSCMService.java:notifyStatusChanged(82)) - Service ExpiredContainerReplicaOpScrubber transitions to RUNNING.
2022-08-03 01:56:21,776 [EventQueue-OpenPipelineForHealthyPipelineSafeModeRule] INFO  UnderReplicatedQueueThread (BackgroundSCMService.java:notifyStatusChanged(82)) - Service UnderReplicatedQueueThread transitions to RUNNING.
2022-08-03 01:56:21,776 [EventQueue-OpenPipelineForHealthyPipelineSafeModeRule] INFO  OverReplicatedQueueThread (BackgroundSCMService.java:notifyStatusChanged(82)) - Service OverReplicatedQueueThread transitions to RUNNING.
2022-08-03 01:56:21,776 [EventQueue-OpenPipelineForHealthyPipelineSafeModeRule] INFO  replication.ReplicationManager (ReplicationManager.java:notifyStatusChanged(642)) - Service ReplicationManager transitions to RUNNING.
2022-08-03 01:56:21,776 [EventQueue-OpenPipelineForHealthyPipelineSafeModeRule] WARN  balancer.ContainerBalancer (ContainerBalancer.java:shouldRun(904)) - Could not find persisted configuration for ContainerBalancer when checking if ContainerBalancer should run. ContainerBalancer should not run now.
2022-08-03 01:56:21,768 [26c6a879-3581-43c9-81a3-df00a00fc298@group-5F7F5D9E49E1-LeaderElection16] INFO  server.RaftServerConfigKeys (ConfUtils.java:logGet(46)) - raft.server.log.appender.buffer.byte-limit = 33554432 (custom)
2022-08-03 01:56:21,777 [26c6a879-3581-43c9-81a3-df00a00fc298@group-5F7F5D9E49E1-LeaderElection16] INFO  server.RaftServerConfigKeys (ConfUtils.java:logGet(46)) - raft.server.log.appender.buffer.element-limit = 1 (custom)
2022-08-03 01:56:21,777 [26c6a879-3581-43c9-81a3-df00a00fc298@group-5F7F5D9E49E1-LeaderElection16] INFO  grpc.GrpcConfigKeys (ConfUtils.java:logGet(46)) - raft.grpc.server.leader.outstanding.appends.max = 128 (default)
2022-08-03 01:56:21,777 [26c6a879-3581-43c9-81a3-df00a00fc298@group-5F7F5D9E49E1-LeaderElection16] INFO  server.RaftServerConfigKeys (ConfUtils.java:logGet(46)) - raft.server.rpc.request.timeout = 60s (custom)
2022-08-03 01:56:21,778 [26c6a879-3581-43c9-81a3-df00a00fc298@group-5F7F5D9E49E1-LeaderElection16] INFO  server.RaftServerConfigKeys (ConfUtils.java:logGet(46)) - raft.server.log.appender.install.snapshot.enabled = false (custom)
2022-08-03 01:56:21,778 [26c6a879-3581-43c9-81a3-df00a00fc298@group-5F7F5D9E49E1-LeaderElection16] INFO  impl.RoleInfo (RoleInfo.java:updateAndGet(139)) - 26c6a879-3581-43c9-81a3-df00a00fc298: start 26c6a879-3581-43c9-81a3-df00a00fc298@group-5F7F5D9E49E1-LeaderStateImpl
2022-08-03 01:56:21,778 [26c6a879-3581-43c9-81a3-df00a00fc298@group-5F7F5D9E49E1-LeaderElection16] INFO  segmented.SegmentedRaftLogWorker (SegmentedRaftLogWorker.java:startLogSegment(425)) - 26c6a879-3581-43c9-81a3-df00a00fc298@group-5F7F5D9E49E1-SegmentedRaftLogWorker: Starting segment from index:0
2022-08-03 01:56:21,789 [26c6a879-3581-43c9-81a3-df00a00fc298@group-5F7F5D9E49E1-LeaderElection16] INFO  server.RaftServer$Division (ServerState.java:setRaftConf(393)) - 26c6a879-3581-43c9-81a3-df00a00fc298@group-5F7F5D9E49E1: set configuration 0: [26c6a879-3581-43c9-81a3-df00a00fc298|rpc:10.1.0.23:40673|dataStream:|priority:1, 65846ed8-c1ef-45a3-a578-716f347ad6ea|rpc:10.1.0.23:35919|dataStream:|priority:0, 29c98487-0277-4cc7-b365-3516e94d97ef|rpc:10.1.0.23:34985|dataStream:|priority:0], old=null
2022-08-03 01:56:21,807 [26c6a879-3581-43c9-81a3-df00a00fc298@group-5F7F5D9E49E1-SegmentedRaftLogWorker] INFO  segmented.SegmentedRaftLogWorker (SegmentedRaftLogWorker.java:execute(629)) - 26c6a879-3581-43c9-81a3-df00a00fc298@group-5F7F5D9E49E1-SegmentedRaftLogWorker: created new log segment /home/runner/work/ozone/ozone/hadoop-ozone/integration-test/target/test-dir/MiniOzoneClusterImpl-2b644ed5-ee6e-4744-ab54-d718b8c739bc/datanode-0/data/ratis/f536b2af-04bc-4e6a-b013-5f7f5d9e49e1/current/log_inprogress_0
2022-08-03 01:56:21,841 [65846ed8-c1ef-45a3-a578-716f347ad6ea-server-thread1] INFO  ratis.XceiverServerRatis (XceiverServerRatis.java:handleLeaderChangedNotification(863)) - Leader change notification received for group: group-5F7F5D9E49E1 with new leaderId: 26c6a879-3581-43c9-81a3-df00a00fc298
2022-08-03 01:56:21,841 [65846ed8-c1ef-45a3-a578-716f347ad6ea-server-thread1] INFO  server.RaftServer$Division (ServerState.java:setLeader(287)) - 65846ed8-c1ef-45a3-a578-716f347ad6ea@group-5F7F5D9E49E1: change Leader from null to 26c6a879-3581-43c9-81a3-df00a00fc298 at term 1 for appendEntries, leader elected after 4947ms
2022-08-03 01:56:21,857 [65846ed8-c1ef-45a3-a578-716f347ad6ea-server-thread1] INFO  server.RaftServer$Division (ServerState.java:setRaftConf(393)) - 65846ed8-c1ef-45a3-a578-716f347ad6ea@group-5F7F5D9E49E1: set configuration 0: [26c6a879-3581-43c9-81a3-df00a00fc298|rpc:10.1.0.23:40673|dataStream:|priority:1, 65846ed8-c1ef-45a3-a578-716f347ad6ea|rpc:10.1.0.23:35919|dataStream:|priority:0, 29c98487-0277-4cc7-b365-3516e94d97ef|rpc:10.1.0.23:34985|dataStream:|priority:0], old=null
2022-08-03 01:56:21,858 [65846ed8-c1ef-45a3-a578-716f347ad6ea-server-thread1] INFO  segmented.SegmentedRaftLogWorker (SegmentedRaftLogWorker.java:startLogSegment(425)) - 65846ed8-c1ef-45a3-a578-716f347ad6ea@group-5F7F5D9E49E1-SegmentedRaftLogWorker: Starting segment from index:0
2022-08-03 01:56:21,877 [65846ed8-c1ef-45a3-a578-716f347ad6ea@group-5F7F5D9E49E1-SegmentedRaftLogWorker] INFO  segmented.SegmentedRaftLogWorker (SegmentedRaftLogWorker.java:execute(629)) - 65846ed8-c1ef-45a3-a578-716f347ad6ea@group-5F7F5D9E49E1-SegmentedRaftLogWorker: created new log segment /home/runner/work/ozone/ozone/hadoop-ozone/integration-test/target/test-dir/MiniOzoneClusterImpl-2b644ed5-ee6e-4744-ab54-d718b8c739bc/datanode-2/data/ratis/f536b2af-04bc-4e6a-b013-5f7f5d9e49e1/current/log_inprogress_0
2022-08-03 01:56:21,918 [29c98487-0277-4cc7-b365-3516e94d97ef-server-thread1] INFO  ratis.XceiverServerRatis (XceiverServerRatis.java:handleLeaderChangedNotification(863)) - Leader change notification received for group: group-5F7F5D9E49E1 with new leaderId: 26c6a879-3581-43c9-81a3-df00a00fc298
2022-08-03 01:56:21,918 [29c98487-0277-4cc7-b365-3516e94d97ef-server-thread1] INFO  server.RaftServer$Division (ServerState.java:setLeader(287)) - 29c98487-0277-4cc7-b365-3516e94d97ef@group-5F7F5D9E49E1: change Leader from null to 26c6a879-3581-43c9-81a3-df00a00fc298 at term 1 for appendEntries, leader elected after 5197ms
2022-08-03 01:56:21,931 [29c98487-0277-4cc7-b365-3516e94d97ef-server-thread1] INFO  server.RaftServer$Division (ServerState.java:setRaftConf(393)) - 29c98487-0277-4cc7-b365-3516e94d97ef@group-5F7F5D9E49E1: set configuration 0: [26c6a879-3581-43c9-81a3-df00a00fc298|rpc:10.1.0.23:40673|dataStream:|priority:1, 65846ed8-c1ef-45a3-a578-716f347ad6ea|rpc:10.1.0.23:35919|dataStream:|priority:0, 29c98487-0277-4cc7-b365-3516e94d97ef|rpc:10.1.0.23:34985|dataStream:|priority:0], old=null
2022-08-03 01:56:21,931 [29c98487-0277-4cc7-b365-3516e94d97ef-server-thread1] INFO  segmented.SegmentedRaftLogWorker (SegmentedRaftLogWorker.java:startLogSegment(425)) - 29c98487-0277-4cc7-b365-3516e94d97ef@group-5F7F5D9E49E1-SegmentedRaftLogWorker: Starting segment from index:0
2022-08-03 01:56:21,940 [29c98487-0277-4cc7-b365-3516e94d97ef@group-5F7F5D9E49E1-SegmentedRaftLogWorker] INFO  segmented.SegmentedRaftLogWorker (SegmentedRaftLogWorker.java:execute(629)) - 29c98487-0277-4cc7-b365-3516e94d97ef@group-5F7F5D9E49E1-SegmentedRaftLogWorker: created new log segment /home/runner/work/ozone/ozone/hadoop-ozone/integration-test/target/test-dir/MiniOzoneClusterImpl-2b644ed5-ee6e-4744-ab54-d718b8c739bc/datanode-1/data/ratis/f536b2af-04bc-4e6a-b013-5f7f5d9e49e1/current/log_inprogress_0
2022-08-03 01:56:21,989 [Listener at 127.0.0.1/44107] INFO  ozone.MiniOzoneClusterImpl (MiniOzoneClusterImpl.java:lambda$waitForClusterToBeReady$0(216)) - Nodes are ready. Got 5 of 5 DN Heartbeats.
2022-08-03 01:56:21,989 [Listener at 127.0.0.1/44107] INFO  ozone.MiniOzoneClusterImpl (MiniOzoneClusterImpl.java:lambda$waitForClusterToBeReady$0(219)) - Cluster exits safe mode
2022-08-03 01:56:21,989 [Listener at 127.0.0.1/44107] INFO  ozone.MiniOzoneClusterImpl (MiniOzoneClusterImpl.java:lambda$waitForClusterToBeReady$0(221)) - SCM became leader
2022-08-03 01:56:21,989 [26c6a879-3581-43c9-81a3-df00a00fc298@group-A5332DF7F2B4-FollowerState] INFO  impl.FollowerState (FollowerState.java:run(143)) - 26c6a879-3581-43c9-81a3-df00a00fc298@group-A5332DF7F2B4-FollowerState: change to CANDIDATE, lastRpcElapsedTime:5002048880ns, electionTimeout:5001ms
2022-08-03 01:56:21,990 [26c6a879-3581-43c9-81a3-df00a00fc298@group-A5332DF7F2B4-FollowerState] INFO  impl.RoleInfo (RoleInfo.java:shutdownFollowerState(110)) - 26c6a879-3581-43c9-81a3-df00a00fc298: shutdown 26c6a879-3581-43c9-81a3-df00a00fc298@group-A5332DF7F2B4-FollowerState
2022-08-03 01:56:21,990 [26c6a879-3581-43c9-81a3-df00a00fc298@group-A5332DF7F2B4-FollowerState] INFO  server.RaftServer$Division (RaftServerImpl.java:setRole(299)) - 26c6a879-3581-43c9-81a3-df00a00fc298@group-A5332DF7F2B4: changes role from  FOLLOWER to CANDIDATE at term 0 for changeToCandidate
2022-08-03 01:56:21,990 [26c6a879-3581-43c9-81a3-df00a00fc298@group-A5332DF7F2B4-FollowerState] INFO  server.RaftServerConfigKeys (ConfUtils.java:logGet(46)) - raft.server.leaderelection.pre-vote = false (custom)
2022-08-03 01:56:21,990 [26c6a879-3581-43c9-81a3-df00a00fc298@group-A5332DF7F2B4-FollowerState] INFO  impl.RoleInfo (RoleInfo.java:updateAndGet(139)) - 26c6a879-3581-43c9-81a3-df00a00fc298: start 26c6a879-3581-43c9-81a3-df00a00fc298@group-A5332DF7F2B4-LeaderElection17
2022-08-03 01:56:22,038 [26c6a879-3581-43c9-81a3-df00a00fc298@group-A5332DF7F2B4-LeaderElection17] INFO  impl.LeaderElection (LeaderElection.java:askForVotes(310)) - 26c6a879-3581-43c9-81a3-df00a00fc298@group-A5332DF7F2B4-LeaderElection17 ELECTION round 0: submit vote requests at term 1 for -1: [26c6a879-3581-43c9-81a3-df00a00fc298|rpc:10.1.0.23:40673|priority:0, 65846ed8-c1ef-45a3-a578-716f347ad6ea|rpc:10.1.0.23:35919|priority:1, 29c98487-0277-4cc7-b365-3516e94d97ef|rpc:10.1.0.23:34985|priority:0], old=null
2022-08-03 01:56:22,058 [grpc-default-executor-0] INFO  server.RaftServer$Division (RaftServerImpl.java:requestVote(1152)) - 65846ed8-c1ef-45a3-a578-716f347ad6ea@group-A5332DF7F2B4: receive requestVote(ELECTION, 26c6a879-3581-43c9-81a3-df00a00fc298, group-A5332DF7F2B4, 1, (t:0, i:0))
2022-08-03 01:56:22,058 [grpc-default-executor-0] INFO  impl.VoteContext (VoteContext.java:log(48)) - 65846ed8-c1ef-45a3-a578-716f347ad6ea@group-A5332DF7F2B4-FOLLOWER: reject ELECTION from 26c6a879-3581-43c9-81a3-df00a00fc298: our priority 1 > candidate's priority 0
2022-08-03 01:56:22,058 [grpc-default-executor-0] INFO  server.RaftServer$Division (RaftServerImpl.java:setRole(299)) - 65846ed8-c1ef-45a3-a578-716f347ad6ea@group-A5332DF7F2B4: changes role from  FOLLOWER to FOLLOWER at term 1 for candidate:26c6a879-3581-43c9-81a3-df00a00fc298
2022-08-03 01:56:22,058 [grpc-default-executor-0] INFO  impl.RoleInfo (RoleInfo.java:shutdownFollowerState(110)) - 65846ed8-c1ef-45a3-a578-716f347ad6ea: shutdown 65846ed8-c1ef-45a3-a578-716f347ad6ea@group-A5332DF7F2B4-FollowerState
2022-08-03 01:56:22,058 [grpc-default-executor-0] INFO  impl.RoleInfo (RoleInfo.java:updateAndGet(139)) - 65846ed8-c1ef-45a3-a578-716f347ad6ea: start 65846ed8-c1ef-45a3-a578-716f347ad6ea@group-A5332DF7F2B4-FollowerState
2022-08-03 01:56:22,058 [65846ed8-c1ef-45a3-a578-716f347ad6ea@group-A5332DF7F2B4-FollowerState] INFO  impl.FollowerState (FollowerState.java:run(152)) - 65846ed8-c1ef-45a3-a578-716f347ad6ea@group-A5332DF7F2B4-FollowerState was interrupted
2022-08-03 01:56:22,066 [grpc-default-executor-0] INFO  server.RaftServer$Division (RaftServerImpl.java:requestVote(1184)) - 65846ed8-c1ef-45a3-a578-716f347ad6ea@group-A5332DF7F2B4 replies to ELECTION vote request: 26c6a879-3581-43c9-81a3-df00a00fc298<-65846ed8-c1ef-45a3-a578-716f347ad6ea#0:FAIL-t1. Peer's state: 65846ed8-c1ef-45a3-a578-716f347ad6ea@group-A5332DF7F2B4:t1, leader=null, voted=null, raftlog=65846ed8-c1ef-45a3-a578-716f347ad6ea@group-A5332DF7F2B4-SegmentedRaftLog:OPENED:c-1, conf=-1: [26c6a879-3581-43c9-81a3-df00a00fc298|rpc:10.1.0.23:40673|dataStream:|priority:0, 65846ed8-c1ef-45a3-a578-716f347ad6ea|rpc:10.1.0.23:35919|dataStream:|priority:1, 29c98487-0277-4cc7-b365-3516e94d97ef|rpc:10.1.0.23:34985|dataStream:|priority:0], old=null
2022-08-03 01:56:22,076 [26c6a879-3581-43c9-81a3-df00a00fc298@group-A5332DF7F2B4-LeaderElection17] INFO  impl.LeaderElection (LeaderElection.java:logAndReturn(90)) - 26c6a879-3581-43c9-81a3-df00a00fc298@group-A5332DF7F2B4-LeaderElection17: ELECTION REJECTED received 1 response(s) and 0 exception(s):
2022-08-03 01:56:22,076 [26c6a879-3581-43c9-81a3-df00a00fc298@group-A5332DF7F2B4-LeaderElection17] INFO  impl.LeaderElection (LeaderElection.java:logAndReturn(94)) -   Response 0: 26c6a879-3581-43c9-81a3-df00a00fc298<-65846ed8-c1ef-45a3-a578-716f347ad6ea#0:FAIL-t1
2022-08-03 01:56:22,076 [26c6a879-3581-43c9-81a3-df00a00fc298@group-A5332DF7F2B4-LeaderElection17] INFO  impl.LeaderElection (LeaderElection.java:askForVotes(312)) - 26c6a879-3581-43c9-81a3-df00a00fc298@group-A5332DF7F2B4-LeaderElection17 ELECTION round 0: result REJECTED
2022-08-03 01:56:22,076 [26c6a879-3581-43c9-81a3-df00a00fc298@group-A5332DF7F2B4-LeaderElection17] INFO  server.RaftServer$Division (RaftServerImpl.java:setRole(299)) - 26c6a879-3581-43c9-81a3-df00a00fc298@group-A5332DF7F2B4: changes role from CANDIDATE to FOLLOWER at term 1 for REJECTED
2022-08-03 01:56:22,076 [26c6a879-3581-43c9-81a3-df00a00fc298@group-A5332DF7F2B4-LeaderElection17] INFO  impl.RoleInfo (RoleInfo.java:shutdownLeaderElection(130)) - 26c6a879-3581-43c9-81a3-df00a00fc298: shutdown 26c6a879-3581-43c9-81a3-df00a00fc298@group-A5332DF7F2B4-LeaderElection17
2022-08-03 01:56:22,076 [26c6a879-3581-43c9-81a3-df00a00fc298@group-A5332DF7F2B4-LeaderElection17] INFO  impl.RoleInfo (RoleInfo.java:updateAndGet(139)) - 26c6a879-3581-43c9-81a3-df00a00fc298: start 26c6a879-3581-43c9-81a3-df00a00fc298@group-A5332DF7F2B4-FollowerState
2022-08-03 01:56:22,090 [grpc-default-executor-0] INFO  server.RaftServer$Division (RaftServerImpl.java:requestVote(1152)) - 29c98487-0277-4cc7-b365-3516e94d97ef@group-A5332DF7F2B4: receive requestVote(ELECTION, 26c6a879-3581-43c9-81a3-df00a00fc298, group-A5332DF7F2B4, 1, (t:0, i:0))
2022-08-03 01:56:22,090 [grpc-default-executor-0] INFO  impl.VoteContext (VoteContext.java:log(48)) - 29c98487-0277-4cc7-b365-3516e94d97ef@group-A5332DF7F2B4-FOLLOWER: accept ELECTION from 26c6a879-3581-43c9-81a3-df00a00fc298: our priority 0 <= candidate's priority 0
2022-08-03 01:56:22,091 [grpc-default-executor-0] INFO  server.RaftServer$Division (RaftServerImpl.java:setRole(299)) - 29c98487-0277-4cc7-b365-3516e94d97ef@group-A5332DF7F2B4: changes role from  FOLLOWER to FOLLOWER at term 1 for candidate:26c6a879-3581-43c9-81a3-df00a00fc298
2022-08-03 01:56:22,091 [grpc-default-executor-0] INFO  impl.RoleInfo (RoleInfo.java:shutdownFollowerState(110)) - 29c98487-0277-4cc7-b365-3516e94d97ef: shutdown 29c98487-0277-4cc7-b365-3516e94d97ef@group-A5332DF7F2B4-FollowerState
2022-08-03 01:56:22,091 [grpc-default-executor-0] INFO  impl.RoleInfo (RoleInfo.java:updateAndGet(139)) - 29c98487-0277-4cc7-b365-3516e94d97ef: start 29c98487-0277-4cc7-b365-3516e94d97ef@group-A5332DF7F2B4-FollowerState
2022-08-03 01:56:22,091 [29c98487-0277-4cc7-b365-3516e94d97ef@group-A5332DF7F2B4-FollowerState] INFO  impl.FollowerState (FollowerState.java:run(152)) - 29c98487-0277-4cc7-b365-3516e94d97ef@group-A5332DF7F2B4-FollowerState was interrupted
2022-08-03 01:56:22,108 [grpc-default-executor-0] INFO  server.RaftServer$Division (RaftServerImpl.java:requestVote(1184)) - 29c98487-0277-4cc7-b365-3516e94d97ef@group-A5332DF7F2B4 replies to ELECTION vote request: 26c6a879-3581-43c9-81a3-df00a00fc298<-29c98487-0277-4cc7-b365-3516e94d97ef#0:OK-t1. Peer's state: 29c98487-0277-4cc7-b365-3516e94d97ef@group-A5332DF7F2B4:t1, leader=null, voted=26c6a879-3581-43c9-81a3-df00a00fc298, raftlog=29c98487-0277-4cc7-b365-3516e94d97ef@group-A5332DF7F2B4-SegmentedRaftLog:OPENED:c-1, conf=-1: [26c6a879-3581-43c9-81a3-df00a00fc298|rpc:10.1.0.23:40673|dataStream:|priority:0, 65846ed8-c1ef-45a3-a578-716f347ad6ea|rpc:10.1.0.23:35919|dataStream:|priority:1, 29c98487-0277-4cc7-b365-3516e94d97ef|rpc:10.1.0.23:34985|dataStream:|priority:0], old=null
2022-08-03 01:56:22,221 [Listener at 127.0.0.1/44107] INFO  rpc.RpcClient (RpcClient.java:createVolume(468)) - Creating Volume: volume07240, with user67636 as owner and space quota set to -1 bytes, counts quota set to -1
2022-08-03 01:56:22,222 [IPC Server handler 7 on default port 44107] INFO  volume.OMVolumeCreateRequest (OMVolumeCreateRequest.java:validateAndUpdateCache(195)) - created volume:volume07240 for user:user67636
2022-08-03 01:56:22,243 [Listener at 127.0.0.1/44107] INFO  rpc.RpcClient (RpcClient.java:createBucket(671)) - Creating Bucket: volume07240/bucket34393, with bucket layout LEGACY, runner as owner, Versioning false, Storage Type set to DISK and Encryption set to false 
2022-08-03 01:56:22,246 [IPC Server handler 8 on default port 44107] INFO  bucket.OMBucketCreateRequest (OMBucketCreateRequest.java:validateAndUpdateCache(260)) - created bucket: bucket34393 of layout LEGACY in volume: volume07240
]]></system-out>
  </testcase>
  <testcase name="testGetTrashRoot" classname="TestOzoneFileSystem" time="50.013">
    <system-out><![CDATA[2022-08-03 01:56:42,187 [Listener at 127.0.0.1/44107] INFO  ozone.MiniOzoneClusterImpl (MiniOzoneClusterImpl.java:shutdown(448)) - Shutting down the Mini Ozone Cluster
2022-08-03 01:56:42,187 [Listener at 127.0.0.1/44107] INFO  ozone.MiniOzoneClusterImpl (MiniOzoneClusterImpl.java:stop(463)) - Stopping the Mini Ozone Cluster
2022-08-03 01:56:42,187 [Listener at 127.0.0.1/44107] INFO  ozone.MiniOzoneClusterImpl (MiniOzoneClusterImpl.java:stopOM(545)) - Stopping the OzoneManager
2022-08-03 01:56:42,187 [Listener at 127.0.0.1/44107] INFO  om.OzoneManager (OzoneManager.java:stop(2021)) - om1[localhost:0]: Stopping Ozone Manager
2022-08-03 01:56:42,188 [Listener at 127.0.0.1/44107] INFO  ipc.Server (Server.java:stop(3414)) - Stopping server on 44107
2022-08-03 01:56:42,203 [IPC Server listener on 0] INFO  ipc.Server (Server.java:run(1376)) - Stopping IPC Server listener on 0
2022-08-03 01:56:42,204 [Listener at 127.0.0.1/44107] INFO  ratis.OzoneManagerDoubleBuffer (OzoneManagerDoubleBuffer.java:stop(466)) - Stopping OMDoubleBuffer flush thread
2022-08-03 01:56:42,204 [IPC Server Responder] INFO  ipc.Server (Server.java:run(1512)) - Stopping IPC Server Responder
2022-08-03 01:56:42,217 [OMDoubleBufferFlushThread] INFO  ratis.OzoneManagerDoubleBuffer (OzoneManagerDoubleBuffer.java:flushTransactions(385)) - OMDoubleBuffer flush thread OMDoubleBufferFlushThread is interrupted and will exit.
2022-08-03 01:56:42,217 [Listener at 127.0.0.1/44107] INFO  utils.BackgroundService (BackgroundService.java:shutdown(141)) - Shutting down service KeyDeletingService
2022-08-03 01:56:42,218 [Listener at 127.0.0.1/44107] INFO  utils.BackgroundService (BackgroundService.java:shutdown(141)) - Shutting down service DirectoryDeletingService
2022-08-03 01:56:42,220 [Listener at 127.0.0.1/44107] INFO  utils.BackgroundService (BackgroundService.java:shutdown(141)) - Shutting down service OpenKeyCleanupService
2022-08-03 01:56:42,221 [Listener at 127.0.0.1/44107] INFO  handler.ContextHandler (ContextHandler.java:doStop(1153)) - Stopped o.e.j.w.WebAppContext@7db5d73b{ozoneManager,/,null,STOPPED}{file:/home/runner/work/ozone/ozone/hadoop-ozone/integration-test/target/test-classes/webapps/ozoneManager}
2022-08-03 01:56:42,222 [Listener at 127.0.0.1/44107] INFO  server.AbstractConnector (AbstractConnector.java:doStop(381)) - Stopped ServerConnector@1b9ea9c5{HTTP/1.1, (http/1.1)}{0.0.0.0:0}
2022-08-03 01:56:42,222 [Listener at 127.0.0.1/44107] INFO  server.session (HouseKeeper.java:stopScavenging(149)) - node0 Stopped scavenging
2022-08-03 01:56:42,223 [Listener at 127.0.0.1/44107] INFO  handler.ContextHandler (ContextHandler.java:doStop(1153)) - Stopped o.e.j.s.ServletContextHandler@ac6f788{static,/static,file:///home/runner/work/ozone/ozone/hadoop-ozone/integration-test/target/test-classes/webapps/static,STOPPED}
2022-08-03 01:56:42,223 [Listener at 127.0.0.1/44107] INFO  handler.ContextHandler (ContextHandler.java:doStop(1153)) - Stopped o.e.j.s.ServletContextHandler@375e6e24{logs,/logs,file:///home/runner/work/ozone/ozone/hadoop-ozone/integration-test/target/log,STOPPED}
2022-08-03 01:56:42,235 [Trash Emptier] ERROR om.TrashPolicyOzone (TrashPolicyOzone.java:run(251)) - Error attempting to shutdown
java.lang.InterruptedException
	at java.util.concurrent.locks.AbstractQueuedSynchronizer$ConditionObject.awaitNanos(AbstractQueuedSynchronizer.java:2067)
	at java.util.concurrent.ThreadPoolExecutor.awaitTermination(ThreadPoolExecutor.java:1475)
	at org.apache.hadoop.ozone.om.TrashPolicyOzone$Emptier.run(TrashPolicyOzone.java:249)
	at java.lang.Thread.run(Thread.java:750)
2022-08-03 01:56:42,235 [Trash Emptier] ERROR util.ExitUtils (ExitUtils.java:terminate(133)) - Terminating with exit status -1: Thread[Trash Emptier,5,main] has thrown an uncaught exception
java.lang.UnsupportedOperationException: fs.getUri() not implemented in TrashOzoneFileSystem
	at org.apache.hadoop.ozone.om.TrashOzoneFileSystem.getUri(TrashOzoneFileSystem.java:126)
	at org.apache.hadoop.fs.FileSystem.close(FileSystem.java:2592)
	at org.apache.hadoop.ozone.om.TrashPolicyOzone$Emptier.run(TrashPolicyOzone.java:243)
	at java.lang.Thread.run(Thread.java:750)
2022-08-03 01:56:42,236 [Listener at 127.0.0.1/44107] INFO  ozone.MiniOzoneClusterImpl (MiniOzoneClusterImpl.java:stopDatanodes(522)) - Stopping the HddsDatanodes
2022-08-03 01:56:47,240 [Listener at 127.0.0.1/44107] INFO  ozoneimpl.OzoneContainer (OzoneContainer.java:stop(399)) - Attempting to stop container services.
2022-08-03 01:56:47,242 [Listener at 127.0.0.1/44107] INFO  server.RaftServer (RaftServerProxy.java:lambda$close$7(398)) - 65846ed8-c1ef-45a3-a578-716f347ad6ea: close
2022-08-03 01:56:47,242 [Listener at 127.0.0.1/44107] INFO  server.RaftServer$Division (RaftServerImpl.java:lambda$close$4(434)) - 65846ed8-c1ef-45a3-a578-716f347ad6ea@group-A5332DF7F2B4: shutdown
2022-08-03 01:56:47,242 [Listener at 127.0.0.1/44107] INFO  util.JmxRegister (JmxRegister.java:unregister(73)) - Successfully un-registered JMX Bean with object name Ratis:service=RaftServer,group=group-A5332DF7F2B4,id=65846ed8-c1ef-45a3-a578-716f347ad6ea
2022-08-03 01:56:47,242 [Listener at 127.0.0.1/44107] INFO  impl.RoleInfo (RoleInfo.java:shutdownLeaderState(93)) - 65846ed8-c1ef-45a3-a578-716f347ad6ea: shutdown 65846ed8-c1ef-45a3-a578-716f347ad6ea@group-A5332DF7F2B4-LeaderStateImpl
2022-08-03 01:56:47,243 [Listener at 127.0.0.1/44107] INFO  impl.PendingRequests (PendingRequests.java:sendNotLeaderResponses(282)) - 65846ed8-c1ef-45a3-a578-716f347ad6ea@group-A5332DF7F2B4-PendingRequests: sendNotLeaderResponses
2022-08-03 01:56:47,243 [65846ed8-c1ef-45a3-a578-716f347ad6ea@group-A5332DF7F2B4->29c98487-0277-4cc7-b365-3516e94d97ef-GrpcLogAppender-LogAppenderDaemon] WARN  server.GrpcLogAppender (GrpcLogAppender.java:mayWait(171)) - 65846ed8-c1ef-45a3-a578-716f347ad6ea@group-A5332DF7F2B4->29c98487-0277-4cc7-b365-3516e94d97ef-GrpcLogAppender: Wait interrupted by java.lang.InterruptedException
2022-08-03 01:56:47,243 [65846ed8-c1ef-45a3-a578-716f347ad6ea@group-A5332DF7F2B4->26c6a879-3581-43c9-81a3-df00a00fc298-GrpcLogAppender-LogAppenderDaemon] WARN  server.GrpcLogAppender (GrpcLogAppender.java:mayWait(171)) - 65846ed8-c1ef-45a3-a578-716f347ad6ea@group-A5332DF7F2B4->26c6a879-3581-43c9-81a3-df00a00fc298-GrpcLogAppender: Wait interrupted by java.lang.InterruptedException
2022-08-03 01:56:47,250 [ForkJoinPool.commonPool-worker-1] INFO  ozoneimpl.OzoneContainer (OzoneContainer.java:stop(399)) - Attempting to stop container services.
2022-08-03 01:56:47,245 [Listener at 127.0.0.1/44107] INFO  impl.StateMachineUpdater (StateMachineUpdater.java:stopAndJoin(153)) - 65846ed8-c1ef-45a3-a578-716f347ad6ea@group-A5332DF7F2B4-StateMachineUpdater: set stopIndex = 0
2022-08-03 01:56:47,245 [65846ed8-c1ef-45a3-a578-716f347ad6ea@group-A5332DF7F2B4-StateMachineUpdater] INFO  ratis.ContainerStateMachine (ContainerStateMachine.java:takeSnapshot(304)) - group-A5332DF7F2B4: Taking a snapshot at:(t:4, i:0) file /home/runner/work/ozone/ozone/hadoop-ozone/integration-test/target/test-dir/MiniOzoneClusterImpl-2b644ed5-ee6e-4744-ab54-d718b8c739bc/datanode-2/data/ratis/fb4b05b2-2231-40b1-a748-a5332df7f2b4/sm/snapshot.4_0
2022-08-03 01:56:47,281 [grpc-default-executor-1] INFO  server.GrpcServerProtocolService (GrpcServerProtocolService.java:onCompleted(140)) - 26c6a879-3581-43c9-81a3-df00a00fc298: Completed APPEND_ENTRIES, lastRequest: 65846ed8-c1ef-45a3-a578-716f347ad6ea->26c6a879-3581-43c9-81a3-df00a00fc298#1-t4,previous=(t:0, i:0),leaderCommit=-1,initializing? true,entries: size=1, first=(t:4, i:0), CONFIGURATIONENTRY
2022-08-03 01:56:47,245 [grpc-default-executor-2] INFO  server.GrpcServerProtocolService (GrpcServerProtocolService.java:onCompleted(140)) - 29c98487-0277-4cc7-b365-3516e94d97ef: Completed APPEND_ENTRIES, lastRequest: 65846ed8-c1ef-45a3-a578-716f347ad6ea->29c98487-0277-4cc7-b365-3516e94d97ef#1-t4,previous=(t:0, i:0),leaderCommit=-1,initializing? true,entries: size=1, first=(t:4, i:0), CONFIGURATIONENTRY
2022-08-03 01:56:47,271 [ForkJoinPool.commonPool-worker-1] INFO  server.RaftServer (RaftServerProxy.java:lambda$close$7(398)) - 29c98487-0277-4cc7-b365-3516e94d97ef: close
2022-08-03 01:56:47,282 [ForkJoinPool.commonPool-worker-1] INFO  server.RaftServer$Division (RaftServerImpl.java:lambda$close$4(434)) - 29c98487-0277-4cc7-b365-3516e94d97ef@group-A5332DF7F2B4: shutdown
2022-08-03 01:56:47,282 [ForkJoinPool.commonPool-worker-1] INFO  util.JmxRegister (JmxRegister.java:unregister(73)) - Successfully un-registered JMX Bean with object name Ratis:service=RaftServer,group=group-A5332DF7F2B4,id=29c98487-0277-4cc7-b365-3516e94d97ef
2022-08-03 01:56:47,282 [ForkJoinPool.commonPool-worker-1] INFO  impl.RoleInfo (RoleInfo.java:shutdownFollowerState(110)) - 29c98487-0277-4cc7-b365-3516e94d97ef: shutdown 29c98487-0277-4cc7-b365-3516e94d97ef@group-A5332DF7F2B4-FollowerState
2022-08-03 01:56:47,282 [ForkJoinPool.commonPool-worker-1] INFO  impl.StateMachineUpdater (StateMachineUpdater.java:stopAndJoin(153)) - 29c98487-0277-4cc7-b365-3516e94d97ef@group-A5332DF7F2B4-StateMachineUpdater: set stopIndex = 0
2022-08-03 01:56:47,282 [grpc-default-executor-1] INFO  server.GrpcLogAppender (GrpcLogAppender.java:onCompleted(339)) - 65846ed8-c1ef-45a3-a578-716f347ad6ea@group-A5332DF7F2B4->29c98487-0277-4cc7-b365-3516e94d97ef-AppendLogResponseHandler: follower responses appendEntries COMPLETED
2022-08-03 01:56:47,282 [grpc-default-executor-1] INFO  leader.FollowerInfo (FollowerInfoImpl.java:lambda$new$0(48)) - 65846ed8-c1ef-45a3-a578-716f347ad6ea@group-A5332DF7F2B4->29c98487-0277-4cc7-b365-3516e94d97ef: nextIndex: updateUnconditionally 1 -> 0
2022-08-03 01:56:47,282 [29c98487-0277-4cc7-b365-3516e94d97ef@group-A5332DF7F2B4-StateMachineUpdater] INFO  ratis.ContainerStateMachine (ContainerStateMachine.java:takeSnapshot(304)) - group-A5332DF7F2B4: Taking a snapshot at:(t:4, i:0) file /home/runner/work/ozone/ozone/hadoop-ozone/integration-test/target/test-dir/MiniOzoneClusterImpl-2b644ed5-ee6e-4744-ab54-d718b8c739bc/datanode-1/data/ratis/fb4b05b2-2231-40b1-a748-a5332df7f2b4/sm/snapshot.4_0
2022-08-03 01:56:47,282 [29c98487-0277-4cc7-b365-3516e94d97ef@group-A5332DF7F2B4-FollowerState] INFO  impl.FollowerState (FollowerState.java:run(152)) - 29c98487-0277-4cc7-b365-3516e94d97ef@group-A5332DF7F2B4-FollowerState was interrupted
2022-08-03 01:56:47,283 [grpc-default-executor-0] INFO  server.GrpcLogAppender (GrpcLogAppender.java:onCompleted(339)) - 65846ed8-c1ef-45a3-a578-716f347ad6ea@group-A5332DF7F2B4->26c6a879-3581-43c9-81a3-df00a00fc298-AppendLogResponseHandler: follower responses appendEntries COMPLETED
2022-08-03 01:56:47,283 [grpc-default-executor-0] INFO  leader.FollowerInfo (FollowerInfoImpl.java:lambda$new$0(48)) - 65846ed8-c1ef-45a3-a578-716f347ad6ea@group-A5332DF7F2B4->26c6a879-3581-43c9-81a3-df00a00fc298: nextIndex: updateUnconditionally 1 -> 0
2022-08-03 01:56:47,285 [65846ed8-c1ef-45a3-a578-716f347ad6ea@group-A5332DF7F2B4-StateMachineUpdater] INFO  ratis.ContainerStateMachine (ContainerStateMachine.java:takeSnapshot(315)) - group-A5332DF7F2B4: Finished taking a snapshot at:(t:4, i:0) file:/home/runner/work/ozone/ozone/hadoop-ozone/integration-test/target/test-dir/MiniOzoneClusterImpl-2b644ed5-ee6e-4744-ab54-d718b8c739bc/datanode-2/data/ratis/fb4b05b2-2231-40b1-a748-a5332df7f2b4/sm/snapshot.4_0 took: 40 ms
2022-08-03 01:56:47,285 [29c98487-0277-4cc7-b365-3516e94d97ef@group-A5332DF7F2B4-StateMachineUpdater] INFO  ratis.ContainerStateMachine (ContainerStateMachine.java:takeSnapshot(315)) - group-A5332DF7F2B4: Finished taking a snapshot at:(t:4, i:0) file:/home/runner/work/ozone/ozone/hadoop-ozone/integration-test/target/test-dir/MiniOzoneClusterImpl-2b644ed5-ee6e-4744-ab54-d718b8c739bc/datanode-1/data/ratis/fb4b05b2-2231-40b1-a748-a5332df7f2b4/sm/snapshot.4_0 took: 3 ms
2022-08-03 01:56:47,285 [65846ed8-c1ef-45a3-a578-716f347ad6ea@group-A5332DF7F2B4-StateMachineUpdater] INFO  impl.StateMachineUpdater (StateMachineUpdater.java:takeSnapshot(287)) - 65846ed8-c1ef-45a3-a578-716f347ad6ea@group-A5332DF7F2B4-StateMachineUpdater: Took a snapshot at index 0
2022-08-03 01:56:47,285 [65846ed8-c1ef-45a3-a578-716f347ad6ea@group-A5332DF7F2B4-StateMachineUpdater] INFO  impl.StateMachineUpdater (StateMachineUpdater.java:lambda$new$0(92)) - 65846ed8-c1ef-45a3-a578-716f347ad6ea@group-A5332DF7F2B4-StateMachineUpdater: snapshotIndex: updateIncreasingly -1 -> 0
2022-08-03 01:56:47,285 [29c98487-0277-4cc7-b365-3516e94d97ef@group-A5332DF7F2B4-StateMachineUpdater] INFO  impl.StateMachineUpdater (StateMachineUpdater.java:takeSnapshot(287)) - 29c98487-0277-4cc7-b365-3516e94d97ef@group-A5332DF7F2B4-StateMachineUpdater: Took a snapshot at index 0
2022-08-03 01:56:47,285 [29c98487-0277-4cc7-b365-3516e94d97ef@group-A5332DF7F2B4-StateMachineUpdater] INFO  impl.StateMachineUpdater (StateMachineUpdater.java:lambda$new$0(92)) - 29c98487-0277-4cc7-b365-3516e94d97ef@group-A5332DF7F2B4-StateMachineUpdater: snapshotIndex: updateIncreasingly -1 -> 0
2022-08-03 01:56:47,286 [ForkJoinPool.commonPool-worker-1] INFO  server.RaftServer$Division (ServerState.java:close(429)) - 29c98487-0277-4cc7-b365-3516e94d97ef@group-A5332DF7F2B4: closes. applyIndex: 0
2022-08-03 01:56:47,286 [Listener at 127.0.0.1/44107] INFO  server.RaftServer$Division (ServerState.java:close(429)) - 65846ed8-c1ef-45a3-a578-716f347ad6ea@group-A5332DF7F2B4: closes. applyIndex: 0
2022-08-03 01:56:47,286 [65846ed8-c1ef-45a3-a578-716f347ad6ea@group-A5332DF7F2B4-SegmentedRaftLogWorker] INFO  segmented.SegmentedRaftLogWorker (SegmentedRaftLogWorker.java:run(336)) - 65846ed8-c1ef-45a3-a578-716f347ad6ea@group-A5332DF7F2B4-SegmentedRaftLogWorker was interrupted, exiting. There are 0 tasks remaining in the queue.
2022-08-03 01:56:47,286 [29c98487-0277-4cc7-b365-3516e94d97ef@group-A5332DF7F2B4-SegmentedRaftLogWorker] INFO  segmented.SegmentedRaftLogWorker (SegmentedRaftLogWorker.java:run(336)) - 29c98487-0277-4cc7-b365-3516e94d97ef@group-A5332DF7F2B4-SegmentedRaftLogWorker was interrupted, exiting. There are 0 tasks remaining in the queue.
2022-08-03 01:56:47,295 [Listener at 127.0.0.1/44107] INFO  segmented.SegmentedRaftLogWorker (SegmentedRaftLogWorker.java:close(246)) - 65846ed8-c1ef-45a3-a578-716f347ad6ea@group-A5332DF7F2B4-SegmentedRaftLogWorker close()
2022-08-03 01:56:47,299 [ForkJoinPool.commonPool-worker-1] INFO  segmented.SegmentedRaftLogWorker (SegmentedRaftLogWorker.java:close(246)) - 29c98487-0277-4cc7-b365-3516e94d97ef@group-A5332DF7F2B4-SegmentedRaftLogWorker close()
2022-08-03 01:56:47,300 [Listener at 127.0.0.1/44107] INFO  server.RaftServer$Division (RaftServerImpl.java:lambda$close$4(434)) - 65846ed8-c1ef-45a3-a578-716f347ad6ea@group-13F69EAE892F: shutdown
2022-08-03 01:56:47,301 [Listener at 127.0.0.1/44107] INFO  util.JmxRegister (JmxRegister.java:unregister(73)) - Successfully un-registered JMX Bean with object name Ratis:service=RaftServer,group=group-13F69EAE892F,id=65846ed8-c1ef-45a3-a578-716f347ad6ea
2022-08-03 01:56:47,301 [Listener at 127.0.0.1/44107] INFO  impl.RoleInfo (RoleInfo.java:shutdownLeaderState(93)) - 65846ed8-c1ef-45a3-a578-716f347ad6ea: shutdown 65846ed8-c1ef-45a3-a578-716f347ad6ea@group-13F69EAE892F-LeaderStateImpl
2022-08-03 01:56:47,301 [Listener at 127.0.0.1/44107] INFO  impl.PendingRequests (PendingRequests.java:sendNotLeaderResponses(282)) - 65846ed8-c1ef-45a3-a578-716f347ad6ea@group-13F69EAE892F-PendingRequests: sendNotLeaderResponses
2022-08-03 01:56:47,302 [Listener at 127.0.0.1/44107] INFO  impl.StateMachineUpdater (StateMachineUpdater.java:stopAndJoin(153)) - 65846ed8-c1ef-45a3-a578-716f347ad6ea@group-13F69EAE892F-StateMachineUpdater: set stopIndex = 0
2022-08-03 01:56:47,302 [65846ed8-c1ef-45a3-a578-716f347ad6ea@group-13F69EAE892F-StateMachineUpdater] INFO  ratis.ContainerStateMachine (ContainerStateMachine.java:takeSnapshot(304)) - group-13F69EAE892F: Taking a snapshot at:(t:1, i:0) file /home/runner/work/ozone/ozone/hadoop-ozone/integration-test/target/test-dir/MiniOzoneClusterImpl-2b644ed5-ee6e-4744-ab54-d718b8c739bc/datanode-2/data/ratis/f00433d6-e3cb-4caf-9307-13f69eae892f/sm/snapshot.1_0
2022-08-03 01:56:47,303 [ForkJoinPool.commonPool-worker-1] INFO  server.RaftServer$Division (RaftServerImpl.java:lambda$close$4(434)) - 29c98487-0277-4cc7-b365-3516e94d97ef@group-2AE7C871DE56: shutdown
2022-08-03 01:56:47,303 [ForkJoinPool.commonPool-worker-1] INFO  util.JmxRegister (JmxRegister.java:unregister(73)) - Successfully un-registered JMX Bean with object name Ratis:service=RaftServer,group=group-2AE7C871DE56,id=29c98487-0277-4cc7-b365-3516e94d97ef
2022-08-03 01:56:47,303 [ForkJoinPool.commonPool-worker-1] INFO  impl.RoleInfo (RoleInfo.java:shutdownLeaderState(93)) - 29c98487-0277-4cc7-b365-3516e94d97ef: shutdown 29c98487-0277-4cc7-b365-3516e94d97ef@group-2AE7C871DE56-LeaderStateImpl
2022-08-03 01:56:47,303 [ForkJoinPool.commonPool-worker-1] INFO  impl.PendingRequests (PendingRequests.java:sendNotLeaderResponses(282)) - 29c98487-0277-4cc7-b365-3516e94d97ef@group-2AE7C871DE56-PendingRequests: sendNotLeaderResponses
2022-08-03 01:56:47,304 [ForkJoinPool.commonPool-worker-1] INFO  impl.StateMachineUpdater (StateMachineUpdater.java:stopAndJoin(153)) - 29c98487-0277-4cc7-b365-3516e94d97ef@group-2AE7C871DE56-StateMachineUpdater: set stopIndex = 0
2022-08-03 01:56:47,304 [29c98487-0277-4cc7-b365-3516e94d97ef@group-2AE7C871DE56-StateMachineUpdater] INFO  ratis.ContainerStateMachine (ContainerStateMachine.java:takeSnapshot(304)) - group-2AE7C871DE56: Taking a snapshot at:(t:1, i:0) file /home/runner/work/ozone/ozone/hadoop-ozone/integration-test/target/test-dir/MiniOzoneClusterImpl-2b644ed5-ee6e-4744-ab54-d718b8c739bc/datanode-1/data/ratis/ad83bbba-08ad-48d7-b226-2ae7c871de56/sm/snapshot.1_0
2022-08-03 01:56:47,305 [29c98487-0277-4cc7-b365-3516e94d97ef@group-2AE7C871DE56-StateMachineUpdater] INFO  ratis.ContainerStateMachine (ContainerStateMachine.java:takeSnapshot(315)) - group-2AE7C871DE56: Finished taking a snapshot at:(t:1, i:0) file:/home/runner/work/ozone/ozone/hadoop-ozone/integration-test/target/test-dir/MiniOzoneClusterImpl-2b644ed5-ee6e-4744-ab54-d718b8c739bc/datanode-1/data/ratis/ad83bbba-08ad-48d7-b226-2ae7c871de56/sm/snapshot.1_0 took: 1 ms
2022-08-03 01:56:47,305 [29c98487-0277-4cc7-b365-3516e94d97ef@group-2AE7C871DE56-StateMachineUpdater] INFO  impl.StateMachineUpdater (StateMachineUpdater.java:takeSnapshot(287)) - 29c98487-0277-4cc7-b365-3516e94d97ef@group-2AE7C871DE56-StateMachineUpdater: Took a snapshot at index 0
2022-08-03 01:56:47,305 [29c98487-0277-4cc7-b365-3516e94d97ef@group-2AE7C871DE56-StateMachineUpdater] INFO  impl.StateMachineUpdater (StateMachineUpdater.java:lambda$new$0(92)) - 29c98487-0277-4cc7-b365-3516e94d97ef@group-2AE7C871DE56-StateMachineUpdater: snapshotIndex: updateIncreasingly -1 -> 0
2022-08-03 01:56:47,306 [ForkJoinPool.commonPool-worker-1] INFO  server.RaftServer$Division (ServerState.java:close(429)) - 29c98487-0277-4cc7-b365-3516e94d97ef@group-2AE7C871DE56: closes. applyIndex: 0
2022-08-03 01:56:47,306 [29c98487-0277-4cc7-b365-3516e94d97ef@group-2AE7C871DE56-SegmentedRaftLogWorker] INFO  segmented.SegmentedRaftLogWorker (SegmentedRaftLogWorker.java:run(336)) - 29c98487-0277-4cc7-b365-3516e94d97ef@group-2AE7C871DE56-SegmentedRaftLogWorker was interrupted, exiting. There are 0 tasks remaining in the queue.
2022-08-03 01:56:47,306 [ForkJoinPool.commonPool-worker-1] INFO  segmented.SegmentedRaftLogWorker (SegmentedRaftLogWorker.java:close(246)) - 29c98487-0277-4cc7-b365-3516e94d97ef@group-2AE7C871DE56-SegmentedRaftLogWorker close()
2022-08-03 01:56:47,314 [65846ed8-c1ef-45a3-a578-716f347ad6ea@group-13F69EAE892F-StateMachineUpdater] INFO  ratis.ContainerStateMachine (ContainerStateMachine.java:takeSnapshot(315)) - group-13F69EAE892F: Finished taking a snapshot at:(t:1, i:0) file:/home/runner/work/ozone/ozone/hadoop-ozone/integration-test/target/test-dir/MiniOzoneClusterImpl-2b644ed5-ee6e-4744-ab54-d718b8c739bc/datanode-2/data/ratis/f00433d6-e3cb-4caf-9307-13f69eae892f/sm/snapshot.1_0 took: 12 ms
2022-08-03 01:56:47,314 [65846ed8-c1ef-45a3-a578-716f347ad6ea@group-13F69EAE892F-StateMachineUpdater] INFO  impl.StateMachineUpdater (StateMachineUpdater.java:takeSnapshot(287)) - 65846ed8-c1ef-45a3-a578-716f347ad6ea@group-13F69EAE892F-StateMachineUpdater: Took a snapshot at index 0
2022-08-03 01:56:47,314 [65846ed8-c1ef-45a3-a578-716f347ad6ea@group-13F69EAE892F-StateMachineUpdater] INFO  impl.StateMachineUpdater (StateMachineUpdater.java:lambda$new$0(92)) - 65846ed8-c1ef-45a3-a578-716f347ad6ea@group-13F69EAE892F-StateMachineUpdater: snapshotIndex: updateIncreasingly -1 -> 0
2022-08-03 01:56:47,314 [Listener at 127.0.0.1/44107] INFO  server.RaftServer$Division (ServerState.java:close(429)) - 65846ed8-c1ef-45a3-a578-716f347ad6ea@group-13F69EAE892F: closes. applyIndex: 0
2022-08-03 01:56:47,316 [ForkJoinPool.commonPool-worker-1] INFO  server.RaftServer$Division (RaftServerImpl.java:lambda$close$4(434)) - 29c98487-0277-4cc7-b365-3516e94d97ef@group-5F7F5D9E49E1: shutdown
2022-08-03 01:56:47,316 [ForkJoinPool.commonPool-worker-1] INFO  util.JmxRegister (JmxRegister.java:unregister(73)) - Successfully un-registered JMX Bean with object name Ratis:service=RaftServer,group=group-5F7F5D9E49E1,id=29c98487-0277-4cc7-b365-3516e94d97ef
2022-08-03 01:56:47,316 [ForkJoinPool.commonPool-worker-1] INFO  impl.RoleInfo (RoleInfo.java:shutdownFollowerState(110)) - 29c98487-0277-4cc7-b365-3516e94d97ef: shutdown 29c98487-0277-4cc7-b365-3516e94d97ef@group-5F7F5D9E49E1-FollowerState
2022-08-03 01:56:47,317 [ForkJoinPool.commonPool-worker-1] INFO  impl.StateMachineUpdater (StateMachineUpdater.java:stopAndJoin(153)) - 29c98487-0277-4cc7-b365-3516e94d97ef@group-5F7F5D9E49E1-StateMachineUpdater: set stopIndex = 30
2022-08-03 01:56:47,317 [29c98487-0277-4cc7-b365-3516e94d97ef@group-5F7F5D9E49E1-FollowerState] INFO  impl.FollowerState (FollowerState.java:run(152)) - 29c98487-0277-4cc7-b365-3516e94d97ef@group-5F7F5D9E49E1-FollowerState was interrupted
2022-08-03 01:56:47,317 [29c98487-0277-4cc7-b365-3516e94d97ef@group-5F7F5D9E49E1-StateMachineUpdater] INFO  ratis.ContainerStateMachine (ContainerStateMachine.java:takeSnapshot(304)) - group-5F7F5D9E49E1: Taking a snapshot at:(t:1, i:30) file /home/runner/work/ozone/ozone/hadoop-ozone/integration-test/target/test-dir/MiniOzoneClusterImpl-2b644ed5-ee6e-4744-ab54-d718b8c739bc/datanode-1/data/ratis/f536b2af-04bc-4e6a-b013-5f7f5d9e49e1/sm/snapshot.1_30
2022-08-03 01:56:47,323 [29c98487-0277-4cc7-b365-3516e94d97ef@group-5F7F5D9E49E1-StateMachineUpdater] INFO  ratis.ContainerStateMachine (ContainerStateMachine.java:takeSnapshot(315)) - group-5F7F5D9E49E1: Finished taking a snapshot at:(t:1, i:30) file:/home/runner/work/ozone/ozone/hadoop-ozone/integration-test/target/test-dir/MiniOzoneClusterImpl-2b644ed5-ee6e-4744-ab54-d718b8c739bc/datanode-1/data/ratis/f536b2af-04bc-4e6a-b013-5f7f5d9e49e1/sm/snapshot.1_30 took: 6 ms
2022-08-03 01:56:47,323 [29c98487-0277-4cc7-b365-3516e94d97ef@group-5F7F5D9E49E1-StateMachineUpdater] INFO  impl.StateMachineUpdater (StateMachineUpdater.java:takeSnapshot(287)) - 29c98487-0277-4cc7-b365-3516e94d97ef@group-5F7F5D9E49E1-StateMachineUpdater: Took a snapshot at index 30
2022-08-03 01:56:47,323 [29c98487-0277-4cc7-b365-3516e94d97ef@group-5F7F5D9E49E1-StateMachineUpdater] INFO  impl.StateMachineUpdater (StateMachineUpdater.java:lambda$new$0(92)) - 29c98487-0277-4cc7-b365-3516e94d97ef@group-5F7F5D9E49E1-StateMachineUpdater: snapshotIndex: updateIncreasingly -1 -> 30
2022-08-03 01:56:47,325 [ForkJoinPool.commonPool-worker-1] INFO  server.RaftServer$Division (ServerState.java:close(429)) - 29c98487-0277-4cc7-b365-3516e94d97ef@group-5F7F5D9E49E1: closes. applyIndex: 30
2022-08-03 01:56:47,325 [29c98487-0277-4cc7-b365-3516e94d97ef@group-5F7F5D9E49E1-SegmentedRaftLogWorker] INFO  segmented.SegmentedRaftLogWorker (SegmentedRaftLogWorker.java:run(336)) - 29c98487-0277-4cc7-b365-3516e94d97ef@group-5F7F5D9E49E1-SegmentedRaftLogWorker was interrupted, exiting. There are 0 tasks remaining in the queue.
2022-08-03 01:56:47,326 [ForkJoinPool.commonPool-worker-1] INFO  segmented.SegmentedRaftLogWorker (SegmentedRaftLogWorker.java:close(246)) - 29c98487-0277-4cc7-b365-3516e94d97ef@group-5F7F5D9E49E1-SegmentedRaftLogWorker close()
2022-08-03 01:56:47,326 [65846ed8-c1ef-45a3-a578-716f347ad6ea@group-13F69EAE892F-SegmentedRaftLogWorker] INFO  segmented.SegmentedRaftLogWorker (SegmentedRaftLogWorker.java:run(336)) - 65846ed8-c1ef-45a3-a578-716f347ad6ea@group-13F69EAE892F-SegmentedRaftLogWorker was interrupted, exiting. There are 0 tasks remaining in the queue.
2022-08-03 01:56:47,329 [Listener at 127.0.0.1/44107] INFO  segmented.SegmentedRaftLogWorker (SegmentedRaftLogWorker.java:close(246)) - 65846ed8-c1ef-45a3-a578-716f347ad6ea@group-13F69EAE892F-SegmentedRaftLogWorker close()
2022-08-03 01:56:47,330 [Listener at 127.0.0.1/44107] INFO  server.RaftServer$Division (RaftServerImpl.java:lambda$close$4(434)) - 65846ed8-c1ef-45a3-a578-716f347ad6ea@group-5F7F5D9E49E1: shutdown
2022-08-03 01:56:47,330 [Listener at 127.0.0.1/44107] INFO  util.JmxRegister (JmxRegister.java:unregister(73)) - Successfully un-registered JMX Bean with object name Ratis:service=RaftServer,group=group-5F7F5D9E49E1,id=65846ed8-c1ef-45a3-a578-716f347ad6ea
2022-08-03 01:56:47,330 [Listener at 127.0.0.1/44107] INFO  impl.RoleInfo (RoleInfo.java:shutdownFollowerState(110)) - 65846ed8-c1ef-45a3-a578-716f347ad6ea: shutdown 65846ed8-c1ef-45a3-a578-716f347ad6ea@group-5F7F5D9E49E1-FollowerState
2022-08-03 01:56:47,330 [Listener at 127.0.0.1/44107] INFO  impl.StateMachineUpdater (StateMachineUpdater.java:stopAndJoin(153)) - 65846ed8-c1ef-45a3-a578-716f347ad6ea@group-5F7F5D9E49E1-StateMachineUpdater: set stopIndex = 30
2022-08-03 01:56:47,331 [65846ed8-c1ef-45a3-a578-716f347ad6ea@group-5F7F5D9E49E1-FollowerState] INFO  impl.FollowerState (FollowerState.java:run(152)) - 65846ed8-c1ef-45a3-a578-716f347ad6ea@group-5F7F5D9E49E1-FollowerState was interrupted
2022-08-03 01:56:47,331 [ForkJoinPool.commonPool-worker-1] INFO  server.GrpcService (GrpcService.java:closeImpl(269)) - 29c98487-0277-4cc7-b365-3516e94d97ef: shutdown server with port 34985 now
2022-08-03 01:56:47,332 [65846ed8-c1ef-45a3-a578-716f347ad6ea@group-5F7F5D9E49E1-StateMachineUpdater] INFO  ratis.ContainerStateMachine (ContainerStateMachine.java:takeSnapshot(304)) - group-5F7F5D9E49E1: Taking a snapshot at:(t:1, i:30) file /home/runner/work/ozone/ozone/hadoop-ozone/integration-test/target/test-dir/MiniOzoneClusterImpl-2b644ed5-ee6e-4744-ab54-d718b8c739bc/datanode-2/data/ratis/f536b2af-04bc-4e6a-b013-5f7f5d9e49e1/sm/snapshot.1_30
2022-08-03 01:56:47,336 [grpc-default-executor-1] WARN  server.GrpcServerProtocolService (LogUtils.java:warn(122)) - 29c98487-0277-4cc7-b365-3516e94d97ef: installSnapshot onError, lastRequest: 26c6a879-3581-43c9-81a3-df00a00fc298->29c98487-0277-4cc7-b365-3516e94d97ef#480-t1,previous=(t:1, i:29),leaderCommit=28,initializing? true,entries: size=1, first=(t:1, i:30), METADATAENTRY(c:28): org.apache.ratis.thirdparty.io.grpc.StatusRuntimeException: CANCELLED: client cancelled
2022-08-03 01:56:47,338 [grpc-default-executor-2] WARN  server.GrpcLogAppender (LogUtils.java:warn(122)) - 26c6a879-3581-43c9-81a3-df00a00fc298@group-5F7F5D9E49E1->29c98487-0277-4cc7-b365-3516e94d97ef-AppendLogResponseHandler: Failed appendEntries: org.apache.ratis.thirdparty.io.grpc.StatusRuntimeException: CANCELLED: RST_STREAM closed stream. HTTP/2 error code: CANCEL
2022-08-03 01:56:47,338 [grpc-default-executor-2] INFO  leader.FollowerInfo (FollowerInfoImpl.java:lambda$new$0(48)) - 26c6a879-3581-43c9-81a3-df00a00fc298@group-5F7F5D9E49E1->29c98487-0277-4cc7-b365-3516e94d97ef: nextIndex: updateUnconditionally 31 -> 30
2022-08-03 01:56:47,344 [65846ed8-c1ef-45a3-a578-716f347ad6ea@group-5F7F5D9E49E1-StateMachineUpdater] INFO  ratis.ContainerStateMachine (ContainerStateMachine.java:takeSnapshot(315)) - group-5F7F5D9E49E1: Finished taking a snapshot at:(t:1, i:30) file:/home/runner/work/ozone/ozone/hadoop-ozone/integration-test/target/test-dir/MiniOzoneClusterImpl-2b644ed5-ee6e-4744-ab54-d718b8c739bc/datanode-2/data/ratis/f536b2af-04bc-4e6a-b013-5f7f5d9e49e1/sm/snapshot.1_30 took: 13 ms
2022-08-03 01:56:47,344 [65846ed8-c1ef-45a3-a578-716f347ad6ea@group-5F7F5D9E49E1-StateMachineUpdater] INFO  impl.StateMachineUpdater (StateMachineUpdater.java:takeSnapshot(287)) - 65846ed8-c1ef-45a3-a578-716f347ad6ea@group-5F7F5D9E49E1-StateMachineUpdater: Took a snapshot at index 30
2022-08-03 01:56:47,344 [65846ed8-c1ef-45a3-a578-716f347ad6ea@group-5F7F5D9E49E1-StateMachineUpdater] INFO  impl.StateMachineUpdater (StateMachineUpdater.java:lambda$new$0(92)) - 65846ed8-c1ef-45a3-a578-716f347ad6ea@group-5F7F5D9E49E1-StateMachineUpdater: snapshotIndex: updateIncreasingly -1 -> 30
2022-08-03 01:56:47,349 [grpc-default-executor-2] WARN  server.GrpcLogAppender (LogUtils.java:warn(122)) - 26c6a879-3581-43c9-81a3-df00a00fc298@group-5F7F5D9E49E1->29c98487-0277-4cc7-b365-3516e94d97ef-AppendLogResponseHandler: Failed appendEntries: org.apache.ratis.thirdparty.io.grpc.StatusRuntimeException: UNAVAILABLE: io exception
2022-08-03 01:56:47,366 [grpc-default-executor-2] INFO  leader.FollowerInfo (FollowerInfoImpl.java:lambda$new$0(48)) - 26c6a879-3581-43c9-81a3-df00a00fc298@group-5F7F5D9E49E1->29c98487-0277-4cc7-b365-3516e94d97ef: nextIndex: updateUnconditionally 31 -> 30
2022-08-03 01:56:47,348 [ForkJoinPool.commonPool-worker-1] INFO  server.GrpcService (GrpcService.java:closeImpl(278)) - 29c98487-0277-4cc7-b365-3516e94d97ef: shutdown server with port 34985 successfully
2022-08-03 01:56:47,366 [org.apache.ratis.util.JvmPauseMonitor$$Lambda$631/606875044@2573ac29] INFO  util.JvmPauseMonitor (JvmPauseMonitor.java:run(109)) - JvmPauseMonitor-29c98487-0277-4cc7-b365-3516e94d97ef: Stopped
2022-08-03 01:56:47,367 [Listener at 127.0.0.1/44107] INFO  server.RaftServer$Division (ServerState.java:close(429)) - 65846ed8-c1ef-45a3-a578-716f347ad6ea@group-5F7F5D9E49E1: closes. applyIndex: 30
2022-08-03 01:56:47,367 [65846ed8-c1ef-45a3-a578-716f347ad6ea@group-5F7F5D9E49E1-SegmentedRaftLogWorker] INFO  segmented.SegmentedRaftLogWorker (SegmentedRaftLogWorker.java:run(336)) - 65846ed8-c1ef-45a3-a578-716f347ad6ea@group-5F7F5D9E49E1-SegmentedRaftLogWorker was interrupted, exiting. There are 0 tasks remaining in the queue.
2022-08-03 01:56:47,370 [Listener at 127.0.0.1/44107] INFO  segmented.SegmentedRaftLogWorker (SegmentedRaftLogWorker.java:close(246)) - 65846ed8-c1ef-45a3-a578-716f347ad6ea@group-5F7F5D9E49E1-SegmentedRaftLogWorker close()
2022-08-03 01:56:47,371 [Listener at 127.0.0.1/44107] INFO  server.GrpcService (GrpcService.java:closeImpl(269)) - 65846ed8-c1ef-45a3-a578-716f347ad6ea: shutdown server with port 35919 now
2022-08-03 01:56:47,372 [grpc-default-executor-1] WARN  server.GrpcServerProtocolService (LogUtils.java:warn(122)) - 65846ed8-c1ef-45a3-a578-716f347ad6ea: installSnapshot onError, lastRequest: 26c6a879-3581-43c9-81a3-df00a00fc298->65846ed8-c1ef-45a3-a578-716f347ad6ea#476-t1,previous=(t:1, i:29),leaderCommit=28,initializing? true,entries: size=1, first=(t:1, i:30), METADATAENTRY(c:28): org.apache.ratis.thirdparty.io.grpc.StatusRuntimeException: CANCELLED: client cancelled
2022-08-03 01:56:47,372 [grpc-default-executor-0] WARN  server.GrpcLogAppender (LogUtils.java:warn(122)) - 26c6a879-3581-43c9-81a3-df00a00fc298@group-5F7F5D9E49E1->65846ed8-c1ef-45a3-a578-716f347ad6ea-AppendLogResponseHandler: Failed appendEntries: org.apache.ratis.thirdparty.io.grpc.StatusRuntimeException: CANCELLED: RST_STREAM closed stream. HTTP/2 error code: CANCEL
2022-08-03 01:56:47,373 [grpc-default-executor-0] INFO  leader.FollowerInfo (FollowerInfoImpl.java:lambda$new$0(48)) - 26c6a879-3581-43c9-81a3-df00a00fc298@group-5F7F5D9E49E1->65846ed8-c1ef-45a3-a578-716f347ad6ea: nextIndex: updateUnconditionally 31 -> 30
2022-08-03 01:56:47,392 [Listener at 127.0.0.1/44107] INFO  server.GrpcService (GrpcService.java:closeImpl(278)) - 65846ed8-c1ef-45a3-a578-716f347ad6ea: shutdown server with port 35919 successfully
2022-08-03 01:56:47,393 [org.apache.ratis.util.JvmPauseMonitor$$Lambda$631/606875044@25906f05] INFO  util.JvmPauseMonitor (JvmPauseMonitor.java:run(109)) - JvmPauseMonitor-65846ed8-c1ef-45a3-a578-716f347ad6ea: Stopped
2022-08-03 01:56:47,415 [grpc-default-executor-0] WARN  server.GrpcLogAppender (LogUtils.java:warn(122)) - 26c6a879-3581-43c9-81a3-df00a00fc298@group-5F7F5D9E49E1->65846ed8-c1ef-45a3-a578-716f347ad6ea-AppendLogResponseHandler: Failed appendEntries: org.apache.ratis.thirdparty.io.grpc.StatusRuntimeException: UNAVAILABLE: io exception
2022-08-03 01:56:47,421 [grpc-default-executor-0] INFO  leader.FollowerInfo (FollowerInfoImpl.java:lambda$new$0(48)) - 26c6a879-3581-43c9-81a3-df00a00fc298@group-5F7F5D9E49E1->65846ed8-c1ef-45a3-a578-716f347ad6ea: nextIndex: updateUnconditionally 31 -> 30
2022-08-03 01:56:48,092 [grpc-default-executor-0] WARN  server.GrpcLogAppender (LogUtils.java:warn(122)) - 26c6a879-3581-43c9-81a3-df00a00fc298@group-5F7F5D9E49E1->65846ed8-c1ef-45a3-a578-716f347ad6ea-AppendLogResponseHandler: Failed appendEntries: org.apache.ratis.thirdparty.io.grpc.StatusRuntimeException: UNAVAILABLE: io exception
2022-08-03 01:56:48,093 [grpc-default-executor-0] INFO  leader.FollowerInfo (FollowerInfoImpl.java:lambda$new$0(48)) - 26c6a879-3581-43c9-81a3-df00a00fc298@group-5F7F5D9E49E1->65846ed8-c1ef-45a3-a578-716f347ad6ea: nextIndex: updateUnconditionally 31 -> 30
2022-08-03 01:56:48,098 [grpc-default-executor-0] WARN  server.GrpcLogAppender (LogUtils.java:warn(122)) - 26c6a879-3581-43c9-81a3-df00a00fc298@group-5F7F5D9E49E1->29c98487-0277-4cc7-b365-3516e94d97ef-AppendLogResponseHandler: Failed appendEntries: org.apache.ratis.thirdparty.io.grpc.StatusRuntimeException: UNAVAILABLE: io exception
2022-08-03 01:56:48,099 [grpc-default-executor-0] INFO  leader.FollowerInfo (FollowerInfoImpl.java:lambda$new$0(48)) - 26c6a879-3581-43c9-81a3-df00a00fc298@group-5F7F5D9E49E1->29c98487-0277-4cc7-b365-3516e94d97ef: nextIndex: updateUnconditionally 31 -> 30
2022-08-03 01:56:49,343 [grpc-default-executor-0] WARN  server.GrpcLogAppender (LogUtils.java:warn(122)) - 26c6a879-3581-43c9-81a3-df00a00fc298@group-5F7F5D9E49E1->65846ed8-c1ef-45a3-a578-716f347ad6ea-AppendLogResponseHandler: Failed appendEntries: org.apache.ratis.thirdparty.io.grpc.StatusRuntimeException: UNAVAILABLE: io exception
2022-08-03 01:56:49,343 [grpc-default-executor-0] INFO  leader.FollowerInfo (FollowerInfoImpl.java:lambda$new$0(48)) - 26c6a879-3581-43c9-81a3-df00a00fc298@group-5F7F5D9E49E1->65846ed8-c1ef-45a3-a578-716f347ad6ea: nextIndex: updateUnconditionally 31 -> 30
2022-08-03 01:56:49,356 [grpc-default-executor-0] WARN  server.GrpcLogAppender (LogUtils.java:warn(122)) - 26c6a879-3581-43c9-81a3-df00a00fc298@group-5F7F5D9E49E1->29c98487-0277-4cc7-b365-3516e94d97ef-AppendLogResponseHandler: Failed appendEntries: org.apache.ratis.thirdparty.io.grpc.StatusRuntimeException: UNAVAILABLE: io exception
2022-08-03 01:56:49,357 [grpc-default-executor-0] INFO  leader.FollowerInfo (FollowerInfoImpl.java:lambda$new$0(48)) - 26c6a879-3581-43c9-81a3-df00a00fc298@group-5F7F5D9E49E1->29c98487-0277-4cc7-b365-3516e94d97ef: nextIndex: updateUnconditionally 31 -> 30
2022-08-03 01:56:49,460 [ForkJoinPool.commonPool-worker-1] INFO  utils.BackgroundService (BackgroundService.java:shutdown(141)) - Shutting down service BlockDeletingService
2022-08-03 01:56:49,463 [ForkJoinPool.commonPool-worker-1] INFO  utils.BackgroundService (BackgroundService.java:shutdown(141)) - Shutting down service StaleRecoveringContainerScrubbingService
2022-08-03 01:56:49,477 [Listener at 127.0.0.1/44107] INFO  utils.BackgroundService (BackgroundService.java:shutdown(141)) - Shutting down service BlockDeletingService
2022-08-03 01:56:49,487 [Listener at 127.0.0.1/44107] INFO  utils.BackgroundService (BackgroundService.java:shutdown(141)) - Shutting down service StaleRecoveringContainerScrubbingService
2022-08-03 01:56:50,593 [grpc-default-executor-0] WARN  server.GrpcLogAppender (LogUtils.java:warn(122)) - 26c6a879-3581-43c9-81a3-df00a00fc298@group-5F7F5D9E49E1->65846ed8-c1ef-45a3-a578-716f347ad6ea-AppendLogResponseHandler: Failed appendEntries: org.apache.ratis.thirdparty.io.grpc.StatusRuntimeException: UNAVAILABLE: io exception
2022-08-03 01:56:50,594 [grpc-default-executor-0] INFO  leader.FollowerInfo (FollowerInfoImpl.java:lambda$new$0(48)) - 26c6a879-3581-43c9-81a3-df00a00fc298@group-5F7F5D9E49E1->65846ed8-c1ef-45a3-a578-716f347ad6ea: nextIndex: updateUnconditionally 31 -> 30
2022-08-03 01:56:50,598 [grpc-default-executor-0] WARN  server.GrpcLogAppender (LogUtils.java:warn(122)) - 26c6a879-3581-43c9-81a3-df00a00fc298@group-5F7F5D9E49E1->29c98487-0277-4cc7-b365-3516e94d97ef-AppendLogResponseHandler: Failed appendEntries: org.apache.ratis.thirdparty.io.grpc.StatusRuntimeException: UNAVAILABLE: io exception
2022-08-03 01:56:50,598 [grpc-default-executor-0] INFO  leader.FollowerInfo (FollowerInfoImpl.java:lambda$new$0(48)) - 26c6a879-3581-43c9-81a3-df00a00fc298@group-5F7F5D9E49E1->29c98487-0277-4cc7-b365-3516e94d97ef: nextIndex: updateUnconditionally 31 -> 30
2022-08-03 01:56:51,300 [26c6a879-3581-43c9-81a3-df00a00fc298@group-5F7F5D9E49E1-LeaderStateImpl] WARN  server.RaftServer$Division (LeaderStateImpl.java:checkLeadership(1018)) - 26c6a879-3581-43c9-81a3-df00a00fc298@group-5F7F5D9E49E1-LeaderStateImpl: Lost leadership on term: 1. Election timeout: 5200ms. In charge for: 29547ms. Conf: 0: [26c6a879-3581-43c9-81a3-df00a00fc298|rpc:10.1.0.23:40673|dataStream:|priority:1, 65846ed8-c1ef-45a3-a578-716f347ad6ea|rpc:10.1.0.23:35919|dataStream:|priority:0, 29c98487-0277-4cc7-b365-3516e94d97ef|rpc:10.1.0.23:34985|dataStream:|priority:0], old=null
2022-08-03 01:56:51,301 [26c6a879-3581-43c9-81a3-df00a00fc298@group-5F7F5D9E49E1-LeaderStateImpl] WARN  server.RaftServer$Division (LeaderStateImpl.java:lambda$checkLeadership$17(1022)) - Follower 26c6a879-3581-43c9-81a3-df00a00fc298@group-5F7F5D9E49E1->65846ed8-c1ef-45a3-a578-716f347ad6ea(c30,m30,n30, attendVote=true, lastRpcSendTime=707, lastRpcResponseTime=5709)
2022-08-03 01:56:51,301 [26c6a879-3581-43c9-81a3-df00a00fc298@group-5F7F5D9E49E1-LeaderStateImpl] WARN  server.RaftServer$Division (LeaderStateImpl.java:lambda$checkLeadership$17(1022)) - Follower 26c6a879-3581-43c9-81a3-df00a00fc298@group-5F7F5D9E49E1->29c98487-0277-4cc7-b365-3516e94d97ef(c30,m30,n30, attendVote=true, lastRpcSendTime=704, lastRpcResponseTime=5709)
2022-08-03 01:56:51,301 [26c6a879-3581-43c9-81a3-df00a00fc298@group-5F7F5D9E49E1-LeaderStateImpl] INFO  server.RaftServer$Division (RaftServerImpl.java:setRole(299)) - 26c6a879-3581-43c9-81a3-df00a00fc298@group-5F7F5D9E49E1: changes role from    LEADER to FOLLOWER at term 1 for StepDownReason:LOST_MAJORITY_HEARTBEATS
2022-08-03 01:56:51,301 [26c6a879-3581-43c9-81a3-df00a00fc298@group-5F7F5D9E49E1-LeaderStateImpl] INFO  impl.RoleInfo (RoleInfo.java:shutdownLeaderState(93)) - 26c6a879-3581-43c9-81a3-df00a00fc298: shutdown 26c6a879-3581-43c9-81a3-df00a00fc298@group-5F7F5D9E49E1-LeaderStateImpl
2022-08-03 01:56:51,301 [26c6a879-3581-43c9-81a3-df00a00fc298@group-5F7F5D9E49E1->65846ed8-c1ef-45a3-a578-716f347ad6ea-GrpcLogAppender-LogAppenderDaemon] WARN  server.GrpcLogAppender (GrpcLogAppender.java:mayWait(171)) - 26c6a879-3581-43c9-81a3-df00a00fc298@group-5F7F5D9E49E1->65846ed8-c1ef-45a3-a578-716f347ad6ea-GrpcLogAppender: Wait interrupted by java.lang.InterruptedException
2022-08-03 01:56:51,301 [26c6a879-3581-43c9-81a3-df00a00fc298@group-5F7F5D9E49E1->29c98487-0277-4cc7-b365-3516e94d97ef-GrpcLogAppender-LogAppenderDaemon] WARN  server.GrpcLogAppender (GrpcLogAppender.java:mayWait(171)) - 26c6a879-3581-43c9-81a3-df00a00fc298@group-5F7F5D9E49E1->29c98487-0277-4cc7-b365-3516e94d97ef-GrpcLogAppender: Wait interrupted by java.lang.InterruptedException
2022-08-03 01:56:51,301 [26c6a879-3581-43c9-81a3-df00a00fc298@group-5F7F5D9E49E1-LeaderStateImpl] INFO  impl.PendingRequests (PendingRequests.java:sendNotLeaderResponses(282)) - 26c6a879-3581-43c9-81a3-df00a00fc298@group-5F7F5D9E49E1-PendingRequests: sendNotLeaderResponses
2022-08-03 01:56:51,306 [26c6a879-3581-43c9-81a3-df00a00fc298@group-5F7F5D9E49E1-LeaderStateImpl] INFO  impl.RoleInfo (RoleInfo.java:updateAndGet(139)) - 26c6a879-3581-43c9-81a3-df00a00fc298: start 26c6a879-3581-43c9-81a3-df00a00fc298@group-5F7F5D9E49E1-FollowerState
2022-08-03 01:56:52,477 [ForkJoinPool.commonPool-worker-1] INFO  statemachine.DatanodeStateMachine (DatanodeStateMachine.java:stopDaemon(580)) - Ozone container server stopped.
2022-08-03 01:56:52,493 [ForkJoinPool.commonPool-worker-1] INFO  handler.ContextHandler (ContextHandler.java:doStop(1153)) - Stopped o.e.j.w.WebAppContext@6299cbbb{hddsDatanode,/,null,STOPPED}{jar:file:/home/runner/.m2/repository/org/apache/ozone/hdds-container-service/1.3.0-SNAPSHOT/hdds-container-service-1.3.0-SNAPSHOT.jar!/webapps/hddsDatanode}
2022-08-03 01:56:52,497 [Listener at 127.0.0.1/44107] INFO  statemachine.DatanodeStateMachine (DatanodeStateMachine.java:stopDaemon(580)) - Ozone container server stopped.
2022-08-03 01:56:52,504 [ForkJoinPool.commonPool-worker-1] INFO  server.AbstractConnector (AbstractConnector.java:doStop(381)) - Stopped ServerConnector@1d24c7c1{HTTP/1.1, (http/1.1)}{0.0.0.0:0}
2022-08-03 01:56:52,505 [ForkJoinPool.commonPool-worker-1] INFO  server.session (HouseKeeper.java:stopScavenging(149)) - node0 Stopped scavenging
2022-08-03 01:56:52,508 [ForkJoinPool.commonPool-worker-1] INFO  handler.ContextHandler (ContextHandler.java:doStop(1153)) - Stopped o.e.j.s.ServletContextHandler@5f707a09{static,/static,jar:file:/home/runner/.m2/repository/org/apache/ozone/hdds-container-service/1.3.0-SNAPSHOT/hdds-container-service-1.3.0-SNAPSHOT.jar!/webapps/static,STOPPED}
2022-08-03 01:56:52,522 [ForkJoinPool.commonPool-worker-1] INFO  handler.ContextHandler (ContextHandler.java:doStop(1153)) - Stopped o.e.j.s.ServletContextHandler@128bd0f0{logs,/logs,file:///home/runner/work/ozone/ozone/hadoop-ozone/integration-test/target/log,STOPPED}
2022-08-03 01:56:52,528 [Listener at 127.0.0.1/44107] INFO  handler.ContextHandler (ContextHandler.java:doStop(1153)) - Stopped o.e.j.w.WebAppContext@2fa4d438{hddsDatanode,/,null,STOPPED}{jar:file:/home/runner/.m2/repository/org/apache/ozone/hdds-container-service/1.3.0-SNAPSHOT/hdds-container-service-1.3.0-SNAPSHOT.jar!/webapps/hddsDatanode}
2022-08-03 01:56:52,529 [Listener at 127.0.0.1/44107] INFO  server.AbstractConnector (AbstractConnector.java:doStop(381)) - Stopped ServerConnector@5649af04{HTTP/1.1, (http/1.1)}{0.0.0.0:0}
2022-08-03 01:56:52,530 [Listener at 127.0.0.1/44107] INFO  server.session (HouseKeeper.java:stopScavenging(149)) - node0 Stopped scavenging
2022-08-03 01:56:52,532 [Listener at 127.0.0.1/44107] INFO  handler.ContextHandler (ContextHandler.java:doStop(1153)) - Stopped o.e.j.s.ServletContextHandler@b8b3874{static,/static,jar:file:/home/runner/.m2/repository/org/apache/ozone/hdds-container-service/1.3.0-SNAPSHOT/hdds-container-service-1.3.0-SNAPSHOT.jar!/webapps/static,STOPPED}
2022-08-03 01:56:52,532 [Listener at 127.0.0.1/44107] INFO  handler.ContextHandler (ContextHandler.java:doStop(1153)) - Stopped o.e.j.s.ServletContextHandler@6a8695f8{logs,/logs,file:///home/runner/work/ozone/ozone/hadoop-ozone/integration-test/target/log,STOPPED}
2022-08-03 01:56:52,800 [26c6a879-3581-43c9-81a3-df00a00fc298@group-A5332DF7F2B4-FollowerState] INFO  impl.FollowerState (FollowerState.java:run(143)) - 26c6a879-3581-43c9-81a3-df00a00fc298@group-A5332DF7F2B4-FollowerState: change to CANDIDATE, lastRpcElapsedTime:7550060784ns, electionTimeout:5098ms
2022-08-03 01:56:52,800 [26c6a879-3581-43c9-81a3-df00a00fc298@group-A5332DF7F2B4-FollowerState] INFO  impl.RoleInfo (RoleInfo.java:shutdownFollowerState(110)) - 26c6a879-3581-43c9-81a3-df00a00fc298: shutdown 26c6a879-3581-43c9-81a3-df00a00fc298@group-A5332DF7F2B4-FollowerState
2022-08-03 01:56:52,800 [26c6a879-3581-43c9-81a3-df00a00fc298@group-A5332DF7F2B4-FollowerState] INFO  server.RaftServer$Division (RaftServerImpl.java:setRole(299)) - 26c6a879-3581-43c9-81a3-df00a00fc298@group-A5332DF7F2B4: changes role from  FOLLOWER to CANDIDATE at term 4 for changeToCandidate
2022-08-03 01:56:52,800 [26c6a879-3581-43c9-81a3-df00a00fc298@group-A5332DF7F2B4-FollowerState] INFO  server.RaftServerConfigKeys (ConfUtils.java:logGet(46)) - raft.server.leaderelection.pre-vote = false (custom)
2022-08-03 01:56:52,800 [26c6a879-3581-43c9-81a3-df00a00fc298@group-A5332DF7F2B4-FollowerState] INFO  impl.RoleInfo (RoleInfo.java:updateAndGet(139)) - 26c6a879-3581-43c9-81a3-df00a00fc298: start 26c6a879-3581-43c9-81a3-df00a00fc298@group-A5332DF7F2B4-LeaderElection27
2022-08-03 01:56:52,815 [26c6a879-3581-43c9-81a3-df00a00fc298@group-A5332DF7F2B4-LeaderElection27] INFO  server.RaftServer$Division (ServerState.java:setLeader(287)) - 26c6a879-3581-43c9-81a3-df00a00fc298@group-A5332DF7F2B4: change Leader from 65846ed8-c1ef-45a3-a578-716f347ad6ea to null at term 4 for ELECTION
2022-08-03 01:56:52,829 [26c6a879-3581-43c9-81a3-df00a00fc298@group-A5332DF7F2B4-LeaderElection27] INFO  impl.LeaderElection (LeaderElection.java:askForVotes(310)) - 26c6a879-3581-43c9-81a3-df00a00fc298@group-A5332DF7F2B4-LeaderElection27 ELECTION round 0: submit vote requests at term 5 for 0: [26c6a879-3581-43c9-81a3-df00a00fc298|rpc:10.1.0.23:40673|dataStream:|priority:0, 65846ed8-c1ef-45a3-a578-716f347ad6ea|rpc:10.1.0.23:35919|dataStream:|priority:1, 29c98487-0277-4cc7-b365-3516e94d97ef|rpc:10.1.0.23:34985|dataStream:|priority:0], old=null
2022-08-03 01:56:52,830 [26c6a879-3581-43c9-81a3-df00a00fc298@group-A5332DF7F2B4-LeaderElection27] INFO  impl.LeaderElection (LogUtils.java:infoOrTrace(137)) - 26c6a879-3581-43c9-81a3-df00a00fc298@group-A5332DF7F2B4-LeaderElection27 got exception when requesting votes: java.util.concurrent.ExecutionException: org.apache.ratis.thirdparty.io.grpc.StatusRuntimeException: UNAVAILABLE: io exception
2022-08-03 01:56:52,831 [26c6a879-3581-43c9-81a3-df00a00fc298@group-A5332DF7F2B4-LeaderElection27] INFO  impl.LeaderElection (LogUtils.java:infoOrTrace(137)) - 26c6a879-3581-43c9-81a3-df00a00fc298@group-A5332DF7F2B4-LeaderElection27 got exception when requesting votes: java.util.concurrent.ExecutionException: org.apache.ratis.thirdparty.io.grpc.StatusRuntimeException: UNAVAILABLE: io exception
2022-08-03 01:56:52,831 [26c6a879-3581-43c9-81a3-df00a00fc298@group-A5332DF7F2B4-LeaderElection27] INFO  impl.LeaderElection (LeaderElection.java:logAndReturn(90)) - 26c6a879-3581-43c9-81a3-df00a00fc298@group-A5332DF7F2B4-LeaderElection27: ELECTION REJECTED received 0 response(s) and 2 exception(s):
2022-08-03 01:56:52,831 [26c6a879-3581-43c9-81a3-df00a00fc298@group-A5332DF7F2B4-LeaderElection27] INFO  impl.LeaderElection (LogUtils.java:infoOrTrace(137)) -   Exception 0: java.util.concurrent.ExecutionException: org.apache.ratis.thirdparty.io.grpc.StatusRuntimeException: UNAVAILABLE: io exception
2022-08-03 01:56:52,831 [26c6a879-3581-43c9-81a3-df00a00fc298@group-A5332DF7F2B4-LeaderElection27] INFO  impl.LeaderElection (LogUtils.java:infoOrTrace(137)) -   Exception 1: java.util.concurrent.ExecutionException: org.apache.ratis.thirdparty.io.grpc.StatusRuntimeException: UNAVAILABLE: io exception
2022-08-03 01:56:52,831 [26c6a879-3581-43c9-81a3-df00a00fc298@group-A5332DF7F2B4-LeaderElection27] INFO  impl.LeaderElection (LeaderElection.java:askForVotes(312)) - 26c6a879-3581-43c9-81a3-df00a00fc298@group-A5332DF7F2B4-LeaderElection27 ELECTION round 0: result REJECTED
2022-08-03 01:56:52,831 [26c6a879-3581-43c9-81a3-df00a00fc298@group-A5332DF7F2B4-LeaderElection27] INFO  server.RaftServer$Division (RaftServerImpl.java:setRole(299)) - 26c6a879-3581-43c9-81a3-df00a00fc298@group-A5332DF7F2B4: changes role from CANDIDATE to FOLLOWER at term 5 for REJECTED
2022-08-03 01:56:52,831 [26c6a879-3581-43c9-81a3-df00a00fc298@group-A5332DF7F2B4-LeaderElection27] INFO  impl.RoleInfo (RoleInfo.java:shutdownLeaderElection(130)) - 26c6a879-3581-43c9-81a3-df00a00fc298: shutdown 26c6a879-3581-43c9-81a3-df00a00fc298@group-A5332DF7F2B4-LeaderElection27
2022-08-03 01:56:52,831 [26c6a879-3581-43c9-81a3-df00a00fc298@group-A5332DF7F2B4-LeaderElection27] INFO  impl.RoleInfo (RoleInfo.java:updateAndGet(139)) - 26c6a879-3581-43c9-81a3-df00a00fc298: start 26c6a879-3581-43c9-81a3-df00a00fc298@group-A5332DF7F2B4-FollowerState
2022-08-03 01:56:55,724 [UnderReplicatedQueueThreadThread] INFO  replication.UnderReplicatedProcessor (UnderReplicatedProcessor.java:processAll(85)) - Processed 0 under replicated containers, failed processing 0
2022-08-03 01:56:55,735 [OverReplicatedQueueThreadThread] INFO  replication.OverReplicatedProcessor (OverReplicatedProcessor.java:processAll(83)) - Processed 0 over replicated containers, failed processing 0
2022-08-03 01:56:56,501 [26c6a879-3581-43c9-81a3-df00a00fc298@group-5F7F5D9E49E1-FollowerState] INFO  impl.FollowerState (FollowerState.java:lostMajorityHeartbeatsRecently(108)) - 26c6a879-3581-43c9-81a3-df00a00fc298@group-5F7F5D9E49E1-FollowerState: Skipping leader election since it stepped down recently (elapsed = 5194ms < waitTime = 10s)
2022-08-03 01:56:57,526 [ForkJoinPool.commonPool-worker-1] INFO  ozoneimpl.OzoneContainer (OzoneContainer.java:stop(399)) - Attempting to stop container services.
2022-08-03 01:56:57,528 [ForkJoinPool.commonPool-worker-1] INFO  server.RaftServer (RaftServerProxy.java:lambda$close$7(398)) - 26c6a879-3581-43c9-81a3-df00a00fc298: close
2022-08-03 01:56:57,529 [ForkJoinPool.commonPool-worker-1] INFO  server.RaftServer$Division (RaftServerImpl.java:lambda$close$4(434)) - 26c6a879-3581-43c9-81a3-df00a00fc298@group-3F3F2BEB8C5D: shutdown
2022-08-03 01:56:57,529 [ForkJoinPool.commonPool-worker-1] INFO  util.JmxRegister (JmxRegister.java:unregister(73)) - Successfully un-registered JMX Bean with object name Ratis:service=RaftServer,group=group-3F3F2BEB8C5D,id=26c6a879-3581-43c9-81a3-df00a00fc298
2022-08-03 01:56:57,529 [ForkJoinPool.commonPool-worker-1] INFO  impl.RoleInfo (RoleInfo.java:shutdownLeaderState(93)) - 26c6a879-3581-43c9-81a3-df00a00fc298: shutdown 26c6a879-3581-43c9-81a3-df00a00fc298@group-3F3F2BEB8C5D-LeaderStateImpl
2022-08-03 01:56:57,529 [ForkJoinPool.commonPool-worker-1] INFO  impl.PendingRequests (PendingRequests.java:sendNotLeaderResponses(282)) - 26c6a879-3581-43c9-81a3-df00a00fc298@group-3F3F2BEB8C5D-PendingRequests: sendNotLeaderResponses
2022-08-03 01:56:57,529 [ForkJoinPool.commonPool-worker-1] INFO  impl.StateMachineUpdater (StateMachineUpdater.java:stopAndJoin(153)) - 26c6a879-3581-43c9-81a3-df00a00fc298@group-3F3F2BEB8C5D-StateMachineUpdater: set stopIndex = 0
2022-08-03 01:56:57,530 [26c6a879-3581-43c9-81a3-df00a00fc298@group-3F3F2BEB8C5D-StateMachineUpdater] INFO  ratis.ContainerStateMachine (ContainerStateMachine.java:takeSnapshot(304)) - group-3F3F2BEB8C5D: Taking a snapshot at:(t:1, i:0) file /home/runner/work/ozone/ozone/hadoop-ozone/integration-test/target/test-dir/MiniOzoneClusterImpl-2b644ed5-ee6e-4744-ab54-d718b8c739bc/datanode-0/data/ratis/62e6db0f-5563-43bb-92f8-3f3f2beb8c5d/sm/snapshot.1_0
2022-08-03 01:56:57,534 [26c6a879-3581-43c9-81a3-df00a00fc298@group-3F3F2BEB8C5D-StateMachineUpdater] INFO  ratis.ContainerStateMachine (ContainerStateMachine.java:takeSnapshot(315)) - group-3F3F2BEB8C5D: Finished taking a snapshot at:(t:1, i:0) file:/home/runner/work/ozone/ozone/hadoop-ozone/integration-test/target/test-dir/MiniOzoneClusterImpl-2b644ed5-ee6e-4744-ab54-d718b8c739bc/datanode-0/data/ratis/62e6db0f-5563-43bb-92f8-3f3f2beb8c5d/sm/snapshot.1_0 took: 4 ms
2022-08-03 01:56:57,535 [26c6a879-3581-43c9-81a3-df00a00fc298@group-3F3F2BEB8C5D-StateMachineUpdater] INFO  impl.StateMachineUpdater (StateMachineUpdater.java:takeSnapshot(287)) - 26c6a879-3581-43c9-81a3-df00a00fc298@group-3F3F2BEB8C5D-StateMachineUpdater: Took a snapshot at index 0
2022-08-03 01:56:57,535 [26c6a879-3581-43c9-81a3-df00a00fc298@group-3F3F2BEB8C5D-StateMachineUpdater] INFO  impl.StateMachineUpdater (StateMachineUpdater.java:lambda$new$0(92)) - 26c6a879-3581-43c9-81a3-df00a00fc298@group-3F3F2BEB8C5D-StateMachineUpdater: snapshotIndex: updateIncreasingly -1 -> 0
2022-08-03 01:56:57,535 [ForkJoinPool.commonPool-worker-1] INFO  server.RaftServer$Division (ServerState.java:close(429)) - 26c6a879-3581-43c9-81a3-df00a00fc298@group-3F3F2BEB8C5D: closes. applyIndex: 0
2022-08-03 01:56:57,536 [26c6a879-3581-43c9-81a3-df00a00fc298@group-3F3F2BEB8C5D-SegmentedRaftLogWorker] INFO  segmented.SegmentedRaftLogWorker (SegmentedRaftLogWorker.java:run(336)) - 26c6a879-3581-43c9-81a3-df00a00fc298@group-3F3F2BEB8C5D-SegmentedRaftLogWorker was interrupted, exiting. There are 0 tasks remaining in the queue.
2022-08-03 01:56:57,536 [Listener at 127.0.0.1/44107] INFO  ozoneimpl.OzoneContainer (OzoneContainer.java:stop(399)) - Attempting to stop container services.
2022-08-03 01:56:57,537 [Listener at 127.0.0.1/44107] INFO  server.RaftServer (RaftServerProxy.java:lambda$close$7(398)) - 1b479651-b8a4-46b4-ae52-063804f29c2f: close
2022-08-03 01:56:57,537 [Listener at 127.0.0.1/44107] INFO  server.RaftServer$Division (RaftServerImpl.java:lambda$close$4(434)) - 1b479651-b8a4-46b4-ae52-063804f29c2f@group-70274849A91A: shutdown
2022-08-03 01:56:57,538 [Listener at 127.0.0.1/44107] INFO  util.JmxRegister (JmxRegister.java:unregister(73)) - Successfully un-registered JMX Bean with object name Ratis:service=RaftServer,group=group-70274849A91A,id=1b479651-b8a4-46b4-ae52-063804f29c2f
2022-08-03 01:56:57,538 [Listener at 127.0.0.1/44107] INFO  impl.RoleInfo (RoleInfo.java:shutdownLeaderState(93)) - 1b479651-b8a4-46b4-ae52-063804f29c2f: shutdown 1b479651-b8a4-46b4-ae52-063804f29c2f@group-70274849A91A-LeaderStateImpl
2022-08-03 01:56:57,538 [Listener at 127.0.0.1/44107] INFO  impl.PendingRequests (PendingRequests.java:sendNotLeaderResponses(282)) - 1b479651-b8a4-46b4-ae52-063804f29c2f@group-70274849A91A-PendingRequests: sendNotLeaderResponses
2022-08-03 01:56:57,536 [ForkJoinPool.commonPool-worker-1] INFO  segmented.SegmentedRaftLogWorker (SegmentedRaftLogWorker.java:close(246)) - 26c6a879-3581-43c9-81a3-df00a00fc298@group-3F3F2BEB8C5D-SegmentedRaftLogWorker close()
2022-08-03 01:56:57,540 [ForkJoinPool.commonPool-worker-1] INFO  server.RaftServer$Division (RaftServerImpl.java:lambda$close$4(434)) - 26c6a879-3581-43c9-81a3-df00a00fc298@group-A5332DF7F2B4: shutdown
2022-08-03 01:56:57,540 [ForkJoinPool.commonPool-worker-1] INFO  util.JmxRegister (JmxRegister.java:unregister(73)) - Successfully un-registered JMX Bean with object name Ratis:service=RaftServer,group=group-A5332DF7F2B4,id=26c6a879-3581-43c9-81a3-df00a00fc298
2022-08-03 01:56:57,540 [ForkJoinPool.commonPool-worker-1] INFO  impl.RoleInfo (RoleInfo.java:shutdownFollowerState(110)) - 26c6a879-3581-43c9-81a3-df00a00fc298: shutdown 26c6a879-3581-43c9-81a3-df00a00fc298@group-A5332DF7F2B4-FollowerState
2022-08-03 01:56:57,540 [26c6a879-3581-43c9-81a3-df00a00fc298@group-A5332DF7F2B4-FollowerState] INFO  impl.FollowerState (FollowerState.java:run(152)) - 26c6a879-3581-43c9-81a3-df00a00fc298@group-A5332DF7F2B4-FollowerState was interrupted
2022-08-03 01:56:57,552 [Listener at 127.0.0.1/44107] INFO  impl.StateMachineUpdater (StateMachineUpdater.java:stopAndJoin(153)) - 1b479651-b8a4-46b4-ae52-063804f29c2f@group-70274849A91A-StateMachineUpdater: set stopIndex = 0
2022-08-03 01:56:57,552 [1b479651-b8a4-46b4-ae52-063804f29c2f@group-70274849A91A-StateMachineUpdater] INFO  ratis.ContainerStateMachine (ContainerStateMachine.java:takeSnapshot(304)) - group-70274849A91A: Taking a snapshot at:(t:1, i:0) file /home/runner/work/ozone/ozone/hadoop-ozone/integration-test/target/test-dir/MiniOzoneClusterImpl-2b644ed5-ee6e-4744-ab54-d718b8c739bc/datanode-4/data/ratis/5561b4ba-447c-443c-b225-70274849a91a/sm/snapshot.1_0
2022-08-03 01:56:57,556 [1b479651-b8a4-46b4-ae52-063804f29c2f@group-70274849A91A-StateMachineUpdater] INFO  ratis.ContainerStateMachine (ContainerStateMachine.java:takeSnapshot(315)) - group-70274849A91A: Finished taking a snapshot at:(t:1, i:0) file:/home/runner/work/ozone/ozone/hadoop-ozone/integration-test/target/test-dir/MiniOzoneClusterImpl-2b644ed5-ee6e-4744-ab54-d718b8c739bc/datanode-4/data/ratis/5561b4ba-447c-443c-b225-70274849a91a/sm/snapshot.1_0 took: 4 ms
2022-08-03 01:56:57,557 [1b479651-b8a4-46b4-ae52-063804f29c2f@group-70274849A91A-StateMachineUpdater] INFO  impl.StateMachineUpdater (StateMachineUpdater.java:takeSnapshot(287)) - 1b479651-b8a4-46b4-ae52-063804f29c2f@group-70274849A91A-StateMachineUpdater: Took a snapshot at index 0
2022-08-03 01:56:57,557 [1b479651-b8a4-46b4-ae52-063804f29c2f@group-70274849A91A-StateMachineUpdater] INFO  impl.StateMachineUpdater (StateMachineUpdater.java:lambda$new$0(92)) - 1b479651-b8a4-46b4-ae52-063804f29c2f@group-70274849A91A-StateMachineUpdater: snapshotIndex: updateIncreasingly -1 -> 0
2022-08-03 01:56:57,557 [Listener at 127.0.0.1/44107] INFO  server.RaftServer$Division (ServerState.java:close(429)) - 1b479651-b8a4-46b4-ae52-063804f29c2f@group-70274849A91A: closes. applyIndex: 0
2022-08-03 01:56:57,558 [1b479651-b8a4-46b4-ae52-063804f29c2f@group-70274849A91A-SegmentedRaftLogWorker] INFO  segmented.SegmentedRaftLogWorker (SegmentedRaftLogWorker.java:run(336)) - 1b479651-b8a4-46b4-ae52-063804f29c2f@group-70274849A91A-SegmentedRaftLogWorker was interrupted, exiting. There are 0 tasks remaining in the queue.
2022-08-03 01:56:57,558 [Listener at 127.0.0.1/44107] INFO  segmented.SegmentedRaftLogWorker (SegmentedRaftLogWorker.java:close(246)) - 1b479651-b8a4-46b4-ae52-063804f29c2f@group-70274849A91A-SegmentedRaftLogWorker close()
2022-08-03 01:56:57,558 [26c6a879-3581-43c9-81a3-df00a00fc298@group-A5332DF7F2B4-StateMachineUpdater] INFO  ratis.ContainerStateMachine (ContainerStateMachine.java:takeSnapshot(304)) - group-A5332DF7F2B4: Taking a snapshot at:(t:4, i:0) file /home/runner/work/ozone/ozone/hadoop-ozone/integration-test/target/test-dir/MiniOzoneClusterImpl-2b644ed5-ee6e-4744-ab54-d718b8c739bc/datanode-0/data/ratis/fb4b05b2-2231-40b1-a748-a5332df7f2b4/sm/snapshot.4_0
2022-08-03 01:56:57,569 [ForkJoinPool.commonPool-worker-1] INFO  impl.StateMachineUpdater (StateMachineUpdater.java:stopAndJoin(153)) - 26c6a879-3581-43c9-81a3-df00a00fc298@group-A5332DF7F2B4-StateMachineUpdater: set stopIndex = 0
2022-08-03 01:56:57,572 [26c6a879-3581-43c9-81a3-df00a00fc298@group-A5332DF7F2B4-StateMachineUpdater] INFO  ratis.ContainerStateMachine (ContainerStateMachine.java:takeSnapshot(315)) - group-A5332DF7F2B4: Finished taking a snapshot at:(t:4, i:0) file:/home/runner/work/ozone/ozone/hadoop-ozone/integration-test/target/test-dir/MiniOzoneClusterImpl-2b644ed5-ee6e-4744-ab54-d718b8c739bc/datanode-0/data/ratis/fb4b05b2-2231-40b1-a748-a5332df7f2b4/sm/snapshot.4_0 took: 14 ms
2022-08-03 01:56:57,572 [26c6a879-3581-43c9-81a3-df00a00fc298@group-A5332DF7F2B4-StateMachineUpdater] INFO  impl.StateMachineUpdater (StateMachineUpdater.java:takeSnapshot(287)) - 26c6a879-3581-43c9-81a3-df00a00fc298@group-A5332DF7F2B4-StateMachineUpdater: Took a snapshot at index 0
2022-08-03 01:56:57,572 [26c6a879-3581-43c9-81a3-df00a00fc298@group-A5332DF7F2B4-StateMachineUpdater] INFO  impl.StateMachineUpdater (StateMachineUpdater.java:lambda$new$0(92)) - 26c6a879-3581-43c9-81a3-df00a00fc298@group-A5332DF7F2B4-StateMachineUpdater: snapshotIndex: updateIncreasingly -1 -> 0
2022-08-03 01:56:57,572 [ForkJoinPool.commonPool-worker-1] INFO  server.RaftServer$Division (ServerState.java:close(429)) - 26c6a879-3581-43c9-81a3-df00a00fc298@group-A5332DF7F2B4: closes. applyIndex: 0
2022-08-03 01:56:57,572 [26c6a879-3581-43c9-81a3-df00a00fc298@group-A5332DF7F2B4-SegmentedRaftLogWorker] INFO  segmented.SegmentedRaftLogWorker (SegmentedRaftLogWorker.java:run(336)) - 26c6a879-3581-43c9-81a3-df00a00fc298@group-A5332DF7F2B4-SegmentedRaftLogWorker was interrupted, exiting. There are 0 tasks remaining in the queue.
2022-08-03 01:56:57,573 [ForkJoinPool.commonPool-worker-1] INFO  segmented.SegmentedRaftLogWorker (SegmentedRaftLogWorker.java:close(246)) - 26c6a879-3581-43c9-81a3-df00a00fc298@group-A5332DF7F2B4-SegmentedRaftLogWorker close()
2022-08-03 01:56:57,573 [ForkJoinPool.commonPool-worker-1] INFO  server.RaftServer$Division (RaftServerImpl.java:lambda$close$4(434)) - 26c6a879-3581-43c9-81a3-df00a00fc298@group-5F7F5D9E49E1: shutdown
2022-08-03 01:56:57,573 [ForkJoinPool.commonPool-worker-1] INFO  util.JmxRegister (JmxRegister.java:unregister(73)) - Successfully un-registered JMX Bean with object name Ratis:service=RaftServer,group=group-5F7F5D9E49E1,id=26c6a879-3581-43c9-81a3-df00a00fc298
2022-08-03 01:56:57,573 [ForkJoinPool.commonPool-worker-1] INFO  impl.RoleInfo (RoleInfo.java:shutdownFollowerState(110)) - 26c6a879-3581-43c9-81a3-df00a00fc298: shutdown 26c6a879-3581-43c9-81a3-df00a00fc298@group-5F7F5D9E49E1-FollowerState
2022-08-03 01:56:57,573 [ForkJoinPool.commonPool-worker-1] INFO  impl.StateMachineUpdater (StateMachineUpdater.java:stopAndJoin(153)) - 26c6a879-3581-43c9-81a3-df00a00fc298@group-5F7F5D9E49E1-StateMachineUpdater: set stopIndex = 30
2022-08-03 01:56:57,574 [26c6a879-3581-43c9-81a3-df00a00fc298@group-5F7F5D9E49E1-StateMachineUpdater] INFO  ratis.ContainerStateMachine (ContainerStateMachine.java:takeSnapshot(304)) - group-5F7F5D9E49E1: Taking a snapshot at:(t:1, i:30) file /home/runner/work/ozone/ozone/hadoop-ozone/integration-test/target/test-dir/MiniOzoneClusterImpl-2b644ed5-ee6e-4744-ab54-d718b8c739bc/datanode-0/data/ratis/f536b2af-04bc-4e6a-b013-5f7f5d9e49e1/sm/snapshot.1_30
2022-08-03 01:56:57,576 [26c6a879-3581-43c9-81a3-df00a00fc298@group-5F7F5D9E49E1-FollowerState] INFO  impl.FollowerState (FollowerState.java:run(152)) - 26c6a879-3581-43c9-81a3-df00a00fc298@group-5F7F5D9E49E1-FollowerState was interrupted
2022-08-03 01:56:57,583 [26c6a879-3581-43c9-81a3-df00a00fc298@group-5F7F5D9E49E1-StateMachineUpdater] INFO  ratis.ContainerStateMachine (ContainerStateMachine.java:takeSnapshot(315)) - group-5F7F5D9E49E1: Finished taking a snapshot at:(t:1, i:30) file:/home/runner/work/ozone/ozone/hadoop-ozone/integration-test/target/test-dir/MiniOzoneClusterImpl-2b644ed5-ee6e-4744-ab54-d718b8c739bc/datanode-0/data/ratis/f536b2af-04bc-4e6a-b013-5f7f5d9e49e1/sm/snapshot.1_30 took: 10 ms
2022-08-03 01:56:57,584 [26c6a879-3581-43c9-81a3-df00a00fc298@group-5F7F5D9E49E1-StateMachineUpdater] INFO  impl.StateMachineUpdater (StateMachineUpdater.java:takeSnapshot(287)) - 26c6a879-3581-43c9-81a3-df00a00fc298@group-5F7F5D9E49E1-StateMachineUpdater: Took a snapshot at index 30
2022-08-03 01:56:57,584 [26c6a879-3581-43c9-81a3-df00a00fc298@group-5F7F5D9E49E1-StateMachineUpdater] INFO  impl.StateMachineUpdater (StateMachineUpdater.java:lambda$new$0(92)) - 26c6a879-3581-43c9-81a3-df00a00fc298@group-5F7F5D9E49E1-StateMachineUpdater: snapshotIndex: updateIncreasingly -1 -> 30
2022-08-03 01:56:57,584 [ForkJoinPool.commonPool-worker-1] INFO  server.RaftServer$Division (ServerState.java:close(429)) - 26c6a879-3581-43c9-81a3-df00a00fc298@group-5F7F5D9E49E1: closes. applyIndex: 30
2022-08-03 01:56:57,586 [26c6a879-3581-43c9-81a3-df00a00fc298@group-5F7F5D9E49E1-SegmentedRaftLogWorker] INFO  segmented.SegmentedRaftLogWorker (SegmentedRaftLogWorker.java:run(336)) - 26c6a879-3581-43c9-81a3-df00a00fc298@group-5F7F5D9E49E1-SegmentedRaftLogWorker was interrupted, exiting. There are 0 tasks remaining in the queue.
2022-08-03 01:56:57,586 [Listener at 127.0.0.1/44107] INFO  server.GrpcService (GrpcService.java:closeImpl(269)) - 1b479651-b8a4-46b4-ae52-063804f29c2f: shutdown server with port 38127 now
2022-08-03 01:56:57,587 [Listener at 127.0.0.1/44107] INFO  server.GrpcService (GrpcService.java:closeImpl(278)) - 1b479651-b8a4-46b4-ae52-063804f29c2f: shutdown server with port 38127 successfully
2022-08-03 01:56:57,587 [ForkJoinPool.commonPool-worker-1] INFO  segmented.SegmentedRaftLogWorker (SegmentedRaftLogWorker.java:close(246)) - 26c6a879-3581-43c9-81a3-df00a00fc298@group-5F7F5D9E49E1-SegmentedRaftLogWorker close()
2022-08-03 01:56:57,587 [org.apache.ratis.util.JvmPauseMonitor$$Lambda$631/606875044@3c869b9b] INFO  util.JvmPauseMonitor (JvmPauseMonitor.java:run(109)) - JvmPauseMonitor-1b479651-b8a4-46b4-ae52-063804f29c2f: Stopped
2022-08-03 01:56:57,588 [ForkJoinPool.commonPool-worker-1] INFO  server.GrpcService (GrpcService.java:closeImpl(269)) - 26c6a879-3581-43c9-81a3-df00a00fc298: shutdown server with port 40673 now
2022-08-03 01:56:57,591 [grpc-default-executor-2] WARN  server.GrpcClientProtocolService (LogUtils.java:warn(122)) - 1-UnorderedRequestStreamObserver1: onError: org.apache.ratis.thirdparty.io.grpc.StatusRuntimeException: CANCELLED: client cancelled
2022-08-03 01:56:57,608 [ForkJoinPool.commonPool-worker-1] INFO  server.GrpcService (GrpcService.java:closeImpl(278)) - 26c6a879-3581-43c9-81a3-df00a00fc298: shutdown server with port 40673 successfully
2022-08-03 01:56:57,609 [org.apache.ratis.util.JvmPauseMonitor$$Lambda$631/606875044@196a6fb6] INFO  util.JvmPauseMonitor (JvmPauseMonitor.java:run(109)) - JvmPauseMonitor-26c6a879-3581-43c9-81a3-df00a00fc298: Stopped
2022-08-03 01:56:59,623 [Listener at 127.0.0.1/44107] INFO  utils.BackgroundService (BackgroundService.java:shutdown(141)) - Shutting down service BlockDeletingService
2022-08-03 01:56:59,625 [Listener at 127.0.0.1/44107] INFO  utils.BackgroundService (BackgroundService.java:shutdown(141)) - Shutting down service StaleRecoveringContainerScrubbingService
2022-08-03 01:56:59,637 [ForkJoinPool.commonPool-worker-1] INFO  utils.BackgroundService (BackgroundService.java:shutdown(141)) - Shutting down service BlockDeletingService
2022-08-03 01:56:59,637 [ForkJoinPool.commonPool-worker-1] INFO  utils.BackgroundService (BackgroundService.java:shutdown(141)) - Shutting down service StaleRecoveringContainerScrubbingService
2022-08-03 01:57:02,644 [ForkJoinPool.commonPool-worker-1] INFO  statemachine.DatanodeStateMachine (DatanodeStateMachine.java:stopDaemon(580)) - Ozone container server stopped.
2022-08-03 01:57:02,653 [Listener at 127.0.0.1/44107] INFO  statemachine.DatanodeStateMachine (DatanodeStateMachine.java:stopDaemon(580)) - Ozone container server stopped.
2022-08-03 01:57:02,675 [Listener at 127.0.0.1/44107] INFO  handler.ContextHandler (ContextHandler.java:doStop(1153)) - Stopped o.e.j.w.WebAppContext@158315c8{hddsDatanode,/,null,STOPPED}{jar:file:/home/runner/.m2/repository/org/apache/ozone/hdds-container-service/1.3.0-SNAPSHOT/hdds-container-service-1.3.0-SNAPSHOT.jar!/webapps/hddsDatanode}
2022-08-03 01:57:02,696 [ForkJoinPool.commonPool-worker-1] INFO  handler.ContextHandler (ContextHandler.java:doStop(1153)) - Stopped o.e.j.w.WebAppContext@7e2e756f{hddsDatanode,/,null,STOPPED}{jar:file:/home/runner/.m2/repository/org/apache/ozone/hdds-container-service/1.3.0-SNAPSHOT/hdds-container-service-1.3.0-SNAPSHOT.jar!/webapps/hddsDatanode}
2022-08-03 01:57:02,697 [ForkJoinPool.commonPool-worker-1] INFO  server.AbstractConnector (AbstractConnector.java:doStop(381)) - Stopped ServerConnector@7e6707c5{HTTP/1.1, (http/1.1)}{0.0.0.0:0}
2022-08-03 01:57:02,697 [ForkJoinPool.commonPool-worker-1] INFO  server.session (HouseKeeper.java:stopScavenging(149)) - node0 Stopped scavenging
2022-08-03 01:57:02,697 [Listener at 127.0.0.1/44107] INFO  server.AbstractConnector (AbstractConnector.java:doStop(381)) - Stopped ServerConnector@7974417e{HTTP/1.1, (http/1.1)}{0.0.0.0:0}
2022-08-03 01:57:02,698 [Listener at 127.0.0.1/44107] INFO  server.session (HouseKeeper.java:stopScavenging(149)) - node0 Stopped scavenging
2022-08-03 01:57:02,698 [Listener at 127.0.0.1/44107] INFO  handler.ContextHandler (ContextHandler.java:doStop(1153)) - Stopped o.e.j.s.ServletContextHandler@6d18bbb8{static,/static,jar:file:/home/runner/.m2/repository/org/apache/ozone/hdds-container-service/1.3.0-SNAPSHOT/hdds-container-service-1.3.0-SNAPSHOT.jar!/webapps/static,STOPPED}
2022-08-03 01:57:02,698 [Listener at 127.0.0.1/44107] INFO  handler.ContextHandler (ContextHandler.java:doStop(1153)) - Stopped o.e.j.s.ServletContextHandler@4e67fd2d{logs,/logs,file:///home/runner/work/ozone/ozone/hadoop-ozone/integration-test/target/log,STOPPED}
2022-08-03 01:57:02,701 [ForkJoinPool.commonPool-worker-1] INFO  handler.ContextHandler (ContextHandler.java:doStop(1153)) - Stopped o.e.j.s.ServletContextHandler@4a0a10b8{static,/static,jar:file:/home/runner/.m2/repository/org/apache/ozone/hdds-container-service/1.3.0-SNAPSHOT/hdds-container-service-1.3.0-SNAPSHOT.jar!/webapps/static,STOPPED}
2022-08-03 01:57:02,702 [ForkJoinPool.commonPool-worker-1] INFO  handler.ContextHandler (ContextHandler.java:doStop(1153)) - Stopped o.e.j.s.ServletContextHandler@4c23c8a8{logs,/logs,file:///home/runner/work/ozone/ozone/hadoop-ozone/integration-test/target/log,STOPPED}
2022-08-03 01:57:05,947 [UnderReplicatedQueueThreadThread] INFO  replication.UnderReplicatedProcessor (UnderReplicatedProcessor.java:processAll(85)) - Processed 0 under replicated containers, failed processing 0
2022-08-03 01:57:05,970 [OverReplicatedQueueThreadThread] INFO  replication.OverReplicatedProcessor (OverReplicatedProcessor.java:processAll(83)) - Processed 0 over replicated containers, failed processing 0
2022-08-03 01:57:07,704 [ForkJoinPool.commonPool-worker-1] INFO  ozoneimpl.OzoneContainer (OzoneContainer.java:stop(399)) - Attempting to stop container services.
2022-08-03 01:57:07,704 [ForkJoinPool.commonPool-worker-1] INFO  server.RaftServer (RaftServerProxy.java:lambda$close$7(398)) - 73b28cf0-c51f-4d11-bb7e-73efbde6eb98: close
2022-08-03 01:57:07,705 [ForkJoinPool.commonPool-worker-1] INFO  server.RaftServer$Division (RaftServerImpl.java:lambda$close$4(434)) - 73b28cf0-c51f-4d11-bb7e-73efbde6eb98@group-927D109E829E: shutdown
2022-08-03 01:57:07,705 [ForkJoinPool.commonPool-worker-1] INFO  util.JmxRegister (JmxRegister.java:unregister(73)) - Successfully un-registered JMX Bean with object name Ratis:service=RaftServer,group=group-927D109E829E,id=73b28cf0-c51f-4d11-bb7e-73efbde6eb98
2022-08-03 01:57:07,705 [ForkJoinPool.commonPool-worker-1] INFO  impl.RoleInfo (RoleInfo.java:shutdownLeaderState(93)) - 73b28cf0-c51f-4d11-bb7e-73efbde6eb98: shutdown 73b28cf0-c51f-4d11-bb7e-73efbde6eb98@group-927D109E829E-LeaderStateImpl
2022-08-03 01:57:07,705 [ForkJoinPool.commonPool-worker-1] INFO  impl.PendingRequests (PendingRequests.java:sendNotLeaderResponses(282)) - 73b28cf0-c51f-4d11-bb7e-73efbde6eb98@group-927D109E829E-PendingRequests: sendNotLeaderResponses
2022-08-03 01:57:07,706 [ForkJoinPool.commonPool-worker-1] INFO  impl.StateMachineUpdater (StateMachineUpdater.java:stopAndJoin(153)) - 73b28cf0-c51f-4d11-bb7e-73efbde6eb98@group-927D109E829E-StateMachineUpdater: set stopIndex = 0
2022-08-03 01:57:07,706 [73b28cf0-c51f-4d11-bb7e-73efbde6eb98@group-927D109E829E-StateMachineUpdater] INFO  ratis.ContainerStateMachine (ContainerStateMachine.java:takeSnapshot(304)) - group-927D109E829E: Taking a snapshot at:(t:1, i:0) file /home/runner/work/ozone/ozone/hadoop-ozone/integration-test/target/test-dir/MiniOzoneClusterImpl-2b644ed5-ee6e-4744-ab54-d718b8c739bc/datanode-3/data/ratis/b5910452-39c1-4631-a8b5-927d109e829e/sm/snapshot.1_0
2022-08-03 01:57:07,742 [73b28cf0-c51f-4d11-bb7e-73efbde6eb98@group-927D109E829E-StateMachineUpdater] INFO  ratis.ContainerStateMachine (ContainerStateMachine.java:takeSnapshot(315)) - group-927D109E829E: Finished taking a snapshot at:(t:1, i:0) file:/home/runner/work/ozone/ozone/hadoop-ozone/integration-test/target/test-dir/MiniOzoneClusterImpl-2b644ed5-ee6e-4744-ab54-d718b8c739bc/datanode-3/data/ratis/b5910452-39c1-4631-a8b5-927d109e829e/sm/snapshot.1_0 took: 36 ms
2022-08-03 01:57:07,743 [73b28cf0-c51f-4d11-bb7e-73efbde6eb98@group-927D109E829E-StateMachineUpdater] INFO  impl.StateMachineUpdater (StateMachineUpdater.java:takeSnapshot(287)) - 73b28cf0-c51f-4d11-bb7e-73efbde6eb98@group-927D109E829E-StateMachineUpdater: Took a snapshot at index 0
2022-08-03 01:57:07,743 [73b28cf0-c51f-4d11-bb7e-73efbde6eb98@group-927D109E829E-StateMachineUpdater] INFO  impl.StateMachineUpdater (StateMachineUpdater.java:lambda$new$0(92)) - 73b28cf0-c51f-4d11-bb7e-73efbde6eb98@group-927D109E829E-StateMachineUpdater: snapshotIndex: updateIncreasingly -1 -> 0
2022-08-03 01:57:07,743 [ForkJoinPool.commonPool-worker-1] INFO  server.RaftServer$Division (ServerState.java:close(429)) - 73b28cf0-c51f-4d11-bb7e-73efbde6eb98@group-927D109E829E: closes. applyIndex: 0
2022-08-03 01:57:07,743 [73b28cf0-c51f-4d11-bb7e-73efbde6eb98@group-927D109E829E-SegmentedRaftLogWorker] INFO  segmented.SegmentedRaftLogWorker (SegmentedRaftLogWorker.java:run(336)) - 73b28cf0-c51f-4d11-bb7e-73efbde6eb98@group-927D109E829E-SegmentedRaftLogWorker was interrupted, exiting. There are 0 tasks remaining in the queue.
2022-08-03 01:57:07,744 [ForkJoinPool.commonPool-worker-1] INFO  segmented.SegmentedRaftLogWorker (SegmentedRaftLogWorker.java:close(246)) - 73b28cf0-c51f-4d11-bb7e-73efbde6eb98@group-927D109E829E-SegmentedRaftLogWorker close()
2022-08-03 01:57:07,744 [ForkJoinPool.commonPool-worker-1] INFO  server.GrpcService (GrpcService.java:closeImpl(269)) - 73b28cf0-c51f-4d11-bb7e-73efbde6eb98: shutdown server with port 35273 now
2022-08-03 01:57:07,767 [ForkJoinPool.commonPool-worker-1] INFO  server.GrpcService (GrpcService.java:closeImpl(278)) - 73b28cf0-c51f-4d11-bb7e-73efbde6eb98: shutdown server with port 35273 successfully
2022-08-03 01:57:07,768 [org.apache.ratis.util.JvmPauseMonitor$$Lambda$631/606875044@4e44e7f4] INFO  util.JvmPauseMonitor (JvmPauseMonitor.java:run(109)) - JvmPauseMonitor-73b28cf0-c51f-4d11-bb7e-73efbde6eb98: Stopped
2022-08-03 01:57:09,802 [ForkJoinPool.commonPool-worker-1] INFO  utils.BackgroundService (BackgroundService.java:shutdown(141)) - Shutting down service BlockDeletingService
2022-08-03 01:57:09,817 [ForkJoinPool.commonPool-worker-1] INFO  utils.BackgroundService (BackgroundService.java:shutdown(141)) - Shutting down service StaleRecoveringContainerScrubbingService
2022-08-03 01:57:12,833 [ForkJoinPool.commonPool-worker-1] INFO  statemachine.DatanodeStateMachine (DatanodeStateMachine.java:stopDaemon(580)) - Ozone container server stopped.
2022-08-03 01:57:12,870 [ForkJoinPool.commonPool-worker-1] INFO  handler.ContextHandler (ContextHandler.java:doStop(1153)) - Stopped o.e.j.w.WebAppContext@3287f2d{hddsDatanode,/,null,STOPPED}{jar:file:/home/runner/.m2/repository/org/apache/ozone/hdds-container-service/1.3.0-SNAPSHOT/hdds-container-service-1.3.0-SNAPSHOT.jar!/webapps/hddsDatanode}
2022-08-03 01:57:12,888 [ForkJoinPool.commonPool-worker-1] INFO  server.AbstractConnector (AbstractConnector.java:doStop(381)) - Stopped ServerConnector@6b4e1ef6{HTTP/1.1, (http/1.1)}{0.0.0.0:0}
2022-08-03 01:57:12,888 [ForkJoinPool.commonPool-worker-1] INFO  server.session (HouseKeeper.java:stopScavenging(149)) - node0 Stopped scavenging
2022-08-03 01:57:12,892 [ForkJoinPool.commonPool-worker-1] INFO  handler.ContextHandler (ContextHandler.java:doStop(1153)) - Stopped o.e.j.s.ServletContextHandler@71d6ac8d{static,/static,jar:file:/home/runner/.m2/repository/org/apache/ozone/hdds-container-service/1.3.0-SNAPSHOT/hdds-container-service-1.3.0-SNAPSHOT.jar!/webapps/static,STOPPED}
2022-08-03 01:57:12,896 [ForkJoinPool.commonPool-worker-1] INFO  handler.ContextHandler (ContextHandler.java:doStop(1153)) - Stopped o.e.j.s.ServletContextHandler@19b6b6{logs,/logs,file:///home/runner/work/ozone/ozone/hadoop-ozone/integration-test/target/log,STOPPED}
2022-08-03 01:57:12,901 [Listener at 127.0.0.1/44107] INFO  ozone.MiniOzoneClusterImpl (MiniOzoneClusterImpl.java:stopSCM(537)) - Stopping the StorageContainerManager
2022-08-03 01:57:12,901 [Listener at 127.0.0.1/44107] INFO  server.StorageContainerManager (StorageContainerManager.java:stop(1552)) - Container Balancer is not running.
2022-08-03 01:57:12,901 [Listener at 127.0.0.1/44107] INFO  server.StorageContainerManager (StorageContainerManager.java:stop(1559)) - Stopping Replication Manager Service.
2022-08-03 01:57:12,901 [Listener at 127.0.0.1/44107] INFO  replication.ReplicationManager (ReplicationManager.java:stop(233)) - Stopping Replication Monitor Thread.
2022-08-03 01:57:12,902 [Listener at 127.0.0.1/44107] INFO  server.StorageContainerManager (StorageContainerManager.java:stop(1566)) - Stopping the Datanode Admin Monitor.
2022-08-03 01:57:12,902 [ReplicationMonitor] INFO  replication.ReplicationManager (ReplicationManager.java:run(466)) - Replication Monitor Thread is stopped
2022-08-03 01:57:12,902 [Listener at 127.0.0.1/44107] INFO  server.StorageContainerManager (StorageContainerManager.java:stop(1573)) - Stopping Lease Manager of the command watchers
2022-08-03 01:57:12,902 [Listener at 127.0.0.1/44107] INFO  server.StorageContainerManager (StorageContainerManager.java:stop(1580)) - Stopping datanode service RPC server
2022-08-03 01:57:12,902 [Listener at 127.0.0.1/44107] INFO  server.SCMDatanodeProtocolServer (SCMDatanodeProtocolServer.java:stop(414)) - Stopping the RPC server for DataNodes
2022-08-03 01:57:12,902 [Listener at 127.0.0.1/44107] INFO  ipc.Server (Server.java:stop(3414)) - Stopping server on 41709
2022-08-03 01:57:12,905 [IPC Server Responder] INFO  ipc.Server (Server.java:run(1512)) - Stopping IPC Server Responder
2022-08-03 01:57:12,927 [IPC Server listener on 0] INFO  ipc.Server (Server.java:run(1376)) - Stopping IPC Server listener on 0
2022-08-03 01:57:12,991 [SCM Heartbeat Processing Thread - 0] WARN  node.NodeStateManager (NodeStateManager.java:scheduleNextHealthCheck(870)) - Current Thread is interrupted, shutting down HB processing thread for Node Manager.
2022-08-03 01:57:12,991 [Listener at 127.0.0.1/44107] INFO  server.StorageContainerManager (StorageContainerManager.java:stop(1588)) - Stopping block service RPC server
2022-08-03 01:57:12,991 [Listener at 127.0.0.1/44107] INFO  server.SCMBlockProtocolServer (SCMBlockProtocolServer.java:stop(161)) - Stopping the RPC server for Block Protocol
2022-08-03 01:57:12,991 [Listener at 127.0.0.1/44107] INFO  ipc.Server (Server.java:stop(3414)) - Stopping server on 35463
2022-08-03 01:57:12,996 [Listener at 127.0.0.1/44107] INFO  server.StorageContainerManager (StorageContainerManager.java:stop(1595)) - Stopping the StorageContainerLocationProtocol RPC server
2022-08-03 01:57:12,996 [Listener at 127.0.0.1/44107] INFO  server.SCMClientProtocolServer (SCMClientProtocolServer.java:stop(179)) - Stopping the RPC server for Client Protocol
2022-08-03 01:57:12,996 [Listener at 127.0.0.1/44107] INFO  ipc.Server (Server.java:stop(3414)) - Stopping server on 38733
2022-08-03 01:57:12,996 [IPC Server listener on 0] INFO  ipc.Server (Server.java:run(1376)) - Stopping IPC Server listener on 0
2022-08-03 01:57:12,996 [IPC Server Responder] INFO  ipc.Server (Server.java:run(1512)) - Stopping IPC Server Responder
2022-08-03 01:57:13,016 [Listener at 127.0.0.1/44107] INFO  server.StorageContainerManager (StorageContainerManager.java:stop(1602)) - Stopping Storage Container Manager HTTP server.
2022-08-03 01:57:13,016 [IPC Server listener on 0] INFO  ipc.Server (Server.java:run(1376)) - Stopping IPC Server listener on 0
2022-08-03 01:57:13,016 [IPC Server Responder] INFO  ipc.Server (Server.java:run(1512)) - Stopping IPC Server Responder
2022-08-03 01:57:13,017 [Listener at 127.0.0.1/44107] INFO  handler.ContextHandler (ContextHandler.java:doStop(1153)) - Stopped o.e.j.w.WebAppContext@1877da1d{scm,/,null,STOPPED}{file:/home/runner/work/ozone/ozone/hadoop-ozone/integration-test/target/test-classes/webapps/scm}
2022-08-03 01:57:13,017 [Listener at 127.0.0.1/44107] INFO  server.AbstractConnector (AbstractConnector.java:doStop(381)) - Stopped ServerConnector@24ceafbe{HTTP/1.1, (http/1.1)}{0.0.0.0:0}
2022-08-03 01:57:13,018 [Listener at 127.0.0.1/44107] INFO  server.session (HouseKeeper.java:stopScavenging(149)) - node0 Stopped scavenging
2022-08-03 01:57:13,018 [Listener at 127.0.0.1/44107] INFO  handler.ContextHandler (ContextHandler.java:doStop(1153)) - Stopped o.e.j.s.ServletContextHandler@41acf46d{static,/static,file:///home/runner/work/ozone/ozone/hadoop-ozone/integration-test/target/test-classes/webapps/static,STOPPED}
2022-08-03 01:57:13,018 [Listener at 127.0.0.1/44107] INFO  handler.ContextHandler (ContextHandler.java:doStop(1153)) - Stopped o.e.j.s.ServletContextHandler@dcba21c{logs,/logs,file:///home/runner/work/ozone/ozone/hadoop-ozone/integration-test/target/log,STOPPED}
2022-08-03 01:57:13,023 [Listener at 127.0.0.1/44107] INFO  server.StorageContainerManager (StorageContainerManager.java:stop(1613)) - Stopping Block Manager Service.
2022-08-03 01:57:13,023 [Listener at 127.0.0.1/44107] INFO  utils.BackgroundService (BackgroundService.java:shutdown(141)) - Shutting down service SCMBlockDeletingService
2022-08-03 01:57:13,024 [Listener at 127.0.0.1/44107] INFO  utils.BackgroundService (BackgroundService.java:shutdown(141)) - Shutting down service SCMBlockDeletingService
2022-08-03 01:57:13,024 [Listener at 127.0.0.1/44107] INFO  server.StorageContainerManager (StorageContainerManager.java:stop(1640)) - Stopping SCM Event Queue.
2022-08-03 01:57:13,025 [Listener at 127.0.0.1/44107] INFO  server.StorageContainerManager (StorageContainerManager.java:stop(1651)) - Stopping SCM HA services.
2022-08-03 01:57:13,026 [Listener at 127.0.0.1/44107] INFO  pipeline.BackgroundPipelineCreator (BackgroundPipelineCreator.java:stop(149)) - Stopping RatisPipelineUtilsThread.
2022-08-03 01:57:13,026 [RatisPipelineUtilsThread - 0] WARN  pipeline.BackgroundPipelineCreator (BackgroundPipelineCreator.java:run(180)) - RatisPipelineUtilsThread is interrupted.
2022-08-03 01:57:13,028 [Listener at 127.0.0.1/44107] INFO  BackgroundPipelineScrubber (BackgroundSCMService.java:stop(126)) - Stopping BackgroundPipelineScrubber Service.
2022-08-03 01:57:13,028 [BackgroundPipelineScrubberThread] WARN  BackgroundPipelineScrubber (BackgroundSCMService.java:run(110)) - BackgroundPipelineScrubber is interrupted, exit
2022-08-03 01:57:13,028 [Listener at 127.0.0.1/44107] INFO  server.StorageContainerManager (StorageContainerManager.java:stop(1661)) - Stopping SCM MetadataStore.
2022-08-03 01:57:13,030 [Listener at 127.0.0.1/44107] INFO  impl.MetricsSystemImpl (MetricsSystemImpl.java:stop(210)) - Stopping HddsDatanode metrics system...
2022-08-03 01:57:13,075 [prometheus] INFO  impl.MetricsSinkAdapter (MetricsSinkAdapter.java:publishMetricsFromQueue(141)) - prometheus thread interrupted.
2022-08-03 01:57:13,075 [Listener at 127.0.0.1/44107] INFO  impl.MetricsSystemImpl (MetricsSystemImpl.java:stop(216)) - HddsDatanode metrics system stopped.
2022-08-03 01:57:13,318 [Listener at 127.0.0.1/44107] WARN  server.ServerUtils (ServerUtils.java:getScmDbDir(148)) - ozone.scm.db.dirs is not configured. We recommend adding this setting. Falling back to ozone.metadata.dirs instead.
2022-08-03 01:57:13,348 [Listener at 127.0.0.1/44107] WARN  server.ServerUtils (ServerUtils.java:getScmDbDir(148)) - ozone.scm.db.dirs is not configured. We recommend adding this setting. Falling back to ozone.metadata.dirs instead.
2022-08-03 01:57:13,349 [Listener at 127.0.0.1/44107] INFO  ha.SCMHANodeDetails (SCMHANodeDetails.java:loadSCMHAConfig(209)) - ServiceID for StorageContainerManager is null
2022-08-03 01:57:13,349 [Listener at 127.0.0.1/44107] INFO  ha.SCMHANodeDetails (SCMHANodeDetails.java:loadSCMHAConfig(214)) - ozone.scm.default.service.id is not defined, falling back to ozone.scm.service.ids to find serviceID for StorageContainerManager if it is HA enabled cluster
2022-08-03 01:57:13,358 [Listener at 127.0.0.1/44107] WARN  utils.HAUtils (HAUtils.java:getMetaDir(342)) - ozone.scm.db.dirs is not configured. We recommend adding this setting. Falling back to ozone.metadata.dirs instead.
2022-08-03 01:57:13,359 [Listener at 127.0.0.1/44107] WARN  db.DBStoreBuilder (DBStoreBuilder.java:applyDBDefinition(145)) - ozone.scm.db.dirs is not configured. We recommend adding this setting. Falling back to ozone.metadata.dirs instead.
2022-08-03 01:57:13,672 [Listener at 127.0.0.1/44107] INFO  net.NodeSchemaLoader (NodeSchemaLoader.java:loadSchemaFromFile(129)) - Loading schema from [jar:file:/home/runner/.m2/repository/org/apache/ozone/hdds-common/1.3.0-SNAPSHOT/hdds-common-1.3.0-SNAPSHOT.jar!/network-topology-default.xml]
2022-08-03 01:57:13,672 [Listener at 127.0.0.1/44107] INFO  net.NodeSchemaLoader (NodeSchemaLoader.java:loadSchema(176)) - Loading network topology layer schema file
2022-08-03 01:57:13,709 [Listener at 127.0.0.1/44107] INFO  upgrade.AbstractLayoutVersionManager (AbstractLayoutVersionManager.java:init(83)) - Initializing Layout version manager with metadata layout = DATANODE_SCHEMA_V3 (version = 4), software layout = DATANODE_SCHEMA_V3 (version = 4)
2022-08-03 01:57:13,834 [Listener at 127.0.0.1/44107] INFO  reflections.Reflections (Reflections.java:scan(232)) - Reflections took 123 ms to scan 7 urls, producing 132 keys and 321 values 
2022-08-03 01:57:13,835 [Listener at 127.0.0.1/44107] INFO  ha.SequenceIdGenerator (SequenceIdGenerator.java:upgradeToSequenceId(349)) - upgrade localId to 109611004723200000
2022-08-03 01:57:13,836 [Listener at 127.0.0.1/44107] INFO  ha.SequenceIdGenerator (SequenceIdGenerator.java:upgradeToSequenceId(359)) - upgrade delTxnId to 0
2022-08-03 01:57:13,836 [Listener at 127.0.0.1/44107] INFO  ha.SequenceIdGenerator (SequenceIdGenerator.java:upgradeToSequenceId(376)) - upgrade containerId to 0
2022-08-03 01:57:13,836 [Listener at 127.0.0.1/44107] INFO  ha.SequenceIdGenerator (SequenceIdGenerator.java:<init>(220)) - Init the HA SequenceIdGenerator.
2022-08-03 01:57:13,837 [Listener at 127.0.0.1/44107] WARN  server.ServerUtils (ServerUtils.java:sanitizeUserArgs(73)) - ozone.scm.stale.node.interval value = 300000 is larger than max = 100000 based on the key value of ozone.scm.heartbeat.thread.interval, reset to the max value 100000.
2022-08-03 01:57:13,837 [Listener at 127.0.0.1/44107] WARN  server.ServerUtils (ServerUtils.java:sanitizeUserArgs(73)) - ozone.scm.stale.node.interval value = 300000 is larger than max = 100000 based on the key value of ozone.scm.heartbeat.thread.interval, reset to the max value 100000.
2022-08-03 01:57:13,837 [Listener at 127.0.0.1/44107] INFO  node.SCMNodeManager (SCMNodeManager.java:<init>(149)) - Entering startup safe mode.
2022-08-03 01:57:13,838 [Listener at 127.0.0.1/44107] INFO  algorithms.ContainerPlacementPolicyFactory (ContainerPlacementPolicyFactory.java:getPolicyInternal(86)) - Create container placement policy of type org.apache.hadoop.hdds.scm.container.placement.algorithms.SCMContainerPlacementRandom
2022-08-03 01:57:13,838 [Listener at 127.0.0.1/44107] INFO  algorithms.ContainerPlacementPolicyFactory (ContainerPlacementPolicyFactory.java:getPolicyInternal(86)) - Create container placement policy of type org.apache.hadoop.hdds.scm.container.placement.algorithms.SCMContainerPlacementRackScatter
2022-08-03 01:57:13,838 [Listener at 127.0.0.1/44107] INFO  pipeline.PipelineStateManagerImpl (PipelineStateManagerImpl.java:initialize(78)) - No pipeline exists in current db
2022-08-03 01:57:13,839 [Listener at 127.0.0.1/44107] INFO  algorithms.LeaderChoosePolicyFactory (LeaderChoosePolicyFactory.java:getPolicy(57)) - Create leader choose policy of type org.apache.hadoop.hdds.scm.pipeline.leader.choose.algorithms.MinLeaderCountChoosePolicy
2022-08-03 01:57:13,839 [Listener at 127.0.0.1/44107] INFO  algorithms.ContainerPlacementPolicyFactory (ContainerPlacementPolicyFactory.java:getPolicyInternal(86)) - Create container placement policy of type org.apache.hadoop.hdds.scm.container.placement.algorithms.SCMContainerPlacementRackScatter
2022-08-03 01:57:13,839 [Listener at 127.0.0.1/44107] INFO  ha.SCMServiceManager (SCMServiceManager.java:register(42)) - Registering service BackgroundPipelineCreator.
2022-08-03 01:57:13,839 [Listener at 127.0.0.1/44107] INFO  pipeline.BackgroundPipelineCreator (BackgroundPipelineCreator.java:start(124)) - Starting RatisPipelineUtilsThread.
2022-08-03 01:57:13,840 [Listener at 127.0.0.1/44107] INFO  BackgroundPipelineScrubber (BackgroundSCMService.java:start(68)) - Starting BackgroundPipelineScrubber Service.
2022-08-03 01:57:13,840 [Listener at 127.0.0.1/44107] INFO  ha.SCMServiceManager (SCMServiceManager.java:register(42)) - Registering service BackgroundPipelineScrubber.
2022-08-03 01:57:13,840 [Listener at 127.0.0.1/44107] INFO  ExpiredContainerReplicaOpScrubber (BackgroundSCMService.java:start(68)) - Starting ExpiredContainerReplicaOpScrubber Service.
2022-08-03 01:57:13,840 [Listener at 127.0.0.1/44107] INFO  ha.SCMServiceManager (SCMServiceManager.java:register(42)) - Registering service ExpiredContainerReplicaOpScrubber.
2022-08-03 01:57:13,841 [Listener at 127.0.0.1/44107] INFO  algorithms.PipelineChoosePolicyFactory (PipelineChoosePolicyFactory.java:createPipelineChoosePolicyFromClass(73)) - Create pipeline choose policy of type org.apache.hadoop.hdds.scm.pipeline.choose.algorithms.RandomPipelineChoosePolicy
2022-08-03 01:57:13,841 [Listener at 127.0.0.1/44107] INFO  ha.SCMServiceManager (SCMServiceManager.java:register(42)) - Registering service SCMBlockDeletingService.
2022-08-03 01:57:13,842 [Listener at 127.0.0.1/44107] INFO  replication.ReplicationManager (ReplicationManager.java:start(200)) - Starting Replication Monitor Thread.
2022-08-03 01:57:13,856 [Listener at 127.0.0.1/44107] INFO  UnderReplicatedQueueThread (BackgroundSCMService.java:start(68)) - Starting UnderReplicatedQueueThread Service.
2022-08-03 01:57:13,860 [Listener at 127.0.0.1/44107] INFO  ha.SCMServiceManager (SCMServiceManager.java:register(42)) - Registering service UnderReplicatedQueueThread.
2022-08-03 01:57:13,860 [Listener at 127.0.0.1/44107] INFO  OverReplicatedQueueThread (BackgroundSCMService.java:start(68)) - Starting OverReplicatedQueueThread Service.
2022-08-03 01:57:13,860 [Listener at 127.0.0.1/44107] INFO  ha.SCMServiceManager (SCMServiceManager.java:register(42)) - Registering service OverReplicatedQueueThread.
2022-08-03 01:57:13,860 [Listener at 127.0.0.1/44107] INFO  ha.SCMServiceManager (SCMServiceManager.java:register(42)) - Registering service ReplicationManager.
2022-08-03 01:57:13,861 [Listener at 127.0.0.1/44107] INFO  safemode.ContainerSafeModeRule (ContainerSafeModeRule.java:<init>(89)) - containers with one replica threshold count 0
2022-08-03 01:57:13,861 [Listener at 127.0.0.1/44107] INFO  safemode.HealthyPipelineSafeModeRule (HealthyPipelineSafeModeRule.java:initializeRule(169)) - Total pipeline count is 0, healthy pipeline threshold count is 1
2022-08-03 01:57:13,861 [Listener at 127.0.0.1/44107] INFO  safemode.OneReplicaPipelineSafeModeRule (OneReplicaPipelineSafeModeRule.java:initializeRule(180)) - Total pipeline count is 0, pipeline's with at least one datanode reported threshold count is 0
2022-08-03 01:57:13,862 [Listener at 127.0.0.1/44107] INFO  ipc.CallQueueManager (CallQueueManager.java:<init>(90)) - Using callQueue: class java.util.concurrent.LinkedBlockingQueue, queueCapacity: 2000, scheduler: class org.apache.hadoop.ipc.DefaultRpcScheduler, ipcBackoff: false.
2022-08-03 01:57:13,862 [Socket Reader #1 for port 0] INFO  ipc.Server (Server.java:run(1265)) - Starting Socket Reader #1 for port 0
2022-08-03 01:57:13,863 [Listener at 0.0.0.0/42151] INFO  ipc.CallQueueManager (CallQueueManager.java:<init>(90)) - Using callQueue: class java.util.concurrent.LinkedBlockingQueue, queueCapacity: 2000, scheduler: class org.apache.hadoop.ipc.DefaultRpcScheduler, ipcBackoff: false.
2022-08-03 01:57:13,864 [Socket Reader #1 for port 0] INFO  ipc.Server (Server.java:run(1265)) - Starting Socket Reader #1 for port 0
2022-08-03 01:57:13,864 [Listener at 0.0.0.0/35335] INFO  ipc.CallQueueManager (CallQueueManager.java:<init>(90)) - Using callQueue: class java.util.concurrent.LinkedBlockingQueue, queueCapacity: 2000, scheduler: class org.apache.hadoop.ipc.DefaultRpcScheduler, ipcBackoff: false.
2022-08-03 01:57:13,894 [ReplicationMonitor] INFO  replication.ReplicationManager (ReplicationManager.java:processAll(249)) - Replication Manager is not ready to run until 3000ms after safemode exit
2022-08-03 01:57:13,904 [Socket Reader #1 for port 0] INFO  ipc.Server (Server.java:run(1265)) - Starting Socket Reader #1 for port 0
2022-08-03 01:57:14,001 [Listener at 0.0.0.0/43447] INFO  ha.SCMServiceManager (SCMServiceManager.java:register(42)) - Registering service ContainerBalancer.
2022-08-03 01:57:14,001 [Listener at 0.0.0.0/43447] INFO  server.StorageContainerManager (StorageContainerManager.java:<init>(406)) - 
Container Balancer status:
Key                            Value
Running                        false
Container Balancer Configuration values:
Key                                                Value
Threshold                                          10
Max Datanodes to Involve per Iteration(percent)    20
Max Size to Move per Iteration                     500GB
Max Size Entering Target per Iteration             26GB
Max Size Leaving Source per Iteration              26GB

2022-08-03 01:57:14,002 [Listener at 0.0.0.0/43447] WARN  events.EventQueue (EventQueue.java:fireEvent(216)) - No event handler registered for event TypedEvent{payloadType=SafeModeStatus, name='Safe mode status'}
2022-08-03 01:57:14,002 [Listener at 0.0.0.0/43447] INFO  ha.SCMContext (SCMContext.java:updateSafeModeStatus(228)) - Update SafeModeStatus from SafeModeStatus{safeModeStatus=true, preCheckPassed=false} to SafeModeStatus{safeModeStatus=true, preCheckPassed=false}.
2022-08-03 01:57:14,002 [Listener at 0.0.0.0/43447] INFO  server.StorageContainerManager (StorageContainerManager.java:start(1460)) - StorageContainerLocationProtocol RPC server is listening at /0.0.0.0:43447
2022-08-03 01:57:14,004 [Listener at 0.0.0.0/43447] WARN  impl.MetricsConfig (MetricsConfig.java:loadFirst(136)) - Cannot locate configuration: tried hadoop-metrics2-storagecontainermanager.properties,hadoop-metrics2.properties
2022-08-03 01:57:14,039 [Listener at 0.0.0.0/43447] INFO  impl.MetricsSystemImpl (MetricsSystemImpl.java:startTimer(378)) - Scheduled Metric snapshot period at 10 second(s).
2022-08-03 01:57:14,039 [Listener at 0.0.0.0/43447] INFO  impl.MetricsSystemImpl (MetricsSystemImpl.java:start(191)) - StorageContainerManager metrics system started
2022-08-03 01:57:14,100 [Listener at 0.0.0.0/43447] INFO  impl.MetricsSinkAdapter (MetricsSinkAdapter.java:start(204)) - Sink prometheus started
2022-08-03 01:57:14,101 [Listener at 0.0.0.0/43447] INFO  impl.MetricsSystemImpl (MetricsSystemImpl.java:registerSink(305)) - Registered sink prometheus
2022-08-03 01:57:14,159 [Listener at 0.0.0.0/43447] INFO  server.SCMClientProtocolServer (SCMClientProtocolServer.java:start(170)) - RPC server for Client  is listening at /0.0.0.0:43447
2022-08-03 01:57:14,172 [IPC Server Responder] INFO  ipc.Server (Server.java:run(1507)) - IPC Server Responder: starting
2022-08-03 01:57:14,173 [IPC Server listener on 0] INFO  ipc.Server (Server.java:run(1344)) - IPC Server listener on 0: starting
2022-08-03 01:57:14,303 [Listener at 0.0.0.0/43447] INFO  server.StorageContainerManager (StorageContainerManager.java:start(1475)) - ScmBlockLocationProtocol RPC server is listening at /0.0.0.0:35335
2022-08-03 01:57:14,304 [Listener at 0.0.0.0/43447] INFO  server.SCMBlockProtocolServer (SCMBlockProtocolServer.java:start(152)) - RPC server for Block Protocol is listening at /0.0.0.0:35335
2022-08-03 01:57:14,304 [IPC Server Responder] INFO  ipc.Server (Server.java:run(1507)) - IPC Server Responder: starting
2022-08-03 01:57:14,304 [IPC Server listener on 0] INFO  ipc.Server (Server.java:run(1344)) - IPC Server listener on 0: starting
2022-08-03 01:57:14,306 [Listener at 0.0.0.0/43447] INFO  server.SCMDatanodeProtocolServer (SCMDatanodeProtocolServer.java:start(186)) - ScmDatanodeProtocol RPC server for DataNodes is listening at /0.0.0.0:42151
2022-08-03 01:57:14,307 [IPC Server Responder] INFO  ipc.Server (Server.java:run(1507)) - IPC Server Responder: starting
2022-08-03 01:57:14,307 [IPC Server listener on 0] INFO  ipc.Server (Server.java:run(1344)) - IPC Server listener on 0: starting
2022-08-03 01:57:14,388 [Listener at 0.0.0.0/43447] INFO  http.BaseHttpServer (BaseHttpServer.java:newHttpServer2BuilderForOzone(209)) - Starting Web-server for scm at: http://0.0.0.0:0
2022-08-03 01:57:14,389 [Listener at 0.0.0.0/43447] INFO  http.BaseHttpServer (BaseHttpServer.java:<init>(107)) - Hadoop Security Enabled: false Ozone Security Enabled: false Ozone HTTP Security Enabled: false 
2022-08-03 01:57:14,390 [Listener at 0.0.0.0/43447] INFO  server.AuthenticationFilter (AuthenticationFilter.java:constructSecretProvider(240)) - Unable to initialize FileSignerSecretProvider, falling back to use random secrets.
2022-08-03 01:57:14,409 [org.apache.hadoop.util.JvmPauseMonitor$Monitor@3594aadb] INFO  util.JvmPauseMonitor (JvmPauseMonitor.java:run(188)) - Starting JVM pause monitor
2022-08-03 01:57:14,419 [Listener at 0.0.0.0/43447] WARN  http.HttpRequestLog (HttpRequestLog.java:getRequestLog(103)) - Jetty request log can only be enabled using Log4j
2022-08-03 01:57:14,421 [Listener at 0.0.0.0/43447] INFO  http.HttpServer2 (HttpServer2.java:addGlobalFilter(1029)) - Added global filter 'safety' (class=org.apache.hadoop.hdds.server.http.HttpServer2$QuotingInputFilter)
2022-08-03 01:57:14,422 [Listener at 0.0.0.0/43447] INFO  http.HttpServer2 (HttpServer2.java:addFilter(1005)) - Added filter static_user_filter (class=org.apache.hadoop.http.lib.StaticUserWebFilter$StaticUserFilter) to context scm
2022-08-03 01:57:14,422 [Listener at 0.0.0.0/43447] INFO  http.HttpServer2 (HttpServer2.java:addFilter(1013)) - Added filter static_user_filter (class=org.apache.hadoop.http.lib.StaticUserWebFilter$StaticUserFilter) to context static
2022-08-03 01:57:14,422 [Listener at 0.0.0.0/43447] INFO  http.HttpServer2 (HttpServer2.java:addFilter(1013)) - Added filter static_user_filter (class=org.apache.hadoop.http.lib.StaticUserWebFilter$StaticUserFilter) to context logs
2022-08-03 01:57:14,422 [Listener at 0.0.0.0/43447] INFO  http.HttpServer2 (HttpServer2.java:bindListener(1248)) - Jetty bound to port 45553
2022-08-03 01:57:14,423 [Listener at 0.0.0.0/43447] INFO  server.Server (Server.java:doStart(375)) - jetty-9.4.43.v20210629; built: 2021-06-30T11:07:22.254Z; git: 526006ecfa3af7f1a27ef3a288e2bef7ea9dd7e8; jvm 1.8.0_332-b09
2022-08-03 01:57:14,471 [Listener at 0.0.0.0/43447] INFO  server.session (DefaultSessionIdManager.java:doStart(334)) - DefaultSessionIdManager workerName=node0
2022-08-03 01:57:14,471 [Listener at 0.0.0.0/43447] INFO  server.session (DefaultSessionIdManager.java:doStart(339)) - No SessionScavenger set, using defaults
2022-08-03 01:57:14,471 [Listener at 0.0.0.0/43447] INFO  server.session (HouseKeeper.java:startScavenging(132)) - node0 Scavenging every 600000ms
2022-08-03 01:57:14,496 [Listener at 0.0.0.0/43447] INFO  handler.ContextHandler (ContextHandler.java:doStart(915)) - Started o.e.j.s.ServletContextHandler@2b899cb7{logs,/logs,file:///home/runner/work/ozone/ozone/hadoop-ozone/integration-test/target/log,AVAILABLE}
2022-08-03 01:57:14,496 [Listener at 0.0.0.0/43447] INFO  handler.ContextHandler (ContextHandler.java:doStart(915)) - Started o.e.j.s.ServletContextHandler@69908483{static,/static,file:///home/runner/work/ozone/ozone/hadoop-ozone/integration-test/target/test-classes/webapps/static,AVAILABLE}
2022-08-03 01:57:14,521 [Listener at 0.0.0.0/43447] INFO  handler.ContextHandler (ContextHandler.java:doStart(915)) - Started o.e.j.w.WebAppContext@1b2c8a67{scm,/,file:///home/runner/work/ozone/ozone/hadoop-ozone/integration-test/target/test-classes/webapps/scm/,AVAILABLE}{file:/home/runner/work/ozone/ozone/hadoop-ozone/integration-test/target/test-classes/webapps/scm}
2022-08-03 01:57:14,547 [Listener at 0.0.0.0/43447] INFO  server.AbstractConnector (AbstractConnector.java:doStart(331)) - Started ServerConnector@6627aa35{HTTP/1.1, (http/1.1)}{0.0.0.0:45553}
2022-08-03 01:57:14,548 [Listener at 0.0.0.0/43447] INFO  server.Server (Server.java:doStart(415)) - Started @262404ms
2022-08-03 01:57:14,548 [Listener at 0.0.0.0/43447] WARN  impl.MetricsSystemImpl (MetricsSystemImpl.java:register(279)) - Sink prometheus already exists!
2022-08-03 01:57:14,548 [Listener at 0.0.0.0/43447] INFO  http.BaseHttpServer (BaseHttpServer.java:updateConnectorAddress(329)) - HTTP server of scm listening at http://0.0.0.0:45553
2022-08-03 01:57:14,549 [Listener at 0.0.0.0/43447] WARN  server.ServerUtils (ServerUtils.java:getDBPath(225)) - ozone.om.db.dirs is not configured. We recommend adding this setting. Falling back to ozone.metadata.dirs instead.
2022-08-03 01:57:14,554 [Listener at 0.0.0.0/43447] INFO  ha.OMHANodeDetails (OMHANodeDetails.java:loadOMHAConfig(115)) - ozone.om.internal.service.id is not defined, falling back to ozone.om.service.ids to find serviceID for OzoneManager if it is HA enabled cluster
2022-08-03 01:57:14,554 [Listener at 0.0.0.0/43447] INFO  ha.OMHANodeDetails (OMHANodeDetails.java:loadOMHAConfig(226)) - Configuration does not have ozone.om.address set. Falling back to the default OM address /127.0.0.1:0
2022-08-03 01:57:14,554 [Listener at 0.0.0.0/43447] INFO  ha.OMHANodeDetails (OMHANodeDetails.java:getOMNodeDetailsForNonHA(254)) - OM Service ID is not set. Setting it to the default ID: omServiceIdDefault
2022-08-03 01:57:14,554 [Listener at 0.0.0.0/43447] INFO  ha.OMHANodeDetails (OMHANodeDetails.java:getOMNodeDetailsForNonHA(261)) - OM Node ID is not set. Setting it to the default ID: om1
2022-08-03 01:57:14,555 [Listener at 0.0.0.0/43447] WARN  server.ServerUtils (ServerUtils.java:getDBPath(225)) - ozone.om.db.dirs is not configured. We recommend adding this setting. Falling back to ozone.metadata.dirs instead.
2022-08-03 01:57:14,555 [Listener at 0.0.0.0/43447] INFO  upgrade.AbstractLayoutVersionManager (AbstractLayoutVersionManager.java:init(83)) - Initializing Layout version manager with metadata layout = MULTITENANCY_SCHEMA (version = 3), software layout = MULTITENANCY_SCHEMA (version = 3)
2022-08-03 01:57:14,789 [Listener at 0.0.0.0/43447] INFO  reflections.Reflections (Reflections.java:scan(232)) - Reflections took 232 ms to scan 2 urls, producing 152 keys and 424 values [using 2 cores]
2022-08-03 01:57:14,789 [Listener at 0.0.0.0/43447] INFO  upgrade.OMLayoutVersionManager (OMLayoutVersionManager.java:lambda$0(115)) - Skipping Upgrade Action MockOmUpgradeAction since it has been finalized.
2022-08-03 01:57:14,789 [Listener at 0.0.0.0/43447] WARN  server.ServerUtils (ServerUtils.java:getDBPath(225)) - ozone.om.db.dirs is not configured. We recommend adding this setting. Falling back to ozone.metadata.dirs instead.
2022-08-03 01:57:14,790 [Listener at 0.0.0.0/43447] INFO  proxy.SCMBlockLocationFailoverProxyProvider (SCMBlockLocationFailoverProxyProvider.java:<init>(114)) - Created block location fail-over proxy with 1 nodes: [nodeId=scmNodeId,nodeAddress=/0.0.0.0:35335]
2022-08-03 01:57:14,797 [Listener at 0.0.0.0/43447] INFO  proxy.SCMBlockLocationFailoverProxyProvider (SCMBlockLocationFailoverProxyProvider.java:<init>(114)) - Created block location fail-over proxy with 1 nodes: [nodeId=scmNodeId,nodeAddress=/0.0.0.0:35335]
2022-08-03 01:57:14,844 [Listener at 0.0.0.0/43447] WARN  server.ServerUtils (ServerUtils.java:getDBPath(225)) - ozone.om.db.dirs is not configured. We recommend adding this setting. Falling back to ozone.metadata.dirs instead.
2022-08-03 01:57:14,844 [Listener at 0.0.0.0/43447] INFO  codec.OmKeyInfoCodec (OmKeyInfoCodec.java:<init>(49)) - OmKeyInfoCodec ignorePipeline = true
2022-08-03 01:57:14,845 [Listener at 0.0.0.0/43447] INFO  codec.RepeatedOmKeyInfoCodec (RepeatedOmKeyInfoCodec.java:<init>(41)) - RepeatedOmKeyInfoCodec ignorePipeline = true
2022-08-03 01:57:15,388 [Listener at 0.0.0.0/43447] INFO  om.OzoneManager (OzoneManager.java:instantiateServices(696)) - S3 Multi-Tenancy is disabled
2022-08-03 01:57:15,389 [Listener at 0.0.0.0/43447] INFO  om.OzoneManager (OzoneManager.java:addS3GVolumeToDB(4307)) - Created Volume s3v With Owner runner required for S3Gateway operations.
2022-08-03 01:57:15,389 [Listener at 0.0.0.0/43447] WARN  server.ServerUtils (ServerUtils.java:getDefaultRatisDirectory(237)) - Storage directory for Ratis is not configured. It is a good idea to map this to an SSD disk. Falling back to ozone.metadata.dirs
2022-08-03 01:57:15,390 [Listener at 0.0.0.0/43447] WARN  utils.OzoneManagerRatisUtils (OzoneManagerRatisUtils.java:getOMRatisSnapshotDirectory(431)) - ozone.om.ratis.snapshot.dir is not configured. Falling back to ozone.metadata.dirs config
2022-08-03 01:57:15,390 [Listener at 0.0.0.0/43447] WARN  server.ServerUtils (ServerUtils.java:getDefaultRatisDirectory(237)) - Storage directory for Ratis is not configured. It is a good idea to map this to an SSD disk. Falling back to ozone.metadata.dirs
2022-08-03 01:57:15,391 [Listener at 0.0.0.0/43447] INFO  ratis.OzoneManagerRatisServer (OzoneManagerRatisServer.java:<init>(159)) - Instantiating OM Ratis server with groupID: omServiceIdDefault and peers: localhost:9872
2022-08-03 01:57:15,392 [Listener at 0.0.0.0/43447] INFO  ratis.OzoneManagerStateMachine (OzoneManagerStateMachine.java:loadSnapshotInfoFromDB(632)) - LastAppliedIndex is set from TransactionInfo from OM DB as (t:0, i:~)
2022-08-03 01:57:15,392 [Listener at 0.0.0.0/43447] INFO  server.RaftServer (ConfUtils.java:logGet(46)) - raft.rpc.type = GRPC (default)
2022-08-03 01:57:15,392 [Listener at 0.0.0.0/43447] INFO  grpc.GrpcFactory (GrpcFactory.java:checkPooledByteBufAllocatorUseCacheForAllThreads(48)) - PERFORMANCE WARNING: useCacheForAllThreads is true that may cause Netty to create a lot garbage objects and, as a result, trigger GC.
	It is recommended to disable useCacheForAllThreads by setting -Dorg.apache.ratis.thirdparty.io.netty.allocator.useCacheForAllThreads=false in command line.
2022-08-03 01:57:15,392 [Listener at 0.0.0.0/43447] INFO  grpc.GrpcConfigKeys (ConfUtils.java:logGet(46)) - raft.grpc.admin.port = -1 (default)
2022-08-03 01:57:15,393 [Listener at 0.0.0.0/43447] INFO  grpc.GrpcConfigKeys (ConfUtils.java:logGet(46)) - raft.grpc.server.port = 9872 (custom)
2022-08-03 01:57:15,393 [Listener at 0.0.0.0/43447] INFO  grpc.GrpcConfigKeys (ConfUtils.java:logGet(46)) - raft.grpc.client.port = -1 (default)
2022-08-03 01:57:15,393 [Listener at 0.0.0.0/43447] INFO  grpc.GrpcConfigKeys (ConfUtils.java:logGet(46)) - raft.grpc.server.port = 9872 (custom)
2022-08-03 01:57:15,393 [Listener at 0.0.0.0/43447] INFO  grpc.GrpcConfigKeys (ConfUtils.java:logGet(46)) - raft.grpc.server.port = 9872 (custom)
2022-08-03 01:57:15,393 [Listener at 0.0.0.0/43447] INFO  server.GrpcService (ConfUtils.java:logGet(46)) - raft.grpc.message.size.max = 33554432 (custom)
2022-08-03 01:57:15,393 [Listener at 0.0.0.0/43447] INFO  server.RaftServerConfigKeys (ConfUtils.java:logGet(46)) - raft.server.log.appender.buffer.byte-limit = 33554432 (custom)
2022-08-03 01:57:15,393 [Listener at 0.0.0.0/43447] INFO  server.GrpcService (ConfUtils.java:logGet(46)) - raft.grpc.flow.control.window = 1MB (=1048576) (default)
2022-08-03 01:57:15,394 [Listener at 0.0.0.0/43447] INFO  server.RaftServerConfigKeys (ConfUtils.java:logGet(46)) - raft.server.rpc.request.timeout = 3000ms (default)
2022-08-03 01:57:15,394 [Listener at 0.0.0.0/43447] INFO  grpc.GrpcConfigKeys (ConfUtils.java:logGet(46)) - raft.grpc.server.async.request.thread.pool.cached = true (default)
2022-08-03 01:57:15,394 [Listener at 0.0.0.0/43447] INFO  grpc.GrpcConfigKeys (ConfUtils.java:logGet(46)) - raft.grpc.server.async.request.thread.pool.size = 32 (default)
2022-08-03 01:57:15,396 [Listener at 0.0.0.0/43447] INFO  impl.DataStreamServerImpl (ConfUtils.java:logGet(46)) - raft.datastream.type = DISABLED (default)
2022-08-03 01:57:15,396 [Listener at 0.0.0.0/43447] INFO  server.RaftServerConfigKeys (ConfUtils.java:logGet(46)) - raft.server.threadpool.proxy.cached = true (default)
2022-08-03 01:57:15,396 [Listener at 0.0.0.0/43447] INFO  server.RaftServerConfigKeys (ConfUtils.java:logGet(46)) - raft.server.threadpool.proxy.size = 0 (default)
2022-08-03 01:57:15,396 [Listener at 0.0.0.0/43447] INFO  server.RaftServerConfigKeys (ConfUtils.java:logGet(46)) - raft.server.rpc.slowness.timeout = 120s (custom)
2022-08-03 01:57:15,396 [Listener at 0.0.0.0/43447] INFO  server.RaftServerConfigKeys (ConfUtils.java:logGet(46)) - raft.server.leaderelection.leader.step-down.wait-time = 10s (default)
2022-08-03 01:57:15,397 [Listener at 0.0.0.0/43447] INFO  server.RaftServerConfigKeys (ConfUtils.java:logGet(46)) - raft.server.storage.dir = [/home/runner/work/ozone/ozone/hadoop-ozone/integration-test/target/test-dir/MiniOzoneClusterImpl-4c229dde-e64f-42f3-a5ee-349c50f14821/ozone-meta/ratis] (custom)
2022-08-03 01:57:15,404 [Listener at 0.0.0.0/43447] INFO  server.RaftServer (RaftServerProxy.java:addNew(96)) - om1: addNew group-C5BA1605619E:[om1|rpc:localhost:9872|priority:0] returns group-C5BA1605619E:java.util.concurrent.CompletableFuture@5d336403[Not completed]
2022-08-03 01:57:15,404 [Listener at 0.0.0.0/43447] INFO  om.OzoneManager (OzoneManager.java:initializeRatisServer(1962)) - OzoneManager Ratis server initialized at port 9872
2022-08-03 01:57:15,405 [Listener at 0.0.0.0/43447] INFO  om.OzoneManager (OzoneManager.java:getRpcServer(1085)) - Creating RPC Server
2022-08-03 01:57:15,407 [pool-528-thread-1] INFO  server.RaftServer$Division (RaftServerImpl.java:<init>(190)) - om1: new RaftServerImpl for group-C5BA1605619E:[om1|rpc:localhost:9872|priority:0] with OzoneManagerStateMachine:uninitialized
2022-08-03 01:57:15,407 [pool-528-thread-1] INFO  server.RaftServerConfigKeys (ConfUtils.java:logGet(46)) - raft.server.rpc.timeout.min = 1s (custom)
2022-08-03 01:57:15,407 [pool-528-thread-1] INFO  server.RaftServerConfigKeys (ConfUtils.java:logGet(46)) - raft.server.rpc.timeout.max = 1200ms (custom)
2022-08-03 01:57:15,407 [pool-528-thread-1] INFO  server.RaftServerConfigKeys (ConfUtils.java:logGet(46)) - raft.server.rpc.sleep.time = 25ms (default)
2022-08-03 01:57:15,407 [pool-528-thread-1] INFO  server.RaftServerConfigKeys (ConfUtils.java:logGet(46)) - raft.server.rpc.slowness.timeout = 120s (custom)
2022-08-03 01:57:15,407 [pool-528-thread-1] INFO  server.RaftServerConfigKeys (ConfUtils.java:logGet(46)) - raft.server.leaderelection.leader.step-down.wait-time = 10s (default)
2022-08-03 01:57:15,407 [pool-528-thread-1] INFO  server.RaftServerConfigKeys (ConfUtils.java:logGet(46)) - raft.server.sleep.deviation.threshold = 300ms (default)
2022-08-03 01:57:15,407 [pool-528-thread-1] INFO  server.RaftServer$Division (ServerState.java:<init>(107)) - om1@group-C5BA1605619E: ConfigurationManager, init=-1: [om1|rpc:localhost:9872|priority:0], old=null, confs=<EMPTY_MAP>
2022-08-03 01:57:15,408 [pool-528-thread-1] INFO  server.RaftServerConfigKeys (ConfUtils.java:logGet(46)) - raft.server.storage.dir = [/home/runner/work/ozone/ozone/hadoop-ozone/integration-test/target/test-dir/MiniOzoneClusterImpl-4c229dde-e64f-42f3-a5ee-349c50f14821/ozone-meta/ratis] (custom)
2022-08-03 01:57:15,408 [pool-528-thread-1] INFO  server.RaftServerConfigKeys (ConfUtils.java:logGet(46)) - raft.server.log.corruption.policy = EXCEPTION (default)
2022-08-03 01:57:15,408 [pool-528-thread-1] INFO  server.RaftServerConfigKeys (ConfUtils.java:logGet(46)) - raft.server.storage.free-space.min = 0MB (=0) (default)
2022-08-03 01:57:15,408 [pool-528-thread-1] INFO  storage.RaftStorageDirectory (RaftStorageDirectoryImpl.java:analyzeStorage(135)) - The storage directory /home/runner/work/ozone/ozone/hadoop-ozone/integration-test/target/test-dir/MiniOzoneClusterImpl-4c229dde-e64f-42f3-a5ee-349c50f14821/ozone-meta/ratis/bf265839-605b-3f16-9796-c5ba1605619e does not exist. Creating ...
2022-08-03 01:57:15,423 [pool-528-thread-1] INFO  storage.RaftStorageDirectory (RaftStorageDirectoryImpl.java:tryLock(230)) - Lock on /home/runner/work/ozone/ozone/hadoop-ozone/integration-test/target/test-dir/MiniOzoneClusterImpl-4c229dde-e64f-42f3-a5ee-349c50f14821/ozone-meta/ratis/bf265839-605b-3f16-9796-c5ba1605619e/in_use.lock acquired by nodename 17687@fv-az199-929
2022-08-03 01:57:15,424 [pool-528-thread-1] INFO  storage.RaftStorage (RaftStorageImpl.java:format(89)) - Storage directory /home/runner/work/ozone/ozone/hadoop-ozone/integration-test/target/test-dir/MiniOzoneClusterImpl-4c229dde-e64f-42f3-a5ee-349c50f14821/ozone-meta/ratis/bf265839-605b-3f16-9796-c5ba1605619e has been successfully formatted.
2022-08-03 01:57:15,425 [pool-528-thread-1] INFO  server.RaftServerConfigKeys (ConfUtils.java:logGet(46)) - raft.server.notification.no-leader.timeout = 120s (custom)
2022-08-03 01:57:15,425 [pool-528-thread-1] INFO  server.RaftServerConfigKeys (ConfUtils.java:logGet(46)) - raft.server.log.use.memory = false (default)
2022-08-03 01:57:15,425 [pool-528-thread-1] INFO  server.RaftServerConfigKeys (ConfUtils.java:logGet(46)) - raft.server.log.purge.gap = 1000000 (custom)
2022-08-03 01:57:15,425 [pool-528-thread-1] INFO  server.RaftServerConfigKeys (ConfUtils.java:logGet(46)) - raft.server.log.appender.buffer.byte-limit = 33554432 (custom)
2022-08-03 01:57:15,425 [pool-528-thread-1] INFO  server.RaftServerConfigKeys (ConfUtils.java:logGet(46)) - raft.server.log.statemachine.data.read.timeout = 1000ms (default)
2022-08-03 01:57:15,425 [pool-528-thread-1] INFO  server.RaftServerConfigKeys (ConfUtils.java:logGet(46)) - raft.server.log.segment.size.max = 4194304 (custom)
2022-08-03 01:57:15,426 [pool-528-thread-1] INFO  server.RaftServerConfigKeys (ConfUtils.java:logGet(46)) - raft.server.log.segment.cache.num.max = 2 (custom)
2022-08-03 01:57:15,426 [pool-528-thread-1] INFO  server.RaftServerConfigKeys (ConfUtils.java:logGet(46)) - raft.server.log.segment.cache.size.max = 200MB (=209715200) (default)
2022-08-03 01:57:15,426 [pool-528-thread-1] INFO  segmented.SegmentedRaftLogWorker (SegmentedRaftLogWorker.java:<init>(187)) - new om1@group-C5BA1605619E-SegmentedRaftLogWorker for RaftStorageImpl:Storage Directory /home/runner/work/ozone/ozone/hadoop-ozone/integration-test/target/test-dir/MiniOzoneClusterImpl-4c229dde-e64f-42f3-a5ee-349c50f14821/ozone-meta/ratis/bf265839-605b-3f16-9796-c5ba1605619e
2022-08-03 01:57:15,426 [pool-528-thread-1] INFO  server.RaftServerConfigKeys (ConfUtils.java:logGet(46)) - raft.server.log.queue.byte-limit = 64MB (=67108864) (default)
2022-08-03 01:57:15,426 [pool-528-thread-1] INFO  server.RaftServerConfigKeys (ConfUtils.java:logGet(46)) - raft.server.log.queue.element-limit = 4096 (default)
2022-08-03 01:57:15,426 [pool-528-thread-1] INFO  server.RaftServerConfigKeys (ConfUtils.java:logGet(46)) - raft.server.log.segment.size.max = 4194304 (custom)
2022-08-03 01:57:15,426 [pool-528-thread-1] INFO  server.RaftServerConfigKeys (ConfUtils.java:logGet(46)) - raft.server.log.preallocated.size = 4194304 (custom)
2022-08-03 01:57:15,426 [pool-528-thread-1] INFO  server.RaftServerConfigKeys (ConfUtils.java:logGet(46)) - raft.server.log.force.sync.num = 128 (default)
2022-08-03 01:57:15,427 [pool-528-thread-1] INFO  server.RaftServerConfigKeys (ConfUtils.java:logGet(46)) - raft.server.log.statemachine.data.sync = true (default)
2022-08-03 01:57:15,427 [pool-528-thread-1] INFO  server.RaftServerConfigKeys (ConfUtils.java:logGet(46)) - raft.server.log.statemachine.data.sync.timeout = 10s (default)
2022-08-03 01:57:15,427 [pool-528-thread-1] INFO  server.RaftServerConfigKeys (ConfUtils.java:logGet(46)) - raft.server.log.statemachine.data.sync.timeout.retry = -1 (default)
2022-08-03 01:57:15,473 [pool-528-thread-1] INFO  server.RaftServerConfigKeys (ConfUtils.java:logGet(46)) - raft.server.log.write.buffer.size = 64KB (=65536) (default)
2022-08-03 01:57:15,473 [pool-528-thread-1] INFO  server.RaftServerConfigKeys (ConfUtils.java:logGet(46)) - raft.server.log.unsafe-flush.enabled = false (default)
2022-08-03 01:57:15,473 [pool-528-thread-1] INFO  server.RaftServerConfigKeys (ConfUtils.java:logGet(46)) - raft.server.log.statemachine.data.caching.enabled = false (default)
2022-08-03 01:57:15,484 [pool-528-thread-1] INFO  segmented.SegmentedRaftLogWorker (SegmentedRaftLogWorker.java:lambda$new$0(135)) - om1@group-C5BA1605619E-SegmentedRaftLogWorker: flushIndex: setUnconditionally 0 -> -1
2022-08-03 01:57:15,484 [pool-528-thread-1] INFO  segmented.SegmentedRaftLogWorker (SegmentedRaftLogWorker.java:lambda$new$0(135)) - om1@group-C5BA1605619E-SegmentedRaftLogWorker: safeCacheEvictIndex: setUnconditionally 0 -> -1
2022-08-03 01:57:15,504 [pool-528-thread-1] INFO  server.RaftServerConfigKeys (ConfUtils.java:logGet(46)) - raft.server.snapshot.auto.trigger.enabled = true (custom)
2022-08-03 01:57:15,504 [pool-528-thread-1] INFO  server.RaftServerConfigKeys (ConfUtils.java:logGet(46)) - raft.server.snapshot.auto.trigger.threshold = 400000 (default)
2022-08-03 01:57:15,505 [pool-528-thread-1] INFO  server.RaftServerConfigKeys (ConfUtils.java:logGet(46)) - raft.server.snapshot.retention.file.num = -1 (default)
2022-08-03 01:57:15,505 [pool-528-thread-1] INFO  server.RaftServerConfigKeys (ConfUtils.java:logGet(46)) - raft.server.log.purge.upto.snapshot.index = true (custom)
2022-08-03 01:57:15,505 [pool-528-thread-1] INFO  server.RaftServerConfigKeys (ConfUtils.java:logGet(46)) - raft.server.retrycache.expirytime = 300s (custom)
2022-08-03 01:57:15,505 [pool-528-thread-1] INFO  server.RaftServerConfigKeys (ConfUtils.java:logGet(46)) - raft.server.retrycache.statistics.expirytime = 100μs (default)
2022-08-03 01:57:15,506 [pool-528-thread-1] INFO  server.RaftServerConfigKeys (ConfUtils.java:logGet(46)) - raft.server.log.appender.install.snapshot.enabled = false (custom)
2022-08-03 01:57:15,506 [pool-528-thread-1] INFO  server.RaftServerConfigKeys (ConfUtils.java:logGet(46)) - raft.server.threadpool.server.cached = true (default)
2022-08-03 01:57:15,506 [pool-528-thread-1] INFO  server.RaftServerConfigKeys (ConfUtils.java:logGet(46)) - raft.server.threadpool.server.size = 0 (default)
2022-08-03 01:57:15,506 [pool-528-thread-1] INFO  server.RaftServerConfigKeys (ConfUtils.java:logGet(46)) - raft.server.threadpool.client.cached = true (default)
2022-08-03 01:57:15,506 [pool-528-thread-1] INFO  server.RaftServerConfigKeys (ConfUtils.java:logGet(46)) - raft.server.threadpool.client.size = 0 (default)
2022-08-03 01:57:16,757 [Listener at 0.0.0.0/43447] INFO  reflections.Reflections (Reflections.java:scan(232)) - Reflections took 1351 ms to scan 19 urls, producing 67 keys and 4139 values [using 2 cores]
2022-08-03 01:57:16,758 [Listener at 0.0.0.0/43447] INFO  ipc.CallQueueManager (CallQueueManager.java:<init>(90)) - Using callQueue: class java.util.concurrent.LinkedBlockingQueue, queueCapacity: 2000, scheduler: class org.apache.hadoop.ipc.DefaultRpcScheduler, ipcBackoff: false.
2022-08-03 01:57:16,759 [Socket Reader #1 for port 0] INFO  ipc.Server (Server.java:run(1265)) - Starting Socket Reader #1 for port 0
2022-08-03 01:57:16,867 [Listener at 127.0.0.1/36611] INFO  impl.MetricsSystemImpl (MetricsSystemImpl.java:init(158)) - OzoneManager metrics system started (again)
2022-08-03 01:57:16,907 [Listener at 127.0.0.1/36611] INFO  om.OzoneManager (OzoneManager.java:start(1469)) - OzoneManager RPC server is listening at localhost/127.0.0.1:36611
2022-08-03 01:57:16,908 [Listener at 127.0.0.1/36611] INFO  ratis.OzoneManagerRatisServer (OzoneManagerRatisServer.java:start(554)) - Starting OzoneManagerRatisServer om1 at port 9872
2022-08-03 01:57:16,908 [om1-impl-thread1] INFO  server.RaftServer$Division (RaftServerImpl.java:start(310)) - om1@group-C5BA1605619E: start as a follower, conf=-1: [om1|rpc:localhost:9872|priority:0], old=null
2022-08-03 01:57:16,908 [om1-impl-thread1] INFO  server.RaftServer$Division (RaftServerImpl.java:setRole(299)) - om1@group-C5BA1605619E: changes role from      null to FOLLOWER at term 0 for startAsFollower
2022-08-03 01:57:16,908 [om1-impl-thread1] INFO  impl.RoleInfo (RoleInfo.java:updateAndGet(139)) - om1: start om1@group-C5BA1605619E-FollowerState
2022-08-03 01:57:16,936 [om1-impl-thread1] INFO  util.JmxRegister (JmxRegister.java:tryRegister(44)) - Successfully registered JMX Bean with object name Ratis:service=RaftServer,group=group-C5BA1605619E,id=om1
2022-08-03 01:57:16,937 [Listener at 127.0.0.1/36611] INFO  server.RaftServer (RaftServerProxy.java:lambda$start$6(382)) - om1: start RPC server
2022-08-03 01:57:16,977 [Listener at 127.0.0.1/36611] INFO  server.GrpcService (GrpcService.java:startImpl(260)) - om1: GrpcService started, listening on 9872
2022-08-03 01:57:16,977 [Listener at 127.0.0.1/36611] INFO  om.OzoneManager (OzoneManager.java:start(1485)) - Version File has different layout version (3) than OM DB (null). That is expected if this OM has never been finalized to a newer layout version.
2022-08-03 01:57:16,978 [org.apache.ratis.util.JvmPauseMonitor$$Lambda$631/606875044@23a9dde] INFO  util.JvmPauseMonitor (JvmPauseMonitor.java:run(103)) - JvmPauseMonitor-om1: Started
2022-08-03 01:57:16,988 [Listener at 127.0.0.1/36611] INFO  http.BaseHttpServer (BaseHttpServer.java:newHttpServer2BuilderForOzone(209)) - Starting Web-server for ozoneManager at: http://0.0.0.0:0
2022-08-03 01:57:16,988 [Listener at 127.0.0.1/36611] INFO  http.BaseHttpServer (BaseHttpServer.java:<init>(107)) - Hadoop Security Enabled: false Ozone Security Enabled: false Ozone HTTP Security Enabled: false 
2022-08-03 01:57:16,990 [Listener at 127.0.0.1/36611] INFO  server.AuthenticationFilter (AuthenticationFilter.java:constructSecretProvider(240)) - Unable to initialize FileSignerSecretProvider, falling back to use random secrets.
2022-08-03 01:57:16,993 [Listener at 127.0.0.1/36611] WARN  http.HttpRequestLog (HttpRequestLog.java:getRequestLog(103)) - Jetty request log can only be enabled using Log4j
2022-08-03 01:57:16,994 [Listener at 127.0.0.1/36611] INFO  http.HttpServer2 (HttpServer2.java:addGlobalFilter(1029)) - Added global filter 'safety' (class=org.apache.hadoop.hdds.server.http.HttpServer2$QuotingInputFilter)
2022-08-03 01:57:16,995 [Listener at 127.0.0.1/36611] INFO  http.HttpServer2 (HttpServer2.java:addFilter(1005)) - Added filter static_user_filter (class=org.apache.hadoop.http.lib.StaticUserWebFilter$StaticUserFilter) to context ozoneManager
2022-08-03 01:57:16,995 [Listener at 127.0.0.1/36611] INFO  http.HttpServer2 (HttpServer2.java:addFilter(1013)) - Added filter static_user_filter (class=org.apache.hadoop.http.lib.StaticUserWebFilter$StaticUserFilter) to context logs
2022-08-03 01:57:16,995 [Listener at 127.0.0.1/36611] INFO  http.HttpServer2 (HttpServer2.java:addFilter(1013)) - Added filter static_user_filter (class=org.apache.hadoop.http.lib.StaticUserWebFilter$StaticUserFilter) to context static
2022-08-03 01:57:16,998 [Listener at 127.0.0.1/36611] INFO  http.HttpServer2 (HttpServer2.java:bindListener(1248)) - Jetty bound to port 42197
2022-08-03 01:57:16,999 [Listener at 127.0.0.1/36611] INFO  server.Server (Server.java:doStart(375)) - jetty-9.4.43.v20210629; built: 2021-06-30T11:07:22.254Z; git: 526006ecfa3af7f1a27ef3a288e2bef7ea9dd7e8; jvm 1.8.0_332-b09
2022-08-03 01:57:17,021 [Listener at 127.0.0.1/36611] INFO  server.session (DefaultSessionIdManager.java:doStart(334)) - DefaultSessionIdManager workerName=node0
2022-08-03 01:57:17,021 [Listener at 127.0.0.1/36611] INFO  server.session (DefaultSessionIdManager.java:doStart(339)) - No SessionScavenger set, using defaults
2022-08-03 01:57:17,021 [Listener at 127.0.0.1/36611] INFO  server.session (HouseKeeper.java:startScavenging(132)) - node0 Scavenging every 600000ms
2022-08-03 01:57:17,023 [Listener at 127.0.0.1/36611] INFO  handler.ContextHandler (ContextHandler.java:doStart(915)) - Started o.e.j.s.ServletContextHandler@6d2726d6{logs,/logs,file:///home/runner/work/ozone/ozone/hadoop-ozone/integration-test/target/log,AVAILABLE}
2022-08-03 01:57:17,023 [Listener at 127.0.0.1/36611] INFO  handler.ContextHandler (ContextHandler.java:doStart(915)) - Started o.e.j.s.ServletContextHandler@44de4aa1{static,/static,file:///home/runner/work/ozone/ozone/hadoop-ozone/integration-test/target/test-classes/webapps/static,AVAILABLE}
2022-08-03 01:57:17,028 [Listener at 127.0.0.1/36611] INFO  handler.ContextHandler (ContextHandler.java:doStart(915)) - Started o.e.j.w.WebAppContext@53bb97f3{ozoneManager,/,file:///home/runner/work/ozone/ozone/hadoop-ozone/integration-test/target/test-classes/webapps/ozoneManager/,AVAILABLE}{file:/home/runner/work/ozone/ozone/hadoop-ozone/integration-test/target/test-classes/webapps/ozoneManager}
2022-08-03 01:57:17,033 [Listener at 127.0.0.1/36611] INFO  server.AbstractConnector (AbstractConnector.java:doStart(331)) - Started ServerConnector@386251be{HTTP/1.1, (http/1.1)}{0.0.0.0:42197}
2022-08-03 01:57:17,033 [Listener at 127.0.0.1/36611] INFO  server.Server (Server.java:doStart(415)) - Started @264890ms
2022-08-03 01:57:17,035 [Listener at 127.0.0.1/36611] WARN  impl.MetricsSystemImpl (MetricsSystemImpl.java:register(279)) - Sink prometheus already exists!
2022-08-03 01:57:17,036 [Listener at 127.0.0.1/36611] INFO  http.BaseHttpServer (BaseHttpServer.java:updateConnectorAddress(329)) - HTTP server of ozoneManager listening at http://0.0.0.0:42197
2022-08-03 01:57:17,047 [IPC Server listener on 0] INFO  ipc.Server (Server.java:run(1344)) - IPC Server listener on 0: starting
2022-08-03 01:57:17,057 [IPC Server Responder] INFO  ipc.Server (Server.java:run(1507)) - IPC Server Responder: starting
2022-08-03 01:57:17,076 [Listener at 127.0.0.1/36611] INFO  om.TrashPolicyOzone (TrashPolicyOzone.java:<init>(178)) - Ozone Manager trash configuration: Deletion interval = 0 minutes, Emptier interval = 0 minutes.
2022-08-03 01:57:17,148 [org.apache.hadoop.util.JvmPauseMonitor$Monitor@7a428df1] INFO  util.JvmPauseMonitor (JvmPauseMonitor.java:run(188)) - Starting JVM pause monitor
2022-08-03 01:57:17,158 [Listener at 127.0.0.1/36611] WARN  impl.MetricRegistriesImpl (MetricRegistriesImpl.java:addReporterRegistration(111)) - New reporters are added after registries were created. Some metrics will be missing from the reporter. Please add reporter before adding any new registry.
2022-08-03 01:57:17,158 [Listener at 127.0.0.1/36611] WARN  impl.MetricRegistriesImpl (MetricRegistriesImpl.java:addReporterRegistration(111)) - New reporters are added after registries were created. Some metrics will be missing from the reporter. Please add reporter before adding any new registry.
2022-08-03 01:57:17,158 [Listener at 127.0.0.1/36611] INFO  impl.MetricsSystemImpl (MetricsSystemImpl.java:init(158)) - HddsDatanode metrics system started (again)
2022-08-03 01:57:17,188 [Listener at 127.0.0.1/36611] INFO  ozone.HddsDatanodeService (HddsDatanodeService.java:start(236)) - HddsDatanodeService host:fv-az199-929.piossgaoozdutex3tpy4bgd4ka.dx.internal.cloudapp.net ip:10.1.0.23
2022-08-03 01:57:17,263 [Listener at 127.0.0.1/36611] INFO  upgrade.AbstractLayoutVersionManager (AbstractLayoutVersionManager.java:init(83)) - Initializing Layout version manager with metadata layout = DATANODE_SCHEMA_V3 (version = 4), software layout = DATANODE_SCHEMA_V3 (version = 4)
2022-08-03 01:57:17,330 [Listener at 127.0.0.1/36611] INFO  reflections.Reflections (Reflections.java:scan(232)) - Reflections took 65 ms to scan 7 urls, producing 132 keys and 321 values 
2022-08-03 01:57:17,332 [Listener at 127.0.0.1/36611] INFO  statemachine.DatanodeStateMachine (DatanodeStateMachine.java:getEndPointTaskThreadPoolSize(237)) - Datanode State Machine Task Thread Pool size 2
2022-08-03 01:57:17,355 [Listener at 127.0.0.1/36611] INFO  volume.HddsVolume (HddsVolume.java:<init>(116)) - Creating HddsVolume: /home/runner/work/ozone/ozone/hadoop-ozone/integration-test/target/test-dir/MiniOzoneClusterImpl-4c229dde-e64f-42f3-a5ee-349c50f14821/datanode-0/data-0/containers/hdds of storage type : DISK capacity : 9223372036854775807
2022-08-03 01:57:17,356 [Listener at 127.0.0.1/36611] INFO  volume.MutableVolumeSet (MutableVolumeSet.java:initializeVolumeSet(174)) - Added Volume : /home/runner/work/ozone/ozone/hadoop-ozone/integration-test/target/test-dir/MiniOzoneClusterImpl-4c229dde-e64f-42f3-a5ee-349c50f14821/datanode-0/data-0/containers/hdds to VolumeSet
2022-08-03 01:57:17,356 [Listener at 127.0.0.1/36611] INFO  volume.ThrottledAsyncChecker (ThrottledAsyncChecker.java:schedule(141)) - Scheduling a check for /home/runner/work/ozone/ozone/hadoop-ozone/integration-test/target/test-dir/MiniOzoneClusterImpl-4c229dde-e64f-42f3-a5ee-349c50f14821/datanode-0/data-0/containers/hdds
2022-08-03 01:57:17,372 [Listener at 127.0.0.1/36611] INFO  volume.StorageVolumeChecker (StorageVolumeChecker.java:checkAllVolumes(202)) - Scheduled health check for volume /home/runner/work/ozone/ozone/hadoop-ozone/integration-test/target/test-dir/MiniOzoneClusterImpl-4c229dde-e64f-42f3-a5ee-349c50f14821/datanode-0/data-0/containers/hdds
2022-08-03 01:57:17,390 [Listener at 127.0.0.1/36611] INFO  volume.MutableVolumeSet (MutableVolumeSet.java:initializeVolumeSet(174)) - Added Volume : /home/runner/work/ozone/ozone/hadoop-ozone/integration-test/target/test-dir/MiniOzoneClusterImpl-4c229dde-e64f-42f3-a5ee-349c50f14821/datanode-0/data/ratis to VolumeSet
2022-08-03 01:57:17,390 [Listener at 127.0.0.1/36611] INFO  volume.ThrottledAsyncChecker (ThrottledAsyncChecker.java:schedule(141)) - Scheduling a check for /home/runner/work/ozone/ozone/hadoop-ozone/integration-test/target/test-dir/MiniOzoneClusterImpl-4c229dde-e64f-42f3-a5ee-349c50f14821/datanode-0/data/ratis
2022-08-03 01:57:17,391 [Listener at 127.0.0.1/36611] INFO  volume.StorageVolumeChecker (StorageVolumeChecker.java:checkAllVolumes(202)) - Scheduled health check for volume /home/runner/work/ozone/ozone/hadoop-ozone/integration-test/target/test-dir/MiniOzoneClusterImpl-4c229dde-e64f-42f3-a5ee-349c50f14821/datanode-0/data/ratis
2022-08-03 01:57:17,422 [Thread-1211] INFO  ozoneimpl.ContainerReader (ContainerReader.java:readVolume(175)) - Finish verifying containers on volume /home/runner/work/ozone/ozone/hadoop-ozone/integration-test/target/test-dir/MiniOzoneClusterImpl-4c229dde-e64f-42f3-a5ee-349c50f14821/datanode-0/data-0/containers/hdds
2022-08-03 01:57:17,423 [Listener at 127.0.0.1/36611] INFO  ozoneimpl.OzoneContainer (OzoneContainer.java:buildContainerSet(299)) - Build ContainerSet costs 0s
2022-08-03 01:57:17,436 [Listener at 127.0.0.1/36611] INFO  server.RaftServer (ConfUtils.java:logGet(46)) - raft.rpc.type = GRPC (default)
2022-08-03 01:57:17,436 [Listener at 127.0.0.1/36611] INFO  grpc.GrpcFactory (GrpcFactory.java:checkPooledByteBufAllocatorUseCacheForAllThreads(48)) - PERFORMANCE WARNING: useCacheForAllThreads is true that may cause Netty to create a lot garbage objects and, as a result, trigger GC.
	It is recommended to disable useCacheForAllThreads by setting -Dorg.apache.ratis.thirdparty.io.netty.allocator.useCacheForAllThreads=false in command line.
2022-08-03 01:57:17,436 [Listener at 127.0.0.1/36611] INFO  grpc.GrpcConfigKeys (ConfUtils.java:logGet(46)) - raft.grpc.admin.port = 0 (custom)
2022-08-03 01:57:17,436 [Listener at 127.0.0.1/36611] INFO  grpc.GrpcConfigKeys (ConfUtils.java:logGet(46)) - raft.grpc.client.port = 0 (custom)
2022-08-03 01:57:17,436 [Listener at 127.0.0.1/36611] INFO  grpc.GrpcConfigKeys (ConfUtils.java:logGet(46)) - raft.grpc.server.port = 0 (default)
2022-08-03 01:57:17,437 [Listener at 127.0.0.1/36611] INFO  server.GrpcService (ConfUtils.java:logGet(46)) - raft.grpc.message.size.max = 32MB (=33554432) (custom)
2022-08-03 01:57:17,437 [Listener at 127.0.0.1/36611] INFO  server.RaftServerConfigKeys (ConfUtils.java:logGet(46)) - raft.server.log.appender.buffer.byte-limit = 33554432 (custom)
2022-08-03 01:57:17,437 [Listener at 127.0.0.1/36611] INFO  server.GrpcService (ConfUtils.java:logGet(46)) - raft.grpc.flow.control.window = 5MB (=5242880) (custom)
2022-08-03 01:57:17,437 [Listener at 127.0.0.1/36611] INFO  server.RaftServerConfigKeys (ConfUtils.java:logGet(46)) - raft.server.rpc.request.timeout = 60s (custom)
2022-08-03 01:57:17,437 [Listener at 127.0.0.1/36611] INFO  grpc.GrpcConfigKeys (ConfUtils.java:logGet(46)) - raft.grpc.server.async.request.thread.pool.cached = true (default)
2022-08-03 01:57:17,437 [Listener at 127.0.0.1/36611] INFO  grpc.GrpcConfigKeys (ConfUtils.java:logGet(46)) - raft.grpc.server.async.request.thread.pool.size = 32 (default)
2022-08-03 01:57:17,439 [Listener at 127.0.0.1/36611] INFO  impl.DataStreamServerImpl (ConfUtils.java:logGet(46)) - raft.datastream.type = DISABLED (default)
2022-08-03 01:57:17,439 [Listener at 127.0.0.1/36611] INFO  server.RaftServerConfigKeys (ConfUtils.java:logGet(46)) - raft.server.threadpool.proxy.cached = true (default)
2022-08-03 01:57:17,439 [Listener at 127.0.0.1/36611] INFO  server.RaftServerConfigKeys (ConfUtils.java:logGet(46)) - raft.server.threadpool.proxy.size = 0 (default)
2022-08-03 01:57:17,439 [Listener at 127.0.0.1/36611] INFO  server.RaftServerConfigKeys (ConfUtils.java:logGet(46)) - raft.server.rpc.slowness.timeout = 300s (custom)
2022-08-03 01:57:17,439 [Listener at 127.0.0.1/36611] INFO  server.RaftServerConfigKeys (ConfUtils.java:logGet(46)) - raft.server.leaderelection.leader.step-down.wait-time = 10s (default)
2022-08-03 01:57:17,440 [Listener at 127.0.0.1/36611] INFO  server.RaftServerConfigKeys (ConfUtils.java:logGet(46)) - raft.server.storage.dir = [/home/runner/work/ozone/ozone/hadoop-ozone/integration-test/target/test-dir/MiniOzoneClusterImpl-4c229dde-e64f-42f3-a5ee-349c50f14821/datanode-0/data/ratis] (custom)
2022-08-03 01:57:17,441 [Listener at 127.0.0.1/36611] INFO  server.XceiverServerGrpc (XceiverServerGrpc.java:<init>(132)) - GrpcServer channel type EpollServerSocketChannel
2022-08-03 01:57:17,444 [Listener at 127.0.0.1/36611] INFO  http.BaseHttpServer (BaseHttpServer.java:newHttpServer2BuilderForOzone(209)) - Starting Web-server for hddsDatanode at: http://0.0.0.0:0
2022-08-03 01:57:17,444 [Listener at 127.0.0.1/36611] INFO  http.BaseHttpServer (BaseHttpServer.java:<init>(107)) - Hadoop Security Enabled: false Ozone Security Enabled: false Ozone HTTP Security Enabled: false 
2022-08-03 01:57:17,445 [Listener at 127.0.0.1/36611] INFO  server.AuthenticationFilter (AuthenticationFilter.java:constructSecretProvider(240)) - Unable to initialize FileSignerSecretProvider, falling back to use random secrets.
2022-08-03 01:57:17,445 [Listener at 127.0.0.1/36611] WARN  http.HttpRequestLog (HttpRequestLog.java:getRequestLog(103)) - Jetty request log can only be enabled using Log4j
2022-08-03 01:57:17,446 [Listener at 127.0.0.1/36611] INFO  http.HttpServer2 (HttpServer2.java:addGlobalFilter(1029)) - Added global filter 'safety' (class=org.apache.hadoop.hdds.server.http.HttpServer2$QuotingInputFilter)
2022-08-03 01:57:17,447 [Listener at 127.0.0.1/36611] INFO  http.HttpServer2 (HttpServer2.java:addFilter(1005)) - Added filter static_user_filter (class=org.apache.hadoop.http.lib.StaticUserWebFilter$StaticUserFilter) to context hddsDatanode
2022-08-03 01:57:17,447 [Listener at 127.0.0.1/36611] INFO  http.HttpServer2 (HttpServer2.java:addFilter(1013)) - Added filter static_user_filter (class=org.apache.hadoop.http.lib.StaticUserWebFilter$StaticUserFilter) to context logs
2022-08-03 01:57:17,447 [Listener at 127.0.0.1/36611] INFO  http.HttpServer2 (HttpServer2.java:addFilter(1013)) - Added filter static_user_filter (class=org.apache.hadoop.http.lib.StaticUserWebFilter$StaticUserFilter) to context static
2022-08-03 01:57:17,448 [Listener at 127.0.0.1/36611] INFO  http.HttpServer2 (HttpServer2.java:bindListener(1248)) - Jetty bound to port 42145
2022-08-03 01:57:17,448 [Listener at 127.0.0.1/36611] INFO  server.Server (Server.java:doStart(375)) - jetty-9.4.43.v20210629; built: 2021-06-30T11:07:22.254Z; git: 526006ecfa3af7f1a27ef3a288e2bef7ea9dd7e8; jvm 1.8.0_332-b09
2022-08-03 01:57:17,455 [Listener at 127.0.0.1/36611] INFO  server.session (DefaultSessionIdManager.java:doStart(334)) - DefaultSessionIdManager workerName=node0
2022-08-03 01:57:17,455 [Listener at 127.0.0.1/36611] INFO  server.session (DefaultSessionIdManager.java:doStart(339)) - No SessionScavenger set, using defaults
2022-08-03 01:57:17,455 [Listener at 127.0.0.1/36611] INFO  server.session (HouseKeeper.java:startScavenging(132)) - node0 Scavenging every 600000ms
2022-08-03 01:57:17,456 [Listener at 127.0.0.1/36611] INFO  handler.ContextHandler (ContextHandler.java:doStart(915)) - Started o.e.j.s.ServletContextHandler@2379d848{logs,/logs,file:///home/runner/work/ozone/ozone/hadoop-ozone/integration-test/target/log,AVAILABLE}
2022-08-03 01:57:17,457 [Listener at 127.0.0.1/36611] INFO  handler.ContextHandler (ContextHandler.java:doStart(915)) - Started o.e.j.s.ServletContextHandler@39949f88{static,/static,jar:file:/home/runner/.m2/repository/org/apache/ozone/hdds-container-service/1.3.0-SNAPSHOT/hdds-container-service-1.3.0-SNAPSHOT.jar!/webapps/static,AVAILABLE}
2022-08-03 01:57:17,933 [Listener at 127.0.0.1/36611] INFO  handler.ContextHandler (ContextHandler.java:doStart(915)) - Started o.e.j.w.WebAppContext@286ea80{hddsDatanode,/,file:///tmp/jetty-0_0_0_0-42145-hdds-container-service-1_3_0-SNAPSHOT_jar-_-any-9007227448202888447/webapp/,AVAILABLE}{jar:file:/home/runner/.m2/repository/org/apache/ozone/hdds-container-service/1.3.0-SNAPSHOT/hdds-container-service-1.3.0-SNAPSHOT.jar!/webapps/hddsDatanode}
2022-08-03 01:57:17,941 [Listener at 127.0.0.1/36611] INFO  server.AbstractConnector (AbstractConnector.java:doStart(331)) - Started ServerConnector@72d59aa9{HTTP/1.1, (http/1.1)}{0.0.0.0:42145}
2022-08-03 01:57:17,941 [Listener at 127.0.0.1/36611] INFO  server.Server (Server.java:doStart(415)) - Started @265798ms
2022-08-03 01:57:17,941 [Listener at 127.0.0.1/36611] WARN  impl.MetricsSystemImpl (MetricsSystemImpl.java:register(279)) - Sink prometheus already exists!
2022-08-03 01:57:17,942 [Listener at 127.0.0.1/36611] INFO  http.BaseHttpServer (BaseHttpServer.java:updateConnectorAddress(329)) - HTTP server of hddsDatanode listening at http://0.0.0.0:42145
2022-08-03 01:57:17,970 [Listener at 127.0.0.1/36611] WARN  impl.MetricRegistriesImpl (MetricRegistriesImpl.java:addReporterRegistration(111)) - New reporters are added after registries were created. Some metrics will be missing from the reporter. Please add reporter before adding any new registry.
2022-08-03 01:57:17,970 [Listener at 127.0.0.1/36611] WARN  impl.MetricRegistriesImpl (MetricRegistriesImpl.java:addReporterRegistration(111)) - New reporters are added after registries were created. Some metrics will be missing from the reporter. Please add reporter before adding any new registry.
2022-08-03 01:57:17,971 [Listener at 127.0.0.1/36611] INFO  impl.MetricsSystemImpl (MetricsSystemImpl.java:init(158)) - HddsDatanode metrics system started (again)
2022-08-03 01:57:17,987 [Listener at 127.0.0.1/36611] INFO  ozone.HddsDatanodeService (HddsDatanodeService.java:start(236)) - HddsDatanodeService host:fv-az199-929.piossgaoozdutex3tpy4bgd4ka.dx.internal.cloudapp.net ip:10.1.0.23
2022-08-03 01:57:17,988 [Datanode State Machine Daemon Thread] INFO  statemachine.DatanodeStateMachine (DatanodeStateMachine.java:lambda$startDaemon$0(492)) - Ozone container server started.
2022-08-03 01:57:18,040 [org.apache.hadoop.util.JvmPauseMonitor$Monitor@75b4ef3] INFO  util.JvmPauseMonitor (JvmPauseMonitor.java:run(188)) - Starting JVM pause monitor
2022-08-03 01:57:18,049 [Datanode State Machine Task Thread - 0] INFO  datanode.InitDatanodeState (InitDatanodeState.java:persistContainerDatanodeDetails(138)) - DatanodeDetails is persisted to /home/runner/work/ozone/ozone/hadoop-ozone/integration-test/target/test-dir/MiniOzoneClusterImpl-4c229dde-e64f-42f3-a5ee-349c50f14821/datanode-0/meta/datanode.id
2022-08-03 01:57:18,064 [om1@group-C5BA1605619E-FollowerState] INFO  impl.FollowerState (FollowerState.java:run(143)) - om1@group-C5BA1605619E-FollowerState: change to CANDIDATE, lastRpcElapsedTime:1155481086ns, electionTimeout:1105ms
2022-08-03 01:57:18,064 [om1@group-C5BA1605619E-FollowerState] INFO  impl.RoleInfo (RoleInfo.java:shutdownFollowerState(110)) - om1: shutdown om1@group-C5BA1605619E-FollowerState
2022-08-03 01:57:18,064 [om1@group-C5BA1605619E-FollowerState] INFO  server.RaftServer$Division (RaftServerImpl.java:setRole(299)) - om1@group-C5BA1605619E: changes role from  FOLLOWER to CANDIDATE at term 0 for changeToCandidate
2022-08-03 01:57:18,064 [om1@group-C5BA1605619E-FollowerState] INFO  server.RaftServerConfigKeys (ConfUtils.java:logGet(46)) - raft.server.leaderelection.pre-vote = false (custom)
2022-08-03 01:57:18,064 [om1@group-C5BA1605619E-FollowerState] INFO  impl.RoleInfo (RoleInfo.java:updateAndGet(139)) - om1: start om1@group-C5BA1605619E-LeaderElection28
2022-08-03 01:57:18,093 [Listener at 127.0.0.1/36611] INFO  upgrade.AbstractLayoutVersionManager (AbstractLayoutVersionManager.java:init(83)) - Initializing Layout version manager with metadata layout = DATANODE_SCHEMA_V3 (version = 4), software layout = DATANODE_SCHEMA_V3 (version = 4)
2022-08-03 01:57:18,121 [om1@group-C5BA1605619E-LeaderElection28] INFO  impl.LeaderElection (LeaderElection.java:askForVotes(310)) - om1@group-C5BA1605619E-LeaderElection28 ELECTION round 0: submit vote requests at term 1 for -1: [om1|rpc:localhost:9872|priority:0], old=null
2022-08-03 01:57:18,121 [om1@group-C5BA1605619E-LeaderElection28] INFO  impl.LeaderElection (LeaderElection.java:askForVotes(312)) - om1@group-C5BA1605619E-LeaderElection28 ELECTION round 0: result PASSED (term=1)
2022-08-03 01:57:18,121 [om1@group-C5BA1605619E-LeaderElection28] INFO  impl.RoleInfo (RoleInfo.java:shutdownLeaderElection(130)) - om1: shutdown om1@group-C5BA1605619E-LeaderElection28
2022-08-03 01:57:18,121 [om1@group-C5BA1605619E-LeaderElection28] INFO  server.RaftServer$Division (RaftServerImpl.java:setRole(299)) - om1@group-C5BA1605619E: changes role from CANDIDATE to LEADER at term 1 for changeToLeader
2022-08-03 01:57:18,121 [om1@group-C5BA1605619E-LeaderElection28] INFO  server.RaftServer$Division (ServerState.java:setLeader(287)) - om1@group-C5BA1605619E: change Leader from null to om1 at term 1 for becomeLeader, leader elected after 2696ms
2022-08-03 01:57:18,121 [om1@group-C5BA1605619E-LeaderElection28] INFO  server.RaftServerConfigKeys (ConfUtils.java:logGet(46)) - raft.server.staging.catchup.gap = 1000 (default)
2022-08-03 01:57:18,122 [om1@group-C5BA1605619E-LeaderElection28] INFO  server.RaftServerConfigKeys (ConfUtils.java:logGet(46)) - raft.server.write.element-limit = 4096 (default)
2022-08-03 01:57:18,122 [om1@group-C5BA1605619E-LeaderElection28] INFO  server.RaftServerConfigKeys (ConfUtils.java:logGet(46)) - raft.server.write.byte-limit = 64MB (=67108864) (default)
2022-08-03 01:57:18,122 [om1@group-C5BA1605619E-LeaderElection28] INFO  server.RaftServerConfigKeys (ConfUtils.java:logGet(46)) - raft.server.watch.timeout = 10s (default)
2022-08-03 01:57:18,122 [om1@group-C5BA1605619E-LeaderElection28] INFO  server.RaftServerConfigKeys (ConfUtils.java:logGet(46)) - raft.server.watch.timeout.denomination = 1s (default)
2022-08-03 01:57:18,122 [om1@group-C5BA1605619E-LeaderElection28] INFO  server.RaftServerConfigKeys (ConfUtils.java:logGet(46)) - raft.server.watch.element-limit = 65536 (default)
2022-08-03 01:57:18,122 [om1@group-C5BA1605619E-LeaderElection28] INFO  server.RaftServerConfigKeys (ConfUtils.java:logGet(46)) - raft.server.write.element-limit = 4096 (default)
2022-08-03 01:57:18,122 [om1@group-C5BA1605619E-LeaderElection28] INFO  server.RaftServerConfigKeys (ConfUtils.java:logGet(46)) - raft.server.write.follower.gap.ratio.max = -1.0 (default)
2022-08-03 01:57:18,122 [om1@group-C5BA1605619E-LeaderElection28] INFO  impl.RoleInfo (RoleInfo.java:updateAndGet(139)) - om1: start om1@group-C5BA1605619E-LeaderStateImpl
2022-08-03 01:57:18,123 [om1@group-C5BA1605619E-LeaderElection28] INFO  segmented.SegmentedRaftLogWorker (SegmentedRaftLogWorker.java:startLogSegment(425)) - om1@group-C5BA1605619E-SegmentedRaftLogWorker: Starting segment from index:0
2022-08-03 01:57:18,142 [om1@group-C5BA1605619E-SegmentedRaftLogWorker] INFO  segmented.SegmentedRaftLogWorker (SegmentedRaftLogWorker.java:execute(629)) - om1@group-C5BA1605619E-SegmentedRaftLogWorker: created new log segment /home/runner/work/ozone/ozone/hadoop-ozone/integration-test/target/test-dir/MiniOzoneClusterImpl-4c229dde-e64f-42f3-a5ee-349c50f14821/ozone-meta/ratis/bf265839-605b-3f16-9796-c5ba1605619e/current/log_inprogress_0
2022-08-03 01:57:18,177 [om1@group-C5BA1605619E-LeaderElection28] INFO  server.RaftServer$Division (ServerState.java:setRaftConf(393)) - om1@group-C5BA1605619E: set configuration 0: [om1|rpc:localhost:9872|admin:|client:|dataStream:|priority:0], old=null
2022-08-03 01:57:18,185 [om1@group-C5BA1605619E-StateMachineUpdater] INFO  ratis.OzoneManagerStateMachine (OzoneManagerStateMachine.java:notifyConfigurationChanged(192)) - Received Configuration change notification from Ratis. New Peer list:
[id: "om1"
address: "localhost:9872"
]
2022-08-03 01:57:18,293 [Listener at 127.0.0.1/36611] INFO  reflections.Reflections (Reflections.java:scan(232)) - Reflections took 198 ms to scan 7 urls, producing 132 keys and 321 values 
2022-08-03 01:57:18,294 [Listener at 127.0.0.1/36611] INFO  statemachine.DatanodeStateMachine (DatanodeStateMachine.java:getEndPointTaskThreadPoolSize(237)) - Datanode State Machine Task Thread Pool size 2
2022-08-03 01:57:18,301 [Listener at 127.0.0.1/36611] INFO  volume.HddsVolume (HddsVolume.java:<init>(116)) - Creating HddsVolume: /home/runner/work/ozone/ozone/hadoop-ozone/integration-test/target/test-dir/MiniOzoneClusterImpl-4c229dde-e64f-42f3-a5ee-349c50f14821/datanode-1/data-0/containers/hdds of storage type : DISK capacity : 9223372036854775807
2022-08-03 01:57:18,302 [Listener at 127.0.0.1/36611] INFO  volume.MutableVolumeSet (MutableVolumeSet.java:initializeVolumeSet(174)) - Added Volume : /home/runner/work/ozone/ozone/hadoop-ozone/integration-test/target/test-dir/MiniOzoneClusterImpl-4c229dde-e64f-42f3-a5ee-349c50f14821/datanode-1/data-0/containers/hdds to VolumeSet
2022-08-03 01:57:18,302 [Listener at 127.0.0.1/36611] INFO  volume.ThrottledAsyncChecker (ThrottledAsyncChecker.java:schedule(141)) - Scheduling a check for /home/runner/work/ozone/ozone/hadoop-ozone/integration-test/target/test-dir/MiniOzoneClusterImpl-4c229dde-e64f-42f3-a5ee-349c50f14821/datanode-1/data-0/containers/hdds
2022-08-03 01:57:18,315 [Listener at 127.0.0.1/36611] INFO  volume.StorageVolumeChecker (StorageVolumeChecker.java:checkAllVolumes(202)) - Scheduled health check for volume /home/runner/work/ozone/ozone/hadoop-ozone/integration-test/target/test-dir/MiniOzoneClusterImpl-4c229dde-e64f-42f3-a5ee-349c50f14821/datanode-1/data-0/containers/hdds
2022-08-03 01:57:18,354 [Listener at 127.0.0.1/36611] INFO  volume.MutableVolumeSet (MutableVolumeSet.java:initializeVolumeSet(174)) - Added Volume : /home/runner/work/ozone/ozone/hadoop-ozone/integration-test/target/test-dir/MiniOzoneClusterImpl-4c229dde-e64f-42f3-a5ee-349c50f14821/datanode-1/data/ratis to VolumeSet
2022-08-03 01:57:18,355 [Listener at 127.0.0.1/36611] INFO  volume.ThrottledAsyncChecker (ThrottledAsyncChecker.java:schedule(141)) - Scheduling a check for /home/runner/work/ozone/ozone/hadoop-ozone/integration-test/target/test-dir/MiniOzoneClusterImpl-4c229dde-e64f-42f3-a5ee-349c50f14821/datanode-1/data/ratis
2022-08-03 01:57:18,355 [Listener at 127.0.0.1/36611] INFO  volume.StorageVolumeChecker (StorageVolumeChecker.java:checkAllVolumes(202)) - Scheduled health check for volume /home/runner/work/ozone/ozone/hadoop-ozone/integration-test/target/test-dir/MiniOzoneClusterImpl-4c229dde-e64f-42f3-a5ee-349c50f14821/datanode-1/data/ratis
2022-08-03 01:57:18,375 [Thread-1226] INFO  ozoneimpl.ContainerReader (ContainerReader.java:readVolume(175)) - Finish verifying containers on volume /home/runner/work/ozone/ozone/hadoop-ozone/integration-test/target/test-dir/MiniOzoneClusterImpl-4c229dde-e64f-42f3-a5ee-349c50f14821/datanode-1/data-0/containers/hdds
2022-08-03 01:57:18,375 [Listener at 127.0.0.1/36611] INFO  ozoneimpl.OzoneContainer (OzoneContainer.java:buildContainerSet(299)) - Build ContainerSet costs 0s
2022-08-03 01:57:18,378 [Listener at 127.0.0.1/36611] INFO  server.RaftServer (ConfUtils.java:logGet(46)) - raft.rpc.type = GRPC (default)
2022-08-03 01:57:18,378 [Listener at 127.0.0.1/36611] INFO  grpc.GrpcFactory (GrpcFactory.java:checkPooledByteBufAllocatorUseCacheForAllThreads(48)) - PERFORMANCE WARNING: useCacheForAllThreads is true that may cause Netty to create a lot garbage objects and, as a result, trigger GC.
	It is recommended to disable useCacheForAllThreads by setting -Dorg.apache.ratis.thirdparty.io.netty.allocator.useCacheForAllThreads=false in command line.
2022-08-03 01:57:18,378 [Listener at 127.0.0.1/36611] INFO  grpc.GrpcConfigKeys (ConfUtils.java:logGet(46)) - raft.grpc.admin.port = 0 (custom)
2022-08-03 01:57:18,378 [Listener at 127.0.0.1/36611] INFO  grpc.GrpcConfigKeys (ConfUtils.java:logGet(46)) - raft.grpc.client.port = 0 (custom)
2022-08-03 01:57:18,378 [Listener at 127.0.0.1/36611] INFO  grpc.GrpcConfigKeys (ConfUtils.java:logGet(46)) - raft.grpc.server.port = 0 (default)
2022-08-03 01:57:18,378 [Listener at 127.0.0.1/36611] INFO  server.GrpcService (ConfUtils.java:logGet(46)) - raft.grpc.message.size.max = 32MB (=33554432) (custom)
2022-08-03 01:57:18,379 [Listener at 127.0.0.1/36611] INFO  server.RaftServerConfigKeys (ConfUtils.java:logGet(46)) - raft.server.log.appender.buffer.byte-limit = 33554432 (custom)
2022-08-03 01:57:18,379 [Listener at 127.0.0.1/36611] INFO  server.GrpcService (ConfUtils.java:logGet(46)) - raft.grpc.flow.control.window = 5MB (=5242880) (custom)
2022-08-03 01:57:18,379 [Listener at 127.0.0.1/36611] INFO  server.RaftServerConfigKeys (ConfUtils.java:logGet(46)) - raft.server.rpc.request.timeout = 60s (custom)
2022-08-03 01:57:18,379 [Listener at 127.0.0.1/36611] INFO  grpc.GrpcConfigKeys (ConfUtils.java:logGet(46)) - raft.grpc.server.async.request.thread.pool.cached = true (default)
2022-08-03 01:57:18,379 [Listener at 127.0.0.1/36611] INFO  grpc.GrpcConfigKeys (ConfUtils.java:logGet(46)) - raft.grpc.server.async.request.thread.pool.size = 32 (default)
2022-08-03 01:57:18,380 [Listener at 127.0.0.1/36611] INFO  impl.DataStreamServerImpl (ConfUtils.java:logGet(46)) - raft.datastream.type = DISABLED (default)
2022-08-03 01:57:18,381 [Listener at 127.0.0.1/36611] INFO  server.RaftServerConfigKeys (ConfUtils.java:logGet(46)) - raft.server.threadpool.proxy.cached = true (default)
2022-08-03 01:57:18,381 [Listener at 127.0.0.1/36611] INFO  server.RaftServerConfigKeys (ConfUtils.java:logGet(46)) - raft.server.threadpool.proxy.size = 0 (default)
2022-08-03 01:57:18,381 [Listener at 127.0.0.1/36611] INFO  server.RaftServerConfigKeys (ConfUtils.java:logGet(46)) - raft.server.rpc.slowness.timeout = 300s (custom)
2022-08-03 01:57:18,381 [Listener at 127.0.0.1/36611] INFO  server.RaftServerConfigKeys (ConfUtils.java:logGet(46)) - raft.server.leaderelection.leader.step-down.wait-time = 10s (default)
2022-08-03 01:57:18,381 [Listener at 127.0.0.1/36611] INFO  server.RaftServerConfigKeys (ConfUtils.java:logGet(46)) - raft.server.storage.dir = [/home/runner/work/ozone/ozone/hadoop-ozone/integration-test/target/test-dir/MiniOzoneClusterImpl-4c229dde-e64f-42f3-a5ee-349c50f14821/datanode-1/data/ratis] (custom)
2022-08-03 01:57:18,423 [Listener at 127.0.0.1/36611] INFO  server.XceiverServerGrpc (XceiverServerGrpc.java:<init>(132)) - GrpcServer channel type EpollServerSocketChannel
2022-08-03 01:57:18,442 [Listener at 127.0.0.1/36611] INFO  http.BaseHttpServer (BaseHttpServer.java:newHttpServer2BuilderForOzone(209)) - Starting Web-server for hddsDatanode at: http://0.0.0.0:0
2022-08-03 01:57:18,442 [Listener at 127.0.0.1/36611] INFO  http.BaseHttpServer (BaseHttpServer.java:<init>(107)) - Hadoop Security Enabled: false Ozone Security Enabled: false Ozone HTTP Security Enabled: false 
2022-08-03 01:57:18,448 [Listener at 127.0.0.1/36611] INFO  server.AuthenticationFilter (AuthenticationFilter.java:constructSecretProvider(240)) - Unable to initialize FileSignerSecretProvider, falling back to use random secrets.
2022-08-03 01:57:18,452 [Listener at 127.0.0.1/36611] WARN  http.HttpRequestLog (HttpRequestLog.java:getRequestLog(103)) - Jetty request log can only be enabled using Log4j
2022-08-03 01:57:18,461 [Listener at 127.0.0.1/36611] INFO  http.HttpServer2 (HttpServer2.java:addGlobalFilter(1029)) - Added global filter 'safety' (class=org.apache.hadoop.hdds.server.http.HttpServer2$QuotingInputFilter)
2022-08-03 01:57:18,462 [Listener at 127.0.0.1/36611] INFO  http.HttpServer2 (HttpServer2.java:addFilter(1005)) - Added filter static_user_filter (class=org.apache.hadoop.http.lib.StaticUserWebFilter$StaticUserFilter) to context hddsDatanode
2022-08-03 01:57:18,462 [Listener at 127.0.0.1/36611] INFO  http.HttpServer2 (HttpServer2.java:addFilter(1013)) - Added filter static_user_filter (class=org.apache.hadoop.http.lib.StaticUserWebFilter$StaticUserFilter) to context static
2022-08-03 01:57:18,462 [Listener at 127.0.0.1/36611] INFO  http.HttpServer2 (HttpServer2.java:addFilter(1013)) - Added filter static_user_filter (class=org.apache.hadoop.http.lib.StaticUserWebFilter$StaticUserFilter) to context logs
2022-08-03 01:57:18,463 [Listener at 127.0.0.1/36611] INFO  http.HttpServer2 (HttpServer2.java:bindListener(1248)) - Jetty bound to port 46635
2022-08-03 01:57:18,463 [Listener at 127.0.0.1/36611] INFO  server.Server (Server.java:doStart(375)) - jetty-9.4.43.v20210629; built: 2021-06-30T11:07:22.254Z; git: 526006ecfa3af7f1a27ef3a288e2bef7ea9dd7e8; jvm 1.8.0_332-b09
2022-08-03 01:57:18,485 [Listener at 127.0.0.1/36611] INFO  server.session (DefaultSessionIdManager.java:doStart(334)) - DefaultSessionIdManager workerName=node0
2022-08-03 01:57:18,485 [Listener at 127.0.0.1/36611] INFO  server.session (DefaultSessionIdManager.java:doStart(339)) - No SessionScavenger set, using defaults
2022-08-03 01:57:18,486 [Listener at 127.0.0.1/36611] INFO  server.session (HouseKeeper.java:startScavenging(132)) - node0 Scavenging every 660000ms
2022-08-03 01:57:18,486 [Listener at 127.0.0.1/36611] INFO  handler.ContextHandler (ContextHandler.java:doStart(915)) - Started o.e.j.s.ServletContextHandler@37e07b6f{logs,/logs,file:///home/runner/work/ozone/ozone/hadoop-ozone/integration-test/target/log,AVAILABLE}
2022-08-03 01:57:18,487 [Listener at 127.0.0.1/36611] INFO  handler.ContextHandler (ContextHandler.java:doStart(915)) - Started o.e.j.s.ServletContextHandler@495daa0{static,/static,jar:file:/home/runner/.m2/repository/org/apache/ozone/hdds-container-service/1.3.0-SNAPSHOT/hdds-container-service-1.3.0-SNAPSHOT.jar!/webapps/static,AVAILABLE}
2022-08-03 01:57:19,206 [Listener at 127.0.0.1/36611] INFO  handler.ContextHandler (ContextHandler.java:doStart(915)) - Started o.e.j.w.WebAppContext@4007799d{hddsDatanode,/,file:///tmp/jetty-0_0_0_0-46635-hdds-container-service-1_3_0-SNAPSHOT_jar-_-any-991190840756139148/webapp/,AVAILABLE}{jar:file:/home/runner/.m2/repository/org/apache/ozone/hdds-container-service/1.3.0-SNAPSHOT/hdds-container-service-1.3.0-SNAPSHOT.jar!/webapps/hddsDatanode}
2022-08-03 01:57:19,235 [Listener at 127.0.0.1/36611] INFO  server.AbstractConnector (AbstractConnector.java:doStart(331)) - Started ServerConnector@2f5ebba{HTTP/1.1, (http/1.1)}{0.0.0.0:46635}
2022-08-03 01:57:19,236 [Listener at 127.0.0.1/36611] INFO  server.Server (Server.java:doStart(415)) - Started @267093ms
2022-08-03 01:57:19,236 [Listener at 127.0.0.1/36611] WARN  impl.MetricsSystemImpl (MetricsSystemImpl.java:register(279)) - Sink prometheus already exists!
2022-08-03 01:57:19,237 [Listener at 127.0.0.1/36611] INFO  http.BaseHttpServer (BaseHttpServer.java:updateConnectorAddress(329)) - HTTP server of hddsDatanode listening at http://0.0.0.0:46635
2022-08-03 01:57:19,245 [Listener at 127.0.0.1/36611] WARN  impl.MetricRegistriesImpl (MetricRegistriesImpl.java:addReporterRegistration(111)) - New reporters are added after registries were created. Some metrics will be missing from the reporter. Please add reporter before adding any new registry.
2022-08-03 01:57:19,245 [Listener at 127.0.0.1/36611] WARN  impl.MetricRegistriesImpl (MetricRegistriesImpl.java:addReporterRegistration(111)) - New reporters are added after registries were created. Some metrics will be missing from the reporter. Please add reporter before adding any new registry.
2022-08-03 01:57:19,245 [Listener at 127.0.0.1/36611] INFO  impl.MetricsSystemImpl (MetricsSystemImpl.java:init(158)) - HddsDatanode metrics system started (again)
2022-08-03 01:57:19,256 [Datanode State Machine Daemon Thread] INFO  statemachine.DatanodeStateMachine (DatanodeStateMachine.java:lambda$startDaemon$0(492)) - Ozone container server started.
2022-08-03 01:57:19,300 [Listener at 127.0.0.1/36611] INFO  ozone.HddsDatanodeService (HddsDatanodeService.java:start(236)) - HddsDatanodeService host:fv-az199-929.piossgaoozdutex3tpy4bgd4ka.dx.internal.cloudapp.net ip:10.1.0.23
2022-08-03 01:57:19,342 [org.apache.hadoop.util.JvmPauseMonitor$Monitor@3d81ac2b] INFO  util.JvmPauseMonitor (JvmPauseMonitor.java:run(188)) - Starting JVM pause monitor
2022-08-03 01:57:19,409 [Datanode State Machine Task Thread - 0] INFO  datanode.InitDatanodeState (InitDatanodeState.java:persistContainerDatanodeDetails(138)) - DatanodeDetails is persisted to /home/runner/work/ozone/ozone/hadoop-ozone/integration-test/target/test-dir/MiniOzoneClusterImpl-4c229dde-e64f-42f3-a5ee-349c50f14821/datanode-1/meta/datanode.id
2022-08-03 01:57:19,442 [Listener at 127.0.0.1/36611] INFO  upgrade.AbstractLayoutVersionManager (AbstractLayoutVersionManager.java:init(83)) - Initializing Layout version manager with metadata layout = DATANODE_SCHEMA_V3 (version = 4), software layout = DATANODE_SCHEMA_V3 (version = 4)
2022-08-03 01:57:19,648 [Listener at 127.0.0.1/36611] INFO  reflections.Reflections (Reflections.java:scan(232)) - Reflections took 205 ms to scan 7 urls, producing 132 keys and 321 values 
2022-08-03 01:57:19,654 [Listener at 127.0.0.1/36611] INFO  statemachine.DatanodeStateMachine (DatanodeStateMachine.java:getEndPointTaskThreadPoolSize(237)) - Datanode State Machine Task Thread Pool size 2
2022-08-03 01:57:19,673 [Listener at 127.0.0.1/36611] INFO  volume.HddsVolume (HddsVolume.java:<init>(116)) - Creating HddsVolume: /home/runner/work/ozone/ozone/hadoop-ozone/integration-test/target/test-dir/MiniOzoneClusterImpl-4c229dde-e64f-42f3-a5ee-349c50f14821/datanode-2/data-0/containers/hdds of storage type : DISK capacity : 9223372036854775807
2022-08-03 01:57:19,673 [Listener at 127.0.0.1/36611] INFO  volume.MutableVolumeSet (MutableVolumeSet.java:initializeVolumeSet(174)) - Added Volume : /home/runner/work/ozone/ozone/hadoop-ozone/integration-test/target/test-dir/MiniOzoneClusterImpl-4c229dde-e64f-42f3-a5ee-349c50f14821/datanode-2/data-0/containers/hdds to VolumeSet
2022-08-03 01:57:19,673 [Listener at 127.0.0.1/36611] INFO  volume.ThrottledAsyncChecker (ThrottledAsyncChecker.java:schedule(141)) - Scheduling a check for /home/runner/work/ozone/ozone/hadoop-ozone/integration-test/target/test-dir/MiniOzoneClusterImpl-4c229dde-e64f-42f3-a5ee-349c50f14821/datanode-2/data-0/containers/hdds
2022-08-03 01:57:19,705 [Listener at 127.0.0.1/36611] INFO  volume.StorageVolumeChecker (StorageVolumeChecker.java:checkAllVolumes(202)) - Scheduled health check for volume /home/runner/work/ozone/ozone/hadoop-ozone/integration-test/target/test-dir/MiniOzoneClusterImpl-4c229dde-e64f-42f3-a5ee-349c50f14821/datanode-2/data-0/containers/hdds
2022-08-03 01:57:19,726 [Listener at 127.0.0.1/36611] INFO  volume.MutableVolumeSet (MutableVolumeSet.java:initializeVolumeSet(174)) - Added Volume : /home/runner/work/ozone/ozone/hadoop-ozone/integration-test/target/test-dir/MiniOzoneClusterImpl-4c229dde-e64f-42f3-a5ee-349c50f14821/datanode-2/data/ratis to VolumeSet
2022-08-03 01:57:19,726 [Listener at 127.0.0.1/36611] INFO  volume.ThrottledAsyncChecker (ThrottledAsyncChecker.java:schedule(141)) - Scheduling a check for /home/runner/work/ozone/ozone/hadoop-ozone/integration-test/target/test-dir/MiniOzoneClusterImpl-4c229dde-e64f-42f3-a5ee-349c50f14821/datanode-2/data/ratis
2022-08-03 01:57:19,727 [Listener at 127.0.0.1/36611] INFO  volume.StorageVolumeChecker (StorageVolumeChecker.java:checkAllVolumes(202)) - Scheduled health check for volume /home/runner/work/ozone/ozone/hadoop-ozone/integration-test/target/test-dir/MiniOzoneClusterImpl-4c229dde-e64f-42f3-a5ee-349c50f14821/datanode-2/data/ratis
2022-08-03 01:57:19,748 [Thread-1239] INFO  ozoneimpl.ContainerReader (ContainerReader.java:readVolume(175)) - Finish verifying containers on volume /home/runner/work/ozone/ozone/hadoop-ozone/integration-test/target/test-dir/MiniOzoneClusterImpl-4c229dde-e64f-42f3-a5ee-349c50f14821/datanode-2/data-0/containers/hdds
2022-08-03 01:57:19,748 [Listener at 127.0.0.1/36611] INFO  ozoneimpl.OzoneContainer (OzoneContainer.java:buildContainerSet(299)) - Build ContainerSet costs 0s
2022-08-03 01:57:19,750 [Listener at 127.0.0.1/36611] INFO  server.RaftServer (ConfUtils.java:logGet(46)) - raft.rpc.type = GRPC (default)
2022-08-03 01:57:19,751 [Listener at 127.0.0.1/36611] INFO  grpc.GrpcFactory (GrpcFactory.java:checkPooledByteBufAllocatorUseCacheForAllThreads(48)) - PERFORMANCE WARNING: useCacheForAllThreads is true that may cause Netty to create a lot garbage objects and, as a result, trigger GC.
	It is recommended to disable useCacheForAllThreads by setting -Dorg.apache.ratis.thirdparty.io.netty.allocator.useCacheForAllThreads=false in command line.
2022-08-03 01:57:19,751 [Listener at 127.0.0.1/36611] INFO  grpc.GrpcConfigKeys (ConfUtils.java:logGet(46)) - raft.grpc.admin.port = 0 (custom)
2022-08-03 01:57:19,751 [Listener at 127.0.0.1/36611] INFO  grpc.GrpcConfigKeys (ConfUtils.java:logGet(46)) - raft.grpc.client.port = 0 (custom)
2022-08-03 01:57:19,751 [Listener at 127.0.0.1/36611] INFO  grpc.GrpcConfigKeys (ConfUtils.java:logGet(46)) - raft.grpc.server.port = 0 (default)
2022-08-03 01:57:19,751 [Listener at 127.0.0.1/36611] INFO  server.GrpcService (ConfUtils.java:logGet(46)) - raft.grpc.message.size.max = 32MB (=33554432) (custom)
2022-08-03 01:57:19,751 [Listener at 127.0.0.1/36611] INFO  server.RaftServerConfigKeys (ConfUtils.java:logGet(46)) - raft.server.log.appender.buffer.byte-limit = 33554432 (custom)
2022-08-03 01:57:19,751 [Listener at 127.0.0.1/36611] INFO  server.GrpcService (ConfUtils.java:logGet(46)) - raft.grpc.flow.control.window = 5MB (=5242880) (custom)
2022-08-03 01:57:19,752 [Listener at 127.0.0.1/36611] INFO  server.RaftServerConfigKeys (ConfUtils.java:logGet(46)) - raft.server.rpc.request.timeout = 60s (custom)
2022-08-03 01:57:19,752 [Listener at 127.0.0.1/36611] INFO  grpc.GrpcConfigKeys (ConfUtils.java:logGet(46)) - raft.grpc.server.async.request.thread.pool.cached = true (default)
2022-08-03 01:57:19,752 [Listener at 127.0.0.1/36611] INFO  grpc.GrpcConfigKeys (ConfUtils.java:logGet(46)) - raft.grpc.server.async.request.thread.pool.size = 32 (default)
2022-08-03 01:57:19,759 [Listener at 127.0.0.1/36611] INFO  impl.DataStreamServerImpl (ConfUtils.java:logGet(46)) - raft.datastream.type = DISABLED (default)
2022-08-03 01:57:19,759 [Listener at 127.0.0.1/36611] INFO  server.RaftServerConfigKeys (ConfUtils.java:logGet(46)) - raft.server.threadpool.proxy.cached = true (default)
2022-08-03 01:57:19,759 [Listener at 127.0.0.1/36611] INFO  server.RaftServerConfigKeys (ConfUtils.java:logGet(46)) - raft.server.threadpool.proxy.size = 0 (default)
2022-08-03 01:57:19,762 [Listener at 127.0.0.1/36611] INFO  server.RaftServerConfigKeys (ConfUtils.java:logGet(46)) - raft.server.rpc.slowness.timeout = 300s (custom)
2022-08-03 01:57:19,763 [Listener at 127.0.0.1/36611] INFO  server.RaftServerConfigKeys (ConfUtils.java:logGet(46)) - raft.server.leaderelection.leader.step-down.wait-time = 10s (default)
2022-08-03 01:57:19,763 [Listener at 127.0.0.1/36611] INFO  server.RaftServerConfigKeys (ConfUtils.java:logGet(46)) - raft.server.storage.dir = [/home/runner/work/ozone/ozone/hadoop-ozone/integration-test/target/test-dir/MiniOzoneClusterImpl-4c229dde-e64f-42f3-a5ee-349c50f14821/datanode-2/data/ratis] (custom)
2022-08-03 01:57:19,777 [Listener at 127.0.0.1/36611] INFO  server.XceiverServerGrpc (XceiverServerGrpc.java:<init>(132)) - GrpcServer channel type EpollServerSocketChannel
2022-08-03 01:57:19,797 [Listener at 127.0.0.1/36611] INFO  http.BaseHttpServer (BaseHttpServer.java:newHttpServer2BuilderForOzone(209)) - Starting Web-server for hddsDatanode at: http://0.0.0.0:0
2022-08-03 01:57:19,797 [Listener at 127.0.0.1/36611] INFO  http.BaseHttpServer (BaseHttpServer.java:<init>(107)) - Hadoop Security Enabled: false Ozone Security Enabled: false Ozone HTTP Security Enabled: false 
2022-08-03 01:57:19,798 [Listener at 127.0.0.1/36611] INFO  server.AuthenticationFilter (AuthenticationFilter.java:constructSecretProvider(240)) - Unable to initialize FileSignerSecretProvider, falling back to use random secrets.
2022-08-03 01:57:19,860 [Listener at 127.0.0.1/36611] WARN  http.HttpRequestLog (HttpRequestLog.java:getRequestLog(103)) - Jetty request log can only be enabled using Log4j
2022-08-03 01:57:19,862 [Listener at 127.0.0.1/36611] INFO  http.HttpServer2 (HttpServer2.java:addGlobalFilter(1029)) - Added global filter 'safety' (class=org.apache.hadoop.hdds.server.http.HttpServer2$QuotingInputFilter)
2022-08-03 01:57:19,863 [Listener at 127.0.0.1/36611] INFO  http.HttpServer2 (HttpServer2.java:addFilter(1005)) - Added filter static_user_filter (class=org.apache.hadoop.http.lib.StaticUserWebFilter$StaticUserFilter) to context hddsDatanode
2022-08-03 01:57:19,863 [Listener at 127.0.0.1/36611] INFO  http.HttpServer2 (HttpServer2.java:addFilter(1013)) - Added filter static_user_filter (class=org.apache.hadoop.http.lib.StaticUserWebFilter$StaticUserFilter) to context logs
2022-08-03 01:57:19,863 [Listener at 127.0.0.1/36611] INFO  http.HttpServer2 (HttpServer2.java:addFilter(1013)) - Added filter static_user_filter (class=org.apache.hadoop.http.lib.StaticUserWebFilter$StaticUserFilter) to context static
2022-08-03 01:57:19,864 [Listener at 127.0.0.1/36611] INFO  http.HttpServer2 (HttpServer2.java:bindListener(1248)) - Jetty bound to port 33239
2022-08-03 01:57:19,864 [Listener at 127.0.0.1/36611] INFO  server.Server (Server.java:doStart(375)) - jetty-9.4.43.v20210629; built: 2021-06-30T11:07:22.254Z; git: 526006ecfa3af7f1a27ef3a288e2bef7ea9dd7e8; jvm 1.8.0_332-b09
2022-08-03 01:57:19,874 [Listener at 127.0.0.1/36611] INFO  server.session (DefaultSessionIdManager.java:doStart(334)) - DefaultSessionIdManager workerName=node0
2022-08-03 01:57:19,874 [Listener at 127.0.0.1/36611] INFO  server.session (DefaultSessionIdManager.java:doStart(339)) - No SessionScavenger set, using defaults
2022-08-03 01:57:19,875 [Listener at 127.0.0.1/36611] INFO  server.session (HouseKeeper.java:startScavenging(132)) - node0 Scavenging every 660000ms
2022-08-03 01:57:19,875 [Listener at 127.0.0.1/36611] INFO  handler.ContextHandler (ContextHandler.java:doStart(915)) - Started o.e.j.s.ServletContextHandler@46815bf{logs,/logs,file:///home/runner/work/ozone/ozone/hadoop-ozone/integration-test/target/log,AVAILABLE}
2022-08-03 01:57:19,876 [Listener at 127.0.0.1/36611] INFO  handler.ContextHandler (ContextHandler.java:doStart(915)) - Started o.e.j.s.ServletContextHandler@283ab876{static,/static,jar:file:/home/runner/.m2/repository/org/apache/ozone/hdds-container-service/1.3.0-SNAPSHOT/hdds-container-service-1.3.0-SNAPSHOT.jar!/webapps/static,AVAILABLE}
2022-08-03 01:57:20,265 [EndpointStateMachine task thread for /0.0.0.0:42151 - 0 ] INFO  volume.HddsVolume (HddsVolume.java:createDbStore(309)) - SchemaV3 db is created and loaded at /home/runner/work/ozone/ozone/hadoop-ozone/integration-test/target/test-dir/MiniOzoneClusterImpl-4c229dde-e64f-42f3-a5ee-349c50f14821/datanode-0/data-0/containers/hdds/4c229dde-e64f-42f3-a5ee-349c50f14821/DS-aa1ca0e6-b69c-468f-b1b8-1b0c55468468/container.db for volume DS-aa1ca0e6-b69c-468f-b1b8-1b0c55468468
2022-08-03 01:57:20,289 [EndpointStateMachine task thread for /0.0.0.0:42151 - 0 ] INFO  volume.HddsVolume (HddsVolume.java:closeDbStore(340)) - SchemaV3 db is stopped at /home/runner/work/ozone/ozone/hadoop-ozone/integration-test/target/test-dir/MiniOzoneClusterImpl-4c229dde-e64f-42f3-a5ee-349c50f14821/datanode-0/data-0/containers/hdds/4c229dde-e64f-42f3-a5ee-349c50f14821/DS-aa1ca0e6-b69c-468f-b1b8-1b0c55468468/container.db for volume DS-aa1ca0e6-b69c-468f-b1b8-1b0c55468468
2022-08-03 01:57:20,289 [EndpointStateMachine task thread for /0.0.0.0:42151 - 0 ] INFO  ozoneimpl.OzoneContainer (OzoneContainer.java:start(377)) - Attempting to start container services.
2022-08-03 01:57:20,289 [EndpointStateMachine task thread for /0.0.0.0:42151 - 0 ] INFO  ozoneimpl.OzoneContainer (OzoneContainer.java:startContainerScrub(312)) - Background container scanner has been disabled.
2022-08-03 01:57:20,291 [EndpointStateMachine task thread for /0.0.0.0:42151 - 0 ] INFO  replication.ReplicationServer (ReplicationServer.java:start(111)) - ReplicationServer is started using port 39411
2022-08-03 01:57:20,294 [EndpointStateMachine task thread for /0.0.0.0:42151 - 0 ] INFO  ratis.XceiverServerRatis (XceiverServerRatis.java:start(481)) - Starting XceiverServerRatis 49c4bd74-e934-49fb-9588-8a6634b350da
2022-08-03 01:57:20,295 [EndpointStateMachine task thread for /0.0.0.0:42151 - 0 ] INFO  server.RaftServer (RaftServerProxy.java:lambda$start$6(382)) - 49c4bd74-e934-49fb-9588-8a6634b350da: start RPC server
2022-08-03 01:57:20,310 [EndpointStateMachine task thread for /0.0.0.0:42151 - 0 ] INFO  server.GrpcService (GrpcService.java:startImpl(260)) - 49c4bd74-e934-49fb-9588-8a6634b350da: GrpcService started, listening on 44111
2022-08-03 01:57:20,310 [EndpointStateMachine task thread for /0.0.0.0:42151 - 0 ] INFO  ratis.XceiverServerRatis (XceiverServerRatis.java:getRealPort(502)) - XceiverServerRatis 49c4bd74-e934-49fb-9588-8a6634b350da is started using port 44111 for RATIS
2022-08-03 01:57:20,310 [EndpointStateMachine task thread for /0.0.0.0:42151 - 0 ] INFO  ratis.XceiverServerRatis (XceiverServerRatis.java:getRealPort(502)) - XceiverServerRatis 49c4bd74-e934-49fb-9588-8a6634b350da is started using port 44111 for RATIS_ADMIN
2022-08-03 01:57:20,310 [EndpointStateMachine task thread for /0.0.0.0:42151 - 0 ] INFO  ratis.XceiverServerRatis (XceiverServerRatis.java:getRealPort(502)) - XceiverServerRatis 49c4bd74-e934-49fb-9588-8a6634b350da is started using port 44111 for RATIS_SERVER
2022-08-03 01:57:20,310 [org.apache.ratis.util.JvmPauseMonitor$$Lambda$631/606875044@52d497b3] INFO  util.JvmPauseMonitor (JvmPauseMonitor.java:run(103)) - JvmPauseMonitor-49c4bd74-e934-49fb-9588-8a6634b350da: Started
2022-08-03 01:57:20,341 [EndpointStateMachine task thread for /0.0.0.0:42151 - 0 ] INFO  server.XceiverServerGrpc (XceiverServerGrpc.java:start(180)) - XceiverServerGrpc 49c4bd74-e934-49fb-9588-8a6634b350da is started using port 42317
2022-08-03 01:57:20,501 [Listener at 127.0.0.1/36611] INFO  handler.ContextHandler (ContextHandler.java:doStart(915)) - Started o.e.j.w.WebAppContext@7322151e{hddsDatanode,/,file:///tmp/jetty-0_0_0_0-33239-hdds-container-service-1_3_0-SNAPSHOT_jar-_-any-9200431997967526735/webapp/,AVAILABLE}{jar:file:/home/runner/.m2/repository/org/apache/ozone/hdds-container-service/1.3.0-SNAPSHOT/hdds-container-service-1.3.0-SNAPSHOT.jar!/webapps/hddsDatanode}
2022-08-03 01:57:20,525 [Listener at 127.0.0.1/36611] INFO  server.AbstractConnector (AbstractConnector.java:doStart(331)) - Started ServerConnector@2e866270{HTTP/1.1, (http/1.1)}{0.0.0.0:33239}
2022-08-03 01:57:20,525 [Listener at 127.0.0.1/36611] INFO  server.Server (Server.java:doStart(415)) - Started @268382ms
2022-08-03 01:57:20,525 [Listener at 127.0.0.1/36611] WARN  impl.MetricsSystemImpl (MetricsSystemImpl.java:register(279)) - Sink prometheus already exists!
2022-08-03 01:57:20,526 [Listener at 127.0.0.1/36611] INFO  http.BaseHttpServer (BaseHttpServer.java:updateConnectorAddress(329)) - HTTP server of hddsDatanode listening at http://0.0.0.0:33239
2022-08-03 01:57:20,527 [Listener at 127.0.0.1/36611] WARN  impl.MetricRegistriesImpl (MetricRegistriesImpl.java:addReporterRegistration(111)) - New reporters are added after registries were created. Some metrics will be missing from the reporter. Please add reporter before adding any new registry.
2022-08-03 01:57:20,527 [Listener at 127.0.0.1/36611] WARN  impl.MetricRegistriesImpl (MetricRegistriesImpl.java:addReporterRegistration(111)) - New reporters are added after registries were created. Some metrics will be missing from the reporter. Please add reporter before adding any new registry.
2022-08-03 01:57:20,527 [Listener at 127.0.0.1/36611] INFO  impl.MetricsSystemImpl (MetricsSystemImpl.java:init(158)) - HddsDatanode metrics system started (again)
2022-08-03 01:57:20,536 [Datanode State Machine Daemon Thread] INFO  statemachine.DatanodeStateMachine (DatanodeStateMachine.java:lambda$startDaemon$0(492)) - Ozone container server started.
2022-08-03 01:57:20,544 [Listener at 127.0.0.1/36611] INFO  ozone.HddsDatanodeService (HddsDatanodeService.java:start(236)) - HddsDatanodeService host:fv-az199-929.piossgaoozdutex3tpy4bgd4ka.dx.internal.cloudapp.net ip:10.1.0.23
2022-08-03 01:57:20,563 [org.apache.hadoop.util.JvmPauseMonitor$Monitor@7b44f0b9] INFO  util.JvmPauseMonitor (JvmPauseMonitor.java:run(188)) - Starting JVM pause monitor
2022-08-03 01:57:20,571 [Datanode State Machine Task Thread - 0] INFO  datanode.InitDatanodeState (InitDatanodeState.java:persistContainerDatanodeDetails(138)) - DatanodeDetails is persisted to /home/runner/work/ozone/ozone/hadoop-ozone/integration-test/target/test-dir/MiniOzoneClusterImpl-4c229dde-e64f-42f3-a5ee-349c50f14821/datanode-2/meta/datanode.id
2022-08-03 01:57:20,614 [Listener at 127.0.0.1/36611] INFO  upgrade.AbstractLayoutVersionManager (AbstractLayoutVersionManager.java:init(83)) - Initializing Layout version manager with metadata layout = DATANODE_SCHEMA_V3 (version = 4), software layout = DATANODE_SCHEMA_V3 (version = 4)
2022-08-03 01:57:20,760 [Listener at 127.0.0.1/36611] INFO  reflections.Reflections (Reflections.java:scan(232)) - Reflections took 137 ms to scan 7 urls, producing 132 keys and 321 values 
2022-08-03 01:57:20,761 [Listener at 127.0.0.1/36611] INFO  statemachine.DatanodeStateMachine (DatanodeStateMachine.java:getEndPointTaskThreadPoolSize(237)) - Datanode State Machine Task Thread Pool size 2
2022-08-03 01:57:20,776 [Listener at 127.0.0.1/36611] INFO  volume.HddsVolume (HddsVolume.java:<init>(116)) - Creating HddsVolume: /home/runner/work/ozone/ozone/hadoop-ozone/integration-test/target/test-dir/MiniOzoneClusterImpl-4c229dde-e64f-42f3-a5ee-349c50f14821/datanode-3/data-0/containers/hdds of storage type : DISK capacity : 9223372036854775807
2022-08-03 01:57:20,777 [Listener at 127.0.0.1/36611] INFO  volume.MutableVolumeSet (MutableVolumeSet.java:initializeVolumeSet(174)) - Added Volume : /home/runner/work/ozone/ozone/hadoop-ozone/integration-test/target/test-dir/MiniOzoneClusterImpl-4c229dde-e64f-42f3-a5ee-349c50f14821/datanode-3/data-0/containers/hdds to VolumeSet
2022-08-03 01:57:20,777 [Listener at 127.0.0.1/36611] INFO  volume.ThrottledAsyncChecker (ThrottledAsyncChecker.java:schedule(141)) - Scheduling a check for /home/runner/work/ozone/ozone/hadoop-ozone/integration-test/target/test-dir/MiniOzoneClusterImpl-4c229dde-e64f-42f3-a5ee-349c50f14821/datanode-3/data-0/containers/hdds
2022-08-03 01:57:20,796 [Listener at 127.0.0.1/36611] INFO  volume.StorageVolumeChecker (StorageVolumeChecker.java:checkAllVolumes(202)) - Scheduled health check for volume /home/runner/work/ozone/ozone/hadoop-ozone/integration-test/target/test-dir/MiniOzoneClusterImpl-4c229dde-e64f-42f3-a5ee-349c50f14821/datanode-3/data-0/containers/hdds
2022-08-03 01:57:20,810 [Listener at 127.0.0.1/36611] INFO  volume.MutableVolumeSet (MutableVolumeSet.java:initializeVolumeSet(174)) - Added Volume : /home/runner/work/ozone/ozone/hadoop-ozone/integration-test/target/test-dir/MiniOzoneClusterImpl-4c229dde-e64f-42f3-a5ee-349c50f14821/datanode-3/data/ratis to VolumeSet
2022-08-03 01:57:20,810 [Listener at 127.0.0.1/36611] INFO  volume.ThrottledAsyncChecker (ThrottledAsyncChecker.java:schedule(141)) - Scheduling a check for /home/runner/work/ozone/ozone/hadoop-ozone/integration-test/target/test-dir/MiniOzoneClusterImpl-4c229dde-e64f-42f3-a5ee-349c50f14821/datanode-3/data/ratis
2022-08-03 01:57:20,810 [Listener at 127.0.0.1/36611] INFO  volume.StorageVolumeChecker (StorageVolumeChecker.java:checkAllVolumes(202)) - Scheduled health check for volume /home/runner/work/ozone/ozone/hadoop-ozone/integration-test/target/test-dir/MiniOzoneClusterImpl-4c229dde-e64f-42f3-a5ee-349c50f14821/datanode-3/data/ratis
2022-08-03 01:57:20,893 [Thread-1258] INFO  ozoneimpl.ContainerReader (ContainerReader.java:readVolume(175)) - Finish verifying containers on volume /home/runner/work/ozone/ozone/hadoop-ozone/integration-test/target/test-dir/MiniOzoneClusterImpl-4c229dde-e64f-42f3-a5ee-349c50f14821/datanode-3/data-0/containers/hdds
2022-08-03 01:57:20,893 [Listener at 127.0.0.1/36611] INFO  ozoneimpl.OzoneContainer (OzoneContainer.java:buildContainerSet(299)) - Build ContainerSet costs 0s
2022-08-03 01:57:20,895 [Listener at 127.0.0.1/36611] INFO  server.RaftServer (ConfUtils.java:logGet(46)) - raft.rpc.type = GRPC (default)
2022-08-03 01:57:20,896 [Listener at 127.0.0.1/36611] INFO  grpc.GrpcFactory (GrpcFactory.java:checkPooledByteBufAllocatorUseCacheForAllThreads(48)) - PERFORMANCE WARNING: useCacheForAllThreads is true that may cause Netty to create a lot garbage objects and, as a result, trigger GC.
	It is recommended to disable useCacheForAllThreads by setting -Dorg.apache.ratis.thirdparty.io.netty.allocator.useCacheForAllThreads=false in command line.
2022-08-03 01:57:20,896 [Listener at 127.0.0.1/36611] INFO  grpc.GrpcConfigKeys (ConfUtils.java:logGet(46)) - raft.grpc.admin.port = 0 (custom)
2022-08-03 01:57:20,896 [Listener at 127.0.0.1/36611] INFO  grpc.GrpcConfigKeys (ConfUtils.java:logGet(46)) - raft.grpc.client.port = 0 (custom)
2022-08-03 01:57:20,896 [Listener at 127.0.0.1/36611] INFO  grpc.GrpcConfigKeys (ConfUtils.java:logGet(46)) - raft.grpc.server.port = 0 (default)
2022-08-03 01:57:20,896 [Listener at 127.0.0.1/36611] INFO  server.GrpcService (ConfUtils.java:logGet(46)) - raft.grpc.message.size.max = 32MB (=33554432) (custom)
2022-08-03 01:57:20,904 [Listener at 127.0.0.1/36611] INFO  server.RaftServerConfigKeys (ConfUtils.java:logGet(46)) - raft.server.log.appender.buffer.byte-limit = 33554432 (custom)
2022-08-03 01:57:20,905 [Listener at 127.0.0.1/36611] INFO  server.GrpcService (ConfUtils.java:logGet(46)) - raft.grpc.flow.control.window = 5MB (=5242880) (custom)
2022-08-03 01:57:20,905 [Listener at 127.0.0.1/36611] INFO  server.RaftServerConfigKeys (ConfUtils.java:logGet(46)) - raft.server.rpc.request.timeout = 60s (custom)
2022-08-03 01:57:20,905 [Listener at 127.0.0.1/36611] INFO  grpc.GrpcConfigKeys (ConfUtils.java:logGet(46)) - raft.grpc.server.async.request.thread.pool.cached = true (default)
2022-08-03 01:57:20,905 [Listener at 127.0.0.1/36611] INFO  grpc.GrpcConfigKeys (ConfUtils.java:logGet(46)) - raft.grpc.server.async.request.thread.pool.size = 32 (default)
2022-08-03 01:57:20,907 [Listener at 127.0.0.1/36611] INFO  impl.DataStreamServerImpl (ConfUtils.java:logGet(46)) - raft.datastream.type = DISABLED (default)
2022-08-03 01:57:20,912 [Listener at 127.0.0.1/36611] INFO  server.RaftServerConfigKeys (ConfUtils.java:logGet(46)) - raft.server.threadpool.proxy.cached = true (default)
2022-08-03 01:57:20,912 [Listener at 127.0.0.1/36611] INFO  server.RaftServerConfigKeys (ConfUtils.java:logGet(46)) - raft.server.threadpool.proxy.size = 0 (default)
2022-08-03 01:57:20,913 [Listener at 127.0.0.1/36611] INFO  server.RaftServerConfigKeys (ConfUtils.java:logGet(46)) - raft.server.rpc.slowness.timeout = 300s (custom)
2022-08-03 01:57:20,913 [Listener at 127.0.0.1/36611] INFO  server.RaftServerConfigKeys (ConfUtils.java:logGet(46)) - raft.server.leaderelection.leader.step-down.wait-time = 10s (default)
2022-08-03 01:57:20,913 [Listener at 127.0.0.1/36611] INFO  server.RaftServerConfigKeys (ConfUtils.java:logGet(46)) - raft.server.storage.dir = [/home/runner/work/ozone/ozone/hadoop-ozone/integration-test/target/test-dir/MiniOzoneClusterImpl-4c229dde-e64f-42f3-a5ee-349c50f14821/datanode-3/data/ratis] (custom)
2022-08-03 01:57:20,934 [Listener at 127.0.0.1/36611] INFO  server.XceiverServerGrpc (XceiverServerGrpc.java:<init>(132)) - GrpcServer channel type EpollServerSocketChannel
2022-08-03 01:57:20,942 [Listener at 127.0.0.1/36611] INFO  http.BaseHttpServer (BaseHttpServer.java:newHttpServer2BuilderForOzone(209)) - Starting Web-server for hddsDatanode at: http://0.0.0.0:0
2022-08-03 01:57:20,942 [Listener at 127.0.0.1/36611] INFO  http.BaseHttpServer (BaseHttpServer.java:<init>(107)) - Hadoop Security Enabled: false Ozone Security Enabled: false Ozone HTTP Security Enabled: false 
2022-08-03 01:57:20,973 [Listener at 127.0.0.1/36611] INFO  server.AuthenticationFilter (AuthenticationFilter.java:constructSecretProvider(240)) - Unable to initialize FileSignerSecretProvider, falling back to use random secrets.
2022-08-03 01:57:20,981 [Listener at 127.0.0.1/36611] WARN  http.HttpRequestLog (HttpRequestLog.java:getRequestLog(103)) - Jetty request log can only be enabled using Log4j
2022-08-03 01:57:20,984 [Listener at 127.0.0.1/36611] INFO  http.HttpServer2 (HttpServer2.java:addGlobalFilter(1029)) - Added global filter 'safety' (class=org.apache.hadoop.hdds.server.http.HttpServer2$QuotingInputFilter)
2022-08-03 01:57:20,984 [Listener at 127.0.0.1/36611] INFO  http.HttpServer2 (HttpServer2.java:addFilter(1005)) - Added filter static_user_filter (class=org.apache.hadoop.http.lib.StaticUserWebFilter$StaticUserFilter) to context hddsDatanode
2022-08-03 01:57:20,985 [Listener at 127.0.0.1/36611] INFO  http.HttpServer2 (HttpServer2.java:addFilter(1013)) - Added filter static_user_filter (class=org.apache.hadoop.http.lib.StaticUserWebFilter$StaticUserFilter) to context static
2022-08-03 01:57:20,985 [Listener at 127.0.0.1/36611] INFO  http.HttpServer2 (HttpServer2.java:addFilter(1013)) - Added filter static_user_filter (class=org.apache.hadoop.http.lib.StaticUserWebFilter$StaticUserFilter) to context logs
2022-08-03 01:57:20,985 [Listener at 127.0.0.1/36611] INFO  http.HttpServer2 (HttpServer2.java:bindListener(1248)) - Jetty bound to port 43947
2022-08-03 01:57:20,985 [Listener at 127.0.0.1/36611] INFO  server.Server (Server.java:doStart(375)) - jetty-9.4.43.v20210629; built: 2021-06-30T11:07:22.254Z; git: 526006ecfa3af7f1a27ef3a288e2bef7ea9dd7e8; jvm 1.8.0_332-b09
2022-08-03 01:57:20,999 [Listener at 127.0.0.1/36611] INFO  server.session (DefaultSessionIdManager.java:doStart(334)) - DefaultSessionIdManager workerName=node0
2022-08-03 01:57:20,999 [Listener at 127.0.0.1/36611] INFO  server.session (DefaultSessionIdManager.java:doStart(339)) - No SessionScavenger set, using defaults
2022-08-03 01:57:21,012 [Listener at 127.0.0.1/36611] INFO  server.session (HouseKeeper.java:startScavenging(132)) - node0 Scavenging every 600000ms
2022-08-03 01:57:21,015 [Listener at 127.0.0.1/36611] INFO  handler.ContextHandler (ContextHandler.java:doStart(915)) - Started o.e.j.s.ServletContextHandler@6a6b44f0{logs,/logs,file:///home/runner/work/ozone/ozone/hadoop-ozone/integration-test/target/log,AVAILABLE}
2022-08-03 01:57:21,015 [Listener at 127.0.0.1/36611] INFO  handler.ContextHandler (ContextHandler.java:doStart(915)) - Started o.e.j.s.ServletContextHandler@2b5426d{static,/static,jar:file:/home/runner/.m2/repository/org/apache/ozone/hdds-container-service/1.3.0-SNAPSHOT/hdds-container-service-1.3.0-SNAPSHOT.jar!/webapps/static,AVAILABLE}
2022-08-03 01:57:21,556 [EndpointStateMachine task thread for /0.0.0.0:42151 - 0 ] INFO  volume.HddsVolume (HddsVolume.java:createDbStore(309)) - SchemaV3 db is created and loaded at /home/runner/work/ozone/ozone/hadoop-ozone/integration-test/target/test-dir/MiniOzoneClusterImpl-4c229dde-e64f-42f3-a5ee-349c50f14821/datanode-1/data-0/containers/hdds/4c229dde-e64f-42f3-a5ee-349c50f14821/DS-7b35861c-357e-470b-9c23-9ed96f2d7418/container.db for volume DS-7b35861c-357e-470b-9c23-9ed96f2d7418
2022-08-03 01:57:21,581 [EndpointStateMachine task thread for /0.0.0.0:42151 - 0 ] INFO  volume.HddsVolume (HddsVolume.java:closeDbStore(340)) - SchemaV3 db is stopped at /home/runner/work/ozone/ozone/hadoop-ozone/integration-test/target/test-dir/MiniOzoneClusterImpl-4c229dde-e64f-42f3-a5ee-349c50f14821/datanode-1/data-0/containers/hdds/4c229dde-e64f-42f3-a5ee-349c50f14821/DS-7b35861c-357e-470b-9c23-9ed96f2d7418/container.db for volume DS-7b35861c-357e-470b-9c23-9ed96f2d7418
2022-08-03 01:57:21,581 [EndpointStateMachine task thread for /0.0.0.0:42151 - 0 ] INFO  ozoneimpl.OzoneContainer (OzoneContainer.java:start(377)) - Attempting to start container services.
2022-08-03 01:57:21,581 [EndpointStateMachine task thread for /0.0.0.0:42151 - 0 ] INFO  ozoneimpl.OzoneContainer (OzoneContainer.java:startContainerScrub(312)) - Background container scanner has been disabled.
2022-08-03 01:57:21,589 [EndpointStateMachine task thread for /0.0.0.0:42151 - 0 ] INFO  replication.ReplicationServer (ReplicationServer.java:start(111)) - ReplicationServer is started using port 46813
2022-08-03 01:57:21,589 [EndpointStateMachine task thread for /0.0.0.0:42151 - 0 ] INFO  ratis.XceiverServerRatis (XceiverServerRatis.java:start(481)) - Starting XceiverServerRatis 5b5f8b8b-8220-4f48-a75a-691d0ac2ee29
2022-08-03 01:57:21,590 [EndpointStateMachine task thread for /0.0.0.0:42151 - 0 ] INFO  server.RaftServer (RaftServerProxy.java:lambda$start$6(382)) - 5b5f8b8b-8220-4f48-a75a-691d0ac2ee29: start RPC server
2022-08-03 01:57:21,598 [EndpointStateMachine task thread for /0.0.0.0:42151 - 0 ] INFO  server.GrpcService (GrpcService.java:startImpl(260)) - 5b5f8b8b-8220-4f48-a75a-691d0ac2ee29: GrpcService started, listening on 38439
2022-08-03 01:57:21,598 [EndpointStateMachine task thread for /0.0.0.0:42151 - 0 ] INFO  ratis.XceiverServerRatis (XceiverServerRatis.java:getRealPort(502)) - XceiverServerRatis 5b5f8b8b-8220-4f48-a75a-691d0ac2ee29 is started using port 38439 for RATIS
2022-08-03 01:57:21,598 [EndpointStateMachine task thread for /0.0.0.0:42151 - 0 ] INFO  ratis.XceiverServerRatis (XceiverServerRatis.java:getRealPort(502)) - XceiverServerRatis 5b5f8b8b-8220-4f48-a75a-691d0ac2ee29 is started using port 38439 for RATIS_ADMIN
2022-08-03 01:57:21,598 [EndpointStateMachine task thread for /0.0.0.0:42151 - 0 ] INFO  ratis.XceiverServerRatis (XceiverServerRatis.java:getRealPort(502)) - XceiverServerRatis 5b5f8b8b-8220-4f48-a75a-691d0ac2ee29 is started using port 38439 for RATIS_SERVER
2022-08-03 01:57:21,598 [org.apache.ratis.util.JvmPauseMonitor$$Lambda$631/606875044@6fe27778] INFO  util.JvmPauseMonitor (JvmPauseMonitor.java:run(103)) - JvmPauseMonitor-5b5f8b8b-8220-4f48-a75a-691d0ac2ee29: Started
2022-08-03 01:57:21,652 [EndpointStateMachine task thread for /0.0.0.0:42151 - 0 ] INFO  server.XceiverServerGrpc (XceiverServerGrpc.java:start(180)) - XceiverServerGrpc 5b5f8b8b-8220-4f48-a75a-691d0ac2ee29 is started using port 33653
2022-08-03 01:57:21,766 [Listener at 127.0.0.1/36611] INFO  handler.ContextHandler (ContextHandler.java:doStart(915)) - Started o.e.j.w.WebAppContext@2d89c326{hddsDatanode,/,file:///tmp/jetty-0_0_0_0-43947-hdds-container-service-1_3_0-SNAPSHOT_jar-_-any-2162234901755172324/webapp/,AVAILABLE}{jar:file:/home/runner/.m2/repository/org/apache/ozone/hdds-container-service/1.3.0-SNAPSHOT/hdds-container-service-1.3.0-SNAPSHOT.jar!/webapps/hddsDatanode}
2022-08-03 01:57:21,780 [Listener at 127.0.0.1/36611] INFO  server.AbstractConnector (AbstractConnector.java:doStart(331)) - Started ServerConnector@11fb91e7{HTTP/1.1, (http/1.1)}{0.0.0.0:43947}
2022-08-03 01:57:21,789 [Listener at 127.0.0.1/36611] INFO  server.Server (Server.java:doStart(415)) - Started @269646ms
2022-08-03 01:57:21,789 [Listener at 127.0.0.1/36611] WARN  impl.MetricsSystemImpl (MetricsSystemImpl.java:register(279)) - Sink prometheus already exists!
2022-08-03 01:57:21,790 [Listener at 127.0.0.1/36611] INFO  http.BaseHttpServer (BaseHttpServer.java:updateConnectorAddress(329)) - HTTP server of hddsDatanode listening at http://0.0.0.0:43947
2022-08-03 01:57:21,798 [Listener at 127.0.0.1/36611] WARN  impl.MetricRegistriesImpl (MetricRegistriesImpl.java:addReporterRegistration(111)) - New reporters are added after registries were created. Some metrics will be missing from the reporter. Please add reporter before adding any new registry.
2022-08-03 01:57:21,798 [Listener at 127.0.0.1/36611] WARN  impl.MetricRegistriesImpl (MetricRegistriesImpl.java:addReporterRegistration(111)) - New reporters are added after registries were created. Some metrics will be missing from the reporter. Please add reporter before adding any new registry.
2022-08-03 01:57:21,798 [Listener at 127.0.0.1/36611] INFO  impl.MetricsSystemImpl (MetricsSystemImpl.java:init(158)) - HddsDatanode metrics system started (again)
2022-08-03 01:57:21,804 [Datanode State Machine Daemon Thread] INFO  statemachine.DatanodeStateMachine (DatanodeStateMachine.java:lambda$startDaemon$0(492)) - Ozone container server started.
2022-08-03 01:57:21,824 [org.apache.hadoop.util.JvmPauseMonitor$Monitor@6062f89f] INFO  util.JvmPauseMonitor (JvmPauseMonitor.java:run(188)) - Starting JVM pause monitor
2022-08-03 01:57:21,840 [Listener at 127.0.0.1/36611] INFO  ozone.HddsDatanodeService (HddsDatanodeService.java:start(236)) - HddsDatanodeService host:fv-az199-929.piossgaoozdutex3tpy4bgd4ka.dx.internal.cloudapp.net ip:10.1.0.23
2022-08-03 01:57:21,852 [Datanode State Machine Task Thread - 0] INFO  datanode.InitDatanodeState (InitDatanodeState.java:persistContainerDatanodeDetails(138)) - DatanodeDetails is persisted to /home/runner/work/ozone/ozone/hadoop-ozone/integration-test/target/test-dir/MiniOzoneClusterImpl-4c229dde-e64f-42f3-a5ee-349c50f14821/datanode-3/meta/datanode.id
2022-08-03 01:57:21,907 [Listener at 127.0.0.1/36611] INFO  upgrade.AbstractLayoutVersionManager (AbstractLayoutVersionManager.java:init(83)) - Initializing Layout version manager with metadata layout = DATANODE_SCHEMA_V3 (version = 4), software layout = DATANODE_SCHEMA_V3 (version = 4)
2022-08-03 01:57:21,997 [Listener at 127.0.0.1/36611] INFO  reflections.Reflections (Reflections.java:scan(232)) - Reflections took 89 ms to scan 7 urls, producing 132 keys and 321 values 
2022-08-03 01:57:21,999 [Listener at 127.0.0.1/36611] INFO  statemachine.DatanodeStateMachine (DatanodeStateMachine.java:getEndPointTaskThreadPoolSize(237)) - Datanode State Machine Task Thread Pool size 2
2022-08-03 01:57:22,000 [Listener at 127.0.0.1/36611] INFO  volume.HddsVolume (HddsVolume.java:<init>(116)) - Creating HddsVolume: /home/runner/work/ozone/ozone/hadoop-ozone/integration-test/target/test-dir/MiniOzoneClusterImpl-4c229dde-e64f-42f3-a5ee-349c50f14821/datanode-4/data-0/containers/hdds of storage type : DISK capacity : 9223372036854775807
2022-08-03 01:57:22,001 [Listener at 127.0.0.1/36611] INFO  volume.MutableVolumeSet (MutableVolumeSet.java:initializeVolumeSet(174)) - Added Volume : /home/runner/work/ozone/ozone/hadoop-ozone/integration-test/target/test-dir/MiniOzoneClusterImpl-4c229dde-e64f-42f3-a5ee-349c50f14821/datanode-4/data-0/containers/hdds to VolumeSet
2022-08-03 01:57:22,001 [Listener at 127.0.0.1/36611] INFO  volume.ThrottledAsyncChecker (ThrottledAsyncChecker.java:schedule(141)) - Scheduling a check for /home/runner/work/ozone/ozone/hadoop-ozone/integration-test/target/test-dir/MiniOzoneClusterImpl-4c229dde-e64f-42f3-a5ee-349c50f14821/datanode-4/data-0/containers/hdds
2022-08-03 01:57:22,020 [Listener at 127.0.0.1/36611] INFO  volume.StorageVolumeChecker (StorageVolumeChecker.java:checkAllVolumes(202)) - Scheduled health check for volume /home/runner/work/ozone/ozone/hadoop-ozone/integration-test/target/test-dir/MiniOzoneClusterImpl-4c229dde-e64f-42f3-a5ee-349c50f14821/datanode-4/data-0/containers/hdds
2022-08-03 01:57:22,033 [Listener at 127.0.0.1/36611] INFO  volume.MutableVolumeSet (MutableVolumeSet.java:initializeVolumeSet(174)) - Added Volume : /home/runner/work/ozone/ozone/hadoop-ozone/integration-test/target/test-dir/MiniOzoneClusterImpl-4c229dde-e64f-42f3-a5ee-349c50f14821/datanode-4/data/ratis to VolumeSet
2022-08-03 01:57:22,033 [Listener at 127.0.0.1/36611] INFO  volume.ThrottledAsyncChecker (ThrottledAsyncChecker.java:schedule(141)) - Scheduling a check for /home/runner/work/ozone/ozone/hadoop-ozone/integration-test/target/test-dir/MiniOzoneClusterImpl-4c229dde-e64f-42f3-a5ee-349c50f14821/datanode-4/data/ratis
2022-08-03 01:57:22,033 [Listener at 127.0.0.1/36611] INFO  volume.StorageVolumeChecker (StorageVolumeChecker.java:checkAllVolumes(202)) - Scheduled health check for volume /home/runner/work/ozone/ozone/hadoop-ozone/integration-test/target/test-dir/MiniOzoneClusterImpl-4c229dde-e64f-42f3-a5ee-349c50f14821/datanode-4/data/ratis
2022-08-03 01:57:22,038 [IPC Server handler 0 on default port 42151] INFO  net.NetworkTopologyImpl (NetworkTopologyImpl.java:add(112)) - Added a new node: /default-rack/49c4bd74-e934-49fb-9588-8a6634b350da
2022-08-03 01:57:22,039 [IPC Server handler 0 on default port 42151] INFO  node.SCMNodeManager (SCMNodeManager.java:register(397)) - Registered Data node : 49c4bd74-e934-49fb-9588-8a6634b350da{ip: 10.1.0.23, host: fv-az199-929.piossgaoozdutex3tpy4bgd4ka.dx.internal.cloudapp.net, ports: [REPLICATION=39411, RATIS=44111, RATIS_ADMIN=44111, RATIS_SERVER=44111, STANDALONE=42317], networkLocation: /default-rack, certSerialId: null, persistedOpState: null, persistedOpStateExpiryEpochSec: 0}
2022-08-03 01:57:22,043 [EventQueue-NodeRegistrationContainerReportForContainerSafeModeRule] INFO  safemode.SCMSafeModeManager (SCMSafeModeManager.java:validateSafeModeExitRules(204)) - ContainerSafeModeRule rule is successfully validated
2022-08-03 01:57:22,044 [EventQueue-NodeRegistrationContainerReportForDataNodeSafeModeRule] INFO  safemode.SCMSafeModeManager (DataNodeSafeModeRule.java:process(71)) - SCM in safe mode. 1 DataNodes registered, 3 required.
2022-08-03 01:57:22,057 [Thread-1281] INFO  ozoneimpl.ContainerReader (ContainerReader.java:readVolume(175)) - Finish verifying containers on volume /home/runner/work/ozone/ozone/hadoop-ozone/integration-test/target/test-dir/MiniOzoneClusterImpl-4c229dde-e64f-42f3-a5ee-349c50f14821/datanode-4/data-0/containers/hdds
2022-08-03 01:57:22,057 [Listener at 127.0.0.1/36611] INFO  ozoneimpl.OzoneContainer (OzoneContainer.java:buildContainerSet(299)) - Build ContainerSet costs 0s
2022-08-03 01:57:22,062 [EventQueue-NewNodeForNewNodeHandler] INFO  pipeline.BackgroundPipelineCreator (BackgroundPipelineCreator.java:notifyEventTriggered(276)) - trigger a one-shot run on RatisPipelineUtilsThread.
2022-08-03 01:57:22,063 [RatisPipelineUtilsThread - 0] INFO  pipeline.RatisPipelineProvider (RatisPipelineProvider.java:lambda$create$0(195)) - Sending CreatePipelineCommand for pipeline:PipelineID=d9f17521-e7e8-40ed-85cb-ad69adff814f to datanode:49c4bd74-e934-49fb-9588-8a6634b350da
2022-08-03 01:57:22,063 [EventQueue-PipelineReportForOneReplicaPipelineSafeModeRule] INFO  safemode.SCMSafeModeManager (SCMSafeModeManager.java:validateSafeModeExitRules(204)) - AtleastOneDatanodeReportedRule rule is successfully validated
2022-08-03 01:57:22,080 [RatisPipelineUtilsThread - 0] INFO  pipeline.PipelineStateManagerImpl (PipelineStateManagerImpl.java:addPipeline(103)) - Created pipeline Pipeline[ Id: d9f17521-e7e8-40ed-85cb-ad69adff814f, Nodes: 49c4bd74-e934-49fb-9588-8a6634b350da{ip: 10.1.0.23, host: fv-az199-929.piossgaoozdutex3tpy4bgd4ka.dx.internal.cloudapp.net, ports: [REPLICATION=39411, RATIS=44111, RATIS_ADMIN=44111, RATIS_SERVER=44111, STANDALONE=42317], networkLocation: /default-rack, certSerialId: null, persistedOpState: IN_SERVICE, persistedOpStateExpiryEpochSec: 0}, ReplicationConfig: RATIS/ONE, State:ALLOCATED, leaderId:, CreationTimestamp2022-08-03T01:57:22.063Z[Etc/UTC]].
2022-08-03 01:57:22,081 [Listener at 127.0.0.1/36611] INFO  server.RaftServer (ConfUtils.java:logGet(46)) - raft.rpc.type = GRPC (default)
2022-08-03 01:57:22,081 [Listener at 127.0.0.1/36611] INFO  grpc.GrpcFactory (GrpcFactory.java:checkPooledByteBufAllocatorUseCacheForAllThreads(48)) - PERFORMANCE WARNING: useCacheForAllThreads is true that may cause Netty to create a lot garbage objects and, as a result, trigger GC.
	It is recommended to disable useCacheForAllThreads by setting -Dorg.apache.ratis.thirdparty.io.netty.allocator.useCacheForAllThreads=false in command line.
2022-08-03 01:57:22,081 [Listener at 127.0.0.1/36611] INFO  grpc.GrpcConfigKeys (ConfUtils.java:logGet(46)) - raft.grpc.admin.port = 0 (custom)
2022-08-03 01:57:22,081 [Listener at 127.0.0.1/36611] INFO  grpc.GrpcConfigKeys (ConfUtils.java:logGet(46)) - raft.grpc.client.port = 0 (custom)
2022-08-03 01:57:22,082 [Listener at 127.0.0.1/36611] INFO  grpc.GrpcConfigKeys (ConfUtils.java:logGet(46)) - raft.grpc.server.port = 0 (default)
2022-08-03 01:57:22,082 [Listener at 127.0.0.1/36611] INFO  server.GrpcService (ConfUtils.java:logGet(46)) - raft.grpc.message.size.max = 32MB (=33554432) (custom)
2022-08-03 01:57:22,082 [Listener at 127.0.0.1/36611] INFO  server.RaftServerConfigKeys (ConfUtils.java:logGet(46)) - raft.server.log.appender.buffer.byte-limit = 33554432 (custom)
2022-08-03 01:57:22,082 [Listener at 127.0.0.1/36611] INFO  server.GrpcService (ConfUtils.java:logGet(46)) - raft.grpc.flow.control.window = 5MB (=5242880) (custom)
2022-08-03 01:57:22,082 [Listener at 127.0.0.1/36611] INFO  server.RaftServerConfigKeys (ConfUtils.java:logGet(46)) - raft.server.rpc.request.timeout = 60s (custom)
2022-08-03 01:57:22,082 [Listener at 127.0.0.1/36611] INFO  grpc.GrpcConfigKeys (ConfUtils.java:logGet(46)) - raft.grpc.server.async.request.thread.pool.cached = true (default)
2022-08-03 01:57:22,082 [Listener at 127.0.0.1/36611] INFO  grpc.GrpcConfigKeys (ConfUtils.java:logGet(46)) - raft.grpc.server.async.request.thread.pool.size = 32 (default)
2022-08-03 01:57:22,089 [Listener at 127.0.0.1/36611] INFO  impl.DataStreamServerImpl (ConfUtils.java:logGet(46)) - raft.datastream.type = DISABLED (default)
2022-08-03 01:57:22,089 [Listener at 127.0.0.1/36611] INFO  server.RaftServerConfigKeys (ConfUtils.java:logGet(46)) - raft.server.threadpool.proxy.cached = true (default)
2022-08-03 01:57:22,089 [Listener at 127.0.0.1/36611] INFO  server.RaftServerConfigKeys (ConfUtils.java:logGet(46)) - raft.server.threadpool.proxy.size = 0 (default)
2022-08-03 01:57:22,090 [Listener at 127.0.0.1/36611] INFO  server.RaftServerConfigKeys (ConfUtils.java:logGet(46)) - raft.server.rpc.slowness.timeout = 300s (custom)
2022-08-03 01:57:22,090 [Listener at 127.0.0.1/36611] INFO  server.RaftServerConfigKeys (ConfUtils.java:logGet(46)) - raft.server.leaderelection.leader.step-down.wait-time = 10s (default)
2022-08-03 01:57:22,090 [Listener at 127.0.0.1/36611] INFO  server.RaftServerConfigKeys (ConfUtils.java:logGet(46)) - raft.server.storage.dir = [/home/runner/work/ozone/ozone/hadoop-ozone/integration-test/target/test-dir/MiniOzoneClusterImpl-4c229dde-e64f-42f3-a5ee-349c50f14821/datanode-4/data/ratis] (custom)
2022-08-03 01:57:22,097 [Listener at 127.0.0.1/36611] INFO  server.XceiverServerGrpc (XceiverServerGrpc.java:<init>(132)) - GrpcServer channel type EpollServerSocketChannel
2022-08-03 01:57:22,110 [Listener at 127.0.0.1/36611] INFO  http.BaseHttpServer (BaseHttpServer.java:newHttpServer2BuilderForOzone(209)) - Starting Web-server for hddsDatanode at: http://0.0.0.0:0
2022-08-03 01:57:22,110 [Listener at 127.0.0.1/36611] INFO  http.BaseHttpServer (BaseHttpServer.java:<init>(107)) - Hadoop Security Enabled: false Ozone Security Enabled: false Ozone HTTP Security Enabled: false 
2022-08-03 01:57:22,111 [Listener at 127.0.0.1/36611] INFO  server.AuthenticationFilter (AuthenticationFilter.java:constructSecretProvider(240)) - Unable to initialize FileSignerSecretProvider, falling back to use random secrets.
2022-08-03 01:57:22,149 [Listener at 127.0.0.1/36611] WARN  http.HttpRequestLog (HttpRequestLog.java:getRequestLog(103)) - Jetty request log can only be enabled using Log4j
2022-08-03 01:57:22,150 [Listener at 127.0.0.1/36611] INFO  http.HttpServer2 (HttpServer2.java:addGlobalFilter(1029)) - Added global filter 'safety' (class=org.apache.hadoop.hdds.server.http.HttpServer2$QuotingInputFilter)
2022-08-03 01:57:22,151 [Listener at 127.0.0.1/36611] INFO  http.HttpServer2 (HttpServer2.java:addFilter(1005)) - Added filter static_user_filter (class=org.apache.hadoop.http.lib.StaticUserWebFilter$StaticUserFilter) to context hddsDatanode
2022-08-03 01:57:22,151 [Listener at 127.0.0.1/36611] INFO  http.HttpServer2 (HttpServer2.java:addFilter(1013)) - Added filter static_user_filter (class=org.apache.hadoop.http.lib.StaticUserWebFilter$StaticUserFilter) to context logs
2022-08-03 01:57:22,151 [Listener at 127.0.0.1/36611] INFO  http.HttpServer2 (HttpServer2.java:addFilter(1013)) - Added filter static_user_filter (class=org.apache.hadoop.http.lib.StaticUserWebFilter$StaticUserFilter) to context static
2022-08-03 01:57:22,152 [Listener at 127.0.0.1/36611] INFO  http.HttpServer2 (HttpServer2.java:bindListener(1248)) - Jetty bound to port 44103
2022-08-03 01:57:22,152 [Listener at 127.0.0.1/36611] INFO  server.Server (Server.java:doStart(375)) - jetty-9.4.43.v20210629; built: 2021-06-30T11:07:22.254Z; git: 526006ecfa3af7f1a27ef3a288e2bef7ea9dd7e8; jvm 1.8.0_332-b09
2022-08-03 01:57:22,153 [Listener at 127.0.0.1/36611] INFO  server.session (DefaultSessionIdManager.java:doStart(334)) - DefaultSessionIdManager workerName=node0
2022-08-03 01:57:22,154 [Listener at 127.0.0.1/36611] INFO  server.session (DefaultSessionIdManager.java:doStart(339)) - No SessionScavenger set, using defaults
2022-08-03 01:57:22,154 [Listener at 127.0.0.1/36611] INFO  server.session (HouseKeeper.java:startScavenging(132)) - node0 Scavenging every 660000ms
2022-08-03 01:57:22,154 [Listener at 127.0.0.1/36611] INFO  handler.ContextHandler (ContextHandler.java:doStart(915)) - Started o.e.j.s.ServletContextHandler@34eaf389{logs,/logs,file:///home/runner/work/ozone/ozone/hadoop-ozone/integration-test/target/log,AVAILABLE}
2022-08-03 01:57:22,155 [Listener at 127.0.0.1/36611] INFO  handler.ContextHandler (ContextHandler.java:doStart(915)) - Started o.e.j.s.ServletContextHandler@6f099dae{static,/static,jar:file:/home/runner/.m2/repository/org/apache/ozone/hdds-container-service/1.3.0-SNAPSHOT/hdds-container-service-1.3.0-SNAPSHOT.jar!/webapps/static,AVAILABLE}
2022-08-03 01:57:22,753 [EndpointStateMachine task thread for /0.0.0.0:42151 - 0 ] INFO  volume.HddsVolume (HddsVolume.java:createDbStore(309)) - SchemaV3 db is created and loaded at /home/runner/work/ozone/ozone/hadoop-ozone/integration-test/target/test-dir/MiniOzoneClusterImpl-4c229dde-e64f-42f3-a5ee-349c50f14821/datanode-2/data-0/containers/hdds/4c229dde-e64f-42f3-a5ee-349c50f14821/DS-a2b15920-d4ab-461a-aaf6-01f40cc74575/container.db for volume DS-a2b15920-d4ab-461a-aaf6-01f40cc74575
2022-08-03 01:57:22,761 [EndpointStateMachine task thread for /0.0.0.0:42151 - 0 ] INFO  volume.HddsVolume (HddsVolume.java:closeDbStore(340)) - SchemaV3 db is stopped at /home/runner/work/ozone/ozone/hadoop-ozone/integration-test/target/test-dir/MiniOzoneClusterImpl-4c229dde-e64f-42f3-a5ee-349c50f14821/datanode-2/data-0/containers/hdds/4c229dde-e64f-42f3-a5ee-349c50f14821/DS-a2b15920-d4ab-461a-aaf6-01f40cc74575/container.db for volume DS-a2b15920-d4ab-461a-aaf6-01f40cc74575
2022-08-03 01:57:22,761 [EndpointStateMachine task thread for /0.0.0.0:42151 - 0 ] INFO  ozoneimpl.OzoneContainer (OzoneContainer.java:start(377)) - Attempting to start container services.
2022-08-03 01:57:22,761 [EndpointStateMachine task thread for /0.0.0.0:42151 - 0 ] INFO  ozoneimpl.OzoneContainer (OzoneContainer.java:startContainerScrub(312)) - Background container scanner has been disabled.
2022-08-03 01:57:22,782 [EndpointStateMachine task thread for /0.0.0.0:42151 - 0 ] INFO  replication.ReplicationServer (ReplicationServer.java:start(111)) - ReplicationServer is started using port 35655
2022-08-03 01:57:22,799 [EndpointStateMachine task thread for /0.0.0.0:42151 - 0 ] INFO  ratis.XceiverServerRatis (XceiverServerRatis.java:start(481)) - Starting XceiverServerRatis a4799b55-2371-4bfe-9a20-b87f9c8dba04
2022-08-03 01:57:22,813 [EndpointStateMachine task thread for /0.0.0.0:42151 - 0 ] INFO  server.RaftServer (RaftServerProxy.java:lambda$start$6(382)) - a4799b55-2371-4bfe-9a20-b87f9c8dba04: start RPC server
2022-08-03 01:57:22,824 [EndpointStateMachine task thread for /0.0.0.0:42151 - 0 ] INFO  server.GrpcService (GrpcService.java:startImpl(260)) - a4799b55-2371-4bfe-9a20-b87f9c8dba04: GrpcService started, listening on 40755
2022-08-03 01:57:22,824 [EndpointStateMachine task thread for /0.0.0.0:42151 - 0 ] INFO  ratis.XceiverServerRatis (XceiverServerRatis.java:getRealPort(502)) - XceiverServerRatis a4799b55-2371-4bfe-9a20-b87f9c8dba04 is started using port 40755 for RATIS
2022-08-03 01:57:22,825 [EndpointStateMachine task thread for /0.0.0.0:42151 - 0 ] INFO  ratis.XceiverServerRatis (XceiverServerRatis.java:getRealPort(502)) - XceiverServerRatis a4799b55-2371-4bfe-9a20-b87f9c8dba04 is started using port 40755 for RATIS_ADMIN
2022-08-03 01:57:22,825 [EndpointStateMachine task thread for /0.0.0.0:42151 - 0 ] INFO  ratis.XceiverServerRatis (XceiverServerRatis.java:getRealPort(502)) - XceiverServerRatis a4799b55-2371-4bfe-9a20-b87f9c8dba04 is started using port 40755 for RATIS_SERVER
2022-08-03 01:57:22,825 [org.apache.ratis.util.JvmPauseMonitor$$Lambda$631/606875044@26932edb] INFO  util.JvmPauseMonitor (JvmPauseMonitor.java:run(103)) - JvmPauseMonitor-a4799b55-2371-4bfe-9a20-b87f9c8dba04: Started
2022-08-03 01:57:22,831 [Listener at 127.0.0.1/36611] INFO  handler.ContextHandler (ContextHandler.java:doStart(915)) - Started o.e.j.w.WebAppContext@660e52a4{hddsDatanode,/,file:///tmp/jetty-0_0_0_0-44103-hdds-container-service-1_3_0-SNAPSHOT_jar-_-any-6973087782468812251/webapp/,AVAILABLE}{jar:file:/home/runner/.m2/repository/org/apache/ozone/hdds-container-service/1.3.0-SNAPSHOT/hdds-container-service-1.3.0-SNAPSHOT.jar!/webapps/hddsDatanode}
2022-08-03 01:57:22,876 [Listener at 127.0.0.1/36611] INFO  server.AbstractConnector (AbstractConnector.java:doStart(331)) - Started ServerConnector@5eaf9d65{HTTP/1.1, (http/1.1)}{0.0.0.0:44103}
2022-08-03 01:57:22,877 [Listener at 127.0.0.1/36611] INFO  server.Server (Server.java:doStart(415)) - Started @270733ms
2022-08-03 01:57:22,887 [Listener at 127.0.0.1/36611] WARN  impl.MetricsSystemImpl (MetricsSystemImpl.java:register(279)) - Sink prometheus already exists!
2022-08-03 01:57:22,878 [EndpointStateMachine task thread for /0.0.0.0:42151 - 0 ] INFO  server.XceiverServerGrpc (XceiverServerGrpc.java:start(180)) - XceiverServerGrpc a4799b55-2371-4bfe-9a20-b87f9c8dba04 is started using port 34451
2022-08-03 01:57:22,888 [Listener at 127.0.0.1/36611] INFO  http.BaseHttpServer (BaseHttpServer.java:updateConnectorAddress(329)) - HTTP server of hddsDatanode listening at http://0.0.0.0:44103
2022-08-03 01:57:22,916 [Listener at 127.0.0.1/36611] INFO  ozone.MiniOzoneClusterImpl (MiniOzoneClusterImpl.java:lambda$waitForClusterToBeReady$0(216)) - Waiting for nodes to be ready. Got 1 of 5 DN Heartbeats.
2022-08-03 01:57:22,916 [Listener at 127.0.0.1/36611] INFO  ozone.MiniOzoneClusterImpl (MiniOzoneClusterImpl.java:lambda$waitForClusterToBeReady$0(219)) - Waiting for cluster to exit safe mode
2022-08-03 01:57:22,917 [Listener at 127.0.0.1/36611] INFO  ozone.MiniOzoneClusterImpl (MiniOzoneClusterImpl.java:lambda$waitForClusterToBeReady$0(221)) - SCM became leader
2022-08-03 01:57:22,920 [Datanode State Machine Daemon Thread] INFO  statemachine.DatanodeStateMachine (DatanodeStateMachine.java:lambda$startDaemon$0(492)) - Ozone container server started.
2022-08-03 01:57:22,948 [org.apache.hadoop.util.JvmPauseMonitor$Monitor@5d8c29be] INFO  util.JvmPauseMonitor (JvmPauseMonitor.java:run(188)) - Starting JVM pause monitor
2022-08-03 01:57:22,973 [Datanode State Machine Task Thread - 0] INFO  datanode.InitDatanodeState (InitDatanodeState.java:persistContainerDatanodeDetails(138)) - DatanodeDetails is persisted to /home/runner/work/ozone/ozone/hadoop-ozone/integration-test/target/test-dir/MiniOzoneClusterImpl-4c229dde-e64f-42f3-a5ee-349c50f14821/datanode-4/meta/datanode.id
2022-08-03 01:57:23,349 [IPC Server handler 14 on default port 42151] INFO  net.NetworkTopologyImpl (NetworkTopologyImpl.java:add(112)) - Added a new node: /default-rack/5b5f8b8b-8220-4f48-a75a-691d0ac2ee29
2022-08-03 01:57:23,349 [IPC Server handler 14 on default port 42151] INFO  node.SCMNodeManager (SCMNodeManager.java:register(397)) - Registered Data node : 5b5f8b8b-8220-4f48-a75a-691d0ac2ee29{ip: 10.1.0.23, host: fv-az199-929.piossgaoozdutex3tpy4bgd4ka.dx.internal.cloudapp.net, ports: [REPLICATION=46813, RATIS=38439, RATIS_ADMIN=38439, RATIS_SERVER=38439, STANDALONE=33653], networkLocation: /default-rack, certSerialId: null, persistedOpState: null, persistedOpStateExpiryEpochSec: 0}
2022-08-03 01:57:23,350 [EventQueue-NewNodeForNewNodeHandler] INFO  pipeline.BackgroundPipelineCreator (BackgroundPipelineCreator.java:notifyEventTriggered(276)) - trigger a one-shot run on RatisPipelineUtilsThread.
2022-08-03 01:57:23,350 [EventQueue-NodeRegistrationContainerReportForDataNodeSafeModeRule] INFO  safemode.SCMSafeModeManager (DataNodeSafeModeRule.java:process(71)) - SCM in safe mode. 2 DataNodes registered, 3 required.
2022-08-03 01:57:23,360 [RatisPipelineUtilsThread - 0] INFO  pipeline.RatisPipelineProvider (RatisPipelineProvider.java:lambda$create$0(195)) - Sending CreatePipelineCommand for pipeline:PipelineID=cadf84f5-c510-4c90-b9b3-da76049fa090 to datanode:5b5f8b8b-8220-4f48-a75a-691d0ac2ee29
2022-08-03 01:57:23,361 [RatisPipelineUtilsThread - 0] INFO  pipeline.PipelineStateManagerImpl (PipelineStateManagerImpl.java:addPipeline(103)) - Created pipeline Pipeline[ Id: cadf84f5-c510-4c90-b9b3-da76049fa090, Nodes: 5b5f8b8b-8220-4f48-a75a-691d0ac2ee29{ip: 10.1.0.23, host: fv-az199-929.piossgaoozdutex3tpy4bgd4ka.dx.internal.cloudapp.net, ports: [REPLICATION=46813, RATIS=38439, RATIS_ADMIN=38439, RATIS_SERVER=38439, STANDALONE=33653], networkLocation: /default-rack, certSerialId: null, persistedOpState: IN_SERVICE, persistedOpStateExpiryEpochSec: 0}, ReplicationConfig: RATIS/ONE, State:ALLOCATED, leaderId:, CreationTimestamp2022-08-03T01:57:23.360Z[Etc/UTC]].
2022-08-03 01:57:23,917 [Listener at 127.0.0.1/36611] INFO  ozone.MiniOzoneClusterImpl (MiniOzoneClusterImpl.java:lambda$waitForClusterToBeReady$0(216)) - Waiting for nodes to be ready. Got 2 of 5 DN Heartbeats.
2022-08-03 01:57:23,917 [Listener at 127.0.0.1/36611] INFO  ozone.MiniOzoneClusterImpl (MiniOzoneClusterImpl.java:lambda$waitForClusterToBeReady$0(219)) - Waiting for cluster to exit safe mode
2022-08-03 01:57:23,917 [Listener at 127.0.0.1/36611] INFO  ozone.MiniOzoneClusterImpl (MiniOzoneClusterImpl.java:lambda$waitForClusterToBeReady$0(221)) - SCM became leader
2022-08-03 01:57:23,973 [EndpointStateMachine task thread for /0.0.0.0:42151 - 0 ] INFO  volume.HddsVolume (HddsVolume.java:createDbStore(309)) - SchemaV3 db is created and loaded at /home/runner/work/ozone/ozone/hadoop-ozone/integration-test/target/test-dir/MiniOzoneClusterImpl-4c229dde-e64f-42f3-a5ee-349c50f14821/datanode-3/data-0/containers/hdds/4c229dde-e64f-42f3-a5ee-349c50f14821/DS-fb54b073-0062-415e-9fb3-209c76287ef8/container.db for volume DS-fb54b073-0062-415e-9fb3-209c76287ef8
2022-08-03 01:57:23,974 [EndpointStateMachine task thread for /0.0.0.0:42151 - 0 ] INFO  volume.HddsVolume (HddsVolume.java:closeDbStore(340)) - SchemaV3 db is stopped at /home/runner/work/ozone/ozone/hadoop-ozone/integration-test/target/test-dir/MiniOzoneClusterImpl-4c229dde-e64f-42f3-a5ee-349c50f14821/datanode-3/data-0/containers/hdds/4c229dde-e64f-42f3-a5ee-349c50f14821/DS-fb54b073-0062-415e-9fb3-209c76287ef8/container.db for volume DS-fb54b073-0062-415e-9fb3-209c76287ef8
2022-08-03 01:57:23,974 [EndpointStateMachine task thread for /0.0.0.0:42151 - 0 ] INFO  ozoneimpl.OzoneContainer (OzoneContainer.java:start(377)) - Attempting to start container services.
2022-08-03 01:57:23,974 [EndpointStateMachine task thread for /0.0.0.0:42151 - 0 ] INFO  ozoneimpl.OzoneContainer (OzoneContainer.java:startContainerScrub(312)) - Background container scanner has been disabled.
2022-08-03 01:57:23,999 [EndpointStateMachine task thread for /0.0.0.0:42151 - 0 ] INFO  replication.ReplicationServer (ReplicationServer.java:start(111)) - ReplicationServer is started using port 45323
2022-08-03 01:57:24,001 [EndpointStateMachine task thread for /0.0.0.0:42151 - 0 ] INFO  ratis.XceiverServerRatis (XceiverServerRatis.java:start(481)) - Starting XceiverServerRatis 9c10ed74-a603-43ef-8f40-0b476b98a88a
2022-08-03 01:57:24,002 [EndpointStateMachine task thread for /0.0.0.0:42151 - 0 ] INFO  server.RaftServer (RaftServerProxy.java:lambda$start$6(382)) - 9c10ed74-a603-43ef-8f40-0b476b98a88a: start RPC server
2022-08-03 01:57:24,014 [EndpointStateMachine task thread for /0.0.0.0:42151 - 0 ] INFO  server.GrpcService (GrpcService.java:startImpl(260)) - 9c10ed74-a603-43ef-8f40-0b476b98a88a: GrpcService started, listening on 39377
2022-08-03 01:57:24,014 [EndpointStateMachine task thread for /0.0.0.0:42151 - 0 ] INFO  ratis.XceiverServerRatis (XceiverServerRatis.java:getRealPort(502)) - XceiverServerRatis 9c10ed74-a603-43ef-8f40-0b476b98a88a is started using port 39377 for RATIS
2022-08-03 01:57:24,014 [EndpointStateMachine task thread for /0.0.0.0:42151 - 0 ] INFO  ratis.XceiverServerRatis (XceiverServerRatis.java:getRealPort(502)) - XceiverServerRatis 9c10ed74-a603-43ef-8f40-0b476b98a88a is started using port 39377 for RATIS_ADMIN
2022-08-03 01:57:24,014 [EndpointStateMachine task thread for /0.0.0.0:42151 - 0 ] INFO  ratis.XceiverServerRatis (XceiverServerRatis.java:getRealPort(502)) - XceiverServerRatis 9c10ed74-a603-43ef-8f40-0b476b98a88a is started using port 39377 for RATIS_SERVER
2022-08-03 01:57:24,014 [org.apache.ratis.util.JvmPauseMonitor$$Lambda$631/606875044@5db0f101] INFO  util.JvmPauseMonitor (JvmPauseMonitor.java:run(103)) - JvmPauseMonitor-9c10ed74-a603-43ef-8f40-0b476b98a88a: Started
2022-08-03 01:57:24,129 [EndpointStateMachine task thread for /0.0.0.0:42151 - 0 ] INFO  server.XceiverServerGrpc (XceiverServerGrpc.java:start(180)) - XceiverServerGrpc 9c10ed74-a603-43ef-8f40-0b476b98a88a is started using port 38039
2022-08-03 01:57:24,566 [IPC Server handler 0 on default port 42151] INFO  net.NetworkTopologyImpl (NetworkTopologyImpl.java:add(112)) - Added a new node: /default-rack/a4799b55-2371-4bfe-9a20-b87f9c8dba04
2022-08-03 01:57:24,566 [IPC Server handler 0 on default port 42151] INFO  node.SCMNodeManager (SCMNodeManager.java:register(397)) - Registered Data node : a4799b55-2371-4bfe-9a20-b87f9c8dba04{ip: 10.1.0.23, host: fv-az199-929.piossgaoozdutex3tpy4bgd4ka.dx.internal.cloudapp.net, ports: [REPLICATION=35655, RATIS=40755, RATIS_ADMIN=40755, RATIS_SERVER=40755, STANDALONE=34451], networkLocation: /default-rack, certSerialId: null, persistedOpState: null, persistedOpStateExpiryEpochSec: 0}
2022-08-03 01:57:24,567 [EventQueue-NewNodeForNewNodeHandler] INFO  pipeline.BackgroundPipelineCreator (BackgroundPipelineCreator.java:notifyEventTriggered(276)) - trigger a one-shot run on RatisPipelineUtilsThread.
2022-08-03 01:57:24,585 [RatisPipelineUtilsThread - 0] INFO  pipeline.RatisPipelineProvider (RatisPipelineProvider.java:lambda$create$0(195)) - Sending CreatePipelineCommand for pipeline:PipelineID=baa3c654-44cf-48d1-948e-949cecb533d9 to datanode:a4799b55-2371-4bfe-9a20-b87f9c8dba04
2022-08-03 01:57:24,585 [RatisPipelineUtilsThread - 0] INFO  pipeline.PipelineStateManagerImpl (PipelineStateManagerImpl.java:addPipeline(103)) - Created pipeline Pipeline[ Id: baa3c654-44cf-48d1-948e-949cecb533d9, Nodes: a4799b55-2371-4bfe-9a20-b87f9c8dba04{ip: 10.1.0.23, host: fv-az199-929.piossgaoozdutex3tpy4bgd4ka.dx.internal.cloudapp.net, ports: [REPLICATION=35655, RATIS=40755, RATIS_ADMIN=40755, RATIS_SERVER=40755, STANDALONE=34451], networkLocation: /default-rack, certSerialId: null, persistedOpState: IN_SERVICE, persistedOpStateExpiryEpochSec: 0}, ReplicationConfig: RATIS/ONE, State:ALLOCATED, leaderId:, CreationTimestamp2022-08-03T01:57:24.585Z[Etc/UTC]].
2022-08-03 01:57:24,586 [EventQueue-NodeRegistrationContainerReportForDataNodeSafeModeRule] INFO  safemode.SCMSafeModeManager (DataNodeSafeModeRule.java:process(71)) - SCM in safe mode. 3 DataNodes registered, 3 required.
2022-08-03 01:57:24,586 [EventQueue-NodeRegistrationContainerReportForDataNodeSafeModeRule] INFO  safemode.SCMSafeModeManager (SCMSafeModeManager.java:validateSafeModeExitRules(204)) - DataNodeSafeModeRule rule is successfully validated
2022-08-03 01:57:24,586 [EventQueue-NodeRegistrationContainerReportForDataNodeSafeModeRule] INFO  safemode.SCMSafeModeManager (SCMSafeModeManager.java:completePreCheck(233)) - All SCM safe mode pre check rules have passed
2022-08-03 01:57:24,586 [EventQueue-NodeRegistrationContainerReportForDataNodeSafeModeRule] WARN  events.EventQueue (EventQueue.java:fireEvent(216)) - No event handler registered for event TypedEvent{payloadType=SafeModeStatus, name='Safe mode status'}
2022-08-03 01:57:24,586 [EventQueue-NodeRegistrationContainerReportForDataNodeSafeModeRule] INFO  ha.SCMContext (SCMContext.java:updateSafeModeStatus(228)) - Update SafeModeStatus from SafeModeStatus{safeModeStatus=true, preCheckPassed=false} to SafeModeStatus{safeModeStatus=true, preCheckPassed=true}.
2022-08-03 01:57:24,586 [EventQueue-NodeRegistrationContainerReportForDataNodeSafeModeRule] INFO  pipeline.BackgroundPipelineCreator (BackgroundPipelineCreator.java:notifyEventTriggered(276)) - trigger a one-shot run on RatisPipelineUtilsThread.
2022-08-03 01:57:24,587 [RatisPipelineUtilsThread - 0] INFO  pipeline.RatisPipelineProvider (RatisPipelineProvider.java:lambda$create$0(195)) - Sending CreatePipelineCommand for pipeline:PipelineID=41d892b9-e4a2-4f70-85c0-bd8d8ea9f3c7 to datanode:a4799b55-2371-4bfe-9a20-b87f9c8dba04
2022-08-03 01:57:24,587 [RatisPipelineUtilsThread - 0] INFO  pipeline.RatisPipelineProvider (RatisPipelineProvider.java:lambda$create$0(195)) - Sending CreatePipelineCommand for pipeline:PipelineID=41d892b9-e4a2-4f70-85c0-bd8d8ea9f3c7 to datanode:5b5f8b8b-8220-4f48-a75a-691d0ac2ee29
2022-08-03 01:57:24,587 [RatisPipelineUtilsThread - 0] INFO  pipeline.RatisPipelineProvider (RatisPipelineProvider.java:lambda$create$0(195)) - Sending CreatePipelineCommand for pipeline:PipelineID=41d892b9-e4a2-4f70-85c0-bd8d8ea9f3c7 to datanode:49c4bd74-e934-49fb-9588-8a6634b350da
2022-08-03 01:57:24,587 [RatisPipelineUtilsThread - 0] INFO  pipeline.PipelineStateManagerImpl (PipelineStateManagerImpl.java:addPipeline(103)) - Created pipeline Pipeline[ Id: 41d892b9-e4a2-4f70-85c0-bd8d8ea9f3c7, Nodes: a4799b55-2371-4bfe-9a20-b87f9c8dba04{ip: 10.1.0.23, host: fv-az199-929.piossgaoozdutex3tpy4bgd4ka.dx.internal.cloudapp.net, ports: [REPLICATION=35655, RATIS=40755, RATIS_ADMIN=40755, RATIS_SERVER=40755, STANDALONE=34451], networkLocation: /default-rack, certSerialId: null, persistedOpState: IN_SERVICE, persistedOpStateExpiryEpochSec: 0}5b5f8b8b-8220-4f48-a75a-691d0ac2ee29{ip: 10.1.0.23, host: fv-az199-929.piossgaoozdutex3tpy4bgd4ka.dx.internal.cloudapp.net, ports: [REPLICATION=46813, RATIS=38439, RATIS_ADMIN=38439, RATIS_SERVER=38439, STANDALONE=33653], networkLocation: /default-rack, certSerialId: null, persistedOpState: IN_SERVICE, persistedOpStateExpiryEpochSec: 0}49c4bd74-e934-49fb-9588-8a6634b350da{ip: 10.1.0.23, host: fv-az199-929.piossgaoozdutex3tpy4bgd4ka.dx.internal.cloudapp.net, ports: [REPLICATION=39411, RATIS=44111, RATIS_ADMIN=44111, RATIS_SERVER=44111, STANDALONE=42317], networkLocation: /default-rack, certSerialId: null, persistedOpState: IN_SERVICE, persistedOpStateExpiryEpochSec: 0}, ReplicationConfig: RATIS/THREE, State:ALLOCATED, leaderId:, CreationTimestamp2022-08-03T01:57:24.587Z[Etc/UTC]].
2022-08-03 01:57:24,587 [RatisPipelineUtilsThread - 0] INFO  pipeline.RatisPipelineProvider (RatisPipelineProvider.java:lambda$create$0(195)) - Sending CreatePipelineCommand for pipeline:PipelineID=08b2a85d-f35a-410e-84c7-51beae15605f to datanode:5b5f8b8b-8220-4f48-a75a-691d0ac2ee29
2022-08-03 01:57:24,587 [RatisPipelineUtilsThread - 0] INFO  pipeline.RatisPipelineProvider (RatisPipelineProvider.java:lambda$create$0(195)) - Sending CreatePipelineCommand for pipeline:PipelineID=08b2a85d-f35a-410e-84c7-51beae15605f to datanode:49c4bd74-e934-49fb-9588-8a6634b350da
2022-08-03 01:57:24,588 [RatisPipelineUtilsThread - 0] INFO  pipeline.RatisPipelineProvider (RatisPipelineProvider.java:lambda$create$0(195)) - Sending CreatePipelineCommand for pipeline:PipelineID=08b2a85d-f35a-410e-84c7-51beae15605f to datanode:a4799b55-2371-4bfe-9a20-b87f9c8dba04
2022-08-03 01:57:24,588 [RatisPipelineUtilsThread - 0] INFO  pipeline.PipelineStateManagerImpl (PipelineStateManagerImpl.java:addPipeline(103)) - Created pipeline Pipeline[ Id: 08b2a85d-f35a-410e-84c7-51beae15605f, Nodes: 5b5f8b8b-8220-4f48-a75a-691d0ac2ee29{ip: 10.1.0.23, host: fv-az199-929.piossgaoozdutex3tpy4bgd4ka.dx.internal.cloudapp.net, ports: [REPLICATION=46813, RATIS=38439, RATIS_ADMIN=38439, RATIS_SERVER=38439, STANDALONE=33653], networkLocation: /default-rack, certSerialId: null, persistedOpState: IN_SERVICE, persistedOpStateExpiryEpochSec: 0}49c4bd74-e934-49fb-9588-8a6634b350da{ip: 10.1.0.23, host: fv-az199-929.piossgaoozdutex3tpy4bgd4ka.dx.internal.cloudapp.net, ports: [REPLICATION=39411, RATIS=44111, RATIS_ADMIN=44111, RATIS_SERVER=44111, STANDALONE=42317], networkLocation: /default-rack, certSerialId: null, persistedOpState: IN_SERVICE, persistedOpStateExpiryEpochSec: 0}a4799b55-2371-4bfe-9a20-b87f9c8dba04{ip: 10.1.0.23, host: fv-az199-929.piossgaoozdutex3tpy4bgd4ka.dx.internal.cloudapp.net, ports: [REPLICATION=35655, RATIS=40755, RATIS_ADMIN=40755, RATIS_SERVER=40755, STANDALONE=34451], networkLocation: /default-rack, certSerialId: null, persistedOpState: IN_SERVICE, persistedOpStateExpiryEpochSec: 0}, ReplicationConfig: RATIS/THREE, State:ALLOCATED, leaderId:, CreationTimestamp2022-08-03T01:57:24.587Z[Etc/UTC]].
2022-08-03 01:57:24,588 [RatisPipelineUtilsThread - 0] INFO  pipeline.PipelineManagerImpl (PipelineManagerImpl.java:recordMetricsForPipeline(796)) - Pipeline: PipelineID=08b2a85d-f35a-410e-84c7-51beae15605f contains same datanodes as previous pipelines: PipelineID=41d892b9-e4a2-4f70-85c0-bd8d8ea9f3c7 nodeIds: 5b5f8b8b-8220-4f48-a75a-691d0ac2ee29, 49c4bd74-e934-49fb-9588-8a6634b350da, a4799b55-2371-4bfe-9a20-b87f9c8dba04
2022-08-03 01:57:24,918 [Listener at 127.0.0.1/36611] INFO  ozone.MiniOzoneClusterImpl (MiniOzoneClusterImpl.java:lambda$waitForClusterToBeReady$0(216)) - Waiting for nodes to be ready. Got 3 of 5 DN Heartbeats.
2022-08-03 01:57:24,918 [Listener at 127.0.0.1/36611] INFO  ozone.MiniOzoneClusterImpl (MiniOzoneClusterImpl.java:lambda$waitForClusterToBeReady$0(219)) - Waiting for cluster to exit safe mode
2022-08-03 01:57:24,918 [Listener at 127.0.0.1/36611] INFO  ozone.MiniOzoneClusterImpl (MiniOzoneClusterImpl.java:lambda$waitForClusterToBeReady$0(221)) - SCM became leader
2022-08-03 01:57:25,040 [Command processor thread] INFO  server.RaftServer (RaftServerProxy.java:addNew(96)) - 49c4bd74-e934-49fb-9588-8a6634b350da: addNew group-AD69ADFF814F:[49c4bd74-e934-49fb-9588-8a6634b350da|rpc:10.1.0.23:44111|priority:1] returns group-AD69ADFF814F:java.util.concurrent.CompletableFuture@6a2edfac[Not completed]
2022-08-03 01:57:25,072 [pool-544-thread-1] INFO  server.RaftServer$Division (RaftServerImpl.java:<init>(190)) - 49c4bd74-e934-49fb-9588-8a6634b350da: new RaftServerImpl for group-AD69ADFF814F:[49c4bd74-e934-49fb-9588-8a6634b350da|rpc:10.1.0.23:44111|priority:1] with ContainerStateMachine:uninitialized
2022-08-03 01:57:25,073 [pool-544-thread-1] INFO  server.RaftServerConfigKeys (ConfUtils.java:logGet(46)) - raft.server.rpc.timeout.min = 5s (custom)
2022-08-03 01:57:25,073 [pool-544-thread-1] INFO  server.RaftServerConfigKeys (ConfUtils.java:logGet(46)) - raft.server.rpc.timeout.max = 5200ms (custom)
2022-08-03 01:57:25,073 [pool-544-thread-1] INFO  server.RaftServerConfigKeys (ConfUtils.java:logGet(46)) - raft.server.rpc.sleep.time = 25ms (default)
2022-08-03 01:57:25,073 [pool-544-thread-1] INFO  server.RaftServerConfigKeys (ConfUtils.java:logGet(46)) - raft.server.rpc.slowness.timeout = 300s (custom)
2022-08-03 01:57:25,073 [pool-544-thread-1] INFO  server.RaftServerConfigKeys (ConfUtils.java:logGet(46)) - raft.server.leaderelection.leader.step-down.wait-time = 10s (default)
2022-08-03 01:57:25,073 [pool-544-thread-1] INFO  server.RaftServerConfigKeys (ConfUtils.java:logGet(46)) - raft.server.sleep.deviation.threshold = 300ms (default)
2022-08-03 01:57:25,073 [pool-544-thread-1] INFO  server.RaftServer$Division (ServerState.java:<init>(107)) - 49c4bd74-e934-49fb-9588-8a6634b350da@group-AD69ADFF814F: ConfigurationManager, init=-1: [49c4bd74-e934-49fb-9588-8a6634b350da|rpc:10.1.0.23:44111|priority:1], old=null, confs=<EMPTY_MAP>
2022-08-03 01:57:25,073 [pool-544-thread-1] INFO  server.RaftServerConfigKeys (ConfUtils.java:logGet(46)) - raft.server.storage.dir = [/home/runner/work/ozone/ozone/hadoop-ozone/integration-test/target/test-dir/MiniOzoneClusterImpl-4c229dde-e64f-42f3-a5ee-349c50f14821/datanode-0/data/ratis] (custom)
2022-08-03 01:57:25,073 [pool-544-thread-1] INFO  server.RaftServerConfigKeys (ConfUtils.java:logGet(46)) - raft.server.log.corruption.policy = EXCEPTION (default)
2022-08-03 01:57:25,073 [pool-544-thread-1] INFO  server.RaftServerConfigKeys (ConfUtils.java:logGet(46)) - raft.server.storage.free-space.min = 0MB (=0) (default)
2022-08-03 01:57:25,076 [pool-544-thread-1] INFO  storage.RaftStorageDirectory (RaftStorageDirectoryImpl.java:analyzeStorage(135)) - The storage directory /home/runner/work/ozone/ozone/hadoop-ozone/integration-test/target/test-dir/MiniOzoneClusterImpl-4c229dde-e64f-42f3-a5ee-349c50f14821/datanode-0/data/ratis/d9f17521-e7e8-40ed-85cb-ad69adff814f does not exist. Creating ...
2022-08-03 01:57:25,080 [pool-544-thread-1] INFO  storage.RaftStorageDirectory (RaftStorageDirectoryImpl.java:tryLock(230)) - Lock on /home/runner/work/ozone/ozone/hadoop-ozone/integration-test/target/test-dir/MiniOzoneClusterImpl-4c229dde-e64f-42f3-a5ee-349c50f14821/datanode-0/data/ratis/d9f17521-e7e8-40ed-85cb-ad69adff814f/in_use.lock acquired by nodename 17687@fv-az199-929
2022-08-03 01:57:25,083 [pool-544-thread-1] INFO  storage.RaftStorage (RaftStorageImpl.java:format(89)) - Storage directory /home/runner/work/ozone/ozone/hadoop-ozone/integration-test/target/test-dir/MiniOzoneClusterImpl-4c229dde-e64f-42f3-a5ee-349c50f14821/datanode-0/data/ratis/d9f17521-e7e8-40ed-85cb-ad69adff814f has been successfully formatted.
2022-08-03 01:57:25,100 [pool-544-thread-1] INFO  ratis.ContainerStateMachine (ContainerStateMachine.java:loadSnapshot(236)) - group-AD69ADFF814F: The snapshot info is null. Setting the last applied indexto:(t:0, i:~)
2022-08-03 01:57:25,101 [pool-544-thread-1] INFO  server.RaftServerConfigKeys (ConfUtils.java:logGet(46)) - raft.server.notification.no-leader.timeout = 300s (custom)
2022-08-03 01:57:25,101 [pool-544-thread-1] INFO  server.RaftServerConfigKeys (ConfUtils.java:logGet(46)) - raft.server.log.use.memory = false (default)
2022-08-03 01:57:25,101 [pool-544-thread-1] INFO  server.RaftServerConfigKeys (ConfUtils.java:logGet(46)) - raft.server.log.purge.gap = 1000000 (custom)
2022-08-03 01:57:25,101 [pool-544-thread-1] INFO  server.RaftServerConfigKeys (ConfUtils.java:logGet(46)) - raft.server.log.appender.buffer.byte-limit = 33554432 (custom)
2022-08-03 01:57:25,101 [pool-544-thread-1] INFO  server.RaftServerConfigKeys (ConfUtils.java:logGet(46)) - raft.server.log.statemachine.data.read.timeout = 1000ms (default)
2022-08-03 01:57:25,101 [pool-544-thread-1] INFO  server.RaftServerConfigKeys (ConfUtils.java:logGet(46)) - raft.server.log.segment.size.max = 1048576 (custom)
2022-08-03 01:57:25,102 [pool-544-thread-1] INFO  server.RaftServerConfigKeys (ConfUtils.java:logGet(46)) - raft.server.log.segment.cache.num.max = 2 (custom)
2022-08-03 01:57:25,102 [pool-544-thread-1] INFO  server.RaftServerConfigKeys (ConfUtils.java:logGet(46)) - raft.server.log.segment.cache.size.max = 200MB (=209715200) (default)
2022-08-03 01:57:25,102 [pool-544-thread-1] INFO  segmented.SegmentedRaftLogWorker (SegmentedRaftLogWorker.java:<init>(187)) - new 49c4bd74-e934-49fb-9588-8a6634b350da@group-AD69ADFF814F-SegmentedRaftLogWorker for RaftStorageImpl:Storage Directory /home/runner/work/ozone/ozone/hadoop-ozone/integration-test/target/test-dir/MiniOzoneClusterImpl-4c229dde-e64f-42f3-a5ee-349c50f14821/datanode-0/data/ratis/d9f17521-e7e8-40ed-85cb-ad69adff814f
2022-08-03 01:57:25,102 [pool-544-thread-1] INFO  server.RaftServerConfigKeys (ConfUtils.java:logGet(46)) - raft.server.log.queue.byte-limit = 4294967296 (custom)
2022-08-03 01:57:25,102 [pool-544-thread-1] INFO  server.RaftServerConfigKeys (ConfUtils.java:logGet(46)) - raft.server.log.queue.element-limit = 1024 (custom)
2022-08-03 01:57:25,102 [pool-544-thread-1] INFO  server.RaftServerConfigKeys (ConfUtils.java:logGet(46)) - raft.server.log.segment.size.max = 1048576 (custom)
2022-08-03 01:57:25,102 [pool-544-thread-1] INFO  server.RaftServerConfigKeys (ConfUtils.java:logGet(46)) - raft.server.log.preallocated.size = 16384 (custom)
2022-08-03 01:57:25,102 [pool-544-thread-1] INFO  server.RaftServerConfigKeys (ConfUtils.java:logGet(46)) - raft.server.log.force.sync.num = 128 (default)
2022-08-03 01:57:25,102 [pool-544-thread-1] INFO  server.RaftServerConfigKeys (ConfUtils.java:logGet(46)) - raft.server.log.statemachine.data.sync = true (default)
2022-08-03 01:57:25,102 [pool-544-thread-1] INFO  server.RaftServerConfigKeys (ConfUtils.java:logGet(46)) - raft.server.log.statemachine.data.sync.timeout = 10s (default)
2022-08-03 01:57:25,102 [pool-544-thread-1] INFO  server.RaftServerConfigKeys (ConfUtils.java:logGet(46)) - raft.server.log.statemachine.data.sync.timeout.retry = -1 (default)
2022-08-03 01:57:25,105 [pool-544-thread-1] INFO  server.RaftServerConfigKeys (ConfUtils.java:logGet(46)) - raft.server.log.write.buffer.size = 1048576 (custom)
2022-08-03 01:57:25,105 [pool-544-thread-1] INFO  server.RaftServerConfigKeys (ConfUtils.java:logGet(46)) - raft.server.log.unsafe-flush.enabled = false (default)
2022-08-03 01:57:25,105 [pool-544-thread-1] INFO  server.RaftServerConfigKeys (ConfUtils.java:logGet(46)) - raft.server.log.statemachine.data.caching.enabled = true (custom)
2022-08-03 01:57:25,106 [pool-544-thread-1] INFO  segmented.SegmentedRaftLogWorker (SegmentedRaftLogWorker.java:lambda$new$0(135)) - 49c4bd74-e934-49fb-9588-8a6634b350da@group-AD69ADFF814F-SegmentedRaftLogWorker: flushIndex: setUnconditionally 0 -> -1
2022-08-03 01:57:25,106 [pool-544-thread-1] INFO  segmented.SegmentedRaftLogWorker (SegmentedRaftLogWorker.java:lambda$new$0(135)) - 49c4bd74-e934-49fb-9588-8a6634b350da@group-AD69ADFF814F-SegmentedRaftLogWorker: safeCacheEvictIndex: setUnconditionally 0 -> -1
2022-08-03 01:57:25,109 [EventQueue-PipelineReportForPipelineReportHandler] INFO  pipeline.PipelineManagerImpl (PipelineManagerImpl.java:openPipeline(367)) - Pipeline Pipeline[ Id: d9f17521-e7e8-40ed-85cb-ad69adff814f, Nodes: 49c4bd74-e934-49fb-9588-8a6634b350da{ip: 10.1.0.23, host: fv-az199-929.piossgaoozdutex3tpy4bgd4ka.dx.internal.cloudapp.net, ports: [REPLICATION=39411, RATIS=44111, RATIS_ADMIN=44111, RATIS_SERVER=44111, STANDALONE=42317], networkLocation: /default-rack, certSerialId: null, persistedOpState: IN_SERVICE, persistedOpStateExpiryEpochSec: 0}, ReplicationConfig: RATIS/ONE, State:ALLOCATED, leaderId:49c4bd74-e934-49fb-9588-8a6634b350da, CreationTimestamp2022-08-03T01:57:22.063Z[Etc/UTC]] moved to OPEN state
2022-08-03 01:57:25,147 [pool-544-thread-1] INFO  server.RaftServerConfigKeys (ConfUtils.java:logGet(46)) - raft.server.snapshot.auto.trigger.enabled = true (custom)
2022-08-03 01:57:25,147 [pool-544-thread-1] INFO  server.RaftServerConfigKeys (ConfUtils.java:logGet(46)) - raft.server.snapshot.auto.trigger.threshold = 10000 (custom)
2022-08-03 01:57:25,147 [pool-544-thread-1] INFO  server.RaftServerConfigKeys (ConfUtils.java:logGet(46)) - raft.server.snapshot.retention.file.num = 5 (custom)
2022-08-03 01:57:25,147 [pool-544-thread-1] INFO  server.RaftServerConfigKeys (ConfUtils.java:logGet(46)) - raft.server.log.purge.upto.snapshot.index = false (default)
2022-08-03 01:57:25,147 [pool-544-thread-1] INFO  server.RaftServerConfigKeys (ConfUtils.java:logGet(46)) - raft.server.retrycache.expirytime = 600000ms (custom)
2022-08-03 01:57:25,147 [pool-544-thread-1] INFO  server.RaftServerConfigKeys (ConfUtils.java:logGet(46)) - raft.server.retrycache.statistics.expirytime = 100μs (default)
2022-08-03 01:57:25,149 [pool-544-thread-1] INFO  server.RaftServerConfigKeys (ConfUtils.java:logGet(46)) - raft.server.log.appender.install.snapshot.enabled = false (custom)
2022-08-03 01:57:25,149 [pool-544-thread-1] INFO  server.RaftServerConfigKeys (ConfUtils.java:logGet(46)) - raft.server.threadpool.server.cached = true (default)
2022-08-03 01:57:25,149 [pool-544-thread-1] INFO  server.RaftServerConfigKeys (ConfUtils.java:logGet(46)) - raft.server.threadpool.server.size = 0 (default)
2022-08-03 01:57:25,149 [pool-544-thread-1] INFO  server.RaftServerConfigKeys (ConfUtils.java:logGet(46)) - raft.server.threadpool.client.cached = true (default)
2022-08-03 01:57:25,149 [pool-544-thread-1] INFO  server.RaftServerConfigKeys (ConfUtils.java:logGet(46)) - raft.server.threadpool.client.size = 0 (default)
2022-08-03 01:57:25,149 [pool-544-thread-1] INFO  server.RaftServer$Division (RaftServerImpl.java:start(310)) - 49c4bd74-e934-49fb-9588-8a6634b350da@group-AD69ADFF814F: start as a follower, conf=-1: [49c4bd74-e934-49fb-9588-8a6634b350da|rpc:10.1.0.23:44111|priority:1], old=null
2022-08-03 01:57:25,150 [EndpointStateMachine task thread for /0.0.0.0:42151 - 0 ] INFO  volume.HddsVolume (HddsVolume.java:createDbStore(309)) - SchemaV3 db is created and loaded at /home/runner/work/ozone/ozone/hadoop-ozone/integration-test/target/test-dir/MiniOzoneClusterImpl-4c229dde-e64f-42f3-a5ee-349c50f14821/datanode-4/data-0/containers/hdds/4c229dde-e64f-42f3-a5ee-349c50f14821/DS-7634eb41-c894-4d87-b825-468288f92bcb/container.db for volume DS-7634eb41-c894-4d87-b825-468288f92bcb
2022-08-03 01:57:25,151 [EndpointStateMachine task thread for /0.0.0.0:42151 - 0 ] INFO  volume.HddsVolume (HddsVolume.java:closeDbStore(340)) - SchemaV3 db is stopped at /home/runner/work/ozone/ozone/hadoop-ozone/integration-test/target/test-dir/MiniOzoneClusterImpl-4c229dde-e64f-42f3-a5ee-349c50f14821/datanode-4/data-0/containers/hdds/4c229dde-e64f-42f3-a5ee-349c50f14821/DS-7634eb41-c894-4d87-b825-468288f92bcb/container.db for volume DS-7634eb41-c894-4d87-b825-468288f92bcb
2022-08-03 01:57:25,151 [EndpointStateMachine task thread for /0.0.0.0:42151 - 0 ] INFO  ozoneimpl.OzoneContainer (OzoneContainer.java:start(377)) - Attempting to start container services.
2022-08-03 01:57:25,151 [EndpointStateMachine task thread for /0.0.0.0:42151 - 0 ] INFO  ozoneimpl.OzoneContainer (OzoneContainer.java:startContainerScrub(312)) - Background container scanner has been disabled.
2022-08-03 01:57:25,161 [pool-544-thread-1] INFO  server.RaftServer$Division (RaftServerImpl.java:setRole(299)) - 49c4bd74-e934-49fb-9588-8a6634b350da@group-AD69ADFF814F: changes role from      null to FOLLOWER at term 0 for startAsFollower
2022-08-03 01:57:25,161 [pool-544-thread-1] INFO  impl.RoleInfo (RoleInfo.java:updateAndGet(139)) - 49c4bd74-e934-49fb-9588-8a6634b350da: start 49c4bd74-e934-49fb-9588-8a6634b350da@group-AD69ADFF814F-FollowerState
2022-08-03 01:57:25,173 [pool-544-thread-1] INFO  util.JmxRegister (JmxRegister.java:tryRegister(44)) - Successfully registered JMX Bean with object name Ratis:service=RaftServer,group=group-AD69ADFF814F,id=49c4bd74-e934-49fb-9588-8a6634b350da
2022-08-03 01:57:25,193 [EventQueue-OpenPipelineForHealthyPipelineSafeModeRule] INFO  safemode.SCMSafeModeManager (HealthyPipelineSafeModeRule.java:process(137)) - SCM in safe mode. Healthy pipelines reported count is 0, required healthy pipeline reported count is 1
2022-08-03 01:57:25,202 [Command processor thread] INFO  ratis.XceiverServerRatis (XceiverServerRatis.java:addGroup(765)) - Created group PipelineID=d9f17521-e7e8-40ed-85cb-ad69adff814f
2022-08-03 01:57:25,202 [Command processor thread] INFO  commandhandler.CreatePipelineCommandHandler (CreatePipelineCommandHandler.java:handle(113)) - Created Pipeline RATIS ONE PipelineID=d9f17521-e7e8-40ed-85cb-ad69adff814f.
2022-08-03 01:57:25,203 [Command processor thread] INFO  server.RaftServer (RaftServerProxy.java:addNew(96)) - 49c4bd74-e934-49fb-9588-8a6634b350da: addNew group-BD8D8EA9F3C7:[49c4bd74-e934-49fb-9588-8a6634b350da|rpc:10.1.0.23:44111|priority:0, a4799b55-2371-4bfe-9a20-b87f9c8dba04|rpc:10.1.0.23:40755|priority:0, 5b5f8b8b-8220-4f48-a75a-691d0ac2ee29|rpc:10.1.0.23:38439|priority:1] returns group-BD8D8EA9F3C7:java.util.concurrent.CompletableFuture@6e115631[Not completed]
2022-08-03 01:57:25,204 [pool-544-thread-1] INFO  server.RaftServer$Division (RaftServerImpl.java:<init>(190)) - 49c4bd74-e934-49fb-9588-8a6634b350da: new RaftServerImpl for group-BD8D8EA9F3C7:[49c4bd74-e934-49fb-9588-8a6634b350da|rpc:10.1.0.23:44111|priority:0, a4799b55-2371-4bfe-9a20-b87f9c8dba04|rpc:10.1.0.23:40755|priority:0, 5b5f8b8b-8220-4f48-a75a-691d0ac2ee29|rpc:10.1.0.23:38439|priority:1] with ContainerStateMachine:uninitialized
2022-08-03 01:57:25,204 [pool-544-thread-1] INFO  server.RaftServerConfigKeys (ConfUtils.java:logGet(46)) - raft.server.rpc.timeout.min = 5s (custom)
2022-08-03 01:57:25,204 [pool-544-thread-1] INFO  server.RaftServerConfigKeys (ConfUtils.java:logGet(46)) - raft.server.rpc.timeout.max = 5200ms (custom)
2022-08-03 01:57:25,204 [pool-544-thread-1] INFO  server.RaftServerConfigKeys (ConfUtils.java:logGet(46)) - raft.server.rpc.sleep.time = 25ms (default)
2022-08-03 01:57:25,204 [pool-544-thread-1] INFO  server.RaftServerConfigKeys (ConfUtils.java:logGet(46)) - raft.server.rpc.slowness.timeout = 300s (custom)
2022-08-03 01:57:25,204 [pool-544-thread-1] INFO  server.RaftServerConfigKeys (ConfUtils.java:logGet(46)) - raft.server.leaderelection.leader.step-down.wait-time = 10s (default)
2022-08-03 01:57:25,204 [pool-544-thread-1] INFO  server.RaftServerConfigKeys (ConfUtils.java:logGet(46)) - raft.server.sleep.deviation.threshold = 300ms (default)
2022-08-03 01:57:25,204 [pool-544-thread-1] INFO  server.RaftServer$Division (ServerState.java:<init>(107)) - 49c4bd74-e934-49fb-9588-8a6634b350da@group-BD8D8EA9F3C7: ConfigurationManager, init=-1: [49c4bd74-e934-49fb-9588-8a6634b350da|rpc:10.1.0.23:44111|priority:0, a4799b55-2371-4bfe-9a20-b87f9c8dba04|rpc:10.1.0.23:40755|priority:0, 5b5f8b8b-8220-4f48-a75a-691d0ac2ee29|rpc:10.1.0.23:38439|priority:1], old=null, confs=<EMPTY_MAP>
2022-08-03 01:57:25,204 [pool-544-thread-1] INFO  server.RaftServerConfigKeys (ConfUtils.java:logGet(46)) - raft.server.storage.dir = [/home/runner/work/ozone/ozone/hadoop-ozone/integration-test/target/test-dir/MiniOzoneClusterImpl-4c229dde-e64f-42f3-a5ee-349c50f14821/datanode-0/data/ratis] (custom)
2022-08-03 01:57:25,204 [pool-544-thread-1] INFO  server.RaftServerConfigKeys (ConfUtils.java:logGet(46)) - raft.server.log.corruption.policy = EXCEPTION (default)
2022-08-03 01:57:25,204 [pool-544-thread-1] INFO  server.RaftServerConfigKeys (ConfUtils.java:logGet(46)) - raft.server.storage.free-space.min = 0MB (=0) (default)
2022-08-03 01:57:25,205 [pool-544-thread-1] INFO  storage.RaftStorageDirectory (RaftStorageDirectoryImpl.java:analyzeStorage(135)) - The storage directory /home/runner/work/ozone/ozone/hadoop-ozone/integration-test/target/test-dir/MiniOzoneClusterImpl-4c229dde-e64f-42f3-a5ee-349c50f14821/datanode-0/data/ratis/41d892b9-e4a2-4f70-85c0-bd8d8ea9f3c7 does not exist. Creating ...
2022-08-03 01:57:25,214 [pool-544-thread-1] INFO  storage.RaftStorageDirectory (RaftStorageDirectoryImpl.java:tryLock(230)) - Lock on /home/runner/work/ozone/ozone/hadoop-ozone/integration-test/target/test-dir/MiniOzoneClusterImpl-4c229dde-e64f-42f3-a5ee-349c50f14821/datanode-0/data/ratis/41d892b9-e4a2-4f70-85c0-bd8d8ea9f3c7/in_use.lock acquired by nodename 17687@fv-az199-929
2022-08-03 01:57:25,215 [pool-544-thread-1] INFO  storage.RaftStorage (RaftStorageImpl.java:format(89)) - Storage directory /home/runner/work/ozone/ozone/hadoop-ozone/integration-test/target/test-dir/MiniOzoneClusterImpl-4c229dde-e64f-42f3-a5ee-349c50f14821/datanode-0/data/ratis/41d892b9-e4a2-4f70-85c0-bd8d8ea9f3c7 has been successfully formatted.
2022-08-03 01:57:25,216 [pool-544-thread-1] INFO  ratis.ContainerStateMachine (ContainerStateMachine.java:loadSnapshot(236)) - group-BD8D8EA9F3C7: The snapshot info is null. Setting the last applied indexto:(t:0, i:~)
2022-08-03 01:57:25,217 [EndpointStateMachine task thread for /0.0.0.0:42151 - 0 ] INFO  replication.ReplicationServer (ReplicationServer.java:start(111)) - ReplicationServer is started using port 45361
2022-08-03 01:57:25,230 [EventQueue-OpenPipelineForHealthyPipelineSafeModeRule] INFO  safemode.SCMSafeModeManager (HealthyPipelineSafeModeRule.java:process(137)) - SCM in safe mode. Healthy pipelines reported count is 0, required healthy pipeline reported count is 1
2022-08-03 01:57:25,230 [EndpointStateMachine task thread for /0.0.0.0:42151 - 0 ] INFO  ratis.XceiverServerRatis (XceiverServerRatis.java:start(481)) - Starting XceiverServerRatis 22db1ff9-6c75-46ad-94f4-4b7daa3676c7
2022-08-03 01:57:25,231 [EndpointStateMachine task thread for /0.0.0.0:42151 - 0 ] INFO  server.RaftServer (RaftServerProxy.java:lambda$start$6(382)) - 22db1ff9-6c75-46ad-94f4-4b7daa3676c7: start RPC server
2022-08-03 01:57:25,233 [pool-544-thread-1] INFO  server.RaftServerConfigKeys (ConfUtils.java:logGet(46)) - raft.server.notification.no-leader.timeout = 300s (custom)
2022-08-03 01:57:25,233 [pool-544-thread-1] INFO  server.RaftServerConfigKeys (ConfUtils.java:logGet(46)) - raft.server.log.use.memory = false (default)
2022-08-03 01:57:25,233 [pool-544-thread-1] INFO  server.RaftServerConfigKeys (ConfUtils.java:logGet(46)) - raft.server.log.purge.gap = 1000000 (custom)
2022-08-03 01:57:25,233 [pool-544-thread-1] INFO  server.RaftServerConfigKeys (ConfUtils.java:logGet(46)) - raft.server.log.appender.buffer.byte-limit = 33554432 (custom)
2022-08-03 01:57:25,233 [pool-544-thread-1] INFO  server.RaftServerConfigKeys (ConfUtils.java:logGet(46)) - raft.server.log.statemachine.data.read.timeout = 1000ms (default)
2022-08-03 01:57:25,233 [pool-544-thread-1] INFO  server.RaftServerConfigKeys (ConfUtils.java:logGet(46)) - raft.server.log.segment.size.max = 1048576 (custom)
2022-08-03 01:57:25,234 [pool-544-thread-1] INFO  server.RaftServerConfigKeys (ConfUtils.java:logGet(46)) - raft.server.log.segment.cache.num.max = 2 (custom)
2022-08-03 01:57:25,234 [pool-544-thread-1] INFO  server.RaftServerConfigKeys (ConfUtils.java:logGet(46)) - raft.server.log.segment.cache.size.max = 200MB (=209715200) (default)
2022-08-03 01:57:25,234 [pool-544-thread-1] INFO  segmented.SegmentedRaftLogWorker (SegmentedRaftLogWorker.java:<init>(187)) - new 49c4bd74-e934-49fb-9588-8a6634b350da@group-BD8D8EA9F3C7-SegmentedRaftLogWorker for RaftStorageImpl:Storage Directory /home/runner/work/ozone/ozone/hadoop-ozone/integration-test/target/test-dir/MiniOzoneClusterImpl-4c229dde-e64f-42f3-a5ee-349c50f14821/datanode-0/data/ratis/41d892b9-e4a2-4f70-85c0-bd8d8ea9f3c7
2022-08-03 01:57:25,234 [pool-544-thread-1] INFO  server.RaftServerConfigKeys (ConfUtils.java:logGet(46)) - raft.server.log.queue.byte-limit = 4294967296 (custom)
2022-08-03 01:57:25,234 [pool-544-thread-1] INFO  server.RaftServerConfigKeys (ConfUtils.java:logGet(46)) - raft.server.log.queue.element-limit = 1024 (custom)
2022-08-03 01:57:25,234 [pool-544-thread-1] INFO  server.RaftServerConfigKeys (ConfUtils.java:logGet(46)) - raft.server.log.segment.size.max = 1048576 (custom)
2022-08-03 01:57:25,234 [pool-544-thread-1] INFO  server.RaftServerConfigKeys (ConfUtils.java:logGet(46)) - raft.server.log.preallocated.size = 16384 (custom)
2022-08-03 01:57:25,234 [pool-544-thread-1] INFO  server.RaftServerConfigKeys (ConfUtils.java:logGet(46)) - raft.server.log.force.sync.num = 128 (default)
2022-08-03 01:57:25,234 [pool-544-thread-1] INFO  server.RaftServerConfigKeys (ConfUtils.java:logGet(46)) - raft.server.log.statemachine.data.sync = true (default)
2022-08-03 01:57:25,234 [pool-544-thread-1] INFO  server.RaftServerConfigKeys (ConfUtils.java:logGet(46)) - raft.server.log.statemachine.data.sync.timeout = 10s (default)
2022-08-03 01:57:25,234 [pool-544-thread-1] INFO  server.RaftServerConfigKeys (ConfUtils.java:logGet(46)) - raft.server.log.statemachine.data.sync.timeout.retry = -1 (default)
2022-08-03 01:57:25,235 [pool-544-thread-1] INFO  server.RaftServerConfigKeys (ConfUtils.java:logGet(46)) - raft.server.log.write.buffer.size = 1048576 (custom)
2022-08-03 01:57:25,235 [pool-544-thread-1] INFO  server.RaftServerConfigKeys (ConfUtils.java:logGet(46)) - raft.server.log.unsafe-flush.enabled = false (default)
2022-08-03 01:57:25,236 [pool-544-thread-1] INFO  server.RaftServerConfigKeys (ConfUtils.java:logGet(46)) - raft.server.log.statemachine.data.caching.enabled = true (custom)
2022-08-03 01:57:25,236 [pool-544-thread-1] INFO  segmented.SegmentedRaftLogWorker (SegmentedRaftLogWorker.java:lambda$new$0(135)) - 49c4bd74-e934-49fb-9588-8a6634b350da@group-BD8D8EA9F3C7-SegmentedRaftLogWorker: flushIndex: setUnconditionally 0 -> -1
2022-08-03 01:57:25,236 [pool-544-thread-1] INFO  segmented.SegmentedRaftLogWorker (SegmentedRaftLogWorker.java:lambda$new$0(135)) - 49c4bd74-e934-49fb-9588-8a6634b350da@group-BD8D8EA9F3C7-SegmentedRaftLogWorker: safeCacheEvictIndex: setUnconditionally 0 -> -1
2022-08-03 01:57:25,239 [EndpointStateMachine task thread for /0.0.0.0:42151 - 0 ] INFO  server.GrpcService (GrpcService.java:startImpl(260)) - 22db1ff9-6c75-46ad-94f4-4b7daa3676c7: GrpcService started, listening on 36977
2022-08-03 01:57:25,241 [pool-544-thread-1] INFO  server.RaftServerConfigKeys (ConfUtils.java:logGet(46)) - raft.server.snapshot.auto.trigger.enabled = true (custom)
2022-08-03 01:57:25,241 [pool-544-thread-1] INFO  server.RaftServerConfigKeys (ConfUtils.java:logGet(46)) - raft.server.snapshot.auto.trigger.threshold = 10000 (custom)
2022-08-03 01:57:25,241 [pool-544-thread-1] INFO  server.RaftServerConfigKeys (ConfUtils.java:logGet(46)) - raft.server.snapshot.retention.file.num = 5 (custom)
2022-08-03 01:57:25,241 [pool-544-thread-1] INFO  server.RaftServerConfigKeys (ConfUtils.java:logGet(46)) - raft.server.log.purge.upto.snapshot.index = false (default)
2022-08-03 01:57:25,241 [pool-544-thread-1] INFO  server.RaftServerConfigKeys (ConfUtils.java:logGet(46)) - raft.server.retrycache.expirytime = 600000ms (custom)
2022-08-03 01:57:25,241 [pool-544-thread-1] INFO  server.RaftServerConfigKeys (ConfUtils.java:logGet(46)) - raft.server.retrycache.statistics.expirytime = 100μs (default)
2022-08-03 01:57:25,242 [pool-544-thread-1] INFO  server.RaftServerConfigKeys (ConfUtils.java:logGet(46)) - raft.server.log.appender.install.snapshot.enabled = false (custom)
2022-08-03 01:57:25,242 [pool-544-thread-1] INFO  server.RaftServerConfigKeys (ConfUtils.java:logGet(46)) - raft.server.threadpool.server.cached = true (default)
2022-08-03 01:57:25,243 [pool-544-thread-1] INFO  server.RaftServerConfigKeys (ConfUtils.java:logGet(46)) - raft.server.threadpool.server.size = 0 (default)
2022-08-03 01:57:25,243 [pool-544-thread-1] INFO  server.RaftServerConfigKeys (ConfUtils.java:logGet(46)) - raft.server.threadpool.client.cached = true (default)
2022-08-03 01:57:25,243 [pool-544-thread-1] INFO  server.RaftServerConfigKeys (ConfUtils.java:logGet(46)) - raft.server.threadpool.client.size = 0 (default)
2022-08-03 01:57:25,243 [pool-544-thread-1] INFO  server.RaftServer$Division (RaftServerImpl.java:start(310)) - 49c4bd74-e934-49fb-9588-8a6634b350da@group-BD8D8EA9F3C7: start as a follower, conf=-1: [49c4bd74-e934-49fb-9588-8a6634b350da|rpc:10.1.0.23:44111|priority:0, a4799b55-2371-4bfe-9a20-b87f9c8dba04|rpc:10.1.0.23:40755|priority:0, 5b5f8b8b-8220-4f48-a75a-691d0ac2ee29|rpc:10.1.0.23:38439|priority:1], old=null
2022-08-03 01:57:25,243 [pool-544-thread-1] INFO  server.RaftServer$Division (RaftServerImpl.java:setRole(299)) - 49c4bd74-e934-49fb-9588-8a6634b350da@group-BD8D8EA9F3C7: changes role from      null to FOLLOWER at term 0 for startAsFollower
2022-08-03 01:57:25,243 [pool-544-thread-1] INFO  impl.RoleInfo (RoleInfo.java:updateAndGet(139)) - 49c4bd74-e934-49fb-9588-8a6634b350da: start 49c4bd74-e934-49fb-9588-8a6634b350da@group-BD8D8EA9F3C7-FollowerState
2022-08-03 01:57:25,247 [pool-544-thread-1] INFO  util.JmxRegister (JmxRegister.java:tryRegister(44)) - Successfully registered JMX Bean with object name Ratis:service=RaftServer,group=group-BD8D8EA9F3C7,id=49c4bd74-e934-49fb-9588-8a6634b350da
2022-08-03 01:57:25,252 [Command processor thread] INFO  ratis.XceiverServerRatis (XceiverServerRatis.java:addGroup(765)) - Created group PipelineID=41d892b9-e4a2-4f70-85c0-bd8d8ea9f3c7
2022-08-03 01:57:25,282 [EndpointStateMachine task thread for /0.0.0.0:42151 - 0 ] INFO  ratis.XceiverServerRatis (XceiverServerRatis.java:getRealPort(502)) - XceiverServerRatis 22db1ff9-6c75-46ad-94f4-4b7daa3676c7 is started using port 36977 for RATIS
2022-08-03 01:57:25,283 [EndpointStateMachine task thread for /0.0.0.0:42151 - 0 ] INFO  ratis.XceiverServerRatis (XceiverServerRatis.java:getRealPort(502)) - XceiverServerRatis 22db1ff9-6c75-46ad-94f4-4b7daa3676c7 is started using port 36977 for RATIS_ADMIN
2022-08-03 01:57:25,283 [EndpointStateMachine task thread for /0.0.0.0:42151 - 0 ] INFO  ratis.XceiverServerRatis (XceiverServerRatis.java:getRealPort(502)) - XceiverServerRatis 22db1ff9-6c75-46ad-94f4-4b7daa3676c7 is started using port 36977 for RATIS_SERVER
2022-08-03 01:57:25,283 [org.apache.ratis.util.JvmPauseMonitor$$Lambda$631/606875044@19d26707] INFO  util.JvmPauseMonitor (JvmPauseMonitor.java:run(103)) - JvmPauseMonitor-22db1ff9-6c75-46ad-94f4-4b7daa3676c7: Started
2022-08-03 01:57:25,296 [EndpointStateMachine task thread for /0.0.0.0:42151 - 0 ] INFO  server.XceiverServerGrpc (XceiverServerGrpc.java:start(180)) - XceiverServerGrpc 22db1ff9-6c75-46ad-94f4-4b7daa3676c7 is started using port 45721
2022-08-03 01:57:25,314 [grpc-default-executor-0] INFO  server.RaftServer (RaftServerProxy.java:addNew(96)) - a4799b55-2371-4bfe-9a20-b87f9c8dba04: addNew group-BD8D8EA9F3C7:[49c4bd74-e934-49fb-9588-8a6634b350da|rpc:10.1.0.23:44111|dataStream:|priority:0, a4799b55-2371-4bfe-9a20-b87f9c8dba04|rpc:10.1.0.23:40755|dataStream:|priority:0, 5b5f8b8b-8220-4f48-a75a-691d0ac2ee29|rpc:10.1.0.23:38439|dataStream:|priority:1] returns group-BD8D8EA9F3C7:java.util.concurrent.CompletableFuture@1c3308cb[Not completed]
2022-08-03 01:57:25,329 [pool-590-thread-1] INFO  server.RaftServer$Division (RaftServerImpl.java:<init>(190)) - a4799b55-2371-4bfe-9a20-b87f9c8dba04: new RaftServerImpl for group-BD8D8EA9F3C7:[49c4bd74-e934-49fb-9588-8a6634b350da|rpc:10.1.0.23:44111|dataStream:|priority:0, a4799b55-2371-4bfe-9a20-b87f9c8dba04|rpc:10.1.0.23:40755|dataStream:|priority:0, 5b5f8b8b-8220-4f48-a75a-691d0ac2ee29|rpc:10.1.0.23:38439|dataStream:|priority:1] with ContainerStateMachine:uninitialized
2022-08-03 01:57:25,330 [pool-590-thread-1] INFO  server.RaftServerConfigKeys (ConfUtils.java:logGet(46)) - raft.server.rpc.timeout.min = 5s (custom)
2022-08-03 01:57:25,330 [pool-590-thread-1] INFO  server.RaftServerConfigKeys (ConfUtils.java:logGet(46)) - raft.server.rpc.timeout.max = 5200ms (custom)
2022-08-03 01:57:25,330 [pool-590-thread-1] INFO  server.RaftServerConfigKeys (ConfUtils.java:logGet(46)) - raft.server.rpc.sleep.time = 25ms (default)
2022-08-03 01:57:25,330 [pool-590-thread-1] INFO  server.RaftServerConfigKeys (ConfUtils.java:logGet(46)) - raft.server.rpc.slowness.timeout = 300s (custom)
2022-08-03 01:57:25,330 [pool-590-thread-1] INFO  server.RaftServerConfigKeys (ConfUtils.java:logGet(46)) - raft.server.leaderelection.leader.step-down.wait-time = 10s (default)
2022-08-03 01:57:25,330 [pool-590-thread-1] INFO  server.RaftServerConfigKeys (ConfUtils.java:logGet(46)) - raft.server.sleep.deviation.threshold = 300ms (default)
2022-08-03 01:57:25,330 [pool-590-thread-1] INFO  server.RaftServer$Division (ServerState.java:<init>(107)) - a4799b55-2371-4bfe-9a20-b87f9c8dba04@group-BD8D8EA9F3C7: ConfigurationManager, init=-1: [49c4bd74-e934-49fb-9588-8a6634b350da|rpc:10.1.0.23:44111|dataStream:|priority:0, a4799b55-2371-4bfe-9a20-b87f9c8dba04|rpc:10.1.0.23:40755|dataStream:|priority:0, 5b5f8b8b-8220-4f48-a75a-691d0ac2ee29|rpc:10.1.0.23:38439|dataStream:|priority:1], old=null, confs=<EMPTY_MAP>
2022-08-03 01:57:25,330 [pool-590-thread-1] INFO  server.RaftServerConfigKeys (ConfUtils.java:logGet(46)) - raft.server.storage.dir = [/home/runner/work/ozone/ozone/hadoop-ozone/integration-test/target/test-dir/MiniOzoneClusterImpl-4c229dde-e64f-42f3-a5ee-349c50f14821/datanode-2/data/ratis] (custom)
2022-08-03 01:57:25,330 [pool-590-thread-1] INFO  server.RaftServerConfigKeys (ConfUtils.java:logGet(46)) - raft.server.log.corruption.policy = EXCEPTION (default)
2022-08-03 01:57:25,330 [pool-590-thread-1] INFO  server.RaftServerConfigKeys (ConfUtils.java:logGet(46)) - raft.server.storage.free-space.min = 0MB (=0) (default)
2022-08-03 01:57:25,330 [pool-590-thread-1] INFO  storage.RaftStorageDirectory (RaftStorageDirectoryImpl.java:analyzeStorage(135)) - The storage directory /home/runner/work/ozone/ozone/hadoop-ozone/integration-test/target/test-dir/MiniOzoneClusterImpl-4c229dde-e64f-42f3-a5ee-349c50f14821/datanode-2/data/ratis/41d892b9-e4a2-4f70-85c0-bd8d8ea9f3c7 does not exist. Creating ...
2022-08-03 01:57:25,349 [pool-590-thread-1] INFO  storage.RaftStorageDirectory (RaftStorageDirectoryImpl.java:tryLock(230)) - Lock on /home/runner/work/ozone/ozone/hadoop-ozone/integration-test/target/test-dir/MiniOzoneClusterImpl-4c229dde-e64f-42f3-a5ee-349c50f14821/datanode-2/data/ratis/41d892b9-e4a2-4f70-85c0-bd8d8ea9f3c7/in_use.lock acquired by nodename 17687@fv-az199-929
2022-08-03 01:57:25,367 [pool-590-thread-1] INFO  storage.RaftStorage (RaftStorageImpl.java:format(89)) - Storage directory /home/runner/work/ozone/ozone/hadoop-ozone/integration-test/target/test-dir/MiniOzoneClusterImpl-4c229dde-e64f-42f3-a5ee-349c50f14821/datanode-2/data/ratis/41d892b9-e4a2-4f70-85c0-bd8d8ea9f3c7 has been successfully formatted.
2022-08-03 01:57:25,382 [pool-590-thread-1] INFO  ratis.ContainerStateMachine (ContainerStateMachine.java:loadSnapshot(236)) - group-BD8D8EA9F3C7: The snapshot info is null. Setting the last applied indexto:(t:0, i:~)
2022-08-03 01:57:25,382 [pool-590-thread-1] INFO  server.RaftServerConfigKeys (ConfUtils.java:logGet(46)) - raft.server.notification.no-leader.timeout = 300s (custom)
2022-08-03 01:57:25,382 [pool-590-thread-1] INFO  server.RaftServerConfigKeys (ConfUtils.java:logGet(46)) - raft.server.log.use.memory = false (default)
2022-08-03 01:57:25,382 [pool-590-thread-1] INFO  server.RaftServerConfigKeys (ConfUtils.java:logGet(46)) - raft.server.log.purge.gap = 1000000 (custom)
2022-08-03 01:57:25,382 [pool-590-thread-1] INFO  server.RaftServerConfigKeys (ConfUtils.java:logGet(46)) - raft.server.log.appender.buffer.byte-limit = 33554432 (custom)
2022-08-03 01:57:25,382 [pool-590-thread-1] INFO  server.RaftServerConfigKeys (ConfUtils.java:logGet(46)) - raft.server.log.statemachine.data.read.timeout = 1000ms (default)
2022-08-03 01:57:25,382 [pool-590-thread-1] INFO  server.RaftServerConfigKeys (ConfUtils.java:logGet(46)) - raft.server.log.segment.size.max = 1048576 (custom)
2022-08-03 01:57:25,383 [pool-590-thread-1] INFO  server.RaftServerConfigKeys (ConfUtils.java:logGet(46)) - raft.server.log.segment.cache.num.max = 2 (custom)
2022-08-03 01:57:25,383 [pool-590-thread-1] INFO  server.RaftServerConfigKeys (ConfUtils.java:logGet(46)) - raft.server.log.segment.cache.size.max = 200MB (=209715200) (default)
2022-08-03 01:57:25,383 [pool-590-thread-1] INFO  segmented.SegmentedRaftLogWorker (SegmentedRaftLogWorker.java:<init>(187)) - new a4799b55-2371-4bfe-9a20-b87f9c8dba04@group-BD8D8EA9F3C7-SegmentedRaftLogWorker for RaftStorageImpl:Storage Directory /home/runner/work/ozone/ozone/hadoop-ozone/integration-test/target/test-dir/MiniOzoneClusterImpl-4c229dde-e64f-42f3-a5ee-349c50f14821/datanode-2/data/ratis/41d892b9-e4a2-4f70-85c0-bd8d8ea9f3c7
2022-08-03 01:57:25,383 [pool-590-thread-1] INFO  server.RaftServerConfigKeys (ConfUtils.java:logGet(46)) - raft.server.log.queue.byte-limit = 4294967296 (custom)
2022-08-03 01:57:25,383 [pool-590-thread-1] INFO  server.RaftServerConfigKeys (ConfUtils.java:logGet(46)) - raft.server.log.queue.element-limit = 1024 (custom)
2022-08-03 01:57:25,383 [pool-590-thread-1] INFO  server.RaftServerConfigKeys (ConfUtils.java:logGet(46)) - raft.server.log.segment.size.max = 1048576 (custom)
2022-08-03 01:57:25,383 [pool-590-thread-1] INFO  server.RaftServerConfigKeys (ConfUtils.java:logGet(46)) - raft.server.log.preallocated.size = 16384 (custom)
2022-08-03 01:57:25,383 [pool-590-thread-1] INFO  server.RaftServerConfigKeys (ConfUtils.java:logGet(46)) - raft.server.log.force.sync.num = 128 (default)
2022-08-03 01:57:25,383 [pool-590-thread-1] INFO  server.RaftServerConfigKeys (ConfUtils.java:logGet(46)) - raft.server.log.statemachine.data.sync = true (default)
2022-08-03 01:57:25,383 [pool-590-thread-1] INFO  server.RaftServerConfigKeys (ConfUtils.java:logGet(46)) - raft.server.log.statemachine.data.sync.timeout = 10s (default)
2022-08-03 01:57:25,383 [pool-590-thread-1] INFO  server.RaftServerConfigKeys (ConfUtils.java:logGet(46)) - raft.server.log.statemachine.data.sync.timeout.retry = -1 (default)
2022-08-03 01:57:25,384 [pool-590-thread-1] INFO  server.RaftServerConfigKeys (ConfUtils.java:logGet(46)) - raft.server.log.write.buffer.size = 1048576 (custom)
2022-08-03 01:57:25,385 [pool-590-thread-1] INFO  server.RaftServerConfigKeys (ConfUtils.java:logGet(46)) - raft.server.log.unsafe-flush.enabled = false (default)
2022-08-03 01:57:25,385 [pool-590-thread-1] INFO  server.RaftServerConfigKeys (ConfUtils.java:logGet(46)) - raft.server.log.statemachine.data.caching.enabled = true (custom)
2022-08-03 01:57:25,385 [pool-590-thread-1] INFO  segmented.SegmentedRaftLogWorker (SegmentedRaftLogWorker.java:lambda$new$0(135)) - a4799b55-2371-4bfe-9a20-b87f9c8dba04@group-BD8D8EA9F3C7-SegmentedRaftLogWorker: flushIndex: setUnconditionally 0 -> -1
2022-08-03 01:57:25,385 [pool-590-thread-1] INFO  segmented.SegmentedRaftLogWorker (SegmentedRaftLogWorker.java:lambda$new$0(135)) - a4799b55-2371-4bfe-9a20-b87f9c8dba04@group-BD8D8EA9F3C7-SegmentedRaftLogWorker: safeCacheEvictIndex: setUnconditionally 0 -> -1
2022-08-03 01:57:25,385 [pool-590-thread-1] INFO  server.RaftServerConfigKeys (ConfUtils.java:logGet(46)) - raft.server.snapshot.auto.trigger.enabled = true (custom)
2022-08-03 01:57:25,385 [pool-590-thread-1] INFO  server.RaftServerConfigKeys (ConfUtils.java:logGet(46)) - raft.server.snapshot.auto.trigger.threshold = 10000 (custom)
2022-08-03 01:57:25,385 [pool-590-thread-1] INFO  server.RaftServerConfigKeys (ConfUtils.java:logGet(46)) - raft.server.snapshot.retention.file.num = 5 (custom)
2022-08-03 01:57:25,386 [pool-590-thread-1] INFO  server.RaftServerConfigKeys (ConfUtils.java:logGet(46)) - raft.server.log.purge.upto.snapshot.index = false (default)
2022-08-03 01:57:25,386 [pool-590-thread-1] INFO  server.RaftServerConfigKeys (ConfUtils.java:logGet(46)) - raft.server.retrycache.expirytime = 600000ms (custom)
2022-08-03 01:57:25,386 [pool-590-thread-1] INFO  server.RaftServerConfigKeys (ConfUtils.java:logGet(46)) - raft.server.retrycache.statistics.expirytime = 100μs (default)
2022-08-03 01:57:25,387 [pool-590-thread-1] INFO  server.RaftServerConfigKeys (ConfUtils.java:logGet(46)) - raft.server.log.appender.install.snapshot.enabled = false (custom)
2022-08-03 01:57:25,387 [pool-590-thread-1] INFO  server.RaftServerConfigKeys (ConfUtils.java:logGet(46)) - raft.server.threadpool.server.cached = true (default)
2022-08-03 01:57:25,388 [pool-590-thread-1] INFO  server.RaftServerConfigKeys (ConfUtils.java:logGet(46)) - raft.server.threadpool.server.size = 0 (default)
2022-08-03 01:57:25,388 [pool-590-thread-1] INFO  server.RaftServerConfigKeys (ConfUtils.java:logGet(46)) - raft.server.threadpool.client.cached = true (default)
2022-08-03 01:57:25,388 [pool-590-thread-1] INFO  server.RaftServerConfigKeys (ConfUtils.java:logGet(46)) - raft.server.threadpool.client.size = 0 (default)
2022-08-03 01:57:25,388 [pool-590-thread-1] INFO  server.RaftServer$Division (RaftServerImpl.java:start(310)) - a4799b55-2371-4bfe-9a20-b87f9c8dba04@group-BD8D8EA9F3C7: start as a follower, conf=-1: [49c4bd74-e934-49fb-9588-8a6634b350da|rpc:10.1.0.23:44111|dataStream:|priority:0, a4799b55-2371-4bfe-9a20-b87f9c8dba04|rpc:10.1.0.23:40755|dataStream:|priority:0, 5b5f8b8b-8220-4f48-a75a-691d0ac2ee29|rpc:10.1.0.23:38439|dataStream:|priority:1], old=null
2022-08-03 01:57:25,388 [pool-590-thread-1] INFO  server.RaftServer$Division (RaftServerImpl.java:setRole(299)) - a4799b55-2371-4bfe-9a20-b87f9c8dba04@group-BD8D8EA9F3C7: changes role from      null to FOLLOWER at term 0 for startAsFollower
2022-08-03 01:57:25,388 [pool-590-thread-1] INFO  impl.RoleInfo (RoleInfo.java:updateAndGet(139)) - a4799b55-2371-4bfe-9a20-b87f9c8dba04: start a4799b55-2371-4bfe-9a20-b87f9c8dba04@group-BD8D8EA9F3C7-FollowerState
2022-08-03 01:57:25,388 [pool-590-thread-1] INFO  util.JmxRegister (JmxRegister.java:tryRegister(44)) - Successfully registered JMX Bean with object name Ratis:service=RaftServer,group=group-BD8D8EA9F3C7,id=a4799b55-2371-4bfe-9a20-b87f9c8dba04
2022-08-03 01:57:25,436 [grpc-default-executor-0] INFO  server.RaftServer (RaftServerProxy.java:addNew(96)) - 5b5f8b8b-8220-4f48-a75a-691d0ac2ee29: addNew group-BD8D8EA9F3C7:[49c4bd74-e934-49fb-9588-8a6634b350da|rpc:10.1.0.23:44111|dataStream:|priority:0, a4799b55-2371-4bfe-9a20-b87f9c8dba04|rpc:10.1.0.23:40755|dataStream:|priority:0, 5b5f8b8b-8220-4f48-a75a-691d0ac2ee29|rpc:10.1.0.23:38439|dataStream:|priority:1] returns group-BD8D8EA9F3C7:java.util.concurrent.CompletableFuture@68ebdd92[Not completed]
2022-08-03 01:57:25,446 [pool-567-thread-1] INFO  server.RaftServer$Division (RaftServerImpl.java:<init>(190)) - 5b5f8b8b-8220-4f48-a75a-691d0ac2ee29: new RaftServerImpl for group-BD8D8EA9F3C7:[49c4bd74-e934-49fb-9588-8a6634b350da|rpc:10.1.0.23:44111|dataStream:|priority:0, a4799b55-2371-4bfe-9a20-b87f9c8dba04|rpc:10.1.0.23:40755|dataStream:|priority:0, 5b5f8b8b-8220-4f48-a75a-691d0ac2ee29|rpc:10.1.0.23:38439|dataStream:|priority:1] with ContainerStateMachine:uninitialized
2022-08-03 01:57:25,446 [pool-567-thread-1] INFO  server.RaftServerConfigKeys (ConfUtils.java:logGet(46)) - raft.server.rpc.timeout.min = 5s (custom)
2022-08-03 01:57:25,447 [pool-567-thread-1] INFO  server.RaftServerConfigKeys (ConfUtils.java:logGet(46)) - raft.server.rpc.timeout.max = 5200ms (custom)
2022-08-03 01:57:25,447 [pool-567-thread-1] INFO  server.RaftServerConfigKeys (ConfUtils.java:logGet(46)) - raft.server.rpc.sleep.time = 25ms (default)
2022-08-03 01:57:25,447 [pool-567-thread-1] INFO  server.RaftServerConfigKeys (ConfUtils.java:logGet(46)) - raft.server.rpc.slowness.timeout = 300s (custom)
2022-08-03 01:57:25,447 [pool-567-thread-1] INFO  server.RaftServerConfigKeys (ConfUtils.java:logGet(46)) - raft.server.leaderelection.leader.step-down.wait-time = 10s (default)
2022-08-03 01:57:25,447 [pool-567-thread-1] INFO  server.RaftServerConfigKeys (ConfUtils.java:logGet(46)) - raft.server.sleep.deviation.threshold = 300ms (default)
2022-08-03 01:57:25,447 [pool-567-thread-1] INFO  server.RaftServer$Division (ServerState.java:<init>(107)) - 5b5f8b8b-8220-4f48-a75a-691d0ac2ee29@group-BD8D8EA9F3C7: ConfigurationManager, init=-1: [49c4bd74-e934-49fb-9588-8a6634b350da|rpc:10.1.0.23:44111|dataStream:|priority:0, a4799b55-2371-4bfe-9a20-b87f9c8dba04|rpc:10.1.0.23:40755|dataStream:|priority:0, 5b5f8b8b-8220-4f48-a75a-691d0ac2ee29|rpc:10.1.0.23:38439|dataStream:|priority:1], old=null, confs=<EMPTY_MAP>
2022-08-03 01:57:25,447 [pool-567-thread-1] INFO  server.RaftServerConfigKeys (ConfUtils.java:logGet(46)) - raft.server.storage.dir = [/home/runner/work/ozone/ozone/hadoop-ozone/integration-test/target/test-dir/MiniOzoneClusterImpl-4c229dde-e64f-42f3-a5ee-349c50f14821/datanode-1/data/ratis] (custom)
2022-08-03 01:57:25,447 [pool-567-thread-1] INFO  server.RaftServerConfigKeys (ConfUtils.java:logGet(46)) - raft.server.log.corruption.policy = EXCEPTION (default)
2022-08-03 01:57:25,447 [pool-567-thread-1] INFO  server.RaftServerConfigKeys (ConfUtils.java:logGet(46)) - raft.server.storage.free-space.min = 0MB (=0) (default)
2022-08-03 01:57:25,448 [pool-567-thread-1] INFO  storage.RaftStorageDirectory (RaftStorageDirectoryImpl.java:analyzeStorage(135)) - The storage directory /home/runner/work/ozone/ozone/hadoop-ozone/integration-test/target/test-dir/MiniOzoneClusterImpl-4c229dde-e64f-42f3-a5ee-349c50f14821/datanode-1/data/ratis/41d892b9-e4a2-4f70-85c0-bd8d8ea9f3c7 does not exist. Creating ...
2022-08-03 01:57:25,455 [pool-567-thread-1] INFO  storage.RaftStorageDirectory (RaftStorageDirectoryImpl.java:tryLock(230)) - Lock on /home/runner/work/ozone/ozone/hadoop-ozone/integration-test/target/test-dir/MiniOzoneClusterImpl-4c229dde-e64f-42f3-a5ee-349c50f14821/datanode-1/data/ratis/41d892b9-e4a2-4f70-85c0-bd8d8ea9f3c7/in_use.lock acquired by nodename 17687@fv-az199-929
2022-08-03 01:57:25,458 [pool-567-thread-1] INFO  storage.RaftStorage (RaftStorageImpl.java:format(89)) - Storage directory /home/runner/work/ozone/ozone/hadoop-ozone/integration-test/target/test-dir/MiniOzoneClusterImpl-4c229dde-e64f-42f3-a5ee-349c50f14821/datanode-1/data/ratis/41d892b9-e4a2-4f70-85c0-bd8d8ea9f3c7 has been successfully formatted.
2022-08-03 01:57:25,476 [pool-567-thread-1] INFO  ratis.ContainerStateMachine (ContainerStateMachine.java:loadSnapshot(236)) - group-BD8D8EA9F3C7: The snapshot info is null. Setting the last applied indexto:(t:0, i:~)
2022-08-03 01:57:25,476 [pool-567-thread-1] INFO  server.RaftServerConfigKeys (ConfUtils.java:logGet(46)) - raft.server.notification.no-leader.timeout = 300s (custom)
2022-08-03 01:57:25,476 [pool-567-thread-1] INFO  server.RaftServerConfigKeys (ConfUtils.java:logGet(46)) - raft.server.log.use.memory = false (default)
2022-08-03 01:57:25,476 [pool-567-thread-1] INFO  server.RaftServerConfigKeys (ConfUtils.java:logGet(46)) - raft.server.log.purge.gap = 1000000 (custom)
2022-08-03 01:57:25,476 [pool-567-thread-1] INFO  server.RaftServerConfigKeys (ConfUtils.java:logGet(46)) - raft.server.log.appender.buffer.byte-limit = 33554432 (custom)
2022-08-03 01:57:25,477 [pool-567-thread-1] INFO  server.RaftServerConfigKeys (ConfUtils.java:logGet(46)) - raft.server.log.statemachine.data.read.timeout = 1000ms (default)
2022-08-03 01:57:25,477 [pool-567-thread-1] INFO  server.RaftServerConfigKeys (ConfUtils.java:logGet(46)) - raft.server.log.segment.size.max = 1048576 (custom)
2022-08-03 01:57:25,477 [pool-567-thread-1] INFO  server.RaftServerConfigKeys (ConfUtils.java:logGet(46)) - raft.server.log.segment.cache.num.max = 2 (custom)
2022-08-03 01:57:25,477 [pool-567-thread-1] INFO  server.RaftServerConfigKeys (ConfUtils.java:logGet(46)) - raft.server.log.segment.cache.size.max = 200MB (=209715200) (default)
2022-08-03 01:57:25,477 [pool-567-thread-1] INFO  segmented.SegmentedRaftLogWorker (SegmentedRaftLogWorker.java:<init>(187)) - new 5b5f8b8b-8220-4f48-a75a-691d0ac2ee29@group-BD8D8EA9F3C7-SegmentedRaftLogWorker for RaftStorageImpl:Storage Directory /home/runner/work/ozone/ozone/hadoop-ozone/integration-test/target/test-dir/MiniOzoneClusterImpl-4c229dde-e64f-42f3-a5ee-349c50f14821/datanode-1/data/ratis/41d892b9-e4a2-4f70-85c0-bd8d8ea9f3c7
2022-08-03 01:57:25,477 [pool-567-thread-1] INFO  server.RaftServerConfigKeys (ConfUtils.java:logGet(46)) - raft.server.log.queue.byte-limit = 4294967296 (custom)
2022-08-03 01:57:25,477 [pool-567-thread-1] INFO  server.RaftServerConfigKeys (ConfUtils.java:logGet(46)) - raft.server.log.queue.element-limit = 1024 (custom)
2022-08-03 01:57:25,477 [pool-567-thread-1] INFO  server.RaftServerConfigKeys (ConfUtils.java:logGet(46)) - raft.server.log.segment.size.max = 1048576 (custom)
2022-08-03 01:57:25,478 [pool-567-thread-1] INFO  server.RaftServerConfigKeys (ConfUtils.java:logGet(46)) - raft.server.log.preallocated.size = 16384 (custom)
2022-08-03 01:57:25,478 [pool-567-thread-1] INFO  server.RaftServerConfigKeys (ConfUtils.java:logGet(46)) - raft.server.log.force.sync.num = 128 (default)
2022-08-03 01:57:25,478 [pool-567-thread-1] INFO  server.RaftServerConfigKeys (ConfUtils.java:logGet(46)) - raft.server.log.statemachine.data.sync = true (default)
2022-08-03 01:57:25,478 [pool-567-thread-1] INFO  server.RaftServerConfigKeys (ConfUtils.java:logGet(46)) - raft.server.log.statemachine.data.sync.timeout = 10s (default)
2022-08-03 01:57:25,478 [pool-567-thread-1] INFO  server.RaftServerConfigKeys (ConfUtils.java:logGet(46)) - raft.server.log.statemachine.data.sync.timeout.retry = -1 (default)
2022-08-03 01:57:25,479 [pool-567-thread-1] INFO  server.RaftServerConfigKeys (ConfUtils.java:logGet(46)) - raft.server.log.write.buffer.size = 1048576 (custom)
2022-08-03 01:57:25,479 [pool-567-thread-1] INFO  server.RaftServerConfigKeys (ConfUtils.java:logGet(46)) - raft.server.log.unsafe-flush.enabled = false (default)
2022-08-03 01:57:25,479 [pool-567-thread-1] INFO  server.RaftServerConfigKeys (ConfUtils.java:logGet(46)) - raft.server.log.statemachine.data.caching.enabled = true (custom)
2022-08-03 01:57:25,479 [pool-567-thread-1] INFO  segmented.SegmentedRaftLogWorker (SegmentedRaftLogWorker.java:lambda$new$0(135)) - 5b5f8b8b-8220-4f48-a75a-691d0ac2ee29@group-BD8D8EA9F3C7-SegmentedRaftLogWorker: flushIndex: setUnconditionally 0 -> -1
2022-08-03 01:57:25,479 [pool-567-thread-1] INFO  segmented.SegmentedRaftLogWorker (SegmentedRaftLogWorker.java:lambda$new$0(135)) - 5b5f8b8b-8220-4f48-a75a-691d0ac2ee29@group-BD8D8EA9F3C7-SegmentedRaftLogWorker: safeCacheEvictIndex: setUnconditionally 0 -> -1
2022-08-03 01:57:25,486 [pool-567-thread-1] INFO  server.RaftServerConfigKeys (ConfUtils.java:logGet(46)) - raft.server.snapshot.auto.trigger.enabled = true (custom)
2022-08-03 01:57:25,486 [pool-567-thread-1] INFO  server.RaftServerConfigKeys (ConfUtils.java:logGet(46)) - raft.server.snapshot.auto.trigger.threshold = 10000 (custom)
2022-08-03 01:57:25,486 [pool-567-thread-1] INFO  server.RaftServerConfigKeys (ConfUtils.java:logGet(46)) - raft.server.snapshot.retention.file.num = 5 (custom)
2022-08-03 01:57:25,486 [pool-567-thread-1] INFO  server.RaftServerConfigKeys (ConfUtils.java:logGet(46)) - raft.server.log.purge.upto.snapshot.index = false (default)
2022-08-03 01:57:25,486 [pool-567-thread-1] INFO  server.RaftServerConfigKeys (ConfUtils.java:logGet(46)) - raft.server.retrycache.expirytime = 600000ms (custom)
2022-08-03 01:57:25,486 [pool-567-thread-1] INFO  server.RaftServerConfigKeys (ConfUtils.java:logGet(46)) - raft.server.retrycache.statistics.expirytime = 100μs (default)
2022-08-03 01:57:25,490 [pool-567-thread-1] INFO  server.RaftServerConfigKeys (ConfUtils.java:logGet(46)) - raft.server.log.appender.install.snapshot.enabled = false (custom)
2022-08-03 01:57:25,490 [pool-567-thread-1] INFO  server.RaftServerConfigKeys (ConfUtils.java:logGet(46)) - raft.server.threadpool.server.cached = true (default)
2022-08-03 01:57:25,490 [pool-567-thread-1] INFO  server.RaftServerConfigKeys (ConfUtils.java:logGet(46)) - raft.server.threadpool.server.size = 0 (default)
2022-08-03 01:57:25,490 [pool-567-thread-1] INFO  server.RaftServerConfigKeys (ConfUtils.java:logGet(46)) - raft.server.threadpool.client.cached = true (default)
2022-08-03 01:57:25,490 [pool-567-thread-1] INFO  server.RaftServerConfigKeys (ConfUtils.java:logGet(46)) - raft.server.threadpool.client.size = 0 (default)
2022-08-03 01:57:25,490 [pool-567-thread-1] INFO  server.RaftServer$Division (RaftServerImpl.java:start(310)) - 5b5f8b8b-8220-4f48-a75a-691d0ac2ee29@group-BD8D8EA9F3C7: start as a follower, conf=-1: [49c4bd74-e934-49fb-9588-8a6634b350da|rpc:10.1.0.23:44111|dataStream:|priority:0, a4799b55-2371-4bfe-9a20-b87f9c8dba04|rpc:10.1.0.23:40755|dataStream:|priority:0, 5b5f8b8b-8220-4f48-a75a-691d0ac2ee29|rpc:10.1.0.23:38439|dataStream:|priority:1], old=null
2022-08-03 01:57:25,490 [pool-567-thread-1] INFO  server.RaftServer$Division (RaftServerImpl.java:setRole(299)) - 5b5f8b8b-8220-4f48-a75a-691d0ac2ee29@group-BD8D8EA9F3C7: changes role from      null to FOLLOWER at term 0 for startAsFollower
2022-08-03 01:57:25,490 [pool-567-thread-1] INFO  impl.RoleInfo (RoleInfo.java:updateAndGet(139)) - 5b5f8b8b-8220-4f48-a75a-691d0ac2ee29: start 5b5f8b8b-8220-4f48-a75a-691d0ac2ee29@group-BD8D8EA9F3C7-FollowerState
2022-08-03 01:57:25,494 [pool-567-thread-1] INFO  util.JmxRegister (JmxRegister.java:tryRegister(44)) - Successfully registered JMX Bean with object name Ratis:service=RaftServer,group=group-BD8D8EA9F3C7,id=5b5f8b8b-8220-4f48-a75a-691d0ac2ee29
2022-08-03 01:57:25,537 [Command processor thread] INFO  commandhandler.CreatePipelineCommandHandler (CreatePipelineCommandHandler.java:handle(113)) - Created Pipeline RATIS THREE PipelineID=41d892b9-e4a2-4f70-85c0-bd8d8ea9f3c7.
2022-08-03 01:57:25,538 [Command processor thread] INFO  server.RaftServer (RaftServerProxy.java:addNew(96)) - 49c4bd74-e934-49fb-9588-8a6634b350da: addNew group-51BEAE15605F:[49c4bd74-e934-49fb-9588-8a6634b350da|rpc:10.1.0.23:44111|priority:0, a4799b55-2371-4bfe-9a20-b87f9c8dba04|rpc:10.1.0.23:40755|priority:1, 5b5f8b8b-8220-4f48-a75a-691d0ac2ee29|rpc:10.1.0.23:38439|priority:0] returns group-51BEAE15605F:java.util.concurrent.CompletableFuture@78c720c1[Not completed]
2022-08-03 01:57:25,563 [Command processor thread] INFO  server.RaftServer (RaftServerProxy.java:addNew(96)) - a4799b55-2371-4bfe-9a20-b87f9c8dba04: addNew group-949CECB533D9:[a4799b55-2371-4bfe-9a20-b87f9c8dba04|rpc:10.1.0.23:40755|priority:1] returns group-949CECB533D9:java.util.concurrent.CompletableFuture@37c0874a[Not completed]
2022-08-03 01:57:25,564 [pool-590-thread-1] INFO  server.RaftServer$Division (RaftServerImpl.java:<init>(190)) - a4799b55-2371-4bfe-9a20-b87f9c8dba04: new RaftServerImpl for group-949CECB533D9:[a4799b55-2371-4bfe-9a20-b87f9c8dba04|rpc:10.1.0.23:40755|priority:1] with ContainerStateMachine:uninitialized
2022-08-03 01:57:25,564 [pool-590-thread-1] INFO  server.RaftServerConfigKeys (ConfUtils.java:logGet(46)) - raft.server.rpc.timeout.min = 5s (custom)
2022-08-03 01:57:25,564 [pool-590-thread-1] INFO  server.RaftServerConfigKeys (ConfUtils.java:logGet(46)) - raft.server.rpc.timeout.max = 5200ms (custom)
2022-08-03 01:57:25,564 [pool-590-thread-1] INFO  server.RaftServerConfigKeys (ConfUtils.java:logGet(46)) - raft.server.rpc.sleep.time = 25ms (default)
2022-08-03 01:57:25,564 [pool-590-thread-1] INFO  server.RaftServerConfigKeys (ConfUtils.java:logGet(46)) - raft.server.rpc.slowness.timeout = 300s (custom)
2022-08-03 01:57:25,564 [pool-590-thread-1] INFO  server.RaftServerConfigKeys (ConfUtils.java:logGet(46)) - raft.server.leaderelection.leader.step-down.wait-time = 10s (default)
2022-08-03 01:57:25,564 [pool-590-thread-1] INFO  server.RaftServerConfigKeys (ConfUtils.java:logGet(46)) - raft.server.sleep.deviation.threshold = 300ms (default)
2022-08-03 01:57:25,565 [pool-590-thread-1] INFO  server.RaftServer$Division (ServerState.java:<init>(107)) - a4799b55-2371-4bfe-9a20-b87f9c8dba04@group-949CECB533D9: ConfigurationManager, init=-1: [a4799b55-2371-4bfe-9a20-b87f9c8dba04|rpc:10.1.0.23:40755|priority:1], old=null, confs=<EMPTY_MAP>
2022-08-03 01:57:25,565 [pool-590-thread-1] INFO  server.RaftServerConfigKeys (ConfUtils.java:logGet(46)) - raft.server.storage.dir = [/home/runner/work/ozone/ozone/hadoop-ozone/integration-test/target/test-dir/MiniOzoneClusterImpl-4c229dde-e64f-42f3-a5ee-349c50f14821/datanode-2/data/ratis] (custom)
2022-08-03 01:57:25,565 [pool-590-thread-1] INFO  server.RaftServerConfigKeys (ConfUtils.java:logGet(46)) - raft.server.log.corruption.policy = EXCEPTION (default)
2022-08-03 01:57:25,565 [pool-590-thread-1] INFO  server.RaftServerConfigKeys (ConfUtils.java:logGet(46)) - raft.server.storage.free-space.min = 0MB (=0) (default)
2022-08-03 01:57:25,566 [pool-590-thread-1] INFO  storage.RaftStorageDirectory (RaftStorageDirectoryImpl.java:analyzeStorage(135)) - The storage directory /home/runner/work/ozone/ozone/hadoop-ozone/integration-test/target/test-dir/MiniOzoneClusterImpl-4c229dde-e64f-42f3-a5ee-349c50f14821/datanode-2/data/ratis/baa3c654-44cf-48d1-948e-949cecb533d9 does not exist. Creating ...
2022-08-03 01:57:25,567 [pool-544-thread-1] INFO  server.RaftServer$Division (RaftServerImpl.java:<init>(190)) - 49c4bd74-e934-49fb-9588-8a6634b350da: new RaftServerImpl for group-51BEAE15605F:[49c4bd74-e934-49fb-9588-8a6634b350da|rpc:10.1.0.23:44111|priority:0, a4799b55-2371-4bfe-9a20-b87f9c8dba04|rpc:10.1.0.23:40755|priority:1, 5b5f8b8b-8220-4f48-a75a-691d0ac2ee29|rpc:10.1.0.23:38439|priority:0] with ContainerStateMachine:uninitialized
2022-08-03 01:57:25,567 [pool-544-thread-1] INFO  server.RaftServerConfigKeys (ConfUtils.java:logGet(46)) - raft.server.rpc.timeout.min = 5s (custom)
2022-08-03 01:57:25,567 [pool-544-thread-1] INFO  server.RaftServerConfigKeys (ConfUtils.java:logGet(46)) - raft.server.rpc.timeout.max = 5200ms (custom)
2022-08-03 01:57:25,567 [pool-544-thread-1] INFO  server.RaftServerConfigKeys (ConfUtils.java:logGet(46)) - raft.server.rpc.sleep.time = 25ms (default)
2022-08-03 01:57:25,567 [pool-544-thread-1] INFO  server.RaftServerConfigKeys (ConfUtils.java:logGet(46)) - raft.server.rpc.slowness.timeout = 300s (custom)
2022-08-03 01:57:25,567 [pool-544-thread-1] INFO  server.RaftServerConfigKeys (ConfUtils.java:logGet(46)) - raft.server.leaderelection.leader.step-down.wait-time = 10s (default)
2022-08-03 01:57:25,567 [pool-544-thread-1] INFO  server.RaftServerConfigKeys (ConfUtils.java:logGet(46)) - raft.server.sleep.deviation.threshold = 300ms (default)
2022-08-03 01:57:25,567 [pool-544-thread-1] INFO  server.RaftServer$Division (ServerState.java:<init>(107)) - 49c4bd74-e934-49fb-9588-8a6634b350da@group-51BEAE15605F: ConfigurationManager, init=-1: [49c4bd74-e934-49fb-9588-8a6634b350da|rpc:10.1.0.23:44111|priority:0, a4799b55-2371-4bfe-9a20-b87f9c8dba04|rpc:10.1.0.23:40755|priority:1, 5b5f8b8b-8220-4f48-a75a-691d0ac2ee29|rpc:10.1.0.23:38439|priority:0], old=null, confs=<EMPTY_MAP>
2022-08-03 01:57:25,567 [pool-544-thread-1] INFO  server.RaftServerConfigKeys (ConfUtils.java:logGet(46)) - raft.server.storage.dir = [/home/runner/work/ozone/ozone/hadoop-ozone/integration-test/target/test-dir/MiniOzoneClusterImpl-4c229dde-e64f-42f3-a5ee-349c50f14821/datanode-0/data/ratis] (custom)
2022-08-03 01:57:25,567 [pool-544-thread-1] INFO  server.RaftServerConfigKeys (ConfUtils.java:logGet(46)) - raft.server.log.corruption.policy = EXCEPTION (default)
2022-08-03 01:57:25,568 [pool-544-thread-1] INFO  server.RaftServerConfigKeys (ConfUtils.java:logGet(46)) - raft.server.storage.free-space.min = 0MB (=0) (default)
2022-08-03 01:57:25,568 [pool-544-thread-1] INFO  storage.RaftStorageDirectory (RaftStorageDirectoryImpl.java:analyzeStorage(135)) - The storage directory /home/runner/work/ozone/ozone/hadoop-ozone/integration-test/target/test-dir/MiniOzoneClusterImpl-4c229dde-e64f-42f3-a5ee-349c50f14821/datanode-0/data/ratis/08b2a85d-f35a-410e-84c7-51beae15605f does not exist. Creating ...
2022-08-03 01:57:25,572 [pool-590-thread-1] INFO  storage.RaftStorageDirectory (RaftStorageDirectoryImpl.java:tryLock(230)) - Lock on /home/runner/work/ozone/ozone/hadoop-ozone/integration-test/target/test-dir/MiniOzoneClusterImpl-4c229dde-e64f-42f3-a5ee-349c50f14821/datanode-2/data/ratis/baa3c654-44cf-48d1-948e-949cecb533d9/in_use.lock acquired by nodename 17687@fv-az199-929
2022-08-03 01:57:25,574 [pool-544-thread-1] INFO  storage.RaftStorageDirectory (RaftStorageDirectoryImpl.java:tryLock(230)) - Lock on /home/runner/work/ozone/ozone/hadoop-ozone/integration-test/target/test-dir/MiniOzoneClusterImpl-4c229dde-e64f-42f3-a5ee-349c50f14821/datanode-0/data/ratis/08b2a85d-f35a-410e-84c7-51beae15605f/in_use.lock acquired by nodename 17687@fv-az199-929
2022-08-03 01:57:25,575 [pool-590-thread-1] INFO  storage.RaftStorage (RaftStorageImpl.java:format(89)) - Storage directory /home/runner/work/ozone/ozone/hadoop-ozone/integration-test/target/test-dir/MiniOzoneClusterImpl-4c229dde-e64f-42f3-a5ee-349c50f14821/datanode-2/data/ratis/baa3c654-44cf-48d1-948e-949cecb533d9 has been successfully formatted.
2022-08-03 01:57:25,576 [pool-544-thread-1] INFO  storage.RaftStorage (RaftStorageImpl.java:format(89)) - Storage directory /home/runner/work/ozone/ozone/hadoop-ozone/integration-test/target/test-dir/MiniOzoneClusterImpl-4c229dde-e64f-42f3-a5ee-349c50f14821/datanode-0/data/ratis/08b2a85d-f35a-410e-84c7-51beae15605f has been successfully formatted.
2022-08-03 01:57:25,577 [pool-590-thread-1] INFO  ratis.ContainerStateMachine (ContainerStateMachine.java:loadSnapshot(236)) - group-949CECB533D9: The snapshot info is null. Setting the last applied indexto:(t:0, i:~)
2022-08-03 01:57:25,578 [pool-590-thread-1] INFO  server.RaftServerConfigKeys (ConfUtils.java:logGet(46)) - raft.server.notification.no-leader.timeout = 300s (custom)
2022-08-03 01:57:25,578 [pool-590-thread-1] INFO  server.RaftServerConfigKeys (ConfUtils.java:logGet(46)) - raft.server.log.use.memory = false (default)
2022-08-03 01:57:25,578 [pool-590-thread-1] INFO  server.RaftServerConfigKeys (ConfUtils.java:logGet(46)) - raft.server.log.purge.gap = 1000000 (custom)
2022-08-03 01:57:25,578 [pool-590-thread-1] INFO  server.RaftServerConfigKeys (ConfUtils.java:logGet(46)) - raft.server.log.appender.buffer.byte-limit = 33554432 (custom)
2022-08-03 01:57:25,578 [pool-590-thread-1] INFO  server.RaftServerConfigKeys (ConfUtils.java:logGet(46)) - raft.server.log.statemachine.data.read.timeout = 1000ms (default)
2022-08-03 01:57:25,578 [pool-590-thread-1] INFO  server.RaftServerConfigKeys (ConfUtils.java:logGet(46)) - raft.server.log.segment.size.max = 1048576 (custom)
2022-08-03 01:57:25,579 [pool-590-thread-1] INFO  server.RaftServerConfigKeys (ConfUtils.java:logGet(46)) - raft.server.log.segment.cache.num.max = 2 (custom)
2022-08-03 01:57:25,579 [pool-590-thread-1] INFO  server.RaftServerConfigKeys (ConfUtils.java:logGet(46)) - raft.server.log.segment.cache.size.max = 200MB (=209715200) (default)
2022-08-03 01:57:25,579 [pool-590-thread-1] INFO  segmented.SegmentedRaftLogWorker (SegmentedRaftLogWorker.java:<init>(187)) - new a4799b55-2371-4bfe-9a20-b87f9c8dba04@group-949CECB533D9-SegmentedRaftLogWorker for RaftStorageImpl:Storage Directory /home/runner/work/ozone/ozone/hadoop-ozone/integration-test/target/test-dir/MiniOzoneClusterImpl-4c229dde-e64f-42f3-a5ee-349c50f14821/datanode-2/data/ratis/baa3c654-44cf-48d1-948e-949cecb533d9
2022-08-03 01:57:25,579 [pool-590-thread-1] INFO  server.RaftServerConfigKeys (ConfUtils.java:logGet(46)) - raft.server.log.queue.byte-limit = 4294967296 (custom)
2022-08-03 01:57:25,579 [pool-590-thread-1] INFO  server.RaftServerConfigKeys (ConfUtils.java:logGet(46)) - raft.server.log.queue.element-limit = 1024 (custom)
2022-08-03 01:57:25,579 [pool-590-thread-1] INFO  server.RaftServerConfigKeys (ConfUtils.java:logGet(46)) - raft.server.log.segment.size.max = 1048576 (custom)
2022-08-03 01:57:25,579 [pool-590-thread-1] INFO  server.RaftServerConfigKeys (ConfUtils.java:logGet(46)) - raft.server.log.preallocated.size = 16384 (custom)
2022-08-03 01:57:25,580 [pool-590-thread-1] INFO  server.RaftServerConfigKeys (ConfUtils.java:logGet(46)) - raft.server.log.force.sync.num = 128 (default)
2022-08-03 01:57:25,580 [pool-590-thread-1] INFO  server.RaftServerConfigKeys (ConfUtils.java:logGet(46)) - raft.server.log.statemachine.data.sync = true (default)
2022-08-03 01:57:25,580 [pool-590-thread-1] INFO  server.RaftServerConfigKeys (ConfUtils.java:logGet(46)) - raft.server.log.statemachine.data.sync.timeout = 10s (default)
2022-08-03 01:57:25,580 [pool-590-thread-1] INFO  server.RaftServerConfigKeys (ConfUtils.java:logGet(46)) - raft.server.log.statemachine.data.sync.timeout.retry = -1 (default)
2022-08-03 01:57:25,580 [pool-544-thread-1] INFO  ratis.ContainerStateMachine (ContainerStateMachine.java:loadSnapshot(236)) - group-51BEAE15605F: The snapshot info is null. Setting the last applied indexto:(t:0, i:~)
2022-08-03 01:57:25,581 [pool-544-thread-1] INFO  server.RaftServerConfigKeys (ConfUtils.java:logGet(46)) - raft.server.notification.no-leader.timeout = 300s (custom)
2022-08-03 01:57:25,581 [EventQueue-PipelineReportForPipelineReportHandler] INFO  pipeline.PipelineManagerImpl (PipelineManagerImpl.java:openPipeline(367)) - Pipeline Pipeline[ Id: baa3c654-44cf-48d1-948e-949cecb533d9, Nodes: a4799b55-2371-4bfe-9a20-b87f9c8dba04{ip: 10.1.0.23, host: fv-az199-929.piossgaoozdutex3tpy4bgd4ka.dx.internal.cloudapp.net, ports: [REPLICATION=35655, RATIS=40755, RATIS_ADMIN=40755, RATIS_SERVER=40755, STANDALONE=34451], networkLocation: /default-rack, certSerialId: null, persistedOpState: IN_SERVICE, persistedOpStateExpiryEpochSec: 0}, ReplicationConfig: RATIS/ONE, State:ALLOCATED, leaderId:a4799b55-2371-4bfe-9a20-b87f9c8dba04, CreationTimestamp2022-08-03T01:57:24.585Z[Etc/UTC]] moved to OPEN state
2022-08-03 01:57:25,581 [pool-544-thread-1] INFO  server.RaftServerConfigKeys (ConfUtils.java:logGet(46)) - raft.server.log.use.memory = false (default)
2022-08-03 01:57:25,581 [pool-544-thread-1] INFO  server.RaftServerConfigKeys (ConfUtils.java:logGet(46)) - raft.server.log.purge.gap = 1000000 (custom)
2022-08-03 01:57:25,581 [pool-544-thread-1] INFO  server.RaftServerConfigKeys (ConfUtils.java:logGet(46)) - raft.server.log.appender.buffer.byte-limit = 33554432 (custom)
2022-08-03 01:57:25,582 [pool-544-thread-1] INFO  server.RaftServerConfigKeys (ConfUtils.java:logGet(46)) - raft.server.log.statemachine.data.read.timeout = 1000ms (default)
2022-08-03 01:57:25,581 [EventQueue-OpenPipelineForHealthyPipelineSafeModeRule] INFO  safemode.SCMSafeModeManager (HealthyPipelineSafeModeRule.java:process(137)) - SCM in safe mode. Healthy pipelines reported count is 0, required healthy pipeline reported count is 1
2022-08-03 01:57:25,582 [EventQueue-OpenPipelineForHealthyPipelineSafeModeRule] INFO  safemode.SCMSafeModeManager (HealthyPipelineSafeModeRule.java:process(137)) - SCM in safe mode. Healthy pipelines reported count is 0, required healthy pipeline reported count is 1
2022-08-03 01:57:25,584 [pool-544-thread-1] INFO  server.RaftServerConfigKeys (ConfUtils.java:logGet(46)) - raft.server.log.segment.size.max = 1048576 (custom)
2022-08-03 01:57:25,584 [pool-544-thread-1] INFO  server.RaftServerConfigKeys (ConfUtils.java:logGet(46)) - raft.server.log.segment.cache.num.max = 2 (custom)
2022-08-03 01:57:25,598 [pool-544-thread-1] INFO  server.RaftServerConfigKeys (ConfUtils.java:logGet(46)) - raft.server.log.segment.cache.size.max = 200MB (=209715200) (default)
2022-08-03 01:57:25,598 [pool-544-thread-1] INFO  segmented.SegmentedRaftLogWorker (SegmentedRaftLogWorker.java:<init>(187)) - new 49c4bd74-e934-49fb-9588-8a6634b350da@group-51BEAE15605F-SegmentedRaftLogWorker for RaftStorageImpl:Storage Directory /home/runner/work/ozone/ozone/hadoop-ozone/integration-test/target/test-dir/MiniOzoneClusterImpl-4c229dde-e64f-42f3-a5ee-349c50f14821/datanode-0/data/ratis/08b2a85d-f35a-410e-84c7-51beae15605f
2022-08-03 01:57:25,598 [pool-544-thread-1] INFO  server.RaftServerConfigKeys (ConfUtils.java:logGet(46)) - raft.server.log.queue.byte-limit = 4294967296 (custom)
2022-08-03 01:57:25,598 [pool-544-thread-1] INFO  server.RaftServerConfigKeys (ConfUtils.java:logGet(46)) - raft.server.log.queue.element-limit = 1024 (custom)
2022-08-03 01:57:25,598 [pool-544-thread-1] INFO  server.RaftServerConfigKeys (ConfUtils.java:logGet(46)) - raft.server.log.segment.size.max = 1048576 (custom)
2022-08-03 01:57:25,598 [pool-544-thread-1] INFO  server.RaftServerConfigKeys (ConfUtils.java:logGet(46)) - raft.server.log.preallocated.size = 16384 (custom)
2022-08-03 01:57:25,598 [pool-544-thread-1] INFO  server.RaftServerConfigKeys (ConfUtils.java:logGet(46)) - raft.server.log.force.sync.num = 128 (default)
2022-08-03 01:57:25,598 [pool-544-thread-1] INFO  server.RaftServerConfigKeys (ConfUtils.java:logGet(46)) - raft.server.log.statemachine.data.sync = true (default)
2022-08-03 01:57:25,599 [pool-544-thread-1] INFO  server.RaftServerConfigKeys (ConfUtils.java:logGet(46)) - raft.server.log.statemachine.data.sync.timeout = 10s (default)
2022-08-03 01:57:25,599 [pool-544-thread-1] INFO  server.RaftServerConfigKeys (ConfUtils.java:logGet(46)) - raft.server.log.statemachine.data.sync.timeout.retry = -1 (default)
2022-08-03 01:57:25,600 [pool-544-thread-1] INFO  server.RaftServerConfigKeys (ConfUtils.java:logGet(46)) - raft.server.log.write.buffer.size = 1048576 (custom)
2022-08-03 01:57:25,600 [pool-544-thread-1] INFO  server.RaftServerConfigKeys (ConfUtils.java:logGet(46)) - raft.server.log.unsafe-flush.enabled = false (default)
2022-08-03 01:57:25,600 [pool-544-thread-1] INFO  server.RaftServerConfigKeys (ConfUtils.java:logGet(46)) - raft.server.log.statemachine.data.caching.enabled = true (custom)
2022-08-03 01:57:25,601 [pool-590-thread-1] INFO  server.RaftServerConfigKeys (ConfUtils.java:logGet(46)) - raft.server.log.write.buffer.size = 1048576 (custom)
2022-08-03 01:57:25,601 [pool-590-thread-1] INFO  server.RaftServerConfigKeys (ConfUtils.java:logGet(46)) - raft.server.log.unsafe-flush.enabled = false (default)
2022-08-03 01:57:25,601 [pool-590-thread-1] INFO  server.RaftServerConfigKeys (ConfUtils.java:logGet(46)) - raft.server.log.statemachine.data.caching.enabled = true (custom)
2022-08-03 01:57:25,605 [pool-590-thread-1] INFO  segmented.SegmentedRaftLogWorker (SegmentedRaftLogWorker.java:lambda$new$0(135)) - a4799b55-2371-4bfe-9a20-b87f9c8dba04@group-949CECB533D9-SegmentedRaftLogWorker: flushIndex: setUnconditionally 0 -> -1
2022-08-03 01:57:25,605 [pool-590-thread-1] INFO  segmented.SegmentedRaftLogWorker (SegmentedRaftLogWorker.java:lambda$new$0(135)) - a4799b55-2371-4bfe-9a20-b87f9c8dba04@group-949CECB533D9-SegmentedRaftLogWorker: safeCacheEvictIndex: setUnconditionally 0 -> -1
2022-08-03 01:57:25,605 [pool-544-thread-1] INFO  segmented.SegmentedRaftLogWorker (SegmentedRaftLogWorker.java:lambda$new$0(135)) - 49c4bd74-e934-49fb-9588-8a6634b350da@group-51BEAE15605F-SegmentedRaftLogWorker: flushIndex: setUnconditionally 0 -> -1
2022-08-03 01:57:25,605 [pool-544-thread-1] INFO  segmented.SegmentedRaftLogWorker (SegmentedRaftLogWorker.java:lambda$new$0(135)) - 49c4bd74-e934-49fb-9588-8a6634b350da@group-51BEAE15605F-SegmentedRaftLogWorker: safeCacheEvictIndex: setUnconditionally 0 -> -1
2022-08-03 01:57:25,606 [pool-590-thread-1] INFO  server.RaftServerConfigKeys (ConfUtils.java:logGet(46)) - raft.server.snapshot.auto.trigger.enabled = true (custom)
2022-08-03 01:57:25,606 [pool-590-thread-1] INFO  server.RaftServerConfigKeys (ConfUtils.java:logGet(46)) - raft.server.snapshot.auto.trigger.threshold = 10000 (custom)
2022-08-03 01:57:25,606 [pool-590-thread-1] INFO  server.RaftServerConfigKeys (ConfUtils.java:logGet(46)) - raft.server.snapshot.retention.file.num = 5 (custom)
2022-08-03 01:57:25,606 [pool-590-thread-1] INFO  server.RaftServerConfigKeys (ConfUtils.java:logGet(46)) - raft.server.log.purge.upto.snapshot.index = false (default)
2022-08-03 01:57:25,606 [pool-590-thread-1] INFO  server.RaftServerConfigKeys (ConfUtils.java:logGet(46)) - raft.server.retrycache.expirytime = 600000ms (custom)
2022-08-03 01:57:25,606 [pool-590-thread-1] INFO  server.RaftServerConfigKeys (ConfUtils.java:logGet(46)) - raft.server.retrycache.statistics.expirytime = 100μs (default)
2022-08-03 01:57:25,608 [pool-590-thread-1] INFO  server.RaftServerConfigKeys (ConfUtils.java:logGet(46)) - raft.server.log.appender.install.snapshot.enabled = false (custom)
2022-08-03 01:57:25,608 [pool-590-thread-1] INFO  server.RaftServerConfigKeys (ConfUtils.java:logGet(46)) - raft.server.threadpool.server.cached = true (default)
2022-08-03 01:57:25,608 [pool-590-thread-1] INFO  server.RaftServerConfigKeys (ConfUtils.java:logGet(46)) - raft.server.threadpool.server.size = 0 (default)
2022-08-03 01:57:25,608 [pool-590-thread-1] INFO  server.RaftServerConfigKeys (ConfUtils.java:logGet(46)) - raft.server.threadpool.client.cached = true (default)
2022-08-03 01:57:25,608 [pool-590-thread-1] INFO  server.RaftServerConfigKeys (ConfUtils.java:logGet(46)) - raft.server.threadpool.client.size = 0 (default)
2022-08-03 01:57:25,608 [pool-590-thread-1] INFO  server.RaftServer$Division (RaftServerImpl.java:start(310)) - a4799b55-2371-4bfe-9a20-b87f9c8dba04@group-949CECB533D9: start as a follower, conf=-1: [a4799b55-2371-4bfe-9a20-b87f9c8dba04|rpc:10.1.0.23:40755|priority:1], old=null
2022-08-03 01:57:25,608 [pool-590-thread-1] INFO  server.RaftServer$Division (RaftServerImpl.java:setRole(299)) - a4799b55-2371-4bfe-9a20-b87f9c8dba04@group-949CECB533D9: changes role from      null to FOLLOWER at term 0 for startAsFollower
2022-08-03 01:57:25,608 [pool-590-thread-1] INFO  impl.RoleInfo (RoleInfo.java:updateAndGet(139)) - a4799b55-2371-4bfe-9a20-b87f9c8dba04: start a4799b55-2371-4bfe-9a20-b87f9c8dba04@group-949CECB533D9-FollowerState
2022-08-03 01:57:25,608 [pool-590-thread-1] INFO  util.JmxRegister (JmxRegister.java:tryRegister(44)) - Successfully registered JMX Bean with object name Ratis:service=RaftServer,group=group-949CECB533D9,id=a4799b55-2371-4bfe-9a20-b87f9c8dba04
2022-08-03 01:57:25,609 [Command processor thread] INFO  ratis.XceiverServerRatis (XceiverServerRatis.java:addGroup(765)) - Created group PipelineID=baa3c654-44cf-48d1-948e-949cecb533d9
2022-08-03 01:57:25,609 [Command processor thread] INFO  commandhandler.CreatePipelineCommandHandler (CreatePipelineCommandHandler.java:handle(113)) - Created Pipeline RATIS ONE PipelineID=baa3c654-44cf-48d1-948e-949cecb533d9.
2022-08-03 01:57:25,609 [Command processor thread] INFO  server.RaftServer (RaftServerProxy.java:addNew(96)) - a4799b55-2371-4bfe-9a20-b87f9c8dba04: addNew group-51BEAE15605F:[49c4bd74-e934-49fb-9588-8a6634b350da|rpc:10.1.0.23:44111|priority:0, a4799b55-2371-4bfe-9a20-b87f9c8dba04|rpc:10.1.0.23:40755|priority:1, 5b5f8b8b-8220-4f48-a75a-691d0ac2ee29|rpc:10.1.0.23:38439|priority:0] returns group-51BEAE15605F:java.util.concurrent.CompletableFuture@39077fc2[Not completed]
2022-08-03 01:57:25,610 [pool-590-thread-1] INFO  server.RaftServer$Division (RaftServerImpl.java:<init>(190)) - a4799b55-2371-4bfe-9a20-b87f9c8dba04: new RaftServerImpl for group-51BEAE15605F:[49c4bd74-e934-49fb-9588-8a6634b350da|rpc:10.1.0.23:44111|priority:0, a4799b55-2371-4bfe-9a20-b87f9c8dba04|rpc:10.1.0.23:40755|priority:1, 5b5f8b8b-8220-4f48-a75a-691d0ac2ee29|rpc:10.1.0.23:38439|priority:0] with ContainerStateMachine:uninitialized
2022-08-03 01:57:25,610 [pool-590-thread-1] INFO  server.RaftServerConfigKeys (ConfUtils.java:logGet(46)) - raft.server.rpc.timeout.min = 5s (custom)
2022-08-03 01:57:25,610 [pool-590-thread-1] INFO  server.RaftServerConfigKeys (ConfUtils.java:logGet(46)) - raft.server.rpc.timeout.max = 5200ms (custom)
2022-08-03 01:57:25,610 [pool-590-thread-1] INFO  server.RaftServerConfigKeys (ConfUtils.java:logGet(46)) - raft.server.rpc.sleep.time = 25ms (default)
2022-08-03 01:57:25,611 [pool-590-thread-1] INFO  server.RaftServerConfigKeys (ConfUtils.java:logGet(46)) - raft.server.rpc.slowness.timeout = 300s (custom)
2022-08-03 01:57:25,611 [pool-590-thread-1] INFO  server.RaftServerConfigKeys (ConfUtils.java:logGet(46)) - raft.server.leaderelection.leader.step-down.wait-time = 10s (default)
2022-08-03 01:57:25,611 [pool-590-thread-1] INFO  server.RaftServerConfigKeys (ConfUtils.java:logGet(46)) - raft.server.sleep.deviation.threshold = 300ms (default)
2022-08-03 01:57:25,611 [pool-590-thread-1] INFO  server.RaftServer$Division (ServerState.java:<init>(107)) - a4799b55-2371-4bfe-9a20-b87f9c8dba04@group-51BEAE15605F: ConfigurationManager, init=-1: [49c4bd74-e934-49fb-9588-8a6634b350da|rpc:10.1.0.23:44111|priority:0, a4799b55-2371-4bfe-9a20-b87f9c8dba04|rpc:10.1.0.23:40755|priority:1, 5b5f8b8b-8220-4f48-a75a-691d0ac2ee29|rpc:10.1.0.23:38439|priority:0], old=null, confs=<EMPTY_MAP>
2022-08-03 01:57:25,611 [pool-590-thread-1] INFO  server.RaftServerConfigKeys (ConfUtils.java:logGet(46)) - raft.server.storage.dir = [/home/runner/work/ozone/ozone/hadoop-ozone/integration-test/target/test-dir/MiniOzoneClusterImpl-4c229dde-e64f-42f3-a5ee-349c50f14821/datanode-2/data/ratis] (custom)
2022-08-03 01:57:25,611 [pool-590-thread-1] INFO  server.RaftServerConfigKeys (ConfUtils.java:logGet(46)) - raft.server.log.corruption.policy = EXCEPTION (default)
2022-08-03 01:57:25,611 [pool-590-thread-1] INFO  server.RaftServerConfigKeys (ConfUtils.java:logGet(46)) - raft.server.storage.free-space.min = 0MB (=0) (default)
2022-08-03 01:57:25,611 [pool-590-thread-1] INFO  storage.RaftStorageDirectory (RaftStorageDirectoryImpl.java:analyzeStorage(135)) - The storage directory /home/runner/work/ozone/ozone/hadoop-ozone/integration-test/target/test-dir/MiniOzoneClusterImpl-4c229dde-e64f-42f3-a5ee-349c50f14821/datanode-2/data/ratis/08b2a85d-f35a-410e-84c7-51beae15605f does not exist. Creating ...
2022-08-03 01:57:25,612 [pool-544-thread-1] INFO  server.RaftServerConfigKeys (ConfUtils.java:logGet(46)) - raft.server.snapshot.auto.trigger.enabled = true (custom)
2022-08-03 01:57:25,612 [pool-544-thread-1] INFO  server.RaftServerConfigKeys (ConfUtils.java:logGet(46)) - raft.server.snapshot.auto.trigger.threshold = 10000 (custom)
2022-08-03 01:57:25,612 [pool-544-thread-1] INFO  server.RaftServerConfigKeys (ConfUtils.java:logGet(46)) - raft.server.snapshot.retention.file.num = 5 (custom)
2022-08-03 01:57:25,612 [pool-544-thread-1] INFO  server.RaftServerConfigKeys (ConfUtils.java:logGet(46)) - raft.server.log.purge.upto.snapshot.index = false (default)
2022-08-03 01:57:25,612 [pool-544-thread-1] INFO  server.RaftServerConfigKeys (ConfUtils.java:logGet(46)) - raft.server.retrycache.expirytime = 600000ms (custom)
2022-08-03 01:57:25,612 [pool-544-thread-1] INFO  server.RaftServerConfigKeys (ConfUtils.java:logGet(46)) - raft.server.retrycache.statistics.expirytime = 100μs (default)
2022-08-03 01:57:25,612 [pool-590-thread-1] INFO  storage.RaftStorageDirectory (RaftStorageDirectoryImpl.java:tryLock(230)) - Lock on /home/runner/work/ozone/ozone/hadoop-ozone/integration-test/target/test-dir/MiniOzoneClusterImpl-4c229dde-e64f-42f3-a5ee-349c50f14821/datanode-2/data/ratis/08b2a85d-f35a-410e-84c7-51beae15605f/in_use.lock acquired by nodename 17687@fv-az199-929
2022-08-03 01:57:25,614 [pool-590-thread-1] INFO  storage.RaftStorage (RaftStorageImpl.java:format(89)) - Storage directory /home/runner/work/ozone/ozone/hadoop-ozone/integration-test/target/test-dir/MiniOzoneClusterImpl-4c229dde-e64f-42f3-a5ee-349c50f14821/datanode-2/data/ratis/08b2a85d-f35a-410e-84c7-51beae15605f has been successfully formatted.
2022-08-03 01:57:25,614 [pool-590-thread-1] INFO  ratis.ContainerStateMachine (ContainerStateMachine.java:loadSnapshot(236)) - group-51BEAE15605F: The snapshot info is null. Setting the last applied indexto:(t:0, i:~)
2022-08-03 01:57:25,614 [pool-590-thread-1] INFO  server.RaftServerConfigKeys (ConfUtils.java:logGet(46)) - raft.server.notification.no-leader.timeout = 300s (custom)
2022-08-03 01:57:25,614 [pool-590-thread-1] INFO  server.RaftServerConfigKeys (ConfUtils.java:logGet(46)) - raft.server.log.use.memory = false (default)
2022-08-03 01:57:25,614 [pool-590-thread-1] INFO  server.RaftServerConfigKeys (ConfUtils.java:logGet(46)) - raft.server.log.purge.gap = 1000000 (custom)
2022-08-03 01:57:25,614 [pool-590-thread-1] INFO  server.RaftServerConfigKeys (ConfUtils.java:logGet(46)) - raft.server.log.appender.buffer.byte-limit = 33554432 (custom)
2022-08-03 01:57:25,614 [pool-590-thread-1] INFO  server.RaftServerConfigKeys (ConfUtils.java:logGet(46)) - raft.server.log.statemachine.data.read.timeout = 1000ms (default)
2022-08-03 01:57:25,615 [pool-590-thread-1] INFO  server.RaftServerConfigKeys (ConfUtils.java:logGet(46)) - raft.server.log.segment.size.max = 1048576 (custom)
2022-08-03 01:57:25,616 [EventQueue-OpenPipelineForHealthyPipelineSafeModeRule] INFO  safemode.SCMSafeModeManager (HealthyPipelineSafeModeRule.java:process(137)) - SCM in safe mode. Healthy pipelines reported count is 0, required healthy pipeline reported count is 1
2022-08-03 01:57:25,617 [pool-544-thread-1] INFO  server.RaftServerConfigKeys (ConfUtils.java:logGet(46)) - raft.server.log.appender.install.snapshot.enabled = false (custom)
2022-08-03 01:57:25,617 [pool-544-thread-1] INFO  server.RaftServerConfigKeys (ConfUtils.java:logGet(46)) - raft.server.threadpool.server.cached = true (default)
2022-08-03 01:57:25,617 [pool-544-thread-1] INFO  server.RaftServerConfigKeys (ConfUtils.java:logGet(46)) - raft.server.threadpool.server.size = 0 (default)
2022-08-03 01:57:25,617 [pool-544-thread-1] INFO  server.RaftServerConfigKeys (ConfUtils.java:logGet(46)) - raft.server.threadpool.client.cached = true (default)
2022-08-03 01:57:25,617 [pool-544-thread-1] INFO  server.RaftServerConfigKeys (ConfUtils.java:logGet(46)) - raft.server.threadpool.client.size = 0 (default)
2022-08-03 01:57:25,617 [pool-544-thread-1] INFO  server.RaftServer$Division (RaftServerImpl.java:start(310)) - 49c4bd74-e934-49fb-9588-8a6634b350da@group-51BEAE15605F: start as a follower, conf=-1: [49c4bd74-e934-49fb-9588-8a6634b350da|rpc:10.1.0.23:44111|priority:0, a4799b55-2371-4bfe-9a20-b87f9c8dba04|rpc:10.1.0.23:40755|priority:1, 5b5f8b8b-8220-4f48-a75a-691d0ac2ee29|rpc:10.1.0.23:38439|priority:0], old=null
2022-08-03 01:57:25,617 [pool-544-thread-1] INFO  server.RaftServer$Division (RaftServerImpl.java:setRole(299)) - 49c4bd74-e934-49fb-9588-8a6634b350da@group-51BEAE15605F: changes role from      null to FOLLOWER at term 0 for startAsFollower
2022-08-03 01:57:25,617 [pool-544-thread-1] INFO  impl.RoleInfo (RoleInfo.java:updateAndGet(139)) - 49c4bd74-e934-49fb-9588-8a6634b350da: start 49c4bd74-e934-49fb-9588-8a6634b350da@group-51BEAE15605F-FollowerState
2022-08-03 01:57:25,618 [pool-590-thread-1] INFO  server.RaftServerConfigKeys (ConfUtils.java:logGet(46)) - raft.server.log.segment.cache.num.max = 2 (custom)
2022-08-03 01:57:25,618 [pool-590-thread-1] INFO  server.RaftServerConfigKeys (ConfUtils.java:logGet(46)) - raft.server.log.segment.cache.size.max = 200MB (=209715200) (default)
2022-08-03 01:57:25,618 [pool-590-thread-1] INFO  segmented.SegmentedRaftLogWorker (SegmentedRaftLogWorker.java:<init>(187)) - new a4799b55-2371-4bfe-9a20-b87f9c8dba04@group-51BEAE15605F-SegmentedRaftLogWorker for RaftStorageImpl:Storage Directory /home/runner/work/ozone/ozone/hadoop-ozone/integration-test/target/test-dir/MiniOzoneClusterImpl-4c229dde-e64f-42f3-a5ee-349c50f14821/datanode-2/data/ratis/08b2a85d-f35a-410e-84c7-51beae15605f
2022-08-03 01:57:25,618 [pool-590-thread-1] INFO  server.RaftServerConfigKeys (ConfUtils.java:logGet(46)) - raft.server.log.queue.byte-limit = 4294967296 (custom)
2022-08-03 01:57:25,618 [pool-590-thread-1] INFO  server.RaftServerConfigKeys (ConfUtils.java:logGet(46)) - raft.server.log.queue.element-limit = 1024 (custom)
2022-08-03 01:57:25,618 [pool-590-thread-1] INFO  server.RaftServerConfigKeys (ConfUtils.java:logGet(46)) - raft.server.log.segment.size.max = 1048576 (custom)
2022-08-03 01:57:25,618 [pool-590-thread-1] INFO  server.RaftServerConfigKeys (ConfUtils.java:logGet(46)) - raft.server.log.preallocated.size = 16384 (custom)
2022-08-03 01:57:25,618 [pool-590-thread-1] INFO  server.RaftServerConfigKeys (ConfUtils.java:logGet(46)) - raft.server.log.force.sync.num = 128 (default)
2022-08-03 01:57:25,618 [pool-590-thread-1] INFO  server.RaftServerConfigKeys (ConfUtils.java:logGet(46)) - raft.server.log.statemachine.data.sync = true (default)
2022-08-03 01:57:25,618 [pool-590-thread-1] INFO  server.RaftServerConfigKeys (ConfUtils.java:logGet(46)) - raft.server.log.statemachine.data.sync.timeout = 10s (default)
2022-08-03 01:57:25,618 [pool-590-thread-1] INFO  server.RaftServerConfigKeys (ConfUtils.java:logGet(46)) - raft.server.log.statemachine.data.sync.timeout.retry = -1 (default)
2022-08-03 01:57:25,623 [pool-544-thread-1] INFO  util.JmxRegister (JmxRegister.java:tryRegister(44)) - Successfully registered JMX Bean with object name Ratis:service=RaftServer,group=group-51BEAE15605F,id=49c4bd74-e934-49fb-9588-8a6634b350da
2022-08-03 01:57:25,625 [pool-590-thread-1] INFO  server.RaftServerConfigKeys (ConfUtils.java:logGet(46)) - raft.server.log.write.buffer.size = 1048576 (custom)
2022-08-03 01:57:25,625 [pool-590-thread-1] INFO  server.RaftServerConfigKeys (ConfUtils.java:logGet(46)) - raft.server.log.unsafe-flush.enabled = false (default)
2022-08-03 01:57:25,625 [pool-590-thread-1] INFO  server.RaftServerConfigKeys (ConfUtils.java:logGet(46)) - raft.server.log.statemachine.data.caching.enabled = true (custom)
2022-08-03 01:57:25,625 [pool-590-thread-1] INFO  segmented.SegmentedRaftLogWorker (SegmentedRaftLogWorker.java:lambda$new$0(135)) - a4799b55-2371-4bfe-9a20-b87f9c8dba04@group-51BEAE15605F-SegmentedRaftLogWorker: flushIndex: setUnconditionally 0 -> -1
2022-08-03 01:57:25,625 [pool-590-thread-1] INFO  segmented.SegmentedRaftLogWorker (SegmentedRaftLogWorker.java:lambda$new$0(135)) - a4799b55-2371-4bfe-9a20-b87f9c8dba04@group-51BEAE15605F-SegmentedRaftLogWorker: safeCacheEvictIndex: setUnconditionally 0 -> -1
2022-08-03 01:57:25,625 [Command processor thread] INFO  ratis.XceiverServerRatis (XceiverServerRatis.java:addGroup(765)) - Created group PipelineID=08b2a85d-f35a-410e-84c7-51beae15605f
2022-08-03 01:57:25,647 [pool-590-thread-1] INFO  server.RaftServerConfigKeys (ConfUtils.java:logGet(46)) - raft.server.snapshot.auto.trigger.enabled = true (custom)
2022-08-03 01:57:25,647 [pool-590-thread-1] INFO  server.RaftServerConfigKeys (ConfUtils.java:logGet(46)) - raft.server.snapshot.auto.trigger.threshold = 10000 (custom)
2022-08-03 01:57:25,647 [pool-590-thread-1] INFO  server.RaftServerConfigKeys (ConfUtils.java:logGet(46)) - raft.server.snapshot.retention.file.num = 5 (custom)
2022-08-03 01:57:25,647 [pool-590-thread-1] INFO  server.RaftServerConfigKeys (ConfUtils.java:logGet(46)) - raft.server.log.purge.upto.snapshot.index = false (default)
2022-08-03 01:57:25,647 [pool-590-thread-1] INFO  server.RaftServerConfigKeys (ConfUtils.java:logGet(46)) - raft.server.retrycache.expirytime = 600000ms (custom)
2022-08-03 01:57:25,647 [pool-590-thread-1] INFO  server.RaftServerConfigKeys (ConfUtils.java:logGet(46)) - raft.server.retrycache.statistics.expirytime = 100μs (default)
2022-08-03 01:57:25,648 [pool-590-thread-1] INFO  server.RaftServerConfigKeys (ConfUtils.java:logGet(46)) - raft.server.log.appender.install.snapshot.enabled = false (custom)
2022-08-03 01:57:25,648 [pool-590-thread-1] INFO  server.RaftServerConfigKeys (ConfUtils.java:logGet(46)) - raft.server.threadpool.server.cached = true (default)
2022-08-03 01:57:25,648 [pool-590-thread-1] INFO  server.RaftServerConfigKeys (ConfUtils.java:logGet(46)) - raft.server.threadpool.server.size = 0 (default)
2022-08-03 01:57:25,648 [pool-590-thread-1] INFO  server.RaftServerConfigKeys (ConfUtils.java:logGet(46)) - raft.server.threadpool.client.cached = true (default)
2022-08-03 01:57:25,649 [pool-590-thread-1] INFO  server.RaftServerConfigKeys (ConfUtils.java:logGet(46)) - raft.server.threadpool.client.size = 0 (default)
2022-08-03 01:57:25,649 [pool-590-thread-1] INFO  server.RaftServer$Division (RaftServerImpl.java:start(310)) - a4799b55-2371-4bfe-9a20-b87f9c8dba04@group-51BEAE15605F: start as a follower, conf=-1: [49c4bd74-e934-49fb-9588-8a6634b350da|rpc:10.1.0.23:44111|priority:0, a4799b55-2371-4bfe-9a20-b87f9c8dba04|rpc:10.1.0.23:40755|priority:1, 5b5f8b8b-8220-4f48-a75a-691d0ac2ee29|rpc:10.1.0.23:38439|priority:0], old=null
2022-08-03 01:57:25,649 [pool-590-thread-1] INFO  server.RaftServer$Division (RaftServerImpl.java:setRole(299)) - a4799b55-2371-4bfe-9a20-b87f9c8dba04@group-51BEAE15605F: changes role from      null to FOLLOWER at term 0 for startAsFollower
2022-08-03 01:57:25,649 [pool-590-thread-1] INFO  impl.RoleInfo (RoleInfo.java:updateAndGet(139)) - a4799b55-2371-4bfe-9a20-b87f9c8dba04: start a4799b55-2371-4bfe-9a20-b87f9c8dba04@group-51BEAE15605F-FollowerState
2022-08-03 01:57:25,659 [pool-590-thread-1] INFO  util.JmxRegister (JmxRegister.java:tryRegister(44)) - Successfully registered JMX Bean with object name Ratis:service=RaftServer,group=group-51BEAE15605F,id=a4799b55-2371-4bfe-9a20-b87f9c8dba04
2022-08-03 01:57:25,669 [Command processor thread] INFO  ratis.XceiverServerRatis (XceiverServerRatis.java:addGroup(765)) - Created group PipelineID=08b2a85d-f35a-410e-84c7-51beae15605f
2022-08-03 01:57:25,673 [grpc-default-executor-0] INFO  server.RaftServer (RaftServerProxy.java:addNew(96)) - 5b5f8b8b-8220-4f48-a75a-691d0ac2ee29: addNew group-51BEAE15605F:[49c4bd74-e934-49fb-9588-8a6634b350da|rpc:10.1.0.23:44111|dataStream:|priority:0, a4799b55-2371-4bfe-9a20-b87f9c8dba04|rpc:10.1.0.23:40755|dataStream:|priority:1, 5b5f8b8b-8220-4f48-a75a-691d0ac2ee29|rpc:10.1.0.23:38439|dataStream:|priority:0] returns group-51BEAE15605F:java.util.concurrent.CompletableFuture@6c6c70f7[Not completed]
2022-08-03 01:57:25,674 [pool-567-thread-1] INFO  server.RaftServer$Division (RaftServerImpl.java:<init>(190)) - 5b5f8b8b-8220-4f48-a75a-691d0ac2ee29: new RaftServerImpl for group-51BEAE15605F:[49c4bd74-e934-49fb-9588-8a6634b350da|rpc:10.1.0.23:44111|dataStream:|priority:0, a4799b55-2371-4bfe-9a20-b87f9c8dba04|rpc:10.1.0.23:40755|dataStream:|priority:1, 5b5f8b8b-8220-4f48-a75a-691d0ac2ee29|rpc:10.1.0.23:38439|dataStream:|priority:0] with ContainerStateMachine:uninitialized
2022-08-03 01:57:25,674 [pool-567-thread-1] INFO  server.RaftServerConfigKeys (ConfUtils.java:logGet(46)) - raft.server.rpc.timeout.min = 5s (custom)
2022-08-03 01:57:25,674 [pool-567-thread-1] INFO  server.RaftServerConfigKeys (ConfUtils.java:logGet(46)) - raft.server.rpc.timeout.max = 5200ms (custom)
2022-08-03 01:57:25,674 [pool-567-thread-1] INFO  server.RaftServerConfigKeys (ConfUtils.java:logGet(46)) - raft.server.rpc.sleep.time = 25ms (default)
2022-08-03 01:57:25,674 [pool-567-thread-1] INFO  server.RaftServerConfigKeys (ConfUtils.java:logGet(46)) - raft.server.rpc.slowness.timeout = 300s (custom)
2022-08-03 01:57:25,675 [pool-567-thread-1] INFO  server.RaftServerConfigKeys (ConfUtils.java:logGet(46)) - raft.server.leaderelection.leader.step-down.wait-time = 10s (default)
2022-08-03 01:57:25,675 [pool-567-thread-1] INFO  server.RaftServerConfigKeys (ConfUtils.java:logGet(46)) - raft.server.sleep.deviation.threshold = 300ms (default)
2022-08-03 01:57:25,675 [pool-567-thread-1] INFO  server.RaftServer$Division (ServerState.java:<init>(107)) - 5b5f8b8b-8220-4f48-a75a-691d0ac2ee29@group-51BEAE15605F: ConfigurationManager, init=-1: [49c4bd74-e934-49fb-9588-8a6634b350da|rpc:10.1.0.23:44111|dataStream:|priority:0, a4799b55-2371-4bfe-9a20-b87f9c8dba04|rpc:10.1.0.23:40755|dataStream:|priority:1, 5b5f8b8b-8220-4f48-a75a-691d0ac2ee29|rpc:10.1.0.23:38439|dataStream:|priority:0], old=null, confs=<EMPTY_MAP>
2022-08-03 01:57:25,675 [pool-567-thread-1] INFO  server.RaftServerConfigKeys (ConfUtils.java:logGet(46)) - raft.server.storage.dir = [/home/runner/work/ozone/ozone/hadoop-ozone/integration-test/target/test-dir/MiniOzoneClusterImpl-4c229dde-e64f-42f3-a5ee-349c50f14821/datanode-1/data/ratis] (custom)
2022-08-03 01:57:25,675 [pool-567-thread-1] INFO  server.RaftServerConfigKeys (ConfUtils.java:logGet(46)) - raft.server.log.corruption.policy = EXCEPTION (default)
2022-08-03 01:57:25,675 [pool-567-thread-1] INFO  server.RaftServerConfigKeys (ConfUtils.java:logGet(46)) - raft.server.storage.free-space.min = 0MB (=0) (default)
2022-08-03 01:57:25,675 [pool-567-thread-1] INFO  storage.RaftStorageDirectory (RaftStorageDirectoryImpl.java:analyzeStorage(135)) - The storage directory /home/runner/work/ozone/ozone/hadoop-ozone/integration-test/target/test-dir/MiniOzoneClusterImpl-4c229dde-e64f-42f3-a5ee-349c50f14821/datanode-1/data/ratis/08b2a85d-f35a-410e-84c7-51beae15605f does not exist. Creating ...
2022-08-03 01:57:25,677 [pool-567-thread-1] INFO  storage.RaftStorageDirectory (RaftStorageDirectoryImpl.java:tryLock(230)) - Lock on /home/runner/work/ozone/ozone/hadoop-ozone/integration-test/target/test-dir/MiniOzoneClusterImpl-4c229dde-e64f-42f3-a5ee-349c50f14821/datanode-1/data/ratis/08b2a85d-f35a-410e-84c7-51beae15605f/in_use.lock acquired by nodename 17687@fv-az199-929
2022-08-03 01:57:25,678 [pool-567-thread-1] INFO  storage.RaftStorage (RaftStorageImpl.java:format(89)) - Storage directory /home/runner/work/ozone/ozone/hadoop-ozone/integration-test/target/test-dir/MiniOzoneClusterImpl-4c229dde-e64f-42f3-a5ee-349c50f14821/datanode-1/data/ratis/08b2a85d-f35a-410e-84c7-51beae15605f has been successfully formatted.
2022-08-03 01:57:25,678 [pool-567-thread-1] INFO  ratis.ContainerStateMachine (ContainerStateMachine.java:loadSnapshot(236)) - group-51BEAE15605F: The snapshot info is null. Setting the last applied indexto:(t:0, i:~)
2022-08-03 01:57:25,681 [pool-567-thread-1] INFO  server.RaftServerConfigKeys (ConfUtils.java:logGet(46)) - raft.server.notification.no-leader.timeout = 300s (custom)
2022-08-03 01:57:25,681 [pool-567-thread-1] INFO  server.RaftServerConfigKeys (ConfUtils.java:logGet(46)) - raft.server.log.use.memory = false (default)
2022-08-03 01:57:25,681 [pool-567-thread-1] INFO  server.RaftServerConfigKeys (ConfUtils.java:logGet(46)) - raft.server.log.purge.gap = 1000000 (custom)
2022-08-03 01:57:25,683 [pool-567-thread-1] INFO  server.RaftServerConfigKeys (ConfUtils.java:logGet(46)) - raft.server.log.appender.buffer.byte-limit = 33554432 (custom)
2022-08-03 01:57:25,683 [pool-567-thread-1] INFO  server.RaftServerConfigKeys (ConfUtils.java:logGet(46)) - raft.server.log.statemachine.data.read.timeout = 1000ms (default)
2022-08-03 01:57:25,684 [pool-567-thread-1] INFO  server.RaftServerConfigKeys (ConfUtils.java:logGet(46)) - raft.server.log.segment.size.max = 1048576 (custom)
2022-08-03 01:57:25,692 [pool-567-thread-1] INFO  server.RaftServerConfigKeys (ConfUtils.java:logGet(46)) - raft.server.log.segment.cache.num.max = 2 (custom)
2022-08-03 01:57:25,692 [pool-567-thread-1] INFO  server.RaftServerConfigKeys (ConfUtils.java:logGet(46)) - raft.server.log.segment.cache.size.max = 200MB (=209715200) (default)
2022-08-03 01:57:25,693 [pool-567-thread-1] INFO  segmented.SegmentedRaftLogWorker (SegmentedRaftLogWorker.java:<init>(187)) - new 5b5f8b8b-8220-4f48-a75a-691d0ac2ee29@group-51BEAE15605F-SegmentedRaftLogWorker for RaftStorageImpl:Storage Directory /home/runner/work/ozone/ozone/hadoop-ozone/integration-test/target/test-dir/MiniOzoneClusterImpl-4c229dde-e64f-42f3-a5ee-349c50f14821/datanode-1/data/ratis/08b2a85d-f35a-410e-84c7-51beae15605f
2022-08-03 01:57:25,693 [pool-567-thread-1] INFO  server.RaftServerConfigKeys (ConfUtils.java:logGet(46)) - raft.server.log.queue.byte-limit = 4294967296 (custom)
2022-08-03 01:57:25,693 [pool-567-thread-1] INFO  server.RaftServerConfigKeys (ConfUtils.java:logGet(46)) - raft.server.log.queue.element-limit = 1024 (custom)
2022-08-03 01:57:25,694 [pool-567-thread-1] INFO  server.RaftServerConfigKeys (ConfUtils.java:logGet(46)) - raft.server.log.segment.size.max = 1048576 (custom)
2022-08-03 01:57:25,694 [pool-567-thread-1] INFO  server.RaftServerConfigKeys (ConfUtils.java:logGet(46)) - raft.server.log.preallocated.size = 16384 (custom)
2022-08-03 01:57:25,694 [pool-567-thread-1] INFO  server.RaftServerConfigKeys (ConfUtils.java:logGet(46)) - raft.server.log.force.sync.num = 128 (default)
2022-08-03 01:57:25,694 [pool-567-thread-1] INFO  server.RaftServerConfigKeys (ConfUtils.java:logGet(46)) - raft.server.log.statemachine.data.sync = true (default)
2022-08-03 01:57:25,694 [pool-567-thread-1] INFO  server.RaftServerConfigKeys (ConfUtils.java:logGet(46)) - raft.server.log.statemachine.data.sync.timeout = 10s (default)
2022-08-03 01:57:25,694 [pool-567-thread-1] INFO  server.RaftServerConfigKeys (ConfUtils.java:logGet(46)) - raft.server.log.statemachine.data.sync.timeout.retry = -1 (default)
2022-08-03 01:57:25,700 [pool-567-thread-1] INFO  server.RaftServerConfigKeys (ConfUtils.java:logGet(46)) - raft.server.log.write.buffer.size = 1048576 (custom)
2022-08-03 01:57:25,701 [pool-567-thread-1] INFO  server.RaftServerConfigKeys (ConfUtils.java:logGet(46)) - raft.server.log.unsafe-flush.enabled = false (default)
2022-08-03 01:57:25,701 [pool-567-thread-1] INFO  server.RaftServerConfigKeys (ConfUtils.java:logGet(46)) - raft.server.log.statemachine.data.caching.enabled = true (custom)
2022-08-03 01:57:25,701 [pool-567-thread-1] INFO  segmented.SegmentedRaftLogWorker (SegmentedRaftLogWorker.java:lambda$new$0(135)) - 5b5f8b8b-8220-4f48-a75a-691d0ac2ee29@group-51BEAE15605F-SegmentedRaftLogWorker: flushIndex: setUnconditionally 0 -> -1
2022-08-03 01:57:25,702 [pool-567-thread-1] INFO  segmented.SegmentedRaftLogWorker (SegmentedRaftLogWorker.java:lambda$new$0(135)) - 5b5f8b8b-8220-4f48-a75a-691d0ac2ee29@group-51BEAE15605F-SegmentedRaftLogWorker: safeCacheEvictIndex: setUnconditionally 0 -> -1
2022-08-03 01:57:25,731 [pool-567-thread-1] INFO  server.RaftServerConfigKeys (ConfUtils.java:logGet(46)) - raft.server.snapshot.auto.trigger.enabled = true (custom)
2022-08-03 01:57:25,732 [pool-567-thread-1] INFO  server.RaftServerConfigKeys (ConfUtils.java:logGet(46)) - raft.server.snapshot.auto.trigger.threshold = 10000 (custom)
2022-08-03 01:57:25,732 [pool-567-thread-1] INFO  server.RaftServerConfigKeys (ConfUtils.java:logGet(46)) - raft.server.snapshot.retention.file.num = 5 (custom)
2022-08-03 01:57:25,732 [pool-567-thread-1] INFO  server.RaftServerConfigKeys (ConfUtils.java:logGet(46)) - raft.server.log.purge.upto.snapshot.index = false (default)
2022-08-03 01:57:25,732 [pool-567-thread-1] INFO  server.RaftServerConfigKeys (ConfUtils.java:logGet(46)) - raft.server.retrycache.expirytime = 600000ms (custom)
2022-08-03 01:57:25,732 [pool-567-thread-1] INFO  server.RaftServerConfigKeys (ConfUtils.java:logGet(46)) - raft.server.retrycache.statistics.expirytime = 100μs (default)
2022-08-03 01:57:25,733 [pool-567-thread-1] INFO  server.RaftServerConfigKeys (ConfUtils.java:logGet(46)) - raft.server.log.appender.install.snapshot.enabled = false (custom)
2022-08-03 01:57:25,733 [pool-567-thread-1] INFO  server.RaftServerConfigKeys (ConfUtils.java:logGet(46)) - raft.server.threadpool.server.cached = true (default)
2022-08-03 01:57:25,733 [pool-567-thread-1] INFO  server.RaftServerConfigKeys (ConfUtils.java:logGet(46)) - raft.server.threadpool.server.size = 0 (default)
2022-08-03 01:57:25,733 [pool-567-thread-1] INFO  server.RaftServerConfigKeys (ConfUtils.java:logGet(46)) - raft.server.threadpool.client.cached = true (default)
2022-08-03 01:57:25,734 [pool-567-thread-1] INFO  server.RaftServerConfigKeys (ConfUtils.java:logGet(46)) - raft.server.threadpool.client.size = 0 (default)
2022-08-03 01:57:25,734 [UnderReplicatedQueueThreadThread] INFO  replication.UnderReplicatedProcessor (UnderReplicatedProcessor.java:processAll(85)) - Processed 0 under replicated containers, failed processing 0
2022-08-03 01:57:25,734 [pool-567-thread-1] INFO  server.RaftServer$Division (RaftServerImpl.java:start(310)) - 5b5f8b8b-8220-4f48-a75a-691d0ac2ee29@group-51BEAE15605F: start as a follower, conf=-1: [49c4bd74-e934-49fb-9588-8a6634b350da|rpc:10.1.0.23:44111|dataStream:|priority:0, a4799b55-2371-4bfe-9a20-b87f9c8dba04|rpc:10.1.0.23:40755|dataStream:|priority:1, 5b5f8b8b-8220-4f48-a75a-691d0ac2ee29|rpc:10.1.0.23:38439|dataStream:|priority:0], old=null
2022-08-03 01:57:25,734 [pool-567-thread-1] INFO  server.RaftServer$Division (RaftServerImpl.java:setRole(299)) - 5b5f8b8b-8220-4f48-a75a-691d0ac2ee29@group-51BEAE15605F: changes role from      null to FOLLOWER at term 0 for startAsFollower
2022-08-03 01:57:25,734 [pool-567-thread-1] INFO  impl.RoleInfo (RoleInfo.java:updateAndGet(139)) - 5b5f8b8b-8220-4f48-a75a-691d0ac2ee29: start 5b5f8b8b-8220-4f48-a75a-691d0ac2ee29@group-51BEAE15605F-FollowerState
2022-08-03 01:57:25,735 [OverReplicatedQueueThreadThread] INFO  replication.OverReplicatedProcessor (OverReplicatedProcessor.java:processAll(83)) - Processed 0 over replicated containers, failed processing 0
2022-08-03 01:57:25,738 [pool-567-thread-1] INFO  util.JmxRegister (JmxRegister.java:tryRegister(44)) - Successfully registered JMX Bean with object name Ratis:service=RaftServer,group=group-51BEAE15605F,id=5b5f8b8b-8220-4f48-a75a-691d0ac2ee29
2022-08-03 01:57:25,829 [IPC Server handler 7 on default port 42151] INFO  net.NetworkTopologyImpl (NetworkTopologyImpl.java:add(112)) - Added a new node: /default-rack/9c10ed74-a603-43ef-8f40-0b476b98a88a
2022-08-03 01:57:25,829 [IPC Server handler 7 on default port 42151] INFO  node.SCMNodeManager (SCMNodeManager.java:register(397)) - Registered Data node : 9c10ed74-a603-43ef-8f40-0b476b98a88a{ip: 10.1.0.23, host: fv-az199-929.piossgaoozdutex3tpy4bgd4ka.dx.internal.cloudapp.net, ports: [REPLICATION=45323, RATIS=39377, RATIS_ADMIN=39377, RATIS_SERVER=39377, STANDALONE=38039], networkLocation: /default-rack, certSerialId: null, persistedOpState: null, persistedOpStateExpiryEpochSec: 0}
2022-08-03 01:57:25,830 [EventQueue-NewNodeForNewNodeHandler] INFO  pipeline.BackgroundPipelineCreator (BackgroundPipelineCreator.java:notifyEventTriggered(276)) - trigger a one-shot run on RatisPipelineUtilsThread.
2022-08-03 01:57:25,830 [RatisPipelineUtilsThread - 0] INFO  pipeline.RatisPipelineProvider (RatisPipelineProvider.java:lambda$create$0(195)) - Sending CreatePipelineCommand for pipeline:PipelineID=75dbd9a4-38fc-45f3-9c5c-0d5eb887036f to datanode:9c10ed74-a603-43ef-8f40-0b476b98a88a
2022-08-03 01:57:25,830 [RatisPipelineUtilsThread - 0] INFO  pipeline.PipelineStateManagerImpl (PipelineStateManagerImpl.java:addPipeline(103)) - Created pipeline Pipeline[ Id: 75dbd9a4-38fc-45f3-9c5c-0d5eb887036f, Nodes: 9c10ed74-a603-43ef-8f40-0b476b98a88a{ip: 10.1.0.23, host: fv-az199-929.piossgaoozdutex3tpy4bgd4ka.dx.internal.cloudapp.net, ports: [REPLICATION=45323, RATIS=39377, RATIS_ADMIN=39377, RATIS_SERVER=39377, STANDALONE=38039], networkLocation: /default-rack, certSerialId: null, persistedOpState: IN_SERVICE, persistedOpStateExpiryEpochSec: 0}, ReplicationConfig: RATIS/ONE, State:ALLOCATED, leaderId:, CreationTimestamp2022-08-03T01:57:25.830Z[Etc/UTC]].
2022-08-03 01:57:25,918 [Listener at 127.0.0.1/36611] INFO  ozone.MiniOzoneClusterImpl (MiniOzoneClusterImpl.java:lambda$waitForClusterToBeReady$0(216)) - Waiting for nodes to be ready. Got 4 of 5 DN Heartbeats.
2022-08-03 01:57:25,919 [Listener at 127.0.0.1/36611] INFO  ozone.MiniOzoneClusterImpl (MiniOzoneClusterImpl.java:lambda$waitForClusterToBeReady$0(219)) - Waiting for cluster to exit safe mode
2022-08-03 01:57:25,919 [Listener at 127.0.0.1/36611] INFO  ozone.MiniOzoneClusterImpl (MiniOzoneClusterImpl.java:lambda$waitForClusterToBeReady$0(221)) - SCM became leader
2022-08-03 01:57:25,929 [Command processor thread] INFO  commandhandler.CreatePipelineCommandHandler (CreatePipelineCommandHandler.java:handle(113)) - Created Pipeline RATIS THREE PipelineID=08b2a85d-f35a-410e-84c7-51beae15605f.
2022-08-03 01:57:25,934 [Command processor thread] INFO  commandhandler.CreatePipelineCommandHandler (CreatePipelineCommandHandler.java:handle(113)) - Created Pipeline RATIS THREE PipelineID=08b2a85d-f35a-410e-84c7-51beae15605f.
2022-08-03 01:57:26,343 [Command processor thread] INFO  server.RaftServer (RaftServerProxy.java:addNew(96)) - 5b5f8b8b-8220-4f48-a75a-691d0ac2ee29: addNew group-DA76049FA090:[5b5f8b8b-8220-4f48-a75a-691d0ac2ee29|rpc:10.1.0.23:38439|priority:1] returns group-DA76049FA090:java.util.concurrent.CompletableFuture@794eae48[Not completed]
2022-08-03 01:57:26,344 [pool-567-thread-1] INFO  server.RaftServer$Division (RaftServerImpl.java:<init>(190)) - 5b5f8b8b-8220-4f48-a75a-691d0ac2ee29: new RaftServerImpl for group-DA76049FA090:[5b5f8b8b-8220-4f48-a75a-691d0ac2ee29|rpc:10.1.0.23:38439|priority:1] with ContainerStateMachine:uninitialized
2022-08-03 01:57:26,344 [pool-567-thread-1] INFO  server.RaftServerConfigKeys (ConfUtils.java:logGet(46)) - raft.server.rpc.timeout.min = 5s (custom)
2022-08-03 01:57:26,344 [pool-567-thread-1] INFO  server.RaftServerConfigKeys (ConfUtils.java:logGet(46)) - raft.server.rpc.timeout.max = 5200ms (custom)
2022-08-03 01:57:26,344 [pool-567-thread-1] INFO  server.RaftServerConfigKeys (ConfUtils.java:logGet(46)) - raft.server.rpc.sleep.time = 25ms (default)
2022-08-03 01:57:26,344 [pool-567-thread-1] INFO  server.RaftServerConfigKeys (ConfUtils.java:logGet(46)) - raft.server.rpc.slowness.timeout = 300s (custom)
2022-08-03 01:57:26,344 [pool-567-thread-1] INFO  server.RaftServerConfigKeys (ConfUtils.java:logGet(46)) - raft.server.leaderelection.leader.step-down.wait-time = 10s (default)
2022-08-03 01:57:26,344 [pool-567-thread-1] INFO  server.RaftServerConfigKeys (ConfUtils.java:logGet(46)) - raft.server.sleep.deviation.threshold = 300ms (default)
2022-08-03 01:57:26,344 [pool-567-thread-1] INFO  server.RaftServer$Division (ServerState.java:<init>(107)) - 5b5f8b8b-8220-4f48-a75a-691d0ac2ee29@group-DA76049FA090: ConfigurationManager, init=-1: [5b5f8b8b-8220-4f48-a75a-691d0ac2ee29|rpc:10.1.0.23:38439|priority:1], old=null, confs=<EMPTY_MAP>
2022-08-03 01:57:26,344 [pool-567-thread-1] INFO  server.RaftServerConfigKeys (ConfUtils.java:logGet(46)) - raft.server.storage.dir = [/home/runner/work/ozone/ozone/hadoop-ozone/integration-test/target/test-dir/MiniOzoneClusterImpl-4c229dde-e64f-42f3-a5ee-349c50f14821/datanode-1/data/ratis] (custom)
2022-08-03 01:57:26,345 [pool-567-thread-1] INFO  server.RaftServerConfigKeys (ConfUtils.java:logGet(46)) - raft.server.log.corruption.policy = EXCEPTION (default)
2022-08-03 01:57:26,345 [pool-567-thread-1] INFO  server.RaftServerConfigKeys (ConfUtils.java:logGet(46)) - raft.server.storage.free-space.min = 0MB (=0) (default)
2022-08-03 01:57:26,345 [pool-567-thread-1] INFO  storage.RaftStorageDirectory (RaftStorageDirectoryImpl.java:analyzeStorage(135)) - The storage directory /home/runner/work/ozone/ozone/hadoop-ozone/integration-test/target/test-dir/MiniOzoneClusterImpl-4c229dde-e64f-42f3-a5ee-349c50f14821/datanode-1/data/ratis/cadf84f5-c510-4c90-b9b3-da76049fa090 does not exist. Creating ...
2022-08-03 01:57:26,352 [pool-567-thread-1] INFO  storage.RaftStorageDirectory (RaftStorageDirectoryImpl.java:tryLock(230)) - Lock on /home/runner/work/ozone/ozone/hadoop-ozone/integration-test/target/test-dir/MiniOzoneClusterImpl-4c229dde-e64f-42f3-a5ee-349c50f14821/datanode-1/data/ratis/cadf84f5-c510-4c90-b9b3-da76049fa090/in_use.lock acquired by nodename 17687@fv-az199-929
2022-08-03 01:57:26,357 [pool-567-thread-1] INFO  storage.RaftStorage (RaftStorageImpl.java:format(89)) - Storage directory /home/runner/work/ozone/ozone/hadoop-ozone/integration-test/target/test-dir/MiniOzoneClusterImpl-4c229dde-e64f-42f3-a5ee-349c50f14821/datanode-1/data/ratis/cadf84f5-c510-4c90-b9b3-da76049fa090 has been successfully formatted.
2022-08-03 01:57:26,358 [pool-567-thread-1] INFO  ratis.ContainerStateMachine (ContainerStateMachine.java:loadSnapshot(236)) - group-DA76049FA090: The snapshot info is null. Setting the last applied indexto:(t:0, i:~)
2022-08-03 01:57:26,358 [pool-567-thread-1] INFO  server.RaftServerConfigKeys (ConfUtils.java:logGet(46)) - raft.server.notification.no-leader.timeout = 300s (custom)
2022-08-03 01:57:26,358 [pool-567-thread-1] INFO  server.RaftServerConfigKeys (ConfUtils.java:logGet(46)) - raft.server.log.use.memory = false (default)
2022-08-03 01:57:26,364 [pool-567-thread-1] INFO  server.RaftServerConfigKeys (ConfUtils.java:logGet(46)) - raft.server.log.purge.gap = 1000000 (custom)
2022-08-03 01:57:26,364 [pool-567-thread-1] INFO  server.RaftServerConfigKeys (ConfUtils.java:logGet(46)) - raft.server.log.appender.buffer.byte-limit = 33554432 (custom)
2022-08-03 01:57:26,365 [pool-567-thread-1] INFO  server.RaftServerConfigKeys (ConfUtils.java:logGet(46)) - raft.server.log.statemachine.data.read.timeout = 1000ms (default)
2022-08-03 01:57:26,365 [pool-567-thread-1] INFO  server.RaftServerConfigKeys (ConfUtils.java:logGet(46)) - raft.server.log.segment.size.max = 1048576 (custom)
2022-08-03 01:57:26,365 [pool-567-thread-1] INFO  server.RaftServerConfigKeys (ConfUtils.java:logGet(46)) - raft.server.log.segment.cache.num.max = 2 (custom)
2022-08-03 01:57:26,365 [pool-567-thread-1] INFO  server.RaftServerConfigKeys (ConfUtils.java:logGet(46)) - raft.server.log.segment.cache.size.max = 200MB (=209715200) (default)
2022-08-03 01:57:26,365 [pool-567-thread-1] INFO  segmented.SegmentedRaftLogWorker (SegmentedRaftLogWorker.java:<init>(187)) - new 5b5f8b8b-8220-4f48-a75a-691d0ac2ee29@group-DA76049FA090-SegmentedRaftLogWorker for RaftStorageImpl:Storage Directory /home/runner/work/ozone/ozone/hadoop-ozone/integration-test/target/test-dir/MiniOzoneClusterImpl-4c229dde-e64f-42f3-a5ee-349c50f14821/datanode-1/data/ratis/cadf84f5-c510-4c90-b9b3-da76049fa090
2022-08-03 01:57:26,365 [pool-567-thread-1] INFO  server.RaftServerConfigKeys (ConfUtils.java:logGet(46)) - raft.server.log.queue.byte-limit = 4294967296 (custom)
2022-08-03 01:57:26,365 [pool-567-thread-1] INFO  server.RaftServerConfigKeys (ConfUtils.java:logGet(46)) - raft.server.log.queue.element-limit = 1024 (custom)
2022-08-03 01:57:26,365 [pool-567-thread-1] INFO  server.RaftServerConfigKeys (ConfUtils.java:logGet(46)) - raft.server.log.segment.size.max = 1048576 (custom)
2022-08-03 01:57:26,366 [pool-567-thread-1] INFO  server.RaftServerConfigKeys (ConfUtils.java:logGet(46)) - raft.server.log.preallocated.size = 16384 (custom)
2022-08-03 01:57:26,366 [pool-567-thread-1] INFO  server.RaftServerConfigKeys (ConfUtils.java:logGet(46)) - raft.server.log.force.sync.num = 128 (default)
2022-08-03 01:57:26,366 [pool-567-thread-1] INFO  server.RaftServerConfigKeys (ConfUtils.java:logGet(46)) - raft.server.log.statemachine.data.sync = true (default)
2022-08-03 01:57:26,366 [pool-567-thread-1] INFO  server.RaftServerConfigKeys (ConfUtils.java:logGet(46)) - raft.server.log.statemachine.data.sync.timeout = 10s (default)
2022-08-03 01:57:26,366 [pool-567-thread-1] INFO  server.RaftServerConfigKeys (ConfUtils.java:logGet(46)) - raft.server.log.statemachine.data.sync.timeout.retry = -1 (default)
2022-08-03 01:57:26,368 [EventQueue-PipelineReportForPipelineReportHandler] INFO  pipeline.PipelineManagerImpl (PipelineManagerImpl.java:openPipeline(367)) - Pipeline Pipeline[ Id: cadf84f5-c510-4c90-b9b3-da76049fa090, Nodes: 5b5f8b8b-8220-4f48-a75a-691d0ac2ee29{ip: 10.1.0.23, host: fv-az199-929.piossgaoozdutex3tpy4bgd4ka.dx.internal.cloudapp.net, ports: [REPLICATION=46813, RATIS=38439, RATIS_ADMIN=38439, RATIS_SERVER=38439, STANDALONE=33653], networkLocation: /default-rack, certSerialId: null, persistedOpState: IN_SERVICE, persistedOpStateExpiryEpochSec: 0}, ReplicationConfig: RATIS/ONE, State:ALLOCATED, leaderId:5b5f8b8b-8220-4f48-a75a-691d0ac2ee29, CreationTimestamp2022-08-03T01:57:23.360Z[Etc/UTC]] moved to OPEN state
2022-08-03 01:57:26,372 [EventQueue-OpenPipelineForHealthyPipelineSafeModeRule] INFO  safemode.SCMSafeModeManager (HealthyPipelineSafeModeRule.java:process(137)) - SCM in safe mode. Healthy pipelines reported count is 0, required healthy pipeline reported count is 1
2022-08-03 01:57:26,374 [pool-567-thread-1] INFO  server.RaftServerConfigKeys (ConfUtils.java:logGet(46)) - raft.server.log.write.buffer.size = 1048576 (custom)
2022-08-03 01:57:26,374 [pool-567-thread-1] INFO  server.RaftServerConfigKeys (ConfUtils.java:logGet(46)) - raft.server.log.unsafe-flush.enabled = false (default)
2022-08-03 01:57:26,374 [pool-567-thread-1] INFO  server.RaftServerConfigKeys (ConfUtils.java:logGet(46)) - raft.server.log.statemachine.data.caching.enabled = true (custom)
2022-08-03 01:57:26,375 [pool-567-thread-1] INFO  segmented.SegmentedRaftLogWorker (SegmentedRaftLogWorker.java:lambda$new$0(135)) - 5b5f8b8b-8220-4f48-a75a-691d0ac2ee29@group-DA76049FA090-SegmentedRaftLogWorker: flushIndex: setUnconditionally 0 -> -1
2022-08-03 01:57:26,375 [pool-567-thread-1] INFO  segmented.SegmentedRaftLogWorker (SegmentedRaftLogWorker.java:lambda$new$0(135)) - 5b5f8b8b-8220-4f48-a75a-691d0ac2ee29@group-DA76049FA090-SegmentedRaftLogWorker: safeCacheEvictIndex: setUnconditionally 0 -> -1
2022-08-03 01:57:26,389 [pool-567-thread-1] INFO  server.RaftServerConfigKeys (ConfUtils.java:logGet(46)) - raft.server.snapshot.auto.trigger.enabled = true (custom)
2022-08-03 01:57:26,389 [pool-567-thread-1] INFO  server.RaftServerConfigKeys (ConfUtils.java:logGet(46)) - raft.server.snapshot.auto.trigger.threshold = 10000 (custom)
2022-08-03 01:57:26,389 [pool-567-thread-1] INFO  server.RaftServerConfigKeys (ConfUtils.java:logGet(46)) - raft.server.snapshot.retention.file.num = 5 (custom)
2022-08-03 01:57:26,389 [pool-567-thread-1] INFO  server.RaftServerConfigKeys (ConfUtils.java:logGet(46)) - raft.server.log.purge.upto.snapshot.index = false (default)
2022-08-03 01:57:26,389 [pool-567-thread-1] INFO  server.RaftServerConfigKeys (ConfUtils.java:logGet(46)) - raft.server.retrycache.expirytime = 600000ms (custom)
2022-08-03 01:57:26,389 [pool-567-thread-1] INFO  server.RaftServerConfigKeys (ConfUtils.java:logGet(46)) - raft.server.retrycache.statistics.expirytime = 100μs (default)
2022-08-03 01:57:26,390 [pool-567-thread-1] INFO  server.RaftServerConfigKeys (ConfUtils.java:logGet(46)) - raft.server.log.appender.install.snapshot.enabled = false (custom)
2022-08-03 01:57:26,391 [pool-567-thread-1] INFO  server.RaftServerConfigKeys (ConfUtils.java:logGet(46)) - raft.server.threadpool.server.cached = true (default)
2022-08-03 01:57:26,391 [pool-567-thread-1] INFO  server.RaftServerConfigKeys (ConfUtils.java:logGet(46)) - raft.server.threadpool.server.size = 0 (default)
2022-08-03 01:57:26,391 [pool-567-thread-1] INFO  server.RaftServerConfigKeys (ConfUtils.java:logGet(46)) - raft.server.threadpool.client.cached = true (default)
2022-08-03 01:57:26,391 [pool-567-thread-1] INFO  server.RaftServerConfigKeys (ConfUtils.java:logGet(46)) - raft.server.threadpool.client.size = 0 (default)
2022-08-03 01:57:26,391 [pool-567-thread-1] INFO  server.RaftServer$Division (RaftServerImpl.java:start(310)) - 5b5f8b8b-8220-4f48-a75a-691d0ac2ee29@group-DA76049FA090: start as a follower, conf=-1: [5b5f8b8b-8220-4f48-a75a-691d0ac2ee29|rpc:10.1.0.23:38439|priority:1], old=null
2022-08-03 01:57:26,391 [pool-567-thread-1] INFO  server.RaftServer$Division (RaftServerImpl.java:setRole(299)) - 5b5f8b8b-8220-4f48-a75a-691d0ac2ee29@group-DA76049FA090: changes role from      null to FOLLOWER at term 0 for startAsFollower
2022-08-03 01:57:26,391 [pool-567-thread-1] INFO  impl.RoleInfo (RoleInfo.java:updateAndGet(139)) - 5b5f8b8b-8220-4f48-a75a-691d0ac2ee29: start 5b5f8b8b-8220-4f48-a75a-691d0ac2ee29@group-DA76049FA090-FollowerState
2022-08-03 01:57:26,400 [pool-567-thread-1] INFO  util.JmxRegister (JmxRegister.java:tryRegister(44)) - Successfully registered JMX Bean with object name Ratis:service=RaftServer,group=group-DA76049FA090,id=5b5f8b8b-8220-4f48-a75a-691d0ac2ee29
2022-08-03 01:57:26,405 [Command processor thread] INFO  ratis.XceiverServerRatis (XceiverServerRatis.java:addGroup(765)) - Created group PipelineID=cadf84f5-c510-4c90-b9b3-da76049fa090
2022-08-03 01:57:26,405 [Command processor thread] INFO  commandhandler.CreatePipelineCommandHandler (CreatePipelineCommandHandler.java:handle(113)) - Created Pipeline RATIS ONE PipelineID=cadf84f5-c510-4c90-b9b3-da76049fa090.
2022-08-03 01:57:26,919 [Listener at 127.0.0.1/36611] INFO  ozone.MiniOzoneClusterImpl (MiniOzoneClusterImpl.java:lambda$waitForClusterToBeReady$0(216)) - Waiting for nodes to be ready. Got 4 of 5 DN Heartbeats.
2022-08-03 01:57:26,919 [Listener at 127.0.0.1/36611] INFO  ozone.MiniOzoneClusterImpl (MiniOzoneClusterImpl.java:lambda$waitForClusterToBeReady$0(219)) - Waiting for cluster to exit safe mode
2022-08-03 01:57:26,919 [Listener at 127.0.0.1/36611] INFO  ozone.MiniOzoneClusterImpl (MiniOzoneClusterImpl.java:lambda$waitForClusterToBeReady$0(221)) - SCM became leader
2022-08-03 01:57:26,951 [IPC Server handler 6 on default port 42151] INFO  net.NetworkTopologyImpl (NetworkTopologyImpl.java:add(112)) - Added a new node: /default-rack/22db1ff9-6c75-46ad-94f4-4b7daa3676c7
2022-08-03 01:57:26,951 [IPC Server handler 6 on default port 42151] INFO  node.SCMNodeManager (SCMNodeManager.java:register(397)) - Registered Data node : 22db1ff9-6c75-46ad-94f4-4b7daa3676c7{ip: 10.1.0.23, host: fv-az199-929.piossgaoozdutex3tpy4bgd4ka.dx.internal.cloudapp.net, ports: [REPLICATION=45361, RATIS=36977, RATIS_ADMIN=36977, RATIS_SERVER=36977, STANDALONE=45721], networkLocation: /default-rack, certSerialId: null, persistedOpState: null, persistedOpStateExpiryEpochSec: 0}
2022-08-03 01:57:26,951 [EventQueue-NewNodeForNewNodeHandler] INFO  pipeline.BackgroundPipelineCreator (BackgroundPipelineCreator.java:notifyEventTriggered(276)) - trigger a one-shot run on RatisPipelineUtilsThread.
2022-08-03 01:57:26,952 [RatisPipelineUtilsThread - 0] INFO  pipeline.RatisPipelineProvider (RatisPipelineProvider.java:lambda$create$0(195)) - Sending CreatePipelineCommand for pipeline:PipelineID=350b24c6-7b20-4dbf-9504-eb4b5171d205 to datanode:22db1ff9-6c75-46ad-94f4-4b7daa3676c7
2022-08-03 01:57:26,953 [RatisPipelineUtilsThread - 0] INFO  pipeline.PipelineStateManagerImpl (PipelineStateManagerImpl.java:addPipeline(103)) - Created pipeline Pipeline[ Id: 350b24c6-7b20-4dbf-9504-eb4b5171d205, Nodes: 22db1ff9-6c75-46ad-94f4-4b7daa3676c7{ip: 10.1.0.23, host: fv-az199-929.piossgaoozdutex3tpy4bgd4ka.dx.internal.cloudapp.net, ports: [REPLICATION=45361, RATIS=36977, RATIS_ADMIN=36977, RATIS_SERVER=36977, STANDALONE=45721], networkLocation: /default-rack, certSerialId: null, persistedOpState: IN_SERVICE, persistedOpStateExpiryEpochSec: 0}, ReplicationConfig: RATIS/ONE, State:ALLOCATED, leaderId:, CreationTimestamp2022-08-03T01:57:26.952Z[Etc/UTC]].
2022-08-03 01:57:27,920 [Listener at 127.0.0.1/36611] INFO  ozone.MiniOzoneClusterImpl (MiniOzoneClusterImpl.java:lambda$waitForClusterToBeReady$0(216)) - Nodes are ready. Got 5 of 5 DN Heartbeats.
2022-08-03 01:57:27,920 [Listener at 127.0.0.1/36611] INFO  ozone.MiniOzoneClusterImpl (MiniOzoneClusterImpl.java:lambda$waitForClusterToBeReady$0(219)) - Waiting for cluster to exit safe mode
2022-08-03 01:57:27,920 [Listener at 127.0.0.1/36611] INFO  ozone.MiniOzoneClusterImpl (MiniOzoneClusterImpl.java:lambda$waitForClusterToBeReady$0(221)) - SCM became leader
2022-08-03 01:57:28,844 [Command processor thread] INFO  server.RaftServer (RaftServerProxy.java:addNew(96)) - 9c10ed74-a603-43ef-8f40-0b476b98a88a: addNew group-0D5EB887036F:[9c10ed74-a603-43ef-8f40-0b476b98a88a|rpc:10.1.0.23:39377|priority:1] returns group-0D5EB887036F:java.util.concurrent.CompletableFuture@1c4f0d76[Not completed]
2022-08-03 01:57:28,845 [pool-617-thread-1] INFO  server.RaftServer$Division (RaftServerImpl.java:<init>(190)) - 9c10ed74-a603-43ef-8f40-0b476b98a88a: new RaftServerImpl for group-0D5EB887036F:[9c10ed74-a603-43ef-8f40-0b476b98a88a|rpc:10.1.0.23:39377|priority:1] with ContainerStateMachine:uninitialized
2022-08-03 01:57:28,846 [pool-617-thread-1] INFO  server.RaftServerConfigKeys (ConfUtils.java:logGet(46)) - raft.server.rpc.timeout.min = 5s (custom)
2022-08-03 01:57:28,846 [pool-617-thread-1] INFO  server.RaftServerConfigKeys (ConfUtils.java:logGet(46)) - raft.server.rpc.timeout.max = 5200ms (custom)
2022-08-03 01:57:28,846 [pool-617-thread-1] INFO  server.RaftServerConfigKeys (ConfUtils.java:logGet(46)) - raft.server.rpc.sleep.time = 25ms (default)
2022-08-03 01:57:28,846 [pool-617-thread-1] INFO  server.RaftServerConfigKeys (ConfUtils.java:logGet(46)) - raft.server.rpc.slowness.timeout = 300s (custom)
2022-08-03 01:57:28,846 [pool-617-thread-1] INFO  server.RaftServerConfigKeys (ConfUtils.java:logGet(46)) - raft.server.leaderelection.leader.step-down.wait-time = 10s (default)
2022-08-03 01:57:28,846 [pool-617-thread-1] INFO  server.RaftServerConfigKeys (ConfUtils.java:logGet(46)) - raft.server.sleep.deviation.threshold = 300ms (default)
2022-08-03 01:57:28,855 [pool-617-thread-1] INFO  server.RaftServer$Division (ServerState.java:<init>(107)) - 9c10ed74-a603-43ef-8f40-0b476b98a88a@group-0D5EB887036F: ConfigurationManager, init=-1: [9c10ed74-a603-43ef-8f40-0b476b98a88a|rpc:10.1.0.23:39377|priority:1], old=null, confs=<EMPTY_MAP>
2022-08-03 01:57:28,855 [pool-617-thread-1] INFO  server.RaftServerConfigKeys (ConfUtils.java:logGet(46)) - raft.server.storage.dir = [/home/runner/work/ozone/ozone/hadoop-ozone/integration-test/target/test-dir/MiniOzoneClusterImpl-4c229dde-e64f-42f3-a5ee-349c50f14821/datanode-3/data/ratis] (custom)
2022-08-03 01:57:28,855 [pool-617-thread-1] INFO  server.RaftServerConfigKeys (ConfUtils.java:logGet(46)) - raft.server.log.corruption.policy = EXCEPTION (default)
2022-08-03 01:57:28,855 [pool-617-thread-1] INFO  server.RaftServerConfigKeys (ConfUtils.java:logGet(46)) - raft.server.storage.free-space.min = 0MB (=0) (default)
2022-08-03 01:57:28,855 [pool-617-thread-1] INFO  storage.RaftStorageDirectory (RaftStorageDirectoryImpl.java:analyzeStorage(135)) - The storage directory /home/runner/work/ozone/ozone/hadoop-ozone/integration-test/target/test-dir/MiniOzoneClusterImpl-4c229dde-e64f-42f3-a5ee-349c50f14821/datanode-3/data/ratis/75dbd9a4-38fc-45f3-9c5c-0d5eb887036f does not exist. Creating ...
2022-08-03 01:57:28,858 [pool-617-thread-1] INFO  storage.RaftStorageDirectory (RaftStorageDirectoryImpl.java:tryLock(230)) - Lock on /home/runner/work/ozone/ozone/hadoop-ozone/integration-test/target/test-dir/MiniOzoneClusterImpl-4c229dde-e64f-42f3-a5ee-349c50f14821/datanode-3/data/ratis/75dbd9a4-38fc-45f3-9c5c-0d5eb887036f/in_use.lock acquired by nodename 17687@fv-az199-929
2022-08-03 01:57:28,859 [pool-617-thread-1] INFO  storage.RaftStorage (RaftStorageImpl.java:format(89)) - Storage directory /home/runner/work/ozone/ozone/hadoop-ozone/integration-test/target/test-dir/MiniOzoneClusterImpl-4c229dde-e64f-42f3-a5ee-349c50f14821/datanode-3/data/ratis/75dbd9a4-38fc-45f3-9c5c-0d5eb887036f has been successfully formatted.
2022-08-03 01:57:28,861 [pool-617-thread-1] INFO  ratis.ContainerStateMachine (ContainerStateMachine.java:loadSnapshot(236)) - group-0D5EB887036F: The snapshot info is null. Setting the last applied indexto:(t:0, i:~)
2022-08-03 01:57:28,861 [pool-617-thread-1] INFO  server.RaftServerConfigKeys (ConfUtils.java:logGet(46)) - raft.server.notification.no-leader.timeout = 300s (custom)
2022-08-03 01:57:28,861 [pool-617-thread-1] INFO  server.RaftServerConfigKeys (ConfUtils.java:logGet(46)) - raft.server.log.use.memory = false (default)
2022-08-03 01:57:28,861 [pool-617-thread-1] INFO  server.RaftServerConfigKeys (ConfUtils.java:logGet(46)) - raft.server.log.purge.gap = 1000000 (custom)
2022-08-03 01:57:28,861 [pool-617-thread-1] INFO  server.RaftServerConfigKeys (ConfUtils.java:logGet(46)) - raft.server.log.appender.buffer.byte-limit = 33554432 (custom)
2022-08-03 01:57:28,861 [pool-617-thread-1] INFO  server.RaftServerConfigKeys (ConfUtils.java:logGet(46)) - raft.server.log.statemachine.data.read.timeout = 1000ms (default)
2022-08-03 01:57:28,862 [pool-617-thread-1] INFO  server.RaftServerConfigKeys (ConfUtils.java:logGet(46)) - raft.server.log.segment.size.max = 1048576 (custom)
2022-08-03 01:57:28,862 [EventQueue-PipelineReportForPipelineReportHandler] INFO  pipeline.PipelineManagerImpl (PipelineManagerImpl.java:openPipeline(367)) - Pipeline Pipeline[ Id: 75dbd9a4-38fc-45f3-9c5c-0d5eb887036f, Nodes: 9c10ed74-a603-43ef-8f40-0b476b98a88a{ip: 10.1.0.23, host: fv-az199-929.piossgaoozdutex3tpy4bgd4ka.dx.internal.cloudapp.net, ports: [REPLICATION=45323, RATIS=39377, RATIS_ADMIN=39377, RATIS_SERVER=39377, STANDALONE=38039], networkLocation: /default-rack, certSerialId: null, persistedOpState: IN_SERVICE, persistedOpStateExpiryEpochSec: 0}, ReplicationConfig: RATIS/ONE, State:ALLOCATED, leaderId:9c10ed74-a603-43ef-8f40-0b476b98a88a, CreationTimestamp2022-08-03T01:57:25.830Z[Etc/UTC]] moved to OPEN state
2022-08-03 01:57:28,862 [pool-617-thread-1] INFO  server.RaftServerConfigKeys (ConfUtils.java:logGet(46)) - raft.server.log.segment.cache.num.max = 2 (custom)
2022-08-03 01:57:28,862 [pool-617-thread-1] INFO  server.RaftServerConfigKeys (ConfUtils.java:logGet(46)) - raft.server.log.segment.cache.size.max = 200MB (=209715200) (default)
2022-08-03 01:57:28,862 [pool-617-thread-1] INFO  segmented.SegmentedRaftLogWorker (SegmentedRaftLogWorker.java:<init>(187)) - new 9c10ed74-a603-43ef-8f40-0b476b98a88a@group-0D5EB887036F-SegmentedRaftLogWorker for RaftStorageImpl:Storage Directory /home/runner/work/ozone/ozone/hadoop-ozone/integration-test/target/test-dir/MiniOzoneClusterImpl-4c229dde-e64f-42f3-a5ee-349c50f14821/datanode-3/data/ratis/75dbd9a4-38fc-45f3-9c5c-0d5eb887036f
2022-08-03 01:57:28,862 [pool-617-thread-1] INFO  server.RaftServerConfigKeys (ConfUtils.java:logGet(46)) - raft.server.log.queue.byte-limit = 4294967296 (custom)
2022-08-03 01:57:28,862 [pool-617-thread-1] INFO  server.RaftServerConfigKeys (ConfUtils.java:logGet(46)) - raft.server.log.queue.element-limit = 1024 (custom)
2022-08-03 01:57:28,862 [EventQueue-OpenPipelineForHealthyPipelineSafeModeRule] INFO  safemode.SCMSafeModeManager (HealthyPipelineSafeModeRule.java:process(137)) - SCM in safe mode. Healthy pipelines reported count is 0, required healthy pipeline reported count is 1
2022-08-03 01:57:28,862 [pool-617-thread-1] INFO  server.RaftServerConfigKeys (ConfUtils.java:logGet(46)) - raft.server.log.segment.size.max = 1048576 (custom)
2022-08-03 01:57:28,865 [pool-617-thread-1] INFO  server.RaftServerConfigKeys (ConfUtils.java:logGet(46)) - raft.server.log.preallocated.size = 16384 (custom)
2022-08-03 01:57:28,865 [pool-617-thread-1] INFO  server.RaftServerConfigKeys (ConfUtils.java:logGet(46)) - raft.server.log.force.sync.num = 128 (default)
2022-08-03 01:57:28,865 [pool-617-thread-1] INFO  server.RaftServerConfigKeys (ConfUtils.java:logGet(46)) - raft.server.log.statemachine.data.sync = true (default)
2022-08-03 01:57:28,865 [pool-617-thread-1] INFO  server.RaftServerConfigKeys (ConfUtils.java:logGet(46)) - raft.server.log.statemachine.data.sync.timeout = 10s (default)
2022-08-03 01:57:28,865 [pool-617-thread-1] INFO  server.RaftServerConfigKeys (ConfUtils.java:logGet(46)) - raft.server.log.statemachine.data.sync.timeout.retry = -1 (default)
2022-08-03 01:57:28,869 [pool-617-thread-1] INFO  server.RaftServerConfigKeys (ConfUtils.java:logGet(46)) - raft.server.log.write.buffer.size = 1048576 (custom)
2022-08-03 01:57:28,869 [pool-617-thread-1] INFO  server.RaftServerConfigKeys (ConfUtils.java:logGet(46)) - raft.server.log.unsafe-flush.enabled = false (default)
2022-08-03 01:57:28,869 [pool-617-thread-1] INFO  server.RaftServerConfigKeys (ConfUtils.java:logGet(46)) - raft.server.log.statemachine.data.caching.enabled = true (custom)
2022-08-03 01:57:28,869 [pool-617-thread-1] INFO  segmented.SegmentedRaftLogWorker (SegmentedRaftLogWorker.java:lambda$new$0(135)) - 9c10ed74-a603-43ef-8f40-0b476b98a88a@group-0D5EB887036F-SegmentedRaftLogWorker: flushIndex: setUnconditionally 0 -> -1
2022-08-03 01:57:28,870 [pool-617-thread-1] INFO  segmented.SegmentedRaftLogWorker (SegmentedRaftLogWorker.java:lambda$new$0(135)) - 9c10ed74-a603-43ef-8f40-0b476b98a88a@group-0D5EB887036F-SegmentedRaftLogWorker: safeCacheEvictIndex: setUnconditionally 0 -> -1
2022-08-03 01:57:28,870 [pool-617-thread-1] INFO  server.RaftServerConfigKeys (ConfUtils.java:logGet(46)) - raft.server.snapshot.auto.trigger.enabled = true (custom)
2022-08-03 01:57:28,870 [pool-617-thread-1] INFO  server.RaftServerConfigKeys (ConfUtils.java:logGet(46)) - raft.server.snapshot.auto.trigger.threshold = 10000 (custom)
2022-08-03 01:57:28,870 [pool-617-thread-1] INFO  server.RaftServerConfigKeys (ConfUtils.java:logGet(46)) - raft.server.snapshot.retention.file.num = 5 (custom)
2022-08-03 01:57:28,870 [pool-617-thread-1] INFO  server.RaftServerConfigKeys (ConfUtils.java:logGet(46)) - raft.server.log.purge.upto.snapshot.index = false (default)
2022-08-03 01:57:28,870 [pool-617-thread-1] INFO  server.RaftServerConfigKeys (ConfUtils.java:logGet(46)) - raft.server.retrycache.expirytime = 600000ms (custom)
2022-08-03 01:57:28,870 [pool-617-thread-1] INFO  server.RaftServerConfigKeys (ConfUtils.java:logGet(46)) - raft.server.retrycache.statistics.expirytime = 100μs (default)
2022-08-03 01:57:28,871 [pool-617-thread-1] INFO  server.RaftServerConfigKeys (ConfUtils.java:logGet(46)) - raft.server.log.appender.install.snapshot.enabled = false (custom)
2022-08-03 01:57:28,871 [pool-617-thread-1] INFO  server.RaftServerConfigKeys (ConfUtils.java:logGet(46)) - raft.server.threadpool.server.cached = true (default)
2022-08-03 01:57:28,871 [pool-617-thread-1] INFO  server.RaftServerConfigKeys (ConfUtils.java:logGet(46)) - raft.server.threadpool.server.size = 0 (default)
2022-08-03 01:57:28,872 [pool-617-thread-1] INFO  server.RaftServerConfigKeys (ConfUtils.java:logGet(46)) - raft.server.threadpool.client.cached = true (default)
2022-08-03 01:57:28,872 [pool-617-thread-1] INFO  server.RaftServerConfigKeys (ConfUtils.java:logGet(46)) - raft.server.threadpool.client.size = 0 (default)
2022-08-03 01:57:28,872 [pool-617-thread-1] INFO  server.RaftServer$Division (RaftServerImpl.java:start(310)) - 9c10ed74-a603-43ef-8f40-0b476b98a88a@group-0D5EB887036F: start as a follower, conf=-1: [9c10ed74-a603-43ef-8f40-0b476b98a88a|rpc:10.1.0.23:39377|priority:1], old=null
2022-08-03 01:57:28,872 [pool-617-thread-1] INFO  server.RaftServer$Division (RaftServerImpl.java:setRole(299)) - 9c10ed74-a603-43ef-8f40-0b476b98a88a@group-0D5EB887036F: changes role from      null to FOLLOWER at term 0 for startAsFollower
2022-08-03 01:57:28,872 [pool-617-thread-1] INFO  impl.RoleInfo (RoleInfo.java:updateAndGet(139)) - 9c10ed74-a603-43ef-8f40-0b476b98a88a: start 9c10ed74-a603-43ef-8f40-0b476b98a88a@group-0D5EB887036F-FollowerState
2022-08-03 01:57:28,872 [pool-617-thread-1] INFO  util.JmxRegister (JmxRegister.java:tryRegister(44)) - Successfully registered JMX Bean with object name Ratis:service=RaftServer,group=group-0D5EB887036F,id=9c10ed74-a603-43ef-8f40-0b476b98a88a
2022-08-03 01:57:28,873 [Command processor thread] INFO  ratis.XceiverServerRatis (XceiverServerRatis.java:addGroup(765)) - Created group PipelineID=75dbd9a4-38fc-45f3-9c5c-0d5eb887036f
2022-08-03 01:57:28,873 [Command processor thread] INFO  commandhandler.CreatePipelineCommandHandler (CreatePipelineCommandHandler.java:handle(113)) - Created Pipeline RATIS ONE PipelineID=75dbd9a4-38fc-45f3-9c5c-0d5eb887036f.
2022-08-03 01:57:28,920 [Listener at 127.0.0.1/36611] INFO  ozone.MiniOzoneClusterImpl (MiniOzoneClusterImpl.java:lambda$waitForClusterToBeReady$0(216)) - Nodes are ready. Got 5 of 5 DN Heartbeats.
2022-08-03 01:57:28,921 [Listener at 127.0.0.1/36611] INFO  ozone.MiniOzoneClusterImpl (MiniOzoneClusterImpl.java:lambda$waitForClusterToBeReady$0(219)) - Waiting for cluster to exit safe mode
2022-08-03 01:57:28,921 [Listener at 127.0.0.1/36611] INFO  ozone.MiniOzoneClusterImpl (MiniOzoneClusterImpl.java:lambda$waitForClusterToBeReady$0(221)) - SCM became leader
2022-08-03 01:57:29,922 [Listener at 127.0.0.1/36611] INFO  ozone.MiniOzoneClusterImpl (MiniOzoneClusterImpl.java:lambda$waitForClusterToBeReady$0(216)) - Nodes are ready. Got 5 of 5 DN Heartbeats.
2022-08-03 01:57:29,922 [Listener at 127.0.0.1/36611] INFO  ozone.MiniOzoneClusterImpl (MiniOzoneClusterImpl.java:lambda$waitForClusterToBeReady$0(219)) - Waiting for cluster to exit safe mode
2022-08-03 01:57:29,922 [Listener at 127.0.0.1/36611] INFO  ozone.MiniOzoneClusterImpl (MiniOzoneClusterImpl.java:lambda$waitForClusterToBeReady$0(221)) - SCM became leader
2022-08-03 01:57:29,952 [Command processor thread] INFO  server.RaftServer (RaftServerProxy.java:addNew(96)) - 22db1ff9-6c75-46ad-94f4-4b7daa3676c7: addNew group-EB4B5171D205:[22db1ff9-6c75-46ad-94f4-4b7daa3676c7|rpc:10.1.0.23:36977|priority:1] returns group-EB4B5171D205:java.util.concurrent.CompletableFuture@6c164985[Not completed]
2022-08-03 01:57:29,953 [pool-644-thread-1] INFO  server.RaftServer$Division (RaftServerImpl.java:<init>(190)) - 22db1ff9-6c75-46ad-94f4-4b7daa3676c7: new RaftServerImpl for group-EB4B5171D205:[22db1ff9-6c75-46ad-94f4-4b7daa3676c7|rpc:10.1.0.23:36977|priority:1] with ContainerStateMachine:uninitialized
2022-08-03 01:57:29,953 [pool-644-thread-1] INFO  server.RaftServerConfigKeys (ConfUtils.java:logGet(46)) - raft.server.rpc.timeout.min = 5s (custom)
2022-08-03 01:57:29,960 [pool-644-thread-1] INFO  server.RaftServerConfigKeys (ConfUtils.java:logGet(46)) - raft.server.rpc.timeout.max = 5200ms (custom)
2022-08-03 01:57:29,960 [pool-644-thread-1] INFO  server.RaftServerConfigKeys (ConfUtils.java:logGet(46)) - raft.server.rpc.sleep.time = 25ms (default)
2022-08-03 01:57:29,960 [pool-644-thread-1] INFO  server.RaftServerConfigKeys (ConfUtils.java:logGet(46)) - raft.server.rpc.slowness.timeout = 300s (custom)
2022-08-03 01:57:29,961 [pool-644-thread-1] INFO  server.RaftServerConfigKeys (ConfUtils.java:logGet(46)) - raft.server.leaderelection.leader.step-down.wait-time = 10s (default)
2022-08-03 01:57:29,961 [pool-644-thread-1] INFO  server.RaftServerConfigKeys (ConfUtils.java:logGet(46)) - raft.server.sleep.deviation.threshold = 300ms (default)
2022-08-03 01:57:29,961 [pool-644-thread-1] INFO  server.RaftServer$Division (ServerState.java:<init>(107)) - 22db1ff9-6c75-46ad-94f4-4b7daa3676c7@group-EB4B5171D205: ConfigurationManager, init=-1: [22db1ff9-6c75-46ad-94f4-4b7daa3676c7|rpc:10.1.0.23:36977|priority:1], old=null, confs=<EMPTY_MAP>
2022-08-03 01:57:29,961 [pool-644-thread-1] INFO  server.RaftServerConfigKeys (ConfUtils.java:logGet(46)) - raft.server.storage.dir = [/home/runner/work/ozone/ozone/hadoop-ozone/integration-test/target/test-dir/MiniOzoneClusterImpl-4c229dde-e64f-42f3-a5ee-349c50f14821/datanode-4/data/ratis] (custom)
2022-08-03 01:57:29,961 [pool-644-thread-1] INFO  server.RaftServerConfigKeys (ConfUtils.java:logGet(46)) - raft.server.log.corruption.policy = EXCEPTION (default)
2022-08-03 01:57:29,961 [pool-644-thread-1] INFO  server.RaftServerConfigKeys (ConfUtils.java:logGet(46)) - raft.server.storage.free-space.min = 0MB (=0) (default)
2022-08-03 01:57:29,961 [pool-644-thread-1] INFO  storage.RaftStorageDirectory (RaftStorageDirectoryImpl.java:analyzeStorage(135)) - The storage directory /home/runner/work/ozone/ozone/hadoop-ozone/integration-test/target/test-dir/MiniOzoneClusterImpl-4c229dde-e64f-42f3-a5ee-349c50f14821/datanode-4/data/ratis/350b24c6-7b20-4dbf-9504-eb4b5171d205 does not exist. Creating ...
2022-08-03 01:57:29,963 [pool-644-thread-1] INFO  storage.RaftStorageDirectory (RaftStorageDirectoryImpl.java:tryLock(230)) - Lock on /home/runner/work/ozone/ozone/hadoop-ozone/integration-test/target/test-dir/MiniOzoneClusterImpl-4c229dde-e64f-42f3-a5ee-349c50f14821/datanode-4/data/ratis/350b24c6-7b20-4dbf-9504-eb4b5171d205/in_use.lock acquired by nodename 17687@fv-az199-929
2022-08-03 01:57:29,969 [pool-644-thread-1] INFO  storage.RaftStorage (RaftStorageImpl.java:format(89)) - Storage directory /home/runner/work/ozone/ozone/hadoop-ozone/integration-test/target/test-dir/MiniOzoneClusterImpl-4c229dde-e64f-42f3-a5ee-349c50f14821/datanode-4/data/ratis/350b24c6-7b20-4dbf-9504-eb4b5171d205 has been successfully formatted.
2022-08-03 01:57:29,989 [EventQueue-PipelineReportForPipelineReportHandler] INFO  pipeline.PipelineManagerImpl (PipelineManagerImpl.java:openPipeline(367)) - Pipeline Pipeline[ Id: 350b24c6-7b20-4dbf-9504-eb4b5171d205, Nodes: 22db1ff9-6c75-46ad-94f4-4b7daa3676c7{ip: 10.1.0.23, host: fv-az199-929.piossgaoozdutex3tpy4bgd4ka.dx.internal.cloudapp.net, ports: [REPLICATION=45361, RATIS=36977, RATIS_ADMIN=36977, RATIS_SERVER=36977, STANDALONE=45721], networkLocation: /default-rack, certSerialId: null, persistedOpState: IN_SERVICE, persistedOpStateExpiryEpochSec: 0}, ReplicationConfig: RATIS/ONE, State:ALLOCATED, leaderId:22db1ff9-6c75-46ad-94f4-4b7daa3676c7, CreationTimestamp2022-08-03T01:57:26.952Z[Etc/UTC]] moved to OPEN state
2022-08-03 01:57:29,989 [EventQueue-OpenPipelineForHealthyPipelineSafeModeRule] INFO  safemode.SCMSafeModeManager (HealthyPipelineSafeModeRule.java:process(137)) - SCM in safe mode. Healthy pipelines reported count is 0, required healthy pipeline reported count is 1
2022-08-03 01:57:29,990 [pool-644-thread-1] INFO  ratis.ContainerStateMachine (ContainerStateMachine.java:loadSnapshot(236)) - group-EB4B5171D205: The snapshot info is null. Setting the last applied indexto:(t:0, i:~)
2022-08-03 01:57:29,990 [pool-644-thread-1] INFO  server.RaftServerConfigKeys (ConfUtils.java:logGet(46)) - raft.server.notification.no-leader.timeout = 300s (custom)
2022-08-03 01:57:29,990 [pool-644-thread-1] INFO  server.RaftServerConfigKeys (ConfUtils.java:logGet(46)) - raft.server.log.use.memory = false (default)
2022-08-03 01:57:29,990 [pool-644-thread-1] INFO  server.RaftServerConfigKeys (ConfUtils.java:logGet(46)) - raft.server.log.purge.gap = 1000000 (custom)
2022-08-03 01:57:29,990 [pool-644-thread-1] INFO  server.RaftServerConfigKeys (ConfUtils.java:logGet(46)) - raft.server.log.appender.buffer.byte-limit = 33554432 (custom)
2022-08-03 01:57:29,990 [pool-644-thread-1] INFO  server.RaftServerConfigKeys (ConfUtils.java:logGet(46)) - raft.server.log.statemachine.data.read.timeout = 1000ms (default)
2022-08-03 01:57:29,990 [pool-644-thread-1] INFO  server.RaftServerConfigKeys (ConfUtils.java:logGet(46)) - raft.server.log.segment.size.max = 1048576 (custom)
2022-08-03 01:57:29,991 [pool-644-thread-1] INFO  server.RaftServerConfigKeys (ConfUtils.java:logGet(46)) - raft.server.log.segment.cache.num.max = 2 (custom)
2022-08-03 01:57:29,991 [pool-644-thread-1] INFO  server.RaftServerConfigKeys (ConfUtils.java:logGet(46)) - raft.server.log.segment.cache.size.max = 200MB (=209715200) (default)
2022-08-03 01:57:29,992 [pool-644-thread-1] INFO  segmented.SegmentedRaftLogWorker (SegmentedRaftLogWorker.java:<init>(187)) - new 22db1ff9-6c75-46ad-94f4-4b7daa3676c7@group-EB4B5171D205-SegmentedRaftLogWorker for RaftStorageImpl:Storage Directory /home/runner/work/ozone/ozone/hadoop-ozone/integration-test/target/test-dir/MiniOzoneClusterImpl-4c229dde-e64f-42f3-a5ee-349c50f14821/datanode-4/data/ratis/350b24c6-7b20-4dbf-9504-eb4b5171d205
2022-08-03 01:57:29,992 [pool-644-thread-1] INFO  server.RaftServerConfigKeys (ConfUtils.java:logGet(46)) - raft.server.log.queue.byte-limit = 4294967296 (custom)
2022-08-03 01:57:29,992 [pool-644-thread-1] INFO  server.RaftServerConfigKeys (ConfUtils.java:logGet(46)) - raft.server.log.queue.element-limit = 1024 (custom)
2022-08-03 01:57:30,001 [pool-644-thread-1] INFO  server.RaftServerConfigKeys (ConfUtils.java:logGet(46)) - raft.server.log.segment.size.max = 1048576 (custom)
2022-08-03 01:57:30,001 [pool-644-thread-1] INFO  server.RaftServerConfigKeys (ConfUtils.java:logGet(46)) - raft.server.log.preallocated.size = 16384 (custom)
2022-08-03 01:57:30,001 [pool-644-thread-1] INFO  server.RaftServerConfigKeys (ConfUtils.java:logGet(46)) - raft.server.log.force.sync.num = 128 (default)
2022-08-03 01:57:30,001 [pool-644-thread-1] INFO  server.RaftServerConfigKeys (ConfUtils.java:logGet(46)) - raft.server.log.statemachine.data.sync = true (default)
2022-08-03 01:57:30,001 [pool-644-thread-1] INFO  server.RaftServerConfigKeys (ConfUtils.java:logGet(46)) - raft.server.log.statemachine.data.sync.timeout = 10s (default)
2022-08-03 01:57:30,001 [pool-644-thread-1] INFO  server.RaftServerConfigKeys (ConfUtils.java:logGet(46)) - raft.server.log.statemachine.data.sync.timeout.retry = -1 (default)
2022-08-03 01:57:30,008 [pool-644-thread-1] INFO  server.RaftServerConfigKeys (ConfUtils.java:logGet(46)) - raft.server.log.write.buffer.size = 1048576 (custom)
2022-08-03 01:57:30,016 [pool-644-thread-1] INFO  server.RaftServerConfigKeys (ConfUtils.java:logGet(46)) - raft.server.log.unsafe-flush.enabled = false (default)
2022-08-03 01:57:30,016 [pool-644-thread-1] INFO  server.RaftServerConfigKeys (ConfUtils.java:logGet(46)) - raft.server.log.statemachine.data.caching.enabled = true (custom)
2022-08-03 01:57:30,017 [pool-644-thread-1] INFO  segmented.SegmentedRaftLogWorker (SegmentedRaftLogWorker.java:lambda$new$0(135)) - 22db1ff9-6c75-46ad-94f4-4b7daa3676c7@group-EB4B5171D205-SegmentedRaftLogWorker: flushIndex: setUnconditionally 0 -> -1
2022-08-03 01:57:30,017 [pool-644-thread-1] INFO  segmented.SegmentedRaftLogWorker (SegmentedRaftLogWorker.java:lambda$new$0(135)) - 22db1ff9-6c75-46ad-94f4-4b7daa3676c7@group-EB4B5171D205-SegmentedRaftLogWorker: safeCacheEvictIndex: setUnconditionally 0 -> -1
2022-08-03 01:57:30,022 [pool-644-thread-1] INFO  server.RaftServerConfigKeys (ConfUtils.java:logGet(46)) - raft.server.snapshot.auto.trigger.enabled = true (custom)
2022-08-03 01:57:30,022 [pool-644-thread-1] INFO  server.RaftServerConfigKeys (ConfUtils.java:logGet(46)) - raft.server.snapshot.auto.trigger.threshold = 10000 (custom)
2022-08-03 01:57:30,022 [pool-644-thread-1] INFO  server.RaftServerConfigKeys (ConfUtils.java:logGet(46)) - raft.server.snapshot.retention.file.num = 5 (custom)
2022-08-03 01:57:30,022 [pool-644-thread-1] INFO  server.RaftServerConfigKeys (ConfUtils.java:logGet(46)) - raft.server.log.purge.upto.snapshot.index = false (default)
2022-08-03 01:57:30,022 [pool-644-thread-1] INFO  server.RaftServerConfigKeys (ConfUtils.java:logGet(46)) - raft.server.retrycache.expirytime = 600000ms (custom)
2022-08-03 01:57:30,022 [pool-644-thread-1] INFO  server.RaftServerConfigKeys (ConfUtils.java:logGet(46)) - raft.server.retrycache.statistics.expirytime = 100μs (default)
2022-08-03 01:57:30,023 [pool-644-thread-1] INFO  server.RaftServerConfigKeys (ConfUtils.java:logGet(46)) - raft.server.log.appender.install.snapshot.enabled = false (custom)
2022-08-03 01:57:30,023 [pool-644-thread-1] INFO  server.RaftServerConfigKeys (ConfUtils.java:logGet(46)) - raft.server.threadpool.server.cached = true (default)
2022-08-03 01:57:30,023 [pool-644-thread-1] INFO  server.RaftServerConfigKeys (ConfUtils.java:logGet(46)) - raft.server.threadpool.server.size = 0 (default)
2022-08-03 01:57:30,024 [pool-644-thread-1] INFO  server.RaftServerConfigKeys (ConfUtils.java:logGet(46)) - raft.server.threadpool.client.cached = true (default)
2022-08-03 01:57:30,024 [pool-644-thread-1] INFO  server.RaftServerConfigKeys (ConfUtils.java:logGet(46)) - raft.server.threadpool.client.size = 0 (default)
2022-08-03 01:57:30,024 [pool-644-thread-1] INFO  server.RaftServer$Division (RaftServerImpl.java:start(310)) - 22db1ff9-6c75-46ad-94f4-4b7daa3676c7@group-EB4B5171D205: start as a follower, conf=-1: [22db1ff9-6c75-46ad-94f4-4b7daa3676c7|rpc:10.1.0.23:36977|priority:1], old=null
2022-08-03 01:57:30,024 [pool-644-thread-1] INFO  server.RaftServer$Division (RaftServerImpl.java:setRole(299)) - 22db1ff9-6c75-46ad-94f4-4b7daa3676c7@group-EB4B5171D205: changes role from      null to FOLLOWER at term 0 for startAsFollower
2022-08-03 01:57:30,024 [pool-644-thread-1] INFO  impl.RoleInfo (RoleInfo.java:updateAndGet(139)) - 22db1ff9-6c75-46ad-94f4-4b7daa3676c7: start 22db1ff9-6c75-46ad-94f4-4b7daa3676c7@group-EB4B5171D205-FollowerState
2022-08-03 01:57:30,026 [pool-644-thread-1] INFO  util.JmxRegister (JmxRegister.java:tryRegister(44)) - Successfully registered JMX Bean with object name Ratis:service=RaftServer,group=group-EB4B5171D205,id=22db1ff9-6c75-46ad-94f4-4b7daa3676c7
2022-08-03 01:57:30,034 [Command processor thread] INFO  ratis.XceiverServerRatis (XceiverServerRatis.java:addGroup(765)) - Created group PipelineID=350b24c6-7b20-4dbf-9504-eb4b5171d205
2022-08-03 01:57:30,034 [Command processor thread] INFO  commandhandler.CreatePipelineCommandHandler (CreatePipelineCommandHandler.java:handle(113)) - Created Pipeline RATIS ONE PipelineID=350b24c6-7b20-4dbf-9504-eb4b5171d205.
2022-08-03 01:57:30,260 [49c4bd74-e934-49fb-9588-8a6634b350da@group-AD69ADFF814F-FollowerState] INFO  impl.FollowerState (FollowerState.java:run(143)) - 49c4bd74-e934-49fb-9588-8a6634b350da@group-AD69ADFF814F-FollowerState: change to CANDIDATE, lastRpcElapsedTime:5098835689ns, electionTimeout:5048ms
2022-08-03 01:57:30,260 [49c4bd74-e934-49fb-9588-8a6634b350da@group-AD69ADFF814F-FollowerState] INFO  impl.RoleInfo (RoleInfo.java:shutdownFollowerState(110)) - 49c4bd74-e934-49fb-9588-8a6634b350da: shutdown 49c4bd74-e934-49fb-9588-8a6634b350da@group-AD69ADFF814F-FollowerState
2022-08-03 01:57:30,260 [49c4bd74-e934-49fb-9588-8a6634b350da@group-AD69ADFF814F-FollowerState] INFO  server.RaftServer$Division (RaftServerImpl.java:setRole(299)) - 49c4bd74-e934-49fb-9588-8a6634b350da@group-AD69ADFF814F: changes role from  FOLLOWER to CANDIDATE at term 0 for changeToCandidate
2022-08-03 01:57:30,261 [49c4bd74-e934-49fb-9588-8a6634b350da@group-AD69ADFF814F-FollowerState] INFO  server.RaftServerConfigKeys (ConfUtils.java:logGet(46)) - raft.server.leaderelection.pre-vote = false (custom)
2022-08-03 01:57:30,261 [49c4bd74-e934-49fb-9588-8a6634b350da@group-AD69ADFF814F-FollowerState] INFO  impl.RoleInfo (RoleInfo.java:updateAndGet(139)) - 49c4bd74-e934-49fb-9588-8a6634b350da: start 49c4bd74-e934-49fb-9588-8a6634b350da@group-AD69ADFF814F-LeaderElection29
2022-08-03 01:57:30,293 [49c4bd74-e934-49fb-9588-8a6634b350da@group-AD69ADFF814F-LeaderElection29] INFO  impl.LeaderElection (LeaderElection.java:askForVotes(310)) - 49c4bd74-e934-49fb-9588-8a6634b350da@group-AD69ADFF814F-LeaderElection29 ELECTION round 0: submit vote requests at term 1 for -1: [49c4bd74-e934-49fb-9588-8a6634b350da|rpc:10.1.0.23:44111|priority:1], old=null
2022-08-03 01:57:30,293 [49c4bd74-e934-49fb-9588-8a6634b350da@group-AD69ADFF814F-LeaderElection29] INFO  impl.LeaderElection (LeaderElection.java:askForVotes(312)) - 49c4bd74-e934-49fb-9588-8a6634b350da@group-AD69ADFF814F-LeaderElection29 ELECTION round 0: result PASSED (term=1)
2022-08-03 01:57:30,293 [49c4bd74-e934-49fb-9588-8a6634b350da@group-AD69ADFF814F-LeaderElection29] INFO  impl.RoleInfo (RoleInfo.java:shutdownLeaderElection(130)) - 49c4bd74-e934-49fb-9588-8a6634b350da: shutdown 49c4bd74-e934-49fb-9588-8a6634b350da@group-AD69ADFF814F-LeaderElection29
2022-08-03 01:57:30,295 [49c4bd74-e934-49fb-9588-8a6634b350da@group-AD69ADFF814F-LeaderElection29] INFO  server.RaftServer$Division (RaftServerImpl.java:setRole(299)) - 49c4bd74-e934-49fb-9588-8a6634b350da@group-AD69ADFF814F: changes role from CANDIDATE to LEADER at term 1 for changeToLeader
2022-08-03 01:57:30,295 [49c4bd74-e934-49fb-9588-8a6634b350da@group-AD69ADFF814F-LeaderElection29] INFO  ratis.XceiverServerRatis (XceiverServerRatis.java:handleLeaderChangedNotification(863)) - Leader change notification received for group: group-AD69ADFF814F with new leaderId: 49c4bd74-e934-49fb-9588-8a6634b350da
2022-08-03 01:57:30,295 [49c4bd74-e934-49fb-9588-8a6634b350da@group-AD69ADFF814F-LeaderElection29] INFO  server.RaftServer$Division (ServerState.java:setLeader(287)) - 49c4bd74-e934-49fb-9588-8a6634b350da@group-AD69ADFF814F: change Leader from null to 49c4bd74-e934-49fb-9588-8a6634b350da at term 1 for becomeLeader, leader elected after 5194ms
2022-08-03 01:57:30,295 [49c4bd74-e934-49fb-9588-8a6634b350da@group-AD69ADFF814F-LeaderElection29] INFO  server.RaftServerConfigKeys (ConfUtils.java:logGet(46)) - raft.server.staging.catchup.gap = 1000 (default)
2022-08-03 01:57:30,296 [49c4bd74-e934-49fb-9588-8a6634b350da@group-AD69ADFF814F-LeaderElection29] INFO  server.RaftServerConfigKeys (ConfUtils.java:logGet(46)) - raft.server.write.element-limit = 1024 (custom)
2022-08-03 01:57:30,296 [49c4bd74-e934-49fb-9588-8a6634b350da@group-AD69ADFF814F-LeaderElection29] INFO  server.RaftServerConfigKeys (ConfUtils.java:logGet(46)) - raft.server.write.byte-limit = 1024 M (=1073741824) (custom)
2022-08-03 01:57:30,296 [49c4bd74-e934-49fb-9588-8a6634b350da@group-AD69ADFF814F-LeaderElection29] INFO  server.RaftServerConfigKeys (ConfUtils.java:logGet(46)) - raft.server.watch.timeout = 180s (custom)
2022-08-03 01:57:30,296 [49c4bd74-e934-49fb-9588-8a6634b350da@group-AD69ADFF814F-LeaderElection29] INFO  server.RaftServerConfigKeys (ConfUtils.java:logGet(46)) - raft.server.watch.timeout.denomination = 1s (default)
2022-08-03 01:57:30,296 [49c4bd74-e934-49fb-9588-8a6634b350da@group-AD69ADFF814F-LeaderElection29] INFO  server.RaftServerConfigKeys (ConfUtils.java:logGet(46)) - raft.server.watch.element-limit = 65536 (default)
2022-08-03 01:57:30,296 [49c4bd74-e934-49fb-9588-8a6634b350da@group-AD69ADFF814F-LeaderElection29] INFO  server.RaftServerConfigKeys (ConfUtils.java:logGet(46)) - raft.server.write.element-limit = 1024 (custom)
2022-08-03 01:57:30,296 [49c4bd74-e934-49fb-9588-8a6634b350da@group-AD69ADFF814F-LeaderElection29] INFO  server.RaftServerConfigKeys (ConfUtils.java:logGet(46)) - raft.server.write.follower.gap.ratio.max = -1.0 (default)
2022-08-03 01:57:30,297 [49c4bd74-e934-49fb-9588-8a6634b350da@group-AD69ADFF814F-LeaderElection29] INFO  impl.RoleInfo (RoleInfo.java:updateAndGet(139)) - 49c4bd74-e934-49fb-9588-8a6634b350da: start 49c4bd74-e934-49fb-9588-8a6634b350da@group-AD69ADFF814F-LeaderStateImpl
2022-08-03 01:57:30,297 [49c4bd74-e934-49fb-9588-8a6634b350da@group-AD69ADFF814F-LeaderElection29] INFO  segmented.SegmentedRaftLogWorker (SegmentedRaftLogWorker.java:startLogSegment(425)) - 49c4bd74-e934-49fb-9588-8a6634b350da@group-AD69ADFF814F-SegmentedRaftLogWorker: Starting segment from index:0
2022-08-03 01:57:30,305 [49c4bd74-e934-49fb-9588-8a6634b350da@group-AD69ADFF814F-LeaderElection29] INFO  server.RaftServer$Division (ServerState.java:setRaftConf(393)) - 49c4bd74-e934-49fb-9588-8a6634b350da@group-AD69ADFF814F: set configuration 0: [49c4bd74-e934-49fb-9588-8a6634b350da|rpc:10.1.0.23:44111|dataStream:|priority:1], old=null
2022-08-03 01:57:30,327 [49c4bd74-e934-49fb-9588-8a6634b350da@group-AD69ADFF814F-SegmentedRaftLogWorker] INFO  segmented.SegmentedRaftLogWorker (SegmentedRaftLogWorker.java:execute(629)) - 49c4bd74-e934-49fb-9588-8a6634b350da@group-AD69ADFF814F-SegmentedRaftLogWorker: created new log segment /home/runner/work/ozone/ozone/hadoop-ozone/integration-test/target/test-dir/MiniOzoneClusterImpl-4c229dde-e64f-42f3-a5ee-349c50f14821/datanode-0/data/ratis/d9f17521-e7e8-40ed-85cb-ad69adff814f/current/log_inprogress_0
2022-08-03 01:57:30,329 [EventQueue-OpenPipelineForHealthyPipelineSafeModeRule] INFO  safemode.SCMSafeModeManager (HealthyPipelineSafeModeRule.java:process(137)) - SCM in safe mode. Healthy pipelines reported count is 0, required healthy pipeline reported count is 1
2022-08-03 01:57:30,450 [49c4bd74-e934-49fb-9588-8a6634b350da@group-BD8D8EA9F3C7-FollowerState] INFO  impl.FollowerState (FollowerState.java:run(143)) - 49c4bd74-e934-49fb-9588-8a6634b350da@group-BD8D8EA9F3C7-FollowerState: change to CANDIDATE, lastRpcElapsedTime:5206970254ns, electionTimeout:5200ms
2022-08-03 01:57:30,450 [49c4bd74-e934-49fb-9588-8a6634b350da@group-BD8D8EA9F3C7-FollowerState] INFO  impl.RoleInfo (RoleInfo.java:shutdownFollowerState(110)) - 49c4bd74-e934-49fb-9588-8a6634b350da: shutdown 49c4bd74-e934-49fb-9588-8a6634b350da@group-BD8D8EA9F3C7-FollowerState
2022-08-03 01:57:30,450 [49c4bd74-e934-49fb-9588-8a6634b350da@group-BD8D8EA9F3C7-FollowerState] INFO  server.RaftServer$Division (RaftServerImpl.java:setRole(299)) - 49c4bd74-e934-49fb-9588-8a6634b350da@group-BD8D8EA9F3C7: changes role from  FOLLOWER to CANDIDATE at term 0 for changeToCandidate
2022-08-03 01:57:30,450 [49c4bd74-e934-49fb-9588-8a6634b350da@group-BD8D8EA9F3C7-FollowerState] INFO  server.RaftServerConfigKeys (ConfUtils.java:logGet(46)) - raft.server.leaderelection.pre-vote = false (custom)
2022-08-03 01:57:30,451 [49c4bd74-e934-49fb-9588-8a6634b350da@group-BD8D8EA9F3C7-FollowerState] INFO  impl.RoleInfo (RoleInfo.java:updateAndGet(139)) - 49c4bd74-e934-49fb-9588-8a6634b350da: start 49c4bd74-e934-49fb-9588-8a6634b350da@group-BD8D8EA9F3C7-LeaderElection30
2022-08-03 01:57:30,454 [a4799b55-2371-4bfe-9a20-b87f9c8dba04@group-BD8D8EA9F3C7-FollowerState] INFO  impl.FollowerState (FollowerState.java:run(143)) - a4799b55-2371-4bfe-9a20-b87f9c8dba04@group-BD8D8EA9F3C7-FollowerState: change to CANDIDATE, lastRpcElapsedTime:5065898954ns, electionTimeout:5065ms
2022-08-03 01:57:30,454 [a4799b55-2371-4bfe-9a20-b87f9c8dba04@group-BD8D8EA9F3C7-FollowerState] INFO  impl.RoleInfo (RoleInfo.java:shutdownFollowerState(110)) - a4799b55-2371-4bfe-9a20-b87f9c8dba04: shutdown a4799b55-2371-4bfe-9a20-b87f9c8dba04@group-BD8D8EA9F3C7-FollowerState
2022-08-03 01:57:30,454 [a4799b55-2371-4bfe-9a20-b87f9c8dba04@group-BD8D8EA9F3C7-FollowerState] INFO  server.RaftServer$Division (RaftServerImpl.java:setRole(299)) - a4799b55-2371-4bfe-9a20-b87f9c8dba04@group-BD8D8EA9F3C7: changes role from  FOLLOWER to CANDIDATE at term 0 for changeToCandidate
2022-08-03 01:57:30,456 [a4799b55-2371-4bfe-9a20-b87f9c8dba04@group-BD8D8EA9F3C7-FollowerState] INFO  server.RaftServerConfigKeys (ConfUtils.java:logGet(46)) - raft.server.leaderelection.pre-vote = false (custom)
2022-08-03 01:57:30,456 [a4799b55-2371-4bfe-9a20-b87f9c8dba04@group-BD8D8EA9F3C7-FollowerState] INFO  impl.RoleInfo (RoleInfo.java:updateAndGet(139)) - a4799b55-2371-4bfe-9a20-b87f9c8dba04: start a4799b55-2371-4bfe-9a20-b87f9c8dba04@group-BD8D8EA9F3C7-LeaderElection31
2022-08-03 01:57:30,483 [a4799b55-2371-4bfe-9a20-b87f9c8dba04@group-BD8D8EA9F3C7-LeaderElection31] INFO  impl.LeaderElection (LeaderElection.java:askForVotes(310)) - a4799b55-2371-4bfe-9a20-b87f9c8dba04@group-BD8D8EA9F3C7-LeaderElection31 ELECTION round 0: submit vote requests at term 1 for -1: [49c4bd74-e934-49fb-9588-8a6634b350da|rpc:10.1.0.23:44111|dataStream:|priority:0, a4799b55-2371-4bfe-9a20-b87f9c8dba04|rpc:10.1.0.23:40755|dataStream:|priority:0, 5b5f8b8b-8220-4f48-a75a-691d0ac2ee29|rpc:10.1.0.23:38439|dataStream:|priority:1], old=null
2022-08-03 01:57:30,483 [49c4bd74-e934-49fb-9588-8a6634b350da@group-BD8D8EA9F3C7-LeaderElection30] INFO  impl.LeaderElection (LeaderElection.java:askForVotes(310)) - 49c4bd74-e934-49fb-9588-8a6634b350da@group-BD8D8EA9F3C7-LeaderElection30 ELECTION round 0: submit vote requests at term 1 for -1: [49c4bd74-e934-49fb-9588-8a6634b350da|rpc:10.1.0.23:44111|priority:0, a4799b55-2371-4bfe-9a20-b87f9c8dba04|rpc:10.1.0.23:40755|priority:0, 5b5f8b8b-8220-4f48-a75a-691d0ac2ee29|rpc:10.1.0.23:38439|priority:1], old=null
2022-08-03 01:57:30,510 [grpc-default-executor-0] INFO  server.RaftServer$Division (RaftServerImpl.java:requestVote(1152)) - 49c4bd74-e934-49fb-9588-8a6634b350da@group-BD8D8EA9F3C7: receive requestVote(ELECTION, a4799b55-2371-4bfe-9a20-b87f9c8dba04, group-BD8D8EA9F3C7, 1, (t:0, i:0))
2022-08-03 01:57:30,510 [grpc-default-executor-0] INFO  impl.VoteContext (VoteContext.java:log(48)) - 49c4bd74-e934-49fb-9588-8a6634b350da@group-BD8D8EA9F3C7-CANDIDATE: reject ELECTION from a4799b55-2371-4bfe-9a20-b87f9c8dba04: already has voted for 49c4bd74-e934-49fb-9588-8a6634b350da at current term 1
2022-08-03 01:57:30,510 [grpc-default-executor-0] INFO  server.RaftServer$Division (RaftServerImpl.java:requestVote(1184)) - 49c4bd74-e934-49fb-9588-8a6634b350da@group-BD8D8EA9F3C7 replies to ELECTION vote request: a4799b55-2371-4bfe-9a20-b87f9c8dba04<-49c4bd74-e934-49fb-9588-8a6634b350da#0:FAIL-t1. Peer's state: 49c4bd74-e934-49fb-9588-8a6634b350da@group-BD8D8EA9F3C7:t1, leader=null, voted=49c4bd74-e934-49fb-9588-8a6634b350da, raftlog=49c4bd74-e934-49fb-9588-8a6634b350da@group-BD8D8EA9F3C7-SegmentedRaftLog:OPENED:c-1, conf=-1: [49c4bd74-e934-49fb-9588-8a6634b350da|rpc:10.1.0.23:44111|priority:0, a4799b55-2371-4bfe-9a20-b87f9c8dba04|rpc:10.1.0.23:40755|priority:0, 5b5f8b8b-8220-4f48-a75a-691d0ac2ee29|rpc:10.1.0.23:38439|priority:1], old=null
2022-08-03 01:57:30,541 [grpc-default-executor-0] INFO  server.RaftServer$Division (RaftServerImpl.java:requestVote(1152)) - 5b5f8b8b-8220-4f48-a75a-691d0ac2ee29@group-BD8D8EA9F3C7: receive requestVote(ELECTION, a4799b55-2371-4bfe-9a20-b87f9c8dba04, group-BD8D8EA9F3C7, 1, (t:0, i:0))
2022-08-03 01:57:30,541 [grpc-default-executor-0] INFO  impl.VoteContext (VoteContext.java:log(48)) - 5b5f8b8b-8220-4f48-a75a-691d0ac2ee29@group-BD8D8EA9F3C7-FOLLOWER: reject ELECTION from a4799b55-2371-4bfe-9a20-b87f9c8dba04: our priority 1 > candidate's priority 0
2022-08-03 01:57:30,541 [grpc-default-executor-0] INFO  server.RaftServer$Division (RaftServerImpl.java:setRole(299)) - 5b5f8b8b-8220-4f48-a75a-691d0ac2ee29@group-BD8D8EA9F3C7: changes role from  FOLLOWER to FOLLOWER at term 1 for candidate:a4799b55-2371-4bfe-9a20-b87f9c8dba04
2022-08-03 01:57:30,541 [grpc-default-executor-0] INFO  impl.RoleInfo (RoleInfo.java:shutdownFollowerState(110)) - 5b5f8b8b-8220-4f48-a75a-691d0ac2ee29: shutdown 5b5f8b8b-8220-4f48-a75a-691d0ac2ee29@group-BD8D8EA9F3C7-FollowerState
2022-08-03 01:57:30,541 [grpc-default-executor-0] INFO  impl.RoleInfo (RoleInfo.java:updateAndGet(139)) - 5b5f8b8b-8220-4f48-a75a-691d0ac2ee29: start 5b5f8b8b-8220-4f48-a75a-691d0ac2ee29@group-BD8D8EA9F3C7-FollowerState
2022-08-03 01:57:30,541 [5b5f8b8b-8220-4f48-a75a-691d0ac2ee29@group-BD8D8EA9F3C7-FollowerState] INFO  impl.FollowerState (FollowerState.java:run(152)) - 5b5f8b8b-8220-4f48-a75a-691d0ac2ee29@group-BD8D8EA9F3C7-FollowerState was interrupted
2022-08-03 01:57:30,583 [grpc-default-executor-0] INFO  server.RaftServer$Division (RaftServerImpl.java:requestVote(1184)) - 5b5f8b8b-8220-4f48-a75a-691d0ac2ee29@group-BD8D8EA9F3C7 replies to ELECTION vote request: a4799b55-2371-4bfe-9a20-b87f9c8dba04<-5b5f8b8b-8220-4f48-a75a-691d0ac2ee29#0:FAIL-t1. Peer's state: 5b5f8b8b-8220-4f48-a75a-691d0ac2ee29@group-BD8D8EA9F3C7:t1, leader=null, voted=null, raftlog=5b5f8b8b-8220-4f48-a75a-691d0ac2ee29@group-BD8D8EA9F3C7-SegmentedRaftLog:OPENED:c-1, conf=-1: [49c4bd74-e934-49fb-9588-8a6634b350da|rpc:10.1.0.23:44111|dataStream:|priority:0, a4799b55-2371-4bfe-9a20-b87f9c8dba04|rpc:10.1.0.23:40755|dataStream:|priority:0, 5b5f8b8b-8220-4f48-a75a-691d0ac2ee29|rpc:10.1.0.23:38439|dataStream:|priority:1], old=null
2022-08-03 01:57:30,587 [grpc-default-executor-1] INFO  server.RaftServer$Division (RaftServerImpl.java:requestVote(1152)) - a4799b55-2371-4bfe-9a20-b87f9c8dba04@group-BD8D8EA9F3C7: receive requestVote(ELECTION, 49c4bd74-e934-49fb-9588-8a6634b350da, group-BD8D8EA9F3C7, 1, (t:0, i:0))
2022-08-03 01:57:30,587 [grpc-default-executor-1] INFO  impl.VoteContext (VoteContext.java:log(48)) - a4799b55-2371-4bfe-9a20-b87f9c8dba04@group-BD8D8EA9F3C7-CANDIDATE: reject ELECTION from 49c4bd74-e934-49fb-9588-8a6634b350da: already has voted for a4799b55-2371-4bfe-9a20-b87f9c8dba04 at current term 1
2022-08-03 01:57:30,587 [grpc-default-executor-1] INFO  server.RaftServer$Division (RaftServerImpl.java:requestVote(1184)) - a4799b55-2371-4bfe-9a20-b87f9c8dba04@group-BD8D8EA9F3C7 replies to ELECTION vote request: 49c4bd74-e934-49fb-9588-8a6634b350da<-a4799b55-2371-4bfe-9a20-b87f9c8dba04#0:FAIL-t1. Peer's state: a4799b55-2371-4bfe-9a20-b87f9c8dba04@group-BD8D8EA9F3C7:t1, leader=null, voted=a4799b55-2371-4bfe-9a20-b87f9c8dba04, raftlog=a4799b55-2371-4bfe-9a20-b87f9c8dba04@group-BD8D8EA9F3C7-SegmentedRaftLog:OPENED:c-1, conf=-1: [49c4bd74-e934-49fb-9588-8a6634b350da|rpc:10.1.0.23:44111|dataStream:|priority:0, a4799b55-2371-4bfe-9a20-b87f9c8dba04|rpc:10.1.0.23:40755|dataStream:|priority:0, 5b5f8b8b-8220-4f48-a75a-691d0ac2ee29|rpc:10.1.0.23:38439|dataStream:|priority:1], old=null
2022-08-03 01:57:30,587 [a4799b55-2371-4bfe-9a20-b87f9c8dba04@group-BD8D8EA9F3C7-LeaderElection31] INFO  impl.LeaderElection (LeaderElection.java:logAndReturn(90)) - a4799b55-2371-4bfe-9a20-b87f9c8dba04@group-BD8D8EA9F3C7-LeaderElection31: ELECTION REJECTED received 2 response(s) and 0 exception(s):
2022-08-03 01:57:30,587 [a4799b55-2371-4bfe-9a20-b87f9c8dba04@group-BD8D8EA9F3C7-LeaderElection31] INFO  impl.LeaderElection (LeaderElection.java:logAndReturn(94)) -   Response 0: a4799b55-2371-4bfe-9a20-b87f9c8dba04<-49c4bd74-e934-49fb-9588-8a6634b350da#0:FAIL-t1
2022-08-03 01:57:30,587 [a4799b55-2371-4bfe-9a20-b87f9c8dba04@group-BD8D8EA9F3C7-LeaderElection31] INFO  impl.LeaderElection (LeaderElection.java:logAndReturn(94)) -   Response 1: a4799b55-2371-4bfe-9a20-b87f9c8dba04<-5b5f8b8b-8220-4f48-a75a-691d0ac2ee29#0:FAIL-t1
2022-08-03 01:57:30,588 [a4799b55-2371-4bfe-9a20-b87f9c8dba04@group-BD8D8EA9F3C7-LeaderElection31] INFO  impl.LeaderElection (LeaderElection.java:askForVotes(312)) - a4799b55-2371-4bfe-9a20-b87f9c8dba04@group-BD8D8EA9F3C7-LeaderElection31 ELECTION round 0: result REJECTED
2022-08-03 01:57:30,588 [a4799b55-2371-4bfe-9a20-b87f9c8dba04@group-BD8D8EA9F3C7-LeaderElection31] INFO  server.RaftServer$Division (RaftServerImpl.java:setRole(299)) - a4799b55-2371-4bfe-9a20-b87f9c8dba04@group-BD8D8EA9F3C7: changes role from CANDIDATE to FOLLOWER at term 1 for REJECTED
2022-08-03 01:57:30,588 [a4799b55-2371-4bfe-9a20-b87f9c8dba04@group-BD8D8EA9F3C7-LeaderElection31] INFO  impl.RoleInfo (RoleInfo.java:shutdownLeaderElection(130)) - a4799b55-2371-4bfe-9a20-b87f9c8dba04: shutdown a4799b55-2371-4bfe-9a20-b87f9c8dba04@group-BD8D8EA9F3C7-LeaderElection31
2022-08-03 01:57:30,588 [a4799b55-2371-4bfe-9a20-b87f9c8dba04@group-BD8D8EA9F3C7-LeaderElection31] INFO  impl.RoleInfo (RoleInfo.java:updateAndGet(139)) - a4799b55-2371-4bfe-9a20-b87f9c8dba04: start a4799b55-2371-4bfe-9a20-b87f9c8dba04@group-BD8D8EA9F3C7-FollowerState
2022-08-03 01:57:30,609 [grpc-default-executor-1] INFO  server.RaftServer$Division (RaftServerImpl.java:requestVote(1152)) - 5b5f8b8b-8220-4f48-a75a-691d0ac2ee29@group-BD8D8EA9F3C7: receive requestVote(ELECTION, 49c4bd74-e934-49fb-9588-8a6634b350da, group-BD8D8EA9F3C7, 1, (t:0, i:0))
2022-08-03 01:57:30,611 [grpc-default-executor-1] INFO  impl.VoteContext (VoteContext.java:log(48)) - 5b5f8b8b-8220-4f48-a75a-691d0ac2ee29@group-BD8D8EA9F3C7-FOLLOWER: reject ELECTION from 49c4bd74-e934-49fb-9588-8a6634b350da: our priority 1 > candidate's priority 0
2022-08-03 01:57:30,611 [grpc-default-executor-1] INFO  server.RaftServer$Division (RaftServerImpl.java:setRole(299)) - 5b5f8b8b-8220-4f48-a75a-691d0ac2ee29@group-BD8D8EA9F3C7: changes role from  FOLLOWER to FOLLOWER at term 1 for candidate:49c4bd74-e934-49fb-9588-8a6634b350da
2022-08-03 01:57:30,612 [grpc-default-executor-1] INFO  impl.RoleInfo (RoleInfo.java:shutdownFollowerState(110)) - 5b5f8b8b-8220-4f48-a75a-691d0ac2ee29: shutdown 5b5f8b8b-8220-4f48-a75a-691d0ac2ee29@group-BD8D8EA9F3C7-FollowerState
2022-08-03 01:57:30,612 [grpc-default-executor-1] INFO  impl.RoleInfo (RoleInfo.java:updateAndGet(139)) - 5b5f8b8b-8220-4f48-a75a-691d0ac2ee29: start 5b5f8b8b-8220-4f48-a75a-691d0ac2ee29@group-BD8D8EA9F3C7-FollowerState
2022-08-03 01:57:30,612 [5b5f8b8b-8220-4f48-a75a-691d0ac2ee29@group-BD8D8EA9F3C7-FollowerState] INFO  impl.FollowerState (FollowerState.java:run(152)) - 5b5f8b8b-8220-4f48-a75a-691d0ac2ee29@group-BD8D8EA9F3C7-FollowerState was interrupted
2022-08-03 01:57:30,612 [grpc-default-executor-1] INFO  server.RaftServer$Division (RaftServerImpl.java:requestVote(1184)) - 5b5f8b8b-8220-4f48-a75a-691d0ac2ee29@group-BD8D8EA9F3C7 replies to ELECTION vote request: 49c4bd74-e934-49fb-9588-8a6634b350da<-5b5f8b8b-8220-4f48-a75a-691d0ac2ee29#0:FAIL-t1. Peer's state: 5b5f8b8b-8220-4f48-a75a-691d0ac2ee29@group-BD8D8EA9F3C7:t1, leader=null, voted=null, raftlog=5b5f8b8b-8220-4f48-a75a-691d0ac2ee29@group-BD8D8EA9F3C7-SegmentedRaftLog:OPENED:c-1, conf=-1: [49c4bd74-e934-49fb-9588-8a6634b350da|rpc:10.1.0.23:44111|dataStream:|priority:0, a4799b55-2371-4bfe-9a20-b87f9c8dba04|rpc:10.1.0.23:40755|dataStream:|priority:0, 5b5f8b8b-8220-4f48-a75a-691d0ac2ee29|rpc:10.1.0.23:38439|dataStream:|priority:1], old=null
2022-08-03 01:57:30,649 [49c4bd74-e934-49fb-9588-8a6634b350da@group-BD8D8EA9F3C7-LeaderElection30] INFO  impl.LeaderElection (LeaderElection.java:logAndReturn(90)) - 49c4bd74-e934-49fb-9588-8a6634b350da@group-BD8D8EA9F3C7-LeaderElection30: ELECTION REJECTED received 2 response(s) and 0 exception(s):
2022-08-03 01:57:30,649 [49c4bd74-e934-49fb-9588-8a6634b350da@group-BD8D8EA9F3C7-LeaderElection30] INFO  impl.LeaderElection (LeaderElection.java:logAndReturn(94)) -   Response 0: 49c4bd74-e934-49fb-9588-8a6634b350da<-a4799b55-2371-4bfe-9a20-b87f9c8dba04#0:FAIL-t1
2022-08-03 01:57:30,649 [49c4bd74-e934-49fb-9588-8a6634b350da@group-BD8D8EA9F3C7-LeaderElection30] INFO  impl.LeaderElection (LeaderElection.java:logAndReturn(94)) -   Response 1: 49c4bd74-e934-49fb-9588-8a6634b350da<-5b5f8b8b-8220-4f48-a75a-691d0ac2ee29#0:FAIL-t1
2022-08-03 01:57:30,649 [49c4bd74-e934-49fb-9588-8a6634b350da@group-BD8D8EA9F3C7-LeaderElection30] INFO  impl.LeaderElection (LeaderElection.java:askForVotes(312)) - 49c4bd74-e934-49fb-9588-8a6634b350da@group-BD8D8EA9F3C7-LeaderElection30 ELECTION round 0: result REJECTED
2022-08-03 01:57:30,649 [49c4bd74-e934-49fb-9588-8a6634b350da@group-BD8D8EA9F3C7-LeaderElection30] INFO  server.RaftServer$Division (RaftServerImpl.java:setRole(299)) - 49c4bd74-e934-49fb-9588-8a6634b350da@group-BD8D8EA9F3C7: changes role from CANDIDATE to FOLLOWER at term 1 for REJECTED
2022-08-03 01:57:30,649 [49c4bd74-e934-49fb-9588-8a6634b350da@group-BD8D8EA9F3C7-LeaderElection30] INFO  impl.RoleInfo (RoleInfo.java:shutdownLeaderElection(130)) - 49c4bd74-e934-49fb-9588-8a6634b350da: shutdown 49c4bd74-e934-49fb-9588-8a6634b350da@group-BD8D8EA9F3C7-LeaderElection30
2022-08-03 01:57:30,649 [49c4bd74-e934-49fb-9588-8a6634b350da@group-BD8D8EA9F3C7-LeaderElection30] INFO  impl.RoleInfo (RoleInfo.java:updateAndGet(139)) - 49c4bd74-e934-49fb-9588-8a6634b350da: start 49c4bd74-e934-49fb-9588-8a6634b350da@group-BD8D8EA9F3C7-FollowerState
2022-08-03 01:57:30,655 [a4799b55-2371-4bfe-9a20-b87f9c8dba04@group-949CECB533D9-FollowerState] INFO  impl.FollowerState (FollowerState.java:run(143)) - a4799b55-2371-4bfe-9a20-b87f9c8dba04@group-949CECB533D9-FollowerState: change to CANDIDATE, lastRpcElapsedTime:5046816585ns, electionTimeout:5013ms
2022-08-03 01:57:30,655 [a4799b55-2371-4bfe-9a20-b87f9c8dba04@group-949CECB533D9-FollowerState] INFO  impl.RoleInfo (RoleInfo.java:shutdownFollowerState(110)) - a4799b55-2371-4bfe-9a20-b87f9c8dba04: shutdown a4799b55-2371-4bfe-9a20-b87f9c8dba04@group-949CECB533D9-FollowerState
2022-08-03 01:57:30,655 [a4799b55-2371-4bfe-9a20-b87f9c8dba04@group-949CECB533D9-FollowerState] INFO  server.RaftServer$Division (RaftServerImpl.java:setRole(299)) - a4799b55-2371-4bfe-9a20-b87f9c8dba04@group-949CECB533D9: changes role from  FOLLOWER to CANDIDATE at term 0 for changeToCandidate
2022-08-03 01:57:30,685 [a4799b55-2371-4bfe-9a20-b87f9c8dba04@group-949CECB533D9-FollowerState] INFO  server.RaftServerConfigKeys (ConfUtils.java:logGet(46)) - raft.server.leaderelection.pre-vote = false (custom)
2022-08-03 01:57:30,685 [a4799b55-2371-4bfe-9a20-b87f9c8dba04@group-949CECB533D9-FollowerState] INFO  impl.RoleInfo (RoleInfo.java:updateAndGet(139)) - a4799b55-2371-4bfe-9a20-b87f9c8dba04: start a4799b55-2371-4bfe-9a20-b87f9c8dba04@group-949CECB533D9-LeaderElection32
2022-08-03 01:57:30,733 [a4799b55-2371-4bfe-9a20-b87f9c8dba04@group-949CECB533D9-LeaderElection32] INFO  impl.LeaderElection (LeaderElection.java:askForVotes(310)) - a4799b55-2371-4bfe-9a20-b87f9c8dba04@group-949CECB533D9-LeaderElection32 ELECTION round 0: submit vote requests at term 1 for -1: [a4799b55-2371-4bfe-9a20-b87f9c8dba04|rpc:10.1.0.23:40755|priority:1], old=null
2022-08-03 01:57:30,733 [a4799b55-2371-4bfe-9a20-b87f9c8dba04@group-949CECB533D9-LeaderElection32] INFO  impl.LeaderElection (LeaderElection.java:askForVotes(312)) - a4799b55-2371-4bfe-9a20-b87f9c8dba04@group-949CECB533D9-LeaderElection32 ELECTION round 0: result PASSED (term=1)
2022-08-03 01:57:30,733 [a4799b55-2371-4bfe-9a20-b87f9c8dba04@group-949CECB533D9-LeaderElection32] INFO  impl.RoleInfo (RoleInfo.java:shutdownLeaderElection(130)) - a4799b55-2371-4bfe-9a20-b87f9c8dba04: shutdown a4799b55-2371-4bfe-9a20-b87f9c8dba04@group-949CECB533D9-LeaderElection32
2022-08-03 01:57:30,733 [a4799b55-2371-4bfe-9a20-b87f9c8dba04@group-949CECB533D9-LeaderElection32] INFO  server.RaftServer$Division (RaftServerImpl.java:setRole(299)) - a4799b55-2371-4bfe-9a20-b87f9c8dba04@group-949CECB533D9: changes role from CANDIDATE to LEADER at term 1 for changeToLeader
2022-08-03 01:57:30,733 [a4799b55-2371-4bfe-9a20-b87f9c8dba04@group-949CECB533D9-LeaderElection32] INFO  ratis.XceiverServerRatis (XceiverServerRatis.java:handleLeaderChangedNotification(863)) - Leader change notification received for group: group-949CECB533D9 with new leaderId: a4799b55-2371-4bfe-9a20-b87f9c8dba04
2022-08-03 01:57:30,733 [a4799b55-2371-4bfe-9a20-b87f9c8dba04@group-949CECB533D9-LeaderElection32] INFO  server.RaftServer$Division (ServerState.java:setLeader(287)) - a4799b55-2371-4bfe-9a20-b87f9c8dba04@group-949CECB533D9: change Leader from null to a4799b55-2371-4bfe-9a20-b87f9c8dba04 at term 1 for becomeLeader, leader elected after 5155ms
2022-08-03 01:57:30,734 [a4799b55-2371-4bfe-9a20-b87f9c8dba04@group-949CECB533D9-LeaderElection32] INFO  server.RaftServerConfigKeys (ConfUtils.java:logGet(46)) - raft.server.staging.catchup.gap = 1000 (default)
2022-08-03 01:57:30,734 [a4799b55-2371-4bfe-9a20-b87f9c8dba04@group-949CECB533D9-LeaderElection32] INFO  server.RaftServerConfigKeys (ConfUtils.java:logGet(46)) - raft.server.write.element-limit = 1024 (custom)
2022-08-03 01:57:30,734 [a4799b55-2371-4bfe-9a20-b87f9c8dba04@group-949CECB533D9-LeaderElection32] INFO  server.RaftServerConfigKeys (ConfUtils.java:logGet(46)) - raft.server.write.byte-limit = 1024 M (=1073741824) (custom)
2022-08-03 01:57:30,734 [a4799b55-2371-4bfe-9a20-b87f9c8dba04@group-949CECB533D9-LeaderElection32] INFO  server.RaftServerConfigKeys (ConfUtils.java:logGet(46)) - raft.server.watch.timeout = 180s (custom)
2022-08-03 01:57:30,734 [a4799b55-2371-4bfe-9a20-b87f9c8dba04@group-949CECB533D9-LeaderElection32] INFO  server.RaftServerConfigKeys (ConfUtils.java:logGet(46)) - raft.server.watch.timeout.denomination = 1s (default)
2022-08-03 01:57:30,736 [a4799b55-2371-4bfe-9a20-b87f9c8dba04@group-949CECB533D9-LeaderElection32] INFO  server.RaftServerConfigKeys (ConfUtils.java:logGet(46)) - raft.server.watch.element-limit = 65536 (default)
2022-08-03 01:57:30,736 [a4799b55-2371-4bfe-9a20-b87f9c8dba04@group-949CECB533D9-LeaderElection32] INFO  server.RaftServerConfigKeys (ConfUtils.java:logGet(46)) - raft.server.write.element-limit = 1024 (custom)
2022-08-03 01:57:30,737 [a4799b55-2371-4bfe-9a20-b87f9c8dba04@group-949CECB533D9-LeaderElection32] INFO  server.RaftServerConfigKeys (ConfUtils.java:logGet(46)) - raft.server.write.follower.gap.ratio.max = -1.0 (default)
2022-08-03 01:57:30,737 [a4799b55-2371-4bfe-9a20-b87f9c8dba04@group-949CECB533D9-LeaderElection32] INFO  impl.RoleInfo (RoleInfo.java:updateAndGet(139)) - a4799b55-2371-4bfe-9a20-b87f9c8dba04: start a4799b55-2371-4bfe-9a20-b87f9c8dba04@group-949CECB533D9-LeaderStateImpl
2022-08-03 01:57:30,737 [a4799b55-2371-4bfe-9a20-b87f9c8dba04@group-949CECB533D9-LeaderElection32] INFO  segmented.SegmentedRaftLogWorker (SegmentedRaftLogWorker.java:startLogSegment(425)) - a4799b55-2371-4bfe-9a20-b87f9c8dba04@group-949CECB533D9-SegmentedRaftLogWorker: Starting segment from index:0
2022-08-03 01:57:30,737 [EventQueue-OpenPipelineForHealthyPipelineSafeModeRule] INFO  safemode.SCMSafeModeManager (HealthyPipelineSafeModeRule.java:process(137)) - SCM in safe mode. Healthy pipelines reported count is 0, required healthy pipeline reported count is 1
2022-08-03 01:57:30,742 [a4799b55-2371-4bfe-9a20-b87f9c8dba04@group-51BEAE15605F-FollowerState] INFO  impl.FollowerState (FollowerState.java:run(143)) - a4799b55-2371-4bfe-9a20-b87f9c8dba04@group-51BEAE15605F-FollowerState: change to CANDIDATE, lastRpcElapsedTime:5093261189ns, electionTimeout:5061ms
2022-08-03 01:57:30,742 [a4799b55-2371-4bfe-9a20-b87f9c8dba04@group-51BEAE15605F-FollowerState] INFO  impl.RoleInfo (RoleInfo.java:shutdownFollowerState(110)) - a4799b55-2371-4bfe-9a20-b87f9c8dba04: shutdown a4799b55-2371-4bfe-9a20-b87f9c8dba04@group-51BEAE15605F-FollowerState
2022-08-03 01:57:30,742 [a4799b55-2371-4bfe-9a20-b87f9c8dba04@group-51BEAE15605F-FollowerState] INFO  server.RaftServer$Division (RaftServerImpl.java:setRole(299)) - a4799b55-2371-4bfe-9a20-b87f9c8dba04@group-51BEAE15605F: changes role from  FOLLOWER to CANDIDATE at term 0 for changeToCandidate
2022-08-03 01:57:30,742 [a4799b55-2371-4bfe-9a20-b87f9c8dba04@group-51BEAE15605F-FollowerState] INFO  server.RaftServerConfigKeys (ConfUtils.java:logGet(46)) - raft.server.leaderelection.pre-vote = false (custom)
2022-08-03 01:57:30,742 [a4799b55-2371-4bfe-9a20-b87f9c8dba04@group-51BEAE15605F-FollowerState] INFO  impl.RoleInfo (RoleInfo.java:updateAndGet(139)) - a4799b55-2371-4bfe-9a20-b87f9c8dba04: start a4799b55-2371-4bfe-9a20-b87f9c8dba04@group-51BEAE15605F-LeaderElection33
2022-08-03 01:57:30,743 [a4799b55-2371-4bfe-9a20-b87f9c8dba04@group-949CECB533D9-SegmentedRaftLogWorker] INFO  segmented.SegmentedRaftLogWorker (SegmentedRaftLogWorker.java:execute(629)) - a4799b55-2371-4bfe-9a20-b87f9c8dba04@group-949CECB533D9-SegmentedRaftLogWorker: created new log segment /home/runner/work/ozone/ozone/hadoop-ozone/integration-test/target/test-dir/MiniOzoneClusterImpl-4c229dde-e64f-42f3-a5ee-349c50f14821/datanode-2/data/ratis/baa3c654-44cf-48d1-948e-949cecb533d9/current/log_inprogress_0
2022-08-03 01:57:30,756 [a4799b55-2371-4bfe-9a20-b87f9c8dba04@group-949CECB533D9-LeaderElection32] INFO  server.RaftServer$Division (ServerState.java:setRaftConf(393)) - a4799b55-2371-4bfe-9a20-b87f9c8dba04@group-949CECB533D9: set configuration 0: [a4799b55-2371-4bfe-9a20-b87f9c8dba04|rpc:10.1.0.23:40755|dataStream:|priority:1], old=null
2022-08-03 01:57:30,773 [49c4bd74-e934-49fb-9588-8a6634b350da@group-51BEAE15605F-FollowerState] INFO  impl.FollowerState (FollowerState.java:run(143)) - 49c4bd74-e934-49fb-9588-8a6634b350da@group-51BEAE15605F-FollowerState: change to CANDIDATE, lastRpcElapsedTime:5155742984ns, electionTimeout:5149ms
2022-08-03 01:57:30,773 [49c4bd74-e934-49fb-9588-8a6634b350da@group-51BEAE15605F-FollowerState] INFO  impl.RoleInfo (RoleInfo.java:shutdownFollowerState(110)) - 49c4bd74-e934-49fb-9588-8a6634b350da: shutdown 49c4bd74-e934-49fb-9588-8a6634b350da@group-51BEAE15605F-FollowerState
2022-08-03 01:57:30,773 [49c4bd74-e934-49fb-9588-8a6634b350da@group-51BEAE15605F-FollowerState] INFO  server.RaftServer$Division (RaftServerImpl.java:setRole(299)) - 49c4bd74-e934-49fb-9588-8a6634b350da@group-51BEAE15605F: changes role from  FOLLOWER to CANDIDATE at term 0 for changeToCandidate
2022-08-03 01:57:30,773 [49c4bd74-e934-49fb-9588-8a6634b350da@group-51BEAE15605F-FollowerState] INFO  server.RaftServerConfigKeys (ConfUtils.java:logGet(46)) - raft.server.leaderelection.pre-vote = false (custom)
2022-08-03 01:57:30,773 [49c4bd74-e934-49fb-9588-8a6634b350da@group-51BEAE15605F-FollowerState] INFO  impl.RoleInfo (RoleInfo.java:updateAndGet(139)) - 49c4bd74-e934-49fb-9588-8a6634b350da: start 49c4bd74-e934-49fb-9588-8a6634b350da@group-51BEAE15605F-LeaderElection34
2022-08-03 01:57:30,798 [a4799b55-2371-4bfe-9a20-b87f9c8dba04@group-51BEAE15605F-LeaderElection33] INFO  impl.LeaderElection (LeaderElection.java:askForVotes(310)) - a4799b55-2371-4bfe-9a20-b87f9c8dba04@group-51BEAE15605F-LeaderElection33 ELECTION round 0: submit vote requests at term 1 for -1: [49c4bd74-e934-49fb-9588-8a6634b350da|rpc:10.1.0.23:44111|priority:0, a4799b55-2371-4bfe-9a20-b87f9c8dba04|rpc:10.1.0.23:40755|priority:1, 5b5f8b8b-8220-4f48-a75a-691d0ac2ee29|rpc:10.1.0.23:38439|priority:0], old=null
2022-08-03 01:57:30,802 [49c4bd74-e934-49fb-9588-8a6634b350da@group-51BEAE15605F-LeaderElection34] INFO  impl.LeaderElection (LeaderElection.java:askForVotes(310)) - 49c4bd74-e934-49fb-9588-8a6634b350da@group-51BEAE15605F-LeaderElection34 ELECTION round 0: submit vote requests at term 1 for -1: [49c4bd74-e934-49fb-9588-8a6634b350da|rpc:10.1.0.23:44111|priority:0, a4799b55-2371-4bfe-9a20-b87f9c8dba04|rpc:10.1.0.23:40755|priority:1, 5b5f8b8b-8220-4f48-a75a-691d0ac2ee29|rpc:10.1.0.23:38439|priority:0], old=null
2022-08-03 01:57:30,834 [grpc-default-executor-1] INFO  server.RaftServer$Division (RaftServerImpl.java:requestVote(1152)) - 49c4bd74-e934-49fb-9588-8a6634b350da@group-51BEAE15605F: receive requestVote(ELECTION, a4799b55-2371-4bfe-9a20-b87f9c8dba04, group-51BEAE15605F, 1, (t:0, i:0))
2022-08-03 01:57:30,868 [grpc-default-executor-1] INFO  impl.VoteContext (VoteContext.java:log(48)) - 49c4bd74-e934-49fb-9588-8a6634b350da@group-51BEAE15605F-CANDIDATE: reject ELECTION from a4799b55-2371-4bfe-9a20-b87f9c8dba04: already has voted for 49c4bd74-e934-49fb-9588-8a6634b350da at current term 1
2022-08-03 01:57:30,869 [grpc-default-executor-1] INFO  server.RaftServer$Division (RaftServerImpl.java:requestVote(1184)) - 49c4bd74-e934-49fb-9588-8a6634b350da@group-51BEAE15605F replies to ELECTION vote request: a4799b55-2371-4bfe-9a20-b87f9c8dba04<-49c4bd74-e934-49fb-9588-8a6634b350da#0:FAIL-t1. Peer's state: 49c4bd74-e934-49fb-9588-8a6634b350da@group-51BEAE15605F:t1, leader=null, voted=49c4bd74-e934-49fb-9588-8a6634b350da, raftlog=49c4bd74-e934-49fb-9588-8a6634b350da@group-51BEAE15605F-SegmentedRaftLog:OPENED:c-1, conf=-1: [49c4bd74-e934-49fb-9588-8a6634b350da|rpc:10.1.0.23:44111|priority:0, a4799b55-2371-4bfe-9a20-b87f9c8dba04|rpc:10.1.0.23:40755|priority:1, 5b5f8b8b-8220-4f48-a75a-691d0ac2ee29|rpc:10.1.0.23:38439|priority:0], old=null
2022-08-03 01:57:30,834 [grpc-default-executor-2] INFO  server.RaftServer$Division (RaftServerImpl.java:requestVote(1152)) - a4799b55-2371-4bfe-9a20-b87f9c8dba04@group-51BEAE15605F: receive requestVote(ELECTION, 49c4bd74-e934-49fb-9588-8a6634b350da, group-51BEAE15605F, 1, (t:0, i:0))
2022-08-03 01:57:30,869 [grpc-default-executor-2] INFO  impl.VoteContext (VoteContext.java:log(48)) - a4799b55-2371-4bfe-9a20-b87f9c8dba04@group-51BEAE15605F-CANDIDATE: reject ELECTION from 49c4bd74-e934-49fb-9588-8a6634b350da: already has voted for a4799b55-2371-4bfe-9a20-b87f9c8dba04 at current term 1
2022-08-03 01:57:30,869 [grpc-default-executor-2] INFO  server.RaftServer$Division (RaftServerImpl.java:requestVote(1184)) - a4799b55-2371-4bfe-9a20-b87f9c8dba04@group-51BEAE15605F replies to ELECTION vote request: 49c4bd74-e934-49fb-9588-8a6634b350da<-a4799b55-2371-4bfe-9a20-b87f9c8dba04#0:FAIL-t1. Peer's state: a4799b55-2371-4bfe-9a20-b87f9c8dba04@group-51BEAE15605F:t1, leader=null, voted=a4799b55-2371-4bfe-9a20-b87f9c8dba04, raftlog=a4799b55-2371-4bfe-9a20-b87f9c8dba04@group-51BEAE15605F-SegmentedRaftLog:OPENED:c-1, conf=-1: [49c4bd74-e934-49fb-9588-8a6634b350da|rpc:10.1.0.23:44111|priority:0, a4799b55-2371-4bfe-9a20-b87f9c8dba04|rpc:10.1.0.23:40755|priority:1, 5b5f8b8b-8220-4f48-a75a-691d0ac2ee29|rpc:10.1.0.23:38439|priority:0], old=null
2022-08-03 01:57:30,834 [grpc-default-executor-0] INFO  server.RaftServer$Division (RaftServerImpl.java:requestVote(1152)) - 5b5f8b8b-8220-4f48-a75a-691d0ac2ee29@group-51BEAE15605F: receive requestVote(ELECTION, a4799b55-2371-4bfe-9a20-b87f9c8dba04, group-51BEAE15605F, 1, (t:0, i:0))
2022-08-03 01:57:30,870 [grpc-default-executor-0] INFO  impl.VoteContext (VoteContext.java:log(48)) - 5b5f8b8b-8220-4f48-a75a-691d0ac2ee29@group-51BEAE15605F-FOLLOWER: accept ELECTION from a4799b55-2371-4bfe-9a20-b87f9c8dba04: our priority 0 <= candidate's priority 1
2022-08-03 01:57:30,870 [grpc-default-executor-0] INFO  server.RaftServer$Division (RaftServerImpl.java:setRole(299)) - 5b5f8b8b-8220-4f48-a75a-691d0ac2ee29@group-51BEAE15605F: changes role from  FOLLOWER to FOLLOWER at term 1 for candidate:a4799b55-2371-4bfe-9a20-b87f9c8dba04
2022-08-03 01:57:30,870 [grpc-default-executor-0] INFO  impl.RoleInfo (RoleInfo.java:shutdownFollowerState(110)) - 5b5f8b8b-8220-4f48-a75a-691d0ac2ee29: shutdown 5b5f8b8b-8220-4f48-a75a-691d0ac2ee29@group-51BEAE15605F-FollowerState
2022-08-03 01:57:30,870 [grpc-default-executor-0] INFO  impl.RoleInfo (RoleInfo.java:updateAndGet(139)) - 5b5f8b8b-8220-4f48-a75a-691d0ac2ee29: start 5b5f8b8b-8220-4f48-a75a-691d0ac2ee29@group-51BEAE15605F-FollowerState
2022-08-03 01:57:30,871 [grpc-default-executor-1] INFO  server.RaftServer$Division (RaftServerImpl.java:requestVote(1152)) - 5b5f8b8b-8220-4f48-a75a-691d0ac2ee29@group-51BEAE15605F: receive requestVote(ELECTION, 49c4bd74-e934-49fb-9588-8a6634b350da, group-51BEAE15605F, 1, (t:0, i:0))
2022-08-03 01:57:30,884 [49c4bd74-e934-49fb-9588-8a6634b350da@group-51BEAE15605F-LeaderElection34] INFO  impl.LeaderElection (LeaderElection.java:logAndReturn(90)) - 49c4bd74-e934-49fb-9588-8a6634b350da@group-51BEAE15605F-LeaderElection34: ELECTION REJECTED received 1 response(s) and 0 exception(s):
2022-08-03 01:57:30,884 [49c4bd74-e934-49fb-9588-8a6634b350da@group-51BEAE15605F-LeaderElection34] INFO  impl.LeaderElection (LeaderElection.java:logAndReturn(94)) -   Response 0: 49c4bd74-e934-49fb-9588-8a6634b350da<-a4799b55-2371-4bfe-9a20-b87f9c8dba04#0:FAIL-t1
2022-08-03 01:57:30,884 [49c4bd74-e934-49fb-9588-8a6634b350da@group-51BEAE15605F-LeaderElection34] INFO  impl.LeaderElection (LeaderElection.java:askForVotes(312)) - 49c4bd74-e934-49fb-9588-8a6634b350da@group-51BEAE15605F-LeaderElection34 ELECTION round 0: result REJECTED
2022-08-03 01:57:30,884 [49c4bd74-e934-49fb-9588-8a6634b350da@group-51BEAE15605F-LeaderElection34] INFO  server.RaftServer$Division (RaftServerImpl.java:setRole(299)) - 49c4bd74-e934-49fb-9588-8a6634b350da@group-51BEAE15605F: changes role from CANDIDATE to FOLLOWER at term 1 for REJECTED
2022-08-03 01:57:30,884 [49c4bd74-e934-49fb-9588-8a6634b350da@group-51BEAE15605F-LeaderElection34] INFO  impl.RoleInfo (RoleInfo.java:shutdownLeaderElection(130)) - 49c4bd74-e934-49fb-9588-8a6634b350da: shutdown 49c4bd74-e934-49fb-9588-8a6634b350da@group-51BEAE15605F-LeaderElection34
2022-08-03 01:57:30,884 [49c4bd74-e934-49fb-9588-8a6634b350da@group-51BEAE15605F-LeaderElection34] INFO  impl.RoleInfo (RoleInfo.java:updateAndGet(139)) - 49c4bd74-e934-49fb-9588-8a6634b350da: start 49c4bd74-e934-49fb-9588-8a6634b350da@group-51BEAE15605F-FollowerState
2022-08-03 01:57:30,892 [5b5f8b8b-8220-4f48-a75a-691d0ac2ee29@group-51BEAE15605F-FollowerState] INFO  impl.FollowerState (FollowerState.java:run(152)) - 5b5f8b8b-8220-4f48-a75a-691d0ac2ee29@group-51BEAE15605F-FollowerState was interrupted
2022-08-03 01:57:30,902 [grpc-default-executor-0] INFO  server.RaftServer$Division (RaftServerImpl.java:requestVote(1184)) - 5b5f8b8b-8220-4f48-a75a-691d0ac2ee29@group-51BEAE15605F replies to ELECTION vote request: a4799b55-2371-4bfe-9a20-b87f9c8dba04<-5b5f8b8b-8220-4f48-a75a-691d0ac2ee29#0:OK-t1. Peer's state: 5b5f8b8b-8220-4f48-a75a-691d0ac2ee29@group-51BEAE15605F:t1, leader=null, voted=a4799b55-2371-4bfe-9a20-b87f9c8dba04, raftlog=5b5f8b8b-8220-4f48-a75a-691d0ac2ee29@group-51BEAE15605F-SegmentedRaftLog:OPENED:c-1, conf=-1: [49c4bd74-e934-49fb-9588-8a6634b350da|rpc:10.1.0.23:44111|dataStream:|priority:0, a4799b55-2371-4bfe-9a20-b87f9c8dba04|rpc:10.1.0.23:40755|dataStream:|priority:1, 5b5f8b8b-8220-4f48-a75a-691d0ac2ee29|rpc:10.1.0.23:38439|dataStream:|priority:0], old=null
2022-08-03 01:57:30,902 [grpc-default-executor-1] INFO  impl.VoteContext (VoteContext.java:log(48)) - 5b5f8b8b-8220-4f48-a75a-691d0ac2ee29@group-51BEAE15605F-FOLLOWER: reject ELECTION from 49c4bd74-e934-49fb-9588-8a6634b350da: already has voted for a4799b55-2371-4bfe-9a20-b87f9c8dba04 at current term 1
2022-08-03 01:57:30,902 [grpc-default-executor-1] INFO  server.RaftServer$Division (RaftServerImpl.java:requestVote(1184)) - 5b5f8b8b-8220-4f48-a75a-691d0ac2ee29@group-51BEAE15605F replies to ELECTION vote request: 49c4bd74-e934-49fb-9588-8a6634b350da<-5b5f8b8b-8220-4f48-a75a-691d0ac2ee29#0:FAIL-t1. Peer's state: 5b5f8b8b-8220-4f48-a75a-691d0ac2ee29@group-51BEAE15605F:t1, leader=null, voted=a4799b55-2371-4bfe-9a20-b87f9c8dba04, raftlog=5b5f8b8b-8220-4f48-a75a-691d0ac2ee29@group-51BEAE15605F-SegmentedRaftLog:OPENED:c-1, conf=-1: [49c4bd74-e934-49fb-9588-8a6634b350da|rpc:10.1.0.23:44111|dataStream:|priority:0, a4799b55-2371-4bfe-9a20-b87f9c8dba04|rpc:10.1.0.23:40755|dataStream:|priority:1, 5b5f8b8b-8220-4f48-a75a-691d0ac2ee29|rpc:10.1.0.23:38439|dataStream:|priority:0], old=null
2022-08-03 01:57:30,912 [a4799b55-2371-4bfe-9a20-b87f9c8dba04@group-51BEAE15605F-LeaderElection33] INFO  impl.LeaderElection (LeaderElection.java:logAndReturn(90)) - a4799b55-2371-4bfe-9a20-b87f9c8dba04@group-51BEAE15605F-LeaderElection33: ELECTION PASSED received 2 response(s) and 0 exception(s):
2022-08-03 01:57:30,913 [a4799b55-2371-4bfe-9a20-b87f9c8dba04@group-51BEAE15605F-LeaderElection33] INFO  impl.LeaderElection (LeaderElection.java:logAndReturn(94)) -   Response 0: a4799b55-2371-4bfe-9a20-b87f9c8dba04<-49c4bd74-e934-49fb-9588-8a6634b350da#0:FAIL-t1
2022-08-03 01:57:30,913 [a4799b55-2371-4bfe-9a20-b87f9c8dba04@group-51BEAE15605F-LeaderElection33] INFO  impl.LeaderElection (LeaderElection.java:logAndReturn(94)) -   Response 1: a4799b55-2371-4bfe-9a20-b87f9c8dba04<-5b5f8b8b-8220-4f48-a75a-691d0ac2ee29#0:OK-t1
2022-08-03 01:57:30,913 [a4799b55-2371-4bfe-9a20-b87f9c8dba04@group-51BEAE15605F-LeaderElection33] INFO  impl.LeaderElection (LeaderElection.java:askForVotes(312)) - a4799b55-2371-4bfe-9a20-b87f9c8dba04@group-51BEAE15605F-LeaderElection33 ELECTION round 0: result PASSED
2022-08-03 01:57:30,913 [a4799b55-2371-4bfe-9a20-b87f9c8dba04@group-51BEAE15605F-LeaderElection33] INFO  impl.RoleInfo (RoleInfo.java:shutdownLeaderElection(130)) - a4799b55-2371-4bfe-9a20-b87f9c8dba04: shutdown a4799b55-2371-4bfe-9a20-b87f9c8dba04@group-51BEAE15605F-LeaderElection33
2022-08-03 01:57:30,913 [a4799b55-2371-4bfe-9a20-b87f9c8dba04@group-51BEAE15605F-LeaderElection33] INFO  server.RaftServer$Division (RaftServerImpl.java:setRole(299)) - a4799b55-2371-4bfe-9a20-b87f9c8dba04@group-51BEAE15605F: changes role from CANDIDATE to LEADER at term 1 for changeToLeader
2022-08-03 01:57:30,913 [a4799b55-2371-4bfe-9a20-b87f9c8dba04@group-51BEAE15605F-LeaderElection33] INFO  ratis.XceiverServerRatis (XceiverServerRatis.java:handleLeaderChangedNotification(863)) - Leader change notification received for group: group-51BEAE15605F with new leaderId: a4799b55-2371-4bfe-9a20-b87f9c8dba04
2022-08-03 01:57:30,913 [a4799b55-2371-4bfe-9a20-b87f9c8dba04@group-51BEAE15605F-LeaderElection33] INFO  server.RaftServer$Division (ServerState.java:setLeader(287)) - a4799b55-2371-4bfe-9a20-b87f9c8dba04@group-51BEAE15605F: change Leader from null to a4799b55-2371-4bfe-9a20-b87f9c8dba04 at term 1 for becomeLeader, leader elected after 5298ms
2022-08-03 01:57:30,913 [a4799b55-2371-4bfe-9a20-b87f9c8dba04@group-51BEAE15605F-LeaderElection33] INFO  server.RaftServerConfigKeys (ConfUtils.java:logGet(46)) - raft.server.staging.catchup.gap = 1000 (default)
2022-08-03 01:57:30,913 [a4799b55-2371-4bfe-9a20-b87f9c8dba04@group-51BEAE15605F-LeaderElection33] INFO  server.RaftServerConfigKeys (ConfUtils.java:logGet(46)) - raft.server.write.element-limit = 1024 (custom)
2022-08-03 01:57:30,913 [a4799b55-2371-4bfe-9a20-b87f9c8dba04@group-51BEAE15605F-LeaderElection33] INFO  server.RaftServerConfigKeys (ConfUtils.java:logGet(46)) - raft.server.write.byte-limit = 1024 M (=1073741824) (custom)
2022-08-03 01:57:30,914 [a4799b55-2371-4bfe-9a20-b87f9c8dba04@group-51BEAE15605F-LeaderElection33] INFO  server.RaftServerConfigKeys (ConfUtils.java:logGet(46)) - raft.server.watch.timeout = 180s (custom)
2022-08-03 01:57:30,914 [a4799b55-2371-4bfe-9a20-b87f9c8dba04@group-51BEAE15605F-LeaderElection33] INFO  server.RaftServerConfigKeys (ConfUtils.java:logGet(46)) - raft.server.watch.timeout.denomination = 1s (default)
2022-08-03 01:57:30,914 [a4799b55-2371-4bfe-9a20-b87f9c8dba04@group-51BEAE15605F-LeaderElection33] INFO  server.RaftServerConfigKeys (ConfUtils.java:logGet(46)) - raft.server.watch.element-limit = 65536 (default)
2022-08-03 01:57:30,914 [a4799b55-2371-4bfe-9a20-b87f9c8dba04@group-51BEAE15605F-LeaderElection33] INFO  server.RaftServerConfigKeys (ConfUtils.java:logGet(46)) - raft.server.write.element-limit = 1024 (custom)
2022-08-03 01:57:30,914 [a4799b55-2371-4bfe-9a20-b87f9c8dba04@group-51BEAE15605F-LeaderElection33] INFO  server.RaftServerConfigKeys (ConfUtils.java:logGet(46)) - raft.server.write.follower.gap.ratio.max = -1.0 (default)
2022-08-03 01:57:30,915 [a4799b55-2371-4bfe-9a20-b87f9c8dba04@group-51BEAE15605F-LeaderElection33] INFO  server.RaftServerConfigKeys (ConfUtils.java:logGet(46)) - raft.server.log.appender.snapshot.chunk.size.max = 16MB (=16777216) (default)
2022-08-03 01:57:30,915 [a4799b55-2371-4bfe-9a20-b87f9c8dba04@group-51BEAE15605F-LeaderElection33] INFO  server.RaftServerConfigKeys (ConfUtils.java:logGet(46)) - raft.server.log.appender.buffer.byte-limit = 33554432 (custom)
2022-08-03 01:57:30,915 [a4799b55-2371-4bfe-9a20-b87f9c8dba04@group-51BEAE15605F-LeaderElection33] INFO  server.RaftServerConfigKeys (ConfUtils.java:logGet(46)) - raft.server.log.appender.buffer.element-limit = 1 (custom)
2022-08-03 01:57:30,915 [a4799b55-2371-4bfe-9a20-b87f9c8dba04@group-51BEAE15605F-LeaderElection33] INFO  grpc.GrpcConfigKeys (ConfUtils.java:logGet(46)) - raft.grpc.server.leader.outstanding.appends.max = 128 (default)
2022-08-03 01:57:30,923 [Listener at 127.0.0.1/36611] INFO  ozone.MiniOzoneClusterImpl (MiniOzoneClusterImpl.java:lambda$waitForClusterToBeReady$0(216)) - Nodes are ready. Got 5 of 5 DN Heartbeats.
2022-08-03 01:57:30,930 [Listener at 127.0.0.1/36611] INFO  ozone.MiniOzoneClusterImpl (MiniOzoneClusterImpl.java:lambda$waitForClusterToBeReady$0(219)) - Waiting for cluster to exit safe mode
2022-08-03 01:57:30,930 [Listener at 127.0.0.1/36611] INFO  ozone.MiniOzoneClusterImpl (MiniOzoneClusterImpl.java:lambda$waitForClusterToBeReady$0(221)) - SCM became leader
2022-08-03 01:57:30,916 [EventQueue-OpenPipelineForHealthyPipelineSafeModeRule] INFO  safemode.SCMSafeModeManager (HealthyPipelineSafeModeRule.java:process(137)) - SCM in safe mode. Healthy pipelines reported count is 0, required healthy pipeline reported count is 1
2022-08-03 01:57:30,916 [EventQueue-PipelineReportForPipelineReportHandler] INFO  pipeline.PipelineManagerImpl (PipelineManagerImpl.java:openPipeline(367)) - Pipeline Pipeline[ Id: 08b2a85d-f35a-410e-84c7-51beae15605f, Nodes: 5b5f8b8b-8220-4f48-a75a-691d0ac2ee29{ip: 10.1.0.23, host: fv-az199-929.piossgaoozdutex3tpy4bgd4ka.dx.internal.cloudapp.net, ports: [REPLICATION=46813, RATIS=38439, RATIS_ADMIN=38439, RATIS_SERVER=38439, STANDALONE=33653], networkLocation: /default-rack, certSerialId: null, persistedOpState: IN_SERVICE, persistedOpStateExpiryEpochSec: 0}49c4bd74-e934-49fb-9588-8a6634b350da{ip: 10.1.0.23, host: fv-az199-929.piossgaoozdutex3tpy4bgd4ka.dx.internal.cloudapp.net, ports: [REPLICATION=39411, RATIS=44111, RATIS_ADMIN=44111, RATIS_SERVER=44111, STANDALONE=42317], networkLocation: /default-rack, certSerialId: null, persistedOpState: IN_SERVICE, persistedOpStateExpiryEpochSec: 0}a4799b55-2371-4bfe-9a20-b87f9c8dba04{ip: 10.1.0.23, host: fv-az199-929.piossgaoozdutex3tpy4bgd4ka.dx.internal.cloudapp.net, ports: [REPLICATION=35655, RATIS=40755, RATIS_ADMIN=40755, RATIS_SERVER=40755, STANDALONE=34451], networkLocation: /default-rack, certSerialId: null, persistedOpState: IN_SERVICE, persistedOpStateExpiryEpochSec: 0}, ReplicationConfig: RATIS/THREE, State:ALLOCATED, leaderId:a4799b55-2371-4bfe-9a20-b87f9c8dba04, CreationTimestamp2022-08-03T01:57:24.587Z[Etc/UTC]] moved to OPEN state
2022-08-03 01:57:30,930 [a4799b55-2371-4bfe-9a20-b87f9c8dba04@group-51BEAE15605F-LeaderElection33] INFO  server.RaftServerConfigKeys (ConfUtils.java:logGet(46)) - raft.server.rpc.request.timeout = 60s (custom)
2022-08-03 01:57:30,931 [EventQueue-OpenPipelineForHealthyPipelineSafeModeRule] INFO  safemode.SCMSafeModeManager (HealthyPipelineSafeModeRule.java:process(137)) - SCM in safe mode. Healthy pipelines reported count is 1, required healthy pipeline reported count is 1
2022-08-03 01:57:30,934 [EventQueue-OpenPipelineForHealthyPipelineSafeModeRule] INFO  safemode.SCMSafeModeManager (SCMSafeModeManager.java:validateSafeModeExitRules(204)) - HealthyPipelineSafeModeRule rule is successfully validated
2022-08-03 01:57:30,934 [EventQueue-OpenPipelineForHealthyPipelineSafeModeRule] INFO  safemode.SCMSafeModeManager (SCMSafeModeManager.java:validateSafeModeExitRules(219)) - ScmSafeModeManager, all rules are successfully validated
2022-08-03 01:57:30,934 [EventQueue-OpenPipelineForHealthyPipelineSafeModeRule] INFO  safemode.SCMSafeModeManager (SCMSafeModeManager.java:exitSafeMode(248)) - SCM exiting safe mode.
2022-08-03 01:57:30,934 [EventQueue-OpenPipelineForHealthyPipelineSafeModeRule] WARN  events.EventQueue (EventQueue.java:fireEvent(216)) - No event handler registered for event TypedEvent{payloadType=SafeModeStatus, name='Safe mode status'}
2022-08-03 01:57:30,934 [EventQueue-OpenPipelineForHealthyPipelineSafeModeRule] INFO  ha.SCMContext (SCMContext.java:updateSafeModeStatus(228)) - Update SafeModeStatus from SafeModeStatus{safeModeStatus=true, preCheckPassed=true} to SafeModeStatus{safeModeStatus=false, preCheckPassed=true}.
2022-08-03 01:57:30,934 [EventQueue-OpenPipelineForHealthyPipelineSafeModeRule] INFO  pipeline.BackgroundPipelineCreator (BackgroundPipelineCreator.java:notifyStatusChanged(254)) - Service BackgroundPipelineCreator transitions to RUNNING.
2022-08-03 01:57:30,934 [EventQueue-OpenPipelineForHealthyPipelineSafeModeRule] INFO  BackgroundPipelineScrubber (BackgroundSCMService.java:notifyStatusChanged(82)) - Service BackgroundPipelineScrubber transitions to RUNNING.
2022-08-03 01:57:30,934 [EventQueue-OpenPipelineForHealthyPipelineSafeModeRule] INFO  ExpiredContainerReplicaOpScrubber (BackgroundSCMService.java:notifyStatusChanged(82)) - Service ExpiredContainerReplicaOpScrubber transitions to RUNNING.
2022-08-03 01:57:30,934 [EventQueue-OpenPipelineForHealthyPipelineSafeModeRule] INFO  UnderReplicatedQueueThread (BackgroundSCMService.java:notifyStatusChanged(82)) - Service UnderReplicatedQueueThread transitions to RUNNING.
2022-08-03 01:57:30,934 [EventQueue-OpenPipelineForHealthyPipelineSafeModeRule] INFO  OverReplicatedQueueThread (BackgroundSCMService.java:notifyStatusChanged(82)) - Service OverReplicatedQueueThread transitions to RUNNING.
2022-08-03 01:57:30,934 [EventQueue-OpenPipelineForHealthyPipelineSafeModeRule] INFO  replication.ReplicationManager (ReplicationManager.java:notifyStatusChanged(642)) - Service ReplicationManager transitions to RUNNING.
2022-08-03 01:57:30,934 [EventQueue-OpenPipelineForHealthyPipelineSafeModeRule] WARN  balancer.ContainerBalancer (ContainerBalancer.java:shouldRun(904)) - Could not find persisted configuration for ContainerBalancer when checking if ContainerBalancer should run. ContainerBalancer should not run now.
2022-08-03 01:57:30,934 [a4799b55-2371-4bfe-9a20-b87f9c8dba04@group-51BEAE15605F-LeaderElection33] INFO  server.RaftServerConfigKeys (ConfUtils.java:logGet(46)) - raft.server.log.appender.install.snapshot.enabled = false (custom)
2022-08-03 01:57:30,941 [a4799b55-2371-4bfe-9a20-b87f9c8dba04@group-51BEAE15605F-LeaderElection33] INFO  server.RaftServerConfigKeys (ConfUtils.java:logGet(46)) - raft.server.log.appender.snapshot.chunk.size.max = 16MB (=16777216) (default)
2022-08-03 01:57:30,941 [a4799b55-2371-4bfe-9a20-b87f9c8dba04@group-51BEAE15605F-LeaderElection33] INFO  server.RaftServerConfigKeys (ConfUtils.java:logGet(46)) - raft.server.log.appender.buffer.byte-limit = 33554432 (custom)
2022-08-03 01:57:30,942 [a4799b55-2371-4bfe-9a20-b87f9c8dba04@group-51BEAE15605F-LeaderElection33] INFO  server.RaftServerConfigKeys (ConfUtils.java:logGet(46)) - raft.server.log.appender.buffer.element-limit = 1 (custom)
2022-08-03 01:57:30,942 [a4799b55-2371-4bfe-9a20-b87f9c8dba04@group-51BEAE15605F-LeaderElection33] INFO  grpc.GrpcConfigKeys (ConfUtils.java:logGet(46)) - raft.grpc.server.leader.outstanding.appends.max = 128 (default)
2022-08-03 01:57:30,942 [a4799b55-2371-4bfe-9a20-b87f9c8dba04@group-51BEAE15605F-LeaderElection33] INFO  server.RaftServerConfigKeys (ConfUtils.java:logGet(46)) - raft.server.rpc.request.timeout = 60s (custom)
2022-08-03 01:57:30,942 [a4799b55-2371-4bfe-9a20-b87f9c8dba04@group-51BEAE15605F-LeaderElection33] INFO  server.RaftServerConfigKeys (ConfUtils.java:logGet(46)) - raft.server.log.appender.install.snapshot.enabled = false (custom)
2022-08-03 01:57:30,942 [a4799b55-2371-4bfe-9a20-b87f9c8dba04@group-51BEAE15605F-LeaderElection33] INFO  impl.RoleInfo (RoleInfo.java:updateAndGet(139)) - a4799b55-2371-4bfe-9a20-b87f9c8dba04: start a4799b55-2371-4bfe-9a20-b87f9c8dba04@group-51BEAE15605F-LeaderStateImpl
2022-08-03 01:57:30,942 [a4799b55-2371-4bfe-9a20-b87f9c8dba04@group-51BEAE15605F-LeaderElection33] INFO  segmented.SegmentedRaftLogWorker (SegmentedRaftLogWorker.java:startLogSegment(425)) - a4799b55-2371-4bfe-9a20-b87f9c8dba04@group-51BEAE15605F-SegmentedRaftLogWorker: Starting segment from index:0
2022-08-03 01:57:30,953 [a4799b55-2371-4bfe-9a20-b87f9c8dba04@group-51BEAE15605F-SegmentedRaftLogWorker] INFO  segmented.SegmentedRaftLogWorker (SegmentedRaftLogWorker.java:execute(629)) - a4799b55-2371-4bfe-9a20-b87f9c8dba04@group-51BEAE15605F-SegmentedRaftLogWorker: created new log segment /home/runner/work/ozone/ozone/hadoop-ozone/integration-test/target/test-dir/MiniOzoneClusterImpl-4c229dde-e64f-42f3-a5ee-349c50f14821/datanode-2/data/ratis/08b2a85d-f35a-410e-84c7-51beae15605f/current/log_inprogress_0
2022-08-03 01:57:30,975 [a4799b55-2371-4bfe-9a20-b87f9c8dba04@group-51BEAE15605F-LeaderElection33] INFO  server.RaftServer$Division (ServerState.java:setRaftConf(393)) - a4799b55-2371-4bfe-9a20-b87f9c8dba04@group-51BEAE15605F: set configuration 0: [49c4bd74-e934-49fb-9588-8a6634b350da|rpc:10.1.0.23:44111|dataStream:|priority:0, a4799b55-2371-4bfe-9a20-b87f9c8dba04|rpc:10.1.0.23:40755|dataStream:|priority:1, 5b5f8b8b-8220-4f48-a75a-691d0ac2ee29|rpc:10.1.0.23:38439|dataStream:|priority:0], old=null
2022-08-03 01:57:31,003 [49c4bd74-e934-49fb-9588-8a6634b350da-server-thread1] INFO  ratis.XceiverServerRatis (XceiverServerRatis.java:handleLeaderChangedNotification(863)) - Leader change notification received for group: group-51BEAE15605F with new leaderId: a4799b55-2371-4bfe-9a20-b87f9c8dba04
2022-08-03 01:57:31,003 [49c4bd74-e934-49fb-9588-8a6634b350da-server-thread1] INFO  server.RaftServer$Division (ServerState.java:setLeader(287)) - 49c4bd74-e934-49fb-9588-8a6634b350da@group-51BEAE15605F: change Leader from null to a4799b55-2371-4bfe-9a20-b87f9c8dba04 at term 1 for appendEntries, leader elected after 5422ms
2022-08-03 01:57:31,018 [5b5f8b8b-8220-4f48-a75a-691d0ac2ee29-server-thread1] INFO  ratis.XceiverServerRatis (XceiverServerRatis.java:handleLeaderChangedNotification(863)) - Leader change notification received for group: group-51BEAE15605F with new leaderId: a4799b55-2371-4bfe-9a20-b87f9c8dba04
2022-08-03 01:57:31,019 [5b5f8b8b-8220-4f48-a75a-691d0ac2ee29-server-thread1] INFO  server.RaftServer$Division (ServerState.java:setLeader(287)) - 5b5f8b8b-8220-4f48-a75a-691d0ac2ee29@group-51BEAE15605F: change Leader from null to a4799b55-2371-4bfe-9a20-b87f9c8dba04 at term 1 for appendEntries, leader elected after 5337ms
2022-08-03 01:57:31,028 [49c4bd74-e934-49fb-9588-8a6634b350da-server-thread1] INFO  server.RaftServer$Division (ServerState.java:setRaftConf(393)) - 49c4bd74-e934-49fb-9588-8a6634b350da@group-51BEAE15605F: set configuration 0: [49c4bd74-e934-49fb-9588-8a6634b350da|rpc:10.1.0.23:44111|dataStream:|priority:0, a4799b55-2371-4bfe-9a20-b87f9c8dba04|rpc:10.1.0.23:40755|dataStream:|priority:1, 5b5f8b8b-8220-4f48-a75a-691d0ac2ee29|rpc:10.1.0.23:38439|dataStream:|priority:0], old=null
2022-08-03 01:57:31,029 [49c4bd74-e934-49fb-9588-8a6634b350da-server-thread1] INFO  segmented.SegmentedRaftLogWorker (SegmentedRaftLogWorker.java:startLogSegment(425)) - 49c4bd74-e934-49fb-9588-8a6634b350da@group-51BEAE15605F-SegmentedRaftLogWorker: Starting segment from index:0
2022-08-03 01:57:31,036 [49c4bd74-e934-49fb-9588-8a6634b350da@group-51BEAE15605F-SegmentedRaftLogWorker] INFO  segmented.SegmentedRaftLogWorker (SegmentedRaftLogWorker.java:execute(629)) - 49c4bd74-e934-49fb-9588-8a6634b350da@group-51BEAE15605F-SegmentedRaftLogWorker: created new log segment /home/runner/work/ozone/ozone/hadoop-ozone/integration-test/target/test-dir/MiniOzoneClusterImpl-4c229dde-e64f-42f3-a5ee-349c50f14821/datanode-0/data/ratis/08b2a85d-f35a-410e-84c7-51beae15605f/current/log_inprogress_0
2022-08-03 01:57:31,077 [5b5f8b8b-8220-4f48-a75a-691d0ac2ee29-server-thread1] INFO  server.RaftServer$Division (ServerState.java:setRaftConf(393)) - 5b5f8b8b-8220-4f48-a75a-691d0ac2ee29@group-51BEAE15605F: set configuration 0: [49c4bd74-e934-49fb-9588-8a6634b350da|rpc:10.1.0.23:44111|dataStream:|priority:0, a4799b55-2371-4bfe-9a20-b87f9c8dba04|rpc:10.1.0.23:40755|dataStream:|priority:1, 5b5f8b8b-8220-4f48-a75a-691d0ac2ee29|rpc:10.1.0.23:38439|dataStream:|priority:0], old=null
2022-08-03 01:57:31,078 [5b5f8b8b-8220-4f48-a75a-691d0ac2ee29-server-thread1] INFO  segmented.SegmentedRaftLogWorker (SegmentedRaftLogWorker.java:startLogSegment(425)) - 5b5f8b8b-8220-4f48-a75a-691d0ac2ee29@group-51BEAE15605F-SegmentedRaftLogWorker: Starting segment from index:0
2022-08-03 01:57:31,079 [5b5f8b8b-8220-4f48-a75a-691d0ac2ee29@group-51BEAE15605F-SegmentedRaftLogWorker] INFO  segmented.SegmentedRaftLogWorker (SegmentedRaftLogWorker.java:execute(629)) - 5b5f8b8b-8220-4f48-a75a-691d0ac2ee29@group-51BEAE15605F-SegmentedRaftLogWorker: created new log segment /home/runner/work/ozone/ozone/hadoop-ozone/integration-test/target/test-dir/MiniOzoneClusterImpl-4c229dde-e64f-42f3-a5ee-349c50f14821/datanode-1/data/ratis/08b2a85d-f35a-410e-84c7-51beae15605f/current/log_inprogress_0
2022-08-03 01:57:31,578 [5b5f8b8b-8220-4f48-a75a-691d0ac2ee29@group-DA76049FA090-FollowerState] INFO  impl.FollowerState (FollowerState.java:run(143)) - 5b5f8b8b-8220-4f48-a75a-691d0ac2ee29@group-DA76049FA090-FollowerState: change to CANDIDATE, lastRpcElapsedTime:5186565709ns, electionTimeout:5177ms
2022-08-03 01:57:31,578 [5b5f8b8b-8220-4f48-a75a-691d0ac2ee29@group-DA76049FA090-FollowerState] INFO  impl.RoleInfo (RoleInfo.java:shutdownFollowerState(110)) - 5b5f8b8b-8220-4f48-a75a-691d0ac2ee29: shutdown 5b5f8b8b-8220-4f48-a75a-691d0ac2ee29@group-DA76049FA090-FollowerState
2022-08-03 01:57:31,578 [5b5f8b8b-8220-4f48-a75a-691d0ac2ee29@group-DA76049FA090-FollowerState] INFO  server.RaftServer$Division (RaftServerImpl.java:setRole(299)) - 5b5f8b8b-8220-4f48-a75a-691d0ac2ee29@group-DA76049FA090: changes role from  FOLLOWER to CANDIDATE at term 0 for changeToCandidate
2022-08-03 01:57:31,578 [5b5f8b8b-8220-4f48-a75a-691d0ac2ee29@group-DA76049FA090-FollowerState] INFO  server.RaftServerConfigKeys (ConfUtils.java:logGet(46)) - raft.server.leaderelection.pre-vote = false (custom)
2022-08-03 01:57:31,578 [5b5f8b8b-8220-4f48-a75a-691d0ac2ee29@group-DA76049FA090-FollowerState] INFO  impl.RoleInfo (RoleInfo.java:updateAndGet(139)) - 5b5f8b8b-8220-4f48-a75a-691d0ac2ee29: start 5b5f8b8b-8220-4f48-a75a-691d0ac2ee29@group-DA76049FA090-LeaderElection35
2022-08-03 01:57:31,606 [5b5f8b8b-8220-4f48-a75a-691d0ac2ee29@group-DA76049FA090-LeaderElection35] INFO  impl.LeaderElection (LeaderElection.java:askForVotes(310)) - 5b5f8b8b-8220-4f48-a75a-691d0ac2ee29@group-DA76049FA090-LeaderElection35 ELECTION round 0: submit vote requests at term 1 for -1: [5b5f8b8b-8220-4f48-a75a-691d0ac2ee29|rpc:10.1.0.23:38439|priority:1], old=null
2022-08-03 01:57:31,606 [5b5f8b8b-8220-4f48-a75a-691d0ac2ee29@group-DA76049FA090-LeaderElection35] INFO  impl.LeaderElection (LeaderElection.java:askForVotes(312)) - 5b5f8b8b-8220-4f48-a75a-691d0ac2ee29@group-DA76049FA090-LeaderElection35 ELECTION round 0: result PASSED (term=1)
2022-08-03 01:57:31,606 [5b5f8b8b-8220-4f48-a75a-691d0ac2ee29@group-DA76049FA090-LeaderElection35] INFO  impl.RoleInfo (RoleInfo.java:shutdownLeaderElection(130)) - 5b5f8b8b-8220-4f48-a75a-691d0ac2ee29: shutdown 5b5f8b8b-8220-4f48-a75a-691d0ac2ee29@group-DA76049FA090-LeaderElection35
2022-08-03 01:57:31,606 [5b5f8b8b-8220-4f48-a75a-691d0ac2ee29@group-DA76049FA090-LeaderElection35] INFO  server.RaftServer$Division (RaftServerImpl.java:setRole(299)) - 5b5f8b8b-8220-4f48-a75a-691d0ac2ee29@group-DA76049FA090: changes role from CANDIDATE to LEADER at term 1 for changeToLeader
2022-08-03 01:57:31,606 [5b5f8b8b-8220-4f48-a75a-691d0ac2ee29@group-DA76049FA090-LeaderElection35] INFO  ratis.XceiverServerRatis (XceiverServerRatis.java:handleLeaderChangedNotification(863)) - Leader change notification received for group: group-DA76049FA090 with new leaderId: 5b5f8b8b-8220-4f48-a75a-691d0ac2ee29
2022-08-03 01:57:31,607 [5b5f8b8b-8220-4f48-a75a-691d0ac2ee29@group-DA76049FA090-LeaderElection35] INFO  server.RaftServer$Division (ServerState.java:setLeader(287)) - 5b5f8b8b-8220-4f48-a75a-691d0ac2ee29@group-DA76049FA090: change Leader from null to 5b5f8b8b-8220-4f48-a75a-691d0ac2ee29 at term 1 for becomeLeader, leader elected after 5248ms
2022-08-03 01:57:31,607 [5b5f8b8b-8220-4f48-a75a-691d0ac2ee29@group-DA76049FA090-LeaderElection35] INFO  server.RaftServerConfigKeys (ConfUtils.java:logGet(46)) - raft.server.staging.catchup.gap = 1000 (default)
2022-08-03 01:57:31,608 [5b5f8b8b-8220-4f48-a75a-691d0ac2ee29@group-DA76049FA090-LeaderElection35] INFO  server.RaftServerConfigKeys (ConfUtils.java:logGet(46)) - raft.server.write.element-limit = 1024 (custom)
2022-08-03 01:57:31,608 [5b5f8b8b-8220-4f48-a75a-691d0ac2ee29@group-DA76049FA090-LeaderElection35] INFO  server.RaftServerConfigKeys (ConfUtils.java:logGet(46)) - raft.server.write.byte-limit = 1024 M (=1073741824) (custom)
2022-08-03 01:57:31,608 [5b5f8b8b-8220-4f48-a75a-691d0ac2ee29@group-DA76049FA090-LeaderElection35] INFO  server.RaftServerConfigKeys (ConfUtils.java:logGet(46)) - raft.server.watch.timeout = 180s (custom)
2022-08-03 01:57:31,608 [5b5f8b8b-8220-4f48-a75a-691d0ac2ee29@group-DA76049FA090-LeaderElection35] INFO  server.RaftServerConfigKeys (ConfUtils.java:logGet(46)) - raft.server.watch.timeout.denomination = 1s (default)
2022-08-03 01:57:31,608 [5b5f8b8b-8220-4f48-a75a-691d0ac2ee29@group-DA76049FA090-LeaderElection35] INFO  server.RaftServerConfigKeys (ConfUtils.java:logGet(46)) - raft.server.watch.element-limit = 65536 (default)
2022-08-03 01:57:31,609 [5b5f8b8b-8220-4f48-a75a-691d0ac2ee29@group-DA76049FA090-LeaderElection35] INFO  server.RaftServerConfigKeys (ConfUtils.java:logGet(46)) - raft.server.write.element-limit = 1024 (custom)
2022-08-03 01:57:31,609 [5b5f8b8b-8220-4f48-a75a-691d0ac2ee29@group-DA76049FA090-LeaderElection35] INFO  server.RaftServerConfigKeys (ConfUtils.java:logGet(46)) - raft.server.write.follower.gap.ratio.max = -1.0 (default)
2022-08-03 01:57:31,609 [5b5f8b8b-8220-4f48-a75a-691d0ac2ee29@group-DA76049FA090-LeaderElection35] INFO  impl.RoleInfo (RoleInfo.java:updateAndGet(139)) - 5b5f8b8b-8220-4f48-a75a-691d0ac2ee29: start 5b5f8b8b-8220-4f48-a75a-691d0ac2ee29@group-DA76049FA090-LeaderStateImpl
2022-08-03 01:57:31,609 [5b5f8b8b-8220-4f48-a75a-691d0ac2ee29@group-DA76049FA090-LeaderElection35] INFO  segmented.SegmentedRaftLogWorker (SegmentedRaftLogWorker.java:startLogSegment(425)) - 5b5f8b8b-8220-4f48-a75a-691d0ac2ee29@group-DA76049FA090-SegmentedRaftLogWorker: Starting segment from index:0
2022-08-03 01:57:31,611 [5b5f8b8b-8220-4f48-a75a-691d0ac2ee29@group-DA76049FA090-SegmentedRaftLogWorker] INFO  segmented.SegmentedRaftLogWorker (SegmentedRaftLogWorker.java:execute(629)) - 5b5f8b8b-8220-4f48-a75a-691d0ac2ee29@group-DA76049FA090-SegmentedRaftLogWorker: created new log segment /home/runner/work/ozone/ozone/hadoop-ozone/integration-test/target/test-dir/MiniOzoneClusterImpl-4c229dde-e64f-42f3-a5ee-349c50f14821/datanode-1/data/ratis/cadf84f5-c510-4c90-b9b3-da76049fa090/current/log_inprogress_0
2022-08-03 01:57:31,614 [5b5f8b8b-8220-4f48-a75a-691d0ac2ee29@group-DA76049FA090-LeaderElection35] INFO  server.RaftServer$Division (ServerState.java:setRaftConf(393)) - 5b5f8b8b-8220-4f48-a75a-691d0ac2ee29@group-DA76049FA090: set configuration 0: [5b5f8b8b-8220-4f48-a75a-691d0ac2ee29|rpc:10.1.0.23:38439|dataStream:|priority:1], old=null
2022-08-03 01:57:31,930 [Listener at 127.0.0.1/36611] INFO  ozone.MiniOzoneClusterImpl (MiniOzoneClusterImpl.java:lambda$waitForClusterToBeReady$0(216)) - Nodes are ready. Got 5 of 5 DN Heartbeats.
2022-08-03 01:57:31,931 [Listener at 127.0.0.1/36611] INFO  ozone.MiniOzoneClusterImpl (MiniOzoneClusterImpl.java:lambda$waitForClusterToBeReady$0(219)) - Cluster exits safe mode
2022-08-03 01:57:31,931 [Listener at 127.0.0.1/36611] INFO  ozone.MiniOzoneClusterImpl (MiniOzoneClusterImpl.java:lambda$waitForClusterToBeReady$0(221)) - SCM became leader
2022-08-03 01:57:32,062 [Listener at 127.0.0.1/36611] INFO  rpc.RpcClient (RpcClient.java:createVolume(468)) - Creating Volume: volume58070, with user01789 as owner and space quota set to -1 bytes, counts quota set to -1
2022-08-03 01:57:32,090 [OM StateMachine ApplyTransaction Thread - 0] INFO  volume.OMVolumeCreateRequest (OMVolumeCreateRequest.java:validateAndUpdateCache(195)) - created volume:volume58070 for user:user01789
2022-08-03 01:57:32,113 [Listener at 127.0.0.1/36611] INFO  rpc.RpcClient (RpcClient.java:createBucket(671)) - Creating Bucket: volume58070/bucket54574, with bucket layout LEGACY, runner as owner, Versioning false, Storage Type set to DISK and Encryption set to false 
2022-08-03 01:57:32,120 [OM StateMachine ApplyTransaction Thread - 0] INFO  bucket.OMBucketCreateRequest (OMBucketCreateRequest.java:validateAndUpdateCache(260)) - created bucket: bucket54574 of layout LEGACY in volume: volume58070
]]></system-out>
  </testcase>
  <testcase name="testGetTrashRoot" classname="TestOzoneFileSystem" time="54.903">
    <system-out><![CDATA[2022-08-03 01:58:07,117 [Listener at 127.0.0.1/36611] INFO  ozone.MiniOzoneClusterImpl (MiniOzoneClusterImpl.java:shutdown(448)) - Shutting down the Mini Ozone Cluster
2022-08-03 01:58:07,118 [Listener at 127.0.0.1/36611] INFO  ozone.MiniOzoneClusterImpl (MiniOzoneClusterImpl.java:stop(463)) - Stopping the Mini Ozone Cluster
2022-08-03 01:58:07,118 [Listener at 127.0.0.1/36611] INFO  ozone.MiniOzoneClusterImpl (MiniOzoneClusterImpl.java:stopOM(545)) - Stopping the OzoneManager
2022-08-03 01:58:07,118 [Listener at 127.0.0.1/36611] INFO  om.OzoneManager (OzoneManager.java:stop(2021)) - om1[localhost:0]: Stopping Ozone Manager
2022-08-03 01:58:07,118 [Listener at 127.0.0.1/36611] INFO  ipc.Server (Server.java:stop(3414)) - Stopping server on 36611
2022-08-03 01:58:07,138 [IPC Server Responder] INFO  ipc.Server (Server.java:run(1512)) - Stopping IPC Server Responder
2022-08-03 01:58:07,138 [IPC Server listener on 0] INFO  ipc.Server (Server.java:run(1376)) - Stopping IPC Server listener on 0
2022-08-03 01:58:07,168 [Listener at 127.0.0.1/36611] INFO  server.RaftServer (RaftServerProxy.java:lambda$close$7(398)) - om1: close
2022-08-03 01:58:07,169 [Listener at 127.0.0.1/36611] INFO  server.RaftServer$Division (RaftServerImpl.java:lambda$close$4(434)) - om1@group-C5BA1605619E: shutdown
2022-08-03 01:58:07,169 [Listener at 127.0.0.1/36611] INFO  util.JmxRegister (JmxRegister.java:unregister(73)) - Successfully un-registered JMX Bean with object name Ratis:service=RaftServer,group=group-C5BA1605619E,id=om1
2022-08-03 01:58:07,169 [Listener at 127.0.0.1/36611] INFO  impl.RoleInfo (RoleInfo.java:shutdownLeaderState(93)) - om1: shutdown om1@group-C5BA1605619E-LeaderStateImpl
2022-08-03 01:58:07,169 [Listener at 127.0.0.1/36611] INFO  impl.PendingRequests (PendingRequests.java:sendNotLeaderResponses(282)) - om1@group-C5BA1605619E-PendingRequests: sendNotLeaderResponses
2022-08-03 01:58:07,249 [Listener at 127.0.0.1/36611] INFO  impl.StateMachineUpdater (StateMachineUpdater.java:stopAndJoin(153)) - om1@group-C5BA1605619E-StateMachineUpdater: set stopIndex = 10304
2022-08-03 01:58:07,250 [om1@group-C5BA1605619E-StateMachineUpdater] INFO  ratis.OzoneManagerStateMachine (OzoneManagerStateMachine.java:takeSnapshot(441)) - Current Snapshot Index (t:1, i:10304)
2022-08-03 01:58:07,250 [om1@group-C5BA1605619E-StateMachineUpdater] INFO  impl.StateMachineUpdater (StateMachineUpdater.java:takeSnapshot(287)) - om1@group-C5BA1605619E-StateMachineUpdater: Took a snapshot at index 10304
2022-08-03 01:58:07,251 [om1@group-C5BA1605619E-StateMachineUpdater] INFO  impl.StateMachineUpdater (StateMachineUpdater.java:lambda$new$0(92)) - om1@group-C5BA1605619E-StateMachineUpdater: snapshotIndex: updateIncreasingly -1 -> 10304
2022-08-03 01:58:07,251 [om1@group-C5BA1605619E-StateMachineUpdater] INFO  ratis.OzoneManagerStateMachine (OzoneManagerStateMachine.java:close(495)) - StateMachine has shutdown. Shutdown OzoneManager if not already shutdown.
2022-08-03 01:58:07,251 [om1@group-C5BA1605619E-StateMachineUpdater] INFO  ratis.OzoneManagerDoubleBuffer (OzoneManagerDoubleBuffer.java:stop(466)) - Stopping OMDoubleBuffer flush thread
2022-08-03 01:58:07,266 [OMDoubleBufferFlushThread] INFO  ratis.OzoneManagerDoubleBuffer (OzoneManagerDoubleBuffer.java:flushTransactions(385)) - OMDoubleBuffer flush thread OMDoubleBufferFlushThread is interrupted and will exit.
2022-08-03 01:58:07,266 [Listener at 127.0.0.1/36611] INFO  server.RaftServer$Division (ServerState.java:close(429)) - om1@group-C5BA1605619E: closes. applyIndex: 10304
2022-08-03 01:58:07,267 [om1@group-C5BA1605619E-SegmentedRaftLogWorker] INFO  segmented.SegmentedRaftLogWorker (SegmentedRaftLogWorker.java:run(336)) - om1@group-C5BA1605619E-SegmentedRaftLogWorker was interrupted, exiting. There are 0 tasks remaining in the queue.
2022-08-03 01:58:07,269 [Listener at 127.0.0.1/36611] INFO  segmented.SegmentedRaftLogWorker (SegmentedRaftLogWorker.java:close(246)) - om1@group-C5BA1605619E-SegmentedRaftLogWorker close()
2022-08-03 01:58:07,274 [Listener at 127.0.0.1/36611] INFO  server.GrpcService (GrpcService.java:closeImpl(269)) - om1: shutdown server with port 9872 now
2022-08-03 01:58:07,275 [Listener at 127.0.0.1/36611] INFO  server.GrpcService (GrpcService.java:closeImpl(278)) - om1: shutdown server with port 9872 successfully
2022-08-03 01:58:07,275 [org.apache.ratis.util.JvmPauseMonitor$$Lambda$631/606875044@23a9dde] INFO  util.JvmPauseMonitor (JvmPauseMonitor.java:run(109)) - JvmPauseMonitor-om1: Stopped
2022-08-03 01:58:07,275 [Listener at 127.0.0.1/36611] INFO  ratis.OzoneManagerStateMachine (OzoneManagerStateMachine.java:close(495)) - StateMachine has shutdown. Shutdown OzoneManager if not already shutdown.
2022-08-03 01:58:07,275 [Listener at 127.0.0.1/36611] INFO  ratis.OzoneManagerDoubleBuffer (OzoneManagerDoubleBuffer.java:stop(478)) - OMDoubleBuffer flush thread is not running.
2022-08-03 01:58:07,276 [Listener at 127.0.0.1/36611] INFO  utils.BackgroundService (BackgroundService.java:shutdown(141)) - Shutting down service KeyDeletingService
2022-08-03 01:58:07,276 [Listener at 127.0.0.1/36611] INFO  utils.BackgroundService (BackgroundService.java:shutdown(141)) - Shutting down service DirectoryDeletingService
2022-08-03 01:58:07,276 [Listener at 127.0.0.1/36611] INFO  utils.BackgroundService (BackgroundService.java:shutdown(141)) - Shutting down service OpenKeyCleanupService
2022-08-03 01:58:07,277 [Listener at 127.0.0.1/36611] INFO  handler.ContextHandler (ContextHandler.java:doStop(1153)) - Stopped o.e.j.w.WebAppContext@53bb97f3{ozoneManager,/,null,STOPPED}{file:/home/runner/work/ozone/ozone/hadoop-ozone/integration-test/target/test-classes/webapps/ozoneManager}
2022-08-03 01:58:07,277 [Listener at 127.0.0.1/36611] INFO  server.AbstractConnector (AbstractConnector.java:doStop(381)) - Stopped ServerConnector@386251be{HTTP/1.1, (http/1.1)}{0.0.0.0:0}
2022-08-03 01:58:07,278 [Listener at 127.0.0.1/36611] INFO  server.session (HouseKeeper.java:stopScavenging(149)) - node0 Stopped scavenging
2022-08-03 01:58:07,278 [Listener at 127.0.0.1/36611] INFO  handler.ContextHandler (ContextHandler.java:doStop(1153)) - Stopped o.e.j.s.ServletContextHandler@44de4aa1{static,/static,file:///home/runner/work/ozone/ozone/hadoop-ozone/integration-test/target/test-classes/webapps/static,STOPPED}
2022-08-03 01:58:07,278 [Listener at 127.0.0.1/36611] INFO  handler.ContextHandler (ContextHandler.java:doStop(1153)) - Stopped o.e.j.s.ServletContextHandler@6d2726d6{logs,/logs,file:///home/runner/work/ozone/ozone/hadoop-ozone/integration-test/target/log,STOPPED}
2022-08-03 01:58:07,291 [Listener at 127.0.0.1/36611] INFO  ozone.MiniOzoneClusterImpl (MiniOzoneClusterImpl.java:stopDatanodes(522)) - Stopping the HddsDatanodes
2022-08-03 01:58:07,316 [Trash Emptier] ERROR om.TrashPolicyOzone (TrashPolicyOzone.java:run(251)) - Error attempting to shutdown
java.lang.InterruptedException
	at java.util.concurrent.locks.AbstractQueuedSynchronizer$ConditionObject.awaitNanos(AbstractQueuedSynchronizer.java:2067)
	at java.util.concurrent.ThreadPoolExecutor.awaitTermination(ThreadPoolExecutor.java:1475)
	at org.apache.hadoop.ozone.om.TrashPolicyOzone$Emptier.run(TrashPolicyOzone.java:249)
	at java.lang.Thread.run(Thread.java:750)
2022-08-03 01:58:07,317 [Trash Emptier] ERROR util.ExitUtils (ExitUtils.java:terminate(133)) - Terminating with exit status -1: Thread[Trash Emptier,5,main] has thrown an uncaught exception
java.lang.UnsupportedOperationException: fs.getUri() not implemented in TrashOzoneFileSystem
	at org.apache.hadoop.ozone.om.TrashOzoneFileSystem.getUri(TrashOzoneFileSystem.java:126)
	at org.apache.hadoop.fs.FileSystem.close(FileSystem.java:2592)
	at org.apache.hadoop.ozone.om.TrashPolicyOzone$Emptier.run(TrashPolicyOzone.java:243)
	at java.lang.Thread.run(Thread.java:750)
2022-08-03 01:58:12,309 [Listener at 127.0.0.1/36611] INFO  ozoneimpl.OzoneContainer (OzoneContainer.java:stop(399)) - Attempting to stop container services.
2022-08-03 01:58:12,310 [Listener at 127.0.0.1/36611] INFO  server.RaftServer (RaftServerProxy.java:lambda$close$7(398)) - a4799b55-2371-4bfe-9a20-b87f9c8dba04: close
2022-08-03 01:58:12,311 [Listener at 127.0.0.1/36611] INFO  server.RaftServer$Division (RaftServerImpl.java:lambda$close$4(434)) - a4799b55-2371-4bfe-9a20-b87f9c8dba04@group-BD8D8EA9F3C7: shutdown
2022-08-03 01:58:12,311 [Listener at 127.0.0.1/36611] INFO  util.JmxRegister (JmxRegister.java:unregister(73)) - Successfully un-registered JMX Bean with object name Ratis:service=RaftServer,group=group-BD8D8EA9F3C7,id=a4799b55-2371-4bfe-9a20-b87f9c8dba04
2022-08-03 01:58:12,311 [Listener at 127.0.0.1/36611] INFO  impl.RoleInfo (RoleInfo.java:shutdownFollowerState(110)) - a4799b55-2371-4bfe-9a20-b87f9c8dba04: shutdown a4799b55-2371-4bfe-9a20-b87f9c8dba04@group-BD8D8EA9F3C7-FollowerState
2022-08-03 01:58:12,311 [Listener at 127.0.0.1/36611] INFO  impl.StateMachineUpdater (StateMachineUpdater.java:stopAndJoin(153)) - a4799b55-2371-4bfe-9a20-b87f9c8dba04@group-BD8D8EA9F3C7-StateMachineUpdater: set stopIndex = 0
2022-08-03 01:58:12,312 [a4799b55-2371-4bfe-9a20-b87f9c8dba04@group-BD8D8EA9F3C7-FollowerState] INFO  impl.FollowerState (FollowerState.java:run(152)) - a4799b55-2371-4bfe-9a20-b87f9c8dba04@group-BD8D8EA9F3C7-FollowerState was interrupted
2022-08-03 01:58:12,321 [ForkJoinPool.commonPool-worker-1] INFO  ozoneimpl.OzoneContainer (OzoneContainer.java:stop(399)) - Attempting to stop container services.
2022-08-03 01:58:12,324 [ForkJoinPool.commonPool-worker-1] INFO  server.RaftServer (RaftServerProxy.java:lambda$close$7(398)) - 5b5f8b8b-8220-4f48-a75a-691d0ac2ee29: close
2022-08-03 01:58:12,325 [ForkJoinPool.commonPool-worker-1] INFO  server.RaftServer$Division (RaftServerImpl.java:lambda$close$4(434)) - 5b5f8b8b-8220-4f48-a75a-691d0ac2ee29@group-BD8D8EA9F3C7: shutdown
2022-08-03 01:58:12,325 [ForkJoinPool.commonPool-worker-1] INFO  util.JmxRegister (JmxRegister.java:unregister(73)) - Successfully un-registered JMX Bean with object name Ratis:service=RaftServer,group=group-BD8D8EA9F3C7,id=5b5f8b8b-8220-4f48-a75a-691d0ac2ee29
2022-08-03 01:58:12,325 [ForkJoinPool.commonPool-worker-1] INFO  impl.RoleInfo (RoleInfo.java:shutdownLeaderState(93)) - 5b5f8b8b-8220-4f48-a75a-691d0ac2ee29: shutdown 5b5f8b8b-8220-4f48-a75a-691d0ac2ee29@group-BD8D8EA9F3C7-LeaderStateImpl
2022-08-03 01:58:12,325 [ForkJoinPool.commonPool-worker-1] INFO  impl.PendingRequests (PendingRequests.java:sendNotLeaderResponses(282)) - 5b5f8b8b-8220-4f48-a75a-691d0ac2ee29@group-BD8D8EA9F3C7-PendingRequests: sendNotLeaderResponses
2022-08-03 01:58:12,325 [5b5f8b8b-8220-4f48-a75a-691d0ac2ee29@group-BD8D8EA9F3C7->49c4bd74-e934-49fb-9588-8a6634b350da-GrpcLogAppender-LogAppenderDaemon] WARN  server.GrpcLogAppender (GrpcLogAppender.java:mayWait(171)) - 5b5f8b8b-8220-4f48-a75a-691d0ac2ee29@group-BD8D8EA9F3C7->49c4bd74-e934-49fb-9588-8a6634b350da-GrpcLogAppender: Wait interrupted by java.lang.InterruptedException
2022-08-03 01:58:12,326 [ForkJoinPool.commonPool-worker-1] INFO  impl.StateMachineUpdater (StateMachineUpdater.java:stopAndJoin(153)) - 5b5f8b8b-8220-4f48-a75a-691d0ac2ee29@group-BD8D8EA9F3C7-StateMachineUpdater: set stopIndex = 0
2022-08-03 01:58:12,326 [5b5f8b8b-8220-4f48-a75a-691d0ac2ee29@group-BD8D8EA9F3C7-StateMachineUpdater] INFO  ratis.ContainerStateMachine (ContainerStateMachine.java:takeSnapshot(304)) - group-BD8D8EA9F3C7: Taking a snapshot at:(t:2, i:0) file /home/runner/work/ozone/ozone/hadoop-ozone/integration-test/target/test-dir/MiniOzoneClusterImpl-4c229dde-e64f-42f3-a5ee-349c50f14821/datanode-1/data/ratis/41d892b9-e4a2-4f70-85c0-bd8d8ea9f3c7/sm/snapshot.2_0
2022-08-03 01:58:12,326 [5b5f8b8b-8220-4f48-a75a-691d0ac2ee29@group-BD8D8EA9F3C7->a4799b55-2371-4bfe-9a20-b87f9c8dba04-GrpcLogAppender-LogAppenderDaemon] WARN  server.GrpcLogAppender (GrpcLogAppender.java:mayWait(171)) - 5b5f8b8b-8220-4f48-a75a-691d0ac2ee29@group-BD8D8EA9F3C7->a4799b55-2371-4bfe-9a20-b87f9c8dba04-GrpcLogAppender: Wait interrupted by java.lang.InterruptedException
2022-08-03 01:58:12,326 [grpc-default-executor-2] INFO  server.GrpcServerProtocolService (GrpcServerProtocolService.java:onCompleted(140)) - 49c4bd74-e934-49fb-9588-8a6634b350da: Completed APPEND_ENTRIES, lastRequest: 5b5f8b8b-8220-4f48-a75a-691d0ac2ee29->49c4bd74-e934-49fb-9588-8a6634b350da#1-t2,previous=(t:0, i:0),leaderCommit=-1,initializing? true,entries: size=1, first=(t:2, i:0), CONFIGURATIONENTRY
2022-08-03 01:58:12,329 [a4799b55-2371-4bfe-9a20-b87f9c8dba04@group-BD8D8EA9F3C7-StateMachineUpdater] INFO  ratis.ContainerStateMachine (ContainerStateMachine.java:takeSnapshot(304)) - group-BD8D8EA9F3C7: Taking a snapshot at:(t:2, i:0) file /home/runner/work/ozone/ozone/hadoop-ozone/integration-test/target/test-dir/MiniOzoneClusterImpl-4c229dde-e64f-42f3-a5ee-349c50f14821/datanode-2/data/ratis/41d892b9-e4a2-4f70-85c0-bd8d8ea9f3c7/sm/snapshot.2_0
2022-08-03 01:58:12,332 [a4799b55-2371-4bfe-9a20-b87f9c8dba04@group-BD8D8EA9F3C7-StateMachineUpdater] INFO  ratis.ContainerStateMachine (ContainerStateMachine.java:takeSnapshot(315)) - group-BD8D8EA9F3C7: Finished taking a snapshot at:(t:2, i:0) file:/home/runner/work/ozone/ozone/hadoop-ozone/integration-test/target/test-dir/MiniOzoneClusterImpl-4c229dde-e64f-42f3-a5ee-349c50f14821/datanode-2/data/ratis/41d892b9-e4a2-4f70-85c0-bd8d8ea9f3c7/sm/snapshot.2_0 took: 4 ms
2022-08-03 01:58:12,332 [a4799b55-2371-4bfe-9a20-b87f9c8dba04@group-BD8D8EA9F3C7-StateMachineUpdater] INFO  impl.StateMachineUpdater (StateMachineUpdater.java:takeSnapshot(287)) - a4799b55-2371-4bfe-9a20-b87f9c8dba04@group-BD8D8EA9F3C7-StateMachineUpdater: Took a snapshot at index 0
2022-08-03 01:58:12,332 [a4799b55-2371-4bfe-9a20-b87f9c8dba04@group-BD8D8EA9F3C7-StateMachineUpdater] INFO  impl.StateMachineUpdater (StateMachineUpdater.java:lambda$new$0(92)) - a4799b55-2371-4bfe-9a20-b87f9c8dba04@group-BD8D8EA9F3C7-StateMachineUpdater: snapshotIndex: updateIncreasingly -1 -> 0
2022-08-03 01:58:12,353 [5b5f8b8b-8220-4f48-a75a-691d0ac2ee29@group-BD8D8EA9F3C7-StateMachineUpdater] INFO  ratis.ContainerStateMachine (ContainerStateMachine.java:takeSnapshot(315)) - group-BD8D8EA9F3C7: Finished taking a snapshot at:(t:2, i:0) file:/home/runner/work/ozone/ozone/hadoop-ozone/integration-test/target/test-dir/MiniOzoneClusterImpl-4c229dde-e64f-42f3-a5ee-349c50f14821/datanode-1/data/ratis/41d892b9-e4a2-4f70-85c0-bd8d8ea9f3c7/sm/snapshot.2_0 took: 26 ms
2022-08-03 01:58:12,376 [grpc-default-executor-0] INFO  server.GrpcLogAppender (GrpcLogAppender.java:onCompleted(339)) - 5b5f8b8b-8220-4f48-a75a-691d0ac2ee29@group-BD8D8EA9F3C7->49c4bd74-e934-49fb-9588-8a6634b350da-AppendLogResponseHandler: follower responses appendEntries COMPLETED
2022-08-03 01:58:12,377 [grpc-default-executor-0] INFO  leader.FollowerInfo (FollowerInfoImpl.java:lambda$new$0(48)) - 5b5f8b8b-8220-4f48-a75a-691d0ac2ee29@group-BD8D8EA9F3C7->49c4bd74-e934-49fb-9588-8a6634b350da: nextIndex: updateUnconditionally 1 -> 0
2022-08-03 01:58:12,377 [Listener at 127.0.0.1/36611] INFO  server.RaftServer$Division (ServerState.java:close(429)) - a4799b55-2371-4bfe-9a20-b87f9c8dba04@group-BD8D8EA9F3C7: closes. applyIndex: 0
2022-08-03 01:58:12,377 [a4799b55-2371-4bfe-9a20-b87f9c8dba04@group-BD8D8EA9F3C7-SegmentedRaftLogWorker] INFO  segmented.SegmentedRaftLogWorker (SegmentedRaftLogWorker.java:run(336)) - a4799b55-2371-4bfe-9a20-b87f9c8dba04@group-BD8D8EA9F3C7-SegmentedRaftLogWorker was interrupted, exiting. There are 0 tasks remaining in the queue.
2022-08-03 01:58:12,377 [5b5f8b8b-8220-4f48-a75a-691d0ac2ee29@group-BD8D8EA9F3C7-StateMachineUpdater] INFO  impl.StateMachineUpdater (StateMachineUpdater.java:takeSnapshot(287)) - 5b5f8b8b-8220-4f48-a75a-691d0ac2ee29@group-BD8D8EA9F3C7-StateMachineUpdater: Took a snapshot at index 0
2022-08-03 01:58:12,378 [5b5f8b8b-8220-4f48-a75a-691d0ac2ee29@group-BD8D8EA9F3C7-StateMachineUpdater] INFO  impl.StateMachineUpdater (StateMachineUpdater.java:lambda$new$0(92)) - 5b5f8b8b-8220-4f48-a75a-691d0ac2ee29@group-BD8D8EA9F3C7-StateMachineUpdater: snapshotIndex: updateIncreasingly -1 -> 0
2022-08-03 01:58:12,377 [grpc-default-executor-1] INFO  server.GrpcServerProtocolService (GrpcServerProtocolService.java:onCompleted(140)) - a4799b55-2371-4bfe-9a20-b87f9c8dba04: Completed APPEND_ENTRIES, lastRequest: 5b5f8b8b-8220-4f48-a75a-691d0ac2ee29->a4799b55-2371-4bfe-9a20-b87f9c8dba04#1-t2,previous=(t:0, i:0),leaderCommit=-1,initializing? true,entries: size=1, first=(t:2, i:0), CONFIGURATIONENTRY
2022-08-03 01:58:12,379 [Listener at 127.0.0.1/36611] INFO  segmented.SegmentedRaftLogWorker (SegmentedRaftLogWorker.java:close(246)) - a4799b55-2371-4bfe-9a20-b87f9c8dba04@group-BD8D8EA9F3C7-SegmentedRaftLogWorker close()
2022-08-03 01:58:12,403 [ForkJoinPool.commonPool-worker-1] INFO  server.RaftServer$Division (ServerState.java:close(429)) - 5b5f8b8b-8220-4f48-a75a-691d0ac2ee29@group-BD8D8EA9F3C7: closes. applyIndex: 0
2022-08-03 01:58:12,404 [5b5f8b8b-8220-4f48-a75a-691d0ac2ee29@group-BD8D8EA9F3C7-SegmentedRaftLogWorker] INFO  segmented.SegmentedRaftLogWorker (SegmentedRaftLogWorker.java:run(336)) - 5b5f8b8b-8220-4f48-a75a-691d0ac2ee29@group-BD8D8EA9F3C7-SegmentedRaftLogWorker was interrupted, exiting. There are 0 tasks remaining in the queue.
2022-08-03 01:58:12,404 [grpc-default-executor-0] INFO  server.GrpcLogAppender (GrpcLogAppender.java:onCompleted(339)) - 5b5f8b8b-8220-4f48-a75a-691d0ac2ee29@group-BD8D8EA9F3C7->a4799b55-2371-4bfe-9a20-b87f9c8dba04-AppendLogResponseHandler: follower responses appendEntries COMPLETED
2022-08-03 01:58:12,405 [ForkJoinPool.commonPool-worker-1] INFO  segmented.SegmentedRaftLogWorker (SegmentedRaftLogWorker.java:close(246)) - 5b5f8b8b-8220-4f48-a75a-691d0ac2ee29@group-BD8D8EA9F3C7-SegmentedRaftLogWorker close()
2022-08-03 01:58:12,406 [Listener at 127.0.0.1/36611] INFO  server.RaftServer$Division (RaftServerImpl.java:lambda$close$4(434)) - a4799b55-2371-4bfe-9a20-b87f9c8dba04@group-949CECB533D9: shutdown
2022-08-03 01:58:12,406 [Listener at 127.0.0.1/36611] INFO  util.JmxRegister (JmxRegister.java:unregister(73)) - Successfully un-registered JMX Bean with object name Ratis:service=RaftServer,group=group-949CECB533D9,id=a4799b55-2371-4bfe-9a20-b87f9c8dba04
2022-08-03 01:58:12,407 [Listener at 127.0.0.1/36611] INFO  impl.RoleInfo (RoleInfo.java:shutdownLeaderState(93)) - a4799b55-2371-4bfe-9a20-b87f9c8dba04: shutdown a4799b55-2371-4bfe-9a20-b87f9c8dba04@group-949CECB533D9-LeaderStateImpl
2022-08-03 01:58:12,407 [Listener at 127.0.0.1/36611] INFO  impl.PendingRequests (PendingRequests.java:sendNotLeaderResponses(282)) - a4799b55-2371-4bfe-9a20-b87f9c8dba04@group-949CECB533D9-PendingRequests: sendNotLeaderResponses
2022-08-03 01:58:12,408 [Listener at 127.0.0.1/36611] INFO  impl.StateMachineUpdater (StateMachineUpdater.java:stopAndJoin(153)) - a4799b55-2371-4bfe-9a20-b87f9c8dba04@group-949CECB533D9-StateMachineUpdater: set stopIndex = 0
2022-08-03 01:58:12,409 [ForkJoinPool.commonPool-worker-1] INFO  server.RaftServer$Division (RaftServerImpl.java:lambda$close$4(434)) - 5b5f8b8b-8220-4f48-a75a-691d0ac2ee29@group-DA76049FA090: shutdown
2022-08-03 01:58:12,409 [ForkJoinPool.commonPool-worker-1] INFO  util.JmxRegister (JmxRegister.java:unregister(73)) - Successfully un-registered JMX Bean with object name Ratis:service=RaftServer,group=group-DA76049FA090,id=5b5f8b8b-8220-4f48-a75a-691d0ac2ee29
2022-08-03 01:58:12,409 [ForkJoinPool.commonPool-worker-1] INFO  impl.RoleInfo (RoleInfo.java:shutdownLeaderState(93)) - 5b5f8b8b-8220-4f48-a75a-691d0ac2ee29: shutdown 5b5f8b8b-8220-4f48-a75a-691d0ac2ee29@group-DA76049FA090-LeaderStateImpl
2022-08-03 01:58:12,409 [ForkJoinPool.commonPool-worker-1] INFO  impl.PendingRequests (PendingRequests.java:sendNotLeaderResponses(282)) - 5b5f8b8b-8220-4f48-a75a-691d0ac2ee29@group-DA76049FA090-PendingRequests: sendNotLeaderResponses
2022-08-03 01:58:12,410 [ForkJoinPool.commonPool-worker-1] INFO  impl.StateMachineUpdater (StateMachineUpdater.java:stopAndJoin(153)) - 5b5f8b8b-8220-4f48-a75a-691d0ac2ee29@group-DA76049FA090-StateMachineUpdater: set stopIndex = 0
2022-08-03 01:58:12,410 [5b5f8b8b-8220-4f48-a75a-691d0ac2ee29@group-DA76049FA090-StateMachineUpdater] INFO  ratis.ContainerStateMachine (ContainerStateMachine.java:takeSnapshot(304)) - group-DA76049FA090: Taking a snapshot at:(t:1, i:0) file /home/runner/work/ozone/ozone/hadoop-ozone/integration-test/target/test-dir/MiniOzoneClusterImpl-4c229dde-e64f-42f3-a5ee-349c50f14821/datanode-1/data/ratis/cadf84f5-c510-4c90-b9b3-da76049fa090/sm/snapshot.1_0
2022-08-03 01:58:12,417 [grpc-default-executor-0] INFO  leader.FollowerInfo (FollowerInfoImpl.java:lambda$new$0(48)) - 5b5f8b8b-8220-4f48-a75a-691d0ac2ee29@group-BD8D8EA9F3C7->a4799b55-2371-4bfe-9a20-b87f9c8dba04: nextIndex: updateUnconditionally 1 -> 0
2022-08-03 01:58:12,417 [5b5f8b8b-8220-4f48-a75a-691d0ac2ee29@group-DA76049FA090-StateMachineUpdater] INFO  ratis.ContainerStateMachine (ContainerStateMachine.java:takeSnapshot(315)) - group-DA76049FA090: Finished taking a snapshot at:(t:1, i:0) file:/home/runner/work/ozone/ozone/hadoop-ozone/integration-test/target/test-dir/MiniOzoneClusterImpl-4c229dde-e64f-42f3-a5ee-349c50f14821/datanode-1/data/ratis/cadf84f5-c510-4c90-b9b3-da76049fa090/sm/snapshot.1_0 took: 7 ms
2022-08-03 01:58:12,421 [5b5f8b8b-8220-4f48-a75a-691d0ac2ee29@group-DA76049FA090-StateMachineUpdater] INFO  impl.StateMachineUpdater (StateMachineUpdater.java:takeSnapshot(287)) - 5b5f8b8b-8220-4f48-a75a-691d0ac2ee29@group-DA76049FA090-StateMachineUpdater: Took a snapshot at index 0
2022-08-03 01:58:12,421 [5b5f8b8b-8220-4f48-a75a-691d0ac2ee29@group-DA76049FA090-StateMachineUpdater] INFO  impl.StateMachineUpdater (StateMachineUpdater.java:lambda$new$0(92)) - 5b5f8b8b-8220-4f48-a75a-691d0ac2ee29@group-DA76049FA090-StateMachineUpdater: snapshotIndex: updateIncreasingly -1 -> 0
2022-08-03 01:58:12,421 [ForkJoinPool.commonPool-worker-1] INFO  server.RaftServer$Division (ServerState.java:close(429)) - 5b5f8b8b-8220-4f48-a75a-691d0ac2ee29@group-DA76049FA090: closes. applyIndex: 0
2022-08-03 01:58:12,424 [5b5f8b8b-8220-4f48-a75a-691d0ac2ee29@group-DA76049FA090-SegmentedRaftLogWorker] INFO  segmented.SegmentedRaftLogWorker (SegmentedRaftLogWorker.java:run(336)) - 5b5f8b8b-8220-4f48-a75a-691d0ac2ee29@group-DA76049FA090-SegmentedRaftLogWorker was interrupted, exiting. There are 0 tasks remaining in the queue.
2022-08-03 01:58:12,428 [ForkJoinPool.commonPool-worker-1] INFO  segmented.SegmentedRaftLogWorker (SegmentedRaftLogWorker.java:close(246)) - 5b5f8b8b-8220-4f48-a75a-691d0ac2ee29@group-DA76049FA090-SegmentedRaftLogWorker close()
2022-08-03 01:58:12,429 [ForkJoinPool.commonPool-worker-1] INFO  server.RaftServer$Division (RaftServerImpl.java:lambda$close$4(434)) - 5b5f8b8b-8220-4f48-a75a-691d0ac2ee29@group-51BEAE15605F: shutdown
2022-08-03 01:58:12,429 [ForkJoinPool.commonPool-worker-1] INFO  util.JmxRegister (JmxRegister.java:unregister(73)) - Successfully un-registered JMX Bean with object name Ratis:service=RaftServer,group=group-51BEAE15605F,id=5b5f8b8b-8220-4f48-a75a-691d0ac2ee29
2022-08-03 01:58:12,429 [ForkJoinPool.commonPool-worker-1] INFO  impl.RoleInfo (RoleInfo.java:shutdownFollowerState(110)) - 5b5f8b8b-8220-4f48-a75a-691d0ac2ee29: shutdown 5b5f8b8b-8220-4f48-a75a-691d0ac2ee29@group-51BEAE15605F-FollowerState
2022-08-03 01:58:12,429 [ForkJoinPool.commonPool-worker-1] INFO  impl.StateMachineUpdater (StateMachineUpdater.java:stopAndJoin(153)) - 5b5f8b8b-8220-4f48-a75a-691d0ac2ee29@group-51BEAE15605F-StateMachineUpdater: set stopIndex = 28
2022-08-03 01:58:12,430 [5b5f8b8b-8220-4f48-a75a-691d0ac2ee29@group-51BEAE15605F-FollowerState] INFO  impl.FollowerState (FollowerState.java:run(152)) - 5b5f8b8b-8220-4f48-a75a-691d0ac2ee29@group-51BEAE15605F-FollowerState was interrupted
2022-08-03 01:58:12,430 [5b5f8b8b-8220-4f48-a75a-691d0ac2ee29@group-51BEAE15605F-StateMachineUpdater] INFO  ratis.ContainerStateMachine (ContainerStateMachine.java:takeSnapshot(304)) - group-51BEAE15605F: Taking a snapshot at:(t:1, i:28) file /home/runner/work/ozone/ozone/hadoop-ozone/integration-test/target/test-dir/MiniOzoneClusterImpl-4c229dde-e64f-42f3-a5ee-349c50f14821/datanode-1/data/ratis/08b2a85d-f35a-410e-84c7-51beae15605f/sm/snapshot.1_28
2022-08-03 01:58:12,432 [5b5f8b8b-8220-4f48-a75a-691d0ac2ee29@group-51BEAE15605F-StateMachineUpdater] INFO  ratis.ContainerStateMachine (ContainerStateMachine.java:takeSnapshot(315)) - group-51BEAE15605F: Finished taking a snapshot at:(t:1, i:28) file:/home/runner/work/ozone/ozone/hadoop-ozone/integration-test/target/test-dir/MiniOzoneClusterImpl-4c229dde-e64f-42f3-a5ee-349c50f14821/datanode-1/data/ratis/08b2a85d-f35a-410e-84c7-51beae15605f/sm/snapshot.1_28 took: 2 ms
2022-08-03 01:58:12,433 [5b5f8b8b-8220-4f48-a75a-691d0ac2ee29@group-51BEAE15605F-StateMachineUpdater] INFO  impl.StateMachineUpdater (StateMachineUpdater.java:takeSnapshot(287)) - 5b5f8b8b-8220-4f48-a75a-691d0ac2ee29@group-51BEAE15605F-StateMachineUpdater: Took a snapshot at index 28
2022-08-03 01:58:12,433 [5b5f8b8b-8220-4f48-a75a-691d0ac2ee29@group-51BEAE15605F-StateMachineUpdater] INFO  impl.StateMachineUpdater (StateMachineUpdater.java:lambda$new$0(92)) - 5b5f8b8b-8220-4f48-a75a-691d0ac2ee29@group-51BEAE15605F-StateMachineUpdater: snapshotIndex: updateIncreasingly -1 -> 28
2022-08-03 01:58:12,433 [ForkJoinPool.commonPool-worker-1] INFO  server.RaftServer$Division (ServerState.java:close(429)) - 5b5f8b8b-8220-4f48-a75a-691d0ac2ee29@group-51BEAE15605F: closes. applyIndex: 28
2022-08-03 01:58:12,434 [5b5f8b8b-8220-4f48-a75a-691d0ac2ee29@group-51BEAE15605F-SegmentedRaftLogWorker] INFO  segmented.SegmentedRaftLogWorker (SegmentedRaftLogWorker.java:run(336)) - 5b5f8b8b-8220-4f48-a75a-691d0ac2ee29@group-51BEAE15605F-SegmentedRaftLogWorker was interrupted, exiting. There are 0 tasks remaining in the queue.
2022-08-03 01:58:12,434 [ForkJoinPool.commonPool-worker-1] INFO  segmented.SegmentedRaftLogWorker (SegmentedRaftLogWorker.java:close(246)) - 5b5f8b8b-8220-4f48-a75a-691d0ac2ee29@group-51BEAE15605F-SegmentedRaftLogWorker close()
2022-08-03 01:58:12,436 [a4799b55-2371-4bfe-9a20-b87f9c8dba04@group-949CECB533D9-StateMachineUpdater] INFO  ratis.ContainerStateMachine (ContainerStateMachine.java:takeSnapshot(304)) - group-949CECB533D9: Taking a snapshot at:(t:1, i:0) file /home/runner/work/ozone/ozone/hadoop-ozone/integration-test/target/test-dir/MiniOzoneClusterImpl-4c229dde-e64f-42f3-a5ee-349c50f14821/datanode-2/data/ratis/baa3c654-44cf-48d1-948e-949cecb533d9/sm/snapshot.1_0
2022-08-03 01:58:12,437 [ForkJoinPool.commonPool-worker-1] INFO  server.GrpcService (GrpcService.java:closeImpl(269)) - 5b5f8b8b-8220-4f48-a75a-691d0ac2ee29: shutdown server with port 38439 now
2022-08-03 01:58:12,450 [grpc-default-executor-1] WARN  server.GrpcServerProtocolService (LogUtils.java:warn(122)) - 5b5f8b8b-8220-4f48-a75a-691d0ac2ee29: installSnapshot onError, lastRequest: a4799b55-2371-4bfe-9a20-b87f9c8dba04->5b5f8b8b-8220-4f48-a75a-691d0ac2ee29#383-t1,previous=(t:1, i:27),leaderCommit=26,initializing? true,entries: size=1, first=(t:1, i:28), METADATAENTRY(c:26): org.apache.ratis.thirdparty.io.grpc.StatusRuntimeException: CANCELLED: client cancelled
2022-08-03 01:58:12,454 [grpc-default-executor-2] WARN  server.GrpcLogAppender (LogUtils.java:warn(122)) - a4799b55-2371-4bfe-9a20-b87f9c8dba04@group-51BEAE15605F->5b5f8b8b-8220-4f48-a75a-691d0ac2ee29-AppendLogResponseHandler: Failed appendEntries: org.apache.ratis.thirdparty.io.grpc.StatusRuntimeException: CANCELLED: RST_STREAM closed stream. HTTP/2 error code: CANCEL
2022-08-03 01:58:12,454 [grpc-default-executor-2] INFO  leader.FollowerInfo (FollowerInfoImpl.java:lambda$new$0(48)) - a4799b55-2371-4bfe-9a20-b87f9c8dba04@group-51BEAE15605F->5b5f8b8b-8220-4f48-a75a-691d0ac2ee29: nextIndex: updateUnconditionally 29 -> 28
2022-08-03 01:58:12,486 [grpc-default-executor-0] WARN  server.GrpcLogAppender (LogUtils.java:warn(122)) - a4799b55-2371-4bfe-9a20-b87f9c8dba04@group-51BEAE15605F->5b5f8b8b-8220-4f48-a75a-691d0ac2ee29-AppendLogResponseHandler: Failed appendEntries: org.apache.ratis.thirdparty.io.grpc.StatusRuntimeException: UNAVAILABLE: io exception
2022-08-03 01:58:12,486 [grpc-default-executor-0] INFO  leader.FollowerInfo (FollowerInfoImpl.java:lambda$new$0(48)) - a4799b55-2371-4bfe-9a20-b87f9c8dba04@group-51BEAE15605F->5b5f8b8b-8220-4f48-a75a-691d0ac2ee29: nextIndex: updateUnconditionally 29 -> 28
2022-08-03 01:58:12,496 [a4799b55-2371-4bfe-9a20-b87f9c8dba04@group-949CECB533D9-StateMachineUpdater] INFO  ratis.ContainerStateMachine (ContainerStateMachine.java:takeSnapshot(315)) - group-949CECB533D9: Finished taking a snapshot at:(t:1, i:0) file:/home/runner/work/ozone/ozone/hadoop-ozone/integration-test/target/test-dir/MiniOzoneClusterImpl-4c229dde-e64f-42f3-a5ee-349c50f14821/datanode-2/data/ratis/baa3c654-44cf-48d1-948e-949cecb533d9/sm/snapshot.1_0 took: 68 ms
2022-08-03 01:58:12,496 [a4799b55-2371-4bfe-9a20-b87f9c8dba04@group-949CECB533D9-StateMachineUpdater] INFO  impl.StateMachineUpdater (StateMachineUpdater.java:takeSnapshot(287)) - a4799b55-2371-4bfe-9a20-b87f9c8dba04@group-949CECB533D9-StateMachineUpdater: Took a snapshot at index 0
2022-08-03 01:58:12,496 [a4799b55-2371-4bfe-9a20-b87f9c8dba04@group-949CECB533D9-StateMachineUpdater] INFO  impl.StateMachineUpdater (StateMachineUpdater.java:lambda$new$0(92)) - a4799b55-2371-4bfe-9a20-b87f9c8dba04@group-949CECB533D9-StateMachineUpdater: snapshotIndex: updateIncreasingly -1 -> 0
2022-08-03 01:58:12,497 [Listener at 127.0.0.1/36611] INFO  server.RaftServer$Division (ServerState.java:close(429)) - a4799b55-2371-4bfe-9a20-b87f9c8dba04@group-949CECB533D9: closes. applyIndex: 0
2022-08-03 01:58:12,497 [a4799b55-2371-4bfe-9a20-b87f9c8dba04@group-949CECB533D9-SegmentedRaftLogWorker] INFO  segmented.SegmentedRaftLogWorker (SegmentedRaftLogWorker.java:run(336)) - a4799b55-2371-4bfe-9a20-b87f9c8dba04@group-949CECB533D9-SegmentedRaftLogWorker was interrupted, exiting. There are 0 tasks remaining in the queue.
2022-08-03 01:58:12,498 [Listener at 127.0.0.1/36611] INFO  segmented.SegmentedRaftLogWorker (SegmentedRaftLogWorker.java:close(246)) - a4799b55-2371-4bfe-9a20-b87f9c8dba04@group-949CECB533D9-SegmentedRaftLogWorker close()
2022-08-03 01:58:12,500 [Listener at 127.0.0.1/36611] INFO  server.RaftServer$Division (RaftServerImpl.java:lambda$close$4(434)) - a4799b55-2371-4bfe-9a20-b87f9c8dba04@group-51BEAE15605F: shutdown
2022-08-03 01:58:12,500 [Listener at 127.0.0.1/36611] INFO  util.JmxRegister (JmxRegister.java:unregister(73)) - Successfully un-registered JMX Bean with object name Ratis:service=RaftServer,group=group-51BEAE15605F,id=a4799b55-2371-4bfe-9a20-b87f9c8dba04
2022-08-03 01:58:12,500 [Listener at 127.0.0.1/36611] INFO  impl.RoleInfo (RoleInfo.java:shutdownLeaderState(93)) - a4799b55-2371-4bfe-9a20-b87f9c8dba04: shutdown a4799b55-2371-4bfe-9a20-b87f9c8dba04@group-51BEAE15605F-LeaderStateImpl
2022-08-03 01:58:12,500 [Listener at 127.0.0.1/36611] INFO  impl.PendingRequests (PendingRequests.java:sendNotLeaderResponses(282)) - a4799b55-2371-4bfe-9a20-b87f9c8dba04@group-51BEAE15605F-PendingRequests: sendNotLeaderResponses
2022-08-03 01:58:12,500 [a4799b55-2371-4bfe-9a20-b87f9c8dba04@group-51BEAE15605F->49c4bd74-e934-49fb-9588-8a6634b350da-GrpcLogAppender-LogAppenderDaemon] WARN  server.GrpcLogAppender (GrpcLogAppender.java:mayWait(171)) - a4799b55-2371-4bfe-9a20-b87f9c8dba04@group-51BEAE15605F->49c4bd74-e934-49fb-9588-8a6634b350da-GrpcLogAppender: Wait interrupted by java.lang.InterruptedException
2022-08-03 01:58:12,500 [a4799b55-2371-4bfe-9a20-b87f9c8dba04@group-51BEAE15605F->5b5f8b8b-8220-4f48-a75a-691d0ac2ee29-GrpcLogAppender-LogAppenderDaemon] WARN  server.GrpcLogAppender (GrpcLogAppender.java:mayWait(171)) - a4799b55-2371-4bfe-9a20-b87f9c8dba04@group-51BEAE15605F->5b5f8b8b-8220-4f48-a75a-691d0ac2ee29-GrpcLogAppender: Wait interrupted by java.lang.InterruptedException
2022-08-03 01:58:12,503 [a4799b55-2371-4bfe-9a20-b87f9c8dba04@group-51BEAE15605F-StateMachineUpdater] INFO  ratis.ContainerStateMachine (ContainerStateMachine.java:takeSnapshot(304)) - group-51BEAE15605F: Taking a snapshot at:(t:1, i:28) file /home/runner/work/ozone/ozone/hadoop-ozone/integration-test/target/test-dir/MiniOzoneClusterImpl-4c229dde-e64f-42f3-a5ee-349c50f14821/datanode-2/data/ratis/08b2a85d-f35a-410e-84c7-51beae15605f/sm/snapshot.1_28
2022-08-03 01:58:12,503 [Listener at 127.0.0.1/36611] INFO  impl.StateMachineUpdater (StateMachineUpdater.java:stopAndJoin(153)) - a4799b55-2371-4bfe-9a20-b87f9c8dba04@group-51BEAE15605F-StateMachineUpdater: set stopIndex = 28
2022-08-03 01:58:12,527 [ForkJoinPool.commonPool-worker-1] INFO  server.GrpcService (GrpcService.java:closeImpl(278)) - 5b5f8b8b-8220-4f48-a75a-691d0ac2ee29: shutdown server with port 38439 successfully
2022-08-03 01:58:12,527 [org.apache.ratis.util.JvmPauseMonitor$$Lambda$631/606875044@6fe27778] INFO  util.JvmPauseMonitor (JvmPauseMonitor.java:run(109)) - JvmPauseMonitor-5b5f8b8b-8220-4f48-a75a-691d0ac2ee29: Stopped
2022-08-03 01:58:12,527 [grpc-default-executor-0] INFO  server.GrpcServerProtocolService (GrpcServerProtocolService.java:onCompleted(140)) - 49c4bd74-e934-49fb-9588-8a6634b350da: Completed APPEND_ENTRIES, lastRequest: a4799b55-2371-4bfe-9a20-b87f9c8dba04->49c4bd74-e934-49fb-9588-8a6634b350da#391-t1,previous=(t:1, i:27),leaderCommit=26,initializing? true,entries: size=1, first=(t:1, i:28), METADATAENTRY(c:26)
2022-08-03 01:58:12,527 [grpc-default-executor-1] INFO  server.GrpcLogAppender (GrpcLogAppender.java:onCompleted(339)) - a4799b55-2371-4bfe-9a20-b87f9c8dba04@group-51BEAE15605F->49c4bd74-e934-49fb-9588-8a6634b350da-AppendLogResponseHandler: follower responses appendEntries COMPLETED
2022-08-03 01:58:12,528 [grpc-default-executor-1] INFO  leader.FollowerInfo (FollowerInfoImpl.java:lambda$new$0(48)) - a4799b55-2371-4bfe-9a20-b87f9c8dba04@group-51BEAE15605F->49c4bd74-e934-49fb-9588-8a6634b350da: nextIndex: updateUnconditionally 29 -> 28
2022-08-03 01:58:12,528 [a4799b55-2371-4bfe-9a20-b87f9c8dba04@group-51BEAE15605F-StateMachineUpdater] INFO  ratis.ContainerStateMachine (ContainerStateMachine.java:takeSnapshot(315)) - group-51BEAE15605F: Finished taking a snapshot at:(t:1, i:28) file:/home/runner/work/ozone/ozone/hadoop-ozone/integration-test/target/test-dir/MiniOzoneClusterImpl-4c229dde-e64f-42f3-a5ee-349c50f14821/datanode-2/data/ratis/08b2a85d-f35a-410e-84c7-51beae15605f/sm/snapshot.1_28 took: 25 ms
2022-08-03 01:58:12,528 [a4799b55-2371-4bfe-9a20-b87f9c8dba04@group-51BEAE15605F-StateMachineUpdater] INFO  impl.StateMachineUpdater (StateMachineUpdater.java:takeSnapshot(287)) - a4799b55-2371-4bfe-9a20-b87f9c8dba04@group-51BEAE15605F-StateMachineUpdater: Took a snapshot at index 28
2022-08-03 01:58:12,528 [a4799b55-2371-4bfe-9a20-b87f9c8dba04@group-51BEAE15605F-StateMachineUpdater] INFO  impl.StateMachineUpdater (StateMachineUpdater.java:lambda$new$0(92)) - a4799b55-2371-4bfe-9a20-b87f9c8dba04@group-51BEAE15605F-StateMachineUpdater: snapshotIndex: updateIncreasingly -1 -> 28
2022-08-03 01:58:12,531 [Listener at 127.0.0.1/36611] INFO  server.RaftServer$Division (ServerState.java:close(429)) - a4799b55-2371-4bfe-9a20-b87f9c8dba04@group-51BEAE15605F: closes. applyIndex: 28
2022-08-03 01:58:12,531 [a4799b55-2371-4bfe-9a20-b87f9c8dba04@group-51BEAE15605F-SegmentedRaftLogWorker] INFO  segmented.SegmentedRaftLogWorker (SegmentedRaftLogWorker.java:run(336)) - a4799b55-2371-4bfe-9a20-b87f9c8dba04@group-51BEAE15605F-SegmentedRaftLogWorker was interrupted, exiting. There are 0 tasks remaining in the queue.
2022-08-03 01:58:12,531 [Listener at 127.0.0.1/36611] INFO  segmented.SegmentedRaftLogWorker (SegmentedRaftLogWorker.java:close(246)) - a4799b55-2371-4bfe-9a20-b87f9c8dba04@group-51BEAE15605F-SegmentedRaftLogWorker close()
2022-08-03 01:58:12,533 [Listener at 127.0.0.1/36611] INFO  server.GrpcService (GrpcService.java:closeImpl(269)) - a4799b55-2371-4bfe-9a20-b87f9c8dba04: shutdown server with port 40755 now
2022-08-03 01:58:12,550 [grpc-default-executor-1] WARN  server.GrpcClientProtocolService (LogUtils.java:warn(122)) - 1-UnorderedRequestStreamObserver1: onError: org.apache.ratis.thirdparty.io.grpc.StatusRuntimeException: CANCELLED: client cancelled
2022-08-03 01:58:12,560 [Listener at 127.0.0.1/36611] INFO  server.GrpcService (GrpcService.java:closeImpl(278)) - a4799b55-2371-4bfe-9a20-b87f9c8dba04: shutdown server with port 40755 successfully
2022-08-03 01:58:12,561 [org.apache.ratis.util.JvmPauseMonitor$$Lambda$631/606875044@26932edb] INFO  util.JvmPauseMonitor (JvmPauseMonitor.java:run(109)) - JvmPauseMonitor-a4799b55-2371-4bfe-9a20-b87f9c8dba04: Stopped
2022-08-03 01:58:13,861 [UnderReplicatedQueueThreadThread] INFO  replication.UnderReplicatedProcessor (UnderReplicatedProcessor.java:processAll(85)) - Processed 0 under replicated containers, failed processing 0
2022-08-03 01:58:13,862 [OverReplicatedQueueThreadThread] INFO  replication.OverReplicatedProcessor (OverReplicatedProcessor.java:processAll(83)) - Processed 0 over replicated containers, failed processing 0
2022-08-03 01:58:14,602 [Listener at 127.0.0.1/36611] INFO  utils.BackgroundService (BackgroundService.java:shutdown(141)) - Shutting down service BlockDeletingService
2022-08-03 01:58:14,609 [ForkJoinPool.commonPool-worker-1] INFO  utils.BackgroundService (BackgroundService.java:shutdown(141)) - Shutting down service BlockDeletingService
2022-08-03 01:58:14,610 [ForkJoinPool.commonPool-worker-1] INFO  utils.BackgroundService (BackgroundService.java:shutdown(141)) - Shutting down service StaleRecoveringContainerScrubbingService
2022-08-03 01:58:14,630 [Listener at 127.0.0.1/36611] INFO  utils.BackgroundService (BackgroundService.java:shutdown(141)) - Shutting down service StaleRecoveringContainerScrubbingService
2022-08-03 01:58:16,760 [49c4bd74-e934-49fb-9588-8a6634b350da@group-51BEAE15605F-FollowerState] INFO  impl.FollowerState (FollowerState.java:run(143)) - 49c4bd74-e934-49fb-9588-8a6634b350da@group-51BEAE15605F-FollowerState: change to CANDIDATE, lastRpcElapsedTime:5341956961ns, electionTimeout:5151ms
2022-08-03 01:58:16,760 [49c4bd74-e934-49fb-9588-8a6634b350da@group-51BEAE15605F-FollowerState] INFO  impl.RoleInfo (RoleInfo.java:shutdownFollowerState(110)) - 49c4bd74-e934-49fb-9588-8a6634b350da: shutdown 49c4bd74-e934-49fb-9588-8a6634b350da@group-51BEAE15605F-FollowerState
2022-08-03 01:58:16,760 [49c4bd74-e934-49fb-9588-8a6634b350da@group-51BEAE15605F-FollowerState] INFO  server.RaftServer$Division (RaftServerImpl.java:setRole(299)) - 49c4bd74-e934-49fb-9588-8a6634b350da@group-51BEAE15605F: changes role from  FOLLOWER to CANDIDATE at term 1 for changeToCandidate
2022-08-03 01:58:16,761 [49c4bd74-e934-49fb-9588-8a6634b350da@group-51BEAE15605F-FollowerState] INFO  server.RaftServerConfigKeys (ConfUtils.java:logGet(46)) - raft.server.leaderelection.pre-vote = false (custom)
2022-08-03 01:58:16,761 [49c4bd74-e934-49fb-9588-8a6634b350da@group-51BEAE15605F-FollowerState] INFO  impl.RoleInfo (RoleInfo.java:updateAndGet(139)) - 49c4bd74-e934-49fb-9588-8a6634b350da: start 49c4bd74-e934-49fb-9588-8a6634b350da@group-51BEAE15605F-LeaderElection40
2022-08-03 01:58:16,765 [49c4bd74-e934-49fb-9588-8a6634b350da@group-51BEAE15605F-LeaderElection40] INFO  server.RaftServer$Division (ServerState.java:setLeader(287)) - 49c4bd74-e934-49fb-9588-8a6634b350da@group-51BEAE15605F: change Leader from a4799b55-2371-4bfe-9a20-b87f9c8dba04 to null at term 1 for ELECTION
2022-08-03 01:58:16,781 [49c4bd74-e934-49fb-9588-8a6634b350da@group-51BEAE15605F-LeaderElection40] INFO  impl.LeaderElection (LeaderElection.java:askForVotes(310)) - 49c4bd74-e934-49fb-9588-8a6634b350da@group-51BEAE15605F-LeaderElection40 ELECTION round 0: submit vote requests at term 2 for 0: [49c4bd74-e934-49fb-9588-8a6634b350da|rpc:10.1.0.23:44111|dataStream:|priority:0, a4799b55-2371-4bfe-9a20-b87f9c8dba04|rpc:10.1.0.23:40755|dataStream:|priority:1, 5b5f8b8b-8220-4f48-a75a-691d0ac2ee29|rpc:10.1.0.23:38439|dataStream:|priority:0], old=null
2022-08-03 01:58:16,854 [49c4bd74-e934-49fb-9588-8a6634b350da@group-BD8D8EA9F3C7-FollowerState] INFO  impl.FollowerState (FollowerState.java:run(143)) - 49c4bd74-e934-49fb-9588-8a6634b350da@group-BD8D8EA9F3C7-FollowerState: change to CANDIDATE, lastRpcElapsedTime:5590850442ns, electionTimeout:5128ms
2022-08-03 01:58:16,854 [49c4bd74-e934-49fb-9588-8a6634b350da@group-BD8D8EA9F3C7-FollowerState] INFO  impl.RoleInfo (RoleInfo.java:shutdownFollowerState(110)) - 49c4bd74-e934-49fb-9588-8a6634b350da: shutdown 49c4bd74-e934-49fb-9588-8a6634b350da@group-BD8D8EA9F3C7-FollowerState
2022-08-03 01:58:16,854 [49c4bd74-e934-49fb-9588-8a6634b350da@group-BD8D8EA9F3C7-FollowerState] INFO  server.RaftServer$Division (RaftServerImpl.java:setRole(299)) - 49c4bd74-e934-49fb-9588-8a6634b350da@group-BD8D8EA9F3C7: changes role from  FOLLOWER to CANDIDATE at term 2 for changeToCandidate
2022-08-03 01:58:16,855 [49c4bd74-e934-49fb-9588-8a6634b350da@group-BD8D8EA9F3C7-FollowerState] INFO  server.RaftServerConfigKeys (ConfUtils.java:logGet(46)) - raft.server.leaderelection.pre-vote = false (custom)
2022-08-03 01:58:16,855 [49c4bd74-e934-49fb-9588-8a6634b350da@group-BD8D8EA9F3C7-FollowerState] INFO  impl.RoleInfo (RoleInfo.java:updateAndGet(139)) - 49c4bd74-e934-49fb-9588-8a6634b350da: start 49c4bd74-e934-49fb-9588-8a6634b350da@group-BD8D8EA9F3C7-LeaderElection41
2022-08-03 01:58:16,861 [49c4bd74-e934-49fb-9588-8a6634b350da@group-BD8D8EA9F3C7-LeaderElection41] INFO  server.RaftServer$Division (ServerState.java:setLeader(287)) - 49c4bd74-e934-49fb-9588-8a6634b350da@group-BD8D8EA9F3C7: change Leader from 5b5f8b8b-8220-4f48-a75a-691d0ac2ee29 to null at term 2 for ELECTION
2022-08-03 01:58:16,881 [49c4bd74-e934-49fb-9588-8a6634b350da@group-51BEAE15605F-LeaderElection40] INFO  impl.LeaderElection (LogUtils.java:infoOrTrace(137)) - 49c4bd74-e934-49fb-9588-8a6634b350da@group-51BEAE15605F-LeaderElection40 got exception when requesting votes: java.util.concurrent.ExecutionException: org.apache.ratis.thirdparty.io.grpc.StatusRuntimeException: UNAVAILABLE: io exception
2022-08-03 01:58:16,881 [49c4bd74-e934-49fb-9588-8a6634b350da@group-51BEAE15605F-LeaderElection40] INFO  impl.LeaderElection (LogUtils.java:infoOrTrace(137)) - 49c4bd74-e934-49fb-9588-8a6634b350da@group-51BEAE15605F-LeaderElection40 got exception when requesting votes: java.util.concurrent.ExecutionException: org.apache.ratis.thirdparty.io.grpc.StatusRuntimeException: UNAVAILABLE: io exception
2022-08-03 01:58:16,883 [49c4bd74-e934-49fb-9588-8a6634b350da@group-51BEAE15605F-LeaderElection40] INFO  impl.LeaderElection (LeaderElection.java:logAndReturn(90)) - 49c4bd74-e934-49fb-9588-8a6634b350da@group-51BEAE15605F-LeaderElection40: ELECTION REJECTED received 0 response(s) and 2 exception(s):
2022-08-03 01:58:16,883 [49c4bd74-e934-49fb-9588-8a6634b350da@group-51BEAE15605F-LeaderElection40] INFO  impl.LeaderElection (LogUtils.java:infoOrTrace(137)) -   Exception 0: java.util.concurrent.ExecutionException: org.apache.ratis.thirdparty.io.grpc.StatusRuntimeException: UNAVAILABLE: io exception
2022-08-03 01:58:16,883 [49c4bd74-e934-49fb-9588-8a6634b350da@group-51BEAE15605F-LeaderElection40] INFO  impl.LeaderElection (LogUtils.java:infoOrTrace(137)) -   Exception 1: java.util.concurrent.ExecutionException: org.apache.ratis.thirdparty.io.grpc.StatusRuntimeException: UNAVAILABLE: io exception
2022-08-03 01:58:16,898 [49c4bd74-e934-49fb-9588-8a6634b350da@group-BD8D8EA9F3C7-LeaderElection41] INFO  impl.LeaderElection (LeaderElection.java:askForVotes(310)) - 49c4bd74-e934-49fb-9588-8a6634b350da@group-BD8D8EA9F3C7-LeaderElection41 ELECTION round 0: submit vote requests at term 3 for 0: [49c4bd74-e934-49fb-9588-8a6634b350da|rpc:10.1.0.23:44111|dataStream:|priority:0, a4799b55-2371-4bfe-9a20-b87f9c8dba04|rpc:10.1.0.23:40755|dataStream:|priority:0, 5b5f8b8b-8220-4f48-a75a-691d0ac2ee29|rpc:10.1.0.23:38439|dataStream:|priority:1], old=null
2022-08-03 01:58:16,943 [49c4bd74-e934-49fb-9588-8a6634b350da@group-BD8D8EA9F3C7-LeaderElection41] INFO  impl.LeaderElection (LogUtils.java:infoOrTrace(137)) - 49c4bd74-e934-49fb-9588-8a6634b350da@group-BD8D8EA9F3C7-LeaderElection41 got exception when requesting votes: java.util.concurrent.ExecutionException: org.apache.ratis.thirdparty.io.grpc.StatusRuntimeException: UNAVAILABLE: io exception
2022-08-03 01:58:16,962 [49c4bd74-e934-49fb-9588-8a6634b350da@group-51BEAE15605F-LeaderElection40] INFO  impl.LeaderElection (LeaderElection.java:askForVotes(312)) - 49c4bd74-e934-49fb-9588-8a6634b350da@group-51BEAE15605F-LeaderElection40 ELECTION round 0: result REJECTED
2022-08-03 01:58:16,962 [49c4bd74-e934-49fb-9588-8a6634b350da@group-51BEAE15605F-LeaderElection40] INFO  server.RaftServer$Division (RaftServerImpl.java:setRole(299)) - 49c4bd74-e934-49fb-9588-8a6634b350da@group-51BEAE15605F: changes role from CANDIDATE to FOLLOWER at term 2 for REJECTED
2022-08-03 01:58:16,962 [49c4bd74-e934-49fb-9588-8a6634b350da@group-51BEAE15605F-LeaderElection40] INFO  impl.RoleInfo (RoleInfo.java:shutdownLeaderElection(130)) - 49c4bd74-e934-49fb-9588-8a6634b350da: shutdown 49c4bd74-e934-49fb-9588-8a6634b350da@group-51BEAE15605F-LeaderElection40
2022-08-03 01:58:16,963 [49c4bd74-e934-49fb-9588-8a6634b350da@group-51BEAE15605F-LeaderElection40] INFO  impl.RoleInfo (RoleInfo.java:updateAndGet(139)) - 49c4bd74-e934-49fb-9588-8a6634b350da: start 49c4bd74-e934-49fb-9588-8a6634b350da@group-51BEAE15605F-FollowerState
2022-08-03 01:58:16,963 [49c4bd74-e934-49fb-9588-8a6634b350da@group-BD8D8EA9F3C7-LeaderElection41] INFO  impl.LeaderElection (LogUtils.java:infoOrTrace(137)) - 49c4bd74-e934-49fb-9588-8a6634b350da@group-BD8D8EA9F3C7-LeaderElection41 got exception when requesting votes: java.util.concurrent.ExecutionException: org.apache.ratis.thirdparty.io.grpc.StatusRuntimeException: UNAVAILABLE: io exception
2022-08-03 01:58:16,963 [49c4bd74-e934-49fb-9588-8a6634b350da@group-BD8D8EA9F3C7-LeaderElection41] INFO  impl.LeaderElection (LeaderElection.java:logAndReturn(90)) - 49c4bd74-e934-49fb-9588-8a6634b350da@group-BD8D8EA9F3C7-LeaderElection41: ELECTION REJECTED received 0 response(s) and 2 exception(s):
2022-08-03 01:58:16,963 [49c4bd74-e934-49fb-9588-8a6634b350da@group-BD8D8EA9F3C7-LeaderElection41] INFO  impl.LeaderElection (LogUtils.java:infoOrTrace(137)) -   Exception 0: java.util.concurrent.ExecutionException: org.apache.ratis.thirdparty.io.grpc.StatusRuntimeException: UNAVAILABLE: io exception
2022-08-03 01:58:16,963 [49c4bd74-e934-49fb-9588-8a6634b350da@group-BD8D8EA9F3C7-LeaderElection41] INFO  impl.LeaderElection (LogUtils.java:infoOrTrace(137)) -   Exception 1: java.util.concurrent.ExecutionException: org.apache.ratis.thirdparty.io.grpc.StatusRuntimeException: UNAVAILABLE: io exception
2022-08-03 01:58:16,968 [49c4bd74-e934-49fb-9588-8a6634b350da@group-BD8D8EA9F3C7-LeaderElection41] INFO  impl.LeaderElection (LeaderElection.java:askForVotes(312)) - 49c4bd74-e934-49fb-9588-8a6634b350da@group-BD8D8EA9F3C7-LeaderElection41 ELECTION round 0: result REJECTED
2022-08-03 01:58:16,968 [49c4bd74-e934-49fb-9588-8a6634b350da@group-BD8D8EA9F3C7-LeaderElection41] INFO  server.RaftServer$Division (RaftServerImpl.java:setRole(299)) - 49c4bd74-e934-49fb-9588-8a6634b350da@group-BD8D8EA9F3C7: changes role from CANDIDATE to FOLLOWER at term 3 for REJECTED
2022-08-03 01:58:16,968 [49c4bd74-e934-49fb-9588-8a6634b350da@group-BD8D8EA9F3C7-LeaderElection41] INFO  impl.RoleInfo (RoleInfo.java:shutdownLeaderElection(130)) - 49c4bd74-e934-49fb-9588-8a6634b350da: shutdown 49c4bd74-e934-49fb-9588-8a6634b350da@group-BD8D8EA9F3C7-LeaderElection41
2022-08-03 01:58:16,968 [49c4bd74-e934-49fb-9588-8a6634b350da@group-BD8D8EA9F3C7-LeaderElection41] INFO  impl.RoleInfo (RoleInfo.java:updateAndGet(139)) - 49c4bd74-e934-49fb-9588-8a6634b350da: start 49c4bd74-e934-49fb-9588-8a6634b350da@group-BD8D8EA9F3C7-FollowerState
2022-08-03 01:58:17,633 [ForkJoinPool.commonPool-worker-1] INFO  statemachine.DatanodeStateMachine (DatanodeStateMachine.java:stopDaemon(580)) - Ozone container server stopped.
2022-08-03 01:58:17,660 [Listener at 127.0.0.1/36611] INFO  statemachine.DatanodeStateMachine (DatanodeStateMachine.java:stopDaemon(580)) - Ozone container server stopped.
2022-08-03 01:58:17,674 [Listener at 127.0.0.1/36611] INFO  handler.ContextHandler (ContextHandler.java:doStop(1153)) - Stopped o.e.j.w.WebAppContext@7322151e{hddsDatanode,/,null,STOPPED}{jar:file:/home/runner/.m2/repository/org/apache/ozone/hdds-container-service/1.3.0-SNAPSHOT/hdds-container-service-1.3.0-SNAPSHOT.jar!/webapps/hddsDatanode}
2022-08-03 01:58:17,685 [Listener at 127.0.0.1/36611] INFO  server.AbstractConnector (AbstractConnector.java:doStop(381)) - Stopped ServerConnector@2e866270{HTTP/1.1, (http/1.1)}{0.0.0.0:0}
2022-08-03 01:58:17,686 [Listener at 127.0.0.1/36611] INFO  server.session (HouseKeeper.java:stopScavenging(149)) - node0 Stopped scavenging
2022-08-03 01:58:17,686 [Listener at 127.0.0.1/36611] INFO  handler.ContextHandler (ContextHandler.java:doStop(1153)) - Stopped o.e.j.s.ServletContextHandler@283ab876{static,/static,jar:file:/home/runner/.m2/repository/org/apache/ozone/hdds-container-service/1.3.0-SNAPSHOT/hdds-container-service-1.3.0-SNAPSHOT.jar!/webapps/static,STOPPED}
2022-08-03 01:58:17,688 [Listener at 127.0.0.1/36611] INFO  handler.ContextHandler (ContextHandler.java:doStop(1153)) - Stopped o.e.j.s.ServletContextHandler@46815bf{logs,/logs,file:///home/runner/work/ozone/ozone/hadoop-ozone/integration-test/target/log,STOPPED}
2022-08-03 01:58:17,717 [ForkJoinPool.commonPool-worker-1] INFO  handler.ContextHandler (ContextHandler.java:doStop(1153)) - Stopped o.e.j.w.WebAppContext@4007799d{hddsDatanode,/,null,STOPPED}{jar:file:/home/runner/.m2/repository/org/apache/ozone/hdds-container-service/1.3.0-SNAPSHOT/hdds-container-service-1.3.0-SNAPSHOT.jar!/webapps/hddsDatanode}
2022-08-03 01:58:17,717 [ForkJoinPool.commonPool-worker-1] INFO  server.AbstractConnector (AbstractConnector.java:doStop(381)) - Stopped ServerConnector@2f5ebba{HTTP/1.1, (http/1.1)}{0.0.0.0:0}
2022-08-03 01:58:17,717 [ForkJoinPool.commonPool-worker-1] INFO  server.session (HouseKeeper.java:stopScavenging(149)) - node0 Stopped scavenging
2022-08-03 01:58:17,738 [ForkJoinPool.commonPool-worker-1] INFO  handler.ContextHandler (ContextHandler.java:doStop(1153)) - Stopped o.e.j.s.ServletContextHandler@495daa0{static,/static,jar:file:/home/runner/.m2/repository/org/apache/ozone/hdds-container-service/1.3.0-SNAPSHOT/hdds-container-service-1.3.0-SNAPSHOT.jar!/webapps/static,STOPPED}
2022-08-03 01:58:17,740 [ForkJoinPool.commonPool-worker-1] INFO  handler.ContextHandler (ContextHandler.java:doStop(1153)) - Stopped o.e.j.s.ServletContextHandler@37e07b6f{logs,/logs,file:///home/runner/work/ozone/ozone/hadoop-ozone/integration-test/target/log,STOPPED}
2022-08-03 01:58:22,035 [49c4bd74-e934-49fb-9588-8a6634b350da@group-51BEAE15605F-FollowerState] INFO  impl.FollowerState (FollowerState.java:run(143)) - 49c4bd74-e934-49fb-9588-8a6634b350da@group-51BEAE15605F-FollowerState: change to CANDIDATE, lastRpcElapsedTime:5072852778ns, electionTimeout:5066ms
2022-08-03 01:58:22,036 [49c4bd74-e934-49fb-9588-8a6634b350da@group-51BEAE15605F-FollowerState] INFO  impl.RoleInfo (RoleInfo.java:shutdownFollowerState(110)) - 49c4bd74-e934-49fb-9588-8a6634b350da: shutdown 49c4bd74-e934-49fb-9588-8a6634b350da@group-51BEAE15605F-FollowerState
2022-08-03 01:58:22,036 [49c4bd74-e934-49fb-9588-8a6634b350da@group-51BEAE15605F-FollowerState] INFO  server.RaftServer$Division (RaftServerImpl.java:setRole(299)) - 49c4bd74-e934-49fb-9588-8a6634b350da@group-51BEAE15605F: changes role from  FOLLOWER to CANDIDATE at term 2 for changeToCandidate
2022-08-03 01:58:22,036 [49c4bd74-e934-49fb-9588-8a6634b350da@group-51BEAE15605F-FollowerState] INFO  server.RaftServerConfigKeys (ConfUtils.java:logGet(46)) - raft.server.leaderelection.pre-vote = false (custom)
2022-08-03 01:58:22,036 [49c4bd74-e934-49fb-9588-8a6634b350da@group-51BEAE15605F-FollowerState] INFO  impl.RoleInfo (RoleInfo.java:updateAndGet(139)) - 49c4bd74-e934-49fb-9588-8a6634b350da: start 49c4bd74-e934-49fb-9588-8a6634b350da@group-51BEAE15605F-LeaderElection42
2022-08-03 01:58:22,064 [49c4bd74-e934-49fb-9588-8a6634b350da@group-51BEAE15605F-LeaderElection42] INFO  impl.LeaderElection (LeaderElection.java:askForVotes(310)) - 49c4bd74-e934-49fb-9588-8a6634b350da@group-51BEAE15605F-LeaderElection42 ELECTION round 0: submit vote requests at term 3 for 0: [49c4bd74-e934-49fb-9588-8a6634b350da|rpc:10.1.0.23:44111|dataStream:|priority:0, a4799b55-2371-4bfe-9a20-b87f9c8dba04|rpc:10.1.0.23:40755|dataStream:|priority:1, 5b5f8b8b-8220-4f48-a75a-691d0ac2ee29|rpc:10.1.0.23:38439|dataStream:|priority:0], old=null
2022-08-03 01:58:22,068 [49c4bd74-e934-49fb-9588-8a6634b350da@group-51BEAE15605F-LeaderElection42] INFO  impl.LeaderElection (LogUtils.java:infoOrTrace(137)) - 49c4bd74-e934-49fb-9588-8a6634b350da@group-51BEAE15605F-LeaderElection42 got exception when requesting votes: java.util.concurrent.ExecutionException: org.apache.ratis.thirdparty.io.grpc.StatusRuntimeException: UNAVAILABLE: io exception
2022-08-03 01:58:22,069 [49c4bd74-e934-49fb-9588-8a6634b350da@group-51BEAE15605F-LeaderElection42] INFO  impl.LeaderElection (LogUtils.java:infoOrTrace(137)) - 49c4bd74-e934-49fb-9588-8a6634b350da@group-51BEAE15605F-LeaderElection42 got exception when requesting votes: java.util.concurrent.ExecutionException: org.apache.ratis.thirdparty.io.grpc.StatusRuntimeException: UNAVAILABLE: io exception
2022-08-03 01:58:22,069 [49c4bd74-e934-49fb-9588-8a6634b350da@group-51BEAE15605F-LeaderElection42] INFO  impl.LeaderElection (LeaderElection.java:logAndReturn(90)) - 49c4bd74-e934-49fb-9588-8a6634b350da@group-51BEAE15605F-LeaderElection42: ELECTION REJECTED received 0 response(s) and 2 exception(s):
2022-08-03 01:58:22,069 [49c4bd74-e934-49fb-9588-8a6634b350da@group-51BEAE15605F-LeaderElection42] INFO  impl.LeaderElection (LogUtils.java:infoOrTrace(137)) -   Exception 0: java.util.concurrent.ExecutionException: org.apache.ratis.thirdparty.io.grpc.StatusRuntimeException: UNAVAILABLE: io exception
2022-08-03 01:58:22,069 [49c4bd74-e934-49fb-9588-8a6634b350da@group-51BEAE15605F-LeaderElection42] INFO  impl.LeaderElection (LogUtils.java:infoOrTrace(137)) -   Exception 1: java.util.concurrent.ExecutionException: org.apache.ratis.thirdparty.io.grpc.StatusRuntimeException: UNAVAILABLE: io exception
2022-08-03 01:58:22,069 [49c4bd74-e934-49fb-9588-8a6634b350da@group-51BEAE15605F-LeaderElection42] INFO  impl.LeaderElection (LeaderElection.java:askForVotes(312)) - 49c4bd74-e934-49fb-9588-8a6634b350da@group-51BEAE15605F-LeaderElection42 ELECTION round 0: result REJECTED
2022-08-03 01:58:22,069 [49c4bd74-e934-49fb-9588-8a6634b350da@group-51BEAE15605F-LeaderElection42] INFO  server.RaftServer$Division (RaftServerImpl.java:setRole(299)) - 49c4bd74-e934-49fb-9588-8a6634b350da@group-51BEAE15605F: changes role from CANDIDATE to FOLLOWER at term 3 for REJECTED
2022-08-03 01:58:22,069 [49c4bd74-e934-49fb-9588-8a6634b350da@group-51BEAE15605F-LeaderElection42] INFO  impl.RoleInfo (RoleInfo.java:shutdownLeaderElection(130)) - 49c4bd74-e934-49fb-9588-8a6634b350da: shutdown 49c4bd74-e934-49fb-9588-8a6634b350da@group-51BEAE15605F-LeaderElection42
2022-08-03 01:58:22,069 [49c4bd74-e934-49fb-9588-8a6634b350da@group-51BEAE15605F-LeaderElection42] INFO  impl.RoleInfo (RoleInfo.java:updateAndGet(139)) - 49c4bd74-e934-49fb-9588-8a6634b350da: start 49c4bd74-e934-49fb-9588-8a6634b350da@group-51BEAE15605F-FollowerState
2022-08-03 01:58:22,141 [49c4bd74-e934-49fb-9588-8a6634b350da@group-BD8D8EA9F3C7-FollowerState] INFO  impl.FollowerState (FollowerState.java:run(143)) - 49c4bd74-e934-49fb-9588-8a6634b350da@group-BD8D8EA9F3C7-FollowerState: change to CANDIDATE, lastRpcElapsedTime:5172448074ns, electionTimeout:5140ms
2022-08-03 01:58:22,141 [49c4bd74-e934-49fb-9588-8a6634b350da@group-BD8D8EA9F3C7-FollowerState] INFO  impl.RoleInfo (RoleInfo.java:shutdownFollowerState(110)) - 49c4bd74-e934-49fb-9588-8a6634b350da: shutdown 49c4bd74-e934-49fb-9588-8a6634b350da@group-BD8D8EA9F3C7-FollowerState
2022-08-03 01:58:22,141 [49c4bd74-e934-49fb-9588-8a6634b350da@group-BD8D8EA9F3C7-FollowerState] INFO  server.RaftServer$Division (RaftServerImpl.java:setRole(299)) - 49c4bd74-e934-49fb-9588-8a6634b350da@group-BD8D8EA9F3C7: changes role from  FOLLOWER to CANDIDATE at term 3 for changeToCandidate
2022-08-03 01:58:22,141 [49c4bd74-e934-49fb-9588-8a6634b350da@group-BD8D8EA9F3C7-FollowerState] INFO  server.RaftServerConfigKeys (ConfUtils.java:logGet(46)) - raft.server.leaderelection.pre-vote = false (custom)
2022-08-03 01:58:22,141 [49c4bd74-e934-49fb-9588-8a6634b350da@group-BD8D8EA9F3C7-FollowerState] INFO  impl.RoleInfo (RoleInfo.java:updateAndGet(139)) - 49c4bd74-e934-49fb-9588-8a6634b350da: start 49c4bd74-e934-49fb-9588-8a6634b350da@group-BD8D8EA9F3C7-LeaderElection43
2022-08-03 01:58:22,185 [49c4bd74-e934-49fb-9588-8a6634b350da@group-BD8D8EA9F3C7-LeaderElection43] INFO  impl.LeaderElection (LeaderElection.java:askForVotes(310)) - 49c4bd74-e934-49fb-9588-8a6634b350da@group-BD8D8EA9F3C7-LeaderElection43 ELECTION round 0: submit vote requests at term 4 for 0: [49c4bd74-e934-49fb-9588-8a6634b350da|rpc:10.1.0.23:44111|dataStream:|priority:0, a4799b55-2371-4bfe-9a20-b87f9c8dba04|rpc:10.1.0.23:40755|dataStream:|priority:0, 5b5f8b8b-8220-4f48-a75a-691d0ac2ee29|rpc:10.1.0.23:38439|dataStream:|priority:1], old=null
2022-08-03 01:58:22,214 [49c4bd74-e934-49fb-9588-8a6634b350da@group-BD8D8EA9F3C7-LeaderElection43] INFO  impl.LeaderElection (LogUtils.java:infoOrTrace(137)) - 49c4bd74-e934-49fb-9588-8a6634b350da@group-BD8D8EA9F3C7-LeaderElection43 got exception when requesting votes: java.util.concurrent.ExecutionException: org.apache.ratis.thirdparty.io.grpc.StatusRuntimeException: UNAVAILABLE: io exception
2022-08-03 01:58:22,214 [49c4bd74-e934-49fb-9588-8a6634b350da@group-BD8D8EA9F3C7-LeaderElection43] INFO  impl.LeaderElection (LogUtils.java:infoOrTrace(137)) - 49c4bd74-e934-49fb-9588-8a6634b350da@group-BD8D8EA9F3C7-LeaderElection43 got exception when requesting votes: java.util.concurrent.ExecutionException: org.apache.ratis.thirdparty.io.grpc.StatusRuntimeException: UNAVAILABLE: io exception
2022-08-03 01:58:22,214 [49c4bd74-e934-49fb-9588-8a6634b350da@group-BD8D8EA9F3C7-LeaderElection43] INFO  impl.LeaderElection (LeaderElection.java:logAndReturn(90)) - 49c4bd74-e934-49fb-9588-8a6634b350da@group-BD8D8EA9F3C7-LeaderElection43: ELECTION REJECTED received 0 response(s) and 2 exception(s):
2022-08-03 01:58:22,214 [49c4bd74-e934-49fb-9588-8a6634b350da@group-BD8D8EA9F3C7-LeaderElection43] INFO  impl.LeaderElection (LogUtils.java:infoOrTrace(137)) -   Exception 0: java.util.concurrent.ExecutionException: org.apache.ratis.thirdparty.io.grpc.StatusRuntimeException: UNAVAILABLE: io exception
2022-08-03 01:58:22,214 [49c4bd74-e934-49fb-9588-8a6634b350da@group-BD8D8EA9F3C7-LeaderElection43] INFO  impl.LeaderElection (LogUtils.java:infoOrTrace(137)) -   Exception 1: java.util.concurrent.ExecutionException: org.apache.ratis.thirdparty.io.grpc.StatusRuntimeException: UNAVAILABLE: io exception
2022-08-03 01:58:22,214 [49c4bd74-e934-49fb-9588-8a6634b350da@group-BD8D8EA9F3C7-LeaderElection43] INFO  impl.LeaderElection (LeaderElection.java:askForVotes(312)) - 49c4bd74-e934-49fb-9588-8a6634b350da@group-BD8D8EA9F3C7-LeaderElection43 ELECTION round 0: result REJECTED
2022-08-03 01:58:22,214 [49c4bd74-e934-49fb-9588-8a6634b350da@group-BD8D8EA9F3C7-LeaderElection43] INFO  server.RaftServer$Division (RaftServerImpl.java:setRole(299)) - 49c4bd74-e934-49fb-9588-8a6634b350da@group-BD8D8EA9F3C7: changes role from CANDIDATE to FOLLOWER at term 4 for REJECTED
2022-08-03 01:58:22,214 [49c4bd74-e934-49fb-9588-8a6634b350da@group-BD8D8EA9F3C7-LeaderElection43] INFO  impl.RoleInfo (RoleInfo.java:shutdownLeaderElection(130)) - 49c4bd74-e934-49fb-9588-8a6634b350da: shutdown 49c4bd74-e934-49fb-9588-8a6634b350da@group-BD8D8EA9F3C7-LeaderElection43
2022-08-03 01:58:22,215 [49c4bd74-e934-49fb-9588-8a6634b350da@group-BD8D8EA9F3C7-LeaderElection43] INFO  impl.RoleInfo (RoleInfo.java:updateAndGet(139)) - 49c4bd74-e934-49fb-9588-8a6634b350da: start 49c4bd74-e934-49fb-9588-8a6634b350da@group-BD8D8EA9F3C7-FollowerState
2022-08-03 01:58:22,726 [Listener at 127.0.0.1/36611] INFO  ozoneimpl.OzoneContainer (OzoneContainer.java:stop(399)) - Attempting to stop container services.
2022-08-03 01:58:22,727 [Listener at 127.0.0.1/36611] INFO  server.RaftServer (RaftServerProxy.java:lambda$close$7(398)) - 22db1ff9-6c75-46ad-94f4-4b7daa3676c7: close
2022-08-03 01:58:22,727 [Listener at 127.0.0.1/36611] INFO  server.RaftServer$Division (RaftServerImpl.java:lambda$close$4(434)) - 22db1ff9-6c75-46ad-94f4-4b7daa3676c7@group-EB4B5171D205: shutdown
2022-08-03 01:58:22,727 [Listener at 127.0.0.1/36611] INFO  util.JmxRegister (JmxRegister.java:unregister(73)) - Successfully un-registered JMX Bean with object name Ratis:service=RaftServer,group=group-EB4B5171D205,id=22db1ff9-6c75-46ad-94f4-4b7daa3676c7
2022-08-03 01:58:22,727 [Listener at 127.0.0.1/36611] INFO  impl.RoleInfo (RoleInfo.java:shutdownLeaderState(93)) - 22db1ff9-6c75-46ad-94f4-4b7daa3676c7: shutdown 22db1ff9-6c75-46ad-94f4-4b7daa3676c7@group-EB4B5171D205-LeaderStateImpl
2022-08-03 01:58:22,727 [Listener at 127.0.0.1/36611] INFO  impl.PendingRequests (PendingRequests.java:sendNotLeaderResponses(282)) - 22db1ff9-6c75-46ad-94f4-4b7daa3676c7@group-EB4B5171D205-PendingRequests: sendNotLeaderResponses
2022-08-03 01:58:22,728 [22db1ff9-6c75-46ad-94f4-4b7daa3676c7@group-EB4B5171D205-StateMachineUpdater] INFO  ratis.ContainerStateMachine (ContainerStateMachine.java:takeSnapshot(304)) - group-EB4B5171D205: Taking a snapshot at:(t:1, i:0) file /home/runner/work/ozone/ozone/hadoop-ozone/integration-test/target/test-dir/MiniOzoneClusterImpl-4c229dde-e64f-42f3-a5ee-349c50f14821/datanode-4/data/ratis/350b24c6-7b20-4dbf-9504-eb4b5171d205/sm/snapshot.1_0
2022-08-03 01:58:22,729 [Listener at 127.0.0.1/36611] INFO  impl.StateMachineUpdater (StateMachineUpdater.java:stopAndJoin(153)) - 22db1ff9-6c75-46ad-94f4-4b7daa3676c7@group-EB4B5171D205-StateMachineUpdater: set stopIndex = 0
2022-08-03 01:58:22,729 [22db1ff9-6c75-46ad-94f4-4b7daa3676c7@group-EB4B5171D205-StateMachineUpdater] INFO  ratis.ContainerStateMachine (ContainerStateMachine.java:takeSnapshot(315)) - group-EB4B5171D205: Finished taking a snapshot at:(t:1, i:0) file:/home/runner/work/ozone/ozone/hadoop-ozone/integration-test/target/test-dir/MiniOzoneClusterImpl-4c229dde-e64f-42f3-a5ee-349c50f14821/datanode-4/data/ratis/350b24c6-7b20-4dbf-9504-eb4b5171d205/sm/snapshot.1_0 took: 1 ms
2022-08-03 01:58:22,730 [22db1ff9-6c75-46ad-94f4-4b7daa3676c7@group-EB4B5171D205-StateMachineUpdater] INFO  impl.StateMachineUpdater (StateMachineUpdater.java:takeSnapshot(287)) - 22db1ff9-6c75-46ad-94f4-4b7daa3676c7@group-EB4B5171D205-StateMachineUpdater: Took a snapshot at index 0
2022-08-03 01:58:22,730 [22db1ff9-6c75-46ad-94f4-4b7daa3676c7@group-EB4B5171D205-StateMachineUpdater] INFO  impl.StateMachineUpdater (StateMachineUpdater.java:lambda$new$0(92)) - 22db1ff9-6c75-46ad-94f4-4b7daa3676c7@group-EB4B5171D205-StateMachineUpdater: snapshotIndex: updateIncreasingly -1 -> 0
2022-08-03 01:58:22,730 [Listener at 127.0.0.1/36611] INFO  server.RaftServer$Division (ServerState.java:close(429)) - 22db1ff9-6c75-46ad-94f4-4b7daa3676c7@group-EB4B5171D205: closes. applyIndex: 0
2022-08-03 01:58:22,730 [22db1ff9-6c75-46ad-94f4-4b7daa3676c7@group-EB4B5171D205-SegmentedRaftLogWorker] INFO  segmented.SegmentedRaftLogWorker (SegmentedRaftLogWorker.java:run(336)) - 22db1ff9-6c75-46ad-94f4-4b7daa3676c7@group-EB4B5171D205-SegmentedRaftLogWorker was interrupted, exiting. There are 0 tasks remaining in the queue.
2022-08-03 01:58:22,730 [Listener at 127.0.0.1/36611] INFO  segmented.SegmentedRaftLogWorker (SegmentedRaftLogWorker.java:close(246)) - 22db1ff9-6c75-46ad-94f4-4b7daa3676c7@group-EB4B5171D205-SegmentedRaftLogWorker close()
2022-08-03 01:58:22,744 [ForkJoinPool.commonPool-worker-1] INFO  ozoneimpl.OzoneContainer (OzoneContainer.java:stop(399)) - Attempting to stop container services.
2022-08-03 01:58:22,745 [ForkJoinPool.commonPool-worker-1] INFO  server.RaftServer (RaftServerProxy.java:lambda$close$7(398)) - 49c4bd74-e934-49fb-9588-8a6634b350da: close
2022-08-03 01:58:22,745 [ForkJoinPool.commonPool-worker-1] INFO  server.RaftServer$Division (RaftServerImpl.java:lambda$close$4(434)) - 49c4bd74-e934-49fb-9588-8a6634b350da@group-BD8D8EA9F3C7: shutdown
2022-08-03 01:58:22,745 [ForkJoinPool.commonPool-worker-1] INFO  util.JmxRegister (JmxRegister.java:unregister(73)) - Successfully un-registered JMX Bean with object name Ratis:service=RaftServer,group=group-BD8D8EA9F3C7,id=49c4bd74-e934-49fb-9588-8a6634b350da
2022-08-03 01:58:22,745 [ForkJoinPool.commonPool-worker-1] INFO  impl.RoleInfo (RoleInfo.java:shutdownFollowerState(110)) - 49c4bd74-e934-49fb-9588-8a6634b350da: shutdown 49c4bd74-e934-49fb-9588-8a6634b350da@group-BD8D8EA9F3C7-FollowerState
2022-08-03 01:58:22,745 [ForkJoinPool.commonPool-worker-1] INFO  impl.StateMachineUpdater (StateMachineUpdater.java:stopAndJoin(153)) - 49c4bd74-e934-49fb-9588-8a6634b350da@group-BD8D8EA9F3C7-StateMachineUpdater: set stopIndex = 0
2022-08-03 01:58:22,745 [49c4bd74-e934-49fb-9588-8a6634b350da@group-BD8D8EA9F3C7-FollowerState] INFO  impl.FollowerState (FollowerState.java:run(152)) - 49c4bd74-e934-49fb-9588-8a6634b350da@group-BD8D8EA9F3C7-FollowerState was interrupted
2022-08-03 01:58:22,748 [49c4bd74-e934-49fb-9588-8a6634b350da@group-BD8D8EA9F3C7-StateMachineUpdater] INFO  ratis.ContainerStateMachine (ContainerStateMachine.java:takeSnapshot(304)) - group-BD8D8EA9F3C7: Taking a snapshot at:(t:2, i:0) file /home/runner/work/ozone/ozone/hadoop-ozone/integration-test/target/test-dir/MiniOzoneClusterImpl-4c229dde-e64f-42f3-a5ee-349c50f14821/datanode-0/data/ratis/41d892b9-e4a2-4f70-85c0-bd8d8ea9f3c7/sm/snapshot.2_0
2022-08-03 01:58:22,750 [49c4bd74-e934-49fb-9588-8a6634b350da@group-BD8D8EA9F3C7-StateMachineUpdater] INFO  ratis.ContainerStateMachine (ContainerStateMachine.java:takeSnapshot(315)) - group-BD8D8EA9F3C7: Finished taking a snapshot at:(t:2, i:0) file:/home/runner/work/ozone/ozone/hadoop-ozone/integration-test/target/test-dir/MiniOzoneClusterImpl-4c229dde-e64f-42f3-a5ee-349c50f14821/datanode-0/data/ratis/41d892b9-e4a2-4f70-85c0-bd8d8ea9f3c7/sm/snapshot.2_0 took: 2 ms
2022-08-03 01:58:22,750 [49c4bd74-e934-49fb-9588-8a6634b350da@group-BD8D8EA9F3C7-StateMachineUpdater] INFO  impl.StateMachineUpdater (StateMachineUpdater.java:takeSnapshot(287)) - 49c4bd74-e934-49fb-9588-8a6634b350da@group-BD8D8EA9F3C7-StateMachineUpdater: Took a snapshot at index 0
2022-08-03 01:58:22,750 [49c4bd74-e934-49fb-9588-8a6634b350da@group-BD8D8EA9F3C7-StateMachineUpdater] INFO  impl.StateMachineUpdater (StateMachineUpdater.java:lambda$new$0(92)) - 49c4bd74-e934-49fb-9588-8a6634b350da@group-BD8D8EA9F3C7-StateMachineUpdater: snapshotIndex: updateIncreasingly -1 -> 0
2022-08-03 01:58:22,751 [ForkJoinPool.commonPool-worker-1] INFO  server.RaftServer$Division (ServerState.java:close(429)) - 49c4bd74-e934-49fb-9588-8a6634b350da@group-BD8D8EA9F3C7: closes. applyIndex: 0
2022-08-03 01:58:22,751 [49c4bd74-e934-49fb-9588-8a6634b350da@group-BD8D8EA9F3C7-SegmentedRaftLogWorker] INFO  segmented.SegmentedRaftLogWorker (SegmentedRaftLogWorker.java:run(336)) - 49c4bd74-e934-49fb-9588-8a6634b350da@group-BD8D8EA9F3C7-SegmentedRaftLogWorker was interrupted, exiting. There are 0 tasks remaining in the queue.
2022-08-03 01:58:22,751 [ForkJoinPool.commonPool-worker-1] INFO  segmented.SegmentedRaftLogWorker (SegmentedRaftLogWorker.java:close(246)) - 49c4bd74-e934-49fb-9588-8a6634b350da@group-BD8D8EA9F3C7-SegmentedRaftLogWorker close()
2022-08-03 01:58:22,776 [Listener at 127.0.0.1/36611] INFO  server.GrpcService (GrpcService.java:closeImpl(269)) - 22db1ff9-6c75-46ad-94f4-4b7daa3676c7: shutdown server with port 36977 now
2022-08-03 01:58:22,791 [Listener at 127.0.0.1/36611] INFO  server.GrpcService (GrpcService.java:closeImpl(278)) - 22db1ff9-6c75-46ad-94f4-4b7daa3676c7: shutdown server with port 36977 successfully
2022-08-03 01:58:22,791 [org.apache.ratis.util.JvmPauseMonitor$$Lambda$631/606875044@19d26707] INFO  util.JvmPauseMonitor (JvmPauseMonitor.java:run(109)) - JvmPauseMonitor-22db1ff9-6c75-46ad-94f4-4b7daa3676c7: Stopped
2022-08-03 01:58:22,806 [ForkJoinPool.commonPool-worker-1] INFO  server.RaftServer$Division (RaftServerImpl.java:lambda$close$4(434)) - 49c4bd74-e934-49fb-9588-8a6634b350da@group-AD69ADFF814F: shutdown
2022-08-03 01:58:22,806 [ForkJoinPool.commonPool-worker-1] INFO  util.JmxRegister (JmxRegister.java:unregister(73)) - Successfully un-registered JMX Bean with object name Ratis:service=RaftServer,group=group-AD69ADFF814F,id=49c4bd74-e934-49fb-9588-8a6634b350da
2022-08-03 01:58:22,807 [ForkJoinPool.commonPool-worker-1] INFO  impl.RoleInfo (RoleInfo.java:shutdownLeaderState(93)) - 49c4bd74-e934-49fb-9588-8a6634b350da: shutdown 49c4bd74-e934-49fb-9588-8a6634b350da@group-AD69ADFF814F-LeaderStateImpl
2022-08-03 01:58:22,807 [ForkJoinPool.commonPool-worker-1] INFO  impl.PendingRequests (PendingRequests.java:sendNotLeaderResponses(282)) - 49c4bd74-e934-49fb-9588-8a6634b350da@group-AD69ADFF814F-PendingRequests: sendNotLeaderResponses
2022-08-03 01:58:22,807 [ForkJoinPool.commonPool-worker-1] INFO  impl.StateMachineUpdater (StateMachineUpdater.java:stopAndJoin(153)) - 49c4bd74-e934-49fb-9588-8a6634b350da@group-AD69ADFF814F-StateMachineUpdater: set stopIndex = 0
2022-08-03 01:58:22,808 [49c4bd74-e934-49fb-9588-8a6634b350da@group-AD69ADFF814F-StateMachineUpdater] INFO  ratis.ContainerStateMachine (ContainerStateMachine.java:takeSnapshot(304)) - group-AD69ADFF814F: Taking a snapshot at:(t:1, i:0) file /home/runner/work/ozone/ozone/hadoop-ozone/integration-test/target/test-dir/MiniOzoneClusterImpl-4c229dde-e64f-42f3-a5ee-349c50f14821/datanode-0/data/ratis/d9f17521-e7e8-40ed-85cb-ad69adff814f/sm/snapshot.1_0
2022-08-03 01:58:22,810 [49c4bd74-e934-49fb-9588-8a6634b350da@group-AD69ADFF814F-StateMachineUpdater] INFO  ratis.ContainerStateMachine (ContainerStateMachine.java:takeSnapshot(315)) - group-AD69ADFF814F: Finished taking a snapshot at:(t:1, i:0) file:/home/runner/work/ozone/ozone/hadoop-ozone/integration-test/target/test-dir/MiniOzoneClusterImpl-4c229dde-e64f-42f3-a5ee-349c50f14821/datanode-0/data/ratis/d9f17521-e7e8-40ed-85cb-ad69adff814f/sm/snapshot.1_0 took: 3 ms
2022-08-03 01:58:22,810 [49c4bd74-e934-49fb-9588-8a6634b350da@group-AD69ADFF814F-StateMachineUpdater] INFO  impl.StateMachineUpdater (StateMachineUpdater.java:takeSnapshot(287)) - 49c4bd74-e934-49fb-9588-8a6634b350da@group-AD69ADFF814F-StateMachineUpdater: Took a snapshot at index 0
2022-08-03 01:58:22,810 [49c4bd74-e934-49fb-9588-8a6634b350da@group-AD69ADFF814F-StateMachineUpdater] INFO  impl.StateMachineUpdater (StateMachineUpdater.java:lambda$new$0(92)) - 49c4bd74-e934-49fb-9588-8a6634b350da@group-AD69ADFF814F-StateMachineUpdater: snapshotIndex: updateIncreasingly -1 -> 0
2022-08-03 01:58:22,810 [ForkJoinPool.commonPool-worker-1] INFO  server.RaftServer$Division (ServerState.java:close(429)) - 49c4bd74-e934-49fb-9588-8a6634b350da@group-AD69ADFF814F: closes. applyIndex: 0
2022-08-03 01:58:22,810 [49c4bd74-e934-49fb-9588-8a6634b350da@group-AD69ADFF814F-SegmentedRaftLogWorker] INFO  segmented.SegmentedRaftLogWorker (SegmentedRaftLogWorker.java:run(336)) - 49c4bd74-e934-49fb-9588-8a6634b350da@group-AD69ADFF814F-SegmentedRaftLogWorker was interrupted, exiting. There are 0 tasks remaining in the queue.
2022-08-03 01:58:22,811 [ForkJoinPool.commonPool-worker-1] INFO  segmented.SegmentedRaftLogWorker (SegmentedRaftLogWorker.java:close(246)) - 49c4bd74-e934-49fb-9588-8a6634b350da@group-AD69ADFF814F-SegmentedRaftLogWorker close()
2022-08-03 01:58:22,812 [ForkJoinPool.commonPool-worker-1] INFO  server.RaftServer$Division (RaftServerImpl.java:lambda$close$4(434)) - 49c4bd74-e934-49fb-9588-8a6634b350da@group-51BEAE15605F: shutdown
2022-08-03 01:58:22,813 [ForkJoinPool.commonPool-worker-1] INFO  util.JmxRegister (JmxRegister.java:unregister(73)) - Successfully un-registered JMX Bean with object name Ratis:service=RaftServer,group=group-51BEAE15605F,id=49c4bd74-e934-49fb-9588-8a6634b350da
2022-08-03 01:58:22,813 [ForkJoinPool.commonPool-worker-1] INFO  impl.RoleInfo (RoleInfo.java:shutdownFollowerState(110)) - 49c4bd74-e934-49fb-9588-8a6634b350da: shutdown 49c4bd74-e934-49fb-9588-8a6634b350da@group-51BEAE15605F-FollowerState
2022-08-03 01:58:22,813 [ForkJoinPool.commonPool-worker-1] INFO  impl.StateMachineUpdater (StateMachineUpdater.java:stopAndJoin(153)) - 49c4bd74-e934-49fb-9588-8a6634b350da@group-51BEAE15605F-StateMachineUpdater: set stopIndex = 28
2022-08-03 01:58:22,813 [49c4bd74-e934-49fb-9588-8a6634b350da@group-51BEAE15605F-StateMachineUpdater] INFO  ratis.ContainerStateMachine (ContainerStateMachine.java:takeSnapshot(304)) - group-51BEAE15605F: Taking a snapshot at:(t:1, i:28) file /home/runner/work/ozone/ozone/hadoop-ozone/integration-test/target/test-dir/MiniOzoneClusterImpl-4c229dde-e64f-42f3-a5ee-349c50f14821/datanode-0/data/ratis/08b2a85d-f35a-410e-84c7-51beae15605f/sm/snapshot.1_28
2022-08-03 01:58:22,813 [49c4bd74-e934-49fb-9588-8a6634b350da@group-51BEAE15605F-FollowerState] INFO  impl.FollowerState (FollowerState.java:run(152)) - 49c4bd74-e934-49fb-9588-8a6634b350da@group-51BEAE15605F-FollowerState was interrupted
2022-08-03 01:58:22,833 [49c4bd74-e934-49fb-9588-8a6634b350da@group-51BEAE15605F-StateMachineUpdater] INFO  ratis.ContainerStateMachine (ContainerStateMachine.java:takeSnapshot(315)) - group-51BEAE15605F: Finished taking a snapshot at:(t:1, i:28) file:/home/runner/work/ozone/ozone/hadoop-ozone/integration-test/target/test-dir/MiniOzoneClusterImpl-4c229dde-e64f-42f3-a5ee-349c50f14821/datanode-0/data/ratis/08b2a85d-f35a-410e-84c7-51beae15605f/sm/snapshot.1_28 took: 20 ms
2022-08-03 01:58:22,834 [49c4bd74-e934-49fb-9588-8a6634b350da@group-51BEAE15605F-StateMachineUpdater] INFO  impl.StateMachineUpdater (StateMachineUpdater.java:takeSnapshot(287)) - 49c4bd74-e934-49fb-9588-8a6634b350da@group-51BEAE15605F-StateMachineUpdater: Took a snapshot at index 28
2022-08-03 01:58:22,834 [49c4bd74-e934-49fb-9588-8a6634b350da@group-51BEAE15605F-StateMachineUpdater] INFO  impl.StateMachineUpdater (StateMachineUpdater.java:lambda$new$0(92)) - 49c4bd74-e934-49fb-9588-8a6634b350da@group-51BEAE15605F-StateMachineUpdater: snapshotIndex: updateIncreasingly -1 -> 28
2022-08-03 01:58:22,835 [ForkJoinPool.commonPool-worker-1] INFO  server.RaftServer$Division (ServerState.java:close(429)) - 49c4bd74-e934-49fb-9588-8a6634b350da@group-51BEAE15605F: closes. applyIndex: 28
2022-08-03 01:58:22,836 [49c4bd74-e934-49fb-9588-8a6634b350da@group-51BEAE15605F-SegmentedRaftLogWorker] INFO  segmented.SegmentedRaftLogWorker (SegmentedRaftLogWorker.java:run(336)) - 49c4bd74-e934-49fb-9588-8a6634b350da@group-51BEAE15605F-SegmentedRaftLogWorker was interrupted, exiting. There are 0 tasks remaining in the queue.
2022-08-03 01:58:22,840 [ForkJoinPool.commonPool-worker-1] INFO  segmented.SegmentedRaftLogWorker (SegmentedRaftLogWorker.java:close(246)) - 49c4bd74-e934-49fb-9588-8a6634b350da@group-51BEAE15605F-SegmentedRaftLogWorker close()
2022-08-03 01:58:22,847 [ForkJoinPool.commonPool-worker-1] INFO  server.GrpcService (GrpcService.java:closeImpl(269)) - 49c4bd74-e934-49fb-9588-8a6634b350da: shutdown server with port 44111 now
2022-08-03 01:58:22,863 [ForkJoinPool.commonPool-worker-1] INFO  server.GrpcService (GrpcService.java:closeImpl(278)) - 49c4bd74-e934-49fb-9588-8a6634b350da: shutdown server with port 44111 successfully
2022-08-03 01:58:22,863 [org.apache.ratis.util.JvmPauseMonitor$$Lambda$631/606875044@52d497b3] INFO  util.JvmPauseMonitor (JvmPauseMonitor.java:run(109)) - JvmPauseMonitor-49c4bd74-e934-49fb-9588-8a6634b350da: Stopped
2022-08-03 01:58:24,799 [Listener at 127.0.0.1/36611] INFO  utils.BackgroundService (BackgroundService.java:shutdown(141)) - Shutting down service BlockDeletingService
2022-08-03 01:58:24,827 [Listener at 127.0.0.1/36611] INFO  utils.BackgroundService (BackgroundService.java:shutdown(141)) - Shutting down service StaleRecoveringContainerScrubbingService
2022-08-03 01:58:24,895 [ForkJoinPool.commonPool-worker-1] INFO  utils.BackgroundService (BackgroundService.java:shutdown(141)) - Shutting down service BlockDeletingService
2022-08-03 01:58:24,896 [ForkJoinPool.commonPool-worker-1] INFO  utils.BackgroundService (BackgroundService.java:shutdown(141)) - Shutting down service StaleRecoveringContainerScrubbingService
2022-08-03 01:58:25,735 [UnderReplicatedQueueThreadThread] INFO  replication.UnderReplicatedProcessor (UnderReplicatedProcessor.java:processAll(85)) - Processed 0 under replicated containers, failed processing 0
2022-08-03 01:58:25,736 [OverReplicatedQueueThreadThread] INFO  replication.OverReplicatedProcessor (OverReplicatedProcessor.java:processAll(83)) - Processed 0 over replicated containers, failed processing 0
2022-08-03 01:58:27,851 [Listener at 127.0.0.1/36611] INFO  statemachine.DatanodeStateMachine (DatanodeStateMachine.java:stopDaemon(580)) - Ozone container server stopped.
2022-08-03 01:58:27,863 [Listener at 127.0.0.1/36611] INFO  handler.ContextHandler (ContextHandler.java:doStop(1153)) - Stopped o.e.j.w.WebAppContext@660e52a4{hddsDatanode,/,null,STOPPED}{jar:file:/home/runner/.m2/repository/org/apache/ozone/hdds-container-service/1.3.0-SNAPSHOT/hdds-container-service-1.3.0-SNAPSHOT.jar!/webapps/hddsDatanode}
2022-08-03 01:58:27,868 [Listener at 127.0.0.1/36611] INFO  server.AbstractConnector (AbstractConnector.java:doStop(381)) - Stopped ServerConnector@5eaf9d65{HTTP/1.1, (http/1.1)}{0.0.0.0:0}
2022-08-03 01:58:27,868 [Listener at 127.0.0.1/36611] INFO  server.session (HouseKeeper.java:stopScavenging(149)) - node0 Stopped scavenging
2022-08-03 01:58:27,869 [Listener at 127.0.0.1/36611] INFO  handler.ContextHandler (ContextHandler.java:doStop(1153)) - Stopped o.e.j.s.ServletContextHandler@6f099dae{static,/static,jar:file:/home/runner/.m2/repository/org/apache/ozone/hdds-container-service/1.3.0-SNAPSHOT/hdds-container-service-1.3.0-SNAPSHOT.jar!/webapps/static,STOPPED}
2022-08-03 01:58:27,869 [Listener at 127.0.0.1/36611] INFO  handler.ContextHandler (ContextHandler.java:doStop(1153)) - Stopped o.e.j.s.ServletContextHandler@34eaf389{logs,/logs,file:///home/runner/work/ozone/ozone/hadoop-ozone/integration-test/target/log,STOPPED}
2022-08-03 01:58:27,963 [ForkJoinPool.commonPool-worker-1] INFO  statemachine.DatanodeStateMachine (DatanodeStateMachine.java:stopDaemon(580)) - Ozone container server stopped.
2022-08-03 01:58:28,006 [ForkJoinPool.commonPool-worker-1] INFO  handler.ContextHandler (ContextHandler.java:doStop(1153)) - Stopped o.e.j.w.WebAppContext@286ea80{hddsDatanode,/,null,STOPPED}{jar:file:/home/runner/.m2/repository/org/apache/ozone/hdds-container-service/1.3.0-SNAPSHOT/hdds-container-service-1.3.0-SNAPSHOT.jar!/webapps/hddsDatanode}
2022-08-03 01:58:28,007 [ForkJoinPool.commonPool-worker-1] INFO  server.AbstractConnector (AbstractConnector.java:doStop(381)) - Stopped ServerConnector@72d59aa9{HTTP/1.1, (http/1.1)}{0.0.0.0:0}
2022-08-03 01:58:28,013 [ForkJoinPool.commonPool-worker-1] INFO  server.session (HouseKeeper.java:stopScavenging(149)) - node0 Stopped scavenging
2022-08-03 01:58:28,043 [ForkJoinPool.commonPool-worker-1] INFO  handler.ContextHandler (ContextHandler.java:doStop(1153)) - Stopped o.e.j.s.ServletContextHandler@39949f88{static,/static,jar:file:/home/runner/.m2/repository/org/apache/ozone/hdds-container-service/1.3.0-SNAPSHOT/hdds-container-service-1.3.0-SNAPSHOT.jar!/webapps/static,STOPPED}
2022-08-03 01:58:28,044 [ForkJoinPool.commonPool-worker-1] INFO  handler.ContextHandler (ContextHandler.java:doStop(1153)) - Stopped o.e.j.s.ServletContextHandler@2379d848{logs,/logs,file:///home/runner/work/ozone/ozone/hadoop-ozone/integration-test/target/log,STOPPED}
2022-08-03 01:58:32,875 [Listener at 127.0.0.1/36611] INFO  ozoneimpl.OzoneContainer (OzoneContainer.java:stop(399)) - Attempting to stop container services.
2022-08-03 01:58:32,876 [Listener at 127.0.0.1/36611] INFO  server.RaftServer (RaftServerProxy.java:lambda$close$7(398)) - 9c10ed74-a603-43ef-8f40-0b476b98a88a: close
2022-08-03 01:58:32,876 [Listener at 127.0.0.1/36611] INFO  server.RaftServer$Division (RaftServerImpl.java:lambda$close$4(434)) - 9c10ed74-a603-43ef-8f40-0b476b98a88a@group-0D5EB887036F: shutdown
2022-08-03 01:58:32,876 [Listener at 127.0.0.1/36611] INFO  util.JmxRegister (JmxRegister.java:unregister(73)) - Successfully un-registered JMX Bean with object name Ratis:service=RaftServer,group=group-0D5EB887036F,id=9c10ed74-a603-43ef-8f40-0b476b98a88a
2022-08-03 01:58:32,878 [Listener at 127.0.0.1/36611] INFO  impl.RoleInfo (RoleInfo.java:shutdownLeaderState(93)) - 9c10ed74-a603-43ef-8f40-0b476b98a88a: shutdown 9c10ed74-a603-43ef-8f40-0b476b98a88a@group-0D5EB887036F-LeaderStateImpl
2022-08-03 01:58:32,879 [Listener at 127.0.0.1/36611] INFO  impl.PendingRequests (PendingRequests.java:sendNotLeaderResponses(282)) - 9c10ed74-a603-43ef-8f40-0b476b98a88a@group-0D5EB887036F-PendingRequests: sendNotLeaderResponses
2022-08-03 01:58:32,880 [9c10ed74-a603-43ef-8f40-0b476b98a88a@group-0D5EB887036F-StateMachineUpdater] INFO  ratis.ContainerStateMachine (ContainerStateMachine.java:takeSnapshot(304)) - group-0D5EB887036F: Taking a snapshot at:(t:1, i:0) file /home/runner/work/ozone/ozone/hadoop-ozone/integration-test/target/test-dir/MiniOzoneClusterImpl-4c229dde-e64f-42f3-a5ee-349c50f14821/datanode-3/data/ratis/75dbd9a4-38fc-45f3-9c5c-0d5eb887036f/sm/snapshot.1_0
2022-08-03 01:58:32,880 [Listener at 127.0.0.1/36611] INFO  impl.StateMachineUpdater (StateMachineUpdater.java:stopAndJoin(153)) - 9c10ed74-a603-43ef-8f40-0b476b98a88a@group-0D5EB887036F-StateMachineUpdater: set stopIndex = 0
2022-08-03 01:58:32,891 [9c10ed74-a603-43ef-8f40-0b476b98a88a@group-0D5EB887036F-StateMachineUpdater] INFO  ratis.ContainerStateMachine (ContainerStateMachine.java:takeSnapshot(315)) - group-0D5EB887036F: Finished taking a snapshot at:(t:1, i:0) file:/home/runner/work/ozone/ozone/hadoop-ozone/integration-test/target/test-dir/MiniOzoneClusterImpl-4c229dde-e64f-42f3-a5ee-349c50f14821/datanode-3/data/ratis/75dbd9a4-38fc-45f3-9c5c-0d5eb887036f/sm/snapshot.1_0 took: 11 ms
2022-08-03 01:58:32,892 [9c10ed74-a603-43ef-8f40-0b476b98a88a@group-0D5EB887036F-StateMachineUpdater] INFO  impl.StateMachineUpdater (StateMachineUpdater.java:takeSnapshot(287)) - 9c10ed74-a603-43ef-8f40-0b476b98a88a@group-0D5EB887036F-StateMachineUpdater: Took a snapshot at index 0
2022-08-03 01:58:32,892 [9c10ed74-a603-43ef-8f40-0b476b98a88a@group-0D5EB887036F-StateMachineUpdater] INFO  impl.StateMachineUpdater (StateMachineUpdater.java:lambda$new$0(92)) - 9c10ed74-a603-43ef-8f40-0b476b98a88a@group-0D5EB887036F-StateMachineUpdater: snapshotIndex: updateIncreasingly -1 -> 0
2022-08-03 01:58:32,892 [Listener at 127.0.0.1/36611] INFO  server.RaftServer$Division (ServerState.java:close(429)) - 9c10ed74-a603-43ef-8f40-0b476b98a88a@group-0D5EB887036F: closes. applyIndex: 0
2022-08-03 01:58:32,894 [9c10ed74-a603-43ef-8f40-0b476b98a88a@group-0D5EB887036F-SegmentedRaftLogWorker] INFO  segmented.SegmentedRaftLogWorker (SegmentedRaftLogWorker.java:run(336)) - 9c10ed74-a603-43ef-8f40-0b476b98a88a@group-0D5EB887036F-SegmentedRaftLogWorker was interrupted, exiting. There are 0 tasks remaining in the queue.
2022-08-03 01:58:32,894 [Listener at 127.0.0.1/36611] INFO  segmented.SegmentedRaftLogWorker (SegmentedRaftLogWorker.java:close(246)) - 9c10ed74-a603-43ef-8f40-0b476b98a88a@group-0D5EB887036F-SegmentedRaftLogWorker close()
2022-08-03 01:58:32,911 [Listener at 127.0.0.1/36611] INFO  server.GrpcService (GrpcService.java:closeImpl(269)) - 9c10ed74-a603-43ef-8f40-0b476b98a88a: shutdown server with port 39377 now
2022-08-03 01:58:32,924 [Listener at 127.0.0.1/36611] INFO  server.GrpcService (GrpcService.java:closeImpl(278)) - 9c10ed74-a603-43ef-8f40-0b476b98a88a: shutdown server with port 39377 successfully
2022-08-03 01:58:32,925 [org.apache.ratis.util.JvmPauseMonitor$$Lambda$631/606875044@5db0f101] INFO  util.JvmPauseMonitor (JvmPauseMonitor.java:run(109)) - JvmPauseMonitor-9c10ed74-a603-43ef-8f40-0b476b98a88a: Stopped
2022-08-03 01:58:34,939 [Listener at 127.0.0.1/36611] INFO  utils.BackgroundService (BackgroundService.java:shutdown(141)) - Shutting down service BlockDeletingService
2022-08-03 01:58:34,940 [Listener at 127.0.0.1/36611] INFO  utils.BackgroundService (BackgroundService.java:shutdown(141)) - Shutting down service StaleRecoveringContainerScrubbingService
2022-08-03 01:58:35,948 [UnderReplicatedQueueThreadThread] INFO  replication.UnderReplicatedProcessor (UnderReplicatedProcessor.java:processAll(85)) - Processed 0 under replicated containers, failed processing 0
2022-08-03 01:58:35,971 [OverReplicatedQueueThreadThread] INFO  replication.OverReplicatedProcessor (OverReplicatedProcessor.java:processAll(83)) - Processed 0 over replicated containers, failed processing 0
2022-08-03 01:58:37,978 [Listener at 127.0.0.1/36611] INFO  statemachine.DatanodeStateMachine (DatanodeStateMachine.java:stopDaemon(580)) - Ozone container server stopped.
2022-08-03 01:58:38,006 [Listener at 127.0.0.1/36611] INFO  handler.ContextHandler (ContextHandler.java:doStop(1153)) - Stopped o.e.j.w.WebAppContext@2d89c326{hddsDatanode,/,null,STOPPED}{jar:file:/home/runner/.m2/repository/org/apache/ozone/hdds-container-service/1.3.0-SNAPSHOT/hdds-container-service-1.3.0-SNAPSHOT.jar!/webapps/hddsDatanode}
2022-08-03 01:58:38,009 [Listener at 127.0.0.1/36611] INFO  server.AbstractConnector (AbstractConnector.java:doStop(381)) - Stopped ServerConnector@11fb91e7{HTTP/1.1, (http/1.1)}{0.0.0.0:0}
2022-08-03 01:58:38,009 [Listener at 127.0.0.1/36611] INFO  server.session (HouseKeeper.java:stopScavenging(149)) - node0 Stopped scavenging
2022-08-03 01:58:38,010 [Listener at 127.0.0.1/36611] INFO  handler.ContextHandler (ContextHandler.java:doStop(1153)) - Stopped o.e.j.s.ServletContextHandler@2b5426d{static,/static,jar:file:/home/runner/.m2/repository/org/apache/ozone/hdds-container-service/1.3.0-SNAPSHOT/hdds-container-service-1.3.0-SNAPSHOT.jar!/webapps/static,STOPPED}
2022-08-03 01:58:38,010 [Listener at 127.0.0.1/36611] INFO  handler.ContextHandler (ContextHandler.java:doStop(1153)) - Stopped o.e.j.s.ServletContextHandler@6a6b44f0{logs,/logs,file:///home/runner/work/ozone/ozone/hadoop-ozone/integration-test/target/log,STOPPED}
2022-08-03 01:58:38,018 [Listener at 127.0.0.1/36611] INFO  ozone.MiniOzoneClusterImpl (MiniOzoneClusterImpl.java:stopSCM(537)) - Stopping the StorageContainerManager
2022-08-03 01:58:38,019 [Listener at 127.0.0.1/36611] INFO  server.StorageContainerManager (StorageContainerManager.java:stop(1552)) - Container Balancer is not running.
2022-08-03 01:58:38,019 [Listener at 127.0.0.1/36611] INFO  server.StorageContainerManager (StorageContainerManager.java:stop(1559)) - Stopping Replication Manager Service.
2022-08-03 01:58:38,019 [Listener at 127.0.0.1/36611] INFO  replication.ReplicationManager (ReplicationManager.java:stop(233)) - Stopping Replication Monitor Thread.
2022-08-03 01:58:38,019 [Listener at 127.0.0.1/36611] INFO  server.StorageContainerManager (StorageContainerManager.java:stop(1566)) - Stopping the Datanode Admin Monitor.
2022-08-03 01:58:38,019 [Listener at 127.0.0.1/36611] INFO  server.StorageContainerManager (StorageContainerManager.java:stop(1573)) - Stopping Lease Manager of the command watchers
2022-08-03 01:58:38,020 [Listener at 127.0.0.1/36611] INFO  server.StorageContainerManager (StorageContainerManager.java:stop(1580)) - Stopping datanode service RPC server
2022-08-03 01:58:38,020 [Listener at 127.0.0.1/36611] INFO  server.SCMDatanodeProtocolServer (SCMDatanodeProtocolServer.java:stop(414)) - Stopping the RPC server for DataNodes
2022-08-03 01:58:38,020 [Listener at 127.0.0.1/36611] INFO  ipc.Server (Server.java:stop(3414)) - Stopping server on 42151
2022-08-03 01:58:38,022 [IPC Server listener on 0] INFO  ipc.Server (Server.java:run(1376)) - Stopping IPC Server listener on 0
2022-08-03 01:58:38,019 [ReplicationMonitor] INFO  replication.ReplicationManager (ReplicationManager.java:run(466)) - Replication Monitor Thread is stopped
2022-08-03 01:58:38,051 [IPC Server Responder] INFO  ipc.Server (Server.java:run(1512)) - Stopping IPC Server Responder
2022-08-03 01:58:38,084 [SCM Heartbeat Processing Thread - 0] WARN  node.NodeStateManager (NodeStateManager.java:scheduleNextHealthCheck(870)) - Current Thread is interrupted, shutting down HB processing thread for Node Manager.
2022-08-03 01:58:38,084 [Listener at 127.0.0.1/36611] INFO  server.StorageContainerManager (StorageContainerManager.java:stop(1588)) - Stopping block service RPC server
2022-08-03 01:58:38,085 [Listener at 127.0.0.1/36611] INFO  server.SCMBlockProtocolServer (SCMBlockProtocolServer.java:stop(161)) - Stopping the RPC server for Block Protocol
2022-08-03 01:58:38,085 [Listener at 127.0.0.1/36611] INFO  ipc.Server (Server.java:stop(3414)) - Stopping server on 35335
2022-08-03 01:58:38,087 [Listener at 127.0.0.1/36611] INFO  server.StorageContainerManager (StorageContainerManager.java:stop(1595)) - Stopping the StorageContainerLocationProtocol RPC server
2022-08-03 01:58:38,088 [Listener at 127.0.0.1/36611] INFO  server.SCMClientProtocolServer (SCMClientProtocolServer.java:stop(179)) - Stopping the RPC server for Client Protocol
2022-08-03 01:58:38,088 [Listener at 127.0.0.1/36611] INFO  ipc.Server (Server.java:stop(3414)) - Stopping server on 43447
2022-08-03 01:58:38,088 [IPC Server Responder] INFO  ipc.Server (Server.java:run(1512)) - Stopping IPC Server Responder
2022-08-03 01:58:38,089 [IPC Server listener on 0] INFO  ipc.Server (Server.java:run(1376)) - Stopping IPC Server listener on 0
2022-08-03 01:58:38,113 [Listener at 127.0.0.1/36611] INFO  server.StorageContainerManager (StorageContainerManager.java:stop(1602)) - Stopping Storage Container Manager HTTP server.
2022-08-03 01:58:38,114 [Listener at 127.0.0.1/36611] INFO  handler.ContextHandler (ContextHandler.java:doStop(1153)) - Stopped o.e.j.w.WebAppContext@1b2c8a67{scm,/,null,STOPPED}{file:/home/runner/work/ozone/ozone/hadoop-ozone/integration-test/target/test-classes/webapps/scm}
2022-08-03 01:58:38,115 [Listener at 127.0.0.1/36611] INFO  server.AbstractConnector (AbstractConnector.java:doStop(381)) - Stopped ServerConnector@6627aa35{HTTP/1.1, (http/1.1)}{0.0.0.0:0}
2022-08-03 01:58:38,115 [Listener at 127.0.0.1/36611] INFO  server.session (HouseKeeper.java:stopScavenging(149)) - node0 Stopped scavenging
2022-08-03 01:58:38,115 [Listener at 127.0.0.1/36611] INFO  handler.ContextHandler (ContextHandler.java:doStop(1153)) - Stopped o.e.j.s.ServletContextHandler@69908483{static,/static,file:///home/runner/work/ozone/ozone/hadoop-ozone/integration-test/target/test-classes/webapps/static,STOPPED}
2022-08-03 01:58:38,115 [Listener at 127.0.0.1/36611] INFO  handler.ContextHandler (ContextHandler.java:doStop(1153)) - Stopped o.e.j.s.ServletContextHandler@2b899cb7{logs,/logs,file:///home/runner/work/ozone/ozone/hadoop-ozone/integration-test/target/log,STOPPED}
2022-08-03 01:58:38,116 [IPC Server listener on 0] INFO  ipc.Server (Server.java:run(1376)) - Stopping IPC Server listener on 0
2022-08-03 01:58:38,117 [Listener at 127.0.0.1/36611] INFO  server.StorageContainerManager (StorageContainerManager.java:stop(1613)) - Stopping Block Manager Service.
2022-08-03 01:58:38,117 [IPC Server Responder] INFO  ipc.Server (Server.java:run(1512)) - Stopping IPC Server Responder
2022-08-03 01:58:38,143 [Listener at 127.0.0.1/36611] INFO  utils.BackgroundService (BackgroundService.java:shutdown(141)) - Shutting down service SCMBlockDeletingService
2022-08-03 01:58:38,144 [Listener at 127.0.0.1/36611] INFO  utils.BackgroundService (BackgroundService.java:shutdown(141)) - Shutting down service SCMBlockDeletingService
2022-08-03 01:58:38,144 [Listener at 127.0.0.1/36611] INFO  server.StorageContainerManager (StorageContainerManager.java:stop(1640)) - Stopping SCM Event Queue.
2022-08-03 01:58:38,145 [Listener at 127.0.0.1/36611] INFO  server.StorageContainerManager (StorageContainerManager.java:stop(1651)) - Stopping SCM HA services.
2022-08-03 01:58:38,145 [Listener at 127.0.0.1/36611] INFO  pipeline.BackgroundPipelineCreator (BackgroundPipelineCreator.java:stop(149)) - Stopping RatisPipelineUtilsThread.
2022-08-03 01:58:38,145 [RatisPipelineUtilsThread - 0] WARN  pipeline.BackgroundPipelineCreator (BackgroundPipelineCreator.java:run(180)) - RatisPipelineUtilsThread is interrupted.
2022-08-03 01:58:38,146 [Listener at 127.0.0.1/36611] INFO  BackgroundPipelineScrubber (BackgroundSCMService.java:stop(126)) - Stopping BackgroundPipelineScrubber Service.
2022-08-03 01:58:38,146 [Listener at 127.0.0.1/36611] INFO  server.StorageContainerManager (StorageContainerManager.java:stop(1661)) - Stopping SCM MetadataStore.
2022-08-03 01:58:38,146 [BackgroundPipelineScrubberThread] WARN  BackgroundPipelineScrubber (BackgroundSCMService.java:run(110)) - BackgroundPipelineScrubber is interrupted, exit
2022-08-03 01:58:38,148 [Listener at 127.0.0.1/36611] INFO  impl.MetricsSystemImpl (MetricsSystemImpl.java:stop(210)) - Stopping HddsDatanode metrics system...
2022-08-03 01:58:38,178 [prometheus] INFO  impl.MetricsSinkAdapter (MetricsSinkAdapter.java:publishMetricsFromQueue(141)) - prometheus thread interrupted.
2022-08-03 01:58:38,188 [Listener at 127.0.0.1/36611] INFO  impl.MetricsSystemImpl (MetricsSystemImpl.java:stop(216)) - HddsDatanode metrics system stopped.
2022-08-03 01:58:38,435 [Listener at 127.0.0.1/36611] WARN  server.ServerUtils (ServerUtils.java:getScmDbDir(148)) - ozone.scm.db.dirs is not configured. We recommend adding this setting. Falling back to ozone.metadata.dirs instead.
2022-08-03 01:58:38,456 [Listener at 127.0.0.1/36611] WARN  server.ServerUtils (ServerUtils.java:getScmDbDir(148)) - ozone.scm.db.dirs is not configured. We recommend adding this setting. Falling back to ozone.metadata.dirs instead.
2022-08-03 01:58:38,456 [Listener at 127.0.0.1/36611] INFO  ha.SCMHANodeDetails (SCMHANodeDetails.java:loadSCMHAConfig(209)) - ServiceID for StorageContainerManager is null
2022-08-03 01:58:38,457 [Listener at 127.0.0.1/36611] INFO  ha.SCMHANodeDetails (SCMHANodeDetails.java:loadSCMHAConfig(214)) - ozone.scm.default.service.id is not defined, falling back to ozone.scm.service.ids to find serviceID for StorageContainerManager if it is HA enabled cluster
2022-08-03 01:58:38,457 [Listener at 127.0.0.1/36611] WARN  utils.HAUtils (HAUtils.java:getMetaDir(342)) - ozone.scm.db.dirs is not configured. We recommend adding this setting. Falling back to ozone.metadata.dirs instead.
2022-08-03 01:58:38,458 [Listener at 127.0.0.1/36611] WARN  db.DBStoreBuilder (DBStoreBuilder.java:applyDBDefinition(145)) - ozone.scm.db.dirs is not configured. We recommend adding this setting. Falling back to ozone.metadata.dirs instead.
2022-08-03 01:58:38,932 [Listener at 127.0.0.1/36611] INFO  net.NodeSchemaLoader (NodeSchemaLoader.java:loadSchemaFromFile(129)) - Loading schema from [jar:file:/home/runner/.m2/repository/org/apache/ozone/hdds-common/1.3.0-SNAPSHOT/hdds-common-1.3.0-SNAPSHOT.jar!/network-topology-default.xml]
2022-08-03 01:58:38,932 [Listener at 127.0.0.1/36611] INFO  net.NodeSchemaLoader (NodeSchemaLoader.java:loadSchema(176)) - Loading network topology layer schema file
2022-08-03 01:58:38,935 [Listener at 127.0.0.1/36611] INFO  upgrade.AbstractLayoutVersionManager (AbstractLayoutVersionManager.java:init(83)) - Initializing Layout version manager with metadata layout = DATANODE_SCHEMA_V3 (version = 4), software layout = DATANODE_SCHEMA_V3 (version = 4)
2022-08-03 01:58:39,056 [Listener at 127.0.0.1/36611] INFO  reflections.Reflections (Reflections.java:scan(232)) - Reflections took 120 ms to scan 7 urls, producing 132 keys and 321 values 
2022-08-03 01:58:39,070 [Listener at 127.0.0.1/36611] INFO  ha.SequenceIdGenerator (SequenceIdGenerator.java:upgradeToSequenceId(349)) - upgrade localId to 109611004723200000
2022-08-03 01:58:39,070 [Listener at 127.0.0.1/36611] INFO  ha.SequenceIdGenerator (SequenceIdGenerator.java:upgradeToSequenceId(359)) - upgrade delTxnId to 0
2022-08-03 01:58:39,070 [Listener at 127.0.0.1/36611] INFO  ha.SequenceIdGenerator (SequenceIdGenerator.java:upgradeToSequenceId(376)) - upgrade containerId to 0
2022-08-03 01:58:39,070 [Listener at 127.0.0.1/36611] INFO  ha.SequenceIdGenerator (SequenceIdGenerator.java:<init>(220)) - Init the HA SequenceIdGenerator.
2022-08-03 01:58:39,071 [Listener at 127.0.0.1/36611] WARN  server.ServerUtils (ServerUtils.java:sanitizeUserArgs(73)) - ozone.scm.stale.node.interval value = 300000 is larger than max = 100000 based on the key value of ozone.scm.heartbeat.thread.interval, reset to the max value 100000.
2022-08-03 01:58:39,071 [Listener at 127.0.0.1/36611] WARN  server.ServerUtils (ServerUtils.java:sanitizeUserArgs(73)) - ozone.scm.stale.node.interval value = 300000 is larger than max = 100000 based on the key value of ozone.scm.heartbeat.thread.interval, reset to the max value 100000.
2022-08-03 01:58:39,076 [Listener at 127.0.0.1/36611] INFO  node.SCMNodeManager (SCMNodeManager.java:<init>(149)) - Entering startup safe mode.
2022-08-03 01:58:39,077 [Listener at 127.0.0.1/36611] INFO  algorithms.ContainerPlacementPolicyFactory (ContainerPlacementPolicyFactory.java:getPolicyInternal(86)) - Create container placement policy of type org.apache.hadoop.hdds.scm.container.placement.algorithms.SCMContainerPlacementRandom
2022-08-03 01:58:39,077 [Listener at 127.0.0.1/36611] INFO  algorithms.ContainerPlacementPolicyFactory (ContainerPlacementPolicyFactory.java:getPolicyInternal(86)) - Create container placement policy of type org.apache.hadoop.hdds.scm.container.placement.algorithms.SCMContainerPlacementRackScatter
2022-08-03 01:58:39,077 [Listener at 127.0.0.1/36611] INFO  pipeline.PipelineStateManagerImpl (PipelineStateManagerImpl.java:initialize(78)) - No pipeline exists in current db
2022-08-03 01:58:39,077 [Listener at 127.0.0.1/36611] INFO  algorithms.LeaderChoosePolicyFactory (LeaderChoosePolicyFactory.java:getPolicy(57)) - Create leader choose policy of type org.apache.hadoop.hdds.scm.pipeline.leader.choose.algorithms.MinLeaderCountChoosePolicy
2022-08-03 01:58:39,078 [Listener at 127.0.0.1/36611] INFO  algorithms.ContainerPlacementPolicyFactory (ContainerPlacementPolicyFactory.java:getPolicyInternal(86)) - Create container placement policy of type org.apache.hadoop.hdds.scm.container.placement.algorithms.SCMContainerPlacementRackScatter
2022-08-03 01:58:39,078 [Listener at 127.0.0.1/36611] INFO  ha.SCMServiceManager (SCMServiceManager.java:register(42)) - Registering service BackgroundPipelineCreator.
2022-08-03 01:58:39,078 [Listener at 127.0.0.1/36611] INFO  pipeline.BackgroundPipelineCreator (BackgroundPipelineCreator.java:start(124)) - Starting RatisPipelineUtilsThread.
2022-08-03 01:58:39,078 [Listener at 127.0.0.1/36611] INFO  BackgroundPipelineScrubber (BackgroundSCMService.java:start(68)) - Starting BackgroundPipelineScrubber Service.
2022-08-03 01:58:39,079 [Listener at 127.0.0.1/36611] INFO  ha.SCMServiceManager (SCMServiceManager.java:register(42)) - Registering service BackgroundPipelineScrubber.
2022-08-03 01:58:39,079 [Listener at 127.0.0.1/36611] INFO  ExpiredContainerReplicaOpScrubber (BackgroundSCMService.java:start(68)) - Starting ExpiredContainerReplicaOpScrubber Service.
2022-08-03 01:58:39,079 [Listener at 127.0.0.1/36611] INFO  ha.SCMServiceManager (SCMServiceManager.java:register(42)) - Registering service ExpiredContainerReplicaOpScrubber.
2022-08-03 01:58:39,080 [Listener at 127.0.0.1/36611] INFO  algorithms.PipelineChoosePolicyFactory (PipelineChoosePolicyFactory.java:createPipelineChoosePolicyFromClass(73)) - Create pipeline choose policy of type org.apache.hadoop.hdds.scm.pipeline.choose.algorithms.RandomPipelineChoosePolicy
2022-08-03 01:58:39,080 [Listener at 127.0.0.1/36611] INFO  ha.SCMServiceManager (SCMServiceManager.java:register(42)) - Registering service SCMBlockDeletingService.
2022-08-03 01:58:39,080 [Listener at 127.0.0.1/36611] INFO  replication.ReplicationManager (ReplicationManager.java:start(200)) - Starting Replication Monitor Thread.
2022-08-03 01:58:39,081 [Listener at 127.0.0.1/36611] INFO  UnderReplicatedQueueThread (BackgroundSCMService.java:start(68)) - Starting UnderReplicatedQueueThread Service.
2022-08-03 01:58:39,081 [Listener at 127.0.0.1/36611] INFO  ha.SCMServiceManager (SCMServiceManager.java:register(42)) - Registering service UnderReplicatedQueueThread.
2022-08-03 01:58:39,081 [Listener at 127.0.0.1/36611] INFO  OverReplicatedQueueThread (BackgroundSCMService.java:start(68)) - Starting OverReplicatedQueueThread Service.
2022-08-03 01:58:39,082 [Listener at 127.0.0.1/36611] INFO  ha.SCMServiceManager (SCMServiceManager.java:register(42)) - Registering service OverReplicatedQueueThread.
2022-08-03 01:58:39,082 [Listener at 127.0.0.1/36611] INFO  ha.SCMServiceManager (SCMServiceManager.java:register(42)) - Registering service ReplicationManager.
2022-08-03 01:58:39,082 [Listener at 127.0.0.1/36611] INFO  safemode.ContainerSafeModeRule (ContainerSafeModeRule.java:<init>(89)) - containers with one replica threshold count 0
2022-08-03 01:58:39,082 [Listener at 127.0.0.1/36611] INFO  safemode.HealthyPipelineSafeModeRule (HealthyPipelineSafeModeRule.java:initializeRule(169)) - Total pipeline count is 0, healthy pipeline threshold count is 1
2022-08-03 01:58:39,083 [Listener at 127.0.0.1/36611] INFO  safemode.OneReplicaPipelineSafeModeRule (OneReplicaPipelineSafeModeRule.java:initializeRule(180)) - Total pipeline count is 0, pipeline's with at least one datanode reported threshold count is 0
2022-08-03 01:58:39,083 [Listener at 127.0.0.1/36611] INFO  ipc.CallQueueManager (CallQueueManager.java:<init>(90)) - Using callQueue: class java.util.concurrent.LinkedBlockingQueue, queueCapacity: 2000, scheduler: class org.apache.hadoop.ipc.DefaultRpcScheduler, ipcBackoff: false.
2022-08-03 01:58:39,084 [Socket Reader #1 for port 0] INFO  ipc.Server (Server.java:run(1265)) - Starting Socket Reader #1 for port 0
2022-08-03 01:58:39,084 [Listener at 0.0.0.0/43643] INFO  ipc.CallQueueManager (CallQueueManager.java:<init>(90)) - Using callQueue: class java.util.concurrent.LinkedBlockingQueue, queueCapacity: 2000, scheduler: class org.apache.hadoop.ipc.DefaultRpcScheduler, ipcBackoff: false.
2022-08-03 01:58:39,089 [Socket Reader #1 for port 0] INFO  ipc.Server (Server.java:run(1265)) - Starting Socket Reader #1 for port 0
2022-08-03 01:58:39,090 [Listener at 0.0.0.0/41849] INFO  ipc.CallQueueManager (CallQueueManager.java:<init>(90)) - Using callQueue: class java.util.concurrent.LinkedBlockingQueue, queueCapacity: 2000, scheduler: class org.apache.hadoop.ipc.DefaultRpcScheduler, ipcBackoff: false.
2022-08-03 01:58:39,090 [Socket Reader #1 for port 0] INFO  ipc.Server (Server.java:run(1265)) - Starting Socket Reader #1 for port 0
2022-08-03 01:58:39,101 [ReplicationMonitor] INFO  replication.ReplicationManager (ReplicationManager.java:processAll(249)) - Replication Manager is not ready to run until 3000ms after safemode exit
2022-08-03 01:58:39,158 [Listener at 0.0.0.0/42957] INFO  ha.SCMServiceManager (SCMServiceManager.java:register(42)) - Registering service ContainerBalancer.
2022-08-03 01:58:39,159 [Listener at 0.0.0.0/42957] INFO  server.StorageContainerManager (StorageContainerManager.java:<init>(406)) - 
Container Balancer status:
Key                            Value
Running                        false
Container Balancer Configuration values:
Key                                                Value
Threshold                                          10
Max Datanodes to Involve per Iteration(percent)    20
Max Size to Move per Iteration                     500GB
Max Size Entering Target per Iteration             26GB
Max Size Leaving Source per Iteration              26GB

2022-08-03 01:58:39,159 [Listener at 0.0.0.0/42957] WARN  events.EventQueue (EventQueue.java:fireEvent(216)) - No event handler registered for event TypedEvent{payloadType=SafeModeStatus, name='Safe mode status'}
2022-08-03 01:58:39,159 [Listener at 0.0.0.0/42957] INFO  ha.SCMContext (SCMContext.java:updateSafeModeStatus(228)) - Update SafeModeStatus from SafeModeStatus{safeModeStatus=true, preCheckPassed=false} to SafeModeStatus{safeModeStatus=true, preCheckPassed=false}.
2022-08-03 01:58:39,159 [Listener at 0.0.0.0/42957] INFO  server.StorageContainerManager (StorageContainerManager.java:start(1460)) - StorageContainerLocationProtocol RPC server is listening at /0.0.0.0:42957
2022-08-03 01:58:39,171 [Listener at 0.0.0.0/42957] WARN  impl.MetricsConfig (MetricsConfig.java:loadFirst(136)) - Cannot locate configuration: tried hadoop-metrics2-storagecontainermanager.properties,hadoop-metrics2.properties
2022-08-03 01:58:39,172 [Listener at 0.0.0.0/42957] INFO  impl.MetricsSystemImpl (MetricsSystemImpl.java:startTimer(378)) - Scheduled Metric snapshot period at 10 second(s).
2022-08-03 01:58:39,172 [Listener at 0.0.0.0/42957] INFO  impl.MetricsSystemImpl (MetricsSystemImpl.java:start(191)) - StorageContainerManager metrics system started
2022-08-03 01:58:39,248 [Listener at 0.0.0.0/42957] INFO  impl.MetricsSinkAdapter (MetricsSinkAdapter.java:start(204)) - Sink prometheus started
2022-08-03 01:58:39,249 [Listener at 0.0.0.0/42957] INFO  impl.MetricsSystemImpl (MetricsSystemImpl.java:registerSink(305)) - Registered sink prometheus
2022-08-03 01:58:39,293 [Listener at 0.0.0.0/42957] INFO  server.SCMClientProtocolServer (SCMClientProtocolServer.java:start(170)) - RPC server for Client  is listening at /0.0.0.0:42957
2022-08-03 01:58:39,293 [IPC Server Responder] INFO  ipc.Server (Server.java:run(1507)) - IPC Server Responder: starting
2022-08-03 01:58:39,301 [IPC Server listener on 0] INFO  ipc.Server (Server.java:run(1344)) - IPC Server listener on 0: starting
2022-08-03 01:58:39,496 [Listener at 0.0.0.0/42957] INFO  server.StorageContainerManager (StorageContainerManager.java:start(1475)) - ScmBlockLocationProtocol RPC server is listening at /0.0.0.0:41849
2022-08-03 01:58:39,497 [Listener at 0.0.0.0/42957] INFO  server.SCMBlockProtocolServer (SCMBlockProtocolServer.java:start(152)) - RPC server for Block Protocol is listening at /0.0.0.0:41849
2022-08-03 01:58:39,500 [IPC Server Responder] INFO  ipc.Server (Server.java:run(1507)) - IPC Server Responder: starting
2022-08-03 01:58:39,501 [IPC Server listener on 0] INFO  ipc.Server (Server.java:run(1344)) - IPC Server listener on 0: starting
2022-08-03 01:58:39,503 [Listener at 0.0.0.0/42957] INFO  server.SCMDatanodeProtocolServer (SCMDatanodeProtocolServer.java:start(186)) - ScmDatanodeProtocol RPC server for DataNodes is listening at /0.0.0.0:43643
2022-08-03 01:58:39,503 [IPC Server Responder] INFO  ipc.Server (Server.java:run(1507)) - IPC Server Responder: starting
2022-08-03 01:58:39,504 [IPC Server listener on 0] INFO  ipc.Server (Server.java:run(1344)) - IPC Server listener on 0: starting
2022-08-03 01:58:39,554 [Listener at 0.0.0.0/42957] INFO  http.BaseHttpServer (BaseHttpServer.java:newHttpServer2BuilderForOzone(209)) - Starting Web-server for scm at: http://0.0.0.0:0
2022-08-03 01:58:39,555 [Listener at 0.0.0.0/42957] INFO  http.BaseHttpServer (BaseHttpServer.java:<init>(107)) - Hadoop Security Enabled: false Ozone Security Enabled: false Ozone HTTP Security Enabled: false 
2022-08-03 01:58:39,556 [Listener at 0.0.0.0/42957] INFO  server.AuthenticationFilter (AuthenticationFilter.java:constructSecretProvider(240)) - Unable to initialize FileSignerSecretProvider, falling back to use random secrets.
2022-08-03 01:58:39,569 [Listener at 0.0.0.0/42957] WARN  http.HttpRequestLog (HttpRequestLog.java:getRequestLog(103)) - Jetty request log can only be enabled using Log4j
2022-08-03 01:58:39,608 [org.apache.hadoop.util.JvmPauseMonitor$Monitor@402950] INFO  util.JvmPauseMonitor (JvmPauseMonitor.java:run(188)) - Starting JVM pause monitor
2022-08-03 01:58:39,626 [Listener at 0.0.0.0/42957] INFO  http.HttpServer2 (HttpServer2.java:addGlobalFilter(1029)) - Added global filter 'safety' (class=org.apache.hadoop.hdds.server.http.HttpServer2$QuotingInputFilter)
2022-08-03 01:58:39,626 [Listener at 0.0.0.0/42957] INFO  http.HttpServer2 (HttpServer2.java:addFilter(1005)) - Added filter static_user_filter (class=org.apache.hadoop.http.lib.StaticUserWebFilter$StaticUserFilter) to context scm
2022-08-03 01:58:39,626 [Listener at 0.0.0.0/42957] INFO  http.HttpServer2 (HttpServer2.java:addFilter(1013)) - Added filter static_user_filter (class=org.apache.hadoop.http.lib.StaticUserWebFilter$StaticUserFilter) to context static
2022-08-03 01:58:39,626 [Listener at 0.0.0.0/42957] INFO  http.HttpServer2 (HttpServer2.java:addFilter(1013)) - Added filter static_user_filter (class=org.apache.hadoop.http.lib.StaticUserWebFilter$StaticUserFilter) to context logs
2022-08-03 01:58:39,627 [Listener at 0.0.0.0/42957] INFO  http.HttpServer2 (HttpServer2.java:bindListener(1248)) - Jetty bound to port 33287
2022-08-03 01:58:39,627 [Listener at 0.0.0.0/42957] INFO  server.Server (Server.java:doStart(375)) - jetty-9.4.43.v20210629; built: 2021-06-30T11:07:22.254Z; git: 526006ecfa3af7f1a27ef3a288e2bef7ea9dd7e8; jvm 1.8.0_332-b09
2022-08-03 01:58:39,650 [Listener at 0.0.0.0/42957] INFO  server.session (DefaultSessionIdManager.java:doStart(334)) - DefaultSessionIdManager workerName=node0
2022-08-03 01:58:39,651 [Listener at 0.0.0.0/42957] INFO  server.session (DefaultSessionIdManager.java:doStart(339)) - No SessionScavenger set, using defaults
2022-08-03 01:58:39,651 [Listener at 0.0.0.0/42957] INFO  server.session (HouseKeeper.java:startScavenging(132)) - node0 Scavenging every 600000ms
2022-08-03 01:58:39,655 [Listener at 0.0.0.0/42957] INFO  handler.ContextHandler (ContextHandler.java:doStart(915)) - Started o.e.j.s.ServletContextHandler@5f06c6c8{logs,/logs,file:///home/runner/work/ozone/ozone/hadoop-ozone/integration-test/target/log,AVAILABLE}
2022-08-03 01:58:39,655 [Listener at 0.0.0.0/42957] INFO  handler.ContextHandler (ContextHandler.java:doStart(915)) - Started o.e.j.s.ServletContextHandler@68ecdadc{static,/static,file:///home/runner/work/ozone/ozone/hadoop-ozone/integration-test/target/test-classes/webapps/static,AVAILABLE}
2022-08-03 01:58:39,659 [Listener at 0.0.0.0/42957] INFO  handler.ContextHandler (ContextHandler.java:doStart(915)) - Started o.e.j.w.WebAppContext@36a33153{scm,/,file:///home/runner/work/ozone/ozone/hadoop-ozone/integration-test/target/test-classes/webapps/scm/,AVAILABLE}{file:/home/runner/work/ozone/ozone/hadoop-ozone/integration-test/target/test-classes/webapps/scm}
2022-08-03 01:58:39,709 [Listener at 0.0.0.0/42957] INFO  server.AbstractConnector (AbstractConnector.java:doStart(331)) - Started ServerConnector@a7adf82{HTTP/1.1, (http/1.1)}{0.0.0.0:33287}
2022-08-03 01:58:39,709 [Listener at 0.0.0.0/42957] INFO  server.Server (Server.java:doStart(415)) - Started @347566ms
2022-08-03 01:58:39,709 [Listener at 0.0.0.0/42957] WARN  impl.MetricsSystemImpl (MetricsSystemImpl.java:register(279)) - Sink prometheus already exists!
2022-08-03 01:58:39,710 [Listener at 0.0.0.0/42957] INFO  http.BaseHttpServer (BaseHttpServer.java:updateConnectorAddress(329)) - HTTP server of scm listening at http://0.0.0.0:33287
2022-08-03 01:58:39,710 [Listener at 0.0.0.0/42957] WARN  server.ServerUtils (ServerUtils.java:getDBPath(225)) - ozone.om.db.dirs is not configured. We recommend adding this setting. Falling back to ozone.metadata.dirs instead.
2022-08-03 01:58:39,713 [Listener at 0.0.0.0/42957] INFO  ha.OMHANodeDetails (OMHANodeDetails.java:loadOMHAConfig(115)) - ozone.om.internal.service.id is not defined, falling back to ozone.om.service.ids to find serviceID for OzoneManager if it is HA enabled cluster
2022-08-03 01:58:39,713 [Listener at 0.0.0.0/42957] INFO  ha.OMHANodeDetails (OMHANodeDetails.java:loadOMHAConfig(226)) - Configuration does not have ozone.om.address set. Falling back to the default OM address /127.0.0.1:0
2022-08-03 01:58:39,713 [Listener at 0.0.0.0/42957] INFO  ha.OMHANodeDetails (OMHANodeDetails.java:getOMNodeDetailsForNonHA(254)) - OM Service ID is not set. Setting it to the default ID: omServiceIdDefault
2022-08-03 01:58:39,714 [Listener at 0.0.0.0/42957] INFO  ha.OMHANodeDetails (OMHANodeDetails.java:getOMNodeDetailsForNonHA(261)) - OM Node ID is not set. Setting it to the default ID: om1
2022-08-03 01:58:39,714 [Listener at 0.0.0.0/42957] WARN  server.ServerUtils (ServerUtils.java:getDBPath(225)) - ozone.om.db.dirs is not configured. We recommend adding this setting. Falling back to ozone.metadata.dirs instead.
2022-08-03 01:58:39,714 [Listener at 0.0.0.0/42957] INFO  upgrade.AbstractLayoutVersionManager (AbstractLayoutVersionManager.java:init(83)) - Initializing Layout version manager with metadata layout = MULTITENANCY_SCHEMA (version = 3), software layout = MULTITENANCY_SCHEMA (version = 3)
2022-08-03 01:58:39,874 [Listener at 0.0.0.0/42957] INFO  reflections.Reflections (Reflections.java:scan(232)) - Reflections took 155 ms to scan 2 urls, producing 152 keys and 424 values [using 2 cores]
2022-08-03 01:58:39,874 [Listener at 0.0.0.0/42957] INFO  upgrade.OMLayoutVersionManager (OMLayoutVersionManager.java:lambda$0(115)) - Skipping Upgrade Action MockOmUpgradeAction since it has been finalized.
2022-08-03 01:58:39,874 [Listener at 0.0.0.0/42957] WARN  server.ServerUtils (ServerUtils.java:getDBPath(225)) - ozone.om.db.dirs is not configured. We recommend adding this setting. Falling back to ozone.metadata.dirs instead.
2022-08-03 01:58:39,875 [Listener at 0.0.0.0/42957] INFO  proxy.SCMBlockLocationFailoverProxyProvider (SCMBlockLocationFailoverProxyProvider.java:<init>(114)) - Created block location fail-over proxy with 1 nodes: [nodeId=scmNodeId,nodeAddress=/0.0.0.0:41849]
2022-08-03 01:58:39,876 [Listener at 0.0.0.0/42957] INFO  proxy.SCMBlockLocationFailoverProxyProvider (SCMBlockLocationFailoverProxyProvider.java:<init>(114)) - Created block location fail-over proxy with 1 nodes: [nodeId=scmNodeId,nodeAddress=/0.0.0.0:41849]
2022-08-03 01:58:39,929 [Listener at 0.0.0.0/42957] WARN  server.ServerUtils (ServerUtils.java:getDBPath(225)) - ozone.om.db.dirs is not configured. We recommend adding this setting. Falling back to ozone.metadata.dirs instead.
2022-08-03 01:58:39,930 [Listener at 0.0.0.0/42957] INFO  codec.OmKeyInfoCodec (OmKeyInfoCodec.java:<init>(49)) - OmKeyInfoCodec ignorePipeline = true
2022-08-03 01:58:39,930 [Listener at 0.0.0.0/42957] INFO  codec.RepeatedOmKeyInfoCodec (RepeatedOmKeyInfoCodec.java:<init>(41)) - RepeatedOmKeyInfoCodec ignorePipeline = true
2022-08-03 01:58:40,505 [Listener at 0.0.0.0/42957] INFO  om.OzoneManager (OzoneManager.java:instantiateServices(696)) - S3 Multi-Tenancy is disabled
2022-08-03 01:58:40,505 [Listener at 0.0.0.0/42957] INFO  om.OzoneManager (OzoneManager.java:addS3GVolumeToDB(4307)) - Created Volume s3v With Owner runner required for S3Gateway operations.
2022-08-03 01:58:40,523 [Listener at 0.0.0.0/42957] INFO  om.OzoneManager (OzoneManager.java:getRpcServer(1085)) - Creating RPC Server
2022-08-03 01:58:41,829 [Listener at 0.0.0.0/42957] INFO  reflections.Reflections (Reflections.java:scan(232)) - Reflections took 1297 ms to scan 19 urls, producing 67 keys and 4139 values [using 2 cores]
2022-08-03 01:58:41,831 [Listener at 0.0.0.0/42957] INFO  ipc.CallQueueManager (CallQueueManager.java:<init>(90)) - Using callQueue: class java.util.concurrent.LinkedBlockingQueue, queueCapacity: 2000, scheduler: class org.apache.hadoop.ipc.DefaultRpcScheduler, ipcBackoff: false.
2022-08-03 01:58:41,844 [Socket Reader #1 for port 0] INFO  ipc.Server (Server.java:run(1265)) - Starting Socket Reader #1 for port 0
2022-08-03 01:58:41,911 [Listener at 127.0.0.1/36513] INFO  impl.MetricsSystemImpl (MetricsSystemImpl.java:init(158)) - OzoneManager metrics system started (again)
2022-08-03 01:58:41,935 [Listener at 127.0.0.1/36513] INFO  om.OzoneManager (OzoneManager.java:start(1469)) - OzoneManager RPC server is listening at localhost/127.0.0.1:36513
2022-08-03 01:58:41,936 [Listener at 127.0.0.1/36513] INFO  om.OzoneManager (OzoneManager.java:start(1485)) - Version File has different layout version (3) than OM DB (null). That is expected if this OM has never been finalized to a newer layout version.
2022-08-03 01:58:41,998 [Listener at 127.0.0.1/36513] INFO  http.BaseHttpServer (BaseHttpServer.java:newHttpServer2BuilderForOzone(209)) - Starting Web-server for ozoneManager at: http://0.0.0.0:0
2022-08-03 01:58:41,998 [Listener at 127.0.0.1/36513] INFO  http.BaseHttpServer (BaseHttpServer.java:<init>(107)) - Hadoop Security Enabled: false Ozone Security Enabled: false Ozone HTTP Security Enabled: false 
2022-08-03 01:58:41,999 [Listener at 127.0.0.1/36513] INFO  server.AuthenticationFilter (AuthenticationFilter.java:constructSecretProvider(240)) - Unable to initialize FileSignerSecretProvider, falling back to use random secrets.
2022-08-03 01:58:42,040 [Listener at 127.0.0.1/36513] WARN  http.HttpRequestLog (HttpRequestLog.java:getRequestLog(103)) - Jetty request log can only be enabled using Log4j
2022-08-03 01:58:42,041 [Listener at 127.0.0.1/36513] INFO  http.HttpServer2 (HttpServer2.java:addGlobalFilter(1029)) - Added global filter 'safety' (class=org.apache.hadoop.hdds.server.http.HttpServer2$QuotingInputFilter)
2022-08-03 01:58:42,042 [Listener at 127.0.0.1/36513] INFO  http.HttpServer2 (HttpServer2.java:addFilter(1005)) - Added filter static_user_filter (class=org.apache.hadoop.http.lib.StaticUserWebFilter$StaticUserFilter) to context ozoneManager
2022-08-03 01:58:42,042 [Listener at 127.0.0.1/36513] INFO  http.HttpServer2 (HttpServer2.java:addFilter(1013)) - Added filter static_user_filter (class=org.apache.hadoop.http.lib.StaticUserWebFilter$StaticUserFilter) to context logs
2022-08-03 01:58:42,042 [Listener at 127.0.0.1/36513] INFO  http.HttpServer2 (HttpServer2.java:addFilter(1013)) - Added filter static_user_filter (class=org.apache.hadoop.http.lib.StaticUserWebFilter$StaticUserFilter) to context static
2022-08-03 01:58:42,043 [Listener at 127.0.0.1/36513] INFO  http.HttpServer2 (HttpServer2.java:bindListener(1248)) - Jetty bound to port 33109
2022-08-03 01:58:42,043 [Listener at 127.0.0.1/36513] INFO  server.Server (Server.java:doStart(375)) - jetty-9.4.43.v20210629; built: 2021-06-30T11:07:22.254Z; git: 526006ecfa3af7f1a27ef3a288e2bef7ea9dd7e8; jvm 1.8.0_332-b09
2022-08-03 01:58:42,101 [Listener at 127.0.0.1/36513] INFO  server.session (DefaultSessionIdManager.java:doStart(334)) - DefaultSessionIdManager workerName=node0
2022-08-03 01:58:42,101 [Listener at 127.0.0.1/36513] INFO  server.session (DefaultSessionIdManager.java:doStart(339)) - No SessionScavenger set, using defaults
2022-08-03 01:58:42,101 [Listener at 127.0.0.1/36513] INFO  server.session (HouseKeeper.java:startScavenging(132)) - node0 Scavenging every 600000ms
2022-08-03 01:58:42,102 [Listener at 127.0.0.1/36513] INFO  handler.ContextHandler (ContextHandler.java:doStart(915)) - Started o.e.j.s.ServletContextHandler@4945ea17{logs,/logs,file:///home/runner/work/ozone/ozone/hadoop-ozone/integration-test/target/log,AVAILABLE}
2022-08-03 01:58:42,102 [Listener at 127.0.0.1/36513] INFO  handler.ContextHandler (ContextHandler.java:doStart(915)) - Started o.e.j.s.ServletContextHandler@210d7213{static,/static,file:///home/runner/work/ozone/ozone/hadoop-ozone/integration-test/target/test-classes/webapps/static,AVAILABLE}
2022-08-03 01:58:42,128 [Listener at 127.0.0.1/36513] INFO  handler.ContextHandler (ContextHandler.java:doStart(915)) - Started o.e.j.w.WebAppContext@424f8c75{ozoneManager,/,file:///home/runner/work/ozone/ozone/hadoop-ozone/integration-test/target/test-classes/webapps/ozoneManager/,AVAILABLE}{file:/home/runner/work/ozone/ozone/hadoop-ozone/integration-test/target/test-classes/webapps/ozoneManager}
2022-08-03 01:58:42,151 [Listener at 127.0.0.1/36513] INFO  server.AbstractConnector (AbstractConnector.java:doStart(331)) - Started ServerConnector@8a405a4{HTTP/1.1, (http/1.1)}{0.0.0.0:33109}
2022-08-03 01:58:42,152 [Listener at 127.0.0.1/36513] INFO  server.Server (Server.java:doStart(415)) - Started @350009ms
2022-08-03 01:58:42,152 [Listener at 127.0.0.1/36513] WARN  impl.MetricsSystemImpl (MetricsSystemImpl.java:register(279)) - Sink prometheus already exists!
2022-08-03 01:58:42,153 [Listener at 127.0.0.1/36513] INFO  http.BaseHttpServer (BaseHttpServer.java:updateConnectorAddress(329)) - HTTP server of ozoneManager listening at http://0.0.0.0:33109
2022-08-03 01:58:42,168 [IPC Server listener on 0] INFO  ipc.Server (Server.java:run(1344)) - IPC Server listener on 0: starting
2022-08-03 01:58:42,168 [IPC Server Responder] INFO  ipc.Server (Server.java:run(1507)) - IPC Server Responder: starting
2022-08-03 01:58:42,185 [Listener at 127.0.0.1/36513] INFO  om.TrashPolicyOzone (TrashPolicyOzone.java:<init>(178)) - Ozone Manager trash configuration: Deletion interval = 0 minutes, Emptier interval = 0 minutes.
2022-08-03 01:58:42,224 [org.apache.hadoop.util.JvmPauseMonitor$Monitor@3faf05b4] INFO  util.JvmPauseMonitor (JvmPauseMonitor.java:run(188)) - Starting JVM pause monitor
2022-08-03 01:58:42,233 [Listener at 127.0.0.1/36513] INFO  impl.MetricsSystemImpl (MetricsSystemImpl.java:init(158)) - HddsDatanode metrics system started (again)
2022-08-03 01:58:42,246 [Listener at 127.0.0.1/36513] INFO  ozone.HddsDatanodeService (HddsDatanodeService.java:start(236)) - HddsDatanodeService host:fv-az199-929.piossgaoozdutex3tpy4bgd4ka.dx.internal.cloudapp.net ip:10.1.0.23
2022-08-03 01:58:42,333 [Listener at 127.0.0.1/36513] INFO  upgrade.AbstractLayoutVersionManager (AbstractLayoutVersionManager.java:init(83)) - Initializing Layout version manager with metadata layout = DATANODE_SCHEMA_V3 (version = 4), software layout = DATANODE_SCHEMA_V3 (version = 4)
2022-08-03 01:58:42,489 [Listener at 127.0.0.1/36513] INFO  reflections.Reflections (Reflections.java:scan(232)) - Reflections took 154 ms to scan 7 urls, producing 132 keys and 321 values 
2022-08-03 01:58:42,490 [Listener at 127.0.0.1/36513] INFO  statemachine.DatanodeStateMachine (DatanodeStateMachine.java:getEndPointTaskThreadPoolSize(237)) - Datanode State Machine Task Thread Pool size 2
2022-08-03 01:58:42,493 [Listener at 127.0.0.1/36513] INFO  volume.HddsVolume (HddsVolume.java:<init>(116)) - Creating HddsVolume: /home/runner/work/ozone/ozone/hadoop-ozone/integration-test/target/test-dir/MiniOzoneClusterImpl-2737617e-ba4a-449e-a26e-d824b2394d0e/datanode-0/data-0/containers/hdds of storage type : DISK capacity : 9223372036854775807
2022-08-03 01:58:42,493 [Listener at 127.0.0.1/36513] INFO  volume.MutableVolumeSet (MutableVolumeSet.java:initializeVolumeSet(174)) - Added Volume : /home/runner/work/ozone/ozone/hadoop-ozone/integration-test/target/test-dir/MiniOzoneClusterImpl-2737617e-ba4a-449e-a26e-d824b2394d0e/datanode-0/data-0/containers/hdds to VolumeSet
2022-08-03 01:58:42,494 [Listener at 127.0.0.1/36513] INFO  volume.ThrottledAsyncChecker (ThrottledAsyncChecker.java:schedule(141)) - Scheduling a check for /home/runner/work/ozone/ozone/hadoop-ozone/integration-test/target/test-dir/MiniOzoneClusterImpl-2737617e-ba4a-449e-a26e-d824b2394d0e/datanode-0/data-0/containers/hdds
2022-08-03 01:58:42,494 [Listener at 127.0.0.1/36513] INFO  volume.StorageVolumeChecker (StorageVolumeChecker.java:checkAllVolumes(202)) - Scheduled health check for volume /home/runner/work/ozone/ozone/hadoop-ozone/integration-test/target/test-dir/MiniOzoneClusterImpl-2737617e-ba4a-449e-a26e-d824b2394d0e/datanode-0/data-0/containers/hdds
2022-08-03 01:58:42,531 [Listener at 127.0.0.1/36513] INFO  volume.MutableVolumeSet (MutableVolumeSet.java:initializeVolumeSet(174)) - Added Volume : /home/runner/work/ozone/ozone/hadoop-ozone/integration-test/target/test-dir/MiniOzoneClusterImpl-2737617e-ba4a-449e-a26e-d824b2394d0e/datanode-0/data/ratis to VolumeSet
2022-08-03 01:58:42,531 [Listener at 127.0.0.1/36513] INFO  volume.ThrottledAsyncChecker (ThrottledAsyncChecker.java:schedule(141)) - Scheduling a check for /home/runner/work/ozone/ozone/hadoop-ozone/integration-test/target/test-dir/MiniOzoneClusterImpl-2737617e-ba4a-449e-a26e-d824b2394d0e/datanode-0/data/ratis
2022-08-03 01:58:42,531 [Listener at 127.0.0.1/36513] INFO  volume.StorageVolumeChecker (StorageVolumeChecker.java:checkAllVolumes(202)) - Scheduled health check for volume /home/runner/work/ozone/ozone/hadoop-ozone/integration-test/target/test-dir/MiniOzoneClusterImpl-2737617e-ba4a-449e-a26e-d824b2394d0e/datanode-0/data/ratis
2022-08-03 01:58:42,629 [Thread-1676] INFO  ozoneimpl.ContainerReader (ContainerReader.java:readVolume(175)) - Finish verifying containers on volume /home/runner/work/ozone/ozone/hadoop-ozone/integration-test/target/test-dir/MiniOzoneClusterImpl-2737617e-ba4a-449e-a26e-d824b2394d0e/datanode-0/data-0/containers/hdds
2022-08-03 01:58:42,630 [Listener at 127.0.0.1/36513] INFO  ozoneimpl.OzoneContainer (OzoneContainer.java:buildContainerSet(299)) - Build ContainerSet costs 0s
2022-08-03 01:58:42,632 [Listener at 127.0.0.1/36513] INFO  server.RaftServer (ConfUtils.java:logGet(46)) - raft.rpc.type = GRPC (default)
2022-08-03 01:58:42,641 [Listener at 127.0.0.1/36513] INFO  grpc.GrpcFactory (GrpcFactory.java:checkPooledByteBufAllocatorUseCacheForAllThreads(48)) - PERFORMANCE WARNING: useCacheForAllThreads is true that may cause Netty to create a lot garbage objects and, as a result, trigger GC.
	It is recommended to disable useCacheForAllThreads by setting -Dorg.apache.ratis.thirdparty.io.netty.allocator.useCacheForAllThreads=false in command line.
2022-08-03 01:58:42,641 [Listener at 127.0.0.1/36513] INFO  grpc.GrpcConfigKeys (ConfUtils.java:logGet(46)) - raft.grpc.admin.port = 0 (custom)
2022-08-03 01:58:42,642 [Listener at 127.0.0.1/36513] INFO  grpc.GrpcConfigKeys (ConfUtils.java:logGet(46)) - raft.grpc.client.port = 0 (custom)
2022-08-03 01:58:42,642 [Listener at 127.0.0.1/36513] INFO  grpc.GrpcConfigKeys (ConfUtils.java:logGet(46)) - raft.grpc.server.port = 0 (default)
2022-08-03 01:58:42,642 [Listener at 127.0.0.1/36513] INFO  server.GrpcService (ConfUtils.java:logGet(46)) - raft.grpc.message.size.max = 32MB (=33554432) (custom)
2022-08-03 01:58:42,642 [Listener at 127.0.0.1/36513] INFO  server.RaftServerConfigKeys (ConfUtils.java:logGet(46)) - raft.server.log.appender.buffer.byte-limit = 33554432 (custom)
2022-08-03 01:58:42,642 [Listener at 127.0.0.1/36513] INFO  server.GrpcService (ConfUtils.java:logGet(46)) - raft.grpc.flow.control.window = 5MB (=5242880) (custom)
2022-08-03 01:58:42,644 [Listener at 127.0.0.1/36513] INFO  server.RaftServerConfigKeys (ConfUtils.java:logGet(46)) - raft.server.rpc.request.timeout = 60s (custom)
2022-08-03 01:58:42,644 [Listener at 127.0.0.1/36513] INFO  grpc.GrpcConfigKeys (ConfUtils.java:logGet(46)) - raft.grpc.server.async.request.thread.pool.cached = true (default)
2022-08-03 01:58:42,644 [Listener at 127.0.0.1/36513] INFO  grpc.GrpcConfigKeys (ConfUtils.java:logGet(46)) - raft.grpc.server.async.request.thread.pool.size = 32 (default)
2022-08-03 01:58:42,645 [Listener at 127.0.0.1/36513] INFO  impl.DataStreamServerImpl (ConfUtils.java:logGet(46)) - raft.datastream.type = DISABLED (default)
2022-08-03 01:58:42,646 [Listener at 127.0.0.1/36513] INFO  server.RaftServerConfigKeys (ConfUtils.java:logGet(46)) - raft.server.threadpool.proxy.cached = true (default)
2022-08-03 01:58:42,646 [Listener at 127.0.0.1/36513] INFO  server.RaftServerConfigKeys (ConfUtils.java:logGet(46)) - raft.server.threadpool.proxy.size = 0 (default)
2022-08-03 01:58:42,646 [Listener at 127.0.0.1/36513] INFO  server.RaftServerConfigKeys (ConfUtils.java:logGet(46)) - raft.server.rpc.slowness.timeout = 300s (custom)
2022-08-03 01:58:42,646 [Listener at 127.0.0.1/36513] INFO  server.RaftServerConfigKeys (ConfUtils.java:logGet(46)) - raft.server.leaderelection.leader.step-down.wait-time = 10s (default)
2022-08-03 01:58:42,646 [Listener at 127.0.0.1/36513] INFO  server.RaftServerConfigKeys (ConfUtils.java:logGet(46)) - raft.server.storage.dir = [/home/runner/work/ozone/ozone/hadoop-ozone/integration-test/target/test-dir/MiniOzoneClusterImpl-2737617e-ba4a-449e-a26e-d824b2394d0e/datanode-0/data/ratis] (custom)
2022-08-03 01:58:42,651 [Listener at 127.0.0.1/36513] INFO  server.XceiverServerGrpc (XceiverServerGrpc.java:<init>(132)) - GrpcServer channel type EpollServerSocketChannel
2022-08-03 01:58:42,670 [Listener at 127.0.0.1/36513] INFO  http.BaseHttpServer (BaseHttpServer.java:newHttpServer2BuilderForOzone(209)) - Starting Web-server for hddsDatanode at: http://0.0.0.0:0
2022-08-03 01:58:42,670 [Listener at 127.0.0.1/36513] INFO  http.BaseHttpServer (BaseHttpServer.java:<init>(107)) - Hadoop Security Enabled: false Ozone Security Enabled: false Ozone HTTP Security Enabled: false 
2022-08-03 01:58:42,674 [Listener at 127.0.0.1/36513] INFO  server.AuthenticationFilter (AuthenticationFilter.java:constructSecretProvider(240)) - Unable to initialize FileSignerSecretProvider, falling back to use random secrets.
2022-08-03 01:58:42,689 [Listener at 127.0.0.1/36513] WARN  http.HttpRequestLog (HttpRequestLog.java:getRequestLog(103)) - Jetty request log can only be enabled using Log4j
2022-08-03 01:58:42,690 [Listener at 127.0.0.1/36513] INFO  http.HttpServer2 (HttpServer2.java:addGlobalFilter(1029)) - Added global filter 'safety' (class=org.apache.hadoop.hdds.server.http.HttpServer2$QuotingInputFilter)
2022-08-03 01:58:42,691 [Listener at 127.0.0.1/36513] INFO  http.HttpServer2 (HttpServer2.java:addFilter(1005)) - Added filter static_user_filter (class=org.apache.hadoop.http.lib.StaticUserWebFilter$StaticUserFilter) to context hddsDatanode
2022-08-03 01:58:42,691 [Listener at 127.0.0.1/36513] INFO  http.HttpServer2 (HttpServer2.java:addFilter(1013)) - Added filter static_user_filter (class=org.apache.hadoop.http.lib.StaticUserWebFilter$StaticUserFilter) to context static
2022-08-03 01:58:42,691 [Listener at 127.0.0.1/36513] INFO  http.HttpServer2 (HttpServer2.java:addFilter(1013)) - Added filter static_user_filter (class=org.apache.hadoop.http.lib.StaticUserWebFilter$StaticUserFilter) to context logs
2022-08-03 01:58:42,692 [Listener at 127.0.0.1/36513] INFO  http.HttpServer2 (HttpServer2.java:bindListener(1248)) - Jetty bound to port 43397
2022-08-03 01:58:42,692 [Listener at 127.0.0.1/36513] INFO  server.Server (Server.java:doStart(375)) - jetty-9.4.43.v20210629; built: 2021-06-30T11:07:22.254Z; git: 526006ecfa3af7f1a27ef3a288e2bef7ea9dd7e8; jvm 1.8.0_332-b09
2022-08-03 01:58:42,713 [Listener at 127.0.0.1/36513] INFO  server.session (DefaultSessionIdManager.java:doStart(334)) - DefaultSessionIdManager workerName=node0
2022-08-03 01:58:42,713 [Listener at 127.0.0.1/36513] INFO  server.session (DefaultSessionIdManager.java:doStart(339)) - No SessionScavenger set, using defaults
2022-08-03 01:58:42,714 [Listener at 127.0.0.1/36513] INFO  server.session (HouseKeeper.java:startScavenging(132)) - node0 Scavenging every 600000ms
2022-08-03 01:58:42,714 [Listener at 127.0.0.1/36513] INFO  handler.ContextHandler (ContextHandler.java:doStart(915)) - Started o.e.j.s.ServletContextHandler@747beca4{logs,/logs,file:///home/runner/work/ozone/ozone/hadoop-ozone/integration-test/target/log,AVAILABLE}
2022-08-03 01:58:42,715 [Listener at 127.0.0.1/36513] INFO  handler.ContextHandler (ContextHandler.java:doStart(915)) - Started o.e.j.s.ServletContextHandler@e63a7{static,/static,jar:file:/home/runner/.m2/repository/org/apache/ozone/hdds-container-service/1.3.0-SNAPSHOT/hdds-container-service-1.3.0-SNAPSHOT.jar!/webapps/static,AVAILABLE}
2022-08-03 01:58:43,148 [Listener at 127.0.0.1/36513] INFO  handler.ContextHandler (ContextHandler.java:doStart(915)) - Started o.e.j.w.WebAppContext@58d8dec8{hddsDatanode,/,file:///tmp/jetty-0_0_0_0-43397-hdds-container-service-1_3_0-SNAPSHOT_jar-_-any-3109006557164945789/webapp/,AVAILABLE}{jar:file:/home/runner/.m2/repository/org/apache/ozone/hdds-container-service/1.3.0-SNAPSHOT/hdds-container-service-1.3.0-SNAPSHOT.jar!/webapps/hddsDatanode}
2022-08-03 01:58:43,154 [Listener at 127.0.0.1/36513] INFO  server.AbstractConnector (AbstractConnector.java:doStart(331)) - Started ServerConnector@23e7672c{HTTP/1.1, (http/1.1)}{0.0.0.0:43397}
2022-08-03 01:58:43,155 [Listener at 127.0.0.1/36513] INFO  server.Server (Server.java:doStart(415)) - Started @351011ms
2022-08-03 01:58:43,155 [Listener at 127.0.0.1/36513] WARN  impl.MetricsSystemImpl (MetricsSystemImpl.java:register(279)) - Sink prometheus already exists!
2022-08-03 01:58:43,166 [Listener at 127.0.0.1/36513] INFO  http.BaseHttpServer (BaseHttpServer.java:updateConnectorAddress(329)) - HTTP server of hddsDatanode listening at http://0.0.0.0:43397
2022-08-03 01:58:43,177 [Listener at 127.0.0.1/36513] INFO  impl.MetricsSystemImpl (MetricsSystemImpl.java:init(158)) - HddsDatanode metrics system started (again)
2022-08-03 01:58:43,184 [Datanode State Machine Daemon Thread] INFO  statemachine.DatanodeStateMachine (DatanodeStateMachine.java:lambda$startDaemon$0(492)) - Ozone container server started.
2022-08-03 01:58:43,266 [org.apache.hadoop.util.JvmPauseMonitor$Monitor@135b0a2d] INFO  util.JvmPauseMonitor (JvmPauseMonitor.java:run(188)) - Starting JVM pause monitor
2022-08-03 01:58:43,279 [Datanode State Machine Task Thread - 0] INFO  datanode.InitDatanodeState (InitDatanodeState.java:persistContainerDatanodeDetails(138)) - DatanodeDetails is persisted to /home/runner/work/ozone/ozone/hadoop-ozone/integration-test/target/test-dir/MiniOzoneClusterImpl-2737617e-ba4a-449e-a26e-d824b2394d0e/datanode-0/meta/datanode.id
2022-08-03 01:58:43,294 [Listener at 127.0.0.1/36513] INFO  ozone.HddsDatanodeService (HddsDatanodeService.java:start(236)) - HddsDatanodeService host:fv-az199-929.piossgaoozdutex3tpy4bgd4ka.dx.internal.cloudapp.net ip:10.1.0.23
2022-08-03 01:58:43,342 [Listener at 127.0.0.1/36513] INFO  upgrade.AbstractLayoutVersionManager (AbstractLayoutVersionManager.java:init(83)) - Initializing Layout version manager with metadata layout = DATANODE_SCHEMA_V3 (version = 4), software layout = DATANODE_SCHEMA_V3 (version = 4)
2022-08-03 01:58:43,530 [Listener at 127.0.0.1/36513] INFO  reflections.Reflections (Reflections.java:scan(232)) - Reflections took 187 ms to scan 7 urls, producing 132 keys and 321 values 
2022-08-03 01:58:43,532 [Listener at 127.0.0.1/36513] INFO  statemachine.DatanodeStateMachine (DatanodeStateMachine.java:getEndPointTaskThreadPoolSize(237)) - Datanode State Machine Task Thread Pool size 2
2022-08-03 01:58:43,533 [Listener at 127.0.0.1/36513] INFO  volume.HddsVolume (HddsVolume.java:<init>(116)) - Creating HddsVolume: /home/runner/work/ozone/ozone/hadoop-ozone/integration-test/target/test-dir/MiniOzoneClusterImpl-2737617e-ba4a-449e-a26e-d824b2394d0e/datanode-1/data-0/containers/hdds of storage type : DISK capacity : 9223372036854775807
2022-08-03 01:58:43,533 [Listener at 127.0.0.1/36513] INFO  volume.MutableVolumeSet (MutableVolumeSet.java:initializeVolumeSet(174)) - Added Volume : /home/runner/work/ozone/ozone/hadoop-ozone/integration-test/target/test-dir/MiniOzoneClusterImpl-2737617e-ba4a-449e-a26e-d824b2394d0e/datanode-1/data-0/containers/hdds to VolumeSet
2022-08-03 01:58:43,533 [Listener at 127.0.0.1/36513] INFO  volume.ThrottledAsyncChecker (ThrottledAsyncChecker.java:schedule(141)) - Scheduling a check for /home/runner/work/ozone/ozone/hadoop-ozone/integration-test/target/test-dir/MiniOzoneClusterImpl-2737617e-ba4a-449e-a26e-d824b2394d0e/datanode-1/data-0/containers/hdds
2022-08-03 01:58:43,550 [Listener at 127.0.0.1/36513] INFO  volume.StorageVolumeChecker (StorageVolumeChecker.java:checkAllVolumes(202)) - Scheduled health check for volume /home/runner/work/ozone/ozone/hadoop-ozone/integration-test/target/test-dir/MiniOzoneClusterImpl-2737617e-ba4a-449e-a26e-d824b2394d0e/datanode-1/data-0/containers/hdds
2022-08-03 01:58:43,572 [Listener at 127.0.0.1/36513] INFO  volume.MutableVolumeSet (MutableVolumeSet.java:initializeVolumeSet(174)) - Added Volume : /home/runner/work/ozone/ozone/hadoop-ozone/integration-test/target/test-dir/MiniOzoneClusterImpl-2737617e-ba4a-449e-a26e-d824b2394d0e/datanode-1/data/ratis to VolumeSet
2022-08-03 01:58:43,572 [Listener at 127.0.0.1/36513] INFO  volume.ThrottledAsyncChecker (ThrottledAsyncChecker.java:schedule(141)) - Scheduling a check for /home/runner/work/ozone/ozone/hadoop-ozone/integration-test/target/test-dir/MiniOzoneClusterImpl-2737617e-ba4a-449e-a26e-d824b2394d0e/datanode-1/data/ratis
2022-08-03 01:58:43,572 [Listener at 127.0.0.1/36513] INFO  volume.StorageVolumeChecker (StorageVolumeChecker.java:checkAllVolumes(202)) - Scheduled health check for volume /home/runner/work/ozone/ozone/hadoop-ozone/integration-test/target/test-dir/MiniOzoneClusterImpl-2737617e-ba4a-449e-a26e-d824b2394d0e/datanode-1/data/ratis
2022-08-03 01:58:43,596 [Thread-1689] INFO  ozoneimpl.ContainerReader (ContainerReader.java:readVolume(175)) - Finish verifying containers on volume /home/runner/work/ozone/ozone/hadoop-ozone/integration-test/target/test-dir/MiniOzoneClusterImpl-2737617e-ba4a-449e-a26e-d824b2394d0e/datanode-1/data-0/containers/hdds
2022-08-03 01:58:43,596 [Listener at 127.0.0.1/36513] INFO  ozoneimpl.OzoneContainer (OzoneContainer.java:buildContainerSet(299)) - Build ContainerSet costs 0s
2022-08-03 01:58:43,598 [Listener at 127.0.0.1/36513] INFO  server.RaftServer (ConfUtils.java:logGet(46)) - raft.rpc.type = GRPC (default)
2022-08-03 01:58:43,598 [Listener at 127.0.0.1/36513] INFO  grpc.GrpcFactory (GrpcFactory.java:checkPooledByteBufAllocatorUseCacheForAllThreads(48)) - PERFORMANCE WARNING: useCacheForAllThreads is true that may cause Netty to create a lot garbage objects and, as a result, trigger GC.
	It is recommended to disable useCacheForAllThreads by setting -Dorg.apache.ratis.thirdparty.io.netty.allocator.useCacheForAllThreads=false in command line.
2022-08-03 01:58:43,598 [Listener at 127.0.0.1/36513] INFO  grpc.GrpcConfigKeys (ConfUtils.java:logGet(46)) - raft.grpc.admin.port = 0 (custom)
2022-08-03 01:58:43,599 [Listener at 127.0.0.1/36513] INFO  grpc.GrpcConfigKeys (ConfUtils.java:logGet(46)) - raft.grpc.client.port = 0 (custom)
2022-08-03 01:58:43,599 [Listener at 127.0.0.1/36513] INFO  grpc.GrpcConfigKeys (ConfUtils.java:logGet(46)) - raft.grpc.server.port = 0 (default)
2022-08-03 01:58:43,599 [Listener at 127.0.0.1/36513] INFO  server.GrpcService (ConfUtils.java:logGet(46)) - raft.grpc.message.size.max = 32MB (=33554432) (custom)
2022-08-03 01:58:43,599 [Listener at 127.0.0.1/36513] INFO  server.RaftServerConfigKeys (ConfUtils.java:logGet(46)) - raft.server.log.appender.buffer.byte-limit = 33554432 (custom)
2022-08-03 01:58:43,599 [Listener at 127.0.0.1/36513] INFO  server.GrpcService (ConfUtils.java:logGet(46)) - raft.grpc.flow.control.window = 5MB (=5242880) (custom)
2022-08-03 01:58:43,599 [Listener at 127.0.0.1/36513] INFO  server.RaftServerConfigKeys (ConfUtils.java:logGet(46)) - raft.server.rpc.request.timeout = 60s (custom)
2022-08-03 01:58:43,599 [Listener at 127.0.0.1/36513] INFO  grpc.GrpcConfigKeys (ConfUtils.java:logGet(46)) - raft.grpc.server.async.request.thread.pool.cached = true (default)
2022-08-03 01:58:43,600 [Listener at 127.0.0.1/36513] INFO  grpc.GrpcConfigKeys (ConfUtils.java:logGet(46)) - raft.grpc.server.async.request.thread.pool.size = 32 (default)
2022-08-03 01:58:43,601 [Listener at 127.0.0.1/36513] INFO  impl.DataStreamServerImpl (ConfUtils.java:logGet(46)) - raft.datastream.type = DISABLED (default)
2022-08-03 01:58:43,601 [Listener at 127.0.0.1/36513] INFO  server.RaftServerConfigKeys (ConfUtils.java:logGet(46)) - raft.server.threadpool.proxy.cached = true (default)
2022-08-03 01:58:43,601 [Listener at 127.0.0.1/36513] INFO  server.RaftServerConfigKeys (ConfUtils.java:logGet(46)) - raft.server.threadpool.proxy.size = 0 (default)
2022-08-03 01:58:43,601 [Listener at 127.0.0.1/36513] INFO  server.RaftServerConfigKeys (ConfUtils.java:logGet(46)) - raft.server.rpc.slowness.timeout = 300s (custom)
2022-08-03 01:58:43,601 [Listener at 127.0.0.1/36513] INFO  server.RaftServerConfigKeys (ConfUtils.java:logGet(46)) - raft.server.leaderelection.leader.step-down.wait-time = 10s (default)
2022-08-03 01:58:43,601 [Listener at 127.0.0.1/36513] INFO  server.RaftServerConfigKeys (ConfUtils.java:logGet(46)) - raft.server.storage.dir = [/home/runner/work/ozone/ozone/hadoop-ozone/integration-test/target/test-dir/MiniOzoneClusterImpl-2737617e-ba4a-449e-a26e-d824b2394d0e/datanode-1/data/ratis] (custom)
2022-08-03 01:58:43,614 [Listener at 127.0.0.1/36513] INFO  server.XceiverServerGrpc (XceiverServerGrpc.java:<init>(132)) - GrpcServer channel type EpollServerSocketChannel
2022-08-03 01:58:43,633 [Listener at 127.0.0.1/36513] INFO  http.BaseHttpServer (BaseHttpServer.java:newHttpServer2BuilderForOzone(209)) - Starting Web-server for hddsDatanode at: http://0.0.0.0:0
2022-08-03 01:58:43,633 [Listener at 127.0.0.1/36513] INFO  http.BaseHttpServer (BaseHttpServer.java:<init>(107)) - Hadoop Security Enabled: false Ozone Security Enabled: false Ozone HTTP Security Enabled: false 
2022-08-03 01:58:43,634 [Listener at 127.0.0.1/36513] INFO  server.AuthenticationFilter (AuthenticationFilter.java:constructSecretProvider(240)) - Unable to initialize FileSignerSecretProvider, falling back to use random secrets.
2022-08-03 01:58:43,635 [Listener at 127.0.0.1/36513] WARN  http.HttpRequestLog (HttpRequestLog.java:getRequestLog(103)) - Jetty request log can only be enabled using Log4j
2022-08-03 01:58:43,636 [Listener at 127.0.0.1/36513] INFO  http.HttpServer2 (HttpServer2.java:addGlobalFilter(1029)) - Added global filter 'safety' (class=org.apache.hadoop.hdds.server.http.HttpServer2$QuotingInputFilter)
2022-08-03 01:58:43,636 [Listener at 127.0.0.1/36513] INFO  http.HttpServer2 (HttpServer2.java:addFilter(1005)) - Added filter static_user_filter (class=org.apache.hadoop.http.lib.StaticUserWebFilter$StaticUserFilter) to context hddsDatanode
2022-08-03 01:58:43,636 [Listener at 127.0.0.1/36513] INFO  http.HttpServer2 (HttpServer2.java:addFilter(1013)) - Added filter static_user_filter (class=org.apache.hadoop.http.lib.StaticUserWebFilter$StaticUserFilter) to context logs
2022-08-03 01:58:43,636 [Listener at 127.0.0.1/36513] INFO  http.HttpServer2 (HttpServer2.java:addFilter(1013)) - Added filter static_user_filter (class=org.apache.hadoop.http.lib.StaticUserWebFilter$StaticUserFilter) to context static
2022-08-03 01:58:43,639 [Listener at 127.0.0.1/36513] INFO  http.HttpServer2 (HttpServer2.java:bindListener(1248)) - Jetty bound to port 42293
2022-08-03 01:58:43,639 [Listener at 127.0.0.1/36513] INFO  server.Server (Server.java:doStart(375)) - jetty-9.4.43.v20210629; built: 2021-06-30T11:07:22.254Z; git: 526006ecfa3af7f1a27ef3a288e2bef7ea9dd7e8; jvm 1.8.0_332-b09
2022-08-03 01:58:43,753 [Listener at 127.0.0.1/36513] INFO  server.session (DefaultSessionIdManager.java:doStart(334)) - DefaultSessionIdManager workerName=node0
2022-08-03 01:58:43,753 [Listener at 127.0.0.1/36513] INFO  server.session (DefaultSessionIdManager.java:doStart(339)) - No SessionScavenger set, using defaults
2022-08-03 01:58:43,754 [Listener at 127.0.0.1/36513] INFO  server.session (HouseKeeper.java:startScavenging(132)) - node0 Scavenging every 660000ms
2022-08-03 01:58:43,762 [Listener at 127.0.0.1/36513] INFO  handler.ContextHandler (ContextHandler.java:doStart(915)) - Started o.e.j.s.ServletContextHandler@39de939c{logs,/logs,file:///home/runner/work/ozone/ozone/hadoop-ozone/integration-test/target/log,AVAILABLE}
2022-08-03 01:58:43,762 [Listener at 127.0.0.1/36513] INFO  handler.ContextHandler (ContextHandler.java:doStart(915)) - Started o.e.j.s.ServletContextHandler@64b36ee8{static,/static,jar:file:/home/runner/.m2/repository/org/apache/ozone/hdds-container-service/1.3.0-SNAPSHOT/hdds-container-service-1.3.0-SNAPSHOT.jar!/webapps/static,AVAILABLE}
2022-08-03 01:58:43,864 [OverReplicatedQueueThreadThread] INFO  replication.OverReplicatedProcessor (OverReplicatedProcessor.java:processAll(83)) - Processed 0 over replicated containers, failed processing 0
2022-08-03 01:58:43,864 [UnderReplicatedQueueThreadThread] INFO  replication.UnderReplicatedProcessor (UnderReplicatedProcessor.java:processAll(85)) - Processed 0 under replicated containers, failed processing 0
2022-08-03 01:58:44,391 [Listener at 127.0.0.1/36513] INFO  handler.ContextHandler (ContextHandler.java:doStart(915)) - Started o.e.j.w.WebAppContext@73f7dc6a{hddsDatanode,/,file:///tmp/jetty-0_0_0_0-42293-hdds-container-service-1_3_0-SNAPSHOT_jar-_-any-4897294865846230255/webapp/,AVAILABLE}{jar:file:/home/runner/.m2/repository/org/apache/ozone/hdds-container-service/1.3.0-SNAPSHOT/hdds-container-service-1.3.0-SNAPSHOT.jar!/webapps/hddsDatanode}
2022-08-03 01:58:44,393 [Listener at 127.0.0.1/36513] INFO  server.AbstractConnector (AbstractConnector.java:doStart(331)) - Started ServerConnector@78af3e88{HTTP/1.1, (http/1.1)}{0.0.0.0:42293}
2022-08-03 01:58:44,393 [Listener at 127.0.0.1/36513] INFO  server.Server (Server.java:doStart(415)) - Started @352250ms
2022-08-03 01:58:44,394 [Listener at 127.0.0.1/36513] WARN  impl.MetricsSystemImpl (MetricsSystemImpl.java:register(279)) - Sink prometheus already exists!
2022-08-03 01:58:44,395 [Listener at 127.0.0.1/36513] INFO  http.BaseHttpServer (BaseHttpServer.java:updateConnectorAddress(329)) - HTTP server of hddsDatanode listening at http://0.0.0.0:42293
2022-08-03 01:58:44,395 [Listener at 127.0.0.1/36513] INFO  impl.MetricsSystemImpl (MetricsSystemImpl.java:init(158)) - HddsDatanode metrics system started (again)
2022-08-03 01:58:44,432 [Datanode State Machine Daemon Thread] INFO  statemachine.DatanodeStateMachine (DatanodeStateMachine.java:lambda$startDaemon$0(492)) - Ozone container server started.
2022-08-03 01:58:44,478 [Listener at 127.0.0.1/36513] INFO  ozone.HddsDatanodeService (HddsDatanodeService.java:start(236)) - HddsDatanodeService host:fv-az199-929.piossgaoozdutex3tpy4bgd4ka.dx.internal.cloudapp.net ip:10.1.0.23
2022-08-03 01:58:44,512 [org.apache.hadoop.util.JvmPauseMonitor$Monitor@5ddbe3e0] INFO  util.JvmPauseMonitor (JvmPauseMonitor.java:run(188)) - Starting JVM pause monitor
2022-08-03 01:58:44,539 [Datanode State Machine Task Thread - 0] INFO  datanode.InitDatanodeState (InitDatanodeState.java:persistContainerDatanodeDetails(138)) - DatanodeDetails is persisted to /home/runner/work/ozone/ozone/hadoop-ozone/integration-test/target/test-dir/MiniOzoneClusterImpl-2737617e-ba4a-449e-a26e-d824b2394d0e/datanode-1/meta/datanode.id
2022-08-03 01:58:44,592 [Listener at 127.0.0.1/36513] INFO  upgrade.AbstractLayoutVersionManager (AbstractLayoutVersionManager.java:init(83)) - Initializing Layout version manager with metadata layout = DATANODE_SCHEMA_V3 (version = 4), software layout = DATANODE_SCHEMA_V3 (version = 4)
2022-08-03 01:58:44,671 [Listener at 127.0.0.1/36513] INFO  reflections.Reflections (Reflections.java:scan(232)) - Reflections took 77 ms to scan 7 urls, producing 132 keys and 321 values 
2022-08-03 01:58:44,676 [Listener at 127.0.0.1/36513] INFO  statemachine.DatanodeStateMachine (DatanodeStateMachine.java:getEndPointTaskThreadPoolSize(237)) - Datanode State Machine Task Thread Pool size 2
2022-08-03 01:58:44,682 [Listener at 127.0.0.1/36513] INFO  volume.HddsVolume (HddsVolume.java:<init>(116)) - Creating HddsVolume: /home/runner/work/ozone/ozone/hadoop-ozone/integration-test/target/test-dir/MiniOzoneClusterImpl-2737617e-ba4a-449e-a26e-d824b2394d0e/datanode-2/data-0/containers/hdds of storage type : DISK capacity : 9223372036854775807
2022-08-03 01:58:44,682 [Listener at 127.0.0.1/36513] INFO  volume.MutableVolumeSet (MutableVolumeSet.java:initializeVolumeSet(174)) - Added Volume : /home/runner/work/ozone/ozone/hadoop-ozone/integration-test/target/test-dir/MiniOzoneClusterImpl-2737617e-ba4a-449e-a26e-d824b2394d0e/datanode-2/data-0/containers/hdds to VolumeSet
2022-08-03 01:58:44,683 [Listener at 127.0.0.1/36513] INFO  volume.ThrottledAsyncChecker (ThrottledAsyncChecker.java:schedule(141)) - Scheduling a check for /home/runner/work/ozone/ozone/hadoop-ozone/integration-test/target/test-dir/MiniOzoneClusterImpl-2737617e-ba4a-449e-a26e-d824b2394d0e/datanode-2/data-0/containers/hdds
2022-08-03 01:58:44,683 [Listener at 127.0.0.1/36513] INFO  volume.StorageVolumeChecker (StorageVolumeChecker.java:checkAllVolumes(202)) - Scheduled health check for volume /home/runner/work/ozone/ozone/hadoop-ozone/integration-test/target/test-dir/MiniOzoneClusterImpl-2737617e-ba4a-449e-a26e-d824b2394d0e/datanode-2/data-0/containers/hdds
2022-08-03 01:58:44,703 [Listener at 127.0.0.1/36513] INFO  volume.MutableVolumeSet (MutableVolumeSet.java:initializeVolumeSet(174)) - Added Volume : /home/runner/work/ozone/ozone/hadoop-ozone/integration-test/target/test-dir/MiniOzoneClusterImpl-2737617e-ba4a-449e-a26e-d824b2394d0e/datanode-2/data/ratis to VolumeSet
2022-08-03 01:58:44,703 [Listener at 127.0.0.1/36513] INFO  volume.ThrottledAsyncChecker (ThrottledAsyncChecker.java:schedule(141)) - Scheduling a check for /home/runner/work/ozone/ozone/hadoop-ozone/integration-test/target/test-dir/MiniOzoneClusterImpl-2737617e-ba4a-449e-a26e-d824b2394d0e/datanode-2/data/ratis
2022-08-03 01:58:44,703 [Listener at 127.0.0.1/36513] INFO  volume.StorageVolumeChecker (StorageVolumeChecker.java:checkAllVolumes(202)) - Scheduled health check for volume /home/runner/work/ozone/ozone/hadoop-ozone/integration-test/target/test-dir/MiniOzoneClusterImpl-2737617e-ba4a-449e-a26e-d824b2394d0e/datanode-2/data/ratis
2022-08-03 01:58:44,742 [Thread-1702] INFO  ozoneimpl.ContainerReader (ContainerReader.java:readVolume(175)) - Finish verifying containers on volume /home/runner/work/ozone/ozone/hadoop-ozone/integration-test/target/test-dir/MiniOzoneClusterImpl-2737617e-ba4a-449e-a26e-d824b2394d0e/datanode-2/data-0/containers/hdds
2022-08-03 01:58:44,743 [Listener at 127.0.0.1/36513] INFO  ozoneimpl.OzoneContainer (OzoneContainer.java:buildContainerSet(299)) - Build ContainerSet costs 0s
2022-08-03 01:58:44,750 [Listener at 127.0.0.1/36513] INFO  server.RaftServer (ConfUtils.java:logGet(46)) - raft.rpc.type = GRPC (default)
2022-08-03 01:58:44,750 [Listener at 127.0.0.1/36513] INFO  grpc.GrpcFactory (GrpcFactory.java:checkPooledByteBufAllocatorUseCacheForAllThreads(48)) - PERFORMANCE WARNING: useCacheForAllThreads is true that may cause Netty to create a lot garbage objects and, as a result, trigger GC.
	It is recommended to disable useCacheForAllThreads by setting -Dorg.apache.ratis.thirdparty.io.netty.allocator.useCacheForAllThreads=false in command line.
2022-08-03 01:58:44,751 [Listener at 127.0.0.1/36513] INFO  grpc.GrpcConfigKeys (ConfUtils.java:logGet(46)) - raft.grpc.admin.port = 0 (custom)
2022-08-03 01:58:44,751 [Listener at 127.0.0.1/36513] INFO  grpc.GrpcConfigKeys (ConfUtils.java:logGet(46)) - raft.grpc.client.port = 0 (custom)
2022-08-03 01:58:44,751 [Listener at 127.0.0.1/36513] INFO  grpc.GrpcConfigKeys (ConfUtils.java:logGet(46)) - raft.grpc.server.port = 0 (default)
2022-08-03 01:58:44,751 [Listener at 127.0.0.1/36513] INFO  server.GrpcService (ConfUtils.java:logGet(46)) - raft.grpc.message.size.max = 32MB (=33554432) (custom)
2022-08-03 01:58:44,752 [Listener at 127.0.0.1/36513] INFO  server.RaftServerConfigKeys (ConfUtils.java:logGet(46)) - raft.server.log.appender.buffer.byte-limit = 33554432 (custom)
2022-08-03 01:58:44,752 [Listener at 127.0.0.1/36513] INFO  server.GrpcService (ConfUtils.java:logGet(46)) - raft.grpc.flow.control.window = 5MB (=5242880) (custom)
2022-08-03 01:58:44,753 [Listener at 127.0.0.1/36513] INFO  server.RaftServerConfigKeys (ConfUtils.java:logGet(46)) - raft.server.rpc.request.timeout = 60s (custom)
2022-08-03 01:58:44,753 [Listener at 127.0.0.1/36513] INFO  grpc.GrpcConfigKeys (ConfUtils.java:logGet(46)) - raft.grpc.server.async.request.thread.pool.cached = true (default)
2022-08-03 01:58:44,753 [Listener at 127.0.0.1/36513] INFO  grpc.GrpcConfigKeys (ConfUtils.java:logGet(46)) - raft.grpc.server.async.request.thread.pool.size = 32 (default)
2022-08-03 01:58:44,754 [Listener at 127.0.0.1/36513] INFO  impl.DataStreamServerImpl (ConfUtils.java:logGet(46)) - raft.datastream.type = DISABLED (default)
2022-08-03 01:58:44,754 [Listener at 127.0.0.1/36513] INFO  server.RaftServerConfigKeys (ConfUtils.java:logGet(46)) - raft.server.threadpool.proxy.cached = true (default)
2022-08-03 01:58:44,755 [Listener at 127.0.0.1/36513] INFO  server.RaftServerConfigKeys (ConfUtils.java:logGet(46)) - raft.server.threadpool.proxy.size = 0 (default)
2022-08-03 01:58:44,755 [Listener at 127.0.0.1/36513] INFO  server.RaftServerConfigKeys (ConfUtils.java:logGet(46)) - raft.server.rpc.slowness.timeout = 300s (custom)
2022-08-03 01:58:44,755 [Listener at 127.0.0.1/36513] INFO  server.RaftServerConfigKeys (ConfUtils.java:logGet(46)) - raft.server.leaderelection.leader.step-down.wait-time = 10s (default)
2022-08-03 01:58:44,755 [Listener at 127.0.0.1/36513] INFO  server.RaftServerConfigKeys (ConfUtils.java:logGet(46)) - raft.server.storage.dir = [/home/runner/work/ozone/ozone/hadoop-ozone/integration-test/target/test-dir/MiniOzoneClusterImpl-2737617e-ba4a-449e-a26e-d824b2394d0e/datanode-2/data/ratis] (custom)
2022-08-03 01:58:44,758 [Listener at 127.0.0.1/36513] INFO  server.XceiverServerGrpc (XceiverServerGrpc.java:<init>(132)) - GrpcServer channel type EpollServerSocketChannel
2022-08-03 01:58:44,761 [Listener at 127.0.0.1/36513] INFO  http.BaseHttpServer (BaseHttpServer.java:newHttpServer2BuilderForOzone(209)) - Starting Web-server for hddsDatanode at: http://0.0.0.0:0
2022-08-03 01:58:44,761 [Listener at 127.0.0.1/36513] INFO  http.BaseHttpServer (BaseHttpServer.java:<init>(107)) - Hadoop Security Enabled: false Ozone Security Enabled: false Ozone HTTP Security Enabled: false 
2022-08-03 01:58:44,762 [Listener at 127.0.0.1/36513] INFO  server.AuthenticationFilter (AuthenticationFilter.java:constructSecretProvider(240)) - Unable to initialize FileSignerSecretProvider, falling back to use random secrets.
2022-08-03 01:58:44,762 [Listener at 127.0.0.1/36513] WARN  http.HttpRequestLog (HttpRequestLog.java:getRequestLog(103)) - Jetty request log can only be enabled using Log4j
2022-08-03 01:58:44,763 [Listener at 127.0.0.1/36513] INFO  http.HttpServer2 (HttpServer2.java:addGlobalFilter(1029)) - Added global filter 'safety' (class=org.apache.hadoop.hdds.server.http.HttpServer2$QuotingInputFilter)
2022-08-03 01:58:44,764 [Listener at 127.0.0.1/36513] INFO  http.HttpServer2 (HttpServer2.java:addFilter(1005)) - Added filter static_user_filter (class=org.apache.hadoop.http.lib.StaticUserWebFilter$StaticUserFilter) to context hddsDatanode
2022-08-03 01:58:44,764 [Listener at 127.0.0.1/36513] INFO  http.HttpServer2 (HttpServer2.java:addFilter(1013)) - Added filter static_user_filter (class=org.apache.hadoop.http.lib.StaticUserWebFilter$StaticUserFilter) to context static
2022-08-03 01:58:44,764 [Listener at 127.0.0.1/36513] INFO  http.HttpServer2 (HttpServer2.java:addFilter(1013)) - Added filter static_user_filter (class=org.apache.hadoop.http.lib.StaticUserWebFilter$StaticUserFilter) to context logs
2022-08-03 01:58:44,770 [Listener at 127.0.0.1/36513] INFO  http.HttpServer2 (HttpServer2.java:bindListener(1248)) - Jetty bound to port 44903
2022-08-03 01:58:44,770 [Listener at 127.0.0.1/36513] INFO  server.Server (Server.java:doStart(375)) - jetty-9.4.43.v20210629; built: 2021-06-30T11:07:22.254Z; git: 526006ecfa3af7f1a27ef3a288e2bef7ea9dd7e8; jvm 1.8.0_332-b09
2022-08-03 01:58:44,772 [Listener at 127.0.0.1/36513] INFO  server.session (DefaultSessionIdManager.java:doStart(334)) - DefaultSessionIdManager workerName=node0
2022-08-03 01:58:44,772 [Listener at 127.0.0.1/36513] INFO  server.session (DefaultSessionIdManager.java:doStart(339)) - No SessionScavenger set, using defaults
2022-08-03 01:58:44,772 [Listener at 127.0.0.1/36513] INFO  server.session (HouseKeeper.java:startScavenging(132)) - node0 Scavenging every 660000ms
2022-08-03 01:58:44,773 [Listener at 127.0.0.1/36513] INFO  handler.ContextHandler (ContextHandler.java:doStart(915)) - Started o.e.j.s.ServletContextHandler@6e75d52a{logs,/logs,file:///home/runner/work/ozone/ozone/hadoop-ozone/integration-test/target/log,AVAILABLE}
2022-08-03 01:58:44,773 [Listener at 127.0.0.1/36513] INFO  handler.ContextHandler (ContextHandler.java:doStart(915)) - Started o.e.j.s.ServletContextHandler@50da9994{static,/static,jar:file:/home/runner/.m2/repository/org/apache/ozone/hdds-container-service/1.3.0-SNAPSHOT/hdds-container-service-1.3.0-SNAPSHOT.jar!/webapps/static,AVAILABLE}
2022-08-03 01:58:45,238 [Listener at 127.0.0.1/36513] INFO  handler.ContextHandler (ContextHandler.java:doStart(915)) - Started o.e.j.w.WebAppContext@1ed5242c{hddsDatanode,/,file:///tmp/jetty-0_0_0_0-44903-hdds-container-service-1_3_0-SNAPSHOT_jar-_-any-8991334870509891227/webapp/,AVAILABLE}{jar:file:/home/runner/.m2/repository/org/apache/ozone/hdds-container-service/1.3.0-SNAPSHOT/hdds-container-service-1.3.0-SNAPSHOT.jar!/webapps/hddsDatanode}
2022-08-03 01:58:45,252 [Listener at 127.0.0.1/36513] INFO  server.AbstractConnector (AbstractConnector.java:doStart(331)) - Started ServerConnector@638eb6a3{HTTP/1.1, (http/1.1)}{0.0.0.0:44903}
2022-08-03 01:58:45,252 [Listener at 127.0.0.1/36513] INFO  server.Server (Server.java:doStart(415)) - Started @353109ms
2022-08-03 01:58:45,252 [Listener at 127.0.0.1/36513] WARN  impl.MetricsSystemImpl (MetricsSystemImpl.java:register(279)) - Sink prometheus already exists!
2022-08-03 01:58:45,254 [Listener at 127.0.0.1/36513] INFO  http.BaseHttpServer (BaseHttpServer.java:updateConnectorAddress(329)) - HTTP server of hddsDatanode listening at http://0.0.0.0:44903
2022-08-03 01:58:45,254 [Listener at 127.0.0.1/36513] INFO  impl.MetricsSystemImpl (MetricsSystemImpl.java:init(158)) - HddsDatanode metrics system started (again)
2022-08-03 01:58:45,267 [Datanode State Machine Daemon Thread] INFO  statemachine.DatanodeStateMachine (DatanodeStateMachine.java:lambda$startDaemon$0(492)) - Ozone container server started.
2022-08-03 01:58:45,273 [Listener at 127.0.0.1/36513] INFO  ozone.HddsDatanodeService (HddsDatanodeService.java:start(236)) - HddsDatanodeService host:fv-az199-929.piossgaoozdutex3tpy4bgd4ka.dx.internal.cloudapp.net ip:10.1.0.23
2022-08-03 01:58:45,284 [org.apache.hadoop.util.JvmPauseMonitor$Monitor@eff9a2e] INFO  util.JvmPauseMonitor (JvmPauseMonitor.java:run(188)) - Starting JVM pause monitor
2022-08-03 01:58:45,314 [Datanode State Machine Task Thread - 0] INFO  datanode.InitDatanodeState (InitDatanodeState.java:persistContainerDatanodeDetails(138)) - DatanodeDetails is persisted to /home/runner/work/ozone/ozone/hadoop-ozone/integration-test/target/test-dir/MiniOzoneClusterImpl-2737617e-ba4a-449e-a26e-d824b2394d0e/datanode-2/meta/datanode.id
2022-08-03 01:58:45,389 [Listener at 127.0.0.1/36513] INFO  upgrade.AbstractLayoutVersionManager (AbstractLayoutVersionManager.java:init(83)) - Initializing Layout version manager with metadata layout = DATANODE_SCHEMA_V3 (version = 4), software layout = DATANODE_SCHEMA_V3 (version = 4)
2022-08-03 01:58:45,535 [Listener at 127.0.0.1/36513] INFO  reflections.Reflections (Reflections.java:scan(232)) - Reflections took 145 ms to scan 7 urls, producing 132 keys and 321 values 
2022-08-03 01:58:45,537 [Listener at 127.0.0.1/36513] INFO  statemachine.DatanodeStateMachine (DatanodeStateMachine.java:getEndPointTaskThreadPoolSize(237)) - Datanode State Machine Task Thread Pool size 2
2022-08-03 01:58:45,538 [Listener at 127.0.0.1/36513] INFO  volume.HddsVolume (HddsVolume.java:<init>(116)) - Creating HddsVolume: /home/runner/work/ozone/ozone/hadoop-ozone/integration-test/target/test-dir/MiniOzoneClusterImpl-2737617e-ba4a-449e-a26e-d824b2394d0e/datanode-3/data-0/containers/hdds of storage type : DISK capacity : 9223372036854775807
2022-08-03 01:58:45,538 [Listener at 127.0.0.1/36513] INFO  volume.MutableVolumeSet (MutableVolumeSet.java:initializeVolumeSet(174)) - Added Volume : /home/runner/work/ozone/ozone/hadoop-ozone/integration-test/target/test-dir/MiniOzoneClusterImpl-2737617e-ba4a-449e-a26e-d824b2394d0e/datanode-3/data-0/containers/hdds to VolumeSet
2022-08-03 01:58:45,538 [Listener at 127.0.0.1/36513] INFO  volume.ThrottledAsyncChecker (ThrottledAsyncChecker.java:schedule(141)) - Scheduling a check for /home/runner/work/ozone/ozone/hadoop-ozone/integration-test/target/test-dir/MiniOzoneClusterImpl-2737617e-ba4a-449e-a26e-d824b2394d0e/datanode-3/data-0/containers/hdds
2022-08-03 01:58:45,554 [Listener at 127.0.0.1/36513] INFO  volume.StorageVolumeChecker (StorageVolumeChecker.java:checkAllVolumes(202)) - Scheduled health check for volume /home/runner/work/ozone/ozone/hadoop-ozone/integration-test/target/test-dir/MiniOzoneClusterImpl-2737617e-ba4a-449e-a26e-d824b2394d0e/datanode-3/data-0/containers/hdds
2022-08-03 01:58:45,583 [Listener at 127.0.0.1/36513] INFO  volume.MutableVolumeSet (MutableVolumeSet.java:initializeVolumeSet(174)) - Added Volume : /home/runner/work/ozone/ozone/hadoop-ozone/integration-test/target/test-dir/MiniOzoneClusterImpl-2737617e-ba4a-449e-a26e-d824b2394d0e/datanode-3/data/ratis to VolumeSet
2022-08-03 01:58:45,583 [Listener at 127.0.0.1/36513] INFO  volume.ThrottledAsyncChecker (ThrottledAsyncChecker.java:schedule(141)) - Scheduling a check for /home/runner/work/ozone/ozone/hadoop-ozone/integration-test/target/test-dir/MiniOzoneClusterImpl-2737617e-ba4a-449e-a26e-d824b2394d0e/datanode-3/data/ratis
2022-08-03 01:58:45,583 [Listener at 127.0.0.1/36513] INFO  volume.StorageVolumeChecker (StorageVolumeChecker.java:checkAllVolumes(202)) - Scheduled health check for volume /home/runner/work/ozone/ozone/hadoop-ozone/integration-test/target/test-dir/MiniOzoneClusterImpl-2737617e-ba4a-449e-a26e-d824b2394d0e/datanode-3/data/ratis
2022-08-03 01:58:45,596 [EndpointStateMachine task thread for /0.0.0.0:43643 - 0 ] INFO  volume.HddsVolume (HddsVolume.java:createDbStore(309)) - SchemaV3 db is created and loaded at /home/runner/work/ozone/ozone/hadoop-ozone/integration-test/target/test-dir/MiniOzoneClusterImpl-2737617e-ba4a-449e-a26e-d824b2394d0e/datanode-0/data-0/containers/hdds/2737617e-ba4a-449e-a26e-d824b2394d0e/DS-fdd05c2f-e14f-4f48-9afe-1d0e6833e6c3/container.db for volume DS-fdd05c2f-e14f-4f48-9afe-1d0e6833e6c3
2022-08-03 01:58:45,617 [EndpointStateMachine task thread for /0.0.0.0:43643 - 0 ] INFO  volume.HddsVolume (HddsVolume.java:closeDbStore(340)) - SchemaV3 db is stopped at /home/runner/work/ozone/ozone/hadoop-ozone/integration-test/target/test-dir/MiniOzoneClusterImpl-2737617e-ba4a-449e-a26e-d824b2394d0e/datanode-0/data-0/containers/hdds/2737617e-ba4a-449e-a26e-d824b2394d0e/DS-fdd05c2f-e14f-4f48-9afe-1d0e6833e6c3/container.db for volume DS-fdd05c2f-e14f-4f48-9afe-1d0e6833e6c3
2022-08-03 01:58:45,617 [EndpointStateMachine task thread for /0.0.0.0:43643 - 0 ] INFO  ozoneimpl.OzoneContainer (OzoneContainer.java:start(377)) - Attempting to start container services.
2022-08-03 01:58:45,626 [EndpointStateMachine task thread for /0.0.0.0:43643 - 0 ] INFO  ozoneimpl.OzoneContainer (OzoneContainer.java:startContainerScrub(312)) - Background container scanner has been disabled.
2022-08-03 01:58:45,640 [EndpointStateMachine task thread for /0.0.0.0:43643 - 0 ] INFO  replication.ReplicationServer (ReplicationServer.java:start(111)) - ReplicationServer is started using port 37957
2022-08-03 01:58:45,641 [EndpointStateMachine task thread for /0.0.0.0:43643 - 0 ] INFO  ratis.XceiverServerRatis (XceiverServerRatis.java:start(481)) - Starting XceiverServerRatis 986bf7ce-700a-46a1-ab88-e0e38b862364
2022-08-03 01:58:45,652 [EndpointStateMachine task thread for /0.0.0.0:43643 - 0 ] INFO  server.RaftServer (RaftServerProxy.java:lambda$start$6(382)) - 986bf7ce-700a-46a1-ab88-e0e38b862364: start RPC server
2022-08-03 01:58:45,676 [Thread-1716] INFO  ozoneimpl.ContainerReader (ContainerReader.java:readVolume(175)) - Finish verifying containers on volume /home/runner/work/ozone/ozone/hadoop-ozone/integration-test/target/test-dir/MiniOzoneClusterImpl-2737617e-ba4a-449e-a26e-d824b2394d0e/datanode-3/data-0/containers/hdds
2022-08-03 01:58:45,677 [Listener at 127.0.0.1/36513] INFO  ozoneimpl.OzoneContainer (OzoneContainer.java:buildContainerSet(299)) - Build ContainerSet costs 0s
2022-08-03 01:58:45,684 [EndpointStateMachine task thread for /0.0.0.0:43643 - 0 ] INFO  server.GrpcService (GrpcService.java:startImpl(260)) - 986bf7ce-700a-46a1-ab88-e0e38b862364: GrpcService started, listening on 35665
2022-08-03 01:58:45,685 [EndpointStateMachine task thread for /0.0.0.0:43643 - 0 ] INFO  ratis.XceiverServerRatis (XceiverServerRatis.java:getRealPort(502)) - XceiverServerRatis 986bf7ce-700a-46a1-ab88-e0e38b862364 is started using port 35665 for RATIS
2022-08-03 01:58:45,685 [EndpointStateMachine task thread for /0.0.0.0:43643 - 0 ] INFO  ratis.XceiverServerRatis (XceiverServerRatis.java:getRealPort(502)) - XceiverServerRatis 986bf7ce-700a-46a1-ab88-e0e38b862364 is started using port 35665 for RATIS_ADMIN
2022-08-03 01:58:45,685 [EndpointStateMachine task thread for /0.0.0.0:43643 - 0 ] INFO  ratis.XceiverServerRatis (XceiverServerRatis.java:getRealPort(502)) - XceiverServerRatis 986bf7ce-700a-46a1-ab88-e0e38b862364 is started using port 35665 for RATIS_SERVER
2022-08-03 01:58:45,685 [org.apache.ratis.util.JvmPauseMonitor$$Lambda$631/606875044@2ebe1ede] INFO  util.JvmPauseMonitor (JvmPauseMonitor.java:run(103)) - JvmPauseMonitor-986bf7ce-700a-46a1-ab88-e0e38b862364: Started
2022-08-03 01:58:45,706 [Listener at 127.0.0.1/36513] INFO  server.RaftServer (ConfUtils.java:logGet(46)) - raft.rpc.type = GRPC (default)
2022-08-03 01:58:45,707 [Listener at 127.0.0.1/36513] INFO  grpc.GrpcFactory (GrpcFactory.java:checkPooledByteBufAllocatorUseCacheForAllThreads(48)) - PERFORMANCE WARNING: useCacheForAllThreads is true that may cause Netty to create a lot garbage objects and, as a result, trigger GC.
	It is recommended to disable useCacheForAllThreads by setting -Dorg.apache.ratis.thirdparty.io.netty.allocator.useCacheForAllThreads=false in command line.
2022-08-03 01:58:45,707 [Listener at 127.0.0.1/36513] INFO  grpc.GrpcConfigKeys (ConfUtils.java:logGet(46)) - raft.grpc.admin.port = 0 (custom)
2022-08-03 01:58:45,767 [Listener at 127.0.0.1/36513] INFO  grpc.GrpcConfigKeys (ConfUtils.java:logGet(46)) - raft.grpc.client.port = 0 (custom)
2022-08-03 01:58:45,770 [EndpointStateMachine task thread for /0.0.0.0:43643 - 0 ] INFO  server.XceiverServerGrpc (XceiverServerGrpc.java:start(180)) - XceiverServerGrpc 986bf7ce-700a-46a1-ab88-e0e38b862364 is started using port 45835
2022-08-03 01:58:45,797 [Listener at 127.0.0.1/36513] INFO  grpc.GrpcConfigKeys (ConfUtils.java:logGet(46)) - raft.grpc.server.port = 0 (default)
2022-08-03 01:58:45,797 [Listener at 127.0.0.1/36513] INFO  server.GrpcService (ConfUtils.java:logGet(46)) - raft.grpc.message.size.max = 32MB (=33554432) (custom)
2022-08-03 01:58:45,797 [Listener at 127.0.0.1/36513] INFO  server.RaftServerConfigKeys (ConfUtils.java:logGet(46)) - raft.server.log.appender.buffer.byte-limit = 33554432 (custom)
2022-08-03 01:58:45,797 [Listener at 127.0.0.1/36513] INFO  server.GrpcService (ConfUtils.java:logGet(46)) - raft.grpc.flow.control.window = 5MB (=5242880) (custom)
2022-08-03 01:58:45,797 [Listener at 127.0.0.1/36513] INFO  server.RaftServerConfigKeys (ConfUtils.java:logGet(46)) - raft.server.rpc.request.timeout = 60s (custom)
2022-08-03 01:58:45,798 [Listener at 127.0.0.1/36513] INFO  grpc.GrpcConfigKeys (ConfUtils.java:logGet(46)) - raft.grpc.server.async.request.thread.pool.cached = true (default)
2022-08-03 01:58:45,798 [Listener at 127.0.0.1/36513] INFO  grpc.GrpcConfigKeys (ConfUtils.java:logGet(46)) - raft.grpc.server.async.request.thread.pool.size = 32 (default)
2022-08-03 01:58:45,799 [Listener at 127.0.0.1/36513] INFO  impl.DataStreamServerImpl (ConfUtils.java:logGet(46)) - raft.datastream.type = DISABLED (default)
2022-08-03 01:58:45,799 [Listener at 127.0.0.1/36513] INFO  server.RaftServerConfigKeys (ConfUtils.java:logGet(46)) - raft.server.threadpool.proxy.cached = true (default)
2022-08-03 01:58:45,799 [Listener at 127.0.0.1/36513] INFO  server.RaftServerConfigKeys (ConfUtils.java:logGet(46)) - raft.server.threadpool.proxy.size = 0 (default)
2022-08-03 01:58:45,799 [Listener at 127.0.0.1/36513] INFO  server.RaftServerConfigKeys (ConfUtils.java:logGet(46)) - raft.server.rpc.slowness.timeout = 300s (custom)
2022-08-03 01:58:45,800 [Listener at 127.0.0.1/36513] INFO  server.RaftServerConfigKeys (ConfUtils.java:logGet(46)) - raft.server.leaderelection.leader.step-down.wait-time = 10s (default)
2022-08-03 01:58:45,800 [Listener at 127.0.0.1/36513] INFO  server.RaftServerConfigKeys (ConfUtils.java:logGet(46)) - raft.server.storage.dir = [/home/runner/work/ozone/ozone/hadoop-ozone/integration-test/target/test-dir/MiniOzoneClusterImpl-2737617e-ba4a-449e-a26e-d824b2394d0e/datanode-3/data/ratis] (custom)
2022-08-03 01:58:45,838 [Listener at 127.0.0.1/36513] INFO  server.XceiverServerGrpc (XceiverServerGrpc.java:<init>(132)) - GrpcServer channel type EpollServerSocketChannel
2022-08-03 01:58:45,859 [Listener at 127.0.0.1/36513] INFO  http.BaseHttpServer (BaseHttpServer.java:newHttpServer2BuilderForOzone(209)) - Starting Web-server for hddsDatanode at: http://0.0.0.0:0
2022-08-03 01:58:45,859 [Listener at 127.0.0.1/36513] INFO  http.BaseHttpServer (BaseHttpServer.java:<init>(107)) - Hadoop Security Enabled: false Ozone Security Enabled: false Ozone HTTP Security Enabled: false 
2022-08-03 01:58:45,860 [Listener at 127.0.0.1/36513] INFO  server.AuthenticationFilter (AuthenticationFilter.java:constructSecretProvider(240)) - Unable to initialize FileSignerSecretProvider, falling back to use random secrets.
2022-08-03 01:58:45,861 [Listener at 127.0.0.1/36513] WARN  http.HttpRequestLog (HttpRequestLog.java:getRequestLog(103)) - Jetty request log can only be enabled using Log4j
2022-08-03 01:58:45,862 [Listener at 127.0.0.1/36513] INFO  http.HttpServer2 (HttpServer2.java:addGlobalFilter(1029)) - Added global filter 'safety' (class=org.apache.hadoop.hdds.server.http.HttpServer2$QuotingInputFilter)
2022-08-03 01:58:45,862 [Listener at 127.0.0.1/36513] INFO  http.HttpServer2 (HttpServer2.java:addFilter(1005)) - Added filter static_user_filter (class=org.apache.hadoop.http.lib.StaticUserWebFilter$StaticUserFilter) to context hddsDatanode
2022-08-03 01:58:45,862 [Listener at 127.0.0.1/36513] INFO  http.HttpServer2 (HttpServer2.java:addFilter(1013)) - Added filter static_user_filter (class=org.apache.hadoop.http.lib.StaticUserWebFilter$StaticUserFilter) to context static
2022-08-03 01:58:45,862 [Listener at 127.0.0.1/36513] INFO  http.HttpServer2 (HttpServer2.java:addFilter(1013)) - Added filter static_user_filter (class=org.apache.hadoop.http.lib.StaticUserWebFilter$StaticUserFilter) to context logs
2022-08-03 01:58:45,863 [Listener at 127.0.0.1/36513] INFO  http.HttpServer2 (HttpServer2.java:bindListener(1248)) - Jetty bound to port 39021
2022-08-03 01:58:45,863 [Listener at 127.0.0.1/36513] INFO  server.Server (Server.java:doStart(375)) - jetty-9.4.43.v20210629; built: 2021-06-30T11:07:22.254Z; git: 526006ecfa3af7f1a27ef3a288e2bef7ea9dd7e8; jvm 1.8.0_332-b09
2022-08-03 01:58:45,871 [Listener at 127.0.0.1/36513] INFO  server.session (DefaultSessionIdManager.java:doStart(334)) - DefaultSessionIdManager workerName=node0
2022-08-03 01:58:45,871 [Listener at 127.0.0.1/36513] INFO  server.session (DefaultSessionIdManager.java:doStart(339)) - No SessionScavenger set, using defaults
2022-08-03 01:58:45,872 [Listener at 127.0.0.1/36513] INFO  server.session (HouseKeeper.java:startScavenging(132)) - node0 Scavenging every 660000ms
2022-08-03 01:58:45,881 [Listener at 127.0.0.1/36513] INFO  handler.ContextHandler (ContextHandler.java:doStart(915)) - Started o.e.j.s.ServletContextHandler@55f4cb6a{logs,/logs,file:///home/runner/work/ozone/ozone/hadoop-ozone/integration-test/target/log,AVAILABLE}
2022-08-03 01:58:45,881 [Listener at 127.0.0.1/36513] INFO  handler.ContextHandler (ContextHandler.java:doStart(915)) - Started o.e.j.s.ServletContextHandler@3548a64e{static,/static,jar:file:/home/runner/.m2/repository/org/apache/ozone/hdds-container-service/1.3.0-SNAPSHOT/hdds-container-service-1.3.0-SNAPSHOT.jar!/webapps/static,AVAILABLE}
2022-08-03 01:58:46,380 [Listener at 127.0.0.1/36513] INFO  handler.ContextHandler (ContextHandler.java:doStart(915)) - Started o.e.j.w.WebAppContext@168d823{hddsDatanode,/,file:///tmp/jetty-0_0_0_0-39021-hdds-container-service-1_3_0-SNAPSHOT_jar-_-any-6869945288754285411/webapp/,AVAILABLE}{jar:file:/home/runner/.m2/repository/org/apache/ozone/hdds-container-service/1.3.0-SNAPSHOT/hdds-container-service-1.3.0-SNAPSHOT.jar!/webapps/hddsDatanode}
2022-08-03 01:58:46,387 [Listener at 127.0.0.1/36513] INFO  server.AbstractConnector (AbstractConnector.java:doStart(331)) - Started ServerConnector@6ccfd4ff{HTTP/1.1, (http/1.1)}{0.0.0.0:39021}
2022-08-03 01:58:46,387 [Listener at 127.0.0.1/36513] INFO  server.Server (Server.java:doStart(415)) - Started @354244ms
2022-08-03 01:58:46,387 [Listener at 127.0.0.1/36513] WARN  impl.MetricsSystemImpl (MetricsSystemImpl.java:register(279)) - Sink prometheus already exists!
2022-08-03 01:58:46,389 [Listener at 127.0.0.1/36513] INFO  http.BaseHttpServer (BaseHttpServer.java:updateConnectorAddress(329)) - HTTP server of hddsDatanode listening at http://0.0.0.0:39021
2022-08-03 01:58:46,392 [Listener at 127.0.0.1/36513] INFO  impl.MetricsSystemImpl (MetricsSystemImpl.java:init(158)) - HddsDatanode metrics system started (again)
2022-08-03 01:58:46,436 [Datanode State Machine Daemon Thread] INFO  statemachine.DatanodeStateMachine (DatanodeStateMachine.java:lambda$startDaemon$0(492)) - Ozone container server started.
2022-08-03 01:58:46,501 [org.apache.hadoop.util.JvmPauseMonitor$Monitor@3013a9f3] INFO  util.JvmPauseMonitor (JvmPauseMonitor.java:run(188)) - Starting JVM pause monitor
2022-08-03 01:58:46,521 [Listener at 127.0.0.1/36513] INFO  ozone.HddsDatanodeService (HddsDatanodeService.java:start(236)) - HddsDatanodeService host:fv-az199-929.piossgaoozdutex3tpy4bgd4ka.dx.internal.cloudapp.net ip:10.1.0.23
2022-08-03 01:58:46,522 [Datanode State Machine Task Thread - 0] INFO  datanode.InitDatanodeState (InitDatanodeState.java:persistContainerDatanodeDetails(138)) - DatanodeDetails is persisted to /home/runner/work/ozone/ozone/hadoop-ozone/integration-test/target/test-dir/MiniOzoneClusterImpl-2737617e-ba4a-449e-a26e-d824b2394d0e/datanode-3/meta/datanode.id
2022-08-03 01:58:46,617 [Listener at 127.0.0.1/36513] INFO  upgrade.AbstractLayoutVersionManager (AbstractLayoutVersionManager.java:init(83)) - Initializing Layout version manager with metadata layout = DATANODE_SCHEMA_V3 (version = 4), software layout = DATANODE_SCHEMA_V3 (version = 4)
2022-08-03 01:58:46,705 [EndpointStateMachine task thread for /0.0.0.0:43643 - 0 ] INFO  volume.HddsVolume (HddsVolume.java:createDbStore(309)) - SchemaV3 db is created and loaded at /home/runner/work/ozone/ozone/hadoop-ozone/integration-test/target/test-dir/MiniOzoneClusterImpl-2737617e-ba4a-449e-a26e-d824b2394d0e/datanode-1/data-0/containers/hdds/2737617e-ba4a-449e-a26e-d824b2394d0e/DS-72443762-9062-42df-8f1a-57f850de0e98/container.db for volume DS-72443762-9062-42df-8f1a-57f850de0e98
2022-08-03 01:58:46,712 [EndpointStateMachine task thread for /0.0.0.0:43643 - 0 ] INFO  volume.HddsVolume (HddsVolume.java:closeDbStore(340)) - SchemaV3 db is stopped at /home/runner/work/ozone/ozone/hadoop-ozone/integration-test/target/test-dir/MiniOzoneClusterImpl-2737617e-ba4a-449e-a26e-d824b2394d0e/datanode-1/data-0/containers/hdds/2737617e-ba4a-449e-a26e-d824b2394d0e/DS-72443762-9062-42df-8f1a-57f850de0e98/container.db for volume DS-72443762-9062-42df-8f1a-57f850de0e98
2022-08-03 01:58:46,712 [EndpointStateMachine task thread for /0.0.0.0:43643 - 0 ] INFO  ozoneimpl.OzoneContainer (OzoneContainer.java:start(377)) - Attempting to start container services.
2022-08-03 01:58:46,713 [EndpointStateMachine task thread for /0.0.0.0:43643 - 0 ] INFO  ozoneimpl.OzoneContainer (OzoneContainer.java:startContainerScrub(312)) - Background container scanner has been disabled.
2022-08-03 01:58:46,740 [EndpointStateMachine task thread for /0.0.0.0:43643 - 0 ] INFO  replication.ReplicationServer (ReplicationServer.java:start(111)) - ReplicationServer is started using port 41523
2022-08-03 01:58:46,753 [EndpointStateMachine task thread for /0.0.0.0:43643 - 0 ] INFO  ratis.XceiverServerRatis (XceiverServerRatis.java:start(481)) - Starting XceiverServerRatis 3f997eb7-6b59-43fe-9bb3-f29f42755580
2022-08-03 01:58:46,754 [EndpointStateMachine task thread for /0.0.0.0:43643 - 0 ] INFO  server.RaftServer (RaftServerProxy.java:lambda$start$6(382)) - 3f997eb7-6b59-43fe-9bb3-f29f42755580: start RPC server
2022-08-03 01:58:46,806 [Listener at 127.0.0.1/36513] INFO  reflections.Reflections (Reflections.java:scan(232)) - Reflections took 188 ms to scan 7 urls, producing 132 keys and 321 values 
2022-08-03 01:58:46,807 [Listener at 127.0.0.1/36513] INFO  statemachine.DatanodeStateMachine (DatanodeStateMachine.java:getEndPointTaskThreadPoolSize(237)) - Datanode State Machine Task Thread Pool size 2
2022-08-03 01:58:46,810 [EndpointStateMachine task thread for /0.0.0.0:43643 - 0 ] INFO  server.GrpcService (GrpcService.java:startImpl(260)) - 3f997eb7-6b59-43fe-9bb3-f29f42755580: GrpcService started, listening on 40985
2022-08-03 01:58:46,811 [EndpointStateMachine task thread for /0.0.0.0:43643 - 0 ] INFO  ratis.XceiverServerRatis (XceiverServerRatis.java:getRealPort(502)) - XceiverServerRatis 3f997eb7-6b59-43fe-9bb3-f29f42755580 is started using port 40985 for RATIS
2022-08-03 01:58:46,811 [EndpointStateMachine task thread for /0.0.0.0:43643 - 0 ] INFO  ratis.XceiverServerRatis (XceiverServerRatis.java:getRealPort(502)) - XceiverServerRatis 3f997eb7-6b59-43fe-9bb3-f29f42755580 is started using port 40985 for RATIS_ADMIN
2022-08-03 01:58:46,811 [EndpointStateMachine task thread for /0.0.0.0:43643 - 0 ] INFO  ratis.XceiverServerRatis (XceiverServerRatis.java:getRealPort(502)) - XceiverServerRatis 3f997eb7-6b59-43fe-9bb3-f29f42755580 is started using port 40985 for RATIS_SERVER
2022-08-03 01:58:46,812 [org.apache.ratis.util.JvmPauseMonitor$$Lambda$631/606875044@45e68e6] INFO  util.JvmPauseMonitor (JvmPauseMonitor.java:run(103)) - JvmPauseMonitor-3f997eb7-6b59-43fe-9bb3-f29f42755580: Started
2022-08-03 01:58:46,829 [Listener at 127.0.0.1/36513] INFO  volume.HddsVolume (HddsVolume.java:<init>(116)) - Creating HddsVolume: /home/runner/work/ozone/ozone/hadoop-ozone/integration-test/target/test-dir/MiniOzoneClusterImpl-2737617e-ba4a-449e-a26e-d824b2394d0e/datanode-4/data-0/containers/hdds of storage type : DISK capacity : 9223372036854775807
2022-08-03 01:58:46,830 [Listener at 127.0.0.1/36513] INFO  volume.MutableVolumeSet (MutableVolumeSet.java:initializeVolumeSet(174)) - Added Volume : /home/runner/work/ozone/ozone/hadoop-ozone/integration-test/target/test-dir/MiniOzoneClusterImpl-2737617e-ba4a-449e-a26e-d824b2394d0e/datanode-4/data-0/containers/hdds to VolumeSet
2022-08-03 01:58:46,830 [Listener at 127.0.0.1/36513] INFO  volume.ThrottledAsyncChecker (ThrottledAsyncChecker.java:schedule(141)) - Scheduling a check for /home/runner/work/ozone/ozone/hadoop-ozone/integration-test/target/test-dir/MiniOzoneClusterImpl-2737617e-ba4a-449e-a26e-d824b2394d0e/datanode-4/data-0/containers/hdds
2022-08-03 01:58:46,831 [Listener at 127.0.0.1/36513] INFO  volume.StorageVolumeChecker (StorageVolumeChecker.java:checkAllVolumes(202)) - Scheduled health check for volume /home/runner/work/ozone/ozone/hadoop-ozone/integration-test/target/test-dir/MiniOzoneClusterImpl-2737617e-ba4a-449e-a26e-d824b2394d0e/datanode-4/data-0/containers/hdds
2022-08-03 01:58:46,841 [EndpointStateMachine task thread for /0.0.0.0:43643 - 0 ] INFO  server.XceiverServerGrpc (XceiverServerGrpc.java:start(180)) - XceiverServerGrpc 3f997eb7-6b59-43fe-9bb3-f29f42755580 is started using port 39251
2022-08-03 01:58:46,917 [Listener at 127.0.0.1/36513] INFO  volume.MutableVolumeSet (MutableVolumeSet.java:initializeVolumeSet(174)) - Added Volume : /home/runner/work/ozone/ozone/hadoop-ozone/integration-test/target/test-dir/MiniOzoneClusterImpl-2737617e-ba4a-449e-a26e-d824b2394d0e/datanode-4/data/ratis to VolumeSet
2022-08-03 01:58:46,917 [Listener at 127.0.0.1/36513] INFO  volume.ThrottledAsyncChecker (ThrottledAsyncChecker.java:schedule(141)) - Scheduling a check for /home/runner/work/ozone/ozone/hadoop-ozone/integration-test/target/test-dir/MiniOzoneClusterImpl-2737617e-ba4a-449e-a26e-d824b2394d0e/datanode-4/data/ratis
2022-08-03 01:58:46,919 [Listener at 127.0.0.1/36513] INFO  volume.StorageVolumeChecker (StorageVolumeChecker.java:checkAllVolumes(202)) - Scheduled health check for volume /home/runner/work/ozone/ozone/hadoop-ozone/integration-test/target/test-dir/MiniOzoneClusterImpl-2737617e-ba4a-449e-a26e-d824b2394d0e/datanode-4/data/ratis
2022-08-03 01:58:46,949 [Thread-1739] INFO  ozoneimpl.ContainerReader (ContainerReader.java:readVolume(175)) - Finish verifying containers on volume /home/runner/work/ozone/ozone/hadoop-ozone/integration-test/target/test-dir/MiniOzoneClusterImpl-2737617e-ba4a-449e-a26e-d824b2394d0e/datanode-4/data-0/containers/hdds
2022-08-03 01:58:46,949 [Listener at 127.0.0.1/36513] INFO  ozoneimpl.OzoneContainer (OzoneContainer.java:buildContainerSet(299)) - Build ContainerSet costs 0s
2022-08-03 01:58:46,951 [Listener at 127.0.0.1/36513] INFO  server.RaftServer (ConfUtils.java:logGet(46)) - raft.rpc.type = GRPC (default)
2022-08-03 01:58:46,951 [Listener at 127.0.0.1/36513] INFO  grpc.GrpcFactory (GrpcFactory.java:checkPooledByteBufAllocatorUseCacheForAllThreads(48)) - PERFORMANCE WARNING: useCacheForAllThreads is true that may cause Netty to create a lot garbage objects and, as a result, trigger GC.
	It is recommended to disable useCacheForAllThreads by setting -Dorg.apache.ratis.thirdparty.io.netty.allocator.useCacheForAllThreads=false in command line.
2022-08-03 01:58:46,951 [Listener at 127.0.0.1/36513] INFO  grpc.GrpcConfigKeys (ConfUtils.java:logGet(46)) - raft.grpc.admin.port = 0 (custom)
2022-08-03 01:58:46,951 [Listener at 127.0.0.1/36513] INFO  grpc.GrpcConfigKeys (ConfUtils.java:logGet(46)) - raft.grpc.client.port = 0 (custom)
2022-08-03 01:58:46,951 [Listener at 127.0.0.1/36513] INFO  grpc.GrpcConfigKeys (ConfUtils.java:logGet(46)) - raft.grpc.server.port = 0 (default)
2022-08-03 01:58:46,951 [Listener at 127.0.0.1/36513] INFO  server.GrpcService (ConfUtils.java:logGet(46)) - raft.grpc.message.size.max = 32MB (=33554432) (custom)
2022-08-03 01:58:46,952 [Listener at 127.0.0.1/36513] INFO  server.RaftServerConfigKeys (ConfUtils.java:logGet(46)) - raft.server.log.appender.buffer.byte-limit = 33554432 (custom)
2022-08-03 01:58:46,952 [Listener at 127.0.0.1/36513] INFO  server.GrpcService (ConfUtils.java:logGet(46)) - raft.grpc.flow.control.window = 5MB (=5242880) (custom)
2022-08-03 01:58:46,952 [Listener at 127.0.0.1/36513] INFO  server.RaftServerConfigKeys (ConfUtils.java:logGet(46)) - raft.server.rpc.request.timeout = 60s (custom)
2022-08-03 01:58:46,952 [Listener at 127.0.0.1/36513] INFO  grpc.GrpcConfigKeys (ConfUtils.java:logGet(46)) - raft.grpc.server.async.request.thread.pool.cached = true (default)
2022-08-03 01:58:46,952 [Listener at 127.0.0.1/36513] INFO  grpc.GrpcConfigKeys (ConfUtils.java:logGet(46)) - raft.grpc.server.async.request.thread.pool.size = 32 (default)
2022-08-03 01:58:46,953 [Listener at 127.0.0.1/36513] INFO  impl.DataStreamServerImpl (ConfUtils.java:logGet(46)) - raft.datastream.type = DISABLED (default)
2022-08-03 01:58:46,954 [Listener at 127.0.0.1/36513] INFO  server.RaftServerConfigKeys (ConfUtils.java:logGet(46)) - raft.server.threadpool.proxy.cached = true (default)
2022-08-03 01:58:46,954 [Listener at 127.0.0.1/36513] INFO  server.RaftServerConfigKeys (ConfUtils.java:logGet(46)) - raft.server.threadpool.proxy.size = 0 (default)
2022-08-03 01:58:46,954 [Listener at 127.0.0.1/36513] INFO  server.RaftServerConfigKeys (ConfUtils.java:logGet(46)) - raft.server.rpc.slowness.timeout = 300s (custom)
2022-08-03 01:58:46,954 [Listener at 127.0.0.1/36513] INFO  server.RaftServerConfigKeys (ConfUtils.java:logGet(46)) - raft.server.leaderelection.leader.step-down.wait-time = 10s (default)
2022-08-03 01:58:46,954 [Listener at 127.0.0.1/36513] INFO  server.RaftServerConfigKeys (ConfUtils.java:logGet(46)) - raft.server.storage.dir = [/home/runner/work/ozone/ozone/hadoop-ozone/integration-test/target/test-dir/MiniOzoneClusterImpl-2737617e-ba4a-449e-a26e-d824b2394d0e/datanode-4/data/ratis] (custom)
2022-08-03 01:58:46,964 [Listener at 127.0.0.1/36513] INFO  server.XceiverServerGrpc (XceiverServerGrpc.java:<init>(132)) - GrpcServer channel type EpollServerSocketChannel
2022-08-03 01:58:47,001 [Listener at 127.0.0.1/36513] INFO  http.BaseHttpServer (BaseHttpServer.java:newHttpServer2BuilderForOzone(209)) - Starting Web-server for hddsDatanode at: http://0.0.0.0:0
2022-08-03 01:58:47,001 [Listener at 127.0.0.1/36513] INFO  http.BaseHttpServer (BaseHttpServer.java:<init>(107)) - Hadoop Security Enabled: false Ozone Security Enabled: false Ozone HTTP Security Enabled: false 
2022-08-03 01:58:47,003 [Listener at 127.0.0.1/36513] INFO  server.AuthenticationFilter (AuthenticationFilter.java:constructSecretProvider(240)) - Unable to initialize FileSignerSecretProvider, falling back to use random secrets.
2022-08-03 01:58:47,006 [Listener at 127.0.0.1/36513] WARN  http.HttpRequestLog (HttpRequestLog.java:getRequestLog(103)) - Jetty request log can only be enabled using Log4j
2022-08-03 01:58:47,007 [Listener at 127.0.0.1/36513] INFO  http.HttpServer2 (HttpServer2.java:addGlobalFilter(1029)) - Added global filter 'safety' (class=org.apache.hadoop.hdds.server.http.HttpServer2$QuotingInputFilter)
2022-08-03 01:58:47,007 [Listener at 127.0.0.1/36513] INFO  http.HttpServer2 (HttpServer2.java:addFilter(1005)) - Added filter static_user_filter (class=org.apache.hadoop.http.lib.StaticUserWebFilter$StaticUserFilter) to context hddsDatanode
2022-08-03 01:58:47,007 [Listener at 127.0.0.1/36513] INFO  http.HttpServer2 (HttpServer2.java:addFilter(1013)) - Added filter static_user_filter (class=org.apache.hadoop.http.lib.StaticUserWebFilter$StaticUserFilter) to context logs
2022-08-03 01:58:47,007 [Listener at 127.0.0.1/36513] INFO  http.HttpServer2 (HttpServer2.java:addFilter(1013)) - Added filter static_user_filter (class=org.apache.hadoop.http.lib.StaticUserWebFilter$StaticUserFilter) to context static
2022-08-03 01:58:47,008 [Listener at 127.0.0.1/36513] INFO  http.HttpServer2 (HttpServer2.java:bindListener(1248)) - Jetty bound to port 42209
2022-08-03 01:58:47,008 [Listener at 127.0.0.1/36513] INFO  server.Server (Server.java:doStart(375)) - jetty-9.4.43.v20210629; built: 2021-06-30T11:07:22.254Z; git: 526006ecfa3af7f1a27ef3a288e2bef7ea9dd7e8; jvm 1.8.0_332-b09
2022-08-03 01:58:47,038 [Listener at 127.0.0.1/36513] INFO  server.session (DefaultSessionIdManager.java:doStart(334)) - DefaultSessionIdManager workerName=node0
2022-08-03 01:58:47,038 [Listener at 127.0.0.1/36513] INFO  server.session (DefaultSessionIdManager.java:doStart(339)) - No SessionScavenger set, using defaults
2022-08-03 01:58:47,038 [Listener at 127.0.0.1/36513] INFO  server.session (HouseKeeper.java:startScavenging(132)) - node0 Scavenging every 660000ms
2022-08-03 01:58:47,039 [Listener at 127.0.0.1/36513] INFO  handler.ContextHandler (ContextHandler.java:doStart(915)) - Started o.e.j.s.ServletContextHandler@63dd1cdc{logs,/logs,file:///home/runner/work/ozone/ozone/hadoop-ozone/integration-test/target/log,AVAILABLE}
2022-08-03 01:58:47,039 [Listener at 127.0.0.1/36513] INFO  handler.ContextHandler (ContextHandler.java:doStart(915)) - Started o.e.j.s.ServletContextHandler@45ca63bd{static,/static,jar:file:/home/runner/.m2/repository/org/apache/ozone/hdds-container-service/1.3.0-SNAPSHOT/hdds-container-service-1.3.0-SNAPSHOT.jar!/webapps/static,AVAILABLE}
2022-08-03 01:58:47,271 [IPC Server handler 0 on default port 43643] INFO  net.NetworkTopologyImpl (NetworkTopologyImpl.java:add(112)) - Added a new node: /default-rack/986bf7ce-700a-46a1-ab88-e0e38b862364
2022-08-03 01:58:47,271 [IPC Server handler 0 on default port 43643] INFO  node.SCMNodeManager (SCMNodeManager.java:register(397)) - Registered Data node : 986bf7ce-700a-46a1-ab88-e0e38b862364{ip: 10.1.0.23, host: fv-az199-929.piossgaoozdutex3tpy4bgd4ka.dx.internal.cloudapp.net, ports: [REPLICATION=37957, RATIS=35665, RATIS_ADMIN=35665, RATIS_SERVER=35665, STANDALONE=45835], networkLocation: /default-rack, certSerialId: null, persistedOpState: null, persistedOpStateExpiryEpochSec: 0}
2022-08-03 01:58:47,274 [EventQueue-NodeRegistrationContainerReportForDataNodeSafeModeRule] INFO  safemode.SCMSafeModeManager (DataNodeSafeModeRule.java:process(71)) - SCM in safe mode. 1 DataNodes registered, 3 required.
2022-08-03 01:58:47,274 [EventQueue-NodeRegistrationContainerReportForContainerSafeModeRule] INFO  safemode.SCMSafeModeManager (SCMSafeModeManager.java:validateSafeModeExitRules(204)) - ContainerSafeModeRule rule is successfully validated
2022-08-03 01:58:47,293 [EventQueue-NewNodeForNewNodeHandler] INFO  pipeline.BackgroundPipelineCreator (BackgroundPipelineCreator.java:notifyEventTriggered(276)) - trigger a one-shot run on RatisPipelineUtilsThread.
2022-08-03 01:58:47,294 [RatisPipelineUtilsThread - 0] INFO  pipeline.RatisPipelineProvider (RatisPipelineProvider.java:lambda$create$0(195)) - Sending CreatePipelineCommand for pipeline:PipelineID=bcba705f-048b-400b-86f3-f94d425a8176 to datanode:986bf7ce-700a-46a1-ab88-e0e38b862364
2022-08-03 01:58:47,294 [EventQueue-PipelineReportForOneReplicaPipelineSafeModeRule] INFO  safemode.SCMSafeModeManager (SCMSafeModeManager.java:validateSafeModeExitRules(204)) - AtleastOneDatanodeReportedRule rule is successfully validated
2022-08-03 01:58:47,294 [RatisPipelineUtilsThread - 0] INFO  pipeline.PipelineStateManagerImpl (PipelineStateManagerImpl.java:addPipeline(103)) - Created pipeline Pipeline[ Id: bcba705f-048b-400b-86f3-f94d425a8176, Nodes: 986bf7ce-700a-46a1-ab88-e0e38b862364{ip: 10.1.0.23, host: fv-az199-929.piossgaoozdutex3tpy4bgd4ka.dx.internal.cloudapp.net, ports: [REPLICATION=37957, RATIS=35665, RATIS_ADMIN=35665, RATIS_SERVER=35665, STANDALONE=45835], networkLocation: /default-rack, certSerialId: null, persistedOpState: IN_SERVICE, persistedOpStateExpiryEpochSec: 0}, ReplicationConfig: RATIS/ONE, State:ALLOCATED, leaderId:, CreationTimestamp2022-08-03T01:58:47.294Z[Etc/UTC]].
2022-08-03 01:58:47,473 [EndpointStateMachine task thread for /0.0.0.0:43643 - 0 ] INFO  volume.HddsVolume (HddsVolume.java:createDbStore(309)) - SchemaV3 db is created and loaded at /home/runner/work/ozone/ozone/hadoop-ozone/integration-test/target/test-dir/MiniOzoneClusterImpl-2737617e-ba4a-449e-a26e-d824b2394d0e/datanode-2/data-0/containers/hdds/2737617e-ba4a-449e-a26e-d824b2394d0e/DS-ecc31138-80af-4e15-aa39-58be23ca4558/container.db for volume DS-ecc31138-80af-4e15-aa39-58be23ca4558
2022-08-03 01:58:47,474 [EndpointStateMachine task thread for /0.0.0.0:43643 - 0 ] INFO  volume.HddsVolume (HddsVolume.java:closeDbStore(340)) - SchemaV3 db is stopped at /home/runner/work/ozone/ozone/hadoop-ozone/integration-test/target/test-dir/MiniOzoneClusterImpl-2737617e-ba4a-449e-a26e-d824b2394d0e/datanode-2/data-0/containers/hdds/2737617e-ba4a-449e-a26e-d824b2394d0e/DS-ecc31138-80af-4e15-aa39-58be23ca4558/container.db for volume DS-ecc31138-80af-4e15-aa39-58be23ca4558
2022-08-03 01:58:47,474 [EndpointStateMachine task thread for /0.0.0.0:43643 - 0 ] INFO  ozoneimpl.OzoneContainer (OzoneContainer.java:start(377)) - Attempting to start container services.
2022-08-03 01:58:47,474 [EndpointStateMachine task thread for /0.0.0.0:43643 - 0 ] INFO  ozoneimpl.OzoneContainer (OzoneContainer.java:startContainerScrub(312)) - Background container scanner has been disabled.
2022-08-03 01:58:47,528 [EndpointStateMachine task thread for /0.0.0.0:43643 - 0 ] INFO  replication.ReplicationServer (ReplicationServer.java:start(111)) - ReplicationServer is started using port 33117
2022-08-03 01:58:47,538 [EndpointStateMachine task thread for /0.0.0.0:43643 - 0 ] INFO  ratis.XceiverServerRatis (XceiverServerRatis.java:start(481)) - Starting XceiverServerRatis c824bff0-102b-4ceb-889e-e8d339be5886
2022-08-03 01:58:47,563 [EndpointStateMachine task thread for /0.0.0.0:43643 - 0 ] INFO  server.RaftServer (RaftServerProxy.java:lambda$start$6(382)) - c824bff0-102b-4ceb-889e-e8d339be5886: start RPC server
2022-08-03 01:58:47,569 [EndpointStateMachine task thread for /0.0.0.0:43643 - 0 ] INFO  server.GrpcService (GrpcService.java:startImpl(260)) - c824bff0-102b-4ceb-889e-e8d339be5886: GrpcService started, listening on 39825
2022-08-03 01:58:47,569 [EndpointStateMachine task thread for /0.0.0.0:43643 - 0 ] INFO  ratis.XceiverServerRatis (XceiverServerRatis.java:getRealPort(502)) - XceiverServerRatis c824bff0-102b-4ceb-889e-e8d339be5886 is started using port 39825 for RATIS
2022-08-03 01:58:47,569 [EndpointStateMachine task thread for /0.0.0.0:43643 - 0 ] INFO  ratis.XceiverServerRatis (XceiverServerRatis.java:getRealPort(502)) - XceiverServerRatis c824bff0-102b-4ceb-889e-e8d339be5886 is started using port 39825 for RATIS_ADMIN
2022-08-03 01:58:47,569 [EndpointStateMachine task thread for /0.0.0.0:43643 - 0 ] INFO  ratis.XceiverServerRatis (XceiverServerRatis.java:getRealPort(502)) - XceiverServerRatis c824bff0-102b-4ceb-889e-e8d339be5886 is started using port 39825 for RATIS_SERVER
2022-08-03 01:58:47,576 [org.apache.ratis.util.JvmPauseMonitor$$Lambda$631/606875044@214e1eda] INFO  util.JvmPauseMonitor (JvmPauseMonitor.java:run(103)) - JvmPauseMonitor-c824bff0-102b-4ceb-889e-e8d339be5886: Started
2022-08-03 01:58:47,623 [EndpointStateMachine task thread for /0.0.0.0:43643 - 0 ] INFO  server.XceiverServerGrpc (XceiverServerGrpc.java:start(180)) - XceiverServerGrpc c824bff0-102b-4ceb-889e-e8d339be5886 is started using port 38897
2022-08-03 01:58:47,676 [Listener at 127.0.0.1/36513] INFO  handler.ContextHandler (ContextHandler.java:doStart(915)) - Started o.e.j.w.WebAppContext@71cbbfd4{hddsDatanode,/,file:///tmp/jetty-0_0_0_0-42209-hdds-container-service-1_3_0-SNAPSHOT_jar-_-any-5997783049222871474/webapp/,AVAILABLE}{jar:file:/home/runner/.m2/repository/org/apache/ozone/hdds-container-service/1.3.0-SNAPSHOT/hdds-container-service-1.3.0-SNAPSHOT.jar!/webapps/hddsDatanode}
2022-08-03 01:58:47,732 [Listener at 127.0.0.1/36513] INFO  server.AbstractConnector (AbstractConnector.java:doStart(331)) - Started ServerConnector@147413d2{HTTP/1.1, (http/1.1)}{0.0.0.0:42209}
2022-08-03 01:58:47,733 [Listener at 127.0.0.1/36513] INFO  server.Server (Server.java:doStart(415)) - Started @355589ms
2022-08-03 01:58:47,733 [Listener at 127.0.0.1/36513] WARN  impl.MetricsSystemImpl (MetricsSystemImpl.java:register(279)) - Sink prometheus already exists!
2022-08-03 01:58:47,735 [Listener at 127.0.0.1/36513] INFO  http.BaseHttpServer (BaseHttpServer.java:updateConnectorAddress(329)) - HTTP server of hddsDatanode listening at http://0.0.0.0:42209
2022-08-03 01:58:47,737 [Listener at 127.0.0.1/36513] INFO  ozone.MiniOzoneClusterImpl (MiniOzoneClusterImpl.java:lambda$waitForClusterToBeReady$0(216)) - Waiting for nodes to be ready. Got 1 of 5 DN Heartbeats.
2022-08-03 01:58:47,737 [Listener at 127.0.0.1/36513] INFO  ozone.MiniOzoneClusterImpl (MiniOzoneClusterImpl.java:lambda$waitForClusterToBeReady$0(219)) - Waiting for cluster to exit safe mode
2022-08-03 01:58:47,737 [Listener at 127.0.0.1/36513] INFO  ozone.MiniOzoneClusterImpl (MiniOzoneClusterImpl.java:lambda$waitForClusterToBeReady$0(221)) - SCM became leader
2022-08-03 01:58:47,737 [Datanode State Machine Daemon Thread] INFO  statemachine.DatanodeStateMachine (DatanodeStateMachine.java:lambda$startDaemon$0(492)) - Ozone container server started.
2022-08-03 01:58:47,792 [org.apache.hadoop.util.JvmPauseMonitor$Monitor@5693f55a] INFO  util.JvmPauseMonitor (JvmPauseMonitor.java:run(188)) - Starting JVM pause monitor
2022-08-03 01:58:47,828 [Datanode State Machine Task Thread - 0] INFO  datanode.InitDatanodeState (InitDatanodeState.java:persistContainerDatanodeDetails(138)) - DatanodeDetails is persisted to /home/runner/work/ozone/ozone/hadoop-ozone/integration-test/target/test-dir/MiniOzoneClusterImpl-2737617e-ba4a-449e-a26e-d824b2394d0e/datanode-4/meta/datanode.id
2022-08-03 01:58:48,517 [IPC Server handler 7 on default port 43643] INFO  net.NetworkTopologyImpl (NetworkTopologyImpl.java:add(112)) - Added a new node: /default-rack/3f997eb7-6b59-43fe-9bb3-f29f42755580
2022-08-03 01:58:48,517 [IPC Server handler 7 on default port 43643] INFO  node.SCMNodeManager (SCMNodeManager.java:register(397)) - Registered Data node : 3f997eb7-6b59-43fe-9bb3-f29f42755580{ip: 10.1.0.23, host: fv-az199-929.piossgaoozdutex3tpy4bgd4ka.dx.internal.cloudapp.net, ports: [REPLICATION=41523, RATIS=40985, RATIS_ADMIN=40985, RATIS_SERVER=40985, STANDALONE=39251], networkLocation: /default-rack, certSerialId: null, persistedOpState: null, persistedOpStateExpiryEpochSec: 0}
2022-08-03 01:58:48,517 [EventQueue-NewNodeForNewNodeHandler] INFO  pipeline.BackgroundPipelineCreator (BackgroundPipelineCreator.java:notifyEventTriggered(276)) - trigger a one-shot run on RatisPipelineUtilsThread.
2022-08-03 01:58:48,518 [EventQueue-NodeRegistrationContainerReportForDataNodeSafeModeRule] INFO  safemode.SCMSafeModeManager (DataNodeSafeModeRule.java:process(71)) - SCM in safe mode. 2 DataNodes registered, 3 required.
2022-08-03 01:58:48,518 [RatisPipelineUtilsThread - 0] INFO  pipeline.RatisPipelineProvider (RatisPipelineProvider.java:lambda$create$0(195)) - Sending CreatePipelineCommand for pipeline:PipelineID=a1e0845a-68de-466d-a755-ab459faf644a to datanode:3f997eb7-6b59-43fe-9bb3-f29f42755580
2022-08-03 01:58:48,519 [RatisPipelineUtilsThread - 0] INFO  pipeline.PipelineStateManagerImpl (PipelineStateManagerImpl.java:addPipeline(103)) - Created pipeline Pipeline[ Id: a1e0845a-68de-466d-a755-ab459faf644a, Nodes: 3f997eb7-6b59-43fe-9bb3-f29f42755580{ip: 10.1.0.23, host: fv-az199-929.piossgaoozdutex3tpy4bgd4ka.dx.internal.cloudapp.net, ports: [REPLICATION=41523, RATIS=40985, RATIS_ADMIN=40985, RATIS_SERVER=40985, STANDALONE=39251], networkLocation: /default-rack, certSerialId: null, persistedOpState: IN_SERVICE, persistedOpStateExpiryEpochSec: 0}, ReplicationConfig: RATIS/ONE, State:ALLOCATED, leaderId:, CreationTimestamp2022-08-03T01:58:48.518Z[Etc/UTC]].
2022-08-03 01:58:48,615 [EndpointStateMachine task thread for /0.0.0.0:43643 - 0 ] INFO  volume.HddsVolume (HddsVolume.java:createDbStore(309)) - SchemaV3 db is created and loaded at /home/runner/work/ozone/ozone/hadoop-ozone/integration-test/target/test-dir/MiniOzoneClusterImpl-2737617e-ba4a-449e-a26e-d824b2394d0e/datanode-3/data-0/containers/hdds/2737617e-ba4a-449e-a26e-d824b2394d0e/DS-5b857021-80dd-4875-a177-628505ce7378/container.db for volume DS-5b857021-80dd-4875-a177-628505ce7378
2022-08-03 01:58:48,615 [EndpointStateMachine task thread for /0.0.0.0:43643 - 0 ] INFO  volume.HddsVolume (HddsVolume.java:closeDbStore(340)) - SchemaV3 db is stopped at /home/runner/work/ozone/ozone/hadoop-ozone/integration-test/target/test-dir/MiniOzoneClusterImpl-2737617e-ba4a-449e-a26e-d824b2394d0e/datanode-3/data-0/containers/hdds/2737617e-ba4a-449e-a26e-d824b2394d0e/DS-5b857021-80dd-4875-a177-628505ce7378/container.db for volume DS-5b857021-80dd-4875-a177-628505ce7378
2022-08-03 01:58:48,615 [EndpointStateMachine task thread for /0.0.0.0:43643 - 0 ] INFO  ozoneimpl.OzoneContainer (OzoneContainer.java:start(377)) - Attempting to start container services.
2022-08-03 01:58:48,616 [EndpointStateMachine task thread for /0.0.0.0:43643 - 0 ] INFO  ozoneimpl.OzoneContainer (OzoneContainer.java:startContainerScrub(312)) - Background container scanner has been disabled.
2022-08-03 01:58:48,672 [EndpointStateMachine task thread for /0.0.0.0:43643 - 0 ] INFO  replication.ReplicationServer (ReplicationServer.java:start(111)) - ReplicationServer is started using port 39593
2022-08-03 01:58:48,684 [EndpointStateMachine task thread for /0.0.0.0:43643 - 0 ] INFO  ratis.XceiverServerRatis (XceiverServerRatis.java:start(481)) - Starting XceiverServerRatis 1474d989-16d3-421f-9647-ab027991a2bc
2022-08-03 01:58:48,703 [EndpointStateMachine task thread for /0.0.0.0:43643 - 0 ] INFO  server.RaftServer (RaftServerProxy.java:lambda$start$6(382)) - 1474d989-16d3-421f-9647-ab027991a2bc: start RPC server
2022-08-03 01:58:48,726 [EndpointStateMachine task thread for /0.0.0.0:43643 - 0 ] INFO  server.GrpcService (GrpcService.java:startImpl(260)) - 1474d989-16d3-421f-9647-ab027991a2bc: GrpcService started, listening on 32883
2022-08-03 01:58:48,726 [EndpointStateMachine task thread for /0.0.0.0:43643 - 0 ] INFO  ratis.XceiverServerRatis (XceiverServerRatis.java:getRealPort(502)) - XceiverServerRatis 1474d989-16d3-421f-9647-ab027991a2bc is started using port 32883 for RATIS
2022-08-03 01:58:48,726 [EndpointStateMachine task thread for /0.0.0.0:43643 - 0 ] INFO  ratis.XceiverServerRatis (XceiverServerRatis.java:getRealPort(502)) - XceiverServerRatis 1474d989-16d3-421f-9647-ab027991a2bc is started using port 32883 for RATIS_ADMIN
2022-08-03 01:58:48,726 [EndpointStateMachine task thread for /0.0.0.0:43643 - 0 ] INFO  ratis.XceiverServerRatis (XceiverServerRatis.java:getRealPort(502)) - XceiverServerRatis 1474d989-16d3-421f-9647-ab027991a2bc is started using port 32883 for RATIS_SERVER
2022-08-03 01:58:48,727 [org.apache.ratis.util.JvmPauseMonitor$$Lambda$631/606875044@2e119785] INFO  util.JvmPauseMonitor (JvmPauseMonitor.java:run(103)) - JvmPauseMonitor-1474d989-16d3-421f-9647-ab027991a2bc: Started
2022-08-03 01:58:48,740 [Listener at 127.0.0.1/36513] INFO  ozone.MiniOzoneClusterImpl (MiniOzoneClusterImpl.java:lambda$waitForClusterToBeReady$0(216)) - Waiting for nodes to be ready. Got 2 of 5 DN Heartbeats.
2022-08-03 01:58:48,741 [Listener at 127.0.0.1/36513] INFO  ozone.MiniOzoneClusterImpl (MiniOzoneClusterImpl.java:lambda$waitForClusterToBeReady$0(219)) - Waiting for cluster to exit safe mode
2022-08-03 01:58:48,741 [Listener at 127.0.0.1/36513] INFO  ozone.MiniOzoneClusterImpl (MiniOzoneClusterImpl.java:lambda$waitForClusterToBeReady$0(221)) - SCM became leader
2022-08-03 01:58:48,774 [EndpointStateMachine task thread for /0.0.0.0:43643 - 0 ] INFO  server.XceiverServerGrpc (XceiverServerGrpc.java:start(180)) - XceiverServerGrpc 1474d989-16d3-421f-9647-ab027991a2bc is started using port 37559
2022-08-03 01:58:49,315 [IPC Server handler 1 on default port 43643] INFO  net.NetworkTopologyImpl (NetworkTopologyImpl.java:add(112)) - Added a new node: /default-rack/c824bff0-102b-4ceb-889e-e8d339be5886
2022-08-03 01:58:49,315 [IPC Server handler 1 on default port 43643] INFO  node.SCMNodeManager (SCMNodeManager.java:register(397)) - Registered Data node : c824bff0-102b-4ceb-889e-e8d339be5886{ip: 10.1.0.23, host: fv-az199-929.piossgaoozdutex3tpy4bgd4ka.dx.internal.cloudapp.net, ports: [REPLICATION=33117, RATIS=39825, RATIS_ADMIN=39825, RATIS_SERVER=39825, STANDALONE=38897], networkLocation: /default-rack, certSerialId: null, persistedOpState: null, persistedOpStateExpiryEpochSec: 0}
2022-08-03 01:58:49,316 [EventQueue-NewNodeForNewNodeHandler] INFO  pipeline.BackgroundPipelineCreator (BackgroundPipelineCreator.java:notifyEventTriggered(276)) - trigger a one-shot run on RatisPipelineUtilsThread.
2022-08-03 01:58:49,316 [EventQueue-NodeRegistrationContainerReportForDataNodeSafeModeRule] INFO  safemode.SCMSafeModeManager (DataNodeSafeModeRule.java:process(71)) - SCM in safe mode. 3 DataNodes registered, 3 required.
2022-08-03 01:58:49,316 [EventQueue-NodeRegistrationContainerReportForDataNodeSafeModeRule] INFO  safemode.SCMSafeModeManager (SCMSafeModeManager.java:validateSafeModeExitRules(204)) - DataNodeSafeModeRule rule is successfully validated
2022-08-03 01:58:49,316 [EventQueue-NodeRegistrationContainerReportForDataNodeSafeModeRule] INFO  safemode.SCMSafeModeManager (SCMSafeModeManager.java:completePreCheck(233)) - All SCM safe mode pre check rules have passed
2022-08-03 01:58:49,316 [EventQueue-NodeRegistrationContainerReportForDataNodeSafeModeRule] WARN  events.EventQueue (EventQueue.java:fireEvent(216)) - No event handler registered for event TypedEvent{payloadType=SafeModeStatus, name='Safe mode status'}
2022-08-03 01:58:49,316 [EventQueue-NodeRegistrationContainerReportForDataNodeSafeModeRule] INFO  ha.SCMContext (SCMContext.java:updateSafeModeStatus(228)) - Update SafeModeStatus from SafeModeStatus{safeModeStatus=true, preCheckPassed=false} to SafeModeStatus{safeModeStatus=true, preCheckPassed=true}.
2022-08-03 01:58:49,316 [EventQueue-NodeRegistrationContainerReportForDataNodeSafeModeRule] INFO  pipeline.BackgroundPipelineCreator (BackgroundPipelineCreator.java:notifyEventTriggered(276)) - trigger a one-shot run on RatisPipelineUtilsThread.
2022-08-03 01:58:49,317 [RatisPipelineUtilsThread - 0] INFO  pipeline.RatisPipelineProvider (RatisPipelineProvider.java:lambda$create$0(195)) - Sending CreatePipelineCommand for pipeline:PipelineID=f37aa5b9-8361-4f0f-909c-4e13b3390229 to datanode:c824bff0-102b-4ceb-889e-e8d339be5886
2022-08-03 01:58:49,317 [RatisPipelineUtilsThread - 0] INFO  pipeline.PipelineStateManagerImpl (PipelineStateManagerImpl.java:addPipeline(103)) - Created pipeline Pipeline[ Id: f37aa5b9-8361-4f0f-909c-4e13b3390229, Nodes: c824bff0-102b-4ceb-889e-e8d339be5886{ip: 10.1.0.23, host: fv-az199-929.piossgaoozdutex3tpy4bgd4ka.dx.internal.cloudapp.net, ports: [REPLICATION=33117, RATIS=39825, RATIS_ADMIN=39825, RATIS_SERVER=39825, STANDALONE=38897], networkLocation: /default-rack, certSerialId: null, persistedOpState: IN_SERVICE, persistedOpStateExpiryEpochSec: 0}, ReplicationConfig: RATIS/ONE, State:ALLOCATED, leaderId:, CreationTimestamp2022-08-03T01:58:49.317Z[Etc/UTC]].
2022-08-03 01:58:49,318 [RatisPipelineUtilsThread - 0] INFO  pipeline.RatisPipelineProvider (RatisPipelineProvider.java:lambda$create$0(195)) - Sending CreatePipelineCommand for pipeline:PipelineID=116df100-98bb-4407-8dc7-c5b540c5aaad to datanode:3f997eb7-6b59-43fe-9bb3-f29f42755580
2022-08-03 01:58:49,318 [RatisPipelineUtilsThread - 0] INFO  pipeline.RatisPipelineProvider (RatisPipelineProvider.java:lambda$create$0(195)) - Sending CreatePipelineCommand for pipeline:PipelineID=116df100-98bb-4407-8dc7-c5b540c5aaad to datanode:986bf7ce-700a-46a1-ab88-e0e38b862364
2022-08-03 01:58:49,318 [RatisPipelineUtilsThread - 0] INFO  pipeline.RatisPipelineProvider (RatisPipelineProvider.java:lambda$create$0(195)) - Sending CreatePipelineCommand for pipeline:PipelineID=116df100-98bb-4407-8dc7-c5b540c5aaad to datanode:c824bff0-102b-4ceb-889e-e8d339be5886
2022-08-03 01:58:49,318 [RatisPipelineUtilsThread - 0] INFO  pipeline.PipelineStateManagerImpl (PipelineStateManagerImpl.java:addPipeline(103)) - Created pipeline Pipeline[ Id: 116df100-98bb-4407-8dc7-c5b540c5aaad, Nodes: 3f997eb7-6b59-43fe-9bb3-f29f42755580{ip: 10.1.0.23, host: fv-az199-929.piossgaoozdutex3tpy4bgd4ka.dx.internal.cloudapp.net, ports: [REPLICATION=41523, RATIS=40985, RATIS_ADMIN=40985, RATIS_SERVER=40985, STANDALONE=39251], networkLocation: /default-rack, certSerialId: null, persistedOpState: IN_SERVICE, persistedOpStateExpiryEpochSec: 0}986bf7ce-700a-46a1-ab88-e0e38b862364{ip: 10.1.0.23, host: fv-az199-929.piossgaoozdutex3tpy4bgd4ka.dx.internal.cloudapp.net, ports: [REPLICATION=37957, RATIS=35665, RATIS_ADMIN=35665, RATIS_SERVER=35665, STANDALONE=45835], networkLocation: /default-rack, certSerialId: null, persistedOpState: IN_SERVICE, persistedOpStateExpiryEpochSec: 0}c824bff0-102b-4ceb-889e-e8d339be5886{ip: 10.1.0.23, host: fv-az199-929.piossgaoozdutex3tpy4bgd4ka.dx.internal.cloudapp.net, ports: [REPLICATION=33117, RATIS=39825, RATIS_ADMIN=39825, RATIS_SERVER=39825, STANDALONE=38897], networkLocation: /default-rack, certSerialId: null, persistedOpState: IN_SERVICE, persistedOpStateExpiryEpochSec: 0}, ReplicationConfig: RATIS/THREE, State:ALLOCATED, leaderId:, CreationTimestamp2022-08-03T01:58:49.318Z[Etc/UTC]].
2022-08-03 01:58:49,319 [RatisPipelineUtilsThread - 0] INFO  pipeline.RatisPipelineProvider (RatisPipelineProvider.java:lambda$create$0(195)) - Sending CreatePipelineCommand for pipeline:PipelineID=650f1157-2c79-4538-849f-87e6f9d73cdc to datanode:986bf7ce-700a-46a1-ab88-e0e38b862364
2022-08-03 01:58:49,319 [RatisPipelineUtilsThread - 0] INFO  pipeline.RatisPipelineProvider (RatisPipelineProvider.java:lambda$create$0(195)) - Sending CreatePipelineCommand for pipeline:PipelineID=650f1157-2c79-4538-849f-87e6f9d73cdc to datanode:3f997eb7-6b59-43fe-9bb3-f29f42755580
2022-08-03 01:58:49,319 [RatisPipelineUtilsThread - 0] INFO  pipeline.RatisPipelineProvider (RatisPipelineProvider.java:lambda$create$0(195)) - Sending CreatePipelineCommand for pipeline:PipelineID=650f1157-2c79-4538-849f-87e6f9d73cdc to datanode:c824bff0-102b-4ceb-889e-e8d339be5886
2022-08-03 01:58:49,325 [RatisPipelineUtilsThread - 0] INFO  pipeline.PipelineStateManagerImpl (PipelineStateManagerImpl.java:addPipeline(103)) - Created pipeline Pipeline[ Id: 650f1157-2c79-4538-849f-87e6f9d73cdc, Nodes: 986bf7ce-700a-46a1-ab88-e0e38b862364{ip: 10.1.0.23, host: fv-az199-929.piossgaoozdutex3tpy4bgd4ka.dx.internal.cloudapp.net, ports: [REPLICATION=37957, RATIS=35665, RATIS_ADMIN=35665, RATIS_SERVER=35665, STANDALONE=45835], networkLocation: /default-rack, certSerialId: null, persistedOpState: IN_SERVICE, persistedOpStateExpiryEpochSec: 0}3f997eb7-6b59-43fe-9bb3-f29f42755580{ip: 10.1.0.23, host: fv-az199-929.piossgaoozdutex3tpy4bgd4ka.dx.internal.cloudapp.net, ports: [REPLICATION=41523, RATIS=40985, RATIS_ADMIN=40985, RATIS_SERVER=40985, STANDALONE=39251], networkLocation: /default-rack, certSerialId: null, persistedOpState: IN_SERVICE, persistedOpStateExpiryEpochSec: 0}c824bff0-102b-4ceb-889e-e8d339be5886{ip: 10.1.0.23, host: fv-az199-929.piossgaoozdutex3tpy4bgd4ka.dx.internal.cloudapp.net, ports: [REPLICATION=33117, RATIS=39825, RATIS_ADMIN=39825, RATIS_SERVER=39825, STANDALONE=38897], networkLocation: /default-rack, certSerialId: null, persistedOpState: IN_SERVICE, persistedOpStateExpiryEpochSec: 0}, ReplicationConfig: RATIS/THREE, State:ALLOCATED, leaderId:, CreationTimestamp2022-08-03T01:58:49.319Z[Etc/UTC]].
2022-08-03 01:58:49,325 [RatisPipelineUtilsThread - 0] INFO  pipeline.PipelineManagerImpl (PipelineManagerImpl.java:recordMetricsForPipeline(796)) - Pipeline: PipelineID=650f1157-2c79-4538-849f-87e6f9d73cdc contains same datanodes as previous pipelines: PipelineID=116df100-98bb-4407-8dc7-c5b540c5aaad nodeIds: 986bf7ce-700a-46a1-ab88-e0e38b862364, 3f997eb7-6b59-43fe-9bb3-f29f42755580, c824bff0-102b-4ceb-889e-e8d339be5886
2022-08-03 01:58:49,741 [Listener at 127.0.0.1/36513] INFO  ozone.MiniOzoneClusterImpl (MiniOzoneClusterImpl.java:lambda$waitForClusterToBeReady$0(216)) - Waiting for nodes to be ready. Got 3 of 5 DN Heartbeats.
2022-08-03 01:58:49,741 [Listener at 127.0.0.1/36513] INFO  ozone.MiniOzoneClusterImpl (MiniOzoneClusterImpl.java:lambda$waitForClusterToBeReady$0(219)) - Waiting for cluster to exit safe mode
2022-08-03 01:58:49,741 [Listener at 127.0.0.1/36513] INFO  ozone.MiniOzoneClusterImpl (MiniOzoneClusterImpl.java:lambda$waitForClusterToBeReady$0(221)) - SCM became leader
2022-08-03 01:58:49,919 [EndpointStateMachine task thread for /0.0.0.0:43643 - 0 ] INFO  volume.HddsVolume (HddsVolume.java:createDbStore(309)) - SchemaV3 db is created and loaded at /home/runner/work/ozone/ozone/hadoop-ozone/integration-test/target/test-dir/MiniOzoneClusterImpl-2737617e-ba4a-449e-a26e-d824b2394d0e/datanode-4/data-0/containers/hdds/2737617e-ba4a-449e-a26e-d824b2394d0e/DS-292a1e36-760a-4718-8c62-71bc8d786acb/container.db for volume DS-292a1e36-760a-4718-8c62-71bc8d786acb
2022-08-03 01:58:49,920 [EndpointStateMachine task thread for /0.0.0.0:43643 - 0 ] INFO  volume.HddsVolume (HddsVolume.java:closeDbStore(340)) - SchemaV3 db is stopped at /home/runner/work/ozone/ozone/hadoop-ozone/integration-test/target/test-dir/MiniOzoneClusterImpl-2737617e-ba4a-449e-a26e-d824b2394d0e/datanode-4/data-0/containers/hdds/2737617e-ba4a-449e-a26e-d824b2394d0e/DS-292a1e36-760a-4718-8c62-71bc8d786acb/container.db for volume DS-292a1e36-760a-4718-8c62-71bc8d786acb
2022-08-03 01:58:49,920 [EndpointStateMachine task thread for /0.0.0.0:43643 - 0 ] INFO  ozoneimpl.OzoneContainer (OzoneContainer.java:start(377)) - Attempting to start container services.
2022-08-03 01:58:49,920 [EndpointStateMachine task thread for /0.0.0.0:43643 - 0 ] INFO  ozoneimpl.OzoneContainer (OzoneContainer.java:startContainerScrub(312)) - Background container scanner has been disabled.
2022-08-03 01:58:49,957 [EndpointStateMachine task thread for /0.0.0.0:43643 - 0 ] INFO  replication.ReplicationServer (ReplicationServer.java:start(111)) - ReplicationServer is started using port 38791
2022-08-03 01:58:49,967 [EndpointStateMachine task thread for /0.0.0.0:43643 - 0 ] INFO  ratis.XceiverServerRatis (XceiverServerRatis.java:start(481)) - Starting XceiverServerRatis 5f5834d9-a5b6-4571-92f7-2680994b4e15
2022-08-03 01:58:49,968 [EndpointStateMachine task thread for /0.0.0.0:43643 - 0 ] INFO  server.RaftServer (RaftServerProxy.java:lambda$start$6(382)) - 5f5834d9-a5b6-4571-92f7-2680994b4e15: start RPC server
2022-08-03 01:58:49,988 [EndpointStateMachine task thread for /0.0.0.0:43643 - 0 ] INFO  server.GrpcService (GrpcService.java:startImpl(260)) - 5f5834d9-a5b6-4571-92f7-2680994b4e15: GrpcService started, listening on 42339
2022-08-03 01:58:49,988 [EndpointStateMachine task thread for /0.0.0.0:43643 - 0 ] INFO  ratis.XceiverServerRatis (XceiverServerRatis.java:getRealPort(502)) - XceiverServerRatis 5f5834d9-a5b6-4571-92f7-2680994b4e15 is started using port 42339 for RATIS
2022-08-03 01:58:49,988 [EndpointStateMachine task thread for /0.0.0.0:43643 - 0 ] INFO  ratis.XceiverServerRatis (XceiverServerRatis.java:getRealPort(502)) - XceiverServerRatis 5f5834d9-a5b6-4571-92f7-2680994b4e15 is started using port 42339 for RATIS_ADMIN
2022-08-03 01:58:49,988 [EndpointStateMachine task thread for /0.0.0.0:43643 - 0 ] INFO  ratis.XceiverServerRatis (XceiverServerRatis.java:getRealPort(502)) - XceiverServerRatis 5f5834d9-a5b6-4571-92f7-2680994b4e15 is started using port 42339 for RATIS_SERVER
2022-08-03 01:58:49,992 [org.apache.ratis.util.JvmPauseMonitor$$Lambda$631/606875044@39248a89] INFO  util.JvmPauseMonitor (JvmPauseMonitor.java:run(103)) - JvmPauseMonitor-5f5834d9-a5b6-4571-92f7-2680994b4e15: Started
2022-08-03 01:58:50,074 [EndpointStateMachine task thread for /0.0.0.0:43643 - 0 ] INFO  server.XceiverServerGrpc (XceiverServerGrpc.java:start(180)) - XceiverServerGrpc 5f5834d9-a5b6-4571-92f7-2680994b4e15 is started using port 34021
2022-08-03 01:58:50,269 [Command processor thread] INFO  server.RaftServer (RaftServerProxy.java:addNew(96)) - 986bf7ce-700a-46a1-ab88-e0e38b862364: addNew group-F94D425A8176:[986bf7ce-700a-46a1-ab88-e0e38b862364|rpc:10.1.0.23:35665|priority:1] returns group-F94D425A8176:java.util.concurrent.CompletableFuture@5d71d1d[Not completed]
2022-08-03 01:58:50,285 [pool-771-thread-1] INFO  server.RaftServer$Division (RaftServerImpl.java:<init>(190)) - 986bf7ce-700a-46a1-ab88-e0e38b862364: new RaftServerImpl for group-F94D425A8176:[986bf7ce-700a-46a1-ab88-e0e38b862364|rpc:10.1.0.23:35665|priority:1] with ContainerStateMachine:uninitialized
2022-08-03 01:58:50,285 [pool-771-thread-1] INFO  server.RaftServerConfigKeys (ConfUtils.java:logGet(46)) - raft.server.rpc.timeout.min = 5s (custom)
2022-08-03 01:58:50,285 [pool-771-thread-1] INFO  server.RaftServerConfigKeys (ConfUtils.java:logGet(46)) - raft.server.rpc.timeout.max = 5200ms (custom)
2022-08-03 01:58:50,285 [pool-771-thread-1] INFO  server.RaftServerConfigKeys (ConfUtils.java:logGet(46)) - raft.server.rpc.sleep.time = 25ms (default)
2022-08-03 01:58:50,285 [pool-771-thread-1] INFO  server.RaftServerConfigKeys (ConfUtils.java:logGet(46)) - raft.server.rpc.slowness.timeout = 300s (custom)
2022-08-03 01:58:50,285 [pool-771-thread-1] INFO  server.RaftServerConfigKeys (ConfUtils.java:logGet(46)) - raft.server.leaderelection.leader.step-down.wait-time = 10s (default)
2022-08-03 01:58:50,285 [pool-771-thread-1] INFO  server.RaftServerConfigKeys (ConfUtils.java:logGet(46)) - raft.server.sleep.deviation.threshold = 300ms (default)
2022-08-03 01:58:50,285 [pool-771-thread-1] INFO  server.RaftServer$Division (ServerState.java:<init>(107)) - 986bf7ce-700a-46a1-ab88-e0e38b862364@group-F94D425A8176: ConfigurationManager, init=-1: [986bf7ce-700a-46a1-ab88-e0e38b862364|rpc:10.1.0.23:35665|priority:1], old=null, confs=<EMPTY_MAP>
2022-08-03 01:58:50,285 [pool-771-thread-1] INFO  server.RaftServerConfigKeys (ConfUtils.java:logGet(46)) - raft.server.storage.dir = [/home/runner/work/ozone/ozone/hadoop-ozone/integration-test/target/test-dir/MiniOzoneClusterImpl-2737617e-ba4a-449e-a26e-d824b2394d0e/datanode-0/data/ratis] (custom)
2022-08-03 01:58:50,285 [pool-771-thread-1] INFO  server.RaftServerConfigKeys (ConfUtils.java:logGet(46)) - raft.server.log.corruption.policy = EXCEPTION (default)
2022-08-03 01:58:50,285 [pool-771-thread-1] INFO  server.RaftServerConfigKeys (ConfUtils.java:logGet(46)) - raft.server.storage.free-space.min = 0MB (=0) (default)
2022-08-03 01:58:50,286 [pool-771-thread-1] INFO  storage.RaftStorageDirectory (RaftStorageDirectoryImpl.java:analyzeStorage(135)) - The storage directory /home/runner/work/ozone/ozone/hadoop-ozone/integration-test/target/test-dir/MiniOzoneClusterImpl-2737617e-ba4a-449e-a26e-d824b2394d0e/datanode-0/data/ratis/bcba705f-048b-400b-86f3-f94d425a8176 does not exist. Creating ...
2022-08-03 01:58:50,305 [pool-771-thread-1] INFO  storage.RaftStorageDirectory (RaftStorageDirectoryImpl.java:tryLock(230)) - Lock on /home/runner/work/ozone/ozone/hadoop-ozone/integration-test/target/test-dir/MiniOzoneClusterImpl-2737617e-ba4a-449e-a26e-d824b2394d0e/datanode-0/data/ratis/bcba705f-048b-400b-86f3-f94d425a8176/in_use.lock acquired by nodename 17687@fv-az199-929
2022-08-03 01:58:50,314 [pool-771-thread-1] INFO  storage.RaftStorage (RaftStorageImpl.java:format(89)) - Storage directory /home/runner/work/ozone/ozone/hadoop-ozone/integration-test/target/test-dir/MiniOzoneClusterImpl-2737617e-ba4a-449e-a26e-d824b2394d0e/datanode-0/data/ratis/bcba705f-048b-400b-86f3-f94d425a8176 has been successfully formatted.
2022-08-03 01:58:50,325 [pool-771-thread-1] INFO  ratis.ContainerStateMachine (ContainerStateMachine.java:loadSnapshot(236)) - group-F94D425A8176: The snapshot info is null. Setting the last applied indexto:(t:0, i:~)
2022-08-03 01:58:50,325 [pool-771-thread-1] INFO  server.RaftServerConfigKeys (ConfUtils.java:logGet(46)) - raft.server.notification.no-leader.timeout = 300s (custom)
2022-08-03 01:58:50,326 [EventQueue-PipelineReportForPipelineReportHandler] INFO  pipeline.PipelineManagerImpl (PipelineManagerImpl.java:openPipeline(367)) - Pipeline Pipeline[ Id: bcba705f-048b-400b-86f3-f94d425a8176, Nodes: 986bf7ce-700a-46a1-ab88-e0e38b862364{ip: 10.1.0.23, host: fv-az199-929.piossgaoozdutex3tpy4bgd4ka.dx.internal.cloudapp.net, ports: [REPLICATION=37957, RATIS=35665, RATIS_ADMIN=35665, RATIS_SERVER=35665, STANDALONE=45835], networkLocation: /default-rack, certSerialId: null, persistedOpState: IN_SERVICE, persistedOpStateExpiryEpochSec: 0}, ReplicationConfig: RATIS/ONE, State:ALLOCATED, leaderId:986bf7ce-700a-46a1-ab88-e0e38b862364, CreationTimestamp2022-08-03T01:58:47.294Z[Etc/UTC]] moved to OPEN state
2022-08-03 01:58:50,334 [pool-771-thread-1] INFO  server.RaftServerConfigKeys (ConfUtils.java:logGet(46)) - raft.server.log.use.memory = false (default)
2022-08-03 01:58:50,334 [pool-771-thread-1] INFO  server.RaftServerConfigKeys (ConfUtils.java:logGet(46)) - raft.server.log.purge.gap = 1000000 (custom)
2022-08-03 01:58:50,334 [pool-771-thread-1] INFO  server.RaftServerConfigKeys (ConfUtils.java:logGet(46)) - raft.server.log.appender.buffer.byte-limit = 33554432 (custom)
2022-08-03 01:58:50,334 [pool-771-thread-1] INFO  server.RaftServerConfigKeys (ConfUtils.java:logGet(46)) - raft.server.log.statemachine.data.read.timeout = 1000ms (default)
2022-08-03 01:58:50,334 [pool-771-thread-1] INFO  server.RaftServerConfigKeys (ConfUtils.java:logGet(46)) - raft.server.log.segment.size.max = 1048576 (custom)
2022-08-03 01:58:50,335 [pool-771-thread-1] INFO  server.RaftServerConfigKeys (ConfUtils.java:logGet(46)) - raft.server.log.segment.cache.num.max = 2 (custom)
2022-08-03 01:58:50,335 [pool-771-thread-1] INFO  server.RaftServerConfigKeys (ConfUtils.java:logGet(46)) - raft.server.log.segment.cache.size.max = 200MB (=209715200) (default)
2022-08-03 01:58:50,335 [pool-771-thread-1] INFO  segmented.SegmentedRaftLogWorker (SegmentedRaftLogWorker.java:<init>(187)) - new 986bf7ce-700a-46a1-ab88-e0e38b862364@group-F94D425A8176-SegmentedRaftLogWorker for RaftStorageImpl:Storage Directory /home/runner/work/ozone/ozone/hadoop-ozone/integration-test/target/test-dir/MiniOzoneClusterImpl-2737617e-ba4a-449e-a26e-d824b2394d0e/datanode-0/data/ratis/bcba705f-048b-400b-86f3-f94d425a8176
2022-08-03 01:58:50,335 [pool-771-thread-1] INFO  server.RaftServerConfigKeys (ConfUtils.java:logGet(46)) - raft.server.log.queue.byte-limit = 4294967296 (custom)
2022-08-03 01:58:50,335 [pool-771-thread-1] INFO  server.RaftServerConfigKeys (ConfUtils.java:logGet(46)) - raft.server.log.queue.element-limit = 1024 (custom)
2022-08-03 01:58:50,335 [pool-771-thread-1] INFO  server.RaftServerConfigKeys (ConfUtils.java:logGet(46)) - raft.server.log.segment.size.max = 1048576 (custom)
2022-08-03 01:58:50,335 [pool-771-thread-1] INFO  server.RaftServerConfigKeys (ConfUtils.java:logGet(46)) - raft.server.log.preallocated.size = 16384 (custom)
2022-08-03 01:58:50,335 [pool-771-thread-1] INFO  server.RaftServerConfigKeys (ConfUtils.java:logGet(46)) - raft.server.log.force.sync.num = 128 (default)
2022-08-03 01:58:50,335 [pool-771-thread-1] INFO  server.RaftServerConfigKeys (ConfUtils.java:logGet(46)) - raft.server.log.statemachine.data.sync = true (default)
2022-08-03 01:58:50,335 [pool-771-thread-1] INFO  server.RaftServerConfigKeys (ConfUtils.java:logGet(46)) - raft.server.log.statemachine.data.sync.timeout = 10s (default)
2022-08-03 01:58:50,335 [pool-771-thread-1] INFO  server.RaftServerConfigKeys (ConfUtils.java:logGet(46)) - raft.server.log.statemachine.data.sync.timeout.retry = -1 (default)
2022-08-03 01:58:50,360 [pool-771-thread-1] INFO  server.RaftServerConfigKeys (ConfUtils.java:logGet(46)) - raft.server.log.write.buffer.size = 1048576 (custom)
2022-08-03 01:58:50,361 [pool-771-thread-1] INFO  server.RaftServerConfigKeys (ConfUtils.java:logGet(46)) - raft.server.log.unsafe-flush.enabled = false (default)
2022-08-03 01:58:50,361 [pool-771-thread-1] INFO  server.RaftServerConfigKeys (ConfUtils.java:logGet(46)) - raft.server.log.statemachine.data.caching.enabled = true (custom)
2022-08-03 01:58:50,361 [pool-771-thread-1] INFO  segmented.SegmentedRaftLogWorker (SegmentedRaftLogWorker.java:lambda$new$0(135)) - 986bf7ce-700a-46a1-ab88-e0e38b862364@group-F94D425A8176-SegmentedRaftLogWorker: flushIndex: setUnconditionally 0 -> -1
2022-08-03 01:58:50,362 [pool-771-thread-1] INFO  segmented.SegmentedRaftLogWorker (SegmentedRaftLogWorker.java:lambda$new$0(135)) - 986bf7ce-700a-46a1-ab88-e0e38b862364@group-F94D425A8176-SegmentedRaftLogWorker: safeCacheEvictIndex: setUnconditionally 0 -> -1
2022-08-03 01:58:50,362 [EventQueue-OpenPipelineForHealthyPipelineSafeModeRule] INFO  safemode.SCMSafeModeManager (HealthyPipelineSafeModeRule.java:process(137)) - SCM in safe mode. Healthy pipelines reported count is 0, required healthy pipeline reported count is 1
2022-08-03 01:58:50,362 [pool-771-thread-1] INFO  server.RaftServerConfigKeys (ConfUtils.java:logGet(46)) - raft.server.snapshot.auto.trigger.enabled = true (custom)
2022-08-03 01:58:50,362 [pool-771-thread-1] INFO  server.RaftServerConfigKeys (ConfUtils.java:logGet(46)) - raft.server.snapshot.auto.trigger.threshold = 10000 (custom)
2022-08-03 01:58:50,362 [pool-771-thread-1] INFO  server.RaftServerConfigKeys (ConfUtils.java:logGet(46)) - raft.server.snapshot.retention.file.num = 5 (custom)
2022-08-03 01:58:50,362 [pool-771-thread-1] INFO  server.RaftServerConfigKeys (ConfUtils.java:logGet(46)) - raft.server.log.purge.upto.snapshot.index = false (default)
2022-08-03 01:58:50,362 [pool-771-thread-1] INFO  server.RaftServerConfigKeys (ConfUtils.java:logGet(46)) - raft.server.retrycache.expirytime = 600000ms (custom)
2022-08-03 01:58:50,362 [pool-771-thread-1] INFO  server.RaftServerConfigKeys (ConfUtils.java:logGet(46)) - raft.server.retrycache.statistics.expirytime = 100μs (default)
2022-08-03 01:58:50,364 [pool-771-thread-1] INFO  server.RaftServerConfigKeys (ConfUtils.java:logGet(46)) - raft.server.log.appender.install.snapshot.enabled = false (custom)
2022-08-03 01:58:50,364 [pool-771-thread-1] INFO  server.RaftServerConfigKeys (ConfUtils.java:logGet(46)) - raft.server.threadpool.server.cached = true (default)
2022-08-03 01:58:50,364 [pool-771-thread-1] INFO  server.RaftServerConfigKeys (ConfUtils.java:logGet(46)) - raft.server.threadpool.server.size = 0 (default)
2022-08-03 01:58:50,364 [pool-771-thread-1] INFO  server.RaftServerConfigKeys (ConfUtils.java:logGet(46)) - raft.server.threadpool.client.cached = true (default)
2022-08-03 01:58:50,364 [pool-771-thread-1] INFO  server.RaftServerConfigKeys (ConfUtils.java:logGet(46)) - raft.server.threadpool.client.size = 0 (default)
2022-08-03 01:58:50,365 [pool-771-thread-1] INFO  server.RaftServer$Division (RaftServerImpl.java:start(310)) - 986bf7ce-700a-46a1-ab88-e0e38b862364@group-F94D425A8176: start as a follower, conf=-1: [986bf7ce-700a-46a1-ab88-e0e38b862364|rpc:10.1.0.23:35665|priority:1], old=null
2022-08-03 01:58:50,365 [pool-771-thread-1] INFO  server.RaftServer$Division (RaftServerImpl.java:setRole(299)) - 986bf7ce-700a-46a1-ab88-e0e38b862364@group-F94D425A8176: changes role from      null to FOLLOWER at term 0 for startAsFollower
2022-08-03 01:58:50,365 [pool-771-thread-1] INFO  impl.RoleInfo (RoleInfo.java:updateAndGet(139)) - 986bf7ce-700a-46a1-ab88-e0e38b862364: start 986bf7ce-700a-46a1-ab88-e0e38b862364@group-F94D425A8176-FollowerState
2022-08-03 01:58:50,403 [pool-771-thread-1] INFO  util.JmxRegister (JmxRegister.java:tryRegister(44)) - Successfully registered JMX Bean with object name Ratis:service=RaftServer,group=group-F94D425A8176,id=986bf7ce-700a-46a1-ab88-e0e38b862364
2022-08-03 01:58:50,422 [Command processor thread] INFO  ratis.XceiverServerRatis (XceiverServerRatis.java:addGroup(765)) - Created group PipelineID=bcba705f-048b-400b-86f3-f94d425a8176
2022-08-03 01:58:50,422 [Command processor thread] INFO  commandhandler.CreatePipelineCommandHandler (CreatePipelineCommandHandler.java:handle(113)) - Created Pipeline RATIS ONE PipelineID=bcba705f-048b-400b-86f3-f94d425a8176.
2022-08-03 01:58:50,423 [Command processor thread] INFO  server.RaftServer (RaftServerProxy.java:addNew(96)) - 986bf7ce-700a-46a1-ab88-e0e38b862364: addNew group-C5B540C5AAAD:[c824bff0-102b-4ceb-889e-e8d339be5886|rpc:10.1.0.23:39825|priority:0, 3f997eb7-6b59-43fe-9bb3-f29f42755580|rpc:10.1.0.23:40985|priority:1, 986bf7ce-700a-46a1-ab88-e0e38b862364|rpc:10.1.0.23:35665|priority:0] returns group-C5B540C5AAAD:java.util.concurrent.CompletableFuture@1e8897f[Not completed]
2022-08-03 01:58:50,423 [pool-771-thread-1] INFO  server.RaftServer$Division (RaftServerImpl.java:<init>(190)) - 986bf7ce-700a-46a1-ab88-e0e38b862364: new RaftServerImpl for group-C5B540C5AAAD:[c824bff0-102b-4ceb-889e-e8d339be5886|rpc:10.1.0.23:39825|priority:0, 3f997eb7-6b59-43fe-9bb3-f29f42755580|rpc:10.1.0.23:40985|priority:1, 986bf7ce-700a-46a1-ab88-e0e38b862364|rpc:10.1.0.23:35665|priority:0] with ContainerStateMachine:uninitialized
2022-08-03 01:58:50,424 [pool-771-thread-1] INFO  server.RaftServerConfigKeys (ConfUtils.java:logGet(46)) - raft.server.rpc.timeout.min = 5s (custom)
2022-08-03 01:58:50,424 [pool-771-thread-1] INFO  server.RaftServerConfigKeys (ConfUtils.java:logGet(46)) - raft.server.rpc.timeout.max = 5200ms (custom)
2022-08-03 01:58:50,424 [pool-771-thread-1] INFO  server.RaftServerConfigKeys (ConfUtils.java:logGet(46)) - raft.server.rpc.sleep.time = 25ms (default)
2022-08-03 01:58:50,424 [pool-771-thread-1] INFO  server.RaftServerConfigKeys (ConfUtils.java:logGet(46)) - raft.server.rpc.slowness.timeout = 300s (custom)
2022-08-03 01:58:50,424 [pool-771-thread-1] INFO  server.RaftServerConfigKeys (ConfUtils.java:logGet(46)) - raft.server.leaderelection.leader.step-down.wait-time = 10s (default)
2022-08-03 01:58:50,424 [pool-771-thread-1] INFO  server.RaftServerConfigKeys (ConfUtils.java:logGet(46)) - raft.server.sleep.deviation.threshold = 300ms (default)
2022-08-03 01:58:50,424 [pool-771-thread-1] INFO  server.RaftServer$Division (ServerState.java:<init>(107)) - 986bf7ce-700a-46a1-ab88-e0e38b862364@group-C5B540C5AAAD: ConfigurationManager, init=-1: [c824bff0-102b-4ceb-889e-e8d339be5886|rpc:10.1.0.23:39825|priority:0, 3f997eb7-6b59-43fe-9bb3-f29f42755580|rpc:10.1.0.23:40985|priority:1, 986bf7ce-700a-46a1-ab88-e0e38b862364|rpc:10.1.0.23:35665|priority:0], old=null, confs=<EMPTY_MAP>
2022-08-03 01:58:50,424 [pool-771-thread-1] INFO  server.RaftServerConfigKeys (ConfUtils.java:logGet(46)) - raft.server.storage.dir = [/home/runner/work/ozone/ozone/hadoop-ozone/integration-test/target/test-dir/MiniOzoneClusterImpl-2737617e-ba4a-449e-a26e-d824b2394d0e/datanode-0/data/ratis] (custom)
2022-08-03 01:58:50,424 [pool-771-thread-1] INFO  server.RaftServerConfigKeys (ConfUtils.java:logGet(46)) - raft.server.log.corruption.policy = EXCEPTION (default)
2022-08-03 01:58:50,424 [pool-771-thread-1] INFO  server.RaftServerConfigKeys (ConfUtils.java:logGet(46)) - raft.server.storage.free-space.min = 0MB (=0) (default)
2022-08-03 01:58:50,424 [pool-771-thread-1] INFO  storage.RaftStorageDirectory (RaftStorageDirectoryImpl.java:analyzeStorage(135)) - The storage directory /home/runner/work/ozone/ozone/hadoop-ozone/integration-test/target/test-dir/MiniOzoneClusterImpl-2737617e-ba4a-449e-a26e-d824b2394d0e/datanode-0/data/ratis/116df100-98bb-4407-8dc7-c5b540c5aaad does not exist. Creating ...
2022-08-03 01:58:50,436 [pool-771-thread-1] INFO  storage.RaftStorageDirectory (RaftStorageDirectoryImpl.java:tryLock(230)) - Lock on /home/runner/work/ozone/ozone/hadoop-ozone/integration-test/target/test-dir/MiniOzoneClusterImpl-2737617e-ba4a-449e-a26e-d824b2394d0e/datanode-0/data/ratis/116df100-98bb-4407-8dc7-c5b540c5aaad/in_use.lock acquired by nodename 17687@fv-az199-929
2022-08-03 01:58:50,446 [pool-771-thread-1] INFO  storage.RaftStorage (RaftStorageImpl.java:format(89)) - Storage directory /home/runner/work/ozone/ozone/hadoop-ozone/integration-test/target/test-dir/MiniOzoneClusterImpl-2737617e-ba4a-449e-a26e-d824b2394d0e/datanode-0/data/ratis/116df100-98bb-4407-8dc7-c5b540c5aaad has been successfully formatted.
2022-08-03 01:58:50,446 [pool-771-thread-1] INFO  ratis.ContainerStateMachine (ContainerStateMachine.java:loadSnapshot(236)) - group-C5B540C5AAAD: The snapshot info is null. Setting the last applied indexto:(t:0, i:~)
2022-08-03 01:58:50,446 [pool-771-thread-1] INFO  server.RaftServerConfigKeys (ConfUtils.java:logGet(46)) - raft.server.notification.no-leader.timeout = 300s (custom)
2022-08-03 01:58:50,446 [pool-771-thread-1] INFO  server.RaftServerConfigKeys (ConfUtils.java:logGet(46)) - raft.server.log.use.memory = false (default)
2022-08-03 01:58:50,447 [pool-771-thread-1] INFO  server.RaftServerConfigKeys (ConfUtils.java:logGet(46)) - raft.server.log.purge.gap = 1000000 (custom)
2022-08-03 01:58:50,447 [pool-771-thread-1] INFO  server.RaftServerConfigKeys (ConfUtils.java:logGet(46)) - raft.server.log.appender.buffer.byte-limit = 33554432 (custom)
2022-08-03 01:58:50,447 [pool-771-thread-1] INFO  server.RaftServerConfigKeys (ConfUtils.java:logGet(46)) - raft.server.log.statemachine.data.read.timeout = 1000ms (default)
2022-08-03 01:58:50,447 [pool-771-thread-1] INFO  server.RaftServerConfigKeys (ConfUtils.java:logGet(46)) - raft.server.log.segment.size.max = 1048576 (custom)
2022-08-03 01:58:50,453 [pool-771-thread-1] INFO  server.RaftServerConfigKeys (ConfUtils.java:logGet(46)) - raft.server.log.segment.cache.num.max = 2 (custom)
2022-08-03 01:58:50,453 [pool-771-thread-1] INFO  server.RaftServerConfigKeys (ConfUtils.java:logGet(46)) - raft.server.log.segment.cache.size.max = 200MB (=209715200) (default)
2022-08-03 01:58:50,453 [pool-771-thread-1] INFO  segmented.SegmentedRaftLogWorker (SegmentedRaftLogWorker.java:<init>(187)) - new 986bf7ce-700a-46a1-ab88-e0e38b862364@group-C5B540C5AAAD-SegmentedRaftLogWorker for RaftStorageImpl:Storage Directory /home/runner/work/ozone/ozone/hadoop-ozone/integration-test/target/test-dir/MiniOzoneClusterImpl-2737617e-ba4a-449e-a26e-d824b2394d0e/datanode-0/data/ratis/116df100-98bb-4407-8dc7-c5b540c5aaad
2022-08-03 01:58:50,453 [pool-771-thread-1] INFO  server.RaftServerConfigKeys (ConfUtils.java:logGet(46)) - raft.server.log.queue.byte-limit = 4294967296 (custom)
2022-08-03 01:58:50,453 [pool-771-thread-1] INFO  server.RaftServerConfigKeys (ConfUtils.java:logGet(46)) - raft.server.log.queue.element-limit = 1024 (custom)
2022-08-03 01:58:50,453 [pool-771-thread-1] INFO  server.RaftServerConfigKeys (ConfUtils.java:logGet(46)) - raft.server.log.segment.size.max = 1048576 (custom)
2022-08-03 01:58:50,453 [pool-771-thread-1] INFO  server.RaftServerConfigKeys (ConfUtils.java:logGet(46)) - raft.server.log.preallocated.size = 16384 (custom)
2022-08-03 01:58:50,453 [pool-771-thread-1] INFO  server.RaftServerConfigKeys (ConfUtils.java:logGet(46)) - raft.server.log.force.sync.num = 128 (default)
2022-08-03 01:58:50,453 [pool-771-thread-1] INFO  server.RaftServerConfigKeys (ConfUtils.java:logGet(46)) - raft.server.log.statemachine.data.sync = true (default)
2022-08-03 01:58:50,453 [pool-771-thread-1] INFO  server.RaftServerConfigKeys (ConfUtils.java:logGet(46)) - raft.server.log.statemachine.data.sync.timeout = 10s (default)
2022-08-03 01:58:50,453 [pool-771-thread-1] INFO  server.RaftServerConfigKeys (ConfUtils.java:logGet(46)) - raft.server.log.statemachine.data.sync.timeout.retry = -1 (default)
2022-08-03 01:58:50,454 [pool-771-thread-1] INFO  server.RaftServerConfigKeys (ConfUtils.java:logGet(46)) - raft.server.log.write.buffer.size = 1048576 (custom)
2022-08-03 01:58:50,455 [pool-771-thread-1] INFO  server.RaftServerConfigKeys (ConfUtils.java:logGet(46)) - raft.server.log.unsafe-flush.enabled = false (default)
2022-08-03 01:58:50,455 [pool-771-thread-1] INFO  server.RaftServerConfigKeys (ConfUtils.java:logGet(46)) - raft.server.log.statemachine.data.caching.enabled = true (custom)
2022-08-03 01:58:50,455 [pool-771-thread-1] INFO  segmented.SegmentedRaftLogWorker (SegmentedRaftLogWorker.java:lambda$new$0(135)) - 986bf7ce-700a-46a1-ab88-e0e38b862364@group-C5B540C5AAAD-SegmentedRaftLogWorker: flushIndex: setUnconditionally 0 -> -1
2022-08-03 01:58:50,455 [pool-771-thread-1] INFO  segmented.SegmentedRaftLogWorker (SegmentedRaftLogWorker.java:lambda$new$0(135)) - 986bf7ce-700a-46a1-ab88-e0e38b862364@group-C5B540C5AAAD-SegmentedRaftLogWorker: safeCacheEvictIndex: setUnconditionally 0 -> -1
2022-08-03 01:58:50,447 [EventQueue-OpenPipelineForHealthyPipelineSafeModeRule] INFO  safemode.SCMSafeModeManager (HealthyPipelineSafeModeRule.java:process(137)) - SCM in safe mode. Healthy pipelines reported count is 0, required healthy pipeline reported count is 1
2022-08-03 01:58:50,462 [pool-771-thread-1] INFO  server.RaftServerConfigKeys (ConfUtils.java:logGet(46)) - raft.server.snapshot.auto.trigger.enabled = true (custom)
2022-08-03 01:58:50,462 [pool-771-thread-1] INFO  server.RaftServerConfigKeys (ConfUtils.java:logGet(46)) - raft.server.snapshot.auto.trigger.threshold = 10000 (custom)
2022-08-03 01:58:50,462 [pool-771-thread-1] INFO  server.RaftServerConfigKeys (ConfUtils.java:logGet(46)) - raft.server.snapshot.retention.file.num = 5 (custom)
2022-08-03 01:58:50,462 [pool-771-thread-1] INFO  server.RaftServerConfigKeys (ConfUtils.java:logGet(46)) - raft.server.log.purge.upto.snapshot.index = false (default)
2022-08-03 01:58:50,462 [pool-771-thread-1] INFO  server.RaftServerConfigKeys (ConfUtils.java:logGet(46)) - raft.server.retrycache.expirytime = 600000ms (custom)
2022-08-03 01:58:50,462 [pool-771-thread-1] INFO  server.RaftServerConfigKeys (ConfUtils.java:logGet(46)) - raft.server.retrycache.statistics.expirytime = 100μs (default)
2022-08-03 01:58:50,464 [pool-771-thread-1] INFO  server.RaftServerConfigKeys (ConfUtils.java:logGet(46)) - raft.server.log.appender.install.snapshot.enabled = false (custom)
2022-08-03 01:58:50,464 [pool-771-thread-1] INFO  server.RaftServerConfigKeys (ConfUtils.java:logGet(46)) - raft.server.threadpool.server.cached = true (default)
2022-08-03 01:58:50,464 [pool-771-thread-1] INFO  server.RaftServerConfigKeys (ConfUtils.java:logGet(46)) - raft.server.threadpool.server.size = 0 (default)
2022-08-03 01:58:50,464 [pool-771-thread-1] INFO  server.RaftServerConfigKeys (ConfUtils.java:logGet(46)) - raft.server.threadpool.client.cached = true (default)
2022-08-03 01:58:50,464 [pool-771-thread-1] INFO  server.RaftServerConfigKeys (ConfUtils.java:logGet(46)) - raft.server.threadpool.client.size = 0 (default)
2022-08-03 01:58:50,464 [pool-771-thread-1] INFO  server.RaftServer$Division (RaftServerImpl.java:start(310)) - 986bf7ce-700a-46a1-ab88-e0e38b862364@group-C5B540C5AAAD: start as a follower, conf=-1: [c824bff0-102b-4ceb-889e-e8d339be5886|rpc:10.1.0.23:39825|priority:0, 3f997eb7-6b59-43fe-9bb3-f29f42755580|rpc:10.1.0.23:40985|priority:1, 986bf7ce-700a-46a1-ab88-e0e38b862364|rpc:10.1.0.23:35665|priority:0], old=null
2022-08-03 01:58:50,464 [pool-771-thread-1] INFO  server.RaftServer$Division (RaftServerImpl.java:setRole(299)) - 986bf7ce-700a-46a1-ab88-e0e38b862364@group-C5B540C5AAAD: changes role from      null to FOLLOWER at term 0 for startAsFollower
2022-08-03 01:58:50,464 [pool-771-thread-1] INFO  impl.RoleInfo (RoleInfo.java:updateAndGet(139)) - 986bf7ce-700a-46a1-ab88-e0e38b862364: start 986bf7ce-700a-46a1-ab88-e0e38b862364@group-C5B540C5AAAD-FollowerState
2022-08-03 01:58:50,464 [pool-771-thread-1] INFO  util.JmxRegister (JmxRegister.java:tryRegister(44)) - Successfully registered JMX Bean with object name Ratis:service=RaftServer,group=group-C5B540C5AAAD,id=986bf7ce-700a-46a1-ab88-e0e38b862364
2022-08-03 01:58:50,465 [Command processor thread] INFO  ratis.XceiverServerRatis (XceiverServerRatis.java:addGroup(765)) - Created group PipelineID=116df100-98bb-4407-8dc7-c5b540c5aaad
2022-08-03 01:58:50,509 [IPC Server handler 4 on default port 43643] INFO  net.NetworkTopologyImpl (NetworkTopologyImpl.java:add(112)) - Added a new node: /default-rack/1474d989-16d3-421f-9647-ab027991a2bc
2022-08-03 01:58:50,509 [IPC Server handler 4 on default port 43643] INFO  node.SCMNodeManager (SCMNodeManager.java:register(397)) - Registered Data node : 1474d989-16d3-421f-9647-ab027991a2bc{ip: 10.1.0.23, host: fv-az199-929.piossgaoozdutex3tpy4bgd4ka.dx.internal.cloudapp.net, ports: [REPLICATION=39593, RATIS=32883, RATIS_ADMIN=32883, RATIS_SERVER=32883, STANDALONE=37559], networkLocation: /default-rack, certSerialId: null, persistedOpState: null, persistedOpStateExpiryEpochSec: 0}
2022-08-03 01:58:50,510 [EventQueue-NewNodeForNewNodeHandler] INFO  pipeline.BackgroundPipelineCreator (BackgroundPipelineCreator.java:notifyEventTriggered(276)) - trigger a one-shot run on RatisPipelineUtilsThread.
2022-08-03 01:58:50,510 [RatisPipelineUtilsThread - 0] INFO  pipeline.RatisPipelineProvider (RatisPipelineProvider.java:lambda$create$0(195)) - Sending CreatePipelineCommand for pipeline:PipelineID=f4dedb32-fcdb-4860-acda-809a0969b76e to datanode:1474d989-16d3-421f-9647-ab027991a2bc
2022-08-03 01:58:50,512 [RatisPipelineUtilsThread - 0] INFO  pipeline.PipelineStateManagerImpl (PipelineStateManagerImpl.java:addPipeline(103)) - Created pipeline Pipeline[ Id: f4dedb32-fcdb-4860-acda-809a0969b76e, Nodes: 1474d989-16d3-421f-9647-ab027991a2bc{ip: 10.1.0.23, host: fv-az199-929.piossgaoozdutex3tpy4bgd4ka.dx.internal.cloudapp.net, ports: [REPLICATION=39593, RATIS=32883, RATIS_ADMIN=32883, RATIS_SERVER=32883, STANDALONE=37559], networkLocation: /default-rack, certSerialId: null, persistedOpState: IN_SERVICE, persistedOpStateExpiryEpochSec: 0}, ReplicationConfig: RATIS/ONE, State:ALLOCATED, leaderId:, CreationTimestamp2022-08-03T01:58:50.510Z[Etc/UTC]].
2022-08-03 01:58:50,520 [grpc-default-executor-0] INFO  server.RaftServer (RaftServerProxy.java:addNew(96)) - 3f997eb7-6b59-43fe-9bb3-f29f42755580: addNew group-C5B540C5AAAD:[c824bff0-102b-4ceb-889e-e8d339be5886|rpc:10.1.0.23:39825|dataStream:|priority:0, 3f997eb7-6b59-43fe-9bb3-f29f42755580|rpc:10.1.0.23:40985|dataStream:|priority:1, 986bf7ce-700a-46a1-ab88-e0e38b862364|rpc:10.1.0.23:35665|dataStream:|priority:0] returns group-C5B540C5AAAD:java.util.concurrent.CompletableFuture@556ff61f[Not completed]
2022-08-03 01:58:50,521 [pool-794-thread-1] INFO  server.RaftServer$Division (RaftServerImpl.java:<init>(190)) - 3f997eb7-6b59-43fe-9bb3-f29f42755580: new RaftServerImpl for group-C5B540C5AAAD:[c824bff0-102b-4ceb-889e-e8d339be5886|rpc:10.1.0.23:39825|dataStream:|priority:0, 3f997eb7-6b59-43fe-9bb3-f29f42755580|rpc:10.1.0.23:40985|dataStream:|priority:1, 986bf7ce-700a-46a1-ab88-e0e38b862364|rpc:10.1.0.23:35665|dataStream:|priority:0] with ContainerStateMachine:uninitialized
2022-08-03 01:58:50,521 [pool-794-thread-1] INFO  server.RaftServerConfigKeys (ConfUtils.java:logGet(46)) - raft.server.rpc.timeout.min = 5s (custom)
2022-08-03 01:58:50,522 [pool-794-thread-1] INFO  server.RaftServerConfigKeys (ConfUtils.java:logGet(46)) - raft.server.rpc.timeout.max = 5200ms (custom)
2022-08-03 01:58:50,522 [pool-794-thread-1] INFO  server.RaftServerConfigKeys (ConfUtils.java:logGet(46)) - raft.server.rpc.sleep.time = 25ms (default)
2022-08-03 01:58:50,522 [pool-794-thread-1] INFO  server.RaftServerConfigKeys (ConfUtils.java:logGet(46)) - raft.server.rpc.slowness.timeout = 300s (custom)
2022-08-03 01:58:50,522 [pool-794-thread-1] INFO  server.RaftServerConfigKeys (ConfUtils.java:logGet(46)) - raft.server.leaderelection.leader.step-down.wait-time = 10s (default)
2022-08-03 01:58:50,522 [pool-794-thread-1] INFO  server.RaftServerConfigKeys (ConfUtils.java:logGet(46)) - raft.server.sleep.deviation.threshold = 300ms (default)
2022-08-03 01:58:50,522 [pool-794-thread-1] INFO  server.RaftServer$Division (ServerState.java:<init>(107)) - 3f997eb7-6b59-43fe-9bb3-f29f42755580@group-C5B540C5AAAD: ConfigurationManager, init=-1: [c824bff0-102b-4ceb-889e-e8d339be5886|rpc:10.1.0.23:39825|dataStream:|priority:0, 3f997eb7-6b59-43fe-9bb3-f29f42755580|rpc:10.1.0.23:40985|dataStream:|priority:1, 986bf7ce-700a-46a1-ab88-e0e38b862364|rpc:10.1.0.23:35665|dataStream:|priority:0], old=null, confs=<EMPTY_MAP>
2022-08-03 01:58:50,522 [pool-794-thread-1] INFO  server.RaftServerConfigKeys (ConfUtils.java:logGet(46)) - raft.server.storage.dir = [/home/runner/work/ozone/ozone/hadoop-ozone/integration-test/target/test-dir/MiniOzoneClusterImpl-2737617e-ba4a-449e-a26e-d824b2394d0e/datanode-1/data/ratis] (custom)
2022-08-03 01:58:50,522 [pool-794-thread-1] INFO  server.RaftServerConfigKeys (ConfUtils.java:logGet(46)) - raft.server.log.corruption.policy = EXCEPTION (default)
2022-08-03 01:58:50,522 [pool-794-thread-1] INFO  server.RaftServerConfigKeys (ConfUtils.java:logGet(46)) - raft.server.storage.free-space.min = 0MB (=0) (default)
2022-08-03 01:58:50,522 [pool-794-thread-1] INFO  storage.RaftStorageDirectory (RaftStorageDirectoryImpl.java:analyzeStorage(135)) - The storage directory /home/runner/work/ozone/ozone/hadoop-ozone/integration-test/target/test-dir/MiniOzoneClusterImpl-2737617e-ba4a-449e-a26e-d824b2394d0e/datanode-1/data/ratis/116df100-98bb-4407-8dc7-c5b540c5aaad does not exist. Creating ...
2022-08-03 01:58:50,530 [pool-794-thread-1] INFO  storage.RaftStorageDirectory (RaftStorageDirectoryImpl.java:tryLock(230)) - Lock on /home/runner/work/ozone/ozone/hadoop-ozone/integration-test/target/test-dir/MiniOzoneClusterImpl-2737617e-ba4a-449e-a26e-d824b2394d0e/datanode-1/data/ratis/116df100-98bb-4407-8dc7-c5b540c5aaad/in_use.lock acquired by nodename 17687@fv-az199-929
2022-08-03 01:58:50,537 [pool-794-thread-1] INFO  storage.RaftStorage (RaftStorageImpl.java:format(89)) - Storage directory /home/runner/work/ozone/ozone/hadoop-ozone/integration-test/target/test-dir/MiniOzoneClusterImpl-2737617e-ba4a-449e-a26e-d824b2394d0e/datanode-1/data/ratis/116df100-98bb-4407-8dc7-c5b540c5aaad has been successfully formatted.
2022-08-03 01:58:50,537 [pool-794-thread-1] INFO  ratis.ContainerStateMachine (ContainerStateMachine.java:loadSnapshot(236)) - group-C5B540C5AAAD: The snapshot info is null. Setting the last applied indexto:(t:0, i:~)
2022-08-03 01:58:50,537 [pool-794-thread-1] INFO  server.RaftServerConfigKeys (ConfUtils.java:logGet(46)) - raft.server.notification.no-leader.timeout = 300s (custom)
2022-08-03 01:58:50,537 [pool-794-thread-1] INFO  server.RaftServerConfigKeys (ConfUtils.java:logGet(46)) - raft.server.log.use.memory = false (default)
2022-08-03 01:58:50,537 [pool-794-thread-1] INFO  server.RaftServerConfigKeys (ConfUtils.java:logGet(46)) - raft.server.log.purge.gap = 1000000 (custom)
2022-08-03 01:58:50,537 [pool-794-thread-1] INFO  server.RaftServerConfigKeys (ConfUtils.java:logGet(46)) - raft.server.log.appender.buffer.byte-limit = 33554432 (custom)
2022-08-03 01:58:50,538 [pool-794-thread-1] INFO  server.RaftServerConfigKeys (ConfUtils.java:logGet(46)) - raft.server.log.statemachine.data.read.timeout = 1000ms (default)
2022-08-03 01:58:50,538 [pool-794-thread-1] INFO  server.RaftServerConfigKeys (ConfUtils.java:logGet(46)) - raft.server.log.segment.size.max = 1048576 (custom)
2022-08-03 01:58:50,538 [pool-794-thread-1] INFO  server.RaftServerConfigKeys (ConfUtils.java:logGet(46)) - raft.server.log.segment.cache.num.max = 2 (custom)
2022-08-03 01:58:50,538 [pool-794-thread-1] INFO  server.RaftServerConfigKeys (ConfUtils.java:logGet(46)) - raft.server.log.segment.cache.size.max = 200MB (=209715200) (default)
2022-08-03 01:58:50,538 [pool-794-thread-1] INFO  segmented.SegmentedRaftLogWorker (SegmentedRaftLogWorker.java:<init>(187)) - new 3f997eb7-6b59-43fe-9bb3-f29f42755580@group-C5B540C5AAAD-SegmentedRaftLogWorker for RaftStorageImpl:Storage Directory /home/runner/work/ozone/ozone/hadoop-ozone/integration-test/target/test-dir/MiniOzoneClusterImpl-2737617e-ba4a-449e-a26e-d824b2394d0e/datanode-1/data/ratis/116df100-98bb-4407-8dc7-c5b540c5aaad
2022-08-03 01:58:50,538 [pool-794-thread-1] INFO  server.RaftServerConfigKeys (ConfUtils.java:logGet(46)) - raft.server.log.queue.byte-limit = 4294967296 (custom)
2022-08-03 01:58:50,538 [pool-794-thread-1] INFO  server.RaftServerConfigKeys (ConfUtils.java:logGet(46)) - raft.server.log.queue.element-limit = 1024 (custom)
2022-08-03 01:58:50,538 [pool-794-thread-1] INFO  server.RaftServerConfigKeys (ConfUtils.java:logGet(46)) - raft.server.log.segment.size.max = 1048576 (custom)
2022-08-03 01:58:50,539 [pool-794-thread-1] INFO  server.RaftServerConfigKeys (ConfUtils.java:logGet(46)) - raft.server.log.preallocated.size = 16384 (custom)
2022-08-03 01:58:50,539 [pool-794-thread-1] INFO  server.RaftServerConfigKeys (ConfUtils.java:logGet(46)) - raft.server.log.force.sync.num = 128 (default)
2022-08-03 01:58:50,539 [pool-794-thread-1] INFO  server.RaftServerConfigKeys (ConfUtils.java:logGet(46)) - raft.server.log.statemachine.data.sync = true (default)
2022-08-03 01:58:50,539 [pool-794-thread-1] INFO  server.RaftServerConfigKeys (ConfUtils.java:logGet(46)) - raft.server.log.statemachine.data.sync.timeout = 10s (default)
2022-08-03 01:58:50,539 [pool-794-thread-1] INFO  server.RaftServerConfigKeys (ConfUtils.java:logGet(46)) - raft.server.log.statemachine.data.sync.timeout.retry = -1 (default)
2022-08-03 01:58:50,540 [pool-794-thread-1] INFO  server.RaftServerConfigKeys (ConfUtils.java:logGet(46)) - raft.server.log.write.buffer.size = 1048576 (custom)
2022-08-03 01:58:50,541 [pool-794-thread-1] INFO  server.RaftServerConfigKeys (ConfUtils.java:logGet(46)) - raft.server.log.unsafe-flush.enabled = false (default)
2022-08-03 01:58:50,541 [pool-794-thread-1] INFO  server.RaftServerConfigKeys (ConfUtils.java:logGet(46)) - raft.server.log.statemachine.data.caching.enabled = true (custom)
2022-08-03 01:58:50,543 [pool-794-thread-1] INFO  segmented.SegmentedRaftLogWorker (SegmentedRaftLogWorker.java:lambda$new$0(135)) - 3f997eb7-6b59-43fe-9bb3-f29f42755580@group-C5B540C5AAAD-SegmentedRaftLogWorker: flushIndex: setUnconditionally 0 -> -1
2022-08-03 01:58:50,543 [pool-794-thread-1] INFO  segmented.SegmentedRaftLogWorker (SegmentedRaftLogWorker.java:lambda$new$0(135)) - 3f997eb7-6b59-43fe-9bb3-f29f42755580@group-C5B540C5AAAD-SegmentedRaftLogWorker: safeCacheEvictIndex: setUnconditionally 0 -> -1
2022-08-03 01:58:50,548 [pool-794-thread-1] INFO  server.RaftServerConfigKeys (ConfUtils.java:logGet(46)) - raft.server.snapshot.auto.trigger.enabled = true (custom)
2022-08-03 01:58:50,548 [pool-794-thread-1] INFO  server.RaftServerConfigKeys (ConfUtils.java:logGet(46)) - raft.server.snapshot.auto.trigger.threshold = 10000 (custom)
2022-08-03 01:58:50,548 [pool-794-thread-1] INFO  server.RaftServerConfigKeys (ConfUtils.java:logGet(46)) - raft.server.snapshot.retention.file.num = 5 (custom)
2022-08-03 01:58:50,548 [pool-794-thread-1] INFO  server.RaftServerConfigKeys (ConfUtils.java:logGet(46)) - raft.server.log.purge.upto.snapshot.index = false (default)
2022-08-03 01:58:50,548 [pool-794-thread-1] INFO  server.RaftServerConfigKeys (ConfUtils.java:logGet(46)) - raft.server.retrycache.expirytime = 600000ms (custom)
2022-08-03 01:58:50,548 [pool-794-thread-1] INFO  server.RaftServerConfigKeys (ConfUtils.java:logGet(46)) - raft.server.retrycache.statistics.expirytime = 100μs (default)
2022-08-03 01:58:50,549 [pool-794-thread-1] INFO  server.RaftServerConfigKeys (ConfUtils.java:logGet(46)) - raft.server.log.appender.install.snapshot.enabled = false (custom)
2022-08-03 01:58:50,550 [pool-794-thread-1] INFO  server.RaftServerConfigKeys (ConfUtils.java:logGet(46)) - raft.server.threadpool.server.cached = true (default)
2022-08-03 01:58:50,550 [pool-794-thread-1] INFO  server.RaftServerConfigKeys (ConfUtils.java:logGet(46)) - raft.server.threadpool.server.size = 0 (default)
2022-08-03 01:58:50,550 [pool-794-thread-1] INFO  server.RaftServerConfigKeys (ConfUtils.java:logGet(46)) - raft.server.threadpool.client.cached = true (default)
2022-08-03 01:58:50,550 [pool-794-thread-1] INFO  server.RaftServerConfigKeys (ConfUtils.java:logGet(46)) - raft.server.threadpool.client.size = 0 (default)
2022-08-03 01:58:50,550 [pool-794-thread-1] INFO  server.RaftServer$Division (RaftServerImpl.java:start(310)) - 3f997eb7-6b59-43fe-9bb3-f29f42755580@group-C5B540C5AAAD: start as a follower, conf=-1: [c824bff0-102b-4ceb-889e-e8d339be5886|rpc:10.1.0.23:39825|dataStream:|priority:0, 3f997eb7-6b59-43fe-9bb3-f29f42755580|rpc:10.1.0.23:40985|dataStream:|priority:1, 986bf7ce-700a-46a1-ab88-e0e38b862364|rpc:10.1.0.23:35665|dataStream:|priority:0], old=null
2022-08-03 01:58:50,550 [pool-794-thread-1] INFO  server.RaftServer$Division (RaftServerImpl.java:setRole(299)) - 3f997eb7-6b59-43fe-9bb3-f29f42755580@group-C5B540C5AAAD: changes role from      null to FOLLOWER at term 0 for startAsFollower
2022-08-03 01:58:50,550 [pool-794-thread-1] INFO  impl.RoleInfo (RoleInfo.java:updateAndGet(139)) - 3f997eb7-6b59-43fe-9bb3-f29f42755580: start 3f997eb7-6b59-43fe-9bb3-f29f42755580@group-C5B540C5AAAD-FollowerState
2022-08-03 01:58:50,553 [pool-794-thread-1] INFO  util.JmxRegister (JmxRegister.java:tryRegister(44)) - Successfully registered JMX Bean with object name Ratis:service=RaftServer,group=group-C5B540C5AAAD,id=3f997eb7-6b59-43fe-9bb3-f29f42755580
2022-08-03 01:58:50,711 [grpc-default-executor-0] INFO  server.RaftServer (RaftServerProxy.java:addNew(96)) - c824bff0-102b-4ceb-889e-e8d339be5886: addNew group-C5B540C5AAAD:[c824bff0-102b-4ceb-889e-e8d339be5886|rpc:10.1.0.23:39825|dataStream:|priority:0, 3f997eb7-6b59-43fe-9bb3-f29f42755580|rpc:10.1.0.23:40985|dataStream:|priority:1, 986bf7ce-700a-46a1-ab88-e0e38b862364|rpc:10.1.0.23:35665|dataStream:|priority:0] returns group-C5B540C5AAAD:java.util.concurrent.CompletableFuture@2eb3ced9[Not completed]
2022-08-03 01:58:50,722 [pool-817-thread-1] INFO  server.RaftServer$Division (RaftServerImpl.java:<init>(190)) - c824bff0-102b-4ceb-889e-e8d339be5886: new RaftServerImpl for group-C5B540C5AAAD:[c824bff0-102b-4ceb-889e-e8d339be5886|rpc:10.1.0.23:39825|dataStream:|priority:0, 3f997eb7-6b59-43fe-9bb3-f29f42755580|rpc:10.1.0.23:40985|dataStream:|priority:1, 986bf7ce-700a-46a1-ab88-e0e38b862364|rpc:10.1.0.23:35665|dataStream:|priority:0] with ContainerStateMachine:uninitialized
2022-08-03 01:58:50,722 [pool-817-thread-1] INFO  server.RaftServerConfigKeys (ConfUtils.java:logGet(46)) - raft.server.rpc.timeout.min = 5s (custom)
2022-08-03 01:58:50,722 [pool-817-thread-1] INFO  server.RaftServerConfigKeys (ConfUtils.java:logGet(46)) - raft.server.rpc.timeout.max = 5200ms (custom)
2022-08-03 01:58:50,722 [pool-817-thread-1] INFO  server.RaftServerConfigKeys (ConfUtils.java:logGet(46)) - raft.server.rpc.sleep.time = 25ms (default)
2022-08-03 01:58:50,722 [pool-817-thread-1] INFO  server.RaftServerConfigKeys (ConfUtils.java:logGet(46)) - raft.server.rpc.slowness.timeout = 300s (custom)
2022-08-03 01:58:50,722 [pool-817-thread-1] INFO  server.RaftServerConfigKeys (ConfUtils.java:logGet(46)) - raft.server.leaderelection.leader.step-down.wait-time = 10s (default)
2022-08-03 01:58:50,722 [pool-817-thread-1] INFO  server.RaftServerConfigKeys (ConfUtils.java:logGet(46)) - raft.server.sleep.deviation.threshold = 300ms (default)
2022-08-03 01:58:50,722 [pool-817-thread-1] INFO  server.RaftServer$Division (ServerState.java:<init>(107)) - c824bff0-102b-4ceb-889e-e8d339be5886@group-C5B540C5AAAD: ConfigurationManager, init=-1: [c824bff0-102b-4ceb-889e-e8d339be5886|rpc:10.1.0.23:39825|dataStream:|priority:0, 3f997eb7-6b59-43fe-9bb3-f29f42755580|rpc:10.1.0.23:40985|dataStream:|priority:1, 986bf7ce-700a-46a1-ab88-e0e38b862364|rpc:10.1.0.23:35665|dataStream:|priority:0], old=null, confs=<EMPTY_MAP>
2022-08-03 01:58:50,722 [pool-817-thread-1] INFO  server.RaftServerConfigKeys (ConfUtils.java:logGet(46)) - raft.server.storage.dir = [/home/runner/work/ozone/ozone/hadoop-ozone/integration-test/target/test-dir/MiniOzoneClusterImpl-2737617e-ba4a-449e-a26e-d824b2394d0e/datanode-2/data/ratis] (custom)
2022-08-03 01:58:50,722 [pool-817-thread-1] INFO  server.RaftServerConfigKeys (ConfUtils.java:logGet(46)) - raft.server.log.corruption.policy = EXCEPTION (default)
2022-08-03 01:58:50,722 [pool-817-thread-1] INFO  server.RaftServerConfigKeys (ConfUtils.java:logGet(46)) - raft.server.storage.free-space.min = 0MB (=0) (default)
2022-08-03 01:58:50,722 [pool-817-thread-1] INFO  storage.RaftStorageDirectory (RaftStorageDirectoryImpl.java:analyzeStorage(135)) - The storage directory /home/runner/work/ozone/ozone/hadoop-ozone/integration-test/target/test-dir/MiniOzoneClusterImpl-2737617e-ba4a-449e-a26e-d824b2394d0e/datanode-2/data/ratis/116df100-98bb-4407-8dc7-c5b540c5aaad does not exist. Creating ...
2022-08-03 01:58:50,736 [pool-817-thread-1] INFO  storage.RaftStorageDirectory (RaftStorageDirectoryImpl.java:tryLock(230)) - Lock on /home/runner/work/ozone/ozone/hadoop-ozone/integration-test/target/test-dir/MiniOzoneClusterImpl-2737617e-ba4a-449e-a26e-d824b2394d0e/datanode-2/data/ratis/116df100-98bb-4407-8dc7-c5b540c5aaad/in_use.lock acquired by nodename 17687@fv-az199-929
2022-08-03 01:58:50,741 [Listener at 127.0.0.1/36513] INFO  ozone.MiniOzoneClusterImpl (MiniOzoneClusterImpl.java:lambda$waitForClusterToBeReady$0(216)) - Waiting for nodes to be ready. Got 4 of 5 DN Heartbeats.
2022-08-03 01:58:50,742 [Listener at 127.0.0.1/36513] INFO  ozone.MiniOzoneClusterImpl (MiniOzoneClusterImpl.java:lambda$waitForClusterToBeReady$0(219)) - Waiting for cluster to exit safe mode
2022-08-03 01:58:50,742 [Listener at 127.0.0.1/36513] INFO  ozone.MiniOzoneClusterImpl (MiniOzoneClusterImpl.java:lambda$waitForClusterToBeReady$0(221)) - SCM became leader
2022-08-03 01:58:50,746 [pool-817-thread-1] INFO  storage.RaftStorage (RaftStorageImpl.java:format(89)) - Storage directory /home/runner/work/ozone/ozone/hadoop-ozone/integration-test/target/test-dir/MiniOzoneClusterImpl-2737617e-ba4a-449e-a26e-d824b2394d0e/datanode-2/data/ratis/116df100-98bb-4407-8dc7-c5b540c5aaad has been successfully formatted.
2022-08-03 01:58:50,747 [pool-817-thread-1] INFO  ratis.ContainerStateMachine (ContainerStateMachine.java:loadSnapshot(236)) - group-C5B540C5AAAD: The snapshot info is null. Setting the last applied indexto:(t:0, i:~)
2022-08-03 01:58:50,747 [pool-817-thread-1] INFO  server.RaftServerConfigKeys (ConfUtils.java:logGet(46)) - raft.server.notification.no-leader.timeout = 300s (custom)
2022-08-03 01:58:50,747 [pool-817-thread-1] INFO  server.RaftServerConfigKeys (ConfUtils.java:logGet(46)) - raft.server.log.use.memory = false (default)
2022-08-03 01:58:50,747 [pool-817-thread-1] INFO  server.RaftServerConfigKeys (ConfUtils.java:logGet(46)) - raft.server.log.purge.gap = 1000000 (custom)
2022-08-03 01:58:50,747 [pool-817-thread-1] INFO  server.RaftServerConfigKeys (ConfUtils.java:logGet(46)) - raft.server.log.appender.buffer.byte-limit = 33554432 (custom)
2022-08-03 01:58:50,747 [pool-817-thread-1] INFO  server.RaftServerConfigKeys (ConfUtils.java:logGet(46)) - raft.server.log.statemachine.data.read.timeout = 1000ms (default)
2022-08-03 01:58:50,747 [pool-817-thread-1] INFO  server.RaftServerConfigKeys (ConfUtils.java:logGet(46)) - raft.server.log.segment.size.max = 1048576 (custom)
2022-08-03 01:58:50,748 [pool-817-thread-1] INFO  server.RaftServerConfigKeys (ConfUtils.java:logGet(46)) - raft.server.log.segment.cache.num.max = 2 (custom)
2022-08-03 01:58:50,748 [pool-817-thread-1] INFO  server.RaftServerConfigKeys (ConfUtils.java:logGet(46)) - raft.server.log.segment.cache.size.max = 200MB (=209715200) (default)
2022-08-03 01:58:50,748 [pool-817-thread-1] INFO  segmented.SegmentedRaftLogWorker (SegmentedRaftLogWorker.java:<init>(187)) - new c824bff0-102b-4ceb-889e-e8d339be5886@group-C5B540C5AAAD-SegmentedRaftLogWorker for RaftStorageImpl:Storage Directory /home/runner/work/ozone/ozone/hadoop-ozone/integration-test/target/test-dir/MiniOzoneClusterImpl-2737617e-ba4a-449e-a26e-d824b2394d0e/datanode-2/data/ratis/116df100-98bb-4407-8dc7-c5b540c5aaad
2022-08-03 01:58:50,748 [pool-817-thread-1] INFO  server.RaftServerConfigKeys (ConfUtils.java:logGet(46)) - raft.server.log.queue.byte-limit = 4294967296 (custom)
2022-08-03 01:58:50,748 [pool-817-thread-1] INFO  server.RaftServerConfigKeys (ConfUtils.java:logGet(46)) - raft.server.log.queue.element-limit = 1024 (custom)
2022-08-03 01:58:50,748 [pool-817-thread-1] INFO  server.RaftServerConfigKeys (ConfUtils.java:logGet(46)) - raft.server.log.segment.size.max = 1048576 (custom)
2022-08-03 01:58:50,748 [pool-817-thread-1] INFO  server.RaftServerConfigKeys (ConfUtils.java:logGet(46)) - raft.server.log.preallocated.size = 16384 (custom)
2022-08-03 01:58:50,780 [pool-817-thread-1] INFO  server.RaftServerConfigKeys (ConfUtils.java:logGet(46)) - raft.server.log.force.sync.num = 128 (default)
2022-08-03 01:58:50,781 [pool-817-thread-1] INFO  server.RaftServerConfigKeys (ConfUtils.java:logGet(46)) - raft.server.log.statemachine.data.sync = true (default)
2022-08-03 01:58:50,781 [pool-817-thread-1] INFO  server.RaftServerConfigKeys (ConfUtils.java:logGet(46)) - raft.server.log.statemachine.data.sync.timeout = 10s (default)
2022-08-03 01:58:50,781 [pool-817-thread-1] INFO  server.RaftServerConfigKeys (ConfUtils.java:logGet(46)) - raft.server.log.statemachine.data.sync.timeout.retry = -1 (default)
2022-08-03 01:58:50,782 [pool-817-thread-1] INFO  server.RaftServerConfigKeys (ConfUtils.java:logGet(46)) - raft.server.log.write.buffer.size = 1048576 (custom)
2022-08-03 01:58:50,782 [pool-817-thread-1] INFO  server.RaftServerConfigKeys (ConfUtils.java:logGet(46)) - raft.server.log.unsafe-flush.enabled = false (default)
2022-08-03 01:58:50,782 [pool-817-thread-1] INFO  server.RaftServerConfigKeys (ConfUtils.java:logGet(46)) - raft.server.log.statemachine.data.caching.enabled = true (custom)
2022-08-03 01:58:50,782 [pool-817-thread-1] INFO  segmented.SegmentedRaftLogWorker (SegmentedRaftLogWorker.java:lambda$new$0(135)) - c824bff0-102b-4ceb-889e-e8d339be5886@group-C5B540C5AAAD-SegmentedRaftLogWorker: flushIndex: setUnconditionally 0 -> -1
2022-08-03 01:58:50,783 [pool-817-thread-1] INFO  segmented.SegmentedRaftLogWorker (SegmentedRaftLogWorker.java:lambda$new$0(135)) - c824bff0-102b-4ceb-889e-e8d339be5886@group-C5B540C5AAAD-SegmentedRaftLogWorker: safeCacheEvictIndex: setUnconditionally 0 -> -1
2022-08-03 01:58:50,798 [pool-817-thread-1] INFO  server.RaftServerConfigKeys (ConfUtils.java:logGet(46)) - raft.server.snapshot.auto.trigger.enabled = true (custom)
2022-08-03 01:58:50,798 [pool-817-thread-1] INFO  server.RaftServerConfigKeys (ConfUtils.java:logGet(46)) - raft.server.snapshot.auto.trigger.threshold = 10000 (custom)
2022-08-03 01:58:50,798 [pool-817-thread-1] INFO  server.RaftServerConfigKeys (ConfUtils.java:logGet(46)) - raft.server.snapshot.retention.file.num = 5 (custom)
2022-08-03 01:58:50,798 [pool-817-thread-1] INFO  server.RaftServerConfigKeys (ConfUtils.java:logGet(46)) - raft.server.log.purge.upto.snapshot.index = false (default)
2022-08-03 01:58:50,798 [pool-817-thread-1] INFO  server.RaftServerConfigKeys (ConfUtils.java:logGet(46)) - raft.server.retrycache.expirytime = 600000ms (custom)
2022-08-03 01:58:50,798 [pool-817-thread-1] INFO  server.RaftServerConfigKeys (ConfUtils.java:logGet(46)) - raft.server.retrycache.statistics.expirytime = 100μs (default)
2022-08-03 01:58:50,799 [pool-817-thread-1] INFO  server.RaftServerConfigKeys (ConfUtils.java:logGet(46)) - raft.server.log.appender.install.snapshot.enabled = false (custom)
2022-08-03 01:58:50,799 [pool-817-thread-1] INFO  server.RaftServerConfigKeys (ConfUtils.java:logGet(46)) - raft.server.threadpool.server.cached = true (default)
2022-08-03 01:58:50,800 [pool-817-thread-1] INFO  server.RaftServerConfigKeys (ConfUtils.java:logGet(46)) - raft.server.threadpool.server.size = 0 (default)
2022-08-03 01:58:50,800 [pool-817-thread-1] INFO  server.RaftServerConfigKeys (ConfUtils.java:logGet(46)) - raft.server.threadpool.client.cached = true (default)
2022-08-03 01:58:50,800 [pool-817-thread-1] INFO  server.RaftServerConfigKeys (ConfUtils.java:logGet(46)) - raft.server.threadpool.client.size = 0 (default)
2022-08-03 01:58:50,800 [pool-817-thread-1] INFO  server.RaftServer$Division (RaftServerImpl.java:start(310)) - c824bff0-102b-4ceb-889e-e8d339be5886@group-C5B540C5AAAD: start as a follower, conf=-1: [c824bff0-102b-4ceb-889e-e8d339be5886|rpc:10.1.0.23:39825|dataStream:|priority:0, 3f997eb7-6b59-43fe-9bb3-f29f42755580|rpc:10.1.0.23:40985|dataStream:|priority:1, 986bf7ce-700a-46a1-ab88-e0e38b862364|rpc:10.1.0.23:35665|dataStream:|priority:0], old=null
2022-08-03 01:58:50,800 [pool-817-thread-1] INFO  server.RaftServer$Division (RaftServerImpl.java:setRole(299)) - c824bff0-102b-4ceb-889e-e8d339be5886@group-C5B540C5AAAD: changes role from      null to FOLLOWER at term 0 for startAsFollower
2022-08-03 01:58:50,800 [pool-817-thread-1] INFO  impl.RoleInfo (RoleInfo.java:updateAndGet(139)) - c824bff0-102b-4ceb-889e-e8d339be5886: start c824bff0-102b-4ceb-889e-e8d339be5886@group-C5B540C5AAAD-FollowerState
2022-08-03 01:58:50,816 [pool-817-thread-1] INFO  util.JmxRegister (JmxRegister.java:tryRegister(44)) - Successfully registered JMX Bean with object name Ratis:service=RaftServer,group=group-C5B540C5AAAD,id=c824bff0-102b-4ceb-889e-e8d339be5886
2022-08-03 01:58:50,869 [Command processor thread] INFO  commandhandler.CreatePipelineCommandHandler (CreatePipelineCommandHandler.java:handle(113)) - Created Pipeline RATIS THREE PipelineID=116df100-98bb-4407-8dc7-c5b540c5aaad.
2022-08-03 01:58:50,870 [Command processor thread] INFO  server.RaftServer (RaftServerProxy.java:addNew(96)) - 986bf7ce-700a-46a1-ab88-e0e38b862364: addNew group-87E6F9D73CDC:[c824bff0-102b-4ceb-889e-e8d339be5886|rpc:10.1.0.23:39825|priority:1, 3f997eb7-6b59-43fe-9bb3-f29f42755580|rpc:10.1.0.23:40985|priority:0, 986bf7ce-700a-46a1-ab88-e0e38b862364|rpc:10.1.0.23:35665|priority:0] returns group-87E6F9D73CDC:java.util.concurrent.CompletableFuture@435cea87[Not completed]
2022-08-03 01:58:50,870 [pool-771-thread-1] INFO  server.RaftServer$Division (RaftServerImpl.java:<init>(190)) - 986bf7ce-700a-46a1-ab88-e0e38b862364: new RaftServerImpl for group-87E6F9D73CDC:[c824bff0-102b-4ceb-889e-e8d339be5886|rpc:10.1.0.23:39825|priority:1, 3f997eb7-6b59-43fe-9bb3-f29f42755580|rpc:10.1.0.23:40985|priority:0, 986bf7ce-700a-46a1-ab88-e0e38b862364|rpc:10.1.0.23:35665|priority:0] with ContainerStateMachine:uninitialized
2022-08-03 01:58:50,871 [pool-771-thread-1] INFO  server.RaftServerConfigKeys (ConfUtils.java:logGet(46)) - raft.server.rpc.timeout.min = 5s (custom)
2022-08-03 01:58:50,871 [pool-771-thread-1] INFO  server.RaftServerConfigKeys (ConfUtils.java:logGet(46)) - raft.server.rpc.timeout.max = 5200ms (custom)
2022-08-03 01:58:50,871 [pool-771-thread-1] INFO  server.RaftServerConfigKeys (ConfUtils.java:logGet(46)) - raft.server.rpc.sleep.time = 25ms (default)
2022-08-03 01:58:50,871 [pool-771-thread-1] INFO  server.RaftServerConfigKeys (ConfUtils.java:logGet(46)) - raft.server.rpc.slowness.timeout = 300s (custom)
2022-08-03 01:58:50,871 [pool-771-thread-1] INFO  server.RaftServerConfigKeys (ConfUtils.java:logGet(46)) - raft.server.leaderelection.leader.step-down.wait-time = 10s (default)
2022-08-03 01:58:50,871 [pool-771-thread-1] INFO  server.RaftServerConfigKeys (ConfUtils.java:logGet(46)) - raft.server.sleep.deviation.threshold = 300ms (default)
2022-08-03 01:58:50,871 [pool-771-thread-1] INFO  server.RaftServer$Division (ServerState.java:<init>(107)) - 986bf7ce-700a-46a1-ab88-e0e38b862364@group-87E6F9D73CDC: ConfigurationManager, init=-1: [c824bff0-102b-4ceb-889e-e8d339be5886|rpc:10.1.0.23:39825|priority:1, 3f997eb7-6b59-43fe-9bb3-f29f42755580|rpc:10.1.0.23:40985|priority:0, 986bf7ce-700a-46a1-ab88-e0e38b862364|rpc:10.1.0.23:35665|priority:0], old=null, confs=<EMPTY_MAP>
2022-08-03 01:58:50,871 [pool-771-thread-1] INFO  server.RaftServerConfigKeys (ConfUtils.java:logGet(46)) - raft.server.storage.dir = [/home/runner/work/ozone/ozone/hadoop-ozone/integration-test/target/test-dir/MiniOzoneClusterImpl-2737617e-ba4a-449e-a26e-d824b2394d0e/datanode-0/data/ratis] (custom)
2022-08-03 01:58:50,871 [pool-771-thread-1] INFO  server.RaftServerConfigKeys (ConfUtils.java:logGet(46)) - raft.server.log.corruption.policy = EXCEPTION (default)
2022-08-03 01:58:50,871 [pool-771-thread-1] INFO  server.RaftServerConfigKeys (ConfUtils.java:logGet(46)) - raft.server.storage.free-space.min = 0MB (=0) (default)
2022-08-03 01:58:50,871 [pool-771-thread-1] INFO  storage.RaftStorageDirectory (RaftStorageDirectoryImpl.java:analyzeStorage(135)) - The storage directory /home/runner/work/ozone/ozone/hadoop-ozone/integration-test/target/test-dir/MiniOzoneClusterImpl-2737617e-ba4a-449e-a26e-d824b2394d0e/datanode-0/data/ratis/650f1157-2c79-4538-849f-87e6f9d73cdc does not exist. Creating ...
2022-08-03 01:58:50,874 [pool-771-thread-1] INFO  storage.RaftStorageDirectory (RaftStorageDirectoryImpl.java:tryLock(230)) - Lock on /home/runner/work/ozone/ozone/hadoop-ozone/integration-test/target/test-dir/MiniOzoneClusterImpl-2737617e-ba4a-449e-a26e-d824b2394d0e/datanode-0/data/ratis/650f1157-2c79-4538-849f-87e6f9d73cdc/in_use.lock acquired by nodename 17687@fv-az199-929
2022-08-03 01:58:50,882 [pool-771-thread-1] INFO  storage.RaftStorage (RaftStorageImpl.java:format(89)) - Storage directory /home/runner/work/ozone/ozone/hadoop-ozone/integration-test/target/test-dir/MiniOzoneClusterImpl-2737617e-ba4a-449e-a26e-d824b2394d0e/datanode-0/data/ratis/650f1157-2c79-4538-849f-87e6f9d73cdc has been successfully formatted.
2022-08-03 01:58:50,883 [EventQueue-OpenPipelineForHealthyPipelineSafeModeRule] INFO  safemode.SCMSafeModeManager (HealthyPipelineSafeModeRule.java:process(137)) - SCM in safe mode. Healthy pipelines reported count is 0, required healthy pipeline reported count is 1
2022-08-03 01:58:50,883 [pool-771-thread-1] INFO  ratis.ContainerStateMachine (ContainerStateMachine.java:loadSnapshot(236)) - group-87E6F9D73CDC: The snapshot info is null. Setting the last applied indexto:(t:0, i:~)
2022-08-03 01:58:50,883 [pool-771-thread-1] INFO  server.RaftServerConfigKeys (ConfUtils.java:logGet(46)) - raft.server.notification.no-leader.timeout = 300s (custom)
2022-08-03 01:58:50,883 [pool-771-thread-1] INFO  server.RaftServerConfigKeys (ConfUtils.java:logGet(46)) - raft.server.log.use.memory = false (default)
2022-08-03 01:58:50,883 [pool-771-thread-1] INFO  server.RaftServerConfigKeys (ConfUtils.java:logGet(46)) - raft.server.log.purge.gap = 1000000 (custom)
2022-08-03 01:58:50,883 [pool-771-thread-1] INFO  server.RaftServerConfigKeys (ConfUtils.java:logGet(46)) - raft.server.log.appender.buffer.byte-limit = 33554432 (custom)
2022-08-03 01:58:50,883 [pool-771-thread-1] INFO  server.RaftServerConfigKeys (ConfUtils.java:logGet(46)) - raft.server.log.statemachine.data.read.timeout = 1000ms (default)
2022-08-03 01:58:50,884 [pool-771-thread-1] INFO  server.RaftServerConfigKeys (ConfUtils.java:logGet(46)) - raft.server.log.segment.size.max = 1048576 (custom)
2022-08-03 01:58:50,884 [pool-771-thread-1] INFO  server.RaftServerConfigKeys (ConfUtils.java:logGet(46)) - raft.server.log.segment.cache.num.max = 2 (custom)
2022-08-03 01:58:50,884 [pool-771-thread-1] INFO  server.RaftServerConfigKeys (ConfUtils.java:logGet(46)) - raft.server.log.segment.cache.size.max = 200MB (=209715200) (default)
2022-08-03 01:58:50,888 [pool-771-thread-1] INFO  segmented.SegmentedRaftLogWorker (SegmentedRaftLogWorker.java:<init>(187)) - new 986bf7ce-700a-46a1-ab88-e0e38b862364@group-87E6F9D73CDC-SegmentedRaftLogWorker for RaftStorageImpl:Storage Directory /home/runner/work/ozone/ozone/hadoop-ozone/integration-test/target/test-dir/MiniOzoneClusterImpl-2737617e-ba4a-449e-a26e-d824b2394d0e/datanode-0/data/ratis/650f1157-2c79-4538-849f-87e6f9d73cdc
2022-08-03 01:58:50,888 [pool-771-thread-1] INFO  server.RaftServerConfigKeys (ConfUtils.java:logGet(46)) - raft.server.log.queue.byte-limit = 4294967296 (custom)
2022-08-03 01:58:50,888 [pool-771-thread-1] INFO  server.RaftServerConfigKeys (ConfUtils.java:logGet(46)) - raft.server.log.queue.element-limit = 1024 (custom)
2022-08-03 01:58:50,889 [pool-771-thread-1] INFO  server.RaftServerConfigKeys (ConfUtils.java:logGet(46)) - raft.server.log.segment.size.max = 1048576 (custom)
2022-08-03 01:58:50,889 [pool-771-thread-1] INFO  server.RaftServerConfigKeys (ConfUtils.java:logGet(46)) - raft.server.log.preallocated.size = 16384 (custom)
2022-08-03 01:58:50,889 [pool-771-thread-1] INFO  server.RaftServerConfigKeys (ConfUtils.java:logGet(46)) - raft.server.log.force.sync.num = 128 (default)
2022-08-03 01:58:50,889 [pool-771-thread-1] INFO  server.RaftServerConfigKeys (ConfUtils.java:logGet(46)) - raft.server.log.statemachine.data.sync = true (default)
2022-08-03 01:58:50,889 [pool-771-thread-1] INFO  server.RaftServerConfigKeys (ConfUtils.java:logGet(46)) - raft.server.log.statemachine.data.sync.timeout = 10s (default)
2022-08-03 01:58:50,889 [pool-771-thread-1] INFO  server.RaftServerConfigKeys (ConfUtils.java:logGet(46)) - raft.server.log.statemachine.data.sync.timeout.retry = -1 (default)
2022-08-03 01:58:50,890 [pool-771-thread-1] INFO  server.RaftServerConfigKeys (ConfUtils.java:logGet(46)) - raft.server.log.write.buffer.size = 1048576 (custom)
2022-08-03 01:58:50,891 [pool-771-thread-1] INFO  server.RaftServerConfigKeys (ConfUtils.java:logGet(46)) - raft.server.log.unsafe-flush.enabled = false (default)
2022-08-03 01:58:50,891 [pool-771-thread-1] INFO  server.RaftServerConfigKeys (ConfUtils.java:logGet(46)) - raft.server.log.statemachine.data.caching.enabled = true (custom)
2022-08-03 01:58:50,891 [pool-771-thread-1] INFO  segmented.SegmentedRaftLogWorker (SegmentedRaftLogWorker.java:lambda$new$0(135)) - 986bf7ce-700a-46a1-ab88-e0e38b862364@group-87E6F9D73CDC-SegmentedRaftLogWorker: flushIndex: setUnconditionally 0 -> -1
2022-08-03 01:58:50,891 [pool-771-thread-1] INFO  segmented.SegmentedRaftLogWorker (SegmentedRaftLogWorker.java:lambda$new$0(135)) - 986bf7ce-700a-46a1-ab88-e0e38b862364@group-87E6F9D73CDC-SegmentedRaftLogWorker: safeCacheEvictIndex: setUnconditionally 0 -> -1
2022-08-03 01:58:50,905 [pool-771-thread-1] INFO  server.RaftServerConfigKeys (ConfUtils.java:logGet(46)) - raft.server.snapshot.auto.trigger.enabled = true (custom)
2022-08-03 01:58:50,905 [pool-771-thread-1] INFO  server.RaftServerConfigKeys (ConfUtils.java:logGet(46)) - raft.server.snapshot.auto.trigger.threshold = 10000 (custom)
2022-08-03 01:58:50,905 [pool-771-thread-1] INFO  server.RaftServerConfigKeys (ConfUtils.java:logGet(46)) - raft.server.snapshot.retention.file.num = 5 (custom)
2022-08-03 01:58:50,905 [pool-771-thread-1] INFO  server.RaftServerConfigKeys (ConfUtils.java:logGet(46)) - raft.server.log.purge.upto.snapshot.index = false (default)
2022-08-03 01:58:50,905 [pool-771-thread-1] INFO  server.RaftServerConfigKeys (ConfUtils.java:logGet(46)) - raft.server.retrycache.expirytime = 600000ms (custom)
2022-08-03 01:58:50,905 [pool-771-thread-1] INFO  server.RaftServerConfigKeys (ConfUtils.java:logGet(46)) - raft.server.retrycache.statistics.expirytime = 100μs (default)
2022-08-03 01:58:50,907 [pool-771-thread-1] INFO  server.RaftServerConfigKeys (ConfUtils.java:logGet(46)) - raft.server.log.appender.install.snapshot.enabled = false (custom)
2022-08-03 01:58:50,907 [pool-771-thread-1] INFO  server.RaftServerConfigKeys (ConfUtils.java:logGet(46)) - raft.server.threadpool.server.cached = true (default)
2022-08-03 01:58:50,907 [pool-771-thread-1] INFO  server.RaftServerConfigKeys (ConfUtils.java:logGet(46)) - raft.server.threadpool.server.size = 0 (default)
2022-08-03 01:58:50,907 [pool-771-thread-1] INFO  server.RaftServerConfigKeys (ConfUtils.java:logGet(46)) - raft.server.threadpool.client.cached = true (default)
2022-08-03 01:58:50,907 [pool-771-thread-1] INFO  server.RaftServerConfigKeys (ConfUtils.java:logGet(46)) - raft.server.threadpool.client.size = 0 (default)
2022-08-03 01:58:50,907 [pool-771-thread-1] INFO  server.RaftServer$Division (RaftServerImpl.java:start(310)) - 986bf7ce-700a-46a1-ab88-e0e38b862364@group-87E6F9D73CDC: start as a follower, conf=-1: [c824bff0-102b-4ceb-889e-e8d339be5886|rpc:10.1.0.23:39825|priority:1, 3f997eb7-6b59-43fe-9bb3-f29f42755580|rpc:10.1.0.23:40985|priority:0, 986bf7ce-700a-46a1-ab88-e0e38b862364|rpc:10.1.0.23:35665|priority:0], old=null
2022-08-03 01:58:50,907 [pool-771-thread-1] INFO  server.RaftServer$Division (RaftServerImpl.java:setRole(299)) - 986bf7ce-700a-46a1-ab88-e0e38b862364@group-87E6F9D73CDC: changes role from      null to FOLLOWER at term 0 for startAsFollower
2022-08-03 01:58:50,907 [pool-771-thread-1] INFO  impl.RoleInfo (RoleInfo.java:updateAndGet(139)) - 986bf7ce-700a-46a1-ab88-e0e38b862364: start 986bf7ce-700a-46a1-ab88-e0e38b862364@group-87E6F9D73CDC-FollowerState
2022-08-03 01:58:50,908 [pool-771-thread-1] INFO  util.JmxRegister (JmxRegister.java:tryRegister(44)) - Successfully registered JMX Bean with object name Ratis:service=RaftServer,group=group-87E6F9D73CDC,id=986bf7ce-700a-46a1-ab88-e0e38b862364
2022-08-03 01:58:50,928 [Command processor thread] INFO  ratis.XceiverServerRatis (XceiverServerRatis.java:addGroup(765)) - Created group PipelineID=650f1157-2c79-4538-849f-87e6f9d73cdc
2022-08-03 01:58:50,997 [grpc-default-executor-0] INFO  server.RaftServer (RaftServerProxy.java:addNew(96)) - 3f997eb7-6b59-43fe-9bb3-f29f42755580: addNew group-87E6F9D73CDC:[c824bff0-102b-4ceb-889e-e8d339be5886|rpc:10.1.0.23:39825|dataStream:|priority:1, 3f997eb7-6b59-43fe-9bb3-f29f42755580|rpc:10.1.0.23:40985|dataStream:|priority:0, 986bf7ce-700a-46a1-ab88-e0e38b862364|rpc:10.1.0.23:35665|dataStream:|priority:0] returns group-87E6F9D73CDC:java.util.concurrent.CompletableFuture@1f3808fc[Not completed]
2022-08-03 01:58:50,997 [pool-794-thread-1] INFO  server.RaftServer$Division (RaftServerImpl.java:<init>(190)) - 3f997eb7-6b59-43fe-9bb3-f29f42755580: new RaftServerImpl for group-87E6F9D73CDC:[c824bff0-102b-4ceb-889e-e8d339be5886|rpc:10.1.0.23:39825|dataStream:|priority:1, 3f997eb7-6b59-43fe-9bb3-f29f42755580|rpc:10.1.0.23:40985|dataStream:|priority:0, 986bf7ce-700a-46a1-ab88-e0e38b862364|rpc:10.1.0.23:35665|dataStream:|priority:0] with ContainerStateMachine:uninitialized
2022-08-03 01:58:50,997 [pool-794-thread-1] INFO  server.RaftServerConfigKeys (ConfUtils.java:logGet(46)) - raft.server.rpc.timeout.min = 5s (custom)
2022-08-03 01:58:50,997 [pool-794-thread-1] INFO  server.RaftServerConfigKeys (ConfUtils.java:logGet(46)) - raft.server.rpc.timeout.max = 5200ms (custom)
2022-08-03 01:58:50,997 [pool-794-thread-1] INFO  server.RaftServerConfigKeys (ConfUtils.java:logGet(46)) - raft.server.rpc.sleep.time = 25ms (default)
2022-08-03 01:58:50,997 [pool-794-thread-1] INFO  server.RaftServerConfigKeys (ConfUtils.java:logGet(46)) - raft.server.rpc.slowness.timeout = 300s (custom)
2022-08-03 01:58:50,998 [pool-794-thread-1] INFO  server.RaftServerConfigKeys (ConfUtils.java:logGet(46)) - raft.server.leaderelection.leader.step-down.wait-time = 10s (default)
2022-08-03 01:58:50,998 [pool-794-thread-1] INFO  server.RaftServerConfigKeys (ConfUtils.java:logGet(46)) - raft.server.sleep.deviation.threshold = 300ms (default)
2022-08-03 01:58:50,998 [pool-794-thread-1] INFO  server.RaftServer$Division (ServerState.java:<init>(107)) - 3f997eb7-6b59-43fe-9bb3-f29f42755580@group-87E6F9D73CDC: ConfigurationManager, init=-1: [c824bff0-102b-4ceb-889e-e8d339be5886|rpc:10.1.0.23:39825|dataStream:|priority:1, 3f997eb7-6b59-43fe-9bb3-f29f42755580|rpc:10.1.0.23:40985|dataStream:|priority:0, 986bf7ce-700a-46a1-ab88-e0e38b862364|rpc:10.1.0.23:35665|dataStream:|priority:0], old=null, confs=<EMPTY_MAP>
2022-08-03 01:58:50,998 [pool-794-thread-1] INFO  server.RaftServerConfigKeys (ConfUtils.java:logGet(46)) - raft.server.storage.dir = [/home/runner/work/ozone/ozone/hadoop-ozone/integration-test/target/test-dir/MiniOzoneClusterImpl-2737617e-ba4a-449e-a26e-d824b2394d0e/datanode-1/data/ratis] (custom)
2022-08-03 01:58:50,998 [pool-794-thread-1] INFO  server.RaftServerConfigKeys (ConfUtils.java:logGet(46)) - raft.server.log.corruption.policy = EXCEPTION (default)
2022-08-03 01:58:50,998 [pool-794-thread-1] INFO  server.RaftServerConfigKeys (ConfUtils.java:logGet(46)) - raft.server.storage.free-space.min = 0MB (=0) (default)
2022-08-03 01:58:50,998 [pool-794-thread-1] INFO  storage.RaftStorageDirectory (RaftStorageDirectoryImpl.java:analyzeStorage(135)) - The storage directory /home/runner/work/ozone/ozone/hadoop-ozone/integration-test/target/test-dir/MiniOzoneClusterImpl-2737617e-ba4a-449e-a26e-d824b2394d0e/datanode-1/data/ratis/650f1157-2c79-4538-849f-87e6f9d73cdc does not exist. Creating ...
2022-08-03 01:58:51,012 [pool-794-thread-1] INFO  storage.RaftStorageDirectory (RaftStorageDirectoryImpl.java:tryLock(230)) - Lock on /home/runner/work/ozone/ozone/hadoop-ozone/integration-test/target/test-dir/MiniOzoneClusterImpl-2737617e-ba4a-449e-a26e-d824b2394d0e/datanode-1/data/ratis/650f1157-2c79-4538-849f-87e6f9d73cdc/in_use.lock acquired by nodename 17687@fv-az199-929
2022-08-03 01:58:51,024 [pool-794-thread-1] INFO  storage.RaftStorage (RaftStorageImpl.java:format(89)) - Storage directory /home/runner/work/ozone/ozone/hadoop-ozone/integration-test/target/test-dir/MiniOzoneClusterImpl-2737617e-ba4a-449e-a26e-d824b2394d0e/datanode-1/data/ratis/650f1157-2c79-4538-849f-87e6f9d73cdc has been successfully formatted.
2022-08-03 01:58:51,025 [pool-794-thread-1] INFO  ratis.ContainerStateMachine (ContainerStateMachine.java:loadSnapshot(236)) - group-87E6F9D73CDC: The snapshot info is null. Setting the last applied indexto:(t:0, i:~)
2022-08-03 01:58:51,026 [pool-794-thread-1] INFO  server.RaftServerConfigKeys (ConfUtils.java:logGet(46)) - raft.server.notification.no-leader.timeout = 300s (custom)
2022-08-03 01:58:51,026 [pool-794-thread-1] INFO  server.RaftServerConfigKeys (ConfUtils.java:logGet(46)) - raft.server.log.use.memory = false (default)
2022-08-03 01:58:51,026 [pool-794-thread-1] INFO  server.RaftServerConfigKeys (ConfUtils.java:logGet(46)) - raft.server.log.purge.gap = 1000000 (custom)
2022-08-03 01:58:51,026 [pool-794-thread-1] INFO  server.RaftServerConfigKeys (ConfUtils.java:logGet(46)) - raft.server.log.appender.buffer.byte-limit = 33554432 (custom)
2022-08-03 01:58:51,026 [pool-794-thread-1] INFO  server.RaftServerConfigKeys (ConfUtils.java:logGet(46)) - raft.server.log.statemachine.data.read.timeout = 1000ms (default)
2022-08-03 01:58:51,027 [pool-794-thread-1] INFO  server.RaftServerConfigKeys (ConfUtils.java:logGet(46)) - raft.server.log.segment.size.max = 1048576 (custom)
2022-08-03 01:58:51,028 [pool-794-thread-1] INFO  server.RaftServerConfigKeys (ConfUtils.java:logGet(46)) - raft.server.log.segment.cache.num.max = 2 (custom)
2022-08-03 01:58:51,028 [pool-794-thread-1] INFO  server.RaftServerConfigKeys (ConfUtils.java:logGet(46)) - raft.server.log.segment.cache.size.max = 200MB (=209715200) (default)
2022-08-03 01:58:51,028 [pool-794-thread-1] INFO  segmented.SegmentedRaftLogWorker (SegmentedRaftLogWorker.java:<init>(187)) - new 3f997eb7-6b59-43fe-9bb3-f29f42755580@group-87E6F9D73CDC-SegmentedRaftLogWorker for RaftStorageImpl:Storage Directory /home/runner/work/ozone/ozone/hadoop-ozone/integration-test/target/test-dir/MiniOzoneClusterImpl-2737617e-ba4a-449e-a26e-d824b2394d0e/datanode-1/data/ratis/650f1157-2c79-4538-849f-87e6f9d73cdc
2022-08-03 01:58:51,028 [pool-794-thread-1] INFO  server.RaftServerConfigKeys (ConfUtils.java:logGet(46)) - raft.server.log.queue.byte-limit = 4294967296 (custom)
2022-08-03 01:58:51,028 [pool-794-thread-1] INFO  server.RaftServerConfigKeys (ConfUtils.java:logGet(46)) - raft.server.log.queue.element-limit = 1024 (custom)
2022-08-03 01:58:51,028 [pool-794-thread-1] INFO  server.RaftServerConfigKeys (ConfUtils.java:logGet(46)) - raft.server.log.segment.size.max = 1048576 (custom)
2022-08-03 01:58:51,028 [pool-794-thread-1] INFO  server.RaftServerConfigKeys (ConfUtils.java:logGet(46)) - raft.server.log.preallocated.size = 16384 (custom)
2022-08-03 01:58:51,028 [pool-794-thread-1] INFO  server.RaftServerConfigKeys (ConfUtils.java:logGet(46)) - raft.server.log.force.sync.num = 128 (default)
2022-08-03 01:58:51,028 [pool-794-thread-1] INFO  server.RaftServerConfigKeys (ConfUtils.java:logGet(46)) - raft.server.log.statemachine.data.sync = true (default)
2022-08-03 01:58:51,028 [pool-794-thread-1] INFO  server.RaftServerConfigKeys (ConfUtils.java:logGet(46)) - raft.server.log.statemachine.data.sync.timeout = 10s (default)
2022-08-03 01:58:51,028 [pool-794-thread-1] INFO  server.RaftServerConfigKeys (ConfUtils.java:logGet(46)) - raft.server.log.statemachine.data.sync.timeout.retry = -1 (default)
2022-08-03 01:58:51,029 [pool-794-thread-1] INFO  server.RaftServerConfigKeys (ConfUtils.java:logGet(46)) - raft.server.log.write.buffer.size = 1048576 (custom)
2022-08-03 01:58:51,030 [pool-794-thread-1] INFO  server.RaftServerConfigKeys (ConfUtils.java:logGet(46)) - raft.server.log.unsafe-flush.enabled = false (default)
2022-08-03 01:58:51,030 [pool-794-thread-1] INFO  server.RaftServerConfigKeys (ConfUtils.java:logGet(46)) - raft.server.log.statemachine.data.caching.enabled = true (custom)
2022-08-03 01:58:51,031 [pool-794-thread-1] INFO  segmented.SegmentedRaftLogWorker (SegmentedRaftLogWorker.java:lambda$new$0(135)) - 3f997eb7-6b59-43fe-9bb3-f29f42755580@group-87E6F9D73CDC-SegmentedRaftLogWorker: flushIndex: setUnconditionally 0 -> -1
2022-08-03 01:58:51,031 [pool-794-thread-1] INFO  segmented.SegmentedRaftLogWorker (SegmentedRaftLogWorker.java:lambda$new$0(135)) - 3f997eb7-6b59-43fe-9bb3-f29f42755580@group-87E6F9D73CDC-SegmentedRaftLogWorker: safeCacheEvictIndex: setUnconditionally 0 -> -1
2022-08-03 01:58:51,042 [pool-794-thread-1] INFO  server.RaftServerConfigKeys (ConfUtils.java:logGet(46)) - raft.server.snapshot.auto.trigger.enabled = true (custom)
2022-08-03 01:58:51,043 [pool-794-thread-1] INFO  server.RaftServerConfigKeys (ConfUtils.java:logGet(46)) - raft.server.snapshot.auto.trigger.threshold = 10000 (custom)
2022-08-03 01:58:51,043 [pool-794-thread-1] INFO  server.RaftServerConfigKeys (ConfUtils.java:logGet(46)) - raft.server.snapshot.retention.file.num = 5 (custom)
2022-08-03 01:58:51,043 [pool-794-thread-1] INFO  server.RaftServerConfigKeys (ConfUtils.java:logGet(46)) - raft.server.log.purge.upto.snapshot.index = false (default)
2022-08-03 01:58:51,043 [pool-794-thread-1] INFO  server.RaftServerConfigKeys (ConfUtils.java:logGet(46)) - raft.server.retrycache.expirytime = 600000ms (custom)
2022-08-03 01:58:51,043 [pool-794-thread-1] INFO  server.RaftServerConfigKeys (ConfUtils.java:logGet(46)) - raft.server.retrycache.statistics.expirytime = 100μs (default)
2022-08-03 01:58:51,044 [pool-794-thread-1] INFO  server.RaftServerConfigKeys (ConfUtils.java:logGet(46)) - raft.server.log.appender.install.snapshot.enabled = false (custom)
2022-08-03 01:58:51,044 [pool-794-thread-1] INFO  server.RaftServerConfigKeys (ConfUtils.java:logGet(46)) - raft.server.threadpool.server.cached = true (default)
2022-08-03 01:58:51,044 [pool-794-thread-1] INFO  server.RaftServerConfigKeys (ConfUtils.java:logGet(46)) - raft.server.threadpool.server.size = 0 (default)
2022-08-03 01:58:51,044 [pool-794-thread-1] INFO  server.RaftServerConfigKeys (ConfUtils.java:logGet(46)) - raft.server.threadpool.client.cached = true (default)
2022-08-03 01:58:51,045 [pool-794-thread-1] INFO  server.RaftServerConfigKeys (ConfUtils.java:logGet(46)) - raft.server.threadpool.client.size = 0 (default)
2022-08-03 01:58:51,045 [pool-794-thread-1] INFO  server.RaftServer$Division (RaftServerImpl.java:start(310)) - 3f997eb7-6b59-43fe-9bb3-f29f42755580@group-87E6F9D73CDC: start as a follower, conf=-1: [c824bff0-102b-4ceb-889e-e8d339be5886|rpc:10.1.0.23:39825|dataStream:|priority:1, 3f997eb7-6b59-43fe-9bb3-f29f42755580|rpc:10.1.0.23:40985|dataStream:|priority:0, 986bf7ce-700a-46a1-ab88-e0e38b862364|rpc:10.1.0.23:35665|dataStream:|priority:0], old=null
2022-08-03 01:58:51,045 [pool-794-thread-1] INFO  server.RaftServer$Division (RaftServerImpl.java:setRole(299)) - 3f997eb7-6b59-43fe-9bb3-f29f42755580@group-87E6F9D73CDC: changes role from      null to FOLLOWER at term 0 for startAsFollower
2022-08-03 01:58:51,045 [pool-794-thread-1] INFO  impl.RoleInfo (RoleInfo.java:updateAndGet(139)) - 3f997eb7-6b59-43fe-9bb3-f29f42755580: start 3f997eb7-6b59-43fe-9bb3-f29f42755580@group-87E6F9D73CDC-FollowerState
2022-08-03 01:58:51,063 [pool-794-thread-1] INFO  util.JmxRegister (JmxRegister.java:tryRegister(44)) - Successfully registered JMX Bean with object name Ratis:service=RaftServer,group=group-87E6F9D73CDC,id=3f997eb7-6b59-43fe-9bb3-f29f42755580
2022-08-03 01:58:51,160 [grpc-default-executor-0] INFO  server.RaftServer (RaftServerProxy.java:addNew(96)) - c824bff0-102b-4ceb-889e-e8d339be5886: addNew group-87E6F9D73CDC:[c824bff0-102b-4ceb-889e-e8d339be5886|rpc:10.1.0.23:39825|dataStream:|priority:1, 3f997eb7-6b59-43fe-9bb3-f29f42755580|rpc:10.1.0.23:40985|dataStream:|priority:0, 986bf7ce-700a-46a1-ab88-e0e38b862364|rpc:10.1.0.23:35665|dataStream:|priority:0] returns group-87E6F9D73CDC:java.util.concurrent.CompletableFuture@721c7018[Not completed]
2022-08-03 01:58:51,161 [pool-817-thread-1] INFO  server.RaftServer$Division (RaftServerImpl.java:<init>(190)) - c824bff0-102b-4ceb-889e-e8d339be5886: new RaftServerImpl for group-87E6F9D73CDC:[c824bff0-102b-4ceb-889e-e8d339be5886|rpc:10.1.0.23:39825|dataStream:|priority:1, 3f997eb7-6b59-43fe-9bb3-f29f42755580|rpc:10.1.0.23:40985|dataStream:|priority:0, 986bf7ce-700a-46a1-ab88-e0e38b862364|rpc:10.1.0.23:35665|dataStream:|priority:0] with ContainerStateMachine:uninitialized
2022-08-03 01:58:51,161 [pool-817-thread-1] INFO  server.RaftServerConfigKeys (ConfUtils.java:logGet(46)) - raft.server.rpc.timeout.min = 5s (custom)
2022-08-03 01:58:51,161 [pool-817-thread-1] INFO  server.RaftServerConfigKeys (ConfUtils.java:logGet(46)) - raft.server.rpc.timeout.max = 5200ms (custom)
2022-08-03 01:58:51,161 [pool-817-thread-1] INFO  server.RaftServerConfigKeys (ConfUtils.java:logGet(46)) - raft.server.rpc.sleep.time = 25ms (default)
2022-08-03 01:58:51,161 [pool-817-thread-1] INFO  server.RaftServerConfigKeys (ConfUtils.java:logGet(46)) - raft.server.rpc.slowness.timeout = 300s (custom)
2022-08-03 01:58:51,161 [pool-817-thread-1] INFO  server.RaftServerConfigKeys (ConfUtils.java:logGet(46)) - raft.server.leaderelection.leader.step-down.wait-time = 10s (default)
2022-08-03 01:58:51,161 [pool-817-thread-1] INFO  server.RaftServerConfigKeys (ConfUtils.java:logGet(46)) - raft.server.sleep.deviation.threshold = 300ms (default)
2022-08-03 01:58:51,162 [pool-817-thread-1] INFO  server.RaftServer$Division (ServerState.java:<init>(107)) - c824bff0-102b-4ceb-889e-e8d339be5886@group-87E6F9D73CDC: ConfigurationManager, init=-1: [c824bff0-102b-4ceb-889e-e8d339be5886|rpc:10.1.0.23:39825|dataStream:|priority:1, 3f997eb7-6b59-43fe-9bb3-f29f42755580|rpc:10.1.0.23:40985|dataStream:|priority:0, 986bf7ce-700a-46a1-ab88-e0e38b862364|rpc:10.1.0.23:35665|dataStream:|priority:0], old=null, confs=<EMPTY_MAP>
2022-08-03 01:58:51,162 [pool-817-thread-1] INFO  server.RaftServerConfigKeys (ConfUtils.java:logGet(46)) - raft.server.storage.dir = [/home/runner/work/ozone/ozone/hadoop-ozone/integration-test/target/test-dir/MiniOzoneClusterImpl-2737617e-ba4a-449e-a26e-d824b2394d0e/datanode-2/data/ratis] (custom)
2022-08-03 01:58:51,162 [pool-817-thread-1] INFO  server.RaftServerConfigKeys (ConfUtils.java:logGet(46)) - raft.server.log.corruption.policy = EXCEPTION (default)
2022-08-03 01:58:51,162 [pool-817-thread-1] INFO  server.RaftServerConfigKeys (ConfUtils.java:logGet(46)) - raft.server.storage.free-space.min = 0MB (=0) (default)
2022-08-03 01:58:51,162 [pool-817-thread-1] INFO  storage.RaftStorageDirectory (RaftStorageDirectoryImpl.java:analyzeStorage(135)) - The storage directory /home/runner/work/ozone/ozone/hadoop-ozone/integration-test/target/test-dir/MiniOzoneClusterImpl-2737617e-ba4a-449e-a26e-d824b2394d0e/datanode-2/data/ratis/650f1157-2c79-4538-849f-87e6f9d73cdc does not exist. Creating ...
2022-08-03 01:58:51,171 [pool-817-thread-1] INFO  storage.RaftStorageDirectory (RaftStorageDirectoryImpl.java:tryLock(230)) - Lock on /home/runner/work/ozone/ozone/hadoop-ozone/integration-test/target/test-dir/MiniOzoneClusterImpl-2737617e-ba4a-449e-a26e-d824b2394d0e/datanode-2/data/ratis/650f1157-2c79-4538-849f-87e6f9d73cdc/in_use.lock acquired by nodename 17687@fv-az199-929
2022-08-03 01:58:51,177 [pool-817-thread-1] INFO  storage.RaftStorage (RaftStorageImpl.java:format(89)) - Storage directory /home/runner/work/ozone/ozone/hadoop-ozone/integration-test/target/test-dir/MiniOzoneClusterImpl-2737617e-ba4a-449e-a26e-d824b2394d0e/datanode-2/data/ratis/650f1157-2c79-4538-849f-87e6f9d73cdc has been successfully formatted.
2022-08-03 01:58:51,177 [pool-817-thread-1] INFO  ratis.ContainerStateMachine (ContainerStateMachine.java:loadSnapshot(236)) - group-87E6F9D73CDC: The snapshot info is null. Setting the last applied indexto:(t:0, i:~)
2022-08-03 01:58:51,178 [pool-817-thread-1] INFO  server.RaftServerConfigKeys (ConfUtils.java:logGet(46)) - raft.server.notification.no-leader.timeout = 300s (custom)
2022-08-03 01:58:51,178 [pool-817-thread-1] INFO  server.RaftServerConfigKeys (ConfUtils.java:logGet(46)) - raft.server.log.use.memory = false (default)
2022-08-03 01:58:51,178 [pool-817-thread-1] INFO  server.RaftServerConfigKeys (ConfUtils.java:logGet(46)) - raft.server.log.purge.gap = 1000000 (custom)
2022-08-03 01:58:51,178 [pool-817-thread-1] INFO  server.RaftServerConfigKeys (ConfUtils.java:logGet(46)) - raft.server.log.appender.buffer.byte-limit = 33554432 (custom)
2022-08-03 01:58:51,178 [pool-817-thread-1] INFO  server.RaftServerConfigKeys (ConfUtils.java:logGet(46)) - raft.server.log.statemachine.data.read.timeout = 1000ms (default)
2022-08-03 01:58:51,178 [pool-817-thread-1] INFO  server.RaftServerConfigKeys (ConfUtils.java:logGet(46)) - raft.server.log.segment.size.max = 1048576 (custom)
2022-08-03 01:58:51,179 [pool-817-thread-1] INFO  server.RaftServerConfigKeys (ConfUtils.java:logGet(46)) - raft.server.log.segment.cache.num.max = 2 (custom)
2022-08-03 01:58:51,179 [pool-817-thread-1] INFO  server.RaftServerConfigKeys (ConfUtils.java:logGet(46)) - raft.server.log.segment.cache.size.max = 200MB (=209715200) (default)
2022-08-03 01:58:51,179 [pool-817-thread-1] INFO  segmented.SegmentedRaftLogWorker (SegmentedRaftLogWorker.java:<init>(187)) - new c824bff0-102b-4ceb-889e-e8d339be5886@group-87E6F9D73CDC-SegmentedRaftLogWorker for RaftStorageImpl:Storage Directory /home/runner/work/ozone/ozone/hadoop-ozone/integration-test/target/test-dir/MiniOzoneClusterImpl-2737617e-ba4a-449e-a26e-d824b2394d0e/datanode-2/data/ratis/650f1157-2c79-4538-849f-87e6f9d73cdc
2022-08-03 01:58:51,179 [pool-817-thread-1] INFO  server.RaftServerConfigKeys (ConfUtils.java:logGet(46)) - raft.server.log.queue.byte-limit = 4294967296 (custom)
2022-08-03 01:58:51,179 [pool-817-thread-1] INFO  server.RaftServerConfigKeys (ConfUtils.java:logGet(46)) - raft.server.log.queue.element-limit = 1024 (custom)
2022-08-03 01:58:51,179 [pool-817-thread-1] INFO  server.RaftServerConfigKeys (ConfUtils.java:logGet(46)) - raft.server.log.segment.size.max = 1048576 (custom)
2022-08-03 01:58:51,179 [pool-817-thread-1] INFO  server.RaftServerConfigKeys (ConfUtils.java:logGet(46)) - raft.server.log.preallocated.size = 16384 (custom)
2022-08-03 01:58:51,179 [pool-817-thread-1] INFO  server.RaftServerConfigKeys (ConfUtils.java:logGet(46)) - raft.server.log.force.sync.num = 128 (default)
2022-08-03 01:58:51,179 [pool-817-thread-1] INFO  server.RaftServerConfigKeys (ConfUtils.java:logGet(46)) - raft.server.log.statemachine.data.sync = true (default)
2022-08-03 01:58:51,179 [pool-817-thread-1] INFO  server.RaftServerConfigKeys (ConfUtils.java:logGet(46)) - raft.server.log.statemachine.data.sync.timeout = 10s (default)
2022-08-03 01:58:51,179 [pool-817-thread-1] INFO  server.RaftServerConfigKeys (ConfUtils.java:logGet(46)) - raft.server.log.statemachine.data.sync.timeout.retry = -1 (default)
2022-08-03 01:58:51,185 [pool-817-thread-1] INFO  server.RaftServerConfigKeys (ConfUtils.java:logGet(46)) - raft.server.log.write.buffer.size = 1048576 (custom)
2022-08-03 01:58:51,185 [pool-817-thread-1] INFO  server.RaftServerConfigKeys (ConfUtils.java:logGet(46)) - raft.server.log.unsafe-flush.enabled = false (default)
2022-08-03 01:58:51,185 [pool-817-thread-1] INFO  server.RaftServerConfigKeys (ConfUtils.java:logGet(46)) - raft.server.log.statemachine.data.caching.enabled = true (custom)
2022-08-03 01:58:51,185 [pool-817-thread-1] INFO  segmented.SegmentedRaftLogWorker (SegmentedRaftLogWorker.java:lambda$new$0(135)) - c824bff0-102b-4ceb-889e-e8d339be5886@group-87E6F9D73CDC-SegmentedRaftLogWorker: flushIndex: setUnconditionally 0 -> -1
2022-08-03 01:58:51,185 [pool-817-thread-1] INFO  segmented.SegmentedRaftLogWorker (SegmentedRaftLogWorker.java:lambda$new$0(135)) - c824bff0-102b-4ceb-889e-e8d339be5886@group-87E6F9D73CDC-SegmentedRaftLogWorker: safeCacheEvictIndex: setUnconditionally 0 -> -1
2022-08-03 01:58:51,186 [pool-817-thread-1] INFO  server.RaftServerConfigKeys (ConfUtils.java:logGet(46)) - raft.server.snapshot.auto.trigger.enabled = true (custom)
2022-08-03 01:58:51,186 [pool-817-thread-1] INFO  server.RaftServerConfigKeys (ConfUtils.java:logGet(46)) - raft.server.snapshot.auto.trigger.threshold = 10000 (custom)
2022-08-03 01:58:51,186 [pool-817-thread-1] INFO  server.RaftServerConfigKeys (ConfUtils.java:logGet(46)) - raft.server.snapshot.retention.file.num = 5 (custom)
2022-08-03 01:58:51,186 [pool-817-thread-1] INFO  server.RaftServerConfigKeys (ConfUtils.java:logGet(46)) - raft.server.log.purge.upto.snapshot.index = false (default)
2022-08-03 01:58:51,186 [pool-817-thread-1] INFO  server.RaftServerConfigKeys (ConfUtils.java:logGet(46)) - raft.server.retrycache.expirytime = 600000ms (custom)
2022-08-03 01:58:51,186 [pool-817-thread-1] INFO  server.RaftServerConfigKeys (ConfUtils.java:logGet(46)) - raft.server.retrycache.statistics.expirytime = 100μs (default)
2022-08-03 01:58:51,188 [pool-817-thread-1] INFO  server.RaftServerConfigKeys (ConfUtils.java:logGet(46)) - raft.server.log.appender.install.snapshot.enabled = false (custom)
2022-08-03 01:58:51,188 [pool-817-thread-1] INFO  server.RaftServerConfigKeys (ConfUtils.java:logGet(46)) - raft.server.threadpool.server.cached = true (default)
2022-08-03 01:58:51,188 [pool-817-thread-1] INFO  server.RaftServerConfigKeys (ConfUtils.java:logGet(46)) - raft.server.threadpool.server.size = 0 (default)
2022-08-03 01:58:51,188 [pool-817-thread-1] INFO  server.RaftServerConfigKeys (ConfUtils.java:logGet(46)) - raft.server.threadpool.client.cached = true (default)
2022-08-03 01:58:51,188 [pool-817-thread-1] INFO  server.RaftServerConfigKeys (ConfUtils.java:logGet(46)) - raft.server.threadpool.client.size = 0 (default)
2022-08-03 01:58:51,188 [pool-817-thread-1] INFO  server.RaftServer$Division (RaftServerImpl.java:start(310)) - c824bff0-102b-4ceb-889e-e8d339be5886@group-87E6F9D73CDC: start as a follower, conf=-1: [c824bff0-102b-4ceb-889e-e8d339be5886|rpc:10.1.0.23:39825|dataStream:|priority:1, 3f997eb7-6b59-43fe-9bb3-f29f42755580|rpc:10.1.0.23:40985|dataStream:|priority:0, 986bf7ce-700a-46a1-ab88-e0e38b862364|rpc:10.1.0.23:35665|dataStream:|priority:0], old=null
2022-08-03 01:58:51,188 [pool-817-thread-1] INFO  server.RaftServer$Division (RaftServerImpl.java:setRole(299)) - c824bff0-102b-4ceb-889e-e8d339be5886@group-87E6F9D73CDC: changes role from      null to FOLLOWER at term 0 for startAsFollower
2022-08-03 01:58:51,188 [pool-817-thread-1] INFO  impl.RoleInfo (RoleInfo.java:updateAndGet(139)) - c824bff0-102b-4ceb-889e-e8d339be5886: start c824bff0-102b-4ceb-889e-e8d339be5886@group-87E6F9D73CDC-FollowerState
2022-08-03 01:58:51,202 [pool-817-thread-1] INFO  util.JmxRegister (JmxRegister.java:tryRegister(44)) - Successfully registered JMX Bean with object name Ratis:service=RaftServer,group=group-87E6F9D73CDC,id=c824bff0-102b-4ceb-889e-e8d339be5886
2022-08-03 01:58:51,254 [Command processor thread] INFO  commandhandler.CreatePipelineCommandHandler (CreatePipelineCommandHandler.java:handle(113)) - Created Pipeline RATIS THREE PipelineID=650f1157-2c79-4538-849f-87e6f9d73cdc.
2022-08-03 01:58:51,517 [Command processor thread] INFO  server.RaftServer (RaftServerProxy.java:addNew(96)) - 3f997eb7-6b59-43fe-9bb3-f29f42755580: addNew group-AB459FAF644A:[3f997eb7-6b59-43fe-9bb3-f29f42755580|rpc:10.1.0.23:40985|priority:1] returns group-AB459FAF644A:java.util.concurrent.CompletableFuture@5228c0d7[Not completed]
2022-08-03 01:58:51,518 [pool-794-thread-1] INFO  server.RaftServer$Division (RaftServerImpl.java:<init>(190)) - 3f997eb7-6b59-43fe-9bb3-f29f42755580: new RaftServerImpl for group-AB459FAF644A:[3f997eb7-6b59-43fe-9bb3-f29f42755580|rpc:10.1.0.23:40985|priority:1] with ContainerStateMachine:uninitialized
2022-08-03 01:58:51,518 [pool-794-thread-1] INFO  server.RaftServerConfigKeys (ConfUtils.java:logGet(46)) - raft.server.rpc.timeout.min = 5s (custom)
2022-08-03 01:58:51,518 [pool-794-thread-1] INFO  server.RaftServerConfigKeys (ConfUtils.java:logGet(46)) - raft.server.rpc.timeout.max = 5200ms (custom)
2022-08-03 01:58:51,518 [pool-794-thread-1] INFO  server.RaftServerConfigKeys (ConfUtils.java:logGet(46)) - raft.server.rpc.sleep.time = 25ms (default)
2022-08-03 01:58:51,518 [pool-794-thread-1] INFO  server.RaftServerConfigKeys (ConfUtils.java:logGet(46)) - raft.server.rpc.slowness.timeout = 300s (custom)
2022-08-03 01:58:51,518 [pool-794-thread-1] INFO  server.RaftServerConfigKeys (ConfUtils.java:logGet(46)) - raft.server.leaderelection.leader.step-down.wait-time = 10s (default)
2022-08-03 01:58:51,518 [pool-794-thread-1] INFO  server.RaftServerConfigKeys (ConfUtils.java:logGet(46)) - raft.server.sleep.deviation.threshold = 300ms (default)
2022-08-03 01:58:51,518 [pool-794-thread-1] INFO  server.RaftServer$Division (ServerState.java:<init>(107)) - 3f997eb7-6b59-43fe-9bb3-f29f42755580@group-AB459FAF644A: ConfigurationManager, init=-1: [3f997eb7-6b59-43fe-9bb3-f29f42755580|rpc:10.1.0.23:40985|priority:1], old=null, confs=<EMPTY_MAP>
2022-08-03 01:58:51,518 [pool-794-thread-1] INFO  server.RaftServerConfigKeys (ConfUtils.java:logGet(46)) - raft.server.storage.dir = [/home/runner/work/ozone/ozone/hadoop-ozone/integration-test/target/test-dir/MiniOzoneClusterImpl-2737617e-ba4a-449e-a26e-d824b2394d0e/datanode-1/data/ratis] (custom)
2022-08-03 01:58:51,518 [pool-794-thread-1] INFO  server.RaftServerConfigKeys (ConfUtils.java:logGet(46)) - raft.server.log.corruption.policy = EXCEPTION (default)
2022-08-03 01:58:51,518 [pool-794-thread-1] INFO  server.RaftServerConfigKeys (ConfUtils.java:logGet(46)) - raft.server.storage.free-space.min = 0MB (=0) (default)
2022-08-03 01:58:51,518 [pool-794-thread-1] INFO  storage.RaftStorageDirectory (RaftStorageDirectoryImpl.java:analyzeStorage(135)) - The storage directory /home/runner/work/ozone/ozone/hadoop-ozone/integration-test/target/test-dir/MiniOzoneClusterImpl-2737617e-ba4a-449e-a26e-d824b2394d0e/datanode-1/data/ratis/a1e0845a-68de-466d-a755-ab459faf644a does not exist. Creating ...
2022-08-03 01:58:51,535 [pool-794-thread-1] INFO  storage.RaftStorageDirectory (RaftStorageDirectoryImpl.java:tryLock(230)) - Lock on /home/runner/work/ozone/ozone/hadoop-ozone/integration-test/target/test-dir/MiniOzoneClusterImpl-2737617e-ba4a-449e-a26e-d824b2394d0e/datanode-1/data/ratis/a1e0845a-68de-466d-a755-ab459faf644a/in_use.lock acquired by nodename 17687@fv-az199-929
2022-08-03 01:58:51,545 [pool-794-thread-1] INFO  storage.RaftStorage (RaftStorageImpl.java:format(89)) - Storage directory /home/runner/work/ozone/ozone/hadoop-ozone/integration-test/target/test-dir/MiniOzoneClusterImpl-2737617e-ba4a-449e-a26e-d824b2394d0e/datanode-1/data/ratis/a1e0845a-68de-466d-a755-ab459faf644a has been successfully formatted.
2022-08-03 01:58:51,545 [pool-794-thread-1] INFO  ratis.ContainerStateMachine (ContainerStateMachine.java:loadSnapshot(236)) - group-AB459FAF644A: The snapshot info is null. Setting the last applied indexto:(t:0, i:~)
2022-08-03 01:58:51,545 [pool-794-thread-1] INFO  server.RaftServerConfigKeys (ConfUtils.java:logGet(46)) - raft.server.notification.no-leader.timeout = 300s (custom)
2022-08-03 01:58:51,545 [pool-794-thread-1] INFO  server.RaftServerConfigKeys (ConfUtils.java:logGet(46)) - raft.server.log.use.memory = false (default)
2022-08-03 01:58:51,545 [pool-794-thread-1] INFO  server.RaftServerConfigKeys (ConfUtils.java:logGet(46)) - raft.server.log.purge.gap = 1000000 (custom)
2022-08-03 01:58:51,545 [pool-794-thread-1] INFO  server.RaftServerConfigKeys (ConfUtils.java:logGet(46)) - raft.server.log.appender.buffer.byte-limit = 33554432 (custom)
2022-08-03 01:58:51,546 [pool-794-thread-1] INFO  server.RaftServerConfigKeys (ConfUtils.java:logGet(46)) - raft.server.log.statemachine.data.read.timeout = 1000ms (default)
2022-08-03 01:58:51,546 [pool-794-thread-1] INFO  server.RaftServerConfigKeys (ConfUtils.java:logGet(46)) - raft.server.log.segment.size.max = 1048576 (custom)
2022-08-03 01:58:51,546 [pool-794-thread-1] INFO  server.RaftServerConfigKeys (ConfUtils.java:logGet(46)) - raft.server.log.segment.cache.num.max = 2 (custom)
2022-08-03 01:58:51,546 [pool-794-thread-1] INFO  server.RaftServerConfigKeys (ConfUtils.java:logGet(46)) - raft.server.log.segment.cache.size.max = 200MB (=209715200) (default)
2022-08-03 01:58:51,546 [pool-794-thread-1] INFO  segmented.SegmentedRaftLogWorker (SegmentedRaftLogWorker.java:<init>(187)) - new 3f997eb7-6b59-43fe-9bb3-f29f42755580@group-AB459FAF644A-SegmentedRaftLogWorker for RaftStorageImpl:Storage Directory /home/runner/work/ozone/ozone/hadoop-ozone/integration-test/target/test-dir/MiniOzoneClusterImpl-2737617e-ba4a-449e-a26e-d824b2394d0e/datanode-1/data/ratis/a1e0845a-68de-466d-a755-ab459faf644a
2022-08-03 01:58:51,546 [pool-794-thread-1] INFO  server.RaftServerConfigKeys (ConfUtils.java:logGet(46)) - raft.server.log.queue.byte-limit = 4294967296 (custom)
2022-08-03 01:58:51,546 [pool-794-thread-1] INFO  server.RaftServerConfigKeys (ConfUtils.java:logGet(46)) - raft.server.log.queue.element-limit = 1024 (custom)
2022-08-03 01:58:51,547 [pool-794-thread-1] INFO  server.RaftServerConfigKeys (ConfUtils.java:logGet(46)) - raft.server.log.segment.size.max = 1048576 (custom)
2022-08-03 01:58:51,547 [pool-794-thread-1] INFO  server.RaftServerConfigKeys (ConfUtils.java:logGet(46)) - raft.server.log.preallocated.size = 16384 (custom)
2022-08-03 01:58:51,547 [pool-794-thread-1] INFO  server.RaftServerConfigKeys (ConfUtils.java:logGet(46)) - raft.server.log.force.sync.num = 128 (default)
2022-08-03 01:58:51,547 [pool-794-thread-1] INFO  server.RaftServerConfigKeys (ConfUtils.java:logGet(46)) - raft.server.log.statemachine.data.sync = true (default)
2022-08-03 01:58:51,549 [pool-794-thread-1] INFO  server.RaftServerConfigKeys (ConfUtils.java:logGet(46)) - raft.server.log.statemachine.data.sync.timeout = 10s (default)
2022-08-03 01:58:51,549 [pool-794-thread-1] INFO  server.RaftServerConfigKeys (ConfUtils.java:logGet(46)) - raft.server.log.statemachine.data.sync.timeout.retry = -1 (default)
2022-08-03 01:58:51,550 [pool-794-thread-1] INFO  server.RaftServerConfigKeys (ConfUtils.java:logGet(46)) - raft.server.log.write.buffer.size = 1048576 (custom)
2022-08-03 01:58:51,549 [EventQueue-PipelineReportForPipelineReportHandler] INFO  pipeline.PipelineManagerImpl (PipelineManagerImpl.java:openPipeline(367)) - Pipeline Pipeline[ Id: a1e0845a-68de-466d-a755-ab459faf644a, Nodes: 3f997eb7-6b59-43fe-9bb3-f29f42755580{ip: 10.1.0.23, host: fv-az199-929.piossgaoozdutex3tpy4bgd4ka.dx.internal.cloudapp.net, ports: [REPLICATION=41523, RATIS=40985, RATIS_ADMIN=40985, RATIS_SERVER=40985, STANDALONE=39251], networkLocation: /default-rack, certSerialId: null, persistedOpState: IN_SERVICE, persistedOpStateExpiryEpochSec: 0}, ReplicationConfig: RATIS/ONE, State:ALLOCATED, leaderId:3f997eb7-6b59-43fe-9bb3-f29f42755580, CreationTimestamp2022-08-03T01:58:48.518Z[Etc/UTC]] moved to OPEN state
2022-08-03 01:58:51,551 [EventQueue-OpenPipelineForHealthyPipelineSafeModeRule] INFO  safemode.SCMSafeModeManager (HealthyPipelineSafeModeRule.java:process(137)) - SCM in safe mode. Healthy pipelines reported count is 0, required healthy pipeline reported count is 1
2022-08-03 01:58:51,551 [pool-794-thread-1] INFO  server.RaftServerConfigKeys (ConfUtils.java:logGet(46)) - raft.server.log.unsafe-flush.enabled = false (default)
2022-08-03 01:58:51,551 [pool-794-thread-1] INFO  server.RaftServerConfigKeys (ConfUtils.java:logGet(46)) - raft.server.log.statemachine.data.caching.enabled = true (custom)
2022-08-03 01:58:51,551 [pool-794-thread-1] INFO  segmented.SegmentedRaftLogWorker (SegmentedRaftLogWorker.java:lambda$new$0(135)) - 3f997eb7-6b59-43fe-9bb3-f29f42755580@group-AB459FAF644A-SegmentedRaftLogWorker: flushIndex: setUnconditionally 0 -> -1
2022-08-03 01:58:51,551 [pool-794-thread-1] INFO  segmented.SegmentedRaftLogWorker (SegmentedRaftLogWorker.java:lambda$new$0(135)) - 3f997eb7-6b59-43fe-9bb3-f29f42755580@group-AB459FAF644A-SegmentedRaftLogWorker: safeCacheEvictIndex: setUnconditionally 0 -> -1
2022-08-03 01:58:51,557 [pool-794-thread-1] INFO  server.RaftServerConfigKeys (ConfUtils.java:logGet(46)) - raft.server.snapshot.auto.trigger.enabled = true (custom)
2022-08-03 01:58:51,557 [pool-794-thread-1] INFO  server.RaftServerConfigKeys (ConfUtils.java:logGet(46)) - raft.server.snapshot.auto.trigger.threshold = 10000 (custom)
2022-08-03 01:58:51,557 [pool-794-thread-1] INFO  server.RaftServerConfigKeys (ConfUtils.java:logGet(46)) - raft.server.snapshot.retention.file.num = 5 (custom)
2022-08-03 01:58:51,558 [pool-794-thread-1] INFO  server.RaftServerConfigKeys (ConfUtils.java:logGet(46)) - raft.server.log.purge.upto.snapshot.index = false (default)
2022-08-03 01:58:51,558 [pool-794-thread-1] INFO  server.RaftServerConfigKeys (ConfUtils.java:logGet(46)) - raft.server.retrycache.expirytime = 600000ms (custom)
2022-08-03 01:58:51,558 [pool-794-thread-1] INFO  server.RaftServerConfigKeys (ConfUtils.java:logGet(46)) - raft.server.retrycache.statistics.expirytime = 100μs (default)
2022-08-03 01:58:51,559 [pool-794-thread-1] INFO  server.RaftServerConfigKeys (ConfUtils.java:logGet(46)) - raft.server.log.appender.install.snapshot.enabled = false (custom)
2022-08-03 01:58:51,559 [pool-794-thread-1] INFO  server.RaftServerConfigKeys (ConfUtils.java:logGet(46)) - raft.server.threadpool.server.cached = true (default)
2022-08-03 01:58:51,559 [pool-794-thread-1] INFO  server.RaftServerConfigKeys (ConfUtils.java:logGet(46)) - raft.server.threadpool.server.size = 0 (default)
2022-08-03 01:58:51,559 [pool-794-thread-1] INFO  server.RaftServerConfigKeys (ConfUtils.java:logGet(46)) - raft.server.threadpool.client.cached = true (default)
2022-08-03 01:58:51,559 [pool-794-thread-1] INFO  server.RaftServerConfigKeys (ConfUtils.java:logGet(46)) - raft.server.threadpool.client.size = 0 (default)
2022-08-03 01:58:51,559 [pool-794-thread-1] INFO  server.RaftServer$Division (RaftServerImpl.java:start(310)) - 3f997eb7-6b59-43fe-9bb3-f29f42755580@group-AB459FAF644A: start as a follower, conf=-1: [3f997eb7-6b59-43fe-9bb3-f29f42755580|rpc:10.1.0.23:40985|priority:1], old=null
2022-08-03 01:58:51,559 [pool-794-thread-1] INFO  server.RaftServer$Division (RaftServerImpl.java:setRole(299)) - 3f997eb7-6b59-43fe-9bb3-f29f42755580@group-AB459FAF644A: changes role from      null to FOLLOWER at term 0 for startAsFollower
2022-08-03 01:58:51,559 [pool-794-thread-1] INFO  impl.RoleInfo (RoleInfo.java:updateAndGet(139)) - 3f997eb7-6b59-43fe-9bb3-f29f42755580: start 3f997eb7-6b59-43fe-9bb3-f29f42755580@group-AB459FAF644A-FollowerState
2022-08-03 01:58:51,568 [pool-794-thread-1] INFO  util.JmxRegister (JmxRegister.java:tryRegister(44)) - Successfully registered JMX Bean with object name Ratis:service=RaftServer,group=group-AB459FAF644A,id=3f997eb7-6b59-43fe-9bb3-f29f42755580
2022-08-03 01:58:51,568 [Command processor thread] INFO  ratis.XceiverServerRatis (XceiverServerRatis.java:addGroup(765)) - Created group PipelineID=a1e0845a-68de-466d-a755-ab459faf644a
2022-08-03 01:58:51,569 [Command processor thread] INFO  commandhandler.CreatePipelineCommandHandler (CreatePipelineCommandHandler.java:handle(113)) - Created Pipeline RATIS ONE PipelineID=a1e0845a-68de-466d-a755-ab459faf644a.
2022-08-03 01:58:51,742 [Listener at 127.0.0.1/36513] INFO  ozone.MiniOzoneClusterImpl (MiniOzoneClusterImpl.java:lambda$waitForClusterToBeReady$0(216)) - Waiting for nodes to be ready. Got 4 of 5 DN Heartbeats.
2022-08-03 01:58:51,742 [Listener at 127.0.0.1/36513] INFO  ozone.MiniOzoneClusterImpl (MiniOzoneClusterImpl.java:lambda$waitForClusterToBeReady$0(219)) - Waiting for cluster to exit safe mode
2022-08-03 01:58:51,742 [Listener at 127.0.0.1/36513] INFO  ozone.MiniOzoneClusterImpl (MiniOzoneClusterImpl.java:lambda$waitForClusterToBeReady$0(221)) - SCM became leader
2022-08-03 01:58:51,798 [IPC Server handler 2 on default port 43643] INFO  net.NetworkTopologyImpl (NetworkTopologyImpl.java:add(112)) - Added a new node: /default-rack/5f5834d9-a5b6-4571-92f7-2680994b4e15
2022-08-03 01:58:51,798 [IPC Server handler 2 on default port 43643] INFO  node.SCMNodeManager (SCMNodeManager.java:register(397)) - Registered Data node : 5f5834d9-a5b6-4571-92f7-2680994b4e15{ip: 10.1.0.23, host: fv-az199-929.piossgaoozdutex3tpy4bgd4ka.dx.internal.cloudapp.net, ports: [REPLICATION=38791, RATIS=42339, RATIS_ADMIN=42339, RATIS_SERVER=42339, STANDALONE=34021], networkLocation: /default-rack, certSerialId: null, persistedOpState: null, persistedOpStateExpiryEpochSec: 0}
2022-08-03 01:58:51,799 [EventQueue-NewNodeForNewNodeHandler] INFO  pipeline.BackgroundPipelineCreator (BackgroundPipelineCreator.java:notifyEventTriggered(276)) - trigger a one-shot run on RatisPipelineUtilsThread.
2022-08-03 01:58:51,799 [RatisPipelineUtilsThread - 0] INFO  pipeline.RatisPipelineProvider (RatisPipelineProvider.java:lambda$create$0(195)) - Sending CreatePipelineCommand for pipeline:PipelineID=3eeda94b-e6a7-4627-bdc5-7cf433773d9c to datanode:5f5834d9-a5b6-4571-92f7-2680994b4e15
2022-08-03 01:58:51,799 [RatisPipelineUtilsThread - 0] INFO  pipeline.PipelineStateManagerImpl (PipelineStateManagerImpl.java:addPipeline(103)) - Created pipeline Pipeline[ Id: 3eeda94b-e6a7-4627-bdc5-7cf433773d9c, Nodes: 5f5834d9-a5b6-4571-92f7-2680994b4e15{ip: 10.1.0.23, host: fv-az199-929.piossgaoozdutex3tpy4bgd4ka.dx.internal.cloudapp.net, ports: [REPLICATION=38791, RATIS=42339, RATIS_ADMIN=42339, RATIS_SERVER=42339, STANDALONE=34021], networkLocation: /default-rack, certSerialId: null, persistedOpState: IN_SERVICE, persistedOpStateExpiryEpochSec: 0}, ReplicationConfig: RATIS/ONE, State:ALLOCATED, leaderId:, CreationTimestamp2022-08-03T01:58:51.799Z[Etc/UTC]].
2022-08-03 01:58:52,284 [Command processor thread] INFO  server.RaftServer (RaftServerProxy.java:addNew(96)) - c824bff0-102b-4ceb-889e-e8d339be5886: addNew group-4E13B3390229:[c824bff0-102b-4ceb-889e-e8d339be5886|rpc:10.1.0.23:39825|priority:1] returns group-4E13B3390229:java.util.concurrent.CompletableFuture@72d8cd83[Not completed]
2022-08-03 01:58:52,286 [pool-817-thread-1] INFO  server.RaftServer$Division (RaftServerImpl.java:<init>(190)) - c824bff0-102b-4ceb-889e-e8d339be5886: new RaftServerImpl for group-4E13B3390229:[c824bff0-102b-4ceb-889e-e8d339be5886|rpc:10.1.0.23:39825|priority:1] with ContainerStateMachine:uninitialized
2022-08-03 01:58:52,293 [pool-817-thread-1] INFO  server.RaftServerConfigKeys (ConfUtils.java:logGet(46)) - raft.server.rpc.timeout.min = 5s (custom)
2022-08-03 01:58:52,293 [pool-817-thread-1] INFO  server.RaftServerConfigKeys (ConfUtils.java:logGet(46)) - raft.server.rpc.timeout.max = 5200ms (custom)
2022-08-03 01:58:52,293 [pool-817-thread-1] INFO  server.RaftServerConfigKeys (ConfUtils.java:logGet(46)) - raft.server.rpc.sleep.time = 25ms (default)
2022-08-03 01:58:52,293 [pool-817-thread-1] INFO  server.RaftServerConfigKeys (ConfUtils.java:logGet(46)) - raft.server.rpc.slowness.timeout = 300s (custom)
2022-08-03 01:58:52,293 [pool-817-thread-1] INFO  server.RaftServerConfigKeys (ConfUtils.java:logGet(46)) - raft.server.leaderelection.leader.step-down.wait-time = 10s (default)
2022-08-03 01:58:52,293 [pool-817-thread-1] INFO  server.RaftServerConfigKeys (ConfUtils.java:logGet(46)) - raft.server.sleep.deviation.threshold = 300ms (default)
2022-08-03 01:58:52,293 [pool-817-thread-1] INFO  server.RaftServer$Division (ServerState.java:<init>(107)) - c824bff0-102b-4ceb-889e-e8d339be5886@group-4E13B3390229: ConfigurationManager, init=-1: [c824bff0-102b-4ceb-889e-e8d339be5886|rpc:10.1.0.23:39825|priority:1], old=null, confs=<EMPTY_MAP>
2022-08-03 01:58:52,293 [pool-817-thread-1] INFO  server.RaftServerConfigKeys (ConfUtils.java:logGet(46)) - raft.server.storage.dir = [/home/runner/work/ozone/ozone/hadoop-ozone/integration-test/target/test-dir/MiniOzoneClusterImpl-2737617e-ba4a-449e-a26e-d824b2394d0e/datanode-2/data/ratis] (custom)
2022-08-03 01:58:52,293 [pool-817-thread-1] INFO  server.RaftServerConfigKeys (ConfUtils.java:logGet(46)) - raft.server.log.corruption.policy = EXCEPTION (default)
2022-08-03 01:58:52,293 [pool-817-thread-1] INFO  server.RaftServerConfigKeys (ConfUtils.java:logGet(46)) - raft.server.storage.free-space.min = 0MB (=0) (default)
2022-08-03 01:58:52,293 [pool-817-thread-1] INFO  storage.RaftStorageDirectory (RaftStorageDirectoryImpl.java:analyzeStorage(135)) - The storage directory /home/runner/work/ozone/ozone/hadoop-ozone/integration-test/target/test-dir/MiniOzoneClusterImpl-2737617e-ba4a-449e-a26e-d824b2394d0e/datanode-2/data/ratis/f37aa5b9-8361-4f0f-909c-4e13b3390229 does not exist. Creating ...
2022-08-03 01:58:52,298 [pool-817-thread-1] INFO  storage.RaftStorageDirectory (RaftStorageDirectoryImpl.java:tryLock(230)) - Lock on /home/runner/work/ozone/ozone/hadoop-ozone/integration-test/target/test-dir/MiniOzoneClusterImpl-2737617e-ba4a-449e-a26e-d824b2394d0e/datanode-2/data/ratis/f37aa5b9-8361-4f0f-909c-4e13b3390229/in_use.lock acquired by nodename 17687@fv-az199-929
2022-08-03 01:58:52,304 [pool-817-thread-1] INFO  storage.RaftStorage (RaftStorageImpl.java:format(89)) - Storage directory /home/runner/work/ozone/ozone/hadoop-ozone/integration-test/target/test-dir/MiniOzoneClusterImpl-2737617e-ba4a-449e-a26e-d824b2394d0e/datanode-2/data/ratis/f37aa5b9-8361-4f0f-909c-4e13b3390229 has been successfully formatted.
2022-08-03 01:58:52,304 [pool-817-thread-1] INFO  ratis.ContainerStateMachine (ContainerStateMachine.java:loadSnapshot(236)) - group-4E13B3390229: The snapshot info is null. Setting the last applied indexto:(t:0, i:~)
2022-08-03 01:58:52,304 [pool-817-thread-1] INFO  server.RaftServerConfigKeys (ConfUtils.java:logGet(46)) - raft.server.notification.no-leader.timeout = 300s (custom)
2022-08-03 01:58:52,305 [pool-817-thread-1] INFO  server.RaftServerConfigKeys (ConfUtils.java:logGet(46)) - raft.server.log.use.memory = false (default)
2022-08-03 01:58:52,305 [pool-817-thread-1] INFO  server.RaftServerConfigKeys (ConfUtils.java:logGet(46)) - raft.server.log.purge.gap = 1000000 (custom)
2022-08-03 01:58:52,305 [pool-817-thread-1] INFO  server.RaftServerConfigKeys (ConfUtils.java:logGet(46)) - raft.server.log.appender.buffer.byte-limit = 33554432 (custom)
2022-08-03 01:58:52,305 [pool-817-thread-1] INFO  server.RaftServerConfigKeys (ConfUtils.java:logGet(46)) - raft.server.log.statemachine.data.read.timeout = 1000ms (default)
2022-08-03 01:58:52,305 [pool-817-thread-1] INFO  server.RaftServerConfigKeys (ConfUtils.java:logGet(46)) - raft.server.log.segment.size.max = 1048576 (custom)
2022-08-03 01:58:52,305 [pool-817-thread-1] INFO  server.RaftServerConfigKeys (ConfUtils.java:logGet(46)) - raft.server.log.segment.cache.num.max = 2 (custom)
2022-08-03 01:58:52,305 [pool-817-thread-1] INFO  server.RaftServerConfigKeys (ConfUtils.java:logGet(46)) - raft.server.log.segment.cache.size.max = 200MB (=209715200) (default)
2022-08-03 01:58:52,305 [pool-817-thread-1] INFO  segmented.SegmentedRaftLogWorker (SegmentedRaftLogWorker.java:<init>(187)) - new c824bff0-102b-4ceb-889e-e8d339be5886@group-4E13B3390229-SegmentedRaftLogWorker for RaftStorageImpl:Storage Directory /home/runner/work/ozone/ozone/hadoop-ozone/integration-test/target/test-dir/MiniOzoneClusterImpl-2737617e-ba4a-449e-a26e-d824b2394d0e/datanode-2/data/ratis/f37aa5b9-8361-4f0f-909c-4e13b3390229
2022-08-03 01:58:52,306 [pool-817-thread-1] INFO  server.RaftServerConfigKeys (ConfUtils.java:logGet(46)) - raft.server.log.queue.byte-limit = 4294967296 (custom)
2022-08-03 01:58:52,306 [pool-817-thread-1] INFO  server.RaftServerConfigKeys (ConfUtils.java:logGet(46)) - raft.server.log.queue.element-limit = 1024 (custom)
2022-08-03 01:58:52,306 [pool-817-thread-1] INFO  server.RaftServerConfigKeys (ConfUtils.java:logGet(46)) - raft.server.log.segment.size.max = 1048576 (custom)
2022-08-03 01:58:52,306 [pool-817-thread-1] INFO  server.RaftServerConfigKeys (ConfUtils.java:logGet(46)) - raft.server.log.preallocated.size = 16384 (custom)
2022-08-03 01:58:52,306 [pool-817-thread-1] INFO  server.RaftServerConfigKeys (ConfUtils.java:logGet(46)) - raft.server.log.force.sync.num = 128 (default)
2022-08-03 01:58:52,306 [pool-817-thread-1] INFO  server.RaftServerConfigKeys (ConfUtils.java:logGet(46)) - raft.server.log.statemachine.data.sync = true (default)
2022-08-03 01:58:52,306 [pool-817-thread-1] INFO  server.RaftServerConfigKeys (ConfUtils.java:logGet(46)) - raft.server.log.statemachine.data.sync.timeout = 10s (default)
2022-08-03 01:58:52,306 [pool-817-thread-1] INFO  server.RaftServerConfigKeys (ConfUtils.java:logGet(46)) - raft.server.log.statemachine.data.sync.timeout.retry = -1 (default)
2022-08-03 01:58:52,307 [pool-817-thread-1] INFO  server.RaftServerConfigKeys (ConfUtils.java:logGet(46)) - raft.server.log.write.buffer.size = 1048576 (custom)
2022-08-03 01:58:52,307 [pool-817-thread-1] INFO  server.RaftServerConfigKeys (ConfUtils.java:logGet(46)) - raft.server.log.unsafe-flush.enabled = false (default)
2022-08-03 01:58:52,307 [pool-817-thread-1] INFO  server.RaftServerConfigKeys (ConfUtils.java:logGet(46)) - raft.server.log.statemachine.data.caching.enabled = true (custom)
2022-08-03 01:58:52,307 [pool-817-thread-1] INFO  segmented.SegmentedRaftLogWorker (SegmentedRaftLogWorker.java:lambda$new$0(135)) - c824bff0-102b-4ceb-889e-e8d339be5886@group-4E13B3390229-SegmentedRaftLogWorker: flushIndex: setUnconditionally 0 -> -1
2022-08-03 01:58:52,308 [pool-817-thread-1] INFO  segmented.SegmentedRaftLogWorker (SegmentedRaftLogWorker.java:lambda$new$0(135)) - c824bff0-102b-4ceb-889e-e8d339be5886@group-4E13B3390229-SegmentedRaftLogWorker: safeCacheEvictIndex: setUnconditionally 0 -> -1
2022-08-03 01:58:52,309 [pool-817-thread-1] INFO  server.RaftServerConfigKeys (ConfUtils.java:logGet(46)) - raft.server.snapshot.auto.trigger.enabled = true (custom)
2022-08-03 01:58:52,309 [pool-817-thread-1] INFO  server.RaftServerConfigKeys (ConfUtils.java:logGet(46)) - raft.server.snapshot.auto.trigger.threshold = 10000 (custom)
2022-08-03 01:58:52,309 [pool-817-thread-1] INFO  server.RaftServerConfigKeys (ConfUtils.java:logGet(46)) - raft.server.snapshot.retention.file.num = 5 (custom)
2022-08-03 01:58:52,309 [pool-817-thread-1] INFO  server.RaftServerConfigKeys (ConfUtils.java:logGet(46)) - raft.server.log.purge.upto.snapshot.index = false (default)
2022-08-03 01:58:52,309 [pool-817-thread-1] INFO  server.RaftServerConfigKeys (ConfUtils.java:logGet(46)) - raft.server.retrycache.expirytime = 600000ms (custom)
2022-08-03 01:58:52,309 [pool-817-thread-1] INFO  server.RaftServerConfigKeys (ConfUtils.java:logGet(46)) - raft.server.retrycache.statistics.expirytime = 100μs (default)
2022-08-03 01:58:52,311 [pool-817-thread-1] INFO  server.RaftServerConfigKeys (ConfUtils.java:logGet(46)) - raft.server.log.appender.install.snapshot.enabled = false (custom)
2022-08-03 01:58:52,311 [pool-817-thread-1] INFO  server.RaftServerConfigKeys (ConfUtils.java:logGet(46)) - raft.server.threadpool.server.cached = true (default)
2022-08-03 01:58:52,311 [pool-817-thread-1] INFO  server.RaftServerConfigKeys (ConfUtils.java:logGet(46)) - raft.server.threadpool.server.size = 0 (default)
2022-08-03 01:58:52,311 [pool-817-thread-1] INFO  server.RaftServerConfigKeys (ConfUtils.java:logGet(46)) - raft.server.threadpool.client.cached = true (default)
2022-08-03 01:58:52,311 [pool-817-thread-1] INFO  server.RaftServerConfigKeys (ConfUtils.java:logGet(46)) - raft.server.threadpool.client.size = 0 (default)
2022-08-03 01:58:52,311 [pool-817-thread-1] INFO  server.RaftServer$Division (RaftServerImpl.java:start(310)) - c824bff0-102b-4ceb-889e-e8d339be5886@group-4E13B3390229: start as a follower, conf=-1: [c824bff0-102b-4ceb-889e-e8d339be5886|rpc:10.1.0.23:39825|priority:1], old=null
2022-08-03 01:58:52,311 [pool-817-thread-1] INFO  server.RaftServer$Division (RaftServerImpl.java:setRole(299)) - c824bff0-102b-4ceb-889e-e8d339be5886@group-4E13B3390229: changes role from      null to FOLLOWER at term 0 for startAsFollower
2022-08-03 01:58:52,311 [pool-817-thread-1] INFO  impl.RoleInfo (RoleInfo.java:updateAndGet(139)) - c824bff0-102b-4ceb-889e-e8d339be5886: start c824bff0-102b-4ceb-889e-e8d339be5886@group-4E13B3390229-FollowerState
2022-08-03 01:58:52,312 [pool-817-thread-1] INFO  util.JmxRegister (JmxRegister.java:tryRegister(44)) - Successfully registered JMX Bean with object name Ratis:service=RaftServer,group=group-4E13B3390229,id=c824bff0-102b-4ceb-889e-e8d339be5886
2022-08-03 01:58:52,312 [Command processor thread] INFO  ratis.XceiverServerRatis (XceiverServerRatis.java:addGroup(765)) - Created group PipelineID=f37aa5b9-8361-4f0f-909c-4e13b3390229
2022-08-03 01:58:52,312 [Command processor thread] INFO  commandhandler.CreatePipelineCommandHandler (CreatePipelineCommandHandler.java:handle(113)) - Created Pipeline RATIS ONE PipelineID=f37aa5b9-8361-4f0f-909c-4e13b3390229.
2022-08-03 01:58:52,315 [EventQueue-PipelineReportForPipelineReportHandler] INFO  pipeline.PipelineManagerImpl (PipelineManagerImpl.java:openPipeline(367)) - Pipeline Pipeline[ Id: f37aa5b9-8361-4f0f-909c-4e13b3390229, Nodes: c824bff0-102b-4ceb-889e-e8d339be5886{ip: 10.1.0.23, host: fv-az199-929.piossgaoozdutex3tpy4bgd4ka.dx.internal.cloudapp.net, ports: [REPLICATION=33117, RATIS=39825, RATIS_ADMIN=39825, RATIS_SERVER=39825, STANDALONE=38897], networkLocation: /default-rack, certSerialId: null, persistedOpState: IN_SERVICE, persistedOpStateExpiryEpochSec: 0}, ReplicationConfig: RATIS/ONE, State:ALLOCATED, leaderId:c824bff0-102b-4ceb-889e-e8d339be5886, CreationTimestamp2022-08-03T01:58:49.317Z[Etc/UTC]] moved to OPEN state
2022-08-03 01:58:52,316 [EventQueue-OpenPipelineForHealthyPipelineSafeModeRule] INFO  safemode.SCMSafeModeManager (HealthyPipelineSafeModeRule.java:process(137)) - SCM in safe mode. Healthy pipelines reported count is 0, required healthy pipeline reported count is 1
2022-08-03 01:58:52,743 [Listener at 127.0.0.1/36513] INFO  ozone.MiniOzoneClusterImpl (MiniOzoneClusterImpl.java:lambda$waitForClusterToBeReady$0(216)) - Nodes are ready. Got 5 of 5 DN Heartbeats.
2022-08-03 01:58:52,743 [Listener at 127.0.0.1/36513] INFO  ozone.MiniOzoneClusterImpl (MiniOzoneClusterImpl.java:lambda$waitForClusterToBeReady$0(219)) - Waiting for cluster to exit safe mode
2022-08-03 01:58:52,743 [Listener at 127.0.0.1/36513] INFO  ozone.MiniOzoneClusterImpl (MiniOzoneClusterImpl.java:lambda$waitForClusterToBeReady$0(221)) - SCM became leader
2022-08-03 01:58:53,510 [Command processor thread] INFO  server.RaftServer (RaftServerProxy.java:addNew(96)) - 1474d989-16d3-421f-9647-ab027991a2bc: addNew group-809A0969B76E:[1474d989-16d3-421f-9647-ab027991a2bc|rpc:10.1.0.23:32883|priority:1] returns group-809A0969B76E:java.util.concurrent.CompletableFuture@43a1ec7a[Not completed]
2022-08-03 01:58:53,528 [pool-845-thread-1] INFO  server.RaftServer$Division (RaftServerImpl.java:<init>(190)) - 1474d989-16d3-421f-9647-ab027991a2bc: new RaftServerImpl for group-809A0969B76E:[1474d989-16d3-421f-9647-ab027991a2bc|rpc:10.1.0.23:32883|priority:1] with ContainerStateMachine:uninitialized
2022-08-03 01:58:53,528 [pool-845-thread-1] INFO  server.RaftServerConfigKeys (ConfUtils.java:logGet(46)) - raft.server.rpc.timeout.min = 5s (custom)
2022-08-03 01:58:53,528 [pool-845-thread-1] INFO  server.RaftServerConfigKeys (ConfUtils.java:logGet(46)) - raft.server.rpc.timeout.max = 5200ms (custom)
2022-08-03 01:58:53,528 [pool-845-thread-1] INFO  server.RaftServerConfigKeys (ConfUtils.java:logGet(46)) - raft.server.rpc.sleep.time = 25ms (default)
2022-08-03 01:58:53,528 [pool-845-thread-1] INFO  server.RaftServerConfigKeys (ConfUtils.java:logGet(46)) - raft.server.rpc.slowness.timeout = 300s (custom)
2022-08-03 01:58:53,528 [pool-845-thread-1] INFO  server.RaftServerConfigKeys (ConfUtils.java:logGet(46)) - raft.server.leaderelection.leader.step-down.wait-time = 10s (default)
2022-08-03 01:58:53,528 [pool-845-thread-1] INFO  server.RaftServerConfigKeys (ConfUtils.java:logGet(46)) - raft.server.sleep.deviation.threshold = 300ms (default)
2022-08-03 01:58:53,528 [pool-845-thread-1] INFO  server.RaftServer$Division (ServerState.java:<init>(107)) - 1474d989-16d3-421f-9647-ab027991a2bc@group-809A0969B76E: ConfigurationManager, init=-1: [1474d989-16d3-421f-9647-ab027991a2bc|rpc:10.1.0.23:32883|priority:1], old=null, confs=<EMPTY_MAP>
2022-08-03 01:58:53,528 [pool-845-thread-1] INFO  server.RaftServerConfigKeys (ConfUtils.java:logGet(46)) - raft.server.storage.dir = [/home/runner/work/ozone/ozone/hadoop-ozone/integration-test/target/test-dir/MiniOzoneClusterImpl-2737617e-ba4a-449e-a26e-d824b2394d0e/datanode-3/data/ratis] (custom)
2022-08-03 01:58:53,534 [pool-845-thread-1] INFO  server.RaftServerConfigKeys (ConfUtils.java:logGet(46)) - raft.server.log.corruption.policy = EXCEPTION (default)
2022-08-03 01:58:53,534 [pool-845-thread-1] INFO  server.RaftServerConfigKeys (ConfUtils.java:logGet(46)) - raft.server.storage.free-space.min = 0MB (=0) (default)
2022-08-03 01:58:53,534 [pool-845-thread-1] INFO  storage.RaftStorageDirectory (RaftStorageDirectoryImpl.java:analyzeStorage(135)) - The storage directory /home/runner/work/ozone/ozone/hadoop-ozone/integration-test/target/test-dir/MiniOzoneClusterImpl-2737617e-ba4a-449e-a26e-d824b2394d0e/datanode-3/data/ratis/f4dedb32-fcdb-4860-acda-809a0969b76e does not exist. Creating ...
2022-08-03 01:58:53,542 [pool-845-thread-1] INFO  storage.RaftStorageDirectory (RaftStorageDirectoryImpl.java:tryLock(230)) - Lock on /home/runner/work/ozone/ozone/hadoop-ozone/integration-test/target/test-dir/MiniOzoneClusterImpl-2737617e-ba4a-449e-a26e-d824b2394d0e/datanode-3/data/ratis/f4dedb32-fcdb-4860-acda-809a0969b76e/in_use.lock acquired by nodename 17687@fv-az199-929
2022-08-03 01:58:53,561 [pool-845-thread-1] INFO  storage.RaftStorage (RaftStorageImpl.java:format(89)) - Storage directory /home/runner/work/ozone/ozone/hadoop-ozone/integration-test/target/test-dir/MiniOzoneClusterImpl-2737617e-ba4a-449e-a26e-d824b2394d0e/datanode-3/data/ratis/f4dedb32-fcdb-4860-acda-809a0969b76e has been successfully formatted.
2022-08-03 01:58:53,563 [pool-845-thread-1] INFO  ratis.ContainerStateMachine (ContainerStateMachine.java:loadSnapshot(236)) - group-809A0969B76E: The snapshot info is null. Setting the last applied indexto:(t:0, i:~)
2022-08-03 01:58:53,563 [pool-845-thread-1] INFO  server.RaftServerConfigKeys (ConfUtils.java:logGet(46)) - raft.server.notification.no-leader.timeout = 300s (custom)
2022-08-03 01:58:53,563 [pool-845-thread-1] INFO  server.RaftServerConfigKeys (ConfUtils.java:logGet(46)) - raft.server.log.use.memory = false (default)
2022-08-03 01:58:53,563 [pool-845-thread-1] INFO  server.RaftServerConfigKeys (ConfUtils.java:logGet(46)) - raft.server.log.purge.gap = 1000000 (custom)
2022-08-03 01:58:53,563 [pool-845-thread-1] INFO  server.RaftServerConfigKeys (ConfUtils.java:logGet(46)) - raft.server.log.appender.buffer.byte-limit = 33554432 (custom)
2022-08-03 01:58:53,563 [pool-845-thread-1] INFO  server.RaftServerConfigKeys (ConfUtils.java:logGet(46)) - raft.server.log.statemachine.data.read.timeout = 1000ms (default)
2022-08-03 01:58:53,564 [pool-845-thread-1] INFO  server.RaftServerConfigKeys (ConfUtils.java:logGet(46)) - raft.server.log.segment.size.max = 1048576 (custom)
2022-08-03 01:58:53,564 [pool-845-thread-1] INFO  server.RaftServerConfigKeys (ConfUtils.java:logGet(46)) - raft.server.log.segment.cache.num.max = 2 (custom)
2022-08-03 01:58:53,564 [pool-845-thread-1] INFO  server.RaftServerConfigKeys (ConfUtils.java:logGet(46)) - raft.server.log.segment.cache.size.max = 200MB (=209715200) (default)
2022-08-03 01:58:53,564 [pool-845-thread-1] INFO  segmented.SegmentedRaftLogWorker (SegmentedRaftLogWorker.java:<init>(187)) - new 1474d989-16d3-421f-9647-ab027991a2bc@group-809A0969B76E-SegmentedRaftLogWorker for RaftStorageImpl:Storage Directory /home/runner/work/ozone/ozone/hadoop-ozone/integration-test/target/test-dir/MiniOzoneClusterImpl-2737617e-ba4a-449e-a26e-d824b2394d0e/datanode-3/data/ratis/f4dedb32-fcdb-4860-acda-809a0969b76e
2022-08-03 01:58:53,564 [pool-845-thread-1] INFO  server.RaftServerConfigKeys (ConfUtils.java:logGet(46)) - raft.server.log.queue.byte-limit = 4294967296 (custom)
2022-08-03 01:58:53,564 [pool-845-thread-1] INFO  server.RaftServerConfigKeys (ConfUtils.java:logGet(46)) - raft.server.log.queue.element-limit = 1024 (custom)
2022-08-03 01:58:53,564 [pool-845-thread-1] INFO  server.RaftServerConfigKeys (ConfUtils.java:logGet(46)) - raft.server.log.segment.size.max = 1048576 (custom)
2022-08-03 01:58:53,564 [pool-845-thread-1] INFO  server.RaftServerConfigKeys (ConfUtils.java:logGet(46)) - raft.server.log.preallocated.size = 16384 (custom)
2022-08-03 01:58:53,564 [pool-845-thread-1] INFO  server.RaftServerConfigKeys (ConfUtils.java:logGet(46)) - raft.server.log.force.sync.num = 128 (default)
2022-08-03 01:58:53,565 [pool-845-thread-1] INFO  server.RaftServerConfigKeys (ConfUtils.java:logGet(46)) - raft.server.log.statemachine.data.sync = true (default)
2022-08-03 01:58:53,565 [pool-845-thread-1] INFO  server.RaftServerConfigKeys (ConfUtils.java:logGet(46)) - raft.server.log.statemachine.data.sync.timeout = 10s (default)
2022-08-03 01:58:53,565 [pool-845-thread-1] INFO  server.RaftServerConfigKeys (ConfUtils.java:logGet(46)) - raft.server.log.statemachine.data.sync.timeout.retry = -1 (default)
2022-08-03 01:58:53,566 [pool-845-thread-1] INFO  server.RaftServerConfigKeys (ConfUtils.java:logGet(46)) - raft.server.log.write.buffer.size = 1048576 (custom)
2022-08-03 01:58:53,566 [pool-845-thread-1] INFO  server.RaftServerConfigKeys (ConfUtils.java:logGet(46)) - raft.server.log.unsafe-flush.enabled = false (default)
2022-08-03 01:58:53,566 [pool-845-thread-1] INFO  server.RaftServerConfigKeys (ConfUtils.java:logGet(46)) - raft.server.log.statemachine.data.caching.enabled = true (custom)
2022-08-03 01:58:53,566 [pool-845-thread-1] INFO  segmented.SegmentedRaftLogWorker (SegmentedRaftLogWorker.java:lambda$new$0(135)) - 1474d989-16d3-421f-9647-ab027991a2bc@group-809A0969B76E-SegmentedRaftLogWorker: flushIndex: setUnconditionally 0 -> -1
2022-08-03 01:58:53,567 [pool-845-thread-1] INFO  segmented.SegmentedRaftLogWorker (SegmentedRaftLogWorker.java:lambda$new$0(135)) - 1474d989-16d3-421f-9647-ab027991a2bc@group-809A0969B76E-SegmentedRaftLogWorker: safeCacheEvictIndex: setUnconditionally 0 -> -1
2022-08-03 01:58:53,572 [EventQueue-PipelineReportForPipelineReportHandler] INFO  pipeline.PipelineManagerImpl (PipelineManagerImpl.java:openPipeline(367)) - Pipeline Pipeline[ Id: f4dedb32-fcdb-4860-acda-809a0969b76e, Nodes: 1474d989-16d3-421f-9647-ab027991a2bc{ip: 10.1.0.23, host: fv-az199-929.piossgaoozdutex3tpy4bgd4ka.dx.internal.cloudapp.net, ports: [REPLICATION=39593, RATIS=32883, RATIS_ADMIN=32883, RATIS_SERVER=32883, STANDALONE=37559], networkLocation: /default-rack, certSerialId: null, persistedOpState: IN_SERVICE, persistedOpStateExpiryEpochSec: 0}, ReplicationConfig: RATIS/ONE, State:ALLOCATED, leaderId:1474d989-16d3-421f-9647-ab027991a2bc, CreationTimestamp2022-08-03T01:58:50.510Z[Etc/UTC]] moved to OPEN state
2022-08-03 01:58:53,573 [EventQueue-OpenPipelineForHealthyPipelineSafeModeRule] INFO  safemode.SCMSafeModeManager (HealthyPipelineSafeModeRule.java:process(137)) - SCM in safe mode. Healthy pipelines reported count is 0, required healthy pipeline reported count is 1
2022-08-03 01:58:53,586 [pool-845-thread-1] INFO  server.RaftServerConfigKeys (ConfUtils.java:logGet(46)) - raft.server.snapshot.auto.trigger.enabled = true (custom)
2022-08-03 01:58:53,586 [pool-845-thread-1] INFO  server.RaftServerConfigKeys (ConfUtils.java:logGet(46)) - raft.server.snapshot.auto.trigger.threshold = 10000 (custom)
2022-08-03 01:58:53,586 [pool-845-thread-1] INFO  server.RaftServerConfigKeys (ConfUtils.java:logGet(46)) - raft.server.snapshot.retention.file.num = 5 (custom)
2022-08-03 01:58:53,586 [pool-845-thread-1] INFO  server.RaftServerConfigKeys (ConfUtils.java:logGet(46)) - raft.server.log.purge.upto.snapshot.index = false (default)
2022-08-03 01:58:53,586 [pool-845-thread-1] INFO  server.RaftServerConfigKeys (ConfUtils.java:logGet(46)) - raft.server.retrycache.expirytime = 600000ms (custom)
2022-08-03 01:58:53,586 [pool-845-thread-1] INFO  server.RaftServerConfigKeys (ConfUtils.java:logGet(46)) - raft.server.retrycache.statistics.expirytime = 100μs (default)
2022-08-03 01:58:53,588 [pool-845-thread-1] INFO  server.RaftServerConfigKeys (ConfUtils.java:logGet(46)) - raft.server.log.appender.install.snapshot.enabled = false (custom)
2022-08-03 01:58:53,588 [pool-845-thread-1] INFO  server.RaftServerConfigKeys (ConfUtils.java:logGet(46)) - raft.server.threadpool.server.cached = true (default)
2022-08-03 01:58:53,588 [pool-845-thread-1] INFO  server.RaftServerConfigKeys (ConfUtils.java:logGet(46)) - raft.server.threadpool.server.size = 0 (default)
2022-08-03 01:58:53,588 [pool-845-thread-1] INFO  server.RaftServerConfigKeys (ConfUtils.java:logGet(46)) - raft.server.threadpool.client.cached = true (default)
2022-08-03 01:58:53,588 [pool-845-thread-1] INFO  server.RaftServerConfigKeys (ConfUtils.java:logGet(46)) - raft.server.threadpool.client.size = 0 (default)
2022-08-03 01:58:53,588 [pool-845-thread-1] INFO  server.RaftServer$Division (RaftServerImpl.java:start(310)) - 1474d989-16d3-421f-9647-ab027991a2bc@group-809A0969B76E: start as a follower, conf=-1: [1474d989-16d3-421f-9647-ab027991a2bc|rpc:10.1.0.23:32883|priority:1], old=null
2022-08-03 01:58:53,588 [pool-845-thread-1] INFO  server.RaftServer$Division (RaftServerImpl.java:setRole(299)) - 1474d989-16d3-421f-9647-ab027991a2bc@group-809A0969B76E: changes role from      null to FOLLOWER at term 0 for startAsFollower
2022-08-03 01:58:53,588 [pool-845-thread-1] INFO  impl.RoleInfo (RoleInfo.java:updateAndGet(139)) - 1474d989-16d3-421f-9647-ab027991a2bc: start 1474d989-16d3-421f-9647-ab027991a2bc@group-809A0969B76E-FollowerState
2022-08-03 01:58:53,592 [pool-845-thread-1] INFO  util.JmxRegister (JmxRegister.java:tryRegister(44)) - Successfully registered JMX Bean with object name Ratis:service=RaftServer,group=group-809A0969B76E,id=1474d989-16d3-421f-9647-ab027991a2bc
2022-08-03 01:58:53,596 [Command processor thread] INFO  ratis.XceiverServerRatis (XceiverServerRatis.java:addGroup(765)) - Created group PipelineID=f4dedb32-fcdb-4860-acda-809a0969b76e
2022-08-03 01:58:53,597 [Command processor thread] INFO  commandhandler.CreatePipelineCommandHandler (CreatePipelineCommandHandler.java:handle(113)) - Created Pipeline RATIS ONE PipelineID=f4dedb32-fcdb-4860-acda-809a0969b76e.
2022-08-03 01:58:53,743 [Listener at 127.0.0.1/36513] INFO  ozone.MiniOzoneClusterImpl (MiniOzoneClusterImpl.java:lambda$waitForClusterToBeReady$0(216)) - Nodes are ready. Got 5 of 5 DN Heartbeats.
2022-08-03 01:58:53,743 [Listener at 127.0.0.1/36513] INFO  ozone.MiniOzoneClusterImpl (MiniOzoneClusterImpl.java:lambda$waitForClusterToBeReady$0(219)) - Waiting for cluster to exit safe mode
2022-08-03 01:58:53,743 [Listener at 127.0.0.1/36513] INFO  ozone.MiniOzoneClusterImpl (MiniOzoneClusterImpl.java:lambda$waitForClusterToBeReady$0(221)) - SCM became leader
2022-08-03 01:58:54,744 [Listener at 127.0.0.1/36513] INFO  ozone.MiniOzoneClusterImpl (MiniOzoneClusterImpl.java:lambda$waitForClusterToBeReady$0(216)) - Nodes are ready. Got 5 of 5 DN Heartbeats.
2022-08-03 01:58:54,744 [Listener at 127.0.0.1/36513] INFO  ozone.MiniOzoneClusterImpl (MiniOzoneClusterImpl.java:lambda$waitForClusterToBeReady$0(219)) - Waiting for cluster to exit safe mode
2022-08-03 01:58:54,744 [Listener at 127.0.0.1/36513] INFO  ozone.MiniOzoneClusterImpl (MiniOzoneClusterImpl.java:lambda$waitForClusterToBeReady$0(221)) - SCM became leader
2022-08-03 01:58:54,804 [Command processor thread] INFO  server.RaftServer (RaftServerProxy.java:addNew(96)) - 5f5834d9-a5b6-4571-92f7-2680994b4e15: addNew group-7CF433773D9C:[5f5834d9-a5b6-4571-92f7-2680994b4e15|rpc:10.1.0.23:42339|priority:1] returns group-7CF433773D9C:java.util.concurrent.CompletableFuture@5142edd[Not completed]
2022-08-03 01:58:54,817 [pool-872-thread-1] INFO  server.RaftServer$Division (RaftServerImpl.java:<init>(190)) - 5f5834d9-a5b6-4571-92f7-2680994b4e15: new RaftServerImpl for group-7CF433773D9C:[5f5834d9-a5b6-4571-92f7-2680994b4e15|rpc:10.1.0.23:42339|priority:1] with ContainerStateMachine:uninitialized
2022-08-03 01:58:54,817 [pool-872-thread-1] INFO  server.RaftServerConfigKeys (ConfUtils.java:logGet(46)) - raft.server.rpc.timeout.min = 5s (custom)
2022-08-03 01:58:54,817 [pool-872-thread-1] INFO  server.RaftServerConfigKeys (ConfUtils.java:logGet(46)) - raft.server.rpc.timeout.max = 5200ms (custom)
2022-08-03 01:58:54,817 [pool-872-thread-1] INFO  server.RaftServerConfigKeys (ConfUtils.java:logGet(46)) - raft.server.rpc.sleep.time = 25ms (default)
2022-08-03 01:58:54,817 [pool-872-thread-1] INFO  server.RaftServerConfigKeys (ConfUtils.java:logGet(46)) - raft.server.rpc.slowness.timeout = 300s (custom)
2022-08-03 01:58:54,817 [pool-872-thread-1] INFO  server.RaftServerConfigKeys (ConfUtils.java:logGet(46)) - raft.server.leaderelection.leader.step-down.wait-time = 10s (default)
2022-08-03 01:58:54,817 [pool-872-thread-1] INFO  server.RaftServerConfigKeys (ConfUtils.java:logGet(46)) - raft.server.sleep.deviation.threshold = 300ms (default)
2022-08-03 01:58:54,817 [pool-872-thread-1] INFO  server.RaftServer$Division (ServerState.java:<init>(107)) - 5f5834d9-a5b6-4571-92f7-2680994b4e15@group-7CF433773D9C: ConfigurationManager, init=-1: [5f5834d9-a5b6-4571-92f7-2680994b4e15|rpc:10.1.0.23:42339|priority:1], old=null, confs=<EMPTY_MAP>
2022-08-03 01:58:54,817 [pool-872-thread-1] INFO  server.RaftServerConfigKeys (ConfUtils.java:logGet(46)) - raft.server.storage.dir = [/home/runner/work/ozone/ozone/hadoop-ozone/integration-test/target/test-dir/MiniOzoneClusterImpl-2737617e-ba4a-449e-a26e-d824b2394d0e/datanode-4/data/ratis] (custom)
2022-08-03 01:58:54,817 [pool-872-thread-1] INFO  server.RaftServerConfigKeys (ConfUtils.java:logGet(46)) - raft.server.log.corruption.policy = EXCEPTION (default)
2022-08-03 01:58:54,817 [pool-872-thread-1] INFO  server.RaftServerConfigKeys (ConfUtils.java:logGet(46)) - raft.server.storage.free-space.min = 0MB (=0) (default)
2022-08-03 01:58:54,818 [pool-872-thread-1] INFO  storage.RaftStorageDirectory (RaftStorageDirectoryImpl.java:analyzeStorage(135)) - The storage directory /home/runner/work/ozone/ozone/hadoop-ozone/integration-test/target/test-dir/MiniOzoneClusterImpl-2737617e-ba4a-449e-a26e-d824b2394d0e/datanode-4/data/ratis/3eeda94b-e6a7-4627-bdc5-7cf433773d9c does not exist. Creating ...
2022-08-03 01:58:54,819 [pool-872-thread-1] INFO  storage.RaftStorageDirectory (RaftStorageDirectoryImpl.java:tryLock(230)) - Lock on /home/runner/work/ozone/ozone/hadoop-ozone/integration-test/target/test-dir/MiniOzoneClusterImpl-2737617e-ba4a-449e-a26e-d824b2394d0e/datanode-4/data/ratis/3eeda94b-e6a7-4627-bdc5-7cf433773d9c/in_use.lock acquired by nodename 17687@fv-az199-929
2022-08-03 01:58:54,825 [pool-872-thread-1] INFO  storage.RaftStorage (RaftStorageImpl.java:format(89)) - Storage directory /home/runner/work/ozone/ozone/hadoop-ozone/integration-test/target/test-dir/MiniOzoneClusterImpl-2737617e-ba4a-449e-a26e-d824b2394d0e/datanode-4/data/ratis/3eeda94b-e6a7-4627-bdc5-7cf433773d9c has been successfully formatted.
2022-08-03 01:58:54,852 [pool-872-thread-1] INFO  ratis.ContainerStateMachine (ContainerStateMachine.java:loadSnapshot(236)) - group-7CF433773D9C: The snapshot info is null. Setting the last applied indexto:(t:0, i:~)
2022-08-03 01:58:54,857 [EventQueue-PipelineReportForPipelineReportHandler] INFO  pipeline.PipelineManagerImpl (PipelineManagerImpl.java:openPipeline(367)) - Pipeline Pipeline[ Id: 3eeda94b-e6a7-4627-bdc5-7cf433773d9c, Nodes: 5f5834d9-a5b6-4571-92f7-2680994b4e15{ip: 10.1.0.23, host: fv-az199-929.piossgaoozdutex3tpy4bgd4ka.dx.internal.cloudapp.net, ports: [REPLICATION=38791, RATIS=42339, RATIS_ADMIN=42339, RATIS_SERVER=42339, STANDALONE=34021], networkLocation: /default-rack, certSerialId: null, persistedOpState: IN_SERVICE, persistedOpStateExpiryEpochSec: 0}, ReplicationConfig: RATIS/ONE, State:ALLOCATED, leaderId:5f5834d9-a5b6-4571-92f7-2680994b4e15, CreationTimestamp2022-08-03T01:58:51.799Z[Etc/UTC]] moved to OPEN state
2022-08-03 01:58:54,857 [EventQueue-OpenPipelineForHealthyPipelineSafeModeRule] INFO  safemode.SCMSafeModeManager (HealthyPipelineSafeModeRule.java:process(137)) - SCM in safe mode. Healthy pipelines reported count is 0, required healthy pipeline reported count is 1
2022-08-03 01:58:54,865 [pool-872-thread-1] INFO  server.RaftServerConfigKeys (ConfUtils.java:logGet(46)) - raft.server.notification.no-leader.timeout = 300s (custom)
2022-08-03 01:58:54,865 [pool-872-thread-1] INFO  server.RaftServerConfigKeys (ConfUtils.java:logGet(46)) - raft.server.log.use.memory = false (default)
2022-08-03 01:58:54,865 [pool-872-thread-1] INFO  server.RaftServerConfigKeys (ConfUtils.java:logGet(46)) - raft.server.log.purge.gap = 1000000 (custom)
2022-08-03 01:58:54,866 [pool-872-thread-1] INFO  server.RaftServerConfigKeys (ConfUtils.java:logGet(46)) - raft.server.log.appender.buffer.byte-limit = 33554432 (custom)
2022-08-03 01:58:54,866 [pool-872-thread-1] INFO  server.RaftServerConfigKeys (ConfUtils.java:logGet(46)) - raft.server.log.statemachine.data.read.timeout = 1000ms (default)
2022-08-03 01:58:54,866 [pool-872-thread-1] INFO  server.RaftServerConfigKeys (ConfUtils.java:logGet(46)) - raft.server.log.segment.size.max = 1048576 (custom)
2022-08-03 01:58:54,866 [pool-872-thread-1] INFO  server.RaftServerConfigKeys (ConfUtils.java:logGet(46)) - raft.server.log.segment.cache.num.max = 2 (custom)
2022-08-03 01:58:54,866 [pool-872-thread-1] INFO  server.RaftServerConfigKeys (ConfUtils.java:logGet(46)) - raft.server.log.segment.cache.size.max = 200MB (=209715200) (default)
2022-08-03 01:58:54,866 [pool-872-thread-1] INFO  segmented.SegmentedRaftLogWorker (SegmentedRaftLogWorker.java:<init>(187)) - new 5f5834d9-a5b6-4571-92f7-2680994b4e15@group-7CF433773D9C-SegmentedRaftLogWorker for RaftStorageImpl:Storage Directory /home/runner/work/ozone/ozone/hadoop-ozone/integration-test/target/test-dir/MiniOzoneClusterImpl-2737617e-ba4a-449e-a26e-d824b2394d0e/datanode-4/data/ratis/3eeda94b-e6a7-4627-bdc5-7cf433773d9c
2022-08-03 01:58:54,866 [pool-872-thread-1] INFO  server.RaftServerConfigKeys (ConfUtils.java:logGet(46)) - raft.server.log.queue.byte-limit = 4294967296 (custom)
2022-08-03 01:58:54,867 [pool-872-thread-1] INFO  server.RaftServerConfigKeys (ConfUtils.java:logGet(46)) - raft.server.log.queue.element-limit = 1024 (custom)
2022-08-03 01:58:54,867 [pool-872-thread-1] INFO  server.RaftServerConfigKeys (ConfUtils.java:logGet(46)) - raft.server.log.segment.size.max = 1048576 (custom)
2022-08-03 01:58:54,867 [pool-872-thread-1] INFO  server.RaftServerConfigKeys (ConfUtils.java:logGet(46)) - raft.server.log.preallocated.size = 16384 (custom)
2022-08-03 01:58:54,867 [pool-872-thread-1] INFO  server.RaftServerConfigKeys (ConfUtils.java:logGet(46)) - raft.server.log.force.sync.num = 128 (default)
2022-08-03 01:58:54,867 [pool-872-thread-1] INFO  server.RaftServerConfigKeys (ConfUtils.java:logGet(46)) - raft.server.log.statemachine.data.sync = true (default)
2022-08-03 01:58:54,867 [pool-872-thread-1] INFO  server.RaftServerConfigKeys (ConfUtils.java:logGet(46)) - raft.server.log.statemachine.data.sync.timeout = 10s (default)
2022-08-03 01:58:54,867 [pool-872-thread-1] INFO  server.RaftServerConfigKeys (ConfUtils.java:logGet(46)) - raft.server.log.statemachine.data.sync.timeout.retry = -1 (default)
2022-08-03 01:58:54,868 [pool-872-thread-1] INFO  server.RaftServerConfigKeys (ConfUtils.java:logGet(46)) - raft.server.log.write.buffer.size = 1048576 (custom)
2022-08-03 01:58:54,870 [pool-872-thread-1] INFO  server.RaftServerConfigKeys (ConfUtils.java:logGet(46)) - raft.server.log.unsafe-flush.enabled = false (default)
2022-08-03 01:58:54,871 [pool-872-thread-1] INFO  server.RaftServerConfigKeys (ConfUtils.java:logGet(46)) - raft.server.log.statemachine.data.caching.enabled = true (custom)
2022-08-03 01:58:54,871 [pool-872-thread-1] INFO  segmented.SegmentedRaftLogWorker (SegmentedRaftLogWorker.java:lambda$new$0(135)) - 5f5834d9-a5b6-4571-92f7-2680994b4e15@group-7CF433773D9C-SegmentedRaftLogWorker: flushIndex: setUnconditionally 0 -> -1
2022-08-03 01:58:54,871 [pool-872-thread-1] INFO  segmented.SegmentedRaftLogWorker (SegmentedRaftLogWorker.java:lambda$new$0(135)) - 5f5834d9-a5b6-4571-92f7-2680994b4e15@group-7CF433773D9C-SegmentedRaftLogWorker: safeCacheEvictIndex: setUnconditionally 0 -> -1
2022-08-03 01:58:54,884 [pool-872-thread-1] INFO  server.RaftServerConfigKeys (ConfUtils.java:logGet(46)) - raft.server.snapshot.auto.trigger.enabled = true (custom)
2022-08-03 01:58:54,884 [pool-872-thread-1] INFO  server.RaftServerConfigKeys (ConfUtils.java:logGet(46)) - raft.server.snapshot.auto.trigger.threshold = 10000 (custom)
2022-08-03 01:58:54,884 [pool-872-thread-1] INFO  server.RaftServerConfigKeys (ConfUtils.java:logGet(46)) - raft.server.snapshot.retention.file.num = 5 (custom)
2022-08-03 01:58:54,884 [pool-872-thread-1] INFO  server.RaftServerConfigKeys (ConfUtils.java:logGet(46)) - raft.server.log.purge.upto.snapshot.index = false (default)
2022-08-03 01:58:54,884 [pool-872-thread-1] INFO  server.RaftServerConfigKeys (ConfUtils.java:logGet(46)) - raft.server.retrycache.expirytime = 600000ms (custom)
2022-08-03 01:58:54,884 [pool-872-thread-1] INFO  server.RaftServerConfigKeys (ConfUtils.java:logGet(46)) - raft.server.retrycache.statistics.expirytime = 100μs (default)
2022-08-03 01:58:54,892 [pool-872-thread-1] INFO  server.RaftServerConfigKeys (ConfUtils.java:logGet(46)) - raft.server.log.appender.install.snapshot.enabled = false (custom)
2022-08-03 01:58:54,896 [pool-872-thread-1] INFO  server.RaftServerConfigKeys (ConfUtils.java:logGet(46)) - raft.server.threadpool.server.cached = true (default)
2022-08-03 01:58:54,896 [pool-872-thread-1] INFO  server.RaftServerConfigKeys (ConfUtils.java:logGet(46)) - raft.server.threadpool.server.size = 0 (default)
2022-08-03 01:58:54,896 [pool-872-thread-1] INFO  server.RaftServerConfigKeys (ConfUtils.java:logGet(46)) - raft.server.threadpool.client.cached = true (default)
2022-08-03 01:58:54,896 [pool-872-thread-1] INFO  server.RaftServerConfigKeys (ConfUtils.java:logGet(46)) - raft.server.threadpool.client.size = 0 (default)
2022-08-03 01:58:54,896 [pool-872-thread-1] INFO  server.RaftServer$Division (RaftServerImpl.java:start(310)) - 5f5834d9-a5b6-4571-92f7-2680994b4e15@group-7CF433773D9C: start as a follower, conf=-1: [5f5834d9-a5b6-4571-92f7-2680994b4e15|rpc:10.1.0.23:42339|priority:1], old=null
2022-08-03 01:58:54,896 [pool-872-thread-1] INFO  server.RaftServer$Division (RaftServerImpl.java:setRole(299)) - 5f5834d9-a5b6-4571-92f7-2680994b4e15@group-7CF433773D9C: changes role from      null to FOLLOWER at term 0 for startAsFollower
2022-08-03 01:58:54,896 [pool-872-thread-1] INFO  impl.RoleInfo (RoleInfo.java:updateAndGet(139)) - 5f5834d9-a5b6-4571-92f7-2680994b4e15: start 5f5834d9-a5b6-4571-92f7-2680994b4e15@group-7CF433773D9C-FollowerState
2022-08-03 01:58:54,897 [pool-872-thread-1] INFO  util.JmxRegister (JmxRegister.java:tryRegister(44)) - Successfully registered JMX Bean with object name Ratis:service=RaftServer,group=group-7CF433773D9C,id=5f5834d9-a5b6-4571-92f7-2680994b4e15
2022-08-03 01:58:54,909 [Command processor thread] INFO  ratis.XceiverServerRatis (XceiverServerRatis.java:addGroup(765)) - Created group PipelineID=3eeda94b-e6a7-4627-bdc5-7cf433773d9c
2022-08-03 01:58:54,909 [Command processor thread] INFO  commandhandler.CreatePipelineCommandHandler (CreatePipelineCommandHandler.java:handle(113)) - Created Pipeline RATIS ONE PipelineID=3eeda94b-e6a7-4627-bdc5-7cf433773d9c.
2022-08-03 01:58:55,414 [986bf7ce-700a-46a1-ab88-e0e38b862364@group-F94D425A8176-FollowerState] INFO  impl.FollowerState (FollowerState.java:run(143)) - 986bf7ce-700a-46a1-ab88-e0e38b862364@group-F94D425A8176-FollowerState: change to CANDIDATE, lastRpcElapsedTime:5048975449ns, electionTimeout:5010ms
2022-08-03 01:58:55,414 [986bf7ce-700a-46a1-ab88-e0e38b862364@group-F94D425A8176-FollowerState] INFO  impl.RoleInfo (RoleInfo.java:shutdownFollowerState(110)) - 986bf7ce-700a-46a1-ab88-e0e38b862364: shutdown 986bf7ce-700a-46a1-ab88-e0e38b862364@group-F94D425A8176-FollowerState
2022-08-03 01:58:55,414 [986bf7ce-700a-46a1-ab88-e0e38b862364@group-F94D425A8176-FollowerState] INFO  server.RaftServer$Division (RaftServerImpl.java:setRole(299)) - 986bf7ce-700a-46a1-ab88-e0e38b862364@group-F94D425A8176: changes role from  FOLLOWER to CANDIDATE at term 0 for changeToCandidate
2022-08-03 01:58:55,414 [986bf7ce-700a-46a1-ab88-e0e38b862364@group-F94D425A8176-FollowerState] INFO  server.RaftServerConfigKeys (ConfUtils.java:logGet(46)) - raft.server.leaderelection.pre-vote = false (custom)
2022-08-03 01:58:55,414 [986bf7ce-700a-46a1-ab88-e0e38b862364@group-F94D425A8176-FollowerState] INFO  impl.RoleInfo (RoleInfo.java:updateAndGet(139)) - 986bf7ce-700a-46a1-ab88-e0e38b862364: start 986bf7ce-700a-46a1-ab88-e0e38b862364@group-F94D425A8176-LeaderElection44
2022-08-03 01:58:55,442 [986bf7ce-700a-46a1-ab88-e0e38b862364@group-F94D425A8176-LeaderElection44] INFO  impl.LeaderElection (LeaderElection.java:askForVotes(310)) - 986bf7ce-700a-46a1-ab88-e0e38b862364@group-F94D425A8176-LeaderElection44 ELECTION round 0: submit vote requests at term 1 for -1: [986bf7ce-700a-46a1-ab88-e0e38b862364|rpc:10.1.0.23:35665|priority:1], old=null
2022-08-03 01:58:55,443 [986bf7ce-700a-46a1-ab88-e0e38b862364@group-F94D425A8176-LeaderElection44] INFO  impl.LeaderElection (LeaderElection.java:askForVotes(312)) - 986bf7ce-700a-46a1-ab88-e0e38b862364@group-F94D425A8176-LeaderElection44 ELECTION round 0: result PASSED (term=1)
2022-08-03 01:58:55,443 [986bf7ce-700a-46a1-ab88-e0e38b862364@group-F94D425A8176-LeaderElection44] INFO  impl.RoleInfo (RoleInfo.java:shutdownLeaderElection(130)) - 986bf7ce-700a-46a1-ab88-e0e38b862364: shutdown 986bf7ce-700a-46a1-ab88-e0e38b862364@group-F94D425A8176-LeaderElection44
2022-08-03 01:58:55,443 [986bf7ce-700a-46a1-ab88-e0e38b862364@group-F94D425A8176-LeaderElection44] INFO  server.RaftServer$Division (RaftServerImpl.java:setRole(299)) - 986bf7ce-700a-46a1-ab88-e0e38b862364@group-F94D425A8176: changes role from CANDIDATE to LEADER at term 1 for changeToLeader
2022-08-03 01:58:55,443 [986bf7ce-700a-46a1-ab88-e0e38b862364@group-F94D425A8176-LeaderElection44] INFO  ratis.XceiverServerRatis (XceiverServerRatis.java:handleLeaderChangedNotification(863)) - Leader change notification received for group: group-F94D425A8176 with new leaderId: 986bf7ce-700a-46a1-ab88-e0e38b862364
2022-08-03 01:58:55,443 [986bf7ce-700a-46a1-ab88-e0e38b862364@group-F94D425A8176-LeaderElection44] INFO  server.RaftServer$Division (ServerState.java:setLeader(287)) - 986bf7ce-700a-46a1-ab88-e0e38b862364@group-F94D425A8176: change Leader from null to 986bf7ce-700a-46a1-ab88-e0e38b862364 at term 1 for becomeLeader, leader elected after 5117ms
2022-08-03 01:58:55,443 [986bf7ce-700a-46a1-ab88-e0e38b862364@group-F94D425A8176-LeaderElection44] INFO  server.RaftServerConfigKeys (ConfUtils.java:logGet(46)) - raft.server.staging.catchup.gap = 1000 (default)
2022-08-03 01:58:55,443 [986bf7ce-700a-46a1-ab88-e0e38b862364@group-F94D425A8176-LeaderElection44] INFO  server.RaftServerConfigKeys (ConfUtils.java:logGet(46)) - raft.server.write.element-limit = 1024 (custom)
2022-08-03 01:58:55,443 [986bf7ce-700a-46a1-ab88-e0e38b862364@group-F94D425A8176-LeaderElection44] INFO  server.RaftServerConfigKeys (ConfUtils.java:logGet(46)) - raft.server.write.byte-limit = 1024 M (=1073741824) (custom)
2022-08-03 01:58:55,444 [986bf7ce-700a-46a1-ab88-e0e38b862364@group-F94D425A8176-LeaderElection44] INFO  server.RaftServerConfigKeys (ConfUtils.java:logGet(46)) - raft.server.watch.timeout = 180s (custom)
2022-08-03 01:58:55,444 [986bf7ce-700a-46a1-ab88-e0e38b862364@group-F94D425A8176-LeaderElection44] INFO  server.RaftServerConfigKeys (ConfUtils.java:logGet(46)) - raft.server.watch.timeout.denomination = 1s (default)
2022-08-03 01:58:55,444 [986bf7ce-700a-46a1-ab88-e0e38b862364@group-F94D425A8176-LeaderElection44] INFO  server.RaftServerConfigKeys (ConfUtils.java:logGet(46)) - raft.server.watch.element-limit = 65536 (default)
2022-08-03 01:58:55,448 [986bf7ce-700a-46a1-ab88-e0e38b862364@group-F94D425A8176-LeaderElection44] INFO  server.RaftServerConfigKeys (ConfUtils.java:logGet(46)) - raft.server.write.element-limit = 1024 (custom)
2022-08-03 01:58:55,448 [986bf7ce-700a-46a1-ab88-e0e38b862364@group-F94D425A8176-LeaderElection44] INFO  server.RaftServerConfigKeys (ConfUtils.java:logGet(46)) - raft.server.write.follower.gap.ratio.max = -1.0 (default)
2022-08-03 01:58:55,448 [986bf7ce-700a-46a1-ab88-e0e38b862364@group-F94D425A8176-LeaderElection44] INFO  impl.RoleInfo (RoleInfo.java:updateAndGet(139)) - 986bf7ce-700a-46a1-ab88-e0e38b862364: start 986bf7ce-700a-46a1-ab88-e0e38b862364@group-F94D425A8176-LeaderStateImpl
2022-08-03 01:58:55,448 [986bf7ce-700a-46a1-ab88-e0e38b862364@group-F94D425A8176-LeaderElection44] INFO  segmented.SegmentedRaftLogWorker (SegmentedRaftLogWorker.java:startLogSegment(425)) - 986bf7ce-700a-46a1-ab88-e0e38b862364@group-F94D425A8176-SegmentedRaftLogWorker: Starting segment from index:0
2022-08-03 01:58:55,449 [986bf7ce-700a-46a1-ab88-e0e38b862364@group-F94D425A8176-SegmentedRaftLogWorker] INFO  segmented.SegmentedRaftLogWorker (SegmentedRaftLogWorker.java:execute(629)) - 986bf7ce-700a-46a1-ab88-e0e38b862364@group-F94D425A8176-SegmentedRaftLogWorker: created new log segment /home/runner/work/ozone/ozone/hadoop-ozone/integration-test/target/test-dir/MiniOzoneClusterImpl-2737617e-ba4a-449e-a26e-d824b2394d0e/datanode-0/data/ratis/bcba705f-048b-400b-86f3-f94d425a8176/current/log_inprogress_0
2022-08-03 01:58:55,455 [EventQueue-OpenPipelineForHealthyPipelineSafeModeRule] INFO  safemode.SCMSafeModeManager (HealthyPipelineSafeModeRule.java:process(137)) - SCM in safe mode. Healthy pipelines reported count is 0, required healthy pipeline reported count is 1
2022-08-03 01:58:55,473 [986bf7ce-700a-46a1-ab88-e0e38b862364@group-F94D425A8176-LeaderElection44] INFO  server.RaftServer$Division (ServerState.java:setRaftConf(393)) - 986bf7ce-700a-46a1-ab88-e0e38b862364@group-F94D425A8176: set configuration 0: [986bf7ce-700a-46a1-ab88-e0e38b862364|rpc:10.1.0.23:35665|dataStream:|priority:1], old=null
2022-08-03 01:58:55,522 [986bf7ce-700a-46a1-ab88-e0e38b862364@group-C5B540C5AAAD-FollowerState] INFO  impl.FollowerState (FollowerState.java:run(143)) - 986bf7ce-700a-46a1-ab88-e0e38b862364@group-C5B540C5AAAD-FollowerState: change to CANDIDATE, lastRpcElapsedTime:5058034988ns, electionTimeout:5057ms
2022-08-03 01:58:55,522 [986bf7ce-700a-46a1-ab88-e0e38b862364@group-C5B540C5AAAD-FollowerState] INFO  impl.RoleInfo (RoleInfo.java:shutdownFollowerState(110)) - 986bf7ce-700a-46a1-ab88-e0e38b862364: shutdown 986bf7ce-700a-46a1-ab88-e0e38b862364@group-C5B540C5AAAD-FollowerState
2022-08-03 01:58:55,522 [986bf7ce-700a-46a1-ab88-e0e38b862364@group-C5B540C5AAAD-FollowerState] INFO  server.RaftServer$Division (RaftServerImpl.java:setRole(299)) - 986bf7ce-700a-46a1-ab88-e0e38b862364@group-C5B540C5AAAD: changes role from  FOLLOWER to CANDIDATE at term 0 for changeToCandidate
2022-08-03 01:58:55,522 [986bf7ce-700a-46a1-ab88-e0e38b862364@group-C5B540C5AAAD-FollowerState] INFO  server.RaftServerConfigKeys (ConfUtils.java:logGet(46)) - raft.server.leaderelection.pre-vote = false (custom)
2022-08-03 01:58:55,523 [986bf7ce-700a-46a1-ab88-e0e38b862364@group-C5B540C5AAAD-FollowerState] INFO  impl.RoleInfo (RoleInfo.java:updateAndGet(139)) - 986bf7ce-700a-46a1-ab88-e0e38b862364: start 986bf7ce-700a-46a1-ab88-e0e38b862364@group-C5B540C5AAAD-LeaderElection45
2022-08-03 01:58:55,552 [986bf7ce-700a-46a1-ab88-e0e38b862364@group-C5B540C5AAAD-LeaderElection45] INFO  impl.LeaderElection (LeaderElection.java:askForVotes(310)) - 986bf7ce-700a-46a1-ab88-e0e38b862364@group-C5B540C5AAAD-LeaderElection45 ELECTION round 0: submit vote requests at term 1 for -1: [c824bff0-102b-4ceb-889e-e8d339be5886|rpc:10.1.0.23:39825|priority:0, 3f997eb7-6b59-43fe-9bb3-f29f42755580|rpc:10.1.0.23:40985|priority:1, 986bf7ce-700a-46a1-ab88-e0e38b862364|rpc:10.1.0.23:35665|priority:0], old=null
2022-08-03 01:58:55,583 [grpc-default-executor-0] INFO  server.RaftServer$Division (RaftServerImpl.java:requestVote(1152)) - c824bff0-102b-4ceb-889e-e8d339be5886@group-C5B540C5AAAD: receive requestVote(ELECTION, 986bf7ce-700a-46a1-ab88-e0e38b862364, group-C5B540C5AAAD, 1, (t:0, i:0))
2022-08-03 01:58:55,583 [grpc-default-executor-0] INFO  impl.VoteContext (VoteContext.java:log(48)) - c824bff0-102b-4ceb-889e-e8d339be5886@group-C5B540C5AAAD-FOLLOWER: accept ELECTION from 986bf7ce-700a-46a1-ab88-e0e38b862364: our priority 0 <= candidate's priority 0
2022-08-03 01:58:55,583 [grpc-default-executor-0] INFO  server.RaftServer$Division (RaftServerImpl.java:setRole(299)) - c824bff0-102b-4ceb-889e-e8d339be5886@group-C5B540C5AAAD: changes role from  FOLLOWER to FOLLOWER at term 1 for candidate:986bf7ce-700a-46a1-ab88-e0e38b862364
2022-08-03 01:58:55,584 [grpc-default-executor-0] INFO  impl.RoleInfo (RoleInfo.java:shutdownFollowerState(110)) - c824bff0-102b-4ceb-889e-e8d339be5886: shutdown c824bff0-102b-4ceb-889e-e8d339be5886@group-C5B540C5AAAD-FollowerState
2022-08-03 01:58:55,584 [grpc-default-executor-0] INFO  impl.RoleInfo (RoleInfo.java:updateAndGet(139)) - c824bff0-102b-4ceb-889e-e8d339be5886: start c824bff0-102b-4ceb-889e-e8d339be5886@group-C5B540C5AAAD-FollowerState
2022-08-03 01:58:55,584 [c824bff0-102b-4ceb-889e-e8d339be5886@group-C5B540C5AAAD-FollowerState] INFO  impl.FollowerState (FollowerState.java:run(152)) - c824bff0-102b-4ceb-889e-e8d339be5886@group-C5B540C5AAAD-FollowerState was interrupted
2022-08-03 01:58:55,599 [3f997eb7-6b59-43fe-9bb3-f29f42755580@group-C5B540C5AAAD-FollowerState] INFO  impl.FollowerState (FollowerState.java:run(143)) - 3f997eb7-6b59-43fe-9bb3-f29f42755580@group-C5B540C5AAAD-FollowerState: change to CANDIDATE, lastRpcElapsedTime:5049428453ns, electionTimeout:5046ms
2022-08-03 01:58:55,600 [3f997eb7-6b59-43fe-9bb3-f29f42755580@group-C5B540C5AAAD-FollowerState] INFO  impl.RoleInfo (RoleInfo.java:shutdownFollowerState(110)) - 3f997eb7-6b59-43fe-9bb3-f29f42755580: shutdown 3f997eb7-6b59-43fe-9bb3-f29f42755580@group-C5B540C5AAAD-FollowerState
2022-08-03 01:58:55,600 [3f997eb7-6b59-43fe-9bb3-f29f42755580@group-C5B540C5AAAD-FollowerState] INFO  server.RaftServer$Division (RaftServerImpl.java:setRole(299)) - 3f997eb7-6b59-43fe-9bb3-f29f42755580@group-C5B540C5AAAD: changes role from  FOLLOWER to CANDIDATE at term 0 for changeToCandidate
2022-08-03 01:58:55,600 [3f997eb7-6b59-43fe-9bb3-f29f42755580@group-C5B540C5AAAD-FollowerState] INFO  server.RaftServerConfigKeys (ConfUtils.java:logGet(46)) - raft.server.leaderelection.pre-vote = false (custom)
2022-08-03 01:58:55,600 [3f997eb7-6b59-43fe-9bb3-f29f42755580@group-C5B540C5AAAD-FollowerState] INFO  impl.RoleInfo (RoleInfo.java:updateAndGet(139)) - 3f997eb7-6b59-43fe-9bb3-f29f42755580: start 3f997eb7-6b59-43fe-9bb3-f29f42755580@group-C5B540C5AAAD-LeaderElection46
2022-08-03 01:58:55,635 [grpc-default-executor-0] INFO  server.RaftServer$Division (RaftServerImpl.java:requestVote(1184)) - c824bff0-102b-4ceb-889e-e8d339be5886@group-C5B540C5AAAD replies to ELECTION vote request: 986bf7ce-700a-46a1-ab88-e0e38b862364<-c824bff0-102b-4ceb-889e-e8d339be5886#0:OK-t1. Peer's state: c824bff0-102b-4ceb-889e-e8d339be5886@group-C5B540C5AAAD:t1, leader=null, voted=986bf7ce-700a-46a1-ab88-e0e38b862364, raftlog=c824bff0-102b-4ceb-889e-e8d339be5886@group-C5B540C5AAAD-SegmentedRaftLog:OPENED:c-1, conf=-1: [c824bff0-102b-4ceb-889e-e8d339be5886|rpc:10.1.0.23:39825|dataStream:|priority:0, 3f997eb7-6b59-43fe-9bb3-f29f42755580|rpc:10.1.0.23:40985|dataStream:|priority:1, 986bf7ce-700a-46a1-ab88-e0e38b862364|rpc:10.1.0.23:35665|dataStream:|priority:0], old=null
2022-08-03 01:58:55,655 [3f997eb7-6b59-43fe-9bb3-f29f42755580@group-C5B540C5AAAD-LeaderElection46] INFO  impl.LeaderElection (LeaderElection.java:askForVotes(310)) - 3f997eb7-6b59-43fe-9bb3-f29f42755580@group-C5B540C5AAAD-LeaderElection46 ELECTION round 0: submit vote requests at term 1 for -1: [c824bff0-102b-4ceb-889e-e8d339be5886|rpc:10.1.0.23:39825|dataStream:|priority:0, 3f997eb7-6b59-43fe-9bb3-f29f42755580|rpc:10.1.0.23:40985|dataStream:|priority:1, 986bf7ce-700a-46a1-ab88-e0e38b862364|rpc:10.1.0.23:35665|dataStream:|priority:0], old=null
2022-08-03 01:58:55,672 [grpc-default-executor-0] INFO  server.RaftServer$Division (RaftServerImpl.java:requestVote(1152)) - c824bff0-102b-4ceb-889e-e8d339be5886@group-C5B540C5AAAD: receive requestVote(ELECTION, 3f997eb7-6b59-43fe-9bb3-f29f42755580, group-C5B540C5AAAD, 1, (t:0, i:0))
2022-08-03 01:58:55,672 [grpc-default-executor-0] INFO  impl.VoteContext (VoteContext.java:log(48)) - c824bff0-102b-4ceb-889e-e8d339be5886@group-C5B540C5AAAD-FOLLOWER: reject ELECTION from 3f997eb7-6b59-43fe-9bb3-f29f42755580: already has voted for 986bf7ce-700a-46a1-ab88-e0e38b862364 at current term 1
2022-08-03 01:58:55,672 [grpc-default-executor-0] INFO  server.RaftServer$Division (RaftServerImpl.java:requestVote(1184)) - c824bff0-102b-4ceb-889e-e8d339be5886@group-C5B540C5AAAD replies to ELECTION vote request: 3f997eb7-6b59-43fe-9bb3-f29f42755580<-c824bff0-102b-4ceb-889e-e8d339be5886#0:FAIL-t1. Peer's state: c824bff0-102b-4ceb-889e-e8d339be5886@group-C5B540C5AAAD:t1, leader=null, voted=986bf7ce-700a-46a1-ab88-e0e38b862364, raftlog=c824bff0-102b-4ceb-889e-e8d339be5886@group-C5B540C5AAAD-SegmentedRaftLog:OPENED:c-1, conf=-1: [c824bff0-102b-4ceb-889e-e8d339be5886|rpc:10.1.0.23:39825|dataStream:|priority:0, 3f997eb7-6b59-43fe-9bb3-f29f42755580|rpc:10.1.0.23:40985|dataStream:|priority:1, 986bf7ce-700a-46a1-ab88-e0e38b862364|rpc:10.1.0.23:35665|dataStream:|priority:0], old=null
2022-08-03 01:58:55,705 [grpc-default-executor-0] INFO  server.RaftServer$Division (RaftServerImpl.java:requestVote(1152)) - 3f997eb7-6b59-43fe-9bb3-f29f42755580@group-C5B540C5AAAD: receive requestVote(ELECTION, 986bf7ce-700a-46a1-ab88-e0e38b862364, group-C5B540C5AAAD, 1, (t:0, i:0))
2022-08-03 01:58:55,705 [grpc-default-executor-0] INFO  impl.VoteContext (VoteContext.java:log(48)) - 3f997eb7-6b59-43fe-9bb3-f29f42755580@group-C5B540C5AAAD-CANDIDATE: reject ELECTION from 986bf7ce-700a-46a1-ab88-e0e38b862364: already has voted for 3f997eb7-6b59-43fe-9bb3-f29f42755580 at current term 1
2022-08-03 01:58:55,705 [grpc-default-executor-0] INFO  server.RaftServer$Division (RaftServerImpl.java:requestVote(1184)) - 3f997eb7-6b59-43fe-9bb3-f29f42755580@group-C5B540C5AAAD replies to ELECTION vote request: 986bf7ce-700a-46a1-ab88-e0e38b862364<-3f997eb7-6b59-43fe-9bb3-f29f42755580#0:FAIL-t1. Peer's state: 3f997eb7-6b59-43fe-9bb3-f29f42755580@group-C5B540C5AAAD:t1, leader=null, voted=3f997eb7-6b59-43fe-9bb3-f29f42755580, raftlog=3f997eb7-6b59-43fe-9bb3-f29f42755580@group-C5B540C5AAAD-SegmentedRaftLog:OPENED:c-1, conf=-1: [c824bff0-102b-4ceb-889e-e8d339be5886|rpc:10.1.0.23:39825|dataStream:|priority:0, 3f997eb7-6b59-43fe-9bb3-f29f42755580|rpc:10.1.0.23:40985|dataStream:|priority:1, 986bf7ce-700a-46a1-ab88-e0e38b862364|rpc:10.1.0.23:35665|dataStream:|priority:0], old=null
2022-08-03 01:58:55,710 [986bf7ce-700a-46a1-ab88-e0e38b862364@group-C5B540C5AAAD-LeaderElection45] INFO  impl.LeaderElection (LeaderElection.java:logAndReturn(90)) - 986bf7ce-700a-46a1-ab88-e0e38b862364@group-C5B540C5AAAD-LeaderElection45: ELECTION REJECTED received 2 response(s) and 0 exception(s):
2022-08-03 01:58:55,710 [986bf7ce-700a-46a1-ab88-e0e38b862364@group-C5B540C5AAAD-LeaderElection45] INFO  impl.LeaderElection (LeaderElection.java:logAndReturn(94)) -   Response 0: 986bf7ce-700a-46a1-ab88-e0e38b862364<-c824bff0-102b-4ceb-889e-e8d339be5886#0:OK-t1
2022-08-03 01:58:55,710 [986bf7ce-700a-46a1-ab88-e0e38b862364@group-C5B540C5AAAD-LeaderElection45] INFO  impl.LeaderElection (LeaderElection.java:logAndReturn(94)) -   Response 1: 986bf7ce-700a-46a1-ab88-e0e38b862364<-3f997eb7-6b59-43fe-9bb3-f29f42755580#0:FAIL-t1
2022-08-03 01:58:55,710 [986bf7ce-700a-46a1-ab88-e0e38b862364@group-C5B540C5AAAD-LeaderElection45] INFO  impl.LeaderElection (LeaderElection.java:askForVotes(312)) - 986bf7ce-700a-46a1-ab88-e0e38b862364@group-C5B540C5AAAD-LeaderElection45 ELECTION round 0: result REJECTED
2022-08-03 01:58:55,735 [UnderReplicatedQueueThreadThread] INFO  replication.UnderReplicatedProcessor (UnderReplicatedProcessor.java:processAll(85)) - Processed 0 under replicated containers, failed processing 0
2022-08-03 01:58:55,736 [OverReplicatedQueueThreadThread] INFO  replication.OverReplicatedProcessor (OverReplicatedProcessor.java:processAll(83)) - Processed 0 over replicated containers, failed processing 0
2022-08-03 01:58:55,740 [986bf7ce-700a-46a1-ab88-e0e38b862364@group-C5B540C5AAAD-LeaderElection45] INFO  server.RaftServer$Division (RaftServerImpl.java:setRole(299)) - 986bf7ce-700a-46a1-ab88-e0e38b862364@group-C5B540C5AAAD: changes role from CANDIDATE to FOLLOWER at term 1 for REJECTED
2022-08-03 01:58:55,740 [986bf7ce-700a-46a1-ab88-e0e38b862364@group-C5B540C5AAAD-LeaderElection45] INFO  impl.RoleInfo (RoleInfo.java:shutdownLeaderElection(130)) - 986bf7ce-700a-46a1-ab88-e0e38b862364: shutdown 986bf7ce-700a-46a1-ab88-e0e38b862364@group-C5B540C5AAAD-LeaderElection45
2022-08-03 01:58:55,740 [986bf7ce-700a-46a1-ab88-e0e38b862364@group-C5B540C5AAAD-LeaderElection45] INFO  impl.RoleInfo (RoleInfo.java:updateAndGet(139)) - 986bf7ce-700a-46a1-ab88-e0e38b862364: start 986bf7ce-700a-46a1-ab88-e0e38b862364@group-C5B540C5AAAD-FollowerState
2022-08-03 01:58:55,744 [Listener at 127.0.0.1/36513] INFO  ozone.MiniOzoneClusterImpl (MiniOzoneClusterImpl.java:lambda$waitForClusterToBeReady$0(216)) - Nodes are ready. Got 5 of 5 DN Heartbeats.
2022-08-03 01:58:55,745 [Listener at 127.0.0.1/36513] INFO  ozone.MiniOzoneClusterImpl (MiniOzoneClusterImpl.java:lambda$waitForClusterToBeReady$0(219)) - Waiting for cluster to exit safe mode
2022-08-03 01:58:55,745 [Listener at 127.0.0.1/36513] INFO  ozone.MiniOzoneClusterImpl (MiniOzoneClusterImpl.java:lambda$waitForClusterToBeReady$0(221)) - SCM became leader
2022-08-03 01:58:55,793 [grpc-default-executor-0] INFO  server.RaftServer$Division (RaftServerImpl.java:requestVote(1152)) - 986bf7ce-700a-46a1-ab88-e0e38b862364@group-C5B540C5AAAD: receive requestVote(ELECTION, 3f997eb7-6b59-43fe-9bb3-f29f42755580, group-C5B540C5AAAD, 1, (t:0, i:0))
2022-08-03 01:58:55,793 [grpc-default-executor-0] INFO  impl.VoteContext (VoteContext.java:log(48)) - 986bf7ce-700a-46a1-ab88-e0e38b862364@group-C5B540C5AAAD-FOLLOWER: reject ELECTION from 3f997eb7-6b59-43fe-9bb3-f29f42755580: already has voted for 986bf7ce-700a-46a1-ab88-e0e38b862364 at current term 1
2022-08-03 01:58:55,793 [grpc-default-executor-0] INFO  server.RaftServer$Division (RaftServerImpl.java:requestVote(1184)) - 986bf7ce-700a-46a1-ab88-e0e38b862364@group-C5B540C5AAAD replies to ELECTION vote request: 3f997eb7-6b59-43fe-9bb3-f29f42755580<-986bf7ce-700a-46a1-ab88-e0e38b862364#0:FAIL-t1. Peer's state: 986bf7ce-700a-46a1-ab88-e0e38b862364@group-C5B540C5AAAD:t1, leader=null, voted=986bf7ce-700a-46a1-ab88-e0e38b862364, raftlog=986bf7ce-700a-46a1-ab88-e0e38b862364@group-C5B540C5AAAD-SegmentedRaftLog:OPENED:c-1, conf=-1: [c824bff0-102b-4ceb-889e-e8d339be5886|rpc:10.1.0.23:39825|priority:0, 3f997eb7-6b59-43fe-9bb3-f29f42755580|rpc:10.1.0.23:40985|priority:1, 986bf7ce-700a-46a1-ab88-e0e38b862364|rpc:10.1.0.23:35665|priority:0], old=null
2022-08-03 01:58:55,834 [3f997eb7-6b59-43fe-9bb3-f29f42755580@group-C5B540C5AAAD-LeaderElection46] INFO  impl.LeaderElection (LeaderElection.java:logAndReturn(90)) - 3f997eb7-6b59-43fe-9bb3-f29f42755580@group-C5B540C5AAAD-LeaderElection46: ELECTION REJECTED received 2 response(s) and 0 exception(s):
2022-08-03 01:58:55,834 [3f997eb7-6b59-43fe-9bb3-f29f42755580@group-C5B540C5AAAD-LeaderElection46] INFO  impl.LeaderElection (LeaderElection.java:logAndReturn(94)) -   Response 0: 3f997eb7-6b59-43fe-9bb3-f29f42755580<-c824bff0-102b-4ceb-889e-e8d339be5886#0:FAIL-t1
2022-08-03 01:58:55,834 [3f997eb7-6b59-43fe-9bb3-f29f42755580@group-C5B540C5AAAD-LeaderElection46] INFO  impl.LeaderElection (LeaderElection.java:logAndReturn(94)) -   Response 1: 3f997eb7-6b59-43fe-9bb3-f29f42755580<-986bf7ce-700a-46a1-ab88-e0e38b862364#0:FAIL-t1
2022-08-03 01:58:55,834 [3f997eb7-6b59-43fe-9bb3-f29f42755580@group-C5B540C5AAAD-LeaderElection46] INFO  impl.LeaderElection (LeaderElection.java:askForVotes(312)) - 3f997eb7-6b59-43fe-9bb3-f29f42755580@group-C5B540C5AAAD-LeaderElection46 ELECTION round 0: result REJECTED
2022-08-03 01:58:55,834 [3f997eb7-6b59-43fe-9bb3-f29f42755580@group-C5B540C5AAAD-LeaderElection46] INFO  server.RaftServer$Division (RaftServerImpl.java:setRole(299)) - 3f997eb7-6b59-43fe-9bb3-f29f42755580@group-C5B540C5AAAD: changes role from CANDIDATE to FOLLOWER at term 1 for REJECTED
2022-08-03 01:58:55,834 [3f997eb7-6b59-43fe-9bb3-f29f42755580@group-C5B540C5AAAD-LeaderElection46] INFO  impl.RoleInfo (RoleInfo.java:shutdownLeaderElection(130)) - 3f997eb7-6b59-43fe-9bb3-f29f42755580: shutdown 3f997eb7-6b59-43fe-9bb3-f29f42755580@group-C5B540C5AAAD-LeaderElection46
2022-08-03 01:58:55,834 [3f997eb7-6b59-43fe-9bb3-f29f42755580@group-C5B540C5AAAD-LeaderElection46] INFO  impl.RoleInfo (RoleInfo.java:updateAndGet(139)) - 3f997eb7-6b59-43fe-9bb3-f29f42755580: start 3f997eb7-6b59-43fe-9bb3-f29f42755580@group-C5B540C5AAAD-FollowerState
2022-08-03 01:58:56,004 [986bf7ce-700a-46a1-ab88-e0e38b862364@group-87E6F9D73CDC-FollowerState] INFO  impl.FollowerState (FollowerState.java:run(143)) - 986bf7ce-700a-46a1-ab88-e0e38b862364@group-87E6F9D73CDC-FollowerState: change to CANDIDATE, lastRpcElapsedTime:5096517049ns, electionTimeout:5089ms
2022-08-03 01:58:56,004 [986bf7ce-700a-46a1-ab88-e0e38b862364@group-87E6F9D73CDC-FollowerState] INFO  impl.RoleInfo (RoleInfo.java:shutdownFollowerState(110)) - 986bf7ce-700a-46a1-ab88-e0e38b862364: shutdown 986bf7ce-700a-46a1-ab88-e0e38b862364@group-87E6F9D73CDC-FollowerState
2022-08-03 01:58:56,004 [986bf7ce-700a-46a1-ab88-e0e38b862364@group-87E6F9D73CDC-FollowerState] INFO  server.RaftServer$Division (RaftServerImpl.java:setRole(299)) - 986bf7ce-700a-46a1-ab88-e0e38b862364@group-87E6F9D73CDC: changes role from  FOLLOWER to CANDIDATE at term 0 for changeToCandidate
2022-08-03 01:58:56,004 [986bf7ce-700a-46a1-ab88-e0e38b862364@group-87E6F9D73CDC-FollowerState] INFO  server.RaftServerConfigKeys (ConfUtils.java:logGet(46)) - raft.server.leaderelection.pre-vote = false (custom)
2022-08-03 01:58:56,004 [986bf7ce-700a-46a1-ab88-e0e38b862364@group-87E6F9D73CDC-FollowerState] INFO  impl.RoleInfo (RoleInfo.java:updateAndGet(139)) - 986bf7ce-700a-46a1-ab88-e0e38b862364: start 986bf7ce-700a-46a1-ab88-e0e38b862364@group-87E6F9D73CDC-LeaderElection47
2022-08-03 01:58:56,084 [986bf7ce-700a-46a1-ab88-e0e38b862364@group-87E6F9D73CDC-LeaderElection47] INFO  impl.LeaderElection (LeaderElection.java:askForVotes(310)) - 986bf7ce-700a-46a1-ab88-e0e38b862364@group-87E6F9D73CDC-LeaderElection47 ELECTION round 0: submit vote requests at term 1 for -1: [c824bff0-102b-4ceb-889e-e8d339be5886|rpc:10.1.0.23:39825|priority:1, 3f997eb7-6b59-43fe-9bb3-f29f42755580|rpc:10.1.0.23:40985|priority:0, 986bf7ce-700a-46a1-ab88-e0e38b862364|rpc:10.1.0.23:35665|priority:0], old=null
2022-08-03 01:58:56,106 [grpc-default-executor-0] INFO  server.RaftServer$Division (RaftServerImpl.java:requestVote(1152)) - c824bff0-102b-4ceb-889e-e8d339be5886@group-87E6F9D73CDC: receive requestVote(ELECTION, 986bf7ce-700a-46a1-ab88-e0e38b862364, group-87E6F9D73CDC, 1, (t:0, i:0))
2022-08-03 01:58:56,106 [grpc-default-executor-0] INFO  impl.VoteContext (VoteContext.java:log(48)) - c824bff0-102b-4ceb-889e-e8d339be5886@group-87E6F9D73CDC-FOLLOWER: reject ELECTION from 986bf7ce-700a-46a1-ab88-e0e38b862364: our priority 1 > candidate's priority 0
2022-08-03 01:58:56,106 [grpc-default-executor-0] INFO  server.RaftServer$Division (RaftServerImpl.java:setRole(299)) - c824bff0-102b-4ceb-889e-e8d339be5886@group-87E6F9D73CDC: changes role from  FOLLOWER to FOLLOWER at term 1 for candidate:986bf7ce-700a-46a1-ab88-e0e38b862364
2022-08-03 01:58:56,106 [grpc-default-executor-0] INFO  impl.RoleInfo (RoleInfo.java:shutdownFollowerState(110)) - c824bff0-102b-4ceb-889e-e8d339be5886: shutdown c824bff0-102b-4ceb-889e-e8d339be5886@group-87E6F9D73CDC-FollowerState
2022-08-03 01:58:56,106 [grpc-default-executor-0] INFO  impl.RoleInfo (RoleInfo.java:updateAndGet(139)) - c824bff0-102b-4ceb-889e-e8d339be5886: start c824bff0-102b-4ceb-889e-e8d339be5886@group-87E6F9D73CDC-FollowerState
2022-08-03 01:58:56,106 [c824bff0-102b-4ceb-889e-e8d339be5886@group-87E6F9D73CDC-FollowerState] INFO  impl.FollowerState (FollowerState.java:run(152)) - c824bff0-102b-4ceb-889e-e8d339be5886@group-87E6F9D73CDC-FollowerState was interrupted
2022-08-03 01:58:56,119 [grpc-default-executor-0] INFO  server.RaftServer$Division (RaftServerImpl.java:requestVote(1184)) - c824bff0-102b-4ceb-889e-e8d339be5886@group-87E6F9D73CDC replies to ELECTION vote request: 986bf7ce-700a-46a1-ab88-e0e38b862364<-c824bff0-102b-4ceb-889e-e8d339be5886#0:FAIL-t1. Peer's state: c824bff0-102b-4ceb-889e-e8d339be5886@group-87E6F9D73CDC:t1, leader=null, voted=null, raftlog=c824bff0-102b-4ceb-889e-e8d339be5886@group-87E6F9D73CDC-SegmentedRaftLog:OPENED:c-1, conf=-1: [c824bff0-102b-4ceb-889e-e8d339be5886|rpc:10.1.0.23:39825|dataStream:|priority:1, 3f997eb7-6b59-43fe-9bb3-f29f42755580|rpc:10.1.0.23:40985|dataStream:|priority:0, 986bf7ce-700a-46a1-ab88-e0e38b862364|rpc:10.1.0.23:35665|dataStream:|priority:0], old=null
2022-08-03 01:58:56,124 [grpc-default-executor-0] INFO  server.RaftServer$Division (RaftServerImpl.java:requestVote(1152)) - 3f997eb7-6b59-43fe-9bb3-f29f42755580@group-87E6F9D73CDC: receive requestVote(ELECTION, 986bf7ce-700a-46a1-ab88-e0e38b862364, group-87E6F9D73CDC, 1, (t:0, i:0))
2022-08-03 01:58:56,124 [grpc-default-executor-0] INFO  impl.VoteContext (VoteContext.java:log(48)) - 3f997eb7-6b59-43fe-9bb3-f29f42755580@group-87E6F9D73CDC-FOLLOWER: accept ELECTION from 986bf7ce-700a-46a1-ab88-e0e38b862364: our priority 0 <= candidate's priority 0
2022-08-03 01:58:56,124 [grpc-default-executor-0] INFO  server.RaftServer$Division (RaftServerImpl.java:setRole(299)) - 3f997eb7-6b59-43fe-9bb3-f29f42755580@group-87E6F9D73CDC: changes role from  FOLLOWER to FOLLOWER at term 1 for candidate:986bf7ce-700a-46a1-ab88-e0e38b862364
2022-08-03 01:58:56,124 [grpc-default-executor-0] INFO  impl.RoleInfo (RoleInfo.java:shutdownFollowerState(110)) - 3f997eb7-6b59-43fe-9bb3-f29f42755580: shutdown 3f997eb7-6b59-43fe-9bb3-f29f42755580@group-87E6F9D73CDC-FollowerState
2022-08-03 01:58:56,124 [3f997eb7-6b59-43fe-9bb3-f29f42755580@group-87E6F9D73CDC-FollowerState] INFO  impl.FollowerState (FollowerState.java:run(152)) - 3f997eb7-6b59-43fe-9bb3-f29f42755580@group-87E6F9D73CDC-FollowerState was interrupted
2022-08-03 01:58:56,125 [grpc-default-executor-0] INFO  impl.RoleInfo (RoleInfo.java:updateAndGet(139)) - 3f997eb7-6b59-43fe-9bb3-f29f42755580: start 3f997eb7-6b59-43fe-9bb3-f29f42755580@group-87E6F9D73CDC-FollowerState
2022-08-03 01:58:56,128 [grpc-default-executor-0] INFO  server.RaftServer$Division (RaftServerImpl.java:requestVote(1184)) - 3f997eb7-6b59-43fe-9bb3-f29f42755580@group-87E6F9D73CDC replies to ELECTION vote request: 986bf7ce-700a-46a1-ab88-e0e38b862364<-3f997eb7-6b59-43fe-9bb3-f29f42755580#0:OK-t1. Peer's state: 3f997eb7-6b59-43fe-9bb3-f29f42755580@group-87E6F9D73CDC:t1, leader=null, voted=986bf7ce-700a-46a1-ab88-e0e38b862364, raftlog=3f997eb7-6b59-43fe-9bb3-f29f42755580@group-87E6F9D73CDC-SegmentedRaftLog:OPENED:c-1, conf=-1: [c824bff0-102b-4ceb-889e-e8d339be5886|rpc:10.1.0.23:39825|dataStream:|priority:1, 3f997eb7-6b59-43fe-9bb3-f29f42755580|rpc:10.1.0.23:40985|dataStream:|priority:0, 986bf7ce-700a-46a1-ab88-e0e38b862364|rpc:10.1.0.23:35665|dataStream:|priority:0], old=null
2022-08-03 01:58:56,141 [986bf7ce-700a-46a1-ab88-e0e38b862364@group-87E6F9D73CDC-LeaderElection47] INFO  impl.LeaderElection (LeaderElection.java:logAndReturn(90)) - 986bf7ce-700a-46a1-ab88-e0e38b862364@group-87E6F9D73CDC-LeaderElection47: ELECTION REJECTED received 1 response(s) and 0 exception(s):
2022-08-03 01:58:56,141 [986bf7ce-700a-46a1-ab88-e0e38b862364@group-87E6F9D73CDC-LeaderElection47] INFO  impl.LeaderElection (LeaderElection.java:logAndReturn(94)) -   Response 0: 986bf7ce-700a-46a1-ab88-e0e38b862364<-c824bff0-102b-4ceb-889e-e8d339be5886#0:FAIL-t1
2022-08-03 01:58:56,141 [986bf7ce-700a-46a1-ab88-e0e38b862364@group-87E6F9D73CDC-LeaderElection47] INFO  impl.LeaderElection (LeaderElection.java:askForVotes(312)) - 986bf7ce-700a-46a1-ab88-e0e38b862364@group-87E6F9D73CDC-LeaderElection47 ELECTION round 0: result REJECTED
2022-08-03 01:58:56,141 [986bf7ce-700a-46a1-ab88-e0e38b862364@group-87E6F9D73CDC-LeaderElection47] INFO  server.RaftServer$Division (RaftServerImpl.java:setRole(299)) - 986bf7ce-700a-46a1-ab88-e0e38b862364@group-87E6F9D73CDC: changes role from CANDIDATE to FOLLOWER at term 1 for REJECTED
2022-08-03 01:58:56,141 [986bf7ce-700a-46a1-ab88-e0e38b862364@group-87E6F9D73CDC-LeaderElection47] INFO  impl.RoleInfo (RoleInfo.java:shutdownLeaderElection(130)) - 986bf7ce-700a-46a1-ab88-e0e38b862364: shutdown 986bf7ce-700a-46a1-ab88-e0e38b862364@group-87E6F9D73CDC-LeaderElection47
2022-08-03 01:58:56,141 [986bf7ce-700a-46a1-ab88-e0e38b862364@group-87E6F9D73CDC-LeaderElection47] INFO  impl.RoleInfo (RoleInfo.java:updateAndGet(139)) - 986bf7ce-700a-46a1-ab88-e0e38b862364: start 986bf7ce-700a-46a1-ab88-e0e38b862364@group-87E6F9D73CDC-FollowerState
2022-08-03 01:58:56,729 [3f997eb7-6b59-43fe-9bb3-f29f42755580@group-AB459FAF644A-FollowerState] INFO  impl.FollowerState (FollowerState.java:run(143)) - 3f997eb7-6b59-43fe-9bb3-f29f42755580@group-AB459FAF644A-FollowerState: change to CANDIDATE, lastRpcElapsedTime:5169476154ns, electionTimeout:5164ms
2022-08-03 01:58:56,729 [3f997eb7-6b59-43fe-9bb3-f29f42755580@group-AB459FAF644A-FollowerState] INFO  impl.RoleInfo (RoleInfo.java:shutdownFollowerState(110)) - 3f997eb7-6b59-43fe-9bb3-f29f42755580: shutdown 3f997eb7-6b59-43fe-9bb3-f29f42755580@group-AB459FAF644A-FollowerState
2022-08-03 01:58:56,729 [3f997eb7-6b59-43fe-9bb3-f29f42755580@group-AB459FAF644A-FollowerState] INFO  server.RaftServer$Division (RaftServerImpl.java:setRole(299)) - 3f997eb7-6b59-43fe-9bb3-f29f42755580@group-AB459FAF644A: changes role from  FOLLOWER to CANDIDATE at term 0 for changeToCandidate
2022-08-03 01:58:56,729 [3f997eb7-6b59-43fe-9bb3-f29f42755580@group-AB459FAF644A-FollowerState] INFO  server.RaftServerConfigKeys (ConfUtils.java:logGet(46)) - raft.server.leaderelection.pre-vote = false (custom)
2022-08-03 01:58:56,729 [3f997eb7-6b59-43fe-9bb3-f29f42755580@group-AB459FAF644A-FollowerState] INFO  impl.RoleInfo (RoleInfo.java:updateAndGet(139)) - 3f997eb7-6b59-43fe-9bb3-f29f42755580: start 3f997eb7-6b59-43fe-9bb3-f29f42755580@group-AB459FAF644A-LeaderElection48
2022-08-03 01:58:56,745 [Listener at 127.0.0.1/36513] INFO  ozone.MiniOzoneClusterImpl (MiniOzoneClusterImpl.java:lambda$waitForClusterToBeReady$0(216)) - Nodes are ready. Got 5 of 5 DN Heartbeats.
2022-08-03 01:58:56,745 [Listener at 127.0.0.1/36513] INFO  ozone.MiniOzoneClusterImpl (MiniOzoneClusterImpl.java:lambda$waitForClusterToBeReady$0(219)) - Waiting for cluster to exit safe mode
2022-08-03 01:58:56,745 [Listener at 127.0.0.1/36513] INFO  ozone.MiniOzoneClusterImpl (MiniOzoneClusterImpl.java:lambda$waitForClusterToBeReady$0(221)) - SCM became leader
2022-08-03 01:58:56,777 [3f997eb7-6b59-43fe-9bb3-f29f42755580@group-AB459FAF644A-LeaderElection48] INFO  impl.LeaderElection (LeaderElection.java:askForVotes(310)) - 3f997eb7-6b59-43fe-9bb3-f29f42755580@group-AB459FAF644A-LeaderElection48 ELECTION round 0: submit vote requests at term 1 for -1: [3f997eb7-6b59-43fe-9bb3-f29f42755580|rpc:10.1.0.23:40985|priority:1], old=null
2022-08-03 01:58:56,777 [3f997eb7-6b59-43fe-9bb3-f29f42755580@group-AB459FAF644A-LeaderElection48] INFO  impl.LeaderElection (LeaderElection.java:askForVotes(312)) - 3f997eb7-6b59-43fe-9bb3-f29f42755580@group-AB459FAF644A-LeaderElection48 ELECTION round 0: result PASSED (term=1)
2022-08-03 01:58:56,777 [3f997eb7-6b59-43fe-9bb3-f29f42755580@group-AB459FAF644A-LeaderElection48] INFO  impl.RoleInfo (RoleInfo.java:shutdownLeaderElection(130)) - 3f997eb7-6b59-43fe-9bb3-f29f42755580: shutdown 3f997eb7-6b59-43fe-9bb3-f29f42755580@group-AB459FAF644A-LeaderElection48
2022-08-03 01:58:56,777 [3f997eb7-6b59-43fe-9bb3-f29f42755580@group-AB459FAF644A-LeaderElection48] INFO  server.RaftServer$Division (RaftServerImpl.java:setRole(299)) - 3f997eb7-6b59-43fe-9bb3-f29f42755580@group-AB459FAF644A: changes role from CANDIDATE to LEADER at term 1 for changeToLeader
2022-08-03 01:58:56,777 [3f997eb7-6b59-43fe-9bb3-f29f42755580@group-AB459FAF644A-LeaderElection48] INFO  ratis.XceiverServerRatis (XceiverServerRatis.java:handleLeaderChangedNotification(863)) - Leader change notification received for group: group-AB459FAF644A with new leaderId: 3f997eb7-6b59-43fe-9bb3-f29f42755580
2022-08-03 01:58:56,777 [3f997eb7-6b59-43fe-9bb3-f29f42755580@group-AB459FAF644A-LeaderElection48] INFO  server.RaftServer$Division (ServerState.java:setLeader(287)) - 3f997eb7-6b59-43fe-9bb3-f29f42755580@group-AB459FAF644A: change Leader from null to 3f997eb7-6b59-43fe-9bb3-f29f42755580 at term 1 for becomeLeader, leader elected after 5231ms
2022-08-03 01:58:56,777 [3f997eb7-6b59-43fe-9bb3-f29f42755580@group-AB459FAF644A-LeaderElection48] INFO  server.RaftServerConfigKeys (ConfUtils.java:logGet(46)) - raft.server.staging.catchup.gap = 1000 (default)
2022-08-03 01:58:56,778 [3f997eb7-6b59-43fe-9bb3-f29f42755580@group-AB459FAF644A-LeaderElection48] INFO  server.RaftServerConfigKeys (ConfUtils.java:logGet(46)) - raft.server.write.element-limit = 1024 (custom)
2022-08-03 01:58:56,778 [3f997eb7-6b59-43fe-9bb3-f29f42755580@group-AB459FAF644A-LeaderElection48] INFO  server.RaftServerConfigKeys (ConfUtils.java:logGet(46)) - raft.server.write.byte-limit = 1024 M (=1073741824) (custom)
2022-08-03 01:58:56,778 [3f997eb7-6b59-43fe-9bb3-f29f42755580@group-AB459FAF644A-LeaderElection48] INFO  server.RaftServerConfigKeys (ConfUtils.java:logGet(46)) - raft.server.watch.timeout = 180s (custom)
2022-08-03 01:58:56,778 [3f997eb7-6b59-43fe-9bb3-f29f42755580@group-AB459FAF644A-LeaderElection48] INFO  server.RaftServerConfigKeys (ConfUtils.java:logGet(46)) - raft.server.watch.timeout.denomination = 1s (default)
2022-08-03 01:58:56,778 [3f997eb7-6b59-43fe-9bb3-f29f42755580@group-AB459FAF644A-LeaderElection48] INFO  server.RaftServerConfigKeys (ConfUtils.java:logGet(46)) - raft.server.watch.element-limit = 65536 (default)
2022-08-03 01:58:56,778 [3f997eb7-6b59-43fe-9bb3-f29f42755580@group-AB459FAF644A-LeaderElection48] INFO  server.RaftServerConfigKeys (ConfUtils.java:logGet(46)) - raft.server.write.element-limit = 1024 (custom)
2022-08-03 01:58:56,778 [3f997eb7-6b59-43fe-9bb3-f29f42755580@group-AB459FAF644A-LeaderElection48] INFO  server.RaftServerConfigKeys (ConfUtils.java:logGet(46)) - raft.server.write.follower.gap.ratio.max = -1.0 (default)
2022-08-03 01:58:56,778 [3f997eb7-6b59-43fe-9bb3-f29f42755580@group-AB459FAF644A-LeaderElection48] INFO  impl.RoleInfo (RoleInfo.java:updateAndGet(139)) - 3f997eb7-6b59-43fe-9bb3-f29f42755580: start 3f997eb7-6b59-43fe-9bb3-f29f42755580@group-AB459FAF644A-LeaderStateImpl
2022-08-03 01:58:56,779 [3f997eb7-6b59-43fe-9bb3-f29f42755580@group-AB459FAF644A-LeaderElection48] INFO  segmented.SegmentedRaftLogWorker (SegmentedRaftLogWorker.java:startLogSegment(425)) - 3f997eb7-6b59-43fe-9bb3-f29f42755580@group-AB459FAF644A-SegmentedRaftLogWorker: Starting segment from index:0
2022-08-03 01:58:56,779 [EventQueue-OpenPipelineForHealthyPipelineSafeModeRule] INFO  safemode.SCMSafeModeManager (HealthyPipelineSafeModeRule.java:process(137)) - SCM in safe mode. Healthy pipelines reported count is 0, required healthy pipeline reported count is 1
2022-08-03 01:58:56,785 [3f997eb7-6b59-43fe-9bb3-f29f42755580@group-AB459FAF644A-LeaderElection48] INFO  server.RaftServer$Division (ServerState.java:setRaftConf(393)) - 3f997eb7-6b59-43fe-9bb3-f29f42755580@group-AB459FAF644A: set configuration 0: [3f997eb7-6b59-43fe-9bb3-f29f42755580|rpc:10.1.0.23:40985|dataStream:|priority:1], old=null
2022-08-03 01:58:56,810 [3f997eb7-6b59-43fe-9bb3-f29f42755580@group-AB459FAF644A-SegmentedRaftLogWorker] INFO  segmented.SegmentedRaftLogWorker (SegmentedRaftLogWorker.java:execute(629)) - 3f997eb7-6b59-43fe-9bb3-f29f42755580@group-AB459FAF644A-SegmentedRaftLogWorker: created new log segment /home/runner/work/ozone/ozone/hadoop-ozone/integration-test/target/test-dir/MiniOzoneClusterImpl-2737617e-ba4a-449e-a26e-d824b2394d0e/datanode-1/data/ratis/a1e0845a-68de-466d-a755-ab459faf644a/current/log_inprogress_0
2022-08-03 01:58:57,510 [c824bff0-102b-4ceb-889e-e8d339be5886@group-4E13B3390229-FollowerState] INFO  impl.FollowerState (FollowerState.java:run(143)) - c824bff0-102b-4ceb-889e-e8d339be5886@group-4E13B3390229-FollowerState: change to CANDIDATE, lastRpcElapsedTime:5198959084ns, electionTimeout:5198ms
2022-08-03 01:58:57,511 [c824bff0-102b-4ceb-889e-e8d339be5886@group-4E13B3390229-FollowerState] INFO  impl.RoleInfo (RoleInfo.java:shutdownFollowerState(110)) - c824bff0-102b-4ceb-889e-e8d339be5886: shutdown c824bff0-102b-4ceb-889e-e8d339be5886@group-4E13B3390229-FollowerState
2022-08-03 01:58:57,511 [c824bff0-102b-4ceb-889e-e8d339be5886@group-4E13B3390229-FollowerState] INFO  server.RaftServer$Division (RaftServerImpl.java:setRole(299)) - c824bff0-102b-4ceb-889e-e8d339be5886@group-4E13B3390229: changes role from  FOLLOWER to CANDIDATE at term 0 for changeToCandidate
2022-08-03 01:58:57,511 [c824bff0-102b-4ceb-889e-e8d339be5886@group-4E13B3390229-FollowerState] INFO  server.RaftServerConfigKeys (ConfUtils.java:logGet(46)) - raft.server.leaderelection.pre-vote = false (custom)
2022-08-03 01:58:57,511 [c824bff0-102b-4ceb-889e-e8d339be5886@group-4E13B3390229-FollowerState] INFO  impl.RoleInfo (RoleInfo.java:updateAndGet(139)) - c824bff0-102b-4ceb-889e-e8d339be5886: start c824bff0-102b-4ceb-889e-e8d339be5886@group-4E13B3390229-LeaderElection49
2022-08-03 01:58:57,543 [c824bff0-102b-4ceb-889e-e8d339be5886@group-4E13B3390229-LeaderElection49] INFO  impl.LeaderElection (LeaderElection.java:askForVotes(310)) - c824bff0-102b-4ceb-889e-e8d339be5886@group-4E13B3390229-LeaderElection49 ELECTION round 0: submit vote requests at term 1 for -1: [c824bff0-102b-4ceb-889e-e8d339be5886|rpc:10.1.0.23:39825|priority:1], old=null
2022-08-03 01:58:57,544 [c824bff0-102b-4ceb-889e-e8d339be5886@group-4E13B3390229-LeaderElection49] INFO  impl.LeaderElection (LeaderElection.java:askForVotes(312)) - c824bff0-102b-4ceb-889e-e8d339be5886@group-4E13B3390229-LeaderElection49 ELECTION round 0: result PASSED (term=1)
2022-08-03 01:58:57,544 [c824bff0-102b-4ceb-889e-e8d339be5886@group-4E13B3390229-LeaderElection49] INFO  impl.RoleInfo (RoleInfo.java:shutdownLeaderElection(130)) - c824bff0-102b-4ceb-889e-e8d339be5886: shutdown c824bff0-102b-4ceb-889e-e8d339be5886@group-4E13B3390229-LeaderElection49
2022-08-03 01:58:57,544 [c824bff0-102b-4ceb-889e-e8d339be5886@group-4E13B3390229-LeaderElection49] INFO  server.RaftServer$Division (RaftServerImpl.java:setRole(299)) - c824bff0-102b-4ceb-889e-e8d339be5886@group-4E13B3390229: changes role from CANDIDATE to LEADER at term 1 for changeToLeader
2022-08-03 01:58:57,544 [c824bff0-102b-4ceb-889e-e8d339be5886@group-4E13B3390229-LeaderElection49] INFO  ratis.XceiverServerRatis (XceiverServerRatis.java:handleLeaderChangedNotification(863)) - Leader change notification received for group: group-4E13B3390229 with new leaderId: c824bff0-102b-4ceb-889e-e8d339be5886
2022-08-03 01:58:57,544 [c824bff0-102b-4ceb-889e-e8d339be5886@group-4E13B3390229-LeaderElection49] INFO  server.RaftServer$Division (ServerState.java:setLeader(287)) - c824bff0-102b-4ceb-889e-e8d339be5886@group-4E13B3390229: change Leader from null to c824bff0-102b-4ceb-889e-e8d339be5886 at term 1 for becomeLeader, leader elected after 5239ms
2022-08-03 01:58:57,544 [c824bff0-102b-4ceb-889e-e8d339be5886@group-4E13B3390229-LeaderElection49] INFO  server.RaftServerConfigKeys (ConfUtils.java:logGet(46)) - raft.server.staging.catchup.gap = 1000 (default)
2022-08-03 01:58:57,545 [EventQueue-OpenPipelineForHealthyPipelineSafeModeRule] INFO  safemode.SCMSafeModeManager (HealthyPipelineSafeModeRule.java:process(137)) - SCM in safe mode. Healthy pipelines reported count is 0, required healthy pipeline reported count is 1
2022-08-03 01:58:57,561 [c824bff0-102b-4ceb-889e-e8d339be5886@group-4E13B3390229-LeaderElection49] INFO  server.RaftServerConfigKeys (ConfUtils.java:logGet(46)) - raft.server.write.element-limit = 1024 (custom)
2022-08-03 01:58:57,561 [c824bff0-102b-4ceb-889e-e8d339be5886@group-4E13B3390229-LeaderElection49] INFO  server.RaftServerConfigKeys (ConfUtils.java:logGet(46)) - raft.server.write.byte-limit = 1024 M (=1073741824) (custom)
2022-08-03 01:58:57,569 [c824bff0-102b-4ceb-889e-e8d339be5886@group-4E13B3390229-LeaderElection49] INFO  server.RaftServerConfigKeys (ConfUtils.java:logGet(46)) - raft.server.watch.timeout = 180s (custom)
2022-08-03 01:58:57,569 [c824bff0-102b-4ceb-889e-e8d339be5886@group-4E13B3390229-LeaderElection49] INFO  server.RaftServerConfigKeys (ConfUtils.java:logGet(46)) - raft.server.watch.timeout.denomination = 1s (default)
2022-08-03 01:58:57,569 [c824bff0-102b-4ceb-889e-e8d339be5886@group-4E13B3390229-LeaderElection49] INFO  server.RaftServerConfigKeys (ConfUtils.java:logGet(46)) - raft.server.watch.element-limit = 65536 (default)
2022-08-03 01:58:57,569 [c824bff0-102b-4ceb-889e-e8d339be5886@group-4E13B3390229-LeaderElection49] INFO  server.RaftServerConfigKeys (ConfUtils.java:logGet(46)) - raft.server.write.element-limit = 1024 (custom)
2022-08-03 01:58:57,569 [c824bff0-102b-4ceb-889e-e8d339be5886@group-4E13B3390229-LeaderElection49] INFO  server.RaftServerConfigKeys (ConfUtils.java:logGet(46)) - raft.server.write.follower.gap.ratio.max = -1.0 (default)
2022-08-03 01:58:57,569 [c824bff0-102b-4ceb-889e-e8d339be5886@group-4E13B3390229-LeaderElection49] INFO  impl.RoleInfo (RoleInfo.java:updateAndGet(139)) - c824bff0-102b-4ceb-889e-e8d339be5886: start c824bff0-102b-4ceb-889e-e8d339be5886@group-4E13B3390229-LeaderStateImpl
2022-08-03 01:58:57,570 [c824bff0-102b-4ceb-889e-e8d339be5886@group-4E13B3390229-LeaderElection49] INFO  segmented.SegmentedRaftLogWorker (SegmentedRaftLogWorker.java:startLogSegment(425)) - c824bff0-102b-4ceb-889e-e8d339be5886@group-4E13B3390229-SegmentedRaftLogWorker: Starting segment from index:0
2022-08-03 01:58:57,590 [c824bff0-102b-4ceb-889e-e8d339be5886@group-4E13B3390229-LeaderElection49] INFO  server.RaftServer$Division (ServerState.java:setRaftConf(393)) - c824bff0-102b-4ceb-889e-e8d339be5886@group-4E13B3390229: set configuration 0: [c824bff0-102b-4ceb-889e-e8d339be5886|rpc:10.1.0.23:39825|dataStream:|priority:1], old=null
2022-08-03 01:58:57,605 [c824bff0-102b-4ceb-889e-e8d339be5886@group-4E13B3390229-SegmentedRaftLogWorker] INFO  segmented.SegmentedRaftLogWorker (SegmentedRaftLogWorker.java:execute(629)) - c824bff0-102b-4ceb-889e-e8d339be5886@group-4E13B3390229-SegmentedRaftLogWorker: created new log segment /home/runner/work/ozone/ozone/hadoop-ozone/integration-test/target/test-dir/MiniOzoneClusterImpl-2737617e-ba4a-449e-a26e-d824b2394d0e/datanode-2/data/ratis/f37aa5b9-8361-4f0f-909c-4e13b3390229/current/log_inprogress_0
2022-08-03 01:58:57,746 [Listener at 127.0.0.1/36513] INFO  ozone.MiniOzoneClusterImpl (MiniOzoneClusterImpl.java:lambda$waitForClusterToBeReady$0(216)) - Nodes are ready. Got 5 of 5 DN Heartbeats.
2022-08-03 01:58:57,746 [Listener at 127.0.0.1/36513] INFO  ozone.MiniOzoneClusterImpl (MiniOzoneClusterImpl.java:lambda$waitForClusterToBeReady$0(219)) - Waiting for cluster to exit safe mode
2022-08-03 01:58:57,746 [Listener at 127.0.0.1/36513] INFO  ozone.MiniOzoneClusterImpl (MiniOzoneClusterImpl.java:lambda$waitForClusterToBeReady$0(221)) - SCM became leader
2022-08-03 01:58:58,726 [1474d989-16d3-421f-9647-ab027991a2bc@group-809A0969B76E-FollowerState] INFO  impl.FollowerState (FollowerState.java:run(143)) - 1474d989-16d3-421f-9647-ab027991a2bc@group-809A0969B76E-FollowerState: change to CANDIDATE, lastRpcElapsedTime:5137845054ns, electionTimeout:5132ms
2022-08-03 01:58:58,726 [1474d989-16d3-421f-9647-ab027991a2bc@group-809A0969B76E-FollowerState] INFO  impl.RoleInfo (RoleInfo.java:shutdownFollowerState(110)) - 1474d989-16d3-421f-9647-ab027991a2bc: shutdown 1474d989-16d3-421f-9647-ab027991a2bc@group-809A0969B76E-FollowerState
2022-08-03 01:58:58,726 [1474d989-16d3-421f-9647-ab027991a2bc@group-809A0969B76E-FollowerState] INFO  server.RaftServer$Division (RaftServerImpl.java:setRole(299)) - 1474d989-16d3-421f-9647-ab027991a2bc@group-809A0969B76E: changes role from  FOLLOWER to CANDIDATE at term 0 for changeToCandidate
2022-08-03 01:58:58,726 [1474d989-16d3-421f-9647-ab027991a2bc@group-809A0969B76E-FollowerState] INFO  server.RaftServerConfigKeys (ConfUtils.java:logGet(46)) - raft.server.leaderelection.pre-vote = false (custom)
2022-08-03 01:58:58,726 [1474d989-16d3-421f-9647-ab027991a2bc@group-809A0969B76E-FollowerState] INFO  impl.RoleInfo (RoleInfo.java:updateAndGet(139)) - 1474d989-16d3-421f-9647-ab027991a2bc: start 1474d989-16d3-421f-9647-ab027991a2bc@group-809A0969B76E-LeaderElection50
2022-08-03 01:58:58,746 [Listener at 127.0.0.1/36513] INFO  ozone.MiniOzoneClusterImpl (MiniOzoneClusterImpl.java:lambda$waitForClusterToBeReady$0(216)) - Nodes are ready. Got 5 of 5 DN Heartbeats.
2022-08-03 01:58:58,747 [Listener at 127.0.0.1/36513] INFO  ozone.MiniOzoneClusterImpl (MiniOzoneClusterImpl.java:lambda$waitForClusterToBeReady$0(219)) - Waiting for cluster to exit safe mode
2022-08-03 01:58:58,747 [Listener at 127.0.0.1/36513] INFO  ozone.MiniOzoneClusterImpl (MiniOzoneClusterImpl.java:lambda$waitForClusterToBeReady$0(221)) - SCM became leader
2022-08-03 01:58:58,770 [1474d989-16d3-421f-9647-ab027991a2bc@group-809A0969B76E-LeaderElection50] INFO  impl.LeaderElection (LeaderElection.java:askForVotes(310)) - 1474d989-16d3-421f-9647-ab027991a2bc@group-809A0969B76E-LeaderElection50 ELECTION round 0: submit vote requests at term 1 for -1: [1474d989-16d3-421f-9647-ab027991a2bc|rpc:10.1.0.23:32883|priority:1], old=null
2022-08-03 01:58:58,770 [1474d989-16d3-421f-9647-ab027991a2bc@group-809A0969B76E-LeaderElection50] INFO  impl.LeaderElection (LeaderElection.java:askForVotes(312)) - 1474d989-16d3-421f-9647-ab027991a2bc@group-809A0969B76E-LeaderElection50 ELECTION round 0: result PASSED (term=1)
2022-08-03 01:58:58,770 [1474d989-16d3-421f-9647-ab027991a2bc@group-809A0969B76E-LeaderElection50] INFO  impl.RoleInfo (RoleInfo.java:shutdownLeaderElection(130)) - 1474d989-16d3-421f-9647-ab027991a2bc: shutdown 1474d989-16d3-421f-9647-ab027991a2bc@group-809A0969B76E-LeaderElection50
2022-08-03 01:58:58,770 [1474d989-16d3-421f-9647-ab027991a2bc@group-809A0969B76E-LeaderElection50] INFO  server.RaftServer$Division (RaftServerImpl.java:setRole(299)) - 1474d989-16d3-421f-9647-ab027991a2bc@group-809A0969B76E: changes role from CANDIDATE to LEADER at term 1 for changeToLeader
2022-08-03 01:58:58,770 [1474d989-16d3-421f-9647-ab027991a2bc@group-809A0969B76E-LeaderElection50] INFO  ratis.XceiverServerRatis (XceiverServerRatis.java:handleLeaderChangedNotification(863)) - Leader change notification received for group: group-809A0969B76E with new leaderId: 1474d989-16d3-421f-9647-ab027991a2bc
2022-08-03 01:58:58,771 [1474d989-16d3-421f-9647-ab027991a2bc@group-809A0969B76E-LeaderElection50] INFO  server.RaftServer$Division (ServerState.java:setLeader(287)) - 1474d989-16d3-421f-9647-ab027991a2bc@group-809A0969B76E: change Leader from null to 1474d989-16d3-421f-9647-ab027991a2bc at term 1 for becomeLeader, leader elected after 5207ms
2022-08-03 01:58:58,771 [1474d989-16d3-421f-9647-ab027991a2bc@group-809A0969B76E-LeaderElection50] INFO  server.RaftServerConfigKeys (ConfUtils.java:logGet(46)) - raft.server.staging.catchup.gap = 1000 (default)
2022-08-03 01:58:58,771 [EventQueue-OpenPipelineForHealthyPipelineSafeModeRule] INFO  safemode.SCMSafeModeManager (HealthyPipelineSafeModeRule.java:process(137)) - SCM in safe mode. Healthy pipelines reported count is 0, required healthy pipeline reported count is 1
2022-08-03 01:58:58,772 [1474d989-16d3-421f-9647-ab027991a2bc@group-809A0969B76E-LeaderElection50] INFO  server.RaftServerConfigKeys (ConfUtils.java:logGet(46)) - raft.server.write.element-limit = 1024 (custom)
2022-08-03 01:58:58,772 [1474d989-16d3-421f-9647-ab027991a2bc@group-809A0969B76E-LeaderElection50] INFO  server.RaftServerConfigKeys (ConfUtils.java:logGet(46)) - raft.server.write.byte-limit = 1024 M (=1073741824) (custom)
2022-08-03 01:58:58,772 [1474d989-16d3-421f-9647-ab027991a2bc@group-809A0969B76E-LeaderElection50] INFO  server.RaftServerConfigKeys (ConfUtils.java:logGet(46)) - raft.server.watch.timeout = 180s (custom)
2022-08-03 01:58:58,772 [1474d989-16d3-421f-9647-ab027991a2bc@group-809A0969B76E-LeaderElection50] INFO  server.RaftServerConfigKeys (ConfUtils.java:logGet(46)) - raft.server.watch.timeout.denomination = 1s (default)
2022-08-03 01:58:58,772 [1474d989-16d3-421f-9647-ab027991a2bc@group-809A0969B76E-LeaderElection50] INFO  server.RaftServerConfigKeys (ConfUtils.java:logGet(46)) - raft.server.watch.element-limit = 65536 (default)
2022-08-03 01:58:58,773 [1474d989-16d3-421f-9647-ab027991a2bc@group-809A0969B76E-LeaderElection50] INFO  server.RaftServerConfigKeys (ConfUtils.java:logGet(46)) - raft.server.write.element-limit = 1024 (custom)
2022-08-03 01:58:58,773 [1474d989-16d3-421f-9647-ab027991a2bc@group-809A0969B76E-LeaderElection50] INFO  server.RaftServerConfigKeys (ConfUtils.java:logGet(46)) - raft.server.write.follower.gap.ratio.max = -1.0 (default)
2022-08-03 01:58:58,773 [1474d989-16d3-421f-9647-ab027991a2bc@group-809A0969B76E-LeaderElection50] INFO  impl.RoleInfo (RoleInfo.java:updateAndGet(139)) - 1474d989-16d3-421f-9647-ab027991a2bc: start 1474d989-16d3-421f-9647-ab027991a2bc@group-809A0969B76E-LeaderStateImpl
2022-08-03 01:58:58,773 [1474d989-16d3-421f-9647-ab027991a2bc@group-809A0969B76E-LeaderElection50] INFO  segmented.SegmentedRaftLogWorker (SegmentedRaftLogWorker.java:startLogSegment(425)) - 1474d989-16d3-421f-9647-ab027991a2bc@group-809A0969B76E-SegmentedRaftLogWorker: Starting segment from index:0
2022-08-03 01:58:58,775 [1474d989-16d3-421f-9647-ab027991a2bc@group-809A0969B76E-LeaderElection50] INFO  server.RaftServer$Division (ServerState.java:setRaftConf(393)) - 1474d989-16d3-421f-9647-ab027991a2bc@group-809A0969B76E: set configuration 0: [1474d989-16d3-421f-9647-ab027991a2bc|rpc:10.1.0.23:32883|dataStream:|priority:1], old=null
2022-08-03 01:58:58,809 [1474d989-16d3-421f-9647-ab027991a2bc@group-809A0969B76E-SegmentedRaftLogWorker] INFO  segmented.SegmentedRaftLogWorker (SegmentedRaftLogWorker.java:execute(629)) - 1474d989-16d3-421f-9647-ab027991a2bc@group-809A0969B76E-SegmentedRaftLogWorker: created new log segment /home/runner/work/ozone/ozone/hadoop-ozone/integration-test/target/test-dir/MiniOzoneClusterImpl-2737617e-ba4a-449e-a26e-d824b2394d0e/datanode-3/data/ratis/f4dedb32-fcdb-4860-acda-809a0969b76e/current/log_inprogress_0
2022-08-03 01:58:59,747 [Listener at 127.0.0.1/36513] INFO  ozone.MiniOzoneClusterImpl (MiniOzoneClusterImpl.java:lambda$waitForClusterToBeReady$0(216)) - Nodes are ready. Got 5 of 5 DN Heartbeats.
2022-08-03 01:58:59,747 [Listener at 127.0.0.1/36513] INFO  ozone.MiniOzoneClusterImpl (MiniOzoneClusterImpl.java:lambda$waitForClusterToBeReady$0(219)) - Waiting for cluster to exit safe mode
2022-08-03 01:58:59,747 [Listener at 127.0.0.1/36513] INFO  ozone.MiniOzoneClusterImpl (MiniOzoneClusterImpl.java:lambda$waitForClusterToBeReady$0(221)) - SCM became leader
2022-08-03 01:58:59,973 [5f5834d9-a5b6-4571-92f7-2680994b4e15@group-7CF433773D9C-FollowerState] INFO  impl.FollowerState (FollowerState.java:run(143)) - 5f5834d9-a5b6-4571-92f7-2680994b4e15@group-7CF433773D9C-FollowerState: change to CANDIDATE, lastRpcElapsedTime:5076942923ns, electionTimeout:5075ms
2022-08-03 01:58:59,973 [5f5834d9-a5b6-4571-92f7-2680994b4e15@group-7CF433773D9C-FollowerState] INFO  impl.RoleInfo (RoleInfo.java:shutdownFollowerState(110)) - 5f5834d9-a5b6-4571-92f7-2680994b4e15: shutdown 5f5834d9-a5b6-4571-92f7-2680994b4e15@group-7CF433773D9C-FollowerState
2022-08-03 01:58:59,973 [5f5834d9-a5b6-4571-92f7-2680994b4e15@group-7CF433773D9C-FollowerState] INFO  server.RaftServer$Division (RaftServerImpl.java:setRole(299)) - 5f5834d9-a5b6-4571-92f7-2680994b4e15@group-7CF433773D9C: changes role from  FOLLOWER to CANDIDATE at term 0 for changeToCandidate
2022-08-03 01:58:59,974 [5f5834d9-a5b6-4571-92f7-2680994b4e15@group-7CF433773D9C-FollowerState] INFO  server.RaftServerConfigKeys (ConfUtils.java:logGet(46)) - raft.server.leaderelection.pre-vote = false (custom)
2022-08-03 01:58:59,974 [5f5834d9-a5b6-4571-92f7-2680994b4e15@group-7CF433773D9C-FollowerState] INFO  impl.RoleInfo (RoleInfo.java:updateAndGet(139)) - 5f5834d9-a5b6-4571-92f7-2680994b4e15: start 5f5834d9-a5b6-4571-92f7-2680994b4e15@group-7CF433773D9C-LeaderElection51
2022-08-03 01:59:00,033 [5f5834d9-a5b6-4571-92f7-2680994b4e15@group-7CF433773D9C-LeaderElection51] INFO  impl.LeaderElection (LeaderElection.java:askForVotes(310)) - 5f5834d9-a5b6-4571-92f7-2680994b4e15@group-7CF433773D9C-LeaderElection51 ELECTION round 0: submit vote requests at term 1 for -1: [5f5834d9-a5b6-4571-92f7-2680994b4e15|rpc:10.1.0.23:42339|priority:1], old=null
2022-08-03 01:59:00,033 [5f5834d9-a5b6-4571-92f7-2680994b4e15@group-7CF433773D9C-LeaderElection51] INFO  impl.LeaderElection (LeaderElection.java:askForVotes(312)) - 5f5834d9-a5b6-4571-92f7-2680994b4e15@group-7CF433773D9C-LeaderElection51 ELECTION round 0: result PASSED (term=1)
2022-08-03 01:59:00,033 [5f5834d9-a5b6-4571-92f7-2680994b4e15@group-7CF433773D9C-LeaderElection51] INFO  impl.RoleInfo (RoleInfo.java:shutdownLeaderElection(130)) - 5f5834d9-a5b6-4571-92f7-2680994b4e15: shutdown 5f5834d9-a5b6-4571-92f7-2680994b4e15@group-7CF433773D9C-LeaderElection51
2022-08-03 01:59:00,033 [5f5834d9-a5b6-4571-92f7-2680994b4e15@group-7CF433773D9C-LeaderElection51] INFO  server.RaftServer$Division (RaftServerImpl.java:setRole(299)) - 5f5834d9-a5b6-4571-92f7-2680994b4e15@group-7CF433773D9C: changes role from CANDIDATE to LEADER at term 1 for changeToLeader
2022-08-03 01:59:00,033 [5f5834d9-a5b6-4571-92f7-2680994b4e15@group-7CF433773D9C-LeaderElection51] INFO  ratis.XceiverServerRatis (XceiverServerRatis.java:handleLeaderChangedNotification(863)) - Leader change notification received for group: group-7CF433773D9C with new leaderId: 5f5834d9-a5b6-4571-92f7-2680994b4e15
2022-08-03 01:59:00,033 [5f5834d9-a5b6-4571-92f7-2680994b4e15@group-7CF433773D9C-LeaderElection51] INFO  server.RaftServer$Division (ServerState.java:setLeader(287)) - 5f5834d9-a5b6-4571-92f7-2680994b4e15@group-7CF433773D9C: change Leader from null to 5f5834d9-a5b6-4571-92f7-2680994b4e15 at term 1 for becomeLeader, leader elected after 5167ms
2022-08-03 01:59:00,033 [5f5834d9-a5b6-4571-92f7-2680994b4e15@group-7CF433773D9C-LeaderElection51] INFO  server.RaftServerConfigKeys (ConfUtils.java:logGet(46)) - raft.server.staging.catchup.gap = 1000 (default)
2022-08-03 01:59:00,037 [EventQueue-OpenPipelineForHealthyPipelineSafeModeRule] INFO  safemode.SCMSafeModeManager (HealthyPipelineSafeModeRule.java:process(137)) - SCM in safe mode. Healthy pipelines reported count is 0, required healthy pipeline reported count is 1
2022-08-03 01:59:00,040 [5f5834d9-a5b6-4571-92f7-2680994b4e15@group-7CF433773D9C-LeaderElection51] INFO  server.RaftServerConfigKeys (ConfUtils.java:logGet(46)) - raft.server.write.element-limit = 1024 (custom)
2022-08-03 01:59:00,040 [5f5834d9-a5b6-4571-92f7-2680994b4e15@group-7CF433773D9C-LeaderElection51] INFO  server.RaftServerConfigKeys (ConfUtils.java:logGet(46)) - raft.server.write.byte-limit = 1024 M (=1073741824) (custom)
2022-08-03 01:59:00,040 [5f5834d9-a5b6-4571-92f7-2680994b4e15@group-7CF433773D9C-LeaderElection51] INFO  server.RaftServerConfigKeys (ConfUtils.java:logGet(46)) - raft.server.watch.timeout = 180s (custom)
2022-08-03 01:59:00,040 [5f5834d9-a5b6-4571-92f7-2680994b4e15@group-7CF433773D9C-LeaderElection51] INFO  server.RaftServerConfigKeys (ConfUtils.java:logGet(46)) - raft.server.watch.timeout.denomination = 1s (default)
2022-08-03 01:59:00,040 [5f5834d9-a5b6-4571-92f7-2680994b4e15@group-7CF433773D9C-LeaderElection51] INFO  server.RaftServerConfigKeys (ConfUtils.java:logGet(46)) - raft.server.watch.element-limit = 65536 (default)
2022-08-03 01:59:00,040 [5f5834d9-a5b6-4571-92f7-2680994b4e15@group-7CF433773D9C-LeaderElection51] INFO  server.RaftServerConfigKeys (ConfUtils.java:logGet(46)) - raft.server.write.element-limit = 1024 (custom)
2022-08-03 01:59:00,040 [5f5834d9-a5b6-4571-92f7-2680994b4e15@group-7CF433773D9C-LeaderElection51] INFO  server.RaftServerConfigKeys (ConfUtils.java:logGet(46)) - raft.server.write.follower.gap.ratio.max = -1.0 (default)
2022-08-03 01:59:00,041 [5f5834d9-a5b6-4571-92f7-2680994b4e15@group-7CF433773D9C-LeaderElection51] INFO  impl.RoleInfo (RoleInfo.java:updateAndGet(139)) - 5f5834d9-a5b6-4571-92f7-2680994b4e15: start 5f5834d9-a5b6-4571-92f7-2680994b4e15@group-7CF433773D9C-LeaderStateImpl
2022-08-03 01:59:00,041 [5f5834d9-a5b6-4571-92f7-2680994b4e15@group-7CF433773D9C-LeaderElection51] INFO  segmented.SegmentedRaftLogWorker (SegmentedRaftLogWorker.java:startLogSegment(425)) - 5f5834d9-a5b6-4571-92f7-2680994b4e15@group-7CF433773D9C-SegmentedRaftLogWorker: Starting segment from index:0
2022-08-03 01:59:00,049 [5f5834d9-a5b6-4571-92f7-2680994b4e15@group-7CF433773D9C-LeaderElection51] INFO  server.RaftServer$Division (ServerState.java:setRaftConf(393)) - 5f5834d9-a5b6-4571-92f7-2680994b4e15@group-7CF433773D9C: set configuration 0: [5f5834d9-a5b6-4571-92f7-2680994b4e15|rpc:10.1.0.23:42339|dataStream:|priority:1], old=null
2022-08-03 01:59:00,067 [5f5834d9-a5b6-4571-92f7-2680994b4e15@group-7CF433773D9C-SegmentedRaftLogWorker] INFO  segmented.SegmentedRaftLogWorker (SegmentedRaftLogWorker.java:execute(629)) - 5f5834d9-a5b6-4571-92f7-2680994b4e15@group-7CF433773D9C-SegmentedRaftLogWorker: created new log segment /home/runner/work/ozone/ozone/hadoop-ozone/integration-test/target/test-dir/MiniOzoneClusterImpl-2737617e-ba4a-449e-a26e-d824b2394d0e/datanode-4/data/ratis/3eeda94b-e6a7-4627-bdc5-7cf433773d9c/current/log_inprogress_0
2022-08-03 01:59:00,748 [Listener at 127.0.0.1/36513] INFO  ozone.MiniOzoneClusterImpl (MiniOzoneClusterImpl.java:lambda$waitForClusterToBeReady$0(216)) - Nodes are ready. Got 5 of 5 DN Heartbeats.
2022-08-03 01:59:00,748 [Listener at 127.0.0.1/36513] INFO  ozone.MiniOzoneClusterImpl (MiniOzoneClusterImpl.java:lambda$waitForClusterToBeReady$0(219)) - Waiting for cluster to exit safe mode
2022-08-03 01:59:00,748 [Listener at 127.0.0.1/36513] INFO  ozone.MiniOzoneClusterImpl (MiniOzoneClusterImpl.java:lambda$waitForClusterToBeReady$0(221)) - SCM became leader
2022-08-03 01:59:00,868 [986bf7ce-700a-46a1-ab88-e0e38b862364@group-C5B540C5AAAD-FollowerState] INFO  impl.FollowerState (FollowerState.java:run(143)) - 986bf7ce-700a-46a1-ab88-e0e38b862364@group-C5B540C5AAAD-FollowerState: change to CANDIDATE, lastRpcElapsedTime:5128302644ns, electionTimeout:5079ms
2022-08-03 01:59:00,868 [986bf7ce-700a-46a1-ab88-e0e38b862364@group-C5B540C5AAAD-FollowerState] INFO  impl.RoleInfo (RoleInfo.java:shutdownFollowerState(110)) - 986bf7ce-700a-46a1-ab88-e0e38b862364: shutdown 986bf7ce-700a-46a1-ab88-e0e38b862364@group-C5B540C5AAAD-FollowerState
2022-08-03 01:59:00,868 [986bf7ce-700a-46a1-ab88-e0e38b862364@group-C5B540C5AAAD-FollowerState] INFO  server.RaftServer$Division (RaftServerImpl.java:setRole(299)) - 986bf7ce-700a-46a1-ab88-e0e38b862364@group-C5B540C5AAAD: changes role from  FOLLOWER to CANDIDATE at term 1 for changeToCandidate
2022-08-03 01:59:00,869 [986bf7ce-700a-46a1-ab88-e0e38b862364@group-C5B540C5AAAD-FollowerState] INFO  server.RaftServerConfigKeys (ConfUtils.java:logGet(46)) - raft.server.leaderelection.pre-vote = false (custom)
2022-08-03 01:59:00,869 [986bf7ce-700a-46a1-ab88-e0e38b862364@group-C5B540C5AAAD-FollowerState] INFO  impl.RoleInfo (RoleInfo.java:updateAndGet(139)) - 986bf7ce-700a-46a1-ab88-e0e38b862364: start 986bf7ce-700a-46a1-ab88-e0e38b862364@group-C5B540C5AAAD-LeaderElection52
2022-08-03 01:59:00,895 [986bf7ce-700a-46a1-ab88-e0e38b862364@group-C5B540C5AAAD-LeaderElection52] INFO  impl.LeaderElection (LeaderElection.java:askForVotes(310)) - 986bf7ce-700a-46a1-ab88-e0e38b862364@group-C5B540C5AAAD-LeaderElection52 ELECTION round 0: submit vote requests at term 2 for -1: [c824bff0-102b-4ceb-889e-e8d339be5886|rpc:10.1.0.23:39825|priority:0, 3f997eb7-6b59-43fe-9bb3-f29f42755580|rpc:10.1.0.23:40985|priority:1, 986bf7ce-700a-46a1-ab88-e0e38b862364|rpc:10.1.0.23:35665|priority:0], old=null
2022-08-03 01:59:00,902 [grpc-default-executor-0] INFO  server.RaftServer$Division (RaftServerImpl.java:requestVote(1152)) - c824bff0-102b-4ceb-889e-e8d339be5886@group-C5B540C5AAAD: receive requestVote(ELECTION, 986bf7ce-700a-46a1-ab88-e0e38b862364, group-C5B540C5AAAD, 2, (t:0, i:0))
2022-08-03 01:59:00,908 [grpc-default-executor-0] INFO  impl.VoteContext (VoteContext.java:log(48)) - c824bff0-102b-4ceb-889e-e8d339be5886@group-C5B540C5AAAD-FOLLOWER: accept ELECTION from 986bf7ce-700a-46a1-ab88-e0e38b862364: our priority 0 <= candidate's priority 0
2022-08-03 01:59:00,908 [grpc-default-executor-0] INFO  server.RaftServer$Division (RaftServerImpl.java:setRole(299)) - c824bff0-102b-4ceb-889e-e8d339be5886@group-C5B540C5AAAD: changes role from  FOLLOWER to FOLLOWER at term 2 for candidate:986bf7ce-700a-46a1-ab88-e0e38b862364
2022-08-03 01:59:00,908 [grpc-default-executor-0] INFO  impl.RoleInfo (RoleInfo.java:shutdownFollowerState(110)) - c824bff0-102b-4ceb-889e-e8d339be5886: shutdown c824bff0-102b-4ceb-889e-e8d339be5886@group-C5B540C5AAAD-FollowerState
2022-08-03 01:59:00,909 [grpc-default-executor-0] INFO  impl.RoleInfo (RoleInfo.java:updateAndGet(139)) - c824bff0-102b-4ceb-889e-e8d339be5886: start c824bff0-102b-4ceb-889e-e8d339be5886@group-C5B540C5AAAD-FollowerState
2022-08-03 01:59:00,909 [c824bff0-102b-4ceb-889e-e8d339be5886@group-C5B540C5AAAD-FollowerState] INFO  impl.FollowerState (FollowerState.java:run(152)) - c824bff0-102b-4ceb-889e-e8d339be5886@group-C5B540C5AAAD-FollowerState was interrupted
2022-08-03 01:59:00,922 [grpc-default-executor-0] INFO  server.RaftServer$Division (RaftServerImpl.java:requestVote(1184)) - c824bff0-102b-4ceb-889e-e8d339be5886@group-C5B540C5AAAD replies to ELECTION vote request: 986bf7ce-700a-46a1-ab88-e0e38b862364<-c824bff0-102b-4ceb-889e-e8d339be5886#0:OK-t2. Peer's state: c824bff0-102b-4ceb-889e-e8d339be5886@group-C5B540C5AAAD:t2, leader=null, voted=986bf7ce-700a-46a1-ab88-e0e38b862364, raftlog=c824bff0-102b-4ceb-889e-e8d339be5886@group-C5B540C5AAAD-SegmentedRaftLog:OPENED:c-1, conf=-1: [c824bff0-102b-4ceb-889e-e8d339be5886|rpc:10.1.0.23:39825|dataStream:|priority:0, 3f997eb7-6b59-43fe-9bb3-f29f42755580|rpc:10.1.0.23:40985|dataStream:|priority:1, 986bf7ce-700a-46a1-ab88-e0e38b862364|rpc:10.1.0.23:35665|dataStream:|priority:0], old=null
2022-08-03 01:59:00,949 [grpc-default-executor-0] INFO  server.RaftServer$Division (RaftServerImpl.java:requestVote(1152)) - 3f997eb7-6b59-43fe-9bb3-f29f42755580@group-C5B540C5AAAD: receive requestVote(ELECTION, 986bf7ce-700a-46a1-ab88-e0e38b862364, group-C5B540C5AAAD, 2, (t:0, i:0))
2022-08-03 01:59:00,950 [grpc-default-executor-0] INFO  impl.VoteContext (VoteContext.java:log(48)) - 3f997eb7-6b59-43fe-9bb3-f29f42755580@group-C5B540C5AAAD-FOLLOWER: reject ELECTION from 986bf7ce-700a-46a1-ab88-e0e38b862364: our priority 1 > candidate's priority 0
2022-08-03 01:59:00,950 [grpc-default-executor-0] INFO  server.RaftServer$Division (RaftServerImpl.java:setRole(299)) - 3f997eb7-6b59-43fe-9bb3-f29f42755580@group-C5B540C5AAAD: changes role from  FOLLOWER to FOLLOWER at term 2 for candidate:986bf7ce-700a-46a1-ab88-e0e38b862364
2022-08-03 01:59:00,950 [grpc-default-executor-0] INFO  impl.RoleInfo (RoleInfo.java:shutdownFollowerState(110)) - 3f997eb7-6b59-43fe-9bb3-f29f42755580: shutdown 3f997eb7-6b59-43fe-9bb3-f29f42755580@group-C5B540C5AAAD-FollowerState
2022-08-03 01:59:00,950 [grpc-default-executor-0] INFO  impl.RoleInfo (RoleInfo.java:updateAndGet(139)) - 3f997eb7-6b59-43fe-9bb3-f29f42755580: start 3f997eb7-6b59-43fe-9bb3-f29f42755580@group-C5B540C5AAAD-FollowerState
2022-08-03 01:59:00,950 [3f997eb7-6b59-43fe-9bb3-f29f42755580@group-C5B540C5AAAD-FollowerState] INFO  impl.FollowerState (FollowerState.java:run(152)) - 3f997eb7-6b59-43fe-9bb3-f29f42755580@group-C5B540C5AAAD-FollowerState was interrupted
2022-08-03 01:59:00,952 [grpc-default-executor-0] INFO  server.RaftServer$Division (RaftServerImpl.java:requestVote(1184)) - 3f997eb7-6b59-43fe-9bb3-f29f42755580@group-C5B540C5AAAD replies to ELECTION vote request: 986bf7ce-700a-46a1-ab88-e0e38b862364<-3f997eb7-6b59-43fe-9bb3-f29f42755580#0:FAIL-t2. Peer's state: 3f997eb7-6b59-43fe-9bb3-f29f42755580@group-C5B540C5AAAD:t2, leader=null, voted=null, raftlog=3f997eb7-6b59-43fe-9bb3-f29f42755580@group-C5B540C5AAAD-SegmentedRaftLog:OPENED:c-1, conf=-1: [c824bff0-102b-4ceb-889e-e8d339be5886|rpc:10.1.0.23:39825|dataStream:|priority:0, 3f997eb7-6b59-43fe-9bb3-f29f42755580|rpc:10.1.0.23:40985|dataStream:|priority:1, 986bf7ce-700a-46a1-ab88-e0e38b862364|rpc:10.1.0.23:35665|dataStream:|priority:0], old=null
2022-08-03 01:59:00,955 [986bf7ce-700a-46a1-ab88-e0e38b862364@group-C5B540C5AAAD-LeaderElection52] INFO  impl.LeaderElection (LeaderElection.java:logAndReturn(90)) - 986bf7ce-700a-46a1-ab88-e0e38b862364@group-C5B540C5AAAD-LeaderElection52: ELECTION REJECTED received 2 response(s) and 0 exception(s):
2022-08-03 01:59:00,955 [986bf7ce-700a-46a1-ab88-e0e38b862364@group-C5B540C5AAAD-LeaderElection52] INFO  impl.LeaderElection (LeaderElection.java:logAndReturn(94)) -   Response 0: 986bf7ce-700a-46a1-ab88-e0e38b862364<-c824bff0-102b-4ceb-889e-e8d339be5886#0:OK-t2
2022-08-03 01:59:00,955 [986bf7ce-700a-46a1-ab88-e0e38b862364@group-C5B540C5AAAD-LeaderElection52] INFO  impl.LeaderElection (LeaderElection.java:logAndReturn(94)) -   Response 1: 986bf7ce-700a-46a1-ab88-e0e38b862364<-3f997eb7-6b59-43fe-9bb3-f29f42755580#0:FAIL-t2
2022-08-03 01:59:00,955 [986bf7ce-700a-46a1-ab88-e0e38b862364@group-C5B540C5AAAD-LeaderElection52] INFO  impl.LeaderElection (LeaderElection.java:askForVotes(312)) - 986bf7ce-700a-46a1-ab88-e0e38b862364@group-C5B540C5AAAD-LeaderElection52 ELECTION round 0: result REJECTED
2022-08-03 01:59:00,955 [986bf7ce-700a-46a1-ab88-e0e38b862364@group-C5B540C5AAAD-LeaderElection52] INFO  server.RaftServer$Division (RaftServerImpl.java:setRole(299)) - 986bf7ce-700a-46a1-ab88-e0e38b862364@group-C5B540C5AAAD: changes role from CANDIDATE to FOLLOWER at term 2 for REJECTED
2022-08-03 01:59:00,955 [986bf7ce-700a-46a1-ab88-e0e38b862364@group-C5B540C5AAAD-LeaderElection52] INFO  impl.RoleInfo (RoleInfo.java:shutdownLeaderElection(130)) - 986bf7ce-700a-46a1-ab88-e0e38b862364: shutdown 986bf7ce-700a-46a1-ab88-e0e38b862364@group-C5B540C5AAAD-LeaderElection52
2022-08-03 01:59:00,955 [986bf7ce-700a-46a1-ab88-e0e38b862364@group-C5B540C5AAAD-LeaderElection52] INFO  impl.RoleInfo (RoleInfo.java:updateAndGet(139)) - 986bf7ce-700a-46a1-ab88-e0e38b862364: start 986bf7ce-700a-46a1-ab88-e0e38b862364@group-C5B540C5AAAD-FollowerState
2022-08-03 01:59:01,168 [c824bff0-102b-4ceb-889e-e8d339be5886@group-87E6F9D73CDC-FollowerState] INFO  impl.FollowerState (FollowerState.java:run(143)) - c824bff0-102b-4ceb-889e-e8d339be5886@group-87E6F9D73CDC-FollowerState: change to CANDIDATE, lastRpcElapsedTime:5062081379ns, electionTimeout:5060ms
2022-08-03 01:59:01,169 [c824bff0-102b-4ceb-889e-e8d339be5886@group-87E6F9D73CDC-FollowerState] INFO  impl.RoleInfo (RoleInfo.java:shutdownFollowerState(110)) - c824bff0-102b-4ceb-889e-e8d339be5886: shutdown c824bff0-102b-4ceb-889e-e8d339be5886@group-87E6F9D73CDC-FollowerState
2022-08-03 01:59:01,169 [c824bff0-102b-4ceb-889e-e8d339be5886@group-87E6F9D73CDC-FollowerState] INFO  server.RaftServer$Division (RaftServerImpl.java:setRole(299)) - c824bff0-102b-4ceb-889e-e8d339be5886@group-87E6F9D73CDC: changes role from  FOLLOWER to CANDIDATE at term 1 for changeToCandidate
2022-08-03 01:59:01,169 [c824bff0-102b-4ceb-889e-e8d339be5886@group-87E6F9D73CDC-FollowerState] INFO  server.RaftServerConfigKeys (ConfUtils.java:logGet(46)) - raft.server.leaderelection.pre-vote = false (custom)
2022-08-03 01:59:01,169 [c824bff0-102b-4ceb-889e-e8d339be5886@group-87E6F9D73CDC-FollowerState] INFO  impl.RoleInfo (RoleInfo.java:updateAndGet(139)) - c824bff0-102b-4ceb-889e-e8d339be5886: start c824bff0-102b-4ceb-889e-e8d339be5886@group-87E6F9D73CDC-LeaderElection53
2022-08-03 01:59:01,215 [c824bff0-102b-4ceb-889e-e8d339be5886@group-87E6F9D73CDC-LeaderElection53] INFO  impl.LeaderElection (LeaderElection.java:askForVotes(310)) - c824bff0-102b-4ceb-889e-e8d339be5886@group-87E6F9D73CDC-LeaderElection53 ELECTION round 0: submit vote requests at term 2 for -1: [c824bff0-102b-4ceb-889e-e8d339be5886|rpc:10.1.0.23:39825|dataStream:|priority:1, 3f997eb7-6b59-43fe-9bb3-f29f42755580|rpc:10.1.0.23:40985|dataStream:|priority:0, 986bf7ce-700a-46a1-ab88-e0e38b862364|rpc:10.1.0.23:35665|dataStream:|priority:0], old=null
2022-08-03 01:59:01,270 [grpc-default-executor-1] INFO  server.RaftServer$Division (RaftServerImpl.java:requestVote(1152)) - 3f997eb7-6b59-43fe-9bb3-f29f42755580@group-87E6F9D73CDC: receive requestVote(ELECTION, c824bff0-102b-4ceb-889e-e8d339be5886, group-87E6F9D73CDC, 2, (t:0, i:0))
2022-08-03 01:59:01,273 [grpc-default-executor-1] INFO  impl.VoteContext (VoteContext.java:log(48)) - 3f997eb7-6b59-43fe-9bb3-f29f42755580@group-87E6F9D73CDC-FOLLOWER: accept ELECTION from c824bff0-102b-4ceb-889e-e8d339be5886: our priority 0 <= candidate's priority 1
2022-08-03 01:59:01,273 [grpc-default-executor-1] INFO  server.RaftServer$Division (RaftServerImpl.java:setRole(299)) - 3f997eb7-6b59-43fe-9bb3-f29f42755580@group-87E6F9D73CDC: changes role from  FOLLOWER to FOLLOWER at term 2 for candidate:c824bff0-102b-4ceb-889e-e8d339be5886
2022-08-03 01:59:01,320 [grpc-default-executor-1] INFO  impl.RoleInfo (RoleInfo.java:shutdownFollowerState(110)) - 3f997eb7-6b59-43fe-9bb3-f29f42755580: shutdown 3f997eb7-6b59-43fe-9bb3-f29f42755580@group-87E6F9D73CDC-FollowerState
2022-08-03 01:59:01,320 [grpc-default-executor-1] INFO  impl.RoleInfo (RoleInfo.java:updateAndGet(139)) - 3f997eb7-6b59-43fe-9bb3-f29f42755580: start 3f997eb7-6b59-43fe-9bb3-f29f42755580@group-87E6F9D73CDC-FollowerState
2022-08-03 01:59:01,324 [3f997eb7-6b59-43fe-9bb3-f29f42755580@group-87E6F9D73CDC-FollowerState] INFO  impl.FollowerState (FollowerState.java:run(152)) - 3f997eb7-6b59-43fe-9bb3-f29f42755580@group-87E6F9D73CDC-FollowerState was interrupted
2022-08-03 01:59:01,339 [986bf7ce-700a-46a1-ab88-e0e38b862364@group-87E6F9D73CDC-FollowerState] INFO  impl.FollowerState (FollowerState.java:run(143)) - 986bf7ce-700a-46a1-ab88-e0e38b862364@group-87E6F9D73CDC-FollowerState: change to CANDIDATE, lastRpcElapsedTime:5198152334ns, electionTimeout:5160ms
2022-08-03 01:59:01,340 [986bf7ce-700a-46a1-ab88-e0e38b862364@group-87E6F9D73CDC-FollowerState] INFO  impl.RoleInfo (RoleInfo.java:shutdownFollowerState(110)) - 986bf7ce-700a-46a1-ab88-e0e38b862364: shutdown 986bf7ce-700a-46a1-ab88-e0e38b862364@group-87E6F9D73CDC-FollowerState
2022-08-03 01:59:01,340 [986bf7ce-700a-46a1-ab88-e0e38b862364@group-87E6F9D73CDC-FollowerState] INFO  server.RaftServer$Division (RaftServerImpl.java:setRole(299)) - 986bf7ce-700a-46a1-ab88-e0e38b862364@group-87E6F9D73CDC: changes role from  FOLLOWER to CANDIDATE at term 1 for changeToCandidate
2022-08-03 01:59:01,340 [986bf7ce-700a-46a1-ab88-e0e38b862364@group-87E6F9D73CDC-FollowerState] INFO  server.RaftServerConfigKeys (ConfUtils.java:logGet(46)) - raft.server.leaderelection.pre-vote = false (custom)
2022-08-03 01:59:01,340 [986bf7ce-700a-46a1-ab88-e0e38b862364@group-87E6F9D73CDC-FollowerState] INFO  impl.RoleInfo (RoleInfo.java:updateAndGet(139)) - 986bf7ce-700a-46a1-ab88-e0e38b862364: start 986bf7ce-700a-46a1-ab88-e0e38b862364@group-87E6F9D73CDC-LeaderElection54
2022-08-03 01:59:01,343 [grpc-default-executor-1] INFO  server.RaftServer$Division (RaftServerImpl.java:requestVote(1184)) - 3f997eb7-6b59-43fe-9bb3-f29f42755580@group-87E6F9D73CDC replies to ELECTION vote request: c824bff0-102b-4ceb-889e-e8d339be5886<-3f997eb7-6b59-43fe-9bb3-f29f42755580#0:OK-t2. Peer's state: 3f997eb7-6b59-43fe-9bb3-f29f42755580@group-87E6F9D73CDC:t2, leader=null, voted=c824bff0-102b-4ceb-889e-e8d339be5886, raftlog=3f997eb7-6b59-43fe-9bb3-f29f42755580@group-87E6F9D73CDC-SegmentedRaftLog:OPENED:c-1, conf=-1: [c824bff0-102b-4ceb-889e-e8d339be5886|rpc:10.1.0.23:39825|dataStream:|priority:1, 3f997eb7-6b59-43fe-9bb3-f29f42755580|rpc:10.1.0.23:40985|dataStream:|priority:0, 986bf7ce-700a-46a1-ab88-e0e38b862364|rpc:10.1.0.23:35665|dataStream:|priority:0], old=null
2022-08-03 01:59:01,366 [grpc-default-executor-1] INFO  server.RaftServer$Division (RaftServerImpl.java:requestVote(1152)) - 986bf7ce-700a-46a1-ab88-e0e38b862364@group-87E6F9D73CDC: receive requestVote(ELECTION, c824bff0-102b-4ceb-889e-e8d339be5886, group-87E6F9D73CDC, 2, (t:0, i:0))
2022-08-03 01:59:01,366 [grpc-default-executor-1] INFO  impl.VoteContext (VoteContext.java:log(48)) - 986bf7ce-700a-46a1-ab88-e0e38b862364@group-87E6F9D73CDC-CANDIDATE: accept ELECTION from c824bff0-102b-4ceb-889e-e8d339be5886: our priority 0 <= candidate's priority 1
2022-08-03 01:59:01,366 [grpc-default-executor-1] INFO  server.RaftServer$Division (RaftServerImpl.java:setRole(299)) - 986bf7ce-700a-46a1-ab88-e0e38b862364@group-87E6F9D73CDC: changes role from CANDIDATE to FOLLOWER at term 2 for candidate:c824bff0-102b-4ceb-889e-e8d339be5886
2022-08-03 01:59:01,366 [grpc-default-executor-1] INFO  impl.RoleInfo (RoleInfo.java:shutdownLeaderElection(130)) - 986bf7ce-700a-46a1-ab88-e0e38b862364: shutdown 986bf7ce-700a-46a1-ab88-e0e38b862364@group-87E6F9D73CDC-LeaderElection54
2022-08-03 01:59:01,366 [grpc-default-executor-1] INFO  impl.RoleInfo (RoleInfo.java:updateAndGet(139)) - 986bf7ce-700a-46a1-ab88-e0e38b862364: start 986bf7ce-700a-46a1-ab88-e0e38b862364@group-87E6F9D73CDC-FollowerState
2022-08-03 01:59:01,385 [grpc-default-executor-1] INFO  server.RaftServer$Division (RaftServerImpl.java:requestVote(1184)) - 986bf7ce-700a-46a1-ab88-e0e38b862364@group-87E6F9D73CDC replies to ELECTION vote request: c824bff0-102b-4ceb-889e-e8d339be5886<-986bf7ce-700a-46a1-ab88-e0e38b862364#0:OK-t2. Peer's state: 986bf7ce-700a-46a1-ab88-e0e38b862364@group-87E6F9D73CDC:t2, leader=null, voted=c824bff0-102b-4ceb-889e-e8d339be5886, raftlog=986bf7ce-700a-46a1-ab88-e0e38b862364@group-87E6F9D73CDC-SegmentedRaftLog:OPENED:c-1, conf=-1: [c824bff0-102b-4ceb-889e-e8d339be5886|rpc:10.1.0.23:39825|priority:1, 3f997eb7-6b59-43fe-9bb3-f29f42755580|rpc:10.1.0.23:40985|priority:0, 986bf7ce-700a-46a1-ab88-e0e38b862364|rpc:10.1.0.23:35665|priority:0], old=null
2022-08-03 01:59:01,387 [c824bff0-102b-4ceb-889e-e8d339be5886@group-87E6F9D73CDC-LeaderElection53] INFO  impl.LeaderElection (LeaderElection.java:logAndReturn(90)) - c824bff0-102b-4ceb-889e-e8d339be5886@group-87E6F9D73CDC-LeaderElection53: ELECTION PASSED received 1 response(s) and 0 exception(s):
2022-08-03 01:59:01,388 [c824bff0-102b-4ceb-889e-e8d339be5886@group-87E6F9D73CDC-LeaderElection53] INFO  impl.LeaderElection (LeaderElection.java:logAndReturn(94)) -   Response 0: c824bff0-102b-4ceb-889e-e8d339be5886<-986bf7ce-700a-46a1-ab88-e0e38b862364#0:OK-t2
2022-08-03 01:59:01,388 [c824bff0-102b-4ceb-889e-e8d339be5886@group-87E6F9D73CDC-LeaderElection53] INFO  impl.LeaderElection (LeaderElection.java:askForVotes(312)) - c824bff0-102b-4ceb-889e-e8d339be5886@group-87E6F9D73CDC-LeaderElection53 ELECTION round 0: result PASSED
2022-08-03 01:59:01,388 [c824bff0-102b-4ceb-889e-e8d339be5886@group-87E6F9D73CDC-LeaderElection53] INFO  impl.RoleInfo (RoleInfo.java:shutdownLeaderElection(130)) - c824bff0-102b-4ceb-889e-e8d339be5886: shutdown c824bff0-102b-4ceb-889e-e8d339be5886@group-87E6F9D73CDC-LeaderElection53
2022-08-03 01:59:01,388 [c824bff0-102b-4ceb-889e-e8d339be5886@group-87E6F9D73CDC-LeaderElection53] INFO  server.RaftServer$Division (RaftServerImpl.java:setRole(299)) - c824bff0-102b-4ceb-889e-e8d339be5886@group-87E6F9D73CDC: changes role from CANDIDATE to LEADER at term 2 for changeToLeader
2022-08-03 01:59:01,388 [c824bff0-102b-4ceb-889e-e8d339be5886@group-87E6F9D73CDC-LeaderElection53] INFO  ratis.XceiverServerRatis (XceiverServerRatis.java:handleLeaderChangedNotification(863)) - Leader change notification received for group: group-87E6F9D73CDC with new leaderId: c824bff0-102b-4ceb-889e-e8d339be5886
2022-08-03 01:59:01,388 [c824bff0-102b-4ceb-889e-e8d339be5886@group-87E6F9D73CDC-LeaderElection53] INFO  server.RaftServer$Division (ServerState.java:setLeader(287)) - c824bff0-102b-4ceb-889e-e8d339be5886@group-87E6F9D73CDC: change Leader from null to c824bff0-102b-4ceb-889e-e8d339be5886 at term 2 for becomeLeader, leader elected after 10209ms
2022-08-03 01:59:01,388 [c824bff0-102b-4ceb-889e-e8d339be5886@group-87E6F9D73CDC-LeaderElection53] INFO  server.RaftServerConfigKeys (ConfUtils.java:logGet(46)) - raft.server.staging.catchup.gap = 1000 (default)
2022-08-03 01:59:01,388 [c824bff0-102b-4ceb-889e-e8d339be5886@group-87E6F9D73CDC-LeaderElection53] INFO  server.RaftServerConfigKeys (ConfUtils.java:logGet(46)) - raft.server.write.element-limit = 1024 (custom)
2022-08-03 01:59:01,388 [c824bff0-102b-4ceb-889e-e8d339be5886@group-87E6F9D73CDC-LeaderElection53] INFO  server.RaftServerConfigKeys (ConfUtils.java:logGet(46)) - raft.server.write.byte-limit = 1024 M (=1073741824) (custom)
2022-08-03 01:59:01,389 [c824bff0-102b-4ceb-889e-e8d339be5886@group-87E6F9D73CDC-LeaderElection53] INFO  server.RaftServerConfigKeys (ConfUtils.java:logGet(46)) - raft.server.watch.timeout = 180s (custom)
2022-08-03 01:59:01,389 [c824bff0-102b-4ceb-889e-e8d339be5886@group-87E6F9D73CDC-LeaderElection53] INFO  server.RaftServerConfigKeys (ConfUtils.java:logGet(46)) - raft.server.watch.timeout.denomination = 1s (default)
2022-08-03 01:59:01,389 [c824bff0-102b-4ceb-889e-e8d339be5886@group-87E6F9D73CDC-LeaderElection53] INFO  server.RaftServerConfigKeys (ConfUtils.java:logGet(46)) - raft.server.watch.element-limit = 65536 (default)
2022-08-03 01:59:01,389 [c824bff0-102b-4ceb-889e-e8d339be5886@group-87E6F9D73CDC-LeaderElection53] INFO  server.RaftServerConfigKeys (ConfUtils.java:logGet(46)) - raft.server.write.element-limit = 1024 (custom)
2022-08-03 01:59:01,389 [c824bff0-102b-4ceb-889e-e8d339be5886@group-87E6F9D73CDC-LeaderElection53] INFO  server.RaftServerConfigKeys (ConfUtils.java:logGet(46)) - raft.server.write.follower.gap.ratio.max = -1.0 (default)
2022-08-03 01:59:01,390 [c824bff0-102b-4ceb-889e-e8d339be5886@group-87E6F9D73CDC-LeaderElection53] INFO  server.RaftServerConfigKeys (ConfUtils.java:logGet(46)) - raft.server.log.appender.snapshot.chunk.size.max = 16MB (=16777216) (default)
2022-08-03 01:59:01,390 [c824bff0-102b-4ceb-889e-e8d339be5886@group-87E6F9D73CDC-LeaderElection53] INFO  server.RaftServerConfigKeys (ConfUtils.java:logGet(46)) - raft.server.log.appender.buffer.byte-limit = 33554432 (custom)
2022-08-03 01:59:01,390 [c824bff0-102b-4ceb-889e-e8d339be5886@group-87E6F9D73CDC-LeaderElection53] INFO  server.RaftServerConfigKeys (ConfUtils.java:logGet(46)) - raft.server.log.appender.buffer.element-limit = 1 (custom)
2022-08-03 01:59:01,390 [c824bff0-102b-4ceb-889e-e8d339be5886@group-87E6F9D73CDC-LeaderElection53] INFO  grpc.GrpcConfigKeys (ConfUtils.java:logGet(46)) - raft.grpc.server.leader.outstanding.appends.max = 128 (default)
2022-08-03 01:59:01,390 [c824bff0-102b-4ceb-889e-e8d339be5886@group-87E6F9D73CDC-LeaderElection53] INFO  server.RaftServerConfigKeys (ConfUtils.java:logGet(46)) - raft.server.rpc.request.timeout = 60s (custom)
2022-08-03 01:59:01,390 [c824bff0-102b-4ceb-889e-e8d339be5886@group-87E6F9D73CDC-LeaderElection53] INFO  server.RaftServerConfigKeys (ConfUtils.java:logGet(46)) - raft.server.log.appender.install.snapshot.enabled = false (custom)
2022-08-03 01:59:01,391 [EventQueue-PipelineReportForPipelineReportHandler] INFO  pipeline.PipelineManagerImpl (PipelineManagerImpl.java:openPipeline(367)) - Pipeline Pipeline[ Id: 650f1157-2c79-4538-849f-87e6f9d73cdc, Nodes: 986bf7ce-700a-46a1-ab88-e0e38b862364{ip: 10.1.0.23, host: fv-az199-929.piossgaoozdutex3tpy4bgd4ka.dx.internal.cloudapp.net, ports: [REPLICATION=37957, RATIS=35665, RATIS_ADMIN=35665, RATIS_SERVER=35665, STANDALONE=45835], networkLocation: /default-rack, certSerialId: null, persistedOpState: IN_SERVICE, persistedOpStateExpiryEpochSec: 0}3f997eb7-6b59-43fe-9bb3-f29f42755580{ip: 10.1.0.23, host: fv-az199-929.piossgaoozdutex3tpy4bgd4ka.dx.internal.cloudapp.net, ports: [REPLICATION=41523, RATIS=40985, RATIS_ADMIN=40985, RATIS_SERVER=40985, STANDALONE=39251], networkLocation: /default-rack, certSerialId: null, persistedOpState: IN_SERVICE, persistedOpStateExpiryEpochSec: 0}c824bff0-102b-4ceb-889e-e8d339be5886{ip: 10.1.0.23, host: fv-az199-929.piossgaoozdutex3tpy4bgd4ka.dx.internal.cloudapp.net, ports: [REPLICATION=33117, RATIS=39825, RATIS_ADMIN=39825, RATIS_SERVER=39825, STANDALONE=38897], networkLocation: /default-rack, certSerialId: null, persistedOpState: IN_SERVICE, persistedOpStateExpiryEpochSec: 0}, ReplicationConfig: RATIS/THREE, State:ALLOCATED, leaderId:c824bff0-102b-4ceb-889e-e8d339be5886, CreationTimestamp2022-08-03T01:58:49.319Z[Etc/UTC]] moved to OPEN state
2022-08-03 01:59:01,392 [EventQueue-OpenPipelineForHealthyPipelineSafeModeRule] INFO  safemode.SCMSafeModeManager (HealthyPipelineSafeModeRule.java:process(137)) - SCM in safe mode. Healthy pipelines reported count is 0, required healthy pipeline reported count is 1
2022-08-03 01:59:01,392 [EventQueue-OpenPipelineForHealthyPipelineSafeModeRule] INFO  safemode.SCMSafeModeManager (HealthyPipelineSafeModeRule.java:process(137)) - SCM in safe mode. Healthy pipelines reported count is 1, required healthy pipeline reported count is 1
2022-08-03 01:59:01,392 [EventQueue-OpenPipelineForHealthyPipelineSafeModeRule] INFO  safemode.SCMSafeModeManager (SCMSafeModeManager.java:validateSafeModeExitRules(204)) - HealthyPipelineSafeModeRule rule is successfully validated
2022-08-03 01:59:01,392 [EventQueue-OpenPipelineForHealthyPipelineSafeModeRule] INFO  safemode.SCMSafeModeManager (SCMSafeModeManager.java:validateSafeModeExitRules(219)) - ScmSafeModeManager, all rules are successfully validated
2022-08-03 01:59:01,392 [EventQueue-OpenPipelineForHealthyPipelineSafeModeRule] INFO  safemode.SCMSafeModeManager (SCMSafeModeManager.java:exitSafeMode(248)) - SCM exiting safe mode.
2022-08-03 01:59:01,392 [EventQueue-OpenPipelineForHealthyPipelineSafeModeRule] WARN  events.EventQueue (EventQueue.java:fireEvent(216)) - No event handler registered for event TypedEvent{payloadType=SafeModeStatus, name='Safe mode status'}
2022-08-03 01:59:01,392 [EventQueue-OpenPipelineForHealthyPipelineSafeModeRule] INFO  ha.SCMContext (SCMContext.java:updateSafeModeStatus(228)) - Update SafeModeStatus from SafeModeStatus{safeModeStatus=true, preCheckPassed=true} to SafeModeStatus{safeModeStatus=false, preCheckPassed=true}.
2022-08-03 01:59:01,392 [EventQueue-OpenPipelineForHealthyPipelineSafeModeRule] INFO  pipeline.BackgroundPipelineCreator (BackgroundPipelineCreator.java:notifyStatusChanged(254)) - Service BackgroundPipelineCreator transitions to RUNNING.
2022-08-03 01:59:01,392 [EventQueue-OpenPipelineForHealthyPipelineSafeModeRule] INFO  BackgroundPipelineScrubber (BackgroundSCMService.java:notifyStatusChanged(82)) - Service BackgroundPipelineScrubber transitions to RUNNING.
2022-08-03 01:59:01,392 [EventQueue-OpenPipelineForHealthyPipelineSafeModeRule] INFO  ExpiredContainerReplicaOpScrubber (BackgroundSCMService.java:notifyStatusChanged(82)) - Service ExpiredContainerReplicaOpScrubber transitions to RUNNING.
2022-08-03 01:59:01,392 [EventQueue-OpenPipelineForHealthyPipelineSafeModeRule] INFO  UnderReplicatedQueueThread (BackgroundSCMService.java:notifyStatusChanged(82)) - Service UnderReplicatedQueueThread transitions to RUNNING.
2022-08-03 01:59:01,392 [EventQueue-OpenPipelineForHealthyPipelineSafeModeRule] INFO  OverReplicatedQueueThread (BackgroundSCMService.java:notifyStatusChanged(82)) - Service OverReplicatedQueueThread transitions to RUNNING.
2022-08-03 01:59:01,392 [EventQueue-OpenPipelineForHealthyPipelineSafeModeRule] INFO  replication.ReplicationManager (ReplicationManager.java:notifyStatusChanged(642)) - Service ReplicationManager transitions to RUNNING.
2022-08-03 01:59:01,392 [EventQueue-OpenPipelineForHealthyPipelineSafeModeRule] WARN  balancer.ContainerBalancer (ContainerBalancer.java:shouldRun(904)) - Could not find persisted configuration for ContainerBalancer when checking if ContainerBalancer should run. ContainerBalancer should not run now.
2022-08-03 01:59:01,397 [c824bff0-102b-4ceb-889e-e8d339be5886@group-87E6F9D73CDC-LeaderElection53] INFO  server.RaftServerConfigKeys (ConfUtils.java:logGet(46)) - raft.server.log.appender.snapshot.chunk.size.max = 16MB (=16777216) (default)
2022-08-03 01:59:01,397 [c824bff0-102b-4ceb-889e-e8d339be5886@group-87E6F9D73CDC-LeaderElection53] INFO  server.RaftServerConfigKeys (ConfUtils.java:logGet(46)) - raft.server.log.appender.buffer.byte-limit = 33554432 (custom)
2022-08-03 01:59:01,397 [c824bff0-102b-4ceb-889e-e8d339be5886@group-87E6F9D73CDC-LeaderElection53] INFO  server.RaftServerConfigKeys (ConfUtils.java:logGet(46)) - raft.server.log.appender.buffer.element-limit = 1 (custom)
2022-08-03 01:59:01,398 [c824bff0-102b-4ceb-889e-e8d339be5886@group-87E6F9D73CDC-LeaderElection53] INFO  grpc.GrpcConfigKeys (ConfUtils.java:logGet(46)) - raft.grpc.server.leader.outstanding.appends.max = 128 (default)
2022-08-03 01:59:01,398 [c824bff0-102b-4ceb-889e-e8d339be5886@group-87E6F9D73CDC-LeaderElection53] INFO  server.RaftServerConfigKeys (ConfUtils.java:logGet(46)) - raft.server.rpc.request.timeout = 60s (custom)
2022-08-03 01:59:01,398 [c824bff0-102b-4ceb-889e-e8d339be5886@group-87E6F9D73CDC-LeaderElection53] INFO  server.RaftServerConfigKeys (ConfUtils.java:logGet(46)) - raft.server.log.appender.install.snapshot.enabled = false (custom)
2022-08-03 01:59:01,398 [c824bff0-102b-4ceb-889e-e8d339be5886@group-87E6F9D73CDC-LeaderElection53] INFO  impl.RoleInfo (RoleInfo.java:updateAndGet(139)) - c824bff0-102b-4ceb-889e-e8d339be5886: start c824bff0-102b-4ceb-889e-e8d339be5886@group-87E6F9D73CDC-LeaderStateImpl
2022-08-03 01:59:01,400 [986bf7ce-700a-46a1-ab88-e0e38b862364@group-87E6F9D73CDC-LeaderElection54] INFO  impl.LeaderElection (LeaderElection.java:run(231)) - 986bf7ce-700a-46a1-ab88-e0e38b862364@group-87E6F9D73CDC-LeaderElection54: skip running since this is already CLOSING
2022-08-03 01:59:01,407 [c824bff0-102b-4ceb-889e-e8d339be5886@group-87E6F9D73CDC-LeaderElection53] INFO  segmented.SegmentedRaftLogWorker (SegmentedRaftLogWorker.java:startLogSegment(425)) - c824bff0-102b-4ceb-889e-e8d339be5886@group-87E6F9D73CDC-SegmentedRaftLogWorker: Starting segment from index:0
2022-08-03 01:59:01,416 [c824bff0-102b-4ceb-889e-e8d339be5886@group-87E6F9D73CDC-SegmentedRaftLogWorker] INFO  segmented.SegmentedRaftLogWorker (SegmentedRaftLogWorker.java:execute(629)) - c824bff0-102b-4ceb-889e-e8d339be5886@group-87E6F9D73CDC-SegmentedRaftLogWorker: created new log segment /home/runner/work/ozone/ozone/hadoop-ozone/integration-test/target/test-dir/MiniOzoneClusterImpl-2737617e-ba4a-449e-a26e-d824b2394d0e/datanode-2/data/ratis/650f1157-2c79-4538-849f-87e6f9d73cdc/current/log_inprogress_0
2022-08-03 01:59:01,450 [986bf7ce-700a-46a1-ab88-e0e38b862364-server-thread1] INFO  ratis.XceiverServerRatis (XceiverServerRatis.java:handleLeaderChangedNotification(863)) - Leader change notification received for group: group-87E6F9D73CDC with new leaderId: c824bff0-102b-4ceb-889e-e8d339be5886
2022-08-03 01:59:01,450 [986bf7ce-700a-46a1-ab88-e0e38b862364-server-thread1] INFO  server.RaftServer$Division (ServerState.java:setLeader(287)) - 986bf7ce-700a-46a1-ab88-e0e38b862364@group-87E6F9D73CDC: change Leader from null to c824bff0-102b-4ceb-889e-e8d339be5886 at term 2 for appendEntries, leader elected after 10567ms
2022-08-03 01:59:01,484 [3f997eb7-6b59-43fe-9bb3-f29f42755580-server-thread1] INFO  ratis.XceiverServerRatis (XceiverServerRatis.java:handleLeaderChangedNotification(863)) - Leader change notification received for group: group-87E6F9D73CDC with new leaderId: c824bff0-102b-4ceb-889e-e8d339be5886
2022-08-03 01:59:01,485 [3f997eb7-6b59-43fe-9bb3-f29f42755580-server-thread1] INFO  server.RaftServer$Division (ServerState.java:setLeader(287)) - 3f997eb7-6b59-43fe-9bb3-f29f42755580@group-87E6F9D73CDC: change Leader from null to c824bff0-102b-4ceb-889e-e8d339be5886 at term 2 for appendEntries, leader elected after 10458ms
2022-08-03 01:59:01,492 [c824bff0-102b-4ceb-889e-e8d339be5886@group-87E6F9D73CDC-LeaderElection53] INFO  server.RaftServer$Division (ServerState.java:setRaftConf(393)) - c824bff0-102b-4ceb-889e-e8d339be5886@group-87E6F9D73CDC: set configuration 0: [c824bff0-102b-4ceb-889e-e8d339be5886|rpc:10.1.0.23:39825|dataStream:|priority:1, 3f997eb7-6b59-43fe-9bb3-f29f42755580|rpc:10.1.0.23:40985|dataStream:|priority:0, 986bf7ce-700a-46a1-ab88-e0e38b862364|rpc:10.1.0.23:35665|dataStream:|priority:0], old=null
2022-08-03 01:59:01,516 [986bf7ce-700a-46a1-ab88-e0e38b862364-server-thread1] INFO  server.RaftServer$Division (ServerState.java:setRaftConf(393)) - 986bf7ce-700a-46a1-ab88-e0e38b862364@group-87E6F9D73CDC: set configuration 0: [c824bff0-102b-4ceb-889e-e8d339be5886|rpc:10.1.0.23:39825|dataStream:|priority:1, 3f997eb7-6b59-43fe-9bb3-f29f42755580|rpc:10.1.0.23:40985|dataStream:|priority:0, 986bf7ce-700a-46a1-ab88-e0e38b862364|rpc:10.1.0.23:35665|dataStream:|priority:0], old=null
2022-08-03 01:59:01,517 [986bf7ce-700a-46a1-ab88-e0e38b862364-server-thread1] INFO  segmented.SegmentedRaftLogWorker (SegmentedRaftLogWorker.java:startLogSegment(425)) - 986bf7ce-700a-46a1-ab88-e0e38b862364@group-87E6F9D73CDC-SegmentedRaftLogWorker: Starting segment from index:0
2022-08-03 01:59:01,523 [986bf7ce-700a-46a1-ab88-e0e38b862364@group-87E6F9D73CDC-SegmentedRaftLogWorker] INFO  segmented.SegmentedRaftLogWorker (SegmentedRaftLogWorker.java:execute(629)) - 986bf7ce-700a-46a1-ab88-e0e38b862364@group-87E6F9D73CDC-SegmentedRaftLogWorker: created new log segment /home/runner/work/ozone/ozone/hadoop-ozone/integration-test/target/test-dir/MiniOzoneClusterImpl-2737617e-ba4a-449e-a26e-d824b2394d0e/datanode-0/data/ratis/650f1157-2c79-4538-849f-87e6f9d73cdc/current/log_inprogress_0
2022-08-03 01:59:01,523 [3f997eb7-6b59-43fe-9bb3-f29f42755580-server-thread1] INFO  server.RaftServer$Division (ServerState.java:setRaftConf(393)) - 3f997eb7-6b59-43fe-9bb3-f29f42755580@group-87E6F9D73CDC: set configuration 0: [c824bff0-102b-4ceb-889e-e8d339be5886|rpc:10.1.0.23:39825|dataStream:|priority:1, 3f997eb7-6b59-43fe-9bb3-f29f42755580|rpc:10.1.0.23:40985|dataStream:|priority:0, 986bf7ce-700a-46a1-ab88-e0e38b862364|rpc:10.1.0.23:35665|dataStream:|priority:0], old=null
2022-08-03 01:59:01,524 [3f997eb7-6b59-43fe-9bb3-f29f42755580-server-thread1] INFO  segmented.SegmentedRaftLogWorker (SegmentedRaftLogWorker.java:startLogSegment(425)) - 3f997eb7-6b59-43fe-9bb3-f29f42755580@group-87E6F9D73CDC-SegmentedRaftLogWorker: Starting segment from index:0
2022-08-03 01:59:01,533 [3f997eb7-6b59-43fe-9bb3-f29f42755580@group-87E6F9D73CDC-SegmentedRaftLogWorker] INFO  segmented.SegmentedRaftLogWorker (SegmentedRaftLogWorker.java:execute(629)) - 3f997eb7-6b59-43fe-9bb3-f29f42755580@group-87E6F9D73CDC-SegmentedRaftLogWorker: created new log segment /home/runner/work/ozone/ozone/hadoop-ozone/integration-test/target/test-dir/MiniOzoneClusterImpl-2737617e-ba4a-449e-a26e-d824b2394d0e/datanode-1/data/ratis/650f1157-2c79-4538-849f-87e6f9d73cdc/current/log_inprogress_0
2022-08-03 01:59:01,748 [Listener at 127.0.0.1/36513] INFO  ozone.MiniOzoneClusterImpl (MiniOzoneClusterImpl.java:lambda$waitForClusterToBeReady$0(216)) - Nodes are ready. Got 5 of 5 DN Heartbeats.
2022-08-03 01:59:01,748 [Listener at 127.0.0.1/36513] INFO  ozone.MiniOzoneClusterImpl (MiniOzoneClusterImpl.java:lambda$waitForClusterToBeReady$0(219)) - Cluster exits safe mode
2022-08-03 01:59:01,748 [Listener at 127.0.0.1/36513] INFO  ozone.MiniOzoneClusterImpl (MiniOzoneClusterImpl.java:lambda$waitForClusterToBeReady$0(221)) - SCM became leader
2022-08-03 01:59:01,874 [Listener at 127.0.0.1/36513] INFO  rpc.RpcClient (RpcClient.java:createVolume(468)) - Creating Volume: volume26320, with user31892 as owner and space quota set to -1 bytes, counts quota set to -1
2022-08-03 01:59:01,876 [IPC Server handler 12 on default port 36513] INFO  volume.OMVolumeCreateRequest (OMVolumeCreateRequest.java:validateAndUpdateCache(195)) - created volume:volume26320 for user:user31892
2022-08-03 01:59:01,895 [Listener at 127.0.0.1/36513] INFO  rpc.RpcClient (RpcClient.java:createBucket(671)) - Creating Bucket: volume26320/bucket57581, with bucket layout LEGACY, runner as owner, Versioning false, Storage Type set to DISK and Encryption set to false 
2022-08-03 01:59:01,897 [IPC Server handler 8 on default port 36513] INFO  bucket.OMBucketCreateRequest (OMBucketCreateRequest.java:validateAndUpdateCache(260)) - created bucket: bucket57581 of layout LEGACY in volume: volume26320
]]></system-out>
  </testcase>
  <testcase name="testSeekOnFileLength" classname="TestOzoneFileSystem" time="1.002">
    <system-out><![CDATA[2022-08-03 01:53:15,901 [IPC Server handler 0 on default port 43477] INFO  ha.SequenceIdGenerator (SequenceIdGenerator.java:getNextId(128)) - Allocate a batch for containerId, change lastId from 0 to 1000.
2022-08-03 01:53:15,912 [IPC Server handler 0 on default port 43477] WARN  ha.SequenceIdGenerator (SequenceIdGenerator.java:allocateBatch(237)) - Failed to allocate a batch for localId, expected lastId is 0, actual lastId is 109611004723200000.
2022-08-03 01:53:15,913 [IPC Server handler 0 on default port 43477] INFO  ha.SequenceIdGenerator (SequenceIdGenerator.java:getNextId(128)) - Allocate a batch for localId, change lastId from 109611004723200000 to 109611004723201000.
2022-08-03 01:53:16,014 [Time-limited test] INFO  impl.MetricsSystemImpl (MetricsSystemImpl.java:init(158)) - XceiverClientMetrics metrics system started (again)
01:53:16.789 [IPC Server handler 13 on default port 35175] ERROR OMAudit - user=runner | ip=127.0.0.1 | op=LOOKUP_FILE {volume=volume18062, bucket=bucket29054, key=file_notexist, dataSize=0, replicationConfig=null} | ret=FAILURE
org.apache.hadoop.ozone.om.exceptions.OMException: Unable to get file status: volume: volume18062 bucket: bucket29054 key: file_notexist
	at org.apache.hadoop.ozone.om.KeyManagerImpl.getOzoneFileStatus(KeyManagerImpl.java:1311) ~[ozone-manager-1.3.0-SNAPSHOT.jar:?]
	at org.apache.hadoop.ozone.om.KeyManagerImpl.lookupFile(KeyManagerImpl.java:1423) ~[ozone-manager-1.3.0-SNAPSHOT.jar:?]
	at org.apache.hadoop.ozone.om.OzoneManager.lookupFile(OzoneManager.java:3505) ~[ozone-manager-1.3.0-SNAPSHOT.jar:?]
	at org.apache.hadoop.ozone.protocolPB.OzoneManagerRequestHandler.lookupFile(OzoneManagerRequestHandler.java:966) ~[ozone-manager-1.3.0-SNAPSHOT.jar:?]
	at org.apache.hadoop.ozone.protocolPB.OzoneManagerRequestHandler.handleReadRequest(OzoneManagerRequestHandler.java:230) ~[ozone-manager-1.3.0-SNAPSHOT.jar:?]
	at org.apache.hadoop.ozone.protocolPB.OzoneManagerProtocolServerSideTranslatorPB.submitReadRequestToOM(OzoneManagerProtocolServerSideTranslatorPB.java:226) ~[ozone-manager-1.3.0-SNAPSHOT.jar:?]
	at org.apache.hadoop.ozone.protocolPB.OzoneManagerProtocolServerSideTranslatorPB.processRequest(OzoneManagerProtocolServerSideTranslatorPB.java:175) ~[ozone-manager-1.3.0-SNAPSHOT.jar:?]
	at org.apache.hadoop.hdds.server.OzoneProtocolMessageDispatcher.processRequest(OzoneProtocolMessageDispatcher.java:87) [hdds-server-framework-1.3.0-SNAPSHOT.jar:?]
	at org.apache.hadoop.ozone.protocolPB.OzoneManagerProtocolServerSideTranslatorPB.submitRequest(OzoneManagerProtocolServerSideTranslatorPB.java:147) [ozone-manager-1.3.0-SNAPSHOT.jar:?]
	at org.apache.hadoop.ozone.protocol.proto.OzoneManagerProtocolProtos$OzoneManagerService$2.callBlockingMethod(OzoneManagerProtocolProtos.java) [ozone-interface-client-1.3.0-SNAPSHOT.jar:?]
	at org.apache.hadoop.ipc.ProtobufRpcEngine$Server.processCall(ProtobufRpcEngine.java:466) [hadoop-common-3.3.1.jar:?]
	at org.apache.hadoop.ipc.ProtobufRpcEngine2$Server$ProtoBufRpcInvoker.call(ProtobufRpcEngine2.java:574) [hadoop-common-3.3.1.jar:?]
	at org.apache.hadoop.ipc.ProtobufRpcEngine2$Server$ProtoBufRpcInvoker.call(ProtobufRpcEngine2.java:552) [hadoop-common-3.3.1.jar:?]
	at org.apache.hadoop.ipc.RPC$Server.call(RPC.java:1093) [hadoop-common-3.3.1.jar:?]
	at org.apache.hadoop.ipc.Server$RpcCall.run(Server.java:1035) [hadoop-common-3.3.1.jar:?]
	at org.apache.hadoop.ipc.Server$RpcCall.run(Server.java:963) [hadoop-common-3.3.1.jar:?]
	at java.security.AccessController.doPrivileged(Native Method) ~[?:1.8.0_332]
	at javax.security.auth.Subject.doAs(Subject.java:422) [?:1.8.0_332]
	at org.apache.hadoop.security.UserGroupInformation.doAs(UserGroupInformation.java:1878) [hadoop-common-3.3.1.jar:?]
	at org.apache.hadoop.ipc.Server$Handler.run(Server.java:2966) [hadoop-common-3.3.1.jar:?]
]]></system-out>
  </testcase>
  <testcase name="testSeekOnFileLength" classname="TestOzoneFileSystem" time="0.446">
    <system-out><![CDATA[2022-08-03 01:56:22,385 [IPC Server handler 18 on default port 35463] INFO  ha.SequenceIdGenerator (SequenceIdGenerator.java:getNextId(128)) - Allocate a batch for containerId, change lastId from 0 to 1000.
2022-08-03 01:56:22,386 [IPC Server handler 18 on default port 35463] WARN  ha.SequenceIdGenerator (SequenceIdGenerator.java:allocateBatch(237)) - Failed to allocate a batch for localId, expected lastId is 0, actual lastId is 109611004723200000.
2022-08-03 01:56:22,386 [IPC Server handler 18 on default port 35463] INFO  ha.SequenceIdGenerator (SequenceIdGenerator.java:getNextId(128)) - Allocate a batch for localId, change lastId from 109611004723200000 to 109611004723201000.
2022-08-03 01:56:22,694 [29c98487-0277-4cc7-b365-3516e94d97ef@group-2AE7C871DE56-FollowerState] INFO  impl.FollowerState (FollowerState.java:run(143)) - 29c98487-0277-4cc7-b365-3516e94d97ef@group-2AE7C871DE56-FollowerState: change to CANDIDATE, lastRpcElapsedTime:5198383882ns, electionTimeout:5177ms
2022-08-03 01:56:22,694 [29c98487-0277-4cc7-b365-3516e94d97ef@group-2AE7C871DE56-FollowerState] INFO  impl.RoleInfo (RoleInfo.java:shutdownFollowerState(110)) - 29c98487-0277-4cc7-b365-3516e94d97ef: shutdown 29c98487-0277-4cc7-b365-3516e94d97ef@group-2AE7C871DE56-FollowerState
2022-08-03 01:56:22,694 [29c98487-0277-4cc7-b365-3516e94d97ef@group-2AE7C871DE56-FollowerState] INFO  server.RaftServer$Division (RaftServerImpl.java:setRole(299)) - 29c98487-0277-4cc7-b365-3516e94d97ef@group-2AE7C871DE56: changes role from  FOLLOWER to CANDIDATE at term 0 for changeToCandidate
2022-08-03 01:56:22,694 [29c98487-0277-4cc7-b365-3516e94d97ef@group-2AE7C871DE56-FollowerState] INFO  server.RaftServerConfigKeys (ConfUtils.java:logGet(46)) - raft.server.leaderelection.pre-vote = false (custom)
2022-08-03 01:56:22,694 [29c98487-0277-4cc7-b365-3516e94d97ef@group-2AE7C871DE56-FollowerState] INFO  impl.RoleInfo (RoleInfo.java:updateAndGet(139)) - 29c98487-0277-4cc7-b365-3516e94d97ef: start 29c98487-0277-4cc7-b365-3516e94d97ef@group-2AE7C871DE56-LeaderElection18
2022-08-03 01:56:22,714 [29c98487-0277-4cc7-b365-3516e94d97ef@group-2AE7C871DE56-LeaderElection18] INFO  impl.LeaderElection (LeaderElection.java:askForVotes(310)) - 29c98487-0277-4cc7-b365-3516e94d97ef@group-2AE7C871DE56-LeaderElection18 ELECTION round 0: submit vote requests at term 1 for -1: [29c98487-0277-4cc7-b365-3516e94d97ef|rpc:10.1.0.23:34985|priority:1], old=null
2022-08-03 01:56:22,714 [29c98487-0277-4cc7-b365-3516e94d97ef@group-2AE7C871DE56-LeaderElection18] INFO  impl.LeaderElection (LeaderElection.java:askForVotes(312)) - 29c98487-0277-4cc7-b365-3516e94d97ef@group-2AE7C871DE56-LeaderElection18 ELECTION round 0: result PASSED (term=1)
2022-08-03 01:56:22,714 [29c98487-0277-4cc7-b365-3516e94d97ef@group-2AE7C871DE56-LeaderElection18] INFO  impl.RoleInfo (RoleInfo.java:shutdownLeaderElection(130)) - 29c98487-0277-4cc7-b365-3516e94d97ef: shutdown 29c98487-0277-4cc7-b365-3516e94d97ef@group-2AE7C871DE56-LeaderElection18
2022-08-03 01:56:22,714 [29c98487-0277-4cc7-b365-3516e94d97ef@group-2AE7C871DE56-LeaderElection18] INFO  server.RaftServer$Division (RaftServerImpl.java:setRole(299)) - 29c98487-0277-4cc7-b365-3516e94d97ef@group-2AE7C871DE56: changes role from CANDIDATE to LEADER at term 1 for changeToLeader
2022-08-03 01:56:22,714 [29c98487-0277-4cc7-b365-3516e94d97ef@group-2AE7C871DE56-LeaderElection18] INFO  ratis.XceiverServerRatis (XceiverServerRatis.java:handleLeaderChangedNotification(863)) - Leader change notification received for group: group-2AE7C871DE56 with new leaderId: 29c98487-0277-4cc7-b365-3516e94d97ef
2022-08-03 01:56:22,736 [29c98487-0277-4cc7-b365-3516e94d97ef@group-2AE7C871DE56-LeaderElection18] INFO  server.RaftServer$Division (ServerState.java:setLeader(287)) - 29c98487-0277-4cc7-b365-3516e94d97ef@group-2AE7C871DE56: change Leader from null to 29c98487-0277-4cc7-b365-3516e94d97ef at term 1 for becomeLeader, leader elected after 5260ms
2022-08-03 01:56:22,736 [29c98487-0277-4cc7-b365-3516e94d97ef@group-2AE7C871DE56-LeaderElection18] INFO  server.RaftServerConfigKeys (ConfUtils.java:logGet(46)) - raft.server.staging.catchup.gap = 1000 (default)
2022-08-03 01:56:22,736 [29c98487-0277-4cc7-b365-3516e94d97ef@group-2AE7C871DE56-LeaderElection18] INFO  server.RaftServerConfigKeys (ConfUtils.java:logGet(46)) - raft.server.write.element-limit = 1024 (custom)
2022-08-03 01:56:22,736 [29c98487-0277-4cc7-b365-3516e94d97ef@group-2AE7C871DE56-LeaderElection18] INFO  server.RaftServerConfigKeys (ConfUtils.java:logGet(46)) - raft.server.write.byte-limit = 1024 M (=1073741824) (custom)
2022-08-03 01:56:22,751 [29c98487-0277-4cc7-b365-3516e94d97ef@group-2AE7C871DE56-LeaderElection18] INFO  server.RaftServerConfigKeys (ConfUtils.java:logGet(46)) - raft.server.watch.timeout = 180s (custom)
2022-08-03 01:56:22,751 [29c98487-0277-4cc7-b365-3516e94d97ef@group-2AE7C871DE56-LeaderElection18] INFO  server.RaftServerConfigKeys (ConfUtils.java:logGet(46)) - raft.server.watch.timeout.denomination = 1s (default)
2022-08-03 01:56:22,751 [29c98487-0277-4cc7-b365-3516e94d97ef@group-2AE7C871DE56-LeaderElection18] INFO  server.RaftServerConfigKeys (ConfUtils.java:logGet(46)) - raft.server.watch.element-limit = 65536 (default)
2022-08-03 01:56:22,751 [29c98487-0277-4cc7-b365-3516e94d97ef@group-2AE7C871DE56-LeaderElection18] INFO  server.RaftServerConfigKeys (ConfUtils.java:logGet(46)) - raft.server.write.element-limit = 1024 (custom)
2022-08-03 01:56:22,751 [29c98487-0277-4cc7-b365-3516e94d97ef@group-2AE7C871DE56-LeaderElection18] INFO  server.RaftServerConfigKeys (ConfUtils.java:logGet(46)) - raft.server.write.follower.gap.ratio.max = -1.0 (default)
2022-08-03 01:56:22,751 [29c98487-0277-4cc7-b365-3516e94d97ef@group-2AE7C871DE56-LeaderElection18] INFO  impl.RoleInfo (RoleInfo.java:updateAndGet(139)) - 29c98487-0277-4cc7-b365-3516e94d97ef: start 29c98487-0277-4cc7-b365-3516e94d97ef@group-2AE7C871DE56-LeaderStateImpl
2022-08-03 01:56:22,752 [29c98487-0277-4cc7-b365-3516e94d97ef@group-2AE7C871DE56-LeaderElection18] INFO  segmented.SegmentedRaftLogWorker (SegmentedRaftLogWorker.java:startLogSegment(425)) - 29c98487-0277-4cc7-b365-3516e94d97ef@group-2AE7C871DE56-SegmentedRaftLogWorker: Starting segment from index:0
2022-08-03 01:56:22,759 [29c98487-0277-4cc7-b365-3516e94d97ef@group-2AE7C871DE56-LeaderElection18] INFO  server.RaftServer$Division (ServerState.java:setRaftConf(393)) - 29c98487-0277-4cc7-b365-3516e94d97ef@group-2AE7C871DE56: set configuration 0: [29c98487-0277-4cc7-b365-3516e94d97ef|rpc:10.1.0.23:34985|dataStream:|priority:1], old=null
2022-08-03 01:56:22,761 [29c98487-0277-4cc7-b365-3516e94d97ef@group-2AE7C871DE56-SegmentedRaftLogWorker] INFO  segmented.SegmentedRaftLogWorker (SegmentedRaftLogWorker.java:execute(629)) - 29c98487-0277-4cc7-b365-3516e94d97ef@group-2AE7C871DE56-SegmentedRaftLogWorker: created new log segment /home/runner/work/ozone/ozone/hadoop-ozone/integration-test/target/test-dir/MiniOzoneClusterImpl-2b644ed5-ee6e-4744-ab54-d718b8c739bc/datanode-1/data/ratis/ad83bbba-08ad-48d7-b226-2ae7c871de56/current/log_inprogress_0
01:56:22.786 [IPC Server handler 6 on default port 44107] ERROR OMAudit - user=runner | ip=127.0.0.1 | op=LOOKUP_FILE {volume=volume07240, bucket=bucket34393, key=file_notexist, dataSize=0, replicationConfig=null} | ret=FAILURE
org.apache.hadoop.ozone.om.exceptions.OMException: Unable to get file status: volume: volume07240 bucket: bucket34393 key: file_notexist
	at org.apache.hadoop.ozone.om.KeyManagerImpl.getOzoneFileStatus(KeyManagerImpl.java:1311) ~[ozone-manager-1.3.0-SNAPSHOT.jar:?]
	at org.apache.hadoop.ozone.om.KeyManagerImpl.lookupFile(KeyManagerImpl.java:1423) ~[ozone-manager-1.3.0-SNAPSHOT.jar:?]
	at org.apache.hadoop.ozone.om.OzoneManager.lookupFile(OzoneManager.java:3505) ~[ozone-manager-1.3.0-SNAPSHOT.jar:?]
	at org.apache.hadoop.ozone.protocolPB.OzoneManagerRequestHandler.lookupFile(OzoneManagerRequestHandler.java:966) ~[ozone-manager-1.3.0-SNAPSHOT.jar:?]
	at org.apache.hadoop.ozone.protocolPB.OzoneManagerRequestHandler.handleReadRequest(OzoneManagerRequestHandler.java:230) ~[ozone-manager-1.3.0-SNAPSHOT.jar:?]
	at org.apache.hadoop.ozone.protocolPB.OzoneManagerProtocolServerSideTranslatorPB.submitRequestDirectlyToOM(OzoneManagerProtocolServerSideTranslatorPB.java:276) ~[ozone-manager-1.3.0-SNAPSHOT.jar:?]
	at org.apache.hadoop.ozone.protocolPB.OzoneManagerProtocolServerSideTranslatorPB.processRequest(OzoneManagerProtocolServerSideTranslatorPB.java:205) ~[ozone-manager-1.3.0-SNAPSHOT.jar:?]
	at org.apache.hadoop.hdds.server.OzoneProtocolMessageDispatcher.processRequest(OzoneProtocolMessageDispatcher.java:87) [hdds-server-framework-1.3.0-SNAPSHOT.jar:?]
	at org.apache.hadoop.ozone.protocolPB.OzoneManagerProtocolServerSideTranslatorPB.submitRequest(OzoneManagerProtocolServerSideTranslatorPB.java:147) [ozone-manager-1.3.0-SNAPSHOT.jar:?]
	at org.apache.hadoop.ozone.protocol.proto.OzoneManagerProtocolProtos$OzoneManagerService$2.callBlockingMethod(OzoneManagerProtocolProtos.java) [ozone-interface-client-1.3.0-SNAPSHOT.jar:?]
	at org.apache.hadoop.ipc.ProtobufRpcEngine$Server.processCall(ProtobufRpcEngine.java:466) [hadoop-common-3.3.1.jar:?]
	at org.apache.hadoop.ipc.ProtobufRpcEngine2$Server$ProtoBufRpcInvoker.call(ProtobufRpcEngine2.java:574) [hadoop-common-3.3.1.jar:?]
	at org.apache.hadoop.ipc.ProtobufRpcEngine2$Server$ProtoBufRpcInvoker.call(ProtobufRpcEngine2.java:552) [hadoop-common-3.3.1.jar:?]
	at org.apache.hadoop.ipc.RPC$Server.call(RPC.java:1093) [hadoop-common-3.3.1.jar:?]
	at org.apache.hadoop.ipc.Server$RpcCall.run(Server.java:1035) [hadoop-common-3.3.1.jar:?]
	at org.apache.hadoop.ipc.Server$RpcCall.run(Server.java:963) [hadoop-common-3.3.1.jar:?]
	at java.security.AccessController.doPrivileged(Native Method) ~[?:1.8.0_332]
	at javax.security.auth.Subject.doAs(Subject.java:422) [?:1.8.0_332]
	at org.apache.hadoop.security.UserGroupInformation.doAs(UserGroupInformation.java:1878) [hadoop-common-3.3.1.jar:?]
	at org.apache.hadoop.ipc.Server$Handler.run(Server.java:2966) [hadoop-common-3.3.1.jar:?]
]]></system-out>
  </testcase>
  <testcase name="testSeekOnFileLength" classname="TestOzoneFileSystem" time="0.719">
    <system-out><![CDATA[2022-08-03 01:57:32,252 [IPC Server handler 8 on default port 35335] INFO  ha.SequenceIdGenerator (SequenceIdGenerator.java:getNextId(128)) - Allocate a batch for containerId, change lastId from 0 to 1000.
2022-08-03 01:57:32,253 [IPC Server handler 8 on default port 35335] WARN  ha.SequenceIdGenerator (SequenceIdGenerator.java:allocateBatch(237)) - Failed to allocate a batch for localId, expected lastId is 0, actual lastId is 109611004723200000.
2022-08-03 01:57:32,253 [IPC Server handler 8 on default port 35335] INFO  ha.SequenceIdGenerator (SequenceIdGenerator.java:getNextId(128)) - Allocate a batch for localId, change lastId from 109611004723200000 to 109611004723201000.
01:57:32.908 [IPC Server handler 15 on default port 36611] ERROR OMAudit - user=runner | ip=127.0.0.1 | op=LOOKUP_FILE {volume=volume58070, bucket=bucket54574, key=file_notexist, dataSize=0, replicationConfig=null} | ret=FAILURE
org.apache.hadoop.ozone.om.exceptions.OMException: Unable to get file status: volume: volume58070 bucket: bucket54574 key: file_notexist
	at org.apache.hadoop.ozone.om.KeyManagerImpl.getOzoneFileStatus(KeyManagerImpl.java:1311) ~[ozone-manager-1.3.0-SNAPSHOT.jar:?]
	at org.apache.hadoop.ozone.om.KeyManagerImpl.lookupFile(KeyManagerImpl.java:1423) ~[ozone-manager-1.3.0-SNAPSHOT.jar:?]
	at org.apache.hadoop.ozone.om.OzoneManager.lookupFile(OzoneManager.java:3505) ~[ozone-manager-1.3.0-SNAPSHOT.jar:?]
	at org.apache.hadoop.ozone.protocolPB.OzoneManagerRequestHandler.lookupFile(OzoneManagerRequestHandler.java:966) ~[ozone-manager-1.3.0-SNAPSHOT.jar:?]
	at org.apache.hadoop.ozone.protocolPB.OzoneManagerRequestHandler.handleReadRequest(OzoneManagerRequestHandler.java:230) ~[ozone-manager-1.3.0-SNAPSHOT.jar:?]
	at org.apache.hadoop.ozone.protocolPB.OzoneManagerProtocolServerSideTranslatorPB.submitReadRequestToOM(OzoneManagerProtocolServerSideTranslatorPB.java:226) ~[ozone-manager-1.3.0-SNAPSHOT.jar:?]
	at org.apache.hadoop.ozone.protocolPB.OzoneManagerProtocolServerSideTranslatorPB.processRequest(OzoneManagerProtocolServerSideTranslatorPB.java:175) ~[ozone-manager-1.3.0-SNAPSHOT.jar:?]
	at org.apache.hadoop.hdds.server.OzoneProtocolMessageDispatcher.processRequest(OzoneProtocolMessageDispatcher.java:87) [hdds-server-framework-1.3.0-SNAPSHOT.jar:?]
	at org.apache.hadoop.ozone.protocolPB.OzoneManagerProtocolServerSideTranslatorPB.submitRequest(OzoneManagerProtocolServerSideTranslatorPB.java:147) [ozone-manager-1.3.0-SNAPSHOT.jar:?]
	at org.apache.hadoop.ozone.protocol.proto.OzoneManagerProtocolProtos$OzoneManagerService$2.callBlockingMethod(OzoneManagerProtocolProtos.java) [ozone-interface-client-1.3.0-SNAPSHOT.jar:?]
	at org.apache.hadoop.ipc.ProtobufRpcEngine$Server.processCall(ProtobufRpcEngine.java:466) [hadoop-common-3.3.1.jar:?]
	at org.apache.hadoop.ipc.ProtobufRpcEngine2$Server$ProtoBufRpcInvoker.call(ProtobufRpcEngine2.java:574) [hadoop-common-3.3.1.jar:?]
	at org.apache.hadoop.ipc.ProtobufRpcEngine2$Server$ProtoBufRpcInvoker.call(ProtobufRpcEngine2.java:552) [hadoop-common-3.3.1.jar:?]
	at org.apache.hadoop.ipc.RPC$Server.call(RPC.java:1093) [hadoop-common-3.3.1.jar:?]
	at org.apache.hadoop.ipc.Server$RpcCall.run(Server.java:1035) [hadoop-common-3.3.1.jar:?]
	at org.apache.hadoop.ipc.Server$RpcCall.run(Server.java:963) [hadoop-common-3.3.1.jar:?]
	at java.security.AccessController.doPrivileged(Native Method) ~[?:1.8.0_332]
	at javax.security.auth.Subject.doAs(Subject.java:422) [?:1.8.0_332]
	at org.apache.hadoop.security.UserGroupInformation.doAs(UserGroupInformation.java:1878) [hadoop-common-3.3.1.jar:?]
	at org.apache.hadoop.ipc.Server$Handler.run(Server.java:2966) [hadoop-common-3.3.1.jar:?]
]]></system-out>
  </testcase>
  <testcase name="testSeekOnFileLength" classname="TestOzoneFileSystem" time="0.626">
    <system-out><![CDATA[2022-08-03 01:59:02,049 [IPC Server handler 1 on default port 41849] INFO  ha.SequenceIdGenerator (SequenceIdGenerator.java:getNextId(128)) - Allocate a batch for containerId, change lastId from 0 to 1000.
2022-08-03 01:59:02,050 [IPC Server handler 1 on default port 41849] WARN  ha.SequenceIdGenerator (SequenceIdGenerator.java:allocateBatch(237)) - Failed to allocate a batch for localId, expected lastId is 0, actual lastId is 109611004723200000.
2022-08-03 01:59:02,050 [IPC Server handler 1 on default port 41849] INFO  ha.SequenceIdGenerator (SequenceIdGenerator.java:getNextId(128)) - Allocate a batch for localId, change lastId from 109611004723200000 to 109611004723201000.
01:59:02.637 [IPC Server handler 7 on default port 36513] ERROR OMAudit - user=runner | ip=127.0.0.1 | op=LOOKUP_FILE {volume=volume26320, bucket=bucket57581, key=file_notexist, dataSize=0, replicationConfig=null} | ret=FAILURE
org.apache.hadoop.ozone.om.exceptions.OMException: Unable to get file status: volume: volume26320 bucket: bucket57581 key: file_notexist
	at org.apache.hadoop.ozone.om.KeyManagerImpl.getOzoneFileStatus(KeyManagerImpl.java:1311) ~[ozone-manager-1.3.0-SNAPSHOT.jar:?]
	at org.apache.hadoop.ozone.om.KeyManagerImpl.lookupFile(KeyManagerImpl.java:1423) ~[ozone-manager-1.3.0-SNAPSHOT.jar:?]
	at org.apache.hadoop.ozone.om.OzoneManager.lookupFile(OzoneManager.java:3505) ~[ozone-manager-1.3.0-SNAPSHOT.jar:?]
	at org.apache.hadoop.ozone.protocolPB.OzoneManagerRequestHandler.lookupFile(OzoneManagerRequestHandler.java:966) ~[ozone-manager-1.3.0-SNAPSHOT.jar:?]
	at org.apache.hadoop.ozone.protocolPB.OzoneManagerRequestHandler.handleReadRequest(OzoneManagerRequestHandler.java:230) ~[ozone-manager-1.3.0-SNAPSHOT.jar:?]
	at org.apache.hadoop.ozone.protocolPB.OzoneManagerProtocolServerSideTranslatorPB.submitRequestDirectlyToOM(OzoneManagerProtocolServerSideTranslatorPB.java:276) ~[ozone-manager-1.3.0-SNAPSHOT.jar:?]
	at org.apache.hadoop.ozone.protocolPB.OzoneManagerProtocolServerSideTranslatorPB.processRequest(OzoneManagerProtocolServerSideTranslatorPB.java:205) ~[ozone-manager-1.3.0-SNAPSHOT.jar:?]
	at org.apache.hadoop.hdds.server.OzoneProtocolMessageDispatcher.processRequest(OzoneProtocolMessageDispatcher.java:87) [hdds-server-framework-1.3.0-SNAPSHOT.jar:?]
	at org.apache.hadoop.ozone.protocolPB.OzoneManagerProtocolServerSideTranslatorPB.submitRequest(OzoneManagerProtocolServerSideTranslatorPB.java:147) [ozone-manager-1.3.0-SNAPSHOT.jar:?]
	at org.apache.hadoop.ozone.protocol.proto.OzoneManagerProtocolProtos$OzoneManagerService$2.callBlockingMethod(OzoneManagerProtocolProtos.java) [ozone-interface-client-1.3.0-SNAPSHOT.jar:?]
	at org.apache.hadoop.ipc.ProtobufRpcEngine$Server.processCall(ProtobufRpcEngine.java:466) [hadoop-common-3.3.1.jar:?]
	at org.apache.hadoop.ipc.ProtobufRpcEngine2$Server$ProtoBufRpcInvoker.call(ProtobufRpcEngine2.java:574) [hadoop-common-3.3.1.jar:?]
	at org.apache.hadoop.ipc.ProtobufRpcEngine2$Server$ProtoBufRpcInvoker.call(ProtobufRpcEngine2.java:552) [hadoop-common-3.3.1.jar:?]
	at org.apache.hadoop.ipc.RPC$Server.call(RPC.java:1093) [hadoop-common-3.3.1.jar:?]
	at org.apache.hadoop.ipc.Server$RpcCall.run(Server.java:1035) [hadoop-common-3.3.1.jar:?]
	at org.apache.hadoop.ipc.Server$RpcCall.run(Server.java:963) [hadoop-common-3.3.1.jar:?]
	at java.security.AccessController.doPrivileged(Native Method) ~[?:1.8.0_332]
	at javax.security.auth.Subject.doAs(Subject.java:422) [?:1.8.0_332]
	at org.apache.hadoop.security.UserGroupInformation.doAs(UserGroupInformation.java:1878) [hadoop-common-3.3.1.jar:?]
	at org.apache.hadoop.ipc.Server$Handler.run(Server.java:2966) [hadoop-common-3.3.1.jar:?]
]]></system-out>
  </testcase>
  <testcase name="testRenameFile" classname="TestOzoneFileSystem" time="0.126">
    <system-out><![CDATA[01:53:16.884 [IPC Server handler 11 on default port 35175] ERROR OMAudit - user=runner | ip=127.0.0.1 | op=GET_FILE_STATUS {volume=volume18062, bucket=bucket29054, key=root/file1, dataSize=0, replicationConfig=null} | ret=FAILURE
org.apache.hadoop.ozone.om.exceptions.OMException: Unable to get file status: volume: volume18062 bucket: bucket29054 key: root/file1
	at org.apache.hadoop.ozone.om.KeyManagerImpl.getOzoneFileStatus(KeyManagerImpl.java:1311) ~[ozone-manager-1.3.0-SNAPSHOT.jar:?]
	at org.apache.hadoop.ozone.om.KeyManagerImpl.getFileStatus(KeyManagerImpl.java:1241) ~[ozone-manager-1.3.0-SNAPSHOT.jar:?]
	at org.apache.hadoop.ozone.om.OzoneManager.getFileStatus(OzoneManager.java:3467) ~[ozone-manager-1.3.0-SNAPSHOT.jar:?]
	at org.apache.hadoop.ozone.protocolPB.OzoneManagerRequestHandler.getOzoneFileStatus(OzoneManagerRequestHandler.java:878) ~[ozone-manager-1.3.0-SNAPSHOT.jar:?]
	at org.apache.hadoop.ozone.protocolPB.OzoneManagerRequestHandler.handleReadRequest(OzoneManagerRequestHandler.java:224) ~[ozone-manager-1.3.0-SNAPSHOT.jar:?]
	at org.apache.hadoop.ozone.protocolPB.OzoneManagerProtocolServerSideTranslatorPB.submitReadRequestToOM(OzoneManagerProtocolServerSideTranslatorPB.java:226) ~[ozone-manager-1.3.0-SNAPSHOT.jar:?]
	at org.apache.hadoop.ozone.protocolPB.OzoneManagerProtocolServerSideTranslatorPB.processRequest(OzoneManagerProtocolServerSideTranslatorPB.java:175) ~[ozone-manager-1.3.0-SNAPSHOT.jar:?]
	at org.apache.hadoop.hdds.server.OzoneProtocolMessageDispatcher.processRequest(OzoneProtocolMessageDispatcher.java:87) [hdds-server-framework-1.3.0-SNAPSHOT.jar:?]
	at org.apache.hadoop.ozone.protocolPB.OzoneManagerProtocolServerSideTranslatorPB.submitRequest(OzoneManagerProtocolServerSideTranslatorPB.java:147) [ozone-manager-1.3.0-SNAPSHOT.jar:?]
	at org.apache.hadoop.ozone.protocol.proto.OzoneManagerProtocolProtos$OzoneManagerService$2.callBlockingMethod(OzoneManagerProtocolProtos.java) [ozone-interface-client-1.3.0-SNAPSHOT.jar:?]
	at org.apache.hadoop.ipc.ProtobufRpcEngine$Server.processCall(ProtobufRpcEngine.java:466) [hadoop-common-3.3.1.jar:?]
	at org.apache.hadoop.ipc.ProtobufRpcEngine2$Server$ProtoBufRpcInvoker.call(ProtobufRpcEngine2.java:574) [hadoop-common-3.3.1.jar:?]
	at org.apache.hadoop.ipc.ProtobufRpcEngine2$Server$ProtoBufRpcInvoker.call(ProtobufRpcEngine2.java:552) [hadoop-common-3.3.1.jar:?]
	at org.apache.hadoop.ipc.RPC$Server.call(RPC.java:1093) [hadoop-common-3.3.1.jar:?]
	at org.apache.hadoop.ipc.Server$RpcCall.run(Server.java:1035) [hadoop-common-3.3.1.jar:?]
	at org.apache.hadoop.ipc.Server$RpcCall.run(Server.java:963) [hadoop-common-3.3.1.jar:?]
	at java.security.AccessController.doPrivileged(Native Method) ~[?:1.8.0_332]
	at javax.security.auth.Subject.doAs(Subject.java:422) [?:1.8.0_332]
	at org.apache.hadoop.security.UserGroupInformation.doAs(UserGroupInformation.java:1878) [hadoop-common-3.3.1.jar:?]
	at org.apache.hadoop.ipc.Server$Handler.run(Server.java:2966) [hadoop-common-3.3.1.jar:?]
]]></system-out>
  </testcase>
  <testcase name="testRenameFile" classname="TestOzoneFileSystem" time="0.076">
    <system-out><![CDATA[01:56:22.831 [IPC Server handler 12 on default port 44107] ERROR OMAudit - user=runner | ip=127.0.0.1 | op=GET_FILE_STATUS {volume=volume07240, bucket=bucket34393, key=root/file1, dataSize=0, replicationConfig=null} | ret=FAILURE
org.apache.hadoop.ozone.om.exceptions.OMException: Unable to get file status: volume: volume07240 bucket: bucket34393 key: root/file1
	at org.apache.hadoop.ozone.om.KeyManagerImpl.getOzoneFileStatus(KeyManagerImpl.java:1311) ~[ozone-manager-1.3.0-SNAPSHOT.jar:?]
	at org.apache.hadoop.ozone.om.KeyManagerImpl.getFileStatus(KeyManagerImpl.java:1241) ~[ozone-manager-1.3.0-SNAPSHOT.jar:?]
	at org.apache.hadoop.ozone.om.OzoneManager.getFileStatus(OzoneManager.java:3467) ~[ozone-manager-1.3.0-SNAPSHOT.jar:?]
	at org.apache.hadoop.ozone.protocolPB.OzoneManagerRequestHandler.getOzoneFileStatus(OzoneManagerRequestHandler.java:878) ~[ozone-manager-1.3.0-SNAPSHOT.jar:?]
	at org.apache.hadoop.ozone.protocolPB.OzoneManagerRequestHandler.handleReadRequest(OzoneManagerRequestHandler.java:224) ~[ozone-manager-1.3.0-SNAPSHOT.jar:?]
	at org.apache.hadoop.ozone.protocolPB.OzoneManagerProtocolServerSideTranslatorPB.submitRequestDirectlyToOM(OzoneManagerProtocolServerSideTranslatorPB.java:276) ~[ozone-manager-1.3.0-SNAPSHOT.jar:?]
	at org.apache.hadoop.ozone.protocolPB.OzoneManagerProtocolServerSideTranslatorPB.processRequest(OzoneManagerProtocolServerSideTranslatorPB.java:205) ~[ozone-manager-1.3.0-SNAPSHOT.jar:?]
	at org.apache.hadoop.hdds.server.OzoneProtocolMessageDispatcher.processRequest(OzoneProtocolMessageDispatcher.java:87) [hdds-server-framework-1.3.0-SNAPSHOT.jar:?]
	at org.apache.hadoop.ozone.protocolPB.OzoneManagerProtocolServerSideTranslatorPB.submitRequest(OzoneManagerProtocolServerSideTranslatorPB.java:147) [ozone-manager-1.3.0-SNAPSHOT.jar:?]
	at org.apache.hadoop.ozone.protocol.proto.OzoneManagerProtocolProtos$OzoneManagerService$2.callBlockingMethod(OzoneManagerProtocolProtos.java) [ozone-interface-client-1.3.0-SNAPSHOT.jar:?]
	at org.apache.hadoop.ipc.ProtobufRpcEngine$Server.processCall(ProtobufRpcEngine.java:466) [hadoop-common-3.3.1.jar:?]
	at org.apache.hadoop.ipc.ProtobufRpcEngine2$Server$ProtoBufRpcInvoker.call(ProtobufRpcEngine2.java:574) [hadoop-common-3.3.1.jar:?]
	at org.apache.hadoop.ipc.ProtobufRpcEngine2$Server$ProtoBufRpcInvoker.call(ProtobufRpcEngine2.java:552) [hadoop-common-3.3.1.jar:?]
	at org.apache.hadoop.ipc.RPC$Server.call(RPC.java:1093) [hadoop-common-3.3.1.jar:?]
	at org.apache.hadoop.ipc.Server$RpcCall.run(Server.java:1035) [hadoop-common-3.3.1.jar:?]
	at org.apache.hadoop.ipc.Server$RpcCall.run(Server.java:963) [hadoop-common-3.3.1.jar:?]
	at java.security.AccessController.doPrivileged(Native Method) ~[?:1.8.0_332]
	at javax.security.auth.Subject.doAs(Subject.java:422) [?:1.8.0_332]
	at org.apache.hadoop.security.UserGroupInformation.doAs(UserGroupInformation.java:1878) [hadoop-common-3.3.1.jar:?]
	at org.apache.hadoop.ipc.Server$Handler.run(Server.java:2966) [hadoop-common-3.3.1.jar:?]
]]></system-out>
  </testcase>
  <testcase name="testRenameFile" classname="TestOzoneFileSystem" time="0.086">
    <system-out><![CDATA[01:57:32.984 [IPC Server handler 18 on default port 36611] ERROR OMAudit - user=runner | ip=127.0.0.1 | op=GET_FILE_STATUS {volume=volume58070, bucket=bucket54574, key=root/file1, dataSize=0, replicationConfig=null} | ret=FAILURE
org.apache.hadoop.ozone.om.exceptions.OMException: Unable to get file status: volume: volume58070 bucket: bucket54574 key: root/file1
	at org.apache.hadoop.ozone.om.KeyManagerImpl.getOzoneFileStatus(KeyManagerImpl.java:1311) ~[ozone-manager-1.3.0-SNAPSHOT.jar:?]
	at org.apache.hadoop.ozone.om.KeyManagerImpl.getFileStatus(KeyManagerImpl.java:1241) ~[ozone-manager-1.3.0-SNAPSHOT.jar:?]
	at org.apache.hadoop.ozone.om.OzoneManager.getFileStatus(OzoneManager.java:3467) ~[ozone-manager-1.3.0-SNAPSHOT.jar:?]
	at org.apache.hadoop.ozone.protocolPB.OzoneManagerRequestHandler.getOzoneFileStatus(OzoneManagerRequestHandler.java:878) ~[ozone-manager-1.3.0-SNAPSHOT.jar:?]
	at org.apache.hadoop.ozone.protocolPB.OzoneManagerRequestHandler.handleReadRequest(OzoneManagerRequestHandler.java:224) ~[ozone-manager-1.3.0-SNAPSHOT.jar:?]
	at org.apache.hadoop.ozone.protocolPB.OzoneManagerProtocolServerSideTranslatorPB.submitReadRequestToOM(OzoneManagerProtocolServerSideTranslatorPB.java:226) ~[ozone-manager-1.3.0-SNAPSHOT.jar:?]
	at org.apache.hadoop.ozone.protocolPB.OzoneManagerProtocolServerSideTranslatorPB.processRequest(OzoneManagerProtocolServerSideTranslatorPB.java:175) ~[ozone-manager-1.3.0-SNAPSHOT.jar:?]
	at org.apache.hadoop.hdds.server.OzoneProtocolMessageDispatcher.processRequest(OzoneProtocolMessageDispatcher.java:87) [hdds-server-framework-1.3.0-SNAPSHOT.jar:?]
	at org.apache.hadoop.ozone.protocolPB.OzoneManagerProtocolServerSideTranslatorPB.submitRequest(OzoneManagerProtocolServerSideTranslatorPB.java:147) [ozone-manager-1.3.0-SNAPSHOT.jar:?]
	at org.apache.hadoop.ozone.protocol.proto.OzoneManagerProtocolProtos$OzoneManagerService$2.callBlockingMethod(OzoneManagerProtocolProtos.java) [ozone-interface-client-1.3.0-SNAPSHOT.jar:?]
	at org.apache.hadoop.ipc.ProtobufRpcEngine$Server.processCall(ProtobufRpcEngine.java:466) [hadoop-common-3.3.1.jar:?]
	at org.apache.hadoop.ipc.ProtobufRpcEngine2$Server$ProtoBufRpcInvoker.call(ProtobufRpcEngine2.java:574) [hadoop-common-3.3.1.jar:?]
	at org.apache.hadoop.ipc.ProtobufRpcEngine2$Server$ProtoBufRpcInvoker.call(ProtobufRpcEngine2.java:552) [hadoop-common-3.3.1.jar:?]
	at org.apache.hadoop.ipc.RPC$Server.call(RPC.java:1093) [hadoop-common-3.3.1.jar:?]
	at org.apache.hadoop.ipc.Server$RpcCall.run(Server.java:1035) [hadoop-common-3.3.1.jar:?]
	at org.apache.hadoop.ipc.Server$RpcCall.run(Server.java:963) [hadoop-common-3.3.1.jar:?]
	at java.security.AccessController.doPrivileged(Native Method) ~[?:1.8.0_332]
	at javax.security.auth.Subject.doAs(Subject.java:422) [?:1.8.0_332]
	at org.apache.hadoop.security.UserGroupInformation.doAs(UserGroupInformation.java:1878) [hadoop-common-3.3.1.jar:?]
	at org.apache.hadoop.ipc.Server$Handler.run(Server.java:2966) [hadoop-common-3.3.1.jar:?]
]]></system-out>
  </testcase>
  <testcase name="testRenameFile" classname="TestOzoneFileSystem" time="0.084">
    <system-out><![CDATA[01:59:02.702 [IPC Server handler 15 on default port 36513] ERROR OMAudit - user=runner | ip=127.0.0.1 | op=GET_FILE_STATUS {volume=volume26320, bucket=bucket57581, key=root/file1, dataSize=0, replicationConfig=null} | ret=FAILURE
org.apache.hadoop.ozone.om.exceptions.OMException: Unable to get file status: volume: volume26320 bucket: bucket57581 key: root/file1
	at org.apache.hadoop.ozone.om.KeyManagerImpl.getOzoneFileStatus(KeyManagerImpl.java:1311) ~[ozone-manager-1.3.0-SNAPSHOT.jar:?]
	at org.apache.hadoop.ozone.om.KeyManagerImpl.getFileStatus(KeyManagerImpl.java:1241) ~[ozone-manager-1.3.0-SNAPSHOT.jar:?]
	at org.apache.hadoop.ozone.om.OzoneManager.getFileStatus(OzoneManager.java:3467) ~[ozone-manager-1.3.0-SNAPSHOT.jar:?]
	at org.apache.hadoop.ozone.protocolPB.OzoneManagerRequestHandler.getOzoneFileStatus(OzoneManagerRequestHandler.java:878) ~[ozone-manager-1.3.0-SNAPSHOT.jar:?]
	at org.apache.hadoop.ozone.protocolPB.OzoneManagerRequestHandler.handleReadRequest(OzoneManagerRequestHandler.java:224) ~[ozone-manager-1.3.0-SNAPSHOT.jar:?]
	at org.apache.hadoop.ozone.protocolPB.OzoneManagerProtocolServerSideTranslatorPB.submitRequestDirectlyToOM(OzoneManagerProtocolServerSideTranslatorPB.java:276) ~[ozone-manager-1.3.0-SNAPSHOT.jar:?]
	at org.apache.hadoop.ozone.protocolPB.OzoneManagerProtocolServerSideTranslatorPB.processRequest(OzoneManagerProtocolServerSideTranslatorPB.java:205) ~[ozone-manager-1.3.0-SNAPSHOT.jar:?]
	at org.apache.hadoop.hdds.server.OzoneProtocolMessageDispatcher.processRequest(OzoneProtocolMessageDispatcher.java:87) [hdds-server-framework-1.3.0-SNAPSHOT.jar:?]
	at org.apache.hadoop.ozone.protocolPB.OzoneManagerProtocolServerSideTranslatorPB.submitRequest(OzoneManagerProtocolServerSideTranslatorPB.java:147) [ozone-manager-1.3.0-SNAPSHOT.jar:?]
	at org.apache.hadoop.ozone.protocol.proto.OzoneManagerProtocolProtos$OzoneManagerService$2.callBlockingMethod(OzoneManagerProtocolProtos.java) [ozone-interface-client-1.3.0-SNAPSHOT.jar:?]
	at org.apache.hadoop.ipc.ProtobufRpcEngine$Server.processCall(ProtobufRpcEngine.java:466) [hadoop-common-3.3.1.jar:?]
	at org.apache.hadoop.ipc.ProtobufRpcEngine2$Server$ProtoBufRpcInvoker.call(ProtobufRpcEngine2.java:574) [hadoop-common-3.3.1.jar:?]
	at org.apache.hadoop.ipc.ProtobufRpcEngine2$Server$ProtoBufRpcInvoker.call(ProtobufRpcEngine2.java:552) [hadoop-common-3.3.1.jar:?]
	at org.apache.hadoop.ipc.RPC$Server.call(RPC.java:1093) [hadoop-common-3.3.1.jar:?]
	at org.apache.hadoop.ipc.Server$RpcCall.run(Server.java:1035) [hadoop-common-3.3.1.jar:?]
	at org.apache.hadoop.ipc.Server$RpcCall.run(Server.java:963) [hadoop-common-3.3.1.jar:?]
	at java.security.AccessController.doPrivileged(Native Method) ~[?:1.8.0_332]
	at javax.security.auth.Subject.doAs(Subject.java:422) [?:1.8.0_332]
	at org.apache.hadoop.security.UserGroupInformation.doAs(UserGroupInformation.java:1878) [hadoop-common-3.3.1.jar:?]
	at org.apache.hadoop.ipc.Server$Handler.run(Server.java:2966) [hadoop-common-3.3.1.jar:?]
]]></system-out>
  </testcase>
  <testcase name="testRenameDir" classname="TestOzoneFileSystem" time="0.058">
    <system-out><![CDATA[2022-08-03 01:53:16,985 [Time-limited test] INFO  ozone.TestOzoneFileSystem (TestOzoneFileSystem.java:testRenameDir(1113)) - Created dir o3fs://bucket29054.volume18062/root_dir/dir1/sub_dir1
2022-08-03 01:53:16,985 [Time-limited test] INFO  ozone.TestOzoneFileSystem (TestOzoneFileSystem.java:testRenameDir(1114)) - Will move o3fs://bucket29054.volume18062/root_dir/dir1 to o3fs://bucket29054.volume18062/root_dir/dir1.renamed
01:53:16.989 [IPC Server handler 0 on default port 35175] ERROR OMAudit - user=runner | ip=127.0.0.1 | op=GET_FILE_STATUS {volume=volume18062, bucket=bucket29054, key=root_dir/dir1.renamed, dataSize=0, replicationConfig=null} | ret=FAILURE
org.apache.hadoop.ozone.om.exceptions.OMException: Unable to get file status: volume: volume18062 bucket: bucket29054 key: root_dir/dir1.renamed
	at org.apache.hadoop.ozone.om.KeyManagerImpl.getOzoneFileStatus(KeyManagerImpl.java:1311) ~[ozone-manager-1.3.0-SNAPSHOT.jar:?]
	at org.apache.hadoop.ozone.om.KeyManagerImpl.getFileStatus(KeyManagerImpl.java:1241) ~[ozone-manager-1.3.0-SNAPSHOT.jar:?]
	at org.apache.hadoop.ozone.om.OzoneManager.getFileStatus(OzoneManager.java:3467) ~[ozone-manager-1.3.0-SNAPSHOT.jar:?]
	at org.apache.hadoop.ozone.protocolPB.OzoneManagerRequestHandler.getOzoneFileStatus(OzoneManagerRequestHandler.java:878) ~[ozone-manager-1.3.0-SNAPSHOT.jar:?]
	at org.apache.hadoop.ozone.protocolPB.OzoneManagerRequestHandler.handleReadRequest(OzoneManagerRequestHandler.java:224) ~[ozone-manager-1.3.0-SNAPSHOT.jar:?]
	at org.apache.hadoop.ozone.protocolPB.OzoneManagerProtocolServerSideTranslatorPB.submitReadRequestToOM(OzoneManagerProtocolServerSideTranslatorPB.java:226) ~[ozone-manager-1.3.0-SNAPSHOT.jar:?]
	at org.apache.hadoop.ozone.protocolPB.OzoneManagerProtocolServerSideTranslatorPB.processRequest(OzoneManagerProtocolServerSideTranslatorPB.java:175) ~[ozone-manager-1.3.0-SNAPSHOT.jar:?]
	at org.apache.hadoop.hdds.server.OzoneProtocolMessageDispatcher.processRequest(OzoneProtocolMessageDispatcher.java:87) [hdds-server-framework-1.3.0-SNAPSHOT.jar:?]
	at org.apache.hadoop.ozone.protocolPB.OzoneManagerProtocolServerSideTranslatorPB.submitRequest(OzoneManagerProtocolServerSideTranslatorPB.java:147) [ozone-manager-1.3.0-SNAPSHOT.jar:?]
	at org.apache.hadoop.ozone.protocol.proto.OzoneManagerProtocolProtos$OzoneManagerService$2.callBlockingMethod(OzoneManagerProtocolProtos.java) [ozone-interface-client-1.3.0-SNAPSHOT.jar:?]
	at org.apache.hadoop.ipc.ProtobufRpcEngine$Server.processCall(ProtobufRpcEngine.java:466) [hadoop-common-3.3.1.jar:?]
	at org.apache.hadoop.ipc.ProtobufRpcEngine2$Server$ProtoBufRpcInvoker.call(ProtobufRpcEngine2.java:574) [hadoop-common-3.3.1.jar:?]
	at org.apache.hadoop.ipc.ProtobufRpcEngine2$Server$ProtoBufRpcInvoker.call(ProtobufRpcEngine2.java:552) [hadoop-common-3.3.1.jar:?]
	at org.apache.hadoop.ipc.RPC$Server.call(RPC.java:1093) [hadoop-common-3.3.1.jar:?]
	at org.apache.hadoop.ipc.Server$RpcCall.run(Server.java:1035) [hadoop-common-3.3.1.jar:?]
	at org.apache.hadoop.ipc.Server$RpcCall.run(Server.java:963) [hadoop-common-3.3.1.jar:?]
	at java.security.AccessController.doPrivileged(Native Method) ~[?:1.8.0_332]
	at javax.security.auth.Subject.doAs(Subject.java:422) [?:1.8.0_332]
	at org.apache.hadoop.security.UserGroupInformation.doAs(UserGroupInformation.java:1878) [hadoop-common-3.3.1.jar:?]
	at org.apache.hadoop.ipc.Server$Handler.run(Server.java:2966) [hadoop-common-3.3.1.jar:?]
]]></system-out>
  </testcase>
  <testcase name="testRenameDir" classname="TestOzoneFileSystem" time="0.07">
    <system-out><![CDATA[2022-08-03 01:56:22,911 [Time-limited test] INFO  ozone.TestOzoneFileSystem (TestOzoneFileSystem.java:testRenameDir(1113)) - Created dir o3fs://bucket34393.volume07240/root_dir/dir1/sub_dir1
2022-08-03 01:56:22,911 [Time-limited test] INFO  ozone.TestOzoneFileSystem (TestOzoneFileSystem.java:testRenameDir(1114)) - Will move o3fs://bucket34393.volume07240/root_dir/dir1 to o3fs://bucket34393.volume07240/root_dir/dir1.renamed
01:56:22.912 [IPC Server handler 17 on default port 44107] ERROR OMAudit - user=runner | ip=127.0.0.1 | op=GET_FILE_STATUS {volume=volume07240, bucket=bucket34393, key=root_dir/dir1.renamed, dataSize=0, replicationConfig=null} | ret=FAILURE
org.apache.hadoop.ozone.om.exceptions.OMException: Unable to get file status: volume: volume07240 bucket: bucket34393 key: root_dir/dir1.renamed
	at org.apache.hadoop.ozone.om.KeyManagerImpl.getOzoneFileStatus(KeyManagerImpl.java:1311) ~[ozone-manager-1.3.0-SNAPSHOT.jar:?]
	at org.apache.hadoop.ozone.om.KeyManagerImpl.getFileStatus(KeyManagerImpl.java:1241) ~[ozone-manager-1.3.0-SNAPSHOT.jar:?]
	at org.apache.hadoop.ozone.om.OzoneManager.getFileStatus(OzoneManager.java:3467) ~[ozone-manager-1.3.0-SNAPSHOT.jar:?]
	at org.apache.hadoop.ozone.protocolPB.OzoneManagerRequestHandler.getOzoneFileStatus(OzoneManagerRequestHandler.java:878) ~[ozone-manager-1.3.0-SNAPSHOT.jar:?]
	at org.apache.hadoop.ozone.protocolPB.OzoneManagerRequestHandler.handleReadRequest(OzoneManagerRequestHandler.java:224) ~[ozone-manager-1.3.0-SNAPSHOT.jar:?]
	at org.apache.hadoop.ozone.protocolPB.OzoneManagerProtocolServerSideTranslatorPB.submitRequestDirectlyToOM(OzoneManagerProtocolServerSideTranslatorPB.java:276) ~[ozone-manager-1.3.0-SNAPSHOT.jar:?]
	at org.apache.hadoop.ozone.protocolPB.OzoneManagerProtocolServerSideTranslatorPB.processRequest(OzoneManagerProtocolServerSideTranslatorPB.java:205) ~[ozone-manager-1.3.0-SNAPSHOT.jar:?]
	at org.apache.hadoop.hdds.server.OzoneProtocolMessageDispatcher.processRequest(OzoneProtocolMessageDispatcher.java:87) [hdds-server-framework-1.3.0-SNAPSHOT.jar:?]
	at org.apache.hadoop.ozone.protocolPB.OzoneManagerProtocolServerSideTranslatorPB.submitRequest(OzoneManagerProtocolServerSideTranslatorPB.java:147) [ozone-manager-1.3.0-SNAPSHOT.jar:?]
	at org.apache.hadoop.ozone.protocol.proto.OzoneManagerProtocolProtos$OzoneManagerService$2.callBlockingMethod(OzoneManagerProtocolProtos.java) [ozone-interface-client-1.3.0-SNAPSHOT.jar:?]
	at org.apache.hadoop.ipc.ProtobufRpcEngine$Server.processCall(ProtobufRpcEngine.java:466) [hadoop-common-3.3.1.jar:?]
	at org.apache.hadoop.ipc.ProtobufRpcEngine2$Server$ProtoBufRpcInvoker.call(ProtobufRpcEngine2.java:574) [hadoop-common-3.3.1.jar:?]
	at org.apache.hadoop.ipc.ProtobufRpcEngine2$Server$ProtoBufRpcInvoker.call(ProtobufRpcEngine2.java:552) [hadoop-common-3.3.1.jar:?]
	at org.apache.hadoop.ipc.RPC$Server.call(RPC.java:1093) [hadoop-common-3.3.1.jar:?]
	at org.apache.hadoop.ipc.Server$RpcCall.run(Server.java:1035) [hadoop-common-3.3.1.jar:?]
	at org.apache.hadoop.ipc.Server$RpcCall.run(Server.java:963) [hadoop-common-3.3.1.jar:?]
	at java.security.AccessController.doPrivileged(Native Method) ~[?:1.8.0_332]
	at javax.security.auth.Subject.doAs(Subject.java:422) [?:1.8.0_332]
	at org.apache.hadoop.security.UserGroupInformation.doAs(UserGroupInformation.java:1878) [hadoop-common-3.3.1.jar:?]
	at org.apache.hadoop.ipc.Server$Handler.run(Server.java:2966) [hadoop-common-3.3.1.jar:?]
]]></system-out>
  </testcase>
  <testcase name="testRenameDir" classname="TestOzoneFileSystem" time="0.028">
    <system-out><![CDATA[2022-08-03 01:57:33,015 [Time-limited test] INFO  ozone.TestOzoneFileSystem (TestOzoneFileSystem.java:testRenameDir(1113)) - Created dir o3fs://bucket54574.volume58070/root_dir/dir1/sub_dir1
2022-08-03 01:57:33,015 [Time-limited test] INFO  ozone.TestOzoneFileSystem (TestOzoneFileSystem.java:testRenameDir(1114)) - Will move o3fs://bucket54574.volume58070/root_dir/dir1 to o3fs://bucket54574.volume58070/root_dir/dir1.renamed
01:57:33.016 [IPC Server handler 14 on default port 36611] ERROR OMAudit - user=runner | ip=127.0.0.1 | op=GET_FILE_STATUS {volume=volume58070, bucket=bucket54574, key=root_dir/dir1.renamed, dataSize=0, replicationConfig=null} | ret=FAILURE
org.apache.hadoop.ozone.om.exceptions.OMException: Unable to get file status: volume: volume58070 bucket: bucket54574 key: root_dir/dir1.renamed
	at org.apache.hadoop.ozone.om.KeyManagerImpl.getOzoneFileStatus(KeyManagerImpl.java:1311) ~[ozone-manager-1.3.0-SNAPSHOT.jar:?]
	at org.apache.hadoop.ozone.om.KeyManagerImpl.getFileStatus(KeyManagerImpl.java:1241) ~[ozone-manager-1.3.0-SNAPSHOT.jar:?]
	at org.apache.hadoop.ozone.om.OzoneManager.getFileStatus(OzoneManager.java:3467) ~[ozone-manager-1.3.0-SNAPSHOT.jar:?]
	at org.apache.hadoop.ozone.protocolPB.OzoneManagerRequestHandler.getOzoneFileStatus(OzoneManagerRequestHandler.java:878) ~[ozone-manager-1.3.0-SNAPSHOT.jar:?]
	at org.apache.hadoop.ozone.protocolPB.OzoneManagerRequestHandler.handleReadRequest(OzoneManagerRequestHandler.java:224) ~[ozone-manager-1.3.0-SNAPSHOT.jar:?]
	at org.apache.hadoop.ozone.protocolPB.OzoneManagerProtocolServerSideTranslatorPB.submitReadRequestToOM(OzoneManagerProtocolServerSideTranslatorPB.java:226) ~[ozone-manager-1.3.0-SNAPSHOT.jar:?]
	at org.apache.hadoop.ozone.protocolPB.OzoneManagerProtocolServerSideTranslatorPB.processRequest(OzoneManagerProtocolServerSideTranslatorPB.java:175) ~[ozone-manager-1.3.0-SNAPSHOT.jar:?]
	at org.apache.hadoop.hdds.server.OzoneProtocolMessageDispatcher.processRequest(OzoneProtocolMessageDispatcher.java:87) [hdds-server-framework-1.3.0-SNAPSHOT.jar:?]
	at org.apache.hadoop.ozone.protocolPB.OzoneManagerProtocolServerSideTranslatorPB.submitRequest(OzoneManagerProtocolServerSideTranslatorPB.java:147) [ozone-manager-1.3.0-SNAPSHOT.jar:?]
	at org.apache.hadoop.ozone.protocol.proto.OzoneManagerProtocolProtos$OzoneManagerService$2.callBlockingMethod(OzoneManagerProtocolProtos.java) [ozone-interface-client-1.3.0-SNAPSHOT.jar:?]
	at org.apache.hadoop.ipc.ProtobufRpcEngine$Server.processCall(ProtobufRpcEngine.java:466) [hadoop-common-3.3.1.jar:?]
	at org.apache.hadoop.ipc.ProtobufRpcEngine2$Server$ProtoBufRpcInvoker.call(ProtobufRpcEngine2.java:574) [hadoop-common-3.3.1.jar:?]
	at org.apache.hadoop.ipc.ProtobufRpcEngine2$Server$ProtoBufRpcInvoker.call(ProtobufRpcEngine2.java:552) [hadoop-common-3.3.1.jar:?]
	at org.apache.hadoop.ipc.RPC$Server.call(RPC.java:1093) [hadoop-common-3.3.1.jar:?]
	at org.apache.hadoop.ipc.Server$RpcCall.run(Server.java:1035) [hadoop-common-3.3.1.jar:?]
	at org.apache.hadoop.ipc.Server$RpcCall.run(Server.java:963) [hadoop-common-3.3.1.jar:?]
	at java.security.AccessController.doPrivileged(Native Method) ~[?:1.8.0_332]
	at javax.security.auth.Subject.doAs(Subject.java:422) [?:1.8.0_332]
	at org.apache.hadoop.security.UserGroupInformation.doAs(UserGroupInformation.java:1878) [hadoop-common-3.3.1.jar:?]
	at org.apache.hadoop.ipc.Server$Handler.run(Server.java:2966) [hadoop-common-3.3.1.jar:?]
]]></system-out>
  </testcase>
  <testcase name="testRenameDir" classname="TestOzoneFileSystem" time="0.02">
    <system-out><![CDATA[2022-08-03 01:59:02,732 [Time-limited test] INFO  ozone.TestOzoneFileSystem (TestOzoneFileSystem.java:testRenameDir(1113)) - Created dir o3fs://bucket57581.volume26320/root_dir/dir1/sub_dir1
2022-08-03 01:59:02,732 [Time-limited test] INFO  ozone.TestOzoneFileSystem (TestOzoneFileSystem.java:testRenameDir(1114)) - Will move o3fs://bucket57581.volume26320/root_dir/dir1 to o3fs://bucket57581.volume26320/root_dir/dir1.renamed
01:59:02.733 [IPC Server handler 2 on default port 36513] ERROR OMAudit - user=runner | ip=127.0.0.1 | op=GET_FILE_STATUS {volume=volume26320, bucket=bucket57581, key=root_dir/dir1.renamed, dataSize=0, replicationConfig=null} | ret=FAILURE
org.apache.hadoop.ozone.om.exceptions.OMException: Unable to get file status: volume: volume26320 bucket: bucket57581 key: root_dir/dir1.renamed
	at org.apache.hadoop.ozone.om.KeyManagerImpl.getOzoneFileStatus(KeyManagerImpl.java:1311) ~[ozone-manager-1.3.0-SNAPSHOT.jar:?]
	at org.apache.hadoop.ozone.om.KeyManagerImpl.getFileStatus(KeyManagerImpl.java:1241) ~[ozone-manager-1.3.0-SNAPSHOT.jar:?]
	at org.apache.hadoop.ozone.om.OzoneManager.getFileStatus(OzoneManager.java:3467) ~[ozone-manager-1.3.0-SNAPSHOT.jar:?]
	at org.apache.hadoop.ozone.protocolPB.OzoneManagerRequestHandler.getOzoneFileStatus(OzoneManagerRequestHandler.java:878) ~[ozone-manager-1.3.0-SNAPSHOT.jar:?]
	at org.apache.hadoop.ozone.protocolPB.OzoneManagerRequestHandler.handleReadRequest(OzoneManagerRequestHandler.java:224) ~[ozone-manager-1.3.0-SNAPSHOT.jar:?]
	at org.apache.hadoop.ozone.protocolPB.OzoneManagerProtocolServerSideTranslatorPB.submitRequestDirectlyToOM(OzoneManagerProtocolServerSideTranslatorPB.java:276) ~[ozone-manager-1.3.0-SNAPSHOT.jar:?]
	at org.apache.hadoop.ozone.protocolPB.OzoneManagerProtocolServerSideTranslatorPB.processRequest(OzoneManagerProtocolServerSideTranslatorPB.java:205) ~[ozone-manager-1.3.0-SNAPSHOT.jar:?]
	at org.apache.hadoop.hdds.server.OzoneProtocolMessageDispatcher.processRequest(OzoneProtocolMessageDispatcher.java:87) [hdds-server-framework-1.3.0-SNAPSHOT.jar:?]
	at org.apache.hadoop.ozone.protocolPB.OzoneManagerProtocolServerSideTranslatorPB.submitRequest(OzoneManagerProtocolServerSideTranslatorPB.java:147) [ozone-manager-1.3.0-SNAPSHOT.jar:?]
	at org.apache.hadoop.ozone.protocol.proto.OzoneManagerProtocolProtos$OzoneManagerService$2.callBlockingMethod(OzoneManagerProtocolProtos.java) [ozone-interface-client-1.3.0-SNAPSHOT.jar:?]
	at org.apache.hadoop.ipc.ProtobufRpcEngine$Server.processCall(ProtobufRpcEngine.java:466) [hadoop-common-3.3.1.jar:?]
	at org.apache.hadoop.ipc.ProtobufRpcEngine2$Server$ProtoBufRpcInvoker.call(ProtobufRpcEngine2.java:574) [hadoop-common-3.3.1.jar:?]
	at org.apache.hadoop.ipc.ProtobufRpcEngine2$Server$ProtoBufRpcInvoker.call(ProtobufRpcEngine2.java:552) [hadoop-common-3.3.1.jar:?]
	at org.apache.hadoop.ipc.RPC$Server.call(RPC.java:1093) [hadoop-common-3.3.1.jar:?]
	at org.apache.hadoop.ipc.Server$RpcCall.run(Server.java:1035) [hadoop-common-3.3.1.jar:?]
	at org.apache.hadoop.ipc.Server$RpcCall.run(Server.java:963) [hadoop-common-3.3.1.jar:?]
	at java.security.AccessController.doPrivileged(Native Method) ~[?:1.8.0_332]
	at javax.security.auth.Subject.doAs(Subject.java:422) [?:1.8.0_332]
	at org.apache.hadoop.security.UserGroupInformation.doAs(UserGroupInformation.java:1878) [hadoop-common-3.3.1.jar:?]
	at org.apache.hadoop.ipc.Server$Handler.run(Server.java:2966) [hadoop-common-3.3.1.jar:?]
]]></system-out>
  </testcase>
  <testcase name="testAllocateMoreThanOneBlock" classname="TestOzoneFileSystem" time="0.666"/>
  <testcase name="testAllocateMoreThanOneBlock" classname="TestOzoneFileSystem" time="1.089">
    <system-out><![CDATA[2022-08-03 01:56:23,590 [65846ed8-c1ef-45a3-a578-716f347ad6ea@group-13F69EAE892F-FollowerState] INFO  impl.FollowerState (FollowerState.java:run(143)) - 65846ed8-c1ef-45a3-a578-716f347ad6ea@group-13F69EAE892F-FollowerState: change to CANDIDATE, lastRpcElapsedTime:5182001890ns, electionTimeout:5180ms
2022-08-03 01:56:23,591 [65846ed8-c1ef-45a3-a578-716f347ad6ea@group-13F69EAE892F-FollowerState] INFO  impl.RoleInfo (RoleInfo.java:shutdownFollowerState(110)) - 65846ed8-c1ef-45a3-a578-716f347ad6ea: shutdown 65846ed8-c1ef-45a3-a578-716f347ad6ea@group-13F69EAE892F-FollowerState
2022-08-03 01:56:23,591 [65846ed8-c1ef-45a3-a578-716f347ad6ea@group-13F69EAE892F-FollowerState] INFO  server.RaftServer$Division (RaftServerImpl.java:setRole(299)) - 65846ed8-c1ef-45a3-a578-716f347ad6ea@group-13F69EAE892F: changes role from  FOLLOWER to CANDIDATE at term 0 for changeToCandidate
2022-08-03 01:56:23,600 [65846ed8-c1ef-45a3-a578-716f347ad6ea@group-13F69EAE892F-FollowerState] INFO  server.RaftServerConfigKeys (ConfUtils.java:logGet(46)) - raft.server.leaderelection.pre-vote = false (custom)
2022-08-03 01:56:23,600 [65846ed8-c1ef-45a3-a578-716f347ad6ea@group-13F69EAE892F-FollowerState] INFO  impl.RoleInfo (RoleInfo.java:updateAndGet(139)) - 65846ed8-c1ef-45a3-a578-716f347ad6ea: start 65846ed8-c1ef-45a3-a578-716f347ad6ea@group-13F69EAE892F-LeaderElection19
2022-08-03 01:56:23,648 [65846ed8-c1ef-45a3-a578-716f347ad6ea@group-13F69EAE892F-LeaderElection19] INFO  impl.LeaderElection (LeaderElection.java:askForVotes(310)) - 65846ed8-c1ef-45a3-a578-716f347ad6ea@group-13F69EAE892F-LeaderElection19 ELECTION round 0: submit vote requests at term 1 for -1: [65846ed8-c1ef-45a3-a578-716f347ad6ea|rpc:10.1.0.23:35919|priority:1], old=null
2022-08-03 01:56:23,650 [65846ed8-c1ef-45a3-a578-716f347ad6ea@group-13F69EAE892F-LeaderElection19] INFO  impl.LeaderElection (LeaderElection.java:askForVotes(312)) - 65846ed8-c1ef-45a3-a578-716f347ad6ea@group-13F69EAE892F-LeaderElection19 ELECTION round 0: result PASSED (term=1)
2022-08-03 01:56:23,650 [65846ed8-c1ef-45a3-a578-716f347ad6ea@group-13F69EAE892F-LeaderElection19] INFO  impl.RoleInfo (RoleInfo.java:shutdownLeaderElection(130)) - 65846ed8-c1ef-45a3-a578-716f347ad6ea: shutdown 65846ed8-c1ef-45a3-a578-716f347ad6ea@group-13F69EAE892F-LeaderElection19
2022-08-03 01:56:23,650 [65846ed8-c1ef-45a3-a578-716f347ad6ea@group-13F69EAE892F-LeaderElection19] INFO  server.RaftServer$Division (RaftServerImpl.java:setRole(299)) - 65846ed8-c1ef-45a3-a578-716f347ad6ea@group-13F69EAE892F: changes role from CANDIDATE to LEADER at term 1 for changeToLeader
2022-08-03 01:56:23,650 [65846ed8-c1ef-45a3-a578-716f347ad6ea@group-13F69EAE892F-LeaderElection19] INFO  ratis.XceiverServerRatis (XceiverServerRatis.java:handleLeaderChangedNotification(863)) - Leader change notification received for group: group-13F69EAE892F with new leaderId: 65846ed8-c1ef-45a3-a578-716f347ad6ea
2022-08-03 01:56:23,650 [65846ed8-c1ef-45a3-a578-716f347ad6ea@group-13F69EAE892F-LeaderElection19] INFO  server.RaftServer$Division (ServerState.java:setLeader(287)) - 65846ed8-c1ef-45a3-a578-716f347ad6ea@group-13F69EAE892F: change Leader from null to 65846ed8-c1ef-45a3-a578-716f347ad6ea at term 1 for becomeLeader, leader elected after 5501ms
2022-08-03 01:56:23,650 [65846ed8-c1ef-45a3-a578-716f347ad6ea@group-13F69EAE892F-LeaderElection19] INFO  server.RaftServerConfigKeys (ConfUtils.java:logGet(46)) - raft.server.staging.catchup.gap = 1000 (default)
2022-08-03 01:56:23,650 [65846ed8-c1ef-45a3-a578-716f347ad6ea@group-13F69EAE892F-LeaderElection19] INFO  server.RaftServerConfigKeys (ConfUtils.java:logGet(46)) - raft.server.write.element-limit = 1024 (custom)
2022-08-03 01:56:23,651 [65846ed8-c1ef-45a3-a578-716f347ad6ea@group-13F69EAE892F-LeaderElection19] INFO  server.RaftServerConfigKeys (ConfUtils.java:logGet(46)) - raft.server.write.byte-limit = 1024 M (=1073741824) (custom)
2022-08-03 01:56:23,651 [65846ed8-c1ef-45a3-a578-716f347ad6ea@group-13F69EAE892F-LeaderElection19] INFO  server.RaftServerConfigKeys (ConfUtils.java:logGet(46)) - raft.server.watch.timeout = 180s (custom)
2022-08-03 01:56:23,651 [65846ed8-c1ef-45a3-a578-716f347ad6ea@group-13F69EAE892F-LeaderElection19] INFO  server.RaftServerConfigKeys (ConfUtils.java:logGet(46)) - raft.server.watch.timeout.denomination = 1s (default)
2022-08-03 01:56:23,651 [65846ed8-c1ef-45a3-a578-716f347ad6ea@group-13F69EAE892F-LeaderElection19] INFO  server.RaftServerConfigKeys (ConfUtils.java:logGet(46)) - raft.server.watch.element-limit = 65536 (default)
2022-08-03 01:56:23,651 [65846ed8-c1ef-45a3-a578-716f347ad6ea@group-13F69EAE892F-LeaderElection19] INFO  server.RaftServerConfigKeys (ConfUtils.java:logGet(46)) - raft.server.write.element-limit = 1024 (custom)
2022-08-03 01:56:23,651 [65846ed8-c1ef-45a3-a578-716f347ad6ea@group-13F69EAE892F-LeaderElection19] INFO  server.RaftServerConfigKeys (ConfUtils.java:logGet(46)) - raft.server.write.follower.gap.ratio.max = -1.0 (default)
2022-08-03 01:56:23,651 [65846ed8-c1ef-45a3-a578-716f347ad6ea@group-13F69EAE892F-LeaderElection19] INFO  impl.RoleInfo (RoleInfo.java:updateAndGet(139)) - 65846ed8-c1ef-45a3-a578-716f347ad6ea: start 65846ed8-c1ef-45a3-a578-716f347ad6ea@group-13F69EAE892F-LeaderStateImpl
2022-08-03 01:56:23,660 [65846ed8-c1ef-45a3-a578-716f347ad6ea@group-13F69EAE892F-LeaderElection19] INFO  segmented.SegmentedRaftLogWorker (SegmentedRaftLogWorker.java:startLogSegment(425)) - 65846ed8-c1ef-45a3-a578-716f347ad6ea@group-13F69EAE892F-SegmentedRaftLogWorker: Starting segment from index:0
2022-08-03 01:56:23,669 [65846ed8-c1ef-45a3-a578-716f347ad6ea@group-13F69EAE892F-SegmentedRaftLogWorker] INFO  segmented.SegmentedRaftLogWorker (SegmentedRaftLogWorker.java:execute(629)) - 65846ed8-c1ef-45a3-a578-716f347ad6ea@group-13F69EAE892F-SegmentedRaftLogWorker: created new log segment /home/runner/work/ozone/ozone/hadoop-ozone/integration-test/target/test-dir/MiniOzoneClusterImpl-2b644ed5-ee6e-4744-ab54-d718b8c739bc/datanode-2/data/ratis/f00433d6-e3cb-4caf-9307-13f69eae892f/current/log_inprogress_0
2022-08-03 01:56:23,681 [65846ed8-c1ef-45a3-a578-716f347ad6ea@group-13F69EAE892F-LeaderElection19] INFO  server.RaftServer$Division (ServerState.java:setRaftConf(393)) - 65846ed8-c1ef-45a3-a578-716f347ad6ea@group-13F69EAE892F: set configuration 0: [65846ed8-c1ef-45a3-a578-716f347ad6ea|rpc:10.1.0.23:35919|dataStream:|priority:1], old=null
]]></system-out>
  </testcase>
  <testcase name="testAllocateMoreThanOneBlock" classname="TestOzoneFileSystem" time="1.257">
    <system-out><![CDATA[2022-08-03 01:57:33,983 [9c10ed74-a603-43ef-8f40-0b476b98a88a@group-0D5EB887036F-FollowerState] INFO  impl.FollowerState (FollowerState.java:run(143)) - 9c10ed74-a603-43ef-8f40-0b476b98a88a@group-0D5EB887036F-FollowerState: change to CANDIDATE, lastRpcElapsedTime:5110998902ns, electionTimeout:5110ms
2022-08-03 01:57:33,983 [9c10ed74-a603-43ef-8f40-0b476b98a88a@group-0D5EB887036F-FollowerState] INFO  impl.RoleInfo (RoleInfo.java:shutdownFollowerState(110)) - 9c10ed74-a603-43ef-8f40-0b476b98a88a: shutdown 9c10ed74-a603-43ef-8f40-0b476b98a88a@group-0D5EB887036F-FollowerState
2022-08-03 01:57:33,983 [9c10ed74-a603-43ef-8f40-0b476b98a88a@group-0D5EB887036F-FollowerState] INFO  server.RaftServer$Division (RaftServerImpl.java:setRole(299)) - 9c10ed74-a603-43ef-8f40-0b476b98a88a@group-0D5EB887036F: changes role from  FOLLOWER to CANDIDATE at term 0 for changeToCandidate
2022-08-03 01:57:33,983 [9c10ed74-a603-43ef-8f40-0b476b98a88a@group-0D5EB887036F-FollowerState] INFO  server.RaftServerConfigKeys (ConfUtils.java:logGet(46)) - raft.server.leaderelection.pre-vote = false (custom)
2022-08-03 01:57:33,983 [9c10ed74-a603-43ef-8f40-0b476b98a88a@group-0D5EB887036F-FollowerState] INFO  impl.RoleInfo (RoleInfo.java:updateAndGet(139)) - 9c10ed74-a603-43ef-8f40-0b476b98a88a: start 9c10ed74-a603-43ef-8f40-0b476b98a88a@group-0D5EB887036F-LeaderElection36
2022-08-03 01:57:34,068 [9c10ed74-a603-43ef-8f40-0b476b98a88a@group-0D5EB887036F-LeaderElection36] INFO  impl.LeaderElection (LeaderElection.java:askForVotes(310)) - 9c10ed74-a603-43ef-8f40-0b476b98a88a@group-0D5EB887036F-LeaderElection36 ELECTION round 0: submit vote requests at term 1 for -1: [9c10ed74-a603-43ef-8f40-0b476b98a88a|rpc:10.1.0.23:39377|priority:1], old=null
2022-08-03 01:57:34,068 [9c10ed74-a603-43ef-8f40-0b476b98a88a@group-0D5EB887036F-LeaderElection36] INFO  impl.LeaderElection (LeaderElection.java:askForVotes(312)) - 9c10ed74-a603-43ef-8f40-0b476b98a88a@group-0D5EB887036F-LeaderElection36 ELECTION round 0: result PASSED (term=1)
2022-08-03 01:57:34,068 [9c10ed74-a603-43ef-8f40-0b476b98a88a@group-0D5EB887036F-LeaderElection36] INFO  impl.RoleInfo (RoleInfo.java:shutdownLeaderElection(130)) - 9c10ed74-a603-43ef-8f40-0b476b98a88a: shutdown 9c10ed74-a603-43ef-8f40-0b476b98a88a@group-0D5EB887036F-LeaderElection36
2022-08-03 01:57:34,068 [9c10ed74-a603-43ef-8f40-0b476b98a88a@group-0D5EB887036F-LeaderElection36] INFO  server.RaftServer$Division (RaftServerImpl.java:setRole(299)) - 9c10ed74-a603-43ef-8f40-0b476b98a88a@group-0D5EB887036F: changes role from CANDIDATE to LEADER at term 1 for changeToLeader
2022-08-03 01:57:34,069 [9c10ed74-a603-43ef-8f40-0b476b98a88a@group-0D5EB887036F-LeaderElection36] INFO  ratis.XceiverServerRatis (XceiverServerRatis.java:handleLeaderChangedNotification(863)) - Leader change notification received for group: group-0D5EB887036F with new leaderId: 9c10ed74-a603-43ef-8f40-0b476b98a88a
2022-08-03 01:57:34,078 [9c10ed74-a603-43ef-8f40-0b476b98a88a@group-0D5EB887036F-LeaderElection36] INFO  server.RaftServer$Division (ServerState.java:setLeader(287)) - 9c10ed74-a603-43ef-8f40-0b476b98a88a@group-0D5EB887036F: change Leader from null to 9c10ed74-a603-43ef-8f40-0b476b98a88a at term 1 for becomeLeader, leader elected after 5207ms
2022-08-03 01:57:34,132 [9c10ed74-a603-43ef-8f40-0b476b98a88a@group-0D5EB887036F-LeaderElection36] INFO  server.RaftServerConfigKeys (ConfUtils.java:logGet(46)) - raft.server.staging.catchup.gap = 1000 (default)
2022-08-03 01:57:34,132 [9c10ed74-a603-43ef-8f40-0b476b98a88a@group-0D5EB887036F-LeaderElection36] INFO  server.RaftServerConfigKeys (ConfUtils.java:logGet(46)) - raft.server.write.element-limit = 1024 (custom)
2022-08-03 01:57:34,133 [9c10ed74-a603-43ef-8f40-0b476b98a88a@group-0D5EB887036F-LeaderElection36] INFO  server.RaftServerConfigKeys (ConfUtils.java:logGet(46)) - raft.server.write.byte-limit = 1024 M (=1073741824) (custom)
2022-08-03 01:57:34,133 [9c10ed74-a603-43ef-8f40-0b476b98a88a@group-0D5EB887036F-LeaderElection36] INFO  server.RaftServerConfigKeys (ConfUtils.java:logGet(46)) - raft.server.watch.timeout = 180s (custom)
2022-08-03 01:57:34,133 [9c10ed74-a603-43ef-8f40-0b476b98a88a@group-0D5EB887036F-LeaderElection36] INFO  server.RaftServerConfigKeys (ConfUtils.java:logGet(46)) - raft.server.watch.timeout.denomination = 1s (default)
2022-08-03 01:57:34,133 [9c10ed74-a603-43ef-8f40-0b476b98a88a@group-0D5EB887036F-LeaderElection36] INFO  server.RaftServerConfigKeys (ConfUtils.java:logGet(46)) - raft.server.watch.element-limit = 65536 (default)
2022-08-03 01:57:34,133 [9c10ed74-a603-43ef-8f40-0b476b98a88a@group-0D5EB887036F-LeaderElection36] INFO  server.RaftServerConfigKeys (ConfUtils.java:logGet(46)) - raft.server.write.element-limit = 1024 (custom)
2022-08-03 01:57:34,133 [9c10ed74-a603-43ef-8f40-0b476b98a88a@group-0D5EB887036F-LeaderElection36] INFO  server.RaftServerConfigKeys (ConfUtils.java:logGet(46)) - raft.server.write.follower.gap.ratio.max = -1.0 (default)
2022-08-03 01:57:34,133 [9c10ed74-a603-43ef-8f40-0b476b98a88a@group-0D5EB887036F-LeaderElection36] INFO  impl.RoleInfo (RoleInfo.java:updateAndGet(139)) - 9c10ed74-a603-43ef-8f40-0b476b98a88a: start 9c10ed74-a603-43ef-8f40-0b476b98a88a@group-0D5EB887036F-LeaderStateImpl
2022-08-03 01:57:34,134 [9c10ed74-a603-43ef-8f40-0b476b98a88a@group-0D5EB887036F-LeaderElection36] INFO  segmented.SegmentedRaftLogWorker (SegmentedRaftLogWorker.java:startLogSegment(425)) - 9c10ed74-a603-43ef-8f40-0b476b98a88a@group-0D5EB887036F-SegmentedRaftLogWorker: Starting segment from index:0
2022-08-03 01:57:34,136 [9c10ed74-a603-43ef-8f40-0b476b98a88a@group-0D5EB887036F-SegmentedRaftLogWorker] INFO  segmented.SegmentedRaftLogWorker (SegmentedRaftLogWorker.java:execute(629)) - 9c10ed74-a603-43ef-8f40-0b476b98a88a@group-0D5EB887036F-SegmentedRaftLogWorker: created new log segment /home/runner/work/ozone/ozone/hadoop-ozone/integration-test/target/test-dir/MiniOzoneClusterImpl-4c229dde-e64f-42f3-a5ee-349c50f14821/datanode-3/data/ratis/75dbd9a4-38fc-45f3-9c5c-0d5eb887036f/current/log_inprogress_0
2022-08-03 01:57:34,150 [9c10ed74-a603-43ef-8f40-0b476b98a88a@group-0D5EB887036F-LeaderElection36] INFO  server.RaftServer$Division (ServerState.java:setRaftConf(393)) - 9c10ed74-a603-43ef-8f40-0b476b98a88a@group-0D5EB887036F: set configuration 0: [9c10ed74-a603-43ef-8f40-0b476b98a88a|rpc:10.1.0.23:39377|dataStream:|priority:1], old=null
]]></system-out>
  </testcase>
  <testcase name="testAllocateMoreThanOneBlock" classname="TestOzoneFileSystem" time="1.563"/>
  <testcase name="testRenameToExistingDir" classname="TestOzoneFileSystem" time="0.06">
    <system-out><![CDATA[01:53:17.728 [IPC Server handler 10 on default port 35175] ERROR OMAudit - user=runner | ip=127.0.0.1 | op=LIST_STATUS {volume=volume18062, bucket=bucket29054, key=b/a, dataSize=0, replicationConfig=null} | ret=FAILURE
org.apache.hadoop.ozone.om.exceptions.OMException: Unable to get file status: volume: volume18062 bucket: bucket29054 key: b/a
	at org.apache.hadoop.ozone.om.KeyManagerImpl.getOzoneFileStatus(KeyManagerImpl.java:1311) ~[ozone-manager-1.3.0-SNAPSHOT.jar:?]
	at org.apache.hadoop.ozone.om.KeyManagerImpl.getFileStatus(KeyManagerImpl.java:1241) ~[ozone-manager-1.3.0-SNAPSHOT.jar:?]
	at org.apache.hadoop.ozone.om.KeyManagerImpl.listStatus(KeyManagerImpl.java:1565) ~[ozone-manager-1.3.0-SNAPSHOT.jar:?]
	at org.apache.hadoop.ozone.om.OzoneManager.listStatus(OzoneManager.java:3545) ~[ozone-manager-1.3.0-SNAPSHOT.jar:?]
	at org.apache.hadoop.ozone.protocolPB.OzoneManagerRequestHandler.listStatus(OzoneManagerRequestHandler.java:1043) ~[ozone-manager-1.3.0-SNAPSHOT.jar:?]
	at org.apache.hadoop.ozone.protocolPB.OzoneManagerRequestHandler.handleReadRequest(OzoneManagerRequestHandler.java:235) ~[ozone-manager-1.3.0-SNAPSHOT.jar:?]
	at org.apache.hadoop.ozone.protocolPB.OzoneManagerProtocolServerSideTranslatorPB.submitReadRequestToOM(OzoneManagerProtocolServerSideTranslatorPB.java:226) ~[ozone-manager-1.3.0-SNAPSHOT.jar:?]
	at org.apache.hadoop.ozone.protocolPB.OzoneManagerProtocolServerSideTranslatorPB.processRequest(OzoneManagerProtocolServerSideTranslatorPB.java:175) ~[ozone-manager-1.3.0-SNAPSHOT.jar:?]
	at org.apache.hadoop.hdds.server.OzoneProtocolMessageDispatcher.processRequest(OzoneProtocolMessageDispatcher.java:87) [hdds-server-framework-1.3.0-SNAPSHOT.jar:?]
	at org.apache.hadoop.ozone.protocolPB.OzoneManagerProtocolServerSideTranslatorPB.submitRequest(OzoneManagerProtocolServerSideTranslatorPB.java:147) [ozone-manager-1.3.0-SNAPSHOT.jar:?]
	at org.apache.hadoop.ozone.protocol.proto.OzoneManagerProtocolProtos$OzoneManagerService$2.callBlockingMethod(OzoneManagerProtocolProtos.java) [ozone-interface-client-1.3.0-SNAPSHOT.jar:?]
	at org.apache.hadoop.ipc.ProtobufRpcEngine$Server.processCall(ProtobufRpcEngine.java:466) [hadoop-common-3.3.1.jar:?]
	at org.apache.hadoop.ipc.ProtobufRpcEngine2$Server$ProtoBufRpcInvoker.call(ProtobufRpcEngine2.java:574) [hadoop-common-3.3.1.jar:?]
	at org.apache.hadoop.ipc.ProtobufRpcEngine2$Server$ProtoBufRpcInvoker.call(ProtobufRpcEngine2.java:552) [hadoop-common-3.3.1.jar:?]
	at org.apache.hadoop.ipc.RPC$Server.call(RPC.java:1093) [hadoop-common-3.3.1.jar:?]
	at org.apache.hadoop.ipc.Server$RpcCall.run(Server.java:1035) [hadoop-common-3.3.1.jar:?]
	at org.apache.hadoop.ipc.Server$RpcCall.run(Server.java:963) [hadoop-common-3.3.1.jar:?]
	at java.security.AccessController.doPrivileged(Native Method) ~[?:1.8.0_332]
	at javax.security.auth.Subject.doAs(Subject.java:422) [?:1.8.0_332]
	at org.apache.hadoop.security.UserGroupInformation.doAs(UserGroupInformation.java:1878) [hadoop-common-3.3.1.jar:?]
	at org.apache.hadoop.ipc.Server$Handler.run(Server.java:2966) [hadoop-common-3.3.1.jar:?]
]]></system-out>
  </testcase>
  <testcase name="testRenameToExistingDir" classname="TestOzoneFileSystem" time="0.067">
    <system-out><![CDATA[01:56:24.066 [IPC Server handler 8 on default port 44107] ERROR OMAudit - user=runner | ip=127.0.0.1 | op=LIST_STATUS {volume=volume07240, bucket=bucket34393, key=b/a, dataSize=0, replicationConfig=null} | ret=FAILURE
org.apache.hadoop.ozone.om.exceptions.OMException: Unable to get file status: volume: volume07240 bucket: bucket34393 key: b/a
	at org.apache.hadoop.ozone.om.KeyManagerImpl.getOzoneFileStatus(KeyManagerImpl.java:1311) ~[ozone-manager-1.3.0-SNAPSHOT.jar:?]
	at org.apache.hadoop.ozone.om.KeyManagerImpl.getFileStatus(KeyManagerImpl.java:1241) ~[ozone-manager-1.3.0-SNAPSHOT.jar:?]
	at org.apache.hadoop.ozone.om.KeyManagerImpl.listStatus(KeyManagerImpl.java:1565) ~[ozone-manager-1.3.0-SNAPSHOT.jar:?]
	at org.apache.hadoop.ozone.om.OzoneManager.listStatus(OzoneManager.java:3545) ~[ozone-manager-1.3.0-SNAPSHOT.jar:?]
	at org.apache.hadoop.ozone.protocolPB.OzoneManagerRequestHandler.listStatus(OzoneManagerRequestHandler.java:1043) ~[ozone-manager-1.3.0-SNAPSHOT.jar:?]
	at org.apache.hadoop.ozone.protocolPB.OzoneManagerRequestHandler.handleReadRequest(OzoneManagerRequestHandler.java:235) ~[ozone-manager-1.3.0-SNAPSHOT.jar:?]
	at org.apache.hadoop.ozone.protocolPB.OzoneManagerProtocolServerSideTranslatorPB.submitRequestDirectlyToOM(OzoneManagerProtocolServerSideTranslatorPB.java:276) ~[ozone-manager-1.3.0-SNAPSHOT.jar:?]
	at org.apache.hadoop.ozone.protocolPB.OzoneManagerProtocolServerSideTranslatorPB.processRequest(OzoneManagerProtocolServerSideTranslatorPB.java:205) ~[ozone-manager-1.3.0-SNAPSHOT.jar:?]
	at org.apache.hadoop.hdds.server.OzoneProtocolMessageDispatcher.processRequest(OzoneProtocolMessageDispatcher.java:87) [hdds-server-framework-1.3.0-SNAPSHOT.jar:?]
	at org.apache.hadoop.ozone.protocolPB.OzoneManagerProtocolServerSideTranslatorPB.submitRequest(OzoneManagerProtocolServerSideTranslatorPB.java:147) [ozone-manager-1.3.0-SNAPSHOT.jar:?]
	at org.apache.hadoop.ozone.protocol.proto.OzoneManagerProtocolProtos$OzoneManagerService$2.callBlockingMethod(OzoneManagerProtocolProtos.java) [ozone-interface-client-1.3.0-SNAPSHOT.jar:?]
	at org.apache.hadoop.ipc.ProtobufRpcEngine$Server.processCall(ProtobufRpcEngine.java:466) [hadoop-common-3.3.1.jar:?]
	at org.apache.hadoop.ipc.ProtobufRpcEngine2$Server$ProtoBufRpcInvoker.call(ProtobufRpcEngine2.java:574) [hadoop-common-3.3.1.jar:?]
	at org.apache.hadoop.ipc.ProtobufRpcEngine2$Server$ProtoBufRpcInvoker.call(ProtobufRpcEngine2.java:552) [hadoop-common-3.3.1.jar:?]
	at org.apache.hadoop.ipc.RPC$Server.call(RPC.java:1093) [hadoop-common-3.3.1.jar:?]
	at org.apache.hadoop.ipc.Server$RpcCall.run(Server.java:1035) [hadoop-common-3.3.1.jar:?]
	at org.apache.hadoop.ipc.Server$RpcCall.run(Server.java:963) [hadoop-common-3.3.1.jar:?]
	at java.security.AccessController.doPrivileged(Native Method) ~[?:1.8.0_332]
	at javax.security.auth.Subject.doAs(Subject.java:422) [?:1.8.0_332]
	at org.apache.hadoop.security.UserGroupInformation.doAs(UserGroupInformation.java:1878) [hadoop-common-3.3.1.jar:?]
	at org.apache.hadoop.ipc.Server$Handler.run(Server.java:2966) [hadoop-common-3.3.1.jar:?]
]]></system-out>
  </testcase>
  <testcase name="testRenameToExistingDir" classname="TestOzoneFileSystem" time="0.072">
    <system-out><![CDATA[01:57:34.327 [IPC Server handler 6 on default port 36611] ERROR OMAudit - user=runner | ip=127.0.0.1 | op=LIST_STATUS {volume=volume58070, bucket=bucket54574, key=b/a, dataSize=0, replicationConfig=null} | ret=FAILURE
org.apache.hadoop.ozone.om.exceptions.OMException: Unable to get file status: volume: volume58070 bucket: bucket54574 key: b/a
	at org.apache.hadoop.ozone.om.KeyManagerImpl.getOzoneFileStatus(KeyManagerImpl.java:1311) ~[ozone-manager-1.3.0-SNAPSHOT.jar:?]
	at org.apache.hadoop.ozone.om.KeyManagerImpl.getFileStatus(KeyManagerImpl.java:1241) ~[ozone-manager-1.3.0-SNAPSHOT.jar:?]
	at org.apache.hadoop.ozone.om.KeyManagerImpl.listStatus(KeyManagerImpl.java:1565) ~[ozone-manager-1.3.0-SNAPSHOT.jar:?]
	at org.apache.hadoop.ozone.om.OzoneManager.listStatus(OzoneManager.java:3545) ~[ozone-manager-1.3.0-SNAPSHOT.jar:?]
	at org.apache.hadoop.ozone.protocolPB.OzoneManagerRequestHandler.listStatus(OzoneManagerRequestHandler.java:1043) ~[ozone-manager-1.3.0-SNAPSHOT.jar:?]
	at org.apache.hadoop.ozone.protocolPB.OzoneManagerRequestHandler.handleReadRequest(OzoneManagerRequestHandler.java:235) ~[ozone-manager-1.3.0-SNAPSHOT.jar:?]
	at org.apache.hadoop.ozone.protocolPB.OzoneManagerProtocolServerSideTranslatorPB.submitReadRequestToOM(OzoneManagerProtocolServerSideTranslatorPB.java:226) ~[ozone-manager-1.3.0-SNAPSHOT.jar:?]
	at org.apache.hadoop.ozone.protocolPB.OzoneManagerProtocolServerSideTranslatorPB.processRequest(OzoneManagerProtocolServerSideTranslatorPB.java:175) ~[ozone-manager-1.3.0-SNAPSHOT.jar:?]
	at org.apache.hadoop.hdds.server.OzoneProtocolMessageDispatcher.processRequest(OzoneProtocolMessageDispatcher.java:87) [hdds-server-framework-1.3.0-SNAPSHOT.jar:?]
	at org.apache.hadoop.ozone.protocolPB.OzoneManagerProtocolServerSideTranslatorPB.submitRequest(OzoneManagerProtocolServerSideTranslatorPB.java:147) [ozone-manager-1.3.0-SNAPSHOT.jar:?]
	at org.apache.hadoop.ozone.protocol.proto.OzoneManagerProtocolProtos$OzoneManagerService$2.callBlockingMethod(OzoneManagerProtocolProtos.java) [ozone-interface-client-1.3.0-SNAPSHOT.jar:?]
	at org.apache.hadoop.ipc.ProtobufRpcEngine$Server.processCall(ProtobufRpcEngine.java:466) [hadoop-common-3.3.1.jar:?]
	at org.apache.hadoop.ipc.ProtobufRpcEngine2$Server$ProtoBufRpcInvoker.call(ProtobufRpcEngine2.java:574) [hadoop-common-3.3.1.jar:?]
	at org.apache.hadoop.ipc.ProtobufRpcEngine2$Server$ProtoBufRpcInvoker.call(ProtobufRpcEngine2.java:552) [hadoop-common-3.3.1.jar:?]
	at org.apache.hadoop.ipc.RPC$Server.call(RPC.java:1093) [hadoop-common-3.3.1.jar:?]
	at org.apache.hadoop.ipc.Server$RpcCall.run(Server.java:1035) [hadoop-common-3.3.1.jar:?]
	at org.apache.hadoop.ipc.Server$RpcCall.run(Server.java:963) [hadoop-common-3.3.1.jar:?]
	at java.security.AccessController.doPrivileged(Native Method) ~[?:1.8.0_332]
	at javax.security.auth.Subject.doAs(Subject.java:422) [?:1.8.0_332]
	at org.apache.hadoop.security.UserGroupInformation.doAs(UserGroupInformation.java:1878) [hadoop-common-3.3.1.jar:?]
	at org.apache.hadoop.ipc.Server$Handler.run(Server.java:2966) [hadoop-common-3.3.1.jar:?]
]]></system-out>
  </testcase>
  <testcase name="testRenameToExistingDir" classname="TestOzoneFileSystem" time="0.024">
    <system-out><![CDATA[01:59:04.328 [IPC Server handler 8 on default port 36513] ERROR OMAudit - user=runner | ip=127.0.0.1 | op=LIST_STATUS {volume=volume26320, bucket=bucket57581, key=b/a, dataSize=0, replicationConfig=null} | ret=FAILURE
org.apache.hadoop.ozone.om.exceptions.OMException: Unable to get file status: volume: volume26320 bucket: bucket57581 key: b/a
	at org.apache.hadoop.ozone.om.KeyManagerImpl.getOzoneFileStatus(KeyManagerImpl.java:1311) ~[ozone-manager-1.3.0-SNAPSHOT.jar:?]
	at org.apache.hadoop.ozone.om.KeyManagerImpl.getFileStatus(KeyManagerImpl.java:1241) ~[ozone-manager-1.3.0-SNAPSHOT.jar:?]
	at org.apache.hadoop.ozone.om.KeyManagerImpl.listStatus(KeyManagerImpl.java:1565) ~[ozone-manager-1.3.0-SNAPSHOT.jar:?]
	at org.apache.hadoop.ozone.om.OzoneManager.listStatus(OzoneManager.java:3545) ~[ozone-manager-1.3.0-SNAPSHOT.jar:?]
	at org.apache.hadoop.ozone.protocolPB.OzoneManagerRequestHandler.listStatus(OzoneManagerRequestHandler.java:1043) ~[ozone-manager-1.3.0-SNAPSHOT.jar:?]
	at org.apache.hadoop.ozone.protocolPB.OzoneManagerRequestHandler.handleReadRequest(OzoneManagerRequestHandler.java:235) ~[ozone-manager-1.3.0-SNAPSHOT.jar:?]
	at org.apache.hadoop.ozone.protocolPB.OzoneManagerProtocolServerSideTranslatorPB.submitRequestDirectlyToOM(OzoneManagerProtocolServerSideTranslatorPB.java:276) ~[ozone-manager-1.3.0-SNAPSHOT.jar:?]
	at org.apache.hadoop.ozone.protocolPB.OzoneManagerProtocolServerSideTranslatorPB.processRequest(OzoneManagerProtocolServerSideTranslatorPB.java:205) ~[ozone-manager-1.3.0-SNAPSHOT.jar:?]
	at org.apache.hadoop.hdds.server.OzoneProtocolMessageDispatcher.processRequest(OzoneProtocolMessageDispatcher.java:87) [hdds-server-framework-1.3.0-SNAPSHOT.jar:?]
	at org.apache.hadoop.ozone.protocolPB.OzoneManagerProtocolServerSideTranslatorPB.submitRequest(OzoneManagerProtocolServerSideTranslatorPB.java:147) [ozone-manager-1.3.0-SNAPSHOT.jar:?]
	at org.apache.hadoop.ozone.protocol.proto.OzoneManagerProtocolProtos$OzoneManagerService$2.callBlockingMethod(OzoneManagerProtocolProtos.java) [ozone-interface-client-1.3.0-SNAPSHOT.jar:?]
	at org.apache.hadoop.ipc.ProtobufRpcEngine$Server.processCall(ProtobufRpcEngine.java:466) [hadoop-common-3.3.1.jar:?]
	at org.apache.hadoop.ipc.ProtobufRpcEngine2$Server$ProtoBufRpcInvoker.call(ProtobufRpcEngine2.java:574) [hadoop-common-3.3.1.jar:?]
	at org.apache.hadoop.ipc.ProtobufRpcEngine2$Server$ProtoBufRpcInvoker.call(ProtobufRpcEngine2.java:552) [hadoop-common-3.3.1.jar:?]
	at org.apache.hadoop.ipc.RPC$Server.call(RPC.java:1093) [hadoop-common-3.3.1.jar:?]
	at org.apache.hadoop.ipc.Server$RpcCall.run(Server.java:1035) [hadoop-common-3.3.1.jar:?]
	at org.apache.hadoop.ipc.Server$RpcCall.run(Server.java:963) [hadoop-common-3.3.1.jar:?]
	at java.security.AccessController.doPrivileged(Native Method) ~[?:1.8.0_332]
	at javax.security.auth.Subject.doAs(Subject.java:422) [?:1.8.0_332]
	at org.apache.hadoop.security.UserGroupInformation.doAs(UserGroupInformation.java:1878) [hadoop-common-3.3.1.jar:?]
	at org.apache.hadoop.ipc.Server$Handler.run(Server.java:2966) [hadoop-common-3.3.1.jar:?]
]]></system-out>
  </testcase>
  <testcase name="testRenameDirToItsOwnSubDir" classname="TestOzoneFileSystem" time="0.041">
    <system-out><![CDATA[2022-08-03 01:53:17,775 [Time-limited test] INFO  ozone.TestOzoneFileSystem (TestOzoneFileSystem.java:testRenameDirToItsOwnSubDir(870)) - Created dir1 o3fs://bucket29054.volume18062/root/dir1/sub_dir1
2022-08-03 01:53:17,776 [Time-limited test] INFO  ozone.TestOzoneFileSystem (TestOzoneFileSystem.java:testRenameDirToItsOwnSubDir(873)) - Rename op-> source:o3fs://bucket29054.volume18062/root to destin:o3fs://bucket29054.volume18062/root/dir1/sub_dir1
]]></system-out>
  </testcase>
  <testcase name="testRenameDirToItsOwnSubDir" classname="TestOzoneFileSystem" time="0.028">
    <system-out><![CDATA[2022-08-03 01:56:24,114 [Time-limited test] INFO  ozone.TestOzoneFileSystem (TestOzoneFileSystem.java:testRenameDirToItsOwnSubDir(870)) - Created dir1 o3fs://bucket34393.volume07240/root/dir1/sub_dir1
2022-08-03 01:56:24,114 [Time-limited test] INFO  ozone.TestOzoneFileSystem (TestOzoneFileSystem.java:testRenameDirToItsOwnSubDir(873)) - Rename op-> source:o3fs://bucket34393.volume07240/root to destin:o3fs://bucket34393.volume07240/root/dir1/sub_dir1
]]></system-out>
  </testcase>
  <testcase name="testRenameDirToItsOwnSubDir" classname="TestOzoneFileSystem" time="0.026">
    <system-out><![CDATA[2022-08-03 01:57:34,377 [Time-limited test] INFO  ozone.TestOzoneFileSystem (TestOzoneFileSystem.java:testRenameDirToItsOwnSubDir(870)) - Created dir1 o3fs://bucket54574.volume58070/root/dir1/sub_dir1
2022-08-03 01:57:34,377 [Time-limited test] INFO  ozone.TestOzoneFileSystem (TestOzoneFileSystem.java:testRenameDirToItsOwnSubDir(873)) - Rename op-> source:o3fs://bucket54574.volume58070/root to destin:o3fs://bucket54574.volume58070/root/dir1/sub_dir1
]]></system-out>
  </testcase>
  <testcase name="testRenameDirToItsOwnSubDir" classname="TestOzoneFileSystem" time="0.03">
    <system-out><![CDATA[2022-08-03 01:59:04,347 [Time-limited test] INFO  ozone.TestOzoneFileSystem (TestOzoneFileSystem.java:testRenameDirToItsOwnSubDir(870)) - Created dir1 o3fs://bucket57581.volume26320/root/dir1/sub_dir1
2022-08-03 01:59:04,347 [Time-limited test] INFO  ozone.TestOzoneFileSystem (TestOzoneFileSystem.java:testRenameDirToItsOwnSubDir(873)) - Rename op-> source:o3fs://bucket57581.volume26320/root to destin:o3fs://bucket57581.volume26320/root/dir1/sub_dir1
]]></system-out>
  </testcase>
  <testcase name="testGetDirectoryModificationTime" classname="TestOzoneFileSystem" time="0.163"/>
  <testcase name="testGetDirectoryModificationTime" classname="TestOzoneFileSystem" time="0.227">
    <system-out><![CDATA[2022-08-03 01:56:24,225 [73b28cf0-c51f-4d11-bb7e-73efbde6eb98@group-927D109E829E-FollowerState] INFO  impl.FollowerState (FollowerState.java:run(143)) - 73b28cf0-c51f-4d11-bb7e-73efbde6eb98@group-927D109E829E-FollowerState: change to CANDIDATE, lastRpcElapsedTime:5133652318ns, electionTimeout:5131ms
2022-08-03 01:56:24,225 [73b28cf0-c51f-4d11-bb7e-73efbde6eb98@group-927D109E829E-FollowerState] INFO  impl.RoleInfo (RoleInfo.java:shutdownFollowerState(110)) - 73b28cf0-c51f-4d11-bb7e-73efbde6eb98: shutdown 73b28cf0-c51f-4d11-bb7e-73efbde6eb98@group-927D109E829E-FollowerState
2022-08-03 01:56:24,225 [73b28cf0-c51f-4d11-bb7e-73efbde6eb98@group-927D109E829E-FollowerState] INFO  server.RaftServer$Division (RaftServerImpl.java:setRole(299)) - 73b28cf0-c51f-4d11-bb7e-73efbde6eb98@group-927D109E829E: changes role from  FOLLOWER to CANDIDATE at term 0 for changeToCandidate
2022-08-03 01:56:24,225 [73b28cf0-c51f-4d11-bb7e-73efbde6eb98@group-927D109E829E-FollowerState] INFO  server.RaftServerConfigKeys (ConfUtils.java:logGet(46)) - raft.server.leaderelection.pre-vote = false (custom)
2022-08-03 01:56:24,225 [73b28cf0-c51f-4d11-bb7e-73efbde6eb98@group-927D109E829E-FollowerState] INFO  impl.RoleInfo (RoleInfo.java:updateAndGet(139)) - 73b28cf0-c51f-4d11-bb7e-73efbde6eb98: start 73b28cf0-c51f-4d11-bb7e-73efbde6eb98@group-927D109E829E-LeaderElection20
2022-08-03 01:56:24,304 [73b28cf0-c51f-4d11-bb7e-73efbde6eb98@group-927D109E829E-LeaderElection20] INFO  impl.LeaderElection (LeaderElection.java:askForVotes(310)) - 73b28cf0-c51f-4d11-bb7e-73efbde6eb98@group-927D109E829E-LeaderElection20 ELECTION round 0: submit vote requests at term 1 for -1: [73b28cf0-c51f-4d11-bb7e-73efbde6eb98|rpc:10.1.0.23:35273|priority:1], old=null
2022-08-03 01:56:24,305 [73b28cf0-c51f-4d11-bb7e-73efbde6eb98@group-927D109E829E-LeaderElection20] INFO  impl.LeaderElection (LeaderElection.java:askForVotes(312)) - 73b28cf0-c51f-4d11-bb7e-73efbde6eb98@group-927D109E829E-LeaderElection20 ELECTION round 0: result PASSED (term=1)
2022-08-03 01:56:24,305 [73b28cf0-c51f-4d11-bb7e-73efbde6eb98@group-927D109E829E-LeaderElection20] INFO  impl.RoleInfo (RoleInfo.java:shutdownLeaderElection(130)) - 73b28cf0-c51f-4d11-bb7e-73efbde6eb98: shutdown 73b28cf0-c51f-4d11-bb7e-73efbde6eb98@group-927D109E829E-LeaderElection20
2022-08-03 01:56:24,305 [73b28cf0-c51f-4d11-bb7e-73efbde6eb98@group-927D109E829E-LeaderElection20] INFO  server.RaftServer$Division (RaftServerImpl.java:setRole(299)) - 73b28cf0-c51f-4d11-bb7e-73efbde6eb98@group-927D109E829E: changes role from CANDIDATE to LEADER at term 1 for changeToLeader
2022-08-03 01:56:24,305 [73b28cf0-c51f-4d11-bb7e-73efbde6eb98@group-927D109E829E-LeaderElection20] INFO  ratis.XceiverServerRatis (XceiverServerRatis.java:handleLeaderChangedNotification(863)) - Leader change notification received for group: group-927D109E829E with new leaderId: 73b28cf0-c51f-4d11-bb7e-73efbde6eb98
2022-08-03 01:56:24,305 [73b28cf0-c51f-4d11-bb7e-73efbde6eb98@group-927D109E829E-LeaderElection20] INFO  server.RaftServer$Division (ServerState.java:setLeader(287)) - 73b28cf0-c51f-4d11-bb7e-73efbde6eb98@group-927D109E829E: change Leader from null to 73b28cf0-c51f-4d11-bb7e-73efbde6eb98 at term 1 for becomeLeader, leader elected after 5220ms
2022-08-03 01:56:24,305 [73b28cf0-c51f-4d11-bb7e-73efbde6eb98@group-927D109E829E-LeaderElection20] INFO  server.RaftServerConfigKeys (ConfUtils.java:logGet(46)) - raft.server.staging.catchup.gap = 1000 (default)
2022-08-03 01:56:24,305 [73b28cf0-c51f-4d11-bb7e-73efbde6eb98@group-927D109E829E-LeaderElection20] INFO  server.RaftServerConfigKeys (ConfUtils.java:logGet(46)) - raft.server.write.element-limit = 1024 (custom)
2022-08-03 01:56:24,305 [73b28cf0-c51f-4d11-bb7e-73efbde6eb98@group-927D109E829E-LeaderElection20] INFO  server.RaftServerConfigKeys (ConfUtils.java:logGet(46)) - raft.server.write.byte-limit = 1024 M (=1073741824) (custom)
2022-08-03 01:56:24,306 [73b28cf0-c51f-4d11-bb7e-73efbde6eb98@group-927D109E829E-LeaderElection20] INFO  server.RaftServerConfigKeys (ConfUtils.java:logGet(46)) - raft.server.watch.timeout = 180s (custom)
2022-08-03 01:56:24,306 [73b28cf0-c51f-4d11-bb7e-73efbde6eb98@group-927D109E829E-LeaderElection20] INFO  server.RaftServerConfigKeys (ConfUtils.java:logGet(46)) - raft.server.watch.timeout.denomination = 1s (default)
2022-08-03 01:56:24,306 [73b28cf0-c51f-4d11-bb7e-73efbde6eb98@group-927D109E829E-LeaderElection20] INFO  server.RaftServerConfigKeys (ConfUtils.java:logGet(46)) - raft.server.watch.element-limit = 65536 (default)
2022-08-03 01:56:24,306 [73b28cf0-c51f-4d11-bb7e-73efbde6eb98@group-927D109E829E-LeaderElection20] INFO  server.RaftServerConfigKeys (ConfUtils.java:logGet(46)) - raft.server.write.element-limit = 1024 (custom)
2022-08-03 01:56:24,306 [73b28cf0-c51f-4d11-bb7e-73efbde6eb98@group-927D109E829E-LeaderElection20] INFO  server.RaftServerConfigKeys (ConfUtils.java:logGet(46)) - raft.server.write.follower.gap.ratio.max = -1.0 (default)
2022-08-03 01:56:24,306 [73b28cf0-c51f-4d11-bb7e-73efbde6eb98@group-927D109E829E-LeaderElection20] INFO  impl.RoleInfo (RoleInfo.java:updateAndGet(139)) - 73b28cf0-c51f-4d11-bb7e-73efbde6eb98: start 73b28cf0-c51f-4d11-bb7e-73efbde6eb98@group-927D109E829E-LeaderStateImpl
2022-08-03 01:56:24,306 [73b28cf0-c51f-4d11-bb7e-73efbde6eb98@group-927D109E829E-LeaderElection20] INFO  segmented.SegmentedRaftLogWorker (SegmentedRaftLogWorker.java:startLogSegment(425)) - 73b28cf0-c51f-4d11-bb7e-73efbde6eb98@group-927D109E829E-SegmentedRaftLogWorker: Starting segment from index:0
2022-08-03 01:56:24,310 [73b28cf0-c51f-4d11-bb7e-73efbde6eb98@group-927D109E829E-SegmentedRaftLogWorker] INFO  segmented.SegmentedRaftLogWorker (SegmentedRaftLogWorker.java:execute(629)) - 73b28cf0-c51f-4d11-bb7e-73efbde6eb98@group-927D109E829E-SegmentedRaftLogWorker: created new log segment /home/runner/work/ozone/ozone/hadoop-ozone/integration-test/target/test-dir/MiniOzoneClusterImpl-2b644ed5-ee6e-4744-ab54-d718b8c739bc/datanode-3/data/ratis/b5910452-39c1-4631-a8b5-927d109e829e/current/log_inprogress_0
2022-08-03 01:56:24,325 [73b28cf0-c51f-4d11-bb7e-73efbde6eb98@group-927D109E829E-LeaderElection20] INFO  server.RaftServer$Division (ServerState.java:setRaftConf(393)) - 73b28cf0-c51f-4d11-bb7e-73efbde6eb98@group-927D109E829E: set configuration 0: [73b28cf0-c51f-4d11-bb7e-73efbde6eb98|rpc:10.1.0.23:35273|dataStream:|priority:1], old=null
]]></system-out>
  </testcase>
  <testcase name="testGetDirectoryModificationTime" classname="TestOzoneFileSystem" time="0.145"/>
  <testcase name="testGetDirectoryModificationTime" classname="TestOzoneFileSystem" time="0.164"/>
  <testcase name="testOzoneFsServiceLoader" classname="TestOzoneFileSystem" time="0.003"/>
  <testcase name="testOzoneFsServiceLoader" classname="TestOzoneFileSystem" time="0.022"/>
  <testcase name="testOzoneFsServiceLoader" classname="TestOzoneFileSystem" time="0.041"/>
  <testcase name="testOzoneFsServiceLoader" classname="TestOzoneFileSystem" time="0.007"/>
  <testcase name="testTrash" classname="TestOzoneFileSystem" time="120.427">
    <error type="java.util.concurrent.TimeoutException"><![CDATA[java.util.concurrent.TimeoutException: 
Timed out waiting for condition. Thread diagnostics:
Timestamp: 2022-08-03 01:55:18,322

"IPC Server handler 16 on default port 46105" daemon prio=5 tid=93 timed_waiting
java.lang.Thread.State: TIMED_WAITING
        at sun.misc.Unsafe.park(Native Method)
        at java.util.concurrent.locks.LockSupport.parkNanos(LockSupport.java:215)
        at java.util.concurrent.locks.AbstractQueuedSynchronizer$ConditionObject.awaitNanos(AbstractQueuedSynchronizer.java:2078)
        at java.util.concurrent.LinkedBlockingQueue.poll(LinkedBlockingQueue.java:467)
        at org.apache.hadoop.ipc.CallQueueManager.take(CallQueueManager.java:317)
        at org.apache.hadoop.ipc.Server$Handler.run(Server.java:2932)
"Periodic HDDS volume checker" daemon prio=5 tid=274 timed_waiting
java.lang.Thread.State: TIMED_WAITING
        at sun.misc.Unsafe.park(Native Method)
        at java.util.concurrent.locks.LockSupport.parkNanos(LockSupport.java:215)
        at java.util.concurrent.locks.AbstractQueuedSynchronizer$ConditionObject.awaitNanos(AbstractQueuedSynchronizer.java:2078)
        at java.util.concurrent.ScheduledThreadPoolExecutor$DelayedWorkQueue.take(ScheduledThreadPoolExecutor.java:1093)
        at java.util.concurrent.ScheduledThreadPoolExecutor$DelayedWorkQueue.take(ScheduledThreadPoolExecutor.java:809)
        at java.util.concurrent.ThreadPoolExecutor.getTask(ThreadPoolExecutor.java:1074)
        at java.util.concurrent.ThreadPoolExecutor.runWorker(ThreadPoolExecutor.java:1134)
        at java.util.concurrent.ThreadPoolExecutor$Worker.run(ThreadPoolExecutor.java:624)
        at java.lang.Thread.run(Thread.java:750)
"qtp658634349-210" daemon prio=5 tid=210 timed_waiting
java.lang.Thread.State: TIMED_WAITING
        at sun.misc.Unsafe.park(Native Method)
        at java.util.concurrent.locks.LockSupport.parkNanos(LockSupport.java:215)
        at java.util.concurrent.locks.AbstractQueuedSynchronizer$ConditionObject.awaitNanos(AbstractQueuedSynchronizer.java:2078)
        at org.eclipse.jetty.util.BlockingArrayQueue.poll(BlockingArrayQueue.java:382)
        at org.eclipse.jetty.util.thread.QueuedThreadPool$Runner.idleJobPoll(QueuedThreadPool.java:974)
        at org.eclipse.jetty.util.thread.QueuedThreadPool$Runner.run(QueuedThreadPool.java:1018)
        at java.lang.Thread.run(Thread.java:750)
"qtp1871221268-138" daemon prio=5 tid=138 timed_waiting
java.lang.Thread.State: TIMED_WAITING
        at sun.misc.Unsafe.park(Native Method)
        at java.util.concurrent.locks.LockSupport.parkNanos(LockSupport.java:215)
        at java.util.concurrent.locks.AbstractQueuedSynchronizer$ConditionObject.awaitNanos(AbstractQueuedSynchronizer.java:2078)
        at org.eclipse.jetty.util.BlockingArrayQueue.poll(BlockingArrayQueue.java:382)
        at org.eclipse.jetty.util.thread.QueuedThreadPool$Runner.idleJobPoll(QueuedThreadPool.java:974)
        at org.eclipse.jetty.util.thread.QueuedThreadPool$Runner.run(QueuedThreadPool.java:1018)
        at java.lang.Thread.run(Thread.java:750)
"Finalizer" daemon prio=8 tid=3 in Object.wait()
java.lang.Thread.State: WAITING (on object monitor)
        at java.lang.Object.wait(Native Method)
        at java.lang.ref.ReferenceQueue.remove(ReferenceQueue.java:144)
        at java.lang.ref.ReferenceQueue.remove(ReferenceQueue.java:165)
        at java.lang.ref.Finalizer$FinalizerThread.run(Finalizer.java:216)
"SCMBlockDeletingService#0" daemon prio=5 tid=97 timed_waiting
java.lang.Thread.State: TIMED_WAITING
        at sun.misc.Unsafe.park(Native Method)
        at java.util.concurrent.locks.LockSupport.parkNanos(LockSupport.java:215)
        at java.util.concurrent.locks.AbstractQueuedSynchronizer$ConditionObject.awaitNanos(AbstractQueuedSynchronizer.java:2078)
        at java.util.concurrent.ScheduledThreadPoolExecutor$DelayedWorkQueue.take(ScheduledThreadPoolExecutor.java:1093)
        at java.util.concurrent.ScheduledThreadPoolExecutor$DelayedWorkQueue.take(ScheduledThreadPoolExecutor.java:809)
        at java.util.concurrent.ThreadPoolExecutor.getTask(ThreadPoolExecutor.java:1074)
        at java.util.concurrent.ThreadPoolExecutor.runWorker(ThreadPoolExecutor.java:1134)
        at java.util.concurrent.ThreadPoolExecutor$Worker.run(ThreadPoolExecutor.java:624)
        at java.lang.Thread.run(Thread.java:750)
"FullTableCache Cleanup Thread - 0" daemon prio=5 tid=463 in Object.wait()
java.lang.Thread.State: WAITING (on object monitor)
        at sun.misc.Unsafe.park(Native Method)
        at java.util.concurrent.locks.LockSupport.park(LockSupport.java:175)
        at java.util.concurrent.locks.AbstractQueuedSynchronizer$ConditionObject.await(AbstractQueuedSynchronizer.java:2039)
        at java.util.concurrent.LinkedBlockingQueue.take(LinkedBlockingQueue.java:442)
        at java.util.concurrent.ThreadPoolExecutor.getTask(ThreadPoolExecutor.java:1074)
        at java.util.concurrent.ThreadPoolExecutor.runWorker(ThreadPoolExecutor.java:1134)
        at java.util.concurrent.ThreadPoolExecutor$Worker.run(ThreadPoolExecutor.java:624)
        at java.lang.Thread.run(Thread.java:750)
"ContainerOp-11a09448-7cda-4d49-9fe8-abfecfd9e082-5"  prio=5 tid=524 in Object.wait()
java.lang.Thread.State: WAITING (on object monitor)
        at sun.misc.Unsafe.park(Native Method)
        at java.util.concurrent.locks.LockSupport.park(LockSupport.java:175)
        at java.util.concurrent.locks.AbstractQueuedSynchronizer$ConditionObject.await(AbstractQueuedSynchronizer.java:2039)
        at java.util.concurrent.LinkedBlockingQueue.take(LinkedBlockingQueue.java:442)
        at java.util.concurrent.ThreadPoolExecutor.getTask(ThreadPoolExecutor.java:1074)
        at java.util.concurrent.ThreadPoolExecutor.runWorker(ThreadPoolExecutor.java:1134)
        at java.util.concurrent.ThreadPoolExecutor$Worker.run(ThreadPoolExecutor.java:624)
        at java.lang.Thread.run(Thread.java:750)
"EndpointStateMachine task thread for /0.0.0.0:46105 - 0 "  prio=5 tid=337 in Object.wait()
java.lang.Thread.State: WAITING (on object monitor)
        at sun.misc.Unsafe.park(Native Method)
        at java.util.concurrent.locks.LockSupport.park(LockSupport.java:175)
        at java.util.concurrent.locks.AbstractQueuedSynchronizer$ConditionObject.await(AbstractQueuedSynchronizer.java:2039)
        at java.util.concurrent.LinkedBlockingQueue.take(LinkedBlockingQueue.java:442)
        at java.util.concurrent.ThreadPoolExecutor.getTask(ThreadPoolExecutor.java:1074)
        at java.util.concurrent.ThreadPoolExecutor.runWorker(ThreadPoolExecutor.java:1134)
        at java.util.concurrent.ThreadPoolExecutor$Worker.run(ThreadPoolExecutor.java:624)
        at java.lang.Thread.run(Thread.java:750)
"d2433786-0171-4e17-9e3a-b12e44f36186@group-ABFECFD9E082->7cc4dae5-b8b1-4887-8b99-c7b379db6b59-GrpcLogAppender-LogAppenderDaemon" daemon prio=5 tid=441 timed_waiting
java.lang.Thread.State: TIMED_WAITING
        at sun.misc.Unsafe.park(Native Method)
        at java.util.concurrent.locks.LockSupport.parkNanos(LockSupport.java:215)
        at java.util.concurrent.CompletableFuture$Signaller.block(CompletableFuture.java:1709)
        at java.util.concurrent.ForkJoinPool.managedBlock(ForkJoinPool.java:3323)
        at java.util.concurrent.CompletableFuture.timedGet(CompletableFuture.java:1788)
        at java.util.concurrent.CompletableFuture.get(CompletableFuture.java:1928)
        at org.apache.ratis.util.AwaitForSignal.await(AwaitForSignal.java:56)
        at org.apache.ratis.grpc.server.GrpcLogAppender.mayWait(GrpcLogAppender.java:169)
        at org.apache.ratis.grpc.server.GrpcLogAppender.run(GrpcLogAppender.java:128)
        at org.apache.ratis.server.leader.LogAppenderDaemon.run(LogAppenderDaemon.java:77)
        at org.apache.ratis.server.leader.LogAppenderDaemon$$Lambda$956/131222452.run(Unknown Source)
        at java.lang.Thread.run(Thread.java:750)
"qtp658634349-208" daemon prio=5 tid=208 timed_waiting
java.lang.Thread.State: TIMED_WAITING
        at sun.misc.Unsafe.park(Native Method)
        at java.util.concurrent.locks.LockSupport.parkNanos(LockSupport.java:215)
        at java.util.concurrent.locks.AbstractQueuedSynchronizer$ConditionObject.awaitNanos(AbstractQueuedSynchronizer.java:2078)
        at org.eclipse.jetty.util.BlockingArrayQueue.poll(BlockingArrayQueue.java:382)
        at org.eclipse.jetty.util.thread.QueuedThreadPool$Runner.idleJobPoll(QueuedThreadPool.java:974)
        at org.eclipse.jetty.util.thread.QueuedThreadPool$Runner.run(QueuedThreadPool.java:1018)
        at java.lang.Thread.run(Thread.java:750)
"PartialTableCache Cleanup Thread - 0" daemon prio=5 tid=490 in Object.wait()
java.lang.Thread.State: WAITING (on object monitor)
        at sun.misc.Unsafe.park(Native Method)
        at java.util.concurrent.locks.LockSupport.park(LockSupport.java:175)
        at java.util.concurrent.locks.AbstractQueuedSynchronizer$ConditionObject.await(AbstractQueuedSynchronizer.java:2039)
        at java.util.concurrent.LinkedBlockingQueue.take(LinkedBlockingQueue.java:442)
        at java.util.concurrent.ThreadPoolExecutor.getTask(ThreadPoolExecutor.java:1074)
        at java.util.concurrent.ThreadPoolExecutor.runWorker(ThreadPoolExecutor.java:1134)
        at java.util.concurrent.ThreadPoolExecutor$Worker.run(ThreadPoolExecutor.java:624)
        at java.lang.Thread.run(Thread.java:750)
"7cc4dae5-b8b1-4887-8b99-c7b379db6b59@group-50F2D43333D0-StateMachineUpdater" daemon prio=5 tid=384 timed_waiting
java.lang.Thread.State: TIMED_WAITING
        at sun.misc.Unsafe.park(Native Method)
        at java.util.concurrent.locks.LockSupport.parkNanos(LockSupport.java:215)
        at java.util.concurrent.CompletableFuture$Signaller.block(CompletableFuture.java:1709)
        at java.util.concurrent.ForkJoinPool.managedBlock(ForkJoinPool.java:3323)
        at java.util.concurrent.CompletableFuture.timedGet(CompletableFuture.java:1788)
        at java.util.concurrent.CompletableFuture.get(CompletableFuture.java:1928)
        at org.apache.ratis.util.AwaitForSignal.await(AwaitForSignal.java:56)
        at org.apache.ratis.server.impl.StateMachineUpdater.waitForCommit(StateMachineUpdater.java:207)
        at org.apache.ratis.server.impl.StateMachineUpdater.run(StateMachineUpdater.java:176)
        at java.lang.Thread.run(Thread.java:750)
"ContainerOp-11a09448-7cda-4d49-9fe8-abfecfd9e082-1"  prio=5 tid=487 in Object.wait()
java.lang.Thread.State: WAITING (on object monitor)
        at sun.misc.Unsafe.park(Native Method)
        at java.util.concurrent.locks.LockSupport.park(LockSupport.java:175)
        at java.util.concurrent.locks.AbstractQueuedSynchronizer$ConditionObject.await(AbstractQueuedSynchronizer.java:2039)
        at java.util.concurrent.LinkedBlockingQueue.take(LinkedBlockingQueue.java:442)
        at java.util.concurrent.ThreadPoolExecutor.getTask(ThreadPoolExecutor.java:1074)
        at java.util.concurrent.ThreadPoolExecutor.runWorker(ThreadPoolExecutor.java:1134)
        at java.util.concurrent.ThreadPoolExecutor$Worker.run(ThreadPoolExecutor.java:624)
        at java.lang.Thread.run(Thread.java:750)
"IPC Server idle connection scanner for port 43477" daemon prio=5 tid=29 timed_waiting
java.lang.Thread.State: TIMED_WAITING
        at java.lang.Object.wait(Native Method)
        at java.util.TimerThread.mainLoop(Timer.java:552)
        at java.util.TimerThread.run(Timer.java:505)
"pool-60-thread-3"  prio=5 tid=585 in Object.wait()
java.lang.Thread.State: WAITING (on object monitor)
        at sun.misc.Unsafe.park(Native Method)
        at java.util.concurrent.locks.LockSupport.park(LockSupport.java:175)
        at java.util.concurrent.locks.AbstractQueuedSynchronizer$ConditionObject.await(AbstractQueuedSynchronizer.java:2039)
        at java.util.concurrent.ArrayBlockingQueue.take(ArrayBlockingQueue.java:403)
        at java.util.concurrent.ThreadPoolExecutor.getTask(ThreadPoolExecutor.java:1074)
        at java.util.concurrent.ThreadPoolExecutor.runWorker(ThreadPoolExecutor.java:1134)
        at java.util.concurrent.ThreadPoolExecutor$Worker.run(ThreadPoolExecutor.java:624)
        at java.lang.Thread.run(Thread.java:750)
"qtp209381734-281" daemon prio=5 tid=281 runnable
java.lang.Thread.State: RUNNABLE
        at sun.nio.ch.EPollArrayWrapper.epollWait(Native Method)
        at sun.nio.ch.EPollArrayWrapper.poll(EPollArrayWrapper.java:269)
        at sun.nio.ch.EPollSelectorImpl.doSelect(EPollSelectorImpl.java:93)
        at sun.nio.ch.SelectorImpl.lockAndDoSelect(SelectorImpl.java:86)
        at sun.nio.ch.SelectorImpl.select(SelectorImpl.java:97)
        at sun.nio.ch.SelectorImpl.select(SelectorImpl.java:101)
        at org.eclipse.jetty.io.ManagedSelector.nioSelect(ManagedSelector.java:183)
        at org.eclipse.jetty.io.ManagedSelector.select(ManagedSelector.java:190)
        at org.eclipse.jetty.io.ManagedSelector$SelectorProducer.select(ManagedSelector.java:606)
        at org.eclipse.jetty.io.ManagedSelector$SelectorProducer.produce(ManagedSelector.java:543)
        at org.eclipse.jetty.util.thread.strategy.EatWhatYouKill.produceTask(EatWhatYouKill.java:362)
        at org.eclipse.jetty.util.thread.strategy.EatWhatYouKill.doProduce(EatWhatYouKill.java:186)
        at org.eclipse.jetty.util.thread.strategy.EatWhatYouKill.tryProduce(EatWhatYouKill.java:173)
        at org.eclipse.jetty.util.thread.strategy.EatWhatYouKill.produce(EatWhatYouKill.java:137)
        at org.eclipse.jetty.io.ManagedSelector$$Lambda$392/1243911696.run(Unknown Source)
        at org.eclipse.jetty.util.thread.QueuedThreadPool.runJob(QueuedThreadPool.java:883)
        at org.eclipse.jetty.util.thread.QueuedThreadPool$Runner.run(QueuedThreadPool.java:1034)
        at java.lang.Thread.run(Thread.java:750)
"a32d3105-1fa5-4486-a401-c143653c6277@group-6A8FC32459EF->7cc4dae5-b8b1-4887-8b99-c7b379db6b59-GrpcLogAppender-LogAppenderDaemon" daemon prio=5 tid=609 timed_waiting
java.lang.Thread.State: TIMED_WAITING
        at sun.misc.Unsafe.park(Native Method)
        at java.util.concurrent.locks.LockSupport.parkNanos(LockSupport.java:215)
        at java.util.concurrent.CompletableFuture$Signaller.block(CompletableFuture.java:1709)
        at java.util.concurrent.ForkJoinPool.managedBlock(ForkJoinPool.java:3323)
        at java.util.concurrent.CompletableFuture.timedGet(CompletableFuture.java:1788)
        at java.util.concurrent.CompletableFuture.get(CompletableFuture.java:1928)
        at org.apache.ratis.util.AwaitForSignal.await(AwaitForSignal.java:56)
        at org.apache.ratis.grpc.server.GrpcLogAppender.mayWait(GrpcLogAppender.java:169)
        at org.apache.ratis.grpc.server.GrpcLogAppender.run(GrpcLogAppender.java:128)
        at org.apache.ratis.server.leader.LogAppenderDaemon.run(LogAppenderDaemon.java:77)
        at org.apache.ratis.server.leader.LogAppenderDaemon$$Lambda$956/131222452.run(Unknown Source)
        at java.lang.Thread.run(Thread.java:750)
"IPC Server handler 1 on default port 46105" daemon prio=5 tid=78 timed_waiting
java.lang.Thread.State: TIMED_WAITING
        at sun.misc.Unsafe.park(Native Method)
        at java.util.concurrent.locks.LockSupport.parkNanos(LockSupport.java:215)
        at java.util.concurrent.locks.AbstractQueuedSynchronizer$ConditionObject.awaitNanos(AbstractQueuedSynchronizer.java:2078)
        at java.util.concurrent.LinkedBlockingQueue.poll(LinkedBlockingQueue.java:467)
        at org.apache.hadoop.ipc.CallQueueManager.take(CallQueueManager.java:317)
        at org.apache.hadoop.ipc.Server$Handler.run(Server.java:2932)
"pool-59-thread-1"  prio=5 tid=134 timed_waiting
java.lang.Thread.State: TIMED_WAITING
        at sun.misc.Unsafe.park(Native Method)
        at java.util.concurrent.locks.LockSupport.parkNanos(LockSupport.java:215)
        at java.util.concurrent.locks.AbstractQueuedSynchronizer$ConditionObject.awaitNanos(AbstractQueuedSynchronizer.java:2078)
        at java.util.concurrent.ScheduledThreadPoolExecutor$DelayedWorkQueue.take(ScheduledThreadPoolExecutor.java:1093)
        at java.util.concurrent.ScheduledThreadPoolExecutor$DelayedWorkQueue.take(ScheduledThreadPoolExecutor.java:809)
        at java.util.concurrent.ThreadPoolExecutor.getTask(ThreadPoolExecutor.java:1074)
        at java.util.concurrent.ThreadPoolExecutor.runWorker(ThreadPoolExecutor.java:1134)
        at java.util.concurrent.ThreadPoolExecutor$Worker.run(ThreadPoolExecutor.java:624)
        at java.lang.Thread.run(Thread.java:750)
"IPC Server handler 9 on default port 35175" daemon prio=5 tid=153 timed_waiting
java.lang.Thread.State: TIMED_WAITING
        at sun.misc.Unsafe.park(Native Method)
        at java.util.concurrent.locks.LockSupport.parkNanos(LockSupport.java:215)
        at java.util.concurrent.locks.AbstractQueuedSynchronizer$ConditionObject.awaitNanos(AbstractQueuedSynchronizer.java:2078)
        at java.util.concurrent.LinkedBlockingQueue.poll(LinkedBlockingQueue.java:467)
        at org.apache.hadoop.ipc.CallQueueManager.take(CallQueueManager.java:317)
        at org.apache.hadoop.ipc.Server$Handler.run(Server.java:2932)
"Reference Handler" daemon prio=10 tid=2 in Object.wait()
java.lang.Thread.State: WAITING (on object monitor)
        at java.lang.Object.wait(Native Method)
        at java.lang.Object.wait(Object.java:502)
        at java.lang.ref.Reference.tryHandlePending(Reference.java:191)
        at java.lang.ref.Reference$ReferenceHandler.run(Reference.java:153)
"IPC Server handler 3 on default port 39603" daemon prio=5 tid=40 timed_waiting
java.lang.Thread.State: TIMED_WAITING
        at sun.misc.Unsafe.park(Native Method)
        at java.util.concurrent.locks.LockSupport.parkNanos(LockSupport.java:215)
        at java.util.concurrent.locks.AbstractQueuedSynchronizer$ConditionObject.awaitNanos(AbstractQueuedSynchronizer.java:2078)
        at java.util.concurrent.LinkedBlockingQueue.poll(LinkedBlockingQueue.java:467)
        at org.apache.hadoop.ipc.CallQueueManager.take(CallQueueManager.java:317)
        at org.apache.hadoop.ipc.Server$Handler.run(Server.java:2932)
"BlockDeletingService#2" daemon prio=5 tid=677 in Object.wait()
java.lang.Thread.State: WAITING (on object monitor)
        at sun.misc.Unsafe.park(Native Method)
        at java.util.concurrent.locks.LockSupport.park(LockSupport.java:175)
        at java.util.concurrent.locks.AbstractQueuedSynchronizer$ConditionObject.await(AbstractQueuedSynchronizer.java:2039)
        at java.util.concurrent.ScheduledThreadPoolExecutor$DelayedWorkQueue.take(ScheduledThreadPoolExecutor.java:1088)
        at java.util.concurrent.ScheduledThreadPoolExecutor$DelayedWorkQueue.take(ScheduledThreadPoolExecutor.java:809)
        at java.util.concurrent.ThreadPoolExecutor.getTask(ThreadPoolExecutor.java:1074)
        at java.util.concurrent.ThreadPoolExecutor.runWorker(ThreadPoolExecutor.java:1134)
        at java.util.concurrent.ThreadPoolExecutor$Worker.run(ThreadPoolExecutor.java:624)
        at java.lang.Thread.run(Thread.java:750)
"Datanode ReportManager Thread - 0" daemon prio=5 tid=213 in Object.wait()
java.lang.Thread.State: WAITING (on object monitor)
        at sun.misc.Unsafe.park(Native Method)
        at java.util.concurrent.locks.LockSupport.park(LockSupport.java:175)
        at java.util.concurrent.locks.AbstractQueuedSynchronizer$ConditionObject.await(AbstractQueuedSynchronizer.java:2039)
        at java.util.concurrent.ScheduledThreadPoolExecutor$DelayedWorkQueue.take(ScheduledThreadPoolExecutor.java:1088)
        at java.util.concurrent.ScheduledThreadPoolExecutor$DelayedWorkQueue.take(ScheduledThreadPoolExecutor.java:809)
        at java.util.concurrent.ThreadPoolExecutor.getTask(ThreadPoolExecutor.java:1074)
        at java.util.concurrent.ThreadPoolExecutor.runWorker(ThreadPoolExecutor.java:1134)
        at java.util.concurrent.ThreadPoolExecutor$Worker.run(ThreadPoolExecutor.java:624)
        at java.lang.Thread.run(Thread.java:750)
"qtp658634349-206" daemon prio=5 tid=206 timed_waiting
java.lang.Thread.State: TIMED_WAITING
        at sun.misc.Unsafe.park(Native Method)
        at java.util.concurrent.locks.LockSupport.parkNanos(LockSupport.java:215)
        at java.util.concurrent.locks.AbstractQueuedSynchronizer$ConditionObject.awaitNanos(AbstractQueuedSynchronizer.java:2078)
        at org.eclipse.jetty.util.BlockingArrayQueue.poll(BlockingArrayQueue.java:382)
        at org.eclipse.jetty.util.thread.QueuedThreadPool$Runner.idleJobPoll(QueuedThreadPool.java:974)
        at org.eclipse.jetty.util.thread.QueuedThreadPool$Runner.run(QueuedThreadPool.java:1018)
        at java.lang.Thread.run(Thread.java:750)
"IPC Server handler 16 on default port 43477" daemon prio=5 tid=73 timed_waiting
java.lang.Thread.State: TIMED_WAITING
        at sun.misc.Unsafe.park(Native Method)
        at java.util.concurrent.locks.LockSupport.parkNanos(LockSupport.java:215)
        at java.util.concurrent.locks.AbstractQueuedSynchronizer$ConditionObject.awaitNanos(AbstractQueuedSynchronizer.java:2078)
        at java.util.concurrent.LinkedBlockingQueue.poll(LinkedBlockingQueue.java:467)
        at org.apache.hadoop.ipc.CallQueueManager.take(CallQueueManager.java:317)
        at org.apache.hadoop.ipc.Server$Handler.run(Server.java:2932)
"IPC Client (970211863) connection to localhost/127.0.0.1:35175 from runner" daemon prio=5 tid=465 timed_waiting
java.lang.Thread.State: TIMED_WAITING
        at java.lang.Object.wait(Native Method)
        at org.apache.hadoop.ipc.Client$Connection.waitForWork(Client.java:1053)
        at org.apache.hadoop.ipc.Client$Connection.run(Client.java:1097)
"qtp209381734-285" daemon prio=5 tid=285 timed_waiting
java.lang.Thread.State: TIMED_WAITING
        at sun.misc.Unsafe.park(Native Method)
        at java.util.concurrent.locks.LockSupport.parkNanos(LockSupport.java:215)
        at java.util.concurrent.locks.AbstractQueuedSynchronizer$ConditionObject.awaitNanos(AbstractQueuedSynchronizer.java:2078)
        at org.eclipse.jetty.util.BlockingArrayQueue.poll(BlockingArrayQueue.java:382)
        at org.eclipse.jetty.util.thread.QueuedThreadPool$Runner.idleJobPoll(QueuedThreadPool.java:974)
        at org.eclipse.jetty.util.thread.QueuedThreadPool$Runner.run(QueuedThreadPool.java:1018)
        at java.lang.Thread.run(Thread.java:750)
"Session-HouseKeeper-7a2141b4-1"  prio=5 tid=289 timed_waiting
java.lang.Thread.State: TIMED_WAITING
        at sun.misc.Unsafe.park(Native Method)
        at java.util.concurrent.locks.LockSupport.parkNanos(LockSupport.java:215)
        at java.util.concurrent.locks.AbstractQueuedSynchronizer$ConditionObject.awaitNanos(AbstractQueuedSynchronizer.java:2078)
        at java.util.concurrent.ScheduledThreadPoolExecutor$DelayedWorkQueue.take(ScheduledThreadPoolExecutor.java:1093)
        at java.util.concurrent.ScheduledThreadPoolExecutor$DelayedWorkQueue.take(ScheduledThreadPoolExecutor.java:809)
        at java.util.concurrent.ThreadPoolExecutor.getTask(ThreadPoolExecutor.java:1074)
        at java.util.concurrent.ThreadPoolExecutor.runWorker(ThreadPoolExecutor.java:1134)
        at java.util.concurrent.ThreadPoolExecutor$Worker.run(ThreadPoolExecutor.java:624)
        at java.lang.Thread.run(Thread.java:750)
"a32d3105-1fa5-4486-a401-c143653c6277-server-thread1" daemon prio=5 tid=444 timed_waiting
java.lang.Thread.State: TIMED_WAITING
        at sun.misc.Unsafe.park(Native Method)
        at java.util.concurrent.locks.LockSupport.parkNanos(LockSupport.java:215)
        at java.util.concurrent.SynchronousQueue$TransferStack.awaitFulfill(SynchronousQueue.java:460)
        at java.util.concurrent.SynchronousQueue$TransferStack.transfer(SynchronousQueue.java:362)
        at java.util.concurrent.SynchronousQueue.poll(SynchronousQueue.java:941)
        at java.util.concurrent.ThreadPoolExecutor.getTask(ThreadPoolExecutor.java:1073)
        at java.util.concurrent.ThreadPoolExecutor.runWorker(ThreadPoolExecutor.java:1134)
        at java.util.concurrent.ThreadPoolExecutor$Worker.run(ThreadPoolExecutor.java:624)
        at java.lang.Thread.run(Thread.java:750)
"Datanode ReportManager Thread - 0" daemon prio=5 tid=265 in Object.wait()
java.lang.Thread.State: WAITING (on object monitor)
        at sun.misc.Unsafe.park(Native Method)
        at java.util.concurrent.locks.LockSupport.park(LockSupport.java:175)
        at java.util.concurrent.locks.AbstractQueuedSynchronizer$ConditionObject.await(AbstractQueuedSynchronizer.java:2039)
        at java.util.concurrent.ScheduledThreadPoolExecutor$DelayedWorkQueue.take(ScheduledThreadPoolExecutor.java:1088)
        at java.util.concurrent.ScheduledThreadPoolExecutor$DelayedWorkQueue.take(ScheduledThreadPoolExecutor.java:809)
        at java.util.concurrent.ThreadPoolExecutor.getTask(ThreadPoolExecutor.java:1074)
        at java.util.concurrent.ThreadPoolExecutor.runWorker(ThreadPoolExecutor.java:1134)
        at java.util.concurrent.ThreadPoolExecutor$Worker.run(ThreadPoolExecutor.java:624)
        at java.lang.Thread.run(Thread.java:750)
"Datanode ReportManager Thread - 1" daemon prio=5 tid=240 in Object.wait()
java.lang.Thread.State: WAITING (on object monitor)
        at sun.misc.Unsafe.park(Native Method)
        at java.util.concurrent.locks.LockSupport.park(LockSupport.java:175)
        at java.util.concurrent.locks.AbstractQueuedSynchronizer$ConditionObject.await(AbstractQueuedSynchronizer.java:2039)
        at java.util.concurrent.ScheduledThreadPoolExecutor$DelayedWorkQueue.take(ScheduledThreadPoolExecutor.java:1088)
        at java.util.concurrent.ScheduledThreadPoolExecutor$DelayedWorkQueue.take(ScheduledThreadPoolExecutor.java:809)
        at java.util.concurrent.ThreadPoolExecutor.getTask(ThreadPoolExecutor.java:1074)
        at java.util.concurrent.ThreadPoolExecutor.runWorker(ThreadPoolExecutor.java:1134)
        at java.util.concurrent.ThreadPoolExecutor$Worker.run(ThreadPoolExecutor.java:624)
        at java.lang.Thread.run(Thread.java:750)
"IPC Server handler 19 on default port 35175" daemon prio=5 tid=163 timed_waiting
java.lang.Thread.State: TIMED_WAITING
        at sun.misc.Unsafe.park(Native Method)
        at java.util.concurrent.locks.LockSupport.parkNanos(LockSupport.java:215)
        at java.util.concurrent.locks.AbstractQueuedSynchronizer$ConditionObject.awaitNanos(AbstractQueuedSynchronizer.java:2078)
        at java.util.concurrent.LinkedBlockingQueue.poll(LinkedBlockingQueue.java:467)
        at org.apache.hadoop.ipc.CallQueueManager.take(CallQueueManager.java:317)
        at org.apache.hadoop.ipc.Server$Handler.run(Server.java:2932)
"Socket Reader #1 for port 0"  prio=5 tid=28 runnable
java.lang.Thread.State: RUNNABLE
        at sun.nio.ch.EPollArrayWrapper.epollWait(Native Method)
        at sun.nio.ch.EPollArrayWrapper.poll(EPollArrayWrapper.java:269)
        at sun.nio.ch.EPollSelectorImpl.doSelect(EPollSelectorImpl.java:93)
        at sun.nio.ch.SelectorImpl.lockAndDoSelect(SelectorImpl.java:86)
        at sun.nio.ch.SelectorImpl.select(SelectorImpl.java:97)
        at sun.nio.ch.SelectorImpl.select(SelectorImpl.java:101)
        at org.apache.hadoop.ipc.Server$Listener$Reader.doRunLoop(Server.java:1288)
        at org.apache.hadoop.ipc.Server$Listener$Reader.run(Server.java:1267)
"org.apache.hadoop.util.JvmPauseMonitor$Monitor@612fe62e" daemon prio=5 tid=165 timed_waiting
java.lang.Thread.State: TIMED_WAITING
        at java.lang.Thread.sleep(Native Method)
        at org.apache.hadoop.util.JvmPauseMonitor$Monitor.run(JvmPauseMonitor.java:192)
        at java.lang.Thread.run(Thread.java:750)
"IPC Server handler 11 on default port 39603" daemon prio=5 tid=48 timed_waiting
java.lang.Thread.State: TIMED_WAITING
        at sun.misc.Unsafe.park(Native Method)
        at java.util.concurrent.locks.LockSupport.parkNanos(LockSupport.java:215)
        at java.util.concurrent.locks.AbstractQueuedSynchronizer$ConditionObject.awaitNanos(AbstractQueuedSynchronizer.java:2078)
        at java.util.concurrent.LinkedBlockingQueue.poll(LinkedBlockingQueue.java:467)
        at org.apache.hadoop.ipc.CallQueueManager.take(CallQueueManager.java:317)
        at org.apache.hadoop.ipc.Server$Handler.run(Server.java:2932)
"pool-89-thread-1" daemon prio=5 tid=196 timed_waiting
java.lang.Thread.State: TIMED_WAITING
        at sun.misc.Unsafe.park(Native Method)
        at java.util.concurrent.locks.LockSupport.parkNanos(LockSupport.java:215)
        at java.util.concurrent.locks.AbstractQueuedSynchronizer$ConditionObject.awaitNanos(AbstractQueuedSynchronizer.java:2078)
        at java.util.concurrent.ScheduledThreadPoolExecutor$DelayedWorkQueue.take(ScheduledThreadPoolExecutor.java:1093)
        at java.util.concurrent.ScheduledThreadPoolExecutor$DelayedWorkQueue.take(ScheduledThreadPoolExecutor.java:809)
        at java.util.concurrent.ThreadPoolExecutor.getTask(ThreadPoolExecutor.java:1074)
        at java.util.concurrent.ThreadPoolExecutor.runWorker(ThreadPoolExecutor.java:1134)
        at java.util.concurrent.ThreadPoolExecutor$Worker.run(ThreadPoolExecutor.java:624)
        at java.lang.Thread.run(Thread.java:750)
"Session-HouseKeeper-6a906078-1"  prio=5 tid=108 timed_waiting
java.lang.Thread.State: TIMED_WAITING
        at sun.misc.Unsafe.park(Native Method)
        at java.util.concurrent.locks.LockSupport.parkNanos(LockSupport.java:215)
        at java.util.concurrent.locks.AbstractQueuedSynchronizer$ConditionObject.awaitNanos(AbstractQueuedSynchronizer.java:2078)
        at java.util.concurrent.ScheduledThreadPoolExecutor$DelayedWorkQueue.take(ScheduledThreadPoolExecutor.java:1093)
        at java.util.concurrent.ScheduledThreadPoolExecutor$DelayedWorkQueue.take(ScheduledThreadPoolExecutor.java:809)
        at java.util.concurrent.ThreadPoolExecutor.getTask(ThreadPoolExecutor.java:1074)
        at java.util.concurrent.ThreadPoolExecutor.runWorker(ThreadPoolExecutor.java:1134)
        at java.util.concurrent.ThreadPoolExecutor$Worker.run(ThreadPoolExecutor.java:624)
        at java.lang.Thread.run(Thread.java:750)
"IPC Server handler 16 on default port 39603" daemon prio=5 tid=53 timed_waiting
java.lang.Thread.State: TIMED_WAITING
        at sun.misc.Unsafe.park(Native Method)
        at java.util.concurrent.locks.LockSupport.parkNanos(LockSupport.java:215)
        at java.util.concurrent.locks.AbstractQueuedSynchronizer$ConditionObject.awaitNanos(AbstractQueuedSynchronizer.java:2078)
        at java.util.concurrent.LinkedBlockingQueue.poll(LinkedBlockingQueue.java:467)
        at org.apache.hadoop.ipc.CallQueueManager.take(CallQueueManager.java:317)
        at org.apache.hadoop.ipc.Server$Handler.run(Server.java:2932)
"ChunkWriter-2-0" daemon prio=5 tid=352 in Object.wait()
java.lang.Thread.State: WAITING (on object monitor)
        at sun.misc.Unsafe.park(Native Method)
        at java.util.concurrent.locks.LockSupport.park(LockSupport.java:175)
        at java.util.concurrent.locks.AbstractQueuedSynchronizer$ConditionObject.await(AbstractQueuedSynchronizer.java:2039)
        at java.util.concurrent.LinkedBlockingDeque.takeFirst(LinkedBlockingDeque.java:492)
        at java.util.concurrent.LinkedBlockingDeque.take(LinkedBlockingDeque.java:680)
        at java.util.concurrent.ThreadPoolExecutor.getTask(ThreadPoolExecutor.java:1074)
        at java.util.concurrent.ThreadPoolExecutor.runWorker(ThreadPoolExecutor.java:1134)
        at java.util.concurrent.ThreadPoolExecutor$Worker.run(ThreadPoolExecutor.java:624)
        at java.lang.Thread.run(Thread.java:750)
"ChunkReader-ELG-0" daemon prio=5 tid=319 runnable
java.lang.Thread.State: RUNNABLE
        at org.apache.ratis.thirdparty.io.netty.channel.epoll.Native.epollWait(Native Method)
        at org.apache.ratis.thirdparty.io.netty.channel.epoll.Native.epollWait(Native.java:193)
        at org.apache.ratis.thirdparty.io.netty.channel.epoll.Native.epollWait(Native.java:186)
        at org.apache.ratis.thirdparty.io.netty.channel.epoll.EpollEventLoop.epollWaitNoTimerChange(EpollEventLoop.java:290)
        at org.apache.ratis.thirdparty.io.netty.channel.epoll.EpollEventLoop.run(EpollEventLoop.java:347)
        at org.apache.ratis.thirdparty.io.netty.util.concurrent.SingleThreadEventExecutor$4.run(SingleThreadEventExecutor.java:986)
        at org.apache.ratis.thirdparty.io.netty.util.internal.ThreadExecutorMap$2.run(ThreadExecutorMap.java:74)
        at java.lang.Thread.run(Thread.java:750)
"qtp209381734-284" daemon prio=5 tid=284 timed_waiting
java.lang.Thread.State: TIMED_WAITING
        at sun.misc.Unsafe.park(Native Method)
        at java.util.concurrent.locks.LockSupport.parkNanos(LockSupport.java:215)
        at java.util.concurrent.locks.AbstractQueuedSynchronizer$ConditionObject.awaitNanos(AbstractQueuedSynchronizer.java:2078)
        at org.eclipse.jetty.util.BlockingArrayQueue.poll(BlockingArrayQueue.java:382)
        at org.eclipse.jetty.util.thread.QueuedThreadPool$Runner.idleJobPoll(QueuedThreadPool.java:974)
        at org.eclipse.jetty.util.thread.QueuedThreadPool$Runner.run(QueuedThreadPool.java:1018)
        at java.lang.Thread.run(Thread.java:750)
"Datanode State Machine Daemon Thread" daemon prio=5 tid=238 timed_waiting
java.lang.Thread.State: TIMED_WAITING
        at java.lang.Thread.sleep(Native Method)
        at org.apache.hadoop.ozone.container.common.statemachine.DatanodeStateMachine.startStateMachineThread(DatanodeStateMachine.java:313)
        at org.apache.hadoop.ozone.container.common.statemachine.DatanodeStateMachine.lambda$startDaemon$0(DatanodeStateMachine.java:493)
        at org.apache.hadoop.ozone.container.common.statemachine.DatanodeStateMachine$$Lambda$674/1897013268.run(Unknown Source)
        at java.lang.Thread.run(Thread.java:750)
"ContainerOp-11a09448-7cda-4d49-9fe8-abfecfd9e082-7"  prio=5 tid=539 in Object.wait()
java.lang.Thread.State: WAITING (on object monitor)
        at sun.misc.Unsafe.park(Native Method)
        at java.util.concurrent.locks.LockSupport.park(LockSupport.java:175)
        at java.util.concurrent.locks.AbstractQueuedSynchronizer$ConditionObject.await(AbstractQueuedSynchronizer.java:2039)
        at java.util.concurrent.LinkedBlockingQueue.take(LinkedBlockingQueue.java:442)
        at java.util.concurrent.ThreadPoolExecutor.getTask(ThreadPoolExecutor.java:1074)
        at java.util.concurrent.ThreadPoolExecutor.runWorker(ThreadPoolExecutor.java:1134)
        at java.util.concurrent.ThreadPoolExecutor$Worker.run(ThreadPoolExecutor.java:624)
        at java.lang.Thread.run(Thread.java:750)
"ChunkWriter-1-0" daemon prio=5 tid=315 in Object.wait()
java.lang.Thread.State: WAITING (on object monitor)
        at sun.misc.Unsafe.park(Native Method)
        at java.util.concurrent.locks.LockSupport.park(LockSupport.java:175)
        at java.util.concurrent.locks.AbstractQueuedSynchronizer$ConditionObject.await(AbstractQueuedSynchronizer.java:2039)
        at java.util.concurrent.LinkedBlockingDeque.takeFirst(LinkedBlockingDeque.java:492)
        at java.util.concurrent.LinkedBlockingDeque.take(LinkedBlockingDeque.java:680)
        at java.util.concurrent.ThreadPoolExecutor.getTask(ThreadPoolExecutor.java:1074)
        at java.util.concurrent.ThreadPoolExecutor.runWorker(ThreadPoolExecutor.java:1134)
        at java.util.concurrent.ThreadPoolExecutor$Worker.run(ThreadPoolExecutor.java:624)
        at java.lang.Thread.run(Thread.java:750)
"EventQueue-NodeRegistrationContainerReportForContainerSafeModeRule" daemon prio=5 tid=363 in Object.wait()
java.lang.Thread.State: WAITING (on object monitor)
        at sun.misc.Unsafe.park(Native Method)
        at java.util.concurrent.locks.LockSupport.park(LockSupport.java:175)
        at java.util.concurrent.locks.AbstractQueuedSynchronizer$ConditionObject.await(AbstractQueuedSynchronizer.java:2039)
        at java.util.concurrent.LinkedBlockingQueue.take(LinkedBlockingQueue.java:442)
        at java.util.concurrent.ThreadPoolExecutor.getTask(ThreadPoolExecutor.java:1074)
        at java.util.concurrent.ThreadPoolExecutor.runWorker(ThreadPoolExecutor.java:1134)
        at java.util.concurrent.ThreadPoolExecutor$Worker.run(ThreadPoolExecutor.java:624)
        at java.lang.Thread.run(Thread.java:750)
"a32d3105-1fa5-4486-a401-c143653c6277@group-ABFECFD9E082-SegmentedRaftLogWorker"  prio=5 tid=407 timed_waiting
java.lang.Thread.State: TIMED_WAITING
        at sun.misc.Unsafe.park(Native Method)
        at java.util.concurrent.locks.LockSupport.parkNanos(LockSupport.java:215)
        at java.util.concurrent.locks.AbstractQueuedSynchronizer$ConditionObject.awaitNanos(AbstractQueuedSynchronizer.java:2078)
        at org.apache.ratis.util.DataBlockingQueue.poll(DataBlockingQueue.java:148)
        at org.apache.ratis.server.raftlog.segmented.SegmentedRaftLogWorker.run(SegmentedRaftLogWorker.java:301)
        at org.apache.ratis.server.raftlog.segmented.SegmentedRaftLogWorker$$Lambda$559/530335698.run(Unknown Source)
        at java.lang.Thread.run(Thread.java:750)
"IPC Server handler 19 on default port 39603" daemon prio=5 tid=56 timed_waiting
java.lang.Thread.State: TIMED_WAITING
        at sun.misc.Unsafe.park(Native Method)
        at java.util.concurrent.locks.LockSupport.parkNanos(LockSupport.java:215)
        at java.util.concurrent.locks.AbstractQueuedSynchronizer$ConditionObject.awaitNanos(AbstractQueuedSynchronizer.java:2078)
        at java.util.concurrent.LinkedBlockingQueue.poll(LinkedBlockingQueue.java:467)
        at org.apache.hadoop.ipc.CallQueueManager.take(CallQueueManager.java:317)
        at org.apache.hadoop.ipc.Server$Handler.run(Server.java:2932)
"Datanode State Machine Task Thread - 0"  prio=5 tid=220 in Object.wait()
java.lang.Thread.State: WAITING (on object monitor)
        at sun.misc.Unsafe.park(Native Method)
        at java.util.concurrent.locks.LockSupport.park(LockSupport.java:175)
        at java.util.concurrent.locks.AbstractQueuedSynchronizer$ConditionObject.await(AbstractQueuedSynchronizer.java:2039)
        at java.util.concurrent.LinkedBlockingQueue.take(LinkedBlockingQueue.java:442)
        at java.util.concurrent.ThreadPoolExecutor.getTask(ThreadPoolExecutor.java:1074)
        at java.util.concurrent.ThreadPoolExecutor.runWorker(ThreadPoolExecutor.java:1134)
        at java.util.concurrent.ThreadPoolExecutor$Worker.run(ThreadPoolExecutor.java:624)
        at java.lang.Thread.run(Thread.java:750)
"qtp1357174989-100" daemon prio=5 tid=100 runnable
java.lang.Thread.State: RUNNABLE
        at sun.nio.ch.EPollArrayWrapper.epollWait(Native Method)
        at sun.nio.ch.EPollArrayWrapper.poll(EPollArrayWrapper.java:269)
        at sun.nio.ch.EPollSelectorImpl.doSelect(EPollSelectorImpl.java:93)
        at sun.nio.ch.SelectorImpl.lockAndDoSelect(SelectorImpl.java:86)
        at sun.nio.ch.SelectorImpl.select(SelectorImpl.java:97)
        at sun.nio.ch.SelectorImpl.select(SelectorImpl.java:101)
        at org.eclipse.jetty.io.ManagedSelector.nioSelect(ManagedSelector.java:183)
        at org.eclipse.jetty.io.ManagedSelector.select(ManagedSelector.java:190)
        at org.eclipse.jetty.io.ManagedSelector$SelectorProducer.select(ManagedSelector.java:606)
        at org.eclipse.jetty.io.ManagedSelector$SelectorProducer.produce(ManagedSelector.java:543)
        at org.eclipse.jetty.util.thread.strategy.EatWhatYouKill.produceTask(EatWhatYouKill.java:362)
        at org.eclipse.jetty.util.thread.strategy.EatWhatYouKill.doProduce(EatWhatYouKill.java:186)
        at org.eclipse.jetty.util.thread.strategy.EatWhatYouKill.tryProduce(EatWhatYouKill.java:173)
        at org.eclipse.jetty.util.thread.strategy.EatWhatYouKill.produce(EatWhatYouKill.java:137)
        at org.eclipse.jetty.io.ManagedSelector$$Lambda$392/1243911696.run(Unknown Source)
        at org.eclipse.jetty.util.thread.QueuedThreadPool.runJob(QueuedThreadPool.java:883)
        at org.eclipse.jetty.util.thread.QueuedThreadPool$Runner.run(QueuedThreadPool.java:1034)
        at java.lang.Thread.run(Thread.java:750)
"IPC Server handler 6 on default port 46105" daemon prio=5 tid=83 timed_waiting
java.lang.Thread.State: TIMED_WAITING
        at sun.misc.Unsafe.park(Native Method)
        at java.util.concurrent.locks.LockSupport.parkNanos(LockSupport.java:215)
        at java.util.concurrent.locks.AbstractQueuedSynchronizer$ConditionObject.awaitNanos(AbstractQueuedSynchronizer.java:2078)
        at java.util.concurrent.LinkedBlockingQueue.poll(LinkedBlockingQueue.java:467)
        at org.apache.hadoop.ipc.CallQueueManager.take(CallQueueManager.java:317)
        at org.apache.hadoop.ipc.Server$Handler.run(Server.java:2932)
"Session-HouseKeeper-4bbaaf1b-1"  prio=5 tid=183 timed_waiting
java.lang.Thread.State: TIMED_WAITING
        at sun.misc.Unsafe.park(Native Method)
        at java.util.concurrent.locks.LockSupport.parkNanos(LockSupport.java:215)
        at java.util.concurrent.locks.AbstractQueuedSynchronizer$ConditionObject.awaitNanos(AbstractQueuedSynchronizer.java:2078)
        at java.util.concurrent.ScheduledThreadPoolExecutor$DelayedWorkQueue.take(ScheduledThreadPoolExecutor.java:1093)
        at java.util.concurrent.ScheduledThreadPoolExecutor$DelayedWorkQueue.take(ScheduledThreadPoolExecutor.java:809)
        at java.util.concurrent.ThreadPoolExecutor.getTask(ThreadPoolExecutor.java:1074)
        at java.util.concurrent.ThreadPoolExecutor.runWorker(ThreadPoolExecutor.java:1134)
        at java.util.concurrent.ThreadPoolExecutor$Worker.run(ThreadPoolExecutor.java:624)
        at java.lang.Thread.run(Thread.java:750)
"EventQueue-CommandQueueReportForCommandQueueReportHandler" daemon prio=5 tid=370 in Object.wait()
java.lang.Thread.State: WAITING (on object monitor)
        at sun.misc.Unsafe.park(Native Method)
        at java.util.concurrent.locks.LockSupport.park(LockSupport.java:175)
        at java.util.concurrent.locks.AbstractQueuedSynchronizer$ConditionObject.await(AbstractQueuedSynchronizer.java:2039)
        at java.util.concurrent.LinkedBlockingQueue.take(LinkedBlockingQueue.java:442)
        at java.util.concurrent.ThreadPoolExecutor.getTask(ThreadPoolExecutor.java:1074)
        at java.util.concurrent.ThreadPoolExecutor.runWorker(ThreadPoolExecutor.java:1134)
        at java.util.concurrent.ThreadPoolExecutor$Worker.run(ThreadPoolExecutor.java:624)
        at java.lang.Thread.run(Thread.java:750)
"ContainerOp-11a09448-7cda-4d49-9fe8-abfecfd9e082-9"  prio=5 tid=556 in Object.wait()
java.lang.Thread.State: WAITING (on object monitor)
        at sun.misc.Unsafe.park(Native Method)
        at java.util.concurrent.locks.LockSupport.park(LockSupport.java:175)
        at java.util.concurrent.locks.AbstractQueuedSynchronizer$ConditionObject.await(AbstractQueuedSynchronizer.java:2039)
        at java.util.concurrent.LinkedBlockingQueue.take(LinkedBlockingQueue.java:442)
        at java.util.concurrent.ThreadPoolExecutor.getTask(ThreadPoolExecutor.java:1074)
        at java.util.concurrent.ThreadPoolExecutor.runWorker(ThreadPoolExecutor.java:1134)
        at java.util.concurrent.ThreadPoolExecutor$Worker.run(ThreadPoolExecutor.java:624)
        at java.lang.Thread.run(Thread.java:750)
"Datanode State Machine Task Thread - 0"  prio=5 tid=246 in Object.wait()
java.lang.Thread.State: WAITING (on object monitor)
        at sun.misc.Unsafe.park(Native Method)
        at java.util.concurrent.locks.LockSupport.park(LockSupport.java:175)
        at java.util.concurrent.locks.AbstractQueuedSynchronizer$ConditionObject.await(AbstractQueuedSynchronizer.java:2039)
        at java.util.concurrent.LinkedBlockingQueue.take(LinkedBlockingQueue.java:442)
        at java.util.concurrent.ThreadPoolExecutor.getTask(ThreadPoolExecutor.java:1074)
        at java.util.concurrent.ThreadPoolExecutor.runWorker(ThreadPoolExecutor.java:1134)
        at java.util.concurrent.ThreadPoolExecutor$Worker.run(ThreadPoolExecutor.java:624)
        at java.lang.Thread.run(Thread.java:750)
"qtp868128251-231" daemon prio=5 tid=231 timed_waiting
java.lang.Thread.State: TIMED_WAITING
        at sun.misc.Unsafe.park(Native Method)
        at java.util.concurrent.locks.LockSupport.parkNanos(LockSupport.java:215)
        at java.util.concurrent.locks.AbstractQueuedSynchronizer$ConditionObject.awaitNanos(AbstractQueuedSynchronizer.java:2078)
        at org.eclipse.jetty.util.BlockingArrayQueue.poll(BlockingArrayQueue.java:382)
        at org.eclipse.jetty.util.thread.QueuedThreadPool$Runner.idleJobPoll(QueuedThreadPool.java:974)
        at org.eclipse.jetty.util.thread.QueuedThreadPool$Runner.run(QueuedThreadPool.java:1018)
        at java.lang.Thread.run(Thread.java:750)
"Datanode ReportManager Thread - 4" daemon prio=5 tid=269 timed_waiting
java.lang.Thread.State: TIMED_WAITING
        at sun.misc.Unsafe.park(Native Method)
        at java.util.concurrent.locks.LockSupport.parkNanos(LockSupport.java:215)
        at java.util.concurrent.locks.AbstractQueuedSynchronizer$ConditionObject.awaitNanos(AbstractQueuedSynchronizer.java:2078)
        at java.util.concurrent.ScheduledThreadPoolExecutor$DelayedWorkQueue.take(ScheduledThreadPoolExecutor.java:1093)
        at java.util.concurrent.ScheduledThreadPoolExecutor$DelayedWorkQueue.take(ScheduledThreadPoolExecutor.java:809)
        at java.util.concurrent.ThreadPoolExecutor.getTask(ThreadPoolExecutor.java:1074)
        at java.util.concurrent.ThreadPoolExecutor.runWorker(ThreadPoolExecutor.java:1134)
        at java.util.concurrent.ThreadPoolExecutor$Worker.run(ThreadPoolExecutor.java:624)
        at java.lang.Thread.run(Thread.java:750)
"ContainerOp-11a09448-7cda-4d49-9fe8-abfecfd9e082-0"  prio=5 tid=480 in Object.wait()
java.lang.Thread.State: WAITING (on object monitor)
        at sun.misc.Unsafe.park(Native Method)
        at java.util.concurrent.locks.LockSupport.park(LockSupport.java:175)
        at java.util.concurrent.locks.AbstractQueuedSynchronizer$ConditionObject.await(AbstractQueuedSynchronizer.java:2039)
        at java.util.concurrent.LinkedBlockingQueue.take(LinkedBlockingQueue.java:442)
        at java.util.concurrent.ThreadPoolExecutor.getTask(ThreadPoolExecutor.java:1074)
        at java.util.concurrent.ThreadPoolExecutor.runWorker(ThreadPoolExecutor.java:1134)
        at java.util.concurrent.ThreadPoolExecutor$Worker.run(ThreadPoolExecutor.java:624)
        at java.lang.Thread.run(Thread.java:750)
"om1@group-C5BA1605619E-StateMachineUpdater" daemon prio=5 tid=121 timed_waiting
java.lang.Thread.State: TIMED_WAITING
        at sun.misc.Unsafe.park(Native Method)
        at java.util.concurrent.locks.LockSupport.parkNanos(LockSupport.java:215)
        at java.util.concurrent.CompletableFuture$Signaller.block(CompletableFuture.java:1709)
        at java.util.concurrent.ForkJoinPool.managedBlock(ForkJoinPool.java:3323)
        at java.util.concurrent.CompletableFuture.timedGet(CompletableFuture.java:1788)
        at java.util.concurrent.CompletableFuture.get(CompletableFuture.java:1928)
        at org.apache.ratis.util.AwaitForSignal.await(AwaitForSignal.java:56)
        at org.apache.ratis.server.impl.StateMachineUpdater.waitForCommit(StateMachineUpdater.java:207)
        at org.apache.ratis.server.impl.StateMachineUpdater.run(StateMachineUpdater.java:176)
        at java.lang.Thread.run(Thread.java:750)
"qtp209381734-288" daemon prio=5 tid=288 timed_waiting
java.lang.Thread.State: TIMED_WAITING
        at sun.misc.Unsafe.park(Native Method)
        at java.util.concurrent.locks.LockSupport.parkNanos(LockSupport.java:215)
        at java.util.concurrent.locks.AbstractQueuedSynchronizer$ConditionObject.awaitNanos(AbstractQueuedSynchronizer.java:2078)
        at org.eclipse.jetty.util.BlockingArrayQueue.poll(BlockingArrayQueue.java:382)
        at org.eclipse.jetty.util.thread.QueuedThreadPool$Runner.idleJobPoll(QueuedThreadPool.java:974)
        at org.eclipse.jetty.util.thread.QueuedThreadPool$Runner.run(QueuedThreadPool.java:1018)
        at java.lang.Thread.run(Thread.java:750)
"StaleRecoveringContainerScrubbingService#0" daemon prio=5 tid=346 timed_waiting
java.lang.Thread.State: TIMED_WAITING
        at sun.misc.Unsafe.park(Native Method)
        at java.util.concurrent.locks.LockSupport.parkNanos(LockSupport.java:215)
        at java.util.concurrent.locks.AbstractQueuedSynchronizer$ConditionObject.awaitNanos(AbstractQueuedSynchronizer.java:2078)
        at java.util.concurrent.ScheduledThreadPoolExecutor$DelayedWorkQueue.take(ScheduledThreadPoolExecutor.java:1093)
        at java.util.concurrent.ScheduledThreadPoolExecutor$DelayedWorkQueue.take(ScheduledThreadPoolExecutor.java:809)
        at java.util.concurrent.ThreadPoolExecutor.getTask(ThreadPoolExecutor.java:1074)
        at java.util.concurrent.ThreadPoolExecutor.runWorker(ThreadPoolExecutor.java:1134)
        at java.util.concurrent.ThreadPoolExecutor$Worker.run(ThreadPoolExecutor.java:624)
        at java.lang.Thread.run(Thread.java:750)
"7cc4dae5-b8b1-4887-8b99-c7b379db6b59@group-6A8FC32459EF-StateMachineUpdater" daemon prio=5 tid=387 timed_waiting
java.lang.Thread.State: TIMED_WAITING
        at sun.misc.Unsafe.park(Native Method)
        at java.util.concurrent.locks.LockSupport.parkNanos(LockSupport.java:215)
        at java.util.concurrent.CompletableFuture$Signaller.block(CompletableFuture.java:1709)
        at java.util.concurrent.ForkJoinPool.managedBlock(ForkJoinPool.java:3323)
        at java.util.concurrent.CompletableFuture.timedGet(CompletableFuture.java:1788)
        at java.util.concurrent.CompletableFuture.get(CompletableFuture.java:1928)
        at org.apache.ratis.util.AwaitForSignal.await(AwaitForSignal.java:56)
        at org.apache.ratis.server.impl.StateMachineUpdater.waitForCommit(StateMachineUpdater.java:207)
        at org.apache.ratis.server.impl.StateMachineUpdater.run(StateMachineUpdater.java:176)
        at java.lang.Thread.run(Thread.java:750)
"qtp1658655896-180" daemon prio=5 tid=180 timed_waiting
java.lang.Thread.State: TIMED_WAITING
        at sun.misc.Unsafe.park(Native Method)
        at java.util.concurrent.locks.LockSupport.parkNanos(LockSupport.java:215)
        at java.util.concurrent.locks.AbstractQueuedSynchronizer$ConditionObject.awaitNanos(AbstractQueuedSynchronizer.java:2078)
        at org.eclipse.jetty.util.BlockingArrayQueue.poll(BlockingArrayQueue.java:382)
        at org.eclipse.jetty.util.thread.QueuedThreadPool$Runner.idleJobPoll(QueuedThreadPool.java:974)
        at org.eclipse.jetty.util.thread.QueuedThreadPool$Runner.run(QueuedThreadPool.java:1018)
        at java.lang.Thread.run(Thread.java:750)
"StaleRecoveringContainerScrubbingService#1" daemon prio=5 tid=335 in Object.wait()
java.lang.Thread.State: WAITING (on object monitor)
        at sun.misc.Unsafe.park(Native Method)
        at java.util.concurrent.locks.LockSupport.park(LockSupport.java:175)
        at java.util.concurrent.locks.AbstractQueuedSynchronizer$ConditionObject.await(AbstractQueuedSynchronizer.java:2039)
        at java.util.concurrent.ScheduledThreadPoolExecutor$DelayedWorkQueue.take(ScheduledThreadPoolExecutor.java:1088)
        at java.util.concurrent.ScheduledThreadPoolExecutor$DelayedWorkQueue.take(ScheduledThreadPoolExecutor.java:809)
        at java.util.concurrent.ThreadPoolExecutor.getTask(ThreadPoolExecutor.java:1074)
        at java.util.concurrent.ThreadPoolExecutor.runWorker(ThreadPoolExecutor.java:1134)
        at java.util.concurrent.ThreadPoolExecutor$Worker.run(ThreadPoolExecutor.java:624)
        at java.lang.Thread.run(Thread.java:750)
"BlockDeletingService#3" daemon prio=5 tid=783 in Object.wait()
java.lang.Thread.State: WAITING (on object monitor)
        at sun.misc.Unsafe.park(Native Method)
        at java.util.concurrent.locks.LockSupport.park(LockSupport.java:175)
        at java.util.concurrent.locks.AbstractQueuedSynchronizer$ConditionObject.await(AbstractQueuedSynchronizer.java:2039)
        at java.util.concurrent.ScheduledThreadPoolExecutor$DelayedWorkQueue.take(ScheduledThreadPoolExecutor.java:1088)
        at java.util.concurrent.ScheduledThreadPoolExecutor$DelayedWorkQueue.take(ScheduledThreadPoolExecutor.java:809)
        at java.util.concurrent.ThreadPoolExecutor.getTask(ThreadPoolExecutor.java:1074)
        at java.util.concurrent.ThreadPoolExecutor.runWorker(ThreadPoolExecutor.java:1134)
        at java.util.concurrent.ThreadPoolExecutor$Worker.run(ThreadPoolExecutor.java:624)
        at java.lang.Thread.run(Thread.java:750)
"IPC Server handler 8 on default port 46105" daemon prio=5 tid=85 timed_waiting
java.lang.Thread.State: TIMED_WAITING
        at sun.misc.Unsafe.park(Native Method)
        at java.util.concurrent.locks.LockSupport.parkNanos(LockSupport.java:215)
        at java.util.concurrent.locks.AbstractQueuedSynchronizer$ConditionObject.awaitNanos(AbstractQueuedSynchronizer.java:2078)
        at java.util.concurrent.LinkedBlockingQueue.poll(LinkedBlockingQueue.java:467)
        at org.apache.hadoop.ipc.CallQueueManager.take(CallQueueManager.java:317)
        at org.apache.hadoop.ipc.Server$Handler.run(Server.java:2932)
"Datanode ReportManager Thread - 3" daemon prio=5 tid=216 timed_waiting
java.lang.Thread.State: TIMED_WAITING
        at sun.misc.Unsafe.park(Native Method)
        at java.util.concurrent.locks.LockSupport.parkNanos(LockSupport.java:215)
        at java.util.concurrent.locks.AbstractQueuedSynchronizer$ConditionObject.awaitNanos(AbstractQueuedSynchronizer.java:2078)
        at java.util.concurrent.ScheduledThreadPoolExecutor$DelayedWorkQueue.take(ScheduledThreadPoolExecutor.java:1093)
        at java.util.concurrent.ScheduledThreadPoolExecutor$DelayedWorkQueue.take(ScheduledThreadPoolExecutor.java:809)
        at java.util.concurrent.ThreadPoolExecutor.getTask(ThreadPoolExecutor.java:1074)
        at java.util.concurrent.ThreadPoolExecutor.runWorker(ThreadPoolExecutor.java:1134)
        at java.util.concurrent.ThreadPoolExecutor$Worker.run(ThreadPoolExecutor.java:624)
        at java.lang.Thread.run(Thread.java:750)
"IPC Server handler 19 on default port 46105" daemon prio=5 tid=96 timed_waiting
java.lang.Thread.State: TIMED_WAITING
        at sun.misc.Unsafe.park(Native Method)
        at java.util.concurrent.locks.LockSupport.parkNanos(LockSupport.java:215)
        at java.util.concurrent.locks.AbstractQueuedSynchronizer$ConditionObject.awaitNanos(AbstractQueuedSynchronizer.java:2078)
        at java.util.concurrent.LinkedBlockingQueue.poll(LinkedBlockingQueue.java:467)
        at org.apache.hadoop.ipc.CallQueueManager.take(CallQueueManager.java:317)
        at org.apache.hadoop.ipc.Server$Handler.run(Server.java:2932)
"7cc4dae5-b8b1-4887-8b99-c7b379db6b59@group-ABFECFD9E082-FollowerState" daemon prio=5 tid=439 timed_waiting
java.lang.Thread.State: TIMED_WAITING
        at java.lang.Thread.sleep(Native Method)
        at java.lang.Thread.sleep(Thread.java:342)
        at java.util.concurrent.TimeUnit.sleep(TimeUnit.java:386)
        at org.apache.ratis.util.TimeDuration.sleep(TimeDuration.java:325)
        at org.apache.ratis.util.TimeDuration.sleep(TimeDuration.java:310)
        at org.apache.ratis.server.impl.FollowerState.run(FollowerState.java:128)
"RatisPipelineUtilsThread - 0"  prio=5 tid=15 timed_waiting
java.lang.Thread.State: TIMED_WAITING
        at java.lang.Object.wait(Native Method)
        at org.apache.hadoop.hdds.scm.pipeline.BackgroundPipelineCreator.run(BackgroundPipelineCreator.java:176)
        at org.apache.hadoop.hdds.scm.pipeline.BackgroundPipelineCreator$$Lambda$315/888289302.run(Unknown Source)
        at java.lang.Thread.run(Thread.java:750)
"Datanode State Machine Daemon Thread" daemon prio=5 tid=184 timed_waiting
java.lang.Thread.State: TIMED_WAITING
        at java.lang.Thread.sleep(Native Method)
        at org.apache.hadoop.ozone.container.common.statemachine.DatanodeStateMachine.startStateMachineThread(DatanodeStateMachine.java:313)
        at org.apache.hadoop.ozone.container.common.statemachine.DatanodeStateMachine.lambda$startDaemon$0(DatanodeStateMachine.java:493)
        at org.apache.hadoop.ozone.container.common.statemachine.DatanodeStateMachine$$Lambda$674/1897013268.run(Unknown Source)
        at java.lang.Thread.run(Thread.java:750)
"BlockDeletingService#0" daemon prio=5 tid=344 timed_waiting
java.lang.Thread.State: TIMED_WAITING
        at sun.misc.Unsafe.park(Native Method)
        at java.util.concurrent.locks.LockSupport.parkNanos(LockSupport.java:215)
        at java.util.concurrent.locks.AbstractQueuedSynchronizer$ConditionObject.awaitNanos(AbstractQueuedSynchronizer.java:2078)
        at java.util.concurrent.ScheduledThreadPoolExecutor$DelayedWorkQueue.take(ScheduledThreadPoolExecutor.java:1093)
        at java.util.concurrent.ScheduledThreadPoolExecutor$DelayedWorkQueue.take(ScheduledThreadPoolExecutor.java:809)
        at java.util.concurrent.ThreadPoolExecutor.getTask(ThreadPoolExecutor.java:1074)
        at java.util.concurrent.ThreadPoolExecutor.runWorker(ThreadPoolExecutor.java:1134)
        at java.util.concurrent.ThreadPoolExecutor$Worker.run(ThreadPoolExecutor.java:624)
        at java.lang.Thread.run(Thread.java:750)
"Datanode ReportManager Thread - 3" daemon prio=5 tid=268 in Object.wait()
java.lang.Thread.State: WAITING (on object monitor)
        at sun.misc.Unsafe.park(Native Method)
        at java.util.concurrent.locks.LockSupport.park(LockSupport.java:175)
        at java.util.concurrent.locks.AbstractQueuedSynchronizer$ConditionObject.await(AbstractQueuedSynchronizer.java:2039)
        at java.util.concurrent.ScheduledThreadPoolExecutor$DelayedWorkQueue.take(ScheduledThreadPoolExecutor.java:1088)
        at java.util.concurrent.ScheduledThreadPoolExecutor$DelayedWorkQueue.take(ScheduledThreadPoolExecutor.java:809)
        at java.util.concurrent.ThreadPoolExecutor.getTask(ThreadPoolExecutor.java:1074)
        at java.util.concurrent.ThreadPoolExecutor.runWorker(ThreadPoolExecutor.java:1134)
        at java.util.concurrent.ThreadPoolExecutor$Worker.run(ThreadPoolExecutor.java:624)
        at java.lang.Thread.run(Thread.java:750)
"ChunkWriter-2-0" daemon prio=5 tid=328 in Object.wait()
java.lang.Thread.State: WAITING (on object monitor)
        at sun.misc.Unsafe.park(Native Method)
        at java.util.concurrent.locks.LockSupport.park(LockSupport.java:175)
        at java.util.concurrent.locks.AbstractQueuedSynchronizer$ConditionObject.await(AbstractQueuedSynchronizer.java:2039)
        at java.util.concurrent.LinkedBlockingDeque.takeFirst(LinkedBlockingDeque.java:492)
        at java.util.concurrent.LinkedBlockingDeque.take(LinkedBlockingDeque.java:680)
        at java.util.concurrent.ThreadPoolExecutor.getTask(ThreadPoolExecutor.java:1074)
        at java.util.concurrent.ThreadPoolExecutor.runWorker(ThreadPoolExecutor.java:1134)
        at java.util.concurrent.ThreadPoolExecutor$Worker.run(ThreadPoolExecutor.java:624)
        at java.lang.Thread.run(Thread.java:750)
"3af0815a-b562-4e3c-89c3-e6a4aa9e64d7@group-3C12C85C2B14-StateMachineUpdater" daemon prio=5 tid=423 timed_waiting
java.lang.Thread.State: TIMED_WAITING
        at sun.misc.Unsafe.park(Native Method)
        at java.util.concurrent.locks.LockSupport.parkNanos(LockSupport.java:215)
        at java.util.concurrent.CompletableFuture$Signaller.block(CompletableFuture.java:1709)
        at java.util.concurrent.ForkJoinPool.managedBlock(ForkJoinPool.java:3323)
        at java.util.concurrent.CompletableFuture.timedGet(CompletableFuture.java:1788)
        at java.util.concurrent.CompletableFuture.get(CompletableFuture.java:1928)
        at org.apache.ratis.util.AwaitForSignal.await(AwaitForSignal.java:56)
        at org.apache.ratis.server.impl.StateMachineUpdater.waitForCommit(StateMachineUpdater.java:207)
        at org.apache.ratis.server.impl.StateMachineUpdater.run(StateMachineUpdater.java:176)
        at java.lang.Thread.run(Thread.java:750)
"pool-105-thread-1"  prio=5 tid=202 timed_waiting
java.lang.Thread.State: TIMED_WAITING
        at sun.misc.Unsafe.park(Native Method)
        at java.util.concurrent.locks.LockSupport.parkNanos(LockSupport.java:215)
        at java.util.concurrent.locks.AbstractQueuedSynchronizer$ConditionObject.awaitNanos(AbstractQueuedSynchronizer.java:2078)
        at java.util.concurrent.ScheduledThreadPoolExecutor$DelayedWorkQueue.take(ScheduledThreadPoolExecutor.java:1093)
        at java.util.concurrent.ScheduledThreadPoolExecutor$DelayedWorkQueue.take(ScheduledThreadPoolExecutor.java:809)
        at java.util.concurrent.ThreadPoolExecutor.getTask(ThreadPoolExecutor.java:1074)
        at java.util.concurrent.ThreadPoolExecutor.runWorker(ThreadPoolExecutor.java:1134)
        at java.util.concurrent.ThreadPoolExecutor$Worker.run(ThreadPoolExecutor.java:624)
        at java.lang.Thread.run(Thread.java:750)
"EventQueue-PipelineReportForOneReplicaPipelineSafeModeRule" daemon prio=5 tid=365 in Object.wait()
java.lang.Thread.State: WAITING (on object monitor)
        at sun.misc.Unsafe.park(Native Method)
        at java.util.concurrent.locks.LockSupport.park(LockSupport.java:175)
        at java.util.concurrent.locks.AbstractQueuedSynchronizer$ConditionObject.await(AbstractQueuedSynchronizer.java:2039)
        at java.util.concurrent.LinkedBlockingQueue.take(LinkedBlockingQueue.java:442)
        at java.util.concurrent.ThreadPoolExecutor.getTask(ThreadPoolExecutor.java:1074)
        at java.util.concurrent.ThreadPoolExecutor.runWorker(ThreadPoolExecutor.java:1134)
        at java.util.concurrent.ThreadPoolExecutor$Worker.run(ThreadPoolExecutor.java:624)
        at java.lang.Thread.run(Thread.java:750)
"FixedThreadPoolWithAffinityExecutor-9-0" daemon prio=5 tid=361 in Object.wait()
java.lang.Thread.State: WAITING (on object monitor)
        at sun.misc.Unsafe.park(Native Method)
        at java.util.concurrent.locks.LockSupport.park(LockSupport.java:175)
        at java.util.concurrent.locks.AbstractQueuedSynchronizer$ConditionObject.await(AbstractQueuedSynchronizer.java:2039)
        at java.util.concurrent.LinkedBlockingDeque.takeFirst(LinkedBlockingDeque.java:492)
        at java.util.concurrent.LinkedBlockingDeque.take(LinkedBlockingDeque.java:680)
        at java.util.concurrent.ThreadPoolExecutor.getTask(ThreadPoolExecutor.java:1074)
        at java.util.concurrent.ThreadPoolExecutor.runWorker(ThreadPoolExecutor.java:1134)
        at java.util.concurrent.ThreadPoolExecutor$Worker.run(ThreadPoolExecutor.java:624)
        at java.lang.Thread.run(Thread.java:750)
"FixedThreadPoolWithAffinityExecutor-8-0" daemon prio=5 tid=367 in Object.wait()
java.lang.Thread.State: WAITING (on object monitor)
        at sun.misc.Unsafe.park(Native Method)
        at java.util.concurrent.locks.LockSupport.park(LockSupport.java:175)
        at java.util.concurrent.locks.AbstractQueuedSynchronizer$ConditionObject.await(AbstractQueuedSynchronizer.java:2039)
        at java.util.concurrent.LinkedBlockingDeque.takeFirst(LinkedBlockingDeque.java:492)
        at java.util.concurrent.LinkedBlockingDeque.take(LinkedBlockingDeque.java:680)
        at java.util.concurrent.ThreadPoolExecutor.getTask(ThreadPoolExecutor.java:1074)
        at java.util.concurrent.ThreadPoolExecutor.runWorker(ThreadPoolExecutor.java:1134)
        at java.util.concurrent.ThreadPoolExecutor$Worker.run(ThreadPoolExecutor.java:624)
        at java.lang.Thread.run(Thread.java:750)
"pool-96-thread-1"  prio=5 tid=382 in Object.wait()
java.lang.Thread.State: WAITING (on object monitor)
        at sun.misc.Unsafe.park(Native Method)
        at java.util.concurrent.locks.LockSupport.park(LockSupport.java:175)
        at java.util.concurrent.locks.AbstractQueuedSynchronizer$ConditionObject.await(AbstractQueuedSynchronizer.java:2039)
        at java.util.concurrent.LinkedBlockingQueue.take(LinkedBlockingQueue.java:442)
        at java.util.concurrent.ThreadPoolExecutor.getTask(ThreadPoolExecutor.java:1074)
        at java.util.concurrent.ThreadPoolExecutor.runWorker(ThreadPoolExecutor.java:1134)
        at java.util.concurrent.ThreadPoolExecutor$Worker.run(ThreadPoolExecutor.java:624)
        at java.lang.Thread.run(Thread.java:750)
"BlockDeletingService#2" daemon prio=5 tid=686 in Object.wait()
java.lang.Thread.State: WAITING (on object monitor)
        at sun.misc.Unsafe.park(Native Method)
        at java.util.concurrent.locks.LockSupport.park(LockSupport.java:175)
        at java.util.concurrent.locks.AbstractQueuedSynchronizer$ConditionObject.await(AbstractQueuedSynchronizer.java:2039)
        at java.util.concurrent.ScheduledThreadPoolExecutor$DelayedWorkQueue.take(ScheduledThreadPoolExecutor.java:1088)
        at java.util.concurrent.ScheduledThreadPoolExecutor$DelayedWorkQueue.take(ScheduledThreadPoolExecutor.java:809)
        at java.util.concurrent.ThreadPoolExecutor.getTask(ThreadPoolExecutor.java:1074)
        at java.util.concurrent.ThreadPoolExecutor.runWorker(ThreadPoolExecutor.java:1134)
        at java.util.concurrent.ThreadPoolExecutor$Worker.run(ThreadPoolExecutor.java:624)
        at java.lang.Thread.run(Thread.java:750)
"IPC Server handler 14 on default port 43477" daemon prio=5 tid=71 timed_waiting
java.lang.Thread.State: TIMED_WAITING
        at sun.misc.Unsafe.park(Native Method)
        at java.util.concurrent.locks.LockSupport.parkNanos(LockSupport.java:215)
        at java.util.concurrent.locks.AbstractQueuedSynchronizer$ConditionObject.awaitNanos(AbstractQueuedSynchronizer.java:2078)
        at java.util.concurrent.LinkedBlockingQueue.poll(LinkedBlockingQueue.java:467)
        at org.apache.hadoop.ipc.CallQueueManager.take(CallQueueManager.java:317)
        at org.apache.hadoop.ipc.Server$Handler.run(Server.java:2932)
"BlockDeletingService#3" daemon prio=5 tid=790 in Object.wait()
java.lang.Thread.State: WAITING (on object monitor)
        at sun.misc.Unsafe.park(Native Method)
        at java.util.concurrent.locks.LockSupport.park(LockSupport.java:175)
        at java.util.concurrent.locks.AbstractQueuedSynchronizer$ConditionObject.await(AbstractQueuedSynchronizer.java:2039)
        at java.util.concurrent.ScheduledThreadPoolExecutor$DelayedWorkQueue.take(ScheduledThreadPoolExecutor.java:1088)
        at java.util.concurrent.ScheduledThreadPoolExecutor$DelayedWorkQueue.take(ScheduledThreadPoolExecutor.java:809)
        at java.util.concurrent.ThreadPoolExecutor.getTask(ThreadPoolExecutor.java:1074)
        at java.util.concurrent.ThreadPoolExecutor.runWorker(ThreadPoolExecutor.java:1134)
        at java.util.concurrent.ThreadPoolExecutor$Worker.run(ThreadPoolExecutor.java:624)
        at java.lang.Thread.run(Thread.java:750)
"Periodic HDDS volume checker" daemon prio=5 tid=167 timed_waiting
java.lang.Thread.State: TIMED_WAITING
        at sun.misc.Unsafe.park(Native Method)
        at java.util.concurrent.locks.LockSupport.parkNanos(LockSupport.java:215)
        at java.util.concurrent.locks.AbstractQueuedSynchronizer$ConditionObject.awaitNanos(AbstractQueuedSynchronizer.java:2078)
        at java.util.concurrent.ScheduledThreadPoolExecutor$DelayedWorkQueue.take(ScheduledThreadPoolExecutor.java:1093)
        at java.util.concurrent.ScheduledThreadPoolExecutor$DelayedWorkQueue.take(ScheduledThreadPoolExecutor.java:809)
        at java.util.concurrent.ThreadPoolExecutor.getTask(ThreadPoolExecutor.java:1074)
        at java.util.concurrent.ThreadPoolExecutor.runWorker(ThreadPoolExecutor.java:1134)
        at java.util.concurrent.ThreadPoolExecutor$Worker.run(ThreadPoolExecutor.java:624)
        at java.lang.Thread.run(Thread.java:750)
"om1@group-C5BA1605619E-SegmentedRaftLogWorker"  prio=5 tid=120 timed_waiting
java.lang.Thread.State: TIMED_WAITING
        at sun.misc.Unsafe.park(Native Method)
        at java.util.concurrent.locks.LockSupport.parkNanos(LockSupport.java:215)
        at java.util.concurrent.locks.AbstractQueuedSynchronizer$ConditionObject.awaitNanos(AbstractQueuedSynchronizer.java:2078)
        at org.apache.ratis.util.DataBlockingQueue.poll(DataBlockingQueue.java:148)
        at org.apache.ratis.server.raftlog.segmented.SegmentedRaftLogWorker.run(SegmentedRaftLogWorker.java:301)
        at org.apache.ratis.server.raftlog.segmented.SegmentedRaftLogWorker$$Lambda$559/530335698.run(Unknown Source)
        at java.lang.Thread.run(Thread.java:750)
"StaleRecoveringContainerScrubbingService#0" daemon prio=5 tid=321 timed_waiting
java.lang.Thread.State: TIMED_WAITING
        at sun.misc.Unsafe.park(Native Method)
        at java.util.concurrent.locks.LockSupport.parkNanos(LockSupport.java:215)
        at java.util.concurrent.locks.AbstractQueuedSynchronizer$ConditionObject.awaitNanos(AbstractQueuedSynchronizer.java:2078)
        at java.util.concurrent.ScheduledThreadPoolExecutor$DelayedWorkQueue.take(ScheduledThreadPoolExecutor.java:1093)
        at java.util.concurrent.ScheduledThreadPoolExecutor$DelayedWorkQueue.take(ScheduledThreadPoolExecutor.java:809)
        at java.util.concurrent.ThreadPoolExecutor.getTask(ThreadPoolExecutor.java:1074)
        at java.util.concurrent.ThreadPoolExecutor.runWorker(ThreadPoolExecutor.java:1134)
        at java.util.concurrent.ThreadPoolExecutor$Worker.run(ThreadPoolExecutor.java:624)
        at java.lang.Thread.run(Thread.java:750)
"qtp1357174989-107" daemon prio=5 tid=107 timed_waiting
java.lang.Thread.State: TIMED_WAITING
        at sun.misc.Unsafe.park(Native Method)
        at java.util.concurrent.locks.LockSupport.parkNanos(LockSupport.java:215)
        at java.util.concurrent.locks.AbstractQueuedSynchronizer$ConditionObject.awaitNanos(AbstractQueuedSynchronizer.java:2078)
        at org.eclipse.jetty.util.BlockingArrayQueue.poll(BlockingArrayQueue.java:382)
        at org.eclipse.jetty.util.thread.QueuedThreadPool$Runner.idleJobPoll(QueuedThreadPool.java:974)
        at org.eclipse.jetty.util.thread.QueuedThreadPool$Runner.run(QueuedThreadPool.java:1018)
        at java.lang.Thread.run(Thread.java:750)
"Datanode ReportManager Thread - 0" daemon prio=5 tid=291 in Object.wait()
java.lang.Thread.State: WAITING (on object monitor)
        at sun.misc.Unsafe.park(Native Method)
        at java.util.concurrent.locks.LockSupport.park(LockSupport.java:175)
        at java.util.concurrent.locks.AbstractQueuedSynchronizer$ConditionObject.await(AbstractQueuedSynchronizer.java:2039)
        at java.util.concurrent.ScheduledThreadPoolExecutor$DelayedWorkQueue.take(ScheduledThreadPoolExecutor.java:1088)
        at java.util.concurrent.ScheduledThreadPoolExecutor$DelayedWorkQueue.take(ScheduledThreadPoolExecutor.java:809)
        at java.util.concurrent.ThreadPoolExecutor.getTask(ThreadPoolExecutor.java:1074)
        at java.util.concurrent.ThreadPoolExecutor.runWorker(ThreadPoolExecutor.java:1134)
        at java.util.concurrent.ThreadPoolExecutor$Worker.run(ThreadPoolExecutor.java:624)
        at java.lang.Thread.run(Thread.java:750)
"grpc-default-executor-0" daemon prio=5 tid=380 timed_waiting
java.lang.Thread.State: TIMED_WAITING
        at sun.misc.Unsafe.park(Native Method)
        at java.util.concurrent.locks.LockSupport.parkNanos(LockSupport.java:215)
        at java.util.concurrent.SynchronousQueue$TransferStack.awaitFulfill(SynchronousQueue.java:460)
        at java.util.concurrent.SynchronousQueue$TransferStack.transfer(SynchronousQueue.java:362)
        at java.util.concurrent.SynchronousQueue.poll(SynchronousQueue.java:941)
        at java.util.concurrent.ThreadPoolExecutor.getTask(ThreadPoolExecutor.java:1073)
        at java.util.concurrent.ThreadPoolExecutor.runWorker(ThreadPoolExecutor.java:1134)
        at java.util.concurrent.ThreadPoolExecutor$Worker.run(ThreadPoolExecutor.java:624)
        at java.lang.Thread.run(Thread.java:750)
"d2433786-0171-4e17-9e3a-b12e44f36186@group-82E7BC7988F3-LeaderStateImpl" daemon prio=5 tid=426 timed_waiting
java.lang.Thread.State: TIMED_WAITING
        at sun.misc.Unsafe.park(Native Method)
        at java.util.concurrent.locks.LockSupport.parkNanos(LockSupport.java:215)
        at java.util.concurrent.locks.AbstractQueuedSynchronizer$ConditionObject.awaitNanos(AbstractQueuedSynchronizer.java:2078)
        at java.util.concurrent.ArrayBlockingQueue.poll(ArrayBlockingQueue.java:418)
        at org.apache.ratis.server.impl.LeaderStateImpl$EventQueue.poll(LeaderStateImpl.java:159)
        at org.apache.ratis.server.impl.LeaderStateImpl$EventProcessor.run(LeaderStateImpl.java:630)
"Datanode State Machine Task Thread - 0"  prio=5 tid=192 in Object.wait()
java.lang.Thread.State: WAITING (on object monitor)
        at sun.misc.Unsafe.park(Native Method)
        at java.util.concurrent.locks.LockSupport.park(LockSupport.java:175)
        at java.util.concurrent.locks.AbstractQueuedSynchronizer$ConditionObject.await(AbstractQueuedSynchronizer.java:2039)
        at java.util.concurrent.LinkedBlockingQueue.take(LinkedBlockingQueue.java:442)
        at java.util.concurrent.ThreadPoolExecutor.getTask(ThreadPoolExecutor.java:1074)
        at java.util.concurrent.ThreadPoolExecutor.runWorker(ThreadPoolExecutor.java:1134)
        at java.util.concurrent.ThreadPoolExecutor$Worker.run(ThreadPoolExecutor.java:624)
        at java.lang.Thread.run(Thread.java:750)
"IPC Server handler 4 on default port 43477" daemon prio=5 tid=61 timed_waiting
java.lang.Thread.State: TIMED_WAITING
        at sun.misc.Unsafe.park(Native Method)
        at java.util.concurrent.locks.LockSupport.parkNanos(LockSupport.java:215)
        at java.util.concurrent.locks.AbstractQueuedSynchronizer$ConditionObject.awaitNanos(AbstractQueuedSynchronizer.java:2078)
        at java.util.concurrent.LinkedBlockingQueue.poll(LinkedBlockingQueue.java:467)
        at org.apache.hadoop.ipc.CallQueueManager.take(CallQueueManager.java:317)
        at org.apache.hadoop.ipc.Server$Handler.run(Server.java:2932)
"IPC Server handler 5 on default port 35175" daemon prio=5 tid=149 timed_waiting
java.lang.Thread.State: TIMED_WAITING
        at sun.misc.Unsafe.park(Native Method)
        at java.util.concurrent.locks.LockSupport.parkNanos(LockSupport.java:215)
        at java.util.concurrent.locks.AbstractQueuedSynchronizer$ConditionObject.awaitNanos(AbstractQueuedSynchronizer.java:2078)
        at java.util.concurrent.LinkedBlockingQueue.poll(LinkedBlockingQueue.java:467)
        at org.apache.hadoop.ipc.CallQueueManager.take(CallQueueManager.java:317)
        at org.apache.hadoop.ipc.Server$Handler.run(Server.java:2932)
"Session-HouseKeeper-14676d59-1"  prio=5 tid=143 timed_waiting
java.lang.Thread.State: TIMED_WAITING
        at sun.misc.Unsafe.park(Native Method)
        at java.util.concurrent.locks.LockSupport.parkNanos(LockSupport.java:215)
        at java.util.concurrent.locks.AbstractQueuedSynchronizer$ConditionObject.awaitNanos(AbstractQueuedSynchronizer.java:2078)
        at java.util.concurrent.ScheduledThreadPoolExecutor$DelayedWorkQueue.take(ScheduledThreadPoolExecutor.java:1093)
        at java.util.concurrent.ScheduledThreadPoolExecutor$DelayedWorkQueue.take(ScheduledThreadPoolExecutor.java:809)
        at java.util.concurrent.ThreadPoolExecutor.getTask(ThreadPoolExecutor.java:1074)
        at java.util.concurrent.ThreadPoolExecutor.runWorker(ThreadPoolExecutor.java:1134)
        at java.util.concurrent.ThreadPoolExecutor$Worker.run(ThreadPoolExecutor.java:624)
        at java.lang.Thread.run(Thread.java:750)
"qtp24682673-258" daemon prio=5 tid=258 timed_waiting
java.lang.Thread.State: TIMED_WAITING
        at sun.misc.Unsafe.park(Native Method)
        at java.util.concurrent.locks.LockSupport.parkNanos(LockSupport.java:215)
        at java.util.concurrent.locks.AbstractQueuedSynchronizer$ConditionObject.awaitNanos(AbstractQueuedSynchronizer.java:2078)
        at org.eclipse.jetty.util.BlockingArrayQueue.poll(BlockingArrayQueue.java:382)
        at org.eclipse.jetty.util.thread.QueuedThreadPool$Runner.idleJobPoll(QueuedThreadPool.java:974)
        at org.eclipse.jetty.util.thread.QueuedThreadPool$Runner.run(QueuedThreadPool.java:1018)
        at java.lang.Thread.run(Thread.java:750)
"Datanode ReportManager Thread - 3" daemon prio=5 tid=188 in Object.wait()
java.lang.Thread.State: WAITING (on object monitor)
        at sun.misc.Unsafe.park(Native Method)
        at java.util.concurrent.locks.LockSupport.park(LockSupport.java:175)
        at java.util.concurrent.locks.AbstractQueuedSynchronizer$ConditionObject.await(AbstractQueuedSynchronizer.java:2039)
        at java.util.concurrent.ScheduledThreadPoolExecutor$DelayedWorkQueue.take(ScheduledThreadPoolExecutor.java:1088)
        at java.util.concurrent.ScheduledThreadPoolExecutor$DelayedWorkQueue.take(ScheduledThreadPoolExecutor.java:809)
        at java.util.concurrent.ThreadPoolExecutor.getTask(ThreadPoolExecutor.java:1074)
        at java.util.concurrent.ThreadPoolExecutor.runWorker(ThreadPoolExecutor.java:1134)
        at java.util.concurrent.ThreadPoolExecutor$Worker.run(ThreadPoolExecutor.java:624)
        at java.lang.Thread.run(Thread.java:750)
"Session-HouseKeeper-2a178b15-1"  prio=5 tid=263 timed_waiting
java.lang.Thread.State: TIMED_WAITING
        at sun.misc.Unsafe.park(Native Method)
        at java.util.concurrent.locks.LockSupport.parkNanos(LockSupport.java:215)
        at java.util.concurrent.locks.AbstractQueuedSynchronizer$ConditionObject.awaitNanos(AbstractQueuedSynchronizer.java:2078)
        at java.util.concurrent.ScheduledThreadPoolExecutor$DelayedWorkQueue.take(ScheduledThreadPoolExecutor.java:1093)
        at java.util.concurrent.ScheduledThreadPoolExecutor$DelayedWorkQueue.take(ScheduledThreadPoolExecutor.java:809)
        at java.util.concurrent.ThreadPoolExecutor.getTask(ThreadPoolExecutor.java:1074)
        at java.util.concurrent.ThreadPoolExecutor.runWorker(ThreadPoolExecutor.java:1134)
        at java.util.concurrent.ThreadPoolExecutor$Worker.run(ThreadPoolExecutor.java:624)
        at java.lang.Thread.run(Thread.java:750)
"IPC Client (970211863) connection to /0.0.0.0:46105 from runner" daemon prio=5 tid=301 timed_waiting
java.lang.Thread.State: TIMED_WAITING
        at java.lang.Object.wait(Native Method)
        at org.apache.hadoop.ipc.Client$Connection.waitForWork(Client.java:1053)
        at org.apache.hadoop.ipc.Client$Connection.run(Client.java:1097)
"qtp1658655896-175" daemon prio=5 tid=175 runnable
java.lang.Thread.State: RUNNABLE
        at sun.nio.ch.EPollArrayWrapper.epollWait(Native Method)
        at sun.nio.ch.EPollArrayWrapper.poll(EPollArrayWrapper.java:269)
        at sun.nio.ch.EPollSelectorImpl.doSelect(EPollSelectorImpl.java:93)
        at sun.nio.ch.SelectorImpl.lockAndDoSelect(SelectorImpl.java:86)
        at sun.nio.ch.SelectorImpl.select(SelectorImpl.java:97)
        at sun.nio.ch.SelectorImpl.select(SelectorImpl.java:101)
        at org.eclipse.jetty.io.ManagedSelector.nioSelect(ManagedSelector.java:183)
        at org.eclipse.jetty.io.ManagedSelector.select(ManagedSelector.java:190)
        at org.eclipse.jetty.io.ManagedSelector$SelectorProducer.select(ManagedSelector.java:606)
        at org.eclipse.jetty.io.ManagedSelector$SelectorProducer.produce(ManagedSelector.java:543)
        at org.eclipse.jetty.util.thread.strategy.EatWhatYouKill.produceTask(EatWhatYouKill.java:362)
        at org.eclipse.jetty.util.thread.strategy.EatWhatYouKill.doProduce(EatWhatYouKill.java:186)
        at org.eclipse.jetty.util.thread.strategy.EatWhatYouKill.tryProduce(EatWhatYouKill.java:173)
        at org.eclipse.jetty.util.thread.strategy.EatWhatYouKill.produce(EatWhatYouKill.java:137)
        at org.eclipse.jetty.io.ManagedSelector$$Lambda$392/1243911696.run(Unknown Source)
        at org.eclipse.jetty.util.thread.QueuedThreadPool.runJob(QueuedThreadPool.java:883)
        at org.eclipse.jetty.util.thread.QueuedThreadPool$Runner.run(QueuedThreadPool.java:1034)
        at java.lang.Thread.run(Thread.java:750)
"Periodic HDDS volume checker" daemon prio=5 tid=248 timed_waiting
java.lang.Thread.State: TIMED_WAITING
        at sun.misc.Unsafe.park(Native Method)
        at java.util.concurrent.locks.LockSupport.parkNanos(LockSupport.java:215)
        at java.util.concurrent.locks.AbstractQueuedSynchronizer$ConditionObject.awaitNanos(AbstractQueuedSynchronizer.java:2078)
        at java.util.concurrent.ScheduledThreadPoolExecutor$DelayedWorkQueue.take(ScheduledThreadPoolExecutor.java:1093)
        at java.util.concurrent.ScheduledThreadPoolExecutor$DelayedWorkQueue.take(ScheduledThreadPoolExecutor.java:809)
        at java.util.concurrent.ThreadPoolExecutor.getTask(ThreadPoolExecutor.java:1074)
        at java.util.concurrent.ThreadPoolExecutor.runWorker(ThreadPoolExecutor.java:1134)
        at java.util.concurrent.ThreadPoolExecutor$Worker.run(ThreadPoolExecutor.java:624)
        at java.lang.Thread.run(Thread.java:750)
"StaleRecoveringContainerScrubbingService#2" daemon prio=5 tid=687 in Object.wait()
java.lang.Thread.State: WAITING (on object monitor)
        at sun.misc.Unsafe.park(Native Method)
        at java.util.concurrent.locks.LockSupport.park(LockSupport.java:175)
        at java.util.concurrent.locks.AbstractQueuedSynchronizer$ConditionObject.await(AbstractQueuedSynchronizer.java:2039)
        at java.util.concurrent.ScheduledThreadPoolExecutor$DelayedWorkQueue.take(ScheduledThreadPoolExecutor.java:1088)
        at java.util.concurrent.ScheduledThreadPoolExecutor$DelayedWorkQueue.take(ScheduledThreadPoolExecutor.java:809)
        at java.util.concurrent.ThreadPoolExecutor.getTask(ThreadPoolExecutor.java:1074)
        at java.util.concurrent.ThreadPoolExecutor.runWorker(ThreadPoolExecutor.java:1134)
        at java.util.concurrent.ThreadPoolExecutor$Worker.run(ThreadPoolExecutor.java:624)
        at java.lang.Thread.run(Thread.java:750)
"qtp209381734-282-acceptor-0@6465466f-ServerConnector@74a0d8a{HTTP/1.1, (http/1.1)}{0.0.0.0:38445}" daemon prio=3 tid=282 runnable
java.lang.Thread.State: RUNNABLE
        at sun.nio.ch.ServerSocketChannelImpl.accept0(Native Method)
        at sun.nio.ch.ServerSocketChannelImpl.accept(ServerSocketChannelImpl.java:421)
        at sun.nio.ch.ServerSocketChannelImpl.accept(ServerSocketChannelImpl.java:249)
        at org.eclipse.jetty.server.ServerConnector.accept(ServerConnector.java:388)
        at org.eclipse.jetty.server.AbstractConnector$Acceptor.run(AbstractConnector.java:702)
        at org.eclipse.jetty.util.thread.QueuedThreadPool.runJob(QueuedThreadPool.java:883)
        at org.eclipse.jetty.util.thread.QueuedThreadPool$Runner.run(QueuedThreadPool.java:1034)
        at java.lang.Thread.run(Thread.java:750)
"ContainerOp-11a09448-7cda-4d49-9fe8-abfecfd9e082-3"  prio=5 tid=513 in Object.wait()
java.lang.Thread.State: WAITING (on object monitor)
        at sun.misc.Unsafe.park(Native Method)
        at java.util.concurrent.locks.LockSupport.park(LockSupport.java:175)
        at java.util.concurrent.locks.AbstractQueuedSynchronizer$ConditionObject.await(AbstractQueuedSynchronizer.java:2039)
        at java.util.concurrent.LinkedBlockingQueue.take(LinkedBlockingQueue.java:442)
        at java.util.concurrent.ThreadPoolExecutor.getTask(ThreadPoolExecutor.java:1074)
        at java.util.concurrent.ThreadPoolExecutor.runWorker(ThreadPoolExecutor.java:1134)
        at java.util.concurrent.ThreadPoolExecutor$Worker.run(ThreadPoolExecutor.java:624)
        at java.lang.Thread.run(Thread.java:750)
"qtp24682673-255" daemon prio=5 tid=255 runnable
java.lang.Thread.State: RUNNABLE
        at sun.nio.ch.EPollArrayWrapper.epollWait(Native Method)
        at sun.nio.ch.EPollArrayWrapper.poll(EPollArrayWrapper.java:269)
        at sun.nio.ch.EPollSelectorImpl.doSelect(EPollSelectorImpl.java:93)
        at sun.nio.ch.SelectorImpl.lockAndDoSelect(SelectorImpl.java:86)
        at sun.nio.ch.SelectorImpl.select(SelectorImpl.java:97)
        at sun.nio.ch.SelectorImpl.select(SelectorImpl.java:101)
        at org.eclipse.jetty.io.ManagedSelector.nioSelect(ManagedSelector.java:183)
        at org.eclipse.jetty.io.ManagedSelector.select(ManagedSelector.java:190)
        at org.eclipse.jetty.io.ManagedSelector$SelectorProducer.select(ManagedSelector.java:606)
        at org.eclipse.jetty.io.ManagedSelector$SelectorProducer.produce(ManagedSelector.java:543)
        at org.eclipse.jetty.util.thread.strategy.EatWhatYouKill.produceTask(EatWhatYouKill.java:362)
        at org.eclipse.jetty.util.thread.strategy.EatWhatYouKill.doProduce(EatWhatYouKill.java:186)
        at org.eclipse.jetty.util.thread.strategy.EatWhatYouKill.tryProduce(EatWhatYouKill.java:173)
        at org.eclipse.jetty.util.thread.strategy.EatWhatYouKill.produce(EatWhatYouKill.java:137)
        at org.eclipse.jetty.io.ManagedSelector$$Lambda$392/1243911696.run(Unknown Source)
        at org.eclipse.jetty.util.thread.QueuedThreadPool.runJob(QueuedThreadPool.java:883)
        at org.eclipse.jetty.util.thread.QueuedThreadPool$Runner.run(QueuedThreadPool.java:1034)
        at java.lang.Thread.run(Thread.java:750)
"IPC Server idle connection scanner for port 35175" daemon prio=5 tid=124 timed_waiting
java.lang.Thread.State: TIMED_WAITING
        at java.lang.Object.wait(Native Method)
        at java.util.TimerThread.mainLoop(Timer.java:552)
        at java.util.TimerThread.run(Timer.java:505)
"grpc-default-worker-ELG-3-1" daemon prio=5 tid=379 runnable
java.lang.Thread.State: RUNNABLE
        at org.apache.ratis.thirdparty.io.netty.channel.epoll.Native.epollWait(Native Method)
        at org.apache.ratis.thirdparty.io.netty.channel.epoll.Native.epollWait(Native.java:193)
        at org.apache.ratis.thirdparty.io.netty.channel.epoll.Native.epollWait(Native.java:186)
        at org.apache.ratis.thirdparty.io.netty.channel.epoll.EpollEventLoop.epollWaitNoTimerChange(EpollEventLoop.java:290)
        at org.apache.ratis.thirdparty.io.netty.channel.epoll.EpollEventLoop.run(EpollEventLoop.java:347)
        at org.apache.ratis.thirdparty.io.netty.util.concurrent.SingleThreadEventExecutor$4.run(SingleThreadEventExecutor.java:986)
        at org.apache.ratis.thirdparty.io.netty.util.internal.ThreadExecutorMap$2.run(ThreadExecutorMap.java:74)
        at org.apache.ratis.thirdparty.io.netty.util.concurrent.FastThreadLocalRunnable.run(FastThreadLocalRunnable.java:30)
        at java.lang.Thread.run(Thread.java:750)
"BlockDeletingService#2" daemon prio=5 tid=684 in Object.wait()
java.lang.Thread.State: WAITING (on object monitor)
        at sun.misc.Unsafe.park(Native Method)
        at java.util.concurrent.locks.LockSupport.park(LockSupport.java:175)
        at java.util.concurrent.locks.AbstractQueuedSynchronizer$ConditionObject.await(AbstractQueuedSynchronizer.java:2039)
        at java.util.concurrent.ScheduledThreadPoolExecutor$DelayedWorkQueue.take(ScheduledThreadPoolExecutor.java:1088)
        at java.util.concurrent.ScheduledThreadPoolExecutor$DelayedWorkQueue.take(ScheduledThreadPoolExecutor.java:809)
        at java.util.concurrent.ThreadPoolExecutor.getTask(ThreadPoolExecutor.java:1074)
        at java.util.concurrent.ThreadPoolExecutor.runWorker(ThreadPoolExecutor.java:1134)
        at java.util.concurrent.ThreadPoolExecutor$Worker.run(ThreadPoolExecutor.java:624)
        at java.lang.Thread.run(Thread.java:750)
"EventQueue-DatanodeCommandForSCMNodeManager"  prio=5 tid=366 in Object.wait()
java.lang.Thread.State: WAITING (on object monitor)
        at sun.misc.Unsafe.park(Native Method)
        at java.util.concurrent.locks.LockSupport.park(LockSupport.java:175)
        at java.util.concurrent.locks.AbstractQueuedSynchronizer$ConditionObject.await(AbstractQueuedSynchronizer.java:2039)
        at java.util.concurrent.LinkedBlockingQueue.take(LinkedBlockingQueue.java:442)
        at java.util.concurrent.ThreadPoolExecutor.getTask(ThreadPoolExecutor.java:1074)
        at java.util.concurrent.ThreadPoolExecutor.runWorker(ThreadPoolExecutor.java:1134)
        at java.util.concurrent.ThreadPoolExecutor$Worker.run(ThreadPoolExecutor.java:624)
        at java.lang.Thread.run(Thread.java:750)
"prometheus" daemon prio=5 tid=109 in Object.wait()
java.lang.Thread.State: WAITING (on object monitor)
        at java.lang.Object.wait(Native Method)
        at java.lang.Object.wait(Object.java:502)
        at org.apache.hadoop.metrics2.impl.SinkQueue.waitForData(SinkQueue.java:114)
        at org.apache.hadoop.metrics2.impl.SinkQueue.consumeAll(SinkQueue.java:83)
        at org.apache.hadoop.metrics2.impl.MetricsSinkAdapter.publishMetricsFromQueue(MetricsSinkAdapter.java:135)
        at org.apache.hadoop.metrics2.impl.MetricsSinkAdapter$1.run(MetricsSinkAdapter.java:89)
"ContainerOp-11a09448-7cda-4d49-9fe8-abfecfd9e082-3"  prio=5 tid=516 in Object.wait()
java.lang.Thread.State: WAITING (on object monitor)
        at sun.misc.Unsafe.park(Native Method)
        at java.util.concurrent.locks.LockSupport.park(LockSupport.java:175)
        at java.util.concurrent.locks.AbstractQueuedSynchronizer$ConditionObject.await(AbstractQueuedSynchronizer.java:2039)
        at java.util.concurrent.LinkedBlockingQueue.take(LinkedBlockingQueue.java:442)
        at java.util.concurrent.ThreadPoolExecutor.getTask(ThreadPoolExecutor.java:1074)
        at java.util.concurrent.ThreadPoolExecutor.runWorker(ThreadPoolExecutor.java:1134)
        at java.util.concurrent.ThreadPoolExecutor$Worker.run(ThreadPoolExecutor.java:624)
        at java.lang.Thread.run(Thread.java:750)
"IPC Server handler 14 on default port 39603" daemon prio=5 tid=51 timed_waiting
java.lang.Thread.State: TIMED_WAITING
        at sun.misc.Unsafe.park(Native Method)
        at java.util.concurrent.locks.LockSupport.parkNanos(LockSupport.java:215)
        at java.util.concurrent.locks.AbstractQueuedSynchronizer$ConditionObject.awaitNanos(AbstractQueuedSynchronizer.java:2078)
        at java.util.concurrent.LinkedBlockingQueue.poll(LinkedBlockingQueue.java:467)
        at org.apache.hadoop.ipc.CallQueueManager.take(CallQueueManager.java:317)
        at org.apache.hadoop.ipc.Server$Handler.run(Server.java:2932)
"ContainerOp-11a09448-7cda-4d49-9fe8-abfecfd9e082-9"  prio=5 tid=553 in Object.wait()
java.lang.Thread.State: WAITING (on object monitor)
        at sun.misc.Unsafe.park(Native Method)
        at java.util.concurrent.locks.LockSupport.park(LockSupport.java:175)
        at java.util.concurrent.locks.AbstractQueuedSynchronizer$ConditionObject.await(AbstractQueuedSynchronizer.java:2039)
        at java.util.concurrent.LinkedBlockingQueue.take(LinkedBlockingQueue.java:442)
        at java.util.concurrent.ThreadPoolExecutor.getTask(ThreadPoolExecutor.java:1074)
        at java.util.concurrent.ThreadPoolExecutor.runWorker(ThreadPoolExecutor.java:1134)
        at java.util.concurrent.ThreadPoolExecutor$Worker.run(ThreadPoolExecutor.java:624)
        at java.lang.Thread.run(Thread.java:750)
"IPC Server listener on 0" daemon prio=5 tid=27 runnable
java.lang.Thread.State: RUNNABLE
        at sun.nio.ch.EPollArrayWrapper.epollWait(Native Method)
        at sun.nio.ch.EPollArrayWrapper.poll(EPollArrayWrapper.java:269)
        at sun.nio.ch.EPollSelectorImpl.doSelect(EPollSelectorImpl.java:93)
        at sun.nio.ch.SelectorImpl.lockAndDoSelect(SelectorImpl.java:86)
        at sun.nio.ch.SelectorImpl.select(SelectorImpl.java:97)
        at sun.nio.ch.SelectorImpl.select(SelectorImpl.java:101)
        at org.apache.hadoop.ipc.Server$Listener.run(Server.java:1350)
"Datanode ReportManager Thread - 1" daemon prio=5 tid=292 in Object.wait()
java.lang.Thread.State: WAITING (on object monitor)
        at sun.misc.Unsafe.park(Native Method)
        at java.util.concurrent.locks.LockSupport.park(LockSupport.java:175)
        at java.util.concurrent.locks.AbstractQueuedSynchronizer$ConditionObject.await(AbstractQueuedSynchronizer.java:2039)
        at java.util.concurrent.ScheduledThreadPoolExecutor$DelayedWorkQueue.take(ScheduledThreadPoolExecutor.java:1088)
        at java.util.concurrent.ScheduledThreadPoolExecutor$DelayedWorkQueue.take(ScheduledThreadPoolExecutor.java:809)
        at java.util.concurrent.ThreadPoolExecutor.getTask(ThreadPoolExecutor.java:1074)
        at java.util.concurrent.ThreadPoolExecutor.runWorker(ThreadPoolExecutor.java:1134)
        at java.util.concurrent.ThreadPoolExecutor$Worker.run(ThreadPoolExecutor.java:624)
        at java.lang.Thread.run(Thread.java:750)
"qtp1658655896-178" daemon prio=5 tid=178 timed_waiting
java.lang.Thread.State: TIMED_WAITING
        at sun.misc.Unsafe.park(Native Method)
        at java.util.concurrent.locks.LockSupport.parkNanos(LockSupport.java:215)
        at java.util.concurrent.locks.AbstractQueuedSynchronizer$ConditionObject.awaitNanos(AbstractQueuedSynchronizer.java:2078)
        at org.eclipse.jetty.util.BlockingArrayQueue.poll(BlockingArrayQueue.java:382)
        at org.eclipse.jetty.util.thread.QueuedThreadPool$Runner.idleJobPoll(QueuedThreadPool.java:974)
        at org.eclipse.jetty.util.thread.QueuedThreadPool$Runner.run(QueuedThreadPool.java:1018)
        at java.lang.Thread.run(Thread.java:750)
"StaleRecoveringContainerScrubbingService#0" daemon prio=5 tid=309 timed_waiting
java.lang.Thread.State: TIMED_WAITING
        at sun.misc.Unsafe.park(Native Method)
        at java.util.concurrent.locks.LockSupport.parkNanos(LockSupport.java:215)
        at java.util.concurrent.locks.AbstractQueuedSynchronizer$ConditionObject.awaitNanos(AbstractQueuedSynchronizer.java:2078)
        at java.util.concurrent.ScheduledThreadPoolExecutor$DelayedWorkQueue.take(ScheduledThreadPoolExecutor.java:1093)
        at java.util.concurrent.ScheduledThreadPoolExecutor$DelayedWorkQueue.take(ScheduledThreadPoolExecutor.java:809)
        at java.util.concurrent.ThreadPoolExecutor.getTask(ThreadPoolExecutor.java:1074)
        at java.util.concurrent.ThreadPoolExecutor.runWorker(ThreadPoolExecutor.java:1134)
        at java.util.concurrent.ThreadPoolExecutor$Worker.run(ThreadPoolExecutor.java:624)
        at java.lang.Thread.run(Thread.java:750)
"CommandWatcher-LeaseManager#LeaseMonitor" daemon prio=5 tid=36 timed_waiting
java.lang.Thread.State: TIMED_WAITING
        at java.lang.Object.wait(Native Method)
        at org.apache.hadoop.ozone.lease.LeaseManager$LeaseMonitor.run(LeaseManager.java:238)
        at java.lang.Thread.run(Thread.java:750)
"ContainerOp-11a09448-7cda-4d49-9fe8-abfecfd9e082-2"  prio=5 tid=505 in Object.wait()
java.lang.Thread.State: WAITING (on object monitor)
        at sun.misc.Unsafe.park(Native Method)
        at java.util.concurrent.locks.LockSupport.park(LockSupport.java:175)
        at java.util.concurrent.locks.AbstractQueuedSynchronizer$ConditionObject.await(AbstractQueuedSynchronizer.java:2039)
        at java.util.concurrent.LinkedBlockingQueue.take(LinkedBlockingQueue.java:442)
        at java.util.concurrent.ThreadPoolExecutor.getTask(ThreadPoolExecutor.java:1074)
        at java.util.concurrent.ThreadPoolExecutor.runWorker(ThreadPoolExecutor.java:1134)
        at java.util.concurrent.ThreadPoolExecutor$Worker.run(ThreadPoolExecutor.java:624)
        at java.lang.Thread.run(Thread.java:750)
"qtp1357174989-102" daemon prio=5 tid=102 timed_waiting
java.lang.Thread.State: TIMED_WAITING
        at sun.misc.Unsafe.park(Native Method)
        at java.util.concurrent.locks.LockSupport.parkNanos(LockSupport.java:215)
        at java.util.concurrent.locks.AbstractQueuedSynchronizer$ConditionObject.awaitNanos(AbstractQueuedSynchronizer.java:2078)
        at org.eclipse.jetty.util.BlockingArrayQueue.poll(BlockingArrayQueue.java:382)
        at org.eclipse.jetty.util.thread.QueuedThreadPool$Runner.idleJobPoll(QueuedThreadPool.java:974)
        at org.eclipse.jetty.util.thread.QueuedThreadPool$Runner.run(QueuedThreadPool.java:1018)
        at java.lang.Thread.run(Thread.java:750)
"IPC Server handler 9 on default port 46105" daemon prio=5 tid=86 timed_waiting
java.lang.Thread.State: TIMED_WAITING
        at sun.misc.Unsafe.park(Native Method)
        at java.util.concurrent.locks.LockSupport.parkNanos(LockSupport.java:215)
        at java.util.concurrent.locks.AbstractQueuedSynchronizer$ConditionObject.awaitNanos(AbstractQueuedSynchronizer.java:2078)
        at java.util.concurrent.LinkedBlockingQueue.poll(LinkedBlockingQueue.java:467)
        at org.apache.hadoop.ipc.CallQueueManager.take(CallQueueManager.java:317)
        at org.apache.hadoop.ipc.Server$Handler.run(Server.java:2932)
"qtp868128251-233" daemon prio=5 tid=233 timed_waiting
java.lang.Thread.State: TIMED_WAITING
        at sun.misc.Unsafe.park(Native Method)
        at java.util.concurrent.locks.LockSupport.parkNanos(LockSupport.java:215)
        at java.util.concurrent.locks.AbstractQueuedSynchronizer$ConditionObject.awaitNanos(AbstractQueuedSynchronizer.java:2078)
        at org.eclipse.jetty.util.BlockingArrayQueue.poll(BlockingArrayQueue.java:382)
        at org.eclipse.jetty.util.thread.QueuedThreadPool$Runner.idleJobPoll(QueuedThreadPool.java:974)
        at org.eclipse.jetty.util.thread.QueuedThreadPool$Runner.run(QueuedThreadPool.java:1018)
        at java.lang.Thread.run(Thread.java:750)
"OpenKeyCleanupService#0" daemon prio=5 tid=133 timed_waiting
java.lang.Thread.State: TIMED_WAITING
        at sun.misc.Unsafe.park(Native Method)
        at java.util.concurrent.locks.LockSupport.parkNanos(LockSupport.java:215)
        at java.util.concurrent.locks.AbstractQueuedSynchronizer$ConditionObject.awaitNanos(AbstractQueuedSynchronizer.java:2078)
        at java.util.concurrent.ScheduledThreadPoolExecutor$DelayedWorkQueue.take(ScheduledThreadPoolExecutor.java:1093)
        at java.util.concurrent.ScheduledThreadPoolExecutor$DelayedWorkQueue.take(ScheduledThreadPoolExecutor.java:809)
        at java.util.concurrent.ThreadPoolExecutor.getTask(ThreadPoolExecutor.java:1074)
        at java.util.concurrent.ThreadPoolExecutor.runWorker(ThreadPoolExecutor.java:1134)
        at java.util.concurrent.ThreadPoolExecutor$Worker.run(ThreadPoolExecutor.java:624)
        at java.lang.Thread.run(Thread.java:750)
"Socket Reader #1 for port 0"  prio=5 tid=32 runnable
java.lang.Thread.State: RUNNABLE
        at sun.nio.ch.EPollArrayWrapper.epollWait(Native Method)
        at sun.nio.ch.EPollArrayWrapper.poll(EPollArrayWrapper.java:269)
        at sun.nio.ch.EPollSelectorImpl.doSelect(EPollSelectorImpl.java:93)
        at sun.nio.ch.SelectorImpl.lockAndDoSelect(SelectorImpl.java:86)
        at sun.nio.ch.SelectorImpl.select(SelectorImpl.java:97)
        at sun.nio.ch.SelectorImpl.select(SelectorImpl.java:101)
        at org.apache.hadoop.ipc.Server$Listener$Reader.doRunLoop(Server.java:1288)
        at org.apache.hadoop.ipc.Server$Listener$Reader.run(Server.java:1267)
"ContainerOp-11a09448-7cda-4d49-9fe8-abfecfd9e082-7"  prio=5 tid=540 in Object.wait()
java.lang.Thread.State: WAITING (on object monitor)
        at sun.misc.Unsafe.park(Native Method)
        at java.util.concurrent.locks.LockSupport.park(LockSupport.java:175)
        at java.util.concurrent.locks.AbstractQueuedSynchronizer$ConditionObject.await(AbstractQueuedSynchronizer.java:2039)
        at java.util.concurrent.LinkedBlockingQueue.take(LinkedBlockingQueue.java:442)
        at java.util.concurrent.ThreadPoolExecutor.getTask(ThreadPoolExecutor.java:1074)
        at java.util.concurrent.ThreadPoolExecutor.runWorker(ThreadPoolExecutor.java:1134)
        at java.util.concurrent.ThreadPoolExecutor$Worker.run(ThreadPoolExecutor.java:624)
        at java.lang.Thread.run(Thread.java:750)
"IPC Server handler 10 on default port 46105" daemon prio=5 tid=87 timed_waiting
java.lang.Thread.State: TIMED_WAITING
        at sun.misc.Unsafe.park(Native Method)
        at java.util.concurrent.locks.LockSupport.parkNanos(LockSupport.java:215)
        at java.util.concurrent.locks.AbstractQueuedSynchronizer$ConditionObject.awaitNanos(AbstractQueuedSynchronizer.java:2078)
        at java.util.concurrent.LinkedBlockingQueue.poll(LinkedBlockingQueue.java:467)
        at org.apache.hadoop.ipc.CallQueueManager.take(CallQueueManager.java:317)
        at org.apache.hadoop.ipc.Server$Handler.run(Server.java:2932)
"IPC Server Responder" daemon prio=5 tid=34 runnable
java.lang.Thread.State: RUNNABLE
        at sun.nio.ch.EPollArrayWrapper.epollWait(Native Method)
        at sun.nio.ch.EPollArrayWrapper.poll(EPollArrayWrapper.java:269)
        at sun.nio.ch.EPollSelectorImpl.doSelect(EPollSelectorImpl.java:93)
        at sun.nio.ch.SelectorImpl.lockAndDoSelect(SelectorImpl.java:86)
        at sun.nio.ch.SelectorImpl.select(SelectorImpl.java:97)
        at org.apache.hadoop.ipc.Server$Responder.doRunLoop(Server.java:1527)
        at org.apache.hadoop.ipc.Server$Responder.run(Server.java:1510)
"qtp24682673-260" daemon prio=5 tid=260 timed_waiting
java.lang.Thread.State: TIMED_WAITING
        at sun.misc.Unsafe.park(Native Method)
        at java.util.concurrent.locks.LockSupport.parkNanos(LockSupport.java:215)
        at java.util.concurrent.locks.AbstractQueuedSynchronizer$ConditionObject.awaitNanos(AbstractQueuedSynchronizer.java:2078)
        at org.eclipse.jetty.util.BlockingArrayQueue.poll(BlockingArrayQueue.java:382)
        at org.eclipse.jetty.util.thread.QueuedThreadPool$Runner.idleJobPoll(QueuedThreadPool.java:974)
        at org.eclipse.jetty.util.thread.QueuedThreadPool$Runner.run(QueuedThreadPool.java:1018)
        at java.lang.Thread.run(Thread.java:750)
"qtp658634349-207" daemon prio=5 tid=207 timed_waiting
java.lang.Thread.State: TIMED_WAITING
        at sun.misc.Unsafe.park(Native Method)
        at java.util.concurrent.locks.LockSupport.parkNanos(LockSupport.java:215)
        at java.util.concurrent.locks.AbstractQueuedSynchronizer$ConditionObject.awaitNanos(AbstractQueuedSynchronizer.java:2078)
        at org.eclipse.jetty.util.BlockingArrayQueue.poll(BlockingArrayQueue.java:382)
        at org.eclipse.jetty.util.thread.QueuedThreadPool$Runner.idleJobPoll(QueuedThreadPool.java:974)
        at org.eclipse.jetty.util.thread.QueuedThreadPool$Runner.run(QueuedThreadPool.java:1018)
        at java.lang.Thread.run(Thread.java:750)
"Datanode ReportManager Thread - 4" daemon prio=5 tid=189 timed_waiting
java.lang.Thread.State: TIMED_WAITING
        at sun.misc.Unsafe.park(Native Method)
        at java.util.concurrent.locks.LockSupport.parkNanos(LockSupport.java:215)
        at java.util.concurrent.locks.AbstractQueuedSynchronizer$ConditionObject.awaitNanos(AbstractQueuedSynchronizer.java:2078)
        at java.util.concurrent.ScheduledThreadPoolExecutor$DelayedWorkQueue.take(ScheduledThreadPoolExecutor.java:1093)
        at java.util.concurrent.ScheduledThreadPoolExecutor$DelayedWorkQueue.take(ScheduledThreadPoolExecutor.java:809)
        at java.util.concurrent.ThreadPoolExecutor.getTask(ThreadPoolExecutor.java:1074)
        at java.util.concurrent.ThreadPoolExecutor.runWorker(ThreadPoolExecutor.java:1134)
        at java.util.concurrent.ThreadPoolExecutor$Worker.run(ThreadPoolExecutor.java:624)
        at java.lang.Thread.run(Thread.java:750)
"d2433786-0171-4e17-9e3a-b12e44f36186@group-82E7BC7988F3-SegmentedRaftLogWorker"  prio=5 tid=372 timed_waiting
java.lang.Thread.State: TIMED_WAITING
        at sun.misc.Unsafe.park(Native Method)
        at java.util.concurrent.locks.LockSupport.parkNanos(LockSupport.java:215)
        at java.util.concurrent.locks.AbstractQueuedSynchronizer$ConditionObject.awaitNanos(AbstractQueuedSynchronizer.java:2078)
        at org.apache.ratis.util.DataBlockingQueue.poll(DataBlockingQueue.java:148)
        at org.apache.ratis.server.raftlog.segmented.SegmentedRaftLogWorker.run(SegmentedRaftLogWorker.java:301)
        at org.apache.ratis.server.raftlog.segmented.SegmentedRaftLogWorker$$Lambda$559/530335698.run(Unknown Source)
        at java.lang.Thread.run(Thread.java:750)
"Command processor thread" daemon prio=5 tid=244 timed_waiting
java.lang.Thread.State: TIMED_WAITING
        at java.lang.Thread.sleep(Native Method)
        at org.apache.hadoop.ozone.container.common.statemachine.DatanodeStateMachine.lambda$initCommandHandlerThread$3(DatanodeStateMachine.java:628)
        at org.apache.hadoop.ozone.container.common.statemachine.DatanodeStateMachine$$Lambda$676/1780406170.run(Unknown Source)
        at java.lang.Thread.run(Thread.java:750)
"BlockDeletingService#3" daemon prio=5 tid=785 in Object.wait()
java.lang.Thread.State: WAITING (on object monitor)
        at sun.misc.Unsafe.park(Native Method)
        at java.util.concurrent.locks.LockSupport.park(LockSupport.java:175)
        at java.util.concurrent.locks.AbstractQueuedSynchronizer$ConditionObject.await(AbstractQueuedSynchronizer.java:2039)
        at java.util.concurrent.ScheduledThreadPoolExecutor$DelayedWorkQueue.take(ScheduledThreadPoolExecutor.java:1088)
        at java.util.concurrent.ScheduledThreadPoolExecutor$DelayedWorkQueue.take(ScheduledThreadPoolExecutor.java:809)
        at java.util.concurrent.ThreadPoolExecutor.getTask(ThreadPoolExecutor.java:1074)
        at java.util.concurrent.ThreadPoolExecutor.runWorker(ThreadPoolExecutor.java:1134)
        at java.util.concurrent.ThreadPoolExecutor$Worker.run(ThreadPoolExecutor.java:624)
        at java.lang.Thread.run(Thread.java:750)
"UnderReplicatedQueueThreadThread" daemon prio=5 tid=19 timed_waiting
java.lang.Thread.State: TIMED_WAITING
        at java.lang.Object.wait(Native Method)
        at org.apache.hadoop.hdds.scm.ha.BackgroundSCMService.run(BackgroundSCMService.java:105)
        at org.apache.hadoop.hdds.scm.ha.BackgroundSCMService$$Lambda$318/469391891.run(Unknown Source)
        at java.lang.Thread.run(Thread.java:750)
"Session-HouseKeeper-15e01a72-1"  prio=5 tid=211 timed_waiting
java.lang.Thread.State: TIMED_WAITING
        at sun.misc.Unsafe.park(Native Method)
        at java.util.concurrent.locks.LockSupport.parkNanos(LockSupport.java:215)
        at java.util.concurrent.locks.AbstractQueuedSynchronizer$ConditionObject.awaitNanos(AbstractQueuedSynchronizer.java:2078)
        at java.util.concurrent.ScheduledThreadPoolExecutor$DelayedWorkQueue.take(ScheduledThreadPoolExecutor.java:1093)
        at java.util.concurrent.ScheduledThreadPoolExecutor$DelayedWorkQueue.take(ScheduledThreadPoolExecutor.java:809)
        at java.util.concurrent.ThreadPoolExecutor.getTask(ThreadPoolExecutor.java:1074)
        at java.util.concurrent.ThreadPoolExecutor.runWorker(ThreadPoolExecutor.java:1134)
        at java.util.concurrent.ThreadPoolExecutor$Worker.run(ThreadPoolExecutor.java:624)
        at java.lang.Thread.run(Thread.java:750)
"ChunkWriter-1-0" daemon prio=5 tid=327 in Object.wait()
java.lang.Thread.State: WAITING (on object monitor)
        at sun.misc.Unsafe.park(Native Method)
        at java.util.concurrent.locks.LockSupport.park(LockSupport.java:175)
        at java.util.concurrent.locks.AbstractQueuedSynchronizer$ConditionObject.await(AbstractQueuedSynchronizer.java:2039)
        at java.util.concurrent.LinkedBlockingDeque.takeFirst(LinkedBlockingDeque.java:492)
        at java.util.concurrent.LinkedBlockingDeque.take(LinkedBlockingDeque.java:680)
        at java.util.concurrent.ThreadPoolExecutor.getTask(ThreadPoolExecutor.java:1074)
        at java.util.concurrent.ThreadPoolExecutor.runWorker(ThreadPoolExecutor.java:1134)
        at java.util.concurrent.ThreadPoolExecutor$Worker.run(ThreadPoolExecutor.java:624)
        at java.lang.Thread.run(Thread.java:750)
"ChunkReader-ELG-0" daemon prio=5 tid=343 runnable
java.lang.Thread.State: RUNNABLE
        at org.apache.ratis.thirdparty.io.netty.channel.epoll.Native.epollWait(Native Method)
        at org.apache.ratis.thirdparty.io.netty.channel.epoll.Native.epollWait(Native.java:193)
        at org.apache.ratis.thirdparty.io.netty.channel.epoll.Native.epollWait(Native.java:186)
        at org.apache.ratis.thirdparty.io.netty.channel.epoll.EpollEventLoop.epollWaitNoTimerChange(EpollEventLoop.java:290)
        at org.apache.ratis.thirdparty.io.netty.channel.epoll.EpollEventLoop.run(EpollEventLoop.java:347)
        at org.apache.ratis.thirdparty.io.netty.util.concurrent.SingleThreadEventExecutor$4.run(SingleThreadEventExecutor.java:986)
        at org.apache.ratis.thirdparty.io.netty.util.internal.ThreadExecutorMap$2.run(ThreadExecutorMap.java:74)
        at java.lang.Thread.run(Thread.java:750)
"Datanode ReportManager Thread - 1" daemon prio=5 tid=186 in Object.wait()
java.lang.Thread.State: WAITING (on object monitor)
        at sun.misc.Unsafe.park(Native Method)
        at java.util.concurrent.locks.LockSupport.park(LockSupport.java:175)
        at java.util.concurrent.locks.AbstractQueuedSynchronizer$ConditionObject.await(AbstractQueuedSynchronizer.java:2039)
        at java.util.concurrent.ScheduledThreadPoolExecutor$DelayedWorkQueue.take(ScheduledThreadPoolExecutor.java:1088)
        at java.util.concurrent.ScheduledThreadPoolExecutor$DelayedWorkQueue.take(ScheduledThreadPoolExecutor.java:809)
        at java.util.concurrent.ThreadPoolExecutor.getTask(ThreadPoolExecutor.java:1074)
        at java.util.concurrent.ThreadPoolExecutor.runWorker(ThreadPoolExecutor.java:1134)
        at java.util.concurrent.ThreadPoolExecutor$Worker.run(ThreadPoolExecutor.java:624)
        at java.lang.Thread.run(Thread.java:750)
"IPC Server Responder" daemon prio=5 tid=125 runnable
java.lang.Thread.State: RUNNABLE
        at sun.nio.ch.EPollArrayWrapper.epollWait(Native Method)
        at sun.nio.ch.EPollArrayWrapper.poll(EPollArrayWrapper.java:269)
        at sun.nio.ch.EPollSelectorImpl.doSelect(EPollSelectorImpl.java:93)
        at sun.nio.ch.SelectorImpl.lockAndDoSelect(SelectorImpl.java:86)
        at sun.nio.ch.SelectorImpl.select(SelectorImpl.java:97)
        at org.apache.hadoop.ipc.Server$Responder.doRunLoop(Server.java:1527)
        at org.apache.hadoop.ipc.Server$Responder.run(Server.java:1510)
"IPC Server handler 15 on default port 46105" daemon prio=5 tid=92 timed_waiting
java.lang.Thread.State: TIMED_WAITING
        at sun.misc.Unsafe.park(Native Method)
        at java.util.concurrent.locks.LockSupport.parkNanos(LockSupport.java:215)
        at java.util.concurrent.locks.AbstractQueuedSynchronizer$ConditionObject.awaitNanos(AbstractQueuedSynchronizer.java:2078)
        at java.util.concurrent.LinkedBlockingQueue.poll(LinkedBlockingQueue.java:467)
        at org.apache.hadoop.ipc.CallQueueManager.take(CallQueueManager.java:317)
        at org.apache.hadoop.ipc.Server$Handler.run(Server.java:2932)
"BackgroundPipelineScrubberThread" daemon prio=5 tid=16 timed_waiting
java.lang.Thread.State: TIMED_WAITING
        at java.lang.Object.wait(Native Method)
        at org.apache.hadoop.hdds.scm.ha.BackgroundSCMService.run(BackgroundSCMService.java:105)
        at org.apache.hadoop.hdds.scm.ha.BackgroundSCMService$$Lambda$318/469391891.run(Unknown Source)
        at java.lang.Thread.run(Thread.java:750)
"ContainerOp-11a09448-7cda-4d49-9fe8-abfecfd9e082-2"  prio=5 tid=499 in Object.wait()
java.lang.Thread.State: WAITING (on object monitor)
        at sun.misc.Unsafe.park(Native Method)
        at java.util.concurrent.locks.LockSupport.park(LockSupport.java:175)
        at java.util.concurrent.locks.AbstractQueuedSynchronizer$ConditionObject.await(AbstractQueuedSynchronizer.java:2039)
        at java.util.concurrent.LinkedBlockingQueue.take(LinkedBlockingQueue.java:442)
        at java.util.concurrent.ThreadPoolExecutor.getTask(ThreadPoolExecutor.java:1074)
        at java.util.concurrent.ThreadPoolExecutor.runWorker(ThreadPoolExecutor.java:1134)
        at java.util.concurrent.ThreadPoolExecutor$Worker.run(ThreadPoolExecutor.java:624)
        at java.lang.Thread.run(Thread.java:750)
"ContainerOp-11a09448-7cda-4d49-9fe8-abfecfd9e082-5"  prio=5 tid=518 in Object.wait()
java.lang.Thread.State: WAITING (on object monitor)
        at sun.misc.Unsafe.park(Native Method)
        at java.util.concurrent.locks.LockSupport.park(LockSupport.java:175)
        at java.util.concurrent.locks.AbstractQueuedSynchronizer$ConditionObject.await(AbstractQueuedSynchronizer.java:2039)
        at java.util.concurrent.LinkedBlockingQueue.take(LinkedBlockingQueue.java:442)
        at java.util.concurrent.ThreadPoolExecutor.getTask(ThreadPoolExecutor.java:1074)
        at java.util.concurrent.ThreadPoolExecutor.runWorker(ThreadPoolExecutor.java:1134)
        at java.util.concurrent.ThreadPoolExecutor$Worker.run(ThreadPoolExecutor.java:624)
        at java.lang.Thread.run(Thread.java:750)
"Datanode State Machine Task Thread - 1"  prio=5 tid=299 in Object.wait()
java.lang.Thread.State: WAITING (on object monitor)
        at sun.misc.Unsafe.park(Native Method)
        at java.util.concurrent.locks.LockSupport.park(LockSupport.java:175)
        at java.util.concurrent.locks.AbstractQueuedSynchronizer$ConditionObject.await(AbstractQueuedSynchronizer.java:2039)
        at java.util.concurrent.LinkedBlockingQueue.take(LinkedBlockingQueue.java:442)
        at java.util.concurrent.ThreadPoolExecutor.getTask(ThreadPoolExecutor.java:1074)
        at java.util.concurrent.ThreadPoolExecutor.runWorker(ThreadPoolExecutor.java:1134)
        at java.util.concurrent.ThreadPoolExecutor$Worker.run(ThreadPoolExecutor.java:624)
        at java.lang.Thread.run(Thread.java:750)
"StaleRecoveringContainerScrubbingService#0" daemon prio=5 tid=357 timed_waiting
java.lang.Thread.State: TIMED_WAITING
        at sun.misc.Unsafe.park(Native Method)
        at java.util.concurrent.locks.LockSupport.parkNanos(LockSupport.java:215)
        at java.util.concurrent.locks.AbstractQueuedSynchronizer$ConditionObject.awaitNanos(AbstractQueuedSynchronizer.java:2078)
        at java.util.concurrent.ScheduledThreadPoolExecutor$DelayedWorkQueue.take(ScheduledThreadPoolExecutor.java:1093)
        at java.util.concurrent.ScheduledThreadPoolExecutor$DelayedWorkQueue.take(ScheduledThreadPoolExecutor.java:809)
        at java.util.concurrent.ThreadPoolExecutor.getTask(ThreadPoolExecutor.java:1074)
        at java.util.concurrent.ThreadPoolExecutor.runWorker(ThreadPoolExecutor.java:1134)
        at java.util.concurrent.ThreadPoolExecutor$Worker.run(ThreadPoolExecutor.java:624)
        at java.lang.Thread.run(Thread.java:750)
"qtp24682673-259" daemon prio=5 tid=259 timed_waiting
java.lang.Thread.State: TIMED_WAITING
        at sun.misc.Unsafe.park(Native Method)
        at java.util.concurrent.locks.LockSupport.parkNanos(LockSupport.java:215)
        at java.util.concurrent.locks.AbstractQueuedSynchronizer$ConditionObject.awaitNanos(AbstractQueuedSynchronizer.java:2078)
        at org.eclipse.jetty.util.BlockingArrayQueue.poll(BlockingArrayQueue.java:382)
        at org.eclipse.jetty.util.thread.QueuedThreadPool$Runner.idleJobPoll(QueuedThreadPool.java:974)
        at org.eclipse.jetty.util.thread.QueuedThreadPool$Runner.run(QueuedThreadPool.java:1018)
        at java.lang.Thread.run(Thread.java:750)
"IPC Server handler 4 on default port 46105" daemon prio=5 tid=81 timed_waiting
java.lang.Thread.State: TIMED_WAITING
        at sun.misc.Unsafe.park(Native Method)
        at java.util.concurrent.locks.LockSupport.parkNanos(LockSupport.java:215)
        at java.util.concurrent.locks.AbstractQueuedSynchronizer$ConditionObject.awaitNanos(AbstractQueuedSynchronizer.java:2078)
        at java.util.concurrent.LinkedBlockingQueue.poll(LinkedBlockingQueue.java:467)
        at org.apache.hadoop.ipc.CallQueueManager.take(CallQueueManager.java:317)
        at org.apache.hadoop.ipc.Server$Handler.run(Server.java:2932)
"Datanode State Machine Task Thread - 1"  prio=5 tid=348 in Object.wait()
java.lang.Thread.State: WAITING (on object monitor)
        at sun.misc.Unsafe.park(Native Method)
        at java.util.concurrent.locks.LockSupport.park(LockSupport.java:175)
        at java.util.concurrent.locks.AbstractQueuedSynchronizer$ConditionObject.await(AbstractQueuedSynchronizer.java:2039)
        at java.util.concurrent.LinkedBlockingQueue.take(LinkedBlockingQueue.java:442)
        at java.util.concurrent.ThreadPoolExecutor.getTask(ThreadPoolExecutor.java:1074)
        at java.util.concurrent.ThreadPoolExecutor.runWorker(ThreadPoolExecutor.java:1134)
        at java.util.concurrent.ThreadPoolExecutor$Worker.run(ThreadPoolExecutor.java:624)
        at java.lang.Thread.run(Thread.java:750)
"ChunkReader-ELG-0" daemon prio=5 tid=331 runnable
java.lang.Thread.State: RUNNABLE
        at org.apache.ratis.thirdparty.io.netty.channel.epoll.Native.epollWait(Native Method)
        at org.apache.ratis.thirdparty.io.netty.channel.epoll.Native.epollWait(Native.java:193)
        at org.apache.ratis.thirdparty.io.netty.channel.epoll.Native.epollWait(Native.java:186)
        at org.apache.ratis.thirdparty.io.netty.channel.epoll.EpollEventLoop.epollWaitNoTimerChange(EpollEventLoop.java:290)
        at org.apache.ratis.thirdparty.io.netty.channel.epoll.EpollEventLoop.run(EpollEventLoop.java:347)
        at org.apache.ratis.thirdparty.io.netty.util.concurrent.SingleThreadEventExecutor$4.run(SingleThreadEventExecutor.java:986)
        at org.apache.ratis.thirdparty.io.netty.util.internal.ThreadExecutorMap$2.run(ThreadExecutorMap.java:74)
        at java.lang.Thread.run(Thread.java:750)
"IPC Server handler 7 on default port 39603" daemon prio=5 tid=44 timed_waiting
java.lang.Thread.State: TIMED_WAITING
        at sun.misc.Unsafe.park(Native Method)
        at java.util.concurrent.locks.LockSupport.parkNanos(LockSupport.java:215)
        at java.util.concurrent.locks.AbstractQueuedSynchronizer$ConditionObject.awaitNanos(AbstractQueuedSynchronizer.java:2078)
        at java.util.concurrent.LinkedBlockingQueue.poll(LinkedBlockingQueue.java:467)
        at org.apache.hadoop.ipc.CallQueueManager.take(CallQueueManager.java:317)
        at org.apache.hadoop.ipc.Server$Handler.run(Server.java:2932)
"7cc4dae5-b8b1-4887-8b99-c7b379db6b59@group-ABFECFD9E082-StateMachineUpdater" daemon prio=5 tid=408 timed_waiting
java.lang.Thread.State: TIMED_WAITING
        at sun.misc.Unsafe.park(Native Method)
        at java.util.concurrent.locks.LockSupport.parkNanos(LockSupport.java:215)
        at java.util.concurrent.CompletableFuture$Signaller.block(CompletableFuture.java:1709)
        at java.util.concurrent.ForkJoinPool.managedBlock(ForkJoinPool.java:3323)
        at java.util.concurrent.CompletableFuture.timedGet(CompletableFuture.java:1788)
        at java.util.concurrent.CompletableFuture.get(CompletableFuture.java:1928)
        at org.apache.ratis.util.AwaitForSignal.await(AwaitForSignal.java:56)
        at org.apache.ratis.server.impl.StateMachineUpdater.waitForCommit(StateMachineUpdater.java:207)
        at org.apache.ratis.server.impl.StateMachineUpdater.run(StateMachineUpdater.java:176)
        at java.lang.Thread.run(Thread.java:750)
"7cc4dae5-b8b1-4887-8b99-c7b379db6b59@group-ABFECFD9E082-SegmentedRaftLogWorker"  prio=5 tid=406 timed_waiting
java.lang.Thread.State: TIMED_WAITING
        at sun.misc.Unsafe.park(Native Method)
        at java.util.concurrent.locks.LockSupport.parkNanos(LockSupport.java:215)
        at java.util.concurrent.locks.AbstractQueuedSynchronizer$ConditionObject.awaitNanos(AbstractQueuedSynchronizer.java:2078)
        at org.apache.ratis.util.DataBlockingQueue.poll(DataBlockingQueue.java:148)
        at org.apache.ratis.server.raftlog.segmented.SegmentedRaftLogWorker.run(SegmentedRaftLogWorker.java:301)
        at org.apache.ratis.server.raftlog.segmented.SegmentedRaftLogWorker$$Lambda$559/530335698.run(Unknown Source)
        at java.lang.Thread.run(Thread.java:750)
"ChunkWriter-0-0" daemon prio=5 tid=350 in Object.wait()
java.lang.Thread.State: WAITING (on object monitor)
        at sun.misc.Unsafe.park(Native Method)
        at java.util.concurrent.locks.LockSupport.park(LockSupport.java:175)
        at java.util.concurrent.locks.AbstractQueuedSynchronizer$ConditionObject.await(AbstractQueuedSynchronizer.java:2039)
        at java.util.concurrent.LinkedBlockingDeque.takeFirst(LinkedBlockingDeque.java:492)
        at java.util.concurrent.LinkedBlockingDeque.take(LinkedBlockingDeque.java:680)
        at java.util.concurrent.ThreadPoolExecutor.getTask(ThreadPoolExecutor.java:1074)
        at java.util.concurrent.ThreadPoolExecutor.runWorker(ThreadPoolExecutor.java:1134)
        at java.util.concurrent.ThreadPoolExecutor$Worker.run(ThreadPoolExecutor.java:624)
        at java.lang.Thread.run(Thread.java:750)
"Datanode State Machine Daemon Thread" daemon prio=5 tid=264 timed_waiting
java.lang.Thread.State: TIMED_WAITING
        at java.lang.Thread.sleep(Native Method)
        at org.apache.hadoop.ozone.container.common.statemachine.DatanodeStateMachine.startStateMachineThread(DatanodeStateMachine.java:313)
        at org.apache.hadoop.ozone.container.common.statemachine.DatanodeStateMachine.lambda$startDaemon$0(DatanodeStateMachine.java:493)
        at org.apache.hadoop.ozone.container.common.statemachine.DatanodeStateMachine$$Lambda$674/1897013268.run(Unknown Source)
        at java.lang.Thread.run(Thread.java:750)
"a32d3105-1fa5-4486-a401-c143653c6277@group-6A8FC32459EF-StateMachineUpdater" daemon prio=5 tid=393 timed_waiting
java.lang.Thread.State: TIMED_WAITING
        at sun.misc.Unsafe.park(Native Method)
        at java.util.concurrent.locks.LockSupport.parkNanos(LockSupport.java:215)
        at java.util.concurrent.CompletableFuture$Signaller.block(CompletableFuture.java:1709)
        at java.util.concurrent.ForkJoinPool.managedBlock(ForkJoinPool.java:3323)
        at java.util.concurrent.CompletableFuture.timedGet(CompletableFuture.java:1788)
        at java.util.concurrent.CompletableFuture.get(CompletableFuture.java:1928)
        at org.apache.ratis.util.AwaitForSignal.await(AwaitForSignal.java:56)
        at org.apache.ratis.server.impl.StateMachineUpdater.waitForCommit(StateMachineUpdater.java:207)
        at org.apache.ratis.server.impl.StateMachineUpdater.run(StateMachineUpdater.java:176)
        at java.lang.Thread.run(Thread.java:750)
"d2433786-0171-4e17-9e3a-b12e44f36186@group-6A8FC32459EF-FollowerState" daemon prio=5 tid=606 timed_waiting
java.lang.Thread.State: TIMED_WAITING
        at java.lang.Thread.sleep(Native Method)
        at java.lang.Thread.sleep(Thread.java:342)
        at java.util.concurrent.TimeUnit.sleep(TimeUnit.java:386)
        at org.apache.ratis.util.TimeDuration.sleep(TimeDuration.java:325)
        at org.apache.ratis.util.TimeDuration.sleep(TimeDuration.java:310)
        at org.apache.ratis.server.impl.FollowerState.run(FollowerState.java:128)
"Time-limited test" daemon prio=5 tid=571 runnable
java.lang.Thread.State: RUNNABLE
        at java.lang.Thread.dumpThreads(Native Method)
        at java.lang.Thread.getAllStackTraces(Thread.java:1615)
        at org.apache.ozone.test.TimedOutTestsListener.buildThreadDump(TimedOutTestsListener.java:93)
        at org.apache.ozone.test.TimedOutTestsListener.buildThreadDiagnosticString(TimedOutTestsListener.java:79)
        at org.apache.ozone.test.GenericTestUtils.waitFor(GenericTestUtils.java:224)
        at org.apache.hadoop.fs.ozone.TestOzoneFileSystem.testTrash(TestOzoneFileSystem.java:1350)
        at sun.reflect.NativeMethodAccessorImpl.invoke0(Native Method)
        at sun.reflect.NativeMethodAccessorImpl.invoke(NativeMethodAccessorImpl.java:62)
        at sun.reflect.DelegatingMethodAccessorImpl.invoke(DelegatingMethodAccessorImpl.java:43)
        at java.lang.reflect.Method.invoke(Method.java:498)
        at org.junit.runners.model.FrameworkMethod$1.runReflectiveCall(FrameworkMethod.java:59)
        at org.junit.internal.runners.model.ReflectiveCallable.run(ReflectiveCallable.java:12)
        at org.junit.runners.model.FrameworkMethod.invokeExplosively(FrameworkMethod.java:56)
        at org.junit.internal.runners.statements.InvokeMethod.evaluate(InvokeMethod.java:17)
        at org.junit.internal.runners.statements.RunAfters.evaluate(RunAfters.java:27)
        at org.junit.internal.runners.statements.FailOnTimeout$CallableStatement.call(FailOnTimeout.java:288)
        at org.junit.internal.runners.statements.FailOnTimeout$CallableStatement.call(FailOnTimeout.java:282)
        at java.util.concurrent.FutureTask.run(FutureTask.java:266)
        at java.lang.Thread.run(Thread.java:750)
"pool-158-thread-1" daemon prio=5 tid=276 timed_waiting
java.lang.Thread.State: TIMED_WAITING
        at sun.misc.Unsafe.park(Native Method)
        at java.util.concurrent.locks.LockSupport.parkNanos(LockSupport.java:215)
        at java.util.concurrent.locks.AbstractQueuedSynchronizer$ConditionObject.awaitNanos(AbstractQueuedSynchronizer.java:2078)
        at java.util.concurrent.ScheduledThreadPoolExecutor$DelayedWorkQueue.take(ScheduledThreadPoolExecutor.java:1093)
        at java.util.concurrent.ScheduledThreadPoolExecutor$DelayedWorkQueue.take(ScheduledThreadPoolExecutor.java:809)
        at java.util.concurrent.ThreadPoolExecutor.getTask(ThreadPoolExecutor.java:1074)
        at java.util.concurrent.ThreadPoolExecutor.runWorker(ThreadPoolExecutor.java:1134)
        at java.util.concurrent.ThreadPoolExecutor$Worker.run(ThreadPoolExecutor.java:624)
        at java.lang.Thread.run(Thread.java:750)
"IPC Server handler 12 on default port 39603" daemon prio=5 tid=49 timed_waiting
java.lang.Thread.State: TIMED_WAITING
        at sun.misc.Unsafe.park(Native Method)
        at java.util.concurrent.locks.LockSupport.parkNanos(LockSupport.java:215)
        at java.util.concurrent.locks.AbstractQueuedSynchronizer$ConditionObject.awaitNanos(AbstractQueuedSynchronizer.java:2078)
        at java.util.concurrent.LinkedBlockingQueue.poll(LinkedBlockingQueue.java:467)
        at org.apache.hadoop.ipc.CallQueueManager.take(CallQueueManager.java:317)
        at org.apache.hadoop.ipc.Server$Handler.run(Server.java:2932)
"org.apache.hadoop.util.JvmPauseMonitor$Monitor@2ebdaf20" daemon prio=5 tid=271 timed_waiting
java.lang.Thread.State: TIMED_WAITING
        at java.lang.Thread.sleep(Native Method)
        at org.apache.hadoop.util.JvmPauseMonitor$Monitor.run(JvmPauseMonitor.java:192)
        at java.lang.Thread.run(Thread.java:750)
"BlockDeletingService#2" daemon prio=5 tid=678 in Object.wait()
java.lang.Thread.State: WAITING (on object monitor)
        at sun.misc.Unsafe.park(Native Method)
        at java.util.concurrent.locks.LockSupport.park(LockSupport.java:175)
        at java.util.concurrent.locks.AbstractQueuedSynchronizer$ConditionObject.await(AbstractQueuedSynchronizer.java:2039)
        at java.util.concurrent.ScheduledThreadPoolExecutor$DelayedWorkQueue.take(ScheduledThreadPoolExecutor.java:1088)
        at java.util.concurrent.ScheduledThreadPoolExecutor$DelayedWorkQueue.take(ScheduledThreadPoolExecutor.java:809)
        at java.util.concurrent.ThreadPoolExecutor.getTask(ThreadPoolExecutor.java:1074)
        at java.util.concurrent.ThreadPoolExecutor.runWorker(ThreadPoolExecutor.java:1134)
        at java.util.concurrent.ThreadPoolExecutor$Worker.run(ThreadPoolExecutor.java:624)
        at java.lang.Thread.run(Thread.java:750)
"qtp1871221268-141" daemon prio=5 tid=141 timed_waiting
java.lang.Thread.State: TIMED_WAITING
        at sun.misc.Unsafe.park(Native Method)
        at java.util.concurrent.locks.LockSupport.parkNanos(LockSupport.java:215)
        at java.util.concurrent.locks.AbstractQueuedSynchronizer$ConditionObject.awaitNanos(AbstractQueuedSynchronizer.java:2078)
        at org.eclipse.jetty.util.BlockingArrayQueue.poll(BlockingArrayQueue.java:382)
        at org.eclipse.jetty.util.thread.QueuedThreadPool$Runner.idleJobPoll(QueuedThreadPool.java:974)
        at org.eclipse.jetty.util.thread.QueuedThreadPool$Runner.run(QueuedThreadPool.java:1018)
        at java.lang.Thread.run(Thread.java:750)
"FullTableCache Cleanup Thread - 0" daemon prio=5 tid=462 in Object.wait()
java.lang.Thread.State: WAITING (on object monitor)
        at sun.misc.Unsafe.park(Native Method)
        at java.util.concurrent.locks.LockSupport.park(LockSupport.java:175)
        at java.util.concurrent.locks.AbstractQueuedSynchronizer$ConditionObject.await(AbstractQueuedSynchronizer.java:2039)
        at java.util.concurrent.LinkedBlockingQueue.take(LinkedBlockingQueue.java:442)
        at java.util.concurrent.ThreadPoolExecutor.getTask(ThreadPoolExecutor.java:1074)
        at java.util.concurrent.ThreadPoolExecutor.runWorker(ThreadPoolExecutor.java:1134)
        at java.util.concurrent.ThreadPoolExecutor$Worker.run(ThreadPoolExecutor.java:624)
        at java.lang.Thread.run(Thread.java:750)
"IPC Server idle connection scanner for port 39603" daemon prio=5 tid=33 timed_waiting
java.lang.Thread.State: TIMED_WAITING
        at java.lang.Object.wait(Native Method)
        at java.util.TimerThread.mainLoop(Timer.java:552)
        at java.util.TimerThread.run(Timer.java:505)
"ContainerOp-11a09448-7cda-4d49-9fe8-abfecfd9e082-4"  prio=5 tid=517 in Object.wait()
java.lang.Thread.State: WAITING (on object monitor)
        at sun.misc.Unsafe.park(Native Method)
        at java.util.concurrent.locks.LockSupport.park(LockSupport.java:175)
        at java.util.concurrent.locks.AbstractQueuedSynchronizer$ConditionObject.await(AbstractQueuedSynchronizer.java:2039)
        at java.util.concurrent.LinkedBlockingQueue.take(LinkedBlockingQueue.java:442)
        at java.util.concurrent.ThreadPoolExecutor.getTask(ThreadPoolExecutor.java:1074)
        at java.util.concurrent.ThreadPoolExecutor.runWorker(ThreadPoolExecutor.java:1134)
        at java.util.concurrent.ThreadPoolExecutor$Worker.run(ThreadPoolExecutor.java:624)
        at java.lang.Thread.run(Thread.java:750)
"BlockDeletingService#1" daemon prio=5 tid=345 in Object.wait()
java.lang.Thread.State: WAITING (on object monitor)
        at sun.misc.Unsafe.park(Native Method)
        at java.util.concurrent.locks.LockSupport.park(LockSupport.java:175)
        at java.util.concurrent.locks.AbstractQueuedSynchronizer$ConditionObject.await(AbstractQueuedSynchronizer.java:2039)
        at java.util.concurrent.ScheduledThreadPoolExecutor$DelayedWorkQueue.take(ScheduledThreadPoolExecutor.java:1088)
        at java.util.concurrent.ScheduledThreadPoolExecutor$DelayedWorkQueue.take(ScheduledThreadPoolExecutor.java:809)
        at java.util.concurrent.ThreadPoolExecutor.getTask(ThreadPoolExecutor.java:1074)
        at java.util.concurrent.ThreadPoolExecutor.runWorker(ThreadPoolExecutor.java:1134)
        at java.util.concurrent.ThreadPoolExecutor$Worker.run(ThreadPoolExecutor.java:624)
        at java.lang.Thread.run(Thread.java:750)
"IPC Server handler 2 on default port 43477" daemon prio=5 tid=59 timed_waiting
java.lang.Thread.State: TIMED_WAITING
        at sun.misc.Unsafe.park(Native Method)
        at java.util.concurrent.locks.LockSupport.parkNanos(LockSupport.java:215)
        at java.util.concurrent.locks.AbstractQueuedSynchronizer$ConditionObject.awaitNanos(AbstractQueuedSynchronizer.java:2078)
        at java.util.concurrent.LinkedBlockingQueue.poll(LinkedBlockingQueue.java:467)
        at org.apache.hadoop.ipc.CallQueueManager.take(CallQueueManager.java:317)
        at org.apache.hadoop.ipc.Server$Handler.run(Server.java:2932)
"ChunkWriter-1-0" daemon prio=5 tid=339 in Object.wait()
java.lang.Thread.State: WAITING (on object monitor)
        at sun.misc.Unsafe.park(Native Method)
        at java.util.concurrent.locks.LockSupport.park(LockSupport.java:175)
        at java.util.concurrent.locks.AbstractQueuedSynchronizer$ConditionObject.await(AbstractQueuedSynchronizer.java:2039)
        at java.util.concurrent.LinkedBlockingDeque.takeFirst(LinkedBlockingDeque.java:492)
        at java.util.concurrent.LinkedBlockingDeque.take(LinkedBlockingDeque.java:680)
        at java.util.concurrent.ThreadPoolExecutor.getTask(ThreadPoolExecutor.java:1074)
        at java.util.concurrent.ThreadPoolExecutor.runWorker(ThreadPoolExecutor.java:1134)
        at java.util.concurrent.ThreadPoolExecutor$Worker.run(ThreadPoolExecutor.java:624)
        at java.lang.Thread.run(Thread.java:750)
"Datanode State Machine Task Thread - 0"  prio=5 tid=272 in Object.wait()
java.lang.Thread.State: WAITING (on object monitor)
        at sun.misc.Unsafe.park(Native Method)
        at java.util.concurrent.locks.LockSupport.park(LockSupport.java:175)
        at java.util.concurrent.locks.AbstractQueuedSynchronizer$ConditionObject.await(AbstractQueuedSynchronizer.java:2039)
        at java.util.concurrent.LinkedBlockingQueue.take(LinkedBlockingQueue.java:442)
        at java.util.concurrent.ThreadPoolExecutor.getTask(ThreadPoolExecutor.java:1074)
        at java.util.concurrent.ThreadPoolExecutor.runWorker(ThreadPoolExecutor.java:1134)
        at java.util.concurrent.ThreadPoolExecutor$Worker.run(ThreadPoolExecutor.java:624)
        at java.lang.Thread.run(Thread.java:750)
"BlockDeletingService#3" daemon prio=5 tid=792 in Object.wait()
java.lang.Thread.State: WAITING (on object monitor)
        at sun.misc.Unsafe.park(Native Method)
        at java.util.concurrent.locks.LockSupport.park(LockSupport.java:175)
        at java.util.concurrent.locks.AbstractQueuedSynchronizer$ConditionObject.await(AbstractQueuedSynchronizer.java:2039)
        at java.util.concurrent.ScheduledThreadPoolExecutor$DelayedWorkQueue.take(ScheduledThreadPoolExecutor.java:1088)
        at java.util.concurrent.ScheduledThreadPoolExecutor$DelayedWorkQueue.take(ScheduledThreadPoolExecutor.java:809)
        at java.util.concurrent.ThreadPoolExecutor.getTask(ThreadPoolExecutor.java:1074)
        at java.util.concurrent.ThreadPoolExecutor.runWorker(ThreadPoolExecutor.java:1134)
        at java.util.concurrent.ThreadPoolExecutor$Worker.run(ThreadPoolExecutor.java:624)
        at java.lang.Thread.run(Thread.java:750)
"IPC Server handler 13 on default port 46105" daemon prio=5 tid=90 timed_waiting
java.lang.Thread.State: TIMED_WAITING
        at sun.misc.Unsafe.park(Native Method)
        at java.util.concurrent.locks.LockSupport.parkNanos(LockSupport.java:215)
        at java.util.concurrent.locks.AbstractQueuedSynchronizer$ConditionObject.awaitNanos(AbstractQueuedSynchronizer.java:2078)
        at java.util.concurrent.LinkedBlockingQueue.poll(LinkedBlockingQueue.java:467)
        at org.apache.hadoop.ipc.CallQueueManager.take(CallQueueManager.java:317)
        at org.apache.hadoop.ipc.Server$Handler.run(Server.java:2932)
"ChunkReader-ELG-0" daemon prio=5 tid=307 runnable
java.lang.Thread.State: RUNNABLE
        at org.apache.ratis.thirdparty.io.netty.channel.epoll.Native.epollWait(Native Method)
        at org.apache.ratis.thirdparty.io.netty.channel.epoll.Native.epollWait(Native.java:193)
        at org.apache.ratis.thirdparty.io.netty.channel.epoll.Native.epollWait(Native.java:186)
        at org.apache.ratis.thirdparty.io.netty.channel.epoll.EpollEventLoop.epollWaitNoTimerChange(EpollEventLoop.java:290)
        at org.apache.ratis.thirdparty.io.netty.channel.epoll.EpollEventLoop.run(EpollEventLoop.java:347)
        at org.apache.ratis.thirdparty.io.netty.util.concurrent.SingleThreadEventExecutor$4.run(SingleThreadEventExecutor.java:986)
        at org.apache.ratis.thirdparty.io.netty.util.internal.ThreadExecutorMap$2.run(ThreadExecutorMap.java:74)
        at java.lang.Thread.run(Thread.java:750)
"Datanode State Machine Task Thread - 1"  prio=5 tid=324 in Object.wait()
java.lang.Thread.State: WAITING (on object monitor)
        at sun.misc.Unsafe.park(Native Method)
        at java.util.concurrent.locks.LockSupport.park(LockSupport.java:175)
        at java.util.concurrent.locks.AbstractQueuedSynchronizer$ConditionObject.await(AbstractQueuedSynchronizer.java:2039)
        at java.util.concurrent.LinkedBlockingQueue.take(LinkedBlockingQueue.java:442)
        at java.util.concurrent.ThreadPoolExecutor.getTask(ThreadPoolExecutor.java:1074)
        at java.util.concurrent.ThreadPoolExecutor.runWorker(ThreadPoolExecutor.java:1134)
        at java.util.concurrent.ThreadPoolExecutor$Worker.run(ThreadPoolExecutor.java:624)
        at java.lang.Thread.run(Thread.java:750)
"BlockDeletingService#1" daemon prio=5 tid=311 in Object.wait()
java.lang.Thread.State: WAITING (on object monitor)
        at sun.misc.Unsafe.park(Native Method)
        at java.util.concurrent.locks.LockSupport.park(LockSupport.java:175)
        at java.util.concurrent.locks.AbstractQueuedSynchronizer$ConditionObject.await(AbstractQueuedSynchronizer.java:2039)
        at java.util.concurrent.ScheduledThreadPoolExecutor$DelayedWorkQueue.take(ScheduledThreadPoolExecutor.java:1088)
        at java.util.concurrent.ScheduledThreadPoolExecutor$DelayedWorkQueue.take(ScheduledThreadPoolExecutor.java:809)
        at java.util.concurrent.ThreadPoolExecutor.getTask(ThreadPoolExecutor.java:1074)
        at java.util.concurrent.ThreadPoolExecutor.runWorker(ThreadPoolExecutor.java:1134)
        at java.util.concurrent.ThreadPoolExecutor$Worker.run(ThreadPoolExecutor.java:624)
        at java.lang.Thread.run(Thread.java:750)
"pool-60-thread-4"  prio=5 tid=586 in Object.wait()
java.lang.Thread.State: WAITING (on object monitor)
        at sun.misc.Unsafe.park(Native Method)
        at java.util.concurrent.locks.LockSupport.park(LockSupport.java:175)
        at java.util.concurrent.locks.AbstractQueuedSynchronizer$ConditionObject.await(AbstractQueuedSynchronizer.java:2039)
        at java.util.concurrent.ArrayBlockingQueue.take(ArrayBlockingQueue.java:403)
        at java.util.concurrent.ThreadPoolExecutor.getTask(ThreadPoolExecutor.java:1074)
        at java.util.concurrent.ThreadPoolExecutor.runWorker(ThreadPoolExecutor.java:1134)
        at java.util.concurrent.ThreadPoolExecutor$Worker.run(ThreadPoolExecutor.java:624)
        at java.lang.Thread.run(Thread.java:750)
"7cc4dae5-b8b1-4887-8b99-c7b379db6b59-server-thread1" daemon prio=5 tid=448 timed_waiting
java.lang.Thread.State: TIMED_WAITING
        at sun.misc.Unsafe.park(Native Method)
        at java.util.concurrent.locks.LockSupport.parkNanos(LockSupport.java:215)
        at java.util.concurrent.SynchronousQueue$TransferStack.awaitFulfill(SynchronousQueue.java:460)
        at java.util.concurrent.SynchronousQueue$TransferStack.transfer(SynchronousQueue.java:362)
        at java.util.concurrent.SynchronousQueue.poll(SynchronousQueue.java:941)
        at java.util.concurrent.ThreadPoolExecutor.getTask(ThreadPoolExecutor.java:1073)
        at java.util.concurrent.ThreadPoolExecutor.runWorker(ThreadPoolExecutor.java:1134)
        at java.util.concurrent.ThreadPoolExecutor$Worker.run(ThreadPoolExecutor.java:624)
        at java.lang.Thread.run(Thread.java:750)
"ChunkWriter-3-0" daemon prio=5 tid=329 in Object.wait()
java.lang.Thread.State: WAITING (on object monitor)
        at sun.misc.Unsafe.park(Native Method)
        at java.util.concurrent.locks.LockSupport.park(LockSupport.java:175)
        at java.util.concurrent.locks.AbstractQueuedSynchronizer$ConditionObject.await(AbstractQueuedSynchronizer.java:2039)
        at java.util.concurrent.LinkedBlockingDeque.takeFirst(LinkedBlockingDeque.java:492)
        at java.util.concurrent.LinkedBlockingDeque.take(LinkedBlockingDeque.java:680)
        at java.util.concurrent.ThreadPoolExecutor.getTask(ThreadPoolExecutor.java:1074)
        at java.util.concurrent.ThreadPoolExecutor.runWorker(ThreadPoolExecutor.java:1134)
        at java.util.concurrent.ThreadPoolExecutor$Worker.run(ThreadPoolExecutor.java:624)
        at java.lang.Thread.run(Thread.java:750)
"pool-73-thread-1"  prio=5 tid=371 in Object.wait()
java.lang.Thread.State: WAITING (on object monitor)
        at sun.misc.Unsafe.park(Native Method)
        at java.util.concurrent.locks.LockSupport.park(LockSupport.java:175)
        at java.util.concurrent.locks.AbstractQueuedSynchronizer$ConditionObject.await(AbstractQueuedSynchronizer.java:2039)
        at java.util.concurrent.LinkedBlockingQueue.take(LinkedBlockingQueue.java:442)
        at java.util.concurrent.ThreadPoolExecutor.getTask(ThreadPoolExecutor.java:1074)
        at java.util.concurrent.ThreadPoolExecutor.runWorker(ThreadPoolExecutor.java:1134)
        at java.util.concurrent.ThreadPoolExecutor$Worker.run(ThreadPoolExecutor.java:624)
        at java.lang.Thread.run(Thread.java:750)
"org.apache.ratis.util.JvmPauseMonitor$$Lambda$631/606875044@22906049" daemon prio=5 tid=330 timed_waiting
java.lang.Thread.State: TIMED_WAITING
        at java.lang.Thread.sleep(Native Method)
        at java.lang.Thread.sleep(Thread.java:342)
        at java.util.concurrent.TimeUnit.sleep(TimeUnit.java:386)
        at org.apache.ratis.util.TimeDuration.sleep(TimeDuration.java:325)
        at org.apache.ratis.util.TimeDuration.sleep(TimeDuration.java:310)
        at org.apache.ratis.util.JvmPauseMonitor.detectPause(JvmPauseMonitor.java:117)
        at org.apache.ratis.util.JvmPauseMonitor.run(JvmPauseMonitor.java:106)
        at org.apache.ratis.util.JvmPauseMonitor$$Lambda$631/606875044.run(Unknown Source)
        at java.lang.Thread.run(Thread.java:750)
"Datanode State Machine Task Thread - 1"  prio=5 tid=312 in Object.wait()
java.lang.Thread.State: WAITING (on object monitor)
        at sun.misc.Unsafe.park(Native Method)
        at java.util.concurrent.locks.LockSupport.park(LockSupport.java:175)
        at java.util.concurrent.locks.AbstractQueuedSynchronizer$ConditionObject.await(AbstractQueuedSynchronizer.java:2039)
        at java.util.concurrent.LinkedBlockingQueue.take(LinkedBlockingQueue.java:442)
        at java.util.concurrent.ThreadPoolExecutor.getTask(ThreadPoolExecutor.java:1074)
        at java.util.concurrent.ThreadPoolExecutor.runWorker(ThreadPoolExecutor.java:1134)
        at java.util.concurrent.ThreadPoolExecutor$Worker.run(ThreadPoolExecutor.java:624)
        at java.lang.Thread.run(Thread.java:750)
"IPC Server handler 17 on default port 39603" daemon prio=5 tid=54 timed_waiting
java.lang.Thread.State: TIMED_WAITING
        at sun.misc.Unsafe.park(Native Method)
        at java.util.concurrent.locks.LockSupport.parkNanos(LockSupport.java:215)
        at java.util.concurrent.locks.AbstractQueuedSynchronizer$ConditionObject.awaitNanos(AbstractQueuedSynchronizer.java:2078)
        at java.util.concurrent.LinkedBlockingQueue.poll(LinkedBlockingQueue.java:467)
        at org.apache.hadoop.ipc.CallQueueManager.take(CallQueueManager.java:317)
        at org.apache.hadoop.ipc.Server$Handler.run(Server.java:2932)
"pool-135-thread-1" daemon prio=5 tid=250 timed_waiting
java.lang.Thread.State: TIMED_WAITING
        at sun.misc.Unsafe.park(Native Method)
        at java.util.concurrent.locks.LockSupport.parkNanos(LockSupport.java:215)
        at java.util.concurrent.locks.AbstractQueuedSynchronizer$ConditionObject.awaitNanos(AbstractQueuedSynchronizer.java:2078)
        at java.util.concurrent.ScheduledThreadPoolExecutor$DelayedWorkQueue.take(ScheduledThreadPoolExecutor.java:1093)
        at java.util.concurrent.ScheduledThreadPoolExecutor$DelayedWorkQueue.take(ScheduledThreadPoolExecutor.java:809)
        at java.util.concurrent.ThreadPoolExecutor.getTask(ThreadPoolExecutor.java:1074)
        at java.util.concurrent.ThreadPoolExecutor.runWorker(ThreadPoolExecutor.java:1134)
        at java.util.concurrent.ThreadPoolExecutor$Worker.run(ThreadPoolExecutor.java:624)
        at java.lang.Thread.run(Thread.java:750)
"BlockDeletingService#0" daemon prio=5 tid=356 timed_waiting
java.lang.Thread.State: TIMED_WAITING
        at sun.misc.Unsafe.park(Native Method)
        at java.util.concurrent.locks.LockSupport.parkNanos(LockSupport.java:215)
        at java.util.concurrent.locks.AbstractQueuedSynchronizer$ConditionObject.awaitNanos(AbstractQueuedSynchronizer.java:2078)
        at java.util.concurrent.ScheduledThreadPoolExecutor$DelayedWorkQueue.take(ScheduledThreadPoolExecutor.java:1093)
        at java.util.concurrent.ScheduledThreadPoolExecutor$DelayedWorkQueue.take(ScheduledThreadPoolExecutor.java:809)
        at java.util.concurrent.ThreadPoolExecutor.getTask(ThreadPoolExecutor.java:1074)
        at java.util.concurrent.ThreadPoolExecutor.runWorker(ThreadPoolExecutor.java:1134)
        at java.util.concurrent.ThreadPoolExecutor$Worker.run(ThreadPoolExecutor.java:624)
        at java.lang.Thread.run(Thread.java:750)
"ChunkWriter-0-0" daemon prio=5 tid=338 in Object.wait()
java.lang.Thread.State: WAITING (on object monitor)
        at sun.misc.Unsafe.park(Native Method)
        at java.util.concurrent.locks.LockSupport.park(LockSupport.java:175)
        at java.util.concurrent.locks.AbstractQueuedSynchronizer$ConditionObject.await(AbstractQueuedSynchronizer.java:2039)
        at java.util.concurrent.LinkedBlockingDeque.takeFirst(LinkedBlockingDeque.java:492)
        at java.util.concurrent.LinkedBlockingDeque.take(LinkedBlockingDeque.java:680)
        at java.util.concurrent.ThreadPoolExecutor.getTask(ThreadPoolExecutor.java:1074)
        at java.util.concurrent.ThreadPoolExecutor.runWorker(ThreadPoolExecutor.java:1134)
        at java.util.concurrent.ThreadPoolExecutor$Worker.run(ThreadPoolExecutor.java:624)
        at java.lang.Thread.run(Thread.java:750)
"Command processor thread" daemon prio=5 tid=190 timed_waiting
java.lang.Thread.State: TIMED_WAITING
        at java.lang.Thread.sleep(Native Method)
        at org.apache.hadoop.ozone.container.common.statemachine.DatanodeStateMachine.lambda$initCommandHandlerThread$3(DatanodeStateMachine.java:628)
        at org.apache.hadoop.ozone.container.common.statemachine.DatanodeStateMachine$$Lambda$676/1780406170.run(Unknown Source)
        at java.lang.Thread.run(Thread.java:750)
"BlockDeletingService#0" daemon prio=5 tid=320 timed_waiting
java.lang.Thread.State: TIMED_WAITING
        at sun.misc.Unsafe.park(Native Method)
        at java.util.concurrent.locks.LockSupport.parkNanos(LockSupport.java:215)
        at java.util.concurrent.locks.AbstractQueuedSynchronizer$ConditionObject.awaitNanos(AbstractQueuedSynchronizer.java:2078)
        at java.util.concurrent.ScheduledThreadPoolExecutor$DelayedWorkQueue.take(ScheduledThreadPoolExecutor.java:1093)
        at java.util.concurrent.ScheduledThreadPoolExecutor$DelayedWorkQueue.take(ScheduledThreadPoolExecutor.java:809)
        at java.util.concurrent.ThreadPoolExecutor.getTask(ThreadPoolExecutor.java:1074)
        at java.util.concurrent.ThreadPoolExecutor.runWorker(ThreadPoolExecutor.java:1134)
        at java.util.concurrent.ThreadPoolExecutor$Worker.run(ThreadPoolExecutor.java:624)
        at java.lang.Thread.run(Thread.java:750)
"ChunkWriter-1-0" daemon prio=5 tid=351 in Object.wait()
java.lang.Thread.State: WAITING (on object monitor)
        at sun.misc.Unsafe.park(Native Method)
        at java.util.concurrent.locks.LockSupport.park(LockSupport.java:175)
        at java.util.concurrent.locks.AbstractQueuedSynchronizer$ConditionObject.await(AbstractQueuedSynchronizer.java:2039)
        at java.util.concurrent.LinkedBlockingDeque.takeFirst(LinkedBlockingDeque.java:492)
        at java.util.concurrent.LinkedBlockingDeque.take(LinkedBlockingDeque.java:680)
        at java.util.concurrent.ThreadPoolExecutor.getTask(ThreadPoolExecutor.java:1074)
        at java.util.concurrent.ThreadPoolExecutor.runWorker(ThreadPoolExecutor.java:1134)
        at java.util.concurrent.ThreadPoolExecutor$Worker.run(ThreadPoolExecutor.java:624)
        at java.lang.Thread.run(Thread.java:750)
"IPC Server handler 19 on default port 43477" daemon prio=5 tid=76 timed_waiting
java.lang.Thread.State: TIMED_WAITING
        at sun.misc.Unsafe.park(Native Method)
        at java.util.concurrent.locks.LockSupport.parkNanos(LockSupport.java:215)
        at java.util.concurrent.locks.AbstractQueuedSynchronizer$ConditionObject.awaitNanos(AbstractQueuedSynchronizer.java:2078)
        at java.util.concurrent.LinkedBlockingQueue.poll(LinkedBlockingQueue.java:467)
        at org.apache.hadoop.ipc.CallQueueManager.take(CallQueueManager.java:317)
        at org.apache.hadoop.ipc.Server$Handler.run(Server.java:2932)
"StaleRecoveringContainerScrubbingService#1" daemon prio=5 tid=359 in Object.wait()
java.lang.Thread.State: WAITING (on object monitor)
        at sun.misc.Unsafe.park(Native Method)
        at java.util.concurrent.locks.LockSupport.park(LockSupport.java:175)
        at java.util.concurrent.locks.AbstractQueuedSynchronizer$ConditionObject.await(AbstractQueuedSynchronizer.java:2039)
        at java.util.concurrent.ScheduledThreadPoolExecutor$DelayedWorkQueue.take(ScheduledThreadPoolExecutor.java:1088)
        at java.util.concurrent.ScheduledThreadPoolExecutor$DelayedWorkQueue.take(ScheduledThreadPoolExecutor.java:809)
        at java.util.concurrent.ThreadPoolExecutor.getTask(ThreadPoolExecutor.java:1074)
        at java.util.concurrent.ThreadPoolExecutor.runWorker(ThreadPoolExecutor.java:1134)
        at java.util.concurrent.ThreadPoolExecutor$Worker.run(ThreadPoolExecutor.java:624)
        at java.lang.Thread.run(Thread.java:750)
"om1@group-C5BA1605619E-LeaderStateImpl" daemon prio=5 tid=198 timed_waiting
java.lang.Thread.State: TIMED_WAITING
        at sun.misc.Unsafe.park(Native Method)
        at java.util.concurrent.locks.LockSupport.parkNanos(LockSupport.java:215)
        at java.util.concurrent.locks.AbstractQueuedSynchronizer$ConditionObject.awaitNanos(AbstractQueuedSynchronizer.java:2078)
        at java.util.concurrent.ArrayBlockingQueue.poll(ArrayBlockingQueue.java:418)
        at org.apache.ratis.server.impl.LeaderStateImpl$EventQueue.poll(LeaderStateImpl.java:159)
        at org.apache.ratis.server.impl.LeaderStateImpl$EventProcessor.run(LeaderStateImpl.java:630)
"EventQueue-OpenPipelineForHealthyPipelineSafeModeRule" daemon prio=5 tid=373 in Object.wait()
java.lang.Thread.State: WAITING (on object monitor)
        at sun.misc.Unsafe.park(Native Method)
        at java.util.concurrent.locks.LockSupport.park(LockSupport.java:175)
        at java.util.concurrent.locks.AbstractQueuedSynchronizer$ConditionObject.await(AbstractQueuedSynchronizer.java:2039)
        at java.util.concurrent.LinkedBlockingQueue.take(LinkedBlockingQueue.java:442)
        at java.util.concurrent.ThreadPoolExecutor.getTask(ThreadPoolExecutor.java:1074)
        at java.util.concurrent.ThreadPoolExecutor.runWorker(ThreadPoolExecutor.java:1134)
        at java.util.concurrent.ThreadPoolExecutor$Worker.run(ThreadPoolExecutor.java:624)
        at java.lang.Thread.run(Thread.java:750)
"pool-60-thread-2"  prio=5 tid=582 in Object.wait()
java.lang.Thread.State: WAITING (on object monitor)
        at sun.misc.Unsafe.park(Native Method)
        at java.util.concurrent.locks.LockSupport.park(LockSupport.java:175)
        at java.util.concurrent.locks.AbstractQueuedSynchronizer$ConditionObject.await(AbstractQueuedSynchronizer.java:2039)
        at java.util.concurrent.ArrayBlockingQueue.take(ArrayBlockingQueue.java:403)
        at java.util.concurrent.ThreadPoolExecutor.getTask(ThreadPoolExecutor.java:1074)
        at java.util.concurrent.ThreadPoolExecutor.runWorker(ThreadPoolExecutor.java:1134)
        at java.util.concurrent.ThreadPoolExecutor$Worker.run(ThreadPoolExecutor.java:624)
        at java.lang.Thread.run(Thread.java:750)
"Datanode State Machine Task Thread - 0"  prio=5 tid=298 in Object.wait()
java.lang.Thread.State: WAITING (on object monitor)
        at sun.misc.Unsafe.park(Native Method)
        at java.util.concurrent.locks.LockSupport.park(LockSupport.java:175)
        at java.util.concurrent.locks.AbstractQueuedSynchronizer$ConditionObject.await(AbstractQueuedSynchronizer.java:2039)
        at java.util.concurrent.LinkedBlockingQueue.take(LinkedBlockingQueue.java:442)
        at java.util.concurrent.ThreadPoolExecutor.getTask(ThreadPoolExecutor.java:1074)
        at java.util.concurrent.ThreadPoolExecutor.runWorker(ThreadPoolExecutor.java:1134)
        at java.util.concurrent.ThreadPoolExecutor$Worker.run(ThreadPoolExecutor.java:624)
        at java.lang.Thread.run(Thread.java:750)
"IPC Server handler 6 on default port 39603" daemon prio=5 tid=43 timed_waiting
java.lang.Thread.State: TIMED_WAITING
        at sun.misc.Unsafe.park(Native Method)
        at java.util.concurrent.locks.LockSupport.parkNanos(LockSupport.java:215)
        at java.util.concurrent.locks.AbstractQueuedSynchronizer$ConditionObject.awaitNanos(AbstractQueuedSynchronizer.java:2078)
        at java.util.concurrent.LinkedBlockingQueue.poll(LinkedBlockingQueue.java:467)
        at org.apache.hadoop.ipc.CallQueueManager.take(CallQueueManager.java:317)
        at org.apache.hadoop.ipc.Server$Handler.run(Server.java:2932)
"BlockDeletingService#2" daemon prio=5 tid=682 in Object.wait()
java.lang.Thread.State: WAITING (on object monitor)
        at sun.misc.Unsafe.park(Native Method)
        at java.util.concurrent.locks.LockSupport.park(LockSupport.java:175)
        at java.util.concurrent.locks.AbstractQueuedSynchronizer$ConditionObject.await(AbstractQueuedSynchronizer.java:2039)
        at java.util.concurrent.ScheduledThreadPoolExecutor$DelayedWorkQueue.take(ScheduledThreadPoolExecutor.java:1088)
        at java.util.concurrent.ScheduledThreadPoolExecutor$DelayedWorkQueue.take(ScheduledThreadPoolExecutor.java:809)
        at java.util.concurrent.ThreadPoolExecutor.getTask(ThreadPoolExecutor.java:1074)
        at java.util.concurrent.ThreadPoolExecutor.runWorker(ThreadPoolExecutor.java:1134)
        at java.util.concurrent.ThreadPoolExecutor$Worker.run(ThreadPoolExecutor.java:624)
        at java.lang.Thread.run(Thread.java:750)
"PartialTableCache Cleanup Thread - 0" daemon prio=5 tid=469 in Object.wait()
java.lang.Thread.State: WAITING (on object monitor)
        at sun.misc.Unsafe.park(Native Method)
        at java.util.concurrent.locks.LockSupport.park(LockSupport.java:175)
        at java.util.concurrent.locks.AbstractQueuedSynchronizer$ConditionObject.await(AbstractQueuedSynchronizer.java:2039)
        at java.util.concurrent.LinkedBlockingQueue.take(LinkedBlockingQueue.java:442)
        at java.util.concurrent.ThreadPoolExecutor.getTask(ThreadPoolExecutor.java:1074)
        at java.util.concurrent.ThreadPoolExecutor.runWorker(ThreadPoolExecutor.java:1134)
        at java.util.concurrent.ThreadPoolExecutor$Worker.run(ThreadPoolExecutor.java:624)
        at java.lang.Thread.run(Thread.java:750)
"ContainerOp-11a09448-7cda-4d49-9fe8-abfecfd9e082-0"  prio=5 tid=485 in Object.wait()
java.lang.Thread.State: WAITING (on object monitor)
        at sun.misc.Unsafe.park(Native Method)
        at java.util.concurrent.locks.LockSupport.park(LockSupport.java:175)
        at java.util.concurrent.locks.AbstractQueuedSynchronizer$ConditionObject.await(AbstractQueuedSynchronizer.java:2039)
        at java.util.concurrent.LinkedBlockingQueue.take(LinkedBlockingQueue.java:442)
        at java.util.concurrent.ThreadPoolExecutor.getTask(ThreadPoolExecutor.java:1074)
        at java.util.concurrent.ThreadPoolExecutor.runWorker(ThreadPoolExecutor.java:1134)
        at java.util.concurrent.ThreadPoolExecutor$Worker.run(ThreadPoolExecutor.java:624)
        at java.lang.Thread.run(Thread.java:750)
"org.apache.ratis.util.JvmPauseMonitor$$Lambda$631/606875044@7a54e12a" daemon prio=5 tid=342 timed_waiting
java.lang.Thread.State: TIMED_WAITING
        at java.lang.Thread.sleep(Native Method)
        at java.lang.Thread.sleep(Thread.java:342)
        at java.util.concurrent.TimeUnit.sleep(TimeUnit.java:386)
        at org.apache.ratis.util.TimeDuration.sleep(TimeDuration.java:325)
        at org.apache.ratis.util.TimeDuration.sleep(TimeDuration.java:310)
        at org.apache.ratis.util.JvmPauseMonitor.detectPause(JvmPauseMonitor.java:117)
        at org.apache.ratis.util.JvmPauseMonitor.run(JvmPauseMonitor.java:106)
        at org.apache.ratis.util.JvmPauseMonitor$$Lambda$631/606875044.run(Unknown Source)
        at java.lang.Thread.run(Thread.java:750)
"StaleRecoveringContainerScrubbingService#1" daemon prio=5 tid=310 in Object.wait()
java.lang.Thread.State: WAITING (on object monitor)
        at sun.misc.Unsafe.park(Native Method)
        at java.util.concurrent.locks.LockSupport.park(LockSupport.java:175)
        at java.util.concurrent.locks.AbstractQueuedSynchronizer$ConditionObject.await(AbstractQueuedSynchronizer.java:2039)
        at java.util.concurrent.ScheduledThreadPoolExecutor$DelayedWorkQueue.take(ScheduledThreadPoolExecutor.java:1088)
        at java.util.concurrent.ScheduledThreadPoolExecutor$DelayedWorkQueue.take(ScheduledThreadPoolExecutor.java:809)
        at java.util.concurrent.ThreadPoolExecutor.getTask(ThreadPoolExecutor.java:1074)
        at java.util.concurrent.ThreadPoolExecutor.runWorker(ThreadPoolExecutor.java:1134)
        at java.util.concurrent.ThreadPoolExecutor$Worker.run(ThreadPoolExecutor.java:624)
        at java.lang.Thread.run(Thread.java:750)
"IPC Server handler 4 on default port 39603" daemon prio=5 tid=41 timed_waiting
java.lang.Thread.State: TIMED_WAITING
        at sun.misc.Unsafe.park(Native Method)
        at java.util.concurrent.locks.LockSupport.parkNanos(LockSupport.java:215)
        at java.util.concurrent.locks.AbstractQueuedSynchronizer$ConditionObject.awaitNanos(AbstractQueuedSynchronizer.java:2078)
        at java.util.concurrent.LinkedBlockingQueue.poll(LinkedBlockingQueue.java:467)
        at org.apache.hadoop.ipc.CallQueueManager.take(CallQueueManager.java:317)
        at org.apache.hadoop.ipc.Server$Handler.run(Server.java:2932)
"EventQueue-NodeReportForNodeReportHandler" daemon prio=5 tid=673 in Object.wait()
java.lang.Thread.State: WAITING (on object monitor)
        at sun.misc.Unsafe.park(Native Method)
        at java.util.concurrent.locks.LockSupport.park(LockSupport.java:175)
        at java.util.concurrent.locks.AbstractQueuedSynchronizer$ConditionObject.await(AbstractQueuedSynchronizer.java:2039)
        at java.util.concurrent.LinkedBlockingQueue.take(LinkedBlockingQueue.java:442)
        at java.util.concurrent.ThreadPoolExecutor.getTask(ThreadPoolExecutor.java:1074)
        at java.util.concurrent.ThreadPoolExecutor.runWorker(ThreadPoolExecutor.java:1134)
        at java.util.concurrent.ThreadPoolExecutor$Worker.run(ThreadPoolExecutor.java:624)
        at java.lang.Thread.run(Thread.java:750)
"ChunkWriter-0-0" daemon prio=5 tid=302 in Object.wait()
java.lang.Thread.State: WAITING (on object monitor)
        at sun.misc.Unsafe.park(Native Method)
        at java.util.concurrent.locks.LockSupport.park(LockSupport.java:175)
        at java.util.concurrent.locks.AbstractQueuedSynchronizer$ConditionObject.await(AbstractQueuedSynchronizer.java:2039)
        at java.util.concurrent.LinkedBlockingDeque.takeFirst(LinkedBlockingDeque.java:492)
        at java.util.concurrent.LinkedBlockingDeque.take(LinkedBlockingDeque.java:680)
        at java.util.concurrent.ThreadPoolExecutor.getTask(ThreadPoolExecutor.java:1074)
        at java.util.concurrent.ThreadPoolExecutor.runWorker(ThreadPoolExecutor.java:1134)
        at java.util.concurrent.ThreadPoolExecutor$Worker.run(ThreadPoolExecutor.java:624)
        at java.lang.Thread.run(Thread.java:750)
"pool-128-thread-1"  prio=5 tid=228 timed_waiting
java.lang.Thread.State: TIMED_WAITING
        at sun.misc.Unsafe.park(Native Method)
        at java.util.concurrent.locks.LockSupport.parkNanos(LockSupport.java:215)
        at java.util.concurrent.locks.AbstractQueuedSynchronizer$ConditionObject.awaitNanos(AbstractQueuedSynchronizer.java:2078)
        at java.util.concurrent.ScheduledThreadPoolExecutor$DelayedWorkQueue.take(ScheduledThreadPoolExecutor.java:1093)
        at java.util.concurrent.ScheduledThreadPoolExecutor$DelayedWorkQueue.take(ScheduledThreadPoolExecutor.java:809)
        at java.util.concurrent.ThreadPoolExecutor.getTask(ThreadPoolExecutor.java:1074)
        at java.util.concurrent.ThreadPoolExecutor.runWorker(ThreadPoolExecutor.java:1134)
        at java.util.concurrent.ThreadPoolExecutor$Worker.run(ThreadPoolExecutor.java:624)
        at java.lang.Thread.run(Thread.java:750)
"d2433786-0171-4e17-9e3a-b12e44f36186@group-6A8FC32459EF-StateMachineUpdater" daemon prio=5 tid=377 timed_waiting
java.lang.Thread.State: TIMED_WAITING
        at sun.misc.Unsafe.park(Native Method)
        at java.util.concurrent.locks.LockSupport.parkNanos(LockSupport.java:215)
        at java.util.concurrent.CompletableFuture$Signaller.block(CompletableFuture.java:1709)
        at java.util.concurrent.ForkJoinPool.managedBlock(ForkJoinPool.java:3323)
        at java.util.concurrent.CompletableFuture.timedGet(CompletableFuture.java:1788)
        at java.util.concurrent.CompletableFuture.get(CompletableFuture.java:1928)
        at org.apache.ratis.util.AwaitForSignal.await(AwaitForSignal.java:56)
        at org.apache.ratis.server.impl.StateMachineUpdater.waitForCommit(StateMachineUpdater.java:207)
        at org.apache.ratis.server.impl.StateMachineUpdater.run(StateMachineUpdater.java:176)
        at java.lang.Thread.run(Thread.java:750)
"OverReplicatedQueueThreadThread" daemon prio=5 tid=20 timed_waiting
java.lang.Thread.State: TIMED_WAITING
        at java.lang.Object.wait(Native Method)
        at org.apache.hadoop.hdds.scm.ha.BackgroundSCMService.run(BackgroundSCMService.java:105)
        at org.apache.hadoop.hdds.scm.ha.BackgroundSCMService$$Lambda$318/469391891.run(Unknown Source)
        at java.lang.Thread.run(Thread.java:750)
"EventQueue-NewNodeForNewNodeHandler" daemon prio=5 tid=360 in Object.wait()
java.lang.Thread.State: WAITING (on object monitor)
        at sun.misc.Unsafe.park(Native Method)
        at java.util.concurrent.locks.LockSupport.park(LockSupport.java:175)
        at java.util.concurrent.locks.AbstractQueuedSynchronizer$ConditionObject.await(AbstractQueuedSynchronizer.java:2039)
        at java.util.concurrent.LinkedBlockingQueue.take(LinkedBlockingQueue.java:442)
        at java.util.concurrent.ThreadPoolExecutor.getTask(ThreadPoolExecutor.java:1074)
        at java.util.concurrent.ThreadPoolExecutor.runWorker(ThreadPoolExecutor.java:1134)
        at java.util.concurrent.ThreadPoolExecutor$Worker.run(ThreadPoolExecutor.java:624)
        at java.lang.Thread.run(Thread.java:750)
"ContainerOp-11a09448-7cda-4d49-9fe8-abfecfd9e082-9"  prio=5 tid=551 in Object.wait()
java.lang.Thread.State: WAITING (on object monitor)
        at sun.misc.Unsafe.park(Native Method)
        at java.util.concurrent.locks.LockSupport.park(LockSupport.java:175)
        at java.util.concurrent.locks.AbstractQueuedSynchronizer$ConditionObject.await(AbstractQueuedSynchronizer.java:2039)
        at java.util.concurrent.LinkedBlockingQueue.take(LinkedBlockingQueue.java:442)
        at java.util.concurrent.ThreadPoolExecutor.getTask(ThreadPoolExecutor.java:1074)
        at java.util.concurrent.ThreadPoolExecutor.runWorker(ThreadPoolExecutor.java:1134)
        at java.util.concurrent.ThreadPoolExecutor$Worker.run(ThreadPoolExecutor.java:624)
        at java.lang.Thread.run(Thread.java:750)
"qtp24682673-256-acceptor-0@7cddcf93-ServerConnector@6e3a8d16{HTTP/1.1, (http/1.1)}{0.0.0.0:46427}" daemon prio=3 tid=256 runnable
java.lang.Thread.State: RUNNABLE
        at sun.nio.ch.ServerSocketChannelImpl.accept0(Native Method)
        at sun.nio.ch.ServerSocketChannelImpl.accept(ServerSocketChannelImpl.java:421)
        at sun.nio.ch.ServerSocketChannelImpl.accept(ServerSocketChannelImpl.java:249)
        at org.eclipse.jetty.server.ServerConnector.accept(ServerConnector.java:388)
        at org.eclipse.jetty.server.AbstractConnector$Acceptor.run(AbstractConnector.java:702)
        at org.eclipse.jetty.util.thread.QueuedThreadPool.runJob(QueuedThreadPool.java:883)
        at org.eclipse.jetty.util.thread.QueuedThreadPool$Runner.run(QueuedThreadPool.java:1034)
        at java.lang.Thread.run(Thread.java:750)
"d2433786-0171-4e17-9e3a-b12e44f36186@group-6A8FC32459EF-SegmentedRaftLogWorker"  prio=5 tid=376 timed_waiting
java.lang.Thread.State: TIMED_WAITING
        at sun.misc.Unsafe.park(Native Method)
        at java.util.concurrent.locks.LockSupport.parkNanos(LockSupport.java:215)
        at java.util.concurrent.locks.AbstractQueuedSynchronizer$ConditionObject.awaitNanos(AbstractQueuedSynchronizer.java:2078)
        at org.apache.ratis.util.DataBlockingQueue.poll(DataBlockingQueue.java:148)
        at org.apache.ratis.server.raftlog.segmented.SegmentedRaftLogWorker.run(SegmentedRaftLogWorker.java:301)
        at org.apache.ratis.server.raftlog.segmented.SegmentedRaftLogWorker$$Lambda$559/530335698.run(Unknown Source)
        at java.lang.Thread.run(Thread.java:750)
"ContainerOp-11a09448-7cda-4d49-9fe8-abfecfd9e082-1"  prio=5 tid=483 in Object.wait()
java.lang.Thread.State: WAITING (on object monitor)
        at sun.misc.Unsafe.park(Native Method)
        at java.util.concurrent.locks.LockSupport.park(LockSupport.java:175)
        at java.util.concurrent.locks.AbstractQueuedSynchronizer$ConditionObject.await(AbstractQueuedSynchronizer.java:2039)
        at java.util.concurrent.LinkedBlockingQueue.take(LinkedBlockingQueue.java:442)
        at java.util.concurrent.ThreadPoolExecutor.getTask(ThreadPoolExecutor.java:1074)
        at java.util.concurrent.ThreadPoolExecutor.runWorker(ThreadPoolExecutor.java:1134)
        at java.util.concurrent.ThreadPoolExecutor$Worker.run(ThreadPoolExecutor.java:624)
        at java.lang.Thread.run(Thread.java:750)
"7cc4dae5-b8b1-4887-8b99-c7b379db6b59@group-6A8FC32459EF-FollowerState" daemon prio=5 tid=607 timed_waiting
java.lang.Thread.State: TIMED_WAITING
        at java.lang.Thread.sleep(Native Method)
        at java.lang.Thread.sleep(Thread.java:342)
        at java.util.concurrent.TimeUnit.sleep(TimeUnit.java:386)
        at org.apache.ratis.util.TimeDuration.sleep(TimeDuration.java:325)
        at org.apache.ratis.util.TimeDuration.sleep(TimeDuration.java:310)
        at org.apache.ratis.server.impl.FollowerState.run(FollowerState.java:128)
"a32d3105-1fa5-4486-a401-c143653c6277@group-DB4F30CEA4C9-LeaderStateImpl" daemon prio=5 tid=449 timed_waiting
java.lang.Thread.State: TIMED_WAITING
        at sun.misc.Unsafe.park(Native Method)
        at java.util.concurrent.locks.LockSupport.parkNanos(LockSupport.java:215)
        at java.util.concurrent.locks.AbstractQueuedSynchronizer$ConditionObject.awaitNanos(AbstractQueuedSynchronizer.java:2078)
        at java.util.concurrent.ArrayBlockingQueue.poll(ArrayBlockingQueue.java:418)
        at org.apache.ratis.server.impl.LeaderStateImpl$EventQueue.poll(LeaderStateImpl.java:159)
        at org.apache.ratis.server.impl.LeaderStateImpl$EventProcessor.run(LeaderStateImpl.java:630)
"EndpointStateMachine task thread for /0.0.0.0:46105 - 0 "  prio=5 tid=325 in Object.wait()
java.lang.Thread.State: WAITING (on object monitor)
        at sun.misc.Unsafe.park(Native Method)
        at java.util.concurrent.locks.LockSupport.park(LockSupport.java:175)
        at java.util.concurrent.locks.AbstractQueuedSynchronizer$ConditionObject.await(AbstractQueuedSynchronizer.java:2039)
        at java.util.concurrent.LinkedBlockingQueue.take(LinkedBlockingQueue.java:442)
        at java.util.concurrent.ThreadPoolExecutor.getTask(ThreadPoolExecutor.java:1074)
        at java.util.concurrent.ThreadPoolExecutor.runWorker(ThreadPoolExecutor.java:1134)
        at java.util.concurrent.ThreadPoolExecutor$Worker.run(ThreadPoolExecutor.java:624)
        at java.lang.Thread.run(Thread.java:750)
"qtp1658655896-182" daemon prio=5 tid=182 timed_waiting
java.lang.Thread.State: TIMED_WAITING
        at sun.misc.Unsafe.park(Native Method)
        at java.util.concurrent.locks.LockSupport.parkNanos(LockSupport.java:215)
        at java.util.concurrent.locks.AbstractQueuedSynchronizer$ConditionObject.awaitNanos(AbstractQueuedSynchronizer.java:2078)
        at org.eclipse.jetty.util.BlockingArrayQueue.poll(BlockingArrayQueue.java:382)
        at org.eclipse.jetty.util.thread.QueuedThreadPool$Runner.idleJobPoll(QueuedThreadPool.java:974)
        at org.eclipse.jetty.util.thread.QueuedThreadPool$Runner.run(QueuedThreadPool.java:1018)
        at java.lang.Thread.run(Thread.java:750)
"StaleRecoveringContainerScrubbingService#3" daemon prio=5 tid=788 in Object.wait()
java.lang.Thread.State: WAITING (on object monitor)
        at sun.misc.Unsafe.park(Native Method)
        at java.util.concurrent.locks.LockSupport.park(LockSupport.java:175)
        at java.util.concurrent.locks.AbstractQueuedSynchronizer$ConditionObject.await(AbstractQueuedSynchronizer.java:2039)
        at java.util.concurrent.ScheduledThreadPoolExecutor$DelayedWorkQueue.take(ScheduledThreadPoolExecutor.java:1088)
        at java.util.concurrent.ScheduledThreadPoolExecutor$DelayedWorkQueue.take(ScheduledThreadPoolExecutor.java:809)
        at java.util.concurrent.ThreadPoolExecutor.getTask(ThreadPoolExecutor.java:1074)
        at java.util.concurrent.ThreadPoolExecutor.runWorker(ThreadPoolExecutor.java:1134)
        at java.util.concurrent.ThreadPoolExecutor$Worker.run(ThreadPoolExecutor.java:624)
        at java.lang.Thread.run(Thread.java:750)
"ContainerOp-11a09448-7cda-4d49-9fe8-abfecfd9e082-0"  prio=5 tid=478 in Object.wait()
java.lang.Thread.State: WAITING (on object monitor)
        at sun.misc.Unsafe.park(Native Method)
        at java.util.concurrent.locks.LockSupport.park(LockSupport.java:175)
        at java.util.concurrent.locks.AbstractQueuedSynchronizer$ConditionObject.await(AbstractQueuedSynchronizer.java:2039)
        at java.util.concurrent.LinkedBlockingQueue.take(LinkedBlockingQueue.java:442)
        at java.util.concurrent.ThreadPoolExecutor.getTask(ThreadPoolExecutor.java:1074)
        at java.util.concurrent.ThreadPoolExecutor.runWorker(ThreadPoolExecutor.java:1134)
        at java.util.concurrent.ThreadPoolExecutor$Worker.run(ThreadPoolExecutor.java:624)
        at java.lang.Thread.run(Thread.java:750)
"StaleRecoveringContainerScrubbingService#3" daemon prio=5 tid=793 in Object.wait()
java.lang.Thread.State: WAITING (on object monitor)
        at sun.misc.Unsafe.park(Native Method)
        at java.util.concurrent.locks.LockSupport.park(LockSupport.java:175)
        at java.util.concurrent.locks.AbstractQueuedSynchronizer$ConditionObject.await(AbstractQueuedSynchronizer.java:2039)
        at java.util.concurrent.ScheduledThreadPoolExecutor$DelayedWorkQueue.take(ScheduledThreadPoolExecutor.java:1088)
        at java.util.concurrent.ScheduledThreadPoolExecutor$DelayedWorkQueue.take(ScheduledThreadPoolExecutor.java:809)
        at java.util.concurrent.ThreadPoolExecutor.getTask(ThreadPoolExecutor.java:1074)
        at java.util.concurrent.ThreadPoolExecutor.runWorker(ThreadPoolExecutor.java:1134)
        at java.util.concurrent.ThreadPoolExecutor$Worker.run(ThreadPoolExecutor.java:624)
        at java.lang.Thread.run(Thread.java:750)
"IPC Server handler 15 on default port 43477" daemon prio=5 tid=72 timed_waiting
java.lang.Thread.State: TIMED_WAITING
        at sun.misc.Unsafe.park(Native Method)
        at java.util.concurrent.locks.LockSupport.parkNanos(LockSupport.java:215)
        at java.util.concurrent.locks.AbstractQueuedSynchronizer$ConditionObject.awaitNanos(AbstractQueuedSynchronizer.java:2078)
        at java.util.concurrent.LinkedBlockingQueue.poll(LinkedBlockingQueue.java:467)
        at org.apache.hadoop.ipc.CallQueueManager.take(CallQueueManager.java:317)
        at org.apache.hadoop.ipc.Server$Handler.run(Server.java:2932)
"IPC Server handler 2 on default port 46105" daemon prio=5 tid=79 timed_waiting
java.lang.Thread.State: TIMED_WAITING
        at sun.misc.Unsafe.park(Native Method)
        at java.util.concurrent.locks.LockSupport.parkNanos(LockSupport.java:215)
        at java.util.concurrent.locks.AbstractQueuedSynchronizer$ConditionObject.awaitNanos(AbstractQueuedSynchronizer.java:2078)
        at java.util.concurrent.LinkedBlockingQueue.poll(LinkedBlockingQueue.java:467)
        at org.apache.hadoop.ipc.CallQueueManager.take(CallQueueManager.java:317)
        at org.apache.hadoop.ipc.Server$Handler.run(Server.java:2932)
"org.apache.hadoop.util.JvmPauseMonitor$Monitor@607e5458" daemon prio=5 tid=245 timed_waiting
java.lang.Thread.State: TIMED_WAITING
        at java.lang.Thread.sleep(Native Method)
        at org.apache.hadoop.util.JvmPauseMonitor$Monitor.run(JvmPauseMonitor.java:192)
        at java.lang.Thread.run(Thread.java:750)
"IPC Server idle connection scanner for port 46105" daemon prio=5 tid=25 timed_waiting
java.lang.Thread.State: TIMED_WAITING
        at java.lang.Object.wait(Native Method)
        at java.util.TimerThread.mainLoop(Timer.java:552)
        at java.util.TimerThread.run(Timer.java:505)
"qtp209381734-287" daemon prio=5 tid=287 timed_waiting
java.lang.Thread.State: TIMED_WAITING
        at sun.misc.Unsafe.park(Native Method)
        at java.util.concurrent.locks.LockSupport.parkNanos(LockSupport.java:215)
        at java.util.concurrent.locks.AbstractQueuedSynchronizer$ConditionObject.awaitNanos(AbstractQueuedSynchronizer.java:2078)
        at org.eclipse.jetty.util.BlockingArrayQueue.poll(BlockingArrayQueue.java:382)
        at org.eclipse.jetty.util.thread.QueuedThreadPool$Runner.idleJobPoll(QueuedThreadPool.java:974)
        at org.eclipse.jetty.util.thread.QueuedThreadPool$Runner.run(QueuedThreadPool.java:1018)
        at java.lang.Thread.run(Thread.java:750)
"ContainerOp-11a09448-7cda-4d49-9fe8-abfecfd9e082-8"  prio=5 tid=545 in Object.wait()
java.lang.Thread.State: WAITING (on object monitor)
        at sun.misc.Unsafe.park(Native Method)
        at java.util.concurrent.locks.LockSupport.park(LockSupport.java:175)
        at java.util.concurrent.locks.AbstractQueuedSynchronizer$ConditionObject.await(AbstractQueuedSynchronizer.java:2039)
        at java.util.concurrent.LinkedBlockingQueue.take(LinkedBlockingQueue.java:442)
        at java.util.concurrent.ThreadPoolExecutor.getTask(ThreadPoolExecutor.java:1074)
        at java.util.concurrent.ThreadPoolExecutor.runWorker(ThreadPoolExecutor.java:1134)
        at java.util.concurrent.ThreadPoolExecutor$Worker.run(ThreadPoolExecutor.java:624)
        at java.lang.Thread.run(Thread.java:750)
"ChunkReader-ELG-0" daemon prio=5 tid=355 runnable
java.lang.Thread.State: RUNNABLE
        at org.apache.ratis.thirdparty.io.netty.channel.epoll.Native.epollWait(Native Method)
        at org.apache.ratis.thirdparty.io.netty.channel.epoll.Native.epollWait(Native.java:193)
        at org.apache.ratis.thirdparty.io.netty.channel.epoll.Native.epollWait(Native.java:186)
        at org.apache.ratis.thirdparty.io.netty.channel.epoll.EpollEventLoop.epollWaitNoTimerChange(EpollEventLoop.java:290)
        at org.apache.ratis.thirdparty.io.netty.channel.epoll.EpollEventLoop.run(EpollEventLoop.java:347)
        at org.apache.ratis.thirdparty.io.netty.util.concurrent.SingleThreadEventExecutor$4.run(SingleThreadEventExecutor.java:986)
        at org.apache.ratis.thirdparty.io.netty.util.internal.ThreadExecutorMap$2.run(ThreadExecutorMap.java:74)
        at java.lang.Thread.run(Thread.java:750)
"IPC Server handler 13 on default port 43477" daemon prio=5 tid=70 timed_waiting
java.lang.Thread.State: TIMED_WAITING
        at sun.misc.Unsafe.park(Native Method)
        at java.util.concurrent.locks.LockSupport.parkNanos(LockSupport.java:215)
        at java.util.concurrent.locks.AbstractQueuedSynchronizer$ConditionObject.awaitNanos(AbstractQueuedSynchronizer.java:2078)
        at java.util.concurrent.LinkedBlockingQueue.poll(LinkedBlockingQueue.java:467)
        at org.apache.hadoop.ipc.CallQueueManager.take(CallQueueManager.java:317)
        at org.apache.hadoop.ipc.Server$Handler.run(Server.java:2932)
"IPC Server handler 16 on default port 35175" daemon prio=5 tid=160 timed_waiting
java.lang.Thread.State: TIMED_WAITING
        at sun.misc.Unsafe.park(Native Method)
        at java.util.concurrent.locks.LockSupport.parkNanos(LockSupport.java:215)
        at java.util.concurrent.locks.AbstractQueuedSynchronizer$ConditionObject.awaitNanos(AbstractQueuedSynchronizer.java:2078)
        at java.util.concurrent.LinkedBlockingQueue.poll(LinkedBlockingQueue.java:467)
        at org.apache.hadoop.ipc.CallQueueManager.take(CallQueueManager.java:317)
        at org.apache.hadoop.ipc.Server$Handler.run(Server.java:2932)
"e84011ff-6ca7-4c66-9967-ecab54098873@group-9BCFE6B2AEA6-StateMachineUpdater" daemon prio=5 tid=419 timed_waiting
java.lang.Thread.State: TIMED_WAITING
        at sun.misc.Unsafe.park(Native Method)
        at java.util.concurrent.locks.LockSupport.parkNanos(LockSupport.java:215)
        at java.util.concurrent.CompletableFuture$Signaller.block(CompletableFuture.java:1709)
        at java.util.concurrent.ForkJoinPool.managedBlock(ForkJoinPool.java:3323)
        at java.util.concurrent.CompletableFuture.timedGet(CompletableFuture.java:1788)
        at java.util.concurrent.CompletableFuture.get(CompletableFuture.java:1928)
        at org.apache.ratis.util.AwaitForSignal.await(AwaitForSignal.java:56)
        at org.apache.ratis.server.impl.StateMachineUpdater.waitForCommit(StateMachineUpdater.java:207)
        at org.apache.ratis.server.impl.StateMachineUpdater.run(StateMachineUpdater.java:176)
        at java.lang.Thread.run(Thread.java:750)
"qtp1658655896-177" daemon prio=5 tid=177 timed_waiting
java.lang.Thread.State: TIMED_WAITING
        at sun.misc.Unsafe.park(Native Method)
        at java.util.concurrent.locks.LockSupport.parkNanos(LockSupport.java:215)
        at java.util.concurrent.locks.AbstractQueuedSynchronizer$ConditionObject.awaitNanos(AbstractQueuedSynchronizer.java:2078)
        at org.eclipse.jetty.util.BlockingArrayQueue.poll(BlockingArrayQueue.java:382)
        at org.eclipse.jetty.util.thread.QueuedThreadPool$Runner.idleJobPoll(QueuedThreadPool.java:974)
        at org.eclipse.jetty.util.thread.QueuedThreadPool$Runner.run(QueuedThreadPool.java:1018)
        at java.lang.Thread.run(Thread.java:750)
"IPC Server handler 18 on default port 46105" daemon prio=5 tid=95 timed_waiting
java.lang.Thread.State: TIMED_WAITING
        at sun.misc.Unsafe.park(Native Method)
        at java.util.concurrent.locks.LockSupport.parkNanos(LockSupport.java:215)
        at java.util.concurrent.locks.AbstractQueuedSynchronizer$ConditionObject.awaitNanos(AbstractQueuedSynchronizer.java:2078)
        at java.util.concurrent.LinkedBlockingQueue.poll(LinkedBlockingQueue.java:467)
        at org.apache.hadoop.ipc.CallQueueManager.take(CallQueueManager.java:317)
        at org.apache.hadoop.ipc.Server$Handler.run(Server.java:2932)
"ContainerOp-11a09448-7cda-4d49-9fe8-abfecfd9e082-7"  prio=5 tid=536 in Object.wait()
java.lang.Thread.State: WAITING (on object monitor)
        at sun.misc.Unsafe.park(Native Method)
        at java.util.concurrent.locks.LockSupport.park(LockSupport.java:175)
        at java.util.concurrent.locks.AbstractQueuedSynchronizer$ConditionObject.await(AbstractQueuedSynchronizer.java:2039)
        at java.util.concurrent.LinkedBlockingQueue.take(LinkedBlockingQueue.java:442)
        at java.util.concurrent.ThreadPoolExecutor.getTask(ThreadPoolExecutor.java:1074)
        at java.util.concurrent.ThreadPoolExecutor.runWorker(ThreadPoolExecutor.java:1134)
        at java.util.concurrent.ThreadPoolExecutor$Worker.run(ThreadPoolExecutor.java:624)
        at java.lang.Thread.run(Thread.java:750)
"ContainerOp-11a09448-7cda-4d49-9fe8-abfecfd9e082-2"  prio=5 tid=507 in Object.wait()
java.lang.Thread.State: WAITING (on object monitor)
        at sun.misc.Unsafe.park(Native Method)
        at java.util.concurrent.locks.LockSupport.park(LockSupport.java:175)
        at java.util.concurrent.locks.AbstractQueuedSynchronizer$ConditionObject.await(AbstractQueuedSynchronizer.java:2039)
        at java.util.concurrent.LinkedBlockingQueue.take(LinkedBlockingQueue.java:442)
        at java.util.concurrent.ThreadPoolExecutor.getTask(ThreadPoolExecutor.java:1074)
        at java.util.concurrent.ThreadPoolExecutor.runWorker(ThreadPoolExecutor.java:1134)
        at java.util.concurrent.ThreadPoolExecutor$Worker.run(ThreadPoolExecutor.java:624)
        at java.lang.Thread.run(Thread.java:750)
"IPC Server handler 18 on default port 35175" daemon prio=5 tid=162 timed_waiting
java.lang.Thread.State: TIMED_WAITING
        at sun.misc.Unsafe.park(Native Method)
        at java.util.concurrent.locks.LockSupport.parkNanos(LockSupport.java:215)
        at java.util.concurrent.locks.AbstractQueuedSynchronizer$ConditionObject.awaitNanos(AbstractQueuedSynchronizer.java:2078)
        at java.util.concurrent.LinkedBlockingQueue.poll(LinkedBlockingQueue.java:467)
        at org.apache.hadoop.ipc.CallQueueManager.take(CallQueueManager.java:317)
        at org.apache.hadoop.ipc.Server$Handler.run(Server.java:2932)
"qtp1871221268-142" daemon prio=5 tid=142 timed_waiting
java.lang.Thread.State: TIMED_WAITING
        at sun.misc.Unsafe.park(Native Method)
        at java.util.concurrent.locks.LockSupport.parkNanos(LockSupport.java:215)
        at java.util.concurrent.locks.AbstractQueuedSynchronizer$ConditionObject.awaitNanos(AbstractQueuedSynchronizer.java:2078)
        at org.eclipse.jetty.util.BlockingArrayQueue.poll(BlockingArrayQueue.java:382)
        at org.eclipse.jetty.util.thread.QueuedThreadPool$Runner.idleJobPoll(QueuedThreadPool.java:974)
        at org.eclipse.jetty.util.thread.QueuedThreadPool$Runner.run(QueuedThreadPool.java:1018)
        at java.lang.Thread.run(Thread.java:750)
"org.apache.hadoop.fs.FileSystem$Statistics$StatisticsDataReferenceCleaner" daemon prio=5 tid=464 in Object.wait()
java.lang.Thread.State: WAITING (on object monitor)
        at java.lang.Object.wait(Native Method)
        at java.lang.ref.ReferenceQueue.remove(ReferenceQueue.java:144)
        at java.lang.ref.ReferenceQueue.remove(ReferenceQueue.java:165)
        at org.apache.hadoop.fs.FileSystem$Statistics$StatisticsDataReferenceCleaner.run(FileSystem.java:4021)
        at java.lang.Thread.run(Thread.java:750)
"7cc4dae5-b8b1-4887-8b99-c7b379db6b59@group-50F2D43333D0-SegmentedRaftLogWorker"  prio=5 tid=383 timed_waiting
java.lang.Thread.State: TIMED_WAITING
        at sun.misc.Unsafe.park(Native Method)
        at java.util.concurrent.locks.LockSupport.parkNanos(LockSupport.java:215)
        at java.util.concurrent.locks.AbstractQueuedSynchronizer$ConditionObject.awaitNanos(AbstractQueuedSynchronizer.java:2078)
        at org.apache.ratis.util.DataBlockingQueue.poll(DataBlockingQueue.java:148)
        at org.apache.ratis.server.raftlog.segmented.SegmentedRaftLogWorker.run(SegmentedRaftLogWorker.java:301)
        at org.apache.ratis.server.raftlog.segmented.SegmentedRaftLogWorker$$Lambda$559/530335698.run(Unknown Source)
        at java.lang.Thread.run(Thread.java:750)
"qtp1357174989-103" daemon prio=5 tid=103 timed_waiting
java.lang.Thread.State: TIMED_WAITING
        at sun.misc.Unsafe.park(Native Method)
        at java.util.concurrent.locks.LockSupport.parkNanos(LockSupport.java:215)
        at java.util.concurrent.locks.AbstractQueuedSynchronizer$ConditionObject.awaitNanos(AbstractQueuedSynchronizer.java:2078)
        at org.eclipse.jetty.util.BlockingArrayQueue.poll(BlockingArrayQueue.java:382)
        at org.eclipse.jetty.util.thread.QueuedThreadPool$Runner.idleJobPoll(QueuedThreadPool.java:974)
        at org.eclipse.jetty.util.thread.QueuedThreadPool$Runner.run(QueuedThreadPool.java:1018)
        at java.lang.Thread.run(Thread.java:750)
"org.apache.hadoop.util.JvmPauseMonitor$Monitor@29ba61dd" daemon prio=5 tid=297 timed_waiting
java.lang.Thread.State: TIMED_WAITING
        at java.lang.Thread.sleep(Native Method)
        at org.apache.hadoop.util.JvmPauseMonitor$Monitor.run(JvmPauseMonitor.java:192)
        at java.lang.Thread.run(Thread.java:750)
"qtp1357174989-106" daemon prio=5 tid=106 timed_waiting
java.lang.Thread.State: TIMED_WAITING
        at sun.misc.Unsafe.park(Native Method)
        at java.util.concurrent.locks.LockSupport.parkNanos(LockSupport.java:215)
        at java.util.concurrent.locks.AbstractQueuedSynchronizer$ConditionObject.awaitNanos(AbstractQueuedSynchronizer.java:2078)
        at org.eclipse.jetty.util.BlockingArrayQueue.poll(BlockingArrayQueue.java:382)
        at org.eclipse.jetty.util.thread.QueuedThreadPool$Runner.idleJobPoll(QueuedThreadPool.java:974)
        at org.eclipse.jetty.util.thread.QueuedThreadPool$Runner.run(QueuedThreadPool.java:1018)
        at java.lang.Thread.run(Thread.java:750)
"grpc-default-executor-4" daemon prio=5 tid=502 timed_waiting
java.lang.Thread.State: TIMED_WAITING
        at sun.misc.Unsafe.park(Native Method)
        at java.util.concurrent.locks.LockSupport.parkNanos(LockSupport.java:215)
        at java.util.concurrent.SynchronousQueue$TransferStack.awaitFulfill(SynchronousQueue.java:460)
        at java.util.concurrent.SynchronousQueue$TransferStack.transfer(SynchronousQueue.java:362)
        at java.util.concurrent.SynchronousQueue.poll(SynchronousQueue.java:941)
        at java.util.concurrent.ThreadPoolExecutor.getTask(ThreadPoolExecutor.java:1073)
        at java.util.concurrent.ThreadPoolExecutor.runWorker(ThreadPoolExecutor.java:1134)
        at java.util.concurrent.ThreadPoolExecutor$Worker.run(ThreadPoolExecutor.java:624)
        at java.lang.Thread.run(Thread.java:750)
"pool-151-thread-1"  prio=5 tid=254 timed_waiting
java.lang.Thread.State: TIMED_WAITING
        at sun.misc.Unsafe.park(Native Method)
        at java.util.concurrent.locks.LockSupport.parkNanos(LockSupport.java:215)
        at java.util.concurrent.locks.AbstractQueuedSynchronizer$ConditionObject.awaitNanos(AbstractQueuedSynchronizer.java:2078)
        at java.util.concurrent.ScheduledThreadPoolExecutor$DelayedWorkQueue.take(ScheduledThreadPoolExecutor.java:1093)
        at java.util.concurrent.ScheduledThreadPoolExecutor$DelayedWorkQueue.take(ScheduledThreadPoolExecutor.java:809)
        at java.util.concurrent.ThreadPoolExecutor.getTask(ThreadPoolExecutor.java:1074)
        at java.util.concurrent.ThreadPoolExecutor.runWorker(ThreadPoolExecutor.java:1134)
        at java.util.concurrent.ThreadPoolExecutor$Worker.run(ThreadPoolExecutor.java:624)
        at java.lang.Thread.run(Thread.java:750)
"IPC Server handler 17 on default port 46105" daemon prio=5 tid=94 timed_waiting
java.lang.Thread.State: TIMED_WAITING
        at sun.misc.Unsafe.park(Native Method)
        at java.util.concurrent.locks.LockSupport.parkNanos(LockSupport.java:215)
        at java.util.concurrent.locks.AbstractQueuedSynchronizer$ConditionObject.awaitNanos(AbstractQueuedSynchronizer.java:2078)
        at java.util.concurrent.LinkedBlockingQueue.poll(LinkedBlockingQueue.java:467)
        at org.apache.hadoop.ipc.CallQueueManager.take(CallQueueManager.java:317)
        at org.apache.hadoop.ipc.Server$Handler.run(Server.java:2932)
"Datanode State Machine Daemon Thread" daemon prio=5 tid=290 timed_waiting
java.lang.Thread.State: TIMED_WAITING
        at java.lang.Thread.sleep(Native Method)
        at org.apache.hadoop.ozone.container.common.statemachine.DatanodeStateMachine.startStateMachineThread(DatanodeStateMachine.java:313)
        at org.apache.hadoop.ozone.container.common.statemachine.DatanodeStateMachine.lambda$startDaemon$0(DatanodeStateMachine.java:493)
        at org.apache.hadoop.ozone.container.common.statemachine.DatanodeStateMachine$$Lambda$674/1897013268.run(Unknown Source)
        at java.lang.Thread.run(Thread.java:750)
"IPC Server listener on 0" daemon prio=5 tid=31 runnable
java.lang.Thread.State: RUNNABLE
        at sun.nio.ch.EPollArrayWrapper.epollWait(Native Method)
        at sun.nio.ch.EPollArrayWrapper.poll(EPollArrayWrapper.java:269)
        at sun.nio.ch.EPollSelectorImpl.doSelect(EPollSelectorImpl.java:93)
        at sun.nio.ch.SelectorImpl.lockAndDoSelect(SelectorImpl.java:86)
        at sun.nio.ch.SelectorImpl.select(SelectorImpl.java:97)
        at sun.nio.ch.SelectorImpl.select(SelectorImpl.java:101)
        at org.apache.hadoop.ipc.Server$Listener.run(Server.java:1350)
"pool-174-thread-1"  prio=5 tid=280 timed_waiting
java.lang.Thread.State: TIMED_WAITING
        at sun.misc.Unsafe.park(Native Method)
        at java.util.concurrent.locks.LockSupport.parkNanos(LockSupport.java:215)
        at java.util.concurrent.locks.AbstractQueuedSynchronizer$ConditionObject.awaitNanos(AbstractQueuedSynchronizer.java:2078)
        at java.util.concurrent.ScheduledThreadPoolExecutor$DelayedWorkQueue.take(ScheduledThreadPoolExecutor.java:1093)
        at java.util.concurrent.ScheduledThreadPoolExecutor$DelayedWorkQueue.take(ScheduledThreadPoolExecutor.java:809)
        at java.util.concurrent.ThreadPoolExecutor.getTask(ThreadPoolExecutor.java:1074)
        at java.util.concurrent.ThreadPoolExecutor.runWorker(ThreadPoolExecutor.java:1134)
        at java.util.concurrent.ThreadPoolExecutor$Worker.run(ThreadPoolExecutor.java:624)
        at java.lang.Thread.run(Thread.java:750)
"pool-60-thread-1"  prio=5 tid=572 in Object.wait()
java.lang.Thread.State: WAITING (on object monitor)
        at sun.misc.Unsafe.park(Native Method)
        at java.util.concurrent.locks.LockSupport.park(LockSupport.java:175)
        at java.util.concurrent.locks.AbstractQueuedSynchronizer$ConditionObject.await(AbstractQueuedSynchronizer.java:2039)
        at java.util.concurrent.ArrayBlockingQueue.take(ArrayBlockingQueue.java:403)
        at java.util.concurrent.ThreadPoolExecutor.getTask(ThreadPoolExecutor.java:1074)
        at java.util.concurrent.ThreadPoolExecutor.runWorker(ThreadPoolExecutor.java:1134)
        at java.util.concurrent.ThreadPoolExecutor$Worker.run(ThreadPoolExecutor.java:624)
        at java.lang.Thread.run(Thread.java:750)
"ChunkWriter-3-0" daemon prio=5 tid=317 in Object.wait()
java.lang.Thread.State: WAITING (on object monitor)
        at sun.misc.Unsafe.park(Native Method)
        at java.util.concurrent.locks.LockSupport.park(LockSupport.java:175)
        at java.util.concurrent.locks.AbstractQueuedSynchronizer$ConditionObject.await(AbstractQueuedSynchronizer.java:2039)
        at java.util.concurrent.LinkedBlockingDeque.takeFirst(LinkedBlockingDeque.java:492)
        at java.util.concurrent.LinkedBlockingDeque.take(LinkedBlockingDeque.java:680)
        at java.util.concurrent.ThreadPoolExecutor.getTask(ThreadPoolExecutor.java:1074)
        at java.util.concurrent.ThreadPoolExecutor.runWorker(ThreadPoolExecutor.java:1134)
        at java.util.concurrent.ThreadPoolExecutor$Worker.run(ThreadPoolExecutor.java:624)
        at java.lang.Thread.run(Thread.java:750)
"ContainerOp-11a09448-7cda-4d49-9fe8-abfecfd9e082-4"  prio=5 tid=523 in Object.wait()
java.lang.Thread.State: WAITING (on object monitor)
        at sun.misc.Unsafe.park(Native Method)
        at java.util.concurrent.locks.LockSupport.park(LockSupport.java:175)
        at java.util.concurrent.locks.AbstractQueuedSynchronizer$ConditionObject.await(AbstractQueuedSynchronizer.java:2039)
        at java.util.concurrent.LinkedBlockingQueue.take(LinkedBlockingQueue.java:442)
        at java.util.concurrent.ThreadPoolExecutor.getTask(ThreadPoolExecutor.java:1074)
        at java.util.concurrent.ThreadPoolExecutor.runWorker(ThreadPoolExecutor.java:1134)
        at java.util.concurrent.ThreadPoolExecutor$Worker.run(ThreadPoolExecutor.java:624)
        at java.lang.Thread.run(Thread.java:750)
"7cc4dae5-b8b1-4887-8b99-c7b379db6b59@group-6A8FC32459EF-SegmentedRaftLogWorker"  prio=5 tid=386 timed_waiting
java.lang.Thread.State: TIMED_WAITING
        at sun.misc.Unsafe.park(Native Method)
        at java.util.concurrent.locks.LockSupport.parkNanos(LockSupport.java:215)
        at java.util.concurrent.locks.AbstractQueuedSynchronizer$ConditionObject.awaitNanos(AbstractQueuedSynchronizer.java:2078)
        at org.apache.ratis.util.DataBlockingQueue.poll(DataBlockingQueue.java:148)
        at org.apache.ratis.server.raftlog.segmented.SegmentedRaftLogWorker.run(SegmentedRaftLogWorker.java:301)
        at org.apache.ratis.server.raftlog.segmented.SegmentedRaftLogWorker$$Lambda$559/530335698.run(Unknown Source)
        at java.lang.Thread.run(Thread.java:750)
"qtp1658655896-181" daemon prio=5 tid=181 timed_waiting
java.lang.Thread.State: TIMED_WAITING
        at sun.misc.Unsafe.park(Native Method)
        at java.util.concurrent.locks.LockSupport.parkNanos(LockSupport.java:215)
        at java.util.concurrent.locks.AbstractQueuedSynchronizer$ConditionObject.awaitNanos(AbstractQueuedSynchronizer.java:2078)
        at org.eclipse.jetty.util.BlockingArrayQueue.poll(BlockingArrayQueue.java:382)
        at org.eclipse.jetty.util.thread.QueuedThreadPool$Runner.idleJobPoll(QueuedThreadPool.java:974)
        at org.eclipse.jetty.util.thread.QueuedThreadPool$Runner.run(QueuedThreadPool.java:1018)
        at java.lang.Thread.run(Thread.java:750)
"IPC Server handler 2 on default port 39603" daemon prio=5 tid=39 timed_waiting
java.lang.Thread.State: TIMED_WAITING
        at sun.misc.Unsafe.park(Native Method)
        at java.util.concurrent.locks.LockSupport.parkNanos(LockSupport.java:215)
        at java.util.concurrent.locks.AbstractQueuedSynchronizer$ConditionObject.awaitNanos(AbstractQueuedSynchronizer.java:2078)
        at java.util.concurrent.LinkedBlockingQueue.poll(LinkedBlockingQueue.java:467)
        at org.apache.hadoop.ipc.CallQueueManager.take(CallQueueManager.java:317)
        at org.apache.hadoop.ipc.Server$Handler.run(Server.java:2932)
"pool-82-thread-1"  prio=5 tid=174 timed_waiting
java.lang.Thread.State: TIMED_WAITING
        at sun.misc.Unsafe.park(Native Method)
        at java.util.concurrent.locks.LockSupport.parkNanos(LockSupport.java:215)
        at java.util.concurrent.locks.AbstractQueuedSynchronizer$ConditionObject.awaitNanos(AbstractQueuedSynchronizer.java:2078)
        at java.util.concurrent.ScheduledThreadPoolExecutor$DelayedWorkQueue.take(ScheduledThreadPoolExecutor.java:1093)
        at java.util.concurrent.ScheduledThreadPoolExecutor$DelayedWorkQueue.take(ScheduledThreadPoolExecutor.java:809)
        at java.util.concurrent.ThreadPoolExecutor.getTask(ThreadPoolExecutor.java:1074)
        at java.util.concurrent.ThreadPoolExecutor.runWorker(ThreadPoolExecutor.java:1134)
        at java.util.concurrent.ThreadPoolExecutor$Worker.run(ThreadPoolExecutor.java:624)
        at java.lang.Thread.run(Thread.java:750)
"IPC Server handler 3 on default port 43477" daemon prio=5 tid=60 timed_waiting
java.lang.Thread.State: TIMED_WAITING
        at sun.misc.Unsafe.park(Native Method)
        at java.util.concurrent.locks.LockSupport.parkNanos(LockSupport.java:215)
        at java.util.concurrent.locks.AbstractQueuedSynchronizer$ConditionObject.awaitNanos(AbstractQueuedSynchronizer.java:2078)
        at java.util.concurrent.LinkedBlockingQueue.poll(LinkedBlockingQueue.java:467)
        at org.apache.hadoop.ipc.CallQueueManager.take(CallQueueManager.java:317)
        at org.apache.hadoop.ipc.Server$Handler.run(Server.java:2932)
"StaleRecoveringContainerScrubbingService#3" daemon prio=5 tid=782 in Object.wait()
java.lang.Thread.State: WAITING (on object monitor)
        at sun.misc.Unsafe.park(Native Method)
        at java.util.concurrent.locks.LockSupport.park(LockSupport.java:175)
        at java.util.concurrent.locks.AbstractQueuedSynchronizer$ConditionObject.await(AbstractQueuedSynchronizer.java:2039)
        at java.util.concurrent.ScheduledThreadPoolExecutor$DelayedWorkQueue.take(ScheduledThreadPoolExecutor.java:1088)
        at java.util.concurrent.ScheduledThreadPoolExecutor$DelayedWorkQueue.take(ScheduledThreadPoolExecutor.java:809)
        at java.util.concurrent.ThreadPoolExecutor.getTask(ThreadPoolExecutor.java:1074)
        at java.util.concurrent.ThreadPoolExecutor.runWorker(ThreadPoolExecutor.java:1134)
        at java.util.concurrent.ThreadPoolExecutor$Worker.run(ThreadPoolExecutor.java:624)
        at java.lang.Thread.run(Thread.java:750)
"IPC Server handler 15 on default port 35175" daemon prio=5 tid=159 timed_waiting
java.lang.Thread.State: TIMED_WAITING
        at sun.misc.Unsafe.park(Native Method)
        at java.util.concurrent.locks.LockSupport.parkNanos(LockSupport.java:215)
        at java.util.concurrent.locks.AbstractQueuedSynchronizer$ConditionObject.awaitNanos(AbstractQueuedSynchronizer.java:2078)
        at java.util.concurrent.LinkedBlockingQueue.poll(LinkedBlockingQueue.java:467)
        at org.apache.hadoop.ipc.CallQueueManager.take(CallQueueManager.java:317)
        at org.apache.hadoop.ipc.Server$Handler.run(Server.java:2932)
"pool-31-thread-1"  prio=5 tid=99 timed_waiting
java.lang.Thread.State: TIMED_WAITING
        at sun.misc.Unsafe.park(Native Method)
        at java.util.concurrent.locks.LockSupport.parkNanos(LockSupport.java:215)
        at java.util.concurrent.locks.AbstractQueuedSynchronizer$ConditionObject.awaitNanos(AbstractQueuedSynchronizer.java:2078)
        at java.util.concurrent.ScheduledThreadPoolExecutor$DelayedWorkQueue.take(ScheduledThreadPoolExecutor.java:1093)
        at java.util.concurrent.ScheduledThreadPoolExecutor$DelayedWorkQueue.take(ScheduledThreadPoolExecutor.java:809)
        at java.util.concurrent.ThreadPoolExecutor.getTask(ThreadPoolExecutor.java:1074)
        at java.util.concurrent.ThreadPoolExecutor.runWorker(ThreadPoolExecutor.java:1134)
        at java.util.concurrent.ThreadPoolExecutor$Worker.run(ThreadPoolExecutor.java:624)
        at java.lang.Thread.run(Thread.java:750)
"e84011ff-6ca7-4c66-9967-ecab54098873@group-9BCFE6B2AEA6-SegmentedRaftLogWorker"  prio=5 tid=418 timed_waiting
java.lang.Thread.State: TIMED_WAITING
        at sun.misc.Unsafe.park(Native Method)
        at java.util.concurrent.locks.LockSupport.parkNanos(LockSupport.java:215)
        at java.util.concurrent.locks.AbstractQueuedSynchronizer$ConditionObject.awaitNanos(AbstractQueuedSynchronizer.java:2078)
        at org.apache.ratis.util.DataBlockingQueue.poll(DataBlockingQueue.java:148)
        at org.apache.ratis.server.raftlog.segmented.SegmentedRaftLogWorker.run(SegmentedRaftLogWorker.java:301)
        at org.apache.ratis.server.raftlog.segmented.SegmentedRaftLogWorker$$Lambda$559/530335698.run(Unknown Source)
        at java.lang.Thread.run(Thread.java:750)
"Session-HouseKeeper-64867a0c-1"  prio=5 tid=237 timed_waiting
java.lang.Thread.State: TIMED_WAITING
        at sun.misc.Unsafe.park(Native Method)
        at java.util.concurrent.locks.LockSupport.parkNanos(LockSupport.java:215)
        at java.util.concurrent.locks.AbstractQueuedSynchronizer$ConditionObject.awaitNanos(AbstractQueuedSynchronizer.java:2078)
        at java.util.concurrent.ScheduledThreadPoolExecutor$DelayedWorkQueue.take(ScheduledThreadPoolExecutor.java:1093)
        at java.util.concurrent.ScheduledThreadPoolExecutor$DelayedWorkQueue.take(ScheduledThreadPoolExecutor.java:809)
        at java.util.concurrent.ThreadPoolExecutor.getTask(ThreadPoolExecutor.java:1074)
        at java.util.concurrent.ThreadPoolExecutor.runWorker(ThreadPoolExecutor.java:1134)
        at java.util.concurrent.ThreadPoolExecutor$Worker.run(ThreadPoolExecutor.java:624)
        at java.lang.Thread.run(Thread.java:750)
"IPC Server handler 0 on default port 35175" daemon prio=5 tid=144 timed_waiting
java.lang.Thread.State: TIMED_WAITING
        at sun.misc.Unsafe.park(Native Method)
        at java.util.concurrent.locks.LockSupport.parkNanos(LockSupport.java:215)
        at java.util.concurrent.locks.AbstractQueuedSynchronizer$ConditionObject.awaitNanos(AbstractQueuedSynchronizer.java:2078)
        at java.util.concurrent.LinkedBlockingQueue.poll(LinkedBlockingQueue.java:467)
        at org.apache.hadoop.ipc.CallQueueManager.take(CallQueueManager.java:317)
        at org.apache.hadoop.ipc.Server$Handler.run(Server.java:2932)
"Command processor thread" daemon prio=5 tid=296 timed_waiting
java.lang.Thread.State: TIMED_WAITING
        at java.lang.Thread.sleep(Native Method)
        at org.apache.hadoop.ozone.container.common.statemachine.DatanodeStateMachine.lambda$initCommandHandlerThread$3(DatanodeStateMachine.java:628)
        at org.apache.hadoop.ozone.container.common.statemachine.DatanodeStateMachine$$Lambda$676/1780406170.run(Unknown Source)
        at java.lang.Thread.run(Thread.java:750)
"IPC Server handler 12 on default port 43477" daemon prio=5 tid=69 timed_waiting
java.lang.Thread.State: TIMED_WAITING
        at sun.misc.Unsafe.park(Native Method)
        at java.util.concurrent.locks.LockSupport.parkNanos(LockSupport.java:215)
        at java.util.concurrent.locks.AbstractQueuedSynchronizer$ConditionObject.awaitNanos(AbstractQueuedSynchronizer.java:2078)
        at java.util.concurrent.LinkedBlockingQueue.poll(LinkedBlockingQueue.java:467)
        at org.apache.hadoop.ipc.CallQueueManager.take(CallQueueManager.java:317)
        at org.apache.hadoop.ipc.Server$Handler.run(Server.java:2932)
"IPC Server handler 5 on default port 39603" daemon prio=5 tid=42 timed_waiting
java.lang.Thread.State: TIMED_WAITING
        at sun.misc.Unsafe.park(Native Method)
        at java.util.concurrent.locks.LockSupport.parkNanos(LockSupport.java:215)
        at java.util.concurrent.locks.AbstractQueuedSynchronizer$ConditionObject.awaitNanos(AbstractQueuedSynchronizer.java:2078)
        at java.util.concurrent.LinkedBlockingQueue.poll(LinkedBlockingQueue.java:467)
        at org.apache.hadoop.ipc.CallQueueManager.take(CallQueueManager.java:317)
        at org.apache.hadoop.ipc.Server$Handler.run(Server.java:2932)
"Datanode ReportManager Thread - 2" daemon prio=5 tid=215 in Object.wait()
java.lang.Thread.State: WAITING (on object monitor)
        at sun.misc.Unsafe.park(Native Method)
        at java.util.concurrent.locks.LockSupport.park(LockSupport.java:175)
        at java.util.concurrent.locks.AbstractQueuedSynchronizer$ConditionObject.await(AbstractQueuedSynchronizer.java:2039)
        at java.util.concurrent.ScheduledThreadPoolExecutor$DelayedWorkQueue.take(ScheduledThreadPoolExecutor.java:1088)
        at java.util.concurrent.ScheduledThreadPoolExecutor$DelayedWorkQueue.take(ScheduledThreadPoolExecutor.java:809)
        at java.util.concurrent.ThreadPoolExecutor.getTask(ThreadPoolExecutor.java:1074)
        at java.util.concurrent.ThreadPoolExecutor.runWorker(ThreadPoolExecutor.java:1134)
        at java.util.concurrent.ThreadPoolExecutor$Worker.run(ThreadPoolExecutor.java:624)
        at java.lang.Thread.run(Thread.java:750)
"a32d3105-1fa5-4486-a401-c143653c6277@group-DB4F30CEA4C9-SegmentedRaftLogWorker"  prio=5 tid=402 timed_waiting
java.lang.Thread.State: TIMED_WAITING
        at sun.misc.Unsafe.park(Native Method)
        at java.util.concurrent.locks.LockSupport.parkNanos(LockSupport.java:215)
        at java.util.concurrent.locks.AbstractQueuedSynchronizer$ConditionObject.awaitNanos(AbstractQueuedSynchronizer.java:2078)
        at org.apache.ratis.util.DataBlockingQueue.poll(DataBlockingQueue.java:148)
        at org.apache.ratis.server.raftlog.segmented.SegmentedRaftLogWorker.run(SegmentedRaftLogWorker.java:301)
        at org.apache.ratis.server.raftlog.segmented.SegmentedRaftLogWorker$$Lambda$559/530335698.run(Unknown Source)
        at java.lang.Thread.run(Thread.java:750)
"ChunkWriter-2-0" daemon prio=5 tid=340 in Object.wait()
java.lang.Thread.State: WAITING (on object monitor)
        at sun.misc.Unsafe.park(Native Method)
        at java.util.concurrent.locks.LockSupport.park(LockSupport.java:175)
        at java.util.concurrent.locks.AbstractQueuedSynchronizer$ConditionObject.await(AbstractQueuedSynchronizer.java:2039)
        at java.util.concurrent.LinkedBlockingDeque.takeFirst(LinkedBlockingDeque.java:492)
        at java.util.concurrent.LinkedBlockingDeque.take(LinkedBlockingDeque.java:680)
        at java.util.concurrent.ThreadPoolExecutor.getTask(ThreadPoolExecutor.java:1074)
        at java.util.concurrent.ThreadPoolExecutor.runWorker(ThreadPoolExecutor.java:1134)
        at java.util.concurrent.ThreadPoolExecutor$Worker.run(ThreadPoolExecutor.java:624)
        at java.lang.Thread.run(Thread.java:750)
"Datanode ReportManager Thread - 3" daemon prio=5 tid=294 timed_waiting
java.lang.Thread.State: TIMED_WAITING
        at sun.misc.Unsafe.park(Native Method)
        at java.util.concurrent.locks.LockSupport.parkNanos(LockSupport.java:215)
        at java.util.concurrent.locks.AbstractQueuedSynchronizer$ConditionObject.awaitNanos(AbstractQueuedSynchronizer.java:2078)
        at java.util.concurrent.ScheduledThreadPoolExecutor$DelayedWorkQueue.take(ScheduledThreadPoolExecutor.java:1093)
        at java.util.concurrent.ScheduledThreadPoolExecutor$DelayedWorkQueue.take(ScheduledThreadPoolExecutor.java:809)
        at java.util.concurrent.ThreadPoolExecutor.getTask(ThreadPoolExecutor.java:1074)
        at java.util.concurrent.ThreadPoolExecutor.runWorker(ThreadPoolExecutor.java:1134)
        at java.util.concurrent.ThreadPoolExecutor$Worker.run(ThreadPoolExecutor.java:624)
        at java.lang.Thread.run(Thread.java:750)
"7cc4dae5-b8b1-4887-8b99-c7b379db6b59@group-50F2D43333D0-LeaderStateImpl" daemon prio=5 tid=434 timed_waiting
java.lang.Thread.State: TIMED_WAITING
        at sun.misc.Unsafe.park(Native Method)
        at java.util.concurrent.locks.LockSupport.parkNanos(LockSupport.java:215)
        at java.util.concurrent.locks.AbstractQueuedSynchronizer$ConditionObject.awaitNanos(AbstractQueuedSynchronizer.java:2078)
        at java.util.concurrent.ArrayBlockingQueue.poll(ArrayBlockingQueue.java:418)
        at org.apache.ratis.server.impl.LeaderStateImpl$EventQueue.poll(LeaderStateImpl.java:159)
        at org.apache.ratis.server.impl.LeaderStateImpl$EventProcessor.run(LeaderStateImpl.java:630)
"EndpointStateMachine task thread for /0.0.0.0:46105 - 0 "  prio=5 tid=349 in Object.wait()
java.lang.Thread.State: WAITING (on object monitor)
        at sun.misc.Unsafe.park(Native Method)
        at java.util.concurrent.locks.LockSupport.park(LockSupport.java:175)
        at java.util.concurrent.locks.AbstractQueuedSynchronizer$ConditionObject.await(AbstractQueuedSynchronizer.java:2039)
        at java.util.concurrent.LinkedBlockingQueue.take(LinkedBlockingQueue.java:442)
        at java.util.concurrent.ThreadPoolExecutor.getTask(ThreadPoolExecutor.java:1074)
        at java.util.concurrent.ThreadPoolExecutor.runWorker(ThreadPoolExecutor.java:1134)
        at java.util.concurrent.ThreadPoolExecutor$Worker.run(ThreadPoolExecutor.java:624)
        at java.lang.Thread.run(Thread.java:750)
"qtp209381734-283" daemon prio=5 tid=283 timed_waiting
java.lang.Thread.State: TIMED_WAITING
        at sun.misc.Unsafe.park(Native Method)
        at java.util.concurrent.locks.LockSupport.parkNanos(LockSupport.java:215)
        at java.util.concurrent.locks.AbstractQueuedSynchronizer$ConditionObject.awaitNanos(AbstractQueuedSynchronizer.java:2078)
        at org.eclipse.jetty.util.BlockingArrayQueue.poll(BlockingArrayQueue.java:382)
        at org.eclipse.jetty.util.thread.QueuedThreadPool$Runner.idleJobPoll(QueuedThreadPool.java:974)
        at org.eclipse.jetty.util.thread.QueuedThreadPool$Runner.run(QueuedThreadPool.java:1018)
        at java.lang.Thread.run(Thread.java:750)
"EndpointStateMachine task thread for /0.0.0.0:46105 - 0 "  prio=5 tid=300 in Object.wait()
java.lang.Thread.State: WAITING (on object monitor)
        at sun.misc.Unsafe.park(Native Method)
        at java.util.concurrent.locks.LockSupport.park(LockSupport.java:175)
        at java.util.concurrent.locks.AbstractQueuedSynchronizer$ConditionObject.await(AbstractQueuedSynchronizer.java:2039)
        at java.util.concurrent.LinkedBlockingQueue.take(LinkedBlockingQueue.java:442)
        at java.util.concurrent.ThreadPoolExecutor.getTask(ThreadPoolExecutor.java:1074)
        at java.util.concurrent.ThreadPoolExecutor.runWorker(ThreadPoolExecutor.java:1134)
        at java.util.concurrent.ThreadPoolExecutor$Worker.run(ThreadPoolExecutor.java:624)
        at java.lang.Thread.run(Thread.java:750)
"a32d3105-1fa5-4486-a401-c143653c6277@group-DB4F30CEA4C9-StateMachineUpdater" daemon prio=5 tid=403 timed_waiting
java.lang.Thread.State: TIMED_WAITING
        at sun.misc.Unsafe.park(Native Method)
        at java.util.concurrent.locks.LockSupport.parkNanos(LockSupport.java:215)
        at java.util.concurrent.CompletableFuture$Signaller.block(CompletableFuture.java:1709)
        at java.util.concurrent.ForkJoinPool.managedBlock(ForkJoinPool.java:3323)
        at java.util.concurrent.CompletableFuture.timedGet(CompletableFuture.java:1788)
        at java.util.concurrent.CompletableFuture.get(CompletableFuture.java:1928)
        at org.apache.ratis.util.AwaitForSignal.await(AwaitForSignal.java:56)
        at org.apache.ratis.server.impl.StateMachineUpdater.waitForCommit(StateMachineUpdater.java:207)
        at org.apache.ratis.server.impl.StateMachineUpdater.run(StateMachineUpdater.java:176)
        at java.lang.Thread.run(Thread.java:750)
"IPC Server handler 10 on default port 39603" daemon prio=5 tid=47 timed_waiting
java.lang.Thread.State: TIMED_WAITING
        at sun.misc.Unsafe.park(Native Method)
        at java.util.concurrent.locks.LockSupport.parkNanos(LockSupport.java:215)
        at java.util.concurrent.locks.AbstractQueuedSynchronizer$ConditionObject.awaitNanos(AbstractQueuedSynchronizer.java:2078)
        at java.util.concurrent.LinkedBlockingQueue.poll(LinkedBlockingQueue.java:467)
        at org.apache.hadoop.ipc.CallQueueManager.take(CallQueueManager.java:317)
        at org.apache.hadoop.ipc.Server$Handler.run(Server.java:2932)
"qtp868128251-236" daemon prio=5 tid=236 timed_waiting
java.lang.Thread.State: TIMED_WAITING
        at sun.misc.Unsafe.park(Native Method)
        at java.util.concurrent.locks.LockSupport.parkNanos(LockSupport.java:215)
        at java.util.concurrent.locks.AbstractQueuedSynchronizer$ConditionObject.awaitNanos(AbstractQueuedSynchronizer.java:2078)
        at org.eclipse.jetty.util.BlockingArrayQueue.poll(BlockingArrayQueue.java:382)
        at org.eclipse.jetty.util.thread.QueuedThreadPool$Runner.idleJobPoll(QueuedThreadPool.java:974)
        at org.eclipse.jetty.util.thread.QueuedThreadPool$Runner.run(QueuedThreadPool.java:1018)
        at java.lang.Thread.run(Thread.java:750)
"StaleRecoveringContainerScrubbingService#2" daemon prio=5 tid=679 in Object.wait()
java.lang.Thread.State: WAITING (on object monitor)
        at sun.misc.Unsafe.park(Native Method)
        at java.util.concurrent.locks.LockSupport.park(LockSupport.java:175)
        at java.util.concurrent.locks.AbstractQueuedSynchronizer$ConditionObject.await(AbstractQueuedSynchronizer.java:2039)
        at java.util.concurrent.ScheduledThreadPoolExecutor$DelayedWorkQueue.take(ScheduledThreadPoolExecutor.java:1088)
        at java.util.concurrent.ScheduledThreadPoolExecutor$DelayedWorkQueue.take(ScheduledThreadPoolExecutor.java:809)
        at java.util.concurrent.ThreadPoolExecutor.getTask(ThreadPoolExecutor.java:1074)
        at java.util.concurrent.ThreadPoolExecutor.runWorker(ThreadPoolExecutor.java:1134)
        at java.util.concurrent.ThreadPoolExecutor$Worker.run(ThreadPoolExecutor.java:624)
        at java.lang.Thread.run(Thread.java:750)
"Datanode ReportManager Thread - 4" daemon prio=5 tid=217 in Object.wait()
java.lang.Thread.State: WAITING (on object monitor)
        at sun.misc.Unsafe.park(Native Method)
        at java.util.concurrent.locks.LockSupport.park(LockSupport.java:175)
        at java.util.concurrent.locks.AbstractQueuedSynchronizer$ConditionObject.await(AbstractQueuedSynchronizer.java:2039)
        at java.util.concurrent.ScheduledThreadPoolExecutor$DelayedWorkQueue.take(ScheduledThreadPoolExecutor.java:1088)
        at java.util.concurrent.ScheduledThreadPoolExecutor$DelayedWorkQueue.take(ScheduledThreadPoolExecutor.java:809)
        at java.util.concurrent.ThreadPoolExecutor.getTask(ThreadPoolExecutor.java:1074)
        at java.util.concurrent.ThreadPoolExecutor.runWorker(ThreadPoolExecutor.java:1134)
        at java.util.concurrent.ThreadPoolExecutor$Worker.run(ThreadPoolExecutor.java:624)
        at java.lang.Thread.run(Thread.java:750)
"BlockDeletingService#1" daemon prio=5 tid=334 in Object.wait()
java.lang.Thread.State: WAITING (on object monitor)
        at sun.misc.Unsafe.park(Native Method)
        at java.util.concurrent.locks.LockSupport.park(LockSupport.java:175)
        at java.util.concurrent.locks.AbstractQueuedSynchronizer$ConditionObject.await(AbstractQueuedSynchronizer.java:2039)
        at java.util.concurrent.ScheduledThreadPoolExecutor$DelayedWorkQueue.take(ScheduledThreadPoolExecutor.java:1088)
        at java.util.concurrent.ScheduledThreadPoolExecutor$DelayedWorkQueue.take(ScheduledThreadPoolExecutor.java:809)
        at java.util.concurrent.ThreadPoolExecutor.getTask(ThreadPoolExecutor.java:1074)
        at java.util.concurrent.ThreadPoolExecutor.runWorker(ThreadPoolExecutor.java:1134)
        at java.util.concurrent.ThreadPoolExecutor$Worker.run(ThreadPoolExecutor.java:624)
        at java.lang.Thread.run(Thread.java:750)
"ChunkWriter-3-0" daemon prio=5 tid=353 in Object.wait()
java.lang.Thread.State: WAITING (on object monitor)
        at sun.misc.Unsafe.park(Native Method)
        at java.util.concurrent.locks.LockSupport.park(LockSupport.java:175)
        at java.util.concurrent.locks.AbstractQueuedSynchronizer$ConditionObject.await(AbstractQueuedSynchronizer.java:2039)
        at java.util.concurrent.LinkedBlockingDeque.takeFirst(LinkedBlockingDeque.java:492)
        at java.util.concurrent.LinkedBlockingDeque.take(LinkedBlockingDeque.java:680)
        at java.util.concurrent.ThreadPoolExecutor.getTask(ThreadPoolExecutor.java:1074)
        at java.util.concurrent.ThreadPoolExecutor.runWorker(ThreadPoolExecutor.java:1134)
        at java.util.concurrent.ThreadPoolExecutor$Worker.run(ThreadPoolExecutor.java:624)
        at java.lang.Thread.run(Thread.java:750)
"qtp658634349-204-acceptor-0@5aa43d7e-ServerConnector@56725cf0{HTTP/1.1, (http/1.1)}{0.0.0.0:34077}" daemon prio=3 tid=204 runnable
java.lang.Thread.State: RUNNABLE
        at sun.nio.ch.ServerSocketChannelImpl.accept0(Native Method)
        at sun.nio.ch.ServerSocketChannelImpl.accept(ServerSocketChannelImpl.java:421)
        at sun.nio.ch.ServerSocketChannelImpl.accept(ServerSocketChannelImpl.java:249)
        at org.eclipse.jetty.server.ServerConnector.accept(ServerConnector.java:388)
        at org.eclipse.jetty.server.AbstractConnector$Acceptor.run(AbstractConnector.java:702)
        at org.eclipse.jetty.util.thread.QueuedThreadPool.runJob(QueuedThreadPool.java:883)
        at org.eclipse.jetty.util.thread.QueuedThreadPool$Runner.run(QueuedThreadPool.java:1034)
        at java.lang.Thread.run(Thread.java:750)
"3af0815a-b562-4e3c-89c3-e6a4aa9e64d7@group-3C12C85C2B14-SegmentedRaftLogWorker"  prio=5 tid=422 timed_waiting
java.lang.Thread.State: TIMED_WAITING
        at sun.misc.Unsafe.park(Native Method)
        at java.util.concurrent.locks.LockSupport.parkNanos(LockSupport.java:215)
        at java.util.concurrent.locks.AbstractQueuedSynchronizer$ConditionObject.awaitNanos(AbstractQueuedSynchronizer.java:2078)
        at org.apache.ratis.util.DataBlockingQueue.poll(DataBlockingQueue.java:148)
        at org.apache.ratis.server.raftlog.segmented.SegmentedRaftLogWorker.run(SegmentedRaftLogWorker.java:301)
        at org.apache.ratis.server.raftlog.segmented.SegmentedRaftLogWorker$$Lambda$559/530335698.run(Unknown Source)
        at java.lang.Thread.run(Thread.java:750)
"qtp1658655896-179" daemon prio=5 tid=179 timed_waiting
java.lang.Thread.State: TIMED_WAITING
        at sun.misc.Unsafe.park(Native Method)
        at java.util.concurrent.locks.LockSupport.parkNanos(LockSupport.java:215)
        at java.util.concurrent.locks.AbstractQueuedSynchronizer$ConditionObject.awaitNanos(AbstractQueuedSynchronizer.java:2078)
        at org.eclipse.jetty.util.BlockingArrayQueue.poll(BlockingArrayQueue.java:382)
        at org.eclipse.jetty.util.thread.QueuedThreadPool$Runner.idleJobPoll(QueuedThreadPool.java:974)
        at org.eclipse.jetty.util.thread.QueuedThreadPool$Runner.run(QueuedThreadPool.java:1018)
        at java.lang.Thread.run(Thread.java:750)
"IPC Server handler 1 on default port 43477" daemon prio=5 tid=58 timed_waiting
java.lang.Thread.State: TIMED_WAITING
        at sun.misc.Unsafe.park(Native Method)
        at java.util.concurrent.locks.LockSupport.parkNanos(LockSupport.java:215)
        at java.util.concurrent.locks.AbstractQueuedSynchronizer$ConditionObject.awaitNanos(AbstractQueuedSynchronizer.java:2078)
        at java.util.concurrent.LinkedBlockingQueue.poll(LinkedBlockingQueue.java:467)
        at org.apache.hadoop.ipc.CallQueueManager.take(CallQueueManager.java:317)
        at org.apache.hadoop.ipc.Server$Handler.run(Server.java:2932)
"org.apache.ratis.util.JvmPauseMonitor$$Lambda$631/606875044@3383556c" daemon prio=5 tid=306 timed_waiting
java.lang.Thread.State: TIMED_WAITING
        at java.lang.Thread.sleep(Native Method)
        at java.lang.Thread.sleep(Thread.java:342)
        at java.util.concurrent.TimeUnit.sleep(TimeUnit.java:386)
        at org.apache.ratis.util.TimeDuration.sleep(TimeDuration.java:325)
        at org.apache.ratis.util.TimeDuration.sleep(TimeDuration.java:310)
        at org.apache.ratis.util.JvmPauseMonitor.detectPause(JvmPauseMonitor.java:117)
        at org.apache.ratis.util.JvmPauseMonitor.run(JvmPauseMonitor.java:106)
        at org.apache.ratis.util.JvmPauseMonitor$$Lambda$631/606875044.run(Unknown Source)
        at java.lang.Thread.run(Thread.java:750)
"Timer for 'StorageContainerManager' metrics system" daemon prio=5 tid=35 timed_waiting
java.lang.Thread.State: TIMED_WAITING
        at java.lang.Object.wait(Native Method)
        at java.util.TimerThread.mainLoop(Timer.java:552)
        at java.util.TimerThread.run(Timer.java:505)
"IPC Server handler 5 on default port 46105" daemon prio=5 tid=82 timed_waiting
java.lang.Thread.State: TIMED_WAITING
        at sun.misc.Unsafe.park(Native Method)
        at java.util.concurrent.locks.LockSupport.parkNanos(LockSupport.java:215)
        at java.util.concurrent.locks.AbstractQueuedSynchronizer$ConditionObject.awaitNanos(AbstractQueuedSynchronizer.java:2078)
        at java.util.concurrent.LinkedBlockingQueue.poll(LinkedBlockingQueue.java:467)
        at org.apache.hadoop.ipc.CallQueueManager.take(CallQueueManager.java:317)
        at org.apache.hadoop.ipc.Server$Handler.run(Server.java:2932)
"StaleRecoveringContainerScrubbingService#3" daemon prio=5 tid=791 in Object.wait()
java.lang.Thread.State: WAITING (on object monitor)
        at sun.misc.Unsafe.park(Native Method)
        at java.util.concurrent.locks.LockSupport.park(LockSupport.java:175)
        at java.util.concurrent.locks.AbstractQueuedSynchronizer$ConditionObject.await(AbstractQueuedSynchronizer.java:2039)
        at java.util.concurrent.ScheduledThreadPoolExecutor$DelayedWorkQueue.take(ScheduledThreadPoolExecutor.java:1088)
        at java.util.concurrent.ScheduledThreadPoolExecutor$DelayedWorkQueue.take(ScheduledThreadPoolExecutor.java:809)
        at java.util.concurrent.ThreadPoolExecutor.getTask(ThreadPoolExecutor.java:1074)
        at java.util.concurrent.ThreadPoolExecutor.runWorker(ThreadPoolExecutor.java:1134)
        at java.util.concurrent.ThreadPoolExecutor$Worker.run(ThreadPoolExecutor.java:624)
        at java.lang.Thread.run(Thread.java:750)
"StaleRecoveringContainerScrubbingService#2" daemon prio=5 tid=683 in Object.wait()
java.lang.Thread.State: WAITING (on object monitor)
        at sun.misc.Unsafe.park(Native Method)
        at java.util.concurrent.locks.LockSupport.park(LockSupport.java:175)
        at java.util.concurrent.locks.AbstractQueuedSynchronizer$ConditionObject.await(AbstractQueuedSynchronizer.java:2039)
        at java.util.concurrent.ScheduledThreadPoolExecutor$DelayedWorkQueue.take(ScheduledThreadPoolExecutor.java:1088)
        at java.util.concurrent.ScheduledThreadPoolExecutor$DelayedWorkQueue.take(ScheduledThreadPoolExecutor.java:809)
        at java.util.concurrent.ThreadPoolExecutor.getTask(ThreadPoolExecutor.java:1074)
        at java.util.concurrent.ThreadPoolExecutor.runWorker(ThreadPoolExecutor.java:1134)
        at java.util.concurrent.ThreadPoolExecutor$Worker.run(ThreadPoolExecutor.java:624)
        at java.lang.Thread.run(Thread.java:750)
"pool-142-thread-1"  prio=5 tid=417 in Object.wait()
java.lang.Thread.State: WAITING (on object monitor)
        at sun.misc.Unsafe.park(Native Method)
        at java.util.concurrent.locks.LockSupport.park(LockSupport.java:175)
        at java.util.concurrent.locks.AbstractQueuedSynchronizer$ConditionObject.await(AbstractQueuedSynchronizer.java:2039)
        at java.util.concurrent.LinkedBlockingQueue.take(LinkedBlockingQueue.java:442)
        at java.util.concurrent.ThreadPoolExecutor.getTask(ThreadPoolExecutor.java:1074)
        at java.util.concurrent.ThreadPoolExecutor.runWorker(ThreadPoolExecutor.java:1134)
        at java.util.concurrent.ThreadPoolExecutor$Worker.run(ThreadPoolExecutor.java:624)
        at java.lang.Thread.run(Thread.java:750)
"qtp24682673-257" daemon prio=5 tid=257 timed_waiting
java.lang.Thread.State: TIMED_WAITING
        at sun.misc.Unsafe.park(Native Method)
        at java.util.concurrent.locks.LockSupport.parkNanos(LockSupport.java:215)
        at java.util.concurrent.locks.AbstractQueuedSynchronizer$ConditionObject.awaitNanos(AbstractQueuedSynchronizer.java:2078)
        at org.eclipse.jetty.util.BlockingArrayQueue.poll(BlockingArrayQueue.java:382)
        at org.eclipse.jetty.util.thread.QueuedThreadPool$Runner.idleJobPoll(QueuedThreadPool.java:974)
        at org.eclipse.jetty.util.thread.QueuedThreadPool$Runner.run(QueuedThreadPool.java:1018)
        at java.lang.Thread.run(Thread.java:750)
"org.apache.ratis.util.JvmPauseMonitor$$Lambda$631/606875044@5464a18" daemon prio=5 tid=129 timed_waiting
java.lang.Thread.State: TIMED_WAITING
        at java.lang.Thread.sleep(Native Method)
        at java.lang.Thread.sleep(Thread.java:342)
        at java.util.concurrent.TimeUnit.sleep(TimeUnit.java:386)
        at org.apache.ratis.util.TimeDuration.sleep(TimeDuration.java:325)
        at org.apache.ratis.util.TimeDuration.sleep(TimeDuration.java:310)
        at org.apache.ratis.util.JvmPauseMonitor.detectPause(JvmPauseMonitor.java:117)
        at org.apache.ratis.util.JvmPauseMonitor.run(JvmPauseMonitor.java:106)
        at org.apache.ratis.util.JvmPauseMonitor$$Lambda$631/606875044.run(Unknown Source)
        at java.lang.Thread.run(Thread.java:750)
"ChunkWriter-0-0" daemon prio=5 tid=314 in Object.wait()
java.lang.Thread.State: WAITING (on object monitor)
        at sun.misc.Unsafe.park(Native Method)
        at java.util.concurrent.locks.LockSupport.park(LockSupport.java:175)
        at java.util.concurrent.locks.AbstractQueuedSynchronizer$ConditionObject.await(AbstractQueuedSynchronizer.java:2039)
        at java.util.concurrent.LinkedBlockingDeque.takeFirst(LinkedBlockingDeque.java:492)
        at java.util.concurrent.LinkedBlockingDeque.take(LinkedBlockingDeque.java:680)
        at java.util.concurrent.ThreadPoolExecutor.getTask(ThreadPoolExecutor.java:1074)
        at java.util.concurrent.ThreadPoolExecutor.runWorker(ThreadPoolExecutor.java:1134)
        at java.util.concurrent.ThreadPoolExecutor$Worker.run(ThreadPoolExecutor.java:624)
        at java.lang.Thread.run(Thread.java:750)
"Socket Reader #1 for port 0"  prio=5 tid=24 runnable
java.lang.Thread.State: RUNNABLE
        at sun.nio.ch.EPollArrayWrapper.epollWait(Native Method)
        at sun.nio.ch.EPollArrayWrapper.poll(EPollArrayWrapper.java:269)
        at sun.nio.ch.EPollSelectorImpl.doSelect(EPollSelectorImpl.java:93)
        at sun.nio.ch.SelectorImpl.lockAndDoSelect(SelectorImpl.java:86)
        at sun.nio.ch.SelectorImpl.select(SelectorImpl.java:97)
        at sun.nio.ch.SelectorImpl.select(SelectorImpl.java:101)
        at org.apache.hadoop.ipc.Server$Listener$Reader.doRunLoop(Server.java:1288)
        at org.apache.hadoop.ipc.Server$Listener$Reader.run(Server.java:1267)
"ContainerOp-11a09448-7cda-4d49-9fe8-abfecfd9e082-3"  prio=5 tid=511 in Object.wait()
java.lang.Thread.State: WAITING (on object monitor)
        at sun.misc.Unsafe.park(Native Method)
        at java.util.concurrent.locks.LockSupport.park(LockSupport.java:175)
        at java.util.concurrent.locks.AbstractQueuedSynchronizer$ConditionObject.await(AbstractQueuedSynchronizer.java:2039)
        at java.util.concurrent.LinkedBlockingQueue.take(LinkedBlockingQueue.java:442)
        at java.util.concurrent.ThreadPoolExecutor.getTask(ThreadPoolExecutor.java:1074)
        at java.util.concurrent.ThreadPoolExecutor.runWorker(ThreadPoolExecutor.java:1134)
        at java.util.concurrent.ThreadPoolExecutor$Worker.run(ThreadPoolExecutor.java:624)
        at java.lang.Thread.run(Thread.java:750)
"pool-60-thread-5"  prio=5 tid=598 in Object.wait()
java.lang.Thread.State: WAITING (on object monitor)
        at sun.misc.Unsafe.park(Native Method)
        at java.util.concurrent.locks.LockSupport.park(LockSupport.java:175)
        at java.util.concurrent.locks.AbstractQueuedSynchronizer$ConditionObject.await(AbstractQueuedSynchronizer.java:2039)
        at java.util.concurrent.ArrayBlockingQueue.take(ArrayBlockingQueue.java:403)
        at java.util.concurrent.ThreadPoolExecutor.getTask(ThreadPoolExecutor.java:1074)
        at java.util.concurrent.ThreadPoolExecutor.runWorker(ThreadPoolExecutor.java:1134)
        at java.util.concurrent.ThreadPoolExecutor$Worker.run(ThreadPoolExecutor.java:624)
        at java.lang.Thread.run(Thread.java:750)
"qtp1357174989-105" daemon prio=5 tid=105 timed_waiting
java.lang.Thread.State: TIMED_WAITING
        at sun.misc.Unsafe.park(Native Method)
        at java.util.concurrent.locks.LockSupport.parkNanos(LockSupport.java:215)
        at java.util.concurrent.locks.AbstractQueuedSynchronizer$ConditionObject.awaitNanos(AbstractQueuedSynchronizer.java:2078)
        at org.eclipse.jetty.util.BlockingArrayQueue.poll(BlockingArrayQueue.java:382)
        at org.eclipse.jetty.util.thread.QueuedThreadPool$Runner.idleJobPoll(QueuedThreadPool.java:974)
        at org.eclipse.jetty.util.thread.QueuedThreadPool$Runner.run(QueuedThreadPool.java:1018)
        at java.lang.Thread.run(Thread.java:750)
"IPC Server handler 8 on default port 39603" daemon prio=5 tid=45 timed_waiting
java.lang.Thread.State: TIMED_WAITING
        at sun.misc.Unsafe.park(Native Method)
        at java.util.concurrent.locks.LockSupport.parkNanos(LockSupport.java:215)
        at java.util.concurrent.locks.AbstractQueuedSynchronizer$ConditionObject.awaitNanos(AbstractQueuedSynchronizer.java:2078)
        at java.util.concurrent.LinkedBlockingQueue.poll(LinkedBlockingQueue.java:467)
        at org.apache.hadoop.ipc.CallQueueManager.take(CallQueueManager.java:317)
        at org.apache.hadoop.ipc.Server$Handler.run(Server.java:2932)
"d2433786-0171-4e17-9e3a-b12e44f36186@group-ABFECFD9E082->a32d3105-1fa5-4486-a401-c143653c6277-GrpcLogAppender-LogAppenderDaemon" daemon prio=5 tid=442 timed_waiting
java.lang.Thread.State: TIMED_WAITING
        at sun.misc.Unsafe.park(Native Method)
        at java.util.concurrent.locks.LockSupport.parkNanos(LockSupport.java:215)
        at java.util.concurrent.CompletableFuture$Signaller.block(CompletableFuture.java:1709)
        at java.util.concurrent.ForkJoinPool.managedBlock(ForkJoinPool.java:3323)
        at java.util.concurrent.CompletableFuture.timedGet(CompletableFuture.java:1788)
        at java.util.concurrent.CompletableFuture.get(CompletableFuture.java:1928)
        at org.apache.ratis.util.AwaitForSignal.await(AwaitForSignal.java:56)
        at org.apache.ratis.grpc.server.GrpcLogAppender.mayWait(GrpcLogAppender.java:169)
        at org.apache.ratis.grpc.server.GrpcLogAppender.run(GrpcLogAppender.java:128)
        at org.apache.ratis.server.leader.LogAppenderDaemon.run(LogAppenderDaemon.java:77)
        at org.apache.ratis.server.leader.LogAppenderDaemon$$Lambda$956/131222452.run(Unknown Source)
        at java.lang.Thread.run(Thread.java:750)
"IPC Server handler 14 on default port 35175" daemon prio=5 tid=158 timed_waiting
java.lang.Thread.State: TIMED_WAITING
        at sun.misc.Unsafe.park(Native Method)
        at java.util.concurrent.locks.LockSupport.parkNanos(LockSupport.java:215)
        at java.util.concurrent.locks.AbstractQueuedSynchronizer$ConditionObject.awaitNanos(AbstractQueuedSynchronizer.java:2078)
        at java.util.concurrent.LinkedBlockingQueue.poll(LinkedBlockingQueue.java:467)
        at org.apache.hadoop.ipc.CallQueueManager.take(CallQueueManager.java:317)
        at org.apache.hadoop.ipc.Server$Handler.run(Server.java:2932)
"qtp868128251-229" daemon prio=5 tid=229 runnable
java.lang.Thread.State: RUNNABLE
        at sun.nio.ch.EPollArrayWrapper.epollWait(Native Method)
        at sun.nio.ch.EPollArrayWrapper.poll(EPollArrayWrapper.java:269)
        at sun.nio.ch.EPollSelectorImpl.doSelect(EPollSelectorImpl.java:93)
        at sun.nio.ch.SelectorImpl.lockAndDoSelect(SelectorImpl.java:86)
        at sun.nio.ch.SelectorImpl.select(SelectorImpl.java:97)
        at sun.nio.ch.SelectorImpl.select(SelectorImpl.java:101)
        at org.eclipse.jetty.io.ManagedSelector.nioSelect(ManagedSelector.java:183)
        at org.eclipse.jetty.io.ManagedSelector.select(ManagedSelector.java:190)
        at org.eclipse.jetty.io.ManagedSelector$SelectorProducer.select(ManagedSelector.java:606)
        at org.eclipse.jetty.io.ManagedSelector$SelectorProducer.produce(ManagedSelector.java:543)
        at org.eclipse.jetty.util.thread.strategy.EatWhatYouKill.produceTask(EatWhatYouKill.java:362)
        at org.eclipse.jetty.util.thread.strategy.EatWhatYouKill.doProduce(EatWhatYouKill.java:186)
        at org.eclipse.jetty.util.thread.strategy.EatWhatYouKill.tryProduce(EatWhatYouKill.java:173)
        at org.eclipse.jetty.util.thread.strategy.EatWhatYouKill.produce(EatWhatYouKill.java:137)
        at org.eclipse.jetty.io.ManagedSelector$$Lambda$392/1243911696.run(Unknown Source)
        at org.eclipse.jetty.util.thread.QueuedThreadPool.runJob(QueuedThreadPool.java:883)
        at org.eclipse.jetty.util.thread.QueuedThreadPool$Runner.run(QueuedThreadPool.java:1034)
        at java.lang.Thread.run(Thread.java:750)
"IPC Server handler 3 on default port 46105" daemon prio=5 tid=80 timed_waiting
java.lang.Thread.State: TIMED_WAITING
        at sun.misc.Unsafe.park(Native Method)
        at java.util.concurrent.locks.LockSupport.parkNanos(LockSupport.java:215)
        at java.util.concurrent.locks.AbstractQueuedSynchronizer$ConditionObject.awaitNanos(AbstractQueuedSynchronizer.java:2078)
        at java.util.concurrent.LinkedBlockingQueue.poll(LinkedBlockingQueue.java:467)
        at org.apache.hadoop.ipc.CallQueueManager.take(CallQueueManager.java:317)
        at org.apache.hadoop.ipc.Server$Handler.run(Server.java:2932)
"ContainerOp-11a09448-7cda-4d49-9fe8-abfecfd9e082-6"  prio=5 tid=538 in Object.wait()
java.lang.Thread.State: WAITING (on object monitor)
        at sun.misc.Unsafe.park(Native Method)
        at java.util.concurrent.locks.LockSupport.park(LockSupport.java:175)
        at java.util.concurrent.locks.AbstractQueuedSynchronizer$ConditionObject.await(AbstractQueuedSynchronizer.java:2039)
        at java.util.concurrent.LinkedBlockingQueue.take(LinkedBlockingQueue.java:442)
        at java.util.concurrent.ThreadPoolExecutor.getTask(ThreadPoolExecutor.java:1074)
        at java.util.concurrent.ThreadPoolExecutor.runWorker(ThreadPoolExecutor.java:1134)
        at java.util.concurrent.ThreadPoolExecutor$Worker.run(ThreadPoolExecutor.java:624)
        at java.lang.Thread.run(Thread.java:750)
"BlockDeletingService#0" daemon prio=5 tid=308 timed_waiting
java.lang.Thread.State: TIMED_WAITING
        at sun.misc.Unsafe.park(Native Method)
        at java.util.concurrent.locks.LockSupport.parkNanos(LockSupport.java:215)
        at java.util.concurrent.locks.AbstractQueuedSynchronizer$ConditionObject.awaitNanos(AbstractQueuedSynchronizer.java:2078)
        at java.util.concurrent.ScheduledThreadPoolExecutor$DelayedWorkQueue.take(ScheduledThreadPoolExecutor.java:1093)
        at java.util.concurrent.ScheduledThreadPoolExecutor$DelayedWorkQueue.take(ScheduledThreadPoolExecutor.java:809)
        at java.util.concurrent.ThreadPoolExecutor.getTask(ThreadPoolExecutor.java:1074)
        at java.util.concurrent.ThreadPoolExecutor.runWorker(ThreadPoolExecutor.java:1134)
        at java.util.concurrent.ThreadPoolExecutor$Worker.run(ThreadPoolExecutor.java:624)
        at java.lang.Thread.run(Thread.java:750)
"Datanode ReportManager Thread - 1" daemon prio=5 tid=214 in Object.wait()
java.lang.Thread.State: WAITING (on object monitor)
        at sun.misc.Unsafe.park(Native Method)
        at java.util.concurrent.locks.LockSupport.park(LockSupport.java:175)
        at java.util.concurrent.locks.AbstractQueuedSynchronizer$ConditionObject.await(AbstractQueuedSynchronizer.java:2039)
        at java.util.concurrent.ScheduledThreadPoolExecutor$DelayedWorkQueue.take(ScheduledThreadPoolExecutor.java:1088)
        at java.util.concurrent.ScheduledThreadPoolExecutor$DelayedWorkQueue.take(ScheduledThreadPoolExecutor.java:809)
        at java.util.concurrent.ThreadPoolExecutor.getTask(ThreadPoolExecutor.java:1074)
        at java.util.concurrent.ThreadPoolExecutor.runWorker(ThreadPoolExecutor.java:1134)
        at java.util.concurrent.ThreadPoolExecutor$Worker.run(ThreadPoolExecutor.java:624)
        at java.lang.Thread.run(Thread.java:750)
"IPC Server handler 7 on default port 46105" daemon prio=5 tid=84 timed_waiting
java.lang.Thread.State: TIMED_WAITING
        at sun.misc.Unsafe.park(Native Method)
        at java.util.concurrent.locks.LockSupport.parkNanos(LockSupport.java:215)
        at java.util.concurrent.locks.AbstractQueuedSynchronizer$ConditionObject.awaitNanos(AbstractQueuedSynchronizer.java:2078)
        at java.util.concurrent.LinkedBlockingQueue.poll(LinkedBlockingQueue.java:467)
        at org.apache.hadoop.ipc.CallQueueManager.take(CallQueueManager.java:317)
        at org.apache.hadoop.ipc.Server$Handler.run(Server.java:2932)
"org.apache.ratis.util.JvmPauseMonitor$$Lambda$631/606875044@4cedb7cc" daemon prio=5 tid=354 timed_waiting
java.lang.Thread.State: TIMED_WAITING
        at java.lang.Thread.sleep(Native Method)
        at java.lang.Thread.sleep(Thread.java:342)
        at java.util.concurrent.TimeUnit.sleep(TimeUnit.java:386)
        at org.apache.ratis.util.TimeDuration.sleep(TimeDuration.java:325)
        at org.apache.ratis.util.TimeDuration.sleep(TimeDuration.java:310)
        at org.apache.ratis.util.JvmPauseMonitor.detectPause(JvmPauseMonitor.java:117)
        at org.apache.ratis.util.JvmPauseMonitor.run(JvmPauseMonitor.java:106)
        at org.apache.ratis.util.JvmPauseMonitor$$Lambda$631/606875044.run(Unknown Source)
        at java.lang.Thread.run(Thread.java:750)
"StaleRecoveringContainerScrubbingService#1" daemon prio=5 tid=323 in Object.wait()
java.lang.Thread.State: WAITING (on object monitor)
        at sun.misc.Unsafe.park(Native Method)
        at java.util.concurrent.locks.LockSupport.park(LockSupport.java:175)
        at java.util.concurrent.locks.AbstractQueuedSynchronizer$ConditionObject.await(AbstractQueuedSynchronizer.java:2039)
        at java.util.concurrent.ScheduledThreadPoolExecutor$DelayedWorkQueue.take(ScheduledThreadPoolExecutor.java:1088)
        at java.util.concurrent.ScheduledThreadPoolExecutor$DelayedWorkQueue.take(ScheduledThreadPoolExecutor.java:809)
        at java.util.concurrent.ThreadPoolExecutor.getTask(ThreadPoolExecutor.java:1074)
        at java.util.concurrent.ThreadPoolExecutor.runWorker(ThreadPoolExecutor.java:1134)
        at java.util.concurrent.ThreadPoolExecutor$Worker.run(ThreadPoolExecutor.java:624)
        at java.lang.Thread.run(Thread.java:750)
"pool-119-thread-1"  prio=5 tid=391 in Object.wait()
java.lang.Thread.State: WAITING (on object monitor)
        at sun.misc.Unsafe.park(Native Method)
        at java.util.concurrent.locks.LockSupport.park(LockSupport.java:175)
        at java.util.concurrent.locks.AbstractQueuedSynchronizer$ConditionObject.await(AbstractQueuedSynchronizer.java:2039)
        at java.util.concurrent.LinkedBlockingQueue.take(LinkedBlockingQueue.java:442)
        at java.util.concurrent.ThreadPoolExecutor.getTask(ThreadPoolExecutor.java:1074)
        at java.util.concurrent.ThreadPoolExecutor.runWorker(ThreadPoolExecutor.java:1134)
        at java.util.concurrent.ThreadPoolExecutor$Worker.run(ThreadPoolExecutor.java:624)
        at java.lang.Thread.run(Thread.java:750)
"IPC Server handler 10 on default port 35175" daemon prio=5 tid=154 timed_waiting
java.lang.Thread.State: TIMED_WAITING
        at sun.misc.Unsafe.park(Native Method)
        at java.util.concurrent.locks.LockSupport.parkNanos(LockSupport.java:215)
        at java.util.concurrent.locks.AbstractQueuedSynchronizer$ConditionObject.awaitNanos(AbstractQueuedSynchronizer.java:2078)
        at java.util.concurrent.LinkedBlockingQueue.poll(LinkedBlockingQueue.java:467)
        at org.apache.hadoop.ipc.CallQueueManager.take(CallQueueManager.java:317)
        at org.apache.hadoop.ipc.Server$Handler.run(Server.java:2932)
"org.apache.ratis.util.JvmPauseMonitor$$Lambda$631/606875044@e5626f3" daemon prio=5 tid=318 timed_waiting
java.lang.Thread.State: TIMED_WAITING
        at java.lang.Thread.sleep(Native Method)
        at java.lang.Thread.sleep(Thread.java:342)
        at java.util.concurrent.TimeUnit.sleep(TimeUnit.java:386)
        at org.apache.ratis.util.TimeDuration.sleep(TimeDuration.java:325)
        at org.apache.ratis.util.TimeDuration.sleep(TimeDuration.java:310)
        at org.apache.ratis.util.JvmPauseMonitor.detectPause(JvmPauseMonitor.java:117)
        at org.apache.ratis.util.JvmPauseMonitor.run(JvmPauseMonitor.java:106)
        at org.apache.ratis.util.JvmPauseMonitor$$Lambda$631/606875044.run(Unknown Source)
        at java.lang.Thread.run(Thread.java:750)
"org.apache.hadoop.ozone.container.common.statemachine.commandhandler.DeleteBlocksCommandHandler$DeleteCmdWorker@1dcb10b3" daemon prio=5 tid=173 timed_waiting
java.lang.Thread.State: TIMED_WAITING
        at java.lang.Thread.sleep(Native Method)
        at org.apache.hadoop.ozone.container.common.statemachine.commandhandler.DeleteBlocksCommandHandler$DeleteCmdWorker.run(DeleteBlocksCommandHandler.java:185)
        at java.lang.Thread.run(Thread.java:750)
"a32d3105-1fa5-4486-a401-c143653c6277@group-6A8FC32459EF-SegmentedRaftLogWorker"  prio=5 tid=392 timed_waiting
java.lang.Thread.State: TIMED_WAITING
        at sun.misc.Unsafe.park(Native Method)
        at java.util.concurrent.locks.LockSupport.parkNanos(LockSupport.java:215)
        at java.util.concurrent.locks.AbstractQueuedSynchronizer$ConditionObject.awaitNanos(AbstractQueuedSynchronizer.java:2078)
        at org.apache.ratis.util.DataBlockingQueue.poll(DataBlockingQueue.java:148)
        at org.apache.ratis.server.raftlog.segmented.SegmentedRaftLogWorker.run(SegmentedRaftLogWorker.java:301)
        at org.apache.ratis.server.raftlog.segmented.SegmentedRaftLogWorker$$Lambda$559/530335698.run(Unknown Source)
        at java.lang.Thread.run(Thread.java:750)
"IPC Server handler 7 on default port 35175" daemon prio=5 tid=151 timed_waiting
java.lang.Thread.State: TIMED_WAITING
        at sun.misc.Unsafe.park(Native Method)
        at java.util.concurrent.locks.LockSupport.parkNanos(LockSupport.java:215)
        at java.util.concurrent.locks.AbstractQueuedSynchronizer$ConditionObject.awaitNanos(AbstractQueuedSynchronizer.java:2078)
        at java.util.concurrent.LinkedBlockingQueue.poll(LinkedBlockingQueue.java:467)
        at org.apache.hadoop.ipc.CallQueueManager.take(CallQueueManager.java:317)
        at org.apache.hadoop.ipc.Server$Handler.run(Server.java:2932)
"SCM Heartbeat Processing Thread - 0" daemon prio=5 tid=14 timed_waiting
java.lang.Thread.State: TIMED_WAITING
        at sun.misc.Unsafe.park(Native Method)
        at java.util.concurrent.locks.LockSupport.parkNanos(LockSupport.java:215)
        at java.util.concurrent.locks.AbstractQueuedSynchronizer$ConditionObject.awaitNanos(AbstractQueuedSynchronizer.java:2078)
        at java.util.concurrent.ScheduledThreadPoolExecutor$DelayedWorkQueue.take(ScheduledThreadPoolExecutor.java:1093)
        at java.util.concurrent.ScheduledThreadPoolExecutor$DelayedWorkQueue.take(ScheduledThreadPoolExecutor.java:809)
        at java.util.concurrent.ThreadPoolExecutor.getTask(ThreadPoolExecutor.java:1074)
        at java.util.concurrent.ThreadPoolExecutor.runWorker(ThreadPoolExecutor.java:1134)
        at java.util.concurrent.ThreadPoolExecutor$Worker.run(ThreadPoolExecutor.java:624)
        at java.lang.Thread.run(Thread.java:750)
"Datanode ReportManager Thread - 3" daemon prio=5 tid=242 in Object.wait()
java.lang.Thread.State: WAITING (on object monitor)
        at sun.misc.Unsafe.park(Native Method)
        at java.util.concurrent.locks.LockSupport.park(LockSupport.java:175)
        at java.util.concurrent.locks.AbstractQueuedSynchronizer$ConditionObject.await(AbstractQueuedSynchronizer.java:2039)
        at java.util.concurrent.ScheduledThreadPoolExecutor$DelayedWorkQueue.take(ScheduledThreadPoolExecutor.java:1088)
        at java.util.concurrent.ScheduledThreadPoolExecutor$DelayedWorkQueue.take(ScheduledThreadPoolExecutor.java:809)
        at java.util.concurrent.ThreadPoolExecutor.getTask(ThreadPoolExecutor.java:1074)
        at java.util.concurrent.ThreadPoolExecutor.runWorker(ThreadPoolExecutor.java:1134)
        at java.util.concurrent.ThreadPoolExecutor$Worker.run(ThreadPoolExecutor.java:624)
        at java.lang.Thread.run(Thread.java:750)
"ContainerOp-11a09448-7cda-4d49-9fe8-abfecfd9e082-8"  prio=5 tid=549 in Object.wait()
java.lang.Thread.State: WAITING (on object monitor)
        at sun.misc.Unsafe.park(Native Method)
        at java.util.concurrent.locks.LockSupport.park(LockSupport.java:175)
        at java.util.concurrent.locks.AbstractQueuedSynchronizer$ConditionObject.await(AbstractQueuedSynchronizer.java:2039)
        at java.util.concurrent.LinkedBlockingQueue.take(LinkedBlockingQueue.java:442)
        at java.util.concurrent.ThreadPoolExecutor.getTask(ThreadPoolExecutor.java:1074)
        at java.util.concurrent.ThreadPoolExecutor.runWorker(ThreadPoolExecutor.java:1134)
        at java.util.concurrent.ThreadPoolExecutor$Worker.run(ThreadPoolExecutor.java:624)
        at java.lang.Thread.run(Thread.java:750)
"IPC Server handler 9 on default port 43477" daemon prio=5 tid=66 timed_waiting
java.lang.Thread.State: TIMED_WAITING
        at sun.misc.Unsafe.park(Native Method)
        at java.util.concurrent.locks.LockSupport.parkNanos(LockSupport.java:215)
        at java.util.concurrent.locks.AbstractQueuedSynchronizer$ConditionObject.awaitNanos(AbstractQueuedSynchronizer.java:2078)
        at java.util.concurrent.LinkedBlockingQueue.poll(LinkedBlockingQueue.java:467)
        at org.apache.hadoop.ipc.CallQueueManager.take(CallQueueManager.java:317)
        at org.apache.hadoop.ipc.Server$Handler.run(Server.java:2932)
"org.apache.hadoop.util.JvmPauseMonitor$Monitor@380e3122" daemon prio=5 tid=98 timed_waiting
java.lang.Thread.State: TIMED_WAITING
        at java.lang.Thread.sleep(Native Method)
        at org.apache.hadoop.util.JvmPauseMonitor$Monitor.run(JvmPauseMonitor.java:192)
        at java.lang.Thread.run(Thread.java:750)
"DatanodeAdminManager-0" daemon prio=5 tid=21 timed_waiting
java.lang.Thread.State: TIMED_WAITING
        at sun.misc.Unsafe.park(Native Method)
        at java.util.concurrent.locks.LockSupport.parkNanos(LockSupport.java:215)
        at java.util.concurrent.locks.AbstractQueuedSynchronizer$ConditionObject.awaitNanos(AbstractQueuedSynchronizer.java:2078)
        at java.util.concurrent.ScheduledThreadPoolExecutor$DelayedWorkQueue.take(ScheduledThreadPoolExecutor.java:1093)
        at java.util.concurrent.ScheduledThreadPoolExecutor$DelayedWorkQueue.take(ScheduledThreadPoolExecutor.java:809)
        at java.util.concurrent.ThreadPoolExecutor.getTask(ThreadPoolExecutor.java:1074)
        at java.util.concurrent.ThreadPoolExecutor.runWorker(ThreadPoolExecutor.java:1134)
        at java.util.concurrent.ThreadPoolExecutor$Worker.run(ThreadPoolExecutor.java:624)
        at java.lang.Thread.run(Thread.java:750)
"IPC Server handler 11 on default port 46105" daemon prio=5 tid=88 timed_waiting
java.lang.Thread.State: TIMED_WAITING
        at sun.misc.Unsafe.park(Native Method)
        at java.util.concurrent.locks.LockSupport.parkNanos(LockSupport.java:215)
        at java.util.concurrent.locks.AbstractQueuedSynchronizer$ConditionObject.awaitNanos(AbstractQueuedSynchronizer.java:2078)
        at java.util.concurrent.LinkedBlockingQueue.poll(LinkedBlockingQueue.java:467)
        at org.apache.hadoop.ipc.CallQueueManager.take(CallQueueManager.java:317)
        at org.apache.hadoop.ipc.Server$Handler.run(Server.java:2932)
"grpc-default-worker-ELG-3-2" daemon prio=5 tid=381 runnable
java.lang.Thread.State: RUNNABLE
        at org.apache.ratis.thirdparty.io.netty.channel.epoll.Native.epollWait(Native Method)
        at org.apache.ratis.thirdparty.io.netty.channel.epoll.Native.epollWait(Native.java:193)
        at org.apache.ratis.thirdparty.io.netty.channel.epoll.Native.epollWait(Native.java:186)
        at org.apache.ratis.thirdparty.io.netty.channel.epoll.EpollEventLoop.epollWaitNoTimerChange(EpollEventLoop.java:290)
        at org.apache.ratis.thirdparty.io.netty.channel.epoll.EpollEventLoop.run(EpollEventLoop.java:347)
        at org.apache.ratis.thirdparty.io.netty.util.concurrent.SingleThreadEventExecutor$4.run(SingleThreadEventExecutor.java:986)
        at org.apache.ratis.thirdparty.io.netty.util.internal.ThreadExecutorMap$2.run(ThreadExecutorMap.java:74)
        at org.apache.ratis.thirdparty.io.netty.util.concurrent.FastThreadLocalRunnable.run(FastThreadLocalRunnable.java:30)
        at java.lang.Thread.run(Thread.java:750)
"IPC Server handler 12 on default port 35175" daemon prio=5 tid=156 timed_waiting
java.lang.Thread.State: TIMED_WAITING
        at sun.misc.Unsafe.park(Native Method)
        at java.util.concurrent.locks.LockSupport.parkNanos(LockSupport.java:215)
        at java.util.concurrent.locks.AbstractQueuedSynchronizer$ConditionObject.awaitNanos(AbstractQueuedSynchronizer.java:2078)
        at java.util.concurrent.LinkedBlockingQueue.poll(LinkedBlockingQueue.java:467)
        at org.apache.hadoop.ipc.CallQueueManager.take(CallQueueManager.java:317)
        at org.apache.hadoop.ipc.Server$Handler.run(Server.java:2932)
"ChunkWriter-1-0" daemon prio=5 tid=303 in Object.wait()
java.lang.Thread.State: WAITING (on object monitor)
        at sun.misc.Unsafe.park(Native Method)
        at java.util.concurrent.locks.LockSupport.park(LockSupport.java:175)
        at java.util.concurrent.locks.AbstractQueuedSynchronizer$ConditionObject.await(AbstractQueuedSynchronizer.java:2039)
        at java.util.concurrent.LinkedBlockingDeque.takeFirst(LinkedBlockingDeque.java:492)
        at java.util.concurrent.LinkedBlockingDeque.take(LinkedBlockingDeque.java:680)
        at java.util.concurrent.ThreadPoolExecutor.getTask(ThreadPoolExecutor.java:1074)
        at java.util.concurrent.ThreadPoolExecutor.runWorker(ThreadPoolExecutor.java:1134)
        at java.util.concurrent.ThreadPoolExecutor$Worker.run(ThreadPoolExecutor.java:624)
        at java.lang.Thread.run(Thread.java:750)
"IPC Server handler 7 on default port 43477" daemon prio=5 tid=64 timed_waiting
java.lang.Thread.State: TIMED_WAITING
        at sun.misc.Unsafe.park(Native Method)
        at java.util.concurrent.locks.LockSupport.parkNanos(LockSupport.java:215)
        at java.util.concurrent.locks.AbstractQueuedSynchronizer$ConditionObject.awaitNanos(AbstractQueuedSynchronizer.java:2078)
        at java.util.concurrent.LinkedBlockingQueue.poll(LinkedBlockingQueue.java:467)
        at org.apache.hadoop.ipc.CallQueueManager.take(CallQueueManager.java:317)
        at org.apache.hadoop.ipc.Server$Handler.run(Server.java:2932)
"qtp24682673-262" daemon prio=5 tid=262 timed_waiting
java.lang.Thread.State: TIMED_WAITING
        at sun.misc.Unsafe.park(Native Method)
        at java.util.concurrent.locks.LockSupport.parkNanos(LockSupport.java:215)
        at java.util.concurrent.locks.AbstractQueuedSynchronizer$ConditionObject.awaitNanos(AbstractQueuedSynchronizer.java:2078)
        at org.eclipse.jetty.util.BlockingArrayQueue.poll(BlockingArrayQueue.java:382)
        at org.eclipse.jetty.util.thread.QueuedThreadPool$Runner.idleJobPoll(QueuedThreadPool.java:974)
        at org.eclipse.jetty.util.thread.QueuedThreadPool$Runner.run(QueuedThreadPool.java:1018)
        at java.lang.Thread.run(Thread.java:750)
"IPC Server handler 3 on default port 35175" daemon prio=5 tid=147 timed_waiting
java.lang.Thread.State: TIMED_WAITING
        at sun.misc.Unsafe.park(Native Method)
        at java.util.concurrent.locks.LockSupport.parkNanos(LockSupport.java:215)
        at java.util.concurrent.locks.AbstractQueuedSynchronizer$ConditionObject.awaitNanos(AbstractQueuedSynchronizer.java:2078)
        at java.util.concurrent.LinkedBlockingQueue.poll(LinkedBlockingQueue.java:467)
        at org.apache.hadoop.ipc.CallQueueManager.take(CallQueueManager.java:317)
        at org.apache.hadoop.ipc.Server$Handler.run(Server.java:2932)
"IPC Server handler 8 on default port 43477" daemon prio=5 tid=65 timed_waiting
java.lang.Thread.State: TIMED_WAITING
        at sun.misc.Unsafe.park(Native Method)
        at java.util.concurrent.locks.LockSupport.parkNanos(LockSupport.java:215)
        at java.util.concurrent.locks.AbstractQueuedSynchronizer$ConditionObject.awaitNanos(AbstractQueuedSynchronizer.java:2078)
        at java.util.concurrent.LinkedBlockingQueue.poll(LinkedBlockingQueue.java:467)
        at org.apache.hadoop.ipc.CallQueueManager.take(CallQueueManager.java:317)
        at org.apache.hadoop.ipc.Server$Handler.run(Server.java:2932)
"ChunkWriter-3-0" daemon prio=5 tid=341 in Object.wait()
java.lang.Thread.State: WAITING (on object monitor)
        at sun.misc.Unsafe.park(Native Method)
        at java.util.concurrent.locks.LockSupport.park(LockSupport.java:175)
        at java.util.concurrent.locks.AbstractQueuedSynchronizer$ConditionObject.await(AbstractQueuedSynchronizer.java:2039)
        at java.util.concurrent.LinkedBlockingDeque.takeFirst(LinkedBlockingDeque.java:492)
        at java.util.concurrent.LinkedBlockingDeque.take(LinkedBlockingDeque.java:680)
        at java.util.concurrent.ThreadPoolExecutor.getTask(ThreadPoolExecutor.java:1074)
        at java.util.concurrent.ThreadPoolExecutor.runWorker(ThreadPoolExecutor.java:1134)
        at java.util.concurrent.ThreadPoolExecutor$Worker.run(ThreadPoolExecutor.java:624)
        at java.lang.Thread.run(Thread.java:750)
"qtp868128251-235" daemon prio=5 tid=235 timed_waiting
java.lang.Thread.State: TIMED_WAITING
        at sun.misc.Unsafe.park(Native Method)
        at java.util.concurrent.locks.LockSupport.parkNanos(LockSupport.java:215)
        at java.util.concurrent.locks.AbstractQueuedSynchronizer$ConditionObject.awaitNanos(AbstractQueuedSynchronizer.java:2078)
        at org.eclipse.jetty.util.BlockingArrayQueue.poll(BlockingArrayQueue.java:382)
        at org.eclipse.jetty.util.thread.QueuedThreadPool$Runner.idleJobPoll(QueuedThreadPool.java:974)
        at org.eclipse.jetty.util.thread.QueuedThreadPool$Runner.run(QueuedThreadPool.java:1018)
        at java.lang.Thread.run(Thread.java:750)
"IPC Server handler 13 on default port 39603" daemon prio=5 tid=50 timed_waiting
java.lang.Thread.State: TIMED_WAITING
        at sun.misc.Unsafe.park(Native Method)
        at java.util.concurrent.locks.LockSupport.parkNanos(LockSupport.java:215)
        at java.util.concurrent.locks.AbstractQueuedSynchronizer$ConditionObject.awaitNanos(AbstractQueuedSynchronizer.java:2078)
        at java.util.concurrent.LinkedBlockingQueue.poll(LinkedBlockingQueue.java:467)
        at org.apache.hadoop.ipc.CallQueueManager.take(CallQueueManager.java:317)
        at org.apache.hadoop.ipc.Server$Handler.run(Server.java:2932)
"BlockDeletingService#0" daemon prio=5 tid=332 timed_waiting
java.lang.Thread.State: TIMED_WAITING
        at sun.misc.Unsafe.park(Native Method)
        at java.util.concurrent.locks.LockSupport.parkNanos(LockSupport.java:215)
        at java.util.concurrent.locks.AbstractQueuedSynchronizer$ConditionObject.awaitNanos(AbstractQueuedSynchronizer.java:2078)
        at java.util.concurrent.ScheduledThreadPoolExecutor$DelayedWorkQueue.take(ScheduledThreadPoolExecutor.java:1093)
        at java.util.concurrent.ScheduledThreadPoolExecutor$DelayedWorkQueue.take(ScheduledThreadPoolExecutor.java:809)
        at java.util.concurrent.ThreadPoolExecutor.getTask(ThreadPoolExecutor.java:1074)
        at java.util.concurrent.ThreadPoolExecutor.runWorker(ThreadPoolExecutor.java:1134)
        at java.util.concurrent.ThreadPoolExecutor$Worker.run(ThreadPoolExecutor.java:624)
        at java.lang.Thread.run(Thread.java:750)
"org.apache.hadoop.ozone.container.common.statemachine.commandhandler.DeleteBlocksCommandHandler$DeleteCmdWorker@2a0dda9e" daemon prio=5 tid=201 timed_waiting
java.lang.Thread.State: TIMED_WAITING
        at java.lang.Thread.sleep(Native Method)
        at org.apache.hadoop.ozone.container.common.statemachine.commandhandler.DeleteBlocksCommandHandler$DeleteCmdWorker.run(DeleteBlocksCommandHandler.java:185)
        at java.lang.Thread.run(Thread.java:750)
"IPC Server handler 15 on default port 39603" daemon prio=5 tid=52 timed_waiting
java.lang.Thread.State: TIMED_WAITING
        at sun.misc.Unsafe.park(Native Method)
        at java.util.concurrent.locks.LockSupport.parkNanos(LockSupport.java:215)
        at java.util.concurrent.locks.AbstractQueuedSynchronizer$ConditionObject.awaitNanos(AbstractQueuedSynchronizer.java:2078)
        at java.util.concurrent.LinkedBlockingQueue.poll(LinkedBlockingQueue.java:467)
        at org.apache.hadoop.ipc.CallQueueManager.take(CallQueueManager.java:317)
        at org.apache.hadoop.ipc.Server$Handler.run(Server.java:2932)
"e84011ff-6ca7-4c66-9967-ecab54098873@group-9BCFE6B2AEA6-LeaderStateImpl" daemon prio=5 tid=454 timed_waiting
java.lang.Thread.State: TIMED_WAITING
        at sun.misc.Unsafe.park(Native Method)
        at java.util.concurrent.locks.LockSupport.parkNanos(LockSupport.java:215)
        at java.util.concurrent.locks.AbstractQueuedSynchronizer$ConditionObject.awaitNanos(AbstractQueuedSynchronizer.java:2078)
        at java.util.concurrent.ArrayBlockingQueue.poll(ArrayBlockingQueue.java:418)
        at org.apache.ratis.server.impl.LeaderStateImpl$EventQueue.poll(LeaderStateImpl.java:159)
        at org.apache.ratis.server.impl.LeaderStateImpl$EventProcessor.run(LeaderStateImpl.java:630)
"qtp1357174989-104" daemon prio=5 tid=104 timed_waiting
java.lang.Thread.State: TIMED_WAITING
        at sun.misc.Unsafe.park(Native Method)
        at java.util.concurrent.locks.LockSupport.parkNanos(LockSupport.java:215)
        at java.util.concurrent.locks.AbstractQueuedSynchronizer$ConditionObject.awaitNanos(AbstractQueuedSynchronizer.java:2078)
        at org.eclipse.jetty.util.BlockingArrayQueue.poll(BlockingArrayQueue.java:382)
        at org.eclipse.jetty.util.thread.QueuedThreadPool$Runner.idleJobPoll(QueuedThreadPool.java:974)
        at org.eclipse.jetty.util.thread.QueuedThreadPool$Runner.run(QueuedThreadPool.java:1018)
        at java.lang.Thread.run(Thread.java:750)
"a32d3105-1fa5-4486-a401-c143653c6277@group-ABFECFD9E082-StateMachineUpdater" daemon prio=5 tid=410 timed_waiting
java.lang.Thread.State: TIMED_WAITING
        at sun.misc.Unsafe.park(Native Method)
        at java.util.concurrent.locks.LockSupport.parkNanos(LockSupport.java:215)
        at java.util.concurrent.CompletableFuture$Signaller.block(CompletableFuture.java:1709)
        at java.util.concurrent.ForkJoinPool.managedBlock(ForkJoinPool.java:3323)
        at java.util.concurrent.CompletableFuture.timedGet(CompletableFuture.java:1788)
        at java.util.concurrent.CompletableFuture.get(CompletableFuture.java:1928)
        at org.apache.ratis.util.AwaitForSignal.await(AwaitForSignal.java:56)
        at org.apache.ratis.server.impl.StateMachineUpdater.waitForCommit(StateMachineUpdater.java:207)
        at org.apache.ratis.server.impl.StateMachineUpdater.run(StateMachineUpdater.java:176)
        at java.lang.Thread.run(Thread.java:750)
"qtp658634349-209" daemon prio=5 tid=209 timed_waiting
java.lang.Thread.State: TIMED_WAITING
        at sun.misc.Unsafe.park(Native Method)
        at java.util.concurrent.locks.LockSupport.parkNanos(LockSupport.java:215)
        at java.util.concurrent.locks.AbstractQueuedSynchronizer$ConditionObject.awaitNanos(AbstractQueuedSynchronizer.java:2078)
        at org.eclipse.jetty.util.BlockingArrayQueue.poll(BlockingArrayQueue.java:382)
        at org.eclipse.jetty.util.thread.QueuedThreadPool$Runner.idleJobPoll(QueuedThreadPool.java:974)
        at org.eclipse.jetty.util.thread.QueuedThreadPool$Runner.run(QueuedThreadPool.java:1018)
        at java.lang.Thread.run(Thread.java:750)
"BlockDeletingService#1" daemon prio=5 tid=358 in Object.wait()
java.lang.Thread.State: WAITING (on object monitor)
        at sun.misc.Unsafe.park(Native Method)
        at java.util.concurrent.locks.LockSupport.park(LockSupport.java:175)
        at java.util.concurrent.locks.AbstractQueuedSynchronizer$ConditionObject.await(AbstractQueuedSynchronizer.java:2039)
        at java.util.concurrent.ScheduledThreadPoolExecutor$DelayedWorkQueue.take(ScheduledThreadPoolExecutor.java:1088)
        at java.util.concurrent.ScheduledThreadPoolExecutor$DelayedWorkQueue.take(ScheduledThreadPoolExecutor.java:809)
        at java.util.concurrent.ThreadPoolExecutor.getTask(ThreadPoolExecutor.java:1074)
        at java.util.concurrent.ThreadPoolExecutor.runWorker(ThreadPoolExecutor.java:1134)
        at java.util.concurrent.ThreadPoolExecutor$Worker.run(ThreadPoolExecutor.java:624)
        at java.lang.Thread.run(Thread.java:750)
"ChunkWriter-3-0" daemon prio=5 tid=305 in Object.wait()
java.lang.Thread.State: WAITING (on object monitor)
        at sun.misc.Unsafe.park(Native Method)
        at java.util.concurrent.locks.LockSupport.park(LockSupport.java:175)
        at java.util.concurrent.locks.AbstractQueuedSynchronizer$ConditionObject.await(AbstractQueuedSynchronizer.java:2039)
        at java.util.concurrent.LinkedBlockingDeque.takeFirst(LinkedBlockingDeque.java:492)
        at java.util.concurrent.LinkedBlockingDeque.take(LinkedBlockingDeque.java:680)
        at java.util.concurrent.ThreadPoolExecutor.getTask(ThreadPoolExecutor.java:1074)
        at java.util.concurrent.ThreadPoolExecutor.runWorker(ThreadPoolExecutor.java:1134)
        at java.util.concurrent.ThreadPoolExecutor$Worker.run(ThreadPoolExecutor.java:624)
        at java.lang.Thread.run(Thread.java:750)
"d2433786-0171-4e17-9e3a-b12e44f36186@group-ABFECFD9E082-SegmentedRaftLogWorker"  prio=5 tid=398 timed_waiting
java.lang.Thread.State: TIMED_WAITING
        at sun.misc.Unsafe.park(Native Method)
        at java.util.concurrent.locks.LockSupport.parkNanos(LockSupport.java:215)
        at java.util.concurrent.locks.AbstractQueuedSynchronizer$ConditionObject.awaitNanos(AbstractQueuedSynchronizer.java:2078)
        at org.apache.ratis.util.DataBlockingQueue.poll(DataBlockingQueue.java:148)
        at org.apache.ratis.server.raftlog.segmented.SegmentedRaftLogWorker.run(SegmentedRaftLogWorker.java:301)
        at org.apache.ratis.server.raftlog.segmented.SegmentedRaftLogWorker$$Lambda$559/530335698.run(Unknown Source)
        at java.lang.Thread.run(Thread.java:750)
"ChunkWriter-2-0" daemon prio=5 tid=316 in Object.wait()
java.lang.Thread.State: WAITING (on object monitor)
        at sun.misc.Unsafe.park(Native Method)
        at java.util.concurrent.locks.LockSupport.park(LockSupport.java:175)
        at java.util.concurrent.locks.AbstractQueuedSynchronizer$ConditionObject.await(AbstractQueuedSynchronizer.java:2039)
        at java.util.concurrent.LinkedBlockingDeque.takeFirst(LinkedBlockingDeque.java:492)
        at java.util.concurrent.LinkedBlockingDeque.take(LinkedBlockingDeque.java:680)
        at java.util.concurrent.ThreadPoolExecutor.getTask(ThreadPoolExecutor.java:1074)
        at java.util.concurrent.ThreadPoolExecutor.runWorker(ThreadPoolExecutor.java:1134)
        at java.util.concurrent.ThreadPoolExecutor$Worker.run(ThreadPoolExecutor.java:624)
        at java.lang.Thread.run(Thread.java:750)
"IPC Server handler 18 on default port 43477" daemon prio=5 tid=75 timed_waiting
java.lang.Thread.State: TIMED_WAITING
        at sun.misc.Unsafe.park(Native Method)
        at java.util.concurrent.locks.LockSupport.parkNanos(LockSupport.java:215)
        at java.util.concurrent.locks.AbstractQueuedSynchronizer$ConditionObject.awaitNanos(AbstractQueuedSynchronizer.java:2078)
        at java.util.concurrent.LinkedBlockingQueue.poll(LinkedBlockingQueue.java:467)
        at org.apache.hadoop.ipc.CallQueueManager.take(CallQueueManager.java:317)
        at org.apache.hadoop.ipc.Server$Handler.run(Server.java:2932)
"IPC Server handler 12 on default port 46105" daemon prio=5 tid=89 timed_waiting
java.lang.Thread.State: TIMED_WAITING
        at sun.misc.Unsafe.park(Native Method)
        at java.util.concurrent.locks.LockSupport.parkNanos(LockSupport.java:215)
        at java.util.concurrent.locks.AbstractQueuedSynchronizer$ConditionObject.awaitNanos(AbstractQueuedSynchronizer.java:2078)
        at java.util.concurrent.LinkedBlockingQueue.poll(LinkedBlockingQueue.java:467)
        at org.apache.hadoop.ipc.CallQueueManager.take(CallQueueManager.java:317)
        at org.apache.hadoop.ipc.Server$Handler.run(Server.java:2932)
"qtp24682673-261" daemon prio=5 tid=261 timed_waiting
java.lang.Thread.State: TIMED_WAITING
        at sun.misc.Unsafe.park(Native Method)
        at java.util.concurrent.locks.LockSupport.parkNanos(LockSupport.java:215)
        at java.util.concurrent.locks.AbstractQueuedSynchronizer$ConditionObject.awaitNanos(AbstractQueuedSynchronizer.java:2078)
        at org.eclipse.jetty.util.BlockingArrayQueue.poll(BlockingArrayQueue.java:382)
        at org.eclipse.jetty.util.thread.QueuedThreadPool$Runner.idleJobPoll(QueuedThreadPool.java:974)
        at org.eclipse.jetty.util.thread.QueuedThreadPool$Runner.run(QueuedThreadPool.java:1018)
        at java.lang.Thread.run(Thread.java:750)
"d2433786-0171-4e17-9e3a-b12e44f36186@group-ABFECFD9E082-StateMachineUpdater" daemon prio=5 tid=400 timed_waiting
java.lang.Thread.State: TIMED_WAITING
        at sun.misc.Unsafe.park(Native Method)
        at java.util.concurrent.locks.LockSupport.parkNanos(LockSupport.java:215)
        at java.util.concurrent.CompletableFuture$Signaller.block(CompletableFuture.java:1709)
        at java.util.concurrent.ForkJoinPool.managedBlock(ForkJoinPool.java:3323)
        at java.util.concurrent.CompletableFuture.timedGet(CompletableFuture.java:1788)
        at java.util.concurrent.CompletableFuture.get(CompletableFuture.java:1928)
        at org.apache.ratis.util.AwaitForSignal.await(AwaitForSignal.java:56)
        at org.apache.ratis.server.impl.StateMachineUpdater.waitForCommit(StateMachineUpdater.java:207)
        at org.apache.ratis.server.impl.StateMachineUpdater.run(StateMachineUpdater.java:176)
        at java.lang.Thread.run(Thread.java:750)
"pool-55-thread-1"  prio=5 tid=117 in Object.wait()
java.lang.Thread.State: WAITING (on object monitor)
        at sun.misc.Unsafe.park(Native Method)
        at java.util.concurrent.locks.LockSupport.park(LockSupport.java:175)
        at java.util.concurrent.locks.AbstractQueuedSynchronizer$ConditionObject.await(AbstractQueuedSynchronizer.java:2039)
        at java.util.concurrent.LinkedBlockingQueue.take(LinkedBlockingQueue.java:442)
        at java.util.concurrent.ThreadPoolExecutor.getTask(ThreadPoolExecutor.java:1074)
        at java.util.concurrent.ThreadPoolExecutor.runWorker(ThreadPoolExecutor.java:1134)
        at java.util.concurrent.ThreadPoolExecutor$Worker.run(ThreadPoolExecutor.java:624)
        at java.lang.Thread.run(Thread.java:750)
"qtp1871221268-135" daemon prio=5 tid=135 runnable
java.lang.Thread.State: RUNNABLE
        at sun.nio.ch.EPollArrayWrapper.epollWait(Native Method)
        at sun.nio.ch.EPollArrayWrapper.poll(EPollArrayWrapper.java:269)
        at sun.nio.ch.EPollSelectorImpl.doSelect(EPollSelectorImpl.java:93)
        at sun.nio.ch.SelectorImpl.lockAndDoSelect(SelectorImpl.java:86)
        at sun.nio.ch.SelectorImpl.select(SelectorImpl.java:97)
        at sun.nio.ch.SelectorImpl.select(SelectorImpl.java:101)
        at org.eclipse.jetty.io.ManagedSelector.nioSelect(ManagedSelector.java:183)
        at org.eclipse.jetty.io.ManagedSelector.select(ManagedSelector.java:190)
        at org.eclipse.jetty.io.ManagedSelector$SelectorProducer.select(ManagedSelector.java:606)
        at org.eclipse.jetty.io.ManagedSelector$SelectorProducer.produce(ManagedSelector.java:543)
        at org.eclipse.jetty.util.thread.strategy.EatWhatYouKill.produceTask(EatWhatYouKill.java:362)
        at org.eclipse.jetty.util.thread.strategy.EatWhatYouKill.doProduce(EatWhatYouKill.java:186)
        at org.eclipse.jetty.util.thread.strategy.EatWhatYouKill.tryProduce(EatWhatYouKill.java:173)
        at org.eclipse.jetty.util.thread.strategy.EatWhatYouKill.produce(EatWhatYouKill.java:137)
        at org.eclipse.jetty.io.ManagedSelector$$Lambda$392/1243911696.run(Unknown Source)
        at org.eclipse.jetty.util.thread.QueuedThreadPool.runJob(QueuedThreadPool.java:883)
        at org.eclipse.jetty.util.thread.QueuedThreadPool$Runner.run(QueuedThreadPool.java:1034)
        at java.lang.Thread.run(Thread.java:750)
"IPC Server handler 0 on default port 46105" daemon prio=5 tid=77 timed_waiting
java.lang.Thread.State: TIMED_WAITING
        at sun.misc.Unsafe.park(Native Method)
        at java.util.concurrent.locks.LockSupport.parkNanos(LockSupport.java:215)
        at java.util.concurrent.locks.AbstractQueuedSynchronizer$ConditionObject.awaitNanos(AbstractQueuedSynchronizer.java:2078)
        at java.util.concurrent.LinkedBlockingQueue.poll(LinkedBlockingQueue.java:467)
        at org.apache.hadoop.ipc.CallQueueManager.take(CallQueueManager.java:317)
        at org.apache.hadoop.ipc.Server$Handler.run(Server.java:2932)
"qtp1871221268-136-acceptor-0@1430b1e2-ServerConnector@5a31d662{HTTP/1.1, (http/1.1)}{0.0.0.0:37891}" daemon prio=3 tid=136 runnable
java.lang.Thread.State: RUNNABLE
        at sun.nio.ch.ServerSocketChannelImpl.accept0(Native Method)
        at sun.nio.ch.ServerSocketChannelImpl.accept(ServerSocketChannelImpl.java:421)
        at sun.nio.ch.ServerSocketChannelImpl.accept(ServerSocketChannelImpl.java:249)
        at org.eclipse.jetty.server.ServerConnector.accept(ServerConnector.java:388)
        at org.eclipse.jetty.server.AbstractConnector$Acceptor.run(AbstractConnector.java:702)
        at org.eclipse.jetty.util.thread.QueuedThreadPool.runJob(QueuedThreadPool.java:883)
        at org.eclipse.jetty.util.thread.QueuedThreadPool$Runner.run(QueuedThreadPool.java:1034)
        at java.lang.Thread.run(Thread.java:750)
"StaleRecoveringContainerScrubbingService#3" daemon prio=5 tid=784 in Object.wait()
java.lang.Thread.State: WAITING (on object monitor)
        at sun.misc.Unsafe.park(Native Method)
        at java.util.concurrent.locks.LockSupport.park(LockSupport.java:175)
        at java.util.concurrent.locks.AbstractQueuedSynchronizer$ConditionObject.await(AbstractQueuedSynchronizer.java:2039)
        at java.util.concurrent.ScheduledThreadPoolExecutor$DelayedWorkQueue.take(ScheduledThreadPoolExecutor.java:1088)
        at java.util.concurrent.ScheduledThreadPoolExecutor$DelayedWorkQueue.take(ScheduledThreadPoolExecutor.java:809)
        at java.util.concurrent.ThreadPoolExecutor.getTask(ThreadPoolExecutor.java:1074)
        at java.util.concurrent.ThreadPoolExecutor.runWorker(ThreadPoolExecutor.java:1134)
        at java.util.concurrent.ThreadPoolExecutor$Worker.run(ThreadPoolExecutor.java:624)
        at java.lang.Thread.run(Thread.java:750)
"IPC Server handler 17 on default port 35175" daemon prio=5 tid=161 timed_waiting
java.lang.Thread.State: TIMED_WAITING
        at sun.misc.Unsafe.park(Native Method)
        at java.util.concurrent.locks.LockSupport.parkNanos(LockSupport.java:215)
        at java.util.concurrent.locks.AbstractQueuedSynchronizer$ConditionObject.awaitNanos(AbstractQueuedSynchronizer.java:2078)
        at java.util.concurrent.LinkedBlockingQueue.poll(LinkedBlockingQueue.java:467)
        at org.apache.hadoop.ipc.CallQueueManager.take(CallQueueManager.java:317)
        at org.apache.hadoop.ipc.Server$Handler.run(Server.java:2932)
"org.apache.hadoop.ozone.container.common.statemachine.commandhandler.DeleteBlocksCommandHandler$DeleteCmdWorker@4ec23ac" daemon prio=5 tid=253 timed_waiting
java.lang.Thread.State: TIMED_WAITING
        at java.lang.Thread.sleep(Native Method)
        at org.apache.hadoop.ozone.container.common.statemachine.commandhandler.DeleteBlocksCommandHandler$DeleteCmdWorker.run(DeleteBlocksCommandHandler.java:185)
        at java.lang.Thread.run(Thread.java:750)
"org.apache.hadoop.ozone.container.common.statemachine.commandhandler.DeleteBlocksCommandHandler$DeleteCmdWorker@18f92361" daemon prio=5 tid=279 timed_waiting
java.lang.Thread.State: TIMED_WAITING
        at java.lang.Thread.sleep(Native Method)
        at org.apache.hadoop.ozone.container.common.statemachine.commandhandler.DeleteBlocksCommandHandler$DeleteCmdWorker.run(DeleteBlocksCommandHandler.java:185)
        at java.lang.Thread.run(Thread.java:750)
"qtp1871221268-137" daemon prio=5 tid=137 timed_waiting
java.lang.Thread.State: TIMED_WAITING
        at sun.misc.Unsafe.park(Native Method)
        at java.util.concurrent.locks.LockSupport.parkNanos(LockSupport.java:215)
        at java.util.concurrent.locks.AbstractQueuedSynchronizer$ConditionObject.awaitNanos(AbstractQueuedSynchronizer.java:2078)
        at org.eclipse.jetty.util.BlockingArrayQueue.poll(BlockingArrayQueue.java:382)
        at org.eclipse.jetty.util.thread.QueuedThreadPool$Runner.idleJobPoll(QueuedThreadPool.java:974)
        at org.eclipse.jetty.util.thread.QueuedThreadPool$Runner.run(QueuedThreadPool.java:1018)
        at java.lang.Thread.run(Thread.java:750)
"StaleRecoveringContainerScrubbingService#2" daemon prio=5 tid=685 in Object.wait()
java.lang.Thread.State: WAITING (on object monitor)
        at sun.misc.Unsafe.park(Native Method)
        at java.util.concurrent.locks.LockSupport.park(LockSupport.java:175)
        at java.util.concurrent.locks.AbstractQueuedSynchronizer$ConditionObject.await(AbstractQueuedSynchronizer.java:2039)
        at java.util.concurrent.ScheduledThreadPoolExecutor$DelayedWorkQueue.take(ScheduledThreadPoolExecutor.java:1088)
        at java.util.concurrent.ScheduledThreadPoolExecutor$DelayedWorkQueue.take(ScheduledThreadPoolExecutor.java:809)
        at java.util.concurrent.ThreadPoolExecutor.getTask(ThreadPoolExecutor.java:1074)
        at java.util.concurrent.ThreadPoolExecutor.runWorker(ThreadPoolExecutor.java:1134)
        at java.util.concurrent.ThreadPoolExecutor$Worker.run(ThreadPoolExecutor.java:624)
        at java.lang.Thread.run(Thread.java:750)
"OM StateMachine ApplyTransaction Thread - 0" daemon prio=5 tid=461 in Object.wait()
java.lang.Thread.State: WAITING (on object monitor)
        at sun.misc.Unsafe.park(Native Method)
        at java.util.concurrent.locks.LockSupport.park(LockSupport.java:175)
        at java.util.concurrent.locks.AbstractQueuedSynchronizer$ConditionObject.await(AbstractQueuedSynchronizer.java:2039)
        at java.util.concurrent.LinkedBlockingQueue.take(LinkedBlockingQueue.java:442)
        at java.util.concurrent.ThreadPoolExecutor.getTask(ThreadPoolExecutor.java:1074)
        at java.util.concurrent.ThreadPoolExecutor.runWorker(ThreadPoolExecutor.java:1134)
        at java.util.concurrent.ThreadPoolExecutor$Worker.run(ThreadPoolExecutor.java:624)
        at java.lang.Thread.run(Thread.java:750)
"IPC Server handler 13 on default port 35175" daemon prio=5 tid=157 timed_waiting
java.lang.Thread.State: TIMED_WAITING
        at sun.misc.Unsafe.park(Native Method)
        at java.util.concurrent.locks.LockSupport.parkNanos(LockSupport.java:215)
        at java.util.concurrent.locks.AbstractQueuedSynchronizer$ConditionObject.awaitNanos(AbstractQueuedSynchronizer.java:2078)
        at java.util.concurrent.LinkedBlockingQueue.poll(LinkedBlockingQueue.java:467)
        at org.apache.hadoop.ipc.CallQueueManager.take(CallQueueManager.java:317)
        at org.apache.hadoop.ipc.Server$Handler.run(Server.java:2932)
"IPC Server Responder" daemon prio=5 tid=26 runnable
java.lang.Thread.State: RUNNABLE
        at sun.nio.ch.EPollArrayWrapper.epollWait(Native Method)
        at sun.nio.ch.EPollArrayWrapper.poll(EPollArrayWrapper.java:269)
        at sun.nio.ch.EPollSelectorImpl.doSelect(EPollSelectorImpl.java:93)
        at sun.nio.ch.SelectorImpl.lockAndDoSelect(SelectorImpl.java:86)
        at sun.nio.ch.SelectorImpl.select(SelectorImpl.java:97)
        at org.apache.hadoop.ipc.Server$Responder.doRunLoop(Server.java:1527)
        at org.apache.hadoop.ipc.Server$Responder.run(Server.java:1510)
"KeyDeletingService#0" daemon prio=5 tid=131 timed_waiting
java.lang.Thread.State: TIMED_WAITING
        at sun.misc.Unsafe.park(Native Method)
        at java.util.concurrent.locks.LockSupport.parkNanos(LockSupport.java:215)
        at java.util.concurrent.locks.AbstractQueuedSynchronizer$ConditionObject.awaitNanos(AbstractQueuedSynchronizer.java:2078)
        at java.util.concurrent.ScheduledThreadPoolExecutor$DelayedWorkQueue.take(ScheduledThreadPoolExecutor.java:1093)
        at java.util.concurrent.ScheduledThreadPoolExecutor$DelayedWorkQueue.take(ScheduledThreadPoolExecutor.java:809)
        at java.util.concurrent.ThreadPoolExecutor.getTask(ThreadPoolExecutor.java:1074)
        at java.util.concurrent.ThreadPoolExecutor.runWorker(ThreadPoolExecutor.java:1134)
        at java.util.concurrent.ThreadPoolExecutor$Worker.run(ThreadPoolExecutor.java:624)
        at java.lang.Thread.run(Thread.java:750)
"EventQueue-NodeRegistrationContainerReportForDataNodeSafeModeRule" daemon prio=5 tid=362 in Object.wait()
java.lang.Thread.State: WAITING (on object monitor)
        at sun.misc.Unsafe.park(Native Method)
        at java.util.concurrent.locks.LockSupport.park(LockSupport.java:175)
        at java.util.concurrent.locks.AbstractQueuedSynchronizer$ConditionObject.await(AbstractQueuedSynchronizer.java:2039)
        at java.util.concurrent.LinkedBlockingQueue.take(LinkedBlockingQueue.java:442)
        at java.util.concurrent.ThreadPoolExecutor.getTask(ThreadPoolExecutor.java:1074)
        at java.util.concurrent.ThreadPoolExecutor.runWorker(ThreadPoolExecutor.java:1134)
        at java.util.concurrent.ThreadPoolExecutor$Worker.run(ThreadPoolExecutor.java:624)
        at java.lang.Thread.run(Thread.java:750)
"org.apache.hadoop.util.JvmPauseMonitor$Monitor@7d7c3e64" daemon prio=5 tid=219 timed_waiting
java.lang.Thread.State: TIMED_WAITING
        at java.lang.Thread.sleep(Native Method)
        at org.apache.hadoop.util.JvmPauseMonitor$Monitor.run(JvmPauseMonitor.java:192)
        at java.lang.Thread.run(Thread.java:750)
"IPC Server listener on 0" daemon prio=5 tid=122 runnable
java.lang.Thread.State: RUNNABLE
        at sun.nio.ch.EPollArrayWrapper.epollWait(Native Method)
        at sun.nio.ch.EPollArrayWrapper.poll(EPollArrayWrapper.java:269)
        at sun.nio.ch.EPollSelectorImpl.doSelect(EPollSelectorImpl.java:93)
        at sun.nio.ch.SelectorImpl.lockAndDoSelect(SelectorImpl.java:86)
        at sun.nio.ch.SelectorImpl.select(SelectorImpl.java:97)
        at sun.nio.ch.SelectorImpl.select(SelectorImpl.java:101)
        at org.apache.hadoop.ipc.Server$Listener.run(Server.java:1350)
"ContainerOp-11a09448-7cda-4d49-9fe8-abfecfd9e082-1"  prio=5 tid=484 in Object.wait()
java.lang.Thread.State: WAITING (on object monitor)
        at sun.misc.Unsafe.park(Native Method)
        at java.util.concurrent.locks.LockSupport.park(LockSupport.java:175)
        at java.util.concurrent.locks.AbstractQueuedSynchronizer$ConditionObject.await(AbstractQueuedSynchronizer.java:2039)
        at java.util.concurrent.LinkedBlockingQueue.take(LinkedBlockingQueue.java:442)
        at java.util.concurrent.ThreadPoolExecutor.getTask(ThreadPoolExecutor.java:1074)
        at java.util.concurrent.ThreadPoolExecutor.runWorker(ThreadPoolExecutor.java:1134)
        at java.util.concurrent.ThreadPoolExecutor$Worker.run(ThreadPoolExecutor.java:624)
        at java.lang.Thread.run(Thread.java:750)
"IPC Server handler 4 on default port 35175" daemon prio=5 tid=148 timed_waiting
java.lang.Thread.State: TIMED_WAITING
        at sun.misc.Unsafe.park(Native Method)
        at java.util.concurrent.locks.LockSupport.parkNanos(LockSupport.java:215)
        at java.util.concurrent.locks.AbstractQueuedSynchronizer$ConditionObject.awaitNanos(AbstractQueuedSynchronizer.java:2078)
        at java.util.concurrent.LinkedBlockingQueue.poll(LinkedBlockingQueue.java:467)
        at org.apache.hadoop.ipc.CallQueueManager.take(CallQueueManager.java:317)
        at org.apache.hadoop.ipc.Server$Handler.run(Server.java:2932)
"ContainerOp-11a09448-7cda-4d49-9fe8-abfecfd9e082-6"  prio=5 tid=535 in Object.wait()
java.lang.Thread.State: WAITING (on object monitor)
        at sun.misc.Unsafe.park(Native Method)
        at java.util.concurrent.locks.LockSupport.park(LockSupport.java:175)
        at java.util.concurrent.locks.AbstractQueuedSynchronizer$ConditionObject.await(AbstractQueuedSynchronizer.java:2039)
        at java.util.concurrent.LinkedBlockingQueue.take(LinkedBlockingQueue.java:442)
        at java.util.concurrent.ThreadPoolExecutor.getTask(ThreadPoolExecutor.java:1074)
        at java.util.concurrent.ThreadPoolExecutor.runWorker(ThreadPoolExecutor.java:1134)
        at java.util.concurrent.ThreadPoolExecutor$Worker.run(ThreadPoolExecutor.java:624)
        at java.lang.Thread.run(Thread.java:750)
"Listener at 127.0.0.1/35175"  prio=5 tid=1 timed_waiting
java.lang.Thread.State: TIMED_WAITING
        at sun.misc.Unsafe.park(Native Method)
        at java.util.concurrent.locks.LockSupport.parkNanos(LockSupport.java:215)
        at java.util.concurrent.FutureTask.awaitDone(FutureTask.java:426)
        at java.util.concurrent.FutureTask.get(FutureTask.java:204)
        at org.junit.internal.runners.statements.FailOnTimeout.getResult(FailOnTimeout.java:156)
        at org.junit.internal.runners.statements.FailOnTimeout.evaluate(FailOnTimeout.java:129)
        at org.junit.runners.ParentRunner$3.evaluate(ParentRunner.java:306)
        at org.junit.runners.BlockJUnit4ClassRunner$1.evaluate(BlockJUnit4ClassRunner.java:100)
        at org.junit.runners.ParentRunner.runLeaf(ParentRunner.java:366)
        at org.junit.runners.BlockJUnit4ClassRunner.runChild(BlockJUnit4ClassRunner.java:103)
        at org.junit.runners.BlockJUnit4ClassRunner.runChild(BlockJUnit4ClassRunner.java:63)
        at org.junit.runners.ParentRunner$4.run(ParentRunner.java:331)
        at org.junit.runners.ParentRunner$1.schedule(ParentRunner.java:79)
        at org.junit.runners.ParentRunner.runChildren(ParentRunner.java:329)
        at org.junit.runners.ParentRunner.access$100(ParentRunner.java:66)
        at org.junit.runners.ParentRunner$2.evaluate(ParentRunner.java:293)
        at org.junit.runners.ParentRunner.run(ParentRunner.java:413)
        at org.junit.runners.Suite.runChild(Suite.java:128)
        at org.junit.runners.Suite.runChild(Suite.java:27)
        at org.junit.runners.ParentRunner$4.run(ParentRunner.java:331)
        at org.junit.runners.ParentRunner$1.schedule(ParentRunner.java:79)
        at org.junit.runners.ParentRunner.runChildren(ParentRunner.java:329)
        at org.junit.runners.ParentRunner.access$100(ParentRunner.java:66)
        at org.junit.runners.ParentRunner$2.evaluate(ParentRunner.java:293)
        at org.junit.internal.runners.statements.RunAfters.evaluate(RunAfters.java:27)
        at org.junit.runners.ParentRunner$3.evaluate(ParentRunner.java:306)
        at org.junit.runners.ParentRunner.run(ParentRunner.java:413)
        at org.junit.runner.JUnitCore.run(JUnitCore.java:137)
        at org.junit.runner.JUnitCore.run(JUnitCore.java:115)
        at org.junit.vintage.engine.execution.RunnerExecutor.execute(RunnerExecutor.java:42)
        at org.junit.vintage.engine.VintageTestEngine.executeAllChildren(VintageTestEngine.java:80)
        at org.junit.vintage.engine.VintageTestEngine.execute(VintageTestEngine.java:72)
        at org.junit.platform.launcher.core.EngineExecutionOrchestrator.execute(EngineExecutionOrchestrator.java:107)
        at org.junit.platform.launcher.core.EngineExecutionOrchestrator.execute(EngineExecutionOrchestrator.java:88)
        at org.junit.platform.launcher.core.EngineExecutionOrchestrator.lambda$execute$0(EngineExecutionOrchestrator.java:54)
        at org.junit.platform.launcher.core.EngineExecutionOrchestrator$$Lambda$188/1117871068.accept(Unknown Source)
        at org.junit.platform.launcher.core.EngineExecutionOrchestrator.withInterceptedStreams(EngineExecutionOrchestrator.java:67)
        at org.junit.platform.launcher.core.EngineExecutionOrchestrator.execute(EngineExecutionOrchestrator.java:52)
        at org.junit.platform.launcher.core.DefaultLauncher.execute(DefaultLauncher.java:114)
        at org.junit.platform.launcher.core.DefaultLauncher.execute(DefaultLauncher.java:86)
        at org.junit.platform.launcher.core.DefaultLauncherSession$DelegatingLauncher.execute(DefaultLauncherSession.java:86)
        at org.junit.platform.launcher.core.SessionPerRequestLauncher.execute(SessionPerRequestLauncher.java:53)
        at org.apache.maven.surefire.junitplatform.JUnitPlatformProvider.execute(JUnitPlatformProvider.java:188)
        at org.apache.maven.surefire.junitplatform.JUnitPlatformProvider.invokeAllTests(JUnitPlatformProvider.java:154)
        at org.apache.maven.surefire.junitplatform.JUnitPlatformProvider.invoke(JUnitPlatformProvider.java:124)
        at org.apache.maven.surefire.booter.ForkedBooter.runSuitesInProcess(ForkedBooter.java:428)
        at org.apache.maven.surefire.booter.ForkedBooter.execute(ForkedBooter.java:162)
        at org.apache.maven.surefire.booter.ForkedBooter.run(ForkedBooter.java:562)
        at org.apache.maven.surefire.booter.ForkedBooter.main(ForkedBooter.java:548)
"qtp1357174989-101-acceptor-0@37b06e72-ServerConnector@28521ed5{HTTP/1.1, (http/1.1)}{0.0.0.0:37829}" daemon prio=3 tid=101 runnable
java.lang.Thread.State: RUNNABLE
        at sun.nio.ch.ServerSocketChannelImpl.accept0(Native Method)
        at sun.nio.ch.ServerSocketChannelImpl.accept(ServerSocketChannelImpl.java:421)
        at sun.nio.ch.ServerSocketChannelImpl.accept(ServerSocketChannelImpl.java:249)
        at org.eclipse.jetty.server.ServerConnector.accept(ServerConnector.java:388)
        at org.eclipse.jetty.server.AbstractConnector$Acceptor.run(AbstractConnector.java:702)
        at org.eclipse.jetty.util.thread.QueuedThreadPool.runJob(QueuedThreadPool.java:883)
        at org.eclipse.jetty.util.thread.QueuedThreadPool$Runner.run(QueuedThreadPool.java:1034)
        at java.lang.Thread.run(Thread.java:750)
"PartialTableCache Cleanup Thread - 0" daemon prio=5 tid=470 in Object.wait()
java.lang.Thread.State: WAITING (on object monitor)
        at sun.misc.Unsafe.park(Native Method)
        at java.util.concurrent.locks.LockSupport.park(LockSupport.java:175)
        at java.util.concurrent.locks.AbstractQueuedSynchronizer$ConditionObject.await(AbstractQueuedSynchronizer.java:2039)
        at java.util.concurrent.LinkedBlockingQueue.take(LinkedBlockingQueue.java:442)
        at java.util.concurrent.ThreadPoolExecutor.getTask(ThreadPoolExecutor.java:1074)
        at java.util.concurrent.ThreadPoolExecutor.runWorker(ThreadPoolExecutor.java:1134)
        at java.util.concurrent.ThreadPoolExecutor$Worker.run(ThreadPoolExecutor.java:624)
        at java.lang.Thread.run(Thread.java:750)
"Socket Reader #1 for port 0"  prio=5 tid=123 runnable
java.lang.Thread.State: RUNNABLE
        at sun.nio.ch.EPollArrayWrapper.epollWait(Native Method)
        at sun.nio.ch.EPollArrayWrapper.poll(EPollArrayWrapper.java:269)
        at sun.nio.ch.EPollSelectorImpl.doSelect(EPollSelectorImpl.java:93)
        at sun.nio.ch.SelectorImpl.lockAndDoSelect(SelectorImpl.java:86)
        at sun.nio.ch.SelectorImpl.select(SelectorImpl.java:97)
        at sun.nio.ch.SelectorImpl.select(SelectorImpl.java:101)
        at org.apache.hadoop.ipc.Server$Listener$Reader.doRunLoop(Server.java:1288)
        at org.apache.hadoop.ipc.Server$Listener$Reader.run(Server.java:1267)
"ExpiredContainerReplicaOpScrubberThread" daemon prio=5 tid=17 timed_waiting
java.lang.Thread.State: TIMED_WAITING
        at java.lang.Object.wait(Native Method)
        at org.apache.hadoop.hdds.scm.ha.BackgroundSCMService.run(BackgroundSCMService.java:105)
        at org.apache.hadoop.hdds.scm.ha.BackgroundSCMService$$Lambda$318/469391891.run(Unknown Source)
        at java.lang.Thread.run(Thread.java:750)
"7cc4dae5-b8b1-4887-8b99-c7b379db6b59-server-thread1" daemon prio=5 tid=612 timed_waiting
java.lang.Thread.State: TIMED_WAITING
        at sun.misc.Unsafe.park(Native Method)
        at java.util.concurrent.locks.LockSupport.parkNanos(LockSupport.java:215)
        at java.util.concurrent.SynchronousQueue$TransferStack.awaitFulfill(SynchronousQueue.java:460)
        at java.util.concurrent.SynchronousQueue$TransferStack.transfer(SynchronousQueue.java:362)
        at java.util.concurrent.SynchronousQueue.poll(SynchronousQueue.java:941)
        at java.util.concurrent.ThreadPoolExecutor.getTask(ThreadPoolExecutor.java:1073)
        at java.util.concurrent.ThreadPoolExecutor.runWorker(ThreadPoolExecutor.java:1134)
        at java.util.concurrent.ThreadPoolExecutor$Worker.run(ThreadPoolExecutor.java:624)
        at java.lang.Thread.run(Thread.java:750)
"StaleRecoveringContainerScrubbingService#1" daemon prio=5 tid=347 in Object.wait()
java.lang.Thread.State: WAITING (on object monitor)
        at sun.misc.Unsafe.park(Native Method)
        at java.util.concurrent.locks.LockSupport.park(LockSupport.java:175)
        at java.util.concurrent.locks.AbstractQueuedSynchronizer$ConditionObject.await(AbstractQueuedSynchronizer.java:2039)
        at java.util.concurrent.ScheduledThreadPoolExecutor$DelayedWorkQueue.take(ScheduledThreadPoolExecutor.java:1088)
        at java.util.concurrent.ScheduledThreadPoolExecutor$DelayedWorkQueue.take(ScheduledThreadPoolExecutor.java:809)
        at java.util.concurrent.ThreadPoolExecutor.getTask(ThreadPoolExecutor.java:1074)
        at java.util.concurrent.ThreadPoolExecutor.runWorker(ThreadPoolExecutor.java:1134)
        at java.util.concurrent.ThreadPoolExecutor$Worker.run(ThreadPoolExecutor.java:624)
        at java.lang.Thread.run(Thread.java:750)
"pool-112-thread-1" daemon prio=5 tid=224 timed_waiting
java.lang.Thread.State: TIMED_WAITING
        at sun.misc.Unsafe.park(Native Method)
        at java.util.concurrent.locks.LockSupport.parkNanos(LockSupport.java:215)
        at java.util.concurrent.locks.AbstractQueuedSynchronizer$ConditionObject.awaitNanos(AbstractQueuedSynchronizer.java:2078)
        at java.util.concurrent.ScheduledThreadPoolExecutor$DelayedWorkQueue.take(ScheduledThreadPoolExecutor.java:1093)
        at java.util.concurrent.ScheduledThreadPoolExecutor$DelayedWorkQueue.take(ScheduledThreadPoolExecutor.java:809)
        at java.util.concurrent.ThreadPoolExecutor.getTask(ThreadPoolExecutor.java:1074)
        at java.util.concurrent.ThreadPoolExecutor.runWorker(ThreadPoolExecutor.java:1134)
        at java.util.concurrent.ThreadPoolExecutor$Worker.run(ThreadPoolExecutor.java:624)
        at java.lang.Thread.run(Thread.java:750)
"Datanode ReportManager Thread - 2" daemon prio=5 tid=267 in Object.wait()
java.lang.Thread.State: WAITING (on object monitor)
        at sun.misc.Unsafe.park(Native Method)
        at java.util.concurrent.locks.LockSupport.park(LockSupport.java:175)
        at java.util.concurrent.locks.AbstractQueuedSynchronizer$ConditionObject.await(AbstractQueuedSynchronizer.java:2039)
        at java.util.concurrent.ScheduledThreadPoolExecutor$DelayedWorkQueue.take(ScheduledThreadPoolExecutor.java:1088)
        at java.util.concurrent.ScheduledThreadPoolExecutor$DelayedWorkQueue.take(ScheduledThreadPoolExecutor.java:809)
        at java.util.concurrent.ThreadPoolExecutor.getTask(ThreadPoolExecutor.java:1074)
        at java.util.concurrent.ThreadPoolExecutor.runWorker(ThreadPoolExecutor.java:1134)
        at java.util.concurrent.ThreadPoolExecutor$Worker.run(ThreadPoolExecutor.java:624)
        at java.lang.Thread.run(Thread.java:750)
"IPC Server handler 2 on default port 35175" daemon prio=5 tid=146 timed_waiting
java.lang.Thread.State: TIMED_WAITING
        at sun.misc.Unsafe.park(Native Method)
        at java.util.concurrent.locks.LockSupport.parkNanos(LockSupport.java:215)
        at java.util.concurrent.locks.AbstractQueuedSynchronizer$ConditionObject.awaitNanos(AbstractQueuedSynchronizer.java:2078)
        at java.util.concurrent.LinkedBlockingQueue.poll(LinkedBlockingQueue.java:467)
        at org.apache.hadoop.ipc.CallQueueManager.take(CallQueueManager.java:317)
        at org.apache.hadoop.ipc.Server$Handler.run(Server.java:2932)
"qtp658634349-203" daemon prio=5 tid=203 runnable
java.lang.Thread.State: RUNNABLE
        at sun.nio.ch.EPollArrayWrapper.epollWait(Native Method)
        at sun.nio.ch.EPollArrayWrapper.poll(EPollArrayWrapper.java:269)
        at sun.nio.ch.EPollSelectorImpl.doSelect(EPollSelectorImpl.java:93)
        at sun.nio.ch.SelectorImpl.lockAndDoSelect(SelectorImpl.java:86)
        at sun.nio.ch.SelectorImpl.select(SelectorImpl.java:97)
        at sun.nio.ch.SelectorImpl.select(SelectorImpl.java:101)
        at org.eclipse.jetty.io.ManagedSelector.nioSelect(ManagedSelector.java:183)
        at org.eclipse.jetty.io.ManagedSelector.select(ManagedSelector.java:190)
        at org.eclipse.jetty.io.ManagedSelector$SelectorProducer.select(ManagedSelector.java:606)
        at org.eclipse.jetty.io.ManagedSelector$SelectorProducer.produce(ManagedSelector.java:543)
        at org.eclipse.jetty.util.thread.strategy.EatWhatYouKill.produceTask(EatWhatYouKill.java:362)
        at org.eclipse.jetty.util.thread.strategy.EatWhatYouKill.doProduce(EatWhatYouKill.java:186)
        at org.eclipse.jetty.util.thread.strategy.EatWhatYouKill.tryProduce(EatWhatYouKill.java:173)
        at org.eclipse.jetty.util.thread.strategy.EatWhatYouKill.produce(EatWhatYouKill.java:137)
        at org.eclipse.jetty.io.ManagedSelector$$Lambda$392/1243911696.run(Unknown Source)
        at org.eclipse.jetty.util.thread.QueuedThreadPool.runJob(QueuedThreadPool.java:883)
        at org.eclipse.jetty.util.thread.QueuedThreadPool$Runner.run(QueuedThreadPool.java:1034)
        at java.lang.Thread.run(Thread.java:750)
"IPC Server handler 1 on default port 35175" daemon prio=5 tid=145 timed_waiting
java.lang.Thread.State: TIMED_WAITING
        at sun.misc.Unsafe.park(Native Method)
        at java.util.concurrent.locks.LockSupport.parkNanos(LockSupport.java:215)
        at java.util.concurrent.locks.AbstractQueuedSynchronizer$ConditionObject.awaitNanos(AbstractQueuedSynchronizer.java:2078)
        at java.util.concurrent.LinkedBlockingQueue.poll(LinkedBlockingQueue.java:467)
        at org.apache.hadoop.ipc.CallQueueManager.take(CallQueueManager.java:317)
        at org.apache.hadoop.ipc.Server$Handler.run(Server.java:2932)
"Datanode ReportManager Thread - 2" daemon prio=5 tid=241 in Object.wait()
java.lang.Thread.State: WAITING (on object monitor)
        at sun.misc.Unsafe.park(Native Method)
        at java.util.concurrent.locks.LockSupport.park(LockSupport.java:175)
        at java.util.concurrent.locks.AbstractQueuedSynchronizer$ConditionObject.await(AbstractQueuedSynchronizer.java:2039)
        at java.util.concurrent.ScheduledThreadPoolExecutor$DelayedWorkQueue.take(ScheduledThreadPoolExecutor.java:1088)
        at java.util.concurrent.ScheduledThreadPoolExecutor$DelayedWorkQueue.take(ScheduledThreadPoolExecutor.java:809)
        at java.util.concurrent.ThreadPoolExecutor.getTask(ThreadPoolExecutor.java:1074)
        at java.util.concurrent.ThreadPoolExecutor.runWorker(ThreadPoolExecutor.java:1134)
        at java.util.concurrent.ThreadPoolExecutor$Worker.run(ThreadPoolExecutor.java:624)
        at java.lang.Thread.run(Thread.java:750)
"IPC Server handler 10 on default port 43477" daemon prio=5 tid=67 timed_waiting
java.lang.Thread.State: TIMED_WAITING
        at sun.misc.Unsafe.park(Native Method)
        at java.util.concurrent.locks.LockSupport.parkNanos(LockSupport.java:215)
        at java.util.concurrent.locks.AbstractQueuedSynchronizer$ConditionObject.awaitNanos(AbstractQueuedSynchronizer.java:2078)
        at java.util.concurrent.LinkedBlockingQueue.poll(LinkedBlockingQueue.java:467)
        at org.apache.hadoop.ipc.CallQueueManager.take(CallQueueManager.java:317)
        at org.apache.hadoop.ipc.Server$Handler.run(Server.java:2932)
"qtp1658655896-176-acceptor-0@290cead1-ServerConnector@66692051{HTTP/1.1, (http/1.1)}{0.0.0.0:37989}" daemon prio=3 tid=176 runnable
java.lang.Thread.State: RUNNABLE
        at sun.nio.ch.ServerSocketChannelImpl.accept0(Native Method)
        at sun.nio.ch.ServerSocketChannelImpl.accept(ServerSocketChannelImpl.java:421)
        at sun.nio.ch.ServerSocketChannelImpl.accept(ServerSocketChannelImpl.java:249)
        at org.eclipse.jetty.server.ServerConnector.accept(ServerConnector.java:388)
        at org.eclipse.jetty.server.AbstractConnector$Acceptor.run(AbstractConnector.java:702)
        at org.eclipse.jetty.util.thread.QueuedThreadPool.runJob(QueuedThreadPool.java:883)
        at org.eclipse.jetty.util.thread.QueuedThreadPool$Runner.run(QueuedThreadPool.java:1034)
        at java.lang.Thread.run(Thread.java:750)
"BlockDeletingService#1" daemon prio=5 tid=322 in Object.wait()
java.lang.Thread.State: WAITING (on object monitor)
        at sun.misc.Unsafe.park(Native Method)
        at java.util.concurrent.locks.LockSupport.park(LockSupport.java:175)
        at java.util.concurrent.locks.AbstractQueuedSynchronizer$ConditionObject.await(AbstractQueuedSynchronizer.java:2039)
        at java.util.concurrent.ScheduledThreadPoolExecutor$DelayedWorkQueue.take(ScheduledThreadPoolExecutor.java:1088)
        at java.util.concurrent.ScheduledThreadPoolExecutor$DelayedWorkQueue.take(ScheduledThreadPoolExecutor.java:809)
        at java.util.concurrent.ThreadPoolExecutor.getTask(ThreadPoolExecutor.java:1074)
        at java.util.concurrent.ThreadPoolExecutor.runWorker(ThreadPoolExecutor.java:1134)
        at java.util.concurrent.ThreadPoolExecutor$Worker.run(ThreadPoolExecutor.java:624)
        at java.lang.Thread.run(Thread.java:750)
"Datanode ReportManager Thread - 1" daemon prio=5 tid=266 in Object.wait()
java.lang.Thread.State: WAITING (on object monitor)
        at sun.misc.Unsafe.park(Native Method)
        at java.util.concurrent.locks.LockSupport.park(LockSupport.java:175)
        at java.util.concurrent.locks.AbstractQueuedSynchronizer$ConditionObject.await(AbstractQueuedSynchronizer.java:2039)
        at java.util.concurrent.ScheduledThreadPoolExecutor$DelayedWorkQueue.take(ScheduledThreadPoolExecutor.java:1088)
        at java.util.concurrent.ScheduledThreadPoolExecutor$DelayedWorkQueue.take(ScheduledThreadPoolExecutor.java:809)
        at java.util.concurrent.ThreadPoolExecutor.getTask(ThreadPoolExecutor.java:1074)
        at java.util.concurrent.ThreadPoolExecutor.runWorker(ThreadPoolExecutor.java:1134)
        at java.util.concurrent.ThreadPoolExecutor$Worker.run(ThreadPoolExecutor.java:624)
        at java.lang.Thread.run(Thread.java:750)
"qtp868128251-230-acceptor-0@29fcbf5f-ServerConnector@6ea248fd{HTTP/1.1, (http/1.1)}{0.0.0.0:44115}" daemon prio=3 tid=230 runnable
java.lang.Thread.State: RUNNABLE
        at sun.nio.ch.ServerSocketChannelImpl.accept0(Native Method)
        at sun.nio.ch.ServerSocketChannelImpl.accept(ServerSocketChannelImpl.java:421)
        at sun.nio.ch.ServerSocketChannelImpl.accept(ServerSocketChannelImpl.java:249)
        at org.eclipse.jetty.server.ServerConnector.accept(ServerConnector.java:388)
        at org.eclipse.jetty.server.AbstractConnector$Acceptor.run(AbstractConnector.java:702)
        at org.eclipse.jetty.util.thread.QueuedThreadPool.runJob(QueuedThreadPool.java:883)
        at org.eclipse.jetty.util.thread.QueuedThreadPool$Runner.run(QueuedThreadPool.java:1034)
        at java.lang.Thread.run(Thread.java:750)
"d2433786-0171-4e17-9e3a-b12e44f36186@group-82E7BC7988F3-StateMachineUpdater" daemon prio=5 tid=374 timed_waiting
java.lang.Thread.State: TIMED_WAITING
        at sun.misc.Unsafe.park(Native Method)
        at java.util.concurrent.locks.LockSupport.parkNanos(LockSupport.java:215)
        at java.util.concurrent.CompletableFuture$Signaller.block(CompletableFuture.java:1709)
        at java.util.concurrent.ForkJoinPool.managedBlock(ForkJoinPool.java:3323)
        at java.util.concurrent.CompletableFuture.timedGet(CompletableFuture.java:1788)
        at java.util.concurrent.CompletableFuture.get(CompletableFuture.java:1928)
        at org.apache.ratis.util.AwaitForSignal.await(AwaitForSignal.java:56)
        at org.apache.ratis.server.impl.StateMachineUpdater.waitForCommit(StateMachineUpdater.java:207)
        at org.apache.ratis.server.impl.StateMachineUpdater.run(StateMachineUpdater.java:176)
        at java.lang.Thread.run(Thread.java:750)
"Datanode State Machine Task Thread - 1"  prio=5 tid=336 in Object.wait()
java.lang.Thread.State: WAITING (on object monitor)
        at sun.misc.Unsafe.park(Native Method)
        at java.util.concurrent.locks.LockSupport.park(LockSupport.java:175)
        at java.util.concurrent.locks.AbstractQueuedSynchronizer$ConditionObject.await(AbstractQueuedSynchronizer.java:2039)
        at java.util.concurrent.LinkedBlockingQueue.take(LinkedBlockingQueue.java:442)
        at java.util.concurrent.ThreadPoolExecutor.getTask(ThreadPoolExecutor.java:1074)
        at java.util.concurrent.ThreadPoolExecutor.runWorker(ThreadPoolExecutor.java:1134)
        at java.util.concurrent.ThreadPoolExecutor$Worker.run(ThreadPoolExecutor.java:624)
        at java.lang.Thread.run(Thread.java:750)
"ChunkWriter-0-0" daemon prio=5 tid=326 in Object.wait()
java.lang.Thread.State: WAITING (on object monitor)
        at sun.misc.Unsafe.park(Native Method)
        at java.util.concurrent.locks.LockSupport.park(LockSupport.java:175)
        at java.util.concurrent.locks.AbstractQueuedSynchronizer$ConditionObject.await(AbstractQueuedSynchronizer.java:2039)
        at java.util.concurrent.LinkedBlockingDeque.takeFirst(LinkedBlockingDeque.java:492)
        at java.util.concurrent.LinkedBlockingDeque.take(LinkedBlockingDeque.java:680)
        at java.util.concurrent.ThreadPoolExecutor.getTask(ThreadPoolExecutor.java:1074)
        at java.util.concurrent.ThreadPoolExecutor.runWorker(ThreadPoolExecutor.java:1134)
        at java.util.concurrent.ThreadPoolExecutor$Worker.run(ThreadPoolExecutor.java:624)
        at java.lang.Thread.run(Thread.java:750)
"qtp868128251-234" daemon prio=5 tid=234 timed_waiting
java.lang.Thread.State: TIMED_WAITING
        at sun.misc.Unsafe.park(Native Method)
        at java.util.concurrent.locks.LockSupport.parkNanos(LockSupport.java:215)
        at java.util.concurrent.locks.AbstractQueuedSynchronizer$ConditionObject.awaitNanos(AbstractQueuedSynchronizer.java:2078)
        at org.eclipse.jetty.util.BlockingArrayQueue.poll(BlockingArrayQueue.java:382)
        at org.eclipse.jetty.util.thread.QueuedThreadPool$Runner.idleJobPoll(QueuedThreadPool.java:974)
        at org.eclipse.jetty.util.thread.QueuedThreadPool$Runner.run(QueuedThreadPool.java:1018)
        at java.lang.Thread.run(Thread.java:750)
"IPC Server handler 6 on default port 35175" daemon prio=5 tid=150 timed_waiting
java.lang.Thread.State: TIMED_WAITING
        at sun.misc.Unsafe.park(Native Method)
        at java.util.concurrent.locks.LockSupport.parkNanos(LockSupport.java:215)
        at java.util.concurrent.locks.AbstractQueuedSynchronizer$ConditionObject.awaitNanos(AbstractQueuedSynchronizer.java:2078)
        at java.util.concurrent.LinkedBlockingQueue.poll(LinkedBlockingQueue.java:467)
        at org.apache.hadoop.ipc.CallQueueManager.take(CallQueueManager.java:317)
        at org.apache.hadoop.ipc.Server$Handler.run(Server.java:2932)
"qtp868128251-232" daemon prio=5 tid=232 timed_waiting
java.lang.Thread.State: TIMED_WAITING
        at sun.misc.Unsafe.park(Native Method)
        at java.util.concurrent.locks.LockSupport.parkNanos(LockSupport.java:215)
        at java.util.concurrent.locks.AbstractQueuedSynchronizer$ConditionObject.awaitNanos(AbstractQueuedSynchronizer.java:2078)
        at org.eclipse.jetty.util.BlockingArrayQueue.poll(BlockingArrayQueue.java:382)
        at org.eclipse.jetty.util.thread.QueuedThreadPool$Runner.idleJobPoll(QueuedThreadPool.java:974)
        at org.eclipse.jetty.util.thread.QueuedThreadPool$Runner.run(QueuedThreadPool.java:1018)
        at java.lang.Thread.run(Thread.java:750)
"IPC Parameter Sending Thread #1" daemon prio=5 tid=492 timed_waiting
java.lang.Thread.State: TIMED_WAITING
        at sun.misc.Unsafe.park(Native Method)
        at java.util.concurrent.locks.LockSupport.parkNanos(LockSupport.java:215)
        at java.util.concurrent.SynchronousQueue$TransferStack.awaitFulfill(SynchronousQueue.java:460)
        at java.util.concurrent.SynchronousQueue$TransferStack.transfer(SynchronousQueue.java:362)
        at java.util.concurrent.SynchronousQueue.poll(SynchronousQueue.java:941)
        at java.util.concurrent.ThreadPoolExecutor.getTask(ThreadPoolExecutor.java:1073)
        at java.util.concurrent.ThreadPoolExecutor.runWorker(ThreadPoolExecutor.java:1134)
        at java.util.concurrent.ThreadPoolExecutor$Worker.run(ThreadPoolExecutor.java:624)
        at java.lang.Thread.run(Thread.java:750)
"ChunkWriter-2-0" daemon prio=5 tid=304 in Object.wait()
java.lang.Thread.State: WAITING (on object monitor)
        at sun.misc.Unsafe.park(Native Method)
        at java.util.concurrent.locks.LockSupport.park(LockSupport.java:175)
        at java.util.concurrent.locks.AbstractQueuedSynchronizer$ConditionObject.await(AbstractQueuedSynchronizer.java:2039)
        at java.util.concurrent.LinkedBlockingDeque.takeFirst(LinkedBlockingDeque.java:492)
        at java.util.concurrent.LinkedBlockingDeque.take(LinkedBlockingDeque.java:680)
        at java.util.concurrent.ThreadPoolExecutor.getTask(ThreadPoolExecutor.java:1074)
        at java.util.concurrent.ThreadPoolExecutor.runWorker(ThreadPoolExecutor.java:1134)
        at java.util.concurrent.ThreadPoolExecutor$Worker.run(ThreadPoolExecutor.java:624)
        at java.lang.Thread.run(Thread.java:750)
"IPC Server handler 14 on default port 46105" daemon prio=5 tid=91 timed_waiting
java.lang.Thread.State: TIMED_WAITING
        at sun.misc.Unsafe.park(Native Method)
        at java.util.concurrent.locks.LockSupport.parkNanos(LockSupport.java:215)
        at java.util.concurrent.locks.AbstractQueuedSynchronizer$ConditionObject.awaitNanos(AbstractQueuedSynchronizer.java:2078)
        at java.util.concurrent.LinkedBlockingQueue.poll(LinkedBlockingQueue.java:467)
        at org.apache.hadoop.ipc.CallQueueManager.take(CallQueueManager.java:317)
        at org.apache.hadoop.ipc.Server$Handler.run(Server.java:2932)
"Datanode ReportManager Thread - 4" daemon prio=5 tid=243 timed_waiting
java.lang.Thread.State: TIMED_WAITING
        at sun.misc.Unsafe.park(Native Method)
        at java.util.concurrent.locks.LockSupport.parkNanos(LockSupport.java:215)
        at java.util.concurrent.locks.AbstractQueuedSynchronizer$ConditionObject.awaitNanos(AbstractQueuedSynchronizer.java:2078)
        at java.util.concurrent.ScheduledThreadPoolExecutor$DelayedWorkQueue.take(ScheduledThreadPoolExecutor.java:1093)
        at java.util.concurrent.ScheduledThreadPoolExecutor$DelayedWorkQueue.take(ScheduledThreadPoolExecutor.java:809)
        at java.util.concurrent.ThreadPoolExecutor.getTask(ThreadPoolExecutor.java:1074)
        at java.util.concurrent.ThreadPoolExecutor.runWorker(ThreadPoolExecutor.java:1134)
        at java.util.concurrent.ThreadPoolExecutor$Worker.run(ThreadPoolExecutor.java:624)
        at java.lang.Thread.run(Thread.java:750)
"ContainerOp-11a09448-7cda-4d49-9fe8-abfecfd9e082-5"  prio=5 tid=526 in Object.wait()
java.lang.Thread.State: WAITING (on object monitor)
        at sun.misc.Unsafe.park(Native Method)
        at java.util.concurrent.locks.LockSupport.park(LockSupport.java:175)
        at java.util.concurrent.locks.AbstractQueuedSynchronizer$ConditionObject.await(AbstractQueuedSynchronizer.java:2039)
        at java.util.concurrent.LinkedBlockingQueue.take(LinkedBlockingQueue.java:442)
        at java.util.concurrent.ThreadPoolExecutor.getTask(ThreadPoolExecutor.java:1074)
        at java.util.concurrent.ThreadPoolExecutor.runWorker(ThreadPoolExecutor.java:1134)
        at java.util.concurrent.ThreadPoolExecutor$Worker.run(ThreadPoolExecutor.java:624)
        at java.lang.Thread.run(Thread.java:750)
"BlockDeletingService#3" daemon prio=5 tid=789 in Object.wait()
java.lang.Thread.State: WAITING (on object monitor)
        at sun.misc.Unsafe.park(Native Method)
        at java.util.concurrent.locks.LockSupport.park(LockSupport.java:175)
        at java.util.concurrent.locks.AbstractQueuedSynchronizer$ConditionObject.await(AbstractQueuedSynchronizer.java:2039)
        at java.util.concurrent.ScheduledThreadPoolExecutor$DelayedWorkQueue.take(ScheduledThreadPoolExecutor.java:1088)
        at java.util.concurrent.ScheduledThreadPoolExecutor$DelayedWorkQueue.take(ScheduledThreadPoolExecutor.java:809)
        at java.util.concurrent.ThreadPoolExecutor.getTask(ThreadPoolExecutor.java:1074)
        at java.util.concurrent.ThreadPoolExecutor.runWorker(ThreadPoolExecutor.java:1134)
        at java.util.concurrent.ThreadPoolExecutor$Worker.run(ThreadPoolExecutor.java:624)
        at java.lang.Thread.run(Thread.java:750)
"Datanode ReportManager Thread - 2" daemon prio=5 tid=293 in Object.wait()
java.lang.Thread.State: WAITING (on object monitor)
        at sun.misc.Unsafe.park(Native Method)
        at java.util.concurrent.locks.LockSupport.park(LockSupport.java:175)
        at java.util.concurrent.locks.AbstractQueuedSynchronizer$ConditionObject.await(AbstractQueuedSynchronizer.java:2039)
        at java.util.concurrent.ScheduledThreadPoolExecutor$DelayedWorkQueue.take(ScheduledThreadPoolExecutor.java:1088)
        at java.util.concurrent.ScheduledThreadPoolExecutor$DelayedWorkQueue.take(ScheduledThreadPoolExecutor.java:809)
        at java.util.concurrent.ThreadPoolExecutor.getTask(ThreadPoolExecutor.java:1074)
        at java.util.concurrent.ThreadPoolExecutor.runWorker(ThreadPoolExecutor.java:1134)
        at java.util.concurrent.ThreadPoolExecutor$Worker.run(ThreadPoolExecutor.java:624)
        at java.lang.Thread.run(Thread.java:750)
"OMDoubleBufferFlushThread" daemon prio=5 tid=115 timed_waiting
java.lang.Thread.State: TIMED_WAITING
        at java.lang.Object.wait(Native Method)
        at org.apache.hadoop.ozone.om.ratis.OzoneManagerDoubleBuffer.canFlush(OzoneManagerDoubleBuffer.java:538)
        at org.apache.hadoop.ozone.om.ratis.OzoneManagerDoubleBuffer.flushTransactions(OzoneManagerDoubleBuffer.java:268)
        at org.apache.hadoop.ozone.om.ratis.OzoneManagerDoubleBuffer$$Lambda$447/1738132973.run(Unknown Source)
        at java.lang.Thread.run(Thread.java:750)
"d2433786-0171-4e17-9e3a-b12e44f36186-server-thread1" daemon prio=5 tid=611 timed_waiting
java.lang.Thread.State: TIMED_WAITING
        at sun.misc.Unsafe.park(Native Method)
        at java.util.concurrent.locks.LockSupport.parkNanos(LockSupport.java:215)
        at java.util.concurrent.SynchronousQueue$TransferStack.awaitFulfill(SynchronousQueue.java:460)
        at java.util.concurrent.SynchronousQueue$TransferStack.transfer(SynchronousQueue.java:362)
        at java.util.concurrent.SynchronousQueue.poll(SynchronousQueue.java:941)
        at java.util.concurrent.ThreadPoolExecutor.getTask(ThreadPoolExecutor.java:1073)
        at java.util.concurrent.ThreadPoolExecutor.runWorker(ThreadPoolExecutor.java:1134)
        at java.util.concurrent.ThreadPoolExecutor$Worker.run(ThreadPoolExecutor.java:624)
        at java.lang.Thread.run(Thread.java:750)
"IPC Server handler 0 on default port 43477" daemon prio=5 tid=57 timed_waiting
java.lang.Thread.State: TIMED_WAITING
        at sun.misc.Unsafe.park(Native Method)
        at java.util.concurrent.locks.LockSupport.parkNanos(LockSupport.java:215)
        at java.util.concurrent.locks.AbstractQueuedSynchronizer$ConditionObject.awaitNanos(AbstractQueuedSynchronizer.java:2078)
        at java.util.concurrent.LinkedBlockingQueue.poll(LinkedBlockingQueue.java:467)
        at org.apache.hadoop.ipc.CallQueueManager.take(CallQueueManager.java:317)
        at org.apache.hadoop.ipc.Server$Handler.run(Server.java:2932)
"IPC Server handler 18 on default port 39603" daemon prio=5 tid=55 timed_waiting
java.lang.Thread.State: TIMED_WAITING
        at sun.misc.Unsafe.park(Native Method)
        at java.util.concurrent.locks.LockSupport.parkNanos(LockSupport.java:215)
        at java.util.concurrent.locks.AbstractQueuedSynchronizer$ConditionObject.awaitNanos(AbstractQueuedSynchronizer.java:2078)
        at java.util.concurrent.LinkedBlockingQueue.poll(LinkedBlockingQueue.java:467)
        at org.apache.hadoop.ipc.CallQueueManager.take(CallQueueManager.java:317)
        at org.apache.hadoop.ipc.Server$Handler.run(Server.java:2932)
"IPC Server handler 8 on default port 35175" daemon prio=5 tid=152 timed_waiting
java.lang.Thread.State: TIMED_WAITING
        at sun.misc.Unsafe.park(Native Method)
        at java.util.concurrent.locks.LockSupport.parkNanos(LockSupport.java:215)
        at java.util.concurrent.locks.AbstractQueuedSynchronizer$ConditionObject.awaitNanos(AbstractQueuedSynchronizer.java:2078)
        at java.util.concurrent.LinkedBlockingQueue.poll(LinkedBlockingQueue.java:467)
        at org.apache.hadoop.ipc.CallQueueManager.take(CallQueueManager.java:317)
        at org.apache.hadoop.ipc.Server$Handler.run(Server.java:2932)
"Command processor thread" daemon prio=5 tid=270 timed_waiting
java.lang.Thread.State: TIMED_WAITING
        at java.lang.Thread.sleep(Native Method)
        at org.apache.hadoop.ozone.container.common.statemachine.DatanodeStateMachine.lambda$initCommandHandlerThread$3(DatanodeStateMachine.java:628)
        at org.apache.hadoop.ozone.container.common.statemachine.DatanodeStateMachine$$Lambda$676/1780406170.run(Unknown Source)
        at java.lang.Thread.run(Thread.java:750)
"FixedThreadPoolWithAffinityExecutor-1-0" daemon prio=5 tid=369 in Object.wait()
java.lang.Thread.State: WAITING (on object monitor)
        at sun.misc.Unsafe.park(Native Method)
        at java.util.concurrent.locks.LockSupport.park(LockSupport.java:175)
        at java.util.concurrent.locks.AbstractQueuedSynchronizer$ConditionObject.await(AbstractQueuedSynchronizer.java:2039)
        at java.util.concurrent.LinkedBlockingDeque.takeFirst(LinkedBlockingDeque.java:492)
        at java.util.concurrent.LinkedBlockingDeque.take(LinkedBlockingDeque.java:680)
        at java.util.concurrent.ThreadPoolExecutor.getTask(ThreadPoolExecutor.java:1074)
        at java.util.concurrent.ThreadPoolExecutor.runWorker(ThreadPoolExecutor.java:1134)
        at java.util.concurrent.ThreadPoolExecutor$Worker.run(ThreadPoolExecutor.java:624)
        at java.lang.Thread.run(Thread.java:750)
"a32d3105-1fa5-4486-a401-c143653c6277@group-6A8FC32459EF-LeaderStateImpl" daemon prio=5 tid=608 timed_waiting
java.lang.Thread.State: TIMED_WAITING
        at sun.misc.Unsafe.park(Native Method)
        at java.util.concurrent.locks.LockSupport.parkNanos(LockSupport.java:215)
        at java.util.concurrent.locks.AbstractQueuedSynchronizer$ConditionObject.awaitNanos(AbstractQueuedSynchronizer.java:2078)
        at java.util.concurrent.ArrayBlockingQueue.poll(ArrayBlockingQueue.java:418)
        at org.apache.ratis.server.impl.LeaderStateImpl$EventQueue.poll(LeaderStateImpl.java:159)
        at org.apache.ratis.server.impl.LeaderStateImpl$EventProcessor.run(LeaderStateImpl.java:630)
"ContainerOp-11a09448-7cda-4d49-9fe8-abfecfd9e082-6"  prio=5 tid=529 in Object.wait()
java.lang.Thread.State: WAITING (on object monitor)
        at sun.misc.Unsafe.park(Native Method)
        at java.util.concurrent.locks.LockSupport.park(LockSupport.java:175)
        at java.util.concurrent.locks.AbstractQueuedSynchronizer$ConditionObject.await(AbstractQueuedSynchronizer.java:2039)
        at java.util.concurrent.LinkedBlockingQueue.take(LinkedBlockingQueue.java:442)
        at java.util.concurrent.ThreadPoolExecutor.getTask(ThreadPoolExecutor.java:1074)
        at java.util.concurrent.ThreadPoolExecutor.runWorker(ThreadPoolExecutor.java:1134)
        at java.util.concurrent.ThreadPoolExecutor$Worker.run(ThreadPoolExecutor.java:624)
        at java.lang.Thread.run(Thread.java:750)
"pool-165-thread-1"  prio=5 tid=421 in Object.wait()
java.lang.Thread.State: WAITING (on object monitor)
        at sun.misc.Unsafe.park(Native Method)
        at java.util.concurrent.locks.LockSupport.park(LockSupport.java:175)
        at java.util.concurrent.locks.AbstractQueuedSynchronizer$ConditionObject.await(AbstractQueuedSynchronizer.java:2039)
        at java.util.concurrent.LinkedBlockingQueue.take(LinkedBlockingQueue.java:442)
        at java.util.concurrent.ThreadPoolExecutor.getTask(ThreadPoolExecutor.java:1074)
        at java.util.concurrent.ThreadPoolExecutor.runWorker(ThreadPoolExecutor.java:1134)
        at java.util.concurrent.ThreadPoolExecutor$Worker.run(ThreadPoolExecutor.java:624)
        at java.lang.Thread.run(Thread.java:750)
"java.util.concurrent.ThreadPoolExecutor$Worker@8d7adfe[State = -1, empty queue]" daemon prio=5 tid=446 timed_waiting
java.lang.Thread.State: TIMED_WAITING
        at sun.misc.Unsafe.park(Native Method)
        at java.util.concurrent.locks.LockSupport.parkNanos(LockSupport.java:215)
        at java.util.concurrent.locks.AbstractQueuedSynchronizer$ConditionObject.awaitNanos(AbstractQueuedSynchronizer.java:2078)
        at java.util.concurrent.ScheduledThreadPoolExecutor$DelayedWorkQueue.take(ScheduledThreadPoolExecutor.java:1093)
        at java.util.concurrent.ScheduledThreadPoolExecutor$DelayedWorkQueue.take(ScheduledThreadPoolExecutor.java:809)
        at java.util.concurrent.ThreadPoolExecutor.getTask(ThreadPoolExecutor.java:1074)
        at java.util.concurrent.ThreadPoolExecutor.runWorker(ThreadPoolExecutor.java:1134)
        at java.util.concurrent.ThreadPoolExecutor$Worker.run(ThreadPoolExecutor.java:624)
        at java.lang.Thread.run(Thread.java:750)
"IPC Server handler 11 on default port 35175" daemon prio=5 tid=155 timed_waiting
java.lang.Thread.State: TIMED_WAITING
        at sun.misc.Unsafe.park(Native Method)
        at java.util.concurrent.locks.LockSupport.parkNanos(LockSupport.java:215)
        at java.util.concurrent.locks.AbstractQueuedSynchronizer$ConditionObject.awaitNanos(AbstractQueuedSynchronizer.java:2078)
        at java.util.concurrent.LinkedBlockingQueue.poll(LinkedBlockingQueue.java:467)
        at org.apache.hadoop.ipc.CallQueueManager.take(CallQueueManager.java:317)
        at org.apache.hadoop.ipc.Server$Handler.run(Server.java:2932)
"a32d3105-1fa5-4486-a401-c143653c6277@group-6A8FC32459EF->d2433786-0171-4e17-9e3a-b12e44f36186-GrpcLogAppender-LogAppenderDaemon" daemon prio=5 tid=610 timed_waiting
java.lang.Thread.State: TIMED_WAITING
        at sun.misc.Unsafe.park(Native Method)
        at java.util.concurrent.locks.LockSupport.parkNanos(LockSupport.java:215)
        at java.util.concurrent.CompletableFuture$Signaller.block(CompletableFuture.java:1709)
        at java.util.concurrent.ForkJoinPool.managedBlock(ForkJoinPool.java:3323)
        at java.util.concurrent.CompletableFuture.timedGet(CompletableFuture.java:1788)
        at java.util.concurrent.CompletableFuture.get(CompletableFuture.java:1928)
        at org.apache.ratis.util.AwaitForSignal.await(AwaitForSignal.java:56)
        at org.apache.ratis.grpc.server.GrpcLogAppender.mayWait(GrpcLogAppender.java:169)
        at org.apache.ratis.grpc.server.GrpcLogAppender.run(GrpcLogAppender.java:128)
        at org.apache.ratis.server.leader.LogAppenderDaemon.run(LogAppenderDaemon.java:77)
        at org.apache.ratis.server.leader.LogAppenderDaemon$$Lambda$956/131222452.run(Unknown Source)
        at java.lang.Thread.run(Thread.java:750)
"d2433786-0171-4e17-9e3a-b12e44f36186@group-ABFECFD9E082-LeaderStateImpl" daemon prio=5 tid=440 timed_waiting
java.lang.Thread.State: TIMED_WAITING
        at sun.misc.Unsafe.park(Native Method)
        at java.util.concurrent.locks.LockSupport.parkNanos(LockSupport.java:215)
        at java.util.concurrent.locks.AbstractQueuedSynchronizer$ConditionObject.awaitNanos(AbstractQueuedSynchronizer.java:2078)
        at java.util.concurrent.ArrayBlockingQueue.poll(ArrayBlockingQueue.java:418)
        at org.apache.ratis.server.impl.LeaderStateImpl$EventQueue.poll(LeaderStateImpl.java:159)
        at org.apache.ratis.server.impl.LeaderStateImpl$EventProcessor.run(LeaderStateImpl.java:630)
"Periodic HDDS volume checker" daemon prio=5 tid=222 timed_waiting
java.lang.Thread.State: TIMED_WAITING
        at sun.misc.Unsafe.park(Native Method)
        at java.util.concurrent.locks.LockSupport.parkNanos(LockSupport.java:215)
        at java.util.concurrent.locks.AbstractQueuedSynchronizer$ConditionObject.awaitNanos(AbstractQueuedSynchronizer.java:2078)
        at java.util.concurrent.ScheduledThreadPoolExecutor$DelayedWorkQueue.take(ScheduledThreadPoolExecutor.java:1093)
        at java.util.concurrent.ScheduledThreadPoolExecutor$DelayedWorkQueue.take(ScheduledThreadPoolExecutor.java:809)
        at java.util.concurrent.ThreadPoolExecutor.getTask(ThreadPoolExecutor.java:1074)
        at java.util.concurrent.ThreadPoolExecutor.runWorker(ThreadPoolExecutor.java:1134)
        at java.util.concurrent.ThreadPoolExecutor$Worker.run(ThreadPoolExecutor.java:624)
        at java.lang.Thread.run(Thread.java:750)
"IPC Server handler 6 on default port 43477" daemon prio=5 tid=63 timed_waiting
java.lang.Thread.State: TIMED_WAITING
        at sun.misc.Unsafe.park(Native Method)
        at java.util.concurrent.locks.LockSupport.parkNanos(LockSupport.java:215)
        at java.util.concurrent.locks.AbstractQueuedSynchronizer$ConditionObject.awaitNanos(AbstractQueuedSynchronizer.java:2078)
        at java.util.concurrent.LinkedBlockingQueue.poll(LinkedBlockingQueue.java:467)
        at org.apache.hadoop.ipc.CallQueueManager.take(CallQueueManager.java:317)
        at org.apache.hadoop.ipc.Server$Handler.run(Server.java:2932)
"ReplicationMonitor" daemon prio=5 tid=18 timed_waiting
java.lang.Thread.State: TIMED_WAITING
        at java.lang.Object.wait(Native Method)
        at org.apache.hadoop.hdds.scm.container.replication.ReplicationManager.run(ReplicationManager.java:462)
        at org.apache.hadoop.hdds.scm.container.replication.ReplicationManager$$Lambda$325/2010734170.run(Unknown Source)
        at java.lang.Thread.run(Thread.java:750)
"a32d3105-1fa5-4486-a401-c143653c6277@group-ABFECFD9E082-FollowerState" daemon prio=5 tid=438 timed_waiting
java.lang.Thread.State: TIMED_WAITING
        at java.lang.Thread.sleep(Native Method)
        at java.lang.Thread.sleep(Thread.java:342)
        at java.util.concurrent.TimeUnit.sleep(TimeUnit.java:386)
        at org.apache.ratis.util.TimeDuration.sleep(TimeDuration.java:325)
        at org.apache.ratis.util.TimeDuration.sleep(TimeDuration.java:310)
        at org.apache.ratis.server.impl.FollowerState.run(FollowerState.java:128)
"Periodic HDDS volume checker" daemon prio=5 tid=194 timed_waiting
java.lang.Thread.State: TIMED_WAITING
        at sun.misc.Unsafe.park(Native Method)
        at java.util.concurrent.locks.LockSupport.parkNanos(LockSupport.java:215)
        at java.util.concurrent.locks.AbstractQueuedSynchronizer$ConditionObject.awaitNanos(AbstractQueuedSynchronizer.java:2078)
        at java.util.concurrent.ScheduledThreadPoolExecutor$DelayedWorkQueue.take(ScheduledThreadPoolExecutor.java:1093)
        at java.util.concurrent.ScheduledThreadPoolExecutor$DelayedWorkQueue.take(ScheduledThreadPoolExecutor.java:809)
        at java.util.concurrent.ThreadPoolExecutor.getTask(ThreadPoolExecutor.java:1074)
        at java.util.concurrent.ThreadPoolExecutor.runWorker(ThreadPoolExecutor.java:1134)
        at java.util.concurrent.ThreadPoolExecutor$Worker.run(ThreadPoolExecutor.java:624)
        at java.lang.Thread.run(Thread.java:750)
"IPC Server handler 0 on default port 39603" daemon prio=5 tid=37 timed_waiting
java.lang.Thread.State: TIMED_WAITING
        at sun.misc.Unsafe.park(Native Method)
        at java.util.concurrent.locks.LockSupport.parkNanos(LockSupport.java:215)
        at java.util.concurrent.locks.AbstractQueuedSynchronizer$ConditionObject.awaitNanos(AbstractQueuedSynchronizer.java:2078)
        at java.util.concurrent.LinkedBlockingQueue.poll(LinkedBlockingQueue.java:467)
        at org.apache.hadoop.ipc.CallQueueManager.take(CallQueueManager.java:317)
        at org.apache.hadoop.ipc.Server$Handler.run(Server.java:2932)
"EventQueue-PipelineReportForPipelineReportHandler" daemon prio=5 tid=364 in Object.wait()
java.lang.Thread.State: WAITING (on object monitor)
        at sun.misc.Unsafe.park(Native Method)
        at java.util.concurrent.locks.LockSupport.park(LockSupport.java:175)
        at java.util.concurrent.locks.AbstractQueuedSynchronizer$ConditionObject.await(AbstractQueuedSynchronizer.java:2039)
        at java.util.concurrent.LinkedBlockingQueue.take(LinkedBlockingQueue.java:442)
        at java.util.concurrent.ThreadPoolExecutor.getTask(ThreadPoolExecutor.java:1074)
        at java.util.concurrent.ThreadPoolExecutor.runWorker(ThreadPoolExecutor.java:1134)
        at java.util.concurrent.ThreadPoolExecutor$Worker.run(ThreadPoolExecutor.java:624)
        at java.lang.Thread.run(Thread.java:750)
"Datanode ReportManager Thread - 2" daemon prio=5 tid=187 in Object.wait()
java.lang.Thread.State: WAITING (on object monitor)
        at sun.misc.Unsafe.park(Native Method)
        at java.util.concurrent.locks.LockSupport.park(LockSupport.java:175)
        at java.util.concurrent.locks.AbstractQueuedSynchronizer$ConditionObject.await(AbstractQueuedSynchronizer.java:2039)
        at java.util.concurrent.ScheduledThreadPoolExecutor$DelayedWorkQueue.take(ScheduledThreadPoolExecutor.java:1088)
        at java.util.concurrent.ScheduledThreadPoolExecutor$DelayedWorkQueue.take(ScheduledThreadPoolExecutor.java:809)
        at java.util.concurrent.ThreadPoolExecutor.getTask(ThreadPoolExecutor.java:1074)
        at java.util.concurrent.ThreadPoolExecutor.runWorker(ThreadPoolExecutor.java:1134)
        at java.util.concurrent.ThreadPoolExecutor$Worker.run(ThreadPoolExecutor.java:624)
        at java.lang.Thread.run(Thread.java:750)
"IPC Server handler 5 on default port 43477" daemon prio=5 tid=62 timed_waiting
java.lang.Thread.State: TIMED_WAITING
        at sun.misc.Unsafe.park(Native Method)
        at java.util.concurrent.locks.LockSupport.parkNanos(LockSupport.java:215)
        at java.util.concurrent.locks.AbstractQueuedSynchronizer$ConditionObject.awaitNanos(AbstractQueuedSynchronizer.java:2078)
        at java.util.concurrent.LinkedBlockingQueue.poll(LinkedBlockingQueue.java:467)
        at org.apache.hadoop.ipc.CallQueueManager.take(CallQueueManager.java:317)
        at org.apache.hadoop.ipc.Server$Handler.run(Server.java:2932)
"grpc-default-boss-ELG-1-1" daemon prio=5 tid=128 runnable
java.lang.Thread.State: RUNNABLE
        at org.apache.ratis.thirdparty.io.netty.channel.epoll.Native.epollWait(Native Method)
        at org.apache.ratis.thirdparty.io.netty.channel.epoll.Native.epollWait(Native.java:193)
        at org.apache.ratis.thirdparty.io.netty.channel.epoll.Native.epollWait(Native.java:186)
        at org.apache.ratis.thirdparty.io.netty.channel.epoll.EpollEventLoop.epollWaitNoTimerChange(EpollEventLoop.java:290)
        at org.apache.ratis.thirdparty.io.netty.channel.epoll.EpollEventLoop.run(EpollEventLoop.java:347)
        at org.apache.ratis.thirdparty.io.netty.util.concurrent.SingleThreadEventExecutor$4.run(SingleThreadEventExecutor.java:986)
        at org.apache.ratis.thirdparty.io.netty.util.internal.ThreadExecutorMap$2.run(ThreadExecutorMap.java:74)
        at org.apache.ratis.thirdparty.io.netty.util.concurrent.FastThreadLocalRunnable.run(FastThreadLocalRunnable.java:30)
        at java.lang.Thread.run(Thread.java:750)
"pool-65-thread-1" daemon prio=5 tid=169 timed_waiting
java.lang.Thread.State: TIMED_WAITING
        at sun.misc.Unsafe.park(Native Method)
        at java.util.concurrent.locks.LockSupport.parkNanos(LockSupport.java:215)
        at java.util.concurrent.locks.AbstractQueuedSynchronizer$ConditionObject.awaitNanos(AbstractQueuedSynchronizer.java:2078)
        at java.util.concurrent.ScheduledThreadPoolExecutor$DelayedWorkQueue.take(ScheduledThreadPoolExecutor.java:1093)
        at java.util.concurrent.ScheduledThreadPoolExecutor$DelayedWorkQueue.take(ScheduledThreadPoolExecutor.java:809)
        at java.util.concurrent.ThreadPoolExecutor.getTask(ThreadPoolExecutor.java:1074)
        at java.util.concurrent.ThreadPoolExecutor.runWorker(ThreadPoolExecutor.java:1134)
        at java.util.concurrent.ThreadPoolExecutor$Worker.run(ThreadPoolExecutor.java:624)
        at java.lang.Thread.run(Thread.java:750)
"IPC Server handler 9 on default port 39603" daemon prio=5 tid=46 timed_waiting
java.lang.Thread.State: TIMED_WAITING
        at sun.misc.Unsafe.park(Native Method)
        at java.util.concurrent.locks.LockSupport.parkNanos(LockSupport.java:215)
        at java.util.concurrent.locks.AbstractQueuedSynchronizer$ConditionObject.awaitNanos(AbstractQueuedSynchronizer.java:2078)
        at java.util.concurrent.LinkedBlockingQueue.poll(LinkedBlockingQueue.java:467)
        at org.apache.hadoop.ipc.CallQueueManager.take(CallQueueManager.java:317)
        at org.apache.hadoop.ipc.Server$Handler.run(Server.java:2932)
"EndpointStateMachine task thread for /0.0.0.0:46105 - 0 "  prio=5 tid=313 in Object.wait()
java.lang.Thread.State: WAITING (on object monitor)
        at sun.misc.Unsafe.park(Native Method)
        at java.util.concurrent.locks.LockSupport.park(LockSupport.java:175)
        at java.util.concurrent.locks.AbstractQueuedSynchronizer$ConditionObject.await(AbstractQueuedSynchronizer.java:2039)
        at java.util.concurrent.LinkedBlockingQueue.take(LinkedBlockingQueue.java:442)
        at java.util.concurrent.ThreadPoolExecutor.getTask(ThreadPoolExecutor.java:1074)
        at java.util.concurrent.ThreadPoolExecutor.runWorker(ThreadPoolExecutor.java:1134)
        at java.util.concurrent.ThreadPoolExecutor$Worker.run(ThreadPoolExecutor.java:624)
        at java.lang.Thread.run(Thread.java:750)
"Timer-0"  prio=5 tid=130 timed_waiting
java.lang.Thread.State: TIMED_WAITING
        at java.lang.Object.wait(Native Method)
        at java.util.TimerThread.mainLoop(Timer.java:552)
        at java.util.TimerThread.run(Timer.java:505)
"Signal Dispatcher" daemon prio=9 tid=4 runnable
java.lang.Thread.State: RUNNABLE
"3af0815a-b562-4e3c-89c3-e6a4aa9e64d7@group-3C12C85C2B14-LeaderStateImpl" daemon prio=5 tid=456 timed_waiting
java.lang.Thread.State: TIMED_WAITING
        at sun.misc.Unsafe.park(Native Method)
        at java.util.concurrent.locks.LockSupport.parkNanos(LockSupport.java:215)
        at java.util.concurrent.locks.AbstractQueuedSynchronizer$ConditionObject.awaitNanos(AbstractQueuedSynchronizer.java:2078)
        at java.util.concurrent.ArrayBlockingQueue.poll(ArrayBlockingQueue.java:418)
        at org.apache.ratis.server.impl.LeaderStateImpl$EventQueue.poll(LeaderStateImpl.java:159)
        at org.apache.ratis.server.impl.LeaderStateImpl$EventProcessor.run(LeaderStateImpl.java:630)
"org.apache.hadoop.ozone.container.common.statemachine.commandhandler.DeleteBlocksCommandHandler$DeleteCmdWorker@404479f1" daemon prio=5 tid=227 timed_waiting
java.lang.Thread.State: TIMED_WAITING
        at java.lang.Thread.sleep(Native Method)
        at org.apache.hadoop.ozone.container.common.statemachine.commandhandler.DeleteBlocksCommandHandler$DeleteCmdWorker.run(DeleteBlocksCommandHandler.java:185)
        at java.lang.Thread.run(Thread.java:750)
"IPC Server Responder" daemon prio=5 tid=30 runnable
java.lang.Thread.State: RUNNABLE
        at sun.nio.ch.EPollArrayWrapper.epollWait(Native Method)
        at sun.nio.ch.EPollArrayWrapper.poll(EPollArrayWrapper.java:269)
        at sun.nio.ch.EPollSelectorImpl.doSelect(EPollSelectorImpl.java:93)
        at sun.nio.ch.SelectorImpl.lockAndDoSelect(SelectorImpl.java:86)
        at sun.nio.ch.SelectorImpl.select(SelectorImpl.java:97)
        at org.apache.hadoop.ipc.Server$Responder.doRunLoop(Server.java:1527)
        at org.apache.hadoop.ipc.Server$Responder.run(Server.java:1510)
"IPC Server handler 17 on default port 43477" daemon prio=5 tid=74 timed_waiting
java.lang.Thread.State: TIMED_WAITING
        at sun.misc.Unsafe.park(Native Method)
        at java.util.concurrent.locks.LockSupport.parkNanos(LockSupport.java:215)
        at java.util.concurrent.locks.AbstractQueuedSynchronizer$ConditionObject.awaitNanos(AbstractQueuedSynchronizer.java:2078)
        at java.util.concurrent.LinkedBlockingQueue.poll(LinkedBlockingQueue.java:467)
        at org.apache.hadoop.ipc.CallQueueManager.take(CallQueueManager.java:317)
        at org.apache.hadoop.ipc.Server$Handler.run(Server.java:2932)
"ContainerOp-11a09448-7cda-4d49-9fe8-abfecfd9e082-8"  prio=5 tid=552 in Object.wait()
java.lang.Thread.State: WAITING (on object monitor)
        at sun.misc.Unsafe.park(Native Method)
        at java.util.concurrent.locks.LockSupport.park(LockSupport.java:175)
        at java.util.concurrent.locks.AbstractQueuedSynchronizer$ConditionObject.await(AbstractQueuedSynchronizer.java:2039)
        at java.util.concurrent.LinkedBlockingQueue.take(LinkedBlockingQueue.java:442)
        at java.util.concurrent.ThreadPoolExecutor.getTask(ThreadPoolExecutor.java:1074)
        at java.util.concurrent.ThreadPoolExecutor.runWorker(ThreadPoolExecutor.java:1134)
        at java.util.concurrent.ThreadPoolExecutor$Worker.run(ThreadPoolExecutor.java:624)
        at java.lang.Thread.run(Thread.java:750)
"qtp658634349-205" daemon prio=5 tid=205 timed_waiting
java.lang.Thread.State: TIMED_WAITING
        at sun.misc.Unsafe.park(Native Method)
        at java.util.concurrent.locks.LockSupport.parkNanos(LockSupport.java:215)
        at java.util.concurrent.locks.AbstractQueuedSynchronizer$ConditionObject.awaitNanos(AbstractQueuedSynchronizer.java:2078)
        at org.eclipse.jetty.util.BlockingArrayQueue.poll(BlockingArrayQueue.java:382)
        at org.eclipse.jetty.util.thread.QueuedThreadPool$Runner.idleJobPoll(QueuedThreadPool.java:974)
        at org.eclipse.jetty.util.thread.QueuedThreadPool$Runner.run(QueuedThreadPool.java:1018)
        at java.lang.Thread.run(Thread.java:750)
"org.apache.hadoop.util.JvmPauseMonitor$Monitor@6e50c935" daemon prio=5 tid=191 timed_waiting
java.lang.Thread.State: TIMED_WAITING
        at java.lang.Thread.sleep(Native Method)
        at org.apache.hadoop.util.JvmPauseMonitor$Monitor.run(JvmPauseMonitor.java:192)
        at java.lang.Thread.run(Thread.java:750)
"qtp1871221268-140" daemon prio=5 tid=140 timed_waiting
java.lang.Thread.State: TIMED_WAITING
        at sun.misc.Unsafe.park(Native Method)
        at java.util.concurrent.locks.LockSupport.parkNanos(LockSupport.java:215)
        at java.util.concurrent.locks.AbstractQueuedSynchronizer$ConditionObject.awaitNanos(AbstractQueuedSynchronizer.java:2078)
        at org.eclipse.jetty.util.BlockingArrayQueue.poll(BlockingArrayQueue.java:382)
        at org.eclipse.jetty.util.thread.QueuedThreadPool$Runner.idleJobPoll(QueuedThreadPool.java:974)
        at org.eclipse.jetty.util.thread.QueuedThreadPool$Runner.run(QueuedThreadPool.java:1018)
        at java.lang.Thread.run(Thread.java:750)
"StaleRecoveringContainerScrubbingService#2" daemon prio=5 tid=676 in Object.wait()
java.lang.Thread.State: WAITING (on object monitor)
        at sun.misc.Unsafe.park(Native Method)
        at java.util.concurrent.locks.LockSupport.park(LockSupport.java:175)
        at java.util.concurrent.locks.AbstractQueuedSynchronizer$ConditionObject.await(AbstractQueuedSynchronizer.java:2039)
        at java.util.concurrent.ScheduledThreadPoolExecutor$DelayedWorkQueue.take(ScheduledThreadPoolExecutor.java:1088)
        at java.util.concurrent.ScheduledThreadPoolExecutor$DelayedWorkQueue.take(ScheduledThreadPoolExecutor.java:809)
        at java.util.concurrent.ThreadPoolExecutor.getTask(ThreadPoolExecutor.java:1074)
        at java.util.concurrent.ThreadPoolExecutor.runWorker(ThreadPoolExecutor.java:1134)
        at java.util.concurrent.ThreadPoolExecutor$Worker.run(ThreadPoolExecutor.java:624)
        at java.lang.Thread.run(Thread.java:750)
"qtp209381734-286" daemon prio=5 tid=286 timed_waiting
java.lang.Thread.State: TIMED_WAITING
        at sun.misc.Unsafe.park(Native Method)
        at java.util.concurrent.locks.LockSupport.parkNanos(LockSupport.java:215)
        at java.util.concurrent.locks.AbstractQueuedSynchronizer$ConditionObject.awaitNanos(AbstractQueuedSynchronizer.java:2078)
        at org.eclipse.jetty.util.BlockingArrayQueue.poll(BlockingArrayQueue.java:382)
        at org.eclipse.jetty.util.thread.QueuedThreadPool$Runner.idleJobPoll(QueuedThreadPool.java:974)
        at org.eclipse.jetty.util.thread.QueuedThreadPool$Runner.run(QueuedThreadPool.java:1018)
        at java.lang.Thread.run(Thread.java:750)
"IPC Server listener on 0" daemon prio=5 tid=23 runnable
java.lang.Thread.State: RUNNABLE
        at sun.nio.ch.EPollArrayWrapper.epollWait(Native Method)
        at sun.nio.ch.EPollArrayWrapper.poll(EPollArrayWrapper.java:269)
        at sun.nio.ch.EPollSelectorImpl.doSelect(EPollSelectorImpl.java:93)
        at sun.nio.ch.SelectorImpl.lockAndDoSelect(SelectorImpl.java:86)
        at sun.nio.ch.SelectorImpl.select(SelectorImpl.java:97)
        at sun.nio.ch.SelectorImpl.select(SelectorImpl.java:101)
        at org.apache.hadoop.ipc.Server$Listener.run(Server.java:1350)
"Datanode ReportManager Thread - 4" daemon prio=5 tid=295 in Object.wait()
java.lang.Thread.State: WAITING (on object monitor)
        at sun.misc.Unsafe.park(Native Method)
        at java.util.concurrent.locks.LockSupport.park(LockSupport.java:175)
        at java.util.concurrent.locks.AbstractQueuedSynchronizer$ConditionObject.await(AbstractQueuedSynchronizer.java:2039)
        at java.util.concurrent.ScheduledThreadPoolExecutor$DelayedWorkQueue.take(ScheduledThreadPoolExecutor.java:1088)
        at java.util.concurrent.ScheduledThreadPoolExecutor$DelayedWorkQueue.take(ScheduledThreadPoolExecutor.java:809)
        at java.util.concurrent.ThreadPoolExecutor.getTask(ThreadPoolExecutor.java:1074)
        at java.util.concurrent.ThreadPoolExecutor.runWorker(ThreadPoolExecutor.java:1134)
        at java.util.concurrent.ThreadPoolExecutor$Worker.run(ThreadPoolExecutor.java:624)
        at java.lang.Thread.run(Thread.java:750)
"Datanode ReportManager Thread - 0" daemon prio=5 tid=239 in Object.wait()
java.lang.Thread.State: WAITING (on object monitor)
        at sun.misc.Unsafe.park(Native Method)
        at java.util.concurrent.locks.LockSupport.park(LockSupport.java:175)
        at java.util.concurrent.locks.AbstractQueuedSynchronizer$ConditionObject.await(AbstractQueuedSynchronizer.java:2039)
        at java.util.concurrent.ScheduledThreadPoolExecutor$DelayedWorkQueue.take(ScheduledThreadPoolExecutor.java:1088)
        at java.util.concurrent.ScheduledThreadPoolExecutor$DelayedWorkQueue.take(ScheduledThreadPoolExecutor.java:809)
        at java.util.concurrent.ThreadPoolExecutor.getTask(ThreadPoolExecutor.java:1074)
        at java.util.concurrent.ThreadPoolExecutor.runWorker(ThreadPoolExecutor.java:1134)
        at java.util.concurrent.ThreadPoolExecutor$Worker.run(ThreadPoolExecutor.java:624)
        at java.lang.Thread.run(Thread.java:750)
"Trash Emptier" daemon prio=5 tid=164 timed_waiting
java.lang.Thread.State: TIMED_WAITING
        at java.lang.Thread.sleep(Native Method)
        at org.apache.hadoop.ozone.om.TrashPolicyOzone$Emptier.run(TrashPolicyOzone.java:199)
        at java.lang.Thread.run(Thread.java:750)
"surefire-forkedjvm-command-thread" daemon prio=5 tid=10 runnable
java.lang.Thread.State: RUNNABLE
        at java.io.FileInputStream.readBytes(Native Method)
        at java.io.FileInputStream.read(FileInputStream.java:255)
        at java.io.BufferedInputStream.read1(BufferedInputStream.java:284)
        at java.io.BufferedInputStream.read(BufferedInputStream.java:345)
        at java.io.BufferedInputStream.fill(BufferedInputStream.java:246)
        at java.io.BufferedInputStream.read1(BufferedInputStream.java:286)
        at java.io.BufferedInputStream.read(BufferedInputStream.java:345)
        at org.apache.maven.surefire.api.util.internal.Channels$3.readImpl(Channels.java:214)
        at org.apache.maven.surefire.api.util.internal.AbstractNoninterruptibleReadableChannel.read(AbstractNoninterruptibleReadableChannel.java:54)
        at org.apache.maven.surefire.booter.spi.LegacyMasterProcessChannelDecoder.decode(LegacyMasterProcessChannelDecoder.java:80)
        at org.apache.maven.surefire.booter.CommandReader$CommandRunnable.run(CommandReader.java:343)
        at java.lang.Thread.run(Thread.java:750)
"DirectoryDeletingService#0" daemon prio=5 tid=132 timed_waiting
java.lang.Thread.State: TIMED_WAITING
        at sun.misc.Unsafe.park(Native Method)
        at java.util.concurrent.locks.LockSupport.parkNanos(LockSupport.java:215)
        at java.util.concurrent.locks.AbstractQueuedSynchronizer$ConditionObject.awaitNanos(AbstractQueuedSynchronizer.java:2078)
        at java.util.concurrent.ScheduledThreadPoolExecutor$DelayedWorkQueue.take(ScheduledThreadPoolExecutor.java:1093)
        at java.util.concurrent.ScheduledThreadPoolExecutor$DelayedWorkQueue.take(ScheduledThreadPoolExecutor.java:809)
        at java.util.concurrent.ThreadPoolExecutor.getTask(ThreadPoolExecutor.java:1074)
        at java.util.concurrent.ThreadPoolExecutor.runWorker(ThreadPoolExecutor.java:1134)
        at java.util.concurrent.ThreadPoolExecutor$Worker.run(ThreadPoolExecutor.java:624)
        at java.lang.Thread.run(Thread.java:750)
"IPC Server handler 1 on default port 39603" daemon prio=5 tid=38 timed_waiting
java.lang.Thread.State: TIMED_WAITING
        at sun.misc.Unsafe.park(Native Method)
        at java.util.concurrent.locks.LockSupport.parkNanos(LockSupport.java:215)
        at java.util.concurrent.locks.AbstractQueuedSynchronizer$ConditionObject.awaitNanos(AbstractQueuedSynchronizer.java:2078)
        at java.util.concurrent.LinkedBlockingQueue.poll(LinkedBlockingQueue.java:467)
        at org.apache.hadoop.ipc.CallQueueManager.take(CallQueueManager.java:317)
        at org.apache.hadoop.ipc.Server$Handler.run(Server.java:2932)
"Datanode ReportManager Thread - 0" daemon prio=5 tid=185 in Object.wait()
java.lang.Thread.State: WAITING (on object monitor)
        at sun.misc.Unsafe.park(Native Method)
        at java.util.concurrent.locks.LockSupport.park(LockSupport.java:175)
        at java.util.concurrent.locks.AbstractQueuedSynchronizer$ConditionObject.await(AbstractQueuedSynchronizer.java:2039)
        at java.util.concurrent.ScheduledThreadPoolExecutor$DelayedWorkQueue.take(ScheduledThreadPoolExecutor.java:1088)
        at java.util.concurrent.ScheduledThreadPoolExecutor$DelayedWorkQueue.take(ScheduledThreadPoolExecutor.java:809)
        at java.util.concurrent.ThreadPoolExecutor.getTask(ThreadPoolExecutor.java:1074)
        at java.util.concurrent.ThreadPoolExecutor.runWorker(ThreadPoolExecutor.java:1134)
        at java.util.concurrent.ThreadPoolExecutor$Worker.run(ThreadPoolExecutor.java:624)
        at java.lang.Thread.run(Thread.java:750)
"ContainerOp-11a09448-7cda-4d49-9fe8-abfecfd9e082-4"  prio=5 tid=525 in Object.wait()
java.lang.Thread.State: WAITING (on object monitor)
        at sun.misc.Unsafe.park(Native Method)
        at java.util.concurrent.locks.LockSupport.park(LockSupport.java:175)
        at java.util.concurrent.locks.AbstractQueuedSynchronizer$ConditionObject.await(AbstractQueuedSynchronizer.java:2039)
        at java.util.concurrent.LinkedBlockingQueue.take(LinkedBlockingQueue.java:442)
        at java.util.concurrent.ThreadPoolExecutor.getTask(ThreadPoolExecutor.java:1074)
        at java.util.concurrent.ThreadPoolExecutor.runWorker(ThreadPoolExecutor.java:1134)
        at java.util.concurrent.ThreadPoolExecutor$Worker.run(ThreadPoolExecutor.java:624)
        at java.lang.Thread.run(Thread.java:750)
"StaleRecoveringContainerScrubbingService#0" daemon prio=5 tid=333 timed_waiting
java.lang.Thread.State: TIMED_WAITING
        at sun.misc.Unsafe.park(Native Method)
        at java.util.concurrent.locks.LockSupport.parkNanos(LockSupport.java:215)
        at java.util.concurrent.locks.AbstractQueuedSynchronizer$ConditionObject.awaitNanos(AbstractQueuedSynchronizer.java:2078)
        at java.util.concurrent.ScheduledThreadPoolExecutor$DelayedWorkQueue.take(ScheduledThreadPoolExecutor.java:1093)
        at java.util.concurrent.ScheduledThreadPoolExecutor$DelayedWorkQueue.take(ScheduledThreadPoolExecutor.java:809)
        at java.util.concurrent.ThreadPoolExecutor.getTask(ThreadPoolExecutor.java:1074)
        at java.util.concurrent.ThreadPoolExecutor.runWorker(ThreadPoolExecutor.java:1134)
        at java.util.concurrent.ThreadPoolExecutor$Worker.run(ThreadPoolExecutor.java:624)
        at java.lang.Thread.run(Thread.java:750)
"qtp1871221268-139" daemon prio=5 tid=139 timed_waiting
java.lang.Thread.State: TIMED_WAITING
        at sun.misc.Unsafe.park(Native Method)
        at java.util.concurrent.locks.LockSupport.parkNanos(LockSupport.java:215)
        at java.util.concurrent.locks.AbstractQueuedSynchronizer$ConditionObject.awaitNanos(AbstractQueuedSynchronizer.java:2078)
        at org.eclipse.jetty.util.BlockingArrayQueue.poll(BlockingArrayQueue.java:382)
        at org.eclipse.jetty.util.thread.QueuedThreadPool$Runner.idleJobPoll(QueuedThreadPool.java:974)
        at org.eclipse.jetty.util.thread.QueuedThreadPool$Runner.run(QueuedThreadPool.java:1018)
        at java.lang.Thread.run(Thread.java:750)
"Command processor thread" daemon prio=5 tid=218 timed_waiting
java.lang.Thread.State: TIMED_WAITING
        at java.lang.Thread.sleep(Native Method)
        at org.apache.hadoop.ozone.container.common.statemachine.DatanodeStateMachine.lambda$initCommandHandlerThread$3(DatanodeStateMachine.java:628)
        at org.apache.hadoop.ozone.container.common.statemachine.DatanodeStateMachine$$Lambda$676/1780406170.run(Unknown Source)
        at java.lang.Thread.run(Thread.java:750)
"IPC Server handler 11 on default port 43477" daemon prio=5 tid=68 timed_waiting
java.lang.Thread.State: TIMED_WAITING
        at sun.misc.Unsafe.park(Native Method)
        at java.util.concurrent.locks.LockSupport.parkNanos(LockSupport.java:215)
        at java.util.concurrent.locks.AbstractQueuedSynchronizer$ConditionObject.awaitNanos(AbstractQueuedSynchronizer.java:2078)
        at java.util.concurrent.LinkedBlockingQueue.poll(LinkedBlockingQueue.java:467)
        at org.apache.hadoop.ipc.CallQueueManager.take(CallQueueManager.java:317)
        at org.apache.hadoop.ipc.Server$Handler.run(Server.java:2932)
"Datanode State Machine Daemon Thread" daemon prio=5 tid=212 timed_waiting
java.lang.Thread.State: TIMED_WAITING
        at java.lang.Thread.sleep(Native Method)
        at org.apache.hadoop.ozone.container.common.statemachine.DatanodeStateMachine.startStateMachineThread(DatanodeStateMachine.java:313)
        at org.apache.hadoop.ozone.container.common.statemachine.DatanodeStateMachine.lambda$startDaemon$0(DatanodeStateMachine.java:493)
        at org.apache.hadoop.ozone.container.common.statemachine.DatanodeStateMachine$$Lambda$674/1897013268.run(Unknown Source)
        at java.lang.Thread.run(Thread.java:750)


	at org.apache.ozone.test.GenericTestUtils.waitFor(GenericTestUtils.java:224)
	at org.apache.hadoop.fs.ozone.TestOzoneFileSystem.testTrash(TestOzoneFileSystem.java:1350)
	at sun.reflect.NativeMethodAccessorImpl.invoke0(Native Method)
	at sun.reflect.NativeMethodAccessorImpl.invoke(NativeMethodAccessorImpl.java:62)
	at sun.reflect.DelegatingMethodAccessorImpl.invoke(DelegatingMethodAccessorImpl.java:43)
	at java.lang.reflect.Method.invoke(Method.java:498)
	at org.junit.runners.model.FrameworkMethod$1.runReflectiveCall(FrameworkMethod.java:59)
	at org.junit.internal.runners.model.ReflectiveCallable.run(ReflectiveCallable.java:12)
	at org.junit.runners.model.FrameworkMethod.invokeExplosively(FrameworkMethod.java:56)
	at org.junit.internal.runners.statements.InvokeMethod.evaluate(InvokeMethod.java:17)
	at org.junit.internal.runners.statements.RunAfters.evaluate(RunAfters.java:27)
	at org.junit.internal.runners.statements.FailOnTimeout$CallableStatement.call(FailOnTimeout.java:288)
	at org.junit.internal.runners.statements.FailOnTimeout$CallableStatement.call(FailOnTimeout.java:282)
	at java.util.concurrent.FutureTask.run(FutureTask.java:266)
	at java.lang.Thread.run(Thread.java:750)
]]></error>
    <system-out><![CDATA[01:53:18.006 [IPC Server handler 11 on default port 35175] ERROR OMAudit - user=runner | ip=127.0.0.1 | op=GET_FILE_STATUS {volume=volume18062, bucket=bucket29054, key=.Trash/runner/Current/testKey2, dataSize=0, replicationConfig=null} | ret=FAILURE
org.apache.hadoop.ozone.om.exceptions.OMException: Unable to get file status: volume: volume18062 bucket: bucket29054 key: .Trash/runner/Current/testKey2
	at org.apache.hadoop.ozone.om.KeyManagerImpl.getOzoneFileStatus(KeyManagerImpl.java:1311) ~[ozone-manager-1.3.0-SNAPSHOT.jar:?]
	at org.apache.hadoop.ozone.om.KeyManagerImpl.getFileStatus(KeyManagerImpl.java:1241) ~[ozone-manager-1.3.0-SNAPSHOT.jar:?]
	at org.apache.hadoop.ozone.om.OzoneManager.getFileStatus(OzoneManager.java:3467) ~[ozone-manager-1.3.0-SNAPSHOT.jar:?]
	at org.apache.hadoop.ozone.protocolPB.OzoneManagerRequestHandler.getOzoneFileStatus(OzoneManagerRequestHandler.java:878) ~[ozone-manager-1.3.0-SNAPSHOT.jar:?]
	at org.apache.hadoop.ozone.protocolPB.OzoneManagerRequestHandler.handleReadRequest(OzoneManagerRequestHandler.java:224) ~[ozone-manager-1.3.0-SNAPSHOT.jar:?]
	at org.apache.hadoop.ozone.protocolPB.OzoneManagerProtocolServerSideTranslatorPB.submitReadRequestToOM(OzoneManagerProtocolServerSideTranslatorPB.java:226) ~[ozone-manager-1.3.0-SNAPSHOT.jar:?]
	at org.apache.hadoop.ozone.protocolPB.OzoneManagerProtocolServerSideTranslatorPB.processRequest(OzoneManagerProtocolServerSideTranslatorPB.java:175) ~[ozone-manager-1.3.0-SNAPSHOT.jar:?]
	at org.apache.hadoop.hdds.server.OzoneProtocolMessageDispatcher.processRequest(OzoneProtocolMessageDispatcher.java:87) [hdds-server-framework-1.3.0-SNAPSHOT.jar:?]
	at org.apache.hadoop.ozone.protocolPB.OzoneManagerProtocolServerSideTranslatorPB.submitRequest(OzoneManagerProtocolServerSideTranslatorPB.java:147) [ozone-manager-1.3.0-SNAPSHOT.jar:?]
	at org.apache.hadoop.ozone.protocol.proto.OzoneManagerProtocolProtos$OzoneManagerService$2.callBlockingMethod(OzoneManagerProtocolProtos.java) [ozone-interface-client-1.3.0-SNAPSHOT.jar:?]
	at org.apache.hadoop.ipc.ProtobufRpcEngine$Server.processCall(ProtobufRpcEngine.java:466) [hadoop-common-3.3.1.jar:?]
	at org.apache.hadoop.ipc.ProtobufRpcEngine2$Server$ProtoBufRpcInvoker.call(ProtobufRpcEngine2.java:574) [hadoop-common-3.3.1.jar:?]
	at org.apache.hadoop.ipc.ProtobufRpcEngine2$Server$ProtoBufRpcInvoker.call(ProtobufRpcEngine2.java:552) [hadoop-common-3.3.1.jar:?]
	at org.apache.hadoop.ipc.RPC$Server.call(RPC.java:1093) [hadoop-common-3.3.1.jar:?]
	at org.apache.hadoop.ipc.Server$RpcCall.run(Server.java:1035) [hadoop-common-3.3.1.jar:?]
	at org.apache.hadoop.ipc.Server$RpcCall.run(Server.java:963) [hadoop-common-3.3.1.jar:?]
	at java.security.AccessController.doPrivileged(Native Method) ~[?:1.8.0_332]
	at javax.security.auth.Subject.doAs(Subject.java:422) [?:1.8.0_332]
	at org.apache.hadoop.security.UserGroupInformation.doAs(UserGroupInformation.java:1878) [hadoop-common-3.3.1.jar:?]
	at org.apache.hadoop.ipc.Server$Handler.run(Server.java:2966) [hadoop-common-3.3.1.jar:?]
01:53:18.010 [IPC Server handler 12 on default port 35175] ERROR OMAudit - user=runner | ip=127.0.0.1 | op=GET_FILE_STATUS {volume=volume18062, bucket=bucket29054, key=.Trash/runner/Current/testKey2, dataSize=0, replicationConfig=null} | ret=FAILURE
org.apache.hadoop.ozone.om.exceptions.OMException: Unable to get file status: volume: volume18062 bucket: bucket29054 key: .Trash/runner/Current/testKey2
	at org.apache.hadoop.ozone.om.KeyManagerImpl.getOzoneFileStatus(KeyManagerImpl.java:1311) ~[ozone-manager-1.3.0-SNAPSHOT.jar:?]
	at org.apache.hadoop.ozone.om.KeyManagerImpl.getFileStatus(KeyManagerImpl.java:1241) ~[ozone-manager-1.3.0-SNAPSHOT.jar:?]
	at org.apache.hadoop.ozone.om.OzoneManager.getFileStatus(OzoneManager.java:3467) ~[ozone-manager-1.3.0-SNAPSHOT.jar:?]
	at org.apache.hadoop.ozone.protocolPB.OzoneManagerRequestHandler.getOzoneFileStatus(OzoneManagerRequestHandler.java:878) ~[ozone-manager-1.3.0-SNAPSHOT.jar:?]
	at org.apache.hadoop.ozone.protocolPB.OzoneManagerRequestHandler.handleReadRequest(OzoneManagerRequestHandler.java:224) ~[ozone-manager-1.3.0-SNAPSHOT.jar:?]
	at org.apache.hadoop.ozone.protocolPB.OzoneManagerProtocolServerSideTranslatorPB.submitReadRequestToOM(OzoneManagerProtocolServerSideTranslatorPB.java:226) ~[ozone-manager-1.3.0-SNAPSHOT.jar:?]
	at org.apache.hadoop.ozone.protocolPB.OzoneManagerProtocolServerSideTranslatorPB.processRequest(OzoneManagerProtocolServerSideTranslatorPB.java:175) ~[ozone-manager-1.3.0-SNAPSHOT.jar:?]
	at org.apache.hadoop.hdds.server.OzoneProtocolMessageDispatcher.processRequest(OzoneProtocolMessageDispatcher.java:87) [hdds-server-framework-1.3.0-SNAPSHOT.jar:?]
	at org.apache.hadoop.ozone.protocolPB.OzoneManagerProtocolServerSideTranslatorPB.submitRequest(OzoneManagerProtocolServerSideTranslatorPB.java:147) [ozone-manager-1.3.0-SNAPSHOT.jar:?]
	at org.apache.hadoop.ozone.protocol.proto.OzoneManagerProtocolProtos$OzoneManagerService$2.callBlockingMethod(OzoneManagerProtocolProtos.java) [ozone-interface-client-1.3.0-SNAPSHOT.jar:?]
	at org.apache.hadoop.ipc.ProtobufRpcEngine$Server.processCall(ProtobufRpcEngine.java:466) [hadoop-common-3.3.1.jar:?]
	at org.apache.hadoop.ipc.ProtobufRpcEngine2$Server$ProtoBufRpcInvoker.call(ProtobufRpcEngine2.java:574) [hadoop-common-3.3.1.jar:?]
	at org.apache.hadoop.ipc.ProtobufRpcEngine2$Server$ProtoBufRpcInvoker.call(ProtobufRpcEngine2.java:552) [hadoop-common-3.3.1.jar:?]
	at org.apache.hadoop.ipc.RPC$Server.call(RPC.java:1093) [hadoop-common-3.3.1.jar:?]
	at org.apache.hadoop.ipc.Server$RpcCall.run(Server.java:1035) [hadoop-common-3.3.1.jar:?]
	at org.apache.hadoop.ipc.Server$RpcCall.run(Server.java:963) [hadoop-common-3.3.1.jar:?]
	at java.security.AccessController.doPrivileged(Native Method) ~[?:1.8.0_332]
	at javax.security.auth.Subject.doAs(Subject.java:422) [?:1.8.0_332]
	at org.apache.hadoop.security.UserGroupInformation.doAs(UserGroupInformation.java:1878) [hadoop-common-3.3.1.jar:?]
	at org.apache.hadoop.ipc.Server$Handler.run(Server.java:2966) [hadoop-common-3.3.1.jar:?]
2022-08-03 01:53:18,025 [Time-limited test] INFO  fs.TrashPolicyDefault (TrashPolicyDefault.java:moveToTrash(188)) - Moved: '/testKey2' to trash at: /.Trash/runner/Current/testKey2
2022-08-03 01:53:18,761 [a32d3105-1fa5-4486-a401-c143653c6277@group-6A8FC32459EF-FollowerState] INFO  impl.FollowerState (FollowerState.java:run(143)) - a32d3105-1fa5-4486-a401-c143653c6277@group-6A8FC32459EF-FollowerState: change to CANDIDATE, lastRpcElapsedTime:5154071129ns, electionTimeout:5147ms
2022-08-03 01:53:18,761 [a32d3105-1fa5-4486-a401-c143653c6277@group-6A8FC32459EF-FollowerState] INFO  impl.RoleInfo (RoleInfo.java:shutdownFollowerState(110)) - a32d3105-1fa5-4486-a401-c143653c6277: shutdown a32d3105-1fa5-4486-a401-c143653c6277@group-6A8FC32459EF-FollowerState
2022-08-03 01:53:18,761 [a32d3105-1fa5-4486-a401-c143653c6277@group-6A8FC32459EF-FollowerState] INFO  server.RaftServer$Division (RaftServerImpl.java:setRole(299)) - a32d3105-1fa5-4486-a401-c143653c6277@group-6A8FC32459EF: changes role from  FOLLOWER to CANDIDATE at term 1 for changeToCandidate
2022-08-03 01:53:18,762 [a32d3105-1fa5-4486-a401-c143653c6277@group-6A8FC32459EF-FollowerState] INFO  server.RaftServerConfigKeys (ConfUtils.java:logGet(46)) - raft.server.leaderelection.pre-vote = false (custom)
2022-08-03 01:53:18,762 [d2433786-0171-4e17-9e3a-b12e44f36186@group-6A8FC32459EF-FollowerState] INFO  impl.FollowerState (FollowerState.java:run(143)) - d2433786-0171-4e17-9e3a-b12e44f36186@group-6A8FC32459EF-FollowerState: change to CANDIDATE, lastRpcElapsedTime:5131389601ns, electionTimeout:5128ms
2022-08-03 01:53:18,762 [a32d3105-1fa5-4486-a401-c143653c6277@group-6A8FC32459EF-FollowerState] INFO  impl.RoleInfo (RoleInfo.java:updateAndGet(139)) - a32d3105-1fa5-4486-a401-c143653c6277: start a32d3105-1fa5-4486-a401-c143653c6277@group-6A8FC32459EF-LeaderElection9
2022-08-03 01:53:18,762 [d2433786-0171-4e17-9e3a-b12e44f36186@group-6A8FC32459EF-FollowerState] INFO  impl.RoleInfo (RoleInfo.java:shutdownFollowerState(110)) - d2433786-0171-4e17-9e3a-b12e44f36186: shutdown d2433786-0171-4e17-9e3a-b12e44f36186@group-6A8FC32459EF-FollowerState
2022-08-03 01:53:18,762 [d2433786-0171-4e17-9e3a-b12e44f36186@group-6A8FC32459EF-FollowerState] INFO  server.RaftServer$Division (RaftServerImpl.java:setRole(299)) - d2433786-0171-4e17-9e3a-b12e44f36186@group-6A8FC32459EF: changes role from  FOLLOWER to CANDIDATE at term 1 for changeToCandidate
2022-08-03 01:53:18,763 [d2433786-0171-4e17-9e3a-b12e44f36186@group-6A8FC32459EF-FollowerState] INFO  server.RaftServerConfigKeys (ConfUtils.java:logGet(46)) - raft.server.leaderelection.pre-vote = false (custom)
2022-08-03 01:53:18,763 [d2433786-0171-4e17-9e3a-b12e44f36186@group-6A8FC32459EF-FollowerState] INFO  impl.RoleInfo (RoleInfo.java:updateAndGet(139)) - d2433786-0171-4e17-9e3a-b12e44f36186: start d2433786-0171-4e17-9e3a-b12e44f36186@group-6A8FC32459EF-LeaderElection10
2022-08-03 01:53:18,765 [a32d3105-1fa5-4486-a401-c143653c6277@group-6A8FC32459EF-LeaderElection9] INFO  impl.LeaderElection (LeaderElection.java:askForVotes(310)) - a32d3105-1fa5-4486-a401-c143653c6277@group-6A8FC32459EF-LeaderElection9 ELECTION round 0: submit vote requests at term 2 for -1: [7cc4dae5-b8b1-4887-8b99-c7b379db6b59|rpc:10.1.0.23:38993|dataStream:|priority:0, d2433786-0171-4e17-9e3a-b12e44f36186|rpc:10.1.0.23:41907|dataStream:|priority:0, a32d3105-1fa5-4486-a401-c143653c6277|rpc:10.1.0.23:40593|dataStream:|priority:1], old=null
2022-08-03 01:53:18,766 [d2433786-0171-4e17-9e3a-b12e44f36186@group-6A8FC32459EF-LeaderElection10] INFO  impl.LeaderElection (LeaderElection.java:askForVotes(310)) - d2433786-0171-4e17-9e3a-b12e44f36186@group-6A8FC32459EF-LeaderElection10 ELECTION round 0: submit vote requests at term 2 for -1: [7cc4dae5-b8b1-4887-8b99-c7b379db6b59|rpc:10.1.0.23:38993|priority:0, d2433786-0171-4e17-9e3a-b12e44f36186|rpc:10.1.0.23:41907|priority:0, a32d3105-1fa5-4486-a401-c143653c6277|rpc:10.1.0.23:40593|priority:1], old=null
2022-08-03 01:53:18,774 [grpc-default-executor-0] INFO  server.RaftServer$Division (RaftServerImpl.java:requestVote(1152)) - 7cc4dae5-b8b1-4887-8b99-c7b379db6b59@group-6A8FC32459EF: receive requestVote(ELECTION, d2433786-0171-4e17-9e3a-b12e44f36186, group-6A8FC32459EF, 2, (t:0, i:0))
2022-08-03 01:53:18,775 [grpc-default-executor-0] INFO  impl.VoteContext (VoteContext.java:log(48)) - 7cc4dae5-b8b1-4887-8b99-c7b379db6b59@group-6A8FC32459EF-FOLLOWER: accept ELECTION from d2433786-0171-4e17-9e3a-b12e44f36186: our priority 0 <= candidate's priority 0
2022-08-03 01:53:18,775 [grpc-default-executor-0] INFO  server.RaftServer$Division (RaftServerImpl.java:setRole(299)) - 7cc4dae5-b8b1-4887-8b99-c7b379db6b59@group-6A8FC32459EF: changes role from  FOLLOWER to FOLLOWER at term 2 for candidate:d2433786-0171-4e17-9e3a-b12e44f36186
2022-08-03 01:53:18,775 [grpc-default-executor-0] INFO  impl.RoleInfo (RoleInfo.java:shutdownFollowerState(110)) - 7cc4dae5-b8b1-4887-8b99-c7b379db6b59: shutdown 7cc4dae5-b8b1-4887-8b99-c7b379db6b59@group-6A8FC32459EF-FollowerState
2022-08-03 01:53:18,775 [grpc-default-executor-0] INFO  impl.RoleInfo (RoleInfo.java:updateAndGet(139)) - 7cc4dae5-b8b1-4887-8b99-c7b379db6b59: start 7cc4dae5-b8b1-4887-8b99-c7b379db6b59@group-6A8FC32459EF-FollowerState
2022-08-03 01:53:18,775 [7cc4dae5-b8b1-4887-8b99-c7b379db6b59@group-6A8FC32459EF-FollowerState] INFO  impl.FollowerState (FollowerState.java:run(152)) - 7cc4dae5-b8b1-4887-8b99-c7b379db6b59@group-6A8FC32459EF-FollowerState was interrupted
2022-08-03 01:53:18,778 [grpc-default-executor-0] INFO  server.RaftServer$Division (RaftServerImpl.java:requestVote(1184)) - 7cc4dae5-b8b1-4887-8b99-c7b379db6b59@group-6A8FC32459EF replies to ELECTION vote request: d2433786-0171-4e17-9e3a-b12e44f36186<-7cc4dae5-b8b1-4887-8b99-c7b379db6b59#0:OK-t2. Peer's state: 7cc4dae5-b8b1-4887-8b99-c7b379db6b59@group-6A8FC32459EF:t2, leader=null, voted=d2433786-0171-4e17-9e3a-b12e44f36186, raftlog=7cc4dae5-b8b1-4887-8b99-c7b379db6b59@group-6A8FC32459EF-SegmentedRaftLog:OPENED:c-1, conf=-1: [7cc4dae5-b8b1-4887-8b99-c7b379db6b59|rpc:10.1.0.23:38993|priority:0, d2433786-0171-4e17-9e3a-b12e44f36186|rpc:10.1.0.23:41907|priority:0, a32d3105-1fa5-4486-a401-c143653c6277|rpc:10.1.0.23:40593|priority:1], old=null
2022-08-03 01:53:18,786 [grpc-default-executor-3] INFO  server.RaftServer$Division (RaftServerImpl.java:requestVote(1152)) - a32d3105-1fa5-4486-a401-c143653c6277@group-6A8FC32459EF: receive requestVote(ELECTION, d2433786-0171-4e17-9e3a-b12e44f36186, group-6A8FC32459EF, 2, (t:0, i:0))
2022-08-03 01:53:18,786 [grpc-default-executor-3] INFO  impl.VoteContext (VoteContext.java:log(48)) - a32d3105-1fa5-4486-a401-c143653c6277@group-6A8FC32459EF-CANDIDATE: reject ELECTION from d2433786-0171-4e17-9e3a-b12e44f36186: already has voted for a32d3105-1fa5-4486-a401-c143653c6277 at current term 2
2022-08-03 01:53:18,786 [grpc-default-executor-3] INFO  server.RaftServer$Division (RaftServerImpl.java:requestVote(1184)) - a32d3105-1fa5-4486-a401-c143653c6277@group-6A8FC32459EF replies to ELECTION vote request: d2433786-0171-4e17-9e3a-b12e44f36186<-a32d3105-1fa5-4486-a401-c143653c6277#0:FAIL-t2. Peer's state: a32d3105-1fa5-4486-a401-c143653c6277@group-6A8FC32459EF:t2, leader=null, voted=a32d3105-1fa5-4486-a401-c143653c6277, raftlog=a32d3105-1fa5-4486-a401-c143653c6277@group-6A8FC32459EF-SegmentedRaftLog:OPENED:c-1, conf=-1: [7cc4dae5-b8b1-4887-8b99-c7b379db6b59|rpc:10.1.0.23:38993|dataStream:|priority:0, d2433786-0171-4e17-9e3a-b12e44f36186|rpc:10.1.0.23:41907|dataStream:|priority:0, a32d3105-1fa5-4486-a401-c143653c6277|rpc:10.1.0.23:40593|dataStream:|priority:1], old=null
2022-08-03 01:53:18,788 [d2433786-0171-4e17-9e3a-b12e44f36186@group-6A8FC32459EF-LeaderElection10] INFO  impl.LeaderElection (LeaderElection.java:logAndReturn(90)) - d2433786-0171-4e17-9e3a-b12e44f36186@group-6A8FC32459EF-LeaderElection10: ELECTION REJECTED received 2 response(s) and 0 exception(s):
2022-08-03 01:53:18,789 [d2433786-0171-4e17-9e3a-b12e44f36186@group-6A8FC32459EF-LeaderElection10] INFO  impl.LeaderElection (LeaderElection.java:logAndReturn(94)) -   Response 0: d2433786-0171-4e17-9e3a-b12e44f36186<-7cc4dae5-b8b1-4887-8b99-c7b379db6b59#0:OK-t2
2022-08-03 01:53:18,789 [d2433786-0171-4e17-9e3a-b12e44f36186@group-6A8FC32459EF-LeaderElection10] INFO  impl.LeaderElection (LeaderElection.java:logAndReturn(94)) -   Response 1: d2433786-0171-4e17-9e3a-b12e44f36186<-a32d3105-1fa5-4486-a401-c143653c6277#0:FAIL-t2
2022-08-03 01:53:18,789 [d2433786-0171-4e17-9e3a-b12e44f36186@group-6A8FC32459EF-LeaderElection10] INFO  impl.LeaderElection (LeaderElection.java:askForVotes(312)) - d2433786-0171-4e17-9e3a-b12e44f36186@group-6A8FC32459EF-LeaderElection10 ELECTION round 0: result REJECTED
2022-08-03 01:53:18,796 [d2433786-0171-4e17-9e3a-b12e44f36186@group-6A8FC32459EF-LeaderElection10] INFO  server.RaftServer$Division (RaftServerImpl.java:setRole(299)) - d2433786-0171-4e17-9e3a-b12e44f36186@group-6A8FC32459EF: changes role from CANDIDATE to FOLLOWER at term 2 for REJECTED
2022-08-03 01:53:18,794 [grpc-default-executor-3] INFO  server.RaftServer$Division (RaftServerImpl.java:requestVote(1152)) - 7cc4dae5-b8b1-4887-8b99-c7b379db6b59@group-6A8FC32459EF: receive requestVote(ELECTION, a32d3105-1fa5-4486-a401-c143653c6277, group-6A8FC32459EF, 2, (t:0, i:0))
2022-08-03 01:53:18,796 [d2433786-0171-4e17-9e3a-b12e44f36186@group-6A8FC32459EF-LeaderElection10] INFO  impl.RoleInfo (RoleInfo.java:shutdownLeaderElection(130)) - d2433786-0171-4e17-9e3a-b12e44f36186: shutdown d2433786-0171-4e17-9e3a-b12e44f36186@group-6A8FC32459EF-LeaderElection10
2022-08-03 01:53:18,797 [d2433786-0171-4e17-9e3a-b12e44f36186@group-6A8FC32459EF-LeaderElection10] INFO  impl.RoleInfo (RoleInfo.java:updateAndGet(139)) - d2433786-0171-4e17-9e3a-b12e44f36186: start d2433786-0171-4e17-9e3a-b12e44f36186@group-6A8FC32459EF-FollowerState
2022-08-03 01:53:18,796 [grpc-default-executor-0] INFO  server.RaftServer$Division (RaftServerImpl.java:requestVote(1152)) - d2433786-0171-4e17-9e3a-b12e44f36186@group-6A8FC32459EF: receive requestVote(ELECTION, a32d3105-1fa5-4486-a401-c143653c6277, group-6A8FC32459EF, 2, (t:0, i:0))
2022-08-03 01:53:18,797 [grpc-default-executor-3] INFO  impl.VoteContext (VoteContext.java:log(48)) - 7cc4dae5-b8b1-4887-8b99-c7b379db6b59@group-6A8FC32459EF-FOLLOWER: reject ELECTION from a32d3105-1fa5-4486-a401-c143653c6277: already has voted for d2433786-0171-4e17-9e3a-b12e44f36186 at current term 2
2022-08-03 01:53:18,797 [grpc-default-executor-0] INFO  impl.VoteContext (VoteContext.java:log(48)) - d2433786-0171-4e17-9e3a-b12e44f36186@group-6A8FC32459EF-FOLLOWER: reject ELECTION from a32d3105-1fa5-4486-a401-c143653c6277: already has voted for d2433786-0171-4e17-9e3a-b12e44f36186 at current term 2
2022-08-03 01:53:18,797 [grpc-default-executor-3] INFO  server.RaftServer$Division (RaftServerImpl.java:requestVote(1184)) - 7cc4dae5-b8b1-4887-8b99-c7b379db6b59@group-6A8FC32459EF replies to ELECTION vote request: a32d3105-1fa5-4486-a401-c143653c6277<-7cc4dae5-b8b1-4887-8b99-c7b379db6b59#0:FAIL-t2. Peer's state: 7cc4dae5-b8b1-4887-8b99-c7b379db6b59@group-6A8FC32459EF:t2, leader=null, voted=d2433786-0171-4e17-9e3a-b12e44f36186, raftlog=7cc4dae5-b8b1-4887-8b99-c7b379db6b59@group-6A8FC32459EF-SegmentedRaftLog:OPENED:c-1, conf=-1: [7cc4dae5-b8b1-4887-8b99-c7b379db6b59|rpc:10.1.0.23:38993|priority:0, d2433786-0171-4e17-9e3a-b12e44f36186|rpc:10.1.0.23:41907|priority:0, a32d3105-1fa5-4486-a401-c143653c6277|rpc:10.1.0.23:40593|priority:1], old=null
2022-08-03 01:53:18,797 [grpc-default-executor-0] INFO  server.RaftServer$Division (RaftServerImpl.java:requestVote(1184)) - d2433786-0171-4e17-9e3a-b12e44f36186@group-6A8FC32459EF replies to ELECTION vote request: a32d3105-1fa5-4486-a401-c143653c6277<-d2433786-0171-4e17-9e3a-b12e44f36186#0:FAIL-t2. Peer's state: d2433786-0171-4e17-9e3a-b12e44f36186@group-6A8FC32459EF:t2, leader=null, voted=d2433786-0171-4e17-9e3a-b12e44f36186, raftlog=d2433786-0171-4e17-9e3a-b12e44f36186@group-6A8FC32459EF-SegmentedRaftLog:OPENED:c-1, conf=-1: [7cc4dae5-b8b1-4887-8b99-c7b379db6b59|rpc:10.1.0.23:38993|priority:0, d2433786-0171-4e17-9e3a-b12e44f36186|rpc:10.1.0.23:41907|priority:0, a32d3105-1fa5-4486-a401-c143653c6277|rpc:10.1.0.23:40593|priority:1], old=null
2022-08-03 01:53:18,804 [a32d3105-1fa5-4486-a401-c143653c6277@group-6A8FC32459EF-LeaderElection9] INFO  impl.LeaderElection (LeaderElection.java:logAndReturn(90)) - a32d3105-1fa5-4486-a401-c143653c6277@group-6A8FC32459EF-LeaderElection9: ELECTION REJECTED received 2 response(s) and 0 exception(s):
2022-08-03 01:53:18,807 [a32d3105-1fa5-4486-a401-c143653c6277@group-6A8FC32459EF-LeaderElection9] INFO  impl.LeaderElection (LeaderElection.java:logAndReturn(94)) -   Response 0: a32d3105-1fa5-4486-a401-c143653c6277<-7cc4dae5-b8b1-4887-8b99-c7b379db6b59#0:FAIL-t2
2022-08-03 01:53:18,807 [a32d3105-1fa5-4486-a401-c143653c6277@group-6A8FC32459EF-LeaderElection9] INFO  impl.LeaderElection (LeaderElection.java:logAndReturn(94)) -   Response 1: a32d3105-1fa5-4486-a401-c143653c6277<-d2433786-0171-4e17-9e3a-b12e44f36186#0:FAIL-t2
2022-08-03 01:53:18,807 [a32d3105-1fa5-4486-a401-c143653c6277@group-6A8FC32459EF-LeaderElection9] INFO  impl.LeaderElection (LeaderElection.java:askForVotes(312)) - a32d3105-1fa5-4486-a401-c143653c6277@group-6A8FC32459EF-LeaderElection9 ELECTION round 0: result REJECTED
2022-08-03 01:53:18,807 [a32d3105-1fa5-4486-a401-c143653c6277@group-6A8FC32459EF-LeaderElection9] INFO  server.RaftServer$Division (RaftServerImpl.java:setRole(299)) - a32d3105-1fa5-4486-a401-c143653c6277@group-6A8FC32459EF: changes role from CANDIDATE to FOLLOWER at term 2 for REJECTED
2022-08-03 01:53:18,807 [a32d3105-1fa5-4486-a401-c143653c6277@group-6A8FC32459EF-LeaderElection9] INFO  impl.RoleInfo (RoleInfo.java:shutdownLeaderElection(130)) - a32d3105-1fa5-4486-a401-c143653c6277: shutdown a32d3105-1fa5-4486-a401-c143653c6277@group-6A8FC32459EF-LeaderElection9
2022-08-03 01:53:18,807 [a32d3105-1fa5-4486-a401-c143653c6277@group-6A8FC32459EF-LeaderElection9] INFO  impl.RoleInfo (RoleInfo.java:updateAndGet(139)) - a32d3105-1fa5-4486-a401-c143653c6277: start a32d3105-1fa5-4486-a401-c143653c6277@group-6A8FC32459EF-FollowerState
2022-08-03 01:53:23,825 [d2433786-0171-4e17-9e3a-b12e44f36186@group-6A8FC32459EF-FollowerState] INFO  impl.FollowerState (FollowerState.java:run(143)) - d2433786-0171-4e17-9e3a-b12e44f36186@group-6A8FC32459EF-FollowerState: change to CANDIDATE, lastRpcElapsedTime:5028508324ns, electionTimeout:5022ms
2022-08-03 01:53:23,827 [d2433786-0171-4e17-9e3a-b12e44f36186@group-6A8FC32459EF-FollowerState] INFO  impl.RoleInfo (RoleInfo.java:shutdownFollowerState(110)) - d2433786-0171-4e17-9e3a-b12e44f36186: shutdown d2433786-0171-4e17-9e3a-b12e44f36186@group-6A8FC32459EF-FollowerState
2022-08-03 01:53:23,827 [d2433786-0171-4e17-9e3a-b12e44f36186@group-6A8FC32459EF-FollowerState] INFO  server.RaftServer$Division (RaftServerImpl.java:setRole(299)) - d2433786-0171-4e17-9e3a-b12e44f36186@group-6A8FC32459EF: changes role from  FOLLOWER to CANDIDATE at term 2 for changeToCandidate
2022-08-03 01:53:23,827 [d2433786-0171-4e17-9e3a-b12e44f36186@group-6A8FC32459EF-FollowerState] INFO  server.RaftServerConfigKeys (ConfUtils.java:logGet(46)) - raft.server.leaderelection.pre-vote = false (custom)
2022-08-03 01:53:23,827 [d2433786-0171-4e17-9e3a-b12e44f36186@group-6A8FC32459EF-FollowerState] INFO  impl.RoleInfo (RoleInfo.java:updateAndGet(139)) - d2433786-0171-4e17-9e3a-b12e44f36186: start d2433786-0171-4e17-9e3a-b12e44f36186@group-6A8FC32459EF-LeaderElection11
2022-08-03 01:53:23,829 [d2433786-0171-4e17-9e3a-b12e44f36186@group-6A8FC32459EF-LeaderElection11] INFO  impl.LeaderElection (LeaderElection.java:askForVotes(310)) - d2433786-0171-4e17-9e3a-b12e44f36186@group-6A8FC32459EF-LeaderElection11 ELECTION round 0: submit vote requests at term 3 for -1: [7cc4dae5-b8b1-4887-8b99-c7b379db6b59|rpc:10.1.0.23:38993|priority:0, d2433786-0171-4e17-9e3a-b12e44f36186|rpc:10.1.0.23:41907|priority:0, a32d3105-1fa5-4486-a401-c143653c6277|rpc:10.1.0.23:40593|priority:1], old=null
2022-08-03 01:53:23,834 [a32d3105-1fa5-4486-a401-c143653c6277@group-6A8FC32459EF-FollowerState] INFO  impl.FollowerState (FollowerState.java:run(143)) - a32d3105-1fa5-4486-a401-c143653c6277@group-6A8FC32459EF-FollowerState: change to CANDIDATE, lastRpcElapsedTime:5026942415ns, electionTimeout:5024ms
2022-08-03 01:53:23,834 [a32d3105-1fa5-4486-a401-c143653c6277@group-6A8FC32459EF-FollowerState] INFO  impl.RoleInfo (RoleInfo.java:shutdownFollowerState(110)) - a32d3105-1fa5-4486-a401-c143653c6277: shutdown a32d3105-1fa5-4486-a401-c143653c6277@group-6A8FC32459EF-FollowerState
2022-08-03 01:53:23,835 [a32d3105-1fa5-4486-a401-c143653c6277@group-6A8FC32459EF-FollowerState] INFO  server.RaftServer$Division (RaftServerImpl.java:setRole(299)) - a32d3105-1fa5-4486-a401-c143653c6277@group-6A8FC32459EF: changes role from  FOLLOWER to CANDIDATE at term 2 for changeToCandidate
2022-08-03 01:53:23,835 [a32d3105-1fa5-4486-a401-c143653c6277@group-6A8FC32459EF-FollowerState] INFO  server.RaftServerConfigKeys (ConfUtils.java:logGet(46)) - raft.server.leaderelection.pre-vote = false (custom)
2022-08-03 01:53:23,835 [a32d3105-1fa5-4486-a401-c143653c6277@group-6A8FC32459EF-FollowerState] INFO  impl.RoleInfo (RoleInfo.java:updateAndGet(139)) - a32d3105-1fa5-4486-a401-c143653c6277: start a32d3105-1fa5-4486-a401-c143653c6277@group-6A8FC32459EF-LeaderElection12
2022-08-03 01:53:23,842 [grpc-default-executor-0] INFO  server.RaftServer$Division (RaftServerImpl.java:requestVote(1152)) - 7cc4dae5-b8b1-4887-8b99-c7b379db6b59@group-6A8FC32459EF: receive requestVote(ELECTION, d2433786-0171-4e17-9e3a-b12e44f36186, group-6A8FC32459EF, 3, (t:0, i:0))
2022-08-03 01:53:23,842 [grpc-default-executor-0] INFO  impl.VoteContext (VoteContext.java:log(48)) - 7cc4dae5-b8b1-4887-8b99-c7b379db6b59@group-6A8FC32459EF-FOLLOWER: accept ELECTION from d2433786-0171-4e17-9e3a-b12e44f36186: our priority 0 <= candidate's priority 0
2022-08-03 01:53:23,842 [grpc-default-executor-0] INFO  server.RaftServer$Division (RaftServerImpl.java:setRole(299)) - 7cc4dae5-b8b1-4887-8b99-c7b379db6b59@group-6A8FC32459EF: changes role from  FOLLOWER to FOLLOWER at term 3 for candidate:d2433786-0171-4e17-9e3a-b12e44f36186
2022-08-03 01:53:23,842 [grpc-default-executor-0] INFO  impl.RoleInfo (RoleInfo.java:shutdownFollowerState(110)) - 7cc4dae5-b8b1-4887-8b99-c7b379db6b59: shutdown 7cc4dae5-b8b1-4887-8b99-c7b379db6b59@group-6A8FC32459EF-FollowerState
2022-08-03 01:53:23,842 [grpc-default-executor-0] INFO  impl.RoleInfo (RoleInfo.java:updateAndGet(139)) - 7cc4dae5-b8b1-4887-8b99-c7b379db6b59: start 7cc4dae5-b8b1-4887-8b99-c7b379db6b59@group-6A8FC32459EF-FollowerState
2022-08-03 01:53:23,842 [7cc4dae5-b8b1-4887-8b99-c7b379db6b59@group-6A8FC32459EF-FollowerState] INFO  impl.FollowerState (FollowerState.java:run(152)) - 7cc4dae5-b8b1-4887-8b99-c7b379db6b59@group-6A8FC32459EF-FollowerState was interrupted
2022-08-03 01:53:23,844 [grpc-default-executor-3] INFO  server.RaftServer$Division (RaftServerImpl.java:requestVote(1152)) - a32d3105-1fa5-4486-a401-c143653c6277@group-6A8FC32459EF: receive requestVote(ELECTION, d2433786-0171-4e17-9e3a-b12e44f36186, group-6A8FC32459EF, 3, (t:0, i:0))
2022-08-03 01:53:23,846 [a32d3105-1fa5-4486-a401-c143653c6277@group-6A8FC32459EF-LeaderElection12] INFO  impl.LeaderElection (LeaderElection.java:askForVotes(310)) - a32d3105-1fa5-4486-a401-c143653c6277@group-6A8FC32459EF-LeaderElection12 ELECTION round 0: submit vote requests at term 3 for -1: [7cc4dae5-b8b1-4887-8b99-c7b379db6b59|rpc:10.1.0.23:38993|dataStream:|priority:0, d2433786-0171-4e17-9e3a-b12e44f36186|rpc:10.1.0.23:41907|dataStream:|priority:0, a32d3105-1fa5-4486-a401-c143653c6277|rpc:10.1.0.23:40593|dataStream:|priority:1], old=null
2022-08-03 01:53:23,846 [grpc-default-executor-3] INFO  impl.VoteContext (VoteContext.java:log(48)) - a32d3105-1fa5-4486-a401-c143653c6277@group-6A8FC32459EF-CANDIDATE: reject ELECTION from d2433786-0171-4e17-9e3a-b12e44f36186: already has voted for a32d3105-1fa5-4486-a401-c143653c6277 at current term 3
2022-08-03 01:53:23,847 [grpc-default-executor-3] INFO  server.RaftServer$Division (RaftServerImpl.java:requestVote(1184)) - a32d3105-1fa5-4486-a401-c143653c6277@group-6A8FC32459EF replies to ELECTION vote request: d2433786-0171-4e17-9e3a-b12e44f36186<-a32d3105-1fa5-4486-a401-c143653c6277#0:FAIL-t3. Peer's state: a32d3105-1fa5-4486-a401-c143653c6277@group-6A8FC32459EF:t3, leader=null, voted=a32d3105-1fa5-4486-a401-c143653c6277, raftlog=a32d3105-1fa5-4486-a401-c143653c6277@group-6A8FC32459EF-SegmentedRaftLog:OPENED:c-1, conf=-1: [7cc4dae5-b8b1-4887-8b99-c7b379db6b59|rpc:10.1.0.23:38993|dataStream:|priority:0, d2433786-0171-4e17-9e3a-b12e44f36186|rpc:10.1.0.23:41907|dataStream:|priority:0, a32d3105-1fa5-4486-a401-c143653c6277|rpc:10.1.0.23:40593|dataStream:|priority:1], old=null
2022-08-03 01:53:23,848 [grpc-default-executor-0] INFO  server.RaftServer$Division (RaftServerImpl.java:requestVote(1184)) - 7cc4dae5-b8b1-4887-8b99-c7b379db6b59@group-6A8FC32459EF replies to ELECTION vote request: d2433786-0171-4e17-9e3a-b12e44f36186<-7cc4dae5-b8b1-4887-8b99-c7b379db6b59#0:OK-t3. Peer's state: 7cc4dae5-b8b1-4887-8b99-c7b379db6b59@group-6A8FC32459EF:t3, leader=null, voted=d2433786-0171-4e17-9e3a-b12e44f36186, raftlog=7cc4dae5-b8b1-4887-8b99-c7b379db6b59@group-6A8FC32459EF-SegmentedRaftLog:OPENED:c-1, conf=-1: [7cc4dae5-b8b1-4887-8b99-c7b379db6b59|rpc:10.1.0.23:38993|priority:0, d2433786-0171-4e17-9e3a-b12e44f36186|rpc:10.1.0.23:41907|priority:0, a32d3105-1fa5-4486-a401-c143653c6277|rpc:10.1.0.23:40593|priority:1], old=null
2022-08-03 01:53:23,853 [grpc-default-executor-4] INFO  server.RaftServer$Division (RaftServerImpl.java:requestVote(1152)) - 7cc4dae5-b8b1-4887-8b99-c7b379db6b59@group-6A8FC32459EF: receive requestVote(ELECTION, a32d3105-1fa5-4486-a401-c143653c6277, group-6A8FC32459EF, 3, (t:0, i:0))
2022-08-03 01:53:23,854 [grpc-default-executor-4] INFO  impl.VoteContext (VoteContext.java:log(48)) - 7cc4dae5-b8b1-4887-8b99-c7b379db6b59@group-6A8FC32459EF-FOLLOWER: reject ELECTION from a32d3105-1fa5-4486-a401-c143653c6277: already has voted for d2433786-0171-4e17-9e3a-b12e44f36186 at current term 3
2022-08-03 01:53:23,854 [grpc-default-executor-4] INFO  server.RaftServer$Division (RaftServerImpl.java:requestVote(1184)) - 7cc4dae5-b8b1-4887-8b99-c7b379db6b59@group-6A8FC32459EF replies to ELECTION vote request: a32d3105-1fa5-4486-a401-c143653c6277<-7cc4dae5-b8b1-4887-8b99-c7b379db6b59#0:FAIL-t3. Peer's state: 7cc4dae5-b8b1-4887-8b99-c7b379db6b59@group-6A8FC32459EF:t3, leader=null, voted=d2433786-0171-4e17-9e3a-b12e44f36186, raftlog=7cc4dae5-b8b1-4887-8b99-c7b379db6b59@group-6A8FC32459EF-SegmentedRaftLog:OPENED:c-1, conf=-1: [7cc4dae5-b8b1-4887-8b99-c7b379db6b59|rpc:10.1.0.23:38993|priority:0, d2433786-0171-4e17-9e3a-b12e44f36186|rpc:10.1.0.23:41907|priority:0, a32d3105-1fa5-4486-a401-c143653c6277|rpc:10.1.0.23:40593|priority:1], old=null
2022-08-03 01:53:23,858 [d2433786-0171-4e17-9e3a-b12e44f36186@group-6A8FC32459EF-LeaderElection11] INFO  impl.LeaderElection (LeaderElection.java:logAndReturn(90)) - d2433786-0171-4e17-9e3a-b12e44f36186@group-6A8FC32459EF-LeaderElection11: ELECTION REJECTED received 2 response(s) and 0 exception(s):
2022-08-03 01:53:23,861 [d2433786-0171-4e17-9e3a-b12e44f36186@group-6A8FC32459EF-LeaderElection11] INFO  impl.LeaderElection (LeaderElection.java:logAndReturn(94)) -   Response 0: d2433786-0171-4e17-9e3a-b12e44f36186<-7cc4dae5-b8b1-4887-8b99-c7b379db6b59#0:OK-t3
2022-08-03 01:53:23,861 [d2433786-0171-4e17-9e3a-b12e44f36186@group-6A8FC32459EF-LeaderElection11] INFO  impl.LeaderElection (LeaderElection.java:logAndReturn(94)) -   Response 1: d2433786-0171-4e17-9e3a-b12e44f36186<-a32d3105-1fa5-4486-a401-c143653c6277#0:FAIL-t3
2022-08-03 01:53:23,861 [grpc-default-executor-4] INFO  server.RaftServer$Division (RaftServerImpl.java:requestVote(1152)) - d2433786-0171-4e17-9e3a-b12e44f36186@group-6A8FC32459EF: receive requestVote(ELECTION, a32d3105-1fa5-4486-a401-c143653c6277, group-6A8FC32459EF, 3, (t:0, i:0))
2022-08-03 01:53:23,861 [d2433786-0171-4e17-9e3a-b12e44f36186@group-6A8FC32459EF-LeaderElection11] INFO  impl.LeaderElection (LeaderElection.java:askForVotes(312)) - d2433786-0171-4e17-9e3a-b12e44f36186@group-6A8FC32459EF-LeaderElection11 ELECTION round 0: result REJECTED
2022-08-03 01:53:23,862 [grpc-default-executor-4] INFO  impl.VoteContext (VoteContext.java:log(48)) - d2433786-0171-4e17-9e3a-b12e44f36186@group-6A8FC32459EF-CANDIDATE: reject ELECTION from a32d3105-1fa5-4486-a401-c143653c6277: already has voted for d2433786-0171-4e17-9e3a-b12e44f36186 at current term 3
2022-08-03 01:53:23,862 [grpc-default-executor-4] INFO  server.RaftServer$Division (RaftServerImpl.java:requestVote(1184)) - d2433786-0171-4e17-9e3a-b12e44f36186@group-6A8FC32459EF replies to ELECTION vote request: a32d3105-1fa5-4486-a401-c143653c6277<-d2433786-0171-4e17-9e3a-b12e44f36186#0:FAIL-t3. Peer's state: d2433786-0171-4e17-9e3a-b12e44f36186@group-6A8FC32459EF:t3, leader=null, voted=d2433786-0171-4e17-9e3a-b12e44f36186, raftlog=d2433786-0171-4e17-9e3a-b12e44f36186@group-6A8FC32459EF-SegmentedRaftLog:OPENED:c-1, conf=-1: [7cc4dae5-b8b1-4887-8b99-c7b379db6b59|rpc:10.1.0.23:38993|priority:0, d2433786-0171-4e17-9e3a-b12e44f36186|rpc:10.1.0.23:41907|priority:0, a32d3105-1fa5-4486-a401-c143653c6277|rpc:10.1.0.23:40593|priority:1], old=null
2022-08-03 01:53:23,863 [d2433786-0171-4e17-9e3a-b12e44f36186@group-6A8FC32459EF-LeaderElection11] INFO  server.RaftServer$Division (RaftServerImpl.java:setRole(299)) - d2433786-0171-4e17-9e3a-b12e44f36186@group-6A8FC32459EF: changes role from CANDIDATE to FOLLOWER at term 3 for REJECTED
2022-08-03 01:53:23,863 [d2433786-0171-4e17-9e3a-b12e44f36186@group-6A8FC32459EF-LeaderElection11] INFO  impl.RoleInfo (RoleInfo.java:shutdownLeaderElection(130)) - d2433786-0171-4e17-9e3a-b12e44f36186: shutdown d2433786-0171-4e17-9e3a-b12e44f36186@group-6A8FC32459EF-LeaderElection11
2022-08-03 01:53:23,863 [d2433786-0171-4e17-9e3a-b12e44f36186@group-6A8FC32459EF-LeaderElection11] INFO  impl.RoleInfo (RoleInfo.java:updateAndGet(139)) - d2433786-0171-4e17-9e3a-b12e44f36186: start d2433786-0171-4e17-9e3a-b12e44f36186@group-6A8FC32459EF-FollowerState
2022-08-03 01:53:23,875 [a32d3105-1fa5-4486-a401-c143653c6277@group-6A8FC32459EF-LeaderElection12] INFO  impl.LeaderElection (LeaderElection.java:logAndReturn(90)) - a32d3105-1fa5-4486-a401-c143653c6277@group-6A8FC32459EF-LeaderElection12: ELECTION REJECTED received 2 response(s) and 0 exception(s):
2022-08-03 01:53:23,876 [a32d3105-1fa5-4486-a401-c143653c6277@group-6A8FC32459EF-LeaderElection12] INFO  impl.LeaderElection (LeaderElection.java:logAndReturn(94)) -   Response 0: a32d3105-1fa5-4486-a401-c143653c6277<-7cc4dae5-b8b1-4887-8b99-c7b379db6b59#0:FAIL-t3
2022-08-03 01:53:23,876 [a32d3105-1fa5-4486-a401-c143653c6277@group-6A8FC32459EF-LeaderElection12] INFO  impl.LeaderElection (LeaderElection.java:logAndReturn(94)) -   Response 1: a32d3105-1fa5-4486-a401-c143653c6277<-d2433786-0171-4e17-9e3a-b12e44f36186#0:FAIL-t3
2022-08-03 01:53:23,876 [a32d3105-1fa5-4486-a401-c143653c6277@group-6A8FC32459EF-LeaderElection12] INFO  impl.LeaderElection (LeaderElection.java:askForVotes(312)) - a32d3105-1fa5-4486-a401-c143653c6277@group-6A8FC32459EF-LeaderElection12 ELECTION round 0: result REJECTED
2022-08-03 01:53:23,876 [a32d3105-1fa5-4486-a401-c143653c6277@group-6A8FC32459EF-LeaderElection12] INFO  server.RaftServer$Division (RaftServerImpl.java:setRole(299)) - a32d3105-1fa5-4486-a401-c143653c6277@group-6A8FC32459EF: changes role from CANDIDATE to FOLLOWER at term 3 for REJECTED
2022-08-03 01:53:23,876 [a32d3105-1fa5-4486-a401-c143653c6277@group-6A8FC32459EF-LeaderElection12] INFO  impl.RoleInfo (RoleInfo.java:shutdownLeaderElection(130)) - a32d3105-1fa5-4486-a401-c143653c6277: shutdown a32d3105-1fa5-4486-a401-c143653c6277@group-6A8FC32459EF-LeaderElection12
2022-08-03 01:53:23,876 [a32d3105-1fa5-4486-a401-c143653c6277@group-6A8FC32459EF-LeaderElection12] INFO  impl.RoleInfo (RoleInfo.java:updateAndGet(139)) - a32d3105-1fa5-4486-a401-c143653c6277: start a32d3105-1fa5-4486-a401-c143653c6277@group-6A8FC32459EF-FollowerState
2022-08-03 01:53:25,716 [UnderReplicatedQueueThreadThread] INFO  replication.UnderReplicatedProcessor (UnderReplicatedProcessor.java:processAll(85)) - Processed 0 under replicated containers, failed processing 0
2022-08-03 01:53:25,731 [OverReplicatedQueueThreadThread] INFO  replication.OverReplicatedProcessor (OverReplicatedProcessor.java:processAll(83)) - Processed 0 over replicated containers, failed processing 0
2022-08-03 01:53:28,889 [a32d3105-1fa5-4486-a401-c143653c6277@group-6A8FC32459EF-FollowerState] INFO  impl.FollowerState (FollowerState.java:run(143)) - a32d3105-1fa5-4486-a401-c143653c6277@group-6A8FC32459EF-FollowerState: change to CANDIDATE, lastRpcElapsedTime:5012393733ns, electionTimeout:5012ms
2022-08-03 01:53:28,889 [a32d3105-1fa5-4486-a401-c143653c6277@group-6A8FC32459EF-FollowerState] INFO  impl.RoleInfo (RoleInfo.java:shutdownFollowerState(110)) - a32d3105-1fa5-4486-a401-c143653c6277: shutdown a32d3105-1fa5-4486-a401-c143653c6277@group-6A8FC32459EF-FollowerState
2022-08-03 01:53:28,889 [a32d3105-1fa5-4486-a401-c143653c6277@group-6A8FC32459EF-FollowerState] INFO  server.RaftServer$Division (RaftServerImpl.java:setRole(299)) - a32d3105-1fa5-4486-a401-c143653c6277@group-6A8FC32459EF: changes role from  FOLLOWER to CANDIDATE at term 3 for changeToCandidate
2022-08-03 01:53:28,889 [a32d3105-1fa5-4486-a401-c143653c6277@group-6A8FC32459EF-FollowerState] INFO  server.RaftServerConfigKeys (ConfUtils.java:logGet(46)) - raft.server.leaderelection.pre-vote = false (custom)
2022-08-03 01:53:28,889 [a32d3105-1fa5-4486-a401-c143653c6277@group-6A8FC32459EF-FollowerState] INFO  impl.RoleInfo (RoleInfo.java:updateAndGet(139)) - a32d3105-1fa5-4486-a401-c143653c6277: start a32d3105-1fa5-4486-a401-c143653c6277@group-6A8FC32459EF-LeaderElection13
2022-08-03 01:53:28,892 [a32d3105-1fa5-4486-a401-c143653c6277@group-6A8FC32459EF-LeaderElection13] INFO  impl.LeaderElection (LeaderElection.java:askForVotes(310)) - a32d3105-1fa5-4486-a401-c143653c6277@group-6A8FC32459EF-LeaderElection13 ELECTION round 0: submit vote requests at term 4 for -1: [7cc4dae5-b8b1-4887-8b99-c7b379db6b59|rpc:10.1.0.23:38993|dataStream:|priority:0, d2433786-0171-4e17-9e3a-b12e44f36186|rpc:10.1.0.23:41907|dataStream:|priority:0, a32d3105-1fa5-4486-a401-c143653c6277|rpc:10.1.0.23:40593|dataStream:|priority:1], old=null
2022-08-03 01:53:28,896 [grpc-default-executor-4] INFO  server.RaftServer$Division (RaftServerImpl.java:requestVote(1152)) - d2433786-0171-4e17-9e3a-b12e44f36186@group-6A8FC32459EF: receive requestVote(ELECTION, a32d3105-1fa5-4486-a401-c143653c6277, group-6A8FC32459EF, 4, (t:0, i:0))
2022-08-03 01:53:28,896 [grpc-default-executor-4] INFO  impl.VoteContext (VoteContext.java:log(48)) - d2433786-0171-4e17-9e3a-b12e44f36186@group-6A8FC32459EF-FOLLOWER: accept ELECTION from a32d3105-1fa5-4486-a401-c143653c6277: our priority 0 <= candidate's priority 1
2022-08-03 01:53:28,897 [grpc-default-executor-4] INFO  server.RaftServer$Division (RaftServerImpl.java:setRole(299)) - d2433786-0171-4e17-9e3a-b12e44f36186@group-6A8FC32459EF: changes role from  FOLLOWER to FOLLOWER at term 4 for candidate:a32d3105-1fa5-4486-a401-c143653c6277
2022-08-03 01:53:28,897 [grpc-default-executor-4] INFO  impl.RoleInfo (RoleInfo.java:shutdownFollowerState(110)) - d2433786-0171-4e17-9e3a-b12e44f36186: shutdown d2433786-0171-4e17-9e3a-b12e44f36186@group-6A8FC32459EF-FollowerState
2022-08-03 01:53:28,897 [grpc-default-executor-4] INFO  impl.RoleInfo (RoleInfo.java:updateAndGet(139)) - d2433786-0171-4e17-9e3a-b12e44f36186: start d2433786-0171-4e17-9e3a-b12e44f36186@group-6A8FC32459EF-FollowerState
2022-08-03 01:53:28,909 [grpc-default-executor-0] INFO  server.RaftServer$Division (RaftServerImpl.java:requestVote(1152)) - 7cc4dae5-b8b1-4887-8b99-c7b379db6b59@group-6A8FC32459EF: receive requestVote(ELECTION, a32d3105-1fa5-4486-a401-c143653c6277, group-6A8FC32459EF, 4, (t:0, i:0))
2022-08-03 01:53:28,910 [grpc-default-executor-0] INFO  impl.VoteContext (VoteContext.java:log(48)) - 7cc4dae5-b8b1-4887-8b99-c7b379db6b59@group-6A8FC32459EF-FOLLOWER: accept ELECTION from a32d3105-1fa5-4486-a401-c143653c6277: our priority 0 <= candidate's priority 1
2022-08-03 01:53:28,910 [grpc-default-executor-0] INFO  server.RaftServer$Division (RaftServerImpl.java:setRole(299)) - 7cc4dae5-b8b1-4887-8b99-c7b379db6b59@group-6A8FC32459EF: changes role from  FOLLOWER to FOLLOWER at term 4 for candidate:a32d3105-1fa5-4486-a401-c143653c6277
2022-08-03 01:53:28,910 [grpc-default-executor-0] INFO  impl.RoleInfo (RoleInfo.java:shutdownFollowerState(110)) - 7cc4dae5-b8b1-4887-8b99-c7b379db6b59: shutdown 7cc4dae5-b8b1-4887-8b99-c7b379db6b59@group-6A8FC32459EF-FollowerState
2022-08-03 01:53:28,910 [grpc-default-executor-0] INFO  impl.RoleInfo (RoleInfo.java:updateAndGet(139)) - 7cc4dae5-b8b1-4887-8b99-c7b379db6b59: start 7cc4dae5-b8b1-4887-8b99-c7b379db6b59@group-6A8FC32459EF-FollowerState
2022-08-03 01:53:28,910 [7cc4dae5-b8b1-4887-8b99-c7b379db6b59@group-6A8FC32459EF-FollowerState] INFO  impl.FollowerState (FollowerState.java:run(152)) - 7cc4dae5-b8b1-4887-8b99-c7b379db6b59@group-6A8FC32459EF-FollowerState was interrupted
2022-08-03 01:53:28,913 [d2433786-0171-4e17-9e3a-b12e44f36186@group-6A8FC32459EF-FollowerState] INFO  impl.FollowerState (FollowerState.java:run(152)) - d2433786-0171-4e17-9e3a-b12e44f36186@group-6A8FC32459EF-FollowerState was interrupted
2022-08-03 01:53:28,913 [grpc-default-executor-4] INFO  server.RaftServer$Division (RaftServerImpl.java:requestVote(1184)) - d2433786-0171-4e17-9e3a-b12e44f36186@group-6A8FC32459EF replies to ELECTION vote request: a32d3105-1fa5-4486-a401-c143653c6277<-d2433786-0171-4e17-9e3a-b12e44f36186#0:OK-t4. Peer's state: d2433786-0171-4e17-9e3a-b12e44f36186@group-6A8FC32459EF:t4, leader=null, voted=a32d3105-1fa5-4486-a401-c143653c6277, raftlog=d2433786-0171-4e17-9e3a-b12e44f36186@group-6A8FC32459EF-SegmentedRaftLog:OPENED:c-1, conf=-1: [7cc4dae5-b8b1-4887-8b99-c7b379db6b59|rpc:10.1.0.23:38993|priority:0, d2433786-0171-4e17-9e3a-b12e44f36186|rpc:10.1.0.23:41907|priority:0, a32d3105-1fa5-4486-a401-c143653c6277|rpc:10.1.0.23:40593|priority:1], old=null
2022-08-03 01:53:28,915 [a32d3105-1fa5-4486-a401-c143653c6277@group-6A8FC32459EF-LeaderElection13] INFO  impl.LeaderElection (LeaderElection.java:logAndReturn(90)) - a32d3105-1fa5-4486-a401-c143653c6277@group-6A8FC32459EF-LeaderElection13: ELECTION PASSED received 1 response(s) and 0 exception(s):
2022-08-03 01:53:28,915 [a32d3105-1fa5-4486-a401-c143653c6277@group-6A8FC32459EF-LeaderElection13] INFO  impl.LeaderElection (LeaderElection.java:logAndReturn(94)) -   Response 0: a32d3105-1fa5-4486-a401-c143653c6277<-d2433786-0171-4e17-9e3a-b12e44f36186#0:OK-t4
2022-08-03 01:53:28,915 [a32d3105-1fa5-4486-a401-c143653c6277@group-6A8FC32459EF-LeaderElection13] INFO  impl.LeaderElection (LeaderElection.java:askForVotes(312)) - a32d3105-1fa5-4486-a401-c143653c6277@group-6A8FC32459EF-LeaderElection13 ELECTION round 0: result PASSED
2022-08-03 01:53:28,915 [a32d3105-1fa5-4486-a401-c143653c6277@group-6A8FC32459EF-LeaderElection13] INFO  impl.RoleInfo (RoleInfo.java:shutdownLeaderElection(130)) - a32d3105-1fa5-4486-a401-c143653c6277: shutdown a32d3105-1fa5-4486-a401-c143653c6277@group-6A8FC32459EF-LeaderElection13
2022-08-03 01:53:28,916 [grpc-default-executor-0] INFO  server.RaftServer$Division (RaftServerImpl.java:requestVote(1184)) - 7cc4dae5-b8b1-4887-8b99-c7b379db6b59@group-6A8FC32459EF replies to ELECTION vote request: a32d3105-1fa5-4486-a401-c143653c6277<-7cc4dae5-b8b1-4887-8b99-c7b379db6b59#0:OK-t4. Peer's state: 7cc4dae5-b8b1-4887-8b99-c7b379db6b59@group-6A8FC32459EF:t4, leader=null, voted=a32d3105-1fa5-4486-a401-c143653c6277, raftlog=7cc4dae5-b8b1-4887-8b99-c7b379db6b59@group-6A8FC32459EF-SegmentedRaftLog:OPENED:c-1, conf=-1: [7cc4dae5-b8b1-4887-8b99-c7b379db6b59|rpc:10.1.0.23:38993|priority:0, d2433786-0171-4e17-9e3a-b12e44f36186|rpc:10.1.0.23:41907|priority:0, a32d3105-1fa5-4486-a401-c143653c6277|rpc:10.1.0.23:40593|priority:1], old=null
2022-08-03 01:53:28,919 [a32d3105-1fa5-4486-a401-c143653c6277@group-6A8FC32459EF-LeaderElection13] INFO  server.RaftServer$Division (RaftServerImpl.java:setRole(299)) - a32d3105-1fa5-4486-a401-c143653c6277@group-6A8FC32459EF: changes role from CANDIDATE to LEADER at term 4 for changeToLeader
2022-08-03 01:53:28,923 [a32d3105-1fa5-4486-a401-c143653c6277@group-6A8FC32459EF-LeaderElection13] INFO  ratis.XceiverServerRatis (XceiverServerRatis.java:handleLeaderChangedNotification(863)) - Leader change notification received for group: group-6A8FC32459EF with new leaderId: a32d3105-1fa5-4486-a401-c143653c6277
2022-08-03 01:53:28,923 [a32d3105-1fa5-4486-a401-c143653c6277@group-6A8FC32459EF-LeaderElection13] INFO  server.RaftServer$Division (ServerState.java:setLeader(287)) - a32d3105-1fa5-4486-a401-c143653c6277@group-6A8FC32459EF: change Leader from null to a32d3105-1fa5-4486-a401-c143653c6277 at term 4 for becomeLeader, leader elected after 19760ms
2022-08-03 01:53:28,924 [a32d3105-1fa5-4486-a401-c143653c6277@group-6A8FC32459EF-LeaderElection13] INFO  server.RaftServerConfigKeys (ConfUtils.java:logGet(46)) - raft.server.staging.catchup.gap = 1000 (default)
2022-08-03 01:53:28,924 [a32d3105-1fa5-4486-a401-c143653c6277@group-6A8FC32459EF-LeaderElection13] INFO  server.RaftServerConfigKeys (ConfUtils.java:logGet(46)) - raft.server.write.element-limit = 1024 (custom)
2022-08-03 01:53:28,924 [a32d3105-1fa5-4486-a401-c143653c6277@group-6A8FC32459EF-LeaderElection13] INFO  server.RaftServerConfigKeys (ConfUtils.java:logGet(46)) - raft.server.write.byte-limit = 1024 M (=1073741824) (custom)
2022-08-03 01:53:28,924 [a32d3105-1fa5-4486-a401-c143653c6277@group-6A8FC32459EF-LeaderElection13] INFO  server.RaftServerConfigKeys (ConfUtils.java:logGet(46)) - raft.server.watch.timeout = 180s (custom)
2022-08-03 01:53:28,924 [a32d3105-1fa5-4486-a401-c143653c6277@group-6A8FC32459EF-LeaderElection13] INFO  server.RaftServerConfigKeys (ConfUtils.java:logGet(46)) - raft.server.watch.timeout.denomination = 1s (default)
2022-08-03 01:53:28,924 [a32d3105-1fa5-4486-a401-c143653c6277@group-6A8FC32459EF-LeaderElection13] INFO  server.RaftServerConfigKeys (ConfUtils.java:logGet(46)) - raft.server.watch.element-limit = 65536 (default)
2022-08-03 01:53:28,925 [a32d3105-1fa5-4486-a401-c143653c6277@group-6A8FC32459EF-LeaderElection13] INFO  server.RaftServerConfigKeys (ConfUtils.java:logGet(46)) - raft.server.write.element-limit = 1024 (custom)
2022-08-03 01:53:28,925 [a32d3105-1fa5-4486-a401-c143653c6277@group-6A8FC32459EF-LeaderElection13] INFO  server.RaftServerConfigKeys (ConfUtils.java:logGet(46)) - raft.server.write.follower.gap.ratio.max = -1.0 (default)
2022-08-03 01:53:28,925 [a32d3105-1fa5-4486-a401-c143653c6277@group-6A8FC32459EF-LeaderElection13] INFO  server.RaftServerConfigKeys (ConfUtils.java:logGet(46)) - raft.server.log.appender.snapshot.chunk.size.max = 16MB (=16777216) (default)
2022-08-03 01:53:28,926 [a32d3105-1fa5-4486-a401-c143653c6277@group-6A8FC32459EF-LeaderElection13] INFO  server.RaftServerConfigKeys (ConfUtils.java:logGet(46)) - raft.server.log.appender.buffer.byte-limit = 33554432 (custom)
2022-08-03 01:53:28,926 [a32d3105-1fa5-4486-a401-c143653c6277@group-6A8FC32459EF-LeaderElection13] INFO  server.RaftServerConfigKeys (ConfUtils.java:logGet(46)) - raft.server.log.appender.buffer.element-limit = 1 (custom)
2022-08-03 01:53:28,928 [EventQueue-PipelineReportForPipelineReportHandler] INFO  pipeline.PipelineManagerImpl (PipelineManagerImpl.java:openPipeline(367)) - Pipeline Pipeline[ Id: 33ec60f8-dcf4-45c9-ab6b-6a8fc32459ef, Nodes: 7cc4dae5-b8b1-4887-8b99-c7b379db6b59{ip: 10.1.0.23, host: fv-az199-929.piossgaoozdutex3tpy4bgd4ka.dx.internal.cloudapp.net, ports: [REPLICATION=41545, RATIS=38993, RATIS_ADMIN=38993, RATIS_SERVER=38993, STANDALONE=35421], networkLocation: /default-rack, certSerialId: null, persistedOpState: IN_SERVICE, persistedOpStateExpiryEpochSec: 0}a32d3105-1fa5-4486-a401-c143653c6277{ip: 10.1.0.23, host: fv-az199-929.piossgaoozdutex3tpy4bgd4ka.dx.internal.cloudapp.net, ports: [REPLICATION=33683, RATIS=40593, RATIS_ADMIN=40593, RATIS_SERVER=40593, STANDALONE=40327], networkLocation: /default-rack, certSerialId: null, persistedOpState: IN_SERVICE, persistedOpStateExpiryEpochSec: 0}d2433786-0171-4e17-9e3a-b12e44f36186{ip: 10.1.0.23, host: fv-az199-929.piossgaoozdutex3tpy4bgd4ka.dx.internal.cloudapp.net, ports: [REPLICATION=37543, RATIS=41907, RATIS_ADMIN=41907, RATIS_SERVER=41907, STANDALONE=38345], networkLocation: /default-rack, certSerialId: null, persistedOpState: IN_SERVICE, persistedOpStateExpiryEpochSec: 0}, ReplicationConfig: RATIS/THREE, State:ALLOCATED, leaderId:a32d3105-1fa5-4486-a401-c143653c6277, CreationTimestamp2022-08-03T01:53:06.366Z[Etc/UTC]] moved to OPEN state
2022-08-03 01:53:28,926 [a32d3105-1fa5-4486-a401-c143653c6277@group-6A8FC32459EF-LeaderElection13] INFO  grpc.GrpcConfigKeys (ConfUtils.java:logGet(46)) - raft.grpc.server.leader.outstanding.appends.max = 128 (default)
2022-08-03 01:53:28,938 [a32d3105-1fa5-4486-a401-c143653c6277@group-6A8FC32459EF-LeaderElection13] INFO  server.RaftServerConfigKeys (ConfUtils.java:logGet(46)) - raft.server.rpc.request.timeout = 60s (custom)
2022-08-03 01:53:28,938 [a32d3105-1fa5-4486-a401-c143653c6277@group-6A8FC32459EF-LeaderElection13] INFO  server.RaftServerConfigKeys (ConfUtils.java:logGet(46)) - raft.server.log.appender.install.snapshot.enabled = false (custom)
2022-08-03 01:53:28,939 [a32d3105-1fa5-4486-a401-c143653c6277@group-6A8FC32459EF-LeaderElection13] INFO  server.RaftServerConfigKeys (ConfUtils.java:logGet(46)) - raft.server.log.appender.snapshot.chunk.size.max = 16MB (=16777216) (default)
2022-08-03 01:53:28,939 [a32d3105-1fa5-4486-a401-c143653c6277@group-6A8FC32459EF-LeaderElection13] INFO  server.RaftServerConfigKeys (ConfUtils.java:logGet(46)) - raft.server.log.appender.buffer.byte-limit = 33554432 (custom)
2022-08-03 01:53:28,939 [a32d3105-1fa5-4486-a401-c143653c6277@group-6A8FC32459EF-LeaderElection13] INFO  server.RaftServerConfigKeys (ConfUtils.java:logGet(46)) - raft.server.log.appender.buffer.element-limit = 1 (custom)
2022-08-03 01:53:28,939 [a32d3105-1fa5-4486-a401-c143653c6277@group-6A8FC32459EF-LeaderElection13] INFO  grpc.GrpcConfigKeys (ConfUtils.java:logGet(46)) - raft.grpc.server.leader.outstanding.appends.max = 128 (default)
2022-08-03 01:53:28,939 [a32d3105-1fa5-4486-a401-c143653c6277@group-6A8FC32459EF-LeaderElection13] INFO  server.RaftServerConfigKeys (ConfUtils.java:logGet(46)) - raft.server.rpc.request.timeout = 60s (custom)
2022-08-03 01:53:28,939 [a32d3105-1fa5-4486-a401-c143653c6277@group-6A8FC32459EF-LeaderElection13] INFO  server.RaftServerConfigKeys (ConfUtils.java:logGet(46)) - raft.server.log.appender.install.snapshot.enabled = false (custom)
2022-08-03 01:53:28,940 [a32d3105-1fa5-4486-a401-c143653c6277@group-6A8FC32459EF-LeaderElection13] INFO  impl.RoleInfo (RoleInfo.java:updateAndGet(139)) - a32d3105-1fa5-4486-a401-c143653c6277: start a32d3105-1fa5-4486-a401-c143653c6277@group-6A8FC32459EF-LeaderStateImpl
2022-08-03 01:53:28,940 [a32d3105-1fa5-4486-a401-c143653c6277@group-6A8FC32459EF-LeaderElection13] INFO  segmented.SegmentedRaftLogWorker (SegmentedRaftLogWorker.java:startLogSegment(425)) - a32d3105-1fa5-4486-a401-c143653c6277@group-6A8FC32459EF-SegmentedRaftLogWorker: Starting segment from index:0
2022-08-03 01:53:28,942 [a32d3105-1fa5-4486-a401-c143653c6277@group-6A8FC32459EF-SegmentedRaftLogWorker] INFO  segmented.SegmentedRaftLogWorker (SegmentedRaftLogWorker.java:execute(629)) - a32d3105-1fa5-4486-a401-c143653c6277@group-6A8FC32459EF-SegmentedRaftLogWorker: created new log segment /home/runner/work/ozone/ozone/hadoop-ozone/integration-test/target/test-dir/MiniOzoneClusterImpl-6a096081-edc2-4b52-80a3-ccd1f0f4fae5/datanode-2/data/ratis/33ec60f8-dcf4-45c9-ab6b-6a8fc32459ef/current/log_inprogress_0
2022-08-03 01:53:28,950 [a32d3105-1fa5-4486-a401-c143653c6277@group-6A8FC32459EF-LeaderElection13] INFO  server.RaftServer$Division (ServerState.java:setRaftConf(393)) - a32d3105-1fa5-4486-a401-c143653c6277@group-6A8FC32459EF: set configuration 0: [7cc4dae5-b8b1-4887-8b99-c7b379db6b59|rpc:10.1.0.23:38993|dataStream:|priority:0, d2433786-0171-4e17-9e3a-b12e44f36186|rpc:10.1.0.23:41907|dataStream:|priority:0, a32d3105-1fa5-4486-a401-c143653c6277|rpc:10.1.0.23:40593|dataStream:|priority:1], old=null
2022-08-03 01:53:28,962 [d2433786-0171-4e17-9e3a-b12e44f36186-server-thread1] INFO  ratis.XceiverServerRatis (XceiverServerRatis.java:handleLeaderChangedNotification(863)) - Leader change notification received for group: group-6A8FC32459EF with new leaderId: a32d3105-1fa5-4486-a401-c143653c6277
2022-08-03 01:53:28,963 [d2433786-0171-4e17-9e3a-b12e44f36186-server-thread1] INFO  server.RaftServer$Division (ServerState.java:setLeader(287)) - d2433786-0171-4e17-9e3a-b12e44f36186@group-6A8FC32459EF: change Leader from null to a32d3105-1fa5-4486-a401-c143653c6277 at term 4 for appendEntries, leader elected after 20525ms
2022-08-03 01:53:28,965 [7cc4dae5-b8b1-4887-8b99-c7b379db6b59-server-thread1] INFO  ratis.XceiverServerRatis (XceiverServerRatis.java:handleLeaderChangedNotification(863)) - Leader change notification received for group: group-6A8FC32459EF with new leaderId: a32d3105-1fa5-4486-a401-c143653c6277
2022-08-03 01:53:28,965 [7cc4dae5-b8b1-4887-8b99-c7b379db6b59-server-thread1] INFO  server.RaftServer$Division (ServerState.java:setLeader(287)) - 7cc4dae5-b8b1-4887-8b99-c7b379db6b59@group-6A8FC32459EF: change Leader from null to a32d3105-1fa5-4486-a401-c143653c6277 at term 4 for appendEntries, leader elected after 19907ms
2022-08-03 01:53:28,974 [d2433786-0171-4e17-9e3a-b12e44f36186-server-thread1] INFO  server.RaftServer$Division (ServerState.java:setRaftConf(393)) - d2433786-0171-4e17-9e3a-b12e44f36186@group-6A8FC32459EF: set configuration 0: [7cc4dae5-b8b1-4887-8b99-c7b379db6b59|rpc:10.1.0.23:38993|dataStream:|priority:0, d2433786-0171-4e17-9e3a-b12e44f36186|rpc:10.1.0.23:41907|dataStream:|priority:0, a32d3105-1fa5-4486-a401-c143653c6277|rpc:10.1.0.23:40593|dataStream:|priority:1], old=null
2022-08-03 01:53:28,975 [d2433786-0171-4e17-9e3a-b12e44f36186-server-thread1] INFO  segmented.SegmentedRaftLogWorker (SegmentedRaftLogWorker.java:startLogSegment(425)) - d2433786-0171-4e17-9e3a-b12e44f36186@group-6A8FC32459EF-SegmentedRaftLogWorker: Starting segment from index:0
2022-08-03 01:53:28,976 [d2433786-0171-4e17-9e3a-b12e44f36186@group-6A8FC32459EF-SegmentedRaftLogWorker] INFO  segmented.SegmentedRaftLogWorker (SegmentedRaftLogWorker.java:execute(629)) - d2433786-0171-4e17-9e3a-b12e44f36186@group-6A8FC32459EF-SegmentedRaftLogWorker: created new log segment /home/runner/work/ozone/ozone/hadoop-ozone/integration-test/target/test-dir/MiniOzoneClusterImpl-6a096081-edc2-4b52-80a3-ccd1f0f4fae5/datanode-0/data/ratis/33ec60f8-dcf4-45c9-ab6b-6a8fc32459ef/current/log_inprogress_0
2022-08-03 01:53:28,985 [7cc4dae5-b8b1-4887-8b99-c7b379db6b59-server-thread1] INFO  server.RaftServer$Division (ServerState.java:setRaftConf(393)) - 7cc4dae5-b8b1-4887-8b99-c7b379db6b59@group-6A8FC32459EF: set configuration 0: [7cc4dae5-b8b1-4887-8b99-c7b379db6b59|rpc:10.1.0.23:38993|dataStream:|priority:0, d2433786-0171-4e17-9e3a-b12e44f36186|rpc:10.1.0.23:41907|dataStream:|priority:0, a32d3105-1fa5-4486-a401-c143653c6277|rpc:10.1.0.23:40593|dataStream:|priority:1], old=null
2022-08-03 01:53:28,985 [7cc4dae5-b8b1-4887-8b99-c7b379db6b59-server-thread1] INFO  segmented.SegmentedRaftLogWorker (SegmentedRaftLogWorker.java:startLogSegment(425)) - 7cc4dae5-b8b1-4887-8b99-c7b379db6b59@group-6A8FC32459EF-SegmentedRaftLogWorker: Starting segment from index:0
2022-08-03 01:53:28,987 [7cc4dae5-b8b1-4887-8b99-c7b379db6b59@group-6A8FC32459EF-SegmentedRaftLogWorker] INFO  segmented.SegmentedRaftLogWorker (SegmentedRaftLogWorker.java:execute(629)) - 7cc4dae5-b8b1-4887-8b99-c7b379db6b59@group-6A8FC32459EF-SegmentedRaftLogWorker: created new log segment /home/runner/work/ozone/ozone/hadoop-ozone/integration-test/target/test-dir/MiniOzoneClusterImpl-6a096081-edc2-4b52-80a3-ccd1f0f4fae5/datanode-1/data/ratis/33ec60f8-dcf4-45c9-ab6b-6a8fc32459ef/current/log_inprogress_0
2022-08-03 01:53:55,716 [UnderReplicatedQueueThreadThread] INFO  replication.UnderReplicatedProcessor (UnderReplicatedProcessor.java:processAll(85)) - Processed 0 under replicated containers, failed processing 0
2022-08-03 01:53:55,731 [OverReplicatedQueueThreadThread] INFO  replication.OverReplicatedProcessor (OverReplicatedProcessor.java:processAll(83)) - Processed 0 over replicated containers, failed processing 0
2022-08-03 01:54:00,390 [IPC Server handler 1 on default port 43477] INFO  ha.SequenceIdGenerator (SequenceIdGenerator.java:getNextId(128)) - Allocate a batch for delTxnId, change lastId from 0 to 1000.
2022-08-03 01:54:25,716 [UnderReplicatedQueueThreadThread] INFO  replication.UnderReplicatedProcessor (UnderReplicatedProcessor.java:processAll(85)) - Processed 0 under replicated containers, failed processing 0
2022-08-03 01:54:25,731 [OverReplicatedQueueThreadThread] INFO  replication.OverReplicatedProcessor (OverReplicatedProcessor.java:processAll(83)) - Processed 0 over replicated containers, failed processing 0
2022-08-03 01:54:55,717 [UnderReplicatedQueueThreadThread] INFO  replication.UnderReplicatedProcessor (UnderReplicatedProcessor.java:processAll(85)) - Processed 0 under replicated containers, failed processing 0
2022-08-03 01:54:55,732 [OverReplicatedQueueThreadThread] INFO  replication.OverReplicatedProcessor (OverReplicatedProcessor.java:processAll(83)) - Processed 0 over replicated containers, failed processing 0
]]></system-out>
  </testcase>
  <testcase name="testTrash" classname="TestOzoneFileSystem" time="5.045">
    <system-out><![CDATA[01:56:24.402 [IPC Server handler 11 on default port 44107] ERROR OMAudit - user=runner | ip=127.0.0.1 | op=GET_FILE_STATUS {volume=volume07240, bucket=bucket34393, key=.Trash/runner/Current/testKey2, dataSize=0, replicationConfig=null} | ret=FAILURE
org.apache.hadoop.ozone.om.exceptions.OMException: Unable to get file status: volume: volume07240 bucket: bucket34393 key: .Trash/runner/Current/testKey2
	at org.apache.hadoop.ozone.om.KeyManagerImpl.getOzoneFileStatus(KeyManagerImpl.java:1311) ~[ozone-manager-1.3.0-SNAPSHOT.jar:?]
	at org.apache.hadoop.ozone.om.KeyManagerImpl.getFileStatus(KeyManagerImpl.java:1241) ~[ozone-manager-1.3.0-SNAPSHOT.jar:?]
	at org.apache.hadoop.ozone.om.OzoneManager.getFileStatus(OzoneManager.java:3467) ~[ozone-manager-1.3.0-SNAPSHOT.jar:?]
	at org.apache.hadoop.ozone.protocolPB.OzoneManagerRequestHandler.getOzoneFileStatus(OzoneManagerRequestHandler.java:878) ~[ozone-manager-1.3.0-SNAPSHOT.jar:?]
	at org.apache.hadoop.ozone.protocolPB.OzoneManagerRequestHandler.handleReadRequest(OzoneManagerRequestHandler.java:224) ~[ozone-manager-1.3.0-SNAPSHOT.jar:?]
	at org.apache.hadoop.ozone.protocolPB.OzoneManagerProtocolServerSideTranslatorPB.submitRequestDirectlyToOM(OzoneManagerProtocolServerSideTranslatorPB.java:276) ~[ozone-manager-1.3.0-SNAPSHOT.jar:?]
	at org.apache.hadoop.ozone.protocolPB.OzoneManagerProtocolServerSideTranslatorPB.processRequest(OzoneManagerProtocolServerSideTranslatorPB.java:205) ~[ozone-manager-1.3.0-SNAPSHOT.jar:?]
	at org.apache.hadoop.hdds.server.OzoneProtocolMessageDispatcher.processRequest(OzoneProtocolMessageDispatcher.java:87) [hdds-server-framework-1.3.0-SNAPSHOT.jar:?]
	at org.apache.hadoop.ozone.protocolPB.OzoneManagerProtocolServerSideTranslatorPB.submitRequest(OzoneManagerProtocolServerSideTranslatorPB.java:147) [ozone-manager-1.3.0-SNAPSHOT.jar:?]
	at org.apache.hadoop.ozone.protocol.proto.OzoneManagerProtocolProtos$OzoneManagerService$2.callBlockingMethod(OzoneManagerProtocolProtos.java) [ozone-interface-client-1.3.0-SNAPSHOT.jar:?]
	at org.apache.hadoop.ipc.ProtobufRpcEngine$Server.processCall(ProtobufRpcEngine.java:466) [hadoop-common-3.3.1.jar:?]
	at org.apache.hadoop.ipc.ProtobufRpcEngine2$Server$ProtoBufRpcInvoker.call(ProtobufRpcEngine2.java:574) [hadoop-common-3.3.1.jar:?]
	at org.apache.hadoop.ipc.ProtobufRpcEngine2$Server$ProtoBufRpcInvoker.call(ProtobufRpcEngine2.java:552) [hadoop-common-3.3.1.jar:?]
	at org.apache.hadoop.ipc.RPC$Server.call(RPC.java:1093) [hadoop-common-3.3.1.jar:?]
	at org.apache.hadoop.ipc.Server$RpcCall.run(Server.java:1035) [hadoop-common-3.3.1.jar:?]
	at org.apache.hadoop.ipc.Server$RpcCall.run(Server.java:963) [hadoop-common-3.3.1.jar:?]
	at java.security.AccessController.doPrivileged(Native Method) ~[?:1.8.0_332]
	at javax.security.auth.Subject.doAs(Subject.java:422) [?:1.8.0_332]
	at org.apache.hadoop.security.UserGroupInformation.doAs(UserGroupInformation.java:1878) [hadoop-common-3.3.1.jar:?]
	at org.apache.hadoop.ipc.Server$Handler.run(Server.java:2966) [hadoop-common-3.3.1.jar:?]
01:56:24.403 [IPC Server handler 4 on default port 44107] ERROR OMAudit - user=runner | ip=127.0.0.1 | op=GET_FILE_STATUS {volume=volume07240, bucket=bucket34393, key=.Trash/runner/Current/testKey2, dataSize=0, replicationConfig=null} | ret=FAILURE
org.apache.hadoop.ozone.om.exceptions.OMException: Unable to get file status: volume: volume07240 bucket: bucket34393 key: .Trash/runner/Current/testKey2
	at org.apache.hadoop.ozone.om.KeyManagerImpl.getOzoneFileStatus(KeyManagerImpl.java:1311) ~[ozone-manager-1.3.0-SNAPSHOT.jar:?]
	at org.apache.hadoop.ozone.om.KeyManagerImpl.getFileStatus(KeyManagerImpl.java:1241) ~[ozone-manager-1.3.0-SNAPSHOT.jar:?]
	at org.apache.hadoop.ozone.om.OzoneManager.getFileStatus(OzoneManager.java:3467) ~[ozone-manager-1.3.0-SNAPSHOT.jar:?]
	at org.apache.hadoop.ozone.protocolPB.OzoneManagerRequestHandler.getOzoneFileStatus(OzoneManagerRequestHandler.java:878) ~[ozone-manager-1.3.0-SNAPSHOT.jar:?]
	at org.apache.hadoop.ozone.protocolPB.OzoneManagerRequestHandler.handleReadRequest(OzoneManagerRequestHandler.java:224) ~[ozone-manager-1.3.0-SNAPSHOT.jar:?]
	at org.apache.hadoop.ozone.protocolPB.OzoneManagerProtocolServerSideTranslatorPB.submitRequestDirectlyToOM(OzoneManagerProtocolServerSideTranslatorPB.java:276) ~[ozone-manager-1.3.0-SNAPSHOT.jar:?]
	at org.apache.hadoop.ozone.protocolPB.OzoneManagerProtocolServerSideTranslatorPB.processRequest(OzoneManagerProtocolServerSideTranslatorPB.java:205) ~[ozone-manager-1.3.0-SNAPSHOT.jar:?]
	at org.apache.hadoop.hdds.server.OzoneProtocolMessageDispatcher.processRequest(OzoneProtocolMessageDispatcher.java:87) [hdds-server-framework-1.3.0-SNAPSHOT.jar:?]
	at org.apache.hadoop.ozone.protocolPB.OzoneManagerProtocolServerSideTranslatorPB.submitRequest(OzoneManagerProtocolServerSideTranslatorPB.java:147) [ozone-manager-1.3.0-SNAPSHOT.jar:?]
	at org.apache.hadoop.ozone.protocol.proto.OzoneManagerProtocolProtos$OzoneManagerService$2.callBlockingMethod(OzoneManagerProtocolProtos.java) [ozone-interface-client-1.3.0-SNAPSHOT.jar:?]
	at org.apache.hadoop.ipc.ProtobufRpcEngine$Server.processCall(ProtobufRpcEngine.java:466) [hadoop-common-3.3.1.jar:?]
	at org.apache.hadoop.ipc.ProtobufRpcEngine2$Server$ProtoBufRpcInvoker.call(ProtobufRpcEngine2.java:574) [hadoop-common-3.3.1.jar:?]
	at org.apache.hadoop.ipc.ProtobufRpcEngine2$Server$ProtoBufRpcInvoker.call(ProtobufRpcEngine2.java:552) [hadoop-common-3.3.1.jar:?]
	at org.apache.hadoop.ipc.RPC$Server.call(RPC.java:1093) [hadoop-common-3.3.1.jar:?]
	at org.apache.hadoop.ipc.Server$RpcCall.run(Server.java:1035) [hadoop-common-3.3.1.jar:?]
	at org.apache.hadoop.ipc.Server$RpcCall.run(Server.java:963) [hadoop-common-3.3.1.jar:?]
	at java.security.AccessController.doPrivileged(Native Method) ~[?:1.8.0_332]
	at javax.security.auth.Subject.doAs(Subject.java:422) [?:1.8.0_332]
	at org.apache.hadoop.security.UserGroupInformation.doAs(UserGroupInformation.java:1878) [hadoop-common-3.3.1.jar:?]
	at org.apache.hadoop.ipc.Server$Handler.run(Server.java:2966) [hadoop-common-3.3.1.jar:?]
2022-08-03 01:56:24,406 [Time-limited test] INFO  fs.TrashPolicyDefault (TrashPolicyDefault.java:moveToTrash(188)) - Moved: '/testKey2' to trash at: /.Trash/runner/Current/testKey2
2022-08-03 01:56:25,259 [1b479651-b8a4-46b4-ae52-063804f29c2f@group-70274849A91A-FollowerState] INFO  impl.FollowerState (FollowerState.java:run(143)) - 1b479651-b8a4-46b4-ae52-063804f29c2f@group-70274849A91A-FollowerState: change to CANDIDATE, lastRpcElapsedTime:5147424396ns, electionTimeout:5143ms
2022-08-03 01:56:25,260 [1b479651-b8a4-46b4-ae52-063804f29c2f@group-70274849A91A-FollowerState] INFO  impl.RoleInfo (RoleInfo.java:shutdownFollowerState(110)) - 1b479651-b8a4-46b4-ae52-063804f29c2f: shutdown 1b479651-b8a4-46b4-ae52-063804f29c2f@group-70274849A91A-FollowerState
2022-08-03 01:56:25,260 [1b479651-b8a4-46b4-ae52-063804f29c2f@group-70274849A91A-FollowerState] INFO  server.RaftServer$Division (RaftServerImpl.java:setRole(299)) - 1b479651-b8a4-46b4-ae52-063804f29c2f@group-70274849A91A: changes role from  FOLLOWER to CANDIDATE at term 0 for changeToCandidate
2022-08-03 01:56:25,260 [1b479651-b8a4-46b4-ae52-063804f29c2f@group-70274849A91A-FollowerState] INFO  server.RaftServerConfigKeys (ConfUtils.java:logGet(46)) - raft.server.leaderelection.pre-vote = false (custom)
2022-08-03 01:56:25,260 [1b479651-b8a4-46b4-ae52-063804f29c2f@group-70274849A91A-FollowerState] INFO  impl.RoleInfo (RoleInfo.java:updateAndGet(139)) - 1b479651-b8a4-46b4-ae52-063804f29c2f: start 1b479651-b8a4-46b4-ae52-063804f29c2f@group-70274849A91A-LeaderElection21
2022-08-03 01:56:25,282 [1b479651-b8a4-46b4-ae52-063804f29c2f@group-70274849A91A-LeaderElection21] INFO  impl.LeaderElection (LeaderElection.java:askForVotes(310)) - 1b479651-b8a4-46b4-ae52-063804f29c2f@group-70274849A91A-LeaderElection21 ELECTION round 0: submit vote requests at term 1 for -1: [1b479651-b8a4-46b4-ae52-063804f29c2f|rpc:10.1.0.23:38127|priority:1], old=null
2022-08-03 01:56:25,282 [1b479651-b8a4-46b4-ae52-063804f29c2f@group-70274849A91A-LeaderElection21] INFO  impl.LeaderElection (LeaderElection.java:askForVotes(312)) - 1b479651-b8a4-46b4-ae52-063804f29c2f@group-70274849A91A-LeaderElection21 ELECTION round 0: result PASSED (term=1)
2022-08-03 01:56:25,282 [1b479651-b8a4-46b4-ae52-063804f29c2f@group-70274849A91A-LeaderElection21] INFO  impl.RoleInfo (RoleInfo.java:shutdownLeaderElection(130)) - 1b479651-b8a4-46b4-ae52-063804f29c2f: shutdown 1b479651-b8a4-46b4-ae52-063804f29c2f@group-70274849A91A-LeaderElection21
2022-08-03 01:56:25,283 [1b479651-b8a4-46b4-ae52-063804f29c2f@group-70274849A91A-LeaderElection21] INFO  server.RaftServer$Division (RaftServerImpl.java:setRole(299)) - 1b479651-b8a4-46b4-ae52-063804f29c2f@group-70274849A91A: changes role from CANDIDATE to LEADER at term 1 for changeToLeader
2022-08-03 01:56:25,283 [1b479651-b8a4-46b4-ae52-063804f29c2f@group-70274849A91A-LeaderElection21] INFO  ratis.XceiverServerRatis (XceiverServerRatis.java:handleLeaderChangedNotification(863)) - Leader change notification received for group: group-70274849A91A with new leaderId: 1b479651-b8a4-46b4-ae52-063804f29c2f
2022-08-03 01:56:25,283 [1b479651-b8a4-46b4-ae52-063804f29c2f@group-70274849A91A-LeaderElection21] INFO  server.RaftServer$Division (ServerState.java:setLeader(287)) - 1b479651-b8a4-46b4-ae52-063804f29c2f@group-70274849A91A: change Leader from null to 1b479651-b8a4-46b4-ae52-063804f29c2f at term 1 for becomeLeader, leader elected after 5189ms
2022-08-03 01:56:25,283 [1b479651-b8a4-46b4-ae52-063804f29c2f@group-70274849A91A-LeaderElection21] INFO  server.RaftServerConfigKeys (ConfUtils.java:logGet(46)) - raft.server.staging.catchup.gap = 1000 (default)
2022-08-03 01:56:25,283 [1b479651-b8a4-46b4-ae52-063804f29c2f@group-70274849A91A-LeaderElection21] INFO  server.RaftServerConfigKeys (ConfUtils.java:logGet(46)) - raft.server.write.element-limit = 1024 (custom)
2022-08-03 01:56:25,283 [1b479651-b8a4-46b4-ae52-063804f29c2f@group-70274849A91A-LeaderElection21] INFO  server.RaftServerConfigKeys (ConfUtils.java:logGet(46)) - raft.server.write.byte-limit = 1024 M (=1073741824) (custom)
2022-08-03 01:56:25,284 [1b479651-b8a4-46b4-ae52-063804f29c2f@group-70274849A91A-LeaderElection21] INFO  server.RaftServerConfigKeys (ConfUtils.java:logGet(46)) - raft.server.watch.timeout = 180s (custom)
2022-08-03 01:56:25,284 [1b479651-b8a4-46b4-ae52-063804f29c2f@group-70274849A91A-LeaderElection21] INFO  server.RaftServerConfigKeys (ConfUtils.java:logGet(46)) - raft.server.watch.timeout.denomination = 1s (default)
2022-08-03 01:56:25,284 [1b479651-b8a4-46b4-ae52-063804f29c2f@group-70274849A91A-LeaderElection21] INFO  server.RaftServerConfigKeys (ConfUtils.java:logGet(46)) - raft.server.watch.element-limit = 65536 (default)
2022-08-03 01:56:25,284 [1b479651-b8a4-46b4-ae52-063804f29c2f@group-70274849A91A-LeaderElection21] INFO  server.RaftServerConfigKeys (ConfUtils.java:logGet(46)) - raft.server.write.element-limit = 1024 (custom)
2022-08-03 01:56:25,284 [1b479651-b8a4-46b4-ae52-063804f29c2f@group-70274849A91A-LeaderElection21] INFO  server.RaftServerConfigKeys (ConfUtils.java:logGet(46)) - raft.server.write.follower.gap.ratio.max = -1.0 (default)
2022-08-03 01:56:25,284 [1b479651-b8a4-46b4-ae52-063804f29c2f@group-70274849A91A-LeaderElection21] INFO  impl.RoleInfo (RoleInfo.java:updateAndGet(139)) - 1b479651-b8a4-46b4-ae52-063804f29c2f: start 1b479651-b8a4-46b4-ae52-063804f29c2f@group-70274849A91A-LeaderStateImpl
2022-08-03 01:56:25,285 [1b479651-b8a4-46b4-ae52-063804f29c2f@group-70274849A91A-LeaderElection21] INFO  segmented.SegmentedRaftLogWorker (SegmentedRaftLogWorker.java:startLogSegment(425)) - 1b479651-b8a4-46b4-ae52-063804f29c2f@group-70274849A91A-SegmentedRaftLogWorker: Starting segment from index:0
2022-08-03 01:56:25,289 [1b479651-b8a4-46b4-ae52-063804f29c2f@group-70274849A91A-SegmentedRaftLogWorker] INFO  segmented.SegmentedRaftLogWorker (SegmentedRaftLogWorker.java:execute(629)) - 1b479651-b8a4-46b4-ae52-063804f29c2f@group-70274849A91A-SegmentedRaftLogWorker: created new log segment /home/runner/work/ozone/ozone/hadoop-ozone/integration-test/target/test-dir/MiniOzoneClusterImpl-2b644ed5-ee6e-4744-ab54-d718b8c739bc/datanode-4/data/ratis/5561b4ba-447c-443c-b225-70274849a91a/current/log_inprogress_0
2022-08-03 01:56:25,298 [1b479651-b8a4-46b4-ae52-063804f29c2f@group-70274849A91A-LeaderElection21] INFO  server.RaftServer$Division (ServerState.java:setRaftConf(393)) - 1b479651-b8a4-46b4-ae52-063804f29c2f@group-70274849A91A: set configuration 0: [1b479651-b8a4-46b4-ae52-063804f29c2f|rpc:10.1.0.23:38127|dataStream:|priority:1], old=null
2022-08-03 01:56:25,723 [UnderReplicatedQueueThreadThread] INFO  replication.UnderReplicatedProcessor (UnderReplicatedProcessor.java:processAll(85)) - Processed 0 under replicated containers, failed processing 0
2022-08-03 01:56:25,734 [OverReplicatedQueueThreadThread] INFO  replication.OverReplicatedProcessor (OverReplicatedProcessor.java:processAll(83)) - Processed 0 over replicated containers, failed processing 0
01:56:26.409 [IPC Server handler 1 on default port 44107] ERROR OMAudit - user=runner | ip=127.0.0.1 | op=GET_FILE_STATUS {volume=volume07240, bucket=bucket34393, key=.Trash/runner/Current/testKey2, dataSize=0, replicationConfig=null} | ret=FAILURE
org.apache.hadoop.ozone.om.exceptions.OMException: Unable to get file status: volume: volume07240 bucket: bucket34393 key: .Trash/runner/Current/testKey2
	at org.apache.hadoop.ozone.om.KeyManagerImpl.getOzoneFileStatus(KeyManagerImpl.java:1311) ~[ozone-manager-1.3.0-SNAPSHOT.jar:?]
	at org.apache.hadoop.ozone.om.KeyManagerImpl.getFileStatus(KeyManagerImpl.java:1241) ~[ozone-manager-1.3.0-SNAPSHOT.jar:?]
	at org.apache.hadoop.ozone.om.OzoneManager.getFileStatus(OzoneManager.java:3467) ~[ozone-manager-1.3.0-SNAPSHOT.jar:?]
	at org.apache.hadoop.ozone.protocolPB.OzoneManagerRequestHandler.getOzoneFileStatus(OzoneManagerRequestHandler.java:878) ~[ozone-manager-1.3.0-SNAPSHOT.jar:?]
	at org.apache.hadoop.ozone.protocolPB.OzoneManagerRequestHandler.handleReadRequest(OzoneManagerRequestHandler.java:224) ~[ozone-manager-1.3.0-SNAPSHOT.jar:?]
	at org.apache.hadoop.ozone.protocolPB.OzoneManagerProtocolServerSideTranslatorPB.submitRequestDirectlyToOM(OzoneManagerProtocolServerSideTranslatorPB.java:276) ~[ozone-manager-1.3.0-SNAPSHOT.jar:?]
	at org.apache.hadoop.ozone.protocolPB.OzoneManagerProtocolServerSideTranslatorPB.processRequest(OzoneManagerProtocolServerSideTranslatorPB.java:205) ~[ozone-manager-1.3.0-SNAPSHOT.jar:?]
	at org.apache.hadoop.hdds.server.OzoneProtocolMessageDispatcher.processRequest(OzoneProtocolMessageDispatcher.java:87) [hdds-server-framework-1.3.0-SNAPSHOT.jar:?]
	at org.apache.hadoop.ozone.protocolPB.OzoneManagerProtocolServerSideTranslatorPB.submitRequest(OzoneManagerProtocolServerSideTranslatorPB.java:147) [ozone-manager-1.3.0-SNAPSHOT.jar:?]
	at org.apache.hadoop.ozone.protocol.proto.OzoneManagerProtocolProtos$OzoneManagerService$2.callBlockingMethod(OzoneManagerProtocolProtos.java) [ozone-interface-client-1.3.0-SNAPSHOT.jar:?]
	at org.apache.hadoop.ipc.ProtobufRpcEngine$Server.processCall(ProtobufRpcEngine.java:466) [hadoop-common-3.3.1.jar:?]
	at org.apache.hadoop.ipc.ProtobufRpcEngine2$Server$ProtoBufRpcInvoker.call(ProtobufRpcEngine2.java:574) [hadoop-common-3.3.1.jar:?]
	at org.apache.hadoop.ipc.ProtobufRpcEngine2$Server$ProtoBufRpcInvoker.call(ProtobufRpcEngine2.java:552) [hadoop-common-3.3.1.jar:?]
	at org.apache.hadoop.ipc.RPC$Server.call(RPC.java:1093) [hadoop-common-3.3.1.jar:?]
	at org.apache.hadoop.ipc.Server$RpcCall.run(Server.java:1035) [hadoop-common-3.3.1.jar:?]
	at org.apache.hadoop.ipc.Server$RpcCall.run(Server.java:963) [hadoop-common-3.3.1.jar:?]
	at java.security.AccessController.doPrivileged(Native Method) ~[?:1.8.0_332]
	at javax.security.auth.Subject.doAs(Subject.java:422) [?:1.8.0_332]
	at org.apache.hadoop.security.UserGroupInformation.doAs(UserGroupInformation.java:1878) [hadoop-common-3.3.1.jar:?]
	at org.apache.hadoop.ipc.Server$Handler.run(Server.java:2966) [hadoop-common-3.3.1.jar:?]
2022-08-03 01:56:27,133 [29c98487-0277-4cc7-b365-3516e94d97ef@group-A5332DF7F2B4-FollowerState] INFO  impl.FollowerState (FollowerState.java:run(143)) - 29c98487-0277-4cc7-b365-3516e94d97ef@group-A5332DF7F2B4-FollowerState: change to CANDIDATE, lastRpcElapsedTime:5025517111ns, electionTimeout:5021ms
2022-08-03 01:56:27,134 [29c98487-0277-4cc7-b365-3516e94d97ef@group-A5332DF7F2B4-FollowerState] INFO  impl.RoleInfo (RoleInfo.java:shutdownFollowerState(110)) - 29c98487-0277-4cc7-b365-3516e94d97ef: shutdown 29c98487-0277-4cc7-b365-3516e94d97ef@group-A5332DF7F2B4-FollowerState
2022-08-03 01:56:27,134 [29c98487-0277-4cc7-b365-3516e94d97ef@group-A5332DF7F2B4-FollowerState] INFO  server.RaftServer$Division (RaftServerImpl.java:setRole(299)) - 29c98487-0277-4cc7-b365-3516e94d97ef@group-A5332DF7F2B4: changes role from  FOLLOWER to CANDIDATE at term 1 for changeToCandidate
2022-08-03 01:56:27,134 [29c98487-0277-4cc7-b365-3516e94d97ef@group-A5332DF7F2B4-FollowerState] INFO  server.RaftServerConfigKeys (ConfUtils.java:logGet(46)) - raft.server.leaderelection.pre-vote = false (custom)
2022-08-03 01:56:27,134 [29c98487-0277-4cc7-b365-3516e94d97ef@group-A5332DF7F2B4-FollowerState] INFO  impl.RoleInfo (RoleInfo.java:updateAndGet(139)) - 29c98487-0277-4cc7-b365-3516e94d97ef: start 29c98487-0277-4cc7-b365-3516e94d97ef@group-A5332DF7F2B4-LeaderElection22
2022-08-03 01:56:27,135 [26c6a879-3581-43c9-81a3-df00a00fc298@group-A5332DF7F2B4-FollowerState] INFO  impl.FollowerState (FollowerState.java:run(143)) - 26c6a879-3581-43c9-81a3-df00a00fc298@group-A5332DF7F2B4-FollowerState: change to CANDIDATE, lastRpcElapsedTime:5058995100ns, electionTimeout:5037ms
2022-08-03 01:56:27,135 [26c6a879-3581-43c9-81a3-df00a00fc298@group-A5332DF7F2B4-FollowerState] INFO  impl.RoleInfo (RoleInfo.java:shutdownFollowerState(110)) - 26c6a879-3581-43c9-81a3-df00a00fc298: shutdown 26c6a879-3581-43c9-81a3-df00a00fc298@group-A5332DF7F2B4-FollowerState
2022-08-03 01:56:27,135 [26c6a879-3581-43c9-81a3-df00a00fc298@group-A5332DF7F2B4-FollowerState] INFO  server.RaftServer$Division (RaftServerImpl.java:setRole(299)) - 26c6a879-3581-43c9-81a3-df00a00fc298@group-A5332DF7F2B4: changes role from  FOLLOWER to CANDIDATE at term 1 for changeToCandidate
2022-08-03 01:56:27,135 [26c6a879-3581-43c9-81a3-df00a00fc298@group-A5332DF7F2B4-FollowerState] INFO  server.RaftServerConfigKeys (ConfUtils.java:logGet(46)) - raft.server.leaderelection.pre-vote = false (custom)
2022-08-03 01:56:27,135 [26c6a879-3581-43c9-81a3-df00a00fc298@group-A5332DF7F2B4-FollowerState] INFO  impl.RoleInfo (RoleInfo.java:updateAndGet(139)) - 26c6a879-3581-43c9-81a3-df00a00fc298: start 26c6a879-3581-43c9-81a3-df00a00fc298@group-A5332DF7F2B4-LeaderElection23
2022-08-03 01:56:27,147 [29c98487-0277-4cc7-b365-3516e94d97ef@group-A5332DF7F2B4-LeaderElection22] INFO  impl.LeaderElection (LeaderElection.java:askForVotes(310)) - 29c98487-0277-4cc7-b365-3516e94d97ef@group-A5332DF7F2B4-LeaderElection22 ELECTION round 0: submit vote requests at term 2 for -1: [26c6a879-3581-43c9-81a3-df00a00fc298|rpc:10.1.0.23:40673|dataStream:|priority:0, 65846ed8-c1ef-45a3-a578-716f347ad6ea|rpc:10.1.0.23:35919|dataStream:|priority:1, 29c98487-0277-4cc7-b365-3516e94d97ef|rpc:10.1.0.23:34985|dataStream:|priority:0], old=null
2022-08-03 01:56:27,170 [26c6a879-3581-43c9-81a3-df00a00fc298@group-A5332DF7F2B4-LeaderElection23] INFO  impl.LeaderElection (LeaderElection.java:askForVotes(310)) - 26c6a879-3581-43c9-81a3-df00a00fc298@group-A5332DF7F2B4-LeaderElection23 ELECTION round 0: submit vote requests at term 2 for -1: [26c6a879-3581-43c9-81a3-df00a00fc298|rpc:10.1.0.23:40673|priority:0, 65846ed8-c1ef-45a3-a578-716f347ad6ea|rpc:10.1.0.23:35919|priority:1, 29c98487-0277-4cc7-b365-3516e94d97ef|rpc:10.1.0.23:34985|priority:0], old=null
2022-08-03 01:56:27,209 [grpc-default-executor-3] INFO  server.RaftServer$Division (RaftServerImpl.java:requestVote(1152)) - 26c6a879-3581-43c9-81a3-df00a00fc298@group-A5332DF7F2B4: receive requestVote(ELECTION, 29c98487-0277-4cc7-b365-3516e94d97ef, group-A5332DF7F2B4, 2, (t:0, i:0))
2022-08-03 01:56:27,212 [grpc-default-executor-2] INFO  server.RaftServer$Division (RaftServerImpl.java:requestVote(1152)) - 65846ed8-c1ef-45a3-a578-716f347ad6ea@group-A5332DF7F2B4: receive requestVote(ELECTION, 26c6a879-3581-43c9-81a3-df00a00fc298, group-A5332DF7F2B4, 2, (t:0, i:0))
2022-08-03 01:56:27,212 [grpc-default-executor-2] INFO  impl.VoteContext (VoteContext.java:log(48)) - 65846ed8-c1ef-45a3-a578-716f347ad6ea@group-A5332DF7F2B4-FOLLOWER: reject ELECTION from 26c6a879-3581-43c9-81a3-df00a00fc298: our priority 1 > candidate's priority 0
2022-08-03 01:56:27,212 [grpc-default-executor-2] INFO  server.RaftServer$Division (RaftServerImpl.java:setRole(299)) - 65846ed8-c1ef-45a3-a578-716f347ad6ea@group-A5332DF7F2B4: changes role from  FOLLOWER to FOLLOWER at term 2 for candidate:26c6a879-3581-43c9-81a3-df00a00fc298
2022-08-03 01:56:27,212 [grpc-default-executor-2] INFO  impl.RoleInfo (RoleInfo.java:shutdownFollowerState(110)) - 65846ed8-c1ef-45a3-a578-716f347ad6ea: shutdown 65846ed8-c1ef-45a3-a578-716f347ad6ea@group-A5332DF7F2B4-FollowerState
2022-08-03 01:56:27,212 [grpc-default-executor-2] INFO  impl.RoleInfo (RoleInfo.java:updateAndGet(139)) - 65846ed8-c1ef-45a3-a578-716f347ad6ea: start 65846ed8-c1ef-45a3-a578-716f347ad6ea@group-A5332DF7F2B4-FollowerState
2022-08-03 01:56:27,213 [grpc-default-executor-1] INFO  server.RaftServer$Division (RaftServerImpl.java:requestVote(1152)) - 29c98487-0277-4cc7-b365-3516e94d97ef@group-A5332DF7F2B4: receive requestVote(ELECTION, 26c6a879-3581-43c9-81a3-df00a00fc298, group-A5332DF7F2B4, 2, (t:0, i:0))
2022-08-03 01:56:27,213 [grpc-default-executor-1] INFO  impl.VoteContext (VoteContext.java:log(48)) - 29c98487-0277-4cc7-b365-3516e94d97ef@group-A5332DF7F2B4-CANDIDATE: reject ELECTION from 26c6a879-3581-43c9-81a3-df00a00fc298: already has voted for 29c98487-0277-4cc7-b365-3516e94d97ef at current term 2
2022-08-03 01:56:27,213 [grpc-default-executor-1] INFO  server.RaftServer$Division (RaftServerImpl.java:requestVote(1184)) - 29c98487-0277-4cc7-b365-3516e94d97ef@group-A5332DF7F2B4 replies to ELECTION vote request: 26c6a879-3581-43c9-81a3-df00a00fc298<-29c98487-0277-4cc7-b365-3516e94d97ef#0:FAIL-t2. Peer's state: 29c98487-0277-4cc7-b365-3516e94d97ef@group-A5332DF7F2B4:t2, leader=null, voted=29c98487-0277-4cc7-b365-3516e94d97ef, raftlog=29c98487-0277-4cc7-b365-3516e94d97ef@group-A5332DF7F2B4-SegmentedRaftLog:OPENED:c-1, conf=-1: [26c6a879-3581-43c9-81a3-df00a00fc298|rpc:10.1.0.23:40673|dataStream:|priority:0, 65846ed8-c1ef-45a3-a578-716f347ad6ea|rpc:10.1.0.23:35919|dataStream:|priority:1, 29c98487-0277-4cc7-b365-3516e94d97ef|rpc:10.1.0.23:34985|dataStream:|priority:0], old=null
2022-08-03 01:56:27,212 [grpc-default-executor-3] INFO  impl.VoteContext (VoteContext.java:log(48)) - 26c6a879-3581-43c9-81a3-df00a00fc298@group-A5332DF7F2B4-CANDIDATE: reject ELECTION from 29c98487-0277-4cc7-b365-3516e94d97ef: already has voted for 26c6a879-3581-43c9-81a3-df00a00fc298 at current term 2
2022-08-03 01:56:27,213 [grpc-default-executor-3] INFO  server.RaftServer$Division (RaftServerImpl.java:requestVote(1184)) - 26c6a879-3581-43c9-81a3-df00a00fc298@group-A5332DF7F2B4 replies to ELECTION vote request: 29c98487-0277-4cc7-b365-3516e94d97ef<-26c6a879-3581-43c9-81a3-df00a00fc298#0:FAIL-t2. Peer's state: 26c6a879-3581-43c9-81a3-df00a00fc298@group-A5332DF7F2B4:t2, leader=null, voted=26c6a879-3581-43c9-81a3-df00a00fc298, raftlog=26c6a879-3581-43c9-81a3-df00a00fc298@group-A5332DF7F2B4-SegmentedRaftLog:OPENED:c-1, conf=-1: [26c6a879-3581-43c9-81a3-df00a00fc298|rpc:10.1.0.23:40673|priority:0, 65846ed8-c1ef-45a3-a578-716f347ad6ea|rpc:10.1.0.23:35919|priority:1, 29c98487-0277-4cc7-b365-3516e94d97ef|rpc:10.1.0.23:34985|priority:0], old=null
2022-08-03 01:56:27,214 [grpc-default-executor-2] INFO  server.RaftServer$Division (RaftServerImpl.java:requestVote(1184)) - 65846ed8-c1ef-45a3-a578-716f347ad6ea@group-A5332DF7F2B4 replies to ELECTION vote request: 26c6a879-3581-43c9-81a3-df00a00fc298<-65846ed8-c1ef-45a3-a578-716f347ad6ea#0:FAIL-t2. Peer's state: 65846ed8-c1ef-45a3-a578-716f347ad6ea@group-A5332DF7F2B4:t2, leader=null, voted=null, raftlog=65846ed8-c1ef-45a3-a578-716f347ad6ea@group-A5332DF7F2B4-SegmentedRaftLog:OPENED:c-1, conf=-1: [26c6a879-3581-43c9-81a3-df00a00fc298|rpc:10.1.0.23:40673|dataStream:|priority:0, 65846ed8-c1ef-45a3-a578-716f347ad6ea|rpc:10.1.0.23:35919|dataStream:|priority:1, 29c98487-0277-4cc7-b365-3516e94d97ef|rpc:10.1.0.23:34985|dataStream:|priority:0], old=null
2022-08-03 01:56:27,218 [65846ed8-c1ef-45a3-a578-716f347ad6ea@group-A5332DF7F2B4-FollowerState] INFO  impl.FollowerState (FollowerState.java:run(152)) - 65846ed8-c1ef-45a3-a578-716f347ad6ea@group-A5332DF7F2B4-FollowerState was interrupted
2022-08-03 01:56:27,230 [26c6a879-3581-43c9-81a3-df00a00fc298@group-A5332DF7F2B4-LeaderElection23] INFO  impl.LeaderElection (LeaderElection.java:logAndReturn(90)) - 26c6a879-3581-43c9-81a3-df00a00fc298@group-A5332DF7F2B4-LeaderElection23: ELECTION REJECTED received 2 response(s) and 0 exception(s):
2022-08-03 01:56:27,231 [grpc-default-executor-3] INFO  server.RaftServer$Division (RaftServerImpl.java:requestVote(1152)) - 65846ed8-c1ef-45a3-a578-716f347ad6ea@group-A5332DF7F2B4: receive requestVote(ELECTION, 29c98487-0277-4cc7-b365-3516e94d97ef, group-A5332DF7F2B4, 2, (t:0, i:0))
2022-08-03 01:56:27,231 [26c6a879-3581-43c9-81a3-df00a00fc298@group-A5332DF7F2B4-LeaderElection23] INFO  impl.LeaderElection (LeaderElection.java:logAndReturn(94)) -   Response 0: 26c6a879-3581-43c9-81a3-df00a00fc298<-65846ed8-c1ef-45a3-a578-716f347ad6ea#0:FAIL-t2
2022-08-03 01:56:27,232 [26c6a879-3581-43c9-81a3-df00a00fc298@group-A5332DF7F2B4-LeaderElection23] INFO  impl.LeaderElection (LeaderElection.java:logAndReturn(94)) -   Response 1: 26c6a879-3581-43c9-81a3-df00a00fc298<-29c98487-0277-4cc7-b365-3516e94d97ef#0:FAIL-t2
2022-08-03 01:56:27,232 [26c6a879-3581-43c9-81a3-df00a00fc298@group-A5332DF7F2B4-LeaderElection23] INFO  impl.LeaderElection (LeaderElection.java:askForVotes(312)) - 26c6a879-3581-43c9-81a3-df00a00fc298@group-A5332DF7F2B4-LeaderElection23 ELECTION round 0: result REJECTED
2022-08-03 01:56:27,232 [26c6a879-3581-43c9-81a3-df00a00fc298@group-A5332DF7F2B4-LeaderElection23] INFO  server.RaftServer$Division (RaftServerImpl.java:setRole(299)) - 26c6a879-3581-43c9-81a3-df00a00fc298@group-A5332DF7F2B4: changes role from CANDIDATE to FOLLOWER at term 2 for REJECTED
2022-08-03 01:56:27,232 [26c6a879-3581-43c9-81a3-df00a00fc298@group-A5332DF7F2B4-LeaderElection23] INFO  impl.RoleInfo (RoleInfo.java:shutdownLeaderElection(130)) - 26c6a879-3581-43c9-81a3-df00a00fc298: shutdown 26c6a879-3581-43c9-81a3-df00a00fc298@group-A5332DF7F2B4-LeaderElection23
2022-08-03 01:56:27,232 [26c6a879-3581-43c9-81a3-df00a00fc298@group-A5332DF7F2B4-LeaderElection23] INFO  impl.RoleInfo (RoleInfo.java:updateAndGet(139)) - 26c6a879-3581-43c9-81a3-df00a00fc298: start 26c6a879-3581-43c9-81a3-df00a00fc298@group-A5332DF7F2B4-FollowerState
2022-08-03 01:56:27,232 [grpc-default-executor-3] INFO  impl.VoteContext (VoteContext.java:log(48)) - 65846ed8-c1ef-45a3-a578-716f347ad6ea@group-A5332DF7F2B4-FOLLOWER: reject ELECTION from 29c98487-0277-4cc7-b365-3516e94d97ef: our priority 1 > candidate's priority 0
2022-08-03 01:56:27,232 [grpc-default-executor-3] INFO  server.RaftServer$Division (RaftServerImpl.java:setRole(299)) - 65846ed8-c1ef-45a3-a578-716f347ad6ea@group-A5332DF7F2B4: changes role from  FOLLOWER to FOLLOWER at term 2 for candidate:29c98487-0277-4cc7-b365-3516e94d97ef
2022-08-03 01:56:27,232 [grpc-default-executor-3] INFO  impl.RoleInfo (RoleInfo.java:shutdownFollowerState(110)) - 65846ed8-c1ef-45a3-a578-716f347ad6ea: shutdown 65846ed8-c1ef-45a3-a578-716f347ad6ea@group-A5332DF7F2B4-FollowerState
2022-08-03 01:56:27,249 [grpc-default-executor-3] INFO  impl.RoleInfo (RoleInfo.java:updateAndGet(139)) - 65846ed8-c1ef-45a3-a578-716f347ad6ea: start 65846ed8-c1ef-45a3-a578-716f347ad6ea@group-A5332DF7F2B4-FollowerState
2022-08-03 01:56:27,249 [grpc-default-executor-3] INFO  server.RaftServer$Division (RaftServerImpl.java:requestVote(1184)) - 65846ed8-c1ef-45a3-a578-716f347ad6ea@group-A5332DF7F2B4 replies to ELECTION vote request: 29c98487-0277-4cc7-b365-3516e94d97ef<-65846ed8-c1ef-45a3-a578-716f347ad6ea#0:FAIL-t2. Peer's state: 65846ed8-c1ef-45a3-a578-716f347ad6ea@group-A5332DF7F2B4:t2, leader=null, voted=null, raftlog=65846ed8-c1ef-45a3-a578-716f347ad6ea@group-A5332DF7F2B4-SegmentedRaftLog:OPENED:c-1, conf=-1: [26c6a879-3581-43c9-81a3-df00a00fc298|rpc:10.1.0.23:40673|dataStream:|priority:0, 65846ed8-c1ef-45a3-a578-716f347ad6ea|rpc:10.1.0.23:35919|dataStream:|priority:1, 29c98487-0277-4cc7-b365-3516e94d97ef|rpc:10.1.0.23:34985|dataStream:|priority:0], old=null
2022-08-03 01:56:27,249 [65846ed8-c1ef-45a3-a578-716f347ad6ea@group-A5332DF7F2B4-FollowerState] INFO  impl.FollowerState (FollowerState.java:run(152)) - 65846ed8-c1ef-45a3-a578-716f347ad6ea@group-A5332DF7F2B4-FollowerState was interrupted
2022-08-03 01:56:27,261 [29c98487-0277-4cc7-b365-3516e94d97ef@group-A5332DF7F2B4-LeaderElection22] INFO  impl.LeaderElection (LeaderElection.java:logAndReturn(90)) - 29c98487-0277-4cc7-b365-3516e94d97ef@group-A5332DF7F2B4-LeaderElection22: ELECTION REJECTED received 2 response(s) and 0 exception(s):
2022-08-03 01:56:27,262 [29c98487-0277-4cc7-b365-3516e94d97ef@group-A5332DF7F2B4-LeaderElection22] INFO  impl.LeaderElection (LeaderElection.java:logAndReturn(94)) -   Response 0: 29c98487-0277-4cc7-b365-3516e94d97ef<-26c6a879-3581-43c9-81a3-df00a00fc298#0:FAIL-t2
2022-08-03 01:56:27,262 [29c98487-0277-4cc7-b365-3516e94d97ef@group-A5332DF7F2B4-LeaderElection22] INFO  impl.LeaderElection (LeaderElection.java:logAndReturn(94)) -   Response 1: 29c98487-0277-4cc7-b365-3516e94d97ef<-65846ed8-c1ef-45a3-a578-716f347ad6ea#0:FAIL-t2
2022-08-03 01:56:27,262 [29c98487-0277-4cc7-b365-3516e94d97ef@group-A5332DF7F2B4-LeaderElection22] INFO  impl.LeaderElection (LeaderElection.java:askForVotes(312)) - 29c98487-0277-4cc7-b365-3516e94d97ef@group-A5332DF7F2B4-LeaderElection22 ELECTION round 0: result REJECTED
2022-08-03 01:56:27,262 [29c98487-0277-4cc7-b365-3516e94d97ef@group-A5332DF7F2B4-LeaderElection22] INFO  server.RaftServer$Division (RaftServerImpl.java:setRole(299)) - 29c98487-0277-4cc7-b365-3516e94d97ef@group-A5332DF7F2B4: changes role from CANDIDATE to FOLLOWER at term 2 for REJECTED
2022-08-03 01:56:27,262 [29c98487-0277-4cc7-b365-3516e94d97ef@group-A5332DF7F2B4-LeaderElection22] INFO  impl.RoleInfo (RoleInfo.java:shutdownLeaderElection(130)) - 29c98487-0277-4cc7-b365-3516e94d97ef: shutdown 29c98487-0277-4cc7-b365-3516e94d97ef@group-A5332DF7F2B4-LeaderElection22
2022-08-03 01:56:27,262 [29c98487-0277-4cc7-b365-3516e94d97ef@group-A5332DF7F2B4-LeaderElection22] INFO  impl.RoleInfo (RoleInfo.java:updateAndGet(139)) - 29c98487-0277-4cc7-b365-3516e94d97ef: start 29c98487-0277-4cc7-b365-3516e94d97ef@group-A5332DF7F2B4-FollowerState
]]></system-out>
  </testcase>
  <testcase name="testTrash" classname="TestOzoneFileSystem" time="5.072">
    <system-out><![CDATA[01:57:34.612 [IPC Server handler 18 on default port 36611] ERROR OMAudit - user=runner | ip=127.0.0.1 | op=GET_FILE_STATUS {volume=volume58070, bucket=bucket54574, key=.Trash/runner/Current/testKey2, dataSize=0, replicationConfig=null} | ret=FAILURE
org.apache.hadoop.ozone.om.exceptions.OMException: Unable to get file status: volume: volume58070 bucket: bucket54574 key: .Trash/runner/Current/testKey2
	at org.apache.hadoop.ozone.om.KeyManagerImpl.getOzoneFileStatus(KeyManagerImpl.java:1311) ~[ozone-manager-1.3.0-SNAPSHOT.jar:?]
	at org.apache.hadoop.ozone.om.KeyManagerImpl.getFileStatus(KeyManagerImpl.java:1241) ~[ozone-manager-1.3.0-SNAPSHOT.jar:?]
	at org.apache.hadoop.ozone.om.OzoneManager.getFileStatus(OzoneManager.java:3467) ~[ozone-manager-1.3.0-SNAPSHOT.jar:?]
	at org.apache.hadoop.ozone.protocolPB.OzoneManagerRequestHandler.getOzoneFileStatus(OzoneManagerRequestHandler.java:878) ~[ozone-manager-1.3.0-SNAPSHOT.jar:?]
	at org.apache.hadoop.ozone.protocolPB.OzoneManagerRequestHandler.handleReadRequest(OzoneManagerRequestHandler.java:224) ~[ozone-manager-1.3.0-SNAPSHOT.jar:?]
	at org.apache.hadoop.ozone.protocolPB.OzoneManagerProtocolServerSideTranslatorPB.submitReadRequestToOM(OzoneManagerProtocolServerSideTranslatorPB.java:226) ~[ozone-manager-1.3.0-SNAPSHOT.jar:?]
	at org.apache.hadoop.ozone.protocolPB.OzoneManagerProtocolServerSideTranslatorPB.processRequest(OzoneManagerProtocolServerSideTranslatorPB.java:175) ~[ozone-manager-1.3.0-SNAPSHOT.jar:?]
	at org.apache.hadoop.hdds.server.OzoneProtocolMessageDispatcher.processRequest(OzoneProtocolMessageDispatcher.java:87) [hdds-server-framework-1.3.0-SNAPSHOT.jar:?]
	at org.apache.hadoop.ozone.protocolPB.OzoneManagerProtocolServerSideTranslatorPB.submitRequest(OzoneManagerProtocolServerSideTranslatorPB.java:147) [ozone-manager-1.3.0-SNAPSHOT.jar:?]
	at org.apache.hadoop.ozone.protocol.proto.OzoneManagerProtocolProtos$OzoneManagerService$2.callBlockingMethod(OzoneManagerProtocolProtos.java) [ozone-interface-client-1.3.0-SNAPSHOT.jar:?]
	at org.apache.hadoop.ipc.ProtobufRpcEngine$Server.processCall(ProtobufRpcEngine.java:466) [hadoop-common-3.3.1.jar:?]
	at org.apache.hadoop.ipc.ProtobufRpcEngine2$Server$ProtoBufRpcInvoker.call(ProtobufRpcEngine2.java:574) [hadoop-common-3.3.1.jar:?]
	at org.apache.hadoop.ipc.ProtobufRpcEngine2$Server$ProtoBufRpcInvoker.call(ProtobufRpcEngine2.java:552) [hadoop-common-3.3.1.jar:?]
	at org.apache.hadoop.ipc.RPC$Server.call(RPC.java:1093) [hadoop-common-3.3.1.jar:?]
	at org.apache.hadoop.ipc.Server$RpcCall.run(Server.java:1035) [hadoop-common-3.3.1.jar:?]
	at org.apache.hadoop.ipc.Server$RpcCall.run(Server.java:963) [hadoop-common-3.3.1.jar:?]
	at java.security.AccessController.doPrivileged(Native Method) ~[?:1.8.0_332]
	at javax.security.auth.Subject.doAs(Subject.java:422) [?:1.8.0_332]
	at org.apache.hadoop.security.UserGroupInformation.doAs(UserGroupInformation.java:1878) [hadoop-common-3.3.1.jar:?]
	at org.apache.hadoop.ipc.Server$Handler.run(Server.java:2966) [hadoop-common-3.3.1.jar:?]
01:57:34.613 [IPC Server handler 12 on default port 36611] ERROR OMAudit - user=runner | ip=127.0.0.1 | op=GET_FILE_STATUS {volume=volume58070, bucket=bucket54574, key=.Trash/runner/Current/testKey2, dataSize=0, replicationConfig=null} | ret=FAILURE
org.apache.hadoop.ozone.om.exceptions.OMException: Unable to get file status: volume: volume58070 bucket: bucket54574 key: .Trash/runner/Current/testKey2
	at org.apache.hadoop.ozone.om.KeyManagerImpl.getOzoneFileStatus(KeyManagerImpl.java:1311) ~[ozone-manager-1.3.0-SNAPSHOT.jar:?]
	at org.apache.hadoop.ozone.om.KeyManagerImpl.getFileStatus(KeyManagerImpl.java:1241) ~[ozone-manager-1.3.0-SNAPSHOT.jar:?]
	at org.apache.hadoop.ozone.om.OzoneManager.getFileStatus(OzoneManager.java:3467) ~[ozone-manager-1.3.0-SNAPSHOT.jar:?]
	at org.apache.hadoop.ozone.protocolPB.OzoneManagerRequestHandler.getOzoneFileStatus(OzoneManagerRequestHandler.java:878) ~[ozone-manager-1.3.0-SNAPSHOT.jar:?]
	at org.apache.hadoop.ozone.protocolPB.OzoneManagerRequestHandler.handleReadRequest(OzoneManagerRequestHandler.java:224) ~[ozone-manager-1.3.0-SNAPSHOT.jar:?]
	at org.apache.hadoop.ozone.protocolPB.OzoneManagerProtocolServerSideTranslatorPB.submitReadRequestToOM(OzoneManagerProtocolServerSideTranslatorPB.java:226) ~[ozone-manager-1.3.0-SNAPSHOT.jar:?]
	at org.apache.hadoop.ozone.protocolPB.OzoneManagerProtocolServerSideTranslatorPB.processRequest(OzoneManagerProtocolServerSideTranslatorPB.java:175) ~[ozone-manager-1.3.0-SNAPSHOT.jar:?]
	at org.apache.hadoop.hdds.server.OzoneProtocolMessageDispatcher.processRequest(OzoneProtocolMessageDispatcher.java:87) [hdds-server-framework-1.3.0-SNAPSHOT.jar:?]
	at org.apache.hadoop.ozone.protocolPB.OzoneManagerProtocolServerSideTranslatorPB.submitRequest(OzoneManagerProtocolServerSideTranslatorPB.java:147) [ozone-manager-1.3.0-SNAPSHOT.jar:?]
	at org.apache.hadoop.ozone.protocol.proto.OzoneManagerProtocolProtos$OzoneManagerService$2.callBlockingMethod(OzoneManagerProtocolProtos.java) [ozone-interface-client-1.3.0-SNAPSHOT.jar:?]
	at org.apache.hadoop.ipc.ProtobufRpcEngine$Server.processCall(ProtobufRpcEngine.java:466) [hadoop-common-3.3.1.jar:?]
	at org.apache.hadoop.ipc.ProtobufRpcEngine2$Server$ProtoBufRpcInvoker.call(ProtobufRpcEngine2.java:574) [hadoop-common-3.3.1.jar:?]
	at org.apache.hadoop.ipc.ProtobufRpcEngine2$Server$ProtoBufRpcInvoker.call(ProtobufRpcEngine2.java:552) [hadoop-common-3.3.1.jar:?]
	at org.apache.hadoop.ipc.RPC$Server.call(RPC.java:1093) [hadoop-common-3.3.1.jar:?]
	at org.apache.hadoop.ipc.Server$RpcCall.run(Server.java:1035) [hadoop-common-3.3.1.jar:?]
	at org.apache.hadoop.ipc.Server$RpcCall.run(Server.java:963) [hadoop-common-3.3.1.jar:?]
	at java.security.AccessController.doPrivileged(Native Method) ~[?:1.8.0_332]
	at javax.security.auth.Subject.doAs(Subject.java:422) [?:1.8.0_332]
	at org.apache.hadoop.security.UserGroupInformation.doAs(UserGroupInformation.java:1878) [hadoop-common-3.3.1.jar:?]
	at org.apache.hadoop.ipc.Server$Handler.run(Server.java:2966) [hadoop-common-3.3.1.jar:?]
2022-08-03 01:57:34,626 [Time-limited test] INFO  fs.TrashPolicyDefault (TrashPolicyDefault.java:moveToTrash(188)) - Moved: '/testKey2' to trash at: /.Trash/runner/Current/testKey2
2022-08-03 01:57:35,204 [22db1ff9-6c75-46ad-94f4-4b7daa3676c7@group-EB4B5171D205-FollowerState] INFO  impl.FollowerState (FollowerState.java:run(143)) - 22db1ff9-6c75-46ad-94f4-4b7daa3676c7@group-EB4B5171D205-FollowerState: change to CANDIDATE, lastRpcElapsedTime:5180522380ns, electionTimeout:5175ms
2022-08-03 01:57:35,205 [22db1ff9-6c75-46ad-94f4-4b7daa3676c7@group-EB4B5171D205-FollowerState] INFO  impl.RoleInfo (RoleInfo.java:shutdownFollowerState(110)) - 22db1ff9-6c75-46ad-94f4-4b7daa3676c7: shutdown 22db1ff9-6c75-46ad-94f4-4b7daa3676c7@group-EB4B5171D205-FollowerState
2022-08-03 01:57:35,205 [22db1ff9-6c75-46ad-94f4-4b7daa3676c7@group-EB4B5171D205-FollowerState] INFO  server.RaftServer$Division (RaftServerImpl.java:setRole(299)) - 22db1ff9-6c75-46ad-94f4-4b7daa3676c7@group-EB4B5171D205: changes role from  FOLLOWER to CANDIDATE at term 0 for changeToCandidate
2022-08-03 01:57:35,205 [22db1ff9-6c75-46ad-94f4-4b7daa3676c7@group-EB4B5171D205-FollowerState] INFO  server.RaftServerConfigKeys (ConfUtils.java:logGet(46)) - raft.server.leaderelection.pre-vote = false (custom)
2022-08-03 01:57:35,205 [22db1ff9-6c75-46ad-94f4-4b7daa3676c7@group-EB4B5171D205-FollowerState] INFO  impl.RoleInfo (RoleInfo.java:updateAndGet(139)) - 22db1ff9-6c75-46ad-94f4-4b7daa3676c7: start 22db1ff9-6c75-46ad-94f4-4b7daa3676c7@group-EB4B5171D205-LeaderElection37
2022-08-03 01:57:35,239 [22db1ff9-6c75-46ad-94f4-4b7daa3676c7@group-EB4B5171D205-LeaderElection37] INFO  impl.LeaderElection (LeaderElection.java:askForVotes(310)) - 22db1ff9-6c75-46ad-94f4-4b7daa3676c7@group-EB4B5171D205-LeaderElection37 ELECTION round 0: submit vote requests at term 1 for -1: [22db1ff9-6c75-46ad-94f4-4b7daa3676c7|rpc:10.1.0.23:36977|priority:1], old=null
2022-08-03 01:57:35,239 [22db1ff9-6c75-46ad-94f4-4b7daa3676c7@group-EB4B5171D205-LeaderElection37] INFO  impl.LeaderElection (LeaderElection.java:askForVotes(312)) - 22db1ff9-6c75-46ad-94f4-4b7daa3676c7@group-EB4B5171D205-LeaderElection37 ELECTION round 0: result PASSED (term=1)
2022-08-03 01:57:35,239 [22db1ff9-6c75-46ad-94f4-4b7daa3676c7@group-EB4B5171D205-LeaderElection37] INFO  impl.RoleInfo (RoleInfo.java:shutdownLeaderElection(130)) - 22db1ff9-6c75-46ad-94f4-4b7daa3676c7: shutdown 22db1ff9-6c75-46ad-94f4-4b7daa3676c7@group-EB4B5171D205-LeaderElection37
2022-08-03 01:57:35,239 [22db1ff9-6c75-46ad-94f4-4b7daa3676c7@group-EB4B5171D205-LeaderElection37] INFO  server.RaftServer$Division (RaftServerImpl.java:setRole(299)) - 22db1ff9-6c75-46ad-94f4-4b7daa3676c7@group-EB4B5171D205: changes role from CANDIDATE to LEADER at term 1 for changeToLeader
2022-08-03 01:57:35,239 [22db1ff9-6c75-46ad-94f4-4b7daa3676c7@group-EB4B5171D205-LeaderElection37] INFO  ratis.XceiverServerRatis (XceiverServerRatis.java:handleLeaderChangedNotification(863)) - Leader change notification received for group: group-EB4B5171D205 with new leaderId: 22db1ff9-6c75-46ad-94f4-4b7daa3676c7
2022-08-03 01:57:35,239 [22db1ff9-6c75-46ad-94f4-4b7daa3676c7@group-EB4B5171D205-LeaderElection37] INFO  server.RaftServer$Division (ServerState.java:setLeader(287)) - 22db1ff9-6c75-46ad-94f4-4b7daa3676c7@group-EB4B5171D205: change Leader from null to 22db1ff9-6c75-46ad-94f4-4b7daa3676c7 at term 1 for becomeLeader, leader elected after 5249ms
2022-08-03 01:57:35,239 [22db1ff9-6c75-46ad-94f4-4b7daa3676c7@group-EB4B5171D205-LeaderElection37] INFO  server.RaftServerConfigKeys (ConfUtils.java:logGet(46)) - raft.server.staging.catchup.gap = 1000 (default)
2022-08-03 01:57:35,240 [22db1ff9-6c75-46ad-94f4-4b7daa3676c7@group-EB4B5171D205-LeaderElection37] INFO  server.RaftServerConfigKeys (ConfUtils.java:logGet(46)) - raft.server.write.element-limit = 1024 (custom)
2022-08-03 01:57:35,240 [22db1ff9-6c75-46ad-94f4-4b7daa3676c7@group-EB4B5171D205-LeaderElection37] INFO  server.RaftServerConfigKeys (ConfUtils.java:logGet(46)) - raft.server.write.byte-limit = 1024 M (=1073741824) (custom)
2022-08-03 01:57:35,240 [22db1ff9-6c75-46ad-94f4-4b7daa3676c7@group-EB4B5171D205-LeaderElection37] INFO  server.RaftServerConfigKeys (ConfUtils.java:logGet(46)) - raft.server.watch.timeout = 180s (custom)
2022-08-03 01:57:35,240 [22db1ff9-6c75-46ad-94f4-4b7daa3676c7@group-EB4B5171D205-LeaderElection37] INFO  server.RaftServerConfigKeys (ConfUtils.java:logGet(46)) - raft.server.watch.timeout.denomination = 1s (default)
2022-08-03 01:57:35,240 [22db1ff9-6c75-46ad-94f4-4b7daa3676c7@group-EB4B5171D205-LeaderElection37] INFO  server.RaftServerConfigKeys (ConfUtils.java:logGet(46)) - raft.server.watch.element-limit = 65536 (default)
2022-08-03 01:57:35,240 [22db1ff9-6c75-46ad-94f4-4b7daa3676c7@group-EB4B5171D205-LeaderElection37] INFO  server.RaftServerConfigKeys (ConfUtils.java:logGet(46)) - raft.server.write.element-limit = 1024 (custom)
2022-08-03 01:57:35,240 [22db1ff9-6c75-46ad-94f4-4b7daa3676c7@group-EB4B5171D205-LeaderElection37] INFO  server.RaftServerConfigKeys (ConfUtils.java:logGet(46)) - raft.server.write.follower.gap.ratio.max = -1.0 (default)
2022-08-03 01:57:35,240 [22db1ff9-6c75-46ad-94f4-4b7daa3676c7@group-EB4B5171D205-LeaderElection37] INFO  impl.RoleInfo (RoleInfo.java:updateAndGet(139)) - 22db1ff9-6c75-46ad-94f4-4b7daa3676c7: start 22db1ff9-6c75-46ad-94f4-4b7daa3676c7@group-EB4B5171D205-LeaderStateImpl
2022-08-03 01:57:35,241 [22db1ff9-6c75-46ad-94f4-4b7daa3676c7@group-EB4B5171D205-LeaderElection37] INFO  segmented.SegmentedRaftLogWorker (SegmentedRaftLogWorker.java:startLogSegment(425)) - 22db1ff9-6c75-46ad-94f4-4b7daa3676c7@group-EB4B5171D205-SegmentedRaftLogWorker: Starting segment from index:0
2022-08-03 01:57:35,244 [22db1ff9-6c75-46ad-94f4-4b7daa3676c7@group-EB4B5171D205-SegmentedRaftLogWorker] INFO  segmented.SegmentedRaftLogWorker (SegmentedRaftLogWorker.java:execute(629)) - 22db1ff9-6c75-46ad-94f4-4b7daa3676c7@group-EB4B5171D205-SegmentedRaftLogWorker: created new log segment /home/runner/work/ozone/ozone/hadoop-ozone/integration-test/target/test-dir/MiniOzoneClusterImpl-4c229dde-e64f-42f3-a5ee-349c50f14821/datanode-4/data/ratis/350b24c6-7b20-4dbf-9504-eb4b5171d205/current/log_inprogress_0
2022-08-03 01:57:35,250 [22db1ff9-6c75-46ad-94f4-4b7daa3676c7@group-EB4B5171D205-LeaderElection37] INFO  server.RaftServer$Division (ServerState.java:setRaftConf(393)) - 22db1ff9-6c75-46ad-94f4-4b7daa3676c7@group-EB4B5171D205: set configuration 0: [22db1ff9-6c75-46ad-94f4-4b7daa3676c7|rpc:10.1.0.23:36977|dataStream:|priority:1], old=null
2022-08-03 01:57:35,664 [5b5f8b8b-8220-4f48-a75a-691d0ac2ee29@group-BD8D8EA9F3C7-FollowerState] INFO  impl.FollowerState (FollowerState.java:run(143)) - 5b5f8b8b-8220-4f48-a75a-691d0ac2ee29@group-BD8D8EA9F3C7-FollowerState: change to CANDIDATE, lastRpcElapsedTime:5052766501ns, electionTimeout:5051ms
2022-08-03 01:57:35,665 [5b5f8b8b-8220-4f48-a75a-691d0ac2ee29@group-BD8D8EA9F3C7-FollowerState] INFO  impl.RoleInfo (RoleInfo.java:shutdownFollowerState(110)) - 5b5f8b8b-8220-4f48-a75a-691d0ac2ee29: shutdown 5b5f8b8b-8220-4f48-a75a-691d0ac2ee29@group-BD8D8EA9F3C7-FollowerState
2022-08-03 01:57:35,665 [5b5f8b8b-8220-4f48-a75a-691d0ac2ee29@group-BD8D8EA9F3C7-FollowerState] INFO  server.RaftServer$Division (RaftServerImpl.java:setRole(299)) - 5b5f8b8b-8220-4f48-a75a-691d0ac2ee29@group-BD8D8EA9F3C7: changes role from  FOLLOWER to CANDIDATE at term 1 for changeToCandidate
2022-08-03 01:57:35,665 [5b5f8b8b-8220-4f48-a75a-691d0ac2ee29@group-BD8D8EA9F3C7-FollowerState] INFO  server.RaftServerConfigKeys (ConfUtils.java:logGet(46)) - raft.server.leaderelection.pre-vote = false (custom)
2022-08-03 01:57:35,665 [5b5f8b8b-8220-4f48-a75a-691d0ac2ee29@group-BD8D8EA9F3C7-FollowerState] INFO  impl.RoleInfo (RoleInfo.java:updateAndGet(139)) - 5b5f8b8b-8220-4f48-a75a-691d0ac2ee29: start 5b5f8b8b-8220-4f48-a75a-691d0ac2ee29@group-BD8D8EA9F3C7-LeaderElection38
2022-08-03 01:57:35,672 [5b5f8b8b-8220-4f48-a75a-691d0ac2ee29@group-BD8D8EA9F3C7-LeaderElection38] INFO  impl.LeaderElection (LeaderElection.java:askForVotes(310)) - 5b5f8b8b-8220-4f48-a75a-691d0ac2ee29@group-BD8D8EA9F3C7-LeaderElection38 ELECTION round 0: submit vote requests at term 2 for -1: [49c4bd74-e934-49fb-9588-8a6634b350da|rpc:10.1.0.23:44111|dataStream:|priority:0, a4799b55-2371-4bfe-9a20-b87f9c8dba04|rpc:10.1.0.23:40755|dataStream:|priority:0, 5b5f8b8b-8220-4f48-a75a-691d0ac2ee29|rpc:10.1.0.23:38439|dataStream:|priority:1], old=null
2022-08-03 01:57:35,700 [a4799b55-2371-4bfe-9a20-b87f9c8dba04@group-BD8D8EA9F3C7-FollowerState] INFO  impl.FollowerState (FollowerState.java:run(143)) - a4799b55-2371-4bfe-9a20-b87f9c8dba04@group-BD8D8EA9F3C7-FollowerState: change to CANDIDATE, lastRpcElapsedTime:5112480629ns, electionTimeout:5096ms
2022-08-03 01:57:35,700 [a4799b55-2371-4bfe-9a20-b87f9c8dba04@group-BD8D8EA9F3C7-FollowerState] INFO  impl.RoleInfo (RoleInfo.java:shutdownFollowerState(110)) - a4799b55-2371-4bfe-9a20-b87f9c8dba04: shutdown a4799b55-2371-4bfe-9a20-b87f9c8dba04@group-BD8D8EA9F3C7-FollowerState
2022-08-03 01:57:35,700 [a4799b55-2371-4bfe-9a20-b87f9c8dba04@group-BD8D8EA9F3C7-FollowerState] INFO  server.RaftServer$Division (RaftServerImpl.java:setRole(299)) - a4799b55-2371-4bfe-9a20-b87f9c8dba04@group-BD8D8EA9F3C7: changes role from  FOLLOWER to CANDIDATE at term 1 for changeToCandidate
2022-08-03 01:57:35,701 [a4799b55-2371-4bfe-9a20-b87f9c8dba04@group-BD8D8EA9F3C7-FollowerState] INFO  server.RaftServerConfigKeys (ConfUtils.java:logGet(46)) - raft.server.leaderelection.pre-vote = false (custom)
2022-08-03 01:57:35,701 [a4799b55-2371-4bfe-9a20-b87f9c8dba04@group-BD8D8EA9F3C7-FollowerState] INFO  impl.RoleInfo (RoleInfo.java:updateAndGet(139)) - a4799b55-2371-4bfe-9a20-b87f9c8dba04: start a4799b55-2371-4bfe-9a20-b87f9c8dba04@group-BD8D8EA9F3C7-LeaderElection39
2022-08-03 01:57:35,724 [a4799b55-2371-4bfe-9a20-b87f9c8dba04@group-BD8D8EA9F3C7-LeaderElection39] INFO  impl.LeaderElection (LeaderElection.java:askForVotes(310)) - a4799b55-2371-4bfe-9a20-b87f9c8dba04@group-BD8D8EA9F3C7-LeaderElection39 ELECTION round 0: submit vote requests at term 2 for -1: [49c4bd74-e934-49fb-9588-8a6634b350da|rpc:10.1.0.23:44111|dataStream:|priority:0, a4799b55-2371-4bfe-9a20-b87f9c8dba04|rpc:10.1.0.23:40755|dataStream:|priority:0, 5b5f8b8b-8220-4f48-a75a-691d0ac2ee29|rpc:10.1.0.23:38439|dataStream:|priority:1], old=null
2022-08-03 01:57:35,741 [grpc-default-executor-0] INFO  server.RaftServer$Division (RaftServerImpl.java:requestVote(1152)) - a4799b55-2371-4bfe-9a20-b87f9c8dba04@group-BD8D8EA9F3C7: receive requestVote(ELECTION, 5b5f8b8b-8220-4f48-a75a-691d0ac2ee29, group-BD8D8EA9F3C7, 2, (t:0, i:0))
2022-08-03 01:57:35,741 [grpc-default-executor-0] INFO  impl.VoteContext (VoteContext.java:log(48)) - a4799b55-2371-4bfe-9a20-b87f9c8dba04@group-BD8D8EA9F3C7-CANDIDATE: reject ELECTION from 5b5f8b8b-8220-4f48-a75a-691d0ac2ee29: already has voted for a4799b55-2371-4bfe-9a20-b87f9c8dba04 at current term 2
2022-08-03 01:57:35,741 [grpc-default-executor-0] INFO  server.RaftServer$Division (RaftServerImpl.java:requestVote(1184)) - a4799b55-2371-4bfe-9a20-b87f9c8dba04@group-BD8D8EA9F3C7 replies to ELECTION vote request: 5b5f8b8b-8220-4f48-a75a-691d0ac2ee29<-a4799b55-2371-4bfe-9a20-b87f9c8dba04#0:FAIL-t2. Peer's state: a4799b55-2371-4bfe-9a20-b87f9c8dba04@group-BD8D8EA9F3C7:t2, leader=null, voted=a4799b55-2371-4bfe-9a20-b87f9c8dba04, raftlog=a4799b55-2371-4bfe-9a20-b87f9c8dba04@group-BD8D8EA9F3C7-SegmentedRaftLog:OPENED:c-1, conf=-1: [49c4bd74-e934-49fb-9588-8a6634b350da|rpc:10.1.0.23:44111|dataStream:|priority:0, a4799b55-2371-4bfe-9a20-b87f9c8dba04|rpc:10.1.0.23:40755|dataStream:|priority:0, 5b5f8b8b-8220-4f48-a75a-691d0ac2ee29|rpc:10.1.0.23:38439|dataStream:|priority:1], old=null
2022-08-03 01:57:35,741 [grpc-default-executor-1] INFO  server.RaftServer$Division (RaftServerImpl.java:requestVote(1152)) - 49c4bd74-e934-49fb-9588-8a6634b350da@group-BD8D8EA9F3C7: receive requestVote(ELECTION, 5b5f8b8b-8220-4f48-a75a-691d0ac2ee29, group-BD8D8EA9F3C7, 2, (t:0, i:0))
2022-08-03 01:57:35,742 [grpc-default-executor-1] INFO  impl.VoteContext (VoteContext.java:log(48)) - 49c4bd74-e934-49fb-9588-8a6634b350da@group-BD8D8EA9F3C7-FOLLOWER: accept ELECTION from 5b5f8b8b-8220-4f48-a75a-691d0ac2ee29: our priority 0 <= candidate's priority 1
2022-08-03 01:57:35,742 [grpc-default-executor-1] INFO  server.RaftServer$Division (RaftServerImpl.java:setRole(299)) - 49c4bd74-e934-49fb-9588-8a6634b350da@group-BD8D8EA9F3C7: changes role from  FOLLOWER to FOLLOWER at term 2 for candidate:5b5f8b8b-8220-4f48-a75a-691d0ac2ee29
2022-08-03 01:57:35,742 [grpc-default-executor-1] INFO  impl.RoleInfo (RoleInfo.java:shutdownFollowerState(110)) - 49c4bd74-e934-49fb-9588-8a6634b350da: shutdown 49c4bd74-e934-49fb-9588-8a6634b350da@group-BD8D8EA9F3C7-FollowerState
2022-08-03 01:57:35,742 [grpc-default-executor-1] INFO  impl.RoleInfo (RoleInfo.java:updateAndGet(139)) - 49c4bd74-e934-49fb-9588-8a6634b350da: start 49c4bd74-e934-49fb-9588-8a6634b350da@group-BD8D8EA9F3C7-FollowerState
2022-08-03 01:57:35,743 [grpc-default-executor-2] INFO  server.RaftServer$Division (RaftServerImpl.java:requestVote(1152)) - 5b5f8b8b-8220-4f48-a75a-691d0ac2ee29@group-BD8D8EA9F3C7: receive requestVote(ELECTION, a4799b55-2371-4bfe-9a20-b87f9c8dba04, group-BD8D8EA9F3C7, 2, (t:0, i:0))
2022-08-03 01:57:35,743 [grpc-default-executor-2] INFO  impl.VoteContext (VoteContext.java:log(48)) - 5b5f8b8b-8220-4f48-a75a-691d0ac2ee29@group-BD8D8EA9F3C7-CANDIDATE: reject ELECTION from a4799b55-2371-4bfe-9a20-b87f9c8dba04: already has voted for 5b5f8b8b-8220-4f48-a75a-691d0ac2ee29 at current term 2
2022-08-03 01:57:35,744 [grpc-default-executor-2] INFO  server.RaftServer$Division (RaftServerImpl.java:requestVote(1184)) - 5b5f8b8b-8220-4f48-a75a-691d0ac2ee29@group-BD8D8EA9F3C7 replies to ELECTION vote request: a4799b55-2371-4bfe-9a20-b87f9c8dba04<-5b5f8b8b-8220-4f48-a75a-691d0ac2ee29#0:FAIL-t2. Peer's state: 5b5f8b8b-8220-4f48-a75a-691d0ac2ee29@group-BD8D8EA9F3C7:t2, leader=null, voted=5b5f8b8b-8220-4f48-a75a-691d0ac2ee29, raftlog=5b5f8b8b-8220-4f48-a75a-691d0ac2ee29@group-BD8D8EA9F3C7-SegmentedRaftLog:OPENED:c-1, conf=-1: [49c4bd74-e934-49fb-9588-8a6634b350da|rpc:10.1.0.23:44111|dataStream:|priority:0, a4799b55-2371-4bfe-9a20-b87f9c8dba04|rpc:10.1.0.23:40755|dataStream:|priority:0, 5b5f8b8b-8220-4f48-a75a-691d0ac2ee29|rpc:10.1.0.23:38439|dataStream:|priority:1], old=null
2022-08-03 01:57:35,748 [49c4bd74-e934-49fb-9588-8a6634b350da@group-BD8D8EA9F3C7-FollowerState] INFO  impl.FollowerState (FollowerState.java:run(152)) - 49c4bd74-e934-49fb-9588-8a6634b350da@group-BD8D8EA9F3C7-FollowerState was interrupted
2022-08-03 01:57:35,767 [grpc-default-executor-0] INFO  server.RaftServer$Division (RaftServerImpl.java:requestVote(1152)) - 49c4bd74-e934-49fb-9588-8a6634b350da@group-BD8D8EA9F3C7: receive requestVote(ELECTION, a4799b55-2371-4bfe-9a20-b87f9c8dba04, group-BD8D8EA9F3C7, 2, (t:0, i:0))
2022-08-03 01:57:35,767 [grpc-default-executor-1] INFO  server.RaftServer$Division (RaftServerImpl.java:requestVote(1184)) - 49c4bd74-e934-49fb-9588-8a6634b350da@group-BD8D8EA9F3C7 replies to ELECTION vote request: 5b5f8b8b-8220-4f48-a75a-691d0ac2ee29<-49c4bd74-e934-49fb-9588-8a6634b350da#0:OK-t2. Peer's state: 49c4bd74-e934-49fb-9588-8a6634b350da@group-BD8D8EA9F3C7:t2, leader=null, voted=5b5f8b8b-8220-4f48-a75a-691d0ac2ee29, raftlog=49c4bd74-e934-49fb-9588-8a6634b350da@group-BD8D8EA9F3C7-SegmentedRaftLog:OPENED:c-1, conf=-1: [49c4bd74-e934-49fb-9588-8a6634b350da|rpc:10.1.0.23:44111|priority:0, a4799b55-2371-4bfe-9a20-b87f9c8dba04|rpc:10.1.0.23:40755|priority:0, 5b5f8b8b-8220-4f48-a75a-691d0ac2ee29|rpc:10.1.0.23:38439|priority:1], old=null
2022-08-03 01:57:35,768 [grpc-default-executor-0] INFO  impl.VoteContext (VoteContext.java:log(48)) - 49c4bd74-e934-49fb-9588-8a6634b350da@group-BD8D8EA9F3C7-FOLLOWER: reject ELECTION from a4799b55-2371-4bfe-9a20-b87f9c8dba04: already has voted for 5b5f8b8b-8220-4f48-a75a-691d0ac2ee29 at current term 2
2022-08-03 01:57:35,768 [grpc-default-executor-0] INFO  server.RaftServer$Division (RaftServerImpl.java:requestVote(1184)) - 49c4bd74-e934-49fb-9588-8a6634b350da@group-BD8D8EA9F3C7 replies to ELECTION vote request: a4799b55-2371-4bfe-9a20-b87f9c8dba04<-49c4bd74-e934-49fb-9588-8a6634b350da#0:FAIL-t2. Peer's state: 49c4bd74-e934-49fb-9588-8a6634b350da@group-BD8D8EA9F3C7:t2, leader=null, voted=5b5f8b8b-8220-4f48-a75a-691d0ac2ee29, raftlog=49c4bd74-e934-49fb-9588-8a6634b350da@group-BD8D8EA9F3C7-SegmentedRaftLog:OPENED:c-1, conf=-1: [49c4bd74-e934-49fb-9588-8a6634b350da|rpc:10.1.0.23:44111|priority:0, a4799b55-2371-4bfe-9a20-b87f9c8dba04|rpc:10.1.0.23:40755|priority:0, 5b5f8b8b-8220-4f48-a75a-691d0ac2ee29|rpc:10.1.0.23:38439|priority:1], old=null
2022-08-03 01:57:35,770 [5b5f8b8b-8220-4f48-a75a-691d0ac2ee29@group-BD8D8EA9F3C7-LeaderElection38] INFO  impl.LeaderElection (LeaderElection.java:logAndReturn(90)) - 5b5f8b8b-8220-4f48-a75a-691d0ac2ee29@group-BD8D8EA9F3C7-LeaderElection38: ELECTION PASSED received 2 response(s) and 0 exception(s):
2022-08-03 01:57:35,770 [5b5f8b8b-8220-4f48-a75a-691d0ac2ee29@group-BD8D8EA9F3C7-LeaderElection38] INFO  impl.LeaderElection (LeaderElection.java:logAndReturn(94)) -   Response 0: 5b5f8b8b-8220-4f48-a75a-691d0ac2ee29<-49c4bd74-e934-49fb-9588-8a6634b350da#0:OK-t2
2022-08-03 01:57:35,770 [5b5f8b8b-8220-4f48-a75a-691d0ac2ee29@group-BD8D8EA9F3C7-LeaderElection38] INFO  impl.LeaderElection (LeaderElection.java:logAndReturn(94)) -   Response 1: 5b5f8b8b-8220-4f48-a75a-691d0ac2ee29<-a4799b55-2371-4bfe-9a20-b87f9c8dba04#0:FAIL-t2
2022-08-03 01:57:35,770 [5b5f8b8b-8220-4f48-a75a-691d0ac2ee29@group-BD8D8EA9F3C7-LeaderElection38] INFO  impl.LeaderElection (LeaderElection.java:askForVotes(312)) - 5b5f8b8b-8220-4f48-a75a-691d0ac2ee29@group-BD8D8EA9F3C7-LeaderElection38 ELECTION round 0: result PASSED
2022-08-03 01:57:35,770 [5b5f8b8b-8220-4f48-a75a-691d0ac2ee29@group-BD8D8EA9F3C7-LeaderElection38] INFO  impl.RoleInfo (RoleInfo.java:shutdownLeaderElection(130)) - 5b5f8b8b-8220-4f48-a75a-691d0ac2ee29: shutdown 5b5f8b8b-8220-4f48-a75a-691d0ac2ee29@group-BD8D8EA9F3C7-LeaderElection38
2022-08-03 01:57:35,784 [a4799b55-2371-4bfe-9a20-b87f9c8dba04@group-BD8D8EA9F3C7-LeaderElection39] INFO  impl.LeaderElection (LeaderElection.java:logAndReturn(90)) - a4799b55-2371-4bfe-9a20-b87f9c8dba04@group-BD8D8EA9F3C7-LeaderElection39: ELECTION REJECTED received 1 response(s) and 0 exception(s):
2022-08-03 01:57:35,784 [a4799b55-2371-4bfe-9a20-b87f9c8dba04@group-BD8D8EA9F3C7-LeaderElection39] INFO  impl.LeaderElection (LeaderElection.java:logAndReturn(94)) -   Response 0: a4799b55-2371-4bfe-9a20-b87f9c8dba04<-5b5f8b8b-8220-4f48-a75a-691d0ac2ee29#0:FAIL-t2
2022-08-03 01:57:35,784 [a4799b55-2371-4bfe-9a20-b87f9c8dba04@group-BD8D8EA9F3C7-LeaderElection39] INFO  impl.LeaderElection (LeaderElection.java:askForVotes(312)) - a4799b55-2371-4bfe-9a20-b87f9c8dba04@group-BD8D8EA9F3C7-LeaderElection39 ELECTION round 0: result REJECTED
2022-08-03 01:57:35,784 [a4799b55-2371-4bfe-9a20-b87f9c8dba04@group-BD8D8EA9F3C7-LeaderElection39] INFO  server.RaftServer$Division (RaftServerImpl.java:setRole(299)) - a4799b55-2371-4bfe-9a20-b87f9c8dba04@group-BD8D8EA9F3C7: changes role from CANDIDATE to FOLLOWER at term 2 for REJECTED
2022-08-03 01:57:35,785 [a4799b55-2371-4bfe-9a20-b87f9c8dba04@group-BD8D8EA9F3C7-LeaderElection39] INFO  impl.RoleInfo (RoleInfo.java:shutdownLeaderElection(130)) - a4799b55-2371-4bfe-9a20-b87f9c8dba04: shutdown a4799b55-2371-4bfe-9a20-b87f9c8dba04@group-BD8D8EA9F3C7-LeaderElection39
2022-08-03 01:57:35,785 [a4799b55-2371-4bfe-9a20-b87f9c8dba04@group-BD8D8EA9F3C7-LeaderElection39] INFO  impl.RoleInfo (RoleInfo.java:updateAndGet(139)) - a4799b55-2371-4bfe-9a20-b87f9c8dba04: start a4799b55-2371-4bfe-9a20-b87f9c8dba04@group-BD8D8EA9F3C7-FollowerState
2022-08-03 01:57:35,788 [5b5f8b8b-8220-4f48-a75a-691d0ac2ee29@group-BD8D8EA9F3C7-LeaderElection38] INFO  server.RaftServer$Division (RaftServerImpl.java:setRole(299)) - 5b5f8b8b-8220-4f48-a75a-691d0ac2ee29@group-BD8D8EA9F3C7: changes role from CANDIDATE to LEADER at term 2 for changeToLeader
2022-08-03 01:57:35,789 [5b5f8b8b-8220-4f48-a75a-691d0ac2ee29@group-BD8D8EA9F3C7-LeaderElection38] INFO  ratis.XceiverServerRatis (XceiverServerRatis.java:handleLeaderChangedNotification(863)) - Leader change notification received for group: group-BD8D8EA9F3C7 with new leaderId: 5b5f8b8b-8220-4f48-a75a-691d0ac2ee29
2022-08-03 01:57:35,789 [5b5f8b8b-8220-4f48-a75a-691d0ac2ee29@group-BD8D8EA9F3C7-LeaderElection38] INFO  server.RaftServer$Division (ServerState.java:setLeader(287)) - 5b5f8b8b-8220-4f48-a75a-691d0ac2ee29@group-BD8D8EA9F3C7: change Leader from null to 5b5f8b8b-8220-4f48-a75a-691d0ac2ee29 at term 2 for becomeLeader, leader elected after 10312ms
2022-08-03 01:57:35,789 [5b5f8b8b-8220-4f48-a75a-691d0ac2ee29@group-BD8D8EA9F3C7-LeaderElection38] INFO  server.RaftServerConfigKeys (ConfUtils.java:logGet(46)) - raft.server.staging.catchup.gap = 1000 (default)
2022-08-03 01:57:35,789 [5b5f8b8b-8220-4f48-a75a-691d0ac2ee29@group-BD8D8EA9F3C7-LeaderElection38] INFO  server.RaftServerConfigKeys (ConfUtils.java:logGet(46)) - raft.server.write.element-limit = 1024 (custom)
2022-08-03 01:57:35,789 [5b5f8b8b-8220-4f48-a75a-691d0ac2ee29@group-BD8D8EA9F3C7-LeaderElection38] INFO  server.RaftServerConfigKeys (ConfUtils.java:logGet(46)) - raft.server.write.byte-limit = 1024 M (=1073741824) (custom)
2022-08-03 01:57:35,789 [5b5f8b8b-8220-4f48-a75a-691d0ac2ee29@group-BD8D8EA9F3C7-LeaderElection38] INFO  server.RaftServerConfigKeys (ConfUtils.java:logGet(46)) - raft.server.watch.timeout = 180s (custom)
2022-08-03 01:57:35,790 [5b5f8b8b-8220-4f48-a75a-691d0ac2ee29@group-BD8D8EA9F3C7-LeaderElection38] INFO  server.RaftServerConfigKeys (ConfUtils.java:logGet(46)) - raft.server.watch.timeout.denomination = 1s (default)
2022-08-03 01:57:35,790 [5b5f8b8b-8220-4f48-a75a-691d0ac2ee29@group-BD8D8EA9F3C7-LeaderElection38] INFO  server.RaftServerConfigKeys (ConfUtils.java:logGet(46)) - raft.server.watch.element-limit = 65536 (default)
2022-08-03 01:57:35,790 [5b5f8b8b-8220-4f48-a75a-691d0ac2ee29@group-BD8D8EA9F3C7-LeaderElection38] INFO  server.RaftServerConfigKeys (ConfUtils.java:logGet(46)) - raft.server.write.element-limit = 1024 (custom)
2022-08-03 01:57:35,790 [5b5f8b8b-8220-4f48-a75a-691d0ac2ee29@group-BD8D8EA9F3C7-LeaderElection38] INFO  server.RaftServerConfigKeys (ConfUtils.java:logGet(46)) - raft.server.write.follower.gap.ratio.max = -1.0 (default)
2022-08-03 01:57:35,790 [5b5f8b8b-8220-4f48-a75a-691d0ac2ee29@group-BD8D8EA9F3C7-LeaderElection38] INFO  server.RaftServerConfigKeys (ConfUtils.java:logGet(46)) - raft.server.log.appender.snapshot.chunk.size.max = 16MB (=16777216) (default)
2022-08-03 01:57:35,790 [5b5f8b8b-8220-4f48-a75a-691d0ac2ee29@group-BD8D8EA9F3C7-LeaderElection38] INFO  server.RaftServerConfigKeys (ConfUtils.java:logGet(46)) - raft.server.log.appender.buffer.byte-limit = 33554432 (custom)
2022-08-03 01:57:35,791 [5b5f8b8b-8220-4f48-a75a-691d0ac2ee29@group-BD8D8EA9F3C7-LeaderElection38] INFO  server.RaftServerConfigKeys (ConfUtils.java:logGet(46)) - raft.server.log.appender.buffer.element-limit = 1 (custom)
2022-08-03 01:57:35,791 [5b5f8b8b-8220-4f48-a75a-691d0ac2ee29@group-BD8D8EA9F3C7-LeaderElection38] INFO  grpc.GrpcConfigKeys (ConfUtils.java:logGet(46)) - raft.grpc.server.leader.outstanding.appends.max = 128 (default)
2022-08-03 01:57:35,791 [5b5f8b8b-8220-4f48-a75a-691d0ac2ee29@group-BD8D8EA9F3C7-LeaderElection38] INFO  server.RaftServerConfigKeys (ConfUtils.java:logGet(46)) - raft.server.rpc.request.timeout = 60s (custom)
2022-08-03 01:57:35,791 [5b5f8b8b-8220-4f48-a75a-691d0ac2ee29@group-BD8D8EA9F3C7-LeaderElection38] INFO  server.RaftServerConfigKeys (ConfUtils.java:logGet(46)) - raft.server.log.appender.install.snapshot.enabled = false (custom)
2022-08-03 01:57:35,793 [EventQueue-PipelineReportForPipelineReportHandler] INFO  pipeline.PipelineManagerImpl (PipelineManagerImpl.java:openPipeline(367)) - Pipeline Pipeline[ Id: 41d892b9-e4a2-4f70-85c0-bd8d8ea9f3c7, Nodes: a4799b55-2371-4bfe-9a20-b87f9c8dba04{ip: 10.1.0.23, host: fv-az199-929.piossgaoozdutex3tpy4bgd4ka.dx.internal.cloudapp.net, ports: [REPLICATION=35655, RATIS=40755, RATIS_ADMIN=40755, RATIS_SERVER=40755, STANDALONE=34451], networkLocation: /default-rack, certSerialId: null, persistedOpState: IN_SERVICE, persistedOpStateExpiryEpochSec: 0}5b5f8b8b-8220-4f48-a75a-691d0ac2ee29{ip: 10.1.0.23, host: fv-az199-929.piossgaoozdutex3tpy4bgd4ka.dx.internal.cloudapp.net, ports: [REPLICATION=46813, RATIS=38439, RATIS_ADMIN=38439, RATIS_SERVER=38439, STANDALONE=33653], networkLocation: /default-rack, certSerialId: null, persistedOpState: IN_SERVICE, persistedOpStateExpiryEpochSec: 0}49c4bd74-e934-49fb-9588-8a6634b350da{ip: 10.1.0.23, host: fv-az199-929.piossgaoozdutex3tpy4bgd4ka.dx.internal.cloudapp.net, ports: [REPLICATION=39411, RATIS=44111, RATIS_ADMIN=44111, RATIS_SERVER=44111, STANDALONE=42317], networkLocation: /default-rack, certSerialId: null, persistedOpState: IN_SERVICE, persistedOpStateExpiryEpochSec: 0}, ReplicationConfig: RATIS/THREE, State:ALLOCATED, leaderId:5b5f8b8b-8220-4f48-a75a-691d0ac2ee29, CreationTimestamp2022-08-03T01:57:24.587Z[Etc/UTC]] moved to OPEN state
2022-08-03 01:57:35,794 [5b5f8b8b-8220-4f48-a75a-691d0ac2ee29@group-BD8D8EA9F3C7-LeaderElection38] INFO  server.RaftServerConfigKeys (ConfUtils.java:logGet(46)) - raft.server.log.appender.snapshot.chunk.size.max = 16MB (=16777216) (default)
2022-08-03 01:57:35,794 [5b5f8b8b-8220-4f48-a75a-691d0ac2ee29@group-BD8D8EA9F3C7-LeaderElection38] INFO  server.RaftServerConfigKeys (ConfUtils.java:logGet(46)) - raft.server.log.appender.buffer.byte-limit = 33554432 (custom)
2022-08-03 01:57:35,794 [5b5f8b8b-8220-4f48-a75a-691d0ac2ee29@group-BD8D8EA9F3C7-LeaderElection38] INFO  server.RaftServerConfigKeys (ConfUtils.java:logGet(46)) - raft.server.log.appender.buffer.element-limit = 1 (custom)
2022-08-03 01:57:35,794 [5b5f8b8b-8220-4f48-a75a-691d0ac2ee29@group-BD8D8EA9F3C7-LeaderElection38] INFO  grpc.GrpcConfigKeys (ConfUtils.java:logGet(46)) - raft.grpc.server.leader.outstanding.appends.max = 128 (default)
2022-08-03 01:57:35,794 [5b5f8b8b-8220-4f48-a75a-691d0ac2ee29@group-BD8D8EA9F3C7-LeaderElection38] INFO  server.RaftServerConfigKeys (ConfUtils.java:logGet(46)) - raft.server.rpc.request.timeout = 60s (custom)
2022-08-03 01:57:35,795 [5b5f8b8b-8220-4f48-a75a-691d0ac2ee29@group-BD8D8EA9F3C7-LeaderElection38] INFO  server.RaftServerConfigKeys (ConfUtils.java:logGet(46)) - raft.server.log.appender.install.snapshot.enabled = false (custom)
2022-08-03 01:57:35,795 [5b5f8b8b-8220-4f48-a75a-691d0ac2ee29@group-BD8D8EA9F3C7-LeaderElection38] INFO  impl.RoleInfo (RoleInfo.java:updateAndGet(139)) - 5b5f8b8b-8220-4f48-a75a-691d0ac2ee29: start 5b5f8b8b-8220-4f48-a75a-691d0ac2ee29@group-BD8D8EA9F3C7-LeaderStateImpl
2022-08-03 01:57:35,795 [5b5f8b8b-8220-4f48-a75a-691d0ac2ee29@group-BD8D8EA9F3C7-LeaderElection38] INFO  segmented.SegmentedRaftLogWorker (SegmentedRaftLogWorker.java:startLogSegment(425)) - 5b5f8b8b-8220-4f48-a75a-691d0ac2ee29@group-BD8D8EA9F3C7-SegmentedRaftLogWorker: Starting segment from index:0
2022-08-03 01:57:35,799 [5b5f8b8b-8220-4f48-a75a-691d0ac2ee29@group-BD8D8EA9F3C7-SegmentedRaftLogWorker] INFO  segmented.SegmentedRaftLogWorker (SegmentedRaftLogWorker.java:execute(629)) - 5b5f8b8b-8220-4f48-a75a-691d0ac2ee29@group-BD8D8EA9F3C7-SegmentedRaftLogWorker: created new log segment /home/runner/work/ozone/ozone/hadoop-ozone/integration-test/target/test-dir/MiniOzoneClusterImpl-4c229dde-e64f-42f3-a5ee-349c50f14821/datanode-1/data/ratis/41d892b9-e4a2-4f70-85c0-bd8d8ea9f3c7/current/log_inprogress_0
2022-08-03 01:57:35,829 [a4799b55-2371-4bfe-9a20-b87f9c8dba04-server-thread1] INFO  ratis.XceiverServerRatis (XceiverServerRatis.java:handleLeaderChangedNotification(863)) - Leader change notification received for group: group-BD8D8EA9F3C7 with new leaderId: 5b5f8b8b-8220-4f48-a75a-691d0ac2ee29
2022-08-03 01:57:35,829 [a4799b55-2371-4bfe-9a20-b87f9c8dba04-server-thread1] INFO  server.RaftServer$Division (ServerState.java:setLeader(287)) - a4799b55-2371-4bfe-9a20-b87f9c8dba04@group-BD8D8EA9F3C7: change Leader from null to 5b5f8b8b-8220-4f48-a75a-691d0ac2ee29 at term 2 for appendEntries, leader elected after 10446ms
2022-08-03 01:57:35,842 [5b5f8b8b-8220-4f48-a75a-691d0ac2ee29@group-BD8D8EA9F3C7-LeaderElection38] INFO  server.RaftServer$Division (ServerState.java:setRaftConf(393)) - 5b5f8b8b-8220-4f48-a75a-691d0ac2ee29@group-BD8D8EA9F3C7: set configuration 0: [49c4bd74-e934-49fb-9588-8a6634b350da|rpc:10.1.0.23:44111|dataStream:|priority:0, a4799b55-2371-4bfe-9a20-b87f9c8dba04|rpc:10.1.0.23:40755|dataStream:|priority:0, 5b5f8b8b-8220-4f48-a75a-691d0ac2ee29|rpc:10.1.0.23:38439|dataStream:|priority:1], old=null
2022-08-03 01:57:35,887 [a4799b55-2371-4bfe-9a20-b87f9c8dba04-server-thread2] INFO  server.RaftServer$Division (ServerState.java:setRaftConf(393)) - a4799b55-2371-4bfe-9a20-b87f9c8dba04@group-BD8D8EA9F3C7: set configuration 0: [49c4bd74-e934-49fb-9588-8a6634b350da|rpc:10.1.0.23:44111|dataStream:|priority:0, a4799b55-2371-4bfe-9a20-b87f9c8dba04|rpc:10.1.0.23:40755|dataStream:|priority:0, 5b5f8b8b-8220-4f48-a75a-691d0ac2ee29|rpc:10.1.0.23:38439|dataStream:|priority:1], old=null
2022-08-03 01:57:35,888 [a4799b55-2371-4bfe-9a20-b87f9c8dba04-server-thread2] INFO  segmented.SegmentedRaftLogWorker (SegmentedRaftLogWorker.java:startLogSegment(425)) - a4799b55-2371-4bfe-9a20-b87f9c8dba04@group-BD8D8EA9F3C7-SegmentedRaftLogWorker: Starting segment from index:0
2022-08-03 01:57:35,891 [a4799b55-2371-4bfe-9a20-b87f9c8dba04@group-BD8D8EA9F3C7-SegmentedRaftLogWorker] INFO  segmented.SegmentedRaftLogWorker (SegmentedRaftLogWorker.java:execute(629)) - a4799b55-2371-4bfe-9a20-b87f9c8dba04@group-BD8D8EA9F3C7-SegmentedRaftLogWorker: created new log segment /home/runner/work/ozone/ozone/hadoop-ozone/integration-test/target/test-dir/MiniOzoneClusterImpl-4c229dde-e64f-42f3-a5ee-349c50f14821/datanode-2/data/ratis/41d892b9-e4a2-4f70-85c0-bd8d8ea9f3c7/current/log_inprogress_0
2022-08-03 01:57:35,901 [49c4bd74-e934-49fb-9588-8a6634b350da-server-thread1] INFO  ratis.XceiverServerRatis (XceiverServerRatis.java:handleLeaderChangedNotification(863)) - Leader change notification received for group: group-BD8D8EA9F3C7 with new leaderId: 5b5f8b8b-8220-4f48-a75a-691d0ac2ee29
2022-08-03 01:57:35,901 [49c4bd74-e934-49fb-9588-8a6634b350da-server-thread1] INFO  server.RaftServer$Division (ServerState.java:setLeader(287)) - 49c4bd74-e934-49fb-9588-8a6634b350da@group-BD8D8EA9F3C7: change Leader from null to 5b5f8b8b-8220-4f48-a75a-691d0ac2ee29 at term 2 for appendEntries, leader elected after 10668ms
2022-08-03 01:57:35,940 [49c4bd74-e934-49fb-9588-8a6634b350da-server-thread1] INFO  server.RaftServer$Division (ServerState.java:setRaftConf(393)) - 49c4bd74-e934-49fb-9588-8a6634b350da@group-BD8D8EA9F3C7: set configuration 0: [49c4bd74-e934-49fb-9588-8a6634b350da|rpc:10.1.0.23:44111|dataStream:|priority:0, a4799b55-2371-4bfe-9a20-b87f9c8dba04|rpc:10.1.0.23:40755|dataStream:|priority:0, 5b5f8b8b-8220-4f48-a75a-691d0ac2ee29|rpc:10.1.0.23:38439|dataStream:|priority:1], old=null
2022-08-03 01:57:35,940 [49c4bd74-e934-49fb-9588-8a6634b350da-server-thread1] INFO  segmented.SegmentedRaftLogWorker (SegmentedRaftLogWorker.java:startLogSegment(425)) - 49c4bd74-e934-49fb-9588-8a6634b350da@group-BD8D8EA9F3C7-SegmentedRaftLogWorker: Starting segment from index:0
2022-08-03 01:57:35,948 [UnderReplicatedQueueThreadThread] INFO  replication.UnderReplicatedProcessor (UnderReplicatedProcessor.java:processAll(85)) - Processed 0 under replicated containers, failed processing 0
2022-08-03 01:57:35,953 [49c4bd74-e934-49fb-9588-8a6634b350da@group-BD8D8EA9F3C7-SegmentedRaftLogWorker] INFO  segmented.SegmentedRaftLogWorker (SegmentedRaftLogWorker.java:execute(629)) - 49c4bd74-e934-49fb-9588-8a6634b350da@group-BD8D8EA9F3C7-SegmentedRaftLogWorker: created new log segment /home/runner/work/ozone/ozone/hadoop-ozone/integration-test/target/test-dir/MiniOzoneClusterImpl-4c229dde-e64f-42f3-a5ee-349c50f14821/datanode-0/data/ratis/41d892b9-e4a2-4f70-85c0-bd8d8ea9f3c7/current/log_inprogress_0
2022-08-03 01:57:35,971 [OverReplicatedQueueThreadThread] INFO  replication.OverReplicatedProcessor (OverReplicatedProcessor.java:processAll(83)) - Processed 0 over replicated containers, failed processing 0
01:57:36.631 [IPC Server handler 5 on default port 36611] ERROR OMAudit - user=runner | ip=127.0.0.1 | op=GET_FILE_STATUS {volume=volume58070, bucket=bucket54574, key=.Trash/runner/Current/testKey2, dataSize=0, replicationConfig=null} | ret=FAILURE
org.apache.hadoop.ozone.om.exceptions.OMException: Unable to get file status: volume: volume58070 bucket: bucket54574 key: .Trash/runner/Current/testKey2
	at org.apache.hadoop.ozone.om.KeyManagerImpl.getOzoneFileStatus(KeyManagerImpl.java:1311) ~[ozone-manager-1.3.0-SNAPSHOT.jar:?]
	at org.apache.hadoop.ozone.om.KeyManagerImpl.getFileStatus(KeyManagerImpl.java:1241) ~[ozone-manager-1.3.0-SNAPSHOT.jar:?]
	at org.apache.hadoop.ozone.om.OzoneManager.getFileStatus(OzoneManager.java:3467) ~[ozone-manager-1.3.0-SNAPSHOT.jar:?]
	at org.apache.hadoop.ozone.protocolPB.OzoneManagerRequestHandler.getOzoneFileStatus(OzoneManagerRequestHandler.java:878) ~[ozone-manager-1.3.0-SNAPSHOT.jar:?]
	at org.apache.hadoop.ozone.protocolPB.OzoneManagerRequestHandler.handleReadRequest(OzoneManagerRequestHandler.java:224) ~[ozone-manager-1.3.0-SNAPSHOT.jar:?]
	at org.apache.hadoop.ozone.protocolPB.OzoneManagerProtocolServerSideTranslatorPB.submitReadRequestToOM(OzoneManagerProtocolServerSideTranslatorPB.java:226) ~[ozone-manager-1.3.0-SNAPSHOT.jar:?]
	at org.apache.hadoop.ozone.protocolPB.OzoneManagerProtocolServerSideTranslatorPB.processRequest(OzoneManagerProtocolServerSideTranslatorPB.java:175) ~[ozone-manager-1.3.0-SNAPSHOT.jar:?]
	at org.apache.hadoop.hdds.server.OzoneProtocolMessageDispatcher.processRequest(OzoneProtocolMessageDispatcher.java:87) [hdds-server-framework-1.3.0-SNAPSHOT.jar:?]
	at org.apache.hadoop.ozone.protocolPB.OzoneManagerProtocolServerSideTranslatorPB.submitRequest(OzoneManagerProtocolServerSideTranslatorPB.java:147) [ozone-manager-1.3.0-SNAPSHOT.jar:?]
	at org.apache.hadoop.ozone.protocol.proto.OzoneManagerProtocolProtos$OzoneManagerService$2.callBlockingMethod(OzoneManagerProtocolProtos.java) [ozone-interface-client-1.3.0-SNAPSHOT.jar:?]
	at org.apache.hadoop.ipc.ProtobufRpcEngine$Server.processCall(ProtobufRpcEngine.java:466) [hadoop-common-3.3.1.jar:?]
	at org.apache.hadoop.ipc.ProtobufRpcEngine2$Server$ProtoBufRpcInvoker.call(ProtobufRpcEngine2.java:574) [hadoop-common-3.3.1.jar:?]
	at org.apache.hadoop.ipc.ProtobufRpcEngine2$Server$ProtoBufRpcInvoker.call(ProtobufRpcEngine2.java:552) [hadoop-common-3.3.1.jar:?]
	at org.apache.hadoop.ipc.RPC$Server.call(RPC.java:1093) [hadoop-common-3.3.1.jar:?]
	at org.apache.hadoop.ipc.Server$RpcCall.run(Server.java:1035) [hadoop-common-3.3.1.jar:?]
	at org.apache.hadoop.ipc.Server$RpcCall.run(Server.java:963) [hadoop-common-3.3.1.jar:?]
	at java.security.AccessController.doPrivileged(Native Method) ~[?:1.8.0_332]
	at javax.security.auth.Subject.doAs(Subject.java:422) [?:1.8.0_332]
	at org.apache.hadoop.security.UserGroupInformation.doAs(UserGroupInformation.java:1878) [hadoop-common-3.3.1.jar:?]
	at org.apache.hadoop.ipc.Server$Handler.run(Server.java:2966) [hadoop-common-3.3.1.jar:?]
]]></system-out>
  </testcase>
  <testcase name="testTrash" classname="TestOzoneFileSystem" time="5.04">
    <system-out><![CDATA[01:59:04.548 [IPC Server handler 10 on default port 36513] ERROR OMAudit - user=runner | ip=127.0.0.1 | op=GET_FILE_STATUS {volume=volume26320, bucket=bucket57581, key=.Trash/runner/Current/testKey2, dataSize=0, replicationConfig=null} | ret=FAILURE
org.apache.hadoop.ozone.om.exceptions.OMException: Unable to get file status: volume: volume26320 bucket: bucket57581 key: .Trash/runner/Current/testKey2
	at org.apache.hadoop.ozone.om.KeyManagerImpl.getOzoneFileStatus(KeyManagerImpl.java:1311) ~[ozone-manager-1.3.0-SNAPSHOT.jar:?]
	at org.apache.hadoop.ozone.om.KeyManagerImpl.getFileStatus(KeyManagerImpl.java:1241) ~[ozone-manager-1.3.0-SNAPSHOT.jar:?]
	at org.apache.hadoop.ozone.om.OzoneManager.getFileStatus(OzoneManager.java:3467) ~[ozone-manager-1.3.0-SNAPSHOT.jar:?]
	at org.apache.hadoop.ozone.protocolPB.OzoneManagerRequestHandler.getOzoneFileStatus(OzoneManagerRequestHandler.java:878) ~[ozone-manager-1.3.0-SNAPSHOT.jar:?]
	at org.apache.hadoop.ozone.protocolPB.OzoneManagerRequestHandler.handleReadRequest(OzoneManagerRequestHandler.java:224) ~[ozone-manager-1.3.0-SNAPSHOT.jar:?]
	at org.apache.hadoop.ozone.protocolPB.OzoneManagerProtocolServerSideTranslatorPB.submitRequestDirectlyToOM(OzoneManagerProtocolServerSideTranslatorPB.java:276) ~[ozone-manager-1.3.0-SNAPSHOT.jar:?]
	at org.apache.hadoop.ozone.protocolPB.OzoneManagerProtocolServerSideTranslatorPB.processRequest(OzoneManagerProtocolServerSideTranslatorPB.java:205) ~[ozone-manager-1.3.0-SNAPSHOT.jar:?]
	at org.apache.hadoop.hdds.server.OzoneProtocolMessageDispatcher.processRequest(OzoneProtocolMessageDispatcher.java:87) [hdds-server-framework-1.3.0-SNAPSHOT.jar:?]
	at org.apache.hadoop.ozone.protocolPB.OzoneManagerProtocolServerSideTranslatorPB.submitRequest(OzoneManagerProtocolServerSideTranslatorPB.java:147) [ozone-manager-1.3.0-SNAPSHOT.jar:?]
	at org.apache.hadoop.ozone.protocol.proto.OzoneManagerProtocolProtos$OzoneManagerService$2.callBlockingMethod(OzoneManagerProtocolProtos.java) [ozone-interface-client-1.3.0-SNAPSHOT.jar:?]
	at org.apache.hadoop.ipc.ProtobufRpcEngine$Server.processCall(ProtobufRpcEngine.java:466) [hadoop-common-3.3.1.jar:?]
	at org.apache.hadoop.ipc.ProtobufRpcEngine2$Server$ProtoBufRpcInvoker.call(ProtobufRpcEngine2.java:574) [hadoop-common-3.3.1.jar:?]
	at org.apache.hadoop.ipc.ProtobufRpcEngine2$Server$ProtoBufRpcInvoker.call(ProtobufRpcEngine2.java:552) [hadoop-common-3.3.1.jar:?]
	at org.apache.hadoop.ipc.RPC$Server.call(RPC.java:1093) [hadoop-common-3.3.1.jar:?]
	at org.apache.hadoop.ipc.Server$RpcCall.run(Server.java:1035) [hadoop-common-3.3.1.jar:?]
	at org.apache.hadoop.ipc.Server$RpcCall.run(Server.java:963) [hadoop-common-3.3.1.jar:?]
	at java.security.AccessController.doPrivileged(Native Method) ~[?:1.8.0_332]
	at javax.security.auth.Subject.doAs(Subject.java:422) [?:1.8.0_332]
	at org.apache.hadoop.security.UserGroupInformation.doAs(UserGroupInformation.java:1878) [hadoop-common-3.3.1.jar:?]
	at org.apache.hadoop.ipc.Server$Handler.run(Server.java:2966) [hadoop-common-3.3.1.jar:?]
01:59:04.554 [IPC Server handler 16 on default port 36513] ERROR OMAudit - user=runner | ip=127.0.0.1 | op=GET_FILE_STATUS {volume=volume26320, bucket=bucket57581, key=.Trash/runner/Current/testKey2, dataSize=0, replicationConfig=null} | ret=FAILURE
org.apache.hadoop.ozone.om.exceptions.OMException: Unable to get file status: volume: volume26320 bucket: bucket57581 key: .Trash/runner/Current/testKey2
	at org.apache.hadoop.ozone.om.KeyManagerImpl.getOzoneFileStatus(KeyManagerImpl.java:1311) ~[ozone-manager-1.3.0-SNAPSHOT.jar:?]
	at org.apache.hadoop.ozone.om.KeyManagerImpl.getFileStatus(KeyManagerImpl.java:1241) ~[ozone-manager-1.3.0-SNAPSHOT.jar:?]
	at org.apache.hadoop.ozone.om.OzoneManager.getFileStatus(OzoneManager.java:3467) ~[ozone-manager-1.3.0-SNAPSHOT.jar:?]
	at org.apache.hadoop.ozone.protocolPB.OzoneManagerRequestHandler.getOzoneFileStatus(OzoneManagerRequestHandler.java:878) ~[ozone-manager-1.3.0-SNAPSHOT.jar:?]
	at org.apache.hadoop.ozone.protocolPB.OzoneManagerRequestHandler.handleReadRequest(OzoneManagerRequestHandler.java:224) ~[ozone-manager-1.3.0-SNAPSHOT.jar:?]
	at org.apache.hadoop.ozone.protocolPB.OzoneManagerProtocolServerSideTranslatorPB.submitRequestDirectlyToOM(OzoneManagerProtocolServerSideTranslatorPB.java:276) ~[ozone-manager-1.3.0-SNAPSHOT.jar:?]
	at org.apache.hadoop.ozone.protocolPB.OzoneManagerProtocolServerSideTranslatorPB.processRequest(OzoneManagerProtocolServerSideTranslatorPB.java:205) ~[ozone-manager-1.3.0-SNAPSHOT.jar:?]
	at org.apache.hadoop.hdds.server.OzoneProtocolMessageDispatcher.processRequest(OzoneProtocolMessageDispatcher.java:87) [hdds-server-framework-1.3.0-SNAPSHOT.jar:?]
	at org.apache.hadoop.ozone.protocolPB.OzoneManagerProtocolServerSideTranslatorPB.submitRequest(OzoneManagerProtocolServerSideTranslatorPB.java:147) [ozone-manager-1.3.0-SNAPSHOT.jar:?]
	at org.apache.hadoop.ozone.protocol.proto.OzoneManagerProtocolProtos$OzoneManagerService$2.callBlockingMethod(OzoneManagerProtocolProtos.java) [ozone-interface-client-1.3.0-SNAPSHOT.jar:?]
	at org.apache.hadoop.ipc.ProtobufRpcEngine$Server.processCall(ProtobufRpcEngine.java:466) [hadoop-common-3.3.1.jar:?]
	at org.apache.hadoop.ipc.ProtobufRpcEngine2$Server$ProtoBufRpcInvoker.call(ProtobufRpcEngine2.java:574) [hadoop-common-3.3.1.jar:?]
	at org.apache.hadoop.ipc.ProtobufRpcEngine2$Server$ProtoBufRpcInvoker.call(ProtobufRpcEngine2.java:552) [hadoop-common-3.3.1.jar:?]
	at org.apache.hadoop.ipc.RPC$Server.call(RPC.java:1093) [hadoop-common-3.3.1.jar:?]
	at org.apache.hadoop.ipc.Server$RpcCall.run(Server.java:1035) [hadoop-common-3.3.1.jar:?]
	at org.apache.hadoop.ipc.Server$RpcCall.run(Server.java:963) [hadoop-common-3.3.1.jar:?]
	at java.security.AccessController.doPrivileged(Native Method) ~[?:1.8.0_332]
	at javax.security.auth.Subject.doAs(Subject.java:422) [?:1.8.0_332]
	at org.apache.hadoop.security.UserGroupInformation.doAs(UserGroupInformation.java:1878) [hadoop-common-3.3.1.jar:?]
	at org.apache.hadoop.ipc.Server$Handler.run(Server.java:2966) [hadoop-common-3.3.1.jar:?]
2022-08-03 01:59:04,561 [Time-limited test] INFO  fs.TrashPolicyDefault (TrashPolicyDefault.java:moveToTrash(188)) - Moved: '/testKey2' to trash at: /.Trash/runner/Current/testKey2
2022-08-03 01:59:05,949 [UnderReplicatedQueueThreadThread] INFO  replication.UnderReplicatedProcessor (UnderReplicatedProcessor.java:processAll(85)) - Processed 0 under replicated containers, failed processing 0
2022-08-03 01:59:05,972 [OverReplicatedQueueThreadThread] INFO  replication.OverReplicatedProcessor (OverReplicatedProcessor.java:processAll(83)) - Processed 0 over replicated containers, failed processing 0
2022-08-03 01:59:06,104 [986bf7ce-700a-46a1-ab88-e0e38b862364@group-C5B540C5AAAD-FollowerState] INFO  impl.FollowerState (FollowerState.java:run(143)) - 986bf7ce-700a-46a1-ab88-e0e38b862364@group-C5B540C5AAAD-FollowerState: change to CANDIDATE, lastRpcElapsedTime:5149427901ns, electionTimeout:5092ms
2022-08-03 01:59:06,105 [986bf7ce-700a-46a1-ab88-e0e38b862364@group-C5B540C5AAAD-FollowerState] INFO  impl.RoleInfo (RoleInfo.java:shutdownFollowerState(110)) - 986bf7ce-700a-46a1-ab88-e0e38b862364: shutdown 986bf7ce-700a-46a1-ab88-e0e38b862364@group-C5B540C5AAAD-FollowerState
2022-08-03 01:59:06,105 [986bf7ce-700a-46a1-ab88-e0e38b862364@group-C5B540C5AAAD-FollowerState] INFO  server.RaftServer$Division (RaftServerImpl.java:setRole(299)) - 986bf7ce-700a-46a1-ab88-e0e38b862364@group-C5B540C5AAAD: changes role from  FOLLOWER to CANDIDATE at term 2 for changeToCandidate
2022-08-03 01:59:06,105 [986bf7ce-700a-46a1-ab88-e0e38b862364@group-C5B540C5AAAD-FollowerState] INFO  server.RaftServerConfigKeys (ConfUtils.java:logGet(46)) - raft.server.leaderelection.pre-vote = false (custom)
2022-08-03 01:59:06,105 [986bf7ce-700a-46a1-ab88-e0e38b862364@group-C5B540C5AAAD-FollowerState] INFO  impl.RoleInfo (RoleInfo.java:updateAndGet(139)) - 986bf7ce-700a-46a1-ab88-e0e38b862364: start 986bf7ce-700a-46a1-ab88-e0e38b862364@group-C5B540C5AAAD-LeaderElection55
2022-08-03 01:59:06,145 [986bf7ce-700a-46a1-ab88-e0e38b862364@group-C5B540C5AAAD-LeaderElection55] INFO  impl.LeaderElection (LeaderElection.java:askForVotes(310)) - 986bf7ce-700a-46a1-ab88-e0e38b862364@group-C5B540C5AAAD-LeaderElection55 ELECTION round 0: submit vote requests at term 3 for -1: [c824bff0-102b-4ceb-889e-e8d339be5886|rpc:10.1.0.23:39825|priority:0, 3f997eb7-6b59-43fe-9bb3-f29f42755580|rpc:10.1.0.23:40985|priority:1, 986bf7ce-700a-46a1-ab88-e0e38b862364|rpc:10.1.0.23:35665|priority:0], old=null
2022-08-03 01:59:06,150 [3f997eb7-6b59-43fe-9bb3-f29f42755580@group-C5B540C5AAAD-FollowerState] INFO  impl.FollowerState (FollowerState.java:run(143)) - 3f997eb7-6b59-43fe-9bb3-f29f42755580@group-C5B540C5AAAD-FollowerState: change to CANDIDATE, lastRpcElapsedTime:5199693006ns, electionTimeout:5199ms
2022-08-03 01:59:06,150 [3f997eb7-6b59-43fe-9bb3-f29f42755580@group-C5B540C5AAAD-FollowerState] INFO  impl.RoleInfo (RoleInfo.java:shutdownFollowerState(110)) - 3f997eb7-6b59-43fe-9bb3-f29f42755580: shutdown 3f997eb7-6b59-43fe-9bb3-f29f42755580@group-C5B540C5AAAD-FollowerState
2022-08-03 01:59:06,150 [3f997eb7-6b59-43fe-9bb3-f29f42755580@group-C5B540C5AAAD-FollowerState] INFO  server.RaftServer$Division (RaftServerImpl.java:setRole(299)) - 3f997eb7-6b59-43fe-9bb3-f29f42755580@group-C5B540C5AAAD: changes role from  FOLLOWER to CANDIDATE at term 2 for changeToCandidate
2022-08-03 01:59:06,183 [3f997eb7-6b59-43fe-9bb3-f29f42755580@group-C5B540C5AAAD-FollowerState] INFO  server.RaftServerConfigKeys (ConfUtils.java:logGet(46)) - raft.server.leaderelection.pre-vote = false (custom)
2022-08-03 01:59:06,183 [3f997eb7-6b59-43fe-9bb3-f29f42755580@group-C5B540C5AAAD-FollowerState] INFO  impl.RoleInfo (RoleInfo.java:updateAndGet(139)) - 3f997eb7-6b59-43fe-9bb3-f29f42755580: start 3f997eb7-6b59-43fe-9bb3-f29f42755580@group-C5B540C5AAAD-LeaderElection56
2022-08-03 01:59:06,183 [grpc-default-executor-3] INFO  server.RaftServer$Division (RaftServerImpl.java:requestVote(1152)) - c824bff0-102b-4ceb-889e-e8d339be5886@group-C5B540C5AAAD: receive requestVote(ELECTION, 986bf7ce-700a-46a1-ab88-e0e38b862364, group-C5B540C5AAAD, 3, (t:0, i:0))
2022-08-03 01:59:06,183 [grpc-default-executor-3] INFO  impl.VoteContext (VoteContext.java:log(48)) - c824bff0-102b-4ceb-889e-e8d339be5886@group-C5B540C5AAAD-FOLLOWER: accept ELECTION from 986bf7ce-700a-46a1-ab88-e0e38b862364: our priority 0 <= candidate's priority 0
2022-08-03 01:59:06,183 [grpc-default-executor-3] INFO  server.RaftServer$Division (RaftServerImpl.java:setRole(299)) - c824bff0-102b-4ceb-889e-e8d339be5886@group-C5B540C5AAAD: changes role from  FOLLOWER to FOLLOWER at term 3 for candidate:986bf7ce-700a-46a1-ab88-e0e38b862364
2022-08-03 01:59:06,183 [grpc-default-executor-3] INFO  impl.RoleInfo (RoleInfo.java:shutdownFollowerState(110)) - c824bff0-102b-4ceb-889e-e8d339be5886: shutdown c824bff0-102b-4ceb-889e-e8d339be5886@group-C5B540C5AAAD-FollowerState
2022-08-03 01:59:06,223 [3f997eb7-6b59-43fe-9bb3-f29f42755580@group-C5B540C5AAAD-LeaderElection56] INFO  impl.LeaderElection (LeaderElection.java:askForVotes(310)) - 3f997eb7-6b59-43fe-9bb3-f29f42755580@group-C5B540C5AAAD-LeaderElection56 ELECTION round 0: submit vote requests at term 3 for -1: [c824bff0-102b-4ceb-889e-e8d339be5886|rpc:10.1.0.23:39825|dataStream:|priority:0, 3f997eb7-6b59-43fe-9bb3-f29f42755580|rpc:10.1.0.23:40985|dataStream:|priority:1, 986bf7ce-700a-46a1-ab88-e0e38b862364|rpc:10.1.0.23:35665|dataStream:|priority:0], old=null
2022-08-03 01:59:06,240 [grpc-default-executor-3] INFO  impl.RoleInfo (RoleInfo.java:updateAndGet(139)) - c824bff0-102b-4ceb-889e-e8d339be5886: start c824bff0-102b-4ceb-889e-e8d339be5886@group-C5B540C5AAAD-FollowerState
2022-08-03 01:59:06,241 [c824bff0-102b-4ceb-889e-e8d339be5886@group-C5B540C5AAAD-FollowerState] INFO  impl.FollowerState (FollowerState.java:run(152)) - c824bff0-102b-4ceb-889e-e8d339be5886@group-C5B540C5AAAD-FollowerState was interrupted
2022-08-03 01:59:06,294 [grpc-default-executor-0] INFO  server.RaftServer$Division (RaftServerImpl.java:requestVote(1152)) - 986bf7ce-700a-46a1-ab88-e0e38b862364@group-C5B540C5AAAD: receive requestVote(ELECTION, 3f997eb7-6b59-43fe-9bb3-f29f42755580, group-C5B540C5AAAD, 3, (t:0, i:0))
2022-08-03 01:59:06,294 [grpc-default-executor-1] INFO  server.RaftServer$Division (RaftServerImpl.java:requestVote(1152)) - 3f997eb7-6b59-43fe-9bb3-f29f42755580@group-C5B540C5AAAD: receive requestVote(ELECTION, 986bf7ce-700a-46a1-ab88-e0e38b862364, group-C5B540C5AAAD, 3, (t:0, i:0))
2022-08-03 01:59:06,294 [grpc-default-executor-1] INFO  impl.VoteContext (VoteContext.java:log(48)) - 3f997eb7-6b59-43fe-9bb3-f29f42755580@group-C5B540C5AAAD-CANDIDATE: reject ELECTION from 986bf7ce-700a-46a1-ab88-e0e38b862364: already has voted for 3f997eb7-6b59-43fe-9bb3-f29f42755580 at current term 3
2022-08-03 01:59:06,294 [grpc-default-executor-1] INFO  server.RaftServer$Division (RaftServerImpl.java:requestVote(1184)) - 3f997eb7-6b59-43fe-9bb3-f29f42755580@group-C5B540C5AAAD replies to ELECTION vote request: 986bf7ce-700a-46a1-ab88-e0e38b862364<-3f997eb7-6b59-43fe-9bb3-f29f42755580#0:FAIL-t3. Peer's state: 3f997eb7-6b59-43fe-9bb3-f29f42755580@group-C5B540C5AAAD:t3, leader=null, voted=3f997eb7-6b59-43fe-9bb3-f29f42755580, raftlog=3f997eb7-6b59-43fe-9bb3-f29f42755580@group-C5B540C5AAAD-SegmentedRaftLog:OPENED:c-1, conf=-1: [c824bff0-102b-4ceb-889e-e8d339be5886|rpc:10.1.0.23:39825|dataStream:|priority:0, 3f997eb7-6b59-43fe-9bb3-f29f42755580|rpc:10.1.0.23:40985|dataStream:|priority:1, 986bf7ce-700a-46a1-ab88-e0e38b862364|rpc:10.1.0.23:35665|dataStream:|priority:0], old=null
2022-08-03 01:59:06,300 [grpc-default-executor-3] INFO  server.RaftServer$Division (RaftServerImpl.java:requestVote(1184)) - c824bff0-102b-4ceb-889e-e8d339be5886@group-C5B540C5AAAD replies to ELECTION vote request: 986bf7ce-700a-46a1-ab88-e0e38b862364<-c824bff0-102b-4ceb-889e-e8d339be5886#0:OK-t3. Peer's state: c824bff0-102b-4ceb-889e-e8d339be5886@group-C5B540C5AAAD:t3, leader=null, voted=986bf7ce-700a-46a1-ab88-e0e38b862364, raftlog=c824bff0-102b-4ceb-889e-e8d339be5886@group-C5B540C5AAAD-SegmentedRaftLog:OPENED:c-1, conf=-1: [c824bff0-102b-4ceb-889e-e8d339be5886|rpc:10.1.0.23:39825|dataStream:|priority:0, 3f997eb7-6b59-43fe-9bb3-f29f42755580|rpc:10.1.0.23:40985|dataStream:|priority:1, 986bf7ce-700a-46a1-ab88-e0e38b862364|rpc:10.1.0.23:35665|dataStream:|priority:0], old=null
2022-08-03 01:59:06,301 [986bf7ce-700a-46a1-ab88-e0e38b862364@group-C5B540C5AAAD-LeaderElection55] INFO  impl.LeaderElection (LeaderElection.java:logAndReturn(90)) - 986bf7ce-700a-46a1-ab88-e0e38b862364@group-C5B540C5AAAD-LeaderElection55: ELECTION REJECTED received 1 response(s) and 0 exception(s):
2022-08-03 01:59:06,301 [986bf7ce-700a-46a1-ab88-e0e38b862364@group-C5B540C5AAAD-LeaderElection55] INFO  impl.LeaderElection (LeaderElection.java:logAndReturn(94)) -   Response 0: 986bf7ce-700a-46a1-ab88-e0e38b862364<-3f997eb7-6b59-43fe-9bb3-f29f42755580#0:FAIL-t3
2022-08-03 01:59:06,301 [986bf7ce-700a-46a1-ab88-e0e38b862364@group-C5B540C5AAAD-LeaderElection55] INFO  impl.LeaderElection (LeaderElection.java:askForVotes(312)) - 986bf7ce-700a-46a1-ab88-e0e38b862364@group-C5B540C5AAAD-LeaderElection55 ELECTION round 0: result REJECTED
2022-08-03 01:59:06,294 [grpc-default-executor-0] INFO  impl.VoteContext (VoteContext.java:log(48)) - 986bf7ce-700a-46a1-ab88-e0e38b862364@group-C5B540C5AAAD-CANDIDATE: reject ELECTION from 3f997eb7-6b59-43fe-9bb3-f29f42755580: already has voted for 986bf7ce-700a-46a1-ab88-e0e38b862364 at current term 3
2022-08-03 01:59:06,302 [grpc-default-executor-0] INFO  server.RaftServer$Division (RaftServerImpl.java:requestVote(1184)) - 986bf7ce-700a-46a1-ab88-e0e38b862364@group-C5B540C5AAAD replies to ELECTION vote request: 3f997eb7-6b59-43fe-9bb3-f29f42755580<-986bf7ce-700a-46a1-ab88-e0e38b862364#0:FAIL-t3. Peer's state: 986bf7ce-700a-46a1-ab88-e0e38b862364@group-C5B540C5AAAD:t3, leader=null, voted=986bf7ce-700a-46a1-ab88-e0e38b862364, raftlog=986bf7ce-700a-46a1-ab88-e0e38b862364@group-C5B540C5AAAD-SegmentedRaftLog:OPENED:c-1, conf=-1: [c824bff0-102b-4ceb-889e-e8d339be5886|rpc:10.1.0.23:39825|priority:0, 3f997eb7-6b59-43fe-9bb3-f29f42755580|rpc:10.1.0.23:40985|priority:1, 986bf7ce-700a-46a1-ab88-e0e38b862364|rpc:10.1.0.23:35665|priority:0], old=null
2022-08-03 01:59:06,302 [986bf7ce-700a-46a1-ab88-e0e38b862364@group-C5B540C5AAAD-LeaderElection55] INFO  server.RaftServer$Division (RaftServerImpl.java:setRole(299)) - 986bf7ce-700a-46a1-ab88-e0e38b862364@group-C5B540C5AAAD: changes role from CANDIDATE to FOLLOWER at term 3 for REJECTED
2022-08-03 01:59:06,302 [986bf7ce-700a-46a1-ab88-e0e38b862364@group-C5B540C5AAAD-LeaderElection55] INFO  impl.RoleInfo (RoleInfo.java:shutdownLeaderElection(130)) - 986bf7ce-700a-46a1-ab88-e0e38b862364: shutdown 986bf7ce-700a-46a1-ab88-e0e38b862364@group-C5B540C5AAAD-LeaderElection55
2022-08-03 01:59:06,302 [986bf7ce-700a-46a1-ab88-e0e38b862364@group-C5B540C5AAAD-LeaderElection55] INFO  impl.RoleInfo (RoleInfo.java:updateAndGet(139)) - 986bf7ce-700a-46a1-ab88-e0e38b862364: start 986bf7ce-700a-46a1-ab88-e0e38b862364@group-C5B540C5AAAD-FollowerState
2022-08-03 01:59:06,326 [grpc-default-executor-2] INFO  server.RaftServer$Division (RaftServerImpl.java:requestVote(1152)) - c824bff0-102b-4ceb-889e-e8d339be5886@group-C5B540C5AAAD: receive requestVote(ELECTION, 3f997eb7-6b59-43fe-9bb3-f29f42755580, group-C5B540C5AAAD, 3, (t:0, i:0))
2022-08-03 01:59:06,327 [grpc-default-executor-2] INFO  impl.VoteContext (VoteContext.java:log(48)) - c824bff0-102b-4ceb-889e-e8d339be5886@group-C5B540C5AAAD-FOLLOWER: reject ELECTION from 3f997eb7-6b59-43fe-9bb3-f29f42755580: already has voted for 986bf7ce-700a-46a1-ab88-e0e38b862364 at current term 3
2022-08-03 01:59:06,327 [grpc-default-executor-2] INFO  server.RaftServer$Division (RaftServerImpl.java:requestVote(1184)) - c824bff0-102b-4ceb-889e-e8d339be5886@group-C5B540C5AAAD replies to ELECTION vote request: 3f997eb7-6b59-43fe-9bb3-f29f42755580<-c824bff0-102b-4ceb-889e-e8d339be5886#0:FAIL-t3. Peer's state: c824bff0-102b-4ceb-889e-e8d339be5886@group-C5B540C5AAAD:t3, leader=null, voted=986bf7ce-700a-46a1-ab88-e0e38b862364, raftlog=c824bff0-102b-4ceb-889e-e8d339be5886@group-C5B540C5AAAD-SegmentedRaftLog:OPENED:c-1, conf=-1: [c824bff0-102b-4ceb-889e-e8d339be5886|rpc:10.1.0.23:39825|dataStream:|priority:0, 3f997eb7-6b59-43fe-9bb3-f29f42755580|rpc:10.1.0.23:40985|dataStream:|priority:1, 986bf7ce-700a-46a1-ab88-e0e38b862364|rpc:10.1.0.23:35665|dataStream:|priority:0], old=null
2022-08-03 01:59:06,349 [3f997eb7-6b59-43fe-9bb3-f29f42755580@group-C5B540C5AAAD-LeaderElection56] INFO  impl.LeaderElection (LeaderElection.java:logAndReturn(90)) - 3f997eb7-6b59-43fe-9bb3-f29f42755580@group-C5B540C5AAAD-LeaderElection56: ELECTION REJECTED received 2 response(s) and 0 exception(s):
2022-08-03 01:59:06,350 [3f997eb7-6b59-43fe-9bb3-f29f42755580@group-C5B540C5AAAD-LeaderElection56] INFO  impl.LeaderElection (LeaderElection.java:logAndReturn(94)) -   Response 0: 3f997eb7-6b59-43fe-9bb3-f29f42755580<-c824bff0-102b-4ceb-889e-e8d339be5886#0:FAIL-t3
2022-08-03 01:59:06,350 [3f997eb7-6b59-43fe-9bb3-f29f42755580@group-C5B540C5AAAD-LeaderElection56] INFO  impl.LeaderElection (LeaderElection.java:logAndReturn(94)) -   Response 1: 3f997eb7-6b59-43fe-9bb3-f29f42755580<-986bf7ce-700a-46a1-ab88-e0e38b862364#0:FAIL-t3
2022-08-03 01:59:06,350 [3f997eb7-6b59-43fe-9bb3-f29f42755580@group-C5B540C5AAAD-LeaderElection56] INFO  impl.LeaderElection (LeaderElection.java:askForVotes(312)) - 3f997eb7-6b59-43fe-9bb3-f29f42755580@group-C5B540C5AAAD-LeaderElection56 ELECTION round 0: result REJECTED
2022-08-03 01:59:06,350 [3f997eb7-6b59-43fe-9bb3-f29f42755580@group-C5B540C5AAAD-LeaderElection56] INFO  server.RaftServer$Division (RaftServerImpl.java:setRole(299)) - 3f997eb7-6b59-43fe-9bb3-f29f42755580@group-C5B540C5AAAD: changes role from CANDIDATE to FOLLOWER at term 3 for REJECTED
2022-08-03 01:59:06,350 [3f997eb7-6b59-43fe-9bb3-f29f42755580@group-C5B540C5AAAD-LeaderElection56] INFO  impl.RoleInfo (RoleInfo.java:shutdownLeaderElection(130)) - 3f997eb7-6b59-43fe-9bb3-f29f42755580: shutdown 3f997eb7-6b59-43fe-9bb3-f29f42755580@group-C5B540C5AAAD-LeaderElection56
2022-08-03 01:59:06,350 [3f997eb7-6b59-43fe-9bb3-f29f42755580@group-C5B540C5AAAD-LeaderElection56] INFO  impl.RoleInfo (RoleInfo.java:updateAndGet(139)) - 3f997eb7-6b59-43fe-9bb3-f29f42755580: start 3f997eb7-6b59-43fe-9bb3-f29f42755580@group-C5B540C5AAAD-FollowerState
01:59:06.564 [IPC Server handler 3 on default port 36513] ERROR OMAudit - user=runner | ip=127.0.0.1 | op=GET_FILE_STATUS {volume=volume26320, bucket=bucket57581, key=.Trash/runner/Current/testKey2, dataSize=0, replicationConfig=null} | ret=FAILURE
org.apache.hadoop.ozone.om.exceptions.OMException: Unable to get file status: volume: volume26320 bucket: bucket57581 key: .Trash/runner/Current/testKey2
	at org.apache.hadoop.ozone.om.KeyManagerImpl.getOzoneFileStatus(KeyManagerImpl.java:1311) ~[ozone-manager-1.3.0-SNAPSHOT.jar:?]
	at org.apache.hadoop.ozone.om.KeyManagerImpl.getFileStatus(KeyManagerImpl.java:1241) ~[ozone-manager-1.3.0-SNAPSHOT.jar:?]
	at org.apache.hadoop.ozone.om.OzoneManager.getFileStatus(OzoneManager.java:3467) ~[ozone-manager-1.3.0-SNAPSHOT.jar:?]
	at org.apache.hadoop.ozone.protocolPB.OzoneManagerRequestHandler.getOzoneFileStatus(OzoneManagerRequestHandler.java:878) ~[ozone-manager-1.3.0-SNAPSHOT.jar:?]
	at org.apache.hadoop.ozone.protocolPB.OzoneManagerRequestHandler.handleReadRequest(OzoneManagerRequestHandler.java:224) ~[ozone-manager-1.3.0-SNAPSHOT.jar:?]
	at org.apache.hadoop.ozone.protocolPB.OzoneManagerProtocolServerSideTranslatorPB.submitRequestDirectlyToOM(OzoneManagerProtocolServerSideTranslatorPB.java:276) ~[ozone-manager-1.3.0-SNAPSHOT.jar:?]
	at org.apache.hadoop.ozone.protocolPB.OzoneManagerProtocolServerSideTranslatorPB.processRequest(OzoneManagerProtocolServerSideTranslatorPB.java:205) ~[ozone-manager-1.3.0-SNAPSHOT.jar:?]
	at org.apache.hadoop.hdds.server.OzoneProtocolMessageDispatcher.processRequest(OzoneProtocolMessageDispatcher.java:87) [hdds-server-framework-1.3.0-SNAPSHOT.jar:?]
	at org.apache.hadoop.ozone.protocolPB.OzoneManagerProtocolServerSideTranslatorPB.submitRequest(OzoneManagerProtocolServerSideTranslatorPB.java:147) [ozone-manager-1.3.0-SNAPSHOT.jar:?]
	at org.apache.hadoop.ozone.protocol.proto.OzoneManagerProtocolProtos$OzoneManagerService$2.callBlockingMethod(OzoneManagerProtocolProtos.java) [ozone-interface-client-1.3.0-SNAPSHOT.jar:?]
	at org.apache.hadoop.ipc.ProtobufRpcEngine$Server.processCall(ProtobufRpcEngine.java:466) [hadoop-common-3.3.1.jar:?]
	at org.apache.hadoop.ipc.ProtobufRpcEngine2$Server$ProtoBufRpcInvoker.call(ProtobufRpcEngine2.java:574) [hadoop-common-3.3.1.jar:?]
	at org.apache.hadoop.ipc.ProtobufRpcEngine2$Server$ProtoBufRpcInvoker.call(ProtobufRpcEngine2.java:552) [hadoop-common-3.3.1.jar:?]
	at org.apache.hadoop.ipc.RPC$Server.call(RPC.java:1093) [hadoop-common-3.3.1.jar:?]
	at org.apache.hadoop.ipc.Server$RpcCall.run(Server.java:1035) [hadoop-common-3.3.1.jar:?]
	at org.apache.hadoop.ipc.Server$RpcCall.run(Server.java:963) [hadoop-common-3.3.1.jar:?]
	at java.security.AccessController.doPrivileged(Native Method) ~[?:1.8.0_332]
	at javax.security.auth.Subject.doAs(Subject.java:422) [?:1.8.0_332]
	at org.apache.hadoop.security.UserGroupInformation.doAs(UserGroupInformation.java:1878) [hadoop-common-3.3.1.jar:?]
	at org.apache.hadoop.ipc.Server$Handler.run(Server.java:2966) [hadoop-common-3.3.1.jar:?]
2022-08-03 01:59:09,083 [UnderReplicatedQueueThreadThread] INFO  replication.UnderReplicatedProcessor (UnderReplicatedProcessor.java:processAll(85)) - Processed 0 under replicated containers, failed processing 0
2022-08-03 01:59:09,083 [OverReplicatedQueueThreadThread] INFO  replication.OverReplicatedProcessor (OverReplicatedProcessor.java:processAll(83)) - Processed 0 over replicated containers, failed processing 0
]]></system-out>
  </testcase>
  <testcase name="testRenameDestinationParentDoesntExist" classname="TestOzoneFileSystem" time="0.049">
    <system-out><![CDATA[01:55:18.459 [IPC Server handler 18 on default port 35175] ERROR OMAudit - user=runner | ip=127.0.0.1 | op=GET_FILE_STATUS {volume=volume18062, bucket=bucket29054, key=root_dir/b/c, dataSize=0, replicationConfig=null} | ret=FAILURE
org.apache.hadoop.ozone.om.exceptions.OMException: Unable to get file status: volume: volume18062 bucket: bucket29054 key: root_dir/b/c
	at org.apache.hadoop.ozone.om.KeyManagerImpl.getOzoneFileStatus(KeyManagerImpl.java:1311) ~[ozone-manager-1.3.0-SNAPSHOT.jar:?]
	at org.apache.hadoop.ozone.om.KeyManagerImpl.getFileStatus(KeyManagerImpl.java:1241) ~[ozone-manager-1.3.0-SNAPSHOT.jar:?]
	at org.apache.hadoop.ozone.om.OzoneManager.getFileStatus(OzoneManager.java:3467) ~[ozone-manager-1.3.0-SNAPSHOT.jar:?]
	at org.apache.hadoop.ozone.protocolPB.OzoneManagerRequestHandler.getOzoneFileStatus(OzoneManagerRequestHandler.java:878) ~[ozone-manager-1.3.0-SNAPSHOT.jar:?]
	at org.apache.hadoop.ozone.protocolPB.OzoneManagerRequestHandler.handleReadRequest(OzoneManagerRequestHandler.java:224) ~[ozone-manager-1.3.0-SNAPSHOT.jar:?]
	at org.apache.hadoop.ozone.protocolPB.OzoneManagerProtocolServerSideTranslatorPB.submitReadRequestToOM(OzoneManagerProtocolServerSideTranslatorPB.java:226) ~[ozone-manager-1.3.0-SNAPSHOT.jar:?]
	at org.apache.hadoop.ozone.protocolPB.OzoneManagerProtocolServerSideTranslatorPB.processRequest(OzoneManagerProtocolServerSideTranslatorPB.java:175) ~[ozone-manager-1.3.0-SNAPSHOT.jar:?]
	at org.apache.hadoop.hdds.server.OzoneProtocolMessageDispatcher.processRequest(OzoneProtocolMessageDispatcher.java:87) [hdds-server-framework-1.3.0-SNAPSHOT.jar:?]
	at org.apache.hadoop.ozone.protocolPB.OzoneManagerProtocolServerSideTranslatorPB.submitRequest(OzoneManagerProtocolServerSideTranslatorPB.java:147) [ozone-manager-1.3.0-SNAPSHOT.jar:?]
	at org.apache.hadoop.ozone.protocol.proto.OzoneManagerProtocolProtos$OzoneManagerService$2.callBlockingMethod(OzoneManagerProtocolProtos.java) [ozone-interface-client-1.3.0-SNAPSHOT.jar:?]
	at org.apache.hadoop.ipc.ProtobufRpcEngine$Server.processCall(ProtobufRpcEngine.java:466) [hadoop-common-3.3.1.jar:?]
	at org.apache.hadoop.ipc.ProtobufRpcEngine2$Server$ProtoBufRpcInvoker.call(ProtobufRpcEngine2.java:574) [hadoop-common-3.3.1.jar:?]
	at org.apache.hadoop.ipc.ProtobufRpcEngine2$Server$ProtoBufRpcInvoker.call(ProtobufRpcEngine2.java:552) [hadoop-common-3.3.1.jar:?]
	at org.apache.hadoop.ipc.RPC$Server.call(RPC.java:1093) [hadoop-common-3.3.1.jar:?]
	at org.apache.hadoop.ipc.Server$RpcCall.run(Server.java:1035) [hadoop-common-3.3.1.jar:?]
	at org.apache.hadoop.ipc.Server$RpcCall.run(Server.java:963) [hadoop-common-3.3.1.jar:?]
	at java.security.AccessController.doPrivileged(Native Method) ~[?:1.8.0_332]
	at javax.security.auth.Subject.doAs(Subject.java:422) [?:1.8.0_332]
	at org.apache.hadoop.security.UserGroupInformation.doAs(UserGroupInformation.java:1878) [hadoop-common-3.3.1.jar:?]
	at org.apache.hadoop.ipc.Server$Handler.run(Server.java:2966) [hadoop-common-3.3.1.jar:?]
01:55:18.461 [IPC Server handler 16 on default port 35175] ERROR OMAudit - user=runner | ip=127.0.0.1 | op=GET_FILE_STATUS {volume=volume18062, bucket=bucket29054, key=root_dir/b, dataSize=0, replicationConfig=null} | ret=FAILURE
org.apache.hadoop.ozone.om.exceptions.OMException: Unable to get file status: volume: volume18062 bucket: bucket29054 key: root_dir/b
	at org.apache.hadoop.ozone.om.KeyManagerImpl.getOzoneFileStatus(KeyManagerImpl.java:1311) ~[ozone-manager-1.3.0-SNAPSHOT.jar:?]
	at org.apache.hadoop.ozone.om.KeyManagerImpl.getFileStatus(KeyManagerImpl.java:1241) ~[ozone-manager-1.3.0-SNAPSHOT.jar:?]
	at org.apache.hadoop.ozone.om.OzoneManager.getFileStatus(OzoneManager.java:3467) ~[ozone-manager-1.3.0-SNAPSHOT.jar:?]
	at org.apache.hadoop.ozone.protocolPB.OzoneManagerRequestHandler.getOzoneFileStatus(OzoneManagerRequestHandler.java:878) ~[ozone-manager-1.3.0-SNAPSHOT.jar:?]
	at org.apache.hadoop.ozone.protocolPB.OzoneManagerRequestHandler.handleReadRequest(OzoneManagerRequestHandler.java:224) ~[ozone-manager-1.3.0-SNAPSHOT.jar:?]
	at org.apache.hadoop.ozone.protocolPB.OzoneManagerProtocolServerSideTranslatorPB.submitReadRequestToOM(OzoneManagerProtocolServerSideTranslatorPB.java:226) ~[ozone-manager-1.3.0-SNAPSHOT.jar:?]
	at org.apache.hadoop.ozone.protocolPB.OzoneManagerProtocolServerSideTranslatorPB.processRequest(OzoneManagerProtocolServerSideTranslatorPB.java:175) ~[ozone-manager-1.3.0-SNAPSHOT.jar:?]
	at org.apache.hadoop.hdds.server.OzoneProtocolMessageDispatcher.processRequest(OzoneProtocolMessageDispatcher.java:87) [hdds-server-framework-1.3.0-SNAPSHOT.jar:?]
	at org.apache.hadoop.ozone.protocolPB.OzoneManagerProtocolServerSideTranslatorPB.submitRequest(OzoneManagerProtocolServerSideTranslatorPB.java:147) [ozone-manager-1.3.0-SNAPSHOT.jar:?]
	at org.apache.hadoop.ozone.protocol.proto.OzoneManagerProtocolProtos$OzoneManagerService$2.callBlockingMethod(OzoneManagerProtocolProtos.java) [ozone-interface-client-1.3.0-SNAPSHOT.jar:?]
	at org.apache.hadoop.ipc.ProtobufRpcEngine$Server.processCall(ProtobufRpcEngine.java:466) [hadoop-common-3.3.1.jar:?]
	at org.apache.hadoop.ipc.ProtobufRpcEngine2$Server$ProtoBufRpcInvoker.call(ProtobufRpcEngine2.java:574) [hadoop-common-3.3.1.jar:?]
	at org.apache.hadoop.ipc.ProtobufRpcEngine2$Server$ProtoBufRpcInvoker.call(ProtobufRpcEngine2.java:552) [hadoop-common-3.3.1.jar:?]
	at org.apache.hadoop.ipc.RPC$Server.call(RPC.java:1093) [hadoop-common-3.3.1.jar:?]
	at org.apache.hadoop.ipc.Server$RpcCall.run(Server.java:1035) [hadoop-common-3.3.1.jar:?]
	at org.apache.hadoop.ipc.Server$RpcCall.run(Server.java:963) [hadoop-common-3.3.1.jar:?]
	at java.security.AccessController.doPrivileged(Native Method) ~[?:1.8.0_332]
	at javax.security.auth.Subject.doAs(Subject.java:422) [?:1.8.0_332]
	at org.apache.hadoop.security.UserGroupInformation.doAs(UserGroupInformation.java:1878) [hadoop-common-3.3.1.jar:?]
	at org.apache.hadoop.ipc.Server$Handler.run(Server.java:2966) [hadoop-common-3.3.1.jar:?]
01:55:18.486 [IPC Server handler 12 on default port 35175] ERROR OMAudit - user=runner | ip=127.0.0.1 | op=GET_FILE_STATUS {volume=volume18062, bucket=bucket29054, key=root_dir/file1/c, dataSize=0, replicationConfig=null} | ret=FAILURE
org.apache.hadoop.ozone.om.exceptions.OMException: Unable to get file status: volume: volume18062 bucket: bucket29054 key: root_dir/file1/c
	at org.apache.hadoop.ozone.om.KeyManagerImpl.getOzoneFileStatus(KeyManagerImpl.java:1311) ~[ozone-manager-1.3.0-SNAPSHOT.jar:?]
	at org.apache.hadoop.ozone.om.KeyManagerImpl.getFileStatus(KeyManagerImpl.java:1241) ~[ozone-manager-1.3.0-SNAPSHOT.jar:?]
	at org.apache.hadoop.ozone.om.OzoneManager.getFileStatus(OzoneManager.java:3467) ~[ozone-manager-1.3.0-SNAPSHOT.jar:?]
	at org.apache.hadoop.ozone.protocolPB.OzoneManagerRequestHandler.getOzoneFileStatus(OzoneManagerRequestHandler.java:878) ~[ozone-manager-1.3.0-SNAPSHOT.jar:?]
	at org.apache.hadoop.ozone.protocolPB.OzoneManagerRequestHandler.handleReadRequest(OzoneManagerRequestHandler.java:224) ~[ozone-manager-1.3.0-SNAPSHOT.jar:?]
	at org.apache.hadoop.ozone.protocolPB.OzoneManagerProtocolServerSideTranslatorPB.submitReadRequestToOM(OzoneManagerProtocolServerSideTranslatorPB.java:226) ~[ozone-manager-1.3.0-SNAPSHOT.jar:?]
	at org.apache.hadoop.ozone.protocolPB.OzoneManagerProtocolServerSideTranslatorPB.processRequest(OzoneManagerProtocolServerSideTranslatorPB.java:175) ~[ozone-manager-1.3.0-SNAPSHOT.jar:?]
	at org.apache.hadoop.hdds.server.OzoneProtocolMessageDispatcher.processRequest(OzoneProtocolMessageDispatcher.java:87) [hdds-server-framework-1.3.0-SNAPSHOT.jar:?]
	at org.apache.hadoop.ozone.protocolPB.OzoneManagerProtocolServerSideTranslatorPB.submitRequest(OzoneManagerProtocolServerSideTranslatorPB.java:147) [ozone-manager-1.3.0-SNAPSHOT.jar:?]
	at org.apache.hadoop.ozone.protocol.proto.OzoneManagerProtocolProtos$OzoneManagerService$2.callBlockingMethod(OzoneManagerProtocolProtos.java) [ozone-interface-client-1.3.0-SNAPSHOT.jar:?]
	at org.apache.hadoop.ipc.ProtobufRpcEngine$Server.processCall(ProtobufRpcEngine.java:466) [hadoop-common-3.3.1.jar:?]
	at org.apache.hadoop.ipc.ProtobufRpcEngine2$Server$ProtoBufRpcInvoker.call(ProtobufRpcEngine2.java:574) [hadoop-common-3.3.1.jar:?]
	at org.apache.hadoop.ipc.ProtobufRpcEngine2$Server$ProtoBufRpcInvoker.call(ProtobufRpcEngine2.java:552) [hadoop-common-3.3.1.jar:?]
	at org.apache.hadoop.ipc.RPC$Server.call(RPC.java:1093) [hadoop-common-3.3.1.jar:?]
	at org.apache.hadoop.ipc.Server$RpcCall.run(Server.java:1035) [hadoop-common-3.3.1.jar:?]
	at org.apache.hadoop.ipc.Server$RpcCall.run(Server.java:963) [hadoop-common-3.3.1.jar:?]
	at java.security.AccessController.doPrivileged(Native Method) ~[?:1.8.0_332]
	at javax.security.auth.Subject.doAs(Subject.java:422) [?:1.8.0_332]
	at org.apache.hadoop.security.UserGroupInformation.doAs(UserGroupInformation.java:1878) [hadoop-common-3.3.1.jar:?]
	at org.apache.hadoop.ipc.Server$Handler.run(Server.java:2966) [hadoop-common-3.3.1.jar:?]
]]></system-out>
  </testcase>
  <testcase name="testRenameDestinationParentDoesntExist" classname="TestOzoneFileSystem" time="0.03">
    <system-out><![CDATA[01:56:29.436 [IPC Server handler 14 on default port 44107] ERROR OMAudit - user=runner | ip=127.0.0.1 | op=GET_FILE_STATUS {volume=volume07240, bucket=bucket34393, key=root_dir/b/c, dataSize=0, replicationConfig=null} | ret=FAILURE
org.apache.hadoop.ozone.om.exceptions.OMException: Unable to get file status: volume: volume07240 bucket: bucket34393 key: root_dir/b/c
	at org.apache.hadoop.ozone.om.KeyManagerImpl.getOzoneFileStatus(KeyManagerImpl.java:1311) ~[ozone-manager-1.3.0-SNAPSHOT.jar:?]
	at org.apache.hadoop.ozone.om.KeyManagerImpl.getFileStatus(KeyManagerImpl.java:1241) ~[ozone-manager-1.3.0-SNAPSHOT.jar:?]
	at org.apache.hadoop.ozone.om.OzoneManager.getFileStatus(OzoneManager.java:3467) ~[ozone-manager-1.3.0-SNAPSHOT.jar:?]
	at org.apache.hadoop.ozone.protocolPB.OzoneManagerRequestHandler.getOzoneFileStatus(OzoneManagerRequestHandler.java:878) ~[ozone-manager-1.3.0-SNAPSHOT.jar:?]
	at org.apache.hadoop.ozone.protocolPB.OzoneManagerRequestHandler.handleReadRequest(OzoneManagerRequestHandler.java:224) ~[ozone-manager-1.3.0-SNAPSHOT.jar:?]
	at org.apache.hadoop.ozone.protocolPB.OzoneManagerProtocolServerSideTranslatorPB.submitRequestDirectlyToOM(OzoneManagerProtocolServerSideTranslatorPB.java:276) ~[ozone-manager-1.3.0-SNAPSHOT.jar:?]
	at org.apache.hadoop.ozone.protocolPB.OzoneManagerProtocolServerSideTranslatorPB.processRequest(OzoneManagerProtocolServerSideTranslatorPB.java:205) ~[ozone-manager-1.3.0-SNAPSHOT.jar:?]
	at org.apache.hadoop.hdds.server.OzoneProtocolMessageDispatcher.processRequest(OzoneProtocolMessageDispatcher.java:87) [hdds-server-framework-1.3.0-SNAPSHOT.jar:?]
	at org.apache.hadoop.ozone.protocolPB.OzoneManagerProtocolServerSideTranslatorPB.submitRequest(OzoneManagerProtocolServerSideTranslatorPB.java:147) [ozone-manager-1.3.0-SNAPSHOT.jar:?]
	at org.apache.hadoop.ozone.protocol.proto.OzoneManagerProtocolProtos$OzoneManagerService$2.callBlockingMethod(OzoneManagerProtocolProtos.java) [ozone-interface-client-1.3.0-SNAPSHOT.jar:?]
	at org.apache.hadoop.ipc.ProtobufRpcEngine$Server.processCall(ProtobufRpcEngine.java:466) [hadoop-common-3.3.1.jar:?]
	at org.apache.hadoop.ipc.ProtobufRpcEngine2$Server$ProtoBufRpcInvoker.call(ProtobufRpcEngine2.java:574) [hadoop-common-3.3.1.jar:?]
	at org.apache.hadoop.ipc.ProtobufRpcEngine2$Server$ProtoBufRpcInvoker.call(ProtobufRpcEngine2.java:552) [hadoop-common-3.3.1.jar:?]
	at org.apache.hadoop.ipc.RPC$Server.call(RPC.java:1093) [hadoop-common-3.3.1.jar:?]
	at org.apache.hadoop.ipc.Server$RpcCall.run(Server.java:1035) [hadoop-common-3.3.1.jar:?]
	at org.apache.hadoop.ipc.Server$RpcCall.run(Server.java:963) [hadoop-common-3.3.1.jar:?]
	at java.security.AccessController.doPrivileged(Native Method) ~[?:1.8.0_332]
	at javax.security.auth.Subject.doAs(Subject.java:422) [?:1.8.0_332]
	at org.apache.hadoop.security.UserGroupInformation.doAs(UserGroupInformation.java:1878) [hadoop-common-3.3.1.jar:?]
	at org.apache.hadoop.ipc.Server$Handler.run(Server.java:2966) [hadoop-common-3.3.1.jar:?]
01:56:29.437 [IPC Server handler 16 on default port 44107] ERROR OMAudit - user=runner | ip=127.0.0.1 | op=GET_FILE_STATUS {volume=volume07240, bucket=bucket34393, key=root_dir/b, dataSize=0, replicationConfig=null} | ret=FAILURE
org.apache.hadoop.ozone.om.exceptions.OMException: Unable to get file status: volume: volume07240 bucket: bucket34393 key: root_dir/b
	at org.apache.hadoop.ozone.om.KeyManagerImpl.getOzoneFileStatus(KeyManagerImpl.java:1311) ~[ozone-manager-1.3.0-SNAPSHOT.jar:?]
	at org.apache.hadoop.ozone.om.KeyManagerImpl.getFileStatus(KeyManagerImpl.java:1241) ~[ozone-manager-1.3.0-SNAPSHOT.jar:?]
	at org.apache.hadoop.ozone.om.OzoneManager.getFileStatus(OzoneManager.java:3467) ~[ozone-manager-1.3.0-SNAPSHOT.jar:?]
	at org.apache.hadoop.ozone.protocolPB.OzoneManagerRequestHandler.getOzoneFileStatus(OzoneManagerRequestHandler.java:878) ~[ozone-manager-1.3.0-SNAPSHOT.jar:?]
	at org.apache.hadoop.ozone.protocolPB.OzoneManagerRequestHandler.handleReadRequest(OzoneManagerRequestHandler.java:224) ~[ozone-manager-1.3.0-SNAPSHOT.jar:?]
	at org.apache.hadoop.ozone.protocolPB.OzoneManagerProtocolServerSideTranslatorPB.submitRequestDirectlyToOM(OzoneManagerProtocolServerSideTranslatorPB.java:276) ~[ozone-manager-1.3.0-SNAPSHOT.jar:?]
	at org.apache.hadoop.ozone.protocolPB.OzoneManagerProtocolServerSideTranslatorPB.processRequest(OzoneManagerProtocolServerSideTranslatorPB.java:205) ~[ozone-manager-1.3.0-SNAPSHOT.jar:?]
	at org.apache.hadoop.hdds.server.OzoneProtocolMessageDispatcher.processRequest(OzoneProtocolMessageDispatcher.java:87) [hdds-server-framework-1.3.0-SNAPSHOT.jar:?]
	at org.apache.hadoop.ozone.protocolPB.OzoneManagerProtocolServerSideTranslatorPB.submitRequest(OzoneManagerProtocolServerSideTranslatorPB.java:147) [ozone-manager-1.3.0-SNAPSHOT.jar:?]
	at org.apache.hadoop.ozone.protocol.proto.OzoneManagerProtocolProtos$OzoneManagerService$2.callBlockingMethod(OzoneManagerProtocolProtos.java) [ozone-interface-client-1.3.0-SNAPSHOT.jar:?]
	at org.apache.hadoop.ipc.ProtobufRpcEngine$Server.processCall(ProtobufRpcEngine.java:466) [hadoop-common-3.3.1.jar:?]
	at org.apache.hadoop.ipc.ProtobufRpcEngine2$Server$ProtoBufRpcInvoker.call(ProtobufRpcEngine2.java:574) [hadoop-common-3.3.1.jar:?]
	at org.apache.hadoop.ipc.ProtobufRpcEngine2$Server$ProtoBufRpcInvoker.call(ProtobufRpcEngine2.java:552) [hadoop-common-3.3.1.jar:?]
	at org.apache.hadoop.ipc.RPC$Server.call(RPC.java:1093) [hadoop-common-3.3.1.jar:?]
	at org.apache.hadoop.ipc.Server$RpcCall.run(Server.java:1035) [hadoop-common-3.3.1.jar:?]
	at org.apache.hadoop.ipc.Server$RpcCall.run(Server.java:963) [hadoop-common-3.3.1.jar:?]
	at java.security.AccessController.doPrivileged(Native Method) ~[?:1.8.0_332]
	at javax.security.auth.Subject.doAs(Subject.java:422) [?:1.8.0_332]
	at org.apache.hadoop.security.UserGroupInformation.doAs(UserGroupInformation.java:1878) [hadoop-common-3.3.1.jar:?]
	at org.apache.hadoop.ipc.Server$Handler.run(Server.java:2966) [hadoop-common-3.3.1.jar:?]
01:56:29.444 [IPC Server handler 19 on default port 44107] ERROR OMAudit - user=runner | ip=127.0.0.1 | op=GET_FILE_STATUS {volume=volume07240, bucket=bucket34393, key=root_dir/file1/c, dataSize=0, replicationConfig=null} | ret=FAILURE
org.apache.hadoop.ozone.om.exceptions.OMException: Unable to get file status: volume: volume07240 bucket: bucket34393 key: root_dir/file1/c
	at org.apache.hadoop.ozone.om.KeyManagerImpl.getOzoneFileStatus(KeyManagerImpl.java:1311) ~[ozone-manager-1.3.0-SNAPSHOT.jar:?]
	at org.apache.hadoop.ozone.om.KeyManagerImpl.getFileStatus(KeyManagerImpl.java:1241) ~[ozone-manager-1.3.0-SNAPSHOT.jar:?]
	at org.apache.hadoop.ozone.om.OzoneManager.getFileStatus(OzoneManager.java:3467) ~[ozone-manager-1.3.0-SNAPSHOT.jar:?]
	at org.apache.hadoop.ozone.protocolPB.OzoneManagerRequestHandler.getOzoneFileStatus(OzoneManagerRequestHandler.java:878) ~[ozone-manager-1.3.0-SNAPSHOT.jar:?]
	at org.apache.hadoop.ozone.protocolPB.OzoneManagerRequestHandler.handleReadRequest(OzoneManagerRequestHandler.java:224) ~[ozone-manager-1.3.0-SNAPSHOT.jar:?]
	at org.apache.hadoop.ozone.protocolPB.OzoneManagerProtocolServerSideTranslatorPB.submitRequestDirectlyToOM(OzoneManagerProtocolServerSideTranslatorPB.java:276) ~[ozone-manager-1.3.0-SNAPSHOT.jar:?]
	at org.apache.hadoop.ozone.protocolPB.OzoneManagerProtocolServerSideTranslatorPB.processRequest(OzoneManagerProtocolServerSideTranslatorPB.java:205) ~[ozone-manager-1.3.0-SNAPSHOT.jar:?]
	at org.apache.hadoop.hdds.server.OzoneProtocolMessageDispatcher.processRequest(OzoneProtocolMessageDispatcher.java:87) [hdds-server-framework-1.3.0-SNAPSHOT.jar:?]
	at org.apache.hadoop.ozone.protocolPB.OzoneManagerProtocolServerSideTranslatorPB.submitRequest(OzoneManagerProtocolServerSideTranslatorPB.java:147) [ozone-manager-1.3.0-SNAPSHOT.jar:?]
	at org.apache.hadoop.ozone.protocol.proto.OzoneManagerProtocolProtos$OzoneManagerService$2.callBlockingMethod(OzoneManagerProtocolProtos.java) [ozone-interface-client-1.3.0-SNAPSHOT.jar:?]
	at org.apache.hadoop.ipc.ProtobufRpcEngine$Server.processCall(ProtobufRpcEngine.java:466) [hadoop-common-3.3.1.jar:?]
	at org.apache.hadoop.ipc.ProtobufRpcEngine2$Server$ProtoBufRpcInvoker.call(ProtobufRpcEngine2.java:574) [hadoop-common-3.3.1.jar:?]
	at org.apache.hadoop.ipc.ProtobufRpcEngine2$Server$ProtoBufRpcInvoker.call(ProtobufRpcEngine2.java:552) [hadoop-common-3.3.1.jar:?]
	at org.apache.hadoop.ipc.RPC$Server.call(RPC.java:1093) [hadoop-common-3.3.1.jar:?]
	at org.apache.hadoop.ipc.Server$RpcCall.run(Server.java:1035) [hadoop-common-3.3.1.jar:?]
	at org.apache.hadoop.ipc.Server$RpcCall.run(Server.java:963) [hadoop-common-3.3.1.jar:?]
	at java.security.AccessController.doPrivileged(Native Method) ~[?:1.8.0_332]
	at javax.security.auth.Subject.doAs(Subject.java:422) [?:1.8.0_332]
	at org.apache.hadoop.security.UserGroupInformation.doAs(UserGroupInformation.java:1878) [hadoop-common-3.3.1.jar:?]
	at org.apache.hadoop.ipc.Server$Handler.run(Server.java:2966) [hadoop-common-3.3.1.jar:?]
]]></system-out>
  </testcase>
  <testcase name="testRenameDestinationParentDoesntExist" classname="TestOzoneFileSystem" time="0.062">
    <system-out><![CDATA[01:57:39.689 [IPC Server handler 9 on default port 36611] ERROR OMAudit - user=runner | ip=127.0.0.1 | op=GET_FILE_STATUS {volume=volume58070, bucket=bucket54574, key=root_dir/b/c, dataSize=0, replicationConfig=null} | ret=FAILURE
org.apache.hadoop.ozone.om.exceptions.OMException: Unable to get file status: volume: volume58070 bucket: bucket54574 key: root_dir/b/c
	at org.apache.hadoop.ozone.om.KeyManagerImpl.getOzoneFileStatus(KeyManagerImpl.java:1311) ~[ozone-manager-1.3.0-SNAPSHOT.jar:?]
	at org.apache.hadoop.ozone.om.KeyManagerImpl.getFileStatus(KeyManagerImpl.java:1241) ~[ozone-manager-1.3.0-SNAPSHOT.jar:?]
	at org.apache.hadoop.ozone.om.OzoneManager.getFileStatus(OzoneManager.java:3467) ~[ozone-manager-1.3.0-SNAPSHOT.jar:?]
	at org.apache.hadoop.ozone.protocolPB.OzoneManagerRequestHandler.getOzoneFileStatus(OzoneManagerRequestHandler.java:878) ~[ozone-manager-1.3.0-SNAPSHOT.jar:?]
	at org.apache.hadoop.ozone.protocolPB.OzoneManagerRequestHandler.handleReadRequest(OzoneManagerRequestHandler.java:224) ~[ozone-manager-1.3.0-SNAPSHOT.jar:?]
	at org.apache.hadoop.ozone.protocolPB.OzoneManagerProtocolServerSideTranslatorPB.submitReadRequestToOM(OzoneManagerProtocolServerSideTranslatorPB.java:226) ~[ozone-manager-1.3.0-SNAPSHOT.jar:?]
	at org.apache.hadoop.ozone.protocolPB.OzoneManagerProtocolServerSideTranslatorPB.processRequest(OzoneManagerProtocolServerSideTranslatorPB.java:175) ~[ozone-manager-1.3.0-SNAPSHOT.jar:?]
	at org.apache.hadoop.hdds.server.OzoneProtocolMessageDispatcher.processRequest(OzoneProtocolMessageDispatcher.java:87) [hdds-server-framework-1.3.0-SNAPSHOT.jar:?]
	at org.apache.hadoop.ozone.protocolPB.OzoneManagerProtocolServerSideTranslatorPB.submitRequest(OzoneManagerProtocolServerSideTranslatorPB.java:147) [ozone-manager-1.3.0-SNAPSHOT.jar:?]
	at org.apache.hadoop.ozone.protocol.proto.OzoneManagerProtocolProtos$OzoneManagerService$2.callBlockingMethod(OzoneManagerProtocolProtos.java) [ozone-interface-client-1.3.0-SNAPSHOT.jar:?]
	at org.apache.hadoop.ipc.ProtobufRpcEngine$Server.processCall(ProtobufRpcEngine.java:466) [hadoop-common-3.3.1.jar:?]
	at org.apache.hadoop.ipc.ProtobufRpcEngine2$Server$ProtoBufRpcInvoker.call(ProtobufRpcEngine2.java:574) [hadoop-common-3.3.1.jar:?]
	at org.apache.hadoop.ipc.ProtobufRpcEngine2$Server$ProtoBufRpcInvoker.call(ProtobufRpcEngine2.java:552) [hadoop-common-3.3.1.jar:?]
	at org.apache.hadoop.ipc.RPC$Server.call(RPC.java:1093) [hadoop-common-3.3.1.jar:?]
	at org.apache.hadoop.ipc.Server$RpcCall.run(Server.java:1035) [hadoop-common-3.3.1.jar:?]
	at org.apache.hadoop.ipc.Server$RpcCall.run(Server.java:963) [hadoop-common-3.3.1.jar:?]
	at java.security.AccessController.doPrivileged(Native Method) ~[?:1.8.0_332]
	at javax.security.auth.Subject.doAs(Subject.java:422) [?:1.8.0_332]
	at org.apache.hadoop.security.UserGroupInformation.doAs(UserGroupInformation.java:1878) [hadoop-common-3.3.1.jar:?]
	at org.apache.hadoop.ipc.Server$Handler.run(Server.java:2966) [hadoop-common-3.3.1.jar:?]
01:57:39.691 [IPC Server handler 12 on default port 36611] ERROR OMAudit - user=runner | ip=127.0.0.1 | op=GET_FILE_STATUS {volume=volume58070, bucket=bucket54574, key=root_dir/b, dataSize=0, replicationConfig=null} | ret=FAILURE
org.apache.hadoop.ozone.om.exceptions.OMException: Unable to get file status: volume: volume58070 bucket: bucket54574 key: root_dir/b
	at org.apache.hadoop.ozone.om.KeyManagerImpl.getOzoneFileStatus(KeyManagerImpl.java:1311) ~[ozone-manager-1.3.0-SNAPSHOT.jar:?]
	at org.apache.hadoop.ozone.om.KeyManagerImpl.getFileStatus(KeyManagerImpl.java:1241) ~[ozone-manager-1.3.0-SNAPSHOT.jar:?]
	at org.apache.hadoop.ozone.om.OzoneManager.getFileStatus(OzoneManager.java:3467) ~[ozone-manager-1.3.0-SNAPSHOT.jar:?]
	at org.apache.hadoop.ozone.protocolPB.OzoneManagerRequestHandler.getOzoneFileStatus(OzoneManagerRequestHandler.java:878) ~[ozone-manager-1.3.0-SNAPSHOT.jar:?]
	at org.apache.hadoop.ozone.protocolPB.OzoneManagerRequestHandler.handleReadRequest(OzoneManagerRequestHandler.java:224) ~[ozone-manager-1.3.0-SNAPSHOT.jar:?]
	at org.apache.hadoop.ozone.protocolPB.OzoneManagerProtocolServerSideTranslatorPB.submitReadRequestToOM(OzoneManagerProtocolServerSideTranslatorPB.java:226) ~[ozone-manager-1.3.0-SNAPSHOT.jar:?]
	at org.apache.hadoop.ozone.protocolPB.OzoneManagerProtocolServerSideTranslatorPB.processRequest(OzoneManagerProtocolServerSideTranslatorPB.java:175) ~[ozone-manager-1.3.0-SNAPSHOT.jar:?]
	at org.apache.hadoop.hdds.server.OzoneProtocolMessageDispatcher.processRequest(OzoneProtocolMessageDispatcher.java:87) [hdds-server-framework-1.3.0-SNAPSHOT.jar:?]
	at org.apache.hadoop.ozone.protocolPB.OzoneManagerProtocolServerSideTranslatorPB.submitRequest(OzoneManagerProtocolServerSideTranslatorPB.java:147) [ozone-manager-1.3.0-SNAPSHOT.jar:?]
	at org.apache.hadoop.ozone.protocol.proto.OzoneManagerProtocolProtos$OzoneManagerService$2.callBlockingMethod(OzoneManagerProtocolProtos.java) [ozone-interface-client-1.3.0-SNAPSHOT.jar:?]
	at org.apache.hadoop.ipc.ProtobufRpcEngine$Server.processCall(ProtobufRpcEngine.java:466) [hadoop-common-3.3.1.jar:?]
	at org.apache.hadoop.ipc.ProtobufRpcEngine2$Server$ProtoBufRpcInvoker.call(ProtobufRpcEngine2.java:574) [hadoop-common-3.3.1.jar:?]
	at org.apache.hadoop.ipc.ProtobufRpcEngine2$Server$ProtoBufRpcInvoker.call(ProtobufRpcEngine2.java:552) [hadoop-common-3.3.1.jar:?]
	at org.apache.hadoop.ipc.RPC$Server.call(RPC.java:1093) [hadoop-common-3.3.1.jar:?]
	at org.apache.hadoop.ipc.Server$RpcCall.run(Server.java:1035) [hadoop-common-3.3.1.jar:?]
	at org.apache.hadoop.ipc.Server$RpcCall.run(Server.java:963) [hadoop-common-3.3.1.jar:?]
	at java.security.AccessController.doPrivileged(Native Method) ~[?:1.8.0_332]
	at javax.security.auth.Subject.doAs(Subject.java:422) [?:1.8.0_332]
	at org.apache.hadoop.security.UserGroupInformation.doAs(UserGroupInformation.java:1878) [hadoop-common-3.3.1.jar:?]
	at org.apache.hadoop.ipc.Server$Handler.run(Server.java:2966) [hadoop-common-3.3.1.jar:?]
01:57:39.702 [IPC Server handler 8 on default port 36611] ERROR OMAudit - user=runner | ip=127.0.0.1 | op=GET_FILE_STATUS {volume=volume58070, bucket=bucket54574, key=root_dir/file1/c, dataSize=0, replicationConfig=null} | ret=FAILURE
org.apache.hadoop.ozone.om.exceptions.OMException: Unable to get file status: volume: volume58070 bucket: bucket54574 key: root_dir/file1/c
	at org.apache.hadoop.ozone.om.KeyManagerImpl.getOzoneFileStatus(KeyManagerImpl.java:1311) ~[ozone-manager-1.3.0-SNAPSHOT.jar:?]
	at org.apache.hadoop.ozone.om.KeyManagerImpl.getFileStatus(KeyManagerImpl.java:1241) ~[ozone-manager-1.3.0-SNAPSHOT.jar:?]
	at org.apache.hadoop.ozone.om.OzoneManager.getFileStatus(OzoneManager.java:3467) ~[ozone-manager-1.3.0-SNAPSHOT.jar:?]
	at org.apache.hadoop.ozone.protocolPB.OzoneManagerRequestHandler.getOzoneFileStatus(OzoneManagerRequestHandler.java:878) ~[ozone-manager-1.3.0-SNAPSHOT.jar:?]
	at org.apache.hadoop.ozone.protocolPB.OzoneManagerRequestHandler.handleReadRequest(OzoneManagerRequestHandler.java:224) ~[ozone-manager-1.3.0-SNAPSHOT.jar:?]
	at org.apache.hadoop.ozone.protocolPB.OzoneManagerProtocolServerSideTranslatorPB.submitReadRequestToOM(OzoneManagerProtocolServerSideTranslatorPB.java:226) ~[ozone-manager-1.3.0-SNAPSHOT.jar:?]
	at org.apache.hadoop.ozone.protocolPB.OzoneManagerProtocolServerSideTranslatorPB.processRequest(OzoneManagerProtocolServerSideTranslatorPB.java:175) ~[ozone-manager-1.3.0-SNAPSHOT.jar:?]
	at org.apache.hadoop.hdds.server.OzoneProtocolMessageDispatcher.processRequest(OzoneProtocolMessageDispatcher.java:87) [hdds-server-framework-1.3.0-SNAPSHOT.jar:?]
	at org.apache.hadoop.ozone.protocolPB.OzoneManagerProtocolServerSideTranslatorPB.submitRequest(OzoneManagerProtocolServerSideTranslatorPB.java:147) [ozone-manager-1.3.0-SNAPSHOT.jar:?]
	at org.apache.hadoop.ozone.protocol.proto.OzoneManagerProtocolProtos$OzoneManagerService$2.callBlockingMethod(OzoneManagerProtocolProtos.java) [ozone-interface-client-1.3.0-SNAPSHOT.jar:?]
	at org.apache.hadoop.ipc.ProtobufRpcEngine$Server.processCall(ProtobufRpcEngine.java:466) [hadoop-common-3.3.1.jar:?]
	at org.apache.hadoop.ipc.ProtobufRpcEngine2$Server$ProtoBufRpcInvoker.call(ProtobufRpcEngine2.java:574) [hadoop-common-3.3.1.jar:?]
	at org.apache.hadoop.ipc.ProtobufRpcEngine2$Server$ProtoBufRpcInvoker.call(ProtobufRpcEngine2.java:552) [hadoop-common-3.3.1.jar:?]
	at org.apache.hadoop.ipc.RPC$Server.call(RPC.java:1093) [hadoop-common-3.3.1.jar:?]
	at org.apache.hadoop.ipc.Server$RpcCall.run(Server.java:1035) [hadoop-common-3.3.1.jar:?]
	at org.apache.hadoop.ipc.Server$RpcCall.run(Server.java:963) [hadoop-common-3.3.1.jar:?]
	at java.security.AccessController.doPrivileged(Native Method) ~[?:1.8.0_332]
	at javax.security.auth.Subject.doAs(Subject.java:422) [?:1.8.0_332]
	at org.apache.hadoop.security.UserGroupInformation.doAs(UserGroupInformation.java:1878) [hadoop-common-3.3.1.jar:?]
	at org.apache.hadoop.ipc.Server$Handler.run(Server.java:2966) [hadoop-common-3.3.1.jar:?]
]]></system-out>
  </testcase>
  <testcase name="testRenameDestinationParentDoesntExist" classname="TestOzoneFileSystem" time="0.038">
    <system-out><![CDATA[01:59:09.586 [IPC Server handler 18 on default port 36513] ERROR OMAudit - user=runner | ip=127.0.0.1 | op=GET_FILE_STATUS {volume=volume26320, bucket=bucket57581, key=root_dir/b/c, dataSize=0, replicationConfig=null} | ret=FAILURE
org.apache.hadoop.ozone.om.exceptions.OMException: Unable to get file status: volume: volume26320 bucket: bucket57581 key: root_dir/b/c
	at org.apache.hadoop.ozone.om.KeyManagerImpl.getOzoneFileStatus(KeyManagerImpl.java:1311) ~[ozone-manager-1.3.0-SNAPSHOT.jar:?]
	at org.apache.hadoop.ozone.om.KeyManagerImpl.getFileStatus(KeyManagerImpl.java:1241) ~[ozone-manager-1.3.0-SNAPSHOT.jar:?]
	at org.apache.hadoop.ozone.om.OzoneManager.getFileStatus(OzoneManager.java:3467) ~[ozone-manager-1.3.0-SNAPSHOT.jar:?]
	at org.apache.hadoop.ozone.protocolPB.OzoneManagerRequestHandler.getOzoneFileStatus(OzoneManagerRequestHandler.java:878) ~[ozone-manager-1.3.0-SNAPSHOT.jar:?]
	at org.apache.hadoop.ozone.protocolPB.OzoneManagerRequestHandler.handleReadRequest(OzoneManagerRequestHandler.java:224) ~[ozone-manager-1.3.0-SNAPSHOT.jar:?]
	at org.apache.hadoop.ozone.protocolPB.OzoneManagerProtocolServerSideTranslatorPB.submitRequestDirectlyToOM(OzoneManagerProtocolServerSideTranslatorPB.java:276) ~[ozone-manager-1.3.0-SNAPSHOT.jar:?]
	at org.apache.hadoop.ozone.protocolPB.OzoneManagerProtocolServerSideTranslatorPB.processRequest(OzoneManagerProtocolServerSideTranslatorPB.java:205) ~[ozone-manager-1.3.0-SNAPSHOT.jar:?]
	at org.apache.hadoop.hdds.server.OzoneProtocolMessageDispatcher.processRequest(OzoneProtocolMessageDispatcher.java:87) [hdds-server-framework-1.3.0-SNAPSHOT.jar:?]
	at org.apache.hadoop.ozone.protocolPB.OzoneManagerProtocolServerSideTranslatorPB.submitRequest(OzoneManagerProtocolServerSideTranslatorPB.java:147) [ozone-manager-1.3.0-SNAPSHOT.jar:?]
	at org.apache.hadoop.ozone.protocol.proto.OzoneManagerProtocolProtos$OzoneManagerService$2.callBlockingMethod(OzoneManagerProtocolProtos.java) [ozone-interface-client-1.3.0-SNAPSHOT.jar:?]
	at org.apache.hadoop.ipc.ProtobufRpcEngine$Server.processCall(ProtobufRpcEngine.java:466) [hadoop-common-3.3.1.jar:?]
	at org.apache.hadoop.ipc.ProtobufRpcEngine2$Server$ProtoBufRpcInvoker.call(ProtobufRpcEngine2.java:574) [hadoop-common-3.3.1.jar:?]
	at org.apache.hadoop.ipc.ProtobufRpcEngine2$Server$ProtoBufRpcInvoker.call(ProtobufRpcEngine2.java:552) [hadoop-common-3.3.1.jar:?]
	at org.apache.hadoop.ipc.RPC$Server.call(RPC.java:1093) [hadoop-common-3.3.1.jar:?]
	at org.apache.hadoop.ipc.Server$RpcCall.run(Server.java:1035) [hadoop-common-3.3.1.jar:?]
	at org.apache.hadoop.ipc.Server$RpcCall.run(Server.java:963) [hadoop-common-3.3.1.jar:?]
	at java.security.AccessController.doPrivileged(Native Method) ~[?:1.8.0_332]
	at javax.security.auth.Subject.doAs(Subject.java:422) [?:1.8.0_332]
	at org.apache.hadoop.security.UserGroupInformation.doAs(UserGroupInformation.java:1878) [hadoop-common-3.3.1.jar:?]
	at org.apache.hadoop.ipc.Server$Handler.run(Server.java:2966) [hadoop-common-3.3.1.jar:?]
01:59:09.587 [IPC Server handler 1 on default port 36513] ERROR OMAudit - user=runner | ip=127.0.0.1 | op=GET_FILE_STATUS {volume=volume26320, bucket=bucket57581, key=root_dir/b, dataSize=0, replicationConfig=null} | ret=FAILURE
org.apache.hadoop.ozone.om.exceptions.OMException: Unable to get file status: volume: volume26320 bucket: bucket57581 key: root_dir/b
	at org.apache.hadoop.ozone.om.KeyManagerImpl.getOzoneFileStatus(KeyManagerImpl.java:1311) ~[ozone-manager-1.3.0-SNAPSHOT.jar:?]
	at org.apache.hadoop.ozone.om.KeyManagerImpl.getFileStatus(KeyManagerImpl.java:1241) ~[ozone-manager-1.3.0-SNAPSHOT.jar:?]
	at org.apache.hadoop.ozone.om.OzoneManager.getFileStatus(OzoneManager.java:3467) ~[ozone-manager-1.3.0-SNAPSHOT.jar:?]
	at org.apache.hadoop.ozone.protocolPB.OzoneManagerRequestHandler.getOzoneFileStatus(OzoneManagerRequestHandler.java:878) ~[ozone-manager-1.3.0-SNAPSHOT.jar:?]
	at org.apache.hadoop.ozone.protocolPB.OzoneManagerRequestHandler.handleReadRequest(OzoneManagerRequestHandler.java:224) ~[ozone-manager-1.3.0-SNAPSHOT.jar:?]
	at org.apache.hadoop.ozone.protocolPB.OzoneManagerProtocolServerSideTranslatorPB.submitRequestDirectlyToOM(OzoneManagerProtocolServerSideTranslatorPB.java:276) ~[ozone-manager-1.3.0-SNAPSHOT.jar:?]
	at org.apache.hadoop.ozone.protocolPB.OzoneManagerProtocolServerSideTranslatorPB.processRequest(OzoneManagerProtocolServerSideTranslatorPB.java:205) ~[ozone-manager-1.3.0-SNAPSHOT.jar:?]
	at org.apache.hadoop.hdds.server.OzoneProtocolMessageDispatcher.processRequest(OzoneProtocolMessageDispatcher.java:87) [hdds-server-framework-1.3.0-SNAPSHOT.jar:?]
	at org.apache.hadoop.ozone.protocolPB.OzoneManagerProtocolServerSideTranslatorPB.submitRequest(OzoneManagerProtocolServerSideTranslatorPB.java:147) [ozone-manager-1.3.0-SNAPSHOT.jar:?]
	at org.apache.hadoop.ozone.protocol.proto.OzoneManagerProtocolProtos$OzoneManagerService$2.callBlockingMethod(OzoneManagerProtocolProtos.java) [ozone-interface-client-1.3.0-SNAPSHOT.jar:?]
	at org.apache.hadoop.ipc.ProtobufRpcEngine$Server.processCall(ProtobufRpcEngine.java:466) [hadoop-common-3.3.1.jar:?]
	at org.apache.hadoop.ipc.ProtobufRpcEngine2$Server$ProtoBufRpcInvoker.call(ProtobufRpcEngine2.java:574) [hadoop-common-3.3.1.jar:?]
	at org.apache.hadoop.ipc.ProtobufRpcEngine2$Server$ProtoBufRpcInvoker.call(ProtobufRpcEngine2.java:552) [hadoop-common-3.3.1.jar:?]
	at org.apache.hadoop.ipc.RPC$Server.call(RPC.java:1093) [hadoop-common-3.3.1.jar:?]
	at org.apache.hadoop.ipc.Server$RpcCall.run(Server.java:1035) [hadoop-common-3.3.1.jar:?]
	at org.apache.hadoop.ipc.Server$RpcCall.run(Server.java:963) [hadoop-common-3.3.1.jar:?]
	at java.security.AccessController.doPrivileged(Native Method) ~[?:1.8.0_332]
	at javax.security.auth.Subject.doAs(Subject.java:422) [?:1.8.0_332]
	at org.apache.hadoop.security.UserGroupInformation.doAs(UserGroupInformation.java:1878) [hadoop-common-3.3.1.jar:?]
	at org.apache.hadoop.ipc.Server$Handler.run(Server.java:2966) [hadoop-common-3.3.1.jar:?]
01:59:09.592 [IPC Server handler 6 on default port 36513] ERROR OMAudit - user=runner | ip=127.0.0.1 | op=GET_FILE_STATUS {volume=volume26320, bucket=bucket57581, key=root_dir/file1/c, dataSize=0, replicationConfig=null} | ret=FAILURE
org.apache.hadoop.ozone.om.exceptions.OMException: Unable to get file status: volume: volume26320 bucket: bucket57581 key: root_dir/file1/c
	at org.apache.hadoop.ozone.om.KeyManagerImpl.getOzoneFileStatus(KeyManagerImpl.java:1311) ~[ozone-manager-1.3.0-SNAPSHOT.jar:?]
	at org.apache.hadoop.ozone.om.KeyManagerImpl.getFileStatus(KeyManagerImpl.java:1241) ~[ozone-manager-1.3.0-SNAPSHOT.jar:?]
	at org.apache.hadoop.ozone.om.OzoneManager.getFileStatus(OzoneManager.java:3467) ~[ozone-manager-1.3.0-SNAPSHOT.jar:?]
	at org.apache.hadoop.ozone.protocolPB.OzoneManagerRequestHandler.getOzoneFileStatus(OzoneManagerRequestHandler.java:878) ~[ozone-manager-1.3.0-SNAPSHOT.jar:?]
	at org.apache.hadoop.ozone.protocolPB.OzoneManagerRequestHandler.handleReadRequest(OzoneManagerRequestHandler.java:224) ~[ozone-manager-1.3.0-SNAPSHOT.jar:?]
	at org.apache.hadoop.ozone.protocolPB.OzoneManagerProtocolServerSideTranslatorPB.submitRequestDirectlyToOM(OzoneManagerProtocolServerSideTranslatorPB.java:276) ~[ozone-manager-1.3.0-SNAPSHOT.jar:?]
	at org.apache.hadoop.ozone.protocolPB.OzoneManagerProtocolServerSideTranslatorPB.processRequest(OzoneManagerProtocolServerSideTranslatorPB.java:205) ~[ozone-manager-1.3.0-SNAPSHOT.jar:?]
	at org.apache.hadoop.hdds.server.OzoneProtocolMessageDispatcher.processRequest(OzoneProtocolMessageDispatcher.java:87) [hdds-server-framework-1.3.0-SNAPSHOT.jar:?]
	at org.apache.hadoop.ozone.protocolPB.OzoneManagerProtocolServerSideTranslatorPB.submitRequest(OzoneManagerProtocolServerSideTranslatorPB.java:147) [ozone-manager-1.3.0-SNAPSHOT.jar:?]
	at org.apache.hadoop.ozone.protocol.proto.OzoneManagerProtocolProtos$OzoneManagerService$2.callBlockingMethod(OzoneManagerProtocolProtos.java) [ozone-interface-client-1.3.0-SNAPSHOT.jar:?]
	at org.apache.hadoop.ipc.ProtobufRpcEngine$Server.processCall(ProtobufRpcEngine.java:466) [hadoop-common-3.3.1.jar:?]
	at org.apache.hadoop.ipc.ProtobufRpcEngine2$Server$ProtoBufRpcInvoker.call(ProtobufRpcEngine2.java:574) [hadoop-common-3.3.1.jar:?]
	at org.apache.hadoop.ipc.ProtobufRpcEngine2$Server$ProtoBufRpcInvoker.call(ProtobufRpcEngine2.java:552) [hadoop-common-3.3.1.jar:?]
	at org.apache.hadoop.ipc.RPC$Server.call(RPC.java:1093) [hadoop-common-3.3.1.jar:?]
	at org.apache.hadoop.ipc.Server$RpcCall.run(Server.java:1035) [hadoop-common-3.3.1.jar:?]
	at org.apache.hadoop.ipc.Server$RpcCall.run(Server.java:963) [hadoop-common-3.3.1.jar:?]
	at java.security.AccessController.doPrivileged(Native Method) ~[?:1.8.0_332]
	at javax.security.auth.Subject.doAs(Subject.java:422) [?:1.8.0_332]
	at org.apache.hadoop.security.UserGroupInformation.doAs(UserGroupInformation.java:1878) [hadoop-common-3.3.1.jar:?]
	at org.apache.hadoop.ipc.Server$Handler.run(Server.java:2966) [hadoop-common-3.3.1.jar:?]
]]></system-out>
  </testcase>
  <testcase name="testCreateWithInvalidPaths" classname="TestOzoneFileSystem" time="0.005"/>
  <testcase name="testCreateWithInvalidPaths" classname="TestOzoneFileSystem" time="0.024"/>
  <testcase name="testCreateWithInvalidPaths" classname="TestOzoneFileSystem" time="0.01"/>
  <testcase name="testCreateWithInvalidPaths" classname="TestOzoneFileSystem" time="0.006"/>
  <testcase name="testListStatusOnRoot" classname="TestOzoneFileSystem" time="0.027"/>
  <testcase name="testListStatusOnRoot" classname="TestOzoneFileSystem" time="0.039"/>
  <testcase name="testListStatusOnRoot" classname="TestOzoneFileSystem" time="0.039"/>
  <testcase name="testListStatusOnRoot" classname="TestOzoneFileSystem" time="0.047"/>
  <testcase name="testRenameWithNonExistentSource" classname="TestOzoneFileSystem" time="0.017">
    <system-out><![CDATA[2022-08-03 01:55:18,540 [Time-limited test] INFO  ozone.TestOzoneFileSystem (TestOzoneFileSystem.java:testRenameWithNonExistentSource(852)) - Created destin dir: o3fs://bucket29054.volume18062/root/dir2
2022-08-03 01:55:18,540 [Time-limited test] INFO  ozone.TestOzoneFileSystem (TestOzoneFileSystem.java:testRenameWithNonExistentSource(854)) - Rename op-> source:o3fs://bucket29054.volume18062/root/dir1 to destin:o3fs://bucket29054.volume18062/root/dir2}
01:55:18.541 [IPC Server handler 1 on default port 35175] ERROR OMAudit - user=runner | ip=127.0.0.1 | op=GET_FILE_STATUS {volume=volume18062, bucket=bucket29054, key=root/dir1, dataSize=0, replicationConfig=null} | ret=FAILURE
org.apache.hadoop.ozone.om.exceptions.OMException: Unable to get file status: volume: volume18062 bucket: bucket29054 key: root/dir1
	at org.apache.hadoop.ozone.om.KeyManagerImpl.getOzoneFileStatus(KeyManagerImpl.java:1311) ~[ozone-manager-1.3.0-SNAPSHOT.jar:?]
	at org.apache.hadoop.ozone.om.KeyManagerImpl.getFileStatus(KeyManagerImpl.java:1241) ~[ozone-manager-1.3.0-SNAPSHOT.jar:?]
	at org.apache.hadoop.ozone.om.OzoneManager.getFileStatus(OzoneManager.java:3467) ~[ozone-manager-1.3.0-SNAPSHOT.jar:?]
	at org.apache.hadoop.ozone.protocolPB.OzoneManagerRequestHandler.getOzoneFileStatus(OzoneManagerRequestHandler.java:878) ~[ozone-manager-1.3.0-SNAPSHOT.jar:?]
	at org.apache.hadoop.ozone.protocolPB.OzoneManagerRequestHandler.handleReadRequest(OzoneManagerRequestHandler.java:224) ~[ozone-manager-1.3.0-SNAPSHOT.jar:?]
	at org.apache.hadoop.ozone.protocolPB.OzoneManagerProtocolServerSideTranslatorPB.submitReadRequestToOM(OzoneManagerProtocolServerSideTranslatorPB.java:226) ~[ozone-manager-1.3.0-SNAPSHOT.jar:?]
	at org.apache.hadoop.ozone.protocolPB.OzoneManagerProtocolServerSideTranslatorPB.processRequest(OzoneManagerProtocolServerSideTranslatorPB.java:175) ~[ozone-manager-1.3.0-SNAPSHOT.jar:?]
	at org.apache.hadoop.hdds.server.OzoneProtocolMessageDispatcher.processRequest(OzoneProtocolMessageDispatcher.java:87) [hdds-server-framework-1.3.0-SNAPSHOT.jar:?]
	at org.apache.hadoop.ozone.protocolPB.OzoneManagerProtocolServerSideTranslatorPB.submitRequest(OzoneManagerProtocolServerSideTranslatorPB.java:147) [ozone-manager-1.3.0-SNAPSHOT.jar:?]
	at org.apache.hadoop.ozone.protocol.proto.OzoneManagerProtocolProtos$OzoneManagerService$2.callBlockingMethod(OzoneManagerProtocolProtos.java) [ozone-interface-client-1.3.0-SNAPSHOT.jar:?]
	at org.apache.hadoop.ipc.ProtobufRpcEngine$Server.processCall(ProtobufRpcEngine.java:466) [hadoop-common-3.3.1.jar:?]
	at org.apache.hadoop.ipc.ProtobufRpcEngine2$Server$ProtoBufRpcInvoker.call(ProtobufRpcEngine2.java:574) [hadoop-common-3.3.1.jar:?]
	at org.apache.hadoop.ipc.ProtobufRpcEngine2$Server$ProtoBufRpcInvoker.call(ProtobufRpcEngine2.java:552) [hadoop-common-3.3.1.jar:?]
	at org.apache.hadoop.ipc.RPC$Server.call(RPC.java:1093) [hadoop-common-3.3.1.jar:?]
	at org.apache.hadoop.ipc.Server$RpcCall.run(Server.java:1035) [hadoop-common-3.3.1.jar:?]
	at org.apache.hadoop.ipc.Server$RpcCall.run(Server.java:963) [hadoop-common-3.3.1.jar:?]
	at java.security.AccessController.doPrivileged(Native Method) ~[?:1.8.0_332]
	at javax.security.auth.Subject.doAs(Subject.java:422) [?:1.8.0_332]
	at org.apache.hadoop.security.UserGroupInformation.doAs(UserGroupInformation.java:1878) [hadoop-common-3.3.1.jar:?]
	at org.apache.hadoop.ipc.Server$Handler.run(Server.java:2966) [hadoop-common-3.3.1.jar:?]
]]></system-out>
  </testcase>
  <testcase name="testRenameWithNonExistentSource" classname="TestOzoneFileSystem" time="0.018">
    <system-out><![CDATA[2022-08-03 01:56:29,521 [Time-limited test] INFO  ozone.TestOzoneFileSystem (TestOzoneFileSystem.java:testRenameWithNonExistentSource(852)) - Created destin dir: o3fs://bucket34393.volume07240/root/dir2
2022-08-03 01:56:29,521 [Time-limited test] INFO  ozone.TestOzoneFileSystem (TestOzoneFileSystem.java:testRenameWithNonExistentSource(854)) - Rename op-> source:o3fs://bucket34393.volume07240/root/dir1 to destin:o3fs://bucket34393.volume07240/root/dir2}
01:56:29.522 [IPC Server handler 6 on default port 44107] ERROR OMAudit - user=runner | ip=127.0.0.1 | op=GET_FILE_STATUS {volume=volume07240, bucket=bucket34393, key=root/dir1, dataSize=0, replicationConfig=null} | ret=FAILURE
org.apache.hadoop.ozone.om.exceptions.OMException: Unable to get file status: volume: volume07240 bucket: bucket34393 key: root/dir1
	at org.apache.hadoop.ozone.om.KeyManagerImpl.getOzoneFileStatus(KeyManagerImpl.java:1311) ~[ozone-manager-1.3.0-SNAPSHOT.jar:?]
	at org.apache.hadoop.ozone.om.KeyManagerImpl.getFileStatus(KeyManagerImpl.java:1241) ~[ozone-manager-1.3.0-SNAPSHOT.jar:?]
	at org.apache.hadoop.ozone.om.OzoneManager.getFileStatus(OzoneManager.java:3467) ~[ozone-manager-1.3.0-SNAPSHOT.jar:?]
	at org.apache.hadoop.ozone.protocolPB.OzoneManagerRequestHandler.getOzoneFileStatus(OzoneManagerRequestHandler.java:878) ~[ozone-manager-1.3.0-SNAPSHOT.jar:?]
	at org.apache.hadoop.ozone.protocolPB.OzoneManagerRequestHandler.handleReadRequest(OzoneManagerRequestHandler.java:224) ~[ozone-manager-1.3.0-SNAPSHOT.jar:?]
	at org.apache.hadoop.ozone.protocolPB.OzoneManagerProtocolServerSideTranslatorPB.submitRequestDirectlyToOM(OzoneManagerProtocolServerSideTranslatorPB.java:276) ~[ozone-manager-1.3.0-SNAPSHOT.jar:?]
	at org.apache.hadoop.ozone.protocolPB.OzoneManagerProtocolServerSideTranslatorPB.processRequest(OzoneManagerProtocolServerSideTranslatorPB.java:205) ~[ozone-manager-1.3.0-SNAPSHOT.jar:?]
	at org.apache.hadoop.hdds.server.OzoneProtocolMessageDispatcher.processRequest(OzoneProtocolMessageDispatcher.java:87) [hdds-server-framework-1.3.0-SNAPSHOT.jar:?]
	at org.apache.hadoop.ozone.protocolPB.OzoneManagerProtocolServerSideTranslatorPB.submitRequest(OzoneManagerProtocolServerSideTranslatorPB.java:147) [ozone-manager-1.3.0-SNAPSHOT.jar:?]
	at org.apache.hadoop.ozone.protocol.proto.OzoneManagerProtocolProtos$OzoneManagerService$2.callBlockingMethod(OzoneManagerProtocolProtos.java) [ozone-interface-client-1.3.0-SNAPSHOT.jar:?]
	at org.apache.hadoop.ipc.ProtobufRpcEngine$Server.processCall(ProtobufRpcEngine.java:466) [hadoop-common-3.3.1.jar:?]
	at org.apache.hadoop.ipc.ProtobufRpcEngine2$Server$ProtoBufRpcInvoker.call(ProtobufRpcEngine2.java:574) [hadoop-common-3.3.1.jar:?]
	at org.apache.hadoop.ipc.ProtobufRpcEngine2$Server$ProtoBufRpcInvoker.call(ProtobufRpcEngine2.java:552) [hadoop-common-3.3.1.jar:?]
	at org.apache.hadoop.ipc.RPC$Server.call(RPC.java:1093) [hadoop-common-3.3.1.jar:?]
	at org.apache.hadoop.ipc.Server$RpcCall.run(Server.java:1035) [hadoop-common-3.3.1.jar:?]
	at org.apache.hadoop.ipc.Server$RpcCall.run(Server.java:963) [hadoop-common-3.3.1.jar:?]
	at java.security.AccessController.doPrivileged(Native Method) ~[?:1.8.0_332]
	at javax.security.auth.Subject.doAs(Subject.java:422) [?:1.8.0_332]
	at org.apache.hadoop.security.UserGroupInformation.doAs(UserGroupInformation.java:1878) [hadoop-common-3.3.1.jar:?]
	at org.apache.hadoop.ipc.Server$Handler.run(Server.java:2966) [hadoop-common-3.3.1.jar:?]
]]></system-out>
  </testcase>
  <testcase name="testRenameWithNonExistentSource" classname="TestOzoneFileSystem" time="0.052">
    <system-out><![CDATA[2022-08-03 01:57:39,780 [Time-limited test] INFO  ozone.TestOzoneFileSystem (TestOzoneFileSystem.java:testRenameWithNonExistentSource(852)) - Created destin dir: o3fs://bucket54574.volume58070/root/dir2
2022-08-03 01:57:39,781 [Time-limited test] INFO  ozone.TestOzoneFileSystem (TestOzoneFileSystem.java:testRenameWithNonExistentSource(854)) - Rename op-> source:o3fs://bucket54574.volume58070/root/dir1 to destin:o3fs://bucket54574.volume58070/root/dir2}
01:57:39.789 [IPC Server handler 11 on default port 36611] ERROR OMAudit - user=runner | ip=127.0.0.1 | op=GET_FILE_STATUS {volume=volume58070, bucket=bucket54574, key=root/dir1, dataSize=0, replicationConfig=null} | ret=FAILURE
org.apache.hadoop.ozone.om.exceptions.OMException: Unable to get file status: volume: volume58070 bucket: bucket54574 key: root/dir1
	at org.apache.hadoop.ozone.om.KeyManagerImpl.getOzoneFileStatus(KeyManagerImpl.java:1311) ~[ozone-manager-1.3.0-SNAPSHOT.jar:?]
	at org.apache.hadoop.ozone.om.KeyManagerImpl.getFileStatus(KeyManagerImpl.java:1241) ~[ozone-manager-1.3.0-SNAPSHOT.jar:?]
	at org.apache.hadoop.ozone.om.OzoneManager.getFileStatus(OzoneManager.java:3467) ~[ozone-manager-1.3.0-SNAPSHOT.jar:?]
	at org.apache.hadoop.ozone.protocolPB.OzoneManagerRequestHandler.getOzoneFileStatus(OzoneManagerRequestHandler.java:878) ~[ozone-manager-1.3.0-SNAPSHOT.jar:?]
	at org.apache.hadoop.ozone.protocolPB.OzoneManagerRequestHandler.handleReadRequest(OzoneManagerRequestHandler.java:224) ~[ozone-manager-1.3.0-SNAPSHOT.jar:?]
	at org.apache.hadoop.ozone.protocolPB.OzoneManagerProtocolServerSideTranslatorPB.submitReadRequestToOM(OzoneManagerProtocolServerSideTranslatorPB.java:226) ~[ozone-manager-1.3.0-SNAPSHOT.jar:?]
	at org.apache.hadoop.ozone.protocolPB.OzoneManagerProtocolServerSideTranslatorPB.processRequest(OzoneManagerProtocolServerSideTranslatorPB.java:175) ~[ozone-manager-1.3.0-SNAPSHOT.jar:?]
	at org.apache.hadoop.hdds.server.OzoneProtocolMessageDispatcher.processRequest(OzoneProtocolMessageDispatcher.java:87) [hdds-server-framework-1.3.0-SNAPSHOT.jar:?]
	at org.apache.hadoop.ozone.protocolPB.OzoneManagerProtocolServerSideTranslatorPB.submitRequest(OzoneManagerProtocolServerSideTranslatorPB.java:147) [ozone-manager-1.3.0-SNAPSHOT.jar:?]
	at org.apache.hadoop.ozone.protocol.proto.OzoneManagerProtocolProtos$OzoneManagerService$2.callBlockingMethod(OzoneManagerProtocolProtos.java) [ozone-interface-client-1.3.0-SNAPSHOT.jar:?]
	at org.apache.hadoop.ipc.ProtobufRpcEngine$Server.processCall(ProtobufRpcEngine.java:466) [hadoop-common-3.3.1.jar:?]
	at org.apache.hadoop.ipc.ProtobufRpcEngine2$Server$ProtoBufRpcInvoker.call(ProtobufRpcEngine2.java:574) [hadoop-common-3.3.1.jar:?]
	at org.apache.hadoop.ipc.ProtobufRpcEngine2$Server$ProtoBufRpcInvoker.call(ProtobufRpcEngine2.java:552) [hadoop-common-3.3.1.jar:?]
	at org.apache.hadoop.ipc.RPC$Server.call(RPC.java:1093) [hadoop-common-3.3.1.jar:?]
	at org.apache.hadoop.ipc.Server$RpcCall.run(Server.java:1035) [hadoop-common-3.3.1.jar:?]
	at org.apache.hadoop.ipc.Server$RpcCall.run(Server.java:963) [hadoop-common-3.3.1.jar:?]
	at java.security.AccessController.doPrivileged(Native Method) ~[?:1.8.0_332]
	at javax.security.auth.Subject.doAs(Subject.java:422) [?:1.8.0_332]
	at org.apache.hadoop.security.UserGroupInformation.doAs(UserGroupInformation.java:1878) [hadoop-common-3.3.1.jar:?]
	at org.apache.hadoop.ipc.Server$Handler.run(Server.java:2966) [hadoop-common-3.3.1.jar:?]
]]></system-out>
  </testcase>
  <testcase name="testRenameWithNonExistentSource" classname="TestOzoneFileSystem" time="0.025">
    <system-out><![CDATA[2022-08-03 01:59:09,690 [Time-limited test] INFO  ozone.TestOzoneFileSystem (TestOzoneFileSystem.java:testRenameWithNonExistentSource(852)) - Created destin dir: o3fs://bucket57581.volume26320/root/dir2
2022-08-03 01:59:09,690 [Time-limited test] INFO  ozone.TestOzoneFileSystem (TestOzoneFileSystem.java:testRenameWithNonExistentSource(854)) - Rename op-> source:o3fs://bucket57581.volume26320/root/dir1 to destin:o3fs://bucket57581.volume26320/root/dir2}
01:59:09.691 [IPC Server handler 0 on default port 36513] ERROR OMAudit - user=runner | ip=127.0.0.1 | op=GET_FILE_STATUS {volume=volume26320, bucket=bucket57581, key=root/dir1, dataSize=0, replicationConfig=null} | ret=FAILURE
org.apache.hadoop.ozone.om.exceptions.OMException: Unable to get file status: volume: volume26320 bucket: bucket57581 key: root/dir1
	at org.apache.hadoop.ozone.om.KeyManagerImpl.getOzoneFileStatus(KeyManagerImpl.java:1311) ~[ozone-manager-1.3.0-SNAPSHOT.jar:?]
	at org.apache.hadoop.ozone.om.KeyManagerImpl.getFileStatus(KeyManagerImpl.java:1241) ~[ozone-manager-1.3.0-SNAPSHOT.jar:?]
	at org.apache.hadoop.ozone.om.OzoneManager.getFileStatus(OzoneManager.java:3467) ~[ozone-manager-1.3.0-SNAPSHOT.jar:?]
	at org.apache.hadoop.ozone.protocolPB.OzoneManagerRequestHandler.getOzoneFileStatus(OzoneManagerRequestHandler.java:878) ~[ozone-manager-1.3.0-SNAPSHOT.jar:?]
	at org.apache.hadoop.ozone.protocolPB.OzoneManagerRequestHandler.handleReadRequest(OzoneManagerRequestHandler.java:224) ~[ozone-manager-1.3.0-SNAPSHOT.jar:?]
	at org.apache.hadoop.ozone.protocolPB.OzoneManagerProtocolServerSideTranslatorPB.submitRequestDirectlyToOM(OzoneManagerProtocolServerSideTranslatorPB.java:276) ~[ozone-manager-1.3.0-SNAPSHOT.jar:?]
	at org.apache.hadoop.ozone.protocolPB.OzoneManagerProtocolServerSideTranslatorPB.processRequest(OzoneManagerProtocolServerSideTranslatorPB.java:205) ~[ozone-manager-1.3.0-SNAPSHOT.jar:?]
	at org.apache.hadoop.hdds.server.OzoneProtocolMessageDispatcher.processRequest(OzoneProtocolMessageDispatcher.java:87) [hdds-server-framework-1.3.0-SNAPSHOT.jar:?]
	at org.apache.hadoop.ozone.protocolPB.OzoneManagerProtocolServerSideTranslatorPB.submitRequest(OzoneManagerProtocolServerSideTranslatorPB.java:147) [ozone-manager-1.3.0-SNAPSHOT.jar:?]
	at org.apache.hadoop.ozone.protocol.proto.OzoneManagerProtocolProtos$OzoneManagerService$2.callBlockingMethod(OzoneManagerProtocolProtos.java) [ozone-interface-client-1.3.0-SNAPSHOT.jar:?]
	at org.apache.hadoop.ipc.ProtobufRpcEngine$Server.processCall(ProtobufRpcEngine.java:466) [hadoop-common-3.3.1.jar:?]
	at org.apache.hadoop.ipc.ProtobufRpcEngine2$Server$ProtoBufRpcInvoker.call(ProtobufRpcEngine2.java:574) [hadoop-common-3.3.1.jar:?]
	at org.apache.hadoop.ipc.ProtobufRpcEngine2$Server$ProtoBufRpcInvoker.call(ProtobufRpcEngine2.java:552) [hadoop-common-3.3.1.jar:?]
	at org.apache.hadoop.ipc.RPC$Server.call(RPC.java:1093) [hadoop-common-3.3.1.jar:?]
	at org.apache.hadoop.ipc.Server$RpcCall.run(Server.java:1035) [hadoop-common-3.3.1.jar:?]
	at org.apache.hadoop.ipc.Server$RpcCall.run(Server.java:963) [hadoop-common-3.3.1.jar:?]
	at java.security.AccessController.doPrivileged(Native Method) ~[?:1.8.0_332]
	at javax.security.auth.Subject.doAs(Subject.java:422) [?:1.8.0_332]
	at org.apache.hadoop.security.UserGroupInformation.doAs(UserGroupInformation.java:1878) [hadoop-common-3.3.1.jar:?]
	at org.apache.hadoop.ipc.Server$Handler.run(Server.java:2966) [hadoop-common-3.3.1.jar:?]
]]></system-out>
  </testcase>
  <testcase name="testRenameToParentDir" classname="TestOzoneFileSystem" time="0.048">
    <system-out><![CDATA[01:55:18.570 [IPC Server handler 9 on default port 35175] ERROR OMAudit - user=runner | ip=127.0.0.1 | op=LIST_STATUS {volume=volume18062, bucket=bucket29054, key=root_dir/dir2, dataSize=0, replicationConfig=null} | ret=FAILURE
org.apache.hadoop.ozone.om.exceptions.OMException: Unable to get file status: volume: volume18062 bucket: bucket29054 key: root_dir/dir2
	at org.apache.hadoop.ozone.om.KeyManagerImpl.getOzoneFileStatus(KeyManagerImpl.java:1311) ~[ozone-manager-1.3.0-SNAPSHOT.jar:?]
	at org.apache.hadoop.ozone.om.KeyManagerImpl.getFileStatus(KeyManagerImpl.java:1241) ~[ozone-manager-1.3.0-SNAPSHOT.jar:?]
	at org.apache.hadoop.ozone.om.KeyManagerImpl.listStatus(KeyManagerImpl.java:1565) ~[ozone-manager-1.3.0-SNAPSHOT.jar:?]
	at org.apache.hadoop.ozone.om.OzoneManager.listStatus(OzoneManager.java:3545) ~[ozone-manager-1.3.0-SNAPSHOT.jar:?]
	at org.apache.hadoop.ozone.protocolPB.OzoneManagerRequestHandler.listStatus(OzoneManagerRequestHandler.java:1043) ~[ozone-manager-1.3.0-SNAPSHOT.jar:?]
	at org.apache.hadoop.ozone.protocolPB.OzoneManagerRequestHandler.handleReadRequest(OzoneManagerRequestHandler.java:235) ~[ozone-manager-1.3.0-SNAPSHOT.jar:?]
	at org.apache.hadoop.ozone.protocolPB.OzoneManagerProtocolServerSideTranslatorPB.submitReadRequestToOM(OzoneManagerProtocolServerSideTranslatorPB.java:226) ~[ozone-manager-1.3.0-SNAPSHOT.jar:?]
	at org.apache.hadoop.ozone.protocolPB.OzoneManagerProtocolServerSideTranslatorPB.processRequest(OzoneManagerProtocolServerSideTranslatorPB.java:175) ~[ozone-manager-1.3.0-SNAPSHOT.jar:?]
	at org.apache.hadoop.hdds.server.OzoneProtocolMessageDispatcher.processRequest(OzoneProtocolMessageDispatcher.java:87) [hdds-server-framework-1.3.0-SNAPSHOT.jar:?]
	at org.apache.hadoop.ozone.protocolPB.OzoneManagerProtocolServerSideTranslatorPB.submitRequest(OzoneManagerProtocolServerSideTranslatorPB.java:147) [ozone-manager-1.3.0-SNAPSHOT.jar:?]
	at org.apache.hadoop.ozone.protocol.proto.OzoneManagerProtocolProtos$OzoneManagerService$2.callBlockingMethod(OzoneManagerProtocolProtos.java) [ozone-interface-client-1.3.0-SNAPSHOT.jar:?]
	at org.apache.hadoop.ipc.ProtobufRpcEngine$Server.processCall(ProtobufRpcEngine.java:466) [hadoop-common-3.3.1.jar:?]
	at org.apache.hadoop.ipc.ProtobufRpcEngine2$Server$ProtoBufRpcInvoker.call(ProtobufRpcEngine2.java:574) [hadoop-common-3.3.1.jar:?]
	at org.apache.hadoop.ipc.ProtobufRpcEngine2$Server$ProtoBufRpcInvoker.call(ProtobufRpcEngine2.java:552) [hadoop-common-3.3.1.jar:?]
	at org.apache.hadoop.ipc.RPC$Server.call(RPC.java:1093) [hadoop-common-3.3.1.jar:?]
	at org.apache.hadoop.ipc.Server$RpcCall.run(Server.java:1035) [hadoop-common-3.3.1.jar:?]
	at org.apache.hadoop.ipc.Server$RpcCall.run(Server.java:963) [hadoop-common-3.3.1.jar:?]
	at java.security.AccessController.doPrivileged(Native Method) ~[?:1.8.0_332]
	at javax.security.auth.Subject.doAs(Subject.java:422) [?:1.8.0_332]
	at org.apache.hadoop.security.UserGroupInformation.doAs(UserGroupInformation.java:1878) [hadoop-common-3.3.1.jar:?]
	at org.apache.hadoop.ipc.Server$Handler.run(Server.java:2966) [hadoop-common-3.3.1.jar:?]
01:55:18.582 [IPC Server handler 2 on default port 35175] ERROR OMAudit - user=runner | ip=127.0.0.1 | op=LIST_STATUS {volume=volume18062, bucket=bucket29054, key=root_dir/file2, dataSize=0, replicationConfig=null} | ret=FAILURE
org.apache.hadoop.ozone.om.exceptions.OMException: Unable to get file status: volume: volume18062 bucket: bucket29054 key: root_dir/file2
	at org.apache.hadoop.ozone.om.KeyManagerImpl.getOzoneFileStatus(KeyManagerImpl.java:1311) ~[ozone-manager-1.3.0-SNAPSHOT.jar:?]
	at org.apache.hadoop.ozone.om.KeyManagerImpl.getFileStatus(KeyManagerImpl.java:1241) ~[ozone-manager-1.3.0-SNAPSHOT.jar:?]
	at org.apache.hadoop.ozone.om.KeyManagerImpl.listStatus(KeyManagerImpl.java:1565) ~[ozone-manager-1.3.0-SNAPSHOT.jar:?]
	at org.apache.hadoop.ozone.om.OzoneManager.listStatus(OzoneManager.java:3545) ~[ozone-manager-1.3.0-SNAPSHOT.jar:?]
	at org.apache.hadoop.ozone.protocolPB.OzoneManagerRequestHandler.listStatus(OzoneManagerRequestHandler.java:1043) ~[ozone-manager-1.3.0-SNAPSHOT.jar:?]
	at org.apache.hadoop.ozone.protocolPB.OzoneManagerRequestHandler.handleReadRequest(OzoneManagerRequestHandler.java:235) ~[ozone-manager-1.3.0-SNAPSHOT.jar:?]
	at org.apache.hadoop.ozone.protocolPB.OzoneManagerProtocolServerSideTranslatorPB.submitReadRequestToOM(OzoneManagerProtocolServerSideTranslatorPB.java:226) ~[ozone-manager-1.3.0-SNAPSHOT.jar:?]
	at org.apache.hadoop.ozone.protocolPB.OzoneManagerProtocolServerSideTranslatorPB.processRequest(OzoneManagerProtocolServerSideTranslatorPB.java:175) ~[ozone-manager-1.3.0-SNAPSHOT.jar:?]
	at org.apache.hadoop.hdds.server.OzoneProtocolMessageDispatcher.processRequest(OzoneProtocolMessageDispatcher.java:87) [hdds-server-framework-1.3.0-SNAPSHOT.jar:?]
	at org.apache.hadoop.ozone.protocolPB.OzoneManagerProtocolServerSideTranslatorPB.submitRequest(OzoneManagerProtocolServerSideTranslatorPB.java:147) [ozone-manager-1.3.0-SNAPSHOT.jar:?]
	at org.apache.hadoop.ozone.protocol.proto.OzoneManagerProtocolProtos$OzoneManagerService$2.callBlockingMethod(OzoneManagerProtocolProtos.java) [ozone-interface-client-1.3.0-SNAPSHOT.jar:?]
	at org.apache.hadoop.ipc.ProtobufRpcEngine$Server.processCall(ProtobufRpcEngine.java:466) [hadoop-common-3.3.1.jar:?]
	at org.apache.hadoop.ipc.ProtobufRpcEngine2$Server$ProtoBufRpcInvoker.call(ProtobufRpcEngine2.java:574) [hadoop-common-3.3.1.jar:?]
	at org.apache.hadoop.ipc.ProtobufRpcEngine2$Server$ProtoBufRpcInvoker.call(ProtobufRpcEngine2.java:552) [hadoop-common-3.3.1.jar:?]
	at org.apache.hadoop.ipc.RPC$Server.call(RPC.java:1093) [hadoop-common-3.3.1.jar:?]
	at org.apache.hadoop.ipc.Server$RpcCall.run(Server.java:1035) [hadoop-common-3.3.1.jar:?]
	at org.apache.hadoop.ipc.Server$RpcCall.run(Server.java:963) [hadoop-common-3.3.1.jar:?]
	at java.security.AccessController.doPrivileged(Native Method) ~[?:1.8.0_332]
	at javax.security.auth.Subject.doAs(Subject.java:422) [?:1.8.0_332]
	at org.apache.hadoop.security.UserGroupInformation.doAs(UserGroupInformation.java:1878) [hadoop-common-3.3.1.jar:?]
	at org.apache.hadoop.ipc.Server$Handler.run(Server.java:2966) [hadoop-common-3.3.1.jar:?]
]]></system-out>
  </testcase>
  <testcase name="testRenameToParentDir" classname="TestOzoneFileSystem" time="0.07">
    <system-out><![CDATA[01:56:29.561 [IPC Server handler 16 on default port 44107] ERROR OMAudit - user=runner | ip=127.0.0.1 | op=LIST_STATUS {volume=volume07240, bucket=bucket34393, key=root_dir/dir2, dataSize=0, replicationConfig=null} | ret=FAILURE
org.apache.hadoop.ozone.om.exceptions.OMException: Unable to get file status: volume: volume07240 bucket: bucket34393 key: root_dir/dir2
	at org.apache.hadoop.ozone.om.KeyManagerImpl.getOzoneFileStatus(KeyManagerImpl.java:1311) ~[ozone-manager-1.3.0-SNAPSHOT.jar:?]
	at org.apache.hadoop.ozone.om.KeyManagerImpl.getFileStatus(KeyManagerImpl.java:1241) ~[ozone-manager-1.3.0-SNAPSHOT.jar:?]
	at org.apache.hadoop.ozone.om.KeyManagerImpl.listStatus(KeyManagerImpl.java:1565) ~[ozone-manager-1.3.0-SNAPSHOT.jar:?]
	at org.apache.hadoop.ozone.om.OzoneManager.listStatus(OzoneManager.java:3545) ~[ozone-manager-1.3.0-SNAPSHOT.jar:?]
	at org.apache.hadoop.ozone.protocolPB.OzoneManagerRequestHandler.listStatus(OzoneManagerRequestHandler.java:1043) ~[ozone-manager-1.3.0-SNAPSHOT.jar:?]
	at org.apache.hadoop.ozone.protocolPB.OzoneManagerRequestHandler.handleReadRequest(OzoneManagerRequestHandler.java:235) ~[ozone-manager-1.3.0-SNAPSHOT.jar:?]
	at org.apache.hadoop.ozone.protocolPB.OzoneManagerProtocolServerSideTranslatorPB.submitRequestDirectlyToOM(OzoneManagerProtocolServerSideTranslatorPB.java:276) ~[ozone-manager-1.3.0-SNAPSHOT.jar:?]
	at org.apache.hadoop.ozone.protocolPB.OzoneManagerProtocolServerSideTranslatorPB.processRequest(OzoneManagerProtocolServerSideTranslatorPB.java:205) ~[ozone-manager-1.3.0-SNAPSHOT.jar:?]
	at org.apache.hadoop.hdds.server.OzoneProtocolMessageDispatcher.processRequest(OzoneProtocolMessageDispatcher.java:87) [hdds-server-framework-1.3.0-SNAPSHOT.jar:?]
	at org.apache.hadoop.ozone.protocolPB.OzoneManagerProtocolServerSideTranslatorPB.submitRequest(OzoneManagerProtocolServerSideTranslatorPB.java:147) [ozone-manager-1.3.0-SNAPSHOT.jar:?]
	at org.apache.hadoop.ozone.protocol.proto.OzoneManagerProtocolProtos$OzoneManagerService$2.callBlockingMethod(OzoneManagerProtocolProtos.java) [ozone-interface-client-1.3.0-SNAPSHOT.jar:?]
	at org.apache.hadoop.ipc.ProtobufRpcEngine$Server.processCall(ProtobufRpcEngine.java:466) [hadoop-common-3.3.1.jar:?]
	at org.apache.hadoop.ipc.ProtobufRpcEngine2$Server$ProtoBufRpcInvoker.call(ProtobufRpcEngine2.java:574) [hadoop-common-3.3.1.jar:?]
	at org.apache.hadoop.ipc.ProtobufRpcEngine2$Server$ProtoBufRpcInvoker.call(ProtobufRpcEngine2.java:552) [hadoop-common-3.3.1.jar:?]
	at org.apache.hadoop.ipc.RPC$Server.call(RPC.java:1093) [hadoop-common-3.3.1.jar:?]
	at org.apache.hadoop.ipc.Server$RpcCall.run(Server.java:1035) [hadoop-common-3.3.1.jar:?]
	at org.apache.hadoop.ipc.Server$RpcCall.run(Server.java:963) [hadoop-common-3.3.1.jar:?]
	at java.security.AccessController.doPrivileged(Native Method) ~[?:1.8.0_332]
	at javax.security.auth.Subject.doAs(Subject.java:422) [?:1.8.0_332]
	at org.apache.hadoop.security.UserGroupInformation.doAs(UserGroupInformation.java:1878) [hadoop-common-3.3.1.jar:?]
	at org.apache.hadoop.ipc.Server$Handler.run(Server.java:2966) [hadoop-common-3.3.1.jar:?]
01:56:29.581 [IPC Server handler 8 on default port 44107] ERROR OMAudit - user=runner | ip=127.0.0.1 | op=LIST_STATUS {volume=volume07240, bucket=bucket34393, key=root_dir/file2, dataSize=0, replicationConfig=null} | ret=FAILURE
org.apache.hadoop.ozone.om.exceptions.OMException: Unable to get file status: volume: volume07240 bucket: bucket34393 key: root_dir/file2
	at org.apache.hadoop.ozone.om.KeyManagerImpl.getOzoneFileStatus(KeyManagerImpl.java:1311) ~[ozone-manager-1.3.0-SNAPSHOT.jar:?]
	at org.apache.hadoop.ozone.om.KeyManagerImpl.getFileStatus(KeyManagerImpl.java:1241) ~[ozone-manager-1.3.0-SNAPSHOT.jar:?]
	at org.apache.hadoop.ozone.om.KeyManagerImpl.listStatus(KeyManagerImpl.java:1565) ~[ozone-manager-1.3.0-SNAPSHOT.jar:?]
	at org.apache.hadoop.ozone.om.OzoneManager.listStatus(OzoneManager.java:3545) ~[ozone-manager-1.3.0-SNAPSHOT.jar:?]
	at org.apache.hadoop.ozone.protocolPB.OzoneManagerRequestHandler.listStatus(OzoneManagerRequestHandler.java:1043) ~[ozone-manager-1.3.0-SNAPSHOT.jar:?]
	at org.apache.hadoop.ozone.protocolPB.OzoneManagerRequestHandler.handleReadRequest(OzoneManagerRequestHandler.java:235) ~[ozone-manager-1.3.0-SNAPSHOT.jar:?]
	at org.apache.hadoop.ozone.protocolPB.OzoneManagerProtocolServerSideTranslatorPB.submitRequestDirectlyToOM(OzoneManagerProtocolServerSideTranslatorPB.java:276) ~[ozone-manager-1.3.0-SNAPSHOT.jar:?]
	at org.apache.hadoop.ozone.protocolPB.OzoneManagerProtocolServerSideTranslatorPB.processRequest(OzoneManagerProtocolServerSideTranslatorPB.java:205) ~[ozone-manager-1.3.0-SNAPSHOT.jar:?]
	at org.apache.hadoop.hdds.server.OzoneProtocolMessageDispatcher.processRequest(OzoneProtocolMessageDispatcher.java:87) [hdds-server-framework-1.3.0-SNAPSHOT.jar:?]
	at org.apache.hadoop.ozone.protocolPB.OzoneManagerProtocolServerSideTranslatorPB.submitRequest(OzoneManagerProtocolServerSideTranslatorPB.java:147) [ozone-manager-1.3.0-SNAPSHOT.jar:?]
	at org.apache.hadoop.ozone.protocol.proto.OzoneManagerProtocolProtos$OzoneManagerService$2.callBlockingMethod(OzoneManagerProtocolProtos.java) [ozone-interface-client-1.3.0-SNAPSHOT.jar:?]
	at org.apache.hadoop.ipc.ProtobufRpcEngine$Server.processCall(ProtobufRpcEngine.java:466) [hadoop-common-3.3.1.jar:?]
	at org.apache.hadoop.ipc.ProtobufRpcEngine2$Server$ProtoBufRpcInvoker.call(ProtobufRpcEngine2.java:574) [hadoop-common-3.3.1.jar:?]
	at org.apache.hadoop.ipc.ProtobufRpcEngine2$Server$ProtoBufRpcInvoker.call(ProtobufRpcEngine2.java:552) [hadoop-common-3.3.1.jar:?]
	at org.apache.hadoop.ipc.RPC$Server.call(RPC.java:1093) [hadoop-common-3.3.1.jar:?]
	at org.apache.hadoop.ipc.Server$RpcCall.run(Server.java:1035) [hadoop-common-3.3.1.jar:?]
	at org.apache.hadoop.ipc.Server$RpcCall.run(Server.java:963) [hadoop-common-3.3.1.jar:?]
	at java.security.AccessController.doPrivileged(Native Method) ~[?:1.8.0_332]
	at javax.security.auth.Subject.doAs(Subject.java:422) [?:1.8.0_332]
	at org.apache.hadoop.security.UserGroupInformation.doAs(UserGroupInformation.java:1878) [hadoop-common-3.3.1.jar:?]
	at org.apache.hadoop.ipc.Server$Handler.run(Server.java:2966) [hadoop-common-3.3.1.jar:?]
]]></system-out>
  </testcase>
  <testcase name="testRenameToParentDir" classname="TestOzoneFileSystem" time="0.057">
    <system-out><![CDATA[01:57:39.843 [IPC Server handler 12 on default port 36611] ERROR OMAudit - user=runner | ip=127.0.0.1 | op=LIST_STATUS {volume=volume58070, bucket=bucket54574, key=root_dir/dir2, dataSize=0, replicationConfig=null} | ret=FAILURE
org.apache.hadoop.ozone.om.exceptions.OMException: Unable to get file status: volume: volume58070 bucket: bucket54574 key: root_dir/dir2
	at org.apache.hadoop.ozone.om.KeyManagerImpl.getOzoneFileStatus(KeyManagerImpl.java:1311) ~[ozone-manager-1.3.0-SNAPSHOT.jar:?]
	at org.apache.hadoop.ozone.om.KeyManagerImpl.getFileStatus(KeyManagerImpl.java:1241) ~[ozone-manager-1.3.0-SNAPSHOT.jar:?]
	at org.apache.hadoop.ozone.om.KeyManagerImpl.listStatus(KeyManagerImpl.java:1565) ~[ozone-manager-1.3.0-SNAPSHOT.jar:?]
	at org.apache.hadoop.ozone.om.OzoneManager.listStatus(OzoneManager.java:3545) ~[ozone-manager-1.3.0-SNAPSHOT.jar:?]
	at org.apache.hadoop.ozone.protocolPB.OzoneManagerRequestHandler.listStatus(OzoneManagerRequestHandler.java:1043) ~[ozone-manager-1.3.0-SNAPSHOT.jar:?]
	at org.apache.hadoop.ozone.protocolPB.OzoneManagerRequestHandler.handleReadRequest(OzoneManagerRequestHandler.java:235) ~[ozone-manager-1.3.0-SNAPSHOT.jar:?]
	at org.apache.hadoop.ozone.protocolPB.OzoneManagerProtocolServerSideTranslatorPB.submitReadRequestToOM(OzoneManagerProtocolServerSideTranslatorPB.java:226) ~[ozone-manager-1.3.0-SNAPSHOT.jar:?]
	at org.apache.hadoop.ozone.protocolPB.OzoneManagerProtocolServerSideTranslatorPB.processRequest(OzoneManagerProtocolServerSideTranslatorPB.java:175) ~[ozone-manager-1.3.0-SNAPSHOT.jar:?]
	at org.apache.hadoop.hdds.server.OzoneProtocolMessageDispatcher.processRequest(OzoneProtocolMessageDispatcher.java:87) [hdds-server-framework-1.3.0-SNAPSHOT.jar:?]
	at org.apache.hadoop.ozone.protocolPB.OzoneManagerProtocolServerSideTranslatorPB.submitRequest(OzoneManagerProtocolServerSideTranslatorPB.java:147) [ozone-manager-1.3.0-SNAPSHOT.jar:?]
	at org.apache.hadoop.ozone.protocol.proto.OzoneManagerProtocolProtos$OzoneManagerService$2.callBlockingMethod(OzoneManagerProtocolProtos.java) [ozone-interface-client-1.3.0-SNAPSHOT.jar:?]
	at org.apache.hadoop.ipc.ProtobufRpcEngine$Server.processCall(ProtobufRpcEngine.java:466) [hadoop-common-3.3.1.jar:?]
	at org.apache.hadoop.ipc.ProtobufRpcEngine2$Server$ProtoBufRpcInvoker.call(ProtobufRpcEngine2.java:574) [hadoop-common-3.3.1.jar:?]
	at org.apache.hadoop.ipc.ProtobufRpcEngine2$Server$ProtoBufRpcInvoker.call(ProtobufRpcEngine2.java:552) [hadoop-common-3.3.1.jar:?]
	at org.apache.hadoop.ipc.RPC$Server.call(RPC.java:1093) [hadoop-common-3.3.1.jar:?]
	at org.apache.hadoop.ipc.Server$RpcCall.run(Server.java:1035) [hadoop-common-3.3.1.jar:?]
	at org.apache.hadoop.ipc.Server$RpcCall.run(Server.java:963) [hadoop-common-3.3.1.jar:?]
	at java.security.AccessController.doPrivileged(Native Method) ~[?:1.8.0_332]
	at javax.security.auth.Subject.doAs(Subject.java:422) [?:1.8.0_332]
	at org.apache.hadoop.security.UserGroupInformation.doAs(UserGroupInformation.java:1878) [hadoop-common-3.3.1.jar:?]
	at org.apache.hadoop.ipc.Server$Handler.run(Server.java:2966) [hadoop-common-3.3.1.jar:?]
01:57:39.854 [IPC Server handler 14 on default port 36611] ERROR OMAudit - user=runner | ip=127.0.0.1 | op=LIST_STATUS {volume=volume58070, bucket=bucket54574, key=root_dir/file2, dataSize=0, replicationConfig=null} | ret=FAILURE
org.apache.hadoop.ozone.om.exceptions.OMException: Unable to get file status: volume: volume58070 bucket: bucket54574 key: root_dir/file2
	at org.apache.hadoop.ozone.om.KeyManagerImpl.getOzoneFileStatus(KeyManagerImpl.java:1311) ~[ozone-manager-1.3.0-SNAPSHOT.jar:?]
	at org.apache.hadoop.ozone.om.KeyManagerImpl.getFileStatus(KeyManagerImpl.java:1241) ~[ozone-manager-1.3.0-SNAPSHOT.jar:?]
	at org.apache.hadoop.ozone.om.KeyManagerImpl.listStatus(KeyManagerImpl.java:1565) ~[ozone-manager-1.3.0-SNAPSHOT.jar:?]
	at org.apache.hadoop.ozone.om.OzoneManager.listStatus(OzoneManager.java:3545) ~[ozone-manager-1.3.0-SNAPSHOT.jar:?]
	at org.apache.hadoop.ozone.protocolPB.OzoneManagerRequestHandler.listStatus(OzoneManagerRequestHandler.java:1043) ~[ozone-manager-1.3.0-SNAPSHOT.jar:?]
	at org.apache.hadoop.ozone.protocolPB.OzoneManagerRequestHandler.handleReadRequest(OzoneManagerRequestHandler.java:235) ~[ozone-manager-1.3.0-SNAPSHOT.jar:?]
	at org.apache.hadoop.ozone.protocolPB.OzoneManagerProtocolServerSideTranslatorPB.submitReadRequestToOM(OzoneManagerProtocolServerSideTranslatorPB.java:226) ~[ozone-manager-1.3.0-SNAPSHOT.jar:?]
	at org.apache.hadoop.ozone.protocolPB.OzoneManagerProtocolServerSideTranslatorPB.processRequest(OzoneManagerProtocolServerSideTranslatorPB.java:175) ~[ozone-manager-1.3.0-SNAPSHOT.jar:?]
	at org.apache.hadoop.hdds.server.OzoneProtocolMessageDispatcher.processRequest(OzoneProtocolMessageDispatcher.java:87) [hdds-server-framework-1.3.0-SNAPSHOT.jar:?]
	at org.apache.hadoop.ozone.protocolPB.OzoneManagerProtocolServerSideTranslatorPB.submitRequest(OzoneManagerProtocolServerSideTranslatorPB.java:147) [ozone-manager-1.3.0-SNAPSHOT.jar:?]
	at org.apache.hadoop.ozone.protocol.proto.OzoneManagerProtocolProtos$OzoneManagerService$2.callBlockingMethod(OzoneManagerProtocolProtos.java) [ozone-interface-client-1.3.0-SNAPSHOT.jar:?]
	at org.apache.hadoop.ipc.ProtobufRpcEngine$Server.processCall(ProtobufRpcEngine.java:466) [hadoop-common-3.3.1.jar:?]
	at org.apache.hadoop.ipc.ProtobufRpcEngine2$Server$ProtoBufRpcInvoker.call(ProtobufRpcEngine2.java:574) [hadoop-common-3.3.1.jar:?]
	at org.apache.hadoop.ipc.ProtobufRpcEngine2$Server$ProtoBufRpcInvoker.call(ProtobufRpcEngine2.java:552) [hadoop-common-3.3.1.jar:?]
	at org.apache.hadoop.ipc.RPC$Server.call(RPC.java:1093) [hadoop-common-3.3.1.jar:?]
	at org.apache.hadoop.ipc.Server$RpcCall.run(Server.java:1035) [hadoop-common-3.3.1.jar:?]
	at org.apache.hadoop.ipc.Server$RpcCall.run(Server.java:963) [hadoop-common-3.3.1.jar:?]
	at java.security.AccessController.doPrivileged(Native Method) ~[?:1.8.0_332]
	at javax.security.auth.Subject.doAs(Subject.java:422) [?:1.8.0_332]
	at org.apache.hadoop.security.UserGroupInformation.doAs(UserGroupInformation.java:1878) [hadoop-common-3.3.1.jar:?]
	at org.apache.hadoop.ipc.Server$Handler.run(Server.java:2966) [hadoop-common-3.3.1.jar:?]
]]></system-out>
  </testcase>
  <testcase name="testRenameToParentDir" classname="TestOzoneFileSystem" time="0.094">
    <system-out><![CDATA[01:59:09.745 [IPC Server handler 1 on default port 36513] ERROR OMAudit - user=runner | ip=127.0.0.1 | op=LIST_STATUS {volume=volume26320, bucket=bucket57581, key=root_dir/dir2, dataSize=0, replicationConfig=null} | ret=FAILURE
org.apache.hadoop.ozone.om.exceptions.OMException: Unable to get file status: volume: volume26320 bucket: bucket57581 key: root_dir/dir2
	at org.apache.hadoop.ozone.om.KeyManagerImpl.getOzoneFileStatus(KeyManagerImpl.java:1311) ~[ozone-manager-1.3.0-SNAPSHOT.jar:?]
	at org.apache.hadoop.ozone.om.KeyManagerImpl.getFileStatus(KeyManagerImpl.java:1241) ~[ozone-manager-1.3.0-SNAPSHOT.jar:?]
	at org.apache.hadoop.ozone.om.KeyManagerImpl.listStatus(KeyManagerImpl.java:1565) ~[ozone-manager-1.3.0-SNAPSHOT.jar:?]
	at org.apache.hadoop.ozone.om.OzoneManager.listStatus(OzoneManager.java:3545) ~[ozone-manager-1.3.0-SNAPSHOT.jar:?]
	at org.apache.hadoop.ozone.protocolPB.OzoneManagerRequestHandler.listStatus(OzoneManagerRequestHandler.java:1043) ~[ozone-manager-1.3.0-SNAPSHOT.jar:?]
	at org.apache.hadoop.ozone.protocolPB.OzoneManagerRequestHandler.handleReadRequest(OzoneManagerRequestHandler.java:235) ~[ozone-manager-1.3.0-SNAPSHOT.jar:?]
	at org.apache.hadoop.ozone.protocolPB.OzoneManagerProtocolServerSideTranslatorPB.submitRequestDirectlyToOM(OzoneManagerProtocolServerSideTranslatorPB.java:276) ~[ozone-manager-1.3.0-SNAPSHOT.jar:?]
	at org.apache.hadoop.ozone.protocolPB.OzoneManagerProtocolServerSideTranslatorPB.processRequest(OzoneManagerProtocolServerSideTranslatorPB.java:205) ~[ozone-manager-1.3.0-SNAPSHOT.jar:?]
	at org.apache.hadoop.hdds.server.OzoneProtocolMessageDispatcher.processRequest(OzoneProtocolMessageDispatcher.java:87) [hdds-server-framework-1.3.0-SNAPSHOT.jar:?]
	at org.apache.hadoop.ozone.protocolPB.OzoneManagerProtocolServerSideTranslatorPB.submitRequest(OzoneManagerProtocolServerSideTranslatorPB.java:147) [ozone-manager-1.3.0-SNAPSHOT.jar:?]
	at org.apache.hadoop.ozone.protocol.proto.OzoneManagerProtocolProtos$OzoneManagerService$2.callBlockingMethod(OzoneManagerProtocolProtos.java) [ozone-interface-client-1.3.0-SNAPSHOT.jar:?]
	at org.apache.hadoop.ipc.ProtobufRpcEngine$Server.processCall(ProtobufRpcEngine.java:466) [hadoop-common-3.3.1.jar:?]
	at org.apache.hadoop.ipc.ProtobufRpcEngine2$Server$ProtoBufRpcInvoker.call(ProtobufRpcEngine2.java:574) [hadoop-common-3.3.1.jar:?]
	at org.apache.hadoop.ipc.ProtobufRpcEngine2$Server$ProtoBufRpcInvoker.call(ProtobufRpcEngine2.java:552) [hadoop-common-3.3.1.jar:?]
	at org.apache.hadoop.ipc.RPC$Server.call(RPC.java:1093) [hadoop-common-3.3.1.jar:?]
	at org.apache.hadoop.ipc.Server$RpcCall.run(Server.java:1035) [hadoop-common-3.3.1.jar:?]
	at org.apache.hadoop.ipc.Server$RpcCall.run(Server.java:963) [hadoop-common-3.3.1.jar:?]
	at java.security.AccessController.doPrivileged(Native Method) ~[?:1.8.0_332]
	at javax.security.auth.Subject.doAs(Subject.java:422) [?:1.8.0_332]
	at org.apache.hadoop.security.UserGroupInformation.doAs(UserGroupInformation.java:1878) [hadoop-common-3.3.1.jar:?]
	at org.apache.hadoop.ipc.Server$Handler.run(Server.java:2966) [hadoop-common-3.3.1.jar:?]
01:59:09.758 [IPC Server handler 12 on default port 36513] ERROR OMAudit - user=runner | ip=127.0.0.1 | op=LIST_STATUS {volume=volume26320, bucket=bucket57581, key=root_dir/file2, dataSize=0, replicationConfig=null} | ret=FAILURE
org.apache.hadoop.ozone.om.exceptions.OMException: Unable to get file status: volume: volume26320 bucket: bucket57581 key: root_dir/file2
	at org.apache.hadoop.ozone.om.KeyManagerImpl.getOzoneFileStatus(KeyManagerImpl.java:1311) ~[ozone-manager-1.3.0-SNAPSHOT.jar:?]
	at org.apache.hadoop.ozone.om.KeyManagerImpl.getFileStatus(KeyManagerImpl.java:1241) ~[ozone-manager-1.3.0-SNAPSHOT.jar:?]
	at org.apache.hadoop.ozone.om.KeyManagerImpl.listStatus(KeyManagerImpl.java:1565) ~[ozone-manager-1.3.0-SNAPSHOT.jar:?]
	at org.apache.hadoop.ozone.om.OzoneManager.listStatus(OzoneManager.java:3545) ~[ozone-manager-1.3.0-SNAPSHOT.jar:?]
	at org.apache.hadoop.ozone.protocolPB.OzoneManagerRequestHandler.listStatus(OzoneManagerRequestHandler.java:1043) ~[ozone-manager-1.3.0-SNAPSHOT.jar:?]
	at org.apache.hadoop.ozone.protocolPB.OzoneManagerRequestHandler.handleReadRequest(OzoneManagerRequestHandler.java:235) ~[ozone-manager-1.3.0-SNAPSHOT.jar:?]
	at org.apache.hadoop.ozone.protocolPB.OzoneManagerProtocolServerSideTranslatorPB.submitRequestDirectlyToOM(OzoneManagerProtocolServerSideTranslatorPB.java:276) ~[ozone-manager-1.3.0-SNAPSHOT.jar:?]
	at org.apache.hadoop.ozone.protocolPB.OzoneManagerProtocolServerSideTranslatorPB.processRequest(OzoneManagerProtocolServerSideTranslatorPB.java:205) ~[ozone-manager-1.3.0-SNAPSHOT.jar:?]
	at org.apache.hadoop.hdds.server.OzoneProtocolMessageDispatcher.processRequest(OzoneProtocolMessageDispatcher.java:87) [hdds-server-framework-1.3.0-SNAPSHOT.jar:?]
	at org.apache.hadoop.ozone.protocolPB.OzoneManagerProtocolServerSideTranslatorPB.submitRequest(OzoneManagerProtocolServerSideTranslatorPB.java:147) [ozone-manager-1.3.0-SNAPSHOT.jar:?]
	at org.apache.hadoop.ozone.protocol.proto.OzoneManagerProtocolProtos$OzoneManagerService$2.callBlockingMethod(OzoneManagerProtocolProtos.java) [ozone-interface-client-1.3.0-SNAPSHOT.jar:?]
	at org.apache.hadoop.ipc.ProtobufRpcEngine$Server.processCall(ProtobufRpcEngine.java:466) [hadoop-common-3.3.1.jar:?]
	at org.apache.hadoop.ipc.ProtobufRpcEngine2$Server$ProtoBufRpcInvoker.call(ProtobufRpcEngine2.java:574) [hadoop-common-3.3.1.jar:?]
	at org.apache.hadoop.ipc.ProtobufRpcEngine2$Server$ProtoBufRpcInvoker.call(ProtobufRpcEngine2.java:552) [hadoop-common-3.3.1.jar:?]
	at org.apache.hadoop.ipc.RPC$Server.call(RPC.java:1093) [hadoop-common-3.3.1.jar:?]
	at org.apache.hadoop.ipc.Server$RpcCall.run(Server.java:1035) [hadoop-common-3.3.1.jar:?]
	at org.apache.hadoop.ipc.Server$RpcCall.run(Server.java:963) [hadoop-common-3.3.1.jar:?]
	at java.security.AccessController.doPrivileged(Native Method) ~[?:1.8.0_332]
	at javax.security.auth.Subject.doAs(Subject.java:422) [?:1.8.0_332]
	at org.apache.hadoop.security.UserGroupInformation.doAs(UserGroupInformation.java:1878) [hadoop-common-3.3.1.jar:?]
	at org.apache.hadoop.ipc.Server$Handler.run(Server.java:2966) [hadoop-common-3.3.1.jar:?]
]]></system-out>
  </testcase>
  <testcase name="testListStatusOnSubDirs" classname="TestOzoneFileSystem" time="0.038"/>
  <testcase name="testListStatusOnSubDirs" classname="TestOzoneFileSystem" time="0.049"/>
  <testcase name="testListStatusOnSubDirs" classname="TestOzoneFileSystem" time="0.082"/>
  <testcase name="testListStatusOnSubDirs" classname="TestOzoneFileSystem" time="0.056"/>
  <testcase name="testListStatus" classname="TestOzoneFileSystem" time="0.064"/>
  <testcase name="testListStatus" classname="TestOzoneFileSystem" time="0.031"/>
  <testcase name="testListStatus" classname="TestOzoneFileSystem" time="0.088"/>
  <testcase name="testListStatus" classname="TestOzoneFileSystem" time="0.07"/>
  <testcase name="testRecursiveDelete" classname="TestOzoneFileSystem" time="0.307">
    <system-out><![CDATA[01:55:18.831 [IPC Server handler 14 on default port 35175] ERROR OMAudit - user=runner | ip=127.0.0.1 | op=GET_FILE_STATUS {volume=volume18062, bucket=bucket29054, key=gdir1, dataSize=0, replicationConfig=null} | ret=FAILURE
org.apache.hadoop.ozone.om.exceptions.OMException: Unable to get file status: volume: volume18062 bucket: bucket29054 key: gdir1
	at org.apache.hadoop.ozone.om.KeyManagerImpl.getOzoneFileStatus(KeyManagerImpl.java:1311) ~[ozone-manager-1.3.0-SNAPSHOT.jar:?]
	at org.apache.hadoop.ozone.om.KeyManagerImpl.getFileStatus(KeyManagerImpl.java:1241) ~[ozone-manager-1.3.0-SNAPSHOT.jar:?]
	at org.apache.hadoop.ozone.om.OzoneManager.getFileStatus(OzoneManager.java:3467) ~[ozone-manager-1.3.0-SNAPSHOT.jar:?]
	at org.apache.hadoop.ozone.protocolPB.OzoneManagerRequestHandler.getOzoneFileStatus(OzoneManagerRequestHandler.java:878) ~[ozone-manager-1.3.0-SNAPSHOT.jar:?]
	at org.apache.hadoop.ozone.protocolPB.OzoneManagerRequestHandler.handleReadRequest(OzoneManagerRequestHandler.java:224) ~[ozone-manager-1.3.0-SNAPSHOT.jar:?]
	at org.apache.hadoop.ozone.protocolPB.OzoneManagerProtocolServerSideTranslatorPB.submitReadRequestToOM(OzoneManagerProtocolServerSideTranslatorPB.java:226) ~[ozone-manager-1.3.0-SNAPSHOT.jar:?]
	at org.apache.hadoop.ozone.protocolPB.OzoneManagerProtocolServerSideTranslatorPB.processRequest(OzoneManagerProtocolServerSideTranslatorPB.java:175) ~[ozone-manager-1.3.0-SNAPSHOT.jar:?]
	at org.apache.hadoop.hdds.server.OzoneProtocolMessageDispatcher.processRequest(OzoneProtocolMessageDispatcher.java:87) [hdds-server-framework-1.3.0-SNAPSHOT.jar:?]
	at org.apache.hadoop.ozone.protocolPB.OzoneManagerProtocolServerSideTranslatorPB.submitRequest(OzoneManagerProtocolServerSideTranslatorPB.java:147) [ozone-manager-1.3.0-SNAPSHOT.jar:?]
	at org.apache.hadoop.ozone.protocol.proto.OzoneManagerProtocolProtos$OzoneManagerService$2.callBlockingMethod(OzoneManagerProtocolProtos.java) [ozone-interface-client-1.3.0-SNAPSHOT.jar:?]
	at org.apache.hadoop.ipc.ProtobufRpcEngine$Server.processCall(ProtobufRpcEngine.java:466) [hadoop-common-3.3.1.jar:?]
	at org.apache.hadoop.ipc.ProtobufRpcEngine2$Server$ProtoBufRpcInvoker.call(ProtobufRpcEngine2.java:574) [hadoop-common-3.3.1.jar:?]
	at org.apache.hadoop.ipc.ProtobufRpcEngine2$Server$ProtoBufRpcInvoker.call(ProtobufRpcEngine2.java:552) [hadoop-common-3.3.1.jar:?]
	at org.apache.hadoop.ipc.RPC$Server.call(RPC.java:1093) [hadoop-common-3.3.1.jar:?]
	at org.apache.hadoop.ipc.Server$RpcCall.run(Server.java:1035) [hadoop-common-3.3.1.jar:?]
	at org.apache.hadoop.ipc.Server$RpcCall.run(Server.java:963) [hadoop-common-3.3.1.jar:?]
	at java.security.AccessController.doPrivileged(Native Method) ~[?:1.8.0_332]
	at javax.security.auth.Subject.doAs(Subject.java:422) [?:1.8.0_332]
	at org.apache.hadoop.security.UserGroupInformation.doAs(UserGroupInformation.java:1878) [hadoop-common-3.3.1.jar:?]
	at org.apache.hadoop.ipc.Server$Handler.run(Server.java:2966) [hadoop-common-3.3.1.jar:?]
01:55:18.832 [IPC Server handler 10 on default port 35175] ERROR OMAudit - user=runner | ip=127.0.0.1 | op=GET_FILE_STATUS {volume=volume18062, bucket=bucket29054, key=gdir1/dir1, dataSize=0, replicationConfig=null} | ret=FAILURE
org.apache.hadoop.ozone.om.exceptions.OMException: Unable to get file status: volume: volume18062 bucket: bucket29054 key: gdir1/dir1
	at org.apache.hadoop.ozone.om.KeyManagerImpl.getOzoneFileStatus(KeyManagerImpl.java:1311) ~[ozone-manager-1.3.0-SNAPSHOT.jar:?]
	at org.apache.hadoop.ozone.om.KeyManagerImpl.getFileStatus(KeyManagerImpl.java:1241) ~[ozone-manager-1.3.0-SNAPSHOT.jar:?]
	at org.apache.hadoop.ozone.om.OzoneManager.getFileStatus(OzoneManager.java:3467) ~[ozone-manager-1.3.0-SNAPSHOT.jar:?]
	at org.apache.hadoop.ozone.protocolPB.OzoneManagerRequestHandler.getOzoneFileStatus(OzoneManagerRequestHandler.java:878) ~[ozone-manager-1.3.0-SNAPSHOT.jar:?]
	at org.apache.hadoop.ozone.protocolPB.OzoneManagerRequestHandler.handleReadRequest(OzoneManagerRequestHandler.java:224) ~[ozone-manager-1.3.0-SNAPSHOT.jar:?]
	at org.apache.hadoop.ozone.protocolPB.OzoneManagerProtocolServerSideTranslatorPB.submitReadRequestToOM(OzoneManagerProtocolServerSideTranslatorPB.java:226) ~[ozone-manager-1.3.0-SNAPSHOT.jar:?]
	at org.apache.hadoop.ozone.protocolPB.OzoneManagerProtocolServerSideTranslatorPB.processRequest(OzoneManagerProtocolServerSideTranslatorPB.java:175) ~[ozone-manager-1.3.0-SNAPSHOT.jar:?]
	at org.apache.hadoop.hdds.server.OzoneProtocolMessageDispatcher.processRequest(OzoneProtocolMessageDispatcher.java:87) [hdds-server-framework-1.3.0-SNAPSHOT.jar:?]
	at org.apache.hadoop.ozone.protocolPB.OzoneManagerProtocolServerSideTranslatorPB.submitRequest(OzoneManagerProtocolServerSideTranslatorPB.java:147) [ozone-manager-1.3.0-SNAPSHOT.jar:?]
	at org.apache.hadoop.ozone.protocol.proto.OzoneManagerProtocolProtos$OzoneManagerService$2.callBlockingMethod(OzoneManagerProtocolProtos.java) [ozone-interface-client-1.3.0-SNAPSHOT.jar:?]
	at org.apache.hadoop.ipc.ProtobufRpcEngine$Server.processCall(ProtobufRpcEngine.java:466) [hadoop-common-3.3.1.jar:?]
	at org.apache.hadoop.ipc.ProtobufRpcEngine2$Server$ProtoBufRpcInvoker.call(ProtobufRpcEngine2.java:574) [hadoop-common-3.3.1.jar:?]
	at org.apache.hadoop.ipc.ProtobufRpcEngine2$Server$ProtoBufRpcInvoker.call(ProtobufRpcEngine2.java:552) [hadoop-common-3.3.1.jar:?]
	at org.apache.hadoop.ipc.RPC$Server.call(RPC.java:1093) [hadoop-common-3.3.1.jar:?]
	at org.apache.hadoop.ipc.Server$RpcCall.run(Server.java:1035) [hadoop-common-3.3.1.jar:?]
	at org.apache.hadoop.ipc.Server$RpcCall.run(Server.java:963) [hadoop-common-3.3.1.jar:?]
	at java.security.AccessController.doPrivileged(Native Method) ~[?:1.8.0_332]
	at javax.security.auth.Subject.doAs(Subject.java:422) [?:1.8.0_332]
	at org.apache.hadoop.security.UserGroupInformation.doAs(UserGroupInformation.java:1878) [hadoop-common-3.3.1.jar:?]
	at org.apache.hadoop.ipc.Server$Handler.run(Server.java:2966) [hadoop-common-3.3.1.jar:?]
01:55:18.834 [IPC Server handler 15 on default port 35175] ERROR OMAudit - user=runner | ip=127.0.0.1 | op=GET_FILE_STATUS {volume=volume18062, bucket=bucket29054, key=gdir1/dir1/child, dataSize=0, replicationConfig=null} | ret=FAILURE
org.apache.hadoop.ozone.om.exceptions.OMException: Unable to get file status: volume: volume18062 bucket: bucket29054 key: gdir1/dir1/child
	at org.apache.hadoop.ozone.om.KeyManagerImpl.getOzoneFileStatus(KeyManagerImpl.java:1311) ~[ozone-manager-1.3.0-SNAPSHOT.jar:?]
	at org.apache.hadoop.ozone.om.KeyManagerImpl.getFileStatus(KeyManagerImpl.java:1241) ~[ozone-manager-1.3.0-SNAPSHOT.jar:?]
	at org.apache.hadoop.ozone.om.OzoneManager.getFileStatus(OzoneManager.java:3467) ~[ozone-manager-1.3.0-SNAPSHOT.jar:?]
	at org.apache.hadoop.ozone.protocolPB.OzoneManagerRequestHandler.getOzoneFileStatus(OzoneManagerRequestHandler.java:878) ~[ozone-manager-1.3.0-SNAPSHOT.jar:?]
	at org.apache.hadoop.ozone.protocolPB.OzoneManagerRequestHandler.handleReadRequest(OzoneManagerRequestHandler.java:224) ~[ozone-manager-1.3.0-SNAPSHOT.jar:?]
	at org.apache.hadoop.ozone.protocolPB.OzoneManagerProtocolServerSideTranslatorPB.submitReadRequestToOM(OzoneManagerProtocolServerSideTranslatorPB.java:226) ~[ozone-manager-1.3.0-SNAPSHOT.jar:?]
	at org.apache.hadoop.ozone.protocolPB.OzoneManagerProtocolServerSideTranslatorPB.processRequest(OzoneManagerProtocolServerSideTranslatorPB.java:175) ~[ozone-manager-1.3.0-SNAPSHOT.jar:?]
	at org.apache.hadoop.hdds.server.OzoneProtocolMessageDispatcher.processRequest(OzoneProtocolMessageDispatcher.java:87) [hdds-server-framework-1.3.0-SNAPSHOT.jar:?]
	at org.apache.hadoop.ozone.protocolPB.OzoneManagerProtocolServerSideTranslatorPB.submitRequest(OzoneManagerProtocolServerSideTranslatorPB.java:147) [ozone-manager-1.3.0-SNAPSHOT.jar:?]
	at org.apache.hadoop.ozone.protocol.proto.OzoneManagerProtocolProtos$OzoneManagerService$2.callBlockingMethod(OzoneManagerProtocolProtos.java) [ozone-interface-client-1.3.0-SNAPSHOT.jar:?]
	at org.apache.hadoop.ipc.ProtobufRpcEngine$Server.processCall(ProtobufRpcEngine.java:466) [hadoop-common-3.3.1.jar:?]
	at org.apache.hadoop.ipc.ProtobufRpcEngine2$Server$ProtoBufRpcInvoker.call(ProtobufRpcEngine2.java:574) [hadoop-common-3.3.1.jar:?]
	at org.apache.hadoop.ipc.ProtobufRpcEngine2$Server$ProtoBufRpcInvoker.call(ProtobufRpcEngine2.java:552) [hadoop-common-3.3.1.jar:?]
	at org.apache.hadoop.ipc.RPC$Server.call(RPC.java:1093) [hadoop-common-3.3.1.jar:?]
	at org.apache.hadoop.ipc.Server$RpcCall.run(Server.java:1035) [hadoop-common-3.3.1.jar:?]
	at org.apache.hadoop.ipc.Server$RpcCall.run(Server.java:963) [hadoop-common-3.3.1.jar:?]
	at java.security.AccessController.doPrivileged(Native Method) ~[?:1.8.0_332]
	at javax.security.auth.Subject.doAs(Subject.java:422) [?:1.8.0_332]
	at org.apache.hadoop.security.UserGroupInformation.doAs(UserGroupInformation.java:1878) [hadoop-common-3.3.1.jar:?]
	at org.apache.hadoop.ipc.Server$Handler.run(Server.java:2966) [hadoop-common-3.3.1.jar:?]
01:55:18.835 [IPC Server handler 18 on default port 35175] ERROR OMAudit - user=runner | ip=127.0.0.1 | op=GET_FILE_STATUS {volume=volume18062, bucket=bucket29054, key=gdir1/dir2, dataSize=0, replicationConfig=null} | ret=FAILURE
org.apache.hadoop.ozone.om.exceptions.OMException: Unable to get file status: volume: volume18062 bucket: bucket29054 key: gdir1/dir2
	at org.apache.hadoop.ozone.om.KeyManagerImpl.getOzoneFileStatus(KeyManagerImpl.java:1311) ~[ozone-manager-1.3.0-SNAPSHOT.jar:?]
	at org.apache.hadoop.ozone.om.KeyManagerImpl.getFileStatus(KeyManagerImpl.java:1241) ~[ozone-manager-1.3.0-SNAPSHOT.jar:?]
	at org.apache.hadoop.ozone.om.OzoneManager.getFileStatus(OzoneManager.java:3467) ~[ozone-manager-1.3.0-SNAPSHOT.jar:?]
	at org.apache.hadoop.ozone.protocolPB.OzoneManagerRequestHandler.getOzoneFileStatus(OzoneManagerRequestHandler.java:878) ~[ozone-manager-1.3.0-SNAPSHOT.jar:?]
	at org.apache.hadoop.ozone.protocolPB.OzoneManagerRequestHandler.handleReadRequest(OzoneManagerRequestHandler.java:224) ~[ozone-manager-1.3.0-SNAPSHOT.jar:?]
	at org.apache.hadoop.ozone.protocolPB.OzoneManagerProtocolServerSideTranslatorPB.submitReadRequestToOM(OzoneManagerProtocolServerSideTranslatorPB.java:226) ~[ozone-manager-1.3.0-SNAPSHOT.jar:?]
	at org.apache.hadoop.ozone.protocolPB.OzoneManagerProtocolServerSideTranslatorPB.processRequest(OzoneManagerProtocolServerSideTranslatorPB.java:175) ~[ozone-manager-1.3.0-SNAPSHOT.jar:?]
	at org.apache.hadoop.hdds.server.OzoneProtocolMessageDispatcher.processRequest(OzoneProtocolMessageDispatcher.java:87) [hdds-server-framework-1.3.0-SNAPSHOT.jar:?]
	at org.apache.hadoop.ozone.protocolPB.OzoneManagerProtocolServerSideTranslatorPB.submitRequest(OzoneManagerProtocolServerSideTranslatorPB.java:147) [ozone-manager-1.3.0-SNAPSHOT.jar:?]
	at org.apache.hadoop.ozone.protocol.proto.OzoneManagerProtocolProtos$OzoneManagerService$2.callBlockingMethod(OzoneManagerProtocolProtos.java) [ozone-interface-client-1.3.0-SNAPSHOT.jar:?]
	at org.apache.hadoop.ipc.ProtobufRpcEngine$Server.processCall(ProtobufRpcEngine.java:466) [hadoop-common-3.3.1.jar:?]
	at org.apache.hadoop.ipc.ProtobufRpcEngine2$Server$ProtoBufRpcInvoker.call(ProtobufRpcEngine2.java:574) [hadoop-common-3.3.1.jar:?]
	at org.apache.hadoop.ipc.ProtobufRpcEngine2$Server$ProtoBufRpcInvoker.call(ProtobufRpcEngine2.java:552) [hadoop-common-3.3.1.jar:?]
	at org.apache.hadoop.ipc.RPC$Server.call(RPC.java:1093) [hadoop-common-3.3.1.jar:?]
	at org.apache.hadoop.ipc.Server$RpcCall.run(Server.java:1035) [hadoop-common-3.3.1.jar:?]
	at org.apache.hadoop.ipc.Server$RpcCall.run(Server.java:963) [hadoop-common-3.3.1.jar:?]
	at java.security.AccessController.doPrivileged(Native Method) ~[?:1.8.0_332]
	at javax.security.auth.Subject.doAs(Subject.java:422) [?:1.8.0_332]
	at org.apache.hadoop.security.UserGroupInformation.doAs(UserGroupInformation.java:1878) [hadoop-common-3.3.1.jar:?]
	at org.apache.hadoop.ipc.Server$Handler.run(Server.java:2966) [hadoop-common-3.3.1.jar:?]
01:55:18.836 [IPC Server handler 16 on default port 35175] ERROR OMAudit - user=runner | ip=127.0.0.1 | op=GET_FILE_STATUS {volume=volume18062, bucket=bucket29054, key=gdir1/dir2/child, dataSize=0, replicationConfig=null} | ret=FAILURE
org.apache.hadoop.ozone.om.exceptions.OMException: Unable to get file status: volume: volume18062 bucket: bucket29054 key: gdir1/dir2/child
	at org.apache.hadoop.ozone.om.KeyManagerImpl.getOzoneFileStatus(KeyManagerImpl.java:1311) ~[ozone-manager-1.3.0-SNAPSHOT.jar:?]
	at org.apache.hadoop.ozone.om.KeyManagerImpl.getFileStatus(KeyManagerImpl.java:1241) ~[ozone-manager-1.3.0-SNAPSHOT.jar:?]
	at org.apache.hadoop.ozone.om.OzoneManager.getFileStatus(OzoneManager.java:3467) ~[ozone-manager-1.3.0-SNAPSHOT.jar:?]
	at org.apache.hadoop.ozone.protocolPB.OzoneManagerRequestHandler.getOzoneFileStatus(OzoneManagerRequestHandler.java:878) ~[ozone-manager-1.3.0-SNAPSHOT.jar:?]
	at org.apache.hadoop.ozone.protocolPB.OzoneManagerRequestHandler.handleReadRequest(OzoneManagerRequestHandler.java:224) ~[ozone-manager-1.3.0-SNAPSHOT.jar:?]
	at org.apache.hadoop.ozone.protocolPB.OzoneManagerProtocolServerSideTranslatorPB.submitReadRequestToOM(OzoneManagerProtocolServerSideTranslatorPB.java:226) ~[ozone-manager-1.3.0-SNAPSHOT.jar:?]
	at org.apache.hadoop.ozone.protocolPB.OzoneManagerProtocolServerSideTranslatorPB.processRequest(OzoneManagerProtocolServerSideTranslatorPB.java:175) ~[ozone-manager-1.3.0-SNAPSHOT.jar:?]
	at org.apache.hadoop.hdds.server.OzoneProtocolMessageDispatcher.processRequest(OzoneProtocolMessageDispatcher.java:87) [hdds-server-framework-1.3.0-SNAPSHOT.jar:?]
	at org.apache.hadoop.ozone.protocolPB.OzoneManagerProtocolServerSideTranslatorPB.submitRequest(OzoneManagerProtocolServerSideTranslatorPB.java:147) [ozone-manager-1.3.0-SNAPSHOT.jar:?]
	at org.apache.hadoop.ozone.protocol.proto.OzoneManagerProtocolProtos$OzoneManagerService$2.callBlockingMethod(OzoneManagerProtocolProtos.java) [ozone-interface-client-1.3.0-SNAPSHOT.jar:?]
	at org.apache.hadoop.ipc.ProtobufRpcEngine$Server.processCall(ProtobufRpcEngine.java:466) [hadoop-common-3.3.1.jar:?]
	at org.apache.hadoop.ipc.ProtobufRpcEngine2$Server$ProtoBufRpcInvoker.call(ProtobufRpcEngine2.java:574) [hadoop-common-3.3.1.jar:?]
	at org.apache.hadoop.ipc.ProtobufRpcEngine2$Server$ProtoBufRpcInvoker.call(ProtobufRpcEngine2.java:552) [hadoop-common-3.3.1.jar:?]
	at org.apache.hadoop.ipc.RPC$Server.call(RPC.java:1093) [hadoop-common-3.3.1.jar:?]
	at org.apache.hadoop.ipc.Server$RpcCall.run(Server.java:1035) [hadoop-common-3.3.1.jar:?]
	at org.apache.hadoop.ipc.Server$RpcCall.run(Server.java:963) [hadoop-common-3.3.1.jar:?]
	at java.security.AccessController.doPrivileged(Native Method) ~[?:1.8.0_332]
	at javax.security.auth.Subject.doAs(Subject.java:422) [?:1.8.0_332]
	at org.apache.hadoop.security.UserGroupInformation.doAs(UserGroupInformation.java:1878) [hadoop-common-3.3.1.jar:?]
	at org.apache.hadoop.ipc.Server$Handler.run(Server.java:2966) [hadoop-common-3.3.1.jar:?]
01:55:18.837 [IPC Server handler 9 on default port 35175] ERROR OMAudit - user=runner | ip=127.0.0.1 | op=GET_FILE_STATUS {volume=volume18062, bucket=bucket29054, key=gdir1/dir3, dataSize=0, replicationConfig=null} | ret=FAILURE
org.apache.hadoop.ozone.om.exceptions.OMException: Unable to get file status: volume: volume18062 bucket: bucket29054 key: gdir1/dir3
	at org.apache.hadoop.ozone.om.KeyManagerImpl.getOzoneFileStatus(KeyManagerImpl.java:1311) ~[ozone-manager-1.3.0-SNAPSHOT.jar:?]
	at org.apache.hadoop.ozone.om.KeyManagerImpl.getFileStatus(KeyManagerImpl.java:1241) ~[ozone-manager-1.3.0-SNAPSHOT.jar:?]
	at org.apache.hadoop.ozone.om.OzoneManager.getFileStatus(OzoneManager.java:3467) ~[ozone-manager-1.3.0-SNAPSHOT.jar:?]
	at org.apache.hadoop.ozone.protocolPB.OzoneManagerRequestHandler.getOzoneFileStatus(OzoneManagerRequestHandler.java:878) ~[ozone-manager-1.3.0-SNAPSHOT.jar:?]
	at org.apache.hadoop.ozone.protocolPB.OzoneManagerRequestHandler.handleReadRequest(OzoneManagerRequestHandler.java:224) ~[ozone-manager-1.3.0-SNAPSHOT.jar:?]
	at org.apache.hadoop.ozone.protocolPB.OzoneManagerProtocolServerSideTranslatorPB.submitReadRequestToOM(OzoneManagerProtocolServerSideTranslatorPB.java:226) ~[ozone-manager-1.3.0-SNAPSHOT.jar:?]
	at org.apache.hadoop.ozone.protocolPB.OzoneManagerProtocolServerSideTranslatorPB.processRequest(OzoneManagerProtocolServerSideTranslatorPB.java:175) ~[ozone-manager-1.3.0-SNAPSHOT.jar:?]
	at org.apache.hadoop.hdds.server.OzoneProtocolMessageDispatcher.processRequest(OzoneProtocolMessageDispatcher.java:87) [hdds-server-framework-1.3.0-SNAPSHOT.jar:?]
	at org.apache.hadoop.ozone.protocolPB.OzoneManagerProtocolServerSideTranslatorPB.submitRequest(OzoneManagerProtocolServerSideTranslatorPB.java:147) [ozone-manager-1.3.0-SNAPSHOT.jar:?]
	at org.apache.hadoop.ozone.protocol.proto.OzoneManagerProtocolProtos$OzoneManagerService$2.callBlockingMethod(OzoneManagerProtocolProtos.java) [ozone-interface-client-1.3.0-SNAPSHOT.jar:?]
	at org.apache.hadoop.ipc.ProtobufRpcEngine$Server.processCall(ProtobufRpcEngine.java:466) [hadoop-common-3.3.1.jar:?]
	at org.apache.hadoop.ipc.ProtobufRpcEngine2$Server$ProtoBufRpcInvoker.call(ProtobufRpcEngine2.java:574) [hadoop-common-3.3.1.jar:?]
	at org.apache.hadoop.ipc.ProtobufRpcEngine2$Server$ProtoBufRpcInvoker.call(ProtobufRpcEngine2.java:552) [hadoop-common-3.3.1.jar:?]
	at org.apache.hadoop.ipc.RPC$Server.call(RPC.java:1093) [hadoop-common-3.3.1.jar:?]
	at org.apache.hadoop.ipc.Server$RpcCall.run(Server.java:1035) [hadoop-common-3.3.1.jar:?]
	at org.apache.hadoop.ipc.Server$RpcCall.run(Server.java:963) [hadoop-common-3.3.1.jar:?]
	at java.security.AccessController.doPrivileged(Native Method) ~[?:1.8.0_332]
	at javax.security.auth.Subject.doAs(Subject.java:422) [?:1.8.0_332]
	at org.apache.hadoop.security.UserGroupInformation.doAs(UserGroupInformation.java:1878) [hadoop-common-3.3.1.jar:?]
	at org.apache.hadoop.ipc.Server$Handler.run(Server.java:2966) [hadoop-common-3.3.1.jar:?]
01:55:18.838 [IPC Server handler 8 on default port 35175] ERROR OMAudit - user=runner | ip=127.0.0.1 | op=GET_FILE_STATUS {volume=volume18062, bucket=bucket29054, key=gdir1/dir3/child, dataSize=0, replicationConfig=null} | ret=FAILURE
org.apache.hadoop.ozone.om.exceptions.OMException: Unable to get file status: volume: volume18062 bucket: bucket29054 key: gdir1/dir3/child
	at org.apache.hadoop.ozone.om.KeyManagerImpl.getOzoneFileStatus(KeyManagerImpl.java:1311) ~[ozone-manager-1.3.0-SNAPSHOT.jar:?]
	at org.apache.hadoop.ozone.om.KeyManagerImpl.getFileStatus(KeyManagerImpl.java:1241) ~[ozone-manager-1.3.0-SNAPSHOT.jar:?]
	at org.apache.hadoop.ozone.om.OzoneManager.getFileStatus(OzoneManager.java:3467) ~[ozone-manager-1.3.0-SNAPSHOT.jar:?]
	at org.apache.hadoop.ozone.protocolPB.OzoneManagerRequestHandler.getOzoneFileStatus(OzoneManagerRequestHandler.java:878) ~[ozone-manager-1.3.0-SNAPSHOT.jar:?]
	at org.apache.hadoop.ozone.protocolPB.OzoneManagerRequestHandler.handleReadRequest(OzoneManagerRequestHandler.java:224) ~[ozone-manager-1.3.0-SNAPSHOT.jar:?]
	at org.apache.hadoop.ozone.protocolPB.OzoneManagerProtocolServerSideTranslatorPB.submitReadRequestToOM(OzoneManagerProtocolServerSideTranslatorPB.java:226) ~[ozone-manager-1.3.0-SNAPSHOT.jar:?]
	at org.apache.hadoop.ozone.protocolPB.OzoneManagerProtocolServerSideTranslatorPB.processRequest(OzoneManagerProtocolServerSideTranslatorPB.java:175) ~[ozone-manager-1.3.0-SNAPSHOT.jar:?]
	at org.apache.hadoop.hdds.server.OzoneProtocolMessageDispatcher.processRequest(OzoneProtocolMessageDispatcher.java:87) [hdds-server-framework-1.3.0-SNAPSHOT.jar:?]
	at org.apache.hadoop.ozone.protocolPB.OzoneManagerProtocolServerSideTranslatorPB.submitRequest(OzoneManagerProtocolServerSideTranslatorPB.java:147) [ozone-manager-1.3.0-SNAPSHOT.jar:?]
	at org.apache.hadoop.ozone.protocol.proto.OzoneManagerProtocolProtos$OzoneManagerService$2.callBlockingMethod(OzoneManagerProtocolProtos.java) [ozone-interface-client-1.3.0-SNAPSHOT.jar:?]
	at org.apache.hadoop.ipc.ProtobufRpcEngine$Server.processCall(ProtobufRpcEngine.java:466) [hadoop-common-3.3.1.jar:?]
	at org.apache.hadoop.ipc.ProtobufRpcEngine2$Server$ProtoBufRpcInvoker.call(ProtobufRpcEngine2.java:574) [hadoop-common-3.3.1.jar:?]
	at org.apache.hadoop.ipc.ProtobufRpcEngine2$Server$ProtoBufRpcInvoker.call(ProtobufRpcEngine2.java:552) [hadoop-common-3.3.1.jar:?]
	at org.apache.hadoop.ipc.RPC$Server.call(RPC.java:1093) [hadoop-common-3.3.1.jar:?]
	at org.apache.hadoop.ipc.Server$RpcCall.run(Server.java:1035) [hadoop-common-3.3.1.jar:?]
	at org.apache.hadoop.ipc.Server$RpcCall.run(Server.java:963) [hadoop-common-3.3.1.jar:?]
	at java.security.AccessController.doPrivileged(Native Method) ~[?:1.8.0_332]
	at javax.security.auth.Subject.doAs(Subject.java:422) [?:1.8.0_332]
	at org.apache.hadoop.security.UserGroupInformation.doAs(UserGroupInformation.java:1878) [hadoop-common-3.3.1.jar:?]
	at org.apache.hadoop.ipc.Server$Handler.run(Server.java:2966) [hadoop-common-3.3.1.jar:?]
01:55:18.840 [IPC Server handler 11 on default port 35175] ERROR OMAudit - user=runner | ip=127.0.0.1 | op=GET_FILE_STATUS {volume=volume18062, bucket=bucket29054, key=gdir1/dir4, dataSize=0, replicationConfig=null} | ret=FAILURE
org.apache.hadoop.ozone.om.exceptions.OMException: Unable to get file status: volume: volume18062 bucket: bucket29054 key: gdir1/dir4
	at org.apache.hadoop.ozone.om.KeyManagerImpl.getOzoneFileStatus(KeyManagerImpl.java:1311) ~[ozone-manager-1.3.0-SNAPSHOT.jar:?]
	at org.apache.hadoop.ozone.om.KeyManagerImpl.getFileStatus(KeyManagerImpl.java:1241) ~[ozone-manager-1.3.0-SNAPSHOT.jar:?]
	at org.apache.hadoop.ozone.om.OzoneManager.getFileStatus(OzoneManager.java:3467) ~[ozone-manager-1.3.0-SNAPSHOT.jar:?]
	at org.apache.hadoop.ozone.protocolPB.OzoneManagerRequestHandler.getOzoneFileStatus(OzoneManagerRequestHandler.java:878) ~[ozone-manager-1.3.0-SNAPSHOT.jar:?]
	at org.apache.hadoop.ozone.protocolPB.OzoneManagerRequestHandler.handleReadRequest(OzoneManagerRequestHandler.java:224) ~[ozone-manager-1.3.0-SNAPSHOT.jar:?]
	at org.apache.hadoop.ozone.protocolPB.OzoneManagerProtocolServerSideTranslatorPB.submitReadRequestToOM(OzoneManagerProtocolServerSideTranslatorPB.java:226) ~[ozone-manager-1.3.0-SNAPSHOT.jar:?]
	at org.apache.hadoop.ozone.protocolPB.OzoneManagerProtocolServerSideTranslatorPB.processRequest(OzoneManagerProtocolServerSideTranslatorPB.java:175) ~[ozone-manager-1.3.0-SNAPSHOT.jar:?]
	at org.apache.hadoop.hdds.server.OzoneProtocolMessageDispatcher.processRequest(OzoneProtocolMessageDispatcher.java:87) [hdds-server-framework-1.3.0-SNAPSHOT.jar:?]
	at org.apache.hadoop.ozone.protocolPB.OzoneManagerProtocolServerSideTranslatorPB.submitRequest(OzoneManagerProtocolServerSideTranslatorPB.java:147) [ozone-manager-1.3.0-SNAPSHOT.jar:?]
	at org.apache.hadoop.ozone.protocol.proto.OzoneManagerProtocolProtos$OzoneManagerService$2.callBlockingMethod(OzoneManagerProtocolProtos.java) [ozone-interface-client-1.3.0-SNAPSHOT.jar:?]
	at org.apache.hadoop.ipc.ProtobufRpcEngine$Server.processCall(ProtobufRpcEngine.java:466) [hadoop-common-3.3.1.jar:?]
	at org.apache.hadoop.ipc.ProtobufRpcEngine2$Server$ProtoBufRpcInvoker.call(ProtobufRpcEngine2.java:574) [hadoop-common-3.3.1.jar:?]
	at org.apache.hadoop.ipc.ProtobufRpcEngine2$Server$ProtoBufRpcInvoker.call(ProtobufRpcEngine2.java:552) [hadoop-common-3.3.1.jar:?]
	at org.apache.hadoop.ipc.RPC$Server.call(RPC.java:1093) [hadoop-common-3.3.1.jar:?]
	at org.apache.hadoop.ipc.Server$RpcCall.run(Server.java:1035) [hadoop-common-3.3.1.jar:?]
	at org.apache.hadoop.ipc.Server$RpcCall.run(Server.java:963) [hadoop-common-3.3.1.jar:?]
	at java.security.AccessController.doPrivileged(Native Method) ~[?:1.8.0_332]
	at javax.security.auth.Subject.doAs(Subject.java:422) [?:1.8.0_332]
	at org.apache.hadoop.security.UserGroupInformation.doAs(UserGroupInformation.java:1878) [hadoop-common-3.3.1.jar:?]
	at org.apache.hadoop.ipc.Server$Handler.run(Server.java:2966) [hadoop-common-3.3.1.jar:?]
01:55:18.842 [IPC Server handler 17 on default port 35175] ERROR OMAudit - user=runner | ip=127.0.0.1 | op=GET_FILE_STATUS {volume=volume18062, bucket=bucket29054, key=gdir1/dir4/child, dataSize=0, replicationConfig=null} | ret=FAILURE
org.apache.hadoop.ozone.om.exceptions.OMException: Unable to get file status: volume: volume18062 bucket: bucket29054 key: gdir1/dir4/child
	at org.apache.hadoop.ozone.om.KeyManagerImpl.getOzoneFileStatus(KeyManagerImpl.java:1311) ~[ozone-manager-1.3.0-SNAPSHOT.jar:?]
	at org.apache.hadoop.ozone.om.KeyManagerImpl.getFileStatus(KeyManagerImpl.java:1241) ~[ozone-manager-1.3.0-SNAPSHOT.jar:?]
	at org.apache.hadoop.ozone.om.OzoneManager.getFileStatus(OzoneManager.java:3467) ~[ozone-manager-1.3.0-SNAPSHOT.jar:?]
	at org.apache.hadoop.ozone.protocolPB.OzoneManagerRequestHandler.getOzoneFileStatus(OzoneManagerRequestHandler.java:878) ~[ozone-manager-1.3.0-SNAPSHOT.jar:?]
	at org.apache.hadoop.ozone.protocolPB.OzoneManagerRequestHandler.handleReadRequest(OzoneManagerRequestHandler.java:224) ~[ozone-manager-1.3.0-SNAPSHOT.jar:?]
	at org.apache.hadoop.ozone.protocolPB.OzoneManagerProtocolServerSideTranslatorPB.submitReadRequestToOM(OzoneManagerProtocolServerSideTranslatorPB.java:226) ~[ozone-manager-1.3.0-SNAPSHOT.jar:?]
	at org.apache.hadoop.ozone.protocolPB.OzoneManagerProtocolServerSideTranslatorPB.processRequest(OzoneManagerProtocolServerSideTranslatorPB.java:175) ~[ozone-manager-1.3.0-SNAPSHOT.jar:?]
	at org.apache.hadoop.hdds.server.OzoneProtocolMessageDispatcher.processRequest(OzoneProtocolMessageDispatcher.java:87) [hdds-server-framework-1.3.0-SNAPSHOT.jar:?]
	at org.apache.hadoop.ozone.protocolPB.OzoneManagerProtocolServerSideTranslatorPB.submitRequest(OzoneManagerProtocolServerSideTranslatorPB.java:147) [ozone-manager-1.3.0-SNAPSHOT.jar:?]
	at org.apache.hadoop.ozone.protocol.proto.OzoneManagerProtocolProtos$OzoneManagerService$2.callBlockingMethod(OzoneManagerProtocolProtos.java) [ozone-interface-client-1.3.0-SNAPSHOT.jar:?]
	at org.apache.hadoop.ipc.ProtobufRpcEngine$Server.processCall(ProtobufRpcEngine.java:466) [hadoop-common-3.3.1.jar:?]
	at org.apache.hadoop.ipc.ProtobufRpcEngine2$Server$ProtoBufRpcInvoker.call(ProtobufRpcEngine2.java:574) [hadoop-common-3.3.1.jar:?]
	at org.apache.hadoop.ipc.ProtobufRpcEngine2$Server$ProtoBufRpcInvoker.call(ProtobufRpcEngine2.java:552) [hadoop-common-3.3.1.jar:?]
	at org.apache.hadoop.ipc.RPC$Server.call(RPC.java:1093) [hadoop-common-3.3.1.jar:?]
	at org.apache.hadoop.ipc.Server$RpcCall.run(Server.java:1035) [hadoop-common-3.3.1.jar:?]
	at org.apache.hadoop.ipc.Server$RpcCall.run(Server.java:963) [hadoop-common-3.3.1.jar:?]
	at java.security.AccessController.doPrivileged(Native Method) ~[?:1.8.0_332]
	at javax.security.auth.Subject.doAs(Subject.java:422) [?:1.8.0_332]
	at org.apache.hadoop.security.UserGroupInformation.doAs(UserGroupInformation.java:1878) [hadoop-common-3.3.1.jar:?]
	at org.apache.hadoop.ipc.Server$Handler.run(Server.java:2966) [hadoop-common-3.3.1.jar:?]
01:55:18.843 [IPC Server handler 12 on default port 35175] ERROR OMAudit - user=runner | ip=127.0.0.1 | op=GET_FILE_STATUS {volume=volume18062, bucket=bucket29054, key=gdir1/dir5, dataSize=0, replicationConfig=null} | ret=FAILURE
org.apache.hadoop.ozone.om.exceptions.OMException: Unable to get file status: volume: volume18062 bucket: bucket29054 key: gdir1/dir5
	at org.apache.hadoop.ozone.om.KeyManagerImpl.getOzoneFileStatus(KeyManagerImpl.java:1311) ~[ozone-manager-1.3.0-SNAPSHOT.jar:?]
	at org.apache.hadoop.ozone.om.KeyManagerImpl.getFileStatus(KeyManagerImpl.java:1241) ~[ozone-manager-1.3.0-SNAPSHOT.jar:?]
	at org.apache.hadoop.ozone.om.OzoneManager.getFileStatus(OzoneManager.java:3467) ~[ozone-manager-1.3.0-SNAPSHOT.jar:?]
	at org.apache.hadoop.ozone.protocolPB.OzoneManagerRequestHandler.getOzoneFileStatus(OzoneManagerRequestHandler.java:878) ~[ozone-manager-1.3.0-SNAPSHOT.jar:?]
	at org.apache.hadoop.ozone.protocolPB.OzoneManagerRequestHandler.handleReadRequest(OzoneManagerRequestHandler.java:224) ~[ozone-manager-1.3.0-SNAPSHOT.jar:?]
	at org.apache.hadoop.ozone.protocolPB.OzoneManagerProtocolServerSideTranslatorPB.submitReadRequestToOM(OzoneManagerProtocolServerSideTranslatorPB.java:226) ~[ozone-manager-1.3.0-SNAPSHOT.jar:?]
	at org.apache.hadoop.ozone.protocolPB.OzoneManagerProtocolServerSideTranslatorPB.processRequest(OzoneManagerProtocolServerSideTranslatorPB.java:175) ~[ozone-manager-1.3.0-SNAPSHOT.jar:?]
	at org.apache.hadoop.hdds.server.OzoneProtocolMessageDispatcher.processRequest(OzoneProtocolMessageDispatcher.java:87) [hdds-server-framework-1.3.0-SNAPSHOT.jar:?]
	at org.apache.hadoop.ozone.protocolPB.OzoneManagerProtocolServerSideTranslatorPB.submitRequest(OzoneManagerProtocolServerSideTranslatorPB.java:147) [ozone-manager-1.3.0-SNAPSHOT.jar:?]
	at org.apache.hadoop.ozone.protocol.proto.OzoneManagerProtocolProtos$OzoneManagerService$2.callBlockingMethod(OzoneManagerProtocolProtos.java) [ozone-interface-client-1.3.0-SNAPSHOT.jar:?]
	at org.apache.hadoop.ipc.ProtobufRpcEngine$Server.processCall(ProtobufRpcEngine.java:466) [hadoop-common-3.3.1.jar:?]
	at org.apache.hadoop.ipc.ProtobufRpcEngine2$Server$ProtoBufRpcInvoker.call(ProtobufRpcEngine2.java:574) [hadoop-common-3.3.1.jar:?]
	at org.apache.hadoop.ipc.ProtobufRpcEngine2$Server$ProtoBufRpcInvoker.call(ProtobufRpcEngine2.java:552) [hadoop-common-3.3.1.jar:?]
	at org.apache.hadoop.ipc.RPC$Server.call(RPC.java:1093) [hadoop-common-3.3.1.jar:?]
	at org.apache.hadoop.ipc.Server$RpcCall.run(Server.java:1035) [hadoop-common-3.3.1.jar:?]
	at org.apache.hadoop.ipc.Server$RpcCall.run(Server.java:963) [hadoop-common-3.3.1.jar:?]
	at java.security.AccessController.doPrivileged(Native Method) ~[?:1.8.0_332]
	at javax.security.auth.Subject.doAs(Subject.java:422) [?:1.8.0_332]
	at org.apache.hadoop.security.UserGroupInformation.doAs(UserGroupInformation.java:1878) [hadoop-common-3.3.1.jar:?]
	at org.apache.hadoop.ipc.Server$Handler.run(Server.java:2966) [hadoop-common-3.3.1.jar:?]
01:55:18.844 [IPC Server handler 3 on default port 35175] ERROR OMAudit - user=runner | ip=127.0.0.1 | op=GET_FILE_STATUS {volume=volume18062, bucket=bucket29054, key=gdir1/dir5/child, dataSize=0, replicationConfig=null} | ret=FAILURE
org.apache.hadoop.ozone.om.exceptions.OMException: Unable to get file status: volume: volume18062 bucket: bucket29054 key: gdir1/dir5/child
	at org.apache.hadoop.ozone.om.KeyManagerImpl.getOzoneFileStatus(KeyManagerImpl.java:1311) ~[ozone-manager-1.3.0-SNAPSHOT.jar:?]
	at org.apache.hadoop.ozone.om.KeyManagerImpl.getFileStatus(KeyManagerImpl.java:1241) ~[ozone-manager-1.3.0-SNAPSHOT.jar:?]
	at org.apache.hadoop.ozone.om.OzoneManager.getFileStatus(OzoneManager.java:3467) ~[ozone-manager-1.3.0-SNAPSHOT.jar:?]
	at org.apache.hadoop.ozone.protocolPB.OzoneManagerRequestHandler.getOzoneFileStatus(OzoneManagerRequestHandler.java:878) ~[ozone-manager-1.3.0-SNAPSHOT.jar:?]
	at org.apache.hadoop.ozone.protocolPB.OzoneManagerRequestHandler.handleReadRequest(OzoneManagerRequestHandler.java:224) ~[ozone-manager-1.3.0-SNAPSHOT.jar:?]
	at org.apache.hadoop.ozone.protocolPB.OzoneManagerProtocolServerSideTranslatorPB.submitReadRequestToOM(OzoneManagerProtocolServerSideTranslatorPB.java:226) ~[ozone-manager-1.3.0-SNAPSHOT.jar:?]
	at org.apache.hadoop.ozone.protocolPB.OzoneManagerProtocolServerSideTranslatorPB.processRequest(OzoneManagerProtocolServerSideTranslatorPB.java:175) ~[ozone-manager-1.3.0-SNAPSHOT.jar:?]
	at org.apache.hadoop.hdds.server.OzoneProtocolMessageDispatcher.processRequest(OzoneProtocolMessageDispatcher.java:87) [hdds-server-framework-1.3.0-SNAPSHOT.jar:?]
	at org.apache.hadoop.ozone.protocolPB.OzoneManagerProtocolServerSideTranslatorPB.submitRequest(OzoneManagerProtocolServerSideTranslatorPB.java:147) [ozone-manager-1.3.0-SNAPSHOT.jar:?]
	at org.apache.hadoop.ozone.protocol.proto.OzoneManagerProtocolProtos$OzoneManagerService$2.callBlockingMethod(OzoneManagerProtocolProtos.java) [ozone-interface-client-1.3.0-SNAPSHOT.jar:?]
	at org.apache.hadoop.ipc.ProtobufRpcEngine$Server.processCall(ProtobufRpcEngine.java:466) [hadoop-common-3.3.1.jar:?]
	at org.apache.hadoop.ipc.ProtobufRpcEngine2$Server$ProtoBufRpcInvoker.call(ProtobufRpcEngine2.java:574) [hadoop-common-3.3.1.jar:?]
	at org.apache.hadoop.ipc.ProtobufRpcEngine2$Server$ProtoBufRpcInvoker.call(ProtobufRpcEngine2.java:552) [hadoop-common-3.3.1.jar:?]
	at org.apache.hadoop.ipc.RPC$Server.call(RPC.java:1093) [hadoop-common-3.3.1.jar:?]
	at org.apache.hadoop.ipc.Server$RpcCall.run(Server.java:1035) [hadoop-common-3.3.1.jar:?]
	at org.apache.hadoop.ipc.Server$RpcCall.run(Server.java:963) [hadoop-common-3.3.1.jar:?]
	at java.security.AccessController.doPrivileged(Native Method) ~[?:1.8.0_332]
	at javax.security.auth.Subject.doAs(Subject.java:422) [?:1.8.0_332]
	at org.apache.hadoop.security.UserGroupInformation.doAs(UserGroupInformation.java:1878) [hadoop-common-3.3.1.jar:?]
	at org.apache.hadoop.ipc.Server$Handler.run(Server.java:2966) [hadoop-common-3.3.1.jar:?]
01:55:18.845 [IPC Server handler 19 on default port 35175] ERROR OMAudit - user=runner | ip=127.0.0.1 | op=GET_FILE_STATUS {volume=volume18062, bucket=bucket29054, key=gdir1/dir6, dataSize=0, replicationConfig=null} | ret=FAILURE
org.apache.hadoop.ozone.om.exceptions.OMException: Unable to get file status: volume: volume18062 bucket: bucket29054 key: gdir1/dir6
	at org.apache.hadoop.ozone.om.KeyManagerImpl.getOzoneFileStatus(KeyManagerImpl.java:1311) ~[ozone-manager-1.3.0-SNAPSHOT.jar:?]
	at org.apache.hadoop.ozone.om.KeyManagerImpl.getFileStatus(KeyManagerImpl.java:1241) ~[ozone-manager-1.3.0-SNAPSHOT.jar:?]
	at org.apache.hadoop.ozone.om.OzoneManager.getFileStatus(OzoneManager.java:3467) ~[ozone-manager-1.3.0-SNAPSHOT.jar:?]
	at org.apache.hadoop.ozone.protocolPB.OzoneManagerRequestHandler.getOzoneFileStatus(OzoneManagerRequestHandler.java:878) ~[ozone-manager-1.3.0-SNAPSHOT.jar:?]
	at org.apache.hadoop.ozone.protocolPB.OzoneManagerRequestHandler.handleReadRequest(OzoneManagerRequestHandler.java:224) ~[ozone-manager-1.3.0-SNAPSHOT.jar:?]
	at org.apache.hadoop.ozone.protocolPB.OzoneManagerProtocolServerSideTranslatorPB.submitReadRequestToOM(OzoneManagerProtocolServerSideTranslatorPB.java:226) ~[ozone-manager-1.3.0-SNAPSHOT.jar:?]
	at org.apache.hadoop.ozone.protocolPB.OzoneManagerProtocolServerSideTranslatorPB.processRequest(OzoneManagerProtocolServerSideTranslatorPB.java:175) ~[ozone-manager-1.3.0-SNAPSHOT.jar:?]
	at org.apache.hadoop.hdds.server.OzoneProtocolMessageDispatcher.processRequest(OzoneProtocolMessageDispatcher.java:87) [hdds-server-framework-1.3.0-SNAPSHOT.jar:?]
	at org.apache.hadoop.ozone.protocolPB.OzoneManagerProtocolServerSideTranslatorPB.submitRequest(OzoneManagerProtocolServerSideTranslatorPB.java:147) [ozone-manager-1.3.0-SNAPSHOT.jar:?]
	at org.apache.hadoop.ozone.protocol.proto.OzoneManagerProtocolProtos$OzoneManagerService$2.callBlockingMethod(OzoneManagerProtocolProtos.java) [ozone-interface-client-1.3.0-SNAPSHOT.jar:?]
	at org.apache.hadoop.ipc.ProtobufRpcEngine$Server.processCall(ProtobufRpcEngine.java:466) [hadoop-common-3.3.1.jar:?]
	at org.apache.hadoop.ipc.ProtobufRpcEngine2$Server$ProtoBufRpcInvoker.call(ProtobufRpcEngine2.java:574) [hadoop-common-3.3.1.jar:?]
	at org.apache.hadoop.ipc.ProtobufRpcEngine2$Server$ProtoBufRpcInvoker.call(ProtobufRpcEngine2.java:552) [hadoop-common-3.3.1.jar:?]
	at org.apache.hadoop.ipc.RPC$Server.call(RPC.java:1093) [hadoop-common-3.3.1.jar:?]
	at org.apache.hadoop.ipc.Server$RpcCall.run(Server.java:1035) [hadoop-common-3.3.1.jar:?]
	at org.apache.hadoop.ipc.Server$RpcCall.run(Server.java:963) [hadoop-common-3.3.1.jar:?]
	at java.security.AccessController.doPrivileged(Native Method) ~[?:1.8.0_332]
	at javax.security.auth.Subject.doAs(Subject.java:422) [?:1.8.0_332]
	at org.apache.hadoop.security.UserGroupInformation.doAs(UserGroupInformation.java:1878) [hadoop-common-3.3.1.jar:?]
	at org.apache.hadoop.ipc.Server$Handler.run(Server.java:2966) [hadoop-common-3.3.1.jar:?]
01:55:18.847 [IPC Server handler 0 on default port 35175] ERROR OMAudit - user=runner | ip=127.0.0.1 | op=GET_FILE_STATUS {volume=volume18062, bucket=bucket29054, key=gdir1/dir6/child, dataSize=0, replicationConfig=null} | ret=FAILURE
org.apache.hadoop.ozone.om.exceptions.OMException: Unable to get file status: volume: volume18062 bucket: bucket29054 key: gdir1/dir6/child
	at org.apache.hadoop.ozone.om.KeyManagerImpl.getOzoneFileStatus(KeyManagerImpl.java:1311) ~[ozone-manager-1.3.0-SNAPSHOT.jar:?]
	at org.apache.hadoop.ozone.om.KeyManagerImpl.getFileStatus(KeyManagerImpl.java:1241) ~[ozone-manager-1.3.0-SNAPSHOT.jar:?]
	at org.apache.hadoop.ozone.om.OzoneManager.getFileStatus(OzoneManager.java:3467) ~[ozone-manager-1.3.0-SNAPSHOT.jar:?]
	at org.apache.hadoop.ozone.protocolPB.OzoneManagerRequestHandler.getOzoneFileStatus(OzoneManagerRequestHandler.java:878) ~[ozone-manager-1.3.0-SNAPSHOT.jar:?]
	at org.apache.hadoop.ozone.protocolPB.OzoneManagerRequestHandler.handleReadRequest(OzoneManagerRequestHandler.java:224) ~[ozone-manager-1.3.0-SNAPSHOT.jar:?]
	at org.apache.hadoop.ozone.protocolPB.OzoneManagerProtocolServerSideTranslatorPB.submitReadRequestToOM(OzoneManagerProtocolServerSideTranslatorPB.java:226) ~[ozone-manager-1.3.0-SNAPSHOT.jar:?]
	at org.apache.hadoop.ozone.protocolPB.OzoneManagerProtocolServerSideTranslatorPB.processRequest(OzoneManagerProtocolServerSideTranslatorPB.java:175) ~[ozone-manager-1.3.0-SNAPSHOT.jar:?]
	at org.apache.hadoop.hdds.server.OzoneProtocolMessageDispatcher.processRequest(OzoneProtocolMessageDispatcher.java:87) [hdds-server-framework-1.3.0-SNAPSHOT.jar:?]
	at org.apache.hadoop.ozone.protocolPB.OzoneManagerProtocolServerSideTranslatorPB.submitRequest(OzoneManagerProtocolServerSideTranslatorPB.java:147) [ozone-manager-1.3.0-SNAPSHOT.jar:?]
	at org.apache.hadoop.ozone.protocol.proto.OzoneManagerProtocolProtos$OzoneManagerService$2.callBlockingMethod(OzoneManagerProtocolProtos.java) [ozone-interface-client-1.3.0-SNAPSHOT.jar:?]
	at org.apache.hadoop.ipc.ProtobufRpcEngine$Server.processCall(ProtobufRpcEngine.java:466) [hadoop-common-3.3.1.jar:?]
	at org.apache.hadoop.ipc.ProtobufRpcEngine2$Server$ProtoBufRpcInvoker.call(ProtobufRpcEngine2.java:574) [hadoop-common-3.3.1.jar:?]
	at org.apache.hadoop.ipc.ProtobufRpcEngine2$Server$ProtoBufRpcInvoker.call(ProtobufRpcEngine2.java:552) [hadoop-common-3.3.1.jar:?]
	at org.apache.hadoop.ipc.RPC$Server.call(RPC.java:1093) [hadoop-common-3.3.1.jar:?]
	at org.apache.hadoop.ipc.Server$RpcCall.run(Server.java:1035) [hadoop-common-3.3.1.jar:?]
	at org.apache.hadoop.ipc.Server$RpcCall.run(Server.java:963) [hadoop-common-3.3.1.jar:?]
	at java.security.AccessController.doPrivileged(Native Method) ~[?:1.8.0_332]
	at javax.security.auth.Subject.doAs(Subject.java:422) [?:1.8.0_332]
	at org.apache.hadoop.security.UserGroupInformation.doAs(UserGroupInformation.java:1878) [hadoop-common-3.3.1.jar:?]
	at org.apache.hadoop.ipc.Server$Handler.run(Server.java:2966) [hadoop-common-3.3.1.jar:?]
01:55:18.848 [IPC Server handler 1 on default port 35175] ERROR OMAudit - user=runner | ip=127.0.0.1 | op=GET_FILE_STATUS {volume=volume18062, bucket=bucket29054, key=gdir1/dir7, dataSize=0, replicationConfig=null} | ret=FAILURE
org.apache.hadoop.ozone.om.exceptions.OMException: Unable to get file status: volume: volume18062 bucket: bucket29054 key: gdir1/dir7
	at org.apache.hadoop.ozone.om.KeyManagerImpl.getOzoneFileStatus(KeyManagerImpl.java:1311) ~[ozone-manager-1.3.0-SNAPSHOT.jar:?]
	at org.apache.hadoop.ozone.om.KeyManagerImpl.getFileStatus(KeyManagerImpl.java:1241) ~[ozone-manager-1.3.0-SNAPSHOT.jar:?]
	at org.apache.hadoop.ozone.om.OzoneManager.getFileStatus(OzoneManager.java:3467) ~[ozone-manager-1.3.0-SNAPSHOT.jar:?]
	at org.apache.hadoop.ozone.protocolPB.OzoneManagerRequestHandler.getOzoneFileStatus(OzoneManagerRequestHandler.java:878) ~[ozone-manager-1.3.0-SNAPSHOT.jar:?]
	at org.apache.hadoop.ozone.protocolPB.OzoneManagerRequestHandler.handleReadRequest(OzoneManagerRequestHandler.java:224) ~[ozone-manager-1.3.0-SNAPSHOT.jar:?]
	at org.apache.hadoop.ozone.protocolPB.OzoneManagerProtocolServerSideTranslatorPB.submitReadRequestToOM(OzoneManagerProtocolServerSideTranslatorPB.java:226) ~[ozone-manager-1.3.0-SNAPSHOT.jar:?]
	at org.apache.hadoop.ozone.protocolPB.OzoneManagerProtocolServerSideTranslatorPB.processRequest(OzoneManagerProtocolServerSideTranslatorPB.java:175) ~[ozone-manager-1.3.0-SNAPSHOT.jar:?]
	at org.apache.hadoop.hdds.server.OzoneProtocolMessageDispatcher.processRequest(OzoneProtocolMessageDispatcher.java:87) [hdds-server-framework-1.3.0-SNAPSHOT.jar:?]
	at org.apache.hadoop.ozone.protocolPB.OzoneManagerProtocolServerSideTranslatorPB.submitRequest(OzoneManagerProtocolServerSideTranslatorPB.java:147) [ozone-manager-1.3.0-SNAPSHOT.jar:?]
	at org.apache.hadoop.ozone.protocol.proto.OzoneManagerProtocolProtos$OzoneManagerService$2.callBlockingMethod(OzoneManagerProtocolProtos.java) [ozone-interface-client-1.3.0-SNAPSHOT.jar:?]
	at org.apache.hadoop.ipc.ProtobufRpcEngine$Server.processCall(ProtobufRpcEngine.java:466) [hadoop-common-3.3.1.jar:?]
	at org.apache.hadoop.ipc.ProtobufRpcEngine2$Server$ProtoBufRpcInvoker.call(ProtobufRpcEngine2.java:574) [hadoop-common-3.3.1.jar:?]
	at org.apache.hadoop.ipc.ProtobufRpcEngine2$Server$ProtoBufRpcInvoker.call(ProtobufRpcEngine2.java:552) [hadoop-common-3.3.1.jar:?]
	at org.apache.hadoop.ipc.RPC$Server.call(RPC.java:1093) [hadoop-common-3.3.1.jar:?]
	at org.apache.hadoop.ipc.Server$RpcCall.run(Server.java:1035) [hadoop-common-3.3.1.jar:?]
	at org.apache.hadoop.ipc.Server$RpcCall.run(Server.java:963) [hadoop-common-3.3.1.jar:?]
	at java.security.AccessController.doPrivileged(Native Method) ~[?:1.8.0_332]
	at javax.security.auth.Subject.doAs(Subject.java:422) [?:1.8.0_332]
	at org.apache.hadoop.security.UserGroupInformation.doAs(UserGroupInformation.java:1878) [hadoop-common-3.3.1.jar:?]
	at org.apache.hadoop.ipc.Server$Handler.run(Server.java:2966) [hadoop-common-3.3.1.jar:?]
01:55:18.849 [IPC Server handler 2 on default port 35175] ERROR OMAudit - user=runner | ip=127.0.0.1 | op=GET_FILE_STATUS {volume=volume18062, bucket=bucket29054, key=gdir1/dir7/child, dataSize=0, replicationConfig=null} | ret=FAILURE
org.apache.hadoop.ozone.om.exceptions.OMException: Unable to get file status: volume: volume18062 bucket: bucket29054 key: gdir1/dir7/child
	at org.apache.hadoop.ozone.om.KeyManagerImpl.getOzoneFileStatus(KeyManagerImpl.java:1311) ~[ozone-manager-1.3.0-SNAPSHOT.jar:?]
	at org.apache.hadoop.ozone.om.KeyManagerImpl.getFileStatus(KeyManagerImpl.java:1241) ~[ozone-manager-1.3.0-SNAPSHOT.jar:?]
	at org.apache.hadoop.ozone.om.OzoneManager.getFileStatus(OzoneManager.java:3467) ~[ozone-manager-1.3.0-SNAPSHOT.jar:?]
	at org.apache.hadoop.ozone.protocolPB.OzoneManagerRequestHandler.getOzoneFileStatus(OzoneManagerRequestHandler.java:878) ~[ozone-manager-1.3.0-SNAPSHOT.jar:?]
	at org.apache.hadoop.ozone.protocolPB.OzoneManagerRequestHandler.handleReadRequest(OzoneManagerRequestHandler.java:224) ~[ozone-manager-1.3.0-SNAPSHOT.jar:?]
	at org.apache.hadoop.ozone.protocolPB.OzoneManagerProtocolServerSideTranslatorPB.submitReadRequestToOM(OzoneManagerProtocolServerSideTranslatorPB.java:226) ~[ozone-manager-1.3.0-SNAPSHOT.jar:?]
	at org.apache.hadoop.ozone.protocolPB.OzoneManagerProtocolServerSideTranslatorPB.processRequest(OzoneManagerProtocolServerSideTranslatorPB.java:175) ~[ozone-manager-1.3.0-SNAPSHOT.jar:?]
	at org.apache.hadoop.hdds.server.OzoneProtocolMessageDispatcher.processRequest(OzoneProtocolMessageDispatcher.java:87) [hdds-server-framework-1.3.0-SNAPSHOT.jar:?]
	at org.apache.hadoop.ozone.protocolPB.OzoneManagerProtocolServerSideTranslatorPB.submitRequest(OzoneManagerProtocolServerSideTranslatorPB.java:147) [ozone-manager-1.3.0-SNAPSHOT.jar:?]
	at org.apache.hadoop.ozone.protocol.proto.OzoneManagerProtocolProtos$OzoneManagerService$2.callBlockingMethod(OzoneManagerProtocolProtos.java) [ozone-interface-client-1.3.0-SNAPSHOT.jar:?]
	at org.apache.hadoop.ipc.ProtobufRpcEngine$Server.processCall(ProtobufRpcEngine.java:466) [hadoop-common-3.3.1.jar:?]
	at org.apache.hadoop.ipc.ProtobufRpcEngine2$Server$ProtoBufRpcInvoker.call(ProtobufRpcEngine2.java:574) [hadoop-common-3.3.1.jar:?]
	at org.apache.hadoop.ipc.ProtobufRpcEngine2$Server$ProtoBufRpcInvoker.call(ProtobufRpcEngine2.java:552) [hadoop-common-3.3.1.jar:?]
	at org.apache.hadoop.ipc.RPC$Server.call(RPC.java:1093) [hadoop-common-3.3.1.jar:?]
	at org.apache.hadoop.ipc.Server$RpcCall.run(Server.java:1035) [hadoop-common-3.3.1.jar:?]
	at org.apache.hadoop.ipc.Server$RpcCall.run(Server.java:963) [hadoop-common-3.3.1.jar:?]
	at java.security.AccessController.doPrivileged(Native Method) ~[?:1.8.0_332]
	at javax.security.auth.Subject.doAs(Subject.java:422) [?:1.8.0_332]
	at org.apache.hadoop.security.UserGroupInformation.doAs(UserGroupInformation.java:1878) [hadoop-common-3.3.1.jar:?]
	at org.apache.hadoop.ipc.Server$Handler.run(Server.java:2966) [hadoop-common-3.3.1.jar:?]
01:55:18.851 [IPC Server handler 4 on default port 35175] ERROR OMAudit - user=runner | ip=127.0.0.1 | op=GET_FILE_STATUS {volume=volume18062, bucket=bucket29054, key=gdir1/dir8, dataSize=0, replicationConfig=null} | ret=FAILURE
org.apache.hadoop.ozone.om.exceptions.OMException: Unable to get file status: volume: volume18062 bucket: bucket29054 key: gdir1/dir8
	at org.apache.hadoop.ozone.om.KeyManagerImpl.getOzoneFileStatus(KeyManagerImpl.java:1311) ~[ozone-manager-1.3.0-SNAPSHOT.jar:?]
	at org.apache.hadoop.ozone.om.KeyManagerImpl.getFileStatus(KeyManagerImpl.java:1241) ~[ozone-manager-1.3.0-SNAPSHOT.jar:?]
	at org.apache.hadoop.ozone.om.OzoneManager.getFileStatus(OzoneManager.java:3467) ~[ozone-manager-1.3.0-SNAPSHOT.jar:?]
	at org.apache.hadoop.ozone.protocolPB.OzoneManagerRequestHandler.getOzoneFileStatus(OzoneManagerRequestHandler.java:878) ~[ozone-manager-1.3.0-SNAPSHOT.jar:?]
	at org.apache.hadoop.ozone.protocolPB.OzoneManagerRequestHandler.handleReadRequest(OzoneManagerRequestHandler.java:224) ~[ozone-manager-1.3.0-SNAPSHOT.jar:?]
	at org.apache.hadoop.ozone.protocolPB.OzoneManagerProtocolServerSideTranslatorPB.submitReadRequestToOM(OzoneManagerProtocolServerSideTranslatorPB.java:226) ~[ozone-manager-1.3.0-SNAPSHOT.jar:?]
	at org.apache.hadoop.ozone.protocolPB.OzoneManagerProtocolServerSideTranslatorPB.processRequest(OzoneManagerProtocolServerSideTranslatorPB.java:175) ~[ozone-manager-1.3.0-SNAPSHOT.jar:?]
	at org.apache.hadoop.hdds.server.OzoneProtocolMessageDispatcher.processRequest(OzoneProtocolMessageDispatcher.java:87) [hdds-server-framework-1.3.0-SNAPSHOT.jar:?]
	at org.apache.hadoop.ozone.protocolPB.OzoneManagerProtocolServerSideTranslatorPB.submitRequest(OzoneManagerProtocolServerSideTranslatorPB.java:147) [ozone-manager-1.3.0-SNAPSHOT.jar:?]
	at org.apache.hadoop.ozone.protocol.proto.OzoneManagerProtocolProtos$OzoneManagerService$2.callBlockingMethod(OzoneManagerProtocolProtos.java) [ozone-interface-client-1.3.0-SNAPSHOT.jar:?]
	at org.apache.hadoop.ipc.ProtobufRpcEngine$Server.processCall(ProtobufRpcEngine.java:466) [hadoop-common-3.3.1.jar:?]
	at org.apache.hadoop.ipc.ProtobufRpcEngine2$Server$ProtoBufRpcInvoker.call(ProtobufRpcEngine2.java:574) [hadoop-common-3.3.1.jar:?]
	at org.apache.hadoop.ipc.ProtobufRpcEngine2$Server$ProtoBufRpcInvoker.call(ProtobufRpcEngine2.java:552) [hadoop-common-3.3.1.jar:?]
	at org.apache.hadoop.ipc.RPC$Server.call(RPC.java:1093) [hadoop-common-3.3.1.jar:?]
	at org.apache.hadoop.ipc.Server$RpcCall.run(Server.java:1035) [hadoop-common-3.3.1.jar:?]
	at org.apache.hadoop.ipc.Server$RpcCall.run(Server.java:963) [hadoop-common-3.3.1.jar:?]
	at java.security.AccessController.doPrivileged(Native Method) ~[?:1.8.0_332]
	at javax.security.auth.Subject.doAs(Subject.java:422) [?:1.8.0_332]
	at org.apache.hadoop.security.UserGroupInformation.doAs(UserGroupInformation.java:1878) [hadoop-common-3.3.1.jar:?]
	at org.apache.hadoop.ipc.Server$Handler.run(Server.java:2966) [hadoop-common-3.3.1.jar:?]
01:55:18.852 [IPC Server handler 6 on default port 35175] ERROR OMAudit - user=runner | ip=127.0.0.1 | op=GET_FILE_STATUS {volume=volume18062, bucket=bucket29054, key=gdir1/dir8/child, dataSize=0, replicationConfig=null} | ret=FAILURE
org.apache.hadoop.ozone.om.exceptions.OMException: Unable to get file status: volume: volume18062 bucket: bucket29054 key: gdir1/dir8/child
	at org.apache.hadoop.ozone.om.KeyManagerImpl.getOzoneFileStatus(KeyManagerImpl.java:1311) ~[ozone-manager-1.3.0-SNAPSHOT.jar:?]
	at org.apache.hadoop.ozone.om.KeyManagerImpl.getFileStatus(KeyManagerImpl.java:1241) ~[ozone-manager-1.3.0-SNAPSHOT.jar:?]
	at org.apache.hadoop.ozone.om.OzoneManager.getFileStatus(OzoneManager.java:3467) ~[ozone-manager-1.3.0-SNAPSHOT.jar:?]
	at org.apache.hadoop.ozone.protocolPB.OzoneManagerRequestHandler.getOzoneFileStatus(OzoneManagerRequestHandler.java:878) ~[ozone-manager-1.3.0-SNAPSHOT.jar:?]
	at org.apache.hadoop.ozone.protocolPB.OzoneManagerRequestHandler.handleReadRequest(OzoneManagerRequestHandler.java:224) ~[ozone-manager-1.3.0-SNAPSHOT.jar:?]
	at org.apache.hadoop.ozone.protocolPB.OzoneManagerProtocolServerSideTranslatorPB.submitReadRequestToOM(OzoneManagerProtocolServerSideTranslatorPB.java:226) ~[ozone-manager-1.3.0-SNAPSHOT.jar:?]
	at org.apache.hadoop.ozone.protocolPB.OzoneManagerProtocolServerSideTranslatorPB.processRequest(OzoneManagerProtocolServerSideTranslatorPB.java:175) ~[ozone-manager-1.3.0-SNAPSHOT.jar:?]
	at org.apache.hadoop.hdds.server.OzoneProtocolMessageDispatcher.processRequest(OzoneProtocolMessageDispatcher.java:87) [hdds-server-framework-1.3.0-SNAPSHOT.jar:?]
	at org.apache.hadoop.ozone.protocolPB.OzoneManagerProtocolServerSideTranslatorPB.submitRequest(OzoneManagerProtocolServerSideTranslatorPB.java:147) [ozone-manager-1.3.0-SNAPSHOT.jar:?]
	at org.apache.hadoop.ozone.protocol.proto.OzoneManagerProtocolProtos$OzoneManagerService$2.callBlockingMethod(OzoneManagerProtocolProtos.java) [ozone-interface-client-1.3.0-SNAPSHOT.jar:?]
	at org.apache.hadoop.ipc.ProtobufRpcEngine$Server.processCall(ProtobufRpcEngine.java:466) [hadoop-common-3.3.1.jar:?]
	at org.apache.hadoop.ipc.ProtobufRpcEngine2$Server$ProtoBufRpcInvoker.call(ProtobufRpcEngine2.java:574) [hadoop-common-3.3.1.jar:?]
	at org.apache.hadoop.ipc.ProtobufRpcEngine2$Server$ProtoBufRpcInvoker.call(ProtobufRpcEngine2.java:552) [hadoop-common-3.3.1.jar:?]
	at org.apache.hadoop.ipc.RPC$Server.call(RPC.java:1093) [hadoop-common-3.3.1.jar:?]
	at org.apache.hadoop.ipc.Server$RpcCall.run(Server.java:1035) [hadoop-common-3.3.1.jar:?]
	at org.apache.hadoop.ipc.Server$RpcCall.run(Server.java:963) [hadoop-common-3.3.1.jar:?]
	at java.security.AccessController.doPrivileged(Native Method) ~[?:1.8.0_332]
	at javax.security.auth.Subject.doAs(Subject.java:422) [?:1.8.0_332]
	at org.apache.hadoop.security.UserGroupInformation.doAs(UserGroupInformation.java:1878) [hadoop-common-3.3.1.jar:?]
	at org.apache.hadoop.ipc.Server$Handler.run(Server.java:2966) [hadoop-common-3.3.1.jar:?]
01:55:18.854 [IPC Server handler 7 on default port 35175] ERROR OMAudit - user=runner | ip=127.0.0.1 | op=GET_FILE_STATUS {volume=volume18062, bucket=bucket29054, key=gdir1/dir9, dataSize=0, replicationConfig=null} | ret=FAILURE
org.apache.hadoop.ozone.om.exceptions.OMException: Unable to get file status: volume: volume18062 bucket: bucket29054 key: gdir1/dir9
	at org.apache.hadoop.ozone.om.KeyManagerImpl.getOzoneFileStatus(KeyManagerImpl.java:1311) ~[ozone-manager-1.3.0-SNAPSHOT.jar:?]
	at org.apache.hadoop.ozone.om.KeyManagerImpl.getFileStatus(KeyManagerImpl.java:1241) ~[ozone-manager-1.3.0-SNAPSHOT.jar:?]
	at org.apache.hadoop.ozone.om.OzoneManager.getFileStatus(OzoneManager.java:3467) ~[ozone-manager-1.3.0-SNAPSHOT.jar:?]
	at org.apache.hadoop.ozone.protocolPB.OzoneManagerRequestHandler.getOzoneFileStatus(OzoneManagerRequestHandler.java:878) ~[ozone-manager-1.3.0-SNAPSHOT.jar:?]
	at org.apache.hadoop.ozone.protocolPB.OzoneManagerRequestHandler.handleReadRequest(OzoneManagerRequestHandler.java:224) ~[ozone-manager-1.3.0-SNAPSHOT.jar:?]
	at org.apache.hadoop.ozone.protocolPB.OzoneManagerProtocolServerSideTranslatorPB.submitReadRequestToOM(OzoneManagerProtocolServerSideTranslatorPB.java:226) ~[ozone-manager-1.3.0-SNAPSHOT.jar:?]
	at org.apache.hadoop.ozone.protocolPB.OzoneManagerProtocolServerSideTranslatorPB.processRequest(OzoneManagerProtocolServerSideTranslatorPB.java:175) ~[ozone-manager-1.3.0-SNAPSHOT.jar:?]
	at org.apache.hadoop.hdds.server.OzoneProtocolMessageDispatcher.processRequest(OzoneProtocolMessageDispatcher.java:87) [hdds-server-framework-1.3.0-SNAPSHOT.jar:?]
	at org.apache.hadoop.ozone.protocolPB.OzoneManagerProtocolServerSideTranslatorPB.submitRequest(OzoneManagerProtocolServerSideTranslatorPB.java:147) [ozone-manager-1.3.0-SNAPSHOT.jar:?]
	at org.apache.hadoop.ozone.protocol.proto.OzoneManagerProtocolProtos$OzoneManagerService$2.callBlockingMethod(OzoneManagerProtocolProtos.java) [ozone-interface-client-1.3.0-SNAPSHOT.jar:?]
	at org.apache.hadoop.ipc.ProtobufRpcEngine$Server.processCall(ProtobufRpcEngine.java:466) [hadoop-common-3.3.1.jar:?]
	at org.apache.hadoop.ipc.ProtobufRpcEngine2$Server$ProtoBufRpcInvoker.call(ProtobufRpcEngine2.java:574) [hadoop-common-3.3.1.jar:?]
	at org.apache.hadoop.ipc.ProtobufRpcEngine2$Server$ProtoBufRpcInvoker.call(ProtobufRpcEngine2.java:552) [hadoop-common-3.3.1.jar:?]
	at org.apache.hadoop.ipc.RPC$Server.call(RPC.java:1093) [hadoop-common-3.3.1.jar:?]
	at org.apache.hadoop.ipc.Server$RpcCall.run(Server.java:1035) [hadoop-common-3.3.1.jar:?]
	at org.apache.hadoop.ipc.Server$RpcCall.run(Server.java:963) [hadoop-common-3.3.1.jar:?]
	at java.security.AccessController.doPrivileged(Native Method) ~[?:1.8.0_332]
	at javax.security.auth.Subject.doAs(Subject.java:422) [?:1.8.0_332]
	at org.apache.hadoop.security.UserGroupInformation.doAs(UserGroupInformation.java:1878) [hadoop-common-3.3.1.jar:?]
	at org.apache.hadoop.ipc.Server$Handler.run(Server.java:2966) [hadoop-common-3.3.1.jar:?]
01:55:18.856 [IPC Server handler 5 on default port 35175] ERROR OMAudit - user=runner | ip=127.0.0.1 | op=GET_FILE_STATUS {volume=volume18062, bucket=bucket29054, key=gdir1/dir9/child, dataSize=0, replicationConfig=null} | ret=FAILURE
org.apache.hadoop.ozone.om.exceptions.OMException: Unable to get file status: volume: volume18062 bucket: bucket29054 key: gdir1/dir9/child
	at org.apache.hadoop.ozone.om.KeyManagerImpl.getOzoneFileStatus(KeyManagerImpl.java:1311) ~[ozone-manager-1.3.0-SNAPSHOT.jar:?]
	at org.apache.hadoop.ozone.om.KeyManagerImpl.getFileStatus(KeyManagerImpl.java:1241) ~[ozone-manager-1.3.0-SNAPSHOT.jar:?]
	at org.apache.hadoop.ozone.om.OzoneManager.getFileStatus(OzoneManager.java:3467) ~[ozone-manager-1.3.0-SNAPSHOT.jar:?]
	at org.apache.hadoop.ozone.protocolPB.OzoneManagerRequestHandler.getOzoneFileStatus(OzoneManagerRequestHandler.java:878) ~[ozone-manager-1.3.0-SNAPSHOT.jar:?]
	at org.apache.hadoop.ozone.protocolPB.OzoneManagerRequestHandler.handleReadRequest(OzoneManagerRequestHandler.java:224) ~[ozone-manager-1.3.0-SNAPSHOT.jar:?]
	at org.apache.hadoop.ozone.protocolPB.OzoneManagerProtocolServerSideTranslatorPB.submitReadRequestToOM(OzoneManagerProtocolServerSideTranslatorPB.java:226) ~[ozone-manager-1.3.0-SNAPSHOT.jar:?]
	at org.apache.hadoop.ozone.protocolPB.OzoneManagerProtocolServerSideTranslatorPB.processRequest(OzoneManagerProtocolServerSideTranslatorPB.java:175) ~[ozone-manager-1.3.0-SNAPSHOT.jar:?]
	at org.apache.hadoop.hdds.server.OzoneProtocolMessageDispatcher.processRequest(OzoneProtocolMessageDispatcher.java:87) [hdds-server-framework-1.3.0-SNAPSHOT.jar:?]
	at org.apache.hadoop.ozone.protocolPB.OzoneManagerProtocolServerSideTranslatorPB.submitRequest(OzoneManagerProtocolServerSideTranslatorPB.java:147) [ozone-manager-1.3.0-SNAPSHOT.jar:?]
	at org.apache.hadoop.ozone.protocol.proto.OzoneManagerProtocolProtos$OzoneManagerService$2.callBlockingMethod(OzoneManagerProtocolProtos.java) [ozone-interface-client-1.3.0-SNAPSHOT.jar:?]
	at org.apache.hadoop.ipc.ProtobufRpcEngine$Server.processCall(ProtobufRpcEngine.java:466) [hadoop-common-3.3.1.jar:?]
	at org.apache.hadoop.ipc.ProtobufRpcEngine2$Server$ProtoBufRpcInvoker.call(ProtobufRpcEngine2.java:574) [hadoop-common-3.3.1.jar:?]
	at org.apache.hadoop.ipc.ProtobufRpcEngine2$Server$ProtoBufRpcInvoker.call(ProtobufRpcEngine2.java:552) [hadoop-common-3.3.1.jar:?]
	at org.apache.hadoop.ipc.RPC$Server.call(RPC.java:1093) [hadoop-common-3.3.1.jar:?]
	at org.apache.hadoop.ipc.Server$RpcCall.run(Server.java:1035) [hadoop-common-3.3.1.jar:?]
	at org.apache.hadoop.ipc.Server$RpcCall.run(Server.java:963) [hadoop-common-3.3.1.jar:?]
	at java.security.AccessController.doPrivileged(Native Method) ~[?:1.8.0_332]
	at javax.security.auth.Subject.doAs(Subject.java:422) [?:1.8.0_332]
	at org.apache.hadoop.security.UserGroupInformation.doAs(UserGroupInformation.java:1878) [hadoop-common-3.3.1.jar:?]
	at org.apache.hadoop.ipc.Server$Handler.run(Server.java:2966) [hadoop-common-3.3.1.jar:?]
01:55:18.857 [IPC Server handler 13 on default port 35175] ERROR OMAudit - user=runner | ip=127.0.0.1 | op=GET_FILE_STATUS {volume=volume18062, bucket=bucket29054, key=gdir1/dir10, dataSize=0, replicationConfig=null} | ret=FAILURE
org.apache.hadoop.ozone.om.exceptions.OMException: Unable to get file status: volume: volume18062 bucket: bucket29054 key: gdir1/dir10
	at org.apache.hadoop.ozone.om.KeyManagerImpl.getOzoneFileStatus(KeyManagerImpl.java:1311) ~[ozone-manager-1.3.0-SNAPSHOT.jar:?]
	at org.apache.hadoop.ozone.om.KeyManagerImpl.getFileStatus(KeyManagerImpl.java:1241) ~[ozone-manager-1.3.0-SNAPSHOT.jar:?]
	at org.apache.hadoop.ozone.om.OzoneManager.getFileStatus(OzoneManager.java:3467) ~[ozone-manager-1.3.0-SNAPSHOT.jar:?]
	at org.apache.hadoop.ozone.protocolPB.OzoneManagerRequestHandler.getOzoneFileStatus(OzoneManagerRequestHandler.java:878) ~[ozone-manager-1.3.0-SNAPSHOT.jar:?]
	at org.apache.hadoop.ozone.protocolPB.OzoneManagerRequestHandler.handleReadRequest(OzoneManagerRequestHandler.java:224) ~[ozone-manager-1.3.0-SNAPSHOT.jar:?]
	at org.apache.hadoop.ozone.protocolPB.OzoneManagerProtocolServerSideTranslatorPB.submitReadRequestToOM(OzoneManagerProtocolServerSideTranslatorPB.java:226) ~[ozone-manager-1.3.0-SNAPSHOT.jar:?]
	at org.apache.hadoop.ozone.protocolPB.OzoneManagerProtocolServerSideTranslatorPB.processRequest(OzoneManagerProtocolServerSideTranslatorPB.java:175) ~[ozone-manager-1.3.0-SNAPSHOT.jar:?]
	at org.apache.hadoop.hdds.server.OzoneProtocolMessageDispatcher.processRequest(OzoneProtocolMessageDispatcher.java:87) [hdds-server-framework-1.3.0-SNAPSHOT.jar:?]
	at org.apache.hadoop.ozone.protocolPB.OzoneManagerProtocolServerSideTranslatorPB.submitRequest(OzoneManagerProtocolServerSideTranslatorPB.java:147) [ozone-manager-1.3.0-SNAPSHOT.jar:?]
	at org.apache.hadoop.ozone.protocol.proto.OzoneManagerProtocolProtos$OzoneManagerService$2.callBlockingMethod(OzoneManagerProtocolProtos.java) [ozone-interface-client-1.3.0-SNAPSHOT.jar:?]
	at org.apache.hadoop.ipc.ProtobufRpcEngine$Server.processCall(ProtobufRpcEngine.java:466) [hadoop-common-3.3.1.jar:?]
	at org.apache.hadoop.ipc.ProtobufRpcEngine2$Server$ProtoBufRpcInvoker.call(ProtobufRpcEngine2.java:574) [hadoop-common-3.3.1.jar:?]
	at org.apache.hadoop.ipc.ProtobufRpcEngine2$Server$ProtoBufRpcInvoker.call(ProtobufRpcEngine2.java:552) [hadoop-common-3.3.1.jar:?]
	at org.apache.hadoop.ipc.RPC$Server.call(RPC.java:1093) [hadoop-common-3.3.1.jar:?]
	at org.apache.hadoop.ipc.Server$RpcCall.run(Server.java:1035) [hadoop-common-3.3.1.jar:?]
	at org.apache.hadoop.ipc.Server$RpcCall.run(Server.java:963) [hadoop-common-3.3.1.jar:?]
	at java.security.AccessController.doPrivileged(Native Method) ~[?:1.8.0_332]
	at javax.security.auth.Subject.doAs(Subject.java:422) [?:1.8.0_332]
	at org.apache.hadoop.security.UserGroupInformation.doAs(UserGroupInformation.java:1878) [hadoop-common-3.3.1.jar:?]
	at org.apache.hadoop.ipc.Server$Handler.run(Server.java:2966) [hadoop-common-3.3.1.jar:?]
01:55:18.858 [IPC Server handler 14 on default port 35175] ERROR OMAudit - user=runner | ip=127.0.0.1 | op=GET_FILE_STATUS {volume=volume18062, bucket=bucket29054, key=gdir1/dir10/child, dataSize=0, replicationConfig=null} | ret=FAILURE
org.apache.hadoop.ozone.om.exceptions.OMException: Unable to get file status: volume: volume18062 bucket: bucket29054 key: gdir1/dir10/child
	at org.apache.hadoop.ozone.om.KeyManagerImpl.getOzoneFileStatus(KeyManagerImpl.java:1311) ~[ozone-manager-1.3.0-SNAPSHOT.jar:?]
	at org.apache.hadoop.ozone.om.KeyManagerImpl.getFileStatus(KeyManagerImpl.java:1241) ~[ozone-manager-1.3.0-SNAPSHOT.jar:?]
	at org.apache.hadoop.ozone.om.OzoneManager.getFileStatus(OzoneManager.java:3467) ~[ozone-manager-1.3.0-SNAPSHOT.jar:?]
	at org.apache.hadoop.ozone.protocolPB.OzoneManagerRequestHandler.getOzoneFileStatus(OzoneManagerRequestHandler.java:878) ~[ozone-manager-1.3.0-SNAPSHOT.jar:?]
	at org.apache.hadoop.ozone.protocolPB.OzoneManagerRequestHandler.handleReadRequest(OzoneManagerRequestHandler.java:224) ~[ozone-manager-1.3.0-SNAPSHOT.jar:?]
	at org.apache.hadoop.ozone.protocolPB.OzoneManagerProtocolServerSideTranslatorPB.submitReadRequestToOM(OzoneManagerProtocolServerSideTranslatorPB.java:226) ~[ozone-manager-1.3.0-SNAPSHOT.jar:?]
	at org.apache.hadoop.ozone.protocolPB.OzoneManagerProtocolServerSideTranslatorPB.processRequest(OzoneManagerProtocolServerSideTranslatorPB.java:175) ~[ozone-manager-1.3.0-SNAPSHOT.jar:?]
	at org.apache.hadoop.hdds.server.OzoneProtocolMessageDispatcher.processRequest(OzoneProtocolMessageDispatcher.java:87) [hdds-server-framework-1.3.0-SNAPSHOT.jar:?]
	at org.apache.hadoop.ozone.protocolPB.OzoneManagerProtocolServerSideTranslatorPB.submitRequest(OzoneManagerProtocolServerSideTranslatorPB.java:147) [ozone-manager-1.3.0-SNAPSHOT.jar:?]
	at org.apache.hadoop.ozone.protocol.proto.OzoneManagerProtocolProtos$OzoneManagerService$2.callBlockingMethod(OzoneManagerProtocolProtos.java) [ozone-interface-client-1.3.0-SNAPSHOT.jar:?]
	at org.apache.hadoop.ipc.ProtobufRpcEngine$Server.processCall(ProtobufRpcEngine.java:466) [hadoop-common-3.3.1.jar:?]
	at org.apache.hadoop.ipc.ProtobufRpcEngine2$Server$ProtoBufRpcInvoker.call(ProtobufRpcEngine2.java:574) [hadoop-common-3.3.1.jar:?]
	at org.apache.hadoop.ipc.ProtobufRpcEngine2$Server$ProtoBufRpcInvoker.call(ProtobufRpcEngine2.java:552) [hadoop-common-3.3.1.jar:?]
	at org.apache.hadoop.ipc.RPC$Server.call(RPC.java:1093) [hadoop-common-3.3.1.jar:?]
	at org.apache.hadoop.ipc.Server$RpcCall.run(Server.java:1035) [hadoop-common-3.3.1.jar:?]
	at org.apache.hadoop.ipc.Server$RpcCall.run(Server.java:963) [hadoop-common-3.3.1.jar:?]
	at java.security.AccessController.doPrivileged(Native Method) ~[?:1.8.0_332]
	at javax.security.auth.Subject.doAs(Subject.java:422) [?:1.8.0_332]
	at org.apache.hadoop.security.UserGroupInformation.doAs(UserGroupInformation.java:1878) [hadoop-common-3.3.1.jar:?]
	at org.apache.hadoop.ipc.Server$Handler.run(Server.java:2966) [hadoop-common-3.3.1.jar:?]
01:55:18.990 [IPC Server handler 2 on default port 35175] ERROR OMAudit - user=runner | ip=127.0.0.1 | op=GET_FILE_STATUS {volume=volume18062, bucket=bucket29054, key=level0, dataSize=0, replicationConfig=null} | ret=FAILURE
org.apache.hadoop.ozone.om.exceptions.OMException: Unable to get file status: volume: volume18062 bucket: bucket29054 key: level0
	at org.apache.hadoop.ozone.om.KeyManagerImpl.getOzoneFileStatus(KeyManagerImpl.java:1311) ~[ozone-manager-1.3.0-SNAPSHOT.jar:?]
	at org.apache.hadoop.ozone.om.KeyManagerImpl.getFileStatus(KeyManagerImpl.java:1241) ~[ozone-manager-1.3.0-SNAPSHOT.jar:?]
	at org.apache.hadoop.ozone.om.OzoneManager.getFileStatus(OzoneManager.java:3467) ~[ozone-manager-1.3.0-SNAPSHOT.jar:?]
	at org.apache.hadoop.ozone.protocolPB.OzoneManagerRequestHandler.getOzoneFileStatus(OzoneManagerRequestHandler.java:878) ~[ozone-manager-1.3.0-SNAPSHOT.jar:?]
	at org.apache.hadoop.ozone.protocolPB.OzoneManagerRequestHandler.handleReadRequest(OzoneManagerRequestHandler.java:224) ~[ozone-manager-1.3.0-SNAPSHOT.jar:?]
	at org.apache.hadoop.ozone.protocolPB.OzoneManagerProtocolServerSideTranslatorPB.submitReadRequestToOM(OzoneManagerProtocolServerSideTranslatorPB.java:226) ~[ozone-manager-1.3.0-SNAPSHOT.jar:?]
	at org.apache.hadoop.ozone.protocolPB.OzoneManagerProtocolServerSideTranslatorPB.processRequest(OzoneManagerProtocolServerSideTranslatorPB.java:175) ~[ozone-manager-1.3.0-SNAPSHOT.jar:?]
	at org.apache.hadoop.hdds.server.OzoneProtocolMessageDispatcher.processRequest(OzoneProtocolMessageDispatcher.java:87) [hdds-server-framework-1.3.0-SNAPSHOT.jar:?]
	at org.apache.hadoop.ozone.protocolPB.OzoneManagerProtocolServerSideTranslatorPB.submitRequest(OzoneManagerProtocolServerSideTranslatorPB.java:147) [ozone-manager-1.3.0-SNAPSHOT.jar:?]
	at org.apache.hadoop.ozone.protocol.proto.OzoneManagerProtocolProtos$OzoneManagerService$2.callBlockingMethod(OzoneManagerProtocolProtos.java) [ozone-interface-client-1.3.0-SNAPSHOT.jar:?]
	at org.apache.hadoop.ipc.ProtobufRpcEngine$Server.processCall(ProtobufRpcEngine.java:466) [hadoop-common-3.3.1.jar:?]
	at org.apache.hadoop.ipc.ProtobufRpcEngine2$Server$ProtoBufRpcInvoker.call(ProtobufRpcEngine2.java:574) [hadoop-common-3.3.1.jar:?]
	at org.apache.hadoop.ipc.ProtobufRpcEngine2$Server$ProtoBufRpcInvoker.call(ProtobufRpcEngine2.java:552) [hadoop-common-3.3.1.jar:?]
	at org.apache.hadoop.ipc.RPC$Server.call(RPC.java:1093) [hadoop-common-3.3.1.jar:?]
	at org.apache.hadoop.ipc.Server$RpcCall.run(Server.java:1035) [hadoop-common-3.3.1.jar:?]
	at org.apache.hadoop.ipc.Server$RpcCall.run(Server.java:963) [hadoop-common-3.3.1.jar:?]
	at java.security.AccessController.doPrivileged(Native Method) ~[?:1.8.0_332]
	at javax.security.auth.Subject.doAs(Subject.java:422) [?:1.8.0_332]
	at org.apache.hadoop.security.UserGroupInformation.doAs(UserGroupInformation.java:1878) [hadoop-common-3.3.1.jar:?]
	at org.apache.hadoop.ipc.Server$Handler.run(Server.java:2966) [hadoop-common-3.3.1.jar:?]
01:55:18.991 [IPC Server handler 4 on default port 35175] ERROR OMAudit - user=runner | ip=127.0.0.1 | op=GET_FILE_STATUS {volume=volume18062, bucket=bucket29054, key=level0/level1, dataSize=0, replicationConfig=null} | ret=FAILURE
org.apache.hadoop.ozone.om.exceptions.OMException: Unable to get file status: volume: volume18062 bucket: bucket29054 key: level0/level1
	at org.apache.hadoop.ozone.om.KeyManagerImpl.getOzoneFileStatus(KeyManagerImpl.java:1311) ~[ozone-manager-1.3.0-SNAPSHOT.jar:?]
	at org.apache.hadoop.ozone.om.KeyManagerImpl.getFileStatus(KeyManagerImpl.java:1241) ~[ozone-manager-1.3.0-SNAPSHOT.jar:?]
	at org.apache.hadoop.ozone.om.OzoneManager.getFileStatus(OzoneManager.java:3467) ~[ozone-manager-1.3.0-SNAPSHOT.jar:?]
	at org.apache.hadoop.ozone.protocolPB.OzoneManagerRequestHandler.getOzoneFileStatus(OzoneManagerRequestHandler.java:878) ~[ozone-manager-1.3.0-SNAPSHOT.jar:?]
	at org.apache.hadoop.ozone.protocolPB.OzoneManagerRequestHandler.handleReadRequest(OzoneManagerRequestHandler.java:224) ~[ozone-manager-1.3.0-SNAPSHOT.jar:?]
	at org.apache.hadoop.ozone.protocolPB.OzoneManagerProtocolServerSideTranslatorPB.submitReadRequestToOM(OzoneManagerProtocolServerSideTranslatorPB.java:226) ~[ozone-manager-1.3.0-SNAPSHOT.jar:?]
	at org.apache.hadoop.ozone.protocolPB.OzoneManagerProtocolServerSideTranslatorPB.processRequest(OzoneManagerProtocolServerSideTranslatorPB.java:175) ~[ozone-manager-1.3.0-SNAPSHOT.jar:?]
	at org.apache.hadoop.hdds.server.OzoneProtocolMessageDispatcher.processRequest(OzoneProtocolMessageDispatcher.java:87) [hdds-server-framework-1.3.0-SNAPSHOT.jar:?]
	at org.apache.hadoop.ozone.protocolPB.OzoneManagerProtocolServerSideTranslatorPB.submitRequest(OzoneManagerProtocolServerSideTranslatorPB.java:147) [ozone-manager-1.3.0-SNAPSHOT.jar:?]
	at org.apache.hadoop.ozone.protocol.proto.OzoneManagerProtocolProtos$OzoneManagerService$2.callBlockingMethod(OzoneManagerProtocolProtos.java) [ozone-interface-client-1.3.0-SNAPSHOT.jar:?]
	at org.apache.hadoop.ipc.ProtobufRpcEngine$Server.processCall(ProtobufRpcEngine.java:466) [hadoop-common-3.3.1.jar:?]
	at org.apache.hadoop.ipc.ProtobufRpcEngine2$Server$ProtoBufRpcInvoker.call(ProtobufRpcEngine2.java:574) [hadoop-common-3.3.1.jar:?]
	at org.apache.hadoop.ipc.ProtobufRpcEngine2$Server$ProtoBufRpcInvoker.call(ProtobufRpcEngine2.java:552) [hadoop-common-3.3.1.jar:?]
	at org.apache.hadoop.ipc.RPC$Server.call(RPC.java:1093) [hadoop-common-3.3.1.jar:?]
	at org.apache.hadoop.ipc.Server$RpcCall.run(Server.java:1035) [hadoop-common-3.3.1.jar:?]
	at org.apache.hadoop.ipc.Server$RpcCall.run(Server.java:963) [hadoop-common-3.3.1.jar:?]
	at java.security.AccessController.doPrivileged(Native Method) ~[?:1.8.0_332]
	at javax.security.auth.Subject.doAs(Subject.java:422) [?:1.8.0_332]
	at org.apache.hadoop.security.UserGroupInformation.doAs(UserGroupInformation.java:1878) [hadoop-common-3.3.1.jar:?]
	at org.apache.hadoop.ipc.Server$Handler.run(Server.java:2966) [hadoop-common-3.3.1.jar:?]
01:55:18.992 [IPC Server handler 6 on default port 35175] ERROR OMAudit - user=runner | ip=127.0.0.1 | op=GET_FILE_STATUS {volume=volume18062, bucket=bucket29054, key=level0/level1/level1, dataSize=0, replicationConfig=null} | ret=FAILURE
org.apache.hadoop.ozone.om.exceptions.OMException: Unable to get file status: volume: volume18062 bucket: bucket29054 key: level0/level1/level1
	at org.apache.hadoop.ozone.om.KeyManagerImpl.getOzoneFileStatus(KeyManagerImpl.java:1311) ~[ozone-manager-1.3.0-SNAPSHOT.jar:?]
	at org.apache.hadoop.ozone.om.KeyManagerImpl.getFileStatus(KeyManagerImpl.java:1241) ~[ozone-manager-1.3.0-SNAPSHOT.jar:?]
	at org.apache.hadoop.ozone.om.OzoneManager.getFileStatus(OzoneManager.java:3467) ~[ozone-manager-1.3.0-SNAPSHOT.jar:?]
	at org.apache.hadoop.ozone.protocolPB.OzoneManagerRequestHandler.getOzoneFileStatus(OzoneManagerRequestHandler.java:878) ~[ozone-manager-1.3.0-SNAPSHOT.jar:?]
	at org.apache.hadoop.ozone.protocolPB.OzoneManagerRequestHandler.handleReadRequest(OzoneManagerRequestHandler.java:224) ~[ozone-manager-1.3.0-SNAPSHOT.jar:?]
	at org.apache.hadoop.ozone.protocolPB.OzoneManagerProtocolServerSideTranslatorPB.submitReadRequestToOM(OzoneManagerProtocolServerSideTranslatorPB.java:226) ~[ozone-manager-1.3.0-SNAPSHOT.jar:?]
	at org.apache.hadoop.ozone.protocolPB.OzoneManagerProtocolServerSideTranslatorPB.processRequest(OzoneManagerProtocolServerSideTranslatorPB.java:175) ~[ozone-manager-1.3.0-SNAPSHOT.jar:?]
	at org.apache.hadoop.hdds.server.OzoneProtocolMessageDispatcher.processRequest(OzoneProtocolMessageDispatcher.java:87) [hdds-server-framework-1.3.0-SNAPSHOT.jar:?]
	at org.apache.hadoop.ozone.protocolPB.OzoneManagerProtocolServerSideTranslatorPB.submitRequest(OzoneManagerProtocolServerSideTranslatorPB.java:147) [ozone-manager-1.3.0-SNAPSHOT.jar:?]
	at org.apache.hadoop.ozone.protocol.proto.OzoneManagerProtocolProtos$OzoneManagerService$2.callBlockingMethod(OzoneManagerProtocolProtos.java) [ozone-interface-client-1.3.0-SNAPSHOT.jar:?]
	at org.apache.hadoop.ipc.ProtobufRpcEngine$Server.processCall(ProtobufRpcEngine.java:466) [hadoop-common-3.3.1.jar:?]
	at org.apache.hadoop.ipc.ProtobufRpcEngine2$Server$ProtoBufRpcInvoker.call(ProtobufRpcEngine2.java:574) [hadoop-common-3.3.1.jar:?]
	at org.apache.hadoop.ipc.ProtobufRpcEngine2$Server$ProtoBufRpcInvoker.call(ProtobufRpcEngine2.java:552) [hadoop-common-3.3.1.jar:?]
	at org.apache.hadoop.ipc.RPC$Server.call(RPC.java:1093) [hadoop-common-3.3.1.jar:?]
	at org.apache.hadoop.ipc.Server$RpcCall.run(Server.java:1035) [hadoop-common-3.3.1.jar:?]
	at org.apache.hadoop.ipc.Server$RpcCall.run(Server.java:963) [hadoop-common-3.3.1.jar:?]
	at java.security.AccessController.doPrivileged(Native Method) ~[?:1.8.0_332]
	at javax.security.auth.Subject.doAs(Subject.java:422) [?:1.8.0_332]
	at org.apache.hadoop.security.UserGroupInformation.doAs(UserGroupInformation.java:1878) [hadoop-common-3.3.1.jar:?]
	at org.apache.hadoop.ipc.Server$Handler.run(Server.java:2966) [hadoop-common-3.3.1.jar:?]
01:55:18.994 [IPC Server handler 7 on default port 35175] ERROR OMAudit - user=runner | ip=127.0.0.1 | op=GET_FILE_STATUS {volume=volume18062, bucket=bucket29054, key=level0/level1/file1, dataSize=0, replicationConfig=null} | ret=FAILURE
org.apache.hadoop.ozone.om.exceptions.OMException: Unable to get file status: volume: volume18062 bucket: bucket29054 key: level0/level1/file1
	at org.apache.hadoop.ozone.om.KeyManagerImpl.getOzoneFileStatus(KeyManagerImpl.java:1311) ~[ozone-manager-1.3.0-SNAPSHOT.jar:?]
	at org.apache.hadoop.ozone.om.KeyManagerImpl.getFileStatus(KeyManagerImpl.java:1241) ~[ozone-manager-1.3.0-SNAPSHOT.jar:?]
	at org.apache.hadoop.ozone.om.OzoneManager.getFileStatus(OzoneManager.java:3467) ~[ozone-manager-1.3.0-SNAPSHOT.jar:?]
	at org.apache.hadoop.ozone.protocolPB.OzoneManagerRequestHandler.getOzoneFileStatus(OzoneManagerRequestHandler.java:878) ~[ozone-manager-1.3.0-SNAPSHOT.jar:?]
	at org.apache.hadoop.ozone.protocolPB.OzoneManagerRequestHandler.handleReadRequest(OzoneManagerRequestHandler.java:224) ~[ozone-manager-1.3.0-SNAPSHOT.jar:?]
	at org.apache.hadoop.ozone.protocolPB.OzoneManagerProtocolServerSideTranslatorPB.submitReadRequestToOM(OzoneManagerProtocolServerSideTranslatorPB.java:226) ~[ozone-manager-1.3.0-SNAPSHOT.jar:?]
	at org.apache.hadoop.ozone.protocolPB.OzoneManagerProtocolServerSideTranslatorPB.processRequest(OzoneManagerProtocolServerSideTranslatorPB.java:175) ~[ozone-manager-1.3.0-SNAPSHOT.jar:?]
	at org.apache.hadoop.hdds.server.OzoneProtocolMessageDispatcher.processRequest(OzoneProtocolMessageDispatcher.java:87) [hdds-server-framework-1.3.0-SNAPSHOT.jar:?]
	at org.apache.hadoop.ozone.protocolPB.OzoneManagerProtocolServerSideTranslatorPB.submitRequest(OzoneManagerProtocolServerSideTranslatorPB.java:147) [ozone-manager-1.3.0-SNAPSHOT.jar:?]
	at org.apache.hadoop.ozone.protocol.proto.OzoneManagerProtocolProtos$OzoneManagerService$2.callBlockingMethod(OzoneManagerProtocolProtos.java) [ozone-interface-client-1.3.0-SNAPSHOT.jar:?]
	at org.apache.hadoop.ipc.ProtobufRpcEngine$Server.processCall(ProtobufRpcEngine.java:466) [hadoop-common-3.3.1.jar:?]
	at org.apache.hadoop.ipc.ProtobufRpcEngine2$Server$ProtoBufRpcInvoker.call(ProtobufRpcEngine2.java:574) [hadoop-common-3.3.1.jar:?]
	at org.apache.hadoop.ipc.ProtobufRpcEngine2$Server$ProtoBufRpcInvoker.call(ProtobufRpcEngine2.java:552) [hadoop-common-3.3.1.jar:?]
	at org.apache.hadoop.ipc.RPC$Server.call(RPC.java:1093) [hadoop-common-3.3.1.jar:?]
	at org.apache.hadoop.ipc.Server$RpcCall.run(Server.java:1035) [hadoop-common-3.3.1.jar:?]
	at org.apache.hadoop.ipc.Server$RpcCall.run(Server.java:963) [hadoop-common-3.3.1.jar:?]
	at java.security.AccessController.doPrivileged(Native Method) ~[?:1.8.0_332]
	at javax.security.auth.Subject.doAs(Subject.java:422) [?:1.8.0_332]
	at org.apache.hadoop.security.UserGroupInformation.doAs(UserGroupInformation.java:1878) [hadoop-common-3.3.1.jar:?]
	at org.apache.hadoop.ipc.Server$Handler.run(Server.java:2966) [hadoop-common-3.3.1.jar:?]
01:55:18.995 [IPC Server handler 5 on default port 35175] ERROR OMAudit - user=runner | ip=127.0.0.1 | op=GET_FILE_STATUS {volume=volume18062, bucket=bucket29054, key=level0/level1/level1/file1, dataSize=0, replicationConfig=null} | ret=FAILURE
org.apache.hadoop.ozone.om.exceptions.OMException: Unable to get file status: volume: volume18062 bucket: bucket29054 key: level0/level1/level1/file1
	at org.apache.hadoop.ozone.om.KeyManagerImpl.getOzoneFileStatus(KeyManagerImpl.java:1311) ~[ozone-manager-1.3.0-SNAPSHOT.jar:?]
	at org.apache.hadoop.ozone.om.KeyManagerImpl.getFileStatus(KeyManagerImpl.java:1241) ~[ozone-manager-1.3.0-SNAPSHOT.jar:?]
	at org.apache.hadoop.ozone.om.OzoneManager.getFileStatus(OzoneManager.java:3467) ~[ozone-manager-1.3.0-SNAPSHOT.jar:?]
	at org.apache.hadoop.ozone.protocolPB.OzoneManagerRequestHandler.getOzoneFileStatus(OzoneManagerRequestHandler.java:878) ~[ozone-manager-1.3.0-SNAPSHOT.jar:?]
	at org.apache.hadoop.ozone.protocolPB.OzoneManagerRequestHandler.handleReadRequest(OzoneManagerRequestHandler.java:224) ~[ozone-manager-1.3.0-SNAPSHOT.jar:?]
	at org.apache.hadoop.ozone.protocolPB.OzoneManagerProtocolServerSideTranslatorPB.submitReadRequestToOM(OzoneManagerProtocolServerSideTranslatorPB.java:226) ~[ozone-manager-1.3.0-SNAPSHOT.jar:?]
	at org.apache.hadoop.ozone.protocolPB.OzoneManagerProtocolServerSideTranslatorPB.processRequest(OzoneManagerProtocolServerSideTranslatorPB.java:175) ~[ozone-manager-1.3.0-SNAPSHOT.jar:?]
	at org.apache.hadoop.hdds.server.OzoneProtocolMessageDispatcher.processRequest(OzoneProtocolMessageDispatcher.java:87) [hdds-server-framework-1.3.0-SNAPSHOT.jar:?]
	at org.apache.hadoop.ozone.protocolPB.OzoneManagerProtocolServerSideTranslatorPB.submitRequest(OzoneManagerProtocolServerSideTranslatorPB.java:147) [ozone-manager-1.3.0-SNAPSHOT.jar:?]
	at org.apache.hadoop.ozone.protocol.proto.OzoneManagerProtocolProtos$OzoneManagerService$2.callBlockingMethod(OzoneManagerProtocolProtos.java) [ozone-interface-client-1.3.0-SNAPSHOT.jar:?]
	at org.apache.hadoop.ipc.ProtobufRpcEngine$Server.processCall(ProtobufRpcEngine.java:466) [hadoop-common-3.3.1.jar:?]
	at org.apache.hadoop.ipc.ProtobufRpcEngine2$Server$ProtoBufRpcInvoker.call(ProtobufRpcEngine2.java:574) [hadoop-common-3.3.1.jar:?]
	at org.apache.hadoop.ipc.ProtobufRpcEngine2$Server$ProtoBufRpcInvoker.call(ProtobufRpcEngine2.java:552) [hadoop-common-3.3.1.jar:?]
	at org.apache.hadoop.ipc.RPC$Server.call(RPC.java:1093) [hadoop-common-3.3.1.jar:?]
	at org.apache.hadoop.ipc.Server$RpcCall.run(Server.java:1035) [hadoop-common-3.3.1.jar:?]
	at org.apache.hadoop.ipc.Server$RpcCall.run(Server.java:963) [hadoop-common-3.3.1.jar:?]
	at java.security.AccessController.doPrivileged(Native Method) ~[?:1.8.0_332]
	at javax.security.auth.Subject.doAs(Subject.java:422) [?:1.8.0_332]
	at org.apache.hadoop.security.UserGroupInformation.doAs(UserGroupInformation.java:1878) [hadoop-common-3.3.1.jar:?]
	at org.apache.hadoop.ipc.Server$Handler.run(Server.java:2966) [hadoop-common-3.3.1.jar:?]
01:55:18.996 [IPC Server handler 13 on default port 35175] ERROR OMAudit - user=runner | ip=127.0.0.1 | op=GET_FILE_STATUS {volume=volume18062, bucket=bucket29054, key=level0/level2, dataSize=0, replicationConfig=null} | ret=FAILURE
org.apache.hadoop.ozone.om.exceptions.OMException: Unable to get file status: volume: volume18062 bucket: bucket29054 key: level0/level2
	at org.apache.hadoop.ozone.om.KeyManagerImpl.getOzoneFileStatus(KeyManagerImpl.java:1311) ~[ozone-manager-1.3.0-SNAPSHOT.jar:?]
	at org.apache.hadoop.ozone.om.KeyManagerImpl.getFileStatus(KeyManagerImpl.java:1241) ~[ozone-manager-1.3.0-SNAPSHOT.jar:?]
	at org.apache.hadoop.ozone.om.OzoneManager.getFileStatus(OzoneManager.java:3467) ~[ozone-manager-1.3.0-SNAPSHOT.jar:?]
	at org.apache.hadoop.ozone.protocolPB.OzoneManagerRequestHandler.getOzoneFileStatus(OzoneManagerRequestHandler.java:878) ~[ozone-manager-1.3.0-SNAPSHOT.jar:?]
	at org.apache.hadoop.ozone.protocolPB.OzoneManagerRequestHandler.handleReadRequest(OzoneManagerRequestHandler.java:224) ~[ozone-manager-1.3.0-SNAPSHOT.jar:?]
	at org.apache.hadoop.ozone.protocolPB.OzoneManagerProtocolServerSideTranslatorPB.submitReadRequestToOM(OzoneManagerProtocolServerSideTranslatorPB.java:226) ~[ozone-manager-1.3.0-SNAPSHOT.jar:?]
	at org.apache.hadoop.ozone.protocolPB.OzoneManagerProtocolServerSideTranslatorPB.processRequest(OzoneManagerProtocolServerSideTranslatorPB.java:175) ~[ozone-manager-1.3.0-SNAPSHOT.jar:?]
	at org.apache.hadoop.hdds.server.OzoneProtocolMessageDispatcher.processRequest(OzoneProtocolMessageDispatcher.java:87) [hdds-server-framework-1.3.0-SNAPSHOT.jar:?]
	at org.apache.hadoop.ozone.protocolPB.OzoneManagerProtocolServerSideTranslatorPB.submitRequest(OzoneManagerProtocolServerSideTranslatorPB.java:147) [ozone-manager-1.3.0-SNAPSHOT.jar:?]
	at org.apache.hadoop.ozone.protocol.proto.OzoneManagerProtocolProtos$OzoneManagerService$2.callBlockingMethod(OzoneManagerProtocolProtos.java) [ozone-interface-client-1.3.0-SNAPSHOT.jar:?]
	at org.apache.hadoop.ipc.ProtobufRpcEngine$Server.processCall(ProtobufRpcEngine.java:466) [hadoop-common-3.3.1.jar:?]
	at org.apache.hadoop.ipc.ProtobufRpcEngine2$Server$ProtoBufRpcInvoker.call(ProtobufRpcEngine2.java:574) [hadoop-common-3.3.1.jar:?]
	at org.apache.hadoop.ipc.ProtobufRpcEngine2$Server$ProtoBufRpcInvoker.call(ProtobufRpcEngine2.java:552) [hadoop-common-3.3.1.jar:?]
	at org.apache.hadoop.ipc.RPC$Server.call(RPC.java:1093) [hadoop-common-3.3.1.jar:?]
	at org.apache.hadoop.ipc.Server$RpcCall.run(Server.java:1035) [hadoop-common-3.3.1.jar:?]
	at org.apache.hadoop.ipc.Server$RpcCall.run(Server.java:963) [hadoop-common-3.3.1.jar:?]
	at java.security.AccessController.doPrivileged(Native Method) ~[?:1.8.0_332]
	at javax.security.auth.Subject.doAs(Subject.java:422) [?:1.8.0_332]
	at org.apache.hadoop.security.UserGroupInformation.doAs(UserGroupInformation.java:1878) [hadoop-common-3.3.1.jar:?]
	at org.apache.hadoop.ipc.Server$Handler.run(Server.java:2966) [hadoop-common-3.3.1.jar:?]
01:55:18.997 [IPC Server handler 14 on default port 35175] ERROR OMAudit - user=runner | ip=127.0.0.1 | op=GET_FILE_STATUS {volume=volume18062, bucket=bucket29054, key=level0/level2/level2, dataSize=0, replicationConfig=null} | ret=FAILURE
org.apache.hadoop.ozone.om.exceptions.OMException: Unable to get file status: volume: volume18062 bucket: bucket29054 key: level0/level2/level2
	at org.apache.hadoop.ozone.om.KeyManagerImpl.getOzoneFileStatus(KeyManagerImpl.java:1311) ~[ozone-manager-1.3.0-SNAPSHOT.jar:?]
	at org.apache.hadoop.ozone.om.KeyManagerImpl.getFileStatus(KeyManagerImpl.java:1241) ~[ozone-manager-1.3.0-SNAPSHOT.jar:?]
	at org.apache.hadoop.ozone.om.OzoneManager.getFileStatus(OzoneManager.java:3467) ~[ozone-manager-1.3.0-SNAPSHOT.jar:?]
	at org.apache.hadoop.ozone.protocolPB.OzoneManagerRequestHandler.getOzoneFileStatus(OzoneManagerRequestHandler.java:878) ~[ozone-manager-1.3.0-SNAPSHOT.jar:?]
	at org.apache.hadoop.ozone.protocolPB.OzoneManagerRequestHandler.handleReadRequest(OzoneManagerRequestHandler.java:224) ~[ozone-manager-1.3.0-SNAPSHOT.jar:?]
	at org.apache.hadoop.ozone.protocolPB.OzoneManagerProtocolServerSideTranslatorPB.submitReadRequestToOM(OzoneManagerProtocolServerSideTranslatorPB.java:226) ~[ozone-manager-1.3.0-SNAPSHOT.jar:?]
	at org.apache.hadoop.ozone.protocolPB.OzoneManagerProtocolServerSideTranslatorPB.processRequest(OzoneManagerProtocolServerSideTranslatorPB.java:175) ~[ozone-manager-1.3.0-SNAPSHOT.jar:?]
	at org.apache.hadoop.hdds.server.OzoneProtocolMessageDispatcher.processRequest(OzoneProtocolMessageDispatcher.java:87) [hdds-server-framework-1.3.0-SNAPSHOT.jar:?]
	at org.apache.hadoop.ozone.protocolPB.OzoneManagerProtocolServerSideTranslatorPB.submitRequest(OzoneManagerProtocolServerSideTranslatorPB.java:147) [ozone-manager-1.3.0-SNAPSHOT.jar:?]
	at org.apache.hadoop.ozone.protocol.proto.OzoneManagerProtocolProtos$OzoneManagerService$2.callBlockingMethod(OzoneManagerProtocolProtos.java) [ozone-interface-client-1.3.0-SNAPSHOT.jar:?]
	at org.apache.hadoop.ipc.ProtobufRpcEngine$Server.processCall(ProtobufRpcEngine.java:466) [hadoop-common-3.3.1.jar:?]
	at org.apache.hadoop.ipc.ProtobufRpcEngine2$Server$ProtoBufRpcInvoker.call(ProtobufRpcEngine2.java:574) [hadoop-common-3.3.1.jar:?]
	at org.apache.hadoop.ipc.ProtobufRpcEngine2$Server$ProtoBufRpcInvoker.call(ProtobufRpcEngine2.java:552) [hadoop-common-3.3.1.jar:?]
	at org.apache.hadoop.ipc.RPC$Server.call(RPC.java:1093) [hadoop-common-3.3.1.jar:?]
	at org.apache.hadoop.ipc.Server$RpcCall.run(Server.java:1035) [hadoop-common-3.3.1.jar:?]
	at org.apache.hadoop.ipc.Server$RpcCall.run(Server.java:963) [hadoop-common-3.3.1.jar:?]
	at java.security.AccessController.doPrivileged(Native Method) ~[?:1.8.0_332]
	at javax.security.auth.Subject.doAs(Subject.java:422) [?:1.8.0_332]
	at org.apache.hadoop.security.UserGroupInformation.doAs(UserGroupInformation.java:1878) [hadoop-common-3.3.1.jar:?]
	at org.apache.hadoop.ipc.Server$Handler.run(Server.java:2966) [hadoop-common-3.3.1.jar:?]
01:55:18.998 [IPC Server handler 10 on default port 35175] ERROR OMAudit - user=runner | ip=127.0.0.1 | op=GET_FILE_STATUS {volume=volume18062, bucket=bucket29054, key=level0/level2/file1, dataSize=0, replicationConfig=null} | ret=FAILURE
org.apache.hadoop.ozone.om.exceptions.OMException: Unable to get file status: volume: volume18062 bucket: bucket29054 key: level0/level2/file1
	at org.apache.hadoop.ozone.om.KeyManagerImpl.getOzoneFileStatus(KeyManagerImpl.java:1311) ~[ozone-manager-1.3.0-SNAPSHOT.jar:?]
	at org.apache.hadoop.ozone.om.KeyManagerImpl.getFileStatus(KeyManagerImpl.java:1241) ~[ozone-manager-1.3.0-SNAPSHOT.jar:?]
	at org.apache.hadoop.ozone.om.OzoneManager.getFileStatus(OzoneManager.java:3467) ~[ozone-manager-1.3.0-SNAPSHOT.jar:?]
	at org.apache.hadoop.ozone.protocolPB.OzoneManagerRequestHandler.getOzoneFileStatus(OzoneManagerRequestHandler.java:878) ~[ozone-manager-1.3.0-SNAPSHOT.jar:?]
	at org.apache.hadoop.ozone.protocolPB.OzoneManagerRequestHandler.handleReadRequest(OzoneManagerRequestHandler.java:224) ~[ozone-manager-1.3.0-SNAPSHOT.jar:?]
	at org.apache.hadoop.ozone.protocolPB.OzoneManagerProtocolServerSideTranslatorPB.submitReadRequestToOM(OzoneManagerProtocolServerSideTranslatorPB.java:226) ~[ozone-manager-1.3.0-SNAPSHOT.jar:?]
	at org.apache.hadoop.ozone.protocolPB.OzoneManagerProtocolServerSideTranslatorPB.processRequest(OzoneManagerProtocolServerSideTranslatorPB.java:175) ~[ozone-manager-1.3.0-SNAPSHOT.jar:?]
	at org.apache.hadoop.hdds.server.OzoneProtocolMessageDispatcher.processRequest(OzoneProtocolMessageDispatcher.java:87) [hdds-server-framework-1.3.0-SNAPSHOT.jar:?]
	at org.apache.hadoop.ozone.protocolPB.OzoneManagerProtocolServerSideTranslatorPB.submitRequest(OzoneManagerProtocolServerSideTranslatorPB.java:147) [ozone-manager-1.3.0-SNAPSHOT.jar:?]
	at org.apache.hadoop.ozone.protocol.proto.OzoneManagerProtocolProtos$OzoneManagerService$2.callBlockingMethod(OzoneManagerProtocolProtos.java) [ozone-interface-client-1.3.0-SNAPSHOT.jar:?]
	at org.apache.hadoop.ipc.ProtobufRpcEngine$Server.processCall(ProtobufRpcEngine.java:466) [hadoop-common-3.3.1.jar:?]
	at org.apache.hadoop.ipc.ProtobufRpcEngine2$Server$ProtoBufRpcInvoker.call(ProtobufRpcEngine2.java:574) [hadoop-common-3.3.1.jar:?]
	at org.apache.hadoop.ipc.ProtobufRpcEngine2$Server$ProtoBufRpcInvoker.call(ProtobufRpcEngine2.java:552) [hadoop-common-3.3.1.jar:?]
	at org.apache.hadoop.ipc.RPC$Server.call(RPC.java:1093) [hadoop-common-3.3.1.jar:?]
	at org.apache.hadoop.ipc.Server$RpcCall.run(Server.java:1035) [hadoop-common-3.3.1.jar:?]
	at org.apache.hadoop.ipc.Server$RpcCall.run(Server.java:963) [hadoop-common-3.3.1.jar:?]
	at java.security.AccessController.doPrivileged(Native Method) ~[?:1.8.0_332]
	at javax.security.auth.Subject.doAs(Subject.java:422) [?:1.8.0_332]
	at org.apache.hadoop.security.UserGroupInformation.doAs(UserGroupInformation.java:1878) [hadoop-common-3.3.1.jar:?]
	at org.apache.hadoop.ipc.Server$Handler.run(Server.java:2966) [hadoop-common-3.3.1.jar:?]
01:55:18.999 [IPC Server handler 15 on default port 35175] ERROR OMAudit - user=runner | ip=127.0.0.1 | op=GET_FILE_STATUS {volume=volume18062, bucket=bucket29054, key=level0/level2/level2/file1, dataSize=0, replicationConfig=null} | ret=FAILURE
org.apache.hadoop.ozone.om.exceptions.OMException: Unable to get file status: volume: volume18062 bucket: bucket29054 key: level0/level2/level2/file1
	at org.apache.hadoop.ozone.om.KeyManagerImpl.getOzoneFileStatus(KeyManagerImpl.java:1311) ~[ozone-manager-1.3.0-SNAPSHOT.jar:?]
	at org.apache.hadoop.ozone.om.KeyManagerImpl.getFileStatus(KeyManagerImpl.java:1241) ~[ozone-manager-1.3.0-SNAPSHOT.jar:?]
	at org.apache.hadoop.ozone.om.OzoneManager.getFileStatus(OzoneManager.java:3467) ~[ozone-manager-1.3.0-SNAPSHOT.jar:?]
	at org.apache.hadoop.ozone.protocolPB.OzoneManagerRequestHandler.getOzoneFileStatus(OzoneManagerRequestHandler.java:878) ~[ozone-manager-1.3.0-SNAPSHOT.jar:?]
	at org.apache.hadoop.ozone.protocolPB.OzoneManagerRequestHandler.handleReadRequest(OzoneManagerRequestHandler.java:224) ~[ozone-manager-1.3.0-SNAPSHOT.jar:?]
	at org.apache.hadoop.ozone.protocolPB.OzoneManagerProtocolServerSideTranslatorPB.submitReadRequestToOM(OzoneManagerProtocolServerSideTranslatorPB.java:226) ~[ozone-manager-1.3.0-SNAPSHOT.jar:?]
	at org.apache.hadoop.ozone.protocolPB.OzoneManagerProtocolServerSideTranslatorPB.processRequest(OzoneManagerProtocolServerSideTranslatorPB.java:175) ~[ozone-manager-1.3.0-SNAPSHOT.jar:?]
	at org.apache.hadoop.hdds.server.OzoneProtocolMessageDispatcher.processRequest(OzoneProtocolMessageDispatcher.java:87) [hdds-server-framework-1.3.0-SNAPSHOT.jar:?]
	at org.apache.hadoop.ozone.protocolPB.OzoneManagerProtocolServerSideTranslatorPB.submitRequest(OzoneManagerProtocolServerSideTranslatorPB.java:147) [ozone-manager-1.3.0-SNAPSHOT.jar:?]
	at org.apache.hadoop.ozone.protocol.proto.OzoneManagerProtocolProtos$OzoneManagerService$2.callBlockingMethod(OzoneManagerProtocolProtos.java) [ozone-interface-client-1.3.0-SNAPSHOT.jar:?]
	at org.apache.hadoop.ipc.ProtobufRpcEngine$Server.processCall(ProtobufRpcEngine.java:466) [hadoop-common-3.3.1.jar:?]
	at org.apache.hadoop.ipc.ProtobufRpcEngine2$Server$ProtoBufRpcInvoker.call(ProtobufRpcEngine2.java:574) [hadoop-common-3.3.1.jar:?]
	at org.apache.hadoop.ipc.ProtobufRpcEngine2$Server$ProtoBufRpcInvoker.call(ProtobufRpcEngine2.java:552) [hadoop-common-3.3.1.jar:?]
	at org.apache.hadoop.ipc.RPC$Server.call(RPC.java:1093) [hadoop-common-3.3.1.jar:?]
	at org.apache.hadoop.ipc.Server$RpcCall.run(Server.java:1035) [hadoop-common-3.3.1.jar:?]
	at org.apache.hadoop.ipc.Server$RpcCall.run(Server.java:963) [hadoop-common-3.3.1.jar:?]
	at java.security.AccessController.doPrivileged(Native Method) ~[?:1.8.0_332]
	at javax.security.auth.Subject.doAs(Subject.java:422) [?:1.8.0_332]
	at org.apache.hadoop.security.UserGroupInformation.doAs(UserGroupInformation.java:1878) [hadoop-common-3.3.1.jar:?]
	at org.apache.hadoop.ipc.Server$Handler.run(Server.java:2966) [hadoop-common-3.3.1.jar:?]
01:55:19.001 [IPC Server handler 18 on default port 35175] ERROR OMAudit - user=runner | ip=127.0.0.1 | op=GET_FILE_STATUS {volume=volume18062, bucket=bucket29054, key=level0/level3, dataSize=0, replicationConfig=null} | ret=FAILURE
org.apache.hadoop.ozone.om.exceptions.OMException: Unable to get file status: volume: volume18062 bucket: bucket29054 key: level0/level3
	at org.apache.hadoop.ozone.om.KeyManagerImpl.getOzoneFileStatus(KeyManagerImpl.java:1311) ~[ozone-manager-1.3.0-SNAPSHOT.jar:?]
	at org.apache.hadoop.ozone.om.KeyManagerImpl.getFileStatus(KeyManagerImpl.java:1241) ~[ozone-manager-1.3.0-SNAPSHOT.jar:?]
	at org.apache.hadoop.ozone.om.OzoneManager.getFileStatus(OzoneManager.java:3467) ~[ozone-manager-1.3.0-SNAPSHOT.jar:?]
	at org.apache.hadoop.ozone.protocolPB.OzoneManagerRequestHandler.getOzoneFileStatus(OzoneManagerRequestHandler.java:878) ~[ozone-manager-1.3.0-SNAPSHOT.jar:?]
	at org.apache.hadoop.ozone.protocolPB.OzoneManagerRequestHandler.handleReadRequest(OzoneManagerRequestHandler.java:224) ~[ozone-manager-1.3.0-SNAPSHOT.jar:?]
	at org.apache.hadoop.ozone.protocolPB.OzoneManagerProtocolServerSideTranslatorPB.submitReadRequestToOM(OzoneManagerProtocolServerSideTranslatorPB.java:226) ~[ozone-manager-1.3.0-SNAPSHOT.jar:?]
	at org.apache.hadoop.ozone.protocolPB.OzoneManagerProtocolServerSideTranslatorPB.processRequest(OzoneManagerProtocolServerSideTranslatorPB.java:175) ~[ozone-manager-1.3.0-SNAPSHOT.jar:?]
	at org.apache.hadoop.hdds.server.OzoneProtocolMessageDispatcher.processRequest(OzoneProtocolMessageDispatcher.java:87) [hdds-server-framework-1.3.0-SNAPSHOT.jar:?]
	at org.apache.hadoop.ozone.protocolPB.OzoneManagerProtocolServerSideTranslatorPB.submitRequest(OzoneManagerProtocolServerSideTranslatorPB.java:147) [ozone-manager-1.3.0-SNAPSHOT.jar:?]
	at org.apache.hadoop.ozone.protocol.proto.OzoneManagerProtocolProtos$OzoneManagerService$2.callBlockingMethod(OzoneManagerProtocolProtos.java) [ozone-interface-client-1.3.0-SNAPSHOT.jar:?]
	at org.apache.hadoop.ipc.ProtobufRpcEngine$Server.processCall(ProtobufRpcEngine.java:466) [hadoop-common-3.3.1.jar:?]
	at org.apache.hadoop.ipc.ProtobufRpcEngine2$Server$ProtoBufRpcInvoker.call(ProtobufRpcEngine2.java:574) [hadoop-common-3.3.1.jar:?]
	at org.apache.hadoop.ipc.ProtobufRpcEngine2$Server$ProtoBufRpcInvoker.call(ProtobufRpcEngine2.java:552) [hadoop-common-3.3.1.jar:?]
	at org.apache.hadoop.ipc.RPC$Server.call(RPC.java:1093) [hadoop-common-3.3.1.jar:?]
	at org.apache.hadoop.ipc.Server$RpcCall.run(Server.java:1035) [hadoop-common-3.3.1.jar:?]
	at org.apache.hadoop.ipc.Server$RpcCall.run(Server.java:963) [hadoop-common-3.3.1.jar:?]
	at java.security.AccessController.doPrivileged(Native Method) ~[?:1.8.0_332]
	at javax.security.auth.Subject.doAs(Subject.java:422) [?:1.8.0_332]
	at org.apache.hadoop.security.UserGroupInformation.doAs(UserGroupInformation.java:1878) [hadoop-common-3.3.1.jar:?]
	at org.apache.hadoop.ipc.Server$Handler.run(Server.java:2966) [hadoop-common-3.3.1.jar:?]
01:55:19.002 [IPC Server handler 16 on default port 35175] ERROR OMAudit - user=runner | ip=127.0.0.1 | op=GET_FILE_STATUS {volume=volume18062, bucket=bucket29054, key=level0/level3/level3, dataSize=0, replicationConfig=null} | ret=FAILURE
org.apache.hadoop.ozone.om.exceptions.OMException: Unable to get file status: volume: volume18062 bucket: bucket29054 key: level0/level3/level3
	at org.apache.hadoop.ozone.om.KeyManagerImpl.getOzoneFileStatus(KeyManagerImpl.java:1311) ~[ozone-manager-1.3.0-SNAPSHOT.jar:?]
	at org.apache.hadoop.ozone.om.KeyManagerImpl.getFileStatus(KeyManagerImpl.java:1241) ~[ozone-manager-1.3.0-SNAPSHOT.jar:?]
	at org.apache.hadoop.ozone.om.OzoneManager.getFileStatus(OzoneManager.java:3467) ~[ozone-manager-1.3.0-SNAPSHOT.jar:?]
	at org.apache.hadoop.ozone.protocolPB.OzoneManagerRequestHandler.getOzoneFileStatus(OzoneManagerRequestHandler.java:878) ~[ozone-manager-1.3.0-SNAPSHOT.jar:?]
	at org.apache.hadoop.ozone.protocolPB.OzoneManagerRequestHandler.handleReadRequest(OzoneManagerRequestHandler.java:224) ~[ozone-manager-1.3.0-SNAPSHOT.jar:?]
	at org.apache.hadoop.ozone.protocolPB.OzoneManagerProtocolServerSideTranslatorPB.submitReadRequestToOM(OzoneManagerProtocolServerSideTranslatorPB.java:226) ~[ozone-manager-1.3.0-SNAPSHOT.jar:?]
	at org.apache.hadoop.ozone.protocolPB.OzoneManagerProtocolServerSideTranslatorPB.processRequest(OzoneManagerProtocolServerSideTranslatorPB.java:175) ~[ozone-manager-1.3.0-SNAPSHOT.jar:?]
	at org.apache.hadoop.hdds.server.OzoneProtocolMessageDispatcher.processRequest(OzoneProtocolMessageDispatcher.java:87) [hdds-server-framework-1.3.0-SNAPSHOT.jar:?]
	at org.apache.hadoop.ozone.protocolPB.OzoneManagerProtocolServerSideTranslatorPB.submitRequest(OzoneManagerProtocolServerSideTranslatorPB.java:147) [ozone-manager-1.3.0-SNAPSHOT.jar:?]
	at org.apache.hadoop.ozone.protocol.proto.OzoneManagerProtocolProtos$OzoneManagerService$2.callBlockingMethod(OzoneManagerProtocolProtos.java) [ozone-interface-client-1.3.0-SNAPSHOT.jar:?]
	at org.apache.hadoop.ipc.ProtobufRpcEngine$Server.processCall(ProtobufRpcEngine.java:466) [hadoop-common-3.3.1.jar:?]
	at org.apache.hadoop.ipc.ProtobufRpcEngine2$Server$ProtoBufRpcInvoker.call(ProtobufRpcEngine2.java:574) [hadoop-common-3.3.1.jar:?]
	at org.apache.hadoop.ipc.ProtobufRpcEngine2$Server$ProtoBufRpcInvoker.call(ProtobufRpcEngine2.java:552) [hadoop-common-3.3.1.jar:?]
	at org.apache.hadoop.ipc.RPC$Server.call(RPC.java:1093) [hadoop-common-3.3.1.jar:?]
	at org.apache.hadoop.ipc.Server$RpcCall.run(Server.java:1035) [hadoop-common-3.3.1.jar:?]
	at org.apache.hadoop.ipc.Server$RpcCall.run(Server.java:963) [hadoop-common-3.3.1.jar:?]
	at java.security.AccessController.doPrivileged(Native Method) ~[?:1.8.0_332]
	at javax.security.auth.Subject.doAs(Subject.java:422) [?:1.8.0_332]
	at org.apache.hadoop.security.UserGroupInformation.doAs(UserGroupInformation.java:1878) [hadoop-common-3.3.1.jar:?]
	at org.apache.hadoop.ipc.Server$Handler.run(Server.java:2966) [hadoop-common-3.3.1.jar:?]
01:55:19.003 [IPC Server handler 9 on default port 35175] ERROR OMAudit - user=runner | ip=127.0.0.1 | op=GET_FILE_STATUS {volume=volume18062, bucket=bucket29054, key=level0/level3/file1, dataSize=0, replicationConfig=null} | ret=FAILURE
org.apache.hadoop.ozone.om.exceptions.OMException: Unable to get file status: volume: volume18062 bucket: bucket29054 key: level0/level3/file1
	at org.apache.hadoop.ozone.om.KeyManagerImpl.getOzoneFileStatus(KeyManagerImpl.java:1311) ~[ozone-manager-1.3.0-SNAPSHOT.jar:?]
	at org.apache.hadoop.ozone.om.KeyManagerImpl.getFileStatus(KeyManagerImpl.java:1241) ~[ozone-manager-1.3.0-SNAPSHOT.jar:?]
	at org.apache.hadoop.ozone.om.OzoneManager.getFileStatus(OzoneManager.java:3467) ~[ozone-manager-1.3.0-SNAPSHOT.jar:?]
	at org.apache.hadoop.ozone.protocolPB.OzoneManagerRequestHandler.getOzoneFileStatus(OzoneManagerRequestHandler.java:878) ~[ozone-manager-1.3.0-SNAPSHOT.jar:?]
	at org.apache.hadoop.ozone.protocolPB.OzoneManagerRequestHandler.handleReadRequest(OzoneManagerRequestHandler.java:224) ~[ozone-manager-1.3.0-SNAPSHOT.jar:?]
	at org.apache.hadoop.ozone.protocolPB.OzoneManagerProtocolServerSideTranslatorPB.submitReadRequestToOM(OzoneManagerProtocolServerSideTranslatorPB.java:226) ~[ozone-manager-1.3.0-SNAPSHOT.jar:?]
	at org.apache.hadoop.ozone.protocolPB.OzoneManagerProtocolServerSideTranslatorPB.processRequest(OzoneManagerProtocolServerSideTranslatorPB.java:175) ~[ozone-manager-1.3.0-SNAPSHOT.jar:?]
	at org.apache.hadoop.hdds.server.OzoneProtocolMessageDispatcher.processRequest(OzoneProtocolMessageDispatcher.java:87) [hdds-server-framework-1.3.0-SNAPSHOT.jar:?]
	at org.apache.hadoop.ozone.protocolPB.OzoneManagerProtocolServerSideTranslatorPB.submitRequest(OzoneManagerProtocolServerSideTranslatorPB.java:147) [ozone-manager-1.3.0-SNAPSHOT.jar:?]
	at org.apache.hadoop.ozone.protocol.proto.OzoneManagerProtocolProtos$OzoneManagerService$2.callBlockingMethod(OzoneManagerProtocolProtos.java) [ozone-interface-client-1.3.0-SNAPSHOT.jar:?]
	at org.apache.hadoop.ipc.ProtobufRpcEngine$Server.processCall(ProtobufRpcEngine.java:466) [hadoop-common-3.3.1.jar:?]
	at org.apache.hadoop.ipc.ProtobufRpcEngine2$Server$ProtoBufRpcInvoker.call(ProtobufRpcEngine2.java:574) [hadoop-common-3.3.1.jar:?]
	at org.apache.hadoop.ipc.ProtobufRpcEngine2$Server$ProtoBufRpcInvoker.call(ProtobufRpcEngine2.java:552) [hadoop-common-3.3.1.jar:?]
	at org.apache.hadoop.ipc.RPC$Server.call(RPC.java:1093) [hadoop-common-3.3.1.jar:?]
	at org.apache.hadoop.ipc.Server$RpcCall.run(Server.java:1035) [hadoop-common-3.3.1.jar:?]
	at org.apache.hadoop.ipc.Server$RpcCall.run(Server.java:963) [hadoop-common-3.3.1.jar:?]
	at java.security.AccessController.doPrivileged(Native Method) ~[?:1.8.0_332]
	at javax.security.auth.Subject.doAs(Subject.java:422) [?:1.8.0_332]
	at org.apache.hadoop.security.UserGroupInformation.doAs(UserGroupInformation.java:1878) [hadoop-common-3.3.1.jar:?]
	at org.apache.hadoop.ipc.Server$Handler.run(Server.java:2966) [hadoop-common-3.3.1.jar:?]
01:55:19.006 [IPC Server handler 8 on default port 35175] ERROR OMAudit - user=runner | ip=127.0.0.1 | op=GET_FILE_STATUS {volume=volume18062, bucket=bucket29054, key=level0/level3/level3/file1, dataSize=0, replicationConfig=null} | ret=FAILURE
org.apache.hadoop.ozone.om.exceptions.OMException: Unable to get file status: volume: volume18062 bucket: bucket29054 key: level0/level3/level3/file1
	at org.apache.hadoop.ozone.om.KeyManagerImpl.getOzoneFileStatus(KeyManagerImpl.java:1311) ~[ozone-manager-1.3.0-SNAPSHOT.jar:?]
	at org.apache.hadoop.ozone.om.KeyManagerImpl.getFileStatus(KeyManagerImpl.java:1241) ~[ozone-manager-1.3.0-SNAPSHOT.jar:?]
	at org.apache.hadoop.ozone.om.OzoneManager.getFileStatus(OzoneManager.java:3467) ~[ozone-manager-1.3.0-SNAPSHOT.jar:?]
	at org.apache.hadoop.ozone.protocolPB.OzoneManagerRequestHandler.getOzoneFileStatus(OzoneManagerRequestHandler.java:878) ~[ozone-manager-1.3.0-SNAPSHOT.jar:?]
	at org.apache.hadoop.ozone.protocolPB.OzoneManagerRequestHandler.handleReadRequest(OzoneManagerRequestHandler.java:224) ~[ozone-manager-1.3.0-SNAPSHOT.jar:?]
	at org.apache.hadoop.ozone.protocolPB.OzoneManagerProtocolServerSideTranslatorPB.submitReadRequestToOM(OzoneManagerProtocolServerSideTranslatorPB.java:226) ~[ozone-manager-1.3.0-SNAPSHOT.jar:?]
	at org.apache.hadoop.ozone.protocolPB.OzoneManagerProtocolServerSideTranslatorPB.processRequest(OzoneManagerProtocolServerSideTranslatorPB.java:175) ~[ozone-manager-1.3.0-SNAPSHOT.jar:?]
	at org.apache.hadoop.hdds.server.OzoneProtocolMessageDispatcher.processRequest(OzoneProtocolMessageDispatcher.java:87) [hdds-server-framework-1.3.0-SNAPSHOT.jar:?]
	at org.apache.hadoop.ozone.protocolPB.OzoneManagerProtocolServerSideTranslatorPB.submitRequest(OzoneManagerProtocolServerSideTranslatorPB.java:147) [ozone-manager-1.3.0-SNAPSHOT.jar:?]
	at org.apache.hadoop.ozone.protocol.proto.OzoneManagerProtocolProtos$OzoneManagerService$2.callBlockingMethod(OzoneManagerProtocolProtos.java) [ozone-interface-client-1.3.0-SNAPSHOT.jar:?]
	at org.apache.hadoop.ipc.ProtobufRpcEngine$Server.processCall(ProtobufRpcEngine.java:466) [hadoop-common-3.3.1.jar:?]
	at org.apache.hadoop.ipc.ProtobufRpcEngine2$Server$ProtoBufRpcInvoker.call(ProtobufRpcEngine2.java:574) [hadoop-common-3.3.1.jar:?]
	at org.apache.hadoop.ipc.ProtobufRpcEngine2$Server$ProtoBufRpcInvoker.call(ProtobufRpcEngine2.java:552) [hadoop-common-3.3.1.jar:?]
	at org.apache.hadoop.ipc.RPC$Server.call(RPC.java:1093) [hadoop-common-3.3.1.jar:?]
	at org.apache.hadoop.ipc.Server$RpcCall.run(Server.java:1035) [hadoop-common-3.3.1.jar:?]
	at org.apache.hadoop.ipc.Server$RpcCall.run(Server.java:963) [hadoop-common-3.3.1.jar:?]
	at java.security.AccessController.doPrivileged(Native Method) ~[?:1.8.0_332]
	at javax.security.auth.Subject.doAs(Subject.java:422) [?:1.8.0_332]
	at org.apache.hadoop.security.UserGroupInformation.doAs(UserGroupInformation.java:1878) [hadoop-common-3.3.1.jar:?]
	at org.apache.hadoop.ipc.Server$Handler.run(Server.java:2966) [hadoop-common-3.3.1.jar:?]
]]></system-out>
  </testcase>
  <testcase name="testRecursiveDelete" classname="TestOzoneFileSystem" time="0.177">
    <system-out><![CDATA[01:56:29.758 [IPC Server handler 5 on default port 44107] ERROR OMAudit - user=runner | ip=127.0.0.1 | op=GET_FILE_STATUS {volume=volume07240, bucket=bucket34393, key=gdir1, dataSize=0, replicationConfig=null} | ret=FAILURE
org.apache.hadoop.ozone.om.exceptions.OMException: Unable to get file status: volume: volume07240 bucket: bucket34393 key: gdir1
	at org.apache.hadoop.ozone.om.KeyManagerImpl.getOzoneFileStatus(KeyManagerImpl.java:1311) ~[ozone-manager-1.3.0-SNAPSHOT.jar:?]
	at org.apache.hadoop.ozone.om.KeyManagerImpl.getFileStatus(KeyManagerImpl.java:1241) ~[ozone-manager-1.3.0-SNAPSHOT.jar:?]
	at org.apache.hadoop.ozone.om.OzoneManager.getFileStatus(OzoneManager.java:3467) ~[ozone-manager-1.3.0-SNAPSHOT.jar:?]
	at org.apache.hadoop.ozone.protocolPB.OzoneManagerRequestHandler.getOzoneFileStatus(OzoneManagerRequestHandler.java:878) ~[ozone-manager-1.3.0-SNAPSHOT.jar:?]
	at org.apache.hadoop.ozone.protocolPB.OzoneManagerRequestHandler.handleReadRequest(OzoneManagerRequestHandler.java:224) ~[ozone-manager-1.3.0-SNAPSHOT.jar:?]
	at org.apache.hadoop.ozone.protocolPB.OzoneManagerProtocolServerSideTranslatorPB.submitRequestDirectlyToOM(OzoneManagerProtocolServerSideTranslatorPB.java:276) ~[ozone-manager-1.3.0-SNAPSHOT.jar:?]
	at org.apache.hadoop.ozone.protocolPB.OzoneManagerProtocolServerSideTranslatorPB.processRequest(OzoneManagerProtocolServerSideTranslatorPB.java:205) ~[ozone-manager-1.3.0-SNAPSHOT.jar:?]
	at org.apache.hadoop.hdds.server.OzoneProtocolMessageDispatcher.processRequest(OzoneProtocolMessageDispatcher.java:87) [hdds-server-framework-1.3.0-SNAPSHOT.jar:?]
	at org.apache.hadoop.ozone.protocolPB.OzoneManagerProtocolServerSideTranslatorPB.submitRequest(OzoneManagerProtocolServerSideTranslatorPB.java:147) [ozone-manager-1.3.0-SNAPSHOT.jar:?]
	at org.apache.hadoop.ozone.protocol.proto.OzoneManagerProtocolProtos$OzoneManagerService$2.callBlockingMethod(OzoneManagerProtocolProtos.java) [ozone-interface-client-1.3.0-SNAPSHOT.jar:?]
	at org.apache.hadoop.ipc.ProtobufRpcEngine$Server.processCall(ProtobufRpcEngine.java:466) [hadoop-common-3.3.1.jar:?]
	at org.apache.hadoop.ipc.ProtobufRpcEngine2$Server$ProtoBufRpcInvoker.call(ProtobufRpcEngine2.java:574) [hadoop-common-3.3.1.jar:?]
	at org.apache.hadoop.ipc.ProtobufRpcEngine2$Server$ProtoBufRpcInvoker.call(ProtobufRpcEngine2.java:552) [hadoop-common-3.3.1.jar:?]
	at org.apache.hadoop.ipc.RPC$Server.call(RPC.java:1093) [hadoop-common-3.3.1.jar:?]
	at org.apache.hadoop.ipc.Server$RpcCall.run(Server.java:1035) [hadoop-common-3.3.1.jar:?]
	at org.apache.hadoop.ipc.Server$RpcCall.run(Server.java:963) [hadoop-common-3.3.1.jar:?]
	at java.security.AccessController.doPrivileged(Native Method) ~[?:1.8.0_332]
	at javax.security.auth.Subject.doAs(Subject.java:422) [?:1.8.0_332]
	at org.apache.hadoop.security.UserGroupInformation.doAs(UserGroupInformation.java:1878) [hadoop-common-3.3.1.jar:?]
	at org.apache.hadoop.ipc.Server$Handler.run(Server.java:2966) [hadoop-common-3.3.1.jar:?]
01:56:29.759 [IPC Server handler 11 on default port 44107] ERROR OMAudit - user=runner | ip=127.0.0.1 | op=GET_FILE_STATUS {volume=volume07240, bucket=bucket34393, key=gdir1/dir1, dataSize=0, replicationConfig=null} | ret=FAILURE
org.apache.hadoop.ozone.om.exceptions.OMException: Unable to get file status: volume: volume07240 bucket: bucket34393 key: gdir1/dir1
	at org.apache.hadoop.ozone.om.KeyManagerImpl.getOzoneFileStatus(KeyManagerImpl.java:1311) ~[ozone-manager-1.3.0-SNAPSHOT.jar:?]
	at org.apache.hadoop.ozone.om.KeyManagerImpl.getFileStatus(KeyManagerImpl.java:1241) ~[ozone-manager-1.3.0-SNAPSHOT.jar:?]
	at org.apache.hadoop.ozone.om.OzoneManager.getFileStatus(OzoneManager.java:3467) ~[ozone-manager-1.3.0-SNAPSHOT.jar:?]
	at org.apache.hadoop.ozone.protocolPB.OzoneManagerRequestHandler.getOzoneFileStatus(OzoneManagerRequestHandler.java:878) ~[ozone-manager-1.3.0-SNAPSHOT.jar:?]
	at org.apache.hadoop.ozone.protocolPB.OzoneManagerRequestHandler.handleReadRequest(OzoneManagerRequestHandler.java:224) ~[ozone-manager-1.3.0-SNAPSHOT.jar:?]
	at org.apache.hadoop.ozone.protocolPB.OzoneManagerProtocolServerSideTranslatorPB.submitRequestDirectlyToOM(OzoneManagerProtocolServerSideTranslatorPB.java:276) ~[ozone-manager-1.3.0-SNAPSHOT.jar:?]
	at org.apache.hadoop.ozone.protocolPB.OzoneManagerProtocolServerSideTranslatorPB.processRequest(OzoneManagerProtocolServerSideTranslatorPB.java:205) ~[ozone-manager-1.3.0-SNAPSHOT.jar:?]
	at org.apache.hadoop.hdds.server.OzoneProtocolMessageDispatcher.processRequest(OzoneProtocolMessageDispatcher.java:87) [hdds-server-framework-1.3.0-SNAPSHOT.jar:?]
	at org.apache.hadoop.ozone.protocolPB.OzoneManagerProtocolServerSideTranslatorPB.submitRequest(OzoneManagerProtocolServerSideTranslatorPB.java:147) [ozone-manager-1.3.0-SNAPSHOT.jar:?]
	at org.apache.hadoop.ozone.protocol.proto.OzoneManagerProtocolProtos$OzoneManagerService$2.callBlockingMethod(OzoneManagerProtocolProtos.java) [ozone-interface-client-1.3.0-SNAPSHOT.jar:?]
	at org.apache.hadoop.ipc.ProtobufRpcEngine$Server.processCall(ProtobufRpcEngine.java:466) [hadoop-common-3.3.1.jar:?]
	at org.apache.hadoop.ipc.ProtobufRpcEngine2$Server$ProtoBufRpcInvoker.call(ProtobufRpcEngine2.java:574) [hadoop-common-3.3.1.jar:?]
	at org.apache.hadoop.ipc.ProtobufRpcEngine2$Server$ProtoBufRpcInvoker.call(ProtobufRpcEngine2.java:552) [hadoop-common-3.3.1.jar:?]
	at org.apache.hadoop.ipc.RPC$Server.call(RPC.java:1093) [hadoop-common-3.3.1.jar:?]
	at org.apache.hadoop.ipc.Server$RpcCall.run(Server.java:1035) [hadoop-common-3.3.1.jar:?]
	at org.apache.hadoop.ipc.Server$RpcCall.run(Server.java:963) [hadoop-common-3.3.1.jar:?]
	at java.security.AccessController.doPrivileged(Native Method) ~[?:1.8.0_332]
	at javax.security.auth.Subject.doAs(Subject.java:422) [?:1.8.0_332]
	at org.apache.hadoop.security.UserGroupInformation.doAs(UserGroupInformation.java:1878) [hadoop-common-3.3.1.jar:?]
	at org.apache.hadoop.ipc.Server$Handler.run(Server.java:2966) [hadoop-common-3.3.1.jar:?]
01:56:29.760 [IPC Server handler 13 on default port 44107] ERROR OMAudit - user=runner | ip=127.0.0.1 | op=GET_FILE_STATUS {volume=volume07240, bucket=bucket34393, key=gdir1/dir1/child, dataSize=0, replicationConfig=null} | ret=FAILURE
org.apache.hadoop.ozone.om.exceptions.OMException: Unable to get file status: volume: volume07240 bucket: bucket34393 key: gdir1/dir1/child
	at org.apache.hadoop.ozone.om.KeyManagerImpl.getOzoneFileStatus(KeyManagerImpl.java:1311) ~[ozone-manager-1.3.0-SNAPSHOT.jar:?]
	at org.apache.hadoop.ozone.om.KeyManagerImpl.getFileStatus(KeyManagerImpl.java:1241) ~[ozone-manager-1.3.0-SNAPSHOT.jar:?]
	at org.apache.hadoop.ozone.om.OzoneManager.getFileStatus(OzoneManager.java:3467) ~[ozone-manager-1.3.0-SNAPSHOT.jar:?]
	at org.apache.hadoop.ozone.protocolPB.OzoneManagerRequestHandler.getOzoneFileStatus(OzoneManagerRequestHandler.java:878) ~[ozone-manager-1.3.0-SNAPSHOT.jar:?]
	at org.apache.hadoop.ozone.protocolPB.OzoneManagerRequestHandler.handleReadRequest(OzoneManagerRequestHandler.java:224) ~[ozone-manager-1.3.0-SNAPSHOT.jar:?]
	at org.apache.hadoop.ozone.protocolPB.OzoneManagerProtocolServerSideTranslatorPB.submitRequestDirectlyToOM(OzoneManagerProtocolServerSideTranslatorPB.java:276) ~[ozone-manager-1.3.0-SNAPSHOT.jar:?]
	at org.apache.hadoop.ozone.protocolPB.OzoneManagerProtocolServerSideTranslatorPB.processRequest(OzoneManagerProtocolServerSideTranslatorPB.java:205) ~[ozone-manager-1.3.0-SNAPSHOT.jar:?]
	at org.apache.hadoop.hdds.server.OzoneProtocolMessageDispatcher.processRequest(OzoneProtocolMessageDispatcher.java:87) [hdds-server-framework-1.3.0-SNAPSHOT.jar:?]
	at org.apache.hadoop.ozone.protocolPB.OzoneManagerProtocolServerSideTranslatorPB.submitRequest(OzoneManagerProtocolServerSideTranslatorPB.java:147) [ozone-manager-1.3.0-SNAPSHOT.jar:?]
	at org.apache.hadoop.ozone.protocol.proto.OzoneManagerProtocolProtos$OzoneManagerService$2.callBlockingMethod(OzoneManagerProtocolProtos.java) [ozone-interface-client-1.3.0-SNAPSHOT.jar:?]
	at org.apache.hadoop.ipc.ProtobufRpcEngine$Server.processCall(ProtobufRpcEngine.java:466) [hadoop-common-3.3.1.jar:?]
	at org.apache.hadoop.ipc.ProtobufRpcEngine2$Server$ProtoBufRpcInvoker.call(ProtobufRpcEngine2.java:574) [hadoop-common-3.3.1.jar:?]
	at org.apache.hadoop.ipc.ProtobufRpcEngine2$Server$ProtoBufRpcInvoker.call(ProtobufRpcEngine2.java:552) [hadoop-common-3.3.1.jar:?]
	at org.apache.hadoop.ipc.RPC$Server.call(RPC.java:1093) [hadoop-common-3.3.1.jar:?]
	at org.apache.hadoop.ipc.Server$RpcCall.run(Server.java:1035) [hadoop-common-3.3.1.jar:?]
	at org.apache.hadoop.ipc.Server$RpcCall.run(Server.java:963) [hadoop-common-3.3.1.jar:?]
	at java.security.AccessController.doPrivileged(Native Method) ~[?:1.8.0_332]
	at javax.security.auth.Subject.doAs(Subject.java:422) [?:1.8.0_332]
	at org.apache.hadoop.security.UserGroupInformation.doAs(UserGroupInformation.java:1878) [hadoop-common-3.3.1.jar:?]
	at org.apache.hadoop.ipc.Server$Handler.run(Server.java:2966) [hadoop-common-3.3.1.jar:?]
01:56:29.761 [IPC Server handler 4 on default port 44107] ERROR OMAudit - user=runner | ip=127.0.0.1 | op=GET_FILE_STATUS {volume=volume07240, bucket=bucket34393, key=gdir1/dir2, dataSize=0, replicationConfig=null} | ret=FAILURE
org.apache.hadoop.ozone.om.exceptions.OMException: Unable to get file status: volume: volume07240 bucket: bucket34393 key: gdir1/dir2
	at org.apache.hadoop.ozone.om.KeyManagerImpl.getOzoneFileStatus(KeyManagerImpl.java:1311) ~[ozone-manager-1.3.0-SNAPSHOT.jar:?]
	at org.apache.hadoop.ozone.om.KeyManagerImpl.getFileStatus(KeyManagerImpl.java:1241) ~[ozone-manager-1.3.0-SNAPSHOT.jar:?]
	at org.apache.hadoop.ozone.om.OzoneManager.getFileStatus(OzoneManager.java:3467) ~[ozone-manager-1.3.0-SNAPSHOT.jar:?]
	at org.apache.hadoop.ozone.protocolPB.OzoneManagerRequestHandler.getOzoneFileStatus(OzoneManagerRequestHandler.java:878) ~[ozone-manager-1.3.0-SNAPSHOT.jar:?]
	at org.apache.hadoop.ozone.protocolPB.OzoneManagerRequestHandler.handleReadRequest(OzoneManagerRequestHandler.java:224) ~[ozone-manager-1.3.0-SNAPSHOT.jar:?]
	at org.apache.hadoop.ozone.protocolPB.OzoneManagerProtocolServerSideTranslatorPB.submitRequestDirectlyToOM(OzoneManagerProtocolServerSideTranslatorPB.java:276) ~[ozone-manager-1.3.0-SNAPSHOT.jar:?]
	at org.apache.hadoop.ozone.protocolPB.OzoneManagerProtocolServerSideTranslatorPB.processRequest(OzoneManagerProtocolServerSideTranslatorPB.java:205) ~[ozone-manager-1.3.0-SNAPSHOT.jar:?]
	at org.apache.hadoop.hdds.server.OzoneProtocolMessageDispatcher.processRequest(OzoneProtocolMessageDispatcher.java:87) [hdds-server-framework-1.3.0-SNAPSHOT.jar:?]
	at org.apache.hadoop.ozone.protocolPB.OzoneManagerProtocolServerSideTranslatorPB.submitRequest(OzoneManagerProtocolServerSideTranslatorPB.java:147) [ozone-manager-1.3.0-SNAPSHOT.jar:?]
	at org.apache.hadoop.ozone.protocol.proto.OzoneManagerProtocolProtos$OzoneManagerService$2.callBlockingMethod(OzoneManagerProtocolProtos.java) [ozone-interface-client-1.3.0-SNAPSHOT.jar:?]
	at org.apache.hadoop.ipc.ProtobufRpcEngine$Server.processCall(ProtobufRpcEngine.java:466) [hadoop-common-3.3.1.jar:?]
	at org.apache.hadoop.ipc.ProtobufRpcEngine2$Server$ProtoBufRpcInvoker.call(ProtobufRpcEngine2.java:574) [hadoop-common-3.3.1.jar:?]
	at org.apache.hadoop.ipc.ProtobufRpcEngine2$Server$ProtoBufRpcInvoker.call(ProtobufRpcEngine2.java:552) [hadoop-common-3.3.1.jar:?]
	at org.apache.hadoop.ipc.RPC$Server.call(RPC.java:1093) [hadoop-common-3.3.1.jar:?]
	at org.apache.hadoop.ipc.Server$RpcCall.run(Server.java:1035) [hadoop-common-3.3.1.jar:?]
	at org.apache.hadoop.ipc.Server$RpcCall.run(Server.java:963) [hadoop-common-3.3.1.jar:?]
	at java.security.AccessController.doPrivileged(Native Method) ~[?:1.8.0_332]
	at javax.security.auth.Subject.doAs(Subject.java:422) [?:1.8.0_332]
	at org.apache.hadoop.security.UserGroupInformation.doAs(UserGroupInformation.java:1878) [hadoop-common-3.3.1.jar:?]
	at org.apache.hadoop.ipc.Server$Handler.run(Server.java:2966) [hadoop-common-3.3.1.jar:?]
01:56:29.761 [IPC Server handler 14 on default port 44107] ERROR OMAudit - user=runner | ip=127.0.0.1 | op=GET_FILE_STATUS {volume=volume07240, bucket=bucket34393, key=gdir1/dir2/child, dataSize=0, replicationConfig=null} | ret=FAILURE
org.apache.hadoop.ozone.om.exceptions.OMException: Unable to get file status: volume: volume07240 bucket: bucket34393 key: gdir1/dir2/child
	at org.apache.hadoop.ozone.om.KeyManagerImpl.getOzoneFileStatus(KeyManagerImpl.java:1311) ~[ozone-manager-1.3.0-SNAPSHOT.jar:?]
	at org.apache.hadoop.ozone.om.KeyManagerImpl.getFileStatus(KeyManagerImpl.java:1241) ~[ozone-manager-1.3.0-SNAPSHOT.jar:?]
	at org.apache.hadoop.ozone.om.OzoneManager.getFileStatus(OzoneManager.java:3467) ~[ozone-manager-1.3.0-SNAPSHOT.jar:?]
	at org.apache.hadoop.ozone.protocolPB.OzoneManagerRequestHandler.getOzoneFileStatus(OzoneManagerRequestHandler.java:878) ~[ozone-manager-1.3.0-SNAPSHOT.jar:?]
	at org.apache.hadoop.ozone.protocolPB.OzoneManagerRequestHandler.handleReadRequest(OzoneManagerRequestHandler.java:224) ~[ozone-manager-1.3.0-SNAPSHOT.jar:?]
	at org.apache.hadoop.ozone.protocolPB.OzoneManagerProtocolServerSideTranslatorPB.submitRequestDirectlyToOM(OzoneManagerProtocolServerSideTranslatorPB.java:276) ~[ozone-manager-1.3.0-SNAPSHOT.jar:?]
	at org.apache.hadoop.ozone.protocolPB.OzoneManagerProtocolServerSideTranslatorPB.processRequest(OzoneManagerProtocolServerSideTranslatorPB.java:205) ~[ozone-manager-1.3.0-SNAPSHOT.jar:?]
	at org.apache.hadoop.hdds.server.OzoneProtocolMessageDispatcher.processRequest(OzoneProtocolMessageDispatcher.java:87) [hdds-server-framework-1.3.0-SNAPSHOT.jar:?]
	at org.apache.hadoop.ozone.protocolPB.OzoneManagerProtocolServerSideTranslatorPB.submitRequest(OzoneManagerProtocolServerSideTranslatorPB.java:147) [ozone-manager-1.3.0-SNAPSHOT.jar:?]
	at org.apache.hadoop.ozone.protocol.proto.OzoneManagerProtocolProtos$OzoneManagerService$2.callBlockingMethod(OzoneManagerProtocolProtos.java) [ozone-interface-client-1.3.0-SNAPSHOT.jar:?]
	at org.apache.hadoop.ipc.ProtobufRpcEngine$Server.processCall(ProtobufRpcEngine.java:466) [hadoop-common-3.3.1.jar:?]
	at org.apache.hadoop.ipc.ProtobufRpcEngine2$Server$ProtoBufRpcInvoker.call(ProtobufRpcEngine2.java:574) [hadoop-common-3.3.1.jar:?]
	at org.apache.hadoop.ipc.ProtobufRpcEngine2$Server$ProtoBufRpcInvoker.call(ProtobufRpcEngine2.java:552) [hadoop-common-3.3.1.jar:?]
	at org.apache.hadoop.ipc.RPC$Server.call(RPC.java:1093) [hadoop-common-3.3.1.jar:?]
	at org.apache.hadoop.ipc.Server$RpcCall.run(Server.java:1035) [hadoop-common-3.3.1.jar:?]
	at org.apache.hadoop.ipc.Server$RpcCall.run(Server.java:963) [hadoop-common-3.3.1.jar:?]
	at java.security.AccessController.doPrivileged(Native Method) ~[?:1.8.0_332]
	at javax.security.auth.Subject.doAs(Subject.java:422) [?:1.8.0_332]
	at org.apache.hadoop.security.UserGroupInformation.doAs(UserGroupInformation.java:1878) [hadoop-common-3.3.1.jar:?]
	at org.apache.hadoop.ipc.Server$Handler.run(Server.java:2966) [hadoop-common-3.3.1.jar:?]
01:56:29.762 [IPC Server handler 16 on default port 44107] ERROR OMAudit - user=runner | ip=127.0.0.1 | op=GET_FILE_STATUS {volume=volume07240, bucket=bucket34393, key=gdir1/dir3, dataSize=0, replicationConfig=null} | ret=FAILURE
org.apache.hadoop.ozone.om.exceptions.OMException: Unable to get file status: volume: volume07240 bucket: bucket34393 key: gdir1/dir3
	at org.apache.hadoop.ozone.om.KeyManagerImpl.getOzoneFileStatus(KeyManagerImpl.java:1311) ~[ozone-manager-1.3.0-SNAPSHOT.jar:?]
	at org.apache.hadoop.ozone.om.KeyManagerImpl.getFileStatus(KeyManagerImpl.java:1241) ~[ozone-manager-1.3.0-SNAPSHOT.jar:?]
	at org.apache.hadoop.ozone.om.OzoneManager.getFileStatus(OzoneManager.java:3467) ~[ozone-manager-1.3.0-SNAPSHOT.jar:?]
	at org.apache.hadoop.ozone.protocolPB.OzoneManagerRequestHandler.getOzoneFileStatus(OzoneManagerRequestHandler.java:878) ~[ozone-manager-1.3.0-SNAPSHOT.jar:?]
	at org.apache.hadoop.ozone.protocolPB.OzoneManagerRequestHandler.handleReadRequest(OzoneManagerRequestHandler.java:224) ~[ozone-manager-1.3.0-SNAPSHOT.jar:?]
	at org.apache.hadoop.ozone.protocolPB.OzoneManagerProtocolServerSideTranslatorPB.submitRequestDirectlyToOM(OzoneManagerProtocolServerSideTranslatorPB.java:276) ~[ozone-manager-1.3.0-SNAPSHOT.jar:?]
	at org.apache.hadoop.ozone.protocolPB.OzoneManagerProtocolServerSideTranslatorPB.processRequest(OzoneManagerProtocolServerSideTranslatorPB.java:205) ~[ozone-manager-1.3.0-SNAPSHOT.jar:?]
	at org.apache.hadoop.hdds.server.OzoneProtocolMessageDispatcher.processRequest(OzoneProtocolMessageDispatcher.java:87) [hdds-server-framework-1.3.0-SNAPSHOT.jar:?]
	at org.apache.hadoop.ozone.protocolPB.OzoneManagerProtocolServerSideTranslatorPB.submitRequest(OzoneManagerProtocolServerSideTranslatorPB.java:147) [ozone-manager-1.3.0-SNAPSHOT.jar:?]
	at org.apache.hadoop.ozone.protocol.proto.OzoneManagerProtocolProtos$OzoneManagerService$2.callBlockingMethod(OzoneManagerProtocolProtos.java) [ozone-interface-client-1.3.0-SNAPSHOT.jar:?]
	at org.apache.hadoop.ipc.ProtobufRpcEngine$Server.processCall(ProtobufRpcEngine.java:466) [hadoop-common-3.3.1.jar:?]
	at org.apache.hadoop.ipc.ProtobufRpcEngine2$Server$ProtoBufRpcInvoker.call(ProtobufRpcEngine2.java:574) [hadoop-common-3.3.1.jar:?]
	at org.apache.hadoop.ipc.ProtobufRpcEngine2$Server$ProtoBufRpcInvoker.call(ProtobufRpcEngine2.java:552) [hadoop-common-3.3.1.jar:?]
	at org.apache.hadoop.ipc.RPC$Server.call(RPC.java:1093) [hadoop-common-3.3.1.jar:?]
	at org.apache.hadoop.ipc.Server$RpcCall.run(Server.java:1035) [hadoop-common-3.3.1.jar:?]
	at org.apache.hadoop.ipc.Server$RpcCall.run(Server.java:963) [hadoop-common-3.3.1.jar:?]
	at java.security.AccessController.doPrivileged(Native Method) ~[?:1.8.0_332]
	at javax.security.auth.Subject.doAs(Subject.java:422) [?:1.8.0_332]
	at org.apache.hadoop.security.UserGroupInformation.doAs(UserGroupInformation.java:1878) [hadoop-common-3.3.1.jar:?]
	at org.apache.hadoop.ipc.Server$Handler.run(Server.java:2966) [hadoop-common-3.3.1.jar:?]
01:56:29.763 [IPC Server handler 15 on default port 44107] ERROR OMAudit - user=runner | ip=127.0.0.1 | op=GET_FILE_STATUS {volume=volume07240, bucket=bucket34393, key=gdir1/dir3/child, dataSize=0, replicationConfig=null} | ret=FAILURE
org.apache.hadoop.ozone.om.exceptions.OMException: Unable to get file status: volume: volume07240 bucket: bucket34393 key: gdir1/dir3/child
	at org.apache.hadoop.ozone.om.KeyManagerImpl.getOzoneFileStatus(KeyManagerImpl.java:1311) ~[ozone-manager-1.3.0-SNAPSHOT.jar:?]
	at org.apache.hadoop.ozone.om.KeyManagerImpl.getFileStatus(KeyManagerImpl.java:1241) ~[ozone-manager-1.3.0-SNAPSHOT.jar:?]
	at org.apache.hadoop.ozone.om.OzoneManager.getFileStatus(OzoneManager.java:3467) ~[ozone-manager-1.3.0-SNAPSHOT.jar:?]
	at org.apache.hadoop.ozone.protocolPB.OzoneManagerRequestHandler.getOzoneFileStatus(OzoneManagerRequestHandler.java:878) ~[ozone-manager-1.3.0-SNAPSHOT.jar:?]
	at org.apache.hadoop.ozone.protocolPB.OzoneManagerRequestHandler.handleReadRequest(OzoneManagerRequestHandler.java:224) ~[ozone-manager-1.3.0-SNAPSHOT.jar:?]
	at org.apache.hadoop.ozone.protocolPB.OzoneManagerProtocolServerSideTranslatorPB.submitRequestDirectlyToOM(OzoneManagerProtocolServerSideTranslatorPB.java:276) ~[ozone-manager-1.3.0-SNAPSHOT.jar:?]
	at org.apache.hadoop.ozone.protocolPB.OzoneManagerProtocolServerSideTranslatorPB.processRequest(OzoneManagerProtocolServerSideTranslatorPB.java:205) ~[ozone-manager-1.3.0-SNAPSHOT.jar:?]
	at org.apache.hadoop.hdds.server.OzoneProtocolMessageDispatcher.processRequest(OzoneProtocolMessageDispatcher.java:87) [hdds-server-framework-1.3.0-SNAPSHOT.jar:?]
	at org.apache.hadoop.ozone.protocolPB.OzoneManagerProtocolServerSideTranslatorPB.submitRequest(OzoneManagerProtocolServerSideTranslatorPB.java:147) [ozone-manager-1.3.0-SNAPSHOT.jar:?]
	at org.apache.hadoop.ozone.protocol.proto.OzoneManagerProtocolProtos$OzoneManagerService$2.callBlockingMethod(OzoneManagerProtocolProtos.java) [ozone-interface-client-1.3.0-SNAPSHOT.jar:?]
	at org.apache.hadoop.ipc.ProtobufRpcEngine$Server.processCall(ProtobufRpcEngine.java:466) [hadoop-common-3.3.1.jar:?]
	at org.apache.hadoop.ipc.ProtobufRpcEngine2$Server$ProtoBufRpcInvoker.call(ProtobufRpcEngine2.java:574) [hadoop-common-3.3.1.jar:?]
	at org.apache.hadoop.ipc.ProtobufRpcEngine2$Server$ProtoBufRpcInvoker.call(ProtobufRpcEngine2.java:552) [hadoop-common-3.3.1.jar:?]
	at org.apache.hadoop.ipc.RPC$Server.call(RPC.java:1093) [hadoop-common-3.3.1.jar:?]
	at org.apache.hadoop.ipc.Server$RpcCall.run(Server.java:1035) [hadoop-common-3.3.1.jar:?]
	at org.apache.hadoop.ipc.Server$RpcCall.run(Server.java:963) [hadoop-common-3.3.1.jar:?]
	at java.security.AccessController.doPrivileged(Native Method) ~[?:1.8.0_332]
	at javax.security.auth.Subject.doAs(Subject.java:422) [?:1.8.0_332]
	at org.apache.hadoop.security.UserGroupInformation.doAs(UserGroupInformation.java:1878) [hadoop-common-3.3.1.jar:?]
	at org.apache.hadoop.ipc.Server$Handler.run(Server.java:2966) [hadoop-common-3.3.1.jar:?]
01:56:29.763 [IPC Server handler 17 on default port 44107] ERROR OMAudit - user=runner | ip=127.0.0.1 | op=GET_FILE_STATUS {volume=volume07240, bucket=bucket34393, key=gdir1/dir4, dataSize=0, replicationConfig=null} | ret=FAILURE
org.apache.hadoop.ozone.om.exceptions.OMException: Unable to get file status: volume: volume07240 bucket: bucket34393 key: gdir1/dir4
	at org.apache.hadoop.ozone.om.KeyManagerImpl.getOzoneFileStatus(KeyManagerImpl.java:1311) ~[ozone-manager-1.3.0-SNAPSHOT.jar:?]
	at org.apache.hadoop.ozone.om.KeyManagerImpl.getFileStatus(KeyManagerImpl.java:1241) ~[ozone-manager-1.3.0-SNAPSHOT.jar:?]
	at org.apache.hadoop.ozone.om.OzoneManager.getFileStatus(OzoneManager.java:3467) ~[ozone-manager-1.3.0-SNAPSHOT.jar:?]
	at org.apache.hadoop.ozone.protocolPB.OzoneManagerRequestHandler.getOzoneFileStatus(OzoneManagerRequestHandler.java:878) ~[ozone-manager-1.3.0-SNAPSHOT.jar:?]
	at org.apache.hadoop.ozone.protocolPB.OzoneManagerRequestHandler.handleReadRequest(OzoneManagerRequestHandler.java:224) ~[ozone-manager-1.3.0-SNAPSHOT.jar:?]
	at org.apache.hadoop.ozone.protocolPB.OzoneManagerProtocolServerSideTranslatorPB.submitRequestDirectlyToOM(OzoneManagerProtocolServerSideTranslatorPB.java:276) ~[ozone-manager-1.3.0-SNAPSHOT.jar:?]
	at org.apache.hadoop.ozone.protocolPB.OzoneManagerProtocolServerSideTranslatorPB.processRequest(OzoneManagerProtocolServerSideTranslatorPB.java:205) ~[ozone-manager-1.3.0-SNAPSHOT.jar:?]
	at org.apache.hadoop.hdds.server.OzoneProtocolMessageDispatcher.processRequest(OzoneProtocolMessageDispatcher.java:87) [hdds-server-framework-1.3.0-SNAPSHOT.jar:?]
	at org.apache.hadoop.ozone.protocolPB.OzoneManagerProtocolServerSideTranslatorPB.submitRequest(OzoneManagerProtocolServerSideTranslatorPB.java:147) [ozone-manager-1.3.0-SNAPSHOT.jar:?]
	at org.apache.hadoop.ozone.protocol.proto.OzoneManagerProtocolProtos$OzoneManagerService$2.callBlockingMethod(OzoneManagerProtocolProtos.java) [ozone-interface-client-1.3.0-SNAPSHOT.jar:?]
	at org.apache.hadoop.ipc.ProtobufRpcEngine$Server.processCall(ProtobufRpcEngine.java:466) [hadoop-common-3.3.1.jar:?]
	at org.apache.hadoop.ipc.ProtobufRpcEngine2$Server$ProtoBufRpcInvoker.call(ProtobufRpcEngine2.java:574) [hadoop-common-3.3.1.jar:?]
	at org.apache.hadoop.ipc.ProtobufRpcEngine2$Server$ProtoBufRpcInvoker.call(ProtobufRpcEngine2.java:552) [hadoop-common-3.3.1.jar:?]
	at org.apache.hadoop.ipc.RPC$Server.call(RPC.java:1093) [hadoop-common-3.3.1.jar:?]
	at org.apache.hadoop.ipc.Server$RpcCall.run(Server.java:1035) [hadoop-common-3.3.1.jar:?]
	at org.apache.hadoop.ipc.Server$RpcCall.run(Server.java:963) [hadoop-common-3.3.1.jar:?]
	at java.security.AccessController.doPrivileged(Native Method) ~[?:1.8.0_332]
	at javax.security.auth.Subject.doAs(Subject.java:422) [?:1.8.0_332]
	at org.apache.hadoop.security.UserGroupInformation.doAs(UserGroupInformation.java:1878) [hadoop-common-3.3.1.jar:?]
	at org.apache.hadoop.ipc.Server$Handler.run(Server.java:2966) [hadoop-common-3.3.1.jar:?]
01:56:29.764 [IPC Server handler 18 on default port 44107] ERROR OMAudit - user=runner | ip=127.0.0.1 | op=GET_FILE_STATUS {volume=volume07240, bucket=bucket34393, key=gdir1/dir4/child, dataSize=0, replicationConfig=null} | ret=FAILURE
org.apache.hadoop.ozone.om.exceptions.OMException: Unable to get file status: volume: volume07240 bucket: bucket34393 key: gdir1/dir4/child
	at org.apache.hadoop.ozone.om.KeyManagerImpl.getOzoneFileStatus(KeyManagerImpl.java:1311) ~[ozone-manager-1.3.0-SNAPSHOT.jar:?]
	at org.apache.hadoop.ozone.om.KeyManagerImpl.getFileStatus(KeyManagerImpl.java:1241) ~[ozone-manager-1.3.0-SNAPSHOT.jar:?]
	at org.apache.hadoop.ozone.om.OzoneManager.getFileStatus(OzoneManager.java:3467) ~[ozone-manager-1.3.0-SNAPSHOT.jar:?]
	at org.apache.hadoop.ozone.protocolPB.OzoneManagerRequestHandler.getOzoneFileStatus(OzoneManagerRequestHandler.java:878) ~[ozone-manager-1.3.0-SNAPSHOT.jar:?]
	at org.apache.hadoop.ozone.protocolPB.OzoneManagerRequestHandler.handleReadRequest(OzoneManagerRequestHandler.java:224) ~[ozone-manager-1.3.0-SNAPSHOT.jar:?]
	at org.apache.hadoop.ozone.protocolPB.OzoneManagerProtocolServerSideTranslatorPB.submitRequestDirectlyToOM(OzoneManagerProtocolServerSideTranslatorPB.java:276) ~[ozone-manager-1.3.0-SNAPSHOT.jar:?]
	at org.apache.hadoop.ozone.protocolPB.OzoneManagerProtocolServerSideTranslatorPB.processRequest(OzoneManagerProtocolServerSideTranslatorPB.java:205) ~[ozone-manager-1.3.0-SNAPSHOT.jar:?]
	at org.apache.hadoop.hdds.server.OzoneProtocolMessageDispatcher.processRequest(OzoneProtocolMessageDispatcher.java:87) [hdds-server-framework-1.3.0-SNAPSHOT.jar:?]
	at org.apache.hadoop.ozone.protocolPB.OzoneManagerProtocolServerSideTranslatorPB.submitRequest(OzoneManagerProtocolServerSideTranslatorPB.java:147) [ozone-manager-1.3.0-SNAPSHOT.jar:?]
	at org.apache.hadoop.ozone.protocol.proto.OzoneManagerProtocolProtos$OzoneManagerService$2.callBlockingMethod(OzoneManagerProtocolProtos.java) [ozone-interface-client-1.3.0-SNAPSHOT.jar:?]
	at org.apache.hadoop.ipc.ProtobufRpcEngine$Server.processCall(ProtobufRpcEngine.java:466) [hadoop-common-3.3.1.jar:?]
	at org.apache.hadoop.ipc.ProtobufRpcEngine2$Server$ProtoBufRpcInvoker.call(ProtobufRpcEngine2.java:574) [hadoop-common-3.3.1.jar:?]
	at org.apache.hadoop.ipc.ProtobufRpcEngine2$Server$ProtoBufRpcInvoker.call(ProtobufRpcEngine2.java:552) [hadoop-common-3.3.1.jar:?]
	at org.apache.hadoop.ipc.RPC$Server.call(RPC.java:1093) [hadoop-common-3.3.1.jar:?]
	at org.apache.hadoop.ipc.Server$RpcCall.run(Server.java:1035) [hadoop-common-3.3.1.jar:?]
	at org.apache.hadoop.ipc.Server$RpcCall.run(Server.java:963) [hadoop-common-3.3.1.jar:?]
	at java.security.AccessController.doPrivileged(Native Method) ~[?:1.8.0_332]
	at javax.security.auth.Subject.doAs(Subject.java:422) [?:1.8.0_332]
	at org.apache.hadoop.security.UserGroupInformation.doAs(UserGroupInformation.java:1878) [hadoop-common-3.3.1.jar:?]
	at org.apache.hadoop.ipc.Server$Handler.run(Server.java:2966) [hadoop-common-3.3.1.jar:?]
01:56:29.765 [IPC Server handler 19 on default port 44107] ERROR OMAudit - user=runner | ip=127.0.0.1 | op=GET_FILE_STATUS {volume=volume07240, bucket=bucket34393, key=gdir1/dir5, dataSize=0, replicationConfig=null} | ret=FAILURE
org.apache.hadoop.ozone.om.exceptions.OMException: Unable to get file status: volume: volume07240 bucket: bucket34393 key: gdir1/dir5
	at org.apache.hadoop.ozone.om.KeyManagerImpl.getOzoneFileStatus(KeyManagerImpl.java:1311) ~[ozone-manager-1.3.0-SNAPSHOT.jar:?]
	at org.apache.hadoop.ozone.om.KeyManagerImpl.getFileStatus(KeyManagerImpl.java:1241) ~[ozone-manager-1.3.0-SNAPSHOT.jar:?]
	at org.apache.hadoop.ozone.om.OzoneManager.getFileStatus(OzoneManager.java:3467) ~[ozone-manager-1.3.0-SNAPSHOT.jar:?]
	at org.apache.hadoop.ozone.protocolPB.OzoneManagerRequestHandler.getOzoneFileStatus(OzoneManagerRequestHandler.java:878) ~[ozone-manager-1.3.0-SNAPSHOT.jar:?]
	at org.apache.hadoop.ozone.protocolPB.OzoneManagerRequestHandler.handleReadRequest(OzoneManagerRequestHandler.java:224) ~[ozone-manager-1.3.0-SNAPSHOT.jar:?]
	at org.apache.hadoop.ozone.protocolPB.OzoneManagerProtocolServerSideTranslatorPB.submitRequestDirectlyToOM(OzoneManagerProtocolServerSideTranslatorPB.java:276) ~[ozone-manager-1.3.0-SNAPSHOT.jar:?]
	at org.apache.hadoop.ozone.protocolPB.OzoneManagerProtocolServerSideTranslatorPB.processRequest(OzoneManagerProtocolServerSideTranslatorPB.java:205) ~[ozone-manager-1.3.0-SNAPSHOT.jar:?]
	at org.apache.hadoop.hdds.server.OzoneProtocolMessageDispatcher.processRequest(OzoneProtocolMessageDispatcher.java:87) [hdds-server-framework-1.3.0-SNAPSHOT.jar:?]
	at org.apache.hadoop.ozone.protocolPB.OzoneManagerProtocolServerSideTranslatorPB.submitRequest(OzoneManagerProtocolServerSideTranslatorPB.java:147) [ozone-manager-1.3.0-SNAPSHOT.jar:?]
	at org.apache.hadoop.ozone.protocol.proto.OzoneManagerProtocolProtos$OzoneManagerService$2.callBlockingMethod(OzoneManagerProtocolProtos.java) [ozone-interface-client-1.3.0-SNAPSHOT.jar:?]
	at org.apache.hadoop.ipc.ProtobufRpcEngine$Server.processCall(ProtobufRpcEngine.java:466) [hadoop-common-3.3.1.jar:?]
	at org.apache.hadoop.ipc.ProtobufRpcEngine2$Server$ProtoBufRpcInvoker.call(ProtobufRpcEngine2.java:574) [hadoop-common-3.3.1.jar:?]
	at org.apache.hadoop.ipc.ProtobufRpcEngine2$Server$ProtoBufRpcInvoker.call(ProtobufRpcEngine2.java:552) [hadoop-common-3.3.1.jar:?]
	at org.apache.hadoop.ipc.RPC$Server.call(RPC.java:1093) [hadoop-common-3.3.1.jar:?]
	at org.apache.hadoop.ipc.Server$RpcCall.run(Server.java:1035) [hadoop-common-3.3.1.jar:?]
	at org.apache.hadoop.ipc.Server$RpcCall.run(Server.java:963) [hadoop-common-3.3.1.jar:?]
	at java.security.AccessController.doPrivileged(Native Method) ~[?:1.8.0_332]
	at javax.security.auth.Subject.doAs(Subject.java:422) [?:1.8.0_332]
	at org.apache.hadoop.security.UserGroupInformation.doAs(UserGroupInformation.java:1878) [hadoop-common-3.3.1.jar:?]
	at org.apache.hadoop.ipc.Server$Handler.run(Server.java:2966) [hadoop-common-3.3.1.jar:?]
01:56:29.765 [IPC Server handler 1 on default port 44107] ERROR OMAudit - user=runner | ip=127.0.0.1 | op=GET_FILE_STATUS {volume=volume07240, bucket=bucket34393, key=gdir1/dir5/child, dataSize=0, replicationConfig=null} | ret=FAILURE
org.apache.hadoop.ozone.om.exceptions.OMException: Unable to get file status: volume: volume07240 bucket: bucket34393 key: gdir1/dir5/child
	at org.apache.hadoop.ozone.om.KeyManagerImpl.getOzoneFileStatus(KeyManagerImpl.java:1311) ~[ozone-manager-1.3.0-SNAPSHOT.jar:?]
	at org.apache.hadoop.ozone.om.KeyManagerImpl.getFileStatus(KeyManagerImpl.java:1241) ~[ozone-manager-1.3.0-SNAPSHOT.jar:?]
	at org.apache.hadoop.ozone.om.OzoneManager.getFileStatus(OzoneManager.java:3467) ~[ozone-manager-1.3.0-SNAPSHOT.jar:?]
	at org.apache.hadoop.ozone.protocolPB.OzoneManagerRequestHandler.getOzoneFileStatus(OzoneManagerRequestHandler.java:878) ~[ozone-manager-1.3.0-SNAPSHOT.jar:?]
	at org.apache.hadoop.ozone.protocolPB.OzoneManagerRequestHandler.handleReadRequest(OzoneManagerRequestHandler.java:224) ~[ozone-manager-1.3.0-SNAPSHOT.jar:?]
	at org.apache.hadoop.ozone.protocolPB.OzoneManagerProtocolServerSideTranslatorPB.submitRequestDirectlyToOM(OzoneManagerProtocolServerSideTranslatorPB.java:276) ~[ozone-manager-1.3.0-SNAPSHOT.jar:?]
	at org.apache.hadoop.ozone.protocolPB.OzoneManagerProtocolServerSideTranslatorPB.processRequest(OzoneManagerProtocolServerSideTranslatorPB.java:205) ~[ozone-manager-1.3.0-SNAPSHOT.jar:?]
	at org.apache.hadoop.hdds.server.OzoneProtocolMessageDispatcher.processRequest(OzoneProtocolMessageDispatcher.java:87) [hdds-server-framework-1.3.0-SNAPSHOT.jar:?]
	at org.apache.hadoop.ozone.protocolPB.OzoneManagerProtocolServerSideTranslatorPB.submitRequest(OzoneManagerProtocolServerSideTranslatorPB.java:147) [ozone-manager-1.3.0-SNAPSHOT.jar:?]
	at org.apache.hadoop.ozone.protocol.proto.OzoneManagerProtocolProtos$OzoneManagerService$2.callBlockingMethod(OzoneManagerProtocolProtos.java) [ozone-interface-client-1.3.0-SNAPSHOT.jar:?]
	at org.apache.hadoop.ipc.ProtobufRpcEngine$Server.processCall(ProtobufRpcEngine.java:466) [hadoop-common-3.3.1.jar:?]
	at org.apache.hadoop.ipc.ProtobufRpcEngine2$Server$ProtoBufRpcInvoker.call(ProtobufRpcEngine2.java:574) [hadoop-common-3.3.1.jar:?]
	at org.apache.hadoop.ipc.ProtobufRpcEngine2$Server$ProtoBufRpcInvoker.call(ProtobufRpcEngine2.java:552) [hadoop-common-3.3.1.jar:?]
	at org.apache.hadoop.ipc.RPC$Server.call(RPC.java:1093) [hadoop-common-3.3.1.jar:?]
	at org.apache.hadoop.ipc.Server$RpcCall.run(Server.java:1035) [hadoop-common-3.3.1.jar:?]
	at org.apache.hadoop.ipc.Server$RpcCall.run(Server.java:963) [hadoop-common-3.3.1.jar:?]
	at java.security.AccessController.doPrivileged(Native Method) ~[?:1.8.0_332]
	at javax.security.auth.Subject.doAs(Subject.java:422) [?:1.8.0_332]
	at org.apache.hadoop.security.UserGroupInformation.doAs(UserGroupInformation.java:1878) [hadoop-common-3.3.1.jar:?]
	at org.apache.hadoop.ipc.Server$Handler.run(Server.java:2966) [hadoop-common-3.3.1.jar:?]
01:56:29.766 [IPC Server handler 0 on default port 44107] ERROR OMAudit - user=runner | ip=127.0.0.1 | op=GET_FILE_STATUS {volume=volume07240, bucket=bucket34393, key=gdir1/dir6, dataSize=0, replicationConfig=null} | ret=FAILURE
org.apache.hadoop.ozone.om.exceptions.OMException: Unable to get file status: volume: volume07240 bucket: bucket34393 key: gdir1/dir6
	at org.apache.hadoop.ozone.om.KeyManagerImpl.getOzoneFileStatus(KeyManagerImpl.java:1311) ~[ozone-manager-1.3.0-SNAPSHOT.jar:?]
	at org.apache.hadoop.ozone.om.KeyManagerImpl.getFileStatus(KeyManagerImpl.java:1241) ~[ozone-manager-1.3.0-SNAPSHOT.jar:?]
	at org.apache.hadoop.ozone.om.OzoneManager.getFileStatus(OzoneManager.java:3467) ~[ozone-manager-1.3.0-SNAPSHOT.jar:?]
	at org.apache.hadoop.ozone.protocolPB.OzoneManagerRequestHandler.getOzoneFileStatus(OzoneManagerRequestHandler.java:878) ~[ozone-manager-1.3.0-SNAPSHOT.jar:?]
	at org.apache.hadoop.ozone.protocolPB.OzoneManagerRequestHandler.handleReadRequest(OzoneManagerRequestHandler.java:224) ~[ozone-manager-1.3.0-SNAPSHOT.jar:?]
	at org.apache.hadoop.ozone.protocolPB.OzoneManagerProtocolServerSideTranslatorPB.submitRequestDirectlyToOM(OzoneManagerProtocolServerSideTranslatorPB.java:276) ~[ozone-manager-1.3.0-SNAPSHOT.jar:?]
	at org.apache.hadoop.ozone.protocolPB.OzoneManagerProtocolServerSideTranslatorPB.processRequest(OzoneManagerProtocolServerSideTranslatorPB.java:205) ~[ozone-manager-1.3.0-SNAPSHOT.jar:?]
	at org.apache.hadoop.hdds.server.OzoneProtocolMessageDispatcher.processRequest(OzoneProtocolMessageDispatcher.java:87) [hdds-server-framework-1.3.0-SNAPSHOT.jar:?]
	at org.apache.hadoop.ozone.protocolPB.OzoneManagerProtocolServerSideTranslatorPB.submitRequest(OzoneManagerProtocolServerSideTranslatorPB.java:147) [ozone-manager-1.3.0-SNAPSHOT.jar:?]
	at org.apache.hadoop.ozone.protocol.proto.OzoneManagerProtocolProtos$OzoneManagerService$2.callBlockingMethod(OzoneManagerProtocolProtos.java) [ozone-interface-client-1.3.0-SNAPSHOT.jar:?]
	at org.apache.hadoop.ipc.ProtobufRpcEngine$Server.processCall(ProtobufRpcEngine.java:466) [hadoop-common-3.3.1.jar:?]
	at org.apache.hadoop.ipc.ProtobufRpcEngine2$Server$ProtoBufRpcInvoker.call(ProtobufRpcEngine2.java:574) [hadoop-common-3.3.1.jar:?]
	at org.apache.hadoop.ipc.ProtobufRpcEngine2$Server$ProtoBufRpcInvoker.call(ProtobufRpcEngine2.java:552) [hadoop-common-3.3.1.jar:?]
	at org.apache.hadoop.ipc.RPC$Server.call(RPC.java:1093) [hadoop-common-3.3.1.jar:?]
	at org.apache.hadoop.ipc.Server$RpcCall.run(Server.java:1035) [hadoop-common-3.3.1.jar:?]
	at org.apache.hadoop.ipc.Server$RpcCall.run(Server.java:963) [hadoop-common-3.3.1.jar:?]
	at java.security.AccessController.doPrivileged(Native Method) ~[?:1.8.0_332]
	at javax.security.auth.Subject.doAs(Subject.java:422) [?:1.8.0_332]
	at org.apache.hadoop.security.UserGroupInformation.doAs(UserGroupInformation.java:1878) [hadoop-common-3.3.1.jar:?]
	at org.apache.hadoop.ipc.Server$Handler.run(Server.java:2966) [hadoop-common-3.3.1.jar:?]
01:56:29.767 [IPC Server handler 7 on default port 44107] ERROR OMAudit - user=runner | ip=127.0.0.1 | op=GET_FILE_STATUS {volume=volume07240, bucket=bucket34393, key=gdir1/dir6/child, dataSize=0, replicationConfig=null} | ret=FAILURE
org.apache.hadoop.ozone.om.exceptions.OMException: Unable to get file status: volume: volume07240 bucket: bucket34393 key: gdir1/dir6/child
	at org.apache.hadoop.ozone.om.KeyManagerImpl.getOzoneFileStatus(KeyManagerImpl.java:1311) ~[ozone-manager-1.3.0-SNAPSHOT.jar:?]
	at org.apache.hadoop.ozone.om.KeyManagerImpl.getFileStatus(KeyManagerImpl.java:1241) ~[ozone-manager-1.3.0-SNAPSHOT.jar:?]
	at org.apache.hadoop.ozone.om.OzoneManager.getFileStatus(OzoneManager.java:3467) ~[ozone-manager-1.3.0-SNAPSHOT.jar:?]
	at org.apache.hadoop.ozone.protocolPB.OzoneManagerRequestHandler.getOzoneFileStatus(OzoneManagerRequestHandler.java:878) ~[ozone-manager-1.3.0-SNAPSHOT.jar:?]
	at org.apache.hadoop.ozone.protocolPB.OzoneManagerRequestHandler.handleReadRequest(OzoneManagerRequestHandler.java:224) ~[ozone-manager-1.3.0-SNAPSHOT.jar:?]
	at org.apache.hadoop.ozone.protocolPB.OzoneManagerProtocolServerSideTranslatorPB.submitRequestDirectlyToOM(OzoneManagerProtocolServerSideTranslatorPB.java:276) ~[ozone-manager-1.3.0-SNAPSHOT.jar:?]
	at org.apache.hadoop.ozone.protocolPB.OzoneManagerProtocolServerSideTranslatorPB.processRequest(OzoneManagerProtocolServerSideTranslatorPB.java:205) ~[ozone-manager-1.3.0-SNAPSHOT.jar:?]
	at org.apache.hadoop.hdds.server.OzoneProtocolMessageDispatcher.processRequest(OzoneProtocolMessageDispatcher.java:87) [hdds-server-framework-1.3.0-SNAPSHOT.jar:?]
	at org.apache.hadoop.ozone.protocolPB.OzoneManagerProtocolServerSideTranslatorPB.submitRequest(OzoneManagerProtocolServerSideTranslatorPB.java:147) [ozone-manager-1.3.0-SNAPSHOT.jar:?]
	at org.apache.hadoop.ozone.protocol.proto.OzoneManagerProtocolProtos$OzoneManagerService$2.callBlockingMethod(OzoneManagerProtocolProtos.java) [ozone-interface-client-1.3.0-SNAPSHOT.jar:?]
	at org.apache.hadoop.ipc.ProtobufRpcEngine$Server.processCall(ProtobufRpcEngine.java:466) [hadoop-common-3.3.1.jar:?]
	at org.apache.hadoop.ipc.ProtobufRpcEngine2$Server$ProtoBufRpcInvoker.call(ProtobufRpcEngine2.java:574) [hadoop-common-3.3.1.jar:?]
	at org.apache.hadoop.ipc.ProtobufRpcEngine2$Server$ProtoBufRpcInvoker.call(ProtobufRpcEngine2.java:552) [hadoop-common-3.3.1.jar:?]
	at org.apache.hadoop.ipc.RPC$Server.call(RPC.java:1093) [hadoop-common-3.3.1.jar:?]
	at org.apache.hadoop.ipc.Server$RpcCall.run(Server.java:1035) [hadoop-common-3.3.1.jar:?]
	at org.apache.hadoop.ipc.Server$RpcCall.run(Server.java:963) [hadoop-common-3.3.1.jar:?]
	at java.security.AccessController.doPrivileged(Native Method) ~[?:1.8.0_332]
	at javax.security.auth.Subject.doAs(Subject.java:422) [?:1.8.0_332]
	at org.apache.hadoop.security.UserGroupInformation.doAs(UserGroupInformation.java:1878) [hadoop-common-3.3.1.jar:?]
	at org.apache.hadoop.ipc.Server$Handler.run(Server.java:2966) [hadoop-common-3.3.1.jar:?]
01:56:29.768 [IPC Server handler 6 on default port 44107] ERROR OMAudit - user=runner | ip=127.0.0.1 | op=GET_FILE_STATUS {volume=volume07240, bucket=bucket34393, key=gdir1/dir7, dataSize=0, replicationConfig=null} | ret=FAILURE
org.apache.hadoop.ozone.om.exceptions.OMException: Unable to get file status: volume: volume07240 bucket: bucket34393 key: gdir1/dir7
	at org.apache.hadoop.ozone.om.KeyManagerImpl.getOzoneFileStatus(KeyManagerImpl.java:1311) ~[ozone-manager-1.3.0-SNAPSHOT.jar:?]
	at org.apache.hadoop.ozone.om.KeyManagerImpl.getFileStatus(KeyManagerImpl.java:1241) ~[ozone-manager-1.3.0-SNAPSHOT.jar:?]
	at org.apache.hadoop.ozone.om.OzoneManager.getFileStatus(OzoneManager.java:3467) ~[ozone-manager-1.3.0-SNAPSHOT.jar:?]
	at org.apache.hadoop.ozone.protocolPB.OzoneManagerRequestHandler.getOzoneFileStatus(OzoneManagerRequestHandler.java:878) ~[ozone-manager-1.3.0-SNAPSHOT.jar:?]
	at org.apache.hadoop.ozone.protocolPB.OzoneManagerRequestHandler.handleReadRequest(OzoneManagerRequestHandler.java:224) ~[ozone-manager-1.3.0-SNAPSHOT.jar:?]
	at org.apache.hadoop.ozone.protocolPB.OzoneManagerProtocolServerSideTranslatorPB.submitRequestDirectlyToOM(OzoneManagerProtocolServerSideTranslatorPB.java:276) ~[ozone-manager-1.3.0-SNAPSHOT.jar:?]
	at org.apache.hadoop.ozone.protocolPB.OzoneManagerProtocolServerSideTranslatorPB.processRequest(OzoneManagerProtocolServerSideTranslatorPB.java:205) ~[ozone-manager-1.3.0-SNAPSHOT.jar:?]
	at org.apache.hadoop.hdds.server.OzoneProtocolMessageDispatcher.processRequest(OzoneProtocolMessageDispatcher.java:87) [hdds-server-framework-1.3.0-SNAPSHOT.jar:?]
	at org.apache.hadoop.ozone.protocolPB.OzoneManagerProtocolServerSideTranslatorPB.submitRequest(OzoneManagerProtocolServerSideTranslatorPB.java:147) [ozone-manager-1.3.0-SNAPSHOT.jar:?]
	at org.apache.hadoop.ozone.protocol.proto.OzoneManagerProtocolProtos$OzoneManagerService$2.callBlockingMethod(OzoneManagerProtocolProtos.java) [ozone-interface-client-1.3.0-SNAPSHOT.jar:?]
	at org.apache.hadoop.ipc.ProtobufRpcEngine$Server.processCall(ProtobufRpcEngine.java:466) [hadoop-common-3.3.1.jar:?]
	at org.apache.hadoop.ipc.ProtobufRpcEngine2$Server$ProtoBufRpcInvoker.call(ProtobufRpcEngine2.java:574) [hadoop-common-3.3.1.jar:?]
	at org.apache.hadoop.ipc.ProtobufRpcEngine2$Server$ProtoBufRpcInvoker.call(ProtobufRpcEngine2.java:552) [hadoop-common-3.3.1.jar:?]
	at org.apache.hadoop.ipc.RPC$Server.call(RPC.java:1093) [hadoop-common-3.3.1.jar:?]
	at org.apache.hadoop.ipc.Server$RpcCall.run(Server.java:1035) [hadoop-common-3.3.1.jar:?]
	at org.apache.hadoop.ipc.Server$RpcCall.run(Server.java:963) [hadoop-common-3.3.1.jar:?]
	at java.security.AccessController.doPrivileged(Native Method) ~[?:1.8.0_332]
	at javax.security.auth.Subject.doAs(Subject.java:422) [?:1.8.0_332]
	at org.apache.hadoop.security.UserGroupInformation.doAs(UserGroupInformation.java:1878) [hadoop-common-3.3.1.jar:?]
	at org.apache.hadoop.ipc.Server$Handler.run(Server.java:2966) [hadoop-common-3.3.1.jar:?]
01:56:29.768 [IPC Server handler 8 on default port 44107] ERROR OMAudit - user=runner | ip=127.0.0.1 | op=GET_FILE_STATUS {volume=volume07240, bucket=bucket34393, key=gdir1/dir7/child, dataSize=0, replicationConfig=null} | ret=FAILURE
org.apache.hadoop.ozone.om.exceptions.OMException: Unable to get file status: volume: volume07240 bucket: bucket34393 key: gdir1/dir7/child
	at org.apache.hadoop.ozone.om.KeyManagerImpl.getOzoneFileStatus(KeyManagerImpl.java:1311) ~[ozone-manager-1.3.0-SNAPSHOT.jar:?]
	at org.apache.hadoop.ozone.om.KeyManagerImpl.getFileStatus(KeyManagerImpl.java:1241) ~[ozone-manager-1.3.0-SNAPSHOT.jar:?]
	at org.apache.hadoop.ozone.om.OzoneManager.getFileStatus(OzoneManager.java:3467) ~[ozone-manager-1.3.0-SNAPSHOT.jar:?]
	at org.apache.hadoop.ozone.protocolPB.OzoneManagerRequestHandler.getOzoneFileStatus(OzoneManagerRequestHandler.java:878) ~[ozone-manager-1.3.0-SNAPSHOT.jar:?]
	at org.apache.hadoop.ozone.protocolPB.OzoneManagerRequestHandler.handleReadRequest(OzoneManagerRequestHandler.java:224) ~[ozone-manager-1.3.0-SNAPSHOT.jar:?]
	at org.apache.hadoop.ozone.protocolPB.OzoneManagerProtocolServerSideTranslatorPB.submitRequestDirectlyToOM(OzoneManagerProtocolServerSideTranslatorPB.java:276) ~[ozone-manager-1.3.0-SNAPSHOT.jar:?]
	at org.apache.hadoop.ozone.protocolPB.OzoneManagerProtocolServerSideTranslatorPB.processRequest(OzoneManagerProtocolServerSideTranslatorPB.java:205) ~[ozone-manager-1.3.0-SNAPSHOT.jar:?]
	at org.apache.hadoop.hdds.server.OzoneProtocolMessageDispatcher.processRequest(OzoneProtocolMessageDispatcher.java:87) [hdds-server-framework-1.3.0-SNAPSHOT.jar:?]
	at org.apache.hadoop.ozone.protocolPB.OzoneManagerProtocolServerSideTranslatorPB.submitRequest(OzoneManagerProtocolServerSideTranslatorPB.java:147) [ozone-manager-1.3.0-SNAPSHOT.jar:?]
	at org.apache.hadoop.ozone.protocol.proto.OzoneManagerProtocolProtos$OzoneManagerService$2.callBlockingMethod(OzoneManagerProtocolProtos.java) [ozone-interface-client-1.3.0-SNAPSHOT.jar:?]
	at org.apache.hadoop.ipc.ProtobufRpcEngine$Server.processCall(ProtobufRpcEngine.java:466) [hadoop-common-3.3.1.jar:?]
	at org.apache.hadoop.ipc.ProtobufRpcEngine2$Server$ProtoBufRpcInvoker.call(ProtobufRpcEngine2.java:574) [hadoop-common-3.3.1.jar:?]
	at org.apache.hadoop.ipc.ProtobufRpcEngine2$Server$ProtoBufRpcInvoker.call(ProtobufRpcEngine2.java:552) [hadoop-common-3.3.1.jar:?]
	at org.apache.hadoop.ipc.RPC$Server.call(RPC.java:1093) [hadoop-common-3.3.1.jar:?]
	at org.apache.hadoop.ipc.Server$RpcCall.run(Server.java:1035) [hadoop-common-3.3.1.jar:?]
	at org.apache.hadoop.ipc.Server$RpcCall.run(Server.java:963) [hadoop-common-3.3.1.jar:?]
	at java.security.AccessController.doPrivileged(Native Method) ~[?:1.8.0_332]
	at javax.security.auth.Subject.doAs(Subject.java:422) [?:1.8.0_332]
	at org.apache.hadoop.security.UserGroupInformation.doAs(UserGroupInformation.java:1878) [hadoop-common-3.3.1.jar:?]
	at org.apache.hadoop.ipc.Server$Handler.run(Server.java:2966) [hadoop-common-3.3.1.jar:?]
01:56:29.772 [IPC Server handler 9 on default port 44107] ERROR OMAudit - user=runner | ip=127.0.0.1 | op=GET_FILE_STATUS {volume=volume07240, bucket=bucket34393, key=gdir1/dir8, dataSize=0, replicationConfig=null} | ret=FAILURE
org.apache.hadoop.ozone.om.exceptions.OMException: Unable to get file status: volume: volume07240 bucket: bucket34393 key: gdir1/dir8
	at org.apache.hadoop.ozone.om.KeyManagerImpl.getOzoneFileStatus(KeyManagerImpl.java:1311) ~[ozone-manager-1.3.0-SNAPSHOT.jar:?]
	at org.apache.hadoop.ozone.om.KeyManagerImpl.getFileStatus(KeyManagerImpl.java:1241) ~[ozone-manager-1.3.0-SNAPSHOT.jar:?]
	at org.apache.hadoop.ozone.om.OzoneManager.getFileStatus(OzoneManager.java:3467) ~[ozone-manager-1.3.0-SNAPSHOT.jar:?]
	at org.apache.hadoop.ozone.protocolPB.OzoneManagerRequestHandler.getOzoneFileStatus(OzoneManagerRequestHandler.java:878) ~[ozone-manager-1.3.0-SNAPSHOT.jar:?]
	at org.apache.hadoop.ozone.protocolPB.OzoneManagerRequestHandler.handleReadRequest(OzoneManagerRequestHandler.java:224) ~[ozone-manager-1.3.0-SNAPSHOT.jar:?]
	at org.apache.hadoop.ozone.protocolPB.OzoneManagerProtocolServerSideTranslatorPB.submitRequestDirectlyToOM(OzoneManagerProtocolServerSideTranslatorPB.java:276) ~[ozone-manager-1.3.0-SNAPSHOT.jar:?]
	at org.apache.hadoop.ozone.protocolPB.OzoneManagerProtocolServerSideTranslatorPB.processRequest(OzoneManagerProtocolServerSideTranslatorPB.java:205) ~[ozone-manager-1.3.0-SNAPSHOT.jar:?]
	at org.apache.hadoop.hdds.server.OzoneProtocolMessageDispatcher.processRequest(OzoneProtocolMessageDispatcher.java:87) [hdds-server-framework-1.3.0-SNAPSHOT.jar:?]
	at org.apache.hadoop.ozone.protocolPB.OzoneManagerProtocolServerSideTranslatorPB.submitRequest(OzoneManagerProtocolServerSideTranslatorPB.java:147) [ozone-manager-1.3.0-SNAPSHOT.jar:?]
	at org.apache.hadoop.ozone.protocol.proto.OzoneManagerProtocolProtos$OzoneManagerService$2.callBlockingMethod(OzoneManagerProtocolProtos.java) [ozone-interface-client-1.3.0-SNAPSHOT.jar:?]
	at org.apache.hadoop.ipc.ProtobufRpcEngine$Server.processCall(ProtobufRpcEngine.java:466) [hadoop-common-3.3.1.jar:?]
	at org.apache.hadoop.ipc.ProtobufRpcEngine2$Server$ProtoBufRpcInvoker.call(ProtobufRpcEngine2.java:574) [hadoop-common-3.3.1.jar:?]
	at org.apache.hadoop.ipc.ProtobufRpcEngine2$Server$ProtoBufRpcInvoker.call(ProtobufRpcEngine2.java:552) [hadoop-common-3.3.1.jar:?]
	at org.apache.hadoop.ipc.RPC$Server.call(RPC.java:1093) [hadoop-common-3.3.1.jar:?]
	at org.apache.hadoop.ipc.Server$RpcCall.run(Server.java:1035) [hadoop-common-3.3.1.jar:?]
	at org.apache.hadoop.ipc.Server$RpcCall.run(Server.java:963) [hadoop-common-3.3.1.jar:?]
	at java.security.AccessController.doPrivileged(Native Method) ~[?:1.8.0_332]
	at javax.security.auth.Subject.doAs(Subject.java:422) [?:1.8.0_332]
	at org.apache.hadoop.security.UserGroupInformation.doAs(UserGroupInformation.java:1878) [hadoop-common-3.3.1.jar:?]
	at org.apache.hadoop.ipc.Server$Handler.run(Server.java:2966) [hadoop-common-3.3.1.jar:?]
01:56:29.772 [IPC Server handler 3 on default port 44107] ERROR OMAudit - user=runner | ip=127.0.0.1 | op=GET_FILE_STATUS {volume=volume07240, bucket=bucket34393, key=gdir1/dir8/child, dataSize=0, replicationConfig=null} | ret=FAILURE
org.apache.hadoop.ozone.om.exceptions.OMException: Unable to get file status: volume: volume07240 bucket: bucket34393 key: gdir1/dir8/child
	at org.apache.hadoop.ozone.om.KeyManagerImpl.getOzoneFileStatus(KeyManagerImpl.java:1311) ~[ozone-manager-1.3.0-SNAPSHOT.jar:?]
	at org.apache.hadoop.ozone.om.KeyManagerImpl.getFileStatus(KeyManagerImpl.java:1241) ~[ozone-manager-1.3.0-SNAPSHOT.jar:?]
	at org.apache.hadoop.ozone.om.OzoneManager.getFileStatus(OzoneManager.java:3467) ~[ozone-manager-1.3.0-SNAPSHOT.jar:?]
	at org.apache.hadoop.ozone.protocolPB.OzoneManagerRequestHandler.getOzoneFileStatus(OzoneManagerRequestHandler.java:878) ~[ozone-manager-1.3.0-SNAPSHOT.jar:?]
	at org.apache.hadoop.ozone.protocolPB.OzoneManagerRequestHandler.handleReadRequest(OzoneManagerRequestHandler.java:224) ~[ozone-manager-1.3.0-SNAPSHOT.jar:?]
	at org.apache.hadoop.ozone.protocolPB.OzoneManagerProtocolServerSideTranslatorPB.submitRequestDirectlyToOM(OzoneManagerProtocolServerSideTranslatorPB.java:276) ~[ozone-manager-1.3.0-SNAPSHOT.jar:?]
	at org.apache.hadoop.ozone.protocolPB.OzoneManagerProtocolServerSideTranslatorPB.processRequest(OzoneManagerProtocolServerSideTranslatorPB.java:205) ~[ozone-manager-1.3.0-SNAPSHOT.jar:?]
	at org.apache.hadoop.hdds.server.OzoneProtocolMessageDispatcher.processRequest(OzoneProtocolMessageDispatcher.java:87) [hdds-server-framework-1.3.0-SNAPSHOT.jar:?]
	at org.apache.hadoop.ozone.protocolPB.OzoneManagerProtocolServerSideTranslatorPB.submitRequest(OzoneManagerProtocolServerSideTranslatorPB.java:147) [ozone-manager-1.3.0-SNAPSHOT.jar:?]
	at org.apache.hadoop.ozone.protocol.proto.OzoneManagerProtocolProtos$OzoneManagerService$2.callBlockingMethod(OzoneManagerProtocolProtos.java) [ozone-interface-client-1.3.0-SNAPSHOT.jar:?]
	at org.apache.hadoop.ipc.ProtobufRpcEngine$Server.processCall(ProtobufRpcEngine.java:466) [hadoop-common-3.3.1.jar:?]
	at org.apache.hadoop.ipc.ProtobufRpcEngine2$Server$ProtoBufRpcInvoker.call(ProtobufRpcEngine2.java:574) [hadoop-common-3.3.1.jar:?]
	at org.apache.hadoop.ipc.ProtobufRpcEngine2$Server$ProtoBufRpcInvoker.call(ProtobufRpcEngine2.java:552) [hadoop-common-3.3.1.jar:?]
	at org.apache.hadoop.ipc.RPC$Server.call(RPC.java:1093) [hadoop-common-3.3.1.jar:?]
	at org.apache.hadoop.ipc.Server$RpcCall.run(Server.java:1035) [hadoop-common-3.3.1.jar:?]
	at org.apache.hadoop.ipc.Server$RpcCall.run(Server.java:963) [hadoop-common-3.3.1.jar:?]
	at java.security.AccessController.doPrivileged(Native Method) ~[?:1.8.0_332]
	at javax.security.auth.Subject.doAs(Subject.java:422) [?:1.8.0_332]
	at org.apache.hadoop.security.UserGroupInformation.doAs(UserGroupInformation.java:1878) [hadoop-common-3.3.1.jar:?]
	at org.apache.hadoop.ipc.Server$Handler.run(Server.java:2966) [hadoop-common-3.3.1.jar:?]
01:56:29.774 [IPC Server handler 2 on default port 44107] ERROR OMAudit - user=runner | ip=127.0.0.1 | op=GET_FILE_STATUS {volume=volume07240, bucket=bucket34393, key=gdir1/dir9, dataSize=0, replicationConfig=null} | ret=FAILURE
org.apache.hadoop.ozone.om.exceptions.OMException: Unable to get file status: volume: volume07240 bucket: bucket34393 key: gdir1/dir9
	at org.apache.hadoop.ozone.om.KeyManagerImpl.getOzoneFileStatus(KeyManagerImpl.java:1311) ~[ozone-manager-1.3.0-SNAPSHOT.jar:?]
	at org.apache.hadoop.ozone.om.KeyManagerImpl.getFileStatus(KeyManagerImpl.java:1241) ~[ozone-manager-1.3.0-SNAPSHOT.jar:?]
	at org.apache.hadoop.ozone.om.OzoneManager.getFileStatus(OzoneManager.java:3467) ~[ozone-manager-1.3.0-SNAPSHOT.jar:?]
	at org.apache.hadoop.ozone.protocolPB.OzoneManagerRequestHandler.getOzoneFileStatus(OzoneManagerRequestHandler.java:878) ~[ozone-manager-1.3.0-SNAPSHOT.jar:?]
	at org.apache.hadoop.ozone.protocolPB.OzoneManagerRequestHandler.handleReadRequest(OzoneManagerRequestHandler.java:224) ~[ozone-manager-1.3.0-SNAPSHOT.jar:?]
	at org.apache.hadoop.ozone.protocolPB.OzoneManagerProtocolServerSideTranslatorPB.submitRequestDirectlyToOM(OzoneManagerProtocolServerSideTranslatorPB.java:276) ~[ozone-manager-1.3.0-SNAPSHOT.jar:?]
	at org.apache.hadoop.ozone.protocolPB.OzoneManagerProtocolServerSideTranslatorPB.processRequest(OzoneManagerProtocolServerSideTranslatorPB.java:205) ~[ozone-manager-1.3.0-SNAPSHOT.jar:?]
	at org.apache.hadoop.hdds.server.OzoneProtocolMessageDispatcher.processRequest(OzoneProtocolMessageDispatcher.java:87) [hdds-server-framework-1.3.0-SNAPSHOT.jar:?]
	at org.apache.hadoop.ozone.protocolPB.OzoneManagerProtocolServerSideTranslatorPB.submitRequest(OzoneManagerProtocolServerSideTranslatorPB.java:147) [ozone-manager-1.3.0-SNAPSHOT.jar:?]
	at org.apache.hadoop.ozone.protocol.proto.OzoneManagerProtocolProtos$OzoneManagerService$2.callBlockingMethod(OzoneManagerProtocolProtos.java) [ozone-interface-client-1.3.0-SNAPSHOT.jar:?]
	at org.apache.hadoop.ipc.ProtobufRpcEngine$Server.processCall(ProtobufRpcEngine.java:466) [hadoop-common-3.3.1.jar:?]
	at org.apache.hadoop.ipc.ProtobufRpcEngine2$Server$ProtoBufRpcInvoker.call(ProtobufRpcEngine2.java:574) [hadoop-common-3.3.1.jar:?]
	at org.apache.hadoop.ipc.ProtobufRpcEngine2$Server$ProtoBufRpcInvoker.call(ProtobufRpcEngine2.java:552) [hadoop-common-3.3.1.jar:?]
	at org.apache.hadoop.ipc.RPC$Server.call(RPC.java:1093) [hadoop-common-3.3.1.jar:?]
	at org.apache.hadoop.ipc.Server$RpcCall.run(Server.java:1035) [hadoop-common-3.3.1.jar:?]
	at org.apache.hadoop.ipc.Server$RpcCall.run(Server.java:963) [hadoop-common-3.3.1.jar:?]
	at java.security.AccessController.doPrivileged(Native Method) ~[?:1.8.0_332]
	at javax.security.auth.Subject.doAs(Subject.java:422) [?:1.8.0_332]
	at org.apache.hadoop.security.UserGroupInformation.doAs(UserGroupInformation.java:1878) [hadoop-common-3.3.1.jar:?]
	at org.apache.hadoop.ipc.Server$Handler.run(Server.java:2966) [hadoop-common-3.3.1.jar:?]
01:56:29.775 [IPC Server handler 10 on default port 44107] ERROR OMAudit - user=runner | ip=127.0.0.1 | op=GET_FILE_STATUS {volume=volume07240, bucket=bucket34393, key=gdir1/dir9/child, dataSize=0, replicationConfig=null} | ret=FAILURE
org.apache.hadoop.ozone.om.exceptions.OMException: Unable to get file status: volume: volume07240 bucket: bucket34393 key: gdir1/dir9/child
	at org.apache.hadoop.ozone.om.KeyManagerImpl.getOzoneFileStatus(KeyManagerImpl.java:1311) ~[ozone-manager-1.3.0-SNAPSHOT.jar:?]
	at org.apache.hadoop.ozone.om.KeyManagerImpl.getFileStatus(KeyManagerImpl.java:1241) ~[ozone-manager-1.3.0-SNAPSHOT.jar:?]
	at org.apache.hadoop.ozone.om.OzoneManager.getFileStatus(OzoneManager.java:3467) ~[ozone-manager-1.3.0-SNAPSHOT.jar:?]
	at org.apache.hadoop.ozone.protocolPB.OzoneManagerRequestHandler.getOzoneFileStatus(OzoneManagerRequestHandler.java:878) ~[ozone-manager-1.3.0-SNAPSHOT.jar:?]
	at org.apache.hadoop.ozone.protocolPB.OzoneManagerRequestHandler.handleReadRequest(OzoneManagerRequestHandler.java:224) ~[ozone-manager-1.3.0-SNAPSHOT.jar:?]
	at org.apache.hadoop.ozone.protocolPB.OzoneManagerProtocolServerSideTranslatorPB.submitRequestDirectlyToOM(OzoneManagerProtocolServerSideTranslatorPB.java:276) ~[ozone-manager-1.3.0-SNAPSHOT.jar:?]
	at org.apache.hadoop.ozone.protocolPB.OzoneManagerProtocolServerSideTranslatorPB.processRequest(OzoneManagerProtocolServerSideTranslatorPB.java:205) ~[ozone-manager-1.3.0-SNAPSHOT.jar:?]
	at org.apache.hadoop.hdds.server.OzoneProtocolMessageDispatcher.processRequest(OzoneProtocolMessageDispatcher.java:87) [hdds-server-framework-1.3.0-SNAPSHOT.jar:?]
	at org.apache.hadoop.ozone.protocolPB.OzoneManagerProtocolServerSideTranslatorPB.submitRequest(OzoneManagerProtocolServerSideTranslatorPB.java:147) [ozone-manager-1.3.0-SNAPSHOT.jar:?]
	at org.apache.hadoop.ozone.protocol.proto.OzoneManagerProtocolProtos$OzoneManagerService$2.callBlockingMethod(OzoneManagerProtocolProtos.java) [ozone-interface-client-1.3.0-SNAPSHOT.jar:?]
	at org.apache.hadoop.ipc.ProtobufRpcEngine$Server.processCall(ProtobufRpcEngine.java:466) [hadoop-common-3.3.1.jar:?]
	at org.apache.hadoop.ipc.ProtobufRpcEngine2$Server$ProtoBufRpcInvoker.call(ProtobufRpcEngine2.java:574) [hadoop-common-3.3.1.jar:?]
	at org.apache.hadoop.ipc.ProtobufRpcEngine2$Server$ProtoBufRpcInvoker.call(ProtobufRpcEngine2.java:552) [hadoop-common-3.3.1.jar:?]
	at org.apache.hadoop.ipc.RPC$Server.call(RPC.java:1093) [hadoop-common-3.3.1.jar:?]
	at org.apache.hadoop.ipc.Server$RpcCall.run(Server.java:1035) [hadoop-common-3.3.1.jar:?]
	at org.apache.hadoop.ipc.Server$RpcCall.run(Server.java:963) [hadoop-common-3.3.1.jar:?]
	at java.security.AccessController.doPrivileged(Native Method) ~[?:1.8.0_332]
	at javax.security.auth.Subject.doAs(Subject.java:422) [?:1.8.0_332]
	at org.apache.hadoop.security.UserGroupInformation.doAs(UserGroupInformation.java:1878) [hadoop-common-3.3.1.jar:?]
	at org.apache.hadoop.ipc.Server$Handler.run(Server.java:2966) [hadoop-common-3.3.1.jar:?]
01:56:29.776 [IPC Server handler 12 on default port 44107] ERROR OMAudit - user=runner | ip=127.0.0.1 | op=GET_FILE_STATUS {volume=volume07240, bucket=bucket34393, key=gdir1/dir10, dataSize=0, replicationConfig=null} | ret=FAILURE
org.apache.hadoop.ozone.om.exceptions.OMException: Unable to get file status: volume: volume07240 bucket: bucket34393 key: gdir1/dir10
	at org.apache.hadoop.ozone.om.KeyManagerImpl.getOzoneFileStatus(KeyManagerImpl.java:1311) ~[ozone-manager-1.3.0-SNAPSHOT.jar:?]
	at org.apache.hadoop.ozone.om.KeyManagerImpl.getFileStatus(KeyManagerImpl.java:1241) ~[ozone-manager-1.3.0-SNAPSHOT.jar:?]
	at org.apache.hadoop.ozone.om.OzoneManager.getFileStatus(OzoneManager.java:3467) ~[ozone-manager-1.3.0-SNAPSHOT.jar:?]
	at org.apache.hadoop.ozone.protocolPB.OzoneManagerRequestHandler.getOzoneFileStatus(OzoneManagerRequestHandler.java:878) ~[ozone-manager-1.3.0-SNAPSHOT.jar:?]
	at org.apache.hadoop.ozone.protocolPB.OzoneManagerRequestHandler.handleReadRequest(OzoneManagerRequestHandler.java:224) ~[ozone-manager-1.3.0-SNAPSHOT.jar:?]
	at org.apache.hadoop.ozone.protocolPB.OzoneManagerProtocolServerSideTranslatorPB.submitRequestDirectlyToOM(OzoneManagerProtocolServerSideTranslatorPB.java:276) ~[ozone-manager-1.3.0-SNAPSHOT.jar:?]
	at org.apache.hadoop.ozone.protocolPB.OzoneManagerProtocolServerSideTranslatorPB.processRequest(OzoneManagerProtocolServerSideTranslatorPB.java:205) ~[ozone-manager-1.3.0-SNAPSHOT.jar:?]
	at org.apache.hadoop.hdds.server.OzoneProtocolMessageDispatcher.processRequest(OzoneProtocolMessageDispatcher.java:87) [hdds-server-framework-1.3.0-SNAPSHOT.jar:?]
	at org.apache.hadoop.ozone.protocolPB.OzoneManagerProtocolServerSideTranslatorPB.submitRequest(OzoneManagerProtocolServerSideTranslatorPB.java:147) [ozone-manager-1.3.0-SNAPSHOT.jar:?]
	at org.apache.hadoop.ozone.protocol.proto.OzoneManagerProtocolProtos$OzoneManagerService$2.callBlockingMethod(OzoneManagerProtocolProtos.java) [ozone-interface-client-1.3.0-SNAPSHOT.jar:?]
	at org.apache.hadoop.ipc.ProtobufRpcEngine$Server.processCall(ProtobufRpcEngine.java:466) [hadoop-common-3.3.1.jar:?]
	at org.apache.hadoop.ipc.ProtobufRpcEngine2$Server$ProtoBufRpcInvoker.call(ProtobufRpcEngine2.java:574) [hadoop-common-3.3.1.jar:?]
	at org.apache.hadoop.ipc.ProtobufRpcEngine2$Server$ProtoBufRpcInvoker.call(ProtobufRpcEngine2.java:552) [hadoop-common-3.3.1.jar:?]
	at org.apache.hadoop.ipc.RPC$Server.call(RPC.java:1093) [hadoop-common-3.3.1.jar:?]
	at org.apache.hadoop.ipc.Server$RpcCall.run(Server.java:1035) [hadoop-common-3.3.1.jar:?]
	at org.apache.hadoop.ipc.Server$RpcCall.run(Server.java:963) [hadoop-common-3.3.1.jar:?]
	at java.security.AccessController.doPrivileged(Native Method) ~[?:1.8.0_332]
	at javax.security.auth.Subject.doAs(Subject.java:422) [?:1.8.0_332]
	at org.apache.hadoop.security.UserGroupInformation.doAs(UserGroupInformation.java:1878) [hadoop-common-3.3.1.jar:?]
	at org.apache.hadoop.ipc.Server$Handler.run(Server.java:2966) [hadoop-common-3.3.1.jar:?]
01:56:29.776 [IPC Server handler 5 on default port 44107] ERROR OMAudit - user=runner | ip=127.0.0.1 | op=GET_FILE_STATUS {volume=volume07240, bucket=bucket34393, key=gdir1/dir10/child, dataSize=0, replicationConfig=null} | ret=FAILURE
org.apache.hadoop.ozone.om.exceptions.OMException: Unable to get file status: volume: volume07240 bucket: bucket34393 key: gdir1/dir10/child
	at org.apache.hadoop.ozone.om.KeyManagerImpl.getOzoneFileStatus(KeyManagerImpl.java:1311) ~[ozone-manager-1.3.0-SNAPSHOT.jar:?]
	at org.apache.hadoop.ozone.om.KeyManagerImpl.getFileStatus(KeyManagerImpl.java:1241) ~[ozone-manager-1.3.0-SNAPSHOT.jar:?]
	at org.apache.hadoop.ozone.om.OzoneManager.getFileStatus(OzoneManager.java:3467) ~[ozone-manager-1.3.0-SNAPSHOT.jar:?]
	at org.apache.hadoop.ozone.protocolPB.OzoneManagerRequestHandler.getOzoneFileStatus(OzoneManagerRequestHandler.java:878) ~[ozone-manager-1.3.0-SNAPSHOT.jar:?]
	at org.apache.hadoop.ozone.protocolPB.OzoneManagerRequestHandler.handleReadRequest(OzoneManagerRequestHandler.java:224) ~[ozone-manager-1.3.0-SNAPSHOT.jar:?]
	at org.apache.hadoop.ozone.protocolPB.OzoneManagerProtocolServerSideTranslatorPB.submitRequestDirectlyToOM(OzoneManagerProtocolServerSideTranslatorPB.java:276) ~[ozone-manager-1.3.0-SNAPSHOT.jar:?]
	at org.apache.hadoop.ozone.protocolPB.OzoneManagerProtocolServerSideTranslatorPB.processRequest(OzoneManagerProtocolServerSideTranslatorPB.java:205) ~[ozone-manager-1.3.0-SNAPSHOT.jar:?]
	at org.apache.hadoop.hdds.server.OzoneProtocolMessageDispatcher.processRequest(OzoneProtocolMessageDispatcher.java:87) [hdds-server-framework-1.3.0-SNAPSHOT.jar:?]
	at org.apache.hadoop.ozone.protocolPB.OzoneManagerProtocolServerSideTranslatorPB.submitRequest(OzoneManagerProtocolServerSideTranslatorPB.java:147) [ozone-manager-1.3.0-SNAPSHOT.jar:?]
	at org.apache.hadoop.ozone.protocol.proto.OzoneManagerProtocolProtos$OzoneManagerService$2.callBlockingMethod(OzoneManagerProtocolProtos.java) [ozone-interface-client-1.3.0-SNAPSHOT.jar:?]
	at org.apache.hadoop.ipc.ProtobufRpcEngine$Server.processCall(ProtobufRpcEngine.java:466) [hadoop-common-3.3.1.jar:?]
	at org.apache.hadoop.ipc.ProtobufRpcEngine2$Server$ProtoBufRpcInvoker.call(ProtobufRpcEngine2.java:574) [hadoop-common-3.3.1.jar:?]
	at org.apache.hadoop.ipc.ProtobufRpcEngine2$Server$ProtoBufRpcInvoker.call(ProtobufRpcEngine2.java:552) [hadoop-common-3.3.1.jar:?]
	at org.apache.hadoop.ipc.RPC$Server.call(RPC.java:1093) [hadoop-common-3.3.1.jar:?]
	at org.apache.hadoop.ipc.Server$RpcCall.run(Server.java:1035) [hadoop-common-3.3.1.jar:?]
	at org.apache.hadoop.ipc.Server$RpcCall.run(Server.java:963) [hadoop-common-3.3.1.jar:?]
	at java.security.AccessController.doPrivileged(Native Method) ~[?:1.8.0_332]
	at javax.security.auth.Subject.doAs(Subject.java:422) [?:1.8.0_332]
	at org.apache.hadoop.security.UserGroupInformation.doAs(UserGroupInformation.java:1878) [hadoop-common-3.3.1.jar:?]
	at org.apache.hadoop.ipc.Server$Handler.run(Server.java:2966) [hadoop-common-3.3.1.jar:?]
01:56:29.838 [IPC Server handler 8 on default port 44107] ERROR OMAudit - user=runner | ip=127.0.0.1 | op=GET_FILE_STATUS {volume=volume07240, bucket=bucket34393, key=level0, dataSize=0, replicationConfig=null} | ret=FAILURE
org.apache.hadoop.ozone.om.exceptions.OMException: Unable to get file status: volume: volume07240 bucket: bucket34393 key: level0
	at org.apache.hadoop.ozone.om.KeyManagerImpl.getOzoneFileStatus(KeyManagerImpl.java:1311) ~[ozone-manager-1.3.0-SNAPSHOT.jar:?]
	at org.apache.hadoop.ozone.om.KeyManagerImpl.getFileStatus(KeyManagerImpl.java:1241) ~[ozone-manager-1.3.0-SNAPSHOT.jar:?]
	at org.apache.hadoop.ozone.om.OzoneManager.getFileStatus(OzoneManager.java:3467) ~[ozone-manager-1.3.0-SNAPSHOT.jar:?]
	at org.apache.hadoop.ozone.protocolPB.OzoneManagerRequestHandler.getOzoneFileStatus(OzoneManagerRequestHandler.java:878) ~[ozone-manager-1.3.0-SNAPSHOT.jar:?]
	at org.apache.hadoop.ozone.protocolPB.OzoneManagerRequestHandler.handleReadRequest(OzoneManagerRequestHandler.java:224) ~[ozone-manager-1.3.0-SNAPSHOT.jar:?]
	at org.apache.hadoop.ozone.protocolPB.OzoneManagerProtocolServerSideTranslatorPB.submitRequestDirectlyToOM(OzoneManagerProtocolServerSideTranslatorPB.java:276) ~[ozone-manager-1.3.0-SNAPSHOT.jar:?]
	at org.apache.hadoop.ozone.protocolPB.OzoneManagerProtocolServerSideTranslatorPB.processRequest(OzoneManagerProtocolServerSideTranslatorPB.java:205) ~[ozone-manager-1.3.0-SNAPSHOT.jar:?]
	at org.apache.hadoop.hdds.server.OzoneProtocolMessageDispatcher.processRequest(OzoneProtocolMessageDispatcher.java:87) [hdds-server-framework-1.3.0-SNAPSHOT.jar:?]
	at org.apache.hadoop.ozone.protocolPB.OzoneManagerProtocolServerSideTranslatorPB.submitRequest(OzoneManagerProtocolServerSideTranslatorPB.java:147) [ozone-manager-1.3.0-SNAPSHOT.jar:?]
	at org.apache.hadoop.ozone.protocol.proto.OzoneManagerProtocolProtos$OzoneManagerService$2.callBlockingMethod(OzoneManagerProtocolProtos.java) [ozone-interface-client-1.3.0-SNAPSHOT.jar:?]
	at org.apache.hadoop.ipc.ProtobufRpcEngine$Server.processCall(ProtobufRpcEngine.java:466) [hadoop-common-3.3.1.jar:?]
	at org.apache.hadoop.ipc.ProtobufRpcEngine2$Server$ProtoBufRpcInvoker.call(ProtobufRpcEngine2.java:574) [hadoop-common-3.3.1.jar:?]
	at org.apache.hadoop.ipc.ProtobufRpcEngine2$Server$ProtoBufRpcInvoker.call(ProtobufRpcEngine2.java:552) [hadoop-common-3.3.1.jar:?]
	at org.apache.hadoop.ipc.RPC$Server.call(RPC.java:1093) [hadoop-common-3.3.1.jar:?]
	at org.apache.hadoop.ipc.Server$RpcCall.run(Server.java:1035) [hadoop-common-3.3.1.jar:?]
	at org.apache.hadoop.ipc.Server$RpcCall.run(Server.java:963) [hadoop-common-3.3.1.jar:?]
	at java.security.AccessController.doPrivileged(Native Method) ~[?:1.8.0_332]
	at javax.security.auth.Subject.doAs(Subject.java:422) [?:1.8.0_332]
	at org.apache.hadoop.security.UserGroupInformation.doAs(UserGroupInformation.java:1878) [hadoop-common-3.3.1.jar:?]
	at org.apache.hadoop.ipc.Server$Handler.run(Server.java:2966) [hadoop-common-3.3.1.jar:?]
01:56:29.839 [IPC Server handler 9 on default port 44107] ERROR OMAudit - user=runner | ip=127.0.0.1 | op=GET_FILE_STATUS {volume=volume07240, bucket=bucket34393, key=level0/level1, dataSize=0, replicationConfig=null} | ret=FAILURE
org.apache.hadoop.ozone.om.exceptions.OMException: Unable to get file status: volume: volume07240 bucket: bucket34393 key: level0/level1
	at org.apache.hadoop.ozone.om.KeyManagerImpl.getOzoneFileStatus(KeyManagerImpl.java:1311) ~[ozone-manager-1.3.0-SNAPSHOT.jar:?]
	at org.apache.hadoop.ozone.om.KeyManagerImpl.getFileStatus(KeyManagerImpl.java:1241) ~[ozone-manager-1.3.0-SNAPSHOT.jar:?]
	at org.apache.hadoop.ozone.om.OzoneManager.getFileStatus(OzoneManager.java:3467) ~[ozone-manager-1.3.0-SNAPSHOT.jar:?]
	at org.apache.hadoop.ozone.protocolPB.OzoneManagerRequestHandler.getOzoneFileStatus(OzoneManagerRequestHandler.java:878) ~[ozone-manager-1.3.0-SNAPSHOT.jar:?]
	at org.apache.hadoop.ozone.protocolPB.OzoneManagerRequestHandler.handleReadRequest(OzoneManagerRequestHandler.java:224) ~[ozone-manager-1.3.0-SNAPSHOT.jar:?]
	at org.apache.hadoop.ozone.protocolPB.OzoneManagerProtocolServerSideTranslatorPB.submitRequestDirectlyToOM(OzoneManagerProtocolServerSideTranslatorPB.java:276) ~[ozone-manager-1.3.0-SNAPSHOT.jar:?]
	at org.apache.hadoop.ozone.protocolPB.OzoneManagerProtocolServerSideTranslatorPB.processRequest(OzoneManagerProtocolServerSideTranslatorPB.java:205) ~[ozone-manager-1.3.0-SNAPSHOT.jar:?]
	at org.apache.hadoop.hdds.server.OzoneProtocolMessageDispatcher.processRequest(OzoneProtocolMessageDispatcher.java:87) [hdds-server-framework-1.3.0-SNAPSHOT.jar:?]
	at org.apache.hadoop.ozone.protocolPB.OzoneManagerProtocolServerSideTranslatorPB.submitRequest(OzoneManagerProtocolServerSideTranslatorPB.java:147) [ozone-manager-1.3.0-SNAPSHOT.jar:?]
	at org.apache.hadoop.ozone.protocol.proto.OzoneManagerProtocolProtos$OzoneManagerService$2.callBlockingMethod(OzoneManagerProtocolProtos.java) [ozone-interface-client-1.3.0-SNAPSHOT.jar:?]
	at org.apache.hadoop.ipc.ProtobufRpcEngine$Server.processCall(ProtobufRpcEngine.java:466) [hadoop-common-3.3.1.jar:?]
	at org.apache.hadoop.ipc.ProtobufRpcEngine2$Server$ProtoBufRpcInvoker.call(ProtobufRpcEngine2.java:574) [hadoop-common-3.3.1.jar:?]
	at org.apache.hadoop.ipc.ProtobufRpcEngine2$Server$ProtoBufRpcInvoker.call(ProtobufRpcEngine2.java:552) [hadoop-common-3.3.1.jar:?]
	at org.apache.hadoop.ipc.RPC$Server.call(RPC.java:1093) [hadoop-common-3.3.1.jar:?]
	at org.apache.hadoop.ipc.Server$RpcCall.run(Server.java:1035) [hadoop-common-3.3.1.jar:?]
	at org.apache.hadoop.ipc.Server$RpcCall.run(Server.java:963) [hadoop-common-3.3.1.jar:?]
	at java.security.AccessController.doPrivileged(Native Method) ~[?:1.8.0_332]
	at javax.security.auth.Subject.doAs(Subject.java:422) [?:1.8.0_332]
	at org.apache.hadoop.security.UserGroupInformation.doAs(UserGroupInformation.java:1878) [hadoop-common-3.3.1.jar:?]
	at org.apache.hadoop.ipc.Server$Handler.run(Server.java:2966) [hadoop-common-3.3.1.jar:?]
01:56:29.840 [IPC Server handler 3 on default port 44107] ERROR OMAudit - user=runner | ip=127.0.0.1 | op=GET_FILE_STATUS {volume=volume07240, bucket=bucket34393, key=level0/level1/level1, dataSize=0, replicationConfig=null} | ret=FAILURE
org.apache.hadoop.ozone.om.exceptions.OMException: Unable to get file status: volume: volume07240 bucket: bucket34393 key: level0/level1/level1
	at org.apache.hadoop.ozone.om.KeyManagerImpl.getOzoneFileStatus(KeyManagerImpl.java:1311) ~[ozone-manager-1.3.0-SNAPSHOT.jar:?]
	at org.apache.hadoop.ozone.om.KeyManagerImpl.getFileStatus(KeyManagerImpl.java:1241) ~[ozone-manager-1.3.0-SNAPSHOT.jar:?]
	at org.apache.hadoop.ozone.om.OzoneManager.getFileStatus(OzoneManager.java:3467) ~[ozone-manager-1.3.0-SNAPSHOT.jar:?]
	at org.apache.hadoop.ozone.protocolPB.OzoneManagerRequestHandler.getOzoneFileStatus(OzoneManagerRequestHandler.java:878) ~[ozone-manager-1.3.0-SNAPSHOT.jar:?]
	at org.apache.hadoop.ozone.protocolPB.OzoneManagerRequestHandler.handleReadRequest(OzoneManagerRequestHandler.java:224) ~[ozone-manager-1.3.0-SNAPSHOT.jar:?]
	at org.apache.hadoop.ozone.protocolPB.OzoneManagerProtocolServerSideTranslatorPB.submitRequestDirectlyToOM(OzoneManagerProtocolServerSideTranslatorPB.java:276) ~[ozone-manager-1.3.0-SNAPSHOT.jar:?]
	at org.apache.hadoop.ozone.protocolPB.OzoneManagerProtocolServerSideTranslatorPB.processRequest(OzoneManagerProtocolServerSideTranslatorPB.java:205) ~[ozone-manager-1.3.0-SNAPSHOT.jar:?]
	at org.apache.hadoop.hdds.server.OzoneProtocolMessageDispatcher.processRequest(OzoneProtocolMessageDispatcher.java:87) [hdds-server-framework-1.3.0-SNAPSHOT.jar:?]
	at org.apache.hadoop.ozone.protocolPB.OzoneManagerProtocolServerSideTranslatorPB.submitRequest(OzoneManagerProtocolServerSideTranslatorPB.java:147) [ozone-manager-1.3.0-SNAPSHOT.jar:?]
	at org.apache.hadoop.ozone.protocol.proto.OzoneManagerProtocolProtos$OzoneManagerService$2.callBlockingMethod(OzoneManagerProtocolProtos.java) [ozone-interface-client-1.3.0-SNAPSHOT.jar:?]
	at org.apache.hadoop.ipc.ProtobufRpcEngine$Server.processCall(ProtobufRpcEngine.java:466) [hadoop-common-3.3.1.jar:?]
	at org.apache.hadoop.ipc.ProtobufRpcEngine2$Server$ProtoBufRpcInvoker.call(ProtobufRpcEngine2.java:574) [hadoop-common-3.3.1.jar:?]
	at org.apache.hadoop.ipc.ProtobufRpcEngine2$Server$ProtoBufRpcInvoker.call(ProtobufRpcEngine2.java:552) [hadoop-common-3.3.1.jar:?]
	at org.apache.hadoop.ipc.RPC$Server.call(RPC.java:1093) [hadoop-common-3.3.1.jar:?]
	at org.apache.hadoop.ipc.Server$RpcCall.run(Server.java:1035) [hadoop-common-3.3.1.jar:?]
	at org.apache.hadoop.ipc.Server$RpcCall.run(Server.java:963) [hadoop-common-3.3.1.jar:?]
	at java.security.AccessController.doPrivileged(Native Method) ~[?:1.8.0_332]
	at javax.security.auth.Subject.doAs(Subject.java:422) [?:1.8.0_332]
	at org.apache.hadoop.security.UserGroupInformation.doAs(UserGroupInformation.java:1878) [hadoop-common-3.3.1.jar:?]
	at org.apache.hadoop.ipc.Server$Handler.run(Server.java:2966) [hadoop-common-3.3.1.jar:?]
01:56:29.841 [IPC Server handler 2 on default port 44107] ERROR OMAudit - user=runner | ip=127.0.0.1 | op=GET_FILE_STATUS {volume=volume07240, bucket=bucket34393, key=level0/level1/file1, dataSize=0, replicationConfig=null} | ret=FAILURE
org.apache.hadoop.ozone.om.exceptions.OMException: Unable to get file status: volume: volume07240 bucket: bucket34393 key: level0/level1/file1
	at org.apache.hadoop.ozone.om.KeyManagerImpl.getOzoneFileStatus(KeyManagerImpl.java:1311) ~[ozone-manager-1.3.0-SNAPSHOT.jar:?]
	at org.apache.hadoop.ozone.om.KeyManagerImpl.getFileStatus(KeyManagerImpl.java:1241) ~[ozone-manager-1.3.0-SNAPSHOT.jar:?]
	at org.apache.hadoop.ozone.om.OzoneManager.getFileStatus(OzoneManager.java:3467) ~[ozone-manager-1.3.0-SNAPSHOT.jar:?]
	at org.apache.hadoop.ozone.protocolPB.OzoneManagerRequestHandler.getOzoneFileStatus(OzoneManagerRequestHandler.java:878) ~[ozone-manager-1.3.0-SNAPSHOT.jar:?]
	at org.apache.hadoop.ozone.protocolPB.OzoneManagerRequestHandler.handleReadRequest(OzoneManagerRequestHandler.java:224) ~[ozone-manager-1.3.0-SNAPSHOT.jar:?]
	at org.apache.hadoop.ozone.protocolPB.OzoneManagerProtocolServerSideTranslatorPB.submitRequestDirectlyToOM(OzoneManagerProtocolServerSideTranslatorPB.java:276) ~[ozone-manager-1.3.0-SNAPSHOT.jar:?]
	at org.apache.hadoop.ozone.protocolPB.OzoneManagerProtocolServerSideTranslatorPB.processRequest(OzoneManagerProtocolServerSideTranslatorPB.java:205) ~[ozone-manager-1.3.0-SNAPSHOT.jar:?]
	at org.apache.hadoop.hdds.server.OzoneProtocolMessageDispatcher.processRequest(OzoneProtocolMessageDispatcher.java:87) [hdds-server-framework-1.3.0-SNAPSHOT.jar:?]
	at org.apache.hadoop.ozone.protocolPB.OzoneManagerProtocolServerSideTranslatorPB.submitRequest(OzoneManagerProtocolServerSideTranslatorPB.java:147) [ozone-manager-1.3.0-SNAPSHOT.jar:?]
	at org.apache.hadoop.ozone.protocol.proto.OzoneManagerProtocolProtos$OzoneManagerService$2.callBlockingMethod(OzoneManagerProtocolProtos.java) [ozone-interface-client-1.3.0-SNAPSHOT.jar:?]
	at org.apache.hadoop.ipc.ProtobufRpcEngine$Server.processCall(ProtobufRpcEngine.java:466) [hadoop-common-3.3.1.jar:?]
	at org.apache.hadoop.ipc.ProtobufRpcEngine2$Server$ProtoBufRpcInvoker.call(ProtobufRpcEngine2.java:574) [hadoop-common-3.3.1.jar:?]
	at org.apache.hadoop.ipc.ProtobufRpcEngine2$Server$ProtoBufRpcInvoker.call(ProtobufRpcEngine2.java:552) [hadoop-common-3.3.1.jar:?]
	at org.apache.hadoop.ipc.RPC$Server.call(RPC.java:1093) [hadoop-common-3.3.1.jar:?]
	at org.apache.hadoop.ipc.Server$RpcCall.run(Server.java:1035) [hadoop-common-3.3.1.jar:?]
	at org.apache.hadoop.ipc.Server$RpcCall.run(Server.java:963) [hadoop-common-3.3.1.jar:?]
	at java.security.AccessController.doPrivileged(Native Method) ~[?:1.8.0_332]
	at javax.security.auth.Subject.doAs(Subject.java:422) [?:1.8.0_332]
	at org.apache.hadoop.security.UserGroupInformation.doAs(UserGroupInformation.java:1878) [hadoop-common-3.3.1.jar:?]
	at org.apache.hadoop.ipc.Server$Handler.run(Server.java:2966) [hadoop-common-3.3.1.jar:?]
01:56:29.842 [IPC Server handler 10 on default port 44107] ERROR OMAudit - user=runner | ip=127.0.0.1 | op=GET_FILE_STATUS {volume=volume07240, bucket=bucket34393, key=level0/level1/level1/file1, dataSize=0, replicationConfig=null} | ret=FAILURE
org.apache.hadoop.ozone.om.exceptions.OMException: Unable to get file status: volume: volume07240 bucket: bucket34393 key: level0/level1/level1/file1
	at org.apache.hadoop.ozone.om.KeyManagerImpl.getOzoneFileStatus(KeyManagerImpl.java:1311) ~[ozone-manager-1.3.0-SNAPSHOT.jar:?]
	at org.apache.hadoop.ozone.om.KeyManagerImpl.getFileStatus(KeyManagerImpl.java:1241) ~[ozone-manager-1.3.0-SNAPSHOT.jar:?]
	at org.apache.hadoop.ozone.om.OzoneManager.getFileStatus(OzoneManager.java:3467) ~[ozone-manager-1.3.0-SNAPSHOT.jar:?]
	at org.apache.hadoop.ozone.protocolPB.OzoneManagerRequestHandler.getOzoneFileStatus(OzoneManagerRequestHandler.java:878) ~[ozone-manager-1.3.0-SNAPSHOT.jar:?]
	at org.apache.hadoop.ozone.protocolPB.OzoneManagerRequestHandler.handleReadRequest(OzoneManagerRequestHandler.java:224) ~[ozone-manager-1.3.0-SNAPSHOT.jar:?]
	at org.apache.hadoop.ozone.protocolPB.OzoneManagerProtocolServerSideTranslatorPB.submitRequestDirectlyToOM(OzoneManagerProtocolServerSideTranslatorPB.java:276) ~[ozone-manager-1.3.0-SNAPSHOT.jar:?]
	at org.apache.hadoop.ozone.protocolPB.OzoneManagerProtocolServerSideTranslatorPB.processRequest(OzoneManagerProtocolServerSideTranslatorPB.java:205) ~[ozone-manager-1.3.0-SNAPSHOT.jar:?]
	at org.apache.hadoop.hdds.server.OzoneProtocolMessageDispatcher.processRequest(OzoneProtocolMessageDispatcher.java:87) [hdds-server-framework-1.3.0-SNAPSHOT.jar:?]
	at org.apache.hadoop.ozone.protocolPB.OzoneManagerProtocolServerSideTranslatorPB.submitRequest(OzoneManagerProtocolServerSideTranslatorPB.java:147) [ozone-manager-1.3.0-SNAPSHOT.jar:?]
	at org.apache.hadoop.ozone.protocol.proto.OzoneManagerProtocolProtos$OzoneManagerService$2.callBlockingMethod(OzoneManagerProtocolProtos.java) [ozone-interface-client-1.3.0-SNAPSHOT.jar:?]
	at org.apache.hadoop.ipc.ProtobufRpcEngine$Server.processCall(ProtobufRpcEngine.java:466) [hadoop-common-3.3.1.jar:?]
	at org.apache.hadoop.ipc.ProtobufRpcEngine2$Server$ProtoBufRpcInvoker.call(ProtobufRpcEngine2.java:574) [hadoop-common-3.3.1.jar:?]
	at org.apache.hadoop.ipc.ProtobufRpcEngine2$Server$ProtoBufRpcInvoker.call(ProtobufRpcEngine2.java:552) [hadoop-common-3.3.1.jar:?]
	at org.apache.hadoop.ipc.RPC$Server.call(RPC.java:1093) [hadoop-common-3.3.1.jar:?]
	at org.apache.hadoop.ipc.Server$RpcCall.run(Server.java:1035) [hadoop-common-3.3.1.jar:?]
	at org.apache.hadoop.ipc.Server$RpcCall.run(Server.java:963) [hadoop-common-3.3.1.jar:?]
	at java.security.AccessController.doPrivileged(Native Method) ~[?:1.8.0_332]
	at javax.security.auth.Subject.doAs(Subject.java:422) [?:1.8.0_332]
	at org.apache.hadoop.security.UserGroupInformation.doAs(UserGroupInformation.java:1878) [hadoop-common-3.3.1.jar:?]
	at org.apache.hadoop.ipc.Server$Handler.run(Server.java:2966) [hadoop-common-3.3.1.jar:?]
01:56:29.843 [IPC Server handler 12 on default port 44107] ERROR OMAudit - user=runner | ip=127.0.0.1 | op=GET_FILE_STATUS {volume=volume07240, bucket=bucket34393, key=level0/level2, dataSize=0, replicationConfig=null} | ret=FAILURE
org.apache.hadoop.ozone.om.exceptions.OMException: Unable to get file status: volume: volume07240 bucket: bucket34393 key: level0/level2
	at org.apache.hadoop.ozone.om.KeyManagerImpl.getOzoneFileStatus(KeyManagerImpl.java:1311) ~[ozone-manager-1.3.0-SNAPSHOT.jar:?]
	at org.apache.hadoop.ozone.om.KeyManagerImpl.getFileStatus(KeyManagerImpl.java:1241) ~[ozone-manager-1.3.0-SNAPSHOT.jar:?]
	at org.apache.hadoop.ozone.om.OzoneManager.getFileStatus(OzoneManager.java:3467) ~[ozone-manager-1.3.0-SNAPSHOT.jar:?]
	at org.apache.hadoop.ozone.protocolPB.OzoneManagerRequestHandler.getOzoneFileStatus(OzoneManagerRequestHandler.java:878) ~[ozone-manager-1.3.0-SNAPSHOT.jar:?]
	at org.apache.hadoop.ozone.protocolPB.OzoneManagerRequestHandler.handleReadRequest(OzoneManagerRequestHandler.java:224) ~[ozone-manager-1.3.0-SNAPSHOT.jar:?]
	at org.apache.hadoop.ozone.protocolPB.OzoneManagerProtocolServerSideTranslatorPB.submitRequestDirectlyToOM(OzoneManagerProtocolServerSideTranslatorPB.java:276) ~[ozone-manager-1.3.0-SNAPSHOT.jar:?]
	at org.apache.hadoop.ozone.protocolPB.OzoneManagerProtocolServerSideTranslatorPB.processRequest(OzoneManagerProtocolServerSideTranslatorPB.java:205) ~[ozone-manager-1.3.0-SNAPSHOT.jar:?]
	at org.apache.hadoop.hdds.server.OzoneProtocolMessageDispatcher.processRequest(OzoneProtocolMessageDispatcher.java:87) [hdds-server-framework-1.3.0-SNAPSHOT.jar:?]
	at org.apache.hadoop.ozone.protocolPB.OzoneManagerProtocolServerSideTranslatorPB.submitRequest(OzoneManagerProtocolServerSideTranslatorPB.java:147) [ozone-manager-1.3.0-SNAPSHOT.jar:?]
	at org.apache.hadoop.ozone.protocol.proto.OzoneManagerProtocolProtos$OzoneManagerService$2.callBlockingMethod(OzoneManagerProtocolProtos.java) [ozone-interface-client-1.3.0-SNAPSHOT.jar:?]
	at org.apache.hadoop.ipc.ProtobufRpcEngine$Server.processCall(ProtobufRpcEngine.java:466) [hadoop-common-3.3.1.jar:?]
	at org.apache.hadoop.ipc.ProtobufRpcEngine2$Server$ProtoBufRpcInvoker.call(ProtobufRpcEngine2.java:574) [hadoop-common-3.3.1.jar:?]
	at org.apache.hadoop.ipc.ProtobufRpcEngine2$Server$ProtoBufRpcInvoker.call(ProtobufRpcEngine2.java:552) [hadoop-common-3.3.1.jar:?]
	at org.apache.hadoop.ipc.RPC$Server.call(RPC.java:1093) [hadoop-common-3.3.1.jar:?]
	at org.apache.hadoop.ipc.Server$RpcCall.run(Server.java:1035) [hadoop-common-3.3.1.jar:?]
	at org.apache.hadoop.ipc.Server$RpcCall.run(Server.java:963) [hadoop-common-3.3.1.jar:?]
	at java.security.AccessController.doPrivileged(Native Method) ~[?:1.8.0_332]
	at javax.security.auth.Subject.doAs(Subject.java:422) [?:1.8.0_332]
	at org.apache.hadoop.security.UserGroupInformation.doAs(UserGroupInformation.java:1878) [hadoop-common-3.3.1.jar:?]
	at org.apache.hadoop.ipc.Server$Handler.run(Server.java:2966) [hadoop-common-3.3.1.jar:?]
01:56:29.843 [IPC Server handler 5 on default port 44107] ERROR OMAudit - user=runner | ip=127.0.0.1 | op=GET_FILE_STATUS {volume=volume07240, bucket=bucket34393, key=level0/level2/level2, dataSize=0, replicationConfig=null} | ret=FAILURE
org.apache.hadoop.ozone.om.exceptions.OMException: Unable to get file status: volume: volume07240 bucket: bucket34393 key: level0/level2/level2
	at org.apache.hadoop.ozone.om.KeyManagerImpl.getOzoneFileStatus(KeyManagerImpl.java:1311) ~[ozone-manager-1.3.0-SNAPSHOT.jar:?]
	at org.apache.hadoop.ozone.om.KeyManagerImpl.getFileStatus(KeyManagerImpl.java:1241) ~[ozone-manager-1.3.0-SNAPSHOT.jar:?]
	at org.apache.hadoop.ozone.om.OzoneManager.getFileStatus(OzoneManager.java:3467) ~[ozone-manager-1.3.0-SNAPSHOT.jar:?]
	at org.apache.hadoop.ozone.protocolPB.OzoneManagerRequestHandler.getOzoneFileStatus(OzoneManagerRequestHandler.java:878) ~[ozone-manager-1.3.0-SNAPSHOT.jar:?]
	at org.apache.hadoop.ozone.protocolPB.OzoneManagerRequestHandler.handleReadRequest(OzoneManagerRequestHandler.java:224) ~[ozone-manager-1.3.0-SNAPSHOT.jar:?]
	at org.apache.hadoop.ozone.protocolPB.OzoneManagerProtocolServerSideTranslatorPB.submitRequestDirectlyToOM(OzoneManagerProtocolServerSideTranslatorPB.java:276) ~[ozone-manager-1.3.0-SNAPSHOT.jar:?]
	at org.apache.hadoop.ozone.protocolPB.OzoneManagerProtocolServerSideTranslatorPB.processRequest(OzoneManagerProtocolServerSideTranslatorPB.java:205) ~[ozone-manager-1.3.0-SNAPSHOT.jar:?]
	at org.apache.hadoop.hdds.server.OzoneProtocolMessageDispatcher.processRequest(OzoneProtocolMessageDispatcher.java:87) [hdds-server-framework-1.3.0-SNAPSHOT.jar:?]
	at org.apache.hadoop.ozone.protocolPB.OzoneManagerProtocolServerSideTranslatorPB.submitRequest(OzoneManagerProtocolServerSideTranslatorPB.java:147) [ozone-manager-1.3.0-SNAPSHOT.jar:?]
	at org.apache.hadoop.ozone.protocol.proto.OzoneManagerProtocolProtos$OzoneManagerService$2.callBlockingMethod(OzoneManagerProtocolProtos.java) [ozone-interface-client-1.3.0-SNAPSHOT.jar:?]
	at org.apache.hadoop.ipc.ProtobufRpcEngine$Server.processCall(ProtobufRpcEngine.java:466) [hadoop-common-3.3.1.jar:?]
	at org.apache.hadoop.ipc.ProtobufRpcEngine2$Server$ProtoBufRpcInvoker.call(ProtobufRpcEngine2.java:574) [hadoop-common-3.3.1.jar:?]
	at org.apache.hadoop.ipc.ProtobufRpcEngine2$Server$ProtoBufRpcInvoker.call(ProtobufRpcEngine2.java:552) [hadoop-common-3.3.1.jar:?]
	at org.apache.hadoop.ipc.RPC$Server.call(RPC.java:1093) [hadoop-common-3.3.1.jar:?]
	at org.apache.hadoop.ipc.Server$RpcCall.run(Server.java:1035) [hadoop-common-3.3.1.jar:?]
	at org.apache.hadoop.ipc.Server$RpcCall.run(Server.java:963) [hadoop-common-3.3.1.jar:?]
	at java.security.AccessController.doPrivileged(Native Method) ~[?:1.8.0_332]
	at javax.security.auth.Subject.doAs(Subject.java:422) [?:1.8.0_332]
	at org.apache.hadoop.security.UserGroupInformation.doAs(UserGroupInformation.java:1878) [hadoop-common-3.3.1.jar:?]
	at org.apache.hadoop.ipc.Server$Handler.run(Server.java:2966) [hadoop-common-3.3.1.jar:?]
01:56:29.844 [IPC Server handler 11 on default port 44107] ERROR OMAudit - user=runner | ip=127.0.0.1 | op=GET_FILE_STATUS {volume=volume07240, bucket=bucket34393, key=level0/level2/file1, dataSize=0, replicationConfig=null} | ret=FAILURE
org.apache.hadoop.ozone.om.exceptions.OMException: Unable to get file status: volume: volume07240 bucket: bucket34393 key: level0/level2/file1
	at org.apache.hadoop.ozone.om.KeyManagerImpl.getOzoneFileStatus(KeyManagerImpl.java:1311) ~[ozone-manager-1.3.0-SNAPSHOT.jar:?]
	at org.apache.hadoop.ozone.om.KeyManagerImpl.getFileStatus(KeyManagerImpl.java:1241) ~[ozone-manager-1.3.0-SNAPSHOT.jar:?]
	at org.apache.hadoop.ozone.om.OzoneManager.getFileStatus(OzoneManager.java:3467) ~[ozone-manager-1.3.0-SNAPSHOT.jar:?]
	at org.apache.hadoop.ozone.protocolPB.OzoneManagerRequestHandler.getOzoneFileStatus(OzoneManagerRequestHandler.java:878) ~[ozone-manager-1.3.0-SNAPSHOT.jar:?]
	at org.apache.hadoop.ozone.protocolPB.OzoneManagerRequestHandler.handleReadRequest(OzoneManagerRequestHandler.java:224) ~[ozone-manager-1.3.0-SNAPSHOT.jar:?]
	at org.apache.hadoop.ozone.protocolPB.OzoneManagerProtocolServerSideTranslatorPB.submitRequestDirectlyToOM(OzoneManagerProtocolServerSideTranslatorPB.java:276) ~[ozone-manager-1.3.0-SNAPSHOT.jar:?]
	at org.apache.hadoop.ozone.protocolPB.OzoneManagerProtocolServerSideTranslatorPB.processRequest(OzoneManagerProtocolServerSideTranslatorPB.java:205) ~[ozone-manager-1.3.0-SNAPSHOT.jar:?]
	at org.apache.hadoop.hdds.server.OzoneProtocolMessageDispatcher.processRequest(OzoneProtocolMessageDispatcher.java:87) [hdds-server-framework-1.3.0-SNAPSHOT.jar:?]
	at org.apache.hadoop.ozone.protocolPB.OzoneManagerProtocolServerSideTranslatorPB.submitRequest(OzoneManagerProtocolServerSideTranslatorPB.java:147) [ozone-manager-1.3.0-SNAPSHOT.jar:?]
	at org.apache.hadoop.ozone.protocol.proto.OzoneManagerProtocolProtos$OzoneManagerService$2.callBlockingMethod(OzoneManagerProtocolProtos.java) [ozone-interface-client-1.3.0-SNAPSHOT.jar:?]
	at org.apache.hadoop.ipc.ProtobufRpcEngine$Server.processCall(ProtobufRpcEngine.java:466) [hadoop-common-3.3.1.jar:?]
	at org.apache.hadoop.ipc.ProtobufRpcEngine2$Server$ProtoBufRpcInvoker.call(ProtobufRpcEngine2.java:574) [hadoop-common-3.3.1.jar:?]
	at org.apache.hadoop.ipc.ProtobufRpcEngine2$Server$ProtoBufRpcInvoker.call(ProtobufRpcEngine2.java:552) [hadoop-common-3.3.1.jar:?]
	at org.apache.hadoop.ipc.RPC$Server.call(RPC.java:1093) [hadoop-common-3.3.1.jar:?]
	at org.apache.hadoop.ipc.Server$RpcCall.run(Server.java:1035) [hadoop-common-3.3.1.jar:?]
	at org.apache.hadoop.ipc.Server$RpcCall.run(Server.java:963) [hadoop-common-3.3.1.jar:?]
	at java.security.AccessController.doPrivileged(Native Method) ~[?:1.8.0_332]
	at javax.security.auth.Subject.doAs(Subject.java:422) [?:1.8.0_332]
	at org.apache.hadoop.security.UserGroupInformation.doAs(UserGroupInformation.java:1878) [hadoop-common-3.3.1.jar:?]
	at org.apache.hadoop.ipc.Server$Handler.run(Server.java:2966) [hadoop-common-3.3.1.jar:?]
01:56:29.845 [IPC Server handler 13 on default port 44107] ERROR OMAudit - user=runner | ip=127.0.0.1 | op=GET_FILE_STATUS {volume=volume07240, bucket=bucket34393, key=level0/level2/level2/file1, dataSize=0, replicationConfig=null} | ret=FAILURE
org.apache.hadoop.ozone.om.exceptions.OMException: Unable to get file status: volume: volume07240 bucket: bucket34393 key: level0/level2/level2/file1
	at org.apache.hadoop.ozone.om.KeyManagerImpl.getOzoneFileStatus(KeyManagerImpl.java:1311) ~[ozone-manager-1.3.0-SNAPSHOT.jar:?]
	at org.apache.hadoop.ozone.om.KeyManagerImpl.getFileStatus(KeyManagerImpl.java:1241) ~[ozone-manager-1.3.0-SNAPSHOT.jar:?]
	at org.apache.hadoop.ozone.om.OzoneManager.getFileStatus(OzoneManager.java:3467) ~[ozone-manager-1.3.0-SNAPSHOT.jar:?]
	at org.apache.hadoop.ozone.protocolPB.OzoneManagerRequestHandler.getOzoneFileStatus(OzoneManagerRequestHandler.java:878) ~[ozone-manager-1.3.0-SNAPSHOT.jar:?]
	at org.apache.hadoop.ozone.protocolPB.OzoneManagerRequestHandler.handleReadRequest(OzoneManagerRequestHandler.java:224) ~[ozone-manager-1.3.0-SNAPSHOT.jar:?]
	at org.apache.hadoop.ozone.protocolPB.OzoneManagerProtocolServerSideTranslatorPB.submitRequestDirectlyToOM(OzoneManagerProtocolServerSideTranslatorPB.java:276) ~[ozone-manager-1.3.0-SNAPSHOT.jar:?]
	at org.apache.hadoop.ozone.protocolPB.OzoneManagerProtocolServerSideTranslatorPB.processRequest(OzoneManagerProtocolServerSideTranslatorPB.java:205) ~[ozone-manager-1.3.0-SNAPSHOT.jar:?]
	at org.apache.hadoop.hdds.server.OzoneProtocolMessageDispatcher.processRequest(OzoneProtocolMessageDispatcher.java:87) [hdds-server-framework-1.3.0-SNAPSHOT.jar:?]
	at org.apache.hadoop.ozone.protocolPB.OzoneManagerProtocolServerSideTranslatorPB.submitRequest(OzoneManagerProtocolServerSideTranslatorPB.java:147) [ozone-manager-1.3.0-SNAPSHOT.jar:?]
	at org.apache.hadoop.ozone.protocol.proto.OzoneManagerProtocolProtos$OzoneManagerService$2.callBlockingMethod(OzoneManagerProtocolProtos.java) [ozone-interface-client-1.3.0-SNAPSHOT.jar:?]
	at org.apache.hadoop.ipc.ProtobufRpcEngine$Server.processCall(ProtobufRpcEngine.java:466) [hadoop-common-3.3.1.jar:?]
	at org.apache.hadoop.ipc.ProtobufRpcEngine2$Server$ProtoBufRpcInvoker.call(ProtobufRpcEngine2.java:574) [hadoop-common-3.3.1.jar:?]
	at org.apache.hadoop.ipc.ProtobufRpcEngine2$Server$ProtoBufRpcInvoker.call(ProtobufRpcEngine2.java:552) [hadoop-common-3.3.1.jar:?]
	at org.apache.hadoop.ipc.RPC$Server.call(RPC.java:1093) [hadoop-common-3.3.1.jar:?]
	at org.apache.hadoop.ipc.Server$RpcCall.run(Server.java:1035) [hadoop-common-3.3.1.jar:?]
	at org.apache.hadoop.ipc.Server$RpcCall.run(Server.java:963) [hadoop-common-3.3.1.jar:?]
	at java.security.AccessController.doPrivileged(Native Method) ~[?:1.8.0_332]
	at javax.security.auth.Subject.doAs(Subject.java:422) [?:1.8.0_332]
	at org.apache.hadoop.security.UserGroupInformation.doAs(UserGroupInformation.java:1878) [hadoop-common-3.3.1.jar:?]
	at org.apache.hadoop.ipc.Server$Handler.run(Server.java:2966) [hadoop-common-3.3.1.jar:?]
01:56:29.846 [IPC Server handler 4 on default port 44107] ERROR OMAudit - user=runner | ip=127.0.0.1 | op=GET_FILE_STATUS {volume=volume07240, bucket=bucket34393, key=level0/level3, dataSize=0, replicationConfig=null} | ret=FAILURE
org.apache.hadoop.ozone.om.exceptions.OMException: Unable to get file status: volume: volume07240 bucket: bucket34393 key: level0/level3
	at org.apache.hadoop.ozone.om.KeyManagerImpl.getOzoneFileStatus(KeyManagerImpl.java:1311) ~[ozone-manager-1.3.0-SNAPSHOT.jar:?]
	at org.apache.hadoop.ozone.om.KeyManagerImpl.getFileStatus(KeyManagerImpl.java:1241) ~[ozone-manager-1.3.0-SNAPSHOT.jar:?]
	at org.apache.hadoop.ozone.om.OzoneManager.getFileStatus(OzoneManager.java:3467) ~[ozone-manager-1.3.0-SNAPSHOT.jar:?]
	at org.apache.hadoop.ozone.protocolPB.OzoneManagerRequestHandler.getOzoneFileStatus(OzoneManagerRequestHandler.java:878) ~[ozone-manager-1.3.0-SNAPSHOT.jar:?]
	at org.apache.hadoop.ozone.protocolPB.OzoneManagerRequestHandler.handleReadRequest(OzoneManagerRequestHandler.java:224) ~[ozone-manager-1.3.0-SNAPSHOT.jar:?]
	at org.apache.hadoop.ozone.protocolPB.OzoneManagerProtocolServerSideTranslatorPB.submitRequestDirectlyToOM(OzoneManagerProtocolServerSideTranslatorPB.java:276) ~[ozone-manager-1.3.0-SNAPSHOT.jar:?]
	at org.apache.hadoop.ozone.protocolPB.OzoneManagerProtocolServerSideTranslatorPB.processRequest(OzoneManagerProtocolServerSideTranslatorPB.java:205) ~[ozone-manager-1.3.0-SNAPSHOT.jar:?]
	at org.apache.hadoop.hdds.server.OzoneProtocolMessageDispatcher.processRequest(OzoneProtocolMessageDispatcher.java:87) [hdds-server-framework-1.3.0-SNAPSHOT.jar:?]
	at org.apache.hadoop.ozone.protocolPB.OzoneManagerProtocolServerSideTranslatorPB.submitRequest(OzoneManagerProtocolServerSideTranslatorPB.java:147) [ozone-manager-1.3.0-SNAPSHOT.jar:?]
	at org.apache.hadoop.ozone.protocol.proto.OzoneManagerProtocolProtos$OzoneManagerService$2.callBlockingMethod(OzoneManagerProtocolProtos.java) [ozone-interface-client-1.3.0-SNAPSHOT.jar:?]
	at org.apache.hadoop.ipc.ProtobufRpcEngine$Server.processCall(ProtobufRpcEngine.java:466) [hadoop-common-3.3.1.jar:?]
	at org.apache.hadoop.ipc.ProtobufRpcEngine2$Server$ProtoBufRpcInvoker.call(ProtobufRpcEngine2.java:574) [hadoop-common-3.3.1.jar:?]
	at org.apache.hadoop.ipc.ProtobufRpcEngine2$Server$ProtoBufRpcInvoker.call(ProtobufRpcEngine2.java:552) [hadoop-common-3.3.1.jar:?]
	at org.apache.hadoop.ipc.RPC$Server.call(RPC.java:1093) [hadoop-common-3.3.1.jar:?]
	at org.apache.hadoop.ipc.Server$RpcCall.run(Server.java:1035) [hadoop-common-3.3.1.jar:?]
	at org.apache.hadoop.ipc.Server$RpcCall.run(Server.java:963) [hadoop-common-3.3.1.jar:?]
	at java.security.AccessController.doPrivileged(Native Method) ~[?:1.8.0_332]
	at javax.security.auth.Subject.doAs(Subject.java:422) [?:1.8.0_332]
	at org.apache.hadoop.security.UserGroupInformation.doAs(UserGroupInformation.java:1878) [hadoop-common-3.3.1.jar:?]
	at org.apache.hadoop.ipc.Server$Handler.run(Server.java:2966) [hadoop-common-3.3.1.jar:?]
01:56:29.846 [IPC Server handler 14 on default port 44107] ERROR OMAudit - user=runner | ip=127.0.0.1 | op=GET_FILE_STATUS {volume=volume07240, bucket=bucket34393, key=level0/level3/level3, dataSize=0, replicationConfig=null} | ret=FAILURE
org.apache.hadoop.ozone.om.exceptions.OMException: Unable to get file status: volume: volume07240 bucket: bucket34393 key: level0/level3/level3
	at org.apache.hadoop.ozone.om.KeyManagerImpl.getOzoneFileStatus(KeyManagerImpl.java:1311) ~[ozone-manager-1.3.0-SNAPSHOT.jar:?]
	at org.apache.hadoop.ozone.om.KeyManagerImpl.getFileStatus(KeyManagerImpl.java:1241) ~[ozone-manager-1.3.0-SNAPSHOT.jar:?]
	at org.apache.hadoop.ozone.om.OzoneManager.getFileStatus(OzoneManager.java:3467) ~[ozone-manager-1.3.0-SNAPSHOT.jar:?]
	at org.apache.hadoop.ozone.protocolPB.OzoneManagerRequestHandler.getOzoneFileStatus(OzoneManagerRequestHandler.java:878) ~[ozone-manager-1.3.0-SNAPSHOT.jar:?]
	at org.apache.hadoop.ozone.protocolPB.OzoneManagerRequestHandler.handleReadRequest(OzoneManagerRequestHandler.java:224) ~[ozone-manager-1.3.0-SNAPSHOT.jar:?]
	at org.apache.hadoop.ozone.protocolPB.OzoneManagerProtocolServerSideTranslatorPB.submitRequestDirectlyToOM(OzoneManagerProtocolServerSideTranslatorPB.java:276) ~[ozone-manager-1.3.0-SNAPSHOT.jar:?]
	at org.apache.hadoop.ozone.protocolPB.OzoneManagerProtocolServerSideTranslatorPB.processRequest(OzoneManagerProtocolServerSideTranslatorPB.java:205) ~[ozone-manager-1.3.0-SNAPSHOT.jar:?]
	at org.apache.hadoop.hdds.server.OzoneProtocolMessageDispatcher.processRequest(OzoneProtocolMessageDispatcher.java:87) [hdds-server-framework-1.3.0-SNAPSHOT.jar:?]
	at org.apache.hadoop.ozone.protocolPB.OzoneManagerProtocolServerSideTranslatorPB.submitRequest(OzoneManagerProtocolServerSideTranslatorPB.java:147) [ozone-manager-1.3.0-SNAPSHOT.jar:?]
	at org.apache.hadoop.ozone.protocol.proto.OzoneManagerProtocolProtos$OzoneManagerService$2.callBlockingMethod(OzoneManagerProtocolProtos.java) [ozone-interface-client-1.3.0-SNAPSHOT.jar:?]
	at org.apache.hadoop.ipc.ProtobufRpcEngine$Server.processCall(ProtobufRpcEngine.java:466) [hadoop-common-3.3.1.jar:?]
	at org.apache.hadoop.ipc.ProtobufRpcEngine2$Server$ProtoBufRpcInvoker.call(ProtobufRpcEngine2.java:574) [hadoop-common-3.3.1.jar:?]
	at org.apache.hadoop.ipc.ProtobufRpcEngine2$Server$ProtoBufRpcInvoker.call(ProtobufRpcEngine2.java:552) [hadoop-common-3.3.1.jar:?]
	at org.apache.hadoop.ipc.RPC$Server.call(RPC.java:1093) [hadoop-common-3.3.1.jar:?]
	at org.apache.hadoop.ipc.Server$RpcCall.run(Server.java:1035) [hadoop-common-3.3.1.jar:?]
	at org.apache.hadoop.ipc.Server$RpcCall.run(Server.java:963) [hadoop-common-3.3.1.jar:?]
	at java.security.AccessController.doPrivileged(Native Method) ~[?:1.8.0_332]
	at javax.security.auth.Subject.doAs(Subject.java:422) [?:1.8.0_332]
	at org.apache.hadoop.security.UserGroupInformation.doAs(UserGroupInformation.java:1878) [hadoop-common-3.3.1.jar:?]
	at org.apache.hadoop.ipc.Server$Handler.run(Server.java:2966) [hadoop-common-3.3.1.jar:?]
01:56:29.847 [IPC Server handler 16 on default port 44107] ERROR OMAudit - user=runner | ip=127.0.0.1 | op=GET_FILE_STATUS {volume=volume07240, bucket=bucket34393, key=level0/level3/file1, dataSize=0, replicationConfig=null} | ret=FAILURE
org.apache.hadoop.ozone.om.exceptions.OMException: Unable to get file status: volume: volume07240 bucket: bucket34393 key: level0/level3/file1
	at org.apache.hadoop.ozone.om.KeyManagerImpl.getOzoneFileStatus(KeyManagerImpl.java:1311) ~[ozone-manager-1.3.0-SNAPSHOT.jar:?]
	at org.apache.hadoop.ozone.om.KeyManagerImpl.getFileStatus(KeyManagerImpl.java:1241) ~[ozone-manager-1.3.0-SNAPSHOT.jar:?]
	at org.apache.hadoop.ozone.om.OzoneManager.getFileStatus(OzoneManager.java:3467) ~[ozone-manager-1.3.0-SNAPSHOT.jar:?]
	at org.apache.hadoop.ozone.protocolPB.OzoneManagerRequestHandler.getOzoneFileStatus(OzoneManagerRequestHandler.java:878) ~[ozone-manager-1.3.0-SNAPSHOT.jar:?]
	at org.apache.hadoop.ozone.protocolPB.OzoneManagerRequestHandler.handleReadRequest(OzoneManagerRequestHandler.java:224) ~[ozone-manager-1.3.0-SNAPSHOT.jar:?]
	at org.apache.hadoop.ozone.protocolPB.OzoneManagerProtocolServerSideTranslatorPB.submitRequestDirectlyToOM(OzoneManagerProtocolServerSideTranslatorPB.java:276) ~[ozone-manager-1.3.0-SNAPSHOT.jar:?]
	at org.apache.hadoop.ozone.protocolPB.OzoneManagerProtocolServerSideTranslatorPB.processRequest(OzoneManagerProtocolServerSideTranslatorPB.java:205) ~[ozone-manager-1.3.0-SNAPSHOT.jar:?]
	at org.apache.hadoop.hdds.server.OzoneProtocolMessageDispatcher.processRequest(OzoneProtocolMessageDispatcher.java:87) [hdds-server-framework-1.3.0-SNAPSHOT.jar:?]
	at org.apache.hadoop.ozone.protocolPB.OzoneManagerProtocolServerSideTranslatorPB.submitRequest(OzoneManagerProtocolServerSideTranslatorPB.java:147) [ozone-manager-1.3.0-SNAPSHOT.jar:?]
	at org.apache.hadoop.ozone.protocol.proto.OzoneManagerProtocolProtos$OzoneManagerService$2.callBlockingMethod(OzoneManagerProtocolProtos.java) [ozone-interface-client-1.3.0-SNAPSHOT.jar:?]
	at org.apache.hadoop.ipc.ProtobufRpcEngine$Server.processCall(ProtobufRpcEngine.java:466) [hadoop-common-3.3.1.jar:?]
	at org.apache.hadoop.ipc.ProtobufRpcEngine2$Server$ProtoBufRpcInvoker.call(ProtobufRpcEngine2.java:574) [hadoop-common-3.3.1.jar:?]
	at org.apache.hadoop.ipc.ProtobufRpcEngine2$Server$ProtoBufRpcInvoker.call(ProtobufRpcEngine2.java:552) [hadoop-common-3.3.1.jar:?]
	at org.apache.hadoop.ipc.RPC$Server.call(RPC.java:1093) [hadoop-common-3.3.1.jar:?]
	at org.apache.hadoop.ipc.Server$RpcCall.run(Server.java:1035) [hadoop-common-3.3.1.jar:?]
	at org.apache.hadoop.ipc.Server$RpcCall.run(Server.java:963) [hadoop-common-3.3.1.jar:?]
	at java.security.AccessController.doPrivileged(Native Method) ~[?:1.8.0_332]
	at javax.security.auth.Subject.doAs(Subject.java:422) [?:1.8.0_332]
	at org.apache.hadoop.security.UserGroupInformation.doAs(UserGroupInformation.java:1878) [hadoop-common-3.3.1.jar:?]
	at org.apache.hadoop.ipc.Server$Handler.run(Server.java:2966) [hadoop-common-3.3.1.jar:?]
01:56:29.848 [IPC Server handler 15 on default port 44107] ERROR OMAudit - user=runner | ip=127.0.0.1 | op=GET_FILE_STATUS {volume=volume07240, bucket=bucket34393, key=level0/level3/level3/file1, dataSize=0, replicationConfig=null} | ret=FAILURE
org.apache.hadoop.ozone.om.exceptions.OMException: Unable to get file status: volume: volume07240 bucket: bucket34393 key: level0/level3/level3/file1
	at org.apache.hadoop.ozone.om.KeyManagerImpl.getOzoneFileStatus(KeyManagerImpl.java:1311) ~[ozone-manager-1.3.0-SNAPSHOT.jar:?]
	at org.apache.hadoop.ozone.om.KeyManagerImpl.getFileStatus(KeyManagerImpl.java:1241) ~[ozone-manager-1.3.0-SNAPSHOT.jar:?]
	at org.apache.hadoop.ozone.om.OzoneManager.getFileStatus(OzoneManager.java:3467) ~[ozone-manager-1.3.0-SNAPSHOT.jar:?]
	at org.apache.hadoop.ozone.protocolPB.OzoneManagerRequestHandler.getOzoneFileStatus(OzoneManagerRequestHandler.java:878) ~[ozone-manager-1.3.0-SNAPSHOT.jar:?]
	at org.apache.hadoop.ozone.protocolPB.OzoneManagerRequestHandler.handleReadRequest(OzoneManagerRequestHandler.java:224) ~[ozone-manager-1.3.0-SNAPSHOT.jar:?]
	at org.apache.hadoop.ozone.protocolPB.OzoneManagerProtocolServerSideTranslatorPB.submitRequestDirectlyToOM(OzoneManagerProtocolServerSideTranslatorPB.java:276) ~[ozone-manager-1.3.0-SNAPSHOT.jar:?]
	at org.apache.hadoop.ozone.protocolPB.OzoneManagerProtocolServerSideTranslatorPB.processRequest(OzoneManagerProtocolServerSideTranslatorPB.java:205) ~[ozone-manager-1.3.0-SNAPSHOT.jar:?]
	at org.apache.hadoop.hdds.server.OzoneProtocolMessageDispatcher.processRequest(OzoneProtocolMessageDispatcher.java:87) [hdds-server-framework-1.3.0-SNAPSHOT.jar:?]
	at org.apache.hadoop.ozone.protocolPB.OzoneManagerProtocolServerSideTranslatorPB.submitRequest(OzoneManagerProtocolServerSideTranslatorPB.java:147) [ozone-manager-1.3.0-SNAPSHOT.jar:?]
	at org.apache.hadoop.ozone.protocol.proto.OzoneManagerProtocolProtos$OzoneManagerService$2.callBlockingMethod(OzoneManagerProtocolProtos.java) [ozone-interface-client-1.3.0-SNAPSHOT.jar:?]
	at org.apache.hadoop.ipc.ProtobufRpcEngine$Server.processCall(ProtobufRpcEngine.java:466) [hadoop-common-3.3.1.jar:?]
	at org.apache.hadoop.ipc.ProtobufRpcEngine2$Server$ProtoBufRpcInvoker.call(ProtobufRpcEngine2.java:574) [hadoop-common-3.3.1.jar:?]
	at org.apache.hadoop.ipc.ProtobufRpcEngine2$Server$ProtoBufRpcInvoker.call(ProtobufRpcEngine2.java:552) [hadoop-common-3.3.1.jar:?]
	at org.apache.hadoop.ipc.RPC$Server.call(RPC.java:1093) [hadoop-common-3.3.1.jar:?]
	at org.apache.hadoop.ipc.Server$RpcCall.run(Server.java:1035) [hadoop-common-3.3.1.jar:?]
	at org.apache.hadoop.ipc.Server$RpcCall.run(Server.java:963) [hadoop-common-3.3.1.jar:?]
	at java.security.AccessController.doPrivileged(Native Method) ~[?:1.8.0_332]
	at javax.security.auth.Subject.doAs(Subject.java:422) [?:1.8.0_332]
	at org.apache.hadoop.security.UserGroupInformation.doAs(UserGroupInformation.java:1878) [hadoop-common-3.3.1.jar:?]
	at org.apache.hadoop.ipc.Server$Handler.run(Server.java:2966) [hadoop-common-3.3.1.jar:?]
]]></system-out>
  </testcase>
  <testcase name="testRecursiveDelete" classname="TestOzoneFileSystem" time="0.366">
    <system-out><![CDATA[01:57:40.228 [IPC Server handler 13 on default port 36611] ERROR OMAudit - user=runner | ip=127.0.0.1 | op=GET_FILE_STATUS {volume=volume58070, bucket=bucket54574, key=gdir1, dataSize=0, replicationConfig=null} | ret=FAILURE
org.apache.hadoop.ozone.om.exceptions.OMException: Unable to get file status: volume: volume58070 bucket: bucket54574 key: gdir1
	at org.apache.hadoop.ozone.om.KeyManagerImpl.getOzoneFileStatus(KeyManagerImpl.java:1311) ~[ozone-manager-1.3.0-SNAPSHOT.jar:?]
	at org.apache.hadoop.ozone.om.KeyManagerImpl.getFileStatus(KeyManagerImpl.java:1241) ~[ozone-manager-1.3.0-SNAPSHOT.jar:?]
	at org.apache.hadoop.ozone.om.OzoneManager.getFileStatus(OzoneManager.java:3467) ~[ozone-manager-1.3.0-SNAPSHOT.jar:?]
	at org.apache.hadoop.ozone.protocolPB.OzoneManagerRequestHandler.getOzoneFileStatus(OzoneManagerRequestHandler.java:878) ~[ozone-manager-1.3.0-SNAPSHOT.jar:?]
	at org.apache.hadoop.ozone.protocolPB.OzoneManagerRequestHandler.handleReadRequest(OzoneManagerRequestHandler.java:224) ~[ozone-manager-1.3.0-SNAPSHOT.jar:?]
	at org.apache.hadoop.ozone.protocolPB.OzoneManagerProtocolServerSideTranslatorPB.submitReadRequestToOM(OzoneManagerProtocolServerSideTranslatorPB.java:226) ~[ozone-manager-1.3.0-SNAPSHOT.jar:?]
	at org.apache.hadoop.ozone.protocolPB.OzoneManagerProtocolServerSideTranslatorPB.processRequest(OzoneManagerProtocolServerSideTranslatorPB.java:175) ~[ozone-manager-1.3.0-SNAPSHOT.jar:?]
	at org.apache.hadoop.hdds.server.OzoneProtocolMessageDispatcher.processRequest(OzoneProtocolMessageDispatcher.java:87) [hdds-server-framework-1.3.0-SNAPSHOT.jar:?]
	at org.apache.hadoop.ozone.protocolPB.OzoneManagerProtocolServerSideTranslatorPB.submitRequest(OzoneManagerProtocolServerSideTranslatorPB.java:147) [ozone-manager-1.3.0-SNAPSHOT.jar:?]
	at org.apache.hadoop.ozone.protocol.proto.OzoneManagerProtocolProtos$OzoneManagerService$2.callBlockingMethod(OzoneManagerProtocolProtos.java) [ozone-interface-client-1.3.0-SNAPSHOT.jar:?]
	at org.apache.hadoop.ipc.ProtobufRpcEngine$Server.processCall(ProtobufRpcEngine.java:466) [hadoop-common-3.3.1.jar:?]
	at org.apache.hadoop.ipc.ProtobufRpcEngine2$Server$ProtoBufRpcInvoker.call(ProtobufRpcEngine2.java:574) [hadoop-common-3.3.1.jar:?]
	at org.apache.hadoop.ipc.ProtobufRpcEngine2$Server$ProtoBufRpcInvoker.call(ProtobufRpcEngine2.java:552) [hadoop-common-3.3.1.jar:?]
	at org.apache.hadoop.ipc.RPC$Server.call(RPC.java:1093) [hadoop-common-3.3.1.jar:?]
	at org.apache.hadoop.ipc.Server$RpcCall.run(Server.java:1035) [hadoop-common-3.3.1.jar:?]
	at org.apache.hadoop.ipc.Server$RpcCall.run(Server.java:963) [hadoop-common-3.3.1.jar:?]
	at java.security.AccessController.doPrivileged(Native Method) ~[?:1.8.0_332]
	at javax.security.auth.Subject.doAs(Subject.java:422) [?:1.8.0_332]
	at org.apache.hadoop.security.UserGroupInformation.doAs(UserGroupInformation.java:1878) [hadoop-common-3.3.1.jar:?]
	at org.apache.hadoop.ipc.Server$Handler.run(Server.java:2966) [hadoop-common-3.3.1.jar:?]
01:57:40.232 [IPC Server handler 18 on default port 36611] ERROR OMAudit - user=runner | ip=127.0.0.1 | op=GET_FILE_STATUS {volume=volume58070, bucket=bucket54574, key=gdir1/dir1, dataSize=0, replicationConfig=null} | ret=FAILURE
org.apache.hadoop.ozone.om.exceptions.OMException: Unable to get file status: volume: volume58070 bucket: bucket54574 key: gdir1/dir1
	at org.apache.hadoop.ozone.om.KeyManagerImpl.getOzoneFileStatus(KeyManagerImpl.java:1311) ~[ozone-manager-1.3.0-SNAPSHOT.jar:?]
	at org.apache.hadoop.ozone.om.KeyManagerImpl.getFileStatus(KeyManagerImpl.java:1241) ~[ozone-manager-1.3.0-SNAPSHOT.jar:?]
	at org.apache.hadoop.ozone.om.OzoneManager.getFileStatus(OzoneManager.java:3467) ~[ozone-manager-1.3.0-SNAPSHOT.jar:?]
	at org.apache.hadoop.ozone.protocolPB.OzoneManagerRequestHandler.getOzoneFileStatus(OzoneManagerRequestHandler.java:878) ~[ozone-manager-1.3.0-SNAPSHOT.jar:?]
	at org.apache.hadoop.ozone.protocolPB.OzoneManagerRequestHandler.handleReadRequest(OzoneManagerRequestHandler.java:224) ~[ozone-manager-1.3.0-SNAPSHOT.jar:?]
	at org.apache.hadoop.ozone.protocolPB.OzoneManagerProtocolServerSideTranslatorPB.submitReadRequestToOM(OzoneManagerProtocolServerSideTranslatorPB.java:226) ~[ozone-manager-1.3.0-SNAPSHOT.jar:?]
	at org.apache.hadoop.ozone.protocolPB.OzoneManagerProtocolServerSideTranslatorPB.processRequest(OzoneManagerProtocolServerSideTranslatorPB.java:175) ~[ozone-manager-1.3.0-SNAPSHOT.jar:?]
	at org.apache.hadoop.hdds.server.OzoneProtocolMessageDispatcher.processRequest(OzoneProtocolMessageDispatcher.java:87) [hdds-server-framework-1.3.0-SNAPSHOT.jar:?]
	at org.apache.hadoop.ozone.protocolPB.OzoneManagerProtocolServerSideTranslatorPB.submitRequest(OzoneManagerProtocolServerSideTranslatorPB.java:147) [ozone-manager-1.3.0-SNAPSHOT.jar:?]
	at org.apache.hadoop.ozone.protocol.proto.OzoneManagerProtocolProtos$OzoneManagerService$2.callBlockingMethod(OzoneManagerProtocolProtos.java) [ozone-interface-client-1.3.0-SNAPSHOT.jar:?]
	at org.apache.hadoop.ipc.ProtobufRpcEngine$Server.processCall(ProtobufRpcEngine.java:466) [hadoop-common-3.3.1.jar:?]
	at org.apache.hadoop.ipc.ProtobufRpcEngine2$Server$ProtoBufRpcInvoker.call(ProtobufRpcEngine2.java:574) [hadoop-common-3.3.1.jar:?]
	at org.apache.hadoop.ipc.ProtobufRpcEngine2$Server$ProtoBufRpcInvoker.call(ProtobufRpcEngine2.java:552) [hadoop-common-3.3.1.jar:?]
	at org.apache.hadoop.ipc.RPC$Server.call(RPC.java:1093) [hadoop-common-3.3.1.jar:?]
	at org.apache.hadoop.ipc.Server$RpcCall.run(Server.java:1035) [hadoop-common-3.3.1.jar:?]
	at org.apache.hadoop.ipc.Server$RpcCall.run(Server.java:963) [hadoop-common-3.3.1.jar:?]
	at java.security.AccessController.doPrivileged(Native Method) ~[?:1.8.0_332]
	at javax.security.auth.Subject.doAs(Subject.java:422) [?:1.8.0_332]
	at org.apache.hadoop.security.UserGroupInformation.doAs(UserGroupInformation.java:1878) [hadoop-common-3.3.1.jar:?]
	at org.apache.hadoop.ipc.Server$Handler.run(Server.java:2966) [hadoop-common-3.3.1.jar:?]
01:57:40.233 [IPC Server handler 1 on default port 36611] ERROR OMAudit - user=runner | ip=127.0.0.1 | op=GET_FILE_STATUS {volume=volume58070, bucket=bucket54574, key=gdir1/dir1/child, dataSize=0, replicationConfig=null} | ret=FAILURE
org.apache.hadoop.ozone.om.exceptions.OMException: Unable to get file status: volume: volume58070 bucket: bucket54574 key: gdir1/dir1/child
	at org.apache.hadoop.ozone.om.KeyManagerImpl.getOzoneFileStatus(KeyManagerImpl.java:1311) ~[ozone-manager-1.3.0-SNAPSHOT.jar:?]
	at org.apache.hadoop.ozone.om.KeyManagerImpl.getFileStatus(KeyManagerImpl.java:1241) ~[ozone-manager-1.3.0-SNAPSHOT.jar:?]
	at org.apache.hadoop.ozone.om.OzoneManager.getFileStatus(OzoneManager.java:3467) ~[ozone-manager-1.3.0-SNAPSHOT.jar:?]
	at org.apache.hadoop.ozone.protocolPB.OzoneManagerRequestHandler.getOzoneFileStatus(OzoneManagerRequestHandler.java:878) ~[ozone-manager-1.3.0-SNAPSHOT.jar:?]
	at org.apache.hadoop.ozone.protocolPB.OzoneManagerRequestHandler.handleReadRequest(OzoneManagerRequestHandler.java:224) ~[ozone-manager-1.3.0-SNAPSHOT.jar:?]
	at org.apache.hadoop.ozone.protocolPB.OzoneManagerProtocolServerSideTranslatorPB.submitReadRequestToOM(OzoneManagerProtocolServerSideTranslatorPB.java:226) ~[ozone-manager-1.3.0-SNAPSHOT.jar:?]
	at org.apache.hadoop.ozone.protocolPB.OzoneManagerProtocolServerSideTranslatorPB.processRequest(OzoneManagerProtocolServerSideTranslatorPB.java:175) ~[ozone-manager-1.3.0-SNAPSHOT.jar:?]
	at org.apache.hadoop.hdds.server.OzoneProtocolMessageDispatcher.processRequest(OzoneProtocolMessageDispatcher.java:87) [hdds-server-framework-1.3.0-SNAPSHOT.jar:?]
	at org.apache.hadoop.ozone.protocolPB.OzoneManagerProtocolServerSideTranslatorPB.submitRequest(OzoneManagerProtocolServerSideTranslatorPB.java:147) [ozone-manager-1.3.0-SNAPSHOT.jar:?]
	at org.apache.hadoop.ozone.protocol.proto.OzoneManagerProtocolProtos$OzoneManagerService$2.callBlockingMethod(OzoneManagerProtocolProtos.java) [ozone-interface-client-1.3.0-SNAPSHOT.jar:?]
	at org.apache.hadoop.ipc.ProtobufRpcEngine$Server.processCall(ProtobufRpcEngine.java:466) [hadoop-common-3.3.1.jar:?]
	at org.apache.hadoop.ipc.ProtobufRpcEngine2$Server$ProtoBufRpcInvoker.call(ProtobufRpcEngine2.java:574) [hadoop-common-3.3.1.jar:?]
	at org.apache.hadoop.ipc.ProtobufRpcEngine2$Server$ProtoBufRpcInvoker.call(ProtobufRpcEngine2.java:552) [hadoop-common-3.3.1.jar:?]
	at org.apache.hadoop.ipc.RPC$Server.call(RPC.java:1093) [hadoop-common-3.3.1.jar:?]
	at org.apache.hadoop.ipc.Server$RpcCall.run(Server.java:1035) [hadoop-common-3.3.1.jar:?]
	at org.apache.hadoop.ipc.Server$RpcCall.run(Server.java:963) [hadoop-common-3.3.1.jar:?]
	at java.security.AccessController.doPrivileged(Native Method) ~[?:1.8.0_332]
	at javax.security.auth.Subject.doAs(Subject.java:422) [?:1.8.0_332]
	at org.apache.hadoop.security.UserGroupInformation.doAs(UserGroupInformation.java:1878) [hadoop-common-3.3.1.jar:?]
	at org.apache.hadoop.ipc.Server$Handler.run(Server.java:2966) [hadoop-common-3.3.1.jar:?]
01:57:40.234 [IPC Server handler 0 on default port 36611] ERROR OMAudit - user=runner | ip=127.0.0.1 | op=GET_FILE_STATUS {volume=volume58070, bucket=bucket54574, key=gdir1/dir2, dataSize=0, replicationConfig=null} | ret=FAILURE
org.apache.hadoop.ozone.om.exceptions.OMException: Unable to get file status: volume: volume58070 bucket: bucket54574 key: gdir1/dir2
	at org.apache.hadoop.ozone.om.KeyManagerImpl.getOzoneFileStatus(KeyManagerImpl.java:1311) ~[ozone-manager-1.3.0-SNAPSHOT.jar:?]
	at org.apache.hadoop.ozone.om.KeyManagerImpl.getFileStatus(KeyManagerImpl.java:1241) ~[ozone-manager-1.3.0-SNAPSHOT.jar:?]
	at org.apache.hadoop.ozone.om.OzoneManager.getFileStatus(OzoneManager.java:3467) ~[ozone-manager-1.3.0-SNAPSHOT.jar:?]
	at org.apache.hadoop.ozone.protocolPB.OzoneManagerRequestHandler.getOzoneFileStatus(OzoneManagerRequestHandler.java:878) ~[ozone-manager-1.3.0-SNAPSHOT.jar:?]
	at org.apache.hadoop.ozone.protocolPB.OzoneManagerRequestHandler.handleReadRequest(OzoneManagerRequestHandler.java:224) ~[ozone-manager-1.3.0-SNAPSHOT.jar:?]
	at org.apache.hadoop.ozone.protocolPB.OzoneManagerProtocolServerSideTranslatorPB.submitReadRequestToOM(OzoneManagerProtocolServerSideTranslatorPB.java:226) ~[ozone-manager-1.3.0-SNAPSHOT.jar:?]
	at org.apache.hadoop.ozone.protocolPB.OzoneManagerProtocolServerSideTranslatorPB.processRequest(OzoneManagerProtocolServerSideTranslatorPB.java:175) ~[ozone-manager-1.3.0-SNAPSHOT.jar:?]
	at org.apache.hadoop.hdds.server.OzoneProtocolMessageDispatcher.processRequest(OzoneProtocolMessageDispatcher.java:87) [hdds-server-framework-1.3.0-SNAPSHOT.jar:?]
	at org.apache.hadoop.ozone.protocolPB.OzoneManagerProtocolServerSideTranslatorPB.submitRequest(OzoneManagerProtocolServerSideTranslatorPB.java:147) [ozone-manager-1.3.0-SNAPSHOT.jar:?]
	at org.apache.hadoop.ozone.protocol.proto.OzoneManagerProtocolProtos$OzoneManagerService$2.callBlockingMethod(OzoneManagerProtocolProtos.java) [ozone-interface-client-1.3.0-SNAPSHOT.jar:?]
	at org.apache.hadoop.ipc.ProtobufRpcEngine$Server.processCall(ProtobufRpcEngine.java:466) [hadoop-common-3.3.1.jar:?]
	at org.apache.hadoop.ipc.ProtobufRpcEngine2$Server$ProtoBufRpcInvoker.call(ProtobufRpcEngine2.java:574) [hadoop-common-3.3.1.jar:?]
	at org.apache.hadoop.ipc.ProtobufRpcEngine2$Server$ProtoBufRpcInvoker.call(ProtobufRpcEngine2.java:552) [hadoop-common-3.3.1.jar:?]
	at org.apache.hadoop.ipc.RPC$Server.call(RPC.java:1093) [hadoop-common-3.3.1.jar:?]
	at org.apache.hadoop.ipc.Server$RpcCall.run(Server.java:1035) [hadoop-common-3.3.1.jar:?]
	at org.apache.hadoop.ipc.Server$RpcCall.run(Server.java:963) [hadoop-common-3.3.1.jar:?]
	at java.security.AccessController.doPrivileged(Native Method) ~[?:1.8.0_332]
	at javax.security.auth.Subject.doAs(Subject.java:422) [?:1.8.0_332]
	at org.apache.hadoop.security.UserGroupInformation.doAs(UserGroupInformation.java:1878) [hadoop-common-3.3.1.jar:?]
	at org.apache.hadoop.ipc.Server$Handler.run(Server.java:2966) [hadoop-common-3.3.1.jar:?]
01:57:40.235 [IPC Server handler 9 on default port 36611] ERROR OMAudit - user=runner | ip=127.0.0.1 | op=GET_FILE_STATUS {volume=volume58070, bucket=bucket54574, key=gdir1/dir2/child, dataSize=0, replicationConfig=null} | ret=FAILURE
org.apache.hadoop.ozone.om.exceptions.OMException: Unable to get file status: volume: volume58070 bucket: bucket54574 key: gdir1/dir2/child
	at org.apache.hadoop.ozone.om.KeyManagerImpl.getOzoneFileStatus(KeyManagerImpl.java:1311) ~[ozone-manager-1.3.0-SNAPSHOT.jar:?]
	at org.apache.hadoop.ozone.om.KeyManagerImpl.getFileStatus(KeyManagerImpl.java:1241) ~[ozone-manager-1.3.0-SNAPSHOT.jar:?]
	at org.apache.hadoop.ozone.om.OzoneManager.getFileStatus(OzoneManager.java:3467) ~[ozone-manager-1.3.0-SNAPSHOT.jar:?]
	at org.apache.hadoop.ozone.protocolPB.OzoneManagerRequestHandler.getOzoneFileStatus(OzoneManagerRequestHandler.java:878) ~[ozone-manager-1.3.0-SNAPSHOT.jar:?]
	at org.apache.hadoop.ozone.protocolPB.OzoneManagerRequestHandler.handleReadRequest(OzoneManagerRequestHandler.java:224) ~[ozone-manager-1.3.0-SNAPSHOT.jar:?]
	at org.apache.hadoop.ozone.protocolPB.OzoneManagerProtocolServerSideTranslatorPB.submitReadRequestToOM(OzoneManagerProtocolServerSideTranslatorPB.java:226) ~[ozone-manager-1.3.0-SNAPSHOT.jar:?]
	at org.apache.hadoop.ozone.protocolPB.OzoneManagerProtocolServerSideTranslatorPB.processRequest(OzoneManagerProtocolServerSideTranslatorPB.java:175) ~[ozone-manager-1.3.0-SNAPSHOT.jar:?]
	at org.apache.hadoop.hdds.server.OzoneProtocolMessageDispatcher.processRequest(OzoneProtocolMessageDispatcher.java:87) [hdds-server-framework-1.3.0-SNAPSHOT.jar:?]
	at org.apache.hadoop.ozone.protocolPB.OzoneManagerProtocolServerSideTranslatorPB.submitRequest(OzoneManagerProtocolServerSideTranslatorPB.java:147) [ozone-manager-1.3.0-SNAPSHOT.jar:?]
	at org.apache.hadoop.ozone.protocol.proto.OzoneManagerProtocolProtos$OzoneManagerService$2.callBlockingMethod(OzoneManagerProtocolProtos.java) [ozone-interface-client-1.3.0-SNAPSHOT.jar:?]
	at org.apache.hadoop.ipc.ProtobufRpcEngine$Server.processCall(ProtobufRpcEngine.java:466) [hadoop-common-3.3.1.jar:?]
	at org.apache.hadoop.ipc.ProtobufRpcEngine2$Server$ProtoBufRpcInvoker.call(ProtobufRpcEngine2.java:574) [hadoop-common-3.3.1.jar:?]
	at org.apache.hadoop.ipc.ProtobufRpcEngine2$Server$ProtoBufRpcInvoker.call(ProtobufRpcEngine2.java:552) [hadoop-common-3.3.1.jar:?]
	at org.apache.hadoop.ipc.RPC$Server.call(RPC.java:1093) [hadoop-common-3.3.1.jar:?]
	at org.apache.hadoop.ipc.Server$RpcCall.run(Server.java:1035) [hadoop-common-3.3.1.jar:?]
	at org.apache.hadoop.ipc.Server$RpcCall.run(Server.java:963) [hadoop-common-3.3.1.jar:?]
	at java.security.AccessController.doPrivileged(Native Method) ~[?:1.8.0_332]
	at javax.security.auth.Subject.doAs(Subject.java:422) [?:1.8.0_332]
	at org.apache.hadoop.security.UserGroupInformation.doAs(UserGroupInformation.java:1878) [hadoop-common-3.3.1.jar:?]
	at org.apache.hadoop.ipc.Server$Handler.run(Server.java:2966) [hadoop-common-3.3.1.jar:?]
01:57:40.235 [IPC Server handler 12 on default port 36611] ERROR OMAudit - user=runner | ip=127.0.0.1 | op=GET_FILE_STATUS {volume=volume58070, bucket=bucket54574, key=gdir1/dir3, dataSize=0, replicationConfig=null} | ret=FAILURE
org.apache.hadoop.ozone.om.exceptions.OMException: Unable to get file status: volume: volume58070 bucket: bucket54574 key: gdir1/dir3
	at org.apache.hadoop.ozone.om.KeyManagerImpl.getOzoneFileStatus(KeyManagerImpl.java:1311) ~[ozone-manager-1.3.0-SNAPSHOT.jar:?]
	at org.apache.hadoop.ozone.om.KeyManagerImpl.getFileStatus(KeyManagerImpl.java:1241) ~[ozone-manager-1.3.0-SNAPSHOT.jar:?]
	at org.apache.hadoop.ozone.om.OzoneManager.getFileStatus(OzoneManager.java:3467) ~[ozone-manager-1.3.0-SNAPSHOT.jar:?]
	at org.apache.hadoop.ozone.protocolPB.OzoneManagerRequestHandler.getOzoneFileStatus(OzoneManagerRequestHandler.java:878) ~[ozone-manager-1.3.0-SNAPSHOT.jar:?]
	at org.apache.hadoop.ozone.protocolPB.OzoneManagerRequestHandler.handleReadRequest(OzoneManagerRequestHandler.java:224) ~[ozone-manager-1.3.0-SNAPSHOT.jar:?]
	at org.apache.hadoop.ozone.protocolPB.OzoneManagerProtocolServerSideTranslatorPB.submitReadRequestToOM(OzoneManagerProtocolServerSideTranslatorPB.java:226) ~[ozone-manager-1.3.0-SNAPSHOT.jar:?]
	at org.apache.hadoop.ozone.protocolPB.OzoneManagerProtocolServerSideTranslatorPB.processRequest(OzoneManagerProtocolServerSideTranslatorPB.java:175) ~[ozone-manager-1.3.0-SNAPSHOT.jar:?]
	at org.apache.hadoop.hdds.server.OzoneProtocolMessageDispatcher.processRequest(OzoneProtocolMessageDispatcher.java:87) [hdds-server-framework-1.3.0-SNAPSHOT.jar:?]
	at org.apache.hadoop.ozone.protocolPB.OzoneManagerProtocolServerSideTranslatorPB.submitRequest(OzoneManagerProtocolServerSideTranslatorPB.java:147) [ozone-manager-1.3.0-SNAPSHOT.jar:?]
	at org.apache.hadoop.ozone.protocol.proto.OzoneManagerProtocolProtos$OzoneManagerService$2.callBlockingMethod(OzoneManagerProtocolProtos.java) [ozone-interface-client-1.3.0-SNAPSHOT.jar:?]
	at org.apache.hadoop.ipc.ProtobufRpcEngine$Server.processCall(ProtobufRpcEngine.java:466) [hadoop-common-3.3.1.jar:?]
	at org.apache.hadoop.ipc.ProtobufRpcEngine2$Server$ProtoBufRpcInvoker.call(ProtobufRpcEngine2.java:574) [hadoop-common-3.3.1.jar:?]
	at org.apache.hadoop.ipc.ProtobufRpcEngine2$Server$ProtoBufRpcInvoker.call(ProtobufRpcEngine2.java:552) [hadoop-common-3.3.1.jar:?]
	at org.apache.hadoop.ipc.RPC$Server.call(RPC.java:1093) [hadoop-common-3.3.1.jar:?]
	at org.apache.hadoop.ipc.Server$RpcCall.run(Server.java:1035) [hadoop-common-3.3.1.jar:?]
	at org.apache.hadoop.ipc.Server$RpcCall.run(Server.java:963) [hadoop-common-3.3.1.jar:?]
	at java.security.AccessController.doPrivileged(Native Method) ~[?:1.8.0_332]
	at javax.security.auth.Subject.doAs(Subject.java:422) [?:1.8.0_332]
	at org.apache.hadoop.security.UserGroupInformation.doAs(UserGroupInformation.java:1878) [hadoop-common-3.3.1.jar:?]
	at org.apache.hadoop.ipc.Server$Handler.run(Server.java:2966) [hadoop-common-3.3.1.jar:?]
01:57:40.236 [IPC Server handler 4 on default port 36611] ERROR OMAudit - user=runner | ip=127.0.0.1 | op=GET_FILE_STATUS {volume=volume58070, bucket=bucket54574, key=gdir1/dir3/child, dataSize=0, replicationConfig=null} | ret=FAILURE
org.apache.hadoop.ozone.om.exceptions.OMException: Unable to get file status: volume: volume58070 bucket: bucket54574 key: gdir1/dir3/child
	at org.apache.hadoop.ozone.om.KeyManagerImpl.getOzoneFileStatus(KeyManagerImpl.java:1311) ~[ozone-manager-1.3.0-SNAPSHOT.jar:?]
	at org.apache.hadoop.ozone.om.KeyManagerImpl.getFileStatus(KeyManagerImpl.java:1241) ~[ozone-manager-1.3.0-SNAPSHOT.jar:?]
	at org.apache.hadoop.ozone.om.OzoneManager.getFileStatus(OzoneManager.java:3467) ~[ozone-manager-1.3.0-SNAPSHOT.jar:?]
	at org.apache.hadoop.ozone.protocolPB.OzoneManagerRequestHandler.getOzoneFileStatus(OzoneManagerRequestHandler.java:878) ~[ozone-manager-1.3.0-SNAPSHOT.jar:?]
	at org.apache.hadoop.ozone.protocolPB.OzoneManagerRequestHandler.handleReadRequest(OzoneManagerRequestHandler.java:224) ~[ozone-manager-1.3.0-SNAPSHOT.jar:?]
	at org.apache.hadoop.ozone.protocolPB.OzoneManagerProtocolServerSideTranslatorPB.submitReadRequestToOM(OzoneManagerProtocolServerSideTranslatorPB.java:226) ~[ozone-manager-1.3.0-SNAPSHOT.jar:?]
	at org.apache.hadoop.ozone.protocolPB.OzoneManagerProtocolServerSideTranslatorPB.processRequest(OzoneManagerProtocolServerSideTranslatorPB.java:175) ~[ozone-manager-1.3.0-SNAPSHOT.jar:?]
	at org.apache.hadoop.hdds.server.OzoneProtocolMessageDispatcher.processRequest(OzoneProtocolMessageDispatcher.java:87) [hdds-server-framework-1.3.0-SNAPSHOT.jar:?]
	at org.apache.hadoop.ozone.protocolPB.OzoneManagerProtocolServerSideTranslatorPB.submitRequest(OzoneManagerProtocolServerSideTranslatorPB.java:147) [ozone-manager-1.3.0-SNAPSHOT.jar:?]
	at org.apache.hadoop.ozone.protocol.proto.OzoneManagerProtocolProtos$OzoneManagerService$2.callBlockingMethod(OzoneManagerProtocolProtos.java) [ozone-interface-client-1.3.0-SNAPSHOT.jar:?]
	at org.apache.hadoop.ipc.ProtobufRpcEngine$Server.processCall(ProtobufRpcEngine.java:466) [hadoop-common-3.3.1.jar:?]
	at org.apache.hadoop.ipc.ProtobufRpcEngine2$Server$ProtoBufRpcInvoker.call(ProtobufRpcEngine2.java:574) [hadoop-common-3.3.1.jar:?]
	at org.apache.hadoop.ipc.ProtobufRpcEngine2$Server$ProtoBufRpcInvoker.call(ProtobufRpcEngine2.java:552) [hadoop-common-3.3.1.jar:?]
	at org.apache.hadoop.ipc.RPC$Server.call(RPC.java:1093) [hadoop-common-3.3.1.jar:?]
	at org.apache.hadoop.ipc.Server$RpcCall.run(Server.java:1035) [hadoop-common-3.3.1.jar:?]
	at org.apache.hadoop.ipc.Server$RpcCall.run(Server.java:963) [hadoop-common-3.3.1.jar:?]
	at java.security.AccessController.doPrivileged(Native Method) ~[?:1.8.0_332]
	at javax.security.auth.Subject.doAs(Subject.java:422) [?:1.8.0_332]
	at org.apache.hadoop.security.UserGroupInformation.doAs(UserGroupInformation.java:1878) [hadoop-common-3.3.1.jar:?]
	at org.apache.hadoop.ipc.Server$Handler.run(Server.java:2966) [hadoop-common-3.3.1.jar:?]
01:57:40.240 [IPC Server handler 2 on default port 36611] ERROR OMAudit - user=runner | ip=127.0.0.1 | op=GET_FILE_STATUS {volume=volume58070, bucket=bucket54574, key=gdir1/dir4, dataSize=0, replicationConfig=null} | ret=FAILURE
org.apache.hadoop.ozone.om.exceptions.OMException: Unable to get file status: volume: volume58070 bucket: bucket54574 key: gdir1/dir4
	at org.apache.hadoop.ozone.om.KeyManagerImpl.getOzoneFileStatus(KeyManagerImpl.java:1311) ~[ozone-manager-1.3.0-SNAPSHOT.jar:?]
	at org.apache.hadoop.ozone.om.KeyManagerImpl.getFileStatus(KeyManagerImpl.java:1241) ~[ozone-manager-1.3.0-SNAPSHOT.jar:?]
	at org.apache.hadoop.ozone.om.OzoneManager.getFileStatus(OzoneManager.java:3467) ~[ozone-manager-1.3.0-SNAPSHOT.jar:?]
	at org.apache.hadoop.ozone.protocolPB.OzoneManagerRequestHandler.getOzoneFileStatus(OzoneManagerRequestHandler.java:878) ~[ozone-manager-1.3.0-SNAPSHOT.jar:?]
	at org.apache.hadoop.ozone.protocolPB.OzoneManagerRequestHandler.handleReadRequest(OzoneManagerRequestHandler.java:224) ~[ozone-manager-1.3.0-SNAPSHOT.jar:?]
	at org.apache.hadoop.ozone.protocolPB.OzoneManagerProtocolServerSideTranslatorPB.submitReadRequestToOM(OzoneManagerProtocolServerSideTranslatorPB.java:226) ~[ozone-manager-1.3.0-SNAPSHOT.jar:?]
	at org.apache.hadoop.ozone.protocolPB.OzoneManagerProtocolServerSideTranslatorPB.processRequest(OzoneManagerProtocolServerSideTranslatorPB.java:175) ~[ozone-manager-1.3.0-SNAPSHOT.jar:?]
	at org.apache.hadoop.hdds.server.OzoneProtocolMessageDispatcher.processRequest(OzoneProtocolMessageDispatcher.java:87) [hdds-server-framework-1.3.0-SNAPSHOT.jar:?]
	at org.apache.hadoop.ozone.protocolPB.OzoneManagerProtocolServerSideTranslatorPB.submitRequest(OzoneManagerProtocolServerSideTranslatorPB.java:147) [ozone-manager-1.3.0-SNAPSHOT.jar:?]
	at org.apache.hadoop.ozone.protocol.proto.OzoneManagerProtocolProtos$OzoneManagerService$2.callBlockingMethod(OzoneManagerProtocolProtos.java) [ozone-interface-client-1.3.0-SNAPSHOT.jar:?]
	at org.apache.hadoop.ipc.ProtobufRpcEngine$Server.processCall(ProtobufRpcEngine.java:466) [hadoop-common-3.3.1.jar:?]
	at org.apache.hadoop.ipc.ProtobufRpcEngine2$Server$ProtoBufRpcInvoker.call(ProtobufRpcEngine2.java:574) [hadoop-common-3.3.1.jar:?]
	at org.apache.hadoop.ipc.ProtobufRpcEngine2$Server$ProtoBufRpcInvoker.call(ProtobufRpcEngine2.java:552) [hadoop-common-3.3.1.jar:?]
	at org.apache.hadoop.ipc.RPC$Server.call(RPC.java:1093) [hadoop-common-3.3.1.jar:?]
	at org.apache.hadoop.ipc.Server$RpcCall.run(Server.java:1035) [hadoop-common-3.3.1.jar:?]
	at org.apache.hadoop.ipc.Server$RpcCall.run(Server.java:963) [hadoop-common-3.3.1.jar:?]
	at java.security.AccessController.doPrivileged(Native Method) ~[?:1.8.0_332]
	at javax.security.auth.Subject.doAs(Subject.java:422) [?:1.8.0_332]
	at org.apache.hadoop.security.UserGroupInformation.doAs(UserGroupInformation.java:1878) [hadoop-common-3.3.1.jar:?]
	at org.apache.hadoop.ipc.Server$Handler.run(Server.java:2966) [hadoop-common-3.3.1.jar:?]
01:57:40.241 [IPC Server handler 15 on default port 36611] ERROR OMAudit - user=runner | ip=127.0.0.1 | op=GET_FILE_STATUS {volume=volume58070, bucket=bucket54574, key=gdir1/dir4/child, dataSize=0, replicationConfig=null} | ret=FAILURE
org.apache.hadoop.ozone.om.exceptions.OMException: Unable to get file status: volume: volume58070 bucket: bucket54574 key: gdir1/dir4/child
	at org.apache.hadoop.ozone.om.KeyManagerImpl.getOzoneFileStatus(KeyManagerImpl.java:1311) ~[ozone-manager-1.3.0-SNAPSHOT.jar:?]
	at org.apache.hadoop.ozone.om.KeyManagerImpl.getFileStatus(KeyManagerImpl.java:1241) ~[ozone-manager-1.3.0-SNAPSHOT.jar:?]
	at org.apache.hadoop.ozone.om.OzoneManager.getFileStatus(OzoneManager.java:3467) ~[ozone-manager-1.3.0-SNAPSHOT.jar:?]
	at org.apache.hadoop.ozone.protocolPB.OzoneManagerRequestHandler.getOzoneFileStatus(OzoneManagerRequestHandler.java:878) ~[ozone-manager-1.3.0-SNAPSHOT.jar:?]
	at org.apache.hadoop.ozone.protocolPB.OzoneManagerRequestHandler.handleReadRequest(OzoneManagerRequestHandler.java:224) ~[ozone-manager-1.3.0-SNAPSHOT.jar:?]
	at org.apache.hadoop.ozone.protocolPB.OzoneManagerProtocolServerSideTranslatorPB.submitReadRequestToOM(OzoneManagerProtocolServerSideTranslatorPB.java:226) ~[ozone-manager-1.3.0-SNAPSHOT.jar:?]
	at org.apache.hadoop.ozone.protocolPB.OzoneManagerProtocolServerSideTranslatorPB.processRequest(OzoneManagerProtocolServerSideTranslatorPB.java:175) ~[ozone-manager-1.3.0-SNAPSHOT.jar:?]
	at org.apache.hadoop.hdds.server.OzoneProtocolMessageDispatcher.processRequest(OzoneProtocolMessageDispatcher.java:87) [hdds-server-framework-1.3.0-SNAPSHOT.jar:?]
	at org.apache.hadoop.ozone.protocolPB.OzoneManagerProtocolServerSideTranslatorPB.submitRequest(OzoneManagerProtocolServerSideTranslatorPB.java:147) [ozone-manager-1.3.0-SNAPSHOT.jar:?]
	at org.apache.hadoop.ozone.protocol.proto.OzoneManagerProtocolProtos$OzoneManagerService$2.callBlockingMethod(OzoneManagerProtocolProtos.java) [ozone-interface-client-1.3.0-SNAPSHOT.jar:?]
	at org.apache.hadoop.ipc.ProtobufRpcEngine$Server.processCall(ProtobufRpcEngine.java:466) [hadoop-common-3.3.1.jar:?]
	at org.apache.hadoop.ipc.ProtobufRpcEngine2$Server$ProtoBufRpcInvoker.call(ProtobufRpcEngine2.java:574) [hadoop-common-3.3.1.jar:?]
	at org.apache.hadoop.ipc.ProtobufRpcEngine2$Server$ProtoBufRpcInvoker.call(ProtobufRpcEngine2.java:552) [hadoop-common-3.3.1.jar:?]
	at org.apache.hadoop.ipc.RPC$Server.call(RPC.java:1093) [hadoop-common-3.3.1.jar:?]
	at org.apache.hadoop.ipc.Server$RpcCall.run(Server.java:1035) [hadoop-common-3.3.1.jar:?]
	at org.apache.hadoop.ipc.Server$RpcCall.run(Server.java:963) [hadoop-common-3.3.1.jar:?]
	at java.security.AccessController.doPrivileged(Native Method) ~[?:1.8.0_332]
	at javax.security.auth.Subject.doAs(Subject.java:422) [?:1.8.0_332]
	at org.apache.hadoop.security.UserGroupInformation.doAs(UserGroupInformation.java:1878) [hadoop-common-3.3.1.jar:?]
	at org.apache.hadoop.ipc.Server$Handler.run(Server.java:2966) [hadoop-common-3.3.1.jar:?]
01:57:40.241 [IPC Server handler 8 on default port 36611] ERROR OMAudit - user=runner | ip=127.0.0.1 | op=GET_FILE_STATUS {volume=volume58070, bucket=bucket54574, key=gdir1/dir5, dataSize=0, replicationConfig=null} | ret=FAILURE
org.apache.hadoop.ozone.om.exceptions.OMException: Unable to get file status: volume: volume58070 bucket: bucket54574 key: gdir1/dir5
	at org.apache.hadoop.ozone.om.KeyManagerImpl.getOzoneFileStatus(KeyManagerImpl.java:1311) ~[ozone-manager-1.3.0-SNAPSHOT.jar:?]
	at org.apache.hadoop.ozone.om.KeyManagerImpl.getFileStatus(KeyManagerImpl.java:1241) ~[ozone-manager-1.3.0-SNAPSHOT.jar:?]
	at org.apache.hadoop.ozone.om.OzoneManager.getFileStatus(OzoneManager.java:3467) ~[ozone-manager-1.3.0-SNAPSHOT.jar:?]
	at org.apache.hadoop.ozone.protocolPB.OzoneManagerRequestHandler.getOzoneFileStatus(OzoneManagerRequestHandler.java:878) ~[ozone-manager-1.3.0-SNAPSHOT.jar:?]
	at org.apache.hadoop.ozone.protocolPB.OzoneManagerRequestHandler.handleReadRequest(OzoneManagerRequestHandler.java:224) ~[ozone-manager-1.3.0-SNAPSHOT.jar:?]
	at org.apache.hadoop.ozone.protocolPB.OzoneManagerProtocolServerSideTranslatorPB.submitReadRequestToOM(OzoneManagerProtocolServerSideTranslatorPB.java:226) ~[ozone-manager-1.3.0-SNAPSHOT.jar:?]
	at org.apache.hadoop.ozone.protocolPB.OzoneManagerProtocolServerSideTranslatorPB.processRequest(OzoneManagerProtocolServerSideTranslatorPB.java:175) ~[ozone-manager-1.3.0-SNAPSHOT.jar:?]
	at org.apache.hadoop.hdds.server.OzoneProtocolMessageDispatcher.processRequest(OzoneProtocolMessageDispatcher.java:87) [hdds-server-framework-1.3.0-SNAPSHOT.jar:?]
	at org.apache.hadoop.ozone.protocolPB.OzoneManagerProtocolServerSideTranslatorPB.submitRequest(OzoneManagerProtocolServerSideTranslatorPB.java:147) [ozone-manager-1.3.0-SNAPSHOT.jar:?]
	at org.apache.hadoop.ozone.protocol.proto.OzoneManagerProtocolProtos$OzoneManagerService$2.callBlockingMethod(OzoneManagerProtocolProtos.java) [ozone-interface-client-1.3.0-SNAPSHOT.jar:?]
	at org.apache.hadoop.ipc.ProtobufRpcEngine$Server.processCall(ProtobufRpcEngine.java:466) [hadoop-common-3.3.1.jar:?]
	at org.apache.hadoop.ipc.ProtobufRpcEngine2$Server$ProtoBufRpcInvoker.call(ProtobufRpcEngine2.java:574) [hadoop-common-3.3.1.jar:?]
	at org.apache.hadoop.ipc.ProtobufRpcEngine2$Server$ProtoBufRpcInvoker.call(ProtobufRpcEngine2.java:552) [hadoop-common-3.3.1.jar:?]
	at org.apache.hadoop.ipc.RPC$Server.call(RPC.java:1093) [hadoop-common-3.3.1.jar:?]
	at org.apache.hadoop.ipc.Server$RpcCall.run(Server.java:1035) [hadoop-common-3.3.1.jar:?]
	at org.apache.hadoop.ipc.Server$RpcCall.run(Server.java:963) [hadoop-common-3.3.1.jar:?]
	at java.security.AccessController.doPrivileged(Native Method) ~[?:1.8.0_332]
	at javax.security.auth.Subject.doAs(Subject.java:422) [?:1.8.0_332]
	at org.apache.hadoop.security.UserGroupInformation.doAs(UserGroupInformation.java:1878) [hadoop-common-3.3.1.jar:?]
	at org.apache.hadoop.ipc.Server$Handler.run(Server.java:2966) [hadoop-common-3.3.1.jar:?]
01:57:40.242 [IPC Server handler 5 on default port 36611] ERROR OMAudit - user=runner | ip=127.0.0.1 | op=GET_FILE_STATUS {volume=volume58070, bucket=bucket54574, key=gdir1/dir5/child, dataSize=0, replicationConfig=null} | ret=FAILURE
org.apache.hadoop.ozone.om.exceptions.OMException: Unable to get file status: volume: volume58070 bucket: bucket54574 key: gdir1/dir5/child
	at org.apache.hadoop.ozone.om.KeyManagerImpl.getOzoneFileStatus(KeyManagerImpl.java:1311) ~[ozone-manager-1.3.0-SNAPSHOT.jar:?]
	at org.apache.hadoop.ozone.om.KeyManagerImpl.getFileStatus(KeyManagerImpl.java:1241) ~[ozone-manager-1.3.0-SNAPSHOT.jar:?]
	at org.apache.hadoop.ozone.om.OzoneManager.getFileStatus(OzoneManager.java:3467) ~[ozone-manager-1.3.0-SNAPSHOT.jar:?]
	at org.apache.hadoop.ozone.protocolPB.OzoneManagerRequestHandler.getOzoneFileStatus(OzoneManagerRequestHandler.java:878) ~[ozone-manager-1.3.0-SNAPSHOT.jar:?]
	at org.apache.hadoop.ozone.protocolPB.OzoneManagerRequestHandler.handleReadRequest(OzoneManagerRequestHandler.java:224) ~[ozone-manager-1.3.0-SNAPSHOT.jar:?]
	at org.apache.hadoop.ozone.protocolPB.OzoneManagerProtocolServerSideTranslatorPB.submitReadRequestToOM(OzoneManagerProtocolServerSideTranslatorPB.java:226) ~[ozone-manager-1.3.0-SNAPSHOT.jar:?]
	at org.apache.hadoop.ozone.protocolPB.OzoneManagerProtocolServerSideTranslatorPB.processRequest(OzoneManagerProtocolServerSideTranslatorPB.java:175) ~[ozone-manager-1.3.0-SNAPSHOT.jar:?]
	at org.apache.hadoop.hdds.server.OzoneProtocolMessageDispatcher.processRequest(OzoneProtocolMessageDispatcher.java:87) [hdds-server-framework-1.3.0-SNAPSHOT.jar:?]
	at org.apache.hadoop.ozone.protocolPB.OzoneManagerProtocolServerSideTranslatorPB.submitRequest(OzoneManagerProtocolServerSideTranslatorPB.java:147) [ozone-manager-1.3.0-SNAPSHOT.jar:?]
	at org.apache.hadoop.ozone.protocol.proto.OzoneManagerProtocolProtos$OzoneManagerService$2.callBlockingMethod(OzoneManagerProtocolProtos.java) [ozone-interface-client-1.3.0-SNAPSHOT.jar:?]
	at org.apache.hadoop.ipc.ProtobufRpcEngine$Server.processCall(ProtobufRpcEngine.java:466) [hadoop-common-3.3.1.jar:?]
	at org.apache.hadoop.ipc.ProtobufRpcEngine2$Server$ProtoBufRpcInvoker.call(ProtobufRpcEngine2.java:574) [hadoop-common-3.3.1.jar:?]
	at org.apache.hadoop.ipc.ProtobufRpcEngine2$Server$ProtoBufRpcInvoker.call(ProtobufRpcEngine2.java:552) [hadoop-common-3.3.1.jar:?]
	at org.apache.hadoop.ipc.RPC$Server.call(RPC.java:1093) [hadoop-common-3.3.1.jar:?]
	at org.apache.hadoop.ipc.Server$RpcCall.run(Server.java:1035) [hadoop-common-3.3.1.jar:?]
	at org.apache.hadoop.ipc.Server$RpcCall.run(Server.java:963) [hadoop-common-3.3.1.jar:?]
	at java.security.AccessController.doPrivileged(Native Method) ~[?:1.8.0_332]
	at javax.security.auth.Subject.doAs(Subject.java:422) [?:1.8.0_332]
	at org.apache.hadoop.security.UserGroupInformation.doAs(UserGroupInformation.java:1878) [hadoop-common-3.3.1.jar:?]
	at org.apache.hadoop.ipc.Server$Handler.run(Server.java:2966) [hadoop-common-3.3.1.jar:?]
01:57:40.243 [IPC Server handler 17 on default port 36611] ERROR OMAudit - user=runner | ip=127.0.0.1 | op=GET_FILE_STATUS {volume=volume58070, bucket=bucket54574, key=gdir1/dir6, dataSize=0, replicationConfig=null} | ret=FAILURE
org.apache.hadoop.ozone.om.exceptions.OMException: Unable to get file status: volume: volume58070 bucket: bucket54574 key: gdir1/dir6
	at org.apache.hadoop.ozone.om.KeyManagerImpl.getOzoneFileStatus(KeyManagerImpl.java:1311) ~[ozone-manager-1.3.0-SNAPSHOT.jar:?]
	at org.apache.hadoop.ozone.om.KeyManagerImpl.getFileStatus(KeyManagerImpl.java:1241) ~[ozone-manager-1.3.0-SNAPSHOT.jar:?]
	at org.apache.hadoop.ozone.om.OzoneManager.getFileStatus(OzoneManager.java:3467) ~[ozone-manager-1.3.0-SNAPSHOT.jar:?]
	at org.apache.hadoop.ozone.protocolPB.OzoneManagerRequestHandler.getOzoneFileStatus(OzoneManagerRequestHandler.java:878) ~[ozone-manager-1.3.0-SNAPSHOT.jar:?]
	at org.apache.hadoop.ozone.protocolPB.OzoneManagerRequestHandler.handleReadRequest(OzoneManagerRequestHandler.java:224) ~[ozone-manager-1.3.0-SNAPSHOT.jar:?]
	at org.apache.hadoop.ozone.protocolPB.OzoneManagerProtocolServerSideTranslatorPB.submitReadRequestToOM(OzoneManagerProtocolServerSideTranslatorPB.java:226) ~[ozone-manager-1.3.0-SNAPSHOT.jar:?]
	at org.apache.hadoop.ozone.protocolPB.OzoneManagerProtocolServerSideTranslatorPB.processRequest(OzoneManagerProtocolServerSideTranslatorPB.java:175) ~[ozone-manager-1.3.0-SNAPSHOT.jar:?]
	at org.apache.hadoop.hdds.server.OzoneProtocolMessageDispatcher.processRequest(OzoneProtocolMessageDispatcher.java:87) [hdds-server-framework-1.3.0-SNAPSHOT.jar:?]
	at org.apache.hadoop.ozone.protocolPB.OzoneManagerProtocolServerSideTranslatorPB.submitRequest(OzoneManagerProtocolServerSideTranslatorPB.java:147) [ozone-manager-1.3.0-SNAPSHOT.jar:?]
	at org.apache.hadoop.ozone.protocol.proto.OzoneManagerProtocolProtos$OzoneManagerService$2.callBlockingMethod(OzoneManagerProtocolProtos.java) [ozone-interface-client-1.3.0-SNAPSHOT.jar:?]
	at org.apache.hadoop.ipc.ProtobufRpcEngine$Server.processCall(ProtobufRpcEngine.java:466) [hadoop-common-3.3.1.jar:?]
	at org.apache.hadoop.ipc.ProtobufRpcEngine2$Server$ProtoBufRpcInvoker.call(ProtobufRpcEngine2.java:574) [hadoop-common-3.3.1.jar:?]
	at org.apache.hadoop.ipc.ProtobufRpcEngine2$Server$ProtoBufRpcInvoker.call(ProtobufRpcEngine2.java:552) [hadoop-common-3.3.1.jar:?]
	at org.apache.hadoop.ipc.RPC$Server.call(RPC.java:1093) [hadoop-common-3.3.1.jar:?]
	at org.apache.hadoop.ipc.Server$RpcCall.run(Server.java:1035) [hadoop-common-3.3.1.jar:?]
	at org.apache.hadoop.ipc.Server$RpcCall.run(Server.java:963) [hadoop-common-3.3.1.jar:?]
	at java.security.AccessController.doPrivileged(Native Method) ~[?:1.8.0_332]
	at javax.security.auth.Subject.doAs(Subject.java:422) [?:1.8.0_332]
	at org.apache.hadoop.security.UserGroupInformation.doAs(UserGroupInformation.java:1878) [hadoop-common-3.3.1.jar:?]
	at org.apache.hadoop.ipc.Server$Handler.run(Server.java:2966) [hadoop-common-3.3.1.jar:?]
01:57:40.244 [IPC Server handler 10 on default port 36611] ERROR OMAudit - user=runner | ip=127.0.0.1 | op=GET_FILE_STATUS {volume=volume58070, bucket=bucket54574, key=gdir1/dir6/child, dataSize=0, replicationConfig=null} | ret=FAILURE
org.apache.hadoop.ozone.om.exceptions.OMException: Unable to get file status: volume: volume58070 bucket: bucket54574 key: gdir1/dir6/child
	at org.apache.hadoop.ozone.om.KeyManagerImpl.getOzoneFileStatus(KeyManagerImpl.java:1311) ~[ozone-manager-1.3.0-SNAPSHOT.jar:?]
	at org.apache.hadoop.ozone.om.KeyManagerImpl.getFileStatus(KeyManagerImpl.java:1241) ~[ozone-manager-1.3.0-SNAPSHOT.jar:?]
	at org.apache.hadoop.ozone.om.OzoneManager.getFileStatus(OzoneManager.java:3467) ~[ozone-manager-1.3.0-SNAPSHOT.jar:?]
	at org.apache.hadoop.ozone.protocolPB.OzoneManagerRequestHandler.getOzoneFileStatus(OzoneManagerRequestHandler.java:878) ~[ozone-manager-1.3.0-SNAPSHOT.jar:?]
	at org.apache.hadoop.ozone.protocolPB.OzoneManagerRequestHandler.handleReadRequest(OzoneManagerRequestHandler.java:224) ~[ozone-manager-1.3.0-SNAPSHOT.jar:?]
	at org.apache.hadoop.ozone.protocolPB.OzoneManagerProtocolServerSideTranslatorPB.submitReadRequestToOM(OzoneManagerProtocolServerSideTranslatorPB.java:226) ~[ozone-manager-1.3.0-SNAPSHOT.jar:?]
	at org.apache.hadoop.ozone.protocolPB.OzoneManagerProtocolServerSideTranslatorPB.processRequest(OzoneManagerProtocolServerSideTranslatorPB.java:175) ~[ozone-manager-1.3.0-SNAPSHOT.jar:?]
	at org.apache.hadoop.hdds.server.OzoneProtocolMessageDispatcher.processRequest(OzoneProtocolMessageDispatcher.java:87) [hdds-server-framework-1.3.0-SNAPSHOT.jar:?]
	at org.apache.hadoop.ozone.protocolPB.OzoneManagerProtocolServerSideTranslatorPB.submitRequest(OzoneManagerProtocolServerSideTranslatorPB.java:147) [ozone-manager-1.3.0-SNAPSHOT.jar:?]
	at org.apache.hadoop.ozone.protocol.proto.OzoneManagerProtocolProtos$OzoneManagerService$2.callBlockingMethod(OzoneManagerProtocolProtos.java) [ozone-interface-client-1.3.0-SNAPSHOT.jar:?]
	at org.apache.hadoop.ipc.ProtobufRpcEngine$Server.processCall(ProtobufRpcEngine.java:466) [hadoop-common-3.3.1.jar:?]
	at org.apache.hadoop.ipc.ProtobufRpcEngine2$Server$ProtoBufRpcInvoker.call(ProtobufRpcEngine2.java:574) [hadoop-common-3.3.1.jar:?]
	at org.apache.hadoop.ipc.ProtobufRpcEngine2$Server$ProtoBufRpcInvoker.call(ProtobufRpcEngine2.java:552) [hadoop-common-3.3.1.jar:?]
	at org.apache.hadoop.ipc.RPC$Server.call(RPC.java:1093) [hadoop-common-3.3.1.jar:?]
	at org.apache.hadoop.ipc.Server$RpcCall.run(Server.java:1035) [hadoop-common-3.3.1.jar:?]
	at org.apache.hadoop.ipc.Server$RpcCall.run(Server.java:963) [hadoop-common-3.3.1.jar:?]
	at java.security.AccessController.doPrivileged(Native Method) ~[?:1.8.0_332]
	at javax.security.auth.Subject.doAs(Subject.java:422) [?:1.8.0_332]
	at org.apache.hadoop.security.UserGroupInformation.doAs(UserGroupInformation.java:1878) [hadoop-common-3.3.1.jar:?]
	at org.apache.hadoop.ipc.Server$Handler.run(Server.java:2966) [hadoop-common-3.3.1.jar:?]
01:57:40.244 [IPC Server handler 11 on default port 36611] ERROR OMAudit - user=runner | ip=127.0.0.1 | op=GET_FILE_STATUS {volume=volume58070, bucket=bucket54574, key=gdir1/dir7, dataSize=0, replicationConfig=null} | ret=FAILURE
org.apache.hadoop.ozone.om.exceptions.OMException: Unable to get file status: volume: volume58070 bucket: bucket54574 key: gdir1/dir7
	at org.apache.hadoop.ozone.om.KeyManagerImpl.getOzoneFileStatus(KeyManagerImpl.java:1311) ~[ozone-manager-1.3.0-SNAPSHOT.jar:?]
	at org.apache.hadoop.ozone.om.KeyManagerImpl.getFileStatus(KeyManagerImpl.java:1241) ~[ozone-manager-1.3.0-SNAPSHOT.jar:?]
	at org.apache.hadoop.ozone.om.OzoneManager.getFileStatus(OzoneManager.java:3467) ~[ozone-manager-1.3.0-SNAPSHOT.jar:?]
	at org.apache.hadoop.ozone.protocolPB.OzoneManagerRequestHandler.getOzoneFileStatus(OzoneManagerRequestHandler.java:878) ~[ozone-manager-1.3.0-SNAPSHOT.jar:?]
	at org.apache.hadoop.ozone.protocolPB.OzoneManagerRequestHandler.handleReadRequest(OzoneManagerRequestHandler.java:224) ~[ozone-manager-1.3.0-SNAPSHOT.jar:?]
	at org.apache.hadoop.ozone.protocolPB.OzoneManagerProtocolServerSideTranslatorPB.submitReadRequestToOM(OzoneManagerProtocolServerSideTranslatorPB.java:226) ~[ozone-manager-1.3.0-SNAPSHOT.jar:?]
	at org.apache.hadoop.ozone.protocolPB.OzoneManagerProtocolServerSideTranslatorPB.processRequest(OzoneManagerProtocolServerSideTranslatorPB.java:175) ~[ozone-manager-1.3.0-SNAPSHOT.jar:?]
	at org.apache.hadoop.hdds.server.OzoneProtocolMessageDispatcher.processRequest(OzoneProtocolMessageDispatcher.java:87) [hdds-server-framework-1.3.0-SNAPSHOT.jar:?]
	at org.apache.hadoop.ozone.protocolPB.OzoneManagerProtocolServerSideTranslatorPB.submitRequest(OzoneManagerProtocolServerSideTranslatorPB.java:147) [ozone-manager-1.3.0-SNAPSHOT.jar:?]
	at org.apache.hadoop.ozone.protocol.proto.OzoneManagerProtocolProtos$OzoneManagerService$2.callBlockingMethod(OzoneManagerProtocolProtos.java) [ozone-interface-client-1.3.0-SNAPSHOT.jar:?]
	at org.apache.hadoop.ipc.ProtobufRpcEngine$Server.processCall(ProtobufRpcEngine.java:466) [hadoop-common-3.3.1.jar:?]
	at org.apache.hadoop.ipc.ProtobufRpcEngine2$Server$ProtoBufRpcInvoker.call(ProtobufRpcEngine2.java:574) [hadoop-common-3.3.1.jar:?]
	at org.apache.hadoop.ipc.ProtobufRpcEngine2$Server$ProtoBufRpcInvoker.call(ProtobufRpcEngine2.java:552) [hadoop-common-3.3.1.jar:?]
	at org.apache.hadoop.ipc.RPC$Server.call(RPC.java:1093) [hadoop-common-3.3.1.jar:?]
	at org.apache.hadoop.ipc.Server$RpcCall.run(Server.java:1035) [hadoop-common-3.3.1.jar:?]
	at org.apache.hadoop.ipc.Server$RpcCall.run(Server.java:963) [hadoop-common-3.3.1.jar:?]
	at java.security.AccessController.doPrivileged(Native Method) ~[?:1.8.0_332]
	at javax.security.auth.Subject.doAs(Subject.java:422) [?:1.8.0_332]
	at org.apache.hadoop.security.UserGroupInformation.doAs(UserGroupInformation.java:1878) [hadoop-common-3.3.1.jar:?]
	at org.apache.hadoop.ipc.Server$Handler.run(Server.java:2966) [hadoop-common-3.3.1.jar:?]
01:57:40.245 [IPC Server handler 14 on default port 36611] ERROR OMAudit - user=runner | ip=127.0.0.1 | op=GET_FILE_STATUS {volume=volume58070, bucket=bucket54574, key=gdir1/dir7/child, dataSize=0, replicationConfig=null} | ret=FAILURE
org.apache.hadoop.ozone.om.exceptions.OMException: Unable to get file status: volume: volume58070 bucket: bucket54574 key: gdir1/dir7/child
	at org.apache.hadoop.ozone.om.KeyManagerImpl.getOzoneFileStatus(KeyManagerImpl.java:1311) ~[ozone-manager-1.3.0-SNAPSHOT.jar:?]
	at org.apache.hadoop.ozone.om.KeyManagerImpl.getFileStatus(KeyManagerImpl.java:1241) ~[ozone-manager-1.3.0-SNAPSHOT.jar:?]
	at org.apache.hadoop.ozone.om.OzoneManager.getFileStatus(OzoneManager.java:3467) ~[ozone-manager-1.3.0-SNAPSHOT.jar:?]
	at org.apache.hadoop.ozone.protocolPB.OzoneManagerRequestHandler.getOzoneFileStatus(OzoneManagerRequestHandler.java:878) ~[ozone-manager-1.3.0-SNAPSHOT.jar:?]
	at org.apache.hadoop.ozone.protocolPB.OzoneManagerRequestHandler.handleReadRequest(OzoneManagerRequestHandler.java:224) ~[ozone-manager-1.3.0-SNAPSHOT.jar:?]
	at org.apache.hadoop.ozone.protocolPB.OzoneManagerProtocolServerSideTranslatorPB.submitReadRequestToOM(OzoneManagerProtocolServerSideTranslatorPB.java:226) ~[ozone-manager-1.3.0-SNAPSHOT.jar:?]
	at org.apache.hadoop.ozone.protocolPB.OzoneManagerProtocolServerSideTranslatorPB.processRequest(OzoneManagerProtocolServerSideTranslatorPB.java:175) ~[ozone-manager-1.3.0-SNAPSHOT.jar:?]
	at org.apache.hadoop.hdds.server.OzoneProtocolMessageDispatcher.processRequest(OzoneProtocolMessageDispatcher.java:87) [hdds-server-framework-1.3.0-SNAPSHOT.jar:?]
	at org.apache.hadoop.ozone.protocolPB.OzoneManagerProtocolServerSideTranslatorPB.submitRequest(OzoneManagerProtocolServerSideTranslatorPB.java:147) [ozone-manager-1.3.0-SNAPSHOT.jar:?]
	at org.apache.hadoop.ozone.protocol.proto.OzoneManagerProtocolProtos$OzoneManagerService$2.callBlockingMethod(OzoneManagerProtocolProtos.java) [ozone-interface-client-1.3.0-SNAPSHOT.jar:?]
	at org.apache.hadoop.ipc.ProtobufRpcEngine$Server.processCall(ProtobufRpcEngine.java:466) [hadoop-common-3.3.1.jar:?]
	at org.apache.hadoop.ipc.ProtobufRpcEngine2$Server$ProtoBufRpcInvoker.call(ProtobufRpcEngine2.java:574) [hadoop-common-3.3.1.jar:?]
	at org.apache.hadoop.ipc.ProtobufRpcEngine2$Server$ProtoBufRpcInvoker.call(ProtobufRpcEngine2.java:552) [hadoop-common-3.3.1.jar:?]
	at org.apache.hadoop.ipc.RPC$Server.call(RPC.java:1093) [hadoop-common-3.3.1.jar:?]
	at org.apache.hadoop.ipc.Server$RpcCall.run(Server.java:1035) [hadoop-common-3.3.1.jar:?]
	at org.apache.hadoop.ipc.Server$RpcCall.run(Server.java:963) [hadoop-common-3.3.1.jar:?]
	at java.security.AccessController.doPrivileged(Native Method) ~[?:1.8.0_332]
	at javax.security.auth.Subject.doAs(Subject.java:422) [?:1.8.0_332]
	at org.apache.hadoop.security.UserGroupInformation.doAs(UserGroupInformation.java:1878) [hadoop-common-3.3.1.jar:?]
	at org.apache.hadoop.ipc.Server$Handler.run(Server.java:2966) [hadoop-common-3.3.1.jar:?]
01:57:40.246 [IPC Server handler 6 on default port 36611] ERROR OMAudit - user=runner | ip=127.0.0.1 | op=GET_FILE_STATUS {volume=volume58070, bucket=bucket54574, key=gdir1/dir8, dataSize=0, replicationConfig=null} | ret=FAILURE
org.apache.hadoop.ozone.om.exceptions.OMException: Unable to get file status: volume: volume58070 bucket: bucket54574 key: gdir1/dir8
	at org.apache.hadoop.ozone.om.KeyManagerImpl.getOzoneFileStatus(KeyManagerImpl.java:1311) ~[ozone-manager-1.3.0-SNAPSHOT.jar:?]
	at org.apache.hadoop.ozone.om.KeyManagerImpl.getFileStatus(KeyManagerImpl.java:1241) ~[ozone-manager-1.3.0-SNAPSHOT.jar:?]
	at org.apache.hadoop.ozone.om.OzoneManager.getFileStatus(OzoneManager.java:3467) ~[ozone-manager-1.3.0-SNAPSHOT.jar:?]
	at org.apache.hadoop.ozone.protocolPB.OzoneManagerRequestHandler.getOzoneFileStatus(OzoneManagerRequestHandler.java:878) ~[ozone-manager-1.3.0-SNAPSHOT.jar:?]
	at org.apache.hadoop.ozone.protocolPB.OzoneManagerRequestHandler.handleReadRequest(OzoneManagerRequestHandler.java:224) ~[ozone-manager-1.3.0-SNAPSHOT.jar:?]
	at org.apache.hadoop.ozone.protocolPB.OzoneManagerProtocolServerSideTranslatorPB.submitReadRequestToOM(OzoneManagerProtocolServerSideTranslatorPB.java:226) ~[ozone-manager-1.3.0-SNAPSHOT.jar:?]
	at org.apache.hadoop.ozone.protocolPB.OzoneManagerProtocolServerSideTranslatorPB.processRequest(OzoneManagerProtocolServerSideTranslatorPB.java:175) ~[ozone-manager-1.3.0-SNAPSHOT.jar:?]
	at org.apache.hadoop.hdds.server.OzoneProtocolMessageDispatcher.processRequest(OzoneProtocolMessageDispatcher.java:87) [hdds-server-framework-1.3.0-SNAPSHOT.jar:?]
	at org.apache.hadoop.ozone.protocolPB.OzoneManagerProtocolServerSideTranslatorPB.submitRequest(OzoneManagerProtocolServerSideTranslatorPB.java:147) [ozone-manager-1.3.0-SNAPSHOT.jar:?]
	at org.apache.hadoop.ozone.protocol.proto.OzoneManagerProtocolProtos$OzoneManagerService$2.callBlockingMethod(OzoneManagerProtocolProtos.java) [ozone-interface-client-1.3.0-SNAPSHOT.jar:?]
	at org.apache.hadoop.ipc.ProtobufRpcEngine$Server.processCall(ProtobufRpcEngine.java:466) [hadoop-common-3.3.1.jar:?]
	at org.apache.hadoop.ipc.ProtobufRpcEngine2$Server$ProtoBufRpcInvoker.call(ProtobufRpcEngine2.java:574) [hadoop-common-3.3.1.jar:?]
	at org.apache.hadoop.ipc.ProtobufRpcEngine2$Server$ProtoBufRpcInvoker.call(ProtobufRpcEngine2.java:552) [hadoop-common-3.3.1.jar:?]
	at org.apache.hadoop.ipc.RPC$Server.call(RPC.java:1093) [hadoop-common-3.3.1.jar:?]
	at org.apache.hadoop.ipc.Server$RpcCall.run(Server.java:1035) [hadoop-common-3.3.1.jar:?]
	at org.apache.hadoop.ipc.Server$RpcCall.run(Server.java:963) [hadoop-common-3.3.1.jar:?]
	at java.security.AccessController.doPrivileged(Native Method) ~[?:1.8.0_332]
	at javax.security.auth.Subject.doAs(Subject.java:422) [?:1.8.0_332]
	at org.apache.hadoop.security.UserGroupInformation.doAs(UserGroupInformation.java:1878) [hadoop-common-3.3.1.jar:?]
	at org.apache.hadoop.ipc.Server$Handler.run(Server.java:2966) [hadoop-common-3.3.1.jar:?]
01:57:40.247 [IPC Server handler 3 on default port 36611] ERROR OMAudit - user=runner | ip=127.0.0.1 | op=GET_FILE_STATUS {volume=volume58070, bucket=bucket54574, key=gdir1/dir8/child, dataSize=0, replicationConfig=null} | ret=FAILURE
org.apache.hadoop.ozone.om.exceptions.OMException: Unable to get file status: volume: volume58070 bucket: bucket54574 key: gdir1/dir8/child
	at org.apache.hadoop.ozone.om.KeyManagerImpl.getOzoneFileStatus(KeyManagerImpl.java:1311) ~[ozone-manager-1.3.0-SNAPSHOT.jar:?]
	at org.apache.hadoop.ozone.om.KeyManagerImpl.getFileStatus(KeyManagerImpl.java:1241) ~[ozone-manager-1.3.0-SNAPSHOT.jar:?]
	at org.apache.hadoop.ozone.om.OzoneManager.getFileStatus(OzoneManager.java:3467) ~[ozone-manager-1.3.0-SNAPSHOT.jar:?]
	at org.apache.hadoop.ozone.protocolPB.OzoneManagerRequestHandler.getOzoneFileStatus(OzoneManagerRequestHandler.java:878) ~[ozone-manager-1.3.0-SNAPSHOT.jar:?]
	at org.apache.hadoop.ozone.protocolPB.OzoneManagerRequestHandler.handleReadRequest(OzoneManagerRequestHandler.java:224) ~[ozone-manager-1.3.0-SNAPSHOT.jar:?]
	at org.apache.hadoop.ozone.protocolPB.OzoneManagerProtocolServerSideTranslatorPB.submitReadRequestToOM(OzoneManagerProtocolServerSideTranslatorPB.java:226) ~[ozone-manager-1.3.0-SNAPSHOT.jar:?]
	at org.apache.hadoop.ozone.protocolPB.OzoneManagerProtocolServerSideTranslatorPB.processRequest(OzoneManagerProtocolServerSideTranslatorPB.java:175) ~[ozone-manager-1.3.0-SNAPSHOT.jar:?]
	at org.apache.hadoop.hdds.server.OzoneProtocolMessageDispatcher.processRequest(OzoneProtocolMessageDispatcher.java:87) [hdds-server-framework-1.3.0-SNAPSHOT.jar:?]
	at org.apache.hadoop.ozone.protocolPB.OzoneManagerProtocolServerSideTranslatorPB.submitRequest(OzoneManagerProtocolServerSideTranslatorPB.java:147) [ozone-manager-1.3.0-SNAPSHOT.jar:?]
	at org.apache.hadoop.ozone.protocol.proto.OzoneManagerProtocolProtos$OzoneManagerService$2.callBlockingMethod(OzoneManagerProtocolProtos.java) [ozone-interface-client-1.3.0-SNAPSHOT.jar:?]
	at org.apache.hadoop.ipc.ProtobufRpcEngine$Server.processCall(ProtobufRpcEngine.java:466) [hadoop-common-3.3.1.jar:?]
	at org.apache.hadoop.ipc.ProtobufRpcEngine2$Server$ProtoBufRpcInvoker.call(ProtobufRpcEngine2.java:574) [hadoop-common-3.3.1.jar:?]
	at org.apache.hadoop.ipc.ProtobufRpcEngine2$Server$ProtoBufRpcInvoker.call(ProtobufRpcEngine2.java:552) [hadoop-common-3.3.1.jar:?]
	at org.apache.hadoop.ipc.RPC$Server.call(RPC.java:1093) [hadoop-common-3.3.1.jar:?]
	at org.apache.hadoop.ipc.Server$RpcCall.run(Server.java:1035) [hadoop-common-3.3.1.jar:?]
	at org.apache.hadoop.ipc.Server$RpcCall.run(Server.java:963) [hadoop-common-3.3.1.jar:?]
	at java.security.AccessController.doPrivileged(Native Method) ~[?:1.8.0_332]
	at javax.security.auth.Subject.doAs(Subject.java:422) [?:1.8.0_332]
	at org.apache.hadoop.security.UserGroupInformation.doAs(UserGroupInformation.java:1878) [hadoop-common-3.3.1.jar:?]
	at org.apache.hadoop.ipc.Server$Handler.run(Server.java:2966) [hadoop-common-3.3.1.jar:?]
01:57:40.249 [IPC Server handler 19 on default port 36611] ERROR OMAudit - user=runner | ip=127.0.0.1 | op=GET_FILE_STATUS {volume=volume58070, bucket=bucket54574, key=gdir1/dir9, dataSize=0, replicationConfig=null} | ret=FAILURE
org.apache.hadoop.ozone.om.exceptions.OMException: Unable to get file status: volume: volume58070 bucket: bucket54574 key: gdir1/dir9
	at org.apache.hadoop.ozone.om.KeyManagerImpl.getOzoneFileStatus(KeyManagerImpl.java:1311) ~[ozone-manager-1.3.0-SNAPSHOT.jar:?]
	at org.apache.hadoop.ozone.om.KeyManagerImpl.getFileStatus(KeyManagerImpl.java:1241) ~[ozone-manager-1.3.0-SNAPSHOT.jar:?]
	at org.apache.hadoop.ozone.om.OzoneManager.getFileStatus(OzoneManager.java:3467) ~[ozone-manager-1.3.0-SNAPSHOT.jar:?]
	at org.apache.hadoop.ozone.protocolPB.OzoneManagerRequestHandler.getOzoneFileStatus(OzoneManagerRequestHandler.java:878) ~[ozone-manager-1.3.0-SNAPSHOT.jar:?]
	at org.apache.hadoop.ozone.protocolPB.OzoneManagerRequestHandler.handleReadRequest(OzoneManagerRequestHandler.java:224) ~[ozone-manager-1.3.0-SNAPSHOT.jar:?]
	at org.apache.hadoop.ozone.protocolPB.OzoneManagerProtocolServerSideTranslatorPB.submitReadRequestToOM(OzoneManagerProtocolServerSideTranslatorPB.java:226) ~[ozone-manager-1.3.0-SNAPSHOT.jar:?]
	at org.apache.hadoop.ozone.protocolPB.OzoneManagerProtocolServerSideTranslatorPB.processRequest(OzoneManagerProtocolServerSideTranslatorPB.java:175) ~[ozone-manager-1.3.0-SNAPSHOT.jar:?]
	at org.apache.hadoop.hdds.server.OzoneProtocolMessageDispatcher.processRequest(OzoneProtocolMessageDispatcher.java:87) [hdds-server-framework-1.3.0-SNAPSHOT.jar:?]
	at org.apache.hadoop.ozone.protocolPB.OzoneManagerProtocolServerSideTranslatorPB.submitRequest(OzoneManagerProtocolServerSideTranslatorPB.java:147) [ozone-manager-1.3.0-SNAPSHOT.jar:?]
	at org.apache.hadoop.ozone.protocol.proto.OzoneManagerProtocolProtos$OzoneManagerService$2.callBlockingMethod(OzoneManagerProtocolProtos.java) [ozone-interface-client-1.3.0-SNAPSHOT.jar:?]
	at org.apache.hadoop.ipc.ProtobufRpcEngine$Server.processCall(ProtobufRpcEngine.java:466) [hadoop-common-3.3.1.jar:?]
	at org.apache.hadoop.ipc.ProtobufRpcEngine2$Server$ProtoBufRpcInvoker.call(ProtobufRpcEngine2.java:574) [hadoop-common-3.3.1.jar:?]
	at org.apache.hadoop.ipc.ProtobufRpcEngine2$Server$ProtoBufRpcInvoker.call(ProtobufRpcEngine2.java:552) [hadoop-common-3.3.1.jar:?]
	at org.apache.hadoop.ipc.RPC$Server.call(RPC.java:1093) [hadoop-common-3.3.1.jar:?]
	at org.apache.hadoop.ipc.Server$RpcCall.run(Server.java:1035) [hadoop-common-3.3.1.jar:?]
	at org.apache.hadoop.ipc.Server$RpcCall.run(Server.java:963) [hadoop-common-3.3.1.jar:?]
	at java.security.AccessController.doPrivileged(Native Method) ~[?:1.8.0_332]
	at javax.security.auth.Subject.doAs(Subject.java:422) [?:1.8.0_332]
	at org.apache.hadoop.security.UserGroupInformation.doAs(UserGroupInformation.java:1878) [hadoop-common-3.3.1.jar:?]
	at org.apache.hadoop.ipc.Server$Handler.run(Server.java:2966) [hadoop-common-3.3.1.jar:?]
01:57:40.249 [IPC Server handler 16 on default port 36611] ERROR OMAudit - user=runner | ip=127.0.0.1 | op=GET_FILE_STATUS {volume=volume58070, bucket=bucket54574, key=gdir1/dir9/child, dataSize=0, replicationConfig=null} | ret=FAILURE
org.apache.hadoop.ozone.om.exceptions.OMException: Unable to get file status: volume: volume58070 bucket: bucket54574 key: gdir1/dir9/child
	at org.apache.hadoop.ozone.om.KeyManagerImpl.getOzoneFileStatus(KeyManagerImpl.java:1311) ~[ozone-manager-1.3.0-SNAPSHOT.jar:?]
	at org.apache.hadoop.ozone.om.KeyManagerImpl.getFileStatus(KeyManagerImpl.java:1241) ~[ozone-manager-1.3.0-SNAPSHOT.jar:?]
	at org.apache.hadoop.ozone.om.OzoneManager.getFileStatus(OzoneManager.java:3467) ~[ozone-manager-1.3.0-SNAPSHOT.jar:?]
	at org.apache.hadoop.ozone.protocolPB.OzoneManagerRequestHandler.getOzoneFileStatus(OzoneManagerRequestHandler.java:878) ~[ozone-manager-1.3.0-SNAPSHOT.jar:?]
	at org.apache.hadoop.ozone.protocolPB.OzoneManagerRequestHandler.handleReadRequest(OzoneManagerRequestHandler.java:224) ~[ozone-manager-1.3.0-SNAPSHOT.jar:?]
	at org.apache.hadoop.ozone.protocolPB.OzoneManagerProtocolServerSideTranslatorPB.submitReadRequestToOM(OzoneManagerProtocolServerSideTranslatorPB.java:226) ~[ozone-manager-1.3.0-SNAPSHOT.jar:?]
	at org.apache.hadoop.ozone.protocolPB.OzoneManagerProtocolServerSideTranslatorPB.processRequest(OzoneManagerProtocolServerSideTranslatorPB.java:175) ~[ozone-manager-1.3.0-SNAPSHOT.jar:?]
	at org.apache.hadoop.hdds.server.OzoneProtocolMessageDispatcher.processRequest(OzoneProtocolMessageDispatcher.java:87) [hdds-server-framework-1.3.0-SNAPSHOT.jar:?]
	at org.apache.hadoop.ozone.protocolPB.OzoneManagerProtocolServerSideTranslatorPB.submitRequest(OzoneManagerProtocolServerSideTranslatorPB.java:147) [ozone-manager-1.3.0-SNAPSHOT.jar:?]
	at org.apache.hadoop.ozone.protocol.proto.OzoneManagerProtocolProtos$OzoneManagerService$2.callBlockingMethod(OzoneManagerProtocolProtos.java) [ozone-interface-client-1.3.0-SNAPSHOT.jar:?]
	at org.apache.hadoop.ipc.ProtobufRpcEngine$Server.processCall(ProtobufRpcEngine.java:466) [hadoop-common-3.3.1.jar:?]
	at org.apache.hadoop.ipc.ProtobufRpcEngine2$Server$ProtoBufRpcInvoker.call(ProtobufRpcEngine2.java:574) [hadoop-common-3.3.1.jar:?]
	at org.apache.hadoop.ipc.ProtobufRpcEngine2$Server$ProtoBufRpcInvoker.call(ProtobufRpcEngine2.java:552) [hadoop-common-3.3.1.jar:?]
	at org.apache.hadoop.ipc.RPC$Server.call(RPC.java:1093) [hadoop-common-3.3.1.jar:?]
	at org.apache.hadoop.ipc.Server$RpcCall.run(Server.java:1035) [hadoop-common-3.3.1.jar:?]
	at org.apache.hadoop.ipc.Server$RpcCall.run(Server.java:963) [hadoop-common-3.3.1.jar:?]
	at java.security.AccessController.doPrivileged(Native Method) ~[?:1.8.0_332]
	at javax.security.auth.Subject.doAs(Subject.java:422) [?:1.8.0_332]
	at org.apache.hadoop.security.UserGroupInformation.doAs(UserGroupInformation.java:1878) [hadoop-common-3.3.1.jar:?]
	at org.apache.hadoop.ipc.Server$Handler.run(Server.java:2966) [hadoop-common-3.3.1.jar:?]
01:57:40.250 [IPC Server handler 7 on default port 36611] ERROR OMAudit - user=runner | ip=127.0.0.1 | op=GET_FILE_STATUS {volume=volume58070, bucket=bucket54574, key=gdir1/dir10, dataSize=0, replicationConfig=null} | ret=FAILURE
org.apache.hadoop.ozone.om.exceptions.OMException: Unable to get file status: volume: volume58070 bucket: bucket54574 key: gdir1/dir10
	at org.apache.hadoop.ozone.om.KeyManagerImpl.getOzoneFileStatus(KeyManagerImpl.java:1311) ~[ozone-manager-1.3.0-SNAPSHOT.jar:?]
	at org.apache.hadoop.ozone.om.KeyManagerImpl.getFileStatus(KeyManagerImpl.java:1241) ~[ozone-manager-1.3.0-SNAPSHOT.jar:?]
	at org.apache.hadoop.ozone.om.OzoneManager.getFileStatus(OzoneManager.java:3467) ~[ozone-manager-1.3.0-SNAPSHOT.jar:?]
	at org.apache.hadoop.ozone.protocolPB.OzoneManagerRequestHandler.getOzoneFileStatus(OzoneManagerRequestHandler.java:878) ~[ozone-manager-1.3.0-SNAPSHOT.jar:?]
	at org.apache.hadoop.ozone.protocolPB.OzoneManagerRequestHandler.handleReadRequest(OzoneManagerRequestHandler.java:224) ~[ozone-manager-1.3.0-SNAPSHOT.jar:?]
	at org.apache.hadoop.ozone.protocolPB.OzoneManagerProtocolServerSideTranslatorPB.submitReadRequestToOM(OzoneManagerProtocolServerSideTranslatorPB.java:226) ~[ozone-manager-1.3.0-SNAPSHOT.jar:?]
	at org.apache.hadoop.ozone.protocolPB.OzoneManagerProtocolServerSideTranslatorPB.processRequest(OzoneManagerProtocolServerSideTranslatorPB.java:175) ~[ozone-manager-1.3.0-SNAPSHOT.jar:?]
	at org.apache.hadoop.hdds.server.OzoneProtocolMessageDispatcher.processRequest(OzoneProtocolMessageDispatcher.java:87) [hdds-server-framework-1.3.0-SNAPSHOT.jar:?]
	at org.apache.hadoop.ozone.protocolPB.OzoneManagerProtocolServerSideTranslatorPB.submitRequest(OzoneManagerProtocolServerSideTranslatorPB.java:147) [ozone-manager-1.3.0-SNAPSHOT.jar:?]
	at org.apache.hadoop.ozone.protocol.proto.OzoneManagerProtocolProtos$OzoneManagerService$2.callBlockingMethod(OzoneManagerProtocolProtos.java) [ozone-interface-client-1.3.0-SNAPSHOT.jar:?]
	at org.apache.hadoop.ipc.ProtobufRpcEngine$Server.processCall(ProtobufRpcEngine.java:466) [hadoop-common-3.3.1.jar:?]
	at org.apache.hadoop.ipc.ProtobufRpcEngine2$Server$ProtoBufRpcInvoker.call(ProtobufRpcEngine2.java:574) [hadoop-common-3.3.1.jar:?]
	at org.apache.hadoop.ipc.ProtobufRpcEngine2$Server$ProtoBufRpcInvoker.call(ProtobufRpcEngine2.java:552) [hadoop-common-3.3.1.jar:?]
	at org.apache.hadoop.ipc.RPC$Server.call(RPC.java:1093) [hadoop-common-3.3.1.jar:?]
	at org.apache.hadoop.ipc.Server$RpcCall.run(Server.java:1035) [hadoop-common-3.3.1.jar:?]
	at org.apache.hadoop.ipc.Server$RpcCall.run(Server.java:963) [hadoop-common-3.3.1.jar:?]
	at java.security.AccessController.doPrivileged(Native Method) ~[?:1.8.0_332]
	at javax.security.auth.Subject.doAs(Subject.java:422) [?:1.8.0_332]
	at org.apache.hadoop.security.UserGroupInformation.doAs(UserGroupInformation.java:1878) [hadoop-common-3.3.1.jar:?]
	at org.apache.hadoop.ipc.Server$Handler.run(Server.java:2966) [hadoop-common-3.3.1.jar:?]
01:57:40.251 [IPC Server handler 13 on default port 36611] ERROR OMAudit - user=runner | ip=127.0.0.1 | op=GET_FILE_STATUS {volume=volume58070, bucket=bucket54574, key=gdir1/dir10/child, dataSize=0, replicationConfig=null} | ret=FAILURE
org.apache.hadoop.ozone.om.exceptions.OMException: Unable to get file status: volume: volume58070 bucket: bucket54574 key: gdir1/dir10/child
	at org.apache.hadoop.ozone.om.KeyManagerImpl.getOzoneFileStatus(KeyManagerImpl.java:1311) ~[ozone-manager-1.3.0-SNAPSHOT.jar:?]
	at org.apache.hadoop.ozone.om.KeyManagerImpl.getFileStatus(KeyManagerImpl.java:1241) ~[ozone-manager-1.3.0-SNAPSHOT.jar:?]
	at org.apache.hadoop.ozone.om.OzoneManager.getFileStatus(OzoneManager.java:3467) ~[ozone-manager-1.3.0-SNAPSHOT.jar:?]
	at org.apache.hadoop.ozone.protocolPB.OzoneManagerRequestHandler.getOzoneFileStatus(OzoneManagerRequestHandler.java:878) ~[ozone-manager-1.3.0-SNAPSHOT.jar:?]
	at org.apache.hadoop.ozone.protocolPB.OzoneManagerRequestHandler.handleReadRequest(OzoneManagerRequestHandler.java:224) ~[ozone-manager-1.3.0-SNAPSHOT.jar:?]
	at org.apache.hadoop.ozone.protocolPB.OzoneManagerProtocolServerSideTranslatorPB.submitReadRequestToOM(OzoneManagerProtocolServerSideTranslatorPB.java:226) ~[ozone-manager-1.3.0-SNAPSHOT.jar:?]
	at org.apache.hadoop.ozone.protocolPB.OzoneManagerProtocolServerSideTranslatorPB.processRequest(OzoneManagerProtocolServerSideTranslatorPB.java:175) ~[ozone-manager-1.3.0-SNAPSHOT.jar:?]
	at org.apache.hadoop.hdds.server.OzoneProtocolMessageDispatcher.processRequest(OzoneProtocolMessageDispatcher.java:87) [hdds-server-framework-1.3.0-SNAPSHOT.jar:?]
	at org.apache.hadoop.ozone.protocolPB.OzoneManagerProtocolServerSideTranslatorPB.submitRequest(OzoneManagerProtocolServerSideTranslatorPB.java:147) [ozone-manager-1.3.0-SNAPSHOT.jar:?]
	at org.apache.hadoop.ozone.protocol.proto.OzoneManagerProtocolProtos$OzoneManagerService$2.callBlockingMethod(OzoneManagerProtocolProtos.java) [ozone-interface-client-1.3.0-SNAPSHOT.jar:?]
	at org.apache.hadoop.ipc.ProtobufRpcEngine$Server.processCall(ProtobufRpcEngine.java:466) [hadoop-common-3.3.1.jar:?]
	at org.apache.hadoop.ipc.ProtobufRpcEngine2$Server$ProtoBufRpcInvoker.call(ProtobufRpcEngine2.java:574) [hadoop-common-3.3.1.jar:?]
	at org.apache.hadoop.ipc.ProtobufRpcEngine2$Server$ProtoBufRpcInvoker.call(ProtobufRpcEngine2.java:552) [hadoop-common-3.3.1.jar:?]
	at org.apache.hadoop.ipc.RPC$Server.call(RPC.java:1093) [hadoop-common-3.3.1.jar:?]
	at org.apache.hadoop.ipc.Server$RpcCall.run(Server.java:1035) [hadoop-common-3.3.1.jar:?]
	at org.apache.hadoop.ipc.Server$RpcCall.run(Server.java:963) [hadoop-common-3.3.1.jar:?]
	at java.security.AccessController.doPrivileged(Native Method) ~[?:1.8.0_332]
	at javax.security.auth.Subject.doAs(Subject.java:422) [?:1.8.0_332]
	at org.apache.hadoop.security.UserGroupInformation.doAs(UserGroupInformation.java:1878) [hadoop-common-3.3.1.jar:?]
	at org.apache.hadoop.ipc.Server$Handler.run(Server.java:2966) [hadoop-common-3.3.1.jar:?]
01:57:40.379 [IPC Server handler 14 on default port 36611] ERROR OMAudit - user=runner | ip=127.0.0.1 | op=GET_FILE_STATUS {volume=volume58070, bucket=bucket54574, key=level0, dataSize=0, replicationConfig=null} | ret=FAILURE
org.apache.hadoop.ozone.om.exceptions.OMException: Unable to get file status: volume: volume58070 bucket: bucket54574 key: level0
	at org.apache.hadoop.ozone.om.KeyManagerImpl.getOzoneFileStatus(KeyManagerImpl.java:1311) ~[ozone-manager-1.3.0-SNAPSHOT.jar:?]
	at org.apache.hadoop.ozone.om.KeyManagerImpl.getFileStatus(KeyManagerImpl.java:1241) ~[ozone-manager-1.3.0-SNAPSHOT.jar:?]
	at org.apache.hadoop.ozone.om.OzoneManager.getFileStatus(OzoneManager.java:3467) ~[ozone-manager-1.3.0-SNAPSHOT.jar:?]
	at org.apache.hadoop.ozone.protocolPB.OzoneManagerRequestHandler.getOzoneFileStatus(OzoneManagerRequestHandler.java:878) ~[ozone-manager-1.3.0-SNAPSHOT.jar:?]
	at org.apache.hadoop.ozone.protocolPB.OzoneManagerRequestHandler.handleReadRequest(OzoneManagerRequestHandler.java:224) ~[ozone-manager-1.3.0-SNAPSHOT.jar:?]
	at org.apache.hadoop.ozone.protocolPB.OzoneManagerProtocolServerSideTranslatorPB.submitReadRequestToOM(OzoneManagerProtocolServerSideTranslatorPB.java:226) ~[ozone-manager-1.3.0-SNAPSHOT.jar:?]
	at org.apache.hadoop.ozone.protocolPB.OzoneManagerProtocolServerSideTranslatorPB.processRequest(OzoneManagerProtocolServerSideTranslatorPB.java:175) ~[ozone-manager-1.3.0-SNAPSHOT.jar:?]
	at org.apache.hadoop.hdds.server.OzoneProtocolMessageDispatcher.processRequest(OzoneProtocolMessageDispatcher.java:87) [hdds-server-framework-1.3.0-SNAPSHOT.jar:?]
	at org.apache.hadoop.ozone.protocolPB.OzoneManagerProtocolServerSideTranslatorPB.submitRequest(OzoneManagerProtocolServerSideTranslatorPB.java:147) [ozone-manager-1.3.0-SNAPSHOT.jar:?]
	at org.apache.hadoop.ozone.protocol.proto.OzoneManagerProtocolProtos$OzoneManagerService$2.callBlockingMethod(OzoneManagerProtocolProtos.java) [ozone-interface-client-1.3.0-SNAPSHOT.jar:?]
	at org.apache.hadoop.ipc.ProtobufRpcEngine$Server.processCall(ProtobufRpcEngine.java:466) [hadoop-common-3.3.1.jar:?]
	at org.apache.hadoop.ipc.ProtobufRpcEngine2$Server$ProtoBufRpcInvoker.call(ProtobufRpcEngine2.java:574) [hadoop-common-3.3.1.jar:?]
	at org.apache.hadoop.ipc.ProtobufRpcEngine2$Server$ProtoBufRpcInvoker.call(ProtobufRpcEngine2.java:552) [hadoop-common-3.3.1.jar:?]
	at org.apache.hadoop.ipc.RPC$Server.call(RPC.java:1093) [hadoop-common-3.3.1.jar:?]
	at org.apache.hadoop.ipc.Server$RpcCall.run(Server.java:1035) [hadoop-common-3.3.1.jar:?]
	at org.apache.hadoop.ipc.Server$RpcCall.run(Server.java:963) [hadoop-common-3.3.1.jar:?]
	at java.security.AccessController.doPrivileged(Native Method) ~[?:1.8.0_332]
	at javax.security.auth.Subject.doAs(Subject.java:422) [?:1.8.0_332]
	at org.apache.hadoop.security.UserGroupInformation.doAs(UserGroupInformation.java:1878) [hadoop-common-3.3.1.jar:?]
	at org.apache.hadoop.ipc.Server$Handler.run(Server.java:2966) [hadoop-common-3.3.1.jar:?]
01:57:40.379 [IPC Server handler 6 on default port 36611] ERROR OMAudit - user=runner | ip=127.0.0.1 | op=GET_FILE_STATUS {volume=volume58070, bucket=bucket54574, key=level0/level1, dataSize=0, replicationConfig=null} | ret=FAILURE
org.apache.hadoop.ozone.om.exceptions.OMException: Unable to get file status: volume: volume58070 bucket: bucket54574 key: level0/level1
	at org.apache.hadoop.ozone.om.KeyManagerImpl.getOzoneFileStatus(KeyManagerImpl.java:1311) ~[ozone-manager-1.3.0-SNAPSHOT.jar:?]
	at org.apache.hadoop.ozone.om.KeyManagerImpl.getFileStatus(KeyManagerImpl.java:1241) ~[ozone-manager-1.3.0-SNAPSHOT.jar:?]
	at org.apache.hadoop.ozone.om.OzoneManager.getFileStatus(OzoneManager.java:3467) ~[ozone-manager-1.3.0-SNAPSHOT.jar:?]
	at org.apache.hadoop.ozone.protocolPB.OzoneManagerRequestHandler.getOzoneFileStatus(OzoneManagerRequestHandler.java:878) ~[ozone-manager-1.3.0-SNAPSHOT.jar:?]
	at org.apache.hadoop.ozone.protocolPB.OzoneManagerRequestHandler.handleReadRequest(OzoneManagerRequestHandler.java:224) ~[ozone-manager-1.3.0-SNAPSHOT.jar:?]
	at org.apache.hadoop.ozone.protocolPB.OzoneManagerProtocolServerSideTranslatorPB.submitReadRequestToOM(OzoneManagerProtocolServerSideTranslatorPB.java:226) ~[ozone-manager-1.3.0-SNAPSHOT.jar:?]
	at org.apache.hadoop.ozone.protocolPB.OzoneManagerProtocolServerSideTranslatorPB.processRequest(OzoneManagerProtocolServerSideTranslatorPB.java:175) ~[ozone-manager-1.3.0-SNAPSHOT.jar:?]
	at org.apache.hadoop.hdds.server.OzoneProtocolMessageDispatcher.processRequest(OzoneProtocolMessageDispatcher.java:87) [hdds-server-framework-1.3.0-SNAPSHOT.jar:?]
	at org.apache.hadoop.ozone.protocolPB.OzoneManagerProtocolServerSideTranslatorPB.submitRequest(OzoneManagerProtocolServerSideTranslatorPB.java:147) [ozone-manager-1.3.0-SNAPSHOT.jar:?]
	at org.apache.hadoop.ozone.protocol.proto.OzoneManagerProtocolProtos$OzoneManagerService$2.callBlockingMethod(OzoneManagerProtocolProtos.java) [ozone-interface-client-1.3.0-SNAPSHOT.jar:?]
	at org.apache.hadoop.ipc.ProtobufRpcEngine$Server.processCall(ProtobufRpcEngine.java:466) [hadoop-common-3.3.1.jar:?]
	at org.apache.hadoop.ipc.ProtobufRpcEngine2$Server$ProtoBufRpcInvoker.call(ProtobufRpcEngine2.java:574) [hadoop-common-3.3.1.jar:?]
	at org.apache.hadoop.ipc.ProtobufRpcEngine2$Server$ProtoBufRpcInvoker.call(ProtobufRpcEngine2.java:552) [hadoop-common-3.3.1.jar:?]
	at org.apache.hadoop.ipc.RPC$Server.call(RPC.java:1093) [hadoop-common-3.3.1.jar:?]
	at org.apache.hadoop.ipc.Server$RpcCall.run(Server.java:1035) [hadoop-common-3.3.1.jar:?]
	at org.apache.hadoop.ipc.Server$RpcCall.run(Server.java:963) [hadoop-common-3.3.1.jar:?]
	at java.security.AccessController.doPrivileged(Native Method) ~[?:1.8.0_332]
	at javax.security.auth.Subject.doAs(Subject.java:422) [?:1.8.0_332]
	at org.apache.hadoop.security.UserGroupInformation.doAs(UserGroupInformation.java:1878) [hadoop-common-3.3.1.jar:?]
	at org.apache.hadoop.ipc.Server$Handler.run(Server.java:2966) [hadoop-common-3.3.1.jar:?]
01:57:40.380 [IPC Server handler 3 on default port 36611] ERROR OMAudit - user=runner | ip=127.0.0.1 | op=GET_FILE_STATUS {volume=volume58070, bucket=bucket54574, key=level0/level1/level1, dataSize=0, replicationConfig=null} | ret=FAILURE
org.apache.hadoop.ozone.om.exceptions.OMException: Unable to get file status: volume: volume58070 bucket: bucket54574 key: level0/level1/level1
	at org.apache.hadoop.ozone.om.KeyManagerImpl.getOzoneFileStatus(KeyManagerImpl.java:1311) ~[ozone-manager-1.3.0-SNAPSHOT.jar:?]
	at org.apache.hadoop.ozone.om.KeyManagerImpl.getFileStatus(KeyManagerImpl.java:1241) ~[ozone-manager-1.3.0-SNAPSHOT.jar:?]
	at org.apache.hadoop.ozone.om.OzoneManager.getFileStatus(OzoneManager.java:3467) ~[ozone-manager-1.3.0-SNAPSHOT.jar:?]
	at org.apache.hadoop.ozone.protocolPB.OzoneManagerRequestHandler.getOzoneFileStatus(OzoneManagerRequestHandler.java:878) ~[ozone-manager-1.3.0-SNAPSHOT.jar:?]
	at org.apache.hadoop.ozone.protocolPB.OzoneManagerRequestHandler.handleReadRequest(OzoneManagerRequestHandler.java:224) ~[ozone-manager-1.3.0-SNAPSHOT.jar:?]
	at org.apache.hadoop.ozone.protocolPB.OzoneManagerProtocolServerSideTranslatorPB.submitReadRequestToOM(OzoneManagerProtocolServerSideTranslatorPB.java:226) ~[ozone-manager-1.3.0-SNAPSHOT.jar:?]
	at org.apache.hadoop.ozone.protocolPB.OzoneManagerProtocolServerSideTranslatorPB.processRequest(OzoneManagerProtocolServerSideTranslatorPB.java:175) ~[ozone-manager-1.3.0-SNAPSHOT.jar:?]
	at org.apache.hadoop.hdds.server.OzoneProtocolMessageDispatcher.processRequest(OzoneProtocolMessageDispatcher.java:87) [hdds-server-framework-1.3.0-SNAPSHOT.jar:?]
	at org.apache.hadoop.ozone.protocolPB.OzoneManagerProtocolServerSideTranslatorPB.submitRequest(OzoneManagerProtocolServerSideTranslatorPB.java:147) [ozone-manager-1.3.0-SNAPSHOT.jar:?]
	at org.apache.hadoop.ozone.protocol.proto.OzoneManagerProtocolProtos$OzoneManagerService$2.callBlockingMethod(OzoneManagerProtocolProtos.java) [ozone-interface-client-1.3.0-SNAPSHOT.jar:?]
	at org.apache.hadoop.ipc.ProtobufRpcEngine$Server.processCall(ProtobufRpcEngine.java:466) [hadoop-common-3.3.1.jar:?]
	at org.apache.hadoop.ipc.ProtobufRpcEngine2$Server$ProtoBufRpcInvoker.call(ProtobufRpcEngine2.java:574) [hadoop-common-3.3.1.jar:?]
	at org.apache.hadoop.ipc.ProtobufRpcEngine2$Server$ProtoBufRpcInvoker.call(ProtobufRpcEngine2.java:552) [hadoop-common-3.3.1.jar:?]
	at org.apache.hadoop.ipc.RPC$Server.call(RPC.java:1093) [hadoop-common-3.3.1.jar:?]
	at org.apache.hadoop.ipc.Server$RpcCall.run(Server.java:1035) [hadoop-common-3.3.1.jar:?]
	at org.apache.hadoop.ipc.Server$RpcCall.run(Server.java:963) [hadoop-common-3.3.1.jar:?]
	at java.security.AccessController.doPrivileged(Native Method) ~[?:1.8.0_332]
	at javax.security.auth.Subject.doAs(Subject.java:422) [?:1.8.0_332]
	at org.apache.hadoop.security.UserGroupInformation.doAs(UserGroupInformation.java:1878) [hadoop-common-3.3.1.jar:?]
	at org.apache.hadoop.ipc.Server$Handler.run(Server.java:2966) [hadoop-common-3.3.1.jar:?]
01:57:40.381 [IPC Server handler 19 on default port 36611] ERROR OMAudit - user=runner | ip=127.0.0.1 | op=GET_FILE_STATUS {volume=volume58070, bucket=bucket54574, key=level0/level1/file1, dataSize=0, replicationConfig=null} | ret=FAILURE
org.apache.hadoop.ozone.om.exceptions.OMException: Unable to get file status: volume: volume58070 bucket: bucket54574 key: level0/level1/file1
	at org.apache.hadoop.ozone.om.KeyManagerImpl.getOzoneFileStatus(KeyManagerImpl.java:1311) ~[ozone-manager-1.3.0-SNAPSHOT.jar:?]
	at org.apache.hadoop.ozone.om.KeyManagerImpl.getFileStatus(KeyManagerImpl.java:1241) ~[ozone-manager-1.3.0-SNAPSHOT.jar:?]
	at org.apache.hadoop.ozone.om.OzoneManager.getFileStatus(OzoneManager.java:3467) ~[ozone-manager-1.3.0-SNAPSHOT.jar:?]
	at org.apache.hadoop.ozone.protocolPB.OzoneManagerRequestHandler.getOzoneFileStatus(OzoneManagerRequestHandler.java:878) ~[ozone-manager-1.3.0-SNAPSHOT.jar:?]
	at org.apache.hadoop.ozone.protocolPB.OzoneManagerRequestHandler.handleReadRequest(OzoneManagerRequestHandler.java:224) ~[ozone-manager-1.3.0-SNAPSHOT.jar:?]
	at org.apache.hadoop.ozone.protocolPB.OzoneManagerProtocolServerSideTranslatorPB.submitReadRequestToOM(OzoneManagerProtocolServerSideTranslatorPB.java:226) ~[ozone-manager-1.3.0-SNAPSHOT.jar:?]
	at org.apache.hadoop.ozone.protocolPB.OzoneManagerProtocolServerSideTranslatorPB.processRequest(OzoneManagerProtocolServerSideTranslatorPB.java:175) ~[ozone-manager-1.3.0-SNAPSHOT.jar:?]
	at org.apache.hadoop.hdds.server.OzoneProtocolMessageDispatcher.processRequest(OzoneProtocolMessageDispatcher.java:87) [hdds-server-framework-1.3.0-SNAPSHOT.jar:?]
	at org.apache.hadoop.ozone.protocolPB.OzoneManagerProtocolServerSideTranslatorPB.submitRequest(OzoneManagerProtocolServerSideTranslatorPB.java:147) [ozone-manager-1.3.0-SNAPSHOT.jar:?]
	at org.apache.hadoop.ozone.protocol.proto.OzoneManagerProtocolProtos$OzoneManagerService$2.callBlockingMethod(OzoneManagerProtocolProtos.java) [ozone-interface-client-1.3.0-SNAPSHOT.jar:?]
	at org.apache.hadoop.ipc.ProtobufRpcEngine$Server.processCall(ProtobufRpcEngine.java:466) [hadoop-common-3.3.1.jar:?]
	at org.apache.hadoop.ipc.ProtobufRpcEngine2$Server$ProtoBufRpcInvoker.call(ProtobufRpcEngine2.java:574) [hadoop-common-3.3.1.jar:?]
	at org.apache.hadoop.ipc.ProtobufRpcEngine2$Server$ProtoBufRpcInvoker.call(ProtobufRpcEngine2.java:552) [hadoop-common-3.3.1.jar:?]
	at org.apache.hadoop.ipc.RPC$Server.call(RPC.java:1093) [hadoop-common-3.3.1.jar:?]
	at org.apache.hadoop.ipc.Server$RpcCall.run(Server.java:1035) [hadoop-common-3.3.1.jar:?]
	at org.apache.hadoop.ipc.Server$RpcCall.run(Server.java:963) [hadoop-common-3.3.1.jar:?]
	at java.security.AccessController.doPrivileged(Native Method) ~[?:1.8.0_332]
	at javax.security.auth.Subject.doAs(Subject.java:422) [?:1.8.0_332]
	at org.apache.hadoop.security.UserGroupInformation.doAs(UserGroupInformation.java:1878) [hadoop-common-3.3.1.jar:?]
	at org.apache.hadoop.ipc.Server$Handler.run(Server.java:2966) [hadoop-common-3.3.1.jar:?]
01:57:40.391 [IPC Server handler 16 on default port 36611] ERROR OMAudit - user=runner | ip=127.0.0.1 | op=GET_FILE_STATUS {volume=volume58070, bucket=bucket54574, key=level0/level1/level1/file1, dataSize=0, replicationConfig=null} | ret=FAILURE
org.apache.hadoop.ozone.om.exceptions.OMException: Unable to get file status: volume: volume58070 bucket: bucket54574 key: level0/level1/level1/file1
	at org.apache.hadoop.ozone.om.KeyManagerImpl.getOzoneFileStatus(KeyManagerImpl.java:1311) ~[ozone-manager-1.3.0-SNAPSHOT.jar:?]
	at org.apache.hadoop.ozone.om.KeyManagerImpl.getFileStatus(KeyManagerImpl.java:1241) ~[ozone-manager-1.3.0-SNAPSHOT.jar:?]
	at org.apache.hadoop.ozone.om.OzoneManager.getFileStatus(OzoneManager.java:3467) ~[ozone-manager-1.3.0-SNAPSHOT.jar:?]
	at org.apache.hadoop.ozone.protocolPB.OzoneManagerRequestHandler.getOzoneFileStatus(OzoneManagerRequestHandler.java:878) ~[ozone-manager-1.3.0-SNAPSHOT.jar:?]
	at org.apache.hadoop.ozone.protocolPB.OzoneManagerRequestHandler.handleReadRequest(OzoneManagerRequestHandler.java:224) ~[ozone-manager-1.3.0-SNAPSHOT.jar:?]
	at org.apache.hadoop.ozone.protocolPB.OzoneManagerProtocolServerSideTranslatorPB.submitReadRequestToOM(OzoneManagerProtocolServerSideTranslatorPB.java:226) ~[ozone-manager-1.3.0-SNAPSHOT.jar:?]
	at org.apache.hadoop.ozone.protocolPB.OzoneManagerProtocolServerSideTranslatorPB.processRequest(OzoneManagerProtocolServerSideTranslatorPB.java:175) ~[ozone-manager-1.3.0-SNAPSHOT.jar:?]
	at org.apache.hadoop.hdds.server.OzoneProtocolMessageDispatcher.processRequest(OzoneProtocolMessageDispatcher.java:87) [hdds-server-framework-1.3.0-SNAPSHOT.jar:?]
	at org.apache.hadoop.ozone.protocolPB.OzoneManagerProtocolServerSideTranslatorPB.submitRequest(OzoneManagerProtocolServerSideTranslatorPB.java:147) [ozone-manager-1.3.0-SNAPSHOT.jar:?]
	at org.apache.hadoop.ozone.protocol.proto.OzoneManagerProtocolProtos$OzoneManagerService$2.callBlockingMethod(OzoneManagerProtocolProtos.java) [ozone-interface-client-1.3.0-SNAPSHOT.jar:?]
	at org.apache.hadoop.ipc.ProtobufRpcEngine$Server.processCall(ProtobufRpcEngine.java:466) [hadoop-common-3.3.1.jar:?]
	at org.apache.hadoop.ipc.ProtobufRpcEngine2$Server$ProtoBufRpcInvoker.call(ProtobufRpcEngine2.java:574) [hadoop-common-3.3.1.jar:?]
	at org.apache.hadoop.ipc.ProtobufRpcEngine2$Server$ProtoBufRpcInvoker.call(ProtobufRpcEngine2.java:552) [hadoop-common-3.3.1.jar:?]
	at org.apache.hadoop.ipc.RPC$Server.call(RPC.java:1093) [hadoop-common-3.3.1.jar:?]
	at org.apache.hadoop.ipc.Server$RpcCall.run(Server.java:1035) [hadoop-common-3.3.1.jar:?]
	at org.apache.hadoop.ipc.Server$RpcCall.run(Server.java:963) [hadoop-common-3.3.1.jar:?]
	at java.security.AccessController.doPrivileged(Native Method) ~[?:1.8.0_332]
	at javax.security.auth.Subject.doAs(Subject.java:422) [?:1.8.0_332]
	at org.apache.hadoop.security.UserGroupInformation.doAs(UserGroupInformation.java:1878) [hadoop-common-3.3.1.jar:?]
	at org.apache.hadoop.ipc.Server$Handler.run(Server.java:2966) [hadoop-common-3.3.1.jar:?]
01:57:40.397 [IPC Server handler 7 on default port 36611] ERROR OMAudit - user=runner | ip=127.0.0.1 | op=GET_FILE_STATUS {volume=volume58070, bucket=bucket54574, key=level0/level2, dataSize=0, replicationConfig=null} | ret=FAILURE
org.apache.hadoop.ozone.om.exceptions.OMException: Unable to get file status: volume: volume58070 bucket: bucket54574 key: level0/level2
	at org.apache.hadoop.ozone.om.KeyManagerImpl.getOzoneFileStatus(KeyManagerImpl.java:1311) ~[ozone-manager-1.3.0-SNAPSHOT.jar:?]
	at org.apache.hadoop.ozone.om.KeyManagerImpl.getFileStatus(KeyManagerImpl.java:1241) ~[ozone-manager-1.3.0-SNAPSHOT.jar:?]
	at org.apache.hadoop.ozone.om.OzoneManager.getFileStatus(OzoneManager.java:3467) ~[ozone-manager-1.3.0-SNAPSHOT.jar:?]
	at org.apache.hadoop.ozone.protocolPB.OzoneManagerRequestHandler.getOzoneFileStatus(OzoneManagerRequestHandler.java:878) ~[ozone-manager-1.3.0-SNAPSHOT.jar:?]
	at org.apache.hadoop.ozone.protocolPB.OzoneManagerRequestHandler.handleReadRequest(OzoneManagerRequestHandler.java:224) ~[ozone-manager-1.3.0-SNAPSHOT.jar:?]
	at org.apache.hadoop.ozone.protocolPB.OzoneManagerProtocolServerSideTranslatorPB.submitReadRequestToOM(OzoneManagerProtocolServerSideTranslatorPB.java:226) ~[ozone-manager-1.3.0-SNAPSHOT.jar:?]
	at org.apache.hadoop.ozone.protocolPB.OzoneManagerProtocolServerSideTranslatorPB.processRequest(OzoneManagerProtocolServerSideTranslatorPB.java:175) ~[ozone-manager-1.3.0-SNAPSHOT.jar:?]
	at org.apache.hadoop.hdds.server.OzoneProtocolMessageDispatcher.processRequest(OzoneProtocolMessageDispatcher.java:87) [hdds-server-framework-1.3.0-SNAPSHOT.jar:?]
	at org.apache.hadoop.ozone.protocolPB.OzoneManagerProtocolServerSideTranslatorPB.submitRequest(OzoneManagerProtocolServerSideTranslatorPB.java:147) [ozone-manager-1.3.0-SNAPSHOT.jar:?]
	at org.apache.hadoop.ozone.protocol.proto.OzoneManagerProtocolProtos$OzoneManagerService$2.callBlockingMethod(OzoneManagerProtocolProtos.java) [ozone-interface-client-1.3.0-SNAPSHOT.jar:?]
	at org.apache.hadoop.ipc.ProtobufRpcEngine$Server.processCall(ProtobufRpcEngine.java:466) [hadoop-common-3.3.1.jar:?]
	at org.apache.hadoop.ipc.ProtobufRpcEngine2$Server$ProtoBufRpcInvoker.call(ProtobufRpcEngine2.java:574) [hadoop-common-3.3.1.jar:?]
	at org.apache.hadoop.ipc.ProtobufRpcEngine2$Server$ProtoBufRpcInvoker.call(ProtobufRpcEngine2.java:552) [hadoop-common-3.3.1.jar:?]
	at org.apache.hadoop.ipc.RPC$Server.call(RPC.java:1093) [hadoop-common-3.3.1.jar:?]
	at org.apache.hadoop.ipc.Server$RpcCall.run(Server.java:1035) [hadoop-common-3.3.1.jar:?]
	at org.apache.hadoop.ipc.Server$RpcCall.run(Server.java:963) [hadoop-common-3.3.1.jar:?]
	at java.security.AccessController.doPrivileged(Native Method) ~[?:1.8.0_332]
	at javax.security.auth.Subject.doAs(Subject.java:422) [?:1.8.0_332]
	at org.apache.hadoop.security.UserGroupInformation.doAs(UserGroupInformation.java:1878) [hadoop-common-3.3.1.jar:?]
	at org.apache.hadoop.ipc.Server$Handler.run(Server.java:2966) [hadoop-common-3.3.1.jar:?]
01:57:40.397 [IPC Server handler 13 on default port 36611] ERROR OMAudit - user=runner | ip=127.0.0.1 | op=GET_FILE_STATUS {volume=volume58070, bucket=bucket54574, key=level0/level2/level2, dataSize=0, replicationConfig=null} | ret=FAILURE
org.apache.hadoop.ozone.om.exceptions.OMException: Unable to get file status: volume: volume58070 bucket: bucket54574 key: level0/level2/level2
	at org.apache.hadoop.ozone.om.KeyManagerImpl.getOzoneFileStatus(KeyManagerImpl.java:1311) ~[ozone-manager-1.3.0-SNAPSHOT.jar:?]
	at org.apache.hadoop.ozone.om.KeyManagerImpl.getFileStatus(KeyManagerImpl.java:1241) ~[ozone-manager-1.3.0-SNAPSHOT.jar:?]
	at org.apache.hadoop.ozone.om.OzoneManager.getFileStatus(OzoneManager.java:3467) ~[ozone-manager-1.3.0-SNAPSHOT.jar:?]
	at org.apache.hadoop.ozone.protocolPB.OzoneManagerRequestHandler.getOzoneFileStatus(OzoneManagerRequestHandler.java:878) ~[ozone-manager-1.3.0-SNAPSHOT.jar:?]
	at org.apache.hadoop.ozone.protocolPB.OzoneManagerRequestHandler.handleReadRequest(OzoneManagerRequestHandler.java:224) ~[ozone-manager-1.3.0-SNAPSHOT.jar:?]
	at org.apache.hadoop.ozone.protocolPB.OzoneManagerProtocolServerSideTranslatorPB.submitReadRequestToOM(OzoneManagerProtocolServerSideTranslatorPB.java:226) ~[ozone-manager-1.3.0-SNAPSHOT.jar:?]
	at org.apache.hadoop.ozone.protocolPB.OzoneManagerProtocolServerSideTranslatorPB.processRequest(OzoneManagerProtocolServerSideTranslatorPB.java:175) ~[ozone-manager-1.3.0-SNAPSHOT.jar:?]
	at org.apache.hadoop.hdds.server.OzoneProtocolMessageDispatcher.processRequest(OzoneProtocolMessageDispatcher.java:87) [hdds-server-framework-1.3.0-SNAPSHOT.jar:?]
	at org.apache.hadoop.ozone.protocolPB.OzoneManagerProtocolServerSideTranslatorPB.submitRequest(OzoneManagerProtocolServerSideTranslatorPB.java:147) [ozone-manager-1.3.0-SNAPSHOT.jar:?]
	at org.apache.hadoop.ozone.protocol.proto.OzoneManagerProtocolProtos$OzoneManagerService$2.callBlockingMethod(OzoneManagerProtocolProtos.java) [ozone-interface-client-1.3.0-SNAPSHOT.jar:?]
	at org.apache.hadoop.ipc.ProtobufRpcEngine$Server.processCall(ProtobufRpcEngine.java:466) [hadoop-common-3.3.1.jar:?]
	at org.apache.hadoop.ipc.ProtobufRpcEngine2$Server$ProtoBufRpcInvoker.call(ProtobufRpcEngine2.java:574) [hadoop-common-3.3.1.jar:?]
	at org.apache.hadoop.ipc.ProtobufRpcEngine2$Server$ProtoBufRpcInvoker.call(ProtobufRpcEngine2.java:552) [hadoop-common-3.3.1.jar:?]
	at org.apache.hadoop.ipc.RPC$Server.call(RPC.java:1093) [hadoop-common-3.3.1.jar:?]
	at org.apache.hadoop.ipc.Server$RpcCall.run(Server.java:1035) [hadoop-common-3.3.1.jar:?]
	at org.apache.hadoop.ipc.Server$RpcCall.run(Server.java:963) [hadoop-common-3.3.1.jar:?]
	at java.security.AccessController.doPrivileged(Native Method) ~[?:1.8.0_332]
	at javax.security.auth.Subject.doAs(Subject.java:422) [?:1.8.0_332]
	at org.apache.hadoop.security.UserGroupInformation.doAs(UserGroupInformation.java:1878) [hadoop-common-3.3.1.jar:?]
	at org.apache.hadoop.ipc.Server$Handler.run(Server.java:2966) [hadoop-common-3.3.1.jar:?]
01:57:40.398 [IPC Server handler 18 on default port 36611] ERROR OMAudit - user=runner | ip=127.0.0.1 | op=GET_FILE_STATUS {volume=volume58070, bucket=bucket54574, key=level0/level2/file1, dataSize=0, replicationConfig=null} | ret=FAILURE
org.apache.hadoop.ozone.om.exceptions.OMException: Unable to get file status: volume: volume58070 bucket: bucket54574 key: level0/level2/file1
	at org.apache.hadoop.ozone.om.KeyManagerImpl.getOzoneFileStatus(KeyManagerImpl.java:1311) ~[ozone-manager-1.3.0-SNAPSHOT.jar:?]
	at org.apache.hadoop.ozone.om.KeyManagerImpl.getFileStatus(KeyManagerImpl.java:1241) ~[ozone-manager-1.3.0-SNAPSHOT.jar:?]
	at org.apache.hadoop.ozone.om.OzoneManager.getFileStatus(OzoneManager.java:3467) ~[ozone-manager-1.3.0-SNAPSHOT.jar:?]
	at org.apache.hadoop.ozone.protocolPB.OzoneManagerRequestHandler.getOzoneFileStatus(OzoneManagerRequestHandler.java:878) ~[ozone-manager-1.3.0-SNAPSHOT.jar:?]
	at org.apache.hadoop.ozone.protocolPB.OzoneManagerRequestHandler.handleReadRequest(OzoneManagerRequestHandler.java:224) ~[ozone-manager-1.3.0-SNAPSHOT.jar:?]
	at org.apache.hadoop.ozone.protocolPB.OzoneManagerProtocolServerSideTranslatorPB.submitReadRequestToOM(OzoneManagerProtocolServerSideTranslatorPB.java:226) ~[ozone-manager-1.3.0-SNAPSHOT.jar:?]
	at org.apache.hadoop.ozone.protocolPB.OzoneManagerProtocolServerSideTranslatorPB.processRequest(OzoneManagerProtocolServerSideTranslatorPB.java:175) ~[ozone-manager-1.3.0-SNAPSHOT.jar:?]
	at org.apache.hadoop.hdds.server.OzoneProtocolMessageDispatcher.processRequest(OzoneProtocolMessageDispatcher.java:87) [hdds-server-framework-1.3.0-SNAPSHOT.jar:?]
	at org.apache.hadoop.ozone.protocolPB.OzoneManagerProtocolServerSideTranslatorPB.submitRequest(OzoneManagerProtocolServerSideTranslatorPB.java:147) [ozone-manager-1.3.0-SNAPSHOT.jar:?]
	at org.apache.hadoop.ozone.protocol.proto.OzoneManagerProtocolProtos$OzoneManagerService$2.callBlockingMethod(OzoneManagerProtocolProtos.java) [ozone-interface-client-1.3.0-SNAPSHOT.jar:?]
	at org.apache.hadoop.ipc.ProtobufRpcEngine$Server.processCall(ProtobufRpcEngine.java:466) [hadoop-common-3.3.1.jar:?]
	at org.apache.hadoop.ipc.ProtobufRpcEngine2$Server$ProtoBufRpcInvoker.call(ProtobufRpcEngine2.java:574) [hadoop-common-3.3.1.jar:?]
	at org.apache.hadoop.ipc.ProtobufRpcEngine2$Server$ProtoBufRpcInvoker.call(ProtobufRpcEngine2.java:552) [hadoop-common-3.3.1.jar:?]
	at org.apache.hadoop.ipc.RPC$Server.call(RPC.java:1093) [hadoop-common-3.3.1.jar:?]
	at org.apache.hadoop.ipc.Server$RpcCall.run(Server.java:1035) [hadoop-common-3.3.1.jar:?]
	at org.apache.hadoop.ipc.Server$RpcCall.run(Server.java:963) [hadoop-common-3.3.1.jar:?]
	at java.security.AccessController.doPrivileged(Native Method) ~[?:1.8.0_332]
	at javax.security.auth.Subject.doAs(Subject.java:422) [?:1.8.0_332]
	at org.apache.hadoop.security.UserGroupInformation.doAs(UserGroupInformation.java:1878) [hadoop-common-3.3.1.jar:?]
	at org.apache.hadoop.ipc.Server$Handler.run(Server.java:2966) [hadoop-common-3.3.1.jar:?]
01:57:40.399 [IPC Server handler 1 on default port 36611] ERROR OMAudit - user=runner | ip=127.0.0.1 | op=GET_FILE_STATUS {volume=volume58070, bucket=bucket54574, key=level0/level2/level2/file1, dataSize=0, replicationConfig=null} | ret=FAILURE
org.apache.hadoop.ozone.om.exceptions.OMException: Unable to get file status: volume: volume58070 bucket: bucket54574 key: level0/level2/level2/file1
	at org.apache.hadoop.ozone.om.KeyManagerImpl.getOzoneFileStatus(KeyManagerImpl.java:1311) ~[ozone-manager-1.3.0-SNAPSHOT.jar:?]
	at org.apache.hadoop.ozone.om.KeyManagerImpl.getFileStatus(KeyManagerImpl.java:1241) ~[ozone-manager-1.3.0-SNAPSHOT.jar:?]
	at org.apache.hadoop.ozone.om.OzoneManager.getFileStatus(OzoneManager.java:3467) ~[ozone-manager-1.3.0-SNAPSHOT.jar:?]
	at org.apache.hadoop.ozone.protocolPB.OzoneManagerRequestHandler.getOzoneFileStatus(OzoneManagerRequestHandler.java:878) ~[ozone-manager-1.3.0-SNAPSHOT.jar:?]
	at org.apache.hadoop.ozone.protocolPB.OzoneManagerRequestHandler.handleReadRequest(OzoneManagerRequestHandler.java:224) ~[ozone-manager-1.3.0-SNAPSHOT.jar:?]
	at org.apache.hadoop.ozone.protocolPB.OzoneManagerProtocolServerSideTranslatorPB.submitReadRequestToOM(OzoneManagerProtocolServerSideTranslatorPB.java:226) ~[ozone-manager-1.3.0-SNAPSHOT.jar:?]
	at org.apache.hadoop.ozone.protocolPB.OzoneManagerProtocolServerSideTranslatorPB.processRequest(OzoneManagerProtocolServerSideTranslatorPB.java:175) ~[ozone-manager-1.3.0-SNAPSHOT.jar:?]
	at org.apache.hadoop.hdds.server.OzoneProtocolMessageDispatcher.processRequest(OzoneProtocolMessageDispatcher.java:87) [hdds-server-framework-1.3.0-SNAPSHOT.jar:?]
	at org.apache.hadoop.ozone.protocolPB.OzoneManagerProtocolServerSideTranslatorPB.submitRequest(OzoneManagerProtocolServerSideTranslatorPB.java:147) [ozone-manager-1.3.0-SNAPSHOT.jar:?]
	at org.apache.hadoop.ozone.protocol.proto.OzoneManagerProtocolProtos$OzoneManagerService$2.callBlockingMethod(OzoneManagerProtocolProtos.java) [ozone-interface-client-1.3.0-SNAPSHOT.jar:?]
	at org.apache.hadoop.ipc.ProtobufRpcEngine$Server.processCall(ProtobufRpcEngine.java:466) [hadoop-common-3.3.1.jar:?]
	at org.apache.hadoop.ipc.ProtobufRpcEngine2$Server$ProtoBufRpcInvoker.call(ProtobufRpcEngine2.java:574) [hadoop-common-3.3.1.jar:?]
	at org.apache.hadoop.ipc.ProtobufRpcEngine2$Server$ProtoBufRpcInvoker.call(ProtobufRpcEngine2.java:552) [hadoop-common-3.3.1.jar:?]
	at org.apache.hadoop.ipc.RPC$Server.call(RPC.java:1093) [hadoop-common-3.3.1.jar:?]
	at org.apache.hadoop.ipc.Server$RpcCall.run(Server.java:1035) [hadoop-common-3.3.1.jar:?]
	at org.apache.hadoop.ipc.Server$RpcCall.run(Server.java:963) [hadoop-common-3.3.1.jar:?]
	at java.security.AccessController.doPrivileged(Native Method) ~[?:1.8.0_332]
	at javax.security.auth.Subject.doAs(Subject.java:422) [?:1.8.0_332]
	at org.apache.hadoop.security.UserGroupInformation.doAs(UserGroupInformation.java:1878) [hadoop-common-3.3.1.jar:?]
	at org.apache.hadoop.ipc.Server$Handler.run(Server.java:2966) [hadoop-common-3.3.1.jar:?]
01:57:40.401 [IPC Server handler 0 on default port 36611] ERROR OMAudit - user=runner | ip=127.0.0.1 | op=GET_FILE_STATUS {volume=volume58070, bucket=bucket54574, key=level0/level3, dataSize=0, replicationConfig=null} | ret=FAILURE
org.apache.hadoop.ozone.om.exceptions.OMException: Unable to get file status: volume: volume58070 bucket: bucket54574 key: level0/level3
	at org.apache.hadoop.ozone.om.KeyManagerImpl.getOzoneFileStatus(KeyManagerImpl.java:1311) ~[ozone-manager-1.3.0-SNAPSHOT.jar:?]
	at org.apache.hadoop.ozone.om.KeyManagerImpl.getFileStatus(KeyManagerImpl.java:1241) ~[ozone-manager-1.3.0-SNAPSHOT.jar:?]
	at org.apache.hadoop.ozone.om.OzoneManager.getFileStatus(OzoneManager.java:3467) ~[ozone-manager-1.3.0-SNAPSHOT.jar:?]
	at org.apache.hadoop.ozone.protocolPB.OzoneManagerRequestHandler.getOzoneFileStatus(OzoneManagerRequestHandler.java:878) ~[ozone-manager-1.3.0-SNAPSHOT.jar:?]
	at org.apache.hadoop.ozone.protocolPB.OzoneManagerRequestHandler.handleReadRequest(OzoneManagerRequestHandler.java:224) ~[ozone-manager-1.3.0-SNAPSHOT.jar:?]
	at org.apache.hadoop.ozone.protocolPB.OzoneManagerProtocolServerSideTranslatorPB.submitReadRequestToOM(OzoneManagerProtocolServerSideTranslatorPB.java:226) ~[ozone-manager-1.3.0-SNAPSHOT.jar:?]
	at org.apache.hadoop.ozone.protocolPB.OzoneManagerProtocolServerSideTranslatorPB.processRequest(OzoneManagerProtocolServerSideTranslatorPB.java:175) ~[ozone-manager-1.3.0-SNAPSHOT.jar:?]
	at org.apache.hadoop.hdds.server.OzoneProtocolMessageDispatcher.processRequest(OzoneProtocolMessageDispatcher.java:87) [hdds-server-framework-1.3.0-SNAPSHOT.jar:?]
	at org.apache.hadoop.ozone.protocolPB.OzoneManagerProtocolServerSideTranslatorPB.submitRequest(OzoneManagerProtocolServerSideTranslatorPB.java:147) [ozone-manager-1.3.0-SNAPSHOT.jar:?]
	at org.apache.hadoop.ozone.protocol.proto.OzoneManagerProtocolProtos$OzoneManagerService$2.callBlockingMethod(OzoneManagerProtocolProtos.java) [ozone-interface-client-1.3.0-SNAPSHOT.jar:?]
	at org.apache.hadoop.ipc.ProtobufRpcEngine$Server.processCall(ProtobufRpcEngine.java:466) [hadoop-common-3.3.1.jar:?]
	at org.apache.hadoop.ipc.ProtobufRpcEngine2$Server$ProtoBufRpcInvoker.call(ProtobufRpcEngine2.java:574) [hadoop-common-3.3.1.jar:?]
	at org.apache.hadoop.ipc.ProtobufRpcEngine2$Server$ProtoBufRpcInvoker.call(ProtobufRpcEngine2.java:552) [hadoop-common-3.3.1.jar:?]
	at org.apache.hadoop.ipc.RPC$Server.call(RPC.java:1093) [hadoop-common-3.3.1.jar:?]
	at org.apache.hadoop.ipc.Server$RpcCall.run(Server.java:1035) [hadoop-common-3.3.1.jar:?]
	at org.apache.hadoop.ipc.Server$RpcCall.run(Server.java:963) [hadoop-common-3.3.1.jar:?]
	at java.security.AccessController.doPrivileged(Native Method) ~[?:1.8.0_332]
	at javax.security.auth.Subject.doAs(Subject.java:422) [?:1.8.0_332]
	at org.apache.hadoop.security.UserGroupInformation.doAs(UserGroupInformation.java:1878) [hadoop-common-3.3.1.jar:?]
	at org.apache.hadoop.ipc.Server$Handler.run(Server.java:2966) [hadoop-common-3.3.1.jar:?]
01:57:40.402 [IPC Server handler 9 on default port 36611] ERROR OMAudit - user=runner | ip=127.0.0.1 | op=GET_FILE_STATUS {volume=volume58070, bucket=bucket54574, key=level0/level3/level3, dataSize=0, replicationConfig=null} | ret=FAILURE
org.apache.hadoop.ozone.om.exceptions.OMException: Unable to get file status: volume: volume58070 bucket: bucket54574 key: level0/level3/level3
	at org.apache.hadoop.ozone.om.KeyManagerImpl.getOzoneFileStatus(KeyManagerImpl.java:1311) ~[ozone-manager-1.3.0-SNAPSHOT.jar:?]
	at org.apache.hadoop.ozone.om.KeyManagerImpl.getFileStatus(KeyManagerImpl.java:1241) ~[ozone-manager-1.3.0-SNAPSHOT.jar:?]
	at org.apache.hadoop.ozone.om.OzoneManager.getFileStatus(OzoneManager.java:3467) ~[ozone-manager-1.3.0-SNAPSHOT.jar:?]
	at org.apache.hadoop.ozone.protocolPB.OzoneManagerRequestHandler.getOzoneFileStatus(OzoneManagerRequestHandler.java:878) ~[ozone-manager-1.3.0-SNAPSHOT.jar:?]
	at org.apache.hadoop.ozone.protocolPB.OzoneManagerRequestHandler.handleReadRequest(OzoneManagerRequestHandler.java:224) ~[ozone-manager-1.3.0-SNAPSHOT.jar:?]
	at org.apache.hadoop.ozone.protocolPB.OzoneManagerProtocolServerSideTranslatorPB.submitReadRequestToOM(OzoneManagerProtocolServerSideTranslatorPB.java:226) ~[ozone-manager-1.3.0-SNAPSHOT.jar:?]
	at org.apache.hadoop.ozone.protocolPB.OzoneManagerProtocolServerSideTranslatorPB.processRequest(OzoneManagerProtocolServerSideTranslatorPB.java:175) ~[ozone-manager-1.3.0-SNAPSHOT.jar:?]
	at org.apache.hadoop.hdds.server.OzoneProtocolMessageDispatcher.processRequest(OzoneProtocolMessageDispatcher.java:87) [hdds-server-framework-1.3.0-SNAPSHOT.jar:?]
	at org.apache.hadoop.ozone.protocolPB.OzoneManagerProtocolServerSideTranslatorPB.submitRequest(OzoneManagerProtocolServerSideTranslatorPB.java:147) [ozone-manager-1.3.0-SNAPSHOT.jar:?]
	at org.apache.hadoop.ozone.protocol.proto.OzoneManagerProtocolProtos$OzoneManagerService$2.callBlockingMethod(OzoneManagerProtocolProtos.java) [ozone-interface-client-1.3.0-SNAPSHOT.jar:?]
	at org.apache.hadoop.ipc.ProtobufRpcEngine$Server.processCall(ProtobufRpcEngine.java:466) [hadoop-common-3.3.1.jar:?]
	at org.apache.hadoop.ipc.ProtobufRpcEngine2$Server$ProtoBufRpcInvoker.call(ProtobufRpcEngine2.java:574) [hadoop-common-3.3.1.jar:?]
	at org.apache.hadoop.ipc.ProtobufRpcEngine2$Server$ProtoBufRpcInvoker.call(ProtobufRpcEngine2.java:552) [hadoop-common-3.3.1.jar:?]
	at org.apache.hadoop.ipc.RPC$Server.call(RPC.java:1093) [hadoop-common-3.3.1.jar:?]
	at org.apache.hadoop.ipc.Server$RpcCall.run(Server.java:1035) [hadoop-common-3.3.1.jar:?]
	at org.apache.hadoop.ipc.Server$RpcCall.run(Server.java:963) [hadoop-common-3.3.1.jar:?]
	at java.security.AccessController.doPrivileged(Native Method) ~[?:1.8.0_332]
	at javax.security.auth.Subject.doAs(Subject.java:422) [?:1.8.0_332]
	at org.apache.hadoop.security.UserGroupInformation.doAs(UserGroupInformation.java:1878) [hadoop-common-3.3.1.jar:?]
	at org.apache.hadoop.ipc.Server$Handler.run(Server.java:2966) [hadoop-common-3.3.1.jar:?]
01:57:40.403 [IPC Server handler 12 on default port 36611] ERROR OMAudit - user=runner | ip=127.0.0.1 | op=GET_FILE_STATUS {volume=volume58070, bucket=bucket54574, key=level0/level3/file1, dataSize=0, replicationConfig=null} | ret=FAILURE
org.apache.hadoop.ozone.om.exceptions.OMException: Unable to get file status: volume: volume58070 bucket: bucket54574 key: level0/level3/file1
	at org.apache.hadoop.ozone.om.KeyManagerImpl.getOzoneFileStatus(KeyManagerImpl.java:1311) ~[ozone-manager-1.3.0-SNAPSHOT.jar:?]
	at org.apache.hadoop.ozone.om.KeyManagerImpl.getFileStatus(KeyManagerImpl.java:1241) ~[ozone-manager-1.3.0-SNAPSHOT.jar:?]
	at org.apache.hadoop.ozone.om.OzoneManager.getFileStatus(OzoneManager.java:3467) ~[ozone-manager-1.3.0-SNAPSHOT.jar:?]
	at org.apache.hadoop.ozone.protocolPB.OzoneManagerRequestHandler.getOzoneFileStatus(OzoneManagerRequestHandler.java:878) ~[ozone-manager-1.3.0-SNAPSHOT.jar:?]
	at org.apache.hadoop.ozone.protocolPB.OzoneManagerRequestHandler.handleReadRequest(OzoneManagerRequestHandler.java:224) ~[ozone-manager-1.3.0-SNAPSHOT.jar:?]
	at org.apache.hadoop.ozone.protocolPB.OzoneManagerProtocolServerSideTranslatorPB.submitReadRequestToOM(OzoneManagerProtocolServerSideTranslatorPB.java:226) ~[ozone-manager-1.3.0-SNAPSHOT.jar:?]
	at org.apache.hadoop.ozone.protocolPB.OzoneManagerProtocolServerSideTranslatorPB.processRequest(OzoneManagerProtocolServerSideTranslatorPB.java:175) ~[ozone-manager-1.3.0-SNAPSHOT.jar:?]
	at org.apache.hadoop.hdds.server.OzoneProtocolMessageDispatcher.processRequest(OzoneProtocolMessageDispatcher.java:87) [hdds-server-framework-1.3.0-SNAPSHOT.jar:?]
	at org.apache.hadoop.ozone.protocolPB.OzoneManagerProtocolServerSideTranslatorPB.submitRequest(OzoneManagerProtocolServerSideTranslatorPB.java:147) [ozone-manager-1.3.0-SNAPSHOT.jar:?]
	at org.apache.hadoop.ozone.protocol.proto.OzoneManagerProtocolProtos$OzoneManagerService$2.callBlockingMethod(OzoneManagerProtocolProtos.java) [ozone-interface-client-1.3.0-SNAPSHOT.jar:?]
	at org.apache.hadoop.ipc.ProtobufRpcEngine$Server.processCall(ProtobufRpcEngine.java:466) [hadoop-common-3.3.1.jar:?]
	at org.apache.hadoop.ipc.ProtobufRpcEngine2$Server$ProtoBufRpcInvoker.call(ProtobufRpcEngine2.java:574) [hadoop-common-3.3.1.jar:?]
	at org.apache.hadoop.ipc.ProtobufRpcEngine2$Server$ProtoBufRpcInvoker.call(ProtobufRpcEngine2.java:552) [hadoop-common-3.3.1.jar:?]
	at org.apache.hadoop.ipc.RPC$Server.call(RPC.java:1093) [hadoop-common-3.3.1.jar:?]
	at org.apache.hadoop.ipc.Server$RpcCall.run(Server.java:1035) [hadoop-common-3.3.1.jar:?]
	at org.apache.hadoop.ipc.Server$RpcCall.run(Server.java:963) [hadoop-common-3.3.1.jar:?]
	at java.security.AccessController.doPrivileged(Native Method) ~[?:1.8.0_332]
	at javax.security.auth.Subject.doAs(Subject.java:422) [?:1.8.0_332]
	at org.apache.hadoop.security.UserGroupInformation.doAs(UserGroupInformation.java:1878) [hadoop-common-3.3.1.jar:?]
	at org.apache.hadoop.ipc.Server$Handler.run(Server.java:2966) [hadoop-common-3.3.1.jar:?]
01:57:40.405 [IPC Server handler 4 on default port 36611] ERROR OMAudit - user=runner | ip=127.0.0.1 | op=GET_FILE_STATUS {volume=volume58070, bucket=bucket54574, key=level0/level3/level3/file1, dataSize=0, replicationConfig=null} | ret=FAILURE
org.apache.hadoop.ozone.om.exceptions.OMException: Unable to get file status: volume: volume58070 bucket: bucket54574 key: level0/level3/level3/file1
	at org.apache.hadoop.ozone.om.KeyManagerImpl.getOzoneFileStatus(KeyManagerImpl.java:1311) ~[ozone-manager-1.3.0-SNAPSHOT.jar:?]
	at org.apache.hadoop.ozone.om.KeyManagerImpl.getFileStatus(KeyManagerImpl.java:1241) ~[ozone-manager-1.3.0-SNAPSHOT.jar:?]
	at org.apache.hadoop.ozone.om.OzoneManager.getFileStatus(OzoneManager.java:3467) ~[ozone-manager-1.3.0-SNAPSHOT.jar:?]
	at org.apache.hadoop.ozone.protocolPB.OzoneManagerRequestHandler.getOzoneFileStatus(OzoneManagerRequestHandler.java:878) ~[ozone-manager-1.3.0-SNAPSHOT.jar:?]
	at org.apache.hadoop.ozone.protocolPB.OzoneManagerRequestHandler.handleReadRequest(OzoneManagerRequestHandler.java:224) ~[ozone-manager-1.3.0-SNAPSHOT.jar:?]
	at org.apache.hadoop.ozone.protocolPB.OzoneManagerProtocolServerSideTranslatorPB.submitReadRequestToOM(OzoneManagerProtocolServerSideTranslatorPB.java:226) ~[ozone-manager-1.3.0-SNAPSHOT.jar:?]
	at org.apache.hadoop.ozone.protocolPB.OzoneManagerProtocolServerSideTranslatorPB.processRequest(OzoneManagerProtocolServerSideTranslatorPB.java:175) ~[ozone-manager-1.3.0-SNAPSHOT.jar:?]
	at org.apache.hadoop.hdds.server.OzoneProtocolMessageDispatcher.processRequest(OzoneProtocolMessageDispatcher.java:87) [hdds-server-framework-1.3.0-SNAPSHOT.jar:?]
	at org.apache.hadoop.ozone.protocolPB.OzoneManagerProtocolServerSideTranslatorPB.submitRequest(OzoneManagerProtocolServerSideTranslatorPB.java:147) [ozone-manager-1.3.0-SNAPSHOT.jar:?]
	at org.apache.hadoop.ozone.protocol.proto.OzoneManagerProtocolProtos$OzoneManagerService$2.callBlockingMethod(OzoneManagerProtocolProtos.java) [ozone-interface-client-1.3.0-SNAPSHOT.jar:?]
	at org.apache.hadoop.ipc.ProtobufRpcEngine$Server.processCall(ProtobufRpcEngine.java:466) [hadoop-common-3.3.1.jar:?]
	at org.apache.hadoop.ipc.ProtobufRpcEngine2$Server$ProtoBufRpcInvoker.call(ProtobufRpcEngine2.java:574) [hadoop-common-3.3.1.jar:?]
	at org.apache.hadoop.ipc.ProtobufRpcEngine2$Server$ProtoBufRpcInvoker.call(ProtobufRpcEngine2.java:552) [hadoop-common-3.3.1.jar:?]
	at org.apache.hadoop.ipc.RPC$Server.call(RPC.java:1093) [hadoop-common-3.3.1.jar:?]
	at org.apache.hadoop.ipc.Server$RpcCall.run(Server.java:1035) [hadoop-common-3.3.1.jar:?]
	at org.apache.hadoop.ipc.Server$RpcCall.run(Server.java:963) [hadoop-common-3.3.1.jar:?]
	at java.security.AccessController.doPrivileged(Native Method) ~[?:1.8.0_332]
	at javax.security.auth.Subject.doAs(Subject.java:422) [?:1.8.0_332]
	at org.apache.hadoop.security.UserGroupInformation.doAs(UserGroupInformation.java:1878) [hadoop-common-3.3.1.jar:?]
	at org.apache.hadoop.ipc.Server$Handler.run(Server.java:2966) [hadoop-common-3.3.1.jar:?]
]]></system-out>
  </testcase>
  <testcase name="testRecursiveDelete" classname="TestOzoneFileSystem" time="0.248">
    <system-out><![CDATA[01:59:10.029 [IPC Server handler 11 on default port 36513] ERROR OMAudit - user=runner | ip=127.0.0.1 | op=GET_FILE_STATUS {volume=volume26320, bucket=bucket57581, key=gdir1, dataSize=0, replicationConfig=null} | ret=FAILURE
org.apache.hadoop.ozone.om.exceptions.OMException: Unable to get file status: volume: volume26320 bucket: bucket57581 key: gdir1
	at org.apache.hadoop.ozone.om.KeyManagerImpl.getOzoneFileStatus(KeyManagerImpl.java:1311) ~[ozone-manager-1.3.0-SNAPSHOT.jar:?]
	at org.apache.hadoop.ozone.om.KeyManagerImpl.getFileStatus(KeyManagerImpl.java:1241) ~[ozone-manager-1.3.0-SNAPSHOT.jar:?]
	at org.apache.hadoop.ozone.om.OzoneManager.getFileStatus(OzoneManager.java:3467) ~[ozone-manager-1.3.0-SNAPSHOT.jar:?]
	at org.apache.hadoop.ozone.protocolPB.OzoneManagerRequestHandler.getOzoneFileStatus(OzoneManagerRequestHandler.java:878) ~[ozone-manager-1.3.0-SNAPSHOT.jar:?]
	at org.apache.hadoop.ozone.protocolPB.OzoneManagerRequestHandler.handleReadRequest(OzoneManagerRequestHandler.java:224) ~[ozone-manager-1.3.0-SNAPSHOT.jar:?]
	at org.apache.hadoop.ozone.protocolPB.OzoneManagerProtocolServerSideTranslatorPB.submitRequestDirectlyToOM(OzoneManagerProtocolServerSideTranslatorPB.java:276) ~[ozone-manager-1.3.0-SNAPSHOT.jar:?]
	at org.apache.hadoop.ozone.protocolPB.OzoneManagerProtocolServerSideTranslatorPB.processRequest(OzoneManagerProtocolServerSideTranslatorPB.java:205) ~[ozone-manager-1.3.0-SNAPSHOT.jar:?]
	at org.apache.hadoop.hdds.server.OzoneProtocolMessageDispatcher.processRequest(OzoneProtocolMessageDispatcher.java:87) [hdds-server-framework-1.3.0-SNAPSHOT.jar:?]
	at org.apache.hadoop.ozone.protocolPB.OzoneManagerProtocolServerSideTranslatorPB.submitRequest(OzoneManagerProtocolServerSideTranslatorPB.java:147) [ozone-manager-1.3.0-SNAPSHOT.jar:?]
	at org.apache.hadoop.ozone.protocol.proto.OzoneManagerProtocolProtos$OzoneManagerService$2.callBlockingMethod(OzoneManagerProtocolProtos.java) [ozone-interface-client-1.3.0-SNAPSHOT.jar:?]
	at org.apache.hadoop.ipc.ProtobufRpcEngine$Server.processCall(ProtobufRpcEngine.java:466) [hadoop-common-3.3.1.jar:?]
	at org.apache.hadoop.ipc.ProtobufRpcEngine2$Server$ProtoBufRpcInvoker.call(ProtobufRpcEngine2.java:574) [hadoop-common-3.3.1.jar:?]
	at org.apache.hadoop.ipc.ProtobufRpcEngine2$Server$ProtoBufRpcInvoker.call(ProtobufRpcEngine2.java:552) [hadoop-common-3.3.1.jar:?]
	at org.apache.hadoop.ipc.RPC$Server.call(RPC.java:1093) [hadoop-common-3.3.1.jar:?]
	at org.apache.hadoop.ipc.Server$RpcCall.run(Server.java:1035) [hadoop-common-3.3.1.jar:?]
	at org.apache.hadoop.ipc.Server$RpcCall.run(Server.java:963) [hadoop-common-3.3.1.jar:?]
	at java.security.AccessController.doPrivileged(Native Method) ~[?:1.8.0_332]
	at javax.security.auth.Subject.doAs(Subject.java:422) [?:1.8.0_332]
	at org.apache.hadoop.security.UserGroupInformation.doAs(UserGroupInformation.java:1878) [hadoop-common-3.3.1.jar:?]
	at org.apache.hadoop.ipc.Server$Handler.run(Server.java:2966) [hadoop-common-3.3.1.jar:?]
01:59:10.029 [IPC Server handler 9 on default port 36513] ERROR OMAudit - user=runner | ip=127.0.0.1 | op=GET_FILE_STATUS {volume=volume26320, bucket=bucket57581, key=gdir1/dir1, dataSize=0, replicationConfig=null} | ret=FAILURE
org.apache.hadoop.ozone.om.exceptions.OMException: Unable to get file status: volume: volume26320 bucket: bucket57581 key: gdir1/dir1
	at org.apache.hadoop.ozone.om.KeyManagerImpl.getOzoneFileStatus(KeyManagerImpl.java:1311) ~[ozone-manager-1.3.0-SNAPSHOT.jar:?]
	at org.apache.hadoop.ozone.om.KeyManagerImpl.getFileStatus(KeyManagerImpl.java:1241) ~[ozone-manager-1.3.0-SNAPSHOT.jar:?]
	at org.apache.hadoop.ozone.om.OzoneManager.getFileStatus(OzoneManager.java:3467) ~[ozone-manager-1.3.0-SNAPSHOT.jar:?]
	at org.apache.hadoop.ozone.protocolPB.OzoneManagerRequestHandler.getOzoneFileStatus(OzoneManagerRequestHandler.java:878) ~[ozone-manager-1.3.0-SNAPSHOT.jar:?]
	at org.apache.hadoop.ozone.protocolPB.OzoneManagerRequestHandler.handleReadRequest(OzoneManagerRequestHandler.java:224) ~[ozone-manager-1.3.0-SNAPSHOT.jar:?]
	at org.apache.hadoop.ozone.protocolPB.OzoneManagerProtocolServerSideTranslatorPB.submitRequestDirectlyToOM(OzoneManagerProtocolServerSideTranslatorPB.java:276) ~[ozone-manager-1.3.0-SNAPSHOT.jar:?]
	at org.apache.hadoop.ozone.protocolPB.OzoneManagerProtocolServerSideTranslatorPB.processRequest(OzoneManagerProtocolServerSideTranslatorPB.java:205) ~[ozone-manager-1.3.0-SNAPSHOT.jar:?]
	at org.apache.hadoop.hdds.server.OzoneProtocolMessageDispatcher.processRequest(OzoneProtocolMessageDispatcher.java:87) [hdds-server-framework-1.3.0-SNAPSHOT.jar:?]
	at org.apache.hadoop.ozone.protocolPB.OzoneManagerProtocolServerSideTranslatorPB.submitRequest(OzoneManagerProtocolServerSideTranslatorPB.java:147) [ozone-manager-1.3.0-SNAPSHOT.jar:?]
	at org.apache.hadoop.ozone.protocol.proto.OzoneManagerProtocolProtos$OzoneManagerService$2.callBlockingMethod(OzoneManagerProtocolProtos.java) [ozone-interface-client-1.3.0-SNAPSHOT.jar:?]
	at org.apache.hadoop.ipc.ProtobufRpcEngine$Server.processCall(ProtobufRpcEngine.java:466) [hadoop-common-3.3.1.jar:?]
	at org.apache.hadoop.ipc.ProtobufRpcEngine2$Server$ProtoBufRpcInvoker.call(ProtobufRpcEngine2.java:574) [hadoop-common-3.3.1.jar:?]
	at org.apache.hadoop.ipc.ProtobufRpcEngine2$Server$ProtoBufRpcInvoker.call(ProtobufRpcEngine2.java:552) [hadoop-common-3.3.1.jar:?]
	at org.apache.hadoop.ipc.RPC$Server.call(RPC.java:1093) [hadoop-common-3.3.1.jar:?]
	at org.apache.hadoop.ipc.Server$RpcCall.run(Server.java:1035) [hadoop-common-3.3.1.jar:?]
	at org.apache.hadoop.ipc.Server$RpcCall.run(Server.java:963) [hadoop-common-3.3.1.jar:?]
	at java.security.AccessController.doPrivileged(Native Method) ~[?:1.8.0_332]
	at javax.security.auth.Subject.doAs(Subject.java:422) [?:1.8.0_332]
	at org.apache.hadoop.security.UserGroupInformation.doAs(UserGroupInformation.java:1878) [hadoop-common-3.3.1.jar:?]
	at org.apache.hadoop.ipc.Server$Handler.run(Server.java:2966) [hadoop-common-3.3.1.jar:?]
01:59:10.033 [IPC Server handler 10 on default port 36513] ERROR OMAudit - user=runner | ip=127.0.0.1 | op=GET_FILE_STATUS {volume=volume26320, bucket=bucket57581, key=gdir1/dir1/child, dataSize=0, replicationConfig=null} | ret=FAILURE
org.apache.hadoop.ozone.om.exceptions.OMException: Unable to get file status: volume: volume26320 bucket: bucket57581 key: gdir1/dir1/child
	at org.apache.hadoop.ozone.om.KeyManagerImpl.getOzoneFileStatus(KeyManagerImpl.java:1311) ~[ozone-manager-1.3.0-SNAPSHOT.jar:?]
	at org.apache.hadoop.ozone.om.KeyManagerImpl.getFileStatus(KeyManagerImpl.java:1241) ~[ozone-manager-1.3.0-SNAPSHOT.jar:?]
	at org.apache.hadoop.ozone.om.OzoneManager.getFileStatus(OzoneManager.java:3467) ~[ozone-manager-1.3.0-SNAPSHOT.jar:?]
	at org.apache.hadoop.ozone.protocolPB.OzoneManagerRequestHandler.getOzoneFileStatus(OzoneManagerRequestHandler.java:878) ~[ozone-manager-1.3.0-SNAPSHOT.jar:?]
	at org.apache.hadoop.ozone.protocolPB.OzoneManagerRequestHandler.handleReadRequest(OzoneManagerRequestHandler.java:224) ~[ozone-manager-1.3.0-SNAPSHOT.jar:?]
	at org.apache.hadoop.ozone.protocolPB.OzoneManagerProtocolServerSideTranslatorPB.submitRequestDirectlyToOM(OzoneManagerProtocolServerSideTranslatorPB.java:276) ~[ozone-manager-1.3.0-SNAPSHOT.jar:?]
	at org.apache.hadoop.ozone.protocolPB.OzoneManagerProtocolServerSideTranslatorPB.processRequest(OzoneManagerProtocolServerSideTranslatorPB.java:205) ~[ozone-manager-1.3.0-SNAPSHOT.jar:?]
	at org.apache.hadoop.hdds.server.OzoneProtocolMessageDispatcher.processRequest(OzoneProtocolMessageDispatcher.java:87) [hdds-server-framework-1.3.0-SNAPSHOT.jar:?]
	at org.apache.hadoop.ozone.protocolPB.OzoneManagerProtocolServerSideTranslatorPB.submitRequest(OzoneManagerProtocolServerSideTranslatorPB.java:147) [ozone-manager-1.3.0-SNAPSHOT.jar:?]
	at org.apache.hadoop.ozone.protocol.proto.OzoneManagerProtocolProtos$OzoneManagerService$2.callBlockingMethod(OzoneManagerProtocolProtos.java) [ozone-interface-client-1.3.0-SNAPSHOT.jar:?]
	at org.apache.hadoop.ipc.ProtobufRpcEngine$Server.processCall(ProtobufRpcEngine.java:466) [hadoop-common-3.3.1.jar:?]
	at org.apache.hadoop.ipc.ProtobufRpcEngine2$Server$ProtoBufRpcInvoker.call(ProtobufRpcEngine2.java:574) [hadoop-common-3.3.1.jar:?]
	at org.apache.hadoop.ipc.ProtobufRpcEngine2$Server$ProtoBufRpcInvoker.call(ProtobufRpcEngine2.java:552) [hadoop-common-3.3.1.jar:?]
	at org.apache.hadoop.ipc.RPC$Server.call(RPC.java:1093) [hadoop-common-3.3.1.jar:?]
	at org.apache.hadoop.ipc.Server$RpcCall.run(Server.java:1035) [hadoop-common-3.3.1.jar:?]
	at org.apache.hadoop.ipc.Server$RpcCall.run(Server.java:963) [hadoop-common-3.3.1.jar:?]
	at java.security.AccessController.doPrivileged(Native Method) ~[?:1.8.0_332]
	at javax.security.auth.Subject.doAs(Subject.java:422) [?:1.8.0_332]
	at org.apache.hadoop.security.UserGroupInformation.doAs(UserGroupInformation.java:1878) [hadoop-common-3.3.1.jar:?]
	at org.apache.hadoop.ipc.Server$Handler.run(Server.java:2966) [hadoop-common-3.3.1.jar:?]
01:59:10.034 [IPC Server handler 16 on default port 36513] ERROR OMAudit - user=runner | ip=127.0.0.1 | op=GET_FILE_STATUS {volume=volume26320, bucket=bucket57581, key=gdir1/dir2, dataSize=0, replicationConfig=null} | ret=FAILURE
org.apache.hadoop.ozone.om.exceptions.OMException: Unable to get file status: volume: volume26320 bucket: bucket57581 key: gdir1/dir2
	at org.apache.hadoop.ozone.om.KeyManagerImpl.getOzoneFileStatus(KeyManagerImpl.java:1311) ~[ozone-manager-1.3.0-SNAPSHOT.jar:?]
	at org.apache.hadoop.ozone.om.KeyManagerImpl.getFileStatus(KeyManagerImpl.java:1241) ~[ozone-manager-1.3.0-SNAPSHOT.jar:?]
	at org.apache.hadoop.ozone.om.OzoneManager.getFileStatus(OzoneManager.java:3467) ~[ozone-manager-1.3.0-SNAPSHOT.jar:?]
	at org.apache.hadoop.ozone.protocolPB.OzoneManagerRequestHandler.getOzoneFileStatus(OzoneManagerRequestHandler.java:878) ~[ozone-manager-1.3.0-SNAPSHOT.jar:?]
	at org.apache.hadoop.ozone.protocolPB.OzoneManagerRequestHandler.handleReadRequest(OzoneManagerRequestHandler.java:224) ~[ozone-manager-1.3.0-SNAPSHOT.jar:?]
	at org.apache.hadoop.ozone.protocolPB.OzoneManagerProtocolServerSideTranslatorPB.submitRequestDirectlyToOM(OzoneManagerProtocolServerSideTranslatorPB.java:276) ~[ozone-manager-1.3.0-SNAPSHOT.jar:?]
	at org.apache.hadoop.ozone.protocolPB.OzoneManagerProtocolServerSideTranslatorPB.processRequest(OzoneManagerProtocolServerSideTranslatorPB.java:205) ~[ozone-manager-1.3.0-SNAPSHOT.jar:?]
	at org.apache.hadoop.hdds.server.OzoneProtocolMessageDispatcher.processRequest(OzoneProtocolMessageDispatcher.java:87) [hdds-server-framework-1.3.0-SNAPSHOT.jar:?]
	at org.apache.hadoop.ozone.protocolPB.OzoneManagerProtocolServerSideTranslatorPB.submitRequest(OzoneManagerProtocolServerSideTranslatorPB.java:147) [ozone-manager-1.3.0-SNAPSHOT.jar:?]
	at org.apache.hadoop.ozone.protocol.proto.OzoneManagerProtocolProtos$OzoneManagerService$2.callBlockingMethod(OzoneManagerProtocolProtos.java) [ozone-interface-client-1.3.0-SNAPSHOT.jar:?]
	at org.apache.hadoop.ipc.ProtobufRpcEngine$Server.processCall(ProtobufRpcEngine.java:466) [hadoop-common-3.3.1.jar:?]
	at org.apache.hadoop.ipc.ProtobufRpcEngine2$Server$ProtoBufRpcInvoker.call(ProtobufRpcEngine2.java:574) [hadoop-common-3.3.1.jar:?]
	at org.apache.hadoop.ipc.ProtobufRpcEngine2$Server$ProtoBufRpcInvoker.call(ProtobufRpcEngine2.java:552) [hadoop-common-3.3.1.jar:?]
	at org.apache.hadoop.ipc.RPC$Server.call(RPC.java:1093) [hadoop-common-3.3.1.jar:?]
	at org.apache.hadoop.ipc.Server$RpcCall.run(Server.java:1035) [hadoop-common-3.3.1.jar:?]
	at org.apache.hadoop.ipc.Server$RpcCall.run(Server.java:963) [hadoop-common-3.3.1.jar:?]
	at java.security.AccessController.doPrivileged(Native Method) ~[?:1.8.0_332]
	at javax.security.auth.Subject.doAs(Subject.java:422) [?:1.8.0_332]
	at org.apache.hadoop.security.UserGroupInformation.doAs(UserGroupInformation.java:1878) [hadoop-common-3.3.1.jar:?]
	at org.apache.hadoop.ipc.Server$Handler.run(Server.java:2966) [hadoop-common-3.3.1.jar:?]
01:59:10.042 [IPC Server handler 18 on default port 36513] ERROR OMAudit - user=runner | ip=127.0.0.1 | op=GET_FILE_STATUS {volume=volume26320, bucket=bucket57581, key=gdir1/dir2/child, dataSize=0, replicationConfig=null} | ret=FAILURE
org.apache.hadoop.ozone.om.exceptions.OMException: Unable to get file status: volume: volume26320 bucket: bucket57581 key: gdir1/dir2/child
	at org.apache.hadoop.ozone.om.KeyManagerImpl.getOzoneFileStatus(KeyManagerImpl.java:1311) ~[ozone-manager-1.3.0-SNAPSHOT.jar:?]
	at org.apache.hadoop.ozone.om.KeyManagerImpl.getFileStatus(KeyManagerImpl.java:1241) ~[ozone-manager-1.3.0-SNAPSHOT.jar:?]
	at org.apache.hadoop.ozone.om.OzoneManager.getFileStatus(OzoneManager.java:3467) ~[ozone-manager-1.3.0-SNAPSHOT.jar:?]
	at org.apache.hadoop.ozone.protocolPB.OzoneManagerRequestHandler.getOzoneFileStatus(OzoneManagerRequestHandler.java:878) ~[ozone-manager-1.3.0-SNAPSHOT.jar:?]
	at org.apache.hadoop.ozone.protocolPB.OzoneManagerRequestHandler.handleReadRequest(OzoneManagerRequestHandler.java:224) ~[ozone-manager-1.3.0-SNAPSHOT.jar:?]
	at org.apache.hadoop.ozone.protocolPB.OzoneManagerProtocolServerSideTranslatorPB.submitRequestDirectlyToOM(OzoneManagerProtocolServerSideTranslatorPB.java:276) ~[ozone-manager-1.3.0-SNAPSHOT.jar:?]
	at org.apache.hadoop.ozone.protocolPB.OzoneManagerProtocolServerSideTranslatorPB.processRequest(OzoneManagerProtocolServerSideTranslatorPB.java:205) ~[ozone-manager-1.3.0-SNAPSHOT.jar:?]
	at org.apache.hadoop.hdds.server.OzoneProtocolMessageDispatcher.processRequest(OzoneProtocolMessageDispatcher.java:87) [hdds-server-framework-1.3.0-SNAPSHOT.jar:?]
	at org.apache.hadoop.ozone.protocolPB.OzoneManagerProtocolServerSideTranslatorPB.submitRequest(OzoneManagerProtocolServerSideTranslatorPB.java:147) [ozone-manager-1.3.0-SNAPSHOT.jar:?]
	at org.apache.hadoop.ozone.protocol.proto.OzoneManagerProtocolProtos$OzoneManagerService$2.callBlockingMethod(OzoneManagerProtocolProtos.java) [ozone-interface-client-1.3.0-SNAPSHOT.jar:?]
	at org.apache.hadoop.ipc.ProtobufRpcEngine$Server.processCall(ProtobufRpcEngine.java:466) [hadoop-common-3.3.1.jar:?]
	at org.apache.hadoop.ipc.ProtobufRpcEngine2$Server$ProtoBufRpcInvoker.call(ProtobufRpcEngine2.java:574) [hadoop-common-3.3.1.jar:?]
	at org.apache.hadoop.ipc.ProtobufRpcEngine2$Server$ProtoBufRpcInvoker.call(ProtobufRpcEngine2.java:552) [hadoop-common-3.3.1.jar:?]
	at org.apache.hadoop.ipc.RPC$Server.call(RPC.java:1093) [hadoop-common-3.3.1.jar:?]
	at org.apache.hadoop.ipc.Server$RpcCall.run(Server.java:1035) [hadoop-common-3.3.1.jar:?]
	at org.apache.hadoop.ipc.Server$RpcCall.run(Server.java:963) [hadoop-common-3.3.1.jar:?]
	at java.security.AccessController.doPrivileged(Native Method) ~[?:1.8.0_332]
	at javax.security.auth.Subject.doAs(Subject.java:422) [?:1.8.0_332]
	at org.apache.hadoop.security.UserGroupInformation.doAs(UserGroupInformation.java:1878) [hadoop-common-3.3.1.jar:?]
	at org.apache.hadoop.ipc.Server$Handler.run(Server.java:2966) [hadoop-common-3.3.1.jar:?]
01:59:10.043 [IPC Server handler 1 on default port 36513] ERROR OMAudit - user=runner | ip=127.0.0.1 | op=GET_FILE_STATUS {volume=volume26320, bucket=bucket57581, key=gdir1/dir3, dataSize=0, replicationConfig=null} | ret=FAILURE
org.apache.hadoop.ozone.om.exceptions.OMException: Unable to get file status: volume: volume26320 bucket: bucket57581 key: gdir1/dir3
	at org.apache.hadoop.ozone.om.KeyManagerImpl.getOzoneFileStatus(KeyManagerImpl.java:1311) ~[ozone-manager-1.3.0-SNAPSHOT.jar:?]
	at org.apache.hadoop.ozone.om.KeyManagerImpl.getFileStatus(KeyManagerImpl.java:1241) ~[ozone-manager-1.3.0-SNAPSHOT.jar:?]
	at org.apache.hadoop.ozone.om.OzoneManager.getFileStatus(OzoneManager.java:3467) ~[ozone-manager-1.3.0-SNAPSHOT.jar:?]
	at org.apache.hadoop.ozone.protocolPB.OzoneManagerRequestHandler.getOzoneFileStatus(OzoneManagerRequestHandler.java:878) ~[ozone-manager-1.3.0-SNAPSHOT.jar:?]
	at org.apache.hadoop.ozone.protocolPB.OzoneManagerRequestHandler.handleReadRequest(OzoneManagerRequestHandler.java:224) ~[ozone-manager-1.3.0-SNAPSHOT.jar:?]
	at org.apache.hadoop.ozone.protocolPB.OzoneManagerProtocolServerSideTranslatorPB.submitRequestDirectlyToOM(OzoneManagerProtocolServerSideTranslatorPB.java:276) ~[ozone-manager-1.3.0-SNAPSHOT.jar:?]
	at org.apache.hadoop.ozone.protocolPB.OzoneManagerProtocolServerSideTranslatorPB.processRequest(OzoneManagerProtocolServerSideTranslatorPB.java:205) ~[ozone-manager-1.3.0-SNAPSHOT.jar:?]
	at org.apache.hadoop.hdds.server.OzoneProtocolMessageDispatcher.processRequest(OzoneProtocolMessageDispatcher.java:87) [hdds-server-framework-1.3.0-SNAPSHOT.jar:?]
	at org.apache.hadoop.ozone.protocolPB.OzoneManagerProtocolServerSideTranslatorPB.submitRequest(OzoneManagerProtocolServerSideTranslatorPB.java:147) [ozone-manager-1.3.0-SNAPSHOT.jar:?]
	at org.apache.hadoop.ozone.protocol.proto.OzoneManagerProtocolProtos$OzoneManagerService$2.callBlockingMethod(OzoneManagerProtocolProtos.java) [ozone-interface-client-1.3.0-SNAPSHOT.jar:?]
	at org.apache.hadoop.ipc.ProtobufRpcEngine$Server.processCall(ProtobufRpcEngine.java:466) [hadoop-common-3.3.1.jar:?]
	at org.apache.hadoop.ipc.ProtobufRpcEngine2$Server$ProtoBufRpcInvoker.call(ProtobufRpcEngine2.java:574) [hadoop-common-3.3.1.jar:?]
	at org.apache.hadoop.ipc.ProtobufRpcEngine2$Server$ProtoBufRpcInvoker.call(ProtobufRpcEngine2.java:552) [hadoop-common-3.3.1.jar:?]
	at org.apache.hadoop.ipc.RPC$Server.call(RPC.java:1093) [hadoop-common-3.3.1.jar:?]
	at org.apache.hadoop.ipc.Server$RpcCall.run(Server.java:1035) [hadoop-common-3.3.1.jar:?]
	at org.apache.hadoop.ipc.Server$RpcCall.run(Server.java:963) [hadoop-common-3.3.1.jar:?]
	at java.security.AccessController.doPrivileged(Native Method) ~[?:1.8.0_332]
	at javax.security.auth.Subject.doAs(Subject.java:422) [?:1.8.0_332]
	at org.apache.hadoop.security.UserGroupInformation.doAs(UserGroupInformation.java:1878) [hadoop-common-3.3.1.jar:?]
	at org.apache.hadoop.ipc.Server$Handler.run(Server.java:2966) [hadoop-common-3.3.1.jar:?]
01:59:10.047 [IPC Server handler 2 on default port 36513] ERROR OMAudit - user=runner | ip=127.0.0.1 | op=GET_FILE_STATUS {volume=volume26320, bucket=bucket57581, key=gdir1/dir3/child, dataSize=0, replicationConfig=null} | ret=FAILURE
org.apache.hadoop.ozone.om.exceptions.OMException: Unable to get file status: volume: volume26320 bucket: bucket57581 key: gdir1/dir3/child
	at org.apache.hadoop.ozone.om.KeyManagerImpl.getOzoneFileStatus(KeyManagerImpl.java:1311) ~[ozone-manager-1.3.0-SNAPSHOT.jar:?]
	at org.apache.hadoop.ozone.om.KeyManagerImpl.getFileStatus(KeyManagerImpl.java:1241) ~[ozone-manager-1.3.0-SNAPSHOT.jar:?]
	at org.apache.hadoop.ozone.om.OzoneManager.getFileStatus(OzoneManager.java:3467) ~[ozone-manager-1.3.0-SNAPSHOT.jar:?]
	at org.apache.hadoop.ozone.protocolPB.OzoneManagerRequestHandler.getOzoneFileStatus(OzoneManagerRequestHandler.java:878) ~[ozone-manager-1.3.0-SNAPSHOT.jar:?]
	at org.apache.hadoop.ozone.protocolPB.OzoneManagerRequestHandler.handleReadRequest(OzoneManagerRequestHandler.java:224) ~[ozone-manager-1.3.0-SNAPSHOT.jar:?]
	at org.apache.hadoop.ozone.protocolPB.OzoneManagerProtocolServerSideTranslatorPB.submitRequestDirectlyToOM(OzoneManagerProtocolServerSideTranslatorPB.java:276) ~[ozone-manager-1.3.0-SNAPSHOT.jar:?]
	at org.apache.hadoop.ozone.protocolPB.OzoneManagerProtocolServerSideTranslatorPB.processRequest(OzoneManagerProtocolServerSideTranslatorPB.java:205) ~[ozone-manager-1.3.0-SNAPSHOT.jar:?]
	at org.apache.hadoop.hdds.server.OzoneProtocolMessageDispatcher.processRequest(OzoneProtocolMessageDispatcher.java:87) [hdds-server-framework-1.3.0-SNAPSHOT.jar:?]
	at org.apache.hadoop.ozone.protocolPB.OzoneManagerProtocolServerSideTranslatorPB.submitRequest(OzoneManagerProtocolServerSideTranslatorPB.java:147) [ozone-manager-1.3.0-SNAPSHOT.jar:?]
	at org.apache.hadoop.ozone.protocol.proto.OzoneManagerProtocolProtos$OzoneManagerService$2.callBlockingMethod(OzoneManagerProtocolProtos.java) [ozone-interface-client-1.3.0-SNAPSHOT.jar:?]
	at org.apache.hadoop.ipc.ProtobufRpcEngine$Server.processCall(ProtobufRpcEngine.java:466) [hadoop-common-3.3.1.jar:?]
	at org.apache.hadoop.ipc.ProtobufRpcEngine2$Server$ProtoBufRpcInvoker.call(ProtobufRpcEngine2.java:574) [hadoop-common-3.3.1.jar:?]
	at org.apache.hadoop.ipc.ProtobufRpcEngine2$Server$ProtoBufRpcInvoker.call(ProtobufRpcEngine2.java:552) [hadoop-common-3.3.1.jar:?]
	at org.apache.hadoop.ipc.RPC$Server.call(RPC.java:1093) [hadoop-common-3.3.1.jar:?]
	at org.apache.hadoop.ipc.Server$RpcCall.run(Server.java:1035) [hadoop-common-3.3.1.jar:?]
	at org.apache.hadoop.ipc.Server$RpcCall.run(Server.java:963) [hadoop-common-3.3.1.jar:?]
	at java.security.AccessController.doPrivileged(Native Method) ~[?:1.8.0_332]
	at javax.security.auth.Subject.doAs(Subject.java:422) [?:1.8.0_332]
	at org.apache.hadoop.security.UserGroupInformation.doAs(UserGroupInformation.java:1878) [hadoop-common-3.3.1.jar:?]
	at org.apache.hadoop.ipc.Server$Handler.run(Server.java:2966) [hadoop-common-3.3.1.jar:?]
01:59:10.049 [IPC Server handler 17 on default port 36513] ERROR OMAudit - user=runner | ip=127.0.0.1 | op=GET_FILE_STATUS {volume=volume26320, bucket=bucket57581, key=gdir1/dir4, dataSize=0, replicationConfig=null} | ret=FAILURE
org.apache.hadoop.ozone.om.exceptions.OMException: Unable to get file status: volume: volume26320 bucket: bucket57581 key: gdir1/dir4
	at org.apache.hadoop.ozone.om.KeyManagerImpl.getOzoneFileStatus(KeyManagerImpl.java:1311) ~[ozone-manager-1.3.0-SNAPSHOT.jar:?]
	at org.apache.hadoop.ozone.om.KeyManagerImpl.getFileStatus(KeyManagerImpl.java:1241) ~[ozone-manager-1.3.0-SNAPSHOT.jar:?]
	at org.apache.hadoop.ozone.om.OzoneManager.getFileStatus(OzoneManager.java:3467) ~[ozone-manager-1.3.0-SNAPSHOT.jar:?]
	at org.apache.hadoop.ozone.protocolPB.OzoneManagerRequestHandler.getOzoneFileStatus(OzoneManagerRequestHandler.java:878) ~[ozone-manager-1.3.0-SNAPSHOT.jar:?]
	at org.apache.hadoop.ozone.protocolPB.OzoneManagerRequestHandler.handleReadRequest(OzoneManagerRequestHandler.java:224) ~[ozone-manager-1.3.0-SNAPSHOT.jar:?]
	at org.apache.hadoop.ozone.protocolPB.OzoneManagerProtocolServerSideTranslatorPB.submitRequestDirectlyToOM(OzoneManagerProtocolServerSideTranslatorPB.java:276) ~[ozone-manager-1.3.0-SNAPSHOT.jar:?]
	at org.apache.hadoop.ozone.protocolPB.OzoneManagerProtocolServerSideTranslatorPB.processRequest(OzoneManagerProtocolServerSideTranslatorPB.java:205) ~[ozone-manager-1.3.0-SNAPSHOT.jar:?]
	at org.apache.hadoop.hdds.server.OzoneProtocolMessageDispatcher.processRequest(OzoneProtocolMessageDispatcher.java:87) [hdds-server-framework-1.3.0-SNAPSHOT.jar:?]
	at org.apache.hadoop.ozone.protocolPB.OzoneManagerProtocolServerSideTranslatorPB.submitRequest(OzoneManagerProtocolServerSideTranslatorPB.java:147) [ozone-manager-1.3.0-SNAPSHOT.jar:?]
	at org.apache.hadoop.ozone.protocol.proto.OzoneManagerProtocolProtos$OzoneManagerService$2.callBlockingMethod(OzoneManagerProtocolProtos.java) [ozone-interface-client-1.3.0-SNAPSHOT.jar:?]
	at org.apache.hadoop.ipc.ProtobufRpcEngine$Server.processCall(ProtobufRpcEngine.java:466) [hadoop-common-3.3.1.jar:?]
	at org.apache.hadoop.ipc.ProtobufRpcEngine2$Server$ProtoBufRpcInvoker.call(ProtobufRpcEngine2.java:574) [hadoop-common-3.3.1.jar:?]
	at org.apache.hadoop.ipc.ProtobufRpcEngine2$Server$ProtoBufRpcInvoker.call(ProtobufRpcEngine2.java:552) [hadoop-common-3.3.1.jar:?]
	at org.apache.hadoop.ipc.RPC$Server.call(RPC.java:1093) [hadoop-common-3.3.1.jar:?]
	at org.apache.hadoop.ipc.Server$RpcCall.run(Server.java:1035) [hadoop-common-3.3.1.jar:?]
	at org.apache.hadoop.ipc.Server$RpcCall.run(Server.java:963) [hadoop-common-3.3.1.jar:?]
	at java.security.AccessController.doPrivileged(Native Method) ~[?:1.8.0_332]
	at javax.security.auth.Subject.doAs(Subject.java:422) [?:1.8.0_332]
	at org.apache.hadoop.security.UserGroupInformation.doAs(UserGroupInformation.java:1878) [hadoop-common-3.3.1.jar:?]
	at org.apache.hadoop.ipc.Server$Handler.run(Server.java:2966) [hadoop-common-3.3.1.jar:?]
01:59:10.050 [IPC Server handler 19 on default port 36513] ERROR OMAudit - user=runner | ip=127.0.0.1 | op=GET_FILE_STATUS {volume=volume26320, bucket=bucket57581, key=gdir1/dir4/child, dataSize=0, replicationConfig=null} | ret=FAILURE
org.apache.hadoop.ozone.om.exceptions.OMException: Unable to get file status: volume: volume26320 bucket: bucket57581 key: gdir1/dir4/child
	at org.apache.hadoop.ozone.om.KeyManagerImpl.getOzoneFileStatus(KeyManagerImpl.java:1311) ~[ozone-manager-1.3.0-SNAPSHOT.jar:?]
	at org.apache.hadoop.ozone.om.KeyManagerImpl.getFileStatus(KeyManagerImpl.java:1241) ~[ozone-manager-1.3.0-SNAPSHOT.jar:?]
	at org.apache.hadoop.ozone.om.OzoneManager.getFileStatus(OzoneManager.java:3467) ~[ozone-manager-1.3.0-SNAPSHOT.jar:?]
	at org.apache.hadoop.ozone.protocolPB.OzoneManagerRequestHandler.getOzoneFileStatus(OzoneManagerRequestHandler.java:878) ~[ozone-manager-1.3.0-SNAPSHOT.jar:?]
	at org.apache.hadoop.ozone.protocolPB.OzoneManagerRequestHandler.handleReadRequest(OzoneManagerRequestHandler.java:224) ~[ozone-manager-1.3.0-SNAPSHOT.jar:?]
	at org.apache.hadoop.ozone.protocolPB.OzoneManagerProtocolServerSideTranslatorPB.submitRequestDirectlyToOM(OzoneManagerProtocolServerSideTranslatorPB.java:276) ~[ozone-manager-1.3.0-SNAPSHOT.jar:?]
	at org.apache.hadoop.ozone.protocolPB.OzoneManagerProtocolServerSideTranslatorPB.processRequest(OzoneManagerProtocolServerSideTranslatorPB.java:205) ~[ozone-manager-1.3.0-SNAPSHOT.jar:?]
	at org.apache.hadoop.hdds.server.OzoneProtocolMessageDispatcher.processRequest(OzoneProtocolMessageDispatcher.java:87) [hdds-server-framework-1.3.0-SNAPSHOT.jar:?]
	at org.apache.hadoop.ozone.protocolPB.OzoneManagerProtocolServerSideTranslatorPB.submitRequest(OzoneManagerProtocolServerSideTranslatorPB.java:147) [ozone-manager-1.3.0-SNAPSHOT.jar:?]
	at org.apache.hadoop.ozone.protocol.proto.OzoneManagerProtocolProtos$OzoneManagerService$2.callBlockingMethod(OzoneManagerProtocolProtos.java) [ozone-interface-client-1.3.0-SNAPSHOT.jar:?]
	at org.apache.hadoop.ipc.ProtobufRpcEngine$Server.processCall(ProtobufRpcEngine.java:466) [hadoop-common-3.3.1.jar:?]
	at org.apache.hadoop.ipc.ProtobufRpcEngine2$Server$ProtoBufRpcInvoker.call(ProtobufRpcEngine2.java:574) [hadoop-common-3.3.1.jar:?]
	at org.apache.hadoop.ipc.ProtobufRpcEngine2$Server$ProtoBufRpcInvoker.call(ProtobufRpcEngine2.java:552) [hadoop-common-3.3.1.jar:?]
	at org.apache.hadoop.ipc.RPC$Server.call(RPC.java:1093) [hadoop-common-3.3.1.jar:?]
	at org.apache.hadoop.ipc.Server$RpcCall.run(Server.java:1035) [hadoop-common-3.3.1.jar:?]
	at org.apache.hadoop.ipc.Server$RpcCall.run(Server.java:963) [hadoop-common-3.3.1.jar:?]
	at java.security.AccessController.doPrivileged(Native Method) ~[?:1.8.0_332]
	at javax.security.auth.Subject.doAs(Subject.java:422) [?:1.8.0_332]
	at org.apache.hadoop.security.UserGroupInformation.doAs(UserGroupInformation.java:1878) [hadoop-common-3.3.1.jar:?]
	at org.apache.hadoop.ipc.Server$Handler.run(Server.java:2966) [hadoop-common-3.3.1.jar:?]
01:59:10.050 [IPC Server handler 6 on default port 36513] ERROR OMAudit - user=runner | ip=127.0.0.1 | op=GET_FILE_STATUS {volume=volume26320, bucket=bucket57581, key=gdir1/dir5, dataSize=0, replicationConfig=null} | ret=FAILURE
org.apache.hadoop.ozone.om.exceptions.OMException: Unable to get file status: volume: volume26320 bucket: bucket57581 key: gdir1/dir5
	at org.apache.hadoop.ozone.om.KeyManagerImpl.getOzoneFileStatus(KeyManagerImpl.java:1311) ~[ozone-manager-1.3.0-SNAPSHOT.jar:?]
	at org.apache.hadoop.ozone.om.KeyManagerImpl.getFileStatus(KeyManagerImpl.java:1241) ~[ozone-manager-1.3.0-SNAPSHOT.jar:?]
	at org.apache.hadoop.ozone.om.OzoneManager.getFileStatus(OzoneManager.java:3467) ~[ozone-manager-1.3.0-SNAPSHOT.jar:?]
	at org.apache.hadoop.ozone.protocolPB.OzoneManagerRequestHandler.getOzoneFileStatus(OzoneManagerRequestHandler.java:878) ~[ozone-manager-1.3.0-SNAPSHOT.jar:?]
	at org.apache.hadoop.ozone.protocolPB.OzoneManagerRequestHandler.handleReadRequest(OzoneManagerRequestHandler.java:224) ~[ozone-manager-1.3.0-SNAPSHOT.jar:?]
	at org.apache.hadoop.ozone.protocolPB.OzoneManagerProtocolServerSideTranslatorPB.submitRequestDirectlyToOM(OzoneManagerProtocolServerSideTranslatorPB.java:276) ~[ozone-manager-1.3.0-SNAPSHOT.jar:?]
	at org.apache.hadoop.ozone.protocolPB.OzoneManagerProtocolServerSideTranslatorPB.processRequest(OzoneManagerProtocolServerSideTranslatorPB.java:205) ~[ozone-manager-1.3.0-SNAPSHOT.jar:?]
	at org.apache.hadoop.hdds.server.OzoneProtocolMessageDispatcher.processRequest(OzoneProtocolMessageDispatcher.java:87) [hdds-server-framework-1.3.0-SNAPSHOT.jar:?]
	at org.apache.hadoop.ozone.protocolPB.OzoneManagerProtocolServerSideTranslatorPB.submitRequest(OzoneManagerProtocolServerSideTranslatorPB.java:147) [ozone-manager-1.3.0-SNAPSHOT.jar:?]
	at org.apache.hadoop.ozone.protocol.proto.OzoneManagerProtocolProtos$OzoneManagerService$2.callBlockingMethod(OzoneManagerProtocolProtos.java) [ozone-interface-client-1.3.0-SNAPSHOT.jar:?]
	at org.apache.hadoop.ipc.ProtobufRpcEngine$Server.processCall(ProtobufRpcEngine.java:466) [hadoop-common-3.3.1.jar:?]
	at org.apache.hadoop.ipc.ProtobufRpcEngine2$Server$ProtoBufRpcInvoker.call(ProtobufRpcEngine2.java:574) [hadoop-common-3.3.1.jar:?]
	at org.apache.hadoop.ipc.ProtobufRpcEngine2$Server$ProtoBufRpcInvoker.call(ProtobufRpcEngine2.java:552) [hadoop-common-3.3.1.jar:?]
	at org.apache.hadoop.ipc.RPC$Server.call(RPC.java:1093) [hadoop-common-3.3.1.jar:?]
	at org.apache.hadoop.ipc.Server$RpcCall.run(Server.java:1035) [hadoop-common-3.3.1.jar:?]
	at org.apache.hadoop.ipc.Server$RpcCall.run(Server.java:963) [hadoop-common-3.3.1.jar:?]
	at java.security.AccessController.doPrivileged(Native Method) ~[?:1.8.0_332]
	at javax.security.auth.Subject.doAs(Subject.java:422) [?:1.8.0_332]
	at org.apache.hadoop.security.UserGroupInformation.doAs(UserGroupInformation.java:1878) [hadoop-common-3.3.1.jar:?]
	at org.apache.hadoop.ipc.Server$Handler.run(Server.java:2966) [hadoop-common-3.3.1.jar:?]
01:59:10.056 [IPC Server handler 4 on default port 36513] ERROR OMAudit - user=runner | ip=127.0.0.1 | op=GET_FILE_STATUS {volume=volume26320, bucket=bucket57581, key=gdir1/dir5/child, dataSize=0, replicationConfig=null} | ret=FAILURE
org.apache.hadoop.ozone.om.exceptions.OMException: Unable to get file status: volume: volume26320 bucket: bucket57581 key: gdir1/dir5/child
	at org.apache.hadoop.ozone.om.KeyManagerImpl.getOzoneFileStatus(KeyManagerImpl.java:1311) ~[ozone-manager-1.3.0-SNAPSHOT.jar:?]
	at org.apache.hadoop.ozone.om.KeyManagerImpl.getFileStatus(KeyManagerImpl.java:1241) ~[ozone-manager-1.3.0-SNAPSHOT.jar:?]
	at org.apache.hadoop.ozone.om.OzoneManager.getFileStatus(OzoneManager.java:3467) ~[ozone-manager-1.3.0-SNAPSHOT.jar:?]
	at org.apache.hadoop.ozone.protocolPB.OzoneManagerRequestHandler.getOzoneFileStatus(OzoneManagerRequestHandler.java:878) ~[ozone-manager-1.3.0-SNAPSHOT.jar:?]
	at org.apache.hadoop.ozone.protocolPB.OzoneManagerRequestHandler.handleReadRequest(OzoneManagerRequestHandler.java:224) ~[ozone-manager-1.3.0-SNAPSHOT.jar:?]
	at org.apache.hadoop.ozone.protocolPB.OzoneManagerProtocolServerSideTranslatorPB.submitRequestDirectlyToOM(OzoneManagerProtocolServerSideTranslatorPB.java:276) ~[ozone-manager-1.3.0-SNAPSHOT.jar:?]
	at org.apache.hadoop.ozone.protocolPB.OzoneManagerProtocolServerSideTranslatorPB.processRequest(OzoneManagerProtocolServerSideTranslatorPB.java:205) ~[ozone-manager-1.3.0-SNAPSHOT.jar:?]
	at org.apache.hadoop.hdds.server.OzoneProtocolMessageDispatcher.processRequest(OzoneProtocolMessageDispatcher.java:87) [hdds-server-framework-1.3.0-SNAPSHOT.jar:?]
	at org.apache.hadoop.ozone.protocolPB.OzoneManagerProtocolServerSideTranslatorPB.submitRequest(OzoneManagerProtocolServerSideTranslatorPB.java:147) [ozone-manager-1.3.0-SNAPSHOT.jar:?]
	at org.apache.hadoop.ozone.protocol.proto.OzoneManagerProtocolProtos$OzoneManagerService$2.callBlockingMethod(OzoneManagerProtocolProtos.java) [ozone-interface-client-1.3.0-SNAPSHOT.jar:?]
	at org.apache.hadoop.ipc.ProtobufRpcEngine$Server.processCall(ProtobufRpcEngine.java:466) [hadoop-common-3.3.1.jar:?]
	at org.apache.hadoop.ipc.ProtobufRpcEngine2$Server$ProtoBufRpcInvoker.call(ProtobufRpcEngine2.java:574) [hadoop-common-3.3.1.jar:?]
	at org.apache.hadoop.ipc.ProtobufRpcEngine2$Server$ProtoBufRpcInvoker.call(ProtobufRpcEngine2.java:552) [hadoop-common-3.3.1.jar:?]
	at org.apache.hadoop.ipc.RPC$Server.call(RPC.java:1093) [hadoop-common-3.3.1.jar:?]
	at org.apache.hadoop.ipc.Server$RpcCall.run(Server.java:1035) [hadoop-common-3.3.1.jar:?]
	at org.apache.hadoop.ipc.Server$RpcCall.run(Server.java:963) [hadoop-common-3.3.1.jar:?]
	at java.security.AccessController.doPrivileged(Native Method) ~[?:1.8.0_332]
	at javax.security.auth.Subject.doAs(Subject.java:422) [?:1.8.0_332]
	at org.apache.hadoop.security.UserGroupInformation.doAs(UserGroupInformation.java:1878) [hadoop-common-3.3.1.jar:?]
	at org.apache.hadoop.ipc.Server$Handler.run(Server.java:2966) [hadoop-common-3.3.1.jar:?]
01:59:10.056 [IPC Server handler 3 on default port 36513] ERROR OMAudit - user=runner | ip=127.0.0.1 | op=GET_FILE_STATUS {volume=volume26320, bucket=bucket57581, key=gdir1/dir6, dataSize=0, replicationConfig=null} | ret=FAILURE
org.apache.hadoop.ozone.om.exceptions.OMException: Unable to get file status: volume: volume26320 bucket: bucket57581 key: gdir1/dir6
	at org.apache.hadoop.ozone.om.KeyManagerImpl.getOzoneFileStatus(KeyManagerImpl.java:1311) ~[ozone-manager-1.3.0-SNAPSHOT.jar:?]
	at org.apache.hadoop.ozone.om.KeyManagerImpl.getFileStatus(KeyManagerImpl.java:1241) ~[ozone-manager-1.3.0-SNAPSHOT.jar:?]
	at org.apache.hadoop.ozone.om.OzoneManager.getFileStatus(OzoneManager.java:3467) ~[ozone-manager-1.3.0-SNAPSHOT.jar:?]
	at org.apache.hadoop.ozone.protocolPB.OzoneManagerRequestHandler.getOzoneFileStatus(OzoneManagerRequestHandler.java:878) ~[ozone-manager-1.3.0-SNAPSHOT.jar:?]
	at org.apache.hadoop.ozone.protocolPB.OzoneManagerRequestHandler.handleReadRequest(OzoneManagerRequestHandler.java:224) ~[ozone-manager-1.3.0-SNAPSHOT.jar:?]
	at org.apache.hadoop.ozone.protocolPB.OzoneManagerProtocolServerSideTranslatorPB.submitRequestDirectlyToOM(OzoneManagerProtocolServerSideTranslatorPB.java:276) ~[ozone-manager-1.3.0-SNAPSHOT.jar:?]
	at org.apache.hadoop.ozone.protocolPB.OzoneManagerProtocolServerSideTranslatorPB.processRequest(OzoneManagerProtocolServerSideTranslatorPB.java:205) ~[ozone-manager-1.3.0-SNAPSHOT.jar:?]
	at org.apache.hadoop.hdds.server.OzoneProtocolMessageDispatcher.processRequest(OzoneProtocolMessageDispatcher.java:87) [hdds-server-framework-1.3.0-SNAPSHOT.jar:?]
	at org.apache.hadoop.ozone.protocolPB.OzoneManagerProtocolServerSideTranslatorPB.submitRequest(OzoneManagerProtocolServerSideTranslatorPB.java:147) [ozone-manager-1.3.0-SNAPSHOT.jar:?]
	at org.apache.hadoop.ozone.protocol.proto.OzoneManagerProtocolProtos$OzoneManagerService$2.callBlockingMethod(OzoneManagerProtocolProtos.java) [ozone-interface-client-1.3.0-SNAPSHOT.jar:?]
	at org.apache.hadoop.ipc.ProtobufRpcEngine$Server.processCall(ProtobufRpcEngine.java:466) [hadoop-common-3.3.1.jar:?]
	at org.apache.hadoop.ipc.ProtobufRpcEngine2$Server$ProtoBufRpcInvoker.call(ProtobufRpcEngine2.java:574) [hadoop-common-3.3.1.jar:?]
	at org.apache.hadoop.ipc.ProtobufRpcEngine2$Server$ProtoBufRpcInvoker.call(ProtobufRpcEngine2.java:552) [hadoop-common-3.3.1.jar:?]
	at org.apache.hadoop.ipc.RPC$Server.call(RPC.java:1093) [hadoop-common-3.3.1.jar:?]
	at org.apache.hadoop.ipc.Server$RpcCall.run(Server.java:1035) [hadoop-common-3.3.1.jar:?]
	at org.apache.hadoop.ipc.Server$RpcCall.run(Server.java:963) [hadoop-common-3.3.1.jar:?]
	at java.security.AccessController.doPrivileged(Native Method) ~[?:1.8.0_332]
	at javax.security.auth.Subject.doAs(Subject.java:422) [?:1.8.0_332]
	at org.apache.hadoop.security.UserGroupInformation.doAs(UserGroupInformation.java:1878) [hadoop-common-3.3.1.jar:?]
	at org.apache.hadoop.ipc.Server$Handler.run(Server.java:2966) [hadoop-common-3.3.1.jar:?]
01:59:10.060 [IPC Server handler 7 on default port 36513] ERROR OMAudit - user=runner | ip=127.0.0.1 | op=GET_FILE_STATUS {volume=volume26320, bucket=bucket57581, key=gdir1/dir6/child, dataSize=0, replicationConfig=null} | ret=FAILURE
org.apache.hadoop.ozone.om.exceptions.OMException: Unable to get file status: volume: volume26320 bucket: bucket57581 key: gdir1/dir6/child
	at org.apache.hadoop.ozone.om.KeyManagerImpl.getOzoneFileStatus(KeyManagerImpl.java:1311) ~[ozone-manager-1.3.0-SNAPSHOT.jar:?]
	at org.apache.hadoop.ozone.om.KeyManagerImpl.getFileStatus(KeyManagerImpl.java:1241) ~[ozone-manager-1.3.0-SNAPSHOT.jar:?]
	at org.apache.hadoop.ozone.om.OzoneManager.getFileStatus(OzoneManager.java:3467) ~[ozone-manager-1.3.0-SNAPSHOT.jar:?]
	at org.apache.hadoop.ozone.protocolPB.OzoneManagerRequestHandler.getOzoneFileStatus(OzoneManagerRequestHandler.java:878) ~[ozone-manager-1.3.0-SNAPSHOT.jar:?]
	at org.apache.hadoop.ozone.protocolPB.OzoneManagerRequestHandler.handleReadRequest(OzoneManagerRequestHandler.java:224) ~[ozone-manager-1.3.0-SNAPSHOT.jar:?]
	at org.apache.hadoop.ozone.protocolPB.OzoneManagerProtocolServerSideTranslatorPB.submitRequestDirectlyToOM(OzoneManagerProtocolServerSideTranslatorPB.java:276) ~[ozone-manager-1.3.0-SNAPSHOT.jar:?]
	at org.apache.hadoop.ozone.protocolPB.OzoneManagerProtocolServerSideTranslatorPB.processRequest(OzoneManagerProtocolServerSideTranslatorPB.java:205) ~[ozone-manager-1.3.0-SNAPSHOT.jar:?]
	at org.apache.hadoop.hdds.server.OzoneProtocolMessageDispatcher.processRequest(OzoneProtocolMessageDispatcher.java:87) [hdds-server-framework-1.3.0-SNAPSHOT.jar:?]
	at org.apache.hadoop.ozone.protocolPB.OzoneManagerProtocolServerSideTranslatorPB.submitRequest(OzoneManagerProtocolServerSideTranslatorPB.java:147) [ozone-manager-1.3.0-SNAPSHOT.jar:?]
	at org.apache.hadoop.ozone.protocol.proto.OzoneManagerProtocolProtos$OzoneManagerService$2.callBlockingMethod(OzoneManagerProtocolProtos.java) [ozone-interface-client-1.3.0-SNAPSHOT.jar:?]
	at org.apache.hadoop.ipc.ProtobufRpcEngine$Server.processCall(ProtobufRpcEngine.java:466) [hadoop-common-3.3.1.jar:?]
	at org.apache.hadoop.ipc.ProtobufRpcEngine2$Server$ProtoBufRpcInvoker.call(ProtobufRpcEngine2.java:574) [hadoop-common-3.3.1.jar:?]
	at org.apache.hadoop.ipc.ProtobufRpcEngine2$Server$ProtoBufRpcInvoker.call(ProtobufRpcEngine2.java:552) [hadoop-common-3.3.1.jar:?]
	at org.apache.hadoop.ipc.RPC$Server.call(RPC.java:1093) [hadoop-common-3.3.1.jar:?]
	at org.apache.hadoop.ipc.Server$RpcCall.run(Server.java:1035) [hadoop-common-3.3.1.jar:?]
	at org.apache.hadoop.ipc.Server$RpcCall.run(Server.java:963) [hadoop-common-3.3.1.jar:?]
	at java.security.AccessController.doPrivileged(Native Method) ~[?:1.8.0_332]
	at javax.security.auth.Subject.doAs(Subject.java:422) [?:1.8.0_332]
	at org.apache.hadoop.security.UserGroupInformation.doAs(UserGroupInformation.java:1878) [hadoop-common-3.3.1.jar:?]
	at org.apache.hadoop.ipc.Server$Handler.run(Server.java:2966) [hadoop-common-3.3.1.jar:?]
01:59:10.061 [IPC Server handler 0 on default port 36513] ERROR OMAudit - user=runner | ip=127.0.0.1 | op=GET_FILE_STATUS {volume=volume26320, bucket=bucket57581, key=gdir1/dir7, dataSize=0, replicationConfig=null} | ret=FAILURE
org.apache.hadoop.ozone.om.exceptions.OMException: Unable to get file status: volume: volume26320 bucket: bucket57581 key: gdir1/dir7
	at org.apache.hadoop.ozone.om.KeyManagerImpl.getOzoneFileStatus(KeyManagerImpl.java:1311) ~[ozone-manager-1.3.0-SNAPSHOT.jar:?]
	at org.apache.hadoop.ozone.om.KeyManagerImpl.getFileStatus(KeyManagerImpl.java:1241) ~[ozone-manager-1.3.0-SNAPSHOT.jar:?]
	at org.apache.hadoop.ozone.om.OzoneManager.getFileStatus(OzoneManager.java:3467) ~[ozone-manager-1.3.0-SNAPSHOT.jar:?]
	at org.apache.hadoop.ozone.protocolPB.OzoneManagerRequestHandler.getOzoneFileStatus(OzoneManagerRequestHandler.java:878) ~[ozone-manager-1.3.0-SNAPSHOT.jar:?]
	at org.apache.hadoop.ozone.protocolPB.OzoneManagerRequestHandler.handleReadRequest(OzoneManagerRequestHandler.java:224) ~[ozone-manager-1.3.0-SNAPSHOT.jar:?]
	at org.apache.hadoop.ozone.protocolPB.OzoneManagerProtocolServerSideTranslatorPB.submitRequestDirectlyToOM(OzoneManagerProtocolServerSideTranslatorPB.java:276) ~[ozone-manager-1.3.0-SNAPSHOT.jar:?]
	at org.apache.hadoop.ozone.protocolPB.OzoneManagerProtocolServerSideTranslatorPB.processRequest(OzoneManagerProtocolServerSideTranslatorPB.java:205) ~[ozone-manager-1.3.0-SNAPSHOT.jar:?]
	at org.apache.hadoop.hdds.server.OzoneProtocolMessageDispatcher.processRequest(OzoneProtocolMessageDispatcher.java:87) [hdds-server-framework-1.3.0-SNAPSHOT.jar:?]
	at org.apache.hadoop.ozone.protocolPB.OzoneManagerProtocolServerSideTranslatorPB.submitRequest(OzoneManagerProtocolServerSideTranslatorPB.java:147) [ozone-manager-1.3.0-SNAPSHOT.jar:?]
	at org.apache.hadoop.ozone.protocol.proto.OzoneManagerProtocolProtos$OzoneManagerService$2.callBlockingMethod(OzoneManagerProtocolProtos.java) [ozone-interface-client-1.3.0-SNAPSHOT.jar:?]
	at org.apache.hadoop.ipc.ProtobufRpcEngine$Server.processCall(ProtobufRpcEngine.java:466) [hadoop-common-3.3.1.jar:?]
	at org.apache.hadoop.ipc.ProtobufRpcEngine2$Server$ProtoBufRpcInvoker.call(ProtobufRpcEngine2.java:574) [hadoop-common-3.3.1.jar:?]
	at org.apache.hadoop.ipc.ProtobufRpcEngine2$Server$ProtoBufRpcInvoker.call(ProtobufRpcEngine2.java:552) [hadoop-common-3.3.1.jar:?]
	at org.apache.hadoop.ipc.RPC$Server.call(RPC.java:1093) [hadoop-common-3.3.1.jar:?]
	at org.apache.hadoop.ipc.Server$RpcCall.run(Server.java:1035) [hadoop-common-3.3.1.jar:?]
	at org.apache.hadoop.ipc.Server$RpcCall.run(Server.java:963) [hadoop-common-3.3.1.jar:?]
	at java.security.AccessController.doPrivileged(Native Method) ~[?:1.8.0_332]
	at javax.security.auth.Subject.doAs(Subject.java:422) [?:1.8.0_332]
	at org.apache.hadoop.security.UserGroupInformation.doAs(UserGroupInformation.java:1878) [hadoop-common-3.3.1.jar:?]
	at org.apache.hadoop.ipc.Server$Handler.run(Server.java:2966) [hadoop-common-3.3.1.jar:?]
01:59:10.062 [IPC Server handler 12 on default port 36513] ERROR OMAudit - user=runner | ip=127.0.0.1 | op=GET_FILE_STATUS {volume=volume26320, bucket=bucket57581, key=gdir1/dir7/child, dataSize=0, replicationConfig=null} | ret=FAILURE
org.apache.hadoop.ozone.om.exceptions.OMException: Unable to get file status: volume: volume26320 bucket: bucket57581 key: gdir1/dir7/child
	at org.apache.hadoop.ozone.om.KeyManagerImpl.getOzoneFileStatus(KeyManagerImpl.java:1311) ~[ozone-manager-1.3.0-SNAPSHOT.jar:?]
	at org.apache.hadoop.ozone.om.KeyManagerImpl.getFileStatus(KeyManagerImpl.java:1241) ~[ozone-manager-1.3.0-SNAPSHOT.jar:?]
	at org.apache.hadoop.ozone.om.OzoneManager.getFileStatus(OzoneManager.java:3467) ~[ozone-manager-1.3.0-SNAPSHOT.jar:?]
	at org.apache.hadoop.ozone.protocolPB.OzoneManagerRequestHandler.getOzoneFileStatus(OzoneManagerRequestHandler.java:878) ~[ozone-manager-1.3.0-SNAPSHOT.jar:?]
	at org.apache.hadoop.ozone.protocolPB.OzoneManagerRequestHandler.handleReadRequest(OzoneManagerRequestHandler.java:224) ~[ozone-manager-1.3.0-SNAPSHOT.jar:?]
	at org.apache.hadoop.ozone.protocolPB.OzoneManagerProtocolServerSideTranslatorPB.submitRequestDirectlyToOM(OzoneManagerProtocolServerSideTranslatorPB.java:276) ~[ozone-manager-1.3.0-SNAPSHOT.jar:?]
	at org.apache.hadoop.ozone.protocolPB.OzoneManagerProtocolServerSideTranslatorPB.processRequest(OzoneManagerProtocolServerSideTranslatorPB.java:205) ~[ozone-manager-1.3.0-SNAPSHOT.jar:?]
	at org.apache.hadoop.hdds.server.OzoneProtocolMessageDispatcher.processRequest(OzoneProtocolMessageDispatcher.java:87) [hdds-server-framework-1.3.0-SNAPSHOT.jar:?]
	at org.apache.hadoop.ozone.protocolPB.OzoneManagerProtocolServerSideTranslatorPB.submitRequest(OzoneManagerProtocolServerSideTranslatorPB.java:147) [ozone-manager-1.3.0-SNAPSHOT.jar:?]
	at org.apache.hadoop.ozone.protocol.proto.OzoneManagerProtocolProtos$OzoneManagerService$2.callBlockingMethod(OzoneManagerProtocolProtos.java) [ozone-interface-client-1.3.0-SNAPSHOT.jar:?]
	at org.apache.hadoop.ipc.ProtobufRpcEngine$Server.processCall(ProtobufRpcEngine.java:466) [hadoop-common-3.3.1.jar:?]
	at org.apache.hadoop.ipc.ProtobufRpcEngine2$Server$ProtoBufRpcInvoker.call(ProtobufRpcEngine2.java:574) [hadoop-common-3.3.1.jar:?]
	at org.apache.hadoop.ipc.ProtobufRpcEngine2$Server$ProtoBufRpcInvoker.call(ProtobufRpcEngine2.java:552) [hadoop-common-3.3.1.jar:?]
	at org.apache.hadoop.ipc.RPC$Server.call(RPC.java:1093) [hadoop-common-3.3.1.jar:?]
	at org.apache.hadoop.ipc.Server$RpcCall.run(Server.java:1035) [hadoop-common-3.3.1.jar:?]
	at org.apache.hadoop.ipc.Server$RpcCall.run(Server.java:963) [hadoop-common-3.3.1.jar:?]
	at java.security.AccessController.doPrivileged(Native Method) ~[?:1.8.0_332]
	at javax.security.auth.Subject.doAs(Subject.java:422) [?:1.8.0_332]
	at org.apache.hadoop.security.UserGroupInformation.doAs(UserGroupInformation.java:1878) [hadoop-common-3.3.1.jar:?]
	at org.apache.hadoop.ipc.Server$Handler.run(Server.java:2966) [hadoop-common-3.3.1.jar:?]
01:59:10.063 [IPC Server handler 8 on default port 36513] ERROR OMAudit - user=runner | ip=127.0.0.1 | op=GET_FILE_STATUS {volume=volume26320, bucket=bucket57581, key=gdir1/dir8, dataSize=0, replicationConfig=null} | ret=FAILURE
org.apache.hadoop.ozone.om.exceptions.OMException: Unable to get file status: volume: volume26320 bucket: bucket57581 key: gdir1/dir8
	at org.apache.hadoop.ozone.om.KeyManagerImpl.getOzoneFileStatus(KeyManagerImpl.java:1311) ~[ozone-manager-1.3.0-SNAPSHOT.jar:?]
	at org.apache.hadoop.ozone.om.KeyManagerImpl.getFileStatus(KeyManagerImpl.java:1241) ~[ozone-manager-1.3.0-SNAPSHOT.jar:?]
	at org.apache.hadoop.ozone.om.OzoneManager.getFileStatus(OzoneManager.java:3467) ~[ozone-manager-1.3.0-SNAPSHOT.jar:?]
	at org.apache.hadoop.ozone.protocolPB.OzoneManagerRequestHandler.getOzoneFileStatus(OzoneManagerRequestHandler.java:878) ~[ozone-manager-1.3.0-SNAPSHOT.jar:?]
	at org.apache.hadoop.ozone.protocolPB.OzoneManagerRequestHandler.handleReadRequest(OzoneManagerRequestHandler.java:224) ~[ozone-manager-1.3.0-SNAPSHOT.jar:?]
	at org.apache.hadoop.ozone.protocolPB.OzoneManagerProtocolServerSideTranslatorPB.submitRequestDirectlyToOM(OzoneManagerProtocolServerSideTranslatorPB.java:276) ~[ozone-manager-1.3.0-SNAPSHOT.jar:?]
	at org.apache.hadoop.ozone.protocolPB.OzoneManagerProtocolServerSideTranslatorPB.processRequest(OzoneManagerProtocolServerSideTranslatorPB.java:205) ~[ozone-manager-1.3.0-SNAPSHOT.jar:?]
	at org.apache.hadoop.hdds.server.OzoneProtocolMessageDispatcher.processRequest(OzoneProtocolMessageDispatcher.java:87) [hdds-server-framework-1.3.0-SNAPSHOT.jar:?]
	at org.apache.hadoop.ozone.protocolPB.OzoneManagerProtocolServerSideTranslatorPB.submitRequest(OzoneManagerProtocolServerSideTranslatorPB.java:147) [ozone-manager-1.3.0-SNAPSHOT.jar:?]
	at org.apache.hadoop.ozone.protocol.proto.OzoneManagerProtocolProtos$OzoneManagerService$2.callBlockingMethod(OzoneManagerProtocolProtos.java) [ozone-interface-client-1.3.0-SNAPSHOT.jar:?]
	at org.apache.hadoop.ipc.ProtobufRpcEngine$Server.processCall(ProtobufRpcEngine.java:466) [hadoop-common-3.3.1.jar:?]
	at org.apache.hadoop.ipc.ProtobufRpcEngine2$Server$ProtoBufRpcInvoker.call(ProtobufRpcEngine2.java:574) [hadoop-common-3.3.1.jar:?]
	at org.apache.hadoop.ipc.ProtobufRpcEngine2$Server$ProtoBufRpcInvoker.call(ProtobufRpcEngine2.java:552) [hadoop-common-3.3.1.jar:?]
	at org.apache.hadoop.ipc.RPC$Server.call(RPC.java:1093) [hadoop-common-3.3.1.jar:?]
	at org.apache.hadoop.ipc.Server$RpcCall.run(Server.java:1035) [hadoop-common-3.3.1.jar:?]
	at org.apache.hadoop.ipc.Server$RpcCall.run(Server.java:963) [hadoop-common-3.3.1.jar:?]
	at java.security.AccessController.doPrivileged(Native Method) ~[?:1.8.0_332]
	at javax.security.auth.Subject.doAs(Subject.java:422) [?:1.8.0_332]
	at org.apache.hadoop.security.UserGroupInformation.doAs(UserGroupInformation.java:1878) [hadoop-common-3.3.1.jar:?]
	at org.apache.hadoop.ipc.Server$Handler.run(Server.java:2966) [hadoop-common-3.3.1.jar:?]
01:59:10.064 [IPC Server handler 13 on default port 36513] ERROR OMAudit - user=runner | ip=127.0.0.1 | op=GET_FILE_STATUS {volume=volume26320, bucket=bucket57581, key=gdir1/dir8/child, dataSize=0, replicationConfig=null} | ret=FAILURE
org.apache.hadoop.ozone.om.exceptions.OMException: Unable to get file status: volume: volume26320 bucket: bucket57581 key: gdir1/dir8/child
	at org.apache.hadoop.ozone.om.KeyManagerImpl.getOzoneFileStatus(KeyManagerImpl.java:1311) ~[ozone-manager-1.3.0-SNAPSHOT.jar:?]
	at org.apache.hadoop.ozone.om.KeyManagerImpl.getFileStatus(KeyManagerImpl.java:1241) ~[ozone-manager-1.3.0-SNAPSHOT.jar:?]
	at org.apache.hadoop.ozone.om.OzoneManager.getFileStatus(OzoneManager.java:3467) ~[ozone-manager-1.3.0-SNAPSHOT.jar:?]
	at org.apache.hadoop.ozone.protocolPB.OzoneManagerRequestHandler.getOzoneFileStatus(OzoneManagerRequestHandler.java:878) ~[ozone-manager-1.3.0-SNAPSHOT.jar:?]
	at org.apache.hadoop.ozone.protocolPB.OzoneManagerRequestHandler.handleReadRequest(OzoneManagerRequestHandler.java:224) ~[ozone-manager-1.3.0-SNAPSHOT.jar:?]
	at org.apache.hadoop.ozone.protocolPB.OzoneManagerProtocolServerSideTranslatorPB.submitRequestDirectlyToOM(OzoneManagerProtocolServerSideTranslatorPB.java:276) ~[ozone-manager-1.3.0-SNAPSHOT.jar:?]
	at org.apache.hadoop.ozone.protocolPB.OzoneManagerProtocolServerSideTranslatorPB.processRequest(OzoneManagerProtocolServerSideTranslatorPB.java:205) ~[ozone-manager-1.3.0-SNAPSHOT.jar:?]
	at org.apache.hadoop.hdds.server.OzoneProtocolMessageDispatcher.processRequest(OzoneProtocolMessageDispatcher.java:87) [hdds-server-framework-1.3.0-SNAPSHOT.jar:?]
	at org.apache.hadoop.ozone.protocolPB.OzoneManagerProtocolServerSideTranslatorPB.submitRequest(OzoneManagerProtocolServerSideTranslatorPB.java:147) [ozone-manager-1.3.0-SNAPSHOT.jar:?]
	at org.apache.hadoop.ozone.protocol.proto.OzoneManagerProtocolProtos$OzoneManagerService$2.callBlockingMethod(OzoneManagerProtocolProtos.java) [ozone-interface-client-1.3.0-SNAPSHOT.jar:?]
	at org.apache.hadoop.ipc.ProtobufRpcEngine$Server.processCall(ProtobufRpcEngine.java:466) [hadoop-common-3.3.1.jar:?]
	at org.apache.hadoop.ipc.ProtobufRpcEngine2$Server$ProtoBufRpcInvoker.call(ProtobufRpcEngine2.java:574) [hadoop-common-3.3.1.jar:?]
	at org.apache.hadoop.ipc.ProtobufRpcEngine2$Server$ProtoBufRpcInvoker.call(ProtobufRpcEngine2.java:552) [hadoop-common-3.3.1.jar:?]
	at org.apache.hadoop.ipc.RPC$Server.call(RPC.java:1093) [hadoop-common-3.3.1.jar:?]
	at org.apache.hadoop.ipc.Server$RpcCall.run(Server.java:1035) [hadoop-common-3.3.1.jar:?]
	at org.apache.hadoop.ipc.Server$RpcCall.run(Server.java:963) [hadoop-common-3.3.1.jar:?]
	at java.security.AccessController.doPrivileged(Native Method) ~[?:1.8.0_332]
	at javax.security.auth.Subject.doAs(Subject.java:422) [?:1.8.0_332]
	at org.apache.hadoop.security.UserGroupInformation.doAs(UserGroupInformation.java:1878) [hadoop-common-3.3.1.jar:?]
	at org.apache.hadoop.ipc.Server$Handler.run(Server.java:2966) [hadoop-common-3.3.1.jar:?]
01:59:10.065 [IPC Server handler 14 on default port 36513] ERROR OMAudit - user=runner | ip=127.0.0.1 | op=GET_FILE_STATUS {volume=volume26320, bucket=bucket57581, key=gdir1/dir9, dataSize=0, replicationConfig=null} | ret=FAILURE
org.apache.hadoop.ozone.om.exceptions.OMException: Unable to get file status: volume: volume26320 bucket: bucket57581 key: gdir1/dir9
	at org.apache.hadoop.ozone.om.KeyManagerImpl.getOzoneFileStatus(KeyManagerImpl.java:1311) ~[ozone-manager-1.3.0-SNAPSHOT.jar:?]
	at org.apache.hadoop.ozone.om.KeyManagerImpl.getFileStatus(KeyManagerImpl.java:1241) ~[ozone-manager-1.3.0-SNAPSHOT.jar:?]
	at org.apache.hadoop.ozone.om.OzoneManager.getFileStatus(OzoneManager.java:3467) ~[ozone-manager-1.3.0-SNAPSHOT.jar:?]
	at org.apache.hadoop.ozone.protocolPB.OzoneManagerRequestHandler.getOzoneFileStatus(OzoneManagerRequestHandler.java:878) ~[ozone-manager-1.3.0-SNAPSHOT.jar:?]
	at org.apache.hadoop.ozone.protocolPB.OzoneManagerRequestHandler.handleReadRequest(OzoneManagerRequestHandler.java:224) ~[ozone-manager-1.3.0-SNAPSHOT.jar:?]
	at org.apache.hadoop.ozone.protocolPB.OzoneManagerProtocolServerSideTranslatorPB.submitRequestDirectlyToOM(OzoneManagerProtocolServerSideTranslatorPB.java:276) ~[ozone-manager-1.3.0-SNAPSHOT.jar:?]
	at org.apache.hadoop.ozone.protocolPB.OzoneManagerProtocolServerSideTranslatorPB.processRequest(OzoneManagerProtocolServerSideTranslatorPB.java:205) ~[ozone-manager-1.3.0-SNAPSHOT.jar:?]
	at org.apache.hadoop.hdds.server.OzoneProtocolMessageDispatcher.processRequest(OzoneProtocolMessageDispatcher.java:87) [hdds-server-framework-1.3.0-SNAPSHOT.jar:?]
	at org.apache.hadoop.ozone.protocolPB.OzoneManagerProtocolServerSideTranslatorPB.submitRequest(OzoneManagerProtocolServerSideTranslatorPB.java:147) [ozone-manager-1.3.0-SNAPSHOT.jar:?]
	at org.apache.hadoop.ozone.protocol.proto.OzoneManagerProtocolProtos$OzoneManagerService$2.callBlockingMethod(OzoneManagerProtocolProtos.java) [ozone-interface-client-1.3.0-SNAPSHOT.jar:?]
	at org.apache.hadoop.ipc.ProtobufRpcEngine$Server.processCall(ProtobufRpcEngine.java:466) [hadoop-common-3.3.1.jar:?]
	at org.apache.hadoop.ipc.ProtobufRpcEngine2$Server$ProtoBufRpcInvoker.call(ProtobufRpcEngine2.java:574) [hadoop-common-3.3.1.jar:?]
	at org.apache.hadoop.ipc.ProtobufRpcEngine2$Server$ProtoBufRpcInvoker.call(ProtobufRpcEngine2.java:552) [hadoop-common-3.3.1.jar:?]
	at org.apache.hadoop.ipc.RPC$Server.call(RPC.java:1093) [hadoop-common-3.3.1.jar:?]
	at org.apache.hadoop.ipc.Server$RpcCall.run(Server.java:1035) [hadoop-common-3.3.1.jar:?]
	at org.apache.hadoop.ipc.Server$RpcCall.run(Server.java:963) [hadoop-common-3.3.1.jar:?]
	at java.security.AccessController.doPrivileged(Native Method) ~[?:1.8.0_332]
	at javax.security.auth.Subject.doAs(Subject.java:422) [?:1.8.0_332]
	at org.apache.hadoop.security.UserGroupInformation.doAs(UserGroupInformation.java:1878) [hadoop-common-3.3.1.jar:?]
	at org.apache.hadoop.ipc.Server$Handler.run(Server.java:2966) [hadoop-common-3.3.1.jar:?]
01:59:10.065 [IPC Server handler 15 on default port 36513] ERROR OMAudit - user=runner | ip=127.0.0.1 | op=GET_FILE_STATUS {volume=volume26320, bucket=bucket57581, key=gdir1/dir9/child, dataSize=0, replicationConfig=null} | ret=FAILURE
org.apache.hadoop.ozone.om.exceptions.OMException: Unable to get file status: volume: volume26320 bucket: bucket57581 key: gdir1/dir9/child
	at org.apache.hadoop.ozone.om.KeyManagerImpl.getOzoneFileStatus(KeyManagerImpl.java:1311) ~[ozone-manager-1.3.0-SNAPSHOT.jar:?]
	at org.apache.hadoop.ozone.om.KeyManagerImpl.getFileStatus(KeyManagerImpl.java:1241) ~[ozone-manager-1.3.0-SNAPSHOT.jar:?]
	at org.apache.hadoop.ozone.om.OzoneManager.getFileStatus(OzoneManager.java:3467) ~[ozone-manager-1.3.0-SNAPSHOT.jar:?]
	at org.apache.hadoop.ozone.protocolPB.OzoneManagerRequestHandler.getOzoneFileStatus(OzoneManagerRequestHandler.java:878) ~[ozone-manager-1.3.0-SNAPSHOT.jar:?]
	at org.apache.hadoop.ozone.protocolPB.OzoneManagerRequestHandler.handleReadRequest(OzoneManagerRequestHandler.java:224) ~[ozone-manager-1.3.0-SNAPSHOT.jar:?]
	at org.apache.hadoop.ozone.protocolPB.OzoneManagerProtocolServerSideTranslatorPB.submitRequestDirectlyToOM(OzoneManagerProtocolServerSideTranslatorPB.java:276) ~[ozone-manager-1.3.0-SNAPSHOT.jar:?]
	at org.apache.hadoop.ozone.protocolPB.OzoneManagerProtocolServerSideTranslatorPB.processRequest(OzoneManagerProtocolServerSideTranslatorPB.java:205) ~[ozone-manager-1.3.0-SNAPSHOT.jar:?]
	at org.apache.hadoop.hdds.server.OzoneProtocolMessageDispatcher.processRequest(OzoneProtocolMessageDispatcher.java:87) [hdds-server-framework-1.3.0-SNAPSHOT.jar:?]
	at org.apache.hadoop.ozone.protocolPB.OzoneManagerProtocolServerSideTranslatorPB.submitRequest(OzoneManagerProtocolServerSideTranslatorPB.java:147) [ozone-manager-1.3.0-SNAPSHOT.jar:?]
	at org.apache.hadoop.ozone.protocol.proto.OzoneManagerProtocolProtos$OzoneManagerService$2.callBlockingMethod(OzoneManagerProtocolProtos.java) [ozone-interface-client-1.3.0-SNAPSHOT.jar:?]
	at org.apache.hadoop.ipc.ProtobufRpcEngine$Server.processCall(ProtobufRpcEngine.java:466) [hadoop-common-3.3.1.jar:?]
	at org.apache.hadoop.ipc.ProtobufRpcEngine2$Server$ProtoBufRpcInvoker.call(ProtobufRpcEngine2.java:574) [hadoop-common-3.3.1.jar:?]
	at org.apache.hadoop.ipc.ProtobufRpcEngine2$Server$ProtoBufRpcInvoker.call(ProtobufRpcEngine2.java:552) [hadoop-common-3.3.1.jar:?]
	at org.apache.hadoop.ipc.RPC$Server.call(RPC.java:1093) [hadoop-common-3.3.1.jar:?]
	at org.apache.hadoop.ipc.Server$RpcCall.run(Server.java:1035) [hadoop-common-3.3.1.jar:?]
	at org.apache.hadoop.ipc.Server$RpcCall.run(Server.java:963) [hadoop-common-3.3.1.jar:?]
	at java.security.AccessController.doPrivileged(Native Method) ~[?:1.8.0_332]
	at javax.security.auth.Subject.doAs(Subject.java:422) [?:1.8.0_332]
	at org.apache.hadoop.security.UserGroupInformation.doAs(UserGroupInformation.java:1878) [hadoop-common-3.3.1.jar:?]
	at org.apache.hadoop.ipc.Server$Handler.run(Server.java:2966) [hadoop-common-3.3.1.jar:?]
01:59:10.066 [IPC Server handler 5 on default port 36513] ERROR OMAudit - user=runner | ip=127.0.0.1 | op=GET_FILE_STATUS {volume=volume26320, bucket=bucket57581, key=gdir1/dir10, dataSize=0, replicationConfig=null} | ret=FAILURE
org.apache.hadoop.ozone.om.exceptions.OMException: Unable to get file status: volume: volume26320 bucket: bucket57581 key: gdir1/dir10
	at org.apache.hadoop.ozone.om.KeyManagerImpl.getOzoneFileStatus(KeyManagerImpl.java:1311) ~[ozone-manager-1.3.0-SNAPSHOT.jar:?]
	at org.apache.hadoop.ozone.om.KeyManagerImpl.getFileStatus(KeyManagerImpl.java:1241) ~[ozone-manager-1.3.0-SNAPSHOT.jar:?]
	at org.apache.hadoop.ozone.om.OzoneManager.getFileStatus(OzoneManager.java:3467) ~[ozone-manager-1.3.0-SNAPSHOT.jar:?]
	at org.apache.hadoop.ozone.protocolPB.OzoneManagerRequestHandler.getOzoneFileStatus(OzoneManagerRequestHandler.java:878) ~[ozone-manager-1.3.0-SNAPSHOT.jar:?]
	at org.apache.hadoop.ozone.protocolPB.OzoneManagerRequestHandler.handleReadRequest(OzoneManagerRequestHandler.java:224) ~[ozone-manager-1.3.0-SNAPSHOT.jar:?]
	at org.apache.hadoop.ozone.protocolPB.OzoneManagerProtocolServerSideTranslatorPB.submitRequestDirectlyToOM(OzoneManagerProtocolServerSideTranslatorPB.java:276) ~[ozone-manager-1.3.0-SNAPSHOT.jar:?]
	at org.apache.hadoop.ozone.protocolPB.OzoneManagerProtocolServerSideTranslatorPB.processRequest(OzoneManagerProtocolServerSideTranslatorPB.java:205) ~[ozone-manager-1.3.0-SNAPSHOT.jar:?]
	at org.apache.hadoop.hdds.server.OzoneProtocolMessageDispatcher.processRequest(OzoneProtocolMessageDispatcher.java:87) [hdds-server-framework-1.3.0-SNAPSHOT.jar:?]
	at org.apache.hadoop.ozone.protocolPB.OzoneManagerProtocolServerSideTranslatorPB.submitRequest(OzoneManagerProtocolServerSideTranslatorPB.java:147) [ozone-manager-1.3.0-SNAPSHOT.jar:?]
	at org.apache.hadoop.ozone.protocol.proto.OzoneManagerProtocolProtos$OzoneManagerService$2.callBlockingMethod(OzoneManagerProtocolProtos.java) [ozone-interface-client-1.3.0-SNAPSHOT.jar:?]
	at org.apache.hadoop.ipc.ProtobufRpcEngine$Server.processCall(ProtobufRpcEngine.java:466) [hadoop-common-3.3.1.jar:?]
	at org.apache.hadoop.ipc.ProtobufRpcEngine2$Server$ProtoBufRpcInvoker.call(ProtobufRpcEngine2.java:574) [hadoop-common-3.3.1.jar:?]
	at org.apache.hadoop.ipc.ProtobufRpcEngine2$Server$ProtoBufRpcInvoker.call(ProtobufRpcEngine2.java:552) [hadoop-common-3.3.1.jar:?]
	at org.apache.hadoop.ipc.RPC$Server.call(RPC.java:1093) [hadoop-common-3.3.1.jar:?]
	at org.apache.hadoop.ipc.Server$RpcCall.run(Server.java:1035) [hadoop-common-3.3.1.jar:?]
	at org.apache.hadoop.ipc.Server$RpcCall.run(Server.java:963) [hadoop-common-3.3.1.jar:?]
	at java.security.AccessController.doPrivileged(Native Method) ~[?:1.8.0_332]
	at javax.security.auth.Subject.doAs(Subject.java:422) [?:1.8.0_332]
	at org.apache.hadoop.security.UserGroupInformation.doAs(UserGroupInformation.java:1878) [hadoop-common-3.3.1.jar:?]
	at org.apache.hadoop.ipc.Server$Handler.run(Server.java:2966) [hadoop-common-3.3.1.jar:?]
01:59:10.066 [IPC Server handler 11 on default port 36513] ERROR OMAudit - user=runner | ip=127.0.0.1 | op=GET_FILE_STATUS {volume=volume26320, bucket=bucket57581, key=gdir1/dir10/child, dataSize=0, replicationConfig=null} | ret=FAILURE
org.apache.hadoop.ozone.om.exceptions.OMException: Unable to get file status: volume: volume26320 bucket: bucket57581 key: gdir1/dir10/child
	at org.apache.hadoop.ozone.om.KeyManagerImpl.getOzoneFileStatus(KeyManagerImpl.java:1311) ~[ozone-manager-1.3.0-SNAPSHOT.jar:?]
	at org.apache.hadoop.ozone.om.KeyManagerImpl.getFileStatus(KeyManagerImpl.java:1241) ~[ozone-manager-1.3.0-SNAPSHOT.jar:?]
	at org.apache.hadoop.ozone.om.OzoneManager.getFileStatus(OzoneManager.java:3467) ~[ozone-manager-1.3.0-SNAPSHOT.jar:?]
	at org.apache.hadoop.ozone.protocolPB.OzoneManagerRequestHandler.getOzoneFileStatus(OzoneManagerRequestHandler.java:878) ~[ozone-manager-1.3.0-SNAPSHOT.jar:?]
	at org.apache.hadoop.ozone.protocolPB.OzoneManagerRequestHandler.handleReadRequest(OzoneManagerRequestHandler.java:224) ~[ozone-manager-1.3.0-SNAPSHOT.jar:?]
	at org.apache.hadoop.ozone.protocolPB.OzoneManagerProtocolServerSideTranslatorPB.submitRequestDirectlyToOM(OzoneManagerProtocolServerSideTranslatorPB.java:276) ~[ozone-manager-1.3.0-SNAPSHOT.jar:?]
	at org.apache.hadoop.ozone.protocolPB.OzoneManagerProtocolServerSideTranslatorPB.processRequest(OzoneManagerProtocolServerSideTranslatorPB.java:205) ~[ozone-manager-1.3.0-SNAPSHOT.jar:?]
	at org.apache.hadoop.hdds.server.OzoneProtocolMessageDispatcher.processRequest(OzoneProtocolMessageDispatcher.java:87) [hdds-server-framework-1.3.0-SNAPSHOT.jar:?]
	at org.apache.hadoop.ozone.protocolPB.OzoneManagerProtocolServerSideTranslatorPB.submitRequest(OzoneManagerProtocolServerSideTranslatorPB.java:147) [ozone-manager-1.3.0-SNAPSHOT.jar:?]
	at org.apache.hadoop.ozone.protocol.proto.OzoneManagerProtocolProtos$OzoneManagerService$2.callBlockingMethod(OzoneManagerProtocolProtos.java) [ozone-interface-client-1.3.0-SNAPSHOT.jar:?]
	at org.apache.hadoop.ipc.ProtobufRpcEngine$Server.processCall(ProtobufRpcEngine.java:466) [hadoop-common-3.3.1.jar:?]
	at org.apache.hadoop.ipc.ProtobufRpcEngine2$Server$ProtoBufRpcInvoker.call(ProtobufRpcEngine2.java:574) [hadoop-common-3.3.1.jar:?]
	at org.apache.hadoop.ipc.ProtobufRpcEngine2$Server$ProtoBufRpcInvoker.call(ProtobufRpcEngine2.java:552) [hadoop-common-3.3.1.jar:?]
	at org.apache.hadoop.ipc.RPC$Server.call(RPC.java:1093) [hadoop-common-3.3.1.jar:?]
	at org.apache.hadoop.ipc.Server$RpcCall.run(Server.java:1035) [hadoop-common-3.3.1.jar:?]
	at org.apache.hadoop.ipc.Server$RpcCall.run(Server.java:963) [hadoop-common-3.3.1.jar:?]
	at java.security.AccessController.doPrivileged(Native Method) ~[?:1.8.0_332]
	at javax.security.auth.Subject.doAs(Subject.java:422) [?:1.8.0_332]
	at org.apache.hadoop.security.UserGroupInformation.doAs(UserGroupInformation.java:1878) [hadoop-common-3.3.1.jar:?]
	at org.apache.hadoop.ipc.Server$Handler.run(Server.java:2966) [hadoop-common-3.3.1.jar:?]
01:59:10.147 [IPC Server handler 12 on default port 36513] ERROR OMAudit - user=runner | ip=127.0.0.1 | op=GET_FILE_STATUS {volume=volume26320, bucket=bucket57581, key=level0, dataSize=0, replicationConfig=null} | ret=FAILURE
org.apache.hadoop.ozone.om.exceptions.OMException: Unable to get file status: volume: volume26320 bucket: bucket57581 key: level0
	at org.apache.hadoop.ozone.om.KeyManagerImpl.getOzoneFileStatus(KeyManagerImpl.java:1311) ~[ozone-manager-1.3.0-SNAPSHOT.jar:?]
	at org.apache.hadoop.ozone.om.KeyManagerImpl.getFileStatus(KeyManagerImpl.java:1241) ~[ozone-manager-1.3.0-SNAPSHOT.jar:?]
	at org.apache.hadoop.ozone.om.OzoneManager.getFileStatus(OzoneManager.java:3467) ~[ozone-manager-1.3.0-SNAPSHOT.jar:?]
	at org.apache.hadoop.ozone.protocolPB.OzoneManagerRequestHandler.getOzoneFileStatus(OzoneManagerRequestHandler.java:878) ~[ozone-manager-1.3.0-SNAPSHOT.jar:?]
	at org.apache.hadoop.ozone.protocolPB.OzoneManagerRequestHandler.handleReadRequest(OzoneManagerRequestHandler.java:224) ~[ozone-manager-1.3.0-SNAPSHOT.jar:?]
	at org.apache.hadoop.ozone.protocolPB.OzoneManagerProtocolServerSideTranslatorPB.submitRequestDirectlyToOM(OzoneManagerProtocolServerSideTranslatorPB.java:276) ~[ozone-manager-1.3.0-SNAPSHOT.jar:?]
	at org.apache.hadoop.ozone.protocolPB.OzoneManagerProtocolServerSideTranslatorPB.processRequest(OzoneManagerProtocolServerSideTranslatorPB.java:205) ~[ozone-manager-1.3.0-SNAPSHOT.jar:?]
	at org.apache.hadoop.hdds.server.OzoneProtocolMessageDispatcher.processRequest(OzoneProtocolMessageDispatcher.java:87) [hdds-server-framework-1.3.0-SNAPSHOT.jar:?]
	at org.apache.hadoop.ozone.protocolPB.OzoneManagerProtocolServerSideTranslatorPB.submitRequest(OzoneManagerProtocolServerSideTranslatorPB.java:147) [ozone-manager-1.3.0-SNAPSHOT.jar:?]
	at org.apache.hadoop.ozone.protocol.proto.OzoneManagerProtocolProtos$OzoneManagerService$2.callBlockingMethod(OzoneManagerProtocolProtos.java) [ozone-interface-client-1.3.0-SNAPSHOT.jar:?]
	at org.apache.hadoop.ipc.ProtobufRpcEngine$Server.processCall(ProtobufRpcEngine.java:466) [hadoop-common-3.3.1.jar:?]
	at org.apache.hadoop.ipc.ProtobufRpcEngine2$Server$ProtoBufRpcInvoker.call(ProtobufRpcEngine2.java:574) [hadoop-common-3.3.1.jar:?]
	at org.apache.hadoop.ipc.ProtobufRpcEngine2$Server$ProtoBufRpcInvoker.call(ProtobufRpcEngine2.java:552) [hadoop-common-3.3.1.jar:?]
	at org.apache.hadoop.ipc.RPC$Server.call(RPC.java:1093) [hadoop-common-3.3.1.jar:?]
	at org.apache.hadoop.ipc.Server$RpcCall.run(Server.java:1035) [hadoop-common-3.3.1.jar:?]
	at org.apache.hadoop.ipc.Server$RpcCall.run(Server.java:963) [hadoop-common-3.3.1.jar:?]
	at java.security.AccessController.doPrivileged(Native Method) ~[?:1.8.0_332]
	at javax.security.auth.Subject.doAs(Subject.java:422) [?:1.8.0_332]
	at org.apache.hadoop.security.UserGroupInformation.doAs(UserGroupInformation.java:1878) [hadoop-common-3.3.1.jar:?]
	at org.apache.hadoop.ipc.Server$Handler.run(Server.java:2966) [hadoop-common-3.3.1.jar:?]
01:59:10.148 [IPC Server handler 8 on default port 36513] ERROR OMAudit - user=runner | ip=127.0.0.1 | op=GET_FILE_STATUS {volume=volume26320, bucket=bucket57581, key=level0/level1, dataSize=0, replicationConfig=null} | ret=FAILURE
org.apache.hadoop.ozone.om.exceptions.OMException: Unable to get file status: volume: volume26320 bucket: bucket57581 key: level0/level1
	at org.apache.hadoop.ozone.om.KeyManagerImpl.getOzoneFileStatus(KeyManagerImpl.java:1311) ~[ozone-manager-1.3.0-SNAPSHOT.jar:?]
	at org.apache.hadoop.ozone.om.KeyManagerImpl.getFileStatus(KeyManagerImpl.java:1241) ~[ozone-manager-1.3.0-SNAPSHOT.jar:?]
	at org.apache.hadoop.ozone.om.OzoneManager.getFileStatus(OzoneManager.java:3467) ~[ozone-manager-1.3.0-SNAPSHOT.jar:?]
	at org.apache.hadoop.ozone.protocolPB.OzoneManagerRequestHandler.getOzoneFileStatus(OzoneManagerRequestHandler.java:878) ~[ozone-manager-1.3.0-SNAPSHOT.jar:?]
	at org.apache.hadoop.ozone.protocolPB.OzoneManagerRequestHandler.handleReadRequest(OzoneManagerRequestHandler.java:224) ~[ozone-manager-1.3.0-SNAPSHOT.jar:?]
	at org.apache.hadoop.ozone.protocolPB.OzoneManagerProtocolServerSideTranslatorPB.submitRequestDirectlyToOM(OzoneManagerProtocolServerSideTranslatorPB.java:276) ~[ozone-manager-1.3.0-SNAPSHOT.jar:?]
	at org.apache.hadoop.ozone.protocolPB.OzoneManagerProtocolServerSideTranslatorPB.processRequest(OzoneManagerProtocolServerSideTranslatorPB.java:205) ~[ozone-manager-1.3.0-SNAPSHOT.jar:?]
	at org.apache.hadoop.hdds.server.OzoneProtocolMessageDispatcher.processRequest(OzoneProtocolMessageDispatcher.java:87) [hdds-server-framework-1.3.0-SNAPSHOT.jar:?]
	at org.apache.hadoop.ozone.protocolPB.OzoneManagerProtocolServerSideTranslatorPB.submitRequest(OzoneManagerProtocolServerSideTranslatorPB.java:147) [ozone-manager-1.3.0-SNAPSHOT.jar:?]
	at org.apache.hadoop.ozone.protocol.proto.OzoneManagerProtocolProtos$OzoneManagerService$2.callBlockingMethod(OzoneManagerProtocolProtos.java) [ozone-interface-client-1.3.0-SNAPSHOT.jar:?]
	at org.apache.hadoop.ipc.ProtobufRpcEngine$Server.processCall(ProtobufRpcEngine.java:466) [hadoop-common-3.3.1.jar:?]
	at org.apache.hadoop.ipc.ProtobufRpcEngine2$Server$ProtoBufRpcInvoker.call(ProtobufRpcEngine2.java:574) [hadoop-common-3.3.1.jar:?]
	at org.apache.hadoop.ipc.ProtobufRpcEngine2$Server$ProtoBufRpcInvoker.call(ProtobufRpcEngine2.java:552) [hadoop-common-3.3.1.jar:?]
	at org.apache.hadoop.ipc.RPC$Server.call(RPC.java:1093) [hadoop-common-3.3.1.jar:?]
	at org.apache.hadoop.ipc.Server$RpcCall.run(Server.java:1035) [hadoop-common-3.3.1.jar:?]
	at org.apache.hadoop.ipc.Server$RpcCall.run(Server.java:963) [hadoop-common-3.3.1.jar:?]
	at java.security.AccessController.doPrivileged(Native Method) ~[?:1.8.0_332]
	at javax.security.auth.Subject.doAs(Subject.java:422) [?:1.8.0_332]
	at org.apache.hadoop.security.UserGroupInformation.doAs(UserGroupInformation.java:1878) [hadoop-common-3.3.1.jar:?]
	at org.apache.hadoop.ipc.Server$Handler.run(Server.java:2966) [hadoop-common-3.3.1.jar:?]
01:59:10.149 [IPC Server handler 13 on default port 36513] ERROR OMAudit - user=runner | ip=127.0.0.1 | op=GET_FILE_STATUS {volume=volume26320, bucket=bucket57581, key=level0/level1/level1, dataSize=0, replicationConfig=null} | ret=FAILURE
org.apache.hadoop.ozone.om.exceptions.OMException: Unable to get file status: volume: volume26320 bucket: bucket57581 key: level0/level1/level1
	at org.apache.hadoop.ozone.om.KeyManagerImpl.getOzoneFileStatus(KeyManagerImpl.java:1311) ~[ozone-manager-1.3.0-SNAPSHOT.jar:?]
	at org.apache.hadoop.ozone.om.KeyManagerImpl.getFileStatus(KeyManagerImpl.java:1241) ~[ozone-manager-1.3.0-SNAPSHOT.jar:?]
	at org.apache.hadoop.ozone.om.OzoneManager.getFileStatus(OzoneManager.java:3467) ~[ozone-manager-1.3.0-SNAPSHOT.jar:?]
	at org.apache.hadoop.ozone.protocolPB.OzoneManagerRequestHandler.getOzoneFileStatus(OzoneManagerRequestHandler.java:878) ~[ozone-manager-1.3.0-SNAPSHOT.jar:?]
	at org.apache.hadoop.ozone.protocolPB.OzoneManagerRequestHandler.handleReadRequest(OzoneManagerRequestHandler.java:224) ~[ozone-manager-1.3.0-SNAPSHOT.jar:?]
	at org.apache.hadoop.ozone.protocolPB.OzoneManagerProtocolServerSideTranslatorPB.submitRequestDirectlyToOM(OzoneManagerProtocolServerSideTranslatorPB.java:276) ~[ozone-manager-1.3.0-SNAPSHOT.jar:?]
	at org.apache.hadoop.ozone.protocolPB.OzoneManagerProtocolServerSideTranslatorPB.processRequest(OzoneManagerProtocolServerSideTranslatorPB.java:205) ~[ozone-manager-1.3.0-SNAPSHOT.jar:?]
	at org.apache.hadoop.hdds.server.OzoneProtocolMessageDispatcher.processRequest(OzoneProtocolMessageDispatcher.java:87) [hdds-server-framework-1.3.0-SNAPSHOT.jar:?]
	at org.apache.hadoop.ozone.protocolPB.OzoneManagerProtocolServerSideTranslatorPB.submitRequest(OzoneManagerProtocolServerSideTranslatorPB.java:147) [ozone-manager-1.3.0-SNAPSHOT.jar:?]
	at org.apache.hadoop.ozone.protocol.proto.OzoneManagerProtocolProtos$OzoneManagerService$2.callBlockingMethod(OzoneManagerProtocolProtos.java) [ozone-interface-client-1.3.0-SNAPSHOT.jar:?]
	at org.apache.hadoop.ipc.ProtobufRpcEngine$Server.processCall(ProtobufRpcEngine.java:466) [hadoop-common-3.3.1.jar:?]
	at org.apache.hadoop.ipc.ProtobufRpcEngine2$Server$ProtoBufRpcInvoker.call(ProtobufRpcEngine2.java:574) [hadoop-common-3.3.1.jar:?]
	at org.apache.hadoop.ipc.ProtobufRpcEngine2$Server$ProtoBufRpcInvoker.call(ProtobufRpcEngine2.java:552) [hadoop-common-3.3.1.jar:?]
	at org.apache.hadoop.ipc.RPC$Server.call(RPC.java:1093) [hadoop-common-3.3.1.jar:?]
	at org.apache.hadoop.ipc.Server$RpcCall.run(Server.java:1035) [hadoop-common-3.3.1.jar:?]
	at org.apache.hadoop.ipc.Server$RpcCall.run(Server.java:963) [hadoop-common-3.3.1.jar:?]
	at java.security.AccessController.doPrivileged(Native Method) ~[?:1.8.0_332]
	at javax.security.auth.Subject.doAs(Subject.java:422) [?:1.8.0_332]
	at org.apache.hadoop.security.UserGroupInformation.doAs(UserGroupInformation.java:1878) [hadoop-common-3.3.1.jar:?]
	at org.apache.hadoop.ipc.Server$Handler.run(Server.java:2966) [hadoop-common-3.3.1.jar:?]
01:59:10.150 [IPC Server handler 14 on default port 36513] ERROR OMAudit - user=runner | ip=127.0.0.1 | op=GET_FILE_STATUS {volume=volume26320, bucket=bucket57581, key=level0/level1/file1, dataSize=0, replicationConfig=null} | ret=FAILURE
org.apache.hadoop.ozone.om.exceptions.OMException: Unable to get file status: volume: volume26320 bucket: bucket57581 key: level0/level1/file1
	at org.apache.hadoop.ozone.om.KeyManagerImpl.getOzoneFileStatus(KeyManagerImpl.java:1311) ~[ozone-manager-1.3.0-SNAPSHOT.jar:?]
	at org.apache.hadoop.ozone.om.KeyManagerImpl.getFileStatus(KeyManagerImpl.java:1241) ~[ozone-manager-1.3.0-SNAPSHOT.jar:?]
	at org.apache.hadoop.ozone.om.OzoneManager.getFileStatus(OzoneManager.java:3467) ~[ozone-manager-1.3.0-SNAPSHOT.jar:?]
	at org.apache.hadoop.ozone.protocolPB.OzoneManagerRequestHandler.getOzoneFileStatus(OzoneManagerRequestHandler.java:878) ~[ozone-manager-1.3.0-SNAPSHOT.jar:?]
	at org.apache.hadoop.ozone.protocolPB.OzoneManagerRequestHandler.handleReadRequest(OzoneManagerRequestHandler.java:224) ~[ozone-manager-1.3.0-SNAPSHOT.jar:?]
	at org.apache.hadoop.ozone.protocolPB.OzoneManagerProtocolServerSideTranslatorPB.submitRequestDirectlyToOM(OzoneManagerProtocolServerSideTranslatorPB.java:276) ~[ozone-manager-1.3.0-SNAPSHOT.jar:?]
	at org.apache.hadoop.ozone.protocolPB.OzoneManagerProtocolServerSideTranslatorPB.processRequest(OzoneManagerProtocolServerSideTranslatorPB.java:205) ~[ozone-manager-1.3.0-SNAPSHOT.jar:?]
	at org.apache.hadoop.hdds.server.OzoneProtocolMessageDispatcher.processRequest(OzoneProtocolMessageDispatcher.java:87) [hdds-server-framework-1.3.0-SNAPSHOT.jar:?]
	at org.apache.hadoop.ozone.protocolPB.OzoneManagerProtocolServerSideTranslatorPB.submitRequest(OzoneManagerProtocolServerSideTranslatorPB.java:147) [ozone-manager-1.3.0-SNAPSHOT.jar:?]
	at org.apache.hadoop.ozone.protocol.proto.OzoneManagerProtocolProtos$OzoneManagerService$2.callBlockingMethod(OzoneManagerProtocolProtos.java) [ozone-interface-client-1.3.0-SNAPSHOT.jar:?]
	at org.apache.hadoop.ipc.ProtobufRpcEngine$Server.processCall(ProtobufRpcEngine.java:466) [hadoop-common-3.3.1.jar:?]
	at org.apache.hadoop.ipc.ProtobufRpcEngine2$Server$ProtoBufRpcInvoker.call(ProtobufRpcEngine2.java:574) [hadoop-common-3.3.1.jar:?]
	at org.apache.hadoop.ipc.ProtobufRpcEngine2$Server$ProtoBufRpcInvoker.call(ProtobufRpcEngine2.java:552) [hadoop-common-3.3.1.jar:?]
	at org.apache.hadoop.ipc.RPC$Server.call(RPC.java:1093) [hadoop-common-3.3.1.jar:?]
	at org.apache.hadoop.ipc.Server$RpcCall.run(Server.java:1035) [hadoop-common-3.3.1.jar:?]
	at org.apache.hadoop.ipc.Server$RpcCall.run(Server.java:963) [hadoop-common-3.3.1.jar:?]
	at java.security.AccessController.doPrivileged(Native Method) ~[?:1.8.0_332]
	at javax.security.auth.Subject.doAs(Subject.java:422) [?:1.8.0_332]
	at org.apache.hadoop.security.UserGroupInformation.doAs(UserGroupInformation.java:1878) [hadoop-common-3.3.1.jar:?]
	at org.apache.hadoop.ipc.Server$Handler.run(Server.java:2966) [hadoop-common-3.3.1.jar:?]
01:59:10.155 [IPC Server handler 15 on default port 36513] ERROR OMAudit - user=runner | ip=127.0.0.1 | op=GET_FILE_STATUS {volume=volume26320, bucket=bucket57581, key=level0/level1/level1/file1, dataSize=0, replicationConfig=null} | ret=FAILURE
org.apache.hadoop.ozone.om.exceptions.OMException: Unable to get file status: volume: volume26320 bucket: bucket57581 key: level0/level1/level1/file1
	at org.apache.hadoop.ozone.om.KeyManagerImpl.getOzoneFileStatus(KeyManagerImpl.java:1311) ~[ozone-manager-1.3.0-SNAPSHOT.jar:?]
	at org.apache.hadoop.ozone.om.KeyManagerImpl.getFileStatus(KeyManagerImpl.java:1241) ~[ozone-manager-1.3.0-SNAPSHOT.jar:?]
	at org.apache.hadoop.ozone.om.OzoneManager.getFileStatus(OzoneManager.java:3467) ~[ozone-manager-1.3.0-SNAPSHOT.jar:?]
	at org.apache.hadoop.ozone.protocolPB.OzoneManagerRequestHandler.getOzoneFileStatus(OzoneManagerRequestHandler.java:878) ~[ozone-manager-1.3.0-SNAPSHOT.jar:?]
	at org.apache.hadoop.ozone.protocolPB.OzoneManagerRequestHandler.handleReadRequest(OzoneManagerRequestHandler.java:224) ~[ozone-manager-1.3.0-SNAPSHOT.jar:?]
	at org.apache.hadoop.ozone.protocolPB.OzoneManagerProtocolServerSideTranslatorPB.submitRequestDirectlyToOM(OzoneManagerProtocolServerSideTranslatorPB.java:276) ~[ozone-manager-1.3.0-SNAPSHOT.jar:?]
	at org.apache.hadoop.ozone.protocolPB.OzoneManagerProtocolServerSideTranslatorPB.processRequest(OzoneManagerProtocolServerSideTranslatorPB.java:205) ~[ozone-manager-1.3.0-SNAPSHOT.jar:?]
	at org.apache.hadoop.hdds.server.OzoneProtocolMessageDispatcher.processRequest(OzoneProtocolMessageDispatcher.java:87) [hdds-server-framework-1.3.0-SNAPSHOT.jar:?]
	at org.apache.hadoop.ozone.protocolPB.OzoneManagerProtocolServerSideTranslatorPB.submitRequest(OzoneManagerProtocolServerSideTranslatorPB.java:147) [ozone-manager-1.3.0-SNAPSHOT.jar:?]
	at org.apache.hadoop.ozone.protocol.proto.OzoneManagerProtocolProtos$OzoneManagerService$2.callBlockingMethod(OzoneManagerProtocolProtos.java) [ozone-interface-client-1.3.0-SNAPSHOT.jar:?]
	at org.apache.hadoop.ipc.ProtobufRpcEngine$Server.processCall(ProtobufRpcEngine.java:466) [hadoop-common-3.3.1.jar:?]
	at org.apache.hadoop.ipc.ProtobufRpcEngine2$Server$ProtoBufRpcInvoker.call(ProtobufRpcEngine2.java:574) [hadoop-common-3.3.1.jar:?]
	at org.apache.hadoop.ipc.ProtobufRpcEngine2$Server$ProtoBufRpcInvoker.call(ProtobufRpcEngine2.java:552) [hadoop-common-3.3.1.jar:?]
	at org.apache.hadoop.ipc.RPC$Server.call(RPC.java:1093) [hadoop-common-3.3.1.jar:?]
	at org.apache.hadoop.ipc.Server$RpcCall.run(Server.java:1035) [hadoop-common-3.3.1.jar:?]
	at org.apache.hadoop.ipc.Server$RpcCall.run(Server.java:963) [hadoop-common-3.3.1.jar:?]
	at java.security.AccessController.doPrivileged(Native Method) ~[?:1.8.0_332]
	at javax.security.auth.Subject.doAs(Subject.java:422) [?:1.8.0_332]
	at org.apache.hadoop.security.UserGroupInformation.doAs(UserGroupInformation.java:1878) [hadoop-common-3.3.1.jar:?]
	at org.apache.hadoop.ipc.Server$Handler.run(Server.java:2966) [hadoop-common-3.3.1.jar:?]
01:59:10.157 [IPC Server handler 5 on default port 36513] ERROR OMAudit - user=runner | ip=127.0.0.1 | op=GET_FILE_STATUS {volume=volume26320, bucket=bucket57581, key=level0/level2, dataSize=0, replicationConfig=null} | ret=FAILURE
org.apache.hadoop.ozone.om.exceptions.OMException: Unable to get file status: volume: volume26320 bucket: bucket57581 key: level0/level2
	at org.apache.hadoop.ozone.om.KeyManagerImpl.getOzoneFileStatus(KeyManagerImpl.java:1311) ~[ozone-manager-1.3.0-SNAPSHOT.jar:?]
	at org.apache.hadoop.ozone.om.KeyManagerImpl.getFileStatus(KeyManagerImpl.java:1241) ~[ozone-manager-1.3.0-SNAPSHOT.jar:?]
	at org.apache.hadoop.ozone.om.OzoneManager.getFileStatus(OzoneManager.java:3467) ~[ozone-manager-1.3.0-SNAPSHOT.jar:?]
	at org.apache.hadoop.ozone.protocolPB.OzoneManagerRequestHandler.getOzoneFileStatus(OzoneManagerRequestHandler.java:878) ~[ozone-manager-1.3.0-SNAPSHOT.jar:?]
	at org.apache.hadoop.ozone.protocolPB.OzoneManagerRequestHandler.handleReadRequest(OzoneManagerRequestHandler.java:224) ~[ozone-manager-1.3.0-SNAPSHOT.jar:?]
	at org.apache.hadoop.ozone.protocolPB.OzoneManagerProtocolServerSideTranslatorPB.submitRequestDirectlyToOM(OzoneManagerProtocolServerSideTranslatorPB.java:276) ~[ozone-manager-1.3.0-SNAPSHOT.jar:?]
	at org.apache.hadoop.ozone.protocolPB.OzoneManagerProtocolServerSideTranslatorPB.processRequest(OzoneManagerProtocolServerSideTranslatorPB.java:205) ~[ozone-manager-1.3.0-SNAPSHOT.jar:?]
	at org.apache.hadoop.hdds.server.OzoneProtocolMessageDispatcher.processRequest(OzoneProtocolMessageDispatcher.java:87) [hdds-server-framework-1.3.0-SNAPSHOT.jar:?]
	at org.apache.hadoop.ozone.protocolPB.OzoneManagerProtocolServerSideTranslatorPB.submitRequest(OzoneManagerProtocolServerSideTranslatorPB.java:147) [ozone-manager-1.3.0-SNAPSHOT.jar:?]
	at org.apache.hadoop.ozone.protocol.proto.OzoneManagerProtocolProtos$OzoneManagerService$2.callBlockingMethod(OzoneManagerProtocolProtos.java) [ozone-interface-client-1.3.0-SNAPSHOT.jar:?]
	at org.apache.hadoop.ipc.ProtobufRpcEngine$Server.processCall(ProtobufRpcEngine.java:466) [hadoop-common-3.3.1.jar:?]
	at org.apache.hadoop.ipc.ProtobufRpcEngine2$Server$ProtoBufRpcInvoker.call(ProtobufRpcEngine2.java:574) [hadoop-common-3.3.1.jar:?]
	at org.apache.hadoop.ipc.ProtobufRpcEngine2$Server$ProtoBufRpcInvoker.call(ProtobufRpcEngine2.java:552) [hadoop-common-3.3.1.jar:?]
	at org.apache.hadoop.ipc.RPC$Server.call(RPC.java:1093) [hadoop-common-3.3.1.jar:?]
	at org.apache.hadoop.ipc.Server$RpcCall.run(Server.java:1035) [hadoop-common-3.3.1.jar:?]
	at org.apache.hadoop.ipc.Server$RpcCall.run(Server.java:963) [hadoop-common-3.3.1.jar:?]
	at java.security.AccessController.doPrivileged(Native Method) ~[?:1.8.0_332]
	at javax.security.auth.Subject.doAs(Subject.java:422) [?:1.8.0_332]
	at org.apache.hadoop.security.UserGroupInformation.doAs(UserGroupInformation.java:1878) [hadoop-common-3.3.1.jar:?]
	at org.apache.hadoop.ipc.Server$Handler.run(Server.java:2966) [hadoop-common-3.3.1.jar:?]
01:59:10.158 [IPC Server handler 11 on default port 36513] ERROR OMAudit - user=runner | ip=127.0.0.1 | op=GET_FILE_STATUS {volume=volume26320, bucket=bucket57581, key=level0/level2/level2, dataSize=0, replicationConfig=null} | ret=FAILURE
org.apache.hadoop.ozone.om.exceptions.OMException: Unable to get file status: volume: volume26320 bucket: bucket57581 key: level0/level2/level2
	at org.apache.hadoop.ozone.om.KeyManagerImpl.getOzoneFileStatus(KeyManagerImpl.java:1311) ~[ozone-manager-1.3.0-SNAPSHOT.jar:?]
	at org.apache.hadoop.ozone.om.KeyManagerImpl.getFileStatus(KeyManagerImpl.java:1241) ~[ozone-manager-1.3.0-SNAPSHOT.jar:?]
	at org.apache.hadoop.ozone.om.OzoneManager.getFileStatus(OzoneManager.java:3467) ~[ozone-manager-1.3.0-SNAPSHOT.jar:?]
	at org.apache.hadoop.ozone.protocolPB.OzoneManagerRequestHandler.getOzoneFileStatus(OzoneManagerRequestHandler.java:878) ~[ozone-manager-1.3.0-SNAPSHOT.jar:?]
	at org.apache.hadoop.ozone.protocolPB.OzoneManagerRequestHandler.handleReadRequest(OzoneManagerRequestHandler.java:224) ~[ozone-manager-1.3.0-SNAPSHOT.jar:?]
	at org.apache.hadoop.ozone.protocolPB.OzoneManagerProtocolServerSideTranslatorPB.submitRequestDirectlyToOM(OzoneManagerProtocolServerSideTranslatorPB.java:276) ~[ozone-manager-1.3.0-SNAPSHOT.jar:?]
	at org.apache.hadoop.ozone.protocolPB.OzoneManagerProtocolServerSideTranslatorPB.processRequest(OzoneManagerProtocolServerSideTranslatorPB.java:205) ~[ozone-manager-1.3.0-SNAPSHOT.jar:?]
	at org.apache.hadoop.hdds.server.OzoneProtocolMessageDispatcher.processRequest(OzoneProtocolMessageDispatcher.java:87) [hdds-server-framework-1.3.0-SNAPSHOT.jar:?]
	at org.apache.hadoop.ozone.protocolPB.OzoneManagerProtocolServerSideTranslatorPB.submitRequest(OzoneManagerProtocolServerSideTranslatorPB.java:147) [ozone-manager-1.3.0-SNAPSHOT.jar:?]
	at org.apache.hadoop.ozone.protocol.proto.OzoneManagerProtocolProtos$OzoneManagerService$2.callBlockingMethod(OzoneManagerProtocolProtos.java) [ozone-interface-client-1.3.0-SNAPSHOT.jar:?]
	at org.apache.hadoop.ipc.ProtobufRpcEngine$Server.processCall(ProtobufRpcEngine.java:466) [hadoop-common-3.3.1.jar:?]
	at org.apache.hadoop.ipc.ProtobufRpcEngine2$Server$ProtoBufRpcInvoker.call(ProtobufRpcEngine2.java:574) [hadoop-common-3.3.1.jar:?]
	at org.apache.hadoop.ipc.ProtobufRpcEngine2$Server$ProtoBufRpcInvoker.call(ProtobufRpcEngine2.java:552) [hadoop-common-3.3.1.jar:?]
	at org.apache.hadoop.ipc.RPC$Server.call(RPC.java:1093) [hadoop-common-3.3.1.jar:?]
	at org.apache.hadoop.ipc.Server$RpcCall.run(Server.java:1035) [hadoop-common-3.3.1.jar:?]
	at org.apache.hadoop.ipc.Server$RpcCall.run(Server.java:963) [hadoop-common-3.3.1.jar:?]
	at java.security.AccessController.doPrivileged(Native Method) ~[?:1.8.0_332]
	at javax.security.auth.Subject.doAs(Subject.java:422) [?:1.8.0_332]
	at org.apache.hadoop.security.UserGroupInformation.doAs(UserGroupInformation.java:1878) [hadoop-common-3.3.1.jar:?]
	at org.apache.hadoop.ipc.Server$Handler.run(Server.java:2966) [hadoop-common-3.3.1.jar:?]
01:59:10.159 [IPC Server handler 9 on default port 36513] ERROR OMAudit - user=runner | ip=127.0.0.1 | op=GET_FILE_STATUS {volume=volume26320, bucket=bucket57581, key=level0/level2/file1, dataSize=0, replicationConfig=null} | ret=FAILURE
org.apache.hadoop.ozone.om.exceptions.OMException: Unable to get file status: volume: volume26320 bucket: bucket57581 key: level0/level2/file1
	at org.apache.hadoop.ozone.om.KeyManagerImpl.getOzoneFileStatus(KeyManagerImpl.java:1311) ~[ozone-manager-1.3.0-SNAPSHOT.jar:?]
	at org.apache.hadoop.ozone.om.KeyManagerImpl.getFileStatus(KeyManagerImpl.java:1241) ~[ozone-manager-1.3.0-SNAPSHOT.jar:?]
	at org.apache.hadoop.ozone.om.OzoneManager.getFileStatus(OzoneManager.java:3467) ~[ozone-manager-1.3.0-SNAPSHOT.jar:?]
	at org.apache.hadoop.ozone.protocolPB.OzoneManagerRequestHandler.getOzoneFileStatus(OzoneManagerRequestHandler.java:878) ~[ozone-manager-1.3.0-SNAPSHOT.jar:?]
	at org.apache.hadoop.ozone.protocolPB.OzoneManagerRequestHandler.handleReadRequest(OzoneManagerRequestHandler.java:224) ~[ozone-manager-1.3.0-SNAPSHOT.jar:?]
	at org.apache.hadoop.ozone.protocolPB.OzoneManagerProtocolServerSideTranslatorPB.submitRequestDirectlyToOM(OzoneManagerProtocolServerSideTranslatorPB.java:276) ~[ozone-manager-1.3.0-SNAPSHOT.jar:?]
	at org.apache.hadoop.ozone.protocolPB.OzoneManagerProtocolServerSideTranslatorPB.processRequest(OzoneManagerProtocolServerSideTranslatorPB.java:205) ~[ozone-manager-1.3.0-SNAPSHOT.jar:?]
	at org.apache.hadoop.hdds.server.OzoneProtocolMessageDispatcher.processRequest(OzoneProtocolMessageDispatcher.java:87) [hdds-server-framework-1.3.0-SNAPSHOT.jar:?]
	at org.apache.hadoop.ozone.protocolPB.OzoneManagerProtocolServerSideTranslatorPB.submitRequest(OzoneManagerProtocolServerSideTranslatorPB.java:147) [ozone-manager-1.3.0-SNAPSHOT.jar:?]
	at org.apache.hadoop.ozone.protocol.proto.OzoneManagerProtocolProtos$OzoneManagerService$2.callBlockingMethod(OzoneManagerProtocolProtos.java) [ozone-interface-client-1.3.0-SNAPSHOT.jar:?]
	at org.apache.hadoop.ipc.ProtobufRpcEngine$Server.processCall(ProtobufRpcEngine.java:466) [hadoop-common-3.3.1.jar:?]
	at org.apache.hadoop.ipc.ProtobufRpcEngine2$Server$ProtoBufRpcInvoker.call(ProtobufRpcEngine2.java:574) [hadoop-common-3.3.1.jar:?]
	at org.apache.hadoop.ipc.ProtobufRpcEngine2$Server$ProtoBufRpcInvoker.call(ProtobufRpcEngine2.java:552) [hadoop-common-3.3.1.jar:?]
	at org.apache.hadoop.ipc.RPC$Server.call(RPC.java:1093) [hadoop-common-3.3.1.jar:?]
	at org.apache.hadoop.ipc.Server$RpcCall.run(Server.java:1035) [hadoop-common-3.3.1.jar:?]
	at org.apache.hadoop.ipc.Server$RpcCall.run(Server.java:963) [hadoop-common-3.3.1.jar:?]
	at java.security.AccessController.doPrivileged(Native Method) ~[?:1.8.0_332]
	at javax.security.auth.Subject.doAs(Subject.java:422) [?:1.8.0_332]
	at org.apache.hadoop.security.UserGroupInformation.doAs(UserGroupInformation.java:1878) [hadoop-common-3.3.1.jar:?]
	at org.apache.hadoop.ipc.Server$Handler.run(Server.java:2966) [hadoop-common-3.3.1.jar:?]
01:59:10.160 [IPC Server handler 10 on default port 36513] ERROR OMAudit - user=runner | ip=127.0.0.1 | op=GET_FILE_STATUS {volume=volume26320, bucket=bucket57581, key=level0/level2/level2/file1, dataSize=0, replicationConfig=null} | ret=FAILURE
org.apache.hadoop.ozone.om.exceptions.OMException: Unable to get file status: volume: volume26320 bucket: bucket57581 key: level0/level2/level2/file1
	at org.apache.hadoop.ozone.om.KeyManagerImpl.getOzoneFileStatus(KeyManagerImpl.java:1311) ~[ozone-manager-1.3.0-SNAPSHOT.jar:?]
	at org.apache.hadoop.ozone.om.KeyManagerImpl.getFileStatus(KeyManagerImpl.java:1241) ~[ozone-manager-1.3.0-SNAPSHOT.jar:?]
	at org.apache.hadoop.ozone.om.OzoneManager.getFileStatus(OzoneManager.java:3467) ~[ozone-manager-1.3.0-SNAPSHOT.jar:?]
	at org.apache.hadoop.ozone.protocolPB.OzoneManagerRequestHandler.getOzoneFileStatus(OzoneManagerRequestHandler.java:878) ~[ozone-manager-1.3.0-SNAPSHOT.jar:?]
	at org.apache.hadoop.ozone.protocolPB.OzoneManagerRequestHandler.handleReadRequest(OzoneManagerRequestHandler.java:224) ~[ozone-manager-1.3.0-SNAPSHOT.jar:?]
	at org.apache.hadoop.ozone.protocolPB.OzoneManagerProtocolServerSideTranslatorPB.submitRequestDirectlyToOM(OzoneManagerProtocolServerSideTranslatorPB.java:276) ~[ozone-manager-1.3.0-SNAPSHOT.jar:?]
	at org.apache.hadoop.ozone.protocolPB.OzoneManagerProtocolServerSideTranslatorPB.processRequest(OzoneManagerProtocolServerSideTranslatorPB.java:205) ~[ozone-manager-1.3.0-SNAPSHOT.jar:?]
	at org.apache.hadoop.hdds.server.OzoneProtocolMessageDispatcher.processRequest(OzoneProtocolMessageDispatcher.java:87) [hdds-server-framework-1.3.0-SNAPSHOT.jar:?]
	at org.apache.hadoop.ozone.protocolPB.OzoneManagerProtocolServerSideTranslatorPB.submitRequest(OzoneManagerProtocolServerSideTranslatorPB.java:147) [ozone-manager-1.3.0-SNAPSHOT.jar:?]
	at org.apache.hadoop.ozone.protocol.proto.OzoneManagerProtocolProtos$OzoneManagerService$2.callBlockingMethod(OzoneManagerProtocolProtos.java) [ozone-interface-client-1.3.0-SNAPSHOT.jar:?]
	at org.apache.hadoop.ipc.ProtobufRpcEngine$Server.processCall(ProtobufRpcEngine.java:466) [hadoop-common-3.3.1.jar:?]
	at org.apache.hadoop.ipc.ProtobufRpcEngine2$Server$ProtoBufRpcInvoker.call(ProtobufRpcEngine2.java:574) [hadoop-common-3.3.1.jar:?]
	at org.apache.hadoop.ipc.ProtobufRpcEngine2$Server$ProtoBufRpcInvoker.call(ProtobufRpcEngine2.java:552) [hadoop-common-3.3.1.jar:?]
	at org.apache.hadoop.ipc.RPC$Server.call(RPC.java:1093) [hadoop-common-3.3.1.jar:?]
	at org.apache.hadoop.ipc.Server$RpcCall.run(Server.java:1035) [hadoop-common-3.3.1.jar:?]
	at org.apache.hadoop.ipc.Server$RpcCall.run(Server.java:963) [hadoop-common-3.3.1.jar:?]
	at java.security.AccessController.doPrivileged(Native Method) ~[?:1.8.0_332]
	at javax.security.auth.Subject.doAs(Subject.java:422) [?:1.8.0_332]
	at org.apache.hadoop.security.UserGroupInformation.doAs(UserGroupInformation.java:1878) [hadoop-common-3.3.1.jar:?]
	at org.apache.hadoop.ipc.Server$Handler.run(Server.java:2966) [hadoop-common-3.3.1.jar:?]
01:59:10.160 [IPC Server handler 16 on default port 36513] ERROR OMAudit - user=runner | ip=127.0.0.1 | op=GET_FILE_STATUS {volume=volume26320, bucket=bucket57581, key=level0/level3, dataSize=0, replicationConfig=null} | ret=FAILURE
org.apache.hadoop.ozone.om.exceptions.OMException: Unable to get file status: volume: volume26320 bucket: bucket57581 key: level0/level3
	at org.apache.hadoop.ozone.om.KeyManagerImpl.getOzoneFileStatus(KeyManagerImpl.java:1311) ~[ozone-manager-1.3.0-SNAPSHOT.jar:?]
	at org.apache.hadoop.ozone.om.KeyManagerImpl.getFileStatus(KeyManagerImpl.java:1241) ~[ozone-manager-1.3.0-SNAPSHOT.jar:?]
	at org.apache.hadoop.ozone.om.OzoneManager.getFileStatus(OzoneManager.java:3467) ~[ozone-manager-1.3.0-SNAPSHOT.jar:?]
	at org.apache.hadoop.ozone.protocolPB.OzoneManagerRequestHandler.getOzoneFileStatus(OzoneManagerRequestHandler.java:878) ~[ozone-manager-1.3.0-SNAPSHOT.jar:?]
	at org.apache.hadoop.ozone.protocolPB.OzoneManagerRequestHandler.handleReadRequest(OzoneManagerRequestHandler.java:224) ~[ozone-manager-1.3.0-SNAPSHOT.jar:?]
	at org.apache.hadoop.ozone.protocolPB.OzoneManagerProtocolServerSideTranslatorPB.submitRequestDirectlyToOM(OzoneManagerProtocolServerSideTranslatorPB.java:276) ~[ozone-manager-1.3.0-SNAPSHOT.jar:?]
	at org.apache.hadoop.ozone.protocolPB.OzoneManagerProtocolServerSideTranslatorPB.processRequest(OzoneManagerProtocolServerSideTranslatorPB.java:205) ~[ozone-manager-1.3.0-SNAPSHOT.jar:?]
	at org.apache.hadoop.hdds.server.OzoneProtocolMessageDispatcher.processRequest(OzoneProtocolMessageDispatcher.java:87) [hdds-server-framework-1.3.0-SNAPSHOT.jar:?]
	at org.apache.hadoop.ozone.protocolPB.OzoneManagerProtocolServerSideTranslatorPB.submitRequest(OzoneManagerProtocolServerSideTranslatorPB.java:147) [ozone-manager-1.3.0-SNAPSHOT.jar:?]
	at org.apache.hadoop.ozone.protocol.proto.OzoneManagerProtocolProtos$OzoneManagerService$2.callBlockingMethod(OzoneManagerProtocolProtos.java) [ozone-interface-client-1.3.0-SNAPSHOT.jar:?]
	at org.apache.hadoop.ipc.ProtobufRpcEngine$Server.processCall(ProtobufRpcEngine.java:466) [hadoop-common-3.3.1.jar:?]
	at org.apache.hadoop.ipc.ProtobufRpcEngine2$Server$ProtoBufRpcInvoker.call(ProtobufRpcEngine2.java:574) [hadoop-common-3.3.1.jar:?]
	at org.apache.hadoop.ipc.ProtobufRpcEngine2$Server$ProtoBufRpcInvoker.call(ProtobufRpcEngine2.java:552) [hadoop-common-3.3.1.jar:?]
	at org.apache.hadoop.ipc.RPC$Server.call(RPC.java:1093) [hadoop-common-3.3.1.jar:?]
	at org.apache.hadoop.ipc.Server$RpcCall.run(Server.java:1035) [hadoop-common-3.3.1.jar:?]
	at org.apache.hadoop.ipc.Server$RpcCall.run(Server.java:963) [hadoop-common-3.3.1.jar:?]
	at java.security.AccessController.doPrivileged(Native Method) ~[?:1.8.0_332]
	at javax.security.auth.Subject.doAs(Subject.java:422) [?:1.8.0_332]
	at org.apache.hadoop.security.UserGroupInformation.doAs(UserGroupInformation.java:1878) [hadoop-common-3.3.1.jar:?]
	at org.apache.hadoop.ipc.Server$Handler.run(Server.java:2966) [hadoop-common-3.3.1.jar:?]
01:59:10.161 [IPC Server handler 18 on default port 36513] ERROR OMAudit - user=runner | ip=127.0.0.1 | op=GET_FILE_STATUS {volume=volume26320, bucket=bucket57581, key=level0/level3/level3, dataSize=0, replicationConfig=null} | ret=FAILURE
org.apache.hadoop.ozone.om.exceptions.OMException: Unable to get file status: volume: volume26320 bucket: bucket57581 key: level0/level3/level3
	at org.apache.hadoop.ozone.om.KeyManagerImpl.getOzoneFileStatus(KeyManagerImpl.java:1311) ~[ozone-manager-1.3.0-SNAPSHOT.jar:?]
	at org.apache.hadoop.ozone.om.KeyManagerImpl.getFileStatus(KeyManagerImpl.java:1241) ~[ozone-manager-1.3.0-SNAPSHOT.jar:?]
	at org.apache.hadoop.ozone.om.OzoneManager.getFileStatus(OzoneManager.java:3467) ~[ozone-manager-1.3.0-SNAPSHOT.jar:?]
	at org.apache.hadoop.ozone.protocolPB.OzoneManagerRequestHandler.getOzoneFileStatus(OzoneManagerRequestHandler.java:878) ~[ozone-manager-1.3.0-SNAPSHOT.jar:?]
	at org.apache.hadoop.ozone.protocolPB.OzoneManagerRequestHandler.handleReadRequest(OzoneManagerRequestHandler.java:224) ~[ozone-manager-1.3.0-SNAPSHOT.jar:?]
	at org.apache.hadoop.ozone.protocolPB.OzoneManagerProtocolServerSideTranslatorPB.submitRequestDirectlyToOM(OzoneManagerProtocolServerSideTranslatorPB.java:276) ~[ozone-manager-1.3.0-SNAPSHOT.jar:?]
	at org.apache.hadoop.ozone.protocolPB.OzoneManagerProtocolServerSideTranslatorPB.processRequest(OzoneManagerProtocolServerSideTranslatorPB.java:205) ~[ozone-manager-1.3.0-SNAPSHOT.jar:?]
	at org.apache.hadoop.hdds.server.OzoneProtocolMessageDispatcher.processRequest(OzoneProtocolMessageDispatcher.java:87) [hdds-server-framework-1.3.0-SNAPSHOT.jar:?]
	at org.apache.hadoop.ozone.protocolPB.OzoneManagerProtocolServerSideTranslatorPB.submitRequest(OzoneManagerProtocolServerSideTranslatorPB.java:147) [ozone-manager-1.3.0-SNAPSHOT.jar:?]
	at org.apache.hadoop.ozone.protocol.proto.OzoneManagerProtocolProtos$OzoneManagerService$2.callBlockingMethod(OzoneManagerProtocolProtos.java) [ozone-interface-client-1.3.0-SNAPSHOT.jar:?]
	at org.apache.hadoop.ipc.ProtobufRpcEngine$Server.processCall(ProtobufRpcEngine.java:466) [hadoop-common-3.3.1.jar:?]
	at org.apache.hadoop.ipc.ProtobufRpcEngine2$Server$ProtoBufRpcInvoker.call(ProtobufRpcEngine2.java:574) [hadoop-common-3.3.1.jar:?]
	at org.apache.hadoop.ipc.ProtobufRpcEngine2$Server$ProtoBufRpcInvoker.call(ProtobufRpcEngine2.java:552) [hadoop-common-3.3.1.jar:?]
	at org.apache.hadoop.ipc.RPC$Server.call(RPC.java:1093) [hadoop-common-3.3.1.jar:?]
	at org.apache.hadoop.ipc.Server$RpcCall.run(Server.java:1035) [hadoop-common-3.3.1.jar:?]
	at org.apache.hadoop.ipc.Server$RpcCall.run(Server.java:963) [hadoop-common-3.3.1.jar:?]
	at java.security.AccessController.doPrivileged(Native Method) ~[?:1.8.0_332]
	at javax.security.auth.Subject.doAs(Subject.java:422) [?:1.8.0_332]
	at org.apache.hadoop.security.UserGroupInformation.doAs(UserGroupInformation.java:1878) [hadoop-common-3.3.1.jar:?]
	at org.apache.hadoop.ipc.Server$Handler.run(Server.java:2966) [hadoop-common-3.3.1.jar:?]
01:59:10.162 [IPC Server handler 1 on default port 36513] ERROR OMAudit - user=runner | ip=127.0.0.1 | op=GET_FILE_STATUS {volume=volume26320, bucket=bucket57581, key=level0/level3/file1, dataSize=0, replicationConfig=null} | ret=FAILURE
org.apache.hadoop.ozone.om.exceptions.OMException: Unable to get file status: volume: volume26320 bucket: bucket57581 key: level0/level3/file1
	at org.apache.hadoop.ozone.om.KeyManagerImpl.getOzoneFileStatus(KeyManagerImpl.java:1311) ~[ozone-manager-1.3.0-SNAPSHOT.jar:?]
	at org.apache.hadoop.ozone.om.KeyManagerImpl.getFileStatus(KeyManagerImpl.java:1241) ~[ozone-manager-1.3.0-SNAPSHOT.jar:?]
	at org.apache.hadoop.ozone.om.OzoneManager.getFileStatus(OzoneManager.java:3467) ~[ozone-manager-1.3.0-SNAPSHOT.jar:?]
	at org.apache.hadoop.ozone.protocolPB.OzoneManagerRequestHandler.getOzoneFileStatus(OzoneManagerRequestHandler.java:878) ~[ozone-manager-1.3.0-SNAPSHOT.jar:?]
	at org.apache.hadoop.ozone.protocolPB.OzoneManagerRequestHandler.handleReadRequest(OzoneManagerRequestHandler.java:224) ~[ozone-manager-1.3.0-SNAPSHOT.jar:?]
	at org.apache.hadoop.ozone.protocolPB.OzoneManagerProtocolServerSideTranslatorPB.submitRequestDirectlyToOM(OzoneManagerProtocolServerSideTranslatorPB.java:276) ~[ozone-manager-1.3.0-SNAPSHOT.jar:?]
	at org.apache.hadoop.ozone.protocolPB.OzoneManagerProtocolServerSideTranslatorPB.processRequest(OzoneManagerProtocolServerSideTranslatorPB.java:205) ~[ozone-manager-1.3.0-SNAPSHOT.jar:?]
	at org.apache.hadoop.hdds.server.OzoneProtocolMessageDispatcher.processRequest(OzoneProtocolMessageDispatcher.java:87) [hdds-server-framework-1.3.0-SNAPSHOT.jar:?]
	at org.apache.hadoop.ozone.protocolPB.OzoneManagerProtocolServerSideTranslatorPB.submitRequest(OzoneManagerProtocolServerSideTranslatorPB.java:147) [ozone-manager-1.3.0-SNAPSHOT.jar:?]
	at org.apache.hadoop.ozone.protocol.proto.OzoneManagerProtocolProtos$OzoneManagerService$2.callBlockingMethod(OzoneManagerProtocolProtos.java) [ozone-interface-client-1.3.0-SNAPSHOT.jar:?]
	at org.apache.hadoop.ipc.ProtobufRpcEngine$Server.processCall(ProtobufRpcEngine.java:466) [hadoop-common-3.3.1.jar:?]
	at org.apache.hadoop.ipc.ProtobufRpcEngine2$Server$ProtoBufRpcInvoker.call(ProtobufRpcEngine2.java:574) [hadoop-common-3.3.1.jar:?]
	at org.apache.hadoop.ipc.ProtobufRpcEngine2$Server$ProtoBufRpcInvoker.call(ProtobufRpcEngine2.java:552) [hadoop-common-3.3.1.jar:?]
	at org.apache.hadoop.ipc.RPC$Server.call(RPC.java:1093) [hadoop-common-3.3.1.jar:?]
	at org.apache.hadoop.ipc.Server$RpcCall.run(Server.java:1035) [hadoop-common-3.3.1.jar:?]
	at org.apache.hadoop.ipc.Server$RpcCall.run(Server.java:963) [hadoop-common-3.3.1.jar:?]
	at java.security.AccessController.doPrivileged(Native Method) ~[?:1.8.0_332]
	at javax.security.auth.Subject.doAs(Subject.java:422) [?:1.8.0_332]
	at org.apache.hadoop.security.UserGroupInformation.doAs(UserGroupInformation.java:1878) [hadoop-common-3.3.1.jar:?]
	at org.apache.hadoop.ipc.Server$Handler.run(Server.java:2966) [hadoop-common-3.3.1.jar:?]
01:59:10.164 [IPC Server handler 2 on default port 36513] ERROR OMAudit - user=runner | ip=127.0.0.1 | op=GET_FILE_STATUS {volume=volume26320, bucket=bucket57581, key=level0/level3/level3/file1, dataSize=0, replicationConfig=null} | ret=FAILURE
org.apache.hadoop.ozone.om.exceptions.OMException: Unable to get file status: volume: volume26320 bucket: bucket57581 key: level0/level3/level3/file1
	at org.apache.hadoop.ozone.om.KeyManagerImpl.getOzoneFileStatus(KeyManagerImpl.java:1311) ~[ozone-manager-1.3.0-SNAPSHOT.jar:?]
	at org.apache.hadoop.ozone.om.KeyManagerImpl.getFileStatus(KeyManagerImpl.java:1241) ~[ozone-manager-1.3.0-SNAPSHOT.jar:?]
	at org.apache.hadoop.ozone.om.OzoneManager.getFileStatus(OzoneManager.java:3467) ~[ozone-manager-1.3.0-SNAPSHOT.jar:?]
	at org.apache.hadoop.ozone.protocolPB.OzoneManagerRequestHandler.getOzoneFileStatus(OzoneManagerRequestHandler.java:878) ~[ozone-manager-1.3.0-SNAPSHOT.jar:?]
	at org.apache.hadoop.ozone.protocolPB.OzoneManagerRequestHandler.handleReadRequest(OzoneManagerRequestHandler.java:224) ~[ozone-manager-1.3.0-SNAPSHOT.jar:?]
	at org.apache.hadoop.ozone.protocolPB.OzoneManagerProtocolServerSideTranslatorPB.submitRequestDirectlyToOM(OzoneManagerProtocolServerSideTranslatorPB.java:276) ~[ozone-manager-1.3.0-SNAPSHOT.jar:?]
	at org.apache.hadoop.ozone.protocolPB.OzoneManagerProtocolServerSideTranslatorPB.processRequest(OzoneManagerProtocolServerSideTranslatorPB.java:205) ~[ozone-manager-1.3.0-SNAPSHOT.jar:?]
	at org.apache.hadoop.hdds.server.OzoneProtocolMessageDispatcher.processRequest(OzoneProtocolMessageDispatcher.java:87) [hdds-server-framework-1.3.0-SNAPSHOT.jar:?]
	at org.apache.hadoop.ozone.protocolPB.OzoneManagerProtocolServerSideTranslatorPB.submitRequest(OzoneManagerProtocolServerSideTranslatorPB.java:147) [ozone-manager-1.3.0-SNAPSHOT.jar:?]
	at org.apache.hadoop.ozone.protocol.proto.OzoneManagerProtocolProtos$OzoneManagerService$2.callBlockingMethod(OzoneManagerProtocolProtos.java) [ozone-interface-client-1.3.0-SNAPSHOT.jar:?]
	at org.apache.hadoop.ipc.ProtobufRpcEngine$Server.processCall(ProtobufRpcEngine.java:466) [hadoop-common-3.3.1.jar:?]
	at org.apache.hadoop.ipc.ProtobufRpcEngine2$Server$ProtoBufRpcInvoker.call(ProtobufRpcEngine2.java:574) [hadoop-common-3.3.1.jar:?]
	at org.apache.hadoop.ipc.ProtobufRpcEngine2$Server$ProtoBufRpcInvoker.call(ProtobufRpcEngine2.java:552) [hadoop-common-3.3.1.jar:?]
	at org.apache.hadoop.ipc.RPC$Server.call(RPC.java:1093) [hadoop-common-3.3.1.jar:?]
	at org.apache.hadoop.ipc.Server$RpcCall.run(Server.java:1035) [hadoop-common-3.3.1.jar:?]
	at org.apache.hadoop.ipc.Server$RpcCall.run(Server.java:963) [hadoop-common-3.3.1.jar:?]
	at java.security.AccessController.doPrivileged(Native Method) ~[?:1.8.0_332]
	at javax.security.auth.Subject.doAs(Subject.java:422) [?:1.8.0_332]
	at org.apache.hadoop.security.UserGroupInformation.doAs(UserGroupInformation.java:1878) [hadoop-common-3.3.1.jar:?]
	at org.apache.hadoop.ipc.Server$Handler.run(Server.java:2966) [hadoop-common-3.3.1.jar:?]
]]></system-out>
  </testcase>
  <testcase name="testGetTrashRoots" classname="TestOzoneFileSystem" time="0.085">
    <system-out><![CDATA[01:55:19.013 [IPC Server handler 17 on default port 35175] ERROR OMAudit - user=runner | ip=127.0.0.1 | op=GET_FILE_STATUS {volume=volume18062, bucket=bucket29054, key=.Trash/runner, dataSize=0, replicationConfig=null} | ret=FAILURE
org.apache.hadoop.ozone.om.exceptions.OMException: Unable to get file status: volume: volume18062 bucket: bucket29054 key: .Trash/runner
	at org.apache.hadoop.ozone.om.KeyManagerImpl.getOzoneFileStatus(KeyManagerImpl.java:1311) ~[ozone-manager-1.3.0-SNAPSHOT.jar:?]
	at org.apache.hadoop.ozone.om.KeyManagerImpl.getFileStatus(KeyManagerImpl.java:1241) ~[ozone-manager-1.3.0-SNAPSHOT.jar:?]
	at org.apache.hadoop.ozone.om.OzoneManager.getFileStatus(OzoneManager.java:3467) ~[ozone-manager-1.3.0-SNAPSHOT.jar:?]
	at org.apache.hadoop.ozone.protocolPB.OzoneManagerRequestHandler.getOzoneFileStatus(OzoneManagerRequestHandler.java:878) ~[ozone-manager-1.3.0-SNAPSHOT.jar:?]
	at org.apache.hadoop.ozone.protocolPB.OzoneManagerRequestHandler.handleReadRequest(OzoneManagerRequestHandler.java:224) ~[ozone-manager-1.3.0-SNAPSHOT.jar:?]
	at org.apache.hadoop.ozone.protocolPB.OzoneManagerProtocolServerSideTranslatorPB.submitReadRequestToOM(OzoneManagerProtocolServerSideTranslatorPB.java:226) ~[ozone-manager-1.3.0-SNAPSHOT.jar:?]
	at org.apache.hadoop.ozone.protocolPB.OzoneManagerProtocolServerSideTranslatorPB.processRequest(OzoneManagerProtocolServerSideTranslatorPB.java:175) ~[ozone-manager-1.3.0-SNAPSHOT.jar:?]
	at org.apache.hadoop.hdds.server.OzoneProtocolMessageDispatcher.processRequest(OzoneProtocolMessageDispatcher.java:87) [hdds-server-framework-1.3.0-SNAPSHOT.jar:?]
	at org.apache.hadoop.ozone.protocolPB.OzoneManagerProtocolServerSideTranslatorPB.submitRequest(OzoneManagerProtocolServerSideTranslatorPB.java:147) [ozone-manager-1.3.0-SNAPSHOT.jar:?]
	at org.apache.hadoop.ozone.protocol.proto.OzoneManagerProtocolProtos$OzoneManagerService$2.callBlockingMethod(OzoneManagerProtocolProtos.java) [ozone-interface-client-1.3.0-SNAPSHOT.jar:?]
	at org.apache.hadoop.ipc.ProtobufRpcEngine$Server.processCall(ProtobufRpcEngine.java:466) [hadoop-common-3.3.1.jar:?]
	at org.apache.hadoop.ipc.ProtobufRpcEngine2$Server$ProtoBufRpcInvoker.call(ProtobufRpcEngine2.java:574) [hadoop-common-3.3.1.jar:?]
	at org.apache.hadoop.ipc.ProtobufRpcEngine2$Server$ProtoBufRpcInvoker.call(ProtobufRpcEngine2.java:552) [hadoop-common-3.3.1.jar:?]
	at org.apache.hadoop.ipc.RPC$Server.call(RPC.java:1093) [hadoop-common-3.3.1.jar:?]
	at org.apache.hadoop.ipc.Server$RpcCall.run(Server.java:1035) [hadoop-common-3.3.1.jar:?]
	at org.apache.hadoop.ipc.Server$RpcCall.run(Server.java:963) [hadoop-common-3.3.1.jar:?]
	at java.security.AccessController.doPrivileged(Native Method) ~[?:1.8.0_332]
	at javax.security.auth.Subject.doAs(Subject.java:422) [?:1.8.0_332]
	at org.apache.hadoop.security.UserGroupInformation.doAs(UserGroupInformation.java:1878) [hadoop-common-3.3.1.jar:?]
	at org.apache.hadoop.ipc.Server$Handler.run(Server.java:2966) [hadoop-common-3.3.1.jar:?]
]]></system-out>
  </testcase>
  <testcase name="testGetTrashRoots" classname="TestOzoneFileSystem" time="0.076">
    <system-out><![CDATA[01:56:29.906 [IPC Server handler 18 on default port 44107] ERROR OMAudit - user=runner | ip=127.0.0.1 | op=GET_FILE_STATUS {volume=volume07240, bucket=bucket34393, key=.Trash/runner, dataSize=0, replicationConfig=null} | ret=FAILURE
org.apache.hadoop.ozone.om.exceptions.OMException: Unable to get file status: volume: volume07240 bucket: bucket34393 key: .Trash/runner
	at org.apache.hadoop.ozone.om.KeyManagerImpl.getOzoneFileStatus(KeyManagerImpl.java:1311) ~[ozone-manager-1.3.0-SNAPSHOT.jar:?]
	at org.apache.hadoop.ozone.om.KeyManagerImpl.getFileStatus(KeyManagerImpl.java:1241) ~[ozone-manager-1.3.0-SNAPSHOT.jar:?]
	at org.apache.hadoop.ozone.om.OzoneManager.getFileStatus(OzoneManager.java:3467) ~[ozone-manager-1.3.0-SNAPSHOT.jar:?]
	at org.apache.hadoop.ozone.protocolPB.OzoneManagerRequestHandler.getOzoneFileStatus(OzoneManagerRequestHandler.java:878) ~[ozone-manager-1.3.0-SNAPSHOT.jar:?]
	at org.apache.hadoop.ozone.protocolPB.OzoneManagerRequestHandler.handleReadRequest(OzoneManagerRequestHandler.java:224) ~[ozone-manager-1.3.0-SNAPSHOT.jar:?]
	at org.apache.hadoop.ozone.protocolPB.OzoneManagerProtocolServerSideTranslatorPB.submitRequestDirectlyToOM(OzoneManagerProtocolServerSideTranslatorPB.java:276) ~[ozone-manager-1.3.0-SNAPSHOT.jar:?]
	at org.apache.hadoop.ozone.protocolPB.OzoneManagerProtocolServerSideTranslatorPB.processRequest(OzoneManagerProtocolServerSideTranslatorPB.java:205) ~[ozone-manager-1.3.0-SNAPSHOT.jar:?]
	at org.apache.hadoop.hdds.server.OzoneProtocolMessageDispatcher.processRequest(OzoneProtocolMessageDispatcher.java:87) [hdds-server-framework-1.3.0-SNAPSHOT.jar:?]
	at org.apache.hadoop.ozone.protocolPB.OzoneManagerProtocolServerSideTranslatorPB.submitRequest(OzoneManagerProtocolServerSideTranslatorPB.java:147) [ozone-manager-1.3.0-SNAPSHOT.jar:?]
	at org.apache.hadoop.ozone.protocol.proto.OzoneManagerProtocolProtos$OzoneManagerService$2.callBlockingMethod(OzoneManagerProtocolProtos.java) [ozone-interface-client-1.3.0-SNAPSHOT.jar:?]
	at org.apache.hadoop.ipc.ProtobufRpcEngine$Server.processCall(ProtobufRpcEngine.java:466) [hadoop-common-3.3.1.jar:?]
	at org.apache.hadoop.ipc.ProtobufRpcEngine2$Server$ProtoBufRpcInvoker.call(ProtobufRpcEngine2.java:574) [hadoop-common-3.3.1.jar:?]
	at org.apache.hadoop.ipc.ProtobufRpcEngine2$Server$ProtoBufRpcInvoker.call(ProtobufRpcEngine2.java:552) [hadoop-common-3.3.1.jar:?]
	at org.apache.hadoop.ipc.RPC$Server.call(RPC.java:1093) [hadoop-common-3.3.1.jar:?]
	at org.apache.hadoop.ipc.Server$RpcCall.run(Server.java:1035) [hadoop-common-3.3.1.jar:?]
	at org.apache.hadoop.ipc.Server$RpcCall.run(Server.java:963) [hadoop-common-3.3.1.jar:?]
	at java.security.AccessController.doPrivileged(Native Method) ~[?:1.8.0_332]
	at javax.security.auth.Subject.doAs(Subject.java:422) [?:1.8.0_332]
	at org.apache.hadoop.security.UserGroupInformation.doAs(UserGroupInformation.java:1878) [hadoop-common-3.3.1.jar:?]
	at org.apache.hadoop.ipc.Server$Handler.run(Server.java:2966) [hadoop-common-3.3.1.jar:?]
]]></system-out>
  </testcase>
  <testcase name="testGetTrashRoots" classname="TestOzoneFileSystem" time="0.087">
    <system-out><![CDATA[01:57:40.411 [IPC Server handler 15 on default port 36611] ERROR OMAudit - user=runner | ip=127.0.0.1 | op=GET_FILE_STATUS {volume=volume58070, bucket=bucket54574, key=.Trash/runner, dataSize=0, replicationConfig=null} | ret=FAILURE
org.apache.hadoop.ozone.om.exceptions.OMException: Unable to get file status: volume: volume58070 bucket: bucket54574 key: .Trash/runner
	at org.apache.hadoop.ozone.om.KeyManagerImpl.getOzoneFileStatus(KeyManagerImpl.java:1311) ~[ozone-manager-1.3.0-SNAPSHOT.jar:?]
	at org.apache.hadoop.ozone.om.KeyManagerImpl.getFileStatus(KeyManagerImpl.java:1241) ~[ozone-manager-1.3.0-SNAPSHOT.jar:?]
	at org.apache.hadoop.ozone.om.OzoneManager.getFileStatus(OzoneManager.java:3467) ~[ozone-manager-1.3.0-SNAPSHOT.jar:?]
	at org.apache.hadoop.ozone.protocolPB.OzoneManagerRequestHandler.getOzoneFileStatus(OzoneManagerRequestHandler.java:878) ~[ozone-manager-1.3.0-SNAPSHOT.jar:?]
	at org.apache.hadoop.ozone.protocolPB.OzoneManagerRequestHandler.handleReadRequest(OzoneManagerRequestHandler.java:224) ~[ozone-manager-1.3.0-SNAPSHOT.jar:?]
	at org.apache.hadoop.ozone.protocolPB.OzoneManagerProtocolServerSideTranslatorPB.submitReadRequestToOM(OzoneManagerProtocolServerSideTranslatorPB.java:226) ~[ozone-manager-1.3.0-SNAPSHOT.jar:?]
	at org.apache.hadoop.ozone.protocolPB.OzoneManagerProtocolServerSideTranslatorPB.processRequest(OzoneManagerProtocolServerSideTranslatorPB.java:175) ~[ozone-manager-1.3.0-SNAPSHOT.jar:?]
	at org.apache.hadoop.hdds.server.OzoneProtocolMessageDispatcher.processRequest(OzoneProtocolMessageDispatcher.java:87) [hdds-server-framework-1.3.0-SNAPSHOT.jar:?]
	at org.apache.hadoop.ozone.protocolPB.OzoneManagerProtocolServerSideTranslatorPB.submitRequest(OzoneManagerProtocolServerSideTranslatorPB.java:147) [ozone-manager-1.3.0-SNAPSHOT.jar:?]
	at org.apache.hadoop.ozone.protocol.proto.OzoneManagerProtocolProtos$OzoneManagerService$2.callBlockingMethod(OzoneManagerProtocolProtos.java) [ozone-interface-client-1.3.0-SNAPSHOT.jar:?]
	at org.apache.hadoop.ipc.ProtobufRpcEngine$Server.processCall(ProtobufRpcEngine.java:466) [hadoop-common-3.3.1.jar:?]
	at org.apache.hadoop.ipc.ProtobufRpcEngine2$Server$ProtoBufRpcInvoker.call(ProtobufRpcEngine2.java:574) [hadoop-common-3.3.1.jar:?]
	at org.apache.hadoop.ipc.ProtobufRpcEngine2$Server$ProtoBufRpcInvoker.call(ProtobufRpcEngine2.java:552) [hadoop-common-3.3.1.jar:?]
	at org.apache.hadoop.ipc.RPC$Server.call(RPC.java:1093) [hadoop-common-3.3.1.jar:?]
	at org.apache.hadoop.ipc.Server$RpcCall.run(Server.java:1035) [hadoop-common-3.3.1.jar:?]
	at org.apache.hadoop.ipc.Server$RpcCall.run(Server.java:963) [hadoop-common-3.3.1.jar:?]
	at java.security.AccessController.doPrivileged(Native Method) ~[?:1.8.0_332]
	at javax.security.auth.Subject.doAs(Subject.java:422) [?:1.8.0_332]
	at org.apache.hadoop.security.UserGroupInformation.doAs(UserGroupInformation.java:1878) [hadoop-common-3.3.1.jar:?]
	at org.apache.hadoop.ipc.Server$Handler.run(Server.java:2966) [hadoop-common-3.3.1.jar:?]
]]></system-out>
  </testcase>
  <testcase name="testGetTrashRoots" classname="TestOzoneFileSystem" time="0.038">
    <system-out><![CDATA[01:59:10.175 [IPC Server handler 19 on default port 36513] ERROR OMAudit - user=runner | ip=127.0.0.1 | op=GET_FILE_STATUS {volume=volume26320, bucket=bucket57581, key=.Trash/runner, dataSize=0, replicationConfig=null} | ret=FAILURE
org.apache.hadoop.ozone.om.exceptions.OMException: Unable to get file status: volume: volume26320 bucket: bucket57581 key: .Trash/runner
	at org.apache.hadoop.ozone.om.KeyManagerImpl.getOzoneFileStatus(KeyManagerImpl.java:1311) ~[ozone-manager-1.3.0-SNAPSHOT.jar:?]
	at org.apache.hadoop.ozone.om.KeyManagerImpl.getFileStatus(KeyManagerImpl.java:1241) ~[ozone-manager-1.3.0-SNAPSHOT.jar:?]
	at org.apache.hadoop.ozone.om.OzoneManager.getFileStatus(OzoneManager.java:3467) ~[ozone-manager-1.3.0-SNAPSHOT.jar:?]
	at org.apache.hadoop.ozone.protocolPB.OzoneManagerRequestHandler.getOzoneFileStatus(OzoneManagerRequestHandler.java:878) ~[ozone-manager-1.3.0-SNAPSHOT.jar:?]
	at org.apache.hadoop.ozone.protocolPB.OzoneManagerRequestHandler.handleReadRequest(OzoneManagerRequestHandler.java:224) ~[ozone-manager-1.3.0-SNAPSHOT.jar:?]
	at org.apache.hadoop.ozone.protocolPB.OzoneManagerProtocolServerSideTranslatorPB.submitRequestDirectlyToOM(OzoneManagerProtocolServerSideTranslatorPB.java:276) ~[ozone-manager-1.3.0-SNAPSHOT.jar:?]
	at org.apache.hadoop.ozone.protocolPB.OzoneManagerProtocolServerSideTranslatorPB.processRequest(OzoneManagerProtocolServerSideTranslatorPB.java:205) ~[ozone-manager-1.3.0-SNAPSHOT.jar:?]
	at org.apache.hadoop.hdds.server.OzoneProtocolMessageDispatcher.processRequest(OzoneProtocolMessageDispatcher.java:87) [hdds-server-framework-1.3.0-SNAPSHOT.jar:?]
	at org.apache.hadoop.ozone.protocolPB.OzoneManagerProtocolServerSideTranslatorPB.submitRequest(OzoneManagerProtocolServerSideTranslatorPB.java:147) [ozone-manager-1.3.0-SNAPSHOT.jar:?]
	at org.apache.hadoop.ozone.protocol.proto.OzoneManagerProtocolProtos$OzoneManagerService$2.callBlockingMethod(OzoneManagerProtocolProtos.java) [ozone-interface-client-1.3.0-SNAPSHOT.jar:?]
	at org.apache.hadoop.ipc.ProtobufRpcEngine$Server.processCall(ProtobufRpcEngine.java:466) [hadoop-common-3.3.1.jar:?]
	at org.apache.hadoop.ipc.ProtobufRpcEngine2$Server$ProtoBufRpcInvoker.call(ProtobufRpcEngine2.java:574) [hadoop-common-3.3.1.jar:?]
	at org.apache.hadoop.ipc.ProtobufRpcEngine2$Server$ProtoBufRpcInvoker.call(ProtobufRpcEngine2.java:552) [hadoop-common-3.3.1.jar:?]
	at org.apache.hadoop.ipc.RPC$Server.call(RPC.java:1093) [hadoop-common-3.3.1.jar:?]
	at org.apache.hadoop.ipc.Server$RpcCall.run(Server.java:1035) [hadoop-common-3.3.1.jar:?]
	at org.apache.hadoop.ipc.Server$RpcCall.run(Server.java:963) [hadoop-common-3.3.1.jar:?]
	at java.security.AccessController.doPrivileged(Native Method) ~[?:1.8.0_332]
	at javax.security.auth.Subject.doAs(Subject.java:422) [?:1.8.0_332]
	at org.apache.hadoop.security.UserGroupInformation.doAs(UserGroupInformation.java:1878) [hadoop-common-3.3.1.jar:?]
	at org.apache.hadoop.ipc.Server$Handler.run(Server.java:2966) [hadoop-common-3.3.1.jar:?]
]]></system-out>
  </testcase>
  <testcase name="testCreateDoesNotAddParentDirKeys" classname="TestOzoneFileSystem" time="0.073">
    <system-out><![CDATA[01:55:19.154 [IPC Server handler 15 on default port 35175] ERROR OMAudit - user=runner | ip=127.0.0.1 | op=READ_KEY {volume=volume18062, bucket=bucket29054, key=testCreateDoesNotAddParentDirKeys/parent/, dataSize=0, replicationConfig=null} | ret=FAILURE
org.apache.hadoop.ozone.om.exceptions.OMException: Key:testCreateDoesNotAddParentDirKeys/parent not found
	at org.apache.hadoop.ozone.om.KeyManagerImpl.lookupKey(KeyManagerImpl.java:399) ~[ozone-manager-1.3.0-SNAPSHOT.jar:?]
	at org.apache.hadoop.ozone.om.OzoneManager.lookupKey(OzoneManager.java:2818) ~[ozone-manager-1.3.0-SNAPSHOT.jar:?]
	at org.apache.hadoop.ozone.protocolPB.OzoneManagerRequestHandler.lookupKey(OzoneManagerRequestHandler.java:491) ~[ozone-manager-1.3.0-SNAPSHOT.jar:?]
	at org.apache.hadoop.ozone.protocolPB.OzoneManagerRequestHandler.handleReadRequest(OzoneManagerRequestHandler.java:184) ~[ozone-manager-1.3.0-SNAPSHOT.jar:?]
	at org.apache.hadoop.ozone.protocolPB.OzoneManagerProtocolServerSideTranslatorPB.submitReadRequestToOM(OzoneManagerProtocolServerSideTranslatorPB.java:226) ~[ozone-manager-1.3.0-SNAPSHOT.jar:?]
	at org.apache.hadoop.ozone.protocolPB.OzoneManagerProtocolServerSideTranslatorPB.processRequest(OzoneManagerProtocolServerSideTranslatorPB.java:175) ~[ozone-manager-1.3.0-SNAPSHOT.jar:?]
	at org.apache.hadoop.hdds.server.OzoneProtocolMessageDispatcher.processRequest(OzoneProtocolMessageDispatcher.java:87) [hdds-server-framework-1.3.0-SNAPSHOT.jar:?]
	at org.apache.hadoop.ozone.protocolPB.OzoneManagerProtocolServerSideTranslatorPB.submitRequest(OzoneManagerProtocolServerSideTranslatorPB.java:147) [ozone-manager-1.3.0-SNAPSHOT.jar:?]
	at org.apache.hadoop.ozone.protocol.proto.OzoneManagerProtocolProtos$OzoneManagerService$2.callBlockingMethod(OzoneManagerProtocolProtos.java) [ozone-interface-client-1.3.0-SNAPSHOT.jar:?]
	at org.apache.hadoop.ipc.ProtobufRpcEngine$Server.processCall(ProtobufRpcEngine.java:466) [hadoop-common-3.3.1.jar:?]
	at org.apache.hadoop.ipc.ProtobufRpcEngine2$Server$ProtoBufRpcInvoker.call(ProtobufRpcEngine2.java:574) [hadoop-common-3.3.1.jar:?]
	at org.apache.hadoop.ipc.ProtobufRpcEngine2$Server$ProtoBufRpcInvoker.call(ProtobufRpcEngine2.java:552) [hadoop-common-3.3.1.jar:?]
	at org.apache.hadoop.ipc.RPC$Server.call(RPC.java:1093) [hadoop-common-3.3.1.jar:?]
	at org.apache.hadoop.ipc.Server$RpcCall.run(Server.java:1035) [hadoop-common-3.3.1.jar:?]
	at org.apache.hadoop.ipc.Server$RpcCall.run(Server.java:963) [hadoop-common-3.3.1.jar:?]
	at java.security.AccessController.doPrivileged(Native Method) ~[?:1.8.0_332]
	at javax.security.auth.Subject.doAs(Subject.java:422) [?:1.8.0_332]
	at org.apache.hadoop.security.UserGroupInformation.doAs(UserGroupInformation.java:1878) [hadoop-common-3.3.1.jar:?]
	at org.apache.hadoop.ipc.Server$Handler.run(Server.java:2966) [hadoop-common-3.3.1.jar:?]
]]></system-out>
  </testcase>
  <testcase name="testCreateDoesNotAddParentDirKeys" classname="TestOzoneFileSystem" time="0.108">
    <system-out><![CDATA[01:56:30.038 [IPC Server handler 13 on default port 44107] ERROR OMAudit - user=runner | ip=127.0.0.1 | op=READ_KEY {volume=volume07240, bucket=bucket34393, key=testCreateDoesNotAddParentDirKeys/parent/, dataSize=0, replicationConfig=null} | ret=FAILURE
org.apache.hadoop.ozone.om.exceptions.OMException: Key:testCreateDoesNotAddParentDirKeys/parent not found
	at org.apache.hadoop.ozone.om.KeyManagerImpl.lookupKey(KeyManagerImpl.java:399) ~[ozone-manager-1.3.0-SNAPSHOT.jar:?]
	at org.apache.hadoop.ozone.om.OzoneManager.lookupKey(OzoneManager.java:2818) ~[ozone-manager-1.3.0-SNAPSHOT.jar:?]
	at org.apache.hadoop.ozone.protocolPB.OzoneManagerRequestHandler.lookupKey(OzoneManagerRequestHandler.java:491) ~[ozone-manager-1.3.0-SNAPSHOT.jar:?]
	at org.apache.hadoop.ozone.protocolPB.OzoneManagerRequestHandler.handleReadRequest(OzoneManagerRequestHandler.java:184) ~[ozone-manager-1.3.0-SNAPSHOT.jar:?]
	at org.apache.hadoop.ozone.protocolPB.OzoneManagerProtocolServerSideTranslatorPB.submitRequestDirectlyToOM(OzoneManagerProtocolServerSideTranslatorPB.java:276) ~[ozone-manager-1.3.0-SNAPSHOT.jar:?]
	at org.apache.hadoop.ozone.protocolPB.OzoneManagerProtocolServerSideTranslatorPB.processRequest(OzoneManagerProtocolServerSideTranslatorPB.java:205) ~[ozone-manager-1.3.0-SNAPSHOT.jar:?]
	at org.apache.hadoop.hdds.server.OzoneProtocolMessageDispatcher.processRequest(OzoneProtocolMessageDispatcher.java:87) [hdds-server-framework-1.3.0-SNAPSHOT.jar:?]
	at org.apache.hadoop.ozone.protocolPB.OzoneManagerProtocolServerSideTranslatorPB.submitRequest(OzoneManagerProtocolServerSideTranslatorPB.java:147) [ozone-manager-1.3.0-SNAPSHOT.jar:?]
	at org.apache.hadoop.ozone.protocol.proto.OzoneManagerProtocolProtos$OzoneManagerService$2.callBlockingMethod(OzoneManagerProtocolProtos.java) [ozone-interface-client-1.3.0-SNAPSHOT.jar:?]
	at org.apache.hadoop.ipc.ProtobufRpcEngine$Server.processCall(ProtobufRpcEngine.java:466) [hadoop-common-3.3.1.jar:?]
	at org.apache.hadoop.ipc.ProtobufRpcEngine2$Server$ProtoBufRpcInvoker.call(ProtobufRpcEngine2.java:574) [hadoop-common-3.3.1.jar:?]
	at org.apache.hadoop.ipc.ProtobufRpcEngine2$Server$ProtoBufRpcInvoker.call(ProtobufRpcEngine2.java:552) [hadoop-common-3.3.1.jar:?]
	at org.apache.hadoop.ipc.RPC$Server.call(RPC.java:1093) [hadoop-common-3.3.1.jar:?]
	at org.apache.hadoop.ipc.Server$RpcCall.run(Server.java:1035) [hadoop-common-3.3.1.jar:?]
	at org.apache.hadoop.ipc.Server$RpcCall.run(Server.java:963) [hadoop-common-3.3.1.jar:?]
	at java.security.AccessController.doPrivileged(Native Method) ~[?:1.8.0_332]
	at javax.security.auth.Subject.doAs(Subject.java:422) [?:1.8.0_332]
	at org.apache.hadoop.security.UserGroupInformation.doAs(UserGroupInformation.java:1878) [hadoop-common-3.3.1.jar:?]
	at org.apache.hadoop.ipc.Server$Handler.run(Server.java:2966) [hadoop-common-3.3.1.jar:?]
]]></system-out>
  </testcase>
  <testcase name="testCreateDoesNotAddParentDirKeys" classname="TestOzoneFileSystem" time="0.154"/>
  <testcase name="testCreateDoesNotAddParentDirKeys" classname="TestOzoneFileSystem" time="0.214"/>
  <testcase name="testDeleteCreatesFakeParentDir" classname="TestOzoneFileSystem" time="0.062">
    <system-out><![CDATA[01:55:19.212 [IPC Server handler 6 on default port 35175] ERROR OMAudit - user=runner | ip=127.0.0.1 | op=READ_KEY {volume=volume18062, bucket=bucket29054, key=testDeleteCreatesFakeParentDir/parent/, dataSize=0, replicationConfig=null} | ret=FAILURE
org.apache.hadoop.ozone.om.exceptions.OMException: Key:testDeleteCreatesFakeParentDir/parent not found
	at org.apache.hadoop.ozone.om.KeyManagerImpl.lookupKey(KeyManagerImpl.java:399) ~[ozone-manager-1.3.0-SNAPSHOT.jar:?]
	at org.apache.hadoop.ozone.om.OzoneManager.lookupKey(OzoneManager.java:2818) ~[ozone-manager-1.3.0-SNAPSHOT.jar:?]
	at org.apache.hadoop.ozone.protocolPB.OzoneManagerRequestHandler.lookupKey(OzoneManagerRequestHandler.java:491) ~[ozone-manager-1.3.0-SNAPSHOT.jar:?]
	at org.apache.hadoop.ozone.protocolPB.OzoneManagerRequestHandler.handleReadRequest(OzoneManagerRequestHandler.java:184) ~[ozone-manager-1.3.0-SNAPSHOT.jar:?]
	at org.apache.hadoop.ozone.protocolPB.OzoneManagerProtocolServerSideTranslatorPB.submitReadRequestToOM(OzoneManagerProtocolServerSideTranslatorPB.java:226) ~[ozone-manager-1.3.0-SNAPSHOT.jar:?]
	at org.apache.hadoop.ozone.protocolPB.OzoneManagerProtocolServerSideTranslatorPB.processRequest(OzoneManagerProtocolServerSideTranslatorPB.java:175) ~[ozone-manager-1.3.0-SNAPSHOT.jar:?]
	at org.apache.hadoop.hdds.server.OzoneProtocolMessageDispatcher.processRequest(OzoneProtocolMessageDispatcher.java:87) [hdds-server-framework-1.3.0-SNAPSHOT.jar:?]
	at org.apache.hadoop.ozone.protocolPB.OzoneManagerProtocolServerSideTranslatorPB.submitRequest(OzoneManagerProtocolServerSideTranslatorPB.java:147) [ozone-manager-1.3.0-SNAPSHOT.jar:?]
	at org.apache.hadoop.ozone.protocol.proto.OzoneManagerProtocolProtos$OzoneManagerService$2.callBlockingMethod(OzoneManagerProtocolProtos.java) [ozone-interface-client-1.3.0-SNAPSHOT.jar:?]
	at org.apache.hadoop.ipc.ProtobufRpcEngine$Server.processCall(ProtobufRpcEngine.java:466) [hadoop-common-3.3.1.jar:?]
	at org.apache.hadoop.ipc.ProtobufRpcEngine2$Server$ProtoBufRpcInvoker.call(ProtobufRpcEngine2.java:574) [hadoop-common-3.3.1.jar:?]
	at org.apache.hadoop.ipc.ProtobufRpcEngine2$Server$ProtoBufRpcInvoker.call(ProtobufRpcEngine2.java:552) [hadoop-common-3.3.1.jar:?]
	at org.apache.hadoop.ipc.RPC$Server.call(RPC.java:1093) [hadoop-common-3.3.1.jar:?]
	at org.apache.hadoop.ipc.Server$RpcCall.run(Server.java:1035) [hadoop-common-3.3.1.jar:?]
	at org.apache.hadoop.ipc.Server$RpcCall.run(Server.java:963) [hadoop-common-3.3.1.jar:?]
	at java.security.AccessController.doPrivileged(Native Method) ~[?:1.8.0_332]
	at javax.security.auth.Subject.doAs(Subject.java:422) [?:1.8.0_332]
	at org.apache.hadoop.security.UserGroupInformation.doAs(UserGroupInformation.java:1878) [hadoop-common-3.3.1.jar:?]
	at org.apache.hadoop.ipc.Server$Handler.run(Server.java:2966) [hadoop-common-3.3.1.jar:?]
]]></system-out>
  </testcase>
  <testcase name="testDeleteCreatesFakeParentDir" classname="TestOzoneFileSystem" time="0.102">
    <system-out><![CDATA[01:56:30.138 [IPC Server handler 3 on default port 44107] ERROR OMAudit - user=runner | ip=127.0.0.1 | op=READ_KEY {volume=volume07240, bucket=bucket34393, key=testDeleteCreatesFakeParentDir/parent/, dataSize=0, replicationConfig=null} | ret=FAILURE
org.apache.hadoop.ozone.om.exceptions.OMException: Key:testDeleteCreatesFakeParentDir/parent not found
	at org.apache.hadoop.ozone.om.KeyManagerImpl.lookupKey(KeyManagerImpl.java:399) ~[ozone-manager-1.3.0-SNAPSHOT.jar:?]
	at org.apache.hadoop.ozone.om.OzoneManager.lookupKey(OzoneManager.java:2818) ~[ozone-manager-1.3.0-SNAPSHOT.jar:?]
	at org.apache.hadoop.ozone.protocolPB.OzoneManagerRequestHandler.lookupKey(OzoneManagerRequestHandler.java:491) ~[ozone-manager-1.3.0-SNAPSHOT.jar:?]
	at org.apache.hadoop.ozone.protocolPB.OzoneManagerRequestHandler.handleReadRequest(OzoneManagerRequestHandler.java:184) ~[ozone-manager-1.3.0-SNAPSHOT.jar:?]
	at org.apache.hadoop.ozone.protocolPB.OzoneManagerProtocolServerSideTranslatorPB.submitRequestDirectlyToOM(OzoneManagerProtocolServerSideTranslatorPB.java:276) ~[ozone-manager-1.3.0-SNAPSHOT.jar:?]
	at org.apache.hadoop.ozone.protocolPB.OzoneManagerProtocolServerSideTranslatorPB.processRequest(OzoneManagerProtocolServerSideTranslatorPB.java:205) ~[ozone-manager-1.3.0-SNAPSHOT.jar:?]
	at org.apache.hadoop.hdds.server.OzoneProtocolMessageDispatcher.processRequest(OzoneProtocolMessageDispatcher.java:87) [hdds-server-framework-1.3.0-SNAPSHOT.jar:?]
	at org.apache.hadoop.ozone.protocolPB.OzoneManagerProtocolServerSideTranslatorPB.submitRequest(OzoneManagerProtocolServerSideTranslatorPB.java:147) [ozone-manager-1.3.0-SNAPSHOT.jar:?]
	at org.apache.hadoop.ozone.protocol.proto.OzoneManagerProtocolProtos$OzoneManagerService$2.callBlockingMethod(OzoneManagerProtocolProtos.java) [ozone-interface-client-1.3.0-SNAPSHOT.jar:?]
	at org.apache.hadoop.ipc.ProtobufRpcEngine$Server.processCall(ProtobufRpcEngine.java:466) [hadoop-common-3.3.1.jar:?]
	at org.apache.hadoop.ipc.ProtobufRpcEngine2$Server$ProtoBufRpcInvoker.call(ProtobufRpcEngine2.java:574) [hadoop-common-3.3.1.jar:?]
	at org.apache.hadoop.ipc.ProtobufRpcEngine2$Server$ProtoBufRpcInvoker.call(ProtobufRpcEngine2.java:552) [hadoop-common-3.3.1.jar:?]
	at org.apache.hadoop.ipc.RPC$Server.call(RPC.java:1093) [hadoop-common-3.3.1.jar:?]
	at org.apache.hadoop.ipc.Server$RpcCall.run(Server.java:1035) [hadoop-common-3.3.1.jar:?]
	at org.apache.hadoop.ipc.Server$RpcCall.run(Server.java:963) [hadoop-common-3.3.1.jar:?]
	at java.security.AccessController.doPrivileged(Native Method) ~[?:1.8.0_332]
	at javax.security.auth.Subject.doAs(Subject.java:422) [?:1.8.0_332]
	at org.apache.hadoop.security.UserGroupInformation.doAs(UserGroupInformation.java:1878) [hadoop-common-3.3.1.jar:?]
	at org.apache.hadoop.ipc.Server$Handler.run(Server.java:2966) [hadoop-common-3.3.1.jar:?]
]]></system-out>
  </testcase>
  <testcase name="testDeleteCreatesFakeParentDir" classname="TestOzoneFileSystem" time="0.082"/>
  <testcase name="testDeleteCreatesFakeParentDir" classname="TestOzoneFileSystem" time="0.143"/>
  <testcase name="testNonExplicitlyCreatedPathExistsAfterItsLeafsWereRemoved" classname="TestOzoneFileSystem" time="0.053">
    <system-out><![CDATA[01:55:19.254 [IPC Server handler 19 on default port 35175] ERROR OMAudit - user=runner | ip=127.0.0.1 | op=GET_FILE_STATUS {volume=volume18062, bucket=bucket29054, key=target/leaf, dataSize=0, replicationConfig=null} | ret=FAILURE
org.apache.hadoop.ozone.om.exceptions.OMException: Unable to get file status: volume: volume18062 bucket: bucket29054 key: target/leaf
	at org.apache.hadoop.ozone.om.KeyManagerImpl.getOzoneFileStatus(KeyManagerImpl.java:1311) ~[ozone-manager-1.3.0-SNAPSHOT.jar:?]
	at org.apache.hadoop.ozone.om.KeyManagerImpl.getFileStatus(KeyManagerImpl.java:1241) ~[ozone-manager-1.3.0-SNAPSHOT.jar:?]
	at org.apache.hadoop.ozone.om.OzoneManager.getFileStatus(OzoneManager.java:3467) ~[ozone-manager-1.3.0-SNAPSHOT.jar:?]
	at org.apache.hadoop.ozone.protocolPB.OzoneManagerRequestHandler.getOzoneFileStatus(OzoneManagerRequestHandler.java:878) ~[ozone-manager-1.3.0-SNAPSHOT.jar:?]
	at org.apache.hadoop.ozone.protocolPB.OzoneManagerRequestHandler.handleReadRequest(OzoneManagerRequestHandler.java:224) ~[ozone-manager-1.3.0-SNAPSHOT.jar:?]
	at org.apache.hadoop.ozone.protocolPB.OzoneManagerProtocolServerSideTranslatorPB.submitReadRequestToOM(OzoneManagerProtocolServerSideTranslatorPB.java:226) ~[ozone-manager-1.3.0-SNAPSHOT.jar:?]
	at org.apache.hadoop.ozone.protocolPB.OzoneManagerProtocolServerSideTranslatorPB.processRequest(OzoneManagerProtocolServerSideTranslatorPB.java:175) ~[ozone-manager-1.3.0-SNAPSHOT.jar:?]
	at org.apache.hadoop.hdds.server.OzoneProtocolMessageDispatcher.processRequest(OzoneProtocolMessageDispatcher.java:87) [hdds-server-framework-1.3.0-SNAPSHOT.jar:?]
	at org.apache.hadoop.ozone.protocolPB.OzoneManagerProtocolServerSideTranslatorPB.submitRequest(OzoneManagerProtocolServerSideTranslatorPB.java:147) [ozone-manager-1.3.0-SNAPSHOT.jar:?]
	at org.apache.hadoop.ozone.protocol.proto.OzoneManagerProtocolProtos$OzoneManagerService$2.callBlockingMethod(OzoneManagerProtocolProtos.java) [ozone-interface-client-1.3.0-SNAPSHOT.jar:?]
	at org.apache.hadoop.ipc.ProtobufRpcEngine$Server.processCall(ProtobufRpcEngine.java:466) [hadoop-common-3.3.1.jar:?]
	at org.apache.hadoop.ipc.ProtobufRpcEngine2$Server$ProtoBufRpcInvoker.call(ProtobufRpcEngine2.java:574) [hadoop-common-3.3.1.jar:?]
	at org.apache.hadoop.ipc.ProtobufRpcEngine2$Server$ProtoBufRpcInvoker.call(ProtobufRpcEngine2.java:552) [hadoop-common-3.3.1.jar:?]
	at org.apache.hadoop.ipc.RPC$Server.call(RPC.java:1093) [hadoop-common-3.3.1.jar:?]
	at org.apache.hadoop.ipc.Server$RpcCall.run(Server.java:1035) [hadoop-common-3.3.1.jar:?]
	at org.apache.hadoop.ipc.Server$RpcCall.run(Server.java:963) [hadoop-common-3.3.1.jar:?]
	at java.security.AccessController.doPrivileged(Native Method) ~[?:1.8.0_332]
	at javax.security.auth.Subject.doAs(Subject.java:422) [?:1.8.0_332]
	at org.apache.hadoop.security.UserGroupInformation.doAs(UserGroupInformation.java:1878) [hadoop-common-3.3.1.jar:?]
	at org.apache.hadoop.ipc.Server$Handler.run(Server.java:2966) [hadoop-common-3.3.1.jar:?]
]]></system-out>
  </testcase>
  <testcase name="testNonExplicitlyCreatedPathExistsAfterItsLeafsWereRemoved" classname="TestOzoneFileSystem" time="0.026">
    <system-out><![CDATA[01:56:30.160 [IPC Server handler 0 on default port 44107] ERROR OMAudit - user=runner | ip=127.0.0.1 | op=GET_FILE_STATUS {volume=volume07240, bucket=bucket34393, key=target/leaf, dataSize=0, replicationConfig=null} | ret=FAILURE
org.apache.hadoop.ozone.om.exceptions.OMException: Unable to get file status: volume: volume07240 bucket: bucket34393 key: target/leaf
	at org.apache.hadoop.ozone.om.KeyManagerImpl.getOzoneFileStatus(KeyManagerImpl.java:1311) ~[ozone-manager-1.3.0-SNAPSHOT.jar:?]
	at org.apache.hadoop.ozone.om.KeyManagerImpl.getFileStatus(KeyManagerImpl.java:1241) ~[ozone-manager-1.3.0-SNAPSHOT.jar:?]
	at org.apache.hadoop.ozone.om.OzoneManager.getFileStatus(OzoneManager.java:3467) ~[ozone-manager-1.3.0-SNAPSHOT.jar:?]
	at org.apache.hadoop.ozone.protocolPB.OzoneManagerRequestHandler.getOzoneFileStatus(OzoneManagerRequestHandler.java:878) ~[ozone-manager-1.3.0-SNAPSHOT.jar:?]
	at org.apache.hadoop.ozone.protocolPB.OzoneManagerRequestHandler.handleReadRequest(OzoneManagerRequestHandler.java:224) ~[ozone-manager-1.3.0-SNAPSHOT.jar:?]
	at org.apache.hadoop.ozone.protocolPB.OzoneManagerProtocolServerSideTranslatorPB.submitRequestDirectlyToOM(OzoneManagerProtocolServerSideTranslatorPB.java:276) ~[ozone-manager-1.3.0-SNAPSHOT.jar:?]
	at org.apache.hadoop.ozone.protocolPB.OzoneManagerProtocolServerSideTranslatorPB.processRequest(OzoneManagerProtocolServerSideTranslatorPB.java:205) ~[ozone-manager-1.3.0-SNAPSHOT.jar:?]
	at org.apache.hadoop.hdds.server.OzoneProtocolMessageDispatcher.processRequest(OzoneProtocolMessageDispatcher.java:87) [hdds-server-framework-1.3.0-SNAPSHOT.jar:?]
	at org.apache.hadoop.ozone.protocolPB.OzoneManagerProtocolServerSideTranslatorPB.submitRequest(OzoneManagerProtocolServerSideTranslatorPB.java:147) [ozone-manager-1.3.0-SNAPSHOT.jar:?]
	at org.apache.hadoop.ozone.protocol.proto.OzoneManagerProtocolProtos$OzoneManagerService$2.callBlockingMethod(OzoneManagerProtocolProtos.java) [ozone-interface-client-1.3.0-SNAPSHOT.jar:?]
	at org.apache.hadoop.ipc.ProtobufRpcEngine$Server.processCall(ProtobufRpcEngine.java:466) [hadoop-common-3.3.1.jar:?]
	at org.apache.hadoop.ipc.ProtobufRpcEngine2$Server$ProtoBufRpcInvoker.call(ProtobufRpcEngine2.java:574) [hadoop-common-3.3.1.jar:?]
	at org.apache.hadoop.ipc.ProtobufRpcEngine2$Server$ProtoBufRpcInvoker.call(ProtobufRpcEngine2.java:552) [hadoop-common-3.3.1.jar:?]
	at org.apache.hadoop.ipc.RPC$Server.call(RPC.java:1093) [hadoop-common-3.3.1.jar:?]
	at org.apache.hadoop.ipc.Server$RpcCall.run(Server.java:1035) [hadoop-common-3.3.1.jar:?]
	at org.apache.hadoop.ipc.Server$RpcCall.run(Server.java:963) [hadoop-common-3.3.1.jar:?]
	at java.security.AccessController.doPrivileged(Native Method) ~[?:1.8.0_332]
	at javax.security.auth.Subject.doAs(Subject.java:422) [?:1.8.0_332]
	at org.apache.hadoop.security.UserGroupInformation.doAs(UserGroupInformation.java:1878) [hadoop-common-3.3.1.jar:?]
	at org.apache.hadoop.ipc.Server$Handler.run(Server.java:2966) [hadoop-common-3.3.1.jar:?]
]]></system-out>
  </testcase>
  <testcase name="testNonExplicitlyCreatedPathExistsAfterItsLeafsWereRemoved" classname="TestOzoneFileSystem" time="0.057">
    <system-out><![CDATA[01:57:40.767 [IPC Server handler 17 on default port 36611] ERROR OMAudit - user=runner | ip=127.0.0.1 | op=GET_FILE_STATUS {volume=volume58070, bucket=bucket54574, key=target/leaf, dataSize=0, replicationConfig=null} | ret=FAILURE
org.apache.hadoop.ozone.om.exceptions.OMException: Unable to get file status: volume: volume58070 bucket: bucket54574 key: target/leaf
	at org.apache.hadoop.ozone.om.KeyManagerImpl.getOzoneFileStatus(KeyManagerImpl.java:1311) ~[ozone-manager-1.3.0-SNAPSHOT.jar:?]
	at org.apache.hadoop.ozone.om.KeyManagerImpl.getFileStatus(KeyManagerImpl.java:1241) ~[ozone-manager-1.3.0-SNAPSHOT.jar:?]
	at org.apache.hadoop.ozone.om.OzoneManager.getFileStatus(OzoneManager.java:3467) ~[ozone-manager-1.3.0-SNAPSHOT.jar:?]
	at org.apache.hadoop.ozone.protocolPB.OzoneManagerRequestHandler.getOzoneFileStatus(OzoneManagerRequestHandler.java:878) ~[ozone-manager-1.3.0-SNAPSHOT.jar:?]
	at org.apache.hadoop.ozone.protocolPB.OzoneManagerRequestHandler.handleReadRequest(OzoneManagerRequestHandler.java:224) ~[ozone-manager-1.3.0-SNAPSHOT.jar:?]
	at org.apache.hadoop.ozone.protocolPB.OzoneManagerProtocolServerSideTranslatorPB.submitReadRequestToOM(OzoneManagerProtocolServerSideTranslatorPB.java:226) ~[ozone-manager-1.3.0-SNAPSHOT.jar:?]
	at org.apache.hadoop.ozone.protocolPB.OzoneManagerProtocolServerSideTranslatorPB.processRequest(OzoneManagerProtocolServerSideTranslatorPB.java:175) ~[ozone-manager-1.3.0-SNAPSHOT.jar:?]
	at org.apache.hadoop.hdds.server.OzoneProtocolMessageDispatcher.processRequest(OzoneProtocolMessageDispatcher.java:87) [hdds-server-framework-1.3.0-SNAPSHOT.jar:?]
	at org.apache.hadoop.ozone.protocolPB.OzoneManagerProtocolServerSideTranslatorPB.submitRequest(OzoneManagerProtocolServerSideTranslatorPB.java:147) [ozone-manager-1.3.0-SNAPSHOT.jar:?]
	at org.apache.hadoop.ozone.protocol.proto.OzoneManagerProtocolProtos$OzoneManagerService$2.callBlockingMethod(OzoneManagerProtocolProtos.java) [ozone-interface-client-1.3.0-SNAPSHOT.jar:?]
	at org.apache.hadoop.ipc.ProtobufRpcEngine$Server.processCall(ProtobufRpcEngine.java:466) [hadoop-common-3.3.1.jar:?]
	at org.apache.hadoop.ipc.ProtobufRpcEngine2$Server$ProtoBufRpcInvoker.call(ProtobufRpcEngine2.java:574) [hadoop-common-3.3.1.jar:?]
	at org.apache.hadoop.ipc.ProtobufRpcEngine2$Server$ProtoBufRpcInvoker.call(ProtobufRpcEngine2.java:552) [hadoop-common-3.3.1.jar:?]
	at org.apache.hadoop.ipc.RPC$Server.call(RPC.java:1093) [hadoop-common-3.3.1.jar:?]
	at org.apache.hadoop.ipc.Server$RpcCall.run(Server.java:1035) [hadoop-common-3.3.1.jar:?]
	at org.apache.hadoop.ipc.Server$RpcCall.run(Server.java:963) [hadoop-common-3.3.1.jar:?]
	at java.security.AccessController.doPrivileged(Native Method) ~[?:1.8.0_332]
	at javax.security.auth.Subject.doAs(Subject.java:422) [?:1.8.0_332]
	at org.apache.hadoop.security.UserGroupInformation.doAs(UserGroupInformation.java:1878) [hadoop-common-3.3.1.jar:?]
	at org.apache.hadoop.ipc.Server$Handler.run(Server.java:2966) [hadoop-common-3.3.1.jar:?]
]]></system-out>
  </testcase>
  <testcase name="testNonExplicitlyCreatedPathExistsAfterItsLeafsWereRemoved" classname="TestOzoneFileSystem" time="0.054">
    <system-out><![CDATA[01:59:10.599 [IPC Server handler 3 on default port 36513] ERROR OMAudit - user=runner | ip=127.0.0.1 | op=GET_FILE_STATUS {volume=volume26320, bucket=bucket57581, key=target/leaf, dataSize=0, replicationConfig=null} | ret=FAILURE
org.apache.hadoop.ozone.om.exceptions.OMException: Unable to get file status: volume: volume26320 bucket: bucket57581 key: target/leaf
	at org.apache.hadoop.ozone.om.KeyManagerImpl.getOzoneFileStatus(KeyManagerImpl.java:1311) ~[ozone-manager-1.3.0-SNAPSHOT.jar:?]
	at org.apache.hadoop.ozone.om.KeyManagerImpl.getFileStatus(KeyManagerImpl.java:1241) ~[ozone-manager-1.3.0-SNAPSHOT.jar:?]
	at org.apache.hadoop.ozone.om.OzoneManager.getFileStatus(OzoneManager.java:3467) ~[ozone-manager-1.3.0-SNAPSHOT.jar:?]
	at org.apache.hadoop.ozone.protocolPB.OzoneManagerRequestHandler.getOzoneFileStatus(OzoneManagerRequestHandler.java:878) ~[ozone-manager-1.3.0-SNAPSHOT.jar:?]
	at org.apache.hadoop.ozone.protocolPB.OzoneManagerRequestHandler.handleReadRequest(OzoneManagerRequestHandler.java:224) ~[ozone-manager-1.3.0-SNAPSHOT.jar:?]
	at org.apache.hadoop.ozone.protocolPB.OzoneManagerProtocolServerSideTranslatorPB.submitRequestDirectlyToOM(OzoneManagerProtocolServerSideTranslatorPB.java:276) ~[ozone-manager-1.3.0-SNAPSHOT.jar:?]
	at org.apache.hadoop.ozone.protocolPB.OzoneManagerProtocolServerSideTranslatorPB.processRequest(OzoneManagerProtocolServerSideTranslatorPB.java:205) ~[ozone-manager-1.3.0-SNAPSHOT.jar:?]
	at org.apache.hadoop.hdds.server.OzoneProtocolMessageDispatcher.processRequest(OzoneProtocolMessageDispatcher.java:87) [hdds-server-framework-1.3.0-SNAPSHOT.jar:?]
	at org.apache.hadoop.ozone.protocolPB.OzoneManagerProtocolServerSideTranslatorPB.submitRequest(OzoneManagerProtocolServerSideTranslatorPB.java:147) [ozone-manager-1.3.0-SNAPSHOT.jar:?]
	at org.apache.hadoop.ozone.protocol.proto.OzoneManagerProtocolProtos$OzoneManagerService$2.callBlockingMethod(OzoneManagerProtocolProtos.java) [ozone-interface-client-1.3.0-SNAPSHOT.jar:?]
	at org.apache.hadoop.ipc.ProtobufRpcEngine$Server.processCall(ProtobufRpcEngine.java:466) [hadoop-common-3.3.1.jar:?]
	at org.apache.hadoop.ipc.ProtobufRpcEngine2$Server$ProtoBufRpcInvoker.call(ProtobufRpcEngine2.java:574) [hadoop-common-3.3.1.jar:?]
	at org.apache.hadoop.ipc.ProtobufRpcEngine2$Server$ProtoBufRpcInvoker.call(ProtobufRpcEngine2.java:552) [hadoop-common-3.3.1.jar:?]
	at org.apache.hadoop.ipc.RPC$Server.call(RPC.java:1093) [hadoop-common-3.3.1.jar:?]
	at org.apache.hadoop.ipc.Server$RpcCall.run(Server.java:1035) [hadoop-common-3.3.1.jar:?]
	at org.apache.hadoop.ipc.Server$RpcCall.run(Server.java:963) [hadoop-common-3.3.1.jar:?]
	at java.security.AccessController.doPrivileged(Native Method) ~[?:1.8.0_332]
	at javax.security.auth.Subject.doAs(Subject.java:422) [?:1.8.0_332]
	at org.apache.hadoop.security.UserGroupInformation.doAs(UserGroupInformation.java:1878) [hadoop-common-3.3.1.jar:?]
	at org.apache.hadoop.ipc.Server$Handler.run(Server.java:2966) [hadoop-common-3.3.1.jar:?]
]]></system-out>
  </testcase>
  <testcase name="testCreateFileShouldCheckExistenceOfDirWithSameName" classname="TestOzoneFileSystem" time="0.063">
    <system-out><![CDATA[01:55:19.304 [OM StateMachine ApplyTransaction Thread - 0] ERROR OMAudit - user=runner | ip=127.0.0.1 | op=CREATE_FILE {volume=volume18062, bucket=bucket29054, key=d1/d2/d3/d4/key2, dataSize=4194304, replicationType=RATIS, replicationFactor=THREE} | ret=FAILURE
org.apache.hadoop.ozone.om.exceptions.OMException: Can not write to directory: d1/d2/d3/d4/key2
	at org.apache.hadoop.ozone.om.request.file.OMFileCreateRequest.checkDirectoryResult(OMFileCreateRequest.java:364) ~[ozone-manager-1.3.0-SNAPSHOT.jar:?]
	at org.apache.hadoop.ozone.om.request.file.OMFileCreateRequest.validateAndUpdateCache(OMFileCreateRequest.java:240) ~[ozone-manager-1.3.0-SNAPSHOT.jar:?]
	at org.apache.hadoop.ozone.protocolPB.OzoneManagerRequestHandler.handleWriteRequest(OzoneManagerRequestHandler.java:300) ~[ozone-manager-1.3.0-SNAPSHOT.jar:?]
	at org.apache.hadoop.ozone.om.ratis.OzoneManagerStateMachine.runCommand(OzoneManagerStateMachine.java:529) ~[ozone-manager-1.3.0-SNAPSHOT.jar:?]
	at org.apache.hadoop.ozone.om.ratis.OzoneManagerStateMachine.lambda$1(OzoneManagerStateMachine.java:324) ~[ozone-manager-1.3.0-SNAPSHOT.jar:?]
	at java.util.concurrent.CompletableFuture$AsyncSupply.run(CompletableFuture.java:1604) [?:1.8.0_332]
	at java.util.concurrent.ThreadPoolExecutor.runWorker(ThreadPoolExecutor.java:1149) [?:1.8.0_332]
	at java.util.concurrent.ThreadPoolExecutor$Worker.run(ThreadPoolExecutor.java:624) [?:1.8.0_332]
	at java.lang.Thread.run(Thread.java:750) [?:1.8.0_332]
2022-08-03 01:55:19,305 [OM StateMachine ApplyTransaction Thread - 0] ERROR file.OMFileCreateRequest (OMFileCreateRequest.java:validateAndUpdateCache(337)) - File create failed. Volume:volume18062, Bucket:bucket29054, Keyd1/d2/d3/d4/key2.
NOT_A_FILE org.apache.hadoop.ozone.om.exceptions.OMException: Can not write to directory: d1/d2/d3/d4/key2
	at org.apache.hadoop.ozone.om.request.file.OMFileCreateRequest.checkDirectoryResult(OMFileCreateRequest.java:364)
	at org.apache.hadoop.ozone.om.request.file.OMFileCreateRequest.validateAndUpdateCache(OMFileCreateRequest.java:240)
	at org.apache.hadoop.ozone.protocolPB.OzoneManagerRequestHandler.handleWriteRequest(OzoneManagerRequestHandler.java:300)
	at org.apache.hadoop.ozone.om.ratis.OzoneManagerStateMachine.runCommand(OzoneManagerStateMachine.java:529)
	at org.apache.hadoop.ozone.om.ratis.OzoneManagerStateMachine.lambda$1(OzoneManagerStateMachine.java:324)
	at java.util.concurrent.CompletableFuture$AsyncSupply.run(CompletableFuture.java:1604)
	at java.util.concurrent.ThreadPoolExecutor.runWorker(ThreadPoolExecutor.java:1149)
	at java.util.concurrent.ThreadPoolExecutor$Worker.run(ThreadPoolExecutor.java:624)
	at java.lang.Thread.run(Thread.java:750)
01:55:19.319 [OM StateMachine ApplyTransaction Thread - 0] ERROR OMAudit - user=runner | ip=127.0.0.1 | op=CREATE_DIRECTORY {volume=volume18062, bucket=bucket29054, key=d1/d2/d3/d4/key3, dataSize=0, replicationType=NONE, replicationFactor=ZERO} | ret=FAILURE
org.apache.hadoop.ozone.om.exceptions.OMException: Unable to create directory: d1/d2/d3/d4/key3 in volume/bucket: volume18062/bucket29054
	at org.apache.hadoop.ozone.om.request.file.OMDirectoryCreateRequest.validateAndUpdateCache(OMDirectoryCreateRequest.java:198) ~[ozone-manager-1.3.0-SNAPSHOT.jar:?]
	at org.apache.hadoop.ozone.protocolPB.OzoneManagerRequestHandler.handleWriteRequest(OzoneManagerRequestHandler.java:300) ~[ozone-manager-1.3.0-SNAPSHOT.jar:?]
	at org.apache.hadoop.ozone.om.ratis.OzoneManagerStateMachine.runCommand(OzoneManagerStateMachine.java:529) ~[ozone-manager-1.3.0-SNAPSHOT.jar:?]
	at org.apache.hadoop.ozone.om.ratis.OzoneManagerStateMachine.lambda$1(OzoneManagerStateMachine.java:324) ~[ozone-manager-1.3.0-SNAPSHOT.jar:?]
	at java.util.concurrent.CompletableFuture$AsyncSupply.run(CompletableFuture.java:1604) [?:1.8.0_332]
	at java.util.concurrent.ThreadPoolExecutor.runWorker(ThreadPoolExecutor.java:1149) [?:1.8.0_332]
	at java.util.concurrent.ThreadPoolExecutor$Worker.run(ThreadPoolExecutor.java:624) [?:1.8.0_332]
	at java.lang.Thread.run(Thread.java:750) [?:1.8.0_332]
2022-08-03 01:55:19,320 [OM StateMachine ApplyTransaction Thread - 0] ERROR file.OMDirectoryCreateRequest (OMDirectoryCreateRequest.java:logResult(331)) - Directory creation failed. Volume:volume18062, Bucket:bucket29054, Keyd1/d2/d3/d4/key3. Exception:{}
FILE_ALREADY_EXISTS org.apache.hadoop.ozone.om.exceptions.OMException: Unable to create directory: d1/d2/d3/d4/key3 in volume/bucket: volume18062/bucket29054
	at org.apache.hadoop.ozone.om.request.file.OMDirectoryCreateRequest.validateAndUpdateCache(OMDirectoryCreateRequest.java:198)
	at org.apache.hadoop.ozone.protocolPB.OzoneManagerRequestHandler.handleWriteRequest(OzoneManagerRequestHandler.java:300)
	at org.apache.hadoop.ozone.om.ratis.OzoneManagerStateMachine.runCommand(OzoneManagerStateMachine.java:529)
	at org.apache.hadoop.ozone.om.ratis.OzoneManagerStateMachine.lambda$1(OzoneManagerStateMachine.java:324)
	at java.util.concurrent.CompletableFuture$AsyncSupply.run(CompletableFuture.java:1604)
	at java.util.concurrent.ThreadPoolExecutor.runWorker(ThreadPoolExecutor.java:1149)
	at java.util.concurrent.ThreadPoolExecutor$Worker.run(ThreadPoolExecutor.java:624)
	at java.lang.Thread.run(Thread.java:750)
01:55:19.325 [OM StateMachine ApplyTransaction Thread - 0] ERROR OMAudit - user=runner | ip=127.0.0.1 | op=CREATE_FILE {volume=volume18062, bucket=bucket29054, key=d1/d2/d3, dataSize=4194304, replicationType=RATIS, replicationFactor=THREE} | ret=FAILURE
org.apache.hadoop.ozone.om.exceptions.OMException: Can not write to directory: d1/d2/d3
	at org.apache.hadoop.ozone.om.request.file.OMFileCreateRequest.checkDirectoryResult(OMFileCreateRequest.java:364) ~[ozone-manager-1.3.0-SNAPSHOT.jar:?]
	at org.apache.hadoop.ozone.om.request.file.OMFileCreateRequest.validateAndUpdateCache(OMFileCreateRequest.java:240) ~[ozone-manager-1.3.0-SNAPSHOT.jar:?]
	at org.apache.hadoop.ozone.protocolPB.OzoneManagerRequestHandler.handleWriteRequest(OzoneManagerRequestHandler.java:300) ~[ozone-manager-1.3.0-SNAPSHOT.jar:?]
	at org.apache.hadoop.ozone.om.ratis.OzoneManagerStateMachine.runCommand(OzoneManagerStateMachine.java:529) ~[ozone-manager-1.3.0-SNAPSHOT.jar:?]
	at org.apache.hadoop.ozone.om.ratis.OzoneManagerStateMachine.lambda$1(OzoneManagerStateMachine.java:324) ~[ozone-manager-1.3.0-SNAPSHOT.jar:?]
	at java.util.concurrent.CompletableFuture$AsyncSupply.run(CompletableFuture.java:1604) [?:1.8.0_332]
	at java.util.concurrent.ThreadPoolExecutor.runWorker(ThreadPoolExecutor.java:1149) [?:1.8.0_332]
	at java.util.concurrent.ThreadPoolExecutor$Worker.run(ThreadPoolExecutor.java:624) [?:1.8.0_332]
	at java.lang.Thread.run(Thread.java:750) [?:1.8.0_332]
2022-08-03 01:55:19,325 [OM StateMachine ApplyTransaction Thread - 0] ERROR file.OMFileCreateRequest (OMFileCreateRequest.java:validateAndUpdateCache(337)) - File create failed. Volume:volume18062, Bucket:bucket29054, Keyd1/d2/d3.
NOT_A_FILE org.apache.hadoop.ozone.om.exceptions.OMException: Can not write to directory: d1/d2/d3
	at org.apache.hadoop.ozone.om.request.file.OMFileCreateRequest.checkDirectoryResult(OMFileCreateRequest.java:364)
	at org.apache.hadoop.ozone.om.request.file.OMFileCreateRequest.validateAndUpdateCache(OMFileCreateRequest.java:240)
	at org.apache.hadoop.ozone.protocolPB.OzoneManagerRequestHandler.handleWriteRequest(OzoneManagerRequestHandler.java:300)
	at org.apache.hadoop.ozone.om.ratis.OzoneManagerStateMachine.runCommand(OzoneManagerStateMachine.java:529)
	at org.apache.hadoop.ozone.om.ratis.OzoneManagerStateMachine.lambda$1(OzoneManagerStateMachine.java:324)
	at java.util.concurrent.CompletableFuture$AsyncSupply.run(CompletableFuture.java:1604)
	at java.util.concurrent.ThreadPoolExecutor.runWorker(ThreadPoolExecutor.java:1149)
	at java.util.concurrent.ThreadPoolExecutor$Worker.run(ThreadPoolExecutor.java:624)
	at java.lang.Thread.run(Thread.java:750)
01:55:19.329 [IPC Server handler 14 on default port 35175] ERROR OMAudit - user=runner | ip=127.0.0.1 | op=GET_FILE_STATUS {volume=volume18062, bucket=bucket29054, key=d1/d2/d3/d4/key3/invalid, dataSize=0, replicationConfig=null} | ret=FAILURE
org.apache.hadoop.ozone.om.exceptions.OMException: Unable to get file status: volume: volume18062 bucket: bucket29054 key: d1/d2/d3/d4/key3/invalid
	at org.apache.hadoop.ozone.om.KeyManagerImpl.getOzoneFileStatus(KeyManagerImpl.java:1311) ~[ozone-manager-1.3.0-SNAPSHOT.jar:?]
	at org.apache.hadoop.ozone.om.KeyManagerImpl.getFileStatus(KeyManagerImpl.java:1241) ~[ozone-manager-1.3.0-SNAPSHOT.jar:?]
	at org.apache.hadoop.ozone.om.OzoneManager.getFileStatus(OzoneManager.java:3467) ~[ozone-manager-1.3.0-SNAPSHOT.jar:?]
	at org.apache.hadoop.ozone.protocolPB.OzoneManagerRequestHandler.getOzoneFileStatus(OzoneManagerRequestHandler.java:878) ~[ozone-manager-1.3.0-SNAPSHOT.jar:?]
	at org.apache.hadoop.ozone.protocolPB.OzoneManagerRequestHandler.handleReadRequest(OzoneManagerRequestHandler.java:224) ~[ozone-manager-1.3.0-SNAPSHOT.jar:?]
	at org.apache.hadoop.ozone.protocolPB.OzoneManagerProtocolServerSideTranslatorPB.submitReadRequestToOM(OzoneManagerProtocolServerSideTranslatorPB.java:226) ~[ozone-manager-1.3.0-SNAPSHOT.jar:?]
	at org.apache.hadoop.ozone.protocolPB.OzoneManagerProtocolServerSideTranslatorPB.processRequest(OzoneManagerProtocolServerSideTranslatorPB.java:175) ~[ozone-manager-1.3.0-SNAPSHOT.jar:?]
	at org.apache.hadoop.hdds.server.OzoneProtocolMessageDispatcher.processRequest(OzoneProtocolMessageDispatcher.java:87) [hdds-server-framework-1.3.0-SNAPSHOT.jar:?]
	at org.apache.hadoop.ozone.protocolPB.OzoneManagerProtocolServerSideTranslatorPB.submitRequest(OzoneManagerProtocolServerSideTranslatorPB.java:147) [ozone-manager-1.3.0-SNAPSHOT.jar:?]
	at org.apache.hadoop.ozone.protocol.proto.OzoneManagerProtocolProtos$OzoneManagerService$2.callBlockingMethod(OzoneManagerProtocolProtos.java) [ozone-interface-client-1.3.0-SNAPSHOT.jar:?]
	at org.apache.hadoop.ipc.ProtobufRpcEngine$Server.processCall(ProtobufRpcEngine.java:466) [hadoop-common-3.3.1.jar:?]
	at org.apache.hadoop.ipc.ProtobufRpcEngine2$Server$ProtoBufRpcInvoker.call(ProtobufRpcEngine2.java:574) [hadoop-common-3.3.1.jar:?]
	at org.apache.hadoop.ipc.ProtobufRpcEngine2$Server$ProtoBufRpcInvoker.call(ProtobufRpcEngine2.java:552) [hadoop-common-3.3.1.jar:?]
	at org.apache.hadoop.ipc.RPC$Server.call(RPC.java:1093) [hadoop-common-3.3.1.jar:?]
	at org.apache.hadoop.ipc.Server$RpcCall.run(Server.java:1035) [hadoop-common-3.3.1.jar:?]
	at org.apache.hadoop.ipc.Server$RpcCall.run(Server.java:963) [hadoop-common-3.3.1.jar:?]
	at java.security.AccessController.doPrivileged(Native Method) ~[?:1.8.0_332]
	at javax.security.auth.Subject.doAs(Subject.java:422) [?:1.8.0_332]
	at org.apache.hadoop.security.UserGroupInformation.doAs(UserGroupInformation.java:1878) [hadoop-common-3.3.1.jar:?]
	at org.apache.hadoop.ipc.Server$Handler.run(Server.java:2966) [hadoop-common-3.3.1.jar:?]
01:55:19.330 [IPC Server handler 10 on default port 35175] ERROR OMAudit - user=runner | ip=127.0.0.1 | op=GET_FILE_STATUS {volume=volume18062, bucket=bucket29054, key=d1/d2/d3/d4/invalidkey, dataSize=0, replicationConfig=null} | ret=FAILURE
org.apache.hadoop.ozone.om.exceptions.OMException: Unable to get file status: volume: volume18062 bucket: bucket29054 key: d1/d2/d3/d4/invalidkey
	at org.apache.hadoop.ozone.om.KeyManagerImpl.getOzoneFileStatus(KeyManagerImpl.java:1311) ~[ozone-manager-1.3.0-SNAPSHOT.jar:?]
	at org.apache.hadoop.ozone.om.KeyManagerImpl.getFileStatus(KeyManagerImpl.java:1241) ~[ozone-manager-1.3.0-SNAPSHOT.jar:?]
	at org.apache.hadoop.ozone.om.OzoneManager.getFileStatus(OzoneManager.java:3467) ~[ozone-manager-1.3.0-SNAPSHOT.jar:?]
	at org.apache.hadoop.ozone.protocolPB.OzoneManagerRequestHandler.getOzoneFileStatus(OzoneManagerRequestHandler.java:878) ~[ozone-manager-1.3.0-SNAPSHOT.jar:?]
	at org.apache.hadoop.ozone.protocolPB.OzoneManagerRequestHandler.handleReadRequest(OzoneManagerRequestHandler.java:224) ~[ozone-manager-1.3.0-SNAPSHOT.jar:?]
	at org.apache.hadoop.ozone.protocolPB.OzoneManagerProtocolServerSideTranslatorPB.submitReadRequestToOM(OzoneManagerProtocolServerSideTranslatorPB.java:226) ~[ozone-manager-1.3.0-SNAPSHOT.jar:?]
	at org.apache.hadoop.ozone.protocolPB.OzoneManagerProtocolServerSideTranslatorPB.processRequest(OzoneManagerProtocolServerSideTranslatorPB.java:175) ~[ozone-manager-1.3.0-SNAPSHOT.jar:?]
	at org.apache.hadoop.hdds.server.OzoneProtocolMessageDispatcher.processRequest(OzoneProtocolMessageDispatcher.java:87) [hdds-server-framework-1.3.0-SNAPSHOT.jar:?]
	at org.apache.hadoop.ozone.protocolPB.OzoneManagerProtocolServerSideTranslatorPB.submitRequest(OzoneManagerProtocolServerSideTranslatorPB.java:147) [ozone-manager-1.3.0-SNAPSHOT.jar:?]
	at org.apache.hadoop.ozone.protocol.proto.OzoneManagerProtocolProtos$OzoneManagerService$2.callBlockingMethod(OzoneManagerProtocolProtos.java) [ozone-interface-client-1.3.0-SNAPSHOT.jar:?]
	at org.apache.hadoop.ipc.ProtobufRpcEngine$Server.processCall(ProtobufRpcEngine.java:466) [hadoop-common-3.3.1.jar:?]
	at org.apache.hadoop.ipc.ProtobufRpcEngine2$Server$ProtoBufRpcInvoker.call(ProtobufRpcEngine2.java:574) [hadoop-common-3.3.1.jar:?]
	at org.apache.hadoop.ipc.ProtobufRpcEngine2$Server$ProtoBufRpcInvoker.call(ProtobufRpcEngine2.java:552) [hadoop-common-3.3.1.jar:?]
	at org.apache.hadoop.ipc.RPC$Server.call(RPC.java:1093) [hadoop-common-3.3.1.jar:?]
	at org.apache.hadoop.ipc.Server$RpcCall.run(Server.java:1035) [hadoop-common-3.3.1.jar:?]
	at org.apache.hadoop.ipc.Server$RpcCall.run(Server.java:963) [hadoop-common-3.3.1.jar:?]
	at java.security.AccessController.doPrivileged(Native Method) ~[?:1.8.0_332]
	at javax.security.auth.Subject.doAs(Subject.java:422) [?:1.8.0_332]
	at org.apache.hadoop.security.UserGroupInformation.doAs(UserGroupInformation.java:1878) [hadoop-common-3.3.1.jar:?]
	at org.apache.hadoop.ipc.Server$Handler.run(Server.java:2966) [hadoop-common-3.3.1.jar:?]
]]></system-out>
  </testcase>
  <testcase name="testCreateFileShouldCheckExistenceOfDirWithSameName" classname="TestOzoneFileSystem" time="0.087">
    <system-out><![CDATA[01:56:30.204 [IPC Server handler 8 on default port 44107] ERROR OMAudit - user=runner | ip=127.0.0.1 | op=CREATE_FILE {volume=volume07240, bucket=bucket34393, key=d1/d2/d3/d4/key2, dataSize=4194304, replicationType=RATIS, replicationFactor=THREE} | ret=FAILURE
org.apache.hadoop.ozone.om.exceptions.OMException: Can not write to directory: d1/d2/d3/d4/key2
	at org.apache.hadoop.ozone.om.request.file.OMFileCreateRequest.checkDirectoryResult(OMFileCreateRequest.java:364) ~[ozone-manager-1.3.0-SNAPSHOT.jar:?]
	at org.apache.hadoop.ozone.om.request.file.OMFileCreateRequest.validateAndUpdateCache(OMFileCreateRequest.java:240) ~[ozone-manager-1.3.0-SNAPSHOT.jar:?]
	at org.apache.hadoop.ozone.protocolPB.OzoneManagerRequestHandler.handleWriteRequest(OzoneManagerRequestHandler.java:300) ~[ozone-manager-1.3.0-SNAPSHOT.jar:?]
	at org.apache.hadoop.ozone.protocolPB.OzoneManagerProtocolServerSideTranslatorPB.submitRequestDirectlyToOM(OzoneManagerProtocolServerSideTranslatorPB.java:282) ~[ozone-manager-1.3.0-SNAPSHOT.jar:?]
	at org.apache.hadoop.ozone.protocolPB.OzoneManagerProtocolServerSideTranslatorPB.processRequest(OzoneManagerProtocolServerSideTranslatorPB.java:205) ~[ozone-manager-1.3.0-SNAPSHOT.jar:?]
	at org.apache.hadoop.hdds.server.OzoneProtocolMessageDispatcher.processRequest(OzoneProtocolMessageDispatcher.java:87) [hdds-server-framework-1.3.0-SNAPSHOT.jar:?]
	at org.apache.hadoop.ozone.protocolPB.OzoneManagerProtocolServerSideTranslatorPB.submitRequest(OzoneManagerProtocolServerSideTranslatorPB.java:147) [ozone-manager-1.3.0-SNAPSHOT.jar:?]
	at org.apache.hadoop.ozone.protocol.proto.OzoneManagerProtocolProtos$OzoneManagerService$2.callBlockingMethod(OzoneManagerProtocolProtos.java) [ozone-interface-client-1.3.0-SNAPSHOT.jar:?]
	at org.apache.hadoop.ipc.ProtobufRpcEngine$Server.processCall(ProtobufRpcEngine.java:466) [hadoop-common-3.3.1.jar:?]
	at org.apache.hadoop.ipc.ProtobufRpcEngine2$Server$ProtoBufRpcInvoker.call(ProtobufRpcEngine2.java:574) [hadoop-common-3.3.1.jar:?]
	at org.apache.hadoop.ipc.ProtobufRpcEngine2$Server$ProtoBufRpcInvoker.call(ProtobufRpcEngine2.java:552) [hadoop-common-3.3.1.jar:?]
	at org.apache.hadoop.ipc.RPC$Server.call(RPC.java:1093) [hadoop-common-3.3.1.jar:?]
	at org.apache.hadoop.ipc.Server$RpcCall.run(Server.java:1035) [hadoop-common-3.3.1.jar:?]
	at org.apache.hadoop.ipc.Server$RpcCall.run(Server.java:963) [hadoop-common-3.3.1.jar:?]
	at java.security.AccessController.doPrivileged(Native Method) ~[?:1.8.0_332]
	at javax.security.auth.Subject.doAs(Subject.java:422) [?:1.8.0_332]
	at org.apache.hadoop.security.UserGroupInformation.doAs(UserGroupInformation.java:1878) [hadoop-common-3.3.1.jar:?]
	at org.apache.hadoop.ipc.Server$Handler.run(Server.java:2966) [hadoop-common-3.3.1.jar:?]
2022-08-03 01:56:30,205 [IPC Server handler 8 on default port 44107] ERROR file.OMFileCreateRequest (OMFileCreateRequest.java:validateAndUpdateCache(337)) - File create failed. Volume:volume07240, Bucket:bucket34393, Keyd1/d2/d3/d4/key2.
NOT_A_FILE org.apache.hadoop.ozone.om.exceptions.OMException: Can not write to directory: d1/d2/d3/d4/key2
	at org.apache.hadoop.ozone.om.request.file.OMFileCreateRequest.checkDirectoryResult(OMFileCreateRequest.java:364)
	at org.apache.hadoop.ozone.om.request.file.OMFileCreateRequest.validateAndUpdateCache(OMFileCreateRequest.java:240)
	at org.apache.hadoop.ozone.protocolPB.OzoneManagerRequestHandler.handleWriteRequest(OzoneManagerRequestHandler.java:300)
	at org.apache.hadoop.ozone.protocolPB.OzoneManagerProtocolServerSideTranslatorPB.submitRequestDirectlyToOM(OzoneManagerProtocolServerSideTranslatorPB.java:282)
	at org.apache.hadoop.ozone.protocolPB.OzoneManagerProtocolServerSideTranslatorPB.processRequest(OzoneManagerProtocolServerSideTranslatorPB.java:205)
	at org.apache.hadoop.hdds.server.OzoneProtocolMessageDispatcher.processRequest(OzoneProtocolMessageDispatcher.java:87)
	at org.apache.hadoop.ozone.protocolPB.OzoneManagerProtocolServerSideTranslatorPB.submitRequest(OzoneManagerProtocolServerSideTranslatorPB.java:147)
	at org.apache.hadoop.ozone.protocol.proto.OzoneManagerProtocolProtos$OzoneManagerService$2.callBlockingMethod(OzoneManagerProtocolProtos.java)
	at org.apache.hadoop.ipc.ProtobufRpcEngine$Server.processCall(ProtobufRpcEngine.java:466)
	at org.apache.hadoop.ipc.ProtobufRpcEngine2$Server$ProtoBufRpcInvoker.call(ProtobufRpcEngine2.java:574)
	at org.apache.hadoop.ipc.ProtobufRpcEngine2$Server$ProtoBufRpcInvoker.call(ProtobufRpcEngine2.java:552)
	at org.apache.hadoop.ipc.RPC$Server.call(RPC.java:1093)
	at org.apache.hadoop.ipc.Server$RpcCall.run(Server.java:1035)
	at org.apache.hadoop.ipc.Server$RpcCall.run(Server.java:963)
	at java.security.AccessController.doPrivileged(Native Method)
	at javax.security.auth.Subject.doAs(Subject.java:422)
	at org.apache.hadoop.security.UserGroupInformation.doAs(UserGroupInformation.java:1878)
	at org.apache.hadoop.ipc.Server$Handler.run(Server.java:2966)
01:56:30.225 [IPC Server handler 2 on default port 44107] ERROR OMAudit - user=runner | ip=127.0.0.1 | op=CREATE_DIRECTORY {volume=volume07240, bucket=bucket34393, key=d1/d2/d3/d4/key3, dataSize=0, replicationType=NONE, replicationFactor=ZERO} | ret=FAILURE
org.apache.hadoop.ozone.om.exceptions.OMException: Unable to create directory: d1/d2/d3/d4/key3 in volume/bucket: volume07240/bucket34393
	at org.apache.hadoop.ozone.om.request.file.OMDirectoryCreateRequest.validateAndUpdateCache(OMDirectoryCreateRequest.java:198) ~[ozone-manager-1.3.0-SNAPSHOT.jar:?]
	at org.apache.hadoop.ozone.protocolPB.OzoneManagerRequestHandler.handleWriteRequest(OzoneManagerRequestHandler.java:300) ~[ozone-manager-1.3.0-SNAPSHOT.jar:?]
	at org.apache.hadoop.ozone.protocolPB.OzoneManagerProtocolServerSideTranslatorPB.submitRequestDirectlyToOM(OzoneManagerProtocolServerSideTranslatorPB.java:282) ~[ozone-manager-1.3.0-SNAPSHOT.jar:?]
	at org.apache.hadoop.ozone.protocolPB.OzoneManagerProtocolServerSideTranslatorPB.processRequest(OzoneManagerProtocolServerSideTranslatorPB.java:205) ~[ozone-manager-1.3.0-SNAPSHOT.jar:?]
	at org.apache.hadoop.hdds.server.OzoneProtocolMessageDispatcher.processRequest(OzoneProtocolMessageDispatcher.java:87) [hdds-server-framework-1.3.0-SNAPSHOT.jar:?]
	at org.apache.hadoop.ozone.protocolPB.OzoneManagerProtocolServerSideTranslatorPB.submitRequest(OzoneManagerProtocolServerSideTranslatorPB.java:147) [ozone-manager-1.3.0-SNAPSHOT.jar:?]
	at org.apache.hadoop.ozone.protocol.proto.OzoneManagerProtocolProtos$OzoneManagerService$2.callBlockingMethod(OzoneManagerProtocolProtos.java) [ozone-interface-client-1.3.0-SNAPSHOT.jar:?]
	at org.apache.hadoop.ipc.ProtobufRpcEngine$Server.processCall(ProtobufRpcEngine.java:466) [hadoop-common-3.3.1.jar:?]
	at org.apache.hadoop.ipc.ProtobufRpcEngine2$Server$ProtoBufRpcInvoker.call(ProtobufRpcEngine2.java:574) [hadoop-common-3.3.1.jar:?]
	at org.apache.hadoop.ipc.ProtobufRpcEngine2$Server$ProtoBufRpcInvoker.call(ProtobufRpcEngine2.java:552) [hadoop-common-3.3.1.jar:?]
	at org.apache.hadoop.ipc.RPC$Server.call(RPC.java:1093) [hadoop-common-3.3.1.jar:?]
	at org.apache.hadoop.ipc.Server$RpcCall.run(Server.java:1035) [hadoop-common-3.3.1.jar:?]
	at org.apache.hadoop.ipc.Server$RpcCall.run(Server.java:963) [hadoop-common-3.3.1.jar:?]
	at java.security.AccessController.doPrivileged(Native Method) ~[?:1.8.0_332]
	at javax.security.auth.Subject.doAs(Subject.java:422) [?:1.8.0_332]
	at org.apache.hadoop.security.UserGroupInformation.doAs(UserGroupInformation.java:1878) [hadoop-common-3.3.1.jar:?]
	at org.apache.hadoop.ipc.Server$Handler.run(Server.java:2966) [hadoop-common-3.3.1.jar:?]
2022-08-03 01:56:30,225 [IPC Server handler 2 on default port 44107] ERROR file.OMDirectoryCreateRequest (OMDirectoryCreateRequest.java:logResult(331)) - Directory creation failed. Volume:volume07240, Bucket:bucket34393, Keyd1/d2/d3/d4/key3. Exception:{}
FILE_ALREADY_EXISTS org.apache.hadoop.ozone.om.exceptions.OMException: Unable to create directory: d1/d2/d3/d4/key3 in volume/bucket: volume07240/bucket34393
	at org.apache.hadoop.ozone.om.request.file.OMDirectoryCreateRequest.validateAndUpdateCache(OMDirectoryCreateRequest.java:198)
	at org.apache.hadoop.ozone.protocolPB.OzoneManagerRequestHandler.handleWriteRequest(OzoneManagerRequestHandler.java:300)
	at org.apache.hadoop.ozone.protocolPB.OzoneManagerProtocolServerSideTranslatorPB.submitRequestDirectlyToOM(OzoneManagerProtocolServerSideTranslatorPB.java:282)
	at org.apache.hadoop.ozone.protocolPB.OzoneManagerProtocolServerSideTranslatorPB.processRequest(OzoneManagerProtocolServerSideTranslatorPB.java:205)
	at org.apache.hadoop.hdds.server.OzoneProtocolMessageDispatcher.processRequest(OzoneProtocolMessageDispatcher.java:87)
	at org.apache.hadoop.ozone.protocolPB.OzoneManagerProtocolServerSideTranslatorPB.submitRequest(OzoneManagerProtocolServerSideTranslatorPB.java:147)
	at org.apache.hadoop.ozone.protocol.proto.OzoneManagerProtocolProtos$OzoneManagerService$2.callBlockingMethod(OzoneManagerProtocolProtos.java)
	at org.apache.hadoop.ipc.ProtobufRpcEngine$Server.processCall(ProtobufRpcEngine.java:466)
	at org.apache.hadoop.ipc.ProtobufRpcEngine2$Server$ProtoBufRpcInvoker.call(ProtobufRpcEngine2.java:574)
	at org.apache.hadoop.ipc.ProtobufRpcEngine2$Server$ProtoBufRpcInvoker.call(ProtobufRpcEngine2.java:552)
	at org.apache.hadoop.ipc.RPC$Server.call(RPC.java:1093)
	at org.apache.hadoop.ipc.Server$RpcCall.run(Server.java:1035)
	at org.apache.hadoop.ipc.Server$RpcCall.run(Server.java:963)
	at java.security.AccessController.doPrivileged(Native Method)
	at javax.security.auth.Subject.doAs(Subject.java:422)
	at org.apache.hadoop.security.UserGroupInformation.doAs(UserGroupInformation.java:1878)
	at org.apache.hadoop.ipc.Server$Handler.run(Server.java:2966)
01:56:30.251 [IPC Server handler 10 on default port 44107] ERROR OMAudit - user=runner | ip=127.0.0.1 | op=CREATE_FILE {volume=volume07240, bucket=bucket34393, key=d1/d2/d3, dataSize=4194304, replicationType=RATIS, replicationFactor=THREE} | ret=FAILURE
org.apache.hadoop.ozone.om.exceptions.OMException: Can not write to directory: d1/d2/d3
	at org.apache.hadoop.ozone.om.request.file.OMFileCreateRequest.checkDirectoryResult(OMFileCreateRequest.java:364) ~[ozone-manager-1.3.0-SNAPSHOT.jar:?]
	at org.apache.hadoop.ozone.om.request.file.OMFileCreateRequest.validateAndUpdateCache(OMFileCreateRequest.java:240) ~[ozone-manager-1.3.0-SNAPSHOT.jar:?]
	at org.apache.hadoop.ozone.protocolPB.OzoneManagerRequestHandler.handleWriteRequest(OzoneManagerRequestHandler.java:300) ~[ozone-manager-1.3.0-SNAPSHOT.jar:?]
	at org.apache.hadoop.ozone.protocolPB.OzoneManagerProtocolServerSideTranslatorPB.submitRequestDirectlyToOM(OzoneManagerProtocolServerSideTranslatorPB.java:282) ~[ozone-manager-1.3.0-SNAPSHOT.jar:?]
	at org.apache.hadoop.ozone.protocolPB.OzoneManagerProtocolServerSideTranslatorPB.processRequest(OzoneManagerProtocolServerSideTranslatorPB.java:205) ~[ozone-manager-1.3.0-SNAPSHOT.jar:?]
	at org.apache.hadoop.hdds.server.OzoneProtocolMessageDispatcher.processRequest(OzoneProtocolMessageDispatcher.java:87) [hdds-server-framework-1.3.0-SNAPSHOT.jar:?]
	at org.apache.hadoop.ozone.protocolPB.OzoneManagerProtocolServerSideTranslatorPB.submitRequest(OzoneManagerProtocolServerSideTranslatorPB.java:147) [ozone-manager-1.3.0-SNAPSHOT.jar:?]
	at org.apache.hadoop.ozone.protocol.proto.OzoneManagerProtocolProtos$OzoneManagerService$2.callBlockingMethod(OzoneManagerProtocolProtos.java) [ozone-interface-client-1.3.0-SNAPSHOT.jar:?]
	at org.apache.hadoop.ipc.ProtobufRpcEngine$Server.processCall(ProtobufRpcEngine.java:466) [hadoop-common-3.3.1.jar:?]
	at org.apache.hadoop.ipc.ProtobufRpcEngine2$Server$ProtoBufRpcInvoker.call(ProtobufRpcEngine2.java:574) [hadoop-common-3.3.1.jar:?]
	at org.apache.hadoop.ipc.ProtobufRpcEngine2$Server$ProtoBufRpcInvoker.call(ProtobufRpcEngine2.java:552) [hadoop-common-3.3.1.jar:?]
	at org.apache.hadoop.ipc.RPC$Server.call(RPC.java:1093) [hadoop-common-3.3.1.jar:?]
	at org.apache.hadoop.ipc.Server$RpcCall.run(Server.java:1035) [hadoop-common-3.3.1.jar:?]
	at org.apache.hadoop.ipc.Server$RpcCall.run(Server.java:963) [hadoop-common-3.3.1.jar:?]
	at java.security.AccessController.doPrivileged(Native Method) ~[?:1.8.0_332]
	at javax.security.auth.Subject.doAs(Subject.java:422) [?:1.8.0_332]
	at org.apache.hadoop.security.UserGroupInformation.doAs(UserGroupInformation.java:1878) [hadoop-common-3.3.1.jar:?]
	at org.apache.hadoop.ipc.Server$Handler.run(Server.java:2966) [hadoop-common-3.3.1.jar:?]
2022-08-03 01:56:30,251 [IPC Server handler 10 on default port 44107] ERROR file.OMFileCreateRequest (OMFileCreateRequest.java:validateAndUpdateCache(337)) - File create failed. Volume:volume07240, Bucket:bucket34393, Keyd1/d2/d3.
NOT_A_FILE org.apache.hadoop.ozone.om.exceptions.OMException: Can not write to directory: d1/d2/d3
	at org.apache.hadoop.ozone.om.request.file.OMFileCreateRequest.checkDirectoryResult(OMFileCreateRequest.java:364)
	at org.apache.hadoop.ozone.om.request.file.OMFileCreateRequest.validateAndUpdateCache(OMFileCreateRequest.java:240)
	at org.apache.hadoop.ozone.protocolPB.OzoneManagerRequestHandler.handleWriteRequest(OzoneManagerRequestHandler.java:300)
	at org.apache.hadoop.ozone.protocolPB.OzoneManagerProtocolServerSideTranslatorPB.submitRequestDirectlyToOM(OzoneManagerProtocolServerSideTranslatorPB.java:282)
	at org.apache.hadoop.ozone.protocolPB.OzoneManagerProtocolServerSideTranslatorPB.processRequest(OzoneManagerProtocolServerSideTranslatorPB.java:205)
	at org.apache.hadoop.hdds.server.OzoneProtocolMessageDispatcher.processRequest(OzoneProtocolMessageDispatcher.java:87)
	at org.apache.hadoop.ozone.protocolPB.OzoneManagerProtocolServerSideTranslatorPB.submitRequest(OzoneManagerProtocolServerSideTranslatorPB.java:147)
	at org.apache.hadoop.ozone.protocol.proto.OzoneManagerProtocolProtos$OzoneManagerService$2.callBlockingMethod(OzoneManagerProtocolProtos.java)
	at org.apache.hadoop.ipc.ProtobufRpcEngine$Server.processCall(ProtobufRpcEngine.java:466)
	at org.apache.hadoop.ipc.ProtobufRpcEngine2$Server$ProtoBufRpcInvoker.call(ProtobufRpcEngine2.java:574)
	at org.apache.hadoop.ipc.ProtobufRpcEngine2$Server$ProtoBufRpcInvoker.call(ProtobufRpcEngine2.java:552)
	at org.apache.hadoop.ipc.RPC$Server.call(RPC.java:1093)
	at org.apache.hadoop.ipc.Server$RpcCall.run(Server.java:1035)
	at org.apache.hadoop.ipc.Server$RpcCall.run(Server.java:963)
	at java.security.AccessController.doPrivileged(Native Method)
	at javax.security.auth.Subject.doAs(Subject.java:422)
	at org.apache.hadoop.security.UserGroupInformation.doAs(UserGroupInformation.java:1878)
	at org.apache.hadoop.ipc.Server$Handler.run(Server.java:2966)
01:56:30.253 [IPC Server handler 5 on default port 44107] ERROR OMAudit - user=runner | ip=127.0.0.1 | op=GET_FILE_STATUS {volume=volume07240, bucket=bucket34393, key=d1/d2/d3/d4/key3/invalid, dataSize=0, replicationConfig=null} | ret=FAILURE
org.apache.hadoop.ozone.om.exceptions.OMException: Unable to get file status: volume: volume07240 bucket: bucket34393 key: d1/d2/d3/d4/key3/invalid
	at org.apache.hadoop.ozone.om.KeyManagerImpl.getOzoneFileStatus(KeyManagerImpl.java:1311) ~[ozone-manager-1.3.0-SNAPSHOT.jar:?]
	at org.apache.hadoop.ozone.om.KeyManagerImpl.getFileStatus(KeyManagerImpl.java:1241) ~[ozone-manager-1.3.0-SNAPSHOT.jar:?]
	at org.apache.hadoop.ozone.om.OzoneManager.getFileStatus(OzoneManager.java:3467) ~[ozone-manager-1.3.0-SNAPSHOT.jar:?]
	at org.apache.hadoop.ozone.protocolPB.OzoneManagerRequestHandler.getOzoneFileStatus(OzoneManagerRequestHandler.java:878) ~[ozone-manager-1.3.0-SNAPSHOT.jar:?]
	at org.apache.hadoop.ozone.protocolPB.OzoneManagerRequestHandler.handleReadRequest(OzoneManagerRequestHandler.java:224) ~[ozone-manager-1.3.0-SNAPSHOT.jar:?]
	at org.apache.hadoop.ozone.protocolPB.OzoneManagerProtocolServerSideTranslatorPB.submitRequestDirectlyToOM(OzoneManagerProtocolServerSideTranslatorPB.java:276) ~[ozone-manager-1.3.0-SNAPSHOT.jar:?]
	at org.apache.hadoop.ozone.protocolPB.OzoneManagerProtocolServerSideTranslatorPB.processRequest(OzoneManagerProtocolServerSideTranslatorPB.java:205) ~[ozone-manager-1.3.0-SNAPSHOT.jar:?]
	at org.apache.hadoop.hdds.server.OzoneProtocolMessageDispatcher.processRequest(OzoneProtocolMessageDispatcher.java:87) [hdds-server-framework-1.3.0-SNAPSHOT.jar:?]
	at org.apache.hadoop.ozone.protocolPB.OzoneManagerProtocolServerSideTranslatorPB.submitRequest(OzoneManagerProtocolServerSideTranslatorPB.java:147) [ozone-manager-1.3.0-SNAPSHOT.jar:?]
	at org.apache.hadoop.ozone.protocol.proto.OzoneManagerProtocolProtos$OzoneManagerService$2.callBlockingMethod(OzoneManagerProtocolProtos.java) [ozone-interface-client-1.3.0-SNAPSHOT.jar:?]
	at org.apache.hadoop.ipc.ProtobufRpcEngine$Server.processCall(ProtobufRpcEngine.java:466) [hadoop-common-3.3.1.jar:?]
	at org.apache.hadoop.ipc.ProtobufRpcEngine2$Server$ProtoBufRpcInvoker.call(ProtobufRpcEngine2.java:574) [hadoop-common-3.3.1.jar:?]
	at org.apache.hadoop.ipc.ProtobufRpcEngine2$Server$ProtoBufRpcInvoker.call(ProtobufRpcEngine2.java:552) [hadoop-common-3.3.1.jar:?]
	at org.apache.hadoop.ipc.RPC$Server.call(RPC.java:1093) [hadoop-common-3.3.1.jar:?]
	at org.apache.hadoop.ipc.Server$RpcCall.run(Server.java:1035) [hadoop-common-3.3.1.jar:?]
	at org.apache.hadoop.ipc.Server$RpcCall.run(Server.java:963) [hadoop-common-3.3.1.jar:?]
	at java.security.AccessController.doPrivileged(Native Method) ~[?:1.8.0_332]
	at javax.security.auth.Subject.doAs(Subject.java:422) [?:1.8.0_332]
	at org.apache.hadoop.security.UserGroupInformation.doAs(UserGroupInformation.java:1878) [hadoop-common-3.3.1.jar:?]
	at org.apache.hadoop.ipc.Server$Handler.run(Server.java:2966) [hadoop-common-3.3.1.jar:?]
01:56:30.254 [IPC Server handler 11 on default port 44107] ERROR OMAudit - user=runner | ip=127.0.0.1 | op=GET_FILE_STATUS {volume=volume07240, bucket=bucket34393, key=d1/d2/d3/d4/invalidkey, dataSize=0, replicationConfig=null} | ret=FAILURE
org.apache.hadoop.ozone.om.exceptions.OMException: Unable to get file status: volume: volume07240 bucket: bucket34393 key: d1/d2/d3/d4/invalidkey
	at org.apache.hadoop.ozone.om.KeyManagerImpl.getOzoneFileStatus(KeyManagerImpl.java:1311) ~[ozone-manager-1.3.0-SNAPSHOT.jar:?]
	at org.apache.hadoop.ozone.om.KeyManagerImpl.getFileStatus(KeyManagerImpl.java:1241) ~[ozone-manager-1.3.0-SNAPSHOT.jar:?]
	at org.apache.hadoop.ozone.om.OzoneManager.getFileStatus(OzoneManager.java:3467) ~[ozone-manager-1.3.0-SNAPSHOT.jar:?]
	at org.apache.hadoop.ozone.protocolPB.OzoneManagerRequestHandler.getOzoneFileStatus(OzoneManagerRequestHandler.java:878) ~[ozone-manager-1.3.0-SNAPSHOT.jar:?]
	at org.apache.hadoop.ozone.protocolPB.OzoneManagerRequestHandler.handleReadRequest(OzoneManagerRequestHandler.java:224) ~[ozone-manager-1.3.0-SNAPSHOT.jar:?]
	at org.apache.hadoop.ozone.protocolPB.OzoneManagerProtocolServerSideTranslatorPB.submitRequestDirectlyToOM(OzoneManagerProtocolServerSideTranslatorPB.java:276) ~[ozone-manager-1.3.0-SNAPSHOT.jar:?]
	at org.apache.hadoop.ozone.protocolPB.OzoneManagerProtocolServerSideTranslatorPB.processRequest(OzoneManagerProtocolServerSideTranslatorPB.java:205) ~[ozone-manager-1.3.0-SNAPSHOT.jar:?]
	at org.apache.hadoop.hdds.server.OzoneProtocolMessageDispatcher.processRequest(OzoneProtocolMessageDispatcher.java:87) [hdds-server-framework-1.3.0-SNAPSHOT.jar:?]
	at org.apache.hadoop.ozone.protocolPB.OzoneManagerProtocolServerSideTranslatorPB.submitRequest(OzoneManagerProtocolServerSideTranslatorPB.java:147) [ozone-manager-1.3.0-SNAPSHOT.jar:?]
	at org.apache.hadoop.ozone.protocol.proto.OzoneManagerProtocolProtos$OzoneManagerService$2.callBlockingMethod(OzoneManagerProtocolProtos.java) [ozone-interface-client-1.3.0-SNAPSHOT.jar:?]
	at org.apache.hadoop.ipc.ProtobufRpcEngine$Server.processCall(ProtobufRpcEngine.java:466) [hadoop-common-3.3.1.jar:?]
	at org.apache.hadoop.ipc.ProtobufRpcEngine2$Server$ProtoBufRpcInvoker.call(ProtobufRpcEngine2.java:574) [hadoop-common-3.3.1.jar:?]
	at org.apache.hadoop.ipc.ProtobufRpcEngine2$Server$ProtoBufRpcInvoker.call(ProtobufRpcEngine2.java:552) [hadoop-common-3.3.1.jar:?]
	at org.apache.hadoop.ipc.RPC$Server.call(RPC.java:1093) [hadoop-common-3.3.1.jar:?]
	at org.apache.hadoop.ipc.Server$RpcCall.run(Server.java:1035) [hadoop-common-3.3.1.jar:?]
	at org.apache.hadoop.ipc.Server$RpcCall.run(Server.java:963) [hadoop-common-3.3.1.jar:?]
	at java.security.AccessController.doPrivileged(Native Method) ~[?:1.8.0_332]
	at javax.security.auth.Subject.doAs(Subject.java:422) [?:1.8.0_332]
	at org.apache.hadoop.security.UserGroupInformation.doAs(UserGroupInformation.java:1878) [hadoop-common-3.3.1.jar:?]
	at org.apache.hadoop.ipc.Server$Handler.run(Server.java:2966) [hadoop-common-3.3.1.jar:?]
]]></system-out>
  </testcase>
  <testcase name="testCreateFileShouldCheckExistenceOfDirWithSameName" classname="TestOzoneFileSystem" time="0.068">
    <system-out><![CDATA[01:57:40.816 [OM StateMachine ApplyTransaction Thread - 0] ERROR OMAudit - user=runner | ip=127.0.0.1 | op=CREATE_FILE {volume=volume58070, bucket=bucket54574, key=d1/d2/d3/d4/key2, dataSize=4194304, replicationType=RATIS, replicationFactor=THREE} | ret=FAILURE
org.apache.hadoop.ozone.om.exceptions.OMException: Can not write to directory: d1/d2/d3/d4/key2
	at org.apache.hadoop.ozone.om.request.file.OMFileCreateRequest.checkDirectoryResult(OMFileCreateRequest.java:364) ~[ozone-manager-1.3.0-SNAPSHOT.jar:?]
	at org.apache.hadoop.ozone.om.request.file.OMFileCreateRequest.validateAndUpdateCache(OMFileCreateRequest.java:240) ~[ozone-manager-1.3.0-SNAPSHOT.jar:?]
	at org.apache.hadoop.ozone.protocolPB.OzoneManagerRequestHandler.handleWriteRequest(OzoneManagerRequestHandler.java:300) ~[ozone-manager-1.3.0-SNAPSHOT.jar:?]
	at org.apache.hadoop.ozone.om.ratis.OzoneManagerStateMachine.runCommand(OzoneManagerStateMachine.java:529) ~[ozone-manager-1.3.0-SNAPSHOT.jar:?]
	at org.apache.hadoop.ozone.om.ratis.OzoneManagerStateMachine.lambda$1(OzoneManagerStateMachine.java:324) ~[ozone-manager-1.3.0-SNAPSHOT.jar:?]
	at java.util.concurrent.CompletableFuture$AsyncSupply.run(CompletableFuture.java:1604) [?:1.8.0_332]
	at java.util.concurrent.ThreadPoolExecutor.runWorker(ThreadPoolExecutor.java:1149) [?:1.8.0_332]
	at java.util.concurrent.ThreadPoolExecutor$Worker.run(ThreadPoolExecutor.java:624) [?:1.8.0_332]
	at java.lang.Thread.run(Thread.java:750) [?:1.8.0_332]
2022-08-03 01:57:40,816 [OM StateMachine ApplyTransaction Thread - 0] ERROR file.OMFileCreateRequest (OMFileCreateRequest.java:validateAndUpdateCache(337)) - File create failed. Volume:volume58070, Bucket:bucket54574, Keyd1/d2/d3/d4/key2.
NOT_A_FILE org.apache.hadoop.ozone.om.exceptions.OMException: Can not write to directory: d1/d2/d3/d4/key2
	at org.apache.hadoop.ozone.om.request.file.OMFileCreateRequest.checkDirectoryResult(OMFileCreateRequest.java:364)
	at org.apache.hadoop.ozone.om.request.file.OMFileCreateRequest.validateAndUpdateCache(OMFileCreateRequest.java:240)
	at org.apache.hadoop.ozone.protocolPB.OzoneManagerRequestHandler.handleWriteRequest(OzoneManagerRequestHandler.java:300)
	at org.apache.hadoop.ozone.om.ratis.OzoneManagerStateMachine.runCommand(OzoneManagerStateMachine.java:529)
	at org.apache.hadoop.ozone.om.ratis.OzoneManagerStateMachine.lambda$1(OzoneManagerStateMachine.java:324)
	at java.util.concurrent.CompletableFuture$AsyncSupply.run(CompletableFuture.java:1604)
	at java.util.concurrent.ThreadPoolExecutor.runWorker(ThreadPoolExecutor.java:1149)
	at java.util.concurrent.ThreadPoolExecutor$Worker.run(ThreadPoolExecutor.java:624)
	at java.lang.Thread.run(Thread.java:750)
01:57:40.832 [OM StateMachine ApplyTransaction Thread - 0] ERROR OMAudit - user=runner | ip=127.0.0.1 | op=CREATE_DIRECTORY {volume=volume58070, bucket=bucket54574, key=d1/d2/d3/d4/key3, dataSize=0, replicationType=NONE, replicationFactor=ZERO} | ret=FAILURE
org.apache.hadoop.ozone.om.exceptions.OMException: Unable to create directory: d1/d2/d3/d4/key3 in volume/bucket: volume58070/bucket54574
	at org.apache.hadoop.ozone.om.request.file.OMDirectoryCreateRequest.validateAndUpdateCache(OMDirectoryCreateRequest.java:198) ~[ozone-manager-1.3.0-SNAPSHOT.jar:?]
	at org.apache.hadoop.ozone.protocolPB.OzoneManagerRequestHandler.handleWriteRequest(OzoneManagerRequestHandler.java:300) ~[ozone-manager-1.3.0-SNAPSHOT.jar:?]
	at org.apache.hadoop.ozone.om.ratis.OzoneManagerStateMachine.runCommand(OzoneManagerStateMachine.java:529) ~[ozone-manager-1.3.0-SNAPSHOT.jar:?]
	at org.apache.hadoop.ozone.om.ratis.OzoneManagerStateMachine.lambda$1(OzoneManagerStateMachine.java:324) ~[ozone-manager-1.3.0-SNAPSHOT.jar:?]
	at java.util.concurrent.CompletableFuture$AsyncSupply.run(CompletableFuture.java:1604) [?:1.8.0_332]
	at java.util.concurrent.ThreadPoolExecutor.runWorker(ThreadPoolExecutor.java:1149) [?:1.8.0_332]
	at java.util.concurrent.ThreadPoolExecutor$Worker.run(ThreadPoolExecutor.java:624) [?:1.8.0_332]
	at java.lang.Thread.run(Thread.java:750) [?:1.8.0_332]
2022-08-03 01:57:40,833 [OM StateMachine ApplyTransaction Thread - 0] ERROR file.OMDirectoryCreateRequest (OMDirectoryCreateRequest.java:logResult(331)) - Directory creation failed. Volume:volume58070, Bucket:bucket54574, Keyd1/d2/d3/d4/key3. Exception:{}
FILE_ALREADY_EXISTS org.apache.hadoop.ozone.om.exceptions.OMException: Unable to create directory: d1/d2/d3/d4/key3 in volume/bucket: volume58070/bucket54574
	at org.apache.hadoop.ozone.om.request.file.OMDirectoryCreateRequest.validateAndUpdateCache(OMDirectoryCreateRequest.java:198)
	at org.apache.hadoop.ozone.protocolPB.OzoneManagerRequestHandler.handleWriteRequest(OzoneManagerRequestHandler.java:300)
	at org.apache.hadoop.ozone.om.ratis.OzoneManagerStateMachine.runCommand(OzoneManagerStateMachine.java:529)
	at org.apache.hadoop.ozone.om.ratis.OzoneManagerStateMachine.lambda$1(OzoneManagerStateMachine.java:324)
	at java.util.concurrent.CompletableFuture$AsyncSupply.run(CompletableFuture.java:1604)
	at java.util.concurrent.ThreadPoolExecutor.runWorker(ThreadPoolExecutor.java:1149)
	at java.util.concurrent.ThreadPoolExecutor$Worker.run(ThreadPoolExecutor.java:624)
	at java.lang.Thread.run(Thread.java:750)
01:57:40.841 [OM StateMachine ApplyTransaction Thread - 0] ERROR OMAudit - user=runner | ip=127.0.0.1 | op=CREATE_FILE {volume=volume58070, bucket=bucket54574, key=d1/d2/d3, dataSize=4194304, replicationType=RATIS, replicationFactor=THREE} | ret=FAILURE
org.apache.hadoop.ozone.om.exceptions.OMException: Can not write to directory: d1/d2/d3
	at org.apache.hadoop.ozone.om.request.file.OMFileCreateRequest.checkDirectoryResult(OMFileCreateRequest.java:364) ~[ozone-manager-1.3.0-SNAPSHOT.jar:?]
	at org.apache.hadoop.ozone.om.request.file.OMFileCreateRequest.validateAndUpdateCache(OMFileCreateRequest.java:240) ~[ozone-manager-1.3.0-SNAPSHOT.jar:?]
	at org.apache.hadoop.ozone.protocolPB.OzoneManagerRequestHandler.handleWriteRequest(OzoneManagerRequestHandler.java:300) ~[ozone-manager-1.3.0-SNAPSHOT.jar:?]
	at org.apache.hadoop.ozone.om.ratis.OzoneManagerStateMachine.runCommand(OzoneManagerStateMachine.java:529) ~[ozone-manager-1.3.0-SNAPSHOT.jar:?]
	at org.apache.hadoop.ozone.om.ratis.OzoneManagerStateMachine.lambda$1(OzoneManagerStateMachine.java:324) ~[ozone-manager-1.3.0-SNAPSHOT.jar:?]
	at java.util.concurrent.CompletableFuture$AsyncSupply.run(CompletableFuture.java:1604) [?:1.8.0_332]
	at java.util.concurrent.ThreadPoolExecutor.runWorker(ThreadPoolExecutor.java:1149) [?:1.8.0_332]
	at java.util.concurrent.ThreadPoolExecutor$Worker.run(ThreadPoolExecutor.java:624) [?:1.8.0_332]
	at java.lang.Thread.run(Thread.java:750) [?:1.8.0_332]
2022-08-03 01:57:40,841 [OM StateMachine ApplyTransaction Thread - 0] ERROR file.OMFileCreateRequest (OMFileCreateRequest.java:validateAndUpdateCache(337)) - File create failed. Volume:volume58070, Bucket:bucket54574, Keyd1/d2/d3.
NOT_A_FILE org.apache.hadoop.ozone.om.exceptions.OMException: Can not write to directory: d1/d2/d3
	at org.apache.hadoop.ozone.om.request.file.OMFileCreateRequest.checkDirectoryResult(OMFileCreateRequest.java:364)
	at org.apache.hadoop.ozone.om.request.file.OMFileCreateRequest.validateAndUpdateCache(OMFileCreateRequest.java:240)
	at org.apache.hadoop.ozone.protocolPB.OzoneManagerRequestHandler.handleWriteRequest(OzoneManagerRequestHandler.java:300)
	at org.apache.hadoop.ozone.om.ratis.OzoneManagerStateMachine.runCommand(OzoneManagerStateMachine.java:529)
	at org.apache.hadoop.ozone.om.ratis.OzoneManagerStateMachine.lambda$1(OzoneManagerStateMachine.java:324)
	at java.util.concurrent.CompletableFuture$AsyncSupply.run(CompletableFuture.java:1604)
	at java.util.concurrent.ThreadPoolExecutor.runWorker(ThreadPoolExecutor.java:1149)
	at java.util.concurrent.ThreadPoolExecutor$Worker.run(ThreadPoolExecutor.java:624)
	at java.lang.Thread.run(Thread.java:750)
01:57:40.842 [IPC Server handler 13 on default port 36611] ERROR OMAudit - user=runner | ip=127.0.0.1 | op=GET_FILE_STATUS {volume=volume58070, bucket=bucket54574, key=d1/d2/d3/d4/key3/invalid, dataSize=0, replicationConfig=null} | ret=FAILURE
org.apache.hadoop.ozone.om.exceptions.OMException: Unable to get file status: volume: volume58070 bucket: bucket54574 key: d1/d2/d3/d4/key3/invalid
	at org.apache.hadoop.ozone.om.KeyManagerImpl.getOzoneFileStatus(KeyManagerImpl.java:1311) ~[ozone-manager-1.3.0-SNAPSHOT.jar:?]
	at org.apache.hadoop.ozone.om.KeyManagerImpl.getFileStatus(KeyManagerImpl.java:1241) ~[ozone-manager-1.3.0-SNAPSHOT.jar:?]
	at org.apache.hadoop.ozone.om.OzoneManager.getFileStatus(OzoneManager.java:3467) ~[ozone-manager-1.3.0-SNAPSHOT.jar:?]
	at org.apache.hadoop.ozone.protocolPB.OzoneManagerRequestHandler.getOzoneFileStatus(OzoneManagerRequestHandler.java:878) ~[ozone-manager-1.3.0-SNAPSHOT.jar:?]
	at org.apache.hadoop.ozone.protocolPB.OzoneManagerRequestHandler.handleReadRequest(OzoneManagerRequestHandler.java:224) ~[ozone-manager-1.3.0-SNAPSHOT.jar:?]
	at org.apache.hadoop.ozone.protocolPB.OzoneManagerProtocolServerSideTranslatorPB.submitReadRequestToOM(OzoneManagerProtocolServerSideTranslatorPB.java:226) ~[ozone-manager-1.3.0-SNAPSHOT.jar:?]
	at org.apache.hadoop.ozone.protocolPB.OzoneManagerProtocolServerSideTranslatorPB.processRequest(OzoneManagerProtocolServerSideTranslatorPB.java:175) ~[ozone-manager-1.3.0-SNAPSHOT.jar:?]
	at org.apache.hadoop.hdds.server.OzoneProtocolMessageDispatcher.processRequest(OzoneProtocolMessageDispatcher.java:87) [hdds-server-framework-1.3.0-SNAPSHOT.jar:?]
	at org.apache.hadoop.ozone.protocolPB.OzoneManagerProtocolServerSideTranslatorPB.submitRequest(OzoneManagerProtocolServerSideTranslatorPB.java:147) [ozone-manager-1.3.0-SNAPSHOT.jar:?]
	at org.apache.hadoop.ozone.protocol.proto.OzoneManagerProtocolProtos$OzoneManagerService$2.callBlockingMethod(OzoneManagerProtocolProtos.java) [ozone-interface-client-1.3.0-SNAPSHOT.jar:?]
	at org.apache.hadoop.ipc.ProtobufRpcEngine$Server.processCall(ProtobufRpcEngine.java:466) [hadoop-common-3.3.1.jar:?]
	at org.apache.hadoop.ipc.ProtobufRpcEngine2$Server$ProtoBufRpcInvoker.call(ProtobufRpcEngine2.java:574) [hadoop-common-3.3.1.jar:?]
	at org.apache.hadoop.ipc.ProtobufRpcEngine2$Server$ProtoBufRpcInvoker.call(ProtobufRpcEngine2.java:552) [hadoop-common-3.3.1.jar:?]
	at org.apache.hadoop.ipc.RPC$Server.call(RPC.java:1093) [hadoop-common-3.3.1.jar:?]
	at org.apache.hadoop.ipc.Server$RpcCall.run(Server.java:1035) [hadoop-common-3.3.1.jar:?]
	at org.apache.hadoop.ipc.Server$RpcCall.run(Server.java:963) [hadoop-common-3.3.1.jar:?]
	at java.security.AccessController.doPrivileged(Native Method) ~[?:1.8.0_332]
	at javax.security.auth.Subject.doAs(Subject.java:422) [?:1.8.0_332]
	at org.apache.hadoop.security.UserGroupInformation.doAs(UserGroupInformation.java:1878) [hadoop-common-3.3.1.jar:?]
	at org.apache.hadoop.ipc.Server$Handler.run(Server.java:2966) [hadoop-common-3.3.1.jar:?]
01:57:40.845 [IPC Server handler 18 on default port 36611] ERROR OMAudit - user=runner | ip=127.0.0.1 | op=GET_FILE_STATUS {volume=volume58070, bucket=bucket54574, key=d1/d2/d3/d4/invalidkey, dataSize=0, replicationConfig=null} | ret=FAILURE
org.apache.hadoop.ozone.om.exceptions.OMException: Unable to get file status: volume: volume58070 bucket: bucket54574 key: d1/d2/d3/d4/invalidkey
	at org.apache.hadoop.ozone.om.KeyManagerImpl.getOzoneFileStatus(KeyManagerImpl.java:1311) ~[ozone-manager-1.3.0-SNAPSHOT.jar:?]
	at org.apache.hadoop.ozone.om.KeyManagerImpl.getFileStatus(KeyManagerImpl.java:1241) ~[ozone-manager-1.3.0-SNAPSHOT.jar:?]
	at org.apache.hadoop.ozone.om.OzoneManager.getFileStatus(OzoneManager.java:3467) ~[ozone-manager-1.3.0-SNAPSHOT.jar:?]
	at org.apache.hadoop.ozone.protocolPB.OzoneManagerRequestHandler.getOzoneFileStatus(OzoneManagerRequestHandler.java:878) ~[ozone-manager-1.3.0-SNAPSHOT.jar:?]
	at org.apache.hadoop.ozone.protocolPB.OzoneManagerRequestHandler.handleReadRequest(OzoneManagerRequestHandler.java:224) ~[ozone-manager-1.3.0-SNAPSHOT.jar:?]
	at org.apache.hadoop.ozone.protocolPB.OzoneManagerProtocolServerSideTranslatorPB.submitReadRequestToOM(OzoneManagerProtocolServerSideTranslatorPB.java:226) ~[ozone-manager-1.3.0-SNAPSHOT.jar:?]
	at org.apache.hadoop.ozone.protocolPB.OzoneManagerProtocolServerSideTranslatorPB.processRequest(OzoneManagerProtocolServerSideTranslatorPB.java:175) ~[ozone-manager-1.3.0-SNAPSHOT.jar:?]
	at org.apache.hadoop.hdds.server.OzoneProtocolMessageDispatcher.processRequest(OzoneProtocolMessageDispatcher.java:87) [hdds-server-framework-1.3.0-SNAPSHOT.jar:?]
	at org.apache.hadoop.ozone.protocolPB.OzoneManagerProtocolServerSideTranslatorPB.submitRequest(OzoneManagerProtocolServerSideTranslatorPB.java:147) [ozone-manager-1.3.0-SNAPSHOT.jar:?]
	at org.apache.hadoop.ozone.protocol.proto.OzoneManagerProtocolProtos$OzoneManagerService$2.callBlockingMethod(OzoneManagerProtocolProtos.java) [ozone-interface-client-1.3.0-SNAPSHOT.jar:?]
	at org.apache.hadoop.ipc.ProtobufRpcEngine$Server.processCall(ProtobufRpcEngine.java:466) [hadoop-common-3.3.1.jar:?]
	at org.apache.hadoop.ipc.ProtobufRpcEngine2$Server$ProtoBufRpcInvoker.call(ProtobufRpcEngine2.java:574) [hadoop-common-3.3.1.jar:?]
	at org.apache.hadoop.ipc.ProtobufRpcEngine2$Server$ProtoBufRpcInvoker.call(ProtobufRpcEngine2.java:552) [hadoop-common-3.3.1.jar:?]
	at org.apache.hadoop.ipc.RPC$Server.call(RPC.java:1093) [hadoop-common-3.3.1.jar:?]
	at org.apache.hadoop.ipc.Server$RpcCall.run(Server.java:1035) [hadoop-common-3.3.1.jar:?]
	at org.apache.hadoop.ipc.Server$RpcCall.run(Server.java:963) [hadoop-common-3.3.1.jar:?]
	at java.security.AccessController.doPrivileged(Native Method) ~[?:1.8.0_332]
	at javax.security.auth.Subject.doAs(Subject.java:422) [?:1.8.0_332]
	at org.apache.hadoop.security.UserGroupInformation.doAs(UserGroupInformation.java:1878) [hadoop-common-3.3.1.jar:?]
	at org.apache.hadoop.ipc.Server$Handler.run(Server.java:2966) [hadoop-common-3.3.1.jar:?]
]]></system-out>
  </testcase>
  <testcase name="testCreateFileShouldCheckExistenceOfDirWithSameName" classname="TestOzoneFileSystem" time="0.12">
    <system-out><![CDATA[01:59:10.661 [IPC Server handler 12 on default port 36513] ERROR OMAudit - user=runner | ip=127.0.0.1 | op=CREATE_FILE {volume=volume26320, bucket=bucket57581, key=d1/d2/d3/d4/key2, dataSize=4194304, replicationType=RATIS, replicationFactor=THREE} | ret=FAILURE
org.apache.hadoop.ozone.om.exceptions.OMException: Can not write to directory: d1/d2/d3/d4/key2
	at org.apache.hadoop.ozone.om.request.file.OMFileCreateRequest.checkDirectoryResult(OMFileCreateRequest.java:364) ~[ozone-manager-1.3.0-SNAPSHOT.jar:?]
	at org.apache.hadoop.ozone.om.request.file.OMFileCreateRequest.validateAndUpdateCache(OMFileCreateRequest.java:240) ~[ozone-manager-1.3.0-SNAPSHOT.jar:?]
	at org.apache.hadoop.ozone.protocolPB.OzoneManagerRequestHandler.handleWriteRequest(OzoneManagerRequestHandler.java:300) ~[ozone-manager-1.3.0-SNAPSHOT.jar:?]
	at org.apache.hadoop.ozone.protocolPB.OzoneManagerProtocolServerSideTranslatorPB.submitRequestDirectlyToOM(OzoneManagerProtocolServerSideTranslatorPB.java:282) ~[ozone-manager-1.3.0-SNAPSHOT.jar:?]
	at org.apache.hadoop.ozone.protocolPB.OzoneManagerProtocolServerSideTranslatorPB.processRequest(OzoneManagerProtocolServerSideTranslatorPB.java:205) ~[ozone-manager-1.3.0-SNAPSHOT.jar:?]
	at org.apache.hadoop.hdds.server.OzoneProtocolMessageDispatcher.processRequest(OzoneProtocolMessageDispatcher.java:87) [hdds-server-framework-1.3.0-SNAPSHOT.jar:?]
	at org.apache.hadoop.ozone.protocolPB.OzoneManagerProtocolServerSideTranslatorPB.submitRequest(OzoneManagerProtocolServerSideTranslatorPB.java:147) [ozone-manager-1.3.0-SNAPSHOT.jar:?]
	at org.apache.hadoop.ozone.protocol.proto.OzoneManagerProtocolProtos$OzoneManagerService$2.callBlockingMethod(OzoneManagerProtocolProtos.java) [ozone-interface-client-1.3.0-SNAPSHOT.jar:?]
	at org.apache.hadoop.ipc.ProtobufRpcEngine$Server.processCall(ProtobufRpcEngine.java:466) [hadoop-common-3.3.1.jar:?]
	at org.apache.hadoop.ipc.ProtobufRpcEngine2$Server$ProtoBufRpcInvoker.call(ProtobufRpcEngine2.java:574) [hadoop-common-3.3.1.jar:?]
	at org.apache.hadoop.ipc.ProtobufRpcEngine2$Server$ProtoBufRpcInvoker.call(ProtobufRpcEngine2.java:552) [hadoop-common-3.3.1.jar:?]
	at org.apache.hadoop.ipc.RPC$Server.call(RPC.java:1093) [hadoop-common-3.3.1.jar:?]
	at org.apache.hadoop.ipc.Server$RpcCall.run(Server.java:1035) [hadoop-common-3.3.1.jar:?]
	at org.apache.hadoop.ipc.Server$RpcCall.run(Server.java:963) [hadoop-common-3.3.1.jar:?]
	at java.security.AccessController.doPrivileged(Native Method) ~[?:1.8.0_332]
	at javax.security.auth.Subject.doAs(Subject.java:422) [?:1.8.0_332]
	at org.apache.hadoop.security.UserGroupInformation.doAs(UserGroupInformation.java:1878) [hadoop-common-3.3.1.jar:?]
	at org.apache.hadoop.ipc.Server$Handler.run(Server.java:2966) [hadoop-common-3.3.1.jar:?]
2022-08-03 01:59:10,662 [IPC Server handler 12 on default port 36513] ERROR file.OMFileCreateRequest (OMFileCreateRequest.java:validateAndUpdateCache(337)) - File create failed. Volume:volume26320, Bucket:bucket57581, Keyd1/d2/d3/d4/key2.
NOT_A_FILE org.apache.hadoop.ozone.om.exceptions.OMException: Can not write to directory: d1/d2/d3/d4/key2
	at org.apache.hadoop.ozone.om.request.file.OMFileCreateRequest.checkDirectoryResult(OMFileCreateRequest.java:364)
	at org.apache.hadoop.ozone.om.request.file.OMFileCreateRequest.validateAndUpdateCache(OMFileCreateRequest.java:240)
	at org.apache.hadoop.ozone.protocolPB.OzoneManagerRequestHandler.handleWriteRequest(OzoneManagerRequestHandler.java:300)
	at org.apache.hadoop.ozone.protocolPB.OzoneManagerProtocolServerSideTranslatorPB.submitRequestDirectlyToOM(OzoneManagerProtocolServerSideTranslatorPB.java:282)
	at org.apache.hadoop.ozone.protocolPB.OzoneManagerProtocolServerSideTranslatorPB.processRequest(OzoneManagerProtocolServerSideTranslatorPB.java:205)
	at org.apache.hadoop.hdds.server.OzoneProtocolMessageDispatcher.processRequest(OzoneProtocolMessageDispatcher.java:87)
	at org.apache.hadoop.ozone.protocolPB.OzoneManagerProtocolServerSideTranslatorPB.submitRequest(OzoneManagerProtocolServerSideTranslatorPB.java:147)
	at org.apache.hadoop.ozone.protocol.proto.OzoneManagerProtocolProtos$OzoneManagerService$2.callBlockingMethod(OzoneManagerProtocolProtos.java)
	at org.apache.hadoop.ipc.ProtobufRpcEngine$Server.processCall(ProtobufRpcEngine.java:466)
	at org.apache.hadoop.ipc.ProtobufRpcEngine2$Server$ProtoBufRpcInvoker.call(ProtobufRpcEngine2.java:574)
	at org.apache.hadoop.ipc.ProtobufRpcEngine2$Server$ProtoBufRpcInvoker.call(ProtobufRpcEngine2.java:552)
	at org.apache.hadoop.ipc.RPC$Server.call(RPC.java:1093)
	at org.apache.hadoop.ipc.Server$RpcCall.run(Server.java:1035)
	at org.apache.hadoop.ipc.Server$RpcCall.run(Server.java:963)
	at java.security.AccessController.doPrivileged(Native Method)
	at javax.security.auth.Subject.doAs(Subject.java:422)
	at org.apache.hadoop.security.UserGroupInformation.doAs(UserGroupInformation.java:1878)
	at org.apache.hadoop.ipc.Server$Handler.run(Server.java:2966)
01:59:10.674 [IPC Server handler 14 on default port 36513] ERROR OMAudit - user=runner | ip=127.0.0.1 | op=CREATE_DIRECTORY {volume=volume26320, bucket=bucket57581, key=d1/d2/d3/d4/key3, dataSize=0, replicationType=NONE, replicationFactor=ZERO} | ret=FAILURE
org.apache.hadoop.ozone.om.exceptions.OMException: Unable to create directory: d1/d2/d3/d4/key3 in volume/bucket: volume26320/bucket57581
	at org.apache.hadoop.ozone.om.request.file.OMDirectoryCreateRequest.validateAndUpdateCache(OMDirectoryCreateRequest.java:198) ~[ozone-manager-1.3.0-SNAPSHOT.jar:?]
	at org.apache.hadoop.ozone.protocolPB.OzoneManagerRequestHandler.handleWriteRequest(OzoneManagerRequestHandler.java:300) ~[ozone-manager-1.3.0-SNAPSHOT.jar:?]
	at org.apache.hadoop.ozone.protocolPB.OzoneManagerProtocolServerSideTranslatorPB.submitRequestDirectlyToOM(OzoneManagerProtocolServerSideTranslatorPB.java:282) ~[ozone-manager-1.3.0-SNAPSHOT.jar:?]
	at org.apache.hadoop.ozone.protocolPB.OzoneManagerProtocolServerSideTranslatorPB.processRequest(OzoneManagerProtocolServerSideTranslatorPB.java:205) ~[ozone-manager-1.3.0-SNAPSHOT.jar:?]
	at org.apache.hadoop.hdds.server.OzoneProtocolMessageDispatcher.processRequest(OzoneProtocolMessageDispatcher.java:87) [hdds-server-framework-1.3.0-SNAPSHOT.jar:?]
	at org.apache.hadoop.ozone.protocolPB.OzoneManagerProtocolServerSideTranslatorPB.submitRequest(OzoneManagerProtocolServerSideTranslatorPB.java:147) [ozone-manager-1.3.0-SNAPSHOT.jar:?]
	at org.apache.hadoop.ozone.protocol.proto.OzoneManagerProtocolProtos$OzoneManagerService$2.callBlockingMethod(OzoneManagerProtocolProtos.java) [ozone-interface-client-1.3.0-SNAPSHOT.jar:?]
	at org.apache.hadoop.ipc.ProtobufRpcEngine$Server.processCall(ProtobufRpcEngine.java:466) [hadoop-common-3.3.1.jar:?]
	at org.apache.hadoop.ipc.ProtobufRpcEngine2$Server$ProtoBufRpcInvoker.call(ProtobufRpcEngine2.java:574) [hadoop-common-3.3.1.jar:?]
	at org.apache.hadoop.ipc.ProtobufRpcEngine2$Server$ProtoBufRpcInvoker.call(ProtobufRpcEngine2.java:552) [hadoop-common-3.3.1.jar:?]
	at org.apache.hadoop.ipc.RPC$Server.call(RPC.java:1093) [hadoop-common-3.3.1.jar:?]
	at org.apache.hadoop.ipc.Server$RpcCall.run(Server.java:1035) [hadoop-common-3.3.1.jar:?]
	at org.apache.hadoop.ipc.Server$RpcCall.run(Server.java:963) [hadoop-common-3.3.1.jar:?]
	at java.security.AccessController.doPrivileged(Native Method) ~[?:1.8.0_332]
	at javax.security.auth.Subject.doAs(Subject.java:422) [?:1.8.0_332]
	at org.apache.hadoop.security.UserGroupInformation.doAs(UserGroupInformation.java:1878) [hadoop-common-3.3.1.jar:?]
	at org.apache.hadoop.ipc.Server$Handler.run(Server.java:2966) [hadoop-common-3.3.1.jar:?]
2022-08-03 01:59:10,674 [IPC Server handler 14 on default port 36513] ERROR file.OMDirectoryCreateRequest (OMDirectoryCreateRequest.java:logResult(331)) - Directory creation failed. Volume:volume26320, Bucket:bucket57581, Keyd1/d2/d3/d4/key3. Exception:{}
FILE_ALREADY_EXISTS org.apache.hadoop.ozone.om.exceptions.OMException: Unable to create directory: d1/d2/d3/d4/key3 in volume/bucket: volume26320/bucket57581
	at org.apache.hadoop.ozone.om.request.file.OMDirectoryCreateRequest.validateAndUpdateCache(OMDirectoryCreateRequest.java:198)
	at org.apache.hadoop.ozone.protocolPB.OzoneManagerRequestHandler.handleWriteRequest(OzoneManagerRequestHandler.java:300)
	at org.apache.hadoop.ozone.protocolPB.OzoneManagerProtocolServerSideTranslatorPB.submitRequestDirectlyToOM(OzoneManagerProtocolServerSideTranslatorPB.java:282)
	at org.apache.hadoop.ozone.protocolPB.OzoneManagerProtocolServerSideTranslatorPB.processRequest(OzoneManagerProtocolServerSideTranslatorPB.java:205)
	at org.apache.hadoop.hdds.server.OzoneProtocolMessageDispatcher.processRequest(OzoneProtocolMessageDispatcher.java:87)
	at org.apache.hadoop.ozone.protocolPB.OzoneManagerProtocolServerSideTranslatorPB.submitRequest(OzoneManagerProtocolServerSideTranslatorPB.java:147)
	at org.apache.hadoop.ozone.protocol.proto.OzoneManagerProtocolProtos$OzoneManagerService$2.callBlockingMethod(OzoneManagerProtocolProtos.java)
	at org.apache.hadoop.ipc.ProtobufRpcEngine$Server.processCall(ProtobufRpcEngine.java:466)
	at org.apache.hadoop.ipc.ProtobufRpcEngine2$Server$ProtoBufRpcInvoker.call(ProtobufRpcEngine2.java:574)
	at org.apache.hadoop.ipc.ProtobufRpcEngine2$Server$ProtoBufRpcInvoker.call(ProtobufRpcEngine2.java:552)
	at org.apache.hadoop.ipc.RPC$Server.call(RPC.java:1093)
	at org.apache.hadoop.ipc.Server$RpcCall.run(Server.java:1035)
	at org.apache.hadoop.ipc.Server$RpcCall.run(Server.java:963)
	at java.security.AccessController.doPrivileged(Native Method)
	at javax.security.auth.Subject.doAs(Subject.java:422)
	at org.apache.hadoop.security.UserGroupInformation.doAs(UserGroupInformation.java:1878)
	at org.apache.hadoop.ipc.Server$Handler.run(Server.java:2966)
01:59:10.676 [IPC Server handler 15 on default port 36513] ERROR OMAudit - user=runner | ip=127.0.0.1 | op=CREATE_FILE {volume=volume26320, bucket=bucket57581, key=d1/d2/d3, dataSize=4194304, replicationType=RATIS, replicationFactor=THREE} | ret=FAILURE
org.apache.hadoop.ozone.om.exceptions.OMException: Can not write to directory: d1/d2/d3
	at org.apache.hadoop.ozone.om.request.file.OMFileCreateRequest.checkDirectoryResult(OMFileCreateRequest.java:364) ~[ozone-manager-1.3.0-SNAPSHOT.jar:?]
	at org.apache.hadoop.ozone.om.request.file.OMFileCreateRequest.validateAndUpdateCache(OMFileCreateRequest.java:240) ~[ozone-manager-1.3.0-SNAPSHOT.jar:?]
	at org.apache.hadoop.ozone.protocolPB.OzoneManagerRequestHandler.handleWriteRequest(OzoneManagerRequestHandler.java:300) ~[ozone-manager-1.3.0-SNAPSHOT.jar:?]
	at org.apache.hadoop.ozone.protocolPB.OzoneManagerProtocolServerSideTranslatorPB.submitRequestDirectlyToOM(OzoneManagerProtocolServerSideTranslatorPB.java:282) ~[ozone-manager-1.3.0-SNAPSHOT.jar:?]
	at org.apache.hadoop.ozone.protocolPB.OzoneManagerProtocolServerSideTranslatorPB.processRequest(OzoneManagerProtocolServerSideTranslatorPB.java:205) ~[ozone-manager-1.3.0-SNAPSHOT.jar:?]
	at org.apache.hadoop.hdds.server.OzoneProtocolMessageDispatcher.processRequest(OzoneProtocolMessageDispatcher.java:87) [hdds-server-framework-1.3.0-SNAPSHOT.jar:?]
	at org.apache.hadoop.ozone.protocolPB.OzoneManagerProtocolServerSideTranslatorPB.submitRequest(OzoneManagerProtocolServerSideTranslatorPB.java:147) [ozone-manager-1.3.0-SNAPSHOT.jar:?]
	at org.apache.hadoop.ozone.protocol.proto.OzoneManagerProtocolProtos$OzoneManagerService$2.callBlockingMethod(OzoneManagerProtocolProtos.java) [ozone-interface-client-1.3.0-SNAPSHOT.jar:?]
	at org.apache.hadoop.ipc.ProtobufRpcEngine$Server.processCall(ProtobufRpcEngine.java:466) [hadoop-common-3.3.1.jar:?]
	at org.apache.hadoop.ipc.ProtobufRpcEngine2$Server$ProtoBufRpcInvoker.call(ProtobufRpcEngine2.java:574) [hadoop-common-3.3.1.jar:?]
	at org.apache.hadoop.ipc.ProtobufRpcEngine2$Server$ProtoBufRpcInvoker.call(ProtobufRpcEngine2.java:552) [hadoop-common-3.3.1.jar:?]
	at org.apache.hadoop.ipc.RPC$Server.call(RPC.java:1093) [hadoop-common-3.3.1.jar:?]
	at org.apache.hadoop.ipc.Server$RpcCall.run(Server.java:1035) [hadoop-common-3.3.1.jar:?]
	at org.apache.hadoop.ipc.Server$RpcCall.run(Server.java:963) [hadoop-common-3.3.1.jar:?]
	at java.security.AccessController.doPrivileged(Native Method) ~[?:1.8.0_332]
	at javax.security.auth.Subject.doAs(Subject.java:422) [?:1.8.0_332]
	at org.apache.hadoop.security.UserGroupInformation.doAs(UserGroupInformation.java:1878) [hadoop-common-3.3.1.jar:?]
	at org.apache.hadoop.ipc.Server$Handler.run(Server.java:2966) [hadoop-common-3.3.1.jar:?]
2022-08-03 01:59:10,677 [IPC Server handler 15 on default port 36513] ERROR file.OMFileCreateRequest (OMFileCreateRequest.java:validateAndUpdateCache(337)) - File create failed. Volume:volume26320, Bucket:bucket57581, Keyd1/d2/d3.
NOT_A_FILE org.apache.hadoop.ozone.om.exceptions.OMException: Can not write to directory: d1/d2/d3
	at org.apache.hadoop.ozone.om.request.file.OMFileCreateRequest.checkDirectoryResult(OMFileCreateRequest.java:364)
	at org.apache.hadoop.ozone.om.request.file.OMFileCreateRequest.validateAndUpdateCache(OMFileCreateRequest.java:240)
	at org.apache.hadoop.ozone.protocolPB.OzoneManagerRequestHandler.handleWriteRequest(OzoneManagerRequestHandler.java:300)
	at org.apache.hadoop.ozone.protocolPB.OzoneManagerProtocolServerSideTranslatorPB.submitRequestDirectlyToOM(OzoneManagerProtocolServerSideTranslatorPB.java:282)
	at org.apache.hadoop.ozone.protocolPB.OzoneManagerProtocolServerSideTranslatorPB.processRequest(OzoneManagerProtocolServerSideTranslatorPB.java:205)
	at org.apache.hadoop.hdds.server.OzoneProtocolMessageDispatcher.processRequest(OzoneProtocolMessageDispatcher.java:87)
	at org.apache.hadoop.ozone.protocolPB.OzoneManagerProtocolServerSideTranslatorPB.submitRequest(OzoneManagerProtocolServerSideTranslatorPB.java:147)
	at org.apache.hadoop.ozone.protocol.proto.OzoneManagerProtocolProtos$OzoneManagerService$2.callBlockingMethod(OzoneManagerProtocolProtos.java)
	at org.apache.hadoop.ipc.ProtobufRpcEngine$Server.processCall(ProtobufRpcEngine.java:466)
	at org.apache.hadoop.ipc.ProtobufRpcEngine2$Server$ProtoBufRpcInvoker.call(ProtobufRpcEngine2.java:574)
	at org.apache.hadoop.ipc.ProtobufRpcEngine2$Server$ProtoBufRpcInvoker.call(ProtobufRpcEngine2.java:552)
	at org.apache.hadoop.ipc.RPC$Server.call(RPC.java:1093)
	at org.apache.hadoop.ipc.Server$RpcCall.run(Server.java:1035)
	at org.apache.hadoop.ipc.Server$RpcCall.run(Server.java:963)
	at java.security.AccessController.doPrivileged(Native Method)
	at javax.security.auth.Subject.doAs(Subject.java:422)
	at org.apache.hadoop.security.UserGroupInformation.doAs(UserGroupInformation.java:1878)
	at org.apache.hadoop.ipc.Server$Handler.run(Server.java:2966)
01:59:10.684 [IPC Server handler 11 on default port 36513] ERROR OMAudit - user=runner | ip=127.0.0.1 | op=GET_FILE_STATUS {volume=volume26320, bucket=bucket57581, key=d1/d2/d3/d4/key3/invalid, dataSize=0, replicationConfig=null} | ret=FAILURE
org.apache.hadoop.ozone.om.exceptions.OMException: Unable to get file status: volume: volume26320 bucket: bucket57581 key: d1/d2/d3/d4/key3/invalid
	at org.apache.hadoop.ozone.om.KeyManagerImpl.getOzoneFileStatus(KeyManagerImpl.java:1311) ~[ozone-manager-1.3.0-SNAPSHOT.jar:?]
	at org.apache.hadoop.ozone.om.KeyManagerImpl.getFileStatus(KeyManagerImpl.java:1241) ~[ozone-manager-1.3.0-SNAPSHOT.jar:?]
	at org.apache.hadoop.ozone.om.OzoneManager.getFileStatus(OzoneManager.java:3467) ~[ozone-manager-1.3.0-SNAPSHOT.jar:?]
	at org.apache.hadoop.ozone.protocolPB.OzoneManagerRequestHandler.getOzoneFileStatus(OzoneManagerRequestHandler.java:878) ~[ozone-manager-1.3.0-SNAPSHOT.jar:?]
	at org.apache.hadoop.ozone.protocolPB.OzoneManagerRequestHandler.handleReadRequest(OzoneManagerRequestHandler.java:224) ~[ozone-manager-1.3.0-SNAPSHOT.jar:?]
	at org.apache.hadoop.ozone.protocolPB.OzoneManagerProtocolServerSideTranslatorPB.submitRequestDirectlyToOM(OzoneManagerProtocolServerSideTranslatorPB.java:276) ~[ozone-manager-1.3.0-SNAPSHOT.jar:?]
	at org.apache.hadoop.ozone.protocolPB.OzoneManagerProtocolServerSideTranslatorPB.processRequest(OzoneManagerProtocolServerSideTranslatorPB.java:205) ~[ozone-manager-1.3.0-SNAPSHOT.jar:?]
	at org.apache.hadoop.hdds.server.OzoneProtocolMessageDispatcher.processRequest(OzoneProtocolMessageDispatcher.java:87) [hdds-server-framework-1.3.0-SNAPSHOT.jar:?]
	at org.apache.hadoop.ozone.protocolPB.OzoneManagerProtocolServerSideTranslatorPB.submitRequest(OzoneManagerProtocolServerSideTranslatorPB.java:147) [ozone-manager-1.3.0-SNAPSHOT.jar:?]
	at org.apache.hadoop.ozone.protocol.proto.OzoneManagerProtocolProtos$OzoneManagerService$2.callBlockingMethod(OzoneManagerProtocolProtos.java) [ozone-interface-client-1.3.0-SNAPSHOT.jar:?]
	at org.apache.hadoop.ipc.ProtobufRpcEngine$Server.processCall(ProtobufRpcEngine.java:466) [hadoop-common-3.3.1.jar:?]
	at org.apache.hadoop.ipc.ProtobufRpcEngine2$Server$ProtoBufRpcInvoker.call(ProtobufRpcEngine2.java:574) [hadoop-common-3.3.1.jar:?]
	at org.apache.hadoop.ipc.ProtobufRpcEngine2$Server$ProtoBufRpcInvoker.call(ProtobufRpcEngine2.java:552) [hadoop-common-3.3.1.jar:?]
	at org.apache.hadoop.ipc.RPC$Server.call(RPC.java:1093) [hadoop-common-3.3.1.jar:?]
	at org.apache.hadoop.ipc.Server$RpcCall.run(Server.java:1035) [hadoop-common-3.3.1.jar:?]
	at org.apache.hadoop.ipc.Server$RpcCall.run(Server.java:963) [hadoop-common-3.3.1.jar:?]
	at java.security.AccessController.doPrivileged(Native Method) ~[?:1.8.0_332]
	at javax.security.auth.Subject.doAs(Subject.java:422) [?:1.8.0_332]
	at org.apache.hadoop.security.UserGroupInformation.doAs(UserGroupInformation.java:1878) [hadoop-common-3.3.1.jar:?]
	at org.apache.hadoop.ipc.Server$Handler.run(Server.java:2966) [hadoop-common-3.3.1.jar:?]
01:59:10.688 [IPC Server handler 9 on default port 36513] ERROR OMAudit - user=runner | ip=127.0.0.1 | op=GET_FILE_STATUS {volume=volume26320, bucket=bucket57581, key=d1/d2/d3/d4/invalidkey, dataSize=0, replicationConfig=null} | ret=FAILURE
org.apache.hadoop.ozone.om.exceptions.OMException: Unable to get file status: volume: volume26320 bucket: bucket57581 key: d1/d2/d3/d4/invalidkey
	at org.apache.hadoop.ozone.om.KeyManagerImpl.getOzoneFileStatus(KeyManagerImpl.java:1311) ~[ozone-manager-1.3.0-SNAPSHOT.jar:?]
	at org.apache.hadoop.ozone.om.KeyManagerImpl.getFileStatus(KeyManagerImpl.java:1241) ~[ozone-manager-1.3.0-SNAPSHOT.jar:?]
	at org.apache.hadoop.ozone.om.OzoneManager.getFileStatus(OzoneManager.java:3467) ~[ozone-manager-1.3.0-SNAPSHOT.jar:?]
	at org.apache.hadoop.ozone.protocolPB.OzoneManagerRequestHandler.getOzoneFileStatus(OzoneManagerRequestHandler.java:878) ~[ozone-manager-1.3.0-SNAPSHOT.jar:?]
	at org.apache.hadoop.ozone.protocolPB.OzoneManagerRequestHandler.handleReadRequest(OzoneManagerRequestHandler.java:224) ~[ozone-manager-1.3.0-SNAPSHOT.jar:?]
	at org.apache.hadoop.ozone.protocolPB.OzoneManagerProtocolServerSideTranslatorPB.submitRequestDirectlyToOM(OzoneManagerProtocolServerSideTranslatorPB.java:276) ~[ozone-manager-1.3.0-SNAPSHOT.jar:?]
	at org.apache.hadoop.ozone.protocolPB.OzoneManagerProtocolServerSideTranslatorPB.processRequest(OzoneManagerProtocolServerSideTranslatorPB.java:205) ~[ozone-manager-1.3.0-SNAPSHOT.jar:?]
	at org.apache.hadoop.hdds.server.OzoneProtocolMessageDispatcher.processRequest(OzoneProtocolMessageDispatcher.java:87) [hdds-server-framework-1.3.0-SNAPSHOT.jar:?]
	at org.apache.hadoop.ozone.protocolPB.OzoneManagerProtocolServerSideTranslatorPB.submitRequest(OzoneManagerProtocolServerSideTranslatorPB.java:147) [ozone-manager-1.3.0-SNAPSHOT.jar:?]
	at org.apache.hadoop.ozone.protocol.proto.OzoneManagerProtocolProtos$OzoneManagerService$2.callBlockingMethod(OzoneManagerProtocolProtos.java) [ozone-interface-client-1.3.0-SNAPSHOT.jar:?]
	at org.apache.hadoop.ipc.ProtobufRpcEngine$Server.processCall(ProtobufRpcEngine.java:466) [hadoop-common-3.3.1.jar:?]
	at org.apache.hadoop.ipc.ProtobufRpcEngine2$Server$ProtoBufRpcInvoker.call(ProtobufRpcEngine2.java:574) [hadoop-common-3.3.1.jar:?]
	at org.apache.hadoop.ipc.ProtobufRpcEngine2$Server$ProtoBufRpcInvoker.call(ProtobufRpcEngine2.java:552) [hadoop-common-3.3.1.jar:?]
	at org.apache.hadoop.ipc.RPC$Server.call(RPC.java:1093) [hadoop-common-3.3.1.jar:?]
	at org.apache.hadoop.ipc.Server$RpcCall.run(Server.java:1035) [hadoop-common-3.3.1.jar:?]
	at org.apache.hadoop.ipc.Server$RpcCall.run(Server.java:963) [hadoop-common-3.3.1.jar:?]
	at java.security.AccessController.doPrivileged(Native Method) ~[?:1.8.0_332]
	at javax.security.auth.Subject.doAs(Subject.java:422) [?:1.8.0_332]
	at org.apache.hadoop.security.UserGroupInformation.doAs(UserGroupInformation.java:1878) [hadoop-common-3.3.1.jar:?]
	at org.apache.hadoop.ipc.Server$Handler.run(Server.java:2966) [hadoop-common-3.3.1.jar:?]
]]></system-out>
  </testcase>
  <testcase name="testFileDelete" classname="TestOzoneFileSystem" time="0.2">
    <system-out><![CDATA[01:55:19.526 [IPC Server handler 0 on default port 35175] ERROR OMAudit - user=runner | ip=127.0.0.1 | op=GET_FILE_STATUS {volume=volume18062, bucket=bucket29054, key=testBatchDelete, dataSize=0, replicationConfig=null} | ret=FAILURE
org.apache.hadoop.ozone.om.exceptions.OMException: Unable to get file status: volume: volume18062 bucket: bucket29054 key: testBatchDelete
	at org.apache.hadoop.ozone.om.KeyManagerImpl.getOzoneFileStatus(KeyManagerImpl.java:1311) ~[ozone-manager-1.3.0-SNAPSHOT.jar:?]
	at org.apache.hadoop.ozone.om.KeyManagerImpl.getFileStatus(KeyManagerImpl.java:1241) ~[ozone-manager-1.3.0-SNAPSHOT.jar:?]
	at org.apache.hadoop.ozone.om.OzoneManager.getFileStatus(OzoneManager.java:3467) ~[ozone-manager-1.3.0-SNAPSHOT.jar:?]
	at org.apache.hadoop.ozone.protocolPB.OzoneManagerRequestHandler.getOzoneFileStatus(OzoneManagerRequestHandler.java:878) ~[ozone-manager-1.3.0-SNAPSHOT.jar:?]
	at org.apache.hadoop.ozone.protocolPB.OzoneManagerRequestHandler.handleReadRequest(OzoneManagerRequestHandler.java:224) ~[ozone-manager-1.3.0-SNAPSHOT.jar:?]
	at org.apache.hadoop.ozone.protocolPB.OzoneManagerProtocolServerSideTranslatorPB.submitReadRequestToOM(OzoneManagerProtocolServerSideTranslatorPB.java:226) ~[ozone-manager-1.3.0-SNAPSHOT.jar:?]
	at org.apache.hadoop.ozone.protocolPB.OzoneManagerProtocolServerSideTranslatorPB.processRequest(OzoneManagerProtocolServerSideTranslatorPB.java:175) ~[ozone-manager-1.3.0-SNAPSHOT.jar:?]
	at org.apache.hadoop.hdds.server.OzoneProtocolMessageDispatcher.processRequest(OzoneProtocolMessageDispatcher.java:87) [hdds-server-framework-1.3.0-SNAPSHOT.jar:?]
	at org.apache.hadoop.ozone.protocolPB.OzoneManagerProtocolServerSideTranslatorPB.submitRequest(OzoneManagerProtocolServerSideTranslatorPB.java:147) [ozone-manager-1.3.0-SNAPSHOT.jar:?]
	at org.apache.hadoop.ozone.protocol.proto.OzoneManagerProtocolProtos$OzoneManagerService$2.callBlockingMethod(OzoneManagerProtocolProtos.java) [ozone-interface-client-1.3.0-SNAPSHOT.jar:?]
	at org.apache.hadoop.ipc.ProtobufRpcEngine$Server.processCall(ProtobufRpcEngine.java:466) [hadoop-common-3.3.1.jar:?]
	at org.apache.hadoop.ipc.ProtobufRpcEngine2$Server$ProtoBufRpcInvoker.call(ProtobufRpcEngine2.java:574) [hadoop-common-3.3.1.jar:?]
	at org.apache.hadoop.ipc.ProtobufRpcEngine2$Server$ProtoBufRpcInvoker.call(ProtobufRpcEngine2.java:552) [hadoop-common-3.3.1.jar:?]
	at org.apache.hadoop.ipc.RPC$Server.call(RPC.java:1093) [hadoop-common-3.3.1.jar:?]
	at org.apache.hadoop.ipc.Server$RpcCall.run(Server.java:1035) [hadoop-common-3.3.1.jar:?]
	at org.apache.hadoop.ipc.Server$RpcCall.run(Server.java:963) [hadoop-common-3.3.1.jar:?]
	at java.security.AccessController.doPrivileged(Native Method) ~[?:1.8.0_332]
	at javax.security.auth.Subject.doAs(Subject.java:422) [?:1.8.0_332]
	at org.apache.hadoop.security.UserGroupInformation.doAs(UserGroupInformation.java:1878) [hadoop-common-3.3.1.jar:?]
	at org.apache.hadoop.ipc.Server$Handler.run(Server.java:2966) [hadoop-common-3.3.1.jar:?]
01:55:19.528 [IPC Server handler 1 on default port 35175] ERROR OMAudit - user=runner | ip=127.0.0.1 | op=GET_FILE_STATUS {volume=volume18062, bucket=bucket29054, key=testBatchDelete/parent/child0, dataSize=0, replicationConfig=null} | ret=FAILURE
org.apache.hadoop.ozone.om.exceptions.OMException: Unable to get file status: volume: volume18062 bucket: bucket29054 key: testBatchDelete/parent/child0
	at org.apache.hadoop.ozone.om.KeyManagerImpl.getOzoneFileStatus(KeyManagerImpl.java:1311) ~[ozone-manager-1.3.0-SNAPSHOT.jar:?]
	at org.apache.hadoop.ozone.om.KeyManagerImpl.getFileStatus(KeyManagerImpl.java:1241) ~[ozone-manager-1.3.0-SNAPSHOT.jar:?]
	at org.apache.hadoop.ozone.om.OzoneManager.getFileStatus(OzoneManager.java:3467) ~[ozone-manager-1.3.0-SNAPSHOT.jar:?]
	at org.apache.hadoop.ozone.protocolPB.OzoneManagerRequestHandler.getOzoneFileStatus(OzoneManagerRequestHandler.java:878) ~[ozone-manager-1.3.0-SNAPSHOT.jar:?]
	at org.apache.hadoop.ozone.protocolPB.OzoneManagerRequestHandler.handleReadRequest(OzoneManagerRequestHandler.java:224) ~[ozone-manager-1.3.0-SNAPSHOT.jar:?]
	at org.apache.hadoop.ozone.protocolPB.OzoneManagerProtocolServerSideTranslatorPB.submitReadRequestToOM(OzoneManagerProtocolServerSideTranslatorPB.java:226) ~[ozone-manager-1.3.0-SNAPSHOT.jar:?]
	at org.apache.hadoop.ozone.protocolPB.OzoneManagerProtocolServerSideTranslatorPB.processRequest(OzoneManagerProtocolServerSideTranslatorPB.java:175) ~[ozone-manager-1.3.0-SNAPSHOT.jar:?]
	at org.apache.hadoop.hdds.server.OzoneProtocolMessageDispatcher.processRequest(OzoneProtocolMessageDispatcher.java:87) [hdds-server-framework-1.3.0-SNAPSHOT.jar:?]
	at org.apache.hadoop.ozone.protocolPB.OzoneManagerProtocolServerSideTranslatorPB.submitRequest(OzoneManagerProtocolServerSideTranslatorPB.java:147) [ozone-manager-1.3.0-SNAPSHOT.jar:?]
	at org.apache.hadoop.ozone.protocol.proto.OzoneManagerProtocolProtos$OzoneManagerService$2.callBlockingMethod(OzoneManagerProtocolProtos.java) [ozone-interface-client-1.3.0-SNAPSHOT.jar:?]
	at org.apache.hadoop.ipc.ProtobufRpcEngine$Server.processCall(ProtobufRpcEngine.java:466) [hadoop-common-3.3.1.jar:?]
	at org.apache.hadoop.ipc.ProtobufRpcEngine2$Server$ProtoBufRpcInvoker.call(ProtobufRpcEngine2.java:574) [hadoop-common-3.3.1.jar:?]
	at org.apache.hadoop.ipc.ProtobufRpcEngine2$Server$ProtoBufRpcInvoker.call(ProtobufRpcEngine2.java:552) [hadoop-common-3.3.1.jar:?]
	at org.apache.hadoop.ipc.RPC$Server.call(RPC.java:1093) [hadoop-common-3.3.1.jar:?]
	at org.apache.hadoop.ipc.Server$RpcCall.run(Server.java:1035) [hadoop-common-3.3.1.jar:?]
	at org.apache.hadoop.ipc.Server$RpcCall.run(Server.java:963) [hadoop-common-3.3.1.jar:?]
	at java.security.AccessController.doPrivileged(Native Method) ~[?:1.8.0_332]
	at javax.security.auth.Subject.doAs(Subject.java:422) [?:1.8.0_332]
	at org.apache.hadoop.security.UserGroupInformation.doAs(UserGroupInformation.java:1878) [hadoop-common-3.3.1.jar:?]
	at org.apache.hadoop.ipc.Server$Handler.run(Server.java:2966) [hadoop-common-3.3.1.jar:?]
01:55:19.529 [IPC Server handler 2 on default port 35175] ERROR OMAudit - user=runner | ip=127.0.0.1 | op=GET_FILE_STATUS {volume=volume18062, bucket=bucket29054, key=testBatchDelete/parent/childFolder/child0, dataSize=0, replicationConfig=null} | ret=FAILURE
org.apache.hadoop.ozone.om.exceptions.OMException: Unable to get file status: volume: volume18062 bucket: bucket29054 key: testBatchDelete/parent/childFolder/child0
	at org.apache.hadoop.ozone.om.KeyManagerImpl.getOzoneFileStatus(KeyManagerImpl.java:1311) ~[ozone-manager-1.3.0-SNAPSHOT.jar:?]
	at org.apache.hadoop.ozone.om.KeyManagerImpl.getFileStatus(KeyManagerImpl.java:1241) ~[ozone-manager-1.3.0-SNAPSHOT.jar:?]
	at org.apache.hadoop.ozone.om.OzoneManager.getFileStatus(OzoneManager.java:3467) ~[ozone-manager-1.3.0-SNAPSHOT.jar:?]
	at org.apache.hadoop.ozone.protocolPB.OzoneManagerRequestHandler.getOzoneFileStatus(OzoneManagerRequestHandler.java:878) ~[ozone-manager-1.3.0-SNAPSHOT.jar:?]
	at org.apache.hadoop.ozone.protocolPB.OzoneManagerRequestHandler.handleReadRequest(OzoneManagerRequestHandler.java:224) ~[ozone-manager-1.3.0-SNAPSHOT.jar:?]
	at org.apache.hadoop.ozone.protocolPB.OzoneManagerProtocolServerSideTranslatorPB.submitReadRequestToOM(OzoneManagerProtocolServerSideTranslatorPB.java:226) ~[ozone-manager-1.3.0-SNAPSHOT.jar:?]
	at org.apache.hadoop.ozone.protocolPB.OzoneManagerProtocolServerSideTranslatorPB.processRequest(OzoneManagerProtocolServerSideTranslatorPB.java:175) ~[ozone-manager-1.3.0-SNAPSHOT.jar:?]
	at org.apache.hadoop.hdds.server.OzoneProtocolMessageDispatcher.processRequest(OzoneProtocolMessageDispatcher.java:87) [hdds-server-framework-1.3.0-SNAPSHOT.jar:?]
	at org.apache.hadoop.ozone.protocolPB.OzoneManagerProtocolServerSideTranslatorPB.submitRequest(OzoneManagerProtocolServerSideTranslatorPB.java:147) [ozone-manager-1.3.0-SNAPSHOT.jar:?]
	at org.apache.hadoop.ozone.protocol.proto.OzoneManagerProtocolProtos$OzoneManagerService$2.callBlockingMethod(OzoneManagerProtocolProtos.java) [ozone-interface-client-1.3.0-SNAPSHOT.jar:?]
	at org.apache.hadoop.ipc.ProtobufRpcEngine$Server.processCall(ProtobufRpcEngine.java:466) [hadoop-common-3.3.1.jar:?]
	at org.apache.hadoop.ipc.ProtobufRpcEngine2$Server$ProtoBufRpcInvoker.call(ProtobufRpcEngine2.java:574) [hadoop-common-3.3.1.jar:?]
	at org.apache.hadoop.ipc.ProtobufRpcEngine2$Server$ProtoBufRpcInvoker.call(ProtobufRpcEngine2.java:552) [hadoop-common-3.3.1.jar:?]
	at org.apache.hadoop.ipc.RPC$Server.call(RPC.java:1093) [hadoop-common-3.3.1.jar:?]
	at org.apache.hadoop.ipc.Server$RpcCall.run(Server.java:1035) [hadoop-common-3.3.1.jar:?]
	at org.apache.hadoop.ipc.Server$RpcCall.run(Server.java:963) [hadoop-common-3.3.1.jar:?]
	at java.security.AccessController.doPrivileged(Native Method) ~[?:1.8.0_332]
	at javax.security.auth.Subject.doAs(Subject.java:422) [?:1.8.0_332]
	at org.apache.hadoop.security.UserGroupInformation.doAs(UserGroupInformation.java:1878) [hadoop-common-3.3.1.jar:?]
	at org.apache.hadoop.ipc.Server$Handler.run(Server.java:2966) [hadoop-common-3.3.1.jar:?]
01:55:19.530 [IPC Server handler 4 on default port 35175] ERROR OMAudit - user=runner | ip=127.0.0.1 | op=GET_FILE_STATUS {volume=volume18062, bucket=bucket29054, key=testBatchDelete/parent/child1, dataSize=0, replicationConfig=null} | ret=FAILURE
org.apache.hadoop.ozone.om.exceptions.OMException: Unable to get file status: volume: volume18062 bucket: bucket29054 key: testBatchDelete/parent/child1
	at org.apache.hadoop.ozone.om.KeyManagerImpl.getOzoneFileStatus(KeyManagerImpl.java:1311) ~[ozone-manager-1.3.0-SNAPSHOT.jar:?]
	at org.apache.hadoop.ozone.om.KeyManagerImpl.getFileStatus(KeyManagerImpl.java:1241) ~[ozone-manager-1.3.0-SNAPSHOT.jar:?]
	at org.apache.hadoop.ozone.om.OzoneManager.getFileStatus(OzoneManager.java:3467) ~[ozone-manager-1.3.0-SNAPSHOT.jar:?]
	at org.apache.hadoop.ozone.protocolPB.OzoneManagerRequestHandler.getOzoneFileStatus(OzoneManagerRequestHandler.java:878) ~[ozone-manager-1.3.0-SNAPSHOT.jar:?]
	at org.apache.hadoop.ozone.protocolPB.OzoneManagerRequestHandler.handleReadRequest(OzoneManagerRequestHandler.java:224) ~[ozone-manager-1.3.0-SNAPSHOT.jar:?]
	at org.apache.hadoop.ozone.protocolPB.OzoneManagerProtocolServerSideTranslatorPB.submitReadRequestToOM(OzoneManagerProtocolServerSideTranslatorPB.java:226) ~[ozone-manager-1.3.0-SNAPSHOT.jar:?]
	at org.apache.hadoop.ozone.protocolPB.OzoneManagerProtocolServerSideTranslatorPB.processRequest(OzoneManagerProtocolServerSideTranslatorPB.java:175) ~[ozone-manager-1.3.0-SNAPSHOT.jar:?]
	at org.apache.hadoop.hdds.server.OzoneProtocolMessageDispatcher.processRequest(OzoneProtocolMessageDispatcher.java:87) [hdds-server-framework-1.3.0-SNAPSHOT.jar:?]
	at org.apache.hadoop.ozone.protocolPB.OzoneManagerProtocolServerSideTranslatorPB.submitRequest(OzoneManagerProtocolServerSideTranslatorPB.java:147) [ozone-manager-1.3.0-SNAPSHOT.jar:?]
	at org.apache.hadoop.ozone.protocol.proto.OzoneManagerProtocolProtos$OzoneManagerService$2.callBlockingMethod(OzoneManagerProtocolProtos.java) [ozone-interface-client-1.3.0-SNAPSHOT.jar:?]
	at org.apache.hadoop.ipc.ProtobufRpcEngine$Server.processCall(ProtobufRpcEngine.java:466) [hadoop-common-3.3.1.jar:?]
	at org.apache.hadoop.ipc.ProtobufRpcEngine2$Server$ProtoBufRpcInvoker.call(ProtobufRpcEngine2.java:574) [hadoop-common-3.3.1.jar:?]
	at org.apache.hadoop.ipc.ProtobufRpcEngine2$Server$ProtoBufRpcInvoker.call(ProtobufRpcEngine2.java:552) [hadoop-common-3.3.1.jar:?]
	at org.apache.hadoop.ipc.RPC$Server.call(RPC.java:1093) [hadoop-common-3.3.1.jar:?]
	at org.apache.hadoop.ipc.Server$RpcCall.run(Server.java:1035) [hadoop-common-3.3.1.jar:?]
	at org.apache.hadoop.ipc.Server$RpcCall.run(Server.java:963) [hadoop-common-3.3.1.jar:?]
	at java.security.AccessController.doPrivileged(Native Method) ~[?:1.8.0_332]
	at javax.security.auth.Subject.doAs(Subject.java:422) [?:1.8.0_332]
	at org.apache.hadoop.security.UserGroupInformation.doAs(UserGroupInformation.java:1878) [hadoop-common-3.3.1.jar:?]
	at org.apache.hadoop.ipc.Server$Handler.run(Server.java:2966) [hadoop-common-3.3.1.jar:?]
01:55:19.531 [IPC Server handler 6 on default port 35175] ERROR OMAudit - user=runner | ip=127.0.0.1 | op=GET_FILE_STATUS {volume=volume18062, bucket=bucket29054, key=testBatchDelete/parent/childFolder/child1, dataSize=0, replicationConfig=null} | ret=FAILURE
org.apache.hadoop.ozone.om.exceptions.OMException: Unable to get file status: volume: volume18062 bucket: bucket29054 key: testBatchDelete/parent/childFolder/child1
	at org.apache.hadoop.ozone.om.KeyManagerImpl.getOzoneFileStatus(KeyManagerImpl.java:1311) ~[ozone-manager-1.3.0-SNAPSHOT.jar:?]
	at org.apache.hadoop.ozone.om.KeyManagerImpl.getFileStatus(KeyManagerImpl.java:1241) ~[ozone-manager-1.3.0-SNAPSHOT.jar:?]
	at org.apache.hadoop.ozone.om.OzoneManager.getFileStatus(OzoneManager.java:3467) ~[ozone-manager-1.3.0-SNAPSHOT.jar:?]
	at org.apache.hadoop.ozone.protocolPB.OzoneManagerRequestHandler.getOzoneFileStatus(OzoneManagerRequestHandler.java:878) ~[ozone-manager-1.3.0-SNAPSHOT.jar:?]
	at org.apache.hadoop.ozone.protocolPB.OzoneManagerRequestHandler.handleReadRequest(OzoneManagerRequestHandler.java:224) ~[ozone-manager-1.3.0-SNAPSHOT.jar:?]
	at org.apache.hadoop.ozone.protocolPB.OzoneManagerProtocolServerSideTranslatorPB.submitReadRequestToOM(OzoneManagerProtocolServerSideTranslatorPB.java:226) ~[ozone-manager-1.3.0-SNAPSHOT.jar:?]
	at org.apache.hadoop.ozone.protocolPB.OzoneManagerProtocolServerSideTranslatorPB.processRequest(OzoneManagerProtocolServerSideTranslatorPB.java:175) ~[ozone-manager-1.3.0-SNAPSHOT.jar:?]
	at org.apache.hadoop.hdds.server.OzoneProtocolMessageDispatcher.processRequest(OzoneProtocolMessageDispatcher.java:87) [hdds-server-framework-1.3.0-SNAPSHOT.jar:?]
	at org.apache.hadoop.ozone.protocolPB.OzoneManagerProtocolServerSideTranslatorPB.submitRequest(OzoneManagerProtocolServerSideTranslatorPB.java:147) [ozone-manager-1.3.0-SNAPSHOT.jar:?]
	at org.apache.hadoop.ozone.protocol.proto.OzoneManagerProtocolProtos$OzoneManagerService$2.callBlockingMethod(OzoneManagerProtocolProtos.java) [ozone-interface-client-1.3.0-SNAPSHOT.jar:?]
	at org.apache.hadoop.ipc.ProtobufRpcEngine$Server.processCall(ProtobufRpcEngine.java:466) [hadoop-common-3.3.1.jar:?]
	at org.apache.hadoop.ipc.ProtobufRpcEngine2$Server$ProtoBufRpcInvoker.call(ProtobufRpcEngine2.java:574) [hadoop-common-3.3.1.jar:?]
	at org.apache.hadoop.ipc.ProtobufRpcEngine2$Server$ProtoBufRpcInvoker.call(ProtobufRpcEngine2.java:552) [hadoop-common-3.3.1.jar:?]
	at org.apache.hadoop.ipc.RPC$Server.call(RPC.java:1093) [hadoop-common-3.3.1.jar:?]
	at org.apache.hadoop.ipc.Server$RpcCall.run(Server.java:1035) [hadoop-common-3.3.1.jar:?]
	at org.apache.hadoop.ipc.Server$RpcCall.run(Server.java:963) [hadoop-common-3.3.1.jar:?]
	at java.security.AccessController.doPrivileged(Native Method) ~[?:1.8.0_332]
	at javax.security.auth.Subject.doAs(Subject.java:422) [?:1.8.0_332]
	at org.apache.hadoop.security.UserGroupInformation.doAs(UserGroupInformation.java:1878) [hadoop-common-3.3.1.jar:?]
	at org.apache.hadoop.ipc.Server$Handler.run(Server.java:2966) [hadoop-common-3.3.1.jar:?]
01:55:19.532 [IPC Server handler 7 on default port 35175] ERROR OMAudit - user=runner | ip=127.0.0.1 | op=GET_FILE_STATUS {volume=volume18062, bucket=bucket29054, key=testBatchDelete/parent/child2, dataSize=0, replicationConfig=null} | ret=FAILURE
org.apache.hadoop.ozone.om.exceptions.OMException: Unable to get file status: volume: volume18062 bucket: bucket29054 key: testBatchDelete/parent/child2
	at org.apache.hadoop.ozone.om.KeyManagerImpl.getOzoneFileStatus(KeyManagerImpl.java:1311) ~[ozone-manager-1.3.0-SNAPSHOT.jar:?]
	at org.apache.hadoop.ozone.om.KeyManagerImpl.getFileStatus(KeyManagerImpl.java:1241) ~[ozone-manager-1.3.0-SNAPSHOT.jar:?]
	at org.apache.hadoop.ozone.om.OzoneManager.getFileStatus(OzoneManager.java:3467) ~[ozone-manager-1.3.0-SNAPSHOT.jar:?]
	at org.apache.hadoop.ozone.protocolPB.OzoneManagerRequestHandler.getOzoneFileStatus(OzoneManagerRequestHandler.java:878) ~[ozone-manager-1.3.0-SNAPSHOT.jar:?]
	at org.apache.hadoop.ozone.protocolPB.OzoneManagerRequestHandler.handleReadRequest(OzoneManagerRequestHandler.java:224) ~[ozone-manager-1.3.0-SNAPSHOT.jar:?]
	at org.apache.hadoop.ozone.protocolPB.OzoneManagerProtocolServerSideTranslatorPB.submitReadRequestToOM(OzoneManagerProtocolServerSideTranslatorPB.java:226) ~[ozone-manager-1.3.0-SNAPSHOT.jar:?]
	at org.apache.hadoop.ozone.protocolPB.OzoneManagerProtocolServerSideTranslatorPB.processRequest(OzoneManagerProtocolServerSideTranslatorPB.java:175) ~[ozone-manager-1.3.0-SNAPSHOT.jar:?]
	at org.apache.hadoop.hdds.server.OzoneProtocolMessageDispatcher.processRequest(OzoneProtocolMessageDispatcher.java:87) [hdds-server-framework-1.3.0-SNAPSHOT.jar:?]
	at org.apache.hadoop.ozone.protocolPB.OzoneManagerProtocolServerSideTranslatorPB.submitRequest(OzoneManagerProtocolServerSideTranslatorPB.java:147) [ozone-manager-1.3.0-SNAPSHOT.jar:?]
	at org.apache.hadoop.ozone.protocol.proto.OzoneManagerProtocolProtos$OzoneManagerService$2.callBlockingMethod(OzoneManagerProtocolProtos.java) [ozone-interface-client-1.3.0-SNAPSHOT.jar:?]
	at org.apache.hadoop.ipc.ProtobufRpcEngine$Server.processCall(ProtobufRpcEngine.java:466) [hadoop-common-3.3.1.jar:?]
	at org.apache.hadoop.ipc.ProtobufRpcEngine2$Server$ProtoBufRpcInvoker.call(ProtobufRpcEngine2.java:574) [hadoop-common-3.3.1.jar:?]
	at org.apache.hadoop.ipc.ProtobufRpcEngine2$Server$ProtoBufRpcInvoker.call(ProtobufRpcEngine2.java:552) [hadoop-common-3.3.1.jar:?]
	at org.apache.hadoop.ipc.RPC$Server.call(RPC.java:1093) [hadoop-common-3.3.1.jar:?]
	at org.apache.hadoop.ipc.Server$RpcCall.run(Server.java:1035) [hadoop-common-3.3.1.jar:?]
	at org.apache.hadoop.ipc.Server$RpcCall.run(Server.java:963) [hadoop-common-3.3.1.jar:?]
	at java.security.AccessController.doPrivileged(Native Method) ~[?:1.8.0_332]
	at javax.security.auth.Subject.doAs(Subject.java:422) [?:1.8.0_332]
	at org.apache.hadoop.security.UserGroupInformation.doAs(UserGroupInformation.java:1878) [hadoop-common-3.3.1.jar:?]
	at org.apache.hadoop.ipc.Server$Handler.run(Server.java:2966) [hadoop-common-3.3.1.jar:?]
01:55:19.533 [IPC Server handler 5 on default port 35175] ERROR OMAudit - user=runner | ip=127.0.0.1 | op=GET_FILE_STATUS {volume=volume18062, bucket=bucket29054, key=testBatchDelete/parent/childFolder/child2, dataSize=0, replicationConfig=null} | ret=FAILURE
org.apache.hadoop.ozone.om.exceptions.OMException: Unable to get file status: volume: volume18062 bucket: bucket29054 key: testBatchDelete/parent/childFolder/child2
	at org.apache.hadoop.ozone.om.KeyManagerImpl.getOzoneFileStatus(KeyManagerImpl.java:1311) ~[ozone-manager-1.3.0-SNAPSHOT.jar:?]
	at org.apache.hadoop.ozone.om.KeyManagerImpl.getFileStatus(KeyManagerImpl.java:1241) ~[ozone-manager-1.3.0-SNAPSHOT.jar:?]
	at org.apache.hadoop.ozone.om.OzoneManager.getFileStatus(OzoneManager.java:3467) ~[ozone-manager-1.3.0-SNAPSHOT.jar:?]
	at org.apache.hadoop.ozone.protocolPB.OzoneManagerRequestHandler.getOzoneFileStatus(OzoneManagerRequestHandler.java:878) ~[ozone-manager-1.3.0-SNAPSHOT.jar:?]
	at org.apache.hadoop.ozone.protocolPB.OzoneManagerRequestHandler.handleReadRequest(OzoneManagerRequestHandler.java:224) ~[ozone-manager-1.3.0-SNAPSHOT.jar:?]
	at org.apache.hadoop.ozone.protocolPB.OzoneManagerProtocolServerSideTranslatorPB.submitReadRequestToOM(OzoneManagerProtocolServerSideTranslatorPB.java:226) ~[ozone-manager-1.3.0-SNAPSHOT.jar:?]
	at org.apache.hadoop.ozone.protocolPB.OzoneManagerProtocolServerSideTranslatorPB.processRequest(OzoneManagerProtocolServerSideTranslatorPB.java:175) ~[ozone-manager-1.3.0-SNAPSHOT.jar:?]
	at org.apache.hadoop.hdds.server.OzoneProtocolMessageDispatcher.processRequest(OzoneProtocolMessageDispatcher.java:87) [hdds-server-framework-1.3.0-SNAPSHOT.jar:?]
	at org.apache.hadoop.ozone.protocolPB.OzoneManagerProtocolServerSideTranslatorPB.submitRequest(OzoneManagerProtocolServerSideTranslatorPB.java:147) [ozone-manager-1.3.0-SNAPSHOT.jar:?]
	at org.apache.hadoop.ozone.protocol.proto.OzoneManagerProtocolProtos$OzoneManagerService$2.callBlockingMethod(OzoneManagerProtocolProtos.java) [ozone-interface-client-1.3.0-SNAPSHOT.jar:?]
	at org.apache.hadoop.ipc.ProtobufRpcEngine$Server.processCall(ProtobufRpcEngine.java:466) [hadoop-common-3.3.1.jar:?]
	at org.apache.hadoop.ipc.ProtobufRpcEngine2$Server$ProtoBufRpcInvoker.call(ProtobufRpcEngine2.java:574) [hadoop-common-3.3.1.jar:?]
	at org.apache.hadoop.ipc.ProtobufRpcEngine2$Server$ProtoBufRpcInvoker.call(ProtobufRpcEngine2.java:552) [hadoop-common-3.3.1.jar:?]
	at org.apache.hadoop.ipc.RPC$Server.call(RPC.java:1093) [hadoop-common-3.3.1.jar:?]
	at org.apache.hadoop.ipc.Server$RpcCall.run(Server.java:1035) [hadoop-common-3.3.1.jar:?]
	at org.apache.hadoop.ipc.Server$RpcCall.run(Server.java:963) [hadoop-common-3.3.1.jar:?]
	at java.security.AccessController.doPrivileged(Native Method) ~[?:1.8.0_332]
	at javax.security.auth.Subject.doAs(Subject.java:422) [?:1.8.0_332]
	at org.apache.hadoop.security.UserGroupInformation.doAs(UserGroupInformation.java:1878) [hadoop-common-3.3.1.jar:?]
	at org.apache.hadoop.ipc.Server$Handler.run(Server.java:2966) [hadoop-common-3.3.1.jar:?]
01:55:19.534 [IPC Server handler 13 on default port 35175] ERROR OMAudit - user=runner | ip=127.0.0.1 | op=GET_FILE_STATUS {volume=volume18062, bucket=bucket29054, key=testBatchDelete/parent/child3, dataSize=0, replicationConfig=null} | ret=FAILURE
org.apache.hadoop.ozone.om.exceptions.OMException: Unable to get file status: volume: volume18062 bucket: bucket29054 key: testBatchDelete/parent/child3
	at org.apache.hadoop.ozone.om.KeyManagerImpl.getOzoneFileStatus(KeyManagerImpl.java:1311) ~[ozone-manager-1.3.0-SNAPSHOT.jar:?]
	at org.apache.hadoop.ozone.om.KeyManagerImpl.getFileStatus(KeyManagerImpl.java:1241) ~[ozone-manager-1.3.0-SNAPSHOT.jar:?]
	at org.apache.hadoop.ozone.om.OzoneManager.getFileStatus(OzoneManager.java:3467) ~[ozone-manager-1.3.0-SNAPSHOT.jar:?]
	at org.apache.hadoop.ozone.protocolPB.OzoneManagerRequestHandler.getOzoneFileStatus(OzoneManagerRequestHandler.java:878) ~[ozone-manager-1.3.0-SNAPSHOT.jar:?]
	at org.apache.hadoop.ozone.protocolPB.OzoneManagerRequestHandler.handleReadRequest(OzoneManagerRequestHandler.java:224) ~[ozone-manager-1.3.0-SNAPSHOT.jar:?]
	at org.apache.hadoop.ozone.protocolPB.OzoneManagerProtocolServerSideTranslatorPB.submitReadRequestToOM(OzoneManagerProtocolServerSideTranslatorPB.java:226) ~[ozone-manager-1.3.0-SNAPSHOT.jar:?]
	at org.apache.hadoop.ozone.protocolPB.OzoneManagerProtocolServerSideTranslatorPB.processRequest(OzoneManagerProtocolServerSideTranslatorPB.java:175) ~[ozone-manager-1.3.0-SNAPSHOT.jar:?]
	at org.apache.hadoop.hdds.server.OzoneProtocolMessageDispatcher.processRequest(OzoneProtocolMessageDispatcher.java:87) [hdds-server-framework-1.3.0-SNAPSHOT.jar:?]
	at org.apache.hadoop.ozone.protocolPB.OzoneManagerProtocolServerSideTranslatorPB.submitRequest(OzoneManagerProtocolServerSideTranslatorPB.java:147) [ozone-manager-1.3.0-SNAPSHOT.jar:?]
	at org.apache.hadoop.ozone.protocol.proto.OzoneManagerProtocolProtos$OzoneManagerService$2.callBlockingMethod(OzoneManagerProtocolProtos.java) [ozone-interface-client-1.3.0-SNAPSHOT.jar:?]
	at org.apache.hadoop.ipc.ProtobufRpcEngine$Server.processCall(ProtobufRpcEngine.java:466) [hadoop-common-3.3.1.jar:?]
	at org.apache.hadoop.ipc.ProtobufRpcEngine2$Server$ProtoBufRpcInvoker.call(ProtobufRpcEngine2.java:574) [hadoop-common-3.3.1.jar:?]
	at org.apache.hadoop.ipc.ProtobufRpcEngine2$Server$ProtoBufRpcInvoker.call(ProtobufRpcEngine2.java:552) [hadoop-common-3.3.1.jar:?]
	at org.apache.hadoop.ipc.RPC$Server.call(RPC.java:1093) [hadoop-common-3.3.1.jar:?]
	at org.apache.hadoop.ipc.Server$RpcCall.run(Server.java:1035) [hadoop-common-3.3.1.jar:?]
	at org.apache.hadoop.ipc.Server$RpcCall.run(Server.java:963) [hadoop-common-3.3.1.jar:?]
	at java.security.AccessController.doPrivileged(Native Method) ~[?:1.8.0_332]
	at javax.security.auth.Subject.doAs(Subject.java:422) [?:1.8.0_332]
	at org.apache.hadoop.security.UserGroupInformation.doAs(UserGroupInformation.java:1878) [hadoop-common-3.3.1.jar:?]
	at org.apache.hadoop.ipc.Server$Handler.run(Server.java:2966) [hadoop-common-3.3.1.jar:?]
01:55:19.535 [IPC Server handler 14 on default port 35175] ERROR OMAudit - user=runner | ip=127.0.0.1 | op=GET_FILE_STATUS {volume=volume18062, bucket=bucket29054, key=testBatchDelete/parent/childFolder/child3, dataSize=0, replicationConfig=null} | ret=FAILURE
org.apache.hadoop.ozone.om.exceptions.OMException: Unable to get file status: volume: volume18062 bucket: bucket29054 key: testBatchDelete/parent/childFolder/child3
	at org.apache.hadoop.ozone.om.KeyManagerImpl.getOzoneFileStatus(KeyManagerImpl.java:1311) ~[ozone-manager-1.3.0-SNAPSHOT.jar:?]
	at org.apache.hadoop.ozone.om.KeyManagerImpl.getFileStatus(KeyManagerImpl.java:1241) ~[ozone-manager-1.3.0-SNAPSHOT.jar:?]
	at org.apache.hadoop.ozone.om.OzoneManager.getFileStatus(OzoneManager.java:3467) ~[ozone-manager-1.3.0-SNAPSHOT.jar:?]
	at org.apache.hadoop.ozone.protocolPB.OzoneManagerRequestHandler.getOzoneFileStatus(OzoneManagerRequestHandler.java:878) ~[ozone-manager-1.3.0-SNAPSHOT.jar:?]
	at org.apache.hadoop.ozone.protocolPB.OzoneManagerRequestHandler.handleReadRequest(OzoneManagerRequestHandler.java:224) ~[ozone-manager-1.3.0-SNAPSHOT.jar:?]
	at org.apache.hadoop.ozone.protocolPB.OzoneManagerProtocolServerSideTranslatorPB.submitReadRequestToOM(OzoneManagerProtocolServerSideTranslatorPB.java:226) ~[ozone-manager-1.3.0-SNAPSHOT.jar:?]
	at org.apache.hadoop.ozone.protocolPB.OzoneManagerProtocolServerSideTranslatorPB.processRequest(OzoneManagerProtocolServerSideTranslatorPB.java:175) ~[ozone-manager-1.3.0-SNAPSHOT.jar:?]
	at org.apache.hadoop.hdds.server.OzoneProtocolMessageDispatcher.processRequest(OzoneProtocolMessageDispatcher.java:87) [hdds-server-framework-1.3.0-SNAPSHOT.jar:?]
	at org.apache.hadoop.ozone.protocolPB.OzoneManagerProtocolServerSideTranslatorPB.submitRequest(OzoneManagerProtocolServerSideTranslatorPB.java:147) [ozone-manager-1.3.0-SNAPSHOT.jar:?]
	at org.apache.hadoop.ozone.protocol.proto.OzoneManagerProtocolProtos$OzoneManagerService$2.callBlockingMethod(OzoneManagerProtocolProtos.java) [ozone-interface-client-1.3.0-SNAPSHOT.jar:?]
	at org.apache.hadoop.ipc.ProtobufRpcEngine$Server.processCall(ProtobufRpcEngine.java:466) [hadoop-common-3.3.1.jar:?]
	at org.apache.hadoop.ipc.ProtobufRpcEngine2$Server$ProtoBufRpcInvoker.call(ProtobufRpcEngine2.java:574) [hadoop-common-3.3.1.jar:?]
	at org.apache.hadoop.ipc.ProtobufRpcEngine2$Server$ProtoBufRpcInvoker.call(ProtobufRpcEngine2.java:552) [hadoop-common-3.3.1.jar:?]
	at org.apache.hadoop.ipc.RPC$Server.call(RPC.java:1093) [hadoop-common-3.3.1.jar:?]
	at org.apache.hadoop.ipc.Server$RpcCall.run(Server.java:1035) [hadoop-common-3.3.1.jar:?]
	at org.apache.hadoop.ipc.Server$RpcCall.run(Server.java:963) [hadoop-common-3.3.1.jar:?]
	at java.security.AccessController.doPrivileged(Native Method) ~[?:1.8.0_332]
	at javax.security.auth.Subject.doAs(Subject.java:422) [?:1.8.0_332]
	at org.apache.hadoop.security.UserGroupInformation.doAs(UserGroupInformation.java:1878) [hadoop-common-3.3.1.jar:?]
	at org.apache.hadoop.ipc.Server$Handler.run(Server.java:2966) [hadoop-common-3.3.1.jar:?]
01:55:19.536 [IPC Server handler 10 on default port 35175] ERROR OMAudit - user=runner | ip=127.0.0.1 | op=GET_FILE_STATUS {volume=volume18062, bucket=bucket29054, key=testBatchDelete/parent/child4, dataSize=0, replicationConfig=null} | ret=FAILURE
org.apache.hadoop.ozone.om.exceptions.OMException: Unable to get file status: volume: volume18062 bucket: bucket29054 key: testBatchDelete/parent/child4
	at org.apache.hadoop.ozone.om.KeyManagerImpl.getOzoneFileStatus(KeyManagerImpl.java:1311) ~[ozone-manager-1.3.0-SNAPSHOT.jar:?]
	at org.apache.hadoop.ozone.om.KeyManagerImpl.getFileStatus(KeyManagerImpl.java:1241) ~[ozone-manager-1.3.0-SNAPSHOT.jar:?]
	at org.apache.hadoop.ozone.om.OzoneManager.getFileStatus(OzoneManager.java:3467) ~[ozone-manager-1.3.0-SNAPSHOT.jar:?]
	at org.apache.hadoop.ozone.protocolPB.OzoneManagerRequestHandler.getOzoneFileStatus(OzoneManagerRequestHandler.java:878) ~[ozone-manager-1.3.0-SNAPSHOT.jar:?]
	at org.apache.hadoop.ozone.protocolPB.OzoneManagerRequestHandler.handleReadRequest(OzoneManagerRequestHandler.java:224) ~[ozone-manager-1.3.0-SNAPSHOT.jar:?]
	at org.apache.hadoop.ozone.protocolPB.OzoneManagerProtocolServerSideTranslatorPB.submitReadRequestToOM(OzoneManagerProtocolServerSideTranslatorPB.java:226) ~[ozone-manager-1.3.0-SNAPSHOT.jar:?]
	at org.apache.hadoop.ozone.protocolPB.OzoneManagerProtocolServerSideTranslatorPB.processRequest(OzoneManagerProtocolServerSideTranslatorPB.java:175) ~[ozone-manager-1.3.0-SNAPSHOT.jar:?]
	at org.apache.hadoop.hdds.server.OzoneProtocolMessageDispatcher.processRequest(OzoneProtocolMessageDispatcher.java:87) [hdds-server-framework-1.3.0-SNAPSHOT.jar:?]
	at org.apache.hadoop.ozone.protocolPB.OzoneManagerProtocolServerSideTranslatorPB.submitRequest(OzoneManagerProtocolServerSideTranslatorPB.java:147) [ozone-manager-1.3.0-SNAPSHOT.jar:?]
	at org.apache.hadoop.ozone.protocol.proto.OzoneManagerProtocolProtos$OzoneManagerService$2.callBlockingMethod(OzoneManagerProtocolProtos.java) [ozone-interface-client-1.3.0-SNAPSHOT.jar:?]
	at org.apache.hadoop.ipc.ProtobufRpcEngine$Server.processCall(ProtobufRpcEngine.java:466) [hadoop-common-3.3.1.jar:?]
	at org.apache.hadoop.ipc.ProtobufRpcEngine2$Server$ProtoBufRpcInvoker.call(ProtobufRpcEngine2.java:574) [hadoop-common-3.3.1.jar:?]
	at org.apache.hadoop.ipc.ProtobufRpcEngine2$Server$ProtoBufRpcInvoker.call(ProtobufRpcEngine2.java:552) [hadoop-common-3.3.1.jar:?]
	at org.apache.hadoop.ipc.RPC$Server.call(RPC.java:1093) [hadoop-common-3.3.1.jar:?]
	at org.apache.hadoop.ipc.Server$RpcCall.run(Server.java:1035) [hadoop-common-3.3.1.jar:?]
	at org.apache.hadoop.ipc.Server$RpcCall.run(Server.java:963) [hadoop-common-3.3.1.jar:?]
	at java.security.AccessController.doPrivileged(Native Method) ~[?:1.8.0_332]
	at javax.security.auth.Subject.doAs(Subject.java:422) [?:1.8.0_332]
	at org.apache.hadoop.security.UserGroupInformation.doAs(UserGroupInformation.java:1878) [hadoop-common-3.3.1.jar:?]
	at org.apache.hadoop.ipc.Server$Handler.run(Server.java:2966) [hadoop-common-3.3.1.jar:?]
01:55:19.537 [IPC Server handler 15 on default port 35175] ERROR OMAudit - user=runner | ip=127.0.0.1 | op=GET_FILE_STATUS {volume=volume18062, bucket=bucket29054, key=testBatchDelete/parent/childFolder/child4, dataSize=0, replicationConfig=null} | ret=FAILURE
org.apache.hadoop.ozone.om.exceptions.OMException: Unable to get file status: volume: volume18062 bucket: bucket29054 key: testBatchDelete/parent/childFolder/child4
	at org.apache.hadoop.ozone.om.KeyManagerImpl.getOzoneFileStatus(KeyManagerImpl.java:1311) ~[ozone-manager-1.3.0-SNAPSHOT.jar:?]
	at org.apache.hadoop.ozone.om.KeyManagerImpl.getFileStatus(KeyManagerImpl.java:1241) ~[ozone-manager-1.3.0-SNAPSHOT.jar:?]
	at org.apache.hadoop.ozone.om.OzoneManager.getFileStatus(OzoneManager.java:3467) ~[ozone-manager-1.3.0-SNAPSHOT.jar:?]
	at org.apache.hadoop.ozone.protocolPB.OzoneManagerRequestHandler.getOzoneFileStatus(OzoneManagerRequestHandler.java:878) ~[ozone-manager-1.3.0-SNAPSHOT.jar:?]
	at org.apache.hadoop.ozone.protocolPB.OzoneManagerRequestHandler.handleReadRequest(OzoneManagerRequestHandler.java:224) ~[ozone-manager-1.3.0-SNAPSHOT.jar:?]
	at org.apache.hadoop.ozone.protocolPB.OzoneManagerProtocolServerSideTranslatorPB.submitReadRequestToOM(OzoneManagerProtocolServerSideTranslatorPB.java:226) ~[ozone-manager-1.3.0-SNAPSHOT.jar:?]
	at org.apache.hadoop.ozone.protocolPB.OzoneManagerProtocolServerSideTranslatorPB.processRequest(OzoneManagerProtocolServerSideTranslatorPB.java:175) ~[ozone-manager-1.3.0-SNAPSHOT.jar:?]
	at org.apache.hadoop.hdds.server.OzoneProtocolMessageDispatcher.processRequest(OzoneProtocolMessageDispatcher.java:87) [hdds-server-framework-1.3.0-SNAPSHOT.jar:?]
	at org.apache.hadoop.ozone.protocolPB.OzoneManagerProtocolServerSideTranslatorPB.submitRequest(OzoneManagerProtocolServerSideTranslatorPB.java:147) [ozone-manager-1.3.0-SNAPSHOT.jar:?]
	at org.apache.hadoop.ozone.protocol.proto.OzoneManagerProtocolProtos$OzoneManagerService$2.callBlockingMethod(OzoneManagerProtocolProtos.java) [ozone-interface-client-1.3.0-SNAPSHOT.jar:?]
	at org.apache.hadoop.ipc.ProtobufRpcEngine$Server.processCall(ProtobufRpcEngine.java:466) [hadoop-common-3.3.1.jar:?]
	at org.apache.hadoop.ipc.ProtobufRpcEngine2$Server$ProtoBufRpcInvoker.call(ProtobufRpcEngine2.java:574) [hadoop-common-3.3.1.jar:?]
	at org.apache.hadoop.ipc.ProtobufRpcEngine2$Server$ProtoBufRpcInvoker.call(ProtobufRpcEngine2.java:552) [hadoop-common-3.3.1.jar:?]
	at org.apache.hadoop.ipc.RPC$Server.call(RPC.java:1093) [hadoop-common-3.3.1.jar:?]
	at org.apache.hadoop.ipc.Server$RpcCall.run(Server.java:1035) [hadoop-common-3.3.1.jar:?]
	at org.apache.hadoop.ipc.Server$RpcCall.run(Server.java:963) [hadoop-common-3.3.1.jar:?]
	at java.security.AccessController.doPrivileged(Native Method) ~[?:1.8.0_332]
	at javax.security.auth.Subject.doAs(Subject.java:422) [?:1.8.0_332]
	at org.apache.hadoop.security.UserGroupInformation.doAs(UserGroupInformation.java:1878) [hadoop-common-3.3.1.jar:?]
	at org.apache.hadoop.ipc.Server$Handler.run(Server.java:2966) [hadoop-common-3.3.1.jar:?]
01:55:19.538 [IPC Server handler 18 on default port 35175] ERROR OMAudit - user=runner | ip=127.0.0.1 | op=GET_FILE_STATUS {volume=volume18062, bucket=bucket29054, key=testBatchDelete/parent/child5, dataSize=0, replicationConfig=null} | ret=FAILURE
org.apache.hadoop.ozone.om.exceptions.OMException: Unable to get file status: volume: volume18062 bucket: bucket29054 key: testBatchDelete/parent/child5
	at org.apache.hadoop.ozone.om.KeyManagerImpl.getOzoneFileStatus(KeyManagerImpl.java:1311) ~[ozone-manager-1.3.0-SNAPSHOT.jar:?]
	at org.apache.hadoop.ozone.om.KeyManagerImpl.getFileStatus(KeyManagerImpl.java:1241) ~[ozone-manager-1.3.0-SNAPSHOT.jar:?]
	at org.apache.hadoop.ozone.om.OzoneManager.getFileStatus(OzoneManager.java:3467) ~[ozone-manager-1.3.0-SNAPSHOT.jar:?]
	at org.apache.hadoop.ozone.protocolPB.OzoneManagerRequestHandler.getOzoneFileStatus(OzoneManagerRequestHandler.java:878) ~[ozone-manager-1.3.0-SNAPSHOT.jar:?]
	at org.apache.hadoop.ozone.protocolPB.OzoneManagerRequestHandler.handleReadRequest(OzoneManagerRequestHandler.java:224) ~[ozone-manager-1.3.0-SNAPSHOT.jar:?]
	at org.apache.hadoop.ozone.protocolPB.OzoneManagerProtocolServerSideTranslatorPB.submitReadRequestToOM(OzoneManagerProtocolServerSideTranslatorPB.java:226) ~[ozone-manager-1.3.0-SNAPSHOT.jar:?]
	at org.apache.hadoop.ozone.protocolPB.OzoneManagerProtocolServerSideTranslatorPB.processRequest(OzoneManagerProtocolServerSideTranslatorPB.java:175) ~[ozone-manager-1.3.0-SNAPSHOT.jar:?]
	at org.apache.hadoop.hdds.server.OzoneProtocolMessageDispatcher.processRequest(OzoneProtocolMessageDispatcher.java:87) [hdds-server-framework-1.3.0-SNAPSHOT.jar:?]
	at org.apache.hadoop.ozone.protocolPB.OzoneManagerProtocolServerSideTranslatorPB.submitRequest(OzoneManagerProtocolServerSideTranslatorPB.java:147) [ozone-manager-1.3.0-SNAPSHOT.jar:?]
	at org.apache.hadoop.ozone.protocol.proto.OzoneManagerProtocolProtos$OzoneManagerService$2.callBlockingMethod(OzoneManagerProtocolProtos.java) [ozone-interface-client-1.3.0-SNAPSHOT.jar:?]
	at org.apache.hadoop.ipc.ProtobufRpcEngine$Server.processCall(ProtobufRpcEngine.java:466) [hadoop-common-3.3.1.jar:?]
	at org.apache.hadoop.ipc.ProtobufRpcEngine2$Server$ProtoBufRpcInvoker.call(ProtobufRpcEngine2.java:574) [hadoop-common-3.3.1.jar:?]
	at org.apache.hadoop.ipc.ProtobufRpcEngine2$Server$ProtoBufRpcInvoker.call(ProtobufRpcEngine2.java:552) [hadoop-common-3.3.1.jar:?]
	at org.apache.hadoop.ipc.RPC$Server.call(RPC.java:1093) [hadoop-common-3.3.1.jar:?]
	at org.apache.hadoop.ipc.Server$RpcCall.run(Server.java:1035) [hadoop-common-3.3.1.jar:?]
	at org.apache.hadoop.ipc.Server$RpcCall.run(Server.java:963) [hadoop-common-3.3.1.jar:?]
	at java.security.AccessController.doPrivileged(Native Method) ~[?:1.8.0_332]
	at javax.security.auth.Subject.doAs(Subject.java:422) [?:1.8.0_332]
	at org.apache.hadoop.security.UserGroupInformation.doAs(UserGroupInformation.java:1878) [hadoop-common-3.3.1.jar:?]
	at org.apache.hadoop.ipc.Server$Handler.run(Server.java:2966) [hadoop-common-3.3.1.jar:?]
01:55:19.539 [IPC Server handler 16 on default port 35175] ERROR OMAudit - user=runner | ip=127.0.0.1 | op=GET_FILE_STATUS {volume=volume18062, bucket=bucket29054, key=testBatchDelete/parent/childFolder/child5, dataSize=0, replicationConfig=null} | ret=FAILURE
org.apache.hadoop.ozone.om.exceptions.OMException: Unable to get file status: volume: volume18062 bucket: bucket29054 key: testBatchDelete/parent/childFolder/child5
	at org.apache.hadoop.ozone.om.KeyManagerImpl.getOzoneFileStatus(KeyManagerImpl.java:1311) ~[ozone-manager-1.3.0-SNAPSHOT.jar:?]
	at org.apache.hadoop.ozone.om.KeyManagerImpl.getFileStatus(KeyManagerImpl.java:1241) ~[ozone-manager-1.3.0-SNAPSHOT.jar:?]
	at org.apache.hadoop.ozone.om.OzoneManager.getFileStatus(OzoneManager.java:3467) ~[ozone-manager-1.3.0-SNAPSHOT.jar:?]
	at org.apache.hadoop.ozone.protocolPB.OzoneManagerRequestHandler.getOzoneFileStatus(OzoneManagerRequestHandler.java:878) ~[ozone-manager-1.3.0-SNAPSHOT.jar:?]
	at org.apache.hadoop.ozone.protocolPB.OzoneManagerRequestHandler.handleReadRequest(OzoneManagerRequestHandler.java:224) ~[ozone-manager-1.3.0-SNAPSHOT.jar:?]
	at org.apache.hadoop.ozone.protocolPB.OzoneManagerProtocolServerSideTranslatorPB.submitReadRequestToOM(OzoneManagerProtocolServerSideTranslatorPB.java:226) ~[ozone-manager-1.3.0-SNAPSHOT.jar:?]
	at org.apache.hadoop.ozone.protocolPB.OzoneManagerProtocolServerSideTranslatorPB.processRequest(OzoneManagerProtocolServerSideTranslatorPB.java:175) ~[ozone-manager-1.3.0-SNAPSHOT.jar:?]
	at org.apache.hadoop.hdds.server.OzoneProtocolMessageDispatcher.processRequest(OzoneProtocolMessageDispatcher.java:87) [hdds-server-framework-1.3.0-SNAPSHOT.jar:?]
	at org.apache.hadoop.ozone.protocolPB.OzoneManagerProtocolServerSideTranslatorPB.submitRequest(OzoneManagerProtocolServerSideTranslatorPB.java:147) [ozone-manager-1.3.0-SNAPSHOT.jar:?]
	at org.apache.hadoop.ozone.protocol.proto.OzoneManagerProtocolProtos$OzoneManagerService$2.callBlockingMethod(OzoneManagerProtocolProtos.java) [ozone-interface-client-1.3.0-SNAPSHOT.jar:?]
	at org.apache.hadoop.ipc.ProtobufRpcEngine$Server.processCall(ProtobufRpcEngine.java:466) [hadoop-common-3.3.1.jar:?]
	at org.apache.hadoop.ipc.ProtobufRpcEngine2$Server$ProtoBufRpcInvoker.call(ProtobufRpcEngine2.java:574) [hadoop-common-3.3.1.jar:?]
	at org.apache.hadoop.ipc.ProtobufRpcEngine2$Server$ProtoBufRpcInvoker.call(ProtobufRpcEngine2.java:552) [hadoop-common-3.3.1.jar:?]
	at org.apache.hadoop.ipc.RPC$Server.call(RPC.java:1093) [hadoop-common-3.3.1.jar:?]
	at org.apache.hadoop.ipc.Server$RpcCall.run(Server.java:1035) [hadoop-common-3.3.1.jar:?]
	at org.apache.hadoop.ipc.Server$RpcCall.run(Server.java:963) [hadoop-common-3.3.1.jar:?]
	at java.security.AccessController.doPrivileged(Native Method) ~[?:1.8.0_332]
	at javax.security.auth.Subject.doAs(Subject.java:422) [?:1.8.0_332]
	at org.apache.hadoop.security.UserGroupInformation.doAs(UserGroupInformation.java:1878) [hadoop-common-3.3.1.jar:?]
	at org.apache.hadoop.ipc.Server$Handler.run(Server.java:2966) [hadoop-common-3.3.1.jar:?]
01:55:19.540 [IPC Server handler 9 on default port 35175] ERROR OMAudit - user=runner | ip=127.0.0.1 | op=GET_FILE_STATUS {volume=volume18062, bucket=bucket29054, key=testBatchDelete/parent/child6, dataSize=0, replicationConfig=null} | ret=FAILURE
org.apache.hadoop.ozone.om.exceptions.OMException: Unable to get file status: volume: volume18062 bucket: bucket29054 key: testBatchDelete/parent/child6
	at org.apache.hadoop.ozone.om.KeyManagerImpl.getOzoneFileStatus(KeyManagerImpl.java:1311) ~[ozone-manager-1.3.0-SNAPSHOT.jar:?]
	at org.apache.hadoop.ozone.om.KeyManagerImpl.getFileStatus(KeyManagerImpl.java:1241) ~[ozone-manager-1.3.0-SNAPSHOT.jar:?]
	at org.apache.hadoop.ozone.om.OzoneManager.getFileStatus(OzoneManager.java:3467) ~[ozone-manager-1.3.0-SNAPSHOT.jar:?]
	at org.apache.hadoop.ozone.protocolPB.OzoneManagerRequestHandler.getOzoneFileStatus(OzoneManagerRequestHandler.java:878) ~[ozone-manager-1.3.0-SNAPSHOT.jar:?]
	at org.apache.hadoop.ozone.protocolPB.OzoneManagerRequestHandler.handleReadRequest(OzoneManagerRequestHandler.java:224) ~[ozone-manager-1.3.0-SNAPSHOT.jar:?]
	at org.apache.hadoop.ozone.protocolPB.OzoneManagerProtocolServerSideTranslatorPB.submitReadRequestToOM(OzoneManagerProtocolServerSideTranslatorPB.java:226) ~[ozone-manager-1.3.0-SNAPSHOT.jar:?]
	at org.apache.hadoop.ozone.protocolPB.OzoneManagerProtocolServerSideTranslatorPB.processRequest(OzoneManagerProtocolServerSideTranslatorPB.java:175) ~[ozone-manager-1.3.0-SNAPSHOT.jar:?]
	at org.apache.hadoop.hdds.server.OzoneProtocolMessageDispatcher.processRequest(OzoneProtocolMessageDispatcher.java:87) [hdds-server-framework-1.3.0-SNAPSHOT.jar:?]
	at org.apache.hadoop.ozone.protocolPB.OzoneManagerProtocolServerSideTranslatorPB.submitRequest(OzoneManagerProtocolServerSideTranslatorPB.java:147) [ozone-manager-1.3.0-SNAPSHOT.jar:?]
	at org.apache.hadoop.ozone.protocol.proto.OzoneManagerProtocolProtos$OzoneManagerService$2.callBlockingMethod(OzoneManagerProtocolProtos.java) [ozone-interface-client-1.3.0-SNAPSHOT.jar:?]
	at org.apache.hadoop.ipc.ProtobufRpcEngine$Server.processCall(ProtobufRpcEngine.java:466) [hadoop-common-3.3.1.jar:?]
	at org.apache.hadoop.ipc.ProtobufRpcEngine2$Server$ProtoBufRpcInvoker.call(ProtobufRpcEngine2.java:574) [hadoop-common-3.3.1.jar:?]
	at org.apache.hadoop.ipc.ProtobufRpcEngine2$Server$ProtoBufRpcInvoker.call(ProtobufRpcEngine2.java:552) [hadoop-common-3.3.1.jar:?]
	at org.apache.hadoop.ipc.RPC$Server.call(RPC.java:1093) [hadoop-common-3.3.1.jar:?]
	at org.apache.hadoop.ipc.Server$RpcCall.run(Server.java:1035) [hadoop-common-3.3.1.jar:?]
	at org.apache.hadoop.ipc.Server$RpcCall.run(Server.java:963) [hadoop-common-3.3.1.jar:?]
	at java.security.AccessController.doPrivileged(Native Method) ~[?:1.8.0_332]
	at javax.security.auth.Subject.doAs(Subject.java:422) [?:1.8.0_332]
	at org.apache.hadoop.security.UserGroupInformation.doAs(UserGroupInformation.java:1878) [hadoop-common-3.3.1.jar:?]
	at org.apache.hadoop.ipc.Server$Handler.run(Server.java:2966) [hadoop-common-3.3.1.jar:?]
01:55:19.541 [IPC Server handler 8 on default port 35175] ERROR OMAudit - user=runner | ip=127.0.0.1 | op=GET_FILE_STATUS {volume=volume18062, bucket=bucket29054, key=testBatchDelete/parent/childFolder/child6, dataSize=0, replicationConfig=null} | ret=FAILURE
org.apache.hadoop.ozone.om.exceptions.OMException: Unable to get file status: volume: volume18062 bucket: bucket29054 key: testBatchDelete/parent/childFolder/child6
	at org.apache.hadoop.ozone.om.KeyManagerImpl.getOzoneFileStatus(KeyManagerImpl.java:1311) ~[ozone-manager-1.3.0-SNAPSHOT.jar:?]
	at org.apache.hadoop.ozone.om.KeyManagerImpl.getFileStatus(KeyManagerImpl.java:1241) ~[ozone-manager-1.3.0-SNAPSHOT.jar:?]
	at org.apache.hadoop.ozone.om.OzoneManager.getFileStatus(OzoneManager.java:3467) ~[ozone-manager-1.3.0-SNAPSHOT.jar:?]
	at org.apache.hadoop.ozone.protocolPB.OzoneManagerRequestHandler.getOzoneFileStatus(OzoneManagerRequestHandler.java:878) ~[ozone-manager-1.3.0-SNAPSHOT.jar:?]
	at org.apache.hadoop.ozone.protocolPB.OzoneManagerRequestHandler.handleReadRequest(OzoneManagerRequestHandler.java:224) ~[ozone-manager-1.3.0-SNAPSHOT.jar:?]
	at org.apache.hadoop.ozone.protocolPB.OzoneManagerProtocolServerSideTranslatorPB.submitReadRequestToOM(OzoneManagerProtocolServerSideTranslatorPB.java:226) ~[ozone-manager-1.3.0-SNAPSHOT.jar:?]
	at org.apache.hadoop.ozone.protocolPB.OzoneManagerProtocolServerSideTranslatorPB.processRequest(OzoneManagerProtocolServerSideTranslatorPB.java:175) ~[ozone-manager-1.3.0-SNAPSHOT.jar:?]
	at org.apache.hadoop.hdds.server.OzoneProtocolMessageDispatcher.processRequest(OzoneProtocolMessageDispatcher.java:87) [hdds-server-framework-1.3.0-SNAPSHOT.jar:?]
	at org.apache.hadoop.ozone.protocolPB.OzoneManagerProtocolServerSideTranslatorPB.submitRequest(OzoneManagerProtocolServerSideTranslatorPB.java:147) [ozone-manager-1.3.0-SNAPSHOT.jar:?]
	at org.apache.hadoop.ozone.protocol.proto.OzoneManagerProtocolProtos$OzoneManagerService$2.callBlockingMethod(OzoneManagerProtocolProtos.java) [ozone-interface-client-1.3.0-SNAPSHOT.jar:?]
	at org.apache.hadoop.ipc.ProtobufRpcEngine$Server.processCall(ProtobufRpcEngine.java:466) [hadoop-common-3.3.1.jar:?]
	at org.apache.hadoop.ipc.ProtobufRpcEngine2$Server$ProtoBufRpcInvoker.call(ProtobufRpcEngine2.java:574) [hadoop-common-3.3.1.jar:?]
	at org.apache.hadoop.ipc.ProtobufRpcEngine2$Server$ProtoBufRpcInvoker.call(ProtobufRpcEngine2.java:552) [hadoop-common-3.3.1.jar:?]
	at org.apache.hadoop.ipc.RPC$Server.call(RPC.java:1093) [hadoop-common-3.3.1.jar:?]
	at org.apache.hadoop.ipc.Server$RpcCall.run(Server.java:1035) [hadoop-common-3.3.1.jar:?]
	at org.apache.hadoop.ipc.Server$RpcCall.run(Server.java:963) [hadoop-common-3.3.1.jar:?]
	at java.security.AccessController.doPrivileged(Native Method) ~[?:1.8.0_332]
	at javax.security.auth.Subject.doAs(Subject.java:422) [?:1.8.0_332]
	at org.apache.hadoop.security.UserGroupInformation.doAs(UserGroupInformation.java:1878) [hadoop-common-3.3.1.jar:?]
	at org.apache.hadoop.ipc.Server$Handler.run(Server.java:2966) [hadoop-common-3.3.1.jar:?]
01:55:19.542 [IPC Server handler 11 on default port 35175] ERROR OMAudit - user=runner | ip=127.0.0.1 | op=GET_FILE_STATUS {volume=volume18062, bucket=bucket29054, key=testBatchDelete/parent/child7, dataSize=0, replicationConfig=null} | ret=FAILURE
org.apache.hadoop.ozone.om.exceptions.OMException: Unable to get file status: volume: volume18062 bucket: bucket29054 key: testBatchDelete/parent/child7
	at org.apache.hadoop.ozone.om.KeyManagerImpl.getOzoneFileStatus(KeyManagerImpl.java:1311) ~[ozone-manager-1.3.0-SNAPSHOT.jar:?]
	at org.apache.hadoop.ozone.om.KeyManagerImpl.getFileStatus(KeyManagerImpl.java:1241) ~[ozone-manager-1.3.0-SNAPSHOT.jar:?]
	at org.apache.hadoop.ozone.om.OzoneManager.getFileStatus(OzoneManager.java:3467) ~[ozone-manager-1.3.0-SNAPSHOT.jar:?]
	at org.apache.hadoop.ozone.protocolPB.OzoneManagerRequestHandler.getOzoneFileStatus(OzoneManagerRequestHandler.java:878) ~[ozone-manager-1.3.0-SNAPSHOT.jar:?]
	at org.apache.hadoop.ozone.protocolPB.OzoneManagerRequestHandler.handleReadRequest(OzoneManagerRequestHandler.java:224) ~[ozone-manager-1.3.0-SNAPSHOT.jar:?]
	at org.apache.hadoop.ozone.protocolPB.OzoneManagerProtocolServerSideTranslatorPB.submitReadRequestToOM(OzoneManagerProtocolServerSideTranslatorPB.java:226) ~[ozone-manager-1.3.0-SNAPSHOT.jar:?]
	at org.apache.hadoop.ozone.protocolPB.OzoneManagerProtocolServerSideTranslatorPB.processRequest(OzoneManagerProtocolServerSideTranslatorPB.java:175) ~[ozone-manager-1.3.0-SNAPSHOT.jar:?]
	at org.apache.hadoop.hdds.server.OzoneProtocolMessageDispatcher.processRequest(OzoneProtocolMessageDispatcher.java:87) [hdds-server-framework-1.3.0-SNAPSHOT.jar:?]
	at org.apache.hadoop.ozone.protocolPB.OzoneManagerProtocolServerSideTranslatorPB.submitRequest(OzoneManagerProtocolServerSideTranslatorPB.java:147) [ozone-manager-1.3.0-SNAPSHOT.jar:?]
	at org.apache.hadoop.ozone.protocol.proto.OzoneManagerProtocolProtos$OzoneManagerService$2.callBlockingMethod(OzoneManagerProtocolProtos.java) [ozone-interface-client-1.3.0-SNAPSHOT.jar:?]
	at org.apache.hadoop.ipc.ProtobufRpcEngine$Server.processCall(ProtobufRpcEngine.java:466) [hadoop-common-3.3.1.jar:?]
	at org.apache.hadoop.ipc.ProtobufRpcEngine2$Server$ProtoBufRpcInvoker.call(ProtobufRpcEngine2.java:574) [hadoop-common-3.3.1.jar:?]
	at org.apache.hadoop.ipc.ProtobufRpcEngine2$Server$ProtoBufRpcInvoker.call(ProtobufRpcEngine2.java:552) [hadoop-common-3.3.1.jar:?]
	at org.apache.hadoop.ipc.RPC$Server.call(RPC.java:1093) [hadoop-common-3.3.1.jar:?]
	at org.apache.hadoop.ipc.Server$RpcCall.run(Server.java:1035) [hadoop-common-3.3.1.jar:?]
	at org.apache.hadoop.ipc.Server$RpcCall.run(Server.java:963) [hadoop-common-3.3.1.jar:?]
	at java.security.AccessController.doPrivileged(Native Method) ~[?:1.8.0_332]
	at javax.security.auth.Subject.doAs(Subject.java:422) [?:1.8.0_332]
	at org.apache.hadoop.security.UserGroupInformation.doAs(UserGroupInformation.java:1878) [hadoop-common-3.3.1.jar:?]
	at org.apache.hadoop.ipc.Server$Handler.run(Server.java:2966) [hadoop-common-3.3.1.jar:?]
01:55:19.544 [IPC Server handler 17 on default port 35175] ERROR OMAudit - user=runner | ip=127.0.0.1 | op=GET_FILE_STATUS {volume=volume18062, bucket=bucket29054, key=testBatchDelete/parent/childFolder/child7, dataSize=0, replicationConfig=null} | ret=FAILURE
org.apache.hadoop.ozone.om.exceptions.OMException: Unable to get file status: volume: volume18062 bucket: bucket29054 key: testBatchDelete/parent/childFolder/child7
	at org.apache.hadoop.ozone.om.KeyManagerImpl.getOzoneFileStatus(KeyManagerImpl.java:1311) ~[ozone-manager-1.3.0-SNAPSHOT.jar:?]
	at org.apache.hadoop.ozone.om.KeyManagerImpl.getFileStatus(KeyManagerImpl.java:1241) ~[ozone-manager-1.3.0-SNAPSHOT.jar:?]
	at org.apache.hadoop.ozone.om.OzoneManager.getFileStatus(OzoneManager.java:3467) ~[ozone-manager-1.3.0-SNAPSHOT.jar:?]
	at org.apache.hadoop.ozone.protocolPB.OzoneManagerRequestHandler.getOzoneFileStatus(OzoneManagerRequestHandler.java:878) ~[ozone-manager-1.3.0-SNAPSHOT.jar:?]
	at org.apache.hadoop.ozone.protocolPB.OzoneManagerRequestHandler.handleReadRequest(OzoneManagerRequestHandler.java:224) ~[ozone-manager-1.3.0-SNAPSHOT.jar:?]
	at org.apache.hadoop.ozone.protocolPB.OzoneManagerProtocolServerSideTranslatorPB.submitReadRequestToOM(OzoneManagerProtocolServerSideTranslatorPB.java:226) ~[ozone-manager-1.3.0-SNAPSHOT.jar:?]
	at org.apache.hadoop.ozone.protocolPB.OzoneManagerProtocolServerSideTranslatorPB.processRequest(OzoneManagerProtocolServerSideTranslatorPB.java:175) ~[ozone-manager-1.3.0-SNAPSHOT.jar:?]
	at org.apache.hadoop.hdds.server.OzoneProtocolMessageDispatcher.processRequest(OzoneProtocolMessageDispatcher.java:87) [hdds-server-framework-1.3.0-SNAPSHOT.jar:?]
	at org.apache.hadoop.ozone.protocolPB.OzoneManagerProtocolServerSideTranslatorPB.submitRequest(OzoneManagerProtocolServerSideTranslatorPB.java:147) [ozone-manager-1.3.0-SNAPSHOT.jar:?]
	at org.apache.hadoop.ozone.protocol.proto.OzoneManagerProtocolProtos$OzoneManagerService$2.callBlockingMethod(OzoneManagerProtocolProtos.java) [ozone-interface-client-1.3.0-SNAPSHOT.jar:?]
	at org.apache.hadoop.ipc.ProtobufRpcEngine$Server.processCall(ProtobufRpcEngine.java:466) [hadoop-common-3.3.1.jar:?]
	at org.apache.hadoop.ipc.ProtobufRpcEngine2$Server$ProtoBufRpcInvoker.call(ProtobufRpcEngine2.java:574) [hadoop-common-3.3.1.jar:?]
	at org.apache.hadoop.ipc.ProtobufRpcEngine2$Server$ProtoBufRpcInvoker.call(ProtobufRpcEngine2.java:552) [hadoop-common-3.3.1.jar:?]
	at org.apache.hadoop.ipc.RPC$Server.call(RPC.java:1093) [hadoop-common-3.3.1.jar:?]
	at org.apache.hadoop.ipc.Server$RpcCall.run(Server.java:1035) [hadoop-common-3.3.1.jar:?]
	at org.apache.hadoop.ipc.Server$RpcCall.run(Server.java:963) [hadoop-common-3.3.1.jar:?]
	at java.security.AccessController.doPrivileged(Native Method) ~[?:1.8.0_332]
	at javax.security.auth.Subject.doAs(Subject.java:422) [?:1.8.0_332]
	at org.apache.hadoop.security.UserGroupInformation.doAs(UserGroupInformation.java:1878) [hadoop-common-3.3.1.jar:?]
	at org.apache.hadoop.ipc.Server$Handler.run(Server.java:2966) [hadoop-common-3.3.1.jar:?]
01:55:19.545 [IPC Server handler 12 on default port 35175] ERROR OMAudit - user=runner | ip=127.0.0.1 | op=GET_FILE_STATUS {volume=volume18062, bucket=bucket29054, key=testBatchDelete/parent, dataSize=0, replicationConfig=null} | ret=FAILURE
org.apache.hadoop.ozone.om.exceptions.OMException: Unable to get file status: volume: volume18062 bucket: bucket29054 key: testBatchDelete/parent
	at org.apache.hadoop.ozone.om.KeyManagerImpl.getOzoneFileStatus(KeyManagerImpl.java:1311) ~[ozone-manager-1.3.0-SNAPSHOT.jar:?]
	at org.apache.hadoop.ozone.om.KeyManagerImpl.getFileStatus(KeyManagerImpl.java:1241) ~[ozone-manager-1.3.0-SNAPSHOT.jar:?]
	at org.apache.hadoop.ozone.om.OzoneManager.getFileStatus(OzoneManager.java:3467) ~[ozone-manager-1.3.0-SNAPSHOT.jar:?]
	at org.apache.hadoop.ozone.protocolPB.OzoneManagerRequestHandler.getOzoneFileStatus(OzoneManagerRequestHandler.java:878) ~[ozone-manager-1.3.0-SNAPSHOT.jar:?]
	at org.apache.hadoop.ozone.protocolPB.OzoneManagerRequestHandler.handleReadRequest(OzoneManagerRequestHandler.java:224) ~[ozone-manager-1.3.0-SNAPSHOT.jar:?]
	at org.apache.hadoop.ozone.protocolPB.OzoneManagerProtocolServerSideTranslatorPB.submitReadRequestToOM(OzoneManagerProtocolServerSideTranslatorPB.java:226) ~[ozone-manager-1.3.0-SNAPSHOT.jar:?]
	at org.apache.hadoop.ozone.protocolPB.OzoneManagerProtocolServerSideTranslatorPB.processRequest(OzoneManagerProtocolServerSideTranslatorPB.java:175) ~[ozone-manager-1.3.0-SNAPSHOT.jar:?]
	at org.apache.hadoop.hdds.server.OzoneProtocolMessageDispatcher.processRequest(OzoneProtocolMessageDispatcher.java:87) [hdds-server-framework-1.3.0-SNAPSHOT.jar:?]
	at org.apache.hadoop.ozone.protocolPB.OzoneManagerProtocolServerSideTranslatorPB.submitRequest(OzoneManagerProtocolServerSideTranslatorPB.java:147) [ozone-manager-1.3.0-SNAPSHOT.jar:?]
	at org.apache.hadoop.ozone.protocol.proto.OzoneManagerProtocolProtos$OzoneManagerService$2.callBlockingMethod(OzoneManagerProtocolProtos.java) [ozone-interface-client-1.3.0-SNAPSHOT.jar:?]
	at org.apache.hadoop.ipc.ProtobufRpcEngine$Server.processCall(ProtobufRpcEngine.java:466) [hadoop-common-3.3.1.jar:?]
	at org.apache.hadoop.ipc.ProtobufRpcEngine2$Server$ProtoBufRpcInvoker.call(ProtobufRpcEngine2.java:574) [hadoop-common-3.3.1.jar:?]
	at org.apache.hadoop.ipc.ProtobufRpcEngine2$Server$ProtoBufRpcInvoker.call(ProtobufRpcEngine2.java:552) [hadoop-common-3.3.1.jar:?]
	at org.apache.hadoop.ipc.RPC$Server.call(RPC.java:1093) [hadoop-common-3.3.1.jar:?]
	at org.apache.hadoop.ipc.Server$RpcCall.run(Server.java:1035) [hadoop-common-3.3.1.jar:?]
	at org.apache.hadoop.ipc.Server$RpcCall.run(Server.java:963) [hadoop-common-3.3.1.jar:?]
	at java.security.AccessController.doPrivileged(Native Method) ~[?:1.8.0_332]
	at javax.security.auth.Subject.doAs(Subject.java:422) [?:1.8.0_332]
	at org.apache.hadoop.security.UserGroupInformation.doAs(UserGroupInformation.java:1878) [hadoop-common-3.3.1.jar:?]
	at org.apache.hadoop.ipc.Server$Handler.run(Server.java:2966) [hadoop-common-3.3.1.jar:?]
2022-08-03 01:55:19,546 [Time-limited test] WARN  ozone.BasicOzoneFileSystem (BasicOzoneFileSystem.java:delete(532)) - delete: Path does not exist: /testBatchDelete/parent
]]></system-out>
  </testcase>
  <testcase name="testFileDelete" classname="TestOzoneFileSystem" time="0.131">
    <system-out><![CDATA[01:56:30.368 [IPC Server handler 7 on default port 44107] ERROR OMAudit - user=runner | ip=127.0.0.1 | op=GET_FILE_STATUS {volume=volume07240, bucket=bucket34393, key=testBatchDelete, dataSize=0, replicationConfig=null} | ret=FAILURE
org.apache.hadoop.ozone.om.exceptions.OMException: Unable to get file status: volume: volume07240 bucket: bucket34393 key: testBatchDelete
	at org.apache.hadoop.ozone.om.KeyManagerImpl.getOzoneFileStatus(KeyManagerImpl.java:1311) ~[ozone-manager-1.3.0-SNAPSHOT.jar:?]
	at org.apache.hadoop.ozone.om.KeyManagerImpl.getFileStatus(KeyManagerImpl.java:1241) ~[ozone-manager-1.3.0-SNAPSHOT.jar:?]
	at org.apache.hadoop.ozone.om.OzoneManager.getFileStatus(OzoneManager.java:3467) ~[ozone-manager-1.3.0-SNAPSHOT.jar:?]
	at org.apache.hadoop.ozone.protocolPB.OzoneManagerRequestHandler.getOzoneFileStatus(OzoneManagerRequestHandler.java:878) ~[ozone-manager-1.3.0-SNAPSHOT.jar:?]
	at org.apache.hadoop.ozone.protocolPB.OzoneManagerRequestHandler.handleReadRequest(OzoneManagerRequestHandler.java:224) ~[ozone-manager-1.3.0-SNAPSHOT.jar:?]
	at org.apache.hadoop.ozone.protocolPB.OzoneManagerProtocolServerSideTranslatorPB.submitRequestDirectlyToOM(OzoneManagerProtocolServerSideTranslatorPB.java:276) ~[ozone-manager-1.3.0-SNAPSHOT.jar:?]
	at org.apache.hadoop.ozone.protocolPB.OzoneManagerProtocolServerSideTranslatorPB.processRequest(OzoneManagerProtocolServerSideTranslatorPB.java:205) ~[ozone-manager-1.3.0-SNAPSHOT.jar:?]
	at org.apache.hadoop.hdds.server.OzoneProtocolMessageDispatcher.processRequest(OzoneProtocolMessageDispatcher.java:87) [hdds-server-framework-1.3.0-SNAPSHOT.jar:?]
	at org.apache.hadoop.ozone.protocolPB.OzoneManagerProtocolServerSideTranslatorPB.submitRequest(OzoneManagerProtocolServerSideTranslatorPB.java:147) [ozone-manager-1.3.0-SNAPSHOT.jar:?]
	at org.apache.hadoop.ozone.protocol.proto.OzoneManagerProtocolProtos$OzoneManagerService$2.callBlockingMethod(OzoneManagerProtocolProtos.java) [ozone-interface-client-1.3.0-SNAPSHOT.jar:?]
	at org.apache.hadoop.ipc.ProtobufRpcEngine$Server.processCall(ProtobufRpcEngine.java:466) [hadoop-common-3.3.1.jar:?]
	at org.apache.hadoop.ipc.ProtobufRpcEngine2$Server$ProtoBufRpcInvoker.call(ProtobufRpcEngine2.java:574) [hadoop-common-3.3.1.jar:?]
	at org.apache.hadoop.ipc.ProtobufRpcEngine2$Server$ProtoBufRpcInvoker.call(ProtobufRpcEngine2.java:552) [hadoop-common-3.3.1.jar:?]
	at org.apache.hadoop.ipc.RPC$Server.call(RPC.java:1093) [hadoop-common-3.3.1.jar:?]
	at org.apache.hadoop.ipc.Server$RpcCall.run(Server.java:1035) [hadoop-common-3.3.1.jar:?]
	at org.apache.hadoop.ipc.Server$RpcCall.run(Server.java:963) [hadoop-common-3.3.1.jar:?]
	at java.security.AccessController.doPrivileged(Native Method) ~[?:1.8.0_332]
	at javax.security.auth.Subject.doAs(Subject.java:422) [?:1.8.0_332]
	at org.apache.hadoop.security.UserGroupInformation.doAs(UserGroupInformation.java:1878) [hadoop-common-3.3.1.jar:?]
	at org.apache.hadoop.ipc.Server$Handler.run(Server.java:2966) [hadoop-common-3.3.1.jar:?]
01:56:30.369 [IPC Server handler 6 on default port 44107] ERROR OMAudit - user=runner | ip=127.0.0.1 | op=GET_FILE_STATUS {volume=volume07240, bucket=bucket34393, key=testBatchDelete/parent/child0, dataSize=0, replicationConfig=null} | ret=FAILURE
org.apache.hadoop.ozone.om.exceptions.OMException: Unable to get file status: volume: volume07240 bucket: bucket34393 key: testBatchDelete/parent/child0
	at org.apache.hadoop.ozone.om.KeyManagerImpl.getOzoneFileStatus(KeyManagerImpl.java:1311) ~[ozone-manager-1.3.0-SNAPSHOT.jar:?]
	at org.apache.hadoop.ozone.om.KeyManagerImpl.getFileStatus(KeyManagerImpl.java:1241) ~[ozone-manager-1.3.0-SNAPSHOT.jar:?]
	at org.apache.hadoop.ozone.om.OzoneManager.getFileStatus(OzoneManager.java:3467) ~[ozone-manager-1.3.0-SNAPSHOT.jar:?]
	at org.apache.hadoop.ozone.protocolPB.OzoneManagerRequestHandler.getOzoneFileStatus(OzoneManagerRequestHandler.java:878) ~[ozone-manager-1.3.0-SNAPSHOT.jar:?]
	at org.apache.hadoop.ozone.protocolPB.OzoneManagerRequestHandler.handleReadRequest(OzoneManagerRequestHandler.java:224) ~[ozone-manager-1.3.0-SNAPSHOT.jar:?]
	at org.apache.hadoop.ozone.protocolPB.OzoneManagerProtocolServerSideTranslatorPB.submitRequestDirectlyToOM(OzoneManagerProtocolServerSideTranslatorPB.java:276) ~[ozone-manager-1.3.0-SNAPSHOT.jar:?]
	at org.apache.hadoop.ozone.protocolPB.OzoneManagerProtocolServerSideTranslatorPB.processRequest(OzoneManagerProtocolServerSideTranslatorPB.java:205) ~[ozone-manager-1.3.0-SNAPSHOT.jar:?]
	at org.apache.hadoop.hdds.server.OzoneProtocolMessageDispatcher.processRequest(OzoneProtocolMessageDispatcher.java:87) [hdds-server-framework-1.3.0-SNAPSHOT.jar:?]
	at org.apache.hadoop.ozone.protocolPB.OzoneManagerProtocolServerSideTranslatorPB.submitRequest(OzoneManagerProtocolServerSideTranslatorPB.java:147) [ozone-manager-1.3.0-SNAPSHOT.jar:?]
	at org.apache.hadoop.ozone.protocol.proto.OzoneManagerProtocolProtos$OzoneManagerService$2.callBlockingMethod(OzoneManagerProtocolProtos.java) [ozone-interface-client-1.3.0-SNAPSHOT.jar:?]
	at org.apache.hadoop.ipc.ProtobufRpcEngine$Server.processCall(ProtobufRpcEngine.java:466) [hadoop-common-3.3.1.jar:?]
	at org.apache.hadoop.ipc.ProtobufRpcEngine2$Server$ProtoBufRpcInvoker.call(ProtobufRpcEngine2.java:574) [hadoop-common-3.3.1.jar:?]
	at org.apache.hadoop.ipc.ProtobufRpcEngine2$Server$ProtoBufRpcInvoker.call(ProtobufRpcEngine2.java:552) [hadoop-common-3.3.1.jar:?]
	at org.apache.hadoop.ipc.RPC$Server.call(RPC.java:1093) [hadoop-common-3.3.1.jar:?]
	at org.apache.hadoop.ipc.Server$RpcCall.run(Server.java:1035) [hadoop-common-3.3.1.jar:?]
	at org.apache.hadoop.ipc.Server$RpcCall.run(Server.java:963) [hadoop-common-3.3.1.jar:?]
	at java.security.AccessController.doPrivileged(Native Method) ~[?:1.8.0_332]
	at javax.security.auth.Subject.doAs(Subject.java:422) [?:1.8.0_332]
	at org.apache.hadoop.security.UserGroupInformation.doAs(UserGroupInformation.java:1878) [hadoop-common-3.3.1.jar:?]
	at org.apache.hadoop.ipc.Server$Handler.run(Server.java:2966) [hadoop-common-3.3.1.jar:?]
01:56:30.372 [IPC Server handler 8 on default port 44107] ERROR OMAudit - user=runner | ip=127.0.0.1 | op=GET_FILE_STATUS {volume=volume07240, bucket=bucket34393, key=testBatchDelete/parent/childFolder/child0, dataSize=0, replicationConfig=null} | ret=FAILURE
org.apache.hadoop.ozone.om.exceptions.OMException: Unable to get file status: volume: volume07240 bucket: bucket34393 key: testBatchDelete/parent/childFolder/child0
	at org.apache.hadoop.ozone.om.KeyManagerImpl.getOzoneFileStatus(KeyManagerImpl.java:1311) ~[ozone-manager-1.3.0-SNAPSHOT.jar:?]
	at org.apache.hadoop.ozone.om.KeyManagerImpl.getFileStatus(KeyManagerImpl.java:1241) ~[ozone-manager-1.3.0-SNAPSHOT.jar:?]
	at org.apache.hadoop.ozone.om.OzoneManager.getFileStatus(OzoneManager.java:3467) ~[ozone-manager-1.3.0-SNAPSHOT.jar:?]
	at org.apache.hadoop.ozone.protocolPB.OzoneManagerRequestHandler.getOzoneFileStatus(OzoneManagerRequestHandler.java:878) ~[ozone-manager-1.3.0-SNAPSHOT.jar:?]
	at org.apache.hadoop.ozone.protocolPB.OzoneManagerRequestHandler.handleReadRequest(OzoneManagerRequestHandler.java:224) ~[ozone-manager-1.3.0-SNAPSHOT.jar:?]
	at org.apache.hadoop.ozone.protocolPB.OzoneManagerProtocolServerSideTranslatorPB.submitRequestDirectlyToOM(OzoneManagerProtocolServerSideTranslatorPB.java:276) ~[ozone-manager-1.3.0-SNAPSHOT.jar:?]
	at org.apache.hadoop.ozone.protocolPB.OzoneManagerProtocolServerSideTranslatorPB.processRequest(OzoneManagerProtocolServerSideTranslatorPB.java:205) ~[ozone-manager-1.3.0-SNAPSHOT.jar:?]
	at org.apache.hadoop.hdds.server.OzoneProtocolMessageDispatcher.processRequest(OzoneProtocolMessageDispatcher.java:87) [hdds-server-framework-1.3.0-SNAPSHOT.jar:?]
	at org.apache.hadoop.ozone.protocolPB.OzoneManagerProtocolServerSideTranslatorPB.submitRequest(OzoneManagerProtocolServerSideTranslatorPB.java:147) [ozone-manager-1.3.0-SNAPSHOT.jar:?]
	at org.apache.hadoop.ozone.protocol.proto.OzoneManagerProtocolProtos$OzoneManagerService$2.callBlockingMethod(OzoneManagerProtocolProtos.java) [ozone-interface-client-1.3.0-SNAPSHOT.jar:?]
	at org.apache.hadoop.ipc.ProtobufRpcEngine$Server.processCall(ProtobufRpcEngine.java:466) [hadoop-common-3.3.1.jar:?]
	at org.apache.hadoop.ipc.ProtobufRpcEngine2$Server$ProtoBufRpcInvoker.call(ProtobufRpcEngine2.java:574) [hadoop-common-3.3.1.jar:?]
	at org.apache.hadoop.ipc.ProtobufRpcEngine2$Server$ProtoBufRpcInvoker.call(ProtobufRpcEngine2.java:552) [hadoop-common-3.3.1.jar:?]
	at org.apache.hadoop.ipc.RPC$Server.call(RPC.java:1093) [hadoop-common-3.3.1.jar:?]
	at org.apache.hadoop.ipc.Server$RpcCall.run(Server.java:1035) [hadoop-common-3.3.1.jar:?]
	at org.apache.hadoop.ipc.Server$RpcCall.run(Server.java:963) [hadoop-common-3.3.1.jar:?]
	at java.security.AccessController.doPrivileged(Native Method) ~[?:1.8.0_332]
	at javax.security.auth.Subject.doAs(Subject.java:422) [?:1.8.0_332]
	at org.apache.hadoop.security.UserGroupInformation.doAs(UserGroupInformation.java:1878) [hadoop-common-3.3.1.jar:?]
	at org.apache.hadoop.ipc.Server$Handler.run(Server.java:2966) [hadoop-common-3.3.1.jar:?]
01:56:30.373 [IPC Server handler 9 on default port 44107] ERROR OMAudit - user=runner | ip=127.0.0.1 | op=GET_FILE_STATUS {volume=volume07240, bucket=bucket34393, key=testBatchDelete/parent/child1, dataSize=0, replicationConfig=null} | ret=FAILURE
org.apache.hadoop.ozone.om.exceptions.OMException: Unable to get file status: volume: volume07240 bucket: bucket34393 key: testBatchDelete/parent/child1
	at org.apache.hadoop.ozone.om.KeyManagerImpl.getOzoneFileStatus(KeyManagerImpl.java:1311) ~[ozone-manager-1.3.0-SNAPSHOT.jar:?]
	at org.apache.hadoop.ozone.om.KeyManagerImpl.getFileStatus(KeyManagerImpl.java:1241) ~[ozone-manager-1.3.0-SNAPSHOT.jar:?]
	at org.apache.hadoop.ozone.om.OzoneManager.getFileStatus(OzoneManager.java:3467) ~[ozone-manager-1.3.0-SNAPSHOT.jar:?]
	at org.apache.hadoop.ozone.protocolPB.OzoneManagerRequestHandler.getOzoneFileStatus(OzoneManagerRequestHandler.java:878) ~[ozone-manager-1.3.0-SNAPSHOT.jar:?]
	at org.apache.hadoop.ozone.protocolPB.OzoneManagerRequestHandler.handleReadRequest(OzoneManagerRequestHandler.java:224) ~[ozone-manager-1.3.0-SNAPSHOT.jar:?]
	at org.apache.hadoop.ozone.protocolPB.OzoneManagerProtocolServerSideTranslatorPB.submitRequestDirectlyToOM(OzoneManagerProtocolServerSideTranslatorPB.java:276) ~[ozone-manager-1.3.0-SNAPSHOT.jar:?]
	at org.apache.hadoop.ozone.protocolPB.OzoneManagerProtocolServerSideTranslatorPB.processRequest(OzoneManagerProtocolServerSideTranslatorPB.java:205) ~[ozone-manager-1.3.0-SNAPSHOT.jar:?]
	at org.apache.hadoop.hdds.server.OzoneProtocolMessageDispatcher.processRequest(OzoneProtocolMessageDispatcher.java:87) [hdds-server-framework-1.3.0-SNAPSHOT.jar:?]
	at org.apache.hadoop.ozone.protocolPB.OzoneManagerProtocolServerSideTranslatorPB.submitRequest(OzoneManagerProtocolServerSideTranslatorPB.java:147) [ozone-manager-1.3.0-SNAPSHOT.jar:?]
	at org.apache.hadoop.ozone.protocol.proto.OzoneManagerProtocolProtos$OzoneManagerService$2.callBlockingMethod(OzoneManagerProtocolProtos.java) [ozone-interface-client-1.3.0-SNAPSHOT.jar:?]
	at org.apache.hadoop.ipc.ProtobufRpcEngine$Server.processCall(ProtobufRpcEngine.java:466) [hadoop-common-3.3.1.jar:?]
	at org.apache.hadoop.ipc.ProtobufRpcEngine2$Server$ProtoBufRpcInvoker.call(ProtobufRpcEngine2.java:574) [hadoop-common-3.3.1.jar:?]
	at org.apache.hadoop.ipc.ProtobufRpcEngine2$Server$ProtoBufRpcInvoker.call(ProtobufRpcEngine2.java:552) [hadoop-common-3.3.1.jar:?]
	at org.apache.hadoop.ipc.RPC$Server.call(RPC.java:1093) [hadoop-common-3.3.1.jar:?]
	at org.apache.hadoop.ipc.Server$RpcCall.run(Server.java:1035) [hadoop-common-3.3.1.jar:?]
	at org.apache.hadoop.ipc.Server$RpcCall.run(Server.java:963) [hadoop-common-3.3.1.jar:?]
	at java.security.AccessController.doPrivileged(Native Method) ~[?:1.8.0_332]
	at javax.security.auth.Subject.doAs(Subject.java:422) [?:1.8.0_332]
	at org.apache.hadoop.security.UserGroupInformation.doAs(UserGroupInformation.java:1878) [hadoop-common-3.3.1.jar:?]
	at org.apache.hadoop.ipc.Server$Handler.run(Server.java:2966) [hadoop-common-3.3.1.jar:?]
01:56:30.374 [IPC Server handler 3 on default port 44107] ERROR OMAudit - user=runner | ip=127.0.0.1 | op=GET_FILE_STATUS {volume=volume07240, bucket=bucket34393, key=testBatchDelete/parent/childFolder/child1, dataSize=0, replicationConfig=null} | ret=FAILURE
org.apache.hadoop.ozone.om.exceptions.OMException: Unable to get file status: volume: volume07240 bucket: bucket34393 key: testBatchDelete/parent/childFolder/child1
	at org.apache.hadoop.ozone.om.KeyManagerImpl.getOzoneFileStatus(KeyManagerImpl.java:1311) ~[ozone-manager-1.3.0-SNAPSHOT.jar:?]
	at org.apache.hadoop.ozone.om.KeyManagerImpl.getFileStatus(KeyManagerImpl.java:1241) ~[ozone-manager-1.3.0-SNAPSHOT.jar:?]
	at org.apache.hadoop.ozone.om.OzoneManager.getFileStatus(OzoneManager.java:3467) ~[ozone-manager-1.3.0-SNAPSHOT.jar:?]
	at org.apache.hadoop.ozone.protocolPB.OzoneManagerRequestHandler.getOzoneFileStatus(OzoneManagerRequestHandler.java:878) ~[ozone-manager-1.3.0-SNAPSHOT.jar:?]
	at org.apache.hadoop.ozone.protocolPB.OzoneManagerRequestHandler.handleReadRequest(OzoneManagerRequestHandler.java:224) ~[ozone-manager-1.3.0-SNAPSHOT.jar:?]
	at org.apache.hadoop.ozone.protocolPB.OzoneManagerProtocolServerSideTranslatorPB.submitRequestDirectlyToOM(OzoneManagerProtocolServerSideTranslatorPB.java:276) ~[ozone-manager-1.3.0-SNAPSHOT.jar:?]
	at org.apache.hadoop.ozone.protocolPB.OzoneManagerProtocolServerSideTranslatorPB.processRequest(OzoneManagerProtocolServerSideTranslatorPB.java:205) ~[ozone-manager-1.3.0-SNAPSHOT.jar:?]
	at org.apache.hadoop.hdds.server.OzoneProtocolMessageDispatcher.processRequest(OzoneProtocolMessageDispatcher.java:87) [hdds-server-framework-1.3.0-SNAPSHOT.jar:?]
	at org.apache.hadoop.ozone.protocolPB.OzoneManagerProtocolServerSideTranslatorPB.submitRequest(OzoneManagerProtocolServerSideTranslatorPB.java:147) [ozone-manager-1.3.0-SNAPSHOT.jar:?]
	at org.apache.hadoop.ozone.protocol.proto.OzoneManagerProtocolProtos$OzoneManagerService$2.callBlockingMethod(OzoneManagerProtocolProtos.java) [ozone-interface-client-1.3.0-SNAPSHOT.jar:?]
	at org.apache.hadoop.ipc.ProtobufRpcEngine$Server.processCall(ProtobufRpcEngine.java:466) [hadoop-common-3.3.1.jar:?]
	at org.apache.hadoop.ipc.ProtobufRpcEngine2$Server$ProtoBufRpcInvoker.call(ProtobufRpcEngine2.java:574) [hadoop-common-3.3.1.jar:?]
	at org.apache.hadoop.ipc.ProtobufRpcEngine2$Server$ProtoBufRpcInvoker.call(ProtobufRpcEngine2.java:552) [hadoop-common-3.3.1.jar:?]
	at org.apache.hadoop.ipc.RPC$Server.call(RPC.java:1093) [hadoop-common-3.3.1.jar:?]
	at org.apache.hadoop.ipc.Server$RpcCall.run(Server.java:1035) [hadoop-common-3.3.1.jar:?]
	at org.apache.hadoop.ipc.Server$RpcCall.run(Server.java:963) [hadoop-common-3.3.1.jar:?]
	at java.security.AccessController.doPrivileged(Native Method) ~[?:1.8.0_332]
	at javax.security.auth.Subject.doAs(Subject.java:422) [?:1.8.0_332]
	at org.apache.hadoop.security.UserGroupInformation.doAs(UserGroupInformation.java:1878) [hadoop-common-3.3.1.jar:?]
	at org.apache.hadoop.ipc.Server$Handler.run(Server.java:2966) [hadoop-common-3.3.1.jar:?]
01:56:30.375 [IPC Server handler 2 on default port 44107] ERROR OMAudit - user=runner | ip=127.0.0.1 | op=GET_FILE_STATUS {volume=volume07240, bucket=bucket34393, key=testBatchDelete/parent/child2, dataSize=0, replicationConfig=null} | ret=FAILURE
org.apache.hadoop.ozone.om.exceptions.OMException: Unable to get file status: volume: volume07240 bucket: bucket34393 key: testBatchDelete/parent/child2
	at org.apache.hadoop.ozone.om.KeyManagerImpl.getOzoneFileStatus(KeyManagerImpl.java:1311) ~[ozone-manager-1.3.0-SNAPSHOT.jar:?]
	at org.apache.hadoop.ozone.om.KeyManagerImpl.getFileStatus(KeyManagerImpl.java:1241) ~[ozone-manager-1.3.0-SNAPSHOT.jar:?]
	at org.apache.hadoop.ozone.om.OzoneManager.getFileStatus(OzoneManager.java:3467) ~[ozone-manager-1.3.0-SNAPSHOT.jar:?]
	at org.apache.hadoop.ozone.protocolPB.OzoneManagerRequestHandler.getOzoneFileStatus(OzoneManagerRequestHandler.java:878) ~[ozone-manager-1.3.0-SNAPSHOT.jar:?]
	at org.apache.hadoop.ozone.protocolPB.OzoneManagerRequestHandler.handleReadRequest(OzoneManagerRequestHandler.java:224) ~[ozone-manager-1.3.0-SNAPSHOT.jar:?]
	at org.apache.hadoop.ozone.protocolPB.OzoneManagerProtocolServerSideTranslatorPB.submitRequestDirectlyToOM(OzoneManagerProtocolServerSideTranslatorPB.java:276) ~[ozone-manager-1.3.0-SNAPSHOT.jar:?]
	at org.apache.hadoop.ozone.protocolPB.OzoneManagerProtocolServerSideTranslatorPB.processRequest(OzoneManagerProtocolServerSideTranslatorPB.java:205) ~[ozone-manager-1.3.0-SNAPSHOT.jar:?]
	at org.apache.hadoop.hdds.server.OzoneProtocolMessageDispatcher.processRequest(OzoneProtocolMessageDispatcher.java:87) [hdds-server-framework-1.3.0-SNAPSHOT.jar:?]
	at org.apache.hadoop.ozone.protocolPB.OzoneManagerProtocolServerSideTranslatorPB.submitRequest(OzoneManagerProtocolServerSideTranslatorPB.java:147) [ozone-manager-1.3.0-SNAPSHOT.jar:?]
	at org.apache.hadoop.ozone.protocol.proto.OzoneManagerProtocolProtos$OzoneManagerService$2.callBlockingMethod(OzoneManagerProtocolProtos.java) [ozone-interface-client-1.3.0-SNAPSHOT.jar:?]
	at org.apache.hadoop.ipc.ProtobufRpcEngine$Server.processCall(ProtobufRpcEngine.java:466) [hadoop-common-3.3.1.jar:?]
	at org.apache.hadoop.ipc.ProtobufRpcEngine2$Server$ProtoBufRpcInvoker.call(ProtobufRpcEngine2.java:574) [hadoop-common-3.3.1.jar:?]
	at org.apache.hadoop.ipc.ProtobufRpcEngine2$Server$ProtoBufRpcInvoker.call(ProtobufRpcEngine2.java:552) [hadoop-common-3.3.1.jar:?]
	at org.apache.hadoop.ipc.RPC$Server.call(RPC.java:1093) [hadoop-common-3.3.1.jar:?]
	at org.apache.hadoop.ipc.Server$RpcCall.run(Server.java:1035) [hadoop-common-3.3.1.jar:?]
	at org.apache.hadoop.ipc.Server$RpcCall.run(Server.java:963) [hadoop-common-3.3.1.jar:?]
	at java.security.AccessController.doPrivileged(Native Method) ~[?:1.8.0_332]
	at javax.security.auth.Subject.doAs(Subject.java:422) [?:1.8.0_332]
	at org.apache.hadoop.security.UserGroupInformation.doAs(UserGroupInformation.java:1878) [hadoop-common-3.3.1.jar:?]
	at org.apache.hadoop.ipc.Server$Handler.run(Server.java:2966) [hadoop-common-3.3.1.jar:?]
01:56:30.375 [IPC Server handler 10 on default port 44107] ERROR OMAudit - user=runner | ip=127.0.0.1 | op=GET_FILE_STATUS {volume=volume07240, bucket=bucket34393, key=testBatchDelete/parent/childFolder/child2, dataSize=0, replicationConfig=null} | ret=FAILURE
org.apache.hadoop.ozone.om.exceptions.OMException: Unable to get file status: volume: volume07240 bucket: bucket34393 key: testBatchDelete/parent/childFolder/child2
	at org.apache.hadoop.ozone.om.KeyManagerImpl.getOzoneFileStatus(KeyManagerImpl.java:1311) ~[ozone-manager-1.3.0-SNAPSHOT.jar:?]
	at org.apache.hadoop.ozone.om.KeyManagerImpl.getFileStatus(KeyManagerImpl.java:1241) ~[ozone-manager-1.3.0-SNAPSHOT.jar:?]
	at org.apache.hadoop.ozone.om.OzoneManager.getFileStatus(OzoneManager.java:3467) ~[ozone-manager-1.3.0-SNAPSHOT.jar:?]
	at org.apache.hadoop.ozone.protocolPB.OzoneManagerRequestHandler.getOzoneFileStatus(OzoneManagerRequestHandler.java:878) ~[ozone-manager-1.3.0-SNAPSHOT.jar:?]
	at org.apache.hadoop.ozone.protocolPB.OzoneManagerRequestHandler.handleReadRequest(OzoneManagerRequestHandler.java:224) ~[ozone-manager-1.3.0-SNAPSHOT.jar:?]
	at org.apache.hadoop.ozone.protocolPB.OzoneManagerProtocolServerSideTranslatorPB.submitRequestDirectlyToOM(OzoneManagerProtocolServerSideTranslatorPB.java:276) ~[ozone-manager-1.3.0-SNAPSHOT.jar:?]
	at org.apache.hadoop.ozone.protocolPB.OzoneManagerProtocolServerSideTranslatorPB.processRequest(OzoneManagerProtocolServerSideTranslatorPB.java:205) ~[ozone-manager-1.3.0-SNAPSHOT.jar:?]
	at org.apache.hadoop.hdds.server.OzoneProtocolMessageDispatcher.processRequest(OzoneProtocolMessageDispatcher.java:87) [hdds-server-framework-1.3.0-SNAPSHOT.jar:?]
	at org.apache.hadoop.ozone.protocolPB.OzoneManagerProtocolServerSideTranslatorPB.submitRequest(OzoneManagerProtocolServerSideTranslatorPB.java:147) [ozone-manager-1.3.0-SNAPSHOT.jar:?]
	at org.apache.hadoop.ozone.protocol.proto.OzoneManagerProtocolProtos$OzoneManagerService$2.callBlockingMethod(OzoneManagerProtocolProtos.java) [ozone-interface-client-1.3.0-SNAPSHOT.jar:?]
	at org.apache.hadoop.ipc.ProtobufRpcEngine$Server.processCall(ProtobufRpcEngine.java:466) [hadoop-common-3.3.1.jar:?]
	at org.apache.hadoop.ipc.ProtobufRpcEngine2$Server$ProtoBufRpcInvoker.call(ProtobufRpcEngine2.java:574) [hadoop-common-3.3.1.jar:?]
	at org.apache.hadoop.ipc.ProtobufRpcEngine2$Server$ProtoBufRpcInvoker.call(ProtobufRpcEngine2.java:552) [hadoop-common-3.3.1.jar:?]
	at org.apache.hadoop.ipc.RPC$Server.call(RPC.java:1093) [hadoop-common-3.3.1.jar:?]
	at org.apache.hadoop.ipc.Server$RpcCall.run(Server.java:1035) [hadoop-common-3.3.1.jar:?]
	at org.apache.hadoop.ipc.Server$RpcCall.run(Server.java:963) [hadoop-common-3.3.1.jar:?]
	at java.security.AccessController.doPrivileged(Native Method) ~[?:1.8.0_332]
	at javax.security.auth.Subject.doAs(Subject.java:422) [?:1.8.0_332]
	at org.apache.hadoop.security.UserGroupInformation.doAs(UserGroupInformation.java:1878) [hadoop-common-3.3.1.jar:?]
	at org.apache.hadoop.ipc.Server$Handler.run(Server.java:2966) [hadoop-common-3.3.1.jar:?]
01:56:30.376 [IPC Server handler 12 on default port 44107] ERROR OMAudit - user=runner | ip=127.0.0.1 | op=GET_FILE_STATUS {volume=volume07240, bucket=bucket34393, key=testBatchDelete/parent/child3, dataSize=0, replicationConfig=null} | ret=FAILURE
org.apache.hadoop.ozone.om.exceptions.OMException: Unable to get file status: volume: volume07240 bucket: bucket34393 key: testBatchDelete/parent/child3
	at org.apache.hadoop.ozone.om.KeyManagerImpl.getOzoneFileStatus(KeyManagerImpl.java:1311) ~[ozone-manager-1.3.0-SNAPSHOT.jar:?]
	at org.apache.hadoop.ozone.om.KeyManagerImpl.getFileStatus(KeyManagerImpl.java:1241) ~[ozone-manager-1.3.0-SNAPSHOT.jar:?]
	at org.apache.hadoop.ozone.om.OzoneManager.getFileStatus(OzoneManager.java:3467) ~[ozone-manager-1.3.0-SNAPSHOT.jar:?]
	at org.apache.hadoop.ozone.protocolPB.OzoneManagerRequestHandler.getOzoneFileStatus(OzoneManagerRequestHandler.java:878) ~[ozone-manager-1.3.0-SNAPSHOT.jar:?]
	at org.apache.hadoop.ozone.protocolPB.OzoneManagerRequestHandler.handleReadRequest(OzoneManagerRequestHandler.java:224) ~[ozone-manager-1.3.0-SNAPSHOT.jar:?]
	at org.apache.hadoop.ozone.protocolPB.OzoneManagerProtocolServerSideTranslatorPB.submitRequestDirectlyToOM(OzoneManagerProtocolServerSideTranslatorPB.java:276) ~[ozone-manager-1.3.0-SNAPSHOT.jar:?]
	at org.apache.hadoop.ozone.protocolPB.OzoneManagerProtocolServerSideTranslatorPB.processRequest(OzoneManagerProtocolServerSideTranslatorPB.java:205) ~[ozone-manager-1.3.0-SNAPSHOT.jar:?]
	at org.apache.hadoop.hdds.server.OzoneProtocolMessageDispatcher.processRequest(OzoneProtocolMessageDispatcher.java:87) [hdds-server-framework-1.3.0-SNAPSHOT.jar:?]
	at org.apache.hadoop.ozone.protocolPB.OzoneManagerProtocolServerSideTranslatorPB.submitRequest(OzoneManagerProtocolServerSideTranslatorPB.java:147) [ozone-manager-1.3.0-SNAPSHOT.jar:?]
	at org.apache.hadoop.ozone.protocol.proto.OzoneManagerProtocolProtos$OzoneManagerService$2.callBlockingMethod(OzoneManagerProtocolProtos.java) [ozone-interface-client-1.3.0-SNAPSHOT.jar:?]
	at org.apache.hadoop.ipc.ProtobufRpcEngine$Server.processCall(ProtobufRpcEngine.java:466) [hadoop-common-3.3.1.jar:?]
	at org.apache.hadoop.ipc.ProtobufRpcEngine2$Server$ProtoBufRpcInvoker.call(ProtobufRpcEngine2.java:574) [hadoop-common-3.3.1.jar:?]
	at org.apache.hadoop.ipc.ProtobufRpcEngine2$Server$ProtoBufRpcInvoker.call(ProtobufRpcEngine2.java:552) [hadoop-common-3.3.1.jar:?]
	at org.apache.hadoop.ipc.RPC$Server.call(RPC.java:1093) [hadoop-common-3.3.1.jar:?]
	at org.apache.hadoop.ipc.Server$RpcCall.run(Server.java:1035) [hadoop-common-3.3.1.jar:?]
	at org.apache.hadoop.ipc.Server$RpcCall.run(Server.java:963) [hadoop-common-3.3.1.jar:?]
	at java.security.AccessController.doPrivileged(Native Method) ~[?:1.8.0_332]
	at javax.security.auth.Subject.doAs(Subject.java:422) [?:1.8.0_332]
	at org.apache.hadoop.security.UserGroupInformation.doAs(UserGroupInformation.java:1878) [hadoop-common-3.3.1.jar:?]
	at org.apache.hadoop.ipc.Server$Handler.run(Server.java:2966) [hadoop-common-3.3.1.jar:?]
01:56:30.377 [IPC Server handler 5 on default port 44107] ERROR OMAudit - user=runner | ip=127.0.0.1 | op=GET_FILE_STATUS {volume=volume07240, bucket=bucket34393, key=testBatchDelete/parent/childFolder/child3, dataSize=0, replicationConfig=null} | ret=FAILURE
org.apache.hadoop.ozone.om.exceptions.OMException: Unable to get file status: volume: volume07240 bucket: bucket34393 key: testBatchDelete/parent/childFolder/child3
	at org.apache.hadoop.ozone.om.KeyManagerImpl.getOzoneFileStatus(KeyManagerImpl.java:1311) ~[ozone-manager-1.3.0-SNAPSHOT.jar:?]
	at org.apache.hadoop.ozone.om.KeyManagerImpl.getFileStatus(KeyManagerImpl.java:1241) ~[ozone-manager-1.3.0-SNAPSHOT.jar:?]
	at org.apache.hadoop.ozone.om.OzoneManager.getFileStatus(OzoneManager.java:3467) ~[ozone-manager-1.3.0-SNAPSHOT.jar:?]
	at org.apache.hadoop.ozone.protocolPB.OzoneManagerRequestHandler.getOzoneFileStatus(OzoneManagerRequestHandler.java:878) ~[ozone-manager-1.3.0-SNAPSHOT.jar:?]
	at org.apache.hadoop.ozone.protocolPB.OzoneManagerRequestHandler.handleReadRequest(OzoneManagerRequestHandler.java:224) ~[ozone-manager-1.3.0-SNAPSHOT.jar:?]
	at org.apache.hadoop.ozone.protocolPB.OzoneManagerProtocolServerSideTranslatorPB.submitRequestDirectlyToOM(OzoneManagerProtocolServerSideTranslatorPB.java:276) ~[ozone-manager-1.3.0-SNAPSHOT.jar:?]
	at org.apache.hadoop.ozone.protocolPB.OzoneManagerProtocolServerSideTranslatorPB.processRequest(OzoneManagerProtocolServerSideTranslatorPB.java:205) ~[ozone-manager-1.3.0-SNAPSHOT.jar:?]
	at org.apache.hadoop.hdds.server.OzoneProtocolMessageDispatcher.processRequest(OzoneProtocolMessageDispatcher.java:87) [hdds-server-framework-1.3.0-SNAPSHOT.jar:?]
	at org.apache.hadoop.ozone.protocolPB.OzoneManagerProtocolServerSideTranslatorPB.submitRequest(OzoneManagerProtocolServerSideTranslatorPB.java:147) [ozone-manager-1.3.0-SNAPSHOT.jar:?]
	at org.apache.hadoop.ozone.protocol.proto.OzoneManagerProtocolProtos$OzoneManagerService$2.callBlockingMethod(OzoneManagerProtocolProtos.java) [ozone-interface-client-1.3.0-SNAPSHOT.jar:?]
	at org.apache.hadoop.ipc.ProtobufRpcEngine$Server.processCall(ProtobufRpcEngine.java:466) [hadoop-common-3.3.1.jar:?]
	at org.apache.hadoop.ipc.ProtobufRpcEngine2$Server$ProtoBufRpcInvoker.call(ProtobufRpcEngine2.java:574) [hadoop-common-3.3.1.jar:?]
	at org.apache.hadoop.ipc.ProtobufRpcEngine2$Server$ProtoBufRpcInvoker.call(ProtobufRpcEngine2.java:552) [hadoop-common-3.3.1.jar:?]
	at org.apache.hadoop.ipc.RPC$Server.call(RPC.java:1093) [hadoop-common-3.3.1.jar:?]
	at org.apache.hadoop.ipc.Server$RpcCall.run(Server.java:1035) [hadoop-common-3.3.1.jar:?]
	at org.apache.hadoop.ipc.Server$RpcCall.run(Server.java:963) [hadoop-common-3.3.1.jar:?]
	at java.security.AccessController.doPrivileged(Native Method) ~[?:1.8.0_332]
	at javax.security.auth.Subject.doAs(Subject.java:422) [?:1.8.0_332]
	at org.apache.hadoop.security.UserGroupInformation.doAs(UserGroupInformation.java:1878) [hadoop-common-3.3.1.jar:?]
	at org.apache.hadoop.ipc.Server$Handler.run(Server.java:2966) [hadoop-common-3.3.1.jar:?]
01:56:30.377 [IPC Server handler 11 on default port 44107] ERROR OMAudit - user=runner | ip=127.0.0.1 | op=GET_FILE_STATUS {volume=volume07240, bucket=bucket34393, key=testBatchDelete/parent/child4, dataSize=0, replicationConfig=null} | ret=FAILURE
org.apache.hadoop.ozone.om.exceptions.OMException: Unable to get file status: volume: volume07240 bucket: bucket34393 key: testBatchDelete/parent/child4
	at org.apache.hadoop.ozone.om.KeyManagerImpl.getOzoneFileStatus(KeyManagerImpl.java:1311) ~[ozone-manager-1.3.0-SNAPSHOT.jar:?]
	at org.apache.hadoop.ozone.om.KeyManagerImpl.getFileStatus(KeyManagerImpl.java:1241) ~[ozone-manager-1.3.0-SNAPSHOT.jar:?]
	at org.apache.hadoop.ozone.om.OzoneManager.getFileStatus(OzoneManager.java:3467) ~[ozone-manager-1.3.0-SNAPSHOT.jar:?]
	at org.apache.hadoop.ozone.protocolPB.OzoneManagerRequestHandler.getOzoneFileStatus(OzoneManagerRequestHandler.java:878) ~[ozone-manager-1.3.0-SNAPSHOT.jar:?]
	at org.apache.hadoop.ozone.protocolPB.OzoneManagerRequestHandler.handleReadRequest(OzoneManagerRequestHandler.java:224) ~[ozone-manager-1.3.0-SNAPSHOT.jar:?]
	at org.apache.hadoop.ozone.protocolPB.OzoneManagerProtocolServerSideTranslatorPB.submitRequestDirectlyToOM(OzoneManagerProtocolServerSideTranslatorPB.java:276) ~[ozone-manager-1.3.0-SNAPSHOT.jar:?]
	at org.apache.hadoop.ozone.protocolPB.OzoneManagerProtocolServerSideTranslatorPB.processRequest(OzoneManagerProtocolServerSideTranslatorPB.java:205) ~[ozone-manager-1.3.0-SNAPSHOT.jar:?]
	at org.apache.hadoop.hdds.server.OzoneProtocolMessageDispatcher.processRequest(OzoneProtocolMessageDispatcher.java:87) [hdds-server-framework-1.3.0-SNAPSHOT.jar:?]
	at org.apache.hadoop.ozone.protocolPB.OzoneManagerProtocolServerSideTranslatorPB.submitRequest(OzoneManagerProtocolServerSideTranslatorPB.java:147) [ozone-manager-1.3.0-SNAPSHOT.jar:?]
	at org.apache.hadoop.ozone.protocol.proto.OzoneManagerProtocolProtos$OzoneManagerService$2.callBlockingMethod(OzoneManagerProtocolProtos.java) [ozone-interface-client-1.3.0-SNAPSHOT.jar:?]
	at org.apache.hadoop.ipc.ProtobufRpcEngine$Server.processCall(ProtobufRpcEngine.java:466) [hadoop-common-3.3.1.jar:?]
	at org.apache.hadoop.ipc.ProtobufRpcEngine2$Server$ProtoBufRpcInvoker.call(ProtobufRpcEngine2.java:574) [hadoop-common-3.3.1.jar:?]
	at org.apache.hadoop.ipc.ProtobufRpcEngine2$Server$ProtoBufRpcInvoker.call(ProtobufRpcEngine2.java:552) [hadoop-common-3.3.1.jar:?]
	at org.apache.hadoop.ipc.RPC$Server.call(RPC.java:1093) [hadoop-common-3.3.1.jar:?]
	at org.apache.hadoop.ipc.Server$RpcCall.run(Server.java:1035) [hadoop-common-3.3.1.jar:?]
	at org.apache.hadoop.ipc.Server$RpcCall.run(Server.java:963) [hadoop-common-3.3.1.jar:?]
	at java.security.AccessController.doPrivileged(Native Method) ~[?:1.8.0_332]
	at javax.security.auth.Subject.doAs(Subject.java:422) [?:1.8.0_332]
	at org.apache.hadoop.security.UserGroupInformation.doAs(UserGroupInformation.java:1878) [hadoop-common-3.3.1.jar:?]
	at org.apache.hadoop.ipc.Server$Handler.run(Server.java:2966) [hadoop-common-3.3.1.jar:?]
01:56:30.378 [IPC Server handler 13 on default port 44107] ERROR OMAudit - user=runner | ip=127.0.0.1 | op=GET_FILE_STATUS {volume=volume07240, bucket=bucket34393, key=testBatchDelete/parent/childFolder/child4, dataSize=0, replicationConfig=null} | ret=FAILURE
org.apache.hadoop.ozone.om.exceptions.OMException: Unable to get file status: volume: volume07240 bucket: bucket34393 key: testBatchDelete/parent/childFolder/child4
	at org.apache.hadoop.ozone.om.KeyManagerImpl.getOzoneFileStatus(KeyManagerImpl.java:1311) ~[ozone-manager-1.3.0-SNAPSHOT.jar:?]
	at org.apache.hadoop.ozone.om.KeyManagerImpl.getFileStatus(KeyManagerImpl.java:1241) ~[ozone-manager-1.3.0-SNAPSHOT.jar:?]
	at org.apache.hadoop.ozone.om.OzoneManager.getFileStatus(OzoneManager.java:3467) ~[ozone-manager-1.3.0-SNAPSHOT.jar:?]
	at org.apache.hadoop.ozone.protocolPB.OzoneManagerRequestHandler.getOzoneFileStatus(OzoneManagerRequestHandler.java:878) ~[ozone-manager-1.3.0-SNAPSHOT.jar:?]
	at org.apache.hadoop.ozone.protocolPB.OzoneManagerRequestHandler.handleReadRequest(OzoneManagerRequestHandler.java:224) ~[ozone-manager-1.3.0-SNAPSHOT.jar:?]
	at org.apache.hadoop.ozone.protocolPB.OzoneManagerProtocolServerSideTranslatorPB.submitRequestDirectlyToOM(OzoneManagerProtocolServerSideTranslatorPB.java:276) ~[ozone-manager-1.3.0-SNAPSHOT.jar:?]
	at org.apache.hadoop.ozone.protocolPB.OzoneManagerProtocolServerSideTranslatorPB.processRequest(OzoneManagerProtocolServerSideTranslatorPB.java:205) ~[ozone-manager-1.3.0-SNAPSHOT.jar:?]
	at org.apache.hadoop.hdds.server.OzoneProtocolMessageDispatcher.processRequest(OzoneProtocolMessageDispatcher.java:87) [hdds-server-framework-1.3.0-SNAPSHOT.jar:?]
	at org.apache.hadoop.ozone.protocolPB.OzoneManagerProtocolServerSideTranslatorPB.submitRequest(OzoneManagerProtocolServerSideTranslatorPB.java:147) [ozone-manager-1.3.0-SNAPSHOT.jar:?]
	at org.apache.hadoop.ozone.protocol.proto.OzoneManagerProtocolProtos$OzoneManagerService$2.callBlockingMethod(OzoneManagerProtocolProtos.java) [ozone-interface-client-1.3.0-SNAPSHOT.jar:?]
	at org.apache.hadoop.ipc.ProtobufRpcEngine$Server.processCall(ProtobufRpcEngine.java:466) [hadoop-common-3.3.1.jar:?]
	at org.apache.hadoop.ipc.ProtobufRpcEngine2$Server$ProtoBufRpcInvoker.call(ProtobufRpcEngine2.java:574) [hadoop-common-3.3.1.jar:?]
	at org.apache.hadoop.ipc.ProtobufRpcEngine2$Server$ProtoBufRpcInvoker.call(ProtobufRpcEngine2.java:552) [hadoop-common-3.3.1.jar:?]
	at org.apache.hadoop.ipc.RPC$Server.call(RPC.java:1093) [hadoop-common-3.3.1.jar:?]
	at org.apache.hadoop.ipc.Server$RpcCall.run(Server.java:1035) [hadoop-common-3.3.1.jar:?]
	at org.apache.hadoop.ipc.Server$RpcCall.run(Server.java:963) [hadoop-common-3.3.1.jar:?]
	at java.security.AccessController.doPrivileged(Native Method) ~[?:1.8.0_332]
	at javax.security.auth.Subject.doAs(Subject.java:422) [?:1.8.0_332]
	at org.apache.hadoop.security.UserGroupInformation.doAs(UserGroupInformation.java:1878) [hadoop-common-3.3.1.jar:?]
	at org.apache.hadoop.ipc.Server$Handler.run(Server.java:2966) [hadoop-common-3.3.1.jar:?]
01:56:30.379 [IPC Server handler 4 on default port 44107] ERROR OMAudit - user=runner | ip=127.0.0.1 | op=GET_FILE_STATUS {volume=volume07240, bucket=bucket34393, key=testBatchDelete/parent/child5, dataSize=0, replicationConfig=null} | ret=FAILURE
org.apache.hadoop.ozone.om.exceptions.OMException: Unable to get file status: volume: volume07240 bucket: bucket34393 key: testBatchDelete/parent/child5
	at org.apache.hadoop.ozone.om.KeyManagerImpl.getOzoneFileStatus(KeyManagerImpl.java:1311) ~[ozone-manager-1.3.0-SNAPSHOT.jar:?]
	at org.apache.hadoop.ozone.om.KeyManagerImpl.getFileStatus(KeyManagerImpl.java:1241) ~[ozone-manager-1.3.0-SNAPSHOT.jar:?]
	at org.apache.hadoop.ozone.om.OzoneManager.getFileStatus(OzoneManager.java:3467) ~[ozone-manager-1.3.0-SNAPSHOT.jar:?]
	at org.apache.hadoop.ozone.protocolPB.OzoneManagerRequestHandler.getOzoneFileStatus(OzoneManagerRequestHandler.java:878) ~[ozone-manager-1.3.0-SNAPSHOT.jar:?]
	at org.apache.hadoop.ozone.protocolPB.OzoneManagerRequestHandler.handleReadRequest(OzoneManagerRequestHandler.java:224) ~[ozone-manager-1.3.0-SNAPSHOT.jar:?]
	at org.apache.hadoop.ozone.protocolPB.OzoneManagerProtocolServerSideTranslatorPB.submitRequestDirectlyToOM(OzoneManagerProtocolServerSideTranslatorPB.java:276) ~[ozone-manager-1.3.0-SNAPSHOT.jar:?]
	at org.apache.hadoop.ozone.protocolPB.OzoneManagerProtocolServerSideTranslatorPB.processRequest(OzoneManagerProtocolServerSideTranslatorPB.java:205) ~[ozone-manager-1.3.0-SNAPSHOT.jar:?]
	at org.apache.hadoop.hdds.server.OzoneProtocolMessageDispatcher.processRequest(OzoneProtocolMessageDispatcher.java:87) [hdds-server-framework-1.3.0-SNAPSHOT.jar:?]
	at org.apache.hadoop.ozone.protocolPB.OzoneManagerProtocolServerSideTranslatorPB.submitRequest(OzoneManagerProtocolServerSideTranslatorPB.java:147) [ozone-manager-1.3.0-SNAPSHOT.jar:?]
	at org.apache.hadoop.ozone.protocol.proto.OzoneManagerProtocolProtos$OzoneManagerService$2.callBlockingMethod(OzoneManagerProtocolProtos.java) [ozone-interface-client-1.3.0-SNAPSHOT.jar:?]
	at org.apache.hadoop.ipc.ProtobufRpcEngine$Server.processCall(ProtobufRpcEngine.java:466) [hadoop-common-3.3.1.jar:?]
	at org.apache.hadoop.ipc.ProtobufRpcEngine2$Server$ProtoBufRpcInvoker.call(ProtobufRpcEngine2.java:574) [hadoop-common-3.3.1.jar:?]
	at org.apache.hadoop.ipc.ProtobufRpcEngine2$Server$ProtoBufRpcInvoker.call(ProtobufRpcEngine2.java:552) [hadoop-common-3.3.1.jar:?]
	at org.apache.hadoop.ipc.RPC$Server.call(RPC.java:1093) [hadoop-common-3.3.1.jar:?]
	at org.apache.hadoop.ipc.Server$RpcCall.run(Server.java:1035) [hadoop-common-3.3.1.jar:?]
	at org.apache.hadoop.ipc.Server$RpcCall.run(Server.java:963) [hadoop-common-3.3.1.jar:?]
	at java.security.AccessController.doPrivileged(Native Method) ~[?:1.8.0_332]
	at javax.security.auth.Subject.doAs(Subject.java:422) [?:1.8.0_332]
	at org.apache.hadoop.security.UserGroupInformation.doAs(UserGroupInformation.java:1878) [hadoop-common-3.3.1.jar:?]
	at org.apache.hadoop.ipc.Server$Handler.run(Server.java:2966) [hadoop-common-3.3.1.jar:?]
01:56:30.380 [IPC Server handler 14 on default port 44107] ERROR OMAudit - user=runner | ip=127.0.0.1 | op=GET_FILE_STATUS {volume=volume07240, bucket=bucket34393, key=testBatchDelete/parent/childFolder/child5, dataSize=0, replicationConfig=null} | ret=FAILURE
org.apache.hadoop.ozone.om.exceptions.OMException: Unable to get file status: volume: volume07240 bucket: bucket34393 key: testBatchDelete/parent/childFolder/child5
	at org.apache.hadoop.ozone.om.KeyManagerImpl.getOzoneFileStatus(KeyManagerImpl.java:1311) ~[ozone-manager-1.3.0-SNAPSHOT.jar:?]
	at org.apache.hadoop.ozone.om.KeyManagerImpl.getFileStatus(KeyManagerImpl.java:1241) ~[ozone-manager-1.3.0-SNAPSHOT.jar:?]
	at org.apache.hadoop.ozone.om.OzoneManager.getFileStatus(OzoneManager.java:3467) ~[ozone-manager-1.3.0-SNAPSHOT.jar:?]
	at org.apache.hadoop.ozone.protocolPB.OzoneManagerRequestHandler.getOzoneFileStatus(OzoneManagerRequestHandler.java:878) ~[ozone-manager-1.3.0-SNAPSHOT.jar:?]
	at org.apache.hadoop.ozone.protocolPB.OzoneManagerRequestHandler.handleReadRequest(OzoneManagerRequestHandler.java:224) ~[ozone-manager-1.3.0-SNAPSHOT.jar:?]
	at org.apache.hadoop.ozone.protocolPB.OzoneManagerProtocolServerSideTranslatorPB.submitRequestDirectlyToOM(OzoneManagerProtocolServerSideTranslatorPB.java:276) ~[ozone-manager-1.3.0-SNAPSHOT.jar:?]
	at org.apache.hadoop.ozone.protocolPB.OzoneManagerProtocolServerSideTranslatorPB.processRequest(OzoneManagerProtocolServerSideTranslatorPB.java:205) ~[ozone-manager-1.3.0-SNAPSHOT.jar:?]
	at org.apache.hadoop.hdds.server.OzoneProtocolMessageDispatcher.processRequest(OzoneProtocolMessageDispatcher.java:87) [hdds-server-framework-1.3.0-SNAPSHOT.jar:?]
	at org.apache.hadoop.ozone.protocolPB.OzoneManagerProtocolServerSideTranslatorPB.submitRequest(OzoneManagerProtocolServerSideTranslatorPB.java:147) [ozone-manager-1.3.0-SNAPSHOT.jar:?]
	at org.apache.hadoop.ozone.protocol.proto.OzoneManagerProtocolProtos$OzoneManagerService$2.callBlockingMethod(OzoneManagerProtocolProtos.java) [ozone-interface-client-1.3.0-SNAPSHOT.jar:?]
	at org.apache.hadoop.ipc.ProtobufRpcEngine$Server.processCall(ProtobufRpcEngine.java:466) [hadoop-common-3.3.1.jar:?]
	at org.apache.hadoop.ipc.ProtobufRpcEngine2$Server$ProtoBufRpcInvoker.call(ProtobufRpcEngine2.java:574) [hadoop-common-3.3.1.jar:?]
	at org.apache.hadoop.ipc.ProtobufRpcEngine2$Server$ProtoBufRpcInvoker.call(ProtobufRpcEngine2.java:552) [hadoop-common-3.3.1.jar:?]
	at org.apache.hadoop.ipc.RPC$Server.call(RPC.java:1093) [hadoop-common-3.3.1.jar:?]
	at org.apache.hadoop.ipc.Server$RpcCall.run(Server.java:1035) [hadoop-common-3.3.1.jar:?]
	at org.apache.hadoop.ipc.Server$RpcCall.run(Server.java:963) [hadoop-common-3.3.1.jar:?]
	at java.security.AccessController.doPrivileged(Native Method) ~[?:1.8.0_332]
	at javax.security.auth.Subject.doAs(Subject.java:422) [?:1.8.0_332]
	at org.apache.hadoop.security.UserGroupInformation.doAs(UserGroupInformation.java:1878) [hadoop-common-3.3.1.jar:?]
	at org.apache.hadoop.ipc.Server$Handler.run(Server.java:2966) [hadoop-common-3.3.1.jar:?]
01:56:30.380 [IPC Server handler 16 on default port 44107] ERROR OMAudit - user=runner | ip=127.0.0.1 | op=GET_FILE_STATUS {volume=volume07240, bucket=bucket34393, key=testBatchDelete/parent/child6, dataSize=0, replicationConfig=null} | ret=FAILURE
org.apache.hadoop.ozone.om.exceptions.OMException: Unable to get file status: volume: volume07240 bucket: bucket34393 key: testBatchDelete/parent/child6
	at org.apache.hadoop.ozone.om.KeyManagerImpl.getOzoneFileStatus(KeyManagerImpl.java:1311) ~[ozone-manager-1.3.0-SNAPSHOT.jar:?]
	at org.apache.hadoop.ozone.om.KeyManagerImpl.getFileStatus(KeyManagerImpl.java:1241) ~[ozone-manager-1.3.0-SNAPSHOT.jar:?]
	at org.apache.hadoop.ozone.om.OzoneManager.getFileStatus(OzoneManager.java:3467) ~[ozone-manager-1.3.0-SNAPSHOT.jar:?]
	at org.apache.hadoop.ozone.protocolPB.OzoneManagerRequestHandler.getOzoneFileStatus(OzoneManagerRequestHandler.java:878) ~[ozone-manager-1.3.0-SNAPSHOT.jar:?]
	at org.apache.hadoop.ozone.protocolPB.OzoneManagerRequestHandler.handleReadRequest(OzoneManagerRequestHandler.java:224) ~[ozone-manager-1.3.0-SNAPSHOT.jar:?]
	at org.apache.hadoop.ozone.protocolPB.OzoneManagerProtocolServerSideTranslatorPB.submitRequestDirectlyToOM(OzoneManagerProtocolServerSideTranslatorPB.java:276) ~[ozone-manager-1.3.0-SNAPSHOT.jar:?]
	at org.apache.hadoop.ozone.protocolPB.OzoneManagerProtocolServerSideTranslatorPB.processRequest(OzoneManagerProtocolServerSideTranslatorPB.java:205) ~[ozone-manager-1.3.0-SNAPSHOT.jar:?]
	at org.apache.hadoop.hdds.server.OzoneProtocolMessageDispatcher.processRequest(OzoneProtocolMessageDispatcher.java:87) [hdds-server-framework-1.3.0-SNAPSHOT.jar:?]
	at org.apache.hadoop.ozone.protocolPB.OzoneManagerProtocolServerSideTranslatorPB.submitRequest(OzoneManagerProtocolServerSideTranslatorPB.java:147) [ozone-manager-1.3.0-SNAPSHOT.jar:?]
	at org.apache.hadoop.ozone.protocol.proto.OzoneManagerProtocolProtos$OzoneManagerService$2.callBlockingMethod(OzoneManagerProtocolProtos.java) [ozone-interface-client-1.3.0-SNAPSHOT.jar:?]
	at org.apache.hadoop.ipc.ProtobufRpcEngine$Server.processCall(ProtobufRpcEngine.java:466) [hadoop-common-3.3.1.jar:?]
	at org.apache.hadoop.ipc.ProtobufRpcEngine2$Server$ProtoBufRpcInvoker.call(ProtobufRpcEngine2.java:574) [hadoop-common-3.3.1.jar:?]
	at org.apache.hadoop.ipc.ProtobufRpcEngine2$Server$ProtoBufRpcInvoker.call(ProtobufRpcEngine2.java:552) [hadoop-common-3.3.1.jar:?]
	at org.apache.hadoop.ipc.RPC$Server.call(RPC.java:1093) [hadoop-common-3.3.1.jar:?]
	at org.apache.hadoop.ipc.Server$RpcCall.run(Server.java:1035) [hadoop-common-3.3.1.jar:?]
	at org.apache.hadoop.ipc.Server$RpcCall.run(Server.java:963) [hadoop-common-3.3.1.jar:?]
	at java.security.AccessController.doPrivileged(Native Method) ~[?:1.8.0_332]
	at javax.security.auth.Subject.doAs(Subject.java:422) [?:1.8.0_332]
	at org.apache.hadoop.security.UserGroupInformation.doAs(UserGroupInformation.java:1878) [hadoop-common-3.3.1.jar:?]
	at org.apache.hadoop.ipc.Server$Handler.run(Server.java:2966) [hadoop-common-3.3.1.jar:?]
01:56:30.381 [IPC Server handler 15 on default port 44107] ERROR OMAudit - user=runner | ip=127.0.0.1 | op=GET_FILE_STATUS {volume=volume07240, bucket=bucket34393, key=testBatchDelete/parent/childFolder/child6, dataSize=0, replicationConfig=null} | ret=FAILURE
org.apache.hadoop.ozone.om.exceptions.OMException: Unable to get file status: volume: volume07240 bucket: bucket34393 key: testBatchDelete/parent/childFolder/child6
	at org.apache.hadoop.ozone.om.KeyManagerImpl.getOzoneFileStatus(KeyManagerImpl.java:1311) ~[ozone-manager-1.3.0-SNAPSHOT.jar:?]
	at org.apache.hadoop.ozone.om.KeyManagerImpl.getFileStatus(KeyManagerImpl.java:1241) ~[ozone-manager-1.3.0-SNAPSHOT.jar:?]
	at org.apache.hadoop.ozone.om.OzoneManager.getFileStatus(OzoneManager.java:3467) ~[ozone-manager-1.3.0-SNAPSHOT.jar:?]
	at org.apache.hadoop.ozone.protocolPB.OzoneManagerRequestHandler.getOzoneFileStatus(OzoneManagerRequestHandler.java:878) ~[ozone-manager-1.3.0-SNAPSHOT.jar:?]
	at org.apache.hadoop.ozone.protocolPB.OzoneManagerRequestHandler.handleReadRequest(OzoneManagerRequestHandler.java:224) ~[ozone-manager-1.3.0-SNAPSHOT.jar:?]
	at org.apache.hadoop.ozone.protocolPB.OzoneManagerProtocolServerSideTranslatorPB.submitRequestDirectlyToOM(OzoneManagerProtocolServerSideTranslatorPB.java:276) ~[ozone-manager-1.3.0-SNAPSHOT.jar:?]
	at org.apache.hadoop.ozone.protocolPB.OzoneManagerProtocolServerSideTranslatorPB.processRequest(OzoneManagerProtocolServerSideTranslatorPB.java:205) ~[ozone-manager-1.3.0-SNAPSHOT.jar:?]
	at org.apache.hadoop.hdds.server.OzoneProtocolMessageDispatcher.processRequest(OzoneProtocolMessageDispatcher.java:87) [hdds-server-framework-1.3.0-SNAPSHOT.jar:?]
	at org.apache.hadoop.ozone.protocolPB.OzoneManagerProtocolServerSideTranslatorPB.submitRequest(OzoneManagerProtocolServerSideTranslatorPB.java:147) [ozone-manager-1.3.0-SNAPSHOT.jar:?]
	at org.apache.hadoop.ozone.protocol.proto.OzoneManagerProtocolProtos$OzoneManagerService$2.callBlockingMethod(OzoneManagerProtocolProtos.java) [ozone-interface-client-1.3.0-SNAPSHOT.jar:?]
	at org.apache.hadoop.ipc.ProtobufRpcEngine$Server.processCall(ProtobufRpcEngine.java:466) [hadoop-common-3.3.1.jar:?]
	at org.apache.hadoop.ipc.ProtobufRpcEngine2$Server$ProtoBufRpcInvoker.call(ProtobufRpcEngine2.java:574) [hadoop-common-3.3.1.jar:?]
	at org.apache.hadoop.ipc.ProtobufRpcEngine2$Server$ProtoBufRpcInvoker.call(ProtobufRpcEngine2.java:552) [hadoop-common-3.3.1.jar:?]
	at org.apache.hadoop.ipc.RPC$Server.call(RPC.java:1093) [hadoop-common-3.3.1.jar:?]
	at org.apache.hadoop.ipc.Server$RpcCall.run(Server.java:1035) [hadoop-common-3.3.1.jar:?]
	at org.apache.hadoop.ipc.Server$RpcCall.run(Server.java:963) [hadoop-common-3.3.1.jar:?]
	at java.security.AccessController.doPrivileged(Native Method) ~[?:1.8.0_332]
	at javax.security.auth.Subject.doAs(Subject.java:422) [?:1.8.0_332]
	at org.apache.hadoop.security.UserGroupInformation.doAs(UserGroupInformation.java:1878) [hadoop-common-3.3.1.jar:?]
	at org.apache.hadoop.ipc.Server$Handler.run(Server.java:2966) [hadoop-common-3.3.1.jar:?]
01:56:30.382 [IPC Server handler 17 on default port 44107] ERROR OMAudit - user=runner | ip=127.0.0.1 | op=GET_FILE_STATUS {volume=volume07240, bucket=bucket34393, key=testBatchDelete/parent/child7, dataSize=0, replicationConfig=null} | ret=FAILURE
org.apache.hadoop.ozone.om.exceptions.OMException: Unable to get file status: volume: volume07240 bucket: bucket34393 key: testBatchDelete/parent/child7
	at org.apache.hadoop.ozone.om.KeyManagerImpl.getOzoneFileStatus(KeyManagerImpl.java:1311) ~[ozone-manager-1.3.0-SNAPSHOT.jar:?]
	at org.apache.hadoop.ozone.om.KeyManagerImpl.getFileStatus(KeyManagerImpl.java:1241) ~[ozone-manager-1.3.0-SNAPSHOT.jar:?]
	at org.apache.hadoop.ozone.om.OzoneManager.getFileStatus(OzoneManager.java:3467) ~[ozone-manager-1.3.0-SNAPSHOT.jar:?]
	at org.apache.hadoop.ozone.protocolPB.OzoneManagerRequestHandler.getOzoneFileStatus(OzoneManagerRequestHandler.java:878) ~[ozone-manager-1.3.0-SNAPSHOT.jar:?]
	at org.apache.hadoop.ozone.protocolPB.OzoneManagerRequestHandler.handleReadRequest(OzoneManagerRequestHandler.java:224) ~[ozone-manager-1.3.0-SNAPSHOT.jar:?]
	at org.apache.hadoop.ozone.protocolPB.OzoneManagerProtocolServerSideTranslatorPB.submitRequestDirectlyToOM(OzoneManagerProtocolServerSideTranslatorPB.java:276) ~[ozone-manager-1.3.0-SNAPSHOT.jar:?]
	at org.apache.hadoop.ozone.protocolPB.OzoneManagerProtocolServerSideTranslatorPB.processRequest(OzoneManagerProtocolServerSideTranslatorPB.java:205) ~[ozone-manager-1.3.0-SNAPSHOT.jar:?]
	at org.apache.hadoop.hdds.server.OzoneProtocolMessageDispatcher.processRequest(OzoneProtocolMessageDispatcher.java:87) [hdds-server-framework-1.3.0-SNAPSHOT.jar:?]
	at org.apache.hadoop.ozone.protocolPB.OzoneManagerProtocolServerSideTranslatorPB.submitRequest(OzoneManagerProtocolServerSideTranslatorPB.java:147) [ozone-manager-1.3.0-SNAPSHOT.jar:?]
	at org.apache.hadoop.ozone.protocol.proto.OzoneManagerProtocolProtos$OzoneManagerService$2.callBlockingMethod(OzoneManagerProtocolProtos.java) [ozone-interface-client-1.3.0-SNAPSHOT.jar:?]
	at org.apache.hadoop.ipc.ProtobufRpcEngine$Server.processCall(ProtobufRpcEngine.java:466) [hadoop-common-3.3.1.jar:?]
	at org.apache.hadoop.ipc.ProtobufRpcEngine2$Server$ProtoBufRpcInvoker.call(ProtobufRpcEngine2.java:574) [hadoop-common-3.3.1.jar:?]
	at org.apache.hadoop.ipc.ProtobufRpcEngine2$Server$ProtoBufRpcInvoker.call(ProtobufRpcEngine2.java:552) [hadoop-common-3.3.1.jar:?]
	at org.apache.hadoop.ipc.RPC$Server.call(RPC.java:1093) [hadoop-common-3.3.1.jar:?]
	at org.apache.hadoop.ipc.Server$RpcCall.run(Server.java:1035) [hadoop-common-3.3.1.jar:?]
	at org.apache.hadoop.ipc.Server$RpcCall.run(Server.java:963) [hadoop-common-3.3.1.jar:?]
	at java.security.AccessController.doPrivileged(Native Method) ~[?:1.8.0_332]
	at javax.security.auth.Subject.doAs(Subject.java:422) [?:1.8.0_332]
	at org.apache.hadoop.security.UserGroupInformation.doAs(UserGroupInformation.java:1878) [hadoop-common-3.3.1.jar:?]
	at org.apache.hadoop.ipc.Server$Handler.run(Server.java:2966) [hadoop-common-3.3.1.jar:?]
01:56:30.384 [IPC Server handler 18 on default port 44107] ERROR OMAudit - user=runner | ip=127.0.0.1 | op=GET_FILE_STATUS {volume=volume07240, bucket=bucket34393, key=testBatchDelete/parent/childFolder/child7, dataSize=0, replicationConfig=null} | ret=FAILURE
org.apache.hadoop.ozone.om.exceptions.OMException: Unable to get file status: volume: volume07240 bucket: bucket34393 key: testBatchDelete/parent/childFolder/child7
	at org.apache.hadoop.ozone.om.KeyManagerImpl.getOzoneFileStatus(KeyManagerImpl.java:1311) ~[ozone-manager-1.3.0-SNAPSHOT.jar:?]
	at org.apache.hadoop.ozone.om.KeyManagerImpl.getFileStatus(KeyManagerImpl.java:1241) ~[ozone-manager-1.3.0-SNAPSHOT.jar:?]
	at org.apache.hadoop.ozone.om.OzoneManager.getFileStatus(OzoneManager.java:3467) ~[ozone-manager-1.3.0-SNAPSHOT.jar:?]
	at org.apache.hadoop.ozone.protocolPB.OzoneManagerRequestHandler.getOzoneFileStatus(OzoneManagerRequestHandler.java:878) ~[ozone-manager-1.3.0-SNAPSHOT.jar:?]
	at org.apache.hadoop.ozone.protocolPB.OzoneManagerRequestHandler.handleReadRequest(OzoneManagerRequestHandler.java:224) ~[ozone-manager-1.3.0-SNAPSHOT.jar:?]
	at org.apache.hadoop.ozone.protocolPB.OzoneManagerProtocolServerSideTranslatorPB.submitRequestDirectlyToOM(OzoneManagerProtocolServerSideTranslatorPB.java:276) ~[ozone-manager-1.3.0-SNAPSHOT.jar:?]
	at org.apache.hadoop.ozone.protocolPB.OzoneManagerProtocolServerSideTranslatorPB.processRequest(OzoneManagerProtocolServerSideTranslatorPB.java:205) ~[ozone-manager-1.3.0-SNAPSHOT.jar:?]
	at org.apache.hadoop.hdds.server.OzoneProtocolMessageDispatcher.processRequest(OzoneProtocolMessageDispatcher.java:87) [hdds-server-framework-1.3.0-SNAPSHOT.jar:?]
	at org.apache.hadoop.ozone.protocolPB.OzoneManagerProtocolServerSideTranslatorPB.submitRequest(OzoneManagerProtocolServerSideTranslatorPB.java:147) [ozone-manager-1.3.0-SNAPSHOT.jar:?]
	at org.apache.hadoop.ozone.protocol.proto.OzoneManagerProtocolProtos$OzoneManagerService$2.callBlockingMethod(OzoneManagerProtocolProtos.java) [ozone-interface-client-1.3.0-SNAPSHOT.jar:?]
	at org.apache.hadoop.ipc.ProtobufRpcEngine$Server.processCall(ProtobufRpcEngine.java:466) [hadoop-common-3.3.1.jar:?]
	at org.apache.hadoop.ipc.ProtobufRpcEngine2$Server$ProtoBufRpcInvoker.call(ProtobufRpcEngine2.java:574) [hadoop-common-3.3.1.jar:?]
	at org.apache.hadoop.ipc.ProtobufRpcEngine2$Server$ProtoBufRpcInvoker.call(ProtobufRpcEngine2.java:552) [hadoop-common-3.3.1.jar:?]
	at org.apache.hadoop.ipc.RPC$Server.call(RPC.java:1093) [hadoop-common-3.3.1.jar:?]
	at org.apache.hadoop.ipc.Server$RpcCall.run(Server.java:1035) [hadoop-common-3.3.1.jar:?]
	at org.apache.hadoop.ipc.Server$RpcCall.run(Server.java:963) [hadoop-common-3.3.1.jar:?]
	at java.security.AccessController.doPrivileged(Native Method) ~[?:1.8.0_332]
	at javax.security.auth.Subject.doAs(Subject.java:422) [?:1.8.0_332]
	at org.apache.hadoop.security.UserGroupInformation.doAs(UserGroupInformation.java:1878) [hadoop-common-3.3.1.jar:?]
	at org.apache.hadoop.ipc.Server$Handler.run(Server.java:2966) [hadoop-common-3.3.1.jar:?]
01:56:30.385 [IPC Server handler 19 on default port 44107] ERROR OMAudit - user=runner | ip=127.0.0.1 | op=GET_FILE_STATUS {volume=volume07240, bucket=bucket34393, key=testBatchDelete/parent, dataSize=0, replicationConfig=null} | ret=FAILURE
org.apache.hadoop.ozone.om.exceptions.OMException: Unable to get file status: volume: volume07240 bucket: bucket34393 key: testBatchDelete/parent
	at org.apache.hadoop.ozone.om.KeyManagerImpl.getOzoneFileStatus(KeyManagerImpl.java:1311) ~[ozone-manager-1.3.0-SNAPSHOT.jar:?]
	at org.apache.hadoop.ozone.om.KeyManagerImpl.getFileStatus(KeyManagerImpl.java:1241) ~[ozone-manager-1.3.0-SNAPSHOT.jar:?]
	at org.apache.hadoop.ozone.om.OzoneManager.getFileStatus(OzoneManager.java:3467) ~[ozone-manager-1.3.0-SNAPSHOT.jar:?]
	at org.apache.hadoop.ozone.protocolPB.OzoneManagerRequestHandler.getOzoneFileStatus(OzoneManagerRequestHandler.java:878) ~[ozone-manager-1.3.0-SNAPSHOT.jar:?]
	at org.apache.hadoop.ozone.protocolPB.OzoneManagerRequestHandler.handleReadRequest(OzoneManagerRequestHandler.java:224) ~[ozone-manager-1.3.0-SNAPSHOT.jar:?]
	at org.apache.hadoop.ozone.protocolPB.OzoneManagerProtocolServerSideTranslatorPB.submitRequestDirectlyToOM(OzoneManagerProtocolServerSideTranslatorPB.java:276) ~[ozone-manager-1.3.0-SNAPSHOT.jar:?]
	at org.apache.hadoop.ozone.protocolPB.OzoneManagerProtocolServerSideTranslatorPB.processRequest(OzoneManagerProtocolServerSideTranslatorPB.java:205) ~[ozone-manager-1.3.0-SNAPSHOT.jar:?]
	at org.apache.hadoop.hdds.server.OzoneProtocolMessageDispatcher.processRequest(OzoneProtocolMessageDispatcher.java:87) [hdds-server-framework-1.3.0-SNAPSHOT.jar:?]
	at org.apache.hadoop.ozone.protocolPB.OzoneManagerProtocolServerSideTranslatorPB.submitRequest(OzoneManagerProtocolServerSideTranslatorPB.java:147) [ozone-manager-1.3.0-SNAPSHOT.jar:?]
	at org.apache.hadoop.ozone.protocol.proto.OzoneManagerProtocolProtos$OzoneManagerService$2.callBlockingMethod(OzoneManagerProtocolProtos.java) [ozone-interface-client-1.3.0-SNAPSHOT.jar:?]
	at org.apache.hadoop.ipc.ProtobufRpcEngine$Server.processCall(ProtobufRpcEngine.java:466) [hadoop-common-3.3.1.jar:?]
	at org.apache.hadoop.ipc.ProtobufRpcEngine2$Server$ProtoBufRpcInvoker.call(ProtobufRpcEngine2.java:574) [hadoop-common-3.3.1.jar:?]
	at org.apache.hadoop.ipc.ProtobufRpcEngine2$Server$ProtoBufRpcInvoker.call(ProtobufRpcEngine2.java:552) [hadoop-common-3.3.1.jar:?]
	at org.apache.hadoop.ipc.RPC$Server.call(RPC.java:1093) [hadoop-common-3.3.1.jar:?]
	at org.apache.hadoop.ipc.Server$RpcCall.run(Server.java:1035) [hadoop-common-3.3.1.jar:?]
	at org.apache.hadoop.ipc.Server$RpcCall.run(Server.java:963) [hadoop-common-3.3.1.jar:?]
	at java.security.AccessController.doPrivileged(Native Method) ~[?:1.8.0_332]
	at javax.security.auth.Subject.doAs(Subject.java:422) [?:1.8.0_332]
	at org.apache.hadoop.security.UserGroupInformation.doAs(UserGroupInformation.java:1878) [hadoop-common-3.3.1.jar:?]
	at org.apache.hadoop.ipc.Server$Handler.run(Server.java:2966) [hadoop-common-3.3.1.jar:?]
2022-08-03 01:56:30,385 [Time-limited test] WARN  ozone.BasicOzoneFileSystem (BasicOzoneFileSystem.java:delete(532)) - delete: Path does not exist: /testBatchDelete/parent
]]></system-out>
  </testcase>
  <testcase name="testFileDelete" classname="TestOzoneFileSystem" time="0.21">
    <system-out><![CDATA[01:57:41.052 [IPC Server handler 10 on default port 36611] ERROR OMAudit - user=runner | ip=127.0.0.1 | op=GET_FILE_STATUS {volume=volume58070, bucket=bucket54574, key=testBatchDelete, dataSize=0, replicationConfig=null} | ret=FAILURE
org.apache.hadoop.ozone.om.exceptions.OMException: Unable to get file status: volume: volume58070 bucket: bucket54574 key: testBatchDelete
	at org.apache.hadoop.ozone.om.KeyManagerImpl.getOzoneFileStatus(KeyManagerImpl.java:1311) ~[ozone-manager-1.3.0-SNAPSHOT.jar:?]
	at org.apache.hadoop.ozone.om.KeyManagerImpl.getFileStatus(KeyManagerImpl.java:1241) ~[ozone-manager-1.3.0-SNAPSHOT.jar:?]
	at org.apache.hadoop.ozone.om.OzoneManager.getFileStatus(OzoneManager.java:3467) ~[ozone-manager-1.3.0-SNAPSHOT.jar:?]
	at org.apache.hadoop.ozone.protocolPB.OzoneManagerRequestHandler.getOzoneFileStatus(OzoneManagerRequestHandler.java:878) ~[ozone-manager-1.3.0-SNAPSHOT.jar:?]
	at org.apache.hadoop.ozone.protocolPB.OzoneManagerRequestHandler.handleReadRequest(OzoneManagerRequestHandler.java:224) ~[ozone-manager-1.3.0-SNAPSHOT.jar:?]
	at org.apache.hadoop.ozone.protocolPB.OzoneManagerProtocolServerSideTranslatorPB.submitReadRequestToOM(OzoneManagerProtocolServerSideTranslatorPB.java:226) ~[ozone-manager-1.3.0-SNAPSHOT.jar:?]
	at org.apache.hadoop.ozone.protocolPB.OzoneManagerProtocolServerSideTranslatorPB.processRequest(OzoneManagerProtocolServerSideTranslatorPB.java:175) ~[ozone-manager-1.3.0-SNAPSHOT.jar:?]
	at org.apache.hadoop.hdds.server.OzoneProtocolMessageDispatcher.processRequest(OzoneProtocolMessageDispatcher.java:87) [hdds-server-framework-1.3.0-SNAPSHOT.jar:?]
	at org.apache.hadoop.ozone.protocolPB.OzoneManagerProtocolServerSideTranslatorPB.submitRequest(OzoneManagerProtocolServerSideTranslatorPB.java:147) [ozone-manager-1.3.0-SNAPSHOT.jar:?]
	at org.apache.hadoop.ozone.protocol.proto.OzoneManagerProtocolProtos$OzoneManagerService$2.callBlockingMethod(OzoneManagerProtocolProtos.java) [ozone-interface-client-1.3.0-SNAPSHOT.jar:?]
	at org.apache.hadoop.ipc.ProtobufRpcEngine$Server.processCall(ProtobufRpcEngine.java:466) [hadoop-common-3.3.1.jar:?]
	at org.apache.hadoop.ipc.ProtobufRpcEngine2$Server$ProtoBufRpcInvoker.call(ProtobufRpcEngine2.java:574) [hadoop-common-3.3.1.jar:?]
	at org.apache.hadoop.ipc.ProtobufRpcEngine2$Server$ProtoBufRpcInvoker.call(ProtobufRpcEngine2.java:552) [hadoop-common-3.3.1.jar:?]
	at org.apache.hadoop.ipc.RPC$Server.call(RPC.java:1093) [hadoop-common-3.3.1.jar:?]
	at org.apache.hadoop.ipc.Server$RpcCall.run(Server.java:1035) [hadoop-common-3.3.1.jar:?]
	at org.apache.hadoop.ipc.Server$RpcCall.run(Server.java:963) [hadoop-common-3.3.1.jar:?]
	at java.security.AccessController.doPrivileged(Native Method) ~[?:1.8.0_332]
	at javax.security.auth.Subject.doAs(Subject.java:422) [?:1.8.0_332]
	at org.apache.hadoop.security.UserGroupInformation.doAs(UserGroupInformation.java:1878) [hadoop-common-3.3.1.jar:?]
	at org.apache.hadoop.ipc.Server$Handler.run(Server.java:2966) [hadoop-common-3.3.1.jar:?]
01:57:41.053 [IPC Server handler 11 on default port 36611] ERROR OMAudit - user=runner | ip=127.0.0.1 | op=GET_FILE_STATUS {volume=volume58070, bucket=bucket54574, key=testBatchDelete/parent/child0, dataSize=0, replicationConfig=null} | ret=FAILURE
org.apache.hadoop.ozone.om.exceptions.OMException: Unable to get file status: volume: volume58070 bucket: bucket54574 key: testBatchDelete/parent/child0
	at org.apache.hadoop.ozone.om.KeyManagerImpl.getOzoneFileStatus(KeyManagerImpl.java:1311) ~[ozone-manager-1.3.0-SNAPSHOT.jar:?]
	at org.apache.hadoop.ozone.om.KeyManagerImpl.getFileStatus(KeyManagerImpl.java:1241) ~[ozone-manager-1.3.0-SNAPSHOT.jar:?]
	at org.apache.hadoop.ozone.om.OzoneManager.getFileStatus(OzoneManager.java:3467) ~[ozone-manager-1.3.0-SNAPSHOT.jar:?]
	at org.apache.hadoop.ozone.protocolPB.OzoneManagerRequestHandler.getOzoneFileStatus(OzoneManagerRequestHandler.java:878) ~[ozone-manager-1.3.0-SNAPSHOT.jar:?]
	at org.apache.hadoop.ozone.protocolPB.OzoneManagerRequestHandler.handleReadRequest(OzoneManagerRequestHandler.java:224) ~[ozone-manager-1.3.0-SNAPSHOT.jar:?]
	at org.apache.hadoop.ozone.protocolPB.OzoneManagerProtocolServerSideTranslatorPB.submitReadRequestToOM(OzoneManagerProtocolServerSideTranslatorPB.java:226) ~[ozone-manager-1.3.0-SNAPSHOT.jar:?]
	at org.apache.hadoop.ozone.protocolPB.OzoneManagerProtocolServerSideTranslatorPB.processRequest(OzoneManagerProtocolServerSideTranslatorPB.java:175) ~[ozone-manager-1.3.0-SNAPSHOT.jar:?]
	at org.apache.hadoop.hdds.server.OzoneProtocolMessageDispatcher.processRequest(OzoneProtocolMessageDispatcher.java:87) [hdds-server-framework-1.3.0-SNAPSHOT.jar:?]
	at org.apache.hadoop.ozone.protocolPB.OzoneManagerProtocolServerSideTranslatorPB.submitRequest(OzoneManagerProtocolServerSideTranslatorPB.java:147) [ozone-manager-1.3.0-SNAPSHOT.jar:?]
	at org.apache.hadoop.ozone.protocol.proto.OzoneManagerProtocolProtos$OzoneManagerService$2.callBlockingMethod(OzoneManagerProtocolProtos.java) [ozone-interface-client-1.3.0-SNAPSHOT.jar:?]
	at org.apache.hadoop.ipc.ProtobufRpcEngine$Server.processCall(ProtobufRpcEngine.java:466) [hadoop-common-3.3.1.jar:?]
	at org.apache.hadoop.ipc.ProtobufRpcEngine2$Server$ProtoBufRpcInvoker.call(ProtobufRpcEngine2.java:574) [hadoop-common-3.3.1.jar:?]
	at org.apache.hadoop.ipc.ProtobufRpcEngine2$Server$ProtoBufRpcInvoker.call(ProtobufRpcEngine2.java:552) [hadoop-common-3.3.1.jar:?]
	at org.apache.hadoop.ipc.RPC$Server.call(RPC.java:1093) [hadoop-common-3.3.1.jar:?]
	at org.apache.hadoop.ipc.Server$RpcCall.run(Server.java:1035) [hadoop-common-3.3.1.jar:?]
	at org.apache.hadoop.ipc.Server$RpcCall.run(Server.java:963) [hadoop-common-3.3.1.jar:?]
	at java.security.AccessController.doPrivileged(Native Method) ~[?:1.8.0_332]
	at javax.security.auth.Subject.doAs(Subject.java:422) [?:1.8.0_332]
	at org.apache.hadoop.security.UserGroupInformation.doAs(UserGroupInformation.java:1878) [hadoop-common-3.3.1.jar:?]
	at org.apache.hadoop.ipc.Server$Handler.run(Server.java:2966) [hadoop-common-3.3.1.jar:?]
01:57:41.053 [IPC Server handler 14 on default port 36611] ERROR OMAudit - user=runner | ip=127.0.0.1 | op=GET_FILE_STATUS {volume=volume58070, bucket=bucket54574, key=testBatchDelete/parent/childFolder/child0, dataSize=0, replicationConfig=null} | ret=FAILURE
org.apache.hadoop.ozone.om.exceptions.OMException: Unable to get file status: volume: volume58070 bucket: bucket54574 key: testBatchDelete/parent/childFolder/child0
	at org.apache.hadoop.ozone.om.KeyManagerImpl.getOzoneFileStatus(KeyManagerImpl.java:1311) ~[ozone-manager-1.3.0-SNAPSHOT.jar:?]
	at org.apache.hadoop.ozone.om.KeyManagerImpl.getFileStatus(KeyManagerImpl.java:1241) ~[ozone-manager-1.3.0-SNAPSHOT.jar:?]
	at org.apache.hadoop.ozone.om.OzoneManager.getFileStatus(OzoneManager.java:3467) ~[ozone-manager-1.3.0-SNAPSHOT.jar:?]
	at org.apache.hadoop.ozone.protocolPB.OzoneManagerRequestHandler.getOzoneFileStatus(OzoneManagerRequestHandler.java:878) ~[ozone-manager-1.3.0-SNAPSHOT.jar:?]
	at org.apache.hadoop.ozone.protocolPB.OzoneManagerRequestHandler.handleReadRequest(OzoneManagerRequestHandler.java:224) ~[ozone-manager-1.3.0-SNAPSHOT.jar:?]
	at org.apache.hadoop.ozone.protocolPB.OzoneManagerProtocolServerSideTranslatorPB.submitReadRequestToOM(OzoneManagerProtocolServerSideTranslatorPB.java:226) ~[ozone-manager-1.3.0-SNAPSHOT.jar:?]
	at org.apache.hadoop.ozone.protocolPB.OzoneManagerProtocolServerSideTranslatorPB.processRequest(OzoneManagerProtocolServerSideTranslatorPB.java:175) ~[ozone-manager-1.3.0-SNAPSHOT.jar:?]
	at org.apache.hadoop.hdds.server.OzoneProtocolMessageDispatcher.processRequest(OzoneProtocolMessageDispatcher.java:87) [hdds-server-framework-1.3.0-SNAPSHOT.jar:?]
	at org.apache.hadoop.ozone.protocolPB.OzoneManagerProtocolServerSideTranslatorPB.submitRequest(OzoneManagerProtocolServerSideTranslatorPB.java:147) [ozone-manager-1.3.0-SNAPSHOT.jar:?]
	at org.apache.hadoop.ozone.protocol.proto.OzoneManagerProtocolProtos$OzoneManagerService$2.callBlockingMethod(OzoneManagerProtocolProtos.java) [ozone-interface-client-1.3.0-SNAPSHOT.jar:?]
	at org.apache.hadoop.ipc.ProtobufRpcEngine$Server.processCall(ProtobufRpcEngine.java:466) [hadoop-common-3.3.1.jar:?]
	at org.apache.hadoop.ipc.ProtobufRpcEngine2$Server$ProtoBufRpcInvoker.call(ProtobufRpcEngine2.java:574) [hadoop-common-3.3.1.jar:?]
	at org.apache.hadoop.ipc.ProtobufRpcEngine2$Server$ProtoBufRpcInvoker.call(ProtobufRpcEngine2.java:552) [hadoop-common-3.3.1.jar:?]
	at org.apache.hadoop.ipc.RPC$Server.call(RPC.java:1093) [hadoop-common-3.3.1.jar:?]
	at org.apache.hadoop.ipc.Server$RpcCall.run(Server.java:1035) [hadoop-common-3.3.1.jar:?]
	at org.apache.hadoop.ipc.Server$RpcCall.run(Server.java:963) [hadoop-common-3.3.1.jar:?]
	at java.security.AccessController.doPrivileged(Native Method) ~[?:1.8.0_332]
	at javax.security.auth.Subject.doAs(Subject.java:422) [?:1.8.0_332]
	at org.apache.hadoop.security.UserGroupInformation.doAs(UserGroupInformation.java:1878) [hadoop-common-3.3.1.jar:?]
	at org.apache.hadoop.ipc.Server$Handler.run(Server.java:2966) [hadoop-common-3.3.1.jar:?]
01:57:41.054 [IPC Server handler 6 on default port 36611] ERROR OMAudit - user=runner | ip=127.0.0.1 | op=GET_FILE_STATUS {volume=volume58070, bucket=bucket54574, key=testBatchDelete/parent/child1, dataSize=0, replicationConfig=null} | ret=FAILURE
org.apache.hadoop.ozone.om.exceptions.OMException: Unable to get file status: volume: volume58070 bucket: bucket54574 key: testBatchDelete/parent/child1
	at org.apache.hadoop.ozone.om.KeyManagerImpl.getOzoneFileStatus(KeyManagerImpl.java:1311) ~[ozone-manager-1.3.0-SNAPSHOT.jar:?]
	at org.apache.hadoop.ozone.om.KeyManagerImpl.getFileStatus(KeyManagerImpl.java:1241) ~[ozone-manager-1.3.0-SNAPSHOT.jar:?]
	at org.apache.hadoop.ozone.om.OzoneManager.getFileStatus(OzoneManager.java:3467) ~[ozone-manager-1.3.0-SNAPSHOT.jar:?]
	at org.apache.hadoop.ozone.protocolPB.OzoneManagerRequestHandler.getOzoneFileStatus(OzoneManagerRequestHandler.java:878) ~[ozone-manager-1.3.0-SNAPSHOT.jar:?]
	at org.apache.hadoop.ozone.protocolPB.OzoneManagerRequestHandler.handleReadRequest(OzoneManagerRequestHandler.java:224) ~[ozone-manager-1.3.0-SNAPSHOT.jar:?]
	at org.apache.hadoop.ozone.protocolPB.OzoneManagerProtocolServerSideTranslatorPB.submitReadRequestToOM(OzoneManagerProtocolServerSideTranslatorPB.java:226) ~[ozone-manager-1.3.0-SNAPSHOT.jar:?]
	at org.apache.hadoop.ozone.protocolPB.OzoneManagerProtocolServerSideTranslatorPB.processRequest(OzoneManagerProtocolServerSideTranslatorPB.java:175) ~[ozone-manager-1.3.0-SNAPSHOT.jar:?]
	at org.apache.hadoop.hdds.server.OzoneProtocolMessageDispatcher.processRequest(OzoneProtocolMessageDispatcher.java:87) [hdds-server-framework-1.3.0-SNAPSHOT.jar:?]
	at org.apache.hadoop.ozone.protocolPB.OzoneManagerProtocolServerSideTranslatorPB.submitRequest(OzoneManagerProtocolServerSideTranslatorPB.java:147) [ozone-manager-1.3.0-SNAPSHOT.jar:?]
	at org.apache.hadoop.ozone.protocol.proto.OzoneManagerProtocolProtos$OzoneManagerService$2.callBlockingMethod(OzoneManagerProtocolProtos.java) [ozone-interface-client-1.3.0-SNAPSHOT.jar:?]
	at org.apache.hadoop.ipc.ProtobufRpcEngine$Server.processCall(ProtobufRpcEngine.java:466) [hadoop-common-3.3.1.jar:?]
	at org.apache.hadoop.ipc.ProtobufRpcEngine2$Server$ProtoBufRpcInvoker.call(ProtobufRpcEngine2.java:574) [hadoop-common-3.3.1.jar:?]
	at org.apache.hadoop.ipc.ProtobufRpcEngine2$Server$ProtoBufRpcInvoker.call(ProtobufRpcEngine2.java:552) [hadoop-common-3.3.1.jar:?]
	at org.apache.hadoop.ipc.RPC$Server.call(RPC.java:1093) [hadoop-common-3.3.1.jar:?]
	at org.apache.hadoop.ipc.Server$RpcCall.run(Server.java:1035) [hadoop-common-3.3.1.jar:?]
	at org.apache.hadoop.ipc.Server$RpcCall.run(Server.java:963) [hadoop-common-3.3.1.jar:?]
	at java.security.AccessController.doPrivileged(Native Method) ~[?:1.8.0_332]
	at javax.security.auth.Subject.doAs(Subject.java:422) [?:1.8.0_332]
	at org.apache.hadoop.security.UserGroupInformation.doAs(UserGroupInformation.java:1878) [hadoop-common-3.3.1.jar:?]
	at org.apache.hadoop.ipc.Server$Handler.run(Server.java:2966) [hadoop-common-3.3.1.jar:?]
01:57:41.055 [IPC Server handler 3 on default port 36611] ERROR OMAudit - user=runner | ip=127.0.0.1 | op=GET_FILE_STATUS {volume=volume58070, bucket=bucket54574, key=testBatchDelete/parent/childFolder/child1, dataSize=0, replicationConfig=null} | ret=FAILURE
org.apache.hadoop.ozone.om.exceptions.OMException: Unable to get file status: volume: volume58070 bucket: bucket54574 key: testBatchDelete/parent/childFolder/child1
	at org.apache.hadoop.ozone.om.KeyManagerImpl.getOzoneFileStatus(KeyManagerImpl.java:1311) ~[ozone-manager-1.3.0-SNAPSHOT.jar:?]
	at org.apache.hadoop.ozone.om.KeyManagerImpl.getFileStatus(KeyManagerImpl.java:1241) ~[ozone-manager-1.3.0-SNAPSHOT.jar:?]
	at org.apache.hadoop.ozone.om.OzoneManager.getFileStatus(OzoneManager.java:3467) ~[ozone-manager-1.3.0-SNAPSHOT.jar:?]
	at org.apache.hadoop.ozone.protocolPB.OzoneManagerRequestHandler.getOzoneFileStatus(OzoneManagerRequestHandler.java:878) ~[ozone-manager-1.3.0-SNAPSHOT.jar:?]
	at org.apache.hadoop.ozone.protocolPB.OzoneManagerRequestHandler.handleReadRequest(OzoneManagerRequestHandler.java:224) ~[ozone-manager-1.3.0-SNAPSHOT.jar:?]
	at org.apache.hadoop.ozone.protocolPB.OzoneManagerProtocolServerSideTranslatorPB.submitReadRequestToOM(OzoneManagerProtocolServerSideTranslatorPB.java:226) ~[ozone-manager-1.3.0-SNAPSHOT.jar:?]
	at org.apache.hadoop.ozone.protocolPB.OzoneManagerProtocolServerSideTranslatorPB.processRequest(OzoneManagerProtocolServerSideTranslatorPB.java:175) ~[ozone-manager-1.3.0-SNAPSHOT.jar:?]
	at org.apache.hadoop.hdds.server.OzoneProtocolMessageDispatcher.processRequest(OzoneProtocolMessageDispatcher.java:87) [hdds-server-framework-1.3.0-SNAPSHOT.jar:?]
	at org.apache.hadoop.ozone.protocolPB.OzoneManagerProtocolServerSideTranslatorPB.submitRequest(OzoneManagerProtocolServerSideTranslatorPB.java:147) [ozone-manager-1.3.0-SNAPSHOT.jar:?]
	at org.apache.hadoop.ozone.protocol.proto.OzoneManagerProtocolProtos$OzoneManagerService$2.callBlockingMethod(OzoneManagerProtocolProtos.java) [ozone-interface-client-1.3.0-SNAPSHOT.jar:?]
	at org.apache.hadoop.ipc.ProtobufRpcEngine$Server.processCall(ProtobufRpcEngine.java:466) [hadoop-common-3.3.1.jar:?]
	at org.apache.hadoop.ipc.ProtobufRpcEngine2$Server$ProtoBufRpcInvoker.call(ProtobufRpcEngine2.java:574) [hadoop-common-3.3.1.jar:?]
	at org.apache.hadoop.ipc.ProtobufRpcEngine2$Server$ProtoBufRpcInvoker.call(ProtobufRpcEngine2.java:552) [hadoop-common-3.3.1.jar:?]
	at org.apache.hadoop.ipc.RPC$Server.call(RPC.java:1093) [hadoop-common-3.3.1.jar:?]
	at org.apache.hadoop.ipc.Server$RpcCall.run(Server.java:1035) [hadoop-common-3.3.1.jar:?]
	at org.apache.hadoop.ipc.Server$RpcCall.run(Server.java:963) [hadoop-common-3.3.1.jar:?]
	at java.security.AccessController.doPrivileged(Native Method) ~[?:1.8.0_332]
	at javax.security.auth.Subject.doAs(Subject.java:422) [?:1.8.0_332]
	at org.apache.hadoop.security.UserGroupInformation.doAs(UserGroupInformation.java:1878) [hadoop-common-3.3.1.jar:?]
	at org.apache.hadoop.ipc.Server$Handler.run(Server.java:2966) [hadoop-common-3.3.1.jar:?]
01:57:41.055 [IPC Server handler 19 on default port 36611] ERROR OMAudit - user=runner | ip=127.0.0.1 | op=GET_FILE_STATUS {volume=volume58070, bucket=bucket54574, key=testBatchDelete/parent/child2, dataSize=0, replicationConfig=null} | ret=FAILURE
org.apache.hadoop.ozone.om.exceptions.OMException: Unable to get file status: volume: volume58070 bucket: bucket54574 key: testBatchDelete/parent/child2
	at org.apache.hadoop.ozone.om.KeyManagerImpl.getOzoneFileStatus(KeyManagerImpl.java:1311) ~[ozone-manager-1.3.0-SNAPSHOT.jar:?]
	at org.apache.hadoop.ozone.om.KeyManagerImpl.getFileStatus(KeyManagerImpl.java:1241) ~[ozone-manager-1.3.0-SNAPSHOT.jar:?]
	at org.apache.hadoop.ozone.om.OzoneManager.getFileStatus(OzoneManager.java:3467) ~[ozone-manager-1.3.0-SNAPSHOT.jar:?]
	at org.apache.hadoop.ozone.protocolPB.OzoneManagerRequestHandler.getOzoneFileStatus(OzoneManagerRequestHandler.java:878) ~[ozone-manager-1.3.0-SNAPSHOT.jar:?]
	at org.apache.hadoop.ozone.protocolPB.OzoneManagerRequestHandler.handleReadRequest(OzoneManagerRequestHandler.java:224) ~[ozone-manager-1.3.0-SNAPSHOT.jar:?]
	at org.apache.hadoop.ozone.protocolPB.OzoneManagerProtocolServerSideTranslatorPB.submitReadRequestToOM(OzoneManagerProtocolServerSideTranslatorPB.java:226) ~[ozone-manager-1.3.0-SNAPSHOT.jar:?]
	at org.apache.hadoop.ozone.protocolPB.OzoneManagerProtocolServerSideTranslatorPB.processRequest(OzoneManagerProtocolServerSideTranslatorPB.java:175) ~[ozone-manager-1.3.0-SNAPSHOT.jar:?]
	at org.apache.hadoop.hdds.server.OzoneProtocolMessageDispatcher.processRequest(OzoneProtocolMessageDispatcher.java:87) [hdds-server-framework-1.3.0-SNAPSHOT.jar:?]
	at org.apache.hadoop.ozone.protocolPB.OzoneManagerProtocolServerSideTranslatorPB.submitRequest(OzoneManagerProtocolServerSideTranslatorPB.java:147) [ozone-manager-1.3.0-SNAPSHOT.jar:?]
	at org.apache.hadoop.ozone.protocol.proto.OzoneManagerProtocolProtos$OzoneManagerService$2.callBlockingMethod(OzoneManagerProtocolProtos.java) [ozone-interface-client-1.3.0-SNAPSHOT.jar:?]
	at org.apache.hadoop.ipc.ProtobufRpcEngine$Server.processCall(ProtobufRpcEngine.java:466) [hadoop-common-3.3.1.jar:?]
	at org.apache.hadoop.ipc.ProtobufRpcEngine2$Server$ProtoBufRpcInvoker.call(ProtobufRpcEngine2.java:574) [hadoop-common-3.3.1.jar:?]
	at org.apache.hadoop.ipc.ProtobufRpcEngine2$Server$ProtoBufRpcInvoker.call(ProtobufRpcEngine2.java:552) [hadoop-common-3.3.1.jar:?]
	at org.apache.hadoop.ipc.RPC$Server.call(RPC.java:1093) [hadoop-common-3.3.1.jar:?]
	at org.apache.hadoop.ipc.Server$RpcCall.run(Server.java:1035) [hadoop-common-3.3.1.jar:?]
	at org.apache.hadoop.ipc.Server$RpcCall.run(Server.java:963) [hadoop-common-3.3.1.jar:?]
	at java.security.AccessController.doPrivileged(Native Method) ~[?:1.8.0_332]
	at javax.security.auth.Subject.doAs(Subject.java:422) [?:1.8.0_332]
	at org.apache.hadoop.security.UserGroupInformation.doAs(UserGroupInformation.java:1878) [hadoop-common-3.3.1.jar:?]
	at org.apache.hadoop.ipc.Server$Handler.run(Server.java:2966) [hadoop-common-3.3.1.jar:?]
01:57:41.056 [IPC Server handler 16 on default port 36611] ERROR OMAudit - user=runner | ip=127.0.0.1 | op=GET_FILE_STATUS {volume=volume58070, bucket=bucket54574, key=testBatchDelete/parent/childFolder/child2, dataSize=0, replicationConfig=null} | ret=FAILURE
org.apache.hadoop.ozone.om.exceptions.OMException: Unable to get file status: volume: volume58070 bucket: bucket54574 key: testBatchDelete/parent/childFolder/child2
	at org.apache.hadoop.ozone.om.KeyManagerImpl.getOzoneFileStatus(KeyManagerImpl.java:1311) ~[ozone-manager-1.3.0-SNAPSHOT.jar:?]
	at org.apache.hadoop.ozone.om.KeyManagerImpl.getFileStatus(KeyManagerImpl.java:1241) ~[ozone-manager-1.3.0-SNAPSHOT.jar:?]
	at org.apache.hadoop.ozone.om.OzoneManager.getFileStatus(OzoneManager.java:3467) ~[ozone-manager-1.3.0-SNAPSHOT.jar:?]
	at org.apache.hadoop.ozone.protocolPB.OzoneManagerRequestHandler.getOzoneFileStatus(OzoneManagerRequestHandler.java:878) ~[ozone-manager-1.3.0-SNAPSHOT.jar:?]
	at org.apache.hadoop.ozone.protocolPB.OzoneManagerRequestHandler.handleReadRequest(OzoneManagerRequestHandler.java:224) ~[ozone-manager-1.3.0-SNAPSHOT.jar:?]
	at org.apache.hadoop.ozone.protocolPB.OzoneManagerProtocolServerSideTranslatorPB.submitReadRequestToOM(OzoneManagerProtocolServerSideTranslatorPB.java:226) ~[ozone-manager-1.3.0-SNAPSHOT.jar:?]
	at org.apache.hadoop.ozone.protocolPB.OzoneManagerProtocolServerSideTranslatorPB.processRequest(OzoneManagerProtocolServerSideTranslatorPB.java:175) ~[ozone-manager-1.3.0-SNAPSHOT.jar:?]
	at org.apache.hadoop.hdds.server.OzoneProtocolMessageDispatcher.processRequest(OzoneProtocolMessageDispatcher.java:87) [hdds-server-framework-1.3.0-SNAPSHOT.jar:?]
	at org.apache.hadoop.ozone.protocolPB.OzoneManagerProtocolServerSideTranslatorPB.submitRequest(OzoneManagerProtocolServerSideTranslatorPB.java:147) [ozone-manager-1.3.0-SNAPSHOT.jar:?]
	at org.apache.hadoop.ozone.protocol.proto.OzoneManagerProtocolProtos$OzoneManagerService$2.callBlockingMethod(OzoneManagerProtocolProtos.java) [ozone-interface-client-1.3.0-SNAPSHOT.jar:?]
	at org.apache.hadoop.ipc.ProtobufRpcEngine$Server.processCall(ProtobufRpcEngine.java:466) [hadoop-common-3.3.1.jar:?]
	at org.apache.hadoop.ipc.ProtobufRpcEngine2$Server$ProtoBufRpcInvoker.call(ProtobufRpcEngine2.java:574) [hadoop-common-3.3.1.jar:?]
	at org.apache.hadoop.ipc.ProtobufRpcEngine2$Server$ProtoBufRpcInvoker.call(ProtobufRpcEngine2.java:552) [hadoop-common-3.3.1.jar:?]
	at org.apache.hadoop.ipc.RPC$Server.call(RPC.java:1093) [hadoop-common-3.3.1.jar:?]
	at org.apache.hadoop.ipc.Server$RpcCall.run(Server.java:1035) [hadoop-common-3.3.1.jar:?]
	at org.apache.hadoop.ipc.Server$RpcCall.run(Server.java:963) [hadoop-common-3.3.1.jar:?]
	at java.security.AccessController.doPrivileged(Native Method) ~[?:1.8.0_332]
	at javax.security.auth.Subject.doAs(Subject.java:422) [?:1.8.0_332]
	at org.apache.hadoop.security.UserGroupInformation.doAs(UserGroupInformation.java:1878) [hadoop-common-3.3.1.jar:?]
	at org.apache.hadoop.ipc.Server$Handler.run(Server.java:2966) [hadoop-common-3.3.1.jar:?]
01:57:41.057 [IPC Server handler 7 on default port 36611] ERROR OMAudit - user=runner | ip=127.0.0.1 | op=GET_FILE_STATUS {volume=volume58070, bucket=bucket54574, key=testBatchDelete/parent/child3, dataSize=0, replicationConfig=null} | ret=FAILURE
org.apache.hadoop.ozone.om.exceptions.OMException: Unable to get file status: volume: volume58070 bucket: bucket54574 key: testBatchDelete/parent/child3
	at org.apache.hadoop.ozone.om.KeyManagerImpl.getOzoneFileStatus(KeyManagerImpl.java:1311) ~[ozone-manager-1.3.0-SNAPSHOT.jar:?]
	at org.apache.hadoop.ozone.om.KeyManagerImpl.getFileStatus(KeyManagerImpl.java:1241) ~[ozone-manager-1.3.0-SNAPSHOT.jar:?]
	at org.apache.hadoop.ozone.om.OzoneManager.getFileStatus(OzoneManager.java:3467) ~[ozone-manager-1.3.0-SNAPSHOT.jar:?]
	at org.apache.hadoop.ozone.protocolPB.OzoneManagerRequestHandler.getOzoneFileStatus(OzoneManagerRequestHandler.java:878) ~[ozone-manager-1.3.0-SNAPSHOT.jar:?]
	at org.apache.hadoop.ozone.protocolPB.OzoneManagerRequestHandler.handleReadRequest(OzoneManagerRequestHandler.java:224) ~[ozone-manager-1.3.0-SNAPSHOT.jar:?]
	at org.apache.hadoop.ozone.protocolPB.OzoneManagerProtocolServerSideTranslatorPB.submitReadRequestToOM(OzoneManagerProtocolServerSideTranslatorPB.java:226) ~[ozone-manager-1.3.0-SNAPSHOT.jar:?]
	at org.apache.hadoop.ozone.protocolPB.OzoneManagerProtocolServerSideTranslatorPB.processRequest(OzoneManagerProtocolServerSideTranslatorPB.java:175) ~[ozone-manager-1.3.0-SNAPSHOT.jar:?]
	at org.apache.hadoop.hdds.server.OzoneProtocolMessageDispatcher.processRequest(OzoneProtocolMessageDispatcher.java:87) [hdds-server-framework-1.3.0-SNAPSHOT.jar:?]
	at org.apache.hadoop.ozone.protocolPB.OzoneManagerProtocolServerSideTranslatorPB.submitRequest(OzoneManagerProtocolServerSideTranslatorPB.java:147) [ozone-manager-1.3.0-SNAPSHOT.jar:?]
	at org.apache.hadoop.ozone.protocol.proto.OzoneManagerProtocolProtos$OzoneManagerService$2.callBlockingMethod(OzoneManagerProtocolProtos.java) [ozone-interface-client-1.3.0-SNAPSHOT.jar:?]
	at org.apache.hadoop.ipc.ProtobufRpcEngine$Server.processCall(ProtobufRpcEngine.java:466) [hadoop-common-3.3.1.jar:?]
	at org.apache.hadoop.ipc.ProtobufRpcEngine2$Server$ProtoBufRpcInvoker.call(ProtobufRpcEngine2.java:574) [hadoop-common-3.3.1.jar:?]
	at org.apache.hadoop.ipc.ProtobufRpcEngine2$Server$ProtoBufRpcInvoker.call(ProtobufRpcEngine2.java:552) [hadoop-common-3.3.1.jar:?]
	at org.apache.hadoop.ipc.RPC$Server.call(RPC.java:1093) [hadoop-common-3.3.1.jar:?]
	at org.apache.hadoop.ipc.Server$RpcCall.run(Server.java:1035) [hadoop-common-3.3.1.jar:?]
	at org.apache.hadoop.ipc.Server$RpcCall.run(Server.java:963) [hadoop-common-3.3.1.jar:?]
	at java.security.AccessController.doPrivileged(Native Method) ~[?:1.8.0_332]
	at javax.security.auth.Subject.doAs(Subject.java:422) [?:1.8.0_332]
	at org.apache.hadoop.security.UserGroupInformation.doAs(UserGroupInformation.java:1878) [hadoop-common-3.3.1.jar:?]
	at org.apache.hadoop.ipc.Server$Handler.run(Server.java:2966) [hadoop-common-3.3.1.jar:?]
01:57:41.057 [IPC Server handler 13 on default port 36611] ERROR OMAudit - user=runner | ip=127.0.0.1 | op=GET_FILE_STATUS {volume=volume58070, bucket=bucket54574, key=testBatchDelete/parent/childFolder/child3, dataSize=0, replicationConfig=null} | ret=FAILURE
org.apache.hadoop.ozone.om.exceptions.OMException: Unable to get file status: volume: volume58070 bucket: bucket54574 key: testBatchDelete/parent/childFolder/child3
	at org.apache.hadoop.ozone.om.KeyManagerImpl.getOzoneFileStatus(KeyManagerImpl.java:1311) ~[ozone-manager-1.3.0-SNAPSHOT.jar:?]
	at org.apache.hadoop.ozone.om.KeyManagerImpl.getFileStatus(KeyManagerImpl.java:1241) ~[ozone-manager-1.3.0-SNAPSHOT.jar:?]
	at org.apache.hadoop.ozone.om.OzoneManager.getFileStatus(OzoneManager.java:3467) ~[ozone-manager-1.3.0-SNAPSHOT.jar:?]
	at org.apache.hadoop.ozone.protocolPB.OzoneManagerRequestHandler.getOzoneFileStatus(OzoneManagerRequestHandler.java:878) ~[ozone-manager-1.3.0-SNAPSHOT.jar:?]
	at org.apache.hadoop.ozone.protocolPB.OzoneManagerRequestHandler.handleReadRequest(OzoneManagerRequestHandler.java:224) ~[ozone-manager-1.3.0-SNAPSHOT.jar:?]
	at org.apache.hadoop.ozone.protocolPB.OzoneManagerProtocolServerSideTranslatorPB.submitReadRequestToOM(OzoneManagerProtocolServerSideTranslatorPB.java:226) ~[ozone-manager-1.3.0-SNAPSHOT.jar:?]
	at org.apache.hadoop.ozone.protocolPB.OzoneManagerProtocolServerSideTranslatorPB.processRequest(OzoneManagerProtocolServerSideTranslatorPB.java:175) ~[ozone-manager-1.3.0-SNAPSHOT.jar:?]
	at org.apache.hadoop.hdds.server.OzoneProtocolMessageDispatcher.processRequest(OzoneProtocolMessageDispatcher.java:87) [hdds-server-framework-1.3.0-SNAPSHOT.jar:?]
	at org.apache.hadoop.ozone.protocolPB.OzoneManagerProtocolServerSideTranslatorPB.submitRequest(OzoneManagerProtocolServerSideTranslatorPB.java:147) [ozone-manager-1.3.0-SNAPSHOT.jar:?]
	at org.apache.hadoop.ozone.protocol.proto.OzoneManagerProtocolProtos$OzoneManagerService$2.callBlockingMethod(OzoneManagerProtocolProtos.java) [ozone-interface-client-1.3.0-SNAPSHOT.jar:?]
	at org.apache.hadoop.ipc.ProtobufRpcEngine$Server.processCall(ProtobufRpcEngine.java:466) [hadoop-common-3.3.1.jar:?]
	at org.apache.hadoop.ipc.ProtobufRpcEngine2$Server$ProtoBufRpcInvoker.call(ProtobufRpcEngine2.java:574) [hadoop-common-3.3.1.jar:?]
	at org.apache.hadoop.ipc.ProtobufRpcEngine2$Server$ProtoBufRpcInvoker.call(ProtobufRpcEngine2.java:552) [hadoop-common-3.3.1.jar:?]
	at org.apache.hadoop.ipc.RPC$Server.call(RPC.java:1093) [hadoop-common-3.3.1.jar:?]
	at org.apache.hadoop.ipc.Server$RpcCall.run(Server.java:1035) [hadoop-common-3.3.1.jar:?]
	at org.apache.hadoop.ipc.Server$RpcCall.run(Server.java:963) [hadoop-common-3.3.1.jar:?]
	at java.security.AccessController.doPrivileged(Native Method) ~[?:1.8.0_332]
	at javax.security.auth.Subject.doAs(Subject.java:422) [?:1.8.0_332]
	at org.apache.hadoop.security.UserGroupInformation.doAs(UserGroupInformation.java:1878) [hadoop-common-3.3.1.jar:?]
	at org.apache.hadoop.ipc.Server$Handler.run(Server.java:2966) [hadoop-common-3.3.1.jar:?]
01:57:41.058 [IPC Server handler 18 on default port 36611] ERROR OMAudit - user=runner | ip=127.0.0.1 | op=GET_FILE_STATUS {volume=volume58070, bucket=bucket54574, key=testBatchDelete/parent/child4, dataSize=0, replicationConfig=null} | ret=FAILURE
org.apache.hadoop.ozone.om.exceptions.OMException: Unable to get file status: volume: volume58070 bucket: bucket54574 key: testBatchDelete/parent/child4
	at org.apache.hadoop.ozone.om.KeyManagerImpl.getOzoneFileStatus(KeyManagerImpl.java:1311) ~[ozone-manager-1.3.0-SNAPSHOT.jar:?]
	at org.apache.hadoop.ozone.om.KeyManagerImpl.getFileStatus(KeyManagerImpl.java:1241) ~[ozone-manager-1.3.0-SNAPSHOT.jar:?]
	at org.apache.hadoop.ozone.om.OzoneManager.getFileStatus(OzoneManager.java:3467) ~[ozone-manager-1.3.0-SNAPSHOT.jar:?]
	at org.apache.hadoop.ozone.protocolPB.OzoneManagerRequestHandler.getOzoneFileStatus(OzoneManagerRequestHandler.java:878) ~[ozone-manager-1.3.0-SNAPSHOT.jar:?]
	at org.apache.hadoop.ozone.protocolPB.OzoneManagerRequestHandler.handleReadRequest(OzoneManagerRequestHandler.java:224) ~[ozone-manager-1.3.0-SNAPSHOT.jar:?]
	at org.apache.hadoop.ozone.protocolPB.OzoneManagerProtocolServerSideTranslatorPB.submitReadRequestToOM(OzoneManagerProtocolServerSideTranslatorPB.java:226) ~[ozone-manager-1.3.0-SNAPSHOT.jar:?]
	at org.apache.hadoop.ozone.protocolPB.OzoneManagerProtocolServerSideTranslatorPB.processRequest(OzoneManagerProtocolServerSideTranslatorPB.java:175) ~[ozone-manager-1.3.0-SNAPSHOT.jar:?]
	at org.apache.hadoop.hdds.server.OzoneProtocolMessageDispatcher.processRequest(OzoneProtocolMessageDispatcher.java:87) [hdds-server-framework-1.3.0-SNAPSHOT.jar:?]
	at org.apache.hadoop.ozone.protocolPB.OzoneManagerProtocolServerSideTranslatorPB.submitRequest(OzoneManagerProtocolServerSideTranslatorPB.java:147) [ozone-manager-1.3.0-SNAPSHOT.jar:?]
	at org.apache.hadoop.ozone.protocol.proto.OzoneManagerProtocolProtos$OzoneManagerService$2.callBlockingMethod(OzoneManagerProtocolProtos.java) [ozone-interface-client-1.3.0-SNAPSHOT.jar:?]
	at org.apache.hadoop.ipc.ProtobufRpcEngine$Server.processCall(ProtobufRpcEngine.java:466) [hadoop-common-3.3.1.jar:?]
	at org.apache.hadoop.ipc.ProtobufRpcEngine2$Server$ProtoBufRpcInvoker.call(ProtobufRpcEngine2.java:574) [hadoop-common-3.3.1.jar:?]
	at org.apache.hadoop.ipc.ProtobufRpcEngine2$Server$ProtoBufRpcInvoker.call(ProtobufRpcEngine2.java:552) [hadoop-common-3.3.1.jar:?]
	at org.apache.hadoop.ipc.RPC$Server.call(RPC.java:1093) [hadoop-common-3.3.1.jar:?]
	at org.apache.hadoop.ipc.Server$RpcCall.run(Server.java:1035) [hadoop-common-3.3.1.jar:?]
	at org.apache.hadoop.ipc.Server$RpcCall.run(Server.java:963) [hadoop-common-3.3.1.jar:?]
	at java.security.AccessController.doPrivileged(Native Method) ~[?:1.8.0_332]
	at javax.security.auth.Subject.doAs(Subject.java:422) [?:1.8.0_332]
	at org.apache.hadoop.security.UserGroupInformation.doAs(UserGroupInformation.java:1878) [hadoop-common-3.3.1.jar:?]
	at org.apache.hadoop.ipc.Server$Handler.run(Server.java:2966) [hadoop-common-3.3.1.jar:?]
01:57:41.059 [IPC Server handler 1 on default port 36611] ERROR OMAudit - user=runner | ip=127.0.0.1 | op=GET_FILE_STATUS {volume=volume58070, bucket=bucket54574, key=testBatchDelete/parent/childFolder/child4, dataSize=0, replicationConfig=null} | ret=FAILURE
org.apache.hadoop.ozone.om.exceptions.OMException: Unable to get file status: volume: volume58070 bucket: bucket54574 key: testBatchDelete/parent/childFolder/child4
	at org.apache.hadoop.ozone.om.KeyManagerImpl.getOzoneFileStatus(KeyManagerImpl.java:1311) ~[ozone-manager-1.3.0-SNAPSHOT.jar:?]
	at org.apache.hadoop.ozone.om.KeyManagerImpl.getFileStatus(KeyManagerImpl.java:1241) ~[ozone-manager-1.3.0-SNAPSHOT.jar:?]
	at org.apache.hadoop.ozone.om.OzoneManager.getFileStatus(OzoneManager.java:3467) ~[ozone-manager-1.3.0-SNAPSHOT.jar:?]
	at org.apache.hadoop.ozone.protocolPB.OzoneManagerRequestHandler.getOzoneFileStatus(OzoneManagerRequestHandler.java:878) ~[ozone-manager-1.3.0-SNAPSHOT.jar:?]
	at org.apache.hadoop.ozone.protocolPB.OzoneManagerRequestHandler.handleReadRequest(OzoneManagerRequestHandler.java:224) ~[ozone-manager-1.3.0-SNAPSHOT.jar:?]
	at org.apache.hadoop.ozone.protocolPB.OzoneManagerProtocolServerSideTranslatorPB.submitReadRequestToOM(OzoneManagerProtocolServerSideTranslatorPB.java:226) ~[ozone-manager-1.3.0-SNAPSHOT.jar:?]
	at org.apache.hadoop.ozone.protocolPB.OzoneManagerProtocolServerSideTranslatorPB.processRequest(OzoneManagerProtocolServerSideTranslatorPB.java:175) ~[ozone-manager-1.3.0-SNAPSHOT.jar:?]
	at org.apache.hadoop.hdds.server.OzoneProtocolMessageDispatcher.processRequest(OzoneProtocolMessageDispatcher.java:87) [hdds-server-framework-1.3.0-SNAPSHOT.jar:?]
	at org.apache.hadoop.ozone.protocolPB.OzoneManagerProtocolServerSideTranslatorPB.submitRequest(OzoneManagerProtocolServerSideTranslatorPB.java:147) [ozone-manager-1.3.0-SNAPSHOT.jar:?]
	at org.apache.hadoop.ozone.protocol.proto.OzoneManagerProtocolProtos$OzoneManagerService$2.callBlockingMethod(OzoneManagerProtocolProtos.java) [ozone-interface-client-1.3.0-SNAPSHOT.jar:?]
	at org.apache.hadoop.ipc.ProtobufRpcEngine$Server.processCall(ProtobufRpcEngine.java:466) [hadoop-common-3.3.1.jar:?]
	at org.apache.hadoop.ipc.ProtobufRpcEngine2$Server$ProtoBufRpcInvoker.call(ProtobufRpcEngine2.java:574) [hadoop-common-3.3.1.jar:?]
	at org.apache.hadoop.ipc.ProtobufRpcEngine2$Server$ProtoBufRpcInvoker.call(ProtobufRpcEngine2.java:552) [hadoop-common-3.3.1.jar:?]
	at org.apache.hadoop.ipc.RPC$Server.call(RPC.java:1093) [hadoop-common-3.3.1.jar:?]
	at org.apache.hadoop.ipc.Server$RpcCall.run(Server.java:1035) [hadoop-common-3.3.1.jar:?]
	at org.apache.hadoop.ipc.Server$RpcCall.run(Server.java:963) [hadoop-common-3.3.1.jar:?]
	at java.security.AccessController.doPrivileged(Native Method) ~[?:1.8.0_332]
	at javax.security.auth.Subject.doAs(Subject.java:422) [?:1.8.0_332]
	at org.apache.hadoop.security.UserGroupInformation.doAs(UserGroupInformation.java:1878) [hadoop-common-3.3.1.jar:?]
	at org.apache.hadoop.ipc.Server$Handler.run(Server.java:2966) [hadoop-common-3.3.1.jar:?]
01:57:41.059 [IPC Server handler 0 on default port 36611] ERROR OMAudit - user=runner | ip=127.0.0.1 | op=GET_FILE_STATUS {volume=volume58070, bucket=bucket54574, key=testBatchDelete/parent/child5, dataSize=0, replicationConfig=null} | ret=FAILURE
org.apache.hadoop.ozone.om.exceptions.OMException: Unable to get file status: volume: volume58070 bucket: bucket54574 key: testBatchDelete/parent/child5
	at org.apache.hadoop.ozone.om.KeyManagerImpl.getOzoneFileStatus(KeyManagerImpl.java:1311) ~[ozone-manager-1.3.0-SNAPSHOT.jar:?]
	at org.apache.hadoop.ozone.om.KeyManagerImpl.getFileStatus(KeyManagerImpl.java:1241) ~[ozone-manager-1.3.0-SNAPSHOT.jar:?]
	at org.apache.hadoop.ozone.om.OzoneManager.getFileStatus(OzoneManager.java:3467) ~[ozone-manager-1.3.0-SNAPSHOT.jar:?]
	at org.apache.hadoop.ozone.protocolPB.OzoneManagerRequestHandler.getOzoneFileStatus(OzoneManagerRequestHandler.java:878) ~[ozone-manager-1.3.0-SNAPSHOT.jar:?]
	at org.apache.hadoop.ozone.protocolPB.OzoneManagerRequestHandler.handleReadRequest(OzoneManagerRequestHandler.java:224) ~[ozone-manager-1.3.0-SNAPSHOT.jar:?]
	at org.apache.hadoop.ozone.protocolPB.OzoneManagerProtocolServerSideTranslatorPB.submitReadRequestToOM(OzoneManagerProtocolServerSideTranslatorPB.java:226) ~[ozone-manager-1.3.0-SNAPSHOT.jar:?]
	at org.apache.hadoop.ozone.protocolPB.OzoneManagerProtocolServerSideTranslatorPB.processRequest(OzoneManagerProtocolServerSideTranslatorPB.java:175) ~[ozone-manager-1.3.0-SNAPSHOT.jar:?]
	at org.apache.hadoop.hdds.server.OzoneProtocolMessageDispatcher.processRequest(OzoneProtocolMessageDispatcher.java:87) [hdds-server-framework-1.3.0-SNAPSHOT.jar:?]
	at org.apache.hadoop.ozone.protocolPB.OzoneManagerProtocolServerSideTranslatorPB.submitRequest(OzoneManagerProtocolServerSideTranslatorPB.java:147) [ozone-manager-1.3.0-SNAPSHOT.jar:?]
	at org.apache.hadoop.ozone.protocol.proto.OzoneManagerProtocolProtos$OzoneManagerService$2.callBlockingMethod(OzoneManagerProtocolProtos.java) [ozone-interface-client-1.3.0-SNAPSHOT.jar:?]
	at org.apache.hadoop.ipc.ProtobufRpcEngine$Server.processCall(ProtobufRpcEngine.java:466) [hadoop-common-3.3.1.jar:?]
	at org.apache.hadoop.ipc.ProtobufRpcEngine2$Server$ProtoBufRpcInvoker.call(ProtobufRpcEngine2.java:574) [hadoop-common-3.3.1.jar:?]
	at org.apache.hadoop.ipc.ProtobufRpcEngine2$Server$ProtoBufRpcInvoker.call(ProtobufRpcEngine2.java:552) [hadoop-common-3.3.1.jar:?]
	at org.apache.hadoop.ipc.RPC$Server.call(RPC.java:1093) [hadoop-common-3.3.1.jar:?]
	at org.apache.hadoop.ipc.Server$RpcCall.run(Server.java:1035) [hadoop-common-3.3.1.jar:?]
	at org.apache.hadoop.ipc.Server$RpcCall.run(Server.java:963) [hadoop-common-3.3.1.jar:?]
	at java.security.AccessController.doPrivileged(Native Method) ~[?:1.8.0_332]
	at javax.security.auth.Subject.doAs(Subject.java:422) [?:1.8.0_332]
	at org.apache.hadoop.security.UserGroupInformation.doAs(UserGroupInformation.java:1878) [hadoop-common-3.3.1.jar:?]
	at org.apache.hadoop.ipc.Server$Handler.run(Server.java:2966) [hadoop-common-3.3.1.jar:?]
01:57:41.060 [IPC Server handler 9 on default port 36611] ERROR OMAudit - user=runner | ip=127.0.0.1 | op=GET_FILE_STATUS {volume=volume58070, bucket=bucket54574, key=testBatchDelete/parent/childFolder/child5, dataSize=0, replicationConfig=null} | ret=FAILURE
org.apache.hadoop.ozone.om.exceptions.OMException: Unable to get file status: volume: volume58070 bucket: bucket54574 key: testBatchDelete/parent/childFolder/child5
	at org.apache.hadoop.ozone.om.KeyManagerImpl.getOzoneFileStatus(KeyManagerImpl.java:1311) ~[ozone-manager-1.3.0-SNAPSHOT.jar:?]
	at org.apache.hadoop.ozone.om.KeyManagerImpl.getFileStatus(KeyManagerImpl.java:1241) ~[ozone-manager-1.3.0-SNAPSHOT.jar:?]
	at org.apache.hadoop.ozone.om.OzoneManager.getFileStatus(OzoneManager.java:3467) ~[ozone-manager-1.3.0-SNAPSHOT.jar:?]
	at org.apache.hadoop.ozone.protocolPB.OzoneManagerRequestHandler.getOzoneFileStatus(OzoneManagerRequestHandler.java:878) ~[ozone-manager-1.3.0-SNAPSHOT.jar:?]
	at org.apache.hadoop.ozone.protocolPB.OzoneManagerRequestHandler.handleReadRequest(OzoneManagerRequestHandler.java:224) ~[ozone-manager-1.3.0-SNAPSHOT.jar:?]
	at org.apache.hadoop.ozone.protocolPB.OzoneManagerProtocolServerSideTranslatorPB.submitReadRequestToOM(OzoneManagerProtocolServerSideTranslatorPB.java:226) ~[ozone-manager-1.3.0-SNAPSHOT.jar:?]
	at org.apache.hadoop.ozone.protocolPB.OzoneManagerProtocolServerSideTranslatorPB.processRequest(OzoneManagerProtocolServerSideTranslatorPB.java:175) ~[ozone-manager-1.3.0-SNAPSHOT.jar:?]
	at org.apache.hadoop.hdds.server.OzoneProtocolMessageDispatcher.processRequest(OzoneProtocolMessageDispatcher.java:87) [hdds-server-framework-1.3.0-SNAPSHOT.jar:?]
	at org.apache.hadoop.ozone.protocolPB.OzoneManagerProtocolServerSideTranslatorPB.submitRequest(OzoneManagerProtocolServerSideTranslatorPB.java:147) [ozone-manager-1.3.0-SNAPSHOT.jar:?]
	at org.apache.hadoop.ozone.protocol.proto.OzoneManagerProtocolProtos$OzoneManagerService$2.callBlockingMethod(OzoneManagerProtocolProtos.java) [ozone-interface-client-1.3.0-SNAPSHOT.jar:?]
	at org.apache.hadoop.ipc.ProtobufRpcEngine$Server.processCall(ProtobufRpcEngine.java:466) [hadoop-common-3.3.1.jar:?]
	at org.apache.hadoop.ipc.ProtobufRpcEngine2$Server$ProtoBufRpcInvoker.call(ProtobufRpcEngine2.java:574) [hadoop-common-3.3.1.jar:?]
	at org.apache.hadoop.ipc.ProtobufRpcEngine2$Server$ProtoBufRpcInvoker.call(ProtobufRpcEngine2.java:552) [hadoop-common-3.3.1.jar:?]
	at org.apache.hadoop.ipc.RPC$Server.call(RPC.java:1093) [hadoop-common-3.3.1.jar:?]
	at org.apache.hadoop.ipc.Server$RpcCall.run(Server.java:1035) [hadoop-common-3.3.1.jar:?]
	at org.apache.hadoop.ipc.Server$RpcCall.run(Server.java:963) [hadoop-common-3.3.1.jar:?]
	at java.security.AccessController.doPrivileged(Native Method) ~[?:1.8.0_332]
	at javax.security.auth.Subject.doAs(Subject.java:422) [?:1.8.0_332]
	at org.apache.hadoop.security.UserGroupInformation.doAs(UserGroupInformation.java:1878) [hadoop-common-3.3.1.jar:?]
	at org.apache.hadoop.ipc.Server$Handler.run(Server.java:2966) [hadoop-common-3.3.1.jar:?]
01:57:41.061 [IPC Server handler 12 on default port 36611] ERROR OMAudit - user=runner | ip=127.0.0.1 | op=GET_FILE_STATUS {volume=volume58070, bucket=bucket54574, key=testBatchDelete/parent/child6, dataSize=0, replicationConfig=null} | ret=FAILURE
org.apache.hadoop.ozone.om.exceptions.OMException: Unable to get file status: volume: volume58070 bucket: bucket54574 key: testBatchDelete/parent/child6
	at org.apache.hadoop.ozone.om.KeyManagerImpl.getOzoneFileStatus(KeyManagerImpl.java:1311) ~[ozone-manager-1.3.0-SNAPSHOT.jar:?]
	at org.apache.hadoop.ozone.om.KeyManagerImpl.getFileStatus(KeyManagerImpl.java:1241) ~[ozone-manager-1.3.0-SNAPSHOT.jar:?]
	at org.apache.hadoop.ozone.om.OzoneManager.getFileStatus(OzoneManager.java:3467) ~[ozone-manager-1.3.0-SNAPSHOT.jar:?]
	at org.apache.hadoop.ozone.protocolPB.OzoneManagerRequestHandler.getOzoneFileStatus(OzoneManagerRequestHandler.java:878) ~[ozone-manager-1.3.0-SNAPSHOT.jar:?]
	at org.apache.hadoop.ozone.protocolPB.OzoneManagerRequestHandler.handleReadRequest(OzoneManagerRequestHandler.java:224) ~[ozone-manager-1.3.0-SNAPSHOT.jar:?]
	at org.apache.hadoop.ozone.protocolPB.OzoneManagerProtocolServerSideTranslatorPB.submitReadRequestToOM(OzoneManagerProtocolServerSideTranslatorPB.java:226) ~[ozone-manager-1.3.0-SNAPSHOT.jar:?]
	at org.apache.hadoop.ozone.protocolPB.OzoneManagerProtocolServerSideTranslatorPB.processRequest(OzoneManagerProtocolServerSideTranslatorPB.java:175) ~[ozone-manager-1.3.0-SNAPSHOT.jar:?]
	at org.apache.hadoop.hdds.server.OzoneProtocolMessageDispatcher.processRequest(OzoneProtocolMessageDispatcher.java:87) [hdds-server-framework-1.3.0-SNAPSHOT.jar:?]
	at org.apache.hadoop.ozone.protocolPB.OzoneManagerProtocolServerSideTranslatorPB.submitRequest(OzoneManagerProtocolServerSideTranslatorPB.java:147) [ozone-manager-1.3.0-SNAPSHOT.jar:?]
	at org.apache.hadoop.ozone.protocol.proto.OzoneManagerProtocolProtos$OzoneManagerService$2.callBlockingMethod(OzoneManagerProtocolProtos.java) [ozone-interface-client-1.3.0-SNAPSHOT.jar:?]
	at org.apache.hadoop.ipc.ProtobufRpcEngine$Server.processCall(ProtobufRpcEngine.java:466) [hadoop-common-3.3.1.jar:?]
	at org.apache.hadoop.ipc.ProtobufRpcEngine2$Server$ProtoBufRpcInvoker.call(ProtobufRpcEngine2.java:574) [hadoop-common-3.3.1.jar:?]
	at org.apache.hadoop.ipc.ProtobufRpcEngine2$Server$ProtoBufRpcInvoker.call(ProtobufRpcEngine2.java:552) [hadoop-common-3.3.1.jar:?]
	at org.apache.hadoop.ipc.RPC$Server.call(RPC.java:1093) [hadoop-common-3.3.1.jar:?]
	at org.apache.hadoop.ipc.Server$RpcCall.run(Server.java:1035) [hadoop-common-3.3.1.jar:?]
	at org.apache.hadoop.ipc.Server$RpcCall.run(Server.java:963) [hadoop-common-3.3.1.jar:?]
	at java.security.AccessController.doPrivileged(Native Method) ~[?:1.8.0_332]
	at javax.security.auth.Subject.doAs(Subject.java:422) [?:1.8.0_332]
	at org.apache.hadoop.security.UserGroupInformation.doAs(UserGroupInformation.java:1878) [hadoop-common-3.3.1.jar:?]
	at org.apache.hadoop.ipc.Server$Handler.run(Server.java:2966) [hadoop-common-3.3.1.jar:?]
01:57:41.061 [IPC Server handler 4 on default port 36611] ERROR OMAudit - user=runner | ip=127.0.0.1 | op=GET_FILE_STATUS {volume=volume58070, bucket=bucket54574, key=testBatchDelete/parent/childFolder/child6, dataSize=0, replicationConfig=null} | ret=FAILURE
org.apache.hadoop.ozone.om.exceptions.OMException: Unable to get file status: volume: volume58070 bucket: bucket54574 key: testBatchDelete/parent/childFolder/child6
	at org.apache.hadoop.ozone.om.KeyManagerImpl.getOzoneFileStatus(KeyManagerImpl.java:1311) ~[ozone-manager-1.3.0-SNAPSHOT.jar:?]
	at org.apache.hadoop.ozone.om.KeyManagerImpl.getFileStatus(KeyManagerImpl.java:1241) ~[ozone-manager-1.3.0-SNAPSHOT.jar:?]
	at org.apache.hadoop.ozone.om.OzoneManager.getFileStatus(OzoneManager.java:3467) ~[ozone-manager-1.3.0-SNAPSHOT.jar:?]
	at org.apache.hadoop.ozone.protocolPB.OzoneManagerRequestHandler.getOzoneFileStatus(OzoneManagerRequestHandler.java:878) ~[ozone-manager-1.3.0-SNAPSHOT.jar:?]
	at org.apache.hadoop.ozone.protocolPB.OzoneManagerRequestHandler.handleReadRequest(OzoneManagerRequestHandler.java:224) ~[ozone-manager-1.3.0-SNAPSHOT.jar:?]
	at org.apache.hadoop.ozone.protocolPB.OzoneManagerProtocolServerSideTranslatorPB.submitReadRequestToOM(OzoneManagerProtocolServerSideTranslatorPB.java:226) ~[ozone-manager-1.3.0-SNAPSHOT.jar:?]
	at org.apache.hadoop.ozone.protocolPB.OzoneManagerProtocolServerSideTranslatorPB.processRequest(OzoneManagerProtocolServerSideTranslatorPB.java:175) ~[ozone-manager-1.3.0-SNAPSHOT.jar:?]
	at org.apache.hadoop.hdds.server.OzoneProtocolMessageDispatcher.processRequest(OzoneProtocolMessageDispatcher.java:87) [hdds-server-framework-1.3.0-SNAPSHOT.jar:?]
	at org.apache.hadoop.ozone.protocolPB.OzoneManagerProtocolServerSideTranslatorPB.submitRequest(OzoneManagerProtocolServerSideTranslatorPB.java:147) [ozone-manager-1.3.0-SNAPSHOT.jar:?]
	at org.apache.hadoop.ozone.protocol.proto.OzoneManagerProtocolProtos$OzoneManagerService$2.callBlockingMethod(OzoneManagerProtocolProtos.java) [ozone-interface-client-1.3.0-SNAPSHOT.jar:?]
	at org.apache.hadoop.ipc.ProtobufRpcEngine$Server.processCall(ProtobufRpcEngine.java:466) [hadoop-common-3.3.1.jar:?]
	at org.apache.hadoop.ipc.ProtobufRpcEngine2$Server$ProtoBufRpcInvoker.call(ProtobufRpcEngine2.java:574) [hadoop-common-3.3.1.jar:?]
	at org.apache.hadoop.ipc.ProtobufRpcEngine2$Server$ProtoBufRpcInvoker.call(ProtobufRpcEngine2.java:552) [hadoop-common-3.3.1.jar:?]
	at org.apache.hadoop.ipc.RPC$Server.call(RPC.java:1093) [hadoop-common-3.3.1.jar:?]
	at org.apache.hadoop.ipc.Server$RpcCall.run(Server.java:1035) [hadoop-common-3.3.1.jar:?]
	at org.apache.hadoop.ipc.Server$RpcCall.run(Server.java:963) [hadoop-common-3.3.1.jar:?]
	at java.security.AccessController.doPrivileged(Native Method) ~[?:1.8.0_332]
	at javax.security.auth.Subject.doAs(Subject.java:422) [?:1.8.0_332]
	at org.apache.hadoop.security.UserGroupInformation.doAs(UserGroupInformation.java:1878) [hadoop-common-3.3.1.jar:?]
	at org.apache.hadoop.ipc.Server$Handler.run(Server.java:2966) [hadoop-common-3.3.1.jar:?]
01:57:41.062 [IPC Server handler 2 on default port 36611] ERROR OMAudit - user=runner | ip=127.0.0.1 | op=GET_FILE_STATUS {volume=volume58070, bucket=bucket54574, key=testBatchDelete/parent/child7, dataSize=0, replicationConfig=null} | ret=FAILURE
org.apache.hadoop.ozone.om.exceptions.OMException: Unable to get file status: volume: volume58070 bucket: bucket54574 key: testBatchDelete/parent/child7
	at org.apache.hadoop.ozone.om.KeyManagerImpl.getOzoneFileStatus(KeyManagerImpl.java:1311) ~[ozone-manager-1.3.0-SNAPSHOT.jar:?]
	at org.apache.hadoop.ozone.om.KeyManagerImpl.getFileStatus(KeyManagerImpl.java:1241) ~[ozone-manager-1.3.0-SNAPSHOT.jar:?]
	at org.apache.hadoop.ozone.om.OzoneManager.getFileStatus(OzoneManager.java:3467) ~[ozone-manager-1.3.0-SNAPSHOT.jar:?]
	at org.apache.hadoop.ozone.protocolPB.OzoneManagerRequestHandler.getOzoneFileStatus(OzoneManagerRequestHandler.java:878) ~[ozone-manager-1.3.0-SNAPSHOT.jar:?]
	at org.apache.hadoop.ozone.protocolPB.OzoneManagerRequestHandler.handleReadRequest(OzoneManagerRequestHandler.java:224) ~[ozone-manager-1.3.0-SNAPSHOT.jar:?]
	at org.apache.hadoop.ozone.protocolPB.OzoneManagerProtocolServerSideTranslatorPB.submitReadRequestToOM(OzoneManagerProtocolServerSideTranslatorPB.java:226) ~[ozone-manager-1.3.0-SNAPSHOT.jar:?]
	at org.apache.hadoop.ozone.protocolPB.OzoneManagerProtocolServerSideTranslatorPB.processRequest(OzoneManagerProtocolServerSideTranslatorPB.java:175) ~[ozone-manager-1.3.0-SNAPSHOT.jar:?]
	at org.apache.hadoop.hdds.server.OzoneProtocolMessageDispatcher.processRequest(OzoneProtocolMessageDispatcher.java:87) [hdds-server-framework-1.3.0-SNAPSHOT.jar:?]
	at org.apache.hadoop.ozone.protocolPB.OzoneManagerProtocolServerSideTranslatorPB.submitRequest(OzoneManagerProtocolServerSideTranslatorPB.java:147) [ozone-manager-1.3.0-SNAPSHOT.jar:?]
	at org.apache.hadoop.ozone.protocol.proto.OzoneManagerProtocolProtos$OzoneManagerService$2.callBlockingMethod(OzoneManagerProtocolProtos.java) [ozone-interface-client-1.3.0-SNAPSHOT.jar:?]
	at org.apache.hadoop.ipc.ProtobufRpcEngine$Server.processCall(ProtobufRpcEngine.java:466) [hadoop-common-3.3.1.jar:?]
	at org.apache.hadoop.ipc.ProtobufRpcEngine2$Server$ProtoBufRpcInvoker.call(ProtobufRpcEngine2.java:574) [hadoop-common-3.3.1.jar:?]
	at org.apache.hadoop.ipc.ProtobufRpcEngine2$Server$ProtoBufRpcInvoker.call(ProtobufRpcEngine2.java:552) [hadoop-common-3.3.1.jar:?]
	at org.apache.hadoop.ipc.RPC$Server.call(RPC.java:1093) [hadoop-common-3.3.1.jar:?]
	at org.apache.hadoop.ipc.Server$RpcCall.run(Server.java:1035) [hadoop-common-3.3.1.jar:?]
	at org.apache.hadoop.ipc.Server$RpcCall.run(Server.java:963) [hadoop-common-3.3.1.jar:?]
	at java.security.AccessController.doPrivileged(Native Method) ~[?:1.8.0_332]
	at javax.security.auth.Subject.doAs(Subject.java:422) [?:1.8.0_332]
	at org.apache.hadoop.security.UserGroupInformation.doAs(UserGroupInformation.java:1878) [hadoop-common-3.3.1.jar:?]
	at org.apache.hadoop.ipc.Server$Handler.run(Server.java:2966) [hadoop-common-3.3.1.jar:?]
01:57:41.064 [IPC Server handler 15 on default port 36611] ERROR OMAudit - user=runner | ip=127.0.0.1 | op=GET_FILE_STATUS {volume=volume58070, bucket=bucket54574, key=testBatchDelete/parent/childFolder/child7, dataSize=0, replicationConfig=null} | ret=FAILURE
org.apache.hadoop.ozone.om.exceptions.OMException: Unable to get file status: volume: volume58070 bucket: bucket54574 key: testBatchDelete/parent/childFolder/child7
	at org.apache.hadoop.ozone.om.KeyManagerImpl.getOzoneFileStatus(KeyManagerImpl.java:1311) ~[ozone-manager-1.3.0-SNAPSHOT.jar:?]
	at org.apache.hadoop.ozone.om.KeyManagerImpl.getFileStatus(KeyManagerImpl.java:1241) ~[ozone-manager-1.3.0-SNAPSHOT.jar:?]
	at org.apache.hadoop.ozone.om.OzoneManager.getFileStatus(OzoneManager.java:3467) ~[ozone-manager-1.3.0-SNAPSHOT.jar:?]
	at org.apache.hadoop.ozone.protocolPB.OzoneManagerRequestHandler.getOzoneFileStatus(OzoneManagerRequestHandler.java:878) ~[ozone-manager-1.3.0-SNAPSHOT.jar:?]
	at org.apache.hadoop.ozone.protocolPB.OzoneManagerRequestHandler.handleReadRequest(OzoneManagerRequestHandler.java:224) ~[ozone-manager-1.3.0-SNAPSHOT.jar:?]
	at org.apache.hadoop.ozone.protocolPB.OzoneManagerProtocolServerSideTranslatorPB.submitReadRequestToOM(OzoneManagerProtocolServerSideTranslatorPB.java:226) ~[ozone-manager-1.3.0-SNAPSHOT.jar:?]
	at org.apache.hadoop.ozone.protocolPB.OzoneManagerProtocolServerSideTranslatorPB.processRequest(OzoneManagerProtocolServerSideTranslatorPB.java:175) ~[ozone-manager-1.3.0-SNAPSHOT.jar:?]
	at org.apache.hadoop.hdds.server.OzoneProtocolMessageDispatcher.processRequest(OzoneProtocolMessageDispatcher.java:87) [hdds-server-framework-1.3.0-SNAPSHOT.jar:?]
	at org.apache.hadoop.ozone.protocolPB.OzoneManagerProtocolServerSideTranslatorPB.submitRequest(OzoneManagerProtocolServerSideTranslatorPB.java:147) [ozone-manager-1.3.0-SNAPSHOT.jar:?]
	at org.apache.hadoop.ozone.protocol.proto.OzoneManagerProtocolProtos$OzoneManagerService$2.callBlockingMethod(OzoneManagerProtocolProtos.java) [ozone-interface-client-1.3.0-SNAPSHOT.jar:?]
	at org.apache.hadoop.ipc.ProtobufRpcEngine$Server.processCall(ProtobufRpcEngine.java:466) [hadoop-common-3.3.1.jar:?]
	at org.apache.hadoop.ipc.ProtobufRpcEngine2$Server$ProtoBufRpcInvoker.call(ProtobufRpcEngine2.java:574) [hadoop-common-3.3.1.jar:?]
	at org.apache.hadoop.ipc.ProtobufRpcEngine2$Server$ProtoBufRpcInvoker.call(ProtobufRpcEngine2.java:552) [hadoop-common-3.3.1.jar:?]
	at org.apache.hadoop.ipc.RPC$Server.call(RPC.java:1093) [hadoop-common-3.3.1.jar:?]
	at org.apache.hadoop.ipc.Server$RpcCall.run(Server.java:1035) [hadoop-common-3.3.1.jar:?]
	at org.apache.hadoop.ipc.Server$RpcCall.run(Server.java:963) [hadoop-common-3.3.1.jar:?]
	at java.security.AccessController.doPrivileged(Native Method) ~[?:1.8.0_332]
	at javax.security.auth.Subject.doAs(Subject.java:422) [?:1.8.0_332]
	at org.apache.hadoop.security.UserGroupInformation.doAs(UserGroupInformation.java:1878) [hadoop-common-3.3.1.jar:?]
	at org.apache.hadoop.ipc.Server$Handler.run(Server.java:2966) [hadoop-common-3.3.1.jar:?]
01:57:41.065 [IPC Server handler 8 on default port 36611] ERROR OMAudit - user=runner | ip=127.0.0.1 | op=GET_FILE_STATUS {volume=volume58070, bucket=bucket54574, key=testBatchDelete/parent, dataSize=0, replicationConfig=null} | ret=FAILURE
org.apache.hadoop.ozone.om.exceptions.OMException: Unable to get file status: volume: volume58070 bucket: bucket54574 key: testBatchDelete/parent
	at org.apache.hadoop.ozone.om.KeyManagerImpl.getOzoneFileStatus(KeyManagerImpl.java:1311) ~[ozone-manager-1.3.0-SNAPSHOT.jar:?]
	at org.apache.hadoop.ozone.om.KeyManagerImpl.getFileStatus(KeyManagerImpl.java:1241) ~[ozone-manager-1.3.0-SNAPSHOT.jar:?]
	at org.apache.hadoop.ozone.om.OzoneManager.getFileStatus(OzoneManager.java:3467) ~[ozone-manager-1.3.0-SNAPSHOT.jar:?]
	at org.apache.hadoop.ozone.protocolPB.OzoneManagerRequestHandler.getOzoneFileStatus(OzoneManagerRequestHandler.java:878) ~[ozone-manager-1.3.0-SNAPSHOT.jar:?]
	at org.apache.hadoop.ozone.protocolPB.OzoneManagerRequestHandler.handleReadRequest(OzoneManagerRequestHandler.java:224) ~[ozone-manager-1.3.0-SNAPSHOT.jar:?]
	at org.apache.hadoop.ozone.protocolPB.OzoneManagerProtocolServerSideTranslatorPB.submitReadRequestToOM(OzoneManagerProtocolServerSideTranslatorPB.java:226) ~[ozone-manager-1.3.0-SNAPSHOT.jar:?]
	at org.apache.hadoop.ozone.protocolPB.OzoneManagerProtocolServerSideTranslatorPB.processRequest(OzoneManagerProtocolServerSideTranslatorPB.java:175) ~[ozone-manager-1.3.0-SNAPSHOT.jar:?]
	at org.apache.hadoop.hdds.server.OzoneProtocolMessageDispatcher.processRequest(OzoneProtocolMessageDispatcher.java:87) [hdds-server-framework-1.3.0-SNAPSHOT.jar:?]
	at org.apache.hadoop.ozone.protocolPB.OzoneManagerProtocolServerSideTranslatorPB.submitRequest(OzoneManagerProtocolServerSideTranslatorPB.java:147) [ozone-manager-1.3.0-SNAPSHOT.jar:?]
	at org.apache.hadoop.ozone.protocol.proto.OzoneManagerProtocolProtos$OzoneManagerService$2.callBlockingMethod(OzoneManagerProtocolProtos.java) [ozone-interface-client-1.3.0-SNAPSHOT.jar:?]
	at org.apache.hadoop.ipc.ProtobufRpcEngine$Server.processCall(ProtobufRpcEngine.java:466) [hadoop-common-3.3.1.jar:?]
	at org.apache.hadoop.ipc.ProtobufRpcEngine2$Server$ProtoBufRpcInvoker.call(ProtobufRpcEngine2.java:574) [hadoop-common-3.3.1.jar:?]
	at org.apache.hadoop.ipc.ProtobufRpcEngine2$Server$ProtoBufRpcInvoker.call(ProtobufRpcEngine2.java:552) [hadoop-common-3.3.1.jar:?]
	at org.apache.hadoop.ipc.RPC$Server.call(RPC.java:1093) [hadoop-common-3.3.1.jar:?]
	at org.apache.hadoop.ipc.Server$RpcCall.run(Server.java:1035) [hadoop-common-3.3.1.jar:?]
	at org.apache.hadoop.ipc.Server$RpcCall.run(Server.java:963) [hadoop-common-3.3.1.jar:?]
	at java.security.AccessController.doPrivileged(Native Method) ~[?:1.8.0_332]
	at javax.security.auth.Subject.doAs(Subject.java:422) [?:1.8.0_332]
	at org.apache.hadoop.security.UserGroupInformation.doAs(UserGroupInformation.java:1878) [hadoop-common-3.3.1.jar:?]
	at org.apache.hadoop.ipc.Server$Handler.run(Server.java:2966) [hadoop-common-3.3.1.jar:?]
2022-08-03 01:57:41,065 [Time-limited test] WARN  ozone.BasicOzoneFileSystem (BasicOzoneFileSystem.java:delete(532)) - delete: Path does not exist: /testBatchDelete/parent
]]></system-out>
  </testcase>
  <testcase name="testFileDelete" classname="TestOzoneFileSystem" time="0.199">
    <system-out><![CDATA[01:59:10.895 [IPC Server handler 7 on default port 36513] ERROR OMAudit - user=runner | ip=127.0.0.1 | op=GET_FILE_STATUS {volume=volume26320, bucket=bucket57581, key=testBatchDelete, dataSize=0, replicationConfig=null} | ret=FAILURE
org.apache.hadoop.ozone.om.exceptions.OMException: Unable to get file status: volume: volume26320 bucket: bucket57581 key: testBatchDelete
	at org.apache.hadoop.ozone.om.KeyManagerImpl.getOzoneFileStatus(KeyManagerImpl.java:1311) ~[ozone-manager-1.3.0-SNAPSHOT.jar:?]
	at org.apache.hadoop.ozone.om.KeyManagerImpl.getFileStatus(KeyManagerImpl.java:1241) ~[ozone-manager-1.3.0-SNAPSHOT.jar:?]
	at org.apache.hadoop.ozone.om.OzoneManager.getFileStatus(OzoneManager.java:3467) ~[ozone-manager-1.3.0-SNAPSHOT.jar:?]
	at org.apache.hadoop.ozone.protocolPB.OzoneManagerRequestHandler.getOzoneFileStatus(OzoneManagerRequestHandler.java:878) ~[ozone-manager-1.3.0-SNAPSHOT.jar:?]
	at org.apache.hadoop.ozone.protocolPB.OzoneManagerRequestHandler.handleReadRequest(OzoneManagerRequestHandler.java:224) ~[ozone-manager-1.3.0-SNAPSHOT.jar:?]
	at org.apache.hadoop.ozone.protocolPB.OzoneManagerProtocolServerSideTranslatorPB.submitRequestDirectlyToOM(OzoneManagerProtocolServerSideTranslatorPB.java:276) ~[ozone-manager-1.3.0-SNAPSHOT.jar:?]
	at org.apache.hadoop.ozone.protocolPB.OzoneManagerProtocolServerSideTranslatorPB.processRequest(OzoneManagerProtocolServerSideTranslatorPB.java:205) ~[ozone-manager-1.3.0-SNAPSHOT.jar:?]
	at org.apache.hadoop.hdds.server.OzoneProtocolMessageDispatcher.processRequest(OzoneProtocolMessageDispatcher.java:87) [hdds-server-framework-1.3.0-SNAPSHOT.jar:?]
	at org.apache.hadoop.ozone.protocolPB.OzoneManagerProtocolServerSideTranslatorPB.submitRequest(OzoneManagerProtocolServerSideTranslatorPB.java:147) [ozone-manager-1.3.0-SNAPSHOT.jar:?]
	at org.apache.hadoop.ozone.protocol.proto.OzoneManagerProtocolProtos$OzoneManagerService$2.callBlockingMethod(OzoneManagerProtocolProtos.java) [ozone-interface-client-1.3.0-SNAPSHOT.jar:?]
	at org.apache.hadoop.ipc.ProtobufRpcEngine$Server.processCall(ProtobufRpcEngine.java:466) [hadoop-common-3.3.1.jar:?]
	at org.apache.hadoop.ipc.ProtobufRpcEngine2$Server$ProtoBufRpcInvoker.call(ProtobufRpcEngine2.java:574) [hadoop-common-3.3.1.jar:?]
	at org.apache.hadoop.ipc.ProtobufRpcEngine2$Server$ProtoBufRpcInvoker.call(ProtobufRpcEngine2.java:552) [hadoop-common-3.3.1.jar:?]
	at org.apache.hadoop.ipc.RPC$Server.call(RPC.java:1093) [hadoop-common-3.3.1.jar:?]
	at org.apache.hadoop.ipc.Server$RpcCall.run(Server.java:1035) [hadoop-common-3.3.1.jar:?]
	at org.apache.hadoop.ipc.Server$RpcCall.run(Server.java:963) [hadoop-common-3.3.1.jar:?]
	at java.security.AccessController.doPrivileged(Native Method) ~[?:1.8.0_332]
	at javax.security.auth.Subject.doAs(Subject.java:422) [?:1.8.0_332]
	at org.apache.hadoop.security.UserGroupInformation.doAs(UserGroupInformation.java:1878) [hadoop-common-3.3.1.jar:?]
	at org.apache.hadoop.ipc.Server$Handler.run(Server.java:2966) [hadoop-common-3.3.1.jar:?]
01:59:10.896 [IPC Server handler 0 on default port 36513] ERROR OMAudit - user=runner | ip=127.0.0.1 | op=GET_FILE_STATUS {volume=volume26320, bucket=bucket57581, key=testBatchDelete/parent/child0, dataSize=0, replicationConfig=null} | ret=FAILURE
org.apache.hadoop.ozone.om.exceptions.OMException: Unable to get file status: volume: volume26320 bucket: bucket57581 key: testBatchDelete/parent/child0
	at org.apache.hadoop.ozone.om.KeyManagerImpl.getOzoneFileStatus(KeyManagerImpl.java:1311) ~[ozone-manager-1.3.0-SNAPSHOT.jar:?]
	at org.apache.hadoop.ozone.om.KeyManagerImpl.getFileStatus(KeyManagerImpl.java:1241) ~[ozone-manager-1.3.0-SNAPSHOT.jar:?]
	at org.apache.hadoop.ozone.om.OzoneManager.getFileStatus(OzoneManager.java:3467) ~[ozone-manager-1.3.0-SNAPSHOT.jar:?]
	at org.apache.hadoop.ozone.protocolPB.OzoneManagerRequestHandler.getOzoneFileStatus(OzoneManagerRequestHandler.java:878) ~[ozone-manager-1.3.0-SNAPSHOT.jar:?]
	at org.apache.hadoop.ozone.protocolPB.OzoneManagerRequestHandler.handleReadRequest(OzoneManagerRequestHandler.java:224) ~[ozone-manager-1.3.0-SNAPSHOT.jar:?]
	at org.apache.hadoop.ozone.protocolPB.OzoneManagerProtocolServerSideTranslatorPB.submitRequestDirectlyToOM(OzoneManagerProtocolServerSideTranslatorPB.java:276) ~[ozone-manager-1.3.0-SNAPSHOT.jar:?]
	at org.apache.hadoop.ozone.protocolPB.OzoneManagerProtocolServerSideTranslatorPB.processRequest(OzoneManagerProtocolServerSideTranslatorPB.java:205) ~[ozone-manager-1.3.0-SNAPSHOT.jar:?]
	at org.apache.hadoop.hdds.server.OzoneProtocolMessageDispatcher.processRequest(OzoneProtocolMessageDispatcher.java:87) [hdds-server-framework-1.3.0-SNAPSHOT.jar:?]
	at org.apache.hadoop.ozone.protocolPB.OzoneManagerProtocolServerSideTranslatorPB.submitRequest(OzoneManagerProtocolServerSideTranslatorPB.java:147) [ozone-manager-1.3.0-SNAPSHOT.jar:?]
	at org.apache.hadoop.ozone.protocol.proto.OzoneManagerProtocolProtos$OzoneManagerService$2.callBlockingMethod(OzoneManagerProtocolProtos.java) [ozone-interface-client-1.3.0-SNAPSHOT.jar:?]
	at org.apache.hadoop.ipc.ProtobufRpcEngine$Server.processCall(ProtobufRpcEngine.java:466) [hadoop-common-3.3.1.jar:?]
	at org.apache.hadoop.ipc.ProtobufRpcEngine2$Server$ProtoBufRpcInvoker.call(ProtobufRpcEngine2.java:574) [hadoop-common-3.3.1.jar:?]
	at org.apache.hadoop.ipc.ProtobufRpcEngine2$Server$ProtoBufRpcInvoker.call(ProtobufRpcEngine2.java:552) [hadoop-common-3.3.1.jar:?]
	at org.apache.hadoop.ipc.RPC$Server.call(RPC.java:1093) [hadoop-common-3.3.1.jar:?]
	at org.apache.hadoop.ipc.Server$RpcCall.run(Server.java:1035) [hadoop-common-3.3.1.jar:?]
	at org.apache.hadoop.ipc.Server$RpcCall.run(Server.java:963) [hadoop-common-3.3.1.jar:?]
	at java.security.AccessController.doPrivileged(Native Method) ~[?:1.8.0_332]
	at javax.security.auth.Subject.doAs(Subject.java:422) [?:1.8.0_332]
	at org.apache.hadoop.security.UserGroupInformation.doAs(UserGroupInformation.java:1878) [hadoop-common-3.3.1.jar:?]
	at org.apache.hadoop.ipc.Server$Handler.run(Server.java:2966) [hadoop-common-3.3.1.jar:?]
01:59:10.896 [IPC Server handler 12 on default port 36513] ERROR OMAudit - user=runner | ip=127.0.0.1 | op=GET_FILE_STATUS {volume=volume26320, bucket=bucket57581, key=testBatchDelete/parent/childFolder/child0, dataSize=0, replicationConfig=null} | ret=FAILURE
org.apache.hadoop.ozone.om.exceptions.OMException: Unable to get file status: volume: volume26320 bucket: bucket57581 key: testBatchDelete/parent/childFolder/child0
	at org.apache.hadoop.ozone.om.KeyManagerImpl.getOzoneFileStatus(KeyManagerImpl.java:1311) ~[ozone-manager-1.3.0-SNAPSHOT.jar:?]
	at org.apache.hadoop.ozone.om.KeyManagerImpl.getFileStatus(KeyManagerImpl.java:1241) ~[ozone-manager-1.3.0-SNAPSHOT.jar:?]
	at org.apache.hadoop.ozone.om.OzoneManager.getFileStatus(OzoneManager.java:3467) ~[ozone-manager-1.3.0-SNAPSHOT.jar:?]
	at org.apache.hadoop.ozone.protocolPB.OzoneManagerRequestHandler.getOzoneFileStatus(OzoneManagerRequestHandler.java:878) ~[ozone-manager-1.3.0-SNAPSHOT.jar:?]
	at org.apache.hadoop.ozone.protocolPB.OzoneManagerRequestHandler.handleReadRequest(OzoneManagerRequestHandler.java:224) ~[ozone-manager-1.3.0-SNAPSHOT.jar:?]
	at org.apache.hadoop.ozone.protocolPB.OzoneManagerProtocolServerSideTranslatorPB.submitRequestDirectlyToOM(OzoneManagerProtocolServerSideTranslatorPB.java:276) ~[ozone-manager-1.3.0-SNAPSHOT.jar:?]
	at org.apache.hadoop.ozone.protocolPB.OzoneManagerProtocolServerSideTranslatorPB.processRequest(OzoneManagerProtocolServerSideTranslatorPB.java:205) ~[ozone-manager-1.3.0-SNAPSHOT.jar:?]
	at org.apache.hadoop.hdds.server.OzoneProtocolMessageDispatcher.processRequest(OzoneProtocolMessageDispatcher.java:87) [hdds-server-framework-1.3.0-SNAPSHOT.jar:?]
	at org.apache.hadoop.ozone.protocolPB.OzoneManagerProtocolServerSideTranslatorPB.submitRequest(OzoneManagerProtocolServerSideTranslatorPB.java:147) [ozone-manager-1.3.0-SNAPSHOT.jar:?]
	at org.apache.hadoop.ozone.protocol.proto.OzoneManagerProtocolProtos$OzoneManagerService$2.callBlockingMethod(OzoneManagerProtocolProtos.java) [ozone-interface-client-1.3.0-SNAPSHOT.jar:?]
	at org.apache.hadoop.ipc.ProtobufRpcEngine$Server.processCall(ProtobufRpcEngine.java:466) [hadoop-common-3.3.1.jar:?]
	at org.apache.hadoop.ipc.ProtobufRpcEngine2$Server$ProtoBufRpcInvoker.call(ProtobufRpcEngine2.java:574) [hadoop-common-3.3.1.jar:?]
	at org.apache.hadoop.ipc.ProtobufRpcEngine2$Server$ProtoBufRpcInvoker.call(ProtobufRpcEngine2.java:552) [hadoop-common-3.3.1.jar:?]
	at org.apache.hadoop.ipc.RPC$Server.call(RPC.java:1093) [hadoop-common-3.3.1.jar:?]
	at org.apache.hadoop.ipc.Server$RpcCall.run(Server.java:1035) [hadoop-common-3.3.1.jar:?]
	at org.apache.hadoop.ipc.Server$RpcCall.run(Server.java:963) [hadoop-common-3.3.1.jar:?]
	at java.security.AccessController.doPrivileged(Native Method) ~[?:1.8.0_332]
	at javax.security.auth.Subject.doAs(Subject.java:422) [?:1.8.0_332]
	at org.apache.hadoop.security.UserGroupInformation.doAs(UserGroupInformation.java:1878) [hadoop-common-3.3.1.jar:?]
	at org.apache.hadoop.ipc.Server$Handler.run(Server.java:2966) [hadoop-common-3.3.1.jar:?]
01:59:10.899 [IPC Server handler 8 on default port 36513] ERROR OMAudit - user=runner | ip=127.0.0.1 | op=GET_FILE_STATUS {volume=volume26320, bucket=bucket57581, key=testBatchDelete/parent/child1, dataSize=0, replicationConfig=null} | ret=FAILURE
org.apache.hadoop.ozone.om.exceptions.OMException: Unable to get file status: volume: volume26320 bucket: bucket57581 key: testBatchDelete/parent/child1
	at org.apache.hadoop.ozone.om.KeyManagerImpl.getOzoneFileStatus(KeyManagerImpl.java:1311) ~[ozone-manager-1.3.0-SNAPSHOT.jar:?]
	at org.apache.hadoop.ozone.om.KeyManagerImpl.getFileStatus(KeyManagerImpl.java:1241) ~[ozone-manager-1.3.0-SNAPSHOT.jar:?]
	at org.apache.hadoop.ozone.om.OzoneManager.getFileStatus(OzoneManager.java:3467) ~[ozone-manager-1.3.0-SNAPSHOT.jar:?]
	at org.apache.hadoop.ozone.protocolPB.OzoneManagerRequestHandler.getOzoneFileStatus(OzoneManagerRequestHandler.java:878) ~[ozone-manager-1.3.0-SNAPSHOT.jar:?]
	at org.apache.hadoop.ozone.protocolPB.OzoneManagerRequestHandler.handleReadRequest(OzoneManagerRequestHandler.java:224) ~[ozone-manager-1.3.0-SNAPSHOT.jar:?]
	at org.apache.hadoop.ozone.protocolPB.OzoneManagerProtocolServerSideTranslatorPB.submitRequestDirectlyToOM(OzoneManagerProtocolServerSideTranslatorPB.java:276) ~[ozone-manager-1.3.0-SNAPSHOT.jar:?]
	at org.apache.hadoop.ozone.protocolPB.OzoneManagerProtocolServerSideTranslatorPB.processRequest(OzoneManagerProtocolServerSideTranslatorPB.java:205) ~[ozone-manager-1.3.0-SNAPSHOT.jar:?]
	at org.apache.hadoop.hdds.server.OzoneProtocolMessageDispatcher.processRequest(OzoneProtocolMessageDispatcher.java:87) [hdds-server-framework-1.3.0-SNAPSHOT.jar:?]
	at org.apache.hadoop.ozone.protocolPB.OzoneManagerProtocolServerSideTranslatorPB.submitRequest(OzoneManagerProtocolServerSideTranslatorPB.java:147) [ozone-manager-1.3.0-SNAPSHOT.jar:?]
	at org.apache.hadoop.ozone.protocol.proto.OzoneManagerProtocolProtos$OzoneManagerService$2.callBlockingMethod(OzoneManagerProtocolProtos.java) [ozone-interface-client-1.3.0-SNAPSHOT.jar:?]
	at org.apache.hadoop.ipc.ProtobufRpcEngine$Server.processCall(ProtobufRpcEngine.java:466) [hadoop-common-3.3.1.jar:?]
	at org.apache.hadoop.ipc.ProtobufRpcEngine2$Server$ProtoBufRpcInvoker.call(ProtobufRpcEngine2.java:574) [hadoop-common-3.3.1.jar:?]
	at org.apache.hadoop.ipc.ProtobufRpcEngine2$Server$ProtoBufRpcInvoker.call(ProtobufRpcEngine2.java:552) [hadoop-common-3.3.1.jar:?]
	at org.apache.hadoop.ipc.RPC$Server.call(RPC.java:1093) [hadoop-common-3.3.1.jar:?]
	at org.apache.hadoop.ipc.Server$RpcCall.run(Server.java:1035) [hadoop-common-3.3.1.jar:?]
	at org.apache.hadoop.ipc.Server$RpcCall.run(Server.java:963) [hadoop-common-3.3.1.jar:?]
	at java.security.AccessController.doPrivileged(Native Method) ~[?:1.8.0_332]
	at javax.security.auth.Subject.doAs(Subject.java:422) [?:1.8.0_332]
	at org.apache.hadoop.security.UserGroupInformation.doAs(UserGroupInformation.java:1878) [hadoop-common-3.3.1.jar:?]
	at org.apache.hadoop.ipc.Server$Handler.run(Server.java:2966) [hadoop-common-3.3.1.jar:?]
01:59:10.903 [IPC Server handler 13 on default port 36513] ERROR OMAudit - user=runner | ip=127.0.0.1 | op=GET_FILE_STATUS {volume=volume26320, bucket=bucket57581, key=testBatchDelete/parent/childFolder/child1, dataSize=0, replicationConfig=null} | ret=FAILURE
org.apache.hadoop.ozone.om.exceptions.OMException: Unable to get file status: volume: volume26320 bucket: bucket57581 key: testBatchDelete/parent/childFolder/child1
	at org.apache.hadoop.ozone.om.KeyManagerImpl.getOzoneFileStatus(KeyManagerImpl.java:1311) ~[ozone-manager-1.3.0-SNAPSHOT.jar:?]
	at org.apache.hadoop.ozone.om.KeyManagerImpl.getFileStatus(KeyManagerImpl.java:1241) ~[ozone-manager-1.3.0-SNAPSHOT.jar:?]
	at org.apache.hadoop.ozone.om.OzoneManager.getFileStatus(OzoneManager.java:3467) ~[ozone-manager-1.3.0-SNAPSHOT.jar:?]
	at org.apache.hadoop.ozone.protocolPB.OzoneManagerRequestHandler.getOzoneFileStatus(OzoneManagerRequestHandler.java:878) ~[ozone-manager-1.3.0-SNAPSHOT.jar:?]
	at org.apache.hadoop.ozone.protocolPB.OzoneManagerRequestHandler.handleReadRequest(OzoneManagerRequestHandler.java:224) ~[ozone-manager-1.3.0-SNAPSHOT.jar:?]
	at org.apache.hadoop.ozone.protocolPB.OzoneManagerProtocolServerSideTranslatorPB.submitRequestDirectlyToOM(OzoneManagerProtocolServerSideTranslatorPB.java:276) ~[ozone-manager-1.3.0-SNAPSHOT.jar:?]
	at org.apache.hadoop.ozone.protocolPB.OzoneManagerProtocolServerSideTranslatorPB.processRequest(OzoneManagerProtocolServerSideTranslatorPB.java:205) ~[ozone-manager-1.3.0-SNAPSHOT.jar:?]
	at org.apache.hadoop.hdds.server.OzoneProtocolMessageDispatcher.processRequest(OzoneProtocolMessageDispatcher.java:87) [hdds-server-framework-1.3.0-SNAPSHOT.jar:?]
	at org.apache.hadoop.ozone.protocolPB.OzoneManagerProtocolServerSideTranslatorPB.submitRequest(OzoneManagerProtocolServerSideTranslatorPB.java:147) [ozone-manager-1.3.0-SNAPSHOT.jar:?]
	at org.apache.hadoop.ozone.protocol.proto.OzoneManagerProtocolProtos$OzoneManagerService$2.callBlockingMethod(OzoneManagerProtocolProtos.java) [ozone-interface-client-1.3.0-SNAPSHOT.jar:?]
	at org.apache.hadoop.ipc.ProtobufRpcEngine$Server.processCall(ProtobufRpcEngine.java:466) [hadoop-common-3.3.1.jar:?]
	at org.apache.hadoop.ipc.ProtobufRpcEngine2$Server$ProtoBufRpcInvoker.call(ProtobufRpcEngine2.java:574) [hadoop-common-3.3.1.jar:?]
	at org.apache.hadoop.ipc.ProtobufRpcEngine2$Server$ProtoBufRpcInvoker.call(ProtobufRpcEngine2.java:552) [hadoop-common-3.3.1.jar:?]
	at org.apache.hadoop.ipc.RPC$Server.call(RPC.java:1093) [hadoop-common-3.3.1.jar:?]
	at org.apache.hadoop.ipc.Server$RpcCall.run(Server.java:1035) [hadoop-common-3.3.1.jar:?]
	at org.apache.hadoop.ipc.Server$RpcCall.run(Server.java:963) [hadoop-common-3.3.1.jar:?]
	at java.security.AccessController.doPrivileged(Native Method) ~[?:1.8.0_332]
	at javax.security.auth.Subject.doAs(Subject.java:422) [?:1.8.0_332]
	at org.apache.hadoop.security.UserGroupInformation.doAs(UserGroupInformation.java:1878) [hadoop-common-3.3.1.jar:?]
	at org.apache.hadoop.ipc.Server$Handler.run(Server.java:2966) [hadoop-common-3.3.1.jar:?]
01:59:10.906 [IPC Server handler 14 on default port 36513] ERROR OMAudit - user=runner | ip=127.0.0.1 | op=GET_FILE_STATUS {volume=volume26320, bucket=bucket57581, key=testBatchDelete/parent/child2, dataSize=0, replicationConfig=null} | ret=FAILURE
org.apache.hadoop.ozone.om.exceptions.OMException: Unable to get file status: volume: volume26320 bucket: bucket57581 key: testBatchDelete/parent/child2
	at org.apache.hadoop.ozone.om.KeyManagerImpl.getOzoneFileStatus(KeyManagerImpl.java:1311) ~[ozone-manager-1.3.0-SNAPSHOT.jar:?]
	at org.apache.hadoop.ozone.om.KeyManagerImpl.getFileStatus(KeyManagerImpl.java:1241) ~[ozone-manager-1.3.0-SNAPSHOT.jar:?]
	at org.apache.hadoop.ozone.om.OzoneManager.getFileStatus(OzoneManager.java:3467) ~[ozone-manager-1.3.0-SNAPSHOT.jar:?]
	at org.apache.hadoop.ozone.protocolPB.OzoneManagerRequestHandler.getOzoneFileStatus(OzoneManagerRequestHandler.java:878) ~[ozone-manager-1.3.0-SNAPSHOT.jar:?]
	at org.apache.hadoop.ozone.protocolPB.OzoneManagerRequestHandler.handleReadRequest(OzoneManagerRequestHandler.java:224) ~[ozone-manager-1.3.0-SNAPSHOT.jar:?]
	at org.apache.hadoop.ozone.protocolPB.OzoneManagerProtocolServerSideTranslatorPB.submitRequestDirectlyToOM(OzoneManagerProtocolServerSideTranslatorPB.java:276) ~[ozone-manager-1.3.0-SNAPSHOT.jar:?]
	at org.apache.hadoop.ozone.protocolPB.OzoneManagerProtocolServerSideTranslatorPB.processRequest(OzoneManagerProtocolServerSideTranslatorPB.java:205) ~[ozone-manager-1.3.0-SNAPSHOT.jar:?]
	at org.apache.hadoop.hdds.server.OzoneProtocolMessageDispatcher.processRequest(OzoneProtocolMessageDispatcher.java:87) [hdds-server-framework-1.3.0-SNAPSHOT.jar:?]
	at org.apache.hadoop.ozone.protocolPB.OzoneManagerProtocolServerSideTranslatorPB.submitRequest(OzoneManagerProtocolServerSideTranslatorPB.java:147) [ozone-manager-1.3.0-SNAPSHOT.jar:?]
	at org.apache.hadoop.ozone.protocol.proto.OzoneManagerProtocolProtos$OzoneManagerService$2.callBlockingMethod(OzoneManagerProtocolProtos.java) [ozone-interface-client-1.3.0-SNAPSHOT.jar:?]
	at org.apache.hadoop.ipc.ProtobufRpcEngine$Server.processCall(ProtobufRpcEngine.java:466) [hadoop-common-3.3.1.jar:?]
	at org.apache.hadoop.ipc.ProtobufRpcEngine2$Server$ProtoBufRpcInvoker.call(ProtobufRpcEngine2.java:574) [hadoop-common-3.3.1.jar:?]
	at org.apache.hadoop.ipc.ProtobufRpcEngine2$Server$ProtoBufRpcInvoker.call(ProtobufRpcEngine2.java:552) [hadoop-common-3.3.1.jar:?]
	at org.apache.hadoop.ipc.RPC$Server.call(RPC.java:1093) [hadoop-common-3.3.1.jar:?]
	at org.apache.hadoop.ipc.Server$RpcCall.run(Server.java:1035) [hadoop-common-3.3.1.jar:?]
	at org.apache.hadoop.ipc.Server$RpcCall.run(Server.java:963) [hadoop-common-3.3.1.jar:?]
	at java.security.AccessController.doPrivileged(Native Method) ~[?:1.8.0_332]
	at javax.security.auth.Subject.doAs(Subject.java:422) [?:1.8.0_332]
	at org.apache.hadoop.security.UserGroupInformation.doAs(UserGroupInformation.java:1878) [hadoop-common-3.3.1.jar:?]
	at org.apache.hadoop.ipc.Server$Handler.run(Server.java:2966) [hadoop-common-3.3.1.jar:?]
01:59:10.907 [IPC Server handler 15 on default port 36513] ERROR OMAudit - user=runner | ip=127.0.0.1 | op=GET_FILE_STATUS {volume=volume26320, bucket=bucket57581, key=testBatchDelete/parent/childFolder/child2, dataSize=0, replicationConfig=null} | ret=FAILURE
org.apache.hadoop.ozone.om.exceptions.OMException: Unable to get file status: volume: volume26320 bucket: bucket57581 key: testBatchDelete/parent/childFolder/child2
	at org.apache.hadoop.ozone.om.KeyManagerImpl.getOzoneFileStatus(KeyManagerImpl.java:1311) ~[ozone-manager-1.3.0-SNAPSHOT.jar:?]
	at org.apache.hadoop.ozone.om.KeyManagerImpl.getFileStatus(KeyManagerImpl.java:1241) ~[ozone-manager-1.3.0-SNAPSHOT.jar:?]
	at org.apache.hadoop.ozone.om.OzoneManager.getFileStatus(OzoneManager.java:3467) ~[ozone-manager-1.3.0-SNAPSHOT.jar:?]
	at org.apache.hadoop.ozone.protocolPB.OzoneManagerRequestHandler.getOzoneFileStatus(OzoneManagerRequestHandler.java:878) ~[ozone-manager-1.3.0-SNAPSHOT.jar:?]
	at org.apache.hadoop.ozone.protocolPB.OzoneManagerRequestHandler.handleReadRequest(OzoneManagerRequestHandler.java:224) ~[ozone-manager-1.3.0-SNAPSHOT.jar:?]
	at org.apache.hadoop.ozone.protocolPB.OzoneManagerProtocolServerSideTranslatorPB.submitRequestDirectlyToOM(OzoneManagerProtocolServerSideTranslatorPB.java:276) ~[ozone-manager-1.3.0-SNAPSHOT.jar:?]
	at org.apache.hadoop.ozone.protocolPB.OzoneManagerProtocolServerSideTranslatorPB.processRequest(OzoneManagerProtocolServerSideTranslatorPB.java:205) ~[ozone-manager-1.3.0-SNAPSHOT.jar:?]
	at org.apache.hadoop.hdds.server.OzoneProtocolMessageDispatcher.processRequest(OzoneProtocolMessageDispatcher.java:87) [hdds-server-framework-1.3.0-SNAPSHOT.jar:?]
	at org.apache.hadoop.ozone.protocolPB.OzoneManagerProtocolServerSideTranslatorPB.submitRequest(OzoneManagerProtocolServerSideTranslatorPB.java:147) [ozone-manager-1.3.0-SNAPSHOT.jar:?]
	at org.apache.hadoop.ozone.protocol.proto.OzoneManagerProtocolProtos$OzoneManagerService$2.callBlockingMethod(OzoneManagerProtocolProtos.java) [ozone-interface-client-1.3.0-SNAPSHOT.jar:?]
	at org.apache.hadoop.ipc.ProtobufRpcEngine$Server.processCall(ProtobufRpcEngine.java:466) [hadoop-common-3.3.1.jar:?]
	at org.apache.hadoop.ipc.ProtobufRpcEngine2$Server$ProtoBufRpcInvoker.call(ProtobufRpcEngine2.java:574) [hadoop-common-3.3.1.jar:?]
	at org.apache.hadoop.ipc.ProtobufRpcEngine2$Server$ProtoBufRpcInvoker.call(ProtobufRpcEngine2.java:552) [hadoop-common-3.3.1.jar:?]
	at org.apache.hadoop.ipc.RPC$Server.call(RPC.java:1093) [hadoop-common-3.3.1.jar:?]
	at org.apache.hadoop.ipc.Server$RpcCall.run(Server.java:1035) [hadoop-common-3.3.1.jar:?]
	at org.apache.hadoop.ipc.Server$RpcCall.run(Server.java:963) [hadoop-common-3.3.1.jar:?]
	at java.security.AccessController.doPrivileged(Native Method) ~[?:1.8.0_332]
	at javax.security.auth.Subject.doAs(Subject.java:422) [?:1.8.0_332]
	at org.apache.hadoop.security.UserGroupInformation.doAs(UserGroupInformation.java:1878) [hadoop-common-3.3.1.jar:?]
	at org.apache.hadoop.ipc.Server$Handler.run(Server.java:2966) [hadoop-common-3.3.1.jar:?]
01:59:10.908 [IPC Server handler 5 on default port 36513] ERROR OMAudit - user=runner | ip=127.0.0.1 | op=GET_FILE_STATUS {volume=volume26320, bucket=bucket57581, key=testBatchDelete/parent/child3, dataSize=0, replicationConfig=null} | ret=FAILURE
org.apache.hadoop.ozone.om.exceptions.OMException: Unable to get file status: volume: volume26320 bucket: bucket57581 key: testBatchDelete/parent/child3
	at org.apache.hadoop.ozone.om.KeyManagerImpl.getOzoneFileStatus(KeyManagerImpl.java:1311) ~[ozone-manager-1.3.0-SNAPSHOT.jar:?]
	at org.apache.hadoop.ozone.om.KeyManagerImpl.getFileStatus(KeyManagerImpl.java:1241) ~[ozone-manager-1.3.0-SNAPSHOT.jar:?]
	at org.apache.hadoop.ozone.om.OzoneManager.getFileStatus(OzoneManager.java:3467) ~[ozone-manager-1.3.0-SNAPSHOT.jar:?]
	at org.apache.hadoop.ozone.protocolPB.OzoneManagerRequestHandler.getOzoneFileStatus(OzoneManagerRequestHandler.java:878) ~[ozone-manager-1.3.0-SNAPSHOT.jar:?]
	at org.apache.hadoop.ozone.protocolPB.OzoneManagerRequestHandler.handleReadRequest(OzoneManagerRequestHandler.java:224) ~[ozone-manager-1.3.0-SNAPSHOT.jar:?]
	at org.apache.hadoop.ozone.protocolPB.OzoneManagerProtocolServerSideTranslatorPB.submitRequestDirectlyToOM(OzoneManagerProtocolServerSideTranslatorPB.java:276) ~[ozone-manager-1.3.0-SNAPSHOT.jar:?]
	at org.apache.hadoop.ozone.protocolPB.OzoneManagerProtocolServerSideTranslatorPB.processRequest(OzoneManagerProtocolServerSideTranslatorPB.java:205) ~[ozone-manager-1.3.0-SNAPSHOT.jar:?]
	at org.apache.hadoop.hdds.server.OzoneProtocolMessageDispatcher.processRequest(OzoneProtocolMessageDispatcher.java:87) [hdds-server-framework-1.3.0-SNAPSHOT.jar:?]
	at org.apache.hadoop.ozone.protocolPB.OzoneManagerProtocolServerSideTranslatorPB.submitRequest(OzoneManagerProtocolServerSideTranslatorPB.java:147) [ozone-manager-1.3.0-SNAPSHOT.jar:?]
	at org.apache.hadoop.ozone.protocol.proto.OzoneManagerProtocolProtos$OzoneManagerService$2.callBlockingMethod(OzoneManagerProtocolProtos.java) [ozone-interface-client-1.3.0-SNAPSHOT.jar:?]
	at org.apache.hadoop.ipc.ProtobufRpcEngine$Server.processCall(ProtobufRpcEngine.java:466) [hadoop-common-3.3.1.jar:?]
	at org.apache.hadoop.ipc.ProtobufRpcEngine2$Server$ProtoBufRpcInvoker.call(ProtobufRpcEngine2.java:574) [hadoop-common-3.3.1.jar:?]
	at org.apache.hadoop.ipc.ProtobufRpcEngine2$Server$ProtoBufRpcInvoker.call(ProtobufRpcEngine2.java:552) [hadoop-common-3.3.1.jar:?]
	at org.apache.hadoop.ipc.RPC$Server.call(RPC.java:1093) [hadoop-common-3.3.1.jar:?]
	at org.apache.hadoop.ipc.Server$RpcCall.run(Server.java:1035) [hadoop-common-3.3.1.jar:?]
	at org.apache.hadoop.ipc.Server$RpcCall.run(Server.java:963) [hadoop-common-3.3.1.jar:?]
	at java.security.AccessController.doPrivileged(Native Method) ~[?:1.8.0_332]
	at javax.security.auth.Subject.doAs(Subject.java:422) [?:1.8.0_332]
	at org.apache.hadoop.security.UserGroupInformation.doAs(UserGroupInformation.java:1878) [hadoop-common-3.3.1.jar:?]
	at org.apache.hadoop.ipc.Server$Handler.run(Server.java:2966) [hadoop-common-3.3.1.jar:?]
01:59:10.911 [IPC Server handler 11 on default port 36513] ERROR OMAudit - user=runner | ip=127.0.0.1 | op=GET_FILE_STATUS {volume=volume26320, bucket=bucket57581, key=testBatchDelete/parent/childFolder/child3, dataSize=0, replicationConfig=null} | ret=FAILURE
org.apache.hadoop.ozone.om.exceptions.OMException: Unable to get file status: volume: volume26320 bucket: bucket57581 key: testBatchDelete/parent/childFolder/child3
	at org.apache.hadoop.ozone.om.KeyManagerImpl.getOzoneFileStatus(KeyManagerImpl.java:1311) ~[ozone-manager-1.3.0-SNAPSHOT.jar:?]
	at org.apache.hadoop.ozone.om.KeyManagerImpl.getFileStatus(KeyManagerImpl.java:1241) ~[ozone-manager-1.3.0-SNAPSHOT.jar:?]
	at org.apache.hadoop.ozone.om.OzoneManager.getFileStatus(OzoneManager.java:3467) ~[ozone-manager-1.3.0-SNAPSHOT.jar:?]
	at org.apache.hadoop.ozone.protocolPB.OzoneManagerRequestHandler.getOzoneFileStatus(OzoneManagerRequestHandler.java:878) ~[ozone-manager-1.3.0-SNAPSHOT.jar:?]
	at org.apache.hadoop.ozone.protocolPB.OzoneManagerRequestHandler.handleReadRequest(OzoneManagerRequestHandler.java:224) ~[ozone-manager-1.3.0-SNAPSHOT.jar:?]
	at org.apache.hadoop.ozone.protocolPB.OzoneManagerProtocolServerSideTranslatorPB.submitRequestDirectlyToOM(OzoneManagerProtocolServerSideTranslatorPB.java:276) ~[ozone-manager-1.3.0-SNAPSHOT.jar:?]
	at org.apache.hadoop.ozone.protocolPB.OzoneManagerProtocolServerSideTranslatorPB.processRequest(OzoneManagerProtocolServerSideTranslatorPB.java:205) ~[ozone-manager-1.3.0-SNAPSHOT.jar:?]
	at org.apache.hadoop.hdds.server.OzoneProtocolMessageDispatcher.processRequest(OzoneProtocolMessageDispatcher.java:87) [hdds-server-framework-1.3.0-SNAPSHOT.jar:?]
	at org.apache.hadoop.ozone.protocolPB.OzoneManagerProtocolServerSideTranslatorPB.submitRequest(OzoneManagerProtocolServerSideTranslatorPB.java:147) [ozone-manager-1.3.0-SNAPSHOT.jar:?]
	at org.apache.hadoop.ozone.protocol.proto.OzoneManagerProtocolProtos$OzoneManagerService$2.callBlockingMethod(OzoneManagerProtocolProtos.java) [ozone-interface-client-1.3.0-SNAPSHOT.jar:?]
	at org.apache.hadoop.ipc.ProtobufRpcEngine$Server.processCall(ProtobufRpcEngine.java:466) [hadoop-common-3.3.1.jar:?]
	at org.apache.hadoop.ipc.ProtobufRpcEngine2$Server$ProtoBufRpcInvoker.call(ProtobufRpcEngine2.java:574) [hadoop-common-3.3.1.jar:?]
	at org.apache.hadoop.ipc.ProtobufRpcEngine2$Server$ProtoBufRpcInvoker.call(ProtobufRpcEngine2.java:552) [hadoop-common-3.3.1.jar:?]
	at org.apache.hadoop.ipc.RPC$Server.call(RPC.java:1093) [hadoop-common-3.3.1.jar:?]
	at org.apache.hadoop.ipc.Server$RpcCall.run(Server.java:1035) [hadoop-common-3.3.1.jar:?]
	at org.apache.hadoop.ipc.Server$RpcCall.run(Server.java:963) [hadoop-common-3.3.1.jar:?]
	at java.security.AccessController.doPrivileged(Native Method) ~[?:1.8.0_332]
	at javax.security.auth.Subject.doAs(Subject.java:422) [?:1.8.0_332]
	at org.apache.hadoop.security.UserGroupInformation.doAs(UserGroupInformation.java:1878) [hadoop-common-3.3.1.jar:?]
	at org.apache.hadoop.ipc.Server$Handler.run(Server.java:2966) [hadoop-common-3.3.1.jar:?]
01:59:10.914 [IPC Server handler 9 on default port 36513] ERROR OMAudit - user=runner | ip=127.0.0.1 | op=GET_FILE_STATUS {volume=volume26320, bucket=bucket57581, key=testBatchDelete/parent/child4, dataSize=0, replicationConfig=null} | ret=FAILURE
org.apache.hadoop.ozone.om.exceptions.OMException: Unable to get file status: volume: volume26320 bucket: bucket57581 key: testBatchDelete/parent/child4
	at org.apache.hadoop.ozone.om.KeyManagerImpl.getOzoneFileStatus(KeyManagerImpl.java:1311) ~[ozone-manager-1.3.0-SNAPSHOT.jar:?]
	at org.apache.hadoop.ozone.om.KeyManagerImpl.getFileStatus(KeyManagerImpl.java:1241) ~[ozone-manager-1.3.0-SNAPSHOT.jar:?]
	at org.apache.hadoop.ozone.om.OzoneManager.getFileStatus(OzoneManager.java:3467) ~[ozone-manager-1.3.0-SNAPSHOT.jar:?]
	at org.apache.hadoop.ozone.protocolPB.OzoneManagerRequestHandler.getOzoneFileStatus(OzoneManagerRequestHandler.java:878) ~[ozone-manager-1.3.0-SNAPSHOT.jar:?]
	at org.apache.hadoop.ozone.protocolPB.OzoneManagerRequestHandler.handleReadRequest(OzoneManagerRequestHandler.java:224) ~[ozone-manager-1.3.0-SNAPSHOT.jar:?]
	at org.apache.hadoop.ozone.protocolPB.OzoneManagerProtocolServerSideTranslatorPB.submitRequestDirectlyToOM(OzoneManagerProtocolServerSideTranslatorPB.java:276) ~[ozone-manager-1.3.0-SNAPSHOT.jar:?]
	at org.apache.hadoop.ozone.protocolPB.OzoneManagerProtocolServerSideTranslatorPB.processRequest(OzoneManagerProtocolServerSideTranslatorPB.java:205) ~[ozone-manager-1.3.0-SNAPSHOT.jar:?]
	at org.apache.hadoop.hdds.server.OzoneProtocolMessageDispatcher.processRequest(OzoneProtocolMessageDispatcher.java:87) [hdds-server-framework-1.3.0-SNAPSHOT.jar:?]
	at org.apache.hadoop.ozone.protocolPB.OzoneManagerProtocolServerSideTranslatorPB.submitRequest(OzoneManagerProtocolServerSideTranslatorPB.java:147) [ozone-manager-1.3.0-SNAPSHOT.jar:?]
	at org.apache.hadoop.ozone.protocol.proto.OzoneManagerProtocolProtos$OzoneManagerService$2.callBlockingMethod(OzoneManagerProtocolProtos.java) [ozone-interface-client-1.3.0-SNAPSHOT.jar:?]
	at org.apache.hadoop.ipc.ProtobufRpcEngine$Server.processCall(ProtobufRpcEngine.java:466) [hadoop-common-3.3.1.jar:?]
	at org.apache.hadoop.ipc.ProtobufRpcEngine2$Server$ProtoBufRpcInvoker.call(ProtobufRpcEngine2.java:574) [hadoop-common-3.3.1.jar:?]
	at org.apache.hadoop.ipc.ProtobufRpcEngine2$Server$ProtoBufRpcInvoker.call(ProtobufRpcEngine2.java:552) [hadoop-common-3.3.1.jar:?]
	at org.apache.hadoop.ipc.RPC$Server.call(RPC.java:1093) [hadoop-common-3.3.1.jar:?]
	at org.apache.hadoop.ipc.Server$RpcCall.run(Server.java:1035) [hadoop-common-3.3.1.jar:?]
	at org.apache.hadoop.ipc.Server$RpcCall.run(Server.java:963) [hadoop-common-3.3.1.jar:?]
	at java.security.AccessController.doPrivileged(Native Method) ~[?:1.8.0_332]
	at javax.security.auth.Subject.doAs(Subject.java:422) [?:1.8.0_332]
	at org.apache.hadoop.security.UserGroupInformation.doAs(UserGroupInformation.java:1878) [hadoop-common-3.3.1.jar:?]
	at org.apache.hadoop.ipc.Server$Handler.run(Server.java:2966) [hadoop-common-3.3.1.jar:?]
01:59:10.923 [IPC Server handler 10 on default port 36513] ERROR OMAudit - user=runner | ip=127.0.0.1 | op=GET_FILE_STATUS {volume=volume26320, bucket=bucket57581, key=testBatchDelete/parent/childFolder/child4, dataSize=0, replicationConfig=null} | ret=FAILURE
org.apache.hadoop.ozone.om.exceptions.OMException: Unable to get file status: volume: volume26320 bucket: bucket57581 key: testBatchDelete/parent/childFolder/child4
	at org.apache.hadoop.ozone.om.KeyManagerImpl.getOzoneFileStatus(KeyManagerImpl.java:1311) ~[ozone-manager-1.3.0-SNAPSHOT.jar:?]
	at org.apache.hadoop.ozone.om.KeyManagerImpl.getFileStatus(KeyManagerImpl.java:1241) ~[ozone-manager-1.3.0-SNAPSHOT.jar:?]
	at org.apache.hadoop.ozone.om.OzoneManager.getFileStatus(OzoneManager.java:3467) ~[ozone-manager-1.3.0-SNAPSHOT.jar:?]
	at org.apache.hadoop.ozone.protocolPB.OzoneManagerRequestHandler.getOzoneFileStatus(OzoneManagerRequestHandler.java:878) ~[ozone-manager-1.3.0-SNAPSHOT.jar:?]
	at org.apache.hadoop.ozone.protocolPB.OzoneManagerRequestHandler.handleReadRequest(OzoneManagerRequestHandler.java:224) ~[ozone-manager-1.3.0-SNAPSHOT.jar:?]
	at org.apache.hadoop.ozone.protocolPB.OzoneManagerProtocolServerSideTranslatorPB.submitRequestDirectlyToOM(OzoneManagerProtocolServerSideTranslatorPB.java:276) ~[ozone-manager-1.3.0-SNAPSHOT.jar:?]
	at org.apache.hadoop.ozone.protocolPB.OzoneManagerProtocolServerSideTranslatorPB.processRequest(OzoneManagerProtocolServerSideTranslatorPB.java:205) ~[ozone-manager-1.3.0-SNAPSHOT.jar:?]
	at org.apache.hadoop.hdds.server.OzoneProtocolMessageDispatcher.processRequest(OzoneProtocolMessageDispatcher.java:87) [hdds-server-framework-1.3.0-SNAPSHOT.jar:?]
	at org.apache.hadoop.ozone.protocolPB.OzoneManagerProtocolServerSideTranslatorPB.submitRequest(OzoneManagerProtocolServerSideTranslatorPB.java:147) [ozone-manager-1.3.0-SNAPSHOT.jar:?]
	at org.apache.hadoop.ozone.protocol.proto.OzoneManagerProtocolProtos$OzoneManagerService$2.callBlockingMethod(OzoneManagerProtocolProtos.java) [ozone-interface-client-1.3.0-SNAPSHOT.jar:?]
	at org.apache.hadoop.ipc.ProtobufRpcEngine$Server.processCall(ProtobufRpcEngine.java:466) [hadoop-common-3.3.1.jar:?]
	at org.apache.hadoop.ipc.ProtobufRpcEngine2$Server$ProtoBufRpcInvoker.call(ProtobufRpcEngine2.java:574) [hadoop-common-3.3.1.jar:?]
	at org.apache.hadoop.ipc.ProtobufRpcEngine2$Server$ProtoBufRpcInvoker.call(ProtobufRpcEngine2.java:552) [hadoop-common-3.3.1.jar:?]
	at org.apache.hadoop.ipc.RPC$Server.call(RPC.java:1093) [hadoop-common-3.3.1.jar:?]
	at org.apache.hadoop.ipc.Server$RpcCall.run(Server.java:1035) [hadoop-common-3.3.1.jar:?]
	at org.apache.hadoop.ipc.Server$RpcCall.run(Server.java:963) [hadoop-common-3.3.1.jar:?]
	at java.security.AccessController.doPrivileged(Native Method) ~[?:1.8.0_332]
	at javax.security.auth.Subject.doAs(Subject.java:422) [?:1.8.0_332]
	at org.apache.hadoop.security.UserGroupInformation.doAs(UserGroupInformation.java:1878) [hadoop-common-3.3.1.jar:?]
	at org.apache.hadoop.ipc.Server$Handler.run(Server.java:2966) [hadoop-common-3.3.1.jar:?]
01:59:10.926 [IPC Server handler 16 on default port 36513] ERROR OMAudit - user=runner | ip=127.0.0.1 | op=GET_FILE_STATUS {volume=volume26320, bucket=bucket57581, key=testBatchDelete/parent/child5, dataSize=0, replicationConfig=null} | ret=FAILURE
org.apache.hadoop.ozone.om.exceptions.OMException: Unable to get file status: volume: volume26320 bucket: bucket57581 key: testBatchDelete/parent/child5
	at org.apache.hadoop.ozone.om.KeyManagerImpl.getOzoneFileStatus(KeyManagerImpl.java:1311) ~[ozone-manager-1.3.0-SNAPSHOT.jar:?]
	at org.apache.hadoop.ozone.om.KeyManagerImpl.getFileStatus(KeyManagerImpl.java:1241) ~[ozone-manager-1.3.0-SNAPSHOT.jar:?]
	at org.apache.hadoop.ozone.om.OzoneManager.getFileStatus(OzoneManager.java:3467) ~[ozone-manager-1.3.0-SNAPSHOT.jar:?]
	at org.apache.hadoop.ozone.protocolPB.OzoneManagerRequestHandler.getOzoneFileStatus(OzoneManagerRequestHandler.java:878) ~[ozone-manager-1.3.0-SNAPSHOT.jar:?]
	at org.apache.hadoop.ozone.protocolPB.OzoneManagerRequestHandler.handleReadRequest(OzoneManagerRequestHandler.java:224) ~[ozone-manager-1.3.0-SNAPSHOT.jar:?]
	at org.apache.hadoop.ozone.protocolPB.OzoneManagerProtocolServerSideTranslatorPB.submitRequestDirectlyToOM(OzoneManagerProtocolServerSideTranslatorPB.java:276) ~[ozone-manager-1.3.0-SNAPSHOT.jar:?]
	at org.apache.hadoop.ozone.protocolPB.OzoneManagerProtocolServerSideTranslatorPB.processRequest(OzoneManagerProtocolServerSideTranslatorPB.java:205) ~[ozone-manager-1.3.0-SNAPSHOT.jar:?]
	at org.apache.hadoop.hdds.server.OzoneProtocolMessageDispatcher.processRequest(OzoneProtocolMessageDispatcher.java:87) [hdds-server-framework-1.3.0-SNAPSHOT.jar:?]
	at org.apache.hadoop.ozone.protocolPB.OzoneManagerProtocolServerSideTranslatorPB.submitRequest(OzoneManagerProtocolServerSideTranslatorPB.java:147) [ozone-manager-1.3.0-SNAPSHOT.jar:?]
	at org.apache.hadoop.ozone.protocol.proto.OzoneManagerProtocolProtos$OzoneManagerService$2.callBlockingMethod(OzoneManagerProtocolProtos.java) [ozone-interface-client-1.3.0-SNAPSHOT.jar:?]
	at org.apache.hadoop.ipc.ProtobufRpcEngine$Server.processCall(ProtobufRpcEngine.java:466) [hadoop-common-3.3.1.jar:?]
	at org.apache.hadoop.ipc.ProtobufRpcEngine2$Server$ProtoBufRpcInvoker.call(ProtobufRpcEngine2.java:574) [hadoop-common-3.3.1.jar:?]
	at org.apache.hadoop.ipc.ProtobufRpcEngine2$Server$ProtoBufRpcInvoker.call(ProtobufRpcEngine2.java:552) [hadoop-common-3.3.1.jar:?]
	at org.apache.hadoop.ipc.RPC$Server.call(RPC.java:1093) [hadoop-common-3.3.1.jar:?]
	at org.apache.hadoop.ipc.Server$RpcCall.run(Server.java:1035) [hadoop-common-3.3.1.jar:?]
	at org.apache.hadoop.ipc.Server$RpcCall.run(Server.java:963) [hadoop-common-3.3.1.jar:?]
	at java.security.AccessController.doPrivileged(Native Method) ~[?:1.8.0_332]
	at javax.security.auth.Subject.doAs(Subject.java:422) [?:1.8.0_332]
	at org.apache.hadoop.security.UserGroupInformation.doAs(UserGroupInformation.java:1878) [hadoop-common-3.3.1.jar:?]
	at org.apache.hadoop.ipc.Server$Handler.run(Server.java:2966) [hadoop-common-3.3.1.jar:?]
01:59:10.927 [IPC Server handler 18 on default port 36513] ERROR OMAudit - user=runner | ip=127.0.0.1 | op=GET_FILE_STATUS {volume=volume26320, bucket=bucket57581, key=testBatchDelete/parent/childFolder/child5, dataSize=0, replicationConfig=null} | ret=FAILURE
org.apache.hadoop.ozone.om.exceptions.OMException: Unable to get file status: volume: volume26320 bucket: bucket57581 key: testBatchDelete/parent/childFolder/child5
	at org.apache.hadoop.ozone.om.KeyManagerImpl.getOzoneFileStatus(KeyManagerImpl.java:1311) ~[ozone-manager-1.3.0-SNAPSHOT.jar:?]
	at org.apache.hadoop.ozone.om.KeyManagerImpl.getFileStatus(KeyManagerImpl.java:1241) ~[ozone-manager-1.3.0-SNAPSHOT.jar:?]
	at org.apache.hadoop.ozone.om.OzoneManager.getFileStatus(OzoneManager.java:3467) ~[ozone-manager-1.3.0-SNAPSHOT.jar:?]
	at org.apache.hadoop.ozone.protocolPB.OzoneManagerRequestHandler.getOzoneFileStatus(OzoneManagerRequestHandler.java:878) ~[ozone-manager-1.3.0-SNAPSHOT.jar:?]
	at org.apache.hadoop.ozone.protocolPB.OzoneManagerRequestHandler.handleReadRequest(OzoneManagerRequestHandler.java:224) ~[ozone-manager-1.3.0-SNAPSHOT.jar:?]
	at org.apache.hadoop.ozone.protocolPB.OzoneManagerProtocolServerSideTranslatorPB.submitRequestDirectlyToOM(OzoneManagerProtocolServerSideTranslatorPB.java:276) ~[ozone-manager-1.3.0-SNAPSHOT.jar:?]
	at org.apache.hadoop.ozone.protocolPB.OzoneManagerProtocolServerSideTranslatorPB.processRequest(OzoneManagerProtocolServerSideTranslatorPB.java:205) ~[ozone-manager-1.3.0-SNAPSHOT.jar:?]
	at org.apache.hadoop.hdds.server.OzoneProtocolMessageDispatcher.processRequest(OzoneProtocolMessageDispatcher.java:87) [hdds-server-framework-1.3.0-SNAPSHOT.jar:?]
	at org.apache.hadoop.ozone.protocolPB.OzoneManagerProtocolServerSideTranslatorPB.submitRequest(OzoneManagerProtocolServerSideTranslatorPB.java:147) [ozone-manager-1.3.0-SNAPSHOT.jar:?]
	at org.apache.hadoop.ozone.protocol.proto.OzoneManagerProtocolProtos$OzoneManagerService$2.callBlockingMethod(OzoneManagerProtocolProtos.java) [ozone-interface-client-1.3.0-SNAPSHOT.jar:?]
	at org.apache.hadoop.ipc.ProtobufRpcEngine$Server.processCall(ProtobufRpcEngine.java:466) [hadoop-common-3.3.1.jar:?]
	at org.apache.hadoop.ipc.ProtobufRpcEngine2$Server$ProtoBufRpcInvoker.call(ProtobufRpcEngine2.java:574) [hadoop-common-3.3.1.jar:?]
	at org.apache.hadoop.ipc.ProtobufRpcEngine2$Server$ProtoBufRpcInvoker.call(ProtobufRpcEngine2.java:552) [hadoop-common-3.3.1.jar:?]
	at org.apache.hadoop.ipc.RPC$Server.call(RPC.java:1093) [hadoop-common-3.3.1.jar:?]
	at org.apache.hadoop.ipc.Server$RpcCall.run(Server.java:1035) [hadoop-common-3.3.1.jar:?]
	at org.apache.hadoop.ipc.Server$RpcCall.run(Server.java:963) [hadoop-common-3.3.1.jar:?]
	at java.security.AccessController.doPrivileged(Native Method) ~[?:1.8.0_332]
	at javax.security.auth.Subject.doAs(Subject.java:422) [?:1.8.0_332]
	at org.apache.hadoop.security.UserGroupInformation.doAs(UserGroupInformation.java:1878) [hadoop-common-3.3.1.jar:?]
	at org.apache.hadoop.ipc.Server$Handler.run(Server.java:2966) [hadoop-common-3.3.1.jar:?]
01:59:10.928 [IPC Server handler 1 on default port 36513] ERROR OMAudit - user=runner | ip=127.0.0.1 | op=GET_FILE_STATUS {volume=volume26320, bucket=bucket57581, key=testBatchDelete/parent/child6, dataSize=0, replicationConfig=null} | ret=FAILURE
org.apache.hadoop.ozone.om.exceptions.OMException: Unable to get file status: volume: volume26320 bucket: bucket57581 key: testBatchDelete/parent/child6
	at org.apache.hadoop.ozone.om.KeyManagerImpl.getOzoneFileStatus(KeyManagerImpl.java:1311) ~[ozone-manager-1.3.0-SNAPSHOT.jar:?]
	at org.apache.hadoop.ozone.om.KeyManagerImpl.getFileStatus(KeyManagerImpl.java:1241) ~[ozone-manager-1.3.0-SNAPSHOT.jar:?]
	at org.apache.hadoop.ozone.om.OzoneManager.getFileStatus(OzoneManager.java:3467) ~[ozone-manager-1.3.0-SNAPSHOT.jar:?]
	at org.apache.hadoop.ozone.protocolPB.OzoneManagerRequestHandler.getOzoneFileStatus(OzoneManagerRequestHandler.java:878) ~[ozone-manager-1.3.0-SNAPSHOT.jar:?]
	at org.apache.hadoop.ozone.protocolPB.OzoneManagerRequestHandler.handleReadRequest(OzoneManagerRequestHandler.java:224) ~[ozone-manager-1.3.0-SNAPSHOT.jar:?]
	at org.apache.hadoop.ozone.protocolPB.OzoneManagerProtocolServerSideTranslatorPB.submitRequestDirectlyToOM(OzoneManagerProtocolServerSideTranslatorPB.java:276) ~[ozone-manager-1.3.0-SNAPSHOT.jar:?]
	at org.apache.hadoop.ozone.protocolPB.OzoneManagerProtocolServerSideTranslatorPB.processRequest(OzoneManagerProtocolServerSideTranslatorPB.java:205) ~[ozone-manager-1.3.0-SNAPSHOT.jar:?]
	at org.apache.hadoop.hdds.server.OzoneProtocolMessageDispatcher.processRequest(OzoneProtocolMessageDispatcher.java:87) [hdds-server-framework-1.3.0-SNAPSHOT.jar:?]
	at org.apache.hadoop.ozone.protocolPB.OzoneManagerProtocolServerSideTranslatorPB.submitRequest(OzoneManagerProtocolServerSideTranslatorPB.java:147) [ozone-manager-1.3.0-SNAPSHOT.jar:?]
	at org.apache.hadoop.ozone.protocol.proto.OzoneManagerProtocolProtos$OzoneManagerService$2.callBlockingMethod(OzoneManagerProtocolProtos.java) [ozone-interface-client-1.3.0-SNAPSHOT.jar:?]
	at org.apache.hadoop.ipc.ProtobufRpcEngine$Server.processCall(ProtobufRpcEngine.java:466) [hadoop-common-3.3.1.jar:?]
	at org.apache.hadoop.ipc.ProtobufRpcEngine2$Server$ProtoBufRpcInvoker.call(ProtobufRpcEngine2.java:574) [hadoop-common-3.3.1.jar:?]
	at org.apache.hadoop.ipc.ProtobufRpcEngine2$Server$ProtoBufRpcInvoker.call(ProtobufRpcEngine2.java:552) [hadoop-common-3.3.1.jar:?]
	at org.apache.hadoop.ipc.RPC$Server.call(RPC.java:1093) [hadoop-common-3.3.1.jar:?]
	at org.apache.hadoop.ipc.Server$RpcCall.run(Server.java:1035) [hadoop-common-3.3.1.jar:?]
	at org.apache.hadoop.ipc.Server$RpcCall.run(Server.java:963) [hadoop-common-3.3.1.jar:?]
	at java.security.AccessController.doPrivileged(Native Method) ~[?:1.8.0_332]
	at javax.security.auth.Subject.doAs(Subject.java:422) [?:1.8.0_332]
	at org.apache.hadoop.security.UserGroupInformation.doAs(UserGroupInformation.java:1878) [hadoop-common-3.3.1.jar:?]
	at org.apache.hadoop.ipc.Server$Handler.run(Server.java:2966) [hadoop-common-3.3.1.jar:?]
01:59:10.928 [IPC Server handler 2 on default port 36513] ERROR OMAudit - user=runner | ip=127.0.0.1 | op=GET_FILE_STATUS {volume=volume26320, bucket=bucket57581, key=testBatchDelete/parent/childFolder/child6, dataSize=0, replicationConfig=null} | ret=FAILURE
org.apache.hadoop.ozone.om.exceptions.OMException: Unable to get file status: volume: volume26320 bucket: bucket57581 key: testBatchDelete/parent/childFolder/child6
	at org.apache.hadoop.ozone.om.KeyManagerImpl.getOzoneFileStatus(KeyManagerImpl.java:1311) ~[ozone-manager-1.3.0-SNAPSHOT.jar:?]
	at org.apache.hadoop.ozone.om.KeyManagerImpl.getFileStatus(KeyManagerImpl.java:1241) ~[ozone-manager-1.3.0-SNAPSHOT.jar:?]
	at org.apache.hadoop.ozone.om.OzoneManager.getFileStatus(OzoneManager.java:3467) ~[ozone-manager-1.3.0-SNAPSHOT.jar:?]
	at org.apache.hadoop.ozone.protocolPB.OzoneManagerRequestHandler.getOzoneFileStatus(OzoneManagerRequestHandler.java:878) ~[ozone-manager-1.3.0-SNAPSHOT.jar:?]
	at org.apache.hadoop.ozone.protocolPB.OzoneManagerRequestHandler.handleReadRequest(OzoneManagerRequestHandler.java:224) ~[ozone-manager-1.3.0-SNAPSHOT.jar:?]
	at org.apache.hadoop.ozone.protocolPB.OzoneManagerProtocolServerSideTranslatorPB.submitRequestDirectlyToOM(OzoneManagerProtocolServerSideTranslatorPB.java:276) ~[ozone-manager-1.3.0-SNAPSHOT.jar:?]
	at org.apache.hadoop.ozone.protocolPB.OzoneManagerProtocolServerSideTranslatorPB.processRequest(OzoneManagerProtocolServerSideTranslatorPB.java:205) ~[ozone-manager-1.3.0-SNAPSHOT.jar:?]
	at org.apache.hadoop.hdds.server.OzoneProtocolMessageDispatcher.processRequest(OzoneProtocolMessageDispatcher.java:87) [hdds-server-framework-1.3.0-SNAPSHOT.jar:?]
	at org.apache.hadoop.ozone.protocolPB.OzoneManagerProtocolServerSideTranslatorPB.submitRequest(OzoneManagerProtocolServerSideTranslatorPB.java:147) [ozone-manager-1.3.0-SNAPSHOT.jar:?]
	at org.apache.hadoop.ozone.protocol.proto.OzoneManagerProtocolProtos$OzoneManagerService$2.callBlockingMethod(OzoneManagerProtocolProtos.java) [ozone-interface-client-1.3.0-SNAPSHOT.jar:?]
	at org.apache.hadoop.ipc.ProtobufRpcEngine$Server.processCall(ProtobufRpcEngine.java:466) [hadoop-common-3.3.1.jar:?]
	at org.apache.hadoop.ipc.ProtobufRpcEngine2$Server$ProtoBufRpcInvoker.call(ProtobufRpcEngine2.java:574) [hadoop-common-3.3.1.jar:?]
	at org.apache.hadoop.ipc.ProtobufRpcEngine2$Server$ProtoBufRpcInvoker.call(ProtobufRpcEngine2.java:552) [hadoop-common-3.3.1.jar:?]
	at org.apache.hadoop.ipc.RPC$Server.call(RPC.java:1093) [hadoop-common-3.3.1.jar:?]
	at org.apache.hadoop.ipc.Server$RpcCall.run(Server.java:1035) [hadoop-common-3.3.1.jar:?]
	at org.apache.hadoop.ipc.Server$RpcCall.run(Server.java:963) [hadoop-common-3.3.1.jar:?]
	at java.security.AccessController.doPrivileged(Native Method) ~[?:1.8.0_332]
	at javax.security.auth.Subject.doAs(Subject.java:422) [?:1.8.0_332]
	at org.apache.hadoop.security.UserGroupInformation.doAs(UserGroupInformation.java:1878) [hadoop-common-3.3.1.jar:?]
	at org.apache.hadoop.ipc.Server$Handler.run(Server.java:2966) [hadoop-common-3.3.1.jar:?]
01:59:10.929 [IPC Server handler 17 on default port 36513] ERROR OMAudit - user=runner | ip=127.0.0.1 | op=GET_FILE_STATUS {volume=volume26320, bucket=bucket57581, key=testBatchDelete/parent/child7, dataSize=0, replicationConfig=null} | ret=FAILURE
org.apache.hadoop.ozone.om.exceptions.OMException: Unable to get file status: volume: volume26320 bucket: bucket57581 key: testBatchDelete/parent/child7
	at org.apache.hadoop.ozone.om.KeyManagerImpl.getOzoneFileStatus(KeyManagerImpl.java:1311) ~[ozone-manager-1.3.0-SNAPSHOT.jar:?]
	at org.apache.hadoop.ozone.om.KeyManagerImpl.getFileStatus(KeyManagerImpl.java:1241) ~[ozone-manager-1.3.0-SNAPSHOT.jar:?]
	at org.apache.hadoop.ozone.om.OzoneManager.getFileStatus(OzoneManager.java:3467) ~[ozone-manager-1.3.0-SNAPSHOT.jar:?]
	at org.apache.hadoop.ozone.protocolPB.OzoneManagerRequestHandler.getOzoneFileStatus(OzoneManagerRequestHandler.java:878) ~[ozone-manager-1.3.0-SNAPSHOT.jar:?]
	at org.apache.hadoop.ozone.protocolPB.OzoneManagerRequestHandler.handleReadRequest(OzoneManagerRequestHandler.java:224) ~[ozone-manager-1.3.0-SNAPSHOT.jar:?]
	at org.apache.hadoop.ozone.protocolPB.OzoneManagerProtocolServerSideTranslatorPB.submitRequestDirectlyToOM(OzoneManagerProtocolServerSideTranslatorPB.java:276) ~[ozone-manager-1.3.0-SNAPSHOT.jar:?]
	at org.apache.hadoop.ozone.protocolPB.OzoneManagerProtocolServerSideTranslatorPB.processRequest(OzoneManagerProtocolServerSideTranslatorPB.java:205) ~[ozone-manager-1.3.0-SNAPSHOT.jar:?]
	at org.apache.hadoop.hdds.server.OzoneProtocolMessageDispatcher.processRequest(OzoneProtocolMessageDispatcher.java:87) [hdds-server-framework-1.3.0-SNAPSHOT.jar:?]
	at org.apache.hadoop.ozone.protocolPB.OzoneManagerProtocolServerSideTranslatorPB.submitRequest(OzoneManagerProtocolServerSideTranslatorPB.java:147) [ozone-manager-1.3.0-SNAPSHOT.jar:?]
	at org.apache.hadoop.ozone.protocol.proto.OzoneManagerProtocolProtos$OzoneManagerService$2.callBlockingMethod(OzoneManagerProtocolProtos.java) [ozone-interface-client-1.3.0-SNAPSHOT.jar:?]
	at org.apache.hadoop.ipc.ProtobufRpcEngine$Server.processCall(ProtobufRpcEngine.java:466) [hadoop-common-3.3.1.jar:?]
	at org.apache.hadoop.ipc.ProtobufRpcEngine2$Server$ProtoBufRpcInvoker.call(ProtobufRpcEngine2.java:574) [hadoop-common-3.3.1.jar:?]
	at org.apache.hadoop.ipc.ProtobufRpcEngine2$Server$ProtoBufRpcInvoker.call(ProtobufRpcEngine2.java:552) [hadoop-common-3.3.1.jar:?]
	at org.apache.hadoop.ipc.RPC$Server.call(RPC.java:1093) [hadoop-common-3.3.1.jar:?]
	at org.apache.hadoop.ipc.Server$RpcCall.run(Server.java:1035) [hadoop-common-3.3.1.jar:?]
	at org.apache.hadoop.ipc.Server$RpcCall.run(Server.java:963) [hadoop-common-3.3.1.jar:?]
	at java.security.AccessController.doPrivileged(Native Method) ~[?:1.8.0_332]
	at javax.security.auth.Subject.doAs(Subject.java:422) [?:1.8.0_332]
	at org.apache.hadoop.security.UserGroupInformation.doAs(UserGroupInformation.java:1878) [hadoop-common-3.3.1.jar:?]
	at org.apache.hadoop.ipc.Server$Handler.run(Server.java:2966) [hadoop-common-3.3.1.jar:?]
01:59:10.931 [IPC Server handler 19 on default port 36513] ERROR OMAudit - user=runner | ip=127.0.0.1 | op=GET_FILE_STATUS {volume=volume26320, bucket=bucket57581, key=testBatchDelete/parent/childFolder/child7, dataSize=0, replicationConfig=null} | ret=FAILURE
org.apache.hadoop.ozone.om.exceptions.OMException: Unable to get file status: volume: volume26320 bucket: bucket57581 key: testBatchDelete/parent/childFolder/child7
	at org.apache.hadoop.ozone.om.KeyManagerImpl.getOzoneFileStatus(KeyManagerImpl.java:1311) ~[ozone-manager-1.3.0-SNAPSHOT.jar:?]
	at org.apache.hadoop.ozone.om.KeyManagerImpl.getFileStatus(KeyManagerImpl.java:1241) ~[ozone-manager-1.3.0-SNAPSHOT.jar:?]
	at org.apache.hadoop.ozone.om.OzoneManager.getFileStatus(OzoneManager.java:3467) ~[ozone-manager-1.3.0-SNAPSHOT.jar:?]
	at org.apache.hadoop.ozone.protocolPB.OzoneManagerRequestHandler.getOzoneFileStatus(OzoneManagerRequestHandler.java:878) ~[ozone-manager-1.3.0-SNAPSHOT.jar:?]
	at org.apache.hadoop.ozone.protocolPB.OzoneManagerRequestHandler.handleReadRequest(OzoneManagerRequestHandler.java:224) ~[ozone-manager-1.3.0-SNAPSHOT.jar:?]
	at org.apache.hadoop.ozone.protocolPB.OzoneManagerProtocolServerSideTranslatorPB.submitRequestDirectlyToOM(OzoneManagerProtocolServerSideTranslatorPB.java:276) ~[ozone-manager-1.3.0-SNAPSHOT.jar:?]
	at org.apache.hadoop.ozone.protocolPB.OzoneManagerProtocolServerSideTranslatorPB.processRequest(OzoneManagerProtocolServerSideTranslatorPB.java:205) ~[ozone-manager-1.3.0-SNAPSHOT.jar:?]
	at org.apache.hadoop.hdds.server.OzoneProtocolMessageDispatcher.processRequest(OzoneProtocolMessageDispatcher.java:87) [hdds-server-framework-1.3.0-SNAPSHOT.jar:?]
	at org.apache.hadoop.ozone.protocolPB.OzoneManagerProtocolServerSideTranslatorPB.submitRequest(OzoneManagerProtocolServerSideTranslatorPB.java:147) [ozone-manager-1.3.0-SNAPSHOT.jar:?]
	at org.apache.hadoop.ozone.protocol.proto.OzoneManagerProtocolProtos$OzoneManagerService$2.callBlockingMethod(OzoneManagerProtocolProtos.java) [ozone-interface-client-1.3.0-SNAPSHOT.jar:?]
	at org.apache.hadoop.ipc.ProtobufRpcEngine$Server.processCall(ProtobufRpcEngine.java:466) [hadoop-common-3.3.1.jar:?]
	at org.apache.hadoop.ipc.ProtobufRpcEngine2$Server$ProtoBufRpcInvoker.call(ProtobufRpcEngine2.java:574) [hadoop-common-3.3.1.jar:?]
	at org.apache.hadoop.ipc.ProtobufRpcEngine2$Server$ProtoBufRpcInvoker.call(ProtobufRpcEngine2.java:552) [hadoop-common-3.3.1.jar:?]
	at org.apache.hadoop.ipc.RPC$Server.call(RPC.java:1093) [hadoop-common-3.3.1.jar:?]
	at org.apache.hadoop.ipc.Server$RpcCall.run(Server.java:1035) [hadoop-common-3.3.1.jar:?]
	at org.apache.hadoop.ipc.Server$RpcCall.run(Server.java:963) [hadoop-common-3.3.1.jar:?]
	at java.security.AccessController.doPrivileged(Native Method) ~[?:1.8.0_332]
	at javax.security.auth.Subject.doAs(Subject.java:422) [?:1.8.0_332]
	at org.apache.hadoop.security.UserGroupInformation.doAs(UserGroupInformation.java:1878) [hadoop-common-3.3.1.jar:?]
	at org.apache.hadoop.ipc.Server$Handler.run(Server.java:2966) [hadoop-common-3.3.1.jar:?]
01:59:10.931 [IPC Server handler 6 on default port 36513] ERROR OMAudit - user=runner | ip=127.0.0.1 | op=GET_FILE_STATUS {volume=volume26320, bucket=bucket57581, key=testBatchDelete/parent, dataSize=0, replicationConfig=null} | ret=FAILURE
org.apache.hadoop.ozone.om.exceptions.OMException: Unable to get file status: volume: volume26320 bucket: bucket57581 key: testBatchDelete/parent
	at org.apache.hadoop.ozone.om.KeyManagerImpl.getOzoneFileStatus(KeyManagerImpl.java:1311) ~[ozone-manager-1.3.0-SNAPSHOT.jar:?]
	at org.apache.hadoop.ozone.om.KeyManagerImpl.getFileStatus(KeyManagerImpl.java:1241) ~[ozone-manager-1.3.0-SNAPSHOT.jar:?]
	at org.apache.hadoop.ozone.om.OzoneManager.getFileStatus(OzoneManager.java:3467) ~[ozone-manager-1.3.0-SNAPSHOT.jar:?]
	at org.apache.hadoop.ozone.protocolPB.OzoneManagerRequestHandler.getOzoneFileStatus(OzoneManagerRequestHandler.java:878) ~[ozone-manager-1.3.0-SNAPSHOT.jar:?]
	at org.apache.hadoop.ozone.protocolPB.OzoneManagerRequestHandler.handleReadRequest(OzoneManagerRequestHandler.java:224) ~[ozone-manager-1.3.0-SNAPSHOT.jar:?]
	at org.apache.hadoop.ozone.protocolPB.OzoneManagerProtocolServerSideTranslatorPB.submitRequestDirectlyToOM(OzoneManagerProtocolServerSideTranslatorPB.java:276) ~[ozone-manager-1.3.0-SNAPSHOT.jar:?]
	at org.apache.hadoop.ozone.protocolPB.OzoneManagerProtocolServerSideTranslatorPB.processRequest(OzoneManagerProtocolServerSideTranslatorPB.java:205) ~[ozone-manager-1.3.0-SNAPSHOT.jar:?]
	at org.apache.hadoop.hdds.server.OzoneProtocolMessageDispatcher.processRequest(OzoneProtocolMessageDispatcher.java:87) [hdds-server-framework-1.3.0-SNAPSHOT.jar:?]
	at org.apache.hadoop.ozone.protocolPB.OzoneManagerProtocolServerSideTranslatorPB.submitRequest(OzoneManagerProtocolServerSideTranslatorPB.java:147) [ozone-manager-1.3.0-SNAPSHOT.jar:?]
	at org.apache.hadoop.ozone.protocol.proto.OzoneManagerProtocolProtos$OzoneManagerService$2.callBlockingMethod(OzoneManagerProtocolProtos.java) [ozone-interface-client-1.3.0-SNAPSHOT.jar:?]
	at org.apache.hadoop.ipc.ProtobufRpcEngine$Server.processCall(ProtobufRpcEngine.java:466) [hadoop-common-3.3.1.jar:?]
	at org.apache.hadoop.ipc.ProtobufRpcEngine2$Server$ProtoBufRpcInvoker.call(ProtobufRpcEngine2.java:574) [hadoop-common-3.3.1.jar:?]
	at org.apache.hadoop.ipc.ProtobufRpcEngine2$Server$ProtoBufRpcInvoker.call(ProtobufRpcEngine2.java:552) [hadoop-common-3.3.1.jar:?]
	at org.apache.hadoop.ipc.RPC$Server.call(RPC.java:1093) [hadoop-common-3.3.1.jar:?]
	at org.apache.hadoop.ipc.Server$RpcCall.run(Server.java:1035) [hadoop-common-3.3.1.jar:?]
	at org.apache.hadoop.ipc.Server$RpcCall.run(Server.java:963) [hadoop-common-3.3.1.jar:?]
	at java.security.AccessController.doPrivileged(Native Method) ~[?:1.8.0_332]
	at javax.security.auth.Subject.doAs(Subject.java:422) [?:1.8.0_332]
	at org.apache.hadoop.security.UserGroupInformation.doAs(UserGroupInformation.java:1878) [hadoop-common-3.3.1.jar:?]
	at org.apache.hadoop.ipc.Server$Handler.run(Server.java:2966) [hadoop-common-3.3.1.jar:?]
2022-08-03 01:59:10,932 [Time-limited test] WARN  ozone.BasicOzoneFileSystem (BasicOzoneFileSystem.java:delete(532)) - delete: Path does not exist: /testBatchDelete/parent
]]></system-out>
  </testcase>
  <testcase name="testRenameToTrashEnabled" classname="TestOzoneFileSystem" time="0.234">
    <system-out><![CDATA[01:55:19.747 [IPC Server handler 4 on default port 35175] ERROR OMAudit - user=runner | ip=127.0.0.1 | op=GET_FILE_STATUS {volume=volume18062, bucket=bucket29054, key=.Trash/runner/Current/testKey1, dataSize=0, replicationConfig=null} | ret=FAILURE
org.apache.hadoop.ozone.om.exceptions.OMException: Unable to get file status: volume: volume18062 bucket: bucket29054 key: .Trash/runner/Current/testKey1
	at org.apache.hadoop.ozone.om.KeyManagerImpl.getOzoneFileStatus(KeyManagerImpl.java:1311) ~[ozone-manager-1.3.0-SNAPSHOT.jar:?]
	at org.apache.hadoop.ozone.om.KeyManagerImpl.getFileStatus(KeyManagerImpl.java:1241) ~[ozone-manager-1.3.0-SNAPSHOT.jar:?]
	at org.apache.hadoop.ozone.om.OzoneManager.getFileStatus(OzoneManager.java:3467) ~[ozone-manager-1.3.0-SNAPSHOT.jar:?]
	at org.apache.hadoop.ozone.protocolPB.OzoneManagerRequestHandler.getOzoneFileStatus(OzoneManagerRequestHandler.java:878) ~[ozone-manager-1.3.0-SNAPSHOT.jar:?]
	at org.apache.hadoop.ozone.protocolPB.OzoneManagerRequestHandler.handleReadRequest(OzoneManagerRequestHandler.java:224) ~[ozone-manager-1.3.0-SNAPSHOT.jar:?]
	at org.apache.hadoop.ozone.protocolPB.OzoneManagerProtocolServerSideTranslatorPB.submitReadRequestToOM(OzoneManagerProtocolServerSideTranslatorPB.java:226) ~[ozone-manager-1.3.0-SNAPSHOT.jar:?]
	at org.apache.hadoop.ozone.protocolPB.OzoneManagerProtocolServerSideTranslatorPB.processRequest(OzoneManagerProtocolServerSideTranslatorPB.java:175) ~[ozone-manager-1.3.0-SNAPSHOT.jar:?]
	at org.apache.hadoop.hdds.server.OzoneProtocolMessageDispatcher.processRequest(OzoneProtocolMessageDispatcher.java:87) [hdds-server-framework-1.3.0-SNAPSHOT.jar:?]
	at org.apache.hadoop.ozone.protocolPB.OzoneManagerProtocolServerSideTranslatorPB.submitRequest(OzoneManagerProtocolServerSideTranslatorPB.java:147) [ozone-manager-1.3.0-SNAPSHOT.jar:?]
	at org.apache.hadoop.ozone.protocol.proto.OzoneManagerProtocolProtos$OzoneManagerService$2.callBlockingMethod(OzoneManagerProtocolProtos.java) [ozone-interface-client-1.3.0-SNAPSHOT.jar:?]
	at org.apache.hadoop.ipc.ProtobufRpcEngine$Server.processCall(ProtobufRpcEngine.java:466) [hadoop-common-3.3.1.jar:?]
	at org.apache.hadoop.ipc.ProtobufRpcEngine2$Server$ProtoBufRpcInvoker.call(ProtobufRpcEngine2.java:574) [hadoop-common-3.3.1.jar:?]
	at org.apache.hadoop.ipc.ProtobufRpcEngine2$Server$ProtoBufRpcInvoker.call(ProtobufRpcEngine2.java:552) [hadoop-common-3.3.1.jar:?]
	at org.apache.hadoop.ipc.RPC$Server.call(RPC.java:1093) [hadoop-common-3.3.1.jar:?]
	at org.apache.hadoop.ipc.Server$RpcCall.run(Server.java:1035) [hadoop-common-3.3.1.jar:?]
	at org.apache.hadoop.ipc.Server$RpcCall.run(Server.java:963) [hadoop-common-3.3.1.jar:?]
	at java.security.AccessController.doPrivileged(Native Method) ~[?:1.8.0_332]
	at javax.security.auth.Subject.doAs(Subject.java:422) [?:1.8.0_332]
	at org.apache.hadoop.security.UserGroupInformation.doAs(UserGroupInformation.java:1878) [hadoop-common-3.3.1.jar:?]
	at org.apache.hadoop.ipc.Server$Handler.run(Server.java:2966) [hadoop-common-3.3.1.jar:?]
01:55:19.761 [IPC Server handler 7 on default port 35175] ERROR OMAudit - user=runner | ip=127.0.0.1 | op=GET_FILE_STATUS {volume=volume18062, bucket=bucket29054, key=.Trash/runner/Current/testKey1, dataSize=0, replicationConfig=null} | ret=FAILURE
org.apache.hadoop.ozone.om.exceptions.OMException: Unable to get file status: volume: volume18062 bucket: bucket29054 key: .Trash/runner/Current/testKey1
	at org.apache.hadoop.ozone.om.KeyManagerImpl.getOzoneFileStatus(KeyManagerImpl.java:1311) ~[ozone-manager-1.3.0-SNAPSHOT.jar:?]
	at org.apache.hadoop.ozone.om.KeyManagerImpl.getFileStatus(KeyManagerImpl.java:1241) ~[ozone-manager-1.3.0-SNAPSHOT.jar:?]
	at org.apache.hadoop.ozone.om.OzoneManager.getFileStatus(OzoneManager.java:3467) ~[ozone-manager-1.3.0-SNAPSHOT.jar:?]
	at org.apache.hadoop.ozone.protocolPB.OzoneManagerRequestHandler.getOzoneFileStatus(OzoneManagerRequestHandler.java:878) ~[ozone-manager-1.3.0-SNAPSHOT.jar:?]
	at org.apache.hadoop.ozone.protocolPB.OzoneManagerRequestHandler.handleReadRequest(OzoneManagerRequestHandler.java:224) ~[ozone-manager-1.3.0-SNAPSHOT.jar:?]
	at org.apache.hadoop.ozone.protocolPB.OzoneManagerProtocolServerSideTranslatorPB.submitReadRequestToOM(OzoneManagerProtocolServerSideTranslatorPB.java:226) ~[ozone-manager-1.3.0-SNAPSHOT.jar:?]
	at org.apache.hadoop.ozone.protocolPB.OzoneManagerProtocolServerSideTranslatorPB.processRequest(OzoneManagerProtocolServerSideTranslatorPB.java:175) ~[ozone-manager-1.3.0-SNAPSHOT.jar:?]
	at org.apache.hadoop.hdds.server.OzoneProtocolMessageDispatcher.processRequest(OzoneProtocolMessageDispatcher.java:87) [hdds-server-framework-1.3.0-SNAPSHOT.jar:?]
	at org.apache.hadoop.ozone.protocolPB.OzoneManagerProtocolServerSideTranslatorPB.submitRequest(OzoneManagerProtocolServerSideTranslatorPB.java:147) [ozone-manager-1.3.0-SNAPSHOT.jar:?]
	at org.apache.hadoop.ozone.protocol.proto.OzoneManagerProtocolProtos$OzoneManagerService$2.callBlockingMethod(OzoneManagerProtocolProtos.java) [ozone-interface-client-1.3.0-SNAPSHOT.jar:?]
	at org.apache.hadoop.ipc.ProtobufRpcEngine$Server.processCall(ProtobufRpcEngine.java:466) [hadoop-common-3.3.1.jar:?]
	at org.apache.hadoop.ipc.ProtobufRpcEngine2$Server$ProtoBufRpcInvoker.call(ProtobufRpcEngine2.java:574) [hadoop-common-3.3.1.jar:?]
	at org.apache.hadoop.ipc.ProtobufRpcEngine2$Server$ProtoBufRpcInvoker.call(ProtobufRpcEngine2.java:552) [hadoop-common-3.3.1.jar:?]
	at org.apache.hadoop.ipc.RPC$Server.call(RPC.java:1093) [hadoop-common-3.3.1.jar:?]
	at org.apache.hadoop.ipc.Server$RpcCall.run(Server.java:1035) [hadoop-common-3.3.1.jar:?]
	at org.apache.hadoop.ipc.Server$RpcCall.run(Server.java:963) [hadoop-common-3.3.1.jar:?]
	at java.security.AccessController.doPrivileged(Native Method) ~[?:1.8.0_332]
	at javax.security.auth.Subject.doAs(Subject.java:422) [?:1.8.0_332]
	at org.apache.hadoop.security.UserGroupInformation.doAs(UserGroupInformation.java:1878) [hadoop-common-3.3.1.jar:?]
	at org.apache.hadoop.ipc.Server$Handler.run(Server.java:2966) [hadoop-common-3.3.1.jar:?]
2022-08-03 01:55:19,769 [Time-limited test] INFO  fs.TrashPolicyDefault (TrashPolicyDefault.java:moveToTrash(188)) - Moved: '/testKey1' to trash at: /.Trash/runner/Current/testKey1
]]></system-out>
  </testcase>
  <testcase name="testRenameToTrashEnabled" classname="TestOzoneFileSystem" time="0.171">
    <system-out><![CDATA[01:56:30.550 [IPC Server handler 9 on default port 44107] ERROR OMAudit - user=runner | ip=127.0.0.1 | op=GET_FILE_STATUS {volume=volume07240, bucket=bucket34393, key=.Trash/runner/Current/testKey1, dataSize=0, replicationConfig=null} | ret=FAILURE
org.apache.hadoop.ozone.om.exceptions.OMException: Unable to get file status: volume: volume07240 bucket: bucket34393 key: .Trash/runner/Current/testKey1
	at org.apache.hadoop.ozone.om.KeyManagerImpl.getOzoneFileStatus(KeyManagerImpl.java:1311) ~[ozone-manager-1.3.0-SNAPSHOT.jar:?]
	at org.apache.hadoop.ozone.om.KeyManagerImpl.getFileStatus(KeyManagerImpl.java:1241) ~[ozone-manager-1.3.0-SNAPSHOT.jar:?]
	at org.apache.hadoop.ozone.om.OzoneManager.getFileStatus(OzoneManager.java:3467) ~[ozone-manager-1.3.0-SNAPSHOT.jar:?]
	at org.apache.hadoop.ozone.protocolPB.OzoneManagerRequestHandler.getOzoneFileStatus(OzoneManagerRequestHandler.java:878) ~[ozone-manager-1.3.0-SNAPSHOT.jar:?]
	at org.apache.hadoop.ozone.protocolPB.OzoneManagerRequestHandler.handleReadRequest(OzoneManagerRequestHandler.java:224) ~[ozone-manager-1.3.0-SNAPSHOT.jar:?]
	at org.apache.hadoop.ozone.protocolPB.OzoneManagerProtocolServerSideTranslatorPB.submitRequestDirectlyToOM(OzoneManagerProtocolServerSideTranslatorPB.java:276) ~[ozone-manager-1.3.0-SNAPSHOT.jar:?]
	at org.apache.hadoop.ozone.protocolPB.OzoneManagerProtocolServerSideTranslatorPB.processRequest(OzoneManagerProtocolServerSideTranslatorPB.java:205) ~[ozone-manager-1.3.0-SNAPSHOT.jar:?]
	at org.apache.hadoop.hdds.server.OzoneProtocolMessageDispatcher.processRequest(OzoneProtocolMessageDispatcher.java:87) [hdds-server-framework-1.3.0-SNAPSHOT.jar:?]
	at org.apache.hadoop.ozone.protocolPB.OzoneManagerProtocolServerSideTranslatorPB.submitRequest(OzoneManagerProtocolServerSideTranslatorPB.java:147) [ozone-manager-1.3.0-SNAPSHOT.jar:?]
	at org.apache.hadoop.ozone.protocol.proto.OzoneManagerProtocolProtos$OzoneManagerService$2.callBlockingMethod(OzoneManagerProtocolProtos.java) [ozone-interface-client-1.3.0-SNAPSHOT.jar:?]
	at org.apache.hadoop.ipc.ProtobufRpcEngine$Server.processCall(ProtobufRpcEngine.java:466) [hadoop-common-3.3.1.jar:?]
	at org.apache.hadoop.ipc.ProtobufRpcEngine2$Server$ProtoBufRpcInvoker.call(ProtobufRpcEngine2.java:574) [hadoop-common-3.3.1.jar:?]
	at org.apache.hadoop.ipc.ProtobufRpcEngine2$Server$ProtoBufRpcInvoker.call(ProtobufRpcEngine2.java:552) [hadoop-common-3.3.1.jar:?]
	at org.apache.hadoop.ipc.RPC$Server.call(RPC.java:1093) [hadoop-common-3.3.1.jar:?]
	at org.apache.hadoop.ipc.Server$RpcCall.run(Server.java:1035) [hadoop-common-3.3.1.jar:?]
	at org.apache.hadoop.ipc.Server$RpcCall.run(Server.java:963) [hadoop-common-3.3.1.jar:?]
	at java.security.AccessController.doPrivileged(Native Method) ~[?:1.8.0_332]
	at javax.security.auth.Subject.doAs(Subject.java:422) [?:1.8.0_332]
	at org.apache.hadoop.security.UserGroupInformation.doAs(UserGroupInformation.java:1878) [hadoop-common-3.3.1.jar:?]
	at org.apache.hadoop.ipc.Server$Handler.run(Server.java:2966) [hadoop-common-3.3.1.jar:?]
01:56:30.552 [IPC Server handler 2 on default port 44107] ERROR OMAudit - user=runner | ip=127.0.0.1 | op=GET_FILE_STATUS {volume=volume07240, bucket=bucket34393, key=.Trash/runner/Current/testKey1, dataSize=0, replicationConfig=null} | ret=FAILURE
org.apache.hadoop.ozone.om.exceptions.OMException: Unable to get file status: volume: volume07240 bucket: bucket34393 key: .Trash/runner/Current/testKey1
	at org.apache.hadoop.ozone.om.KeyManagerImpl.getOzoneFileStatus(KeyManagerImpl.java:1311) ~[ozone-manager-1.3.0-SNAPSHOT.jar:?]
	at org.apache.hadoop.ozone.om.KeyManagerImpl.getFileStatus(KeyManagerImpl.java:1241) ~[ozone-manager-1.3.0-SNAPSHOT.jar:?]
	at org.apache.hadoop.ozone.om.OzoneManager.getFileStatus(OzoneManager.java:3467) ~[ozone-manager-1.3.0-SNAPSHOT.jar:?]
	at org.apache.hadoop.ozone.protocolPB.OzoneManagerRequestHandler.getOzoneFileStatus(OzoneManagerRequestHandler.java:878) ~[ozone-manager-1.3.0-SNAPSHOT.jar:?]
	at org.apache.hadoop.ozone.protocolPB.OzoneManagerRequestHandler.handleReadRequest(OzoneManagerRequestHandler.java:224) ~[ozone-manager-1.3.0-SNAPSHOT.jar:?]
	at org.apache.hadoop.ozone.protocolPB.OzoneManagerProtocolServerSideTranslatorPB.submitRequestDirectlyToOM(OzoneManagerProtocolServerSideTranslatorPB.java:276) ~[ozone-manager-1.3.0-SNAPSHOT.jar:?]
	at org.apache.hadoop.ozone.protocolPB.OzoneManagerProtocolServerSideTranslatorPB.processRequest(OzoneManagerProtocolServerSideTranslatorPB.java:205) ~[ozone-manager-1.3.0-SNAPSHOT.jar:?]
	at org.apache.hadoop.hdds.server.OzoneProtocolMessageDispatcher.processRequest(OzoneProtocolMessageDispatcher.java:87) [hdds-server-framework-1.3.0-SNAPSHOT.jar:?]
	at org.apache.hadoop.ozone.protocolPB.OzoneManagerProtocolServerSideTranslatorPB.submitRequest(OzoneManagerProtocolServerSideTranslatorPB.java:147) [ozone-manager-1.3.0-SNAPSHOT.jar:?]
	at org.apache.hadoop.ozone.protocol.proto.OzoneManagerProtocolProtos$OzoneManagerService$2.callBlockingMethod(OzoneManagerProtocolProtos.java) [ozone-interface-client-1.3.0-SNAPSHOT.jar:?]
	at org.apache.hadoop.ipc.ProtobufRpcEngine$Server.processCall(ProtobufRpcEngine.java:466) [hadoop-common-3.3.1.jar:?]
	at org.apache.hadoop.ipc.ProtobufRpcEngine2$Server$ProtoBufRpcInvoker.call(ProtobufRpcEngine2.java:574) [hadoop-common-3.3.1.jar:?]
	at org.apache.hadoop.ipc.ProtobufRpcEngine2$Server$ProtoBufRpcInvoker.call(ProtobufRpcEngine2.java:552) [hadoop-common-3.3.1.jar:?]
	at org.apache.hadoop.ipc.RPC$Server.call(RPC.java:1093) [hadoop-common-3.3.1.jar:?]
	at org.apache.hadoop.ipc.Server$RpcCall.run(Server.java:1035) [hadoop-common-3.3.1.jar:?]
	at org.apache.hadoop.ipc.Server$RpcCall.run(Server.java:963) [hadoop-common-3.3.1.jar:?]
	at java.security.AccessController.doPrivileged(Native Method) ~[?:1.8.0_332]
	at javax.security.auth.Subject.doAs(Subject.java:422) [?:1.8.0_332]
	at org.apache.hadoop.security.UserGroupInformation.doAs(UserGroupInformation.java:1878) [hadoop-common-3.3.1.jar:?]
	at org.apache.hadoop.ipc.Server$Handler.run(Server.java:2966) [hadoop-common-3.3.1.jar:?]
2022-08-03 01:56:30,556 [Time-limited test] INFO  fs.TrashPolicyDefault (TrashPolicyDefault.java:moveToTrash(188)) - Moved: '/testKey1' to trash at: /.Trash/runner/Current/testKey1
]]></system-out>
  </testcase>
  <testcase name="testRenameToTrashEnabled" classname="TestOzoneFileSystem" time="0.27">
    <system-out><![CDATA[01:57:41.296 [IPC Server handler 6 on default port 36611] ERROR OMAudit - user=runner | ip=127.0.0.1 | op=GET_FILE_STATUS {volume=volume58070, bucket=bucket54574, key=.Trash/runner/Current/testKey1, dataSize=0, replicationConfig=null} | ret=FAILURE
org.apache.hadoop.ozone.om.exceptions.OMException: Unable to get file status: volume: volume58070 bucket: bucket54574 key: .Trash/runner/Current/testKey1
	at org.apache.hadoop.ozone.om.KeyManagerImpl.getOzoneFileStatus(KeyManagerImpl.java:1311) ~[ozone-manager-1.3.0-SNAPSHOT.jar:?]
	at org.apache.hadoop.ozone.om.KeyManagerImpl.getFileStatus(KeyManagerImpl.java:1241) ~[ozone-manager-1.3.0-SNAPSHOT.jar:?]
	at org.apache.hadoop.ozone.om.OzoneManager.getFileStatus(OzoneManager.java:3467) ~[ozone-manager-1.3.0-SNAPSHOT.jar:?]
	at org.apache.hadoop.ozone.protocolPB.OzoneManagerRequestHandler.getOzoneFileStatus(OzoneManagerRequestHandler.java:878) ~[ozone-manager-1.3.0-SNAPSHOT.jar:?]
	at org.apache.hadoop.ozone.protocolPB.OzoneManagerRequestHandler.handleReadRequest(OzoneManagerRequestHandler.java:224) ~[ozone-manager-1.3.0-SNAPSHOT.jar:?]
	at org.apache.hadoop.ozone.protocolPB.OzoneManagerProtocolServerSideTranslatorPB.submitReadRequestToOM(OzoneManagerProtocolServerSideTranslatorPB.java:226) ~[ozone-manager-1.3.0-SNAPSHOT.jar:?]
	at org.apache.hadoop.ozone.protocolPB.OzoneManagerProtocolServerSideTranslatorPB.processRequest(OzoneManagerProtocolServerSideTranslatorPB.java:175) ~[ozone-manager-1.3.0-SNAPSHOT.jar:?]
	at org.apache.hadoop.hdds.server.OzoneProtocolMessageDispatcher.processRequest(OzoneProtocolMessageDispatcher.java:87) [hdds-server-framework-1.3.0-SNAPSHOT.jar:?]
	at org.apache.hadoop.ozone.protocolPB.OzoneManagerProtocolServerSideTranslatorPB.submitRequest(OzoneManagerProtocolServerSideTranslatorPB.java:147) [ozone-manager-1.3.0-SNAPSHOT.jar:?]
	at org.apache.hadoop.ozone.protocol.proto.OzoneManagerProtocolProtos$OzoneManagerService$2.callBlockingMethod(OzoneManagerProtocolProtos.java) [ozone-interface-client-1.3.0-SNAPSHOT.jar:?]
	at org.apache.hadoop.ipc.ProtobufRpcEngine$Server.processCall(ProtobufRpcEngine.java:466) [hadoop-common-3.3.1.jar:?]
	at org.apache.hadoop.ipc.ProtobufRpcEngine2$Server$ProtoBufRpcInvoker.call(ProtobufRpcEngine2.java:574) [hadoop-common-3.3.1.jar:?]
	at org.apache.hadoop.ipc.ProtobufRpcEngine2$Server$ProtoBufRpcInvoker.call(ProtobufRpcEngine2.java:552) [hadoop-common-3.3.1.jar:?]
	at org.apache.hadoop.ipc.RPC$Server.call(RPC.java:1093) [hadoop-common-3.3.1.jar:?]
	at org.apache.hadoop.ipc.Server$RpcCall.run(Server.java:1035) [hadoop-common-3.3.1.jar:?]
	at org.apache.hadoop.ipc.Server$RpcCall.run(Server.java:963) [hadoop-common-3.3.1.jar:?]
	at java.security.AccessController.doPrivileged(Native Method) ~[?:1.8.0_332]
	at javax.security.auth.Subject.doAs(Subject.java:422) [?:1.8.0_332]
	at org.apache.hadoop.security.UserGroupInformation.doAs(UserGroupInformation.java:1878) [hadoop-common-3.3.1.jar:?]
	at org.apache.hadoop.ipc.Server$Handler.run(Server.java:2966) [hadoop-common-3.3.1.jar:?]
01:57:41.298 [IPC Server handler 19 on default port 36611] ERROR OMAudit - user=runner | ip=127.0.0.1 | op=GET_FILE_STATUS {volume=volume58070, bucket=bucket54574, key=.Trash/runner/Current/testKey1, dataSize=0, replicationConfig=null} | ret=FAILURE
org.apache.hadoop.ozone.om.exceptions.OMException: Unable to get file status: volume: volume58070 bucket: bucket54574 key: .Trash/runner/Current/testKey1
	at org.apache.hadoop.ozone.om.KeyManagerImpl.getOzoneFileStatus(KeyManagerImpl.java:1311) ~[ozone-manager-1.3.0-SNAPSHOT.jar:?]
	at org.apache.hadoop.ozone.om.KeyManagerImpl.getFileStatus(KeyManagerImpl.java:1241) ~[ozone-manager-1.3.0-SNAPSHOT.jar:?]
	at org.apache.hadoop.ozone.om.OzoneManager.getFileStatus(OzoneManager.java:3467) ~[ozone-manager-1.3.0-SNAPSHOT.jar:?]
	at org.apache.hadoop.ozone.protocolPB.OzoneManagerRequestHandler.getOzoneFileStatus(OzoneManagerRequestHandler.java:878) ~[ozone-manager-1.3.0-SNAPSHOT.jar:?]
	at org.apache.hadoop.ozone.protocolPB.OzoneManagerRequestHandler.handleReadRequest(OzoneManagerRequestHandler.java:224) ~[ozone-manager-1.3.0-SNAPSHOT.jar:?]
	at org.apache.hadoop.ozone.protocolPB.OzoneManagerProtocolServerSideTranslatorPB.submitReadRequestToOM(OzoneManagerProtocolServerSideTranslatorPB.java:226) ~[ozone-manager-1.3.0-SNAPSHOT.jar:?]
	at org.apache.hadoop.ozone.protocolPB.OzoneManagerProtocolServerSideTranslatorPB.processRequest(OzoneManagerProtocolServerSideTranslatorPB.java:175) ~[ozone-manager-1.3.0-SNAPSHOT.jar:?]
	at org.apache.hadoop.hdds.server.OzoneProtocolMessageDispatcher.processRequest(OzoneProtocolMessageDispatcher.java:87) [hdds-server-framework-1.3.0-SNAPSHOT.jar:?]
	at org.apache.hadoop.ozone.protocolPB.OzoneManagerProtocolServerSideTranslatorPB.submitRequest(OzoneManagerProtocolServerSideTranslatorPB.java:147) [ozone-manager-1.3.0-SNAPSHOT.jar:?]
	at org.apache.hadoop.ozone.protocol.proto.OzoneManagerProtocolProtos$OzoneManagerService$2.callBlockingMethod(OzoneManagerProtocolProtos.java) [ozone-interface-client-1.3.0-SNAPSHOT.jar:?]
	at org.apache.hadoop.ipc.ProtobufRpcEngine$Server.processCall(ProtobufRpcEngine.java:466) [hadoop-common-3.3.1.jar:?]
	at org.apache.hadoop.ipc.ProtobufRpcEngine2$Server$ProtoBufRpcInvoker.call(ProtobufRpcEngine2.java:574) [hadoop-common-3.3.1.jar:?]
	at org.apache.hadoop.ipc.ProtobufRpcEngine2$Server$ProtoBufRpcInvoker.call(ProtobufRpcEngine2.java:552) [hadoop-common-3.3.1.jar:?]
	at org.apache.hadoop.ipc.RPC$Server.call(RPC.java:1093) [hadoop-common-3.3.1.jar:?]
	at org.apache.hadoop.ipc.Server$RpcCall.run(Server.java:1035) [hadoop-common-3.3.1.jar:?]
	at org.apache.hadoop.ipc.Server$RpcCall.run(Server.java:963) [hadoop-common-3.3.1.jar:?]
	at java.security.AccessController.doPrivileged(Native Method) ~[?:1.8.0_332]
	at javax.security.auth.Subject.doAs(Subject.java:422) [?:1.8.0_332]
	at org.apache.hadoop.security.UserGroupInformation.doAs(UserGroupInformation.java:1878) [hadoop-common-3.3.1.jar:?]
	at org.apache.hadoop.ipc.Server$Handler.run(Server.java:2966) [hadoop-common-3.3.1.jar:?]
2022-08-03 01:57:41,316 [Time-limited test] INFO  fs.TrashPolicyDefault (TrashPolicyDefault.java:moveToTrash(188)) - Moved: '/testKey1' to trash at: /.Trash/runner/Current/testKey1
]]></system-out>
  </testcase>
  <testcase name="testRenameToTrashEnabled" classname="TestOzoneFileSystem" time="0.291">
    <system-out><![CDATA[01:59:11.211 [IPC Server handler 8 on default port 36513] ERROR OMAudit - user=runner | ip=127.0.0.1 | op=GET_FILE_STATUS {volume=volume26320, bucket=bucket57581, key=.Trash/runner/Current/testKey1, dataSize=0, replicationConfig=null} | ret=FAILURE
org.apache.hadoop.ozone.om.exceptions.OMException: Unable to get file status: volume: volume26320 bucket: bucket57581 key: .Trash/runner/Current/testKey1
	at org.apache.hadoop.ozone.om.KeyManagerImpl.getOzoneFileStatus(KeyManagerImpl.java:1311) ~[ozone-manager-1.3.0-SNAPSHOT.jar:?]
	at org.apache.hadoop.ozone.om.KeyManagerImpl.getFileStatus(KeyManagerImpl.java:1241) ~[ozone-manager-1.3.0-SNAPSHOT.jar:?]
	at org.apache.hadoop.ozone.om.OzoneManager.getFileStatus(OzoneManager.java:3467) ~[ozone-manager-1.3.0-SNAPSHOT.jar:?]
	at org.apache.hadoop.ozone.protocolPB.OzoneManagerRequestHandler.getOzoneFileStatus(OzoneManagerRequestHandler.java:878) ~[ozone-manager-1.3.0-SNAPSHOT.jar:?]
	at org.apache.hadoop.ozone.protocolPB.OzoneManagerRequestHandler.handleReadRequest(OzoneManagerRequestHandler.java:224) ~[ozone-manager-1.3.0-SNAPSHOT.jar:?]
	at org.apache.hadoop.ozone.protocolPB.OzoneManagerProtocolServerSideTranslatorPB.submitRequestDirectlyToOM(OzoneManagerProtocolServerSideTranslatorPB.java:276) ~[ozone-manager-1.3.0-SNAPSHOT.jar:?]
	at org.apache.hadoop.ozone.protocolPB.OzoneManagerProtocolServerSideTranslatorPB.processRequest(OzoneManagerProtocolServerSideTranslatorPB.java:205) ~[ozone-manager-1.3.0-SNAPSHOT.jar:?]
	at org.apache.hadoop.hdds.server.OzoneProtocolMessageDispatcher.processRequest(OzoneProtocolMessageDispatcher.java:87) [hdds-server-framework-1.3.0-SNAPSHOT.jar:?]
	at org.apache.hadoop.ozone.protocolPB.OzoneManagerProtocolServerSideTranslatorPB.submitRequest(OzoneManagerProtocolServerSideTranslatorPB.java:147) [ozone-manager-1.3.0-SNAPSHOT.jar:?]
	at org.apache.hadoop.ozone.protocol.proto.OzoneManagerProtocolProtos$OzoneManagerService$2.callBlockingMethod(OzoneManagerProtocolProtos.java) [ozone-interface-client-1.3.0-SNAPSHOT.jar:?]
	at org.apache.hadoop.ipc.ProtobufRpcEngine$Server.processCall(ProtobufRpcEngine.java:466) [hadoop-common-3.3.1.jar:?]
	at org.apache.hadoop.ipc.ProtobufRpcEngine2$Server$ProtoBufRpcInvoker.call(ProtobufRpcEngine2.java:574) [hadoop-common-3.3.1.jar:?]
	at org.apache.hadoop.ipc.ProtobufRpcEngine2$Server$ProtoBufRpcInvoker.call(ProtobufRpcEngine2.java:552) [hadoop-common-3.3.1.jar:?]
	at org.apache.hadoop.ipc.RPC$Server.call(RPC.java:1093) [hadoop-common-3.3.1.jar:?]
	at org.apache.hadoop.ipc.Server$RpcCall.run(Server.java:1035) [hadoop-common-3.3.1.jar:?]
	at org.apache.hadoop.ipc.Server$RpcCall.run(Server.java:963) [hadoop-common-3.3.1.jar:?]
	at java.security.AccessController.doPrivileged(Native Method) ~[?:1.8.0_332]
	at javax.security.auth.Subject.doAs(Subject.java:422) [?:1.8.0_332]
	at org.apache.hadoop.security.UserGroupInformation.doAs(UserGroupInformation.java:1878) [hadoop-common-3.3.1.jar:?]
	at org.apache.hadoop.ipc.Server$Handler.run(Server.java:2966) [hadoop-common-3.3.1.jar:?]
01:59:11.215 [IPC Server handler 14 on default port 36513] ERROR OMAudit - user=runner | ip=127.0.0.1 | op=GET_FILE_STATUS {volume=volume26320, bucket=bucket57581, key=.Trash/runner/Current/testKey1, dataSize=0, replicationConfig=null} | ret=FAILURE
org.apache.hadoop.ozone.om.exceptions.OMException: Unable to get file status: volume: volume26320 bucket: bucket57581 key: .Trash/runner/Current/testKey1
	at org.apache.hadoop.ozone.om.KeyManagerImpl.getOzoneFileStatus(KeyManagerImpl.java:1311) ~[ozone-manager-1.3.0-SNAPSHOT.jar:?]
	at org.apache.hadoop.ozone.om.KeyManagerImpl.getFileStatus(KeyManagerImpl.java:1241) ~[ozone-manager-1.3.0-SNAPSHOT.jar:?]
	at org.apache.hadoop.ozone.om.OzoneManager.getFileStatus(OzoneManager.java:3467) ~[ozone-manager-1.3.0-SNAPSHOT.jar:?]
	at org.apache.hadoop.ozone.protocolPB.OzoneManagerRequestHandler.getOzoneFileStatus(OzoneManagerRequestHandler.java:878) ~[ozone-manager-1.3.0-SNAPSHOT.jar:?]
	at org.apache.hadoop.ozone.protocolPB.OzoneManagerRequestHandler.handleReadRequest(OzoneManagerRequestHandler.java:224) ~[ozone-manager-1.3.0-SNAPSHOT.jar:?]
	at org.apache.hadoop.ozone.protocolPB.OzoneManagerProtocolServerSideTranslatorPB.submitRequestDirectlyToOM(OzoneManagerProtocolServerSideTranslatorPB.java:276) ~[ozone-manager-1.3.0-SNAPSHOT.jar:?]
	at org.apache.hadoop.ozone.protocolPB.OzoneManagerProtocolServerSideTranslatorPB.processRequest(OzoneManagerProtocolServerSideTranslatorPB.java:205) ~[ozone-manager-1.3.0-SNAPSHOT.jar:?]
	at org.apache.hadoop.hdds.server.OzoneProtocolMessageDispatcher.processRequest(OzoneProtocolMessageDispatcher.java:87) [hdds-server-framework-1.3.0-SNAPSHOT.jar:?]
	at org.apache.hadoop.ozone.protocolPB.OzoneManagerProtocolServerSideTranslatorPB.submitRequest(OzoneManagerProtocolServerSideTranslatorPB.java:147) [ozone-manager-1.3.0-SNAPSHOT.jar:?]
	at org.apache.hadoop.ozone.protocol.proto.OzoneManagerProtocolProtos$OzoneManagerService$2.callBlockingMethod(OzoneManagerProtocolProtos.java) [ozone-interface-client-1.3.0-SNAPSHOT.jar:?]
	at org.apache.hadoop.ipc.ProtobufRpcEngine$Server.processCall(ProtobufRpcEngine.java:466) [hadoop-common-3.3.1.jar:?]
	at org.apache.hadoop.ipc.ProtobufRpcEngine2$Server$ProtoBufRpcInvoker.call(ProtobufRpcEngine2.java:574) [hadoop-common-3.3.1.jar:?]
	at org.apache.hadoop.ipc.ProtobufRpcEngine2$Server$ProtoBufRpcInvoker.call(ProtobufRpcEngine2.java:552) [hadoop-common-3.3.1.jar:?]
	at org.apache.hadoop.ipc.RPC$Server.call(RPC.java:1093) [hadoop-common-3.3.1.jar:?]
	at org.apache.hadoop.ipc.Server$RpcCall.run(Server.java:1035) [hadoop-common-3.3.1.jar:?]
	at org.apache.hadoop.ipc.Server$RpcCall.run(Server.java:963) [hadoop-common-3.3.1.jar:?]
	at java.security.AccessController.doPrivileged(Native Method) ~[?:1.8.0_332]
	at javax.security.auth.Subject.doAs(Subject.java:422) [?:1.8.0_332]
	at org.apache.hadoop.security.UserGroupInformation.doAs(UserGroupInformation.java:1878) [hadoop-common-3.3.1.jar:?]
	at org.apache.hadoop.ipc.Server$Handler.run(Server.java:2966) [hadoop-common-3.3.1.jar:?]
2022-08-03 01:59:11,219 [Time-limited test] INFO  fs.TrashPolicyDefault (TrashPolicyDefault.java:moveToTrash(188)) - Moved: '/testKey1' to trash at: /.Trash/runner/Current/testKey1
]]></system-out>
  </testcase>
  <testcase name="testListStatusWithIntermediateDir" classname="TestOzoneFileSystem" time="0.048">
    <system-out><![CDATA[2022-08-03 01:55:19,797 [IPC Server handler 6 on default port 43477] INFO  pipeline.PipelineStateManagerImpl (PipelineStateManagerImpl.java:addPipeline(103)) - Created pipeline Pipeline[ Id: 0a80989d-f0fc-4db2-92ac-b1dd678d9585, Nodes: d2433786-0171-4e17-9e3a-b12e44f36186{ip: 10.1.0.23, host: fv-az199-929.piossgaoozdutex3tpy4bgd4ka.dx.internal.cloudapp.net, ports: [REPLICATION=37543, RATIS=41907, RATIS_ADMIN=41907, RATIS_SERVER=41907, STANDALONE=38345], networkLocation: /default-rack, certSerialId: null, persistedOpState: IN_SERVICE, persistedOpStateExpiryEpochSec: 0}, ReplicationConfig: STANDALONE/ONE, State:OPEN, leaderId:, CreationTimestamp2022-08-03T01:55:19.796Z[Etc/UTC]].
]]></system-out>
  </testcase>
  <testcase name="testListStatusWithIntermediateDir" classname="TestOzoneFileSystem" time="0.081">
    <system-out><![CDATA[2022-08-03 01:56:30,588 [IPC Server handler 13 on default port 35463] INFO  pipeline.PipelineStateManagerImpl (PipelineStateManagerImpl.java:addPipeline(103)) - Created pipeline Pipeline[ Id: c7231626-ddfc-4420-80ef-fe7540344e2b, Nodes: 1b479651-b8a4-46b4-ae52-063804f29c2f{ip: 10.1.0.23, host: fv-az199-929.piossgaoozdutex3tpy4bgd4ka.dx.internal.cloudapp.net, ports: [REPLICATION=39705, RATIS=38127, RATIS_ADMIN=38127, RATIS_SERVER=38127, STANDALONE=36679], networkLocation: /default-rack, certSerialId: null, persistedOpState: IN_SERVICE, persistedOpStateExpiryEpochSec: 0}, ReplicationConfig: STANDALONE/ONE, State:OPEN, leaderId:, CreationTimestamp2022-08-03T01:56:30.582Z[Etc/UTC]].
]]></system-out>
  </testcase>
  <testcase name="testListStatusWithIntermediateDir" classname="TestOzoneFileSystem" time="0.063">
    <system-out><![CDATA[2022-08-03 01:57:41,366 [IPC Server handler 6 on default port 35335] INFO  pipeline.PipelineStateManagerImpl (PipelineStateManagerImpl.java:addPipeline(103)) - Created pipeline Pipeline[ Id: 7bed8213-1bb6-4e12-b8ee-e1508bb67268, Nodes: 5b5f8b8b-8220-4f48-a75a-691d0ac2ee29{ip: 10.1.0.23, host: fv-az199-929.piossgaoozdutex3tpy4bgd4ka.dx.internal.cloudapp.net, ports: [REPLICATION=46813, RATIS=38439, RATIS_ADMIN=38439, RATIS_SERVER=38439, STANDALONE=33653], networkLocation: /default-rack, certSerialId: null, persistedOpState: IN_SERVICE, persistedOpStateExpiryEpochSec: 0}, ReplicationConfig: STANDALONE/ONE, State:OPEN, leaderId:, CreationTimestamp2022-08-03T01:57:41.364Z[Etc/UTC]].
]]></system-out>
  </testcase>
  <testcase name="testListStatusWithIntermediateDir" classname="TestOzoneFileSystem" time="0.054">
    <system-out><![CDATA[2022-08-03 01:59:11,263 [IPC Server handler 17 on default port 41849] INFO  pipeline.PipelineStateManagerImpl (PipelineStateManagerImpl.java:addPipeline(103)) - Created pipeline Pipeline[ Id: a7d85552-75d8-41fb-bc60-d19d7a485c3b, Nodes: 3f997eb7-6b59-43fe-9bb3-f29f42755580{ip: 10.1.0.23, host: fv-az199-929.piossgaoozdutex3tpy4bgd4ka.dx.internal.cloudapp.net, ports: [REPLICATION=41523, RATIS=40985, RATIS_ADMIN=40985, RATIS_SERVER=40985, STANDALONE=39251], networkLocation: /default-rack, certSerialId: null, persistedOpState: IN_SERVICE, persistedOpStateExpiryEpochSec: 0}, ReplicationConfig: STANDALONE/ONE, State:OPEN, leaderId:, CreationTimestamp2022-08-03T01:59:11.261Z[Etc/UTC]].
]]></system-out>
  </testcase>
  <testcase name="testRenameSourceAndDestinAreSame" classname="TestOzoneFileSystem" time="0.045"/>
  <testcase name="testRenameSourceAndDestinAreSame" classname="TestOzoneFileSystem" time="0.02"/>
  <testcase name="testRenameSourceAndDestinAreSame" classname="TestOzoneFileSystem" time="0.036"/>
  <testcase name="testRenameSourceAndDestinAreSame" classname="TestOzoneFileSystem" time="0.018"/>
  <testcase name="testListStatusOnLargeDirectory" classname="TestOzoneFileSystem" time="10.711">
    <system-out><![CDATA[2022-08-03 01:55:25,717 [UnderReplicatedQueueThreadThread] INFO  replication.UnderReplicatedProcessor (UnderReplicatedProcessor.java:processAll(85)) - Processed 0 under replicated containers, failed processing 0
2022-08-03 01:55:25,732 [OverReplicatedQueueThreadThread] INFO  replication.OverReplicatedProcessor (OverReplicatedProcessor.java:processAll(83)) - Processed 0 over replicated containers, failed processing 0
]]></system-out>
  </testcase>
  <testcase name="testListStatusOnLargeDirectory" classname="TestOzoneFileSystem" time="7.841">
    <system-out><![CDATA[2022-08-03 01:56:32,257 [26c6a879-3581-43c9-81a3-df00a00fc298@group-A5332DF7F2B4-FollowerState] INFO  impl.FollowerState (FollowerState.java:run(143)) - 26c6a879-3581-43c9-81a3-df00a00fc298@group-A5332DF7F2B4-FollowerState: change to CANDIDATE, lastRpcElapsedTime:5025520412ns, electionTimeout:5010ms
2022-08-03 01:56:32,258 [26c6a879-3581-43c9-81a3-df00a00fc298@group-A5332DF7F2B4-FollowerState] INFO  impl.RoleInfo (RoleInfo.java:shutdownFollowerState(110)) - 26c6a879-3581-43c9-81a3-df00a00fc298: shutdown 26c6a879-3581-43c9-81a3-df00a00fc298@group-A5332DF7F2B4-FollowerState
2022-08-03 01:56:32,258 [26c6a879-3581-43c9-81a3-df00a00fc298@group-A5332DF7F2B4-FollowerState] INFO  server.RaftServer$Division (RaftServerImpl.java:setRole(299)) - 26c6a879-3581-43c9-81a3-df00a00fc298@group-A5332DF7F2B4: changes role from  FOLLOWER to CANDIDATE at term 2 for changeToCandidate
2022-08-03 01:56:32,258 [26c6a879-3581-43c9-81a3-df00a00fc298@group-A5332DF7F2B4-FollowerState] INFO  server.RaftServerConfigKeys (ConfUtils.java:logGet(46)) - raft.server.leaderelection.pre-vote = false (custom)
2022-08-03 01:56:32,258 [26c6a879-3581-43c9-81a3-df00a00fc298@group-A5332DF7F2B4-FollowerState] INFO  impl.RoleInfo (RoleInfo.java:updateAndGet(139)) - 26c6a879-3581-43c9-81a3-df00a00fc298: start 26c6a879-3581-43c9-81a3-df00a00fc298@group-A5332DF7F2B4-LeaderElection24
2022-08-03 01:56:32,299 [26c6a879-3581-43c9-81a3-df00a00fc298@group-A5332DF7F2B4-LeaderElection24] INFO  impl.LeaderElection (LeaderElection.java:askForVotes(310)) - 26c6a879-3581-43c9-81a3-df00a00fc298@group-A5332DF7F2B4-LeaderElection24 ELECTION round 0: submit vote requests at term 3 for -1: [26c6a879-3581-43c9-81a3-df00a00fc298|rpc:10.1.0.23:40673|priority:0, 65846ed8-c1ef-45a3-a578-716f347ad6ea|rpc:10.1.0.23:35919|priority:1, 29c98487-0277-4cc7-b365-3516e94d97ef|rpc:10.1.0.23:34985|priority:0], old=null
2022-08-03 01:56:32,323 [grpc-default-executor-3] INFO  server.RaftServer$Division (RaftServerImpl.java:requestVote(1152)) - 65846ed8-c1ef-45a3-a578-716f347ad6ea@group-A5332DF7F2B4: receive requestVote(ELECTION, 26c6a879-3581-43c9-81a3-df00a00fc298, group-A5332DF7F2B4, 3, (t:0, i:0))
2022-08-03 01:56:32,324 [grpc-default-executor-3] INFO  impl.VoteContext (VoteContext.java:log(48)) - 65846ed8-c1ef-45a3-a578-716f347ad6ea@group-A5332DF7F2B4-FOLLOWER: reject ELECTION from 26c6a879-3581-43c9-81a3-df00a00fc298: our priority 1 > candidate's priority 0
2022-08-03 01:56:32,324 [grpc-default-executor-3] INFO  server.RaftServer$Division (RaftServerImpl.java:setRole(299)) - 65846ed8-c1ef-45a3-a578-716f347ad6ea@group-A5332DF7F2B4: changes role from  FOLLOWER to FOLLOWER at term 3 for candidate:26c6a879-3581-43c9-81a3-df00a00fc298
2022-08-03 01:56:32,324 [grpc-default-executor-3] INFO  impl.RoleInfo (RoleInfo.java:shutdownFollowerState(110)) - 65846ed8-c1ef-45a3-a578-716f347ad6ea: shutdown 65846ed8-c1ef-45a3-a578-716f347ad6ea@group-A5332DF7F2B4-FollowerState
2022-08-03 01:56:32,324 [grpc-default-executor-3] INFO  impl.RoleInfo (RoleInfo.java:updateAndGet(139)) - 65846ed8-c1ef-45a3-a578-716f347ad6ea: start 65846ed8-c1ef-45a3-a578-716f347ad6ea@group-A5332DF7F2B4-FollowerState
2022-08-03 01:56:32,324 [65846ed8-c1ef-45a3-a578-716f347ad6ea@group-A5332DF7F2B4-FollowerState] INFO  impl.FollowerState (FollowerState.java:run(152)) - 65846ed8-c1ef-45a3-a578-716f347ad6ea@group-A5332DF7F2B4-FollowerState was interrupted
2022-08-03 01:56:32,347 [grpc-default-executor-3] INFO  server.RaftServer$Division (RaftServerImpl.java:requestVote(1184)) - 65846ed8-c1ef-45a3-a578-716f347ad6ea@group-A5332DF7F2B4 replies to ELECTION vote request: 26c6a879-3581-43c9-81a3-df00a00fc298<-65846ed8-c1ef-45a3-a578-716f347ad6ea#0:FAIL-t3. Peer's state: 65846ed8-c1ef-45a3-a578-716f347ad6ea@group-A5332DF7F2B4:t3, leader=null, voted=null, raftlog=65846ed8-c1ef-45a3-a578-716f347ad6ea@group-A5332DF7F2B4-SegmentedRaftLog:OPENED:c-1, conf=-1: [26c6a879-3581-43c9-81a3-df00a00fc298|rpc:10.1.0.23:40673|dataStream:|priority:0, 65846ed8-c1ef-45a3-a578-716f347ad6ea|rpc:10.1.0.23:35919|dataStream:|priority:1, 29c98487-0277-4cc7-b365-3516e94d97ef|rpc:10.1.0.23:34985|dataStream:|priority:0], old=null
2022-08-03 01:56:32,348 [26c6a879-3581-43c9-81a3-df00a00fc298@group-A5332DF7F2B4-LeaderElection24] INFO  impl.LeaderElection (LeaderElection.java:logAndReturn(90)) - 26c6a879-3581-43c9-81a3-df00a00fc298@group-A5332DF7F2B4-LeaderElection24: ELECTION REJECTED received 1 response(s) and 0 exception(s):
2022-08-03 01:56:32,348 [26c6a879-3581-43c9-81a3-df00a00fc298@group-A5332DF7F2B4-LeaderElection24] INFO  impl.LeaderElection (LeaderElection.java:logAndReturn(94)) -   Response 0: 26c6a879-3581-43c9-81a3-df00a00fc298<-65846ed8-c1ef-45a3-a578-716f347ad6ea#0:FAIL-t3
2022-08-03 01:56:32,348 [26c6a879-3581-43c9-81a3-df00a00fc298@group-A5332DF7F2B4-LeaderElection24] INFO  impl.LeaderElection (LeaderElection.java:askForVotes(312)) - 26c6a879-3581-43c9-81a3-df00a00fc298@group-A5332DF7F2B4-LeaderElection24 ELECTION round 0: result REJECTED
2022-08-03 01:56:32,348 [26c6a879-3581-43c9-81a3-df00a00fc298@group-A5332DF7F2B4-LeaderElection24] INFO  server.RaftServer$Division (RaftServerImpl.java:setRole(299)) - 26c6a879-3581-43c9-81a3-df00a00fc298@group-A5332DF7F2B4: changes role from CANDIDATE to FOLLOWER at term 3 for REJECTED
2022-08-03 01:56:32,348 [26c6a879-3581-43c9-81a3-df00a00fc298@group-A5332DF7F2B4-LeaderElection24] INFO  impl.RoleInfo (RoleInfo.java:shutdownLeaderElection(130)) - 26c6a879-3581-43c9-81a3-df00a00fc298: shutdown 26c6a879-3581-43c9-81a3-df00a00fc298@group-A5332DF7F2B4-LeaderElection24
2022-08-03 01:56:32,348 [26c6a879-3581-43c9-81a3-df00a00fc298@group-A5332DF7F2B4-LeaderElection24] INFO  impl.RoleInfo (RoleInfo.java:updateAndGet(139)) - 26c6a879-3581-43c9-81a3-df00a00fc298: start 26c6a879-3581-43c9-81a3-df00a00fc298@group-A5332DF7F2B4-FollowerState
2022-08-03 01:56:32,373 [grpc-default-executor-2] INFO  server.RaftServer$Division (RaftServerImpl.java:requestVote(1152)) - 29c98487-0277-4cc7-b365-3516e94d97ef@group-A5332DF7F2B4: receive requestVote(ELECTION, 26c6a879-3581-43c9-81a3-df00a00fc298, group-A5332DF7F2B4, 3, (t:0, i:0))
2022-08-03 01:56:32,374 [grpc-default-executor-2] INFO  impl.VoteContext (VoteContext.java:log(48)) - 29c98487-0277-4cc7-b365-3516e94d97ef@group-A5332DF7F2B4-FOLLOWER: accept ELECTION from 26c6a879-3581-43c9-81a3-df00a00fc298: our priority 0 <= candidate's priority 0
2022-08-03 01:56:32,374 [grpc-default-executor-2] INFO  server.RaftServer$Division (RaftServerImpl.java:setRole(299)) - 29c98487-0277-4cc7-b365-3516e94d97ef@group-A5332DF7F2B4: changes role from  FOLLOWER to FOLLOWER at term 3 for candidate:26c6a879-3581-43c9-81a3-df00a00fc298
2022-08-03 01:56:32,374 [grpc-default-executor-2] INFO  impl.RoleInfo (RoleInfo.java:shutdownFollowerState(110)) - 29c98487-0277-4cc7-b365-3516e94d97ef: shutdown 29c98487-0277-4cc7-b365-3516e94d97ef@group-A5332DF7F2B4-FollowerState
2022-08-03 01:56:32,374 [grpc-default-executor-2] INFO  impl.RoleInfo (RoleInfo.java:updateAndGet(139)) - 29c98487-0277-4cc7-b365-3516e94d97ef: start 29c98487-0277-4cc7-b365-3516e94d97ef@group-A5332DF7F2B4-FollowerState
2022-08-03 01:56:32,374 [29c98487-0277-4cc7-b365-3516e94d97ef@group-A5332DF7F2B4-FollowerState] INFO  impl.FollowerState (FollowerState.java:run(152)) - 29c98487-0277-4cc7-b365-3516e94d97ef@group-A5332DF7F2B4-FollowerState was interrupted
2022-08-03 01:56:32,385 [grpc-default-executor-2] INFO  server.RaftServer$Division (RaftServerImpl.java:requestVote(1184)) - 29c98487-0277-4cc7-b365-3516e94d97ef@group-A5332DF7F2B4 replies to ELECTION vote request: 26c6a879-3581-43c9-81a3-df00a00fc298<-29c98487-0277-4cc7-b365-3516e94d97ef#0:OK-t3. Peer's state: 29c98487-0277-4cc7-b365-3516e94d97ef@group-A5332DF7F2B4:t3, leader=null, voted=26c6a879-3581-43c9-81a3-df00a00fc298, raftlog=29c98487-0277-4cc7-b365-3516e94d97ef@group-A5332DF7F2B4-SegmentedRaftLog:OPENED:c-1, conf=-1: [26c6a879-3581-43c9-81a3-df00a00fc298|rpc:10.1.0.23:40673|dataStream:|priority:0, 65846ed8-c1ef-45a3-a578-716f347ad6ea|rpc:10.1.0.23:35919|dataStream:|priority:1, 29c98487-0277-4cc7-b365-3516e94d97ef|rpc:10.1.0.23:34985|dataStream:|priority:0], old=null
2022-08-03 01:56:35,946 [UnderReplicatedQueueThreadThread] INFO  replication.UnderReplicatedProcessor (UnderReplicatedProcessor.java:processAll(85)) - Processed 0 under replicated containers, failed processing 0
2022-08-03 01:56:35,966 [OverReplicatedQueueThreadThread] INFO  replication.OverReplicatedProcessor (OverReplicatedProcessor.java:processAll(83)) - Processed 0 over replicated containers, failed processing 0
2022-08-03 01:56:37,368 [65846ed8-c1ef-45a3-a578-716f347ad6ea@group-A5332DF7F2B4-FollowerState] INFO  impl.FollowerState (FollowerState.java:run(143)) - 65846ed8-c1ef-45a3-a578-716f347ad6ea@group-A5332DF7F2B4-FollowerState: change to CANDIDATE, lastRpcElapsedTime:5044599519ns, electionTimeout:5025ms
2022-08-03 01:56:37,369 [65846ed8-c1ef-45a3-a578-716f347ad6ea@group-A5332DF7F2B4-FollowerState] INFO  impl.RoleInfo (RoleInfo.java:shutdownFollowerState(110)) - 65846ed8-c1ef-45a3-a578-716f347ad6ea: shutdown 65846ed8-c1ef-45a3-a578-716f347ad6ea@group-A5332DF7F2B4-FollowerState
2022-08-03 01:56:37,369 [65846ed8-c1ef-45a3-a578-716f347ad6ea@group-A5332DF7F2B4-FollowerState] INFO  server.RaftServer$Division (RaftServerImpl.java:setRole(299)) - 65846ed8-c1ef-45a3-a578-716f347ad6ea@group-A5332DF7F2B4: changes role from  FOLLOWER to CANDIDATE at term 3 for changeToCandidate
2022-08-03 01:56:37,369 [65846ed8-c1ef-45a3-a578-716f347ad6ea@group-A5332DF7F2B4-FollowerState] INFO  server.RaftServerConfigKeys (ConfUtils.java:logGet(46)) - raft.server.leaderelection.pre-vote = false (custom)
2022-08-03 01:56:37,369 [65846ed8-c1ef-45a3-a578-716f347ad6ea@group-A5332DF7F2B4-FollowerState] INFO  impl.RoleInfo (RoleInfo.java:updateAndGet(139)) - 65846ed8-c1ef-45a3-a578-716f347ad6ea: start 65846ed8-c1ef-45a3-a578-716f347ad6ea@group-A5332DF7F2B4-LeaderElection25
2022-08-03 01:56:37,401 [65846ed8-c1ef-45a3-a578-716f347ad6ea@group-A5332DF7F2B4-LeaderElection25] INFO  impl.LeaderElection (LeaderElection.java:askForVotes(310)) - 65846ed8-c1ef-45a3-a578-716f347ad6ea@group-A5332DF7F2B4-LeaderElection25 ELECTION round 0: submit vote requests at term 4 for -1: [26c6a879-3581-43c9-81a3-df00a00fc298|rpc:10.1.0.23:40673|dataStream:|priority:0, 65846ed8-c1ef-45a3-a578-716f347ad6ea|rpc:10.1.0.23:35919|dataStream:|priority:1, 29c98487-0277-4cc7-b365-3516e94d97ef|rpc:10.1.0.23:34985|dataStream:|priority:0], old=null
2022-08-03 01:56:37,494 [grpc-default-executor-2] INFO  server.RaftServer$Division (RaftServerImpl.java:requestVote(1152)) - 26c6a879-3581-43c9-81a3-df00a00fc298@group-A5332DF7F2B4: receive requestVote(ELECTION, 65846ed8-c1ef-45a3-a578-716f347ad6ea, group-A5332DF7F2B4, 4, (t:0, i:0))
2022-08-03 01:56:37,494 [grpc-default-executor-2] INFO  impl.VoteContext (VoteContext.java:log(48)) - 26c6a879-3581-43c9-81a3-df00a00fc298@group-A5332DF7F2B4-FOLLOWER: accept ELECTION from 65846ed8-c1ef-45a3-a578-716f347ad6ea: our priority 0 <= candidate's priority 1
2022-08-03 01:56:37,494 [grpc-default-executor-2] INFO  server.RaftServer$Division (RaftServerImpl.java:setRole(299)) - 26c6a879-3581-43c9-81a3-df00a00fc298@group-A5332DF7F2B4: changes role from  FOLLOWER to FOLLOWER at term 4 for candidate:65846ed8-c1ef-45a3-a578-716f347ad6ea
2022-08-03 01:56:37,494 [grpc-default-executor-2] INFO  impl.RoleInfo (RoleInfo.java:shutdownFollowerState(110)) - 26c6a879-3581-43c9-81a3-df00a00fc298: shutdown 26c6a879-3581-43c9-81a3-df00a00fc298@group-A5332DF7F2B4-FollowerState
2022-08-03 01:56:37,494 [grpc-default-executor-2] INFO  impl.RoleInfo (RoleInfo.java:updateAndGet(139)) - 26c6a879-3581-43c9-81a3-df00a00fc298: start 26c6a879-3581-43c9-81a3-df00a00fc298@group-A5332DF7F2B4-FollowerState
2022-08-03 01:56:37,494 [26c6a879-3581-43c9-81a3-df00a00fc298@group-A5332DF7F2B4-FollowerState] INFO  impl.FollowerState (FollowerState.java:run(152)) - 26c6a879-3581-43c9-81a3-df00a00fc298@group-A5332DF7F2B4-FollowerState was interrupted
2022-08-03 01:56:37,533 [29c98487-0277-4cc7-b365-3516e94d97ef@group-A5332DF7F2B4-FollowerState] INFO  impl.FollowerState (FollowerState.java:run(143)) - 29c98487-0277-4cc7-b365-3516e94d97ef@group-A5332DF7F2B4-FollowerState: change to CANDIDATE, lastRpcElapsedTime:5148699203ns, electionTimeout:5132ms
2022-08-03 01:56:37,533 [29c98487-0277-4cc7-b365-3516e94d97ef@group-A5332DF7F2B4-FollowerState] INFO  impl.RoleInfo (RoleInfo.java:shutdownFollowerState(110)) - 29c98487-0277-4cc7-b365-3516e94d97ef: shutdown 29c98487-0277-4cc7-b365-3516e94d97ef@group-A5332DF7F2B4-FollowerState
2022-08-03 01:56:37,533 [29c98487-0277-4cc7-b365-3516e94d97ef@group-A5332DF7F2B4-FollowerState] INFO  server.RaftServer$Division (RaftServerImpl.java:setRole(299)) - 29c98487-0277-4cc7-b365-3516e94d97ef@group-A5332DF7F2B4: changes role from  FOLLOWER to CANDIDATE at term 3 for changeToCandidate
2022-08-03 01:56:37,533 [29c98487-0277-4cc7-b365-3516e94d97ef@group-A5332DF7F2B4-FollowerState] INFO  server.RaftServerConfigKeys (ConfUtils.java:logGet(46)) - raft.server.leaderelection.pre-vote = false (custom)
2022-08-03 01:56:37,534 [29c98487-0277-4cc7-b365-3516e94d97ef@group-A5332DF7F2B4-FollowerState] INFO  impl.RoleInfo (RoleInfo.java:updateAndGet(139)) - 29c98487-0277-4cc7-b365-3516e94d97ef: start 29c98487-0277-4cc7-b365-3516e94d97ef@group-A5332DF7F2B4-LeaderElection26
2022-08-03 01:56:37,540 [grpc-default-executor-2] INFO  server.RaftServer$Division (RaftServerImpl.java:requestVote(1184)) - 26c6a879-3581-43c9-81a3-df00a00fc298@group-A5332DF7F2B4 replies to ELECTION vote request: 65846ed8-c1ef-45a3-a578-716f347ad6ea<-26c6a879-3581-43c9-81a3-df00a00fc298#0:OK-t4. Peer's state: 26c6a879-3581-43c9-81a3-df00a00fc298@group-A5332DF7F2B4:t4, leader=null, voted=65846ed8-c1ef-45a3-a578-716f347ad6ea, raftlog=26c6a879-3581-43c9-81a3-df00a00fc298@group-A5332DF7F2B4-SegmentedRaftLog:OPENED:c-1, conf=-1: [26c6a879-3581-43c9-81a3-df00a00fc298|rpc:10.1.0.23:40673|priority:0, 65846ed8-c1ef-45a3-a578-716f347ad6ea|rpc:10.1.0.23:35919|priority:1, 29c98487-0277-4cc7-b365-3516e94d97ef|rpc:10.1.0.23:34985|priority:0], old=null
2022-08-03 01:56:37,545 [grpc-default-executor-3] INFO  server.RaftServer$Division (RaftServerImpl.java:requestVote(1152)) - 29c98487-0277-4cc7-b365-3516e94d97ef@group-A5332DF7F2B4: receive requestVote(ELECTION, 65846ed8-c1ef-45a3-a578-716f347ad6ea, group-A5332DF7F2B4, 4, (t:0, i:0))
2022-08-03 01:56:37,545 [65846ed8-c1ef-45a3-a578-716f347ad6ea@group-A5332DF7F2B4-LeaderElection25] INFO  impl.LeaderElection (LeaderElection.java:logAndReturn(90)) - 65846ed8-c1ef-45a3-a578-716f347ad6ea@group-A5332DF7F2B4-LeaderElection25: ELECTION PASSED received 1 response(s) and 0 exception(s):
2022-08-03 01:56:37,547 [65846ed8-c1ef-45a3-a578-716f347ad6ea@group-A5332DF7F2B4-LeaderElection25] INFO  impl.LeaderElection (LeaderElection.java:logAndReturn(94)) -   Response 0: 65846ed8-c1ef-45a3-a578-716f347ad6ea<-26c6a879-3581-43c9-81a3-df00a00fc298#0:OK-t4
2022-08-03 01:56:37,547 [65846ed8-c1ef-45a3-a578-716f347ad6ea@group-A5332DF7F2B4-LeaderElection25] INFO  impl.LeaderElection (LeaderElection.java:askForVotes(312)) - 65846ed8-c1ef-45a3-a578-716f347ad6ea@group-A5332DF7F2B4-LeaderElection25 ELECTION round 0: result PASSED
2022-08-03 01:56:37,556 [65846ed8-c1ef-45a3-a578-716f347ad6ea@group-A5332DF7F2B4-LeaderElection25] INFO  impl.RoleInfo (RoleInfo.java:shutdownLeaderElection(130)) - 65846ed8-c1ef-45a3-a578-716f347ad6ea: shutdown 65846ed8-c1ef-45a3-a578-716f347ad6ea@group-A5332DF7F2B4-LeaderElection25
2022-08-03 01:56:37,556 [65846ed8-c1ef-45a3-a578-716f347ad6ea@group-A5332DF7F2B4-LeaderElection25] INFO  server.RaftServer$Division (RaftServerImpl.java:setRole(299)) - 65846ed8-c1ef-45a3-a578-716f347ad6ea@group-A5332DF7F2B4: changes role from CANDIDATE to LEADER at term 4 for changeToLeader
2022-08-03 01:56:37,556 [65846ed8-c1ef-45a3-a578-716f347ad6ea@group-A5332DF7F2B4-LeaderElection25] INFO  ratis.XceiverServerRatis (XceiverServerRatis.java:handleLeaderChangedNotification(863)) - Leader change notification received for group: group-A5332DF7F2B4 with new leaderId: 65846ed8-c1ef-45a3-a578-716f347ad6ea
2022-08-03 01:56:37,557 [65846ed8-c1ef-45a3-a578-716f347ad6ea@group-A5332DF7F2B4-LeaderElection25] INFO  server.RaftServer$Division (ServerState.java:setLeader(287)) - 65846ed8-c1ef-45a3-a578-716f347ad6ea@group-A5332DF7F2B4: change Leader from null to 65846ed8-c1ef-45a3-a578-716f347ad6ea at term 4 for becomeLeader, leader elected after 20389ms
2022-08-03 01:56:37,557 [65846ed8-c1ef-45a3-a578-716f347ad6ea@group-A5332DF7F2B4-LeaderElection25] INFO  server.RaftServerConfigKeys (ConfUtils.java:logGet(46)) - raft.server.staging.catchup.gap = 1000 (default)
2022-08-03 01:56:37,557 [65846ed8-c1ef-45a3-a578-716f347ad6ea@group-A5332DF7F2B4-LeaderElection25] INFO  server.RaftServerConfigKeys (ConfUtils.java:logGet(46)) - raft.server.write.element-limit = 1024 (custom)
2022-08-03 01:56:37,557 [65846ed8-c1ef-45a3-a578-716f347ad6ea@group-A5332DF7F2B4-LeaderElection25] INFO  server.RaftServerConfigKeys (ConfUtils.java:logGet(46)) - raft.server.write.byte-limit = 1024 M (=1073741824) (custom)
2022-08-03 01:56:37,558 [EventQueue-PipelineReportForPipelineReportHandler] INFO  pipeline.PipelineManagerImpl (PipelineManagerImpl.java:openPipeline(367)) - Pipeline Pipeline[ Id: fb4b05b2-2231-40b1-a748-a5332df7f2b4, Nodes: 26c6a879-3581-43c9-81a3-df00a00fc298{ip: 10.1.0.23, host: fv-az199-929.piossgaoozdutex3tpy4bgd4ka.dx.internal.cloudapp.net, ports: [REPLICATION=33909, RATIS=40673, RATIS_ADMIN=40673, RATIS_SERVER=40673, STANDALONE=42961], networkLocation: /default-rack, certSerialId: null, persistedOpState: IN_SERVICE, persistedOpStateExpiryEpochSec: 0}29c98487-0277-4cc7-b365-3516e94d97ef{ip: 10.1.0.23, host: fv-az199-929.piossgaoozdutex3tpy4bgd4ka.dx.internal.cloudapp.net, ports: [REPLICATION=42537, RATIS=34985, RATIS_ADMIN=34985, RATIS_SERVER=34985, STANDALONE=33077], networkLocation: /default-rack, certSerialId: null, persistedOpState: IN_SERVICE, persistedOpStateExpiryEpochSec: 0}65846ed8-c1ef-45a3-a578-716f347ad6ea{ip: 10.1.0.23, host: fv-az199-929.piossgaoozdutex3tpy4bgd4ka.dx.internal.cloudapp.net, ports: [REPLICATION=33619, RATIS=35919, RATIS_ADMIN=35919, RATIS_SERVER=35919, STANDALONE=42143], networkLocation: /default-rack, certSerialId: null, persistedOpState: IN_SERVICE, persistedOpStateExpiryEpochSec: 0}, ReplicationConfig: RATIS/THREE, State:ALLOCATED, leaderId:65846ed8-c1ef-45a3-a578-716f347ad6ea, CreationTimestamp2022-08-03T01:56:15.136Z[Etc/UTC]] moved to OPEN state
2022-08-03 01:56:37,559 [65846ed8-c1ef-45a3-a578-716f347ad6ea@group-A5332DF7F2B4-LeaderElection25] INFO  server.RaftServerConfigKeys (ConfUtils.java:logGet(46)) - raft.server.watch.timeout = 180s (custom)
2022-08-03 01:56:37,560 [65846ed8-c1ef-45a3-a578-716f347ad6ea@group-A5332DF7F2B4-LeaderElection25] INFO  server.RaftServerConfigKeys (ConfUtils.java:logGet(46)) - raft.server.watch.timeout.denomination = 1s (default)
2022-08-03 01:56:37,560 [65846ed8-c1ef-45a3-a578-716f347ad6ea@group-A5332DF7F2B4-LeaderElection25] INFO  server.RaftServerConfigKeys (ConfUtils.java:logGet(46)) - raft.server.watch.element-limit = 65536 (default)
2022-08-03 01:56:37,560 [65846ed8-c1ef-45a3-a578-716f347ad6ea@group-A5332DF7F2B4-LeaderElection25] INFO  server.RaftServerConfigKeys (ConfUtils.java:logGet(46)) - raft.server.write.element-limit = 1024 (custom)
2022-08-03 01:56:37,560 [65846ed8-c1ef-45a3-a578-716f347ad6ea@group-A5332DF7F2B4-LeaderElection25] INFO  server.RaftServerConfigKeys (ConfUtils.java:logGet(46)) - raft.server.write.follower.gap.ratio.max = -1.0 (default)
2022-08-03 01:56:37,561 [65846ed8-c1ef-45a3-a578-716f347ad6ea@group-A5332DF7F2B4-LeaderElection25] INFO  server.RaftServerConfigKeys (ConfUtils.java:logGet(46)) - raft.server.log.appender.snapshot.chunk.size.max = 16MB (=16777216) (default)
2022-08-03 01:56:37,561 [65846ed8-c1ef-45a3-a578-716f347ad6ea@group-A5332DF7F2B4-LeaderElection25] INFO  server.RaftServerConfigKeys (ConfUtils.java:logGet(46)) - raft.server.log.appender.buffer.byte-limit = 33554432 (custom)
2022-08-03 01:56:37,561 [grpc-default-executor-3] INFO  impl.VoteContext (VoteContext.java:log(48)) - 29c98487-0277-4cc7-b365-3516e94d97ef@group-A5332DF7F2B4-CANDIDATE: reject ELECTION from 65846ed8-c1ef-45a3-a578-716f347ad6ea: already has voted for 29c98487-0277-4cc7-b365-3516e94d97ef at current term 4
2022-08-03 01:56:37,563 [grpc-default-executor-3] INFO  server.RaftServer$Division (RaftServerImpl.java:requestVote(1184)) - 29c98487-0277-4cc7-b365-3516e94d97ef@group-A5332DF7F2B4 replies to ELECTION vote request: 65846ed8-c1ef-45a3-a578-716f347ad6ea<-29c98487-0277-4cc7-b365-3516e94d97ef#0:FAIL-t4. Peer's state: 29c98487-0277-4cc7-b365-3516e94d97ef@group-A5332DF7F2B4:t4, leader=null, voted=29c98487-0277-4cc7-b365-3516e94d97ef, raftlog=29c98487-0277-4cc7-b365-3516e94d97ef@group-A5332DF7F2B4-SegmentedRaftLog:OPENED:c-1, conf=-1: [26c6a879-3581-43c9-81a3-df00a00fc298|rpc:10.1.0.23:40673|dataStream:|priority:0, 65846ed8-c1ef-45a3-a578-716f347ad6ea|rpc:10.1.0.23:35919|dataStream:|priority:1, 29c98487-0277-4cc7-b365-3516e94d97ef|rpc:10.1.0.23:34985|dataStream:|priority:0], old=null
2022-08-03 01:56:37,561 [29c98487-0277-4cc7-b365-3516e94d97ef@group-A5332DF7F2B4-LeaderElection26] INFO  impl.LeaderElection (LeaderElection.java:askForVotes(310)) - 29c98487-0277-4cc7-b365-3516e94d97ef@group-A5332DF7F2B4-LeaderElection26 ELECTION round 0: submit vote requests at term 4 for -1: [26c6a879-3581-43c9-81a3-df00a00fc298|rpc:10.1.0.23:40673|dataStream:|priority:0, 65846ed8-c1ef-45a3-a578-716f347ad6ea|rpc:10.1.0.23:35919|dataStream:|priority:1, 29c98487-0277-4cc7-b365-3516e94d97ef|rpc:10.1.0.23:34985|dataStream:|priority:0], old=null
2022-08-03 01:56:37,562 [65846ed8-c1ef-45a3-a578-716f347ad6ea@group-A5332DF7F2B4-LeaderElection25] INFO  server.RaftServerConfigKeys (ConfUtils.java:logGet(46)) - raft.server.log.appender.buffer.element-limit = 1 (custom)
2022-08-03 01:56:37,573 [65846ed8-c1ef-45a3-a578-716f347ad6ea@group-A5332DF7F2B4-LeaderElection25] INFO  grpc.GrpcConfigKeys (ConfUtils.java:logGet(46)) - raft.grpc.server.leader.outstanding.appends.max = 128 (default)
2022-08-03 01:56:37,573 [65846ed8-c1ef-45a3-a578-716f347ad6ea@group-A5332DF7F2B4-LeaderElection25] INFO  server.RaftServerConfigKeys (ConfUtils.java:logGet(46)) - raft.server.rpc.request.timeout = 60s (custom)
2022-08-03 01:56:37,574 [65846ed8-c1ef-45a3-a578-716f347ad6ea@group-A5332DF7F2B4-LeaderElection25] INFO  server.RaftServerConfigKeys (ConfUtils.java:logGet(46)) - raft.server.log.appender.install.snapshot.enabled = false (custom)
2022-08-03 01:56:37,574 [65846ed8-c1ef-45a3-a578-716f347ad6ea@group-A5332DF7F2B4-LeaderElection25] INFO  server.RaftServerConfigKeys (ConfUtils.java:logGet(46)) - raft.server.log.appender.snapshot.chunk.size.max = 16MB (=16777216) (default)
2022-08-03 01:56:37,574 [65846ed8-c1ef-45a3-a578-716f347ad6ea@group-A5332DF7F2B4-LeaderElection25] INFO  server.RaftServerConfigKeys (ConfUtils.java:logGet(46)) - raft.server.log.appender.buffer.byte-limit = 33554432 (custom)
2022-08-03 01:56:37,574 [65846ed8-c1ef-45a3-a578-716f347ad6ea@group-A5332DF7F2B4-LeaderElection25] INFO  server.RaftServerConfigKeys (ConfUtils.java:logGet(46)) - raft.server.log.appender.buffer.element-limit = 1 (custom)
2022-08-03 01:56:37,575 [65846ed8-c1ef-45a3-a578-716f347ad6ea@group-A5332DF7F2B4-LeaderElection25] INFO  grpc.GrpcConfigKeys (ConfUtils.java:logGet(46)) - raft.grpc.server.leader.outstanding.appends.max = 128 (default)
2022-08-03 01:56:37,575 [65846ed8-c1ef-45a3-a578-716f347ad6ea@group-A5332DF7F2B4-LeaderElection25] INFO  server.RaftServerConfigKeys (ConfUtils.java:logGet(46)) - raft.server.rpc.request.timeout = 60s (custom)
2022-08-03 01:56:37,575 [65846ed8-c1ef-45a3-a578-716f347ad6ea@group-A5332DF7F2B4-LeaderElection25] INFO  server.RaftServerConfigKeys (ConfUtils.java:logGet(46)) - raft.server.log.appender.install.snapshot.enabled = false (custom)
2022-08-03 01:56:37,575 [65846ed8-c1ef-45a3-a578-716f347ad6ea@group-A5332DF7F2B4-LeaderElection25] INFO  impl.RoleInfo (RoleInfo.java:updateAndGet(139)) - 65846ed8-c1ef-45a3-a578-716f347ad6ea: start 65846ed8-c1ef-45a3-a578-716f347ad6ea@group-A5332DF7F2B4-LeaderStateImpl
2022-08-03 01:56:37,575 [65846ed8-c1ef-45a3-a578-716f347ad6ea@group-A5332DF7F2B4-LeaderElection25] INFO  segmented.SegmentedRaftLogWorker (SegmentedRaftLogWorker.java:startLogSegment(425)) - 65846ed8-c1ef-45a3-a578-716f347ad6ea@group-A5332DF7F2B4-SegmentedRaftLogWorker: Starting segment from index:0
2022-08-03 01:56:37,576 [65846ed8-c1ef-45a3-a578-716f347ad6ea@group-A5332DF7F2B4-LeaderElection25] INFO  server.RaftServer$Division (ServerState.java:setRaftConf(393)) - 65846ed8-c1ef-45a3-a578-716f347ad6ea@group-A5332DF7F2B4: set configuration 0: [26c6a879-3581-43c9-81a3-df00a00fc298|rpc:10.1.0.23:40673|dataStream:|priority:0, 65846ed8-c1ef-45a3-a578-716f347ad6ea|rpc:10.1.0.23:35919|dataStream:|priority:1, 29c98487-0277-4cc7-b365-3516e94d97ef|rpc:10.1.0.23:34985|dataStream:|priority:0], old=null
2022-08-03 01:56:37,580 [65846ed8-c1ef-45a3-a578-716f347ad6ea@group-A5332DF7F2B4-SegmentedRaftLogWorker] INFO  segmented.SegmentedRaftLogWorker (SegmentedRaftLogWorker.java:execute(629)) - 65846ed8-c1ef-45a3-a578-716f347ad6ea@group-A5332DF7F2B4-SegmentedRaftLogWorker: created new log segment /home/runner/work/ozone/ozone/hadoop-ozone/integration-test/target/test-dir/MiniOzoneClusterImpl-2b644ed5-ee6e-4744-ab54-d718b8c739bc/datanode-2/data/ratis/fb4b05b2-2231-40b1-a748-a5332df7f2b4/current/log_inprogress_0
2022-08-03 01:56:37,630 [grpc-default-executor-2] INFO  server.RaftServer$Division (RaftServerImpl.java:requestVote(1152)) - 26c6a879-3581-43c9-81a3-df00a00fc298@group-A5332DF7F2B4: receive requestVote(ELECTION, 29c98487-0277-4cc7-b365-3516e94d97ef, group-A5332DF7F2B4, 4, (t:0, i:0))
2022-08-03 01:56:37,630 [grpc-default-executor-3] INFO  server.RaftServer$Division (RaftServerImpl.java:requestVote(1152)) - 65846ed8-c1ef-45a3-a578-716f347ad6ea@group-A5332DF7F2B4: receive requestVote(ELECTION, 29c98487-0277-4cc7-b365-3516e94d97ef, group-A5332DF7F2B4, 4, (t:0, i:0))
2022-08-03 01:56:37,630 [grpc-default-executor-3] INFO  impl.VoteContext (VoteContext.java:log(48)) - 65846ed8-c1ef-45a3-a578-716f347ad6ea@group-A5332DF7F2B4-LEADER: reject ELECTION from 29c98487-0277-4cc7-b365-3516e94d97ef: already has voted for 65846ed8-c1ef-45a3-a578-716f347ad6ea at current term 4
2022-08-03 01:56:37,630 [grpc-default-executor-3] INFO  server.RaftServer$Division (RaftServerImpl.java:requestVote(1184)) - 65846ed8-c1ef-45a3-a578-716f347ad6ea@group-A5332DF7F2B4 replies to ELECTION vote request: 29c98487-0277-4cc7-b365-3516e94d97ef<-65846ed8-c1ef-45a3-a578-716f347ad6ea#0:FAIL-t4. Peer's state: 65846ed8-c1ef-45a3-a578-716f347ad6ea@group-A5332DF7F2B4:t4, leader=65846ed8-c1ef-45a3-a578-716f347ad6ea, voted=65846ed8-c1ef-45a3-a578-716f347ad6ea, raftlog=65846ed8-c1ef-45a3-a578-716f347ad6ea@group-A5332DF7F2B4-SegmentedRaftLog:OPENED:c-1, conf=0: [26c6a879-3581-43c9-81a3-df00a00fc298|rpc:10.1.0.23:40673|dataStream:|priority:0, 65846ed8-c1ef-45a3-a578-716f347ad6ea|rpc:10.1.0.23:35919|dataStream:|priority:1, 29c98487-0277-4cc7-b365-3516e94d97ef|rpc:10.1.0.23:34985|dataStream:|priority:0], old=null
2022-08-03 01:56:37,631 [29c98487-0277-4cc7-b365-3516e94d97ef@group-A5332DF7F2B4-LeaderElection26] INFO  impl.LeaderElection (LeaderElection.java:logAndReturn(90)) - 29c98487-0277-4cc7-b365-3516e94d97ef@group-A5332DF7F2B4-LeaderElection26: ELECTION REJECTED received 1 response(s) and 0 exception(s):
2022-08-03 01:56:37,631 [29c98487-0277-4cc7-b365-3516e94d97ef@group-A5332DF7F2B4-LeaderElection26] INFO  impl.LeaderElection (LeaderElection.java:logAndReturn(94)) -   Response 0: 29c98487-0277-4cc7-b365-3516e94d97ef<-65846ed8-c1ef-45a3-a578-716f347ad6ea#0:FAIL-t4
2022-08-03 01:56:37,632 [29c98487-0277-4cc7-b365-3516e94d97ef@group-A5332DF7F2B4-LeaderElection26] INFO  impl.LeaderElection (LeaderElection.java:askForVotes(312)) - 29c98487-0277-4cc7-b365-3516e94d97ef@group-A5332DF7F2B4-LeaderElection26 ELECTION round 0: result REJECTED
2022-08-03 01:56:37,605 [26c6a879-3581-43c9-81a3-df00a00fc298-server-thread1] INFO  ratis.XceiverServerRatis (XceiverServerRatis.java:handleLeaderChangedNotification(863)) - Leader change notification received for group: group-A5332DF7F2B4 with new leaderId: 65846ed8-c1ef-45a3-a578-716f347ad6ea
2022-08-03 01:56:37,632 [29c98487-0277-4cc7-b365-3516e94d97ef@group-A5332DF7F2B4-LeaderElection26] INFO  server.RaftServer$Division (RaftServerImpl.java:setRole(299)) - 29c98487-0277-4cc7-b365-3516e94d97ef@group-A5332DF7F2B4: changes role from CANDIDATE to FOLLOWER at term 4 for REJECTED
2022-08-03 01:56:37,641 [29c98487-0277-4cc7-b365-3516e94d97ef@group-A5332DF7F2B4-LeaderElection26] INFO  impl.RoleInfo (RoleInfo.java:shutdownLeaderElection(130)) - 29c98487-0277-4cc7-b365-3516e94d97ef: shutdown 29c98487-0277-4cc7-b365-3516e94d97ef@group-A5332DF7F2B4-LeaderElection26
2022-08-03 01:56:37,641 [29c98487-0277-4cc7-b365-3516e94d97ef@group-A5332DF7F2B4-LeaderElection26] INFO  impl.RoleInfo (RoleInfo.java:updateAndGet(139)) - 29c98487-0277-4cc7-b365-3516e94d97ef: start 29c98487-0277-4cc7-b365-3516e94d97ef@group-A5332DF7F2B4-FollowerState
2022-08-03 01:56:37,641 [26c6a879-3581-43c9-81a3-df00a00fc298-server-thread1] INFO  server.RaftServer$Division (ServerState.java:setLeader(287)) - 26c6a879-3581-43c9-81a3-df00a00fc298@group-A5332DF7F2B4: change Leader from null to 65846ed8-c1ef-45a3-a578-716f347ad6ea at term 4 for appendEntries, leader elected after 20627ms
2022-08-03 01:56:37,641 [grpc-default-executor-2] INFO  impl.VoteContext (VoteContext.java:log(48)) - 26c6a879-3581-43c9-81a3-df00a00fc298@group-A5332DF7F2B4-FOLLOWER: reject ELECTION from 29c98487-0277-4cc7-b365-3516e94d97ef: already has voted for 65846ed8-c1ef-45a3-a578-716f347ad6ea at current term 4
2022-08-03 01:56:37,641 [grpc-default-executor-2] INFO  server.RaftServer$Division (RaftServerImpl.java:requestVote(1184)) - 26c6a879-3581-43c9-81a3-df00a00fc298@group-A5332DF7F2B4 replies to ELECTION vote request: 29c98487-0277-4cc7-b365-3516e94d97ef<-26c6a879-3581-43c9-81a3-df00a00fc298#0:FAIL-t4. Peer's state: 26c6a879-3581-43c9-81a3-df00a00fc298@group-A5332DF7F2B4:t4, leader=65846ed8-c1ef-45a3-a578-716f347ad6ea, voted=65846ed8-c1ef-45a3-a578-716f347ad6ea, raftlog=26c6a879-3581-43c9-81a3-df00a00fc298@group-A5332DF7F2B4-SegmentedRaftLog:OPENED:c-1, conf=-1: [26c6a879-3581-43c9-81a3-df00a00fc298|rpc:10.1.0.23:40673|priority:0, 65846ed8-c1ef-45a3-a578-716f347ad6ea|rpc:10.1.0.23:35919|priority:1, 29c98487-0277-4cc7-b365-3516e94d97ef|rpc:10.1.0.23:34985|priority:0], old=null
2022-08-03 01:56:37,649 [29c98487-0277-4cc7-b365-3516e94d97ef-server-thread1] INFO  ratis.XceiverServerRatis (XceiverServerRatis.java:handleLeaderChangedNotification(863)) - Leader change notification received for group: group-A5332DF7F2B4 with new leaderId: 65846ed8-c1ef-45a3-a578-716f347ad6ea
2022-08-03 01:56:37,649 [29c98487-0277-4cc7-b365-3516e94d97ef-server-thread1] INFO  server.RaftServer$Division (ServerState.java:setLeader(287)) - 29c98487-0277-4cc7-b365-3516e94d97ef@group-A5332DF7F2B4: change Leader from null to 65846ed8-c1ef-45a3-a578-716f347ad6ea at term 4 for appendEntries, leader elected after 20603ms
2022-08-03 01:56:37,661 [29c98487-0277-4cc7-b365-3516e94d97ef-server-thread1] INFO  server.RaftServer$Division (ServerState.java:setRaftConf(393)) - 29c98487-0277-4cc7-b365-3516e94d97ef@group-A5332DF7F2B4: set configuration 0: [26c6a879-3581-43c9-81a3-df00a00fc298|rpc:10.1.0.23:40673|dataStream:|priority:0, 65846ed8-c1ef-45a3-a578-716f347ad6ea|rpc:10.1.0.23:35919|dataStream:|priority:1, 29c98487-0277-4cc7-b365-3516e94d97ef|rpc:10.1.0.23:34985|dataStream:|priority:0], old=null
2022-08-03 01:56:37,661 [29c98487-0277-4cc7-b365-3516e94d97ef-server-thread1] INFO  segmented.SegmentedRaftLogWorker (SegmentedRaftLogWorker.java:startLogSegment(425)) - 29c98487-0277-4cc7-b365-3516e94d97ef@group-A5332DF7F2B4-SegmentedRaftLogWorker: Starting segment from index:0
2022-08-03 01:56:37,663 [26c6a879-3581-43c9-81a3-df00a00fc298-server-thread1] INFO  server.RaftServer$Division (ServerState.java:setRaftConf(393)) - 26c6a879-3581-43c9-81a3-df00a00fc298@group-A5332DF7F2B4: set configuration 0: [26c6a879-3581-43c9-81a3-df00a00fc298|rpc:10.1.0.23:40673|dataStream:|priority:0, 65846ed8-c1ef-45a3-a578-716f347ad6ea|rpc:10.1.0.23:35919|dataStream:|priority:1, 29c98487-0277-4cc7-b365-3516e94d97ef|rpc:10.1.0.23:34985|dataStream:|priority:0], old=null
2022-08-03 01:56:37,664 [29c98487-0277-4cc7-b365-3516e94d97ef@group-A5332DF7F2B4-SegmentedRaftLogWorker] INFO  segmented.SegmentedRaftLogWorker (SegmentedRaftLogWorker.java:execute(629)) - 29c98487-0277-4cc7-b365-3516e94d97ef@group-A5332DF7F2B4-SegmentedRaftLogWorker: created new log segment /home/runner/work/ozone/ozone/hadoop-ozone/integration-test/target/test-dir/MiniOzoneClusterImpl-2b644ed5-ee6e-4744-ab54-d718b8c739bc/datanode-1/data/ratis/fb4b05b2-2231-40b1-a748-a5332df7f2b4/current/log_inprogress_0
2022-08-03 01:56:37,686 [26c6a879-3581-43c9-81a3-df00a00fc298-server-thread1] INFO  segmented.SegmentedRaftLogWorker (SegmentedRaftLogWorker.java:startLogSegment(425)) - 26c6a879-3581-43c9-81a3-df00a00fc298@group-A5332DF7F2B4-SegmentedRaftLogWorker: Starting segment from index:0
2022-08-03 01:56:37,688 [26c6a879-3581-43c9-81a3-df00a00fc298@group-A5332DF7F2B4-SegmentedRaftLogWorker] INFO  segmented.SegmentedRaftLogWorker (SegmentedRaftLogWorker.java:execute(629)) - 26c6a879-3581-43c9-81a3-df00a00fc298@group-A5332DF7F2B4-SegmentedRaftLogWorker: created new log segment /home/runner/work/ozone/ozone/hadoop-ozone/integration-test/target/test-dir/MiniOzoneClusterImpl-2b644ed5-ee6e-4744-ab54-d718b8c739bc/datanode-0/data/ratis/fb4b05b2-2231-40b1-a748-a5332df7f2b4/current/log_inprogress_0
]]></system-out>
  </testcase>
  <testcase name="testListStatusOnLargeDirectory" classname="TestOzoneFileSystem" time="15.972">
    <system-out><![CDATA[2022-08-03 01:57:43,860 [UnderReplicatedQueueThreadThread] INFO  replication.UnderReplicatedProcessor (UnderReplicatedProcessor.java:processAll(85)) - Processed 0 under replicated containers, failed processing 0
2022-08-03 01:57:43,862 [OverReplicatedQueueThreadThread] INFO  replication.OverReplicatedProcessor (OverReplicatedProcessor.java:processAll(83)) - Processed 0 over replicated containers, failed processing 0
2022-08-03 01:57:55,734 [UnderReplicatedQueueThreadThread] INFO  replication.UnderReplicatedProcessor (UnderReplicatedProcessor.java:processAll(85)) - Processed 0 under replicated containers, failed processing 0
2022-08-03 01:57:55,735 [OverReplicatedQueueThreadThread] INFO  replication.OverReplicatedProcessor (OverReplicatedProcessor.java:processAll(83)) - Processed 0 over replicated containers, failed processing 0
]]></system-out>
  </testcase>
  <testcase name="testListStatusOnLargeDirectory" classname="TestOzoneFileSystem" time="12.177">
    <system-out><![CDATA[2022-08-03 01:59:11,470 [986bf7ce-700a-46a1-ab88-e0e38b862364@group-C5B540C5AAAD-FollowerState] INFO  impl.FollowerState (FollowerState.java:run(143)) - 986bf7ce-700a-46a1-ab88-e0e38b862364@group-C5B540C5AAAD-FollowerState: change to CANDIDATE, lastRpcElapsedTime:5168082149ns, electionTimeout:5110ms
2022-08-03 01:59:11,470 [986bf7ce-700a-46a1-ab88-e0e38b862364@group-C5B540C5AAAD-FollowerState] INFO  impl.RoleInfo (RoleInfo.java:shutdownFollowerState(110)) - 986bf7ce-700a-46a1-ab88-e0e38b862364: shutdown 986bf7ce-700a-46a1-ab88-e0e38b862364@group-C5B540C5AAAD-FollowerState
2022-08-03 01:59:11,470 [986bf7ce-700a-46a1-ab88-e0e38b862364@group-C5B540C5AAAD-FollowerState] INFO  server.RaftServer$Division (RaftServerImpl.java:setRole(299)) - 986bf7ce-700a-46a1-ab88-e0e38b862364@group-C5B540C5AAAD: changes role from  FOLLOWER to CANDIDATE at term 3 for changeToCandidate
2022-08-03 01:59:11,470 [986bf7ce-700a-46a1-ab88-e0e38b862364@group-C5B540C5AAAD-FollowerState] INFO  server.RaftServerConfigKeys (ConfUtils.java:logGet(46)) - raft.server.leaderelection.pre-vote = false (custom)
2022-08-03 01:59:11,471 [986bf7ce-700a-46a1-ab88-e0e38b862364@group-C5B540C5AAAD-FollowerState] INFO  impl.RoleInfo (RoleInfo.java:updateAndGet(139)) - 986bf7ce-700a-46a1-ab88-e0e38b862364: start 986bf7ce-700a-46a1-ab88-e0e38b862364@group-C5B540C5AAAD-LeaderElection57
2022-08-03 01:59:11,518 [986bf7ce-700a-46a1-ab88-e0e38b862364@group-C5B540C5AAAD-LeaderElection57] INFO  impl.LeaderElection (LeaderElection.java:askForVotes(310)) - 986bf7ce-700a-46a1-ab88-e0e38b862364@group-C5B540C5AAAD-LeaderElection57 ELECTION round 0: submit vote requests at term 4 for -1: [c824bff0-102b-4ceb-889e-e8d339be5886|rpc:10.1.0.23:39825|priority:0, 3f997eb7-6b59-43fe-9bb3-f29f42755580|rpc:10.1.0.23:40985|priority:1, 986bf7ce-700a-46a1-ab88-e0e38b862364|rpc:10.1.0.23:35665|priority:0], old=null
2022-08-03 01:59:11,525 [3f997eb7-6b59-43fe-9bb3-f29f42755580@group-C5B540C5AAAD-FollowerState] INFO  impl.FollowerState (FollowerState.java:run(143)) - 3f997eb7-6b59-43fe-9bb3-f29f42755580@group-C5B540C5AAAD-FollowerState: change to CANDIDATE, lastRpcElapsedTime:5174828878ns, electionTimeout:5138ms
2022-08-03 01:59:11,525 [3f997eb7-6b59-43fe-9bb3-f29f42755580@group-C5B540C5AAAD-FollowerState] INFO  impl.RoleInfo (RoleInfo.java:shutdownFollowerState(110)) - 3f997eb7-6b59-43fe-9bb3-f29f42755580: shutdown 3f997eb7-6b59-43fe-9bb3-f29f42755580@group-C5B540C5AAAD-FollowerState
2022-08-03 01:59:11,525 [3f997eb7-6b59-43fe-9bb3-f29f42755580@group-C5B540C5AAAD-FollowerState] INFO  server.RaftServer$Division (RaftServerImpl.java:setRole(299)) - 3f997eb7-6b59-43fe-9bb3-f29f42755580@group-C5B540C5AAAD: changes role from  FOLLOWER to CANDIDATE at term 3 for changeToCandidate
2022-08-03 01:59:11,555 [grpc-default-executor-2] INFO  server.RaftServer$Division (RaftServerImpl.java:requestVote(1152)) - c824bff0-102b-4ceb-889e-e8d339be5886@group-C5B540C5AAAD: receive requestVote(ELECTION, 986bf7ce-700a-46a1-ab88-e0e38b862364, group-C5B540C5AAAD, 4, (t:0, i:0))
2022-08-03 01:59:11,555 [grpc-default-executor-2] INFO  impl.VoteContext (VoteContext.java:log(48)) - c824bff0-102b-4ceb-889e-e8d339be5886@group-C5B540C5AAAD-FOLLOWER: accept ELECTION from 986bf7ce-700a-46a1-ab88-e0e38b862364: our priority 0 <= candidate's priority 0
2022-08-03 01:59:11,555 [grpc-default-executor-2] INFO  server.RaftServer$Division (RaftServerImpl.java:setRole(299)) - c824bff0-102b-4ceb-889e-e8d339be5886@group-C5B540C5AAAD: changes role from  FOLLOWER to FOLLOWER at term 4 for candidate:986bf7ce-700a-46a1-ab88-e0e38b862364
2022-08-03 01:59:11,555 [grpc-default-executor-2] INFO  impl.RoleInfo (RoleInfo.java:shutdownFollowerState(110)) - c824bff0-102b-4ceb-889e-e8d339be5886: shutdown c824bff0-102b-4ceb-889e-e8d339be5886@group-C5B540C5AAAD-FollowerState
2022-08-03 01:59:11,555 [grpc-default-executor-2] INFO  impl.RoleInfo (RoleInfo.java:updateAndGet(139)) - c824bff0-102b-4ceb-889e-e8d339be5886: start c824bff0-102b-4ceb-889e-e8d339be5886@group-C5B540C5AAAD-FollowerState
2022-08-03 01:59:11,556 [c824bff0-102b-4ceb-889e-e8d339be5886@group-C5B540C5AAAD-FollowerState] INFO  impl.FollowerState (FollowerState.java:run(152)) - c824bff0-102b-4ceb-889e-e8d339be5886@group-C5B540C5AAAD-FollowerState was interrupted
2022-08-03 01:59:11,563 [grpc-default-executor-2] INFO  server.RaftServer$Division (RaftServerImpl.java:requestVote(1184)) - c824bff0-102b-4ceb-889e-e8d339be5886@group-C5B540C5AAAD replies to ELECTION vote request: 986bf7ce-700a-46a1-ab88-e0e38b862364<-c824bff0-102b-4ceb-889e-e8d339be5886#0:OK-t4. Peer's state: c824bff0-102b-4ceb-889e-e8d339be5886@group-C5B540C5AAAD:t4, leader=null, voted=986bf7ce-700a-46a1-ab88-e0e38b862364, raftlog=c824bff0-102b-4ceb-889e-e8d339be5886@group-C5B540C5AAAD-SegmentedRaftLog:OPENED:c-1, conf=-1: [c824bff0-102b-4ceb-889e-e8d339be5886|rpc:10.1.0.23:39825|dataStream:|priority:0, 3f997eb7-6b59-43fe-9bb3-f29f42755580|rpc:10.1.0.23:40985|dataStream:|priority:1, 986bf7ce-700a-46a1-ab88-e0e38b862364|rpc:10.1.0.23:35665|dataStream:|priority:0], old=null
2022-08-03 01:59:11,575 [3f997eb7-6b59-43fe-9bb3-f29f42755580@group-C5B540C5AAAD-FollowerState] INFO  server.RaftServerConfigKeys (ConfUtils.java:logGet(46)) - raft.server.leaderelection.pre-vote = false (custom)
2022-08-03 01:59:11,575 [3f997eb7-6b59-43fe-9bb3-f29f42755580@group-C5B540C5AAAD-FollowerState] INFO  impl.RoleInfo (RoleInfo.java:updateAndGet(139)) - 3f997eb7-6b59-43fe-9bb3-f29f42755580: start 3f997eb7-6b59-43fe-9bb3-f29f42755580@group-C5B540C5AAAD-LeaderElection58
2022-08-03 01:59:11,629 [grpc-default-executor-2] INFO  server.RaftServer$Division (RaftServerImpl.java:requestVote(1152)) - 3f997eb7-6b59-43fe-9bb3-f29f42755580@group-C5B540C5AAAD: receive requestVote(ELECTION, 986bf7ce-700a-46a1-ab88-e0e38b862364, group-C5B540C5AAAD, 4, (t:0, i:0))
2022-08-03 01:59:11,629 [grpc-default-executor-2] INFO  impl.VoteContext (VoteContext.java:log(48)) - 3f997eb7-6b59-43fe-9bb3-f29f42755580@group-C5B540C5AAAD-CANDIDATE: reject ELECTION from 986bf7ce-700a-46a1-ab88-e0e38b862364: our priority 1 > candidate's priority 0
2022-08-03 01:59:11,629 [grpc-default-executor-2] INFO  server.RaftServer$Division (RaftServerImpl.java:setRole(299)) - 3f997eb7-6b59-43fe-9bb3-f29f42755580@group-C5B540C5AAAD: changes role from CANDIDATE to FOLLOWER at term 4 for candidate:986bf7ce-700a-46a1-ab88-e0e38b862364
2022-08-03 01:59:11,629 [grpc-default-executor-2] INFO  impl.RoleInfo (RoleInfo.java:shutdownLeaderElection(130)) - 3f997eb7-6b59-43fe-9bb3-f29f42755580: shutdown 3f997eb7-6b59-43fe-9bb3-f29f42755580@group-C5B540C5AAAD-LeaderElection58
2022-08-03 01:59:11,629 [grpc-default-executor-2] INFO  impl.RoleInfo (RoleInfo.java:updateAndGet(139)) - 3f997eb7-6b59-43fe-9bb3-f29f42755580: start 3f997eb7-6b59-43fe-9bb3-f29f42755580@group-C5B540C5AAAD-FollowerState
2022-08-03 01:59:11,645 [3f997eb7-6b59-43fe-9bb3-f29f42755580@group-C5B540C5AAAD-LeaderElection58] INFO  impl.LeaderElection (LeaderElection.java:run(231)) - 3f997eb7-6b59-43fe-9bb3-f29f42755580@group-C5B540C5AAAD-LeaderElection58: skip running since this is already CLOSING
2022-08-03 01:59:11,645 [grpc-default-executor-2] INFO  server.RaftServer$Division (RaftServerImpl.java:requestVote(1184)) - 3f997eb7-6b59-43fe-9bb3-f29f42755580@group-C5B540C5AAAD replies to ELECTION vote request: 986bf7ce-700a-46a1-ab88-e0e38b862364<-3f997eb7-6b59-43fe-9bb3-f29f42755580#0:FAIL-t4. Peer's state: 3f997eb7-6b59-43fe-9bb3-f29f42755580@group-C5B540C5AAAD:t4, leader=null, voted=null, raftlog=3f997eb7-6b59-43fe-9bb3-f29f42755580@group-C5B540C5AAAD-SegmentedRaftLog:OPENED:c-1, conf=-1: [c824bff0-102b-4ceb-889e-e8d339be5886|rpc:10.1.0.23:39825|dataStream:|priority:0, 3f997eb7-6b59-43fe-9bb3-f29f42755580|rpc:10.1.0.23:40985|dataStream:|priority:1, 986bf7ce-700a-46a1-ab88-e0e38b862364|rpc:10.1.0.23:35665|dataStream:|priority:0], old=null
2022-08-03 01:59:11,646 [986bf7ce-700a-46a1-ab88-e0e38b862364@group-C5B540C5AAAD-LeaderElection57] INFO  impl.LeaderElection (LeaderElection.java:logAndReturn(90)) - 986bf7ce-700a-46a1-ab88-e0e38b862364@group-C5B540C5AAAD-LeaderElection57: ELECTION REJECTED received 2 response(s) and 0 exception(s):
2022-08-03 01:59:11,646 [986bf7ce-700a-46a1-ab88-e0e38b862364@group-C5B540C5AAAD-LeaderElection57] INFO  impl.LeaderElection (LeaderElection.java:logAndReturn(94)) -   Response 0: 986bf7ce-700a-46a1-ab88-e0e38b862364<-c824bff0-102b-4ceb-889e-e8d339be5886#0:OK-t4
2022-08-03 01:59:11,646 [986bf7ce-700a-46a1-ab88-e0e38b862364@group-C5B540C5AAAD-LeaderElection57] INFO  impl.LeaderElection (LeaderElection.java:logAndReturn(94)) -   Response 1: 986bf7ce-700a-46a1-ab88-e0e38b862364<-3f997eb7-6b59-43fe-9bb3-f29f42755580#0:FAIL-t4
2022-08-03 01:59:11,646 [986bf7ce-700a-46a1-ab88-e0e38b862364@group-C5B540C5AAAD-LeaderElection57] INFO  impl.LeaderElection (LeaderElection.java:askForVotes(312)) - 986bf7ce-700a-46a1-ab88-e0e38b862364@group-C5B540C5AAAD-LeaderElection57 ELECTION round 0: result REJECTED
2022-08-03 01:59:11,647 [986bf7ce-700a-46a1-ab88-e0e38b862364@group-C5B540C5AAAD-LeaderElection57] INFO  server.RaftServer$Division (RaftServerImpl.java:setRole(299)) - 986bf7ce-700a-46a1-ab88-e0e38b862364@group-C5B540C5AAAD: changes role from CANDIDATE to FOLLOWER at term 4 for REJECTED
2022-08-03 01:59:11,647 [986bf7ce-700a-46a1-ab88-e0e38b862364@group-C5B540C5AAAD-LeaderElection57] INFO  impl.RoleInfo (RoleInfo.java:shutdownLeaderElection(130)) - 986bf7ce-700a-46a1-ab88-e0e38b862364: shutdown 986bf7ce-700a-46a1-ab88-e0e38b862364@group-C5B540C5AAAD-LeaderElection57
2022-08-03 01:59:11,647 [986bf7ce-700a-46a1-ab88-e0e38b862364@group-C5B540C5AAAD-LeaderElection57] INFO  impl.RoleInfo (RoleInfo.java:updateAndGet(139)) - 986bf7ce-700a-46a1-ab88-e0e38b862364: start 986bf7ce-700a-46a1-ab88-e0e38b862364@group-C5B540C5AAAD-FollowerState
2022-08-03 01:59:13,868 [OverReplicatedQueueThreadThread] INFO  replication.OverReplicatedProcessor (OverReplicatedProcessor.java:processAll(83)) - Processed 0 over replicated containers, failed processing 0
2022-08-03 01:59:13,868 [UnderReplicatedQueueThreadThread] INFO  replication.UnderReplicatedProcessor (UnderReplicatedProcessor.java:processAll(85)) - Processed 0 under replicated containers, failed processing 0
2022-08-03 01:59:16,590 [c824bff0-102b-4ceb-889e-e8d339be5886@group-C5B540C5AAAD-FollowerState] INFO  impl.FollowerState (FollowerState.java:run(143)) - c824bff0-102b-4ceb-889e-e8d339be5886@group-C5B540C5AAAD-FollowerState: change to CANDIDATE, lastRpcElapsedTime:5026481036ns, electionTimeout:5011ms
2022-08-03 01:59:16,590 [c824bff0-102b-4ceb-889e-e8d339be5886@group-C5B540C5AAAD-FollowerState] INFO  impl.RoleInfo (RoleInfo.java:shutdownFollowerState(110)) - c824bff0-102b-4ceb-889e-e8d339be5886: shutdown c824bff0-102b-4ceb-889e-e8d339be5886@group-C5B540C5AAAD-FollowerState
2022-08-03 01:59:16,590 [c824bff0-102b-4ceb-889e-e8d339be5886@group-C5B540C5AAAD-FollowerState] INFO  server.RaftServer$Division (RaftServerImpl.java:setRole(299)) - c824bff0-102b-4ceb-889e-e8d339be5886@group-C5B540C5AAAD: changes role from  FOLLOWER to CANDIDATE at term 4 for changeToCandidate
2022-08-03 01:59:16,590 [c824bff0-102b-4ceb-889e-e8d339be5886@group-C5B540C5AAAD-FollowerState] INFO  server.RaftServerConfigKeys (ConfUtils.java:logGet(46)) - raft.server.leaderelection.pre-vote = false (custom)
2022-08-03 01:59:16,590 [c824bff0-102b-4ceb-889e-e8d339be5886@group-C5B540C5AAAD-FollowerState] INFO  impl.RoleInfo (RoleInfo.java:updateAndGet(139)) - c824bff0-102b-4ceb-889e-e8d339be5886: start c824bff0-102b-4ceb-889e-e8d339be5886@group-C5B540C5AAAD-LeaderElection59
2022-08-03 01:59:16,646 [c824bff0-102b-4ceb-889e-e8d339be5886@group-C5B540C5AAAD-LeaderElection59] INFO  impl.LeaderElection (LeaderElection.java:askForVotes(310)) - c824bff0-102b-4ceb-889e-e8d339be5886@group-C5B540C5AAAD-LeaderElection59 ELECTION round 0: submit vote requests at term 5 for -1: [c824bff0-102b-4ceb-889e-e8d339be5886|rpc:10.1.0.23:39825|dataStream:|priority:0, 3f997eb7-6b59-43fe-9bb3-f29f42755580|rpc:10.1.0.23:40985|dataStream:|priority:1, 986bf7ce-700a-46a1-ab88-e0e38b862364|rpc:10.1.0.23:35665|dataStream:|priority:0], old=null
2022-08-03 01:59:16,706 [3f997eb7-6b59-43fe-9bb3-f29f42755580@group-C5B540C5AAAD-FollowerState] INFO  impl.FollowerState (FollowerState.java:run(143)) - 3f997eb7-6b59-43fe-9bb3-f29f42755580@group-C5B540C5AAAD-FollowerState: change to CANDIDATE, lastRpcElapsedTime:5076684743ns, electionTimeout:5066ms
2022-08-03 01:59:16,706 [3f997eb7-6b59-43fe-9bb3-f29f42755580@group-C5B540C5AAAD-FollowerState] INFO  impl.RoleInfo (RoleInfo.java:shutdownFollowerState(110)) - 3f997eb7-6b59-43fe-9bb3-f29f42755580: shutdown 3f997eb7-6b59-43fe-9bb3-f29f42755580@group-C5B540C5AAAD-FollowerState
2022-08-03 01:59:16,706 [3f997eb7-6b59-43fe-9bb3-f29f42755580@group-C5B540C5AAAD-FollowerState] INFO  server.RaftServer$Division (RaftServerImpl.java:setRole(299)) - 3f997eb7-6b59-43fe-9bb3-f29f42755580@group-C5B540C5AAAD: changes role from  FOLLOWER to CANDIDATE at term 4 for changeToCandidate
2022-08-03 01:59:16,706 [3f997eb7-6b59-43fe-9bb3-f29f42755580@group-C5B540C5AAAD-FollowerState] INFO  server.RaftServerConfigKeys (ConfUtils.java:logGet(46)) - raft.server.leaderelection.pre-vote = false (custom)
2022-08-03 01:59:16,706 [3f997eb7-6b59-43fe-9bb3-f29f42755580@group-C5B540C5AAAD-FollowerState] INFO  impl.RoleInfo (RoleInfo.java:updateAndGet(139)) - 3f997eb7-6b59-43fe-9bb3-f29f42755580: start 3f997eb7-6b59-43fe-9bb3-f29f42755580@group-C5B540C5AAAD-LeaderElection60
2022-08-03 01:59:16,729 [grpc-default-executor-2] INFO  server.RaftServer$Division (RaftServerImpl.java:requestVote(1152)) - 986bf7ce-700a-46a1-ab88-e0e38b862364@group-C5B540C5AAAD: receive requestVote(ELECTION, c824bff0-102b-4ceb-889e-e8d339be5886, group-C5B540C5AAAD, 5, (t:0, i:0))
2022-08-03 01:59:16,729 [grpc-default-executor-2] INFO  impl.VoteContext (VoteContext.java:log(48)) - 986bf7ce-700a-46a1-ab88-e0e38b862364@group-C5B540C5AAAD-FOLLOWER: accept ELECTION from c824bff0-102b-4ceb-889e-e8d339be5886: our priority 0 <= candidate's priority 0
2022-08-03 01:59:16,729 [grpc-default-executor-2] INFO  server.RaftServer$Division (RaftServerImpl.java:setRole(299)) - 986bf7ce-700a-46a1-ab88-e0e38b862364@group-C5B540C5AAAD: changes role from  FOLLOWER to FOLLOWER at term 5 for candidate:c824bff0-102b-4ceb-889e-e8d339be5886
2022-08-03 01:59:16,729 [grpc-default-executor-2] INFO  impl.RoleInfo (RoleInfo.java:shutdownFollowerState(110)) - 986bf7ce-700a-46a1-ab88-e0e38b862364: shutdown 986bf7ce-700a-46a1-ab88-e0e38b862364@group-C5B540C5AAAD-FollowerState
2022-08-03 01:59:16,729 [grpc-default-executor-2] INFO  impl.RoleInfo (RoleInfo.java:updateAndGet(139)) - 986bf7ce-700a-46a1-ab88-e0e38b862364: start 986bf7ce-700a-46a1-ab88-e0e38b862364@group-C5B540C5AAAD-FollowerState
2022-08-03 01:59:16,745 [986bf7ce-700a-46a1-ab88-e0e38b862364@group-C5B540C5AAAD-FollowerState] INFO  impl.FollowerState (FollowerState.java:run(152)) - 986bf7ce-700a-46a1-ab88-e0e38b862364@group-C5B540C5AAAD-FollowerState was interrupted
2022-08-03 01:59:16,747 [grpc-default-executor-2] INFO  server.RaftServer$Division (RaftServerImpl.java:requestVote(1184)) - 986bf7ce-700a-46a1-ab88-e0e38b862364@group-C5B540C5AAAD replies to ELECTION vote request: c824bff0-102b-4ceb-889e-e8d339be5886<-986bf7ce-700a-46a1-ab88-e0e38b862364#0:OK-t5. Peer's state: 986bf7ce-700a-46a1-ab88-e0e38b862364@group-C5B540C5AAAD:t5, leader=null, voted=c824bff0-102b-4ceb-889e-e8d339be5886, raftlog=986bf7ce-700a-46a1-ab88-e0e38b862364@group-C5B540C5AAAD-SegmentedRaftLog:OPENED:c-1, conf=-1: [c824bff0-102b-4ceb-889e-e8d339be5886|rpc:10.1.0.23:39825|priority:0, 3f997eb7-6b59-43fe-9bb3-f29f42755580|rpc:10.1.0.23:40985|priority:1, 986bf7ce-700a-46a1-ab88-e0e38b862364|rpc:10.1.0.23:35665|priority:0], old=null
2022-08-03 01:59:16,748 [3f997eb7-6b59-43fe-9bb3-f29f42755580@group-C5B540C5AAAD-LeaderElection60] INFO  impl.LeaderElection (LeaderElection.java:askForVotes(310)) - 3f997eb7-6b59-43fe-9bb3-f29f42755580@group-C5B540C5AAAD-LeaderElection60 ELECTION round 0: submit vote requests at term 5 for -1: [c824bff0-102b-4ceb-889e-e8d339be5886|rpc:10.1.0.23:39825|dataStream:|priority:0, 3f997eb7-6b59-43fe-9bb3-f29f42755580|rpc:10.1.0.23:40985|dataStream:|priority:1, 986bf7ce-700a-46a1-ab88-e0e38b862364|rpc:10.1.0.23:35665|dataStream:|priority:0], old=null
2022-08-03 01:59:16,749 [grpc-default-executor-3] INFO  server.RaftServer$Division (RaftServerImpl.java:requestVote(1152)) - 3f997eb7-6b59-43fe-9bb3-f29f42755580@group-C5B540C5AAAD: receive requestVote(ELECTION, c824bff0-102b-4ceb-889e-e8d339be5886, group-C5B540C5AAAD, 5, (t:0, i:0))
2022-08-03 01:59:16,749 [grpc-default-executor-3] INFO  impl.VoteContext (VoteContext.java:log(48)) - 3f997eb7-6b59-43fe-9bb3-f29f42755580@group-C5B540C5AAAD-CANDIDATE: reject ELECTION from c824bff0-102b-4ceb-889e-e8d339be5886: already has voted for 3f997eb7-6b59-43fe-9bb3-f29f42755580 at current term 5
2022-08-03 01:59:16,750 [grpc-default-executor-3] INFO  server.RaftServer$Division (RaftServerImpl.java:requestVote(1184)) - 3f997eb7-6b59-43fe-9bb3-f29f42755580@group-C5B540C5AAAD replies to ELECTION vote request: c824bff0-102b-4ceb-889e-e8d339be5886<-3f997eb7-6b59-43fe-9bb3-f29f42755580#0:FAIL-t5. Peer's state: 3f997eb7-6b59-43fe-9bb3-f29f42755580@group-C5B540C5AAAD:t5, leader=null, voted=3f997eb7-6b59-43fe-9bb3-f29f42755580, raftlog=3f997eb7-6b59-43fe-9bb3-f29f42755580@group-C5B540C5AAAD-SegmentedRaftLog:OPENED:c-1, conf=-1: [c824bff0-102b-4ceb-889e-e8d339be5886|rpc:10.1.0.23:39825|dataStream:|priority:0, 3f997eb7-6b59-43fe-9bb3-f29f42755580|rpc:10.1.0.23:40985|dataStream:|priority:1, 986bf7ce-700a-46a1-ab88-e0e38b862364|rpc:10.1.0.23:35665|dataStream:|priority:0], old=null
2022-08-03 01:59:16,770 [c824bff0-102b-4ceb-889e-e8d339be5886@group-C5B540C5AAAD-LeaderElection59] INFO  impl.LeaderElection (LeaderElection.java:logAndReturn(90)) - c824bff0-102b-4ceb-889e-e8d339be5886@group-C5B540C5AAAD-LeaderElection59: ELECTION REJECTED received 2 response(s) and 0 exception(s):
2022-08-03 01:59:16,770 [c824bff0-102b-4ceb-889e-e8d339be5886@group-C5B540C5AAAD-LeaderElection59] INFO  impl.LeaderElection (LeaderElection.java:logAndReturn(94)) -   Response 0: c824bff0-102b-4ceb-889e-e8d339be5886<-3f997eb7-6b59-43fe-9bb3-f29f42755580#0:FAIL-t5
2022-08-03 01:59:16,770 [c824bff0-102b-4ceb-889e-e8d339be5886@group-C5B540C5AAAD-LeaderElection59] INFO  impl.LeaderElection (LeaderElection.java:logAndReturn(94)) -   Response 1: c824bff0-102b-4ceb-889e-e8d339be5886<-986bf7ce-700a-46a1-ab88-e0e38b862364#0:OK-t5
2022-08-03 01:59:16,770 [c824bff0-102b-4ceb-889e-e8d339be5886@group-C5B540C5AAAD-LeaderElection59] INFO  impl.LeaderElection (LeaderElection.java:askForVotes(312)) - c824bff0-102b-4ceb-889e-e8d339be5886@group-C5B540C5AAAD-LeaderElection59 ELECTION round 0: result REJECTED
2022-08-03 01:59:16,770 [c824bff0-102b-4ceb-889e-e8d339be5886@group-C5B540C5AAAD-LeaderElection59] INFO  server.RaftServer$Division (RaftServerImpl.java:setRole(299)) - c824bff0-102b-4ceb-889e-e8d339be5886@group-C5B540C5AAAD: changes role from CANDIDATE to FOLLOWER at term 5 for REJECTED
2022-08-03 01:59:16,770 [c824bff0-102b-4ceb-889e-e8d339be5886@group-C5B540C5AAAD-LeaderElection59] INFO  impl.RoleInfo (RoleInfo.java:shutdownLeaderElection(130)) - c824bff0-102b-4ceb-889e-e8d339be5886: shutdown c824bff0-102b-4ceb-889e-e8d339be5886@group-C5B540C5AAAD-LeaderElection59
2022-08-03 01:59:16,770 [c824bff0-102b-4ceb-889e-e8d339be5886@group-C5B540C5AAAD-LeaderElection59] INFO  impl.RoleInfo (RoleInfo.java:updateAndGet(139)) - c824bff0-102b-4ceb-889e-e8d339be5886: start c824bff0-102b-4ceb-889e-e8d339be5886@group-C5B540C5AAAD-FollowerState
2022-08-03 01:59:16,797 [grpc-default-executor-3] INFO  server.RaftServer$Division (RaftServerImpl.java:requestVote(1152)) - c824bff0-102b-4ceb-889e-e8d339be5886@group-C5B540C5AAAD: receive requestVote(ELECTION, 3f997eb7-6b59-43fe-9bb3-f29f42755580, group-C5B540C5AAAD, 5, (t:0, i:0))
2022-08-03 01:59:16,797 [grpc-default-executor-3] INFO  impl.VoteContext (VoteContext.java:log(48)) - c824bff0-102b-4ceb-889e-e8d339be5886@group-C5B540C5AAAD-FOLLOWER: reject ELECTION from 3f997eb7-6b59-43fe-9bb3-f29f42755580: already has voted for c824bff0-102b-4ceb-889e-e8d339be5886 at current term 5
2022-08-03 01:59:16,798 [grpc-default-executor-3] INFO  server.RaftServer$Division (RaftServerImpl.java:requestVote(1184)) - c824bff0-102b-4ceb-889e-e8d339be5886@group-C5B540C5AAAD replies to ELECTION vote request: 3f997eb7-6b59-43fe-9bb3-f29f42755580<-c824bff0-102b-4ceb-889e-e8d339be5886#0:FAIL-t5. Peer's state: c824bff0-102b-4ceb-889e-e8d339be5886@group-C5B540C5AAAD:t5, leader=null, voted=c824bff0-102b-4ceb-889e-e8d339be5886, raftlog=c824bff0-102b-4ceb-889e-e8d339be5886@group-C5B540C5AAAD-SegmentedRaftLog:OPENED:c-1, conf=-1: [c824bff0-102b-4ceb-889e-e8d339be5886|rpc:10.1.0.23:39825|dataStream:|priority:0, 3f997eb7-6b59-43fe-9bb3-f29f42755580|rpc:10.1.0.23:40985|dataStream:|priority:1, 986bf7ce-700a-46a1-ab88-e0e38b862364|rpc:10.1.0.23:35665|dataStream:|priority:0], old=null
2022-08-03 01:59:16,820 [grpc-default-executor-3] INFO  server.RaftServer$Division (RaftServerImpl.java:requestVote(1152)) - 986bf7ce-700a-46a1-ab88-e0e38b862364@group-C5B540C5AAAD: receive requestVote(ELECTION, 3f997eb7-6b59-43fe-9bb3-f29f42755580, group-C5B540C5AAAD, 5, (t:0, i:0))
2022-08-03 01:59:16,820 [grpc-default-executor-3] INFO  impl.VoteContext (VoteContext.java:log(48)) - 986bf7ce-700a-46a1-ab88-e0e38b862364@group-C5B540C5AAAD-FOLLOWER: reject ELECTION from 3f997eb7-6b59-43fe-9bb3-f29f42755580: already has voted for c824bff0-102b-4ceb-889e-e8d339be5886 at current term 5
2022-08-03 01:59:16,820 [grpc-default-executor-3] INFO  server.RaftServer$Division (RaftServerImpl.java:requestVote(1184)) - 986bf7ce-700a-46a1-ab88-e0e38b862364@group-C5B540C5AAAD replies to ELECTION vote request: 3f997eb7-6b59-43fe-9bb3-f29f42755580<-986bf7ce-700a-46a1-ab88-e0e38b862364#0:FAIL-t5. Peer's state: 986bf7ce-700a-46a1-ab88-e0e38b862364@group-C5B540C5AAAD:t5, leader=null, voted=c824bff0-102b-4ceb-889e-e8d339be5886, raftlog=986bf7ce-700a-46a1-ab88-e0e38b862364@group-C5B540C5AAAD-SegmentedRaftLog:OPENED:c-1, conf=-1: [c824bff0-102b-4ceb-889e-e8d339be5886|rpc:10.1.0.23:39825|priority:0, 3f997eb7-6b59-43fe-9bb3-f29f42755580|rpc:10.1.0.23:40985|priority:1, 986bf7ce-700a-46a1-ab88-e0e38b862364|rpc:10.1.0.23:35665|priority:0], old=null
2022-08-03 01:59:16,821 [3f997eb7-6b59-43fe-9bb3-f29f42755580@group-C5B540C5AAAD-LeaderElection60] INFO  impl.LeaderElection (LeaderElection.java:logAndReturn(90)) - 3f997eb7-6b59-43fe-9bb3-f29f42755580@group-C5B540C5AAAD-LeaderElection60: ELECTION REJECTED received 2 response(s) and 0 exception(s):
2022-08-03 01:59:16,821 [3f997eb7-6b59-43fe-9bb3-f29f42755580@group-C5B540C5AAAD-LeaderElection60] INFO  impl.LeaderElection (LeaderElection.java:logAndReturn(94)) -   Response 0: 3f997eb7-6b59-43fe-9bb3-f29f42755580<-c824bff0-102b-4ceb-889e-e8d339be5886#0:FAIL-t5
2022-08-03 01:59:16,821 [3f997eb7-6b59-43fe-9bb3-f29f42755580@group-C5B540C5AAAD-LeaderElection60] INFO  impl.LeaderElection (LeaderElection.java:logAndReturn(94)) -   Response 1: 3f997eb7-6b59-43fe-9bb3-f29f42755580<-986bf7ce-700a-46a1-ab88-e0e38b862364#0:FAIL-t5
2022-08-03 01:59:16,821 [3f997eb7-6b59-43fe-9bb3-f29f42755580@group-C5B540C5AAAD-LeaderElection60] INFO  impl.LeaderElection (LeaderElection.java:askForVotes(312)) - 3f997eb7-6b59-43fe-9bb3-f29f42755580@group-C5B540C5AAAD-LeaderElection60 ELECTION round 0: result REJECTED
2022-08-03 01:59:16,821 [3f997eb7-6b59-43fe-9bb3-f29f42755580@group-C5B540C5AAAD-LeaderElection60] INFO  server.RaftServer$Division (RaftServerImpl.java:setRole(299)) - 3f997eb7-6b59-43fe-9bb3-f29f42755580@group-C5B540C5AAAD: changes role from CANDIDATE to FOLLOWER at term 5 for REJECTED
2022-08-03 01:59:16,821 [3f997eb7-6b59-43fe-9bb3-f29f42755580@group-C5B540C5AAAD-LeaderElection60] INFO  impl.RoleInfo (RoleInfo.java:shutdownLeaderElection(130)) - 3f997eb7-6b59-43fe-9bb3-f29f42755580: shutdown 3f997eb7-6b59-43fe-9bb3-f29f42755580@group-C5B540C5AAAD-LeaderElection60
2022-08-03 01:59:16,822 [3f997eb7-6b59-43fe-9bb3-f29f42755580@group-C5B540C5AAAD-LeaderElection60] INFO  impl.RoleInfo (RoleInfo.java:updateAndGet(139)) - 3f997eb7-6b59-43fe-9bb3-f29f42755580: start 3f997eb7-6b59-43fe-9bb3-f29f42755580@group-C5B540C5AAAD-FollowerState
2022-08-03 01:59:21,861 [c824bff0-102b-4ceb-889e-e8d339be5886@group-C5B540C5AAAD-FollowerState] INFO  impl.FollowerState (FollowerState.java:run(143)) - c824bff0-102b-4ceb-889e-e8d339be5886@group-C5B540C5AAAD-FollowerState: change to CANDIDATE, lastRpcElapsedTime:5090743268ns, electionTimeout:5080ms
2022-08-03 01:59:21,861 [c824bff0-102b-4ceb-889e-e8d339be5886@group-C5B540C5AAAD-FollowerState] INFO  impl.RoleInfo (RoleInfo.java:shutdownFollowerState(110)) - c824bff0-102b-4ceb-889e-e8d339be5886: shutdown c824bff0-102b-4ceb-889e-e8d339be5886@group-C5B540C5AAAD-FollowerState
2022-08-03 01:59:21,861 [c824bff0-102b-4ceb-889e-e8d339be5886@group-C5B540C5AAAD-FollowerState] INFO  server.RaftServer$Division (RaftServerImpl.java:setRole(299)) - c824bff0-102b-4ceb-889e-e8d339be5886@group-C5B540C5AAAD: changes role from  FOLLOWER to CANDIDATE at term 5 for changeToCandidate
2022-08-03 01:59:21,861 [c824bff0-102b-4ceb-889e-e8d339be5886@group-C5B540C5AAAD-FollowerState] INFO  server.RaftServerConfigKeys (ConfUtils.java:logGet(46)) - raft.server.leaderelection.pre-vote = false (custom)
2022-08-03 01:59:21,861 [c824bff0-102b-4ceb-889e-e8d339be5886@group-C5B540C5AAAD-FollowerState] INFO  impl.RoleInfo (RoleInfo.java:updateAndGet(139)) - c824bff0-102b-4ceb-889e-e8d339be5886: start c824bff0-102b-4ceb-889e-e8d339be5886@group-C5B540C5AAAD-LeaderElection61
2022-08-03 01:59:21,911 [c824bff0-102b-4ceb-889e-e8d339be5886@group-C5B540C5AAAD-LeaderElection61] INFO  impl.LeaderElection (LeaderElection.java:askForVotes(310)) - c824bff0-102b-4ceb-889e-e8d339be5886@group-C5B540C5AAAD-LeaderElection61 ELECTION round 0: submit vote requests at term 6 for -1: [c824bff0-102b-4ceb-889e-e8d339be5886|rpc:10.1.0.23:39825|dataStream:|priority:0, 3f997eb7-6b59-43fe-9bb3-f29f42755580|rpc:10.1.0.23:40985|dataStream:|priority:1, 986bf7ce-700a-46a1-ab88-e0e38b862364|rpc:10.1.0.23:35665|dataStream:|priority:0], old=null
2022-08-03 01:59:21,970 [grpc-default-executor-3] INFO  server.RaftServer$Division (RaftServerImpl.java:requestVote(1152)) - 3f997eb7-6b59-43fe-9bb3-f29f42755580@group-C5B540C5AAAD: receive requestVote(ELECTION, c824bff0-102b-4ceb-889e-e8d339be5886, group-C5B540C5AAAD, 6, (t:0, i:0))
2022-08-03 01:59:21,970 [grpc-default-executor-3] INFO  impl.VoteContext (VoteContext.java:log(48)) - 3f997eb7-6b59-43fe-9bb3-f29f42755580@group-C5B540C5AAAD-FOLLOWER: reject ELECTION from c824bff0-102b-4ceb-889e-e8d339be5886: our priority 1 > candidate's priority 0
2022-08-03 01:59:21,970 [grpc-default-executor-3] INFO  server.RaftServer$Division (RaftServerImpl.java:setRole(299)) - 3f997eb7-6b59-43fe-9bb3-f29f42755580@group-C5B540C5AAAD: changes role from  FOLLOWER to FOLLOWER at term 6 for candidate:c824bff0-102b-4ceb-889e-e8d339be5886
2022-08-03 01:59:21,970 [grpc-default-executor-3] INFO  impl.RoleInfo (RoleInfo.java:shutdownFollowerState(110)) - 3f997eb7-6b59-43fe-9bb3-f29f42755580: shutdown 3f997eb7-6b59-43fe-9bb3-f29f42755580@group-C5B540C5AAAD-FollowerState
2022-08-03 01:59:21,970 [grpc-default-executor-3] INFO  impl.RoleInfo (RoleInfo.java:updateAndGet(139)) - 3f997eb7-6b59-43fe-9bb3-f29f42755580: start 3f997eb7-6b59-43fe-9bb3-f29f42755580@group-C5B540C5AAAD-FollowerState
2022-08-03 01:59:21,980 [grpc-default-executor-3] INFO  server.RaftServer$Division (RaftServerImpl.java:requestVote(1184)) - 3f997eb7-6b59-43fe-9bb3-f29f42755580@group-C5B540C5AAAD replies to ELECTION vote request: c824bff0-102b-4ceb-889e-e8d339be5886<-3f997eb7-6b59-43fe-9bb3-f29f42755580#0:FAIL-t6. Peer's state: 3f997eb7-6b59-43fe-9bb3-f29f42755580@group-C5B540C5AAAD:t6, leader=null, voted=null, raftlog=3f997eb7-6b59-43fe-9bb3-f29f42755580@group-C5B540C5AAAD-SegmentedRaftLog:OPENED:c-1, conf=-1: [c824bff0-102b-4ceb-889e-e8d339be5886|rpc:10.1.0.23:39825|dataStream:|priority:0, 3f997eb7-6b59-43fe-9bb3-f29f42755580|rpc:10.1.0.23:40985|dataStream:|priority:1, 986bf7ce-700a-46a1-ab88-e0e38b862364|rpc:10.1.0.23:35665|dataStream:|priority:0], old=null
2022-08-03 01:59:21,989 [c824bff0-102b-4ceb-889e-e8d339be5886@group-C5B540C5AAAD-LeaderElection61] INFO  impl.LeaderElection (LeaderElection.java:logAndReturn(90)) - c824bff0-102b-4ceb-889e-e8d339be5886@group-C5B540C5AAAD-LeaderElection61: ELECTION REJECTED received 1 response(s) and 0 exception(s):
2022-08-03 01:59:21,989 [c824bff0-102b-4ceb-889e-e8d339be5886@group-C5B540C5AAAD-LeaderElection61] INFO  impl.LeaderElection (LeaderElection.java:logAndReturn(94)) -   Response 0: c824bff0-102b-4ceb-889e-e8d339be5886<-3f997eb7-6b59-43fe-9bb3-f29f42755580#0:FAIL-t6
2022-08-03 01:59:21,989 [c824bff0-102b-4ceb-889e-e8d339be5886@group-C5B540C5AAAD-LeaderElection61] INFO  impl.LeaderElection (LeaderElection.java:askForVotes(312)) - c824bff0-102b-4ceb-889e-e8d339be5886@group-C5B540C5AAAD-LeaderElection61 ELECTION round 0: result REJECTED
2022-08-03 01:59:21,989 [c824bff0-102b-4ceb-889e-e8d339be5886@group-C5B540C5AAAD-LeaderElection61] INFO  server.RaftServer$Division (RaftServerImpl.java:setRole(299)) - c824bff0-102b-4ceb-889e-e8d339be5886@group-C5B540C5AAAD: changes role from CANDIDATE to FOLLOWER at term 6 for REJECTED
2022-08-03 01:59:21,989 [c824bff0-102b-4ceb-889e-e8d339be5886@group-C5B540C5AAAD-LeaderElection61] INFO  impl.RoleInfo (RoleInfo.java:shutdownLeaderElection(130)) - c824bff0-102b-4ceb-889e-e8d339be5886: shutdown c824bff0-102b-4ceb-889e-e8d339be5886@group-C5B540C5AAAD-LeaderElection61
2022-08-03 01:59:21,990 [c824bff0-102b-4ceb-889e-e8d339be5886@group-C5B540C5AAAD-LeaderElection61] INFO  impl.RoleInfo (RoleInfo.java:updateAndGet(139)) - c824bff0-102b-4ceb-889e-e8d339be5886: start c824bff0-102b-4ceb-889e-e8d339be5886@group-C5B540C5AAAD-FollowerState
2022-08-03 01:59:22,009 [3f997eb7-6b59-43fe-9bb3-f29f42755580@group-C5B540C5AAAD-FollowerState] INFO  impl.FollowerState (FollowerState.java:run(152)) - 3f997eb7-6b59-43fe-9bb3-f29f42755580@group-C5B540C5AAAD-FollowerState was interrupted
2022-08-03 01:59:22,011 [grpc-default-executor-3] INFO  server.RaftServer$Division (RaftServerImpl.java:requestVote(1152)) - 986bf7ce-700a-46a1-ab88-e0e38b862364@group-C5B540C5AAAD: receive requestVote(ELECTION, c824bff0-102b-4ceb-889e-e8d339be5886, group-C5B540C5AAAD, 6, (t:0, i:0))
2022-08-03 01:59:22,011 [grpc-default-executor-3] INFO  impl.VoteContext (VoteContext.java:log(48)) - 986bf7ce-700a-46a1-ab88-e0e38b862364@group-C5B540C5AAAD-FOLLOWER: accept ELECTION from c824bff0-102b-4ceb-889e-e8d339be5886: our priority 0 <= candidate's priority 0
2022-08-03 01:59:22,011 [grpc-default-executor-3] INFO  server.RaftServer$Division (RaftServerImpl.java:setRole(299)) - 986bf7ce-700a-46a1-ab88-e0e38b862364@group-C5B540C5AAAD: changes role from  FOLLOWER to FOLLOWER at term 6 for candidate:c824bff0-102b-4ceb-889e-e8d339be5886
2022-08-03 01:59:22,011 [grpc-default-executor-3] INFO  impl.RoleInfo (RoleInfo.java:shutdownFollowerState(110)) - 986bf7ce-700a-46a1-ab88-e0e38b862364: shutdown 986bf7ce-700a-46a1-ab88-e0e38b862364@group-C5B540C5AAAD-FollowerState
2022-08-03 01:59:22,011 [986bf7ce-700a-46a1-ab88-e0e38b862364@group-C5B540C5AAAD-FollowerState] INFO  impl.FollowerState (FollowerState.java:run(152)) - 986bf7ce-700a-46a1-ab88-e0e38b862364@group-C5B540C5AAAD-FollowerState was interrupted
2022-08-03 01:59:22,011 [grpc-default-executor-3] INFO  impl.RoleInfo (RoleInfo.java:updateAndGet(139)) - 986bf7ce-700a-46a1-ab88-e0e38b862364: start 986bf7ce-700a-46a1-ab88-e0e38b862364@group-C5B540C5AAAD-FollowerState
2022-08-03 01:59:22,017 [grpc-default-executor-3] INFO  server.RaftServer$Division (RaftServerImpl.java:requestVote(1184)) - 986bf7ce-700a-46a1-ab88-e0e38b862364@group-C5B540C5AAAD replies to ELECTION vote request: c824bff0-102b-4ceb-889e-e8d339be5886<-986bf7ce-700a-46a1-ab88-e0e38b862364#0:OK-t6. Peer's state: 986bf7ce-700a-46a1-ab88-e0e38b862364@group-C5B540C5AAAD:t6, leader=null, voted=c824bff0-102b-4ceb-889e-e8d339be5886, raftlog=986bf7ce-700a-46a1-ab88-e0e38b862364@group-C5B540C5AAAD-SegmentedRaftLog:OPENED:c-1, conf=-1: [c824bff0-102b-4ceb-889e-e8d339be5886|rpc:10.1.0.23:39825|priority:0, 3f997eb7-6b59-43fe-9bb3-f29f42755580|rpc:10.1.0.23:40985|priority:1, 986bf7ce-700a-46a1-ab88-e0e38b862364|rpc:10.1.0.23:35665|priority:0], old=null
]]></system-out>
  </testcase>
  <testcase name="testCreateKeyShouldUseRefreshedBucketReplicationConfig" classname="TestOzoneFileSystem" time="0.362">
    <system-out><![CDATA[2022-08-03 01:55:30,630 [Time-limited test] INFO  rpc.RpcClient (RpcClient.java:createVolume(468)) - Creating Volume: volume88353, with user37277 as owner and space quota set to -1 bytes, counts quota set to -1
2022-08-03 01:55:30,633 [OM StateMachine ApplyTransaction Thread - 0] INFO  volume.OMVolumeCreateRequest (OMVolumeCreateRequest.java:validateAndUpdateCache(195)) - created volume:volume88353 for user:user37277
2022-08-03 01:55:30,639 [Time-limited test] INFO  rpc.RpcClient (RpcClient.java:createBucket(671)) - Creating Bucket: volume88353/bucket80648, with bucket layout LEGACY, runner as owner, Versioning false, Storage Type set to DISK and Encryption set to false 
2022-08-03 01:55:30,641 [OM StateMachine ApplyTransaction Thread - 0] INFO  bucket.OMBucketCreateRequest (OMBucketCreateRequest.java:validateAndUpdateCache(260)) - created bucket: bucket80648 of layout LEGACY in volume: volume88353
2022-08-03 01:55:30,723 [IPC Server handler 16 on default port 43477] INFO  pipeline.PipelineStateManagerImpl (PipelineStateManagerImpl.java:addPipeline(103)) - Created pipeline Pipeline[ Id: a90be643-77ce-4f77-8141-41e4be28b546, Nodes: 7cc4dae5-b8b1-4887-8b99-c7b379db6b59{ip: 10.1.0.23, host: fv-az199-929.piossgaoozdutex3tpy4bgd4ka.dx.internal.cloudapp.net, ports: [REPLICATION=41545, RATIS=38993, RATIS_ADMIN=38993, RATIS_SERVER=38993, STANDALONE=35421], networkLocation: /default-rack, certSerialId: null, persistedOpState: null, persistedOpStateExpiryEpochSec: 0}3af0815a-b562-4e3c-89c3-e6a4aa9e64d7{ip: 10.1.0.23, host: fv-az199-929.piossgaoozdutex3tpy4bgd4ka.dx.internal.cloudapp.net, ports: [REPLICATION=38453, RATIS=38451, RATIS_ADMIN=38451, RATIS_SERVER=38451, STANDALONE=42629], networkLocation: /default-rack, certSerialId: null, persistedOpState: null, persistedOpStateExpiryEpochSec: 0}a32d3105-1fa5-4486-a401-c143653c6277{ip: 10.1.0.23, host: fv-az199-929.piossgaoozdutex3tpy4bgd4ka.dx.internal.cloudapp.net, ports: [REPLICATION=33683, RATIS=40593, RATIS_ADMIN=40593, RATIS_SERVER=40593, STANDALONE=40327], networkLocation: /default-rack, certSerialId: null, persistedOpState: null, persistedOpStateExpiryEpochSec: 0}d2433786-0171-4e17-9e3a-b12e44f36186{ip: 10.1.0.23, host: fv-az199-929.piossgaoozdutex3tpy4bgd4ka.dx.internal.cloudapp.net, ports: [REPLICATION=37543, RATIS=41907, RATIS_ADMIN=41907, RATIS_SERVER=41907, STANDALONE=38345], networkLocation: /default-rack, certSerialId: null, persistedOpState: null, persistedOpStateExpiryEpochSec: 0}e84011ff-6ca7-4c66-9967-ecab54098873{ip: 10.1.0.23, host: fv-az199-929.piossgaoozdutex3tpy4bgd4ka.dx.internal.cloudapp.net, ports: [REPLICATION=37241, RATIS=32799, RATIS_ADMIN=32799, RATIS_SERVER=32799, STANDALONE=42439], networkLocation: /default-rack, certSerialId: null, persistedOpState: null, persistedOpStateExpiryEpochSec: 0}, ReplicationConfig: EC/ECReplicationConfig{data=3, parity=2, ecChunkSize=1048576, codec=rs}, State:ALLOCATED, leaderId:, CreationTimestamp2022-08-03T01:55:30.723Z[Etc/UTC]].
2022-08-03 01:55:30,724 [IPC Server handler 16 on default port 43477] INFO  pipeline.PipelineManagerImpl (PipelineManagerImpl.java:openPipeline(367)) - Pipeline Pipeline[ Id: a90be643-77ce-4f77-8141-41e4be28b546, Nodes: 7cc4dae5-b8b1-4887-8b99-c7b379db6b59{ip: 10.1.0.23, host: fv-az199-929.piossgaoozdutex3tpy4bgd4ka.dx.internal.cloudapp.net, ports: [REPLICATION=41545, RATIS=38993, RATIS_ADMIN=38993, RATIS_SERVER=38993, STANDALONE=35421], networkLocation: /default-rack, certSerialId: null, persistedOpState: null, persistedOpStateExpiryEpochSec: 0}3af0815a-b562-4e3c-89c3-e6a4aa9e64d7{ip: 10.1.0.23, host: fv-az199-929.piossgaoozdutex3tpy4bgd4ka.dx.internal.cloudapp.net, ports: [REPLICATION=38453, RATIS=38451, RATIS_ADMIN=38451, RATIS_SERVER=38451, STANDALONE=42629], networkLocation: /default-rack, certSerialId: null, persistedOpState: null, persistedOpStateExpiryEpochSec: 0}a32d3105-1fa5-4486-a401-c143653c6277{ip: 10.1.0.23, host: fv-az199-929.piossgaoozdutex3tpy4bgd4ka.dx.internal.cloudapp.net, ports: [REPLICATION=33683, RATIS=40593, RATIS_ADMIN=40593, RATIS_SERVER=40593, STANDALONE=40327], networkLocation: /default-rack, certSerialId: null, persistedOpState: null, persistedOpStateExpiryEpochSec: 0}d2433786-0171-4e17-9e3a-b12e44f36186{ip: 10.1.0.23, host: fv-az199-929.piossgaoozdutex3tpy4bgd4ka.dx.internal.cloudapp.net, ports: [REPLICATION=37543, RATIS=41907, RATIS_ADMIN=41907, RATIS_SERVER=41907, STANDALONE=38345], networkLocation: /default-rack, certSerialId: null, persistedOpState: null, persistedOpStateExpiryEpochSec: 0}e84011ff-6ca7-4c66-9967-ecab54098873{ip: 10.1.0.23, host: fv-az199-929.piossgaoozdutex3tpy4bgd4ka.dx.internal.cloudapp.net, ports: [REPLICATION=37241, RATIS=32799, RATIS_ADMIN=32799, RATIS_SERVER=32799, STANDALONE=42439], networkLocation: /default-rack, certSerialId: null, persistedOpState: null, persistedOpStateExpiryEpochSec: 0}, ReplicationConfig: EC/ECReplicationConfig{data=3, parity=2, ecChunkSize=1048576, codec=rs}, State:ALLOCATED, leaderId:, CreationTimestamp2022-08-03T01:55:30.723Z[Etc/UTC]] moved to OPEN state
2022-08-03 01:55:30,782 [Time-limited test] WARN  erasurecode.ErasureCodeNative (ErasureCodeNative.java:<clinit>(55)) - ISA-L support is not available in your platform... using builtin-java codec where applicable
2022-08-03 01:55:30,901 [IPC Server handler 7 on default port 43477] INFO  pipeline.PipelineStateManagerImpl (PipelineStateManagerImpl.java:addPipeline(103)) - Created pipeline Pipeline[ Id: 9e9e3263-1446-4a3a-bd5d-d500d5b871b3, Nodes: a32d3105-1fa5-4486-a401-c143653c6277{ip: 10.1.0.23, host: fv-az199-929.piossgaoozdutex3tpy4bgd4ka.dx.internal.cloudapp.net, ports: [REPLICATION=33683, RATIS=40593, RATIS_ADMIN=40593, RATIS_SERVER=40593, STANDALONE=40327], networkLocation: /default-rack, certSerialId: null, persistedOpState: null, persistedOpStateExpiryEpochSec: 0}7cc4dae5-b8b1-4887-8b99-c7b379db6b59{ip: 10.1.0.23, host: fv-az199-929.piossgaoozdutex3tpy4bgd4ka.dx.internal.cloudapp.net, ports: [REPLICATION=41545, RATIS=38993, RATIS_ADMIN=38993, RATIS_SERVER=38993, STANDALONE=35421], networkLocation: /default-rack, certSerialId: null, persistedOpState: null, persistedOpStateExpiryEpochSec: 0}e84011ff-6ca7-4c66-9967-ecab54098873{ip: 10.1.0.23, host: fv-az199-929.piossgaoozdutex3tpy4bgd4ka.dx.internal.cloudapp.net, ports: [REPLICATION=37241, RATIS=32799, RATIS_ADMIN=32799, RATIS_SERVER=32799, STANDALONE=42439], networkLocation: /default-rack, certSerialId: null, persistedOpState: null, persistedOpStateExpiryEpochSec: 0}3af0815a-b562-4e3c-89c3-e6a4aa9e64d7{ip: 10.1.0.23, host: fv-az199-929.piossgaoozdutex3tpy4bgd4ka.dx.internal.cloudapp.net, ports: [REPLICATION=38453, RATIS=38451, RATIS_ADMIN=38451, RATIS_SERVER=38451, STANDALONE=42629], networkLocation: /default-rack, certSerialId: null, persistedOpState: null, persistedOpStateExpiryEpochSec: 0}d2433786-0171-4e17-9e3a-b12e44f36186{ip: 10.1.0.23, host: fv-az199-929.piossgaoozdutex3tpy4bgd4ka.dx.internal.cloudapp.net, ports: [REPLICATION=37543, RATIS=41907, RATIS_ADMIN=41907, RATIS_SERVER=41907, STANDALONE=38345], networkLocation: /default-rack, certSerialId: null, persistedOpState: null, persistedOpStateExpiryEpochSec: 0}, ReplicationConfig: EC/ECReplicationConfig{data=3, parity=2, ecChunkSize=1048576, codec=rs}, State:ALLOCATED, leaderId:, CreationTimestamp2022-08-03T01:55:30.901Z[Etc/UTC]].
2022-08-03 01:55:30,903 [IPC Server handler 7 on default port 43477] INFO  pipeline.PipelineManagerImpl (PipelineManagerImpl.java:openPipeline(367)) - Pipeline Pipeline[ Id: 9e9e3263-1446-4a3a-bd5d-d500d5b871b3, Nodes: a32d3105-1fa5-4486-a401-c143653c6277{ip: 10.1.0.23, host: fv-az199-929.piossgaoozdutex3tpy4bgd4ka.dx.internal.cloudapp.net, ports: [REPLICATION=33683, RATIS=40593, RATIS_ADMIN=40593, RATIS_SERVER=40593, STANDALONE=40327], networkLocation: /default-rack, certSerialId: null, persistedOpState: null, persistedOpStateExpiryEpochSec: 0}7cc4dae5-b8b1-4887-8b99-c7b379db6b59{ip: 10.1.0.23, host: fv-az199-929.piossgaoozdutex3tpy4bgd4ka.dx.internal.cloudapp.net, ports: [REPLICATION=41545, RATIS=38993, RATIS_ADMIN=38993, RATIS_SERVER=38993, STANDALONE=35421], networkLocation: /default-rack, certSerialId: null, persistedOpState: null, persistedOpStateExpiryEpochSec: 0}e84011ff-6ca7-4c66-9967-ecab54098873{ip: 10.1.0.23, host: fv-az199-929.piossgaoozdutex3tpy4bgd4ka.dx.internal.cloudapp.net, ports: [REPLICATION=37241, RATIS=32799, RATIS_ADMIN=32799, RATIS_SERVER=32799, STANDALONE=42439], networkLocation: /default-rack, certSerialId: null, persistedOpState: null, persistedOpStateExpiryEpochSec: 0}3af0815a-b562-4e3c-89c3-e6a4aa9e64d7{ip: 10.1.0.23, host: fv-az199-929.piossgaoozdutex3tpy4bgd4ka.dx.internal.cloudapp.net, ports: [REPLICATION=38453, RATIS=38451, RATIS_ADMIN=38451, RATIS_SERVER=38451, STANDALONE=42629], networkLocation: /default-rack, certSerialId: null, persistedOpState: null, persistedOpStateExpiryEpochSec: 0}d2433786-0171-4e17-9e3a-b12e44f36186{ip: 10.1.0.23, host: fv-az199-929.piossgaoozdutex3tpy4bgd4ka.dx.internal.cloudapp.net, ports: [REPLICATION=37543, RATIS=41907, RATIS_ADMIN=41907, RATIS_SERVER=41907, STANDALONE=38345], networkLocation: /default-rack, certSerialId: null, persistedOpState: null, persistedOpStateExpiryEpochSec: 0}, ReplicationConfig: EC/ECReplicationConfig{data=3, parity=2, ecChunkSize=1048576, codec=rs}, State:ALLOCATED, leaderId:, CreationTimestamp2022-08-03T01:55:30.901Z[Etc/UTC]] moved to OPEN state
]]></system-out>
  </testcase>
  <testcase name="testCreateKeyShouldUseRefreshedBucketReplicationConfig" classname="TestOzoneFileSystem" time="0.306">
    <system-out><![CDATA[2022-08-03 01:56:38,607 [Time-limited test] INFO  rpc.RpcClient (RpcClient.java:createVolume(468)) - Creating Volume: volume67047, with user37333 as owner and space quota set to -1 bytes, counts quota set to -1
2022-08-03 01:56:38,609 [IPC Server handler 7 on default port 44107] INFO  volume.OMVolumeCreateRequest (OMVolumeCreateRequest.java:validateAndUpdateCache(195)) - created volume:volume67047 for user:user37333
2022-08-03 01:56:38,614 [Time-limited test] INFO  rpc.RpcClient (RpcClient.java:createBucket(671)) - Creating Bucket: volume67047/bucket35236, with bucket layout LEGACY, runner as owner, Versioning false, Storage Type set to DISK and Encryption set to false 
2022-08-03 01:56:38,615 [IPC Server handler 8 on default port 44107] INFO  bucket.OMBucketCreateRequest (OMBucketCreateRequest.java:validateAndUpdateCache(260)) - created bucket: bucket35236 of layout LEGACY in volume: volume67047
2022-08-03 01:56:38,657 [IPC Server handler 6 on default port 35463] INFO  pipeline.PipelineStateManagerImpl (PipelineStateManagerImpl.java:addPipeline(103)) - Created pipeline Pipeline[ Id: 695f6317-1f43-4426-a701-c4e368c76386, Nodes: 73b28cf0-c51f-4d11-bb7e-73efbde6eb98{ip: 10.1.0.23, host: fv-az199-929.piossgaoozdutex3tpy4bgd4ka.dx.internal.cloudapp.net, ports: [REPLICATION=40329, RATIS=35273, RATIS_ADMIN=35273, RATIS_SERVER=35273, STANDALONE=46837], networkLocation: /default-rack, certSerialId: null, persistedOpState: null, persistedOpStateExpiryEpochSec: 0}29c98487-0277-4cc7-b365-3516e94d97ef{ip: 10.1.0.23, host: fv-az199-929.piossgaoozdutex3tpy4bgd4ka.dx.internal.cloudapp.net, ports: [REPLICATION=42537, RATIS=34985, RATIS_ADMIN=34985, RATIS_SERVER=34985, STANDALONE=33077], networkLocation: /default-rack, certSerialId: null, persistedOpState: null, persistedOpStateExpiryEpochSec: 0}26c6a879-3581-43c9-81a3-df00a00fc298{ip: 10.1.0.23, host: fv-az199-929.piossgaoozdutex3tpy4bgd4ka.dx.internal.cloudapp.net, ports: [REPLICATION=33909, RATIS=40673, RATIS_ADMIN=40673, RATIS_SERVER=40673, STANDALONE=42961], networkLocation: /default-rack, certSerialId: null, persistedOpState: null, persistedOpStateExpiryEpochSec: 0}65846ed8-c1ef-45a3-a578-716f347ad6ea{ip: 10.1.0.23, host: fv-az199-929.piossgaoozdutex3tpy4bgd4ka.dx.internal.cloudapp.net, ports: [REPLICATION=33619, RATIS=35919, RATIS_ADMIN=35919, RATIS_SERVER=35919, STANDALONE=42143], networkLocation: /default-rack, certSerialId: null, persistedOpState: null, persistedOpStateExpiryEpochSec: 0}1b479651-b8a4-46b4-ae52-063804f29c2f{ip: 10.1.0.23, host: fv-az199-929.piossgaoozdutex3tpy4bgd4ka.dx.internal.cloudapp.net, ports: [REPLICATION=39705, RATIS=38127, RATIS_ADMIN=38127, RATIS_SERVER=38127, STANDALONE=36679], networkLocation: /default-rack, certSerialId: null, persistedOpState: null, persistedOpStateExpiryEpochSec: 0}, ReplicationConfig: EC/ECReplicationConfig{data=3, parity=2, ecChunkSize=1048576, codec=rs}, State:ALLOCATED, leaderId:, CreationTimestamp2022-08-03T01:56:38.656Z[Etc/UTC]].
2022-08-03 01:56:38,658 [IPC Server handler 6 on default port 35463] INFO  pipeline.PipelineManagerImpl (PipelineManagerImpl.java:openPipeline(367)) - Pipeline Pipeline[ Id: 695f6317-1f43-4426-a701-c4e368c76386, Nodes: 73b28cf0-c51f-4d11-bb7e-73efbde6eb98{ip: 10.1.0.23, host: fv-az199-929.piossgaoozdutex3tpy4bgd4ka.dx.internal.cloudapp.net, ports: [REPLICATION=40329, RATIS=35273, RATIS_ADMIN=35273, RATIS_SERVER=35273, STANDALONE=46837], networkLocation: /default-rack, certSerialId: null, persistedOpState: null, persistedOpStateExpiryEpochSec: 0}29c98487-0277-4cc7-b365-3516e94d97ef{ip: 10.1.0.23, host: fv-az199-929.piossgaoozdutex3tpy4bgd4ka.dx.internal.cloudapp.net, ports: [REPLICATION=42537, RATIS=34985, RATIS_ADMIN=34985, RATIS_SERVER=34985, STANDALONE=33077], networkLocation: /default-rack, certSerialId: null, persistedOpState: null, persistedOpStateExpiryEpochSec: 0}26c6a879-3581-43c9-81a3-df00a00fc298{ip: 10.1.0.23, host: fv-az199-929.piossgaoozdutex3tpy4bgd4ka.dx.internal.cloudapp.net, ports: [REPLICATION=33909, RATIS=40673, RATIS_ADMIN=40673, RATIS_SERVER=40673, STANDALONE=42961], networkLocation: /default-rack, certSerialId: null, persistedOpState: null, persistedOpStateExpiryEpochSec: 0}65846ed8-c1ef-45a3-a578-716f347ad6ea{ip: 10.1.0.23, host: fv-az199-929.piossgaoozdutex3tpy4bgd4ka.dx.internal.cloudapp.net, ports: [REPLICATION=33619, RATIS=35919, RATIS_ADMIN=35919, RATIS_SERVER=35919, STANDALONE=42143], networkLocation: /default-rack, certSerialId: null, persistedOpState: null, persistedOpStateExpiryEpochSec: 0}1b479651-b8a4-46b4-ae52-063804f29c2f{ip: 10.1.0.23, host: fv-az199-929.piossgaoozdutex3tpy4bgd4ka.dx.internal.cloudapp.net, ports: [REPLICATION=39705, RATIS=38127, RATIS_ADMIN=38127, RATIS_SERVER=38127, STANDALONE=36679], networkLocation: /default-rack, certSerialId: null, persistedOpState: null, persistedOpStateExpiryEpochSec: 0}, ReplicationConfig: EC/ECReplicationConfig{data=3, parity=2, ecChunkSize=1048576, codec=rs}, State:ALLOCATED, leaderId:, CreationTimestamp2022-08-03T01:56:38.656Z[Etc/UTC]] moved to OPEN state
2022-08-03 01:56:38,727 [IPC Server handler 1 on default port 35463] INFO  pipeline.PipelineStateManagerImpl (PipelineStateManagerImpl.java:addPipeline(103)) - Created pipeline Pipeline[ Id: 1db74e2e-26b7-4171-b1b5-ed56f328c360, Nodes: 1b479651-b8a4-46b4-ae52-063804f29c2f{ip: 10.1.0.23, host: fv-az199-929.piossgaoozdutex3tpy4bgd4ka.dx.internal.cloudapp.net, ports: [REPLICATION=39705, RATIS=38127, RATIS_ADMIN=38127, RATIS_SERVER=38127, STANDALONE=36679], networkLocation: /default-rack, certSerialId: null, persistedOpState: null, persistedOpStateExpiryEpochSec: 0}73b28cf0-c51f-4d11-bb7e-73efbde6eb98{ip: 10.1.0.23, host: fv-az199-929.piossgaoozdutex3tpy4bgd4ka.dx.internal.cloudapp.net, ports: [REPLICATION=40329, RATIS=35273, RATIS_ADMIN=35273, RATIS_SERVER=35273, STANDALONE=46837], networkLocation: /default-rack, certSerialId: null, persistedOpState: null, persistedOpStateExpiryEpochSec: 0}29c98487-0277-4cc7-b365-3516e94d97ef{ip: 10.1.0.23, host: fv-az199-929.piossgaoozdutex3tpy4bgd4ka.dx.internal.cloudapp.net, ports: [REPLICATION=42537, RATIS=34985, RATIS_ADMIN=34985, RATIS_SERVER=34985, STANDALONE=33077], networkLocation: /default-rack, certSerialId: null, persistedOpState: null, persistedOpStateExpiryEpochSec: 0}65846ed8-c1ef-45a3-a578-716f347ad6ea{ip: 10.1.0.23, host: fv-az199-929.piossgaoozdutex3tpy4bgd4ka.dx.internal.cloudapp.net, ports: [REPLICATION=33619, RATIS=35919, RATIS_ADMIN=35919, RATIS_SERVER=35919, STANDALONE=42143], networkLocation: /default-rack, certSerialId: null, persistedOpState: null, persistedOpStateExpiryEpochSec: 0}26c6a879-3581-43c9-81a3-df00a00fc298{ip: 10.1.0.23, host: fv-az199-929.piossgaoozdutex3tpy4bgd4ka.dx.internal.cloudapp.net, ports: [REPLICATION=33909, RATIS=40673, RATIS_ADMIN=40673, RATIS_SERVER=40673, STANDALONE=42961], networkLocation: /default-rack, certSerialId: null, persistedOpState: null, persistedOpStateExpiryEpochSec: 0}, ReplicationConfig: EC/ECReplicationConfig{data=3, parity=2, ecChunkSize=1048576, codec=rs}, State:ALLOCATED, leaderId:, CreationTimestamp2022-08-03T01:56:38.727Z[Etc/UTC]].
2022-08-03 01:56:38,728 [IPC Server handler 1 on default port 35463] INFO  pipeline.PipelineManagerImpl (PipelineManagerImpl.java:openPipeline(367)) - Pipeline Pipeline[ Id: 1db74e2e-26b7-4171-b1b5-ed56f328c360, Nodes: 1b479651-b8a4-46b4-ae52-063804f29c2f{ip: 10.1.0.23, host: fv-az199-929.piossgaoozdutex3tpy4bgd4ka.dx.internal.cloudapp.net, ports: [REPLICATION=39705, RATIS=38127, RATIS_ADMIN=38127, RATIS_SERVER=38127, STANDALONE=36679], networkLocation: /default-rack, certSerialId: null, persistedOpState: null, persistedOpStateExpiryEpochSec: 0}73b28cf0-c51f-4d11-bb7e-73efbde6eb98{ip: 10.1.0.23, host: fv-az199-929.piossgaoozdutex3tpy4bgd4ka.dx.internal.cloudapp.net, ports: [REPLICATION=40329, RATIS=35273, RATIS_ADMIN=35273, RATIS_SERVER=35273, STANDALONE=46837], networkLocation: /default-rack, certSerialId: null, persistedOpState: null, persistedOpStateExpiryEpochSec: 0}29c98487-0277-4cc7-b365-3516e94d97ef{ip: 10.1.0.23, host: fv-az199-929.piossgaoozdutex3tpy4bgd4ka.dx.internal.cloudapp.net, ports: [REPLICATION=42537, RATIS=34985, RATIS_ADMIN=34985, RATIS_SERVER=34985, STANDALONE=33077], networkLocation: /default-rack, certSerialId: null, persistedOpState: null, persistedOpStateExpiryEpochSec: 0}65846ed8-c1ef-45a3-a578-716f347ad6ea{ip: 10.1.0.23, host: fv-az199-929.piossgaoozdutex3tpy4bgd4ka.dx.internal.cloudapp.net, ports: [REPLICATION=33619, RATIS=35919, RATIS_ADMIN=35919, RATIS_SERVER=35919, STANDALONE=42143], networkLocation: /default-rack, certSerialId: null, persistedOpState: null, persistedOpStateExpiryEpochSec: 0}26c6a879-3581-43c9-81a3-df00a00fc298{ip: 10.1.0.23, host: fv-az199-929.piossgaoozdutex3tpy4bgd4ka.dx.internal.cloudapp.net, ports: [REPLICATION=33909, RATIS=40673, RATIS_ADMIN=40673, RATIS_SERVER=40673, STANDALONE=42961], networkLocation: /default-rack, certSerialId: null, persistedOpState: null, persistedOpStateExpiryEpochSec: 0}, ReplicationConfig: EC/ECReplicationConfig{data=3, parity=2, ecChunkSize=1048576, codec=rs}, State:ALLOCATED, leaderId:, CreationTimestamp2022-08-03T01:56:38.727Z[Etc/UTC]] moved to OPEN state
]]></system-out>
  </testcase>
  <testcase name="testCreateKeyShouldUseRefreshedBucketReplicationConfig" classname="TestOzoneFileSystem" time="0.566">
    <system-out><![CDATA[2022-08-03 01:57:57,586 [Time-limited test] INFO  rpc.RpcClient (RpcClient.java:createVolume(468)) - Creating Volume: volume76106, with user17940 as owner and space quota set to -1 bytes, counts quota set to -1
2022-08-03 01:57:57,592 [OM StateMachine ApplyTransaction Thread - 0] INFO  volume.OMVolumeCreateRequest (OMVolumeCreateRequest.java:validateAndUpdateCache(195)) - created volume:volume76106 for user:user17940
2022-08-03 01:57:57,604 [Time-limited test] INFO  rpc.RpcClient (RpcClient.java:createBucket(671)) - Creating Bucket: volume76106/bucket68831, with bucket layout LEGACY, runner as owner, Versioning false, Storage Type set to DISK and Encryption set to false 
2022-08-03 01:57:57,610 [OM StateMachine ApplyTransaction Thread - 0] INFO  bucket.OMBucketCreateRequest (OMBucketCreateRequest.java:validateAndUpdateCache(260)) - created bucket: bucket68831 of layout LEGACY in volume: volume76106
2022-08-03 01:57:57,769 [IPC Server handler 13 on default port 35335] INFO  pipeline.PipelineStateManagerImpl (PipelineStateManagerImpl.java:addPipeline(103)) - Created pipeline Pipeline[ Id: 6aaf3bab-0ccf-4202-ac7d-a5e62dce1647, Nodes: a4799b55-2371-4bfe-9a20-b87f9c8dba04{ip: 10.1.0.23, host: fv-az199-929.piossgaoozdutex3tpy4bgd4ka.dx.internal.cloudapp.net, ports: [REPLICATION=35655, RATIS=40755, RATIS_ADMIN=40755, RATIS_SERVER=40755, STANDALONE=34451], networkLocation: /default-rack, certSerialId: null, persistedOpState: null, persistedOpStateExpiryEpochSec: 0}9c10ed74-a603-43ef-8f40-0b476b98a88a{ip: 10.1.0.23, host: fv-az199-929.piossgaoozdutex3tpy4bgd4ka.dx.internal.cloudapp.net, ports: [REPLICATION=45323, RATIS=39377, RATIS_ADMIN=39377, RATIS_SERVER=39377, STANDALONE=38039], networkLocation: /default-rack, certSerialId: null, persistedOpState: null, persistedOpStateExpiryEpochSec: 0}49c4bd74-e934-49fb-9588-8a6634b350da{ip: 10.1.0.23, host: fv-az199-929.piossgaoozdutex3tpy4bgd4ka.dx.internal.cloudapp.net, ports: [REPLICATION=39411, RATIS=44111, RATIS_ADMIN=44111, RATIS_SERVER=44111, STANDALONE=42317], networkLocation: /default-rack, certSerialId: null, persistedOpState: null, persistedOpStateExpiryEpochSec: 0}5b5f8b8b-8220-4f48-a75a-691d0ac2ee29{ip: 10.1.0.23, host: fv-az199-929.piossgaoozdutex3tpy4bgd4ka.dx.internal.cloudapp.net, ports: [REPLICATION=46813, RATIS=38439, RATIS_ADMIN=38439, RATIS_SERVER=38439, STANDALONE=33653], networkLocation: /default-rack, certSerialId: null, persistedOpState: null, persistedOpStateExpiryEpochSec: 0}22db1ff9-6c75-46ad-94f4-4b7daa3676c7{ip: 10.1.0.23, host: fv-az199-929.piossgaoozdutex3tpy4bgd4ka.dx.internal.cloudapp.net, ports: [REPLICATION=45361, RATIS=36977, RATIS_ADMIN=36977, RATIS_SERVER=36977, STANDALONE=45721], networkLocation: /default-rack, certSerialId: null, persistedOpState: null, persistedOpStateExpiryEpochSec: 0}, ReplicationConfig: EC/ECReplicationConfig{data=3, parity=2, ecChunkSize=1048576, codec=rs}, State:ALLOCATED, leaderId:, CreationTimestamp2022-08-03T01:57:57.769Z[Etc/UTC]].
2022-08-03 01:57:57,770 [IPC Server handler 13 on default port 35335] INFO  pipeline.PipelineManagerImpl (PipelineManagerImpl.java:openPipeline(367)) - Pipeline Pipeline[ Id: 6aaf3bab-0ccf-4202-ac7d-a5e62dce1647, Nodes: a4799b55-2371-4bfe-9a20-b87f9c8dba04{ip: 10.1.0.23, host: fv-az199-929.piossgaoozdutex3tpy4bgd4ka.dx.internal.cloudapp.net, ports: [REPLICATION=35655, RATIS=40755, RATIS_ADMIN=40755, RATIS_SERVER=40755, STANDALONE=34451], networkLocation: /default-rack, certSerialId: null, persistedOpState: null, persistedOpStateExpiryEpochSec: 0}9c10ed74-a603-43ef-8f40-0b476b98a88a{ip: 10.1.0.23, host: fv-az199-929.piossgaoozdutex3tpy4bgd4ka.dx.internal.cloudapp.net, ports: [REPLICATION=45323, RATIS=39377, RATIS_ADMIN=39377, RATIS_SERVER=39377, STANDALONE=38039], networkLocation: /default-rack, certSerialId: null, persistedOpState: null, persistedOpStateExpiryEpochSec: 0}49c4bd74-e934-49fb-9588-8a6634b350da{ip: 10.1.0.23, host: fv-az199-929.piossgaoozdutex3tpy4bgd4ka.dx.internal.cloudapp.net, ports: [REPLICATION=39411, RATIS=44111, RATIS_ADMIN=44111, RATIS_SERVER=44111, STANDALONE=42317], networkLocation: /default-rack, certSerialId: null, persistedOpState: null, persistedOpStateExpiryEpochSec: 0}5b5f8b8b-8220-4f48-a75a-691d0ac2ee29{ip: 10.1.0.23, host: fv-az199-929.piossgaoozdutex3tpy4bgd4ka.dx.internal.cloudapp.net, ports: [REPLICATION=46813, RATIS=38439, RATIS_ADMIN=38439, RATIS_SERVER=38439, STANDALONE=33653], networkLocation: /default-rack, certSerialId: null, persistedOpState: null, persistedOpStateExpiryEpochSec: 0}22db1ff9-6c75-46ad-94f4-4b7daa3676c7{ip: 10.1.0.23, host: fv-az199-929.piossgaoozdutex3tpy4bgd4ka.dx.internal.cloudapp.net, ports: [REPLICATION=45361, RATIS=36977, RATIS_ADMIN=36977, RATIS_SERVER=36977, STANDALONE=45721], networkLocation: /default-rack, certSerialId: null, persistedOpState: null, persistedOpStateExpiryEpochSec: 0}, ReplicationConfig: EC/ECReplicationConfig{data=3, parity=2, ecChunkSize=1048576, codec=rs}, State:ALLOCATED, leaderId:, CreationTimestamp2022-08-03T01:57:57.769Z[Etc/UTC]] moved to OPEN state
2022-08-03 01:57:57,869 [IPC Server handler 14 on default port 35335] INFO  pipeline.PipelineStateManagerImpl (PipelineStateManagerImpl.java:addPipeline(103)) - Created pipeline Pipeline[ Id: 579169e5-9bdf-4ef3-a940-347740dba938, Nodes: 22db1ff9-6c75-46ad-94f4-4b7daa3676c7{ip: 10.1.0.23, host: fv-az199-929.piossgaoozdutex3tpy4bgd4ka.dx.internal.cloudapp.net, ports: [REPLICATION=45361, RATIS=36977, RATIS_ADMIN=36977, RATIS_SERVER=36977, STANDALONE=45721], networkLocation: /default-rack, certSerialId: null, persistedOpState: null, persistedOpStateExpiryEpochSec: 0}9c10ed74-a603-43ef-8f40-0b476b98a88a{ip: 10.1.0.23, host: fv-az199-929.piossgaoozdutex3tpy4bgd4ka.dx.internal.cloudapp.net, ports: [REPLICATION=45323, RATIS=39377, RATIS_ADMIN=39377, RATIS_SERVER=39377, STANDALONE=38039], networkLocation: /default-rack, certSerialId: null, persistedOpState: null, persistedOpStateExpiryEpochSec: 0}a4799b55-2371-4bfe-9a20-b87f9c8dba04{ip: 10.1.0.23, host: fv-az199-929.piossgaoozdutex3tpy4bgd4ka.dx.internal.cloudapp.net, ports: [REPLICATION=35655, RATIS=40755, RATIS_ADMIN=40755, RATIS_SERVER=40755, STANDALONE=34451], networkLocation: /default-rack, certSerialId: null, persistedOpState: null, persistedOpStateExpiryEpochSec: 0}5b5f8b8b-8220-4f48-a75a-691d0ac2ee29{ip: 10.1.0.23, host: fv-az199-929.piossgaoozdutex3tpy4bgd4ka.dx.internal.cloudapp.net, ports: [REPLICATION=46813, RATIS=38439, RATIS_ADMIN=38439, RATIS_SERVER=38439, STANDALONE=33653], networkLocation: /default-rack, certSerialId: null, persistedOpState: null, persistedOpStateExpiryEpochSec: 0}49c4bd74-e934-49fb-9588-8a6634b350da{ip: 10.1.0.23, host: fv-az199-929.piossgaoozdutex3tpy4bgd4ka.dx.internal.cloudapp.net, ports: [REPLICATION=39411, RATIS=44111, RATIS_ADMIN=44111, RATIS_SERVER=44111, STANDALONE=42317], networkLocation: /default-rack, certSerialId: null, persistedOpState: null, persistedOpStateExpiryEpochSec: 0}, ReplicationConfig: EC/ECReplicationConfig{data=3, parity=2, ecChunkSize=1048576, codec=rs}, State:ALLOCATED, leaderId:, CreationTimestamp2022-08-03T01:57:57.869Z[Etc/UTC]].
2022-08-03 01:57:57,870 [IPC Server handler 14 on default port 35335] INFO  pipeline.PipelineManagerImpl (PipelineManagerImpl.java:openPipeline(367)) - Pipeline Pipeline[ Id: 579169e5-9bdf-4ef3-a940-347740dba938, Nodes: 22db1ff9-6c75-46ad-94f4-4b7daa3676c7{ip: 10.1.0.23, host: fv-az199-929.piossgaoozdutex3tpy4bgd4ka.dx.internal.cloudapp.net, ports: [REPLICATION=45361, RATIS=36977, RATIS_ADMIN=36977, RATIS_SERVER=36977, STANDALONE=45721], networkLocation: /default-rack, certSerialId: null, persistedOpState: null, persistedOpStateExpiryEpochSec: 0}9c10ed74-a603-43ef-8f40-0b476b98a88a{ip: 10.1.0.23, host: fv-az199-929.piossgaoozdutex3tpy4bgd4ka.dx.internal.cloudapp.net, ports: [REPLICATION=45323, RATIS=39377, RATIS_ADMIN=39377, RATIS_SERVER=39377, STANDALONE=38039], networkLocation: /default-rack, certSerialId: null, persistedOpState: null, persistedOpStateExpiryEpochSec: 0}a4799b55-2371-4bfe-9a20-b87f9c8dba04{ip: 10.1.0.23, host: fv-az199-929.piossgaoozdutex3tpy4bgd4ka.dx.internal.cloudapp.net, ports: [REPLICATION=35655, RATIS=40755, RATIS_ADMIN=40755, RATIS_SERVER=40755, STANDALONE=34451], networkLocation: /default-rack, certSerialId: null, persistedOpState: null, persistedOpStateExpiryEpochSec: 0}5b5f8b8b-8220-4f48-a75a-691d0ac2ee29{ip: 10.1.0.23, host: fv-az199-929.piossgaoozdutex3tpy4bgd4ka.dx.internal.cloudapp.net, ports: [REPLICATION=46813, RATIS=38439, RATIS_ADMIN=38439, RATIS_SERVER=38439, STANDALONE=33653], networkLocation: /default-rack, certSerialId: null, persistedOpState: null, persistedOpStateExpiryEpochSec: 0}49c4bd74-e934-49fb-9588-8a6634b350da{ip: 10.1.0.23, host: fv-az199-929.piossgaoozdutex3tpy4bgd4ka.dx.internal.cloudapp.net, ports: [REPLICATION=39411, RATIS=44111, RATIS_ADMIN=44111, RATIS_SERVER=44111, STANDALONE=42317], networkLocation: /default-rack, certSerialId: null, persistedOpState: null, persistedOpStateExpiryEpochSec: 0}, ReplicationConfig: EC/ECReplicationConfig{data=3, parity=2, ecChunkSize=1048576, codec=rs}, State:ALLOCATED, leaderId:, CreationTimestamp2022-08-03T01:57:57.869Z[Etc/UTC]] moved to OPEN state
]]></system-out>
  </testcase>
  <testcase name="testCreateKeyShouldUseRefreshedBucketReplicationConfig" classname="TestOzoneFileSystem" time="0.595">
    <system-out><![CDATA[2022-08-03 01:59:23,666 [Time-limited test] INFO  rpc.RpcClient (RpcClient.java:createVolume(468)) - Creating Volume: volume23667, with user47264 as owner and space quota set to -1 bytes, counts quota set to -1
2022-08-03 01:59:23,667 [IPC Server handler 19 on default port 36513] INFO  volume.OMVolumeCreateRequest (OMVolumeCreateRequest.java:validateAndUpdateCache(195)) - created volume:volume23667 for user:user47264
2022-08-03 01:59:23,681 [Time-limited test] INFO  rpc.RpcClient (RpcClient.java:createBucket(671)) - Creating Bucket: volume23667/bucket57875, with bucket layout LEGACY, runner as owner, Versioning false, Storage Type set to DISK and Encryption set to false 
2022-08-03 01:59:23,682 [IPC Server handler 4 on default port 36513] INFO  bucket.OMBucketCreateRequest (OMBucketCreateRequest.java:validateAndUpdateCache(260)) - created bucket: bucket57875 of layout LEGACY in volume: volume23667
2022-08-03 01:59:23,847 [IPC Server handler 1 on default port 41849] INFO  pipeline.PipelineStateManagerImpl (PipelineStateManagerImpl.java:addPipeline(103)) - Created pipeline Pipeline[ Id: b70e8f63-47fa-419a-8269-c033d72723ec, Nodes: 3f997eb7-6b59-43fe-9bb3-f29f42755580{ip: 10.1.0.23, host: fv-az199-929.piossgaoozdutex3tpy4bgd4ka.dx.internal.cloudapp.net, ports: [REPLICATION=41523, RATIS=40985, RATIS_ADMIN=40985, RATIS_SERVER=40985, STANDALONE=39251], networkLocation: /default-rack, certSerialId: null, persistedOpState: null, persistedOpStateExpiryEpochSec: 0}5f5834d9-a5b6-4571-92f7-2680994b4e15{ip: 10.1.0.23, host: fv-az199-929.piossgaoozdutex3tpy4bgd4ka.dx.internal.cloudapp.net, ports: [REPLICATION=38791, RATIS=42339, RATIS_ADMIN=42339, RATIS_SERVER=42339, STANDALONE=34021], networkLocation: /default-rack, certSerialId: null, persistedOpState: null, persistedOpStateExpiryEpochSec: 0}986bf7ce-700a-46a1-ab88-e0e38b862364{ip: 10.1.0.23, host: fv-az199-929.piossgaoozdutex3tpy4bgd4ka.dx.internal.cloudapp.net, ports: [REPLICATION=37957, RATIS=35665, RATIS_ADMIN=35665, RATIS_SERVER=35665, STANDALONE=45835], networkLocation: /default-rack, certSerialId: null, persistedOpState: null, persistedOpStateExpiryEpochSec: 0}c824bff0-102b-4ceb-889e-e8d339be5886{ip: 10.1.0.23, host: fv-az199-929.piossgaoozdutex3tpy4bgd4ka.dx.internal.cloudapp.net, ports: [REPLICATION=33117, RATIS=39825, RATIS_ADMIN=39825, RATIS_SERVER=39825, STANDALONE=38897], networkLocation: /default-rack, certSerialId: null, persistedOpState: null, persistedOpStateExpiryEpochSec: 0}1474d989-16d3-421f-9647-ab027991a2bc{ip: 10.1.0.23, host: fv-az199-929.piossgaoozdutex3tpy4bgd4ka.dx.internal.cloudapp.net, ports: [REPLICATION=39593, RATIS=32883, RATIS_ADMIN=32883, RATIS_SERVER=32883, STANDALONE=37559], networkLocation: /default-rack, certSerialId: null, persistedOpState: null, persistedOpStateExpiryEpochSec: 0}, ReplicationConfig: EC/ECReplicationConfig{data=3, parity=2, ecChunkSize=1048576, codec=rs}, State:ALLOCATED, leaderId:, CreationTimestamp2022-08-03T01:59:23.846Z[Etc/UTC]].
2022-08-03 01:59:23,847 [IPC Server handler 1 on default port 41849] INFO  pipeline.PipelineManagerImpl (PipelineManagerImpl.java:openPipeline(367)) - Pipeline Pipeline[ Id: b70e8f63-47fa-419a-8269-c033d72723ec, Nodes: 3f997eb7-6b59-43fe-9bb3-f29f42755580{ip: 10.1.0.23, host: fv-az199-929.piossgaoozdutex3tpy4bgd4ka.dx.internal.cloudapp.net, ports: [REPLICATION=41523, RATIS=40985, RATIS_ADMIN=40985, RATIS_SERVER=40985, STANDALONE=39251], networkLocation: /default-rack, certSerialId: null, persistedOpState: null, persistedOpStateExpiryEpochSec: 0}5f5834d9-a5b6-4571-92f7-2680994b4e15{ip: 10.1.0.23, host: fv-az199-929.piossgaoozdutex3tpy4bgd4ka.dx.internal.cloudapp.net, ports: [REPLICATION=38791, RATIS=42339, RATIS_ADMIN=42339, RATIS_SERVER=42339, STANDALONE=34021], networkLocation: /default-rack, certSerialId: null, persistedOpState: null, persistedOpStateExpiryEpochSec: 0}986bf7ce-700a-46a1-ab88-e0e38b862364{ip: 10.1.0.23, host: fv-az199-929.piossgaoozdutex3tpy4bgd4ka.dx.internal.cloudapp.net, ports: [REPLICATION=37957, RATIS=35665, RATIS_ADMIN=35665, RATIS_SERVER=35665, STANDALONE=45835], networkLocation: /default-rack, certSerialId: null, persistedOpState: null, persistedOpStateExpiryEpochSec: 0}c824bff0-102b-4ceb-889e-e8d339be5886{ip: 10.1.0.23, host: fv-az199-929.piossgaoozdutex3tpy4bgd4ka.dx.internal.cloudapp.net, ports: [REPLICATION=33117, RATIS=39825, RATIS_ADMIN=39825, RATIS_SERVER=39825, STANDALONE=38897], networkLocation: /default-rack, certSerialId: null, persistedOpState: null, persistedOpStateExpiryEpochSec: 0}1474d989-16d3-421f-9647-ab027991a2bc{ip: 10.1.0.23, host: fv-az199-929.piossgaoozdutex3tpy4bgd4ka.dx.internal.cloudapp.net, ports: [REPLICATION=39593, RATIS=32883, RATIS_ADMIN=32883, RATIS_SERVER=32883, STANDALONE=37559], networkLocation: /default-rack, certSerialId: null, persistedOpState: null, persistedOpStateExpiryEpochSec: 0}, ReplicationConfig: EC/ECReplicationConfig{data=3, parity=2, ecChunkSize=1048576, codec=rs}, State:ALLOCATED, leaderId:, CreationTimestamp2022-08-03T01:59:23.846Z[Etc/UTC]] moved to OPEN state
2022-08-03 01:59:23,980 [IPC Server handler 17 on default port 41849] INFO  pipeline.PipelineStateManagerImpl (PipelineStateManagerImpl.java:addPipeline(103)) - Created pipeline Pipeline[ Id: e945d4bc-dbda-47f4-993a-d5fee4ed86ab, Nodes: 1474d989-16d3-421f-9647-ab027991a2bc{ip: 10.1.0.23, host: fv-az199-929.piossgaoozdutex3tpy4bgd4ka.dx.internal.cloudapp.net, ports: [REPLICATION=39593, RATIS=32883, RATIS_ADMIN=32883, RATIS_SERVER=32883, STANDALONE=37559], networkLocation: /default-rack, certSerialId: null, persistedOpState: null, persistedOpStateExpiryEpochSec: 0}3f997eb7-6b59-43fe-9bb3-f29f42755580{ip: 10.1.0.23, host: fv-az199-929.piossgaoozdutex3tpy4bgd4ka.dx.internal.cloudapp.net, ports: [REPLICATION=41523, RATIS=40985, RATIS_ADMIN=40985, RATIS_SERVER=40985, STANDALONE=39251], networkLocation: /default-rack, certSerialId: null, persistedOpState: null, persistedOpStateExpiryEpochSec: 0}c824bff0-102b-4ceb-889e-e8d339be5886{ip: 10.1.0.23, host: fv-az199-929.piossgaoozdutex3tpy4bgd4ka.dx.internal.cloudapp.net, ports: [REPLICATION=33117, RATIS=39825, RATIS_ADMIN=39825, RATIS_SERVER=39825, STANDALONE=38897], networkLocation: /default-rack, certSerialId: null, persistedOpState: null, persistedOpStateExpiryEpochSec: 0}5f5834d9-a5b6-4571-92f7-2680994b4e15{ip: 10.1.0.23, host: fv-az199-929.piossgaoozdutex3tpy4bgd4ka.dx.internal.cloudapp.net, ports: [REPLICATION=38791, RATIS=42339, RATIS_ADMIN=42339, RATIS_SERVER=42339, STANDALONE=34021], networkLocation: /default-rack, certSerialId: null, persistedOpState: null, persistedOpStateExpiryEpochSec: 0}986bf7ce-700a-46a1-ab88-e0e38b862364{ip: 10.1.0.23, host: fv-az199-929.piossgaoozdutex3tpy4bgd4ka.dx.internal.cloudapp.net, ports: [REPLICATION=37957, RATIS=35665, RATIS_ADMIN=35665, RATIS_SERVER=35665, STANDALONE=45835], networkLocation: /default-rack, certSerialId: null, persistedOpState: null, persistedOpStateExpiryEpochSec: 0}, ReplicationConfig: EC/ECReplicationConfig{data=3, parity=2, ecChunkSize=1048576, codec=rs}, State:ALLOCATED, leaderId:, CreationTimestamp2022-08-03T01:59:23.980Z[Etc/UTC]].
2022-08-03 01:59:23,982 [IPC Server handler 17 on default port 41849] INFO  pipeline.PipelineManagerImpl (PipelineManagerImpl.java:openPipeline(367)) - Pipeline Pipeline[ Id: e945d4bc-dbda-47f4-993a-d5fee4ed86ab, Nodes: 1474d989-16d3-421f-9647-ab027991a2bc{ip: 10.1.0.23, host: fv-az199-929.piossgaoozdutex3tpy4bgd4ka.dx.internal.cloudapp.net, ports: [REPLICATION=39593, RATIS=32883, RATIS_ADMIN=32883, RATIS_SERVER=32883, STANDALONE=37559], networkLocation: /default-rack, certSerialId: null, persistedOpState: null, persistedOpStateExpiryEpochSec: 0}3f997eb7-6b59-43fe-9bb3-f29f42755580{ip: 10.1.0.23, host: fv-az199-929.piossgaoozdutex3tpy4bgd4ka.dx.internal.cloudapp.net, ports: [REPLICATION=41523, RATIS=40985, RATIS_ADMIN=40985, RATIS_SERVER=40985, STANDALONE=39251], networkLocation: /default-rack, certSerialId: null, persistedOpState: null, persistedOpStateExpiryEpochSec: 0}c824bff0-102b-4ceb-889e-e8d339be5886{ip: 10.1.0.23, host: fv-az199-929.piossgaoozdutex3tpy4bgd4ka.dx.internal.cloudapp.net, ports: [REPLICATION=33117, RATIS=39825, RATIS_ADMIN=39825, RATIS_SERVER=39825, STANDALONE=38897], networkLocation: /default-rack, certSerialId: null, persistedOpState: null, persistedOpStateExpiryEpochSec: 0}5f5834d9-a5b6-4571-92f7-2680994b4e15{ip: 10.1.0.23, host: fv-az199-929.piossgaoozdutex3tpy4bgd4ka.dx.internal.cloudapp.net, ports: [REPLICATION=38791, RATIS=42339, RATIS_ADMIN=42339, RATIS_SERVER=42339, STANDALONE=34021], networkLocation: /default-rack, certSerialId: null, persistedOpState: null, persistedOpStateExpiryEpochSec: 0}986bf7ce-700a-46a1-ab88-e0e38b862364{ip: 10.1.0.23, host: fv-az199-929.piossgaoozdutex3tpy4bgd4ka.dx.internal.cloudapp.net, ports: [REPLICATION=37957, RATIS=35665, RATIS_ADMIN=35665, RATIS_SERVER=35665, STANDALONE=45835], networkLocation: /default-rack, certSerialId: null, persistedOpState: null, persistedOpStateExpiryEpochSec: 0}, ReplicationConfig: EC/ECReplicationConfig{data=3, parity=2, ecChunkSize=1048576, codec=rs}, State:ALLOCATED, leaderId:, CreationTimestamp2022-08-03T01:59:23.980Z[Etc/UTC]] moved to OPEN state
]]></system-out>
  </testcase>
  <testcase name="testRenameDirToFile" classname="TestOzoneFileSystem" time="0.037">
    <system-out><![CDATA[2022-08-03 01:55:30,968 [Time-limited test] WARN  ozone.BasicOzoneFileSystem (BasicOzoneFileSystem.java:rename(396)) - Failed to rename o3fs://bucket29054.volume18062/a/b/c to o3fs://bucket29054.volume18062/root/file1, file already exists!
]]></system-out>
  </testcase>
  <testcase name="testRenameDirToFile" classname="TestOzoneFileSystem" time="0.032">
    <system-out><![CDATA[2022-08-03 01:56:38,836 [Time-limited test] WARN  ozone.BasicOzoneFileSystem (BasicOzoneFileSystem.java:rename(396)) - Failed to rename o3fs://bucket34393.volume07240/a/b/c to o3fs://bucket34393.volume07240/root/file1, file already exists!
]]></system-out>
  </testcase>
  <testcase name="testRenameDirToFile" classname="TestOzoneFileSystem" time="0.059">
    <system-out><![CDATA[2022-08-03 01:57:58,020 [Time-limited test] WARN  ozone.BasicOzoneFileSystem (BasicOzoneFileSystem.java:rename(396)) - Failed to rename o3fs://bucket54574.volume58070/a/b/c to o3fs://bucket54574.volume58070/root/file1, file already exists!
]]></system-out>
  </testcase>
  <testcase name="testRenameDirToFile" classname="TestOzoneFileSystem" time="0.057">
    <system-out><![CDATA[2022-08-03 01:59:24,095 [Time-limited test] WARN  ozone.BasicOzoneFileSystem (BasicOzoneFileSystem.java:rename(396)) - Failed to rename o3fs://bucket57581.volume26320/a/b/c to o3fs://bucket57581.volume26320/root/file1, file already exists!
]]></system-out>
  </testcase>
  <testcase name="testRenameToNewSubDirShouldNotExist" classname="TestOzoneFileSystem" time="0.05">
    <system-out><![CDATA[2022-08-03 01:55:31,005 [Time-limited test] WARN  ozone.BasicOzoneFileSystem (BasicOzoneFileSystem.java:rename(390)) - Failed to rename o3fs://bucket29054.volume18062/a to o3fs://bucket29054.volume18062/b/a, file already exists or not empty!
2022-08-03 01:55:31,022 [Time-limited test] WARN  ozone.BasicOzoneFileSystem (BasicOzoneFileSystem.java:rename(390)) - Failed to rename o3fs://bucket29054.volume18062/file1 to o3fs://bucket29054.volume18062/a/file1, file already exists or not empty!
]]></system-out>
  </testcase>
  <testcase name="testRenameToNewSubDirShouldNotExist" classname="TestOzoneFileSystem" time="0.07">
    <system-out><![CDATA[2022-08-03 01:56:38,869 [Time-limited test] WARN  ozone.BasicOzoneFileSystem (BasicOzoneFileSystem.java:rename(390)) - Failed to rename o3fs://bucket34393.volume07240/a to o3fs://bucket34393.volume07240/b/a, file already exists or not empty!
2022-08-03 01:56:38,903 [Time-limited test] WARN  ozone.BasicOzoneFileSystem (BasicOzoneFileSystem.java:rename(390)) - Failed to rename o3fs://bucket34393.volume07240/file1 to o3fs://bucket34393.volume07240/a/file1, file already exists or not empty!
]]></system-out>
  </testcase>
  <testcase name="testRenameToNewSubDirShouldNotExist" classname="TestOzoneFileSystem" time="0.075">
    <system-out><![CDATA[2022-08-03 01:57:58,068 [Time-limited test] WARN  ozone.BasicOzoneFileSystem (BasicOzoneFileSystem.java:rename(390)) - Failed to rename o3fs://bucket54574.volume58070/a to o3fs://bucket54574.volume58070/b/a, file already exists or not empty!
2022-08-03 01:57:58,088 [Time-limited test] WARN  ozone.BasicOzoneFileSystem (BasicOzoneFileSystem.java:rename(390)) - Failed to rename o3fs://bucket54574.volume58070/file1 to o3fs://bucket54574.volume58070/a/file1, file already exists or not empty!
]]></system-out>
  </testcase>
  <testcase name="testRenameToNewSubDirShouldNotExist" classname="TestOzoneFileSystem" time="0.062">
    <system-out><![CDATA[2022-08-03 01:59:24,144 [Time-limited test] WARN  ozone.BasicOzoneFileSystem (BasicOzoneFileSystem.java:rename(390)) - Failed to rename o3fs://bucket57581.volume26320/a to o3fs://bucket57581.volume26320/b/a, file already exists or not empty!
2022-08-03 01:59:24,151 [Time-limited test] WARN  ozone.BasicOzoneFileSystem (BasicOzoneFileSystem.java:rename(390)) - Failed to rename o3fs://bucket57581.volume26320/file1 to o3fs://bucket57581.volume26320/a/file1, file already exists or not empty!
]]></system-out>
  </testcase>
  <testcase name="testListStatusOnLargeDirectoryForACLCheck" classname="TestOzoneFileSystem" time="3.554"/>
  <testcase name="testListStatusOnLargeDirectoryForACLCheck" classname="TestOzoneFileSystem" time="3.218"/>
  <testcase name="testListStatusOnLargeDirectoryForACLCheck" classname="TestOzoneFileSystem" time="8.912">
    <system-out><![CDATA[2022-08-03 01:58:05,948 [UnderReplicatedQueueThreadThread] INFO  replication.UnderReplicatedProcessor (UnderReplicatedProcessor.java:processAll(85)) - Processed 0 under replicated containers, failed processing 0
2022-08-03 01:58:05,971 [OverReplicatedQueueThreadThread] INFO  replication.OverReplicatedProcessor (OverReplicatedProcessor.java:processAll(83)) - Processed 0 over replicated containers, failed processing 0
]]></system-out>
  </testcase>
  <testcase name="testListStatusOnLargeDirectoryForACLCheck" classname="TestOzoneFileSystem" time="3.874">
    <system-out><![CDATA[2022-08-03 01:59:25,735 [UnderReplicatedQueueThreadThread] INFO  replication.UnderReplicatedProcessor (UnderReplicatedProcessor.java:processAll(85)) - Processed 0 under replicated containers, failed processing 0
2022-08-03 01:59:25,736 [OverReplicatedQueueThreadThread] INFO  replication.OverReplicatedProcessor (OverReplicatedProcessor.java:processAll(83)) - Processed 0 over replicated containers, failed processing 0
2022-08-03 01:59:27,016 [3f997eb7-6b59-43fe-9bb3-f29f42755580@group-C5B540C5AAAD-FollowerState] INFO  impl.FollowerState (FollowerState.java:run(143)) - 3f997eb7-6b59-43fe-9bb3-f29f42755580@group-C5B540C5AAAD-FollowerState: change to CANDIDATE, lastRpcElapsedTime:5045486848ns, electionTimeout:5014ms
2022-08-03 01:59:27,016 [3f997eb7-6b59-43fe-9bb3-f29f42755580@group-C5B540C5AAAD-FollowerState] INFO  impl.RoleInfo (RoleInfo.java:shutdownFollowerState(110)) - 3f997eb7-6b59-43fe-9bb3-f29f42755580: shutdown 3f997eb7-6b59-43fe-9bb3-f29f42755580@group-C5B540C5AAAD-FollowerState
2022-08-03 01:59:27,016 [3f997eb7-6b59-43fe-9bb3-f29f42755580@group-C5B540C5AAAD-FollowerState] INFO  server.RaftServer$Division (RaftServerImpl.java:setRole(299)) - 3f997eb7-6b59-43fe-9bb3-f29f42755580@group-C5B540C5AAAD: changes role from  FOLLOWER to CANDIDATE at term 6 for changeToCandidate
2022-08-03 01:59:27,016 [3f997eb7-6b59-43fe-9bb3-f29f42755580@group-C5B540C5AAAD-FollowerState] INFO  server.RaftServerConfigKeys (ConfUtils.java:logGet(46)) - raft.server.leaderelection.pre-vote = false (custom)
2022-08-03 01:59:27,016 [3f997eb7-6b59-43fe-9bb3-f29f42755580@group-C5B540C5AAAD-FollowerState] INFO  impl.RoleInfo (RoleInfo.java:updateAndGet(139)) - 3f997eb7-6b59-43fe-9bb3-f29f42755580: start 3f997eb7-6b59-43fe-9bb3-f29f42755580@group-C5B540C5AAAD-LeaderElection62
2022-08-03 01:59:27,026 [3f997eb7-6b59-43fe-9bb3-f29f42755580@group-C5B540C5AAAD-LeaderElection62] INFO  impl.LeaderElection (LeaderElection.java:askForVotes(310)) - 3f997eb7-6b59-43fe-9bb3-f29f42755580@group-C5B540C5AAAD-LeaderElection62 ELECTION round 0: submit vote requests at term 7 for -1: [c824bff0-102b-4ceb-889e-e8d339be5886|rpc:10.1.0.23:39825|dataStream:|priority:0, 3f997eb7-6b59-43fe-9bb3-f29f42755580|rpc:10.1.0.23:40985|dataStream:|priority:1, 986bf7ce-700a-46a1-ab88-e0e38b862364|rpc:10.1.0.23:35665|dataStream:|priority:0], old=null
2022-08-03 01:59:27,046 [grpc-default-executor-3] INFO  server.RaftServer$Division (RaftServerImpl.java:requestVote(1152)) - c824bff0-102b-4ceb-889e-e8d339be5886@group-C5B540C5AAAD: receive requestVote(ELECTION, 3f997eb7-6b59-43fe-9bb3-f29f42755580, group-C5B540C5AAAD, 7, (t:0, i:0))
2022-08-03 01:59:27,046 [grpc-default-executor-3] INFO  impl.VoteContext (VoteContext.java:log(48)) - c824bff0-102b-4ceb-889e-e8d339be5886@group-C5B540C5AAAD-FOLLOWER: accept ELECTION from 3f997eb7-6b59-43fe-9bb3-f29f42755580: our priority 0 <= candidate's priority 1
2022-08-03 01:59:27,046 [grpc-default-executor-3] INFO  server.RaftServer$Division (RaftServerImpl.java:setRole(299)) - c824bff0-102b-4ceb-889e-e8d339be5886@group-C5B540C5AAAD: changes role from  FOLLOWER to FOLLOWER at term 7 for candidate:3f997eb7-6b59-43fe-9bb3-f29f42755580
2022-08-03 01:59:27,046 [grpc-default-executor-3] INFO  impl.RoleInfo (RoleInfo.java:shutdownFollowerState(110)) - c824bff0-102b-4ceb-889e-e8d339be5886: shutdown c824bff0-102b-4ceb-889e-e8d339be5886@group-C5B540C5AAAD-FollowerState
2022-08-03 01:59:27,046 [grpc-default-executor-3] INFO  impl.RoleInfo (RoleInfo.java:updateAndGet(139)) - c824bff0-102b-4ceb-889e-e8d339be5886: start c824bff0-102b-4ceb-889e-e8d339be5886@group-C5B540C5AAAD-FollowerState
2022-08-03 01:59:27,046 [grpc-default-executor-2] INFO  server.RaftServer$Division (RaftServerImpl.java:requestVote(1152)) - 986bf7ce-700a-46a1-ab88-e0e38b862364@group-C5B540C5AAAD: receive requestVote(ELECTION, 3f997eb7-6b59-43fe-9bb3-f29f42755580, group-C5B540C5AAAD, 7, (t:0, i:0))
2022-08-03 01:59:27,047 [grpc-default-executor-2] INFO  impl.VoteContext (VoteContext.java:log(48)) - 986bf7ce-700a-46a1-ab88-e0e38b862364@group-C5B540C5AAAD-FOLLOWER: accept ELECTION from 3f997eb7-6b59-43fe-9bb3-f29f42755580: our priority 0 <= candidate's priority 1
2022-08-03 01:59:27,047 [grpc-default-executor-2] INFO  server.RaftServer$Division (RaftServerImpl.java:setRole(299)) - 986bf7ce-700a-46a1-ab88-e0e38b862364@group-C5B540C5AAAD: changes role from  FOLLOWER to FOLLOWER at term 7 for candidate:3f997eb7-6b59-43fe-9bb3-f29f42755580
2022-08-03 01:59:27,047 [grpc-default-executor-2] INFO  impl.RoleInfo (RoleInfo.java:shutdownFollowerState(110)) - 986bf7ce-700a-46a1-ab88-e0e38b862364: shutdown 986bf7ce-700a-46a1-ab88-e0e38b862364@group-C5B540C5AAAD-FollowerState
2022-08-03 01:59:27,047 [c824bff0-102b-4ceb-889e-e8d339be5886@group-C5B540C5AAAD-FollowerState] INFO  impl.FollowerState (FollowerState.java:run(152)) - c824bff0-102b-4ceb-889e-e8d339be5886@group-C5B540C5AAAD-FollowerState was interrupted
2022-08-03 01:59:27,060 [grpc-default-executor-3] INFO  server.RaftServer$Division (RaftServerImpl.java:requestVote(1184)) - c824bff0-102b-4ceb-889e-e8d339be5886@group-C5B540C5AAAD replies to ELECTION vote request: 3f997eb7-6b59-43fe-9bb3-f29f42755580<-c824bff0-102b-4ceb-889e-e8d339be5886#0:OK-t7. Peer's state: c824bff0-102b-4ceb-889e-e8d339be5886@group-C5B540C5AAAD:t7, leader=null, voted=3f997eb7-6b59-43fe-9bb3-f29f42755580, raftlog=c824bff0-102b-4ceb-889e-e8d339be5886@group-C5B540C5AAAD-SegmentedRaftLog:OPENED:c-1, conf=-1: [c824bff0-102b-4ceb-889e-e8d339be5886|rpc:10.1.0.23:39825|dataStream:|priority:0, 3f997eb7-6b59-43fe-9bb3-f29f42755580|rpc:10.1.0.23:40985|dataStream:|priority:1, 986bf7ce-700a-46a1-ab88-e0e38b862364|rpc:10.1.0.23:35665|dataStream:|priority:0], old=null
2022-08-03 01:59:27,064 [3f997eb7-6b59-43fe-9bb3-f29f42755580@group-C5B540C5AAAD-LeaderElection62] INFO  impl.LeaderElection (LeaderElection.java:logAndReturn(90)) - 3f997eb7-6b59-43fe-9bb3-f29f42755580@group-C5B540C5AAAD-LeaderElection62: ELECTION PASSED received 1 response(s) and 0 exception(s):
2022-08-03 01:59:27,064 [3f997eb7-6b59-43fe-9bb3-f29f42755580@group-C5B540C5AAAD-LeaderElection62] INFO  impl.LeaderElection (LeaderElection.java:logAndReturn(94)) -   Response 0: 3f997eb7-6b59-43fe-9bb3-f29f42755580<-c824bff0-102b-4ceb-889e-e8d339be5886#0:OK-t7
2022-08-03 01:59:27,064 [3f997eb7-6b59-43fe-9bb3-f29f42755580@group-C5B540C5AAAD-LeaderElection62] INFO  impl.LeaderElection (LeaderElection.java:askForVotes(312)) - 3f997eb7-6b59-43fe-9bb3-f29f42755580@group-C5B540C5AAAD-LeaderElection62 ELECTION round 0: result PASSED
2022-08-03 01:59:27,065 [3f997eb7-6b59-43fe-9bb3-f29f42755580@group-C5B540C5AAAD-LeaderElection62] INFO  impl.RoleInfo (RoleInfo.java:shutdownLeaderElection(130)) - 3f997eb7-6b59-43fe-9bb3-f29f42755580: shutdown 3f997eb7-6b59-43fe-9bb3-f29f42755580@group-C5B540C5AAAD-LeaderElection62
2022-08-03 01:59:27,065 [3f997eb7-6b59-43fe-9bb3-f29f42755580@group-C5B540C5AAAD-LeaderElection62] INFO  server.RaftServer$Division (RaftServerImpl.java:setRole(299)) - 3f997eb7-6b59-43fe-9bb3-f29f42755580@group-C5B540C5AAAD: changes role from CANDIDATE to LEADER at term 7 for changeToLeader
2022-08-03 01:59:27,065 [3f997eb7-6b59-43fe-9bb3-f29f42755580@group-C5B540C5AAAD-LeaderElection62] INFO  ratis.XceiverServerRatis (XceiverServerRatis.java:handleLeaderChangedNotification(863)) - Leader change notification received for group: group-C5B540C5AAAD with new leaderId: 3f997eb7-6b59-43fe-9bb3-f29f42755580
2022-08-03 01:59:27,065 [3f997eb7-6b59-43fe-9bb3-f29f42755580@group-C5B540C5AAAD-LeaderElection62] INFO  server.RaftServer$Division (ServerState.java:setLeader(287)) - 3f997eb7-6b59-43fe-9bb3-f29f42755580@group-C5B540C5AAAD: change Leader from null to 3f997eb7-6b59-43fe-9bb3-f29f42755580 at term 7 for becomeLeader, leader elected after 36527ms
2022-08-03 01:59:27,065 [3f997eb7-6b59-43fe-9bb3-f29f42755580@group-C5B540C5AAAD-LeaderElection62] INFO  server.RaftServerConfigKeys (ConfUtils.java:logGet(46)) - raft.server.staging.catchup.gap = 1000 (default)
2022-08-03 01:59:27,065 [3f997eb7-6b59-43fe-9bb3-f29f42755580@group-C5B540C5AAAD-LeaderElection62] INFO  server.RaftServerConfigKeys (ConfUtils.java:logGet(46)) - raft.server.write.element-limit = 1024 (custom)
2022-08-03 01:59:27,065 [3f997eb7-6b59-43fe-9bb3-f29f42755580@group-C5B540C5AAAD-LeaderElection62] INFO  server.RaftServerConfigKeys (ConfUtils.java:logGet(46)) - raft.server.write.byte-limit = 1024 M (=1073741824) (custom)
2022-08-03 01:59:27,066 [3f997eb7-6b59-43fe-9bb3-f29f42755580@group-C5B540C5AAAD-LeaderElection62] INFO  server.RaftServerConfigKeys (ConfUtils.java:logGet(46)) - raft.server.watch.timeout = 180s (custom)
2022-08-03 01:59:27,066 [3f997eb7-6b59-43fe-9bb3-f29f42755580@group-C5B540C5AAAD-LeaderElection62] INFO  server.RaftServerConfigKeys (ConfUtils.java:logGet(46)) - raft.server.watch.timeout.denomination = 1s (default)
2022-08-03 01:59:27,066 [3f997eb7-6b59-43fe-9bb3-f29f42755580@group-C5B540C5AAAD-LeaderElection62] INFO  server.RaftServerConfigKeys (ConfUtils.java:logGet(46)) - raft.server.watch.element-limit = 65536 (default)
2022-08-03 01:59:27,066 [3f997eb7-6b59-43fe-9bb3-f29f42755580@group-C5B540C5AAAD-LeaderElection62] INFO  server.RaftServerConfigKeys (ConfUtils.java:logGet(46)) - raft.server.write.element-limit = 1024 (custom)
2022-08-03 01:59:27,066 [3f997eb7-6b59-43fe-9bb3-f29f42755580@group-C5B540C5AAAD-LeaderElection62] INFO  server.RaftServerConfigKeys (ConfUtils.java:logGet(46)) - raft.server.write.follower.gap.ratio.max = -1.0 (default)
2022-08-03 01:59:27,067 [3f997eb7-6b59-43fe-9bb3-f29f42755580@group-C5B540C5AAAD-LeaderElection62] INFO  server.RaftServerConfigKeys (ConfUtils.java:logGet(46)) - raft.server.log.appender.snapshot.chunk.size.max = 16MB (=16777216) (default)
2022-08-03 01:59:27,067 [3f997eb7-6b59-43fe-9bb3-f29f42755580@group-C5B540C5AAAD-LeaderElection62] INFO  server.RaftServerConfigKeys (ConfUtils.java:logGet(46)) - raft.server.log.appender.buffer.byte-limit = 33554432 (custom)
2022-08-03 01:59:27,067 [3f997eb7-6b59-43fe-9bb3-f29f42755580@group-C5B540C5AAAD-LeaderElection62] INFO  server.RaftServerConfigKeys (ConfUtils.java:logGet(46)) - raft.server.log.appender.buffer.element-limit = 1 (custom)
2022-08-03 01:59:27,067 [3f997eb7-6b59-43fe-9bb3-f29f42755580@group-C5B540C5AAAD-LeaderElection62] INFO  grpc.GrpcConfigKeys (ConfUtils.java:logGet(46)) - raft.grpc.server.leader.outstanding.appends.max = 128 (default)
2022-08-03 01:59:27,067 [3f997eb7-6b59-43fe-9bb3-f29f42755580@group-C5B540C5AAAD-LeaderElection62] INFO  server.RaftServerConfigKeys (ConfUtils.java:logGet(46)) - raft.server.rpc.request.timeout = 60s (custom)
2022-08-03 01:59:27,067 [3f997eb7-6b59-43fe-9bb3-f29f42755580@group-C5B540C5AAAD-LeaderElection62] INFO  server.RaftServerConfigKeys (ConfUtils.java:logGet(46)) - raft.server.log.appender.install.snapshot.enabled = false (custom)
2022-08-03 01:59:27,068 [3f997eb7-6b59-43fe-9bb3-f29f42755580@group-C5B540C5AAAD-LeaderElection62] INFO  server.RaftServerConfigKeys (ConfUtils.java:logGet(46)) - raft.server.log.appender.snapshot.chunk.size.max = 16MB (=16777216) (default)
2022-08-03 01:59:27,068 [3f997eb7-6b59-43fe-9bb3-f29f42755580@group-C5B540C5AAAD-LeaderElection62] INFO  server.RaftServerConfigKeys (ConfUtils.java:logGet(46)) - raft.server.log.appender.buffer.byte-limit = 33554432 (custom)
2022-08-03 01:59:27,068 [3f997eb7-6b59-43fe-9bb3-f29f42755580@group-C5B540C5AAAD-LeaderElection62] INFO  server.RaftServerConfigKeys (ConfUtils.java:logGet(46)) - raft.server.log.appender.buffer.element-limit = 1 (custom)
2022-08-03 01:59:27,069 [3f997eb7-6b59-43fe-9bb3-f29f42755580@group-C5B540C5AAAD-LeaderElection62] INFO  grpc.GrpcConfigKeys (ConfUtils.java:logGet(46)) - raft.grpc.server.leader.outstanding.appends.max = 128 (default)
2022-08-03 01:59:27,069 [3f997eb7-6b59-43fe-9bb3-f29f42755580@group-C5B540C5AAAD-LeaderElection62] INFO  server.RaftServerConfigKeys (ConfUtils.java:logGet(46)) - raft.server.rpc.request.timeout = 60s (custom)
2022-08-03 01:59:27,069 [3f997eb7-6b59-43fe-9bb3-f29f42755580@group-C5B540C5AAAD-LeaderElection62] INFO  server.RaftServerConfigKeys (ConfUtils.java:logGet(46)) - raft.server.log.appender.install.snapshot.enabled = false (custom)
2022-08-03 01:59:27,069 [3f997eb7-6b59-43fe-9bb3-f29f42755580@group-C5B540C5AAAD-LeaderElection62] INFO  impl.RoleInfo (RoleInfo.java:updateAndGet(139)) - 3f997eb7-6b59-43fe-9bb3-f29f42755580: start 3f997eb7-6b59-43fe-9bb3-f29f42755580@group-C5B540C5AAAD-LeaderStateImpl
2022-08-03 01:59:27,070 [3f997eb7-6b59-43fe-9bb3-f29f42755580@group-C5B540C5AAAD-LeaderElection62] INFO  segmented.SegmentedRaftLogWorker (SegmentedRaftLogWorker.java:startLogSegment(425)) - 3f997eb7-6b59-43fe-9bb3-f29f42755580@group-C5B540C5AAAD-SegmentedRaftLogWorker: Starting segment from index:0
2022-08-03 01:59:27,074 [3f997eb7-6b59-43fe-9bb3-f29f42755580@group-C5B540C5AAAD-SegmentedRaftLogWorker] INFO  segmented.SegmentedRaftLogWorker (SegmentedRaftLogWorker.java:execute(629)) - 3f997eb7-6b59-43fe-9bb3-f29f42755580@group-C5B540C5AAAD-SegmentedRaftLogWorker: created new log segment /home/runner/work/ozone/ozone/hadoop-ozone/integration-test/target/test-dir/MiniOzoneClusterImpl-2737617e-ba4a-449e-a26e-d824b2394d0e/datanode-1/data/ratis/116df100-98bb-4407-8dc7-c5b540c5aaad/current/log_inprogress_0
2022-08-03 01:59:27,106 [986bf7ce-700a-46a1-ab88-e0e38b862364@group-C5B540C5AAAD-FollowerState] INFO  impl.FollowerState (FollowerState.java:shouldRun(117)) - 986bf7ce-700a-46a1-ab88-e0e38b862364@group-C5B540C5AAAD-FollowerState: Stopping now (isRunning? false, role = FOLLOWER)
2022-08-03 01:59:27,148 [3f997eb7-6b59-43fe-9bb3-f29f42755580@group-C5B540C5AAAD-LeaderElection62] INFO  server.RaftServer$Division (ServerState.java:setRaftConf(393)) - 3f997eb7-6b59-43fe-9bb3-f29f42755580@group-C5B540C5AAAD: set configuration 0: [c824bff0-102b-4ceb-889e-e8d339be5886|rpc:10.1.0.23:39825|dataStream:|priority:0, 3f997eb7-6b59-43fe-9bb3-f29f42755580|rpc:10.1.0.23:40985|dataStream:|priority:1, 986bf7ce-700a-46a1-ab88-e0e38b862364|rpc:10.1.0.23:35665|dataStream:|priority:0], old=null
2022-08-03 01:59:27,158 [grpc-default-executor-2] INFO  impl.RoleInfo (RoleInfo.java:updateAndGet(139)) - 986bf7ce-700a-46a1-ab88-e0e38b862364: start 986bf7ce-700a-46a1-ab88-e0e38b862364@group-C5B540C5AAAD-FollowerState
2022-08-03 01:59:27,168 [grpc-default-executor-2] INFO  server.RaftServer$Division (RaftServerImpl.java:requestVote(1184)) - 986bf7ce-700a-46a1-ab88-e0e38b862364@group-C5B540C5AAAD replies to ELECTION vote request: 3f997eb7-6b59-43fe-9bb3-f29f42755580<-986bf7ce-700a-46a1-ab88-e0e38b862364#0:OK-t7. Peer's state: 986bf7ce-700a-46a1-ab88-e0e38b862364@group-C5B540C5AAAD:t7, leader=null, voted=3f997eb7-6b59-43fe-9bb3-f29f42755580, raftlog=986bf7ce-700a-46a1-ab88-e0e38b862364@group-C5B540C5AAAD-SegmentedRaftLog:OPENED:c-1, conf=-1: [c824bff0-102b-4ceb-889e-e8d339be5886|rpc:10.1.0.23:39825|priority:0, 3f997eb7-6b59-43fe-9bb3-f29f42755580|rpc:10.1.0.23:40985|priority:1, 986bf7ce-700a-46a1-ab88-e0e38b862364|rpc:10.1.0.23:35665|priority:0], old=null
2022-08-03 01:59:27,200 [EventQueue-PipelineReportForPipelineReportHandler] INFO  pipeline.PipelineManagerImpl (PipelineManagerImpl.java:openPipeline(367)) - Pipeline Pipeline[ Id: 116df100-98bb-4407-8dc7-c5b540c5aaad, Nodes: 3f997eb7-6b59-43fe-9bb3-f29f42755580{ip: 10.1.0.23, host: fv-az199-929.piossgaoozdutex3tpy4bgd4ka.dx.internal.cloudapp.net, ports: [REPLICATION=41523, RATIS=40985, RATIS_ADMIN=40985, RATIS_SERVER=40985, STANDALONE=39251], networkLocation: /default-rack, certSerialId: null, persistedOpState: IN_SERVICE, persistedOpStateExpiryEpochSec: 0}986bf7ce-700a-46a1-ab88-e0e38b862364{ip: 10.1.0.23, host: fv-az199-929.piossgaoozdutex3tpy4bgd4ka.dx.internal.cloudapp.net, ports: [REPLICATION=37957, RATIS=35665, RATIS_ADMIN=35665, RATIS_SERVER=35665, STANDALONE=45835], networkLocation: /default-rack, certSerialId: null, persistedOpState: IN_SERVICE, persistedOpStateExpiryEpochSec: 0}c824bff0-102b-4ceb-889e-e8d339be5886{ip: 10.1.0.23, host: fv-az199-929.piossgaoozdutex3tpy4bgd4ka.dx.internal.cloudapp.net, ports: [REPLICATION=33117, RATIS=39825, RATIS_ADMIN=39825, RATIS_SERVER=39825, STANDALONE=38897], networkLocation: /default-rack, certSerialId: null, persistedOpState: IN_SERVICE, persistedOpStateExpiryEpochSec: 0}, ReplicationConfig: RATIS/THREE, State:ALLOCATED, leaderId:3f997eb7-6b59-43fe-9bb3-f29f42755580, CreationTimestamp2022-08-03T01:58:49.318Z[Etc/UTC]] moved to OPEN state
2022-08-03 01:59:27,229 [c824bff0-102b-4ceb-889e-e8d339be5886-server-thread1] INFO  ratis.XceiverServerRatis (XceiverServerRatis.java:handleLeaderChangedNotification(863)) - Leader change notification received for group: group-C5B540C5AAAD with new leaderId: 3f997eb7-6b59-43fe-9bb3-f29f42755580
2022-08-03 01:59:27,229 [c824bff0-102b-4ceb-889e-e8d339be5886-server-thread1] INFO  server.RaftServer$Division (ServerState.java:setLeader(287)) - c824bff0-102b-4ceb-889e-e8d339be5886@group-C5B540C5AAAD: change Leader from null to 3f997eb7-6b59-43fe-9bb3-f29f42755580 at term 7 for appendEntries, leader elected after 36481ms
2022-08-03 01:59:27,297 [c824bff0-102b-4ceb-889e-e8d339be5886-server-thread1] INFO  server.RaftServer$Division (ServerState.java:setRaftConf(393)) - c824bff0-102b-4ceb-889e-e8d339be5886@group-C5B540C5AAAD: set configuration 0: [c824bff0-102b-4ceb-889e-e8d339be5886|rpc:10.1.0.23:39825|dataStream:|priority:0, 3f997eb7-6b59-43fe-9bb3-f29f42755580|rpc:10.1.0.23:40985|dataStream:|priority:1, 986bf7ce-700a-46a1-ab88-e0e38b862364|rpc:10.1.0.23:35665|dataStream:|priority:0], old=null
2022-08-03 01:59:27,297 [c824bff0-102b-4ceb-889e-e8d339be5886-server-thread1] INFO  segmented.SegmentedRaftLogWorker (SegmentedRaftLogWorker.java:startLogSegment(425)) - c824bff0-102b-4ceb-889e-e8d339be5886@group-C5B540C5AAAD-SegmentedRaftLogWorker: Starting segment from index:0
2022-08-03 01:59:27,298 [986bf7ce-700a-46a1-ab88-e0e38b862364-server-thread1] INFO  ratis.XceiverServerRatis (XceiverServerRatis.java:handleLeaderChangedNotification(863)) - Leader change notification received for group: group-C5B540C5AAAD with new leaderId: 3f997eb7-6b59-43fe-9bb3-f29f42755580
2022-08-03 01:59:27,298 [986bf7ce-700a-46a1-ab88-e0e38b862364-server-thread1] INFO  server.RaftServer$Division (ServerState.java:setLeader(287)) - 986bf7ce-700a-46a1-ab88-e0e38b862364@group-C5B540C5AAAD: change Leader from null to 3f997eb7-6b59-43fe-9bb3-f29f42755580 at term 7 for appendEntries, leader elected after 36851ms
2022-08-03 01:59:27,302 [c824bff0-102b-4ceb-889e-e8d339be5886@group-C5B540C5AAAD-SegmentedRaftLogWorker] INFO  segmented.SegmentedRaftLogWorker (SegmentedRaftLogWorker.java:execute(629)) - c824bff0-102b-4ceb-889e-e8d339be5886@group-C5B540C5AAAD-SegmentedRaftLogWorker: created new log segment /home/runner/work/ozone/ozone/hadoop-ozone/integration-test/target/test-dir/MiniOzoneClusterImpl-2737617e-ba4a-449e-a26e-d824b2394d0e/datanode-2/data/ratis/116df100-98bb-4407-8dc7-c5b540c5aaad/current/log_inprogress_0
2022-08-03 01:59:27,333 [986bf7ce-700a-46a1-ab88-e0e38b862364-server-thread2] INFO  server.RaftServer$Division (ServerState.java:setRaftConf(393)) - 986bf7ce-700a-46a1-ab88-e0e38b862364@group-C5B540C5AAAD: set configuration 0: [c824bff0-102b-4ceb-889e-e8d339be5886|rpc:10.1.0.23:39825|dataStream:|priority:0, 3f997eb7-6b59-43fe-9bb3-f29f42755580|rpc:10.1.0.23:40985|dataStream:|priority:1, 986bf7ce-700a-46a1-ab88-e0e38b862364|rpc:10.1.0.23:35665|dataStream:|priority:0], old=null
2022-08-03 01:59:27,336 [986bf7ce-700a-46a1-ab88-e0e38b862364-server-thread2] INFO  segmented.SegmentedRaftLogWorker (SegmentedRaftLogWorker.java:startLogSegment(425)) - 986bf7ce-700a-46a1-ab88-e0e38b862364@group-C5B540C5AAAD-SegmentedRaftLogWorker: Starting segment from index:0
2022-08-03 01:59:27,354 [986bf7ce-700a-46a1-ab88-e0e38b862364@group-C5B540C5AAAD-SegmentedRaftLogWorker] INFO  segmented.SegmentedRaftLogWorker (SegmentedRaftLogWorker.java:execute(629)) - 986bf7ce-700a-46a1-ab88-e0e38b862364@group-C5B540C5AAAD-SegmentedRaftLogWorker: created new log segment /home/runner/work/ozone/ozone/hadoop-ozone/integration-test/target/test-dir/MiniOzoneClusterImpl-2737617e-ba4a-449e-a26e-d824b2394d0e/datanode-0/data/ratis/116df100-98bb-4407-8dc7-c5b540c5aaad/current/log_inprogress_0
]]></system-out>
  </testcase>
  <testcase name="testRenameFileToDir" classname="TestOzoneFileSystem" time="0.036">
    <system-out><![CDATA[01:55:34.608 [IPC Server handler 14 on default port 35175] ERROR OMAudit - user=runner | ip=127.0.0.1 | op=LIST_STATUS {volume=volume18062, bucket=bucket29054, key=a/b/c/file1, dataSize=0, replicationConfig=null} | ret=FAILURE
org.apache.hadoop.ozone.om.exceptions.OMException: Unable to get file status: volume: volume18062 bucket: bucket29054 key: a/b/c/file1
	at org.apache.hadoop.ozone.om.KeyManagerImpl.getOzoneFileStatus(KeyManagerImpl.java:1311) ~[ozone-manager-1.3.0-SNAPSHOT.jar:?]
	at org.apache.hadoop.ozone.om.KeyManagerImpl.getFileStatus(KeyManagerImpl.java:1241) ~[ozone-manager-1.3.0-SNAPSHOT.jar:?]
	at org.apache.hadoop.ozone.om.KeyManagerImpl.listStatus(KeyManagerImpl.java:1565) ~[ozone-manager-1.3.0-SNAPSHOT.jar:?]
	at org.apache.hadoop.ozone.om.OzoneManager.listStatus(OzoneManager.java:3545) ~[ozone-manager-1.3.0-SNAPSHOT.jar:?]
	at org.apache.hadoop.ozone.protocolPB.OzoneManagerRequestHandler.listStatus(OzoneManagerRequestHandler.java:1043) ~[ozone-manager-1.3.0-SNAPSHOT.jar:?]
	at org.apache.hadoop.ozone.protocolPB.OzoneManagerRequestHandler.handleReadRequest(OzoneManagerRequestHandler.java:235) ~[ozone-manager-1.3.0-SNAPSHOT.jar:?]
	at org.apache.hadoop.ozone.protocolPB.OzoneManagerProtocolServerSideTranslatorPB.submitReadRequestToOM(OzoneManagerProtocolServerSideTranslatorPB.java:226) ~[ozone-manager-1.3.0-SNAPSHOT.jar:?]
	at org.apache.hadoop.ozone.protocolPB.OzoneManagerProtocolServerSideTranslatorPB.processRequest(OzoneManagerProtocolServerSideTranslatorPB.java:175) ~[ozone-manager-1.3.0-SNAPSHOT.jar:?]
	at org.apache.hadoop.hdds.server.OzoneProtocolMessageDispatcher.processRequest(OzoneProtocolMessageDispatcher.java:87) [hdds-server-framework-1.3.0-SNAPSHOT.jar:?]
	at org.apache.hadoop.ozone.protocolPB.OzoneManagerProtocolServerSideTranslatorPB.submitRequest(OzoneManagerProtocolServerSideTranslatorPB.java:147) [ozone-manager-1.3.0-SNAPSHOT.jar:?]
	at org.apache.hadoop.ozone.protocol.proto.OzoneManagerProtocolProtos$OzoneManagerService$2.callBlockingMethod(OzoneManagerProtocolProtos.java) [ozone-interface-client-1.3.0-SNAPSHOT.jar:?]
	at org.apache.hadoop.ipc.ProtobufRpcEngine$Server.processCall(ProtobufRpcEngine.java:466) [hadoop-common-3.3.1.jar:?]
	at org.apache.hadoop.ipc.ProtobufRpcEngine2$Server$ProtoBufRpcInvoker.call(ProtobufRpcEngine2.java:574) [hadoop-common-3.3.1.jar:?]
	at org.apache.hadoop.ipc.ProtobufRpcEngine2$Server$ProtoBufRpcInvoker.call(ProtobufRpcEngine2.java:552) [hadoop-common-3.3.1.jar:?]
	at org.apache.hadoop.ipc.RPC$Server.call(RPC.java:1093) [hadoop-common-3.3.1.jar:?]
	at org.apache.hadoop.ipc.Server$RpcCall.run(Server.java:1035) [hadoop-common-3.3.1.jar:?]
	at org.apache.hadoop.ipc.Server$RpcCall.run(Server.java:963) [hadoop-common-3.3.1.jar:?]
	at java.security.AccessController.doPrivileged(Native Method) ~[?:1.8.0_332]
	at javax.security.auth.Subject.doAs(Subject.java:422) [?:1.8.0_332]
	at org.apache.hadoop.security.UserGroupInformation.doAs(UserGroupInformation.java:1878) [hadoop-common-3.3.1.jar:?]
	at org.apache.hadoop.ipc.Server$Handler.run(Server.java:2966) [hadoop-common-3.3.1.jar:?]
]]></system-out>
  </testcase>
  <testcase name="testRenameFileToDir" classname="TestOzoneFileSystem" time="0.03">
    <system-out><![CDATA[01:56:42.151 [IPC Server handler 5 on default port 44107] ERROR OMAudit - user=runner | ip=127.0.0.1 | op=LIST_STATUS {volume=volume07240, bucket=bucket34393, key=a/b/c/file1, dataSize=0, replicationConfig=null} | ret=FAILURE
org.apache.hadoop.ozone.om.exceptions.OMException: Unable to get file status: volume: volume07240 bucket: bucket34393 key: a/b/c/file1
	at org.apache.hadoop.ozone.om.KeyManagerImpl.getOzoneFileStatus(KeyManagerImpl.java:1311) ~[ozone-manager-1.3.0-SNAPSHOT.jar:?]
	at org.apache.hadoop.ozone.om.KeyManagerImpl.getFileStatus(KeyManagerImpl.java:1241) ~[ozone-manager-1.3.0-SNAPSHOT.jar:?]
	at org.apache.hadoop.ozone.om.KeyManagerImpl.listStatus(KeyManagerImpl.java:1565) ~[ozone-manager-1.3.0-SNAPSHOT.jar:?]
	at org.apache.hadoop.ozone.om.OzoneManager.listStatus(OzoneManager.java:3545) ~[ozone-manager-1.3.0-SNAPSHOT.jar:?]
	at org.apache.hadoop.ozone.protocolPB.OzoneManagerRequestHandler.listStatus(OzoneManagerRequestHandler.java:1043) ~[ozone-manager-1.3.0-SNAPSHOT.jar:?]
	at org.apache.hadoop.ozone.protocolPB.OzoneManagerRequestHandler.handleReadRequest(OzoneManagerRequestHandler.java:235) ~[ozone-manager-1.3.0-SNAPSHOT.jar:?]
	at org.apache.hadoop.ozone.protocolPB.OzoneManagerProtocolServerSideTranslatorPB.submitRequestDirectlyToOM(OzoneManagerProtocolServerSideTranslatorPB.java:276) ~[ozone-manager-1.3.0-SNAPSHOT.jar:?]
	at org.apache.hadoop.ozone.protocolPB.OzoneManagerProtocolServerSideTranslatorPB.processRequest(OzoneManagerProtocolServerSideTranslatorPB.java:205) ~[ozone-manager-1.3.0-SNAPSHOT.jar:?]
	at org.apache.hadoop.hdds.server.OzoneProtocolMessageDispatcher.processRequest(OzoneProtocolMessageDispatcher.java:87) [hdds-server-framework-1.3.0-SNAPSHOT.jar:?]
	at org.apache.hadoop.ozone.protocolPB.OzoneManagerProtocolServerSideTranslatorPB.submitRequest(OzoneManagerProtocolServerSideTranslatorPB.java:147) [ozone-manager-1.3.0-SNAPSHOT.jar:?]
	at org.apache.hadoop.ozone.protocol.proto.OzoneManagerProtocolProtos$OzoneManagerService$2.callBlockingMethod(OzoneManagerProtocolProtos.java) [ozone-interface-client-1.3.0-SNAPSHOT.jar:?]
	at org.apache.hadoop.ipc.ProtobufRpcEngine$Server.processCall(ProtobufRpcEngine.java:466) [hadoop-common-3.3.1.jar:?]
	at org.apache.hadoop.ipc.ProtobufRpcEngine2$Server$ProtoBufRpcInvoker.call(ProtobufRpcEngine2.java:574) [hadoop-common-3.3.1.jar:?]
	at org.apache.hadoop.ipc.ProtobufRpcEngine2$Server$ProtoBufRpcInvoker.call(ProtobufRpcEngine2.java:552) [hadoop-common-3.3.1.jar:?]
	at org.apache.hadoop.ipc.RPC$Server.call(RPC.java:1093) [hadoop-common-3.3.1.jar:?]
	at org.apache.hadoop.ipc.Server$RpcCall.run(Server.java:1035) [hadoop-common-3.3.1.jar:?]
	at org.apache.hadoop.ipc.Server$RpcCall.run(Server.java:963) [hadoop-common-3.3.1.jar:?]
	at java.security.AccessController.doPrivileged(Native Method) ~[?:1.8.0_332]
	at javax.security.auth.Subject.doAs(Subject.java:422) [?:1.8.0_332]
	at org.apache.hadoop.security.UserGroupInformation.doAs(UserGroupInformation.java:1878) [hadoop-common-3.3.1.jar:?]
	at org.apache.hadoop.ipc.Server$Handler.run(Server.java:2966) [hadoop-common-3.3.1.jar:?]
]]></system-out>
  </testcase>
  <testcase name="testRenameFileToDir" classname="TestOzoneFileSystem" time="0.06">
    <system-out><![CDATA[01:58:07.056 [IPC Server handler 19 on default port 36611] ERROR OMAudit - user=runner | ip=127.0.0.1 | op=LIST_STATUS {volume=volume58070, bucket=bucket54574, key=a/b/c/file1, dataSize=0, replicationConfig=null} | ret=FAILURE
org.apache.hadoop.ozone.om.exceptions.OMException: Unable to get file status: volume: volume58070 bucket: bucket54574 key: a/b/c/file1
	at org.apache.hadoop.ozone.om.KeyManagerImpl.getOzoneFileStatus(KeyManagerImpl.java:1311) ~[ozone-manager-1.3.0-SNAPSHOT.jar:?]
	at org.apache.hadoop.ozone.om.KeyManagerImpl.getFileStatus(KeyManagerImpl.java:1241) ~[ozone-manager-1.3.0-SNAPSHOT.jar:?]
	at org.apache.hadoop.ozone.om.KeyManagerImpl.listStatus(KeyManagerImpl.java:1565) ~[ozone-manager-1.3.0-SNAPSHOT.jar:?]
	at org.apache.hadoop.ozone.om.OzoneManager.listStatus(OzoneManager.java:3545) ~[ozone-manager-1.3.0-SNAPSHOT.jar:?]
	at org.apache.hadoop.ozone.protocolPB.OzoneManagerRequestHandler.listStatus(OzoneManagerRequestHandler.java:1043) ~[ozone-manager-1.3.0-SNAPSHOT.jar:?]
	at org.apache.hadoop.ozone.protocolPB.OzoneManagerRequestHandler.handleReadRequest(OzoneManagerRequestHandler.java:235) ~[ozone-manager-1.3.0-SNAPSHOT.jar:?]
	at org.apache.hadoop.ozone.protocolPB.OzoneManagerProtocolServerSideTranslatorPB.submitReadRequestToOM(OzoneManagerProtocolServerSideTranslatorPB.java:226) ~[ozone-manager-1.3.0-SNAPSHOT.jar:?]
	at org.apache.hadoop.ozone.protocolPB.OzoneManagerProtocolServerSideTranslatorPB.processRequest(OzoneManagerProtocolServerSideTranslatorPB.java:175) ~[ozone-manager-1.3.0-SNAPSHOT.jar:?]
	at org.apache.hadoop.hdds.server.OzoneProtocolMessageDispatcher.processRequest(OzoneProtocolMessageDispatcher.java:87) [hdds-server-framework-1.3.0-SNAPSHOT.jar:?]
	at org.apache.hadoop.ozone.protocolPB.OzoneManagerProtocolServerSideTranslatorPB.submitRequest(OzoneManagerProtocolServerSideTranslatorPB.java:147) [ozone-manager-1.3.0-SNAPSHOT.jar:?]
	at org.apache.hadoop.ozone.protocol.proto.OzoneManagerProtocolProtos$OzoneManagerService$2.callBlockingMethod(OzoneManagerProtocolProtos.java) [ozone-interface-client-1.3.0-SNAPSHOT.jar:?]
	at org.apache.hadoop.ipc.ProtobufRpcEngine$Server.processCall(ProtobufRpcEngine.java:466) [hadoop-common-3.3.1.jar:?]
	at org.apache.hadoop.ipc.ProtobufRpcEngine2$Server$ProtoBufRpcInvoker.call(ProtobufRpcEngine2.java:574) [hadoop-common-3.3.1.jar:?]
	at org.apache.hadoop.ipc.ProtobufRpcEngine2$Server$ProtoBufRpcInvoker.call(ProtobufRpcEngine2.java:552) [hadoop-common-3.3.1.jar:?]
	at org.apache.hadoop.ipc.RPC$Server.call(RPC.java:1093) [hadoop-common-3.3.1.jar:?]
	at org.apache.hadoop.ipc.Server$RpcCall.run(Server.java:1035) [hadoop-common-3.3.1.jar:?]
	at org.apache.hadoop.ipc.Server$RpcCall.run(Server.java:963) [hadoop-common-3.3.1.jar:?]
	at java.security.AccessController.doPrivileged(Native Method) ~[?:1.8.0_332]
	at javax.security.auth.Subject.doAs(Subject.java:422) [?:1.8.0_332]
	at org.apache.hadoop.security.UserGroupInformation.doAs(UserGroupInformation.java:1878) [hadoop-common-3.3.1.jar:?]
	at org.apache.hadoop.ipc.Server$Handler.run(Server.java:2966) [hadoop-common-3.3.1.jar:?]
]]></system-out>
  </testcase>
  <testcase name="testRenameFileToDir" classname="TestOzoneFileSystem" time="0.077">
    <system-out><![CDATA[01:59:28.097 [IPC Server handler 13 on default port 36513] ERROR OMAudit - user=runner | ip=127.0.0.1 | op=LIST_STATUS {volume=volume26320, bucket=bucket57581, key=a/b/c/file1, dataSize=0, replicationConfig=null} | ret=FAILURE
org.apache.hadoop.ozone.om.exceptions.OMException: Unable to get file status: volume: volume26320 bucket: bucket57581 key: a/b/c/file1
	at org.apache.hadoop.ozone.om.KeyManagerImpl.getOzoneFileStatus(KeyManagerImpl.java:1311) ~[ozone-manager-1.3.0-SNAPSHOT.jar:?]
	at org.apache.hadoop.ozone.om.KeyManagerImpl.getFileStatus(KeyManagerImpl.java:1241) ~[ozone-manager-1.3.0-SNAPSHOT.jar:?]
	at org.apache.hadoop.ozone.om.KeyManagerImpl.listStatus(KeyManagerImpl.java:1565) ~[ozone-manager-1.3.0-SNAPSHOT.jar:?]
	at org.apache.hadoop.ozone.om.OzoneManager.listStatus(OzoneManager.java:3545) ~[ozone-manager-1.3.0-SNAPSHOT.jar:?]
	at org.apache.hadoop.ozone.protocolPB.OzoneManagerRequestHandler.listStatus(OzoneManagerRequestHandler.java:1043) ~[ozone-manager-1.3.0-SNAPSHOT.jar:?]
	at org.apache.hadoop.ozone.protocolPB.OzoneManagerRequestHandler.handleReadRequest(OzoneManagerRequestHandler.java:235) ~[ozone-manager-1.3.0-SNAPSHOT.jar:?]
	at org.apache.hadoop.ozone.protocolPB.OzoneManagerProtocolServerSideTranslatorPB.submitRequestDirectlyToOM(OzoneManagerProtocolServerSideTranslatorPB.java:276) ~[ozone-manager-1.3.0-SNAPSHOT.jar:?]
	at org.apache.hadoop.ozone.protocolPB.OzoneManagerProtocolServerSideTranslatorPB.processRequest(OzoneManagerProtocolServerSideTranslatorPB.java:205) ~[ozone-manager-1.3.0-SNAPSHOT.jar:?]
	at org.apache.hadoop.hdds.server.OzoneProtocolMessageDispatcher.processRequest(OzoneProtocolMessageDispatcher.java:87) [hdds-server-framework-1.3.0-SNAPSHOT.jar:?]
	at org.apache.hadoop.ozone.protocolPB.OzoneManagerProtocolServerSideTranslatorPB.submitRequest(OzoneManagerProtocolServerSideTranslatorPB.java:147) [ozone-manager-1.3.0-SNAPSHOT.jar:?]
	at org.apache.hadoop.ozone.protocol.proto.OzoneManagerProtocolProtos$OzoneManagerService$2.callBlockingMethod(OzoneManagerProtocolProtos.java) [ozone-interface-client-1.3.0-SNAPSHOT.jar:?]
	at org.apache.hadoop.ipc.ProtobufRpcEngine$Server.processCall(ProtobufRpcEngine.java:466) [hadoop-common-3.3.1.jar:?]
	at org.apache.hadoop.ipc.ProtobufRpcEngine2$Server$ProtoBufRpcInvoker.call(ProtobufRpcEngine2.java:574) [hadoop-common-3.3.1.jar:?]
	at org.apache.hadoop.ipc.ProtobufRpcEngine2$Server$ProtoBufRpcInvoker.call(ProtobufRpcEngine2.java:552) [hadoop-common-3.3.1.jar:?]
	at org.apache.hadoop.ipc.RPC$Server.call(RPC.java:1093) [hadoop-common-3.3.1.jar:?]
	at org.apache.hadoop.ipc.Server$RpcCall.run(Server.java:1035) [hadoop-common-3.3.1.jar:?]
	at org.apache.hadoop.ipc.Server$RpcCall.run(Server.java:963) [hadoop-common-3.3.1.jar:?]
	at java.security.AccessController.doPrivileged(Native Method) ~[?:1.8.0_332]
	at javax.security.auth.Subject.doAs(Subject.java:422) [?:1.8.0_332]
	at org.apache.hadoop.security.UserGroupInformation.doAs(UserGroupInformation.java:1878) [hadoop-common-3.3.1.jar:?]
	at org.apache.hadoop.ipc.Server$Handler.run(Server.java:2966) [hadoop-common-3.3.1.jar:?]
]]></system-out>
  </testcase>
  <testcase name="testMakeDirsWithAnExistingDirectoryPath" classname="TestOzoneFileSystem" time="0.017"/>
  <testcase name="testMakeDirsWithAnExistingDirectoryPath" classname="TestOzoneFileSystem" time="0.023"/>
  <testcase name="testMakeDirsWithAnExistingDirectoryPath" classname="TestOzoneFileSystem" time="0.036"/>
  <testcase name="testMakeDirsWithAnExistingDirectoryPath" classname="TestOzoneFileSystem" time="0.049"/>
</testsuite>