<?xml version="1.0" encoding="UTF-8"?>
<testsuite xmlns:xsi="http://www.w3.org/2001/XMLSchema-instance" xsi:noNamespaceSchemaLocation="https://maven.apache.org/surefire/maven-surefire-plugin/xsd/surefire-test-report-3.0.xsd" version="3.0" name="org.apache.hadoop.ozone.container.TestECContainerRecovery" time="471.616" tests="1" errors="1" skipped="0" failures="0">
  <properties>
    <property name="awt.toolkit" value="sun.awt.X11.XToolkit"/>
    <property name="file.encoding.pkg" value="sun.io"/>
    <property name="java.specification.version" value="1.8"/>
    <property name="sun.cpu.isalist" value=""/>
    <property name="sun.jnu.encoding" value="UTF-8"/>
    <property name="java.class.path" value="/home/runner/work/ozone/ozone/hadoop-ozone/integration-test/target/test-classes:/home/runner/work/ozone/ozone/hadoop-ozone/integration-test/target/classes:/home/runner/.m2/repository/org/apache/ozone/ozone-common/1.3.0-SNAPSHOT/ozone-common-1.3.0-SNAPSHOT.jar:/home/runner/.m2/repository/io/grpc/grpc-netty/1.48.1/grpc-netty-1.48.1.jar:/home/runner/.m2/repository/io/grpc/grpc-core/1.48.1/grpc-core-1.48.1.jar:/home/runner/.m2/repository/com/google/android/annotations/4.1.1.4/annotations-4.1.1.4.jar:/home/runner/.m2/repository/org/codehaus/mojo/animal-sniffer-annotations/1.21/animal-sniffer-annotations-1.21.jar:/home/runner/.m2/repository/com/google/errorprone/error_prone_annotations/2.2.0/error_prone_annotations-2.2.0.jar:/home/runner/.m2/repository/io/perfmark/perfmark-api/0.25.0/perfmark-api-0.25.0.jar:/home/runner/.m2/repository/io/netty/netty-codec-http2/4.1.79.Final/netty-codec-http2-4.1.79.Final.jar:/home/runner/.m2/repository/io/netty/netty-common/4.1.79.Final/netty-common-4.1.79.Final.jar:/home/runner/.m2/repository/io/netty/netty-buffer/4.1.79.Final/netty-buffer-4.1.79.Final.jar:/home/runner/.m2/repository/io/netty/netty-codec-http/4.1.79.Final/netty-codec-http-4.1.79.Final.jar:/home/runner/.m2/repository/io/netty/netty-handler-proxy/4.1.79.Final/netty-handler-proxy-4.1.79.Final.jar:/home/runner/.m2/repository/io/netty/netty-codec-socks/4.1.79.Final/netty-codec-socks-4.1.79.Final.jar:/home/runner/.m2/repository/io/netty/netty-tcnative-boringssl-static/2.0.53.Final/netty-tcnative-boringssl-static-2.0.53.Final.jar:/home/runner/.m2/repository/io/netty/netty-tcnative-classes/2.0.53.Final/netty-tcnative-classes-2.0.53.Final.jar:/home/runner/.m2/repository/io/netty/netty-tcnative-boringssl-static/2.0.53.Final/netty-tcnative-boringssl-static-2.0.53.Final-linux-x86_64.jar:/home/runner/.m2/repository/io/netty/netty-tcnative-boringssl-static/2.0.53.Final/netty-tcnative-boringssl-static-2.0.53.Final-linux-aarch_64.jar:/home/runner/.m2/repository/io/netty/netty-tcnative-boringssl-static/2.0.53.Final/netty-tcnative-boringssl-static-2.0.53.Final-osx-x86_64.jar:/home/runner/.m2/repository/io/netty/netty-tcnative-boringssl-static/2.0.53.Final/netty-tcnative-boringssl-static-2.0.53.Final-osx-aarch_64.jar:/home/runner/.m2/repository/io/netty/netty-tcnative-boringssl-static/2.0.53.Final/netty-tcnative-boringssl-static-2.0.53.Final-windows-x86_64.jar:/home/runner/.m2/repository/org/apache/commons/commons-compress/1.21/commons-compress-1.21.jar:/home/runner/.m2/repository/org/apache/ozone/hdds-common/1.3.0-SNAPSHOT/hdds-common-1.3.0-SNAPSHOT.jar:/home/runner/.m2/repository/org/apache/ozone/hdds-client/1.3.0-SNAPSHOT/hdds-client-1.3.0-SNAPSHOT.jar:/home/runner/.m2/repository/org/apache/ozone/ozone-interface-client/1.3.0-SNAPSHOT/ozone-interface-client-1.3.0-SNAPSHOT.jar:/home/runner/.m2/repository/org/apache/ozone/hdds-test-utils/1.3.0-SNAPSHOT/hdds-test-utils-1.3.0-SNAPSHOT.jar:/home/runner/.m2/repository/com/google/guava/guava/31.1-jre/guava-31.1-jre.jar:/home/runner/.m2/repository/com/google/guava/failureaccess/1.0.1/failureaccess-1.0.1.jar:/home/runner/.m2/repository/com/google/guava/listenablefuture/9999.0-empty-to-avoid-conflict-with-guava/listenablefuture-9999.0-empty-to-avoid-conflict-with-guava.jar:/home/runner/.m2/repository/com/google/code/findbugs/jsr305/3.0.0/jsr305-3.0.0.jar:/home/runner/.m2/repository/org/checkerframework/checker-qual/3.12.0/checker-qual-3.12.0.jar:/home/runner/.m2/repository/com/google/j2objc/j2objc-annotations/1.3/j2objc-annotations-1.3.jar:/home/runner/.m2/repository/commons-io/commons-io/2.11.0/commons-io-2.11.0.jar:/home/runner/.m2/repository/commons-logging/commons-logging/1.2/commons-logging-1.2.jar:/home/runner/.m2/repository/ch/qos/reload4j/reload4j/1.2.22/reload4j-1.2.22.jar:/home/runner/.m2/repository/org/slf4j/slf4j-api/1.7.36/slf4j-api-1.7.36.jar:/home/runner/.m2/repository/org/apache/ozone/hdds-server-scm/1.3.0-SNAPSHOT/hdds-server-scm-1.3.0-SNAPSHOT.jar:/home/runner/.m2/repository/org/apache/ozone/hdds-container-service/1.3.0-SNAPSHOT/hdds-container-service-1.3.0-SNAPSHOT.jar:/home/runner/.m2/repository/org/apache/ozone/hdds-hadoop-dependency-server/1.3.0-SNAPSHOT/hdds-hadoop-dependency-server-1.3.0-SNAPSHOT.jar:/home/runner/.m2/repository/org/apache/hadoop/hadoop-hdfs/3.3.4/hadoop-hdfs-3.3.4.jar:/home/runner/.m2/repository/org/eclipse/jetty/jetty-util-ajax/9.4.49.v20220914/jetty-util-ajax-9.4.49.v20220914.jar:/home/runner/.m2/repository/commons-daemon/commons-daemon/1.0.13/commons-daemon-1.0.13.jar:/home/runner/.m2/repository/org/apache/ozone/hdds-server-framework/1.3.0-SNAPSHOT/hdds-server-framework-1.3.0-SNAPSHOT.jar:/home/runner/.m2/repository/org/apache/ozone/hdds-interface-server/1.3.0-SNAPSHOT/hdds-interface-server-1.3.0-SNAPSHOT.jar:/home/runner/.m2/repository/org/apache/commons/commons-configuration2/2.1.1/commons-configuration2-2.1.1.jar:/home/runner/.m2/repository/org/apache/logging/log4j/log4j-core/2.17.1/log4j-core-2.17.1.jar:/home/runner/.m2/repository/com/lmax/disruptor/3.4.2/disruptor-3.4.2.jar:/home/runner/.m2/repository/org/eclipse/jetty/jetty-servlet/9.4.49.v20220914/jetty-servlet-9.4.49.v20220914.jar:/home/runner/.m2/repository/org/eclipse/jetty/jetty-security/9.4.49.v20220914/jetty-security-9.4.49.v20220914.jar:/home/runner/.m2/repository/org/rocksdb/rocksdbjni/7.4.5/rocksdbjni-7.4.5.jar:/home/runner/.m2/repository/io/prometheus/simpleclient_dropwizard/0.7.0/simpleclient_dropwizard-0.7.0.jar:/home/runner/.m2/repository/io/prometheus/simpleclient/0.7.0/simpleclient-0.7.0.jar:/home/runner/.m2/repository/io/prometheus/simpleclient_common/0.7.0/simpleclient_common-0.7.0.jar:/home/runner/.m2/repository/com/github/spotbugs/spotbugs-annotations/3.1.12/spotbugs-annotations-3.1.12.jar:/home/runner/.m2/repository/io/dropwizard/metrics/metrics-core/3.2.4/metrics-core-3.2.4.jar:/home/runner/.m2/repository/org/apache/commons/commons-text/1.4/commons-text-1.4.jar:/home/runner/.m2/repository/org/apache/hadoop/hadoop-hdfs-client/3.3.4/hadoop-hdfs-client-3.3.4.jar:/home/runner/.m2/repository/com/squareup/okhttp3/okhttp/4.9.3/okhttp-4.9.3.jar:/home/runner/.m2/repository/com/squareup/okio/okio/2.8.0/okio-2.8.0.jar:/home/runner/.m2/repository/org/jetbrains/kotlin/kotlin-stdlib-common/1.4.10/kotlin-stdlib-common-1.4.10.jar:/home/runner/.m2/repository/org/bouncycastle/bcprov-jdk15on/1.67/bcprov-jdk15on-1.67.jar:/home/runner/.m2/repository/com/google/protobuf/protobuf-java/2.5.0/protobuf-java-2.5.0.jar:/home/runner/.m2/repository/org/apache/ozone/ozone-manager/1.3.0-SNAPSHOT/ozone-manager-1.3.0-SNAPSHOT.jar:/home/runner/.m2/repository/org/aspectj/aspectjrt/1.9.7/aspectjrt-1.9.7.jar:/home/runner/.m2/repository/org/aspectj/aspectjweaver/1.9.7/aspectjweaver-1.9.7.jar:/home/runner/.m2/repository/org/apache/ozone/hdds-interface-client/1.3.0-SNAPSHOT/hdds-interface-client-1.3.0-SNAPSHOT.jar:/home/runner/.m2/repository/org/apache/hadoop/thirdparty/hadoop-shaded-protobuf_3_7/1.1.1/hadoop-shaded-protobuf_3_7-1.1.1.jar:/home/runner/.m2/repository/org/apache/ozone/ozone-interface-storage/1.3.0-SNAPSHOT/ozone-interface-storage-1.3.0-SNAPSHOT.jar:/home/runner/.m2/repository/org/reflections/reflections/0.9.11/reflections-0.9.11.jar:/home/runner/.m2/repository/com/sun/jersey/jersey-client/1.19/jersey-client-1.19.jar:/home/runner/.m2/repository/org/apache/ranger/ranger-intg/2.3.0/ranger-intg-2.3.0.jar:/home/runner/.m2/repository/org/apache/ranger/ranger-plugins-common/2.3.0/ranger-plugins-common-2.3.0.jar:/home/runner/.m2/repository/commons-lang/commons-lang/2.6/commons-lang-2.6.jar:/home/runner/.m2/repository/org/codehaus/jackson/jackson-jaxrs/1.9.13/jackson-jaxrs-1.9.13.jar:/home/runner/.m2/repository/org/apache/ranger/ranger-plugins-cred/2.3.0/ranger-plugins-cred-2.3.0.jar:/home/runner/.m2/repository/org/apache/ranger/ranger-plugins-audit/2.3.0/ranger-plugins-audit-2.3.0.jar:/home/runner/.m2/repository/org/eclipse/jetty/jetty-client/9.4.31.v20200723/jetty-client-9.4.31.v20200723.jar:/home/runner/.m2/repository/org/apache/httpcomponents/httpmime/4.5.6/httpmime-4.5.6.jar:/home/runner/.m2/repository/org/apache/httpcomponents/httpcore-nio/4.4.6/httpcore-nio-4.4.6.jar:/home/runner/.m2/repository/org/apache/httpcomponents/httpasyncclient/4.1.3/httpasyncclient-4.1.3.jar:/home/runner/.m2/repository/com/carrotsearch/hppc/0.8.0/hppc-0.8.0.jar:/home/runner/.m2/repository/org/apache/orc/orc-core/1.5.8/orc-core-1.5.8.jar:/home/runner/.m2/repository/net/java/dev/jna/jna/5.2.0/jna-5.2.0.jar:/home/runner/.m2/repository/net/java/dev/jna/jna-platform/5.2.0/jna-platform-5.2.0.jar:/home/runner/.m2/repository/com/kstruct/gethostname4j/0.0.2/gethostname4j-0.0.2.jar:/home/runner/.m2/repository/org/apache/ranger/ranger-plugin-classloader/2.3.0/ranger-plugin-classloader-2.3.0.jar:/home/runner/.m2/repository/org/apache/hadoop/hadoop-minikdc/3.3.4/hadoop-minikdc-3.3.4.jar:/home/runner/.m2/repository/org/apache/kerby/kerb-simplekdc/1.0.1/kerb-simplekdc-1.0.1.jar:/home/runner/.m2/repository/org/apache/kerby/kerb-client/1.0.1/kerb-client-1.0.1.jar:/home/runner/.m2/repository/org/apache/kerby/kerby-config/1.0.1/kerby-config-1.0.1.jar:/home/runner/.m2/repository/org/apache/kerby/kerb-common/1.0.1/kerb-common-1.0.1.jar:/home/runner/.m2/repository/org/apache/kerby/kerb-crypto/1.0.1/kerb-crypto-1.0.1.jar:/home/runner/.m2/repository/org/apache/kerby/kerb-util/1.0.1/kerb-util-1.0.1.jar:/home/runner/.m2/repository/org/apache/kerby/token-provider/1.0.1/token-provider-1.0.1.jar:/home/runner/.m2/repository/org/apache/kerby/kerb-admin/1.0.1/kerb-admin-1.0.1.jar:/home/runner/.m2/repository/org/apache/kerby/kerb-server/1.0.1/kerb-server-1.0.1.jar:/home/runner/.m2/repository/org/apache/kerby/kerb-identity/1.0.1/kerb-identity-1.0.1.jar:/home/runner/.m2/repository/org/apache/kerby/kerby-xdr/1.0.1/kerby-xdr-1.0.1.jar:/home/runner/.m2/repository/org/apache/ozone/ozone-s3gateway/1.3.0-SNAPSHOT/ozone-s3gateway-1.3.0-SNAPSHOT.jar:/home/runner/.m2/repository/org/javassist/javassist/3.21.0-GA/javassist-3.21.0-GA.jar:/home/runner/.m2/repository/org/jboss/weld/servlet/weld-servlet/2.4.7.Final/weld-servlet-2.4.7.Final.jar:/home/runner/.m2/repository/org/glassfish/jersey/containers/jersey-container-servlet-core/2.34/jersey-container-servlet-core-2.34.jar:/home/runner/.m2/repository/org/glassfish/hk2/external/jakarta.inject/2.6.1/jakarta.inject-2.6.1.jar:/home/runner/.m2/repository/org/glassfish/jersey/core/jersey-common/2.34/jersey-common-2.34.jar:/home/runner/.m2/repository/jakarta/ws/rs/jakarta.ws.rs-api/2.1.6/jakarta.ws.rs-api-2.1.6.jar:/home/runner/.m2/repository/org/glassfish/jersey/ext/cdi/jersey-cdi1x/2.34/jersey-cdi1x-2.34.jar:/home/runner/.m2/repository/org/glassfish/jersey/inject/jersey-hk2/2.34/jersey-hk2-2.34.jar:/home/runner/.m2/repository/org/glassfish/hk2/hk2-locator/2.6.1/hk2-locator-2.6.1.jar:/home/runner/.m2/repository/org/glassfish/jersey/media/jersey-media-jaxb/2.34/jersey-media-jaxb-2.34.jar:/home/runner/.m2/repository/org/glassfish/hk2/osgi-resource-locator/1.0.3/osgi-resource-locator-1.0.3.jar:/home/runner/.m2/repository/org/glassfish/hk2/hk2-api/2.5.0/hk2-api-2.5.0.jar:/home/runner/.m2/repository/org/glassfish/hk2/hk2-utils/2.5.0/hk2-utils-2.5.0.jar:/home/runner/.m2/repository/org/glassfish/hk2/external/aopalliance-repackaged/2.5.0/aopalliance-repackaged-2.5.0.jar:/home/runner/.m2/repository/com/fasterxml/jackson/dataformat/jackson-dataformat-xml/2.13.4/jackson-dataformat-xml-2.13.4.jar:/home/runner/.m2/repository/com/fasterxml/jackson/core/jackson-core/2.13.4/jackson-core-2.13.4.jar:/home/runner/.m2/repository/org/codehaus/woodstox/stax2-api/3.1.4/stax2-api-3.1.4.jar:/home/runner/.m2/repository/com/fasterxml/woodstox/woodstox-core/5.4.0/woodstox-core-5.4.0.jar:/home/runner/.m2/repository/com/fasterxml/jackson/module/jackson-module-jaxb-annotations/2.13.4/jackson-module-jaxb-annotations-2.13.4.jar:/home/runner/.m2/repository/jakarta/xml/bind/jakarta.xml.bind-api/2.3.3/jakarta.xml.bind-api-2.3.3.jar:/home/runner/.m2/repository/jakarta/activation/jakarta.activation-api/1.2.1/jakarta.activation-api-1.2.1.jar:/home/runner/.m2/repository/javax/enterprise/cdi-api/1.2/cdi-api-1.2.jar:/home/runner/.m2/repository/javax/el/javax.el-api/3.0.0/javax.el-api-3.0.0.jar:/home/runner/.m2/repository/javax/interceptor/javax.interceptor-api/1.2/javax.interceptor-api-1.2.jar:/home/runner/.m2/repository/javax/inject/javax.inject/1/javax.inject-1.jar:/home/runner/.m2/repository/javax/xml/bind/jaxb-api/2.3.0/jaxb-api-2.3.0.jar:/home/runner/.m2/repository/org/glassfish/jaxb/jaxb-runtime/2.3.0.1/jaxb-runtime-2.3.0.1.jar:/home/runner/.m2/repository/org/glassfish/jaxb/jaxb-core/2.3.0.1/jaxb-core-2.3.0.1.jar:/home/runner/.m2/repository/org/glassfish/jaxb/txw2/2.3.0.1/txw2-2.3.0.1.jar:/home/runner/.m2/repository/com/sun/istack/istack-commons-runtime/3.0.5/istack-commons-runtime-3.0.5.jar:/home/runner/.m2/repository/org/jvnet/staxex/stax-ex/1.7.8/stax-ex-1.7.8.jar:/home/runner/.m2/repository/com/sun/xml/fastinfoset/FastInfoset/1.2.13/FastInfoset-1.2.13.jar:/home/runner/.m2/repository/javax/activation/activation/1.1.1/activation-1.1.1.jar:/home/runner/.m2/repository/io/grpc/grpc-protobuf/1.48.1/grpc-protobuf-1.48.1.jar:/home/runner/.m2/repository/io/grpc/grpc-api/1.48.1/grpc-api-1.48.1.jar:/home/runner/.m2/repository/io/grpc/grpc-context/1.48.1/grpc-context-1.48.1.jar:/home/runner/.m2/repository/com/google/api/grpc/proto-google-common-protos/2.9.0/proto-google-common-protos-2.9.0.jar:/home/runner/.m2/repository/io/grpc/grpc-protobuf-lite/1.48.1/grpc-protobuf-lite-1.48.1.jar:/home/runner/.m2/repository/io/grpc/grpc-stub/1.48.1/grpc-stub-1.48.1.jar:/home/runner/.m2/repository/io/netty/netty-transport/4.1.79.Final/netty-transport-4.1.79.Final.jar:/home/runner/.m2/repository/io/netty/netty-resolver/4.1.79.Final/netty-resolver-4.1.79.Final.jar:/home/runner/.m2/repository/org/apache/ozone/ozone-csi/1.3.0-SNAPSHOT/ozone-csi-1.3.0-SNAPSHOT.jar:/home/runner/.m2/repository/com/google/protobuf/protobuf-java-util/3.19.2/protobuf-java-util-3.19.2.jar:/home/runner/.m2/repository/com/google/code/gson/gson/2.9.0/gson-2.9.0.jar:/home/runner/.m2/repository/org/apache/ozone/hdds-config/1.3.0-SNAPSHOT/hdds-config-1.3.0-SNAPSHOT.jar:/home/runner/.m2/repository/io/netty/netty-transport-native-epoll/4.1.79.Final/netty-transport-native-epoll-4.1.79.Final-linux-x86_64.jar:/home/runner/.m2/repository/io/netty/netty-transport-classes-epoll/4.1.79.Final/netty-transport-classes-epoll-4.1.79.Final.jar:/home/runner/.m2/repository/io/netty/netty-transport-native-unix-common/4.1.79.Final/netty-transport-native-unix-common-4.1.79.Final.jar:/home/runner/.m2/repository/org/slf4j/slf4j-reload4j/1.7.36/slf4j-reload4j-1.7.36.jar:/home/runner/.m2/repository/org/apache/ozone/ozone-recon/1.3.0-SNAPSHOT/ozone-recon-1.3.0-SNAPSHOT.jar:/home/runner/.m2/repository/org/apache/ozone/ozone-reconcodegen/1.3.0-SNAPSHOT/ozone-reconcodegen-1.3.0-SNAPSHOT.jar:/home/runner/.m2/repository/com/google/inject/extensions/guice-multibindings/4.0/guice-multibindings-4.0.jar:/home/runner/.m2/repository/com/google/inject/guice/4.0/guice-4.0.jar:/home/runner/.m2/repository/aopalliance/aopalliance/1.0/aopalliance-1.0.jar:/home/runner/.m2/repository/com/google/inject/extensions/guice-assistedinject/4.0/guice-assistedinject-4.0.jar:/home/runner/.m2/repository/com/google/inject/extensions/guice-servlet/4.0/guice-servlet-4.0.jar:/home/runner/.m2/repository/org/glassfish/jersey/containers/jersey-container-servlet/2.34/jersey-container-servlet-2.34.jar:/home/runner/.m2/repository/org/glassfish/hk2/guice-bridge/2.5.0/guice-bridge-2.5.0.jar:/home/runner/.m2/repository/org/glassfish/jersey/core/jersey-server/2.34/jersey-server-2.34.jar:/home/runner/.m2/repository/org/glassfish/jersey/core/jersey-client/2.34/jersey-client-2.34.jar:/home/runner/.m2/repository/jakarta/annotation/jakarta.annotation-api/1.3.5/jakarta.annotation-api-1.3.5.jar:/home/runner/.m2/repository/jakarta/validation/jakarta.validation-api/2.0.2/jakarta.validation-api-2.0.2.jar:/home/runner/.m2/repository/org/glassfish/jersey/media/jersey-media-json-jackson/2.34/jersey-media-json-jackson-2.34.jar:/home/runner/.m2/repository/org/glassfish/jersey/ext/jersey-entity-filtering/2.34/jersey-entity-filtering-2.34.jar:/home/runner/.m2/repository/org/jooq/jooq/3.11.10/jooq-3.11.10.jar:/home/runner/.m2/repository/org/jooq/jooq-meta/3.11.10/jooq-meta-3.11.10.jar:/home/runner/.m2/repository/org/jooq/jooq-codegen/3.11.10/jooq-codegen-3.11.10.jar:/home/runner/.m2/repository/com/jolbox/bonecp/0.8.0.RELEASE/bonecp-0.8.0.RELEASE.jar:/home/runner/.m2/repository/org/apache/derby/derby/10.14.2.0/derby-10.14.2.0.jar:/home/runner/.m2/repository/org/xerial/sqlite-jdbc/3.25.2/sqlite-jdbc-3.25.2.jar:/home/runner/.m2/repository/org/springframework/spring-jdbc/5.3.23/spring-jdbc-5.3.23.jar:/home/runner/.m2/repository/org/springframework/spring-beans/5.3.23/spring-beans-5.3.23.jar:/home/runner/.m2/repository/org/springframework/spring-core/5.3.23/spring-core-5.3.23.jar:/home/runner/.m2/repository/org/springframework/spring-jcl/5.3.23/spring-jcl-5.3.23.jar:/home/runner/.m2/repository/org/springframework/spring-tx/5.3.23/spring-tx-5.3.23.jar:/home/runner/.m2/repository/org/apache/ozone/ozone-client/1.3.0-SNAPSHOT/ozone-client-1.3.0-SNAPSHOT.jar:/home/runner/.m2/repository/org/apache/ozone/hdds-erasurecode/1.3.0-SNAPSHOT/hdds-erasurecode-1.3.0-SNAPSHOT.jar:/home/runner/.m2/repository/org/apache/ozone/ozone-filesystem/1.3.0-SNAPSHOT/ozone-filesystem-1.3.0-SNAPSHOT.jar:/home/runner/.m2/repository/org/apache/ozone/ozone-filesystem-common/1.3.0-SNAPSHOT/ozone-filesystem-common-1.3.0-SNAPSHOT.jar:/home/runner/.m2/repository/org/apache/ozone/ozone-tools/1.3.0-SNAPSHOT/ozone-tools-1.3.0-SNAPSHOT.jar:/home/runner/.m2/repository/org/apache/ratis/ratis-tools/2.4.0/ratis-tools-2.4.0.jar:/home/runner/.m2/repository/com/amazonaws/aws-java-sdk-core/1.12.261/aws-java-sdk-core-1.12.261.jar:/home/runner/.m2/repository/org/apache/httpcomponents/httpclient/4.5.13/httpclient-4.5.13.jar:/home/runner/.m2/repository/org/apache/httpcomponents/httpcore/4.4.13/httpcore-4.4.13.jar:/home/runner/.m2/repository/software/amazon/ion/ion-java/1.0.2/ion-java-1.0.2.jar:/home/runner/.m2/repository/com/fasterxml/jackson/dataformat/jackson-dataformat-cbor/2.13.4/jackson-dataformat-cbor-2.13.4.jar:/home/runner/.m2/repository/joda-time/joda-time/2.8.1/joda-time-2.8.1.jar:/home/runner/.m2/repository/com/amazonaws/aws-java-sdk-s3/1.12.261/aws-java-sdk-s3-1.12.261.jar:/home/runner/.m2/repository/com/amazonaws/aws-java-sdk-kms/1.12.261/aws-java-sdk-kms-1.12.261.jar:/home/runner/.m2/repository/com/amazonaws/jmespath-java/1.12.261/jmespath-java-1.12.261.jar:/home/runner/.m2/repository/org/kohsuke/metainf-services/metainf-services/1.8/metainf-services-1.8.jar:/home/runner/.m2/repository/org/apache/ozone/hdds-tools/1.3.0-SNAPSHOT/hdds-tools-1.3.0-SNAPSHOT.jar:/home/runner/.m2/repository/commons-cli/commons-cli/1.2/commons-cli-1.2.jar:/home/runner/.m2/repository/org/apache/commons/commons-lang3/3.7/commons-lang3-3.7.jar:/home/runner/.m2/repository/org/apache/ozone/ozone-manager/1.3.0-SNAPSHOT/ozone-manager-1.3.0-SNAPSHOT-tests.jar:/home/runner/.m2/repository/org/apache/ozone/hdds-common/1.3.0-SNAPSHOT/hdds-common-1.3.0-SNAPSHOT-tests.jar:/home/runner/.m2/repository/org/apache/ozone/hdds-hadoop-dependency-client/1.3.0-SNAPSHOT/hdds-hadoop-dependency-client-1.3.0-SNAPSHOT.jar:/home/runner/.m2/repository/info/picocli/picocli/4.6.1/picocli-4.6.1.jar:/home/runner/.m2/repository/com/fasterxml/jackson/core/jackson-annotations/2.13.4/jackson-annotations-2.13.4.jar:/home/runner/.m2/repository/com/fasterxml/jackson/datatype/jackson-datatype-jsr310/2.13.4/jackson-datatype-jsr310-2.13.4.jar:/home/runner/.m2/repository/org/apache/ozone/hdds-annotation-processing/1.3.0-SNAPSHOT/hdds-annotation-processing-1.3.0-SNAPSHOT.jar:/home/runner/.m2/repository/javax/annotation/javax.annotation-api/1.2/javax.annotation-api-1.2.jar:/home/runner/.m2/repository/org/apache/ratis/ratis-server/2.4.0/ratis-server-2.4.0.jar:/home/runner/.m2/repository/org/apache/ratis/ratis-client/2.4.0/ratis-client-2.4.0.jar:/home/runner/.m2/repository/org/apache/ratis/ratis-server-api/2.4.0/ratis-server-api-2.4.0.jar:/home/runner/.m2/repository/org/apache/ratis/ratis-metrics/2.4.0/ratis-metrics-2.4.0.jar:/home/runner/.m2/repository/org/apache/ratis/ratis-netty/2.4.0/ratis-netty-2.4.0.jar:/home/runner/.m2/repository/org/apache/ratis/ratis-grpc/2.4.0/ratis-grpc-2.4.0.jar:/home/runner/.m2/repository/org/apache/logging/log4j/log4j-api/2.17.1/log4j-api-2.17.1.jar:/home/runner/.m2/repository/org/apache/commons/commons-pool2/2.6.0/commons-pool2-2.6.0.jar:/home/runner/.m2/repository/org/bouncycastle/bcpkix-jdk15on/1.67/bcpkix-jdk15on-1.67.jar:/home/runner/.m2/repository/commons-validator/commons-validator/1.6/commons-validator-1.6.jar:/home/runner/.m2/repository/commons-beanutils/commons-beanutils/1.9.4/commons-beanutils-1.9.4.jar:/home/runner/.m2/repository/commons-digester/commons-digester/1.8.1/commons-digester-1.8.1.jar:/home/runner/.m2/repository/commons-collections/commons-collections/3.2.2/commons-collections-3.2.2.jar:/home/runner/.m2/repository/io/jaegertracing/jaeger-client/1.6.0/jaeger-client-1.6.0.jar:/home/runner/.m2/repository/io/jaegertracing/jaeger-thrift/1.6.0/jaeger-thrift-1.6.0.jar:/home/runner/.m2/repository/org/apache/thrift/libthrift/0.14.1/libthrift-0.14.1.jar:/home/runner/.m2/repository/io/jaegertracing/jaeger-core/1.6.0/jaeger-core-1.6.0.jar:/home/runner/.m2/repository/io/jaegertracing/jaeger-tracerresolver/1.6.0/jaeger-tracerresolver-1.6.0.jar:/home/runner/.m2/repository/io/opentracing/contrib/opentracing-tracerresolver/0.1.8/opentracing-tracerresolver-0.1.8.jar:/home/runner/.m2/repository/org/jetbrains/kotlin/kotlin-stdlib/1.6.21/kotlin-stdlib-1.6.21.jar:/home/runner/.m2/repository/org/jetbrains/annotations/13.0/annotations-13.0.jar:/home/runner/.m2/repository/io/opentracing/opentracing-util/0.33.0/opentracing-util-0.33.0.jar:/home/runner/.m2/repository/io/opentracing/opentracing-api/0.33.0/opentracing-api-0.33.0.jar:/home/runner/.m2/repository/io/opentracing/opentracing-noop/0.33.0/opentracing-noop-0.33.0.jar:/home/runner/.m2/repository/org/yaml/snakeyaml/1.32/snakeyaml-1.32.jar:/home/runner/.m2/repository/org/apache/ozone/hdds-interface-admin/1.3.0-SNAPSHOT/hdds-interface-admin-1.3.0-SNAPSHOT.jar:/home/runner/.m2/repository/junit/junit/4.13.1/junit-4.13.1.jar:/home/runner/.m2/repository/org/hamcrest/hamcrest-core/1.3/hamcrest-core-1.3.jar:/home/runner/.m2/repository/org/junit/jupiter/junit-jupiter-api/5.8.2/junit-jupiter-api-5.8.2.jar:/home/runner/.m2/repository/org/opentest4j/opentest4j/1.2.0/opentest4j-1.2.0.jar:/home/runner/.m2/repository/org/junit/platform/junit-platform-commons/1.8.2/junit-platform-commons-1.8.2.jar:/home/runner/.m2/repository/org/apiguardian/apiguardian-api/1.1.2/apiguardian-api-1.1.2.jar:/home/runner/.m2/repository/org/junit/jupiter/junit-jupiter-params/5.8.2/junit-jupiter-params-5.8.2.jar:/home/runner/.m2/repository/org/junit/jupiter/junit-jupiter-migrationsupport/5.8.2/junit-jupiter-migrationsupport-5.8.2.jar:/home/runner/.m2/repository/org/junit/jupiter/junit-jupiter-engine/5.8.2/junit-jupiter-engine-5.8.2.jar:/home/runner/.m2/repository/org/junit/platform/junit-platform-engine/1.8.2/junit-platform-engine-1.8.2.jar:/home/runner/.m2/repository/org/junit/vintage/junit-vintage-engine/5.8.2/junit-vintage-engine-5.8.2.jar:/home/runner/.m2/repository/org/junit/platform/junit-platform-launcher/1.8.2/junit-platform-launcher-1.8.2.jar:/home/runner/.m2/repository/org/mockito/mockito-core/2.28.2/mockito-core-2.28.2.jar:/home/runner/.m2/repository/net/bytebuddy/byte-buddy/1.9.10/byte-buddy-1.9.10.jar:/home/runner/.m2/repository/net/bytebuddy/byte-buddy-agent/1.9.10/byte-buddy-agent-1.9.10.jar:/home/runner/.m2/repository/org/objenesis/objenesis/1.0/objenesis-1.0.jar:/home/runner/.m2/repository/org/apache/hadoop/hadoop-kms/3.3.4/hadoop-kms-3.3.4.jar:/home/runner/.m2/repository/org/apache/hadoop/hadoop-auth/3.3.4/hadoop-auth-3.3.4.jar:/home/runner/.m2/repository/com/nimbusds/nimbus-jose-jwt/7.9/nimbus-jose-jwt-7.9.jar:/home/runner/.m2/repository/com/github/stephenc/jcip/jcip-annotations/1.0-1/jcip-annotations-1.0-1.jar:/home/runner/.m2/repository/net/minidev/json-smart/2.4.7/json-smart-2.4.7.jar:/home/runner/.m2/repository/net/minidev/accessors-smart/2.4.7/accessors-smart-2.4.7.jar:/home/runner/.m2/repository/org/ow2/asm/asm/5.0.4/asm-5.0.4.jar:/home/runner/.m2/repository/org/apache/zookeeper/zookeeper/3.5.6/zookeeper-3.5.6.jar:/home/runner/.m2/repository/org/apache/zookeeper/zookeeper-jute/3.5.6/zookeeper-jute-3.5.6.jar:/home/runner/.m2/repository/org/apache/yetus/audience-annotations/0.5.0/audience-annotations-0.5.0.jar:/home/runner/.m2/repository/org/apache/curator/curator-framework/4.2.0/curator-framework-4.2.0.jar:/home/runner/.m2/repository/org/apache/hadoop/thirdparty/hadoop-shaded-guava/1.1.1/hadoop-shaded-guava-1.1.1.jar:/home/runner/.m2/repository/com/sun/jersey/jersey-core/1.19/jersey-core-1.19.jar:/home/runner/.m2/repository/javax/ws/rs/jsr311-api/1.1.1/jsr311-api-1.1.1.jar:/home/runner/.m2/repository/com/sun/jersey/jersey-server/1.19/jersey-server-1.19.jar:/home/runner/.m2/repository/javax/servlet/javax.servlet-api/3.1.0/javax.servlet-api-3.1.0.jar:/home/runner/.m2/repository/org/eclipse/jetty/jetty-server/9.4.49.v20220914/jetty-server-9.4.49.v20220914.jar:/home/runner/.m2/repository/org/eclipse/jetty/jetty-http/9.4.49.v20220914/jetty-http-9.4.49.v20220914.jar:/home/runner/.m2/repository/org/eclipse/jetty/jetty-io/9.4.49.v20220914/jetty-io-9.4.49.v20220914.jar:/home/runner/.m2/repository/org/eclipse/jetty/jetty-webapp/9.4.49.v20220914/jetty-webapp-9.4.49.v20220914.jar:/home/runner/.m2/repository/org/eclipse/jetty/jetty-xml/9.4.49.v20220914/jetty-xml-9.4.49.v20220914.jar:/home/runner/.m2/repository/org/apache/hadoop/hadoop-common/3.3.4/hadoop-common-3.3.4.jar:/home/runner/.m2/repository/org/apache/commons/commons-math3/3.1.1/commons-math3-3.1.1.jar:/home/runner/.m2/repository/commons-net/commons-net/3.6/commons-net-3.6.jar:/home/runner/.m2/repository/com/sun/jersey/jersey-servlet/1.19/jersey-servlet-1.19.jar:/home/runner/.m2/repository/com/sun/jersey/jersey-json/1.19/jersey-json-1.19.jar:/home/runner/.m2/repository/org/codehaus/jettison/jettison/1.1/jettison-1.1.jar:/home/runner/.m2/repository/com/sun/xml/bind/jaxb-impl/2.2.3-1/jaxb-impl-2.2.3-1.jar:/home/runner/.m2/repository/org/codehaus/jackson/jackson-xc/1.9.2/jackson-xc-1.9.2.jar:/home/runner/.m2/repository/com/google/re2j/re2j/1.1/re2j-1.1.jar:/home/runner/.m2/repository/com/jcraft/jsch/0.1.54/jsch-0.1.54.jar:/home/runner/.m2/repository/org/apache/curator/curator-client/4.2.0/curator-client-4.2.0.jar:/home/runner/.m2/repository/org/apache/curator/curator-recipes/4.2.0/curator-recipes-4.2.0.jar:/home/runner/.m2/repository/org/apache/kerby/kerb-core/1.0.1/kerb-core-1.0.1.jar:/home/runner/.m2/repository/org/apache/kerby/kerby-pkix/1.0.1/kerby-pkix-1.0.1.jar:/home/runner/.m2/repository/org/apache/kerby/kerby-asn1/1.0.1/kerby-asn1-1.0.1.jar:/home/runner/.m2/repository/org/apache/kerby/kerby-util/1.0.1/kerby-util-1.0.1.jar:/home/runner/.m2/repository/dnsjava/dnsjava/2.1.7/dnsjava-2.1.7.jar:/home/runner/.m2/repository/org/xerial/snappy/snappy-java/1.1.8.2/snappy-java-1.1.8.2.jar:/home/runner/.m2/repository/org/eclipse/jetty/jetty-util/9.4.49.v20220914/jetty-util-9.4.49.v20220914.jar:/home/runner/.m2/repository/com/fasterxml/jackson/core/jackson-databind/2.13.4.2/jackson-databind-2.13.4.2.jar:/home/runner/.m2/repository/org/apache/hadoop/hadoop-kms/3.3.4/hadoop-kms-3.3.4-tests.jar:/home/runner/.m2/repository/org/apache/ozone/hdds-server-scm/1.3.0-SNAPSHOT/hdds-server-scm-1.3.0-SNAPSHOT-tests.jar:/home/runner/.m2/repository/org/apache/ozone/hdds-container-service/1.3.0-SNAPSHOT/hdds-container-service-1.3.0-SNAPSHOT-tests.jar:/home/runner/.m2/repository/commons-codec/commons-codec/1.11/commons-codec-1.11.jar:/home/runner/.m2/repository/io/netty/netty-codec/4.1.79.Final/netty-codec-4.1.79.Final.jar:/home/runner/.m2/repository/io/netty/netty-handler/4.1.79.Final/netty-handler-4.1.79.Final.jar:/home/runner/.m2/repository/org/apache/ozone/hdds-hadoop-dependency-test/1.3.0-SNAPSHOT/hdds-hadoop-dependency-test-1.3.0-SNAPSHOT.jar:/home/runner/.m2/repository/org/apache/hadoop/hadoop-common/3.3.4/hadoop-common-3.3.4-tests.jar:/home/runner/.m2/repository/org/apache/hadoop/hadoop-hdfs/3.3.4/hadoop-hdfs-3.3.4-tests.jar:/home/runner/.m2/repository/org/assertj/assertj-core/3.12.2/assertj-core-3.12.2.jar:/home/runner/.m2/repository/org/apache/hadoop/hadoop-distcp/3.3.4/hadoop-distcp-3.3.4.jar:/home/runner/.m2/repository/org/apache/hadoop/hadoop-mapreduce-client-jobclient/3.3.4/hadoop-mapreduce-client-jobclient-3.3.4.jar:/home/runner/.m2/repository/org/apache/hadoop/hadoop-mapreduce-client-common/3.3.4/hadoop-mapreduce-client-common-3.3.4.jar:/home/runner/.m2/repository/org/apache/hadoop/hadoop-yarn-common/3.3.4/hadoop-yarn-common-3.3.4.jar:/home/runner/.m2/repository/org/apache/hadoop/hadoop-yarn-api/3.3.4/hadoop-yarn-api-3.3.4.jar:/home/runner/.m2/repository/com/sun/jersey/contribs/jersey-guice/1.19/jersey-guice-1.19.jar:/home/runner/.m2/repository/com/fasterxml/jackson/jaxrs/jackson-jaxrs-json-provider/2.13.4/jackson-jaxrs-json-provider-2.13.4.jar:/home/runner/.m2/repository/com/fasterxml/jackson/jaxrs/jackson-jaxrs-base/2.13.4/jackson-jaxrs-base-2.13.4.jar:/home/runner/.m2/repository/org/apache/hadoop/hadoop-yarn-client/3.3.4/hadoop-yarn-client-3.3.4.jar:/home/runner/.m2/repository/org/eclipse/jetty/websocket/websocket-client/9.4.43.v20210629/websocket-client-9.4.43.v20210629.jar:/home/runner/.m2/repository/org/eclipse/jetty/websocket/websocket-common/9.4.43.v20210629/websocket-common-9.4.43.v20210629.jar:/home/runner/.m2/repository/org/eclipse/jetty/websocket/websocket-api/9.4.43.v20210629/websocket-api-9.4.43.v20210629.jar:/home/runner/.m2/repository/org/jline/jline/3.9.0/jline-3.9.0.jar:/home/runner/.m2/repository/org/apache/hadoop/hadoop-mapreduce-client-core/3.3.4/hadoop-mapreduce-client-core-3.3.4.jar:/home/runner/.m2/repository/org/apache/avro/avro/1.7.7/avro-1.7.7.jar:/home/runner/.m2/repository/org/codehaus/jackson/jackson-core-asl/1.9.13/jackson-core-asl-1.9.13.jar:/home/runner/.m2/repository/org/codehaus/jackson/jackson-mapper-asl/1.9.13/jackson-mapper-asl-1.9.13.jar:/home/runner/.m2/repository/com/thoughtworks/paranamer/paranamer/2.3/paranamer-2.3.jar:/home/runner/.m2/repository/org/apache/hadoop/hadoop-annotations/3.3.4/hadoop-annotations-3.3.4.jar:/usr/lib/jvm/temurin-8-jdk-amd64/jre/../lib/tools.jar:/home/runner/.m2/repository/io/netty/netty/3.10.6.Final/netty-3.10.6.Final.jar:/home/runner/.m2/repository/org/apache/hadoop/hadoop-distcp/3.3.4/hadoop-distcp-3.3.4-tests.jar:/home/runner/.m2/repository/org/slf4j/jul-to-slf4j/1.7.36/jul-to-slf4j-1.7.36.jar:/home/runner/.m2/repository/org/apache/ratis/ratis-common/2.4.0/ratis-common-2.4.0.jar:/home/runner/.m2/repository/org/apache/ratis/ratis-thirdparty-misc/1.0.2/ratis-thirdparty-misc-1.0.2.jar:/home/runner/.m2/repository/org/apache/ratis/ratis-proto/2.4.0/ratis-proto-2.4.0.jar:"/>
    <property name="java.vm.vendor" value="Temurin"/>
    <property name="sun.arch.data.model" value="64"/>
    <property name="test.build.dir" value="/home/runner/work/ozone/ozone/hadoop-ozone/integration-test/target/test-dir"/>
    <property name="test.cache.data" value=""/>
    <property name="java.vendor.url" value="https://adoptium.net/"/>
    <property name="user.timezone" value="Etc/UTC"/>
    <property name="java.vm.specification.version" value="1.8"/>
    <property name="os.name" value="Linux"/>
    <property name="test.build.data" value="/home/runner/work/ozone/ozone/hadoop-ozone/integration-test/target/test-dir"/>
    <property name="sun.java.launcher" value="SUN_STANDARD"/>
    <property name="sun.boot.library.path" value="/usr/lib/jvm/temurin-8-jdk-amd64/jre/lib/amd64"/>
    <property name="sun.java.command" value="/home/runner/work/ozone/ozone/hadoop-ozone/integration-test/target/surefire/surefirebooter5960251040591367953.jar /home/runner/work/ozone/ozone/hadoop-ozone/integration-test/target/surefire 2022-11-03T05-12-10_778-jvmRun1 surefire2620143652775712772tmp surefire_126891153922922038009tmp"/>
    <property name="surefire.test.class.path" value="/home/runner/work/ozone/ozone/hadoop-ozone/integration-test/target/test-classes:/home/runner/work/ozone/ozone/hadoop-ozone/integration-test/target/classes:/home/runner/.m2/repository/org/apache/ozone/ozone-common/1.3.0-SNAPSHOT/ozone-common-1.3.0-SNAPSHOT.jar:/home/runner/.m2/repository/io/grpc/grpc-netty/1.48.1/grpc-netty-1.48.1.jar:/home/runner/.m2/repository/io/grpc/grpc-core/1.48.1/grpc-core-1.48.1.jar:/home/runner/.m2/repository/com/google/android/annotations/4.1.1.4/annotations-4.1.1.4.jar:/home/runner/.m2/repository/org/codehaus/mojo/animal-sniffer-annotations/1.21/animal-sniffer-annotations-1.21.jar:/home/runner/.m2/repository/com/google/errorprone/error_prone_annotations/2.2.0/error_prone_annotations-2.2.0.jar:/home/runner/.m2/repository/io/perfmark/perfmark-api/0.25.0/perfmark-api-0.25.0.jar:/home/runner/.m2/repository/io/netty/netty-codec-http2/4.1.79.Final/netty-codec-http2-4.1.79.Final.jar:/home/runner/.m2/repository/io/netty/netty-common/4.1.79.Final/netty-common-4.1.79.Final.jar:/home/runner/.m2/repository/io/netty/netty-buffer/4.1.79.Final/netty-buffer-4.1.79.Final.jar:/home/runner/.m2/repository/io/netty/netty-codec-http/4.1.79.Final/netty-codec-http-4.1.79.Final.jar:/home/runner/.m2/repository/io/netty/netty-handler-proxy/4.1.79.Final/netty-handler-proxy-4.1.79.Final.jar:/home/runner/.m2/repository/io/netty/netty-codec-socks/4.1.79.Final/netty-codec-socks-4.1.79.Final.jar:/home/runner/.m2/repository/io/netty/netty-tcnative-boringssl-static/2.0.53.Final/netty-tcnative-boringssl-static-2.0.53.Final.jar:/home/runner/.m2/repository/io/netty/netty-tcnative-classes/2.0.53.Final/netty-tcnative-classes-2.0.53.Final.jar:/home/runner/.m2/repository/io/netty/netty-tcnative-boringssl-static/2.0.53.Final/netty-tcnative-boringssl-static-2.0.53.Final-linux-x86_64.jar:/home/runner/.m2/repository/io/netty/netty-tcnative-boringssl-static/2.0.53.Final/netty-tcnative-boringssl-static-2.0.53.Final-linux-aarch_64.jar:/home/runner/.m2/repository/io/netty/netty-tcnative-boringssl-static/2.0.53.Final/netty-tcnative-boringssl-static-2.0.53.Final-osx-x86_64.jar:/home/runner/.m2/repository/io/netty/netty-tcnative-boringssl-static/2.0.53.Final/netty-tcnative-boringssl-static-2.0.53.Final-osx-aarch_64.jar:/home/runner/.m2/repository/io/netty/netty-tcnative-boringssl-static/2.0.53.Final/netty-tcnative-boringssl-static-2.0.53.Final-windows-x86_64.jar:/home/runner/.m2/repository/org/apache/commons/commons-compress/1.21/commons-compress-1.21.jar:/home/runner/.m2/repository/org/apache/ozone/hdds-common/1.3.0-SNAPSHOT/hdds-common-1.3.0-SNAPSHOT.jar:/home/runner/.m2/repository/org/apache/ozone/hdds-client/1.3.0-SNAPSHOT/hdds-client-1.3.0-SNAPSHOT.jar:/home/runner/.m2/repository/org/apache/ozone/ozone-interface-client/1.3.0-SNAPSHOT/ozone-interface-client-1.3.0-SNAPSHOT.jar:/home/runner/.m2/repository/org/apache/ozone/hdds-test-utils/1.3.0-SNAPSHOT/hdds-test-utils-1.3.0-SNAPSHOT.jar:/home/runner/.m2/repository/com/google/guava/guava/31.1-jre/guava-31.1-jre.jar:/home/runner/.m2/repository/com/google/guava/failureaccess/1.0.1/failureaccess-1.0.1.jar:/home/runner/.m2/repository/com/google/guava/listenablefuture/9999.0-empty-to-avoid-conflict-with-guava/listenablefuture-9999.0-empty-to-avoid-conflict-with-guava.jar:/home/runner/.m2/repository/com/google/code/findbugs/jsr305/3.0.0/jsr305-3.0.0.jar:/home/runner/.m2/repository/org/checkerframework/checker-qual/3.12.0/checker-qual-3.12.0.jar:/home/runner/.m2/repository/com/google/j2objc/j2objc-annotations/1.3/j2objc-annotations-1.3.jar:/home/runner/.m2/repository/commons-io/commons-io/2.11.0/commons-io-2.11.0.jar:/home/runner/.m2/repository/commons-logging/commons-logging/1.2/commons-logging-1.2.jar:/home/runner/.m2/repository/ch/qos/reload4j/reload4j/1.2.22/reload4j-1.2.22.jar:/home/runner/.m2/repository/org/slf4j/slf4j-api/1.7.36/slf4j-api-1.7.36.jar:/home/runner/.m2/repository/org/apache/ozone/hdds-server-scm/1.3.0-SNAPSHOT/hdds-server-scm-1.3.0-SNAPSHOT.jar:/home/runner/.m2/repository/org/apache/ozone/hdds-container-service/1.3.0-SNAPSHOT/hdds-container-service-1.3.0-SNAPSHOT.jar:/home/runner/.m2/repository/org/apache/ozone/hdds-hadoop-dependency-server/1.3.0-SNAPSHOT/hdds-hadoop-dependency-server-1.3.0-SNAPSHOT.jar:/home/runner/.m2/repository/org/apache/hadoop/hadoop-hdfs/3.3.4/hadoop-hdfs-3.3.4.jar:/home/runner/.m2/repository/org/eclipse/jetty/jetty-util-ajax/9.4.49.v20220914/jetty-util-ajax-9.4.49.v20220914.jar:/home/runner/.m2/repository/commons-daemon/commons-daemon/1.0.13/commons-daemon-1.0.13.jar:/home/runner/.m2/repository/org/apache/ozone/hdds-server-framework/1.3.0-SNAPSHOT/hdds-server-framework-1.3.0-SNAPSHOT.jar:/home/runner/.m2/repository/org/apache/ozone/hdds-interface-server/1.3.0-SNAPSHOT/hdds-interface-server-1.3.0-SNAPSHOT.jar:/home/runner/.m2/repository/org/apache/commons/commons-configuration2/2.1.1/commons-configuration2-2.1.1.jar:/home/runner/.m2/repository/org/apache/logging/log4j/log4j-core/2.17.1/log4j-core-2.17.1.jar:/home/runner/.m2/repository/com/lmax/disruptor/3.4.2/disruptor-3.4.2.jar:/home/runner/.m2/repository/org/eclipse/jetty/jetty-servlet/9.4.49.v20220914/jetty-servlet-9.4.49.v20220914.jar:/home/runner/.m2/repository/org/eclipse/jetty/jetty-security/9.4.49.v20220914/jetty-security-9.4.49.v20220914.jar:/home/runner/.m2/repository/org/rocksdb/rocksdbjni/7.4.5/rocksdbjni-7.4.5.jar:/home/runner/.m2/repository/io/prometheus/simpleclient_dropwizard/0.7.0/simpleclient_dropwizard-0.7.0.jar:/home/runner/.m2/repository/io/prometheus/simpleclient/0.7.0/simpleclient-0.7.0.jar:/home/runner/.m2/repository/io/prometheus/simpleclient_common/0.7.0/simpleclient_common-0.7.0.jar:/home/runner/.m2/repository/com/github/spotbugs/spotbugs-annotations/3.1.12/spotbugs-annotations-3.1.12.jar:/home/runner/.m2/repository/io/dropwizard/metrics/metrics-core/3.2.4/metrics-core-3.2.4.jar:/home/runner/.m2/repository/org/apache/commons/commons-text/1.4/commons-text-1.4.jar:/home/runner/.m2/repository/org/apache/hadoop/hadoop-hdfs-client/3.3.4/hadoop-hdfs-client-3.3.4.jar:/home/runner/.m2/repository/com/squareup/okhttp3/okhttp/4.9.3/okhttp-4.9.3.jar:/home/runner/.m2/repository/com/squareup/okio/okio/2.8.0/okio-2.8.0.jar:/home/runner/.m2/repository/org/jetbrains/kotlin/kotlin-stdlib-common/1.4.10/kotlin-stdlib-common-1.4.10.jar:/home/runner/.m2/repository/org/bouncycastle/bcprov-jdk15on/1.67/bcprov-jdk15on-1.67.jar:/home/runner/.m2/repository/com/google/protobuf/protobuf-java/2.5.0/protobuf-java-2.5.0.jar:/home/runner/.m2/repository/org/apache/ozone/ozone-manager/1.3.0-SNAPSHOT/ozone-manager-1.3.0-SNAPSHOT.jar:/home/runner/.m2/repository/org/aspectj/aspectjrt/1.9.7/aspectjrt-1.9.7.jar:/home/runner/.m2/repository/org/aspectj/aspectjweaver/1.9.7/aspectjweaver-1.9.7.jar:/home/runner/.m2/repository/org/apache/ozone/hdds-interface-client/1.3.0-SNAPSHOT/hdds-interface-client-1.3.0-SNAPSHOT.jar:/home/runner/.m2/repository/org/apache/hadoop/thirdparty/hadoop-shaded-protobuf_3_7/1.1.1/hadoop-shaded-protobuf_3_7-1.1.1.jar:/home/runner/.m2/repository/org/apache/ozone/ozone-interface-storage/1.3.0-SNAPSHOT/ozone-interface-storage-1.3.0-SNAPSHOT.jar:/home/runner/.m2/repository/org/reflections/reflections/0.9.11/reflections-0.9.11.jar:/home/runner/.m2/repository/com/sun/jersey/jersey-client/1.19/jersey-client-1.19.jar:/home/runner/.m2/repository/org/apache/ranger/ranger-intg/2.3.0/ranger-intg-2.3.0.jar:/home/runner/.m2/repository/org/apache/ranger/ranger-plugins-common/2.3.0/ranger-plugins-common-2.3.0.jar:/home/runner/.m2/repository/commons-lang/commons-lang/2.6/commons-lang-2.6.jar:/home/runner/.m2/repository/org/codehaus/jackson/jackson-jaxrs/1.9.13/jackson-jaxrs-1.9.13.jar:/home/runner/.m2/repository/org/apache/ranger/ranger-plugins-cred/2.3.0/ranger-plugins-cred-2.3.0.jar:/home/runner/.m2/repository/org/apache/ranger/ranger-plugins-audit/2.3.0/ranger-plugins-audit-2.3.0.jar:/home/runner/.m2/repository/org/eclipse/jetty/jetty-client/9.4.31.v20200723/jetty-client-9.4.31.v20200723.jar:/home/runner/.m2/repository/org/apache/httpcomponents/httpmime/4.5.6/httpmime-4.5.6.jar:/home/runner/.m2/repository/org/apache/httpcomponents/httpcore-nio/4.4.6/httpcore-nio-4.4.6.jar:/home/runner/.m2/repository/org/apache/httpcomponents/httpasyncclient/4.1.3/httpasyncclient-4.1.3.jar:/home/runner/.m2/repository/com/carrotsearch/hppc/0.8.0/hppc-0.8.0.jar:/home/runner/.m2/repository/org/apache/orc/orc-core/1.5.8/orc-core-1.5.8.jar:/home/runner/.m2/repository/net/java/dev/jna/jna/5.2.0/jna-5.2.0.jar:/home/runner/.m2/repository/net/java/dev/jna/jna-platform/5.2.0/jna-platform-5.2.0.jar:/home/runner/.m2/repository/com/kstruct/gethostname4j/0.0.2/gethostname4j-0.0.2.jar:/home/runner/.m2/repository/org/apache/ranger/ranger-plugin-classloader/2.3.0/ranger-plugin-classloader-2.3.0.jar:/home/runner/.m2/repository/org/apache/hadoop/hadoop-minikdc/3.3.4/hadoop-minikdc-3.3.4.jar:/home/runner/.m2/repository/org/apache/kerby/kerb-simplekdc/1.0.1/kerb-simplekdc-1.0.1.jar:/home/runner/.m2/repository/org/apache/kerby/kerb-client/1.0.1/kerb-client-1.0.1.jar:/home/runner/.m2/repository/org/apache/kerby/kerby-config/1.0.1/kerby-config-1.0.1.jar:/home/runner/.m2/repository/org/apache/kerby/kerb-common/1.0.1/kerb-common-1.0.1.jar:/home/runner/.m2/repository/org/apache/kerby/kerb-crypto/1.0.1/kerb-crypto-1.0.1.jar:/home/runner/.m2/repository/org/apache/kerby/kerb-util/1.0.1/kerb-util-1.0.1.jar:/home/runner/.m2/repository/org/apache/kerby/token-provider/1.0.1/token-provider-1.0.1.jar:/home/runner/.m2/repository/org/apache/kerby/kerb-admin/1.0.1/kerb-admin-1.0.1.jar:/home/runner/.m2/repository/org/apache/kerby/kerb-server/1.0.1/kerb-server-1.0.1.jar:/home/runner/.m2/repository/org/apache/kerby/kerb-identity/1.0.1/kerb-identity-1.0.1.jar:/home/runner/.m2/repository/org/apache/kerby/kerby-xdr/1.0.1/kerby-xdr-1.0.1.jar:/home/runner/.m2/repository/org/apache/ozone/ozone-s3gateway/1.3.0-SNAPSHOT/ozone-s3gateway-1.3.0-SNAPSHOT.jar:/home/runner/.m2/repository/org/javassist/javassist/3.21.0-GA/javassist-3.21.0-GA.jar:/home/runner/.m2/repository/org/jboss/weld/servlet/weld-servlet/2.4.7.Final/weld-servlet-2.4.7.Final.jar:/home/runner/.m2/repository/org/glassfish/jersey/containers/jersey-container-servlet-core/2.34/jersey-container-servlet-core-2.34.jar:/home/runner/.m2/repository/org/glassfish/hk2/external/jakarta.inject/2.6.1/jakarta.inject-2.6.1.jar:/home/runner/.m2/repository/org/glassfish/jersey/core/jersey-common/2.34/jersey-common-2.34.jar:/home/runner/.m2/repository/jakarta/ws/rs/jakarta.ws.rs-api/2.1.6/jakarta.ws.rs-api-2.1.6.jar:/home/runner/.m2/repository/org/glassfish/jersey/ext/cdi/jersey-cdi1x/2.34/jersey-cdi1x-2.34.jar:/home/runner/.m2/repository/org/glassfish/jersey/inject/jersey-hk2/2.34/jersey-hk2-2.34.jar:/home/runner/.m2/repository/org/glassfish/hk2/hk2-locator/2.6.1/hk2-locator-2.6.1.jar:/home/runner/.m2/repository/org/glassfish/jersey/media/jersey-media-jaxb/2.34/jersey-media-jaxb-2.34.jar:/home/runner/.m2/repository/org/glassfish/hk2/osgi-resource-locator/1.0.3/osgi-resource-locator-1.0.3.jar:/home/runner/.m2/repository/org/glassfish/hk2/hk2-api/2.5.0/hk2-api-2.5.0.jar:/home/runner/.m2/repository/org/glassfish/hk2/hk2-utils/2.5.0/hk2-utils-2.5.0.jar:/home/runner/.m2/repository/org/glassfish/hk2/external/aopalliance-repackaged/2.5.0/aopalliance-repackaged-2.5.0.jar:/home/runner/.m2/repository/com/fasterxml/jackson/dataformat/jackson-dataformat-xml/2.13.4/jackson-dataformat-xml-2.13.4.jar:/home/runner/.m2/repository/com/fasterxml/jackson/core/jackson-core/2.13.4/jackson-core-2.13.4.jar:/home/runner/.m2/repository/org/codehaus/woodstox/stax2-api/3.1.4/stax2-api-3.1.4.jar:/home/runner/.m2/repository/com/fasterxml/woodstox/woodstox-core/5.4.0/woodstox-core-5.4.0.jar:/home/runner/.m2/repository/com/fasterxml/jackson/module/jackson-module-jaxb-annotations/2.13.4/jackson-module-jaxb-annotations-2.13.4.jar:/home/runner/.m2/repository/jakarta/xml/bind/jakarta.xml.bind-api/2.3.3/jakarta.xml.bind-api-2.3.3.jar:/home/runner/.m2/repository/jakarta/activation/jakarta.activation-api/1.2.1/jakarta.activation-api-1.2.1.jar:/home/runner/.m2/repository/javax/enterprise/cdi-api/1.2/cdi-api-1.2.jar:/home/runner/.m2/repository/javax/el/javax.el-api/3.0.0/javax.el-api-3.0.0.jar:/home/runner/.m2/repository/javax/interceptor/javax.interceptor-api/1.2/javax.interceptor-api-1.2.jar:/home/runner/.m2/repository/javax/inject/javax.inject/1/javax.inject-1.jar:/home/runner/.m2/repository/javax/xml/bind/jaxb-api/2.3.0/jaxb-api-2.3.0.jar:/home/runner/.m2/repository/org/glassfish/jaxb/jaxb-runtime/2.3.0.1/jaxb-runtime-2.3.0.1.jar:/home/runner/.m2/repository/org/glassfish/jaxb/jaxb-core/2.3.0.1/jaxb-core-2.3.0.1.jar:/home/runner/.m2/repository/org/glassfish/jaxb/txw2/2.3.0.1/txw2-2.3.0.1.jar:/home/runner/.m2/repository/com/sun/istack/istack-commons-runtime/3.0.5/istack-commons-runtime-3.0.5.jar:/home/runner/.m2/repository/org/jvnet/staxex/stax-ex/1.7.8/stax-ex-1.7.8.jar:/home/runner/.m2/repository/com/sun/xml/fastinfoset/FastInfoset/1.2.13/FastInfoset-1.2.13.jar:/home/runner/.m2/repository/javax/activation/activation/1.1.1/activation-1.1.1.jar:/home/runner/.m2/repository/io/grpc/grpc-protobuf/1.48.1/grpc-protobuf-1.48.1.jar:/home/runner/.m2/repository/io/grpc/grpc-api/1.48.1/grpc-api-1.48.1.jar:/home/runner/.m2/repository/io/grpc/grpc-context/1.48.1/grpc-context-1.48.1.jar:/home/runner/.m2/repository/com/google/api/grpc/proto-google-common-protos/2.9.0/proto-google-common-protos-2.9.0.jar:/home/runner/.m2/repository/io/grpc/grpc-protobuf-lite/1.48.1/grpc-protobuf-lite-1.48.1.jar:/home/runner/.m2/repository/io/grpc/grpc-stub/1.48.1/grpc-stub-1.48.1.jar:/home/runner/.m2/repository/io/netty/netty-transport/4.1.79.Final/netty-transport-4.1.79.Final.jar:/home/runner/.m2/repository/io/netty/netty-resolver/4.1.79.Final/netty-resolver-4.1.79.Final.jar:/home/runner/.m2/repository/org/apache/ozone/ozone-csi/1.3.0-SNAPSHOT/ozone-csi-1.3.0-SNAPSHOT.jar:/home/runner/.m2/repository/com/google/protobuf/protobuf-java-util/3.19.2/protobuf-java-util-3.19.2.jar:/home/runner/.m2/repository/com/google/code/gson/gson/2.9.0/gson-2.9.0.jar:/home/runner/.m2/repository/org/apache/ozone/hdds-config/1.3.0-SNAPSHOT/hdds-config-1.3.0-SNAPSHOT.jar:/home/runner/.m2/repository/io/netty/netty-transport-native-epoll/4.1.79.Final/netty-transport-native-epoll-4.1.79.Final-linux-x86_64.jar:/home/runner/.m2/repository/io/netty/netty-transport-classes-epoll/4.1.79.Final/netty-transport-classes-epoll-4.1.79.Final.jar:/home/runner/.m2/repository/io/netty/netty-transport-native-unix-common/4.1.79.Final/netty-transport-native-unix-common-4.1.79.Final.jar:/home/runner/.m2/repository/org/slf4j/slf4j-reload4j/1.7.36/slf4j-reload4j-1.7.36.jar:/home/runner/.m2/repository/org/apache/ozone/ozone-recon/1.3.0-SNAPSHOT/ozone-recon-1.3.0-SNAPSHOT.jar:/home/runner/.m2/repository/org/apache/ozone/ozone-reconcodegen/1.3.0-SNAPSHOT/ozone-reconcodegen-1.3.0-SNAPSHOT.jar:/home/runner/.m2/repository/com/google/inject/extensions/guice-multibindings/4.0/guice-multibindings-4.0.jar:/home/runner/.m2/repository/com/google/inject/guice/4.0/guice-4.0.jar:/home/runner/.m2/repository/aopalliance/aopalliance/1.0/aopalliance-1.0.jar:/home/runner/.m2/repository/com/google/inject/extensions/guice-assistedinject/4.0/guice-assistedinject-4.0.jar:/home/runner/.m2/repository/com/google/inject/extensions/guice-servlet/4.0/guice-servlet-4.0.jar:/home/runner/.m2/repository/org/glassfish/jersey/containers/jersey-container-servlet/2.34/jersey-container-servlet-2.34.jar:/home/runner/.m2/repository/org/glassfish/hk2/guice-bridge/2.5.0/guice-bridge-2.5.0.jar:/home/runner/.m2/repository/org/glassfish/jersey/core/jersey-server/2.34/jersey-server-2.34.jar:/home/runner/.m2/repository/org/glassfish/jersey/core/jersey-client/2.34/jersey-client-2.34.jar:/home/runner/.m2/repository/jakarta/annotation/jakarta.annotation-api/1.3.5/jakarta.annotation-api-1.3.5.jar:/home/runner/.m2/repository/jakarta/validation/jakarta.validation-api/2.0.2/jakarta.validation-api-2.0.2.jar:/home/runner/.m2/repository/org/glassfish/jersey/media/jersey-media-json-jackson/2.34/jersey-media-json-jackson-2.34.jar:/home/runner/.m2/repository/org/glassfish/jersey/ext/jersey-entity-filtering/2.34/jersey-entity-filtering-2.34.jar:/home/runner/.m2/repository/org/jooq/jooq/3.11.10/jooq-3.11.10.jar:/home/runner/.m2/repository/org/jooq/jooq-meta/3.11.10/jooq-meta-3.11.10.jar:/home/runner/.m2/repository/org/jooq/jooq-codegen/3.11.10/jooq-codegen-3.11.10.jar:/home/runner/.m2/repository/com/jolbox/bonecp/0.8.0.RELEASE/bonecp-0.8.0.RELEASE.jar:/home/runner/.m2/repository/org/apache/derby/derby/10.14.2.0/derby-10.14.2.0.jar:/home/runner/.m2/repository/org/xerial/sqlite-jdbc/3.25.2/sqlite-jdbc-3.25.2.jar:/home/runner/.m2/repository/org/springframework/spring-jdbc/5.3.23/spring-jdbc-5.3.23.jar:/home/runner/.m2/repository/org/springframework/spring-beans/5.3.23/spring-beans-5.3.23.jar:/home/runner/.m2/repository/org/springframework/spring-core/5.3.23/spring-core-5.3.23.jar:/home/runner/.m2/repository/org/springframework/spring-jcl/5.3.23/spring-jcl-5.3.23.jar:/home/runner/.m2/repository/org/springframework/spring-tx/5.3.23/spring-tx-5.3.23.jar:/home/runner/.m2/repository/org/apache/ozone/ozone-client/1.3.0-SNAPSHOT/ozone-client-1.3.0-SNAPSHOT.jar:/home/runner/.m2/repository/org/apache/ozone/hdds-erasurecode/1.3.0-SNAPSHOT/hdds-erasurecode-1.3.0-SNAPSHOT.jar:/home/runner/.m2/repository/org/apache/ozone/ozone-filesystem/1.3.0-SNAPSHOT/ozone-filesystem-1.3.0-SNAPSHOT.jar:/home/runner/.m2/repository/org/apache/ozone/ozone-filesystem-common/1.3.0-SNAPSHOT/ozone-filesystem-common-1.3.0-SNAPSHOT.jar:/home/runner/.m2/repository/org/apache/ozone/ozone-tools/1.3.0-SNAPSHOT/ozone-tools-1.3.0-SNAPSHOT.jar:/home/runner/.m2/repository/org/apache/ratis/ratis-tools/2.4.0/ratis-tools-2.4.0.jar:/home/runner/.m2/repository/com/amazonaws/aws-java-sdk-core/1.12.261/aws-java-sdk-core-1.12.261.jar:/home/runner/.m2/repository/org/apache/httpcomponents/httpclient/4.5.13/httpclient-4.5.13.jar:/home/runner/.m2/repository/org/apache/httpcomponents/httpcore/4.4.13/httpcore-4.4.13.jar:/home/runner/.m2/repository/software/amazon/ion/ion-java/1.0.2/ion-java-1.0.2.jar:/home/runner/.m2/repository/com/fasterxml/jackson/dataformat/jackson-dataformat-cbor/2.13.4/jackson-dataformat-cbor-2.13.4.jar:/home/runner/.m2/repository/joda-time/joda-time/2.8.1/joda-time-2.8.1.jar:/home/runner/.m2/repository/com/amazonaws/aws-java-sdk-s3/1.12.261/aws-java-sdk-s3-1.12.261.jar:/home/runner/.m2/repository/com/amazonaws/aws-java-sdk-kms/1.12.261/aws-java-sdk-kms-1.12.261.jar:/home/runner/.m2/repository/com/amazonaws/jmespath-java/1.12.261/jmespath-java-1.12.261.jar:/home/runner/.m2/repository/org/kohsuke/metainf-services/metainf-services/1.8/metainf-services-1.8.jar:/home/runner/.m2/repository/org/apache/ozone/hdds-tools/1.3.0-SNAPSHOT/hdds-tools-1.3.0-SNAPSHOT.jar:/home/runner/.m2/repository/commons-cli/commons-cli/1.2/commons-cli-1.2.jar:/home/runner/.m2/repository/org/apache/commons/commons-lang3/3.7/commons-lang3-3.7.jar:/home/runner/.m2/repository/org/apache/ozone/ozone-manager/1.3.0-SNAPSHOT/ozone-manager-1.3.0-SNAPSHOT-tests.jar:/home/runner/.m2/repository/org/apache/ozone/hdds-common/1.3.0-SNAPSHOT/hdds-common-1.3.0-SNAPSHOT-tests.jar:/home/runner/.m2/repository/org/apache/ozone/hdds-hadoop-dependency-client/1.3.0-SNAPSHOT/hdds-hadoop-dependency-client-1.3.0-SNAPSHOT.jar:/home/runner/.m2/repository/info/picocli/picocli/4.6.1/picocli-4.6.1.jar:/home/runner/.m2/repository/com/fasterxml/jackson/core/jackson-annotations/2.13.4/jackson-annotations-2.13.4.jar:/home/runner/.m2/repository/com/fasterxml/jackson/datatype/jackson-datatype-jsr310/2.13.4/jackson-datatype-jsr310-2.13.4.jar:/home/runner/.m2/repository/org/apache/ozone/hdds-annotation-processing/1.3.0-SNAPSHOT/hdds-annotation-processing-1.3.0-SNAPSHOT.jar:/home/runner/.m2/repository/javax/annotation/javax.annotation-api/1.2/javax.annotation-api-1.2.jar:/home/runner/.m2/repository/org/apache/ratis/ratis-server/2.4.0/ratis-server-2.4.0.jar:/home/runner/.m2/repository/org/apache/ratis/ratis-client/2.4.0/ratis-client-2.4.0.jar:/home/runner/.m2/repository/org/apache/ratis/ratis-server-api/2.4.0/ratis-server-api-2.4.0.jar:/home/runner/.m2/repository/org/apache/ratis/ratis-metrics/2.4.0/ratis-metrics-2.4.0.jar:/home/runner/.m2/repository/org/apache/ratis/ratis-netty/2.4.0/ratis-netty-2.4.0.jar:/home/runner/.m2/repository/org/apache/ratis/ratis-grpc/2.4.0/ratis-grpc-2.4.0.jar:/home/runner/.m2/repository/org/apache/logging/log4j/log4j-api/2.17.1/log4j-api-2.17.1.jar:/home/runner/.m2/repository/org/apache/commons/commons-pool2/2.6.0/commons-pool2-2.6.0.jar:/home/runner/.m2/repository/org/bouncycastle/bcpkix-jdk15on/1.67/bcpkix-jdk15on-1.67.jar:/home/runner/.m2/repository/commons-validator/commons-validator/1.6/commons-validator-1.6.jar:/home/runner/.m2/repository/commons-beanutils/commons-beanutils/1.9.4/commons-beanutils-1.9.4.jar:/home/runner/.m2/repository/commons-digester/commons-digester/1.8.1/commons-digester-1.8.1.jar:/home/runner/.m2/repository/commons-collections/commons-collections/3.2.2/commons-collections-3.2.2.jar:/home/runner/.m2/repository/io/jaegertracing/jaeger-client/1.6.0/jaeger-client-1.6.0.jar:/home/runner/.m2/repository/io/jaegertracing/jaeger-thrift/1.6.0/jaeger-thrift-1.6.0.jar:/home/runner/.m2/repository/org/apache/thrift/libthrift/0.14.1/libthrift-0.14.1.jar:/home/runner/.m2/repository/io/jaegertracing/jaeger-core/1.6.0/jaeger-core-1.6.0.jar:/home/runner/.m2/repository/io/jaegertracing/jaeger-tracerresolver/1.6.0/jaeger-tracerresolver-1.6.0.jar:/home/runner/.m2/repository/io/opentracing/contrib/opentracing-tracerresolver/0.1.8/opentracing-tracerresolver-0.1.8.jar:/home/runner/.m2/repository/org/jetbrains/kotlin/kotlin-stdlib/1.6.21/kotlin-stdlib-1.6.21.jar:/home/runner/.m2/repository/org/jetbrains/annotations/13.0/annotations-13.0.jar:/home/runner/.m2/repository/io/opentracing/opentracing-util/0.33.0/opentracing-util-0.33.0.jar:/home/runner/.m2/repository/io/opentracing/opentracing-api/0.33.0/opentracing-api-0.33.0.jar:/home/runner/.m2/repository/io/opentracing/opentracing-noop/0.33.0/opentracing-noop-0.33.0.jar:/home/runner/.m2/repository/org/yaml/snakeyaml/1.32/snakeyaml-1.32.jar:/home/runner/.m2/repository/org/apache/ozone/hdds-interface-admin/1.3.0-SNAPSHOT/hdds-interface-admin-1.3.0-SNAPSHOT.jar:/home/runner/.m2/repository/junit/junit/4.13.1/junit-4.13.1.jar:/home/runner/.m2/repository/org/hamcrest/hamcrest-core/1.3/hamcrest-core-1.3.jar:/home/runner/.m2/repository/org/junit/jupiter/junit-jupiter-api/5.8.2/junit-jupiter-api-5.8.2.jar:/home/runner/.m2/repository/org/opentest4j/opentest4j/1.2.0/opentest4j-1.2.0.jar:/home/runner/.m2/repository/org/junit/platform/junit-platform-commons/1.8.2/junit-platform-commons-1.8.2.jar:/home/runner/.m2/repository/org/apiguardian/apiguardian-api/1.1.2/apiguardian-api-1.1.2.jar:/home/runner/.m2/repository/org/junit/jupiter/junit-jupiter-params/5.8.2/junit-jupiter-params-5.8.2.jar:/home/runner/.m2/repository/org/junit/jupiter/junit-jupiter-migrationsupport/5.8.2/junit-jupiter-migrationsupport-5.8.2.jar:/home/runner/.m2/repository/org/junit/jupiter/junit-jupiter-engine/5.8.2/junit-jupiter-engine-5.8.2.jar:/home/runner/.m2/repository/org/junit/platform/junit-platform-engine/1.8.2/junit-platform-engine-1.8.2.jar:/home/runner/.m2/repository/org/junit/vintage/junit-vintage-engine/5.8.2/junit-vintage-engine-5.8.2.jar:/home/runner/.m2/repository/org/junit/platform/junit-platform-launcher/1.8.2/junit-platform-launcher-1.8.2.jar:/home/runner/.m2/repository/org/mockito/mockito-core/2.28.2/mockito-core-2.28.2.jar:/home/runner/.m2/repository/net/bytebuddy/byte-buddy/1.9.10/byte-buddy-1.9.10.jar:/home/runner/.m2/repository/net/bytebuddy/byte-buddy-agent/1.9.10/byte-buddy-agent-1.9.10.jar:/home/runner/.m2/repository/org/objenesis/objenesis/1.0/objenesis-1.0.jar:/home/runner/.m2/repository/org/apache/hadoop/hadoop-kms/3.3.4/hadoop-kms-3.3.4.jar:/home/runner/.m2/repository/org/apache/hadoop/hadoop-auth/3.3.4/hadoop-auth-3.3.4.jar:/home/runner/.m2/repository/com/nimbusds/nimbus-jose-jwt/7.9/nimbus-jose-jwt-7.9.jar:/home/runner/.m2/repository/com/github/stephenc/jcip/jcip-annotations/1.0-1/jcip-annotations-1.0-1.jar:/home/runner/.m2/repository/net/minidev/json-smart/2.4.7/json-smart-2.4.7.jar:/home/runner/.m2/repository/net/minidev/accessors-smart/2.4.7/accessors-smart-2.4.7.jar:/home/runner/.m2/repository/org/ow2/asm/asm/5.0.4/asm-5.0.4.jar:/home/runner/.m2/repository/org/apache/zookeeper/zookeeper/3.5.6/zookeeper-3.5.6.jar:/home/runner/.m2/repository/org/apache/zookeeper/zookeeper-jute/3.5.6/zookeeper-jute-3.5.6.jar:/home/runner/.m2/repository/org/apache/yetus/audience-annotations/0.5.0/audience-annotations-0.5.0.jar:/home/runner/.m2/repository/org/apache/curator/curator-framework/4.2.0/curator-framework-4.2.0.jar:/home/runner/.m2/repository/org/apache/hadoop/thirdparty/hadoop-shaded-guava/1.1.1/hadoop-shaded-guava-1.1.1.jar:/home/runner/.m2/repository/com/sun/jersey/jersey-core/1.19/jersey-core-1.19.jar:/home/runner/.m2/repository/javax/ws/rs/jsr311-api/1.1.1/jsr311-api-1.1.1.jar:/home/runner/.m2/repository/com/sun/jersey/jersey-server/1.19/jersey-server-1.19.jar:/home/runner/.m2/repository/javax/servlet/javax.servlet-api/3.1.0/javax.servlet-api-3.1.0.jar:/home/runner/.m2/repository/org/eclipse/jetty/jetty-server/9.4.49.v20220914/jetty-server-9.4.49.v20220914.jar:/home/runner/.m2/repository/org/eclipse/jetty/jetty-http/9.4.49.v20220914/jetty-http-9.4.49.v20220914.jar:/home/runner/.m2/repository/org/eclipse/jetty/jetty-io/9.4.49.v20220914/jetty-io-9.4.49.v20220914.jar:/home/runner/.m2/repository/org/eclipse/jetty/jetty-webapp/9.4.49.v20220914/jetty-webapp-9.4.49.v20220914.jar:/home/runner/.m2/repository/org/eclipse/jetty/jetty-xml/9.4.49.v20220914/jetty-xml-9.4.49.v20220914.jar:/home/runner/.m2/repository/org/apache/hadoop/hadoop-common/3.3.4/hadoop-common-3.3.4.jar:/home/runner/.m2/repository/org/apache/commons/commons-math3/3.1.1/commons-math3-3.1.1.jar:/home/runner/.m2/repository/commons-net/commons-net/3.6/commons-net-3.6.jar:/home/runner/.m2/repository/com/sun/jersey/jersey-servlet/1.19/jersey-servlet-1.19.jar:/home/runner/.m2/repository/com/sun/jersey/jersey-json/1.19/jersey-json-1.19.jar:/home/runner/.m2/repository/org/codehaus/jettison/jettison/1.1/jettison-1.1.jar:/home/runner/.m2/repository/com/sun/xml/bind/jaxb-impl/2.2.3-1/jaxb-impl-2.2.3-1.jar:/home/runner/.m2/repository/org/codehaus/jackson/jackson-xc/1.9.2/jackson-xc-1.9.2.jar:/home/runner/.m2/repository/com/google/re2j/re2j/1.1/re2j-1.1.jar:/home/runner/.m2/repository/com/jcraft/jsch/0.1.54/jsch-0.1.54.jar:/home/runner/.m2/repository/org/apache/curator/curator-client/4.2.0/curator-client-4.2.0.jar:/home/runner/.m2/repository/org/apache/curator/curator-recipes/4.2.0/curator-recipes-4.2.0.jar:/home/runner/.m2/repository/org/apache/kerby/kerb-core/1.0.1/kerb-core-1.0.1.jar:/home/runner/.m2/repository/org/apache/kerby/kerby-pkix/1.0.1/kerby-pkix-1.0.1.jar:/home/runner/.m2/repository/org/apache/kerby/kerby-asn1/1.0.1/kerby-asn1-1.0.1.jar:/home/runner/.m2/repository/org/apache/kerby/kerby-util/1.0.1/kerby-util-1.0.1.jar:/home/runner/.m2/repository/dnsjava/dnsjava/2.1.7/dnsjava-2.1.7.jar:/home/runner/.m2/repository/org/xerial/snappy/snappy-java/1.1.8.2/snappy-java-1.1.8.2.jar:/home/runner/.m2/repository/org/eclipse/jetty/jetty-util/9.4.49.v20220914/jetty-util-9.4.49.v20220914.jar:/home/runner/.m2/repository/com/fasterxml/jackson/core/jackson-databind/2.13.4.2/jackson-databind-2.13.4.2.jar:/home/runner/.m2/repository/org/apache/hadoop/hadoop-kms/3.3.4/hadoop-kms-3.3.4-tests.jar:/home/runner/.m2/repository/org/apache/ozone/hdds-server-scm/1.3.0-SNAPSHOT/hdds-server-scm-1.3.0-SNAPSHOT-tests.jar:/home/runner/.m2/repository/org/apache/ozone/hdds-container-service/1.3.0-SNAPSHOT/hdds-container-service-1.3.0-SNAPSHOT-tests.jar:/home/runner/.m2/repository/commons-codec/commons-codec/1.11/commons-codec-1.11.jar:/home/runner/.m2/repository/io/netty/netty-codec/4.1.79.Final/netty-codec-4.1.79.Final.jar:/home/runner/.m2/repository/io/netty/netty-handler/4.1.79.Final/netty-handler-4.1.79.Final.jar:/home/runner/.m2/repository/org/apache/ozone/hdds-hadoop-dependency-test/1.3.0-SNAPSHOT/hdds-hadoop-dependency-test-1.3.0-SNAPSHOT.jar:/home/runner/.m2/repository/org/apache/hadoop/hadoop-common/3.3.4/hadoop-common-3.3.4-tests.jar:/home/runner/.m2/repository/org/apache/hadoop/hadoop-hdfs/3.3.4/hadoop-hdfs-3.3.4-tests.jar:/home/runner/.m2/repository/org/assertj/assertj-core/3.12.2/assertj-core-3.12.2.jar:/home/runner/.m2/repository/org/apache/hadoop/hadoop-distcp/3.3.4/hadoop-distcp-3.3.4.jar:/home/runner/.m2/repository/org/apache/hadoop/hadoop-mapreduce-client-jobclient/3.3.4/hadoop-mapreduce-client-jobclient-3.3.4.jar:/home/runner/.m2/repository/org/apache/hadoop/hadoop-mapreduce-client-common/3.3.4/hadoop-mapreduce-client-common-3.3.4.jar:/home/runner/.m2/repository/org/apache/hadoop/hadoop-yarn-common/3.3.4/hadoop-yarn-common-3.3.4.jar:/home/runner/.m2/repository/org/apache/hadoop/hadoop-yarn-api/3.3.4/hadoop-yarn-api-3.3.4.jar:/home/runner/.m2/repository/com/sun/jersey/contribs/jersey-guice/1.19/jersey-guice-1.19.jar:/home/runner/.m2/repository/com/fasterxml/jackson/jaxrs/jackson-jaxrs-json-provider/2.13.4/jackson-jaxrs-json-provider-2.13.4.jar:/home/runner/.m2/repository/com/fasterxml/jackson/jaxrs/jackson-jaxrs-base/2.13.4/jackson-jaxrs-base-2.13.4.jar:/home/runner/.m2/repository/org/apache/hadoop/hadoop-yarn-client/3.3.4/hadoop-yarn-client-3.3.4.jar:/home/runner/.m2/repository/org/eclipse/jetty/websocket/websocket-client/9.4.43.v20210629/websocket-client-9.4.43.v20210629.jar:/home/runner/.m2/repository/org/eclipse/jetty/websocket/websocket-common/9.4.43.v20210629/websocket-common-9.4.43.v20210629.jar:/home/runner/.m2/repository/org/eclipse/jetty/websocket/websocket-api/9.4.43.v20210629/websocket-api-9.4.43.v20210629.jar:/home/runner/.m2/repository/org/jline/jline/3.9.0/jline-3.9.0.jar:/home/runner/.m2/repository/org/apache/hadoop/hadoop-mapreduce-client-core/3.3.4/hadoop-mapreduce-client-core-3.3.4.jar:/home/runner/.m2/repository/org/apache/avro/avro/1.7.7/avro-1.7.7.jar:/home/runner/.m2/repository/org/codehaus/jackson/jackson-core-asl/1.9.13/jackson-core-asl-1.9.13.jar:/home/runner/.m2/repository/org/codehaus/jackson/jackson-mapper-asl/1.9.13/jackson-mapper-asl-1.9.13.jar:/home/runner/.m2/repository/com/thoughtworks/paranamer/paranamer/2.3/paranamer-2.3.jar:/home/runner/.m2/repository/org/apache/hadoop/hadoop-annotations/3.3.4/hadoop-annotations-3.3.4.jar:/usr/lib/jvm/temurin-8-jdk-amd64/jre/../lib/tools.jar:/home/runner/.m2/repository/io/netty/netty/3.10.6.Final/netty-3.10.6.Final.jar:/home/runner/.m2/repository/org/apache/hadoop/hadoop-distcp/3.3.4/hadoop-distcp-3.3.4-tests.jar:/home/runner/.m2/repository/org/slf4j/jul-to-slf4j/1.7.36/jul-to-slf4j-1.7.36.jar:/home/runner/.m2/repository/org/apache/ratis/ratis-common/2.4.0/ratis-common-2.4.0.jar:/home/runner/.m2/repository/org/apache/ratis/ratis-thirdparty-misc/1.0.2/ratis-thirdparty-misc-1.0.2.jar:/home/runner/.m2/repository/org/apache/ratis/ratis-proto/2.4.0/ratis-proto-2.4.0.jar:"/>
    <property name="sun.cpu.endian" value="little"/>
    <property name="user.home" value="/home/runner"/>
    <property name="user.language" value="en"/>
    <property name="java.specification.vendor" value="Oracle Corporation"/>
    <property name="java.home" value="/usr/lib/jvm/temurin-8-jdk-amd64/jre"/>
    <property name="java.security.krb5.conf" value="/home/runner/work/ozone/ozone/hadoop-ozone/integration-test/target/test-classes/krb5.conf"/>
    <property name="basedir" value="/home/runner/work/ozone/ozone/hadoop-ozone/integration-test"/>
    <property name="file.separator" value="/"/>
    <property name="line.separator" value="&#10;"/>
    <property name="java.vm.specification.vendor" value="Oracle Corporation"/>
    <property name="java.specification.name" value="Java Platform API Specification"/>
    <property name="java.awt.graphicsenv" value="sun.awt.X11GraphicsEnvironment"/>
    <property name="skip.installnpx" value="true"/>
    <property name="surefire.real.class.path" value="/home/runner/work/ozone/ozone/hadoop-ozone/integration-test/target/surefire/surefirebooter5960251040591367953.jar:/home/runner/.m2/repository/org/jacoco/org.jacoco.agent/0.8.5/org.jacoco.agent-0.8.5-runtime.jar"/>
    <property name="hadoop.log.dir" value="/home/runner/work/ozone/ozone/hadoop-ozone/integration-test/target/log"/>
    <property name="sun.boot.class.path" value="/usr/lib/jvm/temurin-8-jdk-amd64/jre/lib/resources.jar:/usr/lib/jvm/temurin-8-jdk-amd64/jre/lib/rt.jar:/usr/lib/jvm/temurin-8-jdk-amd64/jre/lib/sunrsasign.jar:/usr/lib/jvm/temurin-8-jdk-amd64/jre/lib/jsse.jar:/usr/lib/jvm/temurin-8-jdk-amd64/jre/lib/jce.jar:/usr/lib/jvm/temurin-8-jdk-amd64/jre/lib/charsets.jar:/usr/lib/jvm/temurin-8-jdk-amd64/jre/lib/jfr.jar:/usr/lib/jvm/temurin-8-jdk-amd64/jre/classes"/>
    <property name="sun.management.compiler" value="HotSpot 64-Bit Tiered Compilers"/>
    <property name="skip.npx" value="true"/>
    <property name="java.runtime.version" value="1.8.0_345-b01"/>
    <property name="java.net.preferIPv4Stack" value="true"/>
    <property name="user.name" value="runner"/>
    <property name="path.separator" value=":"/>
    <property name="java.security.egd" value="file:///dev/urandom"/>
    <property name="os.version" value="5.15.0-1022-azure"/>
    <property name="java.endorsed.dirs" value="/usr/lib/jvm/temurin-8-jdk-amd64/jre/lib/endorsed"/>
    <property name="java.runtime.name" value="OpenJDK Runtime Environment"/>
    <property name="file.encoding" value="UTF-8"/>
    <property name="java.vm.name" value="OpenJDK 64-Bit Server VM"/>
    <property name="test.build.webapps" value=""/>
    <property name="localRepository" value="/home/runner/.m2/repository"/>
    <property name="jetty.git.hash" value="4231a3b2e4cb8548a412a789936d640a97b1aa0a"/>
    <property name="java.vendor.url.bug" value="https://github.com/adoptium/adoptium-support/issues"/>
    <property name="java.io.tmpdir" value="/tmp"/>
    <property name="require.test.libhadoop" value=""/>
    <property name="java.version" value="1.8.0_345"/>
    <property name="user.dir" value="/home/runner/work/ozone/ozone/hadoop-ozone/integration-test"/>
    <property name="os.arch" value="amd64"/>
    <property name="java.vm.specification.name" value="Java Virtual Machine Specification"/>
    <property name="test.build.classes" value="/home/runner/work/ozone/ozone/hadoop-ozone/integration-test/target/test-classes"/>
    <property name="java.awt.printerjob" value="sun.print.PSPrinterJob"/>
    <property name="sun.os.patch.level" value="unknown"/>
    <property name="org.apache.ratis.thirdparty.io.netty.allocator.useCacheForAllThreads" value="false"/>
    <property name="hadoop.tmp.dir" value="/home/runner/work/ozone/ozone/hadoop-ozone/integration-test/target/tmp"/>
    <property name="java.library.path" value="/usr/java/packages/lib/amd64:/usr/lib64:/lib64:/lib:/usr/lib"/>
    <property name="java.vm.info" value="mixed mode"/>
    <property name="java.vendor" value="Temurin"/>
    <property name="java.vm.version" value="25.345-b01"/>
    <property name="java.ext.dirs" value="/usr/lib/jvm/temurin-8-jdk-amd64/jre/lib/ext:/usr/java/packages/lib/ext"/>
    <property name="sun.io.unicode.encoding" value="UnicodeLittle"/>
    <property name="java.class.version" value="52.0"/>
  </properties>
  <testcase name="testContainerRecoveryOverReplicationProcessing" classname="org.apache.hadoop.ozone.container.TestECContainerRecovery" time="106.749">
    <error type="java.util.concurrent.TimeoutException"><![CDATA[java.util.concurrent.TimeoutException: 
Timed out waiting for condition. Thread diagnostics:
Timestamp: 2022-11-03 05:25:05,535

"Datanode ReportManager Thread - 0" daemon prio=5 tid=274 in Object.wait()
java.lang.Thread.State: WAITING (on object monitor)
        at sun.misc.Unsafe.park(Native Method)
        at java.util.concurrent.locks.LockSupport.park(LockSupport.java:175)
        at java.util.concurrent.locks.AbstractQueuedSynchronizer$ConditionObject.await(AbstractQueuedSynchronizer.java:2039)
        at java.util.concurrent.ScheduledThreadPoolExecutor$DelayedWorkQueue.take(ScheduledThreadPoolExecutor.java:1088)
        at java.util.concurrent.ScheduledThreadPoolExecutor$DelayedWorkQueue.take(ScheduledThreadPoolExecutor.java:809)
        at java.util.concurrent.ThreadPoolExecutor.getTask(ThreadPoolExecutor.java:1074)
        at java.util.concurrent.ThreadPoolExecutor.runWorker(ThreadPoolExecutor.java:1134)
        at java.util.concurrent.ThreadPoolExecutor$Worker.run(ThreadPoolExecutor.java:624)
        at java.lang.Thread.run(Thread.java:750)
"JvmPauseMonitor9" daemon prio=5 tid=548 timed_waiting
java.lang.Thread.State: TIMED_WAITING
        at java.lang.Thread.sleep(Native Method)
        at java.lang.Thread.sleep(Thread.java:342)
        at java.util.concurrent.TimeUnit.sleep(TimeUnit.java:386)
        at org.apache.ratis.util.TimeDuration.sleep(TimeDuration.java:325)
        at org.apache.ratis.util.TimeDuration.sleep(TimeDuration.java:310)
        at org.apache.ratis.util.JvmPauseMonitor.detectPause(JvmPauseMonitor.java:119)
        at org.apache.ratis.util.JvmPauseMonitor.run(JvmPauseMonitor.java:108)
        at org.apache.ratis.util.JvmPauseMonitor$$Lambda$706/577778412.run(Unknown Source)
        at java.lang.Thread.run(Thread.java:750)
"qtp602120831-117" daemon prio=5 tid=117 timed_waiting
java.lang.Thread.State: TIMED_WAITING
        at sun.misc.Unsafe.park(Native Method)
        at java.util.concurrent.locks.LockSupport.parkNanos(LockSupport.java:215)
        at java.util.concurrent.locks.AbstractQueuedSynchronizer$ConditionObject.awaitNanos(AbstractQueuedSynchronizer.java:2078)
        at org.eclipse.jetty.util.BlockingArrayQueue.poll(BlockingArrayQueue.java:382)
        at org.eclipse.jetty.util.thread.QueuedThreadPool$Runner.idleJobPoll(QueuedThreadPool.java:974)
        at org.eclipse.jetty.util.thread.QueuedThreadPool$Runner.run(QueuedThreadPool.java:1018)
        at java.lang.Thread.run(Thread.java:750)
"Datanode ReportManager Thread - 3" daemon prio=5 tid=277 in Object.wait()
java.lang.Thread.State: WAITING (on object monitor)
        at sun.misc.Unsafe.park(Native Method)
        at java.util.concurrent.locks.LockSupport.park(LockSupport.java:175)
        at java.util.concurrent.locks.AbstractQueuedSynchronizer$ConditionObject.await(AbstractQueuedSynchronizer.java:2039)
        at java.util.concurrent.ScheduledThreadPoolExecutor$DelayedWorkQueue.take(ScheduledThreadPoolExecutor.java:1088)
        at java.util.concurrent.ScheduledThreadPoolExecutor$DelayedWorkQueue.take(ScheduledThreadPoolExecutor.java:809)
        at java.util.concurrent.ThreadPoolExecutor.getTask(ThreadPoolExecutor.java:1074)
        at java.util.concurrent.ThreadPoolExecutor.runWorker(ThreadPoolExecutor.java:1134)
        at java.util.concurrent.ThreadPoolExecutor$Worker.run(ThreadPoolExecutor.java:624)
        at java.lang.Thread.run(Thread.java:750)
"ChunkWriter-0-0" daemon prio=5 tid=519 in Object.wait()
java.lang.Thread.State: WAITING (on object monitor)
        at sun.misc.Unsafe.park(Native Method)
        at java.util.concurrent.locks.LockSupport.park(LockSupport.java:175)
        at java.util.concurrent.locks.AbstractQueuedSynchronizer$ConditionObject.await(AbstractQueuedSynchronizer.java:2039)
        at java.util.concurrent.LinkedBlockingDeque.takeFirst(LinkedBlockingDeque.java:492)
        at java.util.concurrent.LinkedBlockingDeque.take(LinkedBlockingDeque.java:680)
        at java.util.concurrent.ThreadPoolExecutor.getTask(ThreadPoolExecutor.java:1074)
        at java.util.concurrent.ThreadPoolExecutor.runWorker(ThreadPoolExecutor.java:1134)
        at java.util.concurrent.ThreadPoolExecutor$Worker.run(ThreadPoolExecutor.java:624)
        at java.lang.Thread.run(Thread.java:750)
"SCMBlockDeletingService#0" daemon prio=5 tid=107 timed_waiting
java.lang.Thread.State: TIMED_WAITING
        at sun.misc.Unsafe.park(Native Method)
        at java.util.concurrent.locks.LockSupport.parkNanos(LockSupport.java:215)
        at java.util.concurrent.locks.AbstractQueuedSynchronizer$ConditionObject.awaitNanos(AbstractQueuedSynchronizer.java:2078)
        at java.util.concurrent.ScheduledThreadPoolExecutor$DelayedWorkQueue.take(ScheduledThreadPoolExecutor.java:1093)
        at java.util.concurrent.ScheduledThreadPoolExecutor$DelayedWorkQueue.take(ScheduledThreadPoolExecutor.java:809)
        at java.util.concurrent.ThreadPoolExecutor.getTask(ThreadPoolExecutor.java:1074)
        at java.util.concurrent.ThreadPoolExecutor.runWorker(ThreadPoolExecutor.java:1134)
        at java.util.concurrent.ThreadPoolExecutor$Worker.run(ThreadPoolExecutor.java:624)
        at java.lang.Thread.run(Thread.java:750)
"Datanode State Machine Task Thread - 0"  prio=5 tid=486 in Object.wait()
java.lang.Thread.State: WAITING (on object monitor)
        at sun.misc.Unsafe.park(Native Method)
        at java.util.concurrent.locks.LockSupport.park(LockSupport.java:175)
        at java.util.concurrent.locks.AbstractQueuedSynchronizer$ConditionObject.await(AbstractQueuedSynchronizer.java:2039)
        at java.util.concurrent.LinkedBlockingQueue.take(LinkedBlockingQueue.java:442)
        at java.util.concurrent.ThreadPoolExecutor.getTask(ThreadPoolExecutor.java:1074)
        at java.util.concurrent.ThreadPoolExecutor.runWorker(ThreadPoolExecutor.java:1134)
        at java.util.concurrent.ThreadPoolExecutor$Worker.run(ThreadPoolExecutor.java:624)
        at java.lang.Thread.run(Thread.java:750)
"Datanode State Machine Task Thread - 1"  prio=5 tid=530 in Object.wait()
java.lang.Thread.State: WAITING (on object monitor)
        at sun.misc.Unsafe.park(Native Method)
        at java.util.concurrent.locks.LockSupport.park(LockSupport.java:175)
        at java.util.concurrent.locks.AbstractQueuedSynchronizer$ConditionObject.await(AbstractQueuedSynchronizer.java:2039)
        at java.util.concurrent.LinkedBlockingQueue.take(LinkedBlockingQueue.java:442)
        at java.util.concurrent.ThreadPoolExecutor.getTask(ThreadPoolExecutor.java:1074)
        at java.util.concurrent.ThreadPoolExecutor.runWorker(ThreadPoolExecutor.java:1134)
        at java.util.concurrent.ThreadPoolExecutor$Worker.run(ThreadPoolExecutor.java:624)
        at java.lang.Thread.run(Thread.java:750)
"Datanode ReportManager Thread - 0" daemon prio=5 tid=222 in Object.wait()
java.lang.Thread.State: WAITING (on object monitor)
        at sun.misc.Unsafe.park(Native Method)
        at java.util.concurrent.locks.LockSupport.park(LockSupport.java:175)
        at java.util.concurrent.locks.AbstractQueuedSynchronizer$ConditionObject.await(AbstractQueuedSynchronizer.java:2039)
        at java.util.concurrent.ScheduledThreadPoolExecutor$DelayedWorkQueue.take(ScheduledThreadPoolExecutor.java:1088)
        at java.util.concurrent.ScheduledThreadPoolExecutor$DelayedWorkQueue.take(ScheduledThreadPoolExecutor.java:809)
        at java.util.concurrent.ThreadPoolExecutor.getTask(ThreadPoolExecutor.java:1074)
        at java.util.concurrent.ThreadPoolExecutor.runWorker(ThreadPoolExecutor.java:1134)
        at java.util.concurrent.ThreadPoolExecutor$Worker.run(ThreadPoolExecutor.java:624)
        at java.lang.Thread.run(Thread.java:750)
"Socket Reader #1 for port 0"  prio=5 tid=28 runnable
java.lang.Thread.State: RUNNABLE
        at sun.nio.ch.EPollArrayWrapper.epollWait(Native Method)
        at sun.nio.ch.EPollArrayWrapper.poll(EPollArrayWrapper.java:269)
        at sun.nio.ch.EPollSelectorImpl.doSelect(EPollSelectorImpl.java:93)
        at sun.nio.ch.SelectorImpl.lockAndDoSelect(SelectorImpl.java:86)
        at sun.nio.ch.SelectorImpl.select(SelectorImpl.java:97)
        at sun.nio.ch.SelectorImpl.select(SelectorImpl.java:101)
        at org.apache.hadoop.ipc.Server$Listener$Reader.doRunLoop(Server.java:1296)
        at org.apache.hadoop.ipc.Server$Listener$Reader.run(Server.java:1275)
"IPC Server handler 1 on default port 40235" daemon prio=5 tid=155 timed_waiting
java.lang.Thread.State: TIMED_WAITING
        at sun.misc.Unsafe.park(Native Method)
        at java.util.concurrent.locks.LockSupport.parkNanos(LockSupport.java:215)
        at java.util.concurrent.locks.AbstractQueuedSynchronizer$ConditionObject.awaitNanos(AbstractQueuedSynchronizer.java:2078)
        at java.util.concurrent.LinkedBlockingQueue.poll(LinkedBlockingQueue.java:467)
        at org.apache.hadoop.ipc.CallQueueManager.take(CallQueueManager.java:317)
        at org.apache.hadoop.ipc.Server$Handler.run(Server.java:2942)
"ChunkReader-ELG-0" daemon prio=5 tid=561 runnable
java.lang.Thread.State: RUNNABLE
        at org.apache.ratis.thirdparty.io.netty.channel.epoll.Native.epollWait0(Native Method)
        at org.apache.ratis.thirdparty.io.netty.channel.epoll.Native.epollWait(Native.java:182)
        at org.apache.ratis.thirdparty.io.netty.channel.epoll.EpollEventLoop.epollWait(EpollEventLoop.java:290)
        at org.apache.ratis.thirdparty.io.netty.channel.epoll.EpollEventLoop.run(EpollEventLoop.java:354)
        at org.apache.ratis.thirdparty.io.netty.util.concurrent.SingleThreadEventExecutor$4.run(SingleThreadEventExecutor.java:995)
        at org.apache.ratis.thirdparty.io.netty.util.internal.ThreadExecutorMap$2.run(ThreadExecutorMap.java:74)
        at java.lang.Thread.run(Thread.java:750)
"BlockDeletingService#0" daemon prio=5 tid=360 in Object.wait()
java.lang.Thread.State: WAITING (on object monitor)
        at sun.misc.Unsafe.park(Native Method)
        at java.util.concurrent.locks.LockSupport.park(LockSupport.java:175)
        at java.util.concurrent.locks.AbstractQueuedSynchronizer$ConditionObject.await(AbstractQueuedSynchronizer.java:2039)
        at java.util.concurrent.ScheduledThreadPoolExecutor$DelayedWorkQueue.take(ScheduledThreadPoolExecutor.java:1088)
        at java.util.concurrent.ScheduledThreadPoolExecutor$DelayedWorkQueue.take(ScheduledThreadPoolExecutor.java:809)
        at java.util.concurrent.ThreadPoolExecutor.getTask(ThreadPoolExecutor.java:1074)
        at java.util.concurrent.ThreadPoolExecutor.runWorker(ThreadPoolExecutor.java:1134)
        at java.util.concurrent.ThreadPoolExecutor$Worker.run(ThreadPoolExecutor.java:624)
        at java.lang.Thread.run(Thread.java:750)
"IPC Server handler 3 on default port 33617" daemon prio=5 tid=50 timed_waiting
java.lang.Thread.State: TIMED_WAITING
        at sun.misc.Unsafe.park(Native Method)
        at java.util.concurrent.locks.LockSupport.parkNanos(LockSupport.java:215)
        at java.util.concurrent.locks.AbstractQueuedSynchronizer$ConditionObject.awaitNanos(AbstractQueuedSynchronizer.java:2078)
        at java.util.concurrent.LinkedBlockingQueue.poll(LinkedBlockingQueue.java:467)
        at org.apache.hadoop.ipc.CallQueueManager.take(CallQueueManager.java:317)
        at org.apache.hadoop.ipc.Server$Handler.run(Server.java:2942)
"IPC Server handler 17 on default port 40235" daemon prio=5 tid=171 timed_waiting
java.lang.Thread.State: TIMED_WAITING
        at sun.misc.Unsafe.park(Native Method)
        at java.util.concurrent.locks.LockSupport.parkNanos(LockSupport.java:215)
        at java.util.concurrent.locks.AbstractQueuedSynchronizer$ConditionObject.awaitNanos(AbstractQueuedSynchronizer.java:2078)
        at java.util.concurrent.LinkedBlockingQueue.poll(LinkedBlockingQueue.java:467)
        at org.apache.hadoop.ipc.CallQueueManager.take(CallQueueManager.java:317)
        at org.apache.hadoop.ipc.Server$Handler.run(Server.java:2942)
"pool-31-thread-1"  prio=5 tid=109 timed_waiting
java.lang.Thread.State: TIMED_WAITING
        at sun.misc.Unsafe.park(Native Method)
        at java.util.concurrent.locks.LockSupport.parkNanos(LockSupport.java:215)
        at java.util.concurrent.locks.AbstractQueuedSynchronizer$ConditionObject.awaitNanos(AbstractQueuedSynchronizer.java:2078)
        at java.util.concurrent.ScheduledThreadPoolExecutor$DelayedWorkQueue.take(ScheduledThreadPoolExecutor.java:1093)
        at java.util.concurrent.ScheduledThreadPoolExecutor$DelayedWorkQueue.take(ScheduledThreadPoolExecutor.java:809)
        at java.util.concurrent.ThreadPoolExecutor.getTask(ThreadPoolExecutor.java:1074)
        at java.util.concurrent.ThreadPoolExecutor.runWorker(ThreadPoolExecutor.java:1134)
        at java.util.concurrent.ThreadPoolExecutor$Worker.run(ThreadPoolExecutor.java:624)
        at java.lang.Thread.run(Thread.java:750)
"IPC Server handler 17 on default port 38821" daemon prio=5 tid=84 timed_waiting
java.lang.Thread.State: TIMED_WAITING
        at sun.misc.Unsafe.park(Native Method)
        at java.util.concurrent.locks.LockSupport.parkNanos(LockSupport.java:215)
        at java.util.concurrent.locks.AbstractQueuedSynchronizer$ConditionObject.awaitNanos(AbstractQueuedSynchronizer.java:2078)
        at java.util.concurrent.LinkedBlockingQueue.poll(LinkedBlockingQueue.java:467)
        at org.apache.hadoop.ipc.CallQueueManager.take(CallQueueManager.java:317)
        at org.apache.hadoop.ipc.Server$Handler.run(Server.java:2942)
"Datanode State Machine Task Thread - 0"  prio=5 tid=448 in Object.wait()
java.lang.Thread.State: WAITING (on object monitor)
        at sun.misc.Unsafe.park(Native Method)
        at java.util.concurrent.locks.LockSupport.park(LockSupport.java:175)
        at java.util.concurrent.locks.AbstractQueuedSynchronizer$ConditionObject.await(AbstractQueuedSynchronizer.java:2039)
        at java.util.concurrent.LinkedBlockingQueue.take(LinkedBlockingQueue.java:442)
        at java.util.concurrent.ThreadPoolExecutor.getTask(ThreadPoolExecutor.java:1074)
        at java.util.concurrent.ThreadPoolExecutor.runWorker(ThreadPoolExecutor.java:1134)
        at java.util.concurrent.ThreadPoolExecutor$Worker.run(ThreadPoolExecutor.java:624)
        at java.lang.Thread.run(Thread.java:750)
"Datanode ReportManager Thread - 2" daemon prio=5 tid=224 timed_waiting
java.lang.Thread.State: TIMED_WAITING
        at sun.misc.Unsafe.park(Native Method)
        at java.util.concurrent.locks.LockSupport.parkNanos(LockSupport.java:215)
        at java.util.concurrent.locks.AbstractQueuedSynchronizer$ConditionObject.awaitNanos(AbstractQueuedSynchronizer.java:2078)
        at java.util.concurrent.ScheduledThreadPoolExecutor$DelayedWorkQueue.take(ScheduledThreadPoolExecutor.java:1093)
        at java.util.concurrent.ScheduledThreadPoolExecutor$DelayedWorkQueue.take(ScheduledThreadPoolExecutor.java:809)
        at java.util.concurrent.ThreadPoolExecutor.getTask(ThreadPoolExecutor.java:1074)
        at java.util.concurrent.ThreadPoolExecutor.runWorker(ThreadPoolExecutor.java:1134)
        at java.util.concurrent.ThreadPoolExecutor$Worker.run(ThreadPoolExecutor.java:624)
        at java.lang.Thread.run(Thread.java:750)
"pool-246-thread-1"  prio=5 tid=380 timed_waiting
java.lang.Thread.State: TIMED_WAITING
        at sun.misc.Unsafe.park(Native Method)
        at java.util.concurrent.locks.LockSupport.parkNanos(LockSupport.java:215)
        at java.util.concurrent.locks.AbstractQueuedSynchronizer$ConditionObject.awaitNanos(AbstractQueuedSynchronizer.java:2078)
        at java.util.concurrent.ScheduledThreadPoolExecutor$DelayedWorkQueue.take(ScheduledThreadPoolExecutor.java:1093)
        at java.util.concurrent.ScheduledThreadPoolExecutor$DelayedWorkQueue.take(ScheduledThreadPoolExecutor.java:809)
        at java.util.concurrent.ThreadPoolExecutor.getTask(ThreadPoolExecutor.java:1074)
        at java.util.concurrent.ThreadPoolExecutor.runWorker(ThreadPoolExecutor.java:1134)
        at java.util.concurrent.ThreadPoolExecutor$Worker.run(ThreadPoolExecutor.java:624)
        at java.lang.Thread.run(Thread.java:750)
"om1@group-C5BA1605619E-SegmentedRaftLogWorker"  prio=5 tid=135 timed_waiting
java.lang.Thread.State: TIMED_WAITING
        at sun.misc.Unsafe.park(Native Method)
        at java.util.concurrent.locks.LockSupport.parkNanos(LockSupport.java:215)
        at java.util.concurrent.locks.AbstractQueuedSynchronizer$ConditionObject.awaitNanos(AbstractQueuedSynchronizer.java:2078)
        at org.apache.ratis.util.DataBlockingQueue.poll(DataBlockingQueue.java:148)
        at org.apache.ratis.server.raftlog.segmented.SegmentedRaftLogWorker.run(SegmentedRaftLogWorker.java:310)
        at org.apache.ratis.server.raftlog.segmented.SegmentedRaftLogWorker$$Lambda$665/306525361.run(Unknown Source)
        at java.lang.Thread.run(Thread.java:750)
"BlockDeletingService#2" daemon prio=5 tid=888 in Object.wait()
java.lang.Thread.State: WAITING (on object monitor)
        at sun.misc.Unsafe.park(Native Method)
        at java.util.concurrent.locks.LockSupport.park(LockSupport.java:175)
        at java.util.concurrent.locks.AbstractQueuedSynchronizer$ConditionObject.await(AbstractQueuedSynchronizer.java:2039)
        at java.util.concurrent.ScheduledThreadPoolExecutor$DelayedWorkQueue.take(ScheduledThreadPoolExecutor.java:1088)
        at java.util.concurrent.ScheduledThreadPoolExecutor$DelayedWorkQueue.take(ScheduledThreadPoolExecutor.java:809)
        at java.util.concurrent.ThreadPoolExecutor.getTask(ThreadPoolExecutor.java:1074)
        at java.util.concurrent.ThreadPoolExecutor.runWorker(ThreadPoolExecutor.java:1134)
        at java.util.concurrent.ThreadPoolExecutor$Worker.run(ThreadPoolExecutor.java:624)
        at java.lang.Thread.run(Thread.java:750)
"IPC Server handler 14 on default port 34199" daemon prio=5 tid=101 timed_waiting
java.lang.Thread.State: TIMED_WAITING
        at sun.misc.Unsafe.park(Native Method)
        at java.util.concurrent.locks.LockSupport.parkNanos(LockSupport.java:215)
        at java.util.concurrent.locks.AbstractQueuedSynchronizer$ConditionObject.awaitNanos(AbstractQueuedSynchronizer.java:2078)
        at java.util.concurrent.LinkedBlockingQueue.poll(LinkedBlockingQueue.java:467)
        at org.apache.hadoop.ipc.CallQueueManager.take(CallQueueManager.java:317)
        at org.apache.hadoop.ipc.Server$Handler.run(Server.java:2942)
"1397ad66-7a30-4622-84c4-76091eab1ef3@group-328117242DA8->edbb8909-d467-4274-b253-e11b41a723b1-GrpcLogAppender-LogAppenderDaemon" daemon prio=5 tid=834 timed_waiting
java.lang.Thread.State: TIMED_WAITING
        at sun.misc.Unsafe.park(Native Method)
        at java.util.concurrent.locks.LockSupport.parkNanos(LockSupport.java:215)
        at java.util.concurrent.CompletableFuture$Signaller.block(CompletableFuture.java:1709)
        at java.util.concurrent.ForkJoinPool.managedBlock(ForkJoinPool.java:3323)
        at java.util.concurrent.CompletableFuture.timedGet(CompletableFuture.java:1788)
        at java.util.concurrent.CompletableFuture.get(CompletableFuture.java:1928)
        at org.apache.ratis.util.AwaitForSignal.await(AwaitForSignal.java:56)
        at org.apache.ratis.grpc.server.GrpcLogAppender.mayWait(GrpcLogAppender.java:198)
        at org.apache.ratis.grpc.server.GrpcLogAppender.run(GrpcLogAppender.java:148)
        at org.apache.ratis.server.leader.LogAppenderDaemon.run(LogAppenderDaemon.java:78)
        at org.apache.ratis.server.leader.LogAppenderDaemon$$Lambda$1040/1326312005.run(Unknown Source)
        at java.lang.Thread.run(Thread.java:750)
"StaleRecoveringContainerScrubbingService#1" daemon prio=5 tid=400 timed_waiting
java.lang.Thread.State: TIMED_WAITING
        at sun.misc.Unsafe.park(Native Method)
        at java.util.concurrent.locks.LockSupport.parkNanos(LockSupport.java:215)
        at java.util.concurrent.locks.AbstractQueuedSynchronizer$ConditionObject.awaitNanos(AbstractQueuedSynchronizer.java:2078)
        at java.util.concurrent.ScheduledThreadPoolExecutor$DelayedWorkQueue.take(ScheduledThreadPoolExecutor.java:1093)
        at java.util.concurrent.ScheduledThreadPoolExecutor$DelayedWorkQueue.take(ScheduledThreadPoolExecutor.java:809)
        at java.util.concurrent.ThreadPoolExecutor.getTask(ThreadPoolExecutor.java:1074)
        at java.util.concurrent.ThreadPoolExecutor.runWorker(ThreadPoolExecutor.java:1134)
        at java.util.concurrent.ThreadPoolExecutor$Worker.run(ThreadPoolExecutor.java:624)
        at java.lang.Thread.run(Thread.java:750)
"BlockDeletingService#2" daemon prio=5 tid=893 in Object.wait()
java.lang.Thread.State: WAITING (on object monitor)
        at sun.misc.Unsafe.park(Native Method)
        at java.util.concurrent.locks.LockSupport.park(LockSupport.java:175)
        at java.util.concurrent.locks.AbstractQueuedSynchronizer$ConditionObject.await(AbstractQueuedSynchronizer.java:2039)
        at java.util.concurrent.ScheduledThreadPoolExecutor$DelayedWorkQueue.take(ScheduledThreadPoolExecutor.java:1088)
        at java.util.concurrent.ScheduledThreadPoolExecutor$DelayedWorkQueue.take(ScheduledThreadPoolExecutor.java:809)
        at java.util.concurrent.ThreadPoolExecutor.getTask(ThreadPoolExecutor.java:1074)
        at java.util.concurrent.ThreadPoolExecutor.runWorker(ThreadPoolExecutor.java:1134)
        at java.util.concurrent.ThreadPoolExecutor$Worker.run(ThreadPoolExecutor.java:624)
        at java.lang.Thread.run(Thread.java:750)
"StaleRecoveringContainerScrubbingService#0" daemon prio=5 tid=437 in Object.wait()
java.lang.Thread.State: WAITING (on object monitor)
        at sun.misc.Unsafe.park(Native Method)
        at java.util.concurrent.locks.LockSupport.park(LockSupport.java:175)
        at java.util.concurrent.locks.AbstractQueuedSynchronizer$ConditionObject.await(AbstractQueuedSynchronizer.java:2039)
        at java.util.concurrent.ScheduledThreadPoolExecutor$DelayedWorkQueue.take(ScheduledThreadPoolExecutor.java:1088)
        at java.util.concurrent.ScheduledThreadPoolExecutor$DelayedWorkQueue.take(ScheduledThreadPoolExecutor.java:809)
        at java.util.concurrent.ThreadPoolExecutor.getTask(ThreadPoolExecutor.java:1074)
        at java.util.concurrent.ThreadPoolExecutor.runWorker(ThreadPoolExecutor.java:1134)
        at java.util.concurrent.ThreadPoolExecutor$Worker.run(ThreadPoolExecutor.java:624)
        at java.lang.Thread.run(Thread.java:750)
"OMDoubleBufferFlushThread" daemon prio=5 tid=125 timed_waiting
java.lang.Thread.State: TIMED_WAITING
        at java.lang.Object.wait(Native Method)
        at org.apache.hadoop.ozone.om.ratis.OzoneManagerDoubleBuffer.canFlush(OzoneManagerDoubleBuffer.java:538)
        at org.apache.hadoop.ozone.om.ratis.OzoneManagerDoubleBuffer.flushTransactions(OzoneManagerDoubleBuffer.java:268)
        at org.apache.hadoop.ozone.om.ratis.OzoneManagerDoubleBuffer$$Lambda$504/1445675891.run(Unknown Source)
        at java.lang.Thread.run(Thread.java:750)
"StaleRecoveringContainerScrubbingService#1" daemon prio=5 tid=363 timed_waiting
java.lang.Thread.State: TIMED_WAITING
        at sun.misc.Unsafe.park(Native Method)
        at java.util.concurrent.locks.LockSupport.parkNanos(LockSupport.java:215)
        at java.util.concurrent.locks.AbstractQueuedSynchronizer$ConditionObject.awaitNanos(AbstractQueuedSynchronizer.java:2078)
        at java.util.concurrent.ScheduledThreadPoolExecutor$DelayedWorkQueue.take(ScheduledThreadPoolExecutor.java:1093)
        at java.util.concurrent.ScheduledThreadPoolExecutor$DelayedWorkQueue.take(ScheduledThreadPoolExecutor.java:809)
        at java.util.concurrent.ThreadPoolExecutor.getTask(ThreadPoolExecutor.java:1074)
        at java.util.concurrent.ThreadPoolExecutor.runWorker(ThreadPoolExecutor.java:1134)
        at java.util.concurrent.ThreadPoolExecutor$Worker.run(ThreadPoolExecutor.java:624)
        at java.lang.Thread.run(Thread.java:750)
"Datanode ReportManager Thread - 3" daemon prio=5 tid=225 in Object.wait()
java.lang.Thread.State: WAITING (on object monitor)
        at sun.misc.Unsafe.park(Native Method)
        at java.util.concurrent.locks.LockSupport.park(LockSupport.java:175)
        at java.util.concurrent.locks.AbstractQueuedSynchronizer$ConditionObject.await(AbstractQueuedSynchronizer.java:2039)
        at java.util.concurrent.ScheduledThreadPoolExecutor$DelayedWorkQueue.take(ScheduledThreadPoolExecutor.java:1088)
        at java.util.concurrent.ScheduledThreadPoolExecutor$DelayedWorkQueue.take(ScheduledThreadPoolExecutor.java:809)
        at java.util.concurrent.ThreadPoolExecutor.getTask(ThreadPoolExecutor.java:1074)
        at java.util.concurrent.ThreadPoolExecutor.runWorker(ThreadPoolExecutor.java:1134)
        at java.util.concurrent.ThreadPoolExecutor$Worker.run(ThreadPoolExecutor.java:624)
        at java.lang.Thread.run(Thread.java:750)
"Command processor thread" daemon prio=5 tid=305 timed_waiting
java.lang.Thread.State: TIMED_WAITING
        at java.lang.Thread.sleep(Native Method)
        at org.apache.hadoop.ozone.container.common.statemachine.DatanodeStateMachine.lambda$initCommandHandlerThread$3(DatanodeStateMachine.java:641)
        at org.apache.hadoop.ozone.container.common.statemachine.DatanodeStateMachine$$Lambda$753/716039171.run(Unknown Source)
        at java.lang.Thread.run(Thread.java:750)
"IPC Server handler 6 on default port 40235" daemon prio=5 tid=160 timed_waiting
java.lang.Thread.State: TIMED_WAITING
        at sun.misc.Unsafe.park(Native Method)
        at java.util.concurrent.locks.LockSupport.parkNanos(LockSupport.java:215)
        at java.util.concurrent.locks.AbstractQueuedSynchronizer$ConditionObject.awaitNanos(AbstractQueuedSynchronizer.java:2078)
        at java.util.concurrent.LinkedBlockingQueue.poll(LinkedBlockingQueue.java:467)
        at org.apache.hadoop.ipc.CallQueueManager.take(CallQueueManager.java:317)
        at org.apache.hadoop.ipc.Server$Handler.run(Server.java:2942)
"StaleRecoveringContainerScrubbingService#2" daemon prio=5 tid=889 in Object.wait()
java.lang.Thread.State: WAITING (on object monitor)
        at sun.misc.Unsafe.park(Native Method)
        at java.util.concurrent.locks.LockSupport.park(LockSupport.java:175)
        at java.util.concurrent.locks.AbstractQueuedSynchronizer$ConditionObject.await(AbstractQueuedSynchronizer.java:2039)
        at java.util.concurrent.ScheduledThreadPoolExecutor$DelayedWorkQueue.take(ScheduledThreadPoolExecutor.java:1088)
        at java.util.concurrent.ScheduledThreadPoolExecutor$DelayedWorkQueue.take(ScheduledThreadPoolExecutor.java:809)
        at java.util.concurrent.ThreadPoolExecutor.getTask(ThreadPoolExecutor.java:1074)
        at java.util.concurrent.ThreadPoolExecutor.runWorker(ThreadPoolExecutor.java:1134)
        at java.util.concurrent.ThreadPoolExecutor$Worker.run(ThreadPoolExecutor.java:624)
        at java.lang.Thread.run(Thread.java:750)
"IPC Server Responder" daemon prio=5 tid=34 runnable
java.lang.Thread.State: RUNNABLE
        at sun.nio.ch.EPollArrayWrapper.epollWait(Native Method)
        at sun.nio.ch.EPollArrayWrapper.poll(EPollArrayWrapper.java:269)
        at sun.nio.ch.EPollSelectorImpl.doSelect(EPollSelectorImpl.java:93)
        at sun.nio.ch.SelectorImpl.lockAndDoSelect(SelectorImpl.java:86)
        at sun.nio.ch.SelectorImpl.select(SelectorImpl.java:97)
        at org.apache.hadoop.ipc.Server$Responder.doRunLoop(Server.java:1532)
        at org.apache.hadoop.ipc.Server$Responder.run(Server.java:1515)
"ChunkWriter-1-0" daemon prio=5 tid=490 in Object.wait()
java.lang.Thread.State: WAITING (on object monitor)
        at sun.misc.Unsafe.park(Native Method)
        at java.util.concurrent.locks.LockSupport.park(LockSupport.java:175)
        at java.util.concurrent.locks.AbstractQueuedSynchronizer$ConditionObject.await(AbstractQueuedSynchronizer.java:2039)
        at java.util.concurrent.LinkedBlockingDeque.takeFirst(LinkedBlockingDeque.java:492)
        at java.util.concurrent.LinkedBlockingDeque.take(LinkedBlockingDeque.java:680)
        at java.util.concurrent.ThreadPoolExecutor.getTask(ThreadPoolExecutor.java:1074)
        at java.util.concurrent.ThreadPoolExecutor.runWorker(ThreadPoolExecutor.java:1134)
        at java.util.concurrent.ThreadPoolExecutor$Worker.run(ThreadPoolExecutor.java:624)
        at java.lang.Thread.run(Thread.java:750)
"IPC Server handler 18 on default port 34199" daemon prio=5 tid=105 timed_waiting
java.lang.Thread.State: TIMED_WAITING
        at sun.misc.Unsafe.park(Native Method)
        at java.util.concurrent.locks.LockSupport.parkNanos(LockSupport.java:215)
        at java.util.concurrent.locks.AbstractQueuedSynchronizer$ConditionObject.awaitNanos(AbstractQueuedSynchronizer.java:2078)
        at java.util.concurrent.LinkedBlockingQueue.poll(LinkedBlockingQueue.java:467)
        at org.apache.hadoop.ipc.CallQueueManager.take(CallQueueManager.java:317)
        at org.apache.hadoop.ipc.Server$Handler.run(Server.java:2942)
"IPC Server handler 0 on default port 40235" daemon prio=5 tid=154 timed_waiting
java.lang.Thread.State: TIMED_WAITING
        at sun.misc.Unsafe.park(Native Method)
        at java.util.concurrent.locks.LockSupport.parkNanos(LockSupport.java:215)
        at java.util.concurrent.locks.AbstractQueuedSynchronizer$ConditionObject.awaitNanos(AbstractQueuedSynchronizer.java:2078)
        at java.util.concurrent.LinkedBlockingQueue.poll(LinkedBlockingQueue.java:467)
        at org.apache.hadoop.ipc.CallQueueManager.take(CallQueueManager.java:317)
        at org.apache.hadoop.ipc.Server$Handler.run(Server.java:2942)
"timer3" daemon prio=5 tid=705 timed_waiting
java.lang.Thread.State: TIMED_WAITING
        at java.lang.Object.wait(Native Method)
        at java.util.TimerThread.mainLoop(Timer.java:552)
        at java.util.TimerThread.run(Timer.java:505)
"IPC Server handler 16 on default port 38821" daemon prio=5 tid=83 timed_waiting
java.lang.Thread.State: TIMED_WAITING
        at sun.misc.Unsafe.park(Native Method)
        at java.util.concurrent.locks.LockSupport.parkNanos(LockSupport.java:215)
        at java.util.concurrent.locks.AbstractQueuedSynchronizer$ConditionObject.awaitNanos(AbstractQueuedSynchronizer.java:2078)
        at java.util.concurrent.LinkedBlockingQueue.poll(LinkedBlockingQueue.java:467)
        at org.apache.hadoop.ipc.CallQueueManager.take(CallQueueManager.java:317)
        at org.apache.hadoop.ipc.Server$Handler.run(Server.java:2942)
"IPC Server handler 12 on default port 38821" daemon prio=5 tid=79 timed_waiting
java.lang.Thread.State: TIMED_WAITING
        at sun.misc.Unsafe.park(Native Method)
        at java.util.concurrent.locks.LockSupport.parkNanos(LockSupport.java:215)
        at java.util.concurrent.locks.AbstractQueuedSynchronizer$ConditionObject.awaitNanos(AbstractQueuedSynchronizer.java:2078)
        at java.util.concurrent.LinkedBlockingQueue.poll(LinkedBlockingQueue.java:467)
        at org.apache.hadoop.ipc.CallQueueManager.take(CallQueueManager.java:317)
        at org.apache.hadoop.ipc.Server$Handler.run(Server.java:2942)
"StaleRecoveringContainerScrubbingService#2" daemon prio=5 tid=891 in Object.wait()
java.lang.Thread.State: WAITING (on object monitor)
        at sun.misc.Unsafe.park(Native Method)
        at java.util.concurrent.locks.LockSupport.park(LockSupport.java:175)
        at java.util.concurrent.locks.AbstractQueuedSynchronizer$ConditionObject.await(AbstractQueuedSynchronizer.java:2039)
        at java.util.concurrent.ScheduledThreadPoolExecutor$DelayedWorkQueue.take(ScheduledThreadPoolExecutor.java:1088)
        at java.util.concurrent.ScheduledThreadPoolExecutor$DelayedWorkQueue.take(ScheduledThreadPoolExecutor.java:809)
        at java.util.concurrent.ThreadPoolExecutor.getTask(ThreadPoolExecutor.java:1074)
        at java.util.concurrent.ThreadPoolExecutor.runWorker(ThreadPoolExecutor.java:1134)
        at java.util.concurrent.ThreadPoolExecutor$Worker.run(ThreadPoolExecutor.java:624)
        at java.lang.Thread.run(Thread.java:750)
"edbb8909-d467-4274-b253-e11b41a723b1@group-328117242DA8-SegmentedRaftLogWorker"  prio=5 tid=657 timed_waiting
java.lang.Thread.State: TIMED_WAITING
        at sun.misc.Unsafe.park(Native Method)
        at java.util.concurrent.locks.LockSupport.parkNanos(LockSupport.java:215)
        at java.util.concurrent.locks.AbstractQueuedSynchronizer$ConditionObject.awaitNanos(AbstractQueuedSynchronizer.java:2078)
        at org.apache.ratis.util.DataBlockingQueue.poll(DataBlockingQueue.java:148)
        at org.apache.ratis.server.raftlog.segmented.SegmentedRaftLogWorker.run(SegmentedRaftLogWorker.java:310)
        at org.apache.ratis.server.raftlog.segmented.SegmentedRaftLogWorker$$Lambda$665/306525361.run(Unknown Source)
        at java.lang.Thread.run(Thread.java:750)
"ChunkReader-2" daemon prio=5 tid=787 in Object.wait()
java.lang.Thread.State: WAITING (on object monitor)
        at sun.misc.Unsafe.park(Native Method)
        at java.util.concurrent.locks.LockSupport.park(LockSupport.java:175)
        at java.util.concurrent.locks.AbstractQueuedSynchronizer$ConditionObject.await(AbstractQueuedSynchronizer.java:2039)
        at java.util.concurrent.LinkedBlockingQueue.take(LinkedBlockingQueue.java:442)
        at java.util.concurrent.ThreadPoolExecutor.getTask(ThreadPoolExecutor.java:1074)
        at java.util.concurrent.ThreadPoolExecutor.runWorker(ThreadPoolExecutor.java:1134)
        at java.util.concurrent.ThreadPoolExecutor$Worker.run(ThreadPoolExecutor.java:624)
        at java.lang.Thread.run(Thread.java:750)
"Datanode ReportManager Thread - 3" daemon prio=5 tid=197 timed_waiting
java.lang.Thread.State: TIMED_WAITING
        at sun.misc.Unsafe.park(Native Method)
        at java.util.concurrent.locks.LockSupport.parkNanos(LockSupport.java:215)
        at java.util.concurrent.locks.AbstractQueuedSynchronizer$ConditionObject.awaitNanos(AbstractQueuedSynchronizer.java:2078)
        at java.util.concurrent.ScheduledThreadPoolExecutor$DelayedWorkQueue.take(ScheduledThreadPoolExecutor.java:1093)
        at java.util.concurrent.ScheduledThreadPoolExecutor$DelayedWorkQueue.take(ScheduledThreadPoolExecutor.java:809)
        at java.util.concurrent.ThreadPoolExecutor.getTask(ThreadPoolExecutor.java:1074)
        at java.util.concurrent.ThreadPoolExecutor.runWorker(ThreadPoolExecutor.java:1134)
        at java.util.concurrent.ThreadPoolExecutor$Worker.run(ThreadPoolExecutor.java:624)
        at java.lang.Thread.run(Thread.java:750)
"Session-HouseKeeper-e5b7ed0-1"  prio=5 tid=153 timed_waiting
java.lang.Thread.State: TIMED_WAITING
        at sun.misc.Unsafe.park(Native Method)
        at java.util.concurrent.locks.LockSupport.parkNanos(LockSupport.java:215)
        at java.util.concurrent.locks.AbstractQueuedSynchronizer$ConditionObject.awaitNanos(AbstractQueuedSynchronizer.java:2078)
        at java.util.concurrent.ScheduledThreadPoolExecutor$DelayedWorkQueue.take(ScheduledThreadPoolExecutor.java:1093)
        at java.util.concurrent.ScheduledThreadPoolExecutor$DelayedWorkQueue.take(ScheduledThreadPoolExecutor.java:809)
        at java.util.concurrent.ThreadPoolExecutor.getTask(ThreadPoolExecutor.java:1074)
        at java.util.concurrent.ThreadPoolExecutor.runWorker(ThreadPoolExecutor.java:1134)
        at java.util.concurrent.ThreadPoolExecutor$Worker.run(ThreadPoolExecutor.java:624)
        at java.lang.Thread.run(Thread.java:750)
"3459717f-89f3-488b-978e-7216d8acef6a@group-F8DC2D173F7A-StateMachineUpdater" daemon prio=5 tid=613 timed_waiting
java.lang.Thread.State: TIMED_WAITING
        at sun.misc.Unsafe.park(Native Method)
        at java.util.concurrent.locks.LockSupport.parkNanos(LockSupport.java:215)
        at java.util.concurrent.CompletableFuture$Signaller.block(CompletableFuture.java:1709)
        at java.util.concurrent.ForkJoinPool.managedBlock(ForkJoinPool.java:3323)
        at java.util.concurrent.CompletableFuture.timedGet(CompletableFuture.java:1788)
        at java.util.concurrent.CompletableFuture.get(CompletableFuture.java:1928)
        at org.apache.ratis.util.AwaitForSignal.await(AwaitForSignal.java:56)
        at org.apache.ratis.server.impl.StateMachineUpdater.waitForCommit(StateMachineUpdater.java:207)
        at org.apache.ratis.server.impl.StateMachineUpdater.run(StateMachineUpdater.java:176)
        at java.lang.Thread.run(Thread.java:750)
"aafd62d6-5d37-4c95-9ffb-fecfd05fefa6@group-7510FC58D10D-FollowerState" daemon prio=5 tid=868 timed_waiting
java.lang.Thread.State: TIMED_WAITING
        at java.lang.Thread.sleep(Native Method)
        at java.lang.Thread.sleep(Thread.java:342)
        at java.util.concurrent.TimeUnit.sleep(TimeUnit.java:386)
        at org.apache.ratis.util.TimeDuration.sleep(TimeDuration.java:325)
        at org.apache.ratis.util.TimeDuration.sleep(TimeDuration.java:310)
        at org.apache.ratis.server.impl.FollowerState.run(FollowerState.java:128)
"Periodic HDDS volume checker" daemon prio=5 tid=203 timed_waiting
java.lang.Thread.State: TIMED_WAITING
        at sun.misc.Unsafe.park(Native Method)
        at java.util.concurrent.locks.LockSupport.parkNanos(LockSupport.java:215)
        at java.util.concurrent.locks.AbstractQueuedSynchronizer$ConditionObject.awaitNanos(AbstractQueuedSynchronizer.java:2078)
        at java.util.concurrent.ScheduledThreadPoolExecutor$DelayedWorkQueue.take(ScheduledThreadPoolExecutor.java:1093)
        at java.util.concurrent.ScheduledThreadPoolExecutor$DelayedWorkQueue.take(ScheduledThreadPoolExecutor.java:809)
        at java.util.concurrent.ThreadPoolExecutor.getTask(ThreadPoolExecutor.java:1074)
        at java.util.concurrent.ThreadPoolExecutor.runWorker(ThreadPoolExecutor.java:1134)
        at java.util.concurrent.ThreadPoolExecutor$Worker.run(ThreadPoolExecutor.java:624)
        at java.lang.Thread.run(Thread.java:750)
"c047bafd-0fa0-4f2f-9a8c-56ef9c35524f@group-CEF2DDE05160-LeaderStateImpl" daemon prio=5 tid=847 timed_waiting
java.lang.Thread.State: TIMED_WAITING
        at sun.misc.Unsafe.park(Native Method)
        at java.util.concurrent.locks.LockSupport.parkNanos(LockSupport.java:215)
        at java.util.concurrent.locks.AbstractQueuedSynchronizer$ConditionObject.awaitNanos(AbstractQueuedSynchronizer.java:2078)
        at java.util.concurrent.ArrayBlockingQueue.poll(ArrayBlockingQueue.java:418)
        at org.apache.ratis.server.impl.LeaderStateImpl$EventQueue.poll(LeaderStateImpl.java:159)
        at org.apache.ratis.server.impl.LeaderStateImpl$EventProcessor.run(LeaderStateImpl.java:630)
"IPC Server handler 7 on default port 34199" daemon prio=5 tid=94 timed_waiting
java.lang.Thread.State: TIMED_WAITING
        at sun.misc.Unsafe.park(Native Method)
        at java.util.concurrent.locks.LockSupport.parkNanos(LockSupport.java:215)
        at java.util.concurrent.locks.AbstractQueuedSynchronizer$ConditionObject.awaitNanos(AbstractQueuedSynchronizer.java:2078)
        at java.util.concurrent.LinkedBlockingQueue.poll(LinkedBlockingQueue.java:467)
        at org.apache.hadoop.ipc.CallQueueManager.take(CallQueueManager.java:317)
        at org.apache.hadoop.ipc.Server$Handler.run(Server.java:2942)
"DirectoryDeletingService#0" daemon prio=5 tid=142 timed_waiting
java.lang.Thread.State: TIMED_WAITING
        at sun.misc.Unsafe.park(Native Method)
        at java.util.concurrent.locks.LockSupport.parkNanos(LockSupport.java:215)
        at java.util.concurrent.locks.AbstractQueuedSynchronizer$ConditionObject.awaitNanos(AbstractQueuedSynchronizer.java:2078)
        at java.util.concurrent.ScheduledThreadPoolExecutor$DelayedWorkQueue.take(ScheduledThreadPoolExecutor.java:1093)
        at java.util.concurrent.ScheduledThreadPoolExecutor$DelayedWorkQueue.take(ScheduledThreadPoolExecutor.java:809)
        at java.util.concurrent.ThreadPoolExecutor.getTask(ThreadPoolExecutor.java:1074)
        at java.util.concurrent.ThreadPoolExecutor.runWorker(ThreadPoolExecutor.java:1134)
        at java.util.concurrent.ThreadPoolExecutor$Worker.run(ThreadPoolExecutor.java:624)
        at java.lang.Thread.run(Thread.java:750)
"qtp110562008-344" daemon prio=5 tid=344 timed_waiting
java.lang.Thread.State: TIMED_WAITING
        at sun.misc.Unsafe.park(Native Method)
        at java.util.concurrent.locks.LockSupport.parkNanos(LockSupport.java:215)
        at java.util.concurrent.locks.AbstractQueuedSynchronizer$ConditionObject.awaitNanos(AbstractQueuedSynchronizer.java:2078)
        at org.eclipse.jetty.util.BlockingArrayQueue.poll(BlockingArrayQueue.java:382)
        at org.eclipse.jetty.util.thread.QueuedThreadPool$Runner.idleJobPoll(QueuedThreadPool.java:974)
        at org.eclipse.jetty.util.thread.QueuedThreadPool$Runner.run(QueuedThreadPool.java:1018)
        at java.lang.Thread.run(Thread.java:750)
"qtp1691241233-291-acceptor-0@18b7131c-ServerConnector@47096141{HTTP/1.1, (http/1.1)}{0.0.0.0:42243}" daemon prio=3 tid=291 runnable
java.lang.Thread.State: RUNNABLE
        at sun.nio.ch.ServerSocketChannelImpl.accept0(Native Method)
        at sun.nio.ch.ServerSocketChannelImpl.accept(ServerSocketChannelImpl.java:421)
        at sun.nio.ch.ServerSocketChannelImpl.accept(ServerSocketChannelImpl.java:249)
        at org.eclipse.jetty.server.ServerConnector.accept(ServerConnector.java:388)
        at org.eclipse.jetty.server.AbstractConnector$Acceptor.run(AbstractConnector.java:704)
        at org.eclipse.jetty.util.thread.QueuedThreadPool.runJob(QueuedThreadPool.java:883)
        at org.eclipse.jetty.util.thread.QueuedThreadPool$Runner.run(QueuedThreadPool.java:1034)
        at java.lang.Thread.run(Thread.java:750)
"aafd62d6-5d37-4c95-9ffb-fecfd05fefa6@group-DD4C95DED537-StateMachineUpdater" daemon prio=5 tid=593 timed_waiting
java.lang.Thread.State: TIMED_WAITING
        at sun.misc.Unsafe.park(Native Method)
        at java.util.concurrent.locks.LockSupport.parkNanos(LockSupport.java:215)
        at java.util.concurrent.CompletableFuture$Signaller.block(CompletableFuture.java:1709)
        at java.util.concurrent.ForkJoinPool.managedBlock(ForkJoinPool.java:3323)
        at java.util.concurrent.CompletableFuture.timedGet(CompletableFuture.java:1788)
        at java.util.concurrent.CompletableFuture.get(CompletableFuture.java:1928)
        at org.apache.ratis.util.AwaitForSignal.await(AwaitForSignal.java:56)
        at org.apache.ratis.server.impl.StateMachineUpdater.waitForCommit(StateMachineUpdater.java:207)
        at org.apache.ratis.server.impl.StateMachineUpdater.run(StateMachineUpdater.java:176)
        at java.lang.Thread.run(Thread.java:750)
"Datanode ReportManager Thread - 2" daemon prio=5 tid=405 timed_waiting
java.lang.Thread.State: TIMED_WAITING
        at sun.misc.Unsafe.park(Native Method)
        at java.util.concurrent.locks.LockSupport.parkNanos(LockSupport.java:215)
        at java.util.concurrent.locks.AbstractQueuedSynchronizer$ConditionObject.awaitNanos(AbstractQueuedSynchronizer.java:2078)
        at java.util.concurrent.ScheduledThreadPoolExecutor$DelayedWorkQueue.take(ScheduledThreadPoolExecutor.java:1093)
        at java.util.concurrent.ScheduledThreadPoolExecutor$DelayedWorkQueue.take(ScheduledThreadPoolExecutor.java:809)
        at java.util.concurrent.ThreadPoolExecutor.getTask(ThreadPoolExecutor.java:1074)
        at java.util.concurrent.ThreadPoolExecutor.runWorker(ThreadPoolExecutor.java:1134)
        at java.util.concurrent.ThreadPoolExecutor$Worker.run(ThreadPoolExecutor.java:624)
        at java.lang.Thread.run(Thread.java:750)
"IPC Server handler 4 on default port 33617" daemon prio=5 tid=51 timed_waiting
java.lang.Thread.State: TIMED_WAITING
        at sun.misc.Unsafe.park(Native Method)
        at java.util.concurrent.locks.LockSupport.parkNanos(LockSupport.java:215)
        at java.util.concurrent.locks.AbstractQueuedSynchronizer$ConditionObject.awaitNanos(AbstractQueuedSynchronizer.java:2078)
        at java.util.concurrent.LinkedBlockingQueue.poll(LinkedBlockingQueue.java:467)
        at org.apache.hadoop.ipc.CallQueueManager.take(CallQueueManager.java:317)
        at org.apache.hadoop.ipc.Server$Handler.run(Server.java:2942)
"aafd62d6-5d37-4c95-9ffb-fecfd05fefa6@group-DD4C95DED537->b788acd7-0bfa-48fd-ae0f-b822d5826f57-GrpcLogAppender-LogAppenderDaemon" daemon prio=5 tid=698 timed_waiting
java.lang.Thread.State: TIMED_WAITING
        at sun.misc.Unsafe.park(Native Method)
        at java.util.concurrent.locks.LockSupport.parkNanos(LockSupport.java:215)
        at java.util.concurrent.CompletableFuture$Signaller.block(CompletableFuture.java:1709)
        at java.util.concurrent.ForkJoinPool.managedBlock(ForkJoinPool.java:3323)
        at java.util.concurrent.CompletableFuture.timedGet(CompletableFuture.java:1788)
        at java.util.concurrent.CompletableFuture.get(CompletableFuture.java:1928)
        at org.apache.ratis.util.AwaitForSignal.await(AwaitForSignal.java:56)
        at org.apache.ratis.grpc.server.GrpcLogAppender.mayWait(GrpcLogAppender.java:198)
        at org.apache.ratis.grpc.server.GrpcLogAppender.run(GrpcLogAppender.java:148)
        at org.apache.ratis.server.leader.LogAppenderDaemon.run(LogAppenderDaemon.java:78)
        at org.apache.ratis.server.leader.LogAppenderDaemon$$Lambda$1040/1326312005.run(Unknown Source)
        at java.lang.Thread.run(Thread.java:750)
"IPC Server handler 0 on default port 38821" daemon prio=5 tid=67 timed_waiting
java.lang.Thread.State: TIMED_WAITING
        at sun.misc.Unsafe.park(Native Method)
        at java.util.concurrent.locks.LockSupport.parkNanos(LockSupport.java:215)
        at java.util.concurrent.locks.AbstractQueuedSynchronizer$ConditionObject.awaitNanos(AbstractQueuedSynchronizer.java:2078)
        at java.util.concurrent.LinkedBlockingQueue.poll(LinkedBlockingQueue.java:467)
        at org.apache.hadoop.ipc.CallQueueManager.take(CallQueueManager.java:317)
        at org.apache.hadoop.ipc.Server$Handler.run(Server.java:2942)
"timer1" daemon prio=5 tid=701 timed_waiting
java.lang.Thread.State: TIMED_WAITING
        at java.lang.Object.wait(Native Method)
        at java.util.TimerThread.mainLoop(Timer.java:552)
        at java.util.TimerThread.run(Timer.java:505)
"Command processor thread" daemon prio=5 tid=408 timed_waiting
java.lang.Thread.State: TIMED_WAITING
        at java.lang.Thread.sleep(Native Method)
        at org.apache.hadoop.ozone.container.common.statemachine.DatanodeStateMachine.lambda$initCommandHandlerThread$3(DatanodeStateMachine.java:641)
        at org.apache.hadoop.ozone.container.common.statemachine.DatanodeStateMachine$$Lambda$753/716039171.run(Unknown Source)
        at java.lang.Thread.run(Thread.java:750)
"Command processor thread" daemon prio=5 tid=253 timed_waiting
java.lang.Thread.State: TIMED_WAITING
        at java.lang.Thread.sleep(Native Method)
        at org.apache.hadoop.ozone.container.common.statemachine.DatanodeStateMachine.lambda$initCommandHandlerThread$3(DatanodeStateMachine.java:641)
        at org.apache.hadoop.ozone.container.common.statemachine.DatanodeStateMachine$$Lambda$753/716039171.run(Unknown Source)
        at java.lang.Thread.run(Thread.java:750)
"IPC Server handler 5 on default port 38821" daemon prio=5 tid=72 timed_waiting
java.lang.Thread.State: TIMED_WAITING
        at sun.misc.Unsafe.park(Native Method)
        at java.util.concurrent.locks.LockSupport.parkNanos(LockSupport.java:215)
        at java.util.concurrent.locks.AbstractQueuedSynchronizer$ConditionObject.awaitNanos(AbstractQueuedSynchronizer.java:2078)
        at java.util.concurrent.LinkedBlockingQueue.poll(LinkedBlockingQueue.java:467)
        at org.apache.hadoop.ipc.CallQueueManager.take(CallQueueManager.java:317)
        at org.apache.hadoop.ipc.Server$Handler.run(Server.java:2942)
"FixedThreadPoolWithAffinityExecutor-4-0" daemon prio=5 tid=39 timed_waiting
java.lang.Thread.State: TIMED_WAITING
        at sun.misc.Unsafe.park(Native Method)
        at java.util.concurrent.locks.LockSupport.parkNanos(LockSupport.java:215)
        at java.util.concurrent.locks.AbstractQueuedSynchronizer$ConditionObject.awaitNanos(AbstractQueuedSynchronizer.java:2078)
        at java.util.concurrent.LinkedBlockingQueue.poll(LinkedBlockingQueue.java:467)
        at org.apache.hadoop.hdds.scm.server.ContainerReportQueue.poll(ContainerReportQueue.java:266)
        at org.apache.hadoop.hdds.scm.server.ContainerReportQueue.poll(ContainerReportQueue.java:42)
        at org.apache.hadoop.hdds.server.events.FixedThreadPoolWithAffinityExecutor$ContainerReportProcessTask.run(FixedThreadPoolWithAffinityExecutor.java:218)
        at java.util.concurrent.Executors$RunnableAdapter.call(Executors.java:511)
        at java.util.concurrent.FutureTask.run(FutureTask.java:266)
        at java.util.concurrent.ThreadPoolExecutor.runWorker(ThreadPoolExecutor.java:1149)
        at java.util.concurrent.ThreadPoolExecutor$Worker.run(ThreadPoolExecutor.java:624)
        at java.lang.Thread.run(Thread.java:750)
"ChunkWriter-3-0" daemon prio=5 tid=471 in Object.wait()
java.lang.Thread.State: WAITING (on object monitor)
        at sun.misc.Unsafe.park(Native Method)
        at java.util.concurrent.locks.LockSupport.park(LockSupport.java:175)
        at java.util.concurrent.locks.AbstractQueuedSynchronizer$ConditionObject.await(AbstractQueuedSynchronizer.java:2039)
        at java.util.concurrent.LinkedBlockingDeque.takeFirst(LinkedBlockingDeque.java:492)
        at java.util.concurrent.LinkedBlockingDeque.take(LinkedBlockingDeque.java:680)
        at java.util.concurrent.ThreadPoolExecutor.getTask(ThreadPoolExecutor.java:1074)
        at java.util.concurrent.ThreadPoolExecutor.runWorker(ThreadPoolExecutor.java:1134)
        at java.util.concurrent.ThreadPoolExecutor$Worker.run(ThreadPoolExecutor.java:624)
        at java.lang.Thread.run(Thread.java:750)
"qtp110562008-348" daemon prio=5 tid=348 timed_waiting
java.lang.Thread.State: TIMED_WAITING
        at sun.misc.Unsafe.park(Native Method)
        at java.util.concurrent.locks.LockSupport.parkNanos(LockSupport.java:215)
        at java.util.concurrent.locks.AbstractQueuedSynchronizer$ConditionObject.awaitNanos(AbstractQueuedSynchronizer.java:2078)
        at org.eclipse.jetty.util.BlockingArrayQueue.poll(BlockingArrayQueue.java:382)
        at org.eclipse.jetty.util.thread.QueuedThreadPool$Runner.idleJobPoll(QueuedThreadPool.java:974)
        at org.eclipse.jetty.util.thread.QueuedThreadPool$Runner.run(QueuedThreadPool.java:1018)
        at java.lang.Thread.run(Thread.java:750)
"JvmPauseMonitor7" daemon prio=5 tid=523 timed_waiting
java.lang.Thread.State: TIMED_WAITING
        at java.lang.Thread.sleep(Native Method)
        at java.lang.Thread.sleep(Thread.java:342)
        at java.util.concurrent.TimeUnit.sleep(TimeUnit.java:386)
        at org.apache.ratis.util.TimeDuration.sleep(TimeDuration.java:325)
        at org.apache.ratis.util.TimeDuration.sleep(TimeDuration.java:310)
        at org.apache.ratis.util.JvmPauseMonitor.detectPause(JvmPauseMonitor.java:119)
        at org.apache.ratis.util.JvmPauseMonitor.run(JvmPauseMonitor.java:108)
        at org.apache.ratis.util.JvmPauseMonitor$$Lambda$706/577778412.run(Unknown Source)
        at java.lang.Thread.run(Thread.java:750)
"fca08327-10d6-4e50-9aa0-d18fc62323ab-server-thread3" daemon prio=5 tid=876 timed_waiting
java.lang.Thread.State: TIMED_WAITING
        at sun.misc.Unsafe.park(Native Method)
        at java.util.concurrent.locks.LockSupport.parkNanos(LockSupport.java:215)
        at java.util.concurrent.SynchronousQueue$TransferStack.awaitFulfill(SynchronousQueue.java:460)
        at java.util.concurrent.SynchronousQueue$TransferStack.transfer(SynchronousQueue.java:362)
        at java.util.concurrent.SynchronousQueue.poll(SynchronousQueue.java:941)
        at java.util.concurrent.ThreadPoolExecutor.getTask(ThreadPoolExecutor.java:1073)
        at java.util.concurrent.ThreadPoolExecutor.runWorker(ThreadPoolExecutor.java:1134)
        at java.util.concurrent.ThreadPoolExecutor$Worker.run(ThreadPoolExecutor.java:624)
        at java.lang.Thread.run(Thread.java:750)
"pool-141-thread-1"  prio=5 tid=610 in Object.wait()
java.lang.Thread.State: WAITING (on object monitor)
        at sun.misc.Unsafe.park(Native Method)
        at java.util.concurrent.locks.LockSupport.park(LockSupport.java:175)
        at java.util.concurrent.locks.AbstractQueuedSynchronizer$ConditionObject.await(AbstractQueuedSynchronizer.java:2039)
        at java.util.concurrent.LinkedBlockingQueue.take(LinkedBlockingQueue.java:442)
        at java.util.concurrent.ThreadPoolExecutor.getTask(ThreadPoolExecutor.java:1074)
        at java.util.concurrent.ThreadPoolExecutor.runWorker(ThreadPoolExecutor.java:1134)
        at java.util.concurrent.ThreadPoolExecutor$Worker.run(ThreadPoolExecutor.java:624)
        at java.lang.Thread.run(Thread.java:750)
"aafd62d6-5d37-4c95-9ffb-fecfd05fefa6-server-thread2" daemon prio=5 tid=874 timed_waiting
java.lang.Thread.State: TIMED_WAITING
        at sun.misc.Unsafe.park(Native Method)
        at java.util.concurrent.locks.LockSupport.parkNanos(LockSupport.java:215)
        at java.util.concurrent.SynchronousQueue$TransferStack.awaitFulfill(SynchronousQueue.java:460)
        at java.util.concurrent.SynchronousQueue$TransferStack.transfer(SynchronousQueue.java:362)
        at java.util.concurrent.SynchronousQueue.poll(SynchronousQueue.java:941)
        at java.util.concurrent.ThreadPoolExecutor.getTask(ThreadPoolExecutor.java:1073)
        at java.util.concurrent.ThreadPoolExecutor.runWorker(ThreadPoolExecutor.java:1134)
        at java.util.concurrent.ThreadPoolExecutor$Worker.run(ThreadPoolExecutor.java:624)
        at java.lang.Thread.run(Thread.java:750)
"IPC Server handler 13 on default port 40235" daemon prio=5 tid=167 timed_waiting
java.lang.Thread.State: TIMED_WAITING
        at sun.misc.Unsafe.park(Native Method)
        at java.util.concurrent.locks.LockSupport.parkNanos(LockSupport.java:215)
        at java.util.concurrent.locks.AbstractQueuedSynchronizer$ConditionObject.awaitNanos(AbstractQueuedSynchronizer.java:2078)
        at java.util.concurrent.LinkedBlockingQueue.poll(LinkedBlockingQueue.java:467)
        at org.apache.hadoop.ipc.CallQueueManager.take(CallQueueManager.java:317)
        at org.apache.hadoop.ipc.Server$Handler.run(Server.java:2942)
"BlockDeletingService#1" daemon prio=5 tid=528 timed_waiting
java.lang.Thread.State: TIMED_WAITING
        at sun.misc.Unsafe.park(Native Method)
        at java.util.concurrent.locks.LockSupport.parkNanos(LockSupport.java:215)
        at java.util.concurrent.locks.AbstractQueuedSynchronizer$ConditionObject.awaitNanos(AbstractQueuedSynchronizer.java:2078)
        at java.util.concurrent.ScheduledThreadPoolExecutor$DelayedWorkQueue.take(ScheduledThreadPoolExecutor.java:1093)
        at java.util.concurrent.ScheduledThreadPoolExecutor$DelayedWorkQueue.take(ScheduledThreadPoolExecutor.java:809)
        at java.util.concurrent.ThreadPoolExecutor.getTask(ThreadPoolExecutor.java:1074)
        at java.util.concurrent.ThreadPoolExecutor.runWorker(ThreadPoolExecutor.java:1134)
        at java.util.concurrent.ThreadPoolExecutor$Worker.run(ThreadPoolExecutor.java:624)
        at java.lang.Thread.run(Thread.java:750)
"Command processor thread" daemon prio=5 tid=199 timed_waiting
java.lang.Thread.State: TIMED_WAITING
        at java.lang.Thread.sleep(Native Method)
        at org.apache.hadoop.ozone.container.common.statemachine.DatanodeStateMachine.lambda$initCommandHandlerThread$3(DatanodeStateMachine.java:641)
        at org.apache.hadoop.ozone.container.common.statemachine.DatanodeStateMachine$$Lambda$753/716039171.run(Unknown Source)
        at java.lang.Thread.run(Thread.java:750)
"qtp2069383006-242" daemon prio=5 tid=242 timed_waiting
java.lang.Thread.State: TIMED_WAITING
        at sun.misc.Unsafe.park(Native Method)
        at java.util.concurrent.locks.LockSupport.parkNanos(LockSupport.java:215)
        at java.util.concurrent.locks.AbstractQueuedSynchronizer$ConditionObject.awaitNanos(AbstractQueuedSynchronizer.java:2078)
        at org.eclipse.jetty.util.BlockingArrayQueue.poll(BlockingArrayQueue.java:382)
        at org.eclipse.jetty.util.thread.QueuedThreadPool$Runner.idleJobPoll(QueuedThreadPool.java:974)
        at org.eclipse.jetty.util.thread.QueuedThreadPool$Runner.run(QueuedThreadPool.java:1018)
        at java.lang.Thread.run(Thread.java:750)
"c047bafd-0fa0-4f2f-9a8c-56ef9c35524f@group-328117242DA8-FollowerState" daemon prio=5 tid=832 timed_waiting
java.lang.Thread.State: TIMED_WAITING
        at java.lang.Thread.sleep(Native Method)
        at java.lang.Thread.sleep(Thread.java:342)
        at java.util.concurrent.TimeUnit.sleep(TimeUnit.java:386)
        at org.apache.ratis.util.TimeDuration.sleep(TimeDuration.java:325)
        at org.apache.ratis.util.TimeDuration.sleep(TimeDuration.java:310)
        at org.apache.ratis.server.impl.FollowerState.run(FollowerState.java:128)
"1397ad66-7a30-4622-84c4-76091eab1ef3@group-CEF2DDE05160-StateMachineUpdater" daemon prio=5 tid=666 timed_waiting
java.lang.Thread.State: TIMED_WAITING
        at sun.misc.Unsafe.park(Native Method)
        at java.util.concurrent.locks.LockSupport.parkNanos(LockSupport.java:215)
        at java.util.concurrent.CompletableFuture$Signaller.block(CompletableFuture.java:1709)
        at java.util.concurrent.ForkJoinPool.managedBlock(ForkJoinPool.java:3323)
        at java.util.concurrent.CompletableFuture.timedGet(CompletableFuture.java:1788)
        at java.util.concurrent.CompletableFuture.get(CompletableFuture.java:1928)
        at org.apache.ratis.util.AwaitForSignal.await(AwaitForSignal.java:56)
        at org.apache.ratis.server.impl.StateMachineUpdater.waitForCommit(StateMachineUpdater.java:207)
        at org.apache.ratis.server.impl.StateMachineUpdater.run(StateMachineUpdater.java:176)
        at java.lang.Thread.run(Thread.java:750)
"StaleRecoveringContainerScrubbingService#0" daemon prio=5 tid=361 in Object.wait()
java.lang.Thread.State: WAITING (on object monitor)
        at sun.misc.Unsafe.park(Native Method)
        at java.util.concurrent.locks.LockSupport.park(LockSupport.java:175)
        at java.util.concurrent.locks.AbstractQueuedSynchronizer$ConditionObject.await(AbstractQueuedSynchronizer.java:2039)
        at java.util.concurrent.ScheduledThreadPoolExecutor$DelayedWorkQueue.take(ScheduledThreadPoolExecutor.java:1088)
        at java.util.concurrent.ScheduledThreadPoolExecutor$DelayedWorkQueue.take(ScheduledThreadPoolExecutor.java:809)
        at java.util.concurrent.ThreadPoolExecutor.getTask(ThreadPoolExecutor.java:1074)
        at java.util.concurrent.ThreadPoolExecutor.runWorker(ThreadPoolExecutor.java:1134)
        at java.util.concurrent.ThreadPoolExecutor$Worker.run(ThreadPoolExecutor.java:624)
        at java.lang.Thread.run(Thread.java:750)
"qtp1591256270-457" daemon prio=5 tid=457 runnable
java.lang.Thread.State: RUNNABLE
        at sun.nio.ch.EPollArrayWrapper.epollWait(Native Method)
        at sun.nio.ch.EPollArrayWrapper.poll(EPollArrayWrapper.java:269)
        at sun.nio.ch.EPollSelectorImpl.doSelect(EPollSelectorImpl.java:93)
        at sun.nio.ch.SelectorImpl.lockAndDoSelect(SelectorImpl.java:86)
        at sun.nio.ch.SelectorImpl.select(SelectorImpl.java:97)
        at sun.nio.ch.SelectorImpl.select(SelectorImpl.java:101)
        at org.eclipse.jetty.io.ManagedSelector.nioSelect(ManagedSelector.java:183)
        at org.eclipse.jetty.io.ManagedSelector.select(ManagedSelector.java:190)
        at org.eclipse.jetty.io.ManagedSelector$SelectorProducer.select(ManagedSelector.java:606)
        at org.eclipse.jetty.io.ManagedSelector$SelectorProducer.produce(ManagedSelector.java:543)
        at org.eclipse.jetty.util.thread.strategy.EatWhatYouKill.produceTask(EatWhatYouKill.java:362)
        at org.eclipse.jetty.util.thread.strategy.EatWhatYouKill.doProduce(EatWhatYouKill.java:186)
        at org.eclipse.jetty.util.thread.strategy.EatWhatYouKill.tryProduce(EatWhatYouKill.java:173)
        at org.eclipse.jetty.util.thread.strategy.EatWhatYouKill.produce(EatWhatYouKill.java:137)
        at org.eclipse.jetty.io.ManagedSelector$$Lambda$446/827549167.run(Unknown Source)
        at org.eclipse.jetty.util.thread.QueuedThreadPool.runJob(QueuedThreadPool.java:883)
        at org.eclipse.jetty.util.thread.QueuedThreadPool$Runner.run(QueuedThreadPool.java:1034)
        at java.lang.Thread.run(Thread.java:750)
"qtp110562008-345" daemon prio=5 tid=345 timed_waiting
java.lang.Thread.State: TIMED_WAITING
        at sun.misc.Unsafe.park(Native Method)
        at java.util.concurrent.locks.LockSupport.parkNanos(LockSupport.java:215)
        at java.util.concurrent.locks.AbstractQueuedSynchronizer$ConditionObject.awaitNanos(AbstractQueuedSynchronizer.java:2078)
        at org.eclipse.jetty.util.BlockingArrayQueue.poll(BlockingArrayQueue.java:382)
        at org.eclipse.jetty.util.thread.QueuedThreadPool$Runner.idleJobPoll(QueuedThreadPool.java:974)
        at org.eclipse.jetty.util.thread.QueuedThreadPool$Runner.run(QueuedThreadPool.java:1018)
        at java.lang.Thread.run(Thread.java:750)
"JvmPauseMonitor2" daemon prio=5 tid=396 timed_waiting
java.lang.Thread.State: TIMED_WAITING
        at java.lang.Thread.sleep(Native Method)
        at java.lang.Thread.sleep(Thread.java:342)
        at java.util.concurrent.TimeUnit.sleep(TimeUnit.java:386)
        at org.apache.ratis.util.TimeDuration.sleep(TimeDuration.java:325)
        at org.apache.ratis.util.TimeDuration.sleep(TimeDuration.java:310)
        at org.apache.ratis.util.JvmPauseMonitor.detectPause(JvmPauseMonitor.java:119)
        at org.apache.ratis.util.JvmPauseMonitor.run(JvmPauseMonitor.java:108)
        at org.apache.ratis.util.JvmPauseMonitor$$Lambda$706/577778412.run(Unknown Source)
        at java.lang.Thread.run(Thread.java:750)
"IPC Server handler 11 on default port 33617" daemon prio=5 tid=58 timed_waiting
java.lang.Thread.State: TIMED_WAITING
        at sun.misc.Unsafe.park(Native Method)
        at java.util.concurrent.locks.LockSupport.parkNanos(LockSupport.java:215)
        at java.util.concurrent.locks.AbstractQueuedSynchronizer$ConditionObject.awaitNanos(AbstractQueuedSynchronizer.java:2078)
        at java.util.concurrent.LinkedBlockingQueue.poll(LinkedBlockingQueue.java:467)
        at org.apache.hadoop.ipc.CallQueueManager.take(CallQueueManager.java:317)
        at org.apache.hadoop.ipc.Server$Handler.run(Server.java:2942)
"ExpiredContainerReplicaOpScrubberThread" daemon prio=5 tid=17 timed_waiting
java.lang.Thread.State: TIMED_WAITING
        at java.lang.Object.wait(Native Method)
        at org.apache.hadoop.hdds.scm.ha.BackgroundSCMService.run(BackgroundSCMService.java:110)
        at org.apache.hadoop.hdds.scm.ha.BackgroundSCMService$$Lambda$375/1129874021.run(Unknown Source)
        at java.lang.Thread.run(Thread.java:750)
"pool-203-thread-1" daemon prio=5 tid=337 timed_waiting
java.lang.Thread.State: TIMED_WAITING
        at sun.misc.Unsafe.park(Native Method)
        at java.util.concurrent.locks.LockSupport.parkNanos(LockSupport.java:215)
        at java.util.concurrent.locks.AbstractQueuedSynchronizer$ConditionObject.awaitNanos(AbstractQueuedSynchronizer.java:2078)
        at java.util.concurrent.ScheduledThreadPoolExecutor$DelayedWorkQueue.take(ScheduledThreadPoolExecutor.java:1093)
        at java.util.concurrent.ScheduledThreadPoolExecutor$DelayedWorkQueue.take(ScheduledThreadPoolExecutor.java:809)
        at java.util.concurrent.ThreadPoolExecutor.getTask(ThreadPoolExecutor.java:1074)
        at java.util.concurrent.ThreadPoolExecutor.runWorker(ThreadPoolExecutor.java:1134)
        at java.util.concurrent.ThreadPoolExecutor$Worker.run(ThreadPoolExecutor.java:624)
        at java.lang.Thread.run(Thread.java:750)
"Session-HouseKeeper-bbb5f74-1"  prio=5 tid=219 timed_waiting
java.lang.Thread.State: TIMED_WAITING
        at sun.misc.Unsafe.park(Native Method)
        at java.util.concurrent.locks.LockSupport.parkNanos(LockSupport.java:215)
        at java.util.concurrent.locks.AbstractQueuedSynchronizer$ConditionObject.awaitNanos(AbstractQueuedSynchronizer.java:2078)
        at java.util.concurrent.ScheduledThreadPoolExecutor$DelayedWorkQueue.take(ScheduledThreadPoolExecutor.java:1093)
        at java.util.concurrent.ScheduledThreadPoolExecutor$DelayedWorkQueue.take(ScheduledThreadPoolExecutor.java:809)
        at java.util.concurrent.ThreadPoolExecutor.getTask(ThreadPoolExecutor.java:1074)
        at java.util.concurrent.ThreadPoolExecutor.runWorker(ThreadPoolExecutor.java:1134)
        at java.util.concurrent.ThreadPoolExecutor$Worker.run(ThreadPoolExecutor.java:624)
        at java.lang.Thread.run(Thread.java:750)
"qtp154819692-189" daemon prio=5 tid=189 timed_waiting
java.lang.Thread.State: TIMED_WAITING
        at sun.misc.Unsafe.park(Native Method)
        at java.util.concurrent.locks.LockSupport.parkNanos(LockSupport.java:215)
        at java.util.concurrent.locks.AbstractQueuedSynchronizer$ConditionObject.awaitNanos(AbstractQueuedSynchronizer.java:2078)
        at org.eclipse.jetty.util.BlockingArrayQueue.poll(BlockingArrayQueue.java:382)
        at org.eclipse.jetty.util.thread.QueuedThreadPool$Runner.idleJobPoll(QueuedThreadPool.java:974)
        at org.eclipse.jetty.util.thread.QueuedThreadPool$Runner.run(QueuedThreadPool.java:1018)
        at java.lang.Thread.run(Thread.java:750)
"EventQueue-NodeRegistrationContainerReportForDataNodeSafeModeRule" daemon prio=5 tid=512 in Object.wait()
java.lang.Thread.State: WAITING (on object monitor)
        at sun.misc.Unsafe.park(Native Method)
        at java.util.concurrent.locks.LockSupport.park(LockSupport.java:175)
        at java.util.concurrent.locks.AbstractQueuedSynchronizer$ConditionObject.await(AbstractQueuedSynchronizer.java:2039)
        at java.util.concurrent.LinkedBlockingQueue.take(LinkedBlockingQueue.java:442)
        at java.util.concurrent.ThreadPoolExecutor.getTask(ThreadPoolExecutor.java:1074)
        at java.util.concurrent.ThreadPoolExecutor.runWorker(ThreadPoolExecutor.java:1134)
        at java.util.concurrent.ThreadPoolExecutor$Worker.run(ThreadPoolExecutor.java:624)
        at java.lang.Thread.run(Thread.java:750)
"BlockDeletingService#0" daemon prio=5 tid=562 in Object.wait()
java.lang.Thread.State: WAITING (on object monitor)
        at sun.misc.Unsafe.park(Native Method)
        at java.util.concurrent.locks.LockSupport.park(LockSupport.java:175)
        at java.util.concurrent.locks.AbstractQueuedSynchronizer$ConditionObject.await(AbstractQueuedSynchronizer.java:2039)
        at java.util.concurrent.ScheduledThreadPoolExecutor$DelayedWorkQueue.take(ScheduledThreadPoolExecutor.java:1088)
        at java.util.concurrent.ScheduledThreadPoolExecutor$DelayedWorkQueue.take(ScheduledThreadPoolExecutor.java:809)
        at java.util.concurrent.ThreadPoolExecutor.getTask(ThreadPoolExecutor.java:1074)
        at java.util.concurrent.ThreadPoolExecutor.runWorker(ThreadPoolExecutor.java:1134)
        at java.util.concurrent.ThreadPoolExecutor$Worker.run(ThreadPoolExecutor.java:624)
        at java.lang.Thread.run(Thread.java:750)
"IPC Server handler 4 on default port 38821" daemon prio=5 tid=71 timed_waiting
java.lang.Thread.State: TIMED_WAITING
        at sun.misc.Unsafe.park(Native Method)
        at java.util.concurrent.locks.LockSupport.parkNanos(LockSupport.java:215)
        at java.util.concurrent.locks.AbstractQueuedSynchronizer$ConditionObject.awaitNanos(AbstractQueuedSynchronizer.java:2078)
        at java.util.concurrent.LinkedBlockingQueue.poll(LinkedBlockingQueue.java:467)
        at org.apache.hadoop.ipc.CallQueueManager.take(CallQueueManager.java:317)
        at org.apache.hadoop.ipc.Server$Handler.run(Server.java:2942)
"StaleRecoveringContainerScrubbingService#2" daemon prio=5 tid=897 in Object.wait()
java.lang.Thread.State: WAITING (on object monitor)
        at sun.misc.Unsafe.park(Native Method)
        at java.util.concurrent.locks.LockSupport.park(LockSupport.java:175)
        at java.util.concurrent.locks.AbstractQueuedSynchronizer$ConditionObject.await(AbstractQueuedSynchronizer.java:2039)
        at java.util.concurrent.ScheduledThreadPoolExecutor$DelayedWorkQueue.take(ScheduledThreadPoolExecutor.java:1088)
        at java.util.concurrent.ScheduledThreadPoolExecutor$DelayedWorkQueue.take(ScheduledThreadPoolExecutor.java:809)
        at java.util.concurrent.ThreadPoolExecutor.getTask(ThreadPoolExecutor.java:1074)
        at java.util.concurrent.ThreadPoolExecutor.runWorker(ThreadPoolExecutor.java:1134)
        at java.util.concurrent.ThreadPoolExecutor$Worker.run(ThreadPoolExecutor.java:624)
        at java.lang.Thread.run(Thread.java:750)
"EndpointStateMachine task thread for /0.0.0.0:34199 - 0 "  prio=5 tid=518 in Object.wait()
java.lang.Thread.State: WAITING (on object monitor)
        at sun.misc.Unsafe.park(Native Method)
        at java.util.concurrent.locks.LockSupport.park(LockSupport.java:175)
        at java.util.concurrent.locks.AbstractQueuedSynchronizer$ConditionObject.await(AbstractQueuedSynchronizer.java:2039)
        at java.util.concurrent.LinkedBlockingQueue.take(LinkedBlockingQueue.java:442)
        at java.util.concurrent.ThreadPoolExecutor.getTask(ThreadPoolExecutor.java:1074)
        at java.util.concurrent.ThreadPoolExecutor.runWorker(ThreadPoolExecutor.java:1134)
        at java.util.concurrent.ThreadPoolExecutor$Worker.run(ThreadPoolExecutor.java:624)
        at java.lang.Thread.run(Thread.java:750)
"qtp1107259192-218" daemon prio=5 tid=218 timed_waiting
java.lang.Thread.State: TIMED_WAITING
        at sun.misc.Unsafe.park(Native Method)
        at java.util.concurrent.locks.LockSupport.parkNanos(LockSupport.java:215)
        at java.util.concurrent.locks.AbstractQueuedSynchronizer$ConditionObject.awaitNanos(AbstractQueuedSynchronizer.java:2078)
        at org.eclipse.jetty.util.BlockingArrayQueue.poll(BlockingArrayQueue.java:382)
        at org.eclipse.jetty.util.thread.QueuedThreadPool$Runner.idleJobPoll(QueuedThreadPool.java:974)
        at org.eclipse.jetty.util.thread.QueuedThreadPool$Runner.run(QueuedThreadPool.java:1018)
        at java.lang.Thread.run(Thread.java:750)
"ChunkWriter-2-0" daemon prio=5 tid=558 in Object.wait()
java.lang.Thread.State: WAITING (on object monitor)
        at sun.misc.Unsafe.park(Native Method)
        at java.util.concurrent.locks.LockSupport.park(LockSupport.java:175)
        at java.util.concurrent.locks.AbstractQueuedSynchronizer$ConditionObject.await(AbstractQueuedSynchronizer.java:2039)
        at java.util.concurrent.LinkedBlockingDeque.takeFirst(LinkedBlockingDeque.java:492)
        at java.util.concurrent.LinkedBlockingDeque.take(LinkedBlockingDeque.java:680)
        at java.util.concurrent.ThreadPoolExecutor.getTask(ThreadPoolExecutor.java:1074)
        at java.util.concurrent.ThreadPoolExecutor.runWorker(ThreadPoolExecutor.java:1134)
        at java.util.concurrent.ThreadPoolExecutor$Worker.run(ThreadPoolExecutor.java:624)
        at java.lang.Thread.run(Thread.java:750)
"ChunkReader-3" daemon prio=5 tid=794 in Object.wait()
java.lang.Thread.State: WAITING (on object monitor)
        at sun.misc.Unsafe.park(Native Method)
        at java.util.concurrent.locks.LockSupport.park(LockSupport.java:175)
        at java.util.concurrent.locks.AbstractQueuedSynchronizer$ConditionObject.await(AbstractQueuedSynchronizer.java:2039)
        at java.util.concurrent.LinkedBlockingQueue.take(LinkedBlockingQueue.java:442)
        at java.util.concurrent.ThreadPoolExecutor.getTask(ThreadPoolExecutor.java:1074)
        at java.util.concurrent.ThreadPoolExecutor.runWorker(ThreadPoolExecutor.java:1134)
        at java.util.concurrent.ThreadPoolExecutor$Worker.run(ThreadPoolExecutor.java:624)
        at java.lang.Thread.run(Thread.java:750)
"org.apache.hadoop.util.JvmPauseMonitor$Monitor@c3d88b8" daemon prio=5 tid=254 timed_waiting
java.lang.Thread.State: TIMED_WAITING
        at java.lang.Thread.sleep(Native Method)
        at org.apache.hadoop.util.JvmPauseMonitor$Monitor.run(JvmPauseMonitor.java:192)
        at java.lang.Thread.run(Thread.java:750)
"IPC Server handler 19 on default port 40235" daemon prio=5 tid=173 timed_waiting
java.lang.Thread.State: TIMED_WAITING
        at sun.misc.Unsafe.park(Native Method)
        at java.util.concurrent.locks.LockSupport.parkNanos(LockSupport.java:215)
        at java.util.concurrent.locks.AbstractQueuedSynchronizer$ConditionObject.awaitNanos(AbstractQueuedSynchronizer.java:2078)
        at java.util.concurrent.LinkedBlockingQueue.poll(LinkedBlockingQueue.java:467)
        at org.apache.hadoop.ipc.CallQueueManager.take(CallQueueManager.java:317)
        at org.apache.hadoop.ipc.Server$Handler.run(Server.java:2942)
"BlockDeletingService#1" daemon prio=5 tid=552 timed_waiting
java.lang.Thread.State: TIMED_WAITING
        at sun.misc.Unsafe.park(Native Method)
        at java.util.concurrent.locks.LockSupport.parkNanos(LockSupport.java:215)
        at java.util.concurrent.locks.AbstractQueuedSynchronizer$ConditionObject.awaitNanos(AbstractQueuedSynchronizer.java:2078)
        at java.util.concurrent.ScheduledThreadPoolExecutor$DelayedWorkQueue.take(ScheduledThreadPoolExecutor.java:1093)
        at java.util.concurrent.ScheduledThreadPoolExecutor$DelayedWorkQueue.take(ScheduledThreadPoolExecutor.java:809)
        at java.util.concurrent.ThreadPoolExecutor.getTask(ThreadPoolExecutor.java:1074)
        at java.util.concurrent.ThreadPoolExecutor.runWorker(ThreadPoolExecutor.java:1134)
        at java.util.concurrent.ThreadPoolExecutor$Worker.run(ThreadPoolExecutor.java:624)
        at java.lang.Thread.run(Thread.java:750)
"Under Replicated Processor" daemon prio=5 tid=858 timed_waiting
java.lang.Thread.State: TIMED_WAITING
        at java.lang.Object.wait(Native Method)
        at org.apache.hadoop.hdds.scm.container.replication.UnderReplicatedProcessor.run(UnderReplicatedProcessor.java:142)
        at java.lang.Thread.run(Thread.java:750)
"qtp200370202-423" daemon prio=5 tid=423 timed_waiting
java.lang.Thread.State: TIMED_WAITING
        at sun.misc.Unsafe.park(Native Method)
        at java.util.concurrent.locks.LockSupport.parkNanos(LockSupport.java:215)
        at java.util.concurrent.locks.AbstractQueuedSynchronizer$ConditionObject.awaitNanos(AbstractQueuedSynchronizer.java:2078)
        at org.eclipse.jetty.util.BlockingArrayQueue.poll(BlockingArrayQueue.java:382)
        at org.eclipse.jetty.util.thread.QueuedThreadPool$Runner.idleJobPoll(QueuedThreadPool.java:974)
        at org.eclipse.jetty.util.thread.QueuedThreadPool$Runner.run(QueuedThreadPool.java:1018)
        at java.lang.Thread.run(Thread.java:750)
"IPC Server handler 19 on default port 34199" daemon prio=5 tid=106 timed_waiting
java.lang.Thread.State: TIMED_WAITING
        at sun.misc.Unsafe.park(Native Method)
        at java.util.concurrent.locks.LockSupport.parkNanos(LockSupport.java:215)
        at java.util.concurrent.locks.AbstractQueuedSynchronizer$ConditionObject.awaitNanos(AbstractQueuedSynchronizer.java:2078)
        at java.util.concurrent.LinkedBlockingQueue.poll(LinkedBlockingQueue.java:467)
        at org.apache.hadoop.ipc.CallQueueManager.take(CallQueueManager.java:317)
        at org.apache.hadoop.ipc.Server$Handler.run(Server.java:2942)
"aafd62d6-5d37-4c95-9ffb-fecfd05fefa6@group-D5BAC4C13693-StateMachineUpdater" daemon prio=5 tid=571 timed_waiting
java.lang.Thread.State: TIMED_WAITING
        at sun.misc.Unsafe.park(Native Method)
        at java.util.concurrent.locks.LockSupport.parkNanos(LockSupport.java:215)
        at java.util.concurrent.CompletableFuture$Signaller.block(CompletableFuture.java:1709)
        at java.util.concurrent.ForkJoinPool.managedBlock(ForkJoinPool.java:3323)
        at java.util.concurrent.CompletableFuture.timedGet(CompletableFuture.java:1788)
        at java.util.concurrent.CompletableFuture.get(CompletableFuture.java:1928)
        at org.apache.ratis.util.AwaitForSignal.await(AwaitForSignal.java:56)
        at org.apache.ratis.server.impl.StateMachineUpdater.waitForCommit(StateMachineUpdater.java:207)
        at org.apache.ratis.server.impl.StateMachineUpdater.run(StateMachineUpdater.java:176)
        at java.lang.Thread.run(Thread.java:750)
"Datanode ReportManager Thread - 2" daemon prio=5 tid=443 in Object.wait()
java.lang.Thread.State: WAITING (on object monitor)
        at sun.misc.Unsafe.park(Native Method)
        at java.util.concurrent.locks.LockSupport.park(LockSupport.java:175)
        at java.util.concurrent.locks.AbstractQueuedSynchronizer$ConditionObject.await(AbstractQueuedSynchronizer.java:2039)
        at java.util.concurrent.ScheduledThreadPoolExecutor$DelayedWorkQueue.take(ScheduledThreadPoolExecutor.java:1088)
        at java.util.concurrent.ScheduledThreadPoolExecutor$DelayedWorkQueue.take(ScheduledThreadPoolExecutor.java:809)
        at java.util.concurrent.ThreadPoolExecutor.getTask(ThreadPoolExecutor.java:1074)
        at java.util.concurrent.ThreadPoolExecutor.runWorker(ThreadPoolExecutor.java:1134)
        at java.util.concurrent.ThreadPoolExecutor$Worker.run(ThreadPoolExecutor.java:624)
        at java.lang.Thread.run(Thread.java:750)
"IPC Client (1553257656) connection to 0.0.0.0/0.0.0.0:34199 from runner" daemon prio=5 tid=353 runnable
java.lang.Thread.State: RUNNABLE
        at java.lang.Object.wait(Native Method)
        at org.apache.hadoop.ipc.Client$Connection.waitForWork(Client.java:1086)
        at org.apache.hadoop.ipc.Client$Connection.run(Client.java:1133)
"IPC Server handler 0 on default port 34199" daemon prio=5 tid=87 timed_waiting
java.lang.Thread.State: TIMED_WAITING
        at sun.misc.Unsafe.park(Native Method)
        at java.util.concurrent.locks.LockSupport.parkNanos(LockSupport.java:215)
        at java.util.concurrent.locks.AbstractQueuedSynchronizer$ConditionObject.awaitNanos(AbstractQueuedSynchronizer.java:2078)
        at java.util.concurrent.LinkedBlockingQueue.poll(LinkedBlockingQueue.java:467)
        at org.apache.hadoop.ipc.CallQueueManager.take(CallQueueManager.java:317)
        at org.apache.hadoop.ipc.Server$Handler.run(Server.java:2942)
"fca08327-10d6-4e50-9aa0-d18fc62323ab@group-7510FC58D10D-FollowerState" daemon prio=5 tid=867 timed_waiting
java.lang.Thread.State: TIMED_WAITING
        at java.lang.Thread.sleep(Native Method)
        at java.lang.Thread.sleep(Thread.java:342)
        at java.util.concurrent.TimeUnit.sleep(TimeUnit.java:386)
        at org.apache.ratis.util.TimeDuration.sleep(TimeDuration.java:325)
        at org.apache.ratis.util.TimeDuration.sleep(TimeDuration.java:310)
        at org.apache.ratis.server.impl.FollowerState.run(FollowerState.java:128)
"IPC Server handler 18 on default port 40235" daemon prio=5 tid=172 timed_waiting
java.lang.Thread.State: TIMED_WAITING
        at sun.misc.Unsafe.park(Native Method)
        at java.util.concurrent.locks.LockSupport.parkNanos(LockSupport.java:215)
        at java.util.concurrent.locks.AbstractQueuedSynchronizer$ConditionObject.awaitNanos(AbstractQueuedSynchronizer.java:2078)
        at java.util.concurrent.LinkedBlockingQueue.poll(LinkedBlockingQueue.java:467)
        at org.apache.hadoop.ipc.CallQueueManager.take(CallQueueManager.java:317)
        at org.apache.hadoop.ipc.Server$Handler.run(Server.java:2942)
"EndpointStateMachine task thread for /0.0.0.0:34199 - 0 "  prio=5 tid=488 in Object.wait()
java.lang.Thread.State: WAITING (on object monitor)
        at sun.misc.Unsafe.park(Native Method)
        at java.util.concurrent.locks.LockSupport.park(LockSupport.java:175)
        at java.util.concurrent.locks.AbstractQueuedSynchronizer$ConditionObject.await(AbstractQueuedSynchronizer.java:2039)
        at java.util.concurrent.LinkedBlockingQueue.take(LinkedBlockingQueue.java:442)
        at java.util.concurrent.ThreadPoolExecutor.getTask(ThreadPoolExecutor.java:1074)
        at java.util.concurrent.ThreadPoolExecutor.runWorker(ThreadPoolExecutor.java:1134)
        at java.util.concurrent.ThreadPoolExecutor$Worker.run(ThreadPoolExecutor.java:624)
        at java.lang.Thread.run(Thread.java:750)
"IPC Server Responder" daemon prio=5 tid=26 runnable
java.lang.Thread.State: RUNNABLE
        at sun.nio.ch.EPollArrayWrapper.epollWait(Native Method)
        at sun.nio.ch.EPollArrayWrapper.poll(EPollArrayWrapper.java:269)
        at sun.nio.ch.EPollSelectorImpl.doSelect(EPollSelectorImpl.java:93)
        at sun.nio.ch.SelectorImpl.lockAndDoSelect(SelectorImpl.java:86)
        at sun.nio.ch.SelectorImpl.select(SelectorImpl.java:97)
        at org.apache.hadoop.ipc.Server$Responder.doRunLoop(Server.java:1532)
        at org.apache.hadoop.ipc.Server$Responder.run(Server.java:1515)
"ChunkReader-0" daemon prio=5 tid=761 in Object.wait()
java.lang.Thread.State: WAITING (on object monitor)
        at sun.misc.Unsafe.park(Native Method)
        at java.util.concurrent.locks.LockSupport.park(LockSupport.java:175)
        at java.util.concurrent.locks.AbstractQueuedSynchronizer$ConditionObject.await(AbstractQueuedSynchronizer.java:2039)
        at java.util.concurrent.LinkedBlockingQueue.take(LinkedBlockingQueue.java:442)
        at java.util.concurrent.ThreadPoolExecutor.getTask(ThreadPoolExecutor.java:1074)
        at java.util.concurrent.ThreadPoolExecutor.runWorker(ThreadPoolExecutor.java:1134)
        at java.util.concurrent.ThreadPoolExecutor$Worker.run(ThreadPoolExecutor.java:624)
        at java.lang.Thread.run(Thread.java:750)
"Datanode State Machine Task Thread - 1"  prio=5 tid=487 in Object.wait()
java.lang.Thread.State: WAITING (on object monitor)
        at sun.misc.Unsafe.park(Native Method)
        at java.util.concurrent.locks.LockSupport.park(LockSupport.java:175)
        at java.util.concurrent.locks.AbstractQueuedSynchronizer$ConditionObject.await(AbstractQueuedSynchronizer.java:2039)
        at java.util.concurrent.LinkedBlockingQueue.take(LinkedBlockingQueue.java:442)
        at java.util.concurrent.ThreadPoolExecutor.getTask(ThreadPoolExecutor.java:1074)
        at java.util.concurrent.ThreadPoolExecutor.runWorker(ThreadPoolExecutor.java:1134)
        at java.util.concurrent.ThreadPoolExecutor$Worker.run(ThreadPoolExecutor.java:624)
        at java.lang.Thread.run(Thread.java:750)
"c047bafd-0fa0-4f2f-9a8c-56ef9c35524f-server-thread2" daemon prio=5 tid=838 timed_waiting
java.lang.Thread.State: TIMED_WAITING
        at sun.misc.Unsafe.park(Native Method)
        at java.util.concurrent.locks.LockSupport.parkNanos(LockSupport.java:215)
        at java.util.concurrent.SynchronousQueue$TransferStack.awaitFulfill(SynchronousQueue.java:460)
        at java.util.concurrent.SynchronousQueue$TransferStack.transfer(SynchronousQueue.java:362)
        at java.util.concurrent.SynchronousQueue.poll(SynchronousQueue.java:941)
        at java.util.concurrent.ThreadPoolExecutor.getTask(ThreadPoolExecutor.java:1073)
        at java.util.concurrent.ThreadPoolExecutor.runWorker(ThreadPoolExecutor.java:1134)
        at java.util.concurrent.ThreadPoolExecutor$Worker.run(ThreadPoolExecutor.java:624)
        at java.lang.Thread.run(Thread.java:750)
"Datanode ReportManager Thread - 3" daemon prio=5 tid=406 in Object.wait()
java.lang.Thread.State: WAITING (on object monitor)
        at sun.misc.Unsafe.park(Native Method)
        at java.util.concurrent.locks.LockSupport.park(LockSupport.java:175)
        at java.util.concurrent.locks.AbstractQueuedSynchronizer$ConditionObject.await(AbstractQueuedSynchronizer.java:2039)
        at java.util.concurrent.ScheduledThreadPoolExecutor$DelayedWorkQueue.take(ScheduledThreadPoolExecutor.java:1088)
        at java.util.concurrent.ScheduledThreadPoolExecutor$DelayedWorkQueue.take(ScheduledThreadPoolExecutor.java:809)
        at java.util.concurrent.ThreadPoolExecutor.getTask(ThreadPoolExecutor.java:1074)
        at java.util.concurrent.ThreadPoolExecutor.runWorker(ThreadPoolExecutor.java:1134)
        at java.util.concurrent.ThreadPoolExecutor$Worker.run(ThreadPoolExecutor.java:624)
        at java.lang.Thread.run(Thread.java:750)
"qtp1122905237-385" daemon prio=5 tid=385 timed_waiting
java.lang.Thread.State: TIMED_WAITING
        at sun.misc.Unsafe.park(Native Method)
        at java.util.concurrent.locks.LockSupport.parkNanos(LockSupport.java:215)
        at java.util.concurrent.locks.AbstractQueuedSynchronizer$ConditionObject.awaitNanos(AbstractQueuedSynchronizer.java:2078)
        at org.eclipse.jetty.util.BlockingArrayQueue.poll(BlockingArrayQueue.java:382)
        at org.eclipse.jetty.util.thread.QueuedThreadPool$Runner.idleJobPoll(QueuedThreadPool.java:974)
        at org.eclipse.jetty.util.thread.QueuedThreadPool$Runner.run(QueuedThreadPool.java:1018)
        at java.lang.Thread.run(Thread.java:750)
"Datanode State Machine Daemon Thread" daemon prio=5 tid=273 timed_waiting
java.lang.Thread.State: TIMED_WAITING
        at java.lang.Thread.sleep(Native Method)
        at org.apache.hadoop.ozone.container.common.statemachine.DatanodeStateMachine.startStateMachineThread(DatanodeStateMachine.java:321)
        at org.apache.hadoop.ozone.container.common.statemachine.DatanodeStateMachine.lambda$startDaemon$0(DatanodeStateMachine.java:506)
        at org.apache.hadoop.ozone.container.common.statemachine.DatanodeStateMachine$$Lambda$751/211315337.run(Unknown Source)
        at java.lang.Thread.run(Thread.java:750)
"qtp1107259192-211" daemon prio=5 tid=211 runnable
java.lang.Thread.State: RUNNABLE
        at sun.nio.ch.EPollArrayWrapper.epollWait(Native Method)
        at sun.nio.ch.EPollArrayWrapper.poll(EPollArrayWrapper.java:269)
        at sun.nio.ch.EPollSelectorImpl.doSelect(EPollSelectorImpl.java:93)
        at sun.nio.ch.SelectorImpl.lockAndDoSelect(SelectorImpl.java:86)
        at sun.nio.ch.SelectorImpl.select(SelectorImpl.java:97)
        at sun.nio.ch.SelectorImpl.select(SelectorImpl.java:101)
        at org.eclipse.jetty.io.ManagedSelector.nioSelect(ManagedSelector.java:183)
        at org.eclipse.jetty.io.ManagedSelector.select(ManagedSelector.java:190)
        at org.eclipse.jetty.io.ManagedSelector$SelectorProducer.select(ManagedSelector.java:606)
        at org.eclipse.jetty.io.ManagedSelector$SelectorProducer.produce(ManagedSelector.java:543)
        at org.eclipse.jetty.util.thread.strategy.EatWhatYouKill.produceTask(EatWhatYouKill.java:362)
        at org.eclipse.jetty.util.thread.strategy.EatWhatYouKill.doProduce(EatWhatYouKill.java:186)
        at org.eclipse.jetty.util.thread.strategy.EatWhatYouKill.tryProduce(EatWhatYouKill.java:173)
        at org.eclipse.jetty.util.thread.strategy.EatWhatYouKill.produce(EatWhatYouKill.java:137)
        at org.eclipse.jetty.io.ManagedSelector$$Lambda$446/827549167.run(Unknown Source)
        at org.eclipse.jetty.util.thread.QueuedThreadPool.runJob(QueuedThreadPool.java:883)
        at org.eclipse.jetty.util.thread.QueuedThreadPool$Runner.run(QueuedThreadPool.java:1034)
        at java.lang.Thread.run(Thread.java:750)
"StaleRecoveringContainerScrubbingService#0" daemon prio=5 tid=496 in Object.wait()
java.lang.Thread.State: WAITING (on object monitor)
        at sun.misc.Unsafe.park(Native Method)
        at java.util.concurrent.locks.LockSupport.park(LockSupport.java:175)
        at java.util.concurrent.locks.AbstractQueuedSynchronizer$ConditionObject.await(AbstractQueuedSynchronizer.java:2039)
        at java.util.concurrent.ScheduledThreadPoolExecutor$DelayedWorkQueue.take(ScheduledThreadPoolExecutor.java:1088)
        at java.util.concurrent.ScheduledThreadPoolExecutor$DelayedWorkQueue.take(ScheduledThreadPoolExecutor.java:809)
        at java.util.concurrent.ThreadPoolExecutor.getTask(ThreadPoolExecutor.java:1074)
        at java.util.concurrent.ThreadPoolExecutor.runWorker(ThreadPoolExecutor.java:1134)
        at java.util.concurrent.ThreadPoolExecutor$Worker.run(ThreadPoolExecutor.java:624)
        at java.lang.Thread.run(Thread.java:750)
"FixedThreadPoolWithAffinityExecutor-7-0" daemon prio=5 tid=42 timed_waiting
java.lang.Thread.State: TIMED_WAITING
        at sun.misc.Unsafe.park(Native Method)
        at java.util.concurrent.locks.LockSupport.parkNanos(LockSupport.java:215)
        at java.util.concurrent.locks.AbstractQueuedSynchronizer$ConditionObject.awaitNanos(AbstractQueuedSynchronizer.java:2078)
        at java.util.concurrent.LinkedBlockingQueue.poll(LinkedBlockingQueue.java:467)
        at org.apache.hadoop.hdds.scm.server.ContainerReportQueue.poll(ContainerReportQueue.java:266)
        at org.apache.hadoop.hdds.scm.server.ContainerReportQueue.poll(ContainerReportQueue.java:42)
        at org.apache.hadoop.hdds.server.events.FixedThreadPoolWithAffinityExecutor$ContainerReportProcessTask.run(FixedThreadPoolWithAffinityExecutor.java:218)
        at java.util.concurrent.Executors$RunnableAdapter.call(Executors.java:511)
        at java.util.concurrent.FutureTask.run(FutureTask.java:266)
        at java.util.concurrent.ThreadPoolExecutor.runWorker(ThreadPoolExecutor.java:1149)
        at java.util.concurrent.ThreadPoolExecutor$Worker.run(ThreadPoolExecutor.java:624)
        at java.lang.Thread.run(Thread.java:750)
"ChunkWriter-0-0" daemon prio=5 tid=392 in Object.wait()
java.lang.Thread.State: WAITING (on object monitor)
        at sun.misc.Unsafe.park(Native Method)
        at java.util.concurrent.locks.LockSupport.park(LockSupport.java:175)
        at java.util.concurrent.locks.AbstractQueuedSynchronizer$ConditionObject.await(AbstractQueuedSynchronizer.java:2039)
        at java.util.concurrent.LinkedBlockingDeque.takeFirst(LinkedBlockingDeque.java:492)
        at java.util.concurrent.LinkedBlockingDeque.take(LinkedBlockingDeque.java:680)
        at java.util.concurrent.ThreadPoolExecutor.getTask(ThreadPoolExecutor.java:1074)
        at java.util.concurrent.ThreadPoolExecutor.runWorker(ThreadPoolExecutor.java:1134)
        at java.util.concurrent.ThreadPoolExecutor$Worker.run(ThreadPoolExecutor.java:624)
        at java.lang.Thread.run(Thread.java:750)
"qtp1691241233-296" daemon prio=5 tid=296 timed_waiting
java.lang.Thread.State: TIMED_WAITING
        at sun.misc.Unsafe.park(Native Method)
        at java.util.concurrent.locks.LockSupport.parkNanos(LockSupport.java:215)
        at java.util.concurrent.locks.AbstractQueuedSynchronizer$ConditionObject.awaitNanos(AbstractQueuedSynchronizer.java:2078)
        at org.eclipse.jetty.util.BlockingArrayQueue.poll(BlockingArrayQueue.java:382)
        at org.eclipse.jetty.util.thread.QueuedThreadPool$Runner.idleJobPoll(QueuedThreadPool.java:974)
        at org.eclipse.jetty.util.thread.QueuedThreadPool$Runner.run(QueuedThreadPool.java:1018)
        at java.lang.Thread.run(Thread.java:750)
"BlockDeletingService#2" daemon prio=5 tid=882 in Object.wait()
java.lang.Thread.State: WAITING (on object monitor)
        at sun.misc.Unsafe.park(Native Method)
        at java.util.concurrent.locks.LockSupport.park(LockSupport.java:175)
        at java.util.concurrent.locks.AbstractQueuedSynchronizer$ConditionObject.await(AbstractQueuedSynchronizer.java:2039)
        at java.util.concurrent.ScheduledThreadPoolExecutor$DelayedWorkQueue.take(ScheduledThreadPoolExecutor.java:1088)
        at java.util.concurrent.ScheduledThreadPoolExecutor$DelayedWorkQueue.take(ScheduledThreadPoolExecutor.java:809)
        at java.util.concurrent.ThreadPoolExecutor.getTask(ThreadPoolExecutor.java:1074)
        at java.util.concurrent.ThreadPoolExecutor.runWorker(ThreadPoolExecutor.java:1134)
        at java.util.concurrent.ThreadPoolExecutor$Worker.run(ThreadPoolExecutor.java:624)
        at java.lang.Thread.run(Thread.java:750)
"Datanode ReportManager Thread - 0" daemon prio=5 tid=194 in Object.wait()
java.lang.Thread.State: WAITING (on object monitor)
        at sun.misc.Unsafe.park(Native Method)
        at java.util.concurrent.locks.LockSupport.park(LockSupport.java:175)
        at java.util.concurrent.locks.AbstractQueuedSynchronizer$ConditionObject.await(AbstractQueuedSynchronizer.java:2039)
        at java.util.concurrent.ScheduledThreadPoolExecutor$DelayedWorkQueue.take(ScheduledThreadPoolExecutor.java:1088)
        at java.util.concurrent.ScheduledThreadPoolExecutor$DelayedWorkQueue.take(ScheduledThreadPoolExecutor.java:809)
        at java.util.concurrent.ThreadPoolExecutor.getTask(ThreadPoolExecutor.java:1074)
        at java.util.concurrent.ThreadPoolExecutor.runWorker(ThreadPoolExecutor.java:1134)
        at java.util.concurrent.ThreadPoolExecutor$Worker.run(ThreadPoolExecutor.java:624)
        at java.lang.Thread.run(Thread.java:750)
"fca08327-10d6-4e50-9aa0-d18fc62323ab@group-DD4C95DED537-SegmentedRaftLogWorker"  prio=5 tid=597 timed_waiting
java.lang.Thread.State: TIMED_WAITING
        at sun.misc.Unsafe.park(Native Method)
        at java.util.concurrent.locks.LockSupport.parkNanos(LockSupport.java:215)
        at java.util.concurrent.locks.AbstractQueuedSynchronizer$ConditionObject.awaitNanos(AbstractQueuedSynchronizer.java:2078)
        at org.apache.ratis.util.DataBlockingQueue.poll(DataBlockingQueue.java:148)
        at org.apache.ratis.server.raftlog.segmented.SegmentedRaftLogWorker.run(SegmentedRaftLogWorker.java:310)
        at org.apache.ratis.server.raftlog.segmented.SegmentedRaftLogWorker$$Lambda$665/306525361.run(Unknown Source)
        at java.lang.Thread.run(Thread.java:750)
"Datanode ReportManager Thread - 0" daemon prio=5 tid=248 in Object.wait()
java.lang.Thread.State: WAITING (on object monitor)
        at sun.misc.Unsafe.park(Native Method)
        at java.util.concurrent.locks.LockSupport.park(LockSupport.java:175)
        at java.util.concurrent.locks.AbstractQueuedSynchronizer$ConditionObject.await(AbstractQueuedSynchronizer.java:2039)
        at java.util.concurrent.ScheduledThreadPoolExecutor$DelayedWorkQueue.take(ScheduledThreadPoolExecutor.java:1088)
        at java.util.concurrent.ScheduledThreadPoolExecutor$DelayedWorkQueue.take(ScheduledThreadPoolExecutor.java:809)
        at java.util.concurrent.ThreadPoolExecutor.getTask(ThreadPoolExecutor.java:1074)
        at java.util.concurrent.ThreadPoolExecutor.runWorker(ThreadPoolExecutor.java:1134)
        at java.util.concurrent.ThreadPoolExecutor$Worker.run(ThreadPoolExecutor.java:624)
        at java.lang.Thread.run(Thread.java:750)
"Datanode ReportManager Thread - 2" daemon prio=5 tid=250 in Object.wait()
java.lang.Thread.State: WAITING (on object monitor)
        at sun.misc.Unsafe.park(Native Method)
        at java.util.concurrent.locks.LockSupport.park(LockSupport.java:175)
        at java.util.concurrent.locks.AbstractQueuedSynchronizer$ConditionObject.await(AbstractQueuedSynchronizer.java:2039)
        at java.util.concurrent.ScheduledThreadPoolExecutor$DelayedWorkQueue.take(ScheduledThreadPoolExecutor.java:1088)
        at java.util.concurrent.ScheduledThreadPoolExecutor$DelayedWorkQueue.take(ScheduledThreadPoolExecutor.java:809)
        at java.util.concurrent.ThreadPoolExecutor.getTask(ThreadPoolExecutor.java:1074)
        at java.util.concurrent.ThreadPoolExecutor.runWorker(ThreadPoolExecutor.java:1134)
        at java.util.concurrent.ThreadPoolExecutor$Worker.run(ThreadPoolExecutor.java:624)
        at java.lang.Thread.run(Thread.java:750)
"qtp200370202-422" daemon prio=5 tid=422 timed_waiting
java.lang.Thread.State: TIMED_WAITING
        at sun.misc.Unsafe.park(Native Method)
        at java.util.concurrent.locks.LockSupport.parkNanos(LockSupport.java:215)
        at java.util.concurrent.locks.AbstractQueuedSynchronizer$ConditionObject.awaitNanos(AbstractQueuedSynchronizer.java:2078)
        at org.eclipse.jetty.util.BlockingArrayQueue.poll(BlockingArrayQueue.java:382)
        at org.eclipse.jetty.util.thread.QueuedThreadPool$Runner.idleJobPoll(QueuedThreadPool.java:974)
        at org.eclipse.jetty.util.thread.QueuedThreadPool$Runner.run(QueuedThreadPool.java:1018)
        at java.lang.Thread.run(Thread.java:750)
"PartialTableCache Cleanup Thread - 0" daemon prio=5 tid=799 in Object.wait()
java.lang.Thread.State: WAITING (on object monitor)
        at sun.misc.Unsafe.park(Native Method)
        at java.util.concurrent.locks.LockSupport.park(LockSupport.java:175)
        at java.util.concurrent.locks.AbstractQueuedSynchronizer$ConditionObject.await(AbstractQueuedSynchronizer.java:2039)
        at java.util.concurrent.LinkedBlockingQueue.take(LinkedBlockingQueue.java:442)
        at java.util.concurrent.ThreadPoolExecutor.getTask(ThreadPoolExecutor.java:1074)
        at java.util.concurrent.ThreadPoolExecutor.runWorker(ThreadPoolExecutor.java:1134)
        at java.util.concurrent.ThreadPoolExecutor$Worker.run(ThreadPoolExecutor.java:624)
        at java.lang.Thread.run(Thread.java:750)
"IPC Server handler 9 on default port 33617" daemon prio=5 tid=56 timed_waiting
java.lang.Thread.State: TIMED_WAITING
        at sun.misc.Unsafe.park(Native Method)
        at java.util.concurrent.locks.LockSupport.parkNanos(LockSupport.java:215)
        at java.util.concurrent.locks.AbstractQueuedSynchronizer$ConditionObject.awaitNanos(AbstractQueuedSynchronizer.java:2078)
        at java.util.concurrent.LinkedBlockingQueue.poll(LinkedBlockingQueue.java:467)
        at org.apache.hadoop.ipc.CallQueueManager.take(CallQueueManager.java:317)
        at org.apache.hadoop.ipc.Server$Handler.run(Server.java:2942)
"Periodic HDDS volume checker" daemon prio=5 tid=231 timed_waiting
java.lang.Thread.State: TIMED_WAITING
        at sun.misc.Unsafe.park(Native Method)
        at java.util.concurrent.locks.LockSupport.parkNanos(LockSupport.java:215)
        at java.util.concurrent.locks.AbstractQueuedSynchronizer$ConditionObject.awaitNanos(AbstractQueuedSynchronizer.java:2078)
        at java.util.concurrent.ScheduledThreadPoolExecutor$DelayedWorkQueue.take(ScheduledThreadPoolExecutor.java:1093)
        at java.util.concurrent.ScheduledThreadPoolExecutor$DelayedWorkQueue.take(ScheduledThreadPoolExecutor.java:809)
        at java.util.concurrent.ThreadPoolExecutor.getTask(ThreadPoolExecutor.java:1074)
        at java.util.concurrent.ThreadPoolExecutor.runWorker(ThreadPoolExecutor.java:1134)
        at java.util.concurrent.ThreadPoolExecutor$Worker.run(ThreadPoolExecutor.java:624)
        at java.lang.Thread.run(Thread.java:750)
"IPC Server handler 17 on default port 33617" daemon prio=5 tid=64 timed_waiting
java.lang.Thread.State: TIMED_WAITING
        at sun.misc.Unsafe.park(Native Method)
        at java.util.concurrent.locks.LockSupport.parkNanos(LockSupport.java:215)
        at java.util.concurrent.locks.AbstractQueuedSynchronizer$ConditionObject.awaitNanos(AbstractQueuedSynchronizer.java:2078)
        at java.util.concurrent.LinkedBlockingQueue.poll(LinkedBlockingQueue.java:467)
        at org.apache.hadoop.ipc.CallQueueManager.take(CallQueueManager.java:317)
        at org.apache.hadoop.ipc.Server$Handler.run(Server.java:2942)
"fca08327-10d6-4e50-9aa0-d18fc62323ab-server-thread3" daemon prio=5 tid=709 timed_waiting
java.lang.Thread.State: TIMED_WAITING
        at sun.misc.Unsafe.park(Native Method)
        at java.util.concurrent.locks.LockSupport.parkNanos(LockSupport.java:215)
        at java.util.concurrent.SynchronousQueue$TransferStack.awaitFulfill(SynchronousQueue.java:460)
        at java.util.concurrent.SynchronousQueue$TransferStack.transfer(SynchronousQueue.java:362)
        at java.util.concurrent.SynchronousQueue.poll(SynchronousQueue.java:941)
        at java.util.concurrent.ThreadPoolExecutor.getTask(ThreadPoolExecutor.java:1073)
        at java.util.concurrent.ThreadPoolExecutor.runWorker(ThreadPoolExecutor.java:1134)
        at java.util.concurrent.ThreadPoolExecutor$Worker.run(ThreadPoolExecutor.java:624)
        at java.lang.Thread.run(Thread.java:750)
"Datanode ReportManager Thread - 4" daemon prio=5 tid=278 timed_waiting
java.lang.Thread.State: TIMED_WAITING
        at sun.misc.Unsafe.park(Native Method)
        at java.util.concurrent.locks.LockSupport.parkNanos(LockSupport.java:215)
        at java.util.concurrent.locks.AbstractQueuedSynchronizer$ConditionObject.awaitNanos(AbstractQueuedSynchronizer.java:2078)
        at java.util.concurrent.ScheduledThreadPoolExecutor$DelayedWorkQueue.take(ScheduledThreadPoolExecutor.java:1093)
        at java.util.concurrent.ScheduledThreadPoolExecutor$DelayedWorkQueue.take(ScheduledThreadPoolExecutor.java:809)
        at java.util.concurrent.ThreadPoolExecutor.getTask(ThreadPoolExecutor.java:1074)
        at java.util.concurrent.ThreadPoolExecutor.runWorker(ThreadPoolExecutor.java:1134)
        at java.util.concurrent.ThreadPoolExecutor$Worker.run(ThreadPoolExecutor.java:624)
        at java.lang.Thread.run(Thread.java:750)
"c047bafd-0fa0-4f2f-9a8c-56ef9c35524f@group-07E747FEAB49-LeaderStateImpl" daemon prio=5 tid=765 timed_waiting
java.lang.Thread.State: TIMED_WAITING
        at sun.misc.Unsafe.park(Native Method)
        at java.util.concurrent.locks.LockSupport.parkNanos(LockSupport.java:215)
        at java.util.concurrent.locks.AbstractQueuedSynchronizer$ConditionObject.awaitNanos(AbstractQueuedSynchronizer.java:2078)
        at java.util.concurrent.ArrayBlockingQueue.poll(ArrayBlockingQueue.java:418)
        at org.apache.ratis.server.impl.LeaderStateImpl$EventQueue.poll(LeaderStateImpl.java:159)
        at org.apache.ratis.server.impl.LeaderStateImpl$EventProcessor.run(LeaderStateImpl.java:630)
"Datanode ReportManager Thread - 2" daemon prio=5 tid=276 timed_waiting
java.lang.Thread.State: TIMED_WAITING
        at sun.misc.Unsafe.park(Native Method)
        at java.util.concurrent.locks.LockSupport.parkNanos(LockSupport.java:215)
        at java.util.concurrent.locks.AbstractQueuedSynchronizer$ConditionObject.awaitNanos(AbstractQueuedSynchronizer.java:2078)
        at java.util.concurrent.ScheduledThreadPoolExecutor$DelayedWorkQueue.take(ScheduledThreadPoolExecutor.java:1093)
        at java.util.concurrent.ScheduledThreadPoolExecutor$DelayedWorkQueue.take(ScheduledThreadPoolExecutor.java:809)
        at java.util.concurrent.ThreadPoolExecutor.getTask(ThreadPoolExecutor.java:1074)
        at java.util.concurrent.ThreadPoolExecutor.runWorker(ThreadPoolExecutor.java:1134)
        at java.util.concurrent.ThreadPoolExecutor$Worker.run(ThreadPoolExecutor.java:624)
        at java.lang.Thread.run(Thread.java:750)
"org.apache.hadoop.ozone.container.common.statemachine.commandhandler.DeleteBlocksCommandHandler$DeleteCmdWorker@3ebaecc4" daemon prio=5 tid=340 timed_waiting
java.lang.Thread.State: TIMED_WAITING
        at java.lang.Thread.sleep(Native Method)
        at org.apache.hadoop.ozone.container.common.statemachine.commandhandler.DeleteBlocksCommandHandler$DeleteCmdWorker.run(DeleteBlocksCommandHandler.java:183)
        at java.lang.Thread.run(Thread.java:750)
"Datanode State Machine Daemon Thread" daemon prio=5 tid=440 timed_waiting
java.lang.Thread.State: TIMED_WAITING
        at java.lang.Thread.sleep(Native Method)
        at org.apache.hadoop.ozone.container.common.statemachine.DatanodeStateMachine.startStateMachineThread(DatanodeStateMachine.java:321)
        at org.apache.hadoop.ozone.container.common.statemachine.DatanodeStateMachine.lambda$startDaemon$0(DatanodeStateMachine.java:506)
        at org.apache.hadoop.ozone.container.common.statemachine.DatanodeStateMachine$$Lambda$751/211315337.run(Unknown Source)
        at java.lang.Thread.run(Thread.java:750)
"edbb8909-d467-4274-b253-e11b41a723b1@group-328117242DA8-StateMachineUpdater" daemon prio=5 tid=659 timed_waiting
java.lang.Thread.State: TIMED_WAITING
        at sun.misc.Unsafe.park(Native Method)
        at java.util.concurrent.locks.LockSupport.parkNanos(LockSupport.java:215)
        at java.util.concurrent.CompletableFuture$Signaller.block(CompletableFuture.java:1709)
        at java.util.concurrent.ForkJoinPool.managedBlock(ForkJoinPool.java:3323)
        at java.util.concurrent.CompletableFuture.timedGet(CompletableFuture.java:1788)
        at java.util.concurrent.CompletableFuture.get(CompletableFuture.java:1928)
        at org.apache.ratis.util.AwaitForSignal.await(AwaitForSignal.java:56)
        at org.apache.ratis.server.impl.StateMachineUpdater.waitForCommit(StateMachineUpdater.java:207)
        at org.apache.ratis.server.impl.StateMachineUpdater.run(StateMachineUpdater.java:176)
        at java.lang.Thread.run(Thread.java:750)
"Datanode ReportManager Thread - 4" daemon prio=5 tid=445 timed_waiting
java.lang.Thread.State: TIMED_WAITING
        at sun.misc.Unsafe.park(Native Method)
        at java.util.concurrent.locks.LockSupport.parkNanos(LockSupport.java:215)
        at java.util.concurrent.locks.AbstractQueuedSynchronizer$ConditionObject.awaitNanos(AbstractQueuedSynchronizer.java:2078)
        at java.util.concurrent.ScheduledThreadPoolExecutor$DelayedWorkQueue.take(ScheduledThreadPoolExecutor.java:1093)
        at java.util.concurrent.ScheduledThreadPoolExecutor$DelayedWorkQueue.take(ScheduledThreadPoolExecutor.java:809)
        at java.util.concurrent.ThreadPoolExecutor.getTask(ThreadPoolExecutor.java:1074)
        at java.util.concurrent.ThreadPoolExecutor.runWorker(ThreadPoolExecutor.java:1134)
        at java.util.concurrent.ThreadPoolExecutor$Worker.run(ThreadPoolExecutor.java:624)
        at java.lang.Thread.run(Thread.java:750)
"Over Replicated Processor" daemon prio=5 tid=859 timed_waiting
java.lang.Thread.State: TIMED_WAITING
        at java.lang.Object.wait(Native Method)
        at org.apache.hadoop.hdds.scm.container.replication.OverReplicatedProcessor.run(OverReplicatedProcessor.java:131)
        at java.lang.Thread.run(Thread.java:750)
"ChunkReader-1" daemon prio=5 tid=773 in Object.wait()
java.lang.Thread.State: WAITING (on object monitor)
        at sun.misc.Unsafe.park(Native Method)
        at java.util.concurrent.locks.LockSupport.park(LockSupport.java:175)
        at java.util.concurrent.locks.AbstractQueuedSynchronizer$ConditionObject.await(AbstractQueuedSynchronizer.java:2039)
        at java.util.concurrent.LinkedBlockingQueue.take(LinkedBlockingQueue.java:442)
        at java.util.concurrent.ThreadPoolExecutor.getTask(ThreadPoolExecutor.java:1074)
        at java.util.concurrent.ThreadPoolExecutor.runWorker(ThreadPoolExecutor.java:1134)
        at java.util.concurrent.ThreadPoolExecutor$Worker.run(ThreadPoolExecutor.java:624)
        at java.lang.Thread.run(Thread.java:750)
"qtp2069383006-239-acceptor-0@3f666856-ServerConnector@33795ac7{HTTP/1.1, (http/1.1)}{0.0.0.0:35357}" daemon prio=3 tid=239 runnable
java.lang.Thread.State: RUNNABLE
        at sun.nio.ch.ServerSocketChannelImpl.accept0(Native Method)
        at sun.nio.ch.ServerSocketChannelImpl.accept(ServerSocketChannelImpl.java:421)
        at sun.nio.ch.ServerSocketChannelImpl.accept(ServerSocketChannelImpl.java:249)
        at org.eclipse.jetty.server.ServerConnector.accept(ServerConnector.java:388)
        at org.eclipse.jetty.server.AbstractConnector$Acceptor.run(AbstractConnector.java:704)
        at org.eclipse.jetty.util.thread.QueuedThreadPool.runJob(QueuedThreadPool.java:883)
        at org.eclipse.jetty.util.thread.QueuedThreadPool$Runner.run(QueuedThreadPool.java:1034)
        at java.lang.Thread.run(Thread.java:750)
"qtp110562008-346" daemon prio=5 tid=346 timed_waiting
java.lang.Thread.State: TIMED_WAITING
        at sun.misc.Unsafe.park(Native Method)
        at java.util.concurrent.locks.LockSupport.parkNanos(LockSupport.java:215)
        at java.util.concurrent.locks.AbstractQueuedSynchronizer$ConditionObject.awaitNanos(AbstractQueuedSynchronizer.java:2078)
        at org.eclipse.jetty.util.BlockingArrayQueue.poll(BlockingArrayQueue.java:382)
        at org.eclipse.jetty.util.thread.QueuedThreadPool$Runner.idleJobPoll(QueuedThreadPool.java:974)
        at org.eclipse.jetty.util.thread.QueuedThreadPool$Runner.run(QueuedThreadPool.java:1018)
        at java.lang.Thread.run(Thread.java:750)
"Session-HouseKeeper-4cbb519f-1"  prio=5 tid=272 timed_waiting
java.lang.Thread.State: TIMED_WAITING
        at sun.misc.Unsafe.park(Native Method)
        at java.util.concurrent.locks.LockSupport.parkNanos(LockSupport.java:215)
        at java.util.concurrent.locks.AbstractQueuedSynchronizer$ConditionObject.awaitNanos(AbstractQueuedSynchronizer.java:2078)
        at java.util.concurrent.ScheduledThreadPoolExecutor$DelayedWorkQueue.take(ScheduledThreadPoolExecutor.java:1093)
        at java.util.concurrent.ScheduledThreadPoolExecutor$DelayedWorkQueue.take(ScheduledThreadPoolExecutor.java:809)
        at java.util.concurrent.ThreadPoolExecutor.getTask(ThreadPoolExecutor.java:1074)
        at java.util.concurrent.ThreadPoolExecutor.runWorker(ThreadPoolExecutor.java:1134)
        at java.util.concurrent.ThreadPoolExecutor$Worker.run(ThreadPoolExecutor.java:624)
        at java.lang.Thread.run(Thread.java:750)
"org.apache.hadoop.util.JvmPauseMonitor$Monitor@4d4f125a" daemon prio=5 tid=447 timed_waiting
java.lang.Thread.State: TIMED_WAITING
        at java.lang.Thread.sleep(Native Method)
        at org.apache.hadoop.util.JvmPauseMonitor$Monitor.run(JvmPauseMonitor.java:192)
        at java.lang.Thread.run(Thread.java:750)
"IPC Server handler 8 on default port 33617" daemon prio=5 tid=55 timed_waiting
java.lang.Thread.State: TIMED_WAITING
        at sun.misc.Unsafe.park(Native Method)
        at java.util.concurrent.locks.LockSupport.parkNanos(LockSupport.java:215)
        at java.util.concurrent.locks.AbstractQueuedSynchronizer$ConditionObject.awaitNanos(AbstractQueuedSynchronizer.java:2078)
        at java.util.concurrent.LinkedBlockingQueue.poll(LinkedBlockingQueue.java:467)
        at org.apache.hadoop.ipc.CallQueueManager.take(CallQueueManager.java:317)
        at org.apache.hadoop.ipc.Server$Handler.run(Server.java:2942)
"IPC Server handler 4 on default port 34199" daemon prio=5 tid=91 timed_waiting
java.lang.Thread.State: TIMED_WAITING
        at sun.misc.Unsafe.park(Native Method)
        at java.util.concurrent.locks.LockSupport.parkNanos(LockSupport.java:215)
        at java.util.concurrent.locks.AbstractQueuedSynchronizer$ConditionObject.awaitNanos(AbstractQueuedSynchronizer.java:2078)
        at java.util.concurrent.LinkedBlockingQueue.poll(LinkedBlockingQueue.java:467)
        at org.apache.hadoop.ipc.CallQueueManager.take(CallQueueManager.java:317)
        at org.apache.hadoop.ipc.Server$Handler.run(Server.java:2942)
"c4b91fe4-1e17-46ee-80ce-129a880b8a55@group-5FA22E3399E1-StateMachineUpdater" daemon prio=5 tid=681 timed_waiting
java.lang.Thread.State: TIMED_WAITING
        at sun.misc.Unsafe.park(Native Method)
        at java.util.concurrent.locks.LockSupport.parkNanos(LockSupport.java:215)
        at java.util.concurrent.CompletableFuture$Signaller.block(CompletableFuture.java:1709)
        at java.util.concurrent.ForkJoinPool.managedBlock(ForkJoinPool.java:3323)
        at java.util.concurrent.CompletableFuture.timedGet(CompletableFuture.java:1788)
        at java.util.concurrent.CompletableFuture.get(CompletableFuture.java:1928)
        at org.apache.ratis.util.AwaitForSignal.await(AwaitForSignal.java:56)
        at org.apache.ratis.server.impl.StateMachineUpdater.waitForCommit(StateMachineUpdater.java:207)
        at org.apache.ratis.server.impl.StateMachineUpdater.run(StateMachineUpdater.java:176)
        at java.lang.Thread.run(Thread.java:750)
"ChunkReader-0" daemon prio=5 tid=758 in Object.wait()
java.lang.Thread.State: WAITING (on object monitor)
        at sun.misc.Unsafe.park(Native Method)
        at java.util.concurrent.locks.LockSupport.park(LockSupport.java:175)
        at java.util.concurrent.locks.AbstractQueuedSynchronizer$ConditionObject.await(AbstractQueuedSynchronizer.java:2039)
        at java.util.concurrent.LinkedBlockingQueue.take(LinkedBlockingQueue.java:442)
        at java.util.concurrent.ThreadPoolExecutor.getTask(ThreadPoolExecutor.java:1074)
        at java.util.concurrent.ThreadPoolExecutor.runWorker(ThreadPoolExecutor.java:1134)
        at java.util.concurrent.ThreadPoolExecutor$Worker.run(ThreadPoolExecutor.java:624)
        at java.lang.Thread.run(Thread.java:750)
"3459717f-89f3-488b-978e-7216d8acef6a@group-F8DC2D173F7A-SegmentedRaftLogWorker"  prio=5 tid=611 timed_waiting
java.lang.Thread.State: TIMED_WAITING
        at sun.misc.Unsafe.park(Native Method)
        at java.util.concurrent.locks.LockSupport.parkNanos(LockSupport.java:215)
        at java.util.concurrent.locks.AbstractQueuedSynchronizer$ConditionObject.awaitNanos(AbstractQueuedSynchronizer.java:2078)
        at org.apache.ratis.util.DataBlockingQueue.poll(DataBlockingQueue.java:148)
        at org.apache.ratis.server.raftlog.segmented.SegmentedRaftLogWorker.run(SegmentedRaftLogWorker.java:310)
        at org.apache.ratis.server.raftlog.segmented.SegmentedRaftLogWorker$$Lambda$665/306525361.run(Unknown Source)
        at java.lang.Thread.run(Thread.java:750)
"ChunkWriter-2-0" daemon prio=5 tid=470 in Object.wait()
java.lang.Thread.State: WAITING (on object monitor)
        at sun.misc.Unsafe.park(Native Method)
        at java.util.concurrent.locks.LockSupport.park(LockSupport.java:175)
        at java.util.concurrent.locks.AbstractQueuedSynchronizer$ConditionObject.await(AbstractQueuedSynchronizer.java:2039)
        at java.util.concurrent.LinkedBlockingDeque.takeFirst(LinkedBlockingDeque.java:492)
        at java.util.concurrent.LinkedBlockingDeque.take(LinkedBlockingDeque.java:680)
        at java.util.concurrent.ThreadPoolExecutor.getTask(ThreadPoolExecutor.java:1074)
        at java.util.concurrent.ThreadPoolExecutor.runWorker(ThreadPoolExecutor.java:1134)
        at java.util.concurrent.ThreadPoolExecutor$Worker.run(ThreadPoolExecutor.java:624)
        at java.lang.Thread.run(Thread.java:750)
"IPC Server handler 16 on default port 33617" daemon prio=5 tid=63 timed_waiting
java.lang.Thread.State: TIMED_WAITING
        at sun.misc.Unsafe.park(Native Method)
        at java.util.concurrent.locks.LockSupport.parkNanos(LockSupport.java:215)
        at java.util.concurrent.locks.AbstractQueuedSynchronizer$ConditionObject.awaitNanos(AbstractQueuedSynchronizer.java:2078)
        at java.util.concurrent.LinkedBlockingQueue.poll(LinkedBlockingQueue.java:467)
        at org.apache.hadoop.ipc.CallQueueManager.take(CallQueueManager.java:317)
        at org.apache.hadoop.ipc.Server$Handler.run(Server.java:2942)
"b788acd7-0bfa-48fd-ae0f-b822d5826f57@group-7510FC58D10D-SegmentedRaftLogWorker"  prio=5 tid=582 timed_waiting
java.lang.Thread.State: TIMED_WAITING
        at sun.misc.Unsafe.park(Native Method)
        at java.util.concurrent.locks.LockSupport.parkNanos(LockSupport.java:215)
        at java.util.concurrent.locks.AbstractQueuedSynchronizer$ConditionObject.awaitNanos(AbstractQueuedSynchronizer.java:2078)
        at org.apache.ratis.util.DataBlockingQueue.poll(DataBlockingQueue.java:148)
        at org.apache.ratis.server.raftlog.segmented.SegmentedRaftLogWorker.run(SegmentedRaftLogWorker.java:310)
        at org.apache.ratis.server.raftlog.segmented.SegmentedRaftLogWorker$$Lambda$665/306525361.run(Unknown Source)
        at java.lang.Thread.run(Thread.java:750)
"fca08327-10d6-4e50-9aa0-d18fc62323ab-server-thread2" daemon prio=5 tid=875 timed_waiting
java.lang.Thread.State: TIMED_WAITING
        at sun.misc.Unsafe.park(Native Method)
        at java.util.concurrent.locks.LockSupport.parkNanos(LockSupport.java:215)
        at java.util.concurrent.SynchronousQueue$TransferStack.awaitFulfill(SynchronousQueue.java:460)
        at java.util.concurrent.SynchronousQueue$TransferStack.transfer(SynchronousQueue.java:362)
        at java.util.concurrent.SynchronousQueue.poll(SynchronousQueue.java:941)
        at java.util.concurrent.ThreadPoolExecutor.getTask(ThreadPoolExecutor.java:1073)
        at java.util.concurrent.ThreadPoolExecutor.runWorker(ThreadPoolExecutor.java:1134)
        at java.util.concurrent.ThreadPoolExecutor$Worker.run(ThreadPoolExecutor.java:624)
        at java.lang.Thread.run(Thread.java:750)
"qtp1122905237-381" daemon prio=5 tid=381 runnable
java.lang.Thread.State: RUNNABLE
        at sun.nio.ch.EPollArrayWrapper.epollWait(Native Method)
        at sun.nio.ch.EPollArrayWrapper.poll(EPollArrayWrapper.java:269)
        at sun.nio.ch.EPollSelectorImpl.doSelect(EPollSelectorImpl.java:93)
        at sun.nio.ch.SelectorImpl.lockAndDoSelect(SelectorImpl.java:86)
        at sun.nio.ch.SelectorImpl.select(SelectorImpl.java:97)
        at sun.nio.ch.SelectorImpl.select(SelectorImpl.java:101)
        at org.eclipse.jetty.io.ManagedSelector.nioSelect(ManagedSelector.java:183)
        at org.eclipse.jetty.io.ManagedSelector.select(ManagedSelector.java:190)
        at org.eclipse.jetty.io.ManagedSelector$SelectorProducer.select(ManagedSelector.java:606)
        at org.eclipse.jetty.io.ManagedSelector$SelectorProducer.produce(ManagedSelector.java:543)
        at org.eclipse.jetty.util.thread.strategy.EatWhatYouKill.produceTask(EatWhatYouKill.java:362)
        at org.eclipse.jetty.util.thread.strategy.EatWhatYouKill.doProduce(EatWhatYouKill.java:186)
        at org.eclipse.jetty.util.thread.strategy.EatWhatYouKill.tryProduce(EatWhatYouKill.java:173)
        at org.eclipse.jetty.util.thread.strategy.EatWhatYouKill.produce(EatWhatYouKill.java:137)
        at org.eclipse.jetty.io.ManagedSelector$$Lambda$446/827549167.run(Unknown Source)
        at org.eclipse.jetty.util.thread.QueuedThreadPool.runJob(QueuedThreadPool.java:883)
        at org.eclipse.jetty.util.thread.QueuedThreadPool$Runner.run(QueuedThreadPool.java:1034)
        at java.lang.Thread.run(Thread.java:750)
"ChunkReader-ELG-0" daemon prio=5 tid=494 runnable
java.lang.Thread.State: RUNNABLE
        at org.apache.ratis.thirdparty.io.netty.channel.epoll.Native.epollWait0(Native Method)
        at org.apache.ratis.thirdparty.io.netty.channel.epoll.Native.epollWait(Native.java:182)
        at org.apache.ratis.thirdparty.io.netty.channel.epoll.EpollEventLoop.epollWait(EpollEventLoop.java:290)
        at org.apache.ratis.thirdparty.io.netty.channel.epoll.EpollEventLoop.run(EpollEventLoop.java:354)
        at org.apache.ratis.thirdparty.io.netty.util.concurrent.SingleThreadEventExecutor$4.run(SingleThreadEventExecutor.java:995)
        at org.apache.ratis.thirdparty.io.netty.util.internal.ThreadExecutorMap$2.run(ThreadExecutorMap.java:74)
        at java.lang.Thread.run(Thread.java:750)
"IPC Server handler 8 on default port 40235" daemon prio=5 tid=162 timed_waiting
java.lang.Thread.State: TIMED_WAITING
        at sun.misc.Unsafe.park(Native Method)
        at java.util.concurrent.locks.LockSupport.parkNanos(LockSupport.java:215)
        at java.util.concurrent.locks.AbstractQueuedSynchronizer$ConditionObject.awaitNanos(AbstractQueuedSynchronizer.java:2078)
        at java.util.concurrent.LinkedBlockingQueue.poll(LinkedBlockingQueue.java:467)
        at org.apache.hadoop.ipc.CallQueueManager.take(CallQueueManager.java:317)
        at org.apache.hadoop.ipc.Server$Handler.run(Server.java:2942)
"ChunkReader-2" daemon prio=5 tid=786 in Object.wait()
java.lang.Thread.State: WAITING (on object monitor)
        at sun.misc.Unsafe.park(Native Method)
        at java.util.concurrent.locks.LockSupport.park(LockSupport.java:175)
        at java.util.concurrent.locks.AbstractQueuedSynchronizer$ConditionObject.await(AbstractQueuedSynchronizer.java:2039)
        at java.util.concurrent.LinkedBlockingQueue.take(LinkedBlockingQueue.java:442)
        at java.util.concurrent.ThreadPoolExecutor.getTask(ThreadPoolExecutor.java:1074)
        at java.util.concurrent.ThreadPoolExecutor.runWorker(ThreadPoolExecutor.java:1134)
        at java.util.concurrent.ThreadPoolExecutor$Worker.run(ThreadPoolExecutor.java:624)
        at java.lang.Thread.run(Thread.java:750)
"ChunkWriter-2-0" daemon prio=5 tid=521 in Object.wait()
java.lang.Thread.State: WAITING (on object monitor)
        at sun.misc.Unsafe.park(Native Method)
        at java.util.concurrent.locks.LockSupport.park(LockSupport.java:175)
        at java.util.concurrent.locks.AbstractQueuedSynchronizer$ConditionObject.await(AbstractQueuedSynchronizer.java:2039)
        at java.util.concurrent.LinkedBlockingDeque.takeFirst(LinkedBlockingDeque.java:492)
        at java.util.concurrent.LinkedBlockingDeque.take(LinkedBlockingDeque.java:680)
        at java.util.concurrent.ThreadPoolExecutor.getTask(ThreadPoolExecutor.java:1074)
        at java.util.concurrent.ThreadPoolExecutor.runWorker(ThreadPoolExecutor.java:1134)
        at java.util.concurrent.ThreadPoolExecutor$Worker.run(ThreadPoolExecutor.java:624)
        at java.lang.Thread.run(Thread.java:750)
"IPC Server handler 7 on default port 40235" daemon prio=5 tid=161 timed_waiting
java.lang.Thread.State: TIMED_WAITING
        at sun.misc.Unsafe.park(Native Method)
        at java.util.concurrent.locks.LockSupport.parkNanos(LockSupport.java:215)
        at java.util.concurrent.locks.AbstractQueuedSynchronizer$ConditionObject.awaitNanos(AbstractQueuedSynchronizer.java:2078)
        at java.util.concurrent.LinkedBlockingQueue.poll(LinkedBlockingQueue.java:467)
        at org.apache.hadoop.ipc.CallQueueManager.take(CallQueueManager.java:317)
        at org.apache.hadoop.ipc.Server$Handler.run(Server.java:2942)
"EndpointStateMachine task thread for /0.0.0.0:34199 - 0 "  prio=5 tid=555 in Object.wait()
java.lang.Thread.State: WAITING (on object monitor)
        at sun.misc.Unsafe.park(Native Method)
        at java.util.concurrent.locks.LockSupport.park(LockSupport.java:175)
        at java.util.concurrent.locks.AbstractQueuedSynchronizer$ConditionObject.await(AbstractQueuedSynchronizer.java:2039)
        at java.util.concurrent.LinkedBlockingQueue.take(LinkedBlockingQueue.java:442)
        at java.util.concurrent.ThreadPoolExecutor.getTask(ThreadPoolExecutor.java:1074)
        at java.util.concurrent.ThreadPoolExecutor.runWorker(ThreadPoolExecutor.java:1134)
        at java.util.concurrent.ThreadPoolExecutor$Worker.run(ThreadPoolExecutor.java:624)
        at java.lang.Thread.run(Thread.java:750)
"ChunkWriter-3-0" daemon prio=5 tid=492 in Object.wait()
java.lang.Thread.State: WAITING (on object monitor)
        at sun.misc.Unsafe.park(Native Method)
        at java.util.concurrent.locks.LockSupport.park(LockSupport.java:175)
        at java.util.concurrent.locks.AbstractQueuedSynchronizer$ConditionObject.await(AbstractQueuedSynchronizer.java:2039)
        at java.util.concurrent.LinkedBlockingDeque.takeFirst(LinkedBlockingDeque.java:492)
        at java.util.concurrent.LinkedBlockingDeque.take(LinkedBlockingDeque.java:680)
        at java.util.concurrent.ThreadPoolExecutor.getTask(ThreadPoolExecutor.java:1074)
        at java.util.concurrent.ThreadPoolExecutor.runWorker(ThreadPoolExecutor.java:1134)
        at java.util.concurrent.ThreadPoolExecutor$Worker.run(ThreadPoolExecutor.java:624)
        at java.lang.Thread.run(Thread.java:750)
"Datanode State Machine Task Thread - 1"  prio=5 tid=554 in Object.wait()
java.lang.Thread.State: WAITING (on object monitor)
        at sun.misc.Unsafe.park(Native Method)
        at java.util.concurrent.locks.LockSupport.park(LockSupport.java:175)
        at java.util.concurrent.locks.AbstractQueuedSynchronizer$ConditionObject.await(AbstractQueuedSynchronizer.java:2039)
        at java.util.concurrent.LinkedBlockingQueue.take(LinkedBlockingQueue.java:442)
        at java.util.concurrent.ThreadPoolExecutor.getTask(ThreadPoolExecutor.java:1074)
        at java.util.concurrent.ThreadPoolExecutor.runWorker(ThreadPoolExecutor.java:1134)
        at java.util.concurrent.ThreadPoolExecutor$Worker.run(ThreadPoolExecutor.java:624)
        at java.lang.Thread.run(Thread.java:750)
"grpc-default-worker-ELG-3-2" daemon prio=5 tid=577 runnable
java.lang.Thread.State: RUNNABLE
        at org.apache.ratis.thirdparty.io.netty.channel.epoll.Native.epollWait0(Native Method)
        at org.apache.ratis.thirdparty.io.netty.channel.epoll.Native.epollWait(Native.java:182)
        at org.apache.ratis.thirdparty.io.netty.channel.epoll.EpollEventLoop.epollWait(EpollEventLoop.java:290)
        at org.apache.ratis.thirdparty.io.netty.channel.epoll.EpollEventLoop.run(EpollEventLoop.java:354)
        at org.apache.ratis.thirdparty.io.netty.util.concurrent.SingleThreadEventExecutor$4.run(SingleThreadEventExecutor.java:995)
        at org.apache.ratis.thirdparty.io.netty.util.internal.ThreadExecutorMap$2.run(ThreadExecutorMap.java:74)
        at org.apache.ratis.thirdparty.io.netty.util.concurrent.FastThreadLocalRunnable.run(FastThreadLocalRunnable.java:30)
        at java.lang.Thread.run(Thread.java:750)
"edbb8909-d467-4274-b253-e11b41a723b1@group-328117242DA8-FollowerState" daemon prio=5 tid=830 timed_waiting
java.lang.Thread.State: TIMED_WAITING
        at java.lang.Thread.sleep(Native Method)
        at java.lang.Thread.sleep(Thread.java:342)
        at java.util.concurrent.TimeUnit.sleep(TimeUnit.java:386)
        at org.apache.ratis.util.TimeDuration.sleep(TimeDuration.java:325)
        at org.apache.ratis.util.TimeDuration.sleep(TimeDuration.java:310)
        at org.apache.ratis.server.impl.FollowerState.run(FollowerState.java:128)
"pool-72-thread-1"  prio=5 tid=567 in Object.wait()
java.lang.Thread.State: WAITING (on object monitor)
        at sun.misc.Unsafe.park(Native Method)
        at java.util.concurrent.locks.LockSupport.park(LockSupport.java:175)
        at java.util.concurrent.locks.AbstractQueuedSynchronizer$ConditionObject.await(AbstractQueuedSynchronizer.java:2039)
        at java.util.concurrent.LinkedBlockingQueue.take(LinkedBlockingQueue.java:442)
        at java.util.concurrent.ThreadPoolExecutor.getTask(ThreadPoolExecutor.java:1074)
        at java.util.concurrent.ThreadPoolExecutor.runWorker(ThreadPoolExecutor.java:1134)
        at java.util.concurrent.ThreadPoolExecutor$Worker.run(ThreadPoolExecutor.java:624)
        at java.lang.Thread.run(Thread.java:750)
"ChunkWriter-0-0" daemon prio=5 tid=544 in Object.wait()
java.lang.Thread.State: WAITING (on object monitor)
        at sun.misc.Unsafe.park(Native Method)
        at java.util.concurrent.locks.LockSupport.park(LockSupport.java:175)
        at java.util.concurrent.locks.AbstractQueuedSynchronizer$ConditionObject.await(AbstractQueuedSynchronizer.java:2039)
        at java.util.concurrent.LinkedBlockingDeque.takeFirst(LinkedBlockingDeque.java:492)
        at java.util.concurrent.LinkedBlockingDeque.take(LinkedBlockingDeque.java:680)
        at java.util.concurrent.ThreadPoolExecutor.getTask(ThreadPoolExecutor.java:1074)
        at java.util.concurrent.ThreadPoolExecutor.runWorker(ThreadPoolExecutor.java:1134)
        at java.util.concurrent.ThreadPoolExecutor$Worker.run(ThreadPoolExecutor.java:624)
        at java.lang.Thread.run(Thread.java:750)
"FullTableCache Cleanup Thread - 0" daemon prio=5 tid=752 in Object.wait()
java.lang.Thread.State: WAITING (on object monitor)
        at sun.misc.Unsafe.park(Native Method)
        at java.util.concurrent.locks.LockSupport.park(LockSupport.java:175)
        at java.util.concurrent.locks.AbstractQueuedSynchronizer$ConditionObject.await(AbstractQueuedSynchronizer.java:2039)
        at java.util.concurrent.LinkedBlockingQueue.take(LinkedBlockingQueue.java:442)
        at java.util.concurrent.ThreadPoolExecutor.getTask(ThreadPoolExecutor.java:1074)
        at java.util.concurrent.ThreadPoolExecutor.runWorker(ThreadPoolExecutor.java:1134)
        at java.util.concurrent.ThreadPoolExecutor$Worker.run(ThreadPoolExecutor.java:624)
        at java.lang.Thread.run(Thread.java:750)
"Datanode State Machine Daemon Thread" daemon prio=5 tid=364 timed_waiting
java.lang.Thread.State: TIMED_WAITING
        at java.lang.Thread.sleep(Native Method)
        at org.apache.hadoop.ozone.container.common.statemachine.DatanodeStateMachine.startStateMachineThread(DatanodeStateMachine.java:321)
        at org.apache.hadoop.ozone.container.common.statemachine.DatanodeStateMachine.lambda$startDaemon$0(DatanodeStateMachine.java:506)
        at org.apache.hadoop.ozone.container.common.statemachine.DatanodeStateMachine$$Lambda$751/211315337.run(Unknown Source)
        at java.lang.Thread.run(Thread.java:750)
"qtp1107259192-213" daemon prio=5 tid=213 timed_waiting
java.lang.Thread.State: TIMED_WAITING
        at sun.misc.Unsafe.park(Native Method)
        at java.util.concurrent.locks.LockSupport.parkNanos(LockSupport.java:215)
        at java.util.concurrent.locks.AbstractQueuedSynchronizer$ConditionObject.awaitNanos(AbstractQueuedSynchronizer.java:2078)
        at org.eclipse.jetty.util.BlockingArrayQueue.poll(BlockingArrayQueue.java:382)
        at org.eclipse.jetty.util.thread.QueuedThreadPool$Runner.idleJobPoll(QueuedThreadPool.java:974)
        at org.eclipse.jetty.util.thread.QueuedThreadPool$Runner.run(QueuedThreadPool.java:1018)
        at java.lang.Thread.run(Thread.java:750)
"pool-88-thread-1" daemon prio=5 tid=205 timed_waiting
java.lang.Thread.State: TIMED_WAITING
        at sun.misc.Unsafe.park(Native Method)
        at java.util.concurrent.locks.LockSupport.parkNanos(LockSupport.java:215)
        at java.util.concurrent.locks.AbstractQueuedSynchronizer$ConditionObject.awaitNanos(AbstractQueuedSynchronizer.java:2078)
        at java.util.concurrent.ScheduledThreadPoolExecutor$DelayedWorkQueue.take(ScheduledThreadPoolExecutor.java:1093)
        at java.util.concurrent.ScheduledThreadPoolExecutor$DelayedWorkQueue.take(ScheduledThreadPoolExecutor.java:809)
        at java.util.concurrent.ThreadPoolExecutor.getTask(ThreadPoolExecutor.java:1074)
        at java.util.concurrent.ThreadPoolExecutor.runWorker(ThreadPoolExecutor.java:1134)
        at java.util.concurrent.ThreadPoolExecutor$Worker.run(ThreadPoolExecutor.java:624)
        at java.lang.Thread.run(Thread.java:750)
"qtp604571221-265-acceptor-0@5210b711-ServerConnector@b84163{HTTP/1.1, (http/1.1)}{0.0.0.0:37633}" daemon prio=3 tid=265 runnable
java.lang.Thread.State: RUNNABLE
        at sun.nio.ch.ServerSocketChannelImpl.accept0(Native Method)
        at sun.nio.ch.ServerSocketChannelImpl.accept(ServerSocketChannelImpl.java:421)
        at sun.nio.ch.ServerSocketChannelImpl.accept(ServerSocketChannelImpl.java:249)
        at org.eclipse.jetty.server.ServerConnector.accept(ServerConnector.java:388)
        at org.eclipse.jetty.server.AbstractConnector$Acceptor.run(AbstractConnector.java:704)
        at org.eclipse.jetty.util.thread.QueuedThreadPool.runJob(QueuedThreadPool.java:883)
        at org.eclipse.jetty.util.thread.QueuedThreadPool$Runner.run(QueuedThreadPool.java:1034)
        at java.lang.Thread.run(Thread.java:750)
"aafd62d6-5d37-4c95-9ffb-fecfd05fefa6@group-D5BAC4C13693-LeaderStateImpl" daemon prio=5 tid=683 timed_waiting
java.lang.Thread.State: TIMED_WAITING
        at sun.misc.Unsafe.park(Native Method)
        at java.util.concurrent.locks.LockSupport.parkNanos(LockSupport.java:215)
        at java.util.concurrent.locks.AbstractQueuedSynchronizer$ConditionObject.awaitNanos(AbstractQueuedSynchronizer.java:2078)
        at java.util.concurrent.ArrayBlockingQueue.poll(ArrayBlockingQueue.java:418)
        at org.apache.ratis.server.impl.LeaderStateImpl$EventQueue.poll(LeaderStateImpl.java:159)
        at org.apache.ratis.server.impl.LeaderStateImpl$EventProcessor.run(LeaderStateImpl.java:630)
"b788acd7-0bfa-48fd-ae0f-b822d5826f57@group-DD4C95DED537-FollowerState" daemon prio=5 tid=695 timed_waiting
java.lang.Thread.State: TIMED_WAITING
        at java.lang.Thread.sleep(Native Method)
        at java.lang.Thread.sleep(Thread.java:342)
        at java.util.concurrent.TimeUnit.sleep(TimeUnit.java:386)
        at org.apache.ratis.util.TimeDuration.sleep(TimeDuration.java:325)
        at org.apache.ratis.util.TimeDuration.sleep(TimeDuration.java:310)
        at org.apache.ratis.server.impl.FollowerState.run(FollowerState.java:128)
"qtp604571221-271" daemon prio=5 tid=271 timed_waiting
java.lang.Thread.State: TIMED_WAITING
        at sun.misc.Unsafe.park(Native Method)
        at java.util.concurrent.locks.LockSupport.parkNanos(LockSupport.java:215)
        at java.util.concurrent.locks.AbstractQueuedSynchronizer$ConditionObject.awaitNanos(AbstractQueuedSynchronizer.java:2078)
        at org.eclipse.jetty.util.BlockingArrayQueue.poll(BlockingArrayQueue.java:382)
        at org.eclipse.jetty.util.thread.QueuedThreadPool$Runner.idleJobPoll(QueuedThreadPool.java:974)
        at org.eclipse.jetty.util.thread.QueuedThreadPool$Runner.run(QueuedThreadPool.java:1018)
        at java.lang.Thread.run(Thread.java:750)
"1397ad66-7a30-4622-84c4-76091eab1ef3@group-328117242DA8-LeaderStateImpl" daemon prio=5 tid=833 timed_waiting
java.lang.Thread.State: TIMED_WAITING
        at sun.misc.Unsafe.park(Native Method)
        at java.util.concurrent.locks.LockSupport.parkNanos(LockSupport.java:215)
        at java.util.concurrent.locks.AbstractQueuedSynchronizer$ConditionObject.awaitNanos(AbstractQueuedSynchronizer.java:2078)
        at java.util.concurrent.ArrayBlockingQueue.poll(ArrayBlockingQueue.java:418)
        at org.apache.ratis.server.impl.LeaderStateImpl$EventQueue.poll(LeaderStateImpl.java:159)
        at org.apache.ratis.server.impl.LeaderStateImpl$EventProcessor.run(LeaderStateImpl.java:630)
"StaleRecoveringContainerScrubbingService#0" daemon prio=5 tid=399 in Object.wait()
java.lang.Thread.State: WAITING (on object monitor)
        at sun.misc.Unsafe.park(Native Method)
        at java.util.concurrent.locks.LockSupport.park(LockSupport.java:175)
        at java.util.concurrent.locks.AbstractQueuedSynchronizer$ConditionObject.await(AbstractQueuedSynchronizer.java:2039)
        at java.util.concurrent.ScheduledThreadPoolExecutor$DelayedWorkQueue.take(ScheduledThreadPoolExecutor.java:1088)
        at java.util.concurrent.ScheduledThreadPoolExecutor$DelayedWorkQueue.take(ScheduledThreadPoolExecutor.java:809)
        at java.util.concurrent.ThreadPoolExecutor.getTask(ThreadPoolExecutor.java:1074)
        at java.util.concurrent.ThreadPoolExecutor.runWorker(ThreadPoolExecutor.java:1134)
        at java.util.concurrent.ThreadPoolExecutor$Worker.run(ThreadPoolExecutor.java:624)
        at java.lang.Thread.run(Thread.java:750)
"edbb8909-d467-4274-b253-e11b41a723b1-server-thread2" daemon prio=5 tid=851 timed_waiting
java.lang.Thread.State: TIMED_WAITING
        at sun.misc.Unsafe.park(Native Method)
        at java.util.concurrent.locks.LockSupport.parkNanos(LockSupport.java:215)
        at java.util.concurrent.SynchronousQueue$TransferStack.awaitFulfill(SynchronousQueue.java:460)
        at java.util.concurrent.SynchronousQueue$TransferStack.transfer(SynchronousQueue.java:362)
        at java.util.concurrent.SynchronousQueue.poll(SynchronousQueue.java:941)
        at java.util.concurrent.ThreadPoolExecutor.getTask(ThreadPoolExecutor.java:1073)
        at java.util.concurrent.ThreadPoolExecutor.runWorker(ThreadPoolExecutor.java:1134)
        at java.util.concurrent.ThreadPoolExecutor$Worker.run(ThreadPoolExecutor.java:624)
        at java.lang.Thread.run(Thread.java:750)
"qtp1591256270-464" daemon prio=5 tid=464 timed_waiting
java.lang.Thread.State: TIMED_WAITING
        at sun.misc.Unsafe.park(Native Method)
        at java.util.concurrent.locks.LockSupport.parkNanos(LockSupport.java:215)
        at java.util.concurrent.locks.AbstractQueuedSynchronizer$ConditionObject.awaitNanos(AbstractQueuedSynchronizer.java:2078)
        at org.eclipse.jetty.util.BlockingArrayQueue.poll(BlockingArrayQueue.java:382)
        at org.eclipse.jetty.util.thread.QueuedThreadPool$Runner.idleJobPoll(QueuedThreadPool.java:974)
        at org.eclipse.jetty.util.thread.QueuedThreadPool$Runner.run(QueuedThreadPool.java:1018)
        at java.lang.Thread.run(Thread.java:750)
"Datanode ReportManager Thread - 4" daemon prio=5 tid=304 timed_waiting
java.lang.Thread.State: TIMED_WAITING
        at sun.misc.Unsafe.park(Native Method)
        at java.util.concurrent.locks.LockSupport.parkNanos(LockSupport.java:215)
        at java.util.concurrent.locks.AbstractQueuedSynchronizer$ConditionObject.awaitNanos(AbstractQueuedSynchronizer.java:2078)
        at java.util.concurrent.ScheduledThreadPoolExecutor$DelayedWorkQueue.take(ScheduledThreadPoolExecutor.java:1093)
        at java.util.concurrent.ScheduledThreadPoolExecutor$DelayedWorkQueue.take(ScheduledThreadPoolExecutor.java:809)
        at java.util.concurrent.ThreadPoolExecutor.getTask(ThreadPoolExecutor.java:1074)
        at java.util.concurrent.ThreadPoolExecutor.runWorker(ThreadPoolExecutor.java:1134)
        at java.util.concurrent.ThreadPoolExecutor$Worker.run(ThreadPoolExecutor.java:624)
        at java.lang.Thread.run(Thread.java:750)
"IPC Server handler 11 on default port 40235" daemon prio=5 tid=165 timed_waiting
java.lang.Thread.State: TIMED_WAITING
        at sun.misc.Unsafe.park(Native Method)
        at java.util.concurrent.locks.LockSupport.parkNanos(LockSupport.java:215)
        at java.util.concurrent.locks.AbstractQueuedSynchronizer$ConditionObject.awaitNanos(AbstractQueuedSynchronizer.java:2078)
        at java.util.concurrent.LinkedBlockingQueue.poll(LinkedBlockingQueue.java:467)
        at org.apache.hadoop.ipc.CallQueueManager.take(CallQueueManager.java:317)
        at org.apache.hadoop.ipc.Server$Handler.run(Server.java:2942)
"ChunkWriter-1-0" daemon prio=5 tid=393 in Object.wait()
java.lang.Thread.State: WAITING (on object monitor)
        at sun.misc.Unsafe.park(Native Method)
        at java.util.concurrent.locks.LockSupport.park(LockSupport.java:175)
        at java.util.concurrent.locks.AbstractQueuedSynchronizer$ConditionObject.await(AbstractQueuedSynchronizer.java:2039)
        at java.util.concurrent.LinkedBlockingDeque.takeFirst(LinkedBlockingDeque.java:492)
        at java.util.concurrent.LinkedBlockingDeque.take(LinkedBlockingDeque.java:680)
        at java.util.concurrent.ThreadPoolExecutor.getTask(ThreadPoolExecutor.java:1074)
        at java.util.concurrent.ThreadPoolExecutor.runWorker(ThreadPoolExecutor.java:1134)
        at java.util.concurrent.ThreadPoolExecutor$Worker.run(ThreadPoolExecutor.java:624)
        at java.lang.Thread.run(Thread.java:750)
"fca08327-10d6-4e50-9aa0-d18fc62323ab@group-ECD5D5B9374B-StateMachineUpdater" daemon prio=5 tid=606 timed_waiting
java.lang.Thread.State: TIMED_WAITING
        at sun.misc.Unsafe.park(Native Method)
        at java.util.concurrent.locks.LockSupport.parkNanos(LockSupport.java:215)
        at java.util.concurrent.CompletableFuture$Signaller.block(CompletableFuture.java:1709)
        at java.util.concurrent.ForkJoinPool.managedBlock(ForkJoinPool.java:3323)
        at java.util.concurrent.CompletableFuture.timedGet(CompletableFuture.java:1788)
        at java.util.concurrent.CompletableFuture.get(CompletableFuture.java:1928)
        at org.apache.ratis.util.AwaitForSignal.await(AwaitForSignal.java:56)
        at org.apache.ratis.server.impl.StateMachineUpdater.waitForCommit(StateMachineUpdater.java:207)
        at org.apache.ratis.server.impl.StateMachineUpdater.run(StateMachineUpdater.java:176)
        at java.lang.Thread.run(Thread.java:750)
"qtp1591256270-463" daemon prio=5 tid=463 timed_waiting
java.lang.Thread.State: TIMED_WAITING
        at sun.misc.Unsafe.park(Native Method)
        at java.util.concurrent.locks.LockSupport.parkNanos(LockSupport.java:215)
        at java.util.concurrent.locks.AbstractQueuedSynchronizer$ConditionObject.awaitNanos(AbstractQueuedSynchronizer.java:2078)
        at org.eclipse.jetty.util.BlockingArrayQueue.poll(BlockingArrayQueue.java:382)
        at org.eclipse.jetty.util.thread.QueuedThreadPool$Runner.idleJobPoll(QueuedThreadPool.java:974)
        at org.eclipse.jetty.util.thread.QueuedThreadPool$Runner.run(QueuedThreadPool.java:1018)
        at java.lang.Thread.run(Thread.java:750)
"IPC Server handler 9 on default port 40235" daemon prio=5 tid=163 timed_waiting
java.lang.Thread.State: TIMED_WAITING
        at sun.misc.Unsafe.park(Native Method)
        at java.util.concurrent.locks.LockSupport.parkNanos(LockSupport.java:215)
        at java.util.concurrent.locks.AbstractQueuedSynchronizer$ConditionObject.awaitNanos(AbstractQueuedSynchronizer.java:2078)
        at java.util.concurrent.LinkedBlockingQueue.poll(LinkedBlockingQueue.java:467)
        at org.apache.hadoop.ipc.CallQueueManager.take(CallQueueManager.java:317)
        at org.apache.hadoop.ipc.Server$Handler.run(Server.java:2942)
"Finalizer" daemon prio=8 tid=3 in Object.wait()
java.lang.Thread.State: WAITING (on object monitor)
        at java.lang.Object.wait(Native Method)
        at java.lang.ref.ReferenceQueue.remove(ReferenceQueue.java:144)
        at java.lang.ref.ReferenceQueue.remove(ReferenceQueue.java:165)
        at java.lang.ref.Finalizer$FinalizerThread.run(Finalizer.java:216)
"pool-127-thread-1"  prio=5 tid=237 timed_waiting
java.lang.Thread.State: TIMED_WAITING
        at sun.misc.Unsafe.park(Native Method)
        at java.util.concurrent.locks.LockSupport.parkNanos(LockSupport.java:215)
        at java.util.concurrent.locks.AbstractQueuedSynchronizer$ConditionObject.awaitNanos(AbstractQueuedSynchronizer.java:2078)
        at java.util.concurrent.ScheduledThreadPoolExecutor$DelayedWorkQueue.take(ScheduledThreadPoolExecutor.java:1093)
        at java.util.concurrent.ScheduledThreadPoolExecutor$DelayedWorkQueue.take(ScheduledThreadPoolExecutor.java:809)
        at java.util.concurrent.ThreadPoolExecutor.getTask(ThreadPoolExecutor.java:1074)
        at java.util.concurrent.ThreadPoolExecutor.runWorker(ThreadPoolExecutor.java:1134)
        at java.util.concurrent.ThreadPoolExecutor$Worker.run(ThreadPoolExecutor.java:624)
        at java.lang.Thread.run(Thread.java:750)
"pool-210-thread-1"  prio=5 tid=644 in Object.wait()
java.lang.Thread.State: WAITING (on object monitor)
        at sun.misc.Unsafe.park(Native Method)
        at java.util.concurrent.locks.LockSupport.park(LockSupport.java:175)
        at java.util.concurrent.locks.AbstractQueuedSynchronizer$ConditionObject.await(AbstractQueuedSynchronizer.java:2039)
        at java.util.concurrent.LinkedBlockingQueue.take(LinkedBlockingQueue.java:442)
        at java.util.concurrent.ThreadPoolExecutor.getTask(ThreadPoolExecutor.java:1074)
        at java.util.concurrent.ThreadPoolExecutor.runWorker(ThreadPoolExecutor.java:1134)
        at java.util.concurrent.ThreadPoolExecutor$Worker.run(ThreadPoolExecutor.java:624)
        at java.lang.Thread.run(Thread.java:750)
"PartialTableCache Cleanup Thread - 0" daemon prio=5 tid=879 in Object.wait()
java.lang.Thread.State: WAITING (on object monitor)
        at sun.misc.Unsafe.park(Native Method)
        at java.util.concurrent.locks.LockSupport.park(LockSupport.java:175)
        at java.util.concurrent.locks.AbstractQueuedSynchronizer$ConditionObject.await(AbstractQueuedSynchronizer.java:2039)
        at java.util.concurrent.LinkedBlockingQueue.take(LinkedBlockingQueue.java:442)
        at java.util.concurrent.ThreadPoolExecutor.getTask(ThreadPoolExecutor.java:1074)
        at java.util.concurrent.ThreadPoolExecutor.runWorker(ThreadPoolExecutor.java:1134)
        at java.util.concurrent.ThreadPoolExecutor$Worker.run(ThreadPoolExecutor.java:624)
        at java.lang.Thread.run(Thread.java:750)
"aafd62d6-5d37-4c95-9ffb-fecfd05fefa6@group-DD4C95DED537->fca08327-10d6-4e50-9aa0-d18fc62323ab-GrpcLogAppender-LogAppenderDaemon" daemon prio=5 tid=699 timed_waiting
java.lang.Thread.State: TIMED_WAITING
        at sun.misc.Unsafe.park(Native Method)
        at java.util.concurrent.locks.LockSupport.parkNanos(LockSupport.java:215)
        at java.util.concurrent.CompletableFuture$Signaller.block(CompletableFuture.java:1709)
        at java.util.concurrent.ForkJoinPool.managedBlock(ForkJoinPool.java:3323)
        at java.util.concurrent.CompletableFuture.timedGet(CompletableFuture.java:1788)
        at java.util.concurrent.CompletableFuture.get(CompletableFuture.java:1928)
        at org.apache.ratis.util.AwaitForSignal.await(AwaitForSignal.java:56)
        at org.apache.ratis.grpc.server.GrpcLogAppender.mayWait(GrpcLogAppender.java:198)
        at org.apache.ratis.grpc.server.GrpcLogAppender.run(GrpcLogAppender.java:148)
        at org.apache.ratis.server.leader.LogAppenderDaemon.run(LogAppenderDaemon.java:78)
        at org.apache.ratis.server.leader.LogAppenderDaemon$$Lambda$1040/1326312005.run(Unknown Source)
        at java.lang.Thread.run(Thread.java:750)
"BlockDeletingService#1" daemon prio=5 tid=564 timed_waiting
java.lang.Thread.State: TIMED_WAITING
        at sun.misc.Unsafe.park(Native Method)
        at java.util.concurrent.locks.LockSupport.parkNanos(LockSupport.java:215)
        at java.util.concurrent.locks.AbstractQueuedSynchronizer$ConditionObject.awaitNanos(AbstractQueuedSynchronizer.java:2078)
        at java.util.concurrent.ScheduledThreadPoolExecutor$DelayedWorkQueue.take(ScheduledThreadPoolExecutor.java:1093)
        at java.util.concurrent.ScheduledThreadPoolExecutor$DelayedWorkQueue.take(ScheduledThreadPoolExecutor.java:809)
        at java.util.concurrent.ThreadPoolExecutor.getTask(ThreadPoolExecutor.java:1074)
        at java.util.concurrent.ThreadPoolExecutor.runWorker(ThreadPoolExecutor.java:1134)
        at java.util.concurrent.ThreadPoolExecutor$Worker.run(ThreadPoolExecutor.java:624)
        at java.lang.Thread.run(Thread.java:750)
"aafd62d6-5d37-4c95-9ffb-fecfd05fefa6@group-DD4C95DED537-LeaderStateImpl" daemon prio=5 tid=696 timed_waiting
java.lang.Thread.State: TIMED_WAITING
        at sun.misc.Unsafe.park(Native Method)
        at java.util.concurrent.locks.LockSupport.parkNanos(LockSupport.java:215)
        at java.util.concurrent.locks.AbstractQueuedSynchronizer$ConditionObject.awaitNanos(AbstractQueuedSynchronizer.java:2078)
        at java.util.concurrent.ArrayBlockingQueue.poll(ArrayBlockingQueue.java:418)
        at org.apache.ratis.server.impl.LeaderStateImpl$EventQueue.poll(LeaderStateImpl.java:159)
        at org.apache.ratis.server.impl.LeaderStateImpl$EventProcessor.run(LeaderStateImpl.java:630)
"qtp1591256270-458-acceptor-0@1d34aecc-ServerConnector@23d06658{HTTP/1.1, (http/1.1)}{0.0.0.0:43873}" daemon prio=3 tid=458 runnable
java.lang.Thread.State: RUNNABLE
        at sun.nio.ch.ServerSocketChannelImpl.accept0(Native Method)
        at sun.nio.ch.ServerSocketChannelImpl.accept(ServerSocketChannelImpl.java:421)
        at sun.nio.ch.ServerSocketChannelImpl.accept(ServerSocketChannelImpl.java:249)
        at org.eclipse.jetty.server.ServerConnector.accept(ServerConnector.java:388)
        at org.eclipse.jetty.server.AbstractConnector$Acceptor.run(AbstractConnector.java:704)
        at org.eclipse.jetty.util.thread.QueuedThreadPool.runJob(QueuedThreadPool.java:883)
        at org.eclipse.jetty.util.thread.QueuedThreadPool$Runner.run(QueuedThreadPool.java:1034)
        at java.lang.Thread.run(Thread.java:750)
"JvmPauseMonitor10" daemon prio=5 tid=560 timed_waiting
java.lang.Thread.State: TIMED_WAITING
        at java.lang.Thread.sleep(Native Method)
        at java.lang.Thread.sleep(Thread.java:342)
        at java.util.concurrent.TimeUnit.sleep(TimeUnit.java:386)
        at org.apache.ratis.util.TimeDuration.sleep(TimeDuration.java:325)
        at org.apache.ratis.util.TimeDuration.sleep(TimeDuration.java:310)
        at org.apache.ratis.util.JvmPauseMonitor.detectPause(JvmPauseMonitor.java:119)
        at org.apache.ratis.util.JvmPauseMonitor.run(JvmPauseMonitor.java:108)
        at org.apache.ratis.util.JvmPauseMonitor$$Lambda$706/577778412.run(Unknown Source)
        at java.lang.Thread.run(Thread.java:750)
"ChunkWriter-2-0" daemon prio=5 tid=546 in Object.wait()
java.lang.Thread.State: WAITING (on object monitor)
        at sun.misc.Unsafe.park(Native Method)
        at java.util.concurrent.locks.LockSupport.park(LockSupport.java:175)
        at java.util.concurrent.locks.AbstractQueuedSynchronizer$ConditionObject.await(AbstractQueuedSynchronizer.java:2039)
        at java.util.concurrent.LinkedBlockingDeque.takeFirst(LinkedBlockingDeque.java:492)
        at java.util.concurrent.LinkedBlockingDeque.take(LinkedBlockingDeque.java:680)
        at java.util.concurrent.ThreadPoolExecutor.getTask(ThreadPoolExecutor.java:1074)
        at java.util.concurrent.ThreadPoolExecutor.runWorker(ThreadPoolExecutor.java:1134)
        at java.util.concurrent.ThreadPoolExecutor$Worker.run(ThreadPoolExecutor.java:624)
        at java.lang.Thread.run(Thread.java:750)
"qtp602120831-110" daemon prio=5 tid=110 runnable
java.lang.Thread.State: RUNNABLE
        at sun.nio.ch.EPollArrayWrapper.epollWait(Native Method)
        at sun.nio.ch.EPollArrayWrapper.poll(EPollArrayWrapper.java:269)
        at sun.nio.ch.EPollSelectorImpl.doSelect(EPollSelectorImpl.java:93)
        at sun.nio.ch.SelectorImpl.lockAndDoSelect(SelectorImpl.java:86)
        at sun.nio.ch.SelectorImpl.select(SelectorImpl.java:97)
        at sun.nio.ch.SelectorImpl.select(SelectorImpl.java:101)
        at org.eclipse.jetty.io.ManagedSelector.nioSelect(ManagedSelector.java:183)
        at org.eclipse.jetty.io.ManagedSelector.select(ManagedSelector.java:190)
        at org.eclipse.jetty.io.ManagedSelector$SelectorProducer.select(ManagedSelector.java:606)
        at org.eclipse.jetty.io.ManagedSelector$SelectorProducer.produce(ManagedSelector.java:543)
        at org.eclipse.jetty.util.thread.strategy.EatWhatYouKill.produceTask(EatWhatYouKill.java:362)
        at org.eclipse.jetty.util.thread.strategy.EatWhatYouKill.doProduce(EatWhatYouKill.java:186)
        at org.eclipse.jetty.util.thread.strategy.EatWhatYouKill.tryProduce(EatWhatYouKill.java:173)
        at org.eclipse.jetty.util.thread.strategy.EatWhatYouKill.produce(EatWhatYouKill.java:137)
        at org.eclipse.jetty.io.ManagedSelector$$Lambda$446/827549167.run(Unknown Source)
        at org.eclipse.jetty.util.thread.QueuedThreadPool.runJob(QueuedThreadPool.java:883)
        at org.eclipse.jetty.util.thread.QueuedThreadPool$Runner.run(QueuedThreadPool.java:1034)
        at java.lang.Thread.run(Thread.java:750)
"IPC Server handler 6 on default port 33617" daemon prio=5 tid=53 timed_waiting
java.lang.Thread.State: TIMED_WAITING
        at sun.misc.Unsafe.park(Native Method)
        at java.util.concurrent.locks.LockSupport.parkNanos(LockSupport.java:215)
        at java.util.concurrent.locks.AbstractQueuedSynchronizer$ConditionObject.awaitNanos(AbstractQueuedSynchronizer.java:2078)
        at java.util.concurrent.LinkedBlockingQueue.poll(LinkedBlockingQueue.java:467)
        at org.apache.hadoop.ipc.CallQueueManager.take(CallQueueManager.java:317)
        at org.apache.hadoop.ipc.Server$Handler.run(Server.java:2942)
"qtp604571221-269" daemon prio=5 tid=269 timed_waiting
java.lang.Thread.State: TIMED_WAITING
        at sun.misc.Unsafe.park(Native Method)
        at java.util.concurrent.locks.LockSupport.parkNanos(LockSupport.java:215)
        at java.util.concurrent.locks.AbstractQueuedSynchronizer$ConditionObject.awaitNanos(AbstractQueuedSynchronizer.java:2078)
        at org.eclipse.jetty.util.BlockingArrayQueue.poll(BlockingArrayQueue.java:382)
        at org.eclipse.jetty.util.thread.QueuedThreadPool$Runner.idleJobPoll(QueuedThreadPool.java:974)
        at org.eclipse.jetty.util.thread.QueuedThreadPool$Runner.run(QueuedThreadPool.java:1018)
        at java.lang.Thread.run(Thread.java:750)
"EventQueue-CommandQueueReportForCommandQueueReportHandler" daemon prio=5 tid=566 in Object.wait()
java.lang.Thread.State: WAITING (on object monitor)
        at sun.misc.Unsafe.park(Native Method)
        at java.util.concurrent.locks.LockSupport.park(LockSupport.java:175)
        at java.util.concurrent.locks.AbstractQueuedSynchronizer$ConditionObject.await(AbstractQueuedSynchronizer.java:2039)
        at java.util.concurrent.LinkedBlockingQueue.take(LinkedBlockingQueue.java:442)
        at java.util.concurrent.ThreadPoolExecutor.getTask(ThreadPoolExecutor.java:1074)
        at java.util.concurrent.ThreadPoolExecutor.runWorker(ThreadPoolExecutor.java:1134)
        at java.util.concurrent.ThreadPoolExecutor$Worker.run(ThreadPoolExecutor.java:624)
        at java.lang.Thread.run(Thread.java:750)
"Datanode State Machine Daemon Thread" daemon prio=5 tid=478 timed_waiting
java.lang.Thread.State: TIMED_WAITING
        at java.lang.Thread.sleep(Native Method)
        at org.apache.hadoop.ozone.container.common.statemachine.DatanodeStateMachine.startStateMachineThread(DatanodeStateMachine.java:321)
        at org.apache.hadoop.ozone.container.common.statemachine.DatanodeStateMachine.lambda$startDaemon$0(DatanodeStateMachine.java:506)
        at org.apache.hadoop.ozone.container.common.statemachine.DatanodeStateMachine$$Lambda$751/211315337.run(Unknown Source)
        at java.lang.Thread.run(Thread.java:750)
"qtp1691241233-294" daemon prio=5 tid=294 timed_waiting
java.lang.Thread.State: TIMED_WAITING
        at sun.misc.Unsafe.park(Native Method)
        at java.util.concurrent.locks.LockSupport.parkNanos(LockSupport.java:215)
        at java.util.concurrent.locks.AbstractQueuedSynchronizer$ConditionObject.awaitNanos(AbstractQueuedSynchronizer.java:2078)
        at org.eclipse.jetty.util.BlockingArrayQueue.poll(BlockingArrayQueue.java:382)
        at org.eclipse.jetty.util.thread.QueuedThreadPool$Runner.idleJobPoll(QueuedThreadPool.java:974)
        at org.eclipse.jetty.util.thread.QueuedThreadPool$Runner.run(QueuedThreadPool.java:1018)
        at java.lang.Thread.run(Thread.java:750)
"Command processor thread" daemon prio=5 tid=484 timed_waiting
java.lang.Thread.State: TIMED_WAITING
        at java.lang.Thread.sleep(Native Method)
        at org.apache.hadoop.ozone.container.common.statemachine.DatanodeStateMachine.lambda$initCommandHandlerThread$3(DatanodeStateMachine.java:641)
        at org.apache.hadoop.ozone.container.common.statemachine.DatanodeStateMachine$$Lambda$753/716039171.run(Unknown Source)
        at java.lang.Thread.run(Thread.java:750)
"JvmPauseMonitor5" daemon prio=5 tid=493 timed_waiting
java.lang.Thread.State: TIMED_WAITING
        at java.lang.Thread.sleep(Native Method)
        at java.lang.Thread.sleep(Thread.java:342)
        at java.util.concurrent.TimeUnit.sleep(TimeUnit.java:386)
        at org.apache.ratis.util.TimeDuration.sleep(TimeDuration.java:325)
        at org.apache.ratis.util.TimeDuration.sleep(TimeDuration.java:310)
        at org.apache.ratis.util.JvmPauseMonitor.detectPause(JvmPauseMonitor.java:119)
        at org.apache.ratis.util.JvmPauseMonitor.run(JvmPauseMonitor.java:108)
        at org.apache.ratis.util.JvmPauseMonitor$$Lambda$706/577778412.run(Unknown Source)
        at java.lang.Thread.run(Thread.java:750)
"timer2" daemon prio=5 tid=702 timed_waiting
java.lang.Thread.State: TIMED_WAITING
        at java.lang.Object.wait(Native Method)
        at java.util.TimerThread.mainLoop(Timer.java:552)
        at java.util.TimerThread.run(Timer.java:505)
"IPC Server handler 8 on default port 38821" daemon prio=5 tid=75 timed_waiting
java.lang.Thread.State: TIMED_WAITING
        at sun.misc.Unsafe.park(Native Method)
        at java.util.concurrent.locks.LockSupport.parkNanos(LockSupport.java:215)
        at java.util.concurrent.locks.AbstractQueuedSynchronizer$ConditionObject.awaitNanos(AbstractQueuedSynchronizer.java:2078)
        at java.util.concurrent.LinkedBlockingQueue.poll(LinkedBlockingQueue.java:467)
        at org.apache.hadoop.ipc.CallQueueManager.take(CallQueueManager.java:317)
        at org.apache.hadoop.ipc.Server$Handler.run(Server.java:2942)
"IPC Server handler 15 on default port 33617" daemon prio=5 tid=62 timed_waiting
java.lang.Thread.State: TIMED_WAITING
        at sun.misc.Unsafe.park(Native Method)
        at java.util.concurrent.locks.LockSupport.parkNanos(LockSupport.java:215)
        at java.util.concurrent.locks.AbstractQueuedSynchronizer$ConditionObject.awaitNanos(AbstractQueuedSynchronizer.java:2078)
        at java.util.concurrent.LinkedBlockingQueue.poll(LinkedBlockingQueue.java:467)
        at org.apache.hadoop.ipc.CallQueueManager.take(CallQueueManager.java:317)
        at org.apache.hadoop.ipc.Server$Handler.run(Server.java:2942)
"org.apache.hadoop.util.JvmPauseMonitor$Monitor@481d99" daemon prio=5 tid=306 timed_waiting
java.lang.Thread.State: TIMED_WAITING
        at java.lang.Thread.sleep(Native Method)
        at org.apache.hadoop.util.JvmPauseMonitor$Monitor.run(JvmPauseMonitor.java:192)
        at java.lang.Thread.run(Thread.java:750)
"qtp604571221-268" daemon prio=5 tid=268 timed_waiting
java.lang.Thread.State: TIMED_WAITING
        at sun.misc.Unsafe.park(Native Method)
        at java.util.concurrent.locks.LockSupport.parkNanos(LockSupport.java:215)
        at java.util.concurrent.locks.AbstractQueuedSynchronizer$ConditionObject.awaitNanos(AbstractQueuedSynchronizer.java:2078)
        at org.eclipse.jetty.util.BlockingArrayQueue.poll(BlockingArrayQueue.java:382)
        at org.eclipse.jetty.util.thread.QueuedThreadPool$Runner.idleJobPoll(QueuedThreadPool.java:974)
        at org.eclipse.jetty.util.thread.QueuedThreadPool$Runner.run(QueuedThreadPool.java:1018)
        at java.lang.Thread.run(Thread.java:750)
"Session-HouseKeeper-284e134c-1"  prio=5 tid=389 timed_waiting
java.lang.Thread.State: TIMED_WAITING
        at sun.misc.Unsafe.park(Native Method)
        at java.util.concurrent.locks.LockSupport.parkNanos(LockSupport.java:215)
        at java.util.concurrent.locks.AbstractQueuedSynchronizer$ConditionObject.awaitNanos(AbstractQueuedSynchronizer.java:2078)
        at java.util.concurrent.ScheduledThreadPoolExecutor$DelayedWorkQueue.take(ScheduledThreadPoolExecutor.java:1093)
        at java.util.concurrent.ScheduledThreadPoolExecutor$DelayedWorkQueue.take(ScheduledThreadPoolExecutor.java:809)
        at java.util.concurrent.ThreadPoolExecutor.getTask(ThreadPoolExecutor.java:1074)
        at java.util.concurrent.ThreadPoolExecutor.runWorker(ThreadPoolExecutor.java:1134)
        at java.util.concurrent.ThreadPoolExecutor$Worker.run(ThreadPoolExecutor.java:624)
        at java.lang.Thread.run(Thread.java:750)
"IPC Server handler 1 on default port 38821" daemon prio=5 tid=68 timed_waiting
java.lang.Thread.State: TIMED_WAITING
        at sun.misc.Unsafe.park(Native Method)
        at java.util.concurrent.locks.LockSupport.parkNanos(LockSupport.java:215)
        at java.util.concurrent.locks.AbstractQueuedSynchronizer$ConditionObject.awaitNanos(AbstractQueuedSynchronizer.java:2078)
        at java.util.concurrent.LinkedBlockingQueue.poll(LinkedBlockingQueue.java:467)
        at org.apache.hadoop.ipc.CallQueueManager.take(CallQueueManager.java:317)
        at org.apache.hadoop.ipc.Server$Handler.run(Server.java:2942)
"ChunkWriter-1-0" daemon prio=5 tid=533 in Object.wait()
java.lang.Thread.State: WAITING (on object monitor)
        at sun.misc.Unsafe.park(Native Method)
        at java.util.concurrent.locks.LockSupport.park(LockSupport.java:175)
        at java.util.concurrent.locks.AbstractQueuedSynchronizer$ConditionObject.await(AbstractQueuedSynchronizer.java:2039)
        at java.util.concurrent.LinkedBlockingDeque.takeFirst(LinkedBlockingDeque.java:492)
        at java.util.concurrent.LinkedBlockingDeque.take(LinkedBlockingDeque.java:680)
        at java.util.concurrent.ThreadPoolExecutor.getTask(ThreadPoolExecutor.java:1074)
        at java.util.concurrent.ThreadPoolExecutor.runWorker(ThreadPoolExecutor.java:1134)
        at java.util.concurrent.ThreadPoolExecutor$Worker.run(ThreadPoolExecutor.java:624)
        at java.lang.Thread.run(Thread.java:750)
"EndpointStateMachine task thread for /0.0.0.0:34199 - 0 "  prio=5 tid=391 in Object.wait()
java.lang.Thread.State: WAITING (on object monitor)
        at sun.misc.Unsafe.park(Native Method)
        at java.util.concurrent.locks.LockSupport.park(LockSupport.java:175)
        at java.util.concurrent.locks.AbstractQueuedSynchronizer$ConditionObject.await(AbstractQueuedSynchronizer.java:2039)
        at java.util.concurrent.LinkedBlockingQueue.take(LinkedBlockingQueue.java:442)
        at java.util.concurrent.ThreadPoolExecutor.getTask(ThreadPoolExecutor.java:1074)
        at java.util.concurrent.ThreadPoolExecutor.runWorker(ThreadPoolExecutor.java:1134)
        at java.util.concurrent.ThreadPoolExecutor$Worker.run(ThreadPoolExecutor.java:624)
        at java.lang.Thread.run(Thread.java:750)
"IPC Server handler 1 on default port 33617" daemon prio=5 tid=48 timed_waiting
java.lang.Thread.State: TIMED_WAITING
        at sun.misc.Unsafe.park(Native Method)
        at java.util.concurrent.locks.LockSupport.parkNanos(LockSupport.java:215)
        at java.util.concurrent.locks.AbstractQueuedSynchronizer$ConditionObject.awaitNanos(AbstractQueuedSynchronizer.java:2078)
        at java.util.concurrent.LinkedBlockingQueue.poll(LinkedBlockingQueue.java:467)
        at org.apache.hadoop.ipc.CallQueueManager.take(CallQueueManager.java:317)
        at org.apache.hadoop.ipc.Server$Handler.run(Server.java:2942)
"Datanode State Machine Task Thread - 1"  prio=5 tid=517 in Object.wait()
java.lang.Thread.State: WAITING (on object monitor)
        at sun.misc.Unsafe.park(Native Method)
        at java.util.concurrent.locks.LockSupport.park(LockSupport.java:175)
        at java.util.concurrent.locks.AbstractQueuedSynchronizer$ConditionObject.await(AbstractQueuedSynchronizer.java:2039)
        at java.util.concurrent.LinkedBlockingQueue.take(LinkedBlockingQueue.java:442)
        at java.util.concurrent.ThreadPoolExecutor.getTask(ThreadPoolExecutor.java:1074)
        at java.util.concurrent.ThreadPoolExecutor.runWorker(ThreadPoolExecutor.java:1134)
        at java.util.concurrent.ThreadPoolExecutor$Worker.run(ThreadPoolExecutor.java:624)
        at java.lang.Thread.run(Thread.java:750)
"BlockDeletingService#0" daemon prio=5 tid=538 in Object.wait()
java.lang.Thread.State: WAITING (on object monitor)
        at sun.misc.Unsafe.park(Native Method)
        at java.util.concurrent.locks.LockSupport.park(LockSupport.java:175)
        at java.util.concurrent.locks.AbstractQueuedSynchronizer$ConditionObject.await(AbstractQueuedSynchronizer.java:2039)
        at java.util.concurrent.ScheduledThreadPoolExecutor$DelayedWorkQueue.take(ScheduledThreadPoolExecutor.java:1088)
        at java.util.concurrent.ScheduledThreadPoolExecutor$DelayedWorkQueue.take(ScheduledThreadPoolExecutor.java:809)
        at java.util.concurrent.ThreadPoolExecutor.getTask(ThreadPoolExecutor.java:1074)
        at java.util.concurrent.ThreadPoolExecutor.runWorker(ThreadPoolExecutor.java:1134)
        at java.util.concurrent.ThreadPoolExecutor$Worker.run(ThreadPoolExecutor.java:624)
        at java.lang.Thread.run(Thread.java:750)
"qtp604571221-264" daemon prio=5 tid=264 runnable
java.lang.Thread.State: RUNNABLE
        at sun.nio.ch.EPollArrayWrapper.epollWait(Native Method)
        at sun.nio.ch.EPollArrayWrapper.poll(EPollArrayWrapper.java:269)
        at sun.nio.ch.EPollSelectorImpl.doSelect(EPollSelectorImpl.java:93)
        at sun.nio.ch.SelectorImpl.lockAndDoSelect(SelectorImpl.java:86)
        at sun.nio.ch.SelectorImpl.select(SelectorImpl.java:97)
        at sun.nio.ch.SelectorImpl.select(SelectorImpl.java:101)
        at org.eclipse.jetty.io.ManagedSelector.nioSelect(ManagedSelector.java:183)
        at org.eclipse.jetty.io.ManagedSelector.select(ManagedSelector.java:190)
        at org.eclipse.jetty.io.ManagedSelector$SelectorProducer.select(ManagedSelector.java:606)
        at org.eclipse.jetty.io.ManagedSelector$SelectorProducer.produce(ManagedSelector.java:543)
        at org.eclipse.jetty.util.thread.strategy.EatWhatYouKill.produceTask(EatWhatYouKill.java:362)
        at org.eclipse.jetty.util.thread.strategy.EatWhatYouKill.doProduce(EatWhatYouKill.java:186)
        at org.eclipse.jetty.util.thread.strategy.EatWhatYouKill.tryProduce(EatWhatYouKill.java:173)
        at org.eclipse.jetty.util.thread.strategy.EatWhatYouKill.produce(EatWhatYouKill.java:137)
        at org.eclipse.jetty.io.ManagedSelector$$Lambda$446/827549167.run(Unknown Source)
        at org.eclipse.jetty.util.thread.QueuedThreadPool.runJob(QueuedThreadPool.java:883)
        at org.eclipse.jetty.util.thread.QueuedThreadPool$Runner.run(QueuedThreadPool.java:1034)
        at java.lang.Thread.run(Thread.java:750)
"ChunkWriter-3-0" daemon prio=5 tid=433 in Object.wait()
java.lang.Thread.State: WAITING (on object monitor)
        at sun.misc.Unsafe.park(Native Method)
        at java.util.concurrent.locks.LockSupport.park(LockSupport.java:175)
        at java.util.concurrent.locks.AbstractQueuedSynchronizer$ConditionObject.await(AbstractQueuedSynchronizer.java:2039)
        at java.util.concurrent.LinkedBlockingDeque.takeFirst(LinkedBlockingDeque.java:492)
        at java.util.concurrent.LinkedBlockingDeque.take(LinkedBlockingDeque.java:680)
        at java.util.concurrent.ThreadPoolExecutor.getTask(ThreadPoolExecutor.java:1074)
        at java.util.concurrent.ThreadPoolExecutor.runWorker(ThreadPoolExecutor.java:1134)
        at java.util.concurrent.ThreadPoolExecutor$Worker.run(ThreadPoolExecutor.java:624)
        at java.lang.Thread.run(Thread.java:750)
"Session-HouseKeeper-145554d9-1"  prio=5 tid=192 timed_waiting
java.lang.Thread.State: TIMED_WAITING
        at sun.misc.Unsafe.park(Native Method)
        at java.util.concurrent.locks.LockSupport.parkNanos(LockSupport.java:215)
        at java.util.concurrent.locks.AbstractQueuedSynchronizer$ConditionObject.awaitNanos(AbstractQueuedSynchronizer.java:2078)
        at java.util.concurrent.ScheduledThreadPoolExecutor$DelayedWorkQueue.take(ScheduledThreadPoolExecutor.java:1093)
        at java.util.concurrent.ScheduledThreadPoolExecutor$DelayedWorkQueue.take(ScheduledThreadPoolExecutor.java:809)
        at java.util.concurrent.ThreadPoolExecutor.getTask(ThreadPoolExecutor.java:1074)
        at java.util.concurrent.ThreadPoolExecutor.runWorker(ThreadPoolExecutor.java:1134)
        at java.util.concurrent.ThreadPoolExecutor$Worker.run(ThreadPoolExecutor.java:624)
        at java.lang.Thread.run(Thread.java:750)
"EventQueue-PipelineReportForOneReplicaPipelineSafeModeRule" daemon prio=5 tid=515 in Object.wait()
java.lang.Thread.State: WAITING (on object monitor)
        at sun.misc.Unsafe.park(Native Method)
        at java.util.concurrent.locks.LockSupport.park(LockSupport.java:175)
        at java.util.concurrent.locks.AbstractQueuedSynchronizer$ConditionObject.await(AbstractQueuedSynchronizer.java:2039)
        at java.util.concurrent.LinkedBlockingQueue.take(LinkedBlockingQueue.java:442)
        at java.util.concurrent.ThreadPoolExecutor.getTask(ThreadPoolExecutor.java:1074)
        at java.util.concurrent.ThreadPoolExecutor.runWorker(ThreadPoolExecutor.java:1134)
        at java.util.concurrent.ThreadPoolExecutor$Worker.run(ThreadPoolExecutor.java:624)
        at java.lang.Thread.run(Thread.java:750)
"1397ad66-7a30-4622-84c4-76091eab1ef3@group-328117242DA8-SegmentedRaftLogWorker"  prio=5 tid=652 timed_waiting
java.lang.Thread.State: TIMED_WAITING
        at sun.misc.Unsafe.park(Native Method)
        at java.util.concurrent.locks.LockSupport.parkNanos(LockSupport.java:215)
        at java.util.concurrent.locks.AbstractQueuedSynchronizer$ConditionObject.awaitNanos(AbstractQueuedSynchronizer.java:2078)
        at org.apache.ratis.util.DataBlockingQueue.poll(DataBlockingQueue.java:148)
        at org.apache.ratis.server.raftlog.segmented.SegmentedRaftLogWorker.run(SegmentedRaftLogWorker.java:310)
        at org.apache.ratis.server.raftlog.segmented.SegmentedRaftLogWorker$$Lambda$665/306525361.run(Unknown Source)
        at java.lang.Thread.run(Thread.java:750)
"IPC Server handler 2 on default port 34199" daemon prio=5 tid=89 timed_waiting
java.lang.Thread.State: TIMED_WAITING
        at sun.misc.Unsafe.park(Native Method)
        at java.util.concurrent.locks.LockSupport.parkNanos(LockSupport.java:215)
        at java.util.concurrent.locks.AbstractQueuedSynchronizer$ConditionObject.awaitNanos(AbstractQueuedSynchronizer.java:2078)
        at java.util.concurrent.LinkedBlockingQueue.poll(LinkedBlockingQueue.java:467)
        at org.apache.hadoop.ipc.CallQueueManager.take(CallQueueManager.java:317)
        at org.apache.hadoop.ipc.Server$Handler.run(Server.java:2942)
"Periodic HDDS volume checker" daemon prio=5 tid=412 timed_waiting
java.lang.Thread.State: TIMED_WAITING
        at sun.misc.Unsafe.park(Native Method)
        at java.util.concurrent.locks.LockSupport.parkNanos(LockSupport.java:215)
        at java.util.concurrent.locks.AbstractQueuedSynchronizer$ConditionObject.awaitNanos(AbstractQueuedSynchronizer.java:2078)
        at java.util.concurrent.ScheduledThreadPoolExecutor$DelayedWorkQueue.take(ScheduledThreadPoolExecutor.java:1093)
        at java.util.concurrent.ScheduledThreadPoolExecutor$DelayedWorkQueue.take(ScheduledThreadPoolExecutor.java:809)
        at java.util.concurrent.ThreadPoolExecutor.getTask(ThreadPoolExecutor.java:1074)
        at java.util.concurrent.ThreadPoolExecutor.runWorker(ThreadPoolExecutor.java:1134)
        at java.util.concurrent.ThreadPoolExecutor$Worker.run(ThreadPoolExecutor.java:624)
        at java.lang.Thread.run(Thread.java:750)
"StaleRecoveringContainerScrubbingService#1" daemon prio=5 tid=438 timed_waiting
java.lang.Thread.State: TIMED_WAITING
        at sun.misc.Unsafe.park(Native Method)
        at java.util.concurrent.locks.LockSupport.parkNanos(LockSupport.java:215)
        at java.util.concurrent.locks.AbstractQueuedSynchronizer$ConditionObject.awaitNanos(AbstractQueuedSynchronizer.java:2078)
        at java.util.concurrent.ScheduledThreadPoolExecutor$DelayedWorkQueue.take(ScheduledThreadPoolExecutor.java:1093)
        at java.util.concurrent.ScheduledThreadPoolExecutor$DelayedWorkQueue.take(ScheduledThreadPoolExecutor.java:809)
        at java.util.concurrent.ThreadPoolExecutor.getTask(ThreadPoolExecutor.java:1074)
        at java.util.concurrent.ThreadPoolExecutor.runWorker(ThreadPoolExecutor.java:1134)
        at java.util.concurrent.ThreadPoolExecutor$Worker.run(ThreadPoolExecutor.java:624)
        at java.lang.Thread.run(Thread.java:750)
"ChunkReader-0" daemon prio=5 tid=760 in Object.wait()
java.lang.Thread.State: WAITING (on object monitor)
        at sun.misc.Unsafe.park(Native Method)
        at java.util.concurrent.locks.LockSupport.park(LockSupport.java:175)
        at java.util.concurrent.locks.AbstractQueuedSynchronizer$ConditionObject.await(AbstractQueuedSynchronizer.java:2039)
        at java.util.concurrent.LinkedBlockingQueue.take(LinkedBlockingQueue.java:442)
        at java.util.concurrent.ThreadPoolExecutor.getTask(ThreadPoolExecutor.java:1074)
        at java.util.concurrent.ThreadPoolExecutor.runWorker(ThreadPoolExecutor.java:1134)
        at java.util.concurrent.ThreadPoolExecutor$Worker.run(ThreadPoolExecutor.java:624)
        at java.lang.Thread.run(Thread.java:750)
"JvmPauseMonitor4" daemon prio=5 tid=472 timed_waiting
java.lang.Thread.State: TIMED_WAITING
        at java.lang.Thread.sleep(Native Method)
        at java.lang.Thread.sleep(Thread.java:342)
        at java.util.concurrent.TimeUnit.sleep(TimeUnit.java:386)
        at org.apache.ratis.util.TimeDuration.sleep(TimeDuration.java:325)
        at org.apache.ratis.util.TimeDuration.sleep(TimeDuration.java:310)
        at org.apache.ratis.util.JvmPauseMonitor.detectPause(JvmPauseMonitor.java:119)
        at org.apache.ratis.util.JvmPauseMonitor.run(JvmPauseMonitor.java:108)
        at org.apache.ratis.util.JvmPauseMonitor$$Lambda$706/577778412.run(Unknown Source)
        at java.lang.Thread.run(Thread.java:750)
"IPC Server handler 16 on default port 34199" daemon prio=5 tid=103 timed_waiting
java.lang.Thread.State: TIMED_WAITING
        at sun.misc.Unsafe.park(Native Method)
        at java.util.concurrent.locks.LockSupport.parkNanos(LockSupport.java:215)
        at java.util.concurrent.locks.AbstractQueuedSynchronizer$ConditionObject.awaitNanos(AbstractQueuedSynchronizer.java:2078)
        at java.util.concurrent.LinkedBlockingQueue.poll(LinkedBlockingQueue.java:467)
        at org.apache.hadoop.ipc.CallQueueManager.take(CallQueueManager.java:317)
        at org.apache.hadoop.ipc.Server$Handler.run(Server.java:2942)
"ChunkWriter-2-0" daemon prio=5 tid=491 in Object.wait()
java.lang.Thread.State: WAITING (on object monitor)
        at sun.misc.Unsafe.park(Native Method)
        at java.util.concurrent.locks.LockSupport.park(LockSupport.java:175)
        at java.util.concurrent.locks.AbstractQueuedSynchronizer$ConditionObject.await(AbstractQueuedSynchronizer.java:2039)
        at java.util.concurrent.LinkedBlockingDeque.takeFirst(LinkedBlockingDeque.java:492)
        at java.util.concurrent.LinkedBlockingDeque.take(LinkedBlockingDeque.java:680)
        at java.util.concurrent.ThreadPoolExecutor.getTask(ThreadPoolExecutor.java:1074)
        at java.util.concurrent.ThreadPoolExecutor.runWorker(ThreadPoolExecutor.java:1134)
        at java.util.concurrent.ThreadPoolExecutor$Worker.run(ThreadPoolExecutor.java:624)
        at java.lang.Thread.run(Thread.java:750)
"qtp783772812-150" daemon prio=5 tid=150 timed_waiting
java.lang.Thread.State: TIMED_WAITING
        at sun.misc.Unsafe.park(Native Method)
        at java.util.concurrent.locks.LockSupport.parkNanos(LockSupport.java:215)
        at java.util.concurrent.locks.AbstractQueuedSynchronizer$ConditionObject.awaitNanos(AbstractQueuedSynchronizer.java:2078)
        at org.eclipse.jetty.util.BlockingArrayQueue.poll(BlockingArrayQueue.java:382)
        at org.eclipse.jetty.util.thread.QueuedThreadPool$Runner.idleJobPoll(QueuedThreadPool.java:974)
        at org.eclipse.jetty.util.thread.QueuedThreadPool$Runner.run(QueuedThreadPool.java:1018)
        at java.lang.Thread.run(Thread.java:750)
"c047bafd-0fa0-4f2f-9a8c-56ef9c35524f-server-thread3" daemon prio=5 tid=842 timed_waiting
java.lang.Thread.State: TIMED_WAITING
        at sun.misc.Unsafe.park(Native Method)
        at java.util.concurrent.locks.LockSupport.parkNanos(LockSupport.java:215)
        at java.util.concurrent.SynchronousQueue$TransferStack.awaitFulfill(SynchronousQueue.java:460)
        at java.util.concurrent.SynchronousQueue$TransferStack.transfer(SynchronousQueue.java:362)
        at java.util.concurrent.SynchronousQueue.poll(SynchronousQueue.java:941)
        at java.util.concurrent.ThreadPoolExecutor.getTask(ThreadPoolExecutor.java:1073)
        at java.util.concurrent.ThreadPoolExecutor.runWorker(ThreadPoolExecutor.java:1134)
        at java.util.concurrent.ThreadPoolExecutor$Worker.run(ThreadPoolExecutor.java:624)
        at java.lang.Thread.run(Thread.java:750)
"qtp783772812-149" daemon prio=5 tid=149 timed_waiting
java.lang.Thread.State: TIMED_WAITING
        at sun.misc.Unsafe.park(Native Method)
        at java.util.concurrent.locks.LockSupport.parkNanos(LockSupport.java:215)
        at java.util.concurrent.locks.AbstractQueuedSynchronizer$ConditionObject.awaitNanos(AbstractQueuedSynchronizer.java:2078)
        at org.eclipse.jetty.util.BlockingArrayQueue.poll(BlockingArrayQueue.java:382)
        at org.eclipse.jetty.util.thread.QueuedThreadPool$Runner.idleJobPoll(QueuedThreadPool.java:974)
        at org.eclipse.jetty.util.thread.QueuedThreadPool$Runner.run(QueuedThreadPool.java:1018)
        at java.lang.Thread.run(Thread.java:750)
"timer0" daemon prio=5 tid=728 timed_waiting
java.lang.Thread.State: TIMED_WAITING
        at java.lang.Object.wait(Native Method)
        at java.util.TimerThread.mainLoop(Timer.java:552)
        at java.util.TimerThread.run(Timer.java:505)
"Datanode State Machine Task Thread - 1"  prio=5 tid=428 in Object.wait()
java.lang.Thread.State: WAITING (on object monitor)
        at sun.misc.Unsafe.park(Native Method)
        at java.util.concurrent.locks.LockSupport.park(LockSupport.java:175)
        at java.util.concurrent.locks.AbstractQueuedSynchronizer$ConditionObject.await(AbstractQueuedSynchronizer.java:2039)
        at java.util.concurrent.LinkedBlockingQueue.take(LinkedBlockingQueue.java:442)
        at java.util.concurrent.ThreadPoolExecutor.getTask(ThreadPoolExecutor.java:1074)
        at java.util.concurrent.ThreadPoolExecutor.runWorker(ThreadPoolExecutor.java:1134)
        at java.util.concurrent.ThreadPoolExecutor$Worker.run(ThreadPoolExecutor.java:624)
        at java.lang.Thread.run(Thread.java:750)
"qtp602120831-114" daemon prio=5 tid=114 timed_waiting
java.lang.Thread.State: TIMED_WAITING
        at sun.misc.Unsafe.park(Native Method)
        at java.util.concurrent.locks.LockSupport.parkNanos(LockSupport.java:215)
        at java.util.concurrent.locks.AbstractQueuedSynchronizer$ConditionObject.awaitNanos(AbstractQueuedSynchronizer.java:2078)
        at org.eclipse.jetty.util.BlockingArrayQueue.poll(BlockingArrayQueue.java:382)
        at org.eclipse.jetty.util.thread.QueuedThreadPool$Runner.idleJobPoll(QueuedThreadPool.java:974)
        at org.eclipse.jetty.util.thread.QueuedThreadPool$Runner.run(QueuedThreadPool.java:1018)
        at java.lang.Thread.run(Thread.java:750)
"BlockDeletingService#1" daemon prio=5 tid=497 timed_waiting
java.lang.Thread.State: TIMED_WAITING
        at sun.misc.Unsafe.park(Native Method)
        at java.util.concurrent.locks.LockSupport.parkNanos(LockSupport.java:215)
        at java.util.concurrent.locks.AbstractQueuedSynchronizer$ConditionObject.awaitNanos(AbstractQueuedSynchronizer.java:2078)
        at java.util.concurrent.ScheduledThreadPoolExecutor$DelayedWorkQueue.take(ScheduledThreadPoolExecutor.java:1093)
        at java.util.concurrent.ScheduledThreadPoolExecutor$DelayedWorkQueue.take(ScheduledThreadPoolExecutor.java:809)
        at java.util.concurrent.ThreadPoolExecutor.getTask(ThreadPoolExecutor.java:1074)
        at java.util.concurrent.ThreadPoolExecutor.runWorker(ThreadPoolExecutor.java:1134)
        at java.util.concurrent.ThreadPoolExecutor$Worker.run(ThreadPoolExecutor.java:624)
        at java.lang.Thread.run(Thread.java:750)
"ChunkReader-ELG-0" daemon prio=5 tid=537 runnable
java.lang.Thread.State: RUNNABLE
        at org.apache.ratis.thirdparty.io.netty.channel.epoll.Native.epollWait(Native Method)
        at org.apache.ratis.thirdparty.io.netty.channel.epoll.Native.epollWait(Native.java:209)
        at org.apache.ratis.thirdparty.io.netty.channel.epoll.Native.epollWait(Native.java:202)
        at org.apache.ratis.thirdparty.io.netty.channel.epoll.EpollEventLoop.epollWaitNoTimerChange(EpollEventLoop.java:294)
        at org.apache.ratis.thirdparty.io.netty.channel.epoll.EpollEventLoop.run(EpollEventLoop.java:351)
        at org.apache.ratis.thirdparty.io.netty.util.concurrent.SingleThreadEventExecutor$4.run(SingleThreadEventExecutor.java:995)
        at org.apache.ratis.thirdparty.io.netty.util.internal.ThreadExecutorMap$2.run(ThreadExecutorMap.java:74)
        at java.lang.Thread.run(Thread.java:750)
"EventQueue-DeadNodeForDeadNodeHandler" daemon prio=5 tid=856 in Object.wait()
java.lang.Thread.State: WAITING (on object monitor)
        at sun.misc.Unsafe.park(Native Method)
        at java.util.concurrent.locks.LockSupport.park(LockSupport.java:175)
        at java.util.concurrent.locks.AbstractQueuedSynchronizer$ConditionObject.await(AbstractQueuedSynchronizer.java:2039)
        at java.util.concurrent.LinkedBlockingQueue.take(LinkedBlockingQueue.java:442)
        at java.util.concurrent.ThreadPoolExecutor.getTask(ThreadPoolExecutor.java:1074)
        at java.util.concurrent.ThreadPoolExecutor.runWorker(ThreadPoolExecutor.java:1134)
        at java.util.concurrent.ThreadPoolExecutor$Worker.run(ThreadPoolExecutor.java:624)
        at java.lang.Thread.run(Thread.java:750)
"qtp602120831-112" daemon prio=5 tid=112 timed_waiting
java.lang.Thread.State: TIMED_WAITING
        at sun.misc.Unsafe.park(Native Method)
        at java.util.concurrent.locks.LockSupport.parkNanos(LockSupport.java:215)
        at java.util.concurrent.locks.AbstractQueuedSynchronizer$ConditionObject.awaitNanos(AbstractQueuedSynchronizer.java:2078)
        at org.eclipse.jetty.util.BlockingArrayQueue.poll(BlockingArrayQueue.java:382)
        at org.eclipse.jetty.util.thread.QueuedThreadPool$Runner.idleJobPoll(QueuedThreadPool.java:974)
        at org.eclipse.jetty.util.thread.QueuedThreadPool$Runner.run(QueuedThreadPool.java:1018)
        at java.lang.Thread.run(Thread.java:750)
"IPC Server handler 1 on default port 34199" daemon prio=5 tid=88 timed_waiting
java.lang.Thread.State: TIMED_WAITING
        at sun.misc.Unsafe.park(Native Method)
        at java.util.concurrent.locks.LockSupport.parkNanos(LockSupport.java:215)
        at java.util.concurrent.locks.AbstractQueuedSynchronizer$ConditionObject.awaitNanos(AbstractQueuedSynchronizer.java:2078)
        at java.util.concurrent.LinkedBlockingQueue.poll(LinkedBlockingQueue.java:467)
        at org.apache.hadoop.ipc.CallQueueManager.take(CallQueueManager.java:317)
        at org.apache.hadoop.ipc.Server$Handler.run(Server.java:2942)
"1397ad66-7a30-4622-84c4-76091eab1ef3@group-0CC2A593D591-StateMachineUpdater" daemon prio=5 tid=674 timed_waiting
java.lang.Thread.State: TIMED_WAITING
        at sun.misc.Unsafe.park(Native Method)
        at java.util.concurrent.locks.LockSupport.parkNanos(LockSupport.java:215)
        at java.util.concurrent.CompletableFuture$Signaller.block(CompletableFuture.java:1709)
        at java.util.concurrent.ForkJoinPool.managedBlock(ForkJoinPool.java:3323)
        at java.util.concurrent.CompletableFuture.timedGet(CompletableFuture.java:1788)
        at java.util.concurrent.CompletableFuture.get(CompletableFuture.java:1928)
        at org.apache.ratis.util.AwaitForSignal.await(AwaitForSignal.java:56)
        at org.apache.ratis.server.impl.StateMachineUpdater.waitForCommit(StateMachineUpdater.java:207)
        at org.apache.ratis.server.impl.StateMachineUpdater.run(StateMachineUpdater.java:176)
        at java.lang.Thread.run(Thread.java:750)
"pool-150-thread-1"  prio=5 tid=263 timed_waiting
java.lang.Thread.State: TIMED_WAITING
        at sun.misc.Unsafe.park(Native Method)
        at java.util.concurrent.locks.LockSupport.parkNanos(LockSupport.java:215)
        at java.util.concurrent.locks.AbstractQueuedSynchronizer$ConditionObject.awaitNanos(AbstractQueuedSynchronizer.java:2078)
        at java.util.concurrent.ScheduledThreadPoolExecutor$DelayedWorkQueue.take(ScheduledThreadPoolExecutor.java:1093)
        at java.util.concurrent.ScheduledThreadPoolExecutor$DelayedWorkQueue.take(ScheduledThreadPoolExecutor.java:809)
        at java.util.concurrent.ThreadPoolExecutor.getTask(ThreadPoolExecutor.java:1074)
        at java.util.concurrent.ThreadPoolExecutor.runWorker(ThreadPoolExecutor.java:1134)
        at java.util.concurrent.ThreadPoolExecutor$Worker.run(ThreadPoolExecutor.java:624)
        at java.lang.Thread.run(Thread.java:750)
"qtp783772812-145" daemon prio=5 tid=145 runnable
java.lang.Thread.State: RUNNABLE
        at sun.nio.ch.EPollArrayWrapper.epollWait(Native Method)
        at sun.nio.ch.EPollArrayWrapper.poll(EPollArrayWrapper.java:269)
        at sun.nio.ch.EPollSelectorImpl.doSelect(EPollSelectorImpl.java:93)
        at sun.nio.ch.SelectorImpl.lockAndDoSelect(SelectorImpl.java:86)
        at sun.nio.ch.SelectorImpl.select(SelectorImpl.java:97)
        at sun.nio.ch.SelectorImpl.select(SelectorImpl.java:101)
        at org.eclipse.jetty.io.ManagedSelector.nioSelect(ManagedSelector.java:183)
        at org.eclipse.jetty.io.ManagedSelector.select(ManagedSelector.java:190)
        at org.eclipse.jetty.io.ManagedSelector$SelectorProducer.select(ManagedSelector.java:606)
        at org.eclipse.jetty.io.ManagedSelector$SelectorProducer.produce(ManagedSelector.java:543)
        at org.eclipse.jetty.util.thread.strategy.EatWhatYouKill.produceTask(EatWhatYouKill.java:362)
        at org.eclipse.jetty.util.thread.strategy.EatWhatYouKill.doProduce(EatWhatYouKill.java:186)
        at org.eclipse.jetty.util.thread.strategy.EatWhatYouKill.tryProduce(EatWhatYouKill.java:173)
        at org.eclipse.jetty.util.thread.strategy.EatWhatYouKill.produce(EatWhatYouKill.java:137)
        at org.eclipse.jetty.io.ManagedSelector$$Lambda$446/827549167.run(Unknown Source)
        at org.eclipse.jetty.util.thread.QueuedThreadPool.runJob(QueuedThreadPool.java:883)
        at org.eclipse.jetty.util.thread.QueuedThreadPool$Runner.run(QueuedThreadPool.java:1034)
        at java.lang.Thread.run(Thread.java:750)
"ChunkWriter-3-0" daemon prio=5 tid=559 in Object.wait()
java.lang.Thread.State: WAITING (on object monitor)
        at sun.misc.Unsafe.park(Native Method)
        at java.util.concurrent.locks.LockSupport.park(LockSupport.java:175)
        at java.util.concurrent.locks.AbstractQueuedSynchronizer$ConditionObject.await(AbstractQueuedSynchronizer.java:2039)
        at java.util.concurrent.LinkedBlockingDeque.takeFirst(LinkedBlockingDeque.java:492)
        at java.util.concurrent.LinkedBlockingDeque.take(LinkedBlockingDeque.java:680)
        at java.util.concurrent.ThreadPoolExecutor.getTask(ThreadPoolExecutor.java:1074)
        at java.util.concurrent.ThreadPoolExecutor.runWorker(ThreadPoolExecutor.java:1134)
        at java.util.concurrent.ThreadPoolExecutor$Worker.run(ThreadPoolExecutor.java:624)
        at java.lang.Thread.run(Thread.java:750)
"Reference Handler" daemon prio=10 tid=2 in Object.wait()
java.lang.Thread.State: WAITING (on object monitor)
        at java.lang.Object.wait(Native Method)
        at java.lang.Object.wait(Object.java:502)
        at java.lang.ref.Reference.tryHandlePending(Reference.java:191)
        at java.lang.ref.Reference$ReferenceHandler.run(Reference.java:153)
"prometheus" daemon prio=5 tid=119 in Object.wait()
java.lang.Thread.State: WAITING (on object monitor)
        at java.lang.Object.wait(Native Method)
        at java.lang.Object.wait(Object.java:502)
        at org.apache.hadoop.metrics2.impl.SinkQueue.waitForData(SinkQueue.java:114)
        at org.apache.hadoop.metrics2.impl.SinkQueue.consumeAll(SinkQueue.java:83)
        at org.apache.hadoop.metrics2.impl.MetricsSinkAdapter.publishMetricsFromQueue(MetricsSinkAdapter.java:135)
        at org.apache.hadoop.metrics2.impl.MetricsSinkAdapter$1.run(MetricsSinkAdapter.java:89)
"Command processor thread" daemon prio=5 tid=370 timed_waiting
java.lang.Thread.State: TIMED_WAITING
        at java.lang.Thread.sleep(Native Method)
        at org.apache.hadoop.ozone.container.common.statemachine.DatanodeStateMachine.lambda$initCommandHandlerThread$3(DatanodeStateMachine.java:641)
        at org.apache.hadoop.ozone.container.common.statemachine.DatanodeStateMachine$$Lambda$753/716039171.run(Unknown Source)
        at java.lang.Thread.run(Thread.java:750)
"c047bafd-0fa0-4f2f-9a8c-56ef9c35524f@group-CEF2DDE05160->edbb8909-d467-4274-b253-e11b41a723b1-GrpcLogAppender-LogAppenderDaemon" daemon prio=5 tid=849 timed_waiting
java.lang.Thread.State: TIMED_WAITING
        at sun.misc.Unsafe.park(Native Method)
        at java.util.concurrent.locks.LockSupport.parkNanos(LockSupport.java:215)
        at java.util.concurrent.CompletableFuture$Signaller.block(CompletableFuture.java:1709)
        at java.util.concurrent.ForkJoinPool.managedBlock(ForkJoinPool.java:3323)
        at java.util.concurrent.CompletableFuture.timedGet(CompletableFuture.java:1788)
        at java.util.concurrent.CompletableFuture.get(CompletableFuture.java:1928)
        at org.apache.ratis.util.AwaitForSignal.await(AwaitForSignal.java:56)
        at org.apache.ratis.grpc.server.GrpcLogAppender.mayWait(GrpcLogAppender.java:198)
        at org.apache.ratis.grpc.server.GrpcLogAppender.run(GrpcLogAppender.java:148)
        at org.apache.ratis.server.leader.LogAppenderDaemon.run(LogAppenderDaemon.java:78)
        at org.apache.ratis.server.leader.LogAppenderDaemon$$Lambda$1040/1326312005.run(Unknown Source)
        at java.lang.Thread.run(Thread.java:750)
"timer6" daemon prio=5 tid=725 timed_waiting
java.lang.Thread.State: TIMED_WAITING
        at java.lang.Object.wait(Native Method)
        at java.util.TimerThread.mainLoop(Timer.java:552)
        at java.util.TimerThread.run(Timer.java:505)
"BlockDeletingService#2" daemon prio=5 tid=885 in Object.wait()
java.lang.Thread.State: WAITING (on object monitor)
        at sun.misc.Unsafe.park(Native Method)
        at java.util.concurrent.locks.LockSupport.park(LockSupport.java:175)
        at java.util.concurrent.locks.AbstractQueuedSynchronizer$ConditionObject.await(AbstractQueuedSynchronizer.java:2039)
        at java.util.concurrent.ScheduledThreadPoolExecutor$DelayedWorkQueue.take(ScheduledThreadPoolExecutor.java:1088)
        at java.util.concurrent.ScheduledThreadPoolExecutor$DelayedWorkQueue.take(ScheduledThreadPoolExecutor.java:809)
        at java.util.concurrent.ThreadPoolExecutor.getTask(ThreadPoolExecutor.java:1074)
        at java.util.concurrent.ThreadPoolExecutor.runWorker(ThreadPoolExecutor.java:1134)
        at java.util.concurrent.ThreadPoolExecutor$Worker.run(ThreadPoolExecutor.java:624)
        at java.lang.Thread.run(Thread.java:750)
"c047bafd-0fa0-4f2f-9a8c-56ef9c35524f@group-07E747FEAB49-SegmentedRaftLogWorker"  prio=5 tid=645 timed_waiting
java.lang.Thread.State: TIMED_WAITING
        at sun.misc.Unsafe.park(Native Method)
        at java.util.concurrent.locks.LockSupport.parkNanos(LockSupport.java:215)
        at java.util.concurrent.locks.AbstractQueuedSynchronizer$ConditionObject.awaitNanos(AbstractQueuedSynchronizer.java:2078)
        at org.apache.ratis.util.DataBlockingQueue.poll(DataBlockingQueue.java:148)
        at org.apache.ratis.server.raftlog.segmented.SegmentedRaftLogWorker.run(SegmentedRaftLogWorker.java:310)
        at org.apache.ratis.server.raftlog.segmented.SegmentedRaftLogWorker$$Lambda$665/306525361.run(Unknown Source)
        at java.lang.Thread.run(Thread.java:750)
"IPC Server handler 10 on default port 34199" daemon prio=5 tid=97 timed_waiting
java.lang.Thread.State: TIMED_WAITING
        at sun.misc.Unsafe.park(Native Method)
        at java.util.concurrent.locks.LockSupport.parkNanos(LockSupport.java:215)
        at java.util.concurrent.locks.AbstractQueuedSynchronizer$ConditionObject.awaitNanos(AbstractQueuedSynchronizer.java:2078)
        at java.util.concurrent.LinkedBlockingQueue.poll(LinkedBlockingQueue.java:467)
        at org.apache.hadoop.ipc.CallQueueManager.take(CallQueueManager.java:317)
        at org.apache.hadoop.ipc.Server$Handler.run(Server.java:2942)
"IPC Server handler 9 on default port 38821" daemon prio=5 tid=76 timed_waiting
java.lang.Thread.State: TIMED_WAITING
        at sun.misc.Unsafe.park(Native Method)
        at java.util.concurrent.locks.LockSupport.parkNanos(LockSupport.java:215)
        at java.util.concurrent.locks.AbstractQueuedSynchronizer$ConditionObject.awaitNanos(AbstractQueuedSynchronizer.java:2078)
        at java.util.concurrent.LinkedBlockingQueue.poll(LinkedBlockingQueue.java:467)
        at org.apache.hadoop.ipc.CallQueueManager.take(CallQueueManager.java:317)
        at org.apache.hadoop.ipc.Server$Handler.run(Server.java:2942)
"fca08327-10d6-4e50-9aa0-d18fc62323ab@group-DD4C95DED537-StateMachineUpdater" daemon prio=5 tid=599 timed_waiting
java.lang.Thread.State: TIMED_WAITING
        at sun.misc.Unsafe.park(Native Method)
        at java.util.concurrent.locks.LockSupport.parkNanos(LockSupport.java:215)
        at java.util.concurrent.CompletableFuture$Signaller.block(CompletableFuture.java:1709)
        at java.util.concurrent.ForkJoinPool.managedBlock(ForkJoinPool.java:3323)
        at java.util.concurrent.CompletableFuture.timedGet(CompletableFuture.java:1788)
        at java.util.concurrent.CompletableFuture.get(CompletableFuture.java:1928)
        at org.apache.ratis.util.AwaitForSignal.await(AwaitForSignal.java:56)
        at org.apache.ratis.server.impl.StateMachineUpdater.waitForCommit(StateMachineUpdater.java:207)
        at org.apache.ratis.server.impl.StateMachineUpdater.run(StateMachineUpdater.java:176)
        at java.lang.Thread.run(Thread.java:750)
"qtp154819692-184" daemon prio=5 tid=184 runnable
java.lang.Thread.State: RUNNABLE
        at sun.nio.ch.EPollArrayWrapper.epollWait(Native Method)
        at sun.nio.ch.EPollArrayWrapper.poll(EPollArrayWrapper.java:269)
        at sun.nio.ch.EPollSelectorImpl.doSelect(EPollSelectorImpl.java:93)
        at sun.nio.ch.SelectorImpl.lockAndDoSelect(SelectorImpl.java:86)
        at sun.nio.ch.SelectorImpl.select(SelectorImpl.java:97)
        at sun.nio.ch.SelectorImpl.select(SelectorImpl.java:101)
        at org.eclipse.jetty.io.ManagedSelector.nioSelect(ManagedSelector.java:183)
        at org.eclipse.jetty.io.ManagedSelector.select(ManagedSelector.java:190)
        at org.eclipse.jetty.io.ManagedSelector$SelectorProducer.select(ManagedSelector.java:606)
        at org.eclipse.jetty.io.ManagedSelector$SelectorProducer.produce(ManagedSelector.java:543)
        at org.eclipse.jetty.util.thread.strategy.EatWhatYouKill.produceTask(EatWhatYouKill.java:362)
        at org.eclipse.jetty.util.thread.strategy.EatWhatYouKill.doProduce(EatWhatYouKill.java:186)
        at org.eclipse.jetty.util.thread.strategy.EatWhatYouKill.tryProduce(EatWhatYouKill.java:173)
        at org.eclipse.jetty.util.thread.strategy.EatWhatYouKill.produce(EatWhatYouKill.java:137)
        at org.eclipse.jetty.io.ManagedSelector$$Lambda$446/827549167.run(Unknown Source)
        at org.eclipse.jetty.util.thread.QueuedThreadPool.runJob(QueuedThreadPool.java:883)
        at org.eclipse.jetty.util.thread.QueuedThreadPool$Runner.run(QueuedThreadPool.java:1034)
        at java.lang.Thread.run(Thread.java:750)
"IPC Server handler 5 on default port 33617" daemon prio=5 tid=52 timed_waiting
java.lang.Thread.State: TIMED_WAITING
        at sun.misc.Unsafe.park(Native Method)
        at java.util.concurrent.locks.LockSupport.parkNanos(LockSupport.java:215)
        at java.util.concurrent.locks.AbstractQueuedSynchronizer$ConditionObject.awaitNanos(AbstractQueuedSynchronizer.java:2078)
        at java.util.concurrent.LinkedBlockingQueue.poll(LinkedBlockingQueue.java:467)
        at org.apache.hadoop.ipc.CallQueueManager.take(CallQueueManager.java:317)
        at org.apache.hadoop.ipc.Server$Handler.run(Server.java:2942)
"qtp1122905237-382-acceptor-0@13a6c331-ServerConnector@20f76b7a{HTTP/1.1, (http/1.1)}{0.0.0.0:42697}" daemon prio=3 tid=382 runnable
java.lang.Thread.State: RUNNABLE
        at sun.nio.ch.ServerSocketChannelImpl.accept0(Native Method)
        at sun.nio.ch.ServerSocketChannelImpl.accept(ServerSocketChannelImpl.java:421)
        at sun.nio.ch.ServerSocketChannelImpl.accept(ServerSocketChannelImpl.java:249)
        at org.eclipse.jetty.server.ServerConnector.accept(ServerConnector.java:388)
        at org.eclipse.jetty.server.AbstractConnector$Acceptor.run(AbstractConnector.java:704)
        at org.eclipse.jetty.util.thread.QueuedThreadPool.runJob(QueuedThreadPool.java:883)
        at org.eclipse.jetty.util.thread.QueuedThreadPool$Runner.run(QueuedThreadPool.java:1034)
        at java.lang.Thread.run(Thread.java:750)
"StaleRecoveringContainerScrubbingService#2" daemon prio=5 tid=883 in Object.wait()
java.lang.Thread.State: WAITING (on object monitor)
        at sun.misc.Unsafe.park(Native Method)
        at java.util.concurrent.locks.LockSupport.park(LockSupport.java:175)
        at java.util.concurrent.locks.AbstractQueuedSynchronizer$ConditionObject.await(AbstractQueuedSynchronizer.java:2039)
        at java.util.concurrent.ScheduledThreadPoolExecutor$DelayedWorkQueue.take(ScheduledThreadPoolExecutor.java:1088)
        at java.util.concurrent.ScheduledThreadPoolExecutor$DelayedWorkQueue.take(ScheduledThreadPoolExecutor.java:809)
        at java.util.concurrent.ThreadPoolExecutor.getTask(ThreadPoolExecutor.java:1074)
        at java.util.concurrent.ThreadPoolExecutor.runWorker(ThreadPoolExecutor.java:1134)
        at java.util.concurrent.ThreadPoolExecutor$Worker.run(ThreadPoolExecutor.java:624)
        at java.lang.Thread.run(Thread.java:750)
"om1@group-C5BA1605619E-LeaderStateImpl" daemon prio=5 tid=220 timed_waiting
java.lang.Thread.State: TIMED_WAITING
        at sun.misc.Unsafe.park(Native Method)
        at java.util.concurrent.locks.LockSupport.parkNanos(LockSupport.java:215)
        at java.util.concurrent.locks.AbstractQueuedSynchronizer$ConditionObject.awaitNanos(AbstractQueuedSynchronizer.java:2078)
        at java.util.concurrent.ArrayBlockingQueue.poll(ArrayBlockingQueue.java:418)
        at org.apache.ratis.server.impl.LeaderStateImpl$EventQueue.poll(LeaderStateImpl.java:159)
        at org.apache.ratis.server.impl.LeaderStateImpl$EventProcessor.run(LeaderStateImpl.java:630)
"Datanode ReportManager Thread - 0" daemon prio=5 tid=300 in Object.wait()
java.lang.Thread.State: WAITING (on object monitor)
        at sun.misc.Unsafe.park(Native Method)
        at java.util.concurrent.locks.LockSupport.park(LockSupport.java:175)
        at java.util.concurrent.locks.AbstractQueuedSynchronizer$ConditionObject.await(AbstractQueuedSynchronizer.java:2039)
        at java.util.concurrent.ScheduledThreadPoolExecutor$DelayedWorkQueue.take(ScheduledThreadPoolExecutor.java:1088)
        at java.util.concurrent.ScheduledThreadPoolExecutor$DelayedWorkQueue.take(ScheduledThreadPoolExecutor.java:809)
        at java.util.concurrent.ThreadPoolExecutor.getTask(ThreadPoolExecutor.java:1074)
        at java.util.concurrent.ThreadPoolExecutor.runWorker(ThreadPoolExecutor.java:1134)
        at java.util.concurrent.ThreadPoolExecutor$Worker.run(ThreadPoolExecutor.java:624)
        at java.lang.Thread.run(Thread.java:750)
"om1@group-C5BA1605619E-StateMachineUpdater" daemon prio=5 tid=137 timed_waiting
java.lang.Thread.State: TIMED_WAITING
        at sun.misc.Unsafe.park(Native Method)
        at java.util.concurrent.locks.LockSupport.parkNanos(LockSupport.java:215)
        at java.util.concurrent.CompletableFuture$Signaller.block(CompletableFuture.java:1709)
        at java.util.concurrent.ForkJoinPool.managedBlock(ForkJoinPool.java:3323)
        at java.util.concurrent.CompletableFuture.timedGet(CompletableFuture.java:1788)
        at java.util.concurrent.CompletableFuture.get(CompletableFuture.java:1928)
        at org.apache.ratis.util.AwaitForSignal.await(AwaitForSignal.java:56)
        at org.apache.ratis.server.impl.StateMachineUpdater.waitForCommit(StateMachineUpdater.java:207)
        at org.apache.ratis.server.impl.StateMachineUpdater.run(StateMachineUpdater.java:176)
        at java.lang.Thread.run(Thread.java:750)
"FixedThreadPoolWithAffinityExecutor-5-0" daemon prio=5 tid=40 timed_waiting
java.lang.Thread.State: TIMED_WAITING
        at sun.misc.Unsafe.park(Native Method)
        at java.util.concurrent.locks.LockSupport.parkNanos(LockSupport.java:215)
        at java.util.concurrent.locks.AbstractQueuedSynchronizer$ConditionObject.awaitNanos(AbstractQueuedSynchronizer.java:2078)
        at java.util.concurrent.LinkedBlockingQueue.poll(LinkedBlockingQueue.java:467)
        at org.apache.hadoop.hdds.scm.server.ContainerReportQueue.poll(ContainerReportQueue.java:266)
        at org.apache.hadoop.hdds.scm.server.ContainerReportQueue.poll(ContainerReportQueue.java:42)
        at org.apache.hadoop.hdds.server.events.FixedThreadPoolWithAffinityExecutor$ContainerReportProcessTask.run(FixedThreadPoolWithAffinityExecutor.java:218)
        at java.util.concurrent.Executors$RunnableAdapter.call(Executors.java:511)
        at java.util.concurrent.FutureTask.run(FutureTask.java:266)
        at java.util.concurrent.ThreadPoolExecutor.runWorker(ThreadPoolExecutor.java:1149)
        at java.util.concurrent.ThreadPoolExecutor$Worker.run(ThreadPoolExecutor.java:624)
        at java.lang.Thread.run(Thread.java:750)
"qtp1691241233-295" daemon prio=5 tid=295 timed_waiting
java.lang.Thread.State: TIMED_WAITING
        at sun.misc.Unsafe.park(Native Method)
        at java.util.concurrent.locks.LockSupport.parkNanos(LockSupport.java:215)
        at java.util.concurrent.locks.AbstractQueuedSynchronizer$ConditionObject.awaitNanos(AbstractQueuedSynchronizer.java:2078)
        at org.eclipse.jetty.util.BlockingArrayQueue.poll(BlockingArrayQueue.java:382)
        at org.eclipse.jetty.util.thread.QueuedThreadPool$Runner.idleJobPoll(QueuedThreadPool.java:974)
        at org.eclipse.jetty.util.thread.QueuedThreadPool$Runner.run(QueuedThreadPool.java:1018)
        at java.lang.Thread.run(Thread.java:750)
"qtp2069383006-240" daemon prio=5 tid=240 timed_waiting
java.lang.Thread.State: TIMED_WAITING
        at sun.misc.Unsafe.park(Native Method)
        at java.util.concurrent.locks.LockSupport.parkNanos(LockSupport.java:215)
        at java.util.concurrent.locks.AbstractQueuedSynchronizer$ConditionObject.awaitNanos(AbstractQueuedSynchronizer.java:2078)
        at org.eclipse.jetty.util.BlockingArrayQueue.poll(BlockingArrayQueue.java:382)
        at org.eclipse.jetty.util.thread.QueuedThreadPool$Runner.idleJobPoll(QueuedThreadPool.java:974)
        at org.eclipse.jetty.util.thread.QueuedThreadPool$Runner.run(QueuedThreadPool.java:1018)
        at java.lang.Thread.run(Thread.java:750)
"grpc-default-worker-ELG-3-1" daemon prio=5 tid=575 runnable
java.lang.Thread.State: RUNNABLE
        at org.apache.ratis.thirdparty.io.netty.channel.epoll.Native.epollWait0(Native Method)
        at org.apache.ratis.thirdparty.io.netty.channel.epoll.Native.epollWait(Native.java:182)
        at org.apache.ratis.thirdparty.io.netty.channel.epoll.EpollEventLoop.epollWait(EpollEventLoop.java:290)
        at org.apache.ratis.thirdparty.io.netty.channel.epoll.EpollEventLoop.run(EpollEventLoop.java:354)
        at org.apache.ratis.thirdparty.io.netty.util.concurrent.SingleThreadEventExecutor$4.run(SingleThreadEventExecutor.java:995)
        at org.apache.ratis.thirdparty.io.netty.util.internal.ThreadExecutorMap$2.run(ThreadExecutorMap.java:74)
        at org.apache.ratis.thirdparty.io.netty.util.concurrent.FastThreadLocalRunnable.run(FastThreadLocalRunnable.java:30)
        at java.lang.Thread.run(Thread.java:750)
"IPC Server handler 2 on default port 38821" daemon prio=5 tid=69 timed_waiting
java.lang.Thread.State: TIMED_WAITING
        at sun.misc.Unsafe.park(Native Method)
        at java.util.concurrent.locks.LockSupport.parkNanos(LockSupport.java:215)
        at java.util.concurrent.locks.AbstractQueuedSynchronizer$ConditionObject.awaitNanos(AbstractQueuedSynchronizer.java:2078)
        at java.util.concurrent.LinkedBlockingQueue.poll(LinkedBlockingQueue.java:467)
        at org.apache.hadoop.ipc.CallQueueManager.take(CallQueueManager.java:317)
        at org.apache.hadoop.ipc.Server$Handler.run(Server.java:2942)
"org.apache.hadoop.ozone.container.common.statemachine.commandhandler.DeleteBlocksCommandHandler$DeleteCmdWorker@75661b03" daemon prio=5 tid=236 timed_waiting
java.lang.Thread.State: TIMED_WAITING
        at java.lang.Thread.sleep(Native Method)
        at org.apache.hadoop.ozone.container.common.statemachine.commandhandler.DeleteBlocksCommandHandler$DeleteCmdWorker.run(DeleteBlocksCommandHandler.java:183)
        at java.lang.Thread.run(Thread.java:750)
"c047bafd-0fa0-4f2f-9a8c-56ef9c35524f@group-CEF2DDE05160-SegmentedRaftLogWorker"  prio=5 tid=661 timed_waiting
java.lang.Thread.State: TIMED_WAITING
        at sun.misc.Unsafe.park(Native Method)
        at java.util.concurrent.locks.LockSupport.parkNanos(LockSupport.java:215)
        at java.util.concurrent.locks.AbstractQueuedSynchronizer$ConditionObject.awaitNanos(AbstractQueuedSynchronizer.java:2078)
        at org.apache.ratis.util.DataBlockingQueue.poll(DataBlockingQueue.java:148)
        at org.apache.ratis.server.raftlog.segmented.SegmentedRaftLogWorker.run(SegmentedRaftLogWorker.java:310)
        at org.apache.ratis.server.raftlog.segmented.SegmentedRaftLogWorker$$Lambda$665/306525361.run(Unknown Source)
        at java.lang.Thread.run(Thread.java:750)
"ChunkWriter-1-0" daemon prio=5 tid=431 in Object.wait()
java.lang.Thread.State: WAITING (on object monitor)
        at sun.misc.Unsafe.park(Native Method)
        at java.util.concurrent.locks.LockSupport.park(LockSupport.java:175)
        at java.util.concurrent.locks.AbstractQueuedSynchronizer$ConditionObject.await(AbstractQueuedSynchronizer.java:2039)
        at java.util.concurrent.LinkedBlockingDeque.takeFirst(LinkedBlockingDeque.java:492)
        at java.util.concurrent.LinkedBlockingDeque.take(LinkedBlockingDeque.java:680)
        at java.util.concurrent.ThreadPoolExecutor.getTask(ThreadPoolExecutor.java:1074)
        at java.util.concurrent.ThreadPoolExecutor.runWorker(ThreadPoolExecutor.java:1134)
        at java.util.concurrent.ThreadPoolExecutor$Worker.run(ThreadPoolExecutor.java:624)
        at java.lang.Thread.run(Thread.java:750)
"Datanode State Machine Task Thread - 0"  prio=5 tid=307 in Object.wait()
java.lang.Thread.State: WAITING (on object monitor)
        at sun.misc.Unsafe.park(Native Method)
        at java.util.concurrent.locks.LockSupport.park(LockSupport.java:175)
        at java.util.concurrent.locks.AbstractQueuedSynchronizer$ConditionObject.await(AbstractQueuedSynchronizer.java:2039)
        at java.util.concurrent.LinkedBlockingQueue.take(LinkedBlockingQueue.java:442)
        at java.util.concurrent.ThreadPoolExecutor.getTask(ThreadPoolExecutor.java:1074)
        at java.util.concurrent.ThreadPoolExecutor.runWorker(ThreadPoolExecutor.java:1134)
        at java.util.concurrent.ThreadPoolExecutor$Worker.run(ThreadPoolExecutor.java:624)
        at java.lang.Thread.run(Thread.java:750)
"Listener at 127.0.0.1/40235"  prio=5 tid=1 runnable
java.lang.Thread.State: RUNNABLE
        at java.lang.Thread.dumpThreads(Native Method)
        at java.lang.Thread.getAllStackTraces(Thread.java:1615)
        at org.apache.ozone.test.TimedOutTestsListener.buildThreadDump(TimedOutTestsListener.java:93)
        at org.apache.ozone.test.TimedOutTestsListener.buildThreadDiagnosticString(TimedOutTestsListener.java:79)
        at org.apache.ozone.test.GenericTestUtils.waitFor(GenericTestUtils.java:224)
        at org.apache.hadoop.ozone.container.TestECContainerRecovery.waitForContainerCount(TestECContainerRecovery.java:265)
        at org.apache.hadoop.ozone.container.TestECContainerRecovery.testContainerRecoveryOverReplicationProcessing(TestECContainerRecovery.java:209)
        at sun.reflect.NativeMethodAccessorImpl.invoke0(Native Method)
        at sun.reflect.NativeMethodAccessorImpl.invoke(NativeMethodAccessorImpl.java:62)
        at sun.reflect.DelegatingMethodAccessorImpl.invoke(DelegatingMethodAccessorImpl.java:43)
        at java.lang.reflect.Method.invoke(Method.java:498)
        at org.junit.platform.commons.util.ReflectionUtils.invokeMethod(ReflectionUtils.java:725)
        at org.junit.jupiter.engine.execution.MethodInvocation.proceed(MethodInvocation.java:60)
        at org.junit.jupiter.engine.execution.InvocationInterceptorChain$ValidatingInvocation.proceed(InvocationInterceptorChain.java:131)
        at org.junit.jupiter.engine.extension.TimeoutExtension.intercept(TimeoutExtension.java:149)
        at org.junit.jupiter.engine.extension.TimeoutExtension.interceptTestableMethod(TimeoutExtension.java:140)
        at org.junit.jupiter.engine.extension.TimeoutExtension.interceptTestMethod(TimeoutExtension.java:84)
        at org.junit.jupiter.engine.descriptor.TestMethodTestDescriptor$$Lambda$158/1014982340.apply(Unknown Source)
        at org.junit.jupiter.engine.execution.ExecutableInvoker$ReflectiveInterceptorCall.lambda$ofVoidMethod$0(ExecutableInvoker.java:115)
        at org.junit.jupiter.engine.execution.ExecutableInvoker$ReflectiveInterceptorCall$$Lambda$159/268084911.apply(Unknown Source)
        at org.junit.jupiter.engine.execution.ExecutableInvoker.lambda$invoke$0(ExecutableInvoker.java:105)
        at org.junit.jupiter.engine.execution.ExecutableInvoker$$Lambda$314/884603232.apply(Unknown Source)
        at org.junit.jupiter.engine.execution.InvocationInterceptorChain$InterceptedInvocation.proceed(InvocationInterceptorChain.java:106)
        at org.junit.jupiter.engine.execution.InvocationInterceptorChain.proceed(InvocationInterceptorChain.java:64)
        at org.junit.jupiter.engine.execution.InvocationInterceptorChain.chainAndInvoke(InvocationInterceptorChain.java:45)
        at org.junit.jupiter.engine.execution.InvocationInterceptorChain.invoke(InvocationInterceptorChain.java:37)
        at org.junit.jupiter.engine.execution.ExecutableInvoker.invoke(ExecutableInvoker.java:104)
        at org.junit.jupiter.engine.execution.ExecutableInvoker.invoke(ExecutableInvoker.java:98)
        at org.junit.jupiter.engine.descriptor.TestMethodTestDescriptor.lambda$invokeTestMethod$7(TestMethodTestDescriptor.java:214)
        at org.junit.jupiter.engine.descriptor.TestMethodTestDescriptor$$Lambda$1173/1028613775.execute(Unknown Source)
        at org.junit.platform.engine.support.hierarchical.ThrowableCollector.execute(ThrowableCollector.java:73)
        at org.junit.jupiter.engine.descriptor.TestMethodTestDescriptor.invokeTestMethod(TestMethodTestDescriptor.java:210)
        at org.junit.jupiter.engine.descriptor.TestMethodTestDescriptor.execute(TestMethodTestDescriptor.java:135)
        at org.junit.jupiter.engine.descriptor.TestMethodTestDescriptor.execute(TestMethodTestDescriptor.java:66)
        at org.junit.platform.engine.support.hierarchical.NodeTestTask.lambda$executeRecursively$6(NodeTestTask.java:151)
        at org.junit.platform.engine.support.hierarchical.NodeTestTask$$Lambda$258/2129442232.execute(Unknown Source)
        at org.junit.platform.engine.support.hierarchical.ThrowableCollector.execute(ThrowableCollector.java:73)
        at org.junit.platform.engine.support.hierarchical.NodeTestTask.lambda$executeRecursively$8(NodeTestTask.java:141)
        at org.junit.platform.engine.support.hierarchical.NodeTestTask$$Lambda$257/352367347.invoke(Unknown Source)
        at org.junit.platform.engine.support.hierarchical.Node.around(Node.java:137)
        at org.junit.platform.engine.support.hierarchical.NodeTestTask.lambda$executeRecursively$9(NodeTestTask.java:139)
        at org.junit.platform.engine.support.hierarchical.NodeTestTask$$Lambda$256/1204481453.execute(Unknown Source)
        at org.junit.platform.engine.support.hierarchical.ThrowableCollector.execute(ThrowableCollector.java:73)
        at org.junit.platform.engine.support.hierarchical.NodeTestTask.executeRecursively(NodeTestTask.java:138)
        at org.junit.platform.engine.support.hierarchical.NodeTestTask.execute(NodeTestTask.java:95)
        at org.junit.platform.engine.support.hierarchical.SameThreadHierarchicalTestExecutorService$$Lambda$262/1902671237.accept(Unknown Source)
        at java.util.ArrayList.forEach(ArrayList.java:1259)
        at org.junit.platform.engine.support.hierarchical.SameThreadHierarchicalTestExecutorService.invokeAll(SameThreadHierarchicalTestExecutorService.java:41)
        at org.junit.platform.engine.support.hierarchical.NodeTestTask.lambda$executeRecursively$6(NodeTestTask.java:155)
        at org.junit.platform.engine.support.hierarchical.NodeTestTask$$Lambda$258/2129442232.execute(Unknown Source)
        at org.junit.platform.engine.support.hierarchical.ThrowableCollector.execute(ThrowableCollector.java:73)
        at org.junit.platform.engine.support.hierarchical.NodeTestTask.lambda$executeRecursively$8(NodeTestTask.java:141)
        at org.junit.platform.engine.support.hierarchical.NodeTestTask$$Lambda$257/352367347.invoke(Unknown Source)
        at org.junit.platform.engine.support.hierarchical.Node.around(Node.java:137)
        at org.junit.platform.engine.support.hierarchical.NodeTestTask.lambda$executeRecursively$9(NodeTestTask.java:139)
        at org.junit.platform.engine.support.hierarchical.NodeTestTask$$Lambda$256/1204481453.execute(Unknown Source)
        at org.junit.platform.engine.support.hierarchical.ThrowableCollector.execute(ThrowableCollector.java:73)
        at org.junit.platform.engine.support.hierarchical.NodeTestTask.executeRecursively(NodeTestTask.java:138)
        at org.junit.platform.engine.support.hierarchical.NodeTestTask.execute(NodeTestTask.java:95)
        at org.junit.platform.engine.support.hierarchical.SameThreadHierarchicalTestExecutorService$$Lambda$262/1902671237.accept(Unknown Source)
        at java.util.ArrayList.forEach(ArrayList.java:1259)
        at org.junit.platform.engine.support.hierarchical.SameThreadHierarchicalTestExecutorService.invokeAll(SameThreadHierarchicalTestExecutorService.java:41)
        at org.junit.platform.engine.support.hierarchical.NodeTestTask.lambda$executeRecursively$6(NodeTestTask.java:155)
        at org.junit.platform.engine.support.hierarchical.NodeTestTask$$Lambda$258/2129442232.execute(Unknown Source)
        at org.junit.platform.engine.support.hierarchical.ThrowableCollector.execute(ThrowableCollector.java:73)
        at org.junit.platform.engine.support.hierarchical.NodeTestTask.lambda$executeRecursively$8(NodeTestTask.java:141)
        at org.junit.platform.engine.support.hierarchical.NodeTestTask$$Lambda$257/352367347.invoke(Unknown Source)
        at org.junit.platform.engine.support.hierarchical.Node.around(Node.java:137)
        at org.junit.platform.engine.support.hierarchical.NodeTestTask.lambda$executeRecursively$9(NodeTestTask.java:139)
        at org.junit.platform.engine.support.hierarchical.NodeTestTask$$Lambda$256/1204481453.execute(Unknown Source)
        at org.junit.platform.engine.support.hierarchical.ThrowableCollector.execute(ThrowableCollector.java:73)
        at org.junit.platform.engine.support.hierarchical.NodeTestTask.executeRecursively(NodeTestTask.java:138)
        at org.junit.platform.engine.support.hierarchical.NodeTestTask.execute(NodeTestTask.java:95)
        at org.junit.platform.engine.support.hierarchical.SameThreadHierarchicalTestExecutorService.submit(SameThreadHierarchicalTestExecutorService.java:35)
        at org.junit.platform.engine.support.hierarchical.HierarchicalTestExecutor.execute(HierarchicalTestExecutor.java:57)
        at org.junit.platform.engine.support.hierarchical.HierarchicalTestEngine.execute(HierarchicalTestEngine.java:54)
        at org.junit.platform.launcher.core.EngineExecutionOrchestrator.execute(EngineExecutionOrchestrator.java:107)
        at org.junit.platform.launcher.core.EngineExecutionOrchestrator.execute(EngineExecutionOrchestrator.java:88)
        at org.junit.platform.launcher.core.EngineExecutionOrchestrator.lambda$execute$0(EngineExecutionOrchestrator.java:54)
        at org.junit.platform.launcher.core.EngineExecutionOrchestrator$$Lambda$214/1758008124.accept(Unknown Source)
        at org.junit.platform.launcher.core.EngineExecutionOrchestrator.withInterceptedStreams(EngineExecutionOrchestrator.java:67)
        at org.junit.platform.launcher.core.EngineExecutionOrchestrator.execute(EngineExecutionOrchestrator.java:52)
        at org.junit.platform.launcher.core.DefaultLauncher.execute(DefaultLauncher.java:114)
        at org.junit.platform.launcher.core.DefaultLauncher.execute(DefaultLauncher.java:86)
        at org.junit.platform.launcher.core.DefaultLauncherSession$DelegatingLauncher.execute(DefaultLauncherSession.java:86)
        at org.junit.platform.launcher.core.SessionPerRequestLauncher.execute(SessionPerRequestLauncher.java:53)
        at org.apache.maven.surefire.junitplatform.JUnitPlatformProvider.execute(JUnitPlatformProvider.java:188)
        at org.apache.maven.surefire.junitplatform.JUnitPlatformProvider.invokeAllTests(JUnitPlatformProvider.java:154)
        at org.apache.maven.surefire.junitplatform.JUnitPlatformProvider.invoke(JUnitPlatformProvider.java:124)
        at org.apache.maven.surefire.booter.ForkedBooter.runSuitesInProcess(ForkedBooter.java:428)
        at org.apache.maven.surefire.booter.ForkedBooter.execute(ForkedBooter.java:162)
        at org.apache.maven.surefire.booter.ForkedBooter.run(ForkedBooter.java:562)
        at org.apache.maven.surefire.booter.ForkedBooter.main(ForkedBooter.java:548)
"ChunkWriter-0-0" daemon prio=5 tid=468 in Object.wait()
java.lang.Thread.State: WAITING (on object monitor)
        at sun.misc.Unsafe.park(Native Method)
        at java.util.concurrent.locks.LockSupport.park(LockSupport.java:175)
        at java.util.concurrent.locks.AbstractQueuedSynchronizer$ConditionObject.await(AbstractQueuedSynchronizer.java:2039)
        at java.util.concurrent.LinkedBlockingDeque.takeFirst(LinkedBlockingDeque.java:492)
        at java.util.concurrent.LinkedBlockingDeque.take(LinkedBlockingDeque.java:680)
        at java.util.concurrent.ThreadPoolExecutor.getTask(ThreadPoolExecutor.java:1074)
        at java.util.concurrent.ThreadPoolExecutor.runWorker(ThreadPoolExecutor.java:1134)
        at java.util.concurrent.ThreadPoolExecutor$Worker.run(ThreadPoolExecutor.java:624)
        at java.lang.Thread.run(Thread.java:750)
"Timer for 'StorageContainerManager' metrics system" daemon prio=5 tid=45 timed_waiting
java.lang.Thread.State: TIMED_WAITING
        at java.lang.Object.wait(Native Method)
        at java.util.TimerThread.mainLoop(Timer.java:552)
        at java.util.TimerThread.run(Timer.java:505)
"IPC Server handler 2 on default port 33617" daemon prio=5 tid=49 timed_waiting
java.lang.Thread.State: TIMED_WAITING
        at sun.misc.Unsafe.park(Native Method)
        at java.util.concurrent.locks.LockSupport.parkNanos(LockSupport.java:215)
        at java.util.concurrent.locks.AbstractQueuedSynchronizer$ConditionObject.awaitNanos(AbstractQueuedSynchronizer.java:2078)
        at java.util.concurrent.LinkedBlockingQueue.poll(LinkedBlockingQueue.java:467)
        at org.apache.hadoop.ipc.CallQueueManager.take(CallQueueManager.java:317)
        at org.apache.hadoop.ipc.Server$Handler.run(Server.java:2942)
"IPC Server idle connection scanner for port 40235" daemon prio=5 tid=132 timed_waiting
java.lang.Thread.State: TIMED_WAITING
        at java.lang.Object.wait(Native Method)
        at java.util.TimerThread.mainLoop(Timer.java:552)
        at java.util.TimerThread.run(Timer.java:505)
"org.apache.hadoop.util.JvmPauseMonitor$Monitor@526b0979" daemon prio=5 tid=228 timed_waiting
java.lang.Thread.State: TIMED_WAITING
        at java.lang.Thread.sleep(Native Method)
        at org.apache.hadoop.util.JvmPauseMonitor$Monitor.run(JvmPauseMonitor.java:192)
        at java.lang.Thread.run(Thread.java:750)
"Datanode ReportManager Thread - 4" daemon prio=5 tid=369 timed_waiting
java.lang.Thread.State: TIMED_WAITING
        at sun.misc.Unsafe.park(Native Method)
        at java.util.concurrent.locks.LockSupport.parkNanos(LockSupport.java:215)
        at java.util.concurrent.locks.AbstractQueuedSynchronizer$ConditionObject.awaitNanos(AbstractQueuedSynchronizer.java:2078)
        at java.util.concurrent.ScheduledThreadPoolExecutor$DelayedWorkQueue.take(ScheduledThreadPoolExecutor.java:1093)
        at java.util.concurrent.ScheduledThreadPoolExecutor$DelayedWorkQueue.take(ScheduledThreadPoolExecutor.java:809)
        at java.util.concurrent.ThreadPoolExecutor.getTask(ThreadPoolExecutor.java:1074)
        at java.util.concurrent.ThreadPoolExecutor.runWorker(ThreadPoolExecutor.java:1134)
        at java.util.concurrent.ThreadPoolExecutor$Worker.run(ThreadPoolExecutor.java:624)
        at java.lang.Thread.run(Thread.java:750)
"ChunkWriter-0-0" daemon prio=5 tid=354 in Object.wait()
java.lang.Thread.State: WAITING (on object monitor)
        at sun.misc.Unsafe.park(Native Method)
        at java.util.concurrent.locks.LockSupport.park(LockSupport.java:175)
        at java.util.concurrent.locks.AbstractQueuedSynchronizer$ConditionObject.await(AbstractQueuedSynchronizer.java:2039)
        at java.util.concurrent.LinkedBlockingDeque.takeFirst(LinkedBlockingDeque.java:492)
        at java.util.concurrent.LinkedBlockingDeque.take(LinkedBlockingDeque.java:680)
        at java.util.concurrent.ThreadPoolExecutor.getTask(ThreadPoolExecutor.java:1074)
        at java.util.concurrent.ThreadPoolExecutor.runWorker(ThreadPoolExecutor.java:1134)
        at java.util.concurrent.ThreadPoolExecutor$Worker.run(ThreadPoolExecutor.java:624)
        at java.lang.Thread.run(Thread.java:750)
"5ddfe129-1b79-40ed-b807-03daa2e9053a@group-E0D2A552C254-LeaderStateImpl" daemon prio=5 tid=748 timed_waiting
java.lang.Thread.State: TIMED_WAITING
        at sun.misc.Unsafe.park(Native Method)
        at java.util.concurrent.locks.LockSupport.parkNanos(LockSupport.java:215)
        at java.util.concurrent.locks.AbstractQueuedSynchronizer$ConditionObject.awaitNanos(AbstractQueuedSynchronizer.java:2078)
        at java.util.concurrent.ArrayBlockingQueue.poll(ArrayBlockingQueue.java:418)
        at org.apache.ratis.server.impl.LeaderStateImpl$EventQueue.poll(LeaderStateImpl.java:159)
        at org.apache.ratis.server.impl.LeaderStateImpl$EventProcessor.run(LeaderStateImpl.java:630)
"b788acd7-0bfa-48fd-ae0f-b822d5826f57@group-A7750C3F147E-StateMachineUpdater" daemon prio=5 tid=581 timed_waiting
java.lang.Thread.State: TIMED_WAITING
        at sun.misc.Unsafe.park(Native Method)
        at java.util.concurrent.locks.LockSupport.parkNanos(LockSupport.java:215)
        at java.util.concurrent.CompletableFuture$Signaller.block(CompletableFuture.java:1709)
        at java.util.concurrent.ForkJoinPool.managedBlock(ForkJoinPool.java:3323)
        at java.util.concurrent.CompletableFuture.timedGet(CompletableFuture.java:1788)
        at java.util.concurrent.CompletableFuture.get(CompletableFuture.java:1928)
        at org.apache.ratis.util.AwaitForSignal.await(AwaitForSignal.java:56)
        at org.apache.ratis.server.impl.StateMachineUpdater.waitForCommit(StateMachineUpdater.java:207)
        at org.apache.ratis.server.impl.StateMachineUpdater.run(StateMachineUpdater.java:176)
        at java.lang.Thread.run(Thread.java:750)
"qtp1122905237-388" daemon prio=5 tid=388 timed_waiting
java.lang.Thread.State: TIMED_WAITING
        at sun.misc.Unsafe.park(Native Method)
        at java.util.concurrent.locks.LockSupport.parkNanos(LockSupport.java:215)
        at java.util.concurrent.locks.AbstractQueuedSynchronizer$ConditionObject.awaitNanos(AbstractQueuedSynchronizer.java:2078)
        at org.eclipse.jetty.util.BlockingArrayQueue.poll(BlockingArrayQueue.java:382)
        at org.eclipse.jetty.util.thread.QueuedThreadPool$Runner.idleJobPoll(QueuedThreadPool.java:974)
        at org.eclipse.jetty.util.thread.QueuedThreadPool$Runner.run(QueuedThreadPool.java:1018)
        at java.lang.Thread.run(Thread.java:750)
"b788acd7-0bfa-48fd-ae0f-b822d5826f57-server-thread1" daemon prio=5 tid=707 timed_waiting
java.lang.Thread.State: TIMED_WAITING
        at sun.misc.Unsafe.park(Native Method)
        at java.util.concurrent.locks.LockSupport.parkNanos(LockSupport.java:215)
        at java.util.concurrent.SynchronousQueue$TransferStack.awaitFulfill(SynchronousQueue.java:460)
        at java.util.concurrent.SynchronousQueue$TransferStack.transfer(SynchronousQueue.java:362)
        at java.util.concurrent.SynchronousQueue.poll(SynchronousQueue.java:941)
        at java.util.concurrent.ThreadPoolExecutor.getTask(ThreadPoolExecutor.java:1073)
        at java.util.concurrent.ThreadPoolExecutor.runWorker(ThreadPoolExecutor.java:1134)
        at java.util.concurrent.ThreadPoolExecutor$Worker.run(ThreadPoolExecutor.java:624)
        at java.lang.Thread.run(Thread.java:750)
"Datanode ReportManager Thread - 3" daemon prio=5 tid=444 timed_waiting
java.lang.Thread.State: TIMED_WAITING
        at sun.misc.Unsafe.park(Native Method)
        at java.util.concurrent.locks.LockSupport.parkNanos(LockSupport.java:215)
        at java.util.concurrent.locks.AbstractQueuedSynchronizer$ConditionObject.awaitNanos(AbstractQueuedSynchronizer.java:2078)
        at java.util.concurrent.ScheduledThreadPoolExecutor$DelayedWorkQueue.take(ScheduledThreadPoolExecutor.java:1093)
        at java.util.concurrent.ScheduledThreadPoolExecutor$DelayedWorkQueue.take(ScheduledThreadPoolExecutor.java:809)
        at java.util.concurrent.ThreadPoolExecutor.getTask(ThreadPoolExecutor.java:1074)
        at java.util.concurrent.ThreadPoolExecutor.runWorker(ThreadPoolExecutor.java:1134)
        at java.util.concurrent.ThreadPoolExecutor$Worker.run(ThreadPoolExecutor.java:624)
        at java.lang.Thread.run(Thread.java:750)
"Session-HouseKeeper-2a15bbf3-1"  prio=5 tid=118 timed_waiting
java.lang.Thread.State: TIMED_WAITING
        at sun.misc.Unsafe.park(Native Method)
        at java.util.concurrent.locks.LockSupport.parkNanos(LockSupport.java:215)
        at java.util.concurrent.locks.AbstractQueuedSynchronizer$ConditionObject.awaitNanos(AbstractQueuedSynchronizer.java:2078)
        at java.util.concurrent.ScheduledThreadPoolExecutor$DelayedWorkQueue.take(ScheduledThreadPoolExecutor.java:1093)
        at java.util.concurrent.ScheduledThreadPoolExecutor$DelayedWorkQueue.take(ScheduledThreadPoolExecutor.java:809)
        at java.util.concurrent.ThreadPoolExecutor.getTask(ThreadPoolExecutor.java:1074)
        at java.util.concurrent.ThreadPoolExecutor.runWorker(ThreadPoolExecutor.java:1134)
        at java.util.concurrent.ThreadPoolExecutor$Worker.run(ThreadPoolExecutor.java:624)
        at java.lang.Thread.run(Thread.java:750)
"aafd62d6-5d37-4c95-9ffb-fecfd05fefa6@group-7510FC58D10D-StateMachineUpdater" daemon prio=5 tid=574 timed_waiting
java.lang.Thread.State: TIMED_WAITING
        at sun.misc.Unsafe.park(Native Method)
        at java.util.concurrent.locks.LockSupport.parkNanos(LockSupport.java:215)
        at java.util.concurrent.CompletableFuture$Signaller.block(CompletableFuture.java:1709)
        at java.util.concurrent.ForkJoinPool.managedBlock(ForkJoinPool.java:3323)
        at java.util.concurrent.CompletableFuture.timedGet(CompletableFuture.java:1788)
        at java.util.concurrent.CompletableFuture.get(CompletableFuture.java:1928)
        at org.apache.ratis.util.AwaitForSignal.await(AwaitForSignal.java:56)
        at org.apache.ratis.server.impl.StateMachineUpdater.waitForCommit(StateMachineUpdater.java:207)
        at org.apache.ratis.server.impl.StateMachineUpdater.run(StateMachineUpdater.java:176)
        at java.lang.Thread.run(Thread.java:750)
"IPC Server handler 7 on default port 38821" daemon prio=5 tid=74 timed_waiting
java.lang.Thread.State: TIMED_WAITING
        at sun.misc.Unsafe.park(Native Method)
        at java.util.concurrent.locks.LockSupport.parkNanos(LockSupport.java:215)
        at java.util.concurrent.locks.AbstractQueuedSynchronizer$ConditionObject.awaitNanos(AbstractQueuedSynchronizer.java:2078)
        at java.util.concurrent.LinkedBlockingQueue.poll(LinkedBlockingQueue.java:467)
        at org.apache.hadoop.ipc.CallQueueManager.take(CallQueueManager.java:317)
        at org.apache.hadoop.ipc.Server$Handler.run(Server.java:2942)
"IPC Server listener on 0" daemon prio=5 tid=31 runnable
java.lang.Thread.State: RUNNABLE
        at sun.nio.ch.EPollArrayWrapper.epollWait(Native Method)
        at sun.nio.ch.EPollArrayWrapper.poll(EPollArrayWrapper.java:269)
        at sun.nio.ch.EPollSelectorImpl.doSelect(EPollSelectorImpl.java:93)
        at sun.nio.ch.SelectorImpl.lockAndDoSelect(SelectorImpl.java:86)
        at sun.nio.ch.SelectorImpl.select(SelectorImpl.java:97)
        at sun.nio.ch.SelectorImpl.select(SelectorImpl.java:101)
        at org.apache.hadoop.ipc.Server$Listener.run(Server.java:1358)
"Command processor thread" daemon prio=5 tid=227 timed_waiting
java.lang.Thread.State: TIMED_WAITING
        at java.lang.Thread.sleep(Native Method)
        at org.apache.hadoop.ozone.container.common.statemachine.DatanodeStateMachine.lambda$initCommandHandlerThread$3(DatanodeStateMachine.java:641)
        at org.apache.hadoop.ozone.container.common.statemachine.DatanodeStateMachine$$Lambda$753/716039171.run(Unknown Source)
        at java.lang.Thread.run(Thread.java:750)
"qtp602120831-116" daemon prio=5 tid=116 timed_waiting
java.lang.Thread.State: TIMED_WAITING
        at sun.misc.Unsafe.park(Native Method)
        at java.util.concurrent.locks.LockSupport.parkNanos(LockSupport.java:215)
        at java.util.concurrent.locks.AbstractQueuedSynchronizer$ConditionObject.awaitNanos(AbstractQueuedSynchronizer.java:2078)
        at org.eclipse.jetty.util.BlockingArrayQueue.poll(BlockingArrayQueue.java:382)
        at org.eclipse.jetty.util.thread.QueuedThreadPool$Runner.idleJobPoll(QueuedThreadPool.java:974)
        at org.eclipse.jetty.util.thread.QueuedThreadPool$Runner.run(QueuedThreadPool.java:1018)
        at java.lang.Thread.run(Thread.java:750)
"qtp602120831-115" daemon prio=5 tid=115 timed_waiting
java.lang.Thread.State: TIMED_WAITING
        at sun.misc.Unsafe.park(Native Method)
        at java.util.concurrent.locks.LockSupport.parkNanos(LockSupport.java:215)
        at java.util.concurrent.locks.AbstractQueuedSynchronizer$ConditionObject.awaitNanos(AbstractQueuedSynchronizer.java:2078)
        at org.eclipse.jetty.util.BlockingArrayQueue.poll(BlockingArrayQueue.java:382)
        at org.eclipse.jetty.util.thread.QueuedThreadPool$Runner.idleJobPoll(QueuedThreadPool.java:974)
        at org.eclipse.jetty.util.thread.QueuedThreadPool$Runner.run(QueuedThreadPool.java:1018)
        at java.lang.Thread.run(Thread.java:750)
"Datanode ReportManager Thread - 1" daemon prio=5 tid=404 in Object.wait()
java.lang.Thread.State: WAITING (on object monitor)
        at sun.misc.Unsafe.park(Native Method)
        at java.util.concurrent.locks.LockSupport.park(LockSupport.java:175)
        at java.util.concurrent.locks.AbstractQueuedSynchronizer$ConditionObject.await(AbstractQueuedSynchronizer.java:2039)
        at java.util.concurrent.ScheduledThreadPoolExecutor$DelayedWorkQueue.take(ScheduledThreadPoolExecutor.java:1088)
        at java.util.concurrent.ScheduledThreadPoolExecutor$DelayedWorkQueue.take(ScheduledThreadPoolExecutor.java:809)
        at java.util.concurrent.ThreadPoolExecutor.getTask(ThreadPoolExecutor.java:1074)
        at java.util.concurrent.ThreadPoolExecutor.runWorker(ThreadPoolExecutor.java:1134)
        at java.util.concurrent.ThreadPoolExecutor$Worker.run(ThreadPoolExecutor.java:624)
        at java.lang.Thread.run(Thread.java:750)
"IPC Server idle connection scanner for port 38821" daemon prio=5 tid=29 timed_waiting
java.lang.Thread.State: TIMED_WAITING
        at java.lang.Object.wait(Native Method)
        at java.util.TimerThread.mainLoop(Timer.java:552)
        at java.util.TimerThread.run(Timer.java:505)
"Datanode ReportManager Thread - 0" daemon prio=5 tid=365 in Object.wait()
java.lang.Thread.State: WAITING (on object monitor)
        at sun.misc.Unsafe.park(Native Method)
        at java.util.concurrent.locks.LockSupport.park(LockSupport.java:175)
        at java.util.concurrent.locks.AbstractQueuedSynchronizer$ConditionObject.await(AbstractQueuedSynchronizer.java:2039)
        at java.util.concurrent.ScheduledThreadPoolExecutor$DelayedWorkQueue.take(ScheduledThreadPoolExecutor.java:1088)
        at java.util.concurrent.ScheduledThreadPoolExecutor$DelayedWorkQueue.take(ScheduledThreadPoolExecutor.java:809)
        at java.util.concurrent.ThreadPoolExecutor.getTask(ThreadPoolExecutor.java:1074)
        at java.util.concurrent.ThreadPoolExecutor.runWorker(ThreadPoolExecutor.java:1134)
        at java.util.concurrent.ThreadPoolExecutor$Worker.run(ThreadPoolExecutor.java:624)
        at java.lang.Thread.run(Thread.java:750)
"BlockDeletingService#1" daemon prio=5 tid=362 timed_waiting
java.lang.Thread.State: TIMED_WAITING
        at sun.misc.Unsafe.park(Native Method)
        at java.util.concurrent.locks.LockSupport.parkNanos(LockSupport.java:215)
        at java.util.concurrent.locks.AbstractQueuedSynchronizer$ConditionObject.awaitNanos(AbstractQueuedSynchronizer.java:2078)
        at java.util.concurrent.ScheduledThreadPoolExecutor$DelayedWorkQueue.take(ScheduledThreadPoolExecutor.java:1093)
        at java.util.concurrent.ScheduledThreadPoolExecutor$DelayedWorkQueue.take(ScheduledThreadPoolExecutor.java:809)
        at java.util.concurrent.ThreadPoolExecutor.getTask(ThreadPoolExecutor.java:1074)
        at java.util.concurrent.ThreadPoolExecutor.runWorker(ThreadPoolExecutor.java:1134)
        at java.util.concurrent.ThreadPoolExecutor$Worker.run(ThreadPoolExecutor.java:624)
        at java.lang.Thread.run(Thread.java:750)
"IPC Server handler 8 on default port 34199" daemon prio=5 tid=95 timed_waiting
java.lang.Thread.State: TIMED_WAITING
        at sun.misc.Unsafe.park(Native Method)
        at java.util.concurrent.locks.LockSupport.parkNanos(LockSupport.java:215)
        at java.util.concurrent.locks.AbstractQueuedSynchronizer$ConditionObject.awaitNanos(AbstractQueuedSynchronizer.java:2078)
        at java.util.concurrent.LinkedBlockingQueue.poll(LinkedBlockingQueue.java:467)
        at org.apache.hadoop.ipc.CallQueueManager.take(CallQueueManager.java:317)
        at org.apache.hadoop.ipc.Server$Handler.run(Server.java:2942)
"ChunkReader-3" daemon prio=5 tid=796 in Object.wait()
java.lang.Thread.State: WAITING (on object monitor)
        at sun.misc.Unsafe.park(Native Method)
        at java.util.concurrent.locks.LockSupport.park(LockSupport.java:175)
        at java.util.concurrent.locks.AbstractQueuedSynchronizer$ConditionObject.await(AbstractQueuedSynchronizer.java:2039)
        at java.util.concurrent.LinkedBlockingQueue.take(LinkedBlockingQueue.java:442)
        at java.util.concurrent.ThreadPoolExecutor.getTask(ThreadPoolExecutor.java:1074)
        at java.util.concurrent.ThreadPoolExecutor.runWorker(ThreadPoolExecutor.java:1134)
        at java.util.concurrent.ThreadPoolExecutor$Worker.run(ThreadPoolExecutor.java:624)
        at java.lang.Thread.run(Thread.java:750)
"3459717f-89f3-488b-978e-7216d8acef6a@group-F8DC2D173F7A-LeaderStateImpl" daemon prio=5 tid=715 timed_waiting
java.lang.Thread.State: TIMED_WAITING
        at sun.misc.Unsafe.park(Native Method)
        at java.util.concurrent.locks.LockSupport.parkNanos(LockSupport.java:215)
        at java.util.concurrent.locks.AbstractQueuedSynchronizer$ConditionObject.awaitNanos(AbstractQueuedSynchronizer.java:2078)
        at java.util.concurrent.ArrayBlockingQueue.poll(ArrayBlockingQueue.java:418)
        at org.apache.ratis.server.impl.LeaderStateImpl$EventQueue.poll(LeaderStateImpl.java:159)
        at org.apache.ratis.server.impl.LeaderStateImpl$EventProcessor.run(LeaderStateImpl.java:630)
"Datanode ReportManager Thread - 0" daemon prio=5 tid=479 timed_waiting
java.lang.Thread.State: TIMED_WAITING
        at sun.misc.Unsafe.park(Native Method)
        at java.util.concurrent.locks.LockSupport.parkNanos(LockSupport.java:215)
        at java.util.concurrent.locks.AbstractQueuedSynchronizer$ConditionObject.awaitNanos(AbstractQueuedSynchronizer.java:2078)
        at java.util.concurrent.ScheduledThreadPoolExecutor$DelayedWorkQueue.take(ScheduledThreadPoolExecutor.java:1093)
        at java.util.concurrent.ScheduledThreadPoolExecutor$DelayedWorkQueue.take(ScheduledThreadPoolExecutor.java:809)
        at java.util.concurrent.ThreadPoolExecutor.getTask(ThreadPoolExecutor.java:1074)
        at java.util.concurrent.ThreadPoolExecutor.runWorker(ThreadPoolExecutor.java:1134)
        at java.util.concurrent.ThreadPoolExecutor$Worker.run(ThreadPoolExecutor.java:624)
        at java.lang.Thread.run(Thread.java:750)
"ChunkWriter-1-0" daemon prio=5 tid=545 in Object.wait()
java.lang.Thread.State: WAITING (on object monitor)
        at sun.misc.Unsafe.park(Native Method)
        at java.util.concurrent.locks.LockSupport.park(LockSupport.java:175)
        at java.util.concurrent.locks.AbstractQueuedSynchronizer$ConditionObject.await(AbstractQueuedSynchronizer.java:2039)
        at java.util.concurrent.LinkedBlockingDeque.takeFirst(LinkedBlockingDeque.java:492)
        at java.util.concurrent.LinkedBlockingDeque.take(LinkedBlockingDeque.java:680)
        at java.util.concurrent.ThreadPoolExecutor.getTask(ThreadPoolExecutor.java:1074)
        at java.util.concurrent.ThreadPoolExecutor.runWorker(ThreadPoolExecutor.java:1134)
        at java.util.concurrent.ThreadPoolExecutor$Worker.run(ThreadPoolExecutor.java:624)
        at java.lang.Thread.run(Thread.java:750)
"IPC Server handler 14 on default port 33617" daemon prio=5 tid=61 timed_waiting
java.lang.Thread.State: TIMED_WAITING
        at sun.misc.Unsafe.park(Native Method)
        at java.util.concurrent.locks.LockSupport.parkNanos(LockSupport.java:215)
        at java.util.concurrent.locks.AbstractQueuedSynchronizer$ConditionObject.awaitNanos(AbstractQueuedSynchronizer.java:2078)
        at java.util.concurrent.LinkedBlockingQueue.poll(LinkedBlockingQueue.java:467)
        at org.apache.hadoop.ipc.CallQueueManager.take(CallQueueManager.java:317)
        at org.apache.hadoop.ipc.Server$Handler.run(Server.java:2942)
"Datanode State Machine Task Thread - 0"  prio=5 tid=410 in Object.wait()
java.lang.Thread.State: WAITING (on object monitor)
        at sun.misc.Unsafe.park(Native Method)
        at java.util.concurrent.locks.LockSupport.park(LockSupport.java:175)
        at java.util.concurrent.locks.AbstractQueuedSynchronizer$ConditionObject.await(AbstractQueuedSynchronizer.java:2039)
        at java.util.concurrent.LinkedBlockingQueue.take(LinkedBlockingQueue.java:442)
        at java.util.concurrent.ThreadPoolExecutor.getTask(ThreadPoolExecutor.java:1074)
        at java.util.concurrent.ThreadPoolExecutor.runWorker(ThreadPoolExecutor.java:1134)
        at java.util.concurrent.ThreadPoolExecutor$Worker.run(ThreadPoolExecutor.java:624)
        at java.lang.Thread.run(Thread.java:750)
"DatanodeAdminManager-0" daemon prio=5 tid=21 timed_waiting
java.lang.Thread.State: TIMED_WAITING
        at sun.misc.Unsafe.park(Native Method)
        at java.util.concurrent.locks.LockSupport.parkNanos(LockSupport.java:215)
        at java.util.concurrent.locks.AbstractQueuedSynchronizer$ConditionObject.awaitNanos(AbstractQueuedSynchronizer.java:2078)
        at java.util.concurrent.ScheduledThreadPoolExecutor$DelayedWorkQueue.take(ScheduledThreadPoolExecutor.java:1093)
        at java.util.concurrent.ScheduledThreadPoolExecutor$DelayedWorkQueue.take(ScheduledThreadPoolExecutor.java:809)
        at java.util.concurrent.ThreadPoolExecutor.getTask(ThreadPoolExecutor.java:1074)
        at java.util.concurrent.ThreadPoolExecutor.runWorker(ThreadPoolExecutor.java:1134)
        at java.util.concurrent.ThreadPoolExecutor$Worker.run(ThreadPoolExecutor.java:624)
        at java.lang.Thread.run(Thread.java:750)
"edbb8909-d467-4274-b253-e11b41a723b1@group-7DAF5252A9FC-LeaderStateImpl" daemon prio=5 tid=806 timed_waiting
java.lang.Thread.State: TIMED_WAITING
        at sun.misc.Unsafe.park(Native Method)
        at java.util.concurrent.locks.LockSupport.parkNanos(LockSupport.java:215)
        at java.util.concurrent.locks.AbstractQueuedSynchronizer$ConditionObject.awaitNanos(AbstractQueuedSynchronizer.java:2078)
        at java.util.concurrent.ArrayBlockingQueue.poll(ArrayBlockingQueue.java:418)
        at org.apache.ratis.server.impl.LeaderStateImpl$EventQueue.poll(LeaderStateImpl.java:159)
        at org.apache.ratis.server.impl.LeaderStateImpl$EventProcessor.run(LeaderStateImpl.java:630)
"Datanode State Machine Daemon Thread" daemon prio=5 tid=402 timed_waiting
java.lang.Thread.State: TIMED_WAITING
        at java.lang.Thread.sleep(Native Method)
        at org.apache.hadoop.ozone.container.common.statemachine.DatanodeStateMachine.startStateMachineThread(DatanodeStateMachine.java:321)
        at org.apache.hadoop.ozone.container.common.statemachine.DatanodeStateMachine.lambda$startDaemon$0(DatanodeStateMachine.java:506)
        at org.apache.hadoop.ozone.container.common.statemachine.DatanodeStateMachine$$Lambda$751/211315337.run(Unknown Source)
        at java.lang.Thread.run(Thread.java:750)
"org.apache.hadoop.util.JvmPauseMonitor$Monitor@2ee33a0f" daemon prio=5 tid=200 timed_waiting
java.lang.Thread.State: TIMED_WAITING
        at java.lang.Thread.sleep(Native Method)
        at org.apache.hadoop.util.JvmPauseMonitor$Monitor.run(JvmPauseMonitor.java:192)
        at java.lang.Thread.run(Thread.java:750)
"Datanode ReportManager Thread - 3" daemon prio=5 tid=482 timed_waiting
java.lang.Thread.State: TIMED_WAITING
        at sun.misc.Unsafe.park(Native Method)
        at java.util.concurrent.locks.LockSupport.parkNanos(LockSupport.java:215)
        at java.util.concurrent.locks.AbstractQueuedSynchronizer$ConditionObject.awaitNanos(AbstractQueuedSynchronizer.java:2078)
        at java.util.concurrent.ScheduledThreadPoolExecutor$DelayedWorkQueue.take(ScheduledThreadPoolExecutor.java:1093)
        at java.util.concurrent.ScheduledThreadPoolExecutor$DelayedWorkQueue.take(ScheduledThreadPoolExecutor.java:809)
        at java.util.concurrent.ThreadPoolExecutor.getTask(ThreadPoolExecutor.java:1074)
        at java.util.concurrent.ThreadPoolExecutor.runWorker(ThreadPoolExecutor.java:1134)
        at java.util.concurrent.ThreadPoolExecutor$Worker.run(ThreadPoolExecutor.java:624)
        at java.lang.Thread.run(Thread.java:750)
"org.apache.hadoop.util.JvmPauseMonitor$Monitor@6c33046b" daemon prio=5 tid=371 timed_waiting
java.lang.Thread.State: TIMED_WAITING
        at java.lang.Thread.sleep(Native Method)
        at org.apache.hadoop.util.JvmPauseMonitor$Monitor.run(JvmPauseMonitor.java:192)
        at java.lang.Thread.run(Thread.java:750)
"BlockDeletingService#0" daemon prio=5 tid=550 in Object.wait()
java.lang.Thread.State: WAITING (on object monitor)
        at sun.misc.Unsafe.park(Native Method)
        at java.util.concurrent.locks.LockSupport.park(LockSupport.java:175)
        at java.util.concurrent.locks.AbstractQueuedSynchronizer$ConditionObject.await(AbstractQueuedSynchronizer.java:2039)
        at java.util.concurrent.ScheduledThreadPoolExecutor$DelayedWorkQueue.take(ScheduledThreadPoolExecutor.java:1088)
        at java.util.concurrent.ScheduledThreadPoolExecutor$DelayedWorkQueue.take(ScheduledThreadPoolExecutor.java:809)
        at java.util.concurrent.ThreadPoolExecutor.getTask(ThreadPoolExecutor.java:1074)
        at java.util.concurrent.ThreadPoolExecutor.runWorker(ThreadPoolExecutor.java:1134)
        at java.util.concurrent.ThreadPoolExecutor$Worker.run(ThreadPoolExecutor.java:624)
        at java.lang.Thread.run(Thread.java:750)
"IPC Server handler 4 on default port 40235" daemon prio=5 tid=158 timed_waiting
java.lang.Thread.State: TIMED_WAITING
        at sun.misc.Unsafe.park(Native Method)
        at java.util.concurrent.locks.LockSupport.parkNanos(LockSupport.java:215)
        at java.util.concurrent.locks.AbstractQueuedSynchronizer$ConditionObject.awaitNanos(AbstractQueuedSynchronizer.java:2078)
        at java.util.concurrent.LinkedBlockingQueue.poll(LinkedBlockingQueue.java:467)
        at org.apache.hadoop.ipc.CallQueueManager.take(CallQueueManager.java:317)
        at org.apache.hadoop.ipc.Server$Handler.run(Server.java:2942)
"IPC Server handler 16 on default port 40235" daemon prio=5 tid=170 timed_waiting
java.lang.Thread.State: TIMED_WAITING
        at sun.misc.Unsafe.park(Native Method)
        at java.util.concurrent.locks.LockSupport.parkNanos(LockSupport.java:215)
        at java.util.concurrent.locks.AbstractQueuedSynchronizer$ConditionObject.awaitNanos(AbstractQueuedSynchronizer.java:2078)
        at java.util.concurrent.LinkedBlockingQueue.poll(LinkedBlockingQueue.java:467)
        at org.apache.hadoop.ipc.CallQueueManager.take(CallQueueManager.java:317)
        at org.apache.hadoop.ipc.Server$Handler.run(Server.java:2942)
"qtp783772812-146-acceptor-0@35cd81f5-ServerConnector@225bc6d6{HTTP/1.1, (http/1.1)}{0.0.0.0:35557}" daemon prio=3 tid=146 runnable
java.lang.Thread.State: RUNNABLE
        at sun.nio.ch.ServerSocketChannelImpl.accept0(Native Method)
        at sun.nio.ch.ServerSocketChannelImpl.accept(ServerSocketChannelImpl.java:421)
        at sun.nio.ch.ServerSocketChannelImpl.accept(ServerSocketChannelImpl.java:249)
        at org.eclipse.jetty.server.ServerConnector.accept(ServerConnector.java:388)
        at org.eclipse.jetty.server.AbstractConnector$Acceptor.run(AbstractConnector.java:704)
        at org.eclipse.jetty.util.thread.QueuedThreadPool.runJob(QueuedThreadPool.java:883)
        at org.eclipse.jetty.util.thread.QueuedThreadPool$Runner.run(QueuedThreadPool.java:1034)
        at java.lang.Thread.run(Thread.java:750)
"Datanode ReportManager Thread - 1" daemon prio=5 tid=223 in Object.wait()
java.lang.Thread.State: WAITING (on object monitor)
        at sun.misc.Unsafe.park(Native Method)
        at java.util.concurrent.locks.LockSupport.park(LockSupport.java:175)
        at java.util.concurrent.locks.AbstractQueuedSynchronizer$ConditionObject.await(AbstractQueuedSynchronizer.java:2039)
        at java.util.concurrent.ScheduledThreadPoolExecutor$DelayedWorkQueue.take(ScheduledThreadPoolExecutor.java:1088)
        at java.util.concurrent.ScheduledThreadPoolExecutor$DelayedWorkQueue.take(ScheduledThreadPoolExecutor.java:809)
        at java.util.concurrent.ThreadPoolExecutor.getTask(ThreadPoolExecutor.java:1074)
        at java.util.concurrent.ThreadPoolExecutor.runWorker(ThreadPoolExecutor.java:1134)
        at java.util.concurrent.ThreadPoolExecutor$Worker.run(ThreadPoolExecutor.java:624)
        at java.lang.Thread.run(Thread.java:750)
"pool-219-thread-1"  prio=5 tid=341 timed_waiting
java.lang.Thread.State: TIMED_WAITING
        at sun.misc.Unsafe.park(Native Method)
        at java.util.concurrent.locks.LockSupport.parkNanos(LockSupport.java:215)
        at java.util.concurrent.locks.AbstractQueuedSynchronizer$ConditionObject.awaitNanos(AbstractQueuedSynchronizer.java:2078)
        at java.util.concurrent.ScheduledThreadPoolExecutor$DelayedWorkQueue.take(ScheduledThreadPoolExecutor.java:1093)
        at java.util.concurrent.ScheduledThreadPoolExecutor$DelayedWorkQueue.take(ScheduledThreadPoolExecutor.java:809)
        at java.util.concurrent.ThreadPoolExecutor.getTask(ThreadPoolExecutor.java:1074)
        at java.util.concurrent.ThreadPoolExecutor.runWorker(ThreadPoolExecutor.java:1134)
        at java.util.concurrent.ThreadPoolExecutor$Worker.run(ThreadPoolExecutor.java:624)
        at java.lang.Thread.run(Thread.java:750)
"IPC Server handler 19 on default port 38821" daemon prio=5 tid=86 timed_waiting
java.lang.Thread.State: TIMED_WAITING
        at sun.misc.Unsafe.park(Native Method)
        at java.util.concurrent.locks.LockSupport.parkNanos(LockSupport.java:215)
        at java.util.concurrent.locks.AbstractQueuedSynchronizer$ConditionObject.awaitNanos(AbstractQueuedSynchronizer.java:2078)
        at java.util.concurrent.LinkedBlockingQueue.poll(LinkedBlockingQueue.java:467)
        at org.apache.hadoop.ipc.CallQueueManager.take(CallQueueManager.java:317)
        at org.apache.hadoop.ipc.Server$Handler.run(Server.java:2942)
"c047bafd-0fa0-4f2f-9a8c-56ef9c35524f@group-07E747FEAB49-StateMachineUpdater" daemon prio=5 tid=647 timed_waiting
java.lang.Thread.State: TIMED_WAITING
        at sun.misc.Unsafe.park(Native Method)
        at java.util.concurrent.locks.LockSupport.parkNanos(LockSupport.java:215)
        at java.util.concurrent.CompletableFuture$Signaller.block(CompletableFuture.java:1709)
        at java.util.concurrent.ForkJoinPool.managedBlock(ForkJoinPool.java:3323)
        at java.util.concurrent.CompletableFuture.timedGet(CompletableFuture.java:1788)
        at java.util.concurrent.CompletableFuture.get(CompletableFuture.java:1928)
        at org.apache.ratis.util.AwaitForSignal.await(AwaitForSignal.java:56)
        at org.apache.ratis.server.impl.StateMachineUpdater.waitForCommit(StateMachineUpdater.java:207)
        at org.apache.ratis.server.impl.StateMachineUpdater.run(StateMachineUpdater.java:176)
        at java.lang.Thread.run(Thread.java:750)
"Datanode ReportManager Thread - 1" daemon prio=5 tid=480 timed_waiting
java.lang.Thread.State: TIMED_WAITING
        at sun.misc.Unsafe.park(Native Method)
        at java.util.concurrent.locks.LockSupport.parkNanos(LockSupport.java:215)
        at java.util.concurrent.locks.AbstractQueuedSynchronizer$ConditionObject.awaitNanos(AbstractQueuedSynchronizer.java:2078)
        at java.util.concurrent.ScheduledThreadPoolExecutor$DelayedWorkQueue.take(ScheduledThreadPoolExecutor.java:1093)
        at java.util.concurrent.ScheduledThreadPoolExecutor$DelayedWorkQueue.take(ScheduledThreadPoolExecutor.java:809)
        at java.util.concurrent.ThreadPoolExecutor.getTask(ThreadPoolExecutor.java:1074)
        at java.util.concurrent.ThreadPoolExecutor.runWorker(ThreadPoolExecutor.java:1134)
        at java.util.concurrent.ThreadPoolExecutor$Worker.run(ThreadPoolExecutor.java:624)
        at java.lang.Thread.run(Thread.java:750)
"ChunkWriter-0-0" daemon prio=5 tid=430 in Object.wait()
java.lang.Thread.State: WAITING (on object monitor)
        at sun.misc.Unsafe.park(Native Method)
        at java.util.concurrent.locks.LockSupport.park(LockSupport.java:175)
        at java.util.concurrent.locks.AbstractQueuedSynchronizer$ConditionObject.await(AbstractQueuedSynchronizer.java:2039)
        at java.util.concurrent.LinkedBlockingDeque.takeFirst(LinkedBlockingDeque.java:492)
        at java.util.concurrent.LinkedBlockingDeque.take(LinkedBlockingDeque.java:680)
        at java.util.concurrent.ThreadPoolExecutor.getTask(ThreadPoolExecutor.java:1074)
        at java.util.concurrent.ThreadPoolExecutor.runWorker(ThreadPoolExecutor.java:1134)
        at java.util.concurrent.ThreadPoolExecutor$Worker.run(ThreadPoolExecutor.java:624)
        at java.lang.Thread.run(Thread.java:750)
"pool-291-thread-1"  prio=5 tid=678 in Object.wait()
java.lang.Thread.State: WAITING (on object monitor)
        at sun.misc.Unsafe.park(Native Method)
        at java.util.concurrent.locks.LockSupport.park(LockSupport.java:175)
        at java.util.concurrent.locks.AbstractQueuedSynchronizer$ConditionObject.await(AbstractQueuedSynchronizer.java:2039)
        at java.util.concurrent.LinkedBlockingQueue.take(LinkedBlockingQueue.java:442)
        at java.util.concurrent.ThreadPoolExecutor.getTask(ThreadPoolExecutor.java:1074)
        at java.util.concurrent.ThreadPoolExecutor.runWorker(ThreadPoolExecutor.java:1134)
        at java.util.concurrent.ThreadPoolExecutor$Worker.run(ThreadPoolExecutor.java:624)
        at java.lang.Thread.run(Thread.java:750)
"Datanode ReportManager Thread - 4" daemon prio=5 tid=252 in Object.wait()
java.lang.Thread.State: WAITING (on object monitor)
        at sun.misc.Unsafe.park(Native Method)
        at java.util.concurrent.locks.LockSupport.park(LockSupport.java:175)
        at java.util.concurrent.locks.AbstractQueuedSynchronizer$ConditionObject.await(AbstractQueuedSynchronizer.java:2039)
        at java.util.concurrent.ScheduledThreadPoolExecutor$DelayedWorkQueue.take(ScheduledThreadPoolExecutor.java:1088)
        at java.util.concurrent.ScheduledThreadPoolExecutor$DelayedWorkQueue.take(ScheduledThreadPoolExecutor.java:809)
        at java.util.concurrent.ThreadPoolExecutor.getTask(ThreadPoolExecutor.java:1074)
        at java.util.concurrent.ThreadPoolExecutor.runWorker(ThreadPoolExecutor.java:1134)
        at java.util.concurrent.ThreadPoolExecutor$Worker.run(ThreadPoolExecutor.java:624)
        at java.lang.Thread.run(Thread.java:750)
"ChunkReader-1" daemon prio=5 tid=783 in Object.wait()
java.lang.Thread.State: WAITING (on object monitor)
        at sun.misc.Unsafe.park(Native Method)
        at java.util.concurrent.locks.LockSupport.park(LockSupport.java:175)
        at java.util.concurrent.locks.AbstractQueuedSynchronizer$ConditionObject.await(AbstractQueuedSynchronizer.java:2039)
        at java.util.concurrent.LinkedBlockingQueue.take(LinkedBlockingQueue.java:442)
        at java.util.concurrent.ThreadPoolExecutor.getTask(ThreadPoolExecutor.java:1074)
        at java.util.concurrent.ThreadPoolExecutor.runWorker(ThreadPoolExecutor.java:1134)
        at java.util.concurrent.ThreadPoolExecutor$Worker.run(ThreadPoolExecutor.java:624)
        at java.lang.Thread.run(Thread.java:750)
"PartialTableCache Cleanup Thread - 0" daemon prio=5 tid=880 in Object.wait()
java.lang.Thread.State: WAITING (on object monitor)
        at sun.misc.Unsafe.park(Native Method)
        at java.util.concurrent.locks.LockSupport.park(LockSupport.java:175)
        at java.util.concurrent.locks.AbstractQueuedSynchronizer$ConditionObject.await(AbstractQueuedSynchronizer.java:2039)
        at java.util.concurrent.LinkedBlockingQueue.take(LinkedBlockingQueue.java:442)
        at java.util.concurrent.ThreadPoolExecutor.getTask(ThreadPoolExecutor.java:1074)
        at java.util.concurrent.ThreadPoolExecutor.runWorker(ThreadPoolExecutor.java:1134)
        at java.util.concurrent.ThreadPoolExecutor$Worker.run(ThreadPoolExecutor.java:624)
        at java.lang.Thread.run(Thread.java:750)
"qtp1107259192-212-acceptor-0@4fa447d9-ServerConnector@1c585232{HTTP/1.1, (http/1.1)}{0.0.0.0:41955}" daemon prio=3 tid=212 runnable
java.lang.Thread.State: RUNNABLE
        at sun.nio.ch.ServerSocketChannelImpl.accept0(Native Method)
        at sun.nio.ch.ServerSocketChannelImpl.accept(ServerSocketChannelImpl.java:421)
        at sun.nio.ch.ServerSocketChannelImpl.accept(ServerSocketChannelImpl.java:249)
        at org.eclipse.jetty.server.ServerConnector.accept(ServerConnector.java:388)
        at org.eclipse.jetty.server.AbstractConnector$Acceptor.run(AbstractConnector.java:704)
        at org.eclipse.jetty.util.thread.QueuedThreadPool.runJob(QueuedThreadPool.java:883)
        at org.eclipse.jetty.util.thread.QueuedThreadPool$Runner.run(QueuedThreadPool.java:1034)
        at java.lang.Thread.run(Thread.java:750)
"qtp783772812-151" daemon prio=5 tid=151 timed_waiting
java.lang.Thread.State: TIMED_WAITING
        at sun.misc.Unsafe.park(Native Method)
        at java.util.concurrent.locks.LockSupport.parkNanos(LockSupport.java:215)
        at java.util.concurrent.locks.AbstractQueuedSynchronizer$ConditionObject.awaitNanos(AbstractQueuedSynchronizer.java:2078)
        at org.eclipse.jetty.util.BlockingArrayQueue.poll(BlockingArrayQueue.java:382)
        at org.eclipse.jetty.util.thread.QueuedThreadPool$Runner.idleJobPoll(QueuedThreadPool.java:974)
        at org.eclipse.jetty.util.thread.QueuedThreadPool$Runner.run(QueuedThreadPool.java:1018)
        at java.lang.Thread.run(Thread.java:750)
"c4b91fe4-1e17-46ee-80ce-129a880b8a55@group-5FA22E3399E1-SegmentedRaftLogWorker"  prio=5 tid=679 timed_waiting
java.lang.Thread.State: TIMED_WAITING
        at sun.misc.Unsafe.park(Native Method)
        at java.util.concurrent.locks.LockSupport.parkNanos(LockSupport.java:215)
        at java.util.concurrent.locks.AbstractQueuedSynchronizer$ConditionObject.awaitNanos(AbstractQueuedSynchronizer.java:2078)
        at org.apache.ratis.util.DataBlockingQueue.poll(DataBlockingQueue.java:148)
        at org.apache.ratis.server.raftlog.segmented.SegmentedRaftLogWorker.run(SegmentedRaftLogWorker.java:310)
        at org.apache.ratis.server.raftlog.segmented.SegmentedRaftLogWorker$$Lambda$665/306525361.run(Unknown Source)
        at java.lang.Thread.run(Thread.java:750)
"1397ad66-7a30-4622-84c4-76091eab1ef3@group-0CC2A593D591-SegmentedRaftLogWorker"  prio=5 tid=672 timed_waiting
java.lang.Thread.State: TIMED_WAITING
        at sun.misc.Unsafe.park(Native Method)
        at java.util.concurrent.locks.LockSupport.parkNanos(LockSupport.java:215)
        at java.util.concurrent.locks.AbstractQueuedSynchronizer$ConditionObject.awaitNanos(AbstractQueuedSynchronizer.java:2078)
        at org.apache.ratis.util.DataBlockingQueue.poll(DataBlockingQueue.java:148)
        at org.apache.ratis.server.raftlog.segmented.SegmentedRaftLogWorker.run(SegmentedRaftLogWorker.java:310)
        at org.apache.ratis.server.raftlog.segmented.SegmentedRaftLogWorker$$Lambda$665/306525361.run(Unknown Source)
        at java.lang.Thread.run(Thread.java:750)
"ChunkWriter-3-0" daemon prio=5 tid=395 in Object.wait()
java.lang.Thread.State: WAITING (on object monitor)
        at sun.misc.Unsafe.park(Native Method)
        at java.util.concurrent.locks.LockSupport.park(LockSupport.java:175)
        at java.util.concurrent.locks.AbstractQueuedSynchronizer$ConditionObject.await(AbstractQueuedSynchronizer.java:2039)
        at java.util.concurrent.LinkedBlockingDeque.takeFirst(LinkedBlockingDeque.java:492)
        at java.util.concurrent.LinkedBlockingDeque.take(LinkedBlockingDeque.java:680)
        at java.util.concurrent.ThreadPoolExecutor.getTask(ThreadPoolExecutor.java:1074)
        at java.util.concurrent.ThreadPoolExecutor.runWorker(ThreadPoolExecutor.java:1134)
        at java.util.concurrent.ThreadPoolExecutor$Worker.run(ThreadPoolExecutor.java:624)
        at java.lang.Thread.run(Thread.java:750)
"ChunkWriter-1-0" daemon prio=5 tid=469 in Object.wait()
java.lang.Thread.State: WAITING (on object monitor)
        at sun.misc.Unsafe.park(Native Method)
        at java.util.concurrent.locks.LockSupport.park(LockSupport.java:175)
        at java.util.concurrent.locks.AbstractQueuedSynchronizer$ConditionObject.await(AbstractQueuedSynchronizer.java:2039)
        at java.util.concurrent.LinkedBlockingDeque.takeFirst(LinkedBlockingDeque.java:492)
        at java.util.concurrent.LinkedBlockingDeque.take(LinkedBlockingDeque.java:680)
        at java.util.concurrent.ThreadPoolExecutor.getTask(ThreadPoolExecutor.java:1074)
        at java.util.concurrent.ThreadPoolExecutor.runWorker(ThreadPoolExecutor.java:1134)
        at java.util.concurrent.ThreadPoolExecutor$Worker.run(ThreadPoolExecutor.java:624)
        at java.lang.Thread.run(Thread.java:750)
"IPC Server handler 14 on default port 40235" daemon prio=5 tid=168 timed_waiting
java.lang.Thread.State: TIMED_WAITING
        at sun.misc.Unsafe.park(Native Method)
        at java.util.concurrent.locks.LockSupport.parkNanos(LockSupport.java:215)
        at java.util.concurrent.locks.AbstractQueuedSynchronizer$ConditionObject.awaitNanos(AbstractQueuedSynchronizer.java:2078)
        at java.util.concurrent.LinkedBlockingQueue.poll(LinkedBlockingQueue.java:467)
        at org.apache.hadoop.ipc.CallQueueManager.take(CallQueueManager.java:317)
        at org.apache.hadoop.ipc.Server$Handler.run(Server.java:2942)
"BlockDeletingService#2" daemon prio=5 tid=887 in Object.wait()
java.lang.Thread.State: WAITING (on object monitor)
        at sun.misc.Unsafe.park(Native Method)
        at java.util.concurrent.locks.LockSupport.park(LockSupport.java:175)
        at java.util.concurrent.locks.AbstractQueuedSynchronizer$ConditionObject.await(AbstractQueuedSynchronizer.java:2039)
        at java.util.concurrent.ScheduledThreadPoolExecutor$DelayedWorkQueue.take(ScheduledThreadPoolExecutor.java:1088)
        at java.util.concurrent.ScheduledThreadPoolExecutor$DelayedWorkQueue.take(ScheduledThreadPoolExecutor.java:809)
        at java.util.concurrent.ThreadPoolExecutor.getTask(ThreadPoolExecutor.java:1074)
        at java.util.concurrent.ThreadPoolExecutor.runWorker(ThreadPoolExecutor.java:1134)
        at java.util.concurrent.ThreadPoolExecutor$Worker.run(ThreadPoolExecutor.java:624)
        at java.lang.Thread.run(Thread.java:750)
"IPC Server handler 13 on default port 33617" daemon prio=5 tid=60 timed_waiting
java.lang.Thread.State: TIMED_WAITING
        at sun.misc.Unsafe.park(Native Method)
        at java.util.concurrent.locks.LockSupport.parkNanos(LockSupport.java:215)
        at java.util.concurrent.locks.AbstractQueuedSynchronizer$ConditionObject.awaitNanos(AbstractQueuedSynchronizer.java:2078)
        at java.util.concurrent.LinkedBlockingQueue.poll(LinkedBlockingQueue.java:467)
        at org.apache.hadoop.ipc.CallQueueManager.take(CallQueueManager.java:317)
        at org.apache.hadoop.ipc.Server$Handler.run(Server.java:2942)
"qtp1107259192-215" daemon prio=5 tid=215 timed_waiting
java.lang.Thread.State: TIMED_WAITING
        at sun.misc.Unsafe.park(Native Method)
        at java.util.concurrent.locks.LockSupport.parkNanos(LockSupport.java:215)
        at java.util.concurrent.locks.AbstractQueuedSynchronizer$ConditionObject.awaitNanos(AbstractQueuedSynchronizer.java:2078)
        at org.eclipse.jetty.util.BlockingArrayQueue.poll(BlockingArrayQueue.java:382)
        at org.eclipse.jetty.util.thread.QueuedThreadPool$Runner.idleJobPoll(QueuedThreadPool.java:974)
        at org.eclipse.jetty.util.thread.QueuedThreadPool$Runner.run(QueuedThreadPool.java:1018)
        at java.lang.Thread.run(Thread.java:750)
"Datanode State Machine Task Thread - 0"  prio=5 tid=229 in Object.wait()
java.lang.Thread.State: WAITING (on object monitor)
        at sun.misc.Unsafe.park(Native Method)
        at java.util.concurrent.locks.LockSupport.park(LockSupport.java:175)
        at java.util.concurrent.locks.AbstractQueuedSynchronizer$ConditionObject.await(AbstractQueuedSynchronizer.java:2039)
        at java.util.concurrent.LinkedBlockingQueue.take(LinkedBlockingQueue.java:442)
        at java.util.concurrent.ThreadPoolExecutor.getTask(ThreadPoolExecutor.java:1074)
        at java.util.concurrent.ThreadPoolExecutor.runWorker(ThreadPoolExecutor.java:1134)
        at java.util.concurrent.ThreadPoolExecutor$Worker.run(ThreadPoolExecutor.java:624)
        at java.lang.Thread.run(Thread.java:750)
"org.apache.hadoop.util.JvmPauseMonitor$Monitor@45964b9e" daemon prio=5 tid=108 timed_waiting
java.lang.Thread.State: TIMED_WAITING
        at java.lang.Thread.sleep(Native Method)
        at org.apache.hadoop.util.JvmPauseMonitor$Monitor.run(JvmPauseMonitor.java:192)
        at java.lang.Thread.run(Thread.java:750)
"PartialTableCache Cleanup Thread - 0" daemon prio=5 tid=878 in Object.wait()
java.lang.Thread.State: WAITING (on object monitor)
        at sun.misc.Unsafe.park(Native Method)
        at java.util.concurrent.locks.LockSupport.park(LockSupport.java:175)
        at java.util.concurrent.locks.AbstractQueuedSynchronizer$ConditionObject.await(AbstractQueuedSynchronizer.java:2039)
        at java.util.concurrent.LinkedBlockingQueue.take(LinkedBlockingQueue.java:442)
        at java.util.concurrent.ThreadPoolExecutor.getTask(ThreadPoolExecutor.java:1074)
        at java.util.concurrent.ThreadPoolExecutor.runWorker(ThreadPoolExecutor.java:1134)
        at java.util.concurrent.ThreadPoolExecutor$Worker.run(ThreadPoolExecutor.java:624)
        at java.lang.Thread.run(Thread.java:750)
"StaleRecoveringContainerScrubbingService#0" daemon prio=5 tid=526 in Object.wait()
java.lang.Thread.State: WAITING (on object monitor)
        at sun.misc.Unsafe.park(Native Method)
        at java.util.concurrent.locks.LockSupport.park(LockSupport.java:175)
        at java.util.concurrent.locks.AbstractQueuedSynchronizer$ConditionObject.await(AbstractQueuedSynchronizer.java:2039)
        at java.util.concurrent.ScheduledThreadPoolExecutor$DelayedWorkQueue.take(ScheduledThreadPoolExecutor.java:1088)
        at java.util.concurrent.ScheduledThreadPoolExecutor$DelayedWorkQueue.take(ScheduledThreadPoolExecutor.java:809)
        at java.util.concurrent.ThreadPoolExecutor.getTask(ThreadPoolExecutor.java:1074)
        at java.util.concurrent.ThreadPoolExecutor.runWorker(ThreadPoolExecutor.java:1134)
        at java.util.concurrent.ThreadPoolExecutor$Worker.run(ThreadPoolExecutor.java:624)
        at java.lang.Thread.run(Thread.java:750)
"pool-257-thread-1" daemon prio=5 tid=414 timed_waiting
java.lang.Thread.State: TIMED_WAITING
        at sun.misc.Unsafe.park(Native Method)
        at java.util.concurrent.locks.LockSupport.parkNanos(LockSupport.java:215)
        at java.util.concurrent.locks.AbstractQueuedSynchronizer$ConditionObject.awaitNanos(AbstractQueuedSynchronizer.java:2078)
        at java.util.concurrent.ScheduledThreadPoolExecutor$DelayedWorkQueue.take(ScheduledThreadPoolExecutor.java:1093)
        at java.util.concurrent.ScheduledThreadPoolExecutor$DelayedWorkQueue.take(ScheduledThreadPoolExecutor.java:809)
        at java.util.concurrent.ThreadPoolExecutor.getTask(ThreadPoolExecutor.java:1074)
        at java.util.concurrent.ThreadPoolExecutor.runWorker(ThreadPoolExecutor.java:1134)
        at java.util.concurrent.ThreadPoolExecutor$Worker.run(ThreadPoolExecutor.java:624)
        at java.lang.Thread.run(Thread.java:750)
"org.apache.hadoop.ozone.container.common.statemachine.commandhandler.DeleteBlocksCommandHandler$DeleteCmdWorker@71322f51" daemon prio=5 tid=379 timed_waiting
java.lang.Thread.State: TIMED_WAITING
        at java.lang.Thread.sleep(Native Method)
        at org.apache.hadoop.ozone.container.common.statemachine.commandhandler.DeleteBlocksCommandHandler$DeleteCmdWorker.run(DeleteBlocksCommandHandler.java:183)
        at java.lang.Thread.run(Thread.java:750)
"StaleRecoveringContainerScrubbingService#1" daemon prio=5 tid=541 timed_waiting
java.lang.Thread.State: TIMED_WAITING
        at sun.misc.Unsafe.park(Native Method)
        at java.util.concurrent.locks.LockSupport.parkNanos(LockSupport.java:215)
        at java.util.concurrent.locks.AbstractQueuedSynchronizer$ConditionObject.awaitNanos(AbstractQueuedSynchronizer.java:2078)
        at java.util.concurrent.ScheduledThreadPoolExecutor$DelayedWorkQueue.take(ScheduledThreadPoolExecutor.java:1093)
        at java.util.concurrent.ScheduledThreadPoolExecutor$DelayedWorkQueue.take(ScheduledThreadPoolExecutor.java:809)
        at java.util.concurrent.ThreadPoolExecutor.getTask(ThreadPoolExecutor.java:1074)
        at java.util.concurrent.ThreadPoolExecutor.runWorker(ThreadPoolExecutor.java:1134)
        at java.util.concurrent.ThreadPoolExecutor$Worker.run(ThreadPoolExecutor.java:624)
        at java.lang.Thread.run(Thread.java:750)
"5ddfe129-1b79-40ed-b807-03daa2e9053a@group-E0D2A552C254-SegmentedRaftLogWorker"  prio=5 tid=638 timed_waiting
java.lang.Thread.State: TIMED_WAITING
        at sun.misc.Unsafe.park(Native Method)
        at java.util.concurrent.locks.LockSupport.parkNanos(LockSupport.java:215)
        at java.util.concurrent.locks.AbstractQueuedSynchronizer$ConditionObject.awaitNanos(AbstractQueuedSynchronizer.java:2078)
        at org.apache.ratis.util.DataBlockingQueue.poll(DataBlockingQueue.java:148)
        at org.apache.ratis.server.raftlog.segmented.SegmentedRaftLogWorker.run(SegmentedRaftLogWorker.java:310)
        at org.apache.ratis.server.raftlog.segmented.SegmentedRaftLogWorker$$Lambda$665/306525361.run(Unknown Source)
        at java.lang.Thread.run(Thread.java:750)
"BlockDeletingService#1" daemon prio=5 tid=475 timed_waiting
java.lang.Thread.State: TIMED_WAITING
        at sun.misc.Unsafe.park(Native Method)
        at java.util.concurrent.locks.LockSupport.parkNanos(LockSupport.java:215)
        at java.util.concurrent.locks.AbstractQueuedSynchronizer$ConditionObject.awaitNanos(AbstractQueuedSynchronizer.java:2078)
        at java.util.concurrent.ScheduledThreadPoolExecutor$DelayedWorkQueue.take(ScheduledThreadPoolExecutor.java:1093)
        at java.util.concurrent.ScheduledThreadPoolExecutor$DelayedWorkQueue.take(ScheduledThreadPoolExecutor.java:809)
        at java.util.concurrent.ThreadPoolExecutor.getTask(ThreadPoolExecutor.java:1074)
        at java.util.concurrent.ThreadPoolExecutor.runWorker(ThreadPoolExecutor.java:1134)
        at java.util.concurrent.ThreadPoolExecutor$Worker.run(ThreadPoolExecutor.java:624)
        at java.lang.Thread.run(Thread.java:750)
"timer4" daemon prio=5 tid=708 timed_waiting
java.lang.Thread.State: TIMED_WAITING
        at java.lang.Object.wait(Native Method)
        at java.util.TimerThread.mainLoop(Timer.java:552)
        at java.util.TimerThread.run(Timer.java:505)
"5ddfe129-1b79-40ed-b807-03daa2e9053a@group-E0D2A552C254-StateMachineUpdater" daemon prio=5 tid=640 timed_waiting
java.lang.Thread.State: TIMED_WAITING
        at sun.misc.Unsafe.park(Native Method)
        at java.util.concurrent.locks.LockSupport.parkNanos(LockSupport.java:215)
        at java.util.concurrent.CompletableFuture$Signaller.block(CompletableFuture.java:1709)
        at java.util.concurrent.ForkJoinPool.managedBlock(ForkJoinPool.java:3323)
        at java.util.concurrent.CompletableFuture.timedGet(CompletableFuture.java:1788)
        at java.util.concurrent.CompletableFuture.get(CompletableFuture.java:1928)
        at org.apache.ratis.util.AwaitForSignal.await(AwaitForSignal.java:56)
        at org.apache.ratis.server.impl.StateMachineUpdater.waitForCommit(StateMachineUpdater.java:207)
        at org.apache.ratis.server.impl.StateMachineUpdater.run(StateMachineUpdater.java:176)
        at java.lang.Thread.run(Thread.java:750)
"EventQueue-StaleNodeForStaleNodeHandler" daemon prio=5 tid=816 in Object.wait()
java.lang.Thread.State: WAITING (on object monitor)
        at sun.misc.Unsafe.park(Native Method)
        at java.util.concurrent.locks.LockSupport.park(LockSupport.java:175)
        at java.util.concurrent.locks.AbstractQueuedSynchronizer$ConditionObject.await(AbstractQueuedSynchronizer.java:2039)
        at java.util.concurrent.LinkedBlockingQueue.take(LinkedBlockingQueue.java:442)
        at java.util.concurrent.ThreadPoolExecutor.getTask(ThreadPoolExecutor.java:1074)
        at java.util.concurrent.ThreadPoolExecutor.runWorker(ThreadPoolExecutor.java:1134)
        at java.util.concurrent.ThreadPoolExecutor$Worker.run(ThreadPoolExecutor.java:624)
        at java.lang.Thread.run(Thread.java:750)
"edbb8909-d467-4274-b253-e11b41a723b1@group-CEF2DDE05160-StateMachineUpdater" daemon prio=5 tid=670 timed_waiting
java.lang.Thread.State: TIMED_WAITING
        at sun.misc.Unsafe.park(Native Method)
        at java.util.concurrent.locks.LockSupport.parkNanos(LockSupport.java:215)
        at java.util.concurrent.CompletableFuture$Signaller.block(CompletableFuture.java:1709)
        at java.util.concurrent.ForkJoinPool.managedBlock(ForkJoinPool.java:3323)
        at java.util.concurrent.CompletableFuture.timedGet(CompletableFuture.java:1788)
        at java.util.concurrent.CompletableFuture.get(CompletableFuture.java:1928)
        at org.apache.ratis.util.AwaitForSignal.await(AwaitForSignal.java:56)
        at org.apache.ratis.server.impl.StateMachineUpdater.waitForCommit(StateMachineUpdater.java:207)
        at org.apache.ratis.server.impl.StateMachineUpdater.run(StateMachineUpdater.java:176)
        at java.lang.Thread.run(Thread.java:750)
"org.apache.hadoop.util.JvmPauseMonitor$Monitor@3beebe0f" daemon prio=5 tid=174 timed_waiting
java.lang.Thread.State: TIMED_WAITING
        at java.lang.Thread.sleep(Native Method)
        at org.apache.hadoop.util.JvmPauseMonitor$Monitor.run(JvmPauseMonitor.java:192)
        at java.lang.Thread.run(Thread.java:750)
"Session-HouseKeeper-6a03c039-1"  prio=5 tid=350 timed_waiting
java.lang.Thread.State: TIMED_WAITING
        at sun.misc.Unsafe.park(Native Method)
        at java.util.concurrent.locks.LockSupport.parkNanos(LockSupport.java:215)
        at java.util.concurrent.locks.AbstractQueuedSynchronizer$ConditionObject.awaitNanos(AbstractQueuedSynchronizer.java:2078)
        at java.util.concurrent.ScheduledThreadPoolExecutor$DelayedWorkQueue.take(ScheduledThreadPoolExecutor.java:1093)
        at java.util.concurrent.ScheduledThreadPoolExecutor$DelayedWorkQueue.take(ScheduledThreadPoolExecutor.java:809)
        at java.util.concurrent.ThreadPoolExecutor.getTask(ThreadPoolExecutor.java:1074)
        at java.util.concurrent.ThreadPoolExecutor.runWorker(ThreadPoolExecutor.java:1134)
        at java.util.concurrent.ThreadPoolExecutor$Worker.run(ThreadPoolExecutor.java:624)
        at java.lang.Thread.run(Thread.java:750)
"Signal Dispatcher" daemon prio=9 tid=4 runnable
java.lang.Thread.State: RUNNABLE
"Datanode ReportManager Thread - 4" daemon prio=5 tid=407 timed_waiting
java.lang.Thread.State: TIMED_WAITING
        at sun.misc.Unsafe.park(Native Method)
        at java.util.concurrent.locks.LockSupport.parkNanos(LockSupport.java:215)
        at java.util.concurrent.locks.AbstractQueuedSynchronizer$ConditionObject.awaitNanos(AbstractQueuedSynchronizer.java:2078)
        at java.util.concurrent.ScheduledThreadPoolExecutor$DelayedWorkQueue.take(ScheduledThreadPoolExecutor.java:1093)
        at java.util.concurrent.ScheduledThreadPoolExecutor$DelayedWorkQueue.take(ScheduledThreadPoolExecutor.java:809)
        at java.util.concurrent.ThreadPoolExecutor.getTask(ThreadPoolExecutor.java:1074)
        at java.util.concurrent.ThreadPoolExecutor.runWorker(ThreadPoolExecutor.java:1134)
        at java.util.concurrent.ThreadPoolExecutor$Worker.run(ThreadPoolExecutor.java:624)
        at java.lang.Thread.run(Thread.java:750)
"qtp1107259192-214" daemon prio=5 tid=214 timed_waiting
java.lang.Thread.State: TIMED_WAITING
        at sun.misc.Unsafe.park(Native Method)
        at java.util.concurrent.locks.LockSupport.parkNanos(LockSupport.java:215)
        at java.util.concurrent.locks.AbstractQueuedSynchronizer$ConditionObject.awaitNanos(AbstractQueuedSynchronizer.java:2078)
        at org.eclipse.jetty.util.BlockingArrayQueue.poll(BlockingArrayQueue.java:382)
        at org.eclipse.jetty.util.thread.QueuedThreadPool$Runner.idleJobPoll(QueuedThreadPool.java:974)
        at org.eclipse.jetty.util.thread.QueuedThreadPool$Runner.run(QueuedThreadPool.java:1018)
        at java.lang.Thread.run(Thread.java:750)
"qtp200370202-425" daemon prio=5 tid=425 timed_waiting
java.lang.Thread.State: TIMED_WAITING
        at sun.misc.Unsafe.park(Native Method)
        at java.util.concurrent.locks.LockSupport.parkNanos(LockSupport.java:215)
        at java.util.concurrent.locks.AbstractQueuedSynchronizer$ConditionObject.awaitNanos(AbstractQueuedSynchronizer.java:2078)
        at org.eclipse.jetty.util.BlockingArrayQueue.poll(BlockingArrayQueue.java:382)
        at org.eclipse.jetty.util.thread.QueuedThreadPool$Runner.idleJobPoll(QueuedThreadPool.java:974)
        at org.eclipse.jetty.util.thread.QueuedThreadPool$Runner.run(QueuedThreadPool.java:1018)
        at java.lang.Thread.run(Thread.java:750)
"qtp200370202-426" daemon prio=5 tid=426 timed_waiting
java.lang.Thread.State: TIMED_WAITING
        at sun.misc.Unsafe.park(Native Method)
        at java.util.concurrent.locks.LockSupport.parkNanos(LockSupport.java:215)
        at java.util.concurrent.locks.AbstractQueuedSynchronizer$ConditionObject.awaitNanos(AbstractQueuedSynchronizer.java:2078)
        at org.eclipse.jetty.util.BlockingArrayQueue.poll(BlockingArrayQueue.java:382)
        at org.eclipse.jetty.util.thread.QueuedThreadPool$Runner.idleJobPoll(QueuedThreadPool.java:974)
        at org.eclipse.jetty.util.thread.QueuedThreadPool$Runner.run(QueuedThreadPool.java:1018)
        at java.lang.Thread.run(Thread.java:750)
"Periodic HDDS volume checker" daemon prio=5 tid=257 timed_waiting
java.lang.Thread.State: TIMED_WAITING
        at sun.misc.Unsafe.park(Native Method)
        at java.util.concurrent.locks.LockSupport.parkNanos(LockSupport.java:215)
        at java.util.concurrent.locks.AbstractQueuedSynchronizer$ConditionObject.awaitNanos(AbstractQueuedSynchronizer.java:2078)
        at java.util.concurrent.ScheduledThreadPoolExecutor$DelayedWorkQueue.take(ScheduledThreadPoolExecutor.java:1093)
        at java.util.concurrent.ScheduledThreadPoolExecutor$DelayedWorkQueue.take(ScheduledThreadPoolExecutor.java:809)
        at java.util.concurrent.ThreadPoolExecutor.getTask(ThreadPoolExecutor.java:1074)
        at java.util.concurrent.ThreadPoolExecutor.runWorker(ThreadPoolExecutor.java:1134)
        at java.util.concurrent.ThreadPoolExecutor$Worker.run(ThreadPoolExecutor.java:624)
        at java.lang.Thread.run(Thread.java:750)
"IPC Server handler 19 on default port 33617" daemon prio=5 tid=66 timed_waiting
java.lang.Thread.State: TIMED_WAITING
        at sun.misc.Unsafe.park(Native Method)
        at java.util.concurrent.locks.LockSupport.parkNanos(LockSupport.java:215)
        at java.util.concurrent.locks.AbstractQueuedSynchronizer$ConditionObject.awaitNanos(AbstractQueuedSynchronizer.java:2078)
        at java.util.concurrent.LinkedBlockingQueue.poll(LinkedBlockingQueue.java:467)
        at org.apache.hadoop.ipc.CallQueueManager.take(CallQueueManager.java:317)
        at org.apache.hadoop.ipc.Server$Handler.run(Server.java:2942)
"c047bafd-0fa0-4f2f-9a8c-56ef9c35524f@group-CEF2DDE05160-StateMachineUpdater" daemon prio=5 tid=663 timed_waiting
java.lang.Thread.State: TIMED_WAITING
        at sun.misc.Unsafe.park(Native Method)
        at java.util.concurrent.locks.LockSupport.parkNanos(LockSupport.java:215)
        at java.util.concurrent.CompletableFuture$Signaller.block(CompletableFuture.java:1709)
        at java.util.concurrent.ForkJoinPool.managedBlock(ForkJoinPool.java:3323)
        at java.util.concurrent.CompletableFuture.timedGet(CompletableFuture.java:1788)
        at java.util.concurrent.CompletableFuture.get(CompletableFuture.java:1928)
        at org.apache.ratis.util.AwaitForSignal.await(AwaitForSignal.java:56)
        at org.apache.ratis.server.impl.StateMachineUpdater.waitForCommit(StateMachineUpdater.java:207)
        at org.apache.ratis.server.impl.StateMachineUpdater.run(StateMachineUpdater.java:176)
        at java.lang.Thread.run(Thread.java:750)
"Datanode ReportManager Thread - 4" daemon prio=5 tid=198 in Object.wait()
java.lang.Thread.State: WAITING (on object monitor)
        at sun.misc.Unsafe.park(Native Method)
        at java.util.concurrent.locks.LockSupport.park(LockSupport.java:175)
        at java.util.concurrent.locks.AbstractQueuedSynchronizer$ConditionObject.await(AbstractQueuedSynchronizer.java:2039)
        at java.util.concurrent.ScheduledThreadPoolExecutor$DelayedWorkQueue.take(ScheduledThreadPoolExecutor.java:1088)
        at java.util.concurrent.ScheduledThreadPoolExecutor$DelayedWorkQueue.take(ScheduledThreadPoolExecutor.java:809)
        at java.util.concurrent.ThreadPoolExecutor.getTask(ThreadPoolExecutor.java:1074)
        at java.util.concurrent.ThreadPoolExecutor.runWorker(ThreadPoolExecutor.java:1134)
        at java.util.concurrent.ThreadPoolExecutor$Worker.run(ThreadPoolExecutor.java:624)
        at java.lang.Thread.run(Thread.java:750)
"StaleRecoveringContainerScrubbingService#0" daemon prio=5 tid=551 in Object.wait()
java.lang.Thread.State: WAITING (on object monitor)
        at sun.misc.Unsafe.park(Native Method)
        at java.util.concurrent.locks.LockSupport.park(LockSupport.java:175)
        at java.util.concurrent.locks.AbstractQueuedSynchronizer$ConditionObject.await(AbstractQueuedSynchronizer.java:2039)
        at java.util.concurrent.ScheduledThreadPoolExecutor$DelayedWorkQueue.take(ScheduledThreadPoolExecutor.java:1088)
        at java.util.concurrent.ScheduledThreadPoolExecutor$DelayedWorkQueue.take(ScheduledThreadPoolExecutor.java:809)
        at java.util.concurrent.ThreadPoolExecutor.getTask(ThreadPoolExecutor.java:1074)
        at java.util.concurrent.ThreadPoolExecutor.runWorker(ThreadPoolExecutor.java:1134)
        at java.util.concurrent.ThreadPoolExecutor$Worker.run(ThreadPoolExecutor.java:624)
        at java.lang.Thread.run(Thread.java:750)
"qtp154819692-191" daemon prio=5 tid=191 timed_waiting
java.lang.Thread.State: TIMED_WAITING
        at sun.misc.Unsafe.park(Native Method)
        at java.util.concurrent.locks.LockSupport.parkNanos(LockSupport.java:215)
        at java.util.concurrent.locks.AbstractQueuedSynchronizer$ConditionObject.awaitNanos(AbstractQueuedSynchronizer.java:2078)
        at org.eclipse.jetty.util.BlockingArrayQueue.poll(BlockingArrayQueue.java:382)
        at org.eclipse.jetty.util.thread.QueuedThreadPool$Runner.idleJobPoll(QueuedThreadPool.java:974)
        at org.eclipse.jetty.util.thread.QueuedThreadPool$Runner.run(QueuedThreadPool.java:1018)
        at java.lang.Thread.run(Thread.java:750)
"1397ad66-7a30-4622-84c4-76091eab1ef3@group-328117242DA8->c047bafd-0fa0-4f2f-9a8c-56ef9c35524f-GrpcLogAppender-LogAppenderDaemon" daemon prio=5 tid=835 timed_waiting
java.lang.Thread.State: TIMED_WAITING
        at sun.misc.Unsafe.park(Native Method)
        at java.util.concurrent.locks.LockSupport.parkNanos(LockSupport.java:215)
        at java.util.concurrent.CompletableFuture$Signaller.block(CompletableFuture.java:1709)
        at java.util.concurrent.ForkJoinPool.managedBlock(ForkJoinPool.java:3323)
        at java.util.concurrent.CompletableFuture.timedGet(CompletableFuture.java:1788)
        at java.util.concurrent.CompletableFuture.get(CompletableFuture.java:1928)
        at org.apache.ratis.util.AwaitForSignal.await(AwaitForSignal.java:56)
        at org.apache.ratis.grpc.server.GrpcLogAppender.mayWait(GrpcLogAppender.java:198)
        at org.apache.ratis.grpc.server.GrpcLogAppender.run(GrpcLogAppender.java:148)
        at org.apache.ratis.server.leader.LogAppenderDaemon.run(LogAppenderDaemon.java:78)
        at org.apache.ratis.server.leader.LogAppenderDaemon$$Lambda$1040/1326312005.run(Unknown Source)
        at java.lang.Thread.run(Thread.java:750)
"qtp110562008-343-acceptor-0@3ad39096-ServerConnector@2c61e062{HTTP/1.1, (http/1.1)}{0.0.0.0:45901}" daemon prio=3 tid=343 runnable
java.lang.Thread.State: RUNNABLE
        at sun.nio.ch.ServerSocketChannelImpl.accept0(Native Method)
        at sun.nio.ch.ServerSocketChannelImpl.accept(ServerSocketChannelImpl.java:421)
        at sun.nio.ch.ServerSocketChannelImpl.accept(ServerSocketChannelImpl.java:249)
        at org.eclipse.jetty.server.ServerConnector.accept(ServerConnector.java:388)
        at org.eclipse.jetty.server.AbstractConnector$Acceptor.run(AbstractConnector.java:704)
        at org.eclipse.jetty.util.thread.QueuedThreadPool.runJob(QueuedThreadPool.java:883)
        at org.eclipse.jetty.util.thread.QueuedThreadPool$Runner.run(QueuedThreadPool.java:1034)
        at java.lang.Thread.run(Thread.java:750)
"ChunkReader-ELG-0" daemon prio=5 tid=435 runnable
java.lang.Thread.State: RUNNABLE
        at org.apache.ratis.thirdparty.io.netty.channel.epoll.Native.epollWait(Native Method)
        at org.apache.ratis.thirdparty.io.netty.channel.epoll.Native.epollWait(Native.java:209)
        at org.apache.ratis.thirdparty.io.netty.channel.epoll.Native.epollWait(Native.java:202)
        at org.apache.ratis.thirdparty.io.netty.channel.epoll.EpollEventLoop.epollWaitNoTimerChange(EpollEventLoop.java:294)
        at org.apache.ratis.thirdparty.io.netty.channel.epoll.EpollEventLoop.run(EpollEventLoop.java:351)
        at org.apache.ratis.thirdparty.io.netty.util.concurrent.SingleThreadEventExecutor$4.run(SingleThreadEventExecutor.java:995)
        at org.apache.ratis.thirdparty.io.netty.util.internal.ThreadExecutorMap$2.run(ThreadExecutorMap.java:74)
        at java.lang.Thread.run(Thread.java:750)
"Datanode State Machine Task Thread - 1"  prio=5 tid=390 timed_waiting
java.lang.Thread.State: TIMED_WAITING
        at sun.misc.Unsafe.park(Native Method)
        at java.util.concurrent.locks.LockSupport.park(LockSupport.java:175)
        at java.util.concurrent.locks.AbstractQueuedSynchronizer$ConditionObject.await(AbstractQueuedSynchronizer.java:2039)
        at java.util.concurrent.LinkedBlockingQueue.take(LinkedBlockingQueue.java:442)
        at java.util.concurrent.ThreadPoolExecutor.getTask(ThreadPoolExecutor.java:1074)
        at java.util.concurrent.ThreadPoolExecutor.runWorker(ThreadPoolExecutor.java:1134)
        at java.util.concurrent.ThreadPoolExecutor$Worker.run(ThreadPoolExecutor.java:624)
        at java.lang.Thread.run(Thread.java:750)
"BlockDeletingService#2" daemon prio=5 tid=890 in Object.wait()
java.lang.Thread.State: WAITING (on object monitor)
        at sun.misc.Unsafe.park(Native Method)
        at java.util.concurrent.locks.LockSupport.park(LockSupport.java:175)
        at java.util.concurrent.locks.AbstractQueuedSynchronizer$ConditionObject.await(AbstractQueuedSynchronizer.java:2039)
        at java.util.concurrent.ScheduledThreadPoolExecutor$DelayedWorkQueue.take(ScheduledThreadPoolExecutor.java:1088)
        at java.util.concurrent.ScheduledThreadPoolExecutor$DelayedWorkQueue.take(ScheduledThreadPoolExecutor.java:809)
        at java.util.concurrent.ThreadPoolExecutor.getTask(ThreadPoolExecutor.java:1074)
        at java.util.concurrent.ThreadPoolExecutor.runWorker(ThreadPoolExecutor.java:1134)
        at java.util.concurrent.ThreadPoolExecutor$Worker.run(ThreadPoolExecutor.java:624)
        at java.lang.Thread.run(Thread.java:750)
"pool-230-thread-1" daemon prio=5 tid=376 timed_waiting
java.lang.Thread.State: TIMED_WAITING
        at sun.misc.Unsafe.park(Native Method)
        at java.util.concurrent.locks.LockSupport.parkNanos(LockSupport.java:215)
        at java.util.concurrent.locks.AbstractQueuedSynchronizer$ConditionObject.awaitNanos(AbstractQueuedSynchronizer.java:2078)
        at java.util.concurrent.ScheduledThreadPoolExecutor$DelayedWorkQueue.take(ScheduledThreadPoolExecutor.java:1093)
        at java.util.concurrent.ScheduledThreadPoolExecutor$DelayedWorkQueue.take(ScheduledThreadPoolExecutor.java:809)
        at java.util.concurrent.ThreadPoolExecutor.getTask(ThreadPoolExecutor.java:1074)
        at java.util.concurrent.ThreadPoolExecutor.runWorker(ThreadPoolExecutor.java:1134)
        at java.util.concurrent.ThreadPoolExecutor$Worker.run(ThreadPoolExecutor.java:624)
        at java.lang.Thread.run(Thread.java:750)
"IPC Server handler 11 on default port 34199" daemon prio=5 tid=98 timed_waiting
java.lang.Thread.State: TIMED_WAITING
        at sun.misc.Unsafe.park(Native Method)
        at java.util.concurrent.locks.LockSupport.parkNanos(LockSupport.java:215)
        at java.util.concurrent.locks.AbstractQueuedSynchronizer$ConditionObject.awaitNanos(AbstractQueuedSynchronizer.java:2078)
        at java.util.concurrent.LinkedBlockingQueue.poll(LinkedBlockingQueue.java:467)
        at org.apache.hadoop.ipc.CallQueueManager.take(CallQueueManager.java:317)
        at org.apache.hadoop.ipc.Server$Handler.run(Server.java:2942)
"ChunkReader-ELG-0" daemon prio=5 tid=359 runnable
java.lang.Thread.State: RUNNABLE
        at org.apache.ratis.thirdparty.io.netty.channel.epoll.Native.epollWait(Native Method)
        at org.apache.ratis.thirdparty.io.netty.channel.epoll.Native.epollWait(Native.java:209)
        at org.apache.ratis.thirdparty.io.netty.channel.epoll.Native.epollWait(Native.java:202)
        at org.apache.ratis.thirdparty.io.netty.channel.epoll.EpollEventLoop.epollWaitNoTimerChange(EpollEventLoop.java:294)
        at org.apache.ratis.thirdparty.io.netty.channel.epoll.EpollEventLoop.run(EpollEventLoop.java:351)
        at org.apache.ratis.thirdparty.io.netty.util.concurrent.SingleThreadEventExecutor$4.run(SingleThreadEventExecutor.java:995)
        at org.apache.ratis.thirdparty.io.netty.util.internal.ThreadExecutorMap$2.run(ThreadExecutorMap.java:74)
        at java.lang.Thread.run(Thread.java:750)
"EventQueue-NodeRegistrationContainerReportForContainerSafeModeRule" daemon prio=5 tid=513 in Object.wait()
java.lang.Thread.State: WAITING (on object monitor)
        at sun.misc.Unsafe.park(Native Method)
        at java.util.concurrent.locks.LockSupport.park(LockSupport.java:175)
        at java.util.concurrent.locks.AbstractQueuedSynchronizer$ConditionObject.await(AbstractQueuedSynchronizer.java:2039)
        at java.util.concurrent.LinkedBlockingQueue.take(LinkedBlockingQueue.java:442)
        at java.util.concurrent.ThreadPoolExecutor.getTask(ThreadPoolExecutor.java:1074)
        at java.util.concurrent.ThreadPoolExecutor.runWorker(ThreadPoolExecutor.java:1134)
        at java.util.concurrent.ThreadPoolExecutor$Worker.run(ThreadPoolExecutor.java:624)
        at java.lang.Thread.run(Thread.java:750)
"1397ad66-7a30-4622-84c4-76091eab1ef3@group-328117242DA8-StateMachineUpdater" daemon prio=5 tid=654 timed_waiting
java.lang.Thread.State: TIMED_WAITING
        at sun.misc.Unsafe.park(Native Method)
        at java.util.concurrent.locks.LockSupport.parkNanos(LockSupport.java:215)
        at java.util.concurrent.CompletableFuture$Signaller.block(CompletableFuture.java:1709)
        at java.util.concurrent.ForkJoinPool.managedBlock(ForkJoinPool.java:3323)
        at java.util.concurrent.CompletableFuture.timedGet(CompletableFuture.java:1788)
        at java.util.concurrent.CompletableFuture.get(CompletableFuture.java:1928)
        at org.apache.ratis.util.AwaitForSignal.await(AwaitForSignal.java:56)
        at org.apache.ratis.server.impl.StateMachineUpdater.waitForCommit(StateMachineUpdater.java:207)
        at org.apache.ratis.server.impl.StateMachineUpdater.run(StateMachineUpdater.java:176)
        at java.lang.Thread.run(Thread.java:750)
"Datanode State Machine Task Thread - 1"  prio=5 tid=351 in Object.wait()
java.lang.Thread.State: WAITING (on object monitor)
        at sun.misc.Unsafe.park(Native Method)
        at java.util.concurrent.locks.LockSupport.park(LockSupport.java:175)
        at java.util.concurrent.locks.AbstractQueuedSynchronizer$ConditionObject.await(AbstractQueuedSynchronizer.java:2039)
        at java.util.concurrent.LinkedBlockingQueue.take(LinkedBlockingQueue.java:442)
        at java.util.concurrent.ThreadPoolExecutor.getTask(ThreadPoolExecutor.java:1074)
        at java.util.concurrent.ThreadPoolExecutor.runWorker(ThreadPoolExecutor.java:1134)
        at java.util.concurrent.ThreadPoolExecutor$Worker.run(ThreadPoolExecutor.java:624)
        at java.lang.Thread.run(Thread.java:750)
"ChunkWriter-1-0" daemon prio=5 tid=520 in Object.wait()
java.lang.Thread.State: WAITING (on object monitor)
        at sun.misc.Unsafe.park(Native Method)
        at java.util.concurrent.locks.LockSupport.park(LockSupport.java:175)
        at java.util.concurrent.locks.AbstractQueuedSynchronizer$ConditionObject.await(AbstractQueuedSynchronizer.java:2039)
        at java.util.concurrent.LinkedBlockingDeque.takeFirst(LinkedBlockingDeque.java:492)
        at java.util.concurrent.LinkedBlockingDeque.take(LinkedBlockingDeque.java:680)
        at java.util.concurrent.ThreadPoolExecutor.getTask(ThreadPoolExecutor.java:1074)
        at java.util.concurrent.ThreadPoolExecutor.runWorker(ThreadPoolExecutor.java:1134)
        at java.util.concurrent.ThreadPoolExecutor$Worker.run(ThreadPoolExecutor.java:624)
        at java.lang.Thread.run(Thread.java:750)
"Session-HouseKeeper-76e14d07-1"  prio=5 tid=246 timed_waiting
java.lang.Thread.State: TIMED_WAITING
        at sun.misc.Unsafe.park(Native Method)
        at java.util.concurrent.locks.LockSupport.parkNanos(LockSupport.java:215)
        at java.util.concurrent.locks.AbstractQueuedSynchronizer$ConditionObject.awaitNanos(AbstractQueuedSynchronizer.java:2078)
        at java.util.concurrent.ScheduledThreadPoolExecutor$DelayedWorkQueue.take(ScheduledThreadPoolExecutor.java:1093)
        at java.util.concurrent.ScheduledThreadPoolExecutor$DelayedWorkQueue.take(ScheduledThreadPoolExecutor.java:809)
        at java.util.concurrent.ThreadPoolExecutor.getTask(ThreadPoolExecutor.java:1074)
        at java.util.concurrent.ThreadPoolExecutor.runWorker(ThreadPoolExecutor.java:1134)
        at java.util.concurrent.ThreadPoolExecutor$Worker.run(ThreadPoolExecutor.java:624)
        at java.lang.Thread.run(Thread.java:750)
"StaleRecoveringContainerScrubbingService#2" daemon prio=5 tid=886 in Object.wait()
java.lang.Thread.State: WAITING (on object monitor)
        at sun.misc.Unsafe.park(Native Method)
        at java.util.concurrent.locks.LockSupport.park(LockSupport.java:175)
        at java.util.concurrent.locks.AbstractQueuedSynchronizer$ConditionObject.await(AbstractQueuedSynchronizer.java:2039)
        at java.util.concurrent.ScheduledThreadPoolExecutor$DelayedWorkQueue.take(ScheduledThreadPoolExecutor.java:1088)
        at java.util.concurrent.ScheduledThreadPoolExecutor$DelayedWorkQueue.take(ScheduledThreadPoolExecutor.java:809)
        at java.util.concurrent.ThreadPoolExecutor.getTask(ThreadPoolExecutor.java:1074)
        at java.util.concurrent.ThreadPoolExecutor.runWorker(ThreadPoolExecutor.java:1134)
        at java.util.concurrent.ThreadPoolExecutor$Worker.run(ThreadPoolExecutor.java:624)
        at java.lang.Thread.run(Thread.java:750)
"pool-118-thread-1"  prio=5 tid=588 in Object.wait()
java.lang.Thread.State: WAITING (on object monitor)
        at sun.misc.Unsafe.park(Native Method)
        at java.util.concurrent.locks.LockSupport.park(LockSupport.java:175)
        at java.util.concurrent.locks.AbstractQueuedSynchronizer$ConditionObject.await(AbstractQueuedSynchronizer.java:2039)
        at java.util.concurrent.LinkedBlockingQueue.take(LinkedBlockingQueue.java:442)
        at java.util.concurrent.ThreadPoolExecutor.getTask(ThreadPoolExecutor.java:1074)
        at java.util.concurrent.ThreadPoolExecutor.runWorker(ThreadPoolExecutor.java:1134)
        at java.util.concurrent.ThreadPoolExecutor$Worker.run(ThreadPoolExecutor.java:624)
        at java.lang.Thread.run(Thread.java:750)
"c047bafd-0fa0-4f2f-9a8c-56ef9c35524f@group-328117242DA8-StateMachineUpdater" daemon prio=5 tid=650 timed_waiting
java.lang.Thread.State: TIMED_WAITING
        at sun.misc.Unsafe.park(Native Method)
        at java.util.concurrent.locks.LockSupport.parkNanos(LockSupport.java:215)
        at java.util.concurrent.CompletableFuture$Signaller.block(CompletableFuture.java:1709)
        at java.util.concurrent.ForkJoinPool.managedBlock(ForkJoinPool.java:3323)
        at java.util.concurrent.CompletableFuture.timedGet(CompletableFuture.java:1788)
        at java.util.concurrent.CompletableFuture.get(CompletableFuture.java:1928)
        at org.apache.ratis.util.AwaitForSignal.await(AwaitForSignal.java:56)
        at org.apache.ratis.server.impl.StateMachineUpdater.waitForCommit(StateMachineUpdater.java:207)
        at org.apache.ratis.server.impl.StateMachineUpdater.run(StateMachineUpdater.java:176)
        at java.lang.Thread.run(Thread.java:750)
"Datanode ReportManager Thread - 0" daemon prio=5 tid=441 timed_waiting
java.lang.Thread.State: TIMED_WAITING
        at sun.misc.Unsafe.park(Native Method)
        at java.util.concurrent.locks.LockSupport.parkNanos(LockSupport.java:215)
        at java.util.concurrent.locks.AbstractQueuedSynchronizer$ConditionObject.awaitNanos(AbstractQueuedSynchronizer.java:2078)
        at java.util.concurrent.ScheduledThreadPoolExecutor$DelayedWorkQueue.take(ScheduledThreadPoolExecutor.java:1093)
        at java.util.concurrent.ScheduledThreadPoolExecutor$DelayedWorkQueue.take(ScheduledThreadPoolExecutor.java:809)
        at java.util.concurrent.ThreadPoolExecutor.getTask(ThreadPoolExecutor.java:1074)
        at java.util.concurrent.ThreadPoolExecutor.runWorker(ThreadPoolExecutor.java:1134)
        at java.util.concurrent.ThreadPoolExecutor$Worker.run(ThreadPoolExecutor.java:624)
        at java.lang.Thread.run(Thread.java:750)
"BlockDeletingService#2" daemon prio=5 tid=898 in Object.wait()
java.lang.Thread.State: WAITING (on object monitor)
        at sun.misc.Unsafe.park(Native Method)
        at java.util.concurrent.locks.LockSupport.park(LockSupport.java:175)
        at java.util.concurrent.locks.AbstractQueuedSynchronizer$ConditionObject.await(AbstractQueuedSynchronizer.java:2039)
        at java.util.concurrent.ScheduledThreadPoolExecutor$DelayedWorkQueue.take(ScheduledThreadPoolExecutor.java:1088)
        at java.util.concurrent.ScheduledThreadPoolExecutor$DelayedWorkQueue.take(ScheduledThreadPoolExecutor.java:809)
        at java.util.concurrent.ThreadPoolExecutor.getTask(ThreadPoolExecutor.java:1074)
        at java.util.concurrent.ThreadPoolExecutor.runWorker(ThreadPoolExecutor.java:1134)
        at java.util.concurrent.ThreadPoolExecutor$Worker.run(ThreadPoolExecutor.java:624)
        at java.lang.Thread.run(Thread.java:750)
"IPC Server handler 0 on default port 33617" daemon prio=5 tid=47 timed_waiting
java.lang.Thread.State: TIMED_WAITING
        at sun.misc.Unsafe.park(Native Method)
        at java.util.concurrent.locks.LockSupport.parkNanos(LockSupport.java:215)
        at java.util.concurrent.locks.AbstractQueuedSynchronizer$ConditionObject.awaitNanos(AbstractQueuedSynchronizer.java:2078)
        at java.util.concurrent.LinkedBlockingQueue.poll(LinkedBlockingQueue.java:467)
        at org.apache.hadoop.ipc.CallQueueManager.take(CallQueueManager.java:317)
        at org.apache.hadoop.ipc.Server$Handler.run(Server.java:2942)
"fca08327-10d6-4e50-9aa0-d18fc62323ab-server-thread2" daemon prio=5 tid=706 timed_waiting
java.lang.Thread.State: TIMED_WAITING
        at sun.misc.Unsafe.park(Native Method)
        at java.util.concurrent.locks.LockSupport.parkNanos(LockSupport.java:215)
        at java.util.concurrent.SynchronousQueue$TransferStack.awaitFulfill(SynchronousQueue.java:460)
        at java.util.concurrent.SynchronousQueue$TransferStack.transfer(SynchronousQueue.java:362)
        at java.util.concurrent.SynchronousQueue.poll(SynchronousQueue.java:941)
        at java.util.concurrent.ThreadPoolExecutor.getTask(ThreadPoolExecutor.java:1073)
        at java.util.concurrent.ThreadPoolExecutor.runWorker(ThreadPoolExecutor.java:1134)
        at java.util.concurrent.ThreadPoolExecutor$Worker.run(ThreadPoolExecutor.java:624)
        at java.lang.Thread.run(Thread.java:750)
"fca08327-10d6-4e50-9aa0-d18fc62323ab@group-ECD5D5B9374B-SegmentedRaftLogWorker"  prio=5 tid=602 timed_waiting
java.lang.Thread.State: TIMED_WAITING
        at sun.misc.Unsafe.park(Native Method)
        at java.util.concurrent.locks.LockSupport.parkNanos(LockSupport.java:215)
        at java.util.concurrent.locks.AbstractQueuedSynchronizer$ConditionObject.awaitNanos(AbstractQueuedSynchronizer.java:2078)
        at org.apache.ratis.util.DataBlockingQueue.poll(DataBlockingQueue.java:148)
        at org.apache.ratis.server.raftlog.segmented.SegmentedRaftLogWorker.run(SegmentedRaftLogWorker.java:310)
        at org.apache.ratis.server.raftlog.segmented.SegmentedRaftLogWorker$$Lambda$665/306525361.run(Unknown Source)
        at java.lang.Thread.run(Thread.java:750)
"aafd62d6-5d37-4c95-9ffb-fecfd05fefa6@group-7510FC58D10D-SegmentedRaftLogWorker"  prio=5 tid=572 timed_waiting
java.lang.Thread.State: TIMED_WAITING
        at sun.misc.Unsafe.park(Native Method)
        at java.util.concurrent.locks.LockSupport.parkNanos(LockSupport.java:215)
        at java.util.concurrent.locks.AbstractQueuedSynchronizer$ConditionObject.awaitNanos(AbstractQueuedSynchronizer.java:2078)
        at org.apache.ratis.util.DataBlockingQueue.poll(DataBlockingQueue.java:148)
        at org.apache.ratis.server.raftlog.segmented.SegmentedRaftLogWorker.run(SegmentedRaftLogWorker.java:310)
        at org.apache.ratis.server.raftlog.segmented.SegmentedRaftLogWorker$$Lambda$665/306525361.run(Unknown Source)
        at java.lang.Thread.run(Thread.java:750)
"JvmPauseMonitor8" daemon prio=5 tid=536 timed_waiting
java.lang.Thread.State: TIMED_WAITING
        at java.lang.Thread.sleep(Native Method)
        at java.lang.Thread.sleep(Thread.java:342)
        at java.util.concurrent.TimeUnit.sleep(TimeUnit.java:386)
        at org.apache.ratis.util.TimeDuration.sleep(TimeDuration.java:325)
        at org.apache.ratis.util.TimeDuration.sleep(TimeDuration.java:310)
        at org.apache.ratis.util.JvmPauseMonitor.detectPause(JvmPauseMonitor.java:119)
        at org.apache.ratis.util.JvmPauseMonitor.run(JvmPauseMonitor.java:108)
        at org.apache.ratis.util.JvmPauseMonitor$$Lambda$706/577778412.run(Unknown Source)
        at java.lang.Thread.run(Thread.java:750)
"b788acd7-0bfa-48fd-ae0f-b822d5826f57@group-7510FC58D10D-StateMachineUpdater" daemon prio=5 tid=584 timed_waiting
java.lang.Thread.State: TIMED_WAITING
        at sun.misc.Unsafe.park(Native Method)
        at java.util.concurrent.locks.LockSupport.parkNanos(LockSupport.java:215)
        at java.util.concurrent.CompletableFuture$Signaller.block(CompletableFuture.java:1709)
        at java.util.concurrent.ForkJoinPool.managedBlock(ForkJoinPool.java:3323)
        at java.util.concurrent.CompletableFuture.timedGet(CompletableFuture.java:1788)
        at java.util.concurrent.CompletableFuture.get(CompletableFuture.java:1928)
        at org.apache.ratis.util.AwaitForSignal.await(AwaitForSignal.java:56)
        at org.apache.ratis.server.impl.StateMachineUpdater.waitForCommit(StateMachineUpdater.java:207)
        at org.apache.ratis.server.impl.StateMachineUpdater.run(StateMachineUpdater.java:176)
        at java.lang.Thread.run(Thread.java:750)
"Datanode ReportManager Thread - 2" daemon prio=5 tid=196 timed_waiting
java.lang.Thread.State: TIMED_WAITING
        at sun.misc.Unsafe.park(Native Method)
        at java.util.concurrent.locks.LockSupport.parkNanos(LockSupport.java:215)
        at java.util.concurrent.locks.AbstractQueuedSynchronizer$ConditionObject.awaitNanos(AbstractQueuedSynchronizer.java:2078)
        at java.util.concurrent.ScheduledThreadPoolExecutor$DelayedWorkQueue.take(ScheduledThreadPoolExecutor.java:1093)
        at java.util.concurrent.ScheduledThreadPoolExecutor$DelayedWorkQueue.take(ScheduledThreadPoolExecutor.java:809)
        at java.util.concurrent.ThreadPoolExecutor.getTask(ThreadPoolExecutor.java:1074)
        at java.util.concurrent.ThreadPoolExecutor.runWorker(ThreadPoolExecutor.java:1134)
        at java.util.concurrent.ThreadPoolExecutor$Worker.run(ThreadPoolExecutor.java:624)
        at java.lang.Thread.run(Thread.java:750)
"qtp1107259192-217" daemon prio=5 tid=217 timed_waiting
java.lang.Thread.State: TIMED_WAITING
        at sun.misc.Unsafe.park(Native Method)
        at java.util.concurrent.locks.LockSupport.parkNanos(LockSupport.java:215)
        at java.util.concurrent.locks.AbstractQueuedSynchronizer$ConditionObject.awaitNanos(AbstractQueuedSynchronizer.java:2078)
        at org.eclipse.jetty.util.BlockingArrayQueue.poll(BlockingArrayQueue.java:382)
        at org.eclipse.jetty.util.thread.QueuedThreadPool$Runner.idleJobPoll(QueuedThreadPool.java:974)
        at org.eclipse.jetty.util.thread.QueuedThreadPool$Runner.run(QueuedThreadPool.java:1018)
        at java.lang.Thread.run(Thread.java:750)
"StaleRecoveringContainerScrubbingService#2" daemon prio=5 tid=884 in Object.wait()
java.lang.Thread.State: WAITING (on object monitor)
        at sun.misc.Unsafe.park(Native Method)
        at java.util.concurrent.locks.LockSupport.park(LockSupport.java:175)
        at java.util.concurrent.locks.AbstractQueuedSynchronizer$ConditionObject.await(AbstractQueuedSynchronizer.java:2039)
        at java.util.concurrent.ScheduledThreadPoolExecutor$DelayedWorkQueue.take(ScheduledThreadPoolExecutor.java:1088)
        at java.util.concurrent.ScheduledThreadPoolExecutor$DelayedWorkQueue.take(ScheduledThreadPoolExecutor.java:809)
        at java.util.concurrent.ThreadPoolExecutor.getTask(ThreadPoolExecutor.java:1074)
        at java.util.concurrent.ThreadPoolExecutor.runWorker(ThreadPoolExecutor.java:1134)
        at java.util.concurrent.ThreadPoolExecutor$Worker.run(ThreadPoolExecutor.java:624)
        at java.lang.Thread.run(Thread.java:750)
"b788acd7-0bfa-48fd-ae0f-b822d5826f57@group-DD4C95DED537-SegmentedRaftLogWorker"  prio=5 tid=601 timed_waiting
java.lang.Thread.State: TIMED_WAITING
        at sun.misc.Unsafe.park(Native Method)
        at java.util.concurrent.locks.LockSupport.parkNanos(LockSupport.java:215)
        at java.util.concurrent.locks.AbstractQueuedSynchronizer$ConditionObject.awaitNanos(AbstractQueuedSynchronizer.java:2078)
        at org.apache.ratis.util.DataBlockingQueue.poll(DataBlockingQueue.java:148)
        at org.apache.ratis.server.raftlog.segmented.SegmentedRaftLogWorker.run(SegmentedRaftLogWorker.java:310)
        at org.apache.ratis.server.raftlog.segmented.SegmentedRaftLogWorker$$Lambda$665/306525361.run(Unknown Source)
        at java.lang.Thread.run(Thread.java:750)
"org.apache.hadoop.util.JvmPauseMonitor$Monitor@f17c04" daemon prio=5 tid=280 timed_waiting
java.lang.Thread.State: TIMED_WAITING
        at java.lang.Thread.sleep(Native Method)
        at org.apache.hadoop.util.JvmPauseMonitor$Monitor.run(JvmPauseMonitor.java:192)
        at java.lang.Thread.run(Thread.java:750)
"EventQueue-DatanodeCommandForSCMNodeManager"  prio=5 tid=516 in Object.wait()
java.lang.Thread.State: WAITING (on object monitor)
        at sun.misc.Unsafe.park(Native Method)
        at java.util.concurrent.locks.LockSupport.park(LockSupport.java:175)
        at java.util.concurrent.locks.AbstractQueuedSynchronizer$ConditionObject.await(AbstractQueuedSynchronizer.java:2039)
        at java.util.concurrent.LinkedBlockingQueue.take(LinkedBlockingQueue.java:442)
        at java.util.concurrent.ThreadPoolExecutor.getTask(ThreadPoolExecutor.java:1074)
        at java.util.concurrent.ThreadPoolExecutor.runWorker(ThreadPoolExecutor.java:1134)
        at java.util.concurrent.ThreadPoolExecutor$Worker.run(ThreadPoolExecutor.java:624)
        at java.lang.Thread.run(Thread.java:750)
"qtp1691241233-297" daemon prio=5 tid=297 timed_waiting
java.lang.Thread.State: TIMED_WAITING
        at sun.misc.Unsafe.park(Native Method)
        at java.util.concurrent.locks.LockSupport.parkNanos(LockSupport.java:215)
        at java.util.concurrent.locks.AbstractQueuedSynchronizer$ConditionObject.awaitNanos(AbstractQueuedSynchronizer.java:2078)
        at org.eclipse.jetty.util.BlockingArrayQueue.poll(BlockingArrayQueue.java:382)
        at org.eclipse.jetty.util.thread.QueuedThreadPool$Runner.idleJobPoll(QueuedThreadPool.java:974)
        at org.eclipse.jetty.util.thread.QueuedThreadPool$Runner.run(QueuedThreadPool.java:1018)
        at java.lang.Thread.run(Thread.java:750)
"qtp604571221-267" daemon prio=5 tid=267 timed_waiting
java.lang.Thread.State: TIMED_WAITING
        at sun.misc.Unsafe.park(Native Method)
        at java.util.concurrent.locks.LockSupport.parkNanos(LockSupport.java:215)
        at java.util.concurrent.locks.AbstractQueuedSynchronizer$ConditionObject.awaitNanos(AbstractQueuedSynchronizer.java:2078)
        at org.eclipse.jetty.util.BlockingArrayQueue.poll(BlockingArrayQueue.java:382)
        at org.eclipse.jetty.util.thread.QueuedThreadPool$Runner.idleJobPoll(QueuedThreadPool.java:974)
        at org.eclipse.jetty.util.thread.QueuedThreadPool$Runner.run(QueuedThreadPool.java:1018)
        at java.lang.Thread.run(Thread.java:750)
"pool-284-thread-1" daemon prio=5 tid=452 timed_waiting
java.lang.Thread.State: TIMED_WAITING
        at sun.misc.Unsafe.park(Native Method)
        at java.util.concurrent.locks.LockSupport.parkNanos(LockSupport.java:215)
        at java.util.concurrent.locks.AbstractQueuedSynchronizer$ConditionObject.awaitNanos(AbstractQueuedSynchronizer.java:2078)
        at java.util.concurrent.ScheduledThreadPoolExecutor$DelayedWorkQueue.take(ScheduledThreadPoolExecutor.java:1093)
        at java.util.concurrent.ScheduledThreadPoolExecutor$DelayedWorkQueue.take(ScheduledThreadPoolExecutor.java:809)
        at java.util.concurrent.ThreadPoolExecutor.getTask(ThreadPoolExecutor.java:1074)
        at java.util.concurrent.ThreadPoolExecutor.runWorker(ThreadPoolExecutor.java:1134)
        at java.util.concurrent.ThreadPoolExecutor$Worker.run(ThreadPoolExecutor.java:624)
        at java.lang.Thread.run(Thread.java:750)
"RatisPipelineUtilsThread - 0"  prio=5 tid=15 timed_waiting
java.lang.Thread.State: TIMED_WAITING
        at java.lang.Object.wait(Native Method)
        at org.apache.hadoop.hdds.scm.pipeline.BackgroundPipelineCreator.run(BackgroundPipelineCreator.java:176)
        at org.apache.hadoop.hdds.scm.pipeline.BackgroundPipelineCreator$$Lambda$372/1580727170.run(Unknown Source)
        at java.lang.Thread.run(Thread.java:750)
"StaleRecoveringContainerScrubbingService#2" daemon prio=5 tid=892 in Object.wait()
java.lang.Thread.State: WAITING (on object monitor)
        at sun.misc.Unsafe.park(Native Method)
        at java.util.concurrent.locks.LockSupport.park(LockSupport.java:175)
        at java.util.concurrent.locks.AbstractQueuedSynchronizer$ConditionObject.await(AbstractQueuedSynchronizer.java:2039)
        at java.util.concurrent.ScheduledThreadPoolExecutor$DelayedWorkQueue.take(ScheduledThreadPoolExecutor.java:1088)
        at java.util.concurrent.ScheduledThreadPoolExecutor$DelayedWorkQueue.take(ScheduledThreadPoolExecutor.java:809)
        at java.util.concurrent.ThreadPoolExecutor.getTask(ThreadPoolExecutor.java:1074)
        at java.util.concurrent.ThreadPoolExecutor.runWorker(ThreadPoolExecutor.java:1134)
        at java.util.concurrent.ThreadPoolExecutor$Worker.run(ThreadPoolExecutor.java:624)
        at java.lang.Thread.run(Thread.java:750)
"ChunkWriter-2-0" daemon prio=5 tid=356 in Object.wait()
java.lang.Thread.State: WAITING (on object monitor)
        at sun.misc.Unsafe.park(Native Method)
        at java.util.concurrent.locks.LockSupport.park(LockSupport.java:175)
        at java.util.concurrent.locks.AbstractQueuedSynchronizer$ConditionObject.await(AbstractQueuedSynchronizer.java:2039)
        at java.util.concurrent.LinkedBlockingDeque.takeFirst(LinkedBlockingDeque.java:492)
        at java.util.concurrent.LinkedBlockingDeque.take(LinkedBlockingDeque.java:680)
        at java.util.concurrent.ThreadPoolExecutor.getTask(ThreadPoolExecutor.java:1074)
        at java.util.concurrent.ThreadPoolExecutor.runWorker(ThreadPoolExecutor.java:1134)
        at java.util.concurrent.ThreadPoolExecutor$Worker.run(ThreadPoolExecutor.java:624)
        at java.lang.Thread.run(Thread.java:750)
"IPC Server listener on 0" daemon prio=5 tid=23 runnable
java.lang.Thread.State: RUNNABLE
        at sun.nio.ch.EPollArrayWrapper.epollWait(Native Method)
        at sun.nio.ch.EPollArrayWrapper.poll(EPollArrayWrapper.java:269)
        at sun.nio.ch.EPollSelectorImpl.doSelect(EPollSelectorImpl.java:93)
        at sun.nio.ch.SelectorImpl.lockAndDoSelect(SelectorImpl.java:86)
        at sun.nio.ch.SelectorImpl.select(SelectorImpl.java:97)
        at sun.nio.ch.SelectorImpl.select(SelectorImpl.java:101)
        at org.apache.hadoop.ipc.Server$Listener.run(Server.java:1358)
"fca08327-10d6-4e50-9aa0-d18fc62323ab@group-ECD5D5B9374B-LeaderStateImpl" daemon prio=5 tid=713 timed_waiting
java.lang.Thread.State: TIMED_WAITING
        at sun.misc.Unsafe.park(Native Method)
        at java.util.concurrent.locks.LockSupport.parkNanos(LockSupport.java:215)
        at java.util.concurrent.locks.AbstractQueuedSynchronizer$ConditionObject.awaitNanos(AbstractQueuedSynchronizer.java:2078)
        at java.util.concurrent.ArrayBlockingQueue.poll(ArrayBlockingQueue.java:418)
        at org.apache.ratis.server.impl.LeaderStateImpl$EventQueue.poll(LeaderStateImpl.java:159)
        at org.apache.ratis.server.impl.LeaderStateImpl$EventProcessor.run(LeaderStateImpl.java:630)
"Datanode ReportManager Thread - 3" daemon prio=5 tid=251 timed_waiting
java.lang.Thread.State: TIMED_WAITING
        at sun.misc.Unsafe.park(Native Method)
        at java.util.concurrent.locks.LockSupport.parkNanos(LockSupport.java:215)
        at java.util.concurrent.locks.AbstractQueuedSynchronizer$ConditionObject.awaitNanos(AbstractQueuedSynchronizer.java:2078)
        at java.util.concurrent.ScheduledThreadPoolExecutor$DelayedWorkQueue.take(ScheduledThreadPoolExecutor.java:1093)
        at java.util.concurrent.ScheduledThreadPoolExecutor$DelayedWorkQueue.take(ScheduledThreadPoolExecutor.java:809)
        at java.util.concurrent.ThreadPoolExecutor.getTask(ThreadPoolExecutor.java:1074)
        at java.util.concurrent.ThreadPoolExecutor.runWorker(ThreadPoolExecutor.java:1134)
        at java.util.concurrent.ThreadPoolExecutor$Worker.run(ThreadPoolExecutor.java:624)
        at java.lang.Thread.run(Thread.java:750)
"qtp783772812-152" daemon prio=5 tid=152 timed_waiting
java.lang.Thread.State: TIMED_WAITING
        at sun.misc.Unsafe.park(Native Method)
        at java.util.concurrent.locks.LockSupport.parkNanos(LockSupport.java:215)
        at java.util.concurrent.locks.AbstractQueuedSynchronizer$ConditionObject.awaitNanos(AbstractQueuedSynchronizer.java:2078)
        at org.eclipse.jetty.util.BlockingArrayQueue.poll(BlockingArrayQueue.java:382)
        at org.eclipse.jetty.util.thread.QueuedThreadPool$Runner.idleJobPoll(QueuedThreadPool.java:974)
        at org.eclipse.jetty.util.thread.QueuedThreadPool$Runner.run(QueuedThreadPool.java:1018)
        at java.lang.Thread.run(Thread.java:750)
"1397ad66-7a30-4622-84c4-76091eab1ef3@group-CEF2DDE05160-FollowerState" daemon prio=5 tid=845 timed_waiting
java.lang.Thread.State: TIMED_WAITING
        at java.lang.Thread.sleep(Native Method)
        at java.lang.Thread.sleep(Thread.java:342)
        at java.util.concurrent.TimeUnit.sleep(TimeUnit.java:386)
        at org.apache.ratis.util.TimeDuration.sleep(TimeDuration.java:325)
        at org.apache.ratis.util.TimeDuration.sleep(TimeDuration.java:310)
        at org.apache.ratis.server.impl.FollowerState.run(FollowerState.java:128)
"ChunkReader-3" daemon prio=5 tid=797 in Object.wait()
java.lang.Thread.State: WAITING (on object monitor)
        at sun.misc.Unsafe.park(Native Method)
        at java.util.concurrent.locks.LockSupport.park(LockSupport.java:175)
        at java.util.concurrent.locks.AbstractQueuedSynchronizer$ConditionObject.await(AbstractQueuedSynchronizer.java:2039)
        at java.util.concurrent.LinkedBlockingQueue.take(LinkedBlockingQueue.java:442)
        at java.util.concurrent.ThreadPoolExecutor.getTask(ThreadPoolExecutor.java:1074)
        at java.util.concurrent.ThreadPoolExecutor.runWorker(ThreadPoolExecutor.java:1134)
        at java.util.concurrent.ThreadPoolExecutor$Worker.run(ThreadPoolExecutor.java:624)
        at java.lang.Thread.run(Thread.java:750)
"Datanode State Machine Task Thread - 0"  prio=5 tid=255 in Object.wait()
java.lang.Thread.State: WAITING (on object monitor)
        at sun.misc.Unsafe.park(Native Method)
        at java.util.concurrent.locks.LockSupport.park(LockSupport.java:175)
        at java.util.concurrent.locks.AbstractQueuedSynchronizer$ConditionObject.await(AbstractQueuedSynchronizer.java:2039)
        at java.util.concurrent.LinkedBlockingQueue.take(LinkedBlockingQueue.java:442)
        at java.util.concurrent.ThreadPoolExecutor.getTask(ThreadPoolExecutor.java:1074)
        at java.util.concurrent.ThreadPoolExecutor.runWorker(ThreadPoolExecutor.java:1134)
        at java.util.concurrent.ThreadPoolExecutor$Worker.run(ThreadPoolExecutor.java:624)
        at java.lang.Thread.run(Thread.java:750)
"ChunkReader-3" daemon prio=5 tid=795 in Object.wait()
java.lang.Thread.State: WAITING (on object monitor)
        at sun.misc.Unsafe.park(Native Method)
        at java.util.concurrent.locks.LockSupport.park(LockSupport.java:175)
        at java.util.concurrent.locks.AbstractQueuedSynchronizer$ConditionObject.await(AbstractQueuedSynchronizer.java:2039)
        at java.util.concurrent.LinkedBlockingQueue.take(LinkedBlockingQueue.java:442)
        at java.util.concurrent.ThreadPoolExecutor.getTask(ThreadPoolExecutor.java:1074)
        at java.util.concurrent.ThreadPoolExecutor.runWorker(ThreadPoolExecutor.java:1134)
        at java.util.concurrent.ThreadPoolExecutor$Worker.run(ThreadPoolExecutor.java:624)
        at java.lang.Thread.run(Thread.java:750)
"timer5" daemon prio=5 tid=724 timed_waiting
java.lang.Thread.State: TIMED_WAITING
        at java.lang.Object.wait(Native Method)
        at java.util.TimerThread.mainLoop(Timer.java:552)
        at java.util.TimerThread.run(Timer.java:505)
"IPC Server handler 9 on default port 34199" daemon prio=5 tid=96 timed_waiting
java.lang.Thread.State: TIMED_WAITING
        at sun.misc.Unsafe.park(Native Method)
        at java.util.concurrent.locks.LockSupport.parkNanos(LockSupport.java:215)
        at java.util.concurrent.locks.AbstractQueuedSynchronizer$ConditionObject.awaitNanos(AbstractQueuedSynchronizer.java:2078)
        at java.util.concurrent.LinkedBlockingQueue.poll(LinkedBlockingQueue.java:467)
        at org.apache.hadoop.ipc.CallQueueManager.take(CallQueueManager.java:317)
        at org.apache.hadoop.ipc.Server$Handler.run(Server.java:2942)
"StaleRecoveringContainerScrubbingService#1" daemon prio=5 tid=565 timed_waiting
java.lang.Thread.State: TIMED_WAITING
        at sun.misc.Unsafe.park(Native Method)
        at java.util.concurrent.locks.LockSupport.parkNanos(LockSupport.java:215)
        at java.util.concurrent.locks.AbstractQueuedSynchronizer$ConditionObject.awaitNanos(AbstractQueuedSynchronizer.java:2078)
        at java.util.concurrent.ScheduledThreadPoolExecutor$DelayedWorkQueue.take(ScheduledThreadPoolExecutor.java:1093)
        at java.util.concurrent.ScheduledThreadPoolExecutor$DelayedWorkQueue.take(ScheduledThreadPoolExecutor.java:809)
        at java.util.concurrent.ThreadPoolExecutor.getTask(ThreadPoolExecutor.java:1074)
        at java.util.concurrent.ThreadPoolExecutor.runWorker(ThreadPoolExecutor.java:1134)
        at java.util.concurrent.ThreadPoolExecutor$Worker.run(ThreadPoolExecutor.java:624)
        at java.lang.Thread.run(Thread.java:750)
"qtp110562008-342" daemon prio=5 tid=342 runnable
java.lang.Thread.State: RUNNABLE
        at sun.nio.ch.EPollArrayWrapper.epollWait(Native Method)
        at sun.nio.ch.EPollArrayWrapper.poll(EPollArrayWrapper.java:269)
        at sun.nio.ch.EPollSelectorImpl.doSelect(EPollSelectorImpl.java:93)
        at sun.nio.ch.SelectorImpl.lockAndDoSelect(SelectorImpl.java:86)
        at sun.nio.ch.SelectorImpl.select(SelectorImpl.java:97)
        at sun.nio.ch.SelectorImpl.select(SelectorImpl.java:101)
        at org.eclipse.jetty.io.ManagedSelector.nioSelect(ManagedSelector.java:183)
        at org.eclipse.jetty.io.ManagedSelector.select(ManagedSelector.java:190)
        at org.eclipse.jetty.io.ManagedSelector$SelectorProducer.select(ManagedSelector.java:606)
        at org.eclipse.jetty.io.ManagedSelector$SelectorProducer.produce(ManagedSelector.java:543)
        at org.eclipse.jetty.util.thread.strategy.EatWhatYouKill.produceTask(EatWhatYouKill.java:362)
        at org.eclipse.jetty.util.thread.strategy.EatWhatYouKill.doProduce(EatWhatYouKill.java:186)
        at org.eclipse.jetty.util.thread.strategy.EatWhatYouKill.tryProduce(EatWhatYouKill.java:173)
        at org.eclipse.jetty.util.thread.strategy.EatWhatYouKill.produce(EatWhatYouKill.java:137)
        at org.eclipse.jetty.io.ManagedSelector$$Lambda$446/827549167.run(Unknown Source)
        at org.eclipse.jetty.util.thread.QueuedThreadPool.runJob(QueuedThreadPool.java:883)
        at org.eclipse.jetty.util.thread.QueuedThreadPool$Runner.run(QueuedThreadPool.java:1034)
        at java.lang.Thread.run(Thread.java:750)
"Datanode State Machine Daemon Thread" daemon prio=5 tid=247 timed_waiting
java.lang.Thread.State: TIMED_WAITING
        at java.lang.Thread.sleep(Native Method)
        at org.apache.hadoop.ozone.container.common.statemachine.DatanodeStateMachine.startStateMachineThread(DatanodeStateMachine.java:321)
        at org.apache.hadoop.ozone.container.common.statemachine.DatanodeStateMachine.lambda$startDaemon$0(DatanodeStateMachine.java:506)
        at org.apache.hadoop.ozone.container.common.statemachine.DatanodeStateMachine$$Lambda$751/211315337.run(Unknown Source)
        at java.lang.Thread.run(Thread.java:750)
"qtp1107259192-216" daemon prio=5 tid=216 timed_waiting
java.lang.Thread.State: TIMED_WAITING
        at sun.misc.Unsafe.park(Native Method)
        at java.util.concurrent.locks.LockSupport.parkNanos(LockSupport.java:215)
        at java.util.concurrent.locks.AbstractQueuedSynchronizer$ConditionObject.awaitNanos(AbstractQueuedSynchronizer.java:2078)
        at org.eclipse.jetty.util.BlockingArrayQueue.poll(BlockingArrayQueue.java:382)
        at org.eclipse.jetty.util.thread.QueuedThreadPool$Runner.idleJobPoll(QueuedThreadPool.java:974)
        at org.eclipse.jetty.util.thread.QueuedThreadPool$Runner.run(QueuedThreadPool.java:1018)
        at java.lang.Thread.run(Thread.java:750)
"BlockDeletingService#1" daemon prio=5 tid=539 timed_waiting
java.lang.Thread.State: TIMED_WAITING
        at sun.misc.Unsafe.park(Native Method)
        at java.util.concurrent.locks.LockSupport.parkNanos(LockSupport.java:215)
        at java.util.concurrent.locks.AbstractQueuedSynchronizer$ConditionObject.awaitNanos(AbstractQueuedSynchronizer.java:2078)
        at java.util.concurrent.ScheduledThreadPoolExecutor$DelayedWorkQueue.take(ScheduledThreadPoolExecutor.java:1093)
        at java.util.concurrent.ScheduledThreadPoolExecutor$DelayedWorkQueue.take(ScheduledThreadPoolExecutor.java:809)
        at java.util.concurrent.ThreadPoolExecutor.getTask(ThreadPoolExecutor.java:1074)
        at java.util.concurrent.ThreadPoolExecutor.runWorker(ThreadPoolExecutor.java:1134)
        at java.util.concurrent.ThreadPoolExecutor$Worker.run(ThreadPoolExecutor.java:624)
        at java.lang.Thread.run(Thread.java:750)
"pool-237-thread-1"  prio=5 tid=651 in Object.wait()
java.lang.Thread.State: WAITING (on object monitor)
        at sun.misc.Unsafe.park(Native Method)
        at java.util.concurrent.locks.LockSupport.park(LockSupport.java:175)
        at java.util.concurrent.locks.AbstractQueuedSynchronizer$ConditionObject.await(AbstractQueuedSynchronizer.java:2039)
        at java.util.concurrent.LinkedBlockingQueue.take(LinkedBlockingQueue.java:442)
        at java.util.concurrent.ThreadPoolExecutor.getTask(ThreadPoolExecutor.java:1074)
        at java.util.concurrent.ThreadPoolExecutor.runWorker(ThreadPoolExecutor.java:1134)
        at java.util.concurrent.ThreadPoolExecutor$Worker.run(ThreadPoolExecutor.java:624)
        at java.lang.Thread.run(Thread.java:750)
"StaleRecoveringContainerScrubbingService#0" daemon prio=5 tid=476 in Object.wait()
java.lang.Thread.State: WAITING (on object monitor)
        at sun.misc.Unsafe.park(Native Method)
        at java.util.concurrent.locks.LockSupport.park(LockSupport.java:175)
        at java.util.concurrent.locks.AbstractQueuedSynchronizer$ConditionObject.await(AbstractQueuedSynchronizer.java:2039)
        at java.util.concurrent.ScheduledThreadPoolExecutor$DelayedWorkQueue.take(ScheduledThreadPoolExecutor.java:1088)
        at java.util.concurrent.ScheduledThreadPoolExecutor$DelayedWorkQueue.take(ScheduledThreadPoolExecutor.java:809)
        at java.util.concurrent.ThreadPoolExecutor.getTask(ThreadPoolExecutor.java:1074)
        at java.util.concurrent.ThreadPoolExecutor.runWorker(ThreadPoolExecutor.java:1134)
        at java.util.concurrent.ThreadPoolExecutor$Worker.run(ThreadPoolExecutor.java:624)
        at java.lang.Thread.run(Thread.java:750)
"EventQueue-CloseContainerForCloseContainerEventHandler" daemon prio=5 tid=817 in Object.wait()
java.lang.Thread.State: WAITING (on object monitor)
        at sun.misc.Unsafe.park(Native Method)
        at java.util.concurrent.locks.LockSupport.park(LockSupport.java:175)
        at java.util.concurrent.locks.AbstractQueuedSynchronizer$ConditionObject.await(AbstractQueuedSynchronizer.java:2039)
        at java.util.concurrent.LinkedBlockingQueue.take(LinkedBlockingQueue.java:442)
        at java.util.concurrent.ThreadPoolExecutor.getTask(ThreadPoolExecutor.java:1074)
        at java.util.concurrent.ThreadPoolExecutor.runWorker(ThreadPoolExecutor.java:1134)
        at java.util.concurrent.ThreadPoolExecutor$Worker.run(ThreadPoolExecutor.java:624)
        at java.lang.Thread.run(Thread.java:750)
"FixedThreadPoolWithAffinityExecutor-0-0" daemon prio=5 tid=35 timed_waiting
java.lang.Thread.State: TIMED_WAITING
        at sun.misc.Unsafe.park(Native Method)
        at java.util.concurrent.locks.LockSupport.parkNanos(LockSupport.java:215)
        at java.util.concurrent.locks.AbstractQueuedSynchronizer$ConditionObject.awaitNanos(AbstractQueuedSynchronizer.java:2078)
        at java.util.concurrent.LinkedBlockingQueue.poll(LinkedBlockingQueue.java:467)
        at org.apache.hadoop.hdds.scm.server.ContainerReportQueue.poll(ContainerReportQueue.java:266)
        at org.apache.hadoop.hdds.scm.server.ContainerReportQueue.poll(ContainerReportQueue.java:42)
        at org.apache.hadoop.hdds.server.events.FixedThreadPoolWithAffinityExecutor$ContainerReportProcessTask.run(FixedThreadPoolWithAffinityExecutor.java:218)
        at java.util.concurrent.Executors$RunnableAdapter.call(Executors.java:511)
        at java.util.concurrent.FutureTask.run(FutureTask.java:266)
        at java.util.concurrent.ThreadPoolExecutor.runWorker(ThreadPoolExecutor.java:1149)
        at java.util.concurrent.ThreadPoolExecutor$Worker.run(ThreadPoolExecutor.java:624)
        at java.lang.Thread.run(Thread.java:750)
"edbb8909-d467-4274-b253-e11b41a723b1@group-CEF2DDE05160-SegmentedRaftLogWorker"  prio=5 tid=668 timed_waiting
java.lang.Thread.State: TIMED_WAITING
        at sun.misc.Unsafe.park(Native Method)
        at java.util.concurrent.locks.LockSupport.parkNanos(LockSupport.java:215)
        at java.util.concurrent.locks.AbstractQueuedSynchronizer$ConditionObject.awaitNanos(AbstractQueuedSynchronizer.java:2078)
        at org.apache.ratis.util.DataBlockingQueue.poll(DataBlockingQueue.java:148)
        at org.apache.ratis.server.raftlog.segmented.SegmentedRaftLogWorker.run(SegmentedRaftLogWorker.java:310)
        at org.apache.ratis.server.raftlog.segmented.SegmentedRaftLogWorker$$Lambda$665/306525361.run(Unknown Source)
        at java.lang.Thread.run(Thread.java:750)
"IPC Server Responder" daemon prio=5 tid=133 runnable
java.lang.Thread.State: RUNNABLE
        at sun.nio.ch.EPollArrayWrapper.epollWait(Native Method)
        at sun.nio.ch.EPollArrayWrapper.poll(EPollArrayWrapper.java:269)
        at sun.nio.ch.EPollSelectorImpl.doSelect(EPollSelectorImpl.java:93)
        at sun.nio.ch.SelectorImpl.lockAndDoSelect(SelectorImpl.java:86)
        at sun.nio.ch.SelectorImpl.select(SelectorImpl.java:97)
        at org.apache.hadoop.ipc.Server$Responder.doRunLoop(Server.java:1532)
        at org.apache.hadoop.ipc.Server$Responder.run(Server.java:1515)
"Periodic HDDS volume checker" daemon prio=5 tid=176 timed_waiting
java.lang.Thread.State: TIMED_WAITING
        at sun.misc.Unsafe.park(Native Method)
        at java.util.concurrent.locks.LockSupport.parkNanos(LockSupport.java:215)
        at java.util.concurrent.locks.AbstractQueuedSynchronizer$ConditionObject.awaitNanos(AbstractQueuedSynchronizer.java:2078)
        at java.util.concurrent.ScheduledThreadPoolExecutor$DelayedWorkQueue.take(ScheduledThreadPoolExecutor.java:1093)
        at java.util.concurrent.ScheduledThreadPoolExecutor$DelayedWorkQueue.take(ScheduledThreadPoolExecutor.java:809)
        at java.util.concurrent.ThreadPoolExecutor.getTask(ThreadPoolExecutor.java:1074)
        at java.util.concurrent.ThreadPoolExecutor.runWorker(ThreadPoolExecutor.java:1134)
        at java.util.concurrent.ThreadPoolExecutor$Worker.run(ThreadPoolExecutor.java:624)
        at java.lang.Thread.run(Thread.java:750)
"qtp200370202-420-acceptor-0@2c3bd46b-ServerConnector@13c2016c{HTTP/1.1, (http/1.1)}{0.0.0.0:35623}" daemon prio=3 tid=420 runnable
java.lang.Thread.State: RUNNABLE
        at sun.nio.ch.ServerSocketChannelImpl.accept0(Native Method)
        at sun.nio.ch.ServerSocketChannelImpl.accept(ServerSocketChannelImpl.java:421)
        at sun.nio.ch.ServerSocketChannelImpl.accept(ServerSocketChannelImpl.java:249)
        at org.eclipse.jetty.server.ServerConnector.accept(ServerConnector.java:388)
        at org.eclipse.jetty.server.AbstractConnector$Acceptor.run(AbstractConnector.java:704)
        at org.eclipse.jetty.util.thread.QueuedThreadPool.runJob(QueuedThreadPool.java:883)
        at org.eclipse.jetty.util.thread.QueuedThreadPool$Runner.run(QueuedThreadPool.java:1034)
        at java.lang.Thread.run(Thread.java:750)
"IPC Server handler 6 on default port 34199" daemon prio=5 tid=93 timed_waiting
java.lang.Thread.State: TIMED_WAITING
        at sun.misc.Unsafe.park(Native Method)
        at java.util.concurrent.locks.LockSupport.parkNanos(LockSupport.java:215)
        at java.util.concurrent.locks.AbstractQueuedSynchronizer$ConditionObject.awaitNanos(AbstractQueuedSynchronizer.java:2078)
        at java.util.concurrent.LinkedBlockingQueue.poll(LinkedBlockingQueue.java:467)
        at org.apache.hadoop.ipc.CallQueueManager.take(CallQueueManager.java:317)
        at org.apache.hadoop.ipc.Server$Handler.run(Server.java:2942)
"om1-client-thread1" daemon prio=5 tid=749 timed_waiting
java.lang.Thread.State: TIMED_WAITING
        at sun.misc.Unsafe.park(Native Method)
        at java.util.concurrent.locks.LockSupport.parkNanos(LockSupport.java:215)
        at java.util.concurrent.SynchronousQueue$TransferStack.awaitFulfill(SynchronousQueue.java:460)
        at java.util.concurrent.SynchronousQueue$TransferStack.transfer(SynchronousQueue.java:362)
        at java.util.concurrent.SynchronousQueue.poll(SynchronousQueue.java:941)
        at java.util.concurrent.ThreadPoolExecutor.getTask(ThreadPoolExecutor.java:1073)
        at java.util.concurrent.ThreadPoolExecutor.runWorker(ThreadPoolExecutor.java:1134)
        at java.util.concurrent.ThreadPoolExecutor$Worker.run(ThreadPoolExecutor.java:624)
        at java.lang.Thread.run(Thread.java:750)
"Session-HouseKeeper-575fffc-1"  prio=5 tid=427 timed_waiting
java.lang.Thread.State: TIMED_WAITING
        at sun.misc.Unsafe.park(Native Method)
        at java.util.concurrent.locks.LockSupport.parkNanos(LockSupport.java:215)
        at java.util.concurrent.locks.AbstractQueuedSynchronizer$ConditionObject.awaitNanos(AbstractQueuedSynchronizer.java:2078)
        at java.util.concurrent.ScheduledThreadPoolExecutor$DelayedWorkQueue.take(ScheduledThreadPoolExecutor.java:1093)
        at java.util.concurrent.ScheduledThreadPoolExecutor$DelayedWorkQueue.take(ScheduledThreadPoolExecutor.java:809)
        at java.util.concurrent.ThreadPoolExecutor.getTask(ThreadPoolExecutor.java:1074)
        at java.util.concurrent.ThreadPoolExecutor.runWorker(ThreadPoolExecutor.java:1134)
        at java.util.concurrent.ThreadPoolExecutor$Worker.run(ThreadPoolExecutor.java:624)
        at java.lang.Thread.run(Thread.java:750)
"qtp154819692-186" daemon prio=5 tid=186 timed_waiting
java.lang.Thread.State: TIMED_WAITING
        at sun.misc.Unsafe.park(Native Method)
        at java.util.concurrent.locks.LockSupport.parkNanos(LockSupport.java:215)
        at java.util.concurrent.locks.AbstractQueuedSynchronizer$ConditionObject.awaitNanos(AbstractQueuedSynchronizer.java:2078)
        at org.eclipse.jetty.util.BlockingArrayQueue.poll(BlockingArrayQueue.java:382)
        at org.eclipse.jetty.util.thread.QueuedThreadPool$Runner.idleJobPoll(QueuedThreadPool.java:974)
        at org.eclipse.jetty.util.thread.QueuedThreadPool$Runner.run(QueuedThreadPool.java:1018)
        at java.lang.Thread.run(Thread.java:750)
"EndpointStateMachine task thread for /0.0.0.0:34199 - 0 "  prio=5 tid=352 in Object.wait()
java.lang.Thread.State: WAITING (on object monitor)
        at sun.misc.Unsafe.park(Native Method)
        at java.util.concurrent.locks.LockSupport.park(LockSupport.java:175)
        at java.util.concurrent.locks.AbstractQueuedSynchronizer$ConditionObject.await(AbstractQueuedSynchronizer.java:2039)
        at java.util.concurrent.LinkedBlockingQueue.take(LinkedBlockingQueue.java:442)
        at java.util.concurrent.ThreadPoolExecutor.getTask(ThreadPoolExecutor.java:1074)
        at java.util.concurrent.ThreadPoolExecutor.runWorker(ThreadPoolExecutor.java:1134)
        at java.util.concurrent.ThreadPoolExecutor$Worker.run(ThreadPoolExecutor.java:624)
        at java.lang.Thread.run(Thread.java:750)
"Periodic HDDS volume checker" daemon prio=5 tid=374 timed_waiting
java.lang.Thread.State: TIMED_WAITING
        at sun.misc.Unsafe.park(Native Method)
        at java.util.concurrent.locks.LockSupport.parkNanos(LockSupport.java:215)
        at java.util.concurrent.locks.AbstractQueuedSynchronizer$ConditionObject.awaitNanos(AbstractQueuedSynchronizer.java:2078)
        at java.util.concurrent.ScheduledThreadPoolExecutor$DelayedWorkQueue.take(ScheduledThreadPoolExecutor.java:1093)
        at java.util.concurrent.ScheduledThreadPoolExecutor$DelayedWorkQueue.take(ScheduledThreadPoolExecutor.java:809)
        at java.util.concurrent.ThreadPoolExecutor.getTask(ThreadPoolExecutor.java:1074)
        at java.util.concurrent.ThreadPoolExecutor.runWorker(ThreadPoolExecutor.java:1134)
        at java.util.concurrent.ThreadPoolExecutor$Worker.run(ThreadPoolExecutor.java:624)
        at java.lang.Thread.run(Thread.java:750)
"ChunkWriter-0-0" daemon prio=5 tid=489 in Object.wait()
java.lang.Thread.State: WAITING (on object monitor)
        at sun.misc.Unsafe.park(Native Method)
        at java.util.concurrent.locks.LockSupport.park(LockSupport.java:175)
        at java.util.concurrent.locks.AbstractQueuedSynchronizer$ConditionObject.await(AbstractQueuedSynchronizer.java:2039)
        at java.util.concurrent.LinkedBlockingDeque.takeFirst(LinkedBlockingDeque.java:492)
        at java.util.concurrent.LinkedBlockingDeque.take(LinkedBlockingDeque.java:680)
        at java.util.concurrent.ThreadPoolExecutor.getTask(ThreadPoolExecutor.java:1074)
        at java.util.concurrent.ThreadPoolExecutor.runWorker(ThreadPoolExecutor.java:1134)
        at java.util.concurrent.ThreadPoolExecutor$Worker.run(ThreadPoolExecutor.java:624)
        at java.lang.Thread.run(Thread.java:750)
"pool-55-thread-1"  prio=5 tid=127 in Object.wait()
java.lang.Thread.State: WAITING (on object monitor)
        at sun.misc.Unsafe.park(Native Method)
        at java.util.concurrent.locks.LockSupport.park(LockSupport.java:175)
        at java.util.concurrent.locks.AbstractQueuedSynchronizer$ConditionObject.await(AbstractQueuedSynchronizer.java:2039)
        at java.util.concurrent.LinkedBlockingQueue.take(LinkedBlockingQueue.java:442)
        at java.util.concurrent.ThreadPoolExecutor.getTask(ThreadPoolExecutor.java:1074)
        at java.util.concurrent.ThreadPoolExecutor.runWorker(ThreadPoolExecutor.java:1134)
        at java.util.concurrent.ThreadPoolExecutor$Worker.run(ThreadPoolExecutor.java:624)
        at java.lang.Thread.run(Thread.java:750)
"ChunkReader-ELG-0" daemon prio=5 tid=473 runnable
java.lang.Thread.State: RUNNABLE
        at org.apache.ratis.thirdparty.io.netty.channel.epoll.Native.epollWait0(Native Method)
        at org.apache.ratis.thirdparty.io.netty.channel.epoll.Native.epollWait(Native.java:182)
        at org.apache.ratis.thirdparty.io.netty.channel.epoll.EpollEventLoop.epollWait(EpollEventLoop.java:290)
        at org.apache.ratis.thirdparty.io.netty.channel.epoll.EpollEventLoop.run(EpollEventLoop.java:354)
        at org.apache.ratis.thirdparty.io.netty.util.concurrent.SingleThreadEventExecutor$4.run(SingleThreadEventExecutor.java:995)
        at org.apache.ratis.thirdparty.io.netty.util.internal.ThreadExecutorMap$2.run(ThreadExecutorMap.java:74)
        at java.lang.Thread.run(Thread.java:750)
"Datanode ReportManager Thread - 3" daemon prio=5 tid=303 timed_waiting
java.lang.Thread.State: TIMED_WAITING
        at sun.misc.Unsafe.park(Native Method)
        at java.util.concurrent.locks.LockSupport.parkNanos(LockSupport.java:215)
        at java.util.concurrent.locks.AbstractQueuedSynchronizer$ConditionObject.awaitNanos(AbstractQueuedSynchronizer.java:2078)
        at java.util.concurrent.ScheduledThreadPoolExecutor$DelayedWorkQueue.take(ScheduledThreadPoolExecutor.java:1093)
        at java.util.concurrent.ScheduledThreadPoolExecutor$DelayedWorkQueue.take(ScheduledThreadPoolExecutor.java:809)
        at java.util.concurrent.ThreadPoolExecutor.getTask(ThreadPoolExecutor.java:1074)
        at java.util.concurrent.ThreadPoolExecutor.runWorker(ThreadPoolExecutor.java:1134)
        at java.util.concurrent.ThreadPoolExecutor$Worker.run(ThreadPoolExecutor.java:624)
        at java.lang.Thread.run(Thread.java:750)
"IPC Server handler 12 on default port 34199" daemon prio=5 tid=99 timed_waiting
java.lang.Thread.State: TIMED_WAITING
        at sun.misc.Unsafe.park(Native Method)
        at java.util.concurrent.locks.LockSupport.parkNanos(LockSupport.java:215)
        at java.util.concurrent.locks.AbstractQueuedSynchronizer$ConditionObject.awaitNanos(AbstractQueuedSynchronizer.java:2078)
        at java.util.concurrent.LinkedBlockingQueue.poll(LinkedBlockingQueue.java:467)
        at org.apache.hadoop.ipc.CallQueueManager.take(CallQueueManager.java:317)
        at org.apache.hadoop.ipc.Server$Handler.run(Server.java:2942)
"org.apache.hadoop.ozone.container.common.statemachine.commandhandler.DeleteBlocksCommandHandler$DeleteCmdWorker@2378e4ba" daemon prio=5 tid=288 timed_waiting
java.lang.Thread.State: TIMED_WAITING
        at java.lang.Thread.sleep(Native Method)
        at org.apache.hadoop.ozone.container.common.statemachine.commandhandler.DeleteBlocksCommandHandler$DeleteCmdWorker.run(DeleteBlocksCommandHandler.java:183)
        at java.lang.Thread.run(Thread.java:750)
"edbb8909-d467-4274-b253-e11b41a723b1@group-CEF2DDE05160-FollowerState" daemon prio=5 tid=846 timed_waiting
java.lang.Thread.State: TIMED_WAITING
        at java.lang.Thread.sleep(Native Method)
        at java.lang.Thread.sleep(Thread.java:342)
        at java.util.concurrent.TimeUnit.sleep(TimeUnit.java:386)
        at org.apache.ratis.util.TimeDuration.sleep(TimeDuration.java:325)
        at org.apache.ratis.util.TimeDuration.sleep(TimeDuration.java:310)
        at org.apache.ratis.server.impl.FollowerState.run(FollowerState.java:128)
"IPC Server handler 18 on default port 33617" daemon prio=5 tid=65 timed_waiting
java.lang.Thread.State: TIMED_WAITING
        at sun.misc.Unsafe.park(Native Method)
        at java.util.concurrent.locks.LockSupport.parkNanos(LockSupport.java:215)
        at java.util.concurrent.locks.AbstractQueuedSynchronizer$ConditionObject.awaitNanos(AbstractQueuedSynchronizer.java:2078)
        at java.util.concurrent.LinkedBlockingQueue.poll(LinkedBlockingQueue.java:467)
        at org.apache.hadoop.ipc.CallQueueManager.take(CallQueueManager.java:317)
        at org.apache.hadoop.ipc.Server$Handler.run(Server.java:2942)
"KeyDeletingService#0" daemon prio=5 tid=141 timed_waiting
java.lang.Thread.State: TIMED_WAITING
        at sun.misc.Unsafe.park(Native Method)
        at java.util.concurrent.locks.LockSupport.parkNanos(LockSupport.java:215)
        at java.util.concurrent.locks.AbstractQueuedSynchronizer$ConditionObject.awaitNanos(AbstractQueuedSynchronizer.java:2078)
        at java.util.concurrent.ScheduledThreadPoolExecutor$DelayedWorkQueue.take(ScheduledThreadPoolExecutor.java:1093)
        at java.util.concurrent.ScheduledThreadPoolExecutor$DelayedWorkQueue.take(ScheduledThreadPoolExecutor.java:809)
        at java.util.concurrent.ThreadPoolExecutor.getTask(ThreadPoolExecutor.java:1074)
        at java.util.concurrent.ThreadPoolExecutor.runWorker(ThreadPoolExecutor.java:1134)
        at java.util.concurrent.ThreadPoolExecutor$Worker.run(ThreadPoolExecutor.java:624)
        at java.lang.Thread.run(Thread.java:750)
"ChunkWriter-3-0" daemon prio=5 tid=535 in Object.wait()
java.lang.Thread.State: WAITING (on object monitor)
        at sun.misc.Unsafe.park(Native Method)
        at java.util.concurrent.locks.LockSupport.park(LockSupport.java:175)
        at java.util.concurrent.locks.AbstractQueuedSynchronizer$ConditionObject.await(AbstractQueuedSynchronizer.java:2039)
        at java.util.concurrent.LinkedBlockingDeque.takeFirst(LinkedBlockingDeque.java:492)
        at java.util.concurrent.LinkedBlockingDeque.take(LinkedBlockingDeque.java:680)
        at java.util.concurrent.ThreadPoolExecutor.getTask(ThreadPoolExecutor.java:1074)
        at java.util.concurrent.ThreadPoolExecutor.runWorker(ThreadPoolExecutor.java:1134)
        at java.util.concurrent.ThreadPoolExecutor$Worker.run(ThreadPoolExecutor.java:624)
        at java.lang.Thread.run(Thread.java:750)
"EventQueue-OpenPipelineForHealthyPipelineSafeModeRule" daemon prio=5 tid=568 in Object.wait()
java.lang.Thread.State: WAITING (on object monitor)
        at sun.misc.Unsafe.park(Native Method)
        at java.util.concurrent.locks.LockSupport.park(LockSupport.java:175)
        at java.util.concurrent.locks.AbstractQueuedSynchronizer$ConditionObject.await(AbstractQueuedSynchronizer.java:2039)
        at java.util.concurrent.LinkedBlockingQueue.take(LinkedBlockingQueue.java:442)
        at java.util.concurrent.ThreadPoolExecutor.getTask(ThreadPoolExecutor.java:1074)
        at java.util.concurrent.ThreadPoolExecutor.runWorker(ThreadPoolExecutor.java:1134)
        at java.util.concurrent.ThreadPoolExecutor$Worker.run(ThreadPoolExecutor.java:624)
        at java.lang.Thread.run(Thread.java:750)
"aafd62d6-5d37-4c95-9ffb-fecfd05fefa6@group-DD4C95DED537-SegmentedRaftLogWorker"  prio=5 tid=590 timed_waiting
java.lang.Thread.State: TIMED_WAITING
        at sun.misc.Unsafe.park(Native Method)
        at java.util.concurrent.locks.LockSupport.parkNanos(LockSupport.java:215)
        at java.util.concurrent.locks.AbstractQueuedSynchronizer$ConditionObject.awaitNanos(AbstractQueuedSynchronizer.java:2078)
        at org.apache.ratis.util.DataBlockingQueue.poll(DataBlockingQueue.java:148)
        at org.apache.ratis.server.raftlog.segmented.SegmentedRaftLogWorker.run(SegmentedRaftLogWorker.java:310)
        at org.apache.ratis.server.raftlog.segmented.SegmentedRaftLogWorker$$Lambda$665/306525361.run(Unknown Source)
        at java.lang.Thread.run(Thread.java:750)
"IPC Server handler 7 on default port 33617" daemon prio=5 tid=54 timed_waiting
java.lang.Thread.State: TIMED_WAITING
        at sun.misc.Unsafe.park(Native Method)
        at java.util.concurrent.locks.LockSupport.parkNanos(LockSupport.java:215)
        at java.util.concurrent.locks.AbstractQueuedSynchronizer$ConditionObject.awaitNanos(AbstractQueuedSynchronizer.java:2078)
        at java.util.concurrent.LinkedBlockingQueue.poll(LinkedBlockingQueue.java:467)
        at org.apache.hadoop.ipc.CallQueueManager.take(CallQueueManager.java:317)
        at org.apache.hadoop.ipc.Server$Handler.run(Server.java:2942)
"b788acd7-0bfa-48fd-ae0f-b822d5826f57-server-thread3" daemon prio=5 tid=711 timed_waiting
java.lang.Thread.State: TIMED_WAITING
        at sun.misc.Unsafe.park(Native Method)
        at java.util.concurrent.locks.LockSupport.parkNanos(LockSupport.java:215)
        at java.util.concurrent.SynchronousQueue$TransferStack.awaitFulfill(SynchronousQueue.java:460)
        at java.util.concurrent.SynchronousQueue$TransferStack.transfer(SynchronousQueue.java:362)
        at java.util.concurrent.SynchronousQueue.poll(SynchronousQueue.java:941)
        at java.util.concurrent.ThreadPoolExecutor.getTask(ThreadPoolExecutor.java:1073)
        at java.util.concurrent.ThreadPoolExecutor.runWorker(ThreadPoolExecutor.java:1134)
        at java.util.concurrent.ThreadPoolExecutor$Worker.run(ThreadPoolExecutor.java:624)
        at java.lang.Thread.run(Thread.java:750)
"timer7" daemon prio=5 tid=732 timed_waiting
java.lang.Thread.State: TIMED_WAITING
        at java.lang.Object.wait(Native Method)
        at java.util.TimerThread.mainLoop(Timer.java:552)
        at java.util.TimerThread.run(Timer.java:505)
"EndpointStateMachine task thread for /0.0.0.0:34199 - 0 "  prio=5 tid=467 in Object.wait()
java.lang.Thread.State: WAITING (on object monitor)
        at sun.misc.Unsafe.park(Native Method)
        at java.util.concurrent.locks.LockSupport.park(LockSupport.java:175)
        at java.util.concurrent.locks.AbstractQueuedSynchronizer$ConditionObject.await(AbstractQueuedSynchronizer.java:2039)
        at java.util.concurrent.LinkedBlockingQueue.take(LinkedBlockingQueue.java:442)
        at java.util.concurrent.ThreadPoolExecutor.getTask(ThreadPoolExecutor.java:1074)
        at java.util.concurrent.ThreadPoolExecutor.runWorker(ThreadPoolExecutor.java:1134)
        at java.util.concurrent.ThreadPoolExecutor$Worker.run(ThreadPoolExecutor.java:624)
        at java.lang.Thread.run(Thread.java:750)
"StaleRecoveringContainerScrubbingService#2" daemon prio=5 tid=899 in Object.wait()
java.lang.Thread.State: WAITING (on object monitor)
        at sun.misc.Unsafe.park(Native Method)
        at java.util.concurrent.locks.LockSupport.park(LockSupport.java:175)
        at java.util.concurrent.locks.AbstractQueuedSynchronizer$ConditionObject.await(AbstractQueuedSynchronizer.java:2039)
        at java.util.concurrent.ScheduledThreadPoolExecutor$DelayedWorkQueue.take(ScheduledThreadPoolExecutor.java:1088)
        at java.util.concurrent.ScheduledThreadPoolExecutor$DelayedWorkQueue.take(ScheduledThreadPoolExecutor.java:809)
        at java.util.concurrent.ThreadPoolExecutor.getTask(ThreadPoolExecutor.java:1074)
        at java.util.concurrent.ThreadPoolExecutor.runWorker(ThreadPoolExecutor.java:1134)
        at java.util.concurrent.ThreadPoolExecutor$Worker.run(ThreadPoolExecutor.java:624)
        at java.lang.Thread.run(Thread.java:750)
"FixedThreadPoolWithAffinityExecutor-3-0" daemon prio=5 tid=38 timed_waiting
java.lang.Thread.State: TIMED_WAITING
        at sun.misc.Unsafe.park(Native Method)
        at java.util.concurrent.locks.LockSupport.parkNanos(LockSupport.java:215)
        at java.util.concurrent.locks.AbstractQueuedSynchronizer$ConditionObject.awaitNanos(AbstractQueuedSynchronizer.java:2078)
        at java.util.concurrent.LinkedBlockingQueue.poll(LinkedBlockingQueue.java:467)
        at org.apache.hadoop.hdds.scm.server.ContainerReportQueue.poll(ContainerReportQueue.java:266)
        at org.apache.hadoop.hdds.scm.server.ContainerReportQueue.poll(ContainerReportQueue.java:42)
        at org.apache.hadoop.hdds.server.events.FixedThreadPoolWithAffinityExecutor$ContainerReportProcessTask.run(FixedThreadPoolWithAffinityExecutor.java:218)
        at java.util.concurrent.Executors$RunnableAdapter.call(Executors.java:511)
        at java.util.concurrent.FutureTask.run(FutureTask.java:266)
        at java.util.concurrent.ThreadPoolExecutor.runWorker(ThreadPoolExecutor.java:1149)
        at java.util.concurrent.ThreadPoolExecutor$Worker.run(ThreadPoolExecutor.java:624)
        at java.lang.Thread.run(Thread.java:750)
"Periodic HDDS volume checker" daemon prio=5 tid=450 timed_waiting
java.lang.Thread.State: TIMED_WAITING
        at sun.misc.Unsafe.park(Native Method)
        at java.util.concurrent.locks.LockSupport.parkNanos(LockSupport.java:215)
        at java.util.concurrent.locks.AbstractQueuedSynchronizer$ConditionObject.awaitNanos(AbstractQueuedSynchronizer.java:2078)
        at java.util.concurrent.ScheduledThreadPoolExecutor$DelayedWorkQueue.take(ScheduledThreadPoolExecutor.java:1093)
        at java.util.concurrent.ScheduledThreadPoolExecutor$DelayedWorkQueue.take(ScheduledThreadPoolExecutor.java:809)
        at java.util.concurrent.ThreadPoolExecutor.getTask(ThreadPoolExecutor.java:1074)
        at java.util.concurrent.ThreadPoolExecutor.runWorker(ThreadPoolExecutor.java:1134)
        at java.util.concurrent.ThreadPoolExecutor$Worker.run(ThreadPoolExecutor.java:624)
        at java.lang.Thread.run(Thread.java:750)
"CommandWatcher-LeaseManager#LeaseMonitor" daemon prio=5 tid=46 timed_waiting
java.lang.Thread.State: TIMED_WAITING
        at java.lang.Object.wait(Native Method)
        at org.apache.hadoop.ozone.lease.LeaseManager$LeaseMonitor.run(LeaseManager.java:238)
        at java.lang.Thread.run(Thread.java:750)
"EndpointStateMachine task thread for /0.0.0.0:34199 - 0 "  prio=5 tid=543 in Object.wait()
java.lang.Thread.State: WAITING (on object monitor)
        at sun.misc.Unsafe.park(Native Method)
        at java.util.concurrent.locks.LockSupport.park(LockSupport.java:175)
        at java.util.concurrent.locks.AbstractQueuedSynchronizer$ConditionObject.await(AbstractQueuedSynchronizer.java:2039)
        at java.util.concurrent.LinkedBlockingQueue.take(LinkedBlockingQueue.java:442)
        at java.util.concurrent.ThreadPoolExecutor.getTask(ThreadPoolExecutor.java:1074)
        at java.util.concurrent.ThreadPoolExecutor.runWorker(ThreadPoolExecutor.java:1134)
        at java.util.concurrent.ThreadPoolExecutor$Worker.run(ThreadPoolExecutor.java:624)
        at java.lang.Thread.run(Thread.java:750)
"SCM Heartbeat Processing Thread - 0" daemon prio=5 tid=14 timed_waiting
java.lang.Thread.State: TIMED_WAITING
        at sun.misc.Unsafe.park(Native Method)
        at java.util.concurrent.locks.LockSupport.parkNanos(LockSupport.java:215)
        at java.util.concurrent.locks.AbstractQueuedSynchronizer$ConditionObject.awaitNanos(AbstractQueuedSynchronizer.java:2078)
        at java.util.concurrent.ScheduledThreadPoolExecutor$DelayedWorkQueue.take(ScheduledThreadPoolExecutor.java:1093)
        at java.util.concurrent.ScheduledThreadPoolExecutor$DelayedWorkQueue.take(ScheduledThreadPoolExecutor.java:809)
        at java.util.concurrent.ThreadPoolExecutor.getTask(ThreadPoolExecutor.java:1074)
        at java.util.concurrent.ThreadPoolExecutor.runWorker(ThreadPoolExecutor.java:1134)
        at java.util.concurrent.ThreadPoolExecutor$Worker.run(ThreadPoolExecutor.java:624)
        at java.lang.Thread.run(Thread.java:750)
"IPC Server handler 3 on default port 40235" daemon prio=5 tid=157 timed_waiting
java.lang.Thread.State: TIMED_WAITING
        at sun.misc.Unsafe.park(Native Method)
        at java.util.concurrent.locks.LockSupport.parkNanos(LockSupport.java:215)
        at java.util.concurrent.locks.AbstractQueuedSynchronizer$ConditionObject.awaitNanos(AbstractQueuedSynchronizer.java:2078)
        at java.util.concurrent.LinkedBlockingQueue.poll(LinkedBlockingQueue.java:467)
        at org.apache.hadoop.ipc.CallQueueManager.take(CallQueueManager.java:317)
        at org.apache.hadoop.ipc.Server$Handler.run(Server.java:2942)
"IPC Server handler 17 on default port 34199" daemon prio=5 tid=104 timed_waiting
java.lang.Thread.State: TIMED_WAITING
        at sun.misc.Unsafe.park(Native Method)
        at java.util.concurrent.locks.LockSupport.parkNanos(LockSupport.java:215)
        at java.util.concurrent.locks.AbstractQueuedSynchronizer$ConditionObject.awaitNanos(AbstractQueuedSynchronizer.java:2078)
        at java.util.concurrent.LinkedBlockingQueue.poll(LinkedBlockingQueue.java:467)
        at org.apache.hadoop.ipc.CallQueueManager.take(CallQueueManager.java:317)
        at org.apache.hadoop.ipc.Server$Handler.run(Server.java:2942)
"ChunkReader-ELG-0" daemon prio=5 tid=524 runnable
java.lang.Thread.State: RUNNABLE
        at org.apache.ratis.thirdparty.io.netty.channel.epoll.Native.epollWait0(Native Method)
        at org.apache.ratis.thirdparty.io.netty.channel.epoll.Native.epollWait(Native.java:182)
        at org.apache.ratis.thirdparty.io.netty.channel.epoll.EpollEventLoop.epollWait(EpollEventLoop.java:290)
        at org.apache.ratis.thirdparty.io.netty.channel.epoll.EpollEventLoop.run(EpollEventLoop.java:354)
        at org.apache.ratis.thirdparty.io.netty.util.concurrent.SingleThreadEventExecutor$4.run(SingleThreadEventExecutor.java:995)
        at org.apache.ratis.thirdparty.io.netty.util.internal.ThreadExecutorMap$2.run(ThreadExecutorMap.java:74)
        at java.lang.Thread.run(Thread.java:750)
"IPC Server handler 18 on default port 38821" daemon prio=5 tid=85 timed_waiting
java.lang.Thread.State: TIMED_WAITING
        at sun.misc.Unsafe.park(Native Method)
        at java.util.concurrent.locks.LockSupport.parkNanos(LockSupport.java:215)
        at java.util.concurrent.locks.AbstractQueuedSynchronizer$ConditionObject.awaitNanos(AbstractQueuedSynchronizer.java:2078)
        at java.util.concurrent.LinkedBlockingQueue.poll(LinkedBlockingQueue.java:467)
        at org.apache.hadoop.ipc.CallQueueManager.take(CallQueueManager.java:317)
        at org.apache.hadoop.ipc.Server$Handler.run(Server.java:2942)
"Socket Reader #1 for port 0"  prio=5 tid=24 runnable
java.lang.Thread.State: RUNNABLE
        at sun.nio.ch.EPollArrayWrapper.epollWait(Native Method)
        at sun.nio.ch.EPollArrayWrapper.poll(EPollArrayWrapper.java:269)
        at sun.nio.ch.EPollSelectorImpl.doSelect(EPollSelectorImpl.java:93)
        at sun.nio.ch.SelectorImpl.lockAndDoSelect(SelectorImpl.java:86)
        at sun.nio.ch.SelectorImpl.select(SelectorImpl.java:97)
        at sun.nio.ch.SelectorImpl.select(SelectorImpl.java:101)
        at org.apache.hadoop.ipc.Server$Listener$Reader.doRunLoop(Server.java:1296)
        at org.apache.hadoop.ipc.Server$Listener$Reader.run(Server.java:1275)
"org.apache.hadoop.util.JvmPauseMonitor$Monitor@7dfe45f1" daemon prio=5 tid=409 timed_waiting
java.lang.Thread.State: TIMED_WAITING
        at java.lang.Thread.sleep(Native Method)
        at org.apache.hadoop.util.JvmPauseMonitor$Monitor.run(JvmPauseMonitor.java:192)
        at java.lang.Thread.run(Thread.java:750)
"StaleRecoveringContainerScrubbingService#1" daemon prio=5 tid=553 timed_waiting
java.lang.Thread.State: TIMED_WAITING
        at sun.misc.Unsafe.park(Native Method)
        at java.util.concurrent.locks.LockSupport.parkNanos(LockSupport.java:215)
        at java.util.concurrent.locks.AbstractQueuedSynchronizer$ConditionObject.awaitNanos(AbstractQueuedSynchronizer.java:2078)
        at java.util.concurrent.ScheduledThreadPoolExecutor$DelayedWorkQueue.take(ScheduledThreadPoolExecutor.java:1093)
        at java.util.concurrent.ScheduledThreadPoolExecutor$DelayedWorkQueue.take(ScheduledThreadPoolExecutor.java:809)
        at java.util.concurrent.ThreadPoolExecutor.getTask(ThreadPoolExecutor.java:1074)
        at java.util.concurrent.ThreadPoolExecutor.runWorker(ThreadPoolExecutor.java:1134)
        at java.util.concurrent.ThreadPoolExecutor$Worker.run(ThreadPoolExecutor.java:624)
        at java.lang.Thread.run(Thread.java:750)
"b788acd7-0bfa-48fd-ae0f-b822d5826f57@group-A7750C3F147E-LeaderStateImpl" daemon prio=5 tid=691 timed_waiting
java.lang.Thread.State: TIMED_WAITING
        at sun.misc.Unsafe.park(Native Method)
        at java.util.concurrent.locks.LockSupport.parkNanos(LockSupport.java:215)
        at java.util.concurrent.locks.AbstractQueuedSynchronizer$ConditionObject.awaitNanos(AbstractQueuedSynchronizer.java:2078)
        at java.util.concurrent.ArrayBlockingQueue.poll(ArrayBlockingQueue.java:418)
        at org.apache.ratis.server.impl.LeaderStateImpl$EventQueue.poll(LeaderStateImpl.java:159)
        at org.apache.ratis.server.impl.LeaderStateImpl$EventProcessor.run(LeaderStateImpl.java:630)
"IPC Server handler 12 on default port 40235" daemon prio=5 tid=166 timed_waiting
java.lang.Thread.State: TIMED_WAITING
        at sun.misc.Unsafe.park(Native Method)
        at java.util.concurrent.locks.LockSupport.parkNanos(LockSupport.java:215)
        at java.util.concurrent.locks.AbstractQueuedSynchronizer$ConditionObject.awaitNanos(AbstractQueuedSynchronizer.java:2078)
        at java.util.concurrent.LinkedBlockingQueue.poll(LinkedBlockingQueue.java:467)
        at org.apache.hadoop.ipc.CallQueueManager.take(CallQueueManager.java:317)
        at org.apache.hadoop.ipc.Server$Handler.run(Server.java:2942)
"StaleRecoveringContainerScrubbingService#1" daemon prio=5 tid=527 timed_waiting
java.lang.Thread.State: TIMED_WAITING
        at sun.misc.Unsafe.park(Native Method)
        at java.util.concurrent.locks.LockSupport.parkNanos(LockSupport.java:215)
        at java.util.concurrent.locks.AbstractQueuedSynchronizer$ConditionObject.awaitNanos(AbstractQueuedSynchronizer.java:2078)
        at java.util.concurrent.ScheduledThreadPoolExecutor$DelayedWorkQueue.take(ScheduledThreadPoolExecutor.java:1093)
        at java.util.concurrent.ScheduledThreadPoolExecutor$DelayedWorkQueue.take(ScheduledThreadPoolExecutor.java:809)
        at java.util.concurrent.ThreadPoolExecutor.getTask(ThreadPoolExecutor.java:1074)
        at java.util.concurrent.ThreadPoolExecutor.runWorker(ThreadPoolExecutor.java:1134)
        at java.util.concurrent.ThreadPoolExecutor$Worker.run(ThreadPoolExecutor.java:624)
        at java.lang.Thread.run(Thread.java:750)
"IPC Server handler 6 on default port 38821" daemon prio=5 tid=73 timed_waiting
java.lang.Thread.State: TIMED_WAITING
        at sun.misc.Unsafe.park(Native Method)
        at java.util.concurrent.locks.LockSupport.parkNanos(LockSupport.java:215)
        at java.util.concurrent.locks.AbstractQueuedSynchronizer$ConditionObject.awaitNanos(AbstractQueuedSynchronizer.java:2078)
        at java.util.concurrent.LinkedBlockingQueue.poll(LinkedBlockingQueue.java:467)
        at org.apache.hadoop.ipc.CallQueueManager.take(CallQueueManager.java:317)
        at org.apache.hadoop.ipc.Server$Handler.run(Server.java:2942)
"IPC Server handler 13 on default port 38821" daemon prio=5 tid=80 timed_waiting
java.lang.Thread.State: TIMED_WAITING
        at sun.misc.Unsafe.park(Native Method)
        at java.util.concurrent.locks.LockSupport.parkNanos(LockSupport.java:215)
        at java.util.concurrent.locks.AbstractQueuedSynchronizer$ConditionObject.awaitNanos(AbstractQueuedSynchronizer.java:2078)
        at java.util.concurrent.LinkedBlockingQueue.poll(LinkedBlockingQueue.java:467)
        at org.apache.hadoop.ipc.CallQueueManager.take(CallQueueManager.java:317)
        at org.apache.hadoop.ipc.Server$Handler.run(Server.java:2942)
"BackgroundPipelineScrubberThread" daemon prio=5 tid=16 timed_waiting
java.lang.Thread.State: TIMED_WAITING
        at java.lang.Object.wait(Native Method)
        at org.apache.hadoop.hdds.scm.ha.BackgroundSCMService.run(BackgroundSCMService.java:110)
        at org.apache.hadoop.hdds.scm.ha.BackgroundSCMService$$Lambda$375/1129874021.run(Unknown Source)
        at java.lang.Thread.run(Thread.java:750)
"IPC Server handler 15 on default port 40235" daemon prio=5 tid=169 timed_waiting
java.lang.Thread.State: TIMED_WAITING
        at sun.misc.Unsafe.park(Native Method)
        at java.util.concurrent.locks.LockSupport.parkNanos(LockSupport.java:215)
        at java.util.concurrent.locks.AbstractQueuedSynchronizer$ConditionObject.awaitNanos(AbstractQueuedSynchronizer.java:2078)
        at java.util.concurrent.LinkedBlockingQueue.poll(LinkedBlockingQueue.java:467)
        at org.apache.hadoop.ipc.CallQueueManager.take(CallQueueManager.java:317)
        at org.apache.hadoop.ipc.Server$Handler.run(Server.java:2942)
"BlockDeletingService#0" daemon prio=5 tid=525 in Object.wait()
java.lang.Thread.State: WAITING (on object monitor)
        at sun.misc.Unsafe.park(Native Method)
        at java.util.concurrent.locks.LockSupport.park(LockSupport.java:175)
        at java.util.concurrent.locks.AbstractQueuedSynchronizer$ConditionObject.await(AbstractQueuedSynchronizer.java:2039)
        at java.util.concurrent.ScheduledThreadPoolExecutor$DelayedWorkQueue.take(ScheduledThreadPoolExecutor.java:1088)
        at java.util.concurrent.ScheduledThreadPoolExecutor$DelayedWorkQueue.take(ScheduledThreadPoolExecutor.java:809)
        at java.util.concurrent.ThreadPoolExecutor.getTask(ThreadPoolExecutor.java:1074)
        at java.util.concurrent.ThreadPoolExecutor.runWorker(ThreadPoolExecutor.java:1134)
        at java.util.concurrent.ThreadPoolExecutor$Worker.run(ThreadPoolExecutor.java:624)
        at java.lang.Thread.run(Thread.java:750)
"EndpointStateMachine task thread for /0.0.0.0:34199 - 0 "  prio=5 tid=531 in Object.wait()
java.lang.Thread.State: WAITING (on object monitor)
        at sun.misc.Unsafe.park(Native Method)
        at java.util.concurrent.locks.LockSupport.park(LockSupport.java:175)
        at java.util.concurrent.locks.AbstractQueuedSynchronizer$ConditionObject.await(AbstractQueuedSynchronizer.java:2039)
        at java.util.concurrent.LinkedBlockingQueue.take(LinkedBlockingQueue.java:442)
        at java.util.concurrent.ThreadPoolExecutor.getTask(ThreadPoolExecutor.java:1074)
        at java.util.concurrent.ThreadPoolExecutor.runWorker(ThreadPoolExecutor.java:1134)
        at java.util.concurrent.ThreadPoolExecutor$Worker.run(ThreadPoolExecutor.java:624)
        at java.lang.Thread.run(Thread.java:750)
"IPC Server idle connection scanner for port 34199" daemon prio=5 tid=25 timed_waiting
java.lang.Thread.State: TIMED_WAITING
        at java.lang.Object.wait(Native Method)
        at java.util.TimerThread.mainLoop(Timer.java:552)
        at java.util.TimerThread.run(Timer.java:505)
"IPC Server handler 14 on default port 38821" daemon prio=5 tid=81 timed_waiting
java.lang.Thread.State: TIMED_WAITING
        at sun.misc.Unsafe.park(Native Method)
        at java.util.concurrent.locks.LockSupport.parkNanos(LockSupport.java:215)
        at java.util.concurrent.locks.AbstractQueuedSynchronizer$ConditionObject.awaitNanos(AbstractQueuedSynchronizer.java:2078)
        at java.util.concurrent.LinkedBlockingQueue.poll(LinkedBlockingQueue.java:467)
        at org.apache.hadoop.ipc.CallQueueManager.take(CallQueueManager.java:317)
        at org.apache.hadoop.ipc.Server$Handler.run(Server.java:2942)
"pool-164-thread-1"  prio=5 tid=622 in Object.wait()
java.lang.Thread.State: WAITING (on object monitor)
        at sun.misc.Unsafe.park(Native Method)
        at java.util.concurrent.locks.LockSupport.park(LockSupport.java:175)
        at java.util.concurrent.locks.AbstractQueuedSynchronizer$ConditionObject.await(AbstractQueuedSynchronizer.java:2039)
        at java.util.concurrent.LinkedBlockingQueue.take(LinkedBlockingQueue.java:442)
        at java.util.concurrent.ThreadPoolExecutor.getTask(ThreadPoolExecutor.java:1074)
        at java.util.concurrent.ThreadPoolExecutor.runWorker(ThreadPoolExecutor.java:1134)
        at java.util.concurrent.ThreadPoolExecutor$Worker.run(ThreadPoolExecutor.java:624)
        at java.lang.Thread.run(Thread.java:750)
"qtp200370202-421" daemon prio=5 tid=421 timed_waiting
java.lang.Thread.State: TIMED_WAITING
        at sun.misc.Unsafe.park(Native Method)
        at java.util.concurrent.locks.LockSupport.parkNanos(LockSupport.java:215)
        at java.util.concurrent.locks.AbstractQueuedSynchronizer$ConditionObject.awaitNanos(AbstractQueuedSynchronizer.java:2078)
        at org.eclipse.jetty.util.BlockingArrayQueue.poll(BlockingArrayQueue.java:382)
        at org.eclipse.jetty.util.thread.QueuedThreadPool$Runner.idleJobPoll(QueuedThreadPool.java:974)
        at org.eclipse.jetty.util.thread.QueuedThreadPool$Runner.run(QueuedThreadPool.java:1018)
        at java.lang.Thread.run(Thread.java:750)
"b788acd7-0bfa-48fd-ae0f-b822d5826f57@group-7510FC58D10D->aafd62d6-5d37-4c95-9ffb-fecfd05fefa6-GrpcLogAppender-LogAppenderDaemon" daemon prio=5 tid=870 timed_waiting
java.lang.Thread.State: TIMED_WAITING
        at sun.misc.Unsafe.park(Native Method)
        at java.util.concurrent.locks.LockSupport.parkNanos(LockSupport.java:215)
        at java.util.concurrent.CompletableFuture$Signaller.block(CompletableFuture.java:1709)
        at java.util.concurrent.ForkJoinPool.managedBlock(ForkJoinPool.java:3323)
        at java.util.concurrent.CompletableFuture.timedGet(CompletableFuture.java:1788)
        at java.util.concurrent.CompletableFuture.get(CompletableFuture.java:1928)
        at org.apache.ratis.util.AwaitForSignal.await(AwaitForSignal.java:56)
        at org.apache.ratis.grpc.server.GrpcLogAppender.mayWait(GrpcLogAppender.java:198)
        at org.apache.ratis.grpc.server.GrpcLogAppender.run(GrpcLogAppender.java:148)
        at org.apache.ratis.server.leader.LogAppenderDaemon.run(LogAppenderDaemon.java:78)
        at org.apache.ratis.server.leader.LogAppenderDaemon$$Lambda$1040/1326312005.run(Unknown Source)
        at java.lang.Thread.run(Thread.java:750)
"Datanode State Machine Task Thread - 1"  prio=5 tid=542 in Object.wait()
java.lang.Thread.State: WAITING (on object monitor)
        at sun.misc.Unsafe.park(Native Method)
        at java.util.concurrent.locks.LockSupport.park(LockSupport.java:175)
        at java.util.concurrent.locks.AbstractQueuedSynchronizer$ConditionObject.await(AbstractQueuedSynchronizer.java:2039)
        at java.util.concurrent.LinkedBlockingQueue.take(LinkedBlockingQueue.java:442)
        at java.util.concurrent.ThreadPoolExecutor.getTask(ThreadPoolExecutor.java:1074)
        at java.util.concurrent.ThreadPoolExecutor.runWorker(ThreadPoolExecutor.java:1134)
        at java.util.concurrent.ThreadPoolExecutor$Worker.run(ThreadPoolExecutor.java:624)
        at java.lang.Thread.run(Thread.java:750)
"qtp604571221-270" daemon prio=5 tid=270 timed_waiting
java.lang.Thread.State: TIMED_WAITING
        at sun.misc.Unsafe.park(Native Method)
        at java.util.concurrent.locks.LockSupport.parkNanos(LockSupport.java:215)
        at java.util.concurrent.locks.AbstractQueuedSynchronizer$ConditionObject.awaitNanos(AbstractQueuedSynchronizer.java:2078)
        at org.eclipse.jetty.util.BlockingArrayQueue.poll(BlockingArrayQueue.java:382)
        at org.eclipse.jetty.util.thread.QueuedThreadPool$Runner.idleJobPoll(QueuedThreadPool.java:974)
        at org.eclipse.jetty.util.thread.QueuedThreadPool$Runner.run(QueuedThreadPool.java:1018)
        at java.lang.Thread.run(Thread.java:750)
"qtp110562008-347" daemon prio=5 tid=347 timed_waiting
java.lang.Thread.State: TIMED_WAITING
        at sun.misc.Unsafe.park(Native Method)
        at java.util.concurrent.locks.LockSupport.parkNanos(LockSupport.java:215)
        at java.util.concurrent.locks.AbstractQueuedSynchronizer$ConditionObject.awaitNanos(AbstractQueuedSynchronizer.java:2078)
        at org.eclipse.jetty.util.BlockingArrayQueue.poll(BlockingArrayQueue.java:382)
        at org.eclipse.jetty.util.thread.QueuedThreadPool$Runner.idleJobPoll(QueuedThreadPool.java:974)
        at org.eclipse.jetty.util.thread.QueuedThreadPool$Runner.run(QueuedThreadPool.java:1018)
        at java.lang.Thread.run(Thread.java:750)
"grpc-default-boss-ELG-1-1" daemon prio=5 tid=138 runnable
java.lang.Thread.State: RUNNABLE
        at org.apache.ratis.thirdparty.io.netty.channel.epoll.Native.epollWait(Native Method)
        at org.apache.ratis.thirdparty.io.netty.channel.epoll.Native.epollWait(Native.java:209)
        at org.apache.ratis.thirdparty.io.netty.channel.epoll.Native.epollWait(Native.java:202)
        at org.apache.ratis.thirdparty.io.netty.channel.epoll.EpollEventLoop.epollWaitNoTimerChange(EpollEventLoop.java:294)
        at org.apache.ratis.thirdparty.io.netty.channel.epoll.EpollEventLoop.run(EpollEventLoop.java:351)
        at org.apache.ratis.thirdparty.io.netty.util.concurrent.SingleThreadEventExecutor$4.run(SingleThreadEventExecutor.java:995)
        at org.apache.ratis.thirdparty.io.netty.util.internal.ThreadExecutorMap$2.run(ThreadExecutorMap.java:74)
        at org.apache.ratis.thirdparty.io.netty.util.concurrent.FastThreadLocalRunnable.run(FastThreadLocalRunnable.java:30)
        at java.lang.Thread.run(Thread.java:750)
"qtp2069383006-244" daemon prio=5 tid=244 timed_waiting
java.lang.Thread.State: TIMED_WAITING
        at sun.misc.Unsafe.park(Native Method)
        at java.util.concurrent.locks.LockSupport.parkNanos(LockSupport.java:215)
        at java.util.concurrent.locks.AbstractQueuedSynchronizer$ConditionObject.awaitNanos(AbstractQueuedSynchronizer.java:2078)
        at org.eclipse.jetty.util.BlockingArrayQueue.poll(BlockingArrayQueue.java:382)
        at org.eclipse.jetty.util.thread.QueuedThreadPool$Runner.idleJobPoll(QueuedThreadPool.java:974)
        at org.eclipse.jetty.util.thread.QueuedThreadPool$Runner.run(QueuedThreadPool.java:1018)
        at java.lang.Thread.run(Thread.java:750)
"1397ad66-7a30-4622-84c4-76091eab1ef3@group-CEF2DDE05160-SegmentedRaftLogWorker"  prio=5 tid=664 timed_waiting
java.lang.Thread.State: TIMED_WAITING
        at sun.misc.Unsafe.park(Native Method)
        at java.util.concurrent.locks.LockSupport.parkNanos(LockSupport.java:215)
        at java.util.concurrent.locks.AbstractQueuedSynchronizer$ConditionObject.awaitNanos(AbstractQueuedSynchronizer.java:2078)
        at org.apache.ratis.util.DataBlockingQueue.poll(DataBlockingQueue.java:148)
        at org.apache.ratis.server.raftlog.segmented.SegmentedRaftLogWorker.run(SegmentedRaftLogWorker.java:310)
        at org.apache.ratis.server.raftlog.segmented.SegmentedRaftLogWorker$$Lambda$665/306525361.run(Unknown Source)
        at java.lang.Thread.run(Thread.java:750)
"StaleRecoveringContainerScrubbingService#0" daemon prio=5 tid=563 in Object.wait()
java.lang.Thread.State: WAITING (on object monitor)
        at sun.misc.Unsafe.park(Native Method)
        at java.util.concurrent.locks.LockSupport.park(LockSupport.java:175)
        at java.util.concurrent.locks.AbstractQueuedSynchronizer$ConditionObject.await(AbstractQueuedSynchronizer.java:2039)
        at java.util.concurrent.ScheduledThreadPoolExecutor$DelayedWorkQueue.take(ScheduledThreadPoolExecutor.java:1088)
        at java.util.concurrent.ScheduledThreadPoolExecutor$DelayedWorkQueue.take(ScheduledThreadPoolExecutor.java:809)
        at java.util.concurrent.ThreadPoolExecutor.getTask(ThreadPoolExecutor.java:1074)
        at java.util.concurrent.ThreadPoolExecutor.runWorker(ThreadPoolExecutor.java:1134)
        at java.util.concurrent.ThreadPoolExecutor$Worker.run(ThreadPoolExecutor.java:624)
        at java.lang.Thread.run(Thread.java:750)
"StaleRecoveringContainerScrubbingService#0" daemon prio=5 tid=540 in Object.wait()
java.lang.Thread.State: WAITING (on object monitor)
        at sun.misc.Unsafe.park(Native Method)
        at java.util.concurrent.locks.LockSupport.park(LockSupport.java:175)
        at java.util.concurrent.locks.AbstractQueuedSynchronizer$ConditionObject.await(AbstractQueuedSynchronizer.java:2039)
        at java.util.concurrent.ScheduledThreadPoolExecutor$DelayedWorkQueue.take(ScheduledThreadPoolExecutor.java:1088)
        at java.util.concurrent.ScheduledThreadPoolExecutor$DelayedWorkQueue.take(ScheduledThreadPoolExecutor.java:809)
        at java.util.concurrent.ThreadPoolExecutor.getTask(ThreadPoolExecutor.java:1074)
        at java.util.concurrent.ThreadPoolExecutor.runWorker(ThreadPoolExecutor.java:1134)
        at java.util.concurrent.ThreadPoolExecutor$Worker.run(ThreadPoolExecutor.java:624)
        at java.lang.Thread.run(Thread.java:750)
"qtp783772812-147" daemon prio=5 tid=147 timed_waiting
java.lang.Thread.State: TIMED_WAITING
        at sun.misc.Unsafe.park(Native Method)
        at java.util.concurrent.locks.LockSupport.parkNanos(LockSupport.java:215)
        at java.util.concurrent.locks.AbstractQueuedSynchronizer$ConditionObject.awaitNanos(AbstractQueuedSynchronizer.java:2078)
        at org.eclipse.jetty.util.BlockingArrayQueue.poll(BlockingArrayQueue.java:382)
        at org.eclipse.jetty.util.thread.QueuedThreadPool$Runner.idleJobPoll(QueuedThreadPool.java:974)
        at org.eclipse.jetty.util.thread.QueuedThreadPool$Runner.run(QueuedThreadPool.java:1018)
        at java.lang.Thread.run(Thread.java:750)
"BlockDeletingService#2" daemon prio=5 tid=896 in Object.wait()
java.lang.Thread.State: WAITING (on object monitor)
        at sun.misc.Unsafe.park(Native Method)
        at java.util.concurrent.locks.LockSupport.park(LockSupport.java:175)
        at java.util.concurrent.locks.AbstractQueuedSynchronizer$ConditionObject.await(AbstractQueuedSynchronizer.java:2039)
        at java.util.concurrent.ScheduledThreadPoolExecutor$DelayedWorkQueue.take(ScheduledThreadPoolExecutor.java:1088)
        at java.util.concurrent.ScheduledThreadPoolExecutor$DelayedWorkQueue.take(ScheduledThreadPoolExecutor.java:809)
        at java.util.concurrent.ThreadPoolExecutor.getTask(ThreadPoolExecutor.java:1074)
        at java.util.concurrent.ThreadPoolExecutor.runWorker(ThreadPoolExecutor.java:1134)
        at java.util.concurrent.ThreadPoolExecutor$Worker.run(ThreadPoolExecutor.java:624)
        at java.lang.Thread.run(Thread.java:750)
"edbb8909-d467-4274-b253-e11b41a723b1-server-thread3" daemon prio=5 tid=854 timed_waiting
java.lang.Thread.State: TIMED_WAITING
        at sun.misc.Unsafe.park(Native Method)
        at java.util.concurrent.locks.LockSupport.parkNanos(LockSupport.java:215)
        at java.util.concurrent.SynchronousQueue$TransferStack.awaitFulfill(SynchronousQueue.java:460)
        at java.util.concurrent.SynchronousQueue$TransferStack.transfer(SynchronousQueue.java:362)
        at java.util.concurrent.SynchronousQueue.poll(SynchronousQueue.java:941)
        at java.util.concurrent.ThreadPoolExecutor.getTask(ThreadPoolExecutor.java:1073)
        at java.util.concurrent.ThreadPoolExecutor.runWorker(ThreadPoolExecutor.java:1134)
        at java.util.concurrent.ThreadPoolExecutor$Worker.run(ThreadPoolExecutor.java:624)
        at java.lang.Thread.run(Thread.java:750)
"edbb8909-d467-4274-b253-e11b41a723b1-server-thread3" daemon prio=5 tid=839 timed_waiting
java.lang.Thread.State: TIMED_WAITING
        at sun.misc.Unsafe.park(Native Method)
        at java.util.concurrent.locks.LockSupport.parkNanos(LockSupport.java:215)
        at java.util.concurrent.SynchronousQueue$TransferStack.awaitFulfill(SynchronousQueue.java:460)
        at java.util.concurrent.SynchronousQueue$TransferStack.transfer(SynchronousQueue.java:362)
        at java.util.concurrent.SynchronousQueue.poll(SynchronousQueue.java:941)
        at java.util.concurrent.ThreadPoolExecutor.getTask(ThreadPoolExecutor.java:1073)
        at java.util.concurrent.ThreadPoolExecutor.runWorker(ThreadPoolExecutor.java:1134)
        at java.util.concurrent.ThreadPoolExecutor$Worker.run(ThreadPoolExecutor.java:624)
        at java.lang.Thread.run(Thread.java:750)
"grpc-default-executor-3" daemon prio=5 tid=703 timed_waiting
java.lang.Thread.State: TIMED_WAITING
        at sun.misc.Unsafe.park(Native Method)
        at java.util.concurrent.locks.LockSupport.parkNanos(LockSupport.java:215)
        at java.util.concurrent.SynchronousQueue$TransferStack.awaitFulfill(SynchronousQueue.java:460)
        at java.util.concurrent.SynchronousQueue$TransferStack.transfer(SynchronousQueue.java:362)
        at java.util.concurrent.SynchronousQueue.poll(SynchronousQueue.java:941)
        at java.util.concurrent.ThreadPoolExecutor.getTask(ThreadPoolExecutor.java:1073)
        at java.util.concurrent.ThreadPoolExecutor.runWorker(ThreadPoolExecutor.java:1134)
        at java.util.concurrent.ThreadPoolExecutor$Worker.run(ThreadPoolExecutor.java:624)
        at java.lang.Thread.run(Thread.java:750)
"IPC Server handler 2 on default port 40235" daemon prio=5 tid=156 timed_waiting
java.lang.Thread.State: TIMED_WAITING
        at sun.misc.Unsafe.park(Native Method)
        at java.util.concurrent.locks.LockSupport.parkNanos(LockSupport.java:215)
        at java.util.concurrent.locks.AbstractQueuedSynchronizer$ConditionObject.awaitNanos(AbstractQueuedSynchronizer.java:2078)
        at java.util.concurrent.LinkedBlockingQueue.poll(LinkedBlockingQueue.java:467)
        at org.apache.hadoop.ipc.CallQueueManager.take(CallQueueManager.java:317)
        at org.apache.hadoop.ipc.Server$Handler.run(Server.java:2942)
"Datanode State Machine Daemon Thread" daemon prio=5 tid=193 timed_waiting
java.lang.Thread.State: TIMED_WAITING
        at java.lang.Thread.sleep(Native Method)
        at org.apache.hadoop.ozone.container.common.statemachine.DatanodeStateMachine.startStateMachineThread(DatanodeStateMachine.java:321)
        at org.apache.hadoop.ozone.container.common.statemachine.DatanodeStateMachine.lambda$startDaemon$0(DatanodeStateMachine.java:506)
        at org.apache.hadoop.ozone.container.common.statemachine.DatanodeStateMachine$$Lambda$751/211315337.run(Unknown Source)
        at java.lang.Thread.run(Thread.java:750)
"ChunkWriter-2-0" daemon prio=5 tid=432 in Object.wait()
java.lang.Thread.State: WAITING (on object monitor)
        at sun.misc.Unsafe.park(Native Method)
        at java.util.concurrent.locks.LockSupport.park(LockSupport.java:175)
        at java.util.concurrent.locks.AbstractQueuedSynchronizer$ConditionObject.await(AbstractQueuedSynchronizer.java:2039)
        at java.util.concurrent.LinkedBlockingDeque.takeFirst(LinkedBlockingDeque.java:492)
        at java.util.concurrent.LinkedBlockingDeque.take(LinkedBlockingDeque.java:680)
        at java.util.concurrent.ThreadPoolExecutor.getTask(ThreadPoolExecutor.java:1074)
        at java.util.concurrent.ThreadPoolExecutor.runWorker(ThreadPoolExecutor.java:1134)
        at java.util.concurrent.ThreadPoolExecutor$Worker.run(ThreadPoolExecutor.java:624)
        at java.lang.Thread.run(Thread.java:750)
"IPC Server handler 3 on default port 38821" daemon prio=5 tid=70 timed_waiting
java.lang.Thread.State: TIMED_WAITING
        at sun.misc.Unsafe.park(Native Method)
        at java.util.concurrent.locks.LockSupport.parkNanos(LockSupport.java:215)
        at java.util.concurrent.locks.AbstractQueuedSynchronizer$ConditionObject.awaitNanos(AbstractQueuedSynchronizer.java:2078)
        at java.util.concurrent.LinkedBlockingQueue.poll(LinkedBlockingQueue.java:467)
        at org.apache.hadoop.ipc.CallQueueManager.take(CallQueueManager.java:317)
        at org.apache.hadoop.ipc.Server$Handler.run(Server.java:2942)
"aafd62d6-5d37-4c95-9ffb-fecfd05fefa6-server-thread3" daemon prio=5 tid=877 timed_waiting
java.lang.Thread.State: TIMED_WAITING
        at sun.misc.Unsafe.park(Native Method)
        at java.util.concurrent.locks.LockSupport.parkNanos(LockSupport.java:215)
        at java.util.concurrent.SynchronousQueue$TransferStack.awaitFulfill(SynchronousQueue.java:460)
        at java.util.concurrent.SynchronousQueue$TransferStack.transfer(SynchronousQueue.java:362)
        at java.util.concurrent.SynchronousQueue.poll(SynchronousQueue.java:941)
        at java.util.concurrent.ThreadPoolExecutor.getTask(ThreadPoolExecutor.java:1073)
        at java.util.concurrent.ThreadPoolExecutor.runWorker(ThreadPoolExecutor.java:1134)
        at java.util.concurrent.ThreadPoolExecutor$Worker.run(ThreadPoolExecutor.java:624)
        at java.lang.Thread.run(Thread.java:750)
"pool-173-thread-1"  prio=5 tid=289 timed_waiting
java.lang.Thread.State: TIMED_WAITING
        at sun.misc.Unsafe.park(Native Method)
        at java.util.concurrent.locks.LockSupport.parkNanos(LockSupport.java:215)
        at java.util.concurrent.locks.AbstractQueuedSynchronizer$ConditionObject.awaitNanos(AbstractQueuedSynchronizer.java:2078)
        at java.util.concurrent.ScheduledThreadPoolExecutor$DelayedWorkQueue.take(ScheduledThreadPoolExecutor.java:1093)
        at java.util.concurrent.ScheduledThreadPoolExecutor$DelayedWorkQueue.take(ScheduledThreadPoolExecutor.java:809)
        at java.util.concurrent.ThreadPoolExecutor.getTask(ThreadPoolExecutor.java:1074)
        at java.util.concurrent.ThreadPoolExecutor.runWorker(ThreadPoolExecutor.java:1134)
        at java.util.concurrent.ThreadPoolExecutor$Worker.run(ThreadPoolExecutor.java:624)
        at java.lang.Thread.run(Thread.java:750)
"org.apache.hadoop.ozone.container.common.statemachine.commandhandler.DeleteBlocksCommandHandler$DeleteCmdWorker@16ce05de" daemon prio=5 tid=209 timed_waiting
java.lang.Thread.State: TIMED_WAITING
        at java.lang.Thread.sleep(Native Method)
        at org.apache.hadoop.ozone.container.common.statemachine.commandhandler.DeleteBlocksCommandHandler$DeleteCmdWorker.run(DeleteBlocksCommandHandler.java:183)
        at java.lang.Thread.run(Thread.java:750)
"org.apache.hadoop.ozone.container.common.statemachine.commandhandler.DeleteBlocksCommandHandler$DeleteCmdWorker@5fa30871" daemon prio=5 tid=262 timed_waiting
java.lang.Thread.State: TIMED_WAITING
        at java.lang.Thread.sleep(Native Method)
        at org.apache.hadoop.ozone.container.common.statemachine.commandhandler.DeleteBlocksCommandHandler$DeleteCmdWorker.run(DeleteBlocksCommandHandler.java:183)
        at java.lang.Thread.run(Thread.java:750)
"Datanode State Machine Task Thread - 1"  prio=5 tid=466 in Object.wait()
java.lang.Thread.State: WAITING (on object monitor)
        at sun.misc.Unsafe.park(Native Method)
        at java.util.concurrent.locks.LockSupport.park(LockSupport.java:175)
        at java.util.concurrent.locks.AbstractQueuedSynchronizer$ConditionObject.await(AbstractQueuedSynchronizer.java:2039)
        at java.util.concurrent.LinkedBlockingQueue.take(LinkedBlockingQueue.java:442)
        at java.util.concurrent.ThreadPoolExecutor.getTask(ThreadPoolExecutor.java:1074)
        at java.util.concurrent.ThreadPoolExecutor.runWorker(ThreadPoolExecutor.java:1134)
        at java.util.concurrent.ThreadPoolExecutor$Worker.run(ThreadPoolExecutor.java:624)
        at java.lang.Thread.run(Thread.java:750)
"qtp1591256270-459" daemon prio=5 tid=459 timed_waiting
java.lang.Thread.State: TIMED_WAITING
        at sun.misc.Unsafe.park(Native Method)
        at java.util.concurrent.locks.LockSupport.parkNanos(LockSupport.java:215)
        at java.util.concurrent.locks.AbstractQueuedSynchronizer$ConditionObject.awaitNanos(AbstractQueuedSynchronizer.java:2078)
        at org.eclipse.jetty.util.BlockingArrayQueue.poll(BlockingArrayQueue.java:382)
        at org.eclipse.jetty.util.thread.QueuedThreadPool$Runner.idleJobPoll(QueuedThreadPool.java:974)
        at org.eclipse.jetty.util.thread.QueuedThreadPool$Runner.run(QueuedThreadPool.java:1018)
        at java.lang.Thread.run(Thread.java:750)
"1397ad66-7a30-4622-84c4-76091eab1ef3-server-thread3" daemon prio=5 tid=855 timed_waiting
java.lang.Thread.State: TIMED_WAITING
        at sun.misc.Unsafe.park(Native Method)
        at java.util.concurrent.locks.LockSupport.parkNanos(LockSupport.java:215)
        at java.util.concurrent.SynchronousQueue$TransferStack.awaitFulfill(SynchronousQueue.java:460)
        at java.util.concurrent.SynchronousQueue$TransferStack.transfer(SynchronousQueue.java:362)
        at java.util.concurrent.SynchronousQueue.poll(SynchronousQueue.java:941)
        at java.util.concurrent.ThreadPoolExecutor.getTask(ThreadPoolExecutor.java:1073)
        at java.util.concurrent.ThreadPoolExecutor.runWorker(ThreadPoolExecutor.java:1134)
        at java.util.concurrent.ThreadPoolExecutor$Worker.run(ThreadPoolExecutor.java:624)
        at java.lang.Thread.run(Thread.java:750)
"fca08327-10d6-4e50-9aa0-d18fc62323ab@group-7510FC58D10D-SegmentedRaftLogWorker"  prio=5 tid=591 timed_waiting
java.lang.Thread.State: TIMED_WAITING
        at sun.misc.Unsafe.park(Native Method)
        at java.util.concurrent.locks.LockSupport.parkNanos(LockSupport.java:215)
        at java.util.concurrent.locks.AbstractQueuedSynchronizer$ConditionObject.awaitNanos(AbstractQueuedSynchronizer.java:2078)
        at org.apache.ratis.util.DataBlockingQueue.poll(DataBlockingQueue.java:148)
        at org.apache.ratis.server.raftlog.segmented.SegmentedRaftLogWorker.run(SegmentedRaftLogWorker.java:310)
        at org.apache.ratis.server.raftlog.segmented.SegmentedRaftLogWorker$$Lambda$665/306525361.run(Unknown Source)
        at java.lang.Thread.run(Thread.java:750)
"FixedThreadPoolWithAffinityExecutor-2-0" daemon prio=5 tid=37 timed_waiting
java.lang.Thread.State: TIMED_WAITING
        at sun.misc.Unsafe.park(Native Method)
        at java.util.concurrent.locks.LockSupport.parkNanos(LockSupport.java:215)
        at java.util.concurrent.locks.AbstractQueuedSynchronizer$ConditionObject.awaitNanos(AbstractQueuedSynchronizer.java:2078)
        at java.util.concurrent.LinkedBlockingQueue.poll(LinkedBlockingQueue.java:467)
        at org.apache.hadoop.hdds.scm.server.ContainerReportQueue.poll(ContainerReportQueue.java:266)
        at org.apache.hadoop.hdds.scm.server.ContainerReportQueue.poll(ContainerReportQueue.java:42)
        at org.apache.hadoop.hdds.server.events.FixedThreadPoolWithAffinityExecutor$ContainerReportProcessTask.run(FixedThreadPoolWithAffinityExecutor.java:218)
        at java.util.concurrent.Executors$RunnableAdapter.call(Executors.java:511)
        at java.util.concurrent.FutureTask.run(FutureTask.java:266)
        at java.util.concurrent.ThreadPoolExecutor.runWorker(ThreadPoolExecutor.java:1149)
        at java.util.concurrent.ThreadPoolExecutor$Worker.run(ThreadPoolExecutor.java:624)
        at java.lang.Thread.run(Thread.java:750)
"Datanode State Machine Task Thread - 0"  prio=5 tid=372 in Object.wait()
java.lang.Thread.State: WAITING (on object monitor)
        at sun.misc.Unsafe.park(Native Method)
        at java.util.concurrent.locks.LockSupport.park(LockSupport.java:175)
        at java.util.concurrent.locks.AbstractQueuedSynchronizer$ConditionObject.await(AbstractQueuedSynchronizer.java:2039)
        at java.util.concurrent.LinkedBlockingQueue.take(LinkedBlockingQueue.java:442)
        at java.util.concurrent.ThreadPoolExecutor.getTask(ThreadPoolExecutor.java:1074)
        at java.util.concurrent.ThreadPoolExecutor.runWorker(ThreadPoolExecutor.java:1134)
        at java.util.concurrent.ThreadPoolExecutor$Worker.run(ThreadPoolExecutor.java:624)
        at java.lang.Thread.run(Thread.java:750)
"Socket Reader #1 for port 0"  prio=5 tid=32 runnable
java.lang.Thread.State: RUNNABLE
        at sun.nio.ch.EPollArrayWrapper.epollWait(Native Method)
        at sun.nio.ch.EPollArrayWrapper.poll(EPollArrayWrapper.java:269)
        at sun.nio.ch.EPollSelectorImpl.doSelect(EPollSelectorImpl.java:93)
        at sun.nio.ch.SelectorImpl.lockAndDoSelect(SelectorImpl.java:86)
        at sun.nio.ch.SelectorImpl.select(SelectorImpl.java:97)
        at sun.nio.ch.SelectorImpl.select(SelectorImpl.java:101)
        at org.apache.hadoop.ipc.Server$Listener$Reader.doRunLoop(Server.java:1296)
        at org.apache.hadoop.ipc.Server$Listener$Reader.run(Server.java:1275)
"StaleRecoveringContainerScrubbingService#2" daemon prio=5 tid=895 in Object.wait()
java.lang.Thread.State: WAITING (on object monitor)
        at sun.misc.Unsafe.park(Native Method)
        at java.util.concurrent.locks.LockSupport.park(LockSupport.java:175)
        at java.util.concurrent.locks.AbstractQueuedSynchronizer$ConditionObject.await(AbstractQueuedSynchronizer.java:2039)
        at java.util.concurrent.ScheduledThreadPoolExecutor$DelayedWorkQueue.take(ScheduledThreadPoolExecutor.java:1088)
        at java.util.concurrent.ScheduledThreadPoolExecutor$DelayedWorkQueue.take(ScheduledThreadPoolExecutor.java:809)
        at java.util.concurrent.ThreadPoolExecutor.getTask(ThreadPoolExecutor.java:1074)
        at java.util.concurrent.ThreadPoolExecutor.runWorker(ThreadPoolExecutor.java:1134)
        at java.util.concurrent.ThreadPoolExecutor$Worker.run(ThreadPoolExecutor.java:624)
        at java.lang.Thread.run(Thread.java:750)
"Datanode ReportManager Thread - 4" daemon prio=5 tid=483 in Object.wait()
java.lang.Thread.State: WAITING (on object monitor)
        at sun.misc.Unsafe.park(Native Method)
        at java.util.concurrent.locks.LockSupport.park(LockSupport.java:175)
        at java.util.concurrent.locks.AbstractQueuedSynchronizer$ConditionObject.await(AbstractQueuedSynchronizer.java:2039)
        at java.util.concurrent.ScheduledThreadPoolExecutor$DelayedWorkQueue.take(ScheduledThreadPoolExecutor.java:1088)
        at java.util.concurrent.ScheduledThreadPoolExecutor$DelayedWorkQueue.take(ScheduledThreadPoolExecutor.java:809)
        at java.util.concurrent.ThreadPoolExecutor.getTask(ThreadPoolExecutor.java:1074)
        at java.util.concurrent.ThreadPoolExecutor.runWorker(ThreadPoolExecutor.java:1134)
        at java.util.concurrent.ThreadPoolExecutor$Worker.run(ThreadPoolExecutor.java:624)
        at java.lang.Thread.run(Thread.java:750)
"PartialTableCache Cleanup Thread - 0" daemon prio=5 tid=757 in Object.wait()
java.lang.Thread.State: WAITING (on object monitor)
        at sun.misc.Unsafe.park(Native Method)
        at java.util.concurrent.locks.LockSupport.park(LockSupport.java:175)
        at java.util.concurrent.locks.AbstractQueuedSynchronizer$ConditionObject.await(AbstractQueuedSynchronizer.java:2039)
        at java.util.concurrent.LinkedBlockingQueue.take(LinkedBlockingQueue.java:442)
        at java.util.concurrent.ThreadPoolExecutor.getTask(ThreadPoolExecutor.java:1074)
        at java.util.concurrent.ThreadPoolExecutor.runWorker(ThreadPoolExecutor.java:1134)
        at java.util.concurrent.ThreadPoolExecutor$Worker.run(ThreadPoolExecutor.java:624)
        at java.lang.Thread.run(Thread.java:750)
"StaleRecoveringContainerScrubbingService#1" daemon prio=5 tid=498 timed_waiting
java.lang.Thread.State: TIMED_WAITING
        at sun.misc.Unsafe.park(Native Method)
        at java.util.concurrent.locks.LockSupport.parkNanos(LockSupport.java:215)
        at java.util.concurrent.locks.AbstractQueuedSynchronizer$ConditionObject.awaitNanos(AbstractQueuedSynchronizer.java:2078)
        at java.util.concurrent.ScheduledThreadPoolExecutor$DelayedWorkQueue.take(ScheduledThreadPoolExecutor.java:1093)
        at java.util.concurrent.ScheduledThreadPoolExecutor$DelayedWorkQueue.take(ScheduledThreadPoolExecutor.java:809)
        at java.util.concurrent.ThreadPoolExecutor.getTask(ThreadPoolExecutor.java:1074)
        at java.util.concurrent.ThreadPoolExecutor.runWorker(ThreadPoolExecutor.java:1134)
        at java.util.concurrent.ThreadPoolExecutor$Worker.run(ThreadPoolExecutor.java:624)
        at java.lang.Thread.run(Thread.java:750)
"IPC Server handler 12 on default port 33617" daemon prio=5 tid=59 timed_waiting
java.lang.Thread.State: TIMED_WAITING
        at sun.misc.Unsafe.park(Native Method)
        at java.util.concurrent.locks.LockSupport.parkNanos(LockSupport.java:215)
        at java.util.concurrent.locks.AbstractQueuedSynchronizer$ConditionObject.awaitNanos(AbstractQueuedSynchronizer.java:2078)
        at java.util.concurrent.LinkedBlockingQueue.poll(LinkedBlockingQueue.java:467)
        at org.apache.hadoop.ipc.CallQueueManager.take(CallQueueManager.java:317)
        at org.apache.hadoop.ipc.Server$Handler.run(Server.java:2942)
"FixedThreadPoolWithAffinityExecutor-1-0" daemon prio=5 tid=36 timed_waiting
java.lang.Thread.State: TIMED_WAITING
        at sun.misc.Unsafe.park(Native Method)
        at java.util.concurrent.locks.LockSupport.parkNanos(LockSupport.java:215)
        at java.util.concurrent.locks.AbstractQueuedSynchronizer$ConditionObject.awaitNanos(AbstractQueuedSynchronizer.java:2078)
        at java.util.concurrent.LinkedBlockingQueue.poll(LinkedBlockingQueue.java:467)
        at org.apache.hadoop.hdds.scm.server.ContainerReportQueue.poll(ContainerReportQueue.java:266)
        at org.apache.hadoop.hdds.scm.server.ContainerReportQueue.poll(ContainerReportQueue.java:42)
        at org.apache.hadoop.hdds.server.events.FixedThreadPoolWithAffinityExecutor$ContainerReportProcessTask.run(FixedThreadPoolWithAffinityExecutor.java:218)
        at java.util.concurrent.Executors$RunnableAdapter.call(Executors.java:511)
        at java.util.concurrent.FutureTask.run(FutureTask.java:266)
        at java.util.concurrent.ThreadPoolExecutor.runWorker(ThreadPoolExecutor.java:1149)
        at java.util.concurrent.ThreadPoolExecutor$Worker.run(ThreadPoolExecutor.java:624)
        at java.lang.Thread.run(Thread.java:750)
"Datanode ReportManager Thread - 1" daemon prio=5 tid=366 in Object.wait()
java.lang.Thread.State: WAITING (on object monitor)
        at sun.misc.Unsafe.park(Native Method)
        at java.util.concurrent.locks.LockSupport.park(LockSupport.java:175)
        at java.util.concurrent.locks.AbstractQueuedSynchronizer$ConditionObject.await(AbstractQueuedSynchronizer.java:2039)
        at java.util.concurrent.ScheduledThreadPoolExecutor$DelayedWorkQueue.take(ScheduledThreadPoolExecutor.java:1088)
        at java.util.concurrent.ScheduledThreadPoolExecutor$DelayedWorkQueue.take(ScheduledThreadPoolExecutor.java:809)
        at java.util.concurrent.ThreadPoolExecutor.getTask(ThreadPoolExecutor.java:1074)
        at java.util.concurrent.ThreadPoolExecutor.runWorker(ThreadPoolExecutor.java:1134)
        at java.util.concurrent.ThreadPoolExecutor$Worker.run(ThreadPoolExecutor.java:624)
        at java.lang.Thread.run(Thread.java:750)
"b788acd7-0bfa-48fd-ae0f-b822d5826f57@group-DD4C95DED537-StateMachineUpdater" daemon prio=5 tid=604 timed_waiting
java.lang.Thread.State: TIMED_WAITING
        at sun.misc.Unsafe.park(Native Method)
        at java.util.concurrent.locks.LockSupport.parkNanos(LockSupport.java:215)
        at java.util.concurrent.CompletableFuture$Signaller.block(CompletableFuture.java:1709)
        at java.util.concurrent.ForkJoinPool.managedBlock(ForkJoinPool.java:3323)
        at java.util.concurrent.CompletableFuture.timedGet(CompletableFuture.java:1788)
        at java.util.concurrent.CompletableFuture.get(CompletableFuture.java:1928)
        at org.apache.ratis.util.AwaitForSignal.await(AwaitForSignal.java:56)
        at org.apache.ratis.server.impl.StateMachineUpdater.waitForCommit(StateMachineUpdater.java:207)
        at org.apache.ratis.server.impl.StateMachineUpdater.run(StateMachineUpdater.java:176)
        at java.lang.Thread.run(Thread.java:750)
"c047bafd-0fa0-4f2f-9a8c-56ef9c35524f@group-CEF2DDE05160->1397ad66-7a30-4622-84c4-76091eab1ef3-GrpcLogAppender-LogAppenderDaemon" daemon prio=5 tid=848 timed_waiting
java.lang.Thread.State: TIMED_WAITING
        at sun.misc.Unsafe.park(Native Method)
        at java.util.concurrent.locks.LockSupport.parkNanos(LockSupport.java:215)
        at java.util.concurrent.CompletableFuture$Signaller.block(CompletableFuture.java:1709)
        at java.util.concurrent.ForkJoinPool.managedBlock(ForkJoinPool.java:3323)
        at java.util.concurrent.CompletableFuture.timedGet(CompletableFuture.java:1788)
        at java.util.concurrent.CompletableFuture.get(CompletableFuture.java:1928)
        at org.apache.ratis.util.AwaitForSignal.await(AwaitForSignal.java:56)
        at org.apache.ratis.grpc.server.GrpcLogAppender.mayWait(GrpcLogAppender.java:198)
        at org.apache.ratis.grpc.server.GrpcLogAppender.run(GrpcLogAppender.java:148)
        at org.apache.ratis.server.leader.LogAppenderDaemon.run(LogAppenderDaemon.java:78)
        at org.apache.ratis.server.leader.LogAppenderDaemon$$Lambda$1040/1326312005.run(Unknown Source)
        at java.lang.Thread.run(Thread.java:750)
"qtp602120831-113" daemon prio=5 tid=113 timed_waiting
java.lang.Thread.State: TIMED_WAITING
        at sun.misc.Unsafe.park(Native Method)
        at java.util.concurrent.locks.LockSupport.parkNanos(LockSupport.java:215)
        at java.util.concurrent.locks.AbstractQueuedSynchronizer$ConditionObject.awaitNanos(AbstractQueuedSynchronizer.java:2078)
        at org.eclipse.jetty.util.BlockingArrayQueue.poll(BlockingArrayQueue.java:382)
        at org.eclipse.jetty.util.thread.QueuedThreadPool$Runner.idleJobPoll(QueuedThreadPool.java:974)
        at org.eclipse.jetty.util.thread.QueuedThreadPool$Runner.run(QueuedThreadPool.java:1018)
        at java.lang.Thread.run(Thread.java:750)
"ChunkWriter-1-0" daemon prio=5 tid=557 in Object.wait()
java.lang.Thread.State: WAITING (on object monitor)
        at sun.misc.Unsafe.park(Native Method)
        at java.util.concurrent.locks.LockSupport.park(LockSupport.java:175)
        at java.util.concurrent.locks.AbstractQueuedSynchronizer$ConditionObject.await(AbstractQueuedSynchronizer.java:2039)
        at java.util.concurrent.LinkedBlockingDeque.takeFirst(LinkedBlockingDeque.java:492)
        at java.util.concurrent.LinkedBlockingDeque.take(LinkedBlockingDeque.java:680)
        at java.util.concurrent.ThreadPoolExecutor.getTask(ThreadPoolExecutor.java:1074)
        at java.util.concurrent.ThreadPoolExecutor.runWorker(ThreadPoolExecutor.java:1134)
        at java.util.concurrent.ThreadPoolExecutor$Worker.run(ThreadPoolExecutor.java:624)
        at java.lang.Thread.run(Thread.java:750)
"JvmPauseMonitor3" daemon prio=5 tid=434 timed_waiting
java.lang.Thread.State: TIMED_WAITING
        at java.lang.Thread.sleep(Native Method)
        at java.lang.Thread.sleep(Thread.java:342)
        at java.util.concurrent.TimeUnit.sleep(TimeUnit.java:386)
        at org.apache.ratis.util.TimeDuration.sleep(TimeDuration.java:325)
        at org.apache.ratis.util.TimeDuration.sleep(TimeDuration.java:310)
        at org.apache.ratis.util.JvmPauseMonitor.detectPause(JvmPauseMonitor.java:119)
        at org.apache.ratis.util.JvmPauseMonitor.run(JvmPauseMonitor.java:108)
        at org.apache.ratis.util.JvmPauseMonitor$$Lambda$706/577778412.run(Unknown Source)
        at java.lang.Thread.run(Thread.java:750)
"qtp200370202-424" daemon prio=5 tid=424 timed_waiting
java.lang.Thread.State: TIMED_WAITING
        at sun.misc.Unsafe.park(Native Method)
        at java.util.concurrent.locks.LockSupport.parkNanos(LockSupport.java:215)
        at java.util.concurrent.locks.AbstractQueuedSynchronizer$ConditionObject.awaitNanos(AbstractQueuedSynchronizer.java:2078)
        at org.eclipse.jetty.util.BlockingArrayQueue.poll(BlockingArrayQueue.java:382)
        at org.eclipse.jetty.util.thread.QueuedThreadPool$Runner.idleJobPoll(QueuedThreadPool.java:974)
        at org.eclipse.jetty.util.thread.QueuedThreadPool$Runner.run(QueuedThreadPool.java:1018)
        at java.lang.Thread.run(Thread.java:750)
"Datanode State Machine Task Thread - 0"  prio=5 tid=201 in Object.wait()
java.lang.Thread.State: WAITING (on object monitor)
        at sun.misc.Unsafe.park(Native Method)
        at java.util.concurrent.locks.LockSupport.park(LockSupport.java:175)
        at java.util.concurrent.locks.AbstractQueuedSynchronizer$ConditionObject.await(AbstractQueuedSynchronizer.java:2039)
        at java.util.concurrent.LinkedBlockingQueue.take(LinkedBlockingQueue.java:442)
        at java.util.concurrent.ThreadPoolExecutor.getTask(ThreadPoolExecutor.java:1074)
        at java.util.concurrent.ThreadPoolExecutor.runWorker(ThreadPoolExecutor.java:1134)
        at java.util.concurrent.ThreadPoolExecutor$Worker.run(ThreadPoolExecutor.java:624)
        at java.lang.Thread.run(Thread.java:750)
"EndpointStateMachine task thread for /0.0.0.0:34199 - 0 "  prio=5 tid=429 in Object.wait()
java.lang.Thread.State: WAITING (on object monitor)
        at sun.misc.Unsafe.park(Native Method)
        at java.util.concurrent.locks.LockSupport.park(LockSupport.java:175)
        at java.util.concurrent.locks.AbstractQueuedSynchronizer$ConditionObject.await(AbstractQueuedSynchronizer.java:2039)
        at java.util.concurrent.LinkedBlockingQueue.take(LinkedBlockingQueue.java:442)
        at java.util.concurrent.ThreadPoolExecutor.getTask(ThreadPoolExecutor.java:1074)
        at java.util.concurrent.ThreadPoolExecutor.runWorker(ThreadPoolExecutor.java:1134)
        at java.util.concurrent.ThreadPoolExecutor$Worker.run(ThreadPoolExecutor.java:624)
        at java.lang.Thread.run(Thread.java:750)
"qtp1122905237-383" daemon prio=5 tid=383 timed_waiting
java.lang.Thread.State: TIMED_WAITING
        at sun.misc.Unsafe.park(Native Method)
        at java.util.concurrent.locks.LockSupport.parkNanos(LockSupport.java:215)
        at java.util.concurrent.locks.AbstractQueuedSynchronizer$ConditionObject.awaitNanos(AbstractQueuedSynchronizer.java:2078)
        at org.eclipse.jetty.util.BlockingArrayQueue.poll(BlockingArrayQueue.java:382)
        at org.eclipse.jetty.util.thread.QueuedThreadPool$Runner.idleJobPoll(QueuedThreadPool.java:974)
        at org.eclipse.jetty.util.thread.QueuedThreadPool$Runner.run(QueuedThreadPool.java:1018)
        at java.lang.Thread.run(Thread.java:750)
"FixedThreadPoolWithAffinityExecutor-9-0" daemon prio=5 tid=44 timed_waiting
java.lang.Thread.State: TIMED_WAITING
        at sun.misc.Unsafe.park(Native Method)
        at java.util.concurrent.locks.LockSupport.parkNanos(LockSupport.java:215)
        at java.util.concurrent.locks.AbstractQueuedSynchronizer$ConditionObject.awaitNanos(AbstractQueuedSynchronizer.java:2078)
        at java.util.concurrent.LinkedBlockingQueue.poll(LinkedBlockingQueue.java:467)
        at org.apache.hadoop.hdds.scm.server.ContainerReportQueue.poll(ContainerReportQueue.java:266)
        at org.apache.hadoop.hdds.scm.server.ContainerReportQueue.poll(ContainerReportQueue.java:42)
        at org.apache.hadoop.hdds.server.events.FixedThreadPoolWithAffinityExecutor$ContainerReportProcessTask.run(FixedThreadPoolWithAffinityExecutor.java:218)
        at java.util.concurrent.Executors$RunnableAdapter.call(Executors.java:511)
        at java.util.concurrent.FutureTask.run(FutureTask.java:266)
        at java.util.concurrent.ThreadPoolExecutor.runWorker(ThreadPoolExecutor.java:1149)
        at java.util.concurrent.ThreadPoolExecutor$Worker.run(ThreadPoolExecutor.java:624)
        at java.lang.Thread.run(Thread.java:750)
"qtp1122905237-384" daemon prio=5 tid=384 timed_waiting
java.lang.Thread.State: TIMED_WAITING
        at sun.misc.Unsafe.park(Native Method)
        at java.util.concurrent.locks.LockSupport.parkNanos(LockSupport.java:215)
        at java.util.concurrent.locks.AbstractQueuedSynchronizer$ConditionObject.awaitNanos(AbstractQueuedSynchronizer.java:2078)
        at org.eclipse.jetty.util.BlockingArrayQueue.poll(BlockingArrayQueue.java:382)
        at org.eclipse.jetty.util.thread.QueuedThreadPool$Runner.idleJobPoll(QueuedThreadPool.java:974)
        at org.eclipse.jetty.util.thread.QueuedThreadPool$Runner.run(QueuedThreadPool.java:1018)
        at java.lang.Thread.run(Thread.java:750)
"pool-104-thread-1"  prio=5 tid=210 timed_waiting
java.lang.Thread.State: TIMED_WAITING
        at sun.misc.Unsafe.park(Native Method)
        at java.util.concurrent.locks.LockSupport.parkNanos(LockSupport.java:215)
        at java.util.concurrent.locks.AbstractQueuedSynchronizer$ConditionObject.awaitNanos(AbstractQueuedSynchronizer.java:2078)
        at java.util.concurrent.ScheduledThreadPoolExecutor$DelayedWorkQueue.take(ScheduledThreadPoolExecutor.java:1093)
        at java.util.concurrent.ScheduledThreadPoolExecutor$DelayedWorkQueue.take(ScheduledThreadPoolExecutor.java:809)
        at java.util.concurrent.ThreadPoolExecutor.getTask(ThreadPoolExecutor.java:1074)
        at java.util.concurrent.ThreadPoolExecutor.runWorker(ThreadPoolExecutor.java:1134)
        at java.util.concurrent.ThreadPoolExecutor$Worker.run(ThreadPoolExecutor.java:624)
        at java.lang.Thread.run(Thread.java:750)
"qtp110562008-349" daemon prio=5 tid=349 timed_waiting
java.lang.Thread.State: TIMED_WAITING
        at sun.misc.Unsafe.park(Native Method)
        at java.util.concurrent.locks.LockSupport.parkNanos(LockSupport.java:215)
        at java.util.concurrent.locks.AbstractQueuedSynchronizer$ConditionObject.awaitNanos(AbstractQueuedSynchronizer.java:2078)
        at org.eclipse.jetty.util.BlockingArrayQueue.poll(BlockingArrayQueue.java:382)
        at org.eclipse.jetty.util.thread.QueuedThreadPool$Runner.idleJobPoll(QueuedThreadPool.java:974)
        at org.eclipse.jetty.util.thread.QueuedThreadPool$Runner.run(QueuedThreadPool.java:1018)
        at java.lang.Thread.run(Thread.java:750)
"qtp154819692-185-acceptor-0@4cc7f9fd-ServerConnector@6317d9af{HTTP/1.1, (http/1.1)}{0.0.0.0:32991}" daemon prio=3 tid=185 runnable
java.lang.Thread.State: RUNNABLE
        at sun.nio.ch.ServerSocketChannelImpl.accept0(Native Method)
        at sun.nio.ch.ServerSocketChannelImpl.accept(ServerSocketChannelImpl.java:421)
        at sun.nio.ch.ServerSocketChannelImpl.accept(ServerSocketChannelImpl.java:249)
        at org.eclipse.jetty.server.ServerConnector.accept(ServerConnector.java:388)
        at org.eclipse.jetty.server.AbstractConnector$Acceptor.run(AbstractConnector.java:704)
        at org.eclipse.jetty.util.thread.QueuedThreadPool.runJob(QueuedThreadPool.java:883)
        at org.eclipse.jetty.util.thread.QueuedThreadPool$Runner.run(QueuedThreadPool.java:1034)
        at java.lang.Thread.run(Thread.java:750)
"1397ad66-7a30-4622-84c4-76091eab1ef3-server-thread1" daemon prio=5 tid=852 timed_waiting
java.lang.Thread.State: TIMED_WAITING
        at sun.misc.Unsafe.park(Native Method)
        at java.util.concurrent.locks.LockSupport.parkNanos(LockSupport.java:215)
        at java.util.concurrent.SynchronousQueue$TransferStack.awaitFulfill(SynchronousQueue.java:460)
        at java.util.concurrent.SynchronousQueue$TransferStack.transfer(SynchronousQueue.java:362)
        at java.util.concurrent.SynchronousQueue.poll(SynchronousQueue.java:941)
        at java.util.concurrent.ThreadPoolExecutor.getTask(ThreadPoolExecutor.java:1073)
        at java.util.concurrent.ThreadPoolExecutor.runWorker(ThreadPoolExecutor.java:1134)
        at java.util.concurrent.ThreadPoolExecutor$Worker.run(ThreadPoolExecutor.java:624)
        at java.lang.Thread.run(Thread.java:750)
"Session-HouseKeeper-27cac84b-1"  prio=5 tid=298 timed_waiting
java.lang.Thread.State: TIMED_WAITING
        at sun.misc.Unsafe.park(Native Method)
        at java.util.concurrent.locks.LockSupport.parkNanos(LockSupport.java:215)
        at java.util.concurrent.locks.AbstractQueuedSynchronizer$ConditionObject.awaitNanos(AbstractQueuedSynchronizer.java:2078)
        at java.util.concurrent.ScheduledThreadPoolExecutor$DelayedWorkQueue.take(ScheduledThreadPoolExecutor.java:1093)
        at java.util.concurrent.ScheduledThreadPoolExecutor$DelayedWorkQueue.take(ScheduledThreadPoolExecutor.java:809)
        at java.util.concurrent.ThreadPoolExecutor.getTask(ThreadPoolExecutor.java:1074)
        at java.util.concurrent.ThreadPoolExecutor.runWorker(ThreadPoolExecutor.java:1134)
        at java.util.concurrent.ThreadPoolExecutor$Worker.run(ThreadPoolExecutor.java:624)
        at java.lang.Thread.run(Thread.java:750)
"ChunkWriter-2-0" daemon prio=5 tid=534 in Object.wait()
java.lang.Thread.State: WAITING (on object monitor)
        at sun.misc.Unsafe.park(Native Method)
        at java.util.concurrent.locks.LockSupport.park(LockSupport.java:175)
        at java.util.concurrent.locks.AbstractQueuedSynchronizer$ConditionObject.await(AbstractQueuedSynchronizer.java:2039)
        at java.util.concurrent.LinkedBlockingDeque.takeFirst(LinkedBlockingDeque.java:492)
        at java.util.concurrent.LinkedBlockingDeque.take(LinkedBlockingDeque.java:680)
        at java.util.concurrent.ThreadPoolExecutor.getTask(ThreadPoolExecutor.java:1074)
        at java.util.concurrent.ThreadPoolExecutor.runWorker(ThreadPoolExecutor.java:1134)
        at java.util.concurrent.ThreadPoolExecutor$Worker.run(ThreadPoolExecutor.java:624)
        at java.lang.Thread.run(Thread.java:750)
"fca08327-10d6-4e50-9aa0-d18fc62323ab@group-7510FC58D10D-StateMachineUpdater" daemon prio=5 tid=595 timed_waiting
java.lang.Thread.State: TIMED_WAITING
        at sun.misc.Unsafe.park(Native Method)
        at java.util.concurrent.locks.LockSupport.parkNanos(LockSupport.java:215)
        at java.util.concurrent.CompletableFuture$Signaller.block(CompletableFuture.java:1709)
        at java.util.concurrent.ForkJoinPool.managedBlock(ForkJoinPool.java:3323)
        at java.util.concurrent.CompletableFuture.timedGet(CompletableFuture.java:1788)
        at java.util.concurrent.CompletableFuture.get(CompletableFuture.java:1928)
        at org.apache.ratis.util.AwaitForSignal.await(AwaitForSignal.java:56)
        at org.apache.ratis.server.impl.StateMachineUpdater.waitForCommit(StateMachineUpdater.java:207)
        at org.apache.ratis.server.impl.StateMachineUpdater.run(StateMachineUpdater.java:176)
        at java.lang.Thread.run(Thread.java:750)
"BlockDeletingService#0" daemon prio=5 tid=474 in Object.wait()
java.lang.Thread.State: WAITING (on object monitor)
        at sun.misc.Unsafe.park(Native Method)
        at java.util.concurrent.locks.LockSupport.park(LockSupport.java:175)
        at java.util.concurrent.locks.AbstractQueuedSynchronizer$ConditionObject.await(AbstractQueuedSynchronizer.java:2039)
        at java.util.concurrent.ScheduledThreadPoolExecutor$DelayedWorkQueue.take(ScheduledThreadPoolExecutor.java:1088)
        at java.util.concurrent.ScheduledThreadPoolExecutor$DelayedWorkQueue.take(ScheduledThreadPoolExecutor.java:809)
        at java.util.concurrent.ThreadPoolExecutor.getTask(ThreadPoolExecutor.java:1074)
        at java.util.concurrent.ThreadPoolExecutor.runWorker(ThreadPoolExecutor.java:1134)
        at java.util.concurrent.ThreadPoolExecutor$Worker.run(ThreadPoolExecutor.java:624)
        at java.lang.Thread.run(Thread.java:750)
"Datanode ReportManager Thread - 2" daemon prio=5 tid=302 in Object.wait()
java.lang.Thread.State: WAITING (on object monitor)
        at sun.misc.Unsafe.park(Native Method)
        at java.util.concurrent.locks.LockSupport.park(LockSupport.java:175)
        at java.util.concurrent.locks.AbstractQueuedSynchronizer$ConditionObject.await(AbstractQueuedSynchronizer.java:2039)
        at java.util.concurrent.ScheduledThreadPoolExecutor$DelayedWorkQueue.take(ScheduledThreadPoolExecutor.java:1088)
        at java.util.concurrent.ScheduledThreadPoolExecutor$DelayedWorkQueue.take(ScheduledThreadPoolExecutor.java:809)
        at java.util.concurrent.ThreadPoolExecutor.getTask(ThreadPoolExecutor.java:1074)
        at java.util.concurrent.ThreadPoolExecutor.runWorker(ThreadPoolExecutor.java:1134)
        at java.util.concurrent.ThreadPoolExecutor$Worker.run(ThreadPoolExecutor.java:624)
        at java.lang.Thread.run(Thread.java:750)
"JvmPauseMonitor0" daemon prio=5 tid=139 timed_waiting
java.lang.Thread.State: TIMED_WAITING
        at java.lang.Thread.sleep(Native Method)
        at java.lang.Thread.sleep(Thread.java:342)
        at java.util.concurrent.TimeUnit.sleep(TimeUnit.java:386)
        at org.apache.ratis.util.TimeDuration.sleep(TimeDuration.java:325)
        at org.apache.ratis.util.TimeDuration.sleep(TimeDuration.java:310)
        at org.apache.ratis.util.JvmPauseMonitor.detectPause(JvmPauseMonitor.java:119)
        at org.apache.ratis.util.JvmPauseMonitor.run(JvmPauseMonitor.java:108)
        at org.apache.ratis.util.JvmPauseMonitor$$Lambda$706/577778412.run(Unknown Source)
        at java.lang.Thread.run(Thread.java:750)
"EventQueue-NodeReportForNodeReportHandler" daemon prio=5 tid=881 in Object.wait()
java.lang.Thread.State: WAITING (on object monitor)
        at sun.misc.Unsafe.park(Native Method)
        at java.util.concurrent.locks.LockSupport.park(LockSupport.java:175)
        at java.util.concurrent.locks.AbstractQueuedSynchronizer$ConditionObject.await(AbstractQueuedSynchronizer.java:2039)
        at java.util.concurrent.LinkedBlockingQueue.take(LinkedBlockingQueue.java:442)
        at java.util.concurrent.ThreadPoolExecutor.getTask(ThreadPoolExecutor.java:1074)
        at java.util.concurrent.ThreadPoolExecutor.runWorker(ThreadPoolExecutor.java:1134)
        at java.util.concurrent.ThreadPoolExecutor$Worker.run(ThreadPoolExecutor.java:624)
        at java.lang.Thread.run(Thread.java:750)
"qtp1122905237-387" daemon prio=5 tid=387 timed_waiting
java.lang.Thread.State: TIMED_WAITING
        at sun.misc.Unsafe.park(Native Method)
        at java.util.concurrent.locks.LockSupport.parkNanos(LockSupport.java:215)
        at java.util.concurrent.locks.AbstractQueuedSynchronizer$ConditionObject.awaitNanos(AbstractQueuedSynchronizer.java:2078)
        at org.eclipse.jetty.util.BlockingArrayQueue.poll(BlockingArrayQueue.java:382)
        at org.eclipse.jetty.util.thread.QueuedThreadPool$Runner.idleJobPoll(QueuedThreadPool.java:974)
        at org.eclipse.jetty.util.thread.QueuedThreadPool$Runner.run(QueuedThreadPool.java:1018)
        at java.lang.Thread.run(Thread.java:750)
"surefire-forkedjvm-command-thread" daemon prio=5 tid=10 runnable
java.lang.Thread.State: RUNNABLE
        at java.io.FileInputStream.readBytes(Native Method)
        at java.io.FileInputStream.read(FileInputStream.java:255)
        at java.io.BufferedInputStream.read1(BufferedInputStream.java:284)
        at java.io.BufferedInputStream.read(BufferedInputStream.java:345)
        at java.io.BufferedInputStream.fill(BufferedInputStream.java:246)
        at java.io.BufferedInputStream.read1(BufferedInputStream.java:286)
        at java.io.BufferedInputStream.read(BufferedInputStream.java:345)
        at org.apache.maven.surefire.api.util.internal.Channels$3.readImpl(Channels.java:214)
        at org.apache.maven.surefire.api.util.internal.AbstractNoninterruptibleReadableChannel.read(AbstractNoninterruptibleReadableChannel.java:54)
        at org.apache.maven.surefire.booter.spi.LegacyMasterProcessChannelDecoder.decode(LegacyMasterProcessChannelDecoder.java:80)
        at org.apache.maven.surefire.booter.CommandReader$CommandRunnable.run(CommandReader.java:343)
        at java.lang.Thread.run(Thread.java:750)
"Datanode State Machine Daemon Thread" daemon prio=5 tid=299 timed_waiting
java.lang.Thread.State: TIMED_WAITING
        at java.lang.Thread.sleep(Native Method)
        at org.apache.hadoop.ozone.container.common.statemachine.DatanodeStateMachine.startStateMachineThread(DatanodeStateMachine.java:321)
        at org.apache.hadoop.ozone.container.common.statemachine.DatanodeStateMachine.lambda$startDaemon$0(DatanodeStateMachine.java:506)
        at org.apache.hadoop.ozone.container.common.statemachine.DatanodeStateMachine$$Lambda$751/211315337.run(Unknown Source)
        at java.lang.Thread.run(Thread.java:750)
"ChunkWriter-3-0" daemon prio=5 tid=547 in Object.wait()
java.lang.Thread.State: WAITING (on object monitor)
        at sun.misc.Unsafe.park(Native Method)
        at java.util.concurrent.locks.LockSupport.park(LockSupport.java:175)
        at java.util.concurrent.locks.AbstractQueuedSynchronizer$ConditionObject.await(AbstractQueuedSynchronizer.java:2039)
        at java.util.concurrent.LinkedBlockingDeque.takeFirst(LinkedBlockingDeque.java:492)
        at java.util.concurrent.LinkedBlockingDeque.take(LinkedBlockingDeque.java:680)
        at java.util.concurrent.ThreadPoolExecutor.getTask(ThreadPoolExecutor.java:1074)
        at java.util.concurrent.ThreadPoolExecutor.runWorker(ThreadPoolExecutor.java:1134)
        at java.util.concurrent.ThreadPoolExecutor$Worker.run(ThreadPoolExecutor.java:624)
        at java.lang.Thread.run(Thread.java:750)
"Datanode ReportManager Thread - 3" daemon prio=5 tid=368 timed_waiting
java.lang.Thread.State: TIMED_WAITING
        at sun.misc.Unsafe.park(Native Method)
        at java.util.concurrent.locks.LockSupport.parkNanos(LockSupport.java:215)
        at java.util.concurrent.locks.AbstractQueuedSynchronizer$ConditionObject.awaitNanos(AbstractQueuedSynchronizer.java:2078)
        at java.util.concurrent.ScheduledThreadPoolExecutor$DelayedWorkQueue.take(ScheduledThreadPoolExecutor.java:1093)
        at java.util.concurrent.ScheduledThreadPoolExecutor$DelayedWorkQueue.take(ScheduledThreadPoolExecutor.java:809)
        at java.util.concurrent.ThreadPoolExecutor.getTask(ThreadPoolExecutor.java:1074)
        at java.util.concurrent.ThreadPoolExecutor.runWorker(ThreadPoolExecutor.java:1134)
        at java.util.concurrent.ThreadPoolExecutor$Worker.run(ThreadPoolExecutor.java:624)
        at java.lang.Thread.run(Thread.java:750)
"JvmPauseMonitor1" daemon prio=5 tid=358 timed_waiting
java.lang.Thread.State: TIMED_WAITING
        at java.lang.Thread.sleep(Native Method)
        at java.lang.Thread.sleep(Thread.java:342)
        at java.util.concurrent.TimeUnit.sleep(TimeUnit.java:386)
        at org.apache.ratis.util.TimeDuration.sleep(TimeDuration.java:325)
        at org.apache.ratis.util.TimeDuration.sleep(TimeDuration.java:310)
        at org.apache.ratis.util.JvmPauseMonitor.detectPause(JvmPauseMonitor.java:119)
        at org.apache.ratis.util.JvmPauseMonitor.run(JvmPauseMonitor.java:108)
        at org.apache.ratis.util.JvmPauseMonitor$$Lambda$706/577778412.run(Unknown Source)
        at java.lang.Thread.run(Thread.java:750)
"IPC Server idle connection scanner for port 33617" daemon prio=5 tid=33 timed_waiting
java.lang.Thread.State: TIMED_WAITING
        at java.lang.Object.wait(Native Method)
        at java.util.TimerThread.mainLoop(Timer.java:552)
        at java.util.TimerThread.run(Timer.java:505)
"org.apache.hadoop.ozone.container.common.statemachine.commandhandler.DeleteBlocksCommandHandler$DeleteCmdWorker@707d735" daemon prio=5 tid=455 timed_waiting
java.lang.Thread.State: TIMED_WAITING
        at java.lang.Thread.sleep(Native Method)
        at org.apache.hadoop.ozone.container.common.statemachine.commandhandler.DeleteBlocksCommandHandler$DeleteCmdWorker.run(DeleteBlocksCommandHandler.java:183)
        at java.lang.Thread.run(Thread.java:750)
"Command processor thread" daemon prio=5 tid=279 timed_waiting
java.lang.Thread.State: TIMED_WAITING
        at java.lang.Thread.sleep(Native Method)
        at org.apache.hadoop.ozone.container.common.statemachine.DatanodeStateMachine.lambda$initCommandHandlerThread$3(DatanodeStateMachine.java:641)
        at org.apache.hadoop.ozone.container.common.statemachine.DatanodeStateMachine$$Lambda$753/716039171.run(Unknown Source)
        at java.lang.Thread.run(Thread.java:750)
"ChunkWriter-3-0" daemon prio=5 tid=357 in Object.wait()
java.lang.Thread.State: WAITING (on object monitor)
        at sun.misc.Unsafe.park(Native Method)
        at java.util.concurrent.locks.LockSupport.park(LockSupport.java:175)
        at java.util.concurrent.locks.AbstractQueuedSynchronizer$ConditionObject.await(AbstractQueuedSynchronizer.java:2039)
        at java.util.concurrent.LinkedBlockingDeque.takeFirst(LinkedBlockingDeque.java:492)
        at java.util.concurrent.LinkedBlockingDeque.take(LinkedBlockingDeque.java:680)
        at java.util.concurrent.ThreadPoolExecutor.getTask(ThreadPoolExecutor.java:1074)
        at java.util.concurrent.ThreadPoolExecutor.runWorker(ThreadPoolExecutor.java:1134)
        at java.util.concurrent.ThreadPoolExecutor$Worker.run(ThreadPoolExecutor.java:624)
        at java.lang.Thread.run(Thread.java:750)
"Datanode ReportManager Thread - 1" daemon prio=5 tid=249 timed_waiting
java.lang.Thread.State: TIMED_WAITING
        at sun.misc.Unsafe.park(Native Method)
        at java.util.concurrent.locks.LockSupport.parkNanos(LockSupport.java:215)
        at java.util.concurrent.locks.AbstractQueuedSynchronizer$ConditionObject.awaitNanos(AbstractQueuedSynchronizer.java:2078)
        at java.util.concurrent.ScheduledThreadPoolExecutor$DelayedWorkQueue.take(ScheduledThreadPoolExecutor.java:1093)
        at java.util.concurrent.ScheduledThreadPoolExecutor$DelayedWorkQueue.take(ScheduledThreadPoolExecutor.java:809)
        at java.util.concurrent.ThreadPoolExecutor.getTask(ThreadPoolExecutor.java:1074)
        at java.util.concurrent.ThreadPoolExecutor.runWorker(ThreadPoolExecutor.java:1134)
        at java.util.concurrent.ThreadPoolExecutor$Worker.run(ThreadPoolExecutor.java:624)
        at java.lang.Thread.run(Thread.java:750)
"ChunkReader-0" daemon prio=5 tid=762 in Object.wait()
java.lang.Thread.State: WAITING (on object monitor)
        at sun.misc.Unsafe.park(Native Method)
        at java.util.concurrent.locks.LockSupport.park(LockSupport.java:175)
        at java.util.concurrent.locks.AbstractQueuedSynchronizer$ConditionObject.await(AbstractQueuedSynchronizer.java:2039)
        at java.util.concurrent.LinkedBlockingQueue.take(LinkedBlockingQueue.java:442)
        at java.util.concurrent.ThreadPoolExecutor.getTask(ThreadPoolExecutor.java:1074)
        at java.util.concurrent.ThreadPoolExecutor.runWorker(ThreadPoolExecutor.java:1134)
        at java.util.concurrent.ThreadPoolExecutor$Worker.run(ThreadPoolExecutor.java:624)
        at java.lang.Thread.run(Thread.java:750)
"qtp2069383006-245" daemon prio=5 tid=245 timed_waiting
java.lang.Thread.State: TIMED_WAITING
        at sun.misc.Unsafe.park(Native Method)
        at java.util.concurrent.locks.LockSupport.parkNanos(LockSupport.java:215)
        at java.util.concurrent.locks.AbstractQueuedSynchronizer$ConditionObject.awaitNanos(AbstractQueuedSynchronizer.java:2078)
        at org.eclipse.jetty.util.BlockingArrayQueue.poll(BlockingArrayQueue.java:382)
        at org.eclipse.jetty.util.thread.QueuedThreadPool$Runner.idleJobPoll(QueuedThreadPool.java:974)
        at org.eclipse.jetty.util.thread.QueuedThreadPool$Runner.run(QueuedThreadPool.java:1018)
        at java.lang.Thread.run(Thread.java:750)
"IPC Server handler 15 on default port 38821" daemon prio=5 tid=82 timed_waiting
java.lang.Thread.State: TIMED_WAITING
        at sun.misc.Unsafe.park(Native Method)
        at java.util.concurrent.locks.LockSupport.parkNanos(LockSupport.java:215)
        at java.util.concurrent.locks.AbstractQueuedSynchronizer$ConditionObject.awaitNanos(AbstractQueuedSynchronizer.java:2078)
        at java.util.concurrent.LinkedBlockingQueue.poll(LinkedBlockingQueue.java:467)
        at org.apache.hadoop.ipc.CallQueueManager.take(CallQueueManager.java:317)
        at org.apache.hadoop.ipc.Server$Handler.run(Server.java:2942)
"FixedThreadPoolWithAffinityExecutor-6-0" daemon prio=5 tid=41 timed_waiting
java.lang.Thread.State: TIMED_WAITING
        at sun.misc.Unsafe.park(Native Method)
        at java.util.concurrent.locks.LockSupport.parkNanos(LockSupport.java:215)
        at java.util.concurrent.locks.AbstractQueuedSynchronizer$ConditionObject.awaitNanos(AbstractQueuedSynchronizer.java:2078)
        at java.util.concurrent.LinkedBlockingQueue.poll(LinkedBlockingQueue.java:467)
        at org.apache.hadoop.hdds.scm.server.ContainerReportQueue.poll(ContainerReportQueue.java:266)
        at org.apache.hadoop.hdds.scm.server.ContainerReportQueue.poll(ContainerReportQueue.java:42)
        at org.apache.hadoop.hdds.server.events.FixedThreadPoolWithAffinityExecutor$ContainerReportProcessTask.run(FixedThreadPoolWithAffinityExecutor.java:218)
        at java.util.concurrent.Executors$RunnableAdapter.call(Executors.java:511)
        at java.util.concurrent.FutureTask.run(FutureTask.java:266)
        at java.util.concurrent.ThreadPoolExecutor.runWorker(ThreadPoolExecutor.java:1149)
        at java.util.concurrent.ThreadPoolExecutor$Worker.run(ThreadPoolExecutor.java:624)
        at java.lang.Thread.run(Thread.java:750)
"BlockDeletingService#2" daemon prio=5 tid=894 in Object.wait()
java.lang.Thread.State: WAITING (on object monitor)
        at sun.misc.Unsafe.park(Native Method)
        at java.util.concurrent.locks.LockSupport.park(LockSupport.java:175)
        at java.util.concurrent.locks.AbstractQueuedSynchronizer$ConditionObject.await(AbstractQueuedSynchronizer.java:2039)
        at java.util.concurrent.ScheduledThreadPoolExecutor$DelayedWorkQueue.take(ScheduledThreadPoolExecutor.java:1088)
        at java.util.concurrent.ScheduledThreadPoolExecutor$DelayedWorkQueue.take(ScheduledThreadPoolExecutor.java:809)
        at java.util.concurrent.ThreadPoolExecutor.getTask(ThreadPoolExecutor.java:1074)
        at java.util.concurrent.ThreadPoolExecutor.runWorker(ThreadPoolExecutor.java:1134)
        at java.util.concurrent.ThreadPoolExecutor$Worker.run(ThreadPoolExecutor.java:624)
        at java.lang.Thread.run(Thread.java:750)
"EventQueue-NewNodeForNewNodeHandler" daemon prio=5 tid=511 in Object.wait()
java.lang.Thread.State: WAITING (on object monitor)
        at sun.misc.Unsafe.park(Native Method)
        at java.util.concurrent.locks.LockSupport.park(LockSupport.java:175)
        at java.util.concurrent.locks.AbstractQueuedSynchronizer$ConditionObject.await(AbstractQueuedSynchronizer.java:2039)
        at java.util.concurrent.LinkedBlockingQueue.take(LinkedBlockingQueue.java:442)
        at java.util.concurrent.ThreadPoolExecutor.getTask(ThreadPoolExecutor.java:1074)
        at java.util.concurrent.ThreadPoolExecutor.runWorker(ThreadPoolExecutor.java:1134)
        at java.util.concurrent.ThreadPoolExecutor$Worker.run(ThreadPoolExecutor.java:624)
        at java.lang.Thread.run(Thread.java:750)
"Command processor thread" daemon prio=5 tid=446 timed_waiting
java.lang.Thread.State: TIMED_WAITING
        at java.lang.Thread.sleep(Native Method)
        at org.apache.hadoop.ozone.container.common.statemachine.DatanodeStateMachine.lambda$initCommandHandlerThread$3(DatanodeStateMachine.java:641)
        at org.apache.hadoop.ozone.container.common.statemachine.DatanodeStateMachine$$Lambda$753/716039171.run(Unknown Source)
        at java.lang.Thread.run(Thread.java:750)
"BlockDeletingService#0" daemon prio=5 tid=436 in Object.wait()
java.lang.Thread.State: WAITING (on object monitor)
        at sun.misc.Unsafe.park(Native Method)
        at java.util.concurrent.locks.LockSupport.park(LockSupport.java:175)
        at java.util.concurrent.locks.AbstractQueuedSynchronizer$ConditionObject.await(AbstractQueuedSynchronizer.java:2039)
        at java.util.concurrent.ScheduledThreadPoolExecutor$DelayedWorkQueue.take(ScheduledThreadPoolExecutor.java:1088)
        at java.util.concurrent.ScheduledThreadPoolExecutor$DelayedWorkQueue.take(ScheduledThreadPoolExecutor.java:809)
        at java.util.concurrent.ThreadPoolExecutor.getTask(ThreadPoolExecutor.java:1074)
        at java.util.concurrent.ThreadPoolExecutor.runWorker(ThreadPoolExecutor.java:1134)
        at java.util.concurrent.ThreadPoolExecutor$Worker.run(ThreadPoolExecutor.java:624)
        at java.lang.Thread.run(Thread.java:750)
"qtp200370202-419" daemon prio=5 tid=419 runnable
java.lang.Thread.State: RUNNABLE
        at sun.nio.ch.EPollArrayWrapper.epollWait(Native Method)
        at sun.nio.ch.EPollArrayWrapper.poll(EPollArrayWrapper.java:269)
        at sun.nio.ch.EPollSelectorImpl.doSelect(EPollSelectorImpl.java:93)
        at sun.nio.ch.SelectorImpl.lockAndDoSelect(SelectorImpl.java:86)
        at sun.nio.ch.SelectorImpl.select(SelectorImpl.java:97)
        at sun.nio.ch.SelectorImpl.select(SelectorImpl.java:101)
        at org.eclipse.jetty.io.ManagedSelector.nioSelect(ManagedSelector.java:183)
        at org.eclipse.jetty.io.ManagedSelector.select(ManagedSelector.java:190)
        at org.eclipse.jetty.io.ManagedSelector$SelectorProducer.select(ManagedSelector.java:606)
        at org.eclipse.jetty.io.ManagedSelector$SelectorProducer.produce(ManagedSelector.java:543)
        at org.eclipse.jetty.util.thread.strategy.EatWhatYouKill.produceTask(EatWhatYouKill.java:362)
        at org.eclipse.jetty.util.thread.strategy.EatWhatYouKill.doProduce(EatWhatYouKill.java:186)
        at org.eclipse.jetty.util.thread.strategy.EatWhatYouKill.tryProduce(EatWhatYouKill.java:173)
        at org.eclipse.jetty.util.thread.strategy.EatWhatYouKill.produce(EatWhatYouKill.java:137)
        at org.eclipse.jetty.io.ManagedSelector$$Lambda$446/827549167.run(Unknown Source)
        at org.eclipse.jetty.util.thread.QueuedThreadPool.runJob(QueuedThreadPool.java:883)
        at org.eclipse.jetty.util.thread.QueuedThreadPool$Runner.run(QueuedThreadPool.java:1034)
        at java.lang.Thread.run(Thread.java:750)
"b788acd7-0bfa-48fd-ae0f-b822d5826f57@group-7510FC58D10D->fca08327-10d6-4e50-9aa0-d18fc62323ab-GrpcLogAppender-LogAppenderDaemon" daemon prio=5 tid=871 timed_waiting
java.lang.Thread.State: TIMED_WAITING
        at sun.misc.Unsafe.park(Native Method)
        at java.util.concurrent.locks.LockSupport.parkNanos(LockSupport.java:215)
        at java.util.concurrent.CompletableFuture$Signaller.block(CompletableFuture.java:1709)
        at java.util.concurrent.ForkJoinPool.managedBlock(ForkJoinPool.java:3323)
        at java.util.concurrent.CompletableFuture.timedGet(CompletableFuture.java:1788)
        at java.util.concurrent.CompletableFuture.get(CompletableFuture.java:1928)
        at org.apache.ratis.util.AwaitForSignal.await(AwaitForSignal.java:56)
        at org.apache.ratis.grpc.server.GrpcLogAppender.mayWait(GrpcLogAppender.java:198)
        at org.apache.ratis.grpc.server.GrpcLogAppender.run(GrpcLogAppender.java:148)
        at org.apache.ratis.server.leader.LogAppenderDaemon.run(LogAppenderDaemon.java:78)
        at org.apache.ratis.server.leader.LogAppenderDaemon$$Lambda$1040/1326312005.run(Unknown Source)
        at java.lang.Thread.run(Thread.java:750)
"BlockDeletingService#0" daemon prio=5 tid=495 in Object.wait()
java.lang.Thread.State: WAITING (on object monitor)
        at sun.misc.Unsafe.park(Native Method)
        at java.util.concurrent.locks.LockSupport.park(LockSupport.java:175)
        at java.util.concurrent.locks.AbstractQueuedSynchronizer$ConditionObject.await(AbstractQueuedSynchronizer.java:2039)
        at java.util.concurrent.ScheduledThreadPoolExecutor$DelayedWorkQueue.take(ScheduledThreadPoolExecutor.java:1088)
        at java.util.concurrent.ScheduledThreadPoolExecutor$DelayedWorkQueue.take(ScheduledThreadPoolExecutor.java:809)
        at java.util.concurrent.ThreadPoolExecutor.getTask(ThreadPoolExecutor.java:1074)
        at java.util.concurrent.ThreadPoolExecutor.runWorker(ThreadPoolExecutor.java:1134)
        at java.util.concurrent.ThreadPoolExecutor$Worker.run(ThreadPoolExecutor.java:624)
        at java.lang.Thread.run(Thread.java:750)
"IPC Server Responder" daemon prio=5 tid=30 runnable
java.lang.Thread.State: RUNNABLE
        at sun.nio.ch.EPollArrayWrapper.epollWait(Native Method)
        at sun.nio.ch.EPollArrayWrapper.poll(EPollArrayWrapper.java:269)
        at sun.nio.ch.EPollSelectorImpl.doSelect(EPollSelectorImpl.java:93)
        at sun.nio.ch.SelectorImpl.lockAndDoSelect(SelectorImpl.java:86)
        at sun.nio.ch.SelectorImpl.select(SelectorImpl.java:97)
        at org.apache.hadoop.ipc.Server$Responder.doRunLoop(Server.java:1532)
        at org.apache.hadoop.ipc.Server$Responder.run(Server.java:1515)
"ChunkReader-ELG-0" daemon prio=5 tid=549 runnable
java.lang.Thread.State: RUNNABLE
        at org.apache.ratis.thirdparty.io.netty.channel.epoll.Native.epollWait(Native Method)
        at org.apache.ratis.thirdparty.io.netty.channel.epoll.Native.epollWait(Native.java:209)
        at org.apache.ratis.thirdparty.io.netty.channel.epoll.Native.epollWait(Native.java:202)
        at org.apache.ratis.thirdparty.io.netty.channel.epoll.EpollEventLoop.epollWaitNoTimerChange(EpollEventLoop.java:294)
        at org.apache.ratis.thirdparty.io.netty.channel.epoll.EpollEventLoop.run(EpollEventLoop.java:351)
        at org.apache.ratis.thirdparty.io.netty.util.concurrent.SingleThreadEventExecutor$4.run(SingleThreadEventExecutor.java:995)
        at org.apache.ratis.thirdparty.io.netty.util.internal.ThreadExecutorMap$2.run(ThreadExecutorMap.java:74)
        at java.lang.Thread.run(Thread.java:750)
"pool-81-thread-1"  prio=5 tid=183 timed_waiting
java.lang.Thread.State: TIMED_WAITING
        at sun.misc.Unsafe.park(Native Method)
        at java.util.concurrent.locks.LockSupport.parkNanos(LockSupport.java:215)
        at java.util.concurrent.locks.AbstractQueuedSynchronizer$ConditionObject.awaitNanos(AbstractQueuedSynchronizer.java:2078)
        at java.util.concurrent.ScheduledThreadPoolExecutor$DelayedWorkQueue.take(ScheduledThreadPoolExecutor.java:1093)
        at java.util.concurrent.ScheduledThreadPoolExecutor$DelayedWorkQueue.take(ScheduledThreadPoolExecutor.java:809)
        at java.util.concurrent.ThreadPoolExecutor.getTask(ThreadPoolExecutor.java:1074)
        at java.util.concurrent.ThreadPoolExecutor.runWorker(ThreadPoolExecutor.java:1134)
        at java.util.concurrent.ThreadPoolExecutor$Worker.run(ThreadPoolExecutor.java:624)
        at java.lang.Thread.run(Thread.java:750)
"Session-HouseKeeper-162e7803-1"  prio=5 tid=465 timed_waiting
java.lang.Thread.State: TIMED_WAITING
        at sun.misc.Unsafe.park(Native Method)
        at java.util.concurrent.locks.LockSupport.parkNanos(LockSupport.java:215)
        at java.util.concurrent.locks.AbstractQueuedSynchronizer$ConditionObject.awaitNanos(AbstractQueuedSynchronizer.java:2078)
        at java.util.concurrent.ScheduledThreadPoolExecutor$DelayedWorkQueue.take(ScheduledThreadPoolExecutor.java:1093)
        at java.util.concurrent.ScheduledThreadPoolExecutor$DelayedWorkQueue.take(ScheduledThreadPoolExecutor.java:809)
        at java.util.concurrent.ThreadPoolExecutor.getTask(ThreadPoolExecutor.java:1074)
        at java.util.concurrent.ThreadPoolExecutor.runWorker(ThreadPoolExecutor.java:1134)
        at java.util.concurrent.ThreadPoolExecutor$Worker.run(ThreadPoolExecutor.java:624)
        at java.lang.Thread.run(Thread.java:750)
"qtp1122905237-386" daemon prio=5 tid=386 timed_waiting
java.lang.Thread.State: TIMED_WAITING
        at sun.misc.Unsafe.park(Native Method)
        at java.util.concurrent.locks.LockSupport.parkNanos(LockSupport.java:215)
        at java.util.concurrent.locks.AbstractQueuedSynchronizer$ConditionObject.awaitNanos(AbstractQueuedSynchronizer.java:2078)
        at org.eclipse.jetty.util.BlockingArrayQueue.poll(BlockingArrayQueue.java:382)
        at org.eclipse.jetty.util.thread.QueuedThreadPool$Runner.idleJobPoll(QueuedThreadPool.java:974)
        at org.eclipse.jetty.util.thread.QueuedThreadPool$Runner.run(QueuedThreadPool.java:1018)
        at java.lang.Thread.run(Thread.java:750)
"pool-273-thread-1"  prio=5 tid=418 timed_waiting
java.lang.Thread.State: TIMED_WAITING
        at sun.misc.Unsafe.park(Native Method)
        at java.util.concurrent.locks.LockSupport.parkNanos(LockSupport.java:215)
        at java.util.concurrent.locks.AbstractQueuedSynchronizer$ConditionObject.awaitNanos(AbstractQueuedSynchronizer.java:2078)
        at java.util.concurrent.ScheduledThreadPoolExecutor$DelayedWorkQueue.take(ScheduledThreadPoolExecutor.java:1093)
        at java.util.concurrent.ScheduledThreadPoolExecutor$DelayedWorkQueue.take(ScheduledThreadPoolExecutor.java:809)
        at java.util.concurrent.ThreadPoolExecutor.getTask(ThreadPoolExecutor.java:1074)
        at java.util.concurrent.ThreadPoolExecutor.runWorker(ThreadPoolExecutor.java:1134)
        at java.util.concurrent.ThreadPoolExecutor$Worker.run(ThreadPoolExecutor.java:624)
        at java.lang.Thread.run(Thread.java:750)
"Datanode State Machine Daemon Thread" daemon prio=5 tid=221 timed_waiting
java.lang.Thread.State: TIMED_WAITING
        at java.lang.Thread.sleep(Native Method)
        at org.apache.hadoop.ozone.container.common.statemachine.DatanodeStateMachine.startStateMachineThread(DatanodeStateMachine.java:321)
        at org.apache.hadoop.ozone.container.common.statemachine.DatanodeStateMachine.lambda$startDaemon$0(DatanodeStateMachine.java:506)
        at org.apache.hadoop.ozone.container.common.statemachine.DatanodeStateMachine$$Lambda$751/211315337.run(Unknown Source)
        at java.lang.Thread.run(Thread.java:750)
"Socket Reader #1 for port 0"  prio=5 tid=131 runnable
java.lang.Thread.State: RUNNABLE
        at sun.nio.ch.EPollArrayWrapper.epollWait(Native Method)
        at sun.nio.ch.EPollArrayWrapper.poll(EPollArrayWrapper.java:269)
        at sun.nio.ch.EPollSelectorImpl.doSelect(EPollSelectorImpl.java:93)
        at sun.nio.ch.SelectorImpl.lockAndDoSelect(SelectorImpl.java:86)
        at sun.nio.ch.SelectorImpl.select(SelectorImpl.java:97)
        at sun.nio.ch.SelectorImpl.select(SelectorImpl.java:101)
        at org.apache.hadoop.ipc.Server$Listener$Reader.doRunLoop(Server.java:1296)
        at org.apache.hadoop.ipc.Server$Listener$Reader.run(Server.java:1275)
"Periodic HDDS volume checker" daemon prio=5 tid=283 timed_waiting
java.lang.Thread.State: TIMED_WAITING
        at sun.misc.Unsafe.park(Native Method)
        at java.util.concurrent.locks.LockSupport.parkNanos(LockSupport.java:215)
        at java.util.concurrent.locks.AbstractQueuedSynchronizer$ConditionObject.awaitNanos(AbstractQueuedSynchronizer.java:2078)
        at java.util.concurrent.ScheduledThreadPoolExecutor$DelayedWorkQueue.take(ScheduledThreadPoolExecutor.java:1093)
        at java.util.concurrent.ScheduledThreadPoolExecutor$DelayedWorkQueue.take(ScheduledThreadPoolExecutor.java:809)
        at java.util.concurrent.ThreadPoolExecutor.getTask(ThreadPoolExecutor.java:1074)
        at java.util.concurrent.ThreadPoolExecutor.runWorker(ThreadPoolExecutor.java:1134)
        at java.util.concurrent.ThreadPoolExecutor$Worker.run(ThreadPoolExecutor.java:624)
        at java.lang.Thread.run(Thread.java:750)
"ChunkWriter-0-0" daemon prio=5 tid=556 in Object.wait()
java.lang.Thread.State: WAITING (on object monitor)
        at sun.misc.Unsafe.park(Native Method)
        at java.util.concurrent.locks.LockSupport.park(LockSupport.java:175)
        at java.util.concurrent.locks.AbstractQueuedSynchronizer$ConditionObject.await(AbstractQueuedSynchronizer.java:2039)
        at java.util.concurrent.LinkedBlockingDeque.takeFirst(LinkedBlockingDeque.java:492)
        at java.util.concurrent.LinkedBlockingDeque.take(LinkedBlockingDeque.java:680)
        at java.util.concurrent.ThreadPoolExecutor.getTask(ThreadPoolExecutor.java:1074)
        at java.util.concurrent.ThreadPoolExecutor.runWorker(ThreadPoolExecutor.java:1134)
        at java.util.concurrent.ThreadPoolExecutor$Worker.run(ThreadPoolExecutor.java:624)
        at java.lang.Thread.run(Thread.java:750)
"qtp1591256270-460" daemon prio=5 tid=460 timed_waiting
java.lang.Thread.State: TIMED_WAITING
        at sun.misc.Unsafe.park(Native Method)
        at java.util.concurrent.locks.LockSupport.parkNanos(LockSupport.java:215)
        at java.util.concurrent.locks.AbstractQueuedSynchronizer$ConditionObject.awaitNanos(AbstractQueuedSynchronizer.java:2078)
        at org.eclipse.jetty.util.BlockingArrayQueue.poll(BlockingArrayQueue.java:382)
        at org.eclipse.jetty.util.thread.QueuedThreadPool$Runner.idleJobPoll(QueuedThreadPool.java:974)
        at org.eclipse.jetty.util.thread.QueuedThreadPool$Runner.run(QueuedThreadPool.java:1018)
        at java.lang.Thread.run(Thread.java:750)
"qtp1691241233-292" daemon prio=5 tid=292 timed_waiting
java.lang.Thread.State: TIMED_WAITING
        at sun.misc.Unsafe.park(Native Method)
        at java.util.concurrent.locks.LockSupport.parkNanos(LockSupport.java:215)
        at java.util.concurrent.locks.AbstractQueuedSynchronizer$ConditionObject.awaitNanos(AbstractQueuedSynchronizer.java:2078)
        at org.eclipse.jetty.util.BlockingArrayQueue.poll(BlockingArrayQueue.java:382)
        at org.eclipse.jetty.util.thread.QueuedThreadPool$Runner.idleJobPoll(QueuedThreadPool.java:974)
        at org.eclipse.jetty.util.thread.QueuedThreadPool$Runner.run(QueuedThreadPool.java:1018)
        at java.lang.Thread.run(Thread.java:750)
"BlockDeletingService#0" daemon prio=5 tid=398 in Object.wait()
java.lang.Thread.State: WAITING (on object monitor)
        at sun.misc.Unsafe.park(Native Method)
        at java.util.concurrent.locks.LockSupport.park(LockSupport.java:175)
        at java.util.concurrent.locks.AbstractQueuedSynchronizer$ConditionObject.await(AbstractQueuedSynchronizer.java:2039)
        at java.util.concurrent.ScheduledThreadPoolExecutor$DelayedWorkQueue.take(ScheduledThreadPoolExecutor.java:1088)
        at java.util.concurrent.ScheduledThreadPoolExecutor$DelayedWorkQueue.take(ScheduledThreadPoolExecutor.java:809)
        at java.util.concurrent.ThreadPoolExecutor.getTask(ThreadPoolExecutor.java:1074)
        at java.util.concurrent.ThreadPoolExecutor.runWorker(ThreadPoolExecutor.java:1134)
        at java.util.concurrent.ThreadPoolExecutor$Worker.run(ThreadPoolExecutor.java:624)
        at java.lang.Thread.run(Thread.java:750)
"pool-264-thread-1"  prio=5 tid=656 in Object.wait()
java.lang.Thread.State: WAITING (on object monitor)
        at sun.misc.Unsafe.park(Native Method)
        at java.util.concurrent.locks.LockSupport.park(LockSupport.java:175)
        at java.util.concurrent.locks.AbstractQueuedSynchronizer$ConditionObject.await(AbstractQueuedSynchronizer.java:2039)
        at java.util.concurrent.LinkedBlockingQueue.take(LinkedBlockingQueue.java:442)
        at java.util.concurrent.ThreadPoolExecutor.getTask(ThreadPoolExecutor.java:1074)
        at java.util.concurrent.ThreadPoolExecutor.runWorker(ThreadPoolExecutor.java:1134)
        at java.util.concurrent.ThreadPoolExecutor$Worker.run(ThreadPoolExecutor.java:624)
        at java.lang.Thread.run(Thread.java:750)
"ChunkReader-ELG-0" daemon prio=5 tid=397 runnable
java.lang.Thread.State: RUNNABLE
        at org.apache.ratis.thirdparty.io.netty.channel.epoll.Native.epollWait(Native Method)
        at org.apache.ratis.thirdparty.io.netty.channel.epoll.Native.epollWait(Native.java:209)
        at org.apache.ratis.thirdparty.io.netty.channel.epoll.Native.epollWait(Native.java:202)
        at org.apache.ratis.thirdparty.io.netty.channel.epoll.EpollEventLoop.epollWaitNoTimerChange(EpollEventLoop.java:294)
        at org.apache.ratis.thirdparty.io.netty.channel.epoll.EpollEventLoop.run(EpollEventLoop.java:351)
        at org.apache.ratis.thirdparty.io.netty.util.concurrent.SingleThreadEventExecutor$4.run(SingleThreadEventExecutor.java:995)
        at org.apache.ratis.thirdparty.io.netty.util.internal.ThreadExecutorMap$2.run(ThreadExecutorMap.java:74)
        at java.lang.Thread.run(Thread.java:750)
"qtp2069383006-238" daemon prio=5 tid=238 runnable
java.lang.Thread.State: RUNNABLE
        at sun.nio.ch.EPollArrayWrapper.epollWait(Native Method)
        at sun.nio.ch.EPollArrayWrapper.poll(EPollArrayWrapper.java:269)
        at sun.nio.ch.EPollSelectorImpl.doSelect(EPollSelectorImpl.java:93)
        at sun.nio.ch.SelectorImpl.lockAndDoSelect(SelectorImpl.java:86)
        at sun.nio.ch.SelectorImpl.select(SelectorImpl.java:97)
        at sun.nio.ch.SelectorImpl.select(SelectorImpl.java:101)
        at org.eclipse.jetty.io.ManagedSelector.nioSelect(ManagedSelector.java:183)
        at org.eclipse.jetty.io.ManagedSelector.select(ManagedSelector.java:190)
        at org.eclipse.jetty.io.ManagedSelector$SelectorProducer.select(ManagedSelector.java:606)
        at org.eclipse.jetty.io.ManagedSelector$SelectorProducer.produce(ManagedSelector.java:543)
        at org.eclipse.jetty.util.thread.strategy.EatWhatYouKill.produceTask(EatWhatYouKill.java:362)
        at org.eclipse.jetty.util.thread.strategy.EatWhatYouKill.doProduce(EatWhatYouKill.java:186)
        at org.eclipse.jetty.util.thread.strategy.EatWhatYouKill.tryProduce(EatWhatYouKill.java:173)
        at org.eclipse.jetty.util.thread.strategy.EatWhatYouKill.produce(EatWhatYouKill.java:137)
        at org.eclipse.jetty.io.ManagedSelector$$Lambda$446/827549167.run(Unknown Source)
        at org.eclipse.jetty.util.thread.QueuedThreadPool.runJob(QueuedThreadPool.java:883)
        at org.eclipse.jetty.util.thread.QueuedThreadPool$Runner.run(QueuedThreadPool.java:1034)
        at java.lang.Thread.run(Thread.java:750)
"c4b91fe4-1e17-46ee-80ce-129a880b8a55@group-5FA22E3399E1-LeaderStateImpl" daemon prio=5 tid=808 timed_waiting
java.lang.Thread.State: TIMED_WAITING
        at sun.misc.Unsafe.park(Native Method)
        at java.util.concurrent.locks.LockSupport.parkNanos(LockSupport.java:215)
        at java.util.concurrent.locks.AbstractQueuedSynchronizer$ConditionObject.awaitNanos(AbstractQueuedSynchronizer.java:2078)
        at java.util.concurrent.ArrayBlockingQueue.poll(ArrayBlockingQueue.java:418)
        at org.apache.ratis.server.impl.LeaderStateImpl$EventQueue.poll(LeaderStateImpl.java:159)
        at org.apache.ratis.server.impl.LeaderStateImpl$EventProcessor.run(LeaderStateImpl.java:630)
"ChunkWriter-3-0" daemon prio=5 tid=522 in Object.wait()
java.lang.Thread.State: WAITING (on object monitor)
        at sun.misc.Unsafe.park(Native Method)
        at java.util.concurrent.locks.LockSupport.park(LockSupport.java:175)
        at java.util.concurrent.locks.AbstractQueuedSynchronizer$ConditionObject.await(AbstractQueuedSynchronizer.java:2039)
        at java.util.concurrent.LinkedBlockingDeque.takeFirst(LinkedBlockingDeque.java:492)
        at java.util.concurrent.LinkedBlockingDeque.take(LinkedBlockingDeque.java:680)
        at java.util.concurrent.ThreadPoolExecutor.getTask(ThreadPoolExecutor.java:1074)
        at java.util.concurrent.ThreadPoolExecutor.runWorker(ThreadPoolExecutor.java:1134)
        at java.util.concurrent.ThreadPoolExecutor$Worker.run(ThreadPoolExecutor.java:624)
        at java.lang.Thread.run(Thread.java:750)
"IPC Server handler 3 on default port 34199" daemon prio=5 tid=90 timed_waiting
java.lang.Thread.State: TIMED_WAITING
        at sun.misc.Unsafe.park(Native Method)
        at java.util.concurrent.locks.LockSupport.parkNanos(LockSupport.java:215)
        at java.util.concurrent.locks.AbstractQueuedSynchronizer$ConditionObject.awaitNanos(AbstractQueuedSynchronizer.java:2078)
        at java.util.concurrent.LinkedBlockingQueue.poll(LinkedBlockingQueue.java:467)
        at org.apache.hadoop.ipc.CallQueueManager.take(CallQueueManager.java:317)
        at org.apache.hadoop.ipc.Server$Handler.run(Server.java:2942)
"pool-157-thread-1" daemon prio=5 tid=285 timed_waiting
java.lang.Thread.State: TIMED_WAITING
        at sun.misc.Unsafe.park(Native Method)
        at java.util.concurrent.locks.LockSupport.parkNanos(LockSupport.java:215)
        at java.util.concurrent.locks.AbstractQueuedSynchronizer$ConditionObject.awaitNanos(AbstractQueuedSynchronizer.java:2078)
        at java.util.concurrent.ScheduledThreadPoolExecutor$DelayedWorkQueue.take(ScheduledThreadPoolExecutor.java:1093)
        at java.util.concurrent.ScheduledThreadPoolExecutor$DelayedWorkQueue.take(ScheduledThreadPoolExecutor.java:809)
        at java.util.concurrent.ThreadPoolExecutor.getTask(ThreadPoolExecutor.java:1074)
        at java.util.concurrent.ThreadPoolExecutor.runWorker(ThreadPoolExecutor.java:1134)
        at java.util.concurrent.ThreadPoolExecutor$Worker.run(ThreadPoolExecutor.java:624)
        at java.lang.Thread.run(Thread.java:750)
"IPC Server handler 5 on default port 40235" daemon prio=5 tid=159 timed_waiting
java.lang.Thread.State: TIMED_WAITING
        at sun.misc.Unsafe.park(Native Method)
        at java.util.concurrent.locks.LockSupport.parkNanos(LockSupport.java:215)
        at java.util.concurrent.locks.AbstractQueuedSynchronizer$ConditionObject.awaitNanos(AbstractQueuedSynchronizer.java:2078)
        at java.util.concurrent.LinkedBlockingQueue.poll(LinkedBlockingQueue.java:467)
        at org.apache.hadoop.ipc.CallQueueManager.take(CallQueueManager.java:317)
        at org.apache.hadoop.ipc.Server$Handler.run(Server.java:2942)
"pool-95-thread-1"  prio=5 tid=578 in Object.wait()
java.lang.Thread.State: WAITING (on object monitor)
        at sun.misc.Unsafe.park(Native Method)
        at java.util.concurrent.locks.LockSupport.park(LockSupport.java:175)
        at java.util.concurrent.locks.AbstractQueuedSynchronizer$ConditionObject.await(AbstractQueuedSynchronizer.java:2039)
        at java.util.concurrent.LinkedBlockingQueue.take(LinkedBlockingQueue.java:442)
        at java.util.concurrent.ThreadPoolExecutor.getTask(ThreadPoolExecutor.java:1074)
        at java.util.concurrent.ThreadPoolExecutor.runWorker(ThreadPoolExecutor.java:1134)
        at java.util.concurrent.ThreadPoolExecutor$Worker.run(ThreadPoolExecutor.java:624)
        at java.lang.Thread.run(Thread.java:750)
"ChunkWriter-0-0" daemon prio=5 tid=532 in Object.wait()
java.lang.Thread.State: WAITING (on object monitor)
        at sun.misc.Unsafe.park(Native Method)
        at java.util.concurrent.locks.LockSupport.park(LockSupport.java:175)
        at java.util.concurrent.locks.AbstractQueuedSynchronizer$ConditionObject.await(AbstractQueuedSynchronizer.java:2039)
        at java.util.concurrent.LinkedBlockingDeque.takeFirst(LinkedBlockingDeque.java:492)
        at java.util.concurrent.LinkedBlockingDeque.take(LinkedBlockingDeque.java:680)
        at java.util.concurrent.ThreadPoolExecutor.getTask(ThreadPoolExecutor.java:1074)
        at java.util.concurrent.ThreadPoolExecutor.runWorker(ThreadPoolExecutor.java:1134)
        at java.util.concurrent.ThreadPoolExecutor$Worker.run(ThreadPoolExecutor.java:624)
        at java.lang.Thread.run(Thread.java:750)
"c047bafd-0fa0-4f2f-9a8c-56ef9c35524f@group-328117242DA8-SegmentedRaftLogWorker"  prio=5 tid=648 timed_waiting
java.lang.Thread.State: TIMED_WAITING
        at sun.misc.Unsafe.park(Native Method)
        at java.util.concurrent.locks.LockSupport.parkNanos(LockSupport.java:215)
        at java.util.concurrent.locks.AbstractQueuedSynchronizer$ConditionObject.awaitNanos(AbstractQueuedSynchronizer.java:2078)
        at org.apache.ratis.util.DataBlockingQueue.poll(DataBlockingQueue.java:148)
        at org.apache.ratis.server.raftlog.segmented.SegmentedRaftLogWorker.run(SegmentedRaftLogWorker.java:310)
        at org.apache.ratis.server.raftlog.segmented.SegmentedRaftLogWorker$$Lambda$665/306525361.run(Unknown Source)
        at java.lang.Thread.run(Thread.java:750)
"qtp1691241233-293" daemon prio=5 tid=293 timed_waiting
java.lang.Thread.State: TIMED_WAITING
        at sun.misc.Unsafe.park(Native Method)
        at java.util.concurrent.locks.LockSupport.parkNanos(LockSupport.java:215)
        at java.util.concurrent.locks.AbstractQueuedSynchronizer$ConditionObject.awaitNanos(AbstractQueuedSynchronizer.java:2078)
        at org.eclipse.jetty.util.BlockingArrayQueue.poll(BlockingArrayQueue.java:382)
        at org.eclipse.jetty.util.thread.QueuedThreadPool$Runner.idleJobPoll(QueuedThreadPool.java:974)
        at org.eclipse.jetty.util.thread.QueuedThreadPool$Runner.run(QueuedThreadPool.java:1018)
        at java.lang.Thread.run(Thread.java:750)
"Datanode ReportManager Thread - 4" daemon prio=5 tid=226 in Object.wait()
java.lang.Thread.State: WAITING (on object monitor)
        at sun.misc.Unsafe.park(Native Method)
        at java.util.concurrent.locks.LockSupport.park(LockSupport.java:175)
        at java.util.concurrent.locks.AbstractQueuedSynchronizer$ConditionObject.await(AbstractQueuedSynchronizer.java:2039)
        at java.util.concurrent.ScheduledThreadPoolExecutor$DelayedWorkQueue.take(ScheduledThreadPoolExecutor.java:1088)
        at java.util.concurrent.ScheduledThreadPoolExecutor$DelayedWorkQueue.take(ScheduledThreadPoolExecutor.java:809)
        at java.util.concurrent.ThreadPoolExecutor.getTask(ThreadPoolExecutor.java:1074)
        at java.util.concurrent.ThreadPoolExecutor.runWorker(ThreadPoolExecutor.java:1134)
        at java.util.concurrent.ThreadPoolExecutor$Worker.run(ThreadPoolExecutor.java:624)
        at java.lang.Thread.run(Thread.java:750)
"BlockDeletingService#1" daemon prio=5 tid=401 timed_waiting
java.lang.Thread.State: TIMED_WAITING
        at sun.misc.Unsafe.park(Native Method)
        at java.util.concurrent.locks.LockSupport.parkNanos(LockSupport.java:215)
        at java.util.concurrent.locks.AbstractQueuedSynchronizer$ConditionObject.awaitNanos(AbstractQueuedSynchronizer.java:2078)
        at java.util.concurrent.ScheduledThreadPoolExecutor$DelayedWorkQueue.take(ScheduledThreadPoolExecutor.java:1093)
        at java.util.concurrent.ScheduledThreadPoolExecutor$DelayedWorkQueue.take(ScheduledThreadPoolExecutor.java:809)
        at java.util.concurrent.ThreadPoolExecutor.getTask(ThreadPoolExecutor.java:1074)
        at java.util.concurrent.ThreadPoolExecutor.runWorker(ThreadPoolExecutor.java:1134)
        at java.util.concurrent.ThreadPoolExecutor$Worker.run(ThreadPoolExecutor.java:624)
        at java.lang.Thread.run(Thread.java:750)
"ChunkReader-2" daemon prio=5 tid=789 in Object.wait()
java.lang.Thread.State: WAITING (on object monitor)
        at sun.misc.Unsafe.park(Native Method)
        at java.util.concurrent.locks.LockSupport.park(LockSupport.java:175)
        at java.util.concurrent.locks.AbstractQueuedSynchronizer$ConditionObject.await(AbstractQueuedSynchronizer.java:2039)
        at java.util.concurrent.LinkedBlockingQueue.take(LinkedBlockingQueue.java:442)
        at java.util.concurrent.ThreadPoolExecutor.getTask(ThreadPoolExecutor.java:1074)
        at java.util.concurrent.ThreadPoolExecutor.runWorker(ThreadPoolExecutor.java:1134)
        at java.util.concurrent.ThreadPoolExecutor$Worker.run(ThreadPoolExecutor.java:624)
        at java.lang.Thread.run(Thread.java:750)
"org.apache.hadoop.util.JvmPauseMonitor$Monitor@7416cee7" daemon prio=5 tid=485 timed_waiting
java.lang.Thread.State: TIMED_WAITING
        at java.lang.Thread.sleep(Native Method)
        at org.apache.hadoop.util.JvmPauseMonitor$Monitor.run(JvmPauseMonitor.java:192)
        at java.lang.Thread.run(Thread.java:750)
"qtp154819692-190" daemon prio=5 tid=190 timed_waiting
java.lang.Thread.State: TIMED_WAITING
        at sun.misc.Unsafe.park(Native Method)
        at java.util.concurrent.locks.LockSupport.parkNanos(LockSupport.java:215)
        at java.util.concurrent.locks.AbstractQueuedSynchronizer$ConditionObject.awaitNanos(AbstractQueuedSynchronizer.java:2078)
        at org.eclipse.jetty.util.BlockingArrayQueue.poll(BlockingArrayQueue.java:382)
        at org.eclipse.jetty.util.thread.QueuedThreadPool$Runner.idleJobPoll(QueuedThreadPool.java:974)
        at org.eclipse.jetty.util.thread.QueuedThreadPool$Runner.run(QueuedThreadPool.java:1018)
        at java.lang.Thread.run(Thread.java:750)
"qtp783772812-148" daemon prio=5 tid=148 timed_waiting
java.lang.Thread.State: TIMED_WAITING
        at sun.misc.Unsafe.park(Native Method)
        at java.util.concurrent.locks.LockSupport.parkNanos(LockSupport.java:215)
        at java.util.concurrent.locks.AbstractQueuedSynchronizer$ConditionObject.awaitNanos(AbstractQueuedSynchronizer.java:2078)
        at org.eclipse.jetty.util.BlockingArrayQueue.poll(BlockingArrayQueue.java:382)
        at org.eclipse.jetty.util.thread.QueuedThreadPool$Runner.idleJobPoll(QueuedThreadPool.java:974)
        at org.eclipse.jetty.util.thread.QueuedThreadPool$Runner.run(QueuedThreadPool.java:1018)
        at java.lang.Thread.run(Thread.java:750)
"IPC Server listener on 0" daemon prio=5 tid=130 runnable
java.lang.Thread.State: RUNNABLE
        at sun.nio.ch.EPollArrayWrapper.epollWait(Native Method)
        at sun.nio.ch.EPollArrayWrapper.poll(EPollArrayWrapper.java:269)
        at sun.nio.ch.EPollSelectorImpl.doSelect(EPollSelectorImpl.java:93)
        at sun.nio.ch.SelectorImpl.lockAndDoSelect(SelectorImpl.java:86)
        at sun.nio.ch.SelectorImpl.select(SelectorImpl.java:97)
        at sun.nio.ch.SelectorImpl.select(SelectorImpl.java:101)
        at org.apache.hadoop.ipc.Server$Listener.run(Server.java:1358)
"1397ad66-7a30-4622-84c4-76091eab1ef3@group-0CC2A593D591-LeaderStateImpl" daemon prio=5 tid=804 timed_waiting
java.lang.Thread.State: TIMED_WAITING
        at sun.misc.Unsafe.park(Native Method)
        at java.util.concurrent.locks.LockSupport.parkNanos(LockSupport.java:215)
        at java.util.concurrent.locks.AbstractQueuedSynchronizer$ConditionObject.awaitNanos(AbstractQueuedSynchronizer.java:2078)
        at java.util.concurrent.ArrayBlockingQueue.poll(ArrayBlockingQueue.java:418)
        at org.apache.ratis.server.impl.LeaderStateImpl$EventQueue.poll(LeaderStateImpl.java:159)
        at org.apache.ratis.server.impl.LeaderStateImpl$EventProcessor.run(LeaderStateImpl.java:630)
"Datanode ReportManager Thread - 1" daemon prio=5 tid=195 in Object.wait()
java.lang.Thread.State: WAITING (on object monitor)
        at sun.misc.Unsafe.park(Native Method)
        at java.util.concurrent.locks.LockSupport.park(LockSupport.java:175)
        at java.util.concurrent.locks.AbstractQueuedSynchronizer$ConditionObject.await(AbstractQueuedSynchronizer.java:2039)
        at java.util.concurrent.ScheduledThreadPoolExecutor$DelayedWorkQueue.take(ScheduledThreadPoolExecutor.java:1088)
        at java.util.concurrent.ScheduledThreadPoolExecutor$DelayedWorkQueue.take(ScheduledThreadPoolExecutor.java:809)
        at java.util.concurrent.ThreadPoolExecutor.getTask(ThreadPoolExecutor.java:1074)
        at java.util.concurrent.ThreadPoolExecutor.runWorker(ThreadPoolExecutor.java:1134)
        at java.util.concurrent.ThreadPoolExecutor$Worker.run(ThreadPoolExecutor.java:624)
        at java.lang.Thread.run(Thread.java:750)
"edbb8909-d467-4274-b253-e11b41a723b1@group-7DAF5252A9FC-SegmentedRaftLogWorker"  prio=5 tid=675 timed_waiting
java.lang.Thread.State: TIMED_WAITING
        at sun.misc.Unsafe.park(Native Method)
        at java.util.concurrent.locks.LockSupport.parkNanos(LockSupport.java:215)
        at java.util.concurrent.locks.AbstractQueuedSynchronizer$ConditionObject.awaitNanos(AbstractQueuedSynchronizer.java:2078)
        at org.apache.ratis.util.DataBlockingQueue.poll(DataBlockingQueue.java:148)
        at org.apache.ratis.server.raftlog.segmented.SegmentedRaftLogWorker.run(SegmentedRaftLogWorker.java:310)
        at org.apache.ratis.server.raftlog.segmented.SegmentedRaftLogWorker$$Lambda$665/306525361.run(Unknown Source)
        at java.lang.Thread.run(Thread.java:750)
"StaleRecoveringContainerScrubbingService#1" daemon prio=5 tid=477 timed_waiting
java.lang.Thread.State: TIMED_WAITING
        at sun.misc.Unsafe.park(Native Method)
        at java.util.concurrent.locks.LockSupport.parkNanos(LockSupport.java:215)
        at java.util.concurrent.locks.AbstractQueuedSynchronizer$ConditionObject.awaitNanos(AbstractQueuedSynchronizer.java:2078)
        at java.util.concurrent.ScheduledThreadPoolExecutor$DelayedWorkQueue.take(ScheduledThreadPoolExecutor.java:1093)
        at java.util.concurrent.ScheduledThreadPoolExecutor$DelayedWorkQueue.take(ScheduledThreadPoolExecutor.java:809)
        at java.util.concurrent.ThreadPoolExecutor.getTask(ThreadPoolExecutor.java:1074)
        at java.util.concurrent.ThreadPoolExecutor.runWorker(ThreadPoolExecutor.java:1134)
        at java.util.concurrent.ThreadPoolExecutor$Worker.run(ThreadPoolExecutor.java:624)
        at java.lang.Thread.run(Thread.java:750)
"qtp1591256270-461" daemon prio=5 tid=461 timed_waiting
java.lang.Thread.State: TIMED_WAITING
        at sun.misc.Unsafe.park(Native Method)
        at java.util.concurrent.locks.LockSupport.parkNanos(LockSupport.java:215)
        at java.util.concurrent.locks.AbstractQueuedSynchronizer$ConditionObject.awaitNanos(AbstractQueuedSynchronizer.java:2078)
        at org.eclipse.jetty.util.BlockingArrayQueue.poll(BlockingArrayQueue.java:382)
        at org.eclipse.jetty.util.thread.QueuedThreadPool$Runner.idleJobPoll(QueuedThreadPool.java:974)
        at org.eclipse.jetty.util.thread.QueuedThreadPool$Runner.run(QueuedThreadPool.java:1018)
        at java.lang.Thread.run(Thread.java:750)
"pool-134-thread-1" daemon prio=5 tid=259 timed_waiting
java.lang.Thread.State: TIMED_WAITING
        at sun.misc.Unsafe.park(Native Method)
        at java.util.concurrent.locks.LockSupport.parkNanos(LockSupport.java:215)
        at java.util.concurrent.locks.AbstractQueuedSynchronizer$ConditionObject.awaitNanos(AbstractQueuedSynchronizer.java:2078)
        at java.util.concurrent.ScheduledThreadPoolExecutor$DelayedWorkQueue.take(ScheduledThreadPoolExecutor.java:1093)
        at java.util.concurrent.ScheduledThreadPoolExecutor$DelayedWorkQueue.take(ScheduledThreadPoolExecutor.java:809)
        at java.util.concurrent.ThreadPoolExecutor.getTask(ThreadPoolExecutor.java:1074)
        at java.util.concurrent.ThreadPoolExecutor.runWorker(ThreadPoolExecutor.java:1134)
        at java.util.concurrent.ThreadPoolExecutor$Worker.run(ThreadPoolExecutor.java:624)
        at java.lang.Thread.run(Thread.java:750)
"pool-59-thread-1"  prio=5 tid=144 timed_waiting
java.lang.Thread.State: TIMED_WAITING
        at sun.misc.Unsafe.park(Native Method)
        at java.util.concurrent.locks.LockSupport.parkNanos(LockSupport.java:215)
        at java.util.concurrent.locks.AbstractQueuedSynchronizer$ConditionObject.awaitNanos(AbstractQueuedSynchronizer.java:2078)
        at java.util.concurrent.ScheduledThreadPoolExecutor$DelayedWorkQueue.take(ScheduledThreadPoolExecutor.java:1093)
        at java.util.concurrent.ScheduledThreadPoolExecutor$DelayedWorkQueue.take(ScheduledThreadPoolExecutor.java:809)
        at java.util.concurrent.ThreadPoolExecutor.getTask(ThreadPoolExecutor.java:1074)
        at java.util.concurrent.ThreadPoolExecutor.runWorker(ThreadPoolExecutor.java:1134)
        at java.util.concurrent.ThreadPoolExecutor$Worker.run(ThreadPoolExecutor.java:624)
        at java.lang.Thread.run(Thread.java:750)
"edbb8909-d467-4274-b253-e11b41a723b1-server-thread2" daemon prio=5 tid=840 timed_waiting
java.lang.Thread.State: TIMED_WAITING
        at sun.misc.Unsafe.park(Native Method)
        at java.util.concurrent.locks.LockSupport.parkNanos(LockSupport.java:215)
        at java.util.concurrent.SynchronousQueue$TransferStack.awaitFulfill(SynchronousQueue.java:460)
        at java.util.concurrent.SynchronousQueue$TransferStack.transfer(SynchronousQueue.java:362)
        at java.util.concurrent.SynchronousQueue.poll(SynchronousQueue.java:941)
        at java.util.concurrent.ThreadPoolExecutor.getTask(ThreadPoolExecutor.java:1073)
        at java.util.concurrent.ThreadPoolExecutor.runWorker(ThreadPoolExecutor.java:1134)
        at java.util.concurrent.ThreadPoolExecutor$Worker.run(ThreadPoolExecutor.java:624)
        at java.lang.Thread.run(Thread.java:750)
"ChunkReader-1" daemon prio=5 tid=774 in Object.wait()
java.lang.Thread.State: WAITING (on object monitor)
        at sun.misc.Unsafe.park(Native Method)
        at java.util.concurrent.locks.LockSupport.park(LockSupport.java:175)
        at java.util.concurrent.locks.AbstractQueuedSynchronizer$ConditionObject.await(AbstractQueuedSynchronizer.java:2039)
        at java.util.concurrent.LinkedBlockingQueue.take(LinkedBlockingQueue.java:442)
        at java.util.concurrent.ThreadPoolExecutor.getTask(ThreadPoolExecutor.java:1074)
        at java.util.concurrent.ThreadPoolExecutor.runWorker(ThreadPoolExecutor.java:1134)
        at java.util.concurrent.ThreadPoolExecutor$Worker.run(ThreadPoolExecutor.java:624)
        at java.lang.Thread.run(Thread.java:750)
"BlockDeletingService#1" daemon prio=5 tid=439 timed_waiting
java.lang.Thread.State: TIMED_WAITING
        at sun.misc.Unsafe.park(Native Method)
        at java.util.concurrent.locks.LockSupport.parkNanos(LockSupport.java:215)
        at java.util.concurrent.locks.AbstractQueuedSynchronizer$ConditionObject.awaitNanos(AbstractQueuedSynchronizer.java:2078)
        at java.util.concurrent.ScheduledThreadPoolExecutor$DelayedWorkQueue.take(ScheduledThreadPoolExecutor.java:1093)
        at java.util.concurrent.ScheduledThreadPoolExecutor$DelayedWorkQueue.take(ScheduledThreadPoolExecutor.java:809)
        at java.util.concurrent.ThreadPoolExecutor.getTask(ThreadPoolExecutor.java:1074)
        at java.util.concurrent.ThreadPoolExecutor.runWorker(ThreadPoolExecutor.java:1134)
        at java.util.concurrent.ThreadPoolExecutor$Worker.run(ThreadPoolExecutor.java:624)
        at java.lang.Thread.run(Thread.java:750)
"Datanode State Machine Task Thread - 0"  prio=5 tid=281 in Object.wait()
java.lang.Thread.State: WAITING (on object monitor)
        at sun.misc.Unsafe.park(Native Method)
        at java.util.concurrent.locks.LockSupport.park(LockSupport.java:175)
        at java.util.concurrent.locks.AbstractQueuedSynchronizer$ConditionObject.await(AbstractQueuedSynchronizer.java:2039)
        at java.util.concurrent.LinkedBlockingQueue.take(LinkedBlockingQueue.java:442)
        at java.util.concurrent.ThreadPoolExecutor.getTask(ThreadPoolExecutor.java:1074)
        at java.util.concurrent.ThreadPoolExecutor.runWorker(ThreadPoolExecutor.java:1134)
        at java.util.concurrent.ThreadPoolExecutor$Worker.run(ThreadPoolExecutor.java:624)
        at java.lang.Thread.run(Thread.java:750)
"qtp2069383006-243" daemon prio=5 tid=243 timed_waiting
java.lang.Thread.State: TIMED_WAITING
        at sun.misc.Unsafe.park(Native Method)
        at java.util.concurrent.locks.LockSupport.parkNanos(LockSupport.java:215)
        at java.util.concurrent.locks.AbstractQueuedSynchronizer$ConditionObject.awaitNanos(AbstractQueuedSynchronizer.java:2078)
        at org.eclipse.jetty.util.BlockingArrayQueue.poll(BlockingArrayQueue.java:382)
        at org.eclipse.jetty.util.thread.QueuedThreadPool$Runner.idleJobPoll(QueuedThreadPool.java:974)
        at org.eclipse.jetty.util.thread.QueuedThreadPool$Runner.run(QueuedThreadPool.java:1018)
        at java.lang.Thread.run(Thread.java:750)
"IPC Server handler 11 on default port 38821" daemon prio=5 tid=78 timed_waiting
java.lang.Thread.State: TIMED_WAITING
        at sun.misc.Unsafe.park(Native Method)
        at java.util.concurrent.locks.LockSupport.parkNanos(LockSupport.java:215)
        at java.util.concurrent.locks.AbstractQueuedSynchronizer$ConditionObject.awaitNanos(AbstractQueuedSynchronizer.java:2078)
        at java.util.concurrent.LinkedBlockingQueue.poll(LinkedBlockingQueue.java:467)
        at org.apache.hadoop.ipc.CallQueueManager.take(CallQueueManager.java:317)
        at org.apache.hadoop.ipc.Server$Handler.run(Server.java:2942)
"Datanode ReportManager Thread - 1" daemon prio=5 tid=301 timed_waiting
java.lang.Thread.State: TIMED_WAITING
        at sun.misc.Unsafe.park(Native Method)
        at java.util.concurrent.locks.LockSupport.parkNanos(LockSupport.java:215)
        at java.util.concurrent.locks.AbstractQueuedSynchronizer$ConditionObject.awaitNanos(AbstractQueuedSynchronizer.java:2078)
        at java.util.concurrent.ScheduledThreadPoolExecutor$DelayedWorkQueue.take(ScheduledThreadPoolExecutor.java:1093)
        at java.util.concurrent.ScheduledThreadPoolExecutor$DelayedWorkQueue.take(ScheduledThreadPoolExecutor.java:809)
        at java.util.concurrent.ThreadPoolExecutor.getTask(ThreadPoolExecutor.java:1074)
        at java.util.concurrent.ThreadPoolExecutor.runWorker(ThreadPoolExecutor.java:1134)
        at java.util.concurrent.ThreadPoolExecutor$Worker.run(ThreadPoolExecutor.java:624)
        at java.lang.Thread.run(Thread.java:750)
"org.apache.hadoop.ozone.container.common.statemachine.commandhandler.DeleteBlocksCommandHandler$DeleteCmdWorker@19cc4b7d" daemon prio=5 tid=182 timed_waiting
java.lang.Thread.State: TIMED_WAITING
        at java.lang.Thread.sleep(Native Method)
        at org.apache.hadoop.ozone.container.common.statemachine.commandhandler.DeleteBlocksCommandHandler$DeleteCmdWorker.run(DeleteBlocksCommandHandler.java:183)
        at java.lang.Thread.run(Thread.java:750)
"IPC Parameter Sending Thread #0" daemon prio=5 tid=123 timed_waiting
java.lang.Thread.State: TIMED_WAITING
        at sun.misc.Unsafe.park(Native Method)
        at java.util.concurrent.locks.LockSupport.parkNanos(LockSupport.java:215)
        at java.util.concurrent.SynchronousQueue$TransferStack.awaitFulfill(SynchronousQueue.java:460)
        at java.util.concurrent.SynchronousQueue$TransferStack.transfer(SynchronousQueue.java:362)
        at java.util.concurrent.SynchronousQueue.poll(SynchronousQueue.java:941)
        at java.util.concurrent.ThreadPoolExecutor.getTask(ThreadPoolExecutor.java:1073)
        at java.util.concurrent.ThreadPoolExecutor.runWorker(ThreadPoolExecutor.java:1134)
        at java.util.concurrent.ThreadPoolExecutor$Worker.run(ThreadPoolExecutor.java:624)
        at java.lang.Thread.run(Thread.java:750)
"IPC Server handler 10 on default port 33617" daemon prio=5 tid=57 timed_waiting
java.lang.Thread.State: TIMED_WAITING
        at sun.misc.Unsafe.park(Native Method)
        at java.util.concurrent.locks.LockSupport.parkNanos(LockSupport.java:215)
        at java.util.concurrent.locks.AbstractQueuedSynchronizer$ConditionObject.awaitNanos(AbstractQueuedSynchronizer.java:2078)
        at java.util.concurrent.LinkedBlockingQueue.poll(LinkedBlockingQueue.java:467)
        at org.apache.hadoop.ipc.CallQueueManager.take(CallQueueManager.java:317)
        at org.apache.hadoop.ipc.Server$Handler.run(Server.java:2942)
"org.apache.hadoop.ozone.container.common.statemachine.commandhandler.DeleteBlocksCommandHandler$DeleteCmdWorker@2b37a0dd" daemon prio=5 tid=417 timed_waiting
java.lang.Thread.State: TIMED_WAITING
        at java.lang.Thread.sleep(Native Method)
        at org.apache.hadoop.ozone.container.common.statemachine.commandhandler.DeleteBlocksCommandHandler$DeleteCmdWorker.run(DeleteBlocksCommandHandler.java:183)
        at java.lang.Thread.run(Thread.java:750)
"qtp1691241233-290" daemon prio=5 tid=290 runnable
java.lang.Thread.State: RUNNABLE
        at sun.nio.ch.EPollArrayWrapper.epollWait(Native Method)
        at sun.nio.ch.EPollArrayWrapper.poll(EPollArrayWrapper.java:269)
        at sun.nio.ch.EPollSelectorImpl.doSelect(EPollSelectorImpl.java:93)
        at sun.nio.ch.SelectorImpl.lockAndDoSelect(SelectorImpl.java:86)
        at sun.nio.ch.SelectorImpl.select(SelectorImpl.java:97)
        at sun.nio.ch.SelectorImpl.select(SelectorImpl.java:101)
        at org.eclipse.jetty.io.ManagedSelector.nioSelect(ManagedSelector.java:183)
        at org.eclipse.jetty.io.ManagedSelector.select(ManagedSelector.java:190)
        at org.eclipse.jetty.io.ManagedSelector$SelectorProducer.select(ManagedSelector.java:606)
        at org.eclipse.jetty.io.ManagedSelector$SelectorProducer.produce(ManagedSelector.java:543)
        at org.eclipse.jetty.util.thread.strategy.EatWhatYouKill.produceTask(EatWhatYouKill.java:362)
        at org.eclipse.jetty.util.thread.strategy.EatWhatYouKill.doProduce(EatWhatYouKill.java:186)
        at org.eclipse.jetty.util.thread.strategy.EatWhatYouKill.tryProduce(EatWhatYouKill.java:173)
        at org.eclipse.jetty.util.thread.strategy.EatWhatYouKill.produce(EatWhatYouKill.java:137)
        at org.eclipse.jetty.io.ManagedSelector$$Lambda$446/827549167.run(Unknown Source)
        at org.eclipse.jetty.util.thread.QueuedThreadPool.runJob(QueuedThreadPool.java:883)
        at org.eclipse.jetty.util.thread.QueuedThreadPool$Runner.run(QueuedThreadPool.java:1034)
        at java.lang.Thread.run(Thread.java:750)
"ChunkWriter-1-0" daemon prio=5 tid=355 in Object.wait()
java.lang.Thread.State: WAITING (on object monitor)
        at sun.misc.Unsafe.park(Native Method)
        at java.util.concurrent.locks.LockSupport.park(LockSupport.java:175)
        at java.util.concurrent.locks.AbstractQueuedSynchronizer$ConditionObject.await(AbstractQueuedSynchronizer.java:2039)
        at java.util.concurrent.LinkedBlockingDeque.takeFirst(LinkedBlockingDeque.java:492)
        at java.util.concurrent.LinkedBlockingDeque.take(LinkedBlockingDeque.java:680)
        at java.util.concurrent.ThreadPoolExecutor.getTask(ThreadPoolExecutor.java:1074)
        at java.util.concurrent.ThreadPoolExecutor.runWorker(ThreadPoolExecutor.java:1134)
        at java.util.concurrent.ThreadPoolExecutor$Worker.run(ThreadPoolExecutor.java:624)
        at java.lang.Thread.run(Thread.java:750)
"Periodic HDDS volume checker" daemon prio=5 tid=335 timed_waiting
java.lang.Thread.State: TIMED_WAITING
        at sun.misc.Unsafe.park(Native Method)
        at java.util.concurrent.locks.LockSupport.parkNanos(LockSupport.java:215)
        at java.util.concurrent.locks.AbstractQueuedSynchronizer$ConditionObject.awaitNanos(AbstractQueuedSynchronizer.java:2078)
        at java.util.concurrent.ScheduledThreadPoolExecutor$DelayedWorkQueue.take(ScheduledThreadPoolExecutor.java:1093)
        at java.util.concurrent.ScheduledThreadPoolExecutor$DelayedWorkQueue.take(ScheduledThreadPoolExecutor.java:809)
        at java.util.concurrent.ThreadPoolExecutor.getTask(ThreadPoolExecutor.java:1074)
        at java.util.concurrent.ThreadPoolExecutor.runWorker(ThreadPoolExecutor.java:1134)
        at java.util.concurrent.ThreadPoolExecutor$Worker.run(ThreadPoolExecutor.java:624)
        at java.lang.Thread.run(Thread.java:750)
"b788acd7-0bfa-48fd-ae0f-b822d5826f57@group-A7750C3F147E-SegmentedRaftLogWorker"  prio=5 tid=579 timed_waiting
java.lang.Thread.State: TIMED_WAITING
        at sun.misc.Unsafe.park(Native Method)
        at java.util.concurrent.locks.LockSupport.parkNanos(LockSupport.java:215)
        at java.util.concurrent.locks.AbstractQueuedSynchronizer$ConditionObject.awaitNanos(AbstractQueuedSynchronizer.java:2078)
        at org.apache.ratis.util.DataBlockingQueue.poll(DataBlockingQueue.java:148)
        at org.apache.ratis.server.raftlog.segmented.SegmentedRaftLogWorker.run(SegmentedRaftLogWorker.java:310)
        at org.apache.ratis.server.raftlog.segmented.SegmentedRaftLogWorker$$Lambda$665/306525361.run(Unknown Source)
        at java.lang.Thread.run(Thread.java:750)
"IPC Server handler 10 on default port 38821" daemon prio=5 tid=77 timed_waiting
java.lang.Thread.State: TIMED_WAITING
        at sun.misc.Unsafe.park(Native Method)
        at java.util.concurrent.locks.LockSupport.parkNanos(LockSupport.java:215)
        at java.util.concurrent.locks.AbstractQueuedSynchronizer$ConditionObject.awaitNanos(AbstractQueuedSynchronizer.java:2078)
        at java.util.concurrent.LinkedBlockingQueue.poll(LinkedBlockingQueue.java:467)
        at org.apache.hadoop.ipc.CallQueueManager.take(CallQueueManager.java:317)
        at org.apache.hadoop.ipc.Server$Handler.run(Server.java:2942)
"edbb8909-d467-4274-b253-e11b41a723b1@group-7DAF5252A9FC-StateMachineUpdater" daemon prio=5 tid=677 timed_waiting
java.lang.Thread.State: TIMED_WAITING
        at sun.misc.Unsafe.park(Native Method)
        at java.util.concurrent.locks.LockSupport.parkNanos(LockSupport.java:215)
        at java.util.concurrent.CompletableFuture$Signaller.block(CompletableFuture.java:1709)
        at java.util.concurrent.ForkJoinPool.managedBlock(ForkJoinPool.java:3323)
        at java.util.concurrent.CompletableFuture.timedGet(CompletableFuture.java:1788)
        at java.util.concurrent.CompletableFuture.get(CompletableFuture.java:1928)
        at org.apache.ratis.util.AwaitForSignal.await(AwaitForSignal.java:56)
        at org.apache.ratis.server.impl.StateMachineUpdater.waitForCommit(StateMachineUpdater.java:207)
        at org.apache.ratis.server.impl.StateMachineUpdater.run(StateMachineUpdater.java:176)
        at java.lang.Thread.run(Thread.java:750)
"Datanode ReportManager Thread - 0" daemon prio=5 tid=403 timed_waiting
java.lang.Thread.State: TIMED_WAITING
        at sun.misc.Unsafe.park(Native Method)
        at java.util.concurrent.locks.LockSupport.parkNanos(LockSupport.java:215)
        at java.util.concurrent.locks.AbstractQueuedSynchronizer$ConditionObject.awaitNanos(AbstractQueuedSynchronizer.java:2078)
        at java.util.concurrent.ScheduledThreadPoolExecutor$DelayedWorkQueue.take(ScheduledThreadPoolExecutor.java:1093)
        at java.util.concurrent.ScheduledThreadPoolExecutor$DelayedWorkQueue.take(ScheduledThreadPoolExecutor.java:809)
        at java.util.concurrent.ThreadPoolExecutor.getTask(ThreadPoolExecutor.java:1074)
        at java.util.concurrent.ThreadPoolExecutor.runWorker(ThreadPoolExecutor.java:1134)
        at java.util.concurrent.ThreadPoolExecutor$Worker.run(ThreadPoolExecutor.java:624)
        at java.lang.Thread.run(Thread.java:750)
"pool-300-thread-1"  prio=5 tid=456 timed_waiting
java.lang.Thread.State: TIMED_WAITING
        at sun.misc.Unsafe.park(Native Method)
        at java.util.concurrent.locks.LockSupport.parkNanos(LockSupport.java:215)
        at java.util.concurrent.locks.AbstractQueuedSynchronizer$ConditionObject.awaitNanos(AbstractQueuedSynchronizer.java:2078)
        at java.util.concurrent.ScheduledThreadPoolExecutor$DelayedWorkQueue.take(ScheduledThreadPoolExecutor.java:1093)
        at java.util.concurrent.ScheduledThreadPoolExecutor$DelayedWorkQueue.take(ScheduledThreadPoolExecutor.java:809)
        at java.util.concurrent.ThreadPoolExecutor.getTask(ThreadPoolExecutor.java:1074)
        at java.util.concurrent.ThreadPoolExecutor.runWorker(ThreadPoolExecutor.java:1134)
        at java.util.concurrent.ThreadPoolExecutor$Worker.run(ThreadPoolExecutor.java:624)
        at java.lang.Thread.run(Thread.java:750)
"qtp2069383006-241" daemon prio=5 tid=241 timed_waiting
java.lang.Thread.State: TIMED_WAITING
        at sun.misc.Unsafe.park(Native Method)
        at java.util.concurrent.locks.LockSupport.parkNanos(LockSupport.java:215)
        at java.util.concurrent.locks.AbstractQueuedSynchronizer$ConditionObject.awaitNanos(AbstractQueuedSynchronizer.java:2078)
        at org.eclipse.jetty.util.BlockingArrayQueue.poll(BlockingArrayQueue.java:382)
        at org.eclipse.jetty.util.thread.QueuedThreadPool$Runner.idleJobPoll(QueuedThreadPool.java:974)
        at org.eclipse.jetty.util.thread.QueuedThreadPool$Runner.run(QueuedThreadPool.java:1018)
        at java.lang.Thread.run(Thread.java:750)
"pool-111-thread-1" daemon prio=5 tid=233 timed_waiting
java.lang.Thread.State: TIMED_WAITING
        at sun.misc.Unsafe.park(Native Method)
        at java.util.concurrent.locks.LockSupport.parkNanos(LockSupport.java:215)
        at java.util.concurrent.locks.AbstractQueuedSynchronizer$ConditionObject.awaitNanos(AbstractQueuedSynchronizer.java:2078)
        at java.util.concurrent.ScheduledThreadPoolExecutor$DelayedWorkQueue.take(ScheduledThreadPoolExecutor.java:1093)
        at java.util.concurrent.ScheduledThreadPoolExecutor$DelayedWorkQueue.take(ScheduledThreadPoolExecutor.java:809)
        at java.util.concurrent.ThreadPoolExecutor.getTask(ThreadPoolExecutor.java:1074)
        at java.util.concurrent.ThreadPoolExecutor.runWorker(ThreadPoolExecutor.java:1134)
        at java.util.concurrent.ThreadPoolExecutor$Worker.run(ThreadPoolExecutor.java:624)
        at java.lang.Thread.run(Thread.java:750)
"IPC Server handler 10 on default port 40235" daemon prio=5 tid=164 timed_waiting
java.lang.Thread.State: TIMED_WAITING
        at sun.misc.Unsafe.park(Native Method)
        at java.util.concurrent.locks.LockSupport.parkNanos(LockSupport.java:215)
        at java.util.concurrent.locks.AbstractQueuedSynchronizer$ConditionObject.awaitNanos(AbstractQueuedSynchronizer.java:2078)
        at java.util.concurrent.LinkedBlockingQueue.poll(LinkedBlockingQueue.java:467)
        at org.apache.hadoop.ipc.CallQueueManager.take(CallQueueManager.java:317)
        at org.apache.hadoop.ipc.Server$Handler.run(Server.java:2942)
"IPC Server handler 13 on default port 34199" daemon prio=5 tid=100 timed_waiting
java.lang.Thread.State: TIMED_WAITING
        at sun.misc.Unsafe.park(Native Method)
        at java.util.concurrent.locks.LockSupport.parkNanos(LockSupport.java:215)
        at java.util.concurrent.locks.AbstractQueuedSynchronizer$ConditionObject.awaitNanos(AbstractQueuedSynchronizer.java:2078)
        at java.util.concurrent.LinkedBlockingQueue.poll(LinkedBlockingQueue.java:467)
        at org.apache.hadoop.ipc.CallQueueManager.take(CallQueueManager.java:317)
        at org.apache.hadoop.ipc.Server$Handler.run(Server.java:2942)
"IPC Server handler 15 on default port 34199" daemon prio=5 tid=102 timed_waiting
java.lang.Thread.State: TIMED_WAITING
        at sun.misc.Unsafe.park(Native Method)
        at java.util.concurrent.locks.LockSupport.parkNanos(LockSupport.java:215)
        at java.util.concurrent.locks.AbstractQueuedSynchronizer$ConditionObject.awaitNanos(AbstractQueuedSynchronizer.java:2078)
        at java.util.concurrent.LinkedBlockingQueue.poll(LinkedBlockingQueue.java:467)
        at org.apache.hadoop.ipc.CallQueueManager.take(CallQueueManager.java:317)
        at org.apache.hadoop.ipc.Server$Handler.run(Server.java:2942)
"EventQueue-PipelineReportForPipelineReportHandler" daemon prio=5 tid=514 in Object.wait()
java.lang.Thread.State: WAITING (on object monitor)
        at sun.misc.Unsafe.park(Native Method)
        at java.util.concurrent.locks.LockSupport.park(LockSupport.java:175)
        at java.util.concurrent.locks.AbstractQueuedSynchronizer$ConditionObject.await(AbstractQueuedSynchronizer.java:2039)
        at java.util.concurrent.LinkedBlockingQueue.take(LinkedBlockingQueue.java:442)
        at java.util.concurrent.ThreadPoolExecutor.getTask(ThreadPoolExecutor.java:1074)
        at java.util.concurrent.ThreadPoolExecutor.runWorker(ThreadPoolExecutor.java:1134)
        at java.util.concurrent.ThreadPoolExecutor$Worker.run(ThreadPoolExecutor.java:624)
        at java.lang.Thread.run(Thread.java:750)
"FullTableCache Cleanup Thread - 0" daemon prio=5 tid=751 in Object.wait()
java.lang.Thread.State: WAITING (on object monitor)
        at sun.misc.Unsafe.park(Native Method)
        at java.util.concurrent.locks.LockSupport.park(LockSupport.java:175)
        at java.util.concurrent.locks.AbstractQueuedSynchronizer$ConditionObject.await(AbstractQueuedSynchronizer.java:2039)
        at java.util.concurrent.LinkedBlockingQueue.take(LinkedBlockingQueue.java:442)
        at java.util.concurrent.ThreadPoolExecutor.getTask(ThreadPoolExecutor.java:1074)
        at java.util.concurrent.ThreadPoolExecutor.runWorker(ThreadPoolExecutor.java:1134)
        at java.util.concurrent.ThreadPoolExecutor$Worker.run(ThreadPoolExecutor.java:624)
        at java.lang.Thread.run(Thread.java:750)
"fca08327-10d6-4e50-9aa0-d18fc62323ab@group-DD4C95DED537-FollowerState" daemon prio=5 tid=697 timed_waiting
java.lang.Thread.State: TIMED_WAITING
        at java.lang.Thread.sleep(Native Method)
        at java.lang.Thread.sleep(Thread.java:342)
        at java.util.concurrent.TimeUnit.sleep(TimeUnit.java:386)
        at org.apache.ratis.util.TimeDuration.sleep(TimeDuration.java:325)
        at org.apache.ratis.util.TimeDuration.sleep(TimeDuration.java:310)
        at org.apache.ratis.server.impl.FollowerState.run(FollowerState.java:128)
"Datanode ReportManager Thread - 2" daemon prio=5 tid=367 timed_waiting
java.lang.Thread.State: TIMED_WAITING
        at sun.misc.Unsafe.park(Native Method)
        at java.util.concurrent.locks.LockSupport.parkNanos(LockSupport.java:215)
        at java.util.concurrent.locks.AbstractQueuedSynchronizer$ConditionObject.awaitNanos(AbstractQueuedSynchronizer.java:2078)
        at java.util.concurrent.ScheduledThreadPoolExecutor$DelayedWorkQueue.take(ScheduledThreadPoolExecutor.java:1093)
        at java.util.concurrent.ScheduledThreadPoolExecutor$DelayedWorkQueue.take(ScheduledThreadPoolExecutor.java:809)
        at java.util.concurrent.ThreadPoolExecutor.getTask(ThreadPoolExecutor.java:1074)
        at java.util.concurrent.ThreadPoolExecutor.runWorker(ThreadPoolExecutor.java:1134)
        at java.util.concurrent.ThreadPoolExecutor$Worker.run(ThreadPoolExecutor.java:624)
        at java.lang.Thread.run(Thread.java:750)
"Datanode ReportManager Thread - 1" daemon prio=5 tid=275 in Object.wait()
java.lang.Thread.State: WAITING (on object monitor)
        at sun.misc.Unsafe.park(Native Method)
        at java.util.concurrent.locks.LockSupport.park(LockSupport.java:175)
        at java.util.concurrent.locks.AbstractQueuedSynchronizer$ConditionObject.await(AbstractQueuedSynchronizer.java:2039)
        at java.util.concurrent.ScheduledThreadPoolExecutor$DelayedWorkQueue.take(ScheduledThreadPoolExecutor.java:1088)
        at java.util.concurrent.ScheduledThreadPoolExecutor$DelayedWorkQueue.take(ScheduledThreadPoolExecutor.java:809)
        at java.util.concurrent.ThreadPoolExecutor.getTask(ThreadPoolExecutor.java:1074)
        at java.util.concurrent.ThreadPoolExecutor.runWorker(ThreadPoolExecutor.java:1134)
        at java.util.concurrent.ThreadPoolExecutor$Worker.run(ThreadPoolExecutor.java:624)
        at java.lang.Thread.run(Thread.java:750)
"PartialTableCache Cleanup Thread - 0" daemon prio=5 tid=756 in Object.wait()
java.lang.Thread.State: WAITING (on object monitor)
        at sun.misc.Unsafe.park(Native Method)
        at java.util.concurrent.locks.LockSupport.park(LockSupport.java:175)
        at java.util.concurrent.locks.AbstractQueuedSynchronizer$ConditionObject.await(AbstractQueuedSynchronizer.java:2039)
        at java.util.concurrent.LinkedBlockingQueue.take(LinkedBlockingQueue.java:442)
        at java.util.concurrent.ThreadPoolExecutor.getTask(ThreadPoolExecutor.java:1074)
        at java.util.concurrent.ThreadPoolExecutor.runWorker(ThreadPoolExecutor.java:1134)
        at java.util.concurrent.ThreadPoolExecutor$Worker.run(ThreadPoolExecutor.java:624)
        at java.lang.Thread.run(Thread.java:750)
"ChunkWriter-2-0" daemon prio=5 tid=394 in Object.wait()
java.lang.Thread.State: WAITING (on object monitor)
        at sun.misc.Unsafe.park(Native Method)
        at java.util.concurrent.locks.LockSupport.park(LockSupport.java:175)
        at java.util.concurrent.locks.AbstractQueuedSynchronizer$ConditionObject.await(AbstractQueuedSynchronizer.java:2039)
        at java.util.concurrent.LinkedBlockingDeque.takeFirst(LinkedBlockingDeque.java:492)
        at java.util.concurrent.LinkedBlockingDeque.take(LinkedBlockingDeque.java:680)
        at java.util.concurrent.ThreadPoolExecutor.getTask(ThreadPoolExecutor.java:1074)
        at java.util.concurrent.ThreadPoolExecutor.runWorker(ThreadPoolExecutor.java:1134)
        at java.util.concurrent.ThreadPoolExecutor$Worker.run(ThreadPoolExecutor.java:624)
        at java.lang.Thread.run(Thread.java:750)
"qtp602120831-111-acceptor-0@744a2dd3-ServerConnector@4a3404fa{HTTP/1.1, (http/1.1)}{0.0.0.0:45591}" daemon prio=3 tid=111 runnable
java.lang.Thread.State: RUNNABLE
        at sun.nio.ch.ServerSocketChannelImpl.accept0(Native Method)
        at sun.nio.ch.ServerSocketChannelImpl.accept(ServerSocketChannelImpl.java:421)
        at sun.nio.ch.ServerSocketChannelImpl.accept(ServerSocketChannelImpl.java:249)
        at org.eclipse.jetty.server.ServerConnector.accept(ServerConnector.java:388)
        at org.eclipse.jetty.server.AbstractConnector$Acceptor.run(AbstractConnector.java:704)
        at org.eclipse.jetty.util.thread.QueuedThreadPool.runJob(QueuedThreadPool.java:883)
        at org.eclipse.jetty.util.thread.QueuedThreadPool$Runner.run(QueuedThreadPool.java:1034)
        at java.lang.Thread.run(Thread.java:750)
"pool-64-thread-1" daemon prio=5 tid=178 timed_waiting
java.lang.Thread.State: TIMED_WAITING
        at sun.misc.Unsafe.park(Native Method)
        at java.util.concurrent.locks.LockSupport.parkNanos(LockSupport.java:215)
        at java.util.concurrent.locks.AbstractQueuedSynchronizer$ConditionObject.awaitNanos(AbstractQueuedSynchronizer.java:2078)
        at java.util.concurrent.ScheduledThreadPoolExecutor$DelayedWorkQueue.take(ScheduledThreadPoolExecutor.java:1093)
        at java.util.concurrent.ScheduledThreadPoolExecutor$DelayedWorkQueue.take(ScheduledThreadPoolExecutor.java:809)
        at java.util.concurrent.ThreadPoolExecutor.getTask(ThreadPoolExecutor.java:1074)
        at java.util.concurrent.ThreadPoolExecutor.runWorker(ThreadPoolExecutor.java:1134)
        at java.util.concurrent.ThreadPoolExecutor$Worker.run(ThreadPoolExecutor.java:624)
        at java.lang.Thread.run(Thread.java:750)
"qtp154819692-188" daemon prio=5 tid=188 timed_waiting
java.lang.Thread.State: TIMED_WAITING
        at sun.misc.Unsafe.park(Native Method)
        at java.util.concurrent.locks.LockSupport.parkNanos(LockSupport.java:215)
        at java.util.concurrent.locks.AbstractQueuedSynchronizer$ConditionObject.awaitNanos(AbstractQueuedSynchronizer.java:2078)
        at org.eclipse.jetty.util.BlockingArrayQueue.poll(BlockingArrayQueue.java:382)
        at org.eclipse.jetty.util.thread.QueuedThreadPool$Runner.idleJobPoll(QueuedThreadPool.java:974)
        at org.eclipse.jetty.util.thread.QueuedThreadPool$Runner.run(QueuedThreadPool.java:1018)
        at java.lang.Thread.run(Thread.java:750)
"qtp154819692-187" daemon prio=5 tid=187 timed_waiting
java.lang.Thread.State: TIMED_WAITING
        at sun.misc.Unsafe.park(Native Method)
        at java.util.concurrent.locks.LockSupport.parkNanos(LockSupport.java:215)
        at java.util.concurrent.locks.AbstractQueuedSynchronizer$ConditionObject.awaitNanos(AbstractQueuedSynchronizer.java:2078)
        at org.eclipse.jetty.util.BlockingArrayQueue.poll(BlockingArrayQueue.java:382)
        at org.eclipse.jetty.util.thread.QueuedThreadPool$Runner.idleJobPoll(QueuedThreadPool.java:974)
        at org.eclipse.jetty.util.thread.QueuedThreadPool$Runner.run(QueuedThreadPool.java:1018)
        at java.lang.Thread.run(Thread.java:750)
"grpc-default-executor-0" daemon prio=5 tid=576 timed_waiting
java.lang.Thread.State: TIMED_WAITING
        at sun.misc.Unsafe.park(Native Method)
        at java.util.concurrent.locks.LockSupport.parkNanos(LockSupport.java:215)
        at java.util.concurrent.SynchronousQueue$TransferStack.awaitFulfill(SynchronousQueue.java:460)
        at java.util.concurrent.SynchronousQueue$TransferStack.transfer(SynchronousQueue.java:362)
        at java.util.concurrent.SynchronousQueue.poll(SynchronousQueue.java:941)
        at java.util.concurrent.ThreadPoolExecutor.getTask(ThreadPoolExecutor.java:1073)
        at java.util.concurrent.ThreadPoolExecutor.runWorker(ThreadPoolExecutor.java:1134)
        at java.util.concurrent.ThreadPoolExecutor$Worker.run(ThreadPoolExecutor.java:624)
        at java.lang.Thread.run(Thread.java:750)
"Timer-0"  prio=5 tid=140 timed_waiting
java.lang.Thread.State: TIMED_WAITING
        at java.lang.Object.wait(Native Method)
        at java.util.TimerThread.mainLoop(Timer.java:552)
        at java.util.TimerThread.run(Timer.java:505)
"FixedThreadPoolWithAffinityExecutor-8-0" daemon prio=5 tid=43 timed_waiting
java.lang.Thread.State: TIMED_WAITING
        at sun.misc.Unsafe.park(Native Method)
        at java.util.concurrent.locks.LockSupport.parkNanos(LockSupport.java:215)
        at java.util.concurrent.locks.AbstractQueuedSynchronizer$ConditionObject.awaitNanos(AbstractQueuedSynchronizer.java:2078)
        at java.util.concurrent.LinkedBlockingQueue.poll(LinkedBlockingQueue.java:467)
        at org.apache.hadoop.hdds.scm.server.ContainerReportQueue.poll(ContainerReportQueue.java:266)
        at org.apache.hadoop.hdds.scm.server.ContainerReportQueue.poll(ContainerReportQueue.java:42)
        at org.apache.hadoop.hdds.server.events.FixedThreadPoolWithAffinityExecutor$ContainerReportProcessTask.run(FixedThreadPoolWithAffinityExecutor.java:218)
        at java.util.concurrent.Executors$RunnableAdapter.call(Executors.java:511)
        at java.util.concurrent.FutureTask.run(FutureTask.java:266)
        at java.util.concurrent.ThreadPoolExecutor.runWorker(ThreadPoolExecutor.java:1149)
        at java.util.concurrent.ThreadPoolExecutor$Worker.run(ThreadPoolExecutor.java:624)
        at java.lang.Thread.run(Thread.java:750)
"ReplicationMonitor" daemon prio=5 tid=857 timed_waiting
java.lang.Thread.State: TIMED_WAITING
        at java.lang.Object.wait(Native Method)
        at org.apache.hadoop.hdds.scm.container.replication.ReplicationManager.run(ReplicationManager.java:575)
        at org.apache.hadoop.hdds.scm.container.replication.ReplicationManager$$Lambda$382/361656258.run(Unknown Source)
        at java.lang.Thread.run(Thread.java:750)
"ChunkReader-2" daemon prio=5 tid=785 in Object.wait()
java.lang.Thread.State: WAITING (on object monitor)
        at sun.misc.Unsafe.park(Native Method)
        at java.util.concurrent.locks.LockSupport.park(LockSupport.java:175)
        at java.util.concurrent.locks.AbstractQueuedSynchronizer$ConditionObject.await(AbstractQueuedSynchronizer.java:2039)
        at java.util.concurrent.LinkedBlockingQueue.take(LinkedBlockingQueue.java:442)
        at java.util.concurrent.ThreadPoolExecutor.getTask(ThreadPoolExecutor.java:1074)
        at java.util.concurrent.ThreadPoolExecutor.runWorker(ThreadPoolExecutor.java:1134)
        at java.util.concurrent.ThreadPoolExecutor$Worker.run(ThreadPoolExecutor.java:624)
        at java.lang.Thread.run(Thread.java:750)
"ChunkReader-1" daemon prio=5 tid=778 in Object.wait()
java.lang.Thread.State: WAITING (on object monitor)
        at sun.misc.Unsafe.park(Native Method)
        at java.util.concurrent.locks.LockSupport.park(LockSupport.java:175)
        at java.util.concurrent.locks.AbstractQueuedSynchronizer$ConditionObject.await(AbstractQueuedSynchronizer.java:2039)
        at java.util.concurrent.LinkedBlockingQueue.take(LinkedBlockingQueue.java:442)
        at java.util.concurrent.ThreadPoolExecutor.getTask(ThreadPoolExecutor.java:1074)
        at java.util.concurrent.ThreadPoolExecutor.runWorker(ThreadPoolExecutor.java:1134)
        at java.util.concurrent.ThreadPoolExecutor$Worker.run(ThreadPoolExecutor.java:624)
        at java.lang.Thread.run(Thread.java:750)
"IPC Server listener on 0" daemon prio=5 tid=27 runnable
java.lang.Thread.State: RUNNABLE
        at sun.nio.ch.EPollArrayWrapper.epollWait(Native Method)
        at sun.nio.ch.EPollArrayWrapper.poll(EPollArrayWrapper.java:269)
        at sun.nio.ch.EPollSelectorImpl.doSelect(EPollSelectorImpl.java:93)
        at sun.nio.ch.SelectorImpl.lockAndDoSelect(SelectorImpl.java:86)
        at sun.nio.ch.SelectorImpl.select(SelectorImpl.java:97)
        at sun.nio.ch.SelectorImpl.select(SelectorImpl.java:101)
        at org.apache.hadoop.ipc.Server$Listener.run(Server.java:1358)
"Datanode ReportManager Thread - 1" daemon prio=5 tid=442 in Object.wait()
java.lang.Thread.State: WAITING (on object monitor)
        at sun.misc.Unsafe.park(Native Method)
        at java.util.concurrent.locks.LockSupport.park(LockSupport.java:175)
        at java.util.concurrent.locks.AbstractQueuedSynchronizer$ConditionObject.await(AbstractQueuedSynchronizer.java:2039)
        at java.util.concurrent.ScheduledThreadPoolExecutor$DelayedWorkQueue.take(ScheduledThreadPoolExecutor.java:1088)
        at java.util.concurrent.ScheduledThreadPoolExecutor$DelayedWorkQueue.take(ScheduledThreadPoolExecutor.java:809)
        at java.util.concurrent.ThreadPoolExecutor.getTask(ThreadPoolExecutor.java:1074)
        at java.util.concurrent.ThreadPoolExecutor.runWorker(ThreadPoolExecutor.java:1134)
        at java.util.concurrent.ThreadPoolExecutor$Worker.run(ThreadPoolExecutor.java:624)
        at java.lang.Thread.run(Thread.java:750)
"b788acd7-0bfa-48fd-ae0f-b822d5826f57@group-7510FC58D10D-LeaderStateImpl" daemon prio=5 tid=869 timed_waiting
java.lang.Thread.State: TIMED_WAITING
        at sun.misc.Unsafe.park(Native Method)
        at java.util.concurrent.locks.LockSupport.parkNanos(LockSupport.java:215)
        at java.util.concurrent.locks.AbstractQueuedSynchronizer$ConditionObject.awaitNanos(AbstractQueuedSynchronizer.java:2078)
        at java.util.concurrent.ArrayBlockingQueue.poll(ArrayBlockingQueue.java:418)
        at org.apache.ratis.server.impl.LeaderStateImpl$EventQueue.poll(LeaderStateImpl.java:159)
        at org.apache.ratis.server.impl.LeaderStateImpl$EventProcessor.run(LeaderStateImpl.java:630)
"aafd62d6-5d37-4c95-9ffb-fecfd05fefa6@group-D5BAC4C13693-SegmentedRaftLogWorker"  prio=5 tid=569 timed_waiting
java.lang.Thread.State: TIMED_WAITING
        at sun.misc.Unsafe.park(Native Method)
        at java.util.concurrent.locks.LockSupport.parkNanos(LockSupport.java:215)
        at java.util.concurrent.locks.AbstractQueuedSynchronizer$ConditionObject.awaitNanos(AbstractQueuedSynchronizer.java:2078)
        at org.apache.ratis.util.DataBlockingQueue.poll(DataBlockingQueue.java:148)
        at org.apache.ratis.server.raftlog.segmented.SegmentedRaftLogWorker.run(SegmentedRaftLogWorker.java:310)
        at org.apache.ratis.server.raftlog.segmented.SegmentedRaftLogWorker$$Lambda$665/306525361.run(Unknown Source)
        at java.lang.Thread.run(Thread.java:750)
"qtp604571221-266" daemon prio=5 tid=266 timed_waiting
java.lang.Thread.State: TIMED_WAITING
        at sun.misc.Unsafe.park(Native Method)
        at java.util.concurrent.locks.LockSupport.parkNanos(LockSupport.java:215)
        at java.util.concurrent.locks.AbstractQueuedSynchronizer$ConditionObject.awaitNanos(AbstractQueuedSynchronizer.java:2078)
        at org.eclipse.jetty.util.BlockingArrayQueue.poll(BlockingArrayQueue.java:382)
        at org.eclipse.jetty.util.thread.QueuedThreadPool$Runner.idleJobPoll(QueuedThreadPool.java:974)
        at org.eclipse.jetty.util.thread.QueuedThreadPool$Runner.run(QueuedThreadPool.java:1018)
        at java.lang.Thread.run(Thread.java:750)
"Datanode ReportManager Thread - 2" daemon prio=5 tid=481 in Object.wait()
java.lang.Thread.State: WAITING (on object monitor)
        at sun.misc.Unsafe.park(Native Method)
        at java.util.concurrent.locks.LockSupport.park(LockSupport.java:175)
        at java.util.concurrent.locks.AbstractQueuedSynchronizer$ConditionObject.await(AbstractQueuedSynchronizer.java:2039)
        at java.util.concurrent.ScheduledThreadPoolExecutor$DelayedWorkQueue.take(ScheduledThreadPoolExecutor.java:1088)
        at java.util.concurrent.ScheduledThreadPoolExecutor$DelayedWorkQueue.take(ScheduledThreadPoolExecutor.java:809)
        at java.util.concurrent.ThreadPoolExecutor.getTask(ThreadPoolExecutor.java:1074)
        at java.util.concurrent.ThreadPoolExecutor.runWorker(ThreadPoolExecutor.java:1134)
        at java.util.concurrent.ThreadPoolExecutor$Worker.run(ThreadPoolExecutor.java:624)
        at java.lang.Thread.run(Thread.java:750)
"OM StateMachine ApplyTransaction Thread - 0" daemon prio=5 tid=750 in Object.wait()
java.lang.Thread.State: WAITING (on object monitor)
        at sun.misc.Unsafe.park(Native Method)
        at java.util.concurrent.locks.LockSupport.park(LockSupport.java:175)
        at java.util.concurrent.locks.AbstractQueuedSynchronizer$ConditionObject.await(AbstractQueuedSynchronizer.java:2039)
        at java.util.concurrent.LinkedBlockingQueue.take(LinkedBlockingQueue.java:442)
        at java.util.concurrent.ThreadPoolExecutor.getTask(ThreadPoolExecutor.java:1074)
        at java.util.concurrent.ThreadPoolExecutor.runWorker(ThreadPoolExecutor.java:1134)
        at java.util.concurrent.ThreadPoolExecutor$Worker.run(ThreadPoolExecutor.java:624)
        at java.lang.Thread.run(Thread.java:750)
"qtp1591256270-462" daemon prio=5 tid=462 timed_waiting
java.lang.Thread.State: TIMED_WAITING
        at sun.misc.Unsafe.park(Native Method)
        at java.util.concurrent.locks.LockSupport.parkNanos(LockSupport.java:215)
        at java.util.concurrent.locks.AbstractQueuedSynchronizer$ConditionObject.awaitNanos(AbstractQueuedSynchronizer.java:2078)
        at org.eclipse.jetty.util.BlockingArrayQueue.poll(BlockingArrayQueue.java:382)
        at org.eclipse.jetty.util.thread.QueuedThreadPool$Runner.idleJobPoll(QueuedThreadPool.java:974)
        at org.eclipse.jetty.util.thread.QueuedThreadPool$Runner.run(QueuedThreadPool.java:1018)
        at java.lang.Thread.run(Thread.java:750)
"OpenKeyCleanupService#0" daemon prio=5 tid=143 timed_waiting
java.lang.Thread.State: TIMED_WAITING
        at sun.misc.Unsafe.park(Native Method)
        at java.util.concurrent.locks.LockSupport.parkNanos(LockSupport.java:215)
        at java.util.concurrent.locks.AbstractQueuedSynchronizer$ConditionObject.awaitNanos(AbstractQueuedSynchronizer.java:2078)
        at java.util.concurrent.ScheduledThreadPoolExecutor$DelayedWorkQueue.take(ScheduledThreadPoolExecutor.java:1093)
        at java.util.concurrent.ScheduledThreadPoolExecutor$DelayedWorkQueue.take(ScheduledThreadPoolExecutor.java:809)
        at java.util.concurrent.ThreadPoolExecutor.getTask(ThreadPoolExecutor.java:1074)
        at java.util.concurrent.ThreadPoolExecutor.runWorker(ThreadPoolExecutor.java:1134)
        at java.util.concurrent.ThreadPoolExecutor$Worker.run(ThreadPoolExecutor.java:624)
        at java.lang.Thread.run(Thread.java:750)
"IPC Server handler 5 on default port 34199" daemon prio=5 tid=92 timed_waiting
java.lang.Thread.State: TIMED_WAITING
        at sun.misc.Unsafe.park(Native Method)
        at java.util.concurrent.locks.LockSupport.parkNanos(LockSupport.java:215)
        at java.util.concurrent.locks.AbstractQueuedSynchronizer$ConditionObject.awaitNanos(AbstractQueuedSynchronizer.java:2078)
        at java.util.concurrent.LinkedBlockingQueue.poll(LinkedBlockingQueue.java:467)
        at org.apache.hadoop.ipc.CallQueueManager.take(CallQueueManager.java:317)
        at org.apache.hadoop.ipc.Server$Handler.run(Server.java:2942)


	at org.apache.ozone.test.GenericTestUtils.waitFor(GenericTestUtils.java:224)
	at org.apache.hadoop.ozone.container.TestECContainerRecovery.waitForContainerCount(TestECContainerRecovery.java:265)
	at org.apache.hadoop.ozone.container.TestECContainerRecovery.testContainerRecoveryOverReplicationProcessing(TestECContainerRecovery.java:209)
	at sun.reflect.NativeMethodAccessorImpl.invoke0(Native Method)
	at sun.reflect.NativeMethodAccessorImpl.invoke(NativeMethodAccessorImpl.java:62)
	at sun.reflect.DelegatingMethodAccessorImpl.invoke(DelegatingMethodAccessorImpl.java:43)
	at java.lang.reflect.Method.invoke(Method.java:498)
	at org.junit.platform.commons.util.ReflectionUtils.invokeMethod(ReflectionUtils.java:725)
	at org.junit.jupiter.engine.execution.MethodInvocation.proceed(MethodInvocation.java:60)
	at org.junit.jupiter.engine.execution.InvocationInterceptorChain$ValidatingInvocation.proceed(InvocationInterceptorChain.java:131)
	at org.junit.jupiter.engine.extension.TimeoutExtension.intercept(TimeoutExtension.java:149)
	at org.junit.jupiter.engine.extension.TimeoutExtension.interceptTestableMethod(TimeoutExtension.java:140)
	at org.junit.jupiter.engine.extension.TimeoutExtension.interceptTestMethod(TimeoutExtension.java:84)
	at org.junit.jupiter.engine.execution.ExecutableInvoker$ReflectiveInterceptorCall.lambda$ofVoidMethod$0(ExecutableInvoker.java:115)
	at org.junit.jupiter.engine.execution.ExecutableInvoker.lambda$invoke$0(ExecutableInvoker.java:105)
	at org.junit.jupiter.engine.execution.InvocationInterceptorChain$InterceptedInvocation.proceed(InvocationInterceptorChain.java:106)
	at org.junit.jupiter.engine.execution.InvocationInterceptorChain.proceed(InvocationInterceptorChain.java:64)
	at org.junit.jupiter.engine.execution.InvocationInterceptorChain.chainAndInvoke(InvocationInterceptorChain.java:45)
	at org.junit.jupiter.engine.execution.InvocationInterceptorChain.invoke(InvocationInterceptorChain.java:37)
	at org.junit.jupiter.engine.execution.ExecutableInvoker.invoke(ExecutableInvoker.java:104)
	at org.junit.jupiter.engine.execution.ExecutableInvoker.invoke(ExecutableInvoker.java:98)
	at org.junit.jupiter.engine.descriptor.TestMethodTestDescriptor.lambda$invokeTestMethod$7(TestMethodTestDescriptor.java:214)
	at org.junit.platform.engine.support.hierarchical.ThrowableCollector.execute(ThrowableCollector.java:73)
	at org.junit.jupiter.engine.descriptor.TestMethodTestDescriptor.invokeTestMethod(TestMethodTestDescriptor.java:210)
	at org.junit.jupiter.engine.descriptor.TestMethodTestDescriptor.execute(TestMethodTestDescriptor.java:135)
	at org.junit.jupiter.engine.descriptor.TestMethodTestDescriptor.execute(TestMethodTestDescriptor.java:66)
	at org.junit.platform.engine.support.hierarchical.NodeTestTask.lambda$executeRecursively$6(NodeTestTask.java:151)
	at org.junit.platform.engine.support.hierarchical.ThrowableCollector.execute(ThrowableCollector.java:73)
	at org.junit.platform.engine.support.hierarchical.NodeTestTask.lambda$executeRecursively$8(NodeTestTask.java:141)
	at org.junit.platform.engine.support.hierarchical.Node.around(Node.java:137)
	at org.junit.platform.engine.support.hierarchical.NodeTestTask.lambda$executeRecursively$9(NodeTestTask.java:139)
	at org.junit.platform.engine.support.hierarchical.ThrowableCollector.execute(ThrowableCollector.java:73)
	at org.junit.platform.engine.support.hierarchical.NodeTestTask.executeRecursively(NodeTestTask.java:138)
	at org.junit.platform.engine.support.hierarchical.NodeTestTask.execute(NodeTestTask.java:95)
	at java.util.ArrayList.forEach(ArrayList.java:1259)
	at org.junit.platform.engine.support.hierarchical.SameThreadHierarchicalTestExecutorService.invokeAll(SameThreadHierarchicalTestExecutorService.java:41)
	at org.junit.platform.engine.support.hierarchical.NodeTestTask.lambda$executeRecursively$6(NodeTestTask.java:155)
	at org.junit.platform.engine.support.hierarchical.ThrowableCollector.execute(ThrowableCollector.java:73)
	at org.junit.platform.engine.support.hierarchical.NodeTestTask.lambda$executeRecursively$8(NodeTestTask.java:141)
	at org.junit.platform.engine.support.hierarchical.Node.around(Node.java:137)
	at org.junit.platform.engine.support.hierarchical.NodeTestTask.lambda$executeRecursively$9(NodeTestTask.java:139)
	at org.junit.platform.engine.support.hierarchical.ThrowableCollector.execute(ThrowableCollector.java:73)
	at org.junit.platform.engine.support.hierarchical.NodeTestTask.executeRecursively(NodeTestTask.java:138)
	at org.junit.platform.engine.support.hierarchical.NodeTestTask.execute(NodeTestTask.java:95)
	at java.util.ArrayList.forEach(ArrayList.java:1259)
	at org.junit.platform.engine.support.hierarchical.SameThreadHierarchicalTestExecutorService.invokeAll(SameThreadHierarchicalTestExecutorService.java:41)
	at org.junit.platform.engine.support.hierarchical.NodeTestTask.lambda$executeRecursively$6(NodeTestTask.java:155)
	at org.junit.platform.engine.support.hierarchical.ThrowableCollector.execute(ThrowableCollector.java:73)
	at org.junit.platform.engine.support.hierarchical.NodeTestTask.lambda$executeRecursively$8(NodeTestTask.java:141)
	at org.junit.platform.engine.support.hierarchical.Node.around(Node.java:137)
	at org.junit.platform.engine.support.hierarchical.NodeTestTask.lambda$executeRecursively$9(NodeTestTask.java:139)
	at org.junit.platform.engine.support.hierarchical.ThrowableCollector.execute(ThrowableCollector.java:73)
	at org.junit.platform.engine.support.hierarchical.NodeTestTask.executeRecursively(NodeTestTask.java:138)
	at org.junit.platform.engine.support.hierarchical.NodeTestTask.execute(NodeTestTask.java:95)
	at org.junit.platform.engine.support.hierarchical.SameThreadHierarchicalTestExecutorService.submit(SameThreadHierarchicalTestExecutorService.java:35)
	at org.junit.platform.engine.support.hierarchical.HierarchicalTestExecutor.execute(HierarchicalTestExecutor.java:57)
	at org.junit.platform.engine.support.hierarchical.HierarchicalTestEngine.execute(HierarchicalTestEngine.java:54)
	at org.junit.platform.launcher.core.EngineExecutionOrchestrator.execute(EngineExecutionOrchestrator.java:107)
	at org.junit.platform.launcher.core.EngineExecutionOrchestrator.execute(EngineExecutionOrchestrator.java:88)
	at org.junit.platform.launcher.core.EngineExecutionOrchestrator.lambda$execute$0(EngineExecutionOrchestrator.java:54)
	at org.junit.platform.launcher.core.EngineExecutionOrchestrator.withInterceptedStreams(EngineExecutionOrchestrator.java:67)
	at org.junit.platform.launcher.core.EngineExecutionOrchestrator.execute(EngineExecutionOrchestrator.java:52)
	at org.junit.platform.launcher.core.DefaultLauncher.execute(DefaultLauncher.java:114)
	at org.junit.platform.launcher.core.DefaultLauncher.execute(DefaultLauncher.java:86)
	at org.junit.platform.launcher.core.DefaultLauncherSession$DelegatingLauncher.execute(DefaultLauncherSession.java:86)
	at org.junit.platform.launcher.core.SessionPerRequestLauncher.execute(SessionPerRequestLauncher.java:53)
	at org.apache.maven.surefire.junitplatform.JUnitPlatformProvider.execute(JUnitPlatformProvider.java:188)
	at org.apache.maven.surefire.junitplatform.JUnitPlatformProvider.invokeAllTests(JUnitPlatformProvider.java:154)
	at org.apache.maven.surefire.junitplatform.JUnitPlatformProvider.invoke(JUnitPlatformProvider.java:124)
	at org.apache.maven.surefire.booter.ForkedBooter.runSuitesInProcess(ForkedBooter.java:428)
	at org.apache.maven.surefire.booter.ForkedBooter.execute(ForkedBooter.java:162)
	at org.apache.maven.surefire.booter.ForkedBooter.run(ForkedBooter.java:562)
	at org.apache.maven.surefire.booter.ForkedBooter.main(ForkedBooter.java:548)
]]></error>
    <system-out><![CDATA[2022-11-03 05:22:58,596 [main] WARN  server.ServerUtils (ServerUtils.java:getScmDbDir(148)) - ozone.scm.db.dirs is not configured. We recommend adding this setting. Falling back to ozone.metadata.dirs instead.
2022-11-03 05:22:58,676 [main] WARN  server.ServerUtils (ServerUtils.java:getScmDbDir(148)) - ozone.scm.db.dirs is not configured. We recommend adding this setting. Falling back to ozone.metadata.dirs instead.
2022-11-03 05:22:58,679 [main] INFO  ha.SCMHANodeDetails (SCMHANodeDetails.java:loadSCMHAConfig(209)) - ServiceID for StorageContainerManager is null
2022-11-03 05:22:58,691 [main] WARN  ha.SCMHANodeDetails (SCMHANodeDetails.java:validateSCMHAConfig(182)) - Invalid config ozone.scm.ratis.enable. The config was not specified, but the default value true conflicts with the expected config value false. Falling back to the expected value. Current State of SCM: SCM is running in Non-HA without Ratis Ratis SCM -> Non Ratis SCM or Non HA SCM -> HA SCM is not supported
2022-11-03 05:22:58,691 [main] INFO  ha.SCMHANodeDetails (SCMHANodeDetails.java:loadSCMHAConfig(214)) - ozone.scm.default.service.id is not defined, falling back to ozone.scm.service.ids to find serviceID for StorageContainerManager if it is HA enabled cluster
2022-11-03 05:22:59,195 [main] WARN  utils.HAUtils (HAUtils.java:getMetaDir(342)) - ozone.scm.db.dirs is not configured. We recommend adding this setting. Falling back to ozone.metadata.dirs instead.
2022-11-03 05:22:59,332 [main] WARN  db.DBStoreBuilder (DBStoreBuilder.java:applyDBDefinition(144)) - ozone.scm.db.dirs is not configured. We recommend adding this setting. Falling back to ozone.metadata.dirs instead.
2022-11-03 05:22:59,595 [main] INFO  net.NodeSchemaLoader (NodeSchemaLoader.java:loadSchemaFromFile(129)) - Loading schema from [jar:file:/home/runner/.m2/repository/org/apache/ozone/hdds-common/1.3.0-SNAPSHOT/hdds-common-1.3.0-SNAPSHOT.jar!/network-topology-default.xml]
2022-11-03 05:22:59,597 [main] INFO  net.NodeSchemaLoader (NodeSchemaLoader.java:loadSchema(176)) - Loading network topology layer schema file
2022-11-03 05:22:59,636 [main] INFO  metrics.MetricRegistries (MetricRegistriesLoader.java:load(64)) - Loaded MetricRegistries class org.apache.ratis.metrics.impl.MetricRegistriesImpl
2022-11-03 05:22:59,642 [main] INFO  upgrade.AbstractLayoutVersionManager (AbstractLayoutVersionManager.java:init(83)) - Initializing Layout version manager with metadata layout = DATANODE_SCHEMA_V3 (version = 4), software layout = DATANODE_SCHEMA_V3 (version = 4)
2022-11-03 05:22:59,873 [main] INFO  reflections.Reflections (Reflections.java:scan(232)) - Reflections took 149 ms to scan 7 urls, producing 139 keys and 336 values 
2022-11-03 05:22:59,976 [main] INFO  ha.SequenceIdGenerator (SequenceIdGenerator.java:upgradeToSequenceId(349)) - upgrade localId to 109611004723200000
2022-11-03 05:22:59,976 [main] INFO  ha.SequenceIdGenerator (SequenceIdGenerator.java:upgradeToSequenceId(359)) - upgrade delTxnId to 0
2022-11-03 05:22:59,979 [main] INFO  ha.SequenceIdGenerator (SequenceIdGenerator.java:upgradeToSequenceId(376)) - upgrade containerId to 0
2022-11-03 05:22:59,981 [main] INFO  ha.SequenceIdGenerator (SequenceIdGenerator.java:<init>(220)) - Init the HA SequenceIdGenerator.
2022-11-03 05:23:00,020 [main] WARN  server.ServerUtils (ServerUtils.java:sanitizeUserArgs(67)) - ozone.scm.stale.node.interval value = 1000 is smaller than min = 3000 based on the key value of hdds.heartbeat.interval, reset to the min value 3000.
2022-11-03 05:23:00,021 [main] WARN  server.ServerUtils (ServerUtils.java:sanitizeUserArgs(67)) - ozone.scm.stale.node.interval value = 1000 is smaller than min = 3000 based on the key value of hdds.heartbeat.interval, reset to the min value 3000.
2022-11-03 05:23:00,021 [main] WARN  server.ServerUtils (ServerUtils.java:sanitizeUserArgs(67)) - ozone.scm.dead.node.interval value = 1000 is smaller than min = 6000 based on the key value of ozone.scm.stale.node.interval, reset to the min value 6000.
2022-11-03 05:23:00,029 [main] INFO  node.SCMNodeManager (SCMNodeManager.java:<init>(149)) - Entering startup safe mode.
2022-11-03 05:23:00,101 [main] INFO  algorithms.ContainerPlacementPolicyFactory (ContainerPlacementPolicyFactory.java:getPolicyInternal(86)) - Create container placement policy of type org.apache.hadoop.hdds.scm.container.placement.algorithms.SCMContainerPlacementRandom
2022-11-03 05:23:00,103 [main] INFO  algorithms.ContainerPlacementPolicyFactory (ContainerPlacementPolicyFactory.java:getPolicyInternal(86)) - Create container placement policy of type org.apache.hadoop.hdds.scm.container.placement.algorithms.SCMContainerPlacementRackScatter
2022-11-03 05:23:00,119 [main] INFO  pipeline.PipelineStateManagerImpl (PipelineStateManagerImpl.java:initialize(78)) - No pipeline exists in current db
2022-11-03 05:23:00,154 [main] INFO  algorithms.LeaderChoosePolicyFactory (LeaderChoosePolicyFactory.java:getPolicy(57)) - Create leader choose policy of type org.apache.hadoop.hdds.scm.pipeline.leader.choose.algorithms.MinLeaderCountChoosePolicy
2022-11-03 05:23:00,154 [main] INFO  algorithms.ContainerPlacementPolicyFactory (ContainerPlacementPolicyFactory.java:getPolicyInternal(86)) - Create container placement policy of type org.apache.hadoop.hdds.scm.container.placement.algorithms.SCMContainerPlacementRackScatter
2022-11-03 05:23:00,160 [main] INFO  ha.SCMServiceManager (SCMServiceManager.java:register(42)) - Registering service BackgroundPipelineCreator.
2022-11-03 05:23:00,161 [main] INFO  pipeline.BackgroundPipelineCreator (BackgroundPipelineCreator.java:start(124)) - Starting RatisPipelineUtilsThread.
2022-11-03 05:23:00,164 [main] INFO  BackgroundPipelineScrubber (BackgroundSCMService.java:start(68)) - Starting BackgroundPipelineScrubber Service.
2022-11-03 05:23:00,165 [main] INFO  ha.SCMServiceManager (SCMServiceManager.java:register(42)) - Registering service BackgroundPipelineScrubber.
2022-11-03 05:23:00,170 [main] INFO  ExpiredContainerReplicaOpScrubber (BackgroundSCMService.java:start(68)) - Starting ExpiredContainerReplicaOpScrubber Service.
2022-11-03 05:23:00,172 [main] INFO  ha.SCMServiceManager (SCMServiceManager.java:register(42)) - Registering service ExpiredContainerReplicaOpScrubber.
2022-11-03 05:23:00,216 [main] INFO  algorithms.PipelineChoosePolicyFactory (PipelineChoosePolicyFactory.java:createPipelineChoosePolicyFromClass(73)) - Create pipeline choose policy of type org.apache.hadoop.hdds.scm.pipeline.choose.algorithms.RandomPipelineChoosePolicy
2022-11-03 05:23:00,248 [main] INFO  ha.SCMServiceManager (SCMServiceManager.java:register(42)) - Registering service SCMBlockDeletingService.
2022-11-03 05:23:00,304 [main] INFO  replication.ReplicationManager (ReplicationManager.java:start(239)) - Starting Replication Monitor Thread.
2022-11-03 05:23:00,311 [main] INFO  ha.SCMServiceManager (SCMServiceManager.java:register(42)) - Registering service ReplicationManager.
2022-11-03 05:23:00,313 [ReplicationMonitor] INFO  replication.ReplicationManager (ReplicationManager.java:processAll(307)) - Replication Manager is not ready to run until 3000ms after safemode exit
2022-11-03 05:23:00,320 [main] INFO  safemode.ContainerSafeModeRule (ContainerSafeModeRule.java:<init>(89)) - containers with one replica threshold count 0
2022-11-03 05:23:00,324 [main] INFO  safemode.HealthyPipelineSafeModeRule (HealthyPipelineSafeModeRule.java:initializeRule(169)) - Total pipeline count is 0, healthy pipeline threshold count is 1
2022-11-03 05:23:00,325 [main] INFO  safemode.OneReplicaPipelineSafeModeRule (OneReplicaPipelineSafeModeRule.java:initializeRule(180)) - Total pipeline count is 0, pipeline's with at least one datanode reported threshold count is 0
2022-11-03 05:23:00,565 [main] INFO  audit.AuditLogger (AuditLogger.java:refreshDebugCmdSet(126)) - Refresh DebugCmdSet for SCMAudit to [].
2022-11-03 05:23:00,590 [main] INFO  ipc.CallQueueManager (CallQueueManager.java:<init>(90)) - Using callQueue: class java.util.concurrent.LinkedBlockingQueue, queueCapacity: 2000, scheduler: class org.apache.hadoop.ipc.DefaultRpcScheduler, ipcBackoff: false.
2022-11-03 05:23:00,623 [Socket Reader #1 for port 0] INFO  ipc.Server (Server.java:run(1273)) - Starting Socket Reader #1 for port 0
2022-11-03 05:23:00,676 [Listener at 0.0.0.0/34199] INFO  audit.AuditLogger (AuditLogger.java:refreshDebugCmdSet(126)) - Refresh DebugCmdSet for SCMAudit to [].
2022-11-03 05:23:00,681 [Listener at 0.0.0.0/34199] INFO  ipc.CallQueueManager (CallQueueManager.java:<init>(90)) - Using callQueue: class java.util.concurrent.LinkedBlockingQueue, queueCapacity: 2000, scheduler: class org.apache.hadoop.ipc.DefaultRpcScheduler, ipcBackoff: false.
2022-11-03 05:23:00,682 [Socket Reader #1 for port 0] INFO  ipc.Server (Server.java:run(1273)) - Starting Socket Reader #1 for port 0
2022-11-03 05:23:00,728 [Listener at 0.0.0.0/38821] INFO  audit.AuditLogger (AuditLogger.java:refreshDebugCmdSet(126)) - Refresh DebugCmdSet for SCMAudit to [].
2022-11-03 05:23:00,739 [Listener at 0.0.0.0/38821] INFO  ipc.CallQueueManager (CallQueueManager.java:<init>(90)) - Using callQueue: class java.util.concurrent.LinkedBlockingQueue, queueCapacity: 2000, scheduler: class org.apache.hadoop.ipc.DefaultRpcScheduler, ipcBackoff: false.
2022-11-03 05:23:00,740 [Socket Reader #1 for port 0] INFO  ipc.Server (Server.java:run(1273)) - Starting Socket Reader #1 for port 0
2022-11-03 05:23:00,782 [Listener at 0.0.0.0/33617] INFO  ha.SCMServiceManager (SCMServiceManager.java:register(42)) - Registering service ContainerBalancer.
2022-11-03 05:23:00,784 [Listener at 0.0.0.0/33617] INFO  server.StorageContainerManager (StorageContainerManager.java:<init>(415)) - 
Container Balancer status:
Key                            Value
Running                        true
Container Balancer Configuration values:
Key                                                Value
Threshold                                          10
Max Datanodes to Involve per Iteration(percent)    20
Max Size to Move per Iteration                     500GB
Max Size Entering Target per Iteration             26GB
Max Size Leaving Source per Iteration              26GB

2022-11-03 05:23:00,786 [Listener at 0.0.0.0/33617] WARN  events.EventQueue (EventQueue.java:fireEvent(216)) - No event handler registered for event TypedEvent{payloadType=SafeModeStatus, name='Safe mode status'}
2022-11-03 05:23:00,786 [Listener at 0.0.0.0/33617] INFO  ha.SCMContext (SCMContext.java:updateSafeModeStatus(228)) - Update SafeModeStatus from SafeModeStatus{safeModeStatus=true, preCheckPassed=false} to SafeModeStatus{safeModeStatus=true, preCheckPassed=false}.
2022-11-03 05:23:00,789 [Listener at 0.0.0.0/33617] INFO  server.StorageContainerManager (StorageContainerManager.java:start(1449)) - StorageContainerLocationProtocol RPC server is listening at /0.0.0.0:33617
2022-11-03 05:23:00,847 [Listener at 0.0.0.0/33617] WARN  impl.MetricsConfig (MetricsConfig.java:loadFirst(136)) - Cannot locate configuration: tried hadoop-metrics2-storagecontainermanager.properties,hadoop-metrics2.properties
2022-11-03 05:23:00,857 [Listener at 0.0.0.0/33617] INFO  impl.MetricsSystemImpl (MetricsSystemImpl.java:startTimer(378)) - Scheduled Metric snapshot period at 10 second(s).
2022-11-03 05:23:00,858 [Listener at 0.0.0.0/33617] INFO  impl.MetricsSystemImpl (MetricsSystemImpl.java:start(191)) - StorageContainerManager metrics system started
2022-11-03 05:23:01,125 [Listener at 0.0.0.0/33617] INFO  server.SCMClientProtocolServer (SCMClientProtocolServer.java:start(170)) - RPC server for Client  is listening at /0.0.0.0:33617
2022-11-03 05:23:01,125 [IPC Server Responder] INFO  ipc.Server (Server.java:run(1512)) - IPC Server Responder: starting
2022-11-03 05:23:01,126 [IPC Server listener on 0] INFO  ipc.Server (Server.java:run(1352)) - IPC Server listener on 0: starting
2022-11-03 05:23:01,129 [Listener at 0.0.0.0/33617] INFO  server.StorageContainerManager (StorageContainerManager.java:start(1464)) - ScmBlockLocationProtocol RPC server is listening at /0.0.0.0:38821
2022-11-03 05:23:01,129 [Listener at 0.0.0.0/33617] INFO  server.SCMBlockProtocolServer (SCMBlockProtocolServer.java:start(152)) - RPC server for Block Protocol is listening at /0.0.0.0:38821
2022-11-03 05:23:01,130 [IPC Server Responder] INFO  ipc.Server (Server.java:run(1512)) - IPC Server Responder: starting
2022-11-03 05:23:01,130 [IPC Server listener on 0] INFO  ipc.Server (Server.java:run(1352)) - IPC Server listener on 0: starting
2022-11-03 05:23:01,132 [Listener at 0.0.0.0/33617] INFO  server.SCMDatanodeProtocolServer (SCMDatanodeProtocolServer.java:start(186)) - ScmDatanodeProtocol RPC server for DataNodes is listening at /0.0.0.0:34199
2022-11-03 05:23:01,133 [IPC Server Responder] INFO  ipc.Server (Server.java:run(1512)) - IPC Server Responder: starting
2022-11-03 05:23:01,133 [IPC Server listener on 0] INFO  ipc.Server (Server.java:run(1352)) - IPC Server listener on 0: starting
2022-11-03 05:23:01,153 [org.apache.hadoop.util.JvmPauseMonitor$Monitor@45964b9e] INFO  util.JvmPauseMonitor (JvmPauseMonitor.java:run(188)) - Starting JVM pause monitor
2022-11-03 05:23:01,161 [Listener at 0.0.0.0/33617] INFO  http.BaseHttpServer (BaseHttpServer.java:newHttpServer2BuilderForOzone(213)) - Starting Web-server for scm at: http://0.0.0.0:0
2022-11-03 05:23:01,161 [Listener at 0.0.0.0/33617] INFO  http.BaseHttpServer (BaseHttpServer.java:<init>(108)) - Hadoop Security Enabled: false Ozone Security Enabled: false Ozone HTTP Security Enabled: false 
2022-11-03 05:23:01,184 [Listener at 0.0.0.0/33617] INFO  util.log (Log.java:initialized(170)) - Logging initialized @3892ms to org.eclipse.jetty.util.log.Slf4jLog
2022-11-03 05:23:01,278 [Listener at 0.0.0.0/33617] WARN  server.AuthenticationFilter (AuthenticationFilter.java:constructSecretProvider(240)) - Unable to initialize FileSignerSecretProvider, falling back to use random secrets. Reason: Could not read signature secret file: /home/runner/hadoop-http-auth-signature-secret
2022-11-03 05:23:01,284 [Listener at 0.0.0.0/33617] WARN  http.HttpRequestLog (HttpRequestLog.java:getRequestLog(103)) - Jetty request log can only be enabled using Log4j
2022-11-03 05:23:01,289 [Listener at 0.0.0.0/33617] INFO  http.HttpServer2 (HttpServer2.java:addGlobalFilter(1031)) - Added global filter 'safety' (class=org.apache.hadoop.hdds.server.http.HttpServer2$QuotingInputFilter)
2022-11-03 05:23:01,292 [Listener at 0.0.0.0/33617] INFO  http.HttpServer2 (HttpServer2.java:addFilter(1007)) - Added filter static_user_filter (class=org.apache.hadoop.http.lib.StaticUserWebFilter$StaticUserFilter) to context scm
2022-11-03 05:23:01,292 [Listener at 0.0.0.0/33617] INFO  http.HttpServer2 (HttpServer2.java:addFilter(1015)) - Added filter static_user_filter (class=org.apache.hadoop.http.lib.StaticUserWebFilter$StaticUserFilter) to context static
2022-11-03 05:23:01,292 [Listener at 0.0.0.0/33617] INFO  http.HttpServer2 (HttpServer2.java:addFilter(1015)) - Added filter static_user_filter (class=org.apache.hadoop.http.lib.StaticUserWebFilter$StaticUserFilter) to context logs
2022-11-03 05:23:01,326 [Listener at 0.0.0.0/33617] INFO  http.HttpServer2 (HttpServer2.java:bindListener(1250)) - Jetty bound to port 45591
2022-11-03 05:23:01,327 [Listener at 0.0.0.0/33617] INFO  server.Server (Server.java:doStart(375)) - jetty-9.4.49.v20220914; built: 2022-09-14T01:07:36.601Z; git: 4231a3b2e4cb8548a412a789936d640a97b1aa0a; jvm 1.8.0_345-b01
2022-11-03 05:23:01,356 [Listener at 0.0.0.0/33617] INFO  server.session (DefaultSessionIdManager.java:doStart(334)) - DefaultSessionIdManager workerName=node0
2022-11-03 05:23:01,356 [Listener at 0.0.0.0/33617] INFO  server.session (DefaultSessionIdManager.java:doStart(339)) - No SessionScavenger set, using defaults
2022-11-03 05:23:01,358 [Listener at 0.0.0.0/33617] INFO  server.session (HouseKeeper.java:startScavenging(132)) - node0 Scavenging every 600000ms
2022-11-03 05:23:01,369 [Listener at 0.0.0.0/33617] INFO  handler.ContextHandler (ContextHandler.java:doStart(921)) - Started o.e.j.s.ServletContextHandler@1d988297{logs,/logs,file:///home/runner/work/ozone/ozone/hadoop-ozone/integration-test/target/log,AVAILABLE}
2022-11-03 05:23:01,369 [Listener at 0.0.0.0/33617] INFO  handler.ContextHandler (ContextHandler.java:doStart(921)) - Started o.e.j.s.ServletContextHandler@7f839ec5{static,/static,file:///home/runner/work/ozone/ozone/hadoop-ozone/integration-test/target/test-classes/webapps/static,AVAILABLE}
2022-11-03 05:23:01,410 [Listener at 0.0.0.0/33617] INFO  handler.ContextHandler (ContextHandler.java:doStart(921)) - Started o.e.j.w.WebAppContext@3e563293{scm,/,file:///home/runner/work/ozone/ozone/hadoop-ozone/integration-test/target/test-classes/webapps/scm/,AVAILABLE}{file:/home/runner/work/ozone/ozone/hadoop-ozone/integration-test/target/test-classes/webapps/scm}
2022-11-03 05:23:01,418 [Listener at 0.0.0.0/33617] INFO  server.AbstractConnector (AbstractConnector.java:doStart(333)) - Started ServerConnector@4a3404fa{HTTP/1.1, (http/1.1)}{0.0.0.0:45591}
2022-11-03 05:23:01,418 [Listener at 0.0.0.0/33617] INFO  server.Server (Server.java:doStart(415)) - Started @4127ms
2022-11-03 05:23:01,420 [Listener at 0.0.0.0/33617] INFO  impl.MetricsSinkAdapter (MetricsSinkAdapter.java:start(204)) - Sink prometheus started
2022-11-03 05:23:01,420 [Listener at 0.0.0.0/33617] INFO  impl.MetricsSystemImpl (MetricsSystemImpl.java:registerSink(305)) - Registered sink prometheus
2022-11-03 05:23:01,421 [Listener at 0.0.0.0/33617] INFO  http.BaseHttpServer (BaseHttpServer.java:updateConnectorAddress(333)) - HTTP server of scm listening at http://0.0.0.0:45591
2022-11-03 05:23:01,423 [Listener at 0.0.0.0/33617] WARN  server.ServerUtils (ServerUtils.java:getDBPath(225)) - ozone.om.db.dirs is not configured. We recommend adding this setting. Falling back to ozone.metadata.dirs instead.
2022-11-03 05:23:01,476 [Listener at 0.0.0.0/33617] INFO  audit.AuditLogger (AuditLogger.java:refreshDebugCmdSet(126)) - Refresh DebugCmdSet for OMAudit to [].
2022-11-03 05:23:01,553 [Listener at 0.0.0.0/33617] INFO  ha.OMHANodeDetails (OMHANodeDetails.java:loadOMHAConfig(115)) - ozone.om.internal.service.id is not defined, falling back to ozone.om.service.ids to find serviceID for OzoneManager if it is HA enabled cluster
2022-11-03 05:23:01,557 [Listener at 0.0.0.0/33617] INFO  ha.OMHANodeDetails (OMHANodeDetails.java:loadOMHAConfig(226)) - Configuration does not have ozone.om.address set. Falling back to the default OM address /127.0.0.1:0
2022-11-03 05:23:01,557 [Listener at 0.0.0.0/33617] INFO  ha.OMHANodeDetails (OMHANodeDetails.java:getOMNodeDetailsForNonHA(254)) - OM Service ID is not set. Setting it to the default ID: omServiceIdDefault
2022-11-03 05:23:01,557 [Listener at 0.0.0.0/33617] INFO  ha.OMHANodeDetails (OMHANodeDetails.java:getOMNodeDetailsForNonHA(261)) - OM Node ID is not set. Setting it to the default ID: om1
2022-11-03 05:23:01,560 [Listener at 0.0.0.0/33617] WARN  server.ServerUtils (ServerUtils.java:getDBPath(225)) - ozone.om.db.dirs is not configured. We recommend adding this setting. Falling back to ozone.metadata.dirs instead.
2022-11-03 05:23:01,562 [Listener at 0.0.0.0/33617] INFO  upgrade.AbstractLayoutVersionManager (AbstractLayoutVersionManager.java:init(83)) - Initializing Layout version manager with metadata layout = MULTITENANCY_SCHEMA (version = 3), software layout = MULTITENANCY_SCHEMA (version = 3)
2022-11-03 05:23:01,657 [Listener at 0.0.0.0/33617] INFO  reflections.Reflections (Reflections.java:scan(232)) - Reflections took 91 ms to scan 2 urls, producing 154 keys and 428 values [using 2 cores]
2022-11-03 05:23:01,661 [Listener at 0.0.0.0/33617] INFO  upgrade.OMLayoutVersionManager (OMLayoutVersionManager.java:lambda$0(115)) - Skipping Upgrade Action MockOmUpgradeAction since it has been finalized.
2022-11-03 05:23:01,662 [Listener at 0.0.0.0/33617] WARN  server.ServerUtils (ServerUtils.java:getDBPath(225)) - ozone.om.db.dirs is not configured. We recommend adding this setting. Falling back to ozone.metadata.dirs instead.
2022-11-03 05:23:01,811 [Listener at 0.0.0.0/33617] INFO  proxy.SCMBlockLocationFailoverProxyProvider (SCMBlockLocationFailoverProxyProvider.java:<init>(114)) - Created block location fail-over proxy with 1 nodes: [nodeId=scmNodeId,nodeAddress=/0.0.0.0:38821]
2022-11-03 05:23:01,839 [Listener at 0.0.0.0/33617] INFO  proxy.SCMBlockLocationFailoverProxyProvider (SCMBlockLocationFailoverProxyProvider.java:<init>(114)) - Created block location fail-over proxy with 1 nodes: [nodeId=scmNodeId,nodeAddress=/0.0.0.0:38821]
2022-11-03 05:23:02,036 [Listener at 0.0.0.0/33617] WARN  server.ServerUtils (ServerUtils.java:getDBPath(225)) - ozone.om.db.dirs is not configured. We recommend adding this setting. Falling back to ozone.metadata.dirs instead.
2022-11-03 05:23:02,043 [Listener at 0.0.0.0/33617] INFO  codec.OmKeyInfoCodec (OmKeyInfoCodec.java:<init>(49)) - OmKeyInfoCodec ignorePipeline = true
2022-11-03 05:23:02,044 [Listener at 0.0.0.0/33617] INFO  codec.RepeatedOmKeyInfoCodec (RepeatedOmKeyInfoCodec.java:<init>(41)) - RepeatedOmKeyInfoCodec ignorePipeline = true
2022-11-03 05:23:02,202 [Listener at 0.0.0.0/33617] INFO  om.OzoneManager (OzoneManager.java:instantiateServices(715)) - S3 Multi-Tenancy is disabled
2022-11-03 05:23:02,289 [Listener at 0.0.0.0/33617] INFO  om.OzoneManager (OzoneManager.java:addS3GVolumeToDB(4395)) - Created Volume s3v With Owner runner required for S3Gateway operations.
2022-11-03 05:23:02,340 [Listener at 0.0.0.0/33617] WARN  server.ServerUtils (ServerUtils.java:getDefaultRatisDirectory(237)) - Storage directory for Ratis is not configured. It is a good idea to map this to an SSD disk. Falling back to ozone.metadata.dirs
2022-11-03 05:23:02,340 [Listener at 0.0.0.0/33617] WARN  utils.OzoneManagerRatisUtils (OzoneManagerRatisUtils.java:getOMRatisSnapshotDirectory(434)) - ozone.om.ratis.snapshot.dir is not configured. Falling back to ozone.metadata.dirs config
2022-11-03 05:23:02,359 [Listener at 0.0.0.0/33617] WARN  server.ServerUtils (ServerUtils.java:getDefaultRatisDirectory(237)) - Storage directory for Ratis is not configured. It is a good idea to map this to an SSD disk. Falling back to ozone.metadata.dirs
2022-11-03 05:23:02,383 [Listener at 0.0.0.0/33617] INFO  ratis.OzoneManagerRatisServer (OzoneManagerRatisServer.java:<init>(160)) - Instantiating OM Ratis server with groupID: omServiceIdDefault and peers: localhost:9872
2022-11-03 05:23:02,391 [Listener at 0.0.0.0/33617] INFO  ratis.OzoneManagerStateMachine (OzoneManagerStateMachine.java:loadSnapshotInfoFromDB(636)) - LastAppliedIndex is set from TransactionInfo from OM DB as (t:0, i:~)
2022-11-03 05:23:02,436 [Listener at 0.0.0.0/33617] INFO  server.RaftServer (ConfUtils.java:logGet(46)) - raft.rpc.type = GRPC (default)
2022-11-03 05:23:02,511 [Listener at 0.0.0.0/33617] INFO  grpc.GrpcConfigKeys (ConfUtils.java:logFallback(53)) - raft.grpc.admin.host = null (fallback to raft.grpc.server.host)
2022-11-03 05:23:02,512 [Listener at 0.0.0.0/33617] INFO  grpc.GrpcConfigKeys (ConfUtils.java:logFallback(53)) - raft.grpc.admin.port = 9872 (fallback to raft.grpc.server.port)
2022-11-03 05:23:02,513 [Listener at 0.0.0.0/33617] INFO  grpc.GrpcConfigKeys (ConfUtils.java:logFallback(53)) - raft.grpc.client.host = null (fallback to raft.grpc.server.host)
2022-11-03 05:23:02,513 [Listener at 0.0.0.0/33617] INFO  grpc.GrpcConfigKeys (ConfUtils.java:logFallback(53)) - raft.grpc.client.port = 9872 (fallback to raft.grpc.server.port)
2022-11-03 05:23:02,513 [Listener at 0.0.0.0/33617] INFO  grpc.GrpcConfigKeys (ConfUtils.java:logGet(46)) - raft.grpc.server.host = null (default)
2022-11-03 05:23:02,514 [Listener at 0.0.0.0/33617] INFO  grpc.GrpcConfigKeys (ConfUtils.java:logGet(46)) - raft.grpc.server.port = 9872 (custom)
2022-11-03 05:23:02,514 [Listener at 0.0.0.0/33617] INFO  server.GrpcService (ConfUtils.java:logGet(46)) - raft.grpc.message.size.max = 33554432 (custom)
2022-11-03 05:23:02,515 [Listener at 0.0.0.0/33617] INFO  server.RaftServerConfigKeys (ConfUtils.java:logGet(46)) - raft.server.log.appender.buffer.byte-limit = 33554432 (custom)
2022-11-03 05:23:02,515 [Listener at 0.0.0.0/33617] INFO  server.GrpcService (ConfUtils.java:logGet(46)) - raft.grpc.flow.control.window = 1MB (=1048576) (default)
2022-11-03 05:23:02,516 [Listener at 0.0.0.0/33617] INFO  server.RaftServerConfigKeys (ConfUtils.java:logGet(46)) - raft.server.rpc.request.timeout = 3000ms (default)
2022-11-03 05:23:02,529 [Listener at 0.0.0.0/33617] INFO  grpc.GrpcConfigKeys (ConfUtils.java:logGet(46)) - raft.grpc.server.heartbeat.channel = true (default)
2022-11-03 05:23:02,531 [Listener at 0.0.0.0/33617] INFO  grpc.GrpcConfigKeys (ConfUtils.java:logGet(46)) - raft.grpc.server.async.request.thread.pool.cached = true (default)
2022-11-03 05:23:02,531 [Listener at 0.0.0.0/33617] INFO  grpc.GrpcConfigKeys (ConfUtils.java:logGet(46)) - raft.grpc.server.async.request.thread.pool.size = 32 (default)
2022-11-03 05:23:02,788 [Listener at 0.0.0.0/33617] INFO  impl.DataStreamServerImpl (ConfUtils.java:logGet(46)) - raft.datastream.type = DISABLED (default)
2022-11-03 05:23:02,791 [Listener at 0.0.0.0/33617] INFO  server.RaftServerConfigKeys (ConfUtils.java:logGet(46)) - raft.server.threadpool.proxy.cached = true (default)
2022-11-03 05:23:02,791 [Listener at 0.0.0.0/33617] INFO  server.RaftServerConfigKeys (ConfUtils.java:logGet(46)) - raft.server.threadpool.proxy.size = 0 (default)
2022-11-03 05:23:02,792 [Listener at 0.0.0.0/33617] INFO  server.RaftServerConfigKeys (ConfUtils.java:logGet(46)) - raft.server.rpc.slowness.timeout = 120s (custom)
2022-11-03 05:23:02,792 [Listener at 0.0.0.0/33617] INFO  server.RaftServerConfigKeys (ConfUtils.java:logGet(46)) - raft.server.leaderelection.leader.step-down.wait-time = 10s (default)
2022-11-03 05:23:02,795 [Listener at 0.0.0.0/33617] INFO  server.RaftServerConfigKeys (ConfUtils.java:logGet(46)) - raft.server.storage.dir = [/home/runner/work/ozone/ozone/hadoop-ozone/integration-test/target/test-dir/MiniOzoneClusterImpl-a947a097-fc53-45d1-b902-fe1272537128/ozone-meta/ratis] (custom)
2022-11-03 05:23:02,803 [Listener at 0.0.0.0/33617] INFO  server.RaftServer (RaftServerProxy.java:addNew(96)) - om1: addNew group-C5BA1605619E:[om1|rpc:localhost:9872|priority:0|startupRole:FOLLOWER] returns group-C5BA1605619E:java.util.concurrent.CompletableFuture@23497000[Not completed]
2022-11-03 05:23:02,803 [Listener at 0.0.0.0/33617] INFO  om.OzoneManager (OzoneManager.java:initializeRatisServer(1978)) - OzoneManager Ratis server initialized at port 9872
2022-11-03 05:23:02,813 [Listener at 0.0.0.0/33617] INFO  om.OzoneManager (OzoneManager.java:getRpcServer(1104)) - Creating RPC Server
2022-11-03 05:23:02,836 [pool-55-thread-1] INFO  server.RaftServer$Division (RaftServerImpl.java:<init>(195)) - om1: new RaftServerImpl for group-C5BA1605619E:[om1|rpc:localhost:9872|priority:0|startupRole:FOLLOWER] with OzoneManagerStateMachine:uninitialized
2022-11-03 05:23:02,838 [pool-55-thread-1] INFO  server.RaftServerConfigKeys (ConfUtils.java:logGet(46)) - raft.server.rpc.timeout.min = 1s (custom)
2022-11-03 05:23:02,839 [pool-55-thread-1] INFO  server.RaftServerConfigKeys (ConfUtils.java:logGet(46)) - raft.server.rpc.timeout.max = 1200ms (custom)
2022-11-03 05:23:02,839 [pool-55-thread-1] INFO  server.RaftServerConfigKeys (ConfUtils.java:logGet(46)) - raft.server.rpc.sleep.time = 25ms (default)
2022-11-03 05:23:02,839 [pool-55-thread-1] INFO  server.RaftServerConfigKeys (ConfUtils.java:logGet(46)) - raft.server.rpc.slowness.timeout = 120s (custom)
2022-11-03 05:23:02,839 [pool-55-thread-1] INFO  server.RaftServerConfigKeys (ConfUtils.java:logGet(46)) - raft.server.leaderelection.leader.step-down.wait-time = 10s (default)
2022-11-03 05:23:02,839 [pool-55-thread-1] INFO  server.RaftServerConfigKeys (ConfUtils.java:logGet(46)) - raft.server.sleep.deviation.threshold = 300ms (default)
2022-11-03 05:23:02,853 [pool-55-thread-1] INFO  server.RaftServer$Division (ServerState.java:<init>(118)) - om1@group-C5BA1605619E: ConfigurationManager, init=-1: peers:[om1|rpc:localhost:9872|priority:0|startupRole:FOLLOWER]|listeners:[], old=null, confs=<EMPTY_MAP>
2022-11-03 05:23:02,853 [pool-55-thread-1] INFO  server.RaftServerConfigKeys (ConfUtils.java:logGet(46)) - raft.server.storage.dir = [/home/runner/work/ozone/ozone/hadoop-ozone/integration-test/target/test-dir/MiniOzoneClusterImpl-a947a097-fc53-45d1-b902-fe1272537128/ozone-meta/ratis] (custom)
2022-11-03 05:23:02,863 [pool-55-thread-1] INFO  server.RaftServerConfigKeys (ConfUtils.java:logGet(46)) - raft.server.log.corruption.policy = EXCEPTION (default)
2022-11-03 05:23:02,863 [pool-55-thread-1] INFO  server.RaftServerConfigKeys (ConfUtils.java:logGet(46)) - raft.server.storage.free-space.min = 0MB (=0) (default)
2022-11-03 05:23:02,875 [pool-55-thread-1] INFO  server.RaftServerConfigKeys (ConfUtils.java:logGet(46)) - raft.server.notification.no-leader.timeout = 120s (custom)
2022-11-03 05:23:02,878 [pool-55-thread-1] INFO  server.RaftServerConfigKeys (ConfUtils.java:logGet(46)) - raft.server.retrycache.expirytime = 300s (custom)
2022-11-03 05:23:02,878 [pool-55-thread-1] INFO  server.RaftServerConfigKeys (ConfUtils.java:logGet(46)) - raft.server.retrycache.statistics.expirytime = 100μs (default)
2022-11-03 05:23:03,018 [pool-55-thread-1] INFO  server.RaftServerConfigKeys (ConfUtils.java:logGet(46)) - raft.server.log.appender.install.snapshot.enabled = false (custom)
2022-11-03 05:23:03,018 [pool-55-thread-1] INFO  server.RaftServerConfigKeys (ConfUtils.java:logGet(46)) - raft.server.threadpool.server.cached = true (default)
2022-11-03 05:23:03,018 [pool-55-thread-1] INFO  server.RaftServerConfigKeys (ConfUtils.java:logGet(46)) - raft.server.threadpool.server.size = 0 (default)
2022-11-03 05:23:03,019 [pool-55-thread-1] INFO  server.RaftServerConfigKeys (ConfUtils.java:logGet(46)) - raft.server.threadpool.client.cached = true (default)
2022-11-03 05:23:03,019 [pool-55-thread-1] INFO  server.RaftServerConfigKeys (ConfUtils.java:logGet(46)) - raft.server.threadpool.client.size = 0 (default)
2022-11-03 05:23:03,604 [Listener at 0.0.0.0/33617] INFO  reflections.Reflections (Reflections.java:scan(232)) - Reflections took 716 ms to scan 19 urls, producing 67 keys and 4311 values [using 2 cores]
2022-11-03 05:23:03,762 [Listener at 0.0.0.0/33617] INFO  ipc.CallQueueManager (CallQueueManager.java:<init>(90)) - Using callQueue: class java.util.concurrent.LinkedBlockingQueue, queueCapacity: 2000, scheduler: class org.apache.hadoop.ipc.DefaultRpcScheduler, ipcBackoff: false.
2022-11-03 05:23:03,764 [Socket Reader #1 for port 0] INFO  ipc.Server (Server.java:run(1273)) - Starting Socket Reader #1 for port 0
2022-11-03 05:23:03,807 [Listener at 127.0.0.1/40235] INFO  impl.MetricsSystemImpl (MetricsSystemImpl.java:init(158)) - OzoneManager metrics system started (again)
2022-11-03 05:23:03,819 [Listener at 127.0.0.1/40235] INFO  om.OzoneManager (OzoneManager.java:start(1485)) - OzoneManager RPC server is listening at localhost/127.0.0.1:40235
2022-11-03 05:23:03,819 [Listener at 127.0.0.1/40235] INFO  ratis.OzoneManagerRatisServer (OzoneManagerRatisServer.java:start(555)) - Starting OzoneManagerRatisServer om1 at port 9872
2022-11-03 05:23:03,822 [om1-impl-thread1] INFO  storage.RaftStorageDirectory (RaftStorageDirectoryImpl.java:analyzeStorage(137)) - The storage directory /home/runner/work/ozone/ozone/hadoop-ozone/integration-test/target/test-dir/MiniOzoneClusterImpl-a947a097-fc53-45d1-b902-fe1272537128/ozone-meta/ratis/bf265839-605b-3f16-9796-c5ba1605619e does not exist. Creating ...
2022-11-03 05:23:03,827 [om1-impl-thread1] INFO  storage.RaftStorageDirectory (RaftStorageDirectoryImpl.java:tryLock(231)) - Lock on /home/runner/work/ozone/ozone/hadoop-ozone/integration-test/target/test-dir/MiniOzoneClusterImpl-a947a097-fc53-45d1-b902-fe1272537128/ozone-meta/ratis/bf265839-605b-3f16-9796-c5ba1605619e/in_use.lock acquired by nodename 14756@fv-az119-847
2022-11-03 05:23:03,833 [om1-impl-thread1] INFO  storage.RaftStorage (RaftStorageImpl.java:format(96)) - Storage directory /home/runner/work/ozone/ozone/hadoop-ozone/integration-test/target/test-dir/MiniOzoneClusterImpl-a947a097-fc53-45d1-b902-fe1272537128/ozone-meta/ratis/bf265839-605b-3f16-9796-c5ba1605619e has been successfully formatted.
2022-11-03 05:23:03,835 [om1-impl-thread1] INFO  server.RaftServerConfigKeys (ConfUtils.java:logGet(46)) - raft.server.log.use.memory = false (default)
2022-11-03 05:23:03,844 [om1-impl-thread1] INFO  server.RaftServerConfigKeys (ConfUtils.java:logGet(46)) - raft.server.log.purge.gap = 1000000 (custom)
2022-11-03 05:23:03,844 [om1-impl-thread1] INFO  server.RaftServerConfigKeys (ConfUtils.java:logGet(46)) - raft.server.log.appender.buffer.byte-limit = 33554432 (custom)
2022-11-03 05:23:03,847 [om1-impl-thread1] INFO  server.RaftServerConfigKeys (ConfUtils.java:logGet(46)) - raft.server.log.statemachine.data.read.timeout = 1000ms (default)
2022-11-03 05:23:03,850 [om1-impl-thread1] INFO  server.RaftServerConfigKeys (ConfUtils.java:logGet(46)) - raft.server.log.purge.preservation.log.num = 0 (default)
2022-11-03 05:23:03,853 [om1-impl-thread1] INFO  server.RaftServerConfigKeys (ConfUtils.java:logGet(46)) - raft.server.log.segment.size.max = 4194304 (custom)
2022-11-03 05:23:03,973 [om1-impl-thread1] INFO  server.RaftServerConfigKeys (ConfUtils.java:logGet(46)) - raft.server.log.segment.cache.num.max = 2 (custom)
2022-11-03 05:23:03,979 [om1-impl-thread1] INFO  server.RaftServerConfigKeys (ConfUtils.java:logGet(46)) - raft.server.log.segment.cache.size.max = 200MB (=209715200) (default)
2022-11-03 05:23:03,986 [om1-impl-thread1] INFO  segmented.SegmentedRaftLogWorker (SegmentedRaftLogWorker.java:<init>(191)) - new om1@group-C5BA1605619E-SegmentedRaftLogWorker for RaftStorageImpl:Storage Directory /home/runner/work/ozone/ozone/hadoop-ozone/integration-test/target/test-dir/MiniOzoneClusterImpl-a947a097-fc53-45d1-b902-fe1272537128/ozone-meta/ratis/bf265839-605b-3f16-9796-c5ba1605619e
2022-11-03 05:23:03,986 [om1-impl-thread1] INFO  server.RaftServerConfigKeys (ConfUtils.java:logGet(46)) - raft.server.log.queue.byte-limit = 64MB (=67108864) (default)
2022-11-03 05:23:03,986 [om1-impl-thread1] INFO  server.RaftServerConfigKeys (ConfUtils.java:logGet(46)) - raft.server.log.queue.element-limit = 4096 (default)
2022-11-03 05:23:03,987 [om1-impl-thread1] INFO  server.RaftServerConfigKeys (ConfUtils.java:logGet(46)) - raft.server.log.segment.size.max = 4194304 (custom)
2022-11-03 05:23:03,988 [om1-impl-thread1] INFO  server.RaftServerConfigKeys (ConfUtils.java:logGet(46)) - raft.server.log.preallocated.size = 4194304 (custom)
2022-11-03 05:23:03,988 [om1-impl-thread1] INFO  server.RaftServerConfigKeys (ConfUtils.java:logGet(46)) - raft.server.log.force.sync.num = 128 (default)
2022-11-03 05:23:03,989 [om1-impl-thread1] INFO  server.RaftServerConfigKeys (ConfUtils.java:logGet(46)) - raft.server.log.statemachine.data.sync = true (default)
2022-11-03 05:23:03,989 [om1-impl-thread1] INFO  server.RaftServerConfigKeys (ConfUtils.java:logGet(46)) - raft.server.log.statemachine.data.sync.timeout = 10s (default)
2022-11-03 05:23:03,989 [om1-impl-thread1] INFO  server.RaftServerConfigKeys (ConfUtils.java:logGet(46)) - raft.server.log.statemachine.data.sync.timeout.retry = -1 (default)
2022-11-03 05:23:03,997 [om1-impl-thread1] INFO  server.RaftServerConfigKeys (ConfUtils.java:logGet(46)) - raft.server.log.write.buffer.size = 64KB (=65536) (default)
2022-11-03 05:23:03,997 [om1-impl-thread1] INFO  server.RaftServerConfigKeys (ConfUtils.java:logGet(46)) - raft.server.log.unsafe-flush.enabled = false (default)
2022-11-03 05:23:03,997 [om1-impl-thread1] INFO  server.RaftServerConfigKeys (ConfUtils.java:logGet(46)) - raft.server.log.async-flush.enabled = false (default)
2022-11-03 05:23:03,997 [om1-impl-thread1] INFO  server.RaftServerConfigKeys (ConfUtils.java:logGet(46)) - raft.server.log.statemachine.data.caching.enabled = false (default)
2022-11-03 05:23:04,003 [om1-impl-thread1] INFO  segmented.SegmentedRaftLogWorker (SegmentedRaftLogWorker.java:lambda$new$0(136)) - om1@group-C5BA1605619E-SegmentedRaftLogWorker: flushIndex: setUnconditionally 0 -> -1
2022-11-03 05:23:04,003 [om1-impl-thread1] INFO  segmented.SegmentedRaftLogWorker (SegmentedRaftLogWorker.java:lambda$new$0(136)) - om1@group-C5BA1605619E-SegmentedRaftLogWorker: safeCacheEvictIndex: setUnconditionally 0 -> -1
2022-11-03 05:23:04,005 [om1-impl-thread1] INFO  server.RaftServer$Division (RaftServerImpl.java:start(334)) - om1@group-C5BA1605619E: start as a follower, conf=-1: peers:[om1|rpc:localhost:9872|priority:0|startupRole:FOLLOWER]|listeners:[], old=null
2022-11-03 05:23:04,005 [om1-impl-thread1] INFO  server.RaftServer$Division (RaftServerImpl.java:setRole(321)) - om1@group-C5BA1605619E: changes role from      null to FOLLOWER at term 0 for startAsFollower
2022-11-03 05:23:04,007 [om1-impl-thread1] INFO  impl.RoleInfo (RoleInfo.java:updateAndGet(139)) - om1: start om1@group-C5BA1605619E-FollowerState
2022-11-03 05:23:04,008 [om1-impl-thread1] INFO  util.JmxRegister (JmxRegister.java:tryRegister(44)) - Successfully registered JMX Bean with object name Ratis:service=RaftServer,group=group-C5BA1605619E,id=om1
2022-11-03 05:23:04,009 [om1-impl-thread1] INFO  server.RaftServerConfigKeys (ConfUtils.java:logGet(46)) - raft.server.snapshot.auto.trigger.enabled = true (custom)
2022-11-03 05:23:04,009 [om1-impl-thread1] INFO  server.RaftServerConfigKeys (ConfUtils.java:logGet(46)) - raft.server.snapshot.auto.trigger.threshold = 400000 (default)
2022-11-03 05:23:04,010 [om1-impl-thread1] INFO  server.RaftServerConfigKeys (ConfUtils.java:logGet(46)) - raft.server.snapshot.retention.file.num = -1 (default)
2022-11-03 05:23:04,010 [om1-impl-thread1] INFO  server.RaftServerConfigKeys (ConfUtils.java:logGet(46)) - raft.server.log.purge.upto.snapshot.index = true (custom)
2022-11-03 05:23:04,013 [om1@group-C5BA1605619E-FollowerState] INFO  server.RaftServerConfigKeys (ConfUtils.java:logFallback(53)) - raft.server.rpc.first-election.timeout.min = 1s (fallback to raft.server.rpc.timeout.min)
2022-11-03 05:23:04,013 [om1@group-C5BA1605619E-FollowerState] INFO  server.RaftServerConfigKeys (ConfUtils.java:logFallback(53)) - raft.server.rpc.first-election.timeout.max = 1200ms (fallback to raft.server.rpc.timeout.max)
2022-11-03 05:23:04,016 [Listener at 127.0.0.1/40235] INFO  server.RaftServer (RaftServerProxy.java:startImpl(393)) - om1: start RPC server
2022-11-03 05:23:04,071 [Listener at 127.0.0.1/40235] INFO  server.GrpcService (GrpcService.java:startImpl(270)) - om1: GrpcService started, listening on 9872
2022-11-03 05:23:04,072 [Listener at 127.0.0.1/40235] INFO  om.OzoneManager (OzoneManager.java:start(1501)) - Version File has different layout version (3) than OM DB (null). That is expected if this OM has never been finalized to a newer layout version.
2022-11-03 05:23:04,074 [JvmPauseMonitor0] INFO  util.JvmPauseMonitor (JvmPauseMonitor.java:run(105)) - JvmPauseMonitor-om1: Started
2022-11-03 05:23:04,085 [Listener at 127.0.0.1/40235] INFO  http.BaseHttpServer (BaseHttpServer.java:newHttpServer2BuilderForOzone(213)) - Starting Web-server for ozoneManager at: http://0.0.0.0:0
2022-11-03 05:23:04,085 [Listener at 127.0.0.1/40235] INFO  http.BaseHttpServer (BaseHttpServer.java:<init>(108)) - Hadoop Security Enabled: false Ozone Security Enabled: false Ozone HTTP Security Enabled: false 
2022-11-03 05:23:04,089 [Listener at 127.0.0.1/40235] WARN  server.AuthenticationFilter (AuthenticationFilter.java:constructSecretProvider(240)) - Unable to initialize FileSignerSecretProvider, falling back to use random secrets. Reason: Could not read signature secret file: /home/runner/hadoop-http-auth-signature-secret
2022-11-03 05:23:04,095 [Listener at 127.0.0.1/40235] WARN  http.HttpRequestLog (HttpRequestLog.java:getRequestLog(103)) - Jetty request log can only be enabled using Log4j
2022-11-03 05:23:04,096 [Listener at 127.0.0.1/40235] INFO  http.HttpServer2 (HttpServer2.java:addGlobalFilter(1031)) - Added global filter 'safety' (class=org.apache.hadoop.hdds.server.http.HttpServer2$QuotingInputFilter)
2022-11-03 05:23:04,097 [Listener at 127.0.0.1/40235] INFO  http.HttpServer2 (HttpServer2.java:addFilter(1007)) - Added filter static_user_filter (class=org.apache.hadoop.http.lib.StaticUserWebFilter$StaticUserFilter) to context ozoneManager
2022-11-03 05:23:04,099 [Listener at 127.0.0.1/40235] INFO  http.HttpServer2 (HttpServer2.java:addFilter(1015)) - Added filter static_user_filter (class=org.apache.hadoop.http.lib.StaticUserWebFilter$StaticUserFilter) to context logs
2022-11-03 05:23:04,099 [Listener at 127.0.0.1/40235] INFO  http.HttpServer2 (HttpServer2.java:addFilter(1015)) - Added filter static_user_filter (class=org.apache.hadoop.http.lib.StaticUserWebFilter$StaticUserFilter) to context static
2022-11-03 05:23:04,101 [Listener at 127.0.0.1/40235] INFO  http.HttpServer2 (HttpServer2.java:bindListener(1250)) - Jetty bound to port 35557
2022-11-03 05:23:04,101 [Listener at 127.0.0.1/40235] INFO  server.Server (Server.java:doStart(375)) - jetty-9.4.49.v20220914; built: 2022-09-14T01:07:36.601Z; git: 4231a3b2e4cb8548a412a789936d640a97b1aa0a; jvm 1.8.0_345-b01
2022-11-03 05:23:04,120 [Listener at 127.0.0.1/40235] INFO  server.session (DefaultSessionIdManager.java:doStart(334)) - DefaultSessionIdManager workerName=node0
2022-11-03 05:23:04,120 [Listener at 127.0.0.1/40235] INFO  server.session (DefaultSessionIdManager.java:doStart(339)) - No SessionScavenger set, using defaults
2022-11-03 05:23:04,120 [Listener at 127.0.0.1/40235] INFO  server.session (HouseKeeper.java:startScavenging(132)) - node0 Scavenging every 660000ms
2022-11-03 05:23:04,121 [Listener at 127.0.0.1/40235] INFO  handler.ContextHandler (ContextHandler.java:doStart(921)) - Started o.e.j.s.ServletContextHandler@5afe1da5{logs,/logs,file:///home/runner/work/ozone/ozone/hadoop-ozone/integration-test/target/log,AVAILABLE}
2022-11-03 05:23:04,122 [Listener at 127.0.0.1/40235] INFO  handler.ContextHandler (ContextHandler.java:doStart(921)) - Started o.e.j.s.ServletContextHandler@eebbe46{static,/static,file:///home/runner/work/ozone/ozone/hadoop-ozone/integration-test/target/test-classes/webapps/static,AVAILABLE}
2022-11-03 05:23:04,125 [Listener at 127.0.0.1/40235] INFO  handler.ContextHandler (ContextHandler.java:doStart(921)) - Started o.e.j.w.WebAppContext@2b0bd16b{ozoneManager,/,file:///home/runner/work/ozone/ozone/hadoop-ozone/integration-test/target/test-classes/webapps/ozoneManager/,AVAILABLE}{file:/home/runner/work/ozone/ozone/hadoop-ozone/integration-test/target/test-classes/webapps/ozoneManager}
2022-11-03 05:23:04,127 [Listener at 127.0.0.1/40235] INFO  server.AbstractConnector (AbstractConnector.java:doStart(333)) - Started ServerConnector@225bc6d6{HTTP/1.1, (http/1.1)}{0.0.0.0:35557}
2022-11-03 05:23:04,127 [Listener at 127.0.0.1/40235] INFO  server.Server (Server.java:doStart(415)) - Started @6835ms
2022-11-03 05:23:04,127 [Listener at 127.0.0.1/40235] WARN  impl.MetricsSystemImpl (MetricsSystemImpl.java:register(279)) - Sink prometheus already exists!
2022-11-03 05:23:04,128 [Listener at 127.0.0.1/40235] INFO  http.BaseHttpServer (BaseHttpServer.java:updateConnectorAddress(333)) - HTTP server of ozoneManager listening at http://0.0.0.0:35557
2022-11-03 05:23:04,136 [IPC Server Responder] INFO  ipc.Server (Server.java:run(1512)) - IPC Server Responder: starting
2022-11-03 05:23:04,136 [IPC Server listener on 0] INFO  ipc.Server (Server.java:run(1352)) - IPC Server listener on 0: starting
2022-11-03 05:23:04,145 [Listener at 127.0.0.1/40235] INFO  om.OzoneManager (OzoneManager.java:startTrashEmptier(1922)) - Trash Interval set to 0. Files deleted won't move to trash
2022-11-03 05:23:04,158 [org.apache.hadoop.util.JvmPauseMonitor$Monitor@3beebe0f] INFO  util.JvmPauseMonitor (JvmPauseMonitor.java:run(188)) - Starting JVM pause monitor
2022-11-03 05:23:04,294 [Listener at 127.0.0.1/40235] WARN  impl.MetricRegistriesImpl (MetricRegistriesImpl.java:addReporterRegistration(111)) - New reporters are added after registries were created. Some metrics will be missing from the reporter. Please add reporter before adding any new registry.
2022-11-03 05:23:04,295 [Listener at 127.0.0.1/40235] WARN  impl.MetricRegistriesImpl (MetricRegistriesImpl.java:addReporterRegistration(111)) - New reporters are added after registries were created. Some metrics will be missing from the reporter. Please add reporter before adding any new registry.
2022-11-03 05:23:04,295 [Listener at 127.0.0.1/40235] INFO  impl.MetricsSystemImpl (MetricsSystemImpl.java:init(158)) - HddsDatanode metrics system started (again)
2022-11-03 05:23:04,309 [Listener at 127.0.0.1/40235] INFO  ozone.HddsDatanodeService (HddsDatanodeService.java:start(236)) - HddsDatanodeService host:fv-az119-847.ca0t41jjrjaujd4nublazzptxb.cx.internal.cloudapp.net ip:10.1.1.42
2022-11-03 05:23:04,336 [Listener at 127.0.0.1/40235] INFO  upgrade.AbstractLayoutVersionManager (AbstractLayoutVersionManager.java:init(83)) - Initializing Layout version manager with metadata layout = DATANODE_SCHEMA_V3 (version = 4), software layout = DATANODE_SCHEMA_V3 (version = 4)
2022-11-03 05:23:04,383 [Listener at 127.0.0.1/40235] INFO  reflections.Reflections (Reflections.java:scan(232)) - Reflections took 46 ms to scan 7 urls, producing 139 keys and 336 values 
2022-11-03 05:23:04,386 [Listener at 127.0.0.1/40235] INFO  statemachine.DatanodeStateMachine (DatanodeStateMachine.java:getEndPointTaskThreadPoolSize(245)) - Datanode State Machine Task Thread Pool size 2
2022-11-03 05:23:04,439 [Listener at 127.0.0.1/40235] INFO  volume.HddsVolume (HddsVolume.java:<init>(117)) - Creating HddsVolume: /home/runner/work/ozone/ozone/hadoop-ozone/integration-test/target/test-dir/MiniOzoneClusterImpl-a947a097-fc53-45d1-b902-fe1272537128/datanode-0/data-0/containers/hdds of storage type : DISK capacity : 9223372036854775807
2022-11-03 05:23:04,441 [Listener at 127.0.0.1/40235] INFO  volume.MutableVolumeSet (MutableVolumeSet.java:initializeVolumeSet(174)) - Added Volume : /home/runner/work/ozone/ozone/hadoop-ozone/integration-test/target/test-dir/MiniOzoneClusterImpl-a947a097-fc53-45d1-b902-fe1272537128/datanode-0/data-0/containers/hdds to VolumeSet
2022-11-03 05:23:04,442 [Listener at 127.0.0.1/40235] INFO  volume.ThrottledAsyncChecker (ThrottledAsyncChecker.java:schedule(141)) - Scheduling a check for /home/runner/work/ozone/ozone/hadoop-ozone/integration-test/target/test-dir/MiniOzoneClusterImpl-a947a097-fc53-45d1-b902-fe1272537128/datanode-0/data-0/containers/hdds
2022-11-03 05:23:04,453 [Listener at 127.0.0.1/40235] INFO  volume.StorageVolumeChecker (StorageVolumeChecker.java:checkAllVolumes(202)) - Scheduled health check for volume /home/runner/work/ozone/ozone/hadoop-ozone/integration-test/target/test-dir/MiniOzoneClusterImpl-a947a097-fc53-45d1-b902-fe1272537128/datanode-0/data-0/containers/hdds
2022-11-03 05:23:04,478 [Listener at 127.0.0.1/40235] INFO  volume.MutableVolumeSet (MutableVolumeSet.java:initializeVolumeSet(174)) - Added Volume : /home/runner/work/ozone/ozone/hadoop-ozone/integration-test/target/test-dir/MiniOzoneClusterImpl-a947a097-fc53-45d1-b902-fe1272537128/datanode-0/data/ratis to VolumeSet
2022-11-03 05:23:04,479 [Listener at 127.0.0.1/40235] INFO  volume.ThrottledAsyncChecker (ThrottledAsyncChecker.java:schedule(141)) - Scheduling a check for /home/runner/work/ozone/ozone/hadoop-ozone/integration-test/target/test-dir/MiniOzoneClusterImpl-a947a097-fc53-45d1-b902-fe1272537128/datanode-0/data/ratis
2022-11-03 05:23:04,479 [Listener at 127.0.0.1/40235] INFO  volume.StorageVolumeChecker (StorageVolumeChecker.java:checkAllVolumes(202)) - Scheduled health check for volume /home/runner/work/ozone/ozone/hadoop-ozone/integration-test/target/test-dir/MiniOzoneClusterImpl-a947a097-fc53-45d1-b902-fe1272537128/datanode-0/data/ratis
2022-11-03 05:23:04,512 [Thread-136] INFO  ozoneimpl.ContainerReader (ContainerReader.java:readVolume(175)) - Finish verifying containers on volume /home/runner/work/ozone/ozone/hadoop-ozone/integration-test/target/test-dir/MiniOzoneClusterImpl-a947a097-fc53-45d1-b902-fe1272537128/datanode-0/data-0/containers/hdds
2022-11-03 05:23:04,513 [Listener at 127.0.0.1/40235] INFO  ozoneimpl.OzoneContainer (OzoneContainer.java:buildContainerSet(300)) - Build ContainerSet costs 0s
2022-11-03 05:23:04,557 [Listener at 127.0.0.1/40235] INFO  audit.AuditLogger (AuditLogger.java:refreshDebugCmdSet(126)) - Refresh DebugCmdSet for DNAudit to [].
2022-11-03 05:23:04,583 [Listener at 127.0.0.1/40235] INFO  server.RaftServer (ConfUtils.java:logGet(46)) - raft.rpc.type = GRPC (default)
2022-11-03 05:23:04,583 [Listener at 127.0.0.1/40235] INFO  grpc.GrpcConfigKeys (ConfUtils.java:logFallback(53)) - raft.grpc.admin.host = null (fallback to raft.grpc.server.host)
2022-11-03 05:23:04,583 [Listener at 127.0.0.1/40235] INFO  grpc.GrpcConfigKeys (ConfUtils.java:logGet(46)) - raft.grpc.admin.port = 0 (custom)
2022-11-03 05:23:04,584 [Listener at 127.0.0.1/40235] INFO  grpc.GrpcConfigKeys (ConfUtils.java:logFallback(53)) - raft.grpc.client.host = null (fallback to raft.grpc.server.host)
2022-11-03 05:23:04,584 [Listener at 127.0.0.1/40235] INFO  grpc.GrpcConfigKeys (ConfUtils.java:logGet(46)) - raft.grpc.client.port = 0 (custom)
2022-11-03 05:23:04,584 [Listener at 127.0.0.1/40235] INFO  grpc.GrpcConfigKeys (ConfUtils.java:logGet(46)) - raft.grpc.server.host = null (default)
2022-11-03 05:23:04,584 [Listener at 127.0.0.1/40235] INFO  grpc.GrpcConfigKeys (ConfUtils.java:logGet(46)) - raft.grpc.server.port = 0 (default)
2022-11-03 05:23:04,584 [Listener at 127.0.0.1/40235] INFO  server.GrpcService (ConfUtils.java:logGet(46)) - raft.grpc.message.size.max = 32MB (=33554432) (custom)
2022-11-03 05:23:04,584 [Listener at 127.0.0.1/40235] INFO  server.RaftServerConfigKeys (ConfUtils.java:logGet(46)) - raft.server.log.appender.buffer.byte-limit = 33554432 (custom)
2022-11-03 05:23:04,585 [Listener at 127.0.0.1/40235] INFO  server.GrpcService (ConfUtils.java:logGet(46)) - raft.grpc.flow.control.window = 5MB (=5242880) (custom)
2022-11-03 05:23:04,585 [Listener at 127.0.0.1/40235] INFO  server.RaftServerConfigKeys (ConfUtils.java:logGet(46)) - raft.server.rpc.request.timeout = 60s (custom)
2022-11-03 05:23:04,585 [Listener at 127.0.0.1/40235] INFO  grpc.GrpcConfigKeys (ConfUtils.java:logGet(46)) - raft.grpc.server.heartbeat.channel = true (default)
2022-11-03 05:23:04,585 [Listener at 127.0.0.1/40235] INFO  grpc.GrpcConfigKeys (ConfUtils.java:logGet(46)) - raft.grpc.server.async.request.thread.pool.cached = true (default)
2022-11-03 05:23:04,585 [Listener at 127.0.0.1/40235] INFO  grpc.GrpcConfigKeys (ConfUtils.java:logGet(46)) - raft.grpc.server.async.request.thread.pool.size = 32 (default)
2022-11-03 05:23:04,586 [Listener at 127.0.0.1/40235] INFO  impl.DataStreamServerImpl (ConfUtils.java:logGet(46)) - raft.datastream.type = DISABLED (default)
2022-11-03 05:23:04,587 [Listener at 127.0.0.1/40235] INFO  server.RaftServerConfigKeys (ConfUtils.java:logGet(46)) - raft.server.threadpool.proxy.cached = true (default)
2022-11-03 05:23:04,587 [Listener at 127.0.0.1/40235] INFO  server.RaftServerConfigKeys (ConfUtils.java:logGet(46)) - raft.server.threadpool.proxy.size = 0 (default)
2022-11-03 05:23:04,587 [Listener at 127.0.0.1/40235] INFO  server.RaftServerConfigKeys (ConfUtils.java:logGet(46)) - raft.server.rpc.slowness.timeout = 300s (custom)
2022-11-03 05:23:04,587 [Listener at 127.0.0.1/40235] INFO  server.RaftServerConfigKeys (ConfUtils.java:logGet(46)) - raft.server.leaderelection.leader.step-down.wait-time = 10s (default)
2022-11-03 05:23:04,587 [Listener at 127.0.0.1/40235] INFO  server.RaftServerConfigKeys (ConfUtils.java:logGet(46)) - raft.server.storage.dir = [/home/runner/work/ozone/ozone/hadoop-ozone/integration-test/target/test-dir/MiniOzoneClusterImpl-a947a097-fc53-45d1-b902-fe1272537128/datanode-0/data/ratis] (custom)
2022-11-03 05:23:04,603 [Listener at 127.0.0.1/40235] INFO  server.XceiverServerGrpc (XceiverServerGrpc.java:<init>(132)) - GrpcServer channel type EpollServerSocketChannel
2022-11-03 05:23:04,659 [Listener at 127.0.0.1/40235] INFO  http.BaseHttpServer (BaseHttpServer.java:newHttpServer2BuilderForOzone(213)) - Starting Web-server for hddsDatanode at: http://0.0.0.0:0
2022-11-03 05:23:04,659 [Listener at 127.0.0.1/40235] INFO  http.BaseHttpServer (BaseHttpServer.java:<init>(108)) - Hadoop Security Enabled: false Ozone Security Enabled: false Ozone HTTP Security Enabled: false 
2022-11-03 05:23:04,661 [Listener at 127.0.0.1/40235] WARN  server.AuthenticationFilter (AuthenticationFilter.java:constructSecretProvider(240)) - Unable to initialize FileSignerSecretProvider, falling back to use random secrets. Reason: Could not read signature secret file: /home/runner/hadoop-http-auth-signature-secret
2022-11-03 05:23:04,665 [Listener at 127.0.0.1/40235] WARN  http.HttpRequestLog (HttpRequestLog.java:getRequestLog(103)) - Jetty request log can only be enabled using Log4j
2022-11-03 05:23:04,667 [Listener at 127.0.0.1/40235] INFO  http.HttpServer2 (HttpServer2.java:addGlobalFilter(1031)) - Added global filter 'safety' (class=org.apache.hadoop.hdds.server.http.HttpServer2$QuotingInputFilter)
2022-11-03 05:23:04,668 [Listener at 127.0.0.1/40235] INFO  http.HttpServer2 (HttpServer2.java:addFilter(1007)) - Added filter static_user_filter (class=org.apache.hadoop.http.lib.StaticUserWebFilter$StaticUserFilter) to context hddsDatanode
2022-11-03 05:23:04,668 [Listener at 127.0.0.1/40235] INFO  http.HttpServer2 (HttpServer2.java:addFilter(1015)) - Added filter static_user_filter (class=org.apache.hadoop.http.lib.StaticUserWebFilter$StaticUserFilter) to context logs
2022-11-03 05:23:04,668 [Listener at 127.0.0.1/40235] INFO  http.HttpServer2 (HttpServer2.java:addFilter(1015)) - Added filter static_user_filter (class=org.apache.hadoop.http.lib.StaticUserWebFilter$StaticUserFilter) to context static
2022-11-03 05:23:04,669 [Listener at 127.0.0.1/40235] INFO  http.HttpServer2 (HttpServer2.java:bindListener(1250)) - Jetty bound to port 32991
2022-11-03 05:23:04,669 [Listener at 127.0.0.1/40235] INFO  server.Server (Server.java:doStart(375)) - jetty-9.4.49.v20220914; built: 2022-09-14T01:07:36.601Z; git: 4231a3b2e4cb8548a412a789936d640a97b1aa0a; jvm 1.8.0_345-b01
2022-11-03 05:23:04,673 [Listener at 127.0.0.1/40235] INFO  server.session (DefaultSessionIdManager.java:doStart(334)) - DefaultSessionIdManager workerName=node0
2022-11-03 05:23:04,674 [Listener at 127.0.0.1/40235] INFO  server.session (DefaultSessionIdManager.java:doStart(339)) - No SessionScavenger set, using defaults
2022-11-03 05:23:04,674 [Listener at 127.0.0.1/40235] INFO  server.session (HouseKeeper.java:startScavenging(132)) - node0 Scavenging every 660000ms
2022-11-03 05:23:04,674 [Listener at 127.0.0.1/40235] INFO  handler.ContextHandler (ContextHandler.java:doStart(921)) - Started o.e.j.s.ServletContextHandler@5ad6760c{logs,/logs,file:///home/runner/work/ozone/ozone/hadoop-ozone/integration-test/target/log,AVAILABLE}
2022-11-03 05:23:04,675 [Listener at 127.0.0.1/40235] INFO  handler.ContextHandler (ContextHandler.java:doStart(921)) - Started o.e.j.s.ServletContextHandler@6c4adb44{static,/static,jar:file:/home/runner/.m2/repository/org/apache/ozone/hdds-container-service/1.3.0-SNAPSHOT/hdds-container-service-1.3.0-SNAPSHOT.jar!/webapps/static,AVAILABLE}
2022-11-03 05:23:04,872 [Listener at 127.0.0.1/40235] INFO  handler.ContextHandler (ContextHandler.java:doStart(921)) - Started o.e.j.w.WebAppContext@60c9f01{hddsDatanode,/,file:///tmp/jetty-0_0_0_0-32991-hdds-container-service-1_3_0-SNAPSHOT_jar-_-any-6524638391460774080/webapp/,AVAILABLE}{jar:file:/home/runner/.m2/repository/org/apache/ozone/hdds-container-service/1.3.0-SNAPSHOT/hdds-container-service-1.3.0-SNAPSHOT.jar!/webapps/hddsDatanode}
2022-11-03 05:23:04,876 [Listener at 127.0.0.1/40235] INFO  server.AbstractConnector (AbstractConnector.java:doStart(333)) - Started ServerConnector@6317d9af{HTTP/1.1, (http/1.1)}{0.0.0.0:32991}
2022-11-03 05:23:04,876 [Listener at 127.0.0.1/40235] INFO  server.Server (Server.java:doStart(415)) - Started @7585ms
2022-11-03 05:23:04,877 [Listener at 127.0.0.1/40235] WARN  impl.MetricsSystemImpl (MetricsSystemImpl.java:register(279)) - Sink prometheus already exists!
2022-11-03 05:23:04,879 [Listener at 127.0.0.1/40235] INFO  http.BaseHttpServer (BaseHttpServer.java:updateConnectorAddress(333)) - HTTP server of hddsDatanode listening at http://0.0.0.0:32991
2022-11-03 05:23:04,881 [Datanode State Machine Daemon Thread] INFO  statemachine.DatanodeStateMachine (DatanodeStateMachine.java:lambda$startDaemon$0(505)) - Ozone container server started.
2022-11-03 05:23:04,882 [Listener at 127.0.0.1/40235] WARN  impl.MetricRegistriesImpl (MetricRegistriesImpl.java:addReporterRegistration(111)) - New reporters are added after registries were created. Some metrics will be missing from the reporter. Please add reporter before adding any new registry.
2022-11-03 05:23:04,882 [Listener at 127.0.0.1/40235] WARN  impl.MetricRegistriesImpl (MetricRegistriesImpl.java:addReporterRegistration(111)) - New reporters are added after registries were created. Some metrics will be missing from the reporter. Please add reporter before adding any new registry.
2022-11-03 05:23:04,882 [Listener at 127.0.0.1/40235] INFO  impl.MetricsSystemImpl (MetricsSystemImpl.java:init(158)) - HddsDatanode metrics system started (again)
2022-11-03 05:23:04,893 [Listener at 127.0.0.1/40235] INFO  ozone.HddsDatanodeService (HddsDatanodeService.java:start(236)) - HddsDatanodeService host:fv-az119-847.ca0t41jjrjaujd4nublazzptxb.cx.internal.cloudapp.net ip:10.1.1.42
2022-11-03 05:23:04,911 [Listener at 127.0.0.1/40235] INFO  upgrade.AbstractLayoutVersionManager (AbstractLayoutVersionManager.java:init(83)) - Initializing Layout version manager with metadata layout = DATANODE_SCHEMA_V3 (version = 4), software layout = DATANODE_SCHEMA_V3 (version = 4)
2022-11-03 05:23:04,917 [org.apache.hadoop.util.JvmPauseMonitor$Monitor@2ee33a0f] INFO  util.JvmPauseMonitor (JvmPauseMonitor.java:run(188)) - Starting JVM pause monitor
2022-11-03 05:23:04,981 [Listener at 127.0.0.1/40235] INFO  reflections.Reflections (Reflections.java:scan(232)) - Reflections took 69 ms to scan 7 urls, producing 139 keys and 336 values 
2022-11-03 05:23:04,983 [Listener at 127.0.0.1/40235] INFO  statemachine.DatanodeStateMachine (DatanodeStateMachine.java:getEndPointTaskThreadPoolSize(245)) - Datanode State Machine Task Thread Pool size 2
2022-11-03 05:23:04,991 [Listener at 127.0.0.1/40235] INFO  volume.HddsVolume (HddsVolume.java:<init>(117)) - Creating HddsVolume: /home/runner/work/ozone/ozone/hadoop-ozone/integration-test/target/test-dir/MiniOzoneClusterImpl-a947a097-fc53-45d1-b902-fe1272537128/datanode-1/data-0/containers/hdds of storage type : DISK capacity : 9223372036854775807
2022-11-03 05:23:04,991 [Listener at 127.0.0.1/40235] INFO  volume.MutableVolumeSet (MutableVolumeSet.java:initializeVolumeSet(174)) - Added Volume : /home/runner/work/ozone/ozone/hadoop-ozone/integration-test/target/test-dir/MiniOzoneClusterImpl-a947a097-fc53-45d1-b902-fe1272537128/datanode-1/data-0/containers/hdds to VolumeSet
2022-11-03 05:23:04,992 [Listener at 127.0.0.1/40235] INFO  volume.ThrottledAsyncChecker (ThrottledAsyncChecker.java:schedule(141)) - Scheduling a check for /home/runner/work/ozone/ozone/hadoop-ozone/integration-test/target/test-dir/MiniOzoneClusterImpl-a947a097-fc53-45d1-b902-fe1272537128/datanode-1/data-0/containers/hdds
2022-11-03 05:23:05,002 [Listener at 127.0.0.1/40235] INFO  volume.StorageVolumeChecker (StorageVolumeChecker.java:checkAllVolumes(202)) - Scheduled health check for volume /home/runner/work/ozone/ozone/hadoop-ozone/integration-test/target/test-dir/MiniOzoneClusterImpl-a947a097-fc53-45d1-b902-fe1272537128/datanode-1/data-0/containers/hdds
2022-11-03 05:23:05,020 [Listener at 127.0.0.1/40235] INFO  volume.MutableVolumeSet (MutableVolumeSet.java:initializeVolumeSet(174)) - Added Volume : /home/runner/work/ozone/ozone/hadoop-ozone/integration-test/target/test-dir/MiniOzoneClusterImpl-a947a097-fc53-45d1-b902-fe1272537128/datanode-1/data/ratis to VolumeSet
2022-11-03 05:23:05,020 [Listener at 127.0.0.1/40235] INFO  volume.ThrottledAsyncChecker (ThrottledAsyncChecker.java:schedule(141)) - Scheduling a check for /home/runner/work/ozone/ozone/hadoop-ozone/integration-test/target/test-dir/MiniOzoneClusterImpl-a947a097-fc53-45d1-b902-fe1272537128/datanode-1/data/ratis
2022-11-03 05:23:05,022 [Listener at 127.0.0.1/40235] INFO  volume.StorageVolumeChecker (StorageVolumeChecker.java:checkAllVolumes(202)) - Scheduled health check for volume /home/runner/work/ozone/ozone/hadoop-ozone/integration-test/target/test-dir/MiniOzoneClusterImpl-a947a097-fc53-45d1-b902-fe1272537128/datanode-1/data/ratis
2022-11-03 05:23:05,041 [om1@group-C5BA1605619E-FollowerState] INFO  impl.FollowerState (FollowerState.java:run(143)) - om1@group-C5BA1605619E-FollowerState: change to CANDIDATE, lastRpcElapsedTime:1034129449ns, electionTimeout:1027ms
2022-11-03 05:23:05,042 [om1@group-C5BA1605619E-FollowerState] INFO  impl.RoleInfo (RoleInfo.java:shutdownFollowerState(110)) - om1: shutdown om1@group-C5BA1605619E-FollowerState
2022-11-03 05:23:05,042 [om1@group-C5BA1605619E-FollowerState] INFO  server.RaftServer$Division (RaftServerImpl.java:setRole(321)) - om1@group-C5BA1605619E: changes role from  FOLLOWER to CANDIDATE at term 0 for changeToCandidate
2022-11-03 05:23:05,043 [Thread-149] INFO  ozoneimpl.ContainerReader (ContainerReader.java:readVolume(175)) - Finish verifying containers on volume /home/runner/work/ozone/ozone/hadoop-ozone/integration-test/target/test-dir/MiniOzoneClusterImpl-a947a097-fc53-45d1-b902-fe1272537128/datanode-1/data-0/containers/hdds
2022-11-03 05:23:05,050 [Listener at 127.0.0.1/40235] INFO  ozoneimpl.OzoneContainer (OzoneContainer.java:buildContainerSet(300)) - Build ContainerSet costs 0s
2022-11-03 05:23:05,046 [om1@group-C5BA1605619E-FollowerState] INFO  server.RaftServerConfigKeys (ConfUtils.java:logGet(46)) - raft.server.leaderelection.pre-vote = false (custom)
2022-11-03 05:23:05,050 [om1@group-C5BA1605619E-FollowerState] INFO  impl.RoleInfo (RoleInfo.java:updateAndGet(139)) - om1: start om1@group-C5BA1605619E-LeaderElection1
2022-11-03 05:23:05,053 [Listener at 127.0.0.1/40235] INFO  server.RaftServer (ConfUtils.java:logGet(46)) - raft.rpc.type = GRPC (default)
2022-11-03 05:23:05,054 [Listener at 127.0.0.1/40235] INFO  grpc.GrpcConfigKeys (ConfUtils.java:logFallback(53)) - raft.grpc.admin.host = null (fallback to raft.grpc.server.host)
2022-11-03 05:23:05,054 [Listener at 127.0.0.1/40235] INFO  grpc.GrpcConfigKeys (ConfUtils.java:logGet(46)) - raft.grpc.admin.port = 0 (custom)
2022-11-03 05:23:05,054 [Listener at 127.0.0.1/40235] INFO  grpc.GrpcConfigKeys (ConfUtils.java:logFallback(53)) - raft.grpc.client.host = null (fallback to raft.grpc.server.host)
2022-11-03 05:23:05,054 [Listener at 127.0.0.1/40235] INFO  grpc.GrpcConfigKeys (ConfUtils.java:logGet(46)) - raft.grpc.client.port = 0 (custom)
2022-11-03 05:23:05,054 [Listener at 127.0.0.1/40235] INFO  grpc.GrpcConfigKeys (ConfUtils.java:logGet(46)) - raft.grpc.server.host = null (default)
2022-11-03 05:23:05,054 [Listener at 127.0.0.1/40235] INFO  grpc.GrpcConfigKeys (ConfUtils.java:logGet(46)) - raft.grpc.server.port = 0 (default)
2022-11-03 05:23:05,054 [Listener at 127.0.0.1/40235] INFO  server.GrpcService (ConfUtils.java:logGet(46)) - raft.grpc.message.size.max = 32MB (=33554432) (custom)
2022-11-03 05:23:05,054 [Listener at 127.0.0.1/40235] INFO  server.RaftServerConfigKeys (ConfUtils.java:logGet(46)) - raft.server.log.appender.buffer.byte-limit = 33554432 (custom)
2022-11-03 05:23:05,055 [Listener at 127.0.0.1/40235] INFO  server.GrpcService (ConfUtils.java:logGet(46)) - raft.grpc.flow.control.window = 5MB (=5242880) (custom)
2022-11-03 05:23:05,055 [Listener at 127.0.0.1/40235] INFO  server.RaftServerConfigKeys (ConfUtils.java:logGet(46)) - raft.server.rpc.request.timeout = 60s (custom)
2022-11-03 05:23:05,055 [Listener at 127.0.0.1/40235] INFO  grpc.GrpcConfigKeys (ConfUtils.java:logGet(46)) - raft.grpc.server.heartbeat.channel = true (default)
2022-11-03 05:23:05,055 [Listener at 127.0.0.1/40235] INFO  grpc.GrpcConfigKeys (ConfUtils.java:logGet(46)) - raft.grpc.server.async.request.thread.pool.cached = true (default)
2022-11-03 05:23:05,055 [Listener at 127.0.0.1/40235] INFO  grpc.GrpcConfigKeys (ConfUtils.java:logGet(46)) - raft.grpc.server.async.request.thread.pool.size = 32 (default)
2022-11-03 05:23:05,056 [Listener at 127.0.0.1/40235] INFO  impl.DataStreamServerImpl (ConfUtils.java:logGet(46)) - raft.datastream.type = DISABLED (default)
2022-11-03 05:23:05,056 [Listener at 127.0.0.1/40235] INFO  server.RaftServerConfigKeys (ConfUtils.java:logGet(46)) - raft.server.threadpool.proxy.cached = true (default)
2022-11-03 05:23:05,061 [Listener at 127.0.0.1/40235] INFO  server.RaftServerConfigKeys (ConfUtils.java:logGet(46)) - raft.server.threadpool.proxy.size = 0 (default)
2022-11-03 05:23:05,061 [Listener at 127.0.0.1/40235] INFO  server.RaftServerConfigKeys (ConfUtils.java:logGet(46)) - raft.server.rpc.slowness.timeout = 300s (custom)
2022-11-03 05:23:05,062 [Listener at 127.0.0.1/40235] INFO  server.RaftServerConfigKeys (ConfUtils.java:logGet(46)) - raft.server.leaderelection.leader.step-down.wait-time = 10s (default)
2022-11-03 05:23:05,062 [Listener at 127.0.0.1/40235] INFO  server.RaftServerConfigKeys (ConfUtils.java:logGet(46)) - raft.server.storage.dir = [/home/runner/work/ozone/ozone/hadoop-ozone/integration-test/target/test-dir/MiniOzoneClusterImpl-a947a097-fc53-45d1-b902-fe1272537128/datanode-1/data/ratis] (custom)
2022-11-03 05:23:05,063 [Datanode State Machine Task Thread - 0] INFO  datanode.InitDatanodeState (InitDatanodeState.java:persistContainerDatanodeDetails(138)) - DatanodeDetails is persisted to /home/runner/work/ozone/ozone/hadoop-ozone/integration-test/target/test-dir/MiniOzoneClusterImpl-a947a097-fc53-45d1-b902-fe1272537128/datanode-0/meta/datanode.id
2022-11-03 05:23:05,065 [Listener at 127.0.0.1/40235] INFO  server.XceiverServerGrpc (XceiverServerGrpc.java:<init>(132)) - GrpcServer channel type EpollServerSocketChannel
2022-11-03 05:23:05,067 [om1@group-C5BA1605619E-LeaderElection1] INFO  impl.LeaderElection (LeaderElection.java:askForVotes(312)) - om1@group-C5BA1605619E-LeaderElection1 ELECTION round 0: submit vote requests at term 1 for -1: peers:[om1|rpc:localhost:9872|priority:0|startupRole:FOLLOWER]|listeners:[], old=null
2022-11-03 05:23:05,069 [Listener at 127.0.0.1/40235] INFO  http.BaseHttpServer (BaseHttpServer.java:newHttpServer2BuilderForOzone(213)) - Starting Web-server for hddsDatanode at: http://0.0.0.0:0
2022-11-03 05:23:05,069 [Listener at 127.0.0.1/40235] INFO  http.BaseHttpServer (BaseHttpServer.java:<init>(108)) - Hadoop Security Enabled: false Ozone Security Enabled: false Ozone HTTP Security Enabled: false 
2022-11-03 05:23:05,070 [om1@group-C5BA1605619E-LeaderElection1] INFO  impl.LeaderElection (LeaderElection.java:askForVotes(314)) - om1@group-C5BA1605619E-LeaderElection1 ELECTION round 0: result PASSED (term=1)
2022-11-03 05:23:05,070 [Listener at 127.0.0.1/40235] WARN  server.AuthenticationFilter (AuthenticationFilter.java:constructSecretProvider(240)) - Unable to initialize FileSignerSecretProvider, falling back to use random secrets. Reason: Could not read signature secret file: /home/runner/hadoop-http-auth-signature-secret
2022-11-03 05:23:05,070 [om1@group-C5BA1605619E-LeaderElection1] INFO  impl.RoleInfo (RoleInfo.java:shutdownLeaderElection(130)) - om1: shutdown om1@group-C5BA1605619E-LeaderElection1
2022-11-03 05:23:05,071 [om1@group-C5BA1605619E-LeaderElection1] INFO  server.RaftServer$Division (RaftServerImpl.java:setRole(321)) - om1@group-C5BA1605619E: changes role from CANDIDATE to LEADER at term 1 for changeToLeader
2022-11-03 05:23:05,071 [om1@group-C5BA1605619E-LeaderElection1] INFO  server.RaftServer$Division (ServerState.java:setLeader(313)) - om1@group-C5BA1605619E: change Leader from null to om1 at term 1 for becomeLeader, leader elected after 2195ms
2022-11-03 05:23:05,071 [Listener at 127.0.0.1/40235] WARN  http.HttpRequestLog (HttpRequestLog.java:getRequestLog(103)) - Jetty request log can only be enabled using Log4j
2022-11-03 05:23:05,072 [Listener at 127.0.0.1/40235] INFO  http.HttpServer2 (HttpServer2.java:addGlobalFilter(1031)) - Added global filter 'safety' (class=org.apache.hadoop.hdds.server.http.HttpServer2$QuotingInputFilter)
2022-11-03 05:23:05,073 [Listener at 127.0.0.1/40235] INFO  http.HttpServer2 (HttpServer2.java:addFilter(1007)) - Added filter static_user_filter (class=org.apache.hadoop.http.lib.StaticUserWebFilter$StaticUserFilter) to context hddsDatanode
2022-11-03 05:23:05,073 [Listener at 127.0.0.1/40235] INFO  http.HttpServer2 (HttpServer2.java:addFilter(1015)) - Added filter static_user_filter (class=org.apache.hadoop.http.lib.StaticUserWebFilter$StaticUserFilter) to context static
2022-11-03 05:23:05,073 [Listener at 127.0.0.1/40235] INFO  http.HttpServer2 (HttpServer2.java:addFilter(1015)) - Added filter static_user_filter (class=org.apache.hadoop.http.lib.StaticUserWebFilter$StaticUserFilter) to context logs
2022-11-03 05:23:05,074 [Listener at 127.0.0.1/40235] INFO  http.HttpServer2 (HttpServer2.java:bindListener(1250)) - Jetty bound to port 41955
2022-11-03 05:23:05,074 [Listener at 127.0.0.1/40235] INFO  server.Server (Server.java:doStart(375)) - jetty-9.4.49.v20220914; built: 2022-09-14T01:07:36.601Z; git: 4231a3b2e4cb8548a412a789936d640a97b1aa0a; jvm 1.8.0_345-b01
2022-11-03 05:23:05,078 [Listener at 127.0.0.1/40235] INFO  server.session (DefaultSessionIdManager.java:doStart(334)) - DefaultSessionIdManager workerName=node0
2022-11-03 05:23:05,078 [Listener at 127.0.0.1/40235] INFO  server.session (DefaultSessionIdManager.java:doStart(339)) - No SessionScavenger set, using defaults
2022-11-03 05:23:05,078 [Listener at 127.0.0.1/40235] INFO  server.session (HouseKeeper.java:startScavenging(132)) - node0 Scavenging every 660000ms
2022-11-03 05:23:05,079 [Listener at 127.0.0.1/40235] INFO  handler.ContextHandler (ContextHandler.java:doStart(921)) - Started o.e.j.s.ServletContextHandler@666971a{logs,/logs,file:///home/runner/work/ozone/ozone/hadoop-ozone/integration-test/target/log,AVAILABLE}
2022-11-03 05:23:05,080 [Listener at 127.0.0.1/40235] INFO  handler.ContextHandler (ContextHandler.java:doStart(921)) - Started o.e.j.s.ServletContextHandler@1bf4fdf{static,/static,jar:file:/home/runner/.m2/repository/org/apache/ozone/hdds-container-service/1.3.0-SNAPSHOT/hdds-container-service-1.3.0-SNAPSHOT.jar!/webapps/static,AVAILABLE}
2022-11-03 05:23:05,082 [om1@group-C5BA1605619E-LeaderElection1] INFO  server.RaftServerConfigKeys (ConfUtils.java:logGet(46)) - raft.server.staging.catchup.gap = 1000 (default)
2022-11-03 05:23:05,092 [om1@group-C5BA1605619E-LeaderElection1] INFO  server.RaftServerConfigKeys (ConfUtils.java:logGet(46)) - raft.server.write.element-limit = 4096 (default)
2022-11-03 05:23:05,092 [om1@group-C5BA1605619E-LeaderElection1] INFO  server.RaftServerConfigKeys (ConfUtils.java:logGet(46)) - raft.server.write.byte-limit = 64MB (=67108864) (default)
2022-11-03 05:23:05,103 [om1@group-C5BA1605619E-LeaderElection1] INFO  server.RaftServerConfigKeys (ConfUtils.java:logGet(46)) - raft.server.watch.timeout = 10s (default)
2022-11-03 05:23:05,103 [om1@group-C5BA1605619E-LeaderElection1] INFO  server.RaftServerConfigKeys (ConfUtils.java:logGet(46)) - raft.server.watch.timeout.denomination = 1s (default)
2022-11-03 05:23:05,105 [om1@group-C5BA1605619E-LeaderElection1] INFO  server.RaftServerConfigKeys (ConfUtils.java:logGet(46)) - raft.server.watch.element-limit = 65536 (default)
2022-11-03 05:23:05,114 [om1@group-C5BA1605619E-LeaderElection1] INFO  server.RaftServerConfigKeys (ConfUtils.java:logGet(46)) - raft.server.write.element-limit = 4096 (default)
2022-11-03 05:23:05,117 [om1@group-C5BA1605619E-LeaderElection1] INFO  server.RaftServerConfigKeys (ConfUtils.java:logGet(46)) - raft.server.write.follower.gap.ratio.max = -1.0 (default)
2022-11-03 05:23:05,124 [om1@group-C5BA1605619E-LeaderElection1] INFO  impl.RoleInfo (RoleInfo.java:updateAndGet(139)) - om1: start om1@group-C5BA1605619E-LeaderStateImpl
2022-11-03 05:23:05,193 [om1@group-C5BA1605619E-LeaderElection1] INFO  segmented.SegmentedRaftLogWorker (SegmentedRaftLogWorker.java:startLogSegment(452)) - om1@group-C5BA1605619E-SegmentedRaftLogWorker: Starting segment from index:0
2022-11-03 05:23:05,269 [om1@group-C5BA1605619E-LeaderElection1] INFO  server.RaftServer$Division (ServerState.java:setRaftConf(430)) - om1@group-C5BA1605619E: set configuration 0: peers:[om1|rpc:localhost:9872|admin:|client:|dataStream:|priority:0|startupRole:FOLLOWER]|listeners:[], old=null
2022-11-03 05:23:05,336 [om1@group-C5BA1605619E-SegmentedRaftLogWorker] INFO  segmented.SegmentedRaftLogWorker (SegmentedRaftLogWorker.java:execute(656)) - om1@group-C5BA1605619E-SegmentedRaftLogWorker: created new log segment /home/runner/work/ozone/ozone/hadoop-ozone/integration-test/target/test-dir/MiniOzoneClusterImpl-a947a097-fc53-45d1-b902-fe1272537128/ozone-meta/ratis/bf265839-605b-3f16-9796-c5ba1605619e/current/log_inprogress_0
2022-11-03 05:23:05,343 [Listener at 127.0.0.1/40235] INFO  handler.ContextHandler (ContextHandler.java:doStart(921)) - Started o.e.j.w.WebAppContext@c2622f8{hddsDatanode,/,file:///tmp/jetty-0_0_0_0-41955-hdds-container-service-1_3_0-SNAPSHOT_jar-_-any-1752075894863041547/webapp/,AVAILABLE}{jar:file:/home/runner/.m2/repository/org/apache/ozone/hdds-container-service/1.3.0-SNAPSHOT/hdds-container-service-1.3.0-SNAPSHOT.jar!/webapps/hddsDatanode}
2022-11-03 05:23:05,353 [Listener at 127.0.0.1/40235] INFO  server.AbstractConnector (AbstractConnector.java:doStart(333)) - Started ServerConnector@1c585232{HTTP/1.1, (http/1.1)}{0.0.0.0:41955}
2022-11-03 05:23:05,353 [Listener at 127.0.0.1/40235] INFO  server.Server (Server.java:doStart(415)) - Started @8062ms
2022-11-03 05:23:05,353 [Listener at 127.0.0.1/40235] WARN  impl.MetricsSystemImpl (MetricsSystemImpl.java:register(279)) - Sink prometheus already exists!
2022-11-03 05:23:05,354 [Listener at 127.0.0.1/40235] INFO  http.BaseHttpServer (BaseHttpServer.java:updateConnectorAddress(333)) - HTTP server of hddsDatanode listening at http://0.0.0.0:41955
2022-11-03 05:23:05,354 [Listener at 127.0.0.1/40235] WARN  impl.MetricRegistriesImpl (MetricRegistriesImpl.java:addReporterRegistration(111)) - New reporters are added after registries were created. Some metrics will be missing from the reporter. Please add reporter before adding any new registry.
2022-11-03 05:23:05,354 [Listener at 127.0.0.1/40235] WARN  impl.MetricRegistriesImpl (MetricRegistriesImpl.java:addReporterRegistration(111)) - New reporters are added after registries were created. Some metrics will be missing from the reporter. Please add reporter before adding any new registry.
2022-11-03 05:23:05,355 [Listener at 127.0.0.1/40235] INFO  impl.MetricsSystemImpl (MetricsSystemImpl.java:init(158)) - HddsDatanode metrics system started (again)
2022-11-03 05:23:05,361 [Datanode State Machine Daemon Thread] INFO  statemachine.DatanodeStateMachine (DatanodeStateMachine.java:lambda$startDaemon$0(505)) - Ozone container server started.
2022-11-03 05:23:05,366 [Listener at 127.0.0.1/40235] INFO  ozone.HddsDatanodeService (HddsDatanodeService.java:start(236)) - HddsDatanodeService host:fv-az119-847.ca0t41jjrjaujd4nublazzptxb.cx.internal.cloudapp.net ip:10.1.1.42
2022-11-03 05:23:05,378 [org.apache.hadoop.util.JvmPauseMonitor$Monitor@526b0979] INFO  util.JvmPauseMonitor (JvmPauseMonitor.java:run(188)) - Starting JVM pause monitor
2022-11-03 05:23:05,389 [Listener at 127.0.0.1/40235] INFO  upgrade.AbstractLayoutVersionManager (AbstractLayoutVersionManager.java:init(83)) - Initializing Layout version manager with metadata layout = DATANODE_SCHEMA_V3 (version = 4), software layout = DATANODE_SCHEMA_V3 (version = 4)
2022-11-03 05:23:05,412 [Datanode State Machine Task Thread - 0] INFO  datanode.InitDatanodeState (InitDatanodeState.java:persistContainerDatanodeDetails(138)) - DatanodeDetails is persisted to /home/runner/work/ozone/ozone/hadoop-ozone/integration-test/target/test-dir/MiniOzoneClusterImpl-a947a097-fc53-45d1-b902-fe1272537128/datanode-1/meta/datanode.id
2022-11-03 05:23:05,477 [om1@group-C5BA1605619E-StateMachineUpdater] INFO  ratis.OzoneManagerStateMachine (OzoneManagerStateMachine.java:notifyConfigurationChanged(192)) - Received Configuration change notification from Ratis. New Peer list:
[id: "om1"
address: "localhost:9872"
startupRole: FOLLOWER
]
2022-11-03 05:23:05,484 [Listener at 127.0.0.1/40235] INFO  reflections.Reflections (Reflections.java:scan(232)) - Reflections took 90 ms to scan 7 urls, producing 139 keys and 336 values 
2022-11-03 05:23:05,488 [Listener at 127.0.0.1/40235] INFO  statemachine.DatanodeStateMachine (DatanodeStateMachine.java:getEndPointTaskThreadPoolSize(245)) - Datanode State Machine Task Thread Pool size 2
2022-11-03 05:23:05,495 [Listener at 127.0.0.1/40235] INFO  volume.HddsVolume (HddsVolume.java:<init>(117)) - Creating HddsVolume: /home/runner/work/ozone/ozone/hadoop-ozone/integration-test/target/test-dir/MiniOzoneClusterImpl-a947a097-fc53-45d1-b902-fe1272537128/datanode-2/data-0/containers/hdds of storage type : DISK capacity : 9223372036854775807
2022-11-03 05:23:05,495 [Listener at 127.0.0.1/40235] INFO  volume.MutableVolumeSet (MutableVolumeSet.java:initializeVolumeSet(174)) - Added Volume : /home/runner/work/ozone/ozone/hadoop-ozone/integration-test/target/test-dir/MiniOzoneClusterImpl-a947a097-fc53-45d1-b902-fe1272537128/datanode-2/data-0/containers/hdds to VolumeSet
2022-11-03 05:23:05,496 [Listener at 127.0.0.1/40235] INFO  volume.ThrottledAsyncChecker (ThrottledAsyncChecker.java:schedule(141)) - Scheduling a check for /home/runner/work/ozone/ozone/hadoop-ozone/integration-test/target/test-dir/MiniOzoneClusterImpl-a947a097-fc53-45d1-b902-fe1272537128/datanode-2/data-0/containers/hdds
2022-11-03 05:23:05,497 [Listener at 127.0.0.1/40235] INFO  volume.StorageVolumeChecker (StorageVolumeChecker.java:checkAllVolumes(202)) - Scheduled health check for volume /home/runner/work/ozone/ozone/hadoop-ozone/integration-test/target/test-dir/MiniOzoneClusterImpl-a947a097-fc53-45d1-b902-fe1272537128/datanode-2/data-0/containers/hdds
2022-11-03 05:23:05,510 [Listener at 127.0.0.1/40235] INFO  volume.MutableVolumeSet (MutableVolumeSet.java:initializeVolumeSet(174)) - Added Volume : /home/runner/work/ozone/ozone/hadoop-ozone/integration-test/target/test-dir/MiniOzoneClusterImpl-a947a097-fc53-45d1-b902-fe1272537128/datanode-2/data/ratis to VolumeSet
2022-11-03 05:23:05,511 [Listener at 127.0.0.1/40235] INFO  volume.ThrottledAsyncChecker (ThrottledAsyncChecker.java:schedule(141)) - Scheduling a check for /home/runner/work/ozone/ozone/hadoop-ozone/integration-test/target/test-dir/MiniOzoneClusterImpl-a947a097-fc53-45d1-b902-fe1272537128/datanode-2/data/ratis
2022-11-03 05:23:05,511 [Listener at 127.0.0.1/40235] INFO  volume.StorageVolumeChecker (StorageVolumeChecker.java:checkAllVolumes(202)) - Scheduled health check for volume /home/runner/work/ozone/ozone/hadoop-ozone/integration-test/target/test-dir/MiniOzoneClusterImpl-a947a097-fc53-45d1-b902-fe1272537128/datanode-2/data/ratis
2022-11-03 05:23:05,523 [Thread-164] INFO  ozoneimpl.ContainerReader (ContainerReader.java:readVolume(175)) - Finish verifying containers on volume /home/runner/work/ozone/ozone/hadoop-ozone/integration-test/target/test-dir/MiniOzoneClusterImpl-a947a097-fc53-45d1-b902-fe1272537128/datanode-2/data-0/containers/hdds
2022-11-03 05:23:05,528 [Listener at 127.0.0.1/40235] INFO  ozoneimpl.OzoneContainer (OzoneContainer.java:buildContainerSet(300)) - Build ContainerSet costs 0s
2022-11-03 05:23:05,530 [Listener at 127.0.0.1/40235] INFO  server.RaftServer (ConfUtils.java:logGet(46)) - raft.rpc.type = GRPC (default)
2022-11-03 05:23:05,531 [Listener at 127.0.0.1/40235] INFO  grpc.GrpcConfigKeys (ConfUtils.java:logFallback(53)) - raft.grpc.admin.host = null (fallback to raft.grpc.server.host)
2022-11-03 05:23:05,531 [Listener at 127.0.0.1/40235] INFO  grpc.GrpcConfigKeys (ConfUtils.java:logGet(46)) - raft.grpc.admin.port = 0 (custom)
2022-11-03 05:23:05,531 [Listener at 127.0.0.1/40235] INFO  grpc.GrpcConfigKeys (ConfUtils.java:logFallback(53)) - raft.grpc.client.host = null (fallback to raft.grpc.server.host)
2022-11-03 05:23:05,531 [Listener at 127.0.0.1/40235] INFO  grpc.GrpcConfigKeys (ConfUtils.java:logGet(46)) - raft.grpc.client.port = 0 (custom)
2022-11-03 05:23:05,531 [Listener at 127.0.0.1/40235] INFO  grpc.GrpcConfigKeys (ConfUtils.java:logGet(46)) - raft.grpc.server.host = null (default)
2022-11-03 05:23:05,531 [Listener at 127.0.0.1/40235] INFO  grpc.GrpcConfigKeys (ConfUtils.java:logGet(46)) - raft.grpc.server.port = 0 (default)
2022-11-03 05:23:05,531 [Listener at 127.0.0.1/40235] INFO  server.GrpcService (ConfUtils.java:logGet(46)) - raft.grpc.message.size.max = 32MB (=33554432) (custom)
2022-11-03 05:23:05,531 [Listener at 127.0.0.1/40235] INFO  server.RaftServerConfigKeys (ConfUtils.java:logGet(46)) - raft.server.log.appender.buffer.byte-limit = 33554432 (custom)
2022-11-03 05:23:05,532 [Listener at 127.0.0.1/40235] INFO  server.GrpcService (ConfUtils.java:logGet(46)) - raft.grpc.flow.control.window = 5MB (=5242880) (custom)
2022-11-03 05:23:05,535 [Listener at 127.0.0.1/40235] INFO  server.RaftServerConfigKeys (ConfUtils.java:logGet(46)) - raft.server.rpc.request.timeout = 60s (custom)
2022-11-03 05:23:05,535 [Listener at 127.0.0.1/40235] INFO  grpc.GrpcConfigKeys (ConfUtils.java:logGet(46)) - raft.grpc.server.heartbeat.channel = true (default)
2022-11-03 05:23:05,536 [Listener at 127.0.0.1/40235] INFO  grpc.GrpcConfigKeys (ConfUtils.java:logGet(46)) - raft.grpc.server.async.request.thread.pool.cached = true (default)
2022-11-03 05:23:05,536 [Listener at 127.0.0.1/40235] INFO  grpc.GrpcConfigKeys (ConfUtils.java:logGet(46)) - raft.grpc.server.async.request.thread.pool.size = 32 (default)
2022-11-03 05:23:05,538 [Listener at 127.0.0.1/40235] INFO  impl.DataStreamServerImpl (ConfUtils.java:logGet(46)) - raft.datastream.type = DISABLED (default)
2022-11-03 05:23:05,538 [Listener at 127.0.0.1/40235] INFO  server.RaftServerConfigKeys (ConfUtils.java:logGet(46)) - raft.server.threadpool.proxy.cached = true (default)
2022-11-03 05:23:05,538 [Listener at 127.0.0.1/40235] INFO  server.RaftServerConfigKeys (ConfUtils.java:logGet(46)) - raft.server.threadpool.proxy.size = 0 (default)
2022-11-03 05:23:05,540 [Listener at 127.0.0.1/40235] INFO  server.RaftServerConfigKeys (ConfUtils.java:logGet(46)) - raft.server.rpc.slowness.timeout = 300s (custom)
2022-11-03 05:23:05,540 [Listener at 127.0.0.1/40235] INFO  server.RaftServerConfigKeys (ConfUtils.java:logGet(46)) - raft.server.leaderelection.leader.step-down.wait-time = 10s (default)
2022-11-03 05:23:05,540 [Listener at 127.0.0.1/40235] INFO  server.RaftServerConfigKeys (ConfUtils.java:logGet(46)) - raft.server.storage.dir = [/home/runner/work/ozone/ozone/hadoop-ozone/integration-test/target/test-dir/MiniOzoneClusterImpl-a947a097-fc53-45d1-b902-fe1272537128/datanode-2/data/ratis] (custom)
2022-11-03 05:23:05,542 [Listener at 127.0.0.1/40235] INFO  server.XceiverServerGrpc (XceiverServerGrpc.java:<init>(132)) - GrpcServer channel type EpollServerSocketChannel
2022-11-03 05:23:05,548 [Listener at 127.0.0.1/40235] INFO  http.BaseHttpServer (BaseHttpServer.java:newHttpServer2BuilderForOzone(213)) - Starting Web-server for hddsDatanode at: http://0.0.0.0:0
2022-11-03 05:23:05,548 [Listener at 127.0.0.1/40235] INFO  http.BaseHttpServer (BaseHttpServer.java:<init>(108)) - Hadoop Security Enabled: false Ozone Security Enabled: false Ozone HTTP Security Enabled: false 
2022-11-03 05:23:05,551 [Listener at 127.0.0.1/40235] WARN  server.AuthenticationFilter (AuthenticationFilter.java:constructSecretProvider(240)) - Unable to initialize FileSignerSecretProvider, falling back to use random secrets. Reason: Could not read signature secret file: /home/runner/hadoop-http-auth-signature-secret
2022-11-03 05:23:05,551 [Listener at 127.0.0.1/40235] WARN  http.HttpRequestLog (HttpRequestLog.java:getRequestLog(103)) - Jetty request log can only be enabled using Log4j
2022-11-03 05:23:05,553 [Listener at 127.0.0.1/40235] INFO  http.HttpServer2 (HttpServer2.java:addGlobalFilter(1031)) - Added global filter 'safety' (class=org.apache.hadoop.hdds.server.http.HttpServer2$QuotingInputFilter)
2022-11-03 05:23:05,554 [Listener at 127.0.0.1/40235] INFO  http.HttpServer2 (HttpServer2.java:addFilter(1007)) - Added filter static_user_filter (class=org.apache.hadoop.http.lib.StaticUserWebFilter$StaticUserFilter) to context hddsDatanode
2022-11-03 05:23:05,554 [Listener at 127.0.0.1/40235] INFO  http.HttpServer2 (HttpServer2.java:addFilter(1015)) - Added filter static_user_filter (class=org.apache.hadoop.http.lib.StaticUserWebFilter$StaticUserFilter) to context logs
2022-11-03 05:23:05,554 [Listener at 127.0.0.1/40235] INFO  http.HttpServer2 (HttpServer2.java:addFilter(1015)) - Added filter static_user_filter (class=org.apache.hadoop.http.lib.StaticUserWebFilter$StaticUserFilter) to context static
2022-11-03 05:23:05,555 [Listener at 127.0.0.1/40235] INFO  http.HttpServer2 (HttpServer2.java:bindListener(1250)) - Jetty bound to port 35357
2022-11-03 05:23:05,555 [Listener at 127.0.0.1/40235] INFO  server.Server (Server.java:doStart(375)) - jetty-9.4.49.v20220914; built: 2022-09-14T01:07:36.601Z; git: 4231a3b2e4cb8548a412a789936d640a97b1aa0a; jvm 1.8.0_345-b01
2022-11-03 05:23:05,557 [Listener at 127.0.0.1/40235] INFO  server.session (DefaultSessionIdManager.java:doStart(334)) - DefaultSessionIdManager workerName=node0
2022-11-03 05:23:05,558 [Listener at 127.0.0.1/40235] INFO  server.session (DefaultSessionIdManager.java:doStart(339)) - No SessionScavenger set, using defaults
2022-11-03 05:23:05,558 [Listener at 127.0.0.1/40235] INFO  server.session (HouseKeeper.java:startScavenging(132)) - node0 Scavenging every 660000ms
2022-11-03 05:23:05,559 [Listener at 127.0.0.1/40235] INFO  handler.ContextHandler (ContextHandler.java:doStart(921)) - Started o.e.j.s.ServletContextHandler@52f106e7{logs,/logs,file:///home/runner/work/ozone/ozone/hadoop-ozone/integration-test/target/log,AVAILABLE}
2022-11-03 05:23:05,559 [Listener at 127.0.0.1/40235] INFO  handler.ContextHandler (ContextHandler.java:doStart(921)) - Started o.e.j.s.ServletContextHandler@5569ea9e{static,/static,jar:file:/home/runner/.m2/repository/org/apache/ozone/hdds-container-service/1.3.0-SNAPSHOT/hdds-container-service-1.3.0-SNAPSHOT.jar!/webapps/static,AVAILABLE}
2022-11-03 05:23:05,733 [Listener at 127.0.0.1/40235] INFO  handler.ContextHandler (ContextHandler.java:doStart(921)) - Started o.e.j.w.WebAppContext@512f2c7d{hddsDatanode,/,file:///tmp/jetty-0_0_0_0-35357-hdds-container-service-1_3_0-SNAPSHOT_jar-_-any-4732274193847468421/webapp/,AVAILABLE}{jar:file:/home/runner/.m2/repository/org/apache/ozone/hdds-container-service/1.3.0-SNAPSHOT/hdds-container-service-1.3.0-SNAPSHOT.jar!/webapps/hddsDatanode}
2022-11-03 05:23:05,734 [Listener at 127.0.0.1/40235] INFO  server.AbstractConnector (AbstractConnector.java:doStart(333)) - Started ServerConnector@33795ac7{HTTP/1.1, (http/1.1)}{0.0.0.0:35357}
2022-11-03 05:23:05,734 [Listener at 127.0.0.1/40235] INFO  server.Server (Server.java:doStart(415)) - Started @8443ms
2022-11-03 05:23:05,734 [Listener at 127.0.0.1/40235] WARN  impl.MetricsSystemImpl (MetricsSystemImpl.java:register(279)) - Sink prometheus already exists!
2022-11-03 05:23:05,735 [Listener at 127.0.0.1/40235] INFO  http.BaseHttpServer (BaseHttpServer.java:updateConnectorAddress(333)) - HTTP server of hddsDatanode listening at http://0.0.0.0:35357
2022-11-03 05:23:05,736 [Listener at 127.0.0.1/40235] WARN  impl.MetricRegistriesImpl (MetricRegistriesImpl.java:addReporterRegistration(111)) - New reporters are added after registries were created. Some metrics will be missing from the reporter. Please add reporter before adding any new registry.
2022-11-03 05:23:05,736 [Listener at 127.0.0.1/40235] WARN  impl.MetricRegistriesImpl (MetricRegistriesImpl.java:addReporterRegistration(111)) - New reporters are added after registries were created. Some metrics will be missing from the reporter. Please add reporter before adding any new registry.
2022-11-03 05:23:05,736 [Listener at 127.0.0.1/40235] INFO  impl.MetricsSystemImpl (MetricsSystemImpl.java:init(158)) - HddsDatanode metrics system started (again)
2022-11-03 05:23:05,744 [Datanode State Machine Daemon Thread] INFO  statemachine.DatanodeStateMachine (DatanodeStateMachine.java:lambda$startDaemon$0(505)) - Ozone container server started.
2022-11-03 05:23:05,757 [org.apache.hadoop.util.JvmPauseMonitor$Monitor@c3d88b8] INFO  util.JvmPauseMonitor (JvmPauseMonitor.java:run(188)) - Starting JVM pause monitor
2022-11-03 05:23:05,759 [Datanode State Machine Task Thread - 0] INFO  datanode.InitDatanodeState (InitDatanodeState.java:persistContainerDatanodeDetails(138)) - DatanodeDetails is persisted to /home/runner/work/ozone/ozone/hadoop-ozone/integration-test/target/test-dir/MiniOzoneClusterImpl-a947a097-fc53-45d1-b902-fe1272537128/datanode-2/meta/datanode.id
2022-11-03 05:23:05,763 [Listener at 127.0.0.1/40235] INFO  ozone.HddsDatanodeService (HddsDatanodeService.java:start(236)) - HddsDatanodeService host:fv-az119-847.ca0t41jjrjaujd4nublazzptxb.cx.internal.cloudapp.net ip:10.1.1.42
2022-11-03 05:23:05,797 [Listener at 127.0.0.1/40235] INFO  upgrade.AbstractLayoutVersionManager (AbstractLayoutVersionManager.java:init(83)) - Initializing Layout version manager with metadata layout = DATANODE_SCHEMA_V3 (version = 4), software layout = DATANODE_SCHEMA_V3 (version = 4)
2022-11-03 05:23:05,841 [Listener at 127.0.0.1/40235] INFO  reflections.Reflections (Reflections.java:scan(232)) - Reflections took 43 ms to scan 7 urls, producing 139 keys and 336 values 
2022-11-03 05:23:05,842 [Listener at 127.0.0.1/40235] INFO  statemachine.DatanodeStateMachine (DatanodeStateMachine.java:getEndPointTaskThreadPoolSize(245)) - Datanode State Machine Task Thread Pool size 2
2022-11-03 05:23:05,849 [Listener at 127.0.0.1/40235] INFO  volume.HddsVolume (HddsVolume.java:<init>(117)) - Creating HddsVolume: /home/runner/work/ozone/ozone/hadoop-ozone/integration-test/target/test-dir/MiniOzoneClusterImpl-a947a097-fc53-45d1-b902-fe1272537128/datanode-3/data-0/containers/hdds of storage type : DISK capacity : 9223372036854775807
2022-11-03 05:23:05,849 [Listener at 127.0.0.1/40235] INFO  volume.MutableVolumeSet (MutableVolumeSet.java:initializeVolumeSet(174)) - Added Volume : /home/runner/work/ozone/ozone/hadoop-ozone/integration-test/target/test-dir/MiniOzoneClusterImpl-a947a097-fc53-45d1-b902-fe1272537128/datanode-3/data-0/containers/hdds to VolumeSet
2022-11-03 05:23:05,850 [Listener at 127.0.0.1/40235] INFO  volume.ThrottledAsyncChecker (ThrottledAsyncChecker.java:schedule(141)) - Scheduling a check for /home/runner/work/ozone/ozone/hadoop-ozone/integration-test/target/test-dir/MiniOzoneClusterImpl-a947a097-fc53-45d1-b902-fe1272537128/datanode-3/data-0/containers/hdds
2022-11-03 05:23:05,852 [Listener at 127.0.0.1/40235] INFO  volume.StorageVolumeChecker (StorageVolumeChecker.java:checkAllVolumes(202)) - Scheduled health check for volume /home/runner/work/ozone/ozone/hadoop-ozone/integration-test/target/test-dir/MiniOzoneClusterImpl-a947a097-fc53-45d1-b902-fe1272537128/datanode-3/data-0/containers/hdds
2022-11-03 05:23:05,863 [Listener at 127.0.0.1/40235] INFO  volume.MutableVolumeSet (MutableVolumeSet.java:initializeVolumeSet(174)) - Added Volume : /home/runner/work/ozone/ozone/hadoop-ozone/integration-test/target/test-dir/MiniOzoneClusterImpl-a947a097-fc53-45d1-b902-fe1272537128/datanode-3/data/ratis to VolumeSet
2022-11-03 05:23:05,863 [Listener at 127.0.0.1/40235] INFO  volume.ThrottledAsyncChecker (ThrottledAsyncChecker.java:schedule(141)) - Scheduling a check for /home/runner/work/ozone/ozone/hadoop-ozone/integration-test/target/test-dir/MiniOzoneClusterImpl-a947a097-fc53-45d1-b902-fe1272537128/datanode-3/data/ratis
2022-11-03 05:23:05,863 [Listener at 127.0.0.1/40235] INFO  volume.StorageVolumeChecker (StorageVolumeChecker.java:checkAllVolumes(202)) - Scheduled health check for volume /home/runner/work/ozone/ozone/hadoop-ozone/integration-test/target/test-dir/MiniOzoneClusterImpl-a947a097-fc53-45d1-b902-fe1272537128/datanode-3/data/ratis
2022-11-03 05:23:05,873 [Thread-177] INFO  ozoneimpl.ContainerReader (ContainerReader.java:readVolume(175)) - Finish verifying containers on volume /home/runner/work/ozone/ozone/hadoop-ozone/integration-test/target/test-dir/MiniOzoneClusterImpl-a947a097-fc53-45d1-b902-fe1272537128/datanode-3/data-0/containers/hdds
2022-11-03 05:23:05,874 [Listener at 127.0.0.1/40235] INFO  ozoneimpl.OzoneContainer (OzoneContainer.java:buildContainerSet(300)) - Build ContainerSet costs 0s
2022-11-03 05:23:05,876 [Listener at 127.0.0.1/40235] INFO  server.RaftServer (ConfUtils.java:logGet(46)) - raft.rpc.type = GRPC (default)
2022-11-03 05:23:05,876 [Listener at 127.0.0.1/40235] INFO  grpc.GrpcConfigKeys (ConfUtils.java:logFallback(53)) - raft.grpc.admin.host = null (fallback to raft.grpc.server.host)
2022-11-03 05:23:05,876 [Listener at 127.0.0.1/40235] INFO  grpc.GrpcConfigKeys (ConfUtils.java:logGet(46)) - raft.grpc.admin.port = 0 (custom)
2022-11-03 05:23:05,877 [Listener at 127.0.0.1/40235] INFO  grpc.GrpcConfigKeys (ConfUtils.java:logFallback(53)) - raft.grpc.client.host = null (fallback to raft.grpc.server.host)
2022-11-03 05:23:05,877 [Listener at 127.0.0.1/40235] INFO  grpc.GrpcConfigKeys (ConfUtils.java:logGet(46)) - raft.grpc.client.port = 0 (custom)
2022-11-03 05:23:05,877 [Listener at 127.0.0.1/40235] INFO  grpc.GrpcConfigKeys (ConfUtils.java:logGet(46)) - raft.grpc.server.host = null (default)
2022-11-03 05:23:05,877 [Listener at 127.0.0.1/40235] INFO  grpc.GrpcConfigKeys (ConfUtils.java:logGet(46)) - raft.grpc.server.port = 0 (default)
2022-11-03 05:23:05,877 [Listener at 127.0.0.1/40235] INFO  server.GrpcService (ConfUtils.java:logGet(46)) - raft.grpc.message.size.max = 32MB (=33554432) (custom)
2022-11-03 05:23:05,877 [Listener at 127.0.0.1/40235] INFO  server.RaftServerConfigKeys (ConfUtils.java:logGet(46)) - raft.server.log.appender.buffer.byte-limit = 33554432 (custom)
2022-11-03 05:23:05,877 [Listener at 127.0.0.1/40235] INFO  server.GrpcService (ConfUtils.java:logGet(46)) - raft.grpc.flow.control.window = 5MB (=5242880) (custom)
2022-11-03 05:23:05,877 [Listener at 127.0.0.1/40235] INFO  server.RaftServerConfigKeys (ConfUtils.java:logGet(46)) - raft.server.rpc.request.timeout = 60s (custom)
2022-11-03 05:23:05,878 [Listener at 127.0.0.1/40235] INFO  grpc.GrpcConfigKeys (ConfUtils.java:logGet(46)) - raft.grpc.server.heartbeat.channel = true (default)
2022-11-03 05:23:05,878 [Listener at 127.0.0.1/40235] INFO  grpc.GrpcConfigKeys (ConfUtils.java:logGet(46)) - raft.grpc.server.async.request.thread.pool.cached = true (default)
2022-11-03 05:23:05,878 [Listener at 127.0.0.1/40235] INFO  grpc.GrpcConfigKeys (ConfUtils.java:logGet(46)) - raft.grpc.server.async.request.thread.pool.size = 32 (default)
2022-11-03 05:23:05,879 [Listener at 127.0.0.1/40235] INFO  impl.DataStreamServerImpl (ConfUtils.java:logGet(46)) - raft.datastream.type = DISABLED (default)
2022-11-03 05:23:05,879 [Listener at 127.0.0.1/40235] INFO  server.RaftServerConfigKeys (ConfUtils.java:logGet(46)) - raft.server.threadpool.proxy.cached = true (default)
2022-11-03 05:23:05,879 [Listener at 127.0.0.1/40235] INFO  server.RaftServerConfigKeys (ConfUtils.java:logGet(46)) - raft.server.threadpool.proxy.size = 0 (default)
2022-11-03 05:23:05,879 [Listener at 127.0.0.1/40235] INFO  server.RaftServerConfigKeys (ConfUtils.java:logGet(46)) - raft.server.rpc.slowness.timeout = 300s (custom)
2022-11-03 05:23:05,879 [Listener at 127.0.0.1/40235] INFO  server.RaftServerConfigKeys (ConfUtils.java:logGet(46)) - raft.server.leaderelection.leader.step-down.wait-time = 10s (default)
2022-11-03 05:23:05,879 [Listener at 127.0.0.1/40235] INFO  server.RaftServerConfigKeys (ConfUtils.java:logGet(46)) - raft.server.storage.dir = [/home/runner/work/ozone/ozone/hadoop-ozone/integration-test/target/test-dir/MiniOzoneClusterImpl-a947a097-fc53-45d1-b902-fe1272537128/datanode-3/data/ratis] (custom)
2022-11-03 05:23:05,882 [Listener at 127.0.0.1/40235] INFO  server.XceiverServerGrpc (XceiverServerGrpc.java:<init>(132)) - GrpcServer channel type EpollServerSocketChannel
2022-11-03 05:23:05,885 [Listener at 127.0.0.1/40235] INFO  http.BaseHttpServer (BaseHttpServer.java:newHttpServer2BuilderForOzone(213)) - Starting Web-server for hddsDatanode at: http://0.0.0.0:0
2022-11-03 05:23:05,885 [Listener at 127.0.0.1/40235] INFO  http.BaseHttpServer (BaseHttpServer.java:<init>(108)) - Hadoop Security Enabled: false Ozone Security Enabled: false Ozone HTTP Security Enabled: false 
2022-11-03 05:23:05,886 [Listener at 127.0.0.1/40235] WARN  server.AuthenticationFilter (AuthenticationFilter.java:constructSecretProvider(240)) - Unable to initialize FileSignerSecretProvider, falling back to use random secrets. Reason: Could not read signature secret file: /home/runner/hadoop-http-auth-signature-secret
2022-11-03 05:23:05,887 [Listener at 127.0.0.1/40235] WARN  http.HttpRequestLog (HttpRequestLog.java:getRequestLog(103)) - Jetty request log can only be enabled using Log4j
2022-11-03 05:23:05,888 [Listener at 127.0.0.1/40235] INFO  http.HttpServer2 (HttpServer2.java:addGlobalFilter(1031)) - Added global filter 'safety' (class=org.apache.hadoop.hdds.server.http.HttpServer2$QuotingInputFilter)
2022-11-03 05:23:05,889 [Listener at 127.0.0.1/40235] INFO  http.HttpServer2 (HttpServer2.java:addFilter(1007)) - Added filter static_user_filter (class=org.apache.hadoop.http.lib.StaticUserWebFilter$StaticUserFilter) to context hddsDatanode
2022-11-03 05:23:05,889 [Listener at 127.0.0.1/40235] INFO  http.HttpServer2 (HttpServer2.java:addFilter(1015)) - Added filter static_user_filter (class=org.apache.hadoop.http.lib.StaticUserWebFilter$StaticUserFilter) to context logs
2022-11-03 05:23:05,889 [Listener at 127.0.0.1/40235] INFO  http.HttpServer2 (HttpServer2.java:addFilter(1015)) - Added filter static_user_filter (class=org.apache.hadoop.http.lib.StaticUserWebFilter$StaticUserFilter) to context static
2022-11-03 05:23:05,890 [Listener at 127.0.0.1/40235] INFO  http.HttpServer2 (HttpServer2.java:bindListener(1250)) - Jetty bound to port 37633
2022-11-03 05:23:05,890 [Listener at 127.0.0.1/40235] INFO  server.Server (Server.java:doStart(375)) - jetty-9.4.49.v20220914; built: 2022-09-14T01:07:36.601Z; git: 4231a3b2e4cb8548a412a789936d640a97b1aa0a; jvm 1.8.0_345-b01
2022-11-03 05:23:05,896 [Listener at 127.0.0.1/40235] INFO  server.session (DefaultSessionIdManager.java:doStart(334)) - DefaultSessionIdManager workerName=node0
2022-11-03 05:23:05,896 [Listener at 127.0.0.1/40235] INFO  server.session (DefaultSessionIdManager.java:doStart(339)) - No SessionScavenger set, using defaults
2022-11-03 05:23:05,896 [Listener at 127.0.0.1/40235] INFO  server.session (HouseKeeper.java:startScavenging(132)) - node0 Scavenging every 660000ms
2022-11-03 05:23:05,897 [Listener at 127.0.0.1/40235] INFO  handler.ContextHandler (ContextHandler.java:doStart(921)) - Started o.e.j.s.ServletContextHandler@7c81fec0{logs,/logs,file:///home/runner/work/ozone/ozone/hadoop-ozone/integration-test/target/log,AVAILABLE}
2022-11-03 05:23:05,897 [Listener at 127.0.0.1/40235] INFO  handler.ContextHandler (ContextHandler.java:doStart(921)) - Started o.e.j.s.ServletContextHandler@7453e050{static,/static,jar:file:/home/runner/.m2/repository/org/apache/ozone/hdds-container-service/1.3.0-SNAPSHOT/hdds-container-service-1.3.0-SNAPSHOT.jar!/webapps/static,AVAILABLE}
2022-11-03 05:23:06,070 [Listener at 127.0.0.1/40235] INFO  handler.ContextHandler (ContextHandler.java:doStart(921)) - Started o.e.j.w.WebAppContext@70b16f37{hddsDatanode,/,file:///tmp/jetty-0_0_0_0-37633-hdds-container-service-1_3_0-SNAPSHOT_jar-_-any-6167342970609992449/webapp/,AVAILABLE}{jar:file:/home/runner/.m2/repository/org/apache/ozone/hdds-container-service/1.3.0-SNAPSHOT/hdds-container-service-1.3.0-SNAPSHOT.jar!/webapps/hddsDatanode}
2022-11-03 05:23:06,071 [Listener at 127.0.0.1/40235] INFO  server.AbstractConnector (AbstractConnector.java:doStart(333)) - Started ServerConnector@b84163{HTTP/1.1, (http/1.1)}{0.0.0.0:37633}
2022-11-03 05:23:06,071 [Listener at 127.0.0.1/40235] INFO  server.Server (Server.java:doStart(415)) - Started @8780ms
2022-11-03 05:23:06,071 [Listener at 127.0.0.1/40235] WARN  impl.MetricsSystemImpl (MetricsSystemImpl.java:register(279)) - Sink prometheus already exists!
2022-11-03 05:23:06,072 [Listener at 127.0.0.1/40235] INFO  http.BaseHttpServer (BaseHttpServer.java:updateConnectorAddress(333)) - HTTP server of hddsDatanode listening at http://0.0.0.0:37633
2022-11-03 05:23:06,076 [Listener at 127.0.0.1/40235] WARN  impl.MetricRegistriesImpl (MetricRegistriesImpl.java:addReporterRegistration(111)) - New reporters are added after registries were created. Some metrics will be missing from the reporter. Please add reporter before adding any new registry.
2022-11-03 05:23:06,076 [Listener at 127.0.0.1/40235] WARN  impl.MetricRegistriesImpl (MetricRegistriesImpl.java:addReporterRegistration(111)) - New reporters are added after registries were created. Some metrics will be missing from the reporter. Please add reporter before adding any new registry.
2022-11-03 05:23:06,076 [Listener at 127.0.0.1/40235] INFO  impl.MetricsSystemImpl (MetricsSystemImpl.java:init(158)) - HddsDatanode metrics system started (again)
2022-11-03 05:23:06,079 [Datanode State Machine Daemon Thread] INFO  statemachine.DatanodeStateMachine (DatanodeStateMachine.java:lambda$startDaemon$0(505)) - Ozone container server started.
2022-11-03 05:23:06,092 [org.apache.hadoop.util.JvmPauseMonitor$Monitor@f17c04] INFO  util.JvmPauseMonitor (JvmPauseMonitor.java:run(188)) - Starting JVM pause monitor
2022-11-03 05:23:06,094 [Datanode State Machine Task Thread - 0] INFO  datanode.InitDatanodeState (InitDatanodeState.java:persistContainerDatanodeDetails(138)) - DatanodeDetails is persisted to /home/runner/work/ozone/ozone/hadoop-ozone/integration-test/target/test-dir/MiniOzoneClusterImpl-a947a097-fc53-45d1-b902-fe1272537128/datanode-3/meta/datanode.id
2022-11-03 05:23:06,098 [Listener at 127.0.0.1/40235] INFO  ozone.HddsDatanodeService (HddsDatanodeService.java:start(236)) - HddsDatanodeService host:fv-az119-847.ca0t41jjrjaujd4nublazzptxb.cx.internal.cloudapp.net ip:10.1.1.42
2022-11-03 05:23:06,117 [Listener at 127.0.0.1/40235] INFO  upgrade.AbstractLayoutVersionManager (AbstractLayoutVersionManager.java:init(83)) - Initializing Layout version manager with metadata layout = DATANODE_SCHEMA_V3 (version = 4), software layout = DATANODE_SCHEMA_V3 (version = 4)
2022-11-03 05:23:06,162 [Listener at 127.0.0.1/40235] INFO  reflections.Reflections (Reflections.java:scan(232)) - Reflections took 44 ms to scan 7 urls, producing 139 keys and 336 values 
2022-11-03 05:23:06,163 [Listener at 127.0.0.1/40235] INFO  statemachine.DatanodeStateMachine (DatanodeStateMachine.java:getEndPointTaskThreadPoolSize(245)) - Datanode State Machine Task Thread Pool size 2
2022-11-03 05:23:06,168 [Listener at 127.0.0.1/40235] INFO  volume.HddsVolume (HddsVolume.java:<init>(117)) - Creating HddsVolume: /home/runner/work/ozone/ozone/hadoop-ozone/integration-test/target/test-dir/MiniOzoneClusterImpl-a947a097-fc53-45d1-b902-fe1272537128/datanode-4/data-0/containers/hdds of storage type : DISK capacity : 9223372036854775807
2022-11-03 05:23:06,168 [Listener at 127.0.0.1/40235] INFO  volume.MutableVolumeSet (MutableVolumeSet.java:initializeVolumeSet(174)) - Added Volume : /home/runner/work/ozone/ozone/hadoop-ozone/integration-test/target/test-dir/MiniOzoneClusterImpl-a947a097-fc53-45d1-b902-fe1272537128/datanode-4/data-0/containers/hdds to VolumeSet
2022-11-03 05:23:06,169 [Listener at 127.0.0.1/40235] INFO  volume.ThrottledAsyncChecker (ThrottledAsyncChecker.java:schedule(141)) - Scheduling a check for /home/runner/work/ozone/ozone/hadoop-ozone/integration-test/target/test-dir/MiniOzoneClusterImpl-a947a097-fc53-45d1-b902-fe1272537128/datanode-4/data-0/containers/hdds
2022-11-03 05:23:06,172 [Listener at 127.0.0.1/40235] INFO  volume.StorageVolumeChecker (StorageVolumeChecker.java:checkAllVolumes(202)) - Scheduled health check for volume /home/runner/work/ozone/ozone/hadoop-ozone/integration-test/target/test-dir/MiniOzoneClusterImpl-a947a097-fc53-45d1-b902-fe1272537128/datanode-4/data-0/containers/hdds
2022-11-03 05:23:06,183 [Listener at 127.0.0.1/40235] INFO  volume.MutableVolumeSet (MutableVolumeSet.java:initializeVolumeSet(174)) - Added Volume : /home/runner/work/ozone/ozone/hadoop-ozone/integration-test/target/test-dir/MiniOzoneClusterImpl-a947a097-fc53-45d1-b902-fe1272537128/datanode-4/data/ratis to VolumeSet
2022-11-03 05:23:06,183 [Listener at 127.0.0.1/40235] INFO  volume.ThrottledAsyncChecker (ThrottledAsyncChecker.java:schedule(141)) - Scheduling a check for /home/runner/work/ozone/ozone/hadoop-ozone/integration-test/target/test-dir/MiniOzoneClusterImpl-a947a097-fc53-45d1-b902-fe1272537128/datanode-4/data/ratis
2022-11-03 05:23:06,183 [Listener at 127.0.0.1/40235] INFO  volume.StorageVolumeChecker (StorageVolumeChecker.java:checkAllVolumes(202)) - Scheduled health check for volume /home/runner/work/ozone/ozone/hadoop-ozone/integration-test/target/test-dir/MiniOzoneClusterImpl-a947a097-fc53-45d1-b902-fe1272537128/datanode-4/data/ratis
2022-11-03 05:23:06,194 [Thread-190] INFO  ozoneimpl.ContainerReader (ContainerReader.java:readVolume(175)) - Finish verifying containers on volume /home/runner/work/ozone/ozone/hadoop-ozone/integration-test/target/test-dir/MiniOzoneClusterImpl-a947a097-fc53-45d1-b902-fe1272537128/datanode-4/data-0/containers/hdds
2022-11-03 05:23:06,194 [Listener at 127.0.0.1/40235] INFO  ozoneimpl.OzoneContainer (OzoneContainer.java:buildContainerSet(300)) - Build ContainerSet costs 0s
2022-11-03 05:23:06,196 [Listener at 127.0.0.1/40235] INFO  server.RaftServer (ConfUtils.java:logGet(46)) - raft.rpc.type = GRPC (default)
2022-11-03 05:23:06,196 [Listener at 127.0.0.1/40235] INFO  grpc.GrpcConfigKeys (ConfUtils.java:logFallback(53)) - raft.grpc.admin.host = null (fallback to raft.grpc.server.host)
2022-11-03 05:23:06,197 [Listener at 127.0.0.1/40235] INFO  grpc.GrpcConfigKeys (ConfUtils.java:logGet(46)) - raft.grpc.admin.port = 0 (custom)
2022-11-03 05:23:06,197 [Listener at 127.0.0.1/40235] INFO  grpc.GrpcConfigKeys (ConfUtils.java:logFallback(53)) - raft.grpc.client.host = null (fallback to raft.grpc.server.host)
2022-11-03 05:23:06,197 [Listener at 127.0.0.1/40235] INFO  grpc.GrpcConfigKeys (ConfUtils.java:logGet(46)) - raft.grpc.client.port = 0 (custom)
2022-11-03 05:23:06,197 [Listener at 127.0.0.1/40235] INFO  grpc.GrpcConfigKeys (ConfUtils.java:logGet(46)) - raft.grpc.server.host = null (default)
2022-11-03 05:23:06,197 [Listener at 127.0.0.1/40235] INFO  grpc.GrpcConfigKeys (ConfUtils.java:logGet(46)) - raft.grpc.server.port = 0 (default)
2022-11-03 05:23:06,197 [Listener at 127.0.0.1/40235] INFO  server.GrpcService (ConfUtils.java:logGet(46)) - raft.grpc.message.size.max = 32MB (=33554432) (custom)
2022-11-03 05:23:06,197 [Listener at 127.0.0.1/40235] INFO  server.RaftServerConfigKeys (ConfUtils.java:logGet(46)) - raft.server.log.appender.buffer.byte-limit = 33554432 (custom)
2022-11-03 05:23:06,198 [Listener at 127.0.0.1/40235] INFO  server.GrpcService (ConfUtils.java:logGet(46)) - raft.grpc.flow.control.window = 5MB (=5242880) (custom)
2022-11-03 05:23:06,198 [Listener at 127.0.0.1/40235] INFO  server.RaftServerConfigKeys (ConfUtils.java:logGet(46)) - raft.server.rpc.request.timeout = 60s (custom)
2022-11-03 05:23:06,198 [Listener at 127.0.0.1/40235] INFO  grpc.GrpcConfigKeys (ConfUtils.java:logGet(46)) - raft.grpc.server.heartbeat.channel = true (default)
2022-11-03 05:23:06,198 [Listener at 127.0.0.1/40235] INFO  grpc.GrpcConfigKeys (ConfUtils.java:logGet(46)) - raft.grpc.server.async.request.thread.pool.cached = true (default)
2022-11-03 05:23:06,205 [Listener at 127.0.0.1/40235] INFO  grpc.GrpcConfigKeys (ConfUtils.java:logGet(46)) - raft.grpc.server.async.request.thread.pool.size = 32 (default)
2022-11-03 05:23:06,207 [Listener at 127.0.0.1/40235] INFO  impl.DataStreamServerImpl (ConfUtils.java:logGet(46)) - raft.datastream.type = DISABLED (default)
2022-11-03 05:23:06,208 [Listener at 127.0.0.1/40235] INFO  server.RaftServerConfigKeys (ConfUtils.java:logGet(46)) - raft.server.threadpool.proxy.cached = true (default)
2022-11-03 05:23:06,208 [Listener at 127.0.0.1/40235] INFO  server.RaftServerConfigKeys (ConfUtils.java:logGet(46)) - raft.server.threadpool.proxy.size = 0 (default)
2022-11-03 05:23:06,208 [Listener at 127.0.0.1/40235] INFO  server.RaftServerConfigKeys (ConfUtils.java:logGet(46)) - raft.server.rpc.slowness.timeout = 300s (custom)
2022-11-03 05:23:06,208 [Listener at 127.0.0.1/40235] INFO  server.RaftServerConfigKeys (ConfUtils.java:logGet(46)) - raft.server.leaderelection.leader.step-down.wait-time = 10s (default)
2022-11-03 05:23:06,208 [Listener at 127.0.0.1/40235] INFO  server.RaftServerConfigKeys (ConfUtils.java:logGet(46)) - raft.server.storage.dir = [/home/runner/work/ozone/ozone/hadoop-ozone/integration-test/target/test-dir/MiniOzoneClusterImpl-a947a097-fc53-45d1-b902-fe1272537128/datanode-4/data/ratis] (custom)
2022-11-03 05:23:06,209 [Listener at 127.0.0.1/40235] INFO  server.XceiverServerGrpc (XceiverServerGrpc.java:<init>(132)) - GrpcServer channel type EpollServerSocketChannel
2022-11-03 05:23:06,217 [Listener at 127.0.0.1/40235] INFO  http.BaseHttpServer (BaseHttpServer.java:newHttpServer2BuilderForOzone(213)) - Starting Web-server for hddsDatanode at: http://0.0.0.0:0
2022-11-03 05:23:06,217 [Listener at 127.0.0.1/40235] INFO  http.BaseHttpServer (BaseHttpServer.java:<init>(108)) - Hadoop Security Enabled: false Ozone Security Enabled: false Ozone HTTP Security Enabled: false 
2022-11-03 05:23:06,218 [Listener at 127.0.0.1/40235] WARN  server.AuthenticationFilter (AuthenticationFilter.java:constructSecretProvider(240)) - Unable to initialize FileSignerSecretProvider, falling back to use random secrets. Reason: Could not read signature secret file: /home/runner/hadoop-http-auth-signature-secret
2022-11-03 05:23:06,223 [Listener at 127.0.0.1/40235] WARN  http.HttpRequestLog (HttpRequestLog.java:getRequestLog(103)) - Jetty request log can only be enabled using Log4j
2022-11-03 05:23:06,225 [Listener at 127.0.0.1/40235] INFO  http.HttpServer2 (HttpServer2.java:addGlobalFilter(1031)) - Added global filter 'safety' (class=org.apache.hadoop.hdds.server.http.HttpServer2$QuotingInputFilter)
2022-11-03 05:23:06,226 [Listener at 127.0.0.1/40235] INFO  http.HttpServer2 (HttpServer2.java:addFilter(1007)) - Added filter static_user_filter (class=org.apache.hadoop.http.lib.StaticUserWebFilter$StaticUserFilter) to context hddsDatanode
2022-11-03 05:23:06,226 [Listener at 127.0.0.1/40235] INFO  http.HttpServer2 (HttpServer2.java:addFilter(1015)) - Added filter static_user_filter (class=org.apache.hadoop.http.lib.StaticUserWebFilter$StaticUserFilter) to context logs
2022-11-03 05:23:06,226 [Listener at 127.0.0.1/40235] INFO  http.HttpServer2 (HttpServer2.java:addFilter(1015)) - Added filter static_user_filter (class=org.apache.hadoop.http.lib.StaticUserWebFilter$StaticUserFilter) to context static
2022-11-03 05:23:06,227 [Listener at 127.0.0.1/40235] INFO  http.HttpServer2 (HttpServer2.java:bindListener(1250)) - Jetty bound to port 42243
2022-11-03 05:23:06,227 [Listener at 127.0.0.1/40235] INFO  server.Server (Server.java:doStart(375)) - jetty-9.4.49.v20220914; built: 2022-09-14T01:07:36.601Z; git: 4231a3b2e4cb8548a412a789936d640a97b1aa0a; jvm 1.8.0_345-b01
2022-11-03 05:23:06,228 [Listener at 127.0.0.1/40235] INFO  server.session (DefaultSessionIdManager.java:doStart(334)) - DefaultSessionIdManager workerName=node0
2022-11-03 05:23:06,228 [Listener at 127.0.0.1/40235] INFO  server.session (DefaultSessionIdManager.java:doStart(339)) - No SessionScavenger set, using defaults
2022-11-03 05:23:06,228 [Listener at 127.0.0.1/40235] INFO  server.session (HouseKeeper.java:startScavenging(132)) - node0 Scavenging every 660000ms
2022-11-03 05:23:06,230 [Listener at 127.0.0.1/40235] INFO  handler.ContextHandler (ContextHandler.java:doStart(921)) - Started o.e.j.s.ServletContextHandler@7e406713{logs,/logs,file:///home/runner/work/ozone/ozone/hadoop-ozone/integration-test/target/log,AVAILABLE}
2022-11-03 05:23:06,231 [Listener at 127.0.0.1/40235] INFO  handler.ContextHandler (ContextHandler.java:doStart(921)) - Started o.e.j.s.ServletContextHandler@7e377c78{static,/static,jar:file:/home/runner/.m2/repository/org/apache/ozone/hdds-container-service/1.3.0-SNAPSHOT/hdds-container-service-1.3.0-SNAPSHOT.jar!/webapps/static,AVAILABLE}
2022-11-03 05:23:06,402 [Listener at 127.0.0.1/40235] INFO  handler.ContextHandler (ContextHandler.java:doStart(921)) - Started o.e.j.w.WebAppContext@13a91c02{hddsDatanode,/,file:///tmp/jetty-0_0_0_0-42243-hdds-container-service-1_3_0-SNAPSHOT_jar-_-any-6788993924015548951/webapp/,AVAILABLE}{jar:file:/home/runner/.m2/repository/org/apache/ozone/hdds-container-service/1.3.0-SNAPSHOT/hdds-container-service-1.3.0-SNAPSHOT.jar!/webapps/hddsDatanode}
2022-11-03 05:23:06,403 [Listener at 127.0.0.1/40235] INFO  server.AbstractConnector (AbstractConnector.java:doStart(333)) - Started ServerConnector@47096141{HTTP/1.1, (http/1.1)}{0.0.0.0:42243}
2022-11-03 05:23:06,403 [Listener at 127.0.0.1/40235] INFO  server.Server (Server.java:doStart(415)) - Started @9112ms
2022-11-03 05:23:06,403 [Listener at 127.0.0.1/40235] WARN  impl.MetricsSystemImpl (MetricsSystemImpl.java:register(279)) - Sink prometheus already exists!
2022-11-03 05:23:06,404 [Listener at 127.0.0.1/40235] INFO  http.BaseHttpServer (BaseHttpServer.java:updateConnectorAddress(333)) - HTTP server of hddsDatanode listening at http://0.0.0.0:42243
2022-11-03 05:23:06,405 [Datanode State Machine Daemon Thread] INFO  statemachine.DatanodeStateMachine (DatanodeStateMachine.java:lambda$startDaemon$0(505)) - Ozone container server started.
2022-11-03 05:23:06,406 [Listener at 127.0.0.1/40235] WARN  impl.MetricRegistriesImpl (MetricRegistriesImpl.java:addReporterRegistration(111)) - New reporters are added after registries were created. Some metrics will be missing from the reporter. Please add reporter before adding any new registry.
2022-11-03 05:23:06,406 [Listener at 127.0.0.1/40235] WARN  impl.MetricRegistriesImpl (MetricRegistriesImpl.java:addReporterRegistration(111)) - New reporters are added after registries were created. Some metrics will be missing from the reporter. Please add reporter before adding any new registry.
2022-11-03 05:23:06,406 [Listener at 127.0.0.1/40235] INFO  impl.MetricsSystemImpl (MetricsSystemImpl.java:init(158)) - HddsDatanode metrics system started (again)
2022-11-03 05:23:06,433 [Listener at 127.0.0.1/40235] INFO  ozone.HddsDatanodeService (HddsDatanodeService.java:start(236)) - HddsDatanodeService host:fv-az119-847.ca0t41jjrjaujd4nublazzptxb.cx.internal.cloudapp.net ip:10.1.1.42
2022-11-03 05:23:06,437 [org.apache.hadoop.util.JvmPauseMonitor$Monitor@481d99] INFO  util.JvmPauseMonitor (JvmPauseMonitor.java:run(188)) - Starting JVM pause monitor
2022-11-03 05:23:06,448 [Datanode State Machine Task Thread - 0] INFO  datanode.InitDatanodeState (InitDatanodeState.java:persistContainerDatanodeDetails(138)) - DatanodeDetails is persisted to /home/runner/work/ozone/ozone/hadoop-ozone/integration-test/target/test-dir/MiniOzoneClusterImpl-a947a097-fc53-45d1-b902-fe1272537128/datanode-4/meta/datanode.id
2022-11-03 05:23:06,464 [Listener at 127.0.0.1/40235] INFO  upgrade.AbstractLayoutVersionManager (AbstractLayoutVersionManager.java:init(83)) - Initializing Layout version manager with metadata layout = DATANODE_SCHEMA_V3 (version = 4), software layout = DATANODE_SCHEMA_V3 (version = 4)
2022-11-03 05:23:06,508 [Listener at 127.0.0.1/40235] INFO  reflections.Reflections (Reflections.java:scan(232)) - Reflections took 43 ms to scan 7 urls, producing 139 keys and 336 values 
2022-11-03 05:23:06,509 [Listener at 127.0.0.1/40235] INFO  statemachine.DatanodeStateMachine (DatanodeStateMachine.java:getEndPointTaskThreadPoolSize(245)) - Datanode State Machine Task Thread Pool size 2
2022-11-03 05:23:06,511 [Listener at 127.0.0.1/40235] INFO  volume.HddsVolume (HddsVolume.java:<init>(117)) - Creating HddsVolume: /home/runner/work/ozone/ozone/hadoop-ozone/integration-test/target/test-dir/MiniOzoneClusterImpl-a947a097-fc53-45d1-b902-fe1272537128/datanode-5/data-0/containers/hdds of storage type : DISK capacity : 9223372036854775807
2022-11-03 05:23:06,511 [Listener at 127.0.0.1/40235] INFO  volume.MutableVolumeSet (MutableVolumeSet.java:initializeVolumeSet(174)) - Added Volume : /home/runner/work/ozone/ozone/hadoop-ozone/integration-test/target/test-dir/MiniOzoneClusterImpl-a947a097-fc53-45d1-b902-fe1272537128/datanode-5/data-0/containers/hdds to VolumeSet
2022-11-03 05:23:06,511 [Listener at 127.0.0.1/40235] INFO  volume.ThrottledAsyncChecker (ThrottledAsyncChecker.java:schedule(141)) - Scheduling a check for /home/runner/work/ozone/ozone/hadoop-ozone/integration-test/target/test-dir/MiniOzoneClusterImpl-a947a097-fc53-45d1-b902-fe1272537128/datanode-5/data-0/containers/hdds
2022-11-03 05:23:06,512 [Listener at 127.0.0.1/40235] INFO  volume.StorageVolumeChecker (StorageVolumeChecker.java:checkAllVolumes(202)) - Scheduled health check for volume /home/runner/work/ozone/ozone/hadoop-ozone/integration-test/target/test-dir/MiniOzoneClusterImpl-a947a097-fc53-45d1-b902-fe1272537128/datanode-5/data-0/containers/hdds
2022-11-03 05:23:06,522 [Listener at 127.0.0.1/40235] INFO  volume.MutableVolumeSet (MutableVolumeSet.java:initializeVolumeSet(174)) - Added Volume : /home/runner/work/ozone/ozone/hadoop-ozone/integration-test/target/test-dir/MiniOzoneClusterImpl-a947a097-fc53-45d1-b902-fe1272537128/datanode-5/data/ratis to VolumeSet
2022-11-03 05:23:06,523 [Listener at 127.0.0.1/40235] INFO  volume.ThrottledAsyncChecker (ThrottledAsyncChecker.java:schedule(141)) - Scheduling a check for /home/runner/work/ozone/ozone/hadoop-ozone/integration-test/target/test-dir/MiniOzoneClusterImpl-a947a097-fc53-45d1-b902-fe1272537128/datanode-5/data/ratis
2022-11-03 05:23:06,523 [Listener at 127.0.0.1/40235] INFO  volume.StorageVolumeChecker (StorageVolumeChecker.java:checkAllVolumes(202)) - Scheduled health check for volume /home/runner/work/ozone/ozone/hadoop-ozone/integration-test/target/test-dir/MiniOzoneClusterImpl-a947a097-fc53-45d1-b902-fe1272537128/datanode-5/data/ratis
2022-11-03 05:23:06,533 [Thread-203] INFO  ozoneimpl.ContainerReader (ContainerReader.java:readVolume(175)) - Finish verifying containers on volume /home/runner/work/ozone/ozone/hadoop-ozone/integration-test/target/test-dir/MiniOzoneClusterImpl-a947a097-fc53-45d1-b902-fe1272537128/datanode-5/data-0/containers/hdds
2022-11-03 05:23:06,533 [Listener at 127.0.0.1/40235] INFO  ozoneimpl.OzoneContainer (OzoneContainer.java:buildContainerSet(300)) - Build ContainerSet costs 0s
2022-11-03 05:23:06,536 [Listener at 127.0.0.1/40235] INFO  server.RaftServer (ConfUtils.java:logGet(46)) - raft.rpc.type = GRPC (default)
2022-11-03 05:23:06,536 [Listener at 127.0.0.1/40235] INFO  grpc.GrpcConfigKeys (ConfUtils.java:logFallback(53)) - raft.grpc.admin.host = null (fallback to raft.grpc.server.host)
2022-11-03 05:23:06,536 [Listener at 127.0.0.1/40235] INFO  grpc.GrpcConfigKeys (ConfUtils.java:logGet(46)) - raft.grpc.admin.port = 0 (custom)
2022-11-03 05:23:06,536 [Listener at 127.0.0.1/40235] INFO  grpc.GrpcConfigKeys (ConfUtils.java:logFallback(53)) - raft.grpc.client.host = null (fallback to raft.grpc.server.host)
2022-11-03 05:23:06,536 [Listener at 127.0.0.1/40235] INFO  grpc.GrpcConfigKeys (ConfUtils.java:logGet(46)) - raft.grpc.client.port = 0 (custom)
2022-11-03 05:23:06,536 [Listener at 127.0.0.1/40235] INFO  grpc.GrpcConfigKeys (ConfUtils.java:logGet(46)) - raft.grpc.server.host = null (default)
2022-11-03 05:23:06,537 [Listener at 127.0.0.1/40235] INFO  grpc.GrpcConfigKeys (ConfUtils.java:logGet(46)) - raft.grpc.server.port = 0 (default)
2022-11-03 05:23:06,537 [Listener at 127.0.0.1/40235] INFO  server.GrpcService (ConfUtils.java:logGet(46)) - raft.grpc.message.size.max = 32MB (=33554432) (custom)
2022-11-03 05:23:06,537 [Listener at 127.0.0.1/40235] INFO  server.RaftServerConfigKeys (ConfUtils.java:logGet(46)) - raft.server.log.appender.buffer.byte-limit = 33554432 (custom)
2022-11-03 05:23:06,537 [Listener at 127.0.0.1/40235] INFO  server.GrpcService (ConfUtils.java:logGet(46)) - raft.grpc.flow.control.window = 5MB (=5242880) (custom)
2022-11-03 05:23:06,537 [Listener at 127.0.0.1/40235] INFO  server.RaftServerConfigKeys (ConfUtils.java:logGet(46)) - raft.server.rpc.request.timeout = 60s (custom)
2022-11-03 05:23:06,537 [Listener at 127.0.0.1/40235] INFO  grpc.GrpcConfigKeys (ConfUtils.java:logGet(46)) - raft.grpc.server.heartbeat.channel = true (default)
2022-11-03 05:23:06,537 [Listener at 127.0.0.1/40235] INFO  grpc.GrpcConfigKeys (ConfUtils.java:logGet(46)) - raft.grpc.server.async.request.thread.pool.cached = true (default)
2022-11-03 05:23:06,537 [Listener at 127.0.0.1/40235] INFO  grpc.GrpcConfigKeys (ConfUtils.java:logGet(46)) - raft.grpc.server.async.request.thread.pool.size = 32 (default)
2022-11-03 05:23:06,538 [Listener at 127.0.0.1/40235] INFO  impl.DataStreamServerImpl (ConfUtils.java:logGet(46)) - raft.datastream.type = DISABLED (default)
2022-11-03 05:23:06,538 [Listener at 127.0.0.1/40235] INFO  server.RaftServerConfigKeys (ConfUtils.java:logGet(46)) - raft.server.threadpool.proxy.cached = true (default)
2022-11-03 05:23:06,538 [Listener at 127.0.0.1/40235] INFO  server.RaftServerConfigKeys (ConfUtils.java:logGet(46)) - raft.server.threadpool.proxy.size = 0 (default)
2022-11-03 05:23:06,540 [Listener at 127.0.0.1/40235] INFO  server.RaftServerConfigKeys (ConfUtils.java:logGet(46)) - raft.server.rpc.slowness.timeout = 300s (custom)
2022-11-03 05:23:06,541 [Listener at 127.0.0.1/40235] INFO  server.RaftServerConfigKeys (ConfUtils.java:logGet(46)) - raft.server.leaderelection.leader.step-down.wait-time = 10s (default)
2022-11-03 05:23:06,541 [Listener at 127.0.0.1/40235] INFO  server.RaftServerConfigKeys (ConfUtils.java:logGet(46)) - raft.server.storage.dir = [/home/runner/work/ozone/ozone/hadoop-ozone/integration-test/target/test-dir/MiniOzoneClusterImpl-a947a097-fc53-45d1-b902-fe1272537128/datanode-5/data/ratis] (custom)
2022-11-03 05:23:06,542 [Listener at 127.0.0.1/40235] INFO  server.XceiverServerGrpc (XceiverServerGrpc.java:<init>(132)) - GrpcServer channel type EpollServerSocketChannel
2022-11-03 05:23:06,545 [Listener at 127.0.0.1/40235] INFO  http.BaseHttpServer (BaseHttpServer.java:newHttpServer2BuilderForOzone(213)) - Starting Web-server for hddsDatanode at: http://0.0.0.0:0
2022-11-03 05:23:06,545 [Listener at 127.0.0.1/40235] INFO  http.BaseHttpServer (BaseHttpServer.java:<init>(108)) - Hadoop Security Enabled: false Ozone Security Enabled: false Ozone HTTP Security Enabled: false 
2022-11-03 05:23:06,546 [Listener at 127.0.0.1/40235] WARN  server.AuthenticationFilter (AuthenticationFilter.java:constructSecretProvider(240)) - Unable to initialize FileSignerSecretProvider, falling back to use random secrets. Reason: Could not read signature secret file: /home/runner/hadoop-http-auth-signature-secret
2022-11-03 05:23:06,546 [Listener at 127.0.0.1/40235] WARN  http.HttpRequestLog (HttpRequestLog.java:getRequestLog(103)) - Jetty request log can only be enabled using Log4j
2022-11-03 05:23:06,548 [Listener at 127.0.0.1/40235] INFO  http.HttpServer2 (HttpServer2.java:addGlobalFilter(1031)) - Added global filter 'safety' (class=org.apache.hadoop.hdds.server.http.HttpServer2$QuotingInputFilter)
2022-11-03 05:23:06,548 [Listener at 127.0.0.1/40235] INFO  http.HttpServer2 (HttpServer2.java:addFilter(1007)) - Added filter static_user_filter (class=org.apache.hadoop.http.lib.StaticUserWebFilter$StaticUserFilter) to context hddsDatanode
2022-11-03 05:23:06,549 [Listener at 127.0.0.1/40235] INFO  http.HttpServer2 (HttpServer2.java:addFilter(1015)) - Added filter static_user_filter (class=org.apache.hadoop.http.lib.StaticUserWebFilter$StaticUserFilter) to context logs
2022-11-03 05:23:06,549 [Listener at 127.0.0.1/40235] INFO  http.HttpServer2 (HttpServer2.java:addFilter(1015)) - Added filter static_user_filter (class=org.apache.hadoop.http.lib.StaticUserWebFilter$StaticUserFilter) to context static
2022-11-03 05:23:06,549 [Listener at 127.0.0.1/40235] INFO  http.HttpServer2 (HttpServer2.java:bindListener(1250)) - Jetty bound to port 45929
2022-11-03 05:23:06,549 [Listener at 127.0.0.1/40235] INFO  server.Server (Server.java:doStart(375)) - jetty-9.4.49.v20220914; built: 2022-09-14T01:07:36.601Z; git: 4231a3b2e4cb8548a412a789936d640a97b1aa0a; jvm 1.8.0_345-b01
2022-11-03 05:23:06,555 [Listener at 127.0.0.1/40235] INFO  server.session (DefaultSessionIdManager.java:doStart(334)) - DefaultSessionIdManager workerName=node0
2022-11-03 05:23:06,555 [Listener at 127.0.0.1/40235] INFO  server.session (DefaultSessionIdManager.java:doStart(339)) - No SessionScavenger set, using defaults
2022-11-03 05:23:06,555 [Listener at 127.0.0.1/40235] INFO  server.session (HouseKeeper.java:startScavenging(132)) - node0 Scavenging every 600000ms
2022-11-03 05:23:06,556 [Listener at 127.0.0.1/40235] INFO  handler.ContextHandler (ContextHandler.java:doStart(921)) - Started o.e.j.s.ServletContextHandler@2f568a26{logs,/logs,file:///home/runner/work/ozone/ozone/hadoop-ozone/integration-test/target/log,AVAILABLE}
2022-11-03 05:23:06,556 [Listener at 127.0.0.1/40235] INFO  handler.ContextHandler (ContextHandler.java:doStart(921)) - Started o.e.j.s.ServletContextHandler@16210825{static,/static,jar:file:/home/runner/.m2/repository/org/apache/ozone/hdds-container-service/1.3.0-SNAPSHOT/hdds-container-service-1.3.0-SNAPSHOT.jar!/webapps/static,AVAILABLE}
2022-11-03 05:23:06,730 [Listener at 127.0.0.1/40235] INFO  handler.ContextHandler (ContextHandler.java:doStart(921)) - Started o.e.j.w.WebAppContext@4285e6ae{hddsDatanode,/,file:///tmp/jetty-0_0_0_0-45929-hdds-container-service-1_3_0-SNAPSHOT_jar-_-any-205949600091412451/webapp/,AVAILABLE}{jar:file:/home/runner/.m2/repository/org/apache/ozone/hdds-container-service/1.3.0-SNAPSHOT/hdds-container-service-1.3.0-SNAPSHOT.jar!/webapps/hddsDatanode}
2022-11-03 05:23:06,732 [Listener at 127.0.0.1/40235] INFO  server.AbstractConnector (AbstractConnector.java:doStart(333)) - Started ServerConnector@6e858079{HTTP/1.1, (http/1.1)}{0.0.0.0:45929}
2022-11-03 05:23:06,732 [Listener at 127.0.0.1/40235] INFO  server.Server (Server.java:doStart(415)) - Started @9441ms
2022-11-03 05:23:06,733 [Listener at 127.0.0.1/40235] WARN  impl.MetricsSystemImpl (MetricsSystemImpl.java:register(279)) - Sink prometheus already exists!
2022-11-03 05:23:06,733 [Listener at 127.0.0.1/40235] INFO  http.BaseHttpServer (BaseHttpServer.java:updateConnectorAddress(333)) - HTTP server of hddsDatanode listening at http://0.0.0.0:45929
2022-11-03 05:23:06,734 [Datanode State Machine Daemon Thread] INFO  statemachine.DatanodeStateMachine (DatanodeStateMachine.java:lambda$startDaemon$0(505)) - Ozone container server started.
2022-11-03 05:23:06,741 [Listener at 127.0.0.1/40235] WARN  impl.MetricRegistriesImpl (MetricRegistriesImpl.java:addReporterRegistration(111)) - New reporters are added after registries were created. Some metrics will be missing from the reporter. Please add reporter before adding any new registry.
2022-11-03 05:23:06,741 [Listener at 127.0.0.1/40235] WARN  impl.MetricRegistriesImpl (MetricRegistriesImpl.java:addReporterRegistration(111)) - New reporters are added after registries were created. Some metrics will be missing from the reporter. Please add reporter before adding any new registry.
2022-11-03 05:23:06,741 [Listener at 127.0.0.1/40235] INFO  impl.MetricsSystemImpl (MetricsSystemImpl.java:init(158)) - HddsDatanode metrics system started (again)
2022-11-03 05:23:06,753 [org.apache.hadoop.util.JvmPauseMonitor$Monitor@b241d6e] INFO  util.JvmPauseMonitor (JvmPauseMonitor.java:run(188)) - Starting JVM pause monitor
2022-11-03 05:23:06,759 [Datanode State Machine Task Thread - 0] INFO  datanode.InitDatanodeState (InitDatanodeState.java:persistContainerDatanodeDetails(138)) - DatanodeDetails is persisted to /home/runner/work/ozone/ozone/hadoop-ozone/integration-test/target/test-dir/MiniOzoneClusterImpl-a947a097-fc53-45d1-b902-fe1272537128/datanode-5/meta/datanode.id
2022-11-03 05:23:06,760 [Listener at 127.0.0.1/40235] INFO  ozone.HddsDatanodeService (HddsDatanodeService.java:start(236)) - HddsDatanodeService host:fv-az119-847.ca0t41jjrjaujd4nublazzptxb.cx.internal.cloudapp.net ip:10.1.1.42
2022-11-03 05:23:06,777 [Listener at 127.0.0.1/40235] INFO  upgrade.AbstractLayoutVersionManager (AbstractLayoutVersionManager.java:init(83)) - Initializing Layout version manager with metadata layout = DATANODE_SCHEMA_V3 (version = 4), software layout = DATANODE_SCHEMA_V3 (version = 4)
2022-11-03 05:23:06,822 [Listener at 127.0.0.1/40235] INFO  reflections.Reflections (Reflections.java:scan(232)) - Reflections took 44 ms to scan 7 urls, producing 139 keys and 336 values 
2022-11-03 05:23:06,823 [Listener at 127.0.0.1/40235] INFO  statemachine.DatanodeStateMachine (DatanodeStateMachine.java:getEndPointTaskThreadPoolSize(245)) - Datanode State Machine Task Thread Pool size 2
2022-11-03 05:23:06,825 [Listener at 127.0.0.1/40235] INFO  volume.HddsVolume (HddsVolume.java:<init>(117)) - Creating HddsVolume: /home/runner/work/ozone/ozone/hadoop-ozone/integration-test/target/test-dir/MiniOzoneClusterImpl-a947a097-fc53-45d1-b902-fe1272537128/datanode-6/data-0/containers/hdds of storage type : DISK capacity : 9223372036854775807
2022-11-03 05:23:06,825 [Listener at 127.0.0.1/40235] INFO  volume.MutableVolumeSet (MutableVolumeSet.java:initializeVolumeSet(174)) - Added Volume : /home/runner/work/ozone/ozone/hadoop-ozone/integration-test/target/test-dir/MiniOzoneClusterImpl-a947a097-fc53-45d1-b902-fe1272537128/datanode-6/data-0/containers/hdds to VolumeSet
2022-11-03 05:23:06,825 [Listener at 127.0.0.1/40235] INFO  volume.ThrottledAsyncChecker (ThrottledAsyncChecker.java:schedule(141)) - Scheduling a check for /home/runner/work/ozone/ozone/hadoop-ozone/integration-test/target/test-dir/MiniOzoneClusterImpl-a947a097-fc53-45d1-b902-fe1272537128/datanode-6/data-0/containers/hdds
2022-11-03 05:23:06,830 [Listener at 127.0.0.1/40235] INFO  volume.StorageVolumeChecker (StorageVolumeChecker.java:checkAllVolumes(202)) - Scheduled health check for volume /home/runner/work/ozone/ozone/hadoop-ozone/integration-test/target/test-dir/MiniOzoneClusterImpl-a947a097-fc53-45d1-b902-fe1272537128/datanode-6/data-0/containers/hdds
2022-11-03 05:23:06,842 [Listener at 127.0.0.1/40235] INFO  volume.MutableVolumeSet (MutableVolumeSet.java:initializeVolumeSet(174)) - Added Volume : /home/runner/work/ozone/ozone/hadoop-ozone/integration-test/target/test-dir/MiniOzoneClusterImpl-a947a097-fc53-45d1-b902-fe1272537128/datanode-6/data/ratis to VolumeSet
2022-11-03 05:23:06,842 [Listener at 127.0.0.1/40235] INFO  volume.ThrottledAsyncChecker (ThrottledAsyncChecker.java:schedule(141)) - Scheduling a check for /home/runner/work/ozone/ozone/hadoop-ozone/integration-test/target/test-dir/MiniOzoneClusterImpl-a947a097-fc53-45d1-b902-fe1272537128/datanode-6/data/ratis
2022-11-03 05:23:06,844 [Listener at 127.0.0.1/40235] INFO  volume.StorageVolumeChecker (StorageVolumeChecker.java:checkAllVolumes(202)) - Scheduled health check for volume /home/runner/work/ozone/ozone/hadoop-ozone/integration-test/target/test-dir/MiniOzoneClusterImpl-a947a097-fc53-45d1-b902-fe1272537128/datanode-6/data/ratis
2022-11-03 05:23:06,854 [Thread-216] INFO  ozoneimpl.ContainerReader (ContainerReader.java:readVolume(175)) - Finish verifying containers on volume /home/runner/work/ozone/ozone/hadoop-ozone/integration-test/target/test-dir/MiniOzoneClusterImpl-a947a097-fc53-45d1-b902-fe1272537128/datanode-6/data-0/containers/hdds
2022-11-03 05:23:06,854 [Listener at 127.0.0.1/40235] INFO  ozoneimpl.OzoneContainer (OzoneContainer.java:buildContainerSet(300)) - Build ContainerSet costs 0s
2022-11-03 05:23:06,856 [Listener at 127.0.0.1/40235] INFO  server.RaftServer (ConfUtils.java:logGet(46)) - raft.rpc.type = GRPC (default)
2022-11-03 05:23:06,856 [Listener at 127.0.0.1/40235] INFO  grpc.GrpcConfigKeys (ConfUtils.java:logFallback(53)) - raft.grpc.admin.host = null (fallback to raft.grpc.server.host)
2022-11-03 05:23:06,856 [Listener at 127.0.0.1/40235] INFO  grpc.GrpcConfigKeys (ConfUtils.java:logGet(46)) - raft.grpc.admin.port = 0 (custom)
2022-11-03 05:23:06,856 [Listener at 127.0.0.1/40235] INFO  grpc.GrpcConfigKeys (ConfUtils.java:logFallback(53)) - raft.grpc.client.host = null (fallback to raft.grpc.server.host)
2022-11-03 05:23:06,857 [Listener at 127.0.0.1/40235] INFO  grpc.GrpcConfigKeys (ConfUtils.java:logGet(46)) - raft.grpc.client.port = 0 (custom)
2022-11-03 05:23:06,857 [Listener at 127.0.0.1/40235] INFO  grpc.GrpcConfigKeys (ConfUtils.java:logGet(46)) - raft.grpc.server.host = null (default)
2022-11-03 05:23:06,857 [Listener at 127.0.0.1/40235] INFO  grpc.GrpcConfigKeys (ConfUtils.java:logGet(46)) - raft.grpc.server.port = 0 (default)
2022-11-03 05:23:06,857 [Listener at 127.0.0.1/40235] INFO  server.GrpcService (ConfUtils.java:logGet(46)) - raft.grpc.message.size.max = 32MB (=33554432) (custom)
2022-11-03 05:23:06,857 [Listener at 127.0.0.1/40235] INFO  server.RaftServerConfigKeys (ConfUtils.java:logGet(46)) - raft.server.log.appender.buffer.byte-limit = 33554432 (custom)
2022-11-03 05:23:06,857 [Listener at 127.0.0.1/40235] INFO  server.GrpcService (ConfUtils.java:logGet(46)) - raft.grpc.flow.control.window = 5MB (=5242880) (custom)
2022-11-03 05:23:06,857 [Listener at 127.0.0.1/40235] INFO  server.RaftServerConfigKeys (ConfUtils.java:logGet(46)) - raft.server.rpc.request.timeout = 60s (custom)
2022-11-03 05:23:06,857 [Listener at 127.0.0.1/40235] INFO  grpc.GrpcConfigKeys (ConfUtils.java:logGet(46)) - raft.grpc.server.heartbeat.channel = true (default)
2022-11-03 05:23:06,858 [Listener at 127.0.0.1/40235] INFO  grpc.GrpcConfigKeys (ConfUtils.java:logGet(46)) - raft.grpc.server.async.request.thread.pool.cached = true (default)
2022-11-03 05:23:06,858 [Listener at 127.0.0.1/40235] INFO  grpc.GrpcConfigKeys (ConfUtils.java:logGet(46)) - raft.grpc.server.async.request.thread.pool.size = 32 (default)
2022-11-03 05:23:06,859 [Listener at 127.0.0.1/40235] INFO  impl.DataStreamServerImpl (ConfUtils.java:logGet(46)) - raft.datastream.type = DISABLED (default)
2022-11-03 05:23:06,859 [Listener at 127.0.0.1/40235] INFO  server.RaftServerConfigKeys (ConfUtils.java:logGet(46)) - raft.server.threadpool.proxy.cached = true (default)
2022-11-03 05:23:06,859 [Listener at 127.0.0.1/40235] INFO  server.RaftServerConfigKeys (ConfUtils.java:logGet(46)) - raft.server.threadpool.proxy.size = 0 (default)
2022-11-03 05:23:06,859 [Listener at 127.0.0.1/40235] INFO  server.RaftServerConfigKeys (ConfUtils.java:logGet(46)) - raft.server.rpc.slowness.timeout = 300s (custom)
2022-11-03 05:23:06,859 [Listener at 127.0.0.1/40235] INFO  server.RaftServerConfigKeys (ConfUtils.java:logGet(46)) - raft.server.leaderelection.leader.step-down.wait-time = 10s (default)
2022-11-03 05:23:06,859 [Listener at 127.0.0.1/40235] INFO  server.RaftServerConfigKeys (ConfUtils.java:logGet(46)) - raft.server.storage.dir = [/home/runner/work/ozone/ozone/hadoop-ozone/integration-test/target/test-dir/MiniOzoneClusterImpl-a947a097-fc53-45d1-b902-fe1272537128/datanode-6/data/ratis] (custom)
2022-11-03 05:23:06,861 [Listener at 127.0.0.1/40235] INFO  server.XceiverServerGrpc (XceiverServerGrpc.java:<init>(132)) - GrpcServer channel type EpollServerSocketChannel
2022-11-03 05:23:06,863 [Listener at 127.0.0.1/40235] INFO  http.BaseHttpServer (BaseHttpServer.java:newHttpServer2BuilderForOzone(213)) - Starting Web-server for hddsDatanode at: http://0.0.0.0:0
2022-11-03 05:23:06,863 [Listener at 127.0.0.1/40235] INFO  http.BaseHttpServer (BaseHttpServer.java:<init>(108)) - Hadoop Security Enabled: false Ozone Security Enabled: false Ozone HTTP Security Enabled: false 
2022-11-03 05:23:06,864 [Listener at 127.0.0.1/40235] WARN  server.AuthenticationFilter (AuthenticationFilter.java:constructSecretProvider(240)) - Unable to initialize FileSignerSecretProvider, falling back to use random secrets. Reason: Could not read signature secret file: /home/runner/hadoop-http-auth-signature-secret
2022-11-03 05:23:06,868 [Listener at 127.0.0.1/40235] WARN  http.HttpRequestLog (HttpRequestLog.java:getRequestLog(103)) - Jetty request log can only be enabled using Log4j
2022-11-03 05:23:06,869 [Listener at 127.0.0.1/40235] INFO  http.HttpServer2 (HttpServer2.java:addGlobalFilter(1031)) - Added global filter 'safety' (class=org.apache.hadoop.hdds.server.http.HttpServer2$QuotingInputFilter)
2022-11-03 05:23:06,870 [Listener at 127.0.0.1/40235] INFO  http.HttpServer2 (HttpServer2.java:addFilter(1007)) - Added filter static_user_filter (class=org.apache.hadoop.http.lib.StaticUserWebFilter$StaticUserFilter) to context hddsDatanode
2022-11-03 05:23:06,870 [Listener at 127.0.0.1/40235] INFO  http.HttpServer2 (HttpServer2.java:addFilter(1015)) - Added filter static_user_filter (class=org.apache.hadoop.http.lib.StaticUserWebFilter$StaticUserFilter) to context logs
2022-11-03 05:23:06,870 [Listener at 127.0.0.1/40235] INFO  http.HttpServer2 (HttpServer2.java:addFilter(1015)) - Added filter static_user_filter (class=org.apache.hadoop.http.lib.StaticUserWebFilter$StaticUserFilter) to context static
2022-11-03 05:23:06,871 [Listener at 127.0.0.1/40235] INFO  http.HttpServer2 (HttpServer2.java:bindListener(1250)) - Jetty bound to port 45901
2022-11-03 05:23:06,871 [Listener at 127.0.0.1/40235] INFO  server.Server (Server.java:doStart(375)) - jetty-9.4.49.v20220914; built: 2022-09-14T01:07:36.601Z; git: 4231a3b2e4cb8548a412a789936d640a97b1aa0a; jvm 1.8.0_345-b01
2022-11-03 05:23:06,908 [Listener at 127.0.0.1/40235] INFO  server.session (DefaultSessionIdManager.java:doStart(334)) - DefaultSessionIdManager workerName=node0
2022-11-03 05:23:06,908 [Listener at 127.0.0.1/40235] INFO  server.session (DefaultSessionIdManager.java:doStart(339)) - No SessionScavenger set, using defaults
2022-11-03 05:23:06,908 [Listener at 127.0.0.1/40235] INFO  server.session (HouseKeeper.java:startScavenging(132)) - node0 Scavenging every 660000ms
2022-11-03 05:23:06,910 [Listener at 127.0.0.1/40235] INFO  handler.ContextHandler (ContextHandler.java:doStart(921)) - Started o.e.j.s.ServletContextHandler@e026cf0{logs,/logs,file:///home/runner/work/ozone/ozone/hadoop-ozone/integration-test/target/log,AVAILABLE}
2022-11-03 05:23:06,911 [Listener at 127.0.0.1/40235] INFO  handler.ContextHandler (ContextHandler.java:doStart(921)) - Started o.e.j.s.ServletContextHandler@67a4a5b0{static,/static,jar:file:/home/runner/.m2/repository/org/apache/ozone/hdds-container-service/1.3.0-SNAPSHOT/hdds-container-service-1.3.0-SNAPSHOT.jar!/webapps/static,AVAILABLE}
2022-11-03 05:23:07,036 [EndpointStateMachine task thread for /0.0.0.0:34199 - 0 ] INFO  utils.DatanodeStoreCache (DatanodeStoreCache.java:addDB(58)) - Added db /home/runner/work/ozone/ozone/hadoop-ozone/integration-test/target/test-dir/MiniOzoneClusterImpl-a947a097-fc53-45d1-b902-fe1272537128/datanode-0/data-0/containers/hdds/a947a097-fc53-45d1-b902-fe1272537128/DS-5e2d1322-5d39-455e-81f5-0c4c42302949/container.db to cache
2022-11-03 05:23:07,036 [EndpointStateMachine task thread for /0.0.0.0:34199 - 0 ] INFO  volume.HddsVolume (HddsVolume.java:createDbStore(307)) - SchemaV3 db is created and loaded at /home/runner/work/ozone/ozone/hadoop-ozone/integration-test/target/test-dir/MiniOzoneClusterImpl-a947a097-fc53-45d1-b902-fe1272537128/datanode-0/data-0/containers/hdds/a947a097-fc53-45d1-b902-fe1272537128/DS-5e2d1322-5d39-455e-81f5-0c4c42302949/container.db for volume DS-5e2d1322-5d39-455e-81f5-0c4c42302949
2022-11-03 05:23:07,038 [EndpointStateMachine task thread for /0.0.0.0:34199 - 0 ] INFO  ozoneimpl.OzoneContainer (OzoneContainer.java:start(378)) - Attempting to start container services.
2022-11-03 05:23:07,039 [EndpointStateMachine task thread for /0.0.0.0:34199 - 0 ] INFO  ozoneimpl.OzoneContainer (OzoneContainer.java:startContainerScrub(313)) - Background container scanner has been disabled.
2022-11-03 05:23:07,041 [EndpointStateMachine task thread for /0.0.0.0:34199 - 0 ] INFO  replication.ReplicationServer (ReplicationServer.java:start(111)) - ReplicationServer is started using port 45413
2022-11-03 05:23:07,043 [EndpointStateMachine task thread for /0.0.0.0:34199 - 0 ] INFO  ratis.XceiverServerRatis (XceiverServerRatis.java:start(481)) - Starting XceiverServerRatis aafd62d6-5d37-4c95-9ffb-fecfd05fefa6
2022-11-03 05:23:07,052 [EndpointStateMachine task thread for /0.0.0.0:34199 - 0 ] INFO  server.RaftServer (RaftServerProxy.java:startImpl(393)) - aafd62d6-5d37-4c95-9ffb-fecfd05fefa6: start RPC server
2022-11-03 05:23:07,058 [EndpointStateMachine task thread for /0.0.0.0:34199 - 0 ] INFO  server.GrpcService (GrpcService.java:startImpl(270)) - aafd62d6-5d37-4c95-9ffb-fecfd05fefa6: GrpcService started, listening on 39817
2022-11-03 05:23:07,059 [EndpointStateMachine task thread for /0.0.0.0:34199 - 0 ] INFO  ratis.XceiverServerRatis (XceiverServerRatis.java:getRealPort(502)) - XceiverServerRatis aafd62d6-5d37-4c95-9ffb-fecfd05fefa6 is started using port 39817 for RATIS
2022-11-03 05:23:07,059 [EndpointStateMachine task thread for /0.0.0.0:34199 - 0 ] INFO  ratis.XceiverServerRatis (XceiverServerRatis.java:getRealPort(502)) - XceiverServerRatis aafd62d6-5d37-4c95-9ffb-fecfd05fefa6 is started using port 39817 for RATIS_ADMIN
2022-11-03 05:23:07,059 [EndpointStateMachine task thread for /0.0.0.0:34199 - 0 ] INFO  ratis.XceiverServerRatis (XceiverServerRatis.java:getRealPort(502)) - XceiverServerRatis aafd62d6-5d37-4c95-9ffb-fecfd05fefa6 is started using port 39817 for RATIS_SERVER
2022-11-03 05:23:07,059 [JvmPauseMonitor1] INFO  util.JvmPauseMonitor (JvmPauseMonitor.java:run(105)) - JvmPauseMonitor-aafd62d6-5d37-4c95-9ffb-fecfd05fefa6: Started
2022-11-03 05:23:07,061 [EndpointStateMachine task thread for /0.0.0.0:34199 - 0 ] INFO  server.XceiverServerGrpc (XceiverServerGrpc.java:start(180)) - XceiverServerGrpc aafd62d6-5d37-4c95-9ffb-fecfd05fefa6 is started using port 42255
2022-11-03 05:23:07,160 [Listener at 127.0.0.1/40235] INFO  handler.ContextHandler (ContextHandler.java:doStart(921)) - Started o.e.j.w.WebAppContext@219c8df9{hddsDatanode,/,file:///tmp/jetty-0_0_0_0-45901-hdds-container-service-1_3_0-SNAPSHOT_jar-_-any-5721125917704352114/webapp/,AVAILABLE}{jar:file:/home/runner/.m2/repository/org/apache/ozone/hdds-container-service/1.3.0-SNAPSHOT/hdds-container-service-1.3.0-SNAPSHOT.jar!/webapps/hddsDatanode}
2022-11-03 05:23:07,162 [Listener at 127.0.0.1/40235] INFO  server.AbstractConnector (AbstractConnector.java:doStart(333)) - Started ServerConnector@2c61e062{HTTP/1.1, (http/1.1)}{0.0.0.0:45901}
2022-11-03 05:23:07,162 [Listener at 127.0.0.1/40235] INFO  server.Server (Server.java:doStart(415)) - Started @9870ms
2022-11-03 05:23:07,162 [Listener at 127.0.0.1/40235] WARN  impl.MetricsSystemImpl (MetricsSystemImpl.java:register(279)) - Sink prometheus already exists!
2022-11-03 05:23:07,162 [Listener at 127.0.0.1/40235] INFO  http.BaseHttpServer (BaseHttpServer.java:updateConnectorAddress(333)) - HTTP server of hddsDatanode listening at http://0.0.0.0:45901
2022-11-03 05:23:07,164 [Listener at 127.0.0.1/40235] WARN  impl.MetricRegistriesImpl (MetricRegistriesImpl.java:addReporterRegistration(111)) - New reporters are added after registries were created. Some metrics will be missing from the reporter. Please add reporter before adding any new registry.
2022-11-03 05:23:07,164 [Listener at 127.0.0.1/40235] WARN  impl.MetricRegistriesImpl (MetricRegistriesImpl.java:addReporterRegistration(111)) - New reporters are added after registries were created. Some metrics will be missing from the reporter. Please add reporter before adding any new registry.
2022-11-03 05:23:07,164 [Listener at 127.0.0.1/40235] INFO  impl.MetricsSystemImpl (MetricsSystemImpl.java:init(158)) - HddsDatanode metrics system started (again)
2022-11-03 05:23:07,188 [Datanode State Machine Daemon Thread] INFO  statemachine.DatanodeStateMachine (DatanodeStateMachine.java:lambda$startDaemon$0(505)) - Ozone container server started.
2022-11-03 05:23:07,196 [org.apache.hadoop.util.JvmPauseMonitor$Monitor@6c33046b] INFO  util.JvmPauseMonitor (JvmPauseMonitor.java:run(188)) - Starting JVM pause monitor
2022-11-03 05:23:07,197 [Datanode State Machine Task Thread - 0] INFO  datanode.InitDatanodeState (InitDatanodeState.java:persistContainerDatanodeDetails(138)) - DatanodeDetails is persisted to /home/runner/work/ozone/ozone/hadoop-ozone/integration-test/target/test-dir/MiniOzoneClusterImpl-a947a097-fc53-45d1-b902-fe1272537128/datanode-6/meta/datanode.id
2022-11-03 05:23:07,207 [Listener at 127.0.0.1/40235] INFO  ozone.HddsDatanodeService (HddsDatanodeService.java:start(236)) - HddsDatanodeService host:fv-az119-847.ca0t41jjrjaujd4nublazzptxb.cx.internal.cloudapp.net ip:10.1.1.42
2022-11-03 05:23:07,223 [Listener at 127.0.0.1/40235] INFO  upgrade.AbstractLayoutVersionManager (AbstractLayoutVersionManager.java:init(83)) - Initializing Layout version manager with metadata layout = DATANODE_SCHEMA_V3 (version = 4), software layout = DATANODE_SCHEMA_V3 (version = 4)
2022-11-03 05:23:07,266 [Listener at 127.0.0.1/40235] INFO  reflections.Reflections (Reflections.java:scan(232)) - Reflections took 42 ms to scan 7 urls, producing 139 keys and 336 values 
2022-11-03 05:23:07,267 [Listener at 127.0.0.1/40235] INFO  statemachine.DatanodeStateMachine (DatanodeStateMachine.java:getEndPointTaskThreadPoolSize(245)) - Datanode State Machine Task Thread Pool size 2
2022-11-03 05:23:07,269 [Listener at 127.0.0.1/40235] INFO  volume.HddsVolume (HddsVolume.java:<init>(117)) - Creating HddsVolume: /home/runner/work/ozone/ozone/hadoop-ozone/integration-test/target/test-dir/MiniOzoneClusterImpl-a947a097-fc53-45d1-b902-fe1272537128/datanode-7/data-0/containers/hdds of storage type : DISK capacity : 9223372036854775807
2022-11-03 05:23:07,269 [Listener at 127.0.0.1/40235] INFO  volume.MutableVolumeSet (MutableVolumeSet.java:initializeVolumeSet(174)) - Added Volume : /home/runner/work/ozone/ozone/hadoop-ozone/integration-test/target/test-dir/MiniOzoneClusterImpl-a947a097-fc53-45d1-b902-fe1272537128/datanode-7/data-0/containers/hdds to VolumeSet
2022-11-03 05:23:07,269 [Listener at 127.0.0.1/40235] INFO  volume.ThrottledAsyncChecker (ThrottledAsyncChecker.java:schedule(141)) - Scheduling a check for /home/runner/work/ozone/ozone/hadoop-ozone/integration-test/target/test-dir/MiniOzoneClusterImpl-a947a097-fc53-45d1-b902-fe1272537128/datanode-7/data-0/containers/hdds
2022-11-03 05:23:07,276 [Listener at 127.0.0.1/40235] INFO  volume.StorageVolumeChecker (StorageVolumeChecker.java:checkAllVolumes(202)) - Scheduled health check for volume /home/runner/work/ozone/ozone/hadoop-ozone/integration-test/target/test-dir/MiniOzoneClusterImpl-a947a097-fc53-45d1-b902-fe1272537128/datanode-7/data-0/containers/hdds
2022-11-03 05:23:07,294 [Listener at 127.0.0.1/40235] INFO  volume.MutableVolumeSet (MutableVolumeSet.java:initializeVolumeSet(174)) - Added Volume : /home/runner/work/ozone/ozone/hadoop-ozone/integration-test/target/test-dir/MiniOzoneClusterImpl-a947a097-fc53-45d1-b902-fe1272537128/datanode-7/data/ratis to VolumeSet
2022-11-03 05:23:07,295 [Listener at 127.0.0.1/40235] INFO  volume.ThrottledAsyncChecker (ThrottledAsyncChecker.java:schedule(141)) - Scheduling a check for /home/runner/work/ozone/ozone/hadoop-ozone/integration-test/target/test-dir/MiniOzoneClusterImpl-a947a097-fc53-45d1-b902-fe1272537128/datanode-7/data/ratis
2022-11-03 05:23:07,295 [Listener at 127.0.0.1/40235] INFO  volume.StorageVolumeChecker (StorageVolumeChecker.java:checkAllVolumes(202)) - Scheduled health check for volume /home/runner/work/ozone/ozone/hadoop-ozone/integration-test/target/test-dir/MiniOzoneClusterImpl-a947a097-fc53-45d1-b902-fe1272537128/datanode-7/data/ratis
2022-11-03 05:23:07,305 [Thread-235] INFO  ozoneimpl.ContainerReader (ContainerReader.java:readVolume(175)) - Finish verifying containers on volume /home/runner/work/ozone/ozone/hadoop-ozone/integration-test/target/test-dir/MiniOzoneClusterImpl-a947a097-fc53-45d1-b902-fe1272537128/datanode-7/data-0/containers/hdds
2022-11-03 05:23:07,305 [Listener at 127.0.0.1/40235] INFO  ozoneimpl.OzoneContainer (OzoneContainer.java:buildContainerSet(300)) - Build ContainerSet costs 0s
2022-11-03 05:23:07,307 [Listener at 127.0.0.1/40235] INFO  server.RaftServer (ConfUtils.java:logGet(46)) - raft.rpc.type = GRPC (default)
2022-11-03 05:23:07,307 [Listener at 127.0.0.1/40235] INFO  grpc.GrpcConfigKeys (ConfUtils.java:logFallback(53)) - raft.grpc.admin.host = null (fallback to raft.grpc.server.host)
2022-11-03 05:23:07,308 [Listener at 127.0.0.1/40235] INFO  grpc.GrpcConfigKeys (ConfUtils.java:logGet(46)) - raft.grpc.admin.port = 0 (custom)
2022-11-03 05:23:07,308 [Listener at 127.0.0.1/40235] INFO  grpc.GrpcConfigKeys (ConfUtils.java:logFallback(53)) - raft.grpc.client.host = null (fallback to raft.grpc.server.host)
2022-11-03 05:23:07,308 [Listener at 127.0.0.1/40235] INFO  grpc.GrpcConfigKeys (ConfUtils.java:logGet(46)) - raft.grpc.client.port = 0 (custom)
2022-11-03 05:23:07,308 [Listener at 127.0.0.1/40235] INFO  grpc.GrpcConfigKeys (ConfUtils.java:logGet(46)) - raft.grpc.server.host = null (default)
2022-11-03 05:23:07,308 [Listener at 127.0.0.1/40235] INFO  grpc.GrpcConfigKeys (ConfUtils.java:logGet(46)) - raft.grpc.server.port = 0 (default)
2022-11-03 05:23:07,308 [Listener at 127.0.0.1/40235] INFO  server.GrpcService (ConfUtils.java:logGet(46)) - raft.grpc.message.size.max = 32MB (=33554432) (custom)
2022-11-03 05:23:07,308 [Listener at 127.0.0.1/40235] INFO  server.RaftServerConfigKeys (ConfUtils.java:logGet(46)) - raft.server.log.appender.buffer.byte-limit = 33554432 (custom)
2022-11-03 05:23:07,308 [Listener at 127.0.0.1/40235] INFO  server.GrpcService (ConfUtils.java:logGet(46)) - raft.grpc.flow.control.window = 5MB (=5242880) (custom)
2022-11-03 05:23:07,309 [Listener at 127.0.0.1/40235] INFO  server.RaftServerConfigKeys (ConfUtils.java:logGet(46)) - raft.server.rpc.request.timeout = 60s (custom)
2022-11-03 05:23:07,309 [Listener at 127.0.0.1/40235] INFO  grpc.GrpcConfigKeys (ConfUtils.java:logGet(46)) - raft.grpc.server.heartbeat.channel = true (default)
2022-11-03 05:23:07,309 [Listener at 127.0.0.1/40235] INFO  grpc.GrpcConfigKeys (ConfUtils.java:logGet(46)) - raft.grpc.server.async.request.thread.pool.cached = true (default)
2022-11-03 05:23:07,309 [Listener at 127.0.0.1/40235] INFO  grpc.GrpcConfigKeys (ConfUtils.java:logGet(46)) - raft.grpc.server.async.request.thread.pool.size = 32 (default)
2022-11-03 05:23:07,310 [Listener at 127.0.0.1/40235] INFO  impl.DataStreamServerImpl (ConfUtils.java:logGet(46)) - raft.datastream.type = DISABLED (default)
2022-11-03 05:23:07,310 [Listener at 127.0.0.1/40235] INFO  server.RaftServerConfigKeys (ConfUtils.java:logGet(46)) - raft.server.threadpool.proxy.cached = true (default)
2022-11-03 05:23:07,310 [Listener at 127.0.0.1/40235] INFO  server.RaftServerConfigKeys (ConfUtils.java:logGet(46)) - raft.server.threadpool.proxy.size = 0 (default)
2022-11-03 05:23:07,310 [Listener at 127.0.0.1/40235] INFO  server.RaftServerConfigKeys (ConfUtils.java:logGet(46)) - raft.server.rpc.slowness.timeout = 300s (custom)
2022-11-03 05:23:07,310 [Listener at 127.0.0.1/40235] INFO  server.RaftServerConfigKeys (ConfUtils.java:logGet(46)) - raft.server.leaderelection.leader.step-down.wait-time = 10s (default)
2022-11-03 05:23:07,310 [Listener at 127.0.0.1/40235] INFO  server.RaftServerConfigKeys (ConfUtils.java:logGet(46)) - raft.server.storage.dir = [/home/runner/work/ozone/ozone/hadoop-ozone/integration-test/target/test-dir/MiniOzoneClusterImpl-a947a097-fc53-45d1-b902-fe1272537128/datanode-7/data/ratis] (custom)
2022-11-03 05:23:07,312 [Listener at 127.0.0.1/40235] INFO  server.XceiverServerGrpc (XceiverServerGrpc.java:<init>(132)) - GrpcServer channel type EpollServerSocketChannel
2022-11-03 05:23:07,315 [Listener at 127.0.0.1/40235] INFO  http.BaseHttpServer (BaseHttpServer.java:newHttpServer2BuilderForOzone(213)) - Starting Web-server for hddsDatanode at: http://0.0.0.0:0
2022-11-03 05:23:07,315 [Listener at 127.0.0.1/40235] INFO  http.BaseHttpServer (BaseHttpServer.java:<init>(108)) - Hadoop Security Enabled: false Ozone Security Enabled: false Ozone HTTP Security Enabled: false 
2022-11-03 05:23:07,316 [Listener at 127.0.0.1/40235] WARN  server.AuthenticationFilter (AuthenticationFilter.java:constructSecretProvider(240)) - Unable to initialize FileSignerSecretProvider, falling back to use random secrets. Reason: Could not read signature secret file: /home/runner/hadoop-http-auth-signature-secret
2022-11-03 05:23:07,319 [Listener at 127.0.0.1/40235] WARN  http.HttpRequestLog (HttpRequestLog.java:getRequestLog(103)) - Jetty request log can only be enabled using Log4j
2022-11-03 05:23:07,320 [Listener at 127.0.0.1/40235] INFO  http.HttpServer2 (HttpServer2.java:addGlobalFilter(1031)) - Added global filter 'safety' (class=org.apache.hadoop.hdds.server.http.HttpServer2$QuotingInputFilter)
2022-11-03 05:23:07,321 [Listener at 127.0.0.1/40235] INFO  http.HttpServer2 (HttpServer2.java:addFilter(1007)) - Added filter static_user_filter (class=org.apache.hadoop.http.lib.StaticUserWebFilter$StaticUserFilter) to context hddsDatanode
2022-11-03 05:23:07,321 [Listener at 127.0.0.1/40235] INFO  http.HttpServer2 (HttpServer2.java:addFilter(1015)) - Added filter static_user_filter (class=org.apache.hadoop.http.lib.StaticUserWebFilter$StaticUserFilter) to context static
2022-11-03 05:23:07,321 [Listener at 127.0.0.1/40235] INFO  http.HttpServer2 (HttpServer2.java:addFilter(1015)) - Added filter static_user_filter (class=org.apache.hadoop.http.lib.StaticUserWebFilter$StaticUserFilter) to context logs
2022-11-03 05:23:07,321 [Listener at 127.0.0.1/40235] INFO  http.HttpServer2 (HttpServer2.java:bindListener(1250)) - Jetty bound to port 42697
2022-11-03 05:23:07,322 [Listener at 127.0.0.1/40235] INFO  server.Server (Server.java:doStart(375)) - jetty-9.4.49.v20220914; built: 2022-09-14T01:07:36.601Z; git: 4231a3b2e4cb8548a412a789936d640a97b1aa0a; jvm 1.8.0_345-b01
2022-11-03 05:23:07,326 [Listener at 127.0.0.1/40235] INFO  server.session (DefaultSessionIdManager.java:doStart(334)) - DefaultSessionIdManager workerName=node0
2022-11-03 05:23:07,326 [Listener at 127.0.0.1/40235] INFO  server.session (DefaultSessionIdManager.java:doStart(339)) - No SessionScavenger set, using defaults
2022-11-03 05:23:07,326 [Listener at 127.0.0.1/40235] INFO  server.session (HouseKeeper.java:startScavenging(132)) - node0 Scavenging every 660000ms
2022-11-03 05:23:07,327 [Listener at 127.0.0.1/40235] INFO  handler.ContextHandler (ContextHandler.java:doStart(921)) - Started o.e.j.s.ServletContextHandler@4febd275{logs,/logs,file:///home/runner/work/ozone/ozone/hadoop-ozone/integration-test/target/log,AVAILABLE}
2022-11-03 05:23:07,328 [Listener at 127.0.0.1/40235] INFO  handler.ContextHandler (ContextHandler.java:doStart(921)) - Started o.e.j.s.ServletContextHandler@fdacdbb{static,/static,jar:file:/home/runner/.m2/repository/org/apache/ozone/hdds-container-service/1.3.0-SNAPSHOT/hdds-container-service-1.3.0-SNAPSHOT.jar!/webapps/static,AVAILABLE}
2022-11-03 05:23:07,423 [EndpointStateMachine task thread for /0.0.0.0:34199 - 0 ] INFO  utils.DatanodeStoreCache (DatanodeStoreCache.java:addDB(58)) - Added db /home/runner/work/ozone/ozone/hadoop-ozone/integration-test/target/test-dir/MiniOzoneClusterImpl-a947a097-fc53-45d1-b902-fe1272537128/datanode-1/data-0/containers/hdds/a947a097-fc53-45d1-b902-fe1272537128/DS-216774ae-0593-42bc-9d48-3d8b5d343645/container.db to cache
2022-11-03 05:23:07,424 [EndpointStateMachine task thread for /0.0.0.0:34199 - 0 ] INFO  volume.HddsVolume (HddsVolume.java:createDbStore(307)) - SchemaV3 db is created and loaded at /home/runner/work/ozone/ozone/hadoop-ozone/integration-test/target/test-dir/MiniOzoneClusterImpl-a947a097-fc53-45d1-b902-fe1272537128/datanode-1/data-0/containers/hdds/a947a097-fc53-45d1-b902-fe1272537128/DS-216774ae-0593-42bc-9d48-3d8b5d343645/container.db for volume DS-216774ae-0593-42bc-9d48-3d8b5d343645
2022-11-03 05:23:07,424 [EndpointStateMachine task thread for /0.0.0.0:34199 - 0 ] INFO  ozoneimpl.OzoneContainer (OzoneContainer.java:start(378)) - Attempting to start container services.
2022-11-03 05:23:07,424 [EndpointStateMachine task thread for /0.0.0.0:34199 - 0 ] INFO  ozoneimpl.OzoneContainer (OzoneContainer.java:startContainerScrub(313)) - Background container scanner has been disabled.
2022-11-03 05:23:07,436 [EndpointStateMachine task thread for /0.0.0.0:34199 - 0 ] INFO  replication.ReplicationServer (ReplicationServer.java:start(111)) - ReplicationServer is started using port 37571
2022-11-03 05:23:07,437 [EndpointStateMachine task thread for /0.0.0.0:34199 - 0 ] INFO  ratis.XceiverServerRatis (XceiverServerRatis.java:start(481)) - Starting XceiverServerRatis b788acd7-0bfa-48fd-ae0f-b822d5826f57
2022-11-03 05:23:07,448 [EndpointStateMachine task thread for /0.0.0.0:34199 - 0 ] INFO  server.RaftServer (RaftServerProxy.java:startImpl(393)) - b788acd7-0bfa-48fd-ae0f-b822d5826f57: start RPC server
2022-11-03 05:23:07,450 [EndpointStateMachine task thread for /0.0.0.0:34199 - 0 ] INFO  server.GrpcService (GrpcService.java:startImpl(270)) - b788acd7-0bfa-48fd-ae0f-b822d5826f57: GrpcService started, listening on 42793
2022-11-03 05:23:07,460 [EndpointStateMachine task thread for /0.0.0.0:34199 - 0 ] INFO  ratis.XceiverServerRatis (XceiverServerRatis.java:getRealPort(502)) - XceiverServerRatis b788acd7-0bfa-48fd-ae0f-b822d5826f57 is started using port 42793 for RATIS
2022-11-03 05:23:07,460 [EndpointStateMachine task thread for /0.0.0.0:34199 - 0 ] INFO  ratis.XceiverServerRatis (XceiverServerRatis.java:getRealPort(502)) - XceiverServerRatis b788acd7-0bfa-48fd-ae0f-b822d5826f57 is started using port 42793 for RATIS_ADMIN
2022-11-03 05:23:07,460 [EndpointStateMachine task thread for /0.0.0.0:34199 - 0 ] INFO  ratis.XceiverServerRatis (XceiverServerRatis.java:getRealPort(502)) - XceiverServerRatis b788acd7-0bfa-48fd-ae0f-b822d5826f57 is started using port 42793 for RATIS_SERVER
2022-11-03 05:23:07,461 [JvmPauseMonitor2] INFO  util.JvmPauseMonitor (JvmPauseMonitor.java:run(105)) - JvmPauseMonitor-b788acd7-0bfa-48fd-ae0f-b822d5826f57: Started
2022-11-03 05:23:07,467 [EndpointStateMachine task thread for /0.0.0.0:34199 - 0 ] INFO  server.XceiverServerGrpc (XceiverServerGrpc.java:start(180)) - XceiverServerGrpc b788acd7-0bfa-48fd-ae0f-b822d5826f57 is started using port 43375
2022-11-03 05:23:07,535 [Listener at 127.0.0.1/40235] INFO  handler.ContextHandler (ContextHandler.java:doStart(921)) - Started o.e.j.w.WebAppContext@233f9fc{hddsDatanode,/,file:///tmp/jetty-0_0_0_0-42697-hdds-container-service-1_3_0-SNAPSHOT_jar-_-any-8007598645823307306/webapp/,AVAILABLE}{jar:file:/home/runner/.m2/repository/org/apache/ozone/hdds-container-service/1.3.0-SNAPSHOT/hdds-container-service-1.3.0-SNAPSHOT.jar!/webapps/hddsDatanode}
2022-11-03 05:23:07,536 [Listener at 127.0.0.1/40235] INFO  server.AbstractConnector (AbstractConnector.java:doStart(333)) - Started ServerConnector@20f76b7a{HTTP/1.1, (http/1.1)}{0.0.0.0:42697}
2022-11-03 05:23:07,536 [Listener at 127.0.0.1/40235] INFO  server.Server (Server.java:doStart(415)) - Started @10245ms
2022-11-03 05:23:07,537 [Listener at 127.0.0.1/40235] WARN  impl.MetricsSystemImpl (MetricsSystemImpl.java:register(279)) - Sink prometheus already exists!
2022-11-03 05:23:07,537 [Listener at 127.0.0.1/40235] INFO  http.BaseHttpServer (BaseHttpServer.java:updateConnectorAddress(333)) - HTTP server of hddsDatanode listening at http://0.0.0.0:42697
2022-11-03 05:23:07,540 [Datanode State Machine Daemon Thread] INFO  statemachine.DatanodeStateMachine (DatanodeStateMachine.java:lambda$startDaemon$0(505)) - Ozone container server started.
2022-11-03 05:23:07,544 [Listener at 127.0.0.1/40235] WARN  impl.MetricRegistriesImpl (MetricRegistriesImpl.java:addReporterRegistration(111)) - New reporters are added after registries were created. Some metrics will be missing from the reporter. Please add reporter before adding any new registry.
2022-11-03 05:23:07,544 [Listener at 127.0.0.1/40235] WARN  impl.MetricRegistriesImpl (MetricRegistriesImpl.java:addReporterRegistration(111)) - New reporters are added after registries were created. Some metrics will be missing from the reporter. Please add reporter before adding any new registry.
2022-11-03 05:23:07,544 [Listener at 127.0.0.1/40235] INFO  impl.MetricsSystemImpl (MetricsSystemImpl.java:init(158)) - HddsDatanode metrics system started (again)
2022-11-03 05:23:07,554 [org.apache.hadoop.util.JvmPauseMonitor$Monitor@7dfe45f1] INFO  util.JvmPauseMonitor (JvmPauseMonitor.java:run(188)) - Starting JVM pause monitor
2022-11-03 05:23:07,556 [Datanode State Machine Task Thread - 0] INFO  datanode.InitDatanodeState (InitDatanodeState.java:persistContainerDatanodeDetails(138)) - DatanodeDetails is persisted to /home/runner/work/ozone/ozone/hadoop-ozone/integration-test/target/test-dir/MiniOzoneClusterImpl-a947a097-fc53-45d1-b902-fe1272537128/datanode-7/meta/datanode.id
2022-11-03 05:23:07,562 [Listener at 127.0.0.1/40235] INFO  ozone.HddsDatanodeService (HddsDatanodeService.java:start(236)) - HddsDatanodeService host:fv-az119-847.ca0t41jjrjaujd4nublazzptxb.cx.internal.cloudapp.net ip:10.1.1.42
2022-11-03 05:23:07,582 [Listener at 127.0.0.1/40235] INFO  upgrade.AbstractLayoutVersionManager (AbstractLayoutVersionManager.java:init(83)) - Initializing Layout version manager with metadata layout = DATANODE_SCHEMA_V3 (version = 4), software layout = DATANODE_SCHEMA_V3 (version = 4)
2022-11-03 05:23:07,625 [Listener at 127.0.0.1/40235] INFO  reflections.Reflections (Reflections.java:scan(232)) - Reflections took 42 ms to scan 7 urls, producing 139 keys and 336 values 
2022-11-03 05:23:07,626 [Listener at 127.0.0.1/40235] INFO  statemachine.DatanodeStateMachine (DatanodeStateMachine.java:getEndPointTaskThreadPoolSize(245)) - Datanode State Machine Task Thread Pool size 2
2022-11-03 05:23:07,629 [Listener at 127.0.0.1/40235] INFO  volume.HddsVolume (HddsVolume.java:<init>(117)) - Creating HddsVolume: /home/runner/work/ozone/ozone/hadoop-ozone/integration-test/target/test-dir/MiniOzoneClusterImpl-a947a097-fc53-45d1-b902-fe1272537128/datanode-8/data-0/containers/hdds of storage type : DISK capacity : 9223372036854775807
2022-11-03 05:23:07,629 [Listener at 127.0.0.1/40235] INFO  volume.MutableVolumeSet (MutableVolumeSet.java:initializeVolumeSet(174)) - Added Volume : /home/runner/work/ozone/ozone/hadoop-ozone/integration-test/target/test-dir/MiniOzoneClusterImpl-a947a097-fc53-45d1-b902-fe1272537128/datanode-8/data-0/containers/hdds to VolumeSet
2022-11-03 05:23:07,629 [Listener at 127.0.0.1/40235] INFO  volume.ThrottledAsyncChecker (ThrottledAsyncChecker.java:schedule(141)) - Scheduling a check for /home/runner/work/ozone/ozone/hadoop-ozone/integration-test/target/test-dir/MiniOzoneClusterImpl-a947a097-fc53-45d1-b902-fe1272537128/datanode-8/data-0/containers/hdds
2022-11-03 05:23:07,633 [Listener at 127.0.0.1/40235] INFO  volume.StorageVolumeChecker (StorageVolumeChecker.java:checkAllVolumes(202)) - Scheduled health check for volume /home/runner/work/ozone/ozone/hadoop-ozone/integration-test/target/test-dir/MiniOzoneClusterImpl-a947a097-fc53-45d1-b902-fe1272537128/datanode-8/data-0/containers/hdds
2022-11-03 05:23:07,643 [Listener at 127.0.0.1/40235] INFO  volume.MutableVolumeSet (MutableVolumeSet.java:initializeVolumeSet(174)) - Added Volume : /home/runner/work/ozone/ozone/hadoop-ozone/integration-test/target/test-dir/MiniOzoneClusterImpl-a947a097-fc53-45d1-b902-fe1272537128/datanode-8/data/ratis to VolumeSet
2022-11-03 05:23:07,643 [Listener at 127.0.0.1/40235] INFO  volume.ThrottledAsyncChecker (ThrottledAsyncChecker.java:schedule(141)) - Scheduling a check for /home/runner/work/ozone/ozone/hadoop-ozone/integration-test/target/test-dir/MiniOzoneClusterImpl-a947a097-fc53-45d1-b902-fe1272537128/datanode-8/data/ratis
2022-11-03 05:23:07,644 [Listener at 127.0.0.1/40235] INFO  volume.StorageVolumeChecker (StorageVolumeChecker.java:checkAllVolumes(202)) - Scheduled health check for volume /home/runner/work/ozone/ozone/hadoop-ozone/integration-test/target/test-dir/MiniOzoneClusterImpl-a947a097-fc53-45d1-b902-fe1272537128/datanode-8/data/ratis
2022-11-03 05:23:07,654 [Thread-253] INFO  ozoneimpl.ContainerReader (ContainerReader.java:readVolume(175)) - Finish verifying containers on volume /home/runner/work/ozone/ozone/hadoop-ozone/integration-test/target/test-dir/MiniOzoneClusterImpl-a947a097-fc53-45d1-b902-fe1272537128/datanode-8/data-0/containers/hdds
2022-11-03 05:23:07,654 [Listener at 127.0.0.1/40235] INFO  ozoneimpl.OzoneContainer (OzoneContainer.java:buildContainerSet(300)) - Build ContainerSet costs 0s
2022-11-03 05:23:07,656 [Listener at 127.0.0.1/40235] INFO  server.RaftServer (ConfUtils.java:logGet(46)) - raft.rpc.type = GRPC (default)
2022-11-03 05:23:07,657 [Listener at 127.0.0.1/40235] INFO  grpc.GrpcConfigKeys (ConfUtils.java:logFallback(53)) - raft.grpc.admin.host = null (fallback to raft.grpc.server.host)
2022-11-03 05:23:07,657 [Listener at 127.0.0.1/40235] INFO  grpc.GrpcConfigKeys (ConfUtils.java:logGet(46)) - raft.grpc.admin.port = 0 (custom)
2022-11-03 05:23:07,657 [Listener at 127.0.0.1/40235] INFO  grpc.GrpcConfigKeys (ConfUtils.java:logFallback(53)) - raft.grpc.client.host = null (fallback to raft.grpc.server.host)
2022-11-03 05:23:07,657 [Listener at 127.0.0.1/40235] INFO  grpc.GrpcConfigKeys (ConfUtils.java:logGet(46)) - raft.grpc.client.port = 0 (custom)
2022-11-03 05:23:07,657 [Listener at 127.0.0.1/40235] INFO  grpc.GrpcConfigKeys (ConfUtils.java:logGet(46)) - raft.grpc.server.host = null (default)
2022-11-03 05:23:07,657 [Listener at 127.0.0.1/40235] INFO  grpc.GrpcConfigKeys (ConfUtils.java:logGet(46)) - raft.grpc.server.port = 0 (default)
2022-11-03 05:23:07,657 [Listener at 127.0.0.1/40235] INFO  server.GrpcService (ConfUtils.java:logGet(46)) - raft.grpc.message.size.max = 32MB (=33554432) (custom)
2022-11-03 05:23:07,657 [Listener at 127.0.0.1/40235] INFO  server.RaftServerConfigKeys (ConfUtils.java:logGet(46)) - raft.server.log.appender.buffer.byte-limit = 33554432 (custom)
2022-11-03 05:23:07,657 [Listener at 127.0.0.1/40235] INFO  server.GrpcService (ConfUtils.java:logGet(46)) - raft.grpc.flow.control.window = 5MB (=5242880) (custom)
2022-11-03 05:23:07,658 [Listener at 127.0.0.1/40235] INFO  server.RaftServerConfigKeys (ConfUtils.java:logGet(46)) - raft.server.rpc.request.timeout = 60s (custom)
2022-11-03 05:23:07,658 [Listener at 127.0.0.1/40235] INFO  grpc.GrpcConfigKeys (ConfUtils.java:logGet(46)) - raft.grpc.server.heartbeat.channel = true (default)
2022-11-03 05:23:07,658 [Listener at 127.0.0.1/40235] INFO  grpc.GrpcConfigKeys (ConfUtils.java:logGet(46)) - raft.grpc.server.async.request.thread.pool.cached = true (default)
2022-11-03 05:23:07,658 [Listener at 127.0.0.1/40235] INFO  grpc.GrpcConfigKeys (ConfUtils.java:logGet(46)) - raft.grpc.server.async.request.thread.pool.size = 32 (default)
2022-11-03 05:23:07,659 [Listener at 127.0.0.1/40235] INFO  impl.DataStreamServerImpl (ConfUtils.java:logGet(46)) - raft.datastream.type = DISABLED (default)
2022-11-03 05:23:07,659 [Listener at 127.0.0.1/40235] INFO  server.RaftServerConfigKeys (ConfUtils.java:logGet(46)) - raft.server.threadpool.proxy.cached = true (default)
2022-11-03 05:23:07,659 [Listener at 127.0.0.1/40235] INFO  server.RaftServerConfigKeys (ConfUtils.java:logGet(46)) - raft.server.threadpool.proxy.size = 0 (default)
2022-11-03 05:23:07,659 [Listener at 127.0.0.1/40235] INFO  server.RaftServerConfigKeys (ConfUtils.java:logGet(46)) - raft.server.rpc.slowness.timeout = 300s (custom)
2022-11-03 05:23:07,659 [Listener at 127.0.0.1/40235] INFO  server.RaftServerConfigKeys (ConfUtils.java:logGet(46)) - raft.server.leaderelection.leader.step-down.wait-time = 10s (default)
2022-11-03 05:23:07,659 [Listener at 127.0.0.1/40235] INFO  server.RaftServerConfigKeys (ConfUtils.java:logGet(46)) - raft.server.storage.dir = [/home/runner/work/ozone/ozone/hadoop-ozone/integration-test/target/test-dir/MiniOzoneClusterImpl-a947a097-fc53-45d1-b902-fe1272537128/datanode-8/data/ratis] (custom)
2022-11-03 05:23:07,661 [Listener at 127.0.0.1/40235] INFO  server.XceiverServerGrpc (XceiverServerGrpc.java:<init>(132)) - GrpcServer channel type EpollServerSocketChannel
2022-11-03 05:23:07,663 [Listener at 127.0.0.1/40235] INFO  http.BaseHttpServer (BaseHttpServer.java:newHttpServer2BuilderForOzone(213)) - Starting Web-server for hddsDatanode at: http://0.0.0.0:0
2022-11-03 05:23:07,664 [Listener at 127.0.0.1/40235] INFO  http.BaseHttpServer (BaseHttpServer.java:<init>(108)) - Hadoop Security Enabled: false Ozone Security Enabled: false Ozone HTTP Security Enabled: false 
2022-11-03 05:23:07,665 [Listener at 127.0.0.1/40235] WARN  server.AuthenticationFilter (AuthenticationFilter.java:constructSecretProvider(240)) - Unable to initialize FileSignerSecretProvider, falling back to use random secrets. Reason: Could not read signature secret file: /home/runner/hadoop-http-auth-signature-secret
2022-11-03 05:23:07,665 [Listener at 127.0.0.1/40235] WARN  http.HttpRequestLog (HttpRequestLog.java:getRequestLog(103)) - Jetty request log can only be enabled using Log4j
2022-11-03 05:23:07,666 [Listener at 127.0.0.1/40235] INFO  http.HttpServer2 (HttpServer2.java:addGlobalFilter(1031)) - Added global filter 'safety' (class=org.apache.hadoop.hdds.server.http.HttpServer2$QuotingInputFilter)
2022-11-03 05:23:07,667 [Listener at 127.0.0.1/40235] INFO  http.HttpServer2 (HttpServer2.java:addFilter(1007)) - Added filter static_user_filter (class=org.apache.hadoop.http.lib.StaticUserWebFilter$StaticUserFilter) to context hddsDatanode
2022-11-03 05:23:07,667 [Listener at 127.0.0.1/40235] INFO  http.HttpServer2 (HttpServer2.java:addFilter(1015)) - Added filter static_user_filter (class=org.apache.hadoop.http.lib.StaticUserWebFilter$StaticUserFilter) to context static
2022-11-03 05:23:07,667 [Listener at 127.0.0.1/40235] INFO  http.HttpServer2 (HttpServer2.java:addFilter(1015)) - Added filter static_user_filter (class=org.apache.hadoop.http.lib.StaticUserWebFilter$StaticUserFilter) to context logs
2022-11-03 05:23:07,668 [Listener at 127.0.0.1/40235] INFO  http.HttpServer2 (HttpServer2.java:bindListener(1250)) - Jetty bound to port 35623
2022-11-03 05:23:07,668 [Listener at 127.0.0.1/40235] INFO  server.Server (Server.java:doStart(375)) - jetty-9.4.49.v20220914; built: 2022-09-14T01:07:36.601Z; git: 4231a3b2e4cb8548a412a789936d640a97b1aa0a; jvm 1.8.0_345-b01
2022-11-03 05:23:07,670 [Listener at 127.0.0.1/40235] INFO  server.session (DefaultSessionIdManager.java:doStart(334)) - DefaultSessionIdManager workerName=node0
2022-11-03 05:23:07,670 [Listener at 127.0.0.1/40235] INFO  server.session (DefaultSessionIdManager.java:doStart(339)) - No SessionScavenger set, using defaults
2022-11-03 05:23:07,670 [Listener at 127.0.0.1/40235] INFO  server.session (HouseKeeper.java:startScavenging(132)) - node0 Scavenging every 660000ms
2022-11-03 05:23:07,671 [Listener at 127.0.0.1/40235] INFO  handler.ContextHandler (ContextHandler.java:doStart(921)) - Started o.e.j.s.ServletContextHandler@3186d842{logs,/logs,file:///home/runner/work/ozone/ozone/hadoop-ozone/integration-test/target/log,AVAILABLE}
2022-11-03 05:23:07,671 [Listener at 127.0.0.1/40235] INFO  handler.ContextHandler (ContextHandler.java:doStart(921)) - Started o.e.j.s.ServletContextHandler@6bcefcef{static,/static,jar:file:/home/runner/.m2/repository/org/apache/ozone/hdds-container-service/1.3.0-SNAPSHOT/hdds-container-service-1.3.0-SNAPSHOT.jar!/webapps/static,AVAILABLE}
2022-11-03 05:23:07,785 [EndpointStateMachine task thread for /0.0.0.0:34199 - 0 ] INFO  utils.DatanodeStoreCache (DatanodeStoreCache.java:addDB(58)) - Added db /home/runner/work/ozone/ozone/hadoop-ozone/integration-test/target/test-dir/MiniOzoneClusterImpl-a947a097-fc53-45d1-b902-fe1272537128/datanode-2/data-0/containers/hdds/a947a097-fc53-45d1-b902-fe1272537128/DS-da5033c2-0ea7-4406-b4ff-4e5e9fcb4a21/container.db to cache
2022-11-03 05:23:07,786 [EndpointStateMachine task thread for /0.0.0.0:34199 - 0 ] INFO  volume.HddsVolume (HddsVolume.java:createDbStore(307)) - SchemaV3 db is created and loaded at /home/runner/work/ozone/ozone/hadoop-ozone/integration-test/target/test-dir/MiniOzoneClusterImpl-a947a097-fc53-45d1-b902-fe1272537128/datanode-2/data-0/containers/hdds/a947a097-fc53-45d1-b902-fe1272537128/DS-da5033c2-0ea7-4406-b4ff-4e5e9fcb4a21/container.db for volume DS-da5033c2-0ea7-4406-b4ff-4e5e9fcb4a21
2022-11-03 05:23:07,789 [EndpointStateMachine task thread for /0.0.0.0:34199 - 0 ] INFO  ozoneimpl.OzoneContainer (OzoneContainer.java:start(378)) - Attempting to start container services.
2022-11-03 05:23:07,789 [EndpointStateMachine task thread for /0.0.0.0:34199 - 0 ] INFO  ozoneimpl.OzoneContainer (OzoneContainer.java:startContainerScrub(313)) - Background container scanner has been disabled.
2022-11-03 05:23:07,791 [EndpointStateMachine task thread for /0.0.0.0:34199 - 0 ] INFO  replication.ReplicationServer (ReplicationServer.java:start(111)) - ReplicationServer is started using port 38181
2022-11-03 05:23:07,791 [EndpointStateMachine task thread for /0.0.0.0:34199 - 0 ] INFO  ratis.XceiverServerRatis (XceiverServerRatis.java:start(481)) - Starting XceiverServerRatis fca08327-10d6-4e50-9aa0-d18fc62323ab
2022-11-03 05:23:07,797 [EndpointStateMachine task thread for /0.0.0.0:34199 - 0 ] INFO  server.RaftServer (RaftServerProxy.java:startImpl(393)) - fca08327-10d6-4e50-9aa0-d18fc62323ab: start RPC server
2022-11-03 05:23:07,799 [EndpointStateMachine task thread for /0.0.0.0:34199 - 0 ] INFO  server.GrpcService (GrpcService.java:startImpl(270)) - fca08327-10d6-4e50-9aa0-d18fc62323ab: GrpcService started, listening on 46211
2022-11-03 05:23:07,804 [EndpointStateMachine task thread for /0.0.0.0:34199 - 0 ] INFO  ratis.XceiverServerRatis (XceiverServerRatis.java:getRealPort(502)) - XceiverServerRatis fca08327-10d6-4e50-9aa0-d18fc62323ab is started using port 46211 for RATIS
2022-11-03 05:23:07,804 [EndpointStateMachine task thread for /0.0.0.0:34199 - 0 ] INFO  ratis.XceiverServerRatis (XceiverServerRatis.java:getRealPort(502)) - XceiverServerRatis fca08327-10d6-4e50-9aa0-d18fc62323ab is started using port 46211 for RATIS_ADMIN
2022-11-03 05:23:07,804 [EndpointStateMachine task thread for /0.0.0.0:34199 - 0 ] INFO  ratis.XceiverServerRatis (XceiverServerRatis.java:getRealPort(502)) - XceiverServerRatis fca08327-10d6-4e50-9aa0-d18fc62323ab is started using port 46211 for RATIS_SERVER
2022-11-03 05:23:07,804 [JvmPauseMonitor3] INFO  util.JvmPauseMonitor (JvmPauseMonitor.java:run(105)) - JvmPauseMonitor-fca08327-10d6-4e50-9aa0-d18fc62323ab: Started
2022-11-03 05:23:07,813 [EndpointStateMachine task thread for /0.0.0.0:34199 - 0 ] INFO  server.XceiverServerGrpc (XceiverServerGrpc.java:start(180)) - XceiverServerGrpc fca08327-10d6-4e50-9aa0-d18fc62323ab is started using port 40939
2022-11-03 05:23:07,857 [Listener at 127.0.0.1/40235] INFO  handler.ContextHandler (ContextHandler.java:doStart(921)) - Started o.e.j.w.WebAppContext@c3e363{hddsDatanode,/,file:///tmp/jetty-0_0_0_0-35623-hdds-container-service-1_3_0-SNAPSHOT_jar-_-any-2599582275624514763/webapp/,AVAILABLE}{jar:file:/home/runner/.m2/repository/org/apache/ozone/hdds-container-service/1.3.0-SNAPSHOT/hdds-container-service-1.3.0-SNAPSHOT.jar!/webapps/hddsDatanode}
2022-11-03 05:23:07,858 [Listener at 127.0.0.1/40235] INFO  server.AbstractConnector (AbstractConnector.java:doStart(333)) - Started ServerConnector@13c2016c{HTTP/1.1, (http/1.1)}{0.0.0.0:35623}
2022-11-03 05:23:07,859 [Listener at 127.0.0.1/40235] INFO  server.Server (Server.java:doStart(415)) - Started @10567ms
2022-11-03 05:23:07,859 [Listener at 127.0.0.1/40235] WARN  impl.MetricsSystemImpl (MetricsSystemImpl.java:register(279)) - Sink prometheus already exists!
2022-11-03 05:23:07,859 [Listener at 127.0.0.1/40235] INFO  http.BaseHttpServer (BaseHttpServer.java:updateConnectorAddress(333)) - HTTP server of hddsDatanode listening at http://0.0.0.0:35623
2022-11-03 05:23:07,860 [Listener at 127.0.0.1/40235] WARN  impl.MetricRegistriesImpl (MetricRegistriesImpl.java:addReporterRegistration(111)) - New reporters are added after registries were created. Some metrics will be missing from the reporter. Please add reporter before adding any new registry.
2022-11-03 05:23:07,860 [Listener at 127.0.0.1/40235] WARN  impl.MetricRegistriesImpl (MetricRegistriesImpl.java:addReporterRegistration(111)) - New reporters are added after registries were created. Some metrics will be missing from the reporter. Please add reporter before adding any new registry.
2022-11-03 05:23:07,860 [Listener at 127.0.0.1/40235] INFO  impl.MetricsSystemImpl (MetricsSystemImpl.java:init(158)) - HddsDatanode metrics system started (again)
2022-11-03 05:23:07,866 [Datanode State Machine Daemon Thread] INFO  statemachine.DatanodeStateMachine (DatanodeStateMachine.java:lambda$startDaemon$0(505)) - Ozone container server started.
2022-11-03 05:23:07,875 [org.apache.hadoop.util.JvmPauseMonitor$Monitor@4d4f125a] INFO  util.JvmPauseMonitor (JvmPauseMonitor.java:run(188)) - Starting JVM pause monitor
2022-11-03 05:23:07,877 [Datanode State Machine Task Thread - 0] INFO  datanode.InitDatanodeState (InitDatanodeState.java:persistContainerDatanodeDetails(138)) - DatanodeDetails is persisted to /home/runner/work/ozone/ozone/hadoop-ozone/integration-test/target/test-dir/MiniOzoneClusterImpl-a947a097-fc53-45d1-b902-fe1272537128/datanode-8/meta/datanode.id
2022-11-03 05:23:07,885 [Listener at 127.0.0.1/40235] INFO  ozone.HddsDatanodeService (HddsDatanodeService.java:start(236)) - HddsDatanodeService host:fv-az119-847.ca0t41jjrjaujd4nublazzptxb.cx.internal.cloudapp.net ip:10.1.1.42
2022-11-03 05:23:07,906 [Listener at 127.0.0.1/40235] INFO  upgrade.AbstractLayoutVersionManager (AbstractLayoutVersionManager.java:init(83)) - Initializing Layout version manager with metadata layout = DATANODE_SCHEMA_V3 (version = 4), software layout = DATANODE_SCHEMA_V3 (version = 4)
2022-11-03 05:23:07,953 [Listener at 127.0.0.1/40235] INFO  reflections.Reflections (Reflections.java:scan(232)) - Reflections took 47 ms to scan 7 urls, producing 139 keys and 336 values 
2022-11-03 05:23:07,954 [Listener at 127.0.0.1/40235] INFO  statemachine.DatanodeStateMachine (DatanodeStateMachine.java:getEndPointTaskThreadPoolSize(245)) - Datanode State Machine Task Thread Pool size 2
2022-11-03 05:23:07,957 [Listener at 127.0.0.1/40235] INFO  volume.HddsVolume (HddsVolume.java:<init>(117)) - Creating HddsVolume: /home/runner/work/ozone/ozone/hadoop-ozone/integration-test/target/test-dir/MiniOzoneClusterImpl-a947a097-fc53-45d1-b902-fe1272537128/datanode-9/data-0/containers/hdds of storage type : DISK capacity : 9223372036854775807
2022-11-03 05:23:07,957 [Listener at 127.0.0.1/40235] INFO  volume.MutableVolumeSet (MutableVolumeSet.java:initializeVolumeSet(174)) - Added Volume : /home/runner/work/ozone/ozone/hadoop-ozone/integration-test/target/test-dir/MiniOzoneClusterImpl-a947a097-fc53-45d1-b902-fe1272537128/datanode-9/data-0/containers/hdds to VolumeSet
2022-11-03 05:23:07,957 [Listener at 127.0.0.1/40235] INFO  volume.ThrottledAsyncChecker (ThrottledAsyncChecker.java:schedule(141)) - Scheduling a check for /home/runner/work/ozone/ozone/hadoop-ozone/integration-test/target/test-dir/MiniOzoneClusterImpl-a947a097-fc53-45d1-b902-fe1272537128/datanode-9/data-0/containers/hdds
2022-11-03 05:23:07,963 [Listener at 127.0.0.1/40235] INFO  volume.StorageVolumeChecker (StorageVolumeChecker.java:checkAllVolumes(202)) - Scheduled health check for volume /home/runner/work/ozone/ozone/hadoop-ozone/integration-test/target/test-dir/MiniOzoneClusterImpl-a947a097-fc53-45d1-b902-fe1272537128/datanode-9/data-0/containers/hdds
2022-11-03 05:23:07,975 [Listener at 127.0.0.1/40235] INFO  volume.MutableVolumeSet (MutableVolumeSet.java:initializeVolumeSet(174)) - Added Volume : /home/runner/work/ozone/ozone/hadoop-ozone/integration-test/target/test-dir/MiniOzoneClusterImpl-a947a097-fc53-45d1-b902-fe1272537128/datanode-9/data/ratis to VolumeSet
2022-11-03 05:23:07,975 [Listener at 127.0.0.1/40235] INFO  volume.ThrottledAsyncChecker (ThrottledAsyncChecker.java:schedule(141)) - Scheduling a check for /home/runner/work/ozone/ozone/hadoop-ozone/integration-test/target/test-dir/MiniOzoneClusterImpl-a947a097-fc53-45d1-b902-fe1272537128/datanode-9/data/ratis
2022-11-03 05:23:07,975 [Listener at 127.0.0.1/40235] INFO  volume.StorageVolumeChecker (StorageVolumeChecker.java:checkAllVolumes(202)) - Scheduled health check for volume /home/runner/work/ozone/ozone/hadoop-ozone/integration-test/target/test-dir/MiniOzoneClusterImpl-a947a097-fc53-45d1-b902-fe1272537128/datanode-9/data/ratis
2022-11-03 05:23:07,987 [Thread-271] INFO  ozoneimpl.ContainerReader (ContainerReader.java:readVolume(175)) - Finish verifying containers on volume /home/runner/work/ozone/ozone/hadoop-ozone/integration-test/target/test-dir/MiniOzoneClusterImpl-a947a097-fc53-45d1-b902-fe1272537128/datanode-9/data-0/containers/hdds
2022-11-03 05:23:07,987 [Listener at 127.0.0.1/40235] INFO  ozoneimpl.OzoneContainer (OzoneContainer.java:buildContainerSet(300)) - Build ContainerSet costs 0s
2022-11-03 05:23:07,989 [Listener at 127.0.0.1/40235] INFO  server.RaftServer (ConfUtils.java:logGet(46)) - raft.rpc.type = GRPC (default)
2022-11-03 05:23:07,989 [Listener at 127.0.0.1/40235] INFO  grpc.GrpcConfigKeys (ConfUtils.java:logFallback(53)) - raft.grpc.admin.host = null (fallback to raft.grpc.server.host)
2022-11-03 05:23:07,990 [Listener at 127.0.0.1/40235] INFO  grpc.GrpcConfigKeys (ConfUtils.java:logGet(46)) - raft.grpc.admin.port = 0 (custom)
2022-11-03 05:23:07,990 [Listener at 127.0.0.1/40235] INFO  grpc.GrpcConfigKeys (ConfUtils.java:logFallback(53)) - raft.grpc.client.host = null (fallback to raft.grpc.server.host)
2022-11-03 05:23:07,990 [Listener at 127.0.0.1/40235] INFO  grpc.GrpcConfigKeys (ConfUtils.java:logGet(46)) - raft.grpc.client.port = 0 (custom)
2022-11-03 05:23:07,990 [Listener at 127.0.0.1/40235] INFO  grpc.GrpcConfigKeys (ConfUtils.java:logGet(46)) - raft.grpc.server.host = null (default)
2022-11-03 05:23:07,990 [Listener at 127.0.0.1/40235] INFO  grpc.GrpcConfigKeys (ConfUtils.java:logGet(46)) - raft.grpc.server.port = 0 (default)
2022-11-03 05:23:07,990 [Listener at 127.0.0.1/40235] INFO  server.GrpcService (ConfUtils.java:logGet(46)) - raft.grpc.message.size.max = 32MB (=33554432) (custom)
2022-11-03 05:23:07,990 [Listener at 127.0.0.1/40235] INFO  server.RaftServerConfigKeys (ConfUtils.java:logGet(46)) - raft.server.log.appender.buffer.byte-limit = 33554432 (custom)
2022-11-03 05:23:07,990 [Listener at 127.0.0.1/40235] INFO  server.GrpcService (ConfUtils.java:logGet(46)) - raft.grpc.flow.control.window = 5MB (=5242880) (custom)
2022-11-03 05:23:07,990 [Listener at 127.0.0.1/40235] INFO  server.RaftServerConfigKeys (ConfUtils.java:logGet(46)) - raft.server.rpc.request.timeout = 60s (custom)
2022-11-03 05:23:07,993 [Listener at 127.0.0.1/40235] INFO  grpc.GrpcConfigKeys (ConfUtils.java:logGet(46)) - raft.grpc.server.heartbeat.channel = true (default)
2022-11-03 05:23:07,993 [Listener at 127.0.0.1/40235] INFO  grpc.GrpcConfigKeys (ConfUtils.java:logGet(46)) - raft.grpc.server.async.request.thread.pool.cached = true (default)
2022-11-03 05:23:07,993 [Listener at 127.0.0.1/40235] INFO  grpc.GrpcConfigKeys (ConfUtils.java:logGet(46)) - raft.grpc.server.async.request.thread.pool.size = 32 (default)
2022-11-03 05:23:07,994 [Listener at 127.0.0.1/40235] INFO  impl.DataStreamServerImpl (ConfUtils.java:logGet(46)) - raft.datastream.type = DISABLED (default)
2022-11-03 05:23:07,994 [Listener at 127.0.0.1/40235] INFO  server.RaftServerConfigKeys (ConfUtils.java:logGet(46)) - raft.server.threadpool.proxy.cached = true (default)
2022-11-03 05:23:07,994 [Listener at 127.0.0.1/40235] INFO  server.RaftServerConfigKeys (ConfUtils.java:logGet(46)) - raft.server.threadpool.proxy.size = 0 (default)
2022-11-03 05:23:07,994 [Listener at 127.0.0.1/40235] INFO  server.RaftServerConfigKeys (ConfUtils.java:logGet(46)) - raft.server.rpc.slowness.timeout = 300s (custom)
2022-11-03 05:23:07,994 [Listener at 127.0.0.1/40235] INFO  server.RaftServerConfigKeys (ConfUtils.java:logGet(46)) - raft.server.leaderelection.leader.step-down.wait-time = 10s (default)
2022-11-03 05:23:07,994 [Listener at 127.0.0.1/40235] INFO  server.RaftServerConfigKeys (ConfUtils.java:logGet(46)) - raft.server.storage.dir = [/home/runner/work/ozone/ozone/hadoop-ozone/integration-test/target/test-dir/MiniOzoneClusterImpl-a947a097-fc53-45d1-b902-fe1272537128/datanode-9/data/ratis] (custom)
2022-11-03 05:23:07,996 [Listener at 127.0.0.1/40235] INFO  server.XceiverServerGrpc (XceiverServerGrpc.java:<init>(132)) - GrpcServer channel type EpollServerSocketChannel
2022-11-03 05:23:07,999 [Listener at 127.0.0.1/40235] INFO  http.BaseHttpServer (BaseHttpServer.java:newHttpServer2BuilderForOzone(213)) - Starting Web-server for hddsDatanode at: http://0.0.0.0:0
2022-11-03 05:23:07,999 [Listener at 127.0.0.1/40235] INFO  http.BaseHttpServer (BaseHttpServer.java:<init>(108)) - Hadoop Security Enabled: false Ozone Security Enabled: false Ozone HTTP Security Enabled: false 
2022-11-03 05:23:08,001 [Listener at 127.0.0.1/40235] WARN  server.AuthenticationFilter (AuthenticationFilter.java:constructSecretProvider(240)) - Unable to initialize FileSignerSecretProvider, falling back to use random secrets. Reason: Could not read signature secret file: /home/runner/hadoop-http-auth-signature-secret
2022-11-03 05:23:08,001 [Listener at 127.0.0.1/40235] WARN  http.HttpRequestLog (HttpRequestLog.java:getRequestLog(103)) - Jetty request log can only be enabled using Log4j
2022-11-03 05:23:08,003 [Listener at 127.0.0.1/40235] INFO  http.HttpServer2 (HttpServer2.java:addGlobalFilter(1031)) - Added global filter 'safety' (class=org.apache.hadoop.hdds.server.http.HttpServer2$QuotingInputFilter)
2022-11-03 05:23:08,003 [Listener at 127.0.0.1/40235] INFO  http.HttpServer2 (HttpServer2.java:addFilter(1007)) - Added filter static_user_filter (class=org.apache.hadoop.http.lib.StaticUserWebFilter$StaticUserFilter) to context hddsDatanode
2022-11-03 05:23:08,003 [Listener at 127.0.0.1/40235] INFO  http.HttpServer2 (HttpServer2.java:addFilter(1015)) - Added filter static_user_filter (class=org.apache.hadoop.http.lib.StaticUserWebFilter$StaticUserFilter) to context logs
2022-11-03 05:23:08,004 [Listener at 127.0.0.1/40235] INFO  http.HttpServer2 (HttpServer2.java:addFilter(1015)) - Added filter static_user_filter (class=org.apache.hadoop.http.lib.StaticUserWebFilter$StaticUserFilter) to context static
2022-11-03 05:23:08,004 [Listener at 127.0.0.1/40235] INFO  http.HttpServer2 (HttpServer2.java:bindListener(1250)) - Jetty bound to port 43873
2022-11-03 05:23:08,004 [Listener at 127.0.0.1/40235] INFO  server.Server (Server.java:doStart(375)) - jetty-9.4.49.v20220914; built: 2022-09-14T01:07:36.601Z; git: 4231a3b2e4cb8548a412a789936d640a97b1aa0a; jvm 1.8.0_345-b01
2022-11-03 05:23:08,005 [Listener at 127.0.0.1/40235] INFO  server.session (DefaultSessionIdManager.java:doStart(334)) - DefaultSessionIdManager workerName=node0
2022-11-03 05:23:08,006 [Listener at 127.0.0.1/40235] INFO  server.session (DefaultSessionIdManager.java:doStart(339)) - No SessionScavenger set, using defaults
2022-11-03 05:23:08,006 [Listener at 127.0.0.1/40235] INFO  server.session (HouseKeeper.java:startScavenging(132)) - node0 Scavenging every 660000ms
2022-11-03 05:23:08,006 [Listener at 127.0.0.1/40235] INFO  handler.ContextHandler (ContextHandler.java:doStart(921)) - Started o.e.j.s.ServletContextHandler@f3a3d22{logs,/logs,file:///home/runner/work/ozone/ozone/hadoop-ozone/integration-test/target/log,AVAILABLE}
2022-11-03 05:23:08,007 [Listener at 127.0.0.1/40235] INFO  handler.ContextHandler (ContextHandler.java:doStart(921)) - Started o.e.j.s.ServletContextHandler@526d278{static,/static,jar:file:/home/runner/.m2/repository/org/apache/ozone/hdds-container-service/1.3.0-SNAPSHOT/hdds-container-service-1.3.0-SNAPSHOT.jar!/webapps/static,AVAILABLE}
2022-11-03 05:23:08,127 [EndpointStateMachine task thread for /0.0.0.0:34199 - 0 ] INFO  utils.DatanodeStoreCache (DatanodeStoreCache.java:addDB(58)) - Added db /home/runner/work/ozone/ozone/hadoop-ozone/integration-test/target/test-dir/MiniOzoneClusterImpl-a947a097-fc53-45d1-b902-fe1272537128/datanode-3/data-0/containers/hdds/a947a097-fc53-45d1-b902-fe1272537128/DS-b7911881-0bd0-45ad-909b-665cf4f305aa/container.db to cache
2022-11-03 05:23:08,128 [EndpointStateMachine task thread for /0.0.0.0:34199 - 0 ] INFO  volume.HddsVolume (HddsVolume.java:createDbStore(307)) - SchemaV3 db is created and loaded at /home/runner/work/ozone/ozone/hadoop-ozone/integration-test/target/test-dir/MiniOzoneClusterImpl-a947a097-fc53-45d1-b902-fe1272537128/datanode-3/data-0/containers/hdds/a947a097-fc53-45d1-b902-fe1272537128/DS-b7911881-0bd0-45ad-909b-665cf4f305aa/container.db for volume DS-b7911881-0bd0-45ad-909b-665cf4f305aa
2022-11-03 05:23:08,128 [EndpointStateMachine task thread for /0.0.0.0:34199 - 0 ] INFO  ozoneimpl.OzoneContainer (OzoneContainer.java:start(378)) - Attempting to start container services.
2022-11-03 05:23:08,128 [EndpointStateMachine task thread for /0.0.0.0:34199 - 0 ] INFO  ozoneimpl.OzoneContainer (OzoneContainer.java:startContainerScrub(313)) - Background container scanner has been disabled.
2022-11-03 05:23:08,130 [EndpointStateMachine task thread for /0.0.0.0:34199 - 0 ] INFO  replication.ReplicationServer (ReplicationServer.java:start(111)) - ReplicationServer is started using port 38201
2022-11-03 05:23:08,130 [EndpointStateMachine task thread for /0.0.0.0:34199 - 0 ] INFO  ratis.XceiverServerRatis (XceiverServerRatis.java:start(481)) - Starting XceiverServerRatis 3459717f-89f3-488b-978e-7216d8acef6a
2022-11-03 05:23:08,135 [EndpointStateMachine task thread for /0.0.0.0:34199 - 0 ] INFO  server.RaftServer (RaftServerProxy.java:startImpl(393)) - 3459717f-89f3-488b-978e-7216d8acef6a: start RPC server
2022-11-03 05:23:08,137 [EndpointStateMachine task thread for /0.0.0.0:34199 - 0 ] INFO  server.GrpcService (GrpcService.java:startImpl(270)) - 3459717f-89f3-488b-978e-7216d8acef6a: GrpcService started, listening on 37511
2022-11-03 05:23:08,144 [EndpointStateMachine task thread for /0.0.0.0:34199 - 0 ] INFO  ratis.XceiverServerRatis (XceiverServerRatis.java:getRealPort(502)) - XceiverServerRatis 3459717f-89f3-488b-978e-7216d8acef6a is started using port 37511 for RATIS
2022-11-03 05:23:08,144 [JvmPauseMonitor4] INFO  util.JvmPauseMonitor (JvmPauseMonitor.java:run(105)) - JvmPauseMonitor-3459717f-89f3-488b-978e-7216d8acef6a: Started
2022-11-03 05:23:08,144 [EndpointStateMachine task thread for /0.0.0.0:34199 - 0 ] INFO  ratis.XceiverServerRatis (XceiverServerRatis.java:getRealPort(502)) - XceiverServerRatis 3459717f-89f3-488b-978e-7216d8acef6a is started using port 37511 for RATIS_ADMIN
2022-11-03 05:23:08,144 [EndpointStateMachine task thread for /0.0.0.0:34199 - 0 ] INFO  ratis.XceiverServerRatis (XceiverServerRatis.java:getRealPort(502)) - XceiverServerRatis 3459717f-89f3-488b-978e-7216d8acef6a is started using port 37511 for RATIS_SERVER
2022-11-03 05:23:08,150 [EndpointStateMachine task thread for /0.0.0.0:34199 - 0 ] INFO  server.XceiverServerGrpc (XceiverServerGrpc.java:start(180)) - XceiverServerGrpc 3459717f-89f3-488b-978e-7216d8acef6a is started using port 36731
2022-11-03 05:23:08,192 [Listener at 127.0.0.1/40235] INFO  handler.ContextHandler (ContextHandler.java:doStart(921)) - Started o.e.j.w.WebAppContext@4ad1b8d{hddsDatanode,/,file:///tmp/jetty-0_0_0_0-43873-hdds-container-service-1_3_0-SNAPSHOT_jar-_-any-4963791638021123328/webapp/,AVAILABLE}{jar:file:/home/runner/.m2/repository/org/apache/ozone/hdds-container-service/1.3.0-SNAPSHOT/hdds-container-service-1.3.0-SNAPSHOT.jar!/webapps/hddsDatanode}
2022-11-03 05:23:08,193 [Listener at 127.0.0.1/40235] INFO  server.AbstractConnector (AbstractConnector.java:doStart(333)) - Started ServerConnector@23d06658{HTTP/1.1, (http/1.1)}{0.0.0.0:43873}
2022-11-03 05:23:08,193 [Listener at 127.0.0.1/40235] INFO  server.Server (Server.java:doStart(415)) - Started @10902ms
2022-11-03 05:23:08,193 [Listener at 127.0.0.1/40235] WARN  impl.MetricsSystemImpl (MetricsSystemImpl.java:register(279)) - Sink prometheus already exists!
2022-11-03 05:23:08,194 [Listener at 127.0.0.1/40235] INFO  http.BaseHttpServer (BaseHttpServer.java:updateConnectorAddress(333)) - HTTP server of hddsDatanode listening at http://0.0.0.0:43873
2022-11-03 05:23:08,195 [Listener at 127.0.0.1/40235] INFO  ozone.MiniOzoneClusterImpl (MiniOzoneClusterImpl.java:lambda$waitForClusterToBeReady$0(216)) - Waiting for nodes to be ready. Got 0 of 10 DN Heartbeats.
2022-11-03 05:23:08,195 [Listener at 127.0.0.1/40235] INFO  ozone.MiniOzoneClusterImpl (MiniOzoneClusterImpl.java:lambda$waitForClusterToBeReady$0(219)) - Waiting for cluster to exit safe mode
2022-11-03 05:23:08,195 [Listener at 127.0.0.1/40235] INFO  ozone.MiniOzoneClusterImpl (MiniOzoneClusterImpl.java:lambda$waitForClusterToBeReady$0(221)) - SCM became leader
2022-11-03 05:23:08,195 [Datanode State Machine Daemon Thread] INFO  statemachine.DatanodeStateMachine (DatanodeStateMachine.java:lambda$startDaemon$0(505)) - Ozone container server started.
2022-11-03 05:23:08,211 [org.apache.hadoop.util.JvmPauseMonitor$Monitor@7416cee7] INFO  util.JvmPauseMonitor (JvmPauseMonitor.java:run(188)) - Starting JVM pause monitor
2022-11-03 05:23:08,218 [Datanode State Machine Task Thread - 0] INFO  datanode.InitDatanodeState (InitDatanodeState.java:persistContainerDatanodeDetails(138)) - DatanodeDetails is persisted to /home/runner/work/ozone/ozone/hadoop-ozone/integration-test/target/test-dir/MiniOzoneClusterImpl-a947a097-fc53-45d1-b902-fe1272537128/datanode-9/meta/datanode.id
2022-11-03 05:23:08,465 [EndpointStateMachine task thread for /0.0.0.0:34199 - 0 ] INFO  utils.DatanodeStoreCache (DatanodeStoreCache.java:addDB(58)) - Added db /home/runner/work/ozone/ozone/hadoop-ozone/integration-test/target/test-dir/MiniOzoneClusterImpl-a947a097-fc53-45d1-b902-fe1272537128/datanode-4/data-0/containers/hdds/a947a097-fc53-45d1-b902-fe1272537128/DS-69e4f521-8521-4707-8a98-5d836a9531ca/container.db to cache
2022-11-03 05:23:08,465 [EndpointStateMachine task thread for /0.0.0.0:34199 - 0 ] INFO  volume.HddsVolume (HddsVolume.java:createDbStore(307)) - SchemaV3 db is created and loaded at /home/runner/work/ozone/ozone/hadoop-ozone/integration-test/target/test-dir/MiniOzoneClusterImpl-a947a097-fc53-45d1-b902-fe1272537128/datanode-4/data-0/containers/hdds/a947a097-fc53-45d1-b902-fe1272537128/DS-69e4f521-8521-4707-8a98-5d836a9531ca/container.db for volume DS-69e4f521-8521-4707-8a98-5d836a9531ca
2022-11-03 05:23:08,465 [EndpointStateMachine task thread for /0.0.0.0:34199 - 0 ] INFO  ozoneimpl.OzoneContainer (OzoneContainer.java:start(378)) - Attempting to start container services.
2022-11-03 05:23:08,465 [EndpointStateMachine task thread for /0.0.0.0:34199 - 0 ] INFO  ozoneimpl.OzoneContainer (OzoneContainer.java:startContainerScrub(313)) - Background container scanner has been disabled.
2022-11-03 05:23:08,467 [EndpointStateMachine task thread for /0.0.0.0:34199 - 0 ] INFO  replication.ReplicationServer (ReplicationServer.java:start(111)) - ReplicationServer is started using port 34451
2022-11-03 05:23:08,468 [EndpointStateMachine task thread for /0.0.0.0:34199 - 0 ] INFO  ratis.XceiverServerRatis (XceiverServerRatis.java:start(481)) - Starting XceiverServerRatis 5ddfe129-1b79-40ed-b807-03daa2e9053a
2022-11-03 05:23:08,468 [EndpointStateMachine task thread for /0.0.0.0:34199 - 0 ] INFO  server.RaftServer (RaftServerProxy.java:startImpl(393)) - 5ddfe129-1b79-40ed-b807-03daa2e9053a: start RPC server
2022-11-03 05:23:08,470 [EndpointStateMachine task thread for /0.0.0.0:34199 - 0 ] INFO  server.GrpcService (GrpcService.java:startImpl(270)) - 5ddfe129-1b79-40ed-b807-03daa2e9053a: GrpcService started, listening on 37873
2022-11-03 05:23:08,470 [EndpointStateMachine task thread for /0.0.0.0:34199 - 0 ] INFO  ratis.XceiverServerRatis (XceiverServerRatis.java:getRealPort(502)) - XceiverServerRatis 5ddfe129-1b79-40ed-b807-03daa2e9053a is started using port 37873 for RATIS
2022-11-03 05:23:08,470 [EndpointStateMachine task thread for /0.0.0.0:34199 - 0 ] INFO  ratis.XceiverServerRatis (XceiverServerRatis.java:getRealPort(502)) - XceiverServerRatis 5ddfe129-1b79-40ed-b807-03daa2e9053a is started using port 37873 for RATIS_ADMIN
2022-11-03 05:23:08,470 [JvmPauseMonitor5] INFO  util.JvmPauseMonitor (JvmPauseMonitor.java:run(105)) - JvmPauseMonitor-5ddfe129-1b79-40ed-b807-03daa2e9053a: Started
2022-11-03 05:23:08,470 [EndpointStateMachine task thread for /0.0.0.0:34199 - 0 ] INFO  ratis.XceiverServerRatis (XceiverServerRatis.java:getRealPort(502)) - XceiverServerRatis 5ddfe129-1b79-40ed-b807-03daa2e9053a is started using port 37873 for RATIS_SERVER
2022-11-03 05:23:08,473 [EndpointStateMachine task thread for /0.0.0.0:34199 - 0 ] INFO  server.XceiverServerGrpc (XceiverServerGrpc.java:start(180)) - XceiverServerGrpc 5ddfe129-1b79-40ed-b807-03daa2e9053a is started using port 38545
2022-11-03 05:23:08,778 [EndpointStateMachine task thread for /0.0.0.0:34199 - 0 ] INFO  utils.DatanodeStoreCache (DatanodeStoreCache.java:addDB(58)) - Added db /home/runner/work/ozone/ozone/hadoop-ozone/integration-test/target/test-dir/MiniOzoneClusterImpl-a947a097-fc53-45d1-b902-fe1272537128/datanode-5/data-0/containers/hdds/a947a097-fc53-45d1-b902-fe1272537128/DS-0e737147-74d2-4c56-b007-6c271e5da60d/container.db to cache
2022-11-03 05:23:08,779 [EndpointStateMachine task thread for /0.0.0.0:34199 - 0 ] INFO  volume.HddsVolume (HddsVolume.java:createDbStore(307)) - SchemaV3 db is created and loaded at /home/runner/work/ozone/ozone/hadoop-ozone/integration-test/target/test-dir/MiniOzoneClusterImpl-a947a097-fc53-45d1-b902-fe1272537128/datanode-5/data-0/containers/hdds/a947a097-fc53-45d1-b902-fe1272537128/DS-0e737147-74d2-4c56-b007-6c271e5da60d/container.db for volume DS-0e737147-74d2-4c56-b007-6c271e5da60d
2022-11-03 05:23:08,779 [EndpointStateMachine task thread for /0.0.0.0:34199 - 0 ] INFO  ozoneimpl.OzoneContainer (OzoneContainer.java:start(378)) - Attempting to start container services.
2022-11-03 05:23:08,779 [EndpointStateMachine task thread for /0.0.0.0:34199 - 0 ] INFO  ozoneimpl.OzoneContainer (OzoneContainer.java:startContainerScrub(313)) - Background container scanner has been disabled.
2022-11-03 05:23:08,781 [EndpointStateMachine task thread for /0.0.0.0:34199 - 0 ] INFO  replication.ReplicationServer (ReplicationServer.java:start(111)) - ReplicationServer is started using port 35039
2022-11-03 05:23:08,781 [EndpointStateMachine task thread for /0.0.0.0:34199 - 0 ] INFO  ratis.XceiverServerRatis (XceiverServerRatis.java:start(481)) - Starting XceiverServerRatis 236f0899-86ef-4b9d-9b64-54b2c41e9569
2022-11-03 05:23:08,782 [EndpointStateMachine task thread for /0.0.0.0:34199 - 0 ] INFO  server.RaftServer (RaftServerProxy.java:startImpl(393)) - 236f0899-86ef-4b9d-9b64-54b2c41e9569: start RPC server
2022-11-03 05:23:08,785 [EndpointStateMachine task thread for /0.0.0.0:34199 - 0 ] INFO  server.GrpcService (GrpcService.java:startImpl(270)) - 236f0899-86ef-4b9d-9b64-54b2c41e9569: GrpcService started, listening on 45985
2022-11-03 05:23:08,785 [EndpointStateMachine task thread for /0.0.0.0:34199 - 0 ] INFO  ratis.XceiverServerRatis (XceiverServerRatis.java:getRealPort(502)) - XceiverServerRatis 236f0899-86ef-4b9d-9b64-54b2c41e9569 is started using port 45985 for RATIS
2022-11-03 05:23:08,785 [EndpointStateMachine task thread for /0.0.0.0:34199 - 0 ] INFO  ratis.XceiverServerRatis (XceiverServerRatis.java:getRealPort(502)) - XceiverServerRatis 236f0899-86ef-4b9d-9b64-54b2c41e9569 is started using port 45985 for RATIS_ADMIN
2022-11-03 05:23:08,785 [JvmPauseMonitor6] INFO  util.JvmPauseMonitor (JvmPauseMonitor.java:run(105)) - JvmPauseMonitor-236f0899-86ef-4b9d-9b64-54b2c41e9569: Started
2022-11-03 05:23:08,785 [EndpointStateMachine task thread for /0.0.0.0:34199 - 0 ] INFO  ratis.XceiverServerRatis (XceiverServerRatis.java:getRealPort(502)) - XceiverServerRatis 236f0899-86ef-4b9d-9b64-54b2c41e9569 is started using port 45985 for RATIS_SERVER
2022-11-03 05:23:08,787 [EndpointStateMachine task thread for /0.0.0.0:34199 - 0 ] INFO  server.XceiverServerGrpc (XceiverServerGrpc.java:start(180)) - XceiverServerGrpc 236f0899-86ef-4b9d-9b64-54b2c41e9569 is started using port 34715
2022-11-03 05:23:08,947 [IPC Server handler 3 on default port 34199] INFO  net.NetworkTopologyImpl (NetworkTopologyImpl.java:add(112)) - Added a new node: /default-rack/aafd62d6-5d37-4c95-9ffb-fecfd05fefa6
2022-11-03 05:23:08,949 [IPC Server handler 3 on default port 34199] INFO  node.SCMNodeManager (SCMNodeManager.java:register(397)) - Registered Data node : aafd62d6-5d37-4c95-9ffb-fecfd05fefa6{ip: 10.1.1.42, host: fv-az119-847.ca0t41jjrjaujd4nublazzptxb.cx.internal.cloudapp.net, ports: [REPLICATION=45413, RATIS=39817, RATIS_ADMIN=39817, RATIS_SERVER=39817, STANDALONE=42255], networkLocation: /default-rack, certSerialId: null, persistedOpState: null, persistedOpStateExpiryEpochSec: 0}
2022-11-03 05:23:08,956 [EventQueue-NewNodeForNewNodeHandler] INFO  pipeline.BackgroundPipelineCreator (BackgroundPipelineCreator.java:notifyEventTriggered(276)) - trigger a one-shot run on RatisPipelineUtilsThread.
2022-11-03 05:23:08,956 [EventQueue-NodeRegistrationContainerReportForContainerSafeModeRule] INFO  safemode.SCMSafeModeManager (SCMSafeModeManager.java:validateSafeModeExitRules(204)) - ContainerSafeModeRule rule is successfully validated
2022-11-03 05:23:08,962 [RatisPipelineUtilsThread - 0] INFO  pipeline.RatisPipelineProvider (RatisPipelineProvider.java:lambda$create$0(195)) - Sending CreatePipelineCommand for pipeline:PipelineID=f316a429-bfba-4572-a273-d5bac4c13693 to datanode:aafd62d6-5d37-4c95-9ffb-fecfd05fefa6
2022-11-03 05:23:08,962 [EventQueue-NodeRegistrationContainerReportForDataNodeSafeModeRule] INFO  safemode.SCMSafeModeManager (DataNodeSafeModeRule.java:process(71)) - SCM in safe mode. 1 DataNodes registered, 3 required.
2022-11-03 05:23:08,971 [EventQueue-PipelineReportForOneReplicaPipelineSafeModeRule] INFO  safemode.SCMSafeModeManager (SCMSafeModeManager.java:validateSafeModeExitRules(204)) - AtleastOneDatanodeReportedRule rule is successfully validated
2022-11-03 05:23:08,983 [RatisPipelineUtilsThread - 0] INFO  pipeline.PipelineStateManagerImpl (PipelineStateManagerImpl.java:addPipeline(103)) - Created pipeline Pipeline[ Id: f316a429-bfba-4572-a273-d5bac4c13693, Nodes: aafd62d6-5d37-4c95-9ffb-fecfd05fefa6{ip: 10.1.1.42, host: fv-az119-847.ca0t41jjrjaujd4nublazzptxb.cx.internal.cloudapp.net, ports: [REPLICATION=45413, RATIS=39817, RATIS_ADMIN=39817, RATIS_SERVER=39817, STANDALONE=42255], networkLocation: /default-rack, certSerialId: null, persistedOpState: IN_SERVICE, persistedOpStateExpiryEpochSec: 0}, ReplicationConfig: RATIS/ONE, State:ALLOCATED, leaderId:, CreationTimestamp2022-11-03T05:23:08.961Z[Etc/UTC]].
2022-11-03 05:23:09,195 [Listener at 127.0.0.1/40235] INFO  ozone.MiniOzoneClusterImpl (MiniOzoneClusterImpl.java:lambda$waitForClusterToBeReady$0(216)) - Waiting for nodes to be ready. Got 1 of 10 DN Heartbeats.
2022-11-03 05:23:09,196 [Listener at 127.0.0.1/40235] INFO  ozone.MiniOzoneClusterImpl (MiniOzoneClusterImpl.java:lambda$waitForClusterToBeReady$0(219)) - Waiting for cluster to exit safe mode
2022-11-03 05:23:09,196 [Listener at 127.0.0.1/40235] INFO  ozone.MiniOzoneClusterImpl (MiniOzoneClusterImpl.java:lambda$waitForClusterToBeReady$0(221)) - SCM became leader
2022-11-03 05:23:09,223 [EndpointStateMachine task thread for /0.0.0.0:34199 - 0 ] INFO  utils.DatanodeStoreCache (DatanodeStoreCache.java:addDB(58)) - Added db /home/runner/work/ozone/ozone/hadoop-ozone/integration-test/target/test-dir/MiniOzoneClusterImpl-a947a097-fc53-45d1-b902-fe1272537128/datanode-6/data-0/containers/hdds/a947a097-fc53-45d1-b902-fe1272537128/DS-7221b3d4-7fe7-4fbd-ae28-50af4c9591ae/container.db to cache
2022-11-03 05:23:09,224 [EndpointStateMachine task thread for /0.0.0.0:34199 - 0 ] INFO  volume.HddsVolume (HddsVolume.java:createDbStore(307)) - SchemaV3 db is created and loaded at /home/runner/work/ozone/ozone/hadoop-ozone/integration-test/target/test-dir/MiniOzoneClusterImpl-a947a097-fc53-45d1-b902-fe1272537128/datanode-6/data-0/containers/hdds/a947a097-fc53-45d1-b902-fe1272537128/DS-7221b3d4-7fe7-4fbd-ae28-50af4c9591ae/container.db for volume DS-7221b3d4-7fe7-4fbd-ae28-50af4c9591ae
2022-11-03 05:23:09,224 [EndpointStateMachine task thread for /0.0.0.0:34199 - 0 ] INFO  ozoneimpl.OzoneContainer (OzoneContainer.java:start(378)) - Attempting to start container services.
2022-11-03 05:23:09,224 [EndpointStateMachine task thread for /0.0.0.0:34199 - 0 ] INFO  ozoneimpl.OzoneContainer (OzoneContainer.java:startContainerScrub(313)) - Background container scanner has been disabled.
2022-11-03 05:23:09,230 [EndpointStateMachine task thread for /0.0.0.0:34199 - 0 ] INFO  replication.ReplicationServer (ReplicationServer.java:start(111)) - ReplicationServer is started using port 42705
2022-11-03 05:23:09,231 [EndpointStateMachine task thread for /0.0.0.0:34199 - 0 ] INFO  ratis.XceiverServerRatis (XceiverServerRatis.java:start(481)) - Starting XceiverServerRatis c047bafd-0fa0-4f2f-9a8c-56ef9c35524f
2022-11-03 05:23:09,231 [EndpointStateMachine task thread for /0.0.0.0:34199 - 0 ] INFO  server.RaftServer (RaftServerProxy.java:startImpl(393)) - c047bafd-0fa0-4f2f-9a8c-56ef9c35524f: start RPC server
2022-11-03 05:23:09,232 [EndpointStateMachine task thread for /0.0.0.0:34199 - 0 ] INFO  server.GrpcService (GrpcService.java:startImpl(270)) - c047bafd-0fa0-4f2f-9a8c-56ef9c35524f: GrpcService started, listening on 40893
2022-11-03 05:23:09,232 [EndpointStateMachine task thread for /0.0.0.0:34199 - 0 ] INFO  ratis.XceiverServerRatis (XceiverServerRatis.java:getRealPort(502)) - XceiverServerRatis c047bafd-0fa0-4f2f-9a8c-56ef9c35524f is started using port 40893 for RATIS
2022-11-03 05:23:09,232 [EndpointStateMachine task thread for /0.0.0.0:34199 - 0 ] INFO  ratis.XceiverServerRatis (XceiverServerRatis.java:getRealPort(502)) - XceiverServerRatis c047bafd-0fa0-4f2f-9a8c-56ef9c35524f is started using port 40893 for RATIS_ADMIN
2022-11-03 05:23:09,232 [JvmPauseMonitor7] INFO  util.JvmPauseMonitor (JvmPauseMonitor.java:run(105)) - JvmPauseMonitor-c047bafd-0fa0-4f2f-9a8c-56ef9c35524f: Started
2022-11-03 05:23:09,232 [EndpointStateMachine task thread for /0.0.0.0:34199 - 0 ] INFO  ratis.XceiverServerRatis (XceiverServerRatis.java:getRealPort(502)) - XceiverServerRatis c047bafd-0fa0-4f2f-9a8c-56ef9c35524f is started using port 40893 for RATIS_SERVER
2022-11-03 05:23:09,234 [EndpointStateMachine task thread for /0.0.0.0:34199 - 0 ] INFO  server.XceiverServerGrpc (XceiverServerGrpc.java:start(180)) - XceiverServerGrpc c047bafd-0fa0-4f2f-9a8c-56ef9c35524f is started using port 36323
2022-11-03 05:23:09,381 [IPC Server handler 1 on default port 34199] INFO  net.NetworkTopologyImpl (NetworkTopologyImpl.java:add(112)) - Added a new node: /default-rack/b788acd7-0bfa-48fd-ae0f-b822d5826f57
2022-11-03 05:23:09,381 [IPC Server handler 1 on default port 34199] INFO  node.SCMNodeManager (SCMNodeManager.java:register(397)) - Registered Data node : b788acd7-0bfa-48fd-ae0f-b822d5826f57{ip: 10.1.1.42, host: fv-az119-847.ca0t41jjrjaujd4nublazzptxb.cx.internal.cloudapp.net, ports: [REPLICATION=37571, RATIS=42793, RATIS_ADMIN=42793, RATIS_SERVER=42793, STANDALONE=43375], networkLocation: /default-rack, certSerialId: null, persistedOpState: null, persistedOpStateExpiryEpochSec: 0}
2022-11-03 05:23:09,382 [EventQueue-NodeRegistrationContainerReportForDataNodeSafeModeRule] INFO  safemode.SCMSafeModeManager (DataNodeSafeModeRule.java:process(71)) - SCM in safe mode. 2 DataNodes registered, 3 required.
2022-11-03 05:23:09,382 [EventQueue-NewNodeForNewNodeHandler] INFO  pipeline.BackgroundPipelineCreator (BackgroundPipelineCreator.java:notifyEventTriggered(276)) - trigger a one-shot run on RatisPipelineUtilsThread.
2022-11-03 05:23:09,383 [RatisPipelineUtilsThread - 0] INFO  pipeline.RatisPipelineProvider (RatisPipelineProvider.java:lambda$create$0(195)) - Sending CreatePipelineCommand for pipeline:PipelineID=a7b85de8-9df4-49b4-95d9-a7750c3f147e to datanode:b788acd7-0bfa-48fd-ae0f-b822d5826f57
2022-11-03 05:23:09,383 [RatisPipelineUtilsThread - 0] INFO  pipeline.PipelineStateManagerImpl (PipelineStateManagerImpl.java:addPipeline(103)) - Created pipeline Pipeline[ Id: a7b85de8-9df4-49b4-95d9-a7750c3f147e, Nodes: b788acd7-0bfa-48fd-ae0f-b822d5826f57{ip: 10.1.1.42, host: fv-az119-847.ca0t41jjrjaujd4nublazzptxb.cx.internal.cloudapp.net, ports: [REPLICATION=37571, RATIS=42793, RATIS_ADMIN=42793, RATIS_SERVER=42793, STANDALONE=43375], networkLocation: /default-rack, certSerialId: null, persistedOpState: IN_SERVICE, persistedOpStateExpiryEpochSec: 0}, ReplicationConfig: RATIS/ONE, State:ALLOCATED, leaderId:, CreationTimestamp2022-11-03T05:23:09.383Z[Etc/UTC]].
2022-11-03 05:23:09,583 [EndpointStateMachine task thread for /0.0.0.0:34199 - 0 ] INFO  utils.DatanodeStoreCache (DatanodeStoreCache.java:addDB(58)) - Added db /home/runner/work/ozone/ozone/hadoop-ozone/integration-test/target/test-dir/MiniOzoneClusterImpl-a947a097-fc53-45d1-b902-fe1272537128/datanode-7/data-0/containers/hdds/a947a097-fc53-45d1-b902-fe1272537128/DS-9b58658d-7d99-472d-83e6-62f79d66f404/container.db to cache
2022-11-03 05:23:09,583 [EndpointStateMachine task thread for /0.0.0.0:34199 - 0 ] INFO  volume.HddsVolume (HddsVolume.java:createDbStore(307)) - SchemaV3 db is created and loaded at /home/runner/work/ozone/ozone/hadoop-ozone/integration-test/target/test-dir/MiniOzoneClusterImpl-a947a097-fc53-45d1-b902-fe1272537128/datanode-7/data-0/containers/hdds/a947a097-fc53-45d1-b902-fe1272537128/DS-9b58658d-7d99-472d-83e6-62f79d66f404/container.db for volume DS-9b58658d-7d99-472d-83e6-62f79d66f404
2022-11-03 05:23:09,583 [EndpointStateMachine task thread for /0.0.0.0:34199 - 0 ] INFO  ozoneimpl.OzoneContainer (OzoneContainer.java:start(378)) - Attempting to start container services.
2022-11-03 05:23:09,583 [EndpointStateMachine task thread for /0.0.0.0:34199 - 0 ] INFO  ozoneimpl.OzoneContainer (OzoneContainer.java:startContainerScrub(313)) - Background container scanner has been disabled.
2022-11-03 05:23:09,584 [EndpointStateMachine task thread for /0.0.0.0:34199 - 0 ] INFO  replication.ReplicationServer (ReplicationServer.java:start(111)) - ReplicationServer is started using port 43105
2022-11-03 05:23:09,585 [EndpointStateMachine task thread for /0.0.0.0:34199 - 0 ] INFO  ratis.XceiverServerRatis (XceiverServerRatis.java:start(481)) - Starting XceiverServerRatis 1397ad66-7a30-4622-84c4-76091eab1ef3
2022-11-03 05:23:09,585 [EndpointStateMachine task thread for /0.0.0.0:34199 - 0 ] INFO  server.RaftServer (RaftServerProxy.java:startImpl(393)) - 1397ad66-7a30-4622-84c4-76091eab1ef3: start RPC server
2022-11-03 05:23:09,586 [EndpointStateMachine task thread for /0.0.0.0:34199 - 0 ] INFO  server.GrpcService (GrpcService.java:startImpl(270)) - 1397ad66-7a30-4622-84c4-76091eab1ef3: GrpcService started, listening on 46719
2022-11-03 05:23:09,586 [EndpointStateMachine task thread for /0.0.0.0:34199 - 0 ] INFO  ratis.XceiverServerRatis (XceiverServerRatis.java:getRealPort(502)) - XceiverServerRatis 1397ad66-7a30-4622-84c4-76091eab1ef3 is started using port 46719 for RATIS
2022-11-03 05:23:09,586 [EndpointStateMachine task thread for /0.0.0.0:34199 - 0 ] INFO  ratis.XceiverServerRatis (XceiverServerRatis.java:getRealPort(502)) - XceiverServerRatis 1397ad66-7a30-4622-84c4-76091eab1ef3 is started using port 46719 for RATIS_ADMIN
2022-11-03 05:23:09,586 [EndpointStateMachine task thread for /0.0.0.0:34199 - 0 ] INFO  ratis.XceiverServerRatis (XceiverServerRatis.java:getRealPort(502)) - XceiverServerRatis 1397ad66-7a30-4622-84c4-76091eab1ef3 is started using port 46719 for RATIS_SERVER
2022-11-03 05:23:09,592 [EndpointStateMachine task thread for /0.0.0.0:34199 - 0 ] INFO  server.XceiverServerGrpc (XceiverServerGrpc.java:start(180)) - XceiverServerGrpc 1397ad66-7a30-4622-84c4-76091eab1ef3 is started using port 44121
2022-11-03 05:23:09,593 [JvmPauseMonitor8] INFO  util.JvmPauseMonitor (JvmPauseMonitor.java:run(105)) - JvmPauseMonitor-1397ad66-7a30-4622-84c4-76091eab1ef3: Started
2022-11-03 05:23:09,761 [IPC Server handler 3 on default port 34199] INFO  net.NetworkTopologyImpl (NetworkTopologyImpl.java:add(112)) - Added a new node: /default-rack/fca08327-10d6-4e50-9aa0-d18fc62323ab
2022-11-03 05:23:09,761 [IPC Server handler 3 on default port 34199] INFO  node.SCMNodeManager (SCMNodeManager.java:register(397)) - Registered Data node : fca08327-10d6-4e50-9aa0-d18fc62323ab{ip: 10.1.1.42, host: fv-az119-847.ca0t41jjrjaujd4nublazzptxb.cx.internal.cloudapp.net, ports: [REPLICATION=38181, RATIS=46211, RATIS_ADMIN=46211, RATIS_SERVER=46211, STANDALONE=40939], networkLocation: /default-rack, certSerialId: null, persistedOpState: null, persistedOpStateExpiryEpochSec: 0}
2022-11-03 05:23:09,761 [EventQueue-NewNodeForNewNodeHandler] INFO  pipeline.BackgroundPipelineCreator (BackgroundPipelineCreator.java:notifyEventTriggered(276)) - trigger a one-shot run on RatisPipelineUtilsThread.
2022-11-03 05:23:09,761 [EventQueue-NodeRegistrationContainerReportForDataNodeSafeModeRule] INFO  safemode.SCMSafeModeManager (DataNodeSafeModeRule.java:process(71)) - SCM in safe mode. 3 DataNodes registered, 3 required.
2022-11-03 05:23:09,761 [EventQueue-NodeRegistrationContainerReportForDataNodeSafeModeRule] INFO  safemode.SCMSafeModeManager (SCMSafeModeManager.java:validateSafeModeExitRules(204)) - DataNodeSafeModeRule rule is successfully validated
2022-11-03 05:23:09,761 [EventQueue-NodeRegistrationContainerReportForDataNodeSafeModeRule] INFO  safemode.SCMSafeModeManager (SCMSafeModeManager.java:completePreCheck(233)) - All SCM safe mode pre check rules have passed
2022-11-03 05:23:09,762 [EventQueue-NodeRegistrationContainerReportForDataNodeSafeModeRule] WARN  events.EventQueue (EventQueue.java:fireEvent(216)) - No event handler registered for event TypedEvent{payloadType=SafeModeStatus, name='Safe mode status'}
2022-11-03 05:23:09,762 [EventQueue-NodeRegistrationContainerReportForDataNodeSafeModeRule] INFO  ha.SCMContext (SCMContext.java:updateSafeModeStatus(228)) - Update SafeModeStatus from SafeModeStatus{safeModeStatus=true, preCheckPassed=false} to SafeModeStatus{safeModeStatus=true, preCheckPassed=true}.
2022-11-03 05:23:09,762 [EventQueue-NodeRegistrationContainerReportForDataNodeSafeModeRule] INFO  pipeline.BackgroundPipelineCreator (BackgroundPipelineCreator.java:notifyEventTriggered(276)) - trigger a one-shot run on RatisPipelineUtilsThread.
2022-11-03 05:23:09,762 [RatisPipelineUtilsThread - 0] INFO  pipeline.RatisPipelineProvider (RatisPipelineProvider.java:lambda$create$0(195)) - Sending CreatePipelineCommand for pipeline:PipelineID=59908093-d1d8-4662-80cd-ecd5d5b9374b to datanode:fca08327-10d6-4e50-9aa0-d18fc62323ab
2022-11-03 05:23:09,763 [RatisPipelineUtilsThread - 0] INFO  pipeline.PipelineStateManagerImpl (PipelineStateManagerImpl.java:addPipeline(103)) - Created pipeline Pipeline[ Id: 59908093-d1d8-4662-80cd-ecd5d5b9374b, Nodes: fca08327-10d6-4e50-9aa0-d18fc62323ab{ip: 10.1.1.42, host: fv-az119-847.ca0t41jjrjaujd4nublazzptxb.cx.internal.cloudapp.net, ports: [REPLICATION=38181, RATIS=46211, RATIS_ADMIN=46211, RATIS_SERVER=46211, STANDALONE=40939], networkLocation: /default-rack, certSerialId: null, persistedOpState: IN_SERVICE, persistedOpStateExpiryEpochSec: 0}, ReplicationConfig: RATIS/ONE, State:ALLOCATED, leaderId:, CreationTimestamp2022-11-03T05:23:09.762Z[Etc/UTC]].
2022-11-03 05:23:09,766 [RatisPipelineUtilsThread - 0] INFO  pipeline.RatisPipelineProvider (RatisPipelineProvider.java:lambda$create$0(195)) - Sending CreatePipelineCommand for pipeline:PipelineID=f705f685-74fc-420a-8c30-7510fc58d10d to datanode:b788acd7-0bfa-48fd-ae0f-b822d5826f57
2022-11-03 05:23:09,766 [RatisPipelineUtilsThread - 0] INFO  pipeline.RatisPipelineProvider (RatisPipelineProvider.java:lambda$create$0(195)) - Sending CreatePipelineCommand for pipeline:PipelineID=f705f685-74fc-420a-8c30-7510fc58d10d to datanode:aafd62d6-5d37-4c95-9ffb-fecfd05fefa6
2022-11-03 05:23:09,766 [RatisPipelineUtilsThread - 0] INFO  pipeline.RatisPipelineProvider (RatisPipelineProvider.java:lambda$create$0(195)) - Sending CreatePipelineCommand for pipeline:PipelineID=f705f685-74fc-420a-8c30-7510fc58d10d to datanode:fca08327-10d6-4e50-9aa0-d18fc62323ab
2022-11-03 05:23:09,768 [RatisPipelineUtilsThread - 0] INFO  pipeline.PipelineStateManagerImpl (PipelineStateManagerImpl.java:addPipeline(103)) - Created pipeline Pipeline[ Id: f705f685-74fc-420a-8c30-7510fc58d10d, Nodes: b788acd7-0bfa-48fd-ae0f-b822d5826f57{ip: 10.1.1.42, host: fv-az119-847.ca0t41jjrjaujd4nublazzptxb.cx.internal.cloudapp.net, ports: [REPLICATION=37571, RATIS=42793, RATIS_ADMIN=42793, RATIS_SERVER=42793, STANDALONE=43375], networkLocation: /default-rack, certSerialId: null, persistedOpState: IN_SERVICE, persistedOpStateExpiryEpochSec: 0}aafd62d6-5d37-4c95-9ffb-fecfd05fefa6{ip: 10.1.1.42, host: fv-az119-847.ca0t41jjrjaujd4nublazzptxb.cx.internal.cloudapp.net, ports: [REPLICATION=45413, RATIS=39817, RATIS_ADMIN=39817, RATIS_SERVER=39817, STANDALONE=42255], networkLocation: /default-rack, certSerialId: null, persistedOpState: IN_SERVICE, persistedOpStateExpiryEpochSec: 0}fca08327-10d6-4e50-9aa0-d18fc62323ab{ip: 10.1.1.42, host: fv-az119-847.ca0t41jjrjaujd4nublazzptxb.cx.internal.cloudapp.net, ports: [REPLICATION=38181, RATIS=46211, RATIS_ADMIN=46211, RATIS_SERVER=46211, STANDALONE=40939], networkLocation: /default-rack, certSerialId: null, persistedOpState: IN_SERVICE, persistedOpStateExpiryEpochSec: 0}, ReplicationConfig: RATIS/THREE, State:ALLOCATED, leaderId:, CreationTimestamp2022-11-03T05:23:09.766Z[Etc/UTC]].
2022-11-03 05:23:09,769 [RatisPipelineUtilsThread - 0] INFO  pipeline.RatisPipelineProvider (RatisPipelineProvider.java:lambda$create$0(195)) - Sending CreatePipelineCommand for pipeline:PipelineID=576f1efd-9238-484f-8802-dd4c95ded537 to datanode:aafd62d6-5d37-4c95-9ffb-fecfd05fefa6
2022-11-03 05:23:09,769 [RatisPipelineUtilsThread - 0] INFO  pipeline.RatisPipelineProvider (RatisPipelineProvider.java:lambda$create$0(195)) - Sending CreatePipelineCommand for pipeline:PipelineID=576f1efd-9238-484f-8802-dd4c95ded537 to datanode:fca08327-10d6-4e50-9aa0-d18fc62323ab
2022-11-03 05:23:09,769 [RatisPipelineUtilsThread - 0] INFO  pipeline.RatisPipelineProvider (RatisPipelineProvider.java:lambda$create$0(195)) - Sending CreatePipelineCommand for pipeline:PipelineID=576f1efd-9238-484f-8802-dd4c95ded537 to datanode:b788acd7-0bfa-48fd-ae0f-b822d5826f57
2022-11-03 05:23:09,769 [RatisPipelineUtilsThread - 0] INFO  pipeline.PipelineStateManagerImpl (PipelineStateManagerImpl.java:addPipeline(103)) - Created pipeline Pipeline[ Id: 576f1efd-9238-484f-8802-dd4c95ded537, Nodes: aafd62d6-5d37-4c95-9ffb-fecfd05fefa6{ip: 10.1.1.42, host: fv-az119-847.ca0t41jjrjaujd4nublazzptxb.cx.internal.cloudapp.net, ports: [REPLICATION=45413, RATIS=39817, RATIS_ADMIN=39817, RATIS_SERVER=39817, STANDALONE=42255], networkLocation: /default-rack, certSerialId: null, persistedOpState: IN_SERVICE, persistedOpStateExpiryEpochSec: 0}fca08327-10d6-4e50-9aa0-d18fc62323ab{ip: 10.1.1.42, host: fv-az119-847.ca0t41jjrjaujd4nublazzptxb.cx.internal.cloudapp.net, ports: [REPLICATION=38181, RATIS=46211, RATIS_ADMIN=46211, RATIS_SERVER=46211, STANDALONE=40939], networkLocation: /default-rack, certSerialId: null, persistedOpState: IN_SERVICE, persistedOpStateExpiryEpochSec: 0}b788acd7-0bfa-48fd-ae0f-b822d5826f57{ip: 10.1.1.42, host: fv-az119-847.ca0t41jjrjaujd4nublazzptxb.cx.internal.cloudapp.net, ports: [REPLICATION=37571, RATIS=42793, RATIS_ADMIN=42793, RATIS_SERVER=42793, STANDALONE=43375], networkLocation: /default-rack, certSerialId: null, persistedOpState: IN_SERVICE, persistedOpStateExpiryEpochSec: 0}, ReplicationConfig: RATIS/THREE, State:ALLOCATED, leaderId:, CreationTimestamp2022-11-03T05:23:09.769Z[Etc/UTC]].
2022-11-03 05:23:09,770 [RatisPipelineUtilsThread - 0] INFO  pipeline.PipelineManagerImpl (PipelineManagerImpl.java:recordMetricsForPipeline(826)) - Pipeline: PipelineID=576f1efd-9238-484f-8802-dd4c95ded537 contains same datanodes as previous pipelines: PipelineID=f705f685-74fc-420a-8c30-7510fc58d10d nodeIds: aafd62d6-5d37-4c95-9ffb-fecfd05fefa6, fca08327-10d6-4e50-9aa0-d18fc62323ab, b788acd7-0bfa-48fd-ae0f-b822d5826f57
2022-11-03 05:23:09,901 [EndpointStateMachine task thread for /0.0.0.0:34199 - 0 ] INFO  utils.DatanodeStoreCache (DatanodeStoreCache.java:addDB(58)) - Added db /home/runner/work/ozone/ozone/hadoop-ozone/integration-test/target/test-dir/MiniOzoneClusterImpl-a947a097-fc53-45d1-b902-fe1272537128/datanode-8/data-0/containers/hdds/a947a097-fc53-45d1-b902-fe1272537128/DS-dbcdeaba-f91f-4bfe-834b-c5832b5ad0b6/container.db to cache
2022-11-03 05:23:09,901 [EndpointStateMachine task thread for /0.0.0.0:34199 - 0 ] INFO  volume.HddsVolume (HddsVolume.java:createDbStore(307)) - SchemaV3 db is created and loaded at /home/runner/work/ozone/ozone/hadoop-ozone/integration-test/target/test-dir/MiniOzoneClusterImpl-a947a097-fc53-45d1-b902-fe1272537128/datanode-8/data-0/containers/hdds/a947a097-fc53-45d1-b902-fe1272537128/DS-dbcdeaba-f91f-4bfe-834b-c5832b5ad0b6/container.db for volume DS-dbcdeaba-f91f-4bfe-834b-c5832b5ad0b6
2022-11-03 05:23:09,901 [EndpointStateMachine task thread for /0.0.0.0:34199 - 0 ] INFO  ozoneimpl.OzoneContainer (OzoneContainer.java:start(378)) - Attempting to start container services.
2022-11-03 05:23:09,902 [EndpointStateMachine task thread for /0.0.0.0:34199 - 0 ] INFO  ozoneimpl.OzoneContainer (OzoneContainer.java:startContainerScrub(313)) - Background container scanner has been disabled.
2022-11-03 05:23:09,903 [EndpointStateMachine task thread for /0.0.0.0:34199 - 0 ] INFO  replication.ReplicationServer (ReplicationServer.java:start(111)) - ReplicationServer is started using port 41809
2022-11-03 05:23:09,903 [EndpointStateMachine task thread for /0.0.0.0:34199 - 0 ] INFO  ratis.XceiverServerRatis (XceiverServerRatis.java:start(481)) - Starting XceiverServerRatis edbb8909-d467-4274-b253-e11b41a723b1
2022-11-03 05:23:09,904 [EndpointStateMachine task thread for /0.0.0.0:34199 - 0 ] INFO  server.RaftServer (RaftServerProxy.java:startImpl(393)) - edbb8909-d467-4274-b253-e11b41a723b1: start RPC server
2022-11-03 05:23:09,904 [EndpointStateMachine task thread for /0.0.0.0:34199 - 0 ] INFO  server.GrpcService (GrpcService.java:startImpl(270)) - edbb8909-d467-4274-b253-e11b41a723b1: GrpcService started, listening on 38807
2022-11-03 05:23:09,904 [EndpointStateMachine task thread for /0.0.0.0:34199 - 0 ] INFO  ratis.XceiverServerRatis (XceiverServerRatis.java:getRealPort(502)) - XceiverServerRatis edbb8909-d467-4274-b253-e11b41a723b1 is started using port 38807 for RATIS
2022-11-03 05:23:09,905 [EndpointStateMachine task thread for /0.0.0.0:34199 - 0 ] INFO  ratis.XceiverServerRatis (XceiverServerRatis.java:getRealPort(502)) - XceiverServerRatis edbb8909-d467-4274-b253-e11b41a723b1 is started using port 38807 for RATIS_ADMIN
2022-11-03 05:23:09,905 [JvmPauseMonitor9] INFO  util.JvmPauseMonitor (JvmPauseMonitor.java:run(105)) - JvmPauseMonitor-edbb8909-d467-4274-b253-e11b41a723b1: Started
2022-11-03 05:23:09,905 [EndpointStateMachine task thread for /0.0.0.0:34199 - 0 ] INFO  ratis.XceiverServerRatis (XceiverServerRatis.java:getRealPort(502)) - XceiverServerRatis edbb8909-d467-4274-b253-e11b41a723b1 is started using port 38807 for RATIS_SERVER
2022-11-03 05:23:09,907 [EndpointStateMachine task thread for /0.0.0.0:34199 - 0 ] INFO  server.XceiverServerGrpc (XceiverServerGrpc.java:start(180)) - XceiverServerGrpc edbb8909-d467-4274-b253-e11b41a723b1 is started using port 41863
2022-11-03 05:23:10,094 [IPC Server handler 5 on default port 34199] INFO  net.NetworkTopologyImpl (NetworkTopologyImpl.java:add(112)) - Added a new node: /default-rack/3459717f-89f3-488b-978e-7216d8acef6a
2022-11-03 05:23:10,094 [IPC Server handler 5 on default port 34199] INFO  node.SCMNodeManager (SCMNodeManager.java:register(397)) - Registered Data node : 3459717f-89f3-488b-978e-7216d8acef6a{ip: 10.1.1.42, host: fv-az119-847.ca0t41jjrjaujd4nublazzptxb.cx.internal.cloudapp.net, ports: [REPLICATION=38201, RATIS=37511, RATIS_ADMIN=37511, RATIS_SERVER=37511, STANDALONE=36731], networkLocation: /default-rack, certSerialId: null, persistedOpState: null, persistedOpStateExpiryEpochSec: 0}
2022-11-03 05:23:10,094 [EventQueue-NewNodeForNewNodeHandler] INFO  pipeline.BackgroundPipelineCreator (BackgroundPipelineCreator.java:notifyEventTriggered(276)) - trigger a one-shot run on RatisPipelineUtilsThread.
2022-11-03 05:23:10,095 [RatisPipelineUtilsThread - 0] INFO  pipeline.RatisPipelineProvider (RatisPipelineProvider.java:lambda$create$0(195)) - Sending CreatePipelineCommand for pipeline:PipelineID=9b673466-11c6-4502-b592-f8dc2d173f7a to datanode:3459717f-89f3-488b-978e-7216d8acef6a
2022-11-03 05:23:10,095 [RatisPipelineUtilsThread - 0] INFO  pipeline.PipelineStateManagerImpl (PipelineStateManagerImpl.java:addPipeline(103)) - Created pipeline Pipeline[ Id: 9b673466-11c6-4502-b592-f8dc2d173f7a, Nodes: 3459717f-89f3-488b-978e-7216d8acef6a{ip: 10.1.1.42, host: fv-az119-847.ca0t41jjrjaujd4nublazzptxb.cx.internal.cloudapp.net, ports: [REPLICATION=38201, RATIS=37511, RATIS_ADMIN=37511, RATIS_SERVER=37511, STANDALONE=36731], networkLocation: /default-rack, certSerialId: null, persistedOpState: IN_SERVICE, persistedOpStateExpiryEpochSec: 0}, ReplicationConfig: RATIS/ONE, State:ALLOCATED, leaderId:, CreationTimestamp2022-11-03T05:23:10.095Z[Etc/UTC]].
2022-11-03 05:23:10,196 [Listener at 127.0.0.1/40235] INFO  ozone.MiniOzoneClusterImpl (MiniOzoneClusterImpl.java:lambda$waitForClusterToBeReady$0(216)) - Waiting for nodes to be ready. Got 4 of 10 DN Heartbeats.
2022-11-03 05:23:10,196 [Listener at 127.0.0.1/40235] INFO  ozone.MiniOzoneClusterImpl (MiniOzoneClusterImpl.java:lambda$waitForClusterToBeReady$0(219)) - Waiting for cluster to exit safe mode
2022-11-03 05:23:10,196 [Listener at 127.0.0.1/40235] INFO  ozone.MiniOzoneClusterImpl (MiniOzoneClusterImpl.java:lambda$waitForClusterToBeReady$0(221)) - SCM became leader
2022-11-03 05:23:10,237 [EndpointStateMachine task thread for /0.0.0.0:34199 - 0 ] INFO  utils.DatanodeStoreCache (DatanodeStoreCache.java:addDB(58)) - Added db /home/runner/work/ozone/ozone/hadoop-ozone/integration-test/target/test-dir/MiniOzoneClusterImpl-a947a097-fc53-45d1-b902-fe1272537128/datanode-9/data-0/containers/hdds/a947a097-fc53-45d1-b902-fe1272537128/DS-0ed35f37-c6ed-4c4a-9865-953d4ab8e76c/container.db to cache
2022-11-03 05:23:10,238 [EndpointStateMachine task thread for /0.0.0.0:34199 - 0 ] INFO  volume.HddsVolume (HddsVolume.java:createDbStore(307)) - SchemaV3 db is created and loaded at /home/runner/work/ozone/ozone/hadoop-ozone/integration-test/target/test-dir/MiniOzoneClusterImpl-a947a097-fc53-45d1-b902-fe1272537128/datanode-9/data-0/containers/hdds/a947a097-fc53-45d1-b902-fe1272537128/DS-0ed35f37-c6ed-4c4a-9865-953d4ab8e76c/container.db for volume DS-0ed35f37-c6ed-4c4a-9865-953d4ab8e76c
2022-11-03 05:23:10,238 [EndpointStateMachine task thread for /0.0.0.0:34199 - 0 ] INFO  ozoneimpl.OzoneContainer (OzoneContainer.java:start(378)) - Attempting to start container services.
2022-11-03 05:23:10,238 [EndpointStateMachine task thread for /0.0.0.0:34199 - 0 ] INFO  ozoneimpl.OzoneContainer (OzoneContainer.java:startContainerScrub(313)) - Background container scanner has been disabled.
2022-11-03 05:23:10,239 [EndpointStateMachine task thread for /0.0.0.0:34199 - 0 ] INFO  replication.ReplicationServer (ReplicationServer.java:start(111)) - ReplicationServer is started using port 36393
2022-11-03 05:23:10,239 [EndpointStateMachine task thread for /0.0.0.0:34199 - 0 ] INFO  ratis.XceiverServerRatis (XceiverServerRatis.java:start(481)) - Starting XceiverServerRatis c4b91fe4-1e17-46ee-80ce-129a880b8a55
2022-11-03 05:23:10,240 [EndpointStateMachine task thread for /0.0.0.0:34199 - 0 ] INFO  server.RaftServer (RaftServerProxy.java:startImpl(393)) - c4b91fe4-1e17-46ee-80ce-129a880b8a55: start RPC server
2022-11-03 05:23:10,241 [EndpointStateMachine task thread for /0.0.0.0:34199 - 0 ] INFO  server.GrpcService (GrpcService.java:startImpl(270)) - c4b91fe4-1e17-46ee-80ce-129a880b8a55: GrpcService started, listening on 40201
2022-11-03 05:23:10,241 [EndpointStateMachine task thread for /0.0.0.0:34199 - 0 ] INFO  ratis.XceiverServerRatis (XceiverServerRatis.java:getRealPort(502)) - XceiverServerRatis c4b91fe4-1e17-46ee-80ce-129a880b8a55 is started using port 40201 for RATIS
2022-11-03 05:23:10,242 [EndpointStateMachine task thread for /0.0.0.0:34199 - 0 ] INFO  ratis.XceiverServerRatis (XceiverServerRatis.java:getRealPort(502)) - XceiverServerRatis c4b91fe4-1e17-46ee-80ce-129a880b8a55 is started using port 40201 for RATIS_ADMIN
2022-11-03 05:23:10,242 [JvmPauseMonitor10] INFO  util.JvmPauseMonitor (JvmPauseMonitor.java:run(105)) - JvmPauseMonitor-c4b91fe4-1e17-46ee-80ce-129a880b8a55: Started
2022-11-03 05:23:10,242 [EndpointStateMachine task thread for /0.0.0.0:34199 - 0 ] INFO  ratis.XceiverServerRatis (XceiverServerRatis.java:getRealPort(502)) - XceiverServerRatis c4b91fe4-1e17-46ee-80ce-129a880b8a55 is started using port 40201 for RATIS_SERVER
2022-11-03 05:23:10,243 [EndpointStateMachine task thread for /0.0.0.0:34199 - 0 ] INFO  server.XceiverServerGrpc (XceiverServerGrpc.java:start(180)) - XceiverServerGrpc c4b91fe4-1e17-46ee-80ce-129a880b8a55 is started using port 42287
2022-11-03 05:23:10,440 [IPC Server handler 2 on default port 34199] INFO  net.NetworkTopologyImpl (NetworkTopologyImpl.java:add(112)) - Added a new node: /default-rack/5ddfe129-1b79-40ed-b807-03daa2e9053a
2022-11-03 05:23:10,440 [IPC Server handler 2 on default port 34199] INFO  node.SCMNodeManager (SCMNodeManager.java:register(397)) - Registered Data node : 5ddfe129-1b79-40ed-b807-03daa2e9053a{ip: 10.1.1.42, host: fv-az119-847.ca0t41jjrjaujd4nublazzptxb.cx.internal.cloudapp.net, ports: [REPLICATION=34451, RATIS=37873, RATIS_ADMIN=37873, RATIS_SERVER=37873, STANDALONE=38545], networkLocation: /default-rack, certSerialId: null, persistedOpState: null, persistedOpStateExpiryEpochSec: 0}
2022-11-03 05:23:10,440 [EventQueue-NewNodeForNewNodeHandler] INFO  pipeline.BackgroundPipelineCreator (BackgroundPipelineCreator.java:notifyEventTriggered(276)) - trigger a one-shot run on RatisPipelineUtilsThread.
2022-11-03 05:23:10,441 [RatisPipelineUtilsThread - 0] INFO  pipeline.RatisPipelineProvider (RatisPipelineProvider.java:lambda$create$0(195)) - Sending CreatePipelineCommand for pipeline:PipelineID=a1185fa8-471c-4249-9c3f-e0d2a552c254 to datanode:5ddfe129-1b79-40ed-b807-03daa2e9053a
2022-11-03 05:23:10,441 [RatisPipelineUtilsThread - 0] INFO  pipeline.PipelineStateManagerImpl (PipelineStateManagerImpl.java:addPipeline(103)) - Created pipeline Pipeline[ Id: a1185fa8-471c-4249-9c3f-e0d2a552c254, Nodes: 5ddfe129-1b79-40ed-b807-03daa2e9053a{ip: 10.1.1.42, host: fv-az119-847.ca0t41jjrjaujd4nublazzptxb.cx.internal.cloudapp.net, ports: [REPLICATION=34451, RATIS=37873, RATIS_ADMIN=37873, RATIS_SERVER=37873, STANDALONE=38545], networkLocation: /default-rack, certSerialId: null, persistedOpState: IN_SERVICE, persistedOpStateExpiryEpochSec: 0}, ReplicationConfig: RATIS/ONE, State:ALLOCATED, leaderId:, CreationTimestamp2022-11-03T05:23:10.441Z[Etc/UTC]].
2022-11-03 05:23:10,756 [IPC Server handler 3 on default port 34199] INFO  net.NetworkTopologyImpl (NetworkTopologyImpl.java:add(112)) - Added a new node: /default-rack/236f0899-86ef-4b9d-9b64-54b2c41e9569
2022-11-03 05:23:10,756 [IPC Server handler 3 on default port 34199] INFO  node.SCMNodeManager (SCMNodeManager.java:register(397)) - Registered Data node : 236f0899-86ef-4b9d-9b64-54b2c41e9569{ip: 10.1.1.42, host: fv-az119-847.ca0t41jjrjaujd4nublazzptxb.cx.internal.cloudapp.net, ports: [REPLICATION=35039, RATIS=45985, RATIS_ADMIN=45985, RATIS_SERVER=45985, STANDALONE=34715], networkLocation: /default-rack, certSerialId: null, persistedOpState: null, persistedOpStateExpiryEpochSec: 0}
2022-11-03 05:23:10,757 [EventQueue-NewNodeForNewNodeHandler] INFO  pipeline.BackgroundPipelineCreator (BackgroundPipelineCreator.java:notifyEventTriggered(276)) - trigger a one-shot run on RatisPipelineUtilsThread.
2022-11-03 05:23:10,758 [RatisPipelineUtilsThread - 0] INFO  pipeline.RatisPipelineProvider (RatisPipelineProvider.java:lambda$create$0(195)) - Sending CreatePipelineCommand for pipeline:PipelineID=9c655f0d-fbbc-4191-9417-7ca10958393f to datanode:236f0899-86ef-4b9d-9b64-54b2c41e9569
2022-11-03 05:23:10,758 [RatisPipelineUtilsThread - 0] INFO  pipeline.PipelineStateManagerImpl (PipelineStateManagerImpl.java:addPipeline(103)) - Created pipeline Pipeline[ Id: 9c655f0d-fbbc-4191-9417-7ca10958393f, Nodes: 236f0899-86ef-4b9d-9b64-54b2c41e9569{ip: 10.1.1.42, host: fv-az119-847.ca0t41jjrjaujd4nublazzptxb.cx.internal.cloudapp.net, ports: [REPLICATION=35039, RATIS=45985, RATIS_ADMIN=45985, RATIS_SERVER=45985, STANDALONE=34715], networkLocation: /default-rack, certSerialId: null, persistedOpState: IN_SERVICE, persistedOpStateExpiryEpochSec: 0}, ReplicationConfig: RATIS/ONE, State:ALLOCATED, leaderId:, CreationTimestamp2022-11-03T05:23:10.758Z[Etc/UTC]].
2022-11-03 05:23:10,759 [RatisPipelineUtilsThread - 0] INFO  pipeline.RatisPipelineProvider (RatisPipelineProvider.java:lambda$create$0(195)) - Sending CreatePipelineCommand for pipeline:PipelineID=6573f3b5-bbfa-4a8b-967b-b5349c004512 to datanode:236f0899-86ef-4b9d-9b64-54b2c41e9569
2022-11-03 05:23:10,759 [RatisPipelineUtilsThread - 0] INFO  pipeline.RatisPipelineProvider (RatisPipelineProvider.java:lambda$create$0(195)) - Sending CreatePipelineCommand for pipeline:PipelineID=6573f3b5-bbfa-4a8b-967b-b5349c004512 to datanode:5ddfe129-1b79-40ed-b807-03daa2e9053a
2022-11-03 05:23:10,759 [RatisPipelineUtilsThread - 0] INFO  pipeline.RatisPipelineProvider (RatisPipelineProvider.java:lambda$create$0(195)) - Sending CreatePipelineCommand for pipeline:PipelineID=6573f3b5-bbfa-4a8b-967b-b5349c004512 to datanode:3459717f-89f3-488b-978e-7216d8acef6a
2022-11-03 05:23:10,760 [RatisPipelineUtilsThread - 0] INFO  pipeline.PipelineStateManagerImpl (PipelineStateManagerImpl.java:addPipeline(103)) - Created pipeline Pipeline[ Id: 6573f3b5-bbfa-4a8b-967b-b5349c004512, Nodes: 236f0899-86ef-4b9d-9b64-54b2c41e9569{ip: 10.1.1.42, host: fv-az119-847.ca0t41jjrjaujd4nublazzptxb.cx.internal.cloudapp.net, ports: [REPLICATION=35039, RATIS=45985, RATIS_ADMIN=45985, RATIS_SERVER=45985, STANDALONE=34715], networkLocation: /default-rack, certSerialId: null, persistedOpState: IN_SERVICE, persistedOpStateExpiryEpochSec: 0}5ddfe129-1b79-40ed-b807-03daa2e9053a{ip: 10.1.1.42, host: fv-az119-847.ca0t41jjrjaujd4nublazzptxb.cx.internal.cloudapp.net, ports: [REPLICATION=34451, RATIS=37873, RATIS_ADMIN=37873, RATIS_SERVER=37873, STANDALONE=38545], networkLocation: /default-rack, certSerialId: null, persistedOpState: IN_SERVICE, persistedOpStateExpiryEpochSec: 0}3459717f-89f3-488b-978e-7216d8acef6a{ip: 10.1.1.42, host: fv-az119-847.ca0t41jjrjaujd4nublazzptxb.cx.internal.cloudapp.net, ports: [REPLICATION=38201, RATIS=37511, RATIS_ADMIN=37511, RATIS_SERVER=37511, STANDALONE=36731], networkLocation: /default-rack, certSerialId: null, persistedOpState: IN_SERVICE, persistedOpStateExpiryEpochSec: 0}, ReplicationConfig: RATIS/THREE, State:ALLOCATED, leaderId:, CreationTimestamp2022-11-03T05:23:10.759Z[Etc/UTC]].
2022-11-03 05:23:10,760 [RatisPipelineUtilsThread - 0] INFO  pipeline.RatisPipelineProvider (RatisPipelineProvider.java:lambda$create$0(195)) - Sending CreatePipelineCommand for pipeline:PipelineID=6712345d-f63f-4731-a5e0-8a90670e2f53 to datanode:3459717f-89f3-488b-978e-7216d8acef6a
2022-11-03 05:23:10,761 [RatisPipelineUtilsThread - 0] INFO  pipeline.RatisPipelineProvider (RatisPipelineProvider.java:lambda$create$0(195)) - Sending CreatePipelineCommand for pipeline:PipelineID=6712345d-f63f-4731-a5e0-8a90670e2f53 to datanode:236f0899-86ef-4b9d-9b64-54b2c41e9569
2022-11-03 05:23:10,762 [RatisPipelineUtilsThread - 0] INFO  pipeline.RatisPipelineProvider (RatisPipelineProvider.java:lambda$create$0(195)) - Sending CreatePipelineCommand for pipeline:PipelineID=6712345d-f63f-4731-a5e0-8a90670e2f53 to datanode:5ddfe129-1b79-40ed-b807-03daa2e9053a
2022-11-03 05:23:10,762 [RatisPipelineUtilsThread - 0] INFO  pipeline.PipelineStateManagerImpl (PipelineStateManagerImpl.java:addPipeline(103)) - Created pipeline Pipeline[ Id: 6712345d-f63f-4731-a5e0-8a90670e2f53, Nodes: 3459717f-89f3-488b-978e-7216d8acef6a{ip: 10.1.1.42, host: fv-az119-847.ca0t41jjrjaujd4nublazzptxb.cx.internal.cloudapp.net, ports: [REPLICATION=38201, RATIS=37511, RATIS_ADMIN=37511, RATIS_SERVER=37511, STANDALONE=36731], networkLocation: /default-rack, certSerialId: null, persistedOpState: IN_SERVICE, persistedOpStateExpiryEpochSec: 0}236f0899-86ef-4b9d-9b64-54b2c41e9569{ip: 10.1.1.42, host: fv-az119-847.ca0t41jjrjaujd4nublazzptxb.cx.internal.cloudapp.net, ports: [REPLICATION=35039, RATIS=45985, RATIS_ADMIN=45985, RATIS_SERVER=45985, STANDALONE=34715], networkLocation: /default-rack, certSerialId: null, persistedOpState: IN_SERVICE, persistedOpStateExpiryEpochSec: 0}5ddfe129-1b79-40ed-b807-03daa2e9053a{ip: 10.1.1.42, host: fv-az119-847.ca0t41jjrjaujd4nublazzptxb.cx.internal.cloudapp.net, ports: [REPLICATION=34451, RATIS=37873, RATIS_ADMIN=37873, RATIS_SERVER=37873, STANDALONE=38545], networkLocation: /default-rack, certSerialId: null, persistedOpState: IN_SERVICE, persistedOpStateExpiryEpochSec: 0}, ReplicationConfig: RATIS/THREE, State:ALLOCATED, leaderId:, CreationTimestamp2022-11-03T05:23:10.760Z[Etc/UTC]].
2022-11-03 05:23:10,762 [RatisPipelineUtilsThread - 0] INFO  pipeline.PipelineManagerImpl (PipelineManagerImpl.java:recordMetricsForPipeline(826)) - Pipeline: PipelineID=6712345d-f63f-4731-a5e0-8a90670e2f53 contains same datanodes as previous pipelines: PipelineID=6573f3b5-bbfa-4a8b-967b-b5349c004512 nodeIds: 3459717f-89f3-488b-978e-7216d8acef6a, 236f0899-86ef-4b9d-9b64-54b2c41e9569, 5ddfe129-1b79-40ed-b807-03daa2e9053a
2022-11-03 05:23:11,197 [Listener at 127.0.0.1/40235] INFO  ozone.MiniOzoneClusterImpl (MiniOzoneClusterImpl.java:lambda$waitForClusterToBeReady$0(216)) - Waiting for nodes to be ready. Got 6 of 10 DN Heartbeats.
2022-11-03 05:23:11,197 [Listener at 127.0.0.1/40235] INFO  ozone.MiniOzoneClusterImpl (MiniOzoneClusterImpl.java:lambda$waitForClusterToBeReady$0(219)) - Waiting for cluster to exit safe mode
2022-11-03 05:23:11,197 [Listener at 127.0.0.1/40235] INFO  ozone.MiniOzoneClusterImpl (MiniOzoneClusterImpl.java:lambda$waitForClusterToBeReady$0(221)) - SCM became leader
2022-11-03 05:23:11,201 [IPC Server handler 0 on default port 34199] INFO  net.NetworkTopologyImpl (NetworkTopologyImpl.java:add(112)) - Added a new node: /default-rack/c047bafd-0fa0-4f2f-9a8c-56ef9c35524f
2022-11-03 05:23:11,201 [IPC Server handler 0 on default port 34199] INFO  node.SCMNodeManager (SCMNodeManager.java:register(397)) - Registered Data node : c047bafd-0fa0-4f2f-9a8c-56ef9c35524f{ip: 10.1.1.42, host: fv-az119-847.ca0t41jjrjaujd4nublazzptxb.cx.internal.cloudapp.net, ports: [REPLICATION=42705, RATIS=40893, RATIS_ADMIN=40893, RATIS_SERVER=40893, STANDALONE=36323], networkLocation: /default-rack, certSerialId: null, persistedOpState: null, persistedOpStateExpiryEpochSec: 0}
2022-11-03 05:23:11,202 [EventQueue-NewNodeForNewNodeHandler] INFO  pipeline.BackgroundPipelineCreator (BackgroundPipelineCreator.java:notifyEventTriggered(276)) - trigger a one-shot run on RatisPipelineUtilsThread.
2022-11-03 05:23:11,202 [RatisPipelineUtilsThread - 0] INFO  pipeline.RatisPipelineProvider (RatisPipelineProvider.java:lambda$create$0(195)) - Sending CreatePipelineCommand for pipeline:PipelineID=978c35a9-b7e9-474f-b4e6-07e747feab49 to datanode:c047bafd-0fa0-4f2f-9a8c-56ef9c35524f
2022-11-03 05:23:11,203 [RatisPipelineUtilsThread - 0] INFO  pipeline.PipelineStateManagerImpl (PipelineStateManagerImpl.java:addPipeline(103)) - Created pipeline Pipeline[ Id: 978c35a9-b7e9-474f-b4e6-07e747feab49, Nodes: c047bafd-0fa0-4f2f-9a8c-56ef9c35524f{ip: 10.1.1.42, host: fv-az119-847.ca0t41jjrjaujd4nublazzptxb.cx.internal.cloudapp.net, ports: [REPLICATION=42705, RATIS=40893, RATIS_ADMIN=40893, RATIS_SERVER=40893, STANDALONE=36323], networkLocation: /default-rack, certSerialId: null, persistedOpState: IN_SERVICE, persistedOpStateExpiryEpochSec: 0}, ReplicationConfig: RATIS/ONE, State:ALLOCATED, leaderId:, CreationTimestamp2022-11-03T05:23:11.202Z[Etc/UTC]].
2022-11-03 05:23:11,557 [IPC Server handler 3 on default port 34199] INFO  net.NetworkTopologyImpl (NetworkTopologyImpl.java:add(112)) - Added a new node: /default-rack/1397ad66-7a30-4622-84c4-76091eab1ef3
2022-11-03 05:23:11,557 [IPC Server handler 3 on default port 34199] INFO  node.SCMNodeManager (SCMNodeManager.java:register(397)) - Registered Data node : 1397ad66-7a30-4622-84c4-76091eab1ef3{ip: 10.1.1.42, host: fv-az119-847.ca0t41jjrjaujd4nublazzptxb.cx.internal.cloudapp.net, ports: [REPLICATION=43105, RATIS=46719, RATIS_ADMIN=46719, RATIS_SERVER=46719, STANDALONE=44121], networkLocation: /default-rack, certSerialId: null, persistedOpState: null, persistedOpStateExpiryEpochSec: 0}
2022-11-03 05:23:11,558 [EventQueue-NewNodeForNewNodeHandler] INFO  pipeline.BackgroundPipelineCreator (BackgroundPipelineCreator.java:notifyEventTriggered(276)) - trigger a one-shot run on RatisPipelineUtilsThread.
2022-11-03 05:23:11,560 [RatisPipelineUtilsThread - 0] INFO  pipeline.RatisPipelineProvider (RatisPipelineProvider.java:lambda$create$0(195)) - Sending CreatePipelineCommand for pipeline:PipelineID=e329c199-86bb-48a0-8dcc-0cc2a593d591 to datanode:1397ad66-7a30-4622-84c4-76091eab1ef3
2022-11-03 05:23:11,561 [RatisPipelineUtilsThread - 0] INFO  pipeline.PipelineStateManagerImpl (PipelineStateManagerImpl.java:addPipeline(103)) - Created pipeline Pipeline[ Id: e329c199-86bb-48a0-8dcc-0cc2a593d591, Nodes: 1397ad66-7a30-4622-84c4-76091eab1ef3{ip: 10.1.1.42, host: fv-az119-847.ca0t41jjrjaujd4nublazzptxb.cx.internal.cloudapp.net, ports: [REPLICATION=43105, RATIS=46719, RATIS_ADMIN=46719, RATIS_SERVER=46719, STANDALONE=44121], networkLocation: /default-rack, certSerialId: null, persistedOpState: IN_SERVICE, persistedOpStateExpiryEpochSec: 0}, ReplicationConfig: RATIS/ONE, State:ALLOCATED, leaderId:, CreationTimestamp2022-11-03T05:23:11.560Z[Etc/UTC]].
2022-11-03 05:23:11,878 [IPC Server handler 5 on default port 34199] INFO  net.NetworkTopologyImpl (NetworkTopologyImpl.java:add(112)) - Added a new node: /default-rack/edbb8909-d467-4274-b253-e11b41a723b1
2022-11-03 05:23:11,878 [IPC Server handler 5 on default port 34199] INFO  node.SCMNodeManager (SCMNodeManager.java:register(397)) - Registered Data node : edbb8909-d467-4274-b253-e11b41a723b1{ip: 10.1.1.42, host: fv-az119-847.ca0t41jjrjaujd4nublazzptxb.cx.internal.cloudapp.net, ports: [REPLICATION=41809, RATIS=38807, RATIS_ADMIN=38807, RATIS_SERVER=38807, STANDALONE=41863], networkLocation: /default-rack, certSerialId: null, persistedOpState: null, persistedOpStateExpiryEpochSec: 0}
2022-11-03 05:23:11,878 [EventQueue-NewNodeForNewNodeHandler] INFO  pipeline.BackgroundPipelineCreator (BackgroundPipelineCreator.java:notifyEventTriggered(276)) - trigger a one-shot run on RatisPipelineUtilsThread.
2022-11-03 05:23:11,879 [RatisPipelineUtilsThread - 0] INFO  pipeline.RatisPipelineProvider (RatisPipelineProvider.java:lambda$create$0(195)) - Sending CreatePipelineCommand for pipeline:PipelineID=e209c85c-a79e-47b7-a5b3-7daf5252a9fc to datanode:edbb8909-d467-4274-b253-e11b41a723b1
2022-11-03 05:23:11,880 [RatisPipelineUtilsThread - 0] INFO  pipeline.PipelineStateManagerImpl (PipelineStateManagerImpl.java:addPipeline(103)) - Created pipeline Pipeline[ Id: e209c85c-a79e-47b7-a5b3-7daf5252a9fc, Nodes: edbb8909-d467-4274-b253-e11b41a723b1{ip: 10.1.1.42, host: fv-az119-847.ca0t41jjrjaujd4nublazzptxb.cx.internal.cloudapp.net, ports: [REPLICATION=41809, RATIS=38807, RATIS_ADMIN=38807, RATIS_SERVER=38807, STANDALONE=41863], networkLocation: /default-rack, certSerialId: null, persistedOpState: IN_SERVICE, persistedOpStateExpiryEpochSec: 0}, ReplicationConfig: RATIS/ONE, State:ALLOCATED, leaderId:, CreationTimestamp2022-11-03T05:23:11.879Z[Etc/UTC]].
2022-11-03 05:23:11,880 [RatisPipelineUtilsThread - 0] INFO  pipeline.RatisPipelineProvider (RatisPipelineProvider.java:lambda$create$0(195)) - Sending CreatePipelineCommand for pipeline:PipelineID=857071ee-07df-438d-a40c-328117242da8 to datanode:c047bafd-0fa0-4f2f-9a8c-56ef9c35524f
2022-11-03 05:23:11,881 [RatisPipelineUtilsThread - 0] INFO  pipeline.RatisPipelineProvider (RatisPipelineProvider.java:lambda$create$0(195)) - Sending CreatePipelineCommand for pipeline:PipelineID=857071ee-07df-438d-a40c-328117242da8 to datanode:1397ad66-7a30-4622-84c4-76091eab1ef3
2022-11-03 05:23:11,881 [RatisPipelineUtilsThread - 0] INFO  pipeline.RatisPipelineProvider (RatisPipelineProvider.java:lambda$create$0(195)) - Sending CreatePipelineCommand for pipeline:PipelineID=857071ee-07df-438d-a40c-328117242da8 to datanode:edbb8909-d467-4274-b253-e11b41a723b1
2022-11-03 05:23:11,881 [RatisPipelineUtilsThread - 0] INFO  pipeline.PipelineStateManagerImpl (PipelineStateManagerImpl.java:addPipeline(103)) - Created pipeline Pipeline[ Id: 857071ee-07df-438d-a40c-328117242da8, Nodes: c047bafd-0fa0-4f2f-9a8c-56ef9c35524f{ip: 10.1.1.42, host: fv-az119-847.ca0t41jjrjaujd4nublazzptxb.cx.internal.cloudapp.net, ports: [REPLICATION=42705, RATIS=40893, RATIS_ADMIN=40893, RATIS_SERVER=40893, STANDALONE=36323], networkLocation: /default-rack, certSerialId: null, persistedOpState: IN_SERVICE, persistedOpStateExpiryEpochSec: 0}1397ad66-7a30-4622-84c4-76091eab1ef3{ip: 10.1.1.42, host: fv-az119-847.ca0t41jjrjaujd4nublazzptxb.cx.internal.cloudapp.net, ports: [REPLICATION=43105, RATIS=46719, RATIS_ADMIN=46719, RATIS_SERVER=46719, STANDALONE=44121], networkLocation: /default-rack, certSerialId: null, persistedOpState: IN_SERVICE, persistedOpStateExpiryEpochSec: 0}edbb8909-d467-4274-b253-e11b41a723b1{ip: 10.1.1.42, host: fv-az119-847.ca0t41jjrjaujd4nublazzptxb.cx.internal.cloudapp.net, ports: [REPLICATION=41809, RATIS=38807, RATIS_ADMIN=38807, RATIS_SERVER=38807, STANDALONE=41863], networkLocation: /default-rack, certSerialId: null, persistedOpState: IN_SERVICE, persistedOpStateExpiryEpochSec: 0}, ReplicationConfig: RATIS/THREE, State:ALLOCATED, leaderId:, CreationTimestamp2022-11-03T05:23:11.880Z[Etc/UTC]].
2022-11-03 05:23:11,882 [RatisPipelineUtilsThread - 0] INFO  pipeline.RatisPipelineProvider (RatisPipelineProvider.java:lambda$create$0(195)) - Sending CreatePipelineCommand for pipeline:PipelineID=a7dc1704-3c31-4dea-b128-cef2dde05160 to datanode:c047bafd-0fa0-4f2f-9a8c-56ef9c35524f
2022-11-03 05:23:11,882 [RatisPipelineUtilsThread - 0] INFO  pipeline.RatisPipelineProvider (RatisPipelineProvider.java:lambda$create$0(195)) - Sending CreatePipelineCommand for pipeline:PipelineID=a7dc1704-3c31-4dea-b128-cef2dde05160 to datanode:1397ad66-7a30-4622-84c4-76091eab1ef3
2022-11-03 05:23:11,882 [RatisPipelineUtilsThread - 0] INFO  pipeline.RatisPipelineProvider (RatisPipelineProvider.java:lambda$create$0(195)) - Sending CreatePipelineCommand for pipeline:PipelineID=a7dc1704-3c31-4dea-b128-cef2dde05160 to datanode:edbb8909-d467-4274-b253-e11b41a723b1
2022-11-03 05:23:11,882 [RatisPipelineUtilsThread - 0] INFO  pipeline.PipelineStateManagerImpl (PipelineStateManagerImpl.java:addPipeline(103)) - Created pipeline Pipeline[ Id: a7dc1704-3c31-4dea-b128-cef2dde05160, Nodes: c047bafd-0fa0-4f2f-9a8c-56ef9c35524f{ip: 10.1.1.42, host: fv-az119-847.ca0t41jjrjaujd4nublazzptxb.cx.internal.cloudapp.net, ports: [REPLICATION=42705, RATIS=40893, RATIS_ADMIN=40893, RATIS_SERVER=40893, STANDALONE=36323], networkLocation: /default-rack, certSerialId: null, persistedOpState: IN_SERVICE, persistedOpStateExpiryEpochSec: 0}1397ad66-7a30-4622-84c4-76091eab1ef3{ip: 10.1.1.42, host: fv-az119-847.ca0t41jjrjaujd4nublazzptxb.cx.internal.cloudapp.net, ports: [REPLICATION=43105, RATIS=46719, RATIS_ADMIN=46719, RATIS_SERVER=46719, STANDALONE=44121], networkLocation: /default-rack, certSerialId: null, persistedOpState: IN_SERVICE, persistedOpStateExpiryEpochSec: 0}edbb8909-d467-4274-b253-e11b41a723b1{ip: 10.1.1.42, host: fv-az119-847.ca0t41jjrjaujd4nublazzptxb.cx.internal.cloudapp.net, ports: [REPLICATION=41809, RATIS=38807, RATIS_ADMIN=38807, RATIS_SERVER=38807, STANDALONE=41863], networkLocation: /default-rack, certSerialId: null, persistedOpState: IN_SERVICE, persistedOpStateExpiryEpochSec: 0}, ReplicationConfig: RATIS/THREE, State:ALLOCATED, leaderId:, CreationTimestamp2022-11-03T05:23:11.882Z[Etc/UTC]].
2022-11-03 05:23:11,883 [RatisPipelineUtilsThread - 0] INFO  pipeline.PipelineManagerImpl (PipelineManagerImpl.java:recordMetricsForPipeline(826)) - Pipeline: PipelineID=a7dc1704-3c31-4dea-b128-cef2dde05160 contains same datanodes as previous pipelines: PipelineID=857071ee-07df-438d-a40c-328117242da8 nodeIds: c047bafd-0fa0-4f2f-9a8c-56ef9c35524f, 1397ad66-7a30-4622-84c4-76091eab1ef3, edbb8909-d467-4274-b253-e11b41a723b1
2022-11-03 05:23:11,949 [Command processor thread] INFO  server.RaftServer (RaftServerProxy.java:addNew(96)) - aafd62d6-5d37-4c95-9ffb-fecfd05fefa6: addNew group-D5BAC4C13693:[aafd62d6-5d37-4c95-9ffb-fecfd05fefa6|rpc:10.1.1.42:39817|priority:1|startupRole:FOLLOWER] returns group-D5BAC4C13693:java.util.concurrent.CompletableFuture@32803576[Not completed]
2022-11-03 05:23:11,958 [pool-72-thread-1] INFO  server.RaftServer$Division (RaftServerImpl.java:<init>(195)) - aafd62d6-5d37-4c95-9ffb-fecfd05fefa6: new RaftServerImpl for group-D5BAC4C13693:[aafd62d6-5d37-4c95-9ffb-fecfd05fefa6|rpc:10.1.1.42:39817|priority:1|startupRole:FOLLOWER] with ContainerStateMachine:uninitialized
2022-11-03 05:23:11,958 [pool-72-thread-1] INFO  server.RaftServerConfigKeys (ConfUtils.java:logGet(46)) - raft.server.rpc.timeout.min = 5s (custom)
2022-11-03 05:23:11,958 [pool-72-thread-1] INFO  server.RaftServerConfigKeys (ConfUtils.java:logGet(46)) - raft.server.rpc.timeout.max = 5200ms (custom)
2022-11-03 05:23:11,958 [pool-72-thread-1] INFO  server.RaftServerConfigKeys (ConfUtils.java:logGet(46)) - raft.server.rpc.sleep.time = 25ms (default)
2022-11-03 05:23:11,958 [pool-72-thread-1] INFO  server.RaftServerConfigKeys (ConfUtils.java:logGet(46)) - raft.server.rpc.slowness.timeout = 300s (custom)
2022-11-03 05:23:11,958 [pool-72-thread-1] INFO  server.RaftServerConfigKeys (ConfUtils.java:logGet(46)) - raft.server.leaderelection.leader.step-down.wait-time = 10s (default)
2022-11-03 05:23:11,958 [pool-72-thread-1] INFO  server.RaftServerConfigKeys (ConfUtils.java:logGet(46)) - raft.server.sleep.deviation.threshold = 300ms (default)
2022-11-03 05:23:11,958 [pool-72-thread-1] INFO  server.RaftServer$Division (ServerState.java:<init>(118)) - aafd62d6-5d37-4c95-9ffb-fecfd05fefa6@group-D5BAC4C13693: ConfigurationManager, init=-1: peers:[aafd62d6-5d37-4c95-9ffb-fecfd05fefa6|rpc:10.1.1.42:39817|priority:1|startupRole:FOLLOWER]|listeners:[], old=null, confs=<EMPTY_MAP>
2022-11-03 05:23:11,958 [pool-72-thread-1] INFO  server.RaftServerConfigKeys (ConfUtils.java:logGet(46)) - raft.server.storage.dir = [/home/runner/work/ozone/ozone/hadoop-ozone/integration-test/target/test-dir/MiniOzoneClusterImpl-a947a097-fc53-45d1-b902-fe1272537128/datanode-0/data/ratis] (custom)
2022-11-03 05:23:11,958 [pool-72-thread-1] INFO  server.RaftServerConfigKeys (ConfUtils.java:logGet(46)) - raft.server.log.corruption.policy = EXCEPTION (default)
2022-11-03 05:23:11,959 [pool-72-thread-1] INFO  server.RaftServerConfigKeys (ConfUtils.java:logGet(46)) - raft.server.storage.free-space.min = 0MB (=0) (default)
2022-11-03 05:23:11,959 [pool-72-thread-1] INFO  server.RaftServerConfigKeys (ConfUtils.java:logGet(46)) - raft.server.notification.no-leader.timeout = 300s (custom)
2022-11-03 05:23:11,959 [pool-72-thread-1] INFO  server.RaftServerConfigKeys (ConfUtils.java:logGet(46)) - raft.server.retrycache.expirytime = 600000ms (custom)
2022-11-03 05:23:11,959 [pool-72-thread-1] INFO  server.RaftServerConfigKeys (ConfUtils.java:logGet(46)) - raft.server.retrycache.statistics.expirytime = 100μs (default)
2022-11-03 05:23:11,962 [pool-72-thread-1] INFO  server.RaftServerConfigKeys (ConfUtils.java:logGet(46)) - raft.server.log.appender.install.snapshot.enabled = false (custom)
2022-11-03 05:23:11,963 [pool-72-thread-1] INFO  server.RaftServerConfigKeys (ConfUtils.java:logGet(46)) - raft.server.threadpool.server.cached = true (default)
2022-11-03 05:23:11,963 [pool-72-thread-1] INFO  server.RaftServerConfigKeys (ConfUtils.java:logGet(46)) - raft.server.threadpool.server.size = 0 (default)
2022-11-03 05:23:11,963 [pool-72-thread-1] INFO  server.RaftServerConfigKeys (ConfUtils.java:logGet(46)) - raft.server.threadpool.client.cached = true (default)
2022-11-03 05:23:11,963 [pool-72-thread-1] INFO  server.RaftServerConfigKeys (ConfUtils.java:logGet(46)) - raft.server.threadpool.client.size = 0 (default)
2022-11-03 05:23:11,963 [pool-72-thread-1] INFO  storage.RaftStorageDirectory (RaftStorageDirectoryImpl.java:analyzeStorage(137)) - The storage directory /home/runner/work/ozone/ozone/hadoop-ozone/integration-test/target/test-dir/MiniOzoneClusterImpl-a947a097-fc53-45d1-b902-fe1272537128/datanode-0/data/ratis/f316a429-bfba-4572-a273-d5bac4c13693 does not exist. Creating ...
2022-11-03 05:23:11,965 [pool-72-thread-1] INFO  storage.RaftStorageDirectory (RaftStorageDirectoryImpl.java:tryLock(231)) - Lock on /home/runner/work/ozone/ozone/hadoop-ozone/integration-test/target/test-dir/MiniOzoneClusterImpl-a947a097-fc53-45d1-b902-fe1272537128/datanode-0/data/ratis/f316a429-bfba-4572-a273-d5bac4c13693/in_use.lock acquired by nodename 14756@fv-az119-847
2022-11-03 05:23:11,967 [pool-72-thread-1] INFO  storage.RaftStorage (RaftStorageImpl.java:format(96)) - Storage directory /home/runner/work/ozone/ozone/hadoop-ozone/integration-test/target/test-dir/MiniOzoneClusterImpl-a947a097-fc53-45d1-b902-fe1272537128/datanode-0/data/ratis/f316a429-bfba-4572-a273-d5bac4c13693 has been successfully formatted.
2022-11-03 05:23:11,973 [pool-72-thread-1] INFO  ratis.ContainerStateMachine (ContainerStateMachine.java:loadSnapshot(236)) - group-D5BAC4C13693: The snapshot info is null. Setting the last applied indexto:(t:0, i:~)
2022-11-03 05:23:11,973 [pool-72-thread-1] INFO  server.RaftServerConfigKeys (ConfUtils.java:logGet(46)) - raft.server.log.use.memory = false (default)
2022-11-03 05:23:11,975 [EventQueue-PipelineReportForPipelineReportHandler] INFO  pipeline.PipelineManagerImpl (PipelineManagerImpl.java:openPipeline(367)) - Pipeline Pipeline[ Id: f316a429-bfba-4572-a273-d5bac4c13693, Nodes: aafd62d6-5d37-4c95-9ffb-fecfd05fefa6{ip: 10.1.1.42, host: fv-az119-847.ca0t41jjrjaujd4nublazzptxb.cx.internal.cloudapp.net, ports: [REPLICATION=45413, RATIS=39817, RATIS_ADMIN=39817, RATIS_SERVER=39817, STANDALONE=42255], networkLocation: /default-rack, certSerialId: null, persistedOpState: IN_SERVICE, persistedOpStateExpiryEpochSec: 0}, ReplicationConfig: RATIS/ONE, State:ALLOCATED, leaderId:aafd62d6-5d37-4c95-9ffb-fecfd05fefa6, CreationTimestamp2022-11-03T05:23:08.961Z[Etc/UTC]] moved to OPEN state
2022-11-03 05:23:11,975 [pool-72-thread-1] INFO  server.RaftServerConfigKeys (ConfUtils.java:logGet(46)) - raft.server.log.purge.gap = 1000000 (custom)
2022-11-03 05:23:11,975 [pool-72-thread-1] INFO  server.RaftServerConfigKeys (ConfUtils.java:logGet(46)) - raft.server.log.appender.buffer.byte-limit = 33554432 (custom)
2022-11-03 05:23:11,975 [pool-72-thread-1] INFO  server.RaftServerConfigKeys (ConfUtils.java:logGet(46)) - raft.server.log.statemachine.data.read.timeout = 1000ms (default)
2022-11-03 05:23:11,975 [pool-72-thread-1] INFO  server.RaftServerConfigKeys (ConfUtils.java:logGet(46)) - raft.server.log.purge.preservation.log.num = 0 (default)
2022-11-03 05:23:11,976 [pool-72-thread-1] INFO  server.RaftServerConfigKeys (ConfUtils.java:logGet(46)) - raft.server.log.segment.size.max = 1048576 (custom)
2022-11-03 05:23:11,977 [pool-72-thread-1] INFO  server.RaftServerConfigKeys (ConfUtils.java:logGet(46)) - raft.server.log.segment.cache.num.max = 2 (custom)
2022-11-03 05:23:11,977 [pool-72-thread-1] INFO  server.RaftServerConfigKeys (ConfUtils.java:logGet(46)) - raft.server.log.segment.cache.size.max = 200MB (=209715200) (default)
2022-11-03 05:23:11,977 [pool-72-thread-1] INFO  segmented.SegmentedRaftLogWorker (SegmentedRaftLogWorker.java:<init>(191)) - new aafd62d6-5d37-4c95-9ffb-fecfd05fefa6@group-D5BAC4C13693-SegmentedRaftLogWorker for RaftStorageImpl:Storage Directory /home/runner/work/ozone/ozone/hadoop-ozone/integration-test/target/test-dir/MiniOzoneClusterImpl-a947a097-fc53-45d1-b902-fe1272537128/datanode-0/data/ratis/f316a429-bfba-4572-a273-d5bac4c13693
2022-11-03 05:23:11,977 [pool-72-thread-1] INFO  server.RaftServerConfigKeys (ConfUtils.java:logGet(46)) - raft.server.log.queue.byte-limit = 4294967296 (custom)
2022-11-03 05:23:11,977 [pool-72-thread-1] INFO  server.RaftServerConfigKeys (ConfUtils.java:logGet(46)) - raft.server.log.queue.element-limit = 1024 (custom)
2022-11-03 05:23:11,978 [pool-72-thread-1] INFO  server.RaftServerConfigKeys (ConfUtils.java:logGet(46)) - raft.server.log.segment.size.max = 1048576 (custom)
2022-11-03 05:23:11,978 [pool-72-thread-1] INFO  server.RaftServerConfigKeys (ConfUtils.java:logGet(46)) - raft.server.log.preallocated.size = 16384 (custom)
2022-11-03 05:23:11,978 [pool-72-thread-1] INFO  server.RaftServerConfigKeys (ConfUtils.java:logGet(46)) - raft.server.log.force.sync.num = 128 (default)
2022-11-03 05:23:11,978 [pool-72-thread-1] INFO  server.RaftServerConfigKeys (ConfUtils.java:logGet(46)) - raft.server.log.statemachine.data.sync = true (default)
2022-11-03 05:23:11,978 [pool-72-thread-1] INFO  server.RaftServerConfigKeys (ConfUtils.java:logGet(46)) - raft.server.log.statemachine.data.sync.timeout = 10s (default)
2022-11-03 05:23:11,978 [pool-72-thread-1] INFO  server.RaftServerConfigKeys (ConfUtils.java:logGet(46)) - raft.server.log.statemachine.data.sync.timeout.retry = -1 (default)
2022-11-03 05:23:11,986 [EventQueue-OpenPipelineForHealthyPipelineSafeModeRule] INFO  safemode.SCMSafeModeManager (HealthyPipelineSafeModeRule.java:process(137)) - SCM in safe mode. Healthy pipelines reported count is 0, required healthy pipeline reported count is 1
2022-11-03 05:23:11,990 [pool-72-thread-1] INFO  server.RaftServerConfigKeys (ConfUtils.java:logGet(46)) - raft.server.log.write.buffer.size = 1048576 (custom)
2022-11-03 05:23:11,991 [pool-72-thread-1] INFO  server.RaftServerConfigKeys (ConfUtils.java:logGet(46)) - raft.server.log.unsafe-flush.enabled = false (default)
2022-11-03 05:23:11,991 [pool-72-thread-1] INFO  server.RaftServerConfigKeys (ConfUtils.java:logGet(46)) - raft.server.log.async-flush.enabled = false (default)
2022-11-03 05:23:11,991 [pool-72-thread-1] INFO  server.RaftServerConfigKeys (ConfUtils.java:logGet(46)) - raft.server.log.statemachine.data.caching.enabled = true (custom)
2022-11-03 05:23:11,992 [pool-72-thread-1] INFO  segmented.SegmentedRaftLogWorker (SegmentedRaftLogWorker.java:lambda$new$0(136)) - aafd62d6-5d37-4c95-9ffb-fecfd05fefa6@group-D5BAC4C13693-SegmentedRaftLogWorker: flushIndex: setUnconditionally 0 -> -1
2022-11-03 05:23:11,992 [pool-72-thread-1] INFO  segmented.SegmentedRaftLogWorker (SegmentedRaftLogWorker.java:lambda$new$0(136)) - aafd62d6-5d37-4c95-9ffb-fecfd05fefa6@group-D5BAC4C13693-SegmentedRaftLogWorker: safeCacheEvictIndex: setUnconditionally 0 -> -1
2022-11-03 05:23:11,996 [pool-72-thread-1] INFO  server.RaftServer$Division (RaftServerImpl.java:start(334)) - aafd62d6-5d37-4c95-9ffb-fecfd05fefa6@group-D5BAC4C13693: start as a follower, conf=-1: peers:[aafd62d6-5d37-4c95-9ffb-fecfd05fefa6|rpc:10.1.1.42:39817|priority:1|startupRole:FOLLOWER]|listeners:[], old=null
2022-11-03 05:23:11,996 [pool-72-thread-1] INFO  server.RaftServer$Division (RaftServerImpl.java:setRole(321)) - aafd62d6-5d37-4c95-9ffb-fecfd05fefa6@group-D5BAC4C13693: changes role from      null to FOLLOWER at term 0 for startAsFollower
2022-11-03 05:23:11,996 [pool-72-thread-1] INFO  impl.RoleInfo (RoleInfo.java:updateAndGet(139)) - aafd62d6-5d37-4c95-9ffb-fecfd05fefa6: start aafd62d6-5d37-4c95-9ffb-fecfd05fefa6@group-D5BAC4C13693-FollowerState
2022-11-03 05:23:11,997 [pool-72-thread-1] INFO  util.JmxRegister (JmxRegister.java:tryRegister(44)) - Successfully registered JMX Bean with object name Ratis:service=RaftServer,group=group-D5BAC4C13693,id=aafd62d6-5d37-4c95-9ffb-fecfd05fefa6
2022-11-03 05:23:12,006 [pool-72-thread-1] INFO  server.RaftServerConfigKeys (ConfUtils.java:logGet(46)) - raft.server.snapshot.auto.trigger.enabled = true (custom)
2022-11-03 05:23:12,006 [pool-72-thread-1] INFO  server.RaftServerConfigKeys (ConfUtils.java:logGet(46)) - raft.server.snapshot.auto.trigger.threshold = 10000 (custom)
2022-11-03 05:23:12,006 [pool-72-thread-1] INFO  server.RaftServerConfigKeys (ConfUtils.java:logGet(46)) - raft.server.snapshot.retention.file.num = 5 (custom)
2022-11-03 05:23:12,006 [pool-72-thread-1] INFO  server.RaftServerConfigKeys (ConfUtils.java:logGet(46)) - raft.server.log.purge.upto.snapshot.index = false (default)
2022-11-03 05:23:12,008 [aafd62d6-5d37-4c95-9ffb-fecfd05fefa6@group-D5BAC4C13693-FollowerState] INFO  server.RaftServerConfigKeys (ConfUtils.java:logFallback(53)) - raft.server.rpc.first-election.timeout.min = 5s (fallback to raft.server.rpc.timeout.min)
2022-11-03 05:23:12,008 [aafd62d6-5d37-4c95-9ffb-fecfd05fefa6@group-D5BAC4C13693-FollowerState] INFO  server.RaftServerConfigKeys (ConfUtils.java:logFallback(53)) - raft.server.rpc.first-election.timeout.max = 5200ms (fallback to raft.server.rpc.timeout.max)
2022-11-03 05:23:12,013 [Command processor thread] INFO  ratis.XceiverServerRatis (XceiverServerRatis.java:addGroup(765)) - Created group PipelineID=f316a429-bfba-4572-a273-d5bac4c13693
2022-11-03 05:23:12,014 [Command processor thread] INFO  commandhandler.CreatePipelineCommandHandler (CreatePipelineCommandHandler.java:handle(113)) - Created Pipeline RATIS ONE PipelineID=f316a429-bfba-4572-a273-d5bac4c13693.
2022-11-03 05:23:12,014 [Command processor thread] INFO  server.RaftServer (RaftServerProxy.java:addNew(96)) - aafd62d6-5d37-4c95-9ffb-fecfd05fefa6: addNew group-7510FC58D10D:[b788acd7-0bfa-48fd-ae0f-b822d5826f57|rpc:10.1.1.42:42793|priority:1|startupRole:FOLLOWER, aafd62d6-5d37-4c95-9ffb-fecfd05fefa6|rpc:10.1.1.42:39817|priority:0|startupRole:FOLLOWER, fca08327-10d6-4e50-9aa0-d18fc62323ab|rpc:10.1.1.42:46211|priority:0|startupRole:FOLLOWER] returns group-7510FC58D10D:java.util.concurrent.CompletableFuture@f5d90e6[Not completed]
2022-11-03 05:23:12,015 [pool-72-thread-1] INFO  server.RaftServer$Division (RaftServerImpl.java:<init>(195)) - aafd62d6-5d37-4c95-9ffb-fecfd05fefa6: new RaftServerImpl for group-7510FC58D10D:[b788acd7-0bfa-48fd-ae0f-b822d5826f57|rpc:10.1.1.42:42793|priority:1|startupRole:FOLLOWER, aafd62d6-5d37-4c95-9ffb-fecfd05fefa6|rpc:10.1.1.42:39817|priority:0|startupRole:FOLLOWER, fca08327-10d6-4e50-9aa0-d18fc62323ab|rpc:10.1.1.42:46211|priority:0|startupRole:FOLLOWER] with ContainerStateMachine:uninitialized
2022-11-03 05:23:12,015 [pool-72-thread-1] INFO  server.RaftServerConfigKeys (ConfUtils.java:logGet(46)) - raft.server.rpc.timeout.min = 5s (custom)
2022-11-03 05:23:12,015 [pool-72-thread-1] INFO  server.RaftServerConfigKeys (ConfUtils.java:logGet(46)) - raft.server.rpc.timeout.max = 5200ms (custom)
2022-11-03 05:23:12,015 [pool-72-thread-1] INFO  server.RaftServerConfigKeys (ConfUtils.java:logGet(46)) - raft.server.rpc.sleep.time = 25ms (default)
2022-11-03 05:23:12,015 [pool-72-thread-1] INFO  server.RaftServerConfigKeys (ConfUtils.java:logGet(46)) - raft.server.rpc.slowness.timeout = 300s (custom)
2022-11-03 05:23:12,015 [pool-72-thread-1] INFO  server.RaftServerConfigKeys (ConfUtils.java:logGet(46)) - raft.server.leaderelection.leader.step-down.wait-time = 10s (default)
2022-11-03 05:23:12,016 [pool-72-thread-1] INFO  server.RaftServerConfigKeys (ConfUtils.java:logGet(46)) - raft.server.sleep.deviation.threshold = 300ms (default)
2022-11-03 05:23:12,016 [pool-72-thread-1] INFO  server.RaftServer$Division (ServerState.java:<init>(118)) - aafd62d6-5d37-4c95-9ffb-fecfd05fefa6@group-7510FC58D10D: ConfigurationManager, init=-1: peers:[b788acd7-0bfa-48fd-ae0f-b822d5826f57|rpc:10.1.1.42:42793|priority:1|startupRole:FOLLOWER, aafd62d6-5d37-4c95-9ffb-fecfd05fefa6|rpc:10.1.1.42:39817|priority:0|startupRole:FOLLOWER, fca08327-10d6-4e50-9aa0-d18fc62323ab|rpc:10.1.1.42:46211|priority:0|startupRole:FOLLOWER]|listeners:[], old=null, confs=<EMPTY_MAP>
2022-11-03 05:23:12,016 [pool-72-thread-1] INFO  server.RaftServerConfigKeys (ConfUtils.java:logGet(46)) - raft.server.storage.dir = [/home/runner/work/ozone/ozone/hadoop-ozone/integration-test/target/test-dir/MiniOzoneClusterImpl-a947a097-fc53-45d1-b902-fe1272537128/datanode-0/data/ratis] (custom)
2022-11-03 05:23:12,016 [pool-72-thread-1] INFO  server.RaftServerConfigKeys (ConfUtils.java:logGet(46)) - raft.server.log.corruption.policy = EXCEPTION (default)
2022-11-03 05:23:12,016 [pool-72-thread-1] INFO  server.RaftServerConfigKeys (ConfUtils.java:logGet(46)) - raft.server.storage.free-space.min = 0MB (=0) (default)
2022-11-03 05:23:12,016 [pool-72-thread-1] INFO  server.RaftServerConfigKeys (ConfUtils.java:logGet(46)) - raft.server.notification.no-leader.timeout = 300s (custom)
2022-11-03 05:23:12,016 [pool-72-thread-1] INFO  server.RaftServerConfigKeys (ConfUtils.java:logGet(46)) - raft.server.retrycache.expirytime = 600000ms (custom)
2022-11-03 05:23:12,016 [pool-72-thread-1] INFO  server.RaftServerConfigKeys (ConfUtils.java:logGet(46)) - raft.server.retrycache.statistics.expirytime = 100μs (default)
2022-11-03 05:23:12,018 [pool-72-thread-1] INFO  server.RaftServerConfigKeys (ConfUtils.java:logGet(46)) - raft.server.log.appender.install.snapshot.enabled = false (custom)
2022-11-03 05:23:12,018 [pool-72-thread-1] INFO  server.RaftServerConfigKeys (ConfUtils.java:logGet(46)) - raft.server.threadpool.server.cached = true (default)
2022-11-03 05:23:12,018 [pool-72-thread-1] INFO  server.RaftServerConfigKeys (ConfUtils.java:logGet(46)) - raft.server.threadpool.server.size = 0 (default)
2022-11-03 05:23:12,018 [pool-72-thread-1] INFO  server.RaftServerConfigKeys (ConfUtils.java:logGet(46)) - raft.server.threadpool.client.cached = true (default)
2022-11-03 05:23:12,019 [pool-72-thread-1] INFO  server.RaftServerConfigKeys (ConfUtils.java:logGet(46)) - raft.server.threadpool.client.size = 0 (default)
2022-11-03 05:23:12,019 [pool-72-thread-1] INFO  storage.RaftStorageDirectory (RaftStorageDirectoryImpl.java:analyzeStorage(137)) - The storage directory /home/runner/work/ozone/ozone/hadoop-ozone/integration-test/target/test-dir/MiniOzoneClusterImpl-a947a097-fc53-45d1-b902-fe1272537128/datanode-0/data/ratis/f705f685-74fc-420a-8c30-7510fc58d10d does not exist. Creating ...
2022-11-03 05:23:12,020 [pool-72-thread-1] INFO  storage.RaftStorageDirectory (RaftStorageDirectoryImpl.java:tryLock(231)) - Lock on /home/runner/work/ozone/ozone/hadoop-ozone/integration-test/target/test-dir/MiniOzoneClusterImpl-a947a097-fc53-45d1-b902-fe1272537128/datanode-0/data/ratis/f705f685-74fc-420a-8c30-7510fc58d10d/in_use.lock acquired by nodename 14756@fv-az119-847
2022-11-03 05:23:12,020 [pool-72-thread-1] INFO  storage.RaftStorage (RaftStorageImpl.java:format(96)) - Storage directory /home/runner/work/ozone/ozone/hadoop-ozone/integration-test/target/test-dir/MiniOzoneClusterImpl-a947a097-fc53-45d1-b902-fe1272537128/datanode-0/data/ratis/f705f685-74fc-420a-8c30-7510fc58d10d has been successfully formatted.
2022-11-03 05:23:12,021 [pool-72-thread-1] INFO  ratis.ContainerStateMachine (ContainerStateMachine.java:loadSnapshot(236)) - group-7510FC58D10D: The snapshot info is null. Setting the last applied indexto:(t:0, i:~)
2022-11-03 05:23:12,021 [pool-72-thread-1] INFO  server.RaftServerConfigKeys (ConfUtils.java:logGet(46)) - raft.server.log.use.memory = false (default)
2022-11-03 05:23:12,021 [pool-72-thread-1] INFO  server.RaftServerConfigKeys (ConfUtils.java:logGet(46)) - raft.server.log.purge.gap = 1000000 (custom)
2022-11-03 05:23:12,021 [pool-72-thread-1] INFO  server.RaftServerConfigKeys (ConfUtils.java:logGet(46)) - raft.server.log.appender.buffer.byte-limit = 33554432 (custom)
2022-11-03 05:23:12,021 [pool-72-thread-1] INFO  server.RaftServerConfigKeys (ConfUtils.java:logGet(46)) - raft.server.log.statemachine.data.read.timeout = 1000ms (default)
2022-11-03 05:23:12,021 [pool-72-thread-1] INFO  server.RaftServerConfigKeys (ConfUtils.java:logGet(46)) - raft.server.log.purge.preservation.log.num = 0 (default)
2022-11-03 05:23:12,021 [pool-72-thread-1] INFO  server.RaftServerConfigKeys (ConfUtils.java:logGet(46)) - raft.server.log.segment.size.max = 1048576 (custom)
2022-11-03 05:23:12,024 [EventQueue-OpenPipelineForHealthyPipelineSafeModeRule] INFO  safemode.SCMSafeModeManager (HealthyPipelineSafeModeRule.java:process(137)) - SCM in safe mode. Healthy pipelines reported count is 0, required healthy pipeline reported count is 1
2022-11-03 05:23:12,025 [pool-72-thread-1] INFO  server.RaftServerConfigKeys (ConfUtils.java:logGet(46)) - raft.server.log.segment.cache.num.max = 2 (custom)
2022-11-03 05:23:12,025 [pool-72-thread-1] INFO  server.RaftServerConfigKeys (ConfUtils.java:logGet(46)) - raft.server.log.segment.cache.size.max = 200MB (=209715200) (default)
2022-11-03 05:23:12,025 [pool-72-thread-1] INFO  segmented.SegmentedRaftLogWorker (SegmentedRaftLogWorker.java:<init>(191)) - new aafd62d6-5d37-4c95-9ffb-fecfd05fefa6@group-7510FC58D10D-SegmentedRaftLogWorker for RaftStorageImpl:Storage Directory /home/runner/work/ozone/ozone/hadoop-ozone/integration-test/target/test-dir/MiniOzoneClusterImpl-a947a097-fc53-45d1-b902-fe1272537128/datanode-0/data/ratis/f705f685-74fc-420a-8c30-7510fc58d10d
2022-11-03 05:23:12,026 [pool-72-thread-1] INFO  server.RaftServerConfigKeys (ConfUtils.java:logGet(46)) - raft.server.log.queue.byte-limit = 4294967296 (custom)
2022-11-03 05:23:12,026 [pool-72-thread-1] INFO  server.RaftServerConfigKeys (ConfUtils.java:logGet(46)) - raft.server.log.queue.element-limit = 1024 (custom)
2022-11-03 05:23:12,026 [pool-72-thread-1] INFO  server.RaftServerConfigKeys (ConfUtils.java:logGet(46)) - raft.server.log.segment.size.max = 1048576 (custom)
2022-11-03 05:23:12,026 [pool-72-thread-1] INFO  server.RaftServerConfigKeys (ConfUtils.java:logGet(46)) - raft.server.log.preallocated.size = 16384 (custom)
2022-11-03 05:23:12,027 [pool-72-thread-1] INFO  server.RaftServerConfigKeys (ConfUtils.java:logGet(46)) - raft.server.log.force.sync.num = 128 (default)
2022-11-03 05:23:12,027 [pool-72-thread-1] INFO  server.RaftServerConfigKeys (ConfUtils.java:logGet(46)) - raft.server.log.statemachine.data.sync = true (default)
2022-11-03 05:23:12,027 [pool-72-thread-1] INFO  server.RaftServerConfigKeys (ConfUtils.java:logGet(46)) - raft.server.log.statemachine.data.sync.timeout = 10s (default)
2022-11-03 05:23:12,027 [pool-72-thread-1] INFO  server.RaftServerConfigKeys (ConfUtils.java:logGet(46)) - raft.server.log.statemachine.data.sync.timeout.retry = -1 (default)
2022-11-03 05:23:12,031 [pool-72-thread-1] INFO  server.RaftServerConfigKeys (ConfUtils.java:logGet(46)) - raft.server.log.write.buffer.size = 1048576 (custom)
2022-11-03 05:23:12,031 [pool-72-thread-1] INFO  server.RaftServerConfigKeys (ConfUtils.java:logGet(46)) - raft.server.log.unsafe-flush.enabled = false (default)
2022-11-03 05:23:12,031 [pool-72-thread-1] INFO  server.RaftServerConfigKeys (ConfUtils.java:logGet(46)) - raft.server.log.async-flush.enabled = false (default)
2022-11-03 05:23:12,031 [pool-72-thread-1] INFO  server.RaftServerConfigKeys (ConfUtils.java:logGet(46)) - raft.server.log.statemachine.data.caching.enabled = true (custom)
2022-11-03 05:23:12,032 [pool-72-thread-1] INFO  segmented.SegmentedRaftLogWorker (SegmentedRaftLogWorker.java:lambda$new$0(136)) - aafd62d6-5d37-4c95-9ffb-fecfd05fefa6@group-7510FC58D10D-SegmentedRaftLogWorker: flushIndex: setUnconditionally 0 -> -1
2022-11-03 05:23:12,032 [pool-72-thread-1] INFO  segmented.SegmentedRaftLogWorker (SegmentedRaftLogWorker.java:lambda$new$0(136)) - aafd62d6-5d37-4c95-9ffb-fecfd05fefa6@group-7510FC58D10D-SegmentedRaftLogWorker: safeCacheEvictIndex: setUnconditionally 0 -> -1
2022-11-03 05:23:12,035 [pool-72-thread-1] INFO  server.RaftServer$Division (RaftServerImpl.java:start(334)) - aafd62d6-5d37-4c95-9ffb-fecfd05fefa6@group-7510FC58D10D: start as a follower, conf=-1: peers:[b788acd7-0bfa-48fd-ae0f-b822d5826f57|rpc:10.1.1.42:42793|priority:1|startupRole:FOLLOWER, aafd62d6-5d37-4c95-9ffb-fecfd05fefa6|rpc:10.1.1.42:39817|priority:0|startupRole:FOLLOWER, fca08327-10d6-4e50-9aa0-d18fc62323ab|rpc:10.1.1.42:46211|priority:0|startupRole:FOLLOWER]|listeners:[], old=null
2022-11-03 05:23:12,035 [pool-72-thread-1] INFO  server.RaftServer$Division (RaftServerImpl.java:setRole(321)) - aafd62d6-5d37-4c95-9ffb-fecfd05fefa6@group-7510FC58D10D: changes role from      null to FOLLOWER at term 0 for startAsFollower
2022-11-03 05:23:12,036 [pool-72-thread-1] INFO  impl.RoleInfo (RoleInfo.java:updateAndGet(139)) - aafd62d6-5d37-4c95-9ffb-fecfd05fefa6: start aafd62d6-5d37-4c95-9ffb-fecfd05fefa6@group-7510FC58D10D-FollowerState
2022-11-03 05:23:12,037 [pool-72-thread-1] INFO  util.JmxRegister (JmxRegister.java:tryRegister(44)) - Successfully registered JMX Bean with object name Ratis:service=RaftServer,group=group-7510FC58D10D,id=aafd62d6-5d37-4c95-9ffb-fecfd05fefa6
2022-11-03 05:23:12,037 [pool-72-thread-1] INFO  server.RaftServerConfigKeys (ConfUtils.java:logGet(46)) - raft.server.snapshot.auto.trigger.enabled = true (custom)
2022-11-03 05:23:12,037 [pool-72-thread-1] INFO  server.RaftServerConfigKeys (ConfUtils.java:logGet(46)) - raft.server.snapshot.auto.trigger.threshold = 10000 (custom)
2022-11-03 05:23:12,037 [pool-72-thread-1] INFO  server.RaftServerConfigKeys (ConfUtils.java:logGet(46)) - raft.server.snapshot.retention.file.num = 5 (custom)
2022-11-03 05:23:12,037 [pool-72-thread-1] INFO  server.RaftServerConfigKeys (ConfUtils.java:logGet(46)) - raft.server.log.purge.upto.snapshot.index = false (default)
2022-11-03 05:23:12,040 [Command processor thread] INFO  ratis.XceiverServerRatis (XceiverServerRatis.java:addGroup(765)) - Created group PipelineID=f705f685-74fc-420a-8c30-7510fc58d10d
2022-11-03 05:23:12,040 [aafd62d6-5d37-4c95-9ffb-fecfd05fefa6@group-7510FC58D10D-FollowerState] INFO  server.RaftServerConfigKeys (ConfUtils.java:logFallback(53)) - raft.server.rpc.first-election.timeout.min = 5s (fallback to raft.server.rpc.timeout.min)
2022-11-03 05:23:12,040 [aafd62d6-5d37-4c95-9ffb-fecfd05fefa6@group-7510FC58D10D-FollowerState] INFO  server.RaftServerConfigKeys (ConfUtils.java:logFallback(53)) - raft.server.rpc.first-election.timeout.max = 5200ms (fallback to raft.server.rpc.timeout.max)
2022-11-03 05:23:12,198 [Listener at 127.0.0.1/40235] INFO  ozone.MiniOzoneClusterImpl (MiniOzoneClusterImpl.java:lambda$waitForClusterToBeReady$0(216)) - Waiting for nodes to be ready. Got 9 of 10 DN Heartbeats.
2022-11-03 05:23:12,198 [Listener at 127.0.0.1/40235] INFO  ozone.MiniOzoneClusterImpl (MiniOzoneClusterImpl.java:lambda$waitForClusterToBeReady$0(219)) - Waiting for cluster to exit safe mode
2022-11-03 05:23:12,198 [Listener at 127.0.0.1/40235] INFO  ozone.MiniOzoneClusterImpl (MiniOzoneClusterImpl.java:lambda$waitForClusterToBeReady$0(221)) - SCM became leader
2022-11-03 05:23:12,214 [IPC Server handler 1 on default port 34199] INFO  net.NetworkTopologyImpl (NetworkTopologyImpl.java:add(112)) - Added a new node: /default-rack/c4b91fe4-1e17-46ee-80ce-129a880b8a55
2022-11-03 05:23:12,214 [IPC Server handler 1 on default port 34199] INFO  node.SCMNodeManager (SCMNodeManager.java:register(397)) - Registered Data node : c4b91fe4-1e17-46ee-80ce-129a880b8a55{ip: 10.1.1.42, host: fv-az119-847.ca0t41jjrjaujd4nublazzptxb.cx.internal.cloudapp.net, ports: [REPLICATION=36393, RATIS=40201, RATIS_ADMIN=40201, RATIS_SERVER=40201, STANDALONE=42287], networkLocation: /default-rack, certSerialId: null, persistedOpState: null, persistedOpStateExpiryEpochSec: 0}
2022-11-03 05:23:12,214 [EventQueue-NewNodeForNewNodeHandler] INFO  pipeline.BackgroundPipelineCreator (BackgroundPipelineCreator.java:notifyEventTriggered(276)) - trigger a one-shot run on RatisPipelineUtilsThread.
2022-11-03 05:23:12,215 [RatisPipelineUtilsThread - 0] INFO  pipeline.RatisPipelineProvider (RatisPipelineProvider.java:lambda$create$0(195)) - Sending CreatePipelineCommand for pipeline:PipelineID=ad83cea3-98de-4f4a-9075-5fa22e3399e1 to datanode:c4b91fe4-1e17-46ee-80ce-129a880b8a55
2022-11-03 05:23:12,216 [RatisPipelineUtilsThread - 0] INFO  pipeline.PipelineStateManagerImpl (PipelineStateManagerImpl.java:addPipeline(103)) - Created pipeline Pipeline[ Id: ad83cea3-98de-4f4a-9075-5fa22e3399e1, Nodes: c4b91fe4-1e17-46ee-80ce-129a880b8a55{ip: 10.1.1.42, host: fv-az119-847.ca0t41jjrjaujd4nublazzptxb.cx.internal.cloudapp.net, ports: [REPLICATION=36393, RATIS=40201, RATIS_ADMIN=40201, RATIS_SERVER=40201, STANDALONE=42287], networkLocation: /default-rack, certSerialId: null, persistedOpState: IN_SERVICE, persistedOpStateExpiryEpochSec: 0}, ReplicationConfig: RATIS/ONE, State:ALLOCATED, leaderId:, CreationTimestamp2022-11-03T05:23:12.215Z[Etc/UTC]].
2022-11-03 05:23:12,380 [Command processor thread] INFO  server.RaftServer (RaftServerProxy.java:addNew(96)) - b788acd7-0bfa-48fd-ae0f-b822d5826f57: addNew group-A7750C3F147E:[b788acd7-0bfa-48fd-ae0f-b822d5826f57|rpc:10.1.1.42:42793|priority:1|startupRole:FOLLOWER] returns group-A7750C3F147E:java.util.concurrent.CompletableFuture@71ce87f0[Not completed]
2022-11-03 05:23:12,385 [pool-95-thread-1] INFO  server.RaftServer$Division (RaftServerImpl.java:<init>(195)) - b788acd7-0bfa-48fd-ae0f-b822d5826f57: new RaftServerImpl for group-A7750C3F147E:[b788acd7-0bfa-48fd-ae0f-b822d5826f57|rpc:10.1.1.42:42793|priority:1|startupRole:FOLLOWER] with ContainerStateMachine:uninitialized
2022-11-03 05:23:12,396 [pool-95-thread-1] INFO  server.RaftServerConfigKeys (ConfUtils.java:logGet(46)) - raft.server.rpc.timeout.min = 5s (custom)
2022-11-03 05:23:12,396 [pool-95-thread-1] INFO  server.RaftServerConfigKeys (ConfUtils.java:logGet(46)) - raft.server.rpc.timeout.max = 5200ms (custom)
2022-11-03 05:23:12,397 [pool-95-thread-1] INFO  server.RaftServerConfigKeys (ConfUtils.java:logGet(46)) - raft.server.rpc.sleep.time = 25ms (default)
2022-11-03 05:23:12,397 [pool-95-thread-1] INFO  server.RaftServerConfigKeys (ConfUtils.java:logGet(46)) - raft.server.rpc.slowness.timeout = 300s (custom)
2022-11-03 05:23:12,397 [pool-95-thread-1] INFO  server.RaftServerConfigKeys (ConfUtils.java:logGet(46)) - raft.server.leaderelection.leader.step-down.wait-time = 10s (default)
2022-11-03 05:23:12,397 [pool-95-thread-1] INFO  server.RaftServerConfigKeys (ConfUtils.java:logGet(46)) - raft.server.sleep.deviation.threshold = 300ms (default)
2022-11-03 05:23:12,398 [pool-95-thread-1] INFO  server.RaftServer$Division (ServerState.java:<init>(118)) - b788acd7-0bfa-48fd-ae0f-b822d5826f57@group-A7750C3F147E: ConfigurationManager, init=-1: peers:[b788acd7-0bfa-48fd-ae0f-b822d5826f57|rpc:10.1.1.42:42793|priority:1|startupRole:FOLLOWER]|listeners:[], old=null, confs=<EMPTY_MAP>
2022-11-03 05:23:12,398 [pool-95-thread-1] INFO  server.RaftServerConfigKeys (ConfUtils.java:logGet(46)) - raft.server.storage.dir = [/home/runner/work/ozone/ozone/hadoop-ozone/integration-test/target/test-dir/MiniOzoneClusterImpl-a947a097-fc53-45d1-b902-fe1272537128/datanode-1/data/ratis] (custom)
2022-11-03 05:23:12,398 [pool-95-thread-1] INFO  server.RaftServerConfigKeys (ConfUtils.java:logGet(46)) - raft.server.log.corruption.policy = EXCEPTION (default)
2022-11-03 05:23:12,398 [pool-95-thread-1] INFO  server.RaftServerConfigKeys (ConfUtils.java:logGet(46)) - raft.server.storage.free-space.min = 0MB (=0) (default)
2022-11-03 05:23:12,399 [pool-95-thread-1] INFO  server.RaftServerConfigKeys (ConfUtils.java:logGet(46)) - raft.server.notification.no-leader.timeout = 300s (custom)
2022-11-03 05:23:12,399 [pool-95-thread-1] INFO  server.RaftServerConfigKeys (ConfUtils.java:logGet(46)) - raft.server.retrycache.expirytime = 600000ms (custom)
2022-11-03 05:23:12,399 [pool-95-thread-1] INFO  server.RaftServerConfigKeys (ConfUtils.java:logGet(46)) - raft.server.retrycache.statistics.expirytime = 100μs (default)
2022-11-03 05:23:12,404 [pool-95-thread-1] INFO  server.RaftServerConfigKeys (ConfUtils.java:logGet(46)) - raft.server.log.appender.install.snapshot.enabled = false (custom)
2022-11-03 05:23:12,405 [pool-95-thread-1] INFO  server.RaftServerConfigKeys (ConfUtils.java:logGet(46)) - raft.server.threadpool.server.cached = true (default)
2022-11-03 05:23:12,405 [pool-95-thread-1] INFO  server.RaftServerConfigKeys (ConfUtils.java:logGet(46)) - raft.server.threadpool.server.size = 0 (default)
2022-11-03 05:23:12,405 [pool-95-thread-1] INFO  server.RaftServerConfigKeys (ConfUtils.java:logGet(46)) - raft.server.threadpool.client.cached = true (default)
2022-11-03 05:23:12,405 [pool-95-thread-1] INFO  server.RaftServerConfigKeys (ConfUtils.java:logGet(46)) - raft.server.threadpool.client.size = 0 (default)
2022-11-03 05:23:12,405 [pool-95-thread-1] INFO  storage.RaftStorageDirectory (RaftStorageDirectoryImpl.java:analyzeStorage(137)) - The storage directory /home/runner/work/ozone/ozone/hadoop-ozone/integration-test/target/test-dir/MiniOzoneClusterImpl-a947a097-fc53-45d1-b902-fe1272537128/datanode-1/data/ratis/a7b85de8-9df4-49b4-95d9-a7750c3f147e does not exist. Creating ...
2022-11-03 05:23:12,407 [pool-95-thread-1] INFO  storage.RaftStorageDirectory (RaftStorageDirectoryImpl.java:tryLock(231)) - Lock on /home/runner/work/ozone/ozone/hadoop-ozone/integration-test/target/test-dir/MiniOzoneClusterImpl-a947a097-fc53-45d1-b902-fe1272537128/datanode-1/data/ratis/a7b85de8-9df4-49b4-95d9-a7750c3f147e/in_use.lock acquired by nodename 14756@fv-az119-847
2022-11-03 05:23:12,409 [pool-95-thread-1] INFO  storage.RaftStorage (RaftStorageImpl.java:format(96)) - Storage directory /home/runner/work/ozone/ozone/hadoop-ozone/integration-test/target/test-dir/MiniOzoneClusterImpl-a947a097-fc53-45d1-b902-fe1272537128/datanode-1/data/ratis/a7b85de8-9df4-49b4-95d9-a7750c3f147e has been successfully formatted.
2022-11-03 05:23:12,412 [EventQueue-PipelineReportForPipelineReportHandler] INFO  pipeline.PipelineManagerImpl (PipelineManagerImpl.java:openPipeline(367)) - Pipeline Pipeline[ Id: a7b85de8-9df4-49b4-95d9-a7750c3f147e, Nodes: b788acd7-0bfa-48fd-ae0f-b822d5826f57{ip: 10.1.1.42, host: fv-az119-847.ca0t41jjrjaujd4nublazzptxb.cx.internal.cloudapp.net, ports: [REPLICATION=37571, RATIS=42793, RATIS_ADMIN=42793, RATIS_SERVER=42793, STANDALONE=43375], networkLocation: /default-rack, certSerialId: null, persistedOpState: IN_SERVICE, persistedOpStateExpiryEpochSec: 0}, ReplicationConfig: RATIS/ONE, State:ALLOCATED, leaderId:b788acd7-0bfa-48fd-ae0f-b822d5826f57, CreationTimestamp2022-11-03T05:23:09.383Z[Etc/UTC]] moved to OPEN state
2022-11-03 05:23:12,412 [EventQueue-OpenPipelineForHealthyPipelineSafeModeRule] INFO  safemode.SCMSafeModeManager (HealthyPipelineSafeModeRule.java:process(137)) - SCM in safe mode. Healthy pipelines reported count is 0, required healthy pipeline reported count is 1
2022-11-03 05:23:12,415 [pool-95-thread-1] INFO  ratis.ContainerStateMachine (ContainerStateMachine.java:loadSnapshot(236)) - group-A7750C3F147E: The snapshot info is null. Setting the last applied indexto:(t:0, i:~)
2022-11-03 05:23:12,416 [pool-95-thread-1] INFO  server.RaftServerConfigKeys (ConfUtils.java:logGet(46)) - raft.server.log.use.memory = false (default)
2022-11-03 05:23:12,416 [pool-95-thread-1] INFO  server.RaftServerConfigKeys (ConfUtils.java:logGet(46)) - raft.server.log.purge.gap = 1000000 (custom)
2022-11-03 05:23:12,416 [pool-95-thread-1] INFO  server.RaftServerConfigKeys (ConfUtils.java:logGet(46)) - raft.server.log.appender.buffer.byte-limit = 33554432 (custom)
2022-11-03 05:23:12,416 [pool-95-thread-1] INFO  server.RaftServerConfigKeys (ConfUtils.java:logGet(46)) - raft.server.log.statemachine.data.read.timeout = 1000ms (default)
2022-11-03 05:23:12,416 [pool-95-thread-1] INFO  server.RaftServerConfigKeys (ConfUtils.java:logGet(46)) - raft.server.log.purge.preservation.log.num = 0 (default)
2022-11-03 05:23:12,416 [pool-95-thread-1] INFO  server.RaftServerConfigKeys (ConfUtils.java:logGet(46)) - raft.server.log.segment.size.max = 1048576 (custom)
2022-11-03 05:23:12,418 [pool-95-thread-1] INFO  server.RaftServerConfigKeys (ConfUtils.java:logGet(46)) - raft.server.log.segment.cache.num.max = 2 (custom)
2022-11-03 05:23:12,418 [pool-95-thread-1] INFO  server.RaftServerConfigKeys (ConfUtils.java:logGet(46)) - raft.server.log.segment.cache.size.max = 200MB (=209715200) (default)
2022-11-03 05:23:12,420 [pool-95-thread-1] INFO  segmented.SegmentedRaftLogWorker (SegmentedRaftLogWorker.java:<init>(191)) - new b788acd7-0bfa-48fd-ae0f-b822d5826f57@group-A7750C3F147E-SegmentedRaftLogWorker for RaftStorageImpl:Storage Directory /home/runner/work/ozone/ozone/hadoop-ozone/integration-test/target/test-dir/MiniOzoneClusterImpl-a947a097-fc53-45d1-b902-fe1272537128/datanode-1/data/ratis/a7b85de8-9df4-49b4-95d9-a7750c3f147e
2022-11-03 05:23:12,420 [pool-95-thread-1] INFO  server.RaftServerConfigKeys (ConfUtils.java:logGet(46)) - raft.server.log.queue.byte-limit = 4294967296 (custom)
2022-11-03 05:23:12,420 [pool-95-thread-1] INFO  server.RaftServerConfigKeys (ConfUtils.java:logGet(46)) - raft.server.log.queue.element-limit = 1024 (custom)
2022-11-03 05:23:12,420 [pool-95-thread-1] INFO  server.RaftServerConfigKeys (ConfUtils.java:logGet(46)) - raft.server.log.segment.size.max = 1048576 (custom)
2022-11-03 05:23:12,420 [pool-95-thread-1] INFO  server.RaftServerConfigKeys (ConfUtils.java:logGet(46)) - raft.server.log.preallocated.size = 16384 (custom)
2022-11-03 05:23:12,420 [pool-95-thread-1] INFO  server.RaftServerConfigKeys (ConfUtils.java:logGet(46)) - raft.server.log.force.sync.num = 128 (default)
2022-11-03 05:23:12,420 [pool-95-thread-1] INFO  server.RaftServerConfigKeys (ConfUtils.java:logGet(46)) - raft.server.log.statemachine.data.sync = true (default)
2022-11-03 05:23:12,420 [pool-95-thread-1] INFO  server.RaftServerConfigKeys (ConfUtils.java:logGet(46)) - raft.server.log.statemachine.data.sync.timeout = 10s (default)
2022-11-03 05:23:12,420 [pool-95-thread-1] INFO  server.RaftServerConfigKeys (ConfUtils.java:logGet(46)) - raft.server.log.statemachine.data.sync.timeout.retry = -1 (default)
2022-11-03 05:23:12,424 [pool-95-thread-1] INFO  server.RaftServerConfigKeys (ConfUtils.java:logGet(46)) - raft.server.log.write.buffer.size = 1048576 (custom)
2022-11-03 05:23:12,429 [pool-95-thread-1] INFO  server.RaftServerConfigKeys (ConfUtils.java:logGet(46)) - raft.server.log.unsafe-flush.enabled = false (default)
2022-11-03 05:23:12,429 [pool-95-thread-1] INFO  server.RaftServerConfigKeys (ConfUtils.java:logGet(46)) - raft.server.log.async-flush.enabled = false (default)
2022-11-03 05:23:12,429 [pool-95-thread-1] INFO  server.RaftServerConfigKeys (ConfUtils.java:logGet(46)) - raft.server.log.statemachine.data.caching.enabled = true (custom)
2022-11-03 05:23:12,433 [pool-95-thread-1] INFO  segmented.SegmentedRaftLogWorker (SegmentedRaftLogWorker.java:lambda$new$0(136)) - b788acd7-0bfa-48fd-ae0f-b822d5826f57@group-A7750C3F147E-SegmentedRaftLogWorker: flushIndex: setUnconditionally 0 -> -1
2022-11-03 05:23:12,433 [pool-95-thread-1] INFO  segmented.SegmentedRaftLogWorker (SegmentedRaftLogWorker.java:lambda$new$0(136)) - b788acd7-0bfa-48fd-ae0f-b822d5826f57@group-A7750C3F147E-SegmentedRaftLogWorker: safeCacheEvictIndex: setUnconditionally 0 -> -1
2022-11-03 05:23:12,444 [pool-95-thread-1] INFO  server.RaftServer$Division (RaftServerImpl.java:start(334)) - b788acd7-0bfa-48fd-ae0f-b822d5826f57@group-A7750C3F147E: start as a follower, conf=-1: peers:[b788acd7-0bfa-48fd-ae0f-b822d5826f57|rpc:10.1.1.42:42793|priority:1|startupRole:FOLLOWER]|listeners:[], old=null
2022-11-03 05:23:12,444 [pool-95-thread-1] INFO  server.RaftServer$Division (RaftServerImpl.java:setRole(321)) - b788acd7-0bfa-48fd-ae0f-b822d5826f57@group-A7750C3F147E: changes role from      null to FOLLOWER at term 0 for startAsFollower
2022-11-03 05:23:12,444 [pool-95-thread-1] INFO  impl.RoleInfo (RoleInfo.java:updateAndGet(139)) - b788acd7-0bfa-48fd-ae0f-b822d5826f57: start b788acd7-0bfa-48fd-ae0f-b822d5826f57@group-A7750C3F147E-FollowerState
2022-11-03 05:23:12,447 [b788acd7-0bfa-48fd-ae0f-b822d5826f57@group-A7750C3F147E-FollowerState] INFO  server.RaftServerConfigKeys (ConfUtils.java:logFallback(53)) - raft.server.rpc.first-election.timeout.min = 5s (fallback to raft.server.rpc.timeout.min)
2022-11-03 05:23:12,447 [b788acd7-0bfa-48fd-ae0f-b822d5826f57@group-A7750C3F147E-FollowerState] INFO  server.RaftServerConfigKeys (ConfUtils.java:logFallback(53)) - raft.server.rpc.first-election.timeout.max = 5200ms (fallback to raft.server.rpc.timeout.max)
2022-11-03 05:23:12,446 [pool-95-thread-1] INFO  util.JmxRegister (JmxRegister.java:tryRegister(44)) - Successfully registered JMX Bean with object name Ratis:service=RaftServer,group=group-A7750C3F147E,id=b788acd7-0bfa-48fd-ae0f-b822d5826f57
2022-11-03 05:23:12,447 [pool-95-thread-1] INFO  server.RaftServerConfigKeys (ConfUtils.java:logGet(46)) - raft.server.snapshot.auto.trigger.enabled = true (custom)
2022-11-03 05:23:12,453 [pool-95-thread-1] INFO  server.RaftServerConfigKeys (ConfUtils.java:logGet(46)) - raft.server.snapshot.auto.trigger.threshold = 10000 (custom)
2022-11-03 05:23:12,453 [pool-95-thread-1] INFO  server.RaftServerConfigKeys (ConfUtils.java:logGet(46)) - raft.server.snapshot.retention.file.num = 5 (custom)
2022-11-03 05:23:12,453 [pool-95-thread-1] INFO  server.RaftServerConfigKeys (ConfUtils.java:logGet(46)) - raft.server.log.purge.upto.snapshot.index = false (default)
2022-11-03 05:23:12,455 [Command processor thread] INFO  ratis.XceiverServerRatis (XceiverServerRatis.java:addGroup(765)) - Created group PipelineID=a7b85de8-9df4-49b4-95d9-a7750c3f147e
2022-11-03 05:23:12,455 [Command processor thread] INFO  commandhandler.CreatePipelineCommandHandler (CreatePipelineCommandHandler.java:handle(113)) - Created Pipeline RATIS ONE PipelineID=a7b85de8-9df4-49b4-95d9-a7750c3f147e.
2022-11-03 05:23:12,461 [Command processor thread] INFO  server.RaftServer (RaftServerProxy.java:addNew(96)) - b788acd7-0bfa-48fd-ae0f-b822d5826f57: addNew group-7510FC58D10D:[b788acd7-0bfa-48fd-ae0f-b822d5826f57|rpc:10.1.1.42:42793|priority:1|startupRole:FOLLOWER, aafd62d6-5d37-4c95-9ffb-fecfd05fefa6|rpc:10.1.1.42:39817|priority:0|startupRole:FOLLOWER, fca08327-10d6-4e50-9aa0-d18fc62323ab|rpc:10.1.1.42:46211|priority:0|startupRole:FOLLOWER] returns group-7510FC58D10D:java.util.concurrent.CompletableFuture@75f11d11[Not completed]
2022-11-03 05:23:12,462 [pool-95-thread-1] INFO  server.RaftServer$Division (RaftServerImpl.java:<init>(195)) - b788acd7-0bfa-48fd-ae0f-b822d5826f57: new RaftServerImpl for group-7510FC58D10D:[b788acd7-0bfa-48fd-ae0f-b822d5826f57|rpc:10.1.1.42:42793|priority:1|startupRole:FOLLOWER, aafd62d6-5d37-4c95-9ffb-fecfd05fefa6|rpc:10.1.1.42:39817|priority:0|startupRole:FOLLOWER, fca08327-10d6-4e50-9aa0-d18fc62323ab|rpc:10.1.1.42:46211|priority:0|startupRole:FOLLOWER] with ContainerStateMachine:uninitialized
2022-11-03 05:23:12,462 [pool-95-thread-1] INFO  server.RaftServerConfigKeys (ConfUtils.java:logGet(46)) - raft.server.rpc.timeout.min = 5s (custom)
2022-11-03 05:23:12,462 [pool-95-thread-1] INFO  server.RaftServerConfigKeys (ConfUtils.java:logGet(46)) - raft.server.rpc.timeout.max = 5200ms (custom)
2022-11-03 05:23:12,462 [pool-95-thread-1] INFO  server.RaftServerConfigKeys (ConfUtils.java:logGet(46)) - raft.server.rpc.sleep.time = 25ms (default)
2022-11-03 05:23:12,462 [pool-95-thread-1] INFO  server.RaftServerConfigKeys (ConfUtils.java:logGet(46)) - raft.server.rpc.slowness.timeout = 300s (custom)
2022-11-03 05:23:12,462 [pool-95-thread-1] INFO  server.RaftServerConfigKeys (ConfUtils.java:logGet(46)) - raft.server.leaderelection.leader.step-down.wait-time = 10s (default)
2022-11-03 05:23:12,462 [pool-95-thread-1] INFO  server.RaftServerConfigKeys (ConfUtils.java:logGet(46)) - raft.server.sleep.deviation.threshold = 300ms (default)
2022-11-03 05:23:12,462 [pool-95-thread-1] INFO  server.RaftServer$Division (ServerState.java:<init>(118)) - b788acd7-0bfa-48fd-ae0f-b822d5826f57@group-7510FC58D10D: ConfigurationManager, init=-1: peers:[b788acd7-0bfa-48fd-ae0f-b822d5826f57|rpc:10.1.1.42:42793|priority:1|startupRole:FOLLOWER, aafd62d6-5d37-4c95-9ffb-fecfd05fefa6|rpc:10.1.1.42:39817|priority:0|startupRole:FOLLOWER, fca08327-10d6-4e50-9aa0-d18fc62323ab|rpc:10.1.1.42:46211|priority:0|startupRole:FOLLOWER]|listeners:[], old=null, confs=<EMPTY_MAP>
2022-11-03 05:23:12,462 [pool-95-thread-1] INFO  server.RaftServerConfigKeys (ConfUtils.java:logGet(46)) - raft.server.storage.dir = [/home/runner/work/ozone/ozone/hadoop-ozone/integration-test/target/test-dir/MiniOzoneClusterImpl-a947a097-fc53-45d1-b902-fe1272537128/datanode-1/data/ratis] (custom)
2022-11-03 05:23:12,462 [pool-95-thread-1] INFO  server.RaftServerConfigKeys (ConfUtils.java:logGet(46)) - raft.server.log.corruption.policy = EXCEPTION (default)
2022-11-03 05:23:12,462 [pool-95-thread-1] INFO  server.RaftServerConfigKeys (ConfUtils.java:logGet(46)) - raft.server.storage.free-space.min = 0MB (=0) (default)
2022-11-03 05:23:12,462 [pool-95-thread-1] INFO  server.RaftServerConfigKeys (ConfUtils.java:logGet(46)) - raft.server.notification.no-leader.timeout = 300s (custom)
2022-11-03 05:23:12,462 [pool-95-thread-1] INFO  server.RaftServerConfigKeys (ConfUtils.java:logGet(46)) - raft.server.retrycache.expirytime = 600000ms (custom)
2022-11-03 05:23:12,462 [pool-95-thread-1] INFO  server.RaftServerConfigKeys (ConfUtils.java:logGet(46)) - raft.server.retrycache.statistics.expirytime = 100μs (default)
2022-11-03 05:23:12,464 [pool-95-thread-1] INFO  server.RaftServerConfigKeys (ConfUtils.java:logGet(46)) - raft.server.log.appender.install.snapshot.enabled = false (custom)
2022-11-03 05:23:12,464 [pool-95-thread-1] INFO  server.RaftServerConfigKeys (ConfUtils.java:logGet(46)) - raft.server.threadpool.server.cached = true (default)
2022-11-03 05:23:12,464 [pool-95-thread-1] INFO  server.RaftServerConfigKeys (ConfUtils.java:logGet(46)) - raft.server.threadpool.server.size = 0 (default)
2022-11-03 05:23:12,464 [pool-95-thread-1] INFO  server.RaftServerConfigKeys (ConfUtils.java:logGet(46)) - raft.server.threadpool.client.cached = true (default)
2022-11-03 05:23:12,464 [pool-95-thread-1] INFO  server.RaftServerConfigKeys (ConfUtils.java:logGet(46)) - raft.server.threadpool.client.size = 0 (default)
2022-11-03 05:23:12,464 [pool-95-thread-1] INFO  storage.RaftStorageDirectory (RaftStorageDirectoryImpl.java:analyzeStorage(137)) - The storage directory /home/runner/work/ozone/ozone/hadoop-ozone/integration-test/target/test-dir/MiniOzoneClusterImpl-a947a097-fc53-45d1-b902-fe1272537128/datanode-1/data/ratis/f705f685-74fc-420a-8c30-7510fc58d10d does not exist. Creating ...
2022-11-03 05:23:12,465 [pool-95-thread-1] INFO  storage.RaftStorageDirectory (RaftStorageDirectoryImpl.java:tryLock(231)) - Lock on /home/runner/work/ozone/ozone/hadoop-ozone/integration-test/target/test-dir/MiniOzoneClusterImpl-a947a097-fc53-45d1-b902-fe1272537128/datanode-1/data/ratis/f705f685-74fc-420a-8c30-7510fc58d10d/in_use.lock acquired by nodename 14756@fv-az119-847
2022-11-03 05:23:12,466 [pool-95-thread-1] INFO  storage.RaftStorage (RaftStorageImpl.java:format(96)) - Storage directory /home/runner/work/ozone/ozone/hadoop-ozone/integration-test/target/test-dir/MiniOzoneClusterImpl-a947a097-fc53-45d1-b902-fe1272537128/datanode-1/data/ratis/f705f685-74fc-420a-8c30-7510fc58d10d has been successfully formatted.
2022-11-03 05:23:12,466 [pool-95-thread-1] INFO  ratis.ContainerStateMachine (ContainerStateMachine.java:loadSnapshot(236)) - group-7510FC58D10D: The snapshot info is null. Setting the last applied indexto:(t:0, i:~)
2022-11-03 05:23:12,467 [pool-95-thread-1] INFO  server.RaftServerConfigKeys (ConfUtils.java:logGet(46)) - raft.server.log.use.memory = false (default)
2022-11-03 05:23:12,467 [pool-95-thread-1] INFO  server.RaftServerConfigKeys (ConfUtils.java:logGet(46)) - raft.server.log.purge.gap = 1000000 (custom)
2022-11-03 05:23:12,467 [pool-95-thread-1] INFO  server.RaftServerConfigKeys (ConfUtils.java:logGet(46)) - raft.server.log.appender.buffer.byte-limit = 33554432 (custom)
2022-11-03 05:23:12,467 [pool-95-thread-1] INFO  server.RaftServerConfigKeys (ConfUtils.java:logGet(46)) - raft.server.log.statemachine.data.read.timeout = 1000ms (default)
2022-11-03 05:23:12,467 [pool-95-thread-1] INFO  server.RaftServerConfigKeys (ConfUtils.java:logGet(46)) - raft.server.log.purge.preservation.log.num = 0 (default)
2022-11-03 05:23:12,467 [pool-95-thread-1] INFO  server.RaftServerConfigKeys (ConfUtils.java:logGet(46)) - raft.server.log.segment.size.max = 1048576 (custom)
2022-11-03 05:23:12,468 [pool-95-thread-1] INFO  server.RaftServerConfigKeys (ConfUtils.java:logGet(46)) - raft.server.log.segment.cache.num.max = 2 (custom)
2022-11-03 05:23:12,468 [pool-95-thread-1] INFO  server.RaftServerConfigKeys (ConfUtils.java:logGet(46)) - raft.server.log.segment.cache.size.max = 200MB (=209715200) (default)
2022-11-03 05:23:12,468 [pool-95-thread-1] INFO  segmented.SegmentedRaftLogWorker (SegmentedRaftLogWorker.java:<init>(191)) - new b788acd7-0bfa-48fd-ae0f-b822d5826f57@group-7510FC58D10D-SegmentedRaftLogWorker for RaftStorageImpl:Storage Directory /home/runner/work/ozone/ozone/hadoop-ozone/integration-test/target/test-dir/MiniOzoneClusterImpl-a947a097-fc53-45d1-b902-fe1272537128/datanode-1/data/ratis/f705f685-74fc-420a-8c30-7510fc58d10d
2022-11-03 05:23:12,468 [pool-95-thread-1] INFO  server.RaftServerConfigKeys (ConfUtils.java:logGet(46)) - raft.server.log.queue.byte-limit = 4294967296 (custom)
2022-11-03 05:23:12,468 [pool-95-thread-1] INFO  server.RaftServerConfigKeys (ConfUtils.java:logGet(46)) - raft.server.log.queue.element-limit = 1024 (custom)
2022-11-03 05:23:12,468 [pool-95-thread-1] INFO  server.RaftServerConfigKeys (ConfUtils.java:logGet(46)) - raft.server.log.segment.size.max = 1048576 (custom)
2022-11-03 05:23:12,468 [pool-95-thread-1] INFO  server.RaftServerConfigKeys (ConfUtils.java:logGet(46)) - raft.server.log.preallocated.size = 16384 (custom)
2022-11-03 05:23:12,468 [pool-95-thread-1] INFO  server.RaftServerConfigKeys (ConfUtils.java:logGet(46)) - raft.server.log.force.sync.num = 128 (default)
2022-11-03 05:23:12,468 [pool-95-thread-1] INFO  server.RaftServerConfigKeys (ConfUtils.java:logGet(46)) - raft.server.log.statemachine.data.sync = true (default)
2022-11-03 05:23:12,468 [pool-95-thread-1] INFO  server.RaftServerConfigKeys (ConfUtils.java:logGet(46)) - raft.server.log.statemachine.data.sync.timeout = 10s (default)
2022-11-03 05:23:12,468 [pool-95-thread-1] INFO  server.RaftServerConfigKeys (ConfUtils.java:logGet(46)) - raft.server.log.statemachine.data.sync.timeout.retry = -1 (default)
2022-11-03 05:23:12,472 [pool-95-thread-1] INFO  server.RaftServerConfigKeys (ConfUtils.java:logGet(46)) - raft.server.log.write.buffer.size = 1048576 (custom)
2022-11-03 05:23:12,473 [pool-95-thread-1] INFO  server.RaftServerConfigKeys (ConfUtils.java:logGet(46)) - raft.server.log.unsafe-flush.enabled = false (default)
2022-11-03 05:23:12,473 [pool-95-thread-1] INFO  server.RaftServerConfigKeys (ConfUtils.java:logGet(46)) - raft.server.log.async-flush.enabled = false (default)
2022-11-03 05:23:12,473 [pool-95-thread-1] INFO  server.RaftServerConfigKeys (ConfUtils.java:logGet(46)) - raft.server.log.statemachine.data.caching.enabled = true (custom)
2022-11-03 05:23:12,474 [EventQueue-OpenPipelineForHealthyPipelineSafeModeRule] INFO  safemode.SCMSafeModeManager (HealthyPipelineSafeModeRule.java:process(137)) - SCM in safe mode. Healthy pipelines reported count is 0, required healthy pipeline reported count is 1
2022-11-03 05:23:12,476 [pool-95-thread-1] INFO  segmented.SegmentedRaftLogWorker (SegmentedRaftLogWorker.java:lambda$new$0(136)) - b788acd7-0bfa-48fd-ae0f-b822d5826f57@group-7510FC58D10D-SegmentedRaftLogWorker: flushIndex: setUnconditionally 0 -> -1
2022-11-03 05:23:12,476 [pool-95-thread-1] INFO  segmented.SegmentedRaftLogWorker (SegmentedRaftLogWorker.java:lambda$new$0(136)) - b788acd7-0bfa-48fd-ae0f-b822d5826f57@group-7510FC58D10D-SegmentedRaftLogWorker: safeCacheEvictIndex: setUnconditionally 0 -> -1
2022-11-03 05:23:12,476 [pool-95-thread-1] INFO  server.RaftServer$Division (RaftServerImpl.java:start(334)) - b788acd7-0bfa-48fd-ae0f-b822d5826f57@group-7510FC58D10D: start as a follower, conf=-1: peers:[b788acd7-0bfa-48fd-ae0f-b822d5826f57|rpc:10.1.1.42:42793|priority:1|startupRole:FOLLOWER, aafd62d6-5d37-4c95-9ffb-fecfd05fefa6|rpc:10.1.1.42:39817|priority:0|startupRole:FOLLOWER, fca08327-10d6-4e50-9aa0-d18fc62323ab|rpc:10.1.1.42:46211|priority:0|startupRole:FOLLOWER]|listeners:[], old=null
2022-11-03 05:23:12,476 [pool-95-thread-1] INFO  server.RaftServer$Division (RaftServerImpl.java:setRole(321)) - b788acd7-0bfa-48fd-ae0f-b822d5826f57@group-7510FC58D10D: changes role from      null to FOLLOWER at term 0 for startAsFollower
2022-11-03 05:23:12,476 [pool-95-thread-1] INFO  impl.RoleInfo (RoleInfo.java:updateAndGet(139)) - b788acd7-0bfa-48fd-ae0f-b822d5826f57: start b788acd7-0bfa-48fd-ae0f-b822d5826f57@group-7510FC58D10D-FollowerState
2022-11-03 05:23:12,477 [pool-95-thread-1] INFO  util.JmxRegister (JmxRegister.java:tryRegister(44)) - Successfully registered JMX Bean with object name Ratis:service=RaftServer,group=group-7510FC58D10D,id=b788acd7-0bfa-48fd-ae0f-b822d5826f57
2022-11-03 05:23:12,477 [pool-95-thread-1] INFO  server.RaftServerConfigKeys (ConfUtils.java:logGet(46)) - raft.server.snapshot.auto.trigger.enabled = true (custom)
2022-11-03 05:23:12,477 [pool-95-thread-1] INFO  server.RaftServerConfigKeys (ConfUtils.java:logGet(46)) - raft.server.snapshot.auto.trigger.threshold = 10000 (custom)
2022-11-03 05:23:12,477 [pool-95-thread-1] INFO  server.RaftServerConfigKeys (ConfUtils.java:logGet(46)) - raft.server.snapshot.retention.file.num = 5 (custom)
2022-11-03 05:23:12,477 [pool-95-thread-1] INFO  server.RaftServerConfigKeys (ConfUtils.java:logGet(46)) - raft.server.log.purge.upto.snapshot.index = false (default)
2022-11-03 05:23:12,479 [b788acd7-0bfa-48fd-ae0f-b822d5826f57@group-7510FC58D10D-FollowerState] INFO  server.RaftServerConfigKeys (ConfUtils.java:logFallback(53)) - raft.server.rpc.first-election.timeout.min = 5s (fallback to raft.server.rpc.timeout.min)
2022-11-03 05:23:12,479 [b788acd7-0bfa-48fd-ae0f-b822d5826f57@group-7510FC58D10D-FollowerState] INFO  server.RaftServerConfigKeys (ConfUtils.java:logFallback(53)) - raft.server.rpc.first-election.timeout.max = 5200ms (fallback to raft.server.rpc.timeout.max)
2022-11-03 05:23:12,480 [Command processor thread] INFO  ratis.XceiverServerRatis (XceiverServerRatis.java:addGroup(765)) - Created group PipelineID=f705f685-74fc-420a-8c30-7510fc58d10d
2022-11-03 05:23:12,649 [grpc-default-executor-1] INFO  server.RaftServer (RaftServerProxy.java:addNew(96)) - fca08327-10d6-4e50-9aa0-d18fc62323ab: addNew group-7510FC58D10D:[b788acd7-0bfa-48fd-ae0f-b822d5826f57|rpc:10.1.1.42:42793|dataStream:|priority:1|startupRole:FOLLOWER, aafd62d6-5d37-4c95-9ffb-fecfd05fefa6|rpc:10.1.1.42:39817|dataStream:|priority:0|startupRole:FOLLOWER, fca08327-10d6-4e50-9aa0-d18fc62323ab|rpc:10.1.1.42:46211|dataStream:|priority:0|startupRole:FOLLOWER] returns group-7510FC58D10D:java.util.concurrent.CompletableFuture@1fa700ae[Not completed]
2022-11-03 05:23:12,650 [pool-118-thread-1] INFO  server.RaftServer$Division (RaftServerImpl.java:<init>(195)) - fca08327-10d6-4e50-9aa0-d18fc62323ab: new RaftServerImpl for group-7510FC58D10D:[b788acd7-0bfa-48fd-ae0f-b822d5826f57|rpc:10.1.1.42:42793|dataStream:|priority:1|startupRole:FOLLOWER, aafd62d6-5d37-4c95-9ffb-fecfd05fefa6|rpc:10.1.1.42:39817|dataStream:|priority:0|startupRole:FOLLOWER, fca08327-10d6-4e50-9aa0-d18fc62323ab|rpc:10.1.1.42:46211|dataStream:|priority:0|startupRole:FOLLOWER] with ContainerStateMachine:uninitialized
2022-11-03 05:23:12,650 [pool-118-thread-1] INFO  server.RaftServerConfigKeys (ConfUtils.java:logGet(46)) - raft.server.rpc.timeout.min = 5s (custom)
2022-11-03 05:23:12,651 [pool-118-thread-1] INFO  server.RaftServerConfigKeys (ConfUtils.java:logGet(46)) - raft.server.rpc.timeout.max = 5200ms (custom)
2022-11-03 05:23:12,651 [pool-118-thread-1] INFO  server.RaftServerConfigKeys (ConfUtils.java:logGet(46)) - raft.server.rpc.sleep.time = 25ms (default)
2022-11-03 05:23:12,651 [pool-118-thread-1] INFO  server.RaftServerConfigKeys (ConfUtils.java:logGet(46)) - raft.server.rpc.slowness.timeout = 300s (custom)
2022-11-03 05:23:12,651 [pool-118-thread-1] INFO  server.RaftServerConfigKeys (ConfUtils.java:logGet(46)) - raft.server.leaderelection.leader.step-down.wait-time = 10s (default)
2022-11-03 05:23:12,651 [pool-118-thread-1] INFO  server.RaftServerConfigKeys (ConfUtils.java:logGet(46)) - raft.server.sleep.deviation.threshold = 300ms (default)
2022-11-03 05:23:12,651 [pool-118-thread-1] INFO  server.RaftServer$Division (ServerState.java:<init>(118)) - fca08327-10d6-4e50-9aa0-d18fc62323ab@group-7510FC58D10D: ConfigurationManager, init=-1: peers:[b788acd7-0bfa-48fd-ae0f-b822d5826f57|rpc:10.1.1.42:42793|dataStream:|priority:1|startupRole:FOLLOWER, aafd62d6-5d37-4c95-9ffb-fecfd05fefa6|rpc:10.1.1.42:39817|dataStream:|priority:0|startupRole:FOLLOWER, fca08327-10d6-4e50-9aa0-d18fc62323ab|rpc:10.1.1.42:46211|dataStream:|priority:0|startupRole:FOLLOWER]|listeners:[], old=null, confs=<EMPTY_MAP>
2022-11-03 05:23:12,651 [pool-118-thread-1] INFO  server.RaftServerConfigKeys (ConfUtils.java:logGet(46)) - raft.server.storage.dir = [/home/runner/work/ozone/ozone/hadoop-ozone/integration-test/target/test-dir/MiniOzoneClusterImpl-a947a097-fc53-45d1-b902-fe1272537128/datanode-2/data/ratis] (custom)
2022-11-03 05:23:12,651 [pool-118-thread-1] INFO  server.RaftServerConfigKeys (ConfUtils.java:logGet(46)) - raft.server.log.corruption.policy = EXCEPTION (default)
2022-11-03 05:23:12,651 [pool-118-thread-1] INFO  server.RaftServerConfigKeys (ConfUtils.java:logGet(46)) - raft.server.storage.free-space.min = 0MB (=0) (default)
2022-11-03 05:23:12,651 [pool-118-thread-1] INFO  server.RaftServerConfigKeys (ConfUtils.java:logGet(46)) - raft.server.notification.no-leader.timeout = 300s (custom)
2022-11-03 05:23:12,651 [pool-118-thread-1] INFO  server.RaftServerConfigKeys (ConfUtils.java:logGet(46)) - raft.server.retrycache.expirytime = 600000ms (custom)
2022-11-03 05:23:12,651 [pool-118-thread-1] INFO  server.RaftServerConfigKeys (ConfUtils.java:logGet(46)) - raft.server.retrycache.statistics.expirytime = 100μs (default)
2022-11-03 05:23:12,657 [pool-118-thread-1] INFO  server.RaftServerConfigKeys (ConfUtils.java:logGet(46)) - raft.server.log.appender.install.snapshot.enabled = false (custom)
2022-11-03 05:23:12,657 [pool-118-thread-1] INFO  server.RaftServerConfigKeys (ConfUtils.java:logGet(46)) - raft.server.threadpool.server.cached = true (default)
2022-11-03 05:23:12,657 [pool-118-thread-1] INFO  server.RaftServerConfigKeys (ConfUtils.java:logGet(46)) - raft.server.threadpool.server.size = 0 (default)
2022-11-03 05:23:12,657 [pool-118-thread-1] INFO  server.RaftServerConfigKeys (ConfUtils.java:logGet(46)) - raft.server.threadpool.client.cached = true (default)
2022-11-03 05:23:12,657 [pool-118-thread-1] INFO  server.RaftServerConfigKeys (ConfUtils.java:logGet(46)) - raft.server.threadpool.client.size = 0 (default)
2022-11-03 05:23:12,657 [pool-118-thread-1] INFO  storage.RaftStorageDirectory (RaftStorageDirectoryImpl.java:analyzeStorage(137)) - The storage directory /home/runner/work/ozone/ozone/hadoop-ozone/integration-test/target/test-dir/MiniOzoneClusterImpl-a947a097-fc53-45d1-b902-fe1272537128/datanode-2/data/ratis/f705f685-74fc-420a-8c30-7510fc58d10d does not exist. Creating ...
2022-11-03 05:23:12,659 [pool-118-thread-1] INFO  storage.RaftStorageDirectory (RaftStorageDirectoryImpl.java:tryLock(231)) - Lock on /home/runner/work/ozone/ozone/hadoop-ozone/integration-test/target/test-dir/MiniOzoneClusterImpl-a947a097-fc53-45d1-b902-fe1272537128/datanode-2/data/ratis/f705f685-74fc-420a-8c30-7510fc58d10d/in_use.lock acquired by nodename 14756@fv-az119-847
2022-11-03 05:23:12,660 [pool-118-thread-1] INFO  storage.RaftStorage (RaftStorageImpl.java:format(96)) - Storage directory /home/runner/work/ozone/ozone/hadoop-ozone/integration-test/target/test-dir/MiniOzoneClusterImpl-a947a097-fc53-45d1-b902-fe1272537128/datanode-2/data/ratis/f705f685-74fc-420a-8c30-7510fc58d10d has been successfully formatted.
2022-11-03 05:23:12,666 [Command processor thread] INFO  commandhandler.CreatePipelineCommandHandler (CreatePipelineCommandHandler.java:handle(113)) - Created Pipeline RATIS THREE PipelineID=f705f685-74fc-420a-8c30-7510fc58d10d.
2022-11-03 05:23:12,667 [Command processor thread] INFO  server.RaftServer (RaftServerProxy.java:addNew(96)) - aafd62d6-5d37-4c95-9ffb-fecfd05fefa6: addNew group-DD4C95DED537:[b788acd7-0bfa-48fd-ae0f-b822d5826f57|rpc:10.1.1.42:42793|priority:0|startupRole:FOLLOWER, aafd62d6-5d37-4c95-9ffb-fecfd05fefa6|rpc:10.1.1.42:39817|priority:1|startupRole:FOLLOWER, fca08327-10d6-4e50-9aa0-d18fc62323ab|rpc:10.1.1.42:46211|priority:0|startupRole:FOLLOWER] returns group-DD4C95DED537:java.util.concurrent.CompletableFuture@7dc1f24f[Not completed]
2022-11-03 05:23:12,667 [pool-72-thread-1] INFO  server.RaftServer$Division (RaftServerImpl.java:<init>(195)) - aafd62d6-5d37-4c95-9ffb-fecfd05fefa6: new RaftServerImpl for group-DD4C95DED537:[b788acd7-0bfa-48fd-ae0f-b822d5826f57|rpc:10.1.1.42:42793|priority:0|startupRole:FOLLOWER, aafd62d6-5d37-4c95-9ffb-fecfd05fefa6|rpc:10.1.1.42:39817|priority:1|startupRole:FOLLOWER, fca08327-10d6-4e50-9aa0-d18fc62323ab|rpc:10.1.1.42:46211|priority:0|startupRole:FOLLOWER] with ContainerStateMachine:uninitialized
2022-11-03 05:23:12,667 [pool-72-thread-1] INFO  server.RaftServerConfigKeys (ConfUtils.java:logGet(46)) - raft.server.rpc.timeout.min = 5s (custom)
2022-11-03 05:23:12,668 [pool-72-thread-1] INFO  server.RaftServerConfigKeys (ConfUtils.java:logGet(46)) - raft.server.rpc.timeout.max = 5200ms (custom)
2022-11-03 05:23:12,668 [pool-72-thread-1] INFO  server.RaftServerConfigKeys (ConfUtils.java:logGet(46)) - raft.server.rpc.sleep.time = 25ms (default)
2022-11-03 05:23:12,668 [pool-72-thread-1] INFO  server.RaftServerConfigKeys (ConfUtils.java:logGet(46)) - raft.server.rpc.slowness.timeout = 300s (custom)
2022-11-03 05:23:12,668 [pool-72-thread-1] INFO  server.RaftServerConfigKeys (ConfUtils.java:logGet(46)) - raft.server.leaderelection.leader.step-down.wait-time = 10s (default)
2022-11-03 05:23:12,668 [pool-72-thread-1] INFO  server.RaftServerConfigKeys (ConfUtils.java:logGet(46)) - raft.server.sleep.deviation.threshold = 300ms (default)
2022-11-03 05:23:12,668 [pool-72-thread-1] INFO  server.RaftServer$Division (ServerState.java:<init>(118)) - aafd62d6-5d37-4c95-9ffb-fecfd05fefa6@group-DD4C95DED537: ConfigurationManager, init=-1: peers:[b788acd7-0bfa-48fd-ae0f-b822d5826f57|rpc:10.1.1.42:42793|priority:0|startupRole:FOLLOWER, aafd62d6-5d37-4c95-9ffb-fecfd05fefa6|rpc:10.1.1.42:39817|priority:1|startupRole:FOLLOWER, fca08327-10d6-4e50-9aa0-d18fc62323ab|rpc:10.1.1.42:46211|priority:0|startupRole:FOLLOWER]|listeners:[], old=null, confs=<EMPTY_MAP>
2022-11-03 05:23:12,668 [pool-72-thread-1] INFO  server.RaftServerConfigKeys (ConfUtils.java:logGet(46)) - raft.server.storage.dir = [/home/runner/work/ozone/ozone/hadoop-ozone/integration-test/target/test-dir/MiniOzoneClusterImpl-a947a097-fc53-45d1-b902-fe1272537128/datanode-0/data/ratis] (custom)
2022-11-03 05:23:12,668 [pool-72-thread-1] INFO  server.RaftServerConfigKeys (ConfUtils.java:logGet(46)) - raft.server.log.corruption.policy = EXCEPTION (default)
2022-11-03 05:23:12,668 [pool-72-thread-1] INFO  server.RaftServerConfigKeys (ConfUtils.java:logGet(46)) - raft.server.storage.free-space.min = 0MB (=0) (default)
2022-11-03 05:23:12,668 [pool-72-thread-1] INFO  server.RaftServerConfigKeys (ConfUtils.java:logGet(46)) - raft.server.notification.no-leader.timeout = 300s (custom)
2022-11-03 05:23:12,668 [pool-72-thread-1] INFO  server.RaftServerConfigKeys (ConfUtils.java:logGet(46)) - raft.server.retrycache.expirytime = 600000ms (custom)
2022-11-03 05:23:12,668 [pool-72-thread-1] INFO  server.RaftServerConfigKeys (ConfUtils.java:logGet(46)) - raft.server.retrycache.statistics.expirytime = 100μs (default)
2022-11-03 05:23:12,669 [pool-72-thread-1] INFO  server.RaftServerConfigKeys (ConfUtils.java:logGet(46)) - raft.server.log.appender.install.snapshot.enabled = false (custom)
2022-11-03 05:23:12,669 [pool-72-thread-1] INFO  server.RaftServerConfigKeys (ConfUtils.java:logGet(46)) - raft.server.threadpool.server.cached = true (default)
2022-11-03 05:23:12,669 [pool-72-thread-1] INFO  server.RaftServerConfigKeys (ConfUtils.java:logGet(46)) - raft.server.threadpool.server.size = 0 (default)
2022-11-03 05:23:12,670 [pool-72-thread-1] INFO  server.RaftServerConfigKeys (ConfUtils.java:logGet(46)) - raft.server.threadpool.client.cached = true (default)
2022-11-03 05:23:12,670 [pool-72-thread-1] INFO  server.RaftServerConfigKeys (ConfUtils.java:logGet(46)) - raft.server.threadpool.client.size = 0 (default)
2022-11-03 05:23:12,670 [pool-72-thread-1] INFO  storage.RaftStorageDirectory (RaftStorageDirectoryImpl.java:analyzeStorage(137)) - The storage directory /home/runner/work/ozone/ozone/hadoop-ozone/integration-test/target/test-dir/MiniOzoneClusterImpl-a947a097-fc53-45d1-b902-fe1272537128/datanode-0/data/ratis/576f1efd-9238-484f-8802-dd4c95ded537 does not exist. Creating ...
2022-11-03 05:23:12,671 [pool-72-thread-1] INFO  storage.RaftStorageDirectory (RaftStorageDirectoryImpl.java:tryLock(231)) - Lock on /home/runner/work/ozone/ozone/hadoop-ozone/integration-test/target/test-dir/MiniOzoneClusterImpl-a947a097-fc53-45d1-b902-fe1272537128/datanode-0/data/ratis/576f1efd-9238-484f-8802-dd4c95ded537/in_use.lock acquired by nodename 14756@fv-az119-847
2022-11-03 05:23:12,672 [pool-118-thread-1] INFO  ratis.ContainerStateMachine (ContainerStateMachine.java:loadSnapshot(236)) - group-7510FC58D10D: The snapshot info is null. Setting the last applied indexto:(t:0, i:~)
2022-11-03 05:23:12,680 [pool-118-thread-1] INFO  server.RaftServerConfigKeys (ConfUtils.java:logGet(46)) - raft.server.log.use.memory = false (default)
2022-11-03 05:23:12,680 [pool-118-thread-1] INFO  server.RaftServerConfigKeys (ConfUtils.java:logGet(46)) - raft.server.log.purge.gap = 1000000 (custom)
2022-11-03 05:23:12,680 [pool-118-thread-1] INFO  server.RaftServerConfigKeys (ConfUtils.java:logGet(46)) - raft.server.log.appender.buffer.byte-limit = 33554432 (custom)
2022-11-03 05:23:12,680 [pool-72-thread-1] INFO  storage.RaftStorage (RaftStorageImpl.java:format(96)) - Storage directory /home/runner/work/ozone/ozone/hadoop-ozone/integration-test/target/test-dir/MiniOzoneClusterImpl-a947a097-fc53-45d1-b902-fe1272537128/datanode-0/data/ratis/576f1efd-9238-484f-8802-dd4c95ded537 has been successfully formatted.
2022-11-03 05:23:12,680 [pool-118-thread-1] INFO  server.RaftServerConfigKeys (ConfUtils.java:logGet(46)) - raft.server.log.statemachine.data.read.timeout = 1000ms (default)
2022-11-03 05:23:12,680 [pool-118-thread-1] INFO  server.RaftServerConfigKeys (ConfUtils.java:logGet(46)) - raft.server.log.purge.preservation.log.num = 0 (default)
2022-11-03 05:23:12,680 [pool-118-thread-1] INFO  server.RaftServerConfigKeys (ConfUtils.java:logGet(46)) - raft.server.log.segment.size.max = 1048576 (custom)
2022-11-03 05:23:12,681 [pool-72-thread-1] INFO  ratis.ContainerStateMachine (ContainerStateMachine.java:loadSnapshot(236)) - group-DD4C95DED537: The snapshot info is null. Setting the last applied indexto:(t:0, i:~)
2022-11-03 05:23:12,681 [pool-118-thread-1] INFO  server.RaftServerConfigKeys (ConfUtils.java:logGet(46)) - raft.server.log.segment.cache.num.max = 2 (custom)
2022-11-03 05:23:12,681 [pool-72-thread-1] INFO  server.RaftServerConfigKeys (ConfUtils.java:logGet(46)) - raft.server.log.use.memory = false (default)
2022-11-03 05:23:12,681 [pool-118-thread-1] INFO  server.RaftServerConfigKeys (ConfUtils.java:logGet(46)) - raft.server.log.segment.cache.size.max = 200MB (=209715200) (default)
2022-11-03 05:23:12,681 [pool-72-thread-1] INFO  server.RaftServerConfigKeys (ConfUtils.java:logGet(46)) - raft.server.log.purge.gap = 1000000 (custom)
2022-11-03 05:23:12,681 [pool-118-thread-1] INFO  segmented.SegmentedRaftLogWorker (SegmentedRaftLogWorker.java:<init>(191)) - new fca08327-10d6-4e50-9aa0-d18fc62323ab@group-7510FC58D10D-SegmentedRaftLogWorker for RaftStorageImpl:Storage Directory /home/runner/work/ozone/ozone/hadoop-ozone/integration-test/target/test-dir/MiniOzoneClusterImpl-a947a097-fc53-45d1-b902-fe1272537128/datanode-2/data/ratis/f705f685-74fc-420a-8c30-7510fc58d10d
2022-11-03 05:23:12,681 [pool-72-thread-1] INFO  server.RaftServerConfigKeys (ConfUtils.java:logGet(46)) - raft.server.log.appender.buffer.byte-limit = 33554432 (custom)
2022-11-03 05:23:12,681 [pool-72-thread-1] INFO  server.RaftServerConfigKeys (ConfUtils.java:logGet(46)) - raft.server.log.statemachine.data.read.timeout = 1000ms (default)
2022-11-03 05:23:12,682 [pool-72-thread-1] INFO  server.RaftServerConfigKeys (ConfUtils.java:logGet(46)) - raft.server.log.purge.preservation.log.num = 0 (default)
2022-11-03 05:23:12,682 [pool-72-thread-1] INFO  server.RaftServerConfigKeys (ConfUtils.java:logGet(46)) - raft.server.log.segment.size.max = 1048576 (custom)
2022-11-03 05:23:12,682 [pool-72-thread-1] INFO  server.RaftServerConfigKeys (ConfUtils.java:logGet(46)) - raft.server.log.segment.cache.num.max = 2 (custom)
2022-11-03 05:23:12,682 [pool-72-thread-1] INFO  server.RaftServerConfigKeys (ConfUtils.java:logGet(46)) - raft.server.log.segment.cache.size.max = 200MB (=209715200) (default)
2022-11-03 05:23:12,682 [pool-72-thread-1] INFO  segmented.SegmentedRaftLogWorker (SegmentedRaftLogWorker.java:<init>(191)) - new aafd62d6-5d37-4c95-9ffb-fecfd05fefa6@group-DD4C95DED537-SegmentedRaftLogWorker for RaftStorageImpl:Storage Directory /home/runner/work/ozone/ozone/hadoop-ozone/integration-test/target/test-dir/MiniOzoneClusterImpl-a947a097-fc53-45d1-b902-fe1272537128/datanode-0/data/ratis/576f1efd-9238-484f-8802-dd4c95ded537
2022-11-03 05:23:12,682 [pool-72-thread-1] INFO  server.RaftServerConfigKeys (ConfUtils.java:logGet(46)) - raft.server.log.queue.byte-limit = 4294967296 (custom)
2022-11-03 05:23:12,682 [pool-72-thread-1] INFO  server.RaftServerConfigKeys (ConfUtils.java:logGet(46)) - raft.server.log.queue.element-limit = 1024 (custom)
2022-11-03 05:23:12,682 [pool-72-thread-1] INFO  server.RaftServerConfigKeys (ConfUtils.java:logGet(46)) - raft.server.log.segment.size.max = 1048576 (custom)
2022-11-03 05:23:12,682 [pool-72-thread-1] INFO  server.RaftServerConfigKeys (ConfUtils.java:logGet(46)) - raft.server.log.preallocated.size = 16384 (custom)
2022-11-03 05:23:12,682 [pool-72-thread-1] INFO  server.RaftServerConfigKeys (ConfUtils.java:logGet(46)) - raft.server.log.force.sync.num = 128 (default)
2022-11-03 05:23:12,682 [pool-72-thread-1] INFO  server.RaftServerConfigKeys (ConfUtils.java:logGet(46)) - raft.server.log.statemachine.data.sync = true (default)
2022-11-03 05:23:12,682 [pool-72-thread-1] INFO  server.RaftServerConfigKeys (ConfUtils.java:logGet(46)) - raft.server.log.statemachine.data.sync.timeout = 10s (default)
2022-11-03 05:23:12,683 [pool-72-thread-1] INFO  server.RaftServerConfigKeys (ConfUtils.java:logGet(46)) - raft.server.log.statemachine.data.sync.timeout.retry = -1 (default)
2022-11-03 05:23:12,683 [pool-118-thread-1] INFO  server.RaftServerConfigKeys (ConfUtils.java:logGet(46)) - raft.server.log.queue.byte-limit = 4294967296 (custom)
2022-11-03 05:23:12,683 [pool-118-thread-1] INFO  server.RaftServerConfigKeys (ConfUtils.java:logGet(46)) - raft.server.log.queue.element-limit = 1024 (custom)
2022-11-03 05:23:12,683 [pool-118-thread-1] INFO  server.RaftServerConfigKeys (ConfUtils.java:logGet(46)) - raft.server.log.segment.size.max = 1048576 (custom)
2022-11-03 05:23:12,683 [pool-118-thread-1] INFO  server.RaftServerConfigKeys (ConfUtils.java:logGet(46)) - raft.server.log.preallocated.size = 16384 (custom)
2022-11-03 05:23:12,683 [pool-118-thread-1] INFO  server.RaftServerConfigKeys (ConfUtils.java:logGet(46)) - raft.server.log.force.sync.num = 128 (default)
2022-11-03 05:23:12,683 [pool-118-thread-1] INFO  server.RaftServerConfigKeys (ConfUtils.java:logGet(46)) - raft.server.log.statemachine.data.sync = true (default)
2022-11-03 05:23:12,683 [pool-118-thread-1] INFO  server.RaftServerConfigKeys (ConfUtils.java:logGet(46)) - raft.server.log.statemachine.data.sync.timeout = 10s (default)
2022-11-03 05:23:12,683 [pool-118-thread-1] INFO  server.RaftServerConfigKeys (ConfUtils.java:logGet(46)) - raft.server.log.statemachine.data.sync.timeout.retry = -1 (default)
2022-11-03 05:23:12,684 [EventQueue-OpenPipelineForHealthyPipelineSafeModeRule] INFO  safemode.SCMSafeModeManager (HealthyPipelineSafeModeRule.java:process(137)) - SCM in safe mode. Healthy pipelines reported count is 0, required healthy pipeline reported count is 1
2022-11-03 05:23:12,684 [pool-72-thread-1] INFO  server.RaftServerConfigKeys (ConfUtils.java:logGet(46)) - raft.server.log.write.buffer.size = 1048576 (custom)
2022-11-03 05:23:12,684 [pool-72-thread-1] INFO  server.RaftServerConfigKeys (ConfUtils.java:logGet(46)) - raft.server.log.unsafe-flush.enabled = false (default)
2022-11-03 05:23:12,684 [pool-72-thread-1] INFO  server.RaftServerConfigKeys (ConfUtils.java:logGet(46)) - raft.server.log.async-flush.enabled = false (default)
2022-11-03 05:23:12,684 [pool-72-thread-1] INFO  server.RaftServerConfigKeys (ConfUtils.java:logGet(46)) - raft.server.log.statemachine.data.caching.enabled = true (custom)
2022-11-03 05:23:12,685 [pool-72-thread-1] INFO  segmented.SegmentedRaftLogWorker (SegmentedRaftLogWorker.java:lambda$new$0(136)) - aafd62d6-5d37-4c95-9ffb-fecfd05fefa6@group-DD4C95DED537-SegmentedRaftLogWorker: flushIndex: setUnconditionally 0 -> -1
2022-11-03 05:23:12,685 [pool-72-thread-1] INFO  segmented.SegmentedRaftLogWorker (SegmentedRaftLogWorker.java:lambda$new$0(136)) - aafd62d6-5d37-4c95-9ffb-fecfd05fefa6@group-DD4C95DED537-SegmentedRaftLogWorker: safeCacheEvictIndex: setUnconditionally 0 -> -1
2022-11-03 05:23:12,685 [pool-72-thread-1] INFO  server.RaftServer$Division (RaftServerImpl.java:start(334)) - aafd62d6-5d37-4c95-9ffb-fecfd05fefa6@group-DD4C95DED537: start as a follower, conf=-1: peers:[b788acd7-0bfa-48fd-ae0f-b822d5826f57|rpc:10.1.1.42:42793|priority:0|startupRole:FOLLOWER, aafd62d6-5d37-4c95-9ffb-fecfd05fefa6|rpc:10.1.1.42:39817|priority:1|startupRole:FOLLOWER, fca08327-10d6-4e50-9aa0-d18fc62323ab|rpc:10.1.1.42:46211|priority:0|startupRole:FOLLOWER]|listeners:[], old=null
2022-11-03 05:23:12,685 [pool-72-thread-1] INFO  server.RaftServer$Division (RaftServerImpl.java:setRole(321)) - aafd62d6-5d37-4c95-9ffb-fecfd05fefa6@group-DD4C95DED537: changes role from      null to FOLLOWER at term 0 for startAsFollower
2022-11-03 05:23:12,685 [pool-72-thread-1] INFO  impl.RoleInfo (RoleInfo.java:updateAndGet(139)) - aafd62d6-5d37-4c95-9ffb-fecfd05fefa6: start aafd62d6-5d37-4c95-9ffb-fecfd05fefa6@group-DD4C95DED537-FollowerState
2022-11-03 05:23:12,686 [pool-118-thread-1] INFO  server.RaftServerConfigKeys (ConfUtils.java:logGet(46)) - raft.server.log.write.buffer.size = 1048576 (custom)
2022-11-03 05:23:12,687 [pool-118-thread-1] INFO  server.RaftServerConfigKeys (ConfUtils.java:logGet(46)) - raft.server.log.unsafe-flush.enabled = false (default)
2022-11-03 05:23:12,687 [pool-118-thread-1] INFO  server.RaftServerConfigKeys (ConfUtils.java:logGet(46)) - raft.server.log.async-flush.enabled = false (default)
2022-11-03 05:23:12,687 [pool-118-thread-1] INFO  server.RaftServerConfigKeys (ConfUtils.java:logGet(46)) - raft.server.log.statemachine.data.caching.enabled = true (custom)
2022-11-03 05:23:12,687 [pool-118-thread-1] INFO  segmented.SegmentedRaftLogWorker (SegmentedRaftLogWorker.java:lambda$new$0(136)) - fca08327-10d6-4e50-9aa0-d18fc62323ab@group-7510FC58D10D-SegmentedRaftLogWorker: flushIndex: setUnconditionally 0 -> -1
2022-11-03 05:23:12,687 [pool-118-thread-1] INFO  segmented.SegmentedRaftLogWorker (SegmentedRaftLogWorker.java:lambda$new$0(136)) - fca08327-10d6-4e50-9aa0-d18fc62323ab@group-7510FC58D10D-SegmentedRaftLogWorker: safeCacheEvictIndex: setUnconditionally 0 -> -1
2022-11-03 05:23:12,688 [pool-72-thread-1] INFO  util.JmxRegister (JmxRegister.java:tryRegister(44)) - Successfully registered JMX Bean with object name Ratis:service=RaftServer,group=group-DD4C95DED537,id=aafd62d6-5d37-4c95-9ffb-fecfd05fefa6
2022-11-03 05:23:12,688 [pool-72-thread-1] INFO  server.RaftServerConfigKeys (ConfUtils.java:logGet(46)) - raft.server.snapshot.auto.trigger.enabled = true (custom)
2022-11-03 05:23:12,688 [pool-72-thread-1] INFO  server.RaftServerConfigKeys (ConfUtils.java:logGet(46)) - raft.server.snapshot.auto.trigger.threshold = 10000 (custom)
2022-11-03 05:23:12,688 [pool-72-thread-1] INFO  server.RaftServerConfigKeys (ConfUtils.java:logGet(46)) - raft.server.snapshot.retention.file.num = 5 (custom)
2022-11-03 05:23:12,688 [pool-72-thread-1] INFO  server.RaftServerConfigKeys (ConfUtils.java:logGet(46)) - raft.server.log.purge.upto.snapshot.index = false (default)
2022-11-03 05:23:12,688 [aafd62d6-5d37-4c95-9ffb-fecfd05fefa6@group-DD4C95DED537-FollowerState] INFO  server.RaftServerConfigKeys (ConfUtils.java:logFallback(53)) - raft.server.rpc.first-election.timeout.min = 5s (fallback to raft.server.rpc.timeout.min)
2022-11-03 05:23:12,689 [aafd62d6-5d37-4c95-9ffb-fecfd05fefa6@group-DD4C95DED537-FollowerState] INFO  server.RaftServerConfigKeys (ConfUtils.java:logFallback(53)) - raft.server.rpc.first-election.timeout.max = 5200ms (fallback to raft.server.rpc.timeout.max)
2022-11-03 05:23:12,697 [pool-118-thread-1] INFO  server.RaftServer$Division (RaftServerImpl.java:start(334)) - fca08327-10d6-4e50-9aa0-d18fc62323ab@group-7510FC58D10D: start as a follower, conf=-1: peers:[b788acd7-0bfa-48fd-ae0f-b822d5826f57|rpc:10.1.1.42:42793|dataStream:|priority:1|startupRole:FOLLOWER, aafd62d6-5d37-4c95-9ffb-fecfd05fefa6|rpc:10.1.1.42:39817|dataStream:|priority:0|startupRole:FOLLOWER, fca08327-10d6-4e50-9aa0-d18fc62323ab|rpc:10.1.1.42:46211|dataStream:|priority:0|startupRole:FOLLOWER]|listeners:[], old=null
2022-11-03 05:23:12,697 [pool-118-thread-1] INFO  server.RaftServer$Division (RaftServerImpl.java:setRole(321)) - fca08327-10d6-4e50-9aa0-d18fc62323ab@group-7510FC58D10D: changes role from      null to FOLLOWER at term 0 for startAsFollower
2022-11-03 05:23:12,697 [pool-118-thread-1] INFO  impl.RoleInfo (RoleInfo.java:updateAndGet(139)) - fca08327-10d6-4e50-9aa0-d18fc62323ab: start fca08327-10d6-4e50-9aa0-d18fc62323ab@group-7510FC58D10D-FollowerState
2022-11-03 05:23:12,700 [pool-118-thread-1] INFO  util.JmxRegister (JmxRegister.java:tryRegister(44)) - Successfully registered JMX Bean with object name Ratis:service=RaftServer,group=group-7510FC58D10D,id=fca08327-10d6-4e50-9aa0-d18fc62323ab
2022-11-03 05:23:12,700 [pool-118-thread-1] INFO  server.RaftServerConfigKeys (ConfUtils.java:logGet(46)) - raft.server.snapshot.auto.trigger.enabled = true (custom)
2022-11-03 05:23:12,700 [pool-118-thread-1] INFO  server.RaftServerConfigKeys (ConfUtils.java:logGet(46)) - raft.server.snapshot.auto.trigger.threshold = 10000 (custom)
2022-11-03 05:23:12,700 [pool-118-thread-1] INFO  server.RaftServerConfigKeys (ConfUtils.java:logGet(46)) - raft.server.snapshot.retention.file.num = 5 (custom)
2022-11-03 05:23:12,700 [pool-118-thread-1] INFO  server.RaftServerConfigKeys (ConfUtils.java:logGet(46)) - raft.server.log.purge.upto.snapshot.index = false (default)
2022-11-03 05:23:12,702 [fca08327-10d6-4e50-9aa0-d18fc62323ab@group-7510FC58D10D-FollowerState] INFO  server.RaftServerConfigKeys (ConfUtils.java:logFallback(53)) - raft.server.rpc.first-election.timeout.min = 5s (fallback to raft.server.rpc.timeout.min)
2022-11-03 05:23:12,708 [fca08327-10d6-4e50-9aa0-d18fc62323ab@group-7510FC58D10D-FollowerState] INFO  server.RaftServerConfigKeys (ConfUtils.java:logFallback(53)) - raft.server.rpc.first-election.timeout.max = 5200ms (fallback to raft.server.rpc.timeout.max)
2022-11-03 05:23:12,704 [Command processor thread] INFO  ratis.XceiverServerRatis (XceiverServerRatis.java:addGroup(765)) - Created group PipelineID=576f1efd-9238-484f-8802-dd4c95ded537
2022-11-03 05:23:12,723 [grpc-default-executor-0] INFO  server.RaftServer (RaftServerProxy.java:addNew(96)) - fca08327-10d6-4e50-9aa0-d18fc62323ab: addNew group-DD4C95DED537:[b788acd7-0bfa-48fd-ae0f-b822d5826f57|rpc:10.1.1.42:42793|dataStream:|priority:0|startupRole:FOLLOWER, aafd62d6-5d37-4c95-9ffb-fecfd05fefa6|rpc:10.1.1.42:39817|dataStream:|priority:1|startupRole:FOLLOWER, fca08327-10d6-4e50-9aa0-d18fc62323ab|rpc:10.1.1.42:46211|dataStream:|priority:0|startupRole:FOLLOWER] returns group-DD4C95DED537:java.util.concurrent.CompletableFuture@1bfe0440[Not completed]
2022-11-03 05:23:12,724 [pool-118-thread-1] INFO  server.RaftServer$Division (RaftServerImpl.java:<init>(195)) - fca08327-10d6-4e50-9aa0-d18fc62323ab: new RaftServerImpl for group-DD4C95DED537:[b788acd7-0bfa-48fd-ae0f-b822d5826f57|rpc:10.1.1.42:42793|dataStream:|priority:0|startupRole:FOLLOWER, aafd62d6-5d37-4c95-9ffb-fecfd05fefa6|rpc:10.1.1.42:39817|dataStream:|priority:1|startupRole:FOLLOWER, fca08327-10d6-4e50-9aa0-d18fc62323ab|rpc:10.1.1.42:46211|dataStream:|priority:0|startupRole:FOLLOWER] with ContainerStateMachine:uninitialized
2022-11-03 05:23:12,724 [pool-118-thread-1] INFO  server.RaftServerConfigKeys (ConfUtils.java:logGet(46)) - raft.server.rpc.timeout.min = 5s (custom)
2022-11-03 05:23:12,724 [pool-118-thread-1] INFO  server.RaftServerConfigKeys (ConfUtils.java:logGet(46)) - raft.server.rpc.timeout.max = 5200ms (custom)
2022-11-03 05:23:12,724 [pool-118-thread-1] INFO  server.RaftServerConfigKeys (ConfUtils.java:logGet(46)) - raft.server.rpc.sleep.time = 25ms (default)
2022-11-03 05:23:12,724 [pool-118-thread-1] INFO  server.RaftServerConfigKeys (ConfUtils.java:logGet(46)) - raft.server.rpc.slowness.timeout = 300s (custom)
2022-11-03 05:23:12,724 [pool-118-thread-1] INFO  server.RaftServerConfigKeys (ConfUtils.java:logGet(46)) - raft.server.leaderelection.leader.step-down.wait-time = 10s (default)
2022-11-03 05:23:12,726 [pool-118-thread-1] INFO  server.RaftServerConfigKeys (ConfUtils.java:logGet(46)) - raft.server.sleep.deviation.threshold = 300ms (default)
2022-11-03 05:23:12,726 [pool-118-thread-1] INFO  server.RaftServer$Division (ServerState.java:<init>(118)) - fca08327-10d6-4e50-9aa0-d18fc62323ab@group-DD4C95DED537: ConfigurationManager, init=-1: peers:[b788acd7-0bfa-48fd-ae0f-b822d5826f57|rpc:10.1.1.42:42793|dataStream:|priority:0|startupRole:FOLLOWER, aafd62d6-5d37-4c95-9ffb-fecfd05fefa6|rpc:10.1.1.42:39817|dataStream:|priority:1|startupRole:FOLLOWER, fca08327-10d6-4e50-9aa0-d18fc62323ab|rpc:10.1.1.42:46211|dataStream:|priority:0|startupRole:FOLLOWER]|listeners:[], old=null, confs=<EMPTY_MAP>
2022-11-03 05:23:12,726 [pool-118-thread-1] INFO  server.RaftServerConfigKeys (ConfUtils.java:logGet(46)) - raft.server.storage.dir = [/home/runner/work/ozone/ozone/hadoop-ozone/integration-test/target/test-dir/MiniOzoneClusterImpl-a947a097-fc53-45d1-b902-fe1272537128/datanode-2/data/ratis] (custom)
2022-11-03 05:23:12,726 [pool-118-thread-1] INFO  server.RaftServerConfigKeys (ConfUtils.java:logGet(46)) - raft.server.log.corruption.policy = EXCEPTION (default)
2022-11-03 05:23:12,726 [pool-118-thread-1] INFO  server.RaftServerConfigKeys (ConfUtils.java:logGet(46)) - raft.server.storage.free-space.min = 0MB (=0) (default)
2022-11-03 05:23:12,726 [pool-118-thread-1] INFO  server.RaftServerConfigKeys (ConfUtils.java:logGet(46)) - raft.server.notification.no-leader.timeout = 300s (custom)
2022-11-03 05:23:12,726 [pool-118-thread-1] INFO  server.RaftServerConfigKeys (ConfUtils.java:logGet(46)) - raft.server.retrycache.expirytime = 600000ms (custom)
2022-11-03 05:23:12,726 [pool-118-thread-1] INFO  server.RaftServerConfigKeys (ConfUtils.java:logGet(46)) - raft.server.retrycache.statistics.expirytime = 100μs (default)
2022-11-03 05:23:12,728 [pool-118-thread-1] INFO  server.RaftServerConfigKeys (ConfUtils.java:logGet(46)) - raft.server.log.appender.install.snapshot.enabled = false (custom)
2022-11-03 05:23:12,728 [pool-118-thread-1] INFO  server.RaftServerConfigKeys (ConfUtils.java:logGet(46)) - raft.server.threadpool.server.cached = true (default)
2022-11-03 05:23:12,728 [pool-118-thread-1] INFO  server.RaftServerConfigKeys (ConfUtils.java:logGet(46)) - raft.server.threadpool.server.size = 0 (default)
2022-11-03 05:23:12,728 [pool-118-thread-1] INFO  server.RaftServerConfigKeys (ConfUtils.java:logGet(46)) - raft.server.threadpool.client.cached = true (default)
2022-11-03 05:23:12,728 [pool-118-thread-1] INFO  server.RaftServerConfigKeys (ConfUtils.java:logGet(46)) - raft.server.threadpool.client.size = 0 (default)
2022-11-03 05:23:12,728 [pool-118-thread-1] INFO  storage.RaftStorageDirectory (RaftStorageDirectoryImpl.java:analyzeStorage(137)) - The storage directory /home/runner/work/ozone/ozone/hadoop-ozone/integration-test/target/test-dir/MiniOzoneClusterImpl-a947a097-fc53-45d1-b902-fe1272537128/datanode-2/data/ratis/576f1efd-9238-484f-8802-dd4c95ded537 does not exist. Creating ...
2022-11-03 05:23:12,729 [pool-118-thread-1] INFO  storage.RaftStorageDirectory (RaftStorageDirectoryImpl.java:tryLock(231)) - Lock on /home/runner/work/ozone/ozone/hadoop-ozone/integration-test/target/test-dir/MiniOzoneClusterImpl-a947a097-fc53-45d1-b902-fe1272537128/datanode-2/data/ratis/576f1efd-9238-484f-8802-dd4c95ded537/in_use.lock acquired by nodename 14756@fv-az119-847
2022-11-03 05:23:12,730 [pool-118-thread-1] INFO  storage.RaftStorage (RaftStorageImpl.java:format(96)) - Storage directory /home/runner/work/ozone/ozone/hadoop-ozone/integration-test/target/test-dir/MiniOzoneClusterImpl-a947a097-fc53-45d1-b902-fe1272537128/datanode-2/data/ratis/576f1efd-9238-484f-8802-dd4c95ded537 has been successfully formatted.
2022-11-03 05:23:12,731 [pool-118-thread-1] INFO  ratis.ContainerStateMachine (ContainerStateMachine.java:loadSnapshot(236)) - group-DD4C95DED537: The snapshot info is null. Setting the last applied indexto:(t:0, i:~)
2022-11-03 05:23:12,731 [pool-118-thread-1] INFO  server.RaftServerConfigKeys (ConfUtils.java:logGet(46)) - raft.server.log.use.memory = false (default)
2022-11-03 05:23:12,731 [pool-118-thread-1] INFO  server.RaftServerConfigKeys (ConfUtils.java:logGet(46)) - raft.server.log.purge.gap = 1000000 (custom)
2022-11-03 05:23:12,731 [pool-118-thread-1] INFO  server.RaftServerConfigKeys (ConfUtils.java:logGet(46)) - raft.server.log.appender.buffer.byte-limit = 33554432 (custom)
2022-11-03 05:23:12,731 [pool-118-thread-1] INFO  server.RaftServerConfigKeys (ConfUtils.java:logGet(46)) - raft.server.log.statemachine.data.read.timeout = 1000ms (default)
2022-11-03 05:23:12,731 [pool-118-thread-1] INFO  server.RaftServerConfigKeys (ConfUtils.java:logGet(46)) - raft.server.log.purge.preservation.log.num = 0 (default)
2022-11-03 05:23:12,732 [pool-118-thread-1] INFO  server.RaftServerConfigKeys (ConfUtils.java:logGet(46)) - raft.server.log.segment.size.max = 1048576 (custom)
2022-11-03 05:23:12,732 [pool-118-thread-1] INFO  server.RaftServerConfigKeys (ConfUtils.java:logGet(46)) - raft.server.log.segment.cache.num.max = 2 (custom)
2022-11-03 05:23:12,732 [pool-118-thread-1] INFO  server.RaftServerConfigKeys (ConfUtils.java:logGet(46)) - raft.server.log.segment.cache.size.max = 200MB (=209715200) (default)
2022-11-03 05:23:12,736 [pool-118-thread-1] INFO  segmented.SegmentedRaftLogWorker (SegmentedRaftLogWorker.java:<init>(191)) - new fca08327-10d6-4e50-9aa0-d18fc62323ab@group-DD4C95DED537-SegmentedRaftLogWorker for RaftStorageImpl:Storage Directory /home/runner/work/ozone/ozone/hadoop-ozone/integration-test/target/test-dir/MiniOzoneClusterImpl-a947a097-fc53-45d1-b902-fe1272537128/datanode-2/data/ratis/576f1efd-9238-484f-8802-dd4c95ded537
2022-11-03 05:23:12,737 [pool-118-thread-1] INFO  server.RaftServerConfigKeys (ConfUtils.java:logGet(46)) - raft.server.log.queue.byte-limit = 4294967296 (custom)
2022-11-03 05:23:12,737 [pool-118-thread-1] INFO  server.RaftServerConfigKeys (ConfUtils.java:logGet(46)) - raft.server.log.queue.element-limit = 1024 (custom)
2022-11-03 05:23:12,737 [pool-118-thread-1] INFO  server.RaftServerConfigKeys (ConfUtils.java:logGet(46)) - raft.server.log.segment.size.max = 1048576 (custom)
2022-11-03 05:23:12,737 [pool-118-thread-1] INFO  server.RaftServerConfigKeys (ConfUtils.java:logGet(46)) - raft.server.log.preallocated.size = 16384 (custom)
2022-11-03 05:23:12,737 [pool-118-thread-1] INFO  server.RaftServerConfigKeys (ConfUtils.java:logGet(46)) - raft.server.log.force.sync.num = 128 (default)
2022-11-03 05:23:12,738 [pool-118-thread-1] INFO  server.RaftServerConfigKeys (ConfUtils.java:logGet(46)) - raft.server.log.statemachine.data.sync = true (default)
2022-11-03 05:23:12,738 [pool-118-thread-1] INFO  server.RaftServerConfigKeys (ConfUtils.java:logGet(46)) - raft.server.log.statemachine.data.sync.timeout = 10s (default)
2022-11-03 05:23:12,738 [pool-118-thread-1] INFO  server.RaftServerConfigKeys (ConfUtils.java:logGet(46)) - raft.server.log.statemachine.data.sync.timeout.retry = -1 (default)
2022-11-03 05:23:12,741 [pool-118-thread-1] INFO  server.RaftServerConfigKeys (ConfUtils.java:logGet(46)) - raft.server.log.write.buffer.size = 1048576 (custom)
2022-11-03 05:23:12,743 [pool-118-thread-1] INFO  server.RaftServerConfigKeys (ConfUtils.java:logGet(46)) - raft.server.log.unsafe-flush.enabled = false (default)
2022-11-03 05:23:12,743 [pool-118-thread-1] INFO  server.RaftServerConfigKeys (ConfUtils.java:logGet(46)) - raft.server.log.async-flush.enabled = false (default)
2022-11-03 05:23:12,743 [pool-118-thread-1] INFO  server.RaftServerConfigKeys (ConfUtils.java:logGet(46)) - raft.server.log.statemachine.data.caching.enabled = true (custom)
2022-11-03 05:23:12,743 [pool-118-thread-1] INFO  segmented.SegmentedRaftLogWorker (SegmentedRaftLogWorker.java:lambda$new$0(136)) - fca08327-10d6-4e50-9aa0-d18fc62323ab@group-DD4C95DED537-SegmentedRaftLogWorker: flushIndex: setUnconditionally 0 -> -1
2022-11-03 05:23:12,743 [pool-118-thread-1] INFO  segmented.SegmentedRaftLogWorker (SegmentedRaftLogWorker.java:lambda$new$0(136)) - fca08327-10d6-4e50-9aa0-d18fc62323ab@group-DD4C95DED537-SegmentedRaftLogWorker: safeCacheEvictIndex: setUnconditionally 0 -> -1
2022-11-03 05:23:12,754 [pool-118-thread-1] INFO  server.RaftServer$Division (RaftServerImpl.java:start(334)) - fca08327-10d6-4e50-9aa0-d18fc62323ab@group-DD4C95DED537: start as a follower, conf=-1: peers:[b788acd7-0bfa-48fd-ae0f-b822d5826f57|rpc:10.1.1.42:42793|dataStream:|priority:0|startupRole:FOLLOWER, aafd62d6-5d37-4c95-9ffb-fecfd05fefa6|rpc:10.1.1.42:39817|dataStream:|priority:1|startupRole:FOLLOWER, fca08327-10d6-4e50-9aa0-d18fc62323ab|rpc:10.1.1.42:46211|dataStream:|priority:0|startupRole:FOLLOWER]|listeners:[], old=null
2022-11-03 05:23:12,755 [pool-118-thread-1] INFO  server.RaftServer$Division (RaftServerImpl.java:setRole(321)) - fca08327-10d6-4e50-9aa0-d18fc62323ab@group-DD4C95DED537: changes role from      null to FOLLOWER at term 0 for startAsFollower
2022-11-03 05:23:12,755 [pool-118-thread-1] INFO  impl.RoleInfo (RoleInfo.java:updateAndGet(139)) - fca08327-10d6-4e50-9aa0-d18fc62323ab: start fca08327-10d6-4e50-9aa0-d18fc62323ab@group-DD4C95DED537-FollowerState
2022-11-03 05:23:12,759 [Command processor thread] INFO  server.RaftServer (RaftServerProxy.java:addNew(96)) - fca08327-10d6-4e50-9aa0-d18fc62323ab: addNew group-ECD5D5B9374B:[fca08327-10d6-4e50-9aa0-d18fc62323ab|rpc:10.1.1.42:46211|priority:1|startupRole:FOLLOWER] returns group-ECD5D5B9374B:java.util.concurrent.CompletableFuture@3730537a[Not completed]
2022-11-03 05:23:12,759 [pool-118-thread-1] INFO  util.JmxRegister (JmxRegister.java:tryRegister(44)) - Successfully registered JMX Bean with object name Ratis:service=RaftServer,group=group-DD4C95DED537,id=fca08327-10d6-4e50-9aa0-d18fc62323ab
2022-11-03 05:23:12,761 [pool-118-thread-1] INFO  server.RaftServerConfigKeys (ConfUtils.java:logGet(46)) - raft.server.snapshot.auto.trigger.enabled = true (custom)
2022-11-03 05:23:12,761 [pool-118-thread-1] INFO  server.RaftServerConfigKeys (ConfUtils.java:logGet(46)) - raft.server.snapshot.auto.trigger.threshold = 10000 (custom)
2022-11-03 05:23:12,761 [pool-118-thread-1] INFO  server.RaftServerConfigKeys (ConfUtils.java:logGet(46)) - raft.server.snapshot.retention.file.num = 5 (custom)
2022-11-03 05:23:12,761 [pool-118-thread-1] INFO  server.RaftServerConfigKeys (ConfUtils.java:logGet(46)) - raft.server.log.purge.upto.snapshot.index = false (default)
2022-11-03 05:23:12,762 [fca08327-10d6-4e50-9aa0-d18fc62323ab@group-DD4C95DED537-FollowerState] INFO  server.RaftServerConfigKeys (ConfUtils.java:logFallback(53)) - raft.server.rpc.first-election.timeout.min = 5s (fallback to raft.server.rpc.timeout.min)
2022-11-03 05:23:12,762 [fca08327-10d6-4e50-9aa0-d18fc62323ab@group-DD4C95DED537-FollowerState] INFO  server.RaftServerConfigKeys (ConfUtils.java:logFallback(53)) - raft.server.rpc.first-election.timeout.max = 5200ms (fallback to raft.server.rpc.timeout.max)
2022-11-03 05:23:12,765 [Command processor thread] INFO  commandhandler.CreatePipelineCommandHandler (CreatePipelineCommandHandler.java:handle(113)) - Created Pipeline RATIS THREE PipelineID=f705f685-74fc-420a-8c30-7510fc58d10d.
2022-11-03 05:23:12,765 [Command processor thread] INFO  server.RaftServer (RaftServerProxy.java:addNew(96)) - b788acd7-0bfa-48fd-ae0f-b822d5826f57: addNew group-DD4C95DED537:[b788acd7-0bfa-48fd-ae0f-b822d5826f57|rpc:10.1.1.42:42793|priority:0|startupRole:FOLLOWER, aafd62d6-5d37-4c95-9ffb-fecfd05fefa6|rpc:10.1.1.42:39817|priority:1|startupRole:FOLLOWER, fca08327-10d6-4e50-9aa0-d18fc62323ab|rpc:10.1.1.42:46211|priority:0|startupRole:FOLLOWER] returns group-DD4C95DED537:java.util.concurrent.CompletableFuture@3bf6c97f[Not completed]
2022-11-03 05:23:12,769 [pool-95-thread-1] INFO  server.RaftServer$Division (RaftServerImpl.java:<init>(195)) - b788acd7-0bfa-48fd-ae0f-b822d5826f57: new RaftServerImpl for group-DD4C95DED537:[b788acd7-0bfa-48fd-ae0f-b822d5826f57|rpc:10.1.1.42:42793|priority:0|startupRole:FOLLOWER, aafd62d6-5d37-4c95-9ffb-fecfd05fefa6|rpc:10.1.1.42:39817|priority:1|startupRole:FOLLOWER, fca08327-10d6-4e50-9aa0-d18fc62323ab|rpc:10.1.1.42:46211|priority:0|startupRole:FOLLOWER] with ContainerStateMachine:uninitialized
2022-11-03 05:23:12,769 [pool-95-thread-1] INFO  server.RaftServerConfigKeys (ConfUtils.java:logGet(46)) - raft.server.rpc.timeout.min = 5s (custom)
2022-11-03 05:23:12,769 [pool-95-thread-1] INFO  server.RaftServerConfigKeys (ConfUtils.java:logGet(46)) - raft.server.rpc.timeout.max = 5200ms (custom)
2022-11-03 05:23:12,769 [pool-95-thread-1] INFO  server.RaftServerConfigKeys (ConfUtils.java:logGet(46)) - raft.server.rpc.sleep.time = 25ms (default)
2022-11-03 05:23:12,769 [pool-95-thread-1] INFO  server.RaftServerConfigKeys (ConfUtils.java:logGet(46)) - raft.server.rpc.slowness.timeout = 300s (custom)
2022-11-03 05:23:12,769 [pool-95-thread-1] INFO  server.RaftServerConfigKeys (ConfUtils.java:logGet(46)) - raft.server.leaderelection.leader.step-down.wait-time = 10s (default)
2022-11-03 05:23:12,769 [pool-95-thread-1] INFO  server.RaftServerConfigKeys (ConfUtils.java:logGet(46)) - raft.server.sleep.deviation.threshold = 300ms (default)
2022-11-03 05:23:12,769 [pool-95-thread-1] INFO  server.RaftServer$Division (ServerState.java:<init>(118)) - b788acd7-0bfa-48fd-ae0f-b822d5826f57@group-DD4C95DED537: ConfigurationManager, init=-1: peers:[b788acd7-0bfa-48fd-ae0f-b822d5826f57|rpc:10.1.1.42:42793|priority:0|startupRole:FOLLOWER, aafd62d6-5d37-4c95-9ffb-fecfd05fefa6|rpc:10.1.1.42:39817|priority:1|startupRole:FOLLOWER, fca08327-10d6-4e50-9aa0-d18fc62323ab|rpc:10.1.1.42:46211|priority:0|startupRole:FOLLOWER]|listeners:[], old=null, confs=<EMPTY_MAP>
2022-11-03 05:23:12,769 [pool-95-thread-1] INFO  server.RaftServerConfigKeys (ConfUtils.java:logGet(46)) - raft.server.storage.dir = [/home/runner/work/ozone/ozone/hadoop-ozone/integration-test/target/test-dir/MiniOzoneClusterImpl-a947a097-fc53-45d1-b902-fe1272537128/datanode-1/data/ratis] (custom)
2022-11-03 05:23:12,769 [pool-95-thread-1] INFO  server.RaftServerConfigKeys (ConfUtils.java:logGet(46)) - raft.server.log.corruption.policy = EXCEPTION (default)
2022-11-03 05:23:12,769 [pool-95-thread-1] INFO  server.RaftServerConfigKeys (ConfUtils.java:logGet(46)) - raft.server.storage.free-space.min = 0MB (=0) (default)
2022-11-03 05:23:12,769 [pool-95-thread-1] INFO  server.RaftServerConfigKeys (ConfUtils.java:logGet(46)) - raft.server.notification.no-leader.timeout = 300s (custom)
2022-11-03 05:23:12,769 [pool-95-thread-1] INFO  server.RaftServerConfigKeys (ConfUtils.java:logGet(46)) - raft.server.retrycache.expirytime = 600000ms (custom)
2022-11-03 05:23:12,769 [pool-95-thread-1] INFO  server.RaftServerConfigKeys (ConfUtils.java:logGet(46)) - raft.server.retrycache.statistics.expirytime = 100μs (default)
2022-11-03 05:23:12,770 [pool-118-thread-1] INFO  server.RaftServer$Division (RaftServerImpl.java:<init>(195)) - fca08327-10d6-4e50-9aa0-d18fc62323ab: new RaftServerImpl for group-ECD5D5B9374B:[fca08327-10d6-4e50-9aa0-d18fc62323ab|rpc:10.1.1.42:46211|priority:1|startupRole:FOLLOWER] with ContainerStateMachine:uninitialized
2022-11-03 05:23:12,771 [pool-118-thread-1] INFO  server.RaftServerConfigKeys (ConfUtils.java:logGet(46)) - raft.server.rpc.timeout.min = 5s (custom)
2022-11-03 05:23:12,771 [pool-118-thread-1] INFO  server.RaftServerConfigKeys (ConfUtils.java:logGet(46)) - raft.server.rpc.timeout.max = 5200ms (custom)
2022-11-03 05:23:12,771 [pool-118-thread-1] INFO  server.RaftServerConfigKeys (ConfUtils.java:logGet(46)) - raft.server.rpc.sleep.time = 25ms (default)
2022-11-03 05:23:12,771 [pool-118-thread-1] INFO  server.RaftServerConfigKeys (ConfUtils.java:logGet(46)) - raft.server.rpc.slowness.timeout = 300s (custom)
2022-11-03 05:23:12,771 [pool-118-thread-1] INFO  server.RaftServerConfigKeys (ConfUtils.java:logGet(46)) - raft.server.leaderelection.leader.step-down.wait-time = 10s (default)
2022-11-03 05:23:12,771 [pool-118-thread-1] INFO  server.RaftServerConfigKeys (ConfUtils.java:logGet(46)) - raft.server.sleep.deviation.threshold = 300ms (default)
2022-11-03 05:23:12,771 [pool-118-thread-1] INFO  server.RaftServer$Division (ServerState.java:<init>(118)) - fca08327-10d6-4e50-9aa0-d18fc62323ab@group-ECD5D5B9374B: ConfigurationManager, init=-1: peers:[fca08327-10d6-4e50-9aa0-d18fc62323ab|rpc:10.1.1.42:46211|priority:1|startupRole:FOLLOWER]|listeners:[], old=null, confs=<EMPTY_MAP>
2022-11-03 05:23:12,771 [pool-118-thread-1] INFO  server.RaftServerConfigKeys (ConfUtils.java:logGet(46)) - raft.server.storage.dir = [/home/runner/work/ozone/ozone/hadoop-ozone/integration-test/target/test-dir/MiniOzoneClusterImpl-a947a097-fc53-45d1-b902-fe1272537128/datanode-2/data/ratis] (custom)
2022-11-03 05:23:12,771 [pool-118-thread-1] INFO  server.RaftServerConfigKeys (ConfUtils.java:logGet(46)) - raft.server.log.corruption.policy = EXCEPTION (default)
2022-11-03 05:23:12,771 [pool-118-thread-1] INFO  server.RaftServerConfigKeys (ConfUtils.java:logGet(46)) - raft.server.storage.free-space.min = 0MB (=0) (default)
2022-11-03 05:23:12,771 [pool-118-thread-1] INFO  server.RaftServerConfigKeys (ConfUtils.java:logGet(46)) - raft.server.notification.no-leader.timeout = 300s (custom)
2022-11-03 05:23:12,771 [pool-118-thread-1] INFO  server.RaftServerConfigKeys (ConfUtils.java:logGet(46)) - raft.server.retrycache.expirytime = 600000ms (custom)
2022-11-03 05:23:12,771 [pool-118-thread-1] INFO  server.RaftServerConfigKeys (ConfUtils.java:logGet(46)) - raft.server.retrycache.statistics.expirytime = 100μs (default)
2022-11-03 05:23:12,773 [pool-118-thread-1] INFO  server.RaftServerConfigKeys (ConfUtils.java:logGet(46)) - raft.server.log.appender.install.snapshot.enabled = false (custom)
2022-11-03 05:23:12,773 [pool-118-thread-1] INFO  server.RaftServerConfigKeys (ConfUtils.java:logGet(46)) - raft.server.threadpool.server.cached = true (default)
2022-11-03 05:23:12,773 [pool-118-thread-1] INFO  server.RaftServerConfigKeys (ConfUtils.java:logGet(46)) - raft.server.threadpool.server.size = 0 (default)
2022-11-03 05:23:12,773 [pool-118-thread-1] INFO  server.RaftServerConfigKeys (ConfUtils.java:logGet(46)) - raft.server.threadpool.client.cached = true (default)
2022-11-03 05:23:12,773 [pool-118-thread-1] INFO  server.RaftServerConfigKeys (ConfUtils.java:logGet(46)) - raft.server.threadpool.client.size = 0 (default)
2022-11-03 05:23:12,773 [pool-118-thread-1] INFO  storage.RaftStorageDirectory (RaftStorageDirectoryImpl.java:analyzeStorage(137)) - The storage directory /home/runner/work/ozone/ozone/hadoop-ozone/integration-test/target/test-dir/MiniOzoneClusterImpl-a947a097-fc53-45d1-b902-fe1272537128/datanode-2/data/ratis/59908093-d1d8-4662-80cd-ecd5d5b9374b does not exist. Creating ...
2022-11-03 05:23:12,774 [pool-118-thread-1] INFO  storage.RaftStorageDirectory (RaftStorageDirectoryImpl.java:tryLock(231)) - Lock on /home/runner/work/ozone/ozone/hadoop-ozone/integration-test/target/test-dir/MiniOzoneClusterImpl-a947a097-fc53-45d1-b902-fe1272537128/datanode-2/data/ratis/59908093-d1d8-4662-80cd-ecd5d5b9374b/in_use.lock acquired by nodename 14756@fv-az119-847
2022-11-03 05:23:12,774 [pool-95-thread-1] INFO  server.RaftServerConfigKeys (ConfUtils.java:logGet(46)) - raft.server.log.appender.install.snapshot.enabled = false (custom)
2022-11-03 05:23:12,774 [pool-95-thread-1] INFO  server.RaftServerConfigKeys (ConfUtils.java:logGet(46)) - raft.server.threadpool.server.cached = true (default)
2022-11-03 05:23:12,774 [pool-95-thread-1] INFO  server.RaftServerConfigKeys (ConfUtils.java:logGet(46)) - raft.server.threadpool.server.size = 0 (default)
2022-11-03 05:23:12,774 [pool-95-thread-1] INFO  server.RaftServerConfigKeys (ConfUtils.java:logGet(46)) - raft.server.threadpool.client.cached = true (default)
2022-11-03 05:23:12,774 [pool-95-thread-1] INFO  server.RaftServerConfigKeys (ConfUtils.java:logGet(46)) - raft.server.threadpool.client.size = 0 (default)
2022-11-03 05:23:12,774 [pool-95-thread-1] INFO  storage.RaftStorageDirectory (RaftStorageDirectoryImpl.java:analyzeStorage(137)) - The storage directory /home/runner/work/ozone/ozone/hadoop-ozone/integration-test/target/test-dir/MiniOzoneClusterImpl-a947a097-fc53-45d1-b902-fe1272537128/datanode-1/data/ratis/576f1efd-9238-484f-8802-dd4c95ded537 does not exist. Creating ...
2022-11-03 05:23:12,774 [pool-118-thread-1] INFO  storage.RaftStorage (RaftStorageImpl.java:format(96)) - Storage directory /home/runner/work/ozone/ozone/hadoop-ozone/integration-test/target/test-dir/MiniOzoneClusterImpl-a947a097-fc53-45d1-b902-fe1272537128/datanode-2/data/ratis/59908093-d1d8-4662-80cd-ecd5d5b9374b has been successfully formatted.
2022-11-03 05:23:12,776 [pool-118-thread-1] INFO  ratis.ContainerStateMachine (ContainerStateMachine.java:loadSnapshot(236)) - group-ECD5D5B9374B: The snapshot info is null. Setting the last applied indexto:(t:0, i:~)
2022-11-03 05:23:12,777 [pool-118-thread-1] INFO  server.RaftServerConfigKeys (ConfUtils.java:logGet(46)) - raft.server.log.use.memory = false (default)
2022-11-03 05:23:12,777 [pool-118-thread-1] INFO  server.RaftServerConfigKeys (ConfUtils.java:logGet(46)) - raft.server.log.purge.gap = 1000000 (custom)
2022-11-03 05:23:12,777 [pool-118-thread-1] INFO  server.RaftServerConfigKeys (ConfUtils.java:logGet(46)) - raft.server.log.appender.buffer.byte-limit = 33554432 (custom)
2022-11-03 05:23:12,777 [pool-118-thread-1] INFO  server.RaftServerConfigKeys (ConfUtils.java:logGet(46)) - raft.server.log.statemachine.data.read.timeout = 1000ms (default)
2022-11-03 05:23:12,777 [pool-118-thread-1] INFO  server.RaftServerConfigKeys (ConfUtils.java:logGet(46)) - raft.server.log.purge.preservation.log.num = 0 (default)
2022-11-03 05:23:12,777 [pool-95-thread-1] INFO  storage.RaftStorageDirectory (RaftStorageDirectoryImpl.java:tryLock(231)) - Lock on /home/runner/work/ozone/ozone/hadoop-ozone/integration-test/target/test-dir/MiniOzoneClusterImpl-a947a097-fc53-45d1-b902-fe1272537128/datanode-1/data/ratis/576f1efd-9238-484f-8802-dd4c95ded537/in_use.lock acquired by nodename 14756@fv-az119-847
2022-11-03 05:23:12,778 [EventQueue-PipelineReportForPipelineReportHandler] INFO  pipeline.PipelineManagerImpl (PipelineManagerImpl.java:openPipeline(367)) - Pipeline Pipeline[ Id: 59908093-d1d8-4662-80cd-ecd5d5b9374b, Nodes: fca08327-10d6-4e50-9aa0-d18fc62323ab{ip: 10.1.1.42, host: fv-az119-847.ca0t41jjrjaujd4nublazzptxb.cx.internal.cloudapp.net, ports: [REPLICATION=38181, RATIS=46211, RATIS_ADMIN=46211, RATIS_SERVER=46211, STANDALONE=40939], networkLocation: /default-rack, certSerialId: null, persistedOpState: IN_SERVICE, persistedOpStateExpiryEpochSec: 0}, ReplicationConfig: RATIS/ONE, State:ALLOCATED, leaderId:fca08327-10d6-4e50-9aa0-d18fc62323ab, CreationTimestamp2022-11-03T05:23:09.762Z[Etc/UTC]] moved to OPEN state
2022-11-03 05:23:12,780 [EventQueue-OpenPipelineForHealthyPipelineSafeModeRule] INFO  safemode.SCMSafeModeManager (HealthyPipelineSafeModeRule.java:process(137)) - SCM in safe mode. Healthy pipelines reported count is 0, required healthy pipeline reported count is 1
2022-11-03 05:23:12,782 [pool-95-thread-1] INFO  storage.RaftStorage (RaftStorageImpl.java:format(96)) - Storage directory /home/runner/work/ozone/ozone/hadoop-ozone/integration-test/target/test-dir/MiniOzoneClusterImpl-a947a097-fc53-45d1-b902-fe1272537128/datanode-1/data/ratis/576f1efd-9238-484f-8802-dd4c95ded537 has been successfully formatted.
2022-11-03 05:23:12,786 [pool-95-thread-1] INFO  ratis.ContainerStateMachine (ContainerStateMachine.java:loadSnapshot(236)) - group-DD4C95DED537: The snapshot info is null. Setting the last applied indexto:(t:0, i:~)
2022-11-03 05:23:12,786 [pool-95-thread-1] INFO  server.RaftServerConfigKeys (ConfUtils.java:logGet(46)) - raft.server.log.use.memory = false (default)
2022-11-03 05:23:12,786 [pool-95-thread-1] INFO  server.RaftServerConfigKeys (ConfUtils.java:logGet(46)) - raft.server.log.purge.gap = 1000000 (custom)
2022-11-03 05:23:12,786 [pool-95-thread-1] INFO  server.RaftServerConfigKeys (ConfUtils.java:logGet(46)) - raft.server.log.appender.buffer.byte-limit = 33554432 (custom)
2022-11-03 05:23:12,786 [pool-95-thread-1] INFO  server.RaftServerConfigKeys (ConfUtils.java:logGet(46)) - raft.server.log.statemachine.data.read.timeout = 1000ms (default)
2022-11-03 05:23:12,786 [pool-95-thread-1] INFO  server.RaftServerConfigKeys (ConfUtils.java:logGet(46)) - raft.server.log.purge.preservation.log.num = 0 (default)
2022-11-03 05:23:12,787 [pool-95-thread-1] INFO  server.RaftServerConfigKeys (ConfUtils.java:logGet(46)) - raft.server.log.segment.size.max = 1048576 (custom)
2022-11-03 05:23:12,778 [pool-118-thread-1] INFO  server.RaftServerConfigKeys (ConfUtils.java:logGet(46)) - raft.server.log.segment.size.max = 1048576 (custom)
2022-11-03 05:23:12,788 [EventQueue-OpenPipelineForHealthyPipelineSafeModeRule] INFO  safemode.SCMSafeModeManager (HealthyPipelineSafeModeRule.java:process(137)) - SCM in safe mode. Healthy pipelines reported count is 0, required healthy pipeline reported count is 1
2022-11-03 05:23:12,789 [pool-95-thread-1] INFO  server.RaftServerConfigKeys (ConfUtils.java:logGet(46)) - raft.server.log.segment.cache.num.max = 2 (custom)
2022-11-03 05:23:12,789 [pool-95-thread-1] INFO  server.RaftServerConfigKeys (ConfUtils.java:logGet(46)) - raft.server.log.segment.cache.size.max = 200MB (=209715200) (default)
2022-11-03 05:23:12,789 [pool-95-thread-1] INFO  segmented.SegmentedRaftLogWorker (SegmentedRaftLogWorker.java:<init>(191)) - new b788acd7-0bfa-48fd-ae0f-b822d5826f57@group-DD4C95DED537-SegmentedRaftLogWorker for RaftStorageImpl:Storage Directory /home/runner/work/ozone/ozone/hadoop-ozone/integration-test/target/test-dir/MiniOzoneClusterImpl-a947a097-fc53-45d1-b902-fe1272537128/datanode-1/data/ratis/576f1efd-9238-484f-8802-dd4c95ded537
2022-11-03 05:23:12,789 [pool-95-thread-1] INFO  server.RaftServerConfigKeys (ConfUtils.java:logGet(46)) - raft.server.log.queue.byte-limit = 4294967296 (custom)
2022-11-03 05:23:12,789 [pool-95-thread-1] INFO  server.RaftServerConfigKeys (ConfUtils.java:logGet(46)) - raft.server.log.queue.element-limit = 1024 (custom)
2022-11-03 05:23:12,789 [pool-95-thread-1] INFO  server.RaftServerConfigKeys (ConfUtils.java:logGet(46)) - raft.server.log.segment.size.max = 1048576 (custom)
2022-11-03 05:23:12,789 [pool-95-thread-1] INFO  server.RaftServerConfigKeys (ConfUtils.java:logGet(46)) - raft.server.log.preallocated.size = 16384 (custom)
2022-11-03 05:23:12,789 [pool-95-thread-1] INFO  server.RaftServerConfigKeys (ConfUtils.java:logGet(46)) - raft.server.log.force.sync.num = 128 (default)
2022-11-03 05:23:12,789 [pool-95-thread-1] INFO  server.RaftServerConfigKeys (ConfUtils.java:logGet(46)) - raft.server.log.statemachine.data.sync = true (default)
2022-11-03 05:23:12,789 [pool-95-thread-1] INFO  server.RaftServerConfigKeys (ConfUtils.java:logGet(46)) - raft.server.log.statemachine.data.sync.timeout = 10s (default)
2022-11-03 05:23:12,790 [pool-95-thread-1] INFO  server.RaftServerConfigKeys (ConfUtils.java:logGet(46)) - raft.server.log.statemachine.data.sync.timeout.retry = -1 (default)
2022-11-03 05:23:12,790 [pool-118-thread-1] INFO  server.RaftServerConfigKeys (ConfUtils.java:logGet(46)) - raft.server.log.segment.cache.num.max = 2 (custom)
2022-11-03 05:23:12,790 [pool-118-thread-1] INFO  server.RaftServerConfigKeys (ConfUtils.java:logGet(46)) - raft.server.log.segment.cache.size.max = 200MB (=209715200) (default)
2022-11-03 05:23:12,790 [pool-118-thread-1] INFO  segmented.SegmentedRaftLogWorker (SegmentedRaftLogWorker.java:<init>(191)) - new fca08327-10d6-4e50-9aa0-d18fc62323ab@group-ECD5D5B9374B-SegmentedRaftLogWorker for RaftStorageImpl:Storage Directory /home/runner/work/ozone/ozone/hadoop-ozone/integration-test/target/test-dir/MiniOzoneClusterImpl-a947a097-fc53-45d1-b902-fe1272537128/datanode-2/data/ratis/59908093-d1d8-4662-80cd-ecd5d5b9374b
2022-11-03 05:23:12,791 [pool-118-thread-1] INFO  server.RaftServerConfigKeys (ConfUtils.java:logGet(46)) - raft.server.log.queue.byte-limit = 4294967296 (custom)
2022-11-03 05:23:12,791 [pool-118-thread-1] INFO  server.RaftServerConfigKeys (ConfUtils.java:logGet(46)) - raft.server.log.queue.element-limit = 1024 (custom)
2022-11-03 05:23:12,791 [pool-118-thread-1] INFO  server.RaftServerConfigKeys (ConfUtils.java:logGet(46)) - raft.server.log.segment.size.max = 1048576 (custom)
2022-11-03 05:23:12,792 [pool-118-thread-1] INFO  server.RaftServerConfigKeys (ConfUtils.java:logGet(46)) - raft.server.log.preallocated.size = 16384 (custom)
2022-11-03 05:23:12,792 [pool-118-thread-1] INFO  server.RaftServerConfigKeys (ConfUtils.java:logGet(46)) - raft.server.log.force.sync.num = 128 (default)
2022-11-03 05:23:12,792 [pool-118-thread-1] INFO  server.RaftServerConfigKeys (ConfUtils.java:logGet(46)) - raft.server.log.statemachine.data.sync = true (default)
2022-11-03 05:23:12,792 [pool-118-thread-1] INFO  server.RaftServerConfigKeys (ConfUtils.java:logGet(46)) - raft.server.log.statemachine.data.sync.timeout = 10s (default)
2022-11-03 05:23:12,792 [pool-118-thread-1] INFO  server.RaftServerConfigKeys (ConfUtils.java:logGet(46)) - raft.server.log.statemachine.data.sync.timeout.retry = -1 (default)
2022-11-03 05:23:12,792 [pool-95-thread-1] INFO  server.RaftServerConfigKeys (ConfUtils.java:logGet(46)) - raft.server.log.write.buffer.size = 1048576 (custom)
2022-11-03 05:23:12,793 [pool-118-thread-1] INFO  server.RaftServerConfigKeys (ConfUtils.java:logGet(46)) - raft.server.log.write.buffer.size = 1048576 (custom)
2022-11-03 05:23:12,794 [pool-95-thread-1] INFO  server.RaftServerConfigKeys (ConfUtils.java:logGet(46)) - raft.server.log.unsafe-flush.enabled = false (default)
2022-11-03 05:23:12,794 [pool-95-thread-1] INFO  server.RaftServerConfigKeys (ConfUtils.java:logGet(46)) - raft.server.log.async-flush.enabled = false (default)
2022-11-03 05:23:12,794 [pool-95-thread-1] INFO  server.RaftServerConfigKeys (ConfUtils.java:logGet(46)) - raft.server.log.statemachine.data.caching.enabled = true (custom)
2022-11-03 05:23:12,794 [pool-95-thread-1] INFO  segmented.SegmentedRaftLogWorker (SegmentedRaftLogWorker.java:lambda$new$0(136)) - b788acd7-0bfa-48fd-ae0f-b822d5826f57@group-DD4C95DED537-SegmentedRaftLogWorker: flushIndex: setUnconditionally 0 -> -1
2022-11-03 05:23:12,794 [pool-95-thread-1] INFO  segmented.SegmentedRaftLogWorker (SegmentedRaftLogWorker.java:lambda$new$0(136)) - b788acd7-0bfa-48fd-ae0f-b822d5826f57@group-DD4C95DED537-SegmentedRaftLogWorker: safeCacheEvictIndex: setUnconditionally 0 -> -1
2022-11-03 05:23:12,794 [pool-118-thread-1] INFO  server.RaftServerConfigKeys (ConfUtils.java:logGet(46)) - raft.server.log.unsafe-flush.enabled = false (default)
2022-11-03 05:23:12,795 [pool-118-thread-1] INFO  server.RaftServerConfigKeys (ConfUtils.java:logGet(46)) - raft.server.log.async-flush.enabled = false (default)
2022-11-03 05:23:12,795 [pool-118-thread-1] INFO  server.RaftServerConfigKeys (ConfUtils.java:logGet(46)) - raft.server.log.statemachine.data.caching.enabled = true (custom)
2022-11-03 05:23:12,795 [pool-118-thread-1] INFO  segmented.SegmentedRaftLogWorker (SegmentedRaftLogWorker.java:lambda$new$0(136)) - fca08327-10d6-4e50-9aa0-d18fc62323ab@group-ECD5D5B9374B-SegmentedRaftLogWorker: flushIndex: setUnconditionally 0 -> -1
2022-11-03 05:23:12,795 [pool-118-thread-1] INFO  segmented.SegmentedRaftLogWorker (SegmentedRaftLogWorker.java:lambda$new$0(136)) - fca08327-10d6-4e50-9aa0-d18fc62323ab@group-ECD5D5B9374B-SegmentedRaftLogWorker: safeCacheEvictIndex: setUnconditionally 0 -> -1
2022-11-03 05:23:12,795 [pool-95-thread-1] INFO  server.RaftServer$Division (RaftServerImpl.java:start(334)) - b788acd7-0bfa-48fd-ae0f-b822d5826f57@group-DD4C95DED537: start as a follower, conf=-1: peers:[b788acd7-0bfa-48fd-ae0f-b822d5826f57|rpc:10.1.1.42:42793|priority:0|startupRole:FOLLOWER, aafd62d6-5d37-4c95-9ffb-fecfd05fefa6|rpc:10.1.1.42:39817|priority:1|startupRole:FOLLOWER, fca08327-10d6-4e50-9aa0-d18fc62323ab|rpc:10.1.1.42:46211|priority:0|startupRole:FOLLOWER]|listeners:[], old=null
2022-11-03 05:23:12,795 [pool-95-thread-1] INFO  server.RaftServer$Division (RaftServerImpl.java:setRole(321)) - b788acd7-0bfa-48fd-ae0f-b822d5826f57@group-DD4C95DED537: changes role from      null to FOLLOWER at term 0 for startAsFollower
2022-11-03 05:23:12,795 [pool-95-thread-1] INFO  impl.RoleInfo (RoleInfo.java:updateAndGet(139)) - b788acd7-0bfa-48fd-ae0f-b822d5826f57: start b788acd7-0bfa-48fd-ae0f-b822d5826f57@group-DD4C95DED537-FollowerState
2022-11-03 05:23:12,795 [pool-95-thread-1] INFO  util.JmxRegister (JmxRegister.java:tryRegister(44)) - Successfully registered JMX Bean with object name Ratis:service=RaftServer,group=group-DD4C95DED537,id=b788acd7-0bfa-48fd-ae0f-b822d5826f57
2022-11-03 05:23:12,795 [pool-95-thread-1] INFO  server.RaftServerConfigKeys (ConfUtils.java:logGet(46)) - raft.server.snapshot.auto.trigger.enabled = true (custom)
2022-11-03 05:23:12,795 [pool-95-thread-1] INFO  server.RaftServerConfigKeys (ConfUtils.java:logGet(46)) - raft.server.snapshot.auto.trigger.threshold = 10000 (custom)
2022-11-03 05:23:12,795 [pool-95-thread-1] INFO  server.RaftServerConfigKeys (ConfUtils.java:logGet(46)) - raft.server.snapshot.retention.file.num = 5 (custom)
2022-11-03 05:23:12,795 [pool-95-thread-1] INFO  server.RaftServerConfigKeys (ConfUtils.java:logGet(46)) - raft.server.log.purge.upto.snapshot.index = false (default)
2022-11-03 05:23:12,800 [pool-118-thread-1] INFO  server.RaftServer$Division (RaftServerImpl.java:start(334)) - fca08327-10d6-4e50-9aa0-d18fc62323ab@group-ECD5D5B9374B: start as a follower, conf=-1: peers:[fca08327-10d6-4e50-9aa0-d18fc62323ab|rpc:10.1.1.42:46211|priority:1|startupRole:FOLLOWER]|listeners:[], old=null
2022-11-03 05:23:12,800 [pool-118-thread-1] INFO  server.RaftServer$Division (RaftServerImpl.java:setRole(321)) - fca08327-10d6-4e50-9aa0-d18fc62323ab@group-ECD5D5B9374B: changes role from      null to FOLLOWER at term 0 for startAsFollower
2022-11-03 05:23:12,801 [pool-118-thread-1] INFO  impl.RoleInfo (RoleInfo.java:updateAndGet(139)) - fca08327-10d6-4e50-9aa0-d18fc62323ab: start fca08327-10d6-4e50-9aa0-d18fc62323ab@group-ECD5D5B9374B-FollowerState
2022-11-03 05:23:12,801 [pool-118-thread-1] INFO  util.JmxRegister (JmxRegister.java:tryRegister(44)) - Successfully registered JMX Bean with object name Ratis:service=RaftServer,group=group-ECD5D5B9374B,id=fca08327-10d6-4e50-9aa0-d18fc62323ab
2022-11-03 05:23:12,801 [pool-118-thread-1] INFO  server.RaftServerConfigKeys (ConfUtils.java:logGet(46)) - raft.server.snapshot.auto.trigger.enabled = true (custom)
2022-11-03 05:23:12,801 [pool-118-thread-1] INFO  server.RaftServerConfigKeys (ConfUtils.java:logGet(46)) - raft.server.snapshot.auto.trigger.threshold = 10000 (custom)
2022-11-03 05:23:12,801 [pool-118-thread-1] INFO  server.RaftServerConfigKeys (ConfUtils.java:logGet(46)) - raft.server.snapshot.retention.file.num = 5 (custom)
2022-11-03 05:23:12,801 [pool-118-thread-1] INFO  server.RaftServerConfigKeys (ConfUtils.java:logGet(46)) - raft.server.log.purge.upto.snapshot.index = false (default)
2022-11-03 05:23:12,802 [b788acd7-0bfa-48fd-ae0f-b822d5826f57@group-DD4C95DED537-FollowerState] INFO  server.RaftServerConfigKeys (ConfUtils.java:logFallback(53)) - raft.server.rpc.first-election.timeout.min = 5s (fallback to raft.server.rpc.timeout.min)
2022-11-03 05:23:12,802 [b788acd7-0bfa-48fd-ae0f-b822d5826f57@group-DD4C95DED537-FollowerState] INFO  server.RaftServerConfigKeys (ConfUtils.java:logFallback(53)) - raft.server.rpc.first-election.timeout.max = 5200ms (fallback to raft.server.rpc.timeout.max)
2022-11-03 05:23:12,802 [fca08327-10d6-4e50-9aa0-d18fc62323ab@group-ECD5D5B9374B-FollowerState] INFO  server.RaftServerConfigKeys (ConfUtils.java:logFallback(53)) - raft.server.rpc.first-election.timeout.min = 5s (fallback to raft.server.rpc.timeout.min)
2022-11-03 05:23:12,802 [fca08327-10d6-4e50-9aa0-d18fc62323ab@group-ECD5D5B9374B-FollowerState] INFO  server.RaftServerConfigKeys (ConfUtils.java:logFallback(53)) - raft.server.rpc.first-election.timeout.max = 5200ms (fallback to raft.server.rpc.timeout.max)
2022-11-03 05:23:12,802 [Command processor thread] INFO  ratis.XceiverServerRatis (XceiverServerRatis.java:addGroup(765)) - Created group PipelineID=576f1efd-9238-484f-8802-dd4c95ded537
2022-11-03 05:23:12,804 [Command processor thread] INFO  ratis.XceiverServerRatis (XceiverServerRatis.java:addGroup(765)) - Created group PipelineID=59908093-d1d8-4662-80cd-ecd5d5b9374b
2022-11-03 05:23:12,804 [Command processor thread] INFO  commandhandler.CreatePipelineCommandHandler (CreatePipelineCommandHandler.java:handle(113)) - Created Pipeline RATIS ONE PipelineID=59908093-d1d8-4662-80cd-ecd5d5b9374b.
2022-11-03 05:23:12,854 [Command processor thread] INFO  commandhandler.CreatePipelineCommandHandler (CreatePipelineCommandHandler.java:handle(113)) - Created Pipeline RATIS THREE PipelineID=576f1efd-9238-484f-8802-dd4c95ded537.
2022-11-03 05:23:12,876 [Command processor thread] INFO  commandhandler.CreatePipelineCommandHandler (CreatePipelineCommandHandler.java:handle(113)) - Created Pipeline RATIS THREE PipelineID=576f1efd-9238-484f-8802-dd4c95ded537.
2022-11-03 05:23:13,092 [Command processor thread] INFO  server.RaftServer (RaftServerProxy.java:addNew(96)) - 3459717f-89f3-488b-978e-7216d8acef6a: addNew group-F8DC2D173F7A:[3459717f-89f3-488b-978e-7216d8acef6a|rpc:10.1.1.42:37511|priority:1|startupRole:FOLLOWER] returns group-F8DC2D173F7A:java.util.concurrent.CompletableFuture@40717c66[Not completed]
2022-11-03 05:23:13,104 [pool-141-thread-1] INFO  server.RaftServer$Division (RaftServerImpl.java:<init>(195)) - 3459717f-89f3-488b-978e-7216d8acef6a: new RaftServerImpl for group-F8DC2D173F7A:[3459717f-89f3-488b-978e-7216d8acef6a|rpc:10.1.1.42:37511|priority:1|startupRole:FOLLOWER] with ContainerStateMachine:uninitialized
2022-11-03 05:23:13,104 [pool-141-thread-1] INFO  server.RaftServerConfigKeys (ConfUtils.java:logGet(46)) - raft.server.rpc.timeout.min = 5s (custom)
2022-11-03 05:23:13,104 [pool-141-thread-1] INFO  server.RaftServerConfigKeys (ConfUtils.java:logGet(46)) - raft.server.rpc.timeout.max = 5200ms (custom)
2022-11-03 05:23:13,104 [pool-141-thread-1] INFO  server.RaftServerConfigKeys (ConfUtils.java:logGet(46)) - raft.server.rpc.sleep.time = 25ms (default)
2022-11-03 05:23:13,104 [pool-141-thread-1] INFO  server.RaftServerConfigKeys (ConfUtils.java:logGet(46)) - raft.server.rpc.slowness.timeout = 300s (custom)
2022-11-03 05:23:13,104 [pool-141-thread-1] INFO  server.RaftServerConfigKeys (ConfUtils.java:logGet(46)) - raft.server.leaderelection.leader.step-down.wait-time = 10s (default)
2022-11-03 05:23:13,104 [pool-141-thread-1] INFO  server.RaftServerConfigKeys (ConfUtils.java:logGet(46)) - raft.server.sleep.deviation.threshold = 300ms (default)
2022-11-03 05:23:13,104 [pool-141-thread-1] INFO  server.RaftServer$Division (ServerState.java:<init>(118)) - 3459717f-89f3-488b-978e-7216d8acef6a@group-F8DC2D173F7A: ConfigurationManager, init=-1: peers:[3459717f-89f3-488b-978e-7216d8acef6a|rpc:10.1.1.42:37511|priority:1|startupRole:FOLLOWER]|listeners:[], old=null, confs=<EMPTY_MAP>
2022-11-03 05:23:13,104 [pool-141-thread-1] INFO  server.RaftServerConfigKeys (ConfUtils.java:logGet(46)) - raft.server.storage.dir = [/home/runner/work/ozone/ozone/hadoop-ozone/integration-test/target/test-dir/MiniOzoneClusterImpl-a947a097-fc53-45d1-b902-fe1272537128/datanode-3/data/ratis] (custom)
2022-11-03 05:23:13,104 [pool-141-thread-1] INFO  server.RaftServerConfigKeys (ConfUtils.java:logGet(46)) - raft.server.log.corruption.policy = EXCEPTION (default)
2022-11-03 05:23:13,105 [pool-141-thread-1] INFO  server.RaftServerConfigKeys (ConfUtils.java:logGet(46)) - raft.server.storage.free-space.min = 0MB (=0) (default)
2022-11-03 05:23:13,105 [pool-141-thread-1] INFO  server.RaftServerConfigKeys (ConfUtils.java:logGet(46)) - raft.server.notification.no-leader.timeout = 300s (custom)
2022-11-03 05:23:13,105 [pool-141-thread-1] INFO  server.RaftServerConfigKeys (ConfUtils.java:logGet(46)) - raft.server.retrycache.expirytime = 600000ms (custom)
2022-11-03 05:23:13,105 [pool-141-thread-1] INFO  server.RaftServerConfigKeys (ConfUtils.java:logGet(46)) - raft.server.retrycache.statistics.expirytime = 100μs (default)
2022-11-03 05:23:13,108 [pool-141-thread-1] INFO  server.RaftServerConfigKeys (ConfUtils.java:logGet(46)) - raft.server.log.appender.install.snapshot.enabled = false (custom)
2022-11-03 05:23:13,108 [pool-141-thread-1] INFO  server.RaftServerConfigKeys (ConfUtils.java:logGet(46)) - raft.server.threadpool.server.cached = true (default)
2022-11-03 05:23:13,108 [pool-141-thread-1] INFO  server.RaftServerConfigKeys (ConfUtils.java:logGet(46)) - raft.server.threadpool.server.size = 0 (default)
2022-11-03 05:23:13,108 [pool-141-thread-1] INFO  server.RaftServerConfigKeys (ConfUtils.java:logGet(46)) - raft.server.threadpool.client.cached = true (default)
2022-11-03 05:23:13,109 [pool-141-thread-1] INFO  server.RaftServerConfigKeys (ConfUtils.java:logGet(46)) - raft.server.threadpool.client.size = 0 (default)
2022-11-03 05:23:13,109 [pool-141-thread-1] INFO  storage.RaftStorageDirectory (RaftStorageDirectoryImpl.java:analyzeStorage(137)) - The storage directory /home/runner/work/ozone/ozone/hadoop-ozone/integration-test/target/test-dir/MiniOzoneClusterImpl-a947a097-fc53-45d1-b902-fe1272537128/datanode-3/data/ratis/9b673466-11c6-4502-b592-f8dc2d173f7a does not exist. Creating ...
2022-11-03 05:23:13,110 [pool-141-thread-1] INFO  storage.RaftStorageDirectory (RaftStorageDirectoryImpl.java:tryLock(231)) - Lock on /home/runner/work/ozone/ozone/hadoop-ozone/integration-test/target/test-dir/MiniOzoneClusterImpl-a947a097-fc53-45d1-b902-fe1272537128/datanode-3/data/ratis/9b673466-11c6-4502-b592-f8dc2d173f7a/in_use.lock acquired by nodename 14756@fv-az119-847
2022-11-03 05:23:13,112 [pool-141-thread-1] INFO  storage.RaftStorage (RaftStorageImpl.java:format(96)) - Storage directory /home/runner/work/ozone/ozone/hadoop-ozone/integration-test/target/test-dir/MiniOzoneClusterImpl-a947a097-fc53-45d1-b902-fe1272537128/datanode-3/data/ratis/9b673466-11c6-4502-b592-f8dc2d173f7a has been successfully formatted.
2022-11-03 05:23:13,113 [pool-141-thread-1] INFO  ratis.ContainerStateMachine (ContainerStateMachine.java:loadSnapshot(236)) - group-F8DC2D173F7A: The snapshot info is null. Setting the last applied indexto:(t:0, i:~)
2022-11-03 05:23:13,113 [pool-141-thread-1] INFO  server.RaftServerConfigKeys (ConfUtils.java:logGet(46)) - raft.server.log.use.memory = false (default)
2022-11-03 05:23:13,113 [pool-141-thread-1] INFO  server.RaftServerConfigKeys (ConfUtils.java:logGet(46)) - raft.server.log.purge.gap = 1000000 (custom)
2022-11-03 05:23:13,113 [pool-141-thread-1] INFO  server.RaftServerConfigKeys (ConfUtils.java:logGet(46)) - raft.server.log.appender.buffer.byte-limit = 33554432 (custom)
2022-11-03 05:23:13,113 [pool-141-thread-1] INFO  server.RaftServerConfigKeys (ConfUtils.java:logGet(46)) - raft.server.log.statemachine.data.read.timeout = 1000ms (default)
2022-11-03 05:23:13,116 [EventQueue-PipelineReportForPipelineReportHandler] INFO  pipeline.PipelineManagerImpl (PipelineManagerImpl.java:openPipeline(367)) - Pipeline Pipeline[ Id: 9b673466-11c6-4502-b592-f8dc2d173f7a, Nodes: 3459717f-89f3-488b-978e-7216d8acef6a{ip: 10.1.1.42, host: fv-az119-847.ca0t41jjrjaujd4nublazzptxb.cx.internal.cloudapp.net, ports: [REPLICATION=38201, RATIS=37511, RATIS_ADMIN=37511, RATIS_SERVER=37511, STANDALONE=36731], networkLocation: /default-rack, certSerialId: null, persistedOpState: IN_SERVICE, persistedOpStateExpiryEpochSec: 0}, ReplicationConfig: RATIS/ONE, State:ALLOCATED, leaderId:3459717f-89f3-488b-978e-7216d8acef6a, CreationTimestamp2022-11-03T05:23:10.095Z[Etc/UTC]] moved to OPEN state
2022-11-03 05:23:13,119 [EventQueue-OpenPipelineForHealthyPipelineSafeModeRule] INFO  safemode.SCMSafeModeManager (HealthyPipelineSafeModeRule.java:process(137)) - SCM in safe mode. Healthy pipelines reported count is 0, required healthy pipeline reported count is 1
2022-11-03 05:23:13,119 [pool-141-thread-1] INFO  server.RaftServerConfigKeys (ConfUtils.java:logGet(46)) - raft.server.log.purge.preservation.log.num = 0 (default)
2022-11-03 05:23:13,120 [pool-141-thread-1] INFO  server.RaftServerConfigKeys (ConfUtils.java:logGet(46)) - raft.server.log.segment.size.max = 1048576 (custom)
2022-11-03 05:23:13,121 [pool-141-thread-1] INFO  server.RaftServerConfigKeys (ConfUtils.java:logGet(46)) - raft.server.log.segment.cache.num.max = 2 (custom)
2022-11-03 05:23:13,121 [pool-141-thread-1] INFO  server.RaftServerConfigKeys (ConfUtils.java:logGet(46)) - raft.server.log.segment.cache.size.max = 200MB (=209715200) (default)
2022-11-03 05:23:13,121 [pool-141-thread-1] INFO  segmented.SegmentedRaftLogWorker (SegmentedRaftLogWorker.java:<init>(191)) - new 3459717f-89f3-488b-978e-7216d8acef6a@group-F8DC2D173F7A-SegmentedRaftLogWorker for RaftStorageImpl:Storage Directory /home/runner/work/ozone/ozone/hadoop-ozone/integration-test/target/test-dir/MiniOzoneClusterImpl-a947a097-fc53-45d1-b902-fe1272537128/datanode-3/data/ratis/9b673466-11c6-4502-b592-f8dc2d173f7a
2022-11-03 05:23:13,121 [pool-141-thread-1] INFO  server.RaftServerConfigKeys (ConfUtils.java:logGet(46)) - raft.server.log.queue.byte-limit = 4294967296 (custom)
2022-11-03 05:23:13,121 [pool-141-thread-1] INFO  server.RaftServerConfigKeys (ConfUtils.java:logGet(46)) - raft.server.log.queue.element-limit = 1024 (custom)
2022-11-03 05:23:13,121 [pool-141-thread-1] INFO  server.RaftServerConfigKeys (ConfUtils.java:logGet(46)) - raft.server.log.segment.size.max = 1048576 (custom)
2022-11-03 05:23:13,121 [pool-141-thread-1] INFO  server.RaftServerConfigKeys (ConfUtils.java:logGet(46)) - raft.server.log.preallocated.size = 16384 (custom)
2022-11-03 05:23:13,121 [pool-141-thread-1] INFO  server.RaftServerConfigKeys (ConfUtils.java:logGet(46)) - raft.server.log.force.sync.num = 128 (default)
2022-11-03 05:23:13,121 [pool-141-thread-1] INFO  server.RaftServerConfigKeys (ConfUtils.java:logGet(46)) - raft.server.log.statemachine.data.sync = true (default)
2022-11-03 05:23:13,121 [pool-141-thread-1] INFO  server.RaftServerConfigKeys (ConfUtils.java:logGet(46)) - raft.server.log.statemachine.data.sync.timeout = 10s (default)
2022-11-03 05:23:13,121 [pool-141-thread-1] INFO  server.RaftServerConfigKeys (ConfUtils.java:logGet(46)) - raft.server.log.statemachine.data.sync.timeout.retry = -1 (default)
2022-11-03 05:23:13,122 [pool-141-thread-1] INFO  server.RaftServerConfigKeys (ConfUtils.java:logGet(46)) - raft.server.log.write.buffer.size = 1048576 (custom)
2022-11-03 05:23:13,124 [pool-141-thread-1] INFO  server.RaftServerConfigKeys (ConfUtils.java:logGet(46)) - raft.server.log.unsafe-flush.enabled = false (default)
2022-11-03 05:23:13,124 [pool-141-thread-1] INFO  server.RaftServerConfigKeys (ConfUtils.java:logGet(46)) - raft.server.log.async-flush.enabled = false (default)
2022-11-03 05:23:13,124 [pool-141-thread-1] INFO  server.RaftServerConfigKeys (ConfUtils.java:logGet(46)) - raft.server.log.statemachine.data.caching.enabled = true (custom)
2022-11-03 05:23:13,124 [pool-141-thread-1] INFO  segmented.SegmentedRaftLogWorker (SegmentedRaftLogWorker.java:lambda$new$0(136)) - 3459717f-89f3-488b-978e-7216d8acef6a@group-F8DC2D173F7A-SegmentedRaftLogWorker: flushIndex: setUnconditionally 0 -> -1
2022-11-03 05:23:13,125 [pool-141-thread-1] INFO  segmented.SegmentedRaftLogWorker (SegmentedRaftLogWorker.java:lambda$new$0(136)) - 3459717f-89f3-488b-978e-7216d8acef6a@group-F8DC2D173F7A-SegmentedRaftLogWorker: safeCacheEvictIndex: setUnconditionally 0 -> -1
2022-11-03 05:23:13,128 [pool-141-thread-1] INFO  server.RaftServer$Division (RaftServerImpl.java:start(334)) - 3459717f-89f3-488b-978e-7216d8acef6a@group-F8DC2D173F7A: start as a follower, conf=-1: peers:[3459717f-89f3-488b-978e-7216d8acef6a|rpc:10.1.1.42:37511|priority:1|startupRole:FOLLOWER]|listeners:[], old=null
2022-11-03 05:23:13,128 [pool-141-thread-1] INFO  server.RaftServer$Division (RaftServerImpl.java:setRole(321)) - 3459717f-89f3-488b-978e-7216d8acef6a@group-F8DC2D173F7A: changes role from      null to FOLLOWER at term 0 for startAsFollower
2022-11-03 05:23:13,128 [pool-141-thread-1] INFO  impl.RoleInfo (RoleInfo.java:updateAndGet(139)) - 3459717f-89f3-488b-978e-7216d8acef6a: start 3459717f-89f3-488b-978e-7216d8acef6a@group-F8DC2D173F7A-FollowerState
2022-11-03 05:23:13,132 [pool-141-thread-1] INFO  util.JmxRegister (JmxRegister.java:tryRegister(44)) - Successfully registered JMX Bean with object name Ratis:service=RaftServer,group=group-F8DC2D173F7A,id=3459717f-89f3-488b-978e-7216d8acef6a
2022-11-03 05:23:13,132 [pool-141-thread-1] INFO  server.RaftServerConfigKeys (ConfUtils.java:logGet(46)) - raft.server.snapshot.auto.trigger.enabled = true (custom)
2022-11-03 05:23:13,132 [pool-141-thread-1] INFO  server.RaftServerConfigKeys (ConfUtils.java:logGet(46)) - raft.server.snapshot.auto.trigger.threshold = 10000 (custom)
2022-11-03 05:23:13,132 [pool-141-thread-1] INFO  server.RaftServerConfigKeys (ConfUtils.java:logGet(46)) - raft.server.snapshot.retention.file.num = 5 (custom)
2022-11-03 05:23:13,132 [pool-141-thread-1] INFO  server.RaftServerConfigKeys (ConfUtils.java:logGet(46)) - raft.server.log.purge.upto.snapshot.index = false (default)
2022-11-03 05:23:13,134 [3459717f-89f3-488b-978e-7216d8acef6a@group-F8DC2D173F7A-FollowerState] INFO  server.RaftServerConfigKeys (ConfUtils.java:logFallback(53)) - raft.server.rpc.first-election.timeout.min = 5s (fallback to raft.server.rpc.timeout.min)
2022-11-03 05:23:13,134 [3459717f-89f3-488b-978e-7216d8acef6a@group-F8DC2D173F7A-FollowerState] INFO  server.RaftServerConfigKeys (ConfUtils.java:logFallback(53)) - raft.server.rpc.first-election.timeout.max = 5200ms (fallback to raft.server.rpc.timeout.max)
2022-11-03 05:23:13,136 [Command processor thread] INFO  ratis.XceiverServerRatis (XceiverServerRatis.java:addGroup(765)) - Created group PipelineID=9b673466-11c6-4502-b592-f8dc2d173f7a
2022-11-03 05:23:13,136 [Command processor thread] INFO  commandhandler.CreatePipelineCommandHandler (CreatePipelineCommandHandler.java:handle(113)) - Created Pipeline RATIS ONE PipelineID=9b673466-11c6-4502-b592-f8dc2d173f7a.
2022-11-03 05:23:13,136 [Command processor thread] INFO  server.RaftServer (RaftServerProxy.java:addNew(96)) - 3459717f-89f3-488b-978e-7216d8acef6a: addNew group-B5349C004512:[236f0899-86ef-4b9d-9b64-54b2c41e9569|rpc:10.1.1.42:45985|priority:0|startupRole:FOLLOWER, 5ddfe129-1b79-40ed-b807-03daa2e9053a|rpc:10.1.1.42:37873|priority:0|startupRole:FOLLOWER, 3459717f-89f3-488b-978e-7216d8acef6a|rpc:10.1.1.42:37511|priority:1|startupRole:FOLLOWER] returns group-B5349C004512:java.util.concurrent.CompletableFuture@444ef0b0[Not completed]
2022-11-03 05:23:13,137 [pool-141-thread-1] INFO  server.RaftServer$Division (RaftServerImpl.java:<init>(195)) - 3459717f-89f3-488b-978e-7216d8acef6a: new RaftServerImpl for group-B5349C004512:[236f0899-86ef-4b9d-9b64-54b2c41e9569|rpc:10.1.1.42:45985|priority:0|startupRole:FOLLOWER, 5ddfe129-1b79-40ed-b807-03daa2e9053a|rpc:10.1.1.42:37873|priority:0|startupRole:FOLLOWER, 3459717f-89f3-488b-978e-7216d8acef6a|rpc:10.1.1.42:37511|priority:1|startupRole:FOLLOWER] with ContainerStateMachine:uninitialized
2022-11-03 05:23:13,137 [pool-141-thread-1] INFO  server.RaftServerConfigKeys (ConfUtils.java:logGet(46)) - raft.server.rpc.timeout.min = 5s (custom)
2022-11-03 05:23:13,137 [pool-141-thread-1] INFO  server.RaftServerConfigKeys (ConfUtils.java:logGet(46)) - raft.server.rpc.timeout.max = 5200ms (custom)
2022-11-03 05:23:13,137 [pool-141-thread-1] INFO  server.RaftServerConfigKeys (ConfUtils.java:logGet(46)) - raft.server.rpc.sleep.time = 25ms (default)
2022-11-03 05:23:13,137 [pool-141-thread-1] INFO  server.RaftServerConfigKeys (ConfUtils.java:logGet(46)) - raft.server.rpc.slowness.timeout = 300s (custom)
2022-11-03 05:23:13,137 [pool-141-thread-1] INFO  server.RaftServerConfigKeys (ConfUtils.java:logGet(46)) - raft.server.leaderelection.leader.step-down.wait-time = 10s (default)
2022-11-03 05:23:13,137 [pool-141-thread-1] INFO  server.RaftServerConfigKeys (ConfUtils.java:logGet(46)) - raft.server.sleep.deviation.threshold = 300ms (default)
2022-11-03 05:23:13,137 [pool-141-thread-1] INFO  server.RaftServer$Division (ServerState.java:<init>(118)) - 3459717f-89f3-488b-978e-7216d8acef6a@group-B5349C004512: ConfigurationManager, init=-1: peers:[236f0899-86ef-4b9d-9b64-54b2c41e9569|rpc:10.1.1.42:45985|priority:0|startupRole:FOLLOWER, 5ddfe129-1b79-40ed-b807-03daa2e9053a|rpc:10.1.1.42:37873|priority:0|startupRole:FOLLOWER, 3459717f-89f3-488b-978e-7216d8acef6a|rpc:10.1.1.42:37511|priority:1|startupRole:FOLLOWER]|listeners:[], old=null, confs=<EMPTY_MAP>
2022-11-03 05:23:13,138 [pool-141-thread-1] INFO  server.RaftServerConfigKeys (ConfUtils.java:logGet(46)) - raft.server.storage.dir = [/home/runner/work/ozone/ozone/hadoop-ozone/integration-test/target/test-dir/MiniOzoneClusterImpl-a947a097-fc53-45d1-b902-fe1272537128/datanode-3/data/ratis] (custom)
2022-11-03 05:23:13,138 [pool-141-thread-1] INFO  server.RaftServerConfigKeys (ConfUtils.java:logGet(46)) - raft.server.log.corruption.policy = EXCEPTION (default)
2022-11-03 05:23:13,138 [pool-141-thread-1] INFO  server.RaftServerConfigKeys (ConfUtils.java:logGet(46)) - raft.server.storage.free-space.min = 0MB (=0) (default)
2022-11-03 05:23:13,138 [pool-141-thread-1] INFO  server.RaftServerConfigKeys (ConfUtils.java:logGet(46)) - raft.server.notification.no-leader.timeout = 300s (custom)
2022-11-03 05:23:13,138 [pool-141-thread-1] INFO  server.RaftServerConfigKeys (ConfUtils.java:logGet(46)) - raft.server.retrycache.expirytime = 600000ms (custom)
2022-11-03 05:23:13,138 [pool-141-thread-1] INFO  server.RaftServerConfigKeys (ConfUtils.java:logGet(46)) - raft.server.retrycache.statistics.expirytime = 100μs (default)
2022-11-03 05:23:13,145 [pool-141-thread-1] INFO  server.RaftServerConfigKeys (ConfUtils.java:logGet(46)) - raft.server.log.appender.install.snapshot.enabled = false (custom)
2022-11-03 05:23:13,145 [pool-141-thread-1] INFO  server.RaftServerConfigKeys (ConfUtils.java:logGet(46)) - raft.server.threadpool.server.cached = true (default)
2022-11-03 05:23:13,145 [pool-141-thread-1] INFO  server.RaftServerConfigKeys (ConfUtils.java:logGet(46)) - raft.server.threadpool.server.size = 0 (default)
2022-11-03 05:23:13,145 [pool-141-thread-1] INFO  server.RaftServerConfigKeys (ConfUtils.java:logGet(46)) - raft.server.threadpool.client.cached = true (default)
2022-11-03 05:23:13,145 [pool-141-thread-1] INFO  server.RaftServerConfigKeys (ConfUtils.java:logGet(46)) - raft.server.threadpool.client.size = 0 (default)
2022-11-03 05:23:13,145 [pool-141-thread-1] INFO  storage.RaftStorageDirectory (RaftStorageDirectoryImpl.java:analyzeStorage(137)) - The storage directory /home/runner/work/ozone/ozone/hadoop-ozone/integration-test/target/test-dir/MiniOzoneClusterImpl-a947a097-fc53-45d1-b902-fe1272537128/datanode-3/data/ratis/6573f3b5-bbfa-4a8b-967b-b5349c004512 does not exist. Creating ...
2022-11-03 05:23:13,146 [pool-141-thread-1] INFO  storage.RaftStorageDirectory (RaftStorageDirectoryImpl.java:tryLock(231)) - Lock on /home/runner/work/ozone/ozone/hadoop-ozone/integration-test/target/test-dir/MiniOzoneClusterImpl-a947a097-fc53-45d1-b902-fe1272537128/datanode-3/data/ratis/6573f3b5-bbfa-4a8b-967b-b5349c004512/in_use.lock acquired by nodename 14756@fv-az119-847
2022-11-03 05:23:13,147 [pool-141-thread-1] INFO  storage.RaftStorage (RaftStorageImpl.java:format(96)) - Storage directory /home/runner/work/ozone/ozone/hadoop-ozone/integration-test/target/test-dir/MiniOzoneClusterImpl-a947a097-fc53-45d1-b902-fe1272537128/datanode-3/data/ratis/6573f3b5-bbfa-4a8b-967b-b5349c004512 has been successfully formatted.
2022-11-03 05:23:13,147 [pool-141-thread-1] INFO  ratis.ContainerStateMachine (ContainerStateMachine.java:loadSnapshot(236)) - group-B5349C004512: The snapshot info is null. Setting the last applied indexto:(t:0, i:~)
2022-11-03 05:23:13,147 [pool-141-thread-1] INFO  server.RaftServerConfigKeys (ConfUtils.java:logGet(46)) - raft.server.log.use.memory = false (default)
2022-11-03 05:23:13,147 [pool-141-thread-1] INFO  server.RaftServerConfigKeys (ConfUtils.java:logGet(46)) - raft.server.log.purge.gap = 1000000 (custom)
2022-11-03 05:23:13,147 [pool-141-thread-1] INFO  server.RaftServerConfigKeys (ConfUtils.java:logGet(46)) - raft.server.log.appender.buffer.byte-limit = 33554432 (custom)
2022-11-03 05:23:13,147 [pool-141-thread-1] INFO  server.RaftServerConfigKeys (ConfUtils.java:logGet(46)) - raft.server.log.statemachine.data.read.timeout = 1000ms (default)
2022-11-03 05:23:13,147 [pool-141-thread-1] INFO  server.RaftServerConfigKeys (ConfUtils.java:logGet(46)) - raft.server.log.purge.preservation.log.num = 0 (default)
2022-11-03 05:23:13,148 [pool-141-thread-1] INFO  server.RaftServerConfigKeys (ConfUtils.java:logGet(46)) - raft.server.log.segment.size.max = 1048576 (custom)
2022-11-03 05:23:13,148 [pool-141-thread-1] INFO  server.RaftServerConfigKeys (ConfUtils.java:logGet(46)) - raft.server.log.segment.cache.num.max = 2 (custom)
2022-11-03 05:23:13,148 [pool-141-thread-1] INFO  server.RaftServerConfigKeys (ConfUtils.java:logGet(46)) - raft.server.log.segment.cache.size.max = 200MB (=209715200) (default)
2022-11-03 05:23:13,148 [pool-141-thread-1] INFO  segmented.SegmentedRaftLogWorker (SegmentedRaftLogWorker.java:<init>(191)) - new 3459717f-89f3-488b-978e-7216d8acef6a@group-B5349C004512-SegmentedRaftLogWorker for RaftStorageImpl:Storage Directory /home/runner/work/ozone/ozone/hadoop-ozone/integration-test/target/test-dir/MiniOzoneClusterImpl-a947a097-fc53-45d1-b902-fe1272537128/datanode-3/data/ratis/6573f3b5-bbfa-4a8b-967b-b5349c004512
2022-11-03 05:23:13,148 [pool-141-thread-1] INFO  server.RaftServerConfigKeys (ConfUtils.java:logGet(46)) - raft.server.log.queue.byte-limit = 4294967296 (custom)
2022-11-03 05:23:13,148 [pool-141-thread-1] INFO  server.RaftServerConfigKeys (ConfUtils.java:logGet(46)) - raft.server.log.queue.element-limit = 1024 (custom)
2022-11-03 05:23:13,148 [pool-141-thread-1] INFO  server.RaftServerConfigKeys (ConfUtils.java:logGet(46)) - raft.server.log.segment.size.max = 1048576 (custom)
2022-11-03 05:23:13,148 [pool-141-thread-1] INFO  server.RaftServerConfigKeys (ConfUtils.java:logGet(46)) - raft.server.log.preallocated.size = 16384 (custom)
2022-11-03 05:23:13,148 [pool-141-thread-1] INFO  server.RaftServerConfigKeys (ConfUtils.java:logGet(46)) - raft.server.log.force.sync.num = 128 (default)
2022-11-03 05:23:13,148 [pool-141-thread-1] INFO  server.RaftServerConfigKeys (ConfUtils.java:logGet(46)) - raft.server.log.statemachine.data.sync = true (default)
2022-11-03 05:23:13,148 [pool-141-thread-1] INFO  server.RaftServerConfigKeys (ConfUtils.java:logGet(46)) - raft.server.log.statemachine.data.sync.timeout = 10s (default)
2022-11-03 05:23:13,148 [pool-141-thread-1] INFO  server.RaftServerConfigKeys (ConfUtils.java:logGet(46)) - raft.server.log.statemachine.data.sync.timeout.retry = -1 (default)
2022-11-03 05:23:13,149 [pool-141-thread-1] INFO  server.RaftServerConfigKeys (ConfUtils.java:logGet(46)) - raft.server.log.write.buffer.size = 1048576 (custom)
2022-11-03 05:23:13,150 [pool-141-thread-1] INFO  server.RaftServerConfigKeys (ConfUtils.java:logGet(46)) - raft.server.log.unsafe-flush.enabled = false (default)
2022-11-03 05:23:13,150 [pool-141-thread-1] INFO  server.RaftServerConfigKeys (ConfUtils.java:logGet(46)) - raft.server.log.async-flush.enabled = false (default)
2022-11-03 05:23:13,150 [pool-141-thread-1] INFO  server.RaftServerConfigKeys (ConfUtils.java:logGet(46)) - raft.server.log.statemachine.data.caching.enabled = true (custom)
2022-11-03 05:23:13,150 [pool-141-thread-1] INFO  segmented.SegmentedRaftLogWorker (SegmentedRaftLogWorker.java:lambda$new$0(136)) - 3459717f-89f3-488b-978e-7216d8acef6a@group-B5349C004512-SegmentedRaftLogWorker: flushIndex: setUnconditionally 0 -> -1
2022-11-03 05:23:13,150 [pool-141-thread-1] INFO  segmented.SegmentedRaftLogWorker (SegmentedRaftLogWorker.java:lambda$new$0(136)) - 3459717f-89f3-488b-978e-7216d8acef6a@group-B5349C004512-SegmentedRaftLogWorker: safeCacheEvictIndex: setUnconditionally 0 -> -1
2022-11-03 05:23:13,151 [pool-141-thread-1] INFO  server.RaftServer$Division (RaftServerImpl.java:start(334)) - 3459717f-89f3-488b-978e-7216d8acef6a@group-B5349C004512: start as a follower, conf=-1: peers:[236f0899-86ef-4b9d-9b64-54b2c41e9569|rpc:10.1.1.42:45985|priority:0|startupRole:FOLLOWER, 5ddfe129-1b79-40ed-b807-03daa2e9053a|rpc:10.1.1.42:37873|priority:0|startupRole:FOLLOWER, 3459717f-89f3-488b-978e-7216d8acef6a|rpc:10.1.1.42:37511|priority:1|startupRole:FOLLOWER]|listeners:[], old=null
2022-11-03 05:23:13,151 [pool-141-thread-1] INFO  server.RaftServer$Division (RaftServerImpl.java:setRole(321)) - 3459717f-89f3-488b-978e-7216d8acef6a@group-B5349C004512: changes role from      null to FOLLOWER at term 0 for startAsFollower
2022-11-03 05:23:13,151 [pool-141-thread-1] INFO  impl.RoleInfo (RoleInfo.java:updateAndGet(139)) - 3459717f-89f3-488b-978e-7216d8acef6a: start 3459717f-89f3-488b-978e-7216d8acef6a@group-B5349C004512-FollowerState
2022-11-03 05:23:13,152 [pool-141-thread-1] INFO  util.JmxRegister (JmxRegister.java:tryRegister(44)) - Successfully registered JMX Bean with object name Ratis:service=RaftServer,group=group-B5349C004512,id=3459717f-89f3-488b-978e-7216d8acef6a
2022-11-03 05:23:13,152 [pool-141-thread-1] INFO  server.RaftServerConfigKeys (ConfUtils.java:logGet(46)) - raft.server.snapshot.auto.trigger.enabled = true (custom)
2022-11-03 05:23:13,152 [pool-141-thread-1] INFO  server.RaftServerConfigKeys (ConfUtils.java:logGet(46)) - raft.server.snapshot.auto.trigger.threshold = 10000 (custom)
2022-11-03 05:23:13,152 [EventQueue-OpenPipelineForHealthyPipelineSafeModeRule] INFO  safemode.SCMSafeModeManager (HealthyPipelineSafeModeRule.java:process(137)) - SCM in safe mode. Healthy pipelines reported count is 0, required healthy pipeline reported count is 1
2022-11-03 05:23:13,152 [pool-141-thread-1] INFO  server.RaftServerConfigKeys (ConfUtils.java:logGet(46)) - raft.server.snapshot.retention.file.num = 5 (custom)
2022-11-03 05:23:13,153 [pool-141-thread-1] INFO  server.RaftServerConfigKeys (ConfUtils.java:logGet(46)) - raft.server.log.purge.upto.snapshot.index = false (default)
2022-11-03 05:23:13,154 [Command processor thread] INFO  ratis.XceiverServerRatis (XceiverServerRatis.java:addGroup(765)) - Created group PipelineID=6573f3b5-bbfa-4a8b-967b-b5349c004512
2022-11-03 05:23:13,160 [3459717f-89f3-488b-978e-7216d8acef6a@group-B5349C004512-FollowerState] INFO  server.RaftServerConfigKeys (ConfUtils.java:logFallback(53)) - raft.server.rpc.first-election.timeout.min = 5s (fallback to raft.server.rpc.timeout.min)
2022-11-03 05:23:13,160 [3459717f-89f3-488b-978e-7216d8acef6a@group-B5349C004512-FollowerState] INFO  server.RaftServerConfigKeys (ConfUtils.java:logFallback(53)) - raft.server.rpc.first-election.timeout.max = 5200ms (fallback to raft.server.rpc.timeout.max)
2022-11-03 05:23:13,169 [grpc-default-executor-0] INFO  server.RaftServer (RaftServerProxy.java:addNew(96)) - 236f0899-86ef-4b9d-9b64-54b2c41e9569: addNew group-B5349C004512:[236f0899-86ef-4b9d-9b64-54b2c41e9569|rpc:10.1.1.42:45985|dataStream:|priority:0|startupRole:FOLLOWER, 5ddfe129-1b79-40ed-b807-03daa2e9053a|rpc:10.1.1.42:37873|dataStream:|priority:0|startupRole:FOLLOWER, 3459717f-89f3-488b-978e-7216d8acef6a|rpc:10.1.1.42:37511|dataStream:|priority:1|startupRole:FOLLOWER] returns group-B5349C004512:java.util.concurrent.CompletableFuture@5236eef0[Not completed]
2022-11-03 05:23:13,170 [pool-187-thread-1] INFO  server.RaftServer$Division (RaftServerImpl.java:<init>(195)) - 236f0899-86ef-4b9d-9b64-54b2c41e9569: new RaftServerImpl for group-B5349C004512:[236f0899-86ef-4b9d-9b64-54b2c41e9569|rpc:10.1.1.42:45985|dataStream:|priority:0|startupRole:FOLLOWER, 5ddfe129-1b79-40ed-b807-03daa2e9053a|rpc:10.1.1.42:37873|dataStream:|priority:0|startupRole:FOLLOWER, 3459717f-89f3-488b-978e-7216d8acef6a|rpc:10.1.1.42:37511|dataStream:|priority:1|startupRole:FOLLOWER] with ContainerStateMachine:uninitialized
2022-11-03 05:23:13,170 [pool-187-thread-1] INFO  server.RaftServerConfigKeys (ConfUtils.java:logGet(46)) - raft.server.rpc.timeout.min = 5s (custom)
2022-11-03 05:23:13,170 [pool-187-thread-1] INFO  server.RaftServerConfigKeys (ConfUtils.java:logGet(46)) - raft.server.rpc.timeout.max = 5200ms (custom)
2022-11-03 05:23:13,170 [pool-187-thread-1] INFO  server.RaftServerConfigKeys (ConfUtils.java:logGet(46)) - raft.server.rpc.sleep.time = 25ms (default)
2022-11-03 05:23:13,170 [pool-187-thread-1] INFO  server.RaftServerConfigKeys (ConfUtils.java:logGet(46)) - raft.server.rpc.slowness.timeout = 300s (custom)
2022-11-03 05:23:13,170 [pool-187-thread-1] INFO  server.RaftServerConfigKeys (ConfUtils.java:logGet(46)) - raft.server.leaderelection.leader.step-down.wait-time = 10s (default)
2022-11-03 05:23:13,170 [pool-187-thread-1] INFO  server.RaftServerConfigKeys (ConfUtils.java:logGet(46)) - raft.server.sleep.deviation.threshold = 300ms (default)
2022-11-03 05:23:13,170 [pool-187-thread-1] INFO  server.RaftServer$Division (ServerState.java:<init>(118)) - 236f0899-86ef-4b9d-9b64-54b2c41e9569@group-B5349C004512: ConfigurationManager, init=-1: peers:[236f0899-86ef-4b9d-9b64-54b2c41e9569|rpc:10.1.1.42:45985|dataStream:|priority:0|startupRole:FOLLOWER, 5ddfe129-1b79-40ed-b807-03daa2e9053a|rpc:10.1.1.42:37873|dataStream:|priority:0|startupRole:FOLLOWER, 3459717f-89f3-488b-978e-7216d8acef6a|rpc:10.1.1.42:37511|dataStream:|priority:1|startupRole:FOLLOWER]|listeners:[], old=null, confs=<EMPTY_MAP>
2022-11-03 05:23:13,170 [pool-187-thread-1] INFO  server.RaftServerConfigKeys (ConfUtils.java:logGet(46)) - raft.server.storage.dir = [/home/runner/work/ozone/ozone/hadoop-ozone/integration-test/target/test-dir/MiniOzoneClusterImpl-a947a097-fc53-45d1-b902-fe1272537128/datanode-5/data/ratis] (custom)
2022-11-03 05:23:13,171 [pool-187-thread-1] INFO  server.RaftServerConfigKeys (ConfUtils.java:logGet(46)) - raft.server.log.corruption.policy = EXCEPTION (default)
2022-11-03 05:23:13,171 [pool-187-thread-1] INFO  server.RaftServerConfigKeys (ConfUtils.java:logGet(46)) - raft.server.storage.free-space.min = 0MB (=0) (default)
2022-11-03 05:23:13,171 [pool-187-thread-1] INFO  server.RaftServerConfigKeys (ConfUtils.java:logGet(46)) - raft.server.notification.no-leader.timeout = 300s (custom)
2022-11-03 05:23:13,171 [pool-187-thread-1] INFO  server.RaftServerConfigKeys (ConfUtils.java:logGet(46)) - raft.server.retrycache.expirytime = 600000ms (custom)
2022-11-03 05:23:13,171 [pool-187-thread-1] INFO  server.RaftServerConfigKeys (ConfUtils.java:logGet(46)) - raft.server.retrycache.statistics.expirytime = 100μs (default)
2022-11-03 05:23:13,173 [pool-187-thread-1] INFO  server.RaftServerConfigKeys (ConfUtils.java:logGet(46)) - raft.server.log.appender.install.snapshot.enabled = false (custom)
2022-11-03 05:23:13,173 [pool-187-thread-1] INFO  server.RaftServerConfigKeys (ConfUtils.java:logGet(46)) - raft.server.threadpool.server.cached = true (default)
2022-11-03 05:23:13,173 [pool-187-thread-1] INFO  server.RaftServerConfigKeys (ConfUtils.java:logGet(46)) - raft.server.threadpool.server.size = 0 (default)
2022-11-03 05:23:13,173 [pool-187-thread-1] INFO  server.RaftServerConfigKeys (ConfUtils.java:logGet(46)) - raft.server.threadpool.client.cached = true (default)
2022-11-03 05:23:13,173 [pool-187-thread-1] INFO  server.RaftServerConfigKeys (ConfUtils.java:logGet(46)) - raft.server.threadpool.client.size = 0 (default)
2022-11-03 05:23:13,173 [pool-187-thread-1] INFO  storage.RaftStorageDirectory (RaftStorageDirectoryImpl.java:analyzeStorage(137)) - The storage directory /home/runner/work/ozone/ozone/hadoop-ozone/integration-test/target/test-dir/MiniOzoneClusterImpl-a947a097-fc53-45d1-b902-fe1272537128/datanode-5/data/ratis/6573f3b5-bbfa-4a8b-967b-b5349c004512 does not exist. Creating ...
2022-11-03 05:23:13,176 [pool-187-thread-1] INFO  storage.RaftStorageDirectory (RaftStorageDirectoryImpl.java:tryLock(231)) - Lock on /home/runner/work/ozone/ozone/hadoop-ozone/integration-test/target/test-dir/MiniOzoneClusterImpl-a947a097-fc53-45d1-b902-fe1272537128/datanode-5/data/ratis/6573f3b5-bbfa-4a8b-967b-b5349c004512/in_use.lock acquired by nodename 14756@fv-az119-847
2022-11-03 05:23:13,178 [pool-187-thread-1] INFO  storage.RaftStorage (RaftStorageImpl.java:format(96)) - Storage directory /home/runner/work/ozone/ozone/hadoop-ozone/integration-test/target/test-dir/MiniOzoneClusterImpl-a947a097-fc53-45d1-b902-fe1272537128/datanode-5/data/ratis/6573f3b5-bbfa-4a8b-967b-b5349c004512 has been successfully formatted.
2022-11-03 05:23:13,180 [pool-187-thread-1] INFO  ratis.ContainerStateMachine (ContainerStateMachine.java:loadSnapshot(236)) - group-B5349C004512: The snapshot info is null. Setting the last applied indexto:(t:0, i:~)
2022-11-03 05:23:13,180 [pool-187-thread-1] INFO  server.RaftServerConfigKeys (ConfUtils.java:logGet(46)) - raft.server.log.use.memory = false (default)
2022-11-03 05:23:13,180 [pool-187-thread-1] INFO  server.RaftServerConfigKeys (ConfUtils.java:logGet(46)) - raft.server.log.purge.gap = 1000000 (custom)
2022-11-03 05:23:13,180 [pool-187-thread-1] INFO  server.RaftServerConfigKeys (ConfUtils.java:logGet(46)) - raft.server.log.appender.buffer.byte-limit = 33554432 (custom)
2022-11-03 05:23:13,180 [pool-187-thread-1] INFO  server.RaftServerConfigKeys (ConfUtils.java:logGet(46)) - raft.server.log.statemachine.data.read.timeout = 1000ms (default)
2022-11-03 05:23:13,180 [pool-187-thread-1] INFO  server.RaftServerConfigKeys (ConfUtils.java:logGet(46)) - raft.server.log.purge.preservation.log.num = 0 (default)
2022-11-03 05:23:13,180 [pool-187-thread-1] INFO  server.RaftServerConfigKeys (ConfUtils.java:logGet(46)) - raft.server.log.segment.size.max = 1048576 (custom)
2022-11-03 05:23:13,180 [pool-187-thread-1] INFO  server.RaftServerConfigKeys (ConfUtils.java:logGet(46)) - raft.server.log.segment.cache.num.max = 2 (custom)
2022-11-03 05:23:13,180 [pool-187-thread-1] INFO  server.RaftServerConfigKeys (ConfUtils.java:logGet(46)) - raft.server.log.segment.cache.size.max = 200MB (=209715200) (default)
2022-11-03 05:23:13,181 [pool-187-thread-1] INFO  segmented.SegmentedRaftLogWorker (SegmentedRaftLogWorker.java:<init>(191)) - new 236f0899-86ef-4b9d-9b64-54b2c41e9569@group-B5349C004512-SegmentedRaftLogWorker for RaftStorageImpl:Storage Directory /home/runner/work/ozone/ozone/hadoop-ozone/integration-test/target/test-dir/MiniOzoneClusterImpl-a947a097-fc53-45d1-b902-fe1272537128/datanode-5/data/ratis/6573f3b5-bbfa-4a8b-967b-b5349c004512
2022-11-03 05:23:13,181 [pool-187-thread-1] INFO  server.RaftServerConfigKeys (ConfUtils.java:logGet(46)) - raft.server.log.queue.byte-limit = 4294967296 (custom)
2022-11-03 05:23:13,181 [pool-187-thread-1] INFO  server.RaftServerConfigKeys (ConfUtils.java:logGet(46)) - raft.server.log.queue.element-limit = 1024 (custom)
2022-11-03 05:23:13,181 [pool-187-thread-1] INFO  server.RaftServerConfigKeys (ConfUtils.java:logGet(46)) - raft.server.log.segment.size.max = 1048576 (custom)
2022-11-03 05:23:13,181 [pool-187-thread-1] INFO  server.RaftServerConfigKeys (ConfUtils.java:logGet(46)) - raft.server.log.preallocated.size = 16384 (custom)
2022-11-03 05:23:13,181 [pool-187-thread-1] INFO  server.RaftServerConfigKeys (ConfUtils.java:logGet(46)) - raft.server.log.force.sync.num = 128 (default)
2022-11-03 05:23:13,182 [pool-187-thread-1] INFO  server.RaftServerConfigKeys (ConfUtils.java:logGet(46)) - raft.server.log.statemachine.data.sync = true (default)
2022-11-03 05:23:13,182 [pool-187-thread-1] INFO  server.RaftServerConfigKeys (ConfUtils.java:logGet(46)) - raft.server.log.statemachine.data.sync.timeout = 10s (default)
2022-11-03 05:23:13,182 [pool-187-thread-1] INFO  server.RaftServerConfigKeys (ConfUtils.java:logGet(46)) - raft.server.log.statemachine.data.sync.timeout.retry = -1 (default)
2022-11-03 05:23:13,184 [pool-187-thread-1] INFO  server.RaftServerConfigKeys (ConfUtils.java:logGet(46)) - raft.server.log.write.buffer.size = 1048576 (custom)
2022-11-03 05:23:13,185 [pool-187-thread-1] INFO  server.RaftServerConfigKeys (ConfUtils.java:logGet(46)) - raft.server.log.unsafe-flush.enabled = false (default)
2022-11-03 05:23:13,185 [pool-187-thread-1] INFO  server.RaftServerConfigKeys (ConfUtils.java:logGet(46)) - raft.server.log.async-flush.enabled = false (default)
2022-11-03 05:23:13,185 [pool-187-thread-1] INFO  server.RaftServerConfigKeys (ConfUtils.java:logGet(46)) - raft.server.log.statemachine.data.caching.enabled = true (custom)
2022-11-03 05:23:13,185 [pool-187-thread-1] INFO  segmented.SegmentedRaftLogWorker (SegmentedRaftLogWorker.java:lambda$new$0(136)) - 236f0899-86ef-4b9d-9b64-54b2c41e9569@group-B5349C004512-SegmentedRaftLogWorker: flushIndex: setUnconditionally 0 -> -1
2022-11-03 05:23:13,186 [pool-187-thread-1] INFO  segmented.SegmentedRaftLogWorker (SegmentedRaftLogWorker.java:lambda$new$0(136)) - 236f0899-86ef-4b9d-9b64-54b2c41e9569@group-B5349C004512-SegmentedRaftLogWorker: safeCacheEvictIndex: setUnconditionally 0 -> -1
2022-11-03 05:23:13,188 [pool-187-thread-1] INFO  server.RaftServer$Division (RaftServerImpl.java:start(334)) - 236f0899-86ef-4b9d-9b64-54b2c41e9569@group-B5349C004512: start as a follower, conf=-1: peers:[236f0899-86ef-4b9d-9b64-54b2c41e9569|rpc:10.1.1.42:45985|dataStream:|priority:0|startupRole:FOLLOWER, 5ddfe129-1b79-40ed-b807-03daa2e9053a|rpc:10.1.1.42:37873|dataStream:|priority:0|startupRole:FOLLOWER, 3459717f-89f3-488b-978e-7216d8acef6a|rpc:10.1.1.42:37511|dataStream:|priority:1|startupRole:FOLLOWER]|listeners:[], old=null
2022-11-03 05:23:13,188 [pool-187-thread-1] INFO  server.RaftServer$Division (RaftServerImpl.java:setRole(321)) - 236f0899-86ef-4b9d-9b64-54b2c41e9569@group-B5349C004512: changes role from      null to FOLLOWER at term 0 for startAsFollower
2022-11-03 05:23:13,188 [pool-187-thread-1] INFO  impl.RoleInfo (RoleInfo.java:updateAndGet(139)) - 236f0899-86ef-4b9d-9b64-54b2c41e9569: start 236f0899-86ef-4b9d-9b64-54b2c41e9569@group-B5349C004512-FollowerState
2022-11-03 05:23:13,193 [pool-187-thread-1] INFO  util.JmxRegister (JmxRegister.java:tryRegister(44)) - Successfully registered JMX Bean with object name Ratis:service=RaftServer,group=group-B5349C004512,id=236f0899-86ef-4b9d-9b64-54b2c41e9569
2022-11-03 05:23:13,193 [pool-187-thread-1] INFO  server.RaftServerConfigKeys (ConfUtils.java:logGet(46)) - raft.server.snapshot.auto.trigger.enabled = true (custom)
2022-11-03 05:23:13,193 [pool-187-thread-1] INFO  server.RaftServerConfigKeys (ConfUtils.java:logGet(46)) - raft.server.snapshot.auto.trigger.threshold = 10000 (custom)
2022-11-03 05:23:13,193 [pool-187-thread-1] INFO  server.RaftServerConfigKeys (ConfUtils.java:logGet(46)) - raft.server.snapshot.retention.file.num = 5 (custom)
2022-11-03 05:23:13,193 [pool-187-thread-1] INFO  server.RaftServerConfigKeys (ConfUtils.java:logGet(46)) - raft.server.log.purge.upto.snapshot.index = false (default)
2022-11-03 05:23:13,194 [236f0899-86ef-4b9d-9b64-54b2c41e9569@group-B5349C004512-FollowerState] INFO  server.RaftServerConfigKeys (ConfUtils.java:logFallback(53)) - raft.server.rpc.first-election.timeout.min = 5s (fallback to raft.server.rpc.timeout.min)
2022-11-03 05:23:13,195 [236f0899-86ef-4b9d-9b64-54b2c41e9569@group-B5349C004512-FollowerState] INFO  server.RaftServerConfigKeys (ConfUtils.java:logFallback(53)) - raft.server.rpc.first-election.timeout.max = 5200ms (fallback to raft.server.rpc.timeout.max)
2022-11-03 05:23:13,198 [Listener at 127.0.0.1/40235] INFO  ozone.MiniOzoneClusterImpl (MiniOzoneClusterImpl.java:lambda$waitForClusterToBeReady$0(216)) - Nodes are ready. Got 10 of 10 DN Heartbeats.
2022-11-03 05:23:13,198 [Listener at 127.0.0.1/40235] INFO  ozone.MiniOzoneClusterImpl (MiniOzoneClusterImpl.java:lambda$waitForClusterToBeReady$0(219)) - Waiting for cluster to exit safe mode
2022-11-03 05:23:13,198 [Listener at 127.0.0.1/40235] INFO  ozone.MiniOzoneClusterImpl (MiniOzoneClusterImpl.java:lambda$waitForClusterToBeReady$0(221)) - SCM became leader
2022-11-03 05:23:13,228 [grpc-default-executor-0] INFO  server.RaftServer (RaftServerProxy.java:addNew(96)) - 5ddfe129-1b79-40ed-b807-03daa2e9053a: addNew group-B5349C004512:[236f0899-86ef-4b9d-9b64-54b2c41e9569|rpc:10.1.1.42:45985|dataStream:|priority:0|startupRole:FOLLOWER, 5ddfe129-1b79-40ed-b807-03daa2e9053a|rpc:10.1.1.42:37873|dataStream:|priority:0|startupRole:FOLLOWER, 3459717f-89f3-488b-978e-7216d8acef6a|rpc:10.1.1.42:37511|dataStream:|priority:1|startupRole:FOLLOWER] returns group-B5349C004512:java.util.concurrent.CompletableFuture@e4521e0[Not completed]
2022-11-03 05:23:13,232 [pool-164-thread-1] INFO  server.RaftServer$Division (RaftServerImpl.java:<init>(195)) - 5ddfe129-1b79-40ed-b807-03daa2e9053a: new RaftServerImpl for group-B5349C004512:[236f0899-86ef-4b9d-9b64-54b2c41e9569|rpc:10.1.1.42:45985|dataStream:|priority:0|startupRole:FOLLOWER, 5ddfe129-1b79-40ed-b807-03daa2e9053a|rpc:10.1.1.42:37873|dataStream:|priority:0|startupRole:FOLLOWER, 3459717f-89f3-488b-978e-7216d8acef6a|rpc:10.1.1.42:37511|dataStream:|priority:1|startupRole:FOLLOWER] with ContainerStateMachine:uninitialized
2022-11-03 05:23:13,233 [pool-164-thread-1] INFO  server.RaftServerConfigKeys (ConfUtils.java:logGet(46)) - raft.server.rpc.timeout.min = 5s (custom)
2022-11-03 05:23:13,233 [pool-164-thread-1] INFO  server.RaftServerConfigKeys (ConfUtils.java:logGet(46)) - raft.server.rpc.timeout.max = 5200ms (custom)
2022-11-03 05:23:13,233 [pool-164-thread-1] INFO  server.RaftServerConfigKeys (ConfUtils.java:logGet(46)) - raft.server.rpc.sleep.time = 25ms (default)
2022-11-03 05:23:13,233 [pool-164-thread-1] INFO  server.RaftServerConfigKeys (ConfUtils.java:logGet(46)) - raft.server.rpc.slowness.timeout = 300s (custom)
2022-11-03 05:23:13,233 [pool-164-thread-1] INFO  server.RaftServerConfigKeys (ConfUtils.java:logGet(46)) - raft.server.leaderelection.leader.step-down.wait-time = 10s (default)
2022-11-03 05:23:13,233 [pool-164-thread-1] INFO  server.RaftServerConfigKeys (ConfUtils.java:logGet(46)) - raft.server.sleep.deviation.threshold = 300ms (default)
2022-11-03 05:23:13,233 [pool-164-thread-1] INFO  server.RaftServer$Division (ServerState.java:<init>(118)) - 5ddfe129-1b79-40ed-b807-03daa2e9053a@group-B5349C004512: ConfigurationManager, init=-1: peers:[236f0899-86ef-4b9d-9b64-54b2c41e9569|rpc:10.1.1.42:45985|dataStream:|priority:0|startupRole:FOLLOWER, 5ddfe129-1b79-40ed-b807-03daa2e9053a|rpc:10.1.1.42:37873|dataStream:|priority:0|startupRole:FOLLOWER, 3459717f-89f3-488b-978e-7216d8acef6a|rpc:10.1.1.42:37511|dataStream:|priority:1|startupRole:FOLLOWER]|listeners:[], old=null, confs=<EMPTY_MAP>
2022-11-03 05:23:13,233 [pool-164-thread-1] INFO  server.RaftServerConfigKeys (ConfUtils.java:logGet(46)) - raft.server.storage.dir = [/home/runner/work/ozone/ozone/hadoop-ozone/integration-test/target/test-dir/MiniOzoneClusterImpl-a947a097-fc53-45d1-b902-fe1272537128/datanode-4/data/ratis] (custom)
2022-11-03 05:23:13,233 [pool-164-thread-1] INFO  server.RaftServerConfigKeys (ConfUtils.java:logGet(46)) - raft.server.log.corruption.policy = EXCEPTION (default)
2022-11-03 05:23:13,234 [pool-164-thread-1] INFO  server.RaftServerConfigKeys (ConfUtils.java:logGet(46)) - raft.server.storage.free-space.min = 0MB (=0) (default)
2022-11-03 05:23:13,234 [pool-164-thread-1] INFO  server.RaftServerConfigKeys (ConfUtils.java:logGet(46)) - raft.server.notification.no-leader.timeout = 300s (custom)
2022-11-03 05:23:13,234 [pool-164-thread-1] INFO  server.RaftServerConfigKeys (ConfUtils.java:logGet(46)) - raft.server.retrycache.expirytime = 600000ms (custom)
2022-11-03 05:23:13,234 [pool-164-thread-1] INFO  server.RaftServerConfigKeys (ConfUtils.java:logGet(46)) - raft.server.retrycache.statistics.expirytime = 100μs (default)
2022-11-03 05:23:13,235 [pool-164-thread-1] INFO  server.RaftServerConfigKeys (ConfUtils.java:logGet(46)) - raft.server.log.appender.install.snapshot.enabled = false (custom)
2022-11-03 05:23:13,235 [pool-164-thread-1] INFO  server.RaftServerConfigKeys (ConfUtils.java:logGet(46)) - raft.server.threadpool.server.cached = true (default)
2022-11-03 05:23:13,235 [pool-164-thread-1] INFO  server.RaftServerConfigKeys (ConfUtils.java:logGet(46)) - raft.server.threadpool.server.size = 0 (default)
2022-11-03 05:23:13,235 [pool-164-thread-1] INFO  server.RaftServerConfigKeys (ConfUtils.java:logGet(46)) - raft.server.threadpool.client.cached = true (default)
2022-11-03 05:23:13,236 [pool-164-thread-1] INFO  server.RaftServerConfigKeys (ConfUtils.java:logGet(46)) - raft.server.threadpool.client.size = 0 (default)
2022-11-03 05:23:13,236 [pool-164-thread-1] INFO  storage.RaftStorageDirectory (RaftStorageDirectoryImpl.java:analyzeStorage(137)) - The storage directory /home/runner/work/ozone/ozone/hadoop-ozone/integration-test/target/test-dir/MiniOzoneClusterImpl-a947a097-fc53-45d1-b902-fe1272537128/datanode-4/data/ratis/6573f3b5-bbfa-4a8b-967b-b5349c004512 does not exist. Creating ...
2022-11-03 05:23:13,237 [pool-164-thread-1] INFO  storage.RaftStorageDirectory (RaftStorageDirectoryImpl.java:tryLock(231)) - Lock on /home/runner/work/ozone/ozone/hadoop-ozone/integration-test/target/test-dir/MiniOzoneClusterImpl-a947a097-fc53-45d1-b902-fe1272537128/datanode-4/data/ratis/6573f3b5-bbfa-4a8b-967b-b5349c004512/in_use.lock acquired by nodename 14756@fv-az119-847
2022-11-03 05:23:13,238 [pool-164-thread-1] INFO  storage.RaftStorage (RaftStorageImpl.java:format(96)) - Storage directory /home/runner/work/ozone/ozone/hadoop-ozone/integration-test/target/test-dir/MiniOzoneClusterImpl-a947a097-fc53-45d1-b902-fe1272537128/datanode-4/data/ratis/6573f3b5-bbfa-4a8b-967b-b5349c004512 has been successfully formatted.
2022-11-03 05:23:13,241 [pool-164-thread-1] INFO  ratis.ContainerStateMachine (ContainerStateMachine.java:loadSnapshot(236)) - group-B5349C004512: The snapshot info is null. Setting the last applied indexto:(t:0, i:~)
2022-11-03 05:23:13,241 [pool-164-thread-1] INFO  server.RaftServerConfigKeys (ConfUtils.java:logGet(46)) - raft.server.log.use.memory = false (default)
2022-11-03 05:23:13,241 [pool-164-thread-1] INFO  server.RaftServerConfigKeys (ConfUtils.java:logGet(46)) - raft.server.log.purge.gap = 1000000 (custom)
2022-11-03 05:23:13,241 [pool-164-thread-1] INFO  server.RaftServerConfigKeys (ConfUtils.java:logGet(46)) - raft.server.log.appender.buffer.byte-limit = 33554432 (custom)
2022-11-03 05:23:13,241 [pool-164-thread-1] INFO  server.RaftServerConfigKeys (ConfUtils.java:logGet(46)) - raft.server.log.statemachine.data.read.timeout = 1000ms (default)
2022-11-03 05:23:13,242 [pool-164-thread-1] INFO  server.RaftServerConfigKeys (ConfUtils.java:logGet(46)) - raft.server.log.purge.preservation.log.num = 0 (default)
2022-11-03 05:23:13,242 [pool-164-thread-1] INFO  server.RaftServerConfigKeys (ConfUtils.java:logGet(46)) - raft.server.log.segment.size.max = 1048576 (custom)
2022-11-03 05:23:13,242 [pool-164-thread-1] INFO  server.RaftServerConfigKeys (ConfUtils.java:logGet(46)) - raft.server.log.segment.cache.num.max = 2 (custom)
2022-11-03 05:23:13,242 [pool-164-thread-1] INFO  server.RaftServerConfigKeys (ConfUtils.java:logGet(46)) - raft.server.log.segment.cache.size.max = 200MB (=209715200) (default)
2022-11-03 05:23:13,242 [pool-164-thread-1] INFO  segmented.SegmentedRaftLogWorker (SegmentedRaftLogWorker.java:<init>(191)) - new 5ddfe129-1b79-40ed-b807-03daa2e9053a@group-B5349C004512-SegmentedRaftLogWorker for RaftStorageImpl:Storage Directory /home/runner/work/ozone/ozone/hadoop-ozone/integration-test/target/test-dir/MiniOzoneClusterImpl-a947a097-fc53-45d1-b902-fe1272537128/datanode-4/data/ratis/6573f3b5-bbfa-4a8b-967b-b5349c004512
2022-11-03 05:23:13,242 [pool-164-thread-1] INFO  server.RaftServerConfigKeys (ConfUtils.java:logGet(46)) - raft.server.log.queue.byte-limit = 4294967296 (custom)
2022-11-03 05:23:13,242 [pool-164-thread-1] INFO  server.RaftServerConfigKeys (ConfUtils.java:logGet(46)) - raft.server.log.queue.element-limit = 1024 (custom)
2022-11-03 05:23:13,243 [pool-164-thread-1] INFO  server.RaftServerConfigKeys (ConfUtils.java:logGet(46)) - raft.server.log.segment.size.max = 1048576 (custom)
2022-11-03 05:23:13,243 [pool-164-thread-1] INFO  server.RaftServerConfigKeys (ConfUtils.java:logGet(46)) - raft.server.log.preallocated.size = 16384 (custom)
2022-11-03 05:23:13,243 [pool-164-thread-1] INFO  server.RaftServerConfigKeys (ConfUtils.java:logGet(46)) - raft.server.log.force.sync.num = 128 (default)
2022-11-03 05:23:13,243 [pool-164-thread-1] INFO  server.RaftServerConfigKeys (ConfUtils.java:logGet(46)) - raft.server.log.statemachine.data.sync = true (default)
2022-11-03 05:23:13,243 [pool-164-thread-1] INFO  server.RaftServerConfigKeys (ConfUtils.java:logGet(46)) - raft.server.log.statemachine.data.sync.timeout = 10s (default)
2022-11-03 05:23:13,243 [pool-164-thread-1] INFO  server.RaftServerConfigKeys (ConfUtils.java:logGet(46)) - raft.server.log.statemachine.data.sync.timeout.retry = -1 (default)
2022-11-03 05:23:13,244 [pool-164-thread-1] INFO  server.RaftServerConfigKeys (ConfUtils.java:logGet(46)) - raft.server.log.write.buffer.size = 1048576 (custom)
2022-11-03 05:23:13,245 [pool-164-thread-1] INFO  server.RaftServerConfigKeys (ConfUtils.java:logGet(46)) - raft.server.log.unsafe-flush.enabled = false (default)
2022-11-03 05:23:13,245 [pool-164-thread-1] INFO  server.RaftServerConfigKeys (ConfUtils.java:logGet(46)) - raft.server.log.async-flush.enabled = false (default)
2022-11-03 05:23:13,245 [pool-164-thread-1] INFO  server.RaftServerConfigKeys (ConfUtils.java:logGet(46)) - raft.server.log.statemachine.data.caching.enabled = true (custom)
2022-11-03 05:23:13,245 [pool-164-thread-1] INFO  segmented.SegmentedRaftLogWorker (SegmentedRaftLogWorker.java:lambda$new$0(136)) - 5ddfe129-1b79-40ed-b807-03daa2e9053a@group-B5349C004512-SegmentedRaftLogWorker: flushIndex: setUnconditionally 0 -> -1
2022-11-03 05:23:13,245 [pool-164-thread-1] INFO  segmented.SegmentedRaftLogWorker (SegmentedRaftLogWorker.java:lambda$new$0(136)) - 5ddfe129-1b79-40ed-b807-03daa2e9053a@group-B5349C004512-SegmentedRaftLogWorker: safeCacheEvictIndex: setUnconditionally 0 -> -1
2022-11-03 05:23:13,245 [pool-164-thread-1] INFO  server.RaftServer$Division (RaftServerImpl.java:start(334)) - 5ddfe129-1b79-40ed-b807-03daa2e9053a@group-B5349C004512: start as a follower, conf=-1: peers:[236f0899-86ef-4b9d-9b64-54b2c41e9569|rpc:10.1.1.42:45985|dataStream:|priority:0|startupRole:FOLLOWER, 5ddfe129-1b79-40ed-b807-03daa2e9053a|rpc:10.1.1.42:37873|dataStream:|priority:0|startupRole:FOLLOWER, 3459717f-89f3-488b-978e-7216d8acef6a|rpc:10.1.1.42:37511|dataStream:|priority:1|startupRole:FOLLOWER]|listeners:[], old=null
2022-11-03 05:23:13,245 [pool-164-thread-1] INFO  server.RaftServer$Division (RaftServerImpl.java:setRole(321)) - 5ddfe129-1b79-40ed-b807-03daa2e9053a@group-B5349C004512: changes role from      null to FOLLOWER at term 0 for startAsFollower
2022-11-03 05:23:13,245 [pool-164-thread-1] INFO  impl.RoleInfo (RoleInfo.java:updateAndGet(139)) - 5ddfe129-1b79-40ed-b807-03daa2e9053a: start 5ddfe129-1b79-40ed-b807-03daa2e9053a@group-B5349C004512-FollowerState
2022-11-03 05:23:13,246 [pool-164-thread-1] INFO  util.JmxRegister (JmxRegister.java:tryRegister(44)) - Successfully registered JMX Bean with object name Ratis:service=RaftServer,group=group-B5349C004512,id=5ddfe129-1b79-40ed-b807-03daa2e9053a
2022-11-03 05:23:13,246 [5ddfe129-1b79-40ed-b807-03daa2e9053a@group-B5349C004512-FollowerState] INFO  server.RaftServerConfigKeys (ConfUtils.java:logFallback(53)) - raft.server.rpc.first-election.timeout.min = 5s (fallback to raft.server.rpc.timeout.min)
2022-11-03 05:23:13,247 [pool-164-thread-1] INFO  server.RaftServerConfigKeys (ConfUtils.java:logGet(46)) - raft.server.snapshot.auto.trigger.enabled = true (custom)
2022-11-03 05:23:13,247 [5ddfe129-1b79-40ed-b807-03daa2e9053a@group-B5349C004512-FollowerState] INFO  server.RaftServerConfigKeys (ConfUtils.java:logFallback(53)) - raft.server.rpc.first-election.timeout.max = 5200ms (fallback to raft.server.rpc.timeout.max)
2022-11-03 05:23:13,247 [pool-164-thread-1] INFO  server.RaftServerConfigKeys (ConfUtils.java:logGet(46)) - raft.server.snapshot.auto.trigger.threshold = 10000 (custom)
2022-11-03 05:23:13,247 [pool-164-thread-1] INFO  server.RaftServerConfigKeys (ConfUtils.java:logGet(46)) - raft.server.snapshot.retention.file.num = 5 (custom)
2022-11-03 05:23:13,247 [pool-164-thread-1] INFO  server.RaftServerConfigKeys (ConfUtils.java:logGet(46)) - raft.server.log.purge.upto.snapshot.index = false (default)
2022-11-03 05:23:13,253 [Command processor thread] INFO  commandhandler.CreatePipelineCommandHandler (CreatePipelineCommandHandler.java:handle(113)) - Created Pipeline RATIS THREE PipelineID=6573f3b5-bbfa-4a8b-967b-b5349c004512.
2022-11-03 05:23:13,253 [Command processor thread] INFO  server.RaftServer (RaftServerProxy.java:addNew(96)) - 3459717f-89f3-488b-978e-7216d8acef6a: addNew group-8A90670E2F53:[236f0899-86ef-4b9d-9b64-54b2c41e9569|rpc:10.1.1.42:45985|priority:1|startupRole:FOLLOWER, 3459717f-89f3-488b-978e-7216d8acef6a|rpc:10.1.1.42:37511|priority:0|startupRole:FOLLOWER, 5ddfe129-1b79-40ed-b807-03daa2e9053a|rpc:10.1.1.42:37873|priority:0|startupRole:FOLLOWER] returns group-8A90670E2F53:java.util.concurrent.CompletableFuture@6177800b[Not completed]
2022-11-03 05:23:13,254 [pool-141-thread-1] INFO  server.RaftServer$Division (RaftServerImpl.java:<init>(195)) - 3459717f-89f3-488b-978e-7216d8acef6a: new RaftServerImpl for group-8A90670E2F53:[236f0899-86ef-4b9d-9b64-54b2c41e9569|rpc:10.1.1.42:45985|priority:1|startupRole:FOLLOWER, 3459717f-89f3-488b-978e-7216d8acef6a|rpc:10.1.1.42:37511|priority:0|startupRole:FOLLOWER, 5ddfe129-1b79-40ed-b807-03daa2e9053a|rpc:10.1.1.42:37873|priority:0|startupRole:FOLLOWER] with ContainerStateMachine:uninitialized
2022-11-03 05:23:13,254 [pool-141-thread-1] INFO  server.RaftServerConfigKeys (ConfUtils.java:logGet(46)) - raft.server.rpc.timeout.min = 5s (custom)
2022-11-03 05:23:13,254 [pool-141-thread-1] INFO  server.RaftServerConfigKeys (ConfUtils.java:logGet(46)) - raft.server.rpc.timeout.max = 5200ms (custom)
2022-11-03 05:23:13,254 [pool-141-thread-1] INFO  server.RaftServerConfigKeys (ConfUtils.java:logGet(46)) - raft.server.rpc.sleep.time = 25ms (default)
2022-11-03 05:23:13,254 [pool-141-thread-1] INFO  server.RaftServerConfigKeys (ConfUtils.java:logGet(46)) - raft.server.rpc.slowness.timeout = 300s (custom)
2022-11-03 05:23:13,254 [pool-141-thread-1] INFO  server.RaftServerConfigKeys (ConfUtils.java:logGet(46)) - raft.server.leaderelection.leader.step-down.wait-time = 10s (default)
2022-11-03 05:23:13,254 [pool-141-thread-1] INFO  server.RaftServerConfigKeys (ConfUtils.java:logGet(46)) - raft.server.sleep.deviation.threshold = 300ms (default)
2022-11-03 05:23:13,254 [pool-141-thread-1] INFO  server.RaftServer$Division (ServerState.java:<init>(118)) - 3459717f-89f3-488b-978e-7216d8acef6a@group-8A90670E2F53: ConfigurationManager, init=-1: peers:[236f0899-86ef-4b9d-9b64-54b2c41e9569|rpc:10.1.1.42:45985|priority:1|startupRole:FOLLOWER, 3459717f-89f3-488b-978e-7216d8acef6a|rpc:10.1.1.42:37511|priority:0|startupRole:FOLLOWER, 5ddfe129-1b79-40ed-b807-03daa2e9053a|rpc:10.1.1.42:37873|priority:0|startupRole:FOLLOWER]|listeners:[], old=null, confs=<EMPTY_MAP>
2022-11-03 05:23:13,254 [pool-141-thread-1] INFO  server.RaftServerConfigKeys (ConfUtils.java:logGet(46)) - raft.server.storage.dir = [/home/runner/work/ozone/ozone/hadoop-ozone/integration-test/target/test-dir/MiniOzoneClusterImpl-a947a097-fc53-45d1-b902-fe1272537128/datanode-3/data/ratis] (custom)
2022-11-03 05:23:13,254 [pool-141-thread-1] INFO  server.RaftServerConfigKeys (ConfUtils.java:logGet(46)) - raft.server.log.corruption.policy = EXCEPTION (default)
2022-11-03 05:23:13,254 [pool-141-thread-1] INFO  server.RaftServerConfigKeys (ConfUtils.java:logGet(46)) - raft.server.storage.free-space.min = 0MB (=0) (default)
2022-11-03 05:23:13,254 [pool-141-thread-1] INFO  server.RaftServerConfigKeys (ConfUtils.java:logGet(46)) - raft.server.notification.no-leader.timeout = 300s (custom)
2022-11-03 05:23:13,254 [pool-141-thread-1] INFO  server.RaftServerConfigKeys (ConfUtils.java:logGet(46)) - raft.server.retrycache.expirytime = 600000ms (custom)
2022-11-03 05:23:13,254 [pool-141-thread-1] INFO  server.RaftServerConfigKeys (ConfUtils.java:logGet(46)) - raft.server.retrycache.statistics.expirytime = 100μs (default)
2022-11-03 05:23:13,255 [pool-141-thread-1] INFO  server.RaftServerConfigKeys (ConfUtils.java:logGet(46)) - raft.server.log.appender.install.snapshot.enabled = false (custom)
2022-11-03 05:23:13,255 [pool-141-thread-1] INFO  server.RaftServerConfigKeys (ConfUtils.java:logGet(46)) - raft.server.threadpool.server.cached = true (default)
2022-11-03 05:23:13,255 [pool-141-thread-1] INFO  server.RaftServerConfigKeys (ConfUtils.java:logGet(46)) - raft.server.threadpool.server.size = 0 (default)
2022-11-03 05:23:13,255 [pool-141-thread-1] INFO  server.RaftServerConfigKeys (ConfUtils.java:logGet(46)) - raft.server.threadpool.client.cached = true (default)
2022-11-03 05:23:13,255 [pool-141-thread-1] INFO  server.RaftServerConfigKeys (ConfUtils.java:logGet(46)) - raft.server.threadpool.client.size = 0 (default)
2022-11-03 05:23:13,256 [pool-141-thread-1] INFO  storage.RaftStorageDirectory (RaftStorageDirectoryImpl.java:analyzeStorage(137)) - The storage directory /home/runner/work/ozone/ozone/hadoop-ozone/integration-test/target/test-dir/MiniOzoneClusterImpl-a947a097-fc53-45d1-b902-fe1272537128/datanode-3/data/ratis/6712345d-f63f-4731-a5e0-8a90670e2f53 does not exist. Creating ...
2022-11-03 05:23:13,256 [pool-141-thread-1] INFO  storage.RaftStorageDirectory (RaftStorageDirectoryImpl.java:tryLock(231)) - Lock on /home/runner/work/ozone/ozone/hadoop-ozone/integration-test/target/test-dir/MiniOzoneClusterImpl-a947a097-fc53-45d1-b902-fe1272537128/datanode-3/data/ratis/6712345d-f63f-4731-a5e0-8a90670e2f53/in_use.lock acquired by nodename 14756@fv-az119-847
2022-11-03 05:23:13,257 [pool-141-thread-1] INFO  storage.RaftStorage (RaftStorageImpl.java:format(96)) - Storage directory /home/runner/work/ozone/ozone/hadoop-ozone/integration-test/target/test-dir/MiniOzoneClusterImpl-a947a097-fc53-45d1-b902-fe1272537128/datanode-3/data/ratis/6712345d-f63f-4731-a5e0-8a90670e2f53 has been successfully formatted.
2022-11-03 05:23:13,258 [pool-141-thread-1] INFO  ratis.ContainerStateMachine (ContainerStateMachine.java:loadSnapshot(236)) - group-8A90670E2F53: The snapshot info is null. Setting the last applied indexto:(t:0, i:~)
2022-11-03 05:23:13,258 [pool-141-thread-1] INFO  server.RaftServerConfigKeys (ConfUtils.java:logGet(46)) - raft.server.log.use.memory = false (default)
2022-11-03 05:23:13,258 [pool-141-thread-1] INFO  server.RaftServerConfigKeys (ConfUtils.java:logGet(46)) - raft.server.log.purge.gap = 1000000 (custom)
2022-11-03 05:23:13,258 [pool-141-thread-1] INFO  server.RaftServerConfigKeys (ConfUtils.java:logGet(46)) - raft.server.log.appender.buffer.byte-limit = 33554432 (custom)
2022-11-03 05:23:13,258 [pool-141-thread-1] INFO  server.RaftServerConfigKeys (ConfUtils.java:logGet(46)) - raft.server.log.statemachine.data.read.timeout = 1000ms (default)
2022-11-03 05:23:13,258 [pool-141-thread-1] INFO  server.RaftServerConfigKeys (ConfUtils.java:logGet(46)) - raft.server.log.purge.preservation.log.num = 0 (default)
2022-11-03 05:23:13,258 [pool-141-thread-1] INFO  server.RaftServerConfigKeys (ConfUtils.java:logGet(46)) - raft.server.log.segment.size.max = 1048576 (custom)
2022-11-03 05:23:13,258 [pool-141-thread-1] INFO  server.RaftServerConfigKeys (ConfUtils.java:logGet(46)) - raft.server.log.segment.cache.num.max = 2 (custom)
2022-11-03 05:23:13,258 [pool-141-thread-1] INFO  server.RaftServerConfigKeys (ConfUtils.java:logGet(46)) - raft.server.log.segment.cache.size.max = 200MB (=209715200) (default)
2022-11-03 05:23:13,258 [pool-141-thread-1] INFO  segmented.SegmentedRaftLogWorker (SegmentedRaftLogWorker.java:<init>(191)) - new 3459717f-89f3-488b-978e-7216d8acef6a@group-8A90670E2F53-SegmentedRaftLogWorker for RaftStorageImpl:Storage Directory /home/runner/work/ozone/ozone/hadoop-ozone/integration-test/target/test-dir/MiniOzoneClusterImpl-a947a097-fc53-45d1-b902-fe1272537128/datanode-3/data/ratis/6712345d-f63f-4731-a5e0-8a90670e2f53
2022-11-03 05:23:13,258 [pool-141-thread-1] INFO  server.RaftServerConfigKeys (ConfUtils.java:logGet(46)) - raft.server.log.queue.byte-limit = 4294967296 (custom)
2022-11-03 05:23:13,258 [pool-141-thread-1] INFO  server.RaftServerConfigKeys (ConfUtils.java:logGet(46)) - raft.server.log.queue.element-limit = 1024 (custom)
2022-11-03 05:23:13,258 [pool-141-thread-1] INFO  server.RaftServerConfigKeys (ConfUtils.java:logGet(46)) - raft.server.log.segment.size.max = 1048576 (custom)
2022-11-03 05:23:13,259 [pool-141-thread-1] INFO  server.RaftServerConfigKeys (ConfUtils.java:logGet(46)) - raft.server.log.preallocated.size = 16384 (custom)
2022-11-03 05:23:13,259 [pool-141-thread-1] INFO  server.RaftServerConfigKeys (ConfUtils.java:logGet(46)) - raft.server.log.force.sync.num = 128 (default)
2022-11-03 05:23:13,259 [pool-141-thread-1] INFO  server.RaftServerConfigKeys (ConfUtils.java:logGet(46)) - raft.server.log.statemachine.data.sync = true (default)
2022-11-03 05:23:13,260 [EventQueue-OpenPipelineForHealthyPipelineSafeModeRule] INFO  safemode.SCMSafeModeManager (HealthyPipelineSafeModeRule.java:process(137)) - SCM in safe mode. Healthy pipelines reported count is 0, required healthy pipeline reported count is 1
2022-11-03 05:23:13,267 [pool-141-thread-1] INFO  server.RaftServerConfigKeys (ConfUtils.java:logGet(46)) - raft.server.log.statemachine.data.sync.timeout = 10s (default)
2022-11-03 05:23:13,267 [pool-141-thread-1] INFO  server.RaftServerConfigKeys (ConfUtils.java:logGet(46)) - raft.server.log.statemachine.data.sync.timeout.retry = -1 (default)
2022-11-03 05:23:13,268 [pool-141-thread-1] INFO  server.RaftServerConfigKeys (ConfUtils.java:logGet(46)) - raft.server.log.write.buffer.size = 1048576 (custom)
2022-11-03 05:23:13,269 [pool-141-thread-1] INFO  server.RaftServerConfigKeys (ConfUtils.java:logGet(46)) - raft.server.log.unsafe-flush.enabled = false (default)
2022-11-03 05:23:13,269 [pool-141-thread-1] INFO  server.RaftServerConfigKeys (ConfUtils.java:logGet(46)) - raft.server.log.async-flush.enabled = false (default)
2022-11-03 05:23:13,269 [pool-141-thread-1] INFO  server.RaftServerConfigKeys (ConfUtils.java:logGet(46)) - raft.server.log.statemachine.data.caching.enabled = true (custom)
2022-11-03 05:23:13,269 [pool-141-thread-1] INFO  segmented.SegmentedRaftLogWorker (SegmentedRaftLogWorker.java:lambda$new$0(136)) - 3459717f-89f3-488b-978e-7216d8acef6a@group-8A90670E2F53-SegmentedRaftLogWorker: flushIndex: setUnconditionally 0 -> -1
2022-11-03 05:23:13,269 [pool-141-thread-1] INFO  segmented.SegmentedRaftLogWorker (SegmentedRaftLogWorker.java:lambda$new$0(136)) - 3459717f-89f3-488b-978e-7216d8acef6a@group-8A90670E2F53-SegmentedRaftLogWorker: safeCacheEvictIndex: setUnconditionally 0 -> -1
2022-11-03 05:23:13,270 [pool-141-thread-1] INFO  server.RaftServer$Division (RaftServerImpl.java:start(334)) - 3459717f-89f3-488b-978e-7216d8acef6a@group-8A90670E2F53: start as a follower, conf=-1: peers:[236f0899-86ef-4b9d-9b64-54b2c41e9569|rpc:10.1.1.42:45985|priority:1|startupRole:FOLLOWER, 3459717f-89f3-488b-978e-7216d8acef6a|rpc:10.1.1.42:37511|priority:0|startupRole:FOLLOWER, 5ddfe129-1b79-40ed-b807-03daa2e9053a|rpc:10.1.1.42:37873|priority:0|startupRole:FOLLOWER]|listeners:[], old=null
2022-11-03 05:23:13,270 [pool-141-thread-1] INFO  server.RaftServer$Division (RaftServerImpl.java:setRole(321)) - 3459717f-89f3-488b-978e-7216d8acef6a@group-8A90670E2F53: changes role from      null to FOLLOWER at term 0 for startAsFollower
2022-11-03 05:23:13,271 [pool-141-thread-1] INFO  impl.RoleInfo (RoleInfo.java:updateAndGet(139)) - 3459717f-89f3-488b-978e-7216d8acef6a: start 3459717f-89f3-488b-978e-7216d8acef6a@group-8A90670E2F53-FollowerState
2022-11-03 05:23:13,271 [pool-141-thread-1] INFO  util.JmxRegister (JmxRegister.java:tryRegister(44)) - Successfully registered JMX Bean with object name Ratis:service=RaftServer,group=group-8A90670E2F53,id=3459717f-89f3-488b-978e-7216d8acef6a
2022-11-03 05:23:13,271 [pool-141-thread-1] INFO  server.RaftServerConfigKeys (ConfUtils.java:logGet(46)) - raft.server.snapshot.auto.trigger.enabled = true (custom)
2022-11-03 05:23:13,271 [pool-141-thread-1] INFO  server.RaftServerConfigKeys (ConfUtils.java:logGet(46)) - raft.server.snapshot.auto.trigger.threshold = 10000 (custom)
2022-11-03 05:23:13,271 [pool-141-thread-1] INFO  server.RaftServerConfigKeys (ConfUtils.java:logGet(46)) - raft.server.snapshot.retention.file.num = 5 (custom)
2022-11-03 05:23:13,271 [pool-141-thread-1] INFO  server.RaftServerConfigKeys (ConfUtils.java:logGet(46)) - raft.server.log.purge.upto.snapshot.index = false (default)
2022-11-03 05:23:13,271 [3459717f-89f3-488b-978e-7216d8acef6a@group-8A90670E2F53-FollowerState] INFO  server.RaftServerConfigKeys (ConfUtils.java:logFallback(53)) - raft.server.rpc.first-election.timeout.min = 5s (fallback to raft.server.rpc.timeout.min)
2022-11-03 05:23:13,272 [3459717f-89f3-488b-978e-7216d8acef6a@group-8A90670E2F53-FollowerState] INFO  server.RaftServerConfigKeys (ConfUtils.java:logFallback(53)) - raft.server.rpc.first-election.timeout.max = 5200ms (fallback to raft.server.rpc.timeout.max)
2022-11-03 05:23:13,272 [Command processor thread] INFO  ratis.XceiverServerRatis (XceiverServerRatis.java:addGroup(765)) - Created group PipelineID=6712345d-f63f-4731-a5e0-8a90670e2f53
2022-11-03 05:23:13,283 [grpc-default-executor-0] INFO  server.RaftServer (RaftServerProxy.java:addNew(96)) - 236f0899-86ef-4b9d-9b64-54b2c41e9569: addNew group-8A90670E2F53:[236f0899-86ef-4b9d-9b64-54b2c41e9569|rpc:10.1.1.42:45985|dataStream:|priority:1|startupRole:FOLLOWER, 3459717f-89f3-488b-978e-7216d8acef6a|rpc:10.1.1.42:37511|dataStream:|priority:0|startupRole:FOLLOWER, 5ddfe129-1b79-40ed-b807-03daa2e9053a|rpc:10.1.1.42:37873|dataStream:|priority:0|startupRole:FOLLOWER] returns group-8A90670E2F53:java.util.concurrent.CompletableFuture@59672a3d[Not completed]
2022-11-03 05:23:13,283 [pool-187-thread-1] INFO  server.RaftServer$Division (RaftServerImpl.java:<init>(195)) - 236f0899-86ef-4b9d-9b64-54b2c41e9569: new RaftServerImpl for group-8A90670E2F53:[236f0899-86ef-4b9d-9b64-54b2c41e9569|rpc:10.1.1.42:45985|dataStream:|priority:1|startupRole:FOLLOWER, 3459717f-89f3-488b-978e-7216d8acef6a|rpc:10.1.1.42:37511|dataStream:|priority:0|startupRole:FOLLOWER, 5ddfe129-1b79-40ed-b807-03daa2e9053a|rpc:10.1.1.42:37873|dataStream:|priority:0|startupRole:FOLLOWER] with ContainerStateMachine:uninitialized
2022-11-03 05:23:13,283 [pool-187-thread-1] INFO  server.RaftServerConfigKeys (ConfUtils.java:logGet(46)) - raft.server.rpc.timeout.min = 5s (custom)
2022-11-03 05:23:13,284 [pool-187-thread-1] INFO  server.RaftServerConfigKeys (ConfUtils.java:logGet(46)) - raft.server.rpc.timeout.max = 5200ms (custom)
2022-11-03 05:23:13,284 [pool-187-thread-1] INFO  server.RaftServerConfigKeys (ConfUtils.java:logGet(46)) - raft.server.rpc.sleep.time = 25ms (default)
2022-11-03 05:23:13,284 [pool-187-thread-1] INFO  server.RaftServerConfigKeys (ConfUtils.java:logGet(46)) - raft.server.rpc.slowness.timeout = 300s (custom)
2022-11-03 05:23:13,284 [pool-187-thread-1] INFO  server.RaftServerConfigKeys (ConfUtils.java:logGet(46)) - raft.server.leaderelection.leader.step-down.wait-time = 10s (default)
2022-11-03 05:23:13,284 [pool-187-thread-1] INFO  server.RaftServerConfigKeys (ConfUtils.java:logGet(46)) - raft.server.sleep.deviation.threshold = 300ms (default)
2022-11-03 05:23:13,284 [pool-187-thread-1] INFO  server.RaftServer$Division (ServerState.java:<init>(118)) - 236f0899-86ef-4b9d-9b64-54b2c41e9569@group-8A90670E2F53: ConfigurationManager, init=-1: peers:[236f0899-86ef-4b9d-9b64-54b2c41e9569|rpc:10.1.1.42:45985|dataStream:|priority:1|startupRole:FOLLOWER, 3459717f-89f3-488b-978e-7216d8acef6a|rpc:10.1.1.42:37511|dataStream:|priority:0|startupRole:FOLLOWER, 5ddfe129-1b79-40ed-b807-03daa2e9053a|rpc:10.1.1.42:37873|dataStream:|priority:0|startupRole:FOLLOWER]|listeners:[], old=null, confs=<EMPTY_MAP>
2022-11-03 05:23:13,284 [pool-187-thread-1] INFO  server.RaftServerConfigKeys (ConfUtils.java:logGet(46)) - raft.server.storage.dir = [/home/runner/work/ozone/ozone/hadoop-ozone/integration-test/target/test-dir/MiniOzoneClusterImpl-a947a097-fc53-45d1-b902-fe1272537128/datanode-5/data/ratis] (custom)
2022-11-03 05:23:13,284 [pool-187-thread-1] INFO  server.RaftServerConfigKeys (ConfUtils.java:logGet(46)) - raft.server.log.corruption.policy = EXCEPTION (default)
2022-11-03 05:23:13,284 [pool-187-thread-1] INFO  server.RaftServerConfigKeys (ConfUtils.java:logGet(46)) - raft.server.storage.free-space.min = 0MB (=0) (default)
2022-11-03 05:23:13,284 [pool-187-thread-1] INFO  server.RaftServerConfigKeys (ConfUtils.java:logGet(46)) - raft.server.notification.no-leader.timeout = 300s (custom)
2022-11-03 05:23:13,284 [pool-187-thread-1] INFO  server.RaftServerConfigKeys (ConfUtils.java:logGet(46)) - raft.server.retrycache.expirytime = 600000ms (custom)
2022-11-03 05:23:13,284 [pool-187-thread-1] INFO  server.RaftServerConfigKeys (ConfUtils.java:logGet(46)) - raft.server.retrycache.statistics.expirytime = 100μs (default)
2022-11-03 05:23:13,285 [pool-187-thread-1] INFO  server.RaftServerConfigKeys (ConfUtils.java:logGet(46)) - raft.server.log.appender.install.snapshot.enabled = false (custom)
2022-11-03 05:23:13,286 [pool-187-thread-1] INFO  server.RaftServerConfigKeys (ConfUtils.java:logGet(46)) - raft.server.threadpool.server.cached = true (default)
2022-11-03 05:23:13,286 [pool-187-thread-1] INFO  server.RaftServerConfigKeys (ConfUtils.java:logGet(46)) - raft.server.threadpool.server.size = 0 (default)
2022-11-03 05:23:13,286 [pool-187-thread-1] INFO  server.RaftServerConfigKeys (ConfUtils.java:logGet(46)) - raft.server.threadpool.client.cached = true (default)
2022-11-03 05:23:13,286 [pool-187-thread-1] INFO  server.RaftServerConfigKeys (ConfUtils.java:logGet(46)) - raft.server.threadpool.client.size = 0 (default)
2022-11-03 05:23:13,286 [pool-187-thread-1] INFO  storage.RaftStorageDirectory (RaftStorageDirectoryImpl.java:analyzeStorage(137)) - The storage directory /home/runner/work/ozone/ozone/hadoop-ozone/integration-test/target/test-dir/MiniOzoneClusterImpl-a947a097-fc53-45d1-b902-fe1272537128/datanode-5/data/ratis/6712345d-f63f-4731-a5e0-8a90670e2f53 does not exist. Creating ...
2022-11-03 05:23:13,286 [pool-187-thread-1] INFO  storage.RaftStorageDirectory (RaftStorageDirectoryImpl.java:tryLock(231)) - Lock on /home/runner/work/ozone/ozone/hadoop-ozone/integration-test/target/test-dir/MiniOzoneClusterImpl-a947a097-fc53-45d1-b902-fe1272537128/datanode-5/data/ratis/6712345d-f63f-4731-a5e0-8a90670e2f53/in_use.lock acquired by nodename 14756@fv-az119-847
2022-11-03 05:23:13,287 [pool-187-thread-1] INFO  storage.RaftStorage (RaftStorageImpl.java:format(96)) - Storage directory /home/runner/work/ozone/ozone/hadoop-ozone/integration-test/target/test-dir/MiniOzoneClusterImpl-a947a097-fc53-45d1-b902-fe1272537128/datanode-5/data/ratis/6712345d-f63f-4731-a5e0-8a90670e2f53 has been successfully formatted.
2022-11-03 05:23:13,288 [pool-187-thread-1] INFO  ratis.ContainerStateMachine (ContainerStateMachine.java:loadSnapshot(236)) - group-8A90670E2F53: The snapshot info is null. Setting the last applied indexto:(t:0, i:~)
2022-11-03 05:23:13,288 [pool-187-thread-1] INFO  server.RaftServerConfigKeys (ConfUtils.java:logGet(46)) - raft.server.log.use.memory = false (default)
2022-11-03 05:23:13,288 [pool-187-thread-1] INFO  server.RaftServerConfigKeys (ConfUtils.java:logGet(46)) - raft.server.log.purge.gap = 1000000 (custom)
2022-11-03 05:23:13,288 [pool-187-thread-1] INFO  server.RaftServerConfigKeys (ConfUtils.java:logGet(46)) - raft.server.log.appender.buffer.byte-limit = 33554432 (custom)
2022-11-03 05:23:13,288 [pool-187-thread-1] INFO  server.RaftServerConfigKeys (ConfUtils.java:logGet(46)) - raft.server.log.statemachine.data.read.timeout = 1000ms (default)
2022-11-03 05:23:13,288 [pool-187-thread-1] INFO  server.RaftServerConfigKeys (ConfUtils.java:logGet(46)) - raft.server.log.purge.preservation.log.num = 0 (default)
2022-11-03 05:23:13,288 [pool-187-thread-1] INFO  server.RaftServerConfigKeys (ConfUtils.java:logGet(46)) - raft.server.log.segment.size.max = 1048576 (custom)
2022-11-03 05:23:13,289 [pool-187-thread-1] INFO  server.RaftServerConfigKeys (ConfUtils.java:logGet(46)) - raft.server.log.segment.cache.num.max = 2 (custom)
2022-11-03 05:23:13,289 [pool-187-thread-1] INFO  server.RaftServerConfigKeys (ConfUtils.java:logGet(46)) - raft.server.log.segment.cache.size.max = 200MB (=209715200) (default)
2022-11-03 05:23:13,289 [pool-187-thread-1] INFO  segmented.SegmentedRaftLogWorker (SegmentedRaftLogWorker.java:<init>(191)) - new 236f0899-86ef-4b9d-9b64-54b2c41e9569@group-8A90670E2F53-SegmentedRaftLogWorker for RaftStorageImpl:Storage Directory /home/runner/work/ozone/ozone/hadoop-ozone/integration-test/target/test-dir/MiniOzoneClusterImpl-a947a097-fc53-45d1-b902-fe1272537128/datanode-5/data/ratis/6712345d-f63f-4731-a5e0-8a90670e2f53
2022-11-03 05:23:13,289 [pool-187-thread-1] INFO  server.RaftServerConfigKeys (ConfUtils.java:logGet(46)) - raft.server.log.queue.byte-limit = 4294967296 (custom)
2022-11-03 05:23:13,289 [pool-187-thread-1] INFO  server.RaftServerConfigKeys (ConfUtils.java:logGet(46)) - raft.server.log.queue.element-limit = 1024 (custom)
2022-11-03 05:23:13,289 [pool-187-thread-1] INFO  server.RaftServerConfigKeys (ConfUtils.java:logGet(46)) - raft.server.log.segment.size.max = 1048576 (custom)
2022-11-03 05:23:13,289 [pool-187-thread-1] INFO  server.RaftServerConfigKeys (ConfUtils.java:logGet(46)) - raft.server.log.preallocated.size = 16384 (custom)
2022-11-03 05:23:13,289 [pool-187-thread-1] INFO  server.RaftServerConfigKeys (ConfUtils.java:logGet(46)) - raft.server.log.force.sync.num = 128 (default)
2022-11-03 05:23:13,289 [pool-187-thread-1] INFO  server.RaftServerConfigKeys (ConfUtils.java:logGet(46)) - raft.server.log.statemachine.data.sync = true (default)
2022-11-03 05:23:13,289 [pool-187-thread-1] INFO  server.RaftServerConfigKeys (ConfUtils.java:logGet(46)) - raft.server.log.statemachine.data.sync.timeout = 10s (default)
2022-11-03 05:23:13,289 [pool-187-thread-1] INFO  server.RaftServerConfigKeys (ConfUtils.java:logGet(46)) - raft.server.log.statemachine.data.sync.timeout.retry = -1 (default)
2022-11-03 05:23:13,290 [pool-187-thread-1] INFO  server.RaftServerConfigKeys (ConfUtils.java:logGet(46)) - raft.server.log.write.buffer.size = 1048576 (custom)
2022-11-03 05:23:13,293 [pool-187-thread-1] INFO  server.RaftServerConfigKeys (ConfUtils.java:logGet(46)) - raft.server.log.unsafe-flush.enabled = false (default)
2022-11-03 05:23:13,293 [pool-187-thread-1] INFO  server.RaftServerConfigKeys (ConfUtils.java:logGet(46)) - raft.server.log.async-flush.enabled = false (default)
2022-11-03 05:23:13,293 [pool-187-thread-1] INFO  server.RaftServerConfigKeys (ConfUtils.java:logGet(46)) - raft.server.log.statemachine.data.caching.enabled = true (custom)
2022-11-03 05:23:13,293 [pool-187-thread-1] INFO  segmented.SegmentedRaftLogWorker (SegmentedRaftLogWorker.java:lambda$new$0(136)) - 236f0899-86ef-4b9d-9b64-54b2c41e9569@group-8A90670E2F53-SegmentedRaftLogWorker: flushIndex: setUnconditionally 0 -> -1
2022-11-03 05:23:13,293 [pool-187-thread-1] INFO  segmented.SegmentedRaftLogWorker (SegmentedRaftLogWorker.java:lambda$new$0(136)) - 236f0899-86ef-4b9d-9b64-54b2c41e9569@group-8A90670E2F53-SegmentedRaftLogWorker: safeCacheEvictIndex: setUnconditionally 0 -> -1
2022-11-03 05:23:13,295 [pool-187-thread-1] INFO  server.RaftServer$Division (RaftServerImpl.java:start(334)) - 236f0899-86ef-4b9d-9b64-54b2c41e9569@group-8A90670E2F53: start as a follower, conf=-1: peers:[236f0899-86ef-4b9d-9b64-54b2c41e9569|rpc:10.1.1.42:45985|dataStream:|priority:1|startupRole:FOLLOWER, 3459717f-89f3-488b-978e-7216d8acef6a|rpc:10.1.1.42:37511|dataStream:|priority:0|startupRole:FOLLOWER, 5ddfe129-1b79-40ed-b807-03daa2e9053a|rpc:10.1.1.42:37873|dataStream:|priority:0|startupRole:FOLLOWER]|listeners:[], old=null
2022-11-03 05:23:13,295 [pool-187-thread-1] INFO  server.RaftServer$Division (RaftServerImpl.java:setRole(321)) - 236f0899-86ef-4b9d-9b64-54b2c41e9569@group-8A90670E2F53: changes role from      null to FOLLOWER at term 0 for startAsFollower
2022-11-03 05:23:13,295 [pool-187-thread-1] INFO  impl.RoleInfo (RoleInfo.java:updateAndGet(139)) - 236f0899-86ef-4b9d-9b64-54b2c41e9569: start 236f0899-86ef-4b9d-9b64-54b2c41e9569@group-8A90670E2F53-FollowerState
2022-11-03 05:23:13,295 [pool-187-thread-1] INFO  util.JmxRegister (JmxRegister.java:tryRegister(44)) - Successfully registered JMX Bean with object name Ratis:service=RaftServer,group=group-8A90670E2F53,id=236f0899-86ef-4b9d-9b64-54b2c41e9569
2022-11-03 05:23:13,296 [pool-187-thread-1] INFO  server.RaftServerConfigKeys (ConfUtils.java:logGet(46)) - raft.server.snapshot.auto.trigger.enabled = true (custom)
2022-11-03 05:23:13,296 [pool-187-thread-1] INFO  server.RaftServerConfigKeys (ConfUtils.java:logGet(46)) - raft.server.snapshot.auto.trigger.threshold = 10000 (custom)
2022-11-03 05:23:13,296 [pool-187-thread-1] INFO  server.RaftServerConfigKeys (ConfUtils.java:logGet(46)) - raft.server.snapshot.retention.file.num = 5 (custom)
2022-11-03 05:23:13,296 [pool-187-thread-1] INFO  server.RaftServerConfigKeys (ConfUtils.java:logGet(46)) - raft.server.log.purge.upto.snapshot.index = false (default)
2022-11-03 05:23:13,297 [236f0899-86ef-4b9d-9b64-54b2c41e9569@group-8A90670E2F53-FollowerState] INFO  server.RaftServerConfigKeys (ConfUtils.java:logFallback(53)) - raft.server.rpc.first-election.timeout.min = 5s (fallback to raft.server.rpc.timeout.min)
2022-11-03 05:23:13,297 [236f0899-86ef-4b9d-9b64-54b2c41e9569@group-8A90670E2F53-FollowerState] INFO  server.RaftServerConfigKeys (ConfUtils.java:logFallback(53)) - raft.server.rpc.first-election.timeout.max = 5200ms (fallback to raft.server.rpc.timeout.max)
2022-11-03 05:23:13,313 [grpc-default-executor-0] INFO  server.RaftServer (RaftServerProxy.java:addNew(96)) - 5ddfe129-1b79-40ed-b807-03daa2e9053a: addNew group-8A90670E2F53:[236f0899-86ef-4b9d-9b64-54b2c41e9569|rpc:10.1.1.42:45985|dataStream:|priority:1|startupRole:FOLLOWER, 3459717f-89f3-488b-978e-7216d8acef6a|rpc:10.1.1.42:37511|dataStream:|priority:0|startupRole:FOLLOWER, 5ddfe129-1b79-40ed-b807-03daa2e9053a|rpc:10.1.1.42:37873|dataStream:|priority:0|startupRole:FOLLOWER] returns group-8A90670E2F53:java.util.concurrent.CompletableFuture@eb53c2d[Not completed]
2022-11-03 05:23:13,314 [pool-164-thread-1] INFO  server.RaftServer$Division (RaftServerImpl.java:<init>(195)) - 5ddfe129-1b79-40ed-b807-03daa2e9053a: new RaftServerImpl for group-8A90670E2F53:[236f0899-86ef-4b9d-9b64-54b2c41e9569|rpc:10.1.1.42:45985|dataStream:|priority:1|startupRole:FOLLOWER, 3459717f-89f3-488b-978e-7216d8acef6a|rpc:10.1.1.42:37511|dataStream:|priority:0|startupRole:FOLLOWER, 5ddfe129-1b79-40ed-b807-03daa2e9053a|rpc:10.1.1.42:37873|dataStream:|priority:0|startupRole:FOLLOWER] with ContainerStateMachine:uninitialized
2022-11-03 05:23:13,314 [pool-164-thread-1] INFO  server.RaftServerConfigKeys (ConfUtils.java:logGet(46)) - raft.server.rpc.timeout.min = 5s (custom)
2022-11-03 05:23:13,314 [pool-164-thread-1] INFO  server.RaftServerConfigKeys (ConfUtils.java:logGet(46)) - raft.server.rpc.timeout.max = 5200ms (custom)
2022-11-03 05:23:13,314 [pool-164-thread-1] INFO  server.RaftServerConfigKeys (ConfUtils.java:logGet(46)) - raft.server.rpc.sleep.time = 25ms (default)
2022-11-03 05:23:13,314 [pool-164-thread-1] INFO  server.RaftServerConfigKeys (ConfUtils.java:logGet(46)) - raft.server.rpc.slowness.timeout = 300s (custom)
2022-11-03 05:23:13,314 [pool-164-thread-1] INFO  server.RaftServerConfigKeys (ConfUtils.java:logGet(46)) - raft.server.leaderelection.leader.step-down.wait-time = 10s (default)
2022-11-03 05:23:13,314 [pool-164-thread-1] INFO  server.RaftServerConfigKeys (ConfUtils.java:logGet(46)) - raft.server.sleep.deviation.threshold = 300ms (default)
2022-11-03 05:23:13,314 [pool-164-thread-1] INFO  server.RaftServer$Division (ServerState.java:<init>(118)) - 5ddfe129-1b79-40ed-b807-03daa2e9053a@group-8A90670E2F53: ConfigurationManager, init=-1: peers:[236f0899-86ef-4b9d-9b64-54b2c41e9569|rpc:10.1.1.42:45985|dataStream:|priority:1|startupRole:FOLLOWER, 3459717f-89f3-488b-978e-7216d8acef6a|rpc:10.1.1.42:37511|dataStream:|priority:0|startupRole:FOLLOWER, 5ddfe129-1b79-40ed-b807-03daa2e9053a|rpc:10.1.1.42:37873|dataStream:|priority:0|startupRole:FOLLOWER]|listeners:[], old=null, confs=<EMPTY_MAP>
2022-11-03 05:23:13,314 [pool-164-thread-1] INFO  server.RaftServerConfigKeys (ConfUtils.java:logGet(46)) - raft.server.storage.dir = [/home/runner/work/ozone/ozone/hadoop-ozone/integration-test/target/test-dir/MiniOzoneClusterImpl-a947a097-fc53-45d1-b902-fe1272537128/datanode-4/data/ratis] (custom)
2022-11-03 05:23:13,314 [pool-164-thread-1] INFO  server.RaftServerConfigKeys (ConfUtils.java:logGet(46)) - raft.server.log.corruption.policy = EXCEPTION (default)
2022-11-03 05:23:13,314 [pool-164-thread-1] INFO  server.RaftServerConfigKeys (ConfUtils.java:logGet(46)) - raft.server.storage.free-space.min = 0MB (=0) (default)
2022-11-03 05:23:13,314 [pool-164-thread-1] INFO  server.RaftServerConfigKeys (ConfUtils.java:logGet(46)) - raft.server.notification.no-leader.timeout = 300s (custom)
2022-11-03 05:23:13,314 [pool-164-thread-1] INFO  server.RaftServerConfigKeys (ConfUtils.java:logGet(46)) - raft.server.retrycache.expirytime = 600000ms (custom)
2022-11-03 05:23:13,315 [pool-164-thread-1] INFO  server.RaftServerConfigKeys (ConfUtils.java:logGet(46)) - raft.server.retrycache.statistics.expirytime = 100μs (default)
2022-11-03 05:23:13,316 [pool-164-thread-1] INFO  server.RaftServerConfigKeys (ConfUtils.java:logGet(46)) - raft.server.log.appender.install.snapshot.enabled = false (custom)
2022-11-03 05:23:13,316 [pool-164-thread-1] INFO  server.RaftServerConfigKeys (ConfUtils.java:logGet(46)) - raft.server.threadpool.server.cached = true (default)
2022-11-03 05:23:13,316 [pool-164-thread-1] INFO  server.RaftServerConfigKeys (ConfUtils.java:logGet(46)) - raft.server.threadpool.server.size = 0 (default)
2022-11-03 05:23:13,316 [pool-164-thread-1] INFO  server.RaftServerConfigKeys (ConfUtils.java:logGet(46)) - raft.server.threadpool.client.cached = true (default)
2022-11-03 05:23:13,316 [pool-164-thread-1] INFO  server.RaftServerConfigKeys (ConfUtils.java:logGet(46)) - raft.server.threadpool.client.size = 0 (default)
2022-11-03 05:23:13,316 [pool-164-thread-1] INFO  storage.RaftStorageDirectory (RaftStorageDirectoryImpl.java:analyzeStorage(137)) - The storage directory /home/runner/work/ozone/ozone/hadoop-ozone/integration-test/target/test-dir/MiniOzoneClusterImpl-a947a097-fc53-45d1-b902-fe1272537128/datanode-4/data/ratis/6712345d-f63f-4731-a5e0-8a90670e2f53 does not exist. Creating ...
2022-11-03 05:23:13,317 [pool-164-thread-1] INFO  storage.RaftStorageDirectory (RaftStorageDirectoryImpl.java:tryLock(231)) - Lock on /home/runner/work/ozone/ozone/hadoop-ozone/integration-test/target/test-dir/MiniOzoneClusterImpl-a947a097-fc53-45d1-b902-fe1272537128/datanode-4/data/ratis/6712345d-f63f-4731-a5e0-8a90670e2f53/in_use.lock acquired by nodename 14756@fv-az119-847
2022-11-03 05:23:13,317 [pool-164-thread-1] INFO  storage.RaftStorage (RaftStorageImpl.java:format(96)) - Storage directory /home/runner/work/ozone/ozone/hadoop-ozone/integration-test/target/test-dir/MiniOzoneClusterImpl-a947a097-fc53-45d1-b902-fe1272537128/datanode-4/data/ratis/6712345d-f63f-4731-a5e0-8a90670e2f53 has been successfully formatted.
2022-11-03 05:23:13,319 [pool-164-thread-1] INFO  ratis.ContainerStateMachine (ContainerStateMachine.java:loadSnapshot(236)) - group-8A90670E2F53: The snapshot info is null. Setting the last applied indexto:(t:0, i:~)
2022-11-03 05:23:13,319 [pool-164-thread-1] INFO  server.RaftServerConfigKeys (ConfUtils.java:logGet(46)) - raft.server.log.use.memory = false (default)
2022-11-03 05:23:13,319 [pool-164-thread-1] INFO  server.RaftServerConfigKeys (ConfUtils.java:logGet(46)) - raft.server.log.purge.gap = 1000000 (custom)
2022-11-03 05:23:13,319 [pool-164-thread-1] INFO  server.RaftServerConfigKeys (ConfUtils.java:logGet(46)) - raft.server.log.appender.buffer.byte-limit = 33554432 (custom)
2022-11-03 05:23:13,319 [pool-164-thread-1] INFO  server.RaftServerConfigKeys (ConfUtils.java:logGet(46)) - raft.server.log.statemachine.data.read.timeout = 1000ms (default)
2022-11-03 05:23:13,320 [pool-164-thread-1] INFO  server.RaftServerConfigKeys (ConfUtils.java:logGet(46)) - raft.server.log.purge.preservation.log.num = 0 (default)
2022-11-03 05:23:13,320 [pool-164-thread-1] INFO  server.RaftServerConfigKeys (ConfUtils.java:logGet(46)) - raft.server.log.segment.size.max = 1048576 (custom)
2022-11-03 05:23:13,320 [pool-164-thread-1] INFO  server.RaftServerConfigKeys (ConfUtils.java:logGet(46)) - raft.server.log.segment.cache.num.max = 2 (custom)
2022-11-03 05:23:13,320 [pool-164-thread-1] INFO  server.RaftServerConfigKeys (ConfUtils.java:logGet(46)) - raft.server.log.segment.cache.size.max = 200MB (=209715200) (default)
2022-11-03 05:23:13,320 [pool-164-thread-1] INFO  segmented.SegmentedRaftLogWorker (SegmentedRaftLogWorker.java:<init>(191)) - new 5ddfe129-1b79-40ed-b807-03daa2e9053a@group-8A90670E2F53-SegmentedRaftLogWorker for RaftStorageImpl:Storage Directory /home/runner/work/ozone/ozone/hadoop-ozone/integration-test/target/test-dir/MiniOzoneClusterImpl-a947a097-fc53-45d1-b902-fe1272537128/datanode-4/data/ratis/6712345d-f63f-4731-a5e0-8a90670e2f53
2022-11-03 05:23:13,320 [pool-164-thread-1] INFO  server.RaftServerConfigKeys (ConfUtils.java:logGet(46)) - raft.server.log.queue.byte-limit = 4294967296 (custom)
2022-11-03 05:23:13,320 [pool-164-thread-1] INFO  server.RaftServerConfigKeys (ConfUtils.java:logGet(46)) - raft.server.log.queue.element-limit = 1024 (custom)
2022-11-03 05:23:13,320 [pool-164-thread-1] INFO  server.RaftServerConfigKeys (ConfUtils.java:logGet(46)) - raft.server.log.segment.size.max = 1048576 (custom)
2022-11-03 05:23:13,320 [pool-164-thread-1] INFO  server.RaftServerConfigKeys (ConfUtils.java:logGet(46)) - raft.server.log.preallocated.size = 16384 (custom)
2022-11-03 05:23:13,320 [pool-164-thread-1] INFO  server.RaftServerConfigKeys (ConfUtils.java:logGet(46)) - raft.server.log.force.sync.num = 128 (default)
2022-11-03 05:23:13,320 [pool-164-thread-1] INFO  server.RaftServerConfigKeys (ConfUtils.java:logGet(46)) - raft.server.log.statemachine.data.sync = true (default)
2022-11-03 05:23:13,321 [pool-164-thread-1] INFO  server.RaftServerConfigKeys (ConfUtils.java:logGet(46)) - raft.server.log.statemachine.data.sync.timeout = 10s (default)
2022-11-03 05:23:13,321 [pool-164-thread-1] INFO  server.RaftServerConfigKeys (ConfUtils.java:logGet(46)) - raft.server.log.statemachine.data.sync.timeout.retry = -1 (default)
2022-11-03 05:23:13,321 [pool-164-thread-1] INFO  server.RaftServerConfigKeys (ConfUtils.java:logGet(46)) - raft.server.log.write.buffer.size = 1048576 (custom)
2022-11-03 05:23:13,322 [pool-164-thread-1] INFO  server.RaftServerConfigKeys (ConfUtils.java:logGet(46)) - raft.server.log.unsafe-flush.enabled = false (default)
2022-11-03 05:23:13,322 [pool-164-thread-1] INFO  server.RaftServerConfigKeys (ConfUtils.java:logGet(46)) - raft.server.log.async-flush.enabled = false (default)
2022-11-03 05:23:13,322 [pool-164-thread-1] INFO  server.RaftServerConfigKeys (ConfUtils.java:logGet(46)) - raft.server.log.statemachine.data.caching.enabled = true (custom)
2022-11-03 05:23:13,322 [pool-164-thread-1] INFO  segmented.SegmentedRaftLogWorker (SegmentedRaftLogWorker.java:lambda$new$0(136)) - 5ddfe129-1b79-40ed-b807-03daa2e9053a@group-8A90670E2F53-SegmentedRaftLogWorker: flushIndex: setUnconditionally 0 -> -1
2022-11-03 05:23:13,322 [pool-164-thread-1] INFO  segmented.SegmentedRaftLogWorker (SegmentedRaftLogWorker.java:lambda$new$0(136)) - 5ddfe129-1b79-40ed-b807-03daa2e9053a@group-8A90670E2F53-SegmentedRaftLogWorker: safeCacheEvictIndex: setUnconditionally 0 -> -1
2022-11-03 05:23:13,322 [pool-164-thread-1] INFO  server.RaftServer$Division (RaftServerImpl.java:start(334)) - 5ddfe129-1b79-40ed-b807-03daa2e9053a@group-8A90670E2F53: start as a follower, conf=-1: peers:[236f0899-86ef-4b9d-9b64-54b2c41e9569|rpc:10.1.1.42:45985|dataStream:|priority:1|startupRole:FOLLOWER, 3459717f-89f3-488b-978e-7216d8acef6a|rpc:10.1.1.42:37511|dataStream:|priority:0|startupRole:FOLLOWER, 5ddfe129-1b79-40ed-b807-03daa2e9053a|rpc:10.1.1.42:37873|dataStream:|priority:0|startupRole:FOLLOWER]|listeners:[], old=null
2022-11-03 05:23:13,322 [pool-164-thread-1] INFO  server.RaftServer$Division (RaftServerImpl.java:setRole(321)) - 5ddfe129-1b79-40ed-b807-03daa2e9053a@group-8A90670E2F53: changes role from      null to FOLLOWER at term 0 for startAsFollower
2022-11-03 05:23:13,323 [pool-164-thread-1] INFO  impl.RoleInfo (RoleInfo.java:updateAndGet(139)) - 5ddfe129-1b79-40ed-b807-03daa2e9053a: start 5ddfe129-1b79-40ed-b807-03daa2e9053a@group-8A90670E2F53-FollowerState
2022-11-03 05:23:13,323 [pool-164-thread-1] INFO  util.JmxRegister (JmxRegister.java:tryRegister(44)) - Successfully registered JMX Bean with object name Ratis:service=RaftServer,group=group-8A90670E2F53,id=5ddfe129-1b79-40ed-b807-03daa2e9053a
2022-11-03 05:23:13,323 [pool-164-thread-1] INFO  server.RaftServerConfigKeys (ConfUtils.java:logGet(46)) - raft.server.snapshot.auto.trigger.enabled = true (custom)
2022-11-03 05:23:13,323 [pool-164-thread-1] INFO  server.RaftServerConfigKeys (ConfUtils.java:logGet(46)) - raft.server.snapshot.auto.trigger.threshold = 10000 (custom)
2022-11-03 05:23:13,323 [pool-164-thread-1] INFO  server.RaftServerConfigKeys (ConfUtils.java:logGet(46)) - raft.server.snapshot.retention.file.num = 5 (custom)
2022-11-03 05:23:13,323 [pool-164-thread-1] INFO  server.RaftServerConfigKeys (ConfUtils.java:logGet(46)) - raft.server.log.purge.upto.snapshot.index = false (default)
2022-11-03 05:23:13,324 [5ddfe129-1b79-40ed-b807-03daa2e9053a@group-8A90670E2F53-FollowerState] INFO  server.RaftServerConfigKeys (ConfUtils.java:logFallback(53)) - raft.server.rpc.first-election.timeout.min = 5s (fallback to raft.server.rpc.timeout.min)
2022-11-03 05:23:13,328 [5ddfe129-1b79-40ed-b807-03daa2e9053a@group-8A90670E2F53-FollowerState] INFO  server.RaftServerConfigKeys (ConfUtils.java:logFallback(53)) - raft.server.rpc.first-election.timeout.max = 5200ms (fallback to raft.server.rpc.timeout.max)
2022-11-03 05:23:13,333 [Command processor thread] INFO  commandhandler.CreatePipelineCommandHandler (CreatePipelineCommandHandler.java:handle(113)) - Created Pipeline RATIS THREE PipelineID=6712345d-f63f-4731-a5e0-8a90670e2f53.
2022-11-03 05:23:13,437 [Command processor thread] INFO  server.RaftServer (RaftServerProxy.java:addNew(96)) - 5ddfe129-1b79-40ed-b807-03daa2e9053a: addNew group-E0D2A552C254:[5ddfe129-1b79-40ed-b807-03daa2e9053a|rpc:10.1.1.42:37873|priority:1|startupRole:FOLLOWER] returns group-E0D2A552C254:java.util.concurrent.CompletableFuture@3a7a7cd8[Not completed]
2022-11-03 05:23:13,438 [pool-164-thread-1] INFO  server.RaftServer$Division (RaftServerImpl.java:<init>(195)) - 5ddfe129-1b79-40ed-b807-03daa2e9053a: new RaftServerImpl for group-E0D2A552C254:[5ddfe129-1b79-40ed-b807-03daa2e9053a|rpc:10.1.1.42:37873|priority:1|startupRole:FOLLOWER] with ContainerStateMachine:uninitialized
2022-11-03 05:23:13,438 [pool-164-thread-1] INFO  server.RaftServerConfigKeys (ConfUtils.java:logGet(46)) - raft.server.rpc.timeout.min = 5s (custom)
2022-11-03 05:23:13,438 [pool-164-thread-1] INFO  server.RaftServerConfigKeys (ConfUtils.java:logGet(46)) - raft.server.rpc.timeout.max = 5200ms (custom)
2022-11-03 05:23:13,438 [pool-164-thread-1] INFO  server.RaftServerConfigKeys (ConfUtils.java:logGet(46)) - raft.server.rpc.sleep.time = 25ms (default)
2022-11-03 05:23:13,438 [pool-164-thread-1] INFO  server.RaftServerConfigKeys (ConfUtils.java:logGet(46)) - raft.server.rpc.slowness.timeout = 300s (custom)
2022-11-03 05:23:13,438 [pool-164-thread-1] INFO  server.RaftServerConfigKeys (ConfUtils.java:logGet(46)) - raft.server.leaderelection.leader.step-down.wait-time = 10s (default)
2022-11-03 05:23:13,438 [pool-164-thread-1] INFO  server.RaftServerConfigKeys (ConfUtils.java:logGet(46)) - raft.server.sleep.deviation.threshold = 300ms (default)
2022-11-03 05:23:13,439 [pool-164-thread-1] INFO  server.RaftServer$Division (ServerState.java:<init>(118)) - 5ddfe129-1b79-40ed-b807-03daa2e9053a@group-E0D2A552C254: ConfigurationManager, init=-1: peers:[5ddfe129-1b79-40ed-b807-03daa2e9053a|rpc:10.1.1.42:37873|priority:1|startupRole:FOLLOWER]|listeners:[], old=null, confs=<EMPTY_MAP>
2022-11-03 05:23:13,439 [pool-164-thread-1] INFO  server.RaftServerConfigKeys (ConfUtils.java:logGet(46)) - raft.server.storage.dir = [/home/runner/work/ozone/ozone/hadoop-ozone/integration-test/target/test-dir/MiniOzoneClusterImpl-a947a097-fc53-45d1-b902-fe1272537128/datanode-4/data/ratis] (custom)
2022-11-03 05:23:13,439 [pool-164-thread-1] INFO  server.RaftServerConfigKeys (ConfUtils.java:logGet(46)) - raft.server.log.corruption.policy = EXCEPTION (default)
2022-11-03 05:23:13,439 [pool-164-thread-1] INFO  server.RaftServerConfigKeys (ConfUtils.java:logGet(46)) - raft.server.storage.free-space.min = 0MB (=0) (default)
2022-11-03 05:23:13,439 [pool-164-thread-1] INFO  server.RaftServerConfigKeys (ConfUtils.java:logGet(46)) - raft.server.notification.no-leader.timeout = 300s (custom)
2022-11-03 05:23:13,439 [pool-164-thread-1] INFO  server.RaftServerConfigKeys (ConfUtils.java:logGet(46)) - raft.server.retrycache.expirytime = 600000ms (custom)
2022-11-03 05:23:13,439 [pool-164-thread-1] INFO  server.RaftServerConfigKeys (ConfUtils.java:logGet(46)) - raft.server.retrycache.statistics.expirytime = 100μs (default)
2022-11-03 05:23:13,440 [pool-164-thread-1] INFO  server.RaftServerConfigKeys (ConfUtils.java:logGet(46)) - raft.server.log.appender.install.snapshot.enabled = false (custom)
2022-11-03 05:23:13,440 [pool-164-thread-1] INFO  server.RaftServerConfigKeys (ConfUtils.java:logGet(46)) - raft.server.threadpool.server.cached = true (default)
2022-11-03 05:23:13,440 [pool-164-thread-1] INFO  server.RaftServerConfigKeys (ConfUtils.java:logGet(46)) - raft.server.threadpool.server.size = 0 (default)
2022-11-03 05:23:13,440 [pool-164-thread-1] INFO  server.RaftServerConfigKeys (ConfUtils.java:logGet(46)) - raft.server.threadpool.client.cached = true (default)
2022-11-03 05:23:13,440 [pool-164-thread-1] INFO  server.RaftServerConfigKeys (ConfUtils.java:logGet(46)) - raft.server.threadpool.client.size = 0 (default)
2022-11-03 05:23:13,441 [pool-164-thread-1] INFO  storage.RaftStorageDirectory (RaftStorageDirectoryImpl.java:analyzeStorage(137)) - The storage directory /home/runner/work/ozone/ozone/hadoop-ozone/integration-test/target/test-dir/MiniOzoneClusterImpl-a947a097-fc53-45d1-b902-fe1272537128/datanode-4/data/ratis/a1185fa8-471c-4249-9c3f-e0d2a552c254 does not exist. Creating ...
2022-11-03 05:23:13,441 [pool-164-thread-1] INFO  storage.RaftStorageDirectory (RaftStorageDirectoryImpl.java:tryLock(231)) - Lock on /home/runner/work/ozone/ozone/hadoop-ozone/integration-test/target/test-dir/MiniOzoneClusterImpl-a947a097-fc53-45d1-b902-fe1272537128/datanode-4/data/ratis/a1185fa8-471c-4249-9c3f-e0d2a552c254/in_use.lock acquired by nodename 14756@fv-az119-847
2022-11-03 05:23:13,442 [pool-164-thread-1] INFO  storage.RaftStorage (RaftStorageImpl.java:format(96)) - Storage directory /home/runner/work/ozone/ozone/hadoop-ozone/integration-test/target/test-dir/MiniOzoneClusterImpl-a947a097-fc53-45d1-b902-fe1272537128/datanode-4/data/ratis/a1185fa8-471c-4249-9c3f-e0d2a552c254 has been successfully formatted.
2022-11-03 05:23:13,443 [pool-164-thread-1] INFO  ratis.ContainerStateMachine (ContainerStateMachine.java:loadSnapshot(236)) - group-E0D2A552C254: The snapshot info is null. Setting the last applied indexto:(t:0, i:~)
2022-11-03 05:23:13,443 [pool-164-thread-1] INFO  server.RaftServerConfigKeys (ConfUtils.java:logGet(46)) - raft.server.log.use.memory = false (default)
2022-11-03 05:23:13,443 [pool-164-thread-1] INFO  server.RaftServerConfigKeys (ConfUtils.java:logGet(46)) - raft.server.log.purge.gap = 1000000 (custom)
2022-11-03 05:23:13,443 [pool-164-thread-1] INFO  server.RaftServerConfigKeys (ConfUtils.java:logGet(46)) - raft.server.log.appender.buffer.byte-limit = 33554432 (custom)
2022-11-03 05:23:13,443 [pool-164-thread-1] INFO  server.RaftServerConfigKeys (ConfUtils.java:logGet(46)) - raft.server.log.statemachine.data.read.timeout = 1000ms (default)
2022-11-03 05:23:13,443 [pool-164-thread-1] INFO  server.RaftServerConfigKeys (ConfUtils.java:logGet(46)) - raft.server.log.purge.preservation.log.num = 0 (default)
2022-11-03 05:23:13,443 [pool-164-thread-1] INFO  server.RaftServerConfigKeys (ConfUtils.java:logGet(46)) - raft.server.log.segment.size.max = 1048576 (custom)
2022-11-03 05:23:13,444 [EventQueue-PipelineReportForPipelineReportHandler] INFO  pipeline.PipelineManagerImpl (PipelineManagerImpl.java:openPipeline(367)) - Pipeline Pipeline[ Id: a1185fa8-471c-4249-9c3f-e0d2a552c254, Nodes: 5ddfe129-1b79-40ed-b807-03daa2e9053a{ip: 10.1.1.42, host: fv-az119-847.ca0t41jjrjaujd4nublazzptxb.cx.internal.cloudapp.net, ports: [REPLICATION=34451, RATIS=37873, RATIS_ADMIN=37873, RATIS_SERVER=37873, STANDALONE=38545], networkLocation: /default-rack, certSerialId: null, persistedOpState: IN_SERVICE, persistedOpStateExpiryEpochSec: 0}, ReplicationConfig: RATIS/ONE, State:ALLOCATED, leaderId:5ddfe129-1b79-40ed-b807-03daa2e9053a, CreationTimestamp2022-11-03T05:23:10.441Z[Etc/UTC]] moved to OPEN state
2022-11-03 05:23:13,444 [pool-164-thread-1] INFO  server.RaftServerConfigKeys (ConfUtils.java:logGet(46)) - raft.server.log.segment.cache.num.max = 2 (custom)
2022-11-03 05:23:13,444 [pool-164-thread-1] INFO  server.RaftServerConfigKeys (ConfUtils.java:logGet(46)) - raft.server.log.segment.cache.size.max = 200MB (=209715200) (default)
2022-11-03 05:23:13,444 [EventQueue-OpenPipelineForHealthyPipelineSafeModeRule] INFO  safemode.SCMSafeModeManager (HealthyPipelineSafeModeRule.java:process(137)) - SCM in safe mode. Healthy pipelines reported count is 0, required healthy pipeline reported count is 1
2022-11-03 05:23:13,444 [pool-164-thread-1] INFO  segmented.SegmentedRaftLogWorker (SegmentedRaftLogWorker.java:<init>(191)) - new 5ddfe129-1b79-40ed-b807-03daa2e9053a@group-E0D2A552C254-SegmentedRaftLogWorker for RaftStorageImpl:Storage Directory /home/runner/work/ozone/ozone/hadoop-ozone/integration-test/target/test-dir/MiniOzoneClusterImpl-a947a097-fc53-45d1-b902-fe1272537128/datanode-4/data/ratis/a1185fa8-471c-4249-9c3f-e0d2a552c254
2022-11-03 05:23:13,446 [pool-164-thread-1] INFO  server.RaftServerConfigKeys (ConfUtils.java:logGet(46)) - raft.server.log.queue.byte-limit = 4294967296 (custom)
2022-11-03 05:23:13,446 [pool-164-thread-1] INFO  server.RaftServerConfigKeys (ConfUtils.java:logGet(46)) - raft.server.log.queue.element-limit = 1024 (custom)
2022-11-03 05:23:13,446 [pool-164-thread-1] INFO  server.RaftServerConfigKeys (ConfUtils.java:logGet(46)) - raft.server.log.segment.size.max = 1048576 (custom)
2022-11-03 05:23:13,446 [pool-164-thread-1] INFO  server.RaftServerConfigKeys (ConfUtils.java:logGet(46)) - raft.server.log.preallocated.size = 16384 (custom)
2022-11-03 05:23:13,446 [pool-164-thread-1] INFO  server.RaftServerConfigKeys (ConfUtils.java:logGet(46)) - raft.server.log.force.sync.num = 128 (default)
2022-11-03 05:23:13,446 [pool-164-thread-1] INFO  server.RaftServerConfigKeys (ConfUtils.java:logGet(46)) - raft.server.log.statemachine.data.sync = true (default)
2022-11-03 05:23:13,446 [pool-164-thread-1] INFO  server.RaftServerConfigKeys (ConfUtils.java:logGet(46)) - raft.server.log.statemachine.data.sync.timeout = 10s (default)
2022-11-03 05:23:13,446 [pool-164-thread-1] INFO  server.RaftServerConfigKeys (ConfUtils.java:logGet(46)) - raft.server.log.statemachine.data.sync.timeout.retry = -1 (default)
2022-11-03 05:23:13,447 [pool-164-thread-1] INFO  server.RaftServerConfigKeys (ConfUtils.java:logGet(46)) - raft.server.log.write.buffer.size = 1048576 (custom)
2022-11-03 05:23:13,448 [pool-164-thread-1] INFO  server.RaftServerConfigKeys (ConfUtils.java:logGet(46)) - raft.server.log.unsafe-flush.enabled = false (default)
2022-11-03 05:23:13,448 [pool-164-thread-1] INFO  server.RaftServerConfigKeys (ConfUtils.java:logGet(46)) - raft.server.log.async-flush.enabled = false (default)
2022-11-03 05:23:13,448 [pool-164-thread-1] INFO  server.RaftServerConfigKeys (ConfUtils.java:logGet(46)) - raft.server.log.statemachine.data.caching.enabled = true (custom)
2022-11-03 05:23:13,448 [pool-164-thread-1] INFO  segmented.SegmentedRaftLogWorker (SegmentedRaftLogWorker.java:lambda$new$0(136)) - 5ddfe129-1b79-40ed-b807-03daa2e9053a@group-E0D2A552C254-SegmentedRaftLogWorker: flushIndex: setUnconditionally 0 -> -1
2022-11-03 05:23:13,448 [pool-164-thread-1] INFO  segmented.SegmentedRaftLogWorker (SegmentedRaftLogWorker.java:lambda$new$0(136)) - 5ddfe129-1b79-40ed-b807-03daa2e9053a@group-E0D2A552C254-SegmentedRaftLogWorker: safeCacheEvictIndex: setUnconditionally 0 -> -1
2022-11-03 05:23:13,448 [pool-164-thread-1] INFO  server.RaftServer$Division (RaftServerImpl.java:start(334)) - 5ddfe129-1b79-40ed-b807-03daa2e9053a@group-E0D2A552C254: start as a follower, conf=-1: peers:[5ddfe129-1b79-40ed-b807-03daa2e9053a|rpc:10.1.1.42:37873|priority:1|startupRole:FOLLOWER]|listeners:[], old=null
2022-11-03 05:23:13,449 [pool-164-thread-1] INFO  server.RaftServer$Division (RaftServerImpl.java:setRole(321)) - 5ddfe129-1b79-40ed-b807-03daa2e9053a@group-E0D2A552C254: changes role from      null to FOLLOWER at term 0 for startAsFollower
2022-11-03 05:23:13,449 [pool-164-thread-1] INFO  impl.RoleInfo (RoleInfo.java:updateAndGet(139)) - 5ddfe129-1b79-40ed-b807-03daa2e9053a: start 5ddfe129-1b79-40ed-b807-03daa2e9053a@group-E0D2A552C254-FollowerState
2022-11-03 05:23:13,452 [pool-164-thread-1] INFO  util.JmxRegister (JmxRegister.java:tryRegister(44)) - Successfully registered JMX Bean with object name Ratis:service=RaftServer,group=group-E0D2A552C254,id=5ddfe129-1b79-40ed-b807-03daa2e9053a
2022-11-03 05:23:13,452 [pool-164-thread-1] INFO  server.RaftServerConfigKeys (ConfUtils.java:logGet(46)) - raft.server.snapshot.auto.trigger.enabled = true (custom)
2022-11-03 05:23:13,452 [pool-164-thread-1] INFO  server.RaftServerConfigKeys (ConfUtils.java:logGet(46)) - raft.server.snapshot.auto.trigger.threshold = 10000 (custom)
2022-11-03 05:23:13,452 [pool-164-thread-1] INFO  server.RaftServerConfigKeys (ConfUtils.java:logGet(46)) - raft.server.snapshot.retention.file.num = 5 (custom)
2022-11-03 05:23:13,452 [pool-164-thread-1] INFO  server.RaftServerConfigKeys (ConfUtils.java:logGet(46)) - raft.server.log.purge.upto.snapshot.index = false (default)
2022-11-03 05:23:13,453 [5ddfe129-1b79-40ed-b807-03daa2e9053a@group-E0D2A552C254-FollowerState] INFO  server.RaftServerConfigKeys (ConfUtils.java:logFallback(53)) - raft.server.rpc.first-election.timeout.min = 5s (fallback to raft.server.rpc.timeout.min)
2022-11-03 05:23:13,453 [5ddfe129-1b79-40ed-b807-03daa2e9053a@group-E0D2A552C254-FollowerState] INFO  server.RaftServerConfigKeys (ConfUtils.java:logFallback(53)) - raft.server.rpc.first-election.timeout.max = 5200ms (fallback to raft.server.rpc.timeout.max)
2022-11-03 05:23:13,455 [Command processor thread] INFO  ratis.XceiverServerRatis (XceiverServerRatis.java:addGroup(765)) - Created group PipelineID=a1185fa8-471c-4249-9c3f-e0d2a552c254
2022-11-03 05:23:13,455 [Command processor thread] INFO  commandhandler.CreatePipelineCommandHandler (CreatePipelineCommandHandler.java:handle(113)) - Created Pipeline RATIS ONE PipelineID=a1185fa8-471c-4249-9c3f-e0d2a552c254.
2022-11-03 05:23:13,753 [Command processor thread] INFO  server.RaftServer (RaftServerProxy.java:addNew(96)) - 236f0899-86ef-4b9d-9b64-54b2c41e9569: addNew group-7CA10958393F:[236f0899-86ef-4b9d-9b64-54b2c41e9569|rpc:10.1.1.42:45985|priority:1|startupRole:FOLLOWER] returns group-7CA10958393F:java.util.concurrent.CompletableFuture@3a63390a[Not completed]
2022-11-03 05:23:13,754 [pool-187-thread-1] INFO  server.RaftServer$Division (RaftServerImpl.java:<init>(195)) - 236f0899-86ef-4b9d-9b64-54b2c41e9569: new RaftServerImpl for group-7CA10958393F:[236f0899-86ef-4b9d-9b64-54b2c41e9569|rpc:10.1.1.42:45985|priority:1|startupRole:FOLLOWER] with ContainerStateMachine:uninitialized
2022-11-03 05:23:13,754 [pool-187-thread-1] INFO  server.RaftServerConfigKeys (ConfUtils.java:logGet(46)) - raft.server.rpc.timeout.min = 5s (custom)
2022-11-03 05:23:13,754 [pool-187-thread-1] INFO  server.RaftServerConfigKeys (ConfUtils.java:logGet(46)) - raft.server.rpc.timeout.max = 5200ms (custom)
2022-11-03 05:23:13,754 [pool-187-thread-1] INFO  server.RaftServerConfigKeys (ConfUtils.java:logGet(46)) - raft.server.rpc.sleep.time = 25ms (default)
2022-11-03 05:23:13,754 [pool-187-thread-1] INFO  server.RaftServerConfigKeys (ConfUtils.java:logGet(46)) - raft.server.rpc.slowness.timeout = 300s (custom)
2022-11-03 05:23:13,754 [pool-187-thread-1] INFO  server.RaftServerConfigKeys (ConfUtils.java:logGet(46)) - raft.server.leaderelection.leader.step-down.wait-time = 10s (default)
2022-11-03 05:23:13,754 [pool-187-thread-1] INFO  server.RaftServerConfigKeys (ConfUtils.java:logGet(46)) - raft.server.sleep.deviation.threshold = 300ms (default)
2022-11-03 05:23:13,754 [pool-187-thread-1] INFO  server.RaftServer$Division (ServerState.java:<init>(118)) - 236f0899-86ef-4b9d-9b64-54b2c41e9569@group-7CA10958393F: ConfigurationManager, init=-1: peers:[236f0899-86ef-4b9d-9b64-54b2c41e9569|rpc:10.1.1.42:45985|priority:1|startupRole:FOLLOWER]|listeners:[], old=null, confs=<EMPTY_MAP>
2022-11-03 05:23:13,754 [pool-187-thread-1] INFO  server.RaftServerConfigKeys (ConfUtils.java:logGet(46)) - raft.server.storage.dir = [/home/runner/work/ozone/ozone/hadoop-ozone/integration-test/target/test-dir/MiniOzoneClusterImpl-a947a097-fc53-45d1-b902-fe1272537128/datanode-5/data/ratis] (custom)
2022-11-03 05:23:13,755 [pool-187-thread-1] INFO  server.RaftServerConfigKeys (ConfUtils.java:logGet(46)) - raft.server.log.corruption.policy = EXCEPTION (default)
2022-11-03 05:23:13,755 [pool-187-thread-1] INFO  server.RaftServerConfigKeys (ConfUtils.java:logGet(46)) - raft.server.storage.free-space.min = 0MB (=0) (default)
2022-11-03 05:23:13,755 [pool-187-thread-1] INFO  server.RaftServerConfigKeys (ConfUtils.java:logGet(46)) - raft.server.notification.no-leader.timeout = 300s (custom)
2022-11-03 05:23:13,755 [pool-187-thread-1] INFO  server.RaftServerConfigKeys (ConfUtils.java:logGet(46)) - raft.server.retrycache.expirytime = 600000ms (custom)
2022-11-03 05:23:13,755 [pool-187-thread-1] INFO  server.RaftServerConfigKeys (ConfUtils.java:logGet(46)) - raft.server.retrycache.statistics.expirytime = 100μs (default)
2022-11-03 05:23:13,756 [pool-187-thread-1] INFO  server.RaftServerConfigKeys (ConfUtils.java:logGet(46)) - raft.server.log.appender.install.snapshot.enabled = false (custom)
2022-11-03 05:23:13,756 [pool-187-thread-1] INFO  server.RaftServerConfigKeys (ConfUtils.java:logGet(46)) - raft.server.threadpool.server.cached = true (default)
2022-11-03 05:23:13,756 [pool-187-thread-1] INFO  server.RaftServerConfigKeys (ConfUtils.java:logGet(46)) - raft.server.threadpool.server.size = 0 (default)
2022-11-03 05:23:13,756 [pool-187-thread-1] INFO  server.RaftServerConfigKeys (ConfUtils.java:logGet(46)) - raft.server.threadpool.client.cached = true (default)
2022-11-03 05:23:13,756 [pool-187-thread-1] INFO  server.RaftServerConfigKeys (ConfUtils.java:logGet(46)) - raft.server.threadpool.client.size = 0 (default)
2022-11-03 05:23:13,756 [pool-187-thread-1] INFO  storage.RaftStorageDirectory (RaftStorageDirectoryImpl.java:analyzeStorage(137)) - The storage directory /home/runner/work/ozone/ozone/hadoop-ozone/integration-test/target/test-dir/MiniOzoneClusterImpl-a947a097-fc53-45d1-b902-fe1272537128/datanode-5/data/ratis/9c655f0d-fbbc-4191-9417-7ca10958393f does not exist. Creating ...
2022-11-03 05:23:13,757 [pool-187-thread-1] INFO  storage.RaftStorageDirectory (RaftStorageDirectoryImpl.java:tryLock(231)) - Lock on /home/runner/work/ozone/ozone/hadoop-ozone/integration-test/target/test-dir/MiniOzoneClusterImpl-a947a097-fc53-45d1-b902-fe1272537128/datanode-5/data/ratis/9c655f0d-fbbc-4191-9417-7ca10958393f/in_use.lock acquired by nodename 14756@fv-az119-847
2022-11-03 05:23:13,758 [pool-187-thread-1] INFO  storage.RaftStorage (RaftStorageImpl.java:format(96)) - Storage directory /home/runner/work/ozone/ozone/hadoop-ozone/integration-test/target/test-dir/MiniOzoneClusterImpl-a947a097-fc53-45d1-b902-fe1272537128/datanode-5/data/ratis/9c655f0d-fbbc-4191-9417-7ca10958393f has been successfully formatted.
2022-11-03 05:23:13,758 [pool-187-thread-1] INFO  ratis.ContainerStateMachine (ContainerStateMachine.java:loadSnapshot(236)) - group-7CA10958393F: The snapshot info is null. Setting the last applied indexto:(t:0, i:~)
2022-11-03 05:23:13,758 [pool-187-thread-1] INFO  server.RaftServerConfigKeys (ConfUtils.java:logGet(46)) - raft.server.log.use.memory = false (default)
2022-11-03 05:23:13,759 [pool-187-thread-1] INFO  server.RaftServerConfigKeys (ConfUtils.java:logGet(46)) - raft.server.log.purge.gap = 1000000 (custom)
2022-11-03 05:23:13,759 [pool-187-thread-1] INFO  server.RaftServerConfigKeys (ConfUtils.java:logGet(46)) - raft.server.log.appender.buffer.byte-limit = 33554432 (custom)
2022-11-03 05:23:13,759 [pool-187-thread-1] INFO  server.RaftServerConfigKeys (ConfUtils.java:logGet(46)) - raft.server.log.statemachine.data.read.timeout = 1000ms (default)
2022-11-03 05:23:13,759 [pool-187-thread-1] INFO  server.RaftServerConfigKeys (ConfUtils.java:logGet(46)) - raft.server.log.purge.preservation.log.num = 0 (default)
2022-11-03 05:23:13,760 [EventQueue-PipelineReportForPipelineReportHandler] INFO  pipeline.PipelineManagerImpl (PipelineManagerImpl.java:openPipeline(367)) - Pipeline Pipeline[ Id: 9c655f0d-fbbc-4191-9417-7ca10958393f, Nodes: 236f0899-86ef-4b9d-9b64-54b2c41e9569{ip: 10.1.1.42, host: fv-az119-847.ca0t41jjrjaujd4nublazzptxb.cx.internal.cloudapp.net, ports: [REPLICATION=35039, RATIS=45985, RATIS_ADMIN=45985, RATIS_SERVER=45985, STANDALONE=34715], networkLocation: /default-rack, certSerialId: null, persistedOpState: IN_SERVICE, persistedOpStateExpiryEpochSec: 0}, ReplicationConfig: RATIS/ONE, State:ALLOCATED, leaderId:236f0899-86ef-4b9d-9b64-54b2c41e9569, CreationTimestamp2022-11-03T05:23:10.758Z[Etc/UTC]] moved to OPEN state
2022-11-03 05:23:13,760 [EventQueue-OpenPipelineForHealthyPipelineSafeModeRule] INFO  safemode.SCMSafeModeManager (HealthyPipelineSafeModeRule.java:process(137)) - SCM in safe mode. Healthy pipelines reported count is 0, required healthy pipeline reported count is 1
2022-11-03 05:23:13,760 [pool-187-thread-1] INFO  server.RaftServerConfigKeys (ConfUtils.java:logGet(46)) - raft.server.log.segment.size.max = 1048576 (custom)
2022-11-03 05:23:13,762 [pool-187-thread-1] INFO  server.RaftServerConfigKeys (ConfUtils.java:logGet(46)) - raft.server.log.segment.cache.num.max = 2 (custom)
2022-11-03 05:23:13,762 [pool-187-thread-1] INFO  server.RaftServerConfigKeys (ConfUtils.java:logGet(46)) - raft.server.log.segment.cache.size.max = 200MB (=209715200) (default)
2022-11-03 05:23:13,762 [pool-187-thread-1] INFO  segmented.SegmentedRaftLogWorker (SegmentedRaftLogWorker.java:<init>(191)) - new 236f0899-86ef-4b9d-9b64-54b2c41e9569@group-7CA10958393F-SegmentedRaftLogWorker for RaftStorageImpl:Storage Directory /home/runner/work/ozone/ozone/hadoop-ozone/integration-test/target/test-dir/MiniOzoneClusterImpl-a947a097-fc53-45d1-b902-fe1272537128/datanode-5/data/ratis/9c655f0d-fbbc-4191-9417-7ca10958393f
2022-11-03 05:23:13,762 [pool-187-thread-1] INFO  server.RaftServerConfigKeys (ConfUtils.java:logGet(46)) - raft.server.log.queue.byte-limit = 4294967296 (custom)
2022-11-03 05:23:13,762 [pool-187-thread-1] INFO  server.RaftServerConfigKeys (ConfUtils.java:logGet(46)) - raft.server.log.queue.element-limit = 1024 (custom)
2022-11-03 05:23:13,762 [pool-187-thread-1] INFO  server.RaftServerConfigKeys (ConfUtils.java:logGet(46)) - raft.server.log.segment.size.max = 1048576 (custom)
2022-11-03 05:23:13,762 [pool-187-thread-1] INFO  server.RaftServerConfigKeys (ConfUtils.java:logGet(46)) - raft.server.log.preallocated.size = 16384 (custom)
2022-11-03 05:23:13,762 [pool-187-thread-1] INFO  server.RaftServerConfigKeys (ConfUtils.java:logGet(46)) - raft.server.log.force.sync.num = 128 (default)
2022-11-03 05:23:13,762 [pool-187-thread-1] INFO  server.RaftServerConfigKeys (ConfUtils.java:logGet(46)) - raft.server.log.statemachine.data.sync = true (default)
2022-11-03 05:23:13,762 [pool-187-thread-1] INFO  server.RaftServerConfigKeys (ConfUtils.java:logGet(46)) - raft.server.log.statemachine.data.sync.timeout = 10s (default)
2022-11-03 05:23:13,762 [pool-187-thread-1] INFO  server.RaftServerConfigKeys (ConfUtils.java:logGet(46)) - raft.server.log.statemachine.data.sync.timeout.retry = -1 (default)
2022-11-03 05:23:13,763 [pool-187-thread-1] INFO  server.RaftServerConfigKeys (ConfUtils.java:logGet(46)) - raft.server.log.write.buffer.size = 1048576 (custom)
2022-11-03 05:23:13,764 [pool-187-thread-1] INFO  server.RaftServerConfigKeys (ConfUtils.java:logGet(46)) - raft.server.log.unsafe-flush.enabled = false (default)
2022-11-03 05:23:13,764 [pool-187-thread-1] INFO  server.RaftServerConfigKeys (ConfUtils.java:logGet(46)) - raft.server.log.async-flush.enabled = false (default)
2022-11-03 05:23:13,764 [pool-187-thread-1] INFO  server.RaftServerConfigKeys (ConfUtils.java:logGet(46)) - raft.server.log.statemachine.data.caching.enabled = true (custom)
2022-11-03 05:23:13,764 [pool-187-thread-1] INFO  segmented.SegmentedRaftLogWorker (SegmentedRaftLogWorker.java:lambda$new$0(136)) - 236f0899-86ef-4b9d-9b64-54b2c41e9569@group-7CA10958393F-SegmentedRaftLogWorker: flushIndex: setUnconditionally 0 -> -1
2022-11-03 05:23:13,764 [pool-187-thread-1] INFO  segmented.SegmentedRaftLogWorker (SegmentedRaftLogWorker.java:lambda$new$0(136)) - 236f0899-86ef-4b9d-9b64-54b2c41e9569@group-7CA10958393F-SegmentedRaftLogWorker: safeCacheEvictIndex: setUnconditionally 0 -> -1
2022-11-03 05:23:13,764 [pool-187-thread-1] INFO  server.RaftServer$Division (RaftServerImpl.java:start(334)) - 236f0899-86ef-4b9d-9b64-54b2c41e9569@group-7CA10958393F: start as a follower, conf=-1: peers:[236f0899-86ef-4b9d-9b64-54b2c41e9569|rpc:10.1.1.42:45985|priority:1|startupRole:FOLLOWER]|listeners:[], old=null
2022-11-03 05:23:13,764 [pool-187-thread-1] INFO  server.RaftServer$Division (RaftServerImpl.java:setRole(321)) - 236f0899-86ef-4b9d-9b64-54b2c41e9569@group-7CA10958393F: changes role from      null to FOLLOWER at term 0 for startAsFollower
2022-11-03 05:23:13,764 [pool-187-thread-1] INFO  impl.RoleInfo (RoleInfo.java:updateAndGet(139)) - 236f0899-86ef-4b9d-9b64-54b2c41e9569: start 236f0899-86ef-4b9d-9b64-54b2c41e9569@group-7CA10958393F-FollowerState
2022-11-03 05:23:13,764 [pool-187-thread-1] INFO  util.JmxRegister (JmxRegister.java:tryRegister(44)) - Successfully registered JMX Bean with object name Ratis:service=RaftServer,group=group-7CA10958393F,id=236f0899-86ef-4b9d-9b64-54b2c41e9569
2022-11-03 05:23:13,764 [pool-187-thread-1] INFO  server.RaftServerConfigKeys (ConfUtils.java:logGet(46)) - raft.server.snapshot.auto.trigger.enabled = true (custom)
2022-11-03 05:23:13,765 [pool-187-thread-1] INFO  server.RaftServerConfigKeys (ConfUtils.java:logGet(46)) - raft.server.snapshot.auto.trigger.threshold = 10000 (custom)
2022-11-03 05:23:13,765 [pool-187-thread-1] INFO  server.RaftServerConfigKeys (ConfUtils.java:logGet(46)) - raft.server.snapshot.retention.file.num = 5 (custom)
2022-11-03 05:23:13,765 [pool-187-thread-1] INFO  server.RaftServerConfigKeys (ConfUtils.java:logGet(46)) - raft.server.log.purge.upto.snapshot.index = false (default)
2022-11-03 05:23:13,765 [236f0899-86ef-4b9d-9b64-54b2c41e9569@group-7CA10958393F-FollowerState] INFO  server.RaftServerConfigKeys (ConfUtils.java:logFallback(53)) - raft.server.rpc.first-election.timeout.min = 5s (fallback to raft.server.rpc.timeout.min)
2022-11-03 05:23:13,765 [236f0899-86ef-4b9d-9b64-54b2c41e9569@group-7CA10958393F-FollowerState] INFO  server.RaftServerConfigKeys (ConfUtils.java:logFallback(53)) - raft.server.rpc.first-election.timeout.max = 5200ms (fallback to raft.server.rpc.timeout.max)
2022-11-03 05:23:13,767 [Command processor thread] INFO  ratis.XceiverServerRatis (XceiverServerRatis.java:addGroup(765)) - Created group PipelineID=9c655f0d-fbbc-4191-9417-7ca10958393f
2022-11-03 05:23:13,767 [Command processor thread] INFO  commandhandler.CreatePipelineCommandHandler (CreatePipelineCommandHandler.java:handle(113)) - Created Pipeline RATIS ONE PipelineID=9c655f0d-fbbc-4191-9417-7ca10958393f.
2022-11-03 05:23:14,196 [Command processor thread] INFO  server.RaftServer (RaftServerProxy.java:addNew(96)) - c047bafd-0fa0-4f2f-9a8c-56ef9c35524f: addNew group-07E747FEAB49:[c047bafd-0fa0-4f2f-9a8c-56ef9c35524f|rpc:10.1.1.42:40893|priority:1|startupRole:FOLLOWER] returns group-07E747FEAB49:java.util.concurrent.CompletableFuture@7ac3ca66[Not completed]
2022-11-03 05:23:14,198 [pool-210-thread-1] INFO  server.RaftServer$Division (RaftServerImpl.java:<init>(195)) - c047bafd-0fa0-4f2f-9a8c-56ef9c35524f: new RaftServerImpl for group-07E747FEAB49:[c047bafd-0fa0-4f2f-9a8c-56ef9c35524f|rpc:10.1.1.42:40893|priority:1|startupRole:FOLLOWER] with ContainerStateMachine:uninitialized
2022-11-03 05:23:14,198 [pool-210-thread-1] INFO  server.RaftServerConfigKeys (ConfUtils.java:logGet(46)) - raft.server.rpc.timeout.min = 5s (custom)
2022-11-03 05:23:14,198 [pool-210-thread-1] INFO  server.RaftServerConfigKeys (ConfUtils.java:logGet(46)) - raft.server.rpc.timeout.max = 5200ms (custom)
2022-11-03 05:23:14,198 [pool-210-thread-1] INFO  server.RaftServerConfigKeys (ConfUtils.java:logGet(46)) - raft.server.rpc.sleep.time = 25ms (default)
2022-11-03 05:23:14,198 [pool-210-thread-1] INFO  server.RaftServerConfigKeys (ConfUtils.java:logGet(46)) - raft.server.rpc.slowness.timeout = 300s (custom)
2022-11-03 05:23:14,198 [pool-210-thread-1] INFO  server.RaftServerConfigKeys (ConfUtils.java:logGet(46)) - raft.server.leaderelection.leader.step-down.wait-time = 10s (default)
2022-11-03 05:23:14,198 [pool-210-thread-1] INFO  server.RaftServerConfigKeys (ConfUtils.java:logGet(46)) - raft.server.sleep.deviation.threshold = 300ms (default)
2022-11-03 05:23:14,198 [pool-210-thread-1] INFO  server.RaftServer$Division (ServerState.java:<init>(118)) - c047bafd-0fa0-4f2f-9a8c-56ef9c35524f@group-07E747FEAB49: ConfigurationManager, init=-1: peers:[c047bafd-0fa0-4f2f-9a8c-56ef9c35524f|rpc:10.1.1.42:40893|priority:1|startupRole:FOLLOWER]|listeners:[], old=null, confs=<EMPTY_MAP>
2022-11-03 05:23:14,199 [Listener at 127.0.0.1/40235] INFO  ozone.MiniOzoneClusterImpl (MiniOzoneClusterImpl.java:lambda$waitForClusterToBeReady$0(216)) - Nodes are ready. Got 10 of 10 DN Heartbeats.
2022-11-03 05:23:14,199 [Listener at 127.0.0.1/40235] INFO  ozone.MiniOzoneClusterImpl (MiniOzoneClusterImpl.java:lambda$waitForClusterToBeReady$0(219)) - Waiting for cluster to exit safe mode
2022-11-03 05:23:14,199 [Listener at 127.0.0.1/40235] INFO  ozone.MiniOzoneClusterImpl (MiniOzoneClusterImpl.java:lambda$waitForClusterToBeReady$0(221)) - SCM became leader
2022-11-03 05:23:14,199 [pool-210-thread-1] INFO  server.RaftServerConfigKeys (ConfUtils.java:logGet(46)) - raft.server.storage.dir = [/home/runner/work/ozone/ozone/hadoop-ozone/integration-test/target/test-dir/MiniOzoneClusterImpl-a947a097-fc53-45d1-b902-fe1272537128/datanode-6/data/ratis] (custom)
2022-11-03 05:23:14,199 [pool-210-thread-1] INFO  server.RaftServerConfigKeys (ConfUtils.java:logGet(46)) - raft.server.log.corruption.policy = EXCEPTION (default)
2022-11-03 05:23:14,199 [pool-210-thread-1] INFO  server.RaftServerConfigKeys (ConfUtils.java:logGet(46)) - raft.server.storage.free-space.min = 0MB (=0) (default)
2022-11-03 05:23:14,199 [pool-210-thread-1] INFO  server.RaftServerConfigKeys (ConfUtils.java:logGet(46)) - raft.server.notification.no-leader.timeout = 300s (custom)
2022-11-03 05:23:14,199 [pool-210-thread-1] INFO  server.RaftServerConfigKeys (ConfUtils.java:logGet(46)) - raft.server.retrycache.expirytime = 600000ms (custom)
2022-11-03 05:23:14,199 [pool-210-thread-1] INFO  server.RaftServerConfigKeys (ConfUtils.java:logGet(46)) - raft.server.retrycache.statistics.expirytime = 100μs (default)
2022-11-03 05:23:14,201 [pool-210-thread-1] INFO  server.RaftServerConfigKeys (ConfUtils.java:logGet(46)) - raft.server.log.appender.install.snapshot.enabled = false (custom)
2022-11-03 05:23:14,201 [pool-210-thread-1] INFO  server.RaftServerConfigKeys (ConfUtils.java:logGet(46)) - raft.server.threadpool.server.cached = true (default)
2022-11-03 05:23:14,201 [pool-210-thread-1] INFO  server.RaftServerConfigKeys (ConfUtils.java:logGet(46)) - raft.server.threadpool.server.size = 0 (default)
2022-11-03 05:23:14,201 [pool-210-thread-1] INFO  server.RaftServerConfigKeys (ConfUtils.java:logGet(46)) - raft.server.threadpool.client.cached = true (default)
2022-11-03 05:23:14,201 [pool-210-thread-1] INFO  server.RaftServerConfigKeys (ConfUtils.java:logGet(46)) - raft.server.threadpool.client.size = 0 (default)
2022-11-03 05:23:14,201 [pool-210-thread-1] INFO  storage.RaftStorageDirectory (RaftStorageDirectoryImpl.java:analyzeStorage(137)) - The storage directory /home/runner/work/ozone/ozone/hadoop-ozone/integration-test/target/test-dir/MiniOzoneClusterImpl-a947a097-fc53-45d1-b902-fe1272537128/datanode-6/data/ratis/978c35a9-b7e9-474f-b4e6-07e747feab49 does not exist. Creating ...
2022-11-03 05:23:14,202 [pool-210-thread-1] INFO  storage.RaftStorageDirectory (RaftStorageDirectoryImpl.java:tryLock(231)) - Lock on /home/runner/work/ozone/ozone/hadoop-ozone/integration-test/target/test-dir/MiniOzoneClusterImpl-a947a097-fc53-45d1-b902-fe1272537128/datanode-6/data/ratis/978c35a9-b7e9-474f-b4e6-07e747feab49/in_use.lock acquired by nodename 14756@fv-az119-847
2022-11-03 05:23:14,204 [pool-210-thread-1] INFO  storage.RaftStorage (RaftStorageImpl.java:format(96)) - Storage directory /home/runner/work/ozone/ozone/hadoop-ozone/integration-test/target/test-dir/MiniOzoneClusterImpl-a947a097-fc53-45d1-b902-fe1272537128/datanode-6/data/ratis/978c35a9-b7e9-474f-b4e6-07e747feab49 has been successfully formatted.
2022-11-03 05:23:14,204 [pool-210-thread-1] INFO  ratis.ContainerStateMachine (ContainerStateMachine.java:loadSnapshot(236)) - group-07E747FEAB49: The snapshot info is null. Setting the last applied indexto:(t:0, i:~)
2022-11-03 05:23:14,204 [pool-210-thread-1] INFO  server.RaftServerConfigKeys (ConfUtils.java:logGet(46)) - raft.server.log.use.memory = false (default)
2022-11-03 05:23:14,205 [EventQueue-PipelineReportForPipelineReportHandler] INFO  pipeline.PipelineManagerImpl (PipelineManagerImpl.java:openPipeline(367)) - Pipeline Pipeline[ Id: 978c35a9-b7e9-474f-b4e6-07e747feab49, Nodes: c047bafd-0fa0-4f2f-9a8c-56ef9c35524f{ip: 10.1.1.42, host: fv-az119-847.ca0t41jjrjaujd4nublazzptxb.cx.internal.cloudapp.net, ports: [REPLICATION=42705, RATIS=40893, RATIS_ADMIN=40893, RATIS_SERVER=40893, STANDALONE=36323], networkLocation: /default-rack, certSerialId: null, persistedOpState: IN_SERVICE, persistedOpStateExpiryEpochSec: 0}, ReplicationConfig: RATIS/ONE, State:ALLOCATED, leaderId:c047bafd-0fa0-4f2f-9a8c-56ef9c35524f, CreationTimestamp2022-11-03T05:23:11.202Z[Etc/UTC]] moved to OPEN state
2022-11-03 05:23:14,206 [pool-210-thread-1] INFO  server.RaftServerConfigKeys (ConfUtils.java:logGet(46)) - raft.server.log.purge.gap = 1000000 (custom)
2022-11-03 05:23:14,206 [pool-210-thread-1] INFO  server.RaftServerConfigKeys (ConfUtils.java:logGet(46)) - raft.server.log.appender.buffer.byte-limit = 33554432 (custom)
2022-11-03 05:23:14,206 [pool-210-thread-1] INFO  server.RaftServerConfigKeys (ConfUtils.java:logGet(46)) - raft.server.log.statemachine.data.read.timeout = 1000ms (default)
2022-11-03 05:23:14,206 [pool-210-thread-1] INFO  server.RaftServerConfigKeys (ConfUtils.java:logGet(46)) - raft.server.log.purge.preservation.log.num = 0 (default)
2022-11-03 05:23:14,206 [EventQueue-OpenPipelineForHealthyPipelineSafeModeRule] INFO  safemode.SCMSafeModeManager (HealthyPipelineSafeModeRule.java:process(137)) - SCM in safe mode. Healthy pipelines reported count is 0, required healthy pipeline reported count is 1
2022-11-03 05:23:14,207 [pool-210-thread-1] INFO  server.RaftServerConfigKeys (ConfUtils.java:logGet(46)) - raft.server.log.segment.size.max = 1048576 (custom)
2022-11-03 05:23:14,208 [pool-210-thread-1] INFO  server.RaftServerConfigKeys (ConfUtils.java:logGet(46)) - raft.server.log.segment.cache.num.max = 2 (custom)
2022-11-03 05:23:14,208 [pool-210-thread-1] INFO  server.RaftServerConfigKeys (ConfUtils.java:logGet(46)) - raft.server.log.segment.cache.size.max = 200MB (=209715200) (default)
2022-11-03 05:23:14,208 [pool-210-thread-1] INFO  segmented.SegmentedRaftLogWorker (SegmentedRaftLogWorker.java:<init>(191)) - new c047bafd-0fa0-4f2f-9a8c-56ef9c35524f@group-07E747FEAB49-SegmentedRaftLogWorker for RaftStorageImpl:Storage Directory /home/runner/work/ozone/ozone/hadoop-ozone/integration-test/target/test-dir/MiniOzoneClusterImpl-a947a097-fc53-45d1-b902-fe1272537128/datanode-6/data/ratis/978c35a9-b7e9-474f-b4e6-07e747feab49
2022-11-03 05:23:14,208 [pool-210-thread-1] INFO  server.RaftServerConfigKeys (ConfUtils.java:logGet(46)) - raft.server.log.queue.byte-limit = 4294967296 (custom)
2022-11-03 05:23:14,208 [pool-210-thread-1] INFO  server.RaftServerConfigKeys (ConfUtils.java:logGet(46)) - raft.server.log.queue.element-limit = 1024 (custom)
2022-11-03 05:23:14,208 [pool-210-thread-1] INFO  server.RaftServerConfigKeys (ConfUtils.java:logGet(46)) - raft.server.log.segment.size.max = 1048576 (custom)
2022-11-03 05:23:14,208 [pool-210-thread-1] INFO  server.RaftServerConfigKeys (ConfUtils.java:logGet(46)) - raft.server.log.preallocated.size = 16384 (custom)
2022-11-03 05:23:14,208 [pool-210-thread-1] INFO  server.RaftServerConfigKeys (ConfUtils.java:logGet(46)) - raft.server.log.force.sync.num = 128 (default)
2022-11-03 05:23:14,208 [pool-210-thread-1] INFO  server.RaftServerConfigKeys (ConfUtils.java:logGet(46)) - raft.server.log.statemachine.data.sync = true (default)
2022-11-03 05:23:14,208 [pool-210-thread-1] INFO  server.RaftServerConfigKeys (ConfUtils.java:logGet(46)) - raft.server.log.statemachine.data.sync.timeout = 10s (default)
2022-11-03 05:23:14,208 [pool-210-thread-1] INFO  server.RaftServerConfigKeys (ConfUtils.java:logGet(46)) - raft.server.log.statemachine.data.sync.timeout.retry = -1 (default)
2022-11-03 05:23:14,209 [pool-210-thread-1] INFO  server.RaftServerConfigKeys (ConfUtils.java:logGet(46)) - raft.server.log.write.buffer.size = 1048576 (custom)
2022-11-03 05:23:14,210 [pool-210-thread-1] INFO  server.RaftServerConfigKeys (ConfUtils.java:logGet(46)) - raft.server.log.unsafe-flush.enabled = false (default)
2022-11-03 05:23:14,210 [pool-210-thread-1] INFO  server.RaftServerConfigKeys (ConfUtils.java:logGet(46)) - raft.server.log.async-flush.enabled = false (default)
2022-11-03 05:23:14,210 [pool-210-thread-1] INFO  server.RaftServerConfigKeys (ConfUtils.java:logGet(46)) - raft.server.log.statemachine.data.caching.enabled = true (custom)
2022-11-03 05:23:14,210 [pool-210-thread-1] INFO  segmented.SegmentedRaftLogWorker (SegmentedRaftLogWorker.java:lambda$new$0(136)) - c047bafd-0fa0-4f2f-9a8c-56ef9c35524f@group-07E747FEAB49-SegmentedRaftLogWorker: flushIndex: setUnconditionally 0 -> -1
2022-11-03 05:23:14,210 [pool-210-thread-1] INFO  segmented.SegmentedRaftLogWorker (SegmentedRaftLogWorker.java:lambda$new$0(136)) - c047bafd-0fa0-4f2f-9a8c-56ef9c35524f@group-07E747FEAB49-SegmentedRaftLogWorker: safeCacheEvictIndex: setUnconditionally 0 -> -1
2022-11-03 05:23:14,213 [pool-210-thread-1] INFO  server.RaftServer$Division (RaftServerImpl.java:start(334)) - c047bafd-0fa0-4f2f-9a8c-56ef9c35524f@group-07E747FEAB49: start as a follower, conf=-1: peers:[c047bafd-0fa0-4f2f-9a8c-56ef9c35524f|rpc:10.1.1.42:40893|priority:1|startupRole:FOLLOWER]|listeners:[], old=null
2022-11-03 05:23:14,213 [pool-210-thread-1] INFO  server.RaftServer$Division (RaftServerImpl.java:setRole(321)) - c047bafd-0fa0-4f2f-9a8c-56ef9c35524f@group-07E747FEAB49: changes role from      null to FOLLOWER at term 0 for startAsFollower
2022-11-03 05:23:14,213 [pool-210-thread-1] INFO  impl.RoleInfo (RoleInfo.java:updateAndGet(139)) - c047bafd-0fa0-4f2f-9a8c-56ef9c35524f: start c047bafd-0fa0-4f2f-9a8c-56ef9c35524f@group-07E747FEAB49-FollowerState
2022-11-03 05:23:14,218 [pool-210-thread-1] INFO  util.JmxRegister (JmxRegister.java:tryRegister(44)) - Successfully registered JMX Bean with object name Ratis:service=RaftServer,group=group-07E747FEAB49,id=c047bafd-0fa0-4f2f-9a8c-56ef9c35524f
2022-11-03 05:23:14,219 [pool-210-thread-1] INFO  server.RaftServerConfigKeys (ConfUtils.java:logGet(46)) - raft.server.snapshot.auto.trigger.enabled = true (custom)
2022-11-03 05:23:14,219 [pool-210-thread-1] INFO  server.RaftServerConfigKeys (ConfUtils.java:logGet(46)) - raft.server.snapshot.auto.trigger.threshold = 10000 (custom)
2022-11-03 05:23:14,219 [pool-210-thread-1] INFO  server.RaftServerConfigKeys (ConfUtils.java:logGet(46)) - raft.server.snapshot.retention.file.num = 5 (custom)
2022-11-03 05:23:14,219 [pool-210-thread-1] INFO  server.RaftServerConfigKeys (ConfUtils.java:logGet(46)) - raft.server.log.purge.upto.snapshot.index = false (default)
2022-11-03 05:23:14,219 [Command processor thread] INFO  ratis.XceiverServerRatis (XceiverServerRatis.java:addGroup(765)) - Created group PipelineID=978c35a9-b7e9-474f-b4e6-07e747feab49
2022-11-03 05:23:14,219 [c047bafd-0fa0-4f2f-9a8c-56ef9c35524f@group-07E747FEAB49-FollowerState] INFO  server.RaftServerConfigKeys (ConfUtils.java:logFallback(53)) - raft.server.rpc.first-election.timeout.min = 5s (fallback to raft.server.rpc.timeout.min)
2022-11-03 05:23:14,219 [Command processor thread] INFO  commandhandler.CreatePipelineCommandHandler (CreatePipelineCommandHandler.java:handle(113)) - Created Pipeline RATIS ONE PipelineID=978c35a9-b7e9-474f-b4e6-07e747feab49.
2022-11-03 05:23:14,219 [c047bafd-0fa0-4f2f-9a8c-56ef9c35524f@group-07E747FEAB49-FollowerState] INFO  server.RaftServerConfigKeys (ConfUtils.java:logFallback(53)) - raft.server.rpc.first-election.timeout.max = 5200ms (fallback to raft.server.rpc.timeout.max)
2022-11-03 05:23:14,220 [Command processor thread] INFO  server.RaftServer (RaftServerProxy.java:addNew(96)) - c047bafd-0fa0-4f2f-9a8c-56ef9c35524f: addNew group-328117242DA8:[1397ad66-7a30-4622-84c4-76091eab1ef3|rpc:10.1.1.42:46719|priority:1|startupRole:FOLLOWER, edbb8909-d467-4274-b253-e11b41a723b1|rpc:10.1.1.42:38807|priority:0|startupRole:FOLLOWER, c047bafd-0fa0-4f2f-9a8c-56ef9c35524f|rpc:10.1.1.42:40893|priority:0|startupRole:FOLLOWER] returns group-328117242DA8:java.util.concurrent.CompletableFuture@7efc41e6[Not completed]
2022-11-03 05:23:14,220 [pool-210-thread-1] INFO  server.RaftServer$Division (RaftServerImpl.java:<init>(195)) - c047bafd-0fa0-4f2f-9a8c-56ef9c35524f: new RaftServerImpl for group-328117242DA8:[1397ad66-7a30-4622-84c4-76091eab1ef3|rpc:10.1.1.42:46719|priority:1|startupRole:FOLLOWER, edbb8909-d467-4274-b253-e11b41a723b1|rpc:10.1.1.42:38807|priority:0|startupRole:FOLLOWER, c047bafd-0fa0-4f2f-9a8c-56ef9c35524f|rpc:10.1.1.42:40893|priority:0|startupRole:FOLLOWER] with ContainerStateMachine:uninitialized
2022-11-03 05:23:14,220 [pool-210-thread-1] INFO  server.RaftServerConfigKeys (ConfUtils.java:logGet(46)) - raft.server.rpc.timeout.min = 5s (custom)
2022-11-03 05:23:14,221 [pool-210-thread-1] INFO  server.RaftServerConfigKeys (ConfUtils.java:logGet(46)) - raft.server.rpc.timeout.max = 5200ms (custom)
2022-11-03 05:23:14,221 [pool-210-thread-1] INFO  server.RaftServerConfigKeys (ConfUtils.java:logGet(46)) - raft.server.rpc.sleep.time = 25ms (default)
2022-11-03 05:23:14,221 [pool-210-thread-1] INFO  server.RaftServerConfigKeys (ConfUtils.java:logGet(46)) - raft.server.rpc.slowness.timeout = 300s (custom)
2022-11-03 05:23:14,221 [pool-210-thread-1] INFO  server.RaftServerConfigKeys (ConfUtils.java:logGet(46)) - raft.server.leaderelection.leader.step-down.wait-time = 10s (default)
2022-11-03 05:23:14,221 [pool-210-thread-1] INFO  server.RaftServerConfigKeys (ConfUtils.java:logGet(46)) - raft.server.sleep.deviation.threshold = 300ms (default)
2022-11-03 05:23:14,221 [pool-210-thread-1] INFO  server.RaftServer$Division (ServerState.java:<init>(118)) - c047bafd-0fa0-4f2f-9a8c-56ef9c35524f@group-328117242DA8: ConfigurationManager, init=-1: peers:[1397ad66-7a30-4622-84c4-76091eab1ef3|rpc:10.1.1.42:46719|priority:1|startupRole:FOLLOWER, edbb8909-d467-4274-b253-e11b41a723b1|rpc:10.1.1.42:38807|priority:0|startupRole:FOLLOWER, c047bafd-0fa0-4f2f-9a8c-56ef9c35524f|rpc:10.1.1.42:40893|priority:0|startupRole:FOLLOWER]|listeners:[], old=null, confs=<EMPTY_MAP>
2022-11-03 05:23:14,221 [pool-210-thread-1] INFO  server.RaftServerConfigKeys (ConfUtils.java:logGet(46)) - raft.server.storage.dir = [/home/runner/work/ozone/ozone/hadoop-ozone/integration-test/target/test-dir/MiniOzoneClusterImpl-a947a097-fc53-45d1-b902-fe1272537128/datanode-6/data/ratis] (custom)
2022-11-03 05:23:14,221 [pool-210-thread-1] INFO  server.RaftServerConfigKeys (ConfUtils.java:logGet(46)) - raft.server.log.corruption.policy = EXCEPTION (default)
2022-11-03 05:23:14,221 [pool-210-thread-1] INFO  server.RaftServerConfigKeys (ConfUtils.java:logGet(46)) - raft.server.storage.free-space.min = 0MB (=0) (default)
2022-11-03 05:23:14,221 [pool-210-thread-1] INFO  server.RaftServerConfigKeys (ConfUtils.java:logGet(46)) - raft.server.notification.no-leader.timeout = 300s (custom)
2022-11-03 05:23:14,221 [pool-210-thread-1] INFO  server.RaftServerConfigKeys (ConfUtils.java:logGet(46)) - raft.server.retrycache.expirytime = 600000ms (custom)
2022-11-03 05:23:14,221 [pool-210-thread-1] INFO  server.RaftServerConfigKeys (ConfUtils.java:logGet(46)) - raft.server.retrycache.statistics.expirytime = 100μs (default)
2022-11-03 05:23:14,222 [pool-210-thread-1] INFO  server.RaftServerConfigKeys (ConfUtils.java:logGet(46)) - raft.server.log.appender.install.snapshot.enabled = false (custom)
2022-11-03 05:23:14,222 [pool-210-thread-1] INFO  server.RaftServerConfigKeys (ConfUtils.java:logGet(46)) - raft.server.threadpool.server.cached = true (default)
2022-11-03 05:23:14,222 [pool-210-thread-1] INFO  server.RaftServerConfigKeys (ConfUtils.java:logGet(46)) - raft.server.threadpool.server.size = 0 (default)
2022-11-03 05:23:14,222 [pool-210-thread-1] INFO  server.RaftServerConfigKeys (ConfUtils.java:logGet(46)) - raft.server.threadpool.client.cached = true (default)
2022-11-03 05:23:14,222 [pool-210-thread-1] INFO  server.RaftServerConfigKeys (ConfUtils.java:logGet(46)) - raft.server.threadpool.client.size = 0 (default)
2022-11-03 05:23:14,222 [pool-210-thread-1] INFO  storage.RaftStorageDirectory (RaftStorageDirectoryImpl.java:analyzeStorage(137)) - The storage directory /home/runner/work/ozone/ozone/hadoop-ozone/integration-test/target/test-dir/MiniOzoneClusterImpl-a947a097-fc53-45d1-b902-fe1272537128/datanode-6/data/ratis/857071ee-07df-438d-a40c-328117242da8 does not exist. Creating ...
2022-11-03 05:23:14,224 [pool-210-thread-1] INFO  storage.RaftStorageDirectory (RaftStorageDirectoryImpl.java:tryLock(231)) - Lock on /home/runner/work/ozone/ozone/hadoop-ozone/integration-test/target/test-dir/MiniOzoneClusterImpl-a947a097-fc53-45d1-b902-fe1272537128/datanode-6/data/ratis/857071ee-07df-438d-a40c-328117242da8/in_use.lock acquired by nodename 14756@fv-az119-847
2022-11-03 05:23:14,225 [pool-210-thread-1] INFO  storage.RaftStorage (RaftStorageImpl.java:format(96)) - Storage directory /home/runner/work/ozone/ozone/hadoop-ozone/integration-test/target/test-dir/MiniOzoneClusterImpl-a947a097-fc53-45d1-b902-fe1272537128/datanode-6/data/ratis/857071ee-07df-438d-a40c-328117242da8 has been successfully formatted.
2022-11-03 05:23:14,225 [pool-210-thread-1] INFO  ratis.ContainerStateMachine (ContainerStateMachine.java:loadSnapshot(236)) - group-328117242DA8: The snapshot info is null. Setting the last applied indexto:(t:0, i:~)
2022-11-03 05:23:14,225 [pool-210-thread-1] INFO  server.RaftServerConfigKeys (ConfUtils.java:logGet(46)) - raft.server.log.use.memory = false (default)
2022-11-03 05:23:14,227 [EventQueue-OpenPipelineForHealthyPipelineSafeModeRule] INFO  safemode.SCMSafeModeManager (HealthyPipelineSafeModeRule.java:process(137)) - SCM in safe mode. Healthy pipelines reported count is 0, required healthy pipeline reported count is 1
2022-11-03 05:23:14,232 [pool-210-thread-1] INFO  server.RaftServerConfigKeys (ConfUtils.java:logGet(46)) - raft.server.log.purge.gap = 1000000 (custom)
2022-11-03 05:23:14,233 [pool-210-thread-1] INFO  server.RaftServerConfigKeys (ConfUtils.java:logGet(46)) - raft.server.log.appender.buffer.byte-limit = 33554432 (custom)
2022-11-03 05:23:14,233 [pool-210-thread-1] INFO  server.RaftServerConfigKeys (ConfUtils.java:logGet(46)) - raft.server.log.statemachine.data.read.timeout = 1000ms (default)
2022-11-03 05:23:14,233 [pool-210-thread-1] INFO  server.RaftServerConfigKeys (ConfUtils.java:logGet(46)) - raft.server.log.purge.preservation.log.num = 0 (default)
2022-11-03 05:23:14,233 [pool-210-thread-1] INFO  server.RaftServerConfigKeys (ConfUtils.java:logGet(46)) - raft.server.log.segment.size.max = 1048576 (custom)
2022-11-03 05:23:14,233 [pool-210-thread-1] INFO  server.RaftServerConfigKeys (ConfUtils.java:logGet(46)) - raft.server.log.segment.cache.num.max = 2 (custom)
2022-11-03 05:23:14,233 [pool-210-thread-1] INFO  server.RaftServerConfigKeys (ConfUtils.java:logGet(46)) - raft.server.log.segment.cache.size.max = 200MB (=209715200) (default)
2022-11-03 05:23:14,233 [pool-210-thread-1] INFO  segmented.SegmentedRaftLogWorker (SegmentedRaftLogWorker.java:<init>(191)) - new c047bafd-0fa0-4f2f-9a8c-56ef9c35524f@group-328117242DA8-SegmentedRaftLogWorker for RaftStorageImpl:Storage Directory /home/runner/work/ozone/ozone/hadoop-ozone/integration-test/target/test-dir/MiniOzoneClusterImpl-a947a097-fc53-45d1-b902-fe1272537128/datanode-6/data/ratis/857071ee-07df-438d-a40c-328117242da8
2022-11-03 05:23:14,233 [pool-210-thread-1] INFO  server.RaftServerConfigKeys (ConfUtils.java:logGet(46)) - raft.server.log.queue.byte-limit = 4294967296 (custom)
2022-11-03 05:23:14,233 [pool-210-thread-1] INFO  server.RaftServerConfigKeys (ConfUtils.java:logGet(46)) - raft.server.log.queue.element-limit = 1024 (custom)
2022-11-03 05:23:14,233 [pool-210-thread-1] INFO  server.RaftServerConfigKeys (ConfUtils.java:logGet(46)) - raft.server.log.segment.size.max = 1048576 (custom)
2022-11-03 05:23:14,233 [pool-210-thread-1] INFO  server.RaftServerConfigKeys (ConfUtils.java:logGet(46)) - raft.server.log.preallocated.size = 16384 (custom)
2022-11-03 05:23:14,233 [pool-210-thread-1] INFO  server.RaftServerConfigKeys (ConfUtils.java:logGet(46)) - raft.server.log.force.sync.num = 128 (default)
2022-11-03 05:23:14,233 [pool-210-thread-1] INFO  server.RaftServerConfigKeys (ConfUtils.java:logGet(46)) - raft.server.log.statemachine.data.sync = true (default)
2022-11-03 05:23:14,234 [pool-210-thread-1] INFO  server.RaftServerConfigKeys (ConfUtils.java:logGet(46)) - raft.server.log.statemachine.data.sync.timeout = 10s (default)
2022-11-03 05:23:14,234 [pool-210-thread-1] INFO  server.RaftServerConfigKeys (ConfUtils.java:logGet(46)) - raft.server.log.statemachine.data.sync.timeout.retry = -1 (default)
2022-11-03 05:23:14,234 [pool-210-thread-1] INFO  server.RaftServerConfigKeys (ConfUtils.java:logGet(46)) - raft.server.log.write.buffer.size = 1048576 (custom)
2022-11-03 05:23:14,235 [pool-210-thread-1] INFO  server.RaftServerConfigKeys (ConfUtils.java:logGet(46)) - raft.server.log.unsafe-flush.enabled = false (default)
2022-11-03 05:23:14,235 [pool-210-thread-1] INFO  server.RaftServerConfigKeys (ConfUtils.java:logGet(46)) - raft.server.log.async-flush.enabled = false (default)
2022-11-03 05:23:14,235 [pool-210-thread-1] INFO  server.RaftServerConfigKeys (ConfUtils.java:logGet(46)) - raft.server.log.statemachine.data.caching.enabled = true (custom)
2022-11-03 05:23:14,235 [pool-210-thread-1] INFO  segmented.SegmentedRaftLogWorker (SegmentedRaftLogWorker.java:lambda$new$0(136)) - c047bafd-0fa0-4f2f-9a8c-56ef9c35524f@group-328117242DA8-SegmentedRaftLogWorker: flushIndex: setUnconditionally 0 -> -1
2022-11-03 05:23:14,235 [pool-210-thread-1] INFO  segmented.SegmentedRaftLogWorker (SegmentedRaftLogWorker.java:lambda$new$0(136)) - c047bafd-0fa0-4f2f-9a8c-56ef9c35524f@group-328117242DA8-SegmentedRaftLogWorker: safeCacheEvictIndex: setUnconditionally 0 -> -1
2022-11-03 05:23:14,236 [pool-210-thread-1] INFO  server.RaftServer$Division (RaftServerImpl.java:start(334)) - c047bafd-0fa0-4f2f-9a8c-56ef9c35524f@group-328117242DA8: start as a follower, conf=-1: peers:[1397ad66-7a30-4622-84c4-76091eab1ef3|rpc:10.1.1.42:46719|priority:1|startupRole:FOLLOWER, edbb8909-d467-4274-b253-e11b41a723b1|rpc:10.1.1.42:38807|priority:0|startupRole:FOLLOWER, c047bafd-0fa0-4f2f-9a8c-56ef9c35524f|rpc:10.1.1.42:40893|priority:0|startupRole:FOLLOWER]|listeners:[], old=null
2022-11-03 05:23:14,237 [pool-210-thread-1] INFO  server.RaftServer$Division (RaftServerImpl.java:setRole(321)) - c047bafd-0fa0-4f2f-9a8c-56ef9c35524f@group-328117242DA8: changes role from      null to FOLLOWER at term 0 for startAsFollower
2022-11-03 05:23:14,238 [pool-210-thread-1] INFO  impl.RoleInfo (RoleInfo.java:updateAndGet(139)) - c047bafd-0fa0-4f2f-9a8c-56ef9c35524f: start c047bafd-0fa0-4f2f-9a8c-56ef9c35524f@group-328117242DA8-FollowerState
2022-11-03 05:23:14,239 [pool-210-thread-1] INFO  util.JmxRegister (JmxRegister.java:tryRegister(44)) - Successfully registered JMX Bean with object name Ratis:service=RaftServer,group=group-328117242DA8,id=c047bafd-0fa0-4f2f-9a8c-56ef9c35524f
2022-11-03 05:23:14,239 [pool-210-thread-1] INFO  server.RaftServerConfigKeys (ConfUtils.java:logGet(46)) - raft.server.snapshot.auto.trigger.enabled = true (custom)
2022-11-03 05:23:14,239 [pool-210-thread-1] INFO  server.RaftServerConfigKeys (ConfUtils.java:logGet(46)) - raft.server.snapshot.auto.trigger.threshold = 10000 (custom)
2022-11-03 05:23:14,239 [pool-210-thread-1] INFO  server.RaftServerConfigKeys (ConfUtils.java:logGet(46)) - raft.server.snapshot.retention.file.num = 5 (custom)
2022-11-03 05:23:14,239 [pool-210-thread-1] INFO  server.RaftServerConfigKeys (ConfUtils.java:logGet(46)) - raft.server.log.purge.upto.snapshot.index = false (default)
2022-11-03 05:23:14,240 [c047bafd-0fa0-4f2f-9a8c-56ef9c35524f@group-328117242DA8-FollowerState] INFO  server.RaftServerConfigKeys (ConfUtils.java:logFallback(53)) - raft.server.rpc.first-election.timeout.min = 5s (fallback to raft.server.rpc.timeout.min)
2022-11-03 05:23:14,240 [c047bafd-0fa0-4f2f-9a8c-56ef9c35524f@group-328117242DA8-FollowerState] INFO  server.RaftServerConfigKeys (ConfUtils.java:logFallback(53)) - raft.server.rpc.first-election.timeout.max = 5200ms (fallback to raft.server.rpc.timeout.max)
2022-11-03 05:23:14,241 [Command processor thread] INFO  ratis.XceiverServerRatis (XceiverServerRatis.java:addGroup(765)) - Created group PipelineID=857071ee-07df-438d-a40c-328117242da8
2022-11-03 05:23:14,258 [grpc-default-executor-0] INFO  server.RaftServer (RaftServerProxy.java:addNew(96)) - 1397ad66-7a30-4622-84c4-76091eab1ef3: addNew group-328117242DA8:[1397ad66-7a30-4622-84c4-76091eab1ef3|rpc:10.1.1.42:46719|dataStream:|priority:1|startupRole:FOLLOWER, edbb8909-d467-4274-b253-e11b41a723b1|rpc:10.1.1.42:38807|dataStream:|priority:0|startupRole:FOLLOWER, c047bafd-0fa0-4f2f-9a8c-56ef9c35524f|rpc:10.1.1.42:40893|dataStream:|priority:0|startupRole:FOLLOWER] returns group-328117242DA8:java.util.concurrent.CompletableFuture@18faa188[Not completed]
2022-11-03 05:23:14,260 [pool-237-thread-1] INFO  server.RaftServer$Division (RaftServerImpl.java:<init>(195)) - 1397ad66-7a30-4622-84c4-76091eab1ef3: new RaftServerImpl for group-328117242DA8:[1397ad66-7a30-4622-84c4-76091eab1ef3|rpc:10.1.1.42:46719|dataStream:|priority:1|startupRole:FOLLOWER, edbb8909-d467-4274-b253-e11b41a723b1|rpc:10.1.1.42:38807|dataStream:|priority:0|startupRole:FOLLOWER, c047bafd-0fa0-4f2f-9a8c-56ef9c35524f|rpc:10.1.1.42:40893|dataStream:|priority:0|startupRole:FOLLOWER] with ContainerStateMachine:uninitialized
2022-11-03 05:23:14,260 [pool-237-thread-1] INFO  server.RaftServerConfigKeys (ConfUtils.java:logGet(46)) - raft.server.rpc.timeout.min = 5s (custom)
2022-11-03 05:23:14,260 [pool-237-thread-1] INFO  server.RaftServerConfigKeys (ConfUtils.java:logGet(46)) - raft.server.rpc.timeout.max = 5200ms (custom)
2022-11-03 05:23:14,260 [pool-237-thread-1] INFO  server.RaftServerConfigKeys (ConfUtils.java:logGet(46)) - raft.server.rpc.sleep.time = 25ms (default)
2022-11-03 05:23:14,260 [pool-237-thread-1] INFO  server.RaftServerConfigKeys (ConfUtils.java:logGet(46)) - raft.server.rpc.slowness.timeout = 300s (custom)
2022-11-03 05:23:14,260 [pool-237-thread-1] INFO  server.RaftServerConfigKeys (ConfUtils.java:logGet(46)) - raft.server.leaderelection.leader.step-down.wait-time = 10s (default)
2022-11-03 05:23:14,260 [pool-237-thread-1] INFO  server.RaftServerConfigKeys (ConfUtils.java:logGet(46)) - raft.server.sleep.deviation.threshold = 300ms (default)
2022-11-03 05:23:14,260 [pool-237-thread-1] INFO  server.RaftServer$Division (ServerState.java:<init>(118)) - 1397ad66-7a30-4622-84c4-76091eab1ef3@group-328117242DA8: ConfigurationManager, init=-1: peers:[1397ad66-7a30-4622-84c4-76091eab1ef3|rpc:10.1.1.42:46719|dataStream:|priority:1|startupRole:FOLLOWER, edbb8909-d467-4274-b253-e11b41a723b1|rpc:10.1.1.42:38807|dataStream:|priority:0|startupRole:FOLLOWER, c047bafd-0fa0-4f2f-9a8c-56ef9c35524f|rpc:10.1.1.42:40893|dataStream:|priority:0|startupRole:FOLLOWER]|listeners:[], old=null, confs=<EMPTY_MAP>
2022-11-03 05:23:14,260 [pool-237-thread-1] INFO  server.RaftServerConfigKeys (ConfUtils.java:logGet(46)) - raft.server.storage.dir = [/home/runner/work/ozone/ozone/hadoop-ozone/integration-test/target/test-dir/MiniOzoneClusterImpl-a947a097-fc53-45d1-b902-fe1272537128/datanode-7/data/ratis] (custom)
2022-11-03 05:23:14,260 [pool-237-thread-1] INFO  server.RaftServerConfigKeys (ConfUtils.java:logGet(46)) - raft.server.log.corruption.policy = EXCEPTION (default)
2022-11-03 05:23:14,260 [pool-237-thread-1] INFO  server.RaftServerConfigKeys (ConfUtils.java:logGet(46)) - raft.server.storage.free-space.min = 0MB (=0) (default)
2022-11-03 05:23:14,262 [pool-237-thread-1] INFO  server.RaftServerConfigKeys (ConfUtils.java:logGet(46)) - raft.server.notification.no-leader.timeout = 300s (custom)
2022-11-03 05:23:14,262 [pool-237-thread-1] INFO  server.RaftServerConfigKeys (ConfUtils.java:logGet(46)) - raft.server.retrycache.expirytime = 600000ms (custom)
2022-11-03 05:23:14,262 [pool-237-thread-1] INFO  server.RaftServerConfigKeys (ConfUtils.java:logGet(46)) - raft.server.retrycache.statistics.expirytime = 100μs (default)
2022-11-03 05:23:14,265 [pool-237-thread-1] INFO  server.RaftServerConfigKeys (ConfUtils.java:logGet(46)) - raft.server.log.appender.install.snapshot.enabled = false (custom)
2022-11-03 05:23:14,265 [pool-237-thread-1] INFO  server.RaftServerConfigKeys (ConfUtils.java:logGet(46)) - raft.server.threadpool.server.cached = true (default)
2022-11-03 05:23:14,265 [pool-237-thread-1] INFO  server.RaftServerConfigKeys (ConfUtils.java:logGet(46)) - raft.server.threadpool.server.size = 0 (default)
2022-11-03 05:23:14,265 [pool-237-thread-1] INFO  server.RaftServerConfigKeys (ConfUtils.java:logGet(46)) - raft.server.threadpool.client.cached = true (default)
2022-11-03 05:23:14,265 [pool-237-thread-1] INFO  server.RaftServerConfigKeys (ConfUtils.java:logGet(46)) - raft.server.threadpool.client.size = 0 (default)
2022-11-03 05:23:14,265 [pool-237-thread-1] INFO  storage.RaftStorageDirectory (RaftStorageDirectoryImpl.java:analyzeStorage(137)) - The storage directory /home/runner/work/ozone/ozone/hadoop-ozone/integration-test/target/test-dir/MiniOzoneClusterImpl-a947a097-fc53-45d1-b902-fe1272537128/datanode-7/data/ratis/857071ee-07df-438d-a40c-328117242da8 does not exist. Creating ...
2022-11-03 05:23:14,268 [pool-237-thread-1] INFO  storage.RaftStorageDirectory (RaftStorageDirectoryImpl.java:tryLock(231)) - Lock on /home/runner/work/ozone/ozone/hadoop-ozone/integration-test/target/test-dir/MiniOzoneClusterImpl-a947a097-fc53-45d1-b902-fe1272537128/datanode-7/data/ratis/857071ee-07df-438d-a40c-328117242da8/in_use.lock acquired by nodename 14756@fv-az119-847
2022-11-03 05:23:14,269 [pool-237-thread-1] INFO  storage.RaftStorage (RaftStorageImpl.java:format(96)) - Storage directory /home/runner/work/ozone/ozone/hadoop-ozone/integration-test/target/test-dir/MiniOzoneClusterImpl-a947a097-fc53-45d1-b902-fe1272537128/datanode-7/data/ratis/857071ee-07df-438d-a40c-328117242da8 has been successfully formatted.
2022-11-03 05:23:14,269 [pool-237-thread-1] INFO  ratis.ContainerStateMachine (ContainerStateMachine.java:loadSnapshot(236)) - group-328117242DA8: The snapshot info is null. Setting the last applied indexto:(t:0, i:~)
2022-11-03 05:23:14,269 [pool-237-thread-1] INFO  server.RaftServerConfigKeys (ConfUtils.java:logGet(46)) - raft.server.log.use.memory = false (default)
2022-11-03 05:23:14,269 [pool-237-thread-1] INFO  server.RaftServerConfigKeys (ConfUtils.java:logGet(46)) - raft.server.log.purge.gap = 1000000 (custom)
2022-11-03 05:23:14,269 [pool-237-thread-1] INFO  server.RaftServerConfigKeys (ConfUtils.java:logGet(46)) - raft.server.log.appender.buffer.byte-limit = 33554432 (custom)
2022-11-03 05:23:14,269 [pool-237-thread-1] INFO  server.RaftServerConfigKeys (ConfUtils.java:logGet(46)) - raft.server.log.statemachine.data.read.timeout = 1000ms (default)
2022-11-03 05:23:14,269 [pool-237-thread-1] INFO  server.RaftServerConfigKeys (ConfUtils.java:logGet(46)) - raft.server.log.purge.preservation.log.num = 0 (default)
2022-11-03 05:23:14,270 [pool-237-thread-1] INFO  server.RaftServerConfigKeys (ConfUtils.java:logGet(46)) - raft.server.log.segment.size.max = 1048576 (custom)
2022-11-03 05:23:14,270 [pool-237-thread-1] INFO  server.RaftServerConfigKeys (ConfUtils.java:logGet(46)) - raft.server.log.segment.cache.num.max = 2 (custom)
2022-11-03 05:23:14,270 [pool-237-thread-1] INFO  server.RaftServerConfigKeys (ConfUtils.java:logGet(46)) - raft.server.log.segment.cache.size.max = 200MB (=209715200) (default)
2022-11-03 05:23:14,270 [pool-237-thread-1] INFO  segmented.SegmentedRaftLogWorker (SegmentedRaftLogWorker.java:<init>(191)) - new 1397ad66-7a30-4622-84c4-76091eab1ef3@group-328117242DA8-SegmentedRaftLogWorker for RaftStorageImpl:Storage Directory /home/runner/work/ozone/ozone/hadoop-ozone/integration-test/target/test-dir/MiniOzoneClusterImpl-a947a097-fc53-45d1-b902-fe1272537128/datanode-7/data/ratis/857071ee-07df-438d-a40c-328117242da8
2022-11-03 05:23:14,270 [pool-237-thread-1] INFO  server.RaftServerConfigKeys (ConfUtils.java:logGet(46)) - raft.server.log.queue.byte-limit = 4294967296 (custom)
2022-11-03 05:23:14,270 [pool-237-thread-1] INFO  server.RaftServerConfigKeys (ConfUtils.java:logGet(46)) - raft.server.log.queue.element-limit = 1024 (custom)
2022-11-03 05:23:14,270 [pool-237-thread-1] INFO  server.RaftServerConfigKeys (ConfUtils.java:logGet(46)) - raft.server.log.segment.size.max = 1048576 (custom)
2022-11-03 05:23:14,271 [pool-237-thread-1] INFO  server.RaftServerConfigKeys (ConfUtils.java:logGet(46)) - raft.server.log.preallocated.size = 16384 (custom)
2022-11-03 05:23:14,271 [pool-237-thread-1] INFO  server.RaftServerConfigKeys (ConfUtils.java:logGet(46)) - raft.server.log.force.sync.num = 128 (default)
2022-11-03 05:23:14,271 [pool-237-thread-1] INFO  server.RaftServerConfigKeys (ConfUtils.java:logGet(46)) - raft.server.log.statemachine.data.sync = true (default)
2022-11-03 05:23:14,271 [pool-237-thread-1] INFO  server.RaftServerConfigKeys (ConfUtils.java:logGet(46)) - raft.server.log.statemachine.data.sync.timeout = 10s (default)
2022-11-03 05:23:14,271 [pool-237-thread-1] INFO  server.RaftServerConfigKeys (ConfUtils.java:logGet(46)) - raft.server.log.statemachine.data.sync.timeout.retry = -1 (default)
2022-11-03 05:23:14,272 [pool-237-thread-1] INFO  server.RaftServerConfigKeys (ConfUtils.java:logGet(46)) - raft.server.log.write.buffer.size = 1048576 (custom)
2022-11-03 05:23:14,272 [pool-237-thread-1] INFO  server.RaftServerConfigKeys (ConfUtils.java:logGet(46)) - raft.server.log.unsafe-flush.enabled = false (default)
2022-11-03 05:23:14,272 [pool-237-thread-1] INFO  server.RaftServerConfigKeys (ConfUtils.java:logGet(46)) - raft.server.log.async-flush.enabled = false (default)
2022-11-03 05:23:14,272 [pool-237-thread-1] INFO  server.RaftServerConfigKeys (ConfUtils.java:logGet(46)) - raft.server.log.statemachine.data.caching.enabled = true (custom)
2022-11-03 05:23:14,272 [pool-237-thread-1] INFO  segmented.SegmentedRaftLogWorker (SegmentedRaftLogWorker.java:lambda$new$0(136)) - 1397ad66-7a30-4622-84c4-76091eab1ef3@group-328117242DA8-SegmentedRaftLogWorker: flushIndex: setUnconditionally 0 -> -1
2022-11-03 05:23:14,273 [pool-237-thread-1] INFO  segmented.SegmentedRaftLogWorker (SegmentedRaftLogWorker.java:lambda$new$0(136)) - 1397ad66-7a30-4622-84c4-76091eab1ef3@group-328117242DA8-SegmentedRaftLogWorker: safeCacheEvictIndex: setUnconditionally 0 -> -1
2022-11-03 05:23:14,273 [pool-237-thread-1] INFO  server.RaftServer$Division (RaftServerImpl.java:start(334)) - 1397ad66-7a30-4622-84c4-76091eab1ef3@group-328117242DA8: start as a follower, conf=-1: peers:[1397ad66-7a30-4622-84c4-76091eab1ef3|rpc:10.1.1.42:46719|dataStream:|priority:1|startupRole:FOLLOWER, edbb8909-d467-4274-b253-e11b41a723b1|rpc:10.1.1.42:38807|dataStream:|priority:0|startupRole:FOLLOWER, c047bafd-0fa0-4f2f-9a8c-56ef9c35524f|rpc:10.1.1.42:40893|dataStream:|priority:0|startupRole:FOLLOWER]|listeners:[], old=null
2022-11-03 05:23:14,273 [pool-237-thread-1] INFO  server.RaftServer$Division (RaftServerImpl.java:setRole(321)) - 1397ad66-7a30-4622-84c4-76091eab1ef3@group-328117242DA8: changes role from      null to FOLLOWER at term 0 for startAsFollower
2022-11-03 05:23:14,273 [pool-237-thread-1] INFO  impl.RoleInfo (RoleInfo.java:updateAndGet(139)) - 1397ad66-7a30-4622-84c4-76091eab1ef3: start 1397ad66-7a30-4622-84c4-76091eab1ef3@group-328117242DA8-FollowerState
2022-11-03 05:23:14,273 [pool-237-thread-1] INFO  util.JmxRegister (JmxRegister.java:tryRegister(44)) - Successfully registered JMX Bean with object name Ratis:service=RaftServer,group=group-328117242DA8,id=1397ad66-7a30-4622-84c4-76091eab1ef3
2022-11-03 05:23:14,273 [pool-237-thread-1] INFO  server.RaftServerConfigKeys (ConfUtils.java:logGet(46)) - raft.server.snapshot.auto.trigger.enabled = true (custom)
2022-11-03 05:23:14,273 [pool-237-thread-1] INFO  server.RaftServerConfigKeys (ConfUtils.java:logGet(46)) - raft.server.snapshot.auto.trigger.threshold = 10000 (custom)
2022-11-03 05:23:14,273 [pool-237-thread-1] INFO  server.RaftServerConfigKeys (ConfUtils.java:logGet(46)) - raft.server.snapshot.retention.file.num = 5 (custom)
2022-11-03 05:23:14,273 [pool-237-thread-1] INFO  server.RaftServerConfigKeys (ConfUtils.java:logGet(46)) - raft.server.log.purge.upto.snapshot.index = false (default)
2022-11-03 05:23:14,274 [1397ad66-7a30-4622-84c4-76091eab1ef3@group-328117242DA8-FollowerState] INFO  server.RaftServerConfigKeys (ConfUtils.java:logFallback(53)) - raft.server.rpc.first-election.timeout.min = 5s (fallback to raft.server.rpc.timeout.min)
2022-11-03 05:23:14,280 [1397ad66-7a30-4622-84c4-76091eab1ef3@group-328117242DA8-FollowerState] INFO  server.RaftServerConfigKeys (ConfUtils.java:logFallback(53)) - raft.server.rpc.first-election.timeout.max = 5200ms (fallback to raft.server.rpc.timeout.max)
2022-11-03 05:23:14,297 [grpc-default-executor-0] INFO  server.RaftServer (RaftServerProxy.java:addNew(96)) - edbb8909-d467-4274-b253-e11b41a723b1: addNew group-328117242DA8:[1397ad66-7a30-4622-84c4-76091eab1ef3|rpc:10.1.1.42:46719|dataStream:|priority:1|startupRole:FOLLOWER, edbb8909-d467-4274-b253-e11b41a723b1|rpc:10.1.1.42:38807|dataStream:|priority:0|startupRole:FOLLOWER, c047bafd-0fa0-4f2f-9a8c-56ef9c35524f|rpc:10.1.1.42:40893|dataStream:|priority:0|startupRole:FOLLOWER] returns group-328117242DA8:java.util.concurrent.CompletableFuture@66244c58[Not completed]
2022-11-03 05:23:14,298 [pool-264-thread-1] INFO  server.RaftServer$Division (RaftServerImpl.java:<init>(195)) - edbb8909-d467-4274-b253-e11b41a723b1: new RaftServerImpl for group-328117242DA8:[1397ad66-7a30-4622-84c4-76091eab1ef3|rpc:10.1.1.42:46719|dataStream:|priority:1|startupRole:FOLLOWER, edbb8909-d467-4274-b253-e11b41a723b1|rpc:10.1.1.42:38807|dataStream:|priority:0|startupRole:FOLLOWER, c047bafd-0fa0-4f2f-9a8c-56ef9c35524f|rpc:10.1.1.42:40893|dataStream:|priority:0|startupRole:FOLLOWER] with ContainerStateMachine:uninitialized
2022-11-03 05:23:14,298 [pool-264-thread-1] INFO  server.RaftServerConfigKeys (ConfUtils.java:logGet(46)) - raft.server.rpc.timeout.min = 5s (custom)
2022-11-03 05:23:14,298 [pool-264-thread-1] INFO  server.RaftServerConfigKeys (ConfUtils.java:logGet(46)) - raft.server.rpc.timeout.max = 5200ms (custom)
2022-11-03 05:23:14,299 [pool-264-thread-1] INFO  server.RaftServerConfigKeys (ConfUtils.java:logGet(46)) - raft.server.rpc.sleep.time = 25ms (default)
2022-11-03 05:23:14,299 [pool-264-thread-1] INFO  server.RaftServerConfigKeys (ConfUtils.java:logGet(46)) - raft.server.rpc.slowness.timeout = 300s (custom)
2022-11-03 05:23:14,299 [pool-264-thread-1] INFO  server.RaftServerConfigKeys (ConfUtils.java:logGet(46)) - raft.server.leaderelection.leader.step-down.wait-time = 10s (default)
2022-11-03 05:23:14,299 [pool-264-thread-1] INFO  server.RaftServerConfigKeys (ConfUtils.java:logGet(46)) - raft.server.sleep.deviation.threshold = 300ms (default)
2022-11-03 05:23:14,299 [pool-264-thread-1] INFO  server.RaftServer$Division (ServerState.java:<init>(118)) - edbb8909-d467-4274-b253-e11b41a723b1@group-328117242DA8: ConfigurationManager, init=-1: peers:[1397ad66-7a30-4622-84c4-76091eab1ef3|rpc:10.1.1.42:46719|dataStream:|priority:1|startupRole:FOLLOWER, edbb8909-d467-4274-b253-e11b41a723b1|rpc:10.1.1.42:38807|dataStream:|priority:0|startupRole:FOLLOWER, c047bafd-0fa0-4f2f-9a8c-56ef9c35524f|rpc:10.1.1.42:40893|dataStream:|priority:0|startupRole:FOLLOWER]|listeners:[], old=null, confs=<EMPTY_MAP>
2022-11-03 05:23:14,299 [pool-264-thread-1] INFO  server.RaftServerConfigKeys (ConfUtils.java:logGet(46)) - raft.server.storage.dir = [/home/runner/work/ozone/ozone/hadoop-ozone/integration-test/target/test-dir/MiniOzoneClusterImpl-a947a097-fc53-45d1-b902-fe1272537128/datanode-8/data/ratis] (custom)
2022-11-03 05:23:14,299 [pool-264-thread-1] INFO  server.RaftServerConfigKeys (ConfUtils.java:logGet(46)) - raft.server.log.corruption.policy = EXCEPTION (default)
2022-11-03 05:23:14,299 [pool-264-thread-1] INFO  server.RaftServerConfigKeys (ConfUtils.java:logGet(46)) - raft.server.storage.free-space.min = 0MB (=0) (default)
2022-11-03 05:23:14,299 [pool-264-thread-1] INFO  server.RaftServerConfigKeys (ConfUtils.java:logGet(46)) - raft.server.notification.no-leader.timeout = 300s (custom)
2022-11-03 05:23:14,299 [pool-264-thread-1] INFO  server.RaftServerConfigKeys (ConfUtils.java:logGet(46)) - raft.server.retrycache.expirytime = 600000ms (custom)
2022-11-03 05:23:14,299 [pool-264-thread-1] INFO  server.RaftServerConfigKeys (ConfUtils.java:logGet(46)) - raft.server.retrycache.statistics.expirytime = 100μs (default)
2022-11-03 05:23:14,301 [pool-264-thread-1] INFO  server.RaftServerConfigKeys (ConfUtils.java:logGet(46)) - raft.server.log.appender.install.snapshot.enabled = false (custom)
2022-11-03 05:23:14,302 [pool-264-thread-1] INFO  server.RaftServerConfigKeys (ConfUtils.java:logGet(46)) - raft.server.threadpool.server.cached = true (default)
2022-11-03 05:23:14,302 [pool-264-thread-1] INFO  server.RaftServerConfigKeys (ConfUtils.java:logGet(46)) - raft.server.threadpool.server.size = 0 (default)
2022-11-03 05:23:14,302 [pool-264-thread-1] INFO  server.RaftServerConfigKeys (ConfUtils.java:logGet(46)) - raft.server.threadpool.client.cached = true (default)
2022-11-03 05:23:14,302 [pool-264-thread-1] INFO  server.RaftServerConfigKeys (ConfUtils.java:logGet(46)) - raft.server.threadpool.client.size = 0 (default)
2022-11-03 05:23:14,302 [pool-264-thread-1] INFO  storage.RaftStorageDirectory (RaftStorageDirectoryImpl.java:analyzeStorage(137)) - The storage directory /home/runner/work/ozone/ozone/hadoop-ozone/integration-test/target/test-dir/MiniOzoneClusterImpl-a947a097-fc53-45d1-b902-fe1272537128/datanode-8/data/ratis/857071ee-07df-438d-a40c-328117242da8 does not exist. Creating ...
2022-11-03 05:23:14,303 [pool-264-thread-1] INFO  storage.RaftStorageDirectory (RaftStorageDirectoryImpl.java:tryLock(231)) - Lock on /home/runner/work/ozone/ozone/hadoop-ozone/integration-test/target/test-dir/MiniOzoneClusterImpl-a947a097-fc53-45d1-b902-fe1272537128/datanode-8/data/ratis/857071ee-07df-438d-a40c-328117242da8/in_use.lock acquired by nodename 14756@fv-az119-847
2022-11-03 05:23:14,304 [pool-264-thread-1] INFO  storage.RaftStorage (RaftStorageImpl.java:format(96)) - Storage directory /home/runner/work/ozone/ozone/hadoop-ozone/integration-test/target/test-dir/MiniOzoneClusterImpl-a947a097-fc53-45d1-b902-fe1272537128/datanode-8/data/ratis/857071ee-07df-438d-a40c-328117242da8 has been successfully formatted.
2022-11-03 05:23:14,307 [pool-264-thread-1] INFO  ratis.ContainerStateMachine (ContainerStateMachine.java:loadSnapshot(236)) - group-328117242DA8: The snapshot info is null. Setting the last applied indexto:(t:0, i:~)
2022-11-03 05:23:14,307 [pool-264-thread-1] INFO  server.RaftServerConfigKeys (ConfUtils.java:logGet(46)) - raft.server.log.use.memory = false (default)
2022-11-03 05:23:14,307 [pool-264-thread-1] INFO  server.RaftServerConfigKeys (ConfUtils.java:logGet(46)) - raft.server.log.purge.gap = 1000000 (custom)
2022-11-03 05:23:14,307 [pool-264-thread-1] INFO  server.RaftServerConfigKeys (ConfUtils.java:logGet(46)) - raft.server.log.appender.buffer.byte-limit = 33554432 (custom)
2022-11-03 05:23:14,307 [pool-264-thread-1] INFO  server.RaftServerConfigKeys (ConfUtils.java:logGet(46)) - raft.server.log.statemachine.data.read.timeout = 1000ms (default)
2022-11-03 05:23:14,307 [pool-264-thread-1] INFO  server.RaftServerConfigKeys (ConfUtils.java:logGet(46)) - raft.server.log.purge.preservation.log.num = 0 (default)
2022-11-03 05:23:14,308 [pool-264-thread-1] INFO  server.RaftServerConfigKeys (ConfUtils.java:logGet(46)) - raft.server.log.segment.size.max = 1048576 (custom)
2022-11-03 05:23:14,308 [pool-264-thread-1] INFO  server.RaftServerConfigKeys (ConfUtils.java:logGet(46)) - raft.server.log.segment.cache.num.max = 2 (custom)
2022-11-03 05:23:14,309 [pool-264-thread-1] INFO  server.RaftServerConfigKeys (ConfUtils.java:logGet(46)) - raft.server.log.segment.cache.size.max = 200MB (=209715200) (default)
2022-11-03 05:23:14,309 [pool-264-thread-1] INFO  segmented.SegmentedRaftLogWorker (SegmentedRaftLogWorker.java:<init>(191)) - new edbb8909-d467-4274-b253-e11b41a723b1@group-328117242DA8-SegmentedRaftLogWorker for RaftStorageImpl:Storage Directory /home/runner/work/ozone/ozone/hadoop-ozone/integration-test/target/test-dir/MiniOzoneClusterImpl-a947a097-fc53-45d1-b902-fe1272537128/datanode-8/data/ratis/857071ee-07df-438d-a40c-328117242da8
2022-11-03 05:23:14,309 [pool-264-thread-1] INFO  server.RaftServerConfigKeys (ConfUtils.java:logGet(46)) - raft.server.log.queue.byte-limit = 4294967296 (custom)
2022-11-03 05:23:14,309 [pool-264-thread-1] INFO  server.RaftServerConfigKeys (ConfUtils.java:logGet(46)) - raft.server.log.queue.element-limit = 1024 (custom)
2022-11-03 05:23:14,309 [pool-264-thread-1] INFO  server.RaftServerConfigKeys (ConfUtils.java:logGet(46)) - raft.server.log.segment.size.max = 1048576 (custom)
2022-11-03 05:23:14,309 [pool-264-thread-1] INFO  server.RaftServerConfigKeys (ConfUtils.java:logGet(46)) - raft.server.log.preallocated.size = 16384 (custom)
2022-11-03 05:23:14,309 [pool-264-thread-1] INFO  server.RaftServerConfigKeys (ConfUtils.java:logGet(46)) - raft.server.log.force.sync.num = 128 (default)
2022-11-03 05:23:14,309 [pool-264-thread-1] INFO  server.RaftServerConfigKeys (ConfUtils.java:logGet(46)) - raft.server.log.statemachine.data.sync = true (default)
2022-11-03 05:23:14,309 [pool-264-thread-1] INFO  server.RaftServerConfigKeys (ConfUtils.java:logGet(46)) - raft.server.log.statemachine.data.sync.timeout = 10s (default)
2022-11-03 05:23:14,309 [pool-264-thread-1] INFO  server.RaftServerConfigKeys (ConfUtils.java:logGet(46)) - raft.server.log.statemachine.data.sync.timeout.retry = -1 (default)
2022-11-03 05:23:14,310 [pool-264-thread-1] INFO  server.RaftServerConfigKeys (ConfUtils.java:logGet(46)) - raft.server.log.write.buffer.size = 1048576 (custom)
2022-11-03 05:23:14,311 [pool-264-thread-1] INFO  server.RaftServerConfigKeys (ConfUtils.java:logGet(46)) - raft.server.log.unsafe-flush.enabled = false (default)
2022-11-03 05:23:14,311 [pool-264-thread-1] INFO  server.RaftServerConfigKeys (ConfUtils.java:logGet(46)) - raft.server.log.async-flush.enabled = false (default)
2022-11-03 05:23:14,311 [pool-264-thread-1] INFO  server.RaftServerConfigKeys (ConfUtils.java:logGet(46)) - raft.server.log.statemachine.data.caching.enabled = true (custom)
2022-11-03 05:23:14,311 [pool-264-thread-1] INFO  segmented.SegmentedRaftLogWorker (SegmentedRaftLogWorker.java:lambda$new$0(136)) - edbb8909-d467-4274-b253-e11b41a723b1@group-328117242DA8-SegmentedRaftLogWorker: flushIndex: setUnconditionally 0 -> -1
2022-11-03 05:23:14,311 [pool-264-thread-1] INFO  segmented.SegmentedRaftLogWorker (SegmentedRaftLogWorker.java:lambda$new$0(136)) - edbb8909-d467-4274-b253-e11b41a723b1@group-328117242DA8-SegmentedRaftLogWorker: safeCacheEvictIndex: setUnconditionally 0 -> -1
2022-11-03 05:23:14,312 [pool-264-thread-1] INFO  server.RaftServer$Division (RaftServerImpl.java:start(334)) - edbb8909-d467-4274-b253-e11b41a723b1@group-328117242DA8: start as a follower, conf=-1: peers:[1397ad66-7a30-4622-84c4-76091eab1ef3|rpc:10.1.1.42:46719|dataStream:|priority:1|startupRole:FOLLOWER, edbb8909-d467-4274-b253-e11b41a723b1|rpc:10.1.1.42:38807|dataStream:|priority:0|startupRole:FOLLOWER, c047bafd-0fa0-4f2f-9a8c-56ef9c35524f|rpc:10.1.1.42:40893|dataStream:|priority:0|startupRole:FOLLOWER]|listeners:[], old=null
2022-11-03 05:23:14,312 [pool-264-thread-1] INFO  server.RaftServer$Division (RaftServerImpl.java:setRole(321)) - edbb8909-d467-4274-b253-e11b41a723b1@group-328117242DA8: changes role from      null to FOLLOWER at term 0 for startAsFollower
2022-11-03 05:23:14,312 [pool-264-thread-1] INFO  impl.RoleInfo (RoleInfo.java:updateAndGet(139)) - edbb8909-d467-4274-b253-e11b41a723b1: start edbb8909-d467-4274-b253-e11b41a723b1@group-328117242DA8-FollowerState
2022-11-03 05:23:14,312 [pool-264-thread-1] INFO  util.JmxRegister (JmxRegister.java:tryRegister(44)) - Successfully registered JMX Bean with object name Ratis:service=RaftServer,group=group-328117242DA8,id=edbb8909-d467-4274-b253-e11b41a723b1
2022-11-03 05:23:14,312 [pool-264-thread-1] INFO  server.RaftServerConfigKeys (ConfUtils.java:logGet(46)) - raft.server.snapshot.auto.trigger.enabled = true (custom)
2022-11-03 05:23:14,312 [pool-264-thread-1] INFO  server.RaftServerConfigKeys (ConfUtils.java:logGet(46)) - raft.server.snapshot.auto.trigger.threshold = 10000 (custom)
2022-11-03 05:23:14,312 [pool-264-thread-1] INFO  server.RaftServerConfigKeys (ConfUtils.java:logGet(46)) - raft.server.snapshot.retention.file.num = 5 (custom)
2022-11-03 05:23:14,312 [pool-264-thread-1] INFO  server.RaftServerConfigKeys (ConfUtils.java:logGet(46)) - raft.server.log.purge.upto.snapshot.index = false (default)
2022-11-03 05:23:14,313 [edbb8909-d467-4274-b253-e11b41a723b1@group-328117242DA8-FollowerState] INFO  server.RaftServerConfigKeys (ConfUtils.java:logFallback(53)) - raft.server.rpc.first-election.timeout.min = 5s (fallback to raft.server.rpc.timeout.min)
2022-11-03 05:23:14,316 [edbb8909-d467-4274-b253-e11b41a723b1@group-328117242DA8-FollowerState] INFO  server.RaftServerConfigKeys (ConfUtils.java:logFallback(53)) - raft.server.rpc.first-election.timeout.max = 5200ms (fallback to raft.server.rpc.timeout.max)
2022-11-03 05:23:14,322 [Command processor thread] INFO  commandhandler.CreatePipelineCommandHandler (CreatePipelineCommandHandler.java:handle(113)) - Created Pipeline RATIS THREE PipelineID=857071ee-07df-438d-a40c-328117242da8.
2022-11-03 05:23:14,322 [Command processor thread] INFO  server.RaftServer (RaftServerProxy.java:addNew(96)) - c047bafd-0fa0-4f2f-9a8c-56ef9c35524f: addNew group-CEF2DDE05160:[1397ad66-7a30-4622-84c4-76091eab1ef3|rpc:10.1.1.42:46719|priority:0|startupRole:FOLLOWER, edbb8909-d467-4274-b253-e11b41a723b1|rpc:10.1.1.42:38807|priority:0|startupRole:FOLLOWER, c047bafd-0fa0-4f2f-9a8c-56ef9c35524f|rpc:10.1.1.42:40893|priority:1|startupRole:FOLLOWER] returns group-CEF2DDE05160:java.util.concurrent.CompletableFuture@b308eaa[Not completed]
2022-11-03 05:23:14,323 [pool-210-thread-1] INFO  server.RaftServer$Division (RaftServerImpl.java:<init>(195)) - c047bafd-0fa0-4f2f-9a8c-56ef9c35524f: new RaftServerImpl for group-CEF2DDE05160:[1397ad66-7a30-4622-84c4-76091eab1ef3|rpc:10.1.1.42:46719|priority:0|startupRole:FOLLOWER, edbb8909-d467-4274-b253-e11b41a723b1|rpc:10.1.1.42:38807|priority:0|startupRole:FOLLOWER, c047bafd-0fa0-4f2f-9a8c-56ef9c35524f|rpc:10.1.1.42:40893|priority:1|startupRole:FOLLOWER] with ContainerStateMachine:uninitialized
2022-11-03 05:23:14,323 [pool-210-thread-1] INFO  server.RaftServerConfigKeys (ConfUtils.java:logGet(46)) - raft.server.rpc.timeout.min = 5s (custom)
2022-11-03 05:23:14,323 [pool-210-thread-1] INFO  server.RaftServerConfigKeys (ConfUtils.java:logGet(46)) - raft.server.rpc.timeout.max = 5200ms (custom)
2022-11-03 05:23:14,323 [pool-210-thread-1] INFO  server.RaftServerConfigKeys (ConfUtils.java:logGet(46)) - raft.server.rpc.sleep.time = 25ms (default)
2022-11-03 05:23:14,323 [pool-210-thread-1] INFO  server.RaftServerConfigKeys (ConfUtils.java:logGet(46)) - raft.server.rpc.slowness.timeout = 300s (custom)
2022-11-03 05:23:14,323 [pool-210-thread-1] INFO  server.RaftServerConfigKeys (ConfUtils.java:logGet(46)) - raft.server.leaderelection.leader.step-down.wait-time = 10s (default)
2022-11-03 05:23:14,323 [pool-210-thread-1] INFO  server.RaftServerConfigKeys (ConfUtils.java:logGet(46)) - raft.server.sleep.deviation.threshold = 300ms (default)
2022-11-03 05:23:14,323 [pool-210-thread-1] INFO  server.RaftServer$Division (ServerState.java:<init>(118)) - c047bafd-0fa0-4f2f-9a8c-56ef9c35524f@group-CEF2DDE05160: ConfigurationManager, init=-1: peers:[1397ad66-7a30-4622-84c4-76091eab1ef3|rpc:10.1.1.42:46719|priority:0|startupRole:FOLLOWER, edbb8909-d467-4274-b253-e11b41a723b1|rpc:10.1.1.42:38807|priority:0|startupRole:FOLLOWER, c047bafd-0fa0-4f2f-9a8c-56ef9c35524f|rpc:10.1.1.42:40893|priority:1|startupRole:FOLLOWER]|listeners:[], old=null, confs=<EMPTY_MAP>
2022-11-03 05:23:14,323 [pool-210-thread-1] INFO  server.RaftServerConfigKeys (ConfUtils.java:logGet(46)) - raft.server.storage.dir = [/home/runner/work/ozone/ozone/hadoop-ozone/integration-test/target/test-dir/MiniOzoneClusterImpl-a947a097-fc53-45d1-b902-fe1272537128/datanode-6/data/ratis] (custom)
2022-11-03 05:23:14,323 [pool-210-thread-1] INFO  server.RaftServerConfigKeys (ConfUtils.java:logGet(46)) - raft.server.log.corruption.policy = EXCEPTION (default)
2022-11-03 05:23:14,323 [pool-210-thread-1] INFO  server.RaftServerConfigKeys (ConfUtils.java:logGet(46)) - raft.server.storage.free-space.min = 0MB (=0) (default)
2022-11-03 05:23:14,323 [pool-210-thread-1] INFO  server.RaftServerConfigKeys (ConfUtils.java:logGet(46)) - raft.server.notification.no-leader.timeout = 300s (custom)
2022-11-03 05:23:14,323 [pool-210-thread-1] INFO  server.RaftServerConfigKeys (ConfUtils.java:logGet(46)) - raft.server.retrycache.expirytime = 600000ms (custom)
2022-11-03 05:23:14,323 [pool-210-thread-1] INFO  server.RaftServerConfigKeys (ConfUtils.java:logGet(46)) - raft.server.retrycache.statistics.expirytime = 100μs (default)
2022-11-03 05:23:14,324 [pool-210-thread-1] INFO  server.RaftServerConfigKeys (ConfUtils.java:logGet(46)) - raft.server.log.appender.install.snapshot.enabled = false (custom)
2022-11-03 05:23:14,324 [pool-210-thread-1] INFO  server.RaftServerConfigKeys (ConfUtils.java:logGet(46)) - raft.server.threadpool.server.cached = true (default)
2022-11-03 05:23:14,324 [pool-210-thread-1] INFO  server.RaftServerConfigKeys (ConfUtils.java:logGet(46)) - raft.server.threadpool.server.size = 0 (default)
2022-11-03 05:23:14,324 [pool-210-thread-1] INFO  server.RaftServerConfigKeys (ConfUtils.java:logGet(46)) - raft.server.threadpool.client.cached = true (default)
2022-11-03 05:23:14,324 [pool-210-thread-1] INFO  server.RaftServerConfigKeys (ConfUtils.java:logGet(46)) - raft.server.threadpool.client.size = 0 (default)
2022-11-03 05:23:14,325 [pool-210-thread-1] INFO  storage.RaftStorageDirectory (RaftStorageDirectoryImpl.java:analyzeStorage(137)) - The storage directory /home/runner/work/ozone/ozone/hadoop-ozone/integration-test/target/test-dir/MiniOzoneClusterImpl-a947a097-fc53-45d1-b902-fe1272537128/datanode-6/data/ratis/a7dc1704-3c31-4dea-b128-cef2dde05160 does not exist. Creating ...
2022-11-03 05:23:14,325 [pool-210-thread-1] INFO  storage.RaftStorageDirectory (RaftStorageDirectoryImpl.java:tryLock(231)) - Lock on /home/runner/work/ozone/ozone/hadoop-ozone/integration-test/target/test-dir/MiniOzoneClusterImpl-a947a097-fc53-45d1-b902-fe1272537128/datanode-6/data/ratis/a7dc1704-3c31-4dea-b128-cef2dde05160/in_use.lock acquired by nodename 14756@fv-az119-847
2022-11-03 05:23:14,326 [pool-210-thread-1] INFO  storage.RaftStorage (RaftStorageImpl.java:format(96)) - Storage directory /home/runner/work/ozone/ozone/hadoop-ozone/integration-test/target/test-dir/MiniOzoneClusterImpl-a947a097-fc53-45d1-b902-fe1272537128/datanode-6/data/ratis/a7dc1704-3c31-4dea-b128-cef2dde05160 has been successfully formatted.
2022-11-03 05:23:14,327 [pool-210-thread-1] INFO  ratis.ContainerStateMachine (ContainerStateMachine.java:loadSnapshot(236)) - group-CEF2DDE05160: The snapshot info is null. Setting the last applied indexto:(t:0, i:~)
2022-11-03 05:23:14,327 [pool-210-thread-1] INFO  server.RaftServerConfigKeys (ConfUtils.java:logGet(46)) - raft.server.log.use.memory = false (default)
2022-11-03 05:23:14,327 [pool-210-thread-1] INFO  server.RaftServerConfigKeys (ConfUtils.java:logGet(46)) - raft.server.log.purge.gap = 1000000 (custom)
2022-11-03 05:23:14,327 [pool-210-thread-1] INFO  server.RaftServerConfigKeys (ConfUtils.java:logGet(46)) - raft.server.log.appender.buffer.byte-limit = 33554432 (custom)
2022-11-03 05:23:14,327 [pool-210-thread-1] INFO  server.RaftServerConfigKeys (ConfUtils.java:logGet(46)) - raft.server.log.statemachine.data.read.timeout = 1000ms (default)
2022-11-03 05:23:14,327 [pool-210-thread-1] INFO  server.RaftServerConfigKeys (ConfUtils.java:logGet(46)) - raft.server.log.purge.preservation.log.num = 0 (default)
2022-11-03 05:23:14,327 [pool-210-thread-1] INFO  server.RaftServerConfigKeys (ConfUtils.java:logGet(46)) - raft.server.log.segment.size.max = 1048576 (custom)
2022-11-03 05:23:14,328 [EventQueue-OpenPipelineForHealthyPipelineSafeModeRule] INFO  safemode.SCMSafeModeManager (HealthyPipelineSafeModeRule.java:process(137)) - SCM in safe mode. Healthy pipelines reported count is 0, required healthy pipeline reported count is 1
2022-11-03 05:23:14,329 [pool-210-thread-1] INFO  server.RaftServerConfigKeys (ConfUtils.java:logGet(46)) - raft.server.log.segment.cache.num.max = 2 (custom)
2022-11-03 05:23:14,329 [pool-210-thread-1] INFO  server.RaftServerConfigKeys (ConfUtils.java:logGet(46)) - raft.server.log.segment.cache.size.max = 200MB (=209715200) (default)
2022-11-03 05:23:14,329 [pool-210-thread-1] INFO  segmented.SegmentedRaftLogWorker (SegmentedRaftLogWorker.java:<init>(191)) - new c047bafd-0fa0-4f2f-9a8c-56ef9c35524f@group-CEF2DDE05160-SegmentedRaftLogWorker for RaftStorageImpl:Storage Directory /home/runner/work/ozone/ozone/hadoop-ozone/integration-test/target/test-dir/MiniOzoneClusterImpl-a947a097-fc53-45d1-b902-fe1272537128/datanode-6/data/ratis/a7dc1704-3c31-4dea-b128-cef2dde05160
2022-11-03 05:23:14,329 [pool-210-thread-1] INFO  server.RaftServerConfigKeys (ConfUtils.java:logGet(46)) - raft.server.log.queue.byte-limit = 4294967296 (custom)
2022-11-03 05:23:14,329 [pool-210-thread-1] INFO  server.RaftServerConfigKeys (ConfUtils.java:logGet(46)) - raft.server.log.queue.element-limit = 1024 (custom)
2022-11-03 05:23:14,329 [pool-210-thread-1] INFO  server.RaftServerConfigKeys (ConfUtils.java:logGet(46)) - raft.server.log.segment.size.max = 1048576 (custom)
2022-11-03 05:23:14,329 [pool-210-thread-1] INFO  server.RaftServerConfigKeys (ConfUtils.java:logGet(46)) - raft.server.log.preallocated.size = 16384 (custom)
2022-11-03 05:23:14,329 [pool-210-thread-1] INFO  server.RaftServerConfigKeys (ConfUtils.java:logGet(46)) - raft.server.log.force.sync.num = 128 (default)
2022-11-03 05:23:14,329 [pool-210-thread-1] INFO  server.RaftServerConfigKeys (ConfUtils.java:logGet(46)) - raft.server.log.statemachine.data.sync = true (default)
2022-11-03 05:23:14,329 [pool-210-thread-1] INFO  server.RaftServerConfigKeys (ConfUtils.java:logGet(46)) - raft.server.log.statemachine.data.sync.timeout = 10s (default)
2022-11-03 05:23:14,329 [pool-210-thread-1] INFO  server.RaftServerConfigKeys (ConfUtils.java:logGet(46)) - raft.server.log.statemachine.data.sync.timeout.retry = -1 (default)
2022-11-03 05:23:14,330 [pool-210-thread-1] INFO  server.RaftServerConfigKeys (ConfUtils.java:logGet(46)) - raft.server.log.write.buffer.size = 1048576 (custom)
2022-11-03 05:23:14,331 [pool-210-thread-1] INFO  server.RaftServerConfigKeys (ConfUtils.java:logGet(46)) - raft.server.log.unsafe-flush.enabled = false (default)
2022-11-03 05:23:14,331 [pool-210-thread-1] INFO  server.RaftServerConfigKeys (ConfUtils.java:logGet(46)) - raft.server.log.async-flush.enabled = false (default)
2022-11-03 05:23:14,331 [pool-210-thread-1] INFO  server.RaftServerConfigKeys (ConfUtils.java:logGet(46)) - raft.server.log.statemachine.data.caching.enabled = true (custom)
2022-11-03 05:23:14,331 [pool-210-thread-1] INFO  segmented.SegmentedRaftLogWorker (SegmentedRaftLogWorker.java:lambda$new$0(136)) - c047bafd-0fa0-4f2f-9a8c-56ef9c35524f@group-CEF2DDE05160-SegmentedRaftLogWorker: flushIndex: setUnconditionally 0 -> -1
2022-11-03 05:23:14,331 [pool-210-thread-1] INFO  segmented.SegmentedRaftLogWorker (SegmentedRaftLogWorker.java:lambda$new$0(136)) - c047bafd-0fa0-4f2f-9a8c-56ef9c35524f@group-CEF2DDE05160-SegmentedRaftLogWorker: safeCacheEvictIndex: setUnconditionally 0 -> -1
2022-11-03 05:23:14,331 [pool-210-thread-1] INFO  server.RaftServer$Division (RaftServerImpl.java:start(334)) - c047bafd-0fa0-4f2f-9a8c-56ef9c35524f@group-CEF2DDE05160: start as a follower, conf=-1: peers:[1397ad66-7a30-4622-84c4-76091eab1ef3|rpc:10.1.1.42:46719|priority:0|startupRole:FOLLOWER, edbb8909-d467-4274-b253-e11b41a723b1|rpc:10.1.1.42:38807|priority:0|startupRole:FOLLOWER, c047bafd-0fa0-4f2f-9a8c-56ef9c35524f|rpc:10.1.1.42:40893|priority:1|startupRole:FOLLOWER]|listeners:[], old=null
2022-11-03 05:23:14,331 [pool-210-thread-1] INFO  server.RaftServer$Division (RaftServerImpl.java:setRole(321)) - c047bafd-0fa0-4f2f-9a8c-56ef9c35524f@group-CEF2DDE05160: changes role from      null to FOLLOWER at term 0 for startAsFollower
2022-11-03 05:23:14,331 [pool-210-thread-1] INFO  impl.RoleInfo (RoleInfo.java:updateAndGet(139)) - c047bafd-0fa0-4f2f-9a8c-56ef9c35524f: start c047bafd-0fa0-4f2f-9a8c-56ef9c35524f@group-CEF2DDE05160-FollowerState
2022-11-03 05:23:14,333 [pool-210-thread-1] INFO  util.JmxRegister (JmxRegister.java:tryRegister(44)) - Successfully registered JMX Bean with object name Ratis:service=RaftServer,group=group-CEF2DDE05160,id=c047bafd-0fa0-4f2f-9a8c-56ef9c35524f
2022-11-03 05:23:14,333 [c047bafd-0fa0-4f2f-9a8c-56ef9c35524f@group-CEF2DDE05160-FollowerState] INFO  server.RaftServerConfigKeys (ConfUtils.java:logFallback(53)) - raft.server.rpc.first-election.timeout.min = 5s (fallback to raft.server.rpc.timeout.min)
2022-11-03 05:23:14,333 [pool-210-thread-1] INFO  server.RaftServerConfigKeys (ConfUtils.java:logGet(46)) - raft.server.snapshot.auto.trigger.enabled = true (custom)
2022-11-03 05:23:14,333 [c047bafd-0fa0-4f2f-9a8c-56ef9c35524f@group-CEF2DDE05160-FollowerState] INFO  server.RaftServerConfigKeys (ConfUtils.java:logFallback(53)) - raft.server.rpc.first-election.timeout.max = 5200ms (fallback to raft.server.rpc.timeout.max)
2022-11-03 05:23:14,333 [pool-210-thread-1] INFO  server.RaftServerConfigKeys (ConfUtils.java:logGet(46)) - raft.server.snapshot.auto.trigger.threshold = 10000 (custom)
2022-11-03 05:23:14,333 [pool-210-thread-1] INFO  server.RaftServerConfigKeys (ConfUtils.java:logGet(46)) - raft.server.snapshot.retention.file.num = 5 (custom)
2022-11-03 05:23:14,333 [pool-210-thread-1] INFO  server.RaftServerConfigKeys (ConfUtils.java:logGet(46)) - raft.server.log.purge.upto.snapshot.index = false (default)
2022-11-03 05:23:14,334 [Command processor thread] INFO  ratis.XceiverServerRatis (XceiverServerRatis.java:addGroup(765)) - Created group PipelineID=a7dc1704-3c31-4dea-b128-cef2dde05160
2022-11-03 05:23:14,341 [grpc-default-executor-0] INFO  server.RaftServer (RaftServerProxy.java:addNew(96)) - 1397ad66-7a30-4622-84c4-76091eab1ef3: addNew group-CEF2DDE05160:[1397ad66-7a30-4622-84c4-76091eab1ef3|rpc:10.1.1.42:46719|dataStream:|priority:0|startupRole:FOLLOWER, edbb8909-d467-4274-b253-e11b41a723b1|rpc:10.1.1.42:38807|dataStream:|priority:0|startupRole:FOLLOWER, c047bafd-0fa0-4f2f-9a8c-56ef9c35524f|rpc:10.1.1.42:40893|dataStream:|priority:1|startupRole:FOLLOWER] returns group-CEF2DDE05160:java.util.concurrent.CompletableFuture@b710ec0[Not completed]
2022-11-03 05:23:14,342 [pool-237-thread-1] INFO  server.RaftServer$Division (RaftServerImpl.java:<init>(195)) - 1397ad66-7a30-4622-84c4-76091eab1ef3: new RaftServerImpl for group-CEF2DDE05160:[1397ad66-7a30-4622-84c4-76091eab1ef3|rpc:10.1.1.42:46719|dataStream:|priority:0|startupRole:FOLLOWER, edbb8909-d467-4274-b253-e11b41a723b1|rpc:10.1.1.42:38807|dataStream:|priority:0|startupRole:FOLLOWER, c047bafd-0fa0-4f2f-9a8c-56ef9c35524f|rpc:10.1.1.42:40893|dataStream:|priority:1|startupRole:FOLLOWER] with ContainerStateMachine:uninitialized
2022-11-03 05:23:14,342 [pool-237-thread-1] INFO  server.RaftServerConfigKeys (ConfUtils.java:logGet(46)) - raft.server.rpc.timeout.min = 5s (custom)
2022-11-03 05:23:14,342 [pool-237-thread-1] INFO  server.RaftServerConfigKeys (ConfUtils.java:logGet(46)) - raft.server.rpc.timeout.max = 5200ms (custom)
2022-11-03 05:23:14,342 [pool-237-thread-1] INFO  server.RaftServerConfigKeys (ConfUtils.java:logGet(46)) - raft.server.rpc.sleep.time = 25ms (default)
2022-11-03 05:23:14,342 [pool-237-thread-1] INFO  server.RaftServerConfigKeys (ConfUtils.java:logGet(46)) - raft.server.rpc.slowness.timeout = 300s (custom)
2022-11-03 05:23:14,342 [pool-237-thread-1] INFO  server.RaftServerConfigKeys (ConfUtils.java:logGet(46)) - raft.server.leaderelection.leader.step-down.wait-time = 10s (default)
2022-11-03 05:23:14,342 [pool-237-thread-1] INFO  server.RaftServerConfigKeys (ConfUtils.java:logGet(46)) - raft.server.sleep.deviation.threshold = 300ms (default)
2022-11-03 05:23:14,342 [pool-237-thread-1] INFO  server.RaftServer$Division (ServerState.java:<init>(118)) - 1397ad66-7a30-4622-84c4-76091eab1ef3@group-CEF2DDE05160: ConfigurationManager, init=-1: peers:[1397ad66-7a30-4622-84c4-76091eab1ef3|rpc:10.1.1.42:46719|dataStream:|priority:0|startupRole:FOLLOWER, edbb8909-d467-4274-b253-e11b41a723b1|rpc:10.1.1.42:38807|dataStream:|priority:0|startupRole:FOLLOWER, c047bafd-0fa0-4f2f-9a8c-56ef9c35524f|rpc:10.1.1.42:40893|dataStream:|priority:1|startupRole:FOLLOWER]|listeners:[], old=null, confs=<EMPTY_MAP>
2022-11-03 05:23:14,342 [pool-237-thread-1] INFO  server.RaftServerConfigKeys (ConfUtils.java:logGet(46)) - raft.server.storage.dir = [/home/runner/work/ozone/ozone/hadoop-ozone/integration-test/target/test-dir/MiniOzoneClusterImpl-a947a097-fc53-45d1-b902-fe1272537128/datanode-7/data/ratis] (custom)
2022-11-03 05:23:14,342 [pool-237-thread-1] INFO  server.RaftServerConfigKeys (ConfUtils.java:logGet(46)) - raft.server.log.corruption.policy = EXCEPTION (default)
2022-11-03 05:23:14,342 [pool-237-thread-1] INFO  server.RaftServerConfigKeys (ConfUtils.java:logGet(46)) - raft.server.storage.free-space.min = 0MB (=0) (default)
2022-11-03 05:23:14,343 [pool-237-thread-1] INFO  server.RaftServerConfigKeys (ConfUtils.java:logGet(46)) - raft.server.notification.no-leader.timeout = 300s (custom)
2022-11-03 05:23:14,343 [pool-237-thread-1] INFO  server.RaftServerConfigKeys (ConfUtils.java:logGet(46)) - raft.server.retrycache.expirytime = 600000ms (custom)
2022-11-03 05:23:14,343 [pool-237-thread-1] INFO  server.RaftServerConfigKeys (ConfUtils.java:logGet(46)) - raft.server.retrycache.statistics.expirytime = 100μs (default)
2022-11-03 05:23:14,343 [pool-237-thread-1] INFO  server.RaftServerConfigKeys (ConfUtils.java:logGet(46)) - raft.server.log.appender.install.snapshot.enabled = false (custom)
2022-11-03 05:23:14,343 [pool-237-thread-1] INFO  server.RaftServerConfigKeys (ConfUtils.java:logGet(46)) - raft.server.threadpool.server.cached = true (default)
2022-11-03 05:23:14,344 [pool-237-thread-1] INFO  server.RaftServerConfigKeys (ConfUtils.java:logGet(46)) - raft.server.threadpool.server.size = 0 (default)
2022-11-03 05:23:14,344 [pool-237-thread-1] INFO  server.RaftServerConfigKeys (ConfUtils.java:logGet(46)) - raft.server.threadpool.client.cached = true (default)
2022-11-03 05:23:14,344 [pool-237-thread-1] INFO  server.RaftServerConfigKeys (ConfUtils.java:logGet(46)) - raft.server.threadpool.client.size = 0 (default)
2022-11-03 05:23:14,344 [pool-237-thread-1] INFO  storage.RaftStorageDirectory (RaftStorageDirectoryImpl.java:analyzeStorage(137)) - The storage directory /home/runner/work/ozone/ozone/hadoop-ozone/integration-test/target/test-dir/MiniOzoneClusterImpl-a947a097-fc53-45d1-b902-fe1272537128/datanode-7/data/ratis/a7dc1704-3c31-4dea-b128-cef2dde05160 does not exist. Creating ...
2022-11-03 05:23:14,344 [pool-237-thread-1] INFO  storage.RaftStorageDirectory (RaftStorageDirectoryImpl.java:tryLock(231)) - Lock on /home/runner/work/ozone/ozone/hadoop-ozone/integration-test/target/test-dir/MiniOzoneClusterImpl-a947a097-fc53-45d1-b902-fe1272537128/datanode-7/data/ratis/a7dc1704-3c31-4dea-b128-cef2dde05160/in_use.lock acquired by nodename 14756@fv-az119-847
2022-11-03 05:23:14,345 [pool-237-thread-1] INFO  storage.RaftStorage (RaftStorageImpl.java:format(96)) - Storage directory /home/runner/work/ozone/ozone/hadoop-ozone/integration-test/target/test-dir/MiniOzoneClusterImpl-a947a097-fc53-45d1-b902-fe1272537128/datanode-7/data/ratis/a7dc1704-3c31-4dea-b128-cef2dde05160 has been successfully formatted.
2022-11-03 05:23:14,347 [pool-237-thread-1] INFO  ratis.ContainerStateMachine (ContainerStateMachine.java:loadSnapshot(236)) - group-CEF2DDE05160: The snapshot info is null. Setting the last applied indexto:(t:0, i:~)
2022-11-03 05:23:14,347 [pool-237-thread-1] INFO  server.RaftServerConfigKeys (ConfUtils.java:logGet(46)) - raft.server.log.use.memory = false (default)
2022-11-03 05:23:14,347 [pool-237-thread-1] INFO  server.RaftServerConfigKeys (ConfUtils.java:logGet(46)) - raft.server.log.purge.gap = 1000000 (custom)
2022-11-03 05:23:14,347 [pool-237-thread-1] INFO  server.RaftServerConfigKeys (ConfUtils.java:logGet(46)) - raft.server.log.appender.buffer.byte-limit = 33554432 (custom)
2022-11-03 05:23:14,347 [pool-237-thread-1] INFO  server.RaftServerConfigKeys (ConfUtils.java:logGet(46)) - raft.server.log.statemachine.data.read.timeout = 1000ms (default)
2022-11-03 05:23:14,347 [pool-237-thread-1] INFO  server.RaftServerConfigKeys (ConfUtils.java:logGet(46)) - raft.server.log.purge.preservation.log.num = 0 (default)
2022-11-03 05:23:14,347 [pool-237-thread-1] INFO  server.RaftServerConfigKeys (ConfUtils.java:logGet(46)) - raft.server.log.segment.size.max = 1048576 (custom)
2022-11-03 05:23:14,348 [pool-237-thread-1] INFO  server.RaftServerConfigKeys (ConfUtils.java:logGet(46)) - raft.server.log.segment.cache.num.max = 2 (custom)
2022-11-03 05:23:14,348 [pool-237-thread-1] INFO  server.RaftServerConfigKeys (ConfUtils.java:logGet(46)) - raft.server.log.segment.cache.size.max = 200MB (=209715200) (default)
2022-11-03 05:23:14,348 [pool-237-thread-1] INFO  segmented.SegmentedRaftLogWorker (SegmentedRaftLogWorker.java:<init>(191)) - new 1397ad66-7a30-4622-84c4-76091eab1ef3@group-CEF2DDE05160-SegmentedRaftLogWorker for RaftStorageImpl:Storage Directory /home/runner/work/ozone/ozone/hadoop-ozone/integration-test/target/test-dir/MiniOzoneClusterImpl-a947a097-fc53-45d1-b902-fe1272537128/datanode-7/data/ratis/a7dc1704-3c31-4dea-b128-cef2dde05160
2022-11-03 05:23:14,348 [pool-237-thread-1] INFO  server.RaftServerConfigKeys (ConfUtils.java:logGet(46)) - raft.server.log.queue.byte-limit = 4294967296 (custom)
2022-11-03 05:23:14,348 [pool-237-thread-1] INFO  server.RaftServerConfigKeys (ConfUtils.java:logGet(46)) - raft.server.log.queue.element-limit = 1024 (custom)
2022-11-03 05:23:14,348 [pool-237-thread-1] INFO  server.RaftServerConfigKeys (ConfUtils.java:logGet(46)) - raft.server.log.segment.size.max = 1048576 (custom)
2022-11-03 05:23:14,348 [pool-237-thread-1] INFO  server.RaftServerConfigKeys (ConfUtils.java:logGet(46)) - raft.server.log.preallocated.size = 16384 (custom)
2022-11-03 05:23:14,348 [pool-237-thread-1] INFO  server.RaftServerConfigKeys (ConfUtils.java:logGet(46)) - raft.server.log.force.sync.num = 128 (default)
2022-11-03 05:23:14,348 [pool-237-thread-1] INFO  server.RaftServerConfigKeys (ConfUtils.java:logGet(46)) - raft.server.log.statemachine.data.sync = true (default)
2022-11-03 05:23:14,348 [pool-237-thread-1] INFO  server.RaftServerConfigKeys (ConfUtils.java:logGet(46)) - raft.server.log.statemachine.data.sync.timeout = 10s (default)
2022-11-03 05:23:14,348 [pool-237-thread-1] INFO  server.RaftServerConfigKeys (ConfUtils.java:logGet(46)) - raft.server.log.statemachine.data.sync.timeout.retry = -1 (default)
2022-11-03 05:23:14,349 [pool-237-thread-1] INFO  server.RaftServerConfigKeys (ConfUtils.java:logGet(46)) - raft.server.log.write.buffer.size = 1048576 (custom)
2022-11-03 05:23:14,349 [pool-237-thread-1] INFO  server.RaftServerConfigKeys (ConfUtils.java:logGet(46)) - raft.server.log.unsafe-flush.enabled = false (default)
2022-11-03 05:23:14,349 [pool-237-thread-1] INFO  server.RaftServerConfigKeys (ConfUtils.java:logGet(46)) - raft.server.log.async-flush.enabled = false (default)
2022-11-03 05:23:14,349 [pool-237-thread-1] INFO  server.RaftServerConfigKeys (ConfUtils.java:logGet(46)) - raft.server.log.statemachine.data.caching.enabled = true (custom)
2022-11-03 05:23:14,350 [pool-237-thread-1] INFO  segmented.SegmentedRaftLogWorker (SegmentedRaftLogWorker.java:lambda$new$0(136)) - 1397ad66-7a30-4622-84c4-76091eab1ef3@group-CEF2DDE05160-SegmentedRaftLogWorker: flushIndex: setUnconditionally 0 -> -1
2022-11-03 05:23:14,350 [pool-237-thread-1] INFO  segmented.SegmentedRaftLogWorker (SegmentedRaftLogWorker.java:lambda$new$0(136)) - 1397ad66-7a30-4622-84c4-76091eab1ef3@group-CEF2DDE05160-SegmentedRaftLogWorker: safeCacheEvictIndex: setUnconditionally 0 -> -1
2022-11-03 05:23:14,350 [pool-237-thread-1] INFO  server.RaftServer$Division (RaftServerImpl.java:start(334)) - 1397ad66-7a30-4622-84c4-76091eab1ef3@group-CEF2DDE05160: start as a follower, conf=-1: peers:[1397ad66-7a30-4622-84c4-76091eab1ef3|rpc:10.1.1.42:46719|dataStream:|priority:0|startupRole:FOLLOWER, edbb8909-d467-4274-b253-e11b41a723b1|rpc:10.1.1.42:38807|dataStream:|priority:0|startupRole:FOLLOWER, c047bafd-0fa0-4f2f-9a8c-56ef9c35524f|rpc:10.1.1.42:40893|dataStream:|priority:1|startupRole:FOLLOWER]|listeners:[], old=null
2022-11-03 05:23:14,350 [pool-237-thread-1] INFO  server.RaftServer$Division (RaftServerImpl.java:setRole(321)) - 1397ad66-7a30-4622-84c4-76091eab1ef3@group-CEF2DDE05160: changes role from      null to FOLLOWER at term 0 for startAsFollower
2022-11-03 05:23:14,350 [pool-237-thread-1] INFO  impl.RoleInfo (RoleInfo.java:updateAndGet(139)) - 1397ad66-7a30-4622-84c4-76091eab1ef3: start 1397ad66-7a30-4622-84c4-76091eab1ef3@group-CEF2DDE05160-FollowerState
2022-11-03 05:23:14,350 [pool-237-thread-1] INFO  util.JmxRegister (JmxRegister.java:tryRegister(44)) - Successfully registered JMX Bean with object name Ratis:service=RaftServer,group=group-CEF2DDE05160,id=1397ad66-7a30-4622-84c4-76091eab1ef3
2022-11-03 05:23:14,350 [pool-237-thread-1] INFO  server.RaftServerConfigKeys (ConfUtils.java:logGet(46)) - raft.server.snapshot.auto.trigger.enabled = true (custom)
2022-11-03 05:23:14,350 [pool-237-thread-1] INFO  server.RaftServerConfigKeys (ConfUtils.java:logGet(46)) - raft.server.snapshot.auto.trigger.threshold = 10000 (custom)
2022-11-03 05:23:14,350 [pool-237-thread-1] INFO  server.RaftServerConfigKeys (ConfUtils.java:logGet(46)) - raft.server.snapshot.retention.file.num = 5 (custom)
2022-11-03 05:23:14,350 [pool-237-thread-1] INFO  server.RaftServerConfigKeys (ConfUtils.java:logGet(46)) - raft.server.log.purge.upto.snapshot.index = false (default)
2022-11-03 05:23:14,351 [1397ad66-7a30-4622-84c4-76091eab1ef3@group-CEF2DDE05160-FollowerState] INFO  server.RaftServerConfigKeys (ConfUtils.java:logFallback(53)) - raft.server.rpc.first-election.timeout.min = 5s (fallback to raft.server.rpc.timeout.min)
2022-11-03 05:23:14,351 [1397ad66-7a30-4622-84c4-76091eab1ef3@group-CEF2DDE05160-FollowerState] INFO  server.RaftServerConfigKeys (ConfUtils.java:logFallback(53)) - raft.server.rpc.first-election.timeout.max = 5200ms (fallback to raft.server.rpc.timeout.max)
2022-11-03 05:23:14,364 [grpc-default-executor-0] INFO  server.RaftServer (RaftServerProxy.java:addNew(96)) - edbb8909-d467-4274-b253-e11b41a723b1: addNew group-CEF2DDE05160:[1397ad66-7a30-4622-84c4-76091eab1ef3|rpc:10.1.1.42:46719|dataStream:|priority:0|startupRole:FOLLOWER, edbb8909-d467-4274-b253-e11b41a723b1|rpc:10.1.1.42:38807|dataStream:|priority:0|startupRole:FOLLOWER, c047bafd-0fa0-4f2f-9a8c-56ef9c35524f|rpc:10.1.1.42:40893|dataStream:|priority:1|startupRole:FOLLOWER] returns group-CEF2DDE05160:java.util.concurrent.CompletableFuture@636a6000[Not completed]
2022-11-03 05:23:14,364 [pool-264-thread-1] INFO  server.RaftServer$Division (RaftServerImpl.java:<init>(195)) - edbb8909-d467-4274-b253-e11b41a723b1: new RaftServerImpl for group-CEF2DDE05160:[1397ad66-7a30-4622-84c4-76091eab1ef3|rpc:10.1.1.42:46719|dataStream:|priority:0|startupRole:FOLLOWER, edbb8909-d467-4274-b253-e11b41a723b1|rpc:10.1.1.42:38807|dataStream:|priority:0|startupRole:FOLLOWER, c047bafd-0fa0-4f2f-9a8c-56ef9c35524f|rpc:10.1.1.42:40893|dataStream:|priority:1|startupRole:FOLLOWER] with ContainerStateMachine:uninitialized
2022-11-03 05:23:14,365 [pool-264-thread-1] INFO  server.RaftServerConfigKeys (ConfUtils.java:logGet(46)) - raft.server.rpc.timeout.min = 5s (custom)
2022-11-03 05:23:14,365 [pool-264-thread-1] INFO  server.RaftServerConfigKeys (ConfUtils.java:logGet(46)) - raft.server.rpc.timeout.max = 5200ms (custom)
2022-11-03 05:23:14,365 [pool-264-thread-1] INFO  server.RaftServerConfigKeys (ConfUtils.java:logGet(46)) - raft.server.rpc.sleep.time = 25ms (default)
2022-11-03 05:23:14,365 [pool-264-thread-1] INFO  server.RaftServerConfigKeys (ConfUtils.java:logGet(46)) - raft.server.rpc.slowness.timeout = 300s (custom)
2022-11-03 05:23:14,365 [pool-264-thread-1] INFO  server.RaftServerConfigKeys (ConfUtils.java:logGet(46)) - raft.server.leaderelection.leader.step-down.wait-time = 10s (default)
2022-11-03 05:23:14,365 [pool-264-thread-1] INFO  server.RaftServerConfigKeys (ConfUtils.java:logGet(46)) - raft.server.sleep.deviation.threshold = 300ms (default)
2022-11-03 05:23:14,365 [pool-264-thread-1] INFO  server.RaftServer$Division (ServerState.java:<init>(118)) - edbb8909-d467-4274-b253-e11b41a723b1@group-CEF2DDE05160: ConfigurationManager, init=-1: peers:[1397ad66-7a30-4622-84c4-76091eab1ef3|rpc:10.1.1.42:46719|dataStream:|priority:0|startupRole:FOLLOWER, edbb8909-d467-4274-b253-e11b41a723b1|rpc:10.1.1.42:38807|dataStream:|priority:0|startupRole:FOLLOWER, c047bafd-0fa0-4f2f-9a8c-56ef9c35524f|rpc:10.1.1.42:40893|dataStream:|priority:1|startupRole:FOLLOWER]|listeners:[], old=null, confs=<EMPTY_MAP>
2022-11-03 05:23:14,365 [pool-264-thread-1] INFO  server.RaftServerConfigKeys (ConfUtils.java:logGet(46)) - raft.server.storage.dir = [/home/runner/work/ozone/ozone/hadoop-ozone/integration-test/target/test-dir/MiniOzoneClusterImpl-a947a097-fc53-45d1-b902-fe1272537128/datanode-8/data/ratis] (custom)
2022-11-03 05:23:14,365 [pool-264-thread-1] INFO  server.RaftServerConfigKeys (ConfUtils.java:logGet(46)) - raft.server.log.corruption.policy = EXCEPTION (default)
2022-11-03 05:23:14,365 [pool-264-thread-1] INFO  server.RaftServerConfigKeys (ConfUtils.java:logGet(46)) - raft.server.storage.free-space.min = 0MB (=0) (default)
2022-11-03 05:23:14,365 [pool-264-thread-1] INFO  server.RaftServerConfigKeys (ConfUtils.java:logGet(46)) - raft.server.notification.no-leader.timeout = 300s (custom)
2022-11-03 05:23:14,365 [pool-264-thread-1] INFO  server.RaftServerConfigKeys (ConfUtils.java:logGet(46)) - raft.server.retrycache.expirytime = 600000ms (custom)
2022-11-03 05:23:14,365 [pool-264-thread-1] INFO  server.RaftServerConfigKeys (ConfUtils.java:logGet(46)) - raft.server.retrycache.statistics.expirytime = 100μs (default)
2022-11-03 05:23:14,366 [pool-264-thread-1] INFO  server.RaftServerConfigKeys (ConfUtils.java:logGet(46)) - raft.server.log.appender.install.snapshot.enabled = false (custom)
2022-11-03 05:23:14,366 [pool-264-thread-1] INFO  server.RaftServerConfigKeys (ConfUtils.java:logGet(46)) - raft.server.threadpool.server.cached = true (default)
2022-11-03 05:23:14,366 [pool-264-thread-1] INFO  server.RaftServerConfigKeys (ConfUtils.java:logGet(46)) - raft.server.threadpool.server.size = 0 (default)
2022-11-03 05:23:14,366 [pool-264-thread-1] INFO  server.RaftServerConfigKeys (ConfUtils.java:logGet(46)) - raft.server.threadpool.client.cached = true (default)
2022-11-03 05:23:14,366 [pool-264-thread-1] INFO  server.RaftServerConfigKeys (ConfUtils.java:logGet(46)) - raft.server.threadpool.client.size = 0 (default)
2022-11-03 05:23:14,366 [pool-264-thread-1] INFO  storage.RaftStorageDirectory (RaftStorageDirectoryImpl.java:analyzeStorage(137)) - The storage directory /home/runner/work/ozone/ozone/hadoop-ozone/integration-test/target/test-dir/MiniOzoneClusterImpl-a947a097-fc53-45d1-b902-fe1272537128/datanode-8/data/ratis/a7dc1704-3c31-4dea-b128-cef2dde05160 does not exist. Creating ...
2022-11-03 05:23:14,367 [pool-264-thread-1] INFO  storage.RaftStorageDirectory (RaftStorageDirectoryImpl.java:tryLock(231)) - Lock on /home/runner/work/ozone/ozone/hadoop-ozone/integration-test/target/test-dir/MiniOzoneClusterImpl-a947a097-fc53-45d1-b902-fe1272537128/datanode-8/data/ratis/a7dc1704-3c31-4dea-b128-cef2dde05160/in_use.lock acquired by nodename 14756@fv-az119-847
2022-11-03 05:23:14,368 [pool-264-thread-1] INFO  storage.RaftStorage (RaftStorageImpl.java:format(96)) - Storage directory /home/runner/work/ozone/ozone/hadoop-ozone/integration-test/target/test-dir/MiniOzoneClusterImpl-a947a097-fc53-45d1-b902-fe1272537128/datanode-8/data/ratis/a7dc1704-3c31-4dea-b128-cef2dde05160 has been successfully formatted.
2022-11-03 05:23:14,369 [pool-264-thread-1] INFO  ratis.ContainerStateMachine (ContainerStateMachine.java:loadSnapshot(236)) - group-CEF2DDE05160: The snapshot info is null. Setting the last applied indexto:(t:0, i:~)
2022-11-03 05:23:14,369 [pool-264-thread-1] INFO  server.RaftServerConfigKeys (ConfUtils.java:logGet(46)) - raft.server.log.use.memory = false (default)
2022-11-03 05:23:14,369 [pool-264-thread-1] INFO  server.RaftServerConfigKeys (ConfUtils.java:logGet(46)) - raft.server.log.purge.gap = 1000000 (custom)
2022-11-03 05:23:14,369 [pool-264-thread-1] INFO  server.RaftServerConfigKeys (ConfUtils.java:logGet(46)) - raft.server.log.appender.buffer.byte-limit = 33554432 (custom)
2022-11-03 05:23:14,369 [pool-264-thread-1] INFO  server.RaftServerConfigKeys (ConfUtils.java:logGet(46)) - raft.server.log.statemachine.data.read.timeout = 1000ms (default)
2022-11-03 05:23:14,369 [pool-264-thread-1] INFO  server.RaftServerConfigKeys (ConfUtils.java:logGet(46)) - raft.server.log.purge.preservation.log.num = 0 (default)
2022-11-03 05:23:14,369 [pool-264-thread-1] INFO  server.RaftServerConfigKeys (ConfUtils.java:logGet(46)) - raft.server.log.segment.size.max = 1048576 (custom)
2022-11-03 05:23:14,370 [pool-264-thread-1] INFO  server.RaftServerConfigKeys (ConfUtils.java:logGet(46)) - raft.server.log.segment.cache.num.max = 2 (custom)
2022-11-03 05:23:14,370 [pool-264-thread-1] INFO  server.RaftServerConfigKeys (ConfUtils.java:logGet(46)) - raft.server.log.segment.cache.size.max = 200MB (=209715200) (default)
2022-11-03 05:23:14,370 [pool-264-thread-1] INFO  segmented.SegmentedRaftLogWorker (SegmentedRaftLogWorker.java:<init>(191)) - new edbb8909-d467-4274-b253-e11b41a723b1@group-CEF2DDE05160-SegmentedRaftLogWorker for RaftStorageImpl:Storage Directory /home/runner/work/ozone/ozone/hadoop-ozone/integration-test/target/test-dir/MiniOzoneClusterImpl-a947a097-fc53-45d1-b902-fe1272537128/datanode-8/data/ratis/a7dc1704-3c31-4dea-b128-cef2dde05160
2022-11-03 05:23:14,370 [pool-264-thread-1] INFO  server.RaftServerConfigKeys (ConfUtils.java:logGet(46)) - raft.server.log.queue.byte-limit = 4294967296 (custom)
2022-11-03 05:23:14,370 [pool-264-thread-1] INFO  server.RaftServerConfigKeys (ConfUtils.java:logGet(46)) - raft.server.log.queue.element-limit = 1024 (custom)
2022-11-03 05:23:14,370 [pool-264-thread-1] INFO  server.RaftServerConfigKeys (ConfUtils.java:logGet(46)) - raft.server.log.segment.size.max = 1048576 (custom)
2022-11-03 05:23:14,370 [pool-264-thread-1] INFO  server.RaftServerConfigKeys (ConfUtils.java:logGet(46)) - raft.server.log.preallocated.size = 16384 (custom)
2022-11-03 05:23:14,370 [pool-264-thread-1] INFO  server.RaftServerConfigKeys (ConfUtils.java:logGet(46)) - raft.server.log.force.sync.num = 128 (default)
2022-11-03 05:23:14,370 [pool-264-thread-1] INFO  server.RaftServerConfigKeys (ConfUtils.java:logGet(46)) - raft.server.log.statemachine.data.sync = true (default)
2022-11-03 05:23:14,370 [pool-264-thread-1] INFO  server.RaftServerConfigKeys (ConfUtils.java:logGet(46)) - raft.server.log.statemachine.data.sync.timeout = 10s (default)
2022-11-03 05:23:14,370 [pool-264-thread-1] INFO  server.RaftServerConfigKeys (ConfUtils.java:logGet(46)) - raft.server.log.statemachine.data.sync.timeout.retry = -1 (default)
2022-11-03 05:23:14,371 [pool-264-thread-1] INFO  server.RaftServerConfigKeys (ConfUtils.java:logGet(46)) - raft.server.log.write.buffer.size = 1048576 (custom)
2022-11-03 05:23:14,371 [pool-264-thread-1] INFO  server.RaftServerConfigKeys (ConfUtils.java:logGet(46)) - raft.server.log.unsafe-flush.enabled = false (default)
2022-11-03 05:23:14,372 [pool-264-thread-1] INFO  server.RaftServerConfigKeys (ConfUtils.java:logGet(46)) - raft.server.log.async-flush.enabled = false (default)
2022-11-03 05:23:14,372 [pool-264-thread-1] INFO  server.RaftServerConfigKeys (ConfUtils.java:logGet(46)) - raft.server.log.statemachine.data.caching.enabled = true (custom)
2022-11-03 05:23:14,372 [pool-264-thread-1] INFO  segmented.SegmentedRaftLogWorker (SegmentedRaftLogWorker.java:lambda$new$0(136)) - edbb8909-d467-4274-b253-e11b41a723b1@group-CEF2DDE05160-SegmentedRaftLogWorker: flushIndex: setUnconditionally 0 -> -1
2022-11-03 05:23:14,372 [pool-264-thread-1] INFO  segmented.SegmentedRaftLogWorker (SegmentedRaftLogWorker.java:lambda$new$0(136)) - edbb8909-d467-4274-b253-e11b41a723b1@group-CEF2DDE05160-SegmentedRaftLogWorker: safeCacheEvictIndex: setUnconditionally 0 -> -1
2022-11-03 05:23:14,384 [pool-264-thread-1] INFO  server.RaftServer$Division (RaftServerImpl.java:start(334)) - edbb8909-d467-4274-b253-e11b41a723b1@group-CEF2DDE05160: start as a follower, conf=-1: peers:[1397ad66-7a30-4622-84c4-76091eab1ef3|rpc:10.1.1.42:46719|dataStream:|priority:0|startupRole:FOLLOWER, edbb8909-d467-4274-b253-e11b41a723b1|rpc:10.1.1.42:38807|dataStream:|priority:0|startupRole:FOLLOWER, c047bafd-0fa0-4f2f-9a8c-56ef9c35524f|rpc:10.1.1.42:40893|dataStream:|priority:1|startupRole:FOLLOWER]|listeners:[], old=null
2022-11-03 05:23:14,384 [pool-264-thread-1] INFO  server.RaftServer$Division (RaftServerImpl.java:setRole(321)) - edbb8909-d467-4274-b253-e11b41a723b1@group-CEF2DDE05160: changes role from      null to FOLLOWER at term 0 for startAsFollower
2022-11-03 05:23:14,384 [pool-264-thread-1] INFO  impl.RoleInfo (RoleInfo.java:updateAndGet(139)) - edbb8909-d467-4274-b253-e11b41a723b1: start edbb8909-d467-4274-b253-e11b41a723b1@group-CEF2DDE05160-FollowerState
2022-11-03 05:23:14,392 [pool-264-thread-1] INFO  util.JmxRegister (JmxRegister.java:tryRegister(44)) - Successfully registered JMX Bean with object name Ratis:service=RaftServer,group=group-CEF2DDE05160,id=edbb8909-d467-4274-b253-e11b41a723b1
2022-11-03 05:23:14,392 [edbb8909-d467-4274-b253-e11b41a723b1@group-CEF2DDE05160-FollowerState] INFO  server.RaftServerConfigKeys (ConfUtils.java:logFallback(53)) - raft.server.rpc.first-election.timeout.min = 5s (fallback to raft.server.rpc.timeout.min)
2022-11-03 05:23:14,392 [pool-264-thread-1] INFO  server.RaftServerConfigKeys (ConfUtils.java:logGet(46)) - raft.server.snapshot.auto.trigger.enabled = true (custom)
2022-11-03 05:23:14,393 [edbb8909-d467-4274-b253-e11b41a723b1@group-CEF2DDE05160-FollowerState] INFO  server.RaftServerConfigKeys (ConfUtils.java:logFallback(53)) - raft.server.rpc.first-election.timeout.max = 5200ms (fallback to raft.server.rpc.timeout.max)
2022-11-03 05:23:14,393 [pool-264-thread-1] INFO  server.RaftServerConfigKeys (ConfUtils.java:logGet(46)) - raft.server.snapshot.auto.trigger.threshold = 10000 (custom)
2022-11-03 05:23:14,393 [pool-264-thread-1] INFO  server.RaftServerConfigKeys (ConfUtils.java:logGet(46)) - raft.server.snapshot.retention.file.num = 5 (custom)
2022-11-03 05:23:14,393 [pool-264-thread-1] INFO  server.RaftServerConfigKeys (ConfUtils.java:logGet(46)) - raft.server.log.purge.upto.snapshot.index = false (default)
2022-11-03 05:23:14,407 [Command processor thread] INFO  commandhandler.CreatePipelineCommandHandler (CreatePipelineCommandHandler.java:handle(113)) - Created Pipeline RATIS THREE PipelineID=a7dc1704-3c31-4dea-b128-cef2dde05160.
2022-11-03 05:23:14,555 [Command processor thread] INFO  server.RaftServer (RaftServerProxy.java:addNew(96)) - 1397ad66-7a30-4622-84c4-76091eab1ef3: addNew group-0CC2A593D591:[1397ad66-7a30-4622-84c4-76091eab1ef3|rpc:10.1.1.42:46719|priority:1|startupRole:FOLLOWER] returns group-0CC2A593D591:java.util.concurrent.CompletableFuture@31b77e86[Not completed]
2022-11-03 05:23:14,556 [pool-237-thread-1] INFO  server.RaftServer$Division (RaftServerImpl.java:<init>(195)) - 1397ad66-7a30-4622-84c4-76091eab1ef3: new RaftServerImpl for group-0CC2A593D591:[1397ad66-7a30-4622-84c4-76091eab1ef3|rpc:10.1.1.42:46719|priority:1|startupRole:FOLLOWER] with ContainerStateMachine:uninitialized
2022-11-03 05:23:14,556 [pool-237-thread-1] INFO  server.RaftServerConfigKeys (ConfUtils.java:logGet(46)) - raft.server.rpc.timeout.min = 5s (custom)
2022-11-03 05:23:14,556 [pool-237-thread-1] INFO  server.RaftServerConfigKeys (ConfUtils.java:logGet(46)) - raft.server.rpc.timeout.max = 5200ms (custom)
2022-11-03 05:23:14,556 [pool-237-thread-1] INFO  server.RaftServerConfigKeys (ConfUtils.java:logGet(46)) - raft.server.rpc.sleep.time = 25ms (default)
2022-11-03 05:23:14,556 [pool-237-thread-1] INFO  server.RaftServerConfigKeys (ConfUtils.java:logGet(46)) - raft.server.rpc.slowness.timeout = 300s (custom)
2022-11-03 05:23:14,556 [pool-237-thread-1] INFO  server.RaftServerConfigKeys (ConfUtils.java:logGet(46)) - raft.server.leaderelection.leader.step-down.wait-time = 10s (default)
2022-11-03 05:23:14,556 [pool-237-thread-1] INFO  server.RaftServerConfigKeys (ConfUtils.java:logGet(46)) - raft.server.sleep.deviation.threshold = 300ms (default)
2022-11-03 05:23:14,556 [pool-237-thread-1] INFO  server.RaftServer$Division (ServerState.java:<init>(118)) - 1397ad66-7a30-4622-84c4-76091eab1ef3@group-0CC2A593D591: ConfigurationManager, init=-1: peers:[1397ad66-7a30-4622-84c4-76091eab1ef3|rpc:10.1.1.42:46719|priority:1|startupRole:FOLLOWER]|listeners:[], old=null, confs=<EMPTY_MAP>
2022-11-03 05:23:14,556 [pool-237-thread-1] INFO  server.RaftServerConfigKeys (ConfUtils.java:logGet(46)) - raft.server.storage.dir = [/home/runner/work/ozone/ozone/hadoop-ozone/integration-test/target/test-dir/MiniOzoneClusterImpl-a947a097-fc53-45d1-b902-fe1272537128/datanode-7/data/ratis] (custom)
2022-11-03 05:23:14,556 [pool-237-thread-1] INFO  server.RaftServerConfigKeys (ConfUtils.java:logGet(46)) - raft.server.log.corruption.policy = EXCEPTION (default)
2022-11-03 05:23:14,556 [pool-237-thread-1] INFO  server.RaftServerConfigKeys (ConfUtils.java:logGet(46)) - raft.server.storage.free-space.min = 0MB (=0) (default)
2022-11-03 05:23:14,556 [pool-237-thread-1] INFO  server.RaftServerConfigKeys (ConfUtils.java:logGet(46)) - raft.server.notification.no-leader.timeout = 300s (custom)
2022-11-03 05:23:14,556 [pool-237-thread-1] INFO  server.RaftServerConfigKeys (ConfUtils.java:logGet(46)) - raft.server.retrycache.expirytime = 600000ms (custom)
2022-11-03 05:23:14,556 [pool-237-thread-1] INFO  server.RaftServerConfigKeys (ConfUtils.java:logGet(46)) - raft.server.retrycache.statistics.expirytime = 100μs (default)
2022-11-03 05:23:14,557 [pool-237-thread-1] INFO  server.RaftServerConfigKeys (ConfUtils.java:logGet(46)) - raft.server.log.appender.install.snapshot.enabled = false (custom)
2022-11-03 05:23:14,558 [pool-237-thread-1] INFO  server.RaftServerConfigKeys (ConfUtils.java:logGet(46)) - raft.server.threadpool.server.cached = true (default)
2022-11-03 05:23:14,558 [pool-237-thread-1] INFO  server.RaftServerConfigKeys (ConfUtils.java:logGet(46)) - raft.server.threadpool.server.size = 0 (default)
2022-11-03 05:23:14,558 [pool-237-thread-1] INFO  server.RaftServerConfigKeys (ConfUtils.java:logGet(46)) - raft.server.threadpool.client.cached = true (default)
2022-11-03 05:23:14,558 [pool-237-thread-1] INFO  server.RaftServerConfigKeys (ConfUtils.java:logGet(46)) - raft.server.threadpool.client.size = 0 (default)
2022-11-03 05:23:14,558 [pool-237-thread-1] INFO  storage.RaftStorageDirectory (RaftStorageDirectoryImpl.java:analyzeStorage(137)) - The storage directory /home/runner/work/ozone/ozone/hadoop-ozone/integration-test/target/test-dir/MiniOzoneClusterImpl-a947a097-fc53-45d1-b902-fe1272537128/datanode-7/data/ratis/e329c199-86bb-48a0-8dcc-0cc2a593d591 does not exist. Creating ...
2022-11-03 05:23:14,559 [pool-237-thread-1] INFO  storage.RaftStorageDirectory (RaftStorageDirectoryImpl.java:tryLock(231)) - Lock on /home/runner/work/ozone/ozone/hadoop-ozone/integration-test/target/test-dir/MiniOzoneClusterImpl-a947a097-fc53-45d1-b902-fe1272537128/datanode-7/data/ratis/e329c199-86bb-48a0-8dcc-0cc2a593d591/in_use.lock acquired by nodename 14756@fv-az119-847
2022-11-03 05:23:14,560 [pool-237-thread-1] INFO  storage.RaftStorage (RaftStorageImpl.java:format(96)) - Storage directory /home/runner/work/ozone/ozone/hadoop-ozone/integration-test/target/test-dir/MiniOzoneClusterImpl-a947a097-fc53-45d1-b902-fe1272537128/datanode-7/data/ratis/e329c199-86bb-48a0-8dcc-0cc2a593d591 has been successfully formatted.
2022-11-03 05:23:14,561 [pool-237-thread-1] INFO  ratis.ContainerStateMachine (ContainerStateMachine.java:loadSnapshot(236)) - group-0CC2A593D591: The snapshot info is null. Setting the last applied indexto:(t:0, i:~)
2022-11-03 05:23:14,561 [pool-237-thread-1] INFO  server.RaftServerConfigKeys (ConfUtils.java:logGet(46)) - raft.server.log.use.memory = false (default)
2022-11-03 05:23:14,561 [pool-237-thread-1] INFO  server.RaftServerConfigKeys (ConfUtils.java:logGet(46)) - raft.server.log.purge.gap = 1000000 (custom)
2022-11-03 05:23:14,561 [pool-237-thread-1] INFO  server.RaftServerConfigKeys (ConfUtils.java:logGet(46)) - raft.server.log.appender.buffer.byte-limit = 33554432 (custom)
2022-11-03 05:23:14,561 [pool-237-thread-1] INFO  server.RaftServerConfigKeys (ConfUtils.java:logGet(46)) - raft.server.log.statemachine.data.read.timeout = 1000ms (default)
2022-11-03 05:23:14,561 [pool-237-thread-1] INFO  server.RaftServerConfigKeys (ConfUtils.java:logGet(46)) - raft.server.log.purge.preservation.log.num = 0 (default)
2022-11-03 05:23:14,561 [EventQueue-PipelineReportForPipelineReportHandler] INFO  pipeline.PipelineManagerImpl (PipelineManagerImpl.java:openPipeline(367)) - Pipeline Pipeline[ Id: e329c199-86bb-48a0-8dcc-0cc2a593d591, Nodes: 1397ad66-7a30-4622-84c4-76091eab1ef3{ip: 10.1.1.42, host: fv-az119-847.ca0t41jjrjaujd4nublazzptxb.cx.internal.cloudapp.net, ports: [REPLICATION=43105, RATIS=46719, RATIS_ADMIN=46719, RATIS_SERVER=46719, STANDALONE=44121], networkLocation: /default-rack, certSerialId: null, persistedOpState: IN_SERVICE, persistedOpStateExpiryEpochSec: 0}, ReplicationConfig: RATIS/ONE, State:ALLOCATED, leaderId:1397ad66-7a30-4622-84c4-76091eab1ef3, CreationTimestamp2022-11-03T05:23:11.560Z[Etc/UTC]] moved to OPEN state
2022-11-03 05:23:14,562 [EventQueue-OpenPipelineForHealthyPipelineSafeModeRule] INFO  safemode.SCMSafeModeManager (HealthyPipelineSafeModeRule.java:process(137)) - SCM in safe mode. Healthy pipelines reported count is 0, required healthy pipeline reported count is 1
2022-11-03 05:23:14,562 [pool-237-thread-1] INFO  server.RaftServerConfigKeys (ConfUtils.java:logGet(46)) - raft.server.log.segment.size.max = 1048576 (custom)
2022-11-03 05:23:14,563 [pool-237-thread-1] INFO  server.RaftServerConfigKeys (ConfUtils.java:logGet(46)) - raft.server.log.segment.cache.num.max = 2 (custom)
2022-11-03 05:23:14,564 [pool-237-thread-1] INFO  server.RaftServerConfigKeys (ConfUtils.java:logGet(46)) - raft.server.log.segment.cache.size.max = 200MB (=209715200) (default)
2022-11-03 05:23:14,564 [pool-237-thread-1] INFO  segmented.SegmentedRaftLogWorker (SegmentedRaftLogWorker.java:<init>(191)) - new 1397ad66-7a30-4622-84c4-76091eab1ef3@group-0CC2A593D591-SegmentedRaftLogWorker for RaftStorageImpl:Storage Directory /home/runner/work/ozone/ozone/hadoop-ozone/integration-test/target/test-dir/MiniOzoneClusterImpl-a947a097-fc53-45d1-b902-fe1272537128/datanode-7/data/ratis/e329c199-86bb-48a0-8dcc-0cc2a593d591
2022-11-03 05:23:14,564 [pool-237-thread-1] INFO  server.RaftServerConfigKeys (ConfUtils.java:logGet(46)) - raft.server.log.queue.byte-limit = 4294967296 (custom)
2022-11-03 05:23:14,564 [pool-237-thread-1] INFO  server.RaftServerConfigKeys (ConfUtils.java:logGet(46)) - raft.server.log.queue.element-limit = 1024 (custom)
2022-11-03 05:23:14,564 [pool-237-thread-1] INFO  server.RaftServerConfigKeys (ConfUtils.java:logGet(46)) - raft.server.log.segment.size.max = 1048576 (custom)
2022-11-03 05:23:14,564 [pool-237-thread-1] INFO  server.RaftServerConfigKeys (ConfUtils.java:logGet(46)) - raft.server.log.preallocated.size = 16384 (custom)
2022-11-03 05:23:14,564 [pool-237-thread-1] INFO  server.RaftServerConfigKeys (ConfUtils.java:logGet(46)) - raft.server.log.force.sync.num = 128 (default)
2022-11-03 05:23:14,564 [pool-237-thread-1] INFO  server.RaftServerConfigKeys (ConfUtils.java:logGet(46)) - raft.server.log.statemachine.data.sync = true (default)
2022-11-03 05:23:14,564 [pool-237-thread-1] INFO  server.RaftServerConfigKeys (ConfUtils.java:logGet(46)) - raft.server.log.statemachine.data.sync.timeout = 10s (default)
2022-11-03 05:23:14,564 [pool-237-thread-1] INFO  server.RaftServerConfigKeys (ConfUtils.java:logGet(46)) - raft.server.log.statemachine.data.sync.timeout.retry = -1 (default)
2022-11-03 05:23:14,565 [pool-237-thread-1] INFO  server.RaftServerConfigKeys (ConfUtils.java:logGet(46)) - raft.server.log.write.buffer.size = 1048576 (custom)
2022-11-03 05:23:14,565 [pool-237-thread-1] INFO  server.RaftServerConfigKeys (ConfUtils.java:logGet(46)) - raft.server.log.unsafe-flush.enabled = false (default)
2022-11-03 05:23:14,565 [pool-237-thread-1] INFO  server.RaftServerConfigKeys (ConfUtils.java:logGet(46)) - raft.server.log.async-flush.enabled = false (default)
2022-11-03 05:23:14,565 [pool-237-thread-1] INFO  server.RaftServerConfigKeys (ConfUtils.java:logGet(46)) - raft.server.log.statemachine.data.caching.enabled = true (custom)
2022-11-03 05:23:14,566 [pool-237-thread-1] INFO  segmented.SegmentedRaftLogWorker (SegmentedRaftLogWorker.java:lambda$new$0(136)) - 1397ad66-7a30-4622-84c4-76091eab1ef3@group-0CC2A593D591-SegmentedRaftLogWorker: flushIndex: setUnconditionally 0 -> -1
2022-11-03 05:23:14,566 [pool-237-thread-1] INFO  segmented.SegmentedRaftLogWorker (SegmentedRaftLogWorker.java:lambda$new$0(136)) - 1397ad66-7a30-4622-84c4-76091eab1ef3@group-0CC2A593D591-SegmentedRaftLogWorker: safeCacheEvictIndex: setUnconditionally 0 -> -1
2022-11-03 05:23:14,566 [pool-237-thread-1] INFO  server.RaftServer$Division (RaftServerImpl.java:start(334)) - 1397ad66-7a30-4622-84c4-76091eab1ef3@group-0CC2A593D591: start as a follower, conf=-1: peers:[1397ad66-7a30-4622-84c4-76091eab1ef3|rpc:10.1.1.42:46719|priority:1|startupRole:FOLLOWER]|listeners:[], old=null
2022-11-03 05:23:14,566 [pool-237-thread-1] INFO  server.RaftServer$Division (RaftServerImpl.java:setRole(321)) - 1397ad66-7a30-4622-84c4-76091eab1ef3@group-0CC2A593D591: changes role from      null to FOLLOWER at term 0 for startAsFollower
2022-11-03 05:23:14,566 [pool-237-thread-1] INFO  impl.RoleInfo (RoleInfo.java:updateAndGet(139)) - 1397ad66-7a30-4622-84c4-76091eab1ef3: start 1397ad66-7a30-4622-84c4-76091eab1ef3@group-0CC2A593D591-FollowerState
2022-11-03 05:23:14,566 [pool-237-thread-1] INFO  util.JmxRegister (JmxRegister.java:tryRegister(44)) - Successfully registered JMX Bean with object name Ratis:service=RaftServer,group=group-0CC2A593D591,id=1397ad66-7a30-4622-84c4-76091eab1ef3
2022-11-03 05:23:14,566 [pool-237-thread-1] INFO  server.RaftServerConfigKeys (ConfUtils.java:logGet(46)) - raft.server.snapshot.auto.trigger.enabled = true (custom)
2022-11-03 05:23:14,566 [pool-237-thread-1] INFO  server.RaftServerConfigKeys (ConfUtils.java:logGet(46)) - raft.server.snapshot.auto.trigger.threshold = 10000 (custom)
2022-11-03 05:23:14,566 [pool-237-thread-1] INFO  server.RaftServerConfigKeys (ConfUtils.java:logGet(46)) - raft.server.snapshot.retention.file.num = 5 (custom)
2022-11-03 05:23:14,566 [pool-237-thread-1] INFO  server.RaftServerConfigKeys (ConfUtils.java:logGet(46)) - raft.server.log.purge.upto.snapshot.index = false (default)
2022-11-03 05:23:14,567 [1397ad66-7a30-4622-84c4-76091eab1ef3@group-0CC2A593D591-FollowerState] INFO  server.RaftServerConfigKeys (ConfUtils.java:logFallback(53)) - raft.server.rpc.first-election.timeout.min = 5s (fallback to raft.server.rpc.timeout.min)
2022-11-03 05:23:14,567 [1397ad66-7a30-4622-84c4-76091eab1ef3@group-0CC2A593D591-FollowerState] INFO  server.RaftServerConfigKeys (ConfUtils.java:logFallback(53)) - raft.server.rpc.first-election.timeout.max = 5200ms (fallback to raft.server.rpc.timeout.max)
2022-11-03 05:23:14,567 [Command processor thread] INFO  ratis.XceiverServerRatis (XceiverServerRatis.java:addGroup(765)) - Created group PipelineID=e329c199-86bb-48a0-8dcc-0cc2a593d591
2022-11-03 05:23:14,567 [Command processor thread] INFO  commandhandler.CreatePipelineCommandHandler (CreatePipelineCommandHandler.java:handle(113)) - Created Pipeline RATIS ONE PipelineID=e329c199-86bb-48a0-8dcc-0cc2a593d591.
2022-11-03 05:23:14,876 [Command processor thread] INFO  server.RaftServer (RaftServerProxy.java:addNew(96)) - edbb8909-d467-4274-b253-e11b41a723b1: addNew group-7DAF5252A9FC:[edbb8909-d467-4274-b253-e11b41a723b1|rpc:10.1.1.42:38807|priority:1|startupRole:FOLLOWER] returns group-7DAF5252A9FC:java.util.concurrent.CompletableFuture@2dbccab5[Not completed]
2022-11-03 05:23:14,877 [pool-264-thread-1] INFO  server.RaftServer$Division (RaftServerImpl.java:<init>(195)) - edbb8909-d467-4274-b253-e11b41a723b1: new RaftServerImpl for group-7DAF5252A9FC:[edbb8909-d467-4274-b253-e11b41a723b1|rpc:10.1.1.42:38807|priority:1|startupRole:FOLLOWER] with ContainerStateMachine:uninitialized
2022-11-03 05:23:14,877 [pool-264-thread-1] INFO  server.RaftServerConfigKeys (ConfUtils.java:logGet(46)) - raft.server.rpc.timeout.min = 5s (custom)
2022-11-03 05:23:14,877 [pool-264-thread-1] INFO  server.RaftServerConfigKeys (ConfUtils.java:logGet(46)) - raft.server.rpc.timeout.max = 5200ms (custom)
2022-11-03 05:23:14,877 [pool-264-thread-1] INFO  server.RaftServerConfigKeys (ConfUtils.java:logGet(46)) - raft.server.rpc.sleep.time = 25ms (default)
2022-11-03 05:23:14,877 [pool-264-thread-1] INFO  server.RaftServerConfigKeys (ConfUtils.java:logGet(46)) - raft.server.rpc.slowness.timeout = 300s (custom)
2022-11-03 05:23:14,877 [pool-264-thread-1] INFO  server.RaftServerConfigKeys (ConfUtils.java:logGet(46)) - raft.server.leaderelection.leader.step-down.wait-time = 10s (default)
2022-11-03 05:23:14,877 [pool-264-thread-1] INFO  server.RaftServerConfigKeys (ConfUtils.java:logGet(46)) - raft.server.sleep.deviation.threshold = 300ms (default)
2022-11-03 05:23:14,877 [pool-264-thread-1] INFO  server.RaftServer$Division (ServerState.java:<init>(118)) - edbb8909-d467-4274-b253-e11b41a723b1@group-7DAF5252A9FC: ConfigurationManager, init=-1: peers:[edbb8909-d467-4274-b253-e11b41a723b1|rpc:10.1.1.42:38807|priority:1|startupRole:FOLLOWER]|listeners:[], old=null, confs=<EMPTY_MAP>
2022-11-03 05:23:14,877 [pool-264-thread-1] INFO  server.RaftServerConfigKeys (ConfUtils.java:logGet(46)) - raft.server.storage.dir = [/home/runner/work/ozone/ozone/hadoop-ozone/integration-test/target/test-dir/MiniOzoneClusterImpl-a947a097-fc53-45d1-b902-fe1272537128/datanode-8/data/ratis] (custom)
2022-11-03 05:23:14,877 [pool-264-thread-1] INFO  server.RaftServerConfigKeys (ConfUtils.java:logGet(46)) - raft.server.log.corruption.policy = EXCEPTION (default)
2022-11-03 05:23:14,877 [pool-264-thread-1] INFO  server.RaftServerConfigKeys (ConfUtils.java:logGet(46)) - raft.server.storage.free-space.min = 0MB (=0) (default)
2022-11-03 05:23:14,877 [pool-264-thread-1] INFO  server.RaftServerConfigKeys (ConfUtils.java:logGet(46)) - raft.server.notification.no-leader.timeout = 300s (custom)
2022-11-03 05:23:14,877 [pool-264-thread-1] INFO  server.RaftServerConfigKeys (ConfUtils.java:logGet(46)) - raft.server.retrycache.expirytime = 600000ms (custom)
2022-11-03 05:23:14,877 [pool-264-thread-1] INFO  server.RaftServerConfigKeys (ConfUtils.java:logGet(46)) - raft.server.retrycache.statistics.expirytime = 100μs (default)
2022-11-03 05:23:14,878 [pool-264-thread-1] INFO  server.RaftServerConfigKeys (ConfUtils.java:logGet(46)) - raft.server.log.appender.install.snapshot.enabled = false (custom)
2022-11-03 05:23:14,878 [pool-264-thread-1] INFO  server.RaftServerConfigKeys (ConfUtils.java:logGet(46)) - raft.server.threadpool.server.cached = true (default)
2022-11-03 05:23:14,878 [pool-264-thread-1] INFO  server.RaftServerConfigKeys (ConfUtils.java:logGet(46)) - raft.server.threadpool.server.size = 0 (default)
2022-11-03 05:23:14,878 [pool-264-thread-1] INFO  server.RaftServerConfigKeys (ConfUtils.java:logGet(46)) - raft.server.threadpool.client.cached = true (default)
2022-11-03 05:23:14,878 [pool-264-thread-1] INFO  server.RaftServerConfigKeys (ConfUtils.java:logGet(46)) - raft.server.threadpool.client.size = 0 (default)
2022-11-03 05:23:14,879 [pool-264-thread-1] INFO  storage.RaftStorageDirectory (RaftStorageDirectoryImpl.java:analyzeStorage(137)) - The storage directory /home/runner/work/ozone/ozone/hadoop-ozone/integration-test/target/test-dir/MiniOzoneClusterImpl-a947a097-fc53-45d1-b902-fe1272537128/datanode-8/data/ratis/e209c85c-a79e-47b7-a5b3-7daf5252a9fc does not exist. Creating ...
2022-11-03 05:23:14,879 [pool-264-thread-1] INFO  storage.RaftStorageDirectory (RaftStorageDirectoryImpl.java:tryLock(231)) - Lock on /home/runner/work/ozone/ozone/hadoop-ozone/integration-test/target/test-dir/MiniOzoneClusterImpl-a947a097-fc53-45d1-b902-fe1272537128/datanode-8/data/ratis/e209c85c-a79e-47b7-a5b3-7daf5252a9fc/in_use.lock acquired by nodename 14756@fv-az119-847
2022-11-03 05:23:14,880 [pool-264-thread-1] INFO  storage.RaftStorage (RaftStorageImpl.java:format(96)) - Storage directory /home/runner/work/ozone/ozone/hadoop-ozone/integration-test/target/test-dir/MiniOzoneClusterImpl-a947a097-fc53-45d1-b902-fe1272537128/datanode-8/data/ratis/e209c85c-a79e-47b7-a5b3-7daf5252a9fc has been successfully formatted.
2022-11-03 05:23:14,881 [pool-264-thread-1] INFO  ratis.ContainerStateMachine (ContainerStateMachine.java:loadSnapshot(236)) - group-7DAF5252A9FC: The snapshot info is null. Setting the last applied indexto:(t:0, i:~)
2022-11-03 05:23:14,881 [pool-264-thread-1] INFO  server.RaftServerConfigKeys (ConfUtils.java:logGet(46)) - raft.server.log.use.memory = false (default)
2022-11-03 05:23:14,881 [pool-264-thread-1] INFO  server.RaftServerConfigKeys (ConfUtils.java:logGet(46)) - raft.server.log.purge.gap = 1000000 (custom)
2022-11-03 05:23:14,881 [pool-264-thread-1] INFO  server.RaftServerConfigKeys (ConfUtils.java:logGet(46)) - raft.server.log.appender.buffer.byte-limit = 33554432 (custom)
2022-11-03 05:23:14,881 [pool-264-thread-1] INFO  server.RaftServerConfigKeys (ConfUtils.java:logGet(46)) - raft.server.log.statemachine.data.read.timeout = 1000ms (default)
2022-11-03 05:23:14,881 [pool-264-thread-1] INFO  server.RaftServerConfigKeys (ConfUtils.java:logGet(46)) - raft.server.log.purge.preservation.log.num = 0 (default)
2022-11-03 05:23:14,881 [pool-264-thread-1] INFO  server.RaftServerConfigKeys (ConfUtils.java:logGet(46)) - raft.server.log.segment.size.max = 1048576 (custom)
2022-11-03 05:23:14,882 [EventQueue-PipelineReportForPipelineReportHandler] INFO  pipeline.PipelineManagerImpl (PipelineManagerImpl.java:openPipeline(367)) - Pipeline Pipeline[ Id: e209c85c-a79e-47b7-a5b3-7daf5252a9fc, Nodes: edbb8909-d467-4274-b253-e11b41a723b1{ip: 10.1.1.42, host: fv-az119-847.ca0t41jjrjaujd4nublazzptxb.cx.internal.cloudapp.net, ports: [REPLICATION=41809, RATIS=38807, RATIS_ADMIN=38807, RATIS_SERVER=38807, STANDALONE=41863], networkLocation: /default-rack, certSerialId: null, persistedOpState: IN_SERVICE, persistedOpStateExpiryEpochSec: 0}, ReplicationConfig: RATIS/ONE, State:ALLOCATED, leaderId:edbb8909-d467-4274-b253-e11b41a723b1, CreationTimestamp2022-11-03T05:23:11.879Z[Etc/UTC]] moved to OPEN state
2022-11-03 05:23:14,883 [pool-264-thread-1] INFO  server.RaftServerConfigKeys (ConfUtils.java:logGet(46)) - raft.server.log.segment.cache.num.max = 2 (custom)
2022-11-03 05:23:14,883 [pool-264-thread-1] INFO  server.RaftServerConfigKeys (ConfUtils.java:logGet(46)) - raft.server.log.segment.cache.size.max = 200MB (=209715200) (default)
2022-11-03 05:23:14,883 [pool-264-thread-1] INFO  segmented.SegmentedRaftLogWorker (SegmentedRaftLogWorker.java:<init>(191)) - new edbb8909-d467-4274-b253-e11b41a723b1@group-7DAF5252A9FC-SegmentedRaftLogWorker for RaftStorageImpl:Storage Directory /home/runner/work/ozone/ozone/hadoop-ozone/integration-test/target/test-dir/MiniOzoneClusterImpl-a947a097-fc53-45d1-b902-fe1272537128/datanode-8/data/ratis/e209c85c-a79e-47b7-a5b3-7daf5252a9fc
2022-11-03 05:23:14,883 [pool-264-thread-1] INFO  server.RaftServerConfigKeys (ConfUtils.java:logGet(46)) - raft.server.log.queue.byte-limit = 4294967296 (custom)
2022-11-03 05:23:14,883 [EventQueue-OpenPipelineForHealthyPipelineSafeModeRule] INFO  safemode.SCMSafeModeManager (HealthyPipelineSafeModeRule.java:process(137)) - SCM in safe mode. Healthy pipelines reported count is 0, required healthy pipeline reported count is 1
2022-11-03 05:23:14,883 [pool-264-thread-1] INFO  server.RaftServerConfigKeys (ConfUtils.java:logGet(46)) - raft.server.log.queue.element-limit = 1024 (custom)
2022-11-03 05:23:14,886 [pool-264-thread-1] INFO  server.RaftServerConfigKeys (ConfUtils.java:logGet(46)) - raft.server.log.segment.size.max = 1048576 (custom)
2022-11-03 05:23:14,886 [pool-264-thread-1] INFO  server.RaftServerConfigKeys (ConfUtils.java:logGet(46)) - raft.server.log.preallocated.size = 16384 (custom)
2022-11-03 05:23:14,886 [pool-264-thread-1] INFO  server.RaftServerConfigKeys (ConfUtils.java:logGet(46)) - raft.server.log.force.sync.num = 128 (default)
2022-11-03 05:23:14,886 [pool-264-thread-1] INFO  server.RaftServerConfigKeys (ConfUtils.java:logGet(46)) - raft.server.log.statemachine.data.sync = true (default)
2022-11-03 05:23:14,886 [pool-264-thread-1] INFO  server.RaftServerConfigKeys (ConfUtils.java:logGet(46)) - raft.server.log.statemachine.data.sync.timeout = 10s (default)
2022-11-03 05:23:14,886 [pool-264-thread-1] INFO  server.RaftServerConfigKeys (ConfUtils.java:logGet(46)) - raft.server.log.statemachine.data.sync.timeout.retry = -1 (default)
2022-11-03 05:23:14,887 [pool-264-thread-1] INFO  server.RaftServerConfigKeys (ConfUtils.java:logGet(46)) - raft.server.log.write.buffer.size = 1048576 (custom)
2022-11-03 05:23:14,888 [pool-264-thread-1] INFO  server.RaftServerConfigKeys (ConfUtils.java:logGet(46)) - raft.server.log.unsafe-flush.enabled = false (default)
2022-11-03 05:23:14,888 [pool-264-thread-1] INFO  server.RaftServerConfigKeys (ConfUtils.java:logGet(46)) - raft.server.log.async-flush.enabled = false (default)
2022-11-03 05:23:14,888 [pool-264-thread-1] INFO  server.RaftServerConfigKeys (ConfUtils.java:logGet(46)) - raft.server.log.statemachine.data.caching.enabled = true (custom)
2022-11-03 05:23:14,888 [pool-264-thread-1] INFO  segmented.SegmentedRaftLogWorker (SegmentedRaftLogWorker.java:lambda$new$0(136)) - edbb8909-d467-4274-b253-e11b41a723b1@group-7DAF5252A9FC-SegmentedRaftLogWorker: flushIndex: setUnconditionally 0 -> -1
2022-11-03 05:23:14,888 [pool-264-thread-1] INFO  segmented.SegmentedRaftLogWorker (SegmentedRaftLogWorker.java:lambda$new$0(136)) - edbb8909-d467-4274-b253-e11b41a723b1@group-7DAF5252A9FC-SegmentedRaftLogWorker: safeCacheEvictIndex: setUnconditionally 0 -> -1
2022-11-03 05:23:14,888 [pool-264-thread-1] INFO  server.RaftServer$Division (RaftServerImpl.java:start(334)) - edbb8909-d467-4274-b253-e11b41a723b1@group-7DAF5252A9FC: start as a follower, conf=-1: peers:[edbb8909-d467-4274-b253-e11b41a723b1|rpc:10.1.1.42:38807|priority:1|startupRole:FOLLOWER]|listeners:[], old=null
2022-11-03 05:23:14,888 [pool-264-thread-1] INFO  server.RaftServer$Division (RaftServerImpl.java:setRole(321)) - edbb8909-d467-4274-b253-e11b41a723b1@group-7DAF5252A9FC: changes role from      null to FOLLOWER at term 0 for startAsFollower
2022-11-03 05:23:14,888 [pool-264-thread-1] INFO  impl.RoleInfo (RoleInfo.java:updateAndGet(139)) - edbb8909-d467-4274-b253-e11b41a723b1: start edbb8909-d467-4274-b253-e11b41a723b1@group-7DAF5252A9FC-FollowerState
2022-11-03 05:23:14,889 [pool-264-thread-1] INFO  util.JmxRegister (JmxRegister.java:tryRegister(44)) - Successfully registered JMX Bean with object name Ratis:service=RaftServer,group=group-7DAF5252A9FC,id=edbb8909-d467-4274-b253-e11b41a723b1
2022-11-03 05:23:14,889 [edbb8909-d467-4274-b253-e11b41a723b1@group-7DAF5252A9FC-FollowerState] INFO  server.RaftServerConfigKeys (ConfUtils.java:logFallback(53)) - raft.server.rpc.first-election.timeout.min = 5s (fallback to raft.server.rpc.timeout.min)
2022-11-03 05:23:14,889 [pool-264-thread-1] INFO  server.RaftServerConfigKeys (ConfUtils.java:logGet(46)) - raft.server.snapshot.auto.trigger.enabled = true (custom)
2022-11-03 05:23:14,889 [edbb8909-d467-4274-b253-e11b41a723b1@group-7DAF5252A9FC-FollowerState] INFO  server.RaftServerConfigKeys (ConfUtils.java:logFallback(53)) - raft.server.rpc.first-election.timeout.max = 5200ms (fallback to raft.server.rpc.timeout.max)
2022-11-03 05:23:14,889 [pool-264-thread-1] INFO  server.RaftServerConfigKeys (ConfUtils.java:logGet(46)) - raft.server.snapshot.auto.trigger.threshold = 10000 (custom)
2022-11-03 05:23:14,889 [pool-264-thread-1] INFO  server.RaftServerConfigKeys (ConfUtils.java:logGet(46)) - raft.server.snapshot.retention.file.num = 5 (custom)
2022-11-03 05:23:14,889 [pool-264-thread-1] INFO  server.RaftServerConfigKeys (ConfUtils.java:logGet(46)) - raft.server.log.purge.upto.snapshot.index = false (default)
2022-11-03 05:23:14,889 [Command processor thread] INFO  ratis.XceiverServerRatis (XceiverServerRatis.java:addGroup(765)) - Created group PipelineID=e209c85c-a79e-47b7-a5b3-7daf5252a9fc
2022-11-03 05:23:14,889 [Command processor thread] INFO  commandhandler.CreatePipelineCommandHandler (CreatePipelineCommandHandler.java:handle(113)) - Created Pipeline RATIS ONE PipelineID=e209c85c-a79e-47b7-a5b3-7daf5252a9fc.
2022-11-03 05:23:15,199 [Listener at 127.0.0.1/40235] INFO  ozone.MiniOzoneClusterImpl (MiniOzoneClusterImpl.java:lambda$waitForClusterToBeReady$0(216)) - Nodes are ready. Got 10 of 10 DN Heartbeats.
2022-11-03 05:23:15,199 [Listener at 127.0.0.1/40235] INFO  ozone.MiniOzoneClusterImpl (MiniOzoneClusterImpl.java:lambda$waitForClusterToBeReady$0(219)) - Waiting for cluster to exit safe mode
2022-11-03 05:23:15,199 [Listener at 127.0.0.1/40235] INFO  ozone.MiniOzoneClusterImpl (MiniOzoneClusterImpl.java:lambda$waitForClusterToBeReady$0(221)) - SCM became leader
2022-11-03 05:23:15,214 [Command processor thread] INFO  server.RaftServer (RaftServerProxy.java:addNew(96)) - c4b91fe4-1e17-46ee-80ce-129a880b8a55: addNew group-5FA22E3399E1:[c4b91fe4-1e17-46ee-80ce-129a880b8a55|rpc:10.1.1.42:40201|priority:1|startupRole:FOLLOWER] returns group-5FA22E3399E1:java.util.concurrent.CompletableFuture@648f0adc[Not completed]
2022-11-03 05:23:15,215 [pool-291-thread-1] INFO  server.RaftServer$Division (RaftServerImpl.java:<init>(195)) - c4b91fe4-1e17-46ee-80ce-129a880b8a55: new RaftServerImpl for group-5FA22E3399E1:[c4b91fe4-1e17-46ee-80ce-129a880b8a55|rpc:10.1.1.42:40201|priority:1|startupRole:FOLLOWER] with ContainerStateMachine:uninitialized
2022-11-03 05:23:15,215 [pool-291-thread-1] INFO  server.RaftServerConfigKeys (ConfUtils.java:logGet(46)) - raft.server.rpc.timeout.min = 5s (custom)
2022-11-03 05:23:15,215 [pool-291-thread-1] INFO  server.RaftServerConfigKeys (ConfUtils.java:logGet(46)) - raft.server.rpc.timeout.max = 5200ms (custom)
2022-11-03 05:23:15,215 [pool-291-thread-1] INFO  server.RaftServerConfigKeys (ConfUtils.java:logGet(46)) - raft.server.rpc.sleep.time = 25ms (default)
2022-11-03 05:23:15,215 [pool-291-thread-1] INFO  server.RaftServerConfigKeys (ConfUtils.java:logGet(46)) - raft.server.rpc.slowness.timeout = 300s (custom)
2022-11-03 05:23:15,215 [pool-291-thread-1] INFO  server.RaftServerConfigKeys (ConfUtils.java:logGet(46)) - raft.server.leaderelection.leader.step-down.wait-time = 10s (default)
2022-11-03 05:23:15,215 [pool-291-thread-1] INFO  server.RaftServerConfigKeys (ConfUtils.java:logGet(46)) - raft.server.sleep.deviation.threshold = 300ms (default)
2022-11-03 05:23:15,215 [pool-291-thread-1] INFO  server.RaftServer$Division (ServerState.java:<init>(118)) - c4b91fe4-1e17-46ee-80ce-129a880b8a55@group-5FA22E3399E1: ConfigurationManager, init=-1: peers:[c4b91fe4-1e17-46ee-80ce-129a880b8a55|rpc:10.1.1.42:40201|priority:1|startupRole:FOLLOWER]|listeners:[], old=null, confs=<EMPTY_MAP>
2022-11-03 05:23:15,215 [pool-291-thread-1] INFO  server.RaftServerConfigKeys (ConfUtils.java:logGet(46)) - raft.server.storage.dir = [/home/runner/work/ozone/ozone/hadoop-ozone/integration-test/target/test-dir/MiniOzoneClusterImpl-a947a097-fc53-45d1-b902-fe1272537128/datanode-9/data/ratis] (custom)
2022-11-03 05:23:15,215 [pool-291-thread-1] INFO  server.RaftServerConfigKeys (ConfUtils.java:logGet(46)) - raft.server.log.corruption.policy = EXCEPTION (default)
2022-11-03 05:23:15,215 [pool-291-thread-1] INFO  server.RaftServerConfigKeys (ConfUtils.java:logGet(46)) - raft.server.storage.free-space.min = 0MB (=0) (default)
2022-11-03 05:23:15,215 [pool-291-thread-1] INFO  server.RaftServerConfigKeys (ConfUtils.java:logGet(46)) - raft.server.notification.no-leader.timeout = 300s (custom)
2022-11-03 05:23:15,215 [pool-291-thread-1] INFO  server.RaftServerConfigKeys (ConfUtils.java:logGet(46)) - raft.server.retrycache.expirytime = 600000ms (custom)
2022-11-03 05:23:15,215 [pool-291-thread-1] INFO  server.RaftServerConfigKeys (ConfUtils.java:logGet(46)) - raft.server.retrycache.statistics.expirytime = 100μs (default)
2022-11-03 05:23:15,217 [pool-291-thread-1] INFO  server.RaftServerConfigKeys (ConfUtils.java:logGet(46)) - raft.server.log.appender.install.snapshot.enabled = false (custom)
2022-11-03 05:23:15,217 [pool-291-thread-1] INFO  server.RaftServerConfigKeys (ConfUtils.java:logGet(46)) - raft.server.threadpool.server.cached = true (default)
2022-11-03 05:23:15,217 [pool-291-thread-1] INFO  server.RaftServerConfigKeys (ConfUtils.java:logGet(46)) - raft.server.threadpool.server.size = 0 (default)
2022-11-03 05:23:15,217 [pool-291-thread-1] INFO  server.RaftServerConfigKeys (ConfUtils.java:logGet(46)) - raft.server.threadpool.client.cached = true (default)
2022-11-03 05:23:15,217 [pool-291-thread-1] INFO  server.RaftServerConfigKeys (ConfUtils.java:logGet(46)) - raft.server.threadpool.client.size = 0 (default)
2022-11-03 05:23:15,218 [pool-291-thread-1] INFO  storage.RaftStorageDirectory (RaftStorageDirectoryImpl.java:analyzeStorage(137)) - The storage directory /home/runner/work/ozone/ozone/hadoop-ozone/integration-test/target/test-dir/MiniOzoneClusterImpl-a947a097-fc53-45d1-b902-fe1272537128/datanode-9/data/ratis/ad83cea3-98de-4f4a-9075-5fa22e3399e1 does not exist. Creating ...
2022-11-03 05:23:15,218 [pool-291-thread-1] INFO  storage.RaftStorageDirectory (RaftStorageDirectoryImpl.java:tryLock(231)) - Lock on /home/runner/work/ozone/ozone/hadoop-ozone/integration-test/target/test-dir/MiniOzoneClusterImpl-a947a097-fc53-45d1-b902-fe1272537128/datanode-9/data/ratis/ad83cea3-98de-4f4a-9075-5fa22e3399e1/in_use.lock acquired by nodename 14756@fv-az119-847
2022-11-03 05:23:15,219 [pool-291-thread-1] INFO  storage.RaftStorage (RaftStorageImpl.java:format(96)) - Storage directory /home/runner/work/ozone/ozone/hadoop-ozone/integration-test/target/test-dir/MiniOzoneClusterImpl-a947a097-fc53-45d1-b902-fe1272537128/datanode-9/data/ratis/ad83cea3-98de-4f4a-9075-5fa22e3399e1 has been successfully formatted.
2022-11-03 05:23:15,219 [pool-291-thread-1] INFO  ratis.ContainerStateMachine (ContainerStateMachine.java:loadSnapshot(236)) - group-5FA22E3399E1: The snapshot info is null. Setting the last applied indexto:(t:0, i:~)
2022-11-03 05:23:15,219 [pool-291-thread-1] INFO  server.RaftServerConfigKeys (ConfUtils.java:logGet(46)) - raft.server.log.use.memory = false (default)
2022-11-03 05:23:15,220 [pool-291-thread-1] INFO  server.RaftServerConfigKeys (ConfUtils.java:logGet(46)) - raft.server.log.purge.gap = 1000000 (custom)
2022-11-03 05:23:15,220 [pool-291-thread-1] INFO  server.RaftServerConfigKeys (ConfUtils.java:logGet(46)) - raft.server.log.appender.buffer.byte-limit = 33554432 (custom)
2022-11-03 05:23:15,220 [pool-291-thread-1] INFO  server.RaftServerConfigKeys (ConfUtils.java:logGet(46)) - raft.server.log.statemachine.data.read.timeout = 1000ms (default)
2022-11-03 05:23:15,220 [pool-291-thread-1] INFO  server.RaftServerConfigKeys (ConfUtils.java:logGet(46)) - raft.server.log.purge.preservation.log.num = 0 (default)
2022-11-03 05:23:15,220 [pool-291-thread-1] INFO  server.RaftServerConfigKeys (ConfUtils.java:logGet(46)) - raft.server.log.segment.size.max = 1048576 (custom)
2022-11-03 05:23:15,221 [pool-291-thread-1] INFO  server.RaftServerConfigKeys (ConfUtils.java:logGet(46)) - raft.server.log.segment.cache.num.max = 2 (custom)
2022-11-03 05:23:15,221 [pool-291-thread-1] INFO  server.RaftServerConfigKeys (ConfUtils.java:logGet(46)) - raft.server.log.segment.cache.size.max = 200MB (=209715200) (default)
2022-11-03 05:23:15,221 [pool-291-thread-1] INFO  segmented.SegmentedRaftLogWorker (SegmentedRaftLogWorker.java:<init>(191)) - new c4b91fe4-1e17-46ee-80ce-129a880b8a55@group-5FA22E3399E1-SegmentedRaftLogWorker for RaftStorageImpl:Storage Directory /home/runner/work/ozone/ozone/hadoop-ozone/integration-test/target/test-dir/MiniOzoneClusterImpl-a947a097-fc53-45d1-b902-fe1272537128/datanode-9/data/ratis/ad83cea3-98de-4f4a-9075-5fa22e3399e1
2022-11-03 05:23:15,221 [pool-291-thread-1] INFO  server.RaftServerConfigKeys (ConfUtils.java:logGet(46)) - raft.server.log.queue.byte-limit = 4294967296 (custom)
2022-11-03 05:23:15,221 [pool-291-thread-1] INFO  server.RaftServerConfigKeys (ConfUtils.java:logGet(46)) - raft.server.log.queue.element-limit = 1024 (custom)
2022-11-03 05:23:15,221 [pool-291-thread-1] INFO  server.RaftServerConfigKeys (ConfUtils.java:logGet(46)) - raft.server.log.segment.size.max = 1048576 (custom)
2022-11-03 05:23:15,221 [pool-291-thread-1] INFO  server.RaftServerConfigKeys (ConfUtils.java:logGet(46)) - raft.server.log.preallocated.size = 16384 (custom)
2022-11-03 05:23:15,221 [pool-291-thread-1] INFO  server.RaftServerConfigKeys (ConfUtils.java:logGet(46)) - raft.server.log.force.sync.num = 128 (default)
2022-11-03 05:23:15,221 [pool-291-thread-1] INFO  server.RaftServerConfigKeys (ConfUtils.java:logGet(46)) - raft.server.log.statemachine.data.sync = true (default)
2022-11-03 05:23:15,221 [pool-291-thread-1] INFO  server.RaftServerConfigKeys (ConfUtils.java:logGet(46)) - raft.server.log.statemachine.data.sync.timeout = 10s (default)
2022-11-03 05:23:15,221 [EventQueue-PipelineReportForPipelineReportHandler] INFO  pipeline.PipelineManagerImpl (PipelineManagerImpl.java:openPipeline(367)) - Pipeline Pipeline[ Id: ad83cea3-98de-4f4a-9075-5fa22e3399e1, Nodes: c4b91fe4-1e17-46ee-80ce-129a880b8a55{ip: 10.1.1.42, host: fv-az119-847.ca0t41jjrjaujd4nublazzptxb.cx.internal.cloudapp.net, ports: [REPLICATION=36393, RATIS=40201, RATIS_ADMIN=40201, RATIS_SERVER=40201, STANDALONE=42287], networkLocation: /default-rack, certSerialId: null, persistedOpState: IN_SERVICE, persistedOpStateExpiryEpochSec: 0}, ReplicationConfig: RATIS/ONE, State:ALLOCATED, leaderId:c4b91fe4-1e17-46ee-80ce-129a880b8a55, CreationTimestamp2022-11-03T05:23:12.215Z[Etc/UTC]] moved to OPEN state
2022-11-03 05:23:15,221 [pool-291-thread-1] INFO  server.RaftServerConfigKeys (ConfUtils.java:logGet(46)) - raft.server.log.statemachine.data.sync.timeout.retry = -1 (default)
2022-11-03 05:23:15,222 [EventQueue-OpenPipelineForHealthyPipelineSafeModeRule] INFO  safemode.SCMSafeModeManager (HealthyPipelineSafeModeRule.java:process(137)) - SCM in safe mode. Healthy pipelines reported count is 0, required healthy pipeline reported count is 1
2022-11-03 05:23:15,227 [pool-291-thread-1] INFO  server.RaftServerConfigKeys (ConfUtils.java:logGet(46)) - raft.server.log.write.buffer.size = 1048576 (custom)
2022-11-03 05:23:15,228 [pool-291-thread-1] INFO  server.RaftServerConfigKeys (ConfUtils.java:logGet(46)) - raft.server.log.unsafe-flush.enabled = false (default)
2022-11-03 05:23:15,228 [pool-291-thread-1] INFO  server.RaftServerConfigKeys (ConfUtils.java:logGet(46)) - raft.server.log.async-flush.enabled = false (default)
2022-11-03 05:23:15,228 [pool-291-thread-1] INFO  server.RaftServerConfigKeys (ConfUtils.java:logGet(46)) - raft.server.log.statemachine.data.caching.enabled = true (custom)
2022-11-03 05:23:15,228 [pool-291-thread-1] INFO  segmented.SegmentedRaftLogWorker (SegmentedRaftLogWorker.java:lambda$new$0(136)) - c4b91fe4-1e17-46ee-80ce-129a880b8a55@group-5FA22E3399E1-SegmentedRaftLogWorker: flushIndex: setUnconditionally 0 -> -1
2022-11-03 05:23:15,228 [pool-291-thread-1] INFO  segmented.SegmentedRaftLogWorker (SegmentedRaftLogWorker.java:lambda$new$0(136)) - c4b91fe4-1e17-46ee-80ce-129a880b8a55@group-5FA22E3399E1-SegmentedRaftLogWorker: safeCacheEvictIndex: setUnconditionally 0 -> -1
2022-11-03 05:23:15,229 [pool-291-thread-1] INFO  server.RaftServer$Division (RaftServerImpl.java:start(334)) - c4b91fe4-1e17-46ee-80ce-129a880b8a55@group-5FA22E3399E1: start as a follower, conf=-1: peers:[c4b91fe4-1e17-46ee-80ce-129a880b8a55|rpc:10.1.1.42:40201|priority:1|startupRole:FOLLOWER]|listeners:[], old=null
2022-11-03 05:23:15,229 [pool-291-thread-1] INFO  server.RaftServer$Division (RaftServerImpl.java:setRole(321)) - c4b91fe4-1e17-46ee-80ce-129a880b8a55@group-5FA22E3399E1: changes role from      null to FOLLOWER at term 0 for startAsFollower
2022-11-03 05:23:15,229 [pool-291-thread-1] INFO  impl.RoleInfo (RoleInfo.java:updateAndGet(139)) - c4b91fe4-1e17-46ee-80ce-129a880b8a55: start c4b91fe4-1e17-46ee-80ce-129a880b8a55@group-5FA22E3399E1-FollowerState
2022-11-03 05:23:15,229 [pool-291-thread-1] INFO  util.JmxRegister (JmxRegister.java:tryRegister(44)) - Successfully registered JMX Bean with object name Ratis:service=RaftServer,group=group-5FA22E3399E1,id=c4b91fe4-1e17-46ee-80ce-129a880b8a55
2022-11-03 05:23:15,229 [c4b91fe4-1e17-46ee-80ce-129a880b8a55@group-5FA22E3399E1-FollowerState] INFO  server.RaftServerConfigKeys (ConfUtils.java:logFallback(53)) - raft.server.rpc.first-election.timeout.min = 5s (fallback to raft.server.rpc.timeout.min)
2022-11-03 05:23:15,229 [pool-291-thread-1] INFO  server.RaftServerConfigKeys (ConfUtils.java:logGet(46)) - raft.server.snapshot.auto.trigger.enabled = true (custom)
2022-11-03 05:23:15,229 [c4b91fe4-1e17-46ee-80ce-129a880b8a55@group-5FA22E3399E1-FollowerState] INFO  server.RaftServerConfigKeys (ConfUtils.java:logFallback(53)) - raft.server.rpc.first-election.timeout.max = 5200ms (fallback to raft.server.rpc.timeout.max)
2022-11-03 05:23:15,229 [pool-291-thread-1] INFO  server.RaftServerConfigKeys (ConfUtils.java:logGet(46)) - raft.server.snapshot.auto.trigger.threshold = 10000 (custom)
2022-11-03 05:23:15,229 [pool-291-thread-1] INFO  server.RaftServerConfigKeys (ConfUtils.java:logGet(46)) - raft.server.snapshot.retention.file.num = 5 (custom)
2022-11-03 05:23:15,229 [pool-291-thread-1] INFO  server.RaftServerConfigKeys (ConfUtils.java:logGet(46)) - raft.server.log.purge.upto.snapshot.index = false (default)
2022-11-03 05:23:15,230 [Command processor thread] INFO  ratis.XceiverServerRatis (XceiverServerRatis.java:addGroup(765)) - Created group PipelineID=ad83cea3-98de-4f4a-9075-5fa22e3399e1
2022-11-03 05:23:15,230 [Command processor thread] INFO  commandhandler.CreatePipelineCommandHandler (CreatePipelineCommandHandler.java:handle(113)) - Created Pipeline RATIS ONE PipelineID=ad83cea3-98de-4f4a-9075-5fa22e3399e1.
2022-11-03 05:23:16,200 [Listener at 127.0.0.1/40235] INFO  ozone.MiniOzoneClusterImpl (MiniOzoneClusterImpl.java:lambda$waitForClusterToBeReady$0(216)) - Nodes are ready. Got 10 of 10 DN Heartbeats.
2022-11-03 05:23:16,200 [Listener at 127.0.0.1/40235] INFO  ozone.MiniOzoneClusterImpl (MiniOzoneClusterImpl.java:lambda$waitForClusterToBeReady$0(219)) - Waiting for cluster to exit safe mode
2022-11-03 05:23:16,200 [Listener at 127.0.0.1/40235] INFO  ozone.MiniOzoneClusterImpl (MiniOzoneClusterImpl.java:lambda$waitForClusterToBeReady$0(221)) - SCM became leader
2022-11-03 05:23:17,104 [aafd62d6-5d37-4c95-9ffb-fecfd05fefa6@group-D5BAC4C13693-FollowerState] INFO  impl.FollowerState (FollowerState.java:run(143)) - aafd62d6-5d37-4c95-9ffb-fecfd05fefa6@group-D5BAC4C13693-FollowerState: change to CANDIDATE, lastRpcElapsedTime:5107891912ns, electionTimeout:5096ms
2022-11-03 05:23:17,105 [aafd62d6-5d37-4c95-9ffb-fecfd05fefa6@group-D5BAC4C13693-FollowerState] INFO  impl.RoleInfo (RoleInfo.java:shutdownFollowerState(110)) - aafd62d6-5d37-4c95-9ffb-fecfd05fefa6: shutdown aafd62d6-5d37-4c95-9ffb-fecfd05fefa6@group-D5BAC4C13693-FollowerState
2022-11-03 05:23:17,105 [aafd62d6-5d37-4c95-9ffb-fecfd05fefa6@group-D5BAC4C13693-FollowerState] INFO  server.RaftServer$Division (RaftServerImpl.java:setRole(321)) - aafd62d6-5d37-4c95-9ffb-fecfd05fefa6@group-D5BAC4C13693: changes role from  FOLLOWER to CANDIDATE at term 0 for changeToCandidate
2022-11-03 05:23:17,106 [aafd62d6-5d37-4c95-9ffb-fecfd05fefa6@group-D5BAC4C13693-FollowerState] INFO  server.RaftServerConfigKeys (ConfUtils.java:logGet(46)) - raft.server.leaderelection.pre-vote = false (custom)
2022-11-03 05:23:17,106 [aafd62d6-5d37-4c95-9ffb-fecfd05fefa6@group-D5BAC4C13693-FollowerState] INFO  impl.RoleInfo (RoleInfo.java:updateAndGet(139)) - aafd62d6-5d37-4c95-9ffb-fecfd05fefa6: start aafd62d6-5d37-4c95-9ffb-fecfd05fefa6@group-D5BAC4C13693-LeaderElection2
2022-11-03 05:23:17,111 [aafd62d6-5d37-4c95-9ffb-fecfd05fefa6@group-D5BAC4C13693-LeaderElection2] INFO  impl.LeaderElection (LeaderElection.java:askForVotes(312)) - aafd62d6-5d37-4c95-9ffb-fecfd05fefa6@group-D5BAC4C13693-LeaderElection2 ELECTION round 0: submit vote requests at term 1 for -1: peers:[aafd62d6-5d37-4c95-9ffb-fecfd05fefa6|rpc:10.1.1.42:39817|priority:1|startupRole:FOLLOWER]|listeners:[], old=null
2022-11-03 05:23:17,111 [aafd62d6-5d37-4c95-9ffb-fecfd05fefa6@group-D5BAC4C13693-LeaderElection2] INFO  impl.LeaderElection (LeaderElection.java:askForVotes(314)) - aafd62d6-5d37-4c95-9ffb-fecfd05fefa6@group-D5BAC4C13693-LeaderElection2 ELECTION round 0: result PASSED (term=1)
2022-11-03 05:23:17,111 [aafd62d6-5d37-4c95-9ffb-fecfd05fefa6@group-D5BAC4C13693-LeaderElection2] INFO  impl.RoleInfo (RoleInfo.java:shutdownLeaderElection(130)) - aafd62d6-5d37-4c95-9ffb-fecfd05fefa6: shutdown aafd62d6-5d37-4c95-9ffb-fecfd05fefa6@group-D5BAC4C13693-LeaderElection2
2022-11-03 05:23:17,111 [aafd62d6-5d37-4c95-9ffb-fecfd05fefa6@group-D5BAC4C13693-LeaderElection2] INFO  server.RaftServer$Division (RaftServerImpl.java:setRole(321)) - aafd62d6-5d37-4c95-9ffb-fecfd05fefa6@group-D5BAC4C13693: changes role from CANDIDATE to LEADER at term 1 for changeToLeader
2022-11-03 05:23:17,111 [aafd62d6-5d37-4c95-9ffb-fecfd05fefa6@group-D5BAC4C13693-LeaderElection2] INFO  ratis.XceiverServerRatis (XceiverServerRatis.java:handleLeaderChangedNotification(863)) - Leader change notification received for group: group-D5BAC4C13693 with new leaderId: aafd62d6-5d37-4c95-9ffb-fecfd05fefa6
2022-11-03 05:23:17,112 [aafd62d6-5d37-4c95-9ffb-fecfd05fefa6@group-D5BAC4C13693-LeaderElection2] INFO  server.RaftServer$Division (ServerState.java:setLeader(313)) - aafd62d6-5d37-4c95-9ffb-fecfd05fefa6@group-D5BAC4C13693: change Leader from null to aafd62d6-5d37-4c95-9ffb-fecfd05fefa6 at term 1 for becomeLeader, leader elected after 5152ms
2022-11-03 05:23:17,112 [aafd62d6-5d37-4c95-9ffb-fecfd05fefa6@group-D5BAC4C13693-LeaderElection2] INFO  server.RaftServerConfigKeys (ConfUtils.java:logGet(46)) - raft.server.staging.catchup.gap = 1000 (default)
2022-11-03 05:23:17,112 [aafd62d6-5d37-4c95-9ffb-fecfd05fefa6@group-D5BAC4C13693-LeaderElection2] INFO  server.RaftServerConfigKeys (ConfUtils.java:logGet(46)) - raft.server.write.element-limit = 1024 (custom)
2022-11-03 05:23:17,112 [aafd62d6-5d37-4c95-9ffb-fecfd05fefa6@group-D5BAC4C13693-LeaderElection2] INFO  server.RaftServerConfigKeys (ConfUtils.java:logGet(46)) - raft.server.write.byte-limit = 1024 M (=1073741824) (custom)
2022-11-03 05:23:17,112 [aafd62d6-5d37-4c95-9ffb-fecfd05fefa6@group-D5BAC4C13693-LeaderElection2] INFO  server.RaftServerConfigKeys (ConfUtils.java:logGet(46)) - raft.server.watch.timeout = 180s (custom)
2022-11-03 05:23:17,112 [aafd62d6-5d37-4c95-9ffb-fecfd05fefa6@group-D5BAC4C13693-LeaderElection2] INFO  server.RaftServerConfigKeys (ConfUtils.java:logGet(46)) - raft.server.watch.timeout.denomination = 1s (default)
2022-11-03 05:23:17,112 [aafd62d6-5d37-4c95-9ffb-fecfd05fefa6@group-D5BAC4C13693-LeaderElection2] INFO  server.RaftServerConfigKeys (ConfUtils.java:logGet(46)) - raft.server.watch.element-limit = 65536 (default)
2022-11-03 05:23:17,112 [aafd62d6-5d37-4c95-9ffb-fecfd05fefa6@group-D5BAC4C13693-LeaderElection2] INFO  server.RaftServerConfigKeys (ConfUtils.java:logGet(46)) - raft.server.write.element-limit = 1024 (custom)
2022-11-03 05:23:17,112 [aafd62d6-5d37-4c95-9ffb-fecfd05fefa6@group-D5BAC4C13693-LeaderElection2] INFO  server.RaftServerConfigKeys (ConfUtils.java:logGet(46)) - raft.server.write.follower.gap.ratio.max = -1.0 (default)
2022-11-03 05:23:17,113 [aafd62d6-5d37-4c95-9ffb-fecfd05fefa6@group-D5BAC4C13693-LeaderElection2] INFO  impl.RoleInfo (RoleInfo.java:updateAndGet(139)) - aafd62d6-5d37-4c95-9ffb-fecfd05fefa6: start aafd62d6-5d37-4c95-9ffb-fecfd05fefa6@group-D5BAC4C13693-LeaderStateImpl
2022-11-03 05:23:17,113 [aafd62d6-5d37-4c95-9ffb-fecfd05fefa6@group-D5BAC4C13693-LeaderElection2] INFO  segmented.SegmentedRaftLogWorker (SegmentedRaftLogWorker.java:startLogSegment(452)) - aafd62d6-5d37-4c95-9ffb-fecfd05fefa6@group-D5BAC4C13693-SegmentedRaftLogWorker: Starting segment from index:0
2022-11-03 05:23:17,114 [EventQueue-OpenPipelineForHealthyPipelineSafeModeRule] INFO  safemode.SCMSafeModeManager (HealthyPipelineSafeModeRule.java:process(137)) - SCM in safe mode. Healthy pipelines reported count is 0, required healthy pipeline reported count is 1
2022-11-03 05:23:17,115 [aafd62d6-5d37-4c95-9ffb-fecfd05fefa6@group-D5BAC4C13693-SegmentedRaftLogWorker] INFO  segmented.SegmentedRaftLogWorker (SegmentedRaftLogWorker.java:execute(656)) - aafd62d6-5d37-4c95-9ffb-fecfd05fefa6@group-D5BAC4C13693-SegmentedRaftLogWorker: created new log segment /home/runner/work/ozone/ozone/hadoop-ozone/integration-test/target/test-dir/MiniOzoneClusterImpl-a947a097-fc53-45d1-b902-fe1272537128/datanode-0/data/ratis/f316a429-bfba-4572-a273-d5bac4c13693/current/log_inprogress_0
2022-11-03 05:23:17,117 [aafd62d6-5d37-4c95-9ffb-fecfd05fefa6@group-D5BAC4C13693-LeaderElection2] INFO  server.RaftServer$Division (ServerState.java:setRaftConf(430)) - aafd62d6-5d37-4c95-9ffb-fecfd05fefa6@group-D5BAC4C13693: set configuration 0: peers:[aafd62d6-5d37-4c95-9ffb-fecfd05fefa6|rpc:10.1.1.42:39817|dataStream:|priority:1|startupRole:FOLLOWER]|listeners:[], old=null
2022-11-03 05:23:17,176 [aafd62d6-5d37-4c95-9ffb-fecfd05fefa6@group-7510FC58D10D-FollowerState] INFO  impl.FollowerState (FollowerState.java:run(143)) - aafd62d6-5d37-4c95-9ffb-fecfd05fefa6@group-7510FC58D10D-FollowerState: change to CANDIDATE, lastRpcElapsedTime:5140775969ns, electionTimeout:5136ms
2022-11-03 05:23:17,177 [aafd62d6-5d37-4c95-9ffb-fecfd05fefa6@group-7510FC58D10D-FollowerState] INFO  impl.RoleInfo (RoleInfo.java:shutdownFollowerState(110)) - aafd62d6-5d37-4c95-9ffb-fecfd05fefa6: shutdown aafd62d6-5d37-4c95-9ffb-fecfd05fefa6@group-7510FC58D10D-FollowerState
2022-11-03 05:23:17,178 [aafd62d6-5d37-4c95-9ffb-fecfd05fefa6@group-7510FC58D10D-FollowerState] INFO  server.RaftServer$Division (RaftServerImpl.java:setRole(321)) - aafd62d6-5d37-4c95-9ffb-fecfd05fefa6@group-7510FC58D10D: changes role from  FOLLOWER to CANDIDATE at term 0 for changeToCandidate
2022-11-03 05:23:17,178 [aafd62d6-5d37-4c95-9ffb-fecfd05fefa6@group-7510FC58D10D-FollowerState] INFO  server.RaftServerConfigKeys (ConfUtils.java:logGet(46)) - raft.server.leaderelection.pre-vote = false (custom)
2022-11-03 05:23:17,178 [aafd62d6-5d37-4c95-9ffb-fecfd05fefa6@group-7510FC58D10D-FollowerState] INFO  impl.RoleInfo (RoleInfo.java:updateAndGet(139)) - aafd62d6-5d37-4c95-9ffb-fecfd05fefa6: start aafd62d6-5d37-4c95-9ffb-fecfd05fefa6@group-7510FC58D10D-LeaderElection3
2022-11-03 05:23:17,180 [aafd62d6-5d37-4c95-9ffb-fecfd05fefa6@group-7510FC58D10D-LeaderElection3] INFO  impl.LeaderElection (LeaderElection.java:askForVotes(312)) - aafd62d6-5d37-4c95-9ffb-fecfd05fefa6@group-7510FC58D10D-LeaderElection3 ELECTION round 0: submit vote requests at term 1 for -1: peers:[b788acd7-0bfa-48fd-ae0f-b822d5826f57|rpc:10.1.1.42:42793|priority:1|startupRole:FOLLOWER, aafd62d6-5d37-4c95-9ffb-fecfd05fefa6|rpc:10.1.1.42:39817|priority:0|startupRole:FOLLOWER, fca08327-10d6-4e50-9aa0-d18fc62323ab|rpc:10.1.1.42:46211|priority:0|startupRole:FOLLOWER]|listeners:[], old=null
2022-11-03 05:23:17,186 [aafd62d6-5d37-4c95-9ffb-fecfd05fefa6@group-7510FC58D10D-LeaderElection3-1] INFO  server.GrpcServerProtocolClient (GrpcServerProtocolClient.java:<init>(63)) - Build channel for b788acd7-0bfa-48fd-ae0f-b822d5826f57
2022-11-03 05:23:17,191 [aafd62d6-5d37-4c95-9ffb-fecfd05fefa6@group-7510FC58D10D-LeaderElection3] INFO  server.RaftServerConfigKeys (ConfUtils.java:logFallback(53)) - raft.server.rpc.first-election.timeout.min = 5s (fallback to raft.server.rpc.timeout.min)
2022-11-03 05:23:17,191 [aafd62d6-5d37-4c95-9ffb-fecfd05fefa6@group-7510FC58D10D-LeaderElection3] INFO  server.RaftServerConfigKeys (ConfUtils.java:logFallback(53)) - raft.server.rpc.first-election.timeout.max = 5200ms (fallback to raft.server.rpc.timeout.max)
2022-11-03 05:23:17,194 [aafd62d6-5d37-4c95-9ffb-fecfd05fefa6@group-7510FC58D10D-LeaderElection3-2] INFO  server.GrpcServerProtocolClient (GrpcServerProtocolClient.java:<init>(63)) - Build channel for fca08327-10d6-4e50-9aa0-d18fc62323ab
2022-11-03 05:23:17,204 [Listener at 127.0.0.1/40235] INFO  ozone.MiniOzoneClusterImpl (MiniOzoneClusterImpl.java:lambda$waitForClusterToBeReady$0(216)) - Nodes are ready. Got 10 of 10 DN Heartbeats.
2022-11-03 05:23:17,205 [Listener at 127.0.0.1/40235] INFO  ozone.MiniOzoneClusterImpl (MiniOzoneClusterImpl.java:lambda$waitForClusterToBeReady$0(219)) - Waiting for cluster to exit safe mode
2022-11-03 05:23:17,205 [Listener at 127.0.0.1/40235] INFO  ozone.MiniOzoneClusterImpl (MiniOzoneClusterImpl.java:lambda$waitForClusterToBeReady$0(221)) - SCM became leader
2022-11-03 05:23:17,211 [grpc-default-executor-0] INFO  server.RaftServer$Division (RaftServerImpl.java:requestVote(1218)) - b788acd7-0bfa-48fd-ae0f-b822d5826f57@group-7510FC58D10D: receive requestVote(ELECTION, aafd62d6-5d37-4c95-9ffb-fecfd05fefa6, group-7510FC58D10D, 1, (t:0, i:0))
2022-11-03 05:23:17,213 [grpc-default-executor-0] INFO  impl.VoteContext (VoteContext.java:log(48)) - b788acd7-0bfa-48fd-ae0f-b822d5826f57@group-7510FC58D10D-FOLLOWER: reject ELECTION from aafd62d6-5d37-4c95-9ffb-fecfd05fefa6: our priority 1 > candidate's priority 0
2022-11-03 05:23:17,213 [grpc-default-executor-0] INFO  server.RaftServer$Division (RaftServerImpl.java:setRole(321)) - b788acd7-0bfa-48fd-ae0f-b822d5826f57@group-7510FC58D10D: changes role from  FOLLOWER to FOLLOWER at term 1 for candidate:aafd62d6-5d37-4c95-9ffb-fecfd05fefa6
2022-11-03 05:23:17,214 [grpc-default-executor-0] INFO  impl.RoleInfo (RoleInfo.java:shutdownFollowerState(110)) - b788acd7-0bfa-48fd-ae0f-b822d5826f57: shutdown b788acd7-0bfa-48fd-ae0f-b822d5826f57@group-7510FC58D10D-FollowerState
2022-11-03 05:23:17,214 [b788acd7-0bfa-48fd-ae0f-b822d5826f57@group-7510FC58D10D-FollowerState] INFO  impl.FollowerState (FollowerState.java:run(152)) - b788acd7-0bfa-48fd-ae0f-b822d5826f57@group-7510FC58D10D-FollowerState was interrupted
2022-11-03 05:23:17,214 [grpc-default-executor-0] INFO  impl.RoleInfo (RoleInfo.java:updateAndGet(139)) - b788acd7-0bfa-48fd-ae0f-b822d5826f57: start b788acd7-0bfa-48fd-ae0f-b822d5826f57@group-7510FC58D10D-FollowerState
2022-11-03 05:23:17,215 [b788acd7-0bfa-48fd-ae0f-b822d5826f57@group-7510FC58D10D-FollowerState] INFO  server.RaftServerConfigKeys (ConfUtils.java:logFallback(53)) - raft.server.rpc.first-election.timeout.min = 5s (fallback to raft.server.rpc.timeout.min)
2022-11-03 05:23:17,215 [b788acd7-0bfa-48fd-ae0f-b822d5826f57@group-7510FC58D10D-FollowerState] INFO  server.RaftServerConfigKeys (ConfUtils.java:logFallback(53)) - raft.server.rpc.first-election.timeout.max = 5200ms (fallback to raft.server.rpc.timeout.max)
2022-11-03 05:23:17,218 [grpc-default-executor-0] INFO  server.RaftServer$Division (RaftServerImpl.java:requestVote(1251)) - b788acd7-0bfa-48fd-ae0f-b822d5826f57@group-7510FC58D10D replies to ELECTION vote request: aafd62d6-5d37-4c95-9ffb-fecfd05fefa6<-b788acd7-0bfa-48fd-ae0f-b822d5826f57#0:FAIL-t1. Peer's state: b788acd7-0bfa-48fd-ae0f-b822d5826f57@group-7510FC58D10D:t1, leader=null, voted=null, raftlog=Memoized:b788acd7-0bfa-48fd-ae0f-b822d5826f57@group-7510FC58D10D-SegmentedRaftLog:OPENED:c-1, conf=-1: peers:[b788acd7-0bfa-48fd-ae0f-b822d5826f57|rpc:10.1.1.42:42793|priority:1|startupRole:FOLLOWER, aafd62d6-5d37-4c95-9ffb-fecfd05fefa6|rpc:10.1.1.42:39817|priority:0|startupRole:FOLLOWER, fca08327-10d6-4e50-9aa0-d18fc62323ab|rpc:10.1.1.42:46211|priority:0|startupRole:FOLLOWER]|listeners:[], old=null
2022-11-03 05:23:17,224 [grpc-default-executor-1] INFO  server.RaftServer$Division (RaftServerImpl.java:requestVote(1218)) - fca08327-10d6-4e50-9aa0-d18fc62323ab@group-7510FC58D10D: receive requestVote(ELECTION, aafd62d6-5d37-4c95-9ffb-fecfd05fefa6, group-7510FC58D10D, 1, (t:0, i:0))
2022-11-03 05:23:17,226 [aafd62d6-5d37-4c95-9ffb-fecfd05fefa6@group-7510FC58D10D-LeaderElection3] INFO  impl.LeaderElection (LeaderElection.java:logAndReturn(90)) - aafd62d6-5d37-4c95-9ffb-fecfd05fefa6@group-7510FC58D10D-LeaderElection3: ELECTION REJECTED received 1 response(s) and 0 exception(s):
2022-11-03 05:23:17,226 [aafd62d6-5d37-4c95-9ffb-fecfd05fefa6@group-7510FC58D10D-LeaderElection3] INFO  impl.LeaderElection (LeaderElection.java:logAndReturn(94)) -   Response 0: aafd62d6-5d37-4c95-9ffb-fecfd05fefa6<-b788acd7-0bfa-48fd-ae0f-b822d5826f57#0:FAIL-t1
2022-11-03 05:23:17,226 [aafd62d6-5d37-4c95-9ffb-fecfd05fefa6@group-7510FC58D10D-LeaderElection3] INFO  impl.LeaderElection (LeaderElection.java:askForVotes(314)) - aafd62d6-5d37-4c95-9ffb-fecfd05fefa6@group-7510FC58D10D-LeaderElection3 ELECTION round 0: result REJECTED
2022-11-03 05:23:17,226 [aafd62d6-5d37-4c95-9ffb-fecfd05fefa6@group-7510FC58D10D-LeaderElection3] INFO  server.RaftServer$Division (RaftServerImpl.java:setRole(321)) - aafd62d6-5d37-4c95-9ffb-fecfd05fefa6@group-7510FC58D10D: changes role from CANDIDATE to FOLLOWER at term 1 for REJECTED
2022-11-03 05:23:17,226 [aafd62d6-5d37-4c95-9ffb-fecfd05fefa6@group-7510FC58D10D-LeaderElection3] INFO  impl.RoleInfo (RoleInfo.java:shutdownLeaderElection(130)) - aafd62d6-5d37-4c95-9ffb-fecfd05fefa6: shutdown aafd62d6-5d37-4c95-9ffb-fecfd05fefa6@group-7510FC58D10D-LeaderElection3
2022-11-03 05:23:17,226 [aafd62d6-5d37-4c95-9ffb-fecfd05fefa6@group-7510FC58D10D-LeaderElection3] INFO  impl.RoleInfo (RoleInfo.java:updateAndGet(139)) - aafd62d6-5d37-4c95-9ffb-fecfd05fefa6: start aafd62d6-5d37-4c95-9ffb-fecfd05fefa6@group-7510FC58D10D-FollowerState
2022-11-03 05:23:17,224 [grpc-default-executor-1] INFO  impl.VoteContext (VoteContext.java:log(48)) - fca08327-10d6-4e50-9aa0-d18fc62323ab@group-7510FC58D10D-FOLLOWER: accept ELECTION from aafd62d6-5d37-4c95-9ffb-fecfd05fefa6: our priority 0 <= candidate's priority 0
2022-11-03 05:23:17,226 [grpc-default-executor-1] INFO  server.RaftServer$Division (RaftServerImpl.java:setRole(321)) - fca08327-10d6-4e50-9aa0-d18fc62323ab@group-7510FC58D10D: changes role from  FOLLOWER to FOLLOWER at term 1 for candidate:aafd62d6-5d37-4c95-9ffb-fecfd05fefa6
2022-11-03 05:23:17,226 [grpc-default-executor-1] INFO  impl.RoleInfo (RoleInfo.java:shutdownFollowerState(110)) - fca08327-10d6-4e50-9aa0-d18fc62323ab: shutdown fca08327-10d6-4e50-9aa0-d18fc62323ab@group-7510FC58D10D-FollowerState
2022-11-03 05:23:17,227 [fca08327-10d6-4e50-9aa0-d18fc62323ab@group-7510FC58D10D-FollowerState] INFO  impl.FollowerState (FollowerState.java:run(152)) - fca08327-10d6-4e50-9aa0-d18fc62323ab@group-7510FC58D10D-FollowerState was interrupted
2022-11-03 05:23:17,228 [grpc-default-executor-1] INFO  impl.RoleInfo (RoleInfo.java:updateAndGet(139)) - fca08327-10d6-4e50-9aa0-d18fc62323ab: start fca08327-10d6-4e50-9aa0-d18fc62323ab@group-7510FC58D10D-FollowerState
2022-11-03 05:23:17,229 [aafd62d6-5d37-4c95-9ffb-fecfd05fefa6@group-7510FC58D10D-FollowerState] INFO  server.RaftServerConfigKeys (ConfUtils.java:logFallback(53)) - raft.server.rpc.first-election.timeout.min = 5s (fallback to raft.server.rpc.timeout.min)
2022-11-03 05:23:17,229 [aafd62d6-5d37-4c95-9ffb-fecfd05fefa6@group-7510FC58D10D-FollowerState] INFO  server.RaftServerConfigKeys (ConfUtils.java:logFallback(53)) - raft.server.rpc.first-election.timeout.max = 5200ms (fallback to raft.server.rpc.timeout.max)
2022-11-03 05:23:17,229 [fca08327-10d6-4e50-9aa0-d18fc62323ab@group-7510FC58D10D-FollowerState] INFO  server.RaftServerConfigKeys (ConfUtils.java:logFallback(53)) - raft.server.rpc.first-election.timeout.min = 5s (fallback to raft.server.rpc.timeout.min)
2022-11-03 05:23:17,229 [fca08327-10d6-4e50-9aa0-d18fc62323ab@group-7510FC58D10D-FollowerState] INFO  server.RaftServerConfigKeys (ConfUtils.java:logFallback(53)) - raft.server.rpc.first-election.timeout.max = 5200ms (fallback to raft.server.rpc.timeout.max)
2022-11-03 05:23:17,231 [grpc-default-executor-1] INFO  server.RaftServer$Division (RaftServerImpl.java:requestVote(1251)) - fca08327-10d6-4e50-9aa0-d18fc62323ab@group-7510FC58D10D replies to ELECTION vote request: aafd62d6-5d37-4c95-9ffb-fecfd05fefa6<-fca08327-10d6-4e50-9aa0-d18fc62323ab#0:OK-t1. Peer's state: fca08327-10d6-4e50-9aa0-d18fc62323ab@group-7510FC58D10D:t1, leader=null, voted=aafd62d6-5d37-4c95-9ffb-fecfd05fefa6, raftlog=Memoized:fca08327-10d6-4e50-9aa0-d18fc62323ab@group-7510FC58D10D-SegmentedRaftLog:OPENED:c-1, conf=-1: peers:[b788acd7-0bfa-48fd-ae0f-b822d5826f57|rpc:10.1.1.42:42793|dataStream:|priority:1|startupRole:FOLLOWER, aafd62d6-5d37-4c95-9ffb-fecfd05fefa6|rpc:10.1.1.42:39817|dataStream:|priority:0|startupRole:FOLLOWER, fca08327-10d6-4e50-9aa0-d18fc62323ab|rpc:10.1.1.42:46211|dataStream:|priority:0|startupRole:FOLLOWER]|listeners:[], old=null
2022-11-03 05:23:17,486 [b788acd7-0bfa-48fd-ae0f-b822d5826f57@group-A7750C3F147E-FollowerState] INFO  impl.FollowerState (FollowerState.java:run(143)) - b788acd7-0bfa-48fd-ae0f-b822d5826f57@group-A7750C3F147E-FollowerState: change to CANDIDATE, lastRpcElapsedTime:5041337938ns, electionTimeout:5039ms
2022-11-03 05:23:17,486 [b788acd7-0bfa-48fd-ae0f-b822d5826f57@group-A7750C3F147E-FollowerState] INFO  impl.RoleInfo (RoleInfo.java:shutdownFollowerState(110)) - b788acd7-0bfa-48fd-ae0f-b822d5826f57: shutdown b788acd7-0bfa-48fd-ae0f-b822d5826f57@group-A7750C3F147E-FollowerState
2022-11-03 05:23:17,486 [b788acd7-0bfa-48fd-ae0f-b822d5826f57@group-A7750C3F147E-FollowerState] INFO  server.RaftServer$Division (RaftServerImpl.java:setRole(321)) - b788acd7-0bfa-48fd-ae0f-b822d5826f57@group-A7750C3F147E: changes role from  FOLLOWER to CANDIDATE at term 0 for changeToCandidate
2022-11-03 05:23:17,487 [b788acd7-0bfa-48fd-ae0f-b822d5826f57@group-A7750C3F147E-FollowerState] INFO  server.RaftServerConfigKeys (ConfUtils.java:logGet(46)) - raft.server.leaderelection.pre-vote = false (custom)
2022-11-03 05:23:17,487 [b788acd7-0bfa-48fd-ae0f-b822d5826f57@group-A7750C3F147E-FollowerState] INFO  impl.RoleInfo (RoleInfo.java:updateAndGet(139)) - b788acd7-0bfa-48fd-ae0f-b822d5826f57: start b788acd7-0bfa-48fd-ae0f-b822d5826f57@group-A7750C3F147E-LeaderElection4
2022-11-03 05:23:17,495 [b788acd7-0bfa-48fd-ae0f-b822d5826f57@group-A7750C3F147E-LeaderElection4] INFO  impl.LeaderElection (LeaderElection.java:askForVotes(312)) - b788acd7-0bfa-48fd-ae0f-b822d5826f57@group-A7750C3F147E-LeaderElection4 ELECTION round 0: submit vote requests at term 1 for -1: peers:[b788acd7-0bfa-48fd-ae0f-b822d5826f57|rpc:10.1.1.42:42793|priority:1|startupRole:FOLLOWER]|listeners:[], old=null
2022-11-03 05:23:17,495 [b788acd7-0bfa-48fd-ae0f-b822d5826f57@group-A7750C3F147E-LeaderElection4] INFO  impl.LeaderElection (LeaderElection.java:askForVotes(314)) - b788acd7-0bfa-48fd-ae0f-b822d5826f57@group-A7750C3F147E-LeaderElection4 ELECTION round 0: result PASSED (term=1)
2022-11-03 05:23:17,495 [b788acd7-0bfa-48fd-ae0f-b822d5826f57@group-A7750C3F147E-LeaderElection4] INFO  impl.RoleInfo (RoleInfo.java:shutdownLeaderElection(130)) - b788acd7-0bfa-48fd-ae0f-b822d5826f57: shutdown b788acd7-0bfa-48fd-ae0f-b822d5826f57@group-A7750C3F147E-LeaderElection4
2022-11-03 05:23:17,495 [b788acd7-0bfa-48fd-ae0f-b822d5826f57@group-A7750C3F147E-LeaderElection4] INFO  server.RaftServer$Division (RaftServerImpl.java:setRole(321)) - b788acd7-0bfa-48fd-ae0f-b822d5826f57@group-A7750C3F147E: changes role from CANDIDATE to LEADER at term 1 for changeToLeader
2022-11-03 05:23:17,495 [b788acd7-0bfa-48fd-ae0f-b822d5826f57@group-A7750C3F147E-LeaderElection4] INFO  ratis.XceiverServerRatis (XceiverServerRatis.java:handleLeaderChangedNotification(863)) - Leader change notification received for group: group-A7750C3F147E with new leaderId: b788acd7-0bfa-48fd-ae0f-b822d5826f57
2022-11-03 05:23:17,496 [b788acd7-0bfa-48fd-ae0f-b822d5826f57@group-A7750C3F147E-LeaderElection4] INFO  server.RaftServer$Division (ServerState.java:setLeader(313)) - b788acd7-0bfa-48fd-ae0f-b822d5826f57@group-A7750C3F147E: change Leader from null to b788acd7-0bfa-48fd-ae0f-b822d5826f57 at term 1 for becomeLeader, leader elected after 5096ms
2022-11-03 05:23:17,496 [b788acd7-0bfa-48fd-ae0f-b822d5826f57@group-A7750C3F147E-LeaderElection4] INFO  server.RaftServerConfigKeys (ConfUtils.java:logGet(46)) - raft.server.staging.catchup.gap = 1000 (default)
2022-11-03 05:23:17,496 [b788acd7-0bfa-48fd-ae0f-b822d5826f57@group-A7750C3F147E-LeaderElection4] INFO  server.RaftServerConfigKeys (ConfUtils.java:logGet(46)) - raft.server.write.element-limit = 1024 (custom)
2022-11-03 05:23:17,496 [b788acd7-0bfa-48fd-ae0f-b822d5826f57@group-A7750C3F147E-LeaderElection4] INFO  server.RaftServerConfigKeys (ConfUtils.java:logGet(46)) - raft.server.write.byte-limit = 1024 M (=1073741824) (custom)
2022-11-03 05:23:17,496 [b788acd7-0bfa-48fd-ae0f-b822d5826f57@group-A7750C3F147E-LeaderElection4] INFO  server.RaftServerConfigKeys (ConfUtils.java:logGet(46)) - raft.server.watch.timeout = 180s (custom)
2022-11-03 05:23:17,496 [b788acd7-0bfa-48fd-ae0f-b822d5826f57@group-A7750C3F147E-LeaderElection4] INFO  server.RaftServerConfigKeys (ConfUtils.java:logGet(46)) - raft.server.watch.timeout.denomination = 1s (default)
2022-11-03 05:23:17,496 [b788acd7-0bfa-48fd-ae0f-b822d5826f57@group-A7750C3F147E-LeaderElection4] INFO  server.RaftServerConfigKeys (ConfUtils.java:logGet(46)) - raft.server.watch.element-limit = 65536 (default)
2022-11-03 05:23:17,497 [EventQueue-OpenPipelineForHealthyPipelineSafeModeRule] INFO  safemode.SCMSafeModeManager (HealthyPipelineSafeModeRule.java:process(137)) - SCM in safe mode. Healthy pipelines reported count is 0, required healthy pipeline reported count is 1
2022-11-03 05:23:17,497 [b788acd7-0bfa-48fd-ae0f-b822d5826f57@group-A7750C3F147E-LeaderElection4] INFO  server.RaftServerConfigKeys (ConfUtils.java:logGet(46)) - raft.server.write.element-limit = 1024 (custom)
2022-11-03 05:23:17,497 [b788acd7-0bfa-48fd-ae0f-b822d5826f57@group-A7750C3F147E-LeaderElection4] INFO  server.RaftServerConfigKeys (ConfUtils.java:logGet(46)) - raft.server.write.follower.gap.ratio.max = -1.0 (default)
2022-11-03 05:23:17,497 [b788acd7-0bfa-48fd-ae0f-b822d5826f57@group-A7750C3F147E-LeaderElection4] INFO  impl.RoleInfo (RoleInfo.java:updateAndGet(139)) - b788acd7-0bfa-48fd-ae0f-b822d5826f57: start b788acd7-0bfa-48fd-ae0f-b822d5826f57@group-A7750C3F147E-LeaderStateImpl
2022-11-03 05:23:17,498 [b788acd7-0bfa-48fd-ae0f-b822d5826f57@group-A7750C3F147E-LeaderElection4] INFO  segmented.SegmentedRaftLogWorker (SegmentedRaftLogWorker.java:startLogSegment(452)) - b788acd7-0bfa-48fd-ae0f-b822d5826f57@group-A7750C3F147E-SegmentedRaftLogWorker: Starting segment from index:0
2022-11-03 05:23:17,500 [b788acd7-0bfa-48fd-ae0f-b822d5826f57@group-A7750C3F147E-LeaderElection4] INFO  server.RaftServer$Division (ServerState.java:setRaftConf(430)) - b788acd7-0bfa-48fd-ae0f-b822d5826f57@group-A7750C3F147E: set configuration 0: peers:[b788acd7-0bfa-48fd-ae0f-b822d5826f57|rpc:10.1.1.42:42793|dataStream:|priority:1|startupRole:FOLLOWER]|listeners:[], old=null
2022-11-03 05:23:17,501 [b788acd7-0bfa-48fd-ae0f-b822d5826f57@group-A7750C3F147E-SegmentedRaftLogWorker] INFO  segmented.SegmentedRaftLogWorker (SegmentedRaftLogWorker.java:execute(656)) - b788acd7-0bfa-48fd-ae0f-b822d5826f57@group-A7750C3F147E-SegmentedRaftLogWorker: created new log segment /home/runner/work/ozone/ozone/hadoop-ozone/integration-test/target/test-dir/MiniOzoneClusterImpl-a947a097-fc53-45d1-b902-fe1272537128/datanode-1/data/ratis/a7b85de8-9df4-49b4-95d9-a7750c3f147e/current/log_inprogress_0
2022-11-03 05:23:17,804 [aafd62d6-5d37-4c95-9ffb-fecfd05fefa6@group-DD4C95DED537-FollowerState] INFO  impl.FollowerState (FollowerState.java:run(143)) - aafd62d6-5d37-4c95-9ffb-fecfd05fefa6@group-DD4C95DED537-FollowerState: change to CANDIDATE, lastRpcElapsedTime:5118336777ns, electionTimeout:5115ms
2022-11-03 05:23:17,804 [aafd62d6-5d37-4c95-9ffb-fecfd05fefa6@group-DD4C95DED537-FollowerState] INFO  impl.RoleInfo (RoleInfo.java:shutdownFollowerState(110)) - aafd62d6-5d37-4c95-9ffb-fecfd05fefa6: shutdown aafd62d6-5d37-4c95-9ffb-fecfd05fefa6@group-DD4C95DED537-FollowerState
2022-11-03 05:23:17,804 [aafd62d6-5d37-4c95-9ffb-fecfd05fefa6@group-DD4C95DED537-FollowerState] INFO  server.RaftServer$Division (RaftServerImpl.java:setRole(321)) - aafd62d6-5d37-4c95-9ffb-fecfd05fefa6@group-DD4C95DED537: changes role from  FOLLOWER to CANDIDATE at term 0 for changeToCandidate
2022-11-03 05:23:17,807 [aafd62d6-5d37-4c95-9ffb-fecfd05fefa6@group-DD4C95DED537-FollowerState] INFO  server.RaftServerConfigKeys (ConfUtils.java:logGet(46)) - raft.server.leaderelection.pre-vote = false (custom)
2022-11-03 05:23:17,807 [aafd62d6-5d37-4c95-9ffb-fecfd05fefa6@group-DD4C95DED537-FollowerState] INFO  impl.RoleInfo (RoleInfo.java:updateAndGet(139)) - aafd62d6-5d37-4c95-9ffb-fecfd05fefa6: start aafd62d6-5d37-4c95-9ffb-fecfd05fefa6@group-DD4C95DED537-LeaderElection5
2022-11-03 05:23:17,809 [aafd62d6-5d37-4c95-9ffb-fecfd05fefa6@group-DD4C95DED537-LeaderElection5] INFO  impl.LeaderElection (LeaderElection.java:askForVotes(312)) - aafd62d6-5d37-4c95-9ffb-fecfd05fefa6@group-DD4C95DED537-LeaderElection5 ELECTION round 0: submit vote requests at term 1 for -1: peers:[b788acd7-0bfa-48fd-ae0f-b822d5826f57|rpc:10.1.1.42:42793|priority:0|startupRole:FOLLOWER, aafd62d6-5d37-4c95-9ffb-fecfd05fefa6|rpc:10.1.1.42:39817|priority:1|startupRole:FOLLOWER, fca08327-10d6-4e50-9aa0-d18fc62323ab|rpc:10.1.1.42:46211|priority:0|startupRole:FOLLOWER]|listeners:[], old=null
2022-11-03 05:23:17,812 [aafd62d6-5d37-4c95-9ffb-fecfd05fefa6@group-DD4C95DED537-LeaderElection5] INFO  server.RaftServerConfigKeys (ConfUtils.java:logFallback(53)) - raft.server.rpc.first-election.timeout.min = 5s (fallback to raft.server.rpc.timeout.min)
2022-11-03 05:23:17,812 [aafd62d6-5d37-4c95-9ffb-fecfd05fefa6@group-DD4C95DED537-LeaderElection5] INFO  server.RaftServerConfigKeys (ConfUtils.java:logFallback(53)) - raft.server.rpc.first-election.timeout.max = 5200ms (fallback to raft.server.rpc.timeout.max)
2022-11-03 05:23:17,813 [grpc-default-executor-1] INFO  server.RaftServer$Division (RaftServerImpl.java:requestVote(1218)) - b788acd7-0bfa-48fd-ae0f-b822d5826f57@group-DD4C95DED537: receive requestVote(ELECTION, aafd62d6-5d37-4c95-9ffb-fecfd05fefa6, group-DD4C95DED537, 1, (t:0, i:0))
2022-11-03 05:23:17,813 [grpc-default-executor-1] INFO  impl.VoteContext (VoteContext.java:log(48)) - b788acd7-0bfa-48fd-ae0f-b822d5826f57@group-DD4C95DED537-FOLLOWER: accept ELECTION from aafd62d6-5d37-4c95-9ffb-fecfd05fefa6: our priority 0 <= candidate's priority 1
2022-11-03 05:23:17,813 [grpc-default-executor-1] INFO  server.RaftServer$Division (RaftServerImpl.java:setRole(321)) - b788acd7-0bfa-48fd-ae0f-b822d5826f57@group-DD4C95DED537: changes role from  FOLLOWER to FOLLOWER at term 1 for candidate:aafd62d6-5d37-4c95-9ffb-fecfd05fefa6
2022-11-03 05:23:17,814 [grpc-default-executor-1] INFO  impl.RoleInfo (RoleInfo.java:shutdownFollowerState(110)) - b788acd7-0bfa-48fd-ae0f-b822d5826f57: shutdown b788acd7-0bfa-48fd-ae0f-b822d5826f57@group-DD4C95DED537-FollowerState
2022-11-03 05:23:17,814 [grpc-default-executor-1] INFO  impl.RoleInfo (RoleInfo.java:updateAndGet(139)) - b788acd7-0bfa-48fd-ae0f-b822d5826f57: start b788acd7-0bfa-48fd-ae0f-b822d5826f57@group-DD4C95DED537-FollowerState
2022-11-03 05:23:17,814 [b788acd7-0bfa-48fd-ae0f-b822d5826f57@group-DD4C95DED537-FollowerState] INFO  impl.FollowerState (FollowerState.java:run(152)) - b788acd7-0bfa-48fd-ae0f-b822d5826f57@group-DD4C95DED537-FollowerState was interrupted
2022-11-03 05:23:17,816 [grpc-default-executor-1] INFO  server.RaftServer$Division (RaftServerImpl.java:requestVote(1251)) - b788acd7-0bfa-48fd-ae0f-b822d5826f57@group-DD4C95DED537 replies to ELECTION vote request: aafd62d6-5d37-4c95-9ffb-fecfd05fefa6<-b788acd7-0bfa-48fd-ae0f-b822d5826f57#0:OK-t1. Peer's state: b788acd7-0bfa-48fd-ae0f-b822d5826f57@group-DD4C95DED537:t1, leader=null, voted=aafd62d6-5d37-4c95-9ffb-fecfd05fefa6, raftlog=Memoized:b788acd7-0bfa-48fd-ae0f-b822d5826f57@group-DD4C95DED537-SegmentedRaftLog:OPENED:c-1, conf=-1: peers:[b788acd7-0bfa-48fd-ae0f-b822d5826f57|rpc:10.1.1.42:42793|priority:0|startupRole:FOLLOWER, aafd62d6-5d37-4c95-9ffb-fecfd05fefa6|rpc:10.1.1.42:39817|priority:1|startupRole:FOLLOWER, fca08327-10d6-4e50-9aa0-d18fc62323ab|rpc:10.1.1.42:46211|priority:0|startupRole:FOLLOWER]|listeners:[], old=null
2022-11-03 05:23:17,818 [aafd62d6-5d37-4c95-9ffb-fecfd05fefa6@group-DD4C95DED537-LeaderElection5] INFO  impl.LeaderElection (LeaderElection.java:logAndReturn(90)) - aafd62d6-5d37-4c95-9ffb-fecfd05fefa6@group-DD4C95DED537-LeaderElection5: ELECTION PASSED received 1 response(s) and 0 exception(s):
2022-11-03 05:23:17,818 [aafd62d6-5d37-4c95-9ffb-fecfd05fefa6@group-DD4C95DED537-LeaderElection5] INFO  impl.LeaderElection (LeaderElection.java:logAndReturn(94)) -   Response 0: aafd62d6-5d37-4c95-9ffb-fecfd05fefa6<-b788acd7-0bfa-48fd-ae0f-b822d5826f57#0:OK-t1
2022-11-03 05:23:17,818 [aafd62d6-5d37-4c95-9ffb-fecfd05fefa6@group-DD4C95DED537-LeaderElection5] INFO  impl.LeaderElection (LeaderElection.java:askForVotes(314)) - aafd62d6-5d37-4c95-9ffb-fecfd05fefa6@group-DD4C95DED537-LeaderElection5 ELECTION round 0: result PASSED
2022-11-03 05:23:17,818 [aafd62d6-5d37-4c95-9ffb-fecfd05fefa6@group-DD4C95DED537-LeaderElection5] INFO  impl.RoleInfo (RoleInfo.java:shutdownLeaderElection(130)) - aafd62d6-5d37-4c95-9ffb-fecfd05fefa6: shutdown aafd62d6-5d37-4c95-9ffb-fecfd05fefa6@group-DD4C95DED537-LeaderElection5
2022-11-03 05:23:17,818 [aafd62d6-5d37-4c95-9ffb-fecfd05fefa6@group-DD4C95DED537-LeaderElection5] INFO  server.RaftServer$Division (RaftServerImpl.java:setRole(321)) - aafd62d6-5d37-4c95-9ffb-fecfd05fefa6@group-DD4C95DED537: changes role from CANDIDATE to LEADER at term 1 for changeToLeader
2022-11-03 05:23:17,818 [aafd62d6-5d37-4c95-9ffb-fecfd05fefa6@group-DD4C95DED537-LeaderElection5] INFO  ratis.XceiverServerRatis (XceiverServerRatis.java:handleLeaderChangedNotification(863)) - Leader change notification received for group: group-DD4C95DED537 with new leaderId: aafd62d6-5d37-4c95-9ffb-fecfd05fefa6
2022-11-03 05:23:17,818 [aafd62d6-5d37-4c95-9ffb-fecfd05fefa6@group-DD4C95DED537-LeaderElection5] INFO  server.RaftServer$Division (ServerState.java:setLeader(313)) - aafd62d6-5d37-4c95-9ffb-fecfd05fefa6@group-DD4C95DED537: change Leader from null to aafd62d6-5d37-4c95-9ffb-fecfd05fefa6 at term 1 for becomeLeader, leader elected after 5149ms
2022-11-03 05:23:17,818 [aafd62d6-5d37-4c95-9ffb-fecfd05fefa6@group-DD4C95DED537-LeaderElection5] INFO  server.RaftServerConfigKeys (ConfUtils.java:logGet(46)) - raft.server.staging.catchup.gap = 1000 (default)
2022-11-03 05:23:17,818 [aafd62d6-5d37-4c95-9ffb-fecfd05fefa6@group-DD4C95DED537-LeaderElection5] INFO  server.RaftServerConfigKeys (ConfUtils.java:logGet(46)) - raft.server.write.element-limit = 1024 (custom)
2022-11-03 05:23:17,818 [aafd62d6-5d37-4c95-9ffb-fecfd05fefa6@group-DD4C95DED537-LeaderElection5] INFO  server.RaftServerConfigKeys (ConfUtils.java:logGet(46)) - raft.server.write.byte-limit = 1024 M (=1073741824) (custom)
2022-11-03 05:23:17,819 [aafd62d6-5d37-4c95-9ffb-fecfd05fefa6@group-DD4C95DED537-LeaderElection5] INFO  server.RaftServerConfigKeys (ConfUtils.java:logGet(46)) - raft.server.watch.timeout = 180s (custom)
2022-11-03 05:23:17,819 [aafd62d6-5d37-4c95-9ffb-fecfd05fefa6@group-DD4C95DED537-LeaderElection5] INFO  server.RaftServerConfigKeys (ConfUtils.java:logGet(46)) - raft.server.watch.timeout.denomination = 1s (default)
2022-11-03 05:23:17,819 [aafd62d6-5d37-4c95-9ffb-fecfd05fefa6@group-DD4C95DED537-LeaderElection5] INFO  server.RaftServerConfigKeys (ConfUtils.java:logGet(46)) - raft.server.watch.element-limit = 65536 (default)
2022-11-03 05:23:17,819 [aafd62d6-5d37-4c95-9ffb-fecfd05fefa6@group-DD4C95DED537-LeaderElection5] INFO  server.RaftServerConfigKeys (ConfUtils.java:logGet(46)) - raft.server.write.element-limit = 1024 (custom)
2022-11-03 05:23:17,819 [aafd62d6-5d37-4c95-9ffb-fecfd05fefa6@group-DD4C95DED537-LeaderElection5] INFO  server.RaftServerConfigKeys (ConfUtils.java:logGet(46)) - raft.server.write.follower.gap.ratio.max = -1.0 (default)
2022-11-03 05:23:17,821 [EventQueue-PipelineReportForPipelineReportHandler] INFO  pipeline.PipelineManagerImpl (PipelineManagerImpl.java:openPipeline(367)) - Pipeline Pipeline[ Id: 576f1efd-9238-484f-8802-dd4c95ded537, Nodes: aafd62d6-5d37-4c95-9ffb-fecfd05fefa6{ip: 10.1.1.42, host: fv-az119-847.ca0t41jjrjaujd4nublazzptxb.cx.internal.cloudapp.net, ports: [REPLICATION=45413, RATIS=39817, RATIS_ADMIN=39817, RATIS_SERVER=39817, STANDALONE=42255], networkLocation: /default-rack, certSerialId: null, persistedOpState: IN_SERVICE, persistedOpStateExpiryEpochSec: 0}fca08327-10d6-4e50-9aa0-d18fc62323ab{ip: 10.1.1.42, host: fv-az119-847.ca0t41jjrjaujd4nublazzptxb.cx.internal.cloudapp.net, ports: [REPLICATION=38181, RATIS=46211, RATIS_ADMIN=46211, RATIS_SERVER=46211, STANDALONE=40939], networkLocation: /default-rack, certSerialId: null, persistedOpState: IN_SERVICE, persistedOpStateExpiryEpochSec: 0}b788acd7-0bfa-48fd-ae0f-b822d5826f57{ip: 10.1.1.42, host: fv-az119-847.ca0t41jjrjaujd4nublazzptxb.cx.internal.cloudapp.net, ports: [REPLICATION=37571, RATIS=42793, RATIS_ADMIN=42793, RATIS_SERVER=42793, STANDALONE=43375], networkLocation: /default-rack, certSerialId: null, persistedOpState: IN_SERVICE, persistedOpStateExpiryEpochSec: 0}, ReplicationConfig: RATIS/THREE, State:ALLOCATED, leaderId:aafd62d6-5d37-4c95-9ffb-fecfd05fefa6, CreationTimestamp2022-11-03T05:23:09.769Z[Etc/UTC]] moved to OPEN state
2022-11-03 05:23:17,822 [EventQueue-OpenPipelineForHealthyPipelineSafeModeRule] INFO  safemode.SCMSafeModeManager (HealthyPipelineSafeModeRule.java:process(137)) - SCM in safe mode. Healthy pipelines reported count is 1, required healthy pipeline reported count is 1
2022-11-03 05:23:17,822 [EventQueue-OpenPipelineForHealthyPipelineSafeModeRule] INFO  safemode.SCMSafeModeManager (SCMSafeModeManager.java:validateSafeModeExitRules(204)) - HealthyPipelineSafeModeRule rule is successfully validated
2022-11-03 05:23:17,822 [EventQueue-OpenPipelineForHealthyPipelineSafeModeRule] INFO  safemode.SCMSafeModeManager (SCMSafeModeManager.java:validateSafeModeExitRules(219)) - ScmSafeModeManager, all rules are successfully validated
2022-11-03 05:23:17,822 [EventQueue-OpenPipelineForHealthyPipelineSafeModeRule] INFO  safemode.SCMSafeModeManager (SCMSafeModeManager.java:exitSafeMode(248)) - SCM exiting safe mode.
2022-11-03 05:23:17,822 [EventQueue-OpenPipelineForHealthyPipelineSafeModeRule] WARN  events.EventQueue (EventQueue.java:fireEvent(216)) - No event handler registered for event TypedEvent{payloadType=SafeModeStatus, name='Safe mode status'}
2022-11-03 05:23:17,822 [EventQueue-OpenPipelineForHealthyPipelineSafeModeRule] INFO  ha.SCMContext (SCMContext.java:updateSafeModeStatus(228)) - Update SafeModeStatus from SafeModeStatus{safeModeStatus=true, preCheckPassed=true} to SafeModeStatus{safeModeStatus=false, preCheckPassed=true}.
2022-11-03 05:23:17,822 [EventQueue-OpenPipelineForHealthyPipelineSafeModeRule] INFO  pipeline.BackgroundPipelineCreator (BackgroundPipelineCreator.java:notifyStatusChanged(254)) - Service BackgroundPipelineCreator transitions to RUNNING.
2022-11-03 05:23:17,822 [EventQueue-OpenPipelineForHealthyPipelineSafeModeRule] INFO  BackgroundPipelineScrubber (BackgroundSCMService.java:notifyStatusChanged(82)) - Service BackgroundPipelineScrubber transitions to RUNNING.
2022-11-03 05:23:17,822 [EventQueue-OpenPipelineForHealthyPipelineSafeModeRule] INFO  ExpiredContainerReplicaOpScrubber (BackgroundSCMService.java:notifyStatusChanged(82)) - Service ExpiredContainerReplicaOpScrubber transitions to RUNNING.
2022-11-03 05:23:17,822 [EventQueue-OpenPipelineForHealthyPipelineSafeModeRule] INFO  replication.ReplicationManager (ReplicationManager.java:notifyStatusChanged(798)) - Service ReplicationManager transitions to RUNNING.
2022-11-03 05:23:17,828 [EventQueue-OpenPipelineForHealthyPipelineSafeModeRule] WARN  balancer.ContainerBalancer (ContainerBalancer.java:shouldRun(131)) - Could not find persisted configuration for ContainerBalancer when checking if ContainerBalancer should run. ContainerBalancer should not run now.
2022-11-03 05:23:17,828 [grpc-default-executor-1] INFO  server.RaftServer$Division (RaftServerImpl.java:requestVote(1218)) - fca08327-10d6-4e50-9aa0-d18fc62323ab@group-DD4C95DED537: receive requestVote(ELECTION, aafd62d6-5d37-4c95-9ffb-fecfd05fefa6, group-DD4C95DED537, 1, (t:0, i:0))
2022-11-03 05:23:17,828 [grpc-default-executor-1] INFO  impl.VoteContext (VoteContext.java:log(48)) - fca08327-10d6-4e50-9aa0-d18fc62323ab@group-DD4C95DED537-FOLLOWER: accept ELECTION from aafd62d6-5d37-4c95-9ffb-fecfd05fefa6: our priority 0 <= candidate's priority 1
2022-11-03 05:23:17,829 [grpc-default-executor-1] INFO  server.RaftServer$Division (RaftServerImpl.java:setRole(321)) - fca08327-10d6-4e50-9aa0-d18fc62323ab@group-DD4C95DED537: changes role from  FOLLOWER to FOLLOWER at term 1 for candidate:aafd62d6-5d37-4c95-9ffb-fecfd05fefa6
2022-11-03 05:23:17,829 [grpc-default-executor-1] INFO  impl.RoleInfo (RoleInfo.java:shutdownFollowerState(110)) - fca08327-10d6-4e50-9aa0-d18fc62323ab: shutdown fca08327-10d6-4e50-9aa0-d18fc62323ab@group-DD4C95DED537-FollowerState
2022-11-03 05:23:17,829 [grpc-default-executor-1] INFO  impl.RoleInfo (RoleInfo.java:updateAndGet(139)) - fca08327-10d6-4e50-9aa0-d18fc62323ab: start fca08327-10d6-4e50-9aa0-d18fc62323ab@group-DD4C95DED537-FollowerState
2022-11-03 05:23:17,829 [fca08327-10d6-4e50-9aa0-d18fc62323ab@group-DD4C95DED537-FollowerState] INFO  impl.FollowerState (FollowerState.java:run(152)) - fca08327-10d6-4e50-9aa0-d18fc62323ab@group-DD4C95DED537-FollowerState was interrupted
2022-11-03 05:23:17,836 [b788acd7-0bfa-48fd-ae0f-b822d5826f57@group-DD4C95DED537-FollowerState] INFO  server.RaftServerConfigKeys (ConfUtils.java:logFallback(53)) - raft.server.rpc.first-election.timeout.min = 5s (fallback to raft.server.rpc.timeout.min)
2022-11-03 05:23:17,836 [b788acd7-0bfa-48fd-ae0f-b822d5826f57@group-DD4C95DED537-FollowerState] INFO  server.RaftServerConfigKeys (ConfUtils.java:logFallback(53)) - raft.server.rpc.first-election.timeout.max = 5200ms (fallback to raft.server.rpc.timeout.max)
2022-11-03 05:23:17,845 [fca08327-10d6-4e50-9aa0-d18fc62323ab@group-DD4C95DED537-FollowerState] INFO  server.RaftServerConfigKeys (ConfUtils.java:logFallback(53)) - raft.server.rpc.first-election.timeout.min = 5s (fallback to raft.server.rpc.timeout.min)
2022-11-03 05:23:17,845 [fca08327-10d6-4e50-9aa0-d18fc62323ab@group-DD4C95DED537-FollowerState] INFO  server.RaftServerConfigKeys (ConfUtils.java:logFallback(53)) - raft.server.rpc.first-election.timeout.max = 5200ms (fallback to raft.server.rpc.timeout.max)
2022-11-03 05:23:17,845 [aafd62d6-5d37-4c95-9ffb-fecfd05fefa6@group-DD4C95DED537-LeaderElection5] INFO  server.RaftServerConfigKeys (ConfUtils.java:logGet(46)) - raft.server.log.appender.snapshot.chunk.size.max = 16MB (=16777216) (default)
2022-11-03 05:23:17,845 [aafd62d6-5d37-4c95-9ffb-fecfd05fefa6@group-DD4C95DED537-LeaderElection5] INFO  server.RaftServerConfigKeys (ConfUtils.java:logGet(46)) - raft.server.log.appender.buffer.byte-limit = 33554432 (custom)
2022-11-03 05:23:17,846 [aafd62d6-5d37-4c95-9ffb-fecfd05fefa6@group-DD4C95DED537-LeaderElection5] INFO  server.RaftServerConfigKeys (ConfUtils.java:logGet(46)) - raft.server.log.appender.buffer.element-limit = 1 (custom)
2022-11-03 05:23:17,847 [grpc-default-executor-1] INFO  server.RaftServer$Division (RaftServerImpl.java:requestVote(1251)) - fca08327-10d6-4e50-9aa0-d18fc62323ab@group-DD4C95DED537 replies to ELECTION vote request: aafd62d6-5d37-4c95-9ffb-fecfd05fefa6<-fca08327-10d6-4e50-9aa0-d18fc62323ab#0:OK-t1. Peer's state: fca08327-10d6-4e50-9aa0-d18fc62323ab@group-DD4C95DED537:t1, leader=null, voted=aafd62d6-5d37-4c95-9ffb-fecfd05fefa6, raftlog=Memoized:fca08327-10d6-4e50-9aa0-d18fc62323ab@group-DD4C95DED537-SegmentedRaftLog:OPENED:c-1, conf=-1: peers:[b788acd7-0bfa-48fd-ae0f-b822d5826f57|rpc:10.1.1.42:42793|dataStream:|priority:0|startupRole:FOLLOWER, aafd62d6-5d37-4c95-9ffb-fecfd05fefa6|rpc:10.1.1.42:39817|dataStream:|priority:1|startupRole:FOLLOWER, fca08327-10d6-4e50-9aa0-d18fc62323ab|rpc:10.1.1.42:46211|dataStream:|priority:0|startupRole:FOLLOWER]|listeners:[], old=null
2022-11-03 05:23:17,850 [aafd62d6-5d37-4c95-9ffb-fecfd05fefa6@group-DD4C95DED537-LeaderElection5] INFO  grpc.GrpcConfigKeys (ConfUtils.java:logGet(46)) - raft.grpc.server.leader.outstanding.appends.max = 128 (default)
2022-11-03 05:23:17,850 [aafd62d6-5d37-4c95-9ffb-fecfd05fefa6@group-DD4C95DED537-LeaderElection5] INFO  server.RaftServerConfigKeys (ConfUtils.java:logGet(46)) - raft.server.rpc.request.timeout = 60s (custom)
2022-11-03 05:23:17,850 [aafd62d6-5d37-4c95-9ffb-fecfd05fefa6@group-DD4C95DED537-LeaderElection5] INFO  server.RaftServerConfigKeys (ConfUtils.java:logGet(46)) - raft.server.log.appender.install.snapshot.enabled = false (custom)
2022-11-03 05:23:17,850 [aafd62d6-5d37-4c95-9ffb-fecfd05fefa6@group-DD4C95DED537-LeaderElection5] INFO  grpc.GrpcConfigKeys (ConfUtils.java:logGet(46)) - raft.grpc.server.heartbeat.channel = true (default)
2022-11-03 05:23:17,850 [aafd62d6-5d37-4c95-9ffb-fecfd05fefa6@group-DD4C95DED537-LeaderElection5] INFO  server.RaftServerConfigKeys (ConfUtils.java:logGet(46)) - raft.server.log.appender.wait-time.min = 10ms (default)
2022-11-03 05:23:17,852 [aafd62d6-5d37-4c95-9ffb-fecfd05fefa6@group-DD4C95DED537-LeaderElection5] INFO  server.RaftServerConfigKeys (ConfUtils.java:logGet(46)) - raft.server.log.appender.snapshot.chunk.size.max = 16MB (=16777216) (default)
2022-11-03 05:23:17,852 [aafd62d6-5d37-4c95-9ffb-fecfd05fefa6@group-DD4C95DED537-LeaderElection5] INFO  server.RaftServerConfigKeys (ConfUtils.java:logGet(46)) - raft.server.log.appender.buffer.byte-limit = 33554432 (custom)
2022-11-03 05:23:17,852 [aafd62d6-5d37-4c95-9ffb-fecfd05fefa6@group-DD4C95DED537-LeaderElection5] INFO  server.RaftServerConfigKeys (ConfUtils.java:logGet(46)) - raft.server.log.appender.buffer.element-limit = 1 (custom)
2022-11-03 05:23:17,852 [aafd62d6-5d37-4c95-9ffb-fecfd05fefa6@group-DD4C95DED537-LeaderElection5] INFO  grpc.GrpcConfigKeys (ConfUtils.java:logGet(46)) - raft.grpc.server.leader.outstanding.appends.max = 128 (default)
2022-11-03 05:23:17,852 [aafd62d6-5d37-4c95-9ffb-fecfd05fefa6@group-DD4C95DED537-LeaderElection5] INFO  server.RaftServerConfigKeys (ConfUtils.java:logGet(46)) - raft.server.rpc.request.timeout = 60s (custom)
2022-11-03 05:23:17,852 [aafd62d6-5d37-4c95-9ffb-fecfd05fefa6@group-DD4C95DED537-LeaderElection5] INFO  server.RaftServerConfigKeys (ConfUtils.java:logGet(46)) - raft.server.log.appender.install.snapshot.enabled = false (custom)
2022-11-03 05:23:17,854 [aafd62d6-5d37-4c95-9ffb-fecfd05fefa6@group-DD4C95DED537-LeaderElection5] INFO  grpc.GrpcConfigKeys (ConfUtils.java:logGet(46)) - raft.grpc.server.heartbeat.channel = true (default)
2022-11-03 05:23:17,854 [aafd62d6-5d37-4c95-9ffb-fecfd05fefa6@group-DD4C95DED537-LeaderElection5] INFO  server.RaftServerConfigKeys (ConfUtils.java:logGet(46)) - raft.server.log.appender.wait-time.min = 10ms (default)
2022-11-03 05:23:17,855 [aafd62d6-5d37-4c95-9ffb-fecfd05fefa6@group-DD4C95DED537-LeaderElection5] INFO  impl.RoleInfo (RoleInfo.java:updateAndGet(139)) - aafd62d6-5d37-4c95-9ffb-fecfd05fefa6: start aafd62d6-5d37-4c95-9ffb-fecfd05fefa6@group-DD4C95DED537-LeaderStateImpl
2022-11-03 05:23:17,855 [aafd62d6-5d37-4c95-9ffb-fecfd05fefa6@group-DD4C95DED537-LeaderElection5] INFO  segmented.SegmentedRaftLogWorker (SegmentedRaftLogWorker.java:startLogSegment(452)) - aafd62d6-5d37-4c95-9ffb-fecfd05fefa6@group-DD4C95DED537-SegmentedRaftLogWorker: Starting segment from index:0
2022-11-03 05:23:17,861 [aafd62d6-5d37-4c95-9ffb-fecfd05fefa6@group-DD4C95DED537-SegmentedRaftLogWorker] INFO  segmented.SegmentedRaftLogWorker (SegmentedRaftLogWorker.java:execute(656)) - aafd62d6-5d37-4c95-9ffb-fecfd05fefa6@group-DD4C95DED537-SegmentedRaftLogWorker: created new log segment /home/runner/work/ozone/ozone/hadoop-ozone/integration-test/target/test-dir/MiniOzoneClusterImpl-a947a097-fc53-45d1-b902-fe1272537128/datanode-0/data/ratis/576f1efd-9238-484f-8802-dd4c95ded537/current/log_inprogress_0
2022-11-03 05:23:17,861 [aafd62d6-5d37-4c95-9ffb-fecfd05fefa6@group-DD4C95DED537-LeaderElection5] INFO  server.RaftServer$Division (ServerState.java:setRaftConf(430)) - aafd62d6-5d37-4c95-9ffb-fecfd05fefa6@group-DD4C95DED537: set configuration 0: peers:[b788acd7-0bfa-48fd-ae0f-b822d5826f57|rpc:10.1.1.42:42793|dataStream:|priority:0|startupRole:FOLLOWER, aafd62d6-5d37-4c95-9ffb-fecfd05fefa6|rpc:10.1.1.42:39817|dataStream:|priority:1|startupRole:FOLLOWER, fca08327-10d6-4e50-9aa0-d18fc62323ab|rpc:10.1.1.42:46211|dataStream:|priority:0|startupRole:FOLLOWER]|listeners:[], old=null
2022-11-03 05:23:17,908 [fca08327-10d6-4e50-9aa0-d18fc62323ab-server-thread1] INFO  ratis.XceiverServerRatis (XceiverServerRatis.java:handleLeaderChangedNotification(863)) - Leader change notification received for group: group-DD4C95DED537 with new leaderId: aafd62d6-5d37-4c95-9ffb-fecfd05fefa6
2022-11-03 05:23:17,909 [fca08327-10d6-4e50-9aa0-d18fc62323ab-server-thread1] INFO  server.RaftServer$Division (ServerState.java:setLeader(313)) - fca08327-10d6-4e50-9aa0-d18fc62323ab@group-DD4C95DED537: change Leader from null to aafd62d6-5d37-4c95-9ffb-fecfd05fefa6 at term 1 for appendEntries, leader elected after 5182ms
2022-11-03 05:23:17,920 [b788acd7-0bfa-48fd-ae0f-b822d5826f57-server-thread1] INFO  ratis.XceiverServerRatis (XceiverServerRatis.java:handleLeaderChangedNotification(863)) - Leader change notification received for group: group-DD4C95DED537 with new leaderId: aafd62d6-5d37-4c95-9ffb-fecfd05fefa6
2022-11-03 05:23:17,921 [b788acd7-0bfa-48fd-ae0f-b822d5826f57-server-thread1] INFO  server.RaftServer$Division (ServerState.java:setLeader(313)) - b788acd7-0bfa-48fd-ae0f-b822d5826f57@group-DD4C95DED537: change Leader from null to aafd62d6-5d37-4c95-9ffb-fecfd05fefa6 at term 1 for appendEntries, leader elected after 5151ms
2022-11-03 05:23:17,923 [b788acd7-0bfa-48fd-ae0f-b822d5826f57-server-thread1] INFO  server.RaftServer$Division (ServerState.java:setRaftConf(430)) - b788acd7-0bfa-48fd-ae0f-b822d5826f57@group-DD4C95DED537: set configuration 0: peers:[b788acd7-0bfa-48fd-ae0f-b822d5826f57|rpc:10.1.1.42:42793|dataStream:|priority:0|startupRole:FOLLOWER, aafd62d6-5d37-4c95-9ffb-fecfd05fefa6|rpc:10.1.1.42:39817|dataStream:|priority:1|startupRole:FOLLOWER, fca08327-10d6-4e50-9aa0-d18fc62323ab|rpc:10.1.1.42:46211|dataStream:|priority:0|startupRole:FOLLOWER]|listeners:[], old=null
2022-11-03 05:23:17,923 [b788acd7-0bfa-48fd-ae0f-b822d5826f57-server-thread1] INFO  segmented.SegmentedRaftLogWorker (SegmentedRaftLogWorker.java:startLogSegment(452)) - b788acd7-0bfa-48fd-ae0f-b822d5826f57@group-DD4C95DED537-SegmentedRaftLogWorker: Starting segment from index:0
2022-11-03 05:23:17,926 [fca08327-10d6-4e50-9aa0-d18fc62323ab-server-thread2] INFO  server.RaftServer$Division (ServerState.java:setRaftConf(430)) - fca08327-10d6-4e50-9aa0-d18fc62323ab@group-DD4C95DED537: set configuration 0: peers:[b788acd7-0bfa-48fd-ae0f-b822d5826f57|rpc:10.1.1.42:42793|dataStream:|priority:0|startupRole:FOLLOWER, aafd62d6-5d37-4c95-9ffb-fecfd05fefa6|rpc:10.1.1.42:39817|dataStream:|priority:1|startupRole:FOLLOWER, fca08327-10d6-4e50-9aa0-d18fc62323ab|rpc:10.1.1.42:46211|dataStream:|priority:0|startupRole:FOLLOWER]|listeners:[], old=null
2022-11-03 05:23:17,926 [fca08327-10d6-4e50-9aa0-d18fc62323ab-server-thread2] INFO  segmented.SegmentedRaftLogWorker (SegmentedRaftLogWorker.java:startLogSegment(452)) - fca08327-10d6-4e50-9aa0-d18fc62323ab@group-DD4C95DED537-SegmentedRaftLogWorker: Starting segment from index:0
2022-11-03 05:23:17,927 [b788acd7-0bfa-48fd-ae0f-b822d5826f57@group-DD4C95DED537-SegmentedRaftLogWorker] INFO  segmented.SegmentedRaftLogWorker (SegmentedRaftLogWorker.java:execute(656)) - b788acd7-0bfa-48fd-ae0f-b822d5826f57@group-DD4C95DED537-SegmentedRaftLogWorker: created new log segment /home/runner/work/ozone/ozone/hadoop-ozone/integration-test/target/test-dir/MiniOzoneClusterImpl-a947a097-fc53-45d1-b902-fe1272537128/datanode-1/data/ratis/576f1efd-9238-484f-8802-dd4c95ded537/current/log_inprogress_0
2022-11-03 05:23:17,928 [fca08327-10d6-4e50-9aa0-d18fc62323ab@group-DD4C95DED537-SegmentedRaftLogWorker] INFO  segmented.SegmentedRaftLogWorker (SegmentedRaftLogWorker.java:execute(656)) - fca08327-10d6-4e50-9aa0-d18fc62323ab@group-DD4C95DED537-SegmentedRaftLogWorker: created new log segment /home/runner/work/ozone/ozone/hadoop-ozone/integration-test/target/test-dir/MiniOzoneClusterImpl-a947a097-fc53-45d1-b902-fe1272537128/datanode-2/data/ratis/576f1efd-9238-484f-8802-dd4c95ded537/current/log_inprogress_0
2022-11-03 05:23:17,958 [fca08327-10d6-4e50-9aa0-d18fc62323ab@group-ECD5D5B9374B-FollowerState] INFO  impl.FollowerState (FollowerState.java:run(143)) - fca08327-10d6-4e50-9aa0-d18fc62323ab@group-ECD5D5B9374B-FollowerState: change to CANDIDATE, lastRpcElapsedTime:5157391892ns, electionTimeout:5156ms
2022-11-03 05:23:17,958 [fca08327-10d6-4e50-9aa0-d18fc62323ab@group-ECD5D5B9374B-FollowerState] INFO  impl.RoleInfo (RoleInfo.java:shutdownFollowerState(110)) - fca08327-10d6-4e50-9aa0-d18fc62323ab: shutdown fca08327-10d6-4e50-9aa0-d18fc62323ab@group-ECD5D5B9374B-FollowerState
2022-11-03 05:23:17,958 [fca08327-10d6-4e50-9aa0-d18fc62323ab@group-ECD5D5B9374B-FollowerState] INFO  server.RaftServer$Division (RaftServerImpl.java:setRole(321)) - fca08327-10d6-4e50-9aa0-d18fc62323ab@group-ECD5D5B9374B: changes role from  FOLLOWER to CANDIDATE at term 0 for changeToCandidate
2022-11-03 05:23:17,958 [fca08327-10d6-4e50-9aa0-d18fc62323ab@group-ECD5D5B9374B-FollowerState] INFO  server.RaftServerConfigKeys (ConfUtils.java:logGet(46)) - raft.server.leaderelection.pre-vote = false (custom)
2022-11-03 05:23:17,958 [fca08327-10d6-4e50-9aa0-d18fc62323ab@group-ECD5D5B9374B-FollowerState] INFO  impl.RoleInfo (RoleInfo.java:updateAndGet(139)) - fca08327-10d6-4e50-9aa0-d18fc62323ab: start fca08327-10d6-4e50-9aa0-d18fc62323ab@group-ECD5D5B9374B-LeaderElection6
2022-11-03 05:23:17,961 [fca08327-10d6-4e50-9aa0-d18fc62323ab@group-ECD5D5B9374B-LeaderElection6] INFO  impl.LeaderElection (LeaderElection.java:askForVotes(312)) - fca08327-10d6-4e50-9aa0-d18fc62323ab@group-ECD5D5B9374B-LeaderElection6 ELECTION round 0: submit vote requests at term 1 for -1: peers:[fca08327-10d6-4e50-9aa0-d18fc62323ab|rpc:10.1.1.42:46211|priority:1|startupRole:FOLLOWER]|listeners:[], old=null
2022-11-03 05:23:17,962 [fca08327-10d6-4e50-9aa0-d18fc62323ab@group-ECD5D5B9374B-LeaderElection6] INFO  impl.LeaderElection (LeaderElection.java:askForVotes(314)) - fca08327-10d6-4e50-9aa0-d18fc62323ab@group-ECD5D5B9374B-LeaderElection6 ELECTION round 0: result PASSED (term=1)
2022-11-03 05:23:17,962 [fca08327-10d6-4e50-9aa0-d18fc62323ab@group-ECD5D5B9374B-LeaderElection6] INFO  impl.RoleInfo (RoleInfo.java:shutdownLeaderElection(130)) - fca08327-10d6-4e50-9aa0-d18fc62323ab: shutdown fca08327-10d6-4e50-9aa0-d18fc62323ab@group-ECD5D5B9374B-LeaderElection6
2022-11-03 05:23:17,962 [fca08327-10d6-4e50-9aa0-d18fc62323ab@group-ECD5D5B9374B-LeaderElection6] INFO  server.RaftServer$Division (RaftServerImpl.java:setRole(321)) - fca08327-10d6-4e50-9aa0-d18fc62323ab@group-ECD5D5B9374B: changes role from CANDIDATE to LEADER at term 1 for changeToLeader
2022-11-03 05:23:17,962 [fca08327-10d6-4e50-9aa0-d18fc62323ab@group-ECD5D5B9374B-LeaderElection6] INFO  ratis.XceiverServerRatis (XceiverServerRatis.java:handleLeaderChangedNotification(863)) - Leader change notification received for group: group-ECD5D5B9374B with new leaderId: fca08327-10d6-4e50-9aa0-d18fc62323ab
2022-11-03 05:23:17,962 [fca08327-10d6-4e50-9aa0-d18fc62323ab@group-ECD5D5B9374B-LeaderElection6] INFO  server.RaftServer$Division (ServerState.java:setLeader(313)) - fca08327-10d6-4e50-9aa0-d18fc62323ab@group-ECD5D5B9374B: change Leader from null to fca08327-10d6-4e50-9aa0-d18fc62323ab at term 1 for becomeLeader, leader elected after 5190ms
2022-11-03 05:23:17,962 [fca08327-10d6-4e50-9aa0-d18fc62323ab@group-ECD5D5B9374B-LeaderElection6] INFO  server.RaftServerConfigKeys (ConfUtils.java:logGet(46)) - raft.server.staging.catchup.gap = 1000 (default)
2022-11-03 05:23:17,962 [fca08327-10d6-4e50-9aa0-d18fc62323ab@group-ECD5D5B9374B-LeaderElection6] INFO  server.RaftServerConfigKeys (ConfUtils.java:logGet(46)) - raft.server.write.element-limit = 1024 (custom)
2022-11-03 05:23:17,962 [fca08327-10d6-4e50-9aa0-d18fc62323ab@group-ECD5D5B9374B-LeaderElection6] INFO  server.RaftServerConfigKeys (ConfUtils.java:logGet(46)) - raft.server.write.byte-limit = 1024 M (=1073741824) (custom)
2022-11-03 05:23:17,963 [fca08327-10d6-4e50-9aa0-d18fc62323ab@group-ECD5D5B9374B-LeaderElection6] INFO  server.RaftServerConfigKeys (ConfUtils.java:logGet(46)) - raft.server.watch.timeout = 180s (custom)
2022-11-03 05:23:17,963 [fca08327-10d6-4e50-9aa0-d18fc62323ab@group-ECD5D5B9374B-LeaderElection6] INFO  server.RaftServerConfigKeys (ConfUtils.java:logGet(46)) - raft.server.watch.timeout.denomination = 1s (default)
2022-11-03 05:23:17,963 [fca08327-10d6-4e50-9aa0-d18fc62323ab@group-ECD5D5B9374B-LeaderElection6] INFO  server.RaftServerConfigKeys (ConfUtils.java:logGet(46)) - raft.server.watch.element-limit = 65536 (default)
2022-11-03 05:23:17,963 [fca08327-10d6-4e50-9aa0-d18fc62323ab@group-ECD5D5B9374B-LeaderElection6] INFO  server.RaftServerConfigKeys (ConfUtils.java:logGet(46)) - raft.server.write.element-limit = 1024 (custom)
2022-11-03 05:23:17,963 [fca08327-10d6-4e50-9aa0-d18fc62323ab@group-ECD5D5B9374B-LeaderElection6] INFO  server.RaftServerConfigKeys (ConfUtils.java:logGet(46)) - raft.server.write.follower.gap.ratio.max = -1.0 (default)
2022-11-03 05:23:17,963 [fca08327-10d6-4e50-9aa0-d18fc62323ab@group-ECD5D5B9374B-LeaderElection6] INFO  impl.RoleInfo (RoleInfo.java:updateAndGet(139)) - fca08327-10d6-4e50-9aa0-d18fc62323ab: start fca08327-10d6-4e50-9aa0-d18fc62323ab@group-ECD5D5B9374B-LeaderStateImpl
2022-11-03 05:23:17,963 [fca08327-10d6-4e50-9aa0-d18fc62323ab@group-ECD5D5B9374B-LeaderElection6] INFO  segmented.SegmentedRaftLogWorker (SegmentedRaftLogWorker.java:startLogSegment(452)) - fca08327-10d6-4e50-9aa0-d18fc62323ab@group-ECD5D5B9374B-SegmentedRaftLogWorker: Starting segment from index:0
2022-11-03 05:23:17,968 [fca08327-10d6-4e50-9aa0-d18fc62323ab@group-ECD5D5B9374B-SegmentedRaftLogWorker] INFO  segmented.SegmentedRaftLogWorker (SegmentedRaftLogWorker.java:execute(656)) - fca08327-10d6-4e50-9aa0-d18fc62323ab@group-ECD5D5B9374B-SegmentedRaftLogWorker: created new log segment /home/runner/work/ozone/ozone/hadoop-ozone/integration-test/target/test-dir/MiniOzoneClusterImpl-a947a097-fc53-45d1-b902-fe1272537128/datanode-2/data/ratis/59908093-d1d8-4662-80cd-ecd5d5b9374b/current/log_inprogress_0
2022-11-03 05:23:17,968 [fca08327-10d6-4e50-9aa0-d18fc62323ab@group-ECD5D5B9374B-LeaderElection6] INFO  server.RaftServer$Division (ServerState.java:setRaftConf(430)) - fca08327-10d6-4e50-9aa0-d18fc62323ab@group-ECD5D5B9374B: set configuration 0: peers:[fca08327-10d6-4e50-9aa0-d18fc62323ab|rpc:10.1.1.42:46211|dataStream:|priority:1|startupRole:FOLLOWER]|listeners:[], old=null
2022-11-03 05:23:18,148 [3459717f-89f3-488b-978e-7216d8acef6a@group-F8DC2D173F7A-FollowerState] INFO  impl.FollowerState (FollowerState.java:run(143)) - 3459717f-89f3-488b-978e-7216d8acef6a@group-F8DC2D173F7A-FollowerState: change to CANDIDATE, lastRpcElapsedTime:5020381337ns, electionTimeout:5014ms
2022-11-03 05:23:18,149 [3459717f-89f3-488b-978e-7216d8acef6a@group-F8DC2D173F7A-FollowerState] INFO  impl.RoleInfo (RoleInfo.java:shutdownFollowerState(110)) - 3459717f-89f3-488b-978e-7216d8acef6a: shutdown 3459717f-89f3-488b-978e-7216d8acef6a@group-F8DC2D173F7A-FollowerState
2022-11-03 05:23:18,149 [3459717f-89f3-488b-978e-7216d8acef6a@group-F8DC2D173F7A-FollowerState] INFO  server.RaftServer$Division (RaftServerImpl.java:setRole(321)) - 3459717f-89f3-488b-978e-7216d8acef6a@group-F8DC2D173F7A: changes role from  FOLLOWER to CANDIDATE at term 0 for changeToCandidate
2022-11-03 05:23:18,149 [3459717f-89f3-488b-978e-7216d8acef6a@group-F8DC2D173F7A-FollowerState] INFO  server.RaftServerConfigKeys (ConfUtils.java:logGet(46)) - raft.server.leaderelection.pre-vote = false (custom)
2022-11-03 05:23:18,149 [3459717f-89f3-488b-978e-7216d8acef6a@group-F8DC2D173F7A-FollowerState] INFO  impl.RoleInfo (RoleInfo.java:updateAndGet(139)) - 3459717f-89f3-488b-978e-7216d8acef6a: start 3459717f-89f3-488b-978e-7216d8acef6a@group-F8DC2D173F7A-LeaderElection7
2022-11-03 05:23:18,154 [3459717f-89f3-488b-978e-7216d8acef6a@group-F8DC2D173F7A-LeaderElection7] INFO  impl.LeaderElection (LeaderElection.java:askForVotes(312)) - 3459717f-89f3-488b-978e-7216d8acef6a@group-F8DC2D173F7A-LeaderElection7 ELECTION round 0: submit vote requests at term 1 for -1: peers:[3459717f-89f3-488b-978e-7216d8acef6a|rpc:10.1.1.42:37511|priority:1|startupRole:FOLLOWER]|listeners:[], old=null
2022-11-03 05:23:18,154 [3459717f-89f3-488b-978e-7216d8acef6a@group-F8DC2D173F7A-LeaderElection7] INFO  impl.LeaderElection (LeaderElection.java:askForVotes(314)) - 3459717f-89f3-488b-978e-7216d8acef6a@group-F8DC2D173F7A-LeaderElection7 ELECTION round 0: result PASSED (term=1)
2022-11-03 05:23:18,154 [3459717f-89f3-488b-978e-7216d8acef6a@group-F8DC2D173F7A-LeaderElection7] INFO  impl.RoleInfo (RoleInfo.java:shutdownLeaderElection(130)) - 3459717f-89f3-488b-978e-7216d8acef6a: shutdown 3459717f-89f3-488b-978e-7216d8acef6a@group-F8DC2D173F7A-LeaderElection7
2022-11-03 05:23:18,154 [3459717f-89f3-488b-978e-7216d8acef6a@group-F8DC2D173F7A-LeaderElection7] INFO  server.RaftServer$Division (RaftServerImpl.java:setRole(321)) - 3459717f-89f3-488b-978e-7216d8acef6a@group-F8DC2D173F7A: changes role from CANDIDATE to LEADER at term 1 for changeToLeader
2022-11-03 05:23:18,154 [3459717f-89f3-488b-978e-7216d8acef6a@group-F8DC2D173F7A-LeaderElection7] INFO  ratis.XceiverServerRatis (XceiverServerRatis.java:handleLeaderChangedNotification(863)) - Leader change notification received for group: group-F8DC2D173F7A with new leaderId: 3459717f-89f3-488b-978e-7216d8acef6a
2022-11-03 05:23:18,154 [3459717f-89f3-488b-978e-7216d8acef6a@group-F8DC2D173F7A-LeaderElection7] INFO  server.RaftServer$Division (ServerState.java:setLeader(313)) - 3459717f-89f3-488b-978e-7216d8acef6a@group-F8DC2D173F7A: change Leader from null to 3459717f-89f3-488b-978e-7216d8acef6a at term 1 for becomeLeader, leader elected after 5049ms
2022-11-03 05:23:18,154 [3459717f-89f3-488b-978e-7216d8acef6a@group-F8DC2D173F7A-LeaderElection7] INFO  server.RaftServerConfigKeys (ConfUtils.java:logGet(46)) - raft.server.staging.catchup.gap = 1000 (default)
2022-11-03 05:23:18,155 [3459717f-89f3-488b-978e-7216d8acef6a@group-F8DC2D173F7A-LeaderElection7] INFO  server.RaftServerConfigKeys (ConfUtils.java:logGet(46)) - raft.server.write.element-limit = 1024 (custom)
2022-11-03 05:23:18,155 [3459717f-89f3-488b-978e-7216d8acef6a@group-F8DC2D173F7A-LeaderElection7] INFO  server.RaftServerConfigKeys (ConfUtils.java:logGet(46)) - raft.server.write.byte-limit = 1024 M (=1073741824) (custom)
2022-11-03 05:23:18,155 [3459717f-89f3-488b-978e-7216d8acef6a@group-F8DC2D173F7A-LeaderElection7] INFO  server.RaftServerConfigKeys (ConfUtils.java:logGet(46)) - raft.server.watch.timeout = 180s (custom)
2022-11-03 05:23:18,156 [3459717f-89f3-488b-978e-7216d8acef6a@group-F8DC2D173F7A-LeaderElection7] INFO  server.RaftServerConfigKeys (ConfUtils.java:logGet(46)) - raft.server.watch.timeout.denomination = 1s (default)
2022-11-03 05:23:18,156 [3459717f-89f3-488b-978e-7216d8acef6a@group-F8DC2D173F7A-LeaderElection7] INFO  server.RaftServerConfigKeys (ConfUtils.java:logGet(46)) - raft.server.watch.element-limit = 65536 (default)
2022-11-03 05:23:18,156 [3459717f-89f3-488b-978e-7216d8acef6a@group-F8DC2D173F7A-LeaderElection7] INFO  server.RaftServerConfigKeys (ConfUtils.java:logGet(46)) - raft.server.write.element-limit = 1024 (custom)
2022-11-03 05:23:18,156 [3459717f-89f3-488b-978e-7216d8acef6a@group-F8DC2D173F7A-LeaderElection7] INFO  server.RaftServerConfigKeys (ConfUtils.java:logGet(46)) - raft.server.write.follower.gap.ratio.max = -1.0 (default)
2022-11-03 05:23:18,156 [3459717f-89f3-488b-978e-7216d8acef6a@group-F8DC2D173F7A-LeaderElection7] INFO  impl.RoleInfo (RoleInfo.java:updateAndGet(139)) - 3459717f-89f3-488b-978e-7216d8acef6a: start 3459717f-89f3-488b-978e-7216d8acef6a@group-F8DC2D173F7A-LeaderStateImpl
2022-11-03 05:23:18,156 [3459717f-89f3-488b-978e-7216d8acef6a@group-F8DC2D173F7A-LeaderElection7] INFO  segmented.SegmentedRaftLogWorker (SegmentedRaftLogWorker.java:startLogSegment(452)) - 3459717f-89f3-488b-978e-7216d8acef6a@group-F8DC2D173F7A-SegmentedRaftLogWorker: Starting segment from index:0
2022-11-03 05:23:18,158 [3459717f-89f3-488b-978e-7216d8acef6a@group-F8DC2D173F7A-LeaderElection7] INFO  server.RaftServer$Division (ServerState.java:setRaftConf(430)) - 3459717f-89f3-488b-978e-7216d8acef6a@group-F8DC2D173F7A: set configuration 0: peers:[3459717f-89f3-488b-978e-7216d8acef6a|rpc:10.1.1.42:37511|dataStream:|priority:1|startupRole:FOLLOWER]|listeners:[], old=null
2022-11-03 05:23:18,159 [3459717f-89f3-488b-978e-7216d8acef6a@group-F8DC2D173F7A-SegmentedRaftLogWorker] INFO  segmented.SegmentedRaftLogWorker (SegmentedRaftLogWorker.java:execute(656)) - 3459717f-89f3-488b-978e-7216d8acef6a@group-F8DC2D173F7A-SegmentedRaftLogWorker: created new log segment /home/runner/work/ozone/ozone/hadoop-ozone/integration-test/target/test-dir/MiniOzoneClusterImpl-a947a097-fc53-45d1-b902-fe1272537128/datanode-3/data/ratis/9b673466-11c6-4502-b592-f8dc2d173f7a/current/log_inprogress_0
2022-11-03 05:23:18,205 [Listener at 127.0.0.1/40235] INFO  ozone.MiniOzoneClusterImpl (MiniOzoneClusterImpl.java:lambda$waitForClusterToBeReady$0(216)) - Nodes are ready. Got 10 of 10 DN Heartbeats.
2022-11-03 05:23:18,205 [Listener at 127.0.0.1/40235] INFO  ozone.MiniOzoneClusterImpl (MiniOzoneClusterImpl.java:lambda$waitForClusterToBeReady$0(219)) - Cluster exits safe mode
2022-11-03 05:23:18,205 [Listener at 127.0.0.1/40235] INFO  ozone.MiniOzoneClusterImpl (MiniOzoneClusterImpl.java:lambda$waitForClusterToBeReady$0(221)) - SCM became leader
2022-11-03 05:23:18,279 [3459717f-89f3-488b-978e-7216d8acef6a@group-B5349C004512-FollowerState] INFO  impl.FollowerState (FollowerState.java:run(143)) - 3459717f-89f3-488b-978e-7216d8acef6a@group-B5349C004512-FollowerState: change to CANDIDATE, lastRpcElapsedTime:5127402739ns, electionTimeout:5118ms
2022-11-03 05:23:18,279 [3459717f-89f3-488b-978e-7216d8acef6a@group-B5349C004512-FollowerState] INFO  impl.RoleInfo (RoleInfo.java:shutdownFollowerState(110)) - 3459717f-89f3-488b-978e-7216d8acef6a: shutdown 3459717f-89f3-488b-978e-7216d8acef6a@group-B5349C004512-FollowerState
2022-11-03 05:23:18,279 [3459717f-89f3-488b-978e-7216d8acef6a@group-B5349C004512-FollowerState] INFO  server.RaftServer$Division (RaftServerImpl.java:setRole(321)) - 3459717f-89f3-488b-978e-7216d8acef6a@group-B5349C004512: changes role from  FOLLOWER to CANDIDATE at term 0 for changeToCandidate
2022-11-03 05:23:18,279 [3459717f-89f3-488b-978e-7216d8acef6a@group-B5349C004512-FollowerState] INFO  server.RaftServerConfigKeys (ConfUtils.java:logGet(46)) - raft.server.leaderelection.pre-vote = false (custom)
2022-11-03 05:23:18,279 [3459717f-89f3-488b-978e-7216d8acef6a@group-B5349C004512-FollowerState] INFO  impl.RoleInfo (RoleInfo.java:updateAndGet(139)) - 3459717f-89f3-488b-978e-7216d8acef6a: start 3459717f-89f3-488b-978e-7216d8acef6a@group-B5349C004512-LeaderElection8
2022-11-03 05:23:18,296 [3459717f-89f3-488b-978e-7216d8acef6a@group-B5349C004512-LeaderElection8] INFO  impl.LeaderElection (LeaderElection.java:askForVotes(312)) - 3459717f-89f3-488b-978e-7216d8acef6a@group-B5349C004512-LeaderElection8 ELECTION round 0: submit vote requests at term 1 for -1: peers:[236f0899-86ef-4b9d-9b64-54b2c41e9569|rpc:10.1.1.42:45985|priority:0|startupRole:FOLLOWER, 5ddfe129-1b79-40ed-b807-03daa2e9053a|rpc:10.1.1.42:37873|priority:0|startupRole:FOLLOWER, 3459717f-89f3-488b-978e-7216d8acef6a|rpc:10.1.1.42:37511|priority:1|startupRole:FOLLOWER]|listeners:[], old=null
2022-11-03 05:23:18,302 [3459717f-89f3-488b-978e-7216d8acef6a@group-B5349C004512-LeaderElection8-1] INFO  server.GrpcServerProtocolClient (GrpcServerProtocolClient.java:<init>(63)) - Build channel for 236f0899-86ef-4b9d-9b64-54b2c41e9569
2022-11-03 05:23:18,306 [3459717f-89f3-488b-978e-7216d8acef6a@group-B5349C004512-LeaderElection8] INFO  server.RaftServerConfigKeys (ConfUtils.java:logFallback(53)) - raft.server.rpc.first-election.timeout.min = 5s (fallback to raft.server.rpc.timeout.min)
2022-11-03 05:23:18,306 [3459717f-89f3-488b-978e-7216d8acef6a@group-B5349C004512-LeaderElection8] INFO  server.RaftServerConfigKeys (ConfUtils.java:logFallback(53)) - raft.server.rpc.first-election.timeout.max = 5200ms (fallback to raft.server.rpc.timeout.max)
2022-11-03 05:23:18,306 [3459717f-89f3-488b-978e-7216d8acef6a@group-B5349C004512-LeaderElection8-2] INFO  server.GrpcServerProtocolClient (GrpcServerProtocolClient.java:<init>(63)) - Build channel for 5ddfe129-1b79-40ed-b807-03daa2e9053a
2022-11-03 05:23:18,318 [grpc-default-executor-2] INFO  server.RaftServer$Division (RaftServerImpl.java:requestVote(1218)) - 5ddfe129-1b79-40ed-b807-03daa2e9053a@group-B5349C004512: receive requestVote(ELECTION, 3459717f-89f3-488b-978e-7216d8acef6a, group-B5349C004512, 1, (t:0, i:0))
2022-11-03 05:23:18,318 [grpc-default-executor-2] INFO  impl.VoteContext (VoteContext.java:log(48)) - 5ddfe129-1b79-40ed-b807-03daa2e9053a@group-B5349C004512-FOLLOWER: accept ELECTION from 3459717f-89f3-488b-978e-7216d8acef6a: our priority 0 <= candidate's priority 1
2022-11-03 05:23:18,318 [grpc-default-executor-2] INFO  server.RaftServer$Division (RaftServerImpl.java:setRole(321)) - 5ddfe129-1b79-40ed-b807-03daa2e9053a@group-B5349C004512: changes role from  FOLLOWER to FOLLOWER at term 1 for candidate:3459717f-89f3-488b-978e-7216d8acef6a
2022-11-03 05:23:18,318 [grpc-default-executor-2] INFO  impl.RoleInfo (RoleInfo.java:shutdownFollowerState(110)) - 5ddfe129-1b79-40ed-b807-03daa2e9053a: shutdown 5ddfe129-1b79-40ed-b807-03daa2e9053a@group-B5349C004512-FollowerState
2022-11-03 05:23:18,318 [grpc-default-executor-2] INFO  impl.RoleInfo (RoleInfo.java:updateAndGet(139)) - 5ddfe129-1b79-40ed-b807-03daa2e9053a: start 5ddfe129-1b79-40ed-b807-03daa2e9053a@group-B5349C004512-FollowerState
2022-11-03 05:23:18,318 [5ddfe129-1b79-40ed-b807-03daa2e9053a@group-B5349C004512-FollowerState] INFO  impl.FollowerState (FollowerState.java:run(152)) - 5ddfe129-1b79-40ed-b807-03daa2e9053a@group-B5349C004512-FollowerState was interrupted
2022-11-03 05:23:18,322 [grpc-default-executor-2] INFO  server.RaftServer$Division (RaftServerImpl.java:requestVote(1251)) - 5ddfe129-1b79-40ed-b807-03daa2e9053a@group-B5349C004512 replies to ELECTION vote request: 3459717f-89f3-488b-978e-7216d8acef6a<-5ddfe129-1b79-40ed-b807-03daa2e9053a#0:OK-t1. Peer's state: 5ddfe129-1b79-40ed-b807-03daa2e9053a@group-B5349C004512:t1, leader=null, voted=3459717f-89f3-488b-978e-7216d8acef6a, raftlog=Memoized:5ddfe129-1b79-40ed-b807-03daa2e9053a@group-B5349C004512-SegmentedRaftLog:OPENED:c-1, conf=-1: peers:[236f0899-86ef-4b9d-9b64-54b2c41e9569|rpc:10.1.1.42:45985|dataStream:|priority:0|startupRole:FOLLOWER, 5ddfe129-1b79-40ed-b807-03daa2e9053a|rpc:10.1.1.42:37873|dataStream:|priority:0|startupRole:FOLLOWER, 3459717f-89f3-488b-978e-7216d8acef6a|rpc:10.1.1.42:37511|dataStream:|priority:1|startupRole:FOLLOWER]|listeners:[], old=null
2022-11-03 05:23:18,325 [3459717f-89f3-488b-978e-7216d8acef6a@group-B5349C004512-LeaderElection8] INFO  impl.LeaderElection (LeaderElection.java:logAndReturn(90)) - 3459717f-89f3-488b-978e-7216d8acef6a@group-B5349C004512-LeaderElection8: ELECTION PASSED received 1 response(s) and 0 exception(s):
2022-11-03 05:23:18,325 [3459717f-89f3-488b-978e-7216d8acef6a@group-B5349C004512-LeaderElection8] INFO  impl.LeaderElection (LeaderElection.java:logAndReturn(94)) -   Response 0: 3459717f-89f3-488b-978e-7216d8acef6a<-5ddfe129-1b79-40ed-b807-03daa2e9053a#0:OK-t1
2022-11-03 05:23:18,325 [3459717f-89f3-488b-978e-7216d8acef6a@group-B5349C004512-LeaderElection8] INFO  impl.LeaderElection (LeaderElection.java:askForVotes(314)) - 3459717f-89f3-488b-978e-7216d8acef6a@group-B5349C004512-LeaderElection8 ELECTION round 0: result PASSED
2022-11-03 05:23:18,325 [3459717f-89f3-488b-978e-7216d8acef6a@group-B5349C004512-LeaderElection8] INFO  impl.RoleInfo (RoleInfo.java:shutdownLeaderElection(130)) - 3459717f-89f3-488b-978e-7216d8acef6a: shutdown 3459717f-89f3-488b-978e-7216d8acef6a@group-B5349C004512-LeaderElection8
2022-11-03 05:23:18,325 [3459717f-89f3-488b-978e-7216d8acef6a@group-B5349C004512-LeaderElection8] INFO  server.RaftServer$Division (RaftServerImpl.java:setRole(321)) - 3459717f-89f3-488b-978e-7216d8acef6a@group-B5349C004512: changes role from CANDIDATE to LEADER at term 1 for changeToLeader
2022-11-03 05:23:18,325 [3459717f-89f3-488b-978e-7216d8acef6a@group-B5349C004512-LeaderElection8] INFO  ratis.XceiverServerRatis (XceiverServerRatis.java:handleLeaderChangedNotification(863)) - Leader change notification received for group: group-B5349C004512 with new leaderId: 3459717f-89f3-488b-978e-7216d8acef6a
2022-11-03 05:23:18,325 [3459717f-89f3-488b-978e-7216d8acef6a@group-B5349C004512-LeaderElection8] INFO  server.RaftServer$Division (ServerState.java:setLeader(313)) - 3459717f-89f3-488b-978e-7216d8acef6a@group-B5349C004512: change Leader from null to 3459717f-89f3-488b-978e-7216d8acef6a at term 1 for becomeLeader, leader elected after 5187ms
2022-11-03 05:23:18,325 [3459717f-89f3-488b-978e-7216d8acef6a@group-B5349C004512-LeaderElection8] INFO  server.RaftServerConfigKeys (ConfUtils.java:logGet(46)) - raft.server.staging.catchup.gap = 1000 (default)
2022-11-03 05:23:18,325 [5ddfe129-1b79-40ed-b807-03daa2e9053a@group-B5349C004512-FollowerState] INFO  server.RaftServerConfigKeys (ConfUtils.java:logFallback(53)) - raft.server.rpc.first-election.timeout.min = 5s (fallback to raft.server.rpc.timeout.min)
2022-11-03 05:23:18,325 [5ddfe129-1b79-40ed-b807-03daa2e9053a@group-B5349C004512-FollowerState] INFO  server.RaftServerConfigKeys (ConfUtils.java:logFallback(53)) - raft.server.rpc.first-election.timeout.max = 5200ms (fallback to raft.server.rpc.timeout.max)
2022-11-03 05:23:18,325 [3459717f-89f3-488b-978e-7216d8acef6a@group-B5349C004512-LeaderElection8] INFO  server.RaftServerConfigKeys (ConfUtils.java:logGet(46)) - raft.server.write.element-limit = 1024 (custom)
2022-11-03 05:23:18,325 [3459717f-89f3-488b-978e-7216d8acef6a@group-B5349C004512-LeaderElection8] INFO  server.RaftServerConfigKeys (ConfUtils.java:logGet(46)) - raft.server.write.byte-limit = 1024 M (=1073741824) (custom)
2022-11-03 05:23:18,326 [3459717f-89f3-488b-978e-7216d8acef6a@group-B5349C004512-LeaderElection8] INFO  server.RaftServerConfigKeys (ConfUtils.java:logGet(46)) - raft.server.watch.timeout = 180s (custom)
2022-11-03 05:23:18,326 [3459717f-89f3-488b-978e-7216d8acef6a@group-B5349C004512-LeaderElection8] INFO  server.RaftServerConfigKeys (ConfUtils.java:logGet(46)) - raft.server.watch.timeout.denomination = 1s (default)
2022-11-03 05:23:18,326 [3459717f-89f3-488b-978e-7216d8acef6a@group-B5349C004512-LeaderElection8] INFO  server.RaftServerConfigKeys (ConfUtils.java:logGet(46)) - raft.server.watch.element-limit = 65536 (default)
2022-11-03 05:23:18,326 [3459717f-89f3-488b-978e-7216d8acef6a@group-B5349C004512-LeaderElection8] INFO  server.RaftServerConfigKeys (ConfUtils.java:logGet(46)) - raft.server.write.element-limit = 1024 (custom)
2022-11-03 05:23:18,326 [3459717f-89f3-488b-978e-7216d8acef6a@group-B5349C004512-LeaderElection8] INFO  server.RaftServerConfigKeys (ConfUtils.java:logGet(46)) - raft.server.write.follower.gap.ratio.max = -1.0 (default)
2022-11-03 05:23:18,326 [3459717f-89f3-488b-978e-7216d8acef6a@group-B5349C004512-LeaderElection8] INFO  server.RaftServerConfigKeys (ConfUtils.java:logGet(46)) - raft.server.log.appender.snapshot.chunk.size.max = 16MB (=16777216) (default)
2022-11-03 05:23:18,326 [3459717f-89f3-488b-978e-7216d8acef6a@group-B5349C004512-LeaderElection8] INFO  server.RaftServerConfigKeys (ConfUtils.java:logGet(46)) - raft.server.log.appender.buffer.byte-limit = 33554432 (custom)
2022-11-03 05:23:18,326 [3459717f-89f3-488b-978e-7216d8acef6a@group-B5349C004512-LeaderElection8] INFO  server.RaftServerConfigKeys (ConfUtils.java:logGet(46)) - raft.server.log.appender.buffer.element-limit = 1 (custom)
2022-11-03 05:23:18,326 [3459717f-89f3-488b-978e-7216d8acef6a@group-B5349C004512-LeaderElection8] INFO  grpc.GrpcConfigKeys (ConfUtils.java:logGet(46)) - raft.grpc.server.leader.outstanding.appends.max = 128 (default)
2022-11-03 05:23:18,328 [3459717f-89f3-488b-978e-7216d8acef6a@group-B5349C004512-LeaderElection8] INFO  server.RaftServerConfigKeys (ConfUtils.java:logGet(46)) - raft.server.rpc.request.timeout = 60s (custom)
2022-11-03 05:23:18,328 [3459717f-89f3-488b-978e-7216d8acef6a@group-B5349C004512-LeaderElection8] INFO  server.RaftServerConfigKeys (ConfUtils.java:logGet(46)) - raft.server.log.appender.install.snapshot.enabled = false (custom)
2022-11-03 05:23:18,328 [3459717f-89f3-488b-978e-7216d8acef6a@group-B5349C004512-LeaderElection8] INFO  grpc.GrpcConfigKeys (ConfUtils.java:logGet(46)) - raft.grpc.server.heartbeat.channel = true (default)
2022-11-03 05:23:18,328 [3459717f-89f3-488b-978e-7216d8acef6a@group-B5349C004512-LeaderElection8] INFO  server.RaftServerConfigKeys (ConfUtils.java:logGet(46)) - raft.server.log.appender.wait-time.min = 10ms (default)
2022-11-03 05:23:18,329 [grpc-default-executor-3] INFO  server.RaftServer$Division (RaftServerImpl.java:requestVote(1218)) - 236f0899-86ef-4b9d-9b64-54b2c41e9569@group-B5349C004512: receive requestVote(ELECTION, 3459717f-89f3-488b-978e-7216d8acef6a, group-B5349C004512, 1, (t:0, i:0))
2022-11-03 05:23:18,329 [grpc-default-executor-3] INFO  impl.VoteContext (VoteContext.java:log(48)) - 236f0899-86ef-4b9d-9b64-54b2c41e9569@group-B5349C004512-FOLLOWER: accept ELECTION from 3459717f-89f3-488b-978e-7216d8acef6a: our priority 0 <= candidate's priority 1
2022-11-03 05:23:18,329 [grpc-default-executor-3] INFO  server.RaftServer$Division (RaftServerImpl.java:setRole(321)) - 236f0899-86ef-4b9d-9b64-54b2c41e9569@group-B5349C004512: changes role from  FOLLOWER to FOLLOWER at term 1 for candidate:3459717f-89f3-488b-978e-7216d8acef6a
2022-11-03 05:23:18,329 [grpc-default-executor-3] INFO  impl.RoleInfo (RoleInfo.java:shutdownFollowerState(110)) - 236f0899-86ef-4b9d-9b64-54b2c41e9569: shutdown 236f0899-86ef-4b9d-9b64-54b2c41e9569@group-B5349C004512-FollowerState
2022-11-03 05:23:18,329 [grpc-default-executor-3] INFO  impl.RoleInfo (RoleInfo.java:updateAndGet(139)) - 236f0899-86ef-4b9d-9b64-54b2c41e9569: start 236f0899-86ef-4b9d-9b64-54b2c41e9569@group-B5349C004512-FollowerState
2022-11-03 05:23:18,329 [236f0899-86ef-4b9d-9b64-54b2c41e9569@group-B5349C004512-FollowerState] INFO  impl.FollowerState (FollowerState.java:run(152)) - 236f0899-86ef-4b9d-9b64-54b2c41e9569@group-B5349C004512-FollowerState was interrupted
2022-11-03 05:23:18,330 [EventQueue-PipelineReportForPipelineReportHandler] INFO  pipeline.PipelineManagerImpl (PipelineManagerImpl.java:openPipeline(367)) - Pipeline Pipeline[ Id: 6573f3b5-bbfa-4a8b-967b-b5349c004512, Nodes: 236f0899-86ef-4b9d-9b64-54b2c41e9569{ip: 10.1.1.42, host: fv-az119-847.ca0t41jjrjaujd4nublazzptxb.cx.internal.cloudapp.net, ports: [REPLICATION=35039, RATIS=45985, RATIS_ADMIN=45985, RATIS_SERVER=45985, STANDALONE=34715], networkLocation: /default-rack, certSerialId: null, persistedOpState: IN_SERVICE, persistedOpStateExpiryEpochSec: 0}5ddfe129-1b79-40ed-b807-03daa2e9053a{ip: 10.1.1.42, host: fv-az119-847.ca0t41jjrjaujd4nublazzptxb.cx.internal.cloudapp.net, ports: [REPLICATION=34451, RATIS=37873, RATIS_ADMIN=37873, RATIS_SERVER=37873, STANDALONE=38545], networkLocation: /default-rack, certSerialId: null, persistedOpState: IN_SERVICE, persistedOpStateExpiryEpochSec: 0}3459717f-89f3-488b-978e-7216d8acef6a{ip: 10.1.1.42, host: fv-az119-847.ca0t41jjrjaujd4nublazzptxb.cx.internal.cloudapp.net, ports: [REPLICATION=38201, RATIS=37511, RATIS_ADMIN=37511, RATIS_SERVER=37511, STANDALONE=36731], networkLocation: /default-rack, certSerialId: null, persistedOpState: IN_SERVICE, persistedOpStateExpiryEpochSec: 0}, ReplicationConfig: RATIS/THREE, State:ALLOCATED, leaderId:3459717f-89f3-488b-978e-7216d8acef6a, CreationTimestamp2022-11-03T05:23:10.759Z[Etc/UTC]] moved to OPEN state
2022-11-03 05:23:18,331 [3459717f-89f3-488b-978e-7216d8acef6a@group-B5349C004512-LeaderElection8] INFO  server.RaftServerConfigKeys (ConfUtils.java:logGet(46)) - raft.server.log.appender.snapshot.chunk.size.max = 16MB (=16777216) (default)
2022-11-03 05:23:18,331 [3459717f-89f3-488b-978e-7216d8acef6a@group-B5349C004512-LeaderElection8] INFO  server.RaftServerConfigKeys (ConfUtils.java:logGet(46)) - raft.server.log.appender.buffer.byte-limit = 33554432 (custom)
2022-11-03 05:23:18,331 [3459717f-89f3-488b-978e-7216d8acef6a@group-B5349C004512-LeaderElection8] INFO  server.RaftServerConfigKeys (ConfUtils.java:logGet(46)) - raft.server.log.appender.buffer.element-limit = 1 (custom)
2022-11-03 05:23:18,333 [grpc-default-executor-3] INFO  server.RaftServer$Division (RaftServerImpl.java:requestVote(1251)) - 236f0899-86ef-4b9d-9b64-54b2c41e9569@group-B5349C004512 replies to ELECTION vote request: 3459717f-89f3-488b-978e-7216d8acef6a<-236f0899-86ef-4b9d-9b64-54b2c41e9569#0:OK-t1. Peer's state: 236f0899-86ef-4b9d-9b64-54b2c41e9569@group-B5349C004512:t1, leader=null, voted=3459717f-89f3-488b-978e-7216d8acef6a, raftlog=Memoized:236f0899-86ef-4b9d-9b64-54b2c41e9569@group-B5349C004512-SegmentedRaftLog:OPENED:c-1, conf=-1: peers:[236f0899-86ef-4b9d-9b64-54b2c41e9569|rpc:10.1.1.42:45985|dataStream:|priority:0|startupRole:FOLLOWER, 5ddfe129-1b79-40ed-b807-03daa2e9053a|rpc:10.1.1.42:37873|dataStream:|priority:0|startupRole:FOLLOWER, 3459717f-89f3-488b-978e-7216d8acef6a|rpc:10.1.1.42:37511|dataStream:|priority:1|startupRole:FOLLOWER]|listeners:[], old=null
2022-11-03 05:23:18,334 [3459717f-89f3-488b-978e-7216d8acef6a@group-B5349C004512-LeaderElection8] INFO  grpc.GrpcConfigKeys (ConfUtils.java:logGet(46)) - raft.grpc.server.leader.outstanding.appends.max = 128 (default)
2022-11-03 05:23:18,334 [3459717f-89f3-488b-978e-7216d8acef6a@group-B5349C004512-LeaderElection8] INFO  server.RaftServerConfigKeys (ConfUtils.java:logGet(46)) - raft.server.rpc.request.timeout = 60s (custom)
2022-11-03 05:23:18,334 [3459717f-89f3-488b-978e-7216d8acef6a@group-B5349C004512-LeaderElection8] INFO  server.RaftServerConfigKeys (ConfUtils.java:logGet(46)) - raft.server.log.appender.install.snapshot.enabled = false (custom)
2022-11-03 05:23:18,334 [3459717f-89f3-488b-978e-7216d8acef6a@group-B5349C004512-LeaderElection8] INFO  grpc.GrpcConfigKeys (ConfUtils.java:logGet(46)) - raft.grpc.server.heartbeat.channel = true (default)
2022-11-03 05:23:18,334 [3459717f-89f3-488b-978e-7216d8acef6a@group-B5349C004512-LeaderElection8] INFO  server.RaftServerConfigKeys (ConfUtils.java:logGet(46)) - raft.server.log.appender.wait-time.min = 10ms (default)
2022-11-03 05:23:18,335 [236f0899-86ef-4b9d-9b64-54b2c41e9569@group-B5349C004512-FollowerState] INFO  server.RaftServerConfigKeys (ConfUtils.java:logFallback(53)) - raft.server.rpc.first-election.timeout.min = 5s (fallback to raft.server.rpc.timeout.min)
2022-11-03 05:23:18,335 [236f0899-86ef-4b9d-9b64-54b2c41e9569@group-B5349C004512-FollowerState] INFO  server.RaftServerConfigKeys (ConfUtils.java:logFallback(53)) - raft.server.rpc.first-election.timeout.max = 5200ms (fallback to raft.server.rpc.timeout.max)
2022-11-03 05:23:18,337 [3459717f-89f3-488b-978e-7216d8acef6a@group-B5349C004512-LeaderElection8] INFO  impl.RoleInfo (RoleInfo.java:updateAndGet(139)) - 3459717f-89f3-488b-978e-7216d8acef6a: start 3459717f-89f3-488b-978e-7216d8acef6a@group-B5349C004512-LeaderStateImpl
2022-11-03 05:23:18,337 [3459717f-89f3-488b-978e-7216d8acef6a@group-B5349C004512-LeaderElection8] INFO  segmented.SegmentedRaftLogWorker (SegmentedRaftLogWorker.java:startLogSegment(452)) - 3459717f-89f3-488b-978e-7216d8acef6a@group-B5349C004512-SegmentedRaftLogWorker: Starting segment from index:0
2022-11-03 05:23:18,338 [3459717f-89f3-488b-978e-7216d8acef6a@group-B5349C004512-SegmentedRaftLogWorker] INFO  segmented.SegmentedRaftLogWorker (SegmentedRaftLogWorker.java:execute(656)) - 3459717f-89f3-488b-978e-7216d8acef6a@group-B5349C004512-SegmentedRaftLogWorker: created new log segment /home/runner/work/ozone/ozone/hadoop-ozone/integration-test/target/test-dir/MiniOzoneClusterImpl-a947a097-fc53-45d1-b902-fe1272537128/datanode-3/data/ratis/6573f3b5-bbfa-4a8b-967b-b5349c004512/current/log_inprogress_0
2022-11-03 05:23:18,380 [3459717f-89f3-488b-978e-7216d8acef6a@group-B5349C004512-LeaderElection8] INFO  server.RaftServer$Division (ServerState.java:setRaftConf(430)) - 3459717f-89f3-488b-978e-7216d8acef6a@group-B5349C004512: set configuration 0: peers:[236f0899-86ef-4b9d-9b64-54b2c41e9569|rpc:10.1.1.42:45985|dataStream:|priority:0|startupRole:FOLLOWER, 5ddfe129-1b79-40ed-b807-03daa2e9053a|rpc:10.1.1.42:37873|dataStream:|priority:0|startupRole:FOLLOWER, 3459717f-89f3-488b-978e-7216d8acef6a|rpc:10.1.1.42:37511|dataStream:|priority:1|startupRole:FOLLOWER]|listeners:[], old=null
2022-11-03 05:23:18,399 [5ddfe129-1b79-40ed-b807-03daa2e9053a-server-thread1] INFO  ratis.XceiverServerRatis (XceiverServerRatis.java:handleLeaderChangedNotification(863)) - Leader change notification received for group: group-B5349C004512 with new leaderId: 3459717f-89f3-488b-978e-7216d8acef6a
2022-11-03 05:23:18,399 [5ddfe129-1b79-40ed-b807-03daa2e9053a-server-thread1] INFO  server.RaftServer$Division (ServerState.java:setLeader(313)) - 5ddfe129-1b79-40ed-b807-03daa2e9053a@group-B5349C004512: change Leader from null to 3459717f-89f3-488b-978e-7216d8acef6a at term 1 for appendEntries, leader elected after 5165ms
2022-11-03 05:23:18,402 [236f0899-86ef-4b9d-9b64-54b2c41e9569-server-thread1] INFO  ratis.XceiverServerRatis (XceiverServerRatis.java:handleLeaderChangedNotification(863)) - Leader change notification received for group: group-B5349C004512 with new leaderId: 3459717f-89f3-488b-978e-7216d8acef6a
2022-11-03 05:23:18,403 [236f0899-86ef-4b9d-9b64-54b2c41e9569-server-thread1] INFO  server.RaftServer$Division (ServerState.java:setLeader(313)) - 236f0899-86ef-4b9d-9b64-54b2c41e9569@group-B5349C004512: change Leader from null to 3459717f-89f3-488b-978e-7216d8acef6a at term 1 for appendEntries, leader elected after 5230ms
2022-11-03 05:23:18,404 [3459717f-89f3-488b-978e-7216d8acef6a@group-8A90670E2F53-FollowerState] INFO  impl.FollowerState (FollowerState.java:run(143)) - 3459717f-89f3-488b-978e-7216d8acef6a@group-8A90670E2F53-FollowerState: change to CANDIDATE, lastRpcElapsedTime:5133312001ns, electionTimeout:5132ms
2022-11-03 05:23:18,404 [3459717f-89f3-488b-978e-7216d8acef6a@group-8A90670E2F53-FollowerState] INFO  impl.RoleInfo (RoleInfo.java:shutdownFollowerState(110)) - 3459717f-89f3-488b-978e-7216d8acef6a: shutdown 3459717f-89f3-488b-978e-7216d8acef6a@group-8A90670E2F53-FollowerState
2022-11-03 05:23:18,404 [3459717f-89f3-488b-978e-7216d8acef6a@group-8A90670E2F53-FollowerState] INFO  server.RaftServer$Division (RaftServerImpl.java:setRole(321)) - 3459717f-89f3-488b-978e-7216d8acef6a@group-8A90670E2F53: changes role from  FOLLOWER to CANDIDATE at term 0 for changeToCandidate
2022-11-03 05:23:18,407 [3459717f-89f3-488b-978e-7216d8acef6a@group-8A90670E2F53-FollowerState] INFO  server.RaftServerConfigKeys (ConfUtils.java:logGet(46)) - raft.server.leaderelection.pre-vote = false (custom)
2022-11-03 05:23:18,407 [3459717f-89f3-488b-978e-7216d8acef6a@group-8A90670E2F53-FollowerState] INFO  impl.RoleInfo (RoleInfo.java:updateAndGet(139)) - 3459717f-89f3-488b-978e-7216d8acef6a: start 3459717f-89f3-488b-978e-7216d8acef6a@group-8A90670E2F53-LeaderElection9
2022-11-03 05:23:18,411 [5ddfe129-1b79-40ed-b807-03daa2e9053a@group-8A90670E2F53-FollowerState] INFO  impl.FollowerState (FollowerState.java:run(143)) - 5ddfe129-1b79-40ed-b807-03daa2e9053a@group-8A90670E2F53-FollowerState: change to CANDIDATE, lastRpcElapsedTime:5088422540ns, electionTimeout:5082ms
2022-11-03 05:23:18,411 [5ddfe129-1b79-40ed-b807-03daa2e9053a@group-8A90670E2F53-FollowerState] INFO  impl.RoleInfo (RoleInfo.java:shutdownFollowerState(110)) - 5ddfe129-1b79-40ed-b807-03daa2e9053a: shutdown 5ddfe129-1b79-40ed-b807-03daa2e9053a@group-8A90670E2F53-FollowerState
2022-11-03 05:23:18,411 [5ddfe129-1b79-40ed-b807-03daa2e9053a@group-8A90670E2F53-FollowerState] INFO  server.RaftServer$Division (RaftServerImpl.java:setRole(321)) - 5ddfe129-1b79-40ed-b807-03daa2e9053a@group-8A90670E2F53: changes role from  FOLLOWER to CANDIDATE at term 0 for changeToCandidate
2022-11-03 05:23:18,416 [236f0899-86ef-4b9d-9b64-54b2c41e9569@group-8A90670E2F53-FollowerState] INFO  impl.FollowerState (FollowerState.java:run(143)) - 236f0899-86ef-4b9d-9b64-54b2c41e9569@group-8A90670E2F53-FollowerState: change to CANDIDATE, lastRpcElapsedTime:5121238194ns, electionTimeout:5119ms
2022-11-03 05:23:18,417 [236f0899-86ef-4b9d-9b64-54b2c41e9569@group-8A90670E2F53-FollowerState] INFO  impl.RoleInfo (RoleInfo.java:shutdownFollowerState(110)) - 236f0899-86ef-4b9d-9b64-54b2c41e9569: shutdown 236f0899-86ef-4b9d-9b64-54b2c41e9569@group-8A90670E2F53-FollowerState
2022-11-03 05:23:18,417 [236f0899-86ef-4b9d-9b64-54b2c41e9569@group-8A90670E2F53-FollowerState] INFO  server.RaftServer$Division (RaftServerImpl.java:setRole(321)) - 236f0899-86ef-4b9d-9b64-54b2c41e9569@group-8A90670E2F53: changes role from  FOLLOWER to CANDIDATE at term 0 for changeToCandidate
2022-11-03 05:23:18,421 [5ddfe129-1b79-40ed-b807-03daa2e9053a@group-8A90670E2F53-FollowerState] INFO  server.RaftServerConfigKeys (ConfUtils.java:logGet(46)) - raft.server.leaderelection.pre-vote = false (custom)
2022-11-03 05:23:18,421 [5ddfe129-1b79-40ed-b807-03daa2e9053a@group-8A90670E2F53-FollowerState] INFO  impl.RoleInfo (RoleInfo.java:updateAndGet(139)) - 5ddfe129-1b79-40ed-b807-03daa2e9053a: start 5ddfe129-1b79-40ed-b807-03daa2e9053a@group-8A90670E2F53-LeaderElection10
2022-11-03 05:23:18,433 [5ddfe129-1b79-40ed-b807-03daa2e9053a-server-thread2] INFO  server.RaftServer$Division (ServerState.java:setRaftConf(430)) - 5ddfe129-1b79-40ed-b807-03daa2e9053a@group-B5349C004512: set configuration 0: peers:[236f0899-86ef-4b9d-9b64-54b2c41e9569|rpc:10.1.1.42:45985|dataStream:|priority:0|startupRole:FOLLOWER, 5ddfe129-1b79-40ed-b807-03daa2e9053a|rpc:10.1.1.42:37873|dataStream:|priority:0|startupRole:FOLLOWER, 3459717f-89f3-488b-978e-7216d8acef6a|rpc:10.1.1.42:37511|dataStream:|priority:1|startupRole:FOLLOWER]|listeners:[], old=null
2022-11-03 05:23:18,435 [3459717f-89f3-488b-978e-7216d8acef6a@group-8A90670E2F53-LeaderElection9] INFO  impl.LeaderElection (LeaderElection.java:askForVotes(312)) - 3459717f-89f3-488b-978e-7216d8acef6a@group-8A90670E2F53-LeaderElection9 ELECTION round 0: submit vote requests at term 1 for -1: peers:[236f0899-86ef-4b9d-9b64-54b2c41e9569|rpc:10.1.1.42:45985|priority:1|startupRole:FOLLOWER, 3459717f-89f3-488b-978e-7216d8acef6a|rpc:10.1.1.42:37511|priority:0|startupRole:FOLLOWER, 5ddfe129-1b79-40ed-b807-03daa2e9053a|rpc:10.1.1.42:37873|priority:0|startupRole:FOLLOWER]|listeners:[], old=null
2022-11-03 05:23:18,437 [5ddfe129-1b79-40ed-b807-03daa2e9053a-server-thread2] INFO  segmented.SegmentedRaftLogWorker (SegmentedRaftLogWorker.java:startLogSegment(452)) - 5ddfe129-1b79-40ed-b807-03daa2e9053a@group-B5349C004512-SegmentedRaftLogWorker: Starting segment from index:0
2022-11-03 05:23:18,440 [3459717f-89f3-488b-978e-7216d8acef6a@group-8A90670E2F53-LeaderElection9] INFO  server.RaftServerConfigKeys (ConfUtils.java:logFallback(53)) - raft.server.rpc.first-election.timeout.min = 5s (fallback to raft.server.rpc.timeout.min)
2022-11-03 05:23:18,440 [3459717f-89f3-488b-978e-7216d8acef6a@group-8A90670E2F53-LeaderElection9] INFO  server.RaftServerConfigKeys (ConfUtils.java:logFallback(53)) - raft.server.rpc.first-election.timeout.max = 5200ms (fallback to raft.server.rpc.timeout.max)
2022-11-03 05:23:18,446 [236f0899-86ef-4b9d-9b64-54b2c41e9569@group-8A90670E2F53-FollowerState] INFO  server.RaftServerConfigKeys (ConfUtils.java:logGet(46)) - raft.server.leaderelection.pre-vote = false (custom)
2022-11-03 05:23:18,446 [236f0899-86ef-4b9d-9b64-54b2c41e9569@group-8A90670E2F53-FollowerState] INFO  impl.RoleInfo (RoleInfo.java:updateAndGet(139)) - 236f0899-86ef-4b9d-9b64-54b2c41e9569: start 236f0899-86ef-4b9d-9b64-54b2c41e9569@group-8A90670E2F53-LeaderElection11
2022-11-03 05:23:18,449 [236f0899-86ef-4b9d-9b64-54b2c41e9569-server-thread3] INFO  server.RaftServer$Division (ServerState.java:setRaftConf(430)) - 236f0899-86ef-4b9d-9b64-54b2c41e9569@group-B5349C004512: set configuration 0: peers:[236f0899-86ef-4b9d-9b64-54b2c41e9569|rpc:10.1.1.42:45985|dataStream:|priority:0|startupRole:FOLLOWER, 5ddfe129-1b79-40ed-b807-03daa2e9053a|rpc:10.1.1.42:37873|dataStream:|priority:0|startupRole:FOLLOWER, 3459717f-89f3-488b-978e-7216d8acef6a|rpc:10.1.1.42:37511|dataStream:|priority:1|startupRole:FOLLOWER]|listeners:[], old=null
2022-11-03 05:23:18,449 [grpc-default-executor-5] INFO  server.RaftServer$Division (RaftServerImpl.java:requestVote(1218)) - 236f0899-86ef-4b9d-9b64-54b2c41e9569@group-8A90670E2F53: receive requestVote(ELECTION, 3459717f-89f3-488b-978e-7216d8acef6a, group-8A90670E2F53, 1, (t:0, i:0))
2022-11-03 05:23:18,450 [grpc-default-executor-1] INFO  server.RaftServer$Division (RaftServerImpl.java:requestVote(1218)) - 5ddfe129-1b79-40ed-b807-03daa2e9053a@group-8A90670E2F53: receive requestVote(ELECTION, 3459717f-89f3-488b-978e-7216d8acef6a, group-8A90670E2F53, 1, (t:0, i:0))
2022-11-03 05:23:18,450 [grpc-default-executor-1] INFO  impl.VoteContext (VoteContext.java:log(48)) - 5ddfe129-1b79-40ed-b807-03daa2e9053a@group-8A90670E2F53-CANDIDATE: accept ELECTION from 3459717f-89f3-488b-978e-7216d8acef6a: our priority 0 <= candidate's priority 0
2022-11-03 05:23:18,450 [grpc-default-executor-1] INFO  server.RaftServer$Division (RaftServerImpl.java:setRole(321)) - 5ddfe129-1b79-40ed-b807-03daa2e9053a@group-8A90670E2F53: changes role from CANDIDATE to FOLLOWER at term 1 for candidate:3459717f-89f3-488b-978e-7216d8acef6a
2022-11-03 05:23:18,450 [grpc-default-executor-1] INFO  impl.RoleInfo (RoleInfo.java:shutdownLeaderElection(130)) - 5ddfe129-1b79-40ed-b807-03daa2e9053a: shutdown 5ddfe129-1b79-40ed-b807-03daa2e9053a@group-8A90670E2F53-LeaderElection10
2022-11-03 05:23:18,450 [grpc-default-executor-1] INFO  impl.RoleInfo (RoleInfo.java:updateAndGet(139)) - 5ddfe129-1b79-40ed-b807-03daa2e9053a: start 5ddfe129-1b79-40ed-b807-03daa2e9053a@group-8A90670E2F53-FollowerState
2022-11-03 05:23:18,450 [236f0899-86ef-4b9d-9b64-54b2c41e9569-server-thread3] INFO  segmented.SegmentedRaftLogWorker (SegmentedRaftLogWorker.java:startLogSegment(452)) - 236f0899-86ef-4b9d-9b64-54b2c41e9569@group-B5349C004512-SegmentedRaftLogWorker: Starting segment from index:0
2022-11-03 05:23:18,452 [5ddfe129-1b79-40ed-b807-03daa2e9053a@group-8A90670E2F53-FollowerState] INFO  server.RaftServerConfigKeys (ConfUtils.java:logFallback(53)) - raft.server.rpc.first-election.timeout.min = 5s (fallback to raft.server.rpc.timeout.min)
2022-11-03 05:23:18,452 [5ddfe129-1b79-40ed-b807-03daa2e9053a@group-8A90670E2F53-FollowerState] INFO  server.RaftServerConfigKeys (ConfUtils.java:logFallback(53)) - raft.server.rpc.first-election.timeout.max = 5200ms (fallback to raft.server.rpc.timeout.max)
2022-11-03 05:23:18,453 [grpc-default-executor-1] INFO  server.RaftServer$Division (RaftServerImpl.java:requestVote(1251)) - 5ddfe129-1b79-40ed-b807-03daa2e9053a@group-8A90670E2F53 replies to ELECTION vote request: 3459717f-89f3-488b-978e-7216d8acef6a<-5ddfe129-1b79-40ed-b807-03daa2e9053a#0:OK-t1. Peer's state: 5ddfe129-1b79-40ed-b807-03daa2e9053a@group-8A90670E2F53:t1, leader=null, voted=3459717f-89f3-488b-978e-7216d8acef6a, raftlog=Memoized:5ddfe129-1b79-40ed-b807-03daa2e9053a@group-8A90670E2F53-SegmentedRaftLog:OPENED:c-1, conf=-1: peers:[236f0899-86ef-4b9d-9b64-54b2c41e9569|rpc:10.1.1.42:45985|dataStream:|priority:1|startupRole:FOLLOWER, 3459717f-89f3-488b-978e-7216d8acef6a|rpc:10.1.1.42:37511|dataStream:|priority:0|startupRole:FOLLOWER, 5ddfe129-1b79-40ed-b807-03daa2e9053a|rpc:10.1.1.42:37873|dataStream:|priority:0|startupRole:FOLLOWER]|listeners:[], old=null
2022-11-03 05:23:18,453 [236f0899-86ef-4b9d-9b64-54b2c41e9569@group-B5349C004512-SegmentedRaftLogWorker] INFO  segmented.SegmentedRaftLogWorker (SegmentedRaftLogWorker.java:execute(656)) - 236f0899-86ef-4b9d-9b64-54b2c41e9569@group-B5349C004512-SegmentedRaftLogWorker: created new log segment /home/runner/work/ozone/ozone/hadoop-ozone/integration-test/target/test-dir/MiniOzoneClusterImpl-a947a097-fc53-45d1-b902-fe1272537128/datanode-5/data/ratis/6573f3b5-bbfa-4a8b-967b-b5349c004512/current/log_inprogress_0
2022-11-03 05:23:18,454 [5ddfe129-1b79-40ed-b807-03daa2e9053a@group-B5349C004512-SegmentedRaftLogWorker] INFO  segmented.SegmentedRaftLogWorker (SegmentedRaftLogWorker.java:execute(656)) - 5ddfe129-1b79-40ed-b807-03daa2e9053a@group-B5349C004512-SegmentedRaftLogWorker: created new log segment /home/runner/work/ozone/ozone/hadoop-ozone/integration-test/target/test-dir/MiniOzoneClusterImpl-a947a097-fc53-45d1-b902-fe1272537128/datanode-4/data/ratis/6573f3b5-bbfa-4a8b-967b-b5349c004512/current/log_inprogress_0
2022-11-03 05:23:18,460 [grpc-default-executor-5] INFO  impl.VoteContext (VoteContext.java:log(48)) - 236f0899-86ef-4b9d-9b64-54b2c41e9569@group-8A90670E2F53-CANDIDATE: reject ELECTION from 3459717f-89f3-488b-978e-7216d8acef6a: already has voted for 236f0899-86ef-4b9d-9b64-54b2c41e9569 at current term 1
2022-11-03 05:23:18,460 [grpc-default-executor-5] INFO  server.RaftServer$Division (RaftServerImpl.java:requestVote(1251)) - 236f0899-86ef-4b9d-9b64-54b2c41e9569@group-8A90670E2F53 replies to ELECTION vote request: 3459717f-89f3-488b-978e-7216d8acef6a<-236f0899-86ef-4b9d-9b64-54b2c41e9569#0:FAIL-t1. Peer's state: 236f0899-86ef-4b9d-9b64-54b2c41e9569@group-8A90670E2F53:t1, leader=null, voted=236f0899-86ef-4b9d-9b64-54b2c41e9569, raftlog=Memoized:236f0899-86ef-4b9d-9b64-54b2c41e9569@group-8A90670E2F53-SegmentedRaftLog:OPENED:c-1, conf=-1: peers:[236f0899-86ef-4b9d-9b64-54b2c41e9569|rpc:10.1.1.42:45985|dataStream:|priority:1|startupRole:FOLLOWER, 3459717f-89f3-488b-978e-7216d8acef6a|rpc:10.1.1.42:37511|dataStream:|priority:0|startupRole:FOLLOWER, 5ddfe129-1b79-40ed-b807-03daa2e9053a|rpc:10.1.1.42:37873|dataStream:|priority:0|startupRole:FOLLOWER]|listeners:[], old=null
2022-11-03 05:23:18,461 [236f0899-86ef-4b9d-9b64-54b2c41e9569@group-8A90670E2F53-LeaderElection11] INFO  impl.LeaderElection (LeaderElection.java:askForVotes(312)) - 236f0899-86ef-4b9d-9b64-54b2c41e9569@group-8A90670E2F53-LeaderElection11 ELECTION round 0: submit vote requests at term 1 for -1: peers:[236f0899-86ef-4b9d-9b64-54b2c41e9569|rpc:10.1.1.42:45985|dataStream:|priority:1|startupRole:FOLLOWER, 3459717f-89f3-488b-978e-7216d8acef6a|rpc:10.1.1.42:37511|dataStream:|priority:0|startupRole:FOLLOWER, 5ddfe129-1b79-40ed-b807-03daa2e9053a|rpc:10.1.1.42:37873|dataStream:|priority:0|startupRole:FOLLOWER]|listeners:[], old=null
2022-11-03 05:23:18,469 [236f0899-86ef-4b9d-9b64-54b2c41e9569@group-8A90670E2F53-LeaderElection11-1] INFO  server.GrpcServerProtocolClient (GrpcServerProtocolClient.java:<init>(63)) - Build channel for 3459717f-89f3-488b-978e-7216d8acef6a
2022-11-03 05:23:18,472 [236f0899-86ef-4b9d-9b64-54b2c41e9569@group-8A90670E2F53-LeaderElection11] INFO  server.RaftServerConfigKeys (ConfUtils.java:logFallback(53)) - raft.server.rpc.first-election.timeout.min = 5s (fallback to raft.server.rpc.timeout.min)
2022-11-03 05:23:18,472 [236f0899-86ef-4b9d-9b64-54b2c41e9569@group-8A90670E2F53-LeaderElection11] INFO  server.RaftServerConfigKeys (ConfUtils.java:logFallback(53)) - raft.server.rpc.first-election.timeout.max = 5200ms (fallback to raft.server.rpc.timeout.max)
2022-11-03 05:23:18,472 [236f0899-86ef-4b9d-9b64-54b2c41e9569@group-8A90670E2F53-LeaderElection11-2] INFO  server.GrpcServerProtocolClient (GrpcServerProtocolClient.java:<init>(63)) - Build channel for 5ddfe129-1b79-40ed-b807-03daa2e9053a
2022-11-03 05:23:18,472 [3459717f-89f3-488b-978e-7216d8acef6a@group-8A90670E2F53-LeaderElection9] INFO  impl.LeaderElection (LeaderElection.java:logAndReturn(90)) - 3459717f-89f3-488b-978e-7216d8acef6a@group-8A90670E2F53-LeaderElection9: ELECTION REJECTED received 2 response(s) and 0 exception(s):
2022-11-03 05:23:18,472 [3459717f-89f3-488b-978e-7216d8acef6a@group-8A90670E2F53-LeaderElection9] INFO  impl.LeaderElection (LeaderElection.java:logAndReturn(94)) -   Response 0: 3459717f-89f3-488b-978e-7216d8acef6a<-236f0899-86ef-4b9d-9b64-54b2c41e9569#0:FAIL-t1
2022-11-03 05:23:18,472 [3459717f-89f3-488b-978e-7216d8acef6a@group-8A90670E2F53-LeaderElection9] INFO  impl.LeaderElection (LeaderElection.java:logAndReturn(94)) -   Response 1: 3459717f-89f3-488b-978e-7216d8acef6a<-5ddfe129-1b79-40ed-b807-03daa2e9053a#0:OK-t1
2022-11-03 05:23:18,472 [3459717f-89f3-488b-978e-7216d8acef6a@group-8A90670E2F53-LeaderElection9] INFO  impl.LeaderElection (LeaderElection.java:askForVotes(314)) - 3459717f-89f3-488b-978e-7216d8acef6a@group-8A90670E2F53-LeaderElection9 ELECTION round 0: result REJECTED
2022-11-03 05:23:18,472 [3459717f-89f3-488b-978e-7216d8acef6a@group-8A90670E2F53-LeaderElection9] INFO  server.RaftServer$Division (RaftServerImpl.java:setRole(321)) - 3459717f-89f3-488b-978e-7216d8acef6a@group-8A90670E2F53: changes role from CANDIDATE to FOLLOWER at term 1 for REJECTED
2022-11-03 05:23:18,472 [3459717f-89f3-488b-978e-7216d8acef6a@group-8A90670E2F53-LeaderElection9] INFO  impl.RoleInfo (RoleInfo.java:shutdownLeaderElection(130)) - 3459717f-89f3-488b-978e-7216d8acef6a: shutdown 3459717f-89f3-488b-978e-7216d8acef6a@group-8A90670E2F53-LeaderElection9
2022-11-03 05:23:18,472 [3459717f-89f3-488b-978e-7216d8acef6a@group-8A90670E2F53-LeaderElection9] INFO  impl.RoleInfo (RoleInfo.java:updateAndGet(139)) - 3459717f-89f3-488b-978e-7216d8acef6a: start 3459717f-89f3-488b-978e-7216d8acef6a@group-8A90670E2F53-FollowerState
2022-11-03 05:23:18,484 [grpc-default-executor-5] INFO  server.RaftServer$Division (RaftServerImpl.java:requestVote(1218)) - 5ddfe129-1b79-40ed-b807-03daa2e9053a@group-8A90670E2F53: receive requestVote(ELECTION, 236f0899-86ef-4b9d-9b64-54b2c41e9569, group-8A90670E2F53, 1, (t:0, i:0))
2022-11-03 05:23:18,484 [grpc-default-executor-5] INFO  impl.VoteContext (VoteContext.java:log(48)) - 5ddfe129-1b79-40ed-b807-03daa2e9053a@group-8A90670E2F53-FOLLOWER: reject ELECTION from 236f0899-86ef-4b9d-9b64-54b2c41e9569: already has voted for 3459717f-89f3-488b-978e-7216d8acef6a at current term 1
2022-11-03 05:23:18,484 [grpc-default-executor-5] INFO  server.RaftServer$Division (RaftServerImpl.java:requestVote(1251)) - 5ddfe129-1b79-40ed-b807-03daa2e9053a@group-8A90670E2F53 replies to ELECTION vote request: 236f0899-86ef-4b9d-9b64-54b2c41e9569<-5ddfe129-1b79-40ed-b807-03daa2e9053a#0:FAIL-t1. Peer's state: 5ddfe129-1b79-40ed-b807-03daa2e9053a@group-8A90670E2F53:t1, leader=null, voted=3459717f-89f3-488b-978e-7216d8acef6a, raftlog=Memoized:5ddfe129-1b79-40ed-b807-03daa2e9053a@group-8A90670E2F53-SegmentedRaftLog:OPENED:c-1, conf=-1: peers:[236f0899-86ef-4b9d-9b64-54b2c41e9569|rpc:10.1.1.42:45985|dataStream:|priority:1|startupRole:FOLLOWER, 3459717f-89f3-488b-978e-7216d8acef6a|rpc:10.1.1.42:37511|dataStream:|priority:0|startupRole:FOLLOWER, 5ddfe129-1b79-40ed-b807-03daa2e9053a|rpc:10.1.1.42:37873|dataStream:|priority:0|startupRole:FOLLOWER]|listeners:[], old=null
2022-11-03 05:23:18,491 [3459717f-89f3-488b-978e-7216d8acef6a@group-8A90670E2F53-FollowerState] INFO  server.RaftServerConfigKeys (ConfUtils.java:logFallback(53)) - raft.server.rpc.first-election.timeout.min = 5s (fallback to raft.server.rpc.timeout.min)
2022-11-03 05:23:18,491 [3459717f-89f3-488b-978e-7216d8acef6a@group-8A90670E2F53-FollowerState] INFO  server.RaftServerConfigKeys (ConfUtils.java:logFallback(53)) - raft.server.rpc.first-election.timeout.max = 5200ms (fallback to raft.server.rpc.timeout.max)
2022-11-03 05:23:18,497 [grpc-default-executor-5] INFO  server.RaftServer$Division (RaftServerImpl.java:requestVote(1218)) - 3459717f-89f3-488b-978e-7216d8acef6a@group-8A90670E2F53: receive requestVote(ELECTION, 236f0899-86ef-4b9d-9b64-54b2c41e9569, group-8A90670E2F53, 1, (t:0, i:0))
2022-11-03 05:23:18,497 [grpc-default-executor-5] INFO  impl.VoteContext (VoteContext.java:log(48)) - 3459717f-89f3-488b-978e-7216d8acef6a@group-8A90670E2F53-FOLLOWER: reject ELECTION from 236f0899-86ef-4b9d-9b64-54b2c41e9569: already has voted for 3459717f-89f3-488b-978e-7216d8acef6a at current term 1
2022-11-03 05:23:18,497 [grpc-default-executor-5] INFO  server.RaftServer$Division (RaftServerImpl.java:requestVote(1251)) - 3459717f-89f3-488b-978e-7216d8acef6a@group-8A90670E2F53 replies to ELECTION vote request: 236f0899-86ef-4b9d-9b64-54b2c41e9569<-3459717f-89f3-488b-978e-7216d8acef6a#0:FAIL-t1. Peer's state: 3459717f-89f3-488b-978e-7216d8acef6a@group-8A90670E2F53:t1, leader=null, voted=3459717f-89f3-488b-978e-7216d8acef6a, raftlog=Memoized:3459717f-89f3-488b-978e-7216d8acef6a@group-8A90670E2F53-SegmentedRaftLog:OPENED:c-1, conf=-1: peers:[236f0899-86ef-4b9d-9b64-54b2c41e9569|rpc:10.1.1.42:45985|priority:1|startupRole:FOLLOWER, 3459717f-89f3-488b-978e-7216d8acef6a|rpc:10.1.1.42:37511|priority:0|startupRole:FOLLOWER, 5ddfe129-1b79-40ed-b807-03daa2e9053a|rpc:10.1.1.42:37873|priority:0|startupRole:FOLLOWER]|listeners:[], old=null
2022-11-03 05:23:18,499 [236f0899-86ef-4b9d-9b64-54b2c41e9569@group-8A90670E2F53-LeaderElection11] INFO  impl.LeaderElection (LeaderElection.java:logAndReturn(90)) - 236f0899-86ef-4b9d-9b64-54b2c41e9569@group-8A90670E2F53-LeaderElection11: ELECTION REJECTED received 2 response(s) and 0 exception(s):
2022-11-03 05:23:18,499 [236f0899-86ef-4b9d-9b64-54b2c41e9569@group-8A90670E2F53-LeaderElection11] INFO  impl.LeaderElection (LeaderElection.java:logAndReturn(94)) -   Response 0: 236f0899-86ef-4b9d-9b64-54b2c41e9569<-5ddfe129-1b79-40ed-b807-03daa2e9053a#0:FAIL-t1
2022-11-03 05:23:18,499 [236f0899-86ef-4b9d-9b64-54b2c41e9569@group-8A90670E2F53-LeaderElection11] INFO  impl.LeaderElection (LeaderElection.java:logAndReturn(94)) -   Response 1: 236f0899-86ef-4b9d-9b64-54b2c41e9569<-3459717f-89f3-488b-978e-7216d8acef6a#0:FAIL-t1
2022-11-03 05:23:18,499 [236f0899-86ef-4b9d-9b64-54b2c41e9569@group-8A90670E2F53-LeaderElection11] INFO  impl.LeaderElection (LeaderElection.java:askForVotes(314)) - 236f0899-86ef-4b9d-9b64-54b2c41e9569@group-8A90670E2F53-LeaderElection11 ELECTION round 0: result REJECTED
2022-11-03 05:23:18,499 [236f0899-86ef-4b9d-9b64-54b2c41e9569@group-8A90670E2F53-LeaderElection11] INFO  server.RaftServer$Division (RaftServerImpl.java:setRole(321)) - 236f0899-86ef-4b9d-9b64-54b2c41e9569@group-8A90670E2F53: changes role from CANDIDATE to FOLLOWER at term 1 for REJECTED
2022-11-03 05:23:18,499 [236f0899-86ef-4b9d-9b64-54b2c41e9569@group-8A90670E2F53-LeaderElection11] INFO  impl.RoleInfo (RoleInfo.java:shutdownLeaderElection(130)) - 236f0899-86ef-4b9d-9b64-54b2c41e9569: shutdown 236f0899-86ef-4b9d-9b64-54b2c41e9569@group-8A90670E2F53-LeaderElection11
2022-11-03 05:23:18,499 [236f0899-86ef-4b9d-9b64-54b2c41e9569@group-8A90670E2F53-LeaderElection11] INFO  impl.RoleInfo (RoleInfo.java:updateAndGet(139)) - 236f0899-86ef-4b9d-9b64-54b2c41e9569: start 236f0899-86ef-4b9d-9b64-54b2c41e9569@group-8A90670E2F53-FollowerState
2022-11-03 05:23:18,507 [236f0899-86ef-4b9d-9b64-54b2c41e9569@group-8A90670E2F53-FollowerState] INFO  server.RaftServerConfigKeys (ConfUtils.java:logFallback(53)) - raft.server.rpc.first-election.timeout.min = 5s (fallback to raft.server.rpc.timeout.min)
2022-11-03 05:23:18,507 [236f0899-86ef-4b9d-9b64-54b2c41e9569@group-8A90670E2F53-FollowerState] INFO  server.RaftServerConfigKeys (ConfUtils.java:logFallback(53)) - raft.server.rpc.first-election.timeout.max = 5200ms (fallback to raft.server.rpc.timeout.max)
2022-11-03 05:23:18,605 [5ddfe129-1b79-40ed-b807-03daa2e9053a@group-E0D2A552C254-FollowerState] INFO  impl.FollowerState (FollowerState.java:run(143)) - 5ddfe129-1b79-40ed-b807-03daa2e9053a@group-E0D2A552C254-FollowerState: change to CANDIDATE, lastRpcElapsedTime:5156246442ns, electionTimeout:5152ms
2022-11-03 05:23:18,605 [5ddfe129-1b79-40ed-b807-03daa2e9053a@group-E0D2A552C254-FollowerState] INFO  impl.RoleInfo (RoleInfo.java:shutdownFollowerState(110)) - 5ddfe129-1b79-40ed-b807-03daa2e9053a: shutdown 5ddfe129-1b79-40ed-b807-03daa2e9053a@group-E0D2A552C254-FollowerState
2022-11-03 05:23:18,605 [5ddfe129-1b79-40ed-b807-03daa2e9053a@group-E0D2A552C254-FollowerState] INFO  server.RaftServer$Division (RaftServerImpl.java:setRole(321)) - 5ddfe129-1b79-40ed-b807-03daa2e9053a@group-E0D2A552C254: changes role from  FOLLOWER to CANDIDATE at term 0 for changeToCandidate
2022-11-03 05:23:18,605 [5ddfe129-1b79-40ed-b807-03daa2e9053a@group-E0D2A552C254-FollowerState] INFO  server.RaftServerConfigKeys (ConfUtils.java:logGet(46)) - raft.server.leaderelection.pre-vote = false (custom)
2022-11-03 05:23:18,605 [5ddfe129-1b79-40ed-b807-03daa2e9053a@group-E0D2A552C254-FollowerState] INFO  impl.RoleInfo (RoleInfo.java:updateAndGet(139)) - 5ddfe129-1b79-40ed-b807-03daa2e9053a: start 5ddfe129-1b79-40ed-b807-03daa2e9053a@group-E0D2A552C254-LeaderElection12
2022-11-03 05:23:18,609 [5ddfe129-1b79-40ed-b807-03daa2e9053a@group-E0D2A552C254-LeaderElection12] INFO  impl.LeaderElection (LeaderElection.java:askForVotes(312)) - 5ddfe129-1b79-40ed-b807-03daa2e9053a@group-E0D2A552C254-LeaderElection12 ELECTION round 0: submit vote requests at term 1 for -1: peers:[5ddfe129-1b79-40ed-b807-03daa2e9053a|rpc:10.1.1.42:37873|priority:1|startupRole:FOLLOWER]|listeners:[], old=null
2022-11-03 05:23:18,609 [5ddfe129-1b79-40ed-b807-03daa2e9053a@group-E0D2A552C254-LeaderElection12] INFO  impl.LeaderElection (LeaderElection.java:askForVotes(314)) - 5ddfe129-1b79-40ed-b807-03daa2e9053a@group-E0D2A552C254-LeaderElection12 ELECTION round 0: result PASSED (term=1)
2022-11-03 05:23:18,609 [5ddfe129-1b79-40ed-b807-03daa2e9053a@group-E0D2A552C254-LeaderElection12] INFO  impl.RoleInfo (RoleInfo.java:shutdownLeaderElection(130)) - 5ddfe129-1b79-40ed-b807-03daa2e9053a: shutdown 5ddfe129-1b79-40ed-b807-03daa2e9053a@group-E0D2A552C254-LeaderElection12
2022-11-03 05:23:18,610 [5ddfe129-1b79-40ed-b807-03daa2e9053a@group-E0D2A552C254-LeaderElection12] INFO  server.RaftServer$Division (RaftServerImpl.java:setRole(321)) - 5ddfe129-1b79-40ed-b807-03daa2e9053a@group-E0D2A552C254: changes role from CANDIDATE to LEADER at term 1 for changeToLeader
2022-11-03 05:23:18,611 [5ddfe129-1b79-40ed-b807-03daa2e9053a@group-E0D2A552C254-LeaderElection12] INFO  ratis.XceiverServerRatis (XceiverServerRatis.java:handleLeaderChangedNotification(863)) - Leader change notification received for group: group-E0D2A552C254 with new leaderId: 5ddfe129-1b79-40ed-b807-03daa2e9053a
2022-11-03 05:23:18,611 [5ddfe129-1b79-40ed-b807-03daa2e9053a@group-E0D2A552C254-LeaderElection12] INFO  server.RaftServer$Division (ServerState.java:setLeader(313)) - 5ddfe129-1b79-40ed-b807-03daa2e9053a@group-E0D2A552C254: change Leader from null to 5ddfe129-1b79-40ed-b807-03daa2e9053a at term 1 for becomeLeader, leader elected after 5171ms
2022-11-03 05:23:18,611 [5ddfe129-1b79-40ed-b807-03daa2e9053a@group-E0D2A552C254-LeaderElection12] INFO  server.RaftServerConfigKeys (ConfUtils.java:logGet(46)) - raft.server.staging.catchup.gap = 1000 (default)
2022-11-03 05:23:18,611 [5ddfe129-1b79-40ed-b807-03daa2e9053a@group-E0D2A552C254-LeaderElection12] INFO  server.RaftServerConfigKeys (ConfUtils.java:logGet(46)) - raft.server.write.element-limit = 1024 (custom)
2022-11-03 05:23:18,611 [5ddfe129-1b79-40ed-b807-03daa2e9053a@group-E0D2A552C254-LeaderElection12] INFO  server.RaftServerConfigKeys (ConfUtils.java:logGet(46)) - raft.server.write.byte-limit = 1024 M (=1073741824) (custom)
2022-11-03 05:23:18,611 [5ddfe129-1b79-40ed-b807-03daa2e9053a@group-E0D2A552C254-LeaderElection12] INFO  server.RaftServerConfigKeys (ConfUtils.java:logGet(46)) - raft.server.watch.timeout = 180s (custom)
2022-11-03 05:23:18,611 [5ddfe129-1b79-40ed-b807-03daa2e9053a@group-E0D2A552C254-LeaderElection12] INFO  server.RaftServerConfigKeys (ConfUtils.java:logGet(46)) - raft.server.watch.timeout.denomination = 1s (default)
2022-11-03 05:23:18,611 [5ddfe129-1b79-40ed-b807-03daa2e9053a@group-E0D2A552C254-LeaderElection12] INFO  server.RaftServerConfigKeys (ConfUtils.java:logGet(46)) - raft.server.watch.element-limit = 65536 (default)
2022-11-03 05:23:18,611 [5ddfe129-1b79-40ed-b807-03daa2e9053a@group-E0D2A552C254-LeaderElection12] INFO  server.RaftServerConfigKeys (ConfUtils.java:logGet(46)) - raft.server.write.element-limit = 1024 (custom)
2022-11-03 05:23:18,613 [5ddfe129-1b79-40ed-b807-03daa2e9053a@group-E0D2A552C254-LeaderElection12] INFO  server.RaftServerConfigKeys (ConfUtils.java:logGet(46)) - raft.server.write.follower.gap.ratio.max = -1.0 (default)
2022-11-03 05:23:18,613 [5ddfe129-1b79-40ed-b807-03daa2e9053a@group-E0D2A552C254-LeaderElection12] INFO  impl.RoleInfo (RoleInfo.java:updateAndGet(139)) - 5ddfe129-1b79-40ed-b807-03daa2e9053a: start 5ddfe129-1b79-40ed-b807-03daa2e9053a@group-E0D2A552C254-LeaderStateImpl
2022-11-03 05:23:18,614 [5ddfe129-1b79-40ed-b807-03daa2e9053a@group-E0D2A552C254-LeaderElection12] INFO  segmented.SegmentedRaftLogWorker (SegmentedRaftLogWorker.java:startLogSegment(452)) - 5ddfe129-1b79-40ed-b807-03daa2e9053a@group-E0D2A552C254-SegmentedRaftLogWorker: Starting segment from index:0
2022-11-03 05:23:18,615 [5ddfe129-1b79-40ed-b807-03daa2e9053a@group-E0D2A552C254-SegmentedRaftLogWorker] INFO  segmented.SegmentedRaftLogWorker (SegmentedRaftLogWorker.java:execute(656)) - 5ddfe129-1b79-40ed-b807-03daa2e9053a@group-E0D2A552C254-SegmentedRaftLogWorker: created new log segment /home/runner/work/ozone/ozone/hadoop-ozone/integration-test/target/test-dir/MiniOzoneClusterImpl-a947a097-fc53-45d1-b902-fe1272537128/datanode-4/data/ratis/a1185fa8-471c-4249-9c3f-e0d2a552c254/current/log_inprogress_0
2022-11-03 05:23:18,625 [5ddfe129-1b79-40ed-b807-03daa2e9053a@group-E0D2A552C254-LeaderElection12] INFO  server.RaftServer$Division (ServerState.java:setRaftConf(430)) - 5ddfe129-1b79-40ed-b807-03daa2e9053a@group-E0D2A552C254: set configuration 0: peers:[5ddfe129-1b79-40ed-b807-03daa2e9053a|rpc:10.1.1.42:37873|dataStream:|priority:1|startupRole:FOLLOWER]|listeners:[], old=null
2022-11-03 05:23:18,750 [Listener at 127.0.0.1/40235] INFO  rpc.RpcClient (RpcClient.java:createVolume(471)) - Creating Volume: b0374fc7-3bb4-42e6-b69d-4c18ed428a39, with runner as owner and space quota set to -1 bytes, counts quota set to -1
2022-11-03 05:23:18,785 [OM StateMachine ApplyTransaction Thread - 0] INFO  volume.OMVolumeCreateRequest (OMVolumeCreateRequest.java:validateAndUpdateCache(195)) - created volume:b0374fc7-3bb4-42e6-b69d-4c18ed428a39 for user:runner
2022-11-03 05:23:18,819 [Listener at 127.0.0.1/40235] INFO  rpc.RpcClient (RpcClient.java:createBucket(674)) - Creating Bucket: b0374fc7-3bb4-42e6-b69d-4c18ed428a39/b0374fc7-3bb4-42e6-b69d-4c18ed428a39, with server-side default bucket layout, runner as owner, Versioning false, Storage Type set to DISK and Encryption set to false 
2022-11-03 05:23:18,834 [OM StateMachine ApplyTransaction Thread - 0] INFO  bucket.OMBucketCreateRequest (OMBucketCreateRequest.java:validateAndUpdateCache(260)) - created bucket: b0374fc7-3bb4-42e6-b69d-4c18ed428a39 of layout LEGACY in volume: b0374fc7-3bb4-42e6-b69d-4c18ed428a39
2022-11-03 05:23:18,850 [Listener at 127.0.0.1/40235] INFO  rpc.RpcClient (RpcClient.java:createBucket(674)) - Creating Bucket: b0374fc7-3bb4-42e6-b69d-4c18ed428a39/ea3e9543-5b4e-4c5b-914c-6812f24e6c59, with server-side default bucket layout, runner as owner, Versioning false, Storage Type set to DISK and Encryption set to false 
2022-11-03 05:23:18,859 [OM StateMachine ApplyTransaction Thread - 0] INFO  bucket.OMBucketCreateRequest (OMBucketCreateRequest.java:validateAndUpdateCache(260)) - created bucket: ea3e9543-5b4e-4c5b-914c-6812f24e6c59 of layout LEGACY in volume: b0374fc7-3bb4-42e6-b69d-4c18ed428a39
2022-11-03 05:23:18,905 [IPC Server handler 0 on default port 38821] INFO  pipeline.PipelineStateManagerImpl (PipelineStateManagerImpl.java:addPipeline(103)) - Created pipeline Pipeline[ Id: e0997f04-f762-413f-bd41-9cd2b7375039, Nodes: 236f0899-86ef-4b9d-9b64-54b2c41e9569{ip: 10.1.1.42, host: fv-az119-847.ca0t41jjrjaujd4nublazzptxb.cx.internal.cloudapp.net, ports: [REPLICATION=35039, RATIS=45985, RATIS_ADMIN=45985, RATIS_SERVER=45985, STANDALONE=34715], networkLocation: /default-rack, certSerialId: null, persistedOpState: null, persistedOpStateExpiryEpochSec: 0}5ddfe129-1b79-40ed-b807-03daa2e9053a{ip: 10.1.1.42, host: fv-az119-847.ca0t41jjrjaujd4nublazzptxb.cx.internal.cloudapp.net, ports: [REPLICATION=34451, RATIS=37873, RATIS_ADMIN=37873, RATIS_SERVER=37873, STANDALONE=38545], networkLocation: /default-rack, certSerialId: null, persistedOpState: null, persistedOpStateExpiryEpochSec: 0}c4b91fe4-1e17-46ee-80ce-129a880b8a55{ip: 10.1.1.42, host: fv-az119-847.ca0t41jjrjaujd4nublazzptxb.cx.internal.cloudapp.net, ports: [REPLICATION=36393, RATIS=40201, RATIS_ADMIN=40201, RATIS_SERVER=40201, STANDALONE=42287], networkLocation: /default-rack, certSerialId: null, persistedOpState: null, persistedOpStateExpiryEpochSec: 0}c047bafd-0fa0-4f2f-9a8c-56ef9c35524f{ip: 10.1.1.42, host: fv-az119-847.ca0t41jjrjaujd4nublazzptxb.cx.internal.cloudapp.net, ports: [REPLICATION=42705, RATIS=40893, RATIS_ADMIN=40893, RATIS_SERVER=40893, STANDALONE=36323], networkLocation: /default-rack, certSerialId: null, persistedOpState: null, persistedOpStateExpiryEpochSec: 0}3459717f-89f3-488b-978e-7216d8acef6a{ip: 10.1.1.42, host: fv-az119-847.ca0t41jjrjaujd4nublazzptxb.cx.internal.cloudapp.net, ports: [REPLICATION=38201, RATIS=37511, RATIS_ADMIN=37511, RATIS_SERVER=37511, STANDALONE=36731], networkLocation: /default-rack, certSerialId: null, persistedOpState: null, persistedOpStateExpiryEpochSec: 0}, ReplicationConfig: EC/ECReplicationConfig{data=3, parity=2, ecChunkSize=1024, codec=rs}, State:ALLOCATED, leaderId:, CreationTimestamp2022-11-03T05:23:18.904Z[Etc/UTC]].
2022-11-03 05:23:18,906 [IPC Server handler 0 on default port 38821] INFO  ha.SequenceIdGenerator (SequenceIdGenerator.java:getNextId(128)) - Allocate a batch for containerId, change lastId from 0 to 1000.
2022-11-03 05:23:18,915 [IPC Server handler 0 on default port 38821] INFO  pipeline.PipelineManagerImpl (PipelineManagerImpl.java:openPipeline(367)) - Pipeline Pipeline[ Id: e0997f04-f762-413f-bd41-9cd2b7375039, Nodes: 236f0899-86ef-4b9d-9b64-54b2c41e9569{ip: 10.1.1.42, host: fv-az119-847.ca0t41jjrjaujd4nublazzptxb.cx.internal.cloudapp.net, ports: [REPLICATION=35039, RATIS=45985, RATIS_ADMIN=45985, RATIS_SERVER=45985, STANDALONE=34715], networkLocation: /default-rack, certSerialId: null, persistedOpState: null, persistedOpStateExpiryEpochSec: 0}5ddfe129-1b79-40ed-b807-03daa2e9053a{ip: 10.1.1.42, host: fv-az119-847.ca0t41jjrjaujd4nublazzptxb.cx.internal.cloudapp.net, ports: [REPLICATION=34451, RATIS=37873, RATIS_ADMIN=37873, RATIS_SERVER=37873, STANDALONE=38545], networkLocation: /default-rack, certSerialId: null, persistedOpState: null, persistedOpStateExpiryEpochSec: 0}c4b91fe4-1e17-46ee-80ce-129a880b8a55{ip: 10.1.1.42, host: fv-az119-847.ca0t41jjrjaujd4nublazzptxb.cx.internal.cloudapp.net, ports: [REPLICATION=36393, RATIS=40201, RATIS_ADMIN=40201, RATIS_SERVER=40201, STANDALONE=42287], networkLocation: /default-rack, certSerialId: null, persistedOpState: null, persistedOpStateExpiryEpochSec: 0}c047bafd-0fa0-4f2f-9a8c-56ef9c35524f{ip: 10.1.1.42, host: fv-az119-847.ca0t41jjrjaujd4nublazzptxb.cx.internal.cloudapp.net, ports: [REPLICATION=42705, RATIS=40893, RATIS_ADMIN=40893, RATIS_SERVER=40893, STANDALONE=36323], networkLocation: /default-rack, certSerialId: null, persistedOpState: null, persistedOpStateExpiryEpochSec: 0}3459717f-89f3-488b-978e-7216d8acef6a{ip: 10.1.1.42, host: fv-az119-847.ca0t41jjrjaujd4nublazzptxb.cx.internal.cloudapp.net, ports: [REPLICATION=38201, RATIS=37511, RATIS_ADMIN=37511, RATIS_SERVER=37511, STANDALONE=36731], networkLocation: /default-rack, certSerialId: null, persistedOpState: null, persistedOpStateExpiryEpochSec: 0}, ReplicationConfig: EC/ECReplicationConfig{data=3, parity=2, ecChunkSize=1024, codec=rs}, State:ALLOCATED, leaderId:, CreationTimestamp2022-11-03T05:23:18.904Z[Etc/UTC]] moved to OPEN state
2022-11-03 05:23:18,916 [IPC Server handler 0 on default port 38821] WARN  ha.SequenceIdGenerator (SequenceIdGenerator.java:allocateBatch(237)) - Failed to allocate a batch for localId, expected lastId is 0, actual lastId is 109611004723200000.
2022-11-03 05:23:18,916 [IPC Server handler 0 on default port 38821] INFO  ha.SequenceIdGenerator (SequenceIdGenerator.java:getNextId(128)) - Allocate a batch for localId, change lastId from 109611004723200000 to 109611004723201000.
2022-11-03 05:23:18,973 [236f0899-86ef-4b9d-9b64-54b2c41e9569@group-7CA10958393F-FollowerState] INFO  impl.FollowerState (FollowerState.java:run(143)) - 236f0899-86ef-4b9d-9b64-54b2c41e9569@group-7CA10958393F-FollowerState: change to CANDIDATE, lastRpcElapsedTime:5208563871ns, electionTimeout:5188ms
2022-11-03 05:23:18,973 [236f0899-86ef-4b9d-9b64-54b2c41e9569@group-7CA10958393F-FollowerState] INFO  impl.RoleInfo (RoleInfo.java:shutdownFollowerState(110)) - 236f0899-86ef-4b9d-9b64-54b2c41e9569: shutdown 236f0899-86ef-4b9d-9b64-54b2c41e9569@group-7CA10958393F-FollowerState
2022-11-03 05:23:18,973 [236f0899-86ef-4b9d-9b64-54b2c41e9569@group-7CA10958393F-FollowerState] INFO  server.RaftServer$Division (RaftServerImpl.java:setRole(321)) - 236f0899-86ef-4b9d-9b64-54b2c41e9569@group-7CA10958393F: changes role from  FOLLOWER to CANDIDATE at term 0 for changeToCandidate
2022-11-03 05:23:18,973 [236f0899-86ef-4b9d-9b64-54b2c41e9569@group-7CA10958393F-FollowerState] INFO  server.RaftServerConfigKeys (ConfUtils.java:logGet(46)) - raft.server.leaderelection.pre-vote = false (custom)
2022-11-03 05:23:18,973 [236f0899-86ef-4b9d-9b64-54b2c41e9569@group-7CA10958393F-FollowerState] INFO  impl.RoleInfo (RoleInfo.java:updateAndGet(139)) - 236f0899-86ef-4b9d-9b64-54b2c41e9569: start 236f0899-86ef-4b9d-9b64-54b2c41e9569@group-7CA10958393F-LeaderElection13
2022-11-03 05:23:18,986 [236f0899-86ef-4b9d-9b64-54b2c41e9569@group-7CA10958393F-LeaderElection13] INFO  impl.LeaderElection (LeaderElection.java:askForVotes(312)) - 236f0899-86ef-4b9d-9b64-54b2c41e9569@group-7CA10958393F-LeaderElection13 ELECTION round 0: submit vote requests at term 1 for -1: peers:[236f0899-86ef-4b9d-9b64-54b2c41e9569|rpc:10.1.1.42:45985|priority:1|startupRole:FOLLOWER]|listeners:[], old=null
2022-11-03 05:23:18,986 [236f0899-86ef-4b9d-9b64-54b2c41e9569@group-7CA10958393F-LeaderElection13] INFO  impl.LeaderElection (LeaderElection.java:askForVotes(314)) - 236f0899-86ef-4b9d-9b64-54b2c41e9569@group-7CA10958393F-LeaderElection13 ELECTION round 0: result PASSED (term=1)
2022-11-03 05:23:18,986 [236f0899-86ef-4b9d-9b64-54b2c41e9569@group-7CA10958393F-LeaderElection13] INFO  impl.RoleInfo (RoleInfo.java:shutdownLeaderElection(130)) - 236f0899-86ef-4b9d-9b64-54b2c41e9569: shutdown 236f0899-86ef-4b9d-9b64-54b2c41e9569@group-7CA10958393F-LeaderElection13
2022-11-03 05:23:18,987 [236f0899-86ef-4b9d-9b64-54b2c41e9569@group-7CA10958393F-LeaderElection13] INFO  server.RaftServer$Division (RaftServerImpl.java:setRole(321)) - 236f0899-86ef-4b9d-9b64-54b2c41e9569@group-7CA10958393F: changes role from CANDIDATE to LEADER at term 1 for changeToLeader
2022-11-03 05:23:18,987 [236f0899-86ef-4b9d-9b64-54b2c41e9569@group-7CA10958393F-LeaderElection13] INFO  ratis.XceiverServerRatis (XceiverServerRatis.java:handleLeaderChangedNotification(863)) - Leader change notification received for group: group-7CA10958393F with new leaderId: 236f0899-86ef-4b9d-9b64-54b2c41e9569
2022-11-03 05:23:18,991 [236f0899-86ef-4b9d-9b64-54b2c41e9569@group-7CA10958393F-LeaderElection13] INFO  server.RaftServer$Division (ServerState.java:setLeader(313)) - 236f0899-86ef-4b9d-9b64-54b2c41e9569@group-7CA10958393F: change Leader from null to 236f0899-86ef-4b9d-9b64-54b2c41e9569 at term 1 for becomeLeader, leader elected after 5231ms
2022-11-03 05:23:18,991 [236f0899-86ef-4b9d-9b64-54b2c41e9569@group-7CA10958393F-LeaderElection13] INFO  server.RaftServerConfigKeys (ConfUtils.java:logGet(46)) - raft.server.staging.catchup.gap = 1000 (default)
2022-11-03 05:23:18,991 [236f0899-86ef-4b9d-9b64-54b2c41e9569@group-7CA10958393F-LeaderElection13] INFO  server.RaftServerConfigKeys (ConfUtils.java:logGet(46)) - raft.server.write.element-limit = 1024 (custom)
2022-11-03 05:23:18,991 [236f0899-86ef-4b9d-9b64-54b2c41e9569@group-7CA10958393F-LeaderElection13] INFO  server.RaftServerConfigKeys (ConfUtils.java:logGet(46)) - raft.server.write.byte-limit = 1024 M (=1073741824) (custom)
2022-11-03 05:23:18,991 [236f0899-86ef-4b9d-9b64-54b2c41e9569@group-7CA10958393F-LeaderElection13] INFO  server.RaftServerConfigKeys (ConfUtils.java:logGet(46)) - raft.server.watch.timeout = 180s (custom)
2022-11-03 05:23:18,991 [236f0899-86ef-4b9d-9b64-54b2c41e9569@group-7CA10958393F-LeaderElection13] INFO  server.RaftServerConfigKeys (ConfUtils.java:logGet(46)) - raft.server.watch.timeout.denomination = 1s (default)
2022-11-03 05:23:18,991 [236f0899-86ef-4b9d-9b64-54b2c41e9569@group-7CA10958393F-LeaderElection13] INFO  server.RaftServerConfigKeys (ConfUtils.java:logGet(46)) - raft.server.watch.element-limit = 65536 (default)
2022-11-03 05:23:18,991 [236f0899-86ef-4b9d-9b64-54b2c41e9569@group-7CA10958393F-LeaderElection13] INFO  server.RaftServerConfigKeys (ConfUtils.java:logGet(46)) - raft.server.write.element-limit = 1024 (custom)
2022-11-03 05:23:18,991 [236f0899-86ef-4b9d-9b64-54b2c41e9569@group-7CA10958393F-LeaderElection13] INFO  server.RaftServerConfigKeys (ConfUtils.java:logGet(46)) - raft.server.write.follower.gap.ratio.max = -1.0 (default)
2022-11-03 05:23:18,992 [236f0899-86ef-4b9d-9b64-54b2c41e9569@group-7CA10958393F-LeaderElection13] INFO  impl.RoleInfo (RoleInfo.java:updateAndGet(139)) - 236f0899-86ef-4b9d-9b64-54b2c41e9569: start 236f0899-86ef-4b9d-9b64-54b2c41e9569@group-7CA10958393F-LeaderStateImpl
2022-11-03 05:23:18,993 [236f0899-86ef-4b9d-9b64-54b2c41e9569@group-7CA10958393F-LeaderElection13] INFO  segmented.SegmentedRaftLogWorker (SegmentedRaftLogWorker.java:startLogSegment(452)) - 236f0899-86ef-4b9d-9b64-54b2c41e9569@group-7CA10958393F-SegmentedRaftLogWorker: Starting segment from index:0
2022-11-03 05:23:19,014 [236f0899-86ef-4b9d-9b64-54b2c41e9569@group-7CA10958393F-LeaderElection13] INFO  server.RaftServer$Division (ServerState.java:setRaftConf(430)) - 236f0899-86ef-4b9d-9b64-54b2c41e9569@group-7CA10958393F: set configuration 0: peers:[236f0899-86ef-4b9d-9b64-54b2c41e9569|rpc:10.1.1.42:45985|dataStream:|priority:1|startupRole:FOLLOWER]|listeners:[], old=null
2022-11-03 05:23:19,014 [236f0899-86ef-4b9d-9b64-54b2c41e9569@group-7CA10958393F-SegmentedRaftLogWorker] INFO  segmented.SegmentedRaftLogWorker (SegmentedRaftLogWorker.java:execute(656)) - 236f0899-86ef-4b9d-9b64-54b2c41e9569@group-7CA10958393F-SegmentedRaftLogWorker: created new log segment /home/runner/work/ozone/ozone/hadoop-ozone/integration-test/target/test-dir/MiniOzoneClusterImpl-a947a097-fc53-45d1-b902-fe1272537128/datanode-5/data/ratis/9c655f0d-fbbc-4191-9417-7ca10958393f/current/log_inprogress_0
2022-11-03 05:23:19,045 [Listener at 127.0.0.1/40235] WARN  erasurecode.ErasureCodeNative (ErasureCodeNative.java:<clinit>(55)) - ISA-L support is not available in your platform... using builtin-java codec where applicable
2022-11-03 05:23:19,158 [Listener at 127.0.0.1/40235] INFO  impl.MetricsSystemImpl (MetricsSystemImpl.java:init(158)) - XceiverClientMetrics metrics system started (again)
2022-11-03 05:23:19,259 [c047bafd-0fa0-4f2f-9a8c-56ef9c35524f@group-07E747FEAB49-FollowerState] INFO  impl.FollowerState (FollowerState.java:run(143)) - c047bafd-0fa0-4f2f-9a8c-56ef9c35524f@group-07E747FEAB49-FollowerState: change to CANDIDATE, lastRpcElapsedTime:5045980814ns, electionTimeout:5037ms
2022-11-03 05:23:19,259 [c047bafd-0fa0-4f2f-9a8c-56ef9c35524f@group-07E747FEAB49-FollowerState] INFO  impl.RoleInfo (RoleInfo.java:shutdownFollowerState(110)) - c047bafd-0fa0-4f2f-9a8c-56ef9c35524f: shutdown c047bafd-0fa0-4f2f-9a8c-56ef9c35524f@group-07E747FEAB49-FollowerState
2022-11-03 05:23:19,260 [c047bafd-0fa0-4f2f-9a8c-56ef9c35524f@group-07E747FEAB49-FollowerState] INFO  server.RaftServer$Division (RaftServerImpl.java:setRole(321)) - c047bafd-0fa0-4f2f-9a8c-56ef9c35524f@group-07E747FEAB49: changes role from  FOLLOWER to CANDIDATE at term 0 for changeToCandidate
2022-11-03 05:23:19,260 [c047bafd-0fa0-4f2f-9a8c-56ef9c35524f@group-07E747FEAB49-FollowerState] INFO  server.RaftServerConfigKeys (ConfUtils.java:logGet(46)) - raft.server.leaderelection.pre-vote = false (custom)
2022-11-03 05:23:19,260 [c047bafd-0fa0-4f2f-9a8c-56ef9c35524f@group-07E747FEAB49-FollowerState] INFO  impl.RoleInfo (RoleInfo.java:updateAndGet(139)) - c047bafd-0fa0-4f2f-9a8c-56ef9c35524f: start c047bafd-0fa0-4f2f-9a8c-56ef9c35524f@group-07E747FEAB49-LeaderElection14
2022-11-03 05:23:19,260 [c047bafd-0fa0-4f2f-9a8c-56ef9c35524f@group-328117242DA8-FollowerState] INFO  impl.FollowerState (FollowerState.java:run(143)) - c047bafd-0fa0-4f2f-9a8c-56ef9c35524f@group-328117242DA8-FollowerState: change to CANDIDATE, lastRpcElapsedTime:5022402691ns, electionTimeout:5013ms
2022-11-03 05:23:19,260 [c047bafd-0fa0-4f2f-9a8c-56ef9c35524f@group-328117242DA8-FollowerState] INFO  impl.RoleInfo (RoleInfo.java:shutdownFollowerState(110)) - c047bafd-0fa0-4f2f-9a8c-56ef9c35524f: shutdown c047bafd-0fa0-4f2f-9a8c-56ef9c35524f@group-328117242DA8-FollowerState
2022-11-03 05:23:19,260 [c047bafd-0fa0-4f2f-9a8c-56ef9c35524f@group-328117242DA8-FollowerState] INFO  server.RaftServer$Division (RaftServerImpl.java:setRole(321)) - c047bafd-0fa0-4f2f-9a8c-56ef9c35524f@group-328117242DA8: changes role from  FOLLOWER to CANDIDATE at term 0 for changeToCandidate
2022-11-03 05:23:19,260 [c047bafd-0fa0-4f2f-9a8c-56ef9c35524f@group-328117242DA8-FollowerState] INFO  server.RaftServerConfigKeys (ConfUtils.java:logGet(46)) - raft.server.leaderelection.pre-vote = false (custom)
2022-11-03 05:23:19,260 [c047bafd-0fa0-4f2f-9a8c-56ef9c35524f@group-328117242DA8-FollowerState] INFO  impl.RoleInfo (RoleInfo.java:updateAndGet(139)) - c047bafd-0fa0-4f2f-9a8c-56ef9c35524f: start c047bafd-0fa0-4f2f-9a8c-56ef9c35524f@group-328117242DA8-LeaderElection15
2022-11-03 05:23:19,270 [c047bafd-0fa0-4f2f-9a8c-56ef9c35524f@group-07E747FEAB49-LeaderElection14] INFO  impl.LeaderElection (LeaderElection.java:askForVotes(312)) - c047bafd-0fa0-4f2f-9a8c-56ef9c35524f@group-07E747FEAB49-LeaderElection14 ELECTION round 0: submit vote requests at term 1 for -1: peers:[c047bafd-0fa0-4f2f-9a8c-56ef9c35524f|rpc:10.1.1.42:40893|priority:1|startupRole:FOLLOWER]|listeners:[], old=null
2022-11-03 05:23:19,270 [c047bafd-0fa0-4f2f-9a8c-56ef9c35524f@group-07E747FEAB49-LeaderElection14] INFO  impl.LeaderElection (LeaderElection.java:askForVotes(314)) - c047bafd-0fa0-4f2f-9a8c-56ef9c35524f@group-07E747FEAB49-LeaderElection14 ELECTION round 0: result PASSED (term=1)
2022-11-03 05:23:19,270 [c047bafd-0fa0-4f2f-9a8c-56ef9c35524f@group-07E747FEAB49-LeaderElection14] INFO  impl.RoleInfo (RoleInfo.java:shutdownLeaderElection(130)) - c047bafd-0fa0-4f2f-9a8c-56ef9c35524f: shutdown c047bafd-0fa0-4f2f-9a8c-56ef9c35524f@group-07E747FEAB49-LeaderElection14
2022-11-03 05:23:19,270 [c047bafd-0fa0-4f2f-9a8c-56ef9c35524f@group-07E747FEAB49-LeaderElection14] INFO  server.RaftServer$Division (RaftServerImpl.java:setRole(321)) - c047bafd-0fa0-4f2f-9a8c-56ef9c35524f@group-07E747FEAB49: changes role from CANDIDATE to LEADER at term 1 for changeToLeader
2022-11-03 05:23:19,270 [c047bafd-0fa0-4f2f-9a8c-56ef9c35524f@group-07E747FEAB49-LeaderElection14] INFO  ratis.XceiverServerRatis (XceiverServerRatis.java:handleLeaderChangedNotification(863)) - Leader change notification received for group: group-07E747FEAB49 with new leaderId: c047bafd-0fa0-4f2f-9a8c-56ef9c35524f
2022-11-03 05:23:19,270 [c047bafd-0fa0-4f2f-9a8c-56ef9c35524f@group-07E747FEAB49-LeaderElection14] INFO  server.RaftServer$Division (ServerState.java:setLeader(313)) - c047bafd-0fa0-4f2f-9a8c-56ef9c35524f@group-07E747FEAB49: change Leader from null to c047bafd-0fa0-4f2f-9a8c-56ef9c35524f at term 1 for becomeLeader, leader elected after 5070ms
2022-11-03 05:23:19,270 [c047bafd-0fa0-4f2f-9a8c-56ef9c35524f@group-07E747FEAB49-LeaderElection14] INFO  server.RaftServerConfigKeys (ConfUtils.java:logGet(46)) - raft.server.staging.catchup.gap = 1000 (default)
2022-11-03 05:23:19,271 [c047bafd-0fa0-4f2f-9a8c-56ef9c35524f@group-07E747FEAB49-LeaderElection14] INFO  server.RaftServerConfigKeys (ConfUtils.java:logGet(46)) - raft.server.write.element-limit = 1024 (custom)
2022-11-03 05:23:19,271 [c047bafd-0fa0-4f2f-9a8c-56ef9c35524f@group-07E747FEAB49-LeaderElection14] INFO  server.RaftServerConfigKeys (ConfUtils.java:logGet(46)) - raft.server.write.byte-limit = 1024 M (=1073741824) (custom)
2022-11-03 05:23:19,271 [c047bafd-0fa0-4f2f-9a8c-56ef9c35524f@group-07E747FEAB49-LeaderElection14] INFO  server.RaftServerConfigKeys (ConfUtils.java:logGet(46)) - raft.server.watch.timeout = 180s (custom)
2022-11-03 05:23:19,271 [c047bafd-0fa0-4f2f-9a8c-56ef9c35524f@group-07E747FEAB49-LeaderElection14] INFO  server.RaftServerConfigKeys (ConfUtils.java:logGet(46)) - raft.server.watch.timeout.denomination = 1s (default)
2022-11-03 05:23:19,272 [c047bafd-0fa0-4f2f-9a8c-56ef9c35524f@group-07E747FEAB49-LeaderElection14] INFO  server.RaftServerConfigKeys (ConfUtils.java:logGet(46)) - raft.server.watch.element-limit = 65536 (default)
2022-11-03 05:23:19,272 [c047bafd-0fa0-4f2f-9a8c-56ef9c35524f@group-07E747FEAB49-LeaderElection14] INFO  server.RaftServerConfigKeys (ConfUtils.java:logGet(46)) - raft.server.write.element-limit = 1024 (custom)
2022-11-03 05:23:19,272 [c047bafd-0fa0-4f2f-9a8c-56ef9c35524f@group-07E747FEAB49-LeaderElection14] INFO  server.RaftServerConfigKeys (ConfUtils.java:logGet(46)) - raft.server.write.follower.gap.ratio.max = -1.0 (default)
2022-11-03 05:23:19,272 [c047bafd-0fa0-4f2f-9a8c-56ef9c35524f@group-07E747FEAB49-LeaderElection14] INFO  impl.RoleInfo (RoleInfo.java:updateAndGet(139)) - c047bafd-0fa0-4f2f-9a8c-56ef9c35524f: start c047bafd-0fa0-4f2f-9a8c-56ef9c35524f@group-07E747FEAB49-LeaderStateImpl
2022-11-03 05:23:19,273 [c047bafd-0fa0-4f2f-9a8c-56ef9c35524f@group-07E747FEAB49-LeaderElection14] INFO  segmented.SegmentedRaftLogWorker (SegmentedRaftLogWorker.java:startLogSegment(452)) - c047bafd-0fa0-4f2f-9a8c-56ef9c35524f@group-07E747FEAB49-SegmentedRaftLogWorker: Starting segment from index:0
2022-11-03 05:23:19,274 [c047bafd-0fa0-4f2f-9a8c-56ef9c35524f@group-07E747FEAB49-SegmentedRaftLogWorker] INFO  segmented.SegmentedRaftLogWorker (SegmentedRaftLogWorker.java:execute(656)) - c047bafd-0fa0-4f2f-9a8c-56ef9c35524f@group-07E747FEAB49-SegmentedRaftLogWorker: created new log segment /home/runner/work/ozone/ozone/hadoop-ozone/integration-test/target/test-dir/MiniOzoneClusterImpl-a947a097-fc53-45d1-b902-fe1272537128/datanode-6/data/ratis/978c35a9-b7e9-474f-b4e6-07e747feab49/current/log_inprogress_0
2022-11-03 05:23:19,286 [c047bafd-0fa0-4f2f-9a8c-56ef9c35524f@group-07E747FEAB49-LeaderElection14] INFO  server.RaftServer$Division (ServerState.java:setRaftConf(430)) - c047bafd-0fa0-4f2f-9a8c-56ef9c35524f@group-07E747FEAB49: set configuration 0: peers:[c047bafd-0fa0-4f2f-9a8c-56ef9c35524f|rpc:10.1.1.42:40893|dataStream:|priority:1|startupRole:FOLLOWER]|listeners:[], old=null
2022-11-03 05:23:19,288 [c047bafd-0fa0-4f2f-9a8c-56ef9c35524f@group-328117242DA8-LeaderElection15] INFO  impl.LeaderElection (LeaderElection.java:askForVotes(312)) - c047bafd-0fa0-4f2f-9a8c-56ef9c35524f@group-328117242DA8-LeaderElection15 ELECTION round 0: submit vote requests at term 1 for -1: peers:[1397ad66-7a30-4622-84c4-76091eab1ef3|rpc:10.1.1.42:46719|priority:1|startupRole:FOLLOWER, edbb8909-d467-4274-b253-e11b41a723b1|rpc:10.1.1.42:38807|priority:0|startupRole:FOLLOWER, c047bafd-0fa0-4f2f-9a8c-56ef9c35524f|rpc:10.1.1.42:40893|priority:0|startupRole:FOLLOWER]|listeners:[], old=null
2022-11-03 05:23:19,293 [c047bafd-0fa0-4f2f-9a8c-56ef9c35524f@group-328117242DA8-LeaderElection15-1] INFO  server.GrpcServerProtocolClient (GrpcServerProtocolClient.java:<init>(63)) - Build channel for 1397ad66-7a30-4622-84c4-76091eab1ef3
2022-11-03 05:23:19,298 [c047bafd-0fa0-4f2f-9a8c-56ef9c35524f@group-328117242DA8-LeaderElection15] INFO  server.RaftServerConfigKeys (ConfUtils.java:logFallback(53)) - raft.server.rpc.first-election.timeout.min = 5s (fallback to raft.server.rpc.timeout.min)
2022-11-03 05:23:19,298 [c047bafd-0fa0-4f2f-9a8c-56ef9c35524f@group-328117242DA8-LeaderElection15] INFO  server.RaftServerConfigKeys (ConfUtils.java:logFallback(53)) - raft.server.rpc.first-election.timeout.max = 5200ms (fallback to raft.server.rpc.timeout.max)
2022-11-03 05:23:19,298 [c047bafd-0fa0-4f2f-9a8c-56ef9c35524f@group-328117242DA8-LeaderElection15-2] INFO  server.GrpcServerProtocolClient (GrpcServerProtocolClient.java:<init>(63)) - Build channel for edbb8909-d467-4274-b253-e11b41a723b1
2022-11-03 05:23:19,318 [grpc-default-executor-1] INFO  server.RaftServer$Division (RaftServerImpl.java:requestVote(1218)) - 1397ad66-7a30-4622-84c4-76091eab1ef3@group-328117242DA8: receive requestVote(ELECTION, c047bafd-0fa0-4f2f-9a8c-56ef9c35524f, group-328117242DA8, 1, (t:0, i:0))
2022-11-03 05:23:19,318 [grpc-default-executor-1] INFO  impl.VoteContext (VoteContext.java:log(48)) - 1397ad66-7a30-4622-84c4-76091eab1ef3@group-328117242DA8-FOLLOWER: reject ELECTION from c047bafd-0fa0-4f2f-9a8c-56ef9c35524f: our priority 1 > candidate's priority 0
2022-11-03 05:23:19,318 [grpc-default-executor-1] INFO  server.RaftServer$Division (RaftServerImpl.java:setRole(321)) - 1397ad66-7a30-4622-84c4-76091eab1ef3@group-328117242DA8: changes role from  FOLLOWER to FOLLOWER at term 1 for candidate:c047bafd-0fa0-4f2f-9a8c-56ef9c35524f
2022-11-03 05:23:19,318 [grpc-default-executor-1] INFO  impl.RoleInfo (RoleInfo.java:shutdownFollowerState(110)) - 1397ad66-7a30-4622-84c4-76091eab1ef3: shutdown 1397ad66-7a30-4622-84c4-76091eab1ef3@group-328117242DA8-FollowerState
2022-11-03 05:23:19,318 [grpc-default-executor-1] INFO  impl.RoleInfo (RoleInfo.java:updateAndGet(139)) - 1397ad66-7a30-4622-84c4-76091eab1ef3: start 1397ad66-7a30-4622-84c4-76091eab1ef3@group-328117242DA8-FollowerState
2022-11-03 05:23:19,318 [1397ad66-7a30-4622-84c4-76091eab1ef3@group-328117242DA8-FollowerState] INFO  impl.FollowerState (FollowerState.java:run(152)) - 1397ad66-7a30-4622-84c4-76091eab1ef3@group-328117242DA8-FollowerState was interrupted
2022-11-03 05:23:19,329 [grpc-default-executor-2] INFO  server.RaftServer$Division (RaftServerImpl.java:requestVote(1218)) - edbb8909-d467-4274-b253-e11b41a723b1@group-328117242DA8: receive requestVote(ELECTION, c047bafd-0fa0-4f2f-9a8c-56ef9c35524f, group-328117242DA8, 1, (t:0, i:0))
2022-11-03 05:23:19,329 [grpc-default-executor-2] INFO  impl.VoteContext (VoteContext.java:log(48)) - edbb8909-d467-4274-b253-e11b41a723b1@group-328117242DA8-FOLLOWER: accept ELECTION from c047bafd-0fa0-4f2f-9a8c-56ef9c35524f: our priority 0 <= candidate's priority 0
2022-11-03 05:23:19,329 [grpc-default-executor-2] INFO  server.RaftServer$Division (RaftServerImpl.java:setRole(321)) - edbb8909-d467-4274-b253-e11b41a723b1@group-328117242DA8: changes role from  FOLLOWER to FOLLOWER at term 1 for candidate:c047bafd-0fa0-4f2f-9a8c-56ef9c35524f
2022-11-03 05:23:19,329 [grpc-default-executor-2] INFO  impl.RoleInfo (RoleInfo.java:shutdownFollowerState(110)) - edbb8909-d467-4274-b253-e11b41a723b1: shutdown edbb8909-d467-4274-b253-e11b41a723b1@group-328117242DA8-FollowerState
2022-11-03 05:23:19,329 [grpc-default-executor-2] INFO  impl.RoleInfo (RoleInfo.java:updateAndGet(139)) - edbb8909-d467-4274-b253-e11b41a723b1: start edbb8909-d467-4274-b253-e11b41a723b1@group-328117242DA8-FollowerState
2022-11-03 05:23:19,329 [edbb8909-d467-4274-b253-e11b41a723b1@group-328117242DA8-FollowerState] INFO  impl.FollowerState (FollowerState.java:run(152)) - edbb8909-d467-4274-b253-e11b41a723b1@group-328117242DA8-FollowerState was interrupted
2022-11-03 05:23:19,332 [grpc-default-executor-1] INFO  server.RaftServer$Division (RaftServerImpl.java:requestVote(1251)) - 1397ad66-7a30-4622-84c4-76091eab1ef3@group-328117242DA8 replies to ELECTION vote request: c047bafd-0fa0-4f2f-9a8c-56ef9c35524f<-1397ad66-7a30-4622-84c4-76091eab1ef3#0:FAIL-t1. Peer's state: 1397ad66-7a30-4622-84c4-76091eab1ef3@group-328117242DA8:t1, leader=null, voted=null, raftlog=Memoized:1397ad66-7a30-4622-84c4-76091eab1ef3@group-328117242DA8-SegmentedRaftLog:OPENED:c-1, conf=-1: peers:[1397ad66-7a30-4622-84c4-76091eab1ef3|rpc:10.1.1.42:46719|dataStream:|priority:1|startupRole:FOLLOWER, edbb8909-d467-4274-b253-e11b41a723b1|rpc:10.1.1.42:38807|dataStream:|priority:0|startupRole:FOLLOWER, c047bafd-0fa0-4f2f-9a8c-56ef9c35524f|rpc:10.1.1.42:40893|dataStream:|priority:0|startupRole:FOLLOWER]|listeners:[], old=null
2022-11-03 05:23:19,334 [c047bafd-0fa0-4f2f-9a8c-56ef9c35524f@group-328117242DA8-LeaderElection15] INFO  impl.LeaderElection (LeaderElection.java:logAndReturn(90)) - c047bafd-0fa0-4f2f-9a8c-56ef9c35524f@group-328117242DA8-LeaderElection15: ELECTION REJECTED received 1 response(s) and 0 exception(s):
2022-11-03 05:23:19,334 [c047bafd-0fa0-4f2f-9a8c-56ef9c35524f@group-328117242DA8-LeaderElection15] INFO  impl.LeaderElection (LeaderElection.java:logAndReturn(94)) -   Response 0: c047bafd-0fa0-4f2f-9a8c-56ef9c35524f<-1397ad66-7a30-4622-84c4-76091eab1ef3#0:FAIL-t1
2022-11-03 05:23:19,334 [c047bafd-0fa0-4f2f-9a8c-56ef9c35524f@group-328117242DA8-LeaderElection15] INFO  impl.LeaderElection (LeaderElection.java:askForVotes(314)) - c047bafd-0fa0-4f2f-9a8c-56ef9c35524f@group-328117242DA8-LeaderElection15 ELECTION round 0: result REJECTED
2022-11-03 05:23:19,334 [c047bafd-0fa0-4f2f-9a8c-56ef9c35524f@group-328117242DA8-LeaderElection15] INFO  server.RaftServer$Division (RaftServerImpl.java:setRole(321)) - c047bafd-0fa0-4f2f-9a8c-56ef9c35524f@group-328117242DA8: changes role from CANDIDATE to FOLLOWER at term 1 for REJECTED
2022-11-03 05:23:19,335 [c047bafd-0fa0-4f2f-9a8c-56ef9c35524f@group-328117242DA8-LeaderElection15] INFO  impl.RoleInfo (RoleInfo.java:shutdownLeaderElection(130)) - c047bafd-0fa0-4f2f-9a8c-56ef9c35524f: shutdown c047bafd-0fa0-4f2f-9a8c-56ef9c35524f@group-328117242DA8-LeaderElection15
2022-11-03 05:23:19,335 [c047bafd-0fa0-4f2f-9a8c-56ef9c35524f@group-328117242DA8-LeaderElection15] INFO  impl.RoleInfo (RoleInfo.java:updateAndGet(139)) - c047bafd-0fa0-4f2f-9a8c-56ef9c35524f: start c047bafd-0fa0-4f2f-9a8c-56ef9c35524f@group-328117242DA8-FollowerState
2022-11-03 05:23:19,339 [1397ad66-7a30-4622-84c4-76091eab1ef3@group-328117242DA8-FollowerState] INFO  server.RaftServerConfigKeys (ConfUtils.java:logFallback(53)) - raft.server.rpc.first-election.timeout.min = 5s (fallback to raft.server.rpc.timeout.min)
2022-11-03 05:23:19,340 [1397ad66-7a30-4622-84c4-76091eab1ef3@group-328117242DA8-FollowerState] INFO  server.RaftServerConfigKeys (ConfUtils.java:logFallback(53)) - raft.server.rpc.first-election.timeout.max = 5200ms (fallback to raft.server.rpc.timeout.max)
2022-11-03 05:23:19,341 [grpc-default-executor-2] INFO  server.RaftServer$Division (RaftServerImpl.java:requestVote(1251)) - edbb8909-d467-4274-b253-e11b41a723b1@group-328117242DA8 replies to ELECTION vote request: c047bafd-0fa0-4f2f-9a8c-56ef9c35524f<-edbb8909-d467-4274-b253-e11b41a723b1#0:OK-t1. Peer's state: edbb8909-d467-4274-b253-e11b41a723b1@group-328117242DA8:t1, leader=null, voted=c047bafd-0fa0-4f2f-9a8c-56ef9c35524f, raftlog=Memoized:edbb8909-d467-4274-b253-e11b41a723b1@group-328117242DA8-SegmentedRaftLog:OPENED:c-1, conf=-1: peers:[1397ad66-7a30-4622-84c4-76091eab1ef3|rpc:10.1.1.42:46719|dataStream:|priority:1|startupRole:FOLLOWER, edbb8909-d467-4274-b253-e11b41a723b1|rpc:10.1.1.42:38807|dataStream:|priority:0|startupRole:FOLLOWER, c047bafd-0fa0-4f2f-9a8c-56ef9c35524f|rpc:10.1.1.42:40893|dataStream:|priority:0|startupRole:FOLLOWER]|listeners:[], old=null
2022-11-03 05:23:19,342 [edbb8909-d467-4274-b253-e11b41a723b1@group-328117242DA8-FollowerState] INFO  server.RaftServerConfigKeys (ConfUtils.java:logFallback(53)) - raft.server.rpc.first-election.timeout.min = 5s (fallback to raft.server.rpc.timeout.min)
2022-11-03 05:23:19,342 [edbb8909-d467-4274-b253-e11b41a723b1@group-328117242DA8-FollowerState] INFO  server.RaftServerConfigKeys (ConfUtils.java:logFallback(53)) - raft.server.rpc.first-election.timeout.max = 5200ms (fallback to raft.server.rpc.timeout.max)
2022-11-03 05:23:19,345 [c047bafd-0fa0-4f2f-9a8c-56ef9c35524f@group-328117242DA8-FollowerState] INFO  server.RaftServerConfigKeys (ConfUtils.java:logFallback(53)) - raft.server.rpc.first-election.timeout.min = 5s (fallback to raft.server.rpc.timeout.min)
2022-11-03 05:23:19,345 [c047bafd-0fa0-4f2f-9a8c-56ef9c35524f@group-328117242DA8-FollowerState] INFO  server.RaftServerConfigKeys (ConfUtils.java:logFallback(53)) - raft.server.rpc.first-election.timeout.max = 5200ms (fallback to raft.server.rpc.timeout.max)
2022-11-03 05:23:19,383 [1397ad66-7a30-4622-84c4-76091eab1ef3@group-CEF2DDE05160-FollowerState] INFO  impl.FollowerState (FollowerState.java:run(143)) - 1397ad66-7a30-4622-84c4-76091eab1ef3@group-CEF2DDE05160-FollowerState: change to CANDIDATE, lastRpcElapsedTime:5032688422ns, electionTimeout:5031ms
2022-11-03 05:23:19,383 [1397ad66-7a30-4622-84c4-76091eab1ef3@group-CEF2DDE05160-FollowerState] INFO  impl.RoleInfo (RoleInfo.java:shutdownFollowerState(110)) - 1397ad66-7a30-4622-84c4-76091eab1ef3: shutdown 1397ad66-7a30-4622-84c4-76091eab1ef3@group-CEF2DDE05160-FollowerState
2022-11-03 05:23:19,383 [1397ad66-7a30-4622-84c4-76091eab1ef3@group-CEF2DDE05160-FollowerState] INFO  server.RaftServer$Division (RaftServerImpl.java:setRole(321)) - 1397ad66-7a30-4622-84c4-76091eab1ef3@group-CEF2DDE05160: changes role from  FOLLOWER to CANDIDATE at term 0 for changeToCandidate
2022-11-03 05:23:19,383 [1397ad66-7a30-4622-84c4-76091eab1ef3@group-CEF2DDE05160-FollowerState] INFO  server.RaftServerConfigKeys (ConfUtils.java:logGet(46)) - raft.server.leaderelection.pre-vote = false (custom)
2022-11-03 05:23:19,383 [1397ad66-7a30-4622-84c4-76091eab1ef3@group-CEF2DDE05160-FollowerState] INFO  impl.RoleInfo (RoleInfo.java:updateAndGet(139)) - 1397ad66-7a30-4622-84c4-76091eab1ef3: start 1397ad66-7a30-4622-84c4-76091eab1ef3@group-CEF2DDE05160-LeaderElection16
2022-11-03 05:23:19,393 [1397ad66-7a30-4622-84c4-76091eab1ef3@group-CEF2DDE05160-LeaderElection16] INFO  impl.LeaderElection (LeaderElection.java:askForVotes(312)) - 1397ad66-7a30-4622-84c4-76091eab1ef3@group-CEF2DDE05160-LeaderElection16 ELECTION round 0: submit vote requests at term 1 for -1: peers:[1397ad66-7a30-4622-84c4-76091eab1ef3|rpc:10.1.1.42:46719|dataStream:|priority:0|startupRole:FOLLOWER, edbb8909-d467-4274-b253-e11b41a723b1|rpc:10.1.1.42:38807|dataStream:|priority:0|startupRole:FOLLOWER, c047bafd-0fa0-4f2f-9a8c-56ef9c35524f|rpc:10.1.1.42:40893|dataStream:|priority:1|startupRole:FOLLOWER]|listeners:[], old=null
2022-11-03 05:23:19,424 [1397ad66-7a30-4622-84c4-76091eab1ef3@group-CEF2DDE05160-LeaderElection16-1] INFO  server.GrpcServerProtocolClient (GrpcServerProtocolClient.java:<init>(63)) - Build channel for edbb8909-d467-4274-b253-e11b41a723b1
2022-11-03 05:23:19,425 [1397ad66-7a30-4622-84c4-76091eab1ef3@group-CEF2DDE05160-LeaderElection16] INFO  server.RaftServerConfigKeys (ConfUtils.java:logFallback(53)) - raft.server.rpc.first-election.timeout.min = 5s (fallback to raft.server.rpc.timeout.min)
2022-11-03 05:23:19,425 [1397ad66-7a30-4622-84c4-76091eab1ef3@group-CEF2DDE05160-LeaderElection16] INFO  server.RaftServerConfigKeys (ConfUtils.java:logFallback(53)) - raft.server.rpc.first-election.timeout.max = 5200ms (fallback to raft.server.rpc.timeout.max)
2022-11-03 05:23:19,425 [1397ad66-7a30-4622-84c4-76091eab1ef3@group-CEF2DDE05160-LeaderElection16-2] INFO  server.GrpcServerProtocolClient (GrpcServerProtocolClient.java:<init>(63)) - Build channel for c047bafd-0fa0-4f2f-9a8c-56ef9c35524f
2022-11-03 05:23:19,427 [c047bafd-0fa0-4f2f-9a8c-56ef9c35524f@group-CEF2DDE05160-FollowerState] INFO  impl.FollowerState (FollowerState.java:run(143)) - c047bafd-0fa0-4f2f-9a8c-56ef9c35524f@group-CEF2DDE05160-FollowerState: change to CANDIDATE, lastRpcElapsedTime:5096003847ns, electionTimeout:5094ms
2022-11-03 05:23:19,439 [c047bafd-0fa0-4f2f-9a8c-56ef9c35524f@group-CEF2DDE05160-FollowerState] INFO  impl.RoleInfo (RoleInfo.java:shutdownFollowerState(110)) - c047bafd-0fa0-4f2f-9a8c-56ef9c35524f: shutdown c047bafd-0fa0-4f2f-9a8c-56ef9c35524f@group-CEF2DDE05160-FollowerState
2022-11-03 05:23:19,439 [c047bafd-0fa0-4f2f-9a8c-56ef9c35524f@group-CEF2DDE05160-FollowerState] INFO  server.RaftServer$Division (RaftServerImpl.java:setRole(321)) - c047bafd-0fa0-4f2f-9a8c-56ef9c35524f@group-CEF2DDE05160: changes role from  FOLLOWER to CANDIDATE at term 0 for changeToCandidate
2022-11-03 05:23:19,447 [c047bafd-0fa0-4f2f-9a8c-56ef9c35524f@group-CEF2DDE05160-FollowerState] INFO  server.RaftServerConfigKeys (ConfUtils.java:logGet(46)) - raft.server.leaderelection.pre-vote = false (custom)
2022-11-03 05:23:19,447 [c047bafd-0fa0-4f2f-9a8c-56ef9c35524f@group-CEF2DDE05160-FollowerState] INFO  impl.RoleInfo (RoleInfo.java:updateAndGet(139)) - c047bafd-0fa0-4f2f-9a8c-56ef9c35524f: start c047bafd-0fa0-4f2f-9a8c-56ef9c35524f@group-CEF2DDE05160-LeaderElection17
2022-11-03 05:23:19,456 [grpc-default-executor-4] INFO  server.RaftServer$Division (RaftServerImpl.java:requestVote(1218)) - c047bafd-0fa0-4f2f-9a8c-56ef9c35524f@group-CEF2DDE05160: receive requestVote(ELECTION, 1397ad66-7a30-4622-84c4-76091eab1ef3, group-CEF2DDE05160, 1, (t:0, i:0))
2022-11-03 05:23:19,465 [grpc-default-executor-4] INFO  impl.VoteContext (VoteContext.java:log(48)) - c047bafd-0fa0-4f2f-9a8c-56ef9c35524f@group-CEF2DDE05160-CANDIDATE: reject ELECTION from 1397ad66-7a30-4622-84c4-76091eab1ef3: our priority 1 > candidate's priority 0
2022-11-03 05:23:19,465 [grpc-default-executor-4] INFO  server.RaftServer$Division (RaftServerImpl.java:setRole(321)) - c047bafd-0fa0-4f2f-9a8c-56ef9c35524f@group-CEF2DDE05160: changes role from CANDIDATE to FOLLOWER at term 1 for candidate:1397ad66-7a30-4622-84c4-76091eab1ef3
2022-11-03 05:23:19,465 [grpc-default-executor-4] INFO  impl.RoleInfo (RoleInfo.java:shutdownLeaderElection(130)) - c047bafd-0fa0-4f2f-9a8c-56ef9c35524f: shutdown c047bafd-0fa0-4f2f-9a8c-56ef9c35524f@group-CEF2DDE05160-LeaderElection17
2022-11-03 05:23:19,466 [grpc-default-executor-4] INFO  impl.RoleInfo (RoleInfo.java:updateAndGet(139)) - c047bafd-0fa0-4f2f-9a8c-56ef9c35524f: start c047bafd-0fa0-4f2f-9a8c-56ef9c35524f@group-CEF2DDE05160-FollowerState
2022-11-03 05:23:19,469 [c047bafd-0fa0-4f2f-9a8c-56ef9c35524f@group-CEF2DDE05160-FollowerState] INFO  server.RaftServerConfigKeys (ConfUtils.java:logFallback(53)) - raft.server.rpc.first-election.timeout.min = 5s (fallback to raft.server.rpc.timeout.min)
2022-11-03 05:23:19,469 [c047bafd-0fa0-4f2f-9a8c-56ef9c35524f@group-CEF2DDE05160-FollowerState] INFO  server.RaftServerConfigKeys (ConfUtils.java:logFallback(53)) - raft.server.rpc.first-election.timeout.max = 5200ms (fallback to raft.server.rpc.timeout.max)
2022-11-03 05:23:19,469 [grpc-default-executor-4] INFO  server.RaftServer$Division (RaftServerImpl.java:requestVote(1251)) - c047bafd-0fa0-4f2f-9a8c-56ef9c35524f@group-CEF2DDE05160 replies to ELECTION vote request: 1397ad66-7a30-4622-84c4-76091eab1ef3<-c047bafd-0fa0-4f2f-9a8c-56ef9c35524f#0:FAIL-t1. Peer's state: c047bafd-0fa0-4f2f-9a8c-56ef9c35524f@group-CEF2DDE05160:t1, leader=null, voted=null, raftlog=Memoized:c047bafd-0fa0-4f2f-9a8c-56ef9c35524f@group-CEF2DDE05160-SegmentedRaftLog:OPENED:c-1, conf=-1: peers:[1397ad66-7a30-4622-84c4-76091eab1ef3|rpc:10.1.1.42:46719|priority:0|startupRole:FOLLOWER, edbb8909-d467-4274-b253-e11b41a723b1|rpc:10.1.1.42:38807|priority:0|startupRole:FOLLOWER, c047bafd-0fa0-4f2f-9a8c-56ef9c35524f|rpc:10.1.1.42:40893|priority:1|startupRole:FOLLOWER]|listeners:[], old=null
2022-11-03 05:23:19,470 [1397ad66-7a30-4622-84c4-76091eab1ef3@group-CEF2DDE05160-LeaderElection16] INFO  impl.LeaderElection (LeaderElection.java:logAndReturn(90)) - 1397ad66-7a30-4622-84c4-76091eab1ef3@group-CEF2DDE05160-LeaderElection16: ELECTION REJECTED received 1 response(s) and 0 exception(s):
2022-11-03 05:23:19,470 [1397ad66-7a30-4622-84c4-76091eab1ef3@group-CEF2DDE05160-LeaderElection16] INFO  impl.LeaderElection (LeaderElection.java:logAndReturn(94)) -   Response 0: 1397ad66-7a30-4622-84c4-76091eab1ef3<-c047bafd-0fa0-4f2f-9a8c-56ef9c35524f#0:FAIL-t1
2022-11-03 05:23:19,471 [1397ad66-7a30-4622-84c4-76091eab1ef3@group-CEF2DDE05160-LeaderElection16] INFO  impl.LeaderElection (LeaderElection.java:askForVotes(314)) - 1397ad66-7a30-4622-84c4-76091eab1ef3@group-CEF2DDE05160-LeaderElection16 ELECTION round 0: result REJECTED
2022-11-03 05:23:19,471 [1397ad66-7a30-4622-84c4-76091eab1ef3@group-CEF2DDE05160-LeaderElection16] INFO  server.RaftServer$Division (RaftServerImpl.java:setRole(321)) - 1397ad66-7a30-4622-84c4-76091eab1ef3@group-CEF2DDE05160: changes role from CANDIDATE to FOLLOWER at term 1 for REJECTED
2022-11-03 05:23:19,471 [1397ad66-7a30-4622-84c4-76091eab1ef3@group-CEF2DDE05160-LeaderElection16] INFO  impl.RoleInfo (RoleInfo.java:shutdownLeaderElection(130)) - 1397ad66-7a30-4622-84c4-76091eab1ef3: shutdown 1397ad66-7a30-4622-84c4-76091eab1ef3@group-CEF2DDE05160-LeaderElection16
2022-11-03 05:23:19,471 [1397ad66-7a30-4622-84c4-76091eab1ef3@group-CEF2DDE05160-LeaderElection16] INFO  impl.RoleInfo (RoleInfo.java:updateAndGet(139)) - 1397ad66-7a30-4622-84c4-76091eab1ef3: start 1397ad66-7a30-4622-84c4-76091eab1ef3@group-CEF2DDE05160-FollowerState
2022-11-03 05:23:19,471 [1397ad66-7a30-4622-84c4-76091eab1ef3@group-CEF2DDE05160-FollowerState] INFO  server.RaftServerConfigKeys (ConfUtils.java:logFallback(53)) - raft.server.rpc.first-election.timeout.min = 5s (fallback to raft.server.rpc.timeout.min)
2022-11-03 05:23:19,471 [1397ad66-7a30-4622-84c4-76091eab1ef3@group-CEF2DDE05160-FollowerState] INFO  server.RaftServerConfigKeys (ConfUtils.java:logFallback(53)) - raft.server.rpc.first-election.timeout.max = 5200ms (fallback to raft.server.rpc.timeout.max)
2022-11-03 05:23:19,476 [grpc-default-executor-0] INFO  server.RaftServer$Division (RaftServerImpl.java:requestVote(1218)) - edbb8909-d467-4274-b253-e11b41a723b1@group-CEF2DDE05160: receive requestVote(ELECTION, 1397ad66-7a30-4622-84c4-76091eab1ef3, group-CEF2DDE05160, 1, (t:0, i:0))
2022-11-03 05:23:19,476 [grpc-default-executor-0] INFO  impl.VoteContext (VoteContext.java:log(48)) - edbb8909-d467-4274-b253-e11b41a723b1@group-CEF2DDE05160-FOLLOWER: accept ELECTION from 1397ad66-7a30-4622-84c4-76091eab1ef3: our priority 0 <= candidate's priority 0
2022-11-03 05:23:19,476 [grpc-default-executor-0] INFO  server.RaftServer$Division (RaftServerImpl.java:setRole(321)) - edbb8909-d467-4274-b253-e11b41a723b1@group-CEF2DDE05160: changes role from  FOLLOWER to FOLLOWER at term 1 for candidate:1397ad66-7a30-4622-84c4-76091eab1ef3
2022-11-03 05:23:19,476 [grpc-default-executor-0] INFO  impl.RoleInfo (RoleInfo.java:shutdownFollowerState(110)) - edbb8909-d467-4274-b253-e11b41a723b1: shutdown edbb8909-d467-4274-b253-e11b41a723b1@group-CEF2DDE05160-FollowerState
2022-11-03 05:23:19,476 [grpc-default-executor-0] INFO  impl.RoleInfo (RoleInfo.java:updateAndGet(139)) - edbb8909-d467-4274-b253-e11b41a723b1: start edbb8909-d467-4274-b253-e11b41a723b1@group-CEF2DDE05160-FollowerState
2022-11-03 05:23:19,477 [edbb8909-d467-4274-b253-e11b41a723b1@group-CEF2DDE05160-FollowerState] INFO  impl.FollowerState (FollowerState.java:run(152)) - edbb8909-d467-4274-b253-e11b41a723b1@group-CEF2DDE05160-FollowerState was interrupted
2022-11-03 05:23:19,479 [edbb8909-d467-4274-b253-e11b41a723b1@group-CEF2DDE05160-FollowerState] INFO  server.RaftServerConfigKeys (ConfUtils.java:logFallback(53)) - raft.server.rpc.first-election.timeout.min = 5s (fallback to raft.server.rpc.timeout.min)
2022-11-03 05:23:19,479 [edbb8909-d467-4274-b253-e11b41a723b1@group-CEF2DDE05160-FollowerState] INFO  server.RaftServerConfigKeys (ConfUtils.java:logFallback(53)) - raft.server.rpc.first-election.timeout.max = 5200ms (fallback to raft.server.rpc.timeout.max)
2022-11-03 05:23:19,480 [grpc-default-executor-0] INFO  server.RaftServer$Division (RaftServerImpl.java:requestVote(1251)) - edbb8909-d467-4274-b253-e11b41a723b1@group-CEF2DDE05160 replies to ELECTION vote request: 1397ad66-7a30-4622-84c4-76091eab1ef3<-edbb8909-d467-4274-b253-e11b41a723b1#0:OK-t1. Peer's state: edbb8909-d467-4274-b253-e11b41a723b1@group-CEF2DDE05160:t1, leader=null, voted=1397ad66-7a30-4622-84c4-76091eab1ef3, raftlog=Memoized:edbb8909-d467-4274-b253-e11b41a723b1@group-CEF2DDE05160-SegmentedRaftLog:OPENED:c-1, conf=-1: peers:[1397ad66-7a30-4622-84c4-76091eab1ef3|rpc:10.1.1.42:46719|dataStream:|priority:0|startupRole:FOLLOWER, edbb8909-d467-4274-b253-e11b41a723b1|rpc:10.1.1.42:38807|dataStream:|priority:0|startupRole:FOLLOWER, c047bafd-0fa0-4f2f-9a8c-56ef9c35524f|rpc:10.1.1.42:40893|dataStream:|priority:1|startupRole:FOLLOWER]|listeners:[], old=null
2022-11-03 05:23:19,503 [Listener at 127.0.0.1/40235] INFO  ozoneimpl.OzoneContainer (OzoneContainer.java:stop(400)) - Attempting to stop container services.
2022-11-03 05:23:19,510 [Listener at 127.0.0.1/40235] INFO  server.RaftServer (RaftServerProxy.java:lambda$close$6(409)) - 236f0899-86ef-4b9d-9b64-54b2c41e9569: close
2022-11-03 05:23:19,510 [236f0899-86ef-4b9d-9b64-54b2c41e9569-impl-thread1] INFO  server.RaftServer$Division (RaftServerImpl.java:lambda$close$4(458)) - 236f0899-86ef-4b9d-9b64-54b2c41e9569@group-7CA10958393F: shutdown
2022-11-03 05:23:19,510 [236f0899-86ef-4b9d-9b64-54b2c41e9569-impl-thread2] INFO  server.RaftServer$Division (RaftServerImpl.java:lambda$close$4(458)) - 236f0899-86ef-4b9d-9b64-54b2c41e9569@group-B5349C004512: shutdown
2022-11-03 05:23:19,510 [236f0899-86ef-4b9d-9b64-54b2c41e9569-impl-thread1] INFO  util.JmxRegister (JmxRegister.java:unregister(73)) - Successfully un-registered JMX Bean with object name Ratis:service=RaftServer,group=group-7CA10958393F,id=236f0899-86ef-4b9d-9b64-54b2c41e9569
2022-11-03 05:23:19,510 [236f0899-86ef-4b9d-9b64-54b2c41e9569-impl-thread2] INFO  util.JmxRegister (JmxRegister.java:unregister(73)) - Successfully un-registered JMX Bean with object name Ratis:service=RaftServer,group=group-B5349C004512,id=236f0899-86ef-4b9d-9b64-54b2c41e9569
2022-11-03 05:23:19,510 [236f0899-86ef-4b9d-9b64-54b2c41e9569-impl-thread1] INFO  impl.RoleInfo (RoleInfo.java:shutdownLeaderState(93)) - 236f0899-86ef-4b9d-9b64-54b2c41e9569: shutdown 236f0899-86ef-4b9d-9b64-54b2c41e9569@group-7CA10958393F-LeaderStateImpl
2022-11-03 05:23:19,511 [236f0899-86ef-4b9d-9b64-54b2c41e9569-impl-thread1] INFO  impl.PendingRequests (PendingRequests.java:sendNotLeaderResponses(282)) - 236f0899-86ef-4b9d-9b64-54b2c41e9569@group-7CA10958393F-PendingRequests: sendNotLeaderResponses
2022-11-03 05:23:19,512 [236f0899-86ef-4b9d-9b64-54b2c41e9569-impl-thread1] INFO  impl.StateMachineUpdater (StateMachineUpdater.java:stopAndJoin(153)) - 236f0899-86ef-4b9d-9b64-54b2c41e9569@group-7CA10958393F-StateMachineUpdater: set stopIndex = 0
2022-11-03 05:23:19,512 [236f0899-86ef-4b9d-9b64-54b2c41e9569@group-7CA10958393F-StateMachineUpdater] INFO  ratis.ContainerStateMachine (ContainerStateMachine.java:takeSnapshot(304)) - group-7CA10958393F: Taking a snapshot at:(t:1, i:0) file /home/runner/work/ozone/ozone/hadoop-ozone/integration-test/target/test-dir/MiniOzoneClusterImpl-a947a097-fc53-45d1-b902-fe1272537128/datanode-5/data/ratis/9c655f0d-fbbc-4191-9417-7ca10958393f/sm/snapshot.1_0
2022-11-03 05:23:19,510 [236f0899-86ef-4b9d-9b64-54b2c41e9569-impl-thread2] INFO  impl.RoleInfo (RoleInfo.java:shutdownFollowerState(110)) - 236f0899-86ef-4b9d-9b64-54b2c41e9569: shutdown 236f0899-86ef-4b9d-9b64-54b2c41e9569@group-B5349C004512-FollowerState
2022-11-03 05:23:19,516 [Listener at 127.0.0.1/40235] INFO  server.GrpcService (GrpcService.java:closeImpl(279)) - 236f0899-86ef-4b9d-9b64-54b2c41e9569: shutdown server GrpcServerProtocolService now
2022-11-03 05:23:19,518 [236f0899-86ef-4b9d-9b64-54b2c41e9569@group-B5349C004512-FollowerState] INFO  impl.FollowerState (FollowerState.java:run(152)) - 236f0899-86ef-4b9d-9b64-54b2c41e9569@group-B5349C004512-FollowerState was interrupted
2022-11-03 05:23:19,519 [236f0899-86ef-4b9d-9b64-54b2c41e9569@group-B5349C004512-StateMachineUpdater] INFO  ratis.ContainerStateMachine (ContainerStateMachine.java:takeSnapshot(304)) - group-B5349C004512: Taking a snapshot at:(t:1, i:0) file /home/runner/work/ozone/ozone/hadoop-ozone/integration-test/target/test-dir/MiniOzoneClusterImpl-a947a097-fc53-45d1-b902-fe1272537128/datanode-5/data/ratis/6573f3b5-bbfa-4a8b-967b-b5349c004512/sm/snapshot.1_0
2022-11-03 05:23:19,518 [236f0899-86ef-4b9d-9b64-54b2c41e9569-impl-thread2] INFO  impl.StateMachineUpdater (StateMachineUpdater.java:stopAndJoin(153)) - 236f0899-86ef-4b9d-9b64-54b2c41e9569@group-B5349C004512-StateMachineUpdater: set stopIndex = 0
2022-11-03 05:23:19,524 [grpc-default-executor-5] WARN  server.GrpcServerProtocolService (LogUtils.java:warn(122)) - 236f0899-86ef-4b9d-9b64-54b2c41e9569: installSnapshot onError, lastRequest: null: org.apache.ratis.thirdparty.io.grpc.StatusRuntimeException: CANCELLED: client cancelled
2022-11-03 05:23:19,528 [grpc-default-executor-5] WARN  server.GrpcServerProtocolService (LogUtils.java:warn(122)) - 236f0899-86ef-4b9d-9b64-54b2c41e9569: installSnapshot onError, lastRequest: 3459717f-89f3-488b-978e-7216d8acef6a->236f0899-86ef-4b9d-9b64-54b2c41e9569#1-t1,previous=(t:0, i:0),leaderCommit=0,initializing? true,entries: size=1, first=(t:1, i:0), CONFIGURATIONENTRY(current:id: "236f0899-86ef-4b9d-9b64-54b2c41e9569"
address: "10.1.1.42:45985"
clientAddress: "10.1.1.42:45985"
adminAddress: "10.1.1.42:45985"
startupRole: FOLLOWER
,id: "5ddfe129-1b79-40ed-b807-03daa2e9053a"
address: "10.1.1.42:37873"
clientAddress: "10.1.1.42:37873"
adminAddress: "10.1.1.42:37873"
startupRole: FOLLOWER
,id: "3459717f-89f3-488b-978e-7216d8acef6a"
address: "10.1.1.42:37511"
priority: 1
clientAddress: "10.1.1.42:37511"
adminAddress: "10.1.1.42:37511"
startupRole: FOLLOWER
, old:): org.apache.ratis.thirdparty.io.grpc.StatusRuntimeException: CANCELLED: client cancelled
2022-11-03 05:23:19,529 [grpc-default-executor-5] WARN  server.GrpcLogAppender (LogUtils.java:warn(122)) - 3459717f-89f3-488b-978e-7216d8acef6a@group-B5349C004512->236f0899-86ef-4b9d-9b64-54b2c41e9569-AppendLogResponseHandler: Failed appendEntries: org.apache.ratis.thirdparty.io.grpc.StatusRuntimeException: CANCELLED: RST_STREAM closed stream. HTTP/2 error code: CANCEL
2022-11-03 05:23:19,530 [grpc-default-executor-5] WARN  server.GrpcLogAppender (GrpcLogAppender.java:resetClient(131)) - 3459717f-89f3-488b-978e-7216d8acef6a@group-B5349C004512->236f0899-86ef-4b9d-9b64-54b2c41e9569-GrpcLogAppender: Leader has not got in touch with Follower 3459717f-89f3-488b-978e-7216d8acef6a@group-B5349C004512->236f0899-86ef-4b9d-9b64-54b2c41e9569(c0,m0,n1, attendVote=true, lastRpcSendTime=1131, lastRpcResponseTime=1070) yet, just keep nextIndex unchanged and retry.
2022-11-03 05:23:19,538 [grpc-default-executor-5] WARN  server.GrpcLogAppender (LogUtils.java:warn(122)) - 3459717f-89f3-488b-978e-7216d8acef6a@group-B5349C004512->236f0899-86ef-4b9d-9b64-54b2c41e9569-AppendLogResponseHandler: Failed appendEntries: org.apache.ratis.thirdparty.io.grpc.StatusRuntimeException: CANCELLED: RST_STREAM closed stream. HTTP/2 error code: CANCEL
2022-11-03 05:23:19,539 [grpc-default-executor-5] WARN  server.GrpcLogAppender (GrpcLogAppender.java:resetClient(131)) - 3459717f-89f3-488b-978e-7216d8acef6a@group-B5349C004512->236f0899-86ef-4b9d-9b64-54b2c41e9569-GrpcLogAppender: Leader has not got in touch with Follower 3459717f-89f3-488b-978e-7216d8acef6a@group-B5349C004512->236f0899-86ef-4b9d-9b64-54b2c41e9569(c0,m0,n1, attendVote=true, lastRpcSendTime=1139, lastRpcResponseTime=1078) yet, just keep nextIndex unchanged and retry.
2022-11-03 05:23:19,540 [236f0899-86ef-4b9d-9b64-54b2c41e9569-impl-thread3] INFO  server.RaftServer$Division (RaftServerImpl.java:lambda$close$4(458)) - 236f0899-86ef-4b9d-9b64-54b2c41e9569@group-8A90670E2F53: shutdown
2022-11-03 05:23:19,540 [236f0899-86ef-4b9d-9b64-54b2c41e9569-impl-thread3] INFO  util.JmxRegister (JmxRegister.java:unregister(73)) - Successfully un-registered JMX Bean with object name Ratis:service=RaftServer,group=group-8A90670E2F53,id=236f0899-86ef-4b9d-9b64-54b2c41e9569
2022-11-03 05:23:19,540 [236f0899-86ef-4b9d-9b64-54b2c41e9569-impl-thread3] INFO  impl.RoleInfo (RoleInfo.java:shutdownFollowerState(110)) - 236f0899-86ef-4b9d-9b64-54b2c41e9569: shutdown 236f0899-86ef-4b9d-9b64-54b2c41e9569@group-8A90670E2F53-FollowerState
2022-11-03 05:23:19,546 [236f0899-86ef-4b9d-9b64-54b2c41e9569@group-8A90670E2F53-FollowerState] INFO  impl.FollowerState (FollowerState.java:run(152)) - 236f0899-86ef-4b9d-9b64-54b2c41e9569@group-8A90670E2F53-FollowerState was interrupted
2022-11-03 05:23:19,547 [Listener at 127.0.0.1/40235] INFO  server.GrpcServerProtocolClient (GrpcServerProtocolClient.java:close(111)) - 5ddfe129-1b79-40ed-b807-03daa2e9053a Close channels
2022-11-03 05:23:19,548 [236f0899-86ef-4b9d-9b64-54b2c41e9569-impl-thread3] INFO  impl.StateMachineUpdater (StateMachineUpdater.java:stopAndJoin(153)) - 236f0899-86ef-4b9d-9b64-54b2c41e9569@group-8A90670E2F53-StateMachineUpdater: set stopIndex = -1
2022-11-03 05:23:19,548 [236f0899-86ef-4b9d-9b64-54b2c41e9569-impl-thread3] INFO  server.RaftServer$Division (ServerState.java:close(466)) - 236f0899-86ef-4b9d-9b64-54b2c41e9569@group-8A90670E2F53: closes. applyIndex: -1
2022-11-03 05:23:19,550 [Listener at 127.0.0.1/40235] INFO  server.GrpcServerProtocolClient (GrpcServerProtocolClient.java:close(111)) - 3459717f-89f3-488b-978e-7216d8acef6a Close channels
2022-11-03 05:23:19,561 [Listener at 127.0.0.1/40235] INFO  server.GrpcService (GrpcService.java:closeImpl(288)) - 236f0899-86ef-4b9d-9b64-54b2c41e9569: shutdown server GrpcServerProtocolService successfully
2022-11-03 05:23:19,565 [236f0899-86ef-4b9d-9b64-54b2c41e9569@group-8A90670E2F53-SegmentedRaftLogWorker] INFO  segmented.SegmentedRaftLogWorker (SegmentedRaftLogWorker.java:run(345)) - 236f0899-86ef-4b9d-9b64-54b2c41e9569@group-8A90670E2F53-SegmentedRaftLogWorker was interrupted, exiting. There are 0 tasks remaining in the queue.
2022-11-03 05:23:19,571 [236f0899-86ef-4b9d-9b64-54b2c41e9569-impl-thread3] INFO  segmented.SegmentedRaftLogWorker (SegmentedRaftLogWorker.java:close(255)) - 236f0899-86ef-4b9d-9b64-54b2c41e9569@group-8A90670E2F53-SegmentedRaftLogWorker close()
2022-11-03 05:23:19,582 [236f0899-86ef-4b9d-9b64-54b2c41e9569@group-B5349C004512-StateMachineUpdater] INFO  ratis.ContainerStateMachine (ContainerStateMachine.java:takeSnapshot(315)) - group-B5349C004512: Finished taking a snapshot at:(t:1, i:0) file:/home/runner/work/ozone/ozone/hadoop-ozone/integration-test/target/test-dir/MiniOzoneClusterImpl-a947a097-fc53-45d1-b902-fe1272537128/datanode-5/data/ratis/6573f3b5-bbfa-4a8b-967b-b5349c004512/sm/snapshot.1_0 took: 63 ms
2022-11-03 05:23:19,583 [236f0899-86ef-4b9d-9b64-54b2c41e9569@group-7CA10958393F-StateMachineUpdater] INFO  ratis.ContainerStateMachine (ContainerStateMachine.java:takeSnapshot(315)) - group-7CA10958393F: Finished taking a snapshot at:(t:1, i:0) file:/home/runner/work/ozone/ozone/hadoop-ozone/integration-test/target/test-dir/MiniOzoneClusterImpl-a947a097-fc53-45d1-b902-fe1272537128/datanode-5/data/ratis/9c655f0d-fbbc-4191-9417-7ca10958393f/sm/snapshot.1_0 took: 71 ms
2022-11-03 05:23:19,584 [236f0899-86ef-4b9d-9b64-54b2c41e9569@group-B5349C004512-StateMachineUpdater] INFO  impl.StateMachineUpdater (StateMachineUpdater.java:takeSnapshot(287)) - 236f0899-86ef-4b9d-9b64-54b2c41e9569@group-B5349C004512-StateMachineUpdater: Took a snapshot at index 0
2022-11-03 05:23:19,584 [236f0899-86ef-4b9d-9b64-54b2c41e9569@group-B5349C004512-StateMachineUpdater] INFO  impl.StateMachineUpdater (StateMachineUpdater.java:lambda$new$0(92)) - 236f0899-86ef-4b9d-9b64-54b2c41e9569@group-B5349C004512-StateMachineUpdater: snapshotIndex: updateIncreasingly -1 -> 0
2022-11-03 05:23:19,584 [236f0899-86ef-4b9d-9b64-54b2c41e9569@group-7CA10958393F-StateMachineUpdater] INFO  impl.StateMachineUpdater (StateMachineUpdater.java:takeSnapshot(287)) - 236f0899-86ef-4b9d-9b64-54b2c41e9569@group-7CA10958393F-StateMachineUpdater: Took a snapshot at index 0
2022-11-03 05:23:19,584 [236f0899-86ef-4b9d-9b64-54b2c41e9569@group-7CA10958393F-StateMachineUpdater] INFO  impl.StateMachineUpdater (StateMachineUpdater.java:lambda$new$0(92)) - 236f0899-86ef-4b9d-9b64-54b2c41e9569@group-7CA10958393F-StateMachineUpdater: snapshotIndex: updateIncreasingly -1 -> 0
2022-11-03 05:23:19,589 [236f0899-86ef-4b9d-9b64-54b2c41e9569-impl-thread1] INFO  server.RaftServer$Division (ServerState.java:close(466)) - 236f0899-86ef-4b9d-9b64-54b2c41e9569@group-7CA10958393F: closes. applyIndex: 0
2022-11-03 05:23:19,589 [236f0899-86ef-4b9d-9b64-54b2c41e9569-impl-thread2] INFO  server.RaftServer$Division (ServerState.java:close(466)) - 236f0899-86ef-4b9d-9b64-54b2c41e9569@group-B5349C004512: closes. applyIndex: 0
2022-11-03 05:23:19,589 [236f0899-86ef-4b9d-9b64-54b2c41e9569@group-7CA10958393F-SegmentedRaftLogWorker] INFO  segmented.SegmentedRaftLogWorker (SegmentedRaftLogWorker.java:run(345)) - 236f0899-86ef-4b9d-9b64-54b2c41e9569@group-7CA10958393F-SegmentedRaftLogWorker was interrupted, exiting. There are 0 tasks remaining in the queue.
2022-11-03 05:23:19,589 [236f0899-86ef-4b9d-9b64-54b2c41e9569@group-B5349C004512-SegmentedRaftLogWorker] INFO  segmented.SegmentedRaftLogWorker (SegmentedRaftLogWorker.java:run(345)) - 236f0899-86ef-4b9d-9b64-54b2c41e9569@group-B5349C004512-SegmentedRaftLogWorker was interrupted, exiting. There are 0 tasks remaining in the queue.
2022-11-03 05:23:19,591 [236f0899-86ef-4b9d-9b64-54b2c41e9569-impl-thread2] INFO  segmented.SegmentedRaftLogWorker (SegmentedRaftLogWorker.java:close(255)) - 236f0899-86ef-4b9d-9b64-54b2c41e9569@group-B5349C004512-SegmentedRaftLogWorker close()
2022-11-03 05:23:19,593 [236f0899-86ef-4b9d-9b64-54b2c41e9569-impl-thread1] INFO  segmented.SegmentedRaftLogWorker (SegmentedRaftLogWorker.java:close(255)) - 236f0899-86ef-4b9d-9b64-54b2c41e9569@group-7CA10958393F-SegmentedRaftLogWorker close()
2022-11-03 05:23:19,611 [JvmPauseMonitor6] INFO  util.JvmPauseMonitor (JvmPauseMonitor.java:run(111)) - JvmPauseMonitor-236f0899-86ef-4b9d-9b64-54b2c41e9569: Stopped
2022-11-03 05:23:19,613 [1397ad66-7a30-4622-84c4-76091eab1ef3@group-0CC2A593D591-FollowerState] INFO  impl.FollowerState (FollowerState.java:run(143)) - 1397ad66-7a30-4622-84c4-76091eab1ef3@group-0CC2A593D591-FollowerState: change to CANDIDATE, lastRpcElapsedTime:5047151028ns, electionTimeout:5046ms
2022-11-03 05:23:19,613 [1397ad66-7a30-4622-84c4-76091eab1ef3@group-0CC2A593D591-FollowerState] INFO  impl.RoleInfo (RoleInfo.java:shutdownFollowerState(110)) - 1397ad66-7a30-4622-84c4-76091eab1ef3: shutdown 1397ad66-7a30-4622-84c4-76091eab1ef3@group-0CC2A593D591-FollowerState
2022-11-03 05:23:19,613 [1397ad66-7a30-4622-84c4-76091eab1ef3@group-0CC2A593D591-FollowerState] INFO  server.RaftServer$Division (RaftServerImpl.java:setRole(321)) - 1397ad66-7a30-4622-84c4-76091eab1ef3@group-0CC2A593D591: changes role from  FOLLOWER to CANDIDATE at term 0 for changeToCandidate
2022-11-03 05:23:19,613 [1397ad66-7a30-4622-84c4-76091eab1ef3@group-0CC2A593D591-FollowerState] INFO  server.RaftServerConfigKeys (ConfUtils.java:logGet(46)) - raft.server.leaderelection.pre-vote = false (custom)
2022-11-03 05:23:19,613 [1397ad66-7a30-4622-84c4-76091eab1ef3@group-0CC2A593D591-FollowerState] INFO  impl.RoleInfo (RoleInfo.java:updateAndGet(139)) - 1397ad66-7a30-4622-84c4-76091eab1ef3: start 1397ad66-7a30-4622-84c4-76091eab1ef3@group-0CC2A593D591-LeaderElection18
2022-11-03 05:23:19,623 [1397ad66-7a30-4622-84c4-76091eab1ef3@group-0CC2A593D591-LeaderElection18] INFO  impl.LeaderElection (LeaderElection.java:askForVotes(312)) - 1397ad66-7a30-4622-84c4-76091eab1ef3@group-0CC2A593D591-LeaderElection18 ELECTION round 0: submit vote requests at term 1 for -1: peers:[1397ad66-7a30-4622-84c4-76091eab1ef3|rpc:10.1.1.42:46719|priority:1|startupRole:FOLLOWER]|listeners:[], old=null
2022-11-03 05:23:19,623 [1397ad66-7a30-4622-84c4-76091eab1ef3@group-0CC2A593D591-LeaderElection18] INFO  impl.LeaderElection (LeaderElection.java:askForVotes(314)) - 1397ad66-7a30-4622-84c4-76091eab1ef3@group-0CC2A593D591-LeaderElection18 ELECTION round 0: result PASSED (term=1)
2022-11-03 05:23:19,623 [1397ad66-7a30-4622-84c4-76091eab1ef3@group-0CC2A593D591-LeaderElection18] INFO  impl.RoleInfo (RoleInfo.java:shutdownLeaderElection(130)) - 1397ad66-7a30-4622-84c4-76091eab1ef3: shutdown 1397ad66-7a30-4622-84c4-76091eab1ef3@group-0CC2A593D591-LeaderElection18
2022-11-03 05:23:19,623 [1397ad66-7a30-4622-84c4-76091eab1ef3@group-0CC2A593D591-LeaderElection18] INFO  server.RaftServer$Division (RaftServerImpl.java:setRole(321)) - 1397ad66-7a30-4622-84c4-76091eab1ef3@group-0CC2A593D591: changes role from CANDIDATE to LEADER at term 1 for changeToLeader
2022-11-03 05:23:19,623 [1397ad66-7a30-4622-84c4-76091eab1ef3@group-0CC2A593D591-LeaderElection18] INFO  ratis.XceiverServerRatis (XceiverServerRatis.java:handleLeaderChangedNotification(863)) - Leader change notification received for group: group-0CC2A593D591 with new leaderId: 1397ad66-7a30-4622-84c4-76091eab1ef3
2022-11-03 05:23:19,623 [1397ad66-7a30-4622-84c4-76091eab1ef3@group-0CC2A593D591-LeaderElection18] INFO  server.RaftServer$Division (ServerState.java:setLeader(313)) - 1397ad66-7a30-4622-84c4-76091eab1ef3@group-0CC2A593D591: change Leader from null to 1397ad66-7a30-4622-84c4-76091eab1ef3 at term 1 for becomeLeader, leader elected after 5066ms
2022-11-03 05:23:19,624 [1397ad66-7a30-4622-84c4-76091eab1ef3@group-0CC2A593D591-LeaderElection18] INFO  server.RaftServerConfigKeys (ConfUtils.java:logGet(46)) - raft.server.staging.catchup.gap = 1000 (default)
2022-11-03 05:23:19,624 [1397ad66-7a30-4622-84c4-76091eab1ef3@group-0CC2A593D591-LeaderElection18] INFO  server.RaftServerConfigKeys (ConfUtils.java:logGet(46)) - raft.server.write.element-limit = 1024 (custom)
2022-11-03 05:23:19,624 [1397ad66-7a30-4622-84c4-76091eab1ef3@group-0CC2A593D591-LeaderElection18] INFO  server.RaftServerConfigKeys (ConfUtils.java:logGet(46)) - raft.server.write.byte-limit = 1024 M (=1073741824) (custom)
2022-11-03 05:23:19,624 [1397ad66-7a30-4622-84c4-76091eab1ef3@group-0CC2A593D591-LeaderElection18] INFO  server.RaftServerConfigKeys (ConfUtils.java:logGet(46)) - raft.server.watch.timeout = 180s (custom)
2022-11-03 05:23:19,624 [1397ad66-7a30-4622-84c4-76091eab1ef3@group-0CC2A593D591-LeaderElection18] INFO  server.RaftServerConfigKeys (ConfUtils.java:logGet(46)) - raft.server.watch.timeout.denomination = 1s (default)
2022-11-03 05:23:19,624 [1397ad66-7a30-4622-84c4-76091eab1ef3@group-0CC2A593D591-LeaderElection18] INFO  server.RaftServerConfigKeys (ConfUtils.java:logGet(46)) - raft.server.watch.element-limit = 65536 (default)
2022-11-03 05:23:19,625 [1397ad66-7a30-4622-84c4-76091eab1ef3@group-0CC2A593D591-LeaderElection18] INFO  server.RaftServerConfigKeys (ConfUtils.java:logGet(46)) - raft.server.write.element-limit = 1024 (custom)
2022-11-03 05:23:19,625 [1397ad66-7a30-4622-84c4-76091eab1ef3@group-0CC2A593D591-LeaderElection18] INFO  server.RaftServerConfigKeys (ConfUtils.java:logGet(46)) - raft.server.write.follower.gap.ratio.max = -1.0 (default)
2022-11-03 05:23:19,625 [1397ad66-7a30-4622-84c4-76091eab1ef3@group-0CC2A593D591-LeaderElection18] INFO  impl.RoleInfo (RoleInfo.java:updateAndGet(139)) - 1397ad66-7a30-4622-84c4-76091eab1ef3: start 1397ad66-7a30-4622-84c4-76091eab1ef3@group-0CC2A593D591-LeaderStateImpl
2022-11-03 05:23:19,627 [1397ad66-7a30-4622-84c4-76091eab1ef3@group-0CC2A593D591-LeaderElection18] INFO  segmented.SegmentedRaftLogWorker (SegmentedRaftLogWorker.java:startLogSegment(452)) - 1397ad66-7a30-4622-84c4-76091eab1ef3@group-0CC2A593D591-SegmentedRaftLogWorker: Starting segment from index:0
2022-11-03 05:23:19,628 [1397ad66-7a30-4622-84c4-76091eab1ef3@group-0CC2A593D591-SegmentedRaftLogWorker] INFO  segmented.SegmentedRaftLogWorker (SegmentedRaftLogWorker.java:execute(656)) - 1397ad66-7a30-4622-84c4-76091eab1ef3@group-0CC2A593D591-SegmentedRaftLogWorker: created new log segment /home/runner/work/ozone/ozone/hadoop-ozone/integration-test/target/test-dir/MiniOzoneClusterImpl-a947a097-fc53-45d1-b902-fe1272537128/datanode-7/data/ratis/e329c199-86bb-48a0-8dcc-0cc2a593d591/current/log_inprogress_0
2022-11-03 05:23:19,634 [1397ad66-7a30-4622-84c4-76091eab1ef3@group-0CC2A593D591-LeaderElection18] INFO  server.RaftServer$Division (ServerState.java:setRaftConf(430)) - 1397ad66-7a30-4622-84c4-76091eab1ef3@group-0CC2A593D591: set configuration 0: peers:[1397ad66-7a30-4622-84c4-76091eab1ef3|rpc:10.1.1.42:46719|dataStream:|priority:1|startupRole:FOLLOWER]|listeners:[], old=null
2022-11-03 05:23:20,068 [edbb8909-d467-4274-b253-e11b41a723b1@group-7DAF5252A9FC-FollowerState] INFO  impl.FollowerState (FollowerState.java:run(143)) - edbb8909-d467-4274-b253-e11b41a723b1@group-7DAF5252A9FC-FollowerState: change to CANDIDATE, lastRpcElapsedTime:5179462659ns, electionTimeout:5179ms
2022-11-03 05:23:20,068 [edbb8909-d467-4274-b253-e11b41a723b1@group-7DAF5252A9FC-FollowerState] INFO  impl.RoleInfo (RoleInfo.java:shutdownFollowerState(110)) - edbb8909-d467-4274-b253-e11b41a723b1: shutdown edbb8909-d467-4274-b253-e11b41a723b1@group-7DAF5252A9FC-FollowerState
2022-11-03 05:23:20,068 [edbb8909-d467-4274-b253-e11b41a723b1@group-7DAF5252A9FC-FollowerState] INFO  server.RaftServer$Division (RaftServerImpl.java:setRole(321)) - edbb8909-d467-4274-b253-e11b41a723b1@group-7DAF5252A9FC: changes role from  FOLLOWER to CANDIDATE at term 0 for changeToCandidate
2022-11-03 05:23:20,068 [edbb8909-d467-4274-b253-e11b41a723b1@group-7DAF5252A9FC-FollowerState] INFO  server.RaftServerConfigKeys (ConfUtils.java:logGet(46)) - raft.server.leaderelection.pre-vote = false (custom)
2022-11-03 05:23:20,068 [edbb8909-d467-4274-b253-e11b41a723b1@group-7DAF5252A9FC-FollowerState] INFO  impl.RoleInfo (RoleInfo.java:updateAndGet(139)) - edbb8909-d467-4274-b253-e11b41a723b1: start edbb8909-d467-4274-b253-e11b41a723b1@group-7DAF5252A9FC-LeaderElection19
2022-11-03 05:23:20,071 [edbb8909-d467-4274-b253-e11b41a723b1@group-7DAF5252A9FC-LeaderElection19] INFO  impl.LeaderElection (LeaderElection.java:askForVotes(312)) - edbb8909-d467-4274-b253-e11b41a723b1@group-7DAF5252A9FC-LeaderElection19 ELECTION round 0: submit vote requests at term 1 for -1: peers:[edbb8909-d467-4274-b253-e11b41a723b1|rpc:10.1.1.42:38807|priority:1|startupRole:FOLLOWER]|listeners:[], old=null
2022-11-03 05:23:20,071 [edbb8909-d467-4274-b253-e11b41a723b1@group-7DAF5252A9FC-LeaderElection19] INFO  impl.LeaderElection (LeaderElection.java:askForVotes(314)) - edbb8909-d467-4274-b253-e11b41a723b1@group-7DAF5252A9FC-LeaderElection19 ELECTION round 0: result PASSED (term=1)
2022-11-03 05:23:20,071 [edbb8909-d467-4274-b253-e11b41a723b1@group-7DAF5252A9FC-LeaderElection19] INFO  impl.RoleInfo (RoleInfo.java:shutdownLeaderElection(130)) - edbb8909-d467-4274-b253-e11b41a723b1: shutdown edbb8909-d467-4274-b253-e11b41a723b1@group-7DAF5252A9FC-LeaderElection19
2022-11-03 05:23:20,071 [edbb8909-d467-4274-b253-e11b41a723b1@group-7DAF5252A9FC-LeaderElection19] INFO  server.RaftServer$Division (RaftServerImpl.java:setRole(321)) - edbb8909-d467-4274-b253-e11b41a723b1@group-7DAF5252A9FC: changes role from CANDIDATE to LEADER at term 1 for changeToLeader
2022-11-03 05:23:20,071 [edbb8909-d467-4274-b253-e11b41a723b1@group-7DAF5252A9FC-LeaderElection19] INFO  ratis.XceiverServerRatis (XceiverServerRatis.java:handleLeaderChangedNotification(863)) - Leader change notification received for group: group-7DAF5252A9FC with new leaderId: edbb8909-d467-4274-b253-e11b41a723b1
2022-11-03 05:23:20,072 [edbb8909-d467-4274-b253-e11b41a723b1@group-7DAF5252A9FC-LeaderElection19] INFO  server.RaftServer$Division (ServerState.java:setLeader(313)) - edbb8909-d467-4274-b253-e11b41a723b1@group-7DAF5252A9FC: change Leader from null to edbb8909-d467-4274-b253-e11b41a723b1 at term 1 for becomeLeader, leader elected after 5193ms
2022-11-03 05:23:20,072 [edbb8909-d467-4274-b253-e11b41a723b1@group-7DAF5252A9FC-LeaderElection19] INFO  server.RaftServerConfigKeys (ConfUtils.java:logGet(46)) - raft.server.staging.catchup.gap = 1000 (default)
2022-11-03 05:23:20,098 [edbb8909-d467-4274-b253-e11b41a723b1@group-7DAF5252A9FC-LeaderElection19] INFO  server.RaftServerConfigKeys (ConfUtils.java:logGet(46)) - raft.server.write.element-limit = 1024 (custom)
2022-11-03 05:23:20,098 [edbb8909-d467-4274-b253-e11b41a723b1@group-7DAF5252A9FC-LeaderElection19] INFO  server.RaftServerConfigKeys (ConfUtils.java:logGet(46)) - raft.server.write.byte-limit = 1024 M (=1073741824) (custom)
2022-11-03 05:23:20,098 [edbb8909-d467-4274-b253-e11b41a723b1@group-7DAF5252A9FC-LeaderElection19] INFO  server.RaftServerConfigKeys (ConfUtils.java:logGet(46)) - raft.server.watch.timeout = 180s (custom)
2022-11-03 05:23:20,098 [edbb8909-d467-4274-b253-e11b41a723b1@group-7DAF5252A9FC-LeaderElection19] INFO  server.RaftServerConfigKeys (ConfUtils.java:logGet(46)) - raft.server.watch.timeout.denomination = 1s (default)
2022-11-03 05:23:20,098 [edbb8909-d467-4274-b253-e11b41a723b1@group-7DAF5252A9FC-LeaderElection19] INFO  server.RaftServerConfigKeys (ConfUtils.java:logGet(46)) - raft.server.watch.element-limit = 65536 (default)
2022-11-03 05:23:20,098 [edbb8909-d467-4274-b253-e11b41a723b1@group-7DAF5252A9FC-LeaderElection19] INFO  server.RaftServerConfigKeys (ConfUtils.java:logGet(46)) - raft.server.write.element-limit = 1024 (custom)
2022-11-03 05:23:20,098 [edbb8909-d467-4274-b253-e11b41a723b1@group-7DAF5252A9FC-LeaderElection19] INFO  server.RaftServerConfigKeys (ConfUtils.java:logGet(46)) - raft.server.write.follower.gap.ratio.max = -1.0 (default)
2022-11-03 05:23:20,099 [edbb8909-d467-4274-b253-e11b41a723b1@group-7DAF5252A9FC-LeaderElection19] INFO  impl.RoleInfo (RoleInfo.java:updateAndGet(139)) - edbb8909-d467-4274-b253-e11b41a723b1: start edbb8909-d467-4274-b253-e11b41a723b1@group-7DAF5252A9FC-LeaderStateImpl
2022-11-03 05:23:20,099 [edbb8909-d467-4274-b253-e11b41a723b1@group-7DAF5252A9FC-LeaderElection19] INFO  segmented.SegmentedRaftLogWorker (SegmentedRaftLogWorker.java:startLogSegment(452)) - edbb8909-d467-4274-b253-e11b41a723b1@group-7DAF5252A9FC-SegmentedRaftLogWorker: Starting segment from index:0
2022-11-03 05:23:20,100 [edbb8909-d467-4274-b253-e11b41a723b1@group-7DAF5252A9FC-SegmentedRaftLogWorker] INFO  segmented.SegmentedRaftLogWorker (SegmentedRaftLogWorker.java:execute(656)) - edbb8909-d467-4274-b253-e11b41a723b1@group-7DAF5252A9FC-SegmentedRaftLogWorker: created new log segment /home/runner/work/ozone/ozone/hadoop-ozone/integration-test/target/test-dir/MiniOzoneClusterImpl-a947a097-fc53-45d1-b902-fe1272537128/datanode-8/data/ratis/e209c85c-a79e-47b7-a5b3-7daf5252a9fc/current/log_inprogress_0
2022-11-03 05:23:20,113 [edbb8909-d467-4274-b253-e11b41a723b1@group-7DAF5252A9FC-LeaderElection19] INFO  server.RaftServer$Division (ServerState.java:setRaftConf(430)) - edbb8909-d467-4274-b253-e11b41a723b1@group-7DAF5252A9FC: set configuration 0: peers:[edbb8909-d467-4274-b253-e11b41a723b1|rpc:10.1.1.42:38807|dataStream:|priority:1|startupRole:FOLLOWER]|listeners:[], old=null
2022-11-03 05:23:20,288 [c4b91fe4-1e17-46ee-80ce-129a880b8a55@group-5FA22E3399E1-FollowerState] INFO  impl.FollowerState (FollowerState.java:run(143)) - c4b91fe4-1e17-46ee-80ce-129a880b8a55@group-5FA22E3399E1-FollowerState: change to CANDIDATE, lastRpcElapsedTime:5059530176ns, electionTimeout:5059ms
2022-11-03 05:23:20,288 [c4b91fe4-1e17-46ee-80ce-129a880b8a55@group-5FA22E3399E1-FollowerState] INFO  impl.RoleInfo (RoleInfo.java:shutdownFollowerState(110)) - c4b91fe4-1e17-46ee-80ce-129a880b8a55: shutdown c4b91fe4-1e17-46ee-80ce-129a880b8a55@group-5FA22E3399E1-FollowerState
2022-11-03 05:23:20,289 [c4b91fe4-1e17-46ee-80ce-129a880b8a55@group-5FA22E3399E1-FollowerState] INFO  server.RaftServer$Division (RaftServerImpl.java:setRole(321)) - c4b91fe4-1e17-46ee-80ce-129a880b8a55@group-5FA22E3399E1: changes role from  FOLLOWER to CANDIDATE at term 0 for changeToCandidate
2022-11-03 05:23:20,289 [c4b91fe4-1e17-46ee-80ce-129a880b8a55@group-5FA22E3399E1-FollowerState] INFO  server.RaftServerConfigKeys (ConfUtils.java:logGet(46)) - raft.server.leaderelection.pre-vote = false (custom)
2022-11-03 05:23:20,289 [c4b91fe4-1e17-46ee-80ce-129a880b8a55@group-5FA22E3399E1-FollowerState] INFO  impl.RoleInfo (RoleInfo.java:updateAndGet(139)) - c4b91fe4-1e17-46ee-80ce-129a880b8a55: start c4b91fe4-1e17-46ee-80ce-129a880b8a55@group-5FA22E3399E1-LeaderElection20
2022-11-03 05:23:20,291 [c4b91fe4-1e17-46ee-80ce-129a880b8a55@group-5FA22E3399E1-LeaderElection20] INFO  impl.LeaderElection (LeaderElection.java:askForVotes(312)) - c4b91fe4-1e17-46ee-80ce-129a880b8a55@group-5FA22E3399E1-LeaderElection20 ELECTION round 0: submit vote requests at term 1 for -1: peers:[c4b91fe4-1e17-46ee-80ce-129a880b8a55|rpc:10.1.1.42:40201|priority:1|startupRole:FOLLOWER]|listeners:[], old=null
2022-11-03 05:23:20,292 [c4b91fe4-1e17-46ee-80ce-129a880b8a55@group-5FA22E3399E1-LeaderElection20] INFO  impl.LeaderElection (LeaderElection.java:askForVotes(314)) - c4b91fe4-1e17-46ee-80ce-129a880b8a55@group-5FA22E3399E1-LeaderElection20 ELECTION round 0: result PASSED (term=1)
2022-11-03 05:23:20,292 [c4b91fe4-1e17-46ee-80ce-129a880b8a55@group-5FA22E3399E1-LeaderElection20] INFO  impl.RoleInfo (RoleInfo.java:shutdownLeaderElection(130)) - c4b91fe4-1e17-46ee-80ce-129a880b8a55: shutdown c4b91fe4-1e17-46ee-80ce-129a880b8a55@group-5FA22E3399E1-LeaderElection20
2022-11-03 05:23:20,292 [c4b91fe4-1e17-46ee-80ce-129a880b8a55@group-5FA22E3399E1-LeaderElection20] INFO  server.RaftServer$Division (RaftServerImpl.java:setRole(321)) - c4b91fe4-1e17-46ee-80ce-129a880b8a55@group-5FA22E3399E1: changes role from CANDIDATE to LEADER at term 1 for changeToLeader
2022-11-03 05:23:20,292 [c4b91fe4-1e17-46ee-80ce-129a880b8a55@group-5FA22E3399E1-LeaderElection20] INFO  ratis.XceiverServerRatis (XceiverServerRatis.java:handleLeaderChangedNotification(863)) - Leader change notification received for group: group-5FA22E3399E1 with new leaderId: c4b91fe4-1e17-46ee-80ce-129a880b8a55
2022-11-03 05:23:20,292 [c4b91fe4-1e17-46ee-80ce-129a880b8a55@group-5FA22E3399E1-LeaderElection20] INFO  server.RaftServer$Division (ServerState.java:setLeader(313)) - c4b91fe4-1e17-46ee-80ce-129a880b8a55@group-5FA22E3399E1: change Leader from null to c4b91fe4-1e17-46ee-80ce-129a880b8a55 at term 1 for becomeLeader, leader elected after 5076ms
2022-11-03 05:23:20,292 [c4b91fe4-1e17-46ee-80ce-129a880b8a55@group-5FA22E3399E1-LeaderElection20] INFO  server.RaftServerConfigKeys (ConfUtils.java:logGet(46)) - raft.server.staging.catchup.gap = 1000 (default)
2022-11-03 05:23:20,294 [c4b91fe4-1e17-46ee-80ce-129a880b8a55@group-5FA22E3399E1-LeaderElection20] INFO  server.RaftServerConfigKeys (ConfUtils.java:logGet(46)) - raft.server.write.element-limit = 1024 (custom)
2022-11-03 05:23:20,294 [c4b91fe4-1e17-46ee-80ce-129a880b8a55@group-5FA22E3399E1-LeaderElection20] INFO  server.RaftServerConfigKeys (ConfUtils.java:logGet(46)) - raft.server.write.byte-limit = 1024 M (=1073741824) (custom)
2022-11-03 05:23:20,294 [c4b91fe4-1e17-46ee-80ce-129a880b8a55@group-5FA22E3399E1-LeaderElection20] INFO  server.RaftServerConfigKeys (ConfUtils.java:logGet(46)) - raft.server.watch.timeout = 180s (custom)
2022-11-03 05:23:20,294 [c4b91fe4-1e17-46ee-80ce-129a880b8a55@group-5FA22E3399E1-LeaderElection20] INFO  server.RaftServerConfigKeys (ConfUtils.java:logGet(46)) - raft.server.watch.timeout.denomination = 1s (default)
2022-11-03 05:23:20,295 [c4b91fe4-1e17-46ee-80ce-129a880b8a55@group-5FA22E3399E1-LeaderElection20] INFO  server.RaftServerConfigKeys (ConfUtils.java:logGet(46)) - raft.server.watch.element-limit = 65536 (default)
2022-11-03 05:23:20,295 [c4b91fe4-1e17-46ee-80ce-129a880b8a55@group-5FA22E3399E1-LeaderElection20] INFO  server.RaftServerConfigKeys (ConfUtils.java:logGet(46)) - raft.server.write.element-limit = 1024 (custom)
2022-11-03 05:23:20,295 [c4b91fe4-1e17-46ee-80ce-129a880b8a55@group-5FA22E3399E1-LeaderElection20] INFO  server.RaftServerConfigKeys (ConfUtils.java:logGet(46)) - raft.server.write.follower.gap.ratio.max = -1.0 (default)
2022-11-03 05:23:20,295 [c4b91fe4-1e17-46ee-80ce-129a880b8a55@group-5FA22E3399E1-LeaderElection20] INFO  impl.RoleInfo (RoleInfo.java:updateAndGet(139)) - c4b91fe4-1e17-46ee-80ce-129a880b8a55: start c4b91fe4-1e17-46ee-80ce-129a880b8a55@group-5FA22E3399E1-LeaderStateImpl
2022-11-03 05:23:20,295 [c4b91fe4-1e17-46ee-80ce-129a880b8a55@group-5FA22E3399E1-LeaderElection20] INFO  segmented.SegmentedRaftLogWorker (SegmentedRaftLogWorker.java:startLogSegment(452)) - c4b91fe4-1e17-46ee-80ce-129a880b8a55@group-5FA22E3399E1-SegmentedRaftLogWorker: Starting segment from index:0
2022-11-03 05:23:20,301 [c4b91fe4-1e17-46ee-80ce-129a880b8a55@group-5FA22E3399E1-LeaderElection20] INFO  server.RaftServer$Division (ServerState.java:setRaftConf(430)) - c4b91fe4-1e17-46ee-80ce-129a880b8a55@group-5FA22E3399E1: set configuration 0: peers:[c4b91fe4-1e17-46ee-80ce-129a880b8a55|rpc:10.1.1.42:40201|dataStream:|priority:1|startupRole:FOLLOWER]|listeners:[], old=null
2022-11-03 05:23:20,302 [c4b91fe4-1e17-46ee-80ce-129a880b8a55@group-5FA22E3399E1-SegmentedRaftLogWorker] INFO  segmented.SegmentedRaftLogWorker (SegmentedRaftLogWorker.java:execute(656)) - c4b91fe4-1e17-46ee-80ce-129a880b8a55@group-5FA22E3399E1-SegmentedRaftLogWorker: created new log segment /home/runner/work/ozone/ozone/hadoop-ozone/integration-test/target/test-dir/MiniOzoneClusterImpl-a947a097-fc53-45d1-b902-fe1272537128/datanode-9/data/ratis/ad83cea3-98de-4f4a-9075-5fa22e3399e1/current/log_inprogress_0
2022-11-03 05:23:20,976 [grpc-default-executor-0] WARN  server.GrpcLogAppender (LogUtils.java:warn(122)) - 3459717f-89f3-488b-978e-7216d8acef6a@group-B5349C004512->236f0899-86ef-4b9d-9b64-54b2c41e9569-AppendLogResponseHandler: Failed appendEntries: org.apache.ratis.thirdparty.io.grpc.StatusRuntimeException: UNAVAILABLE: io exception
2022-11-03 05:23:20,978 [grpc-default-executor-0] WARN  server.GrpcLogAppender (GrpcLogAppender.java:resetClient(131)) - 3459717f-89f3-488b-978e-7216d8acef6a@group-B5349C004512->236f0899-86ef-4b9d-9b64-54b2c41e9569-GrpcLogAppender: Leader has not got in touch with Follower 3459717f-89f3-488b-978e-7216d8acef6a@group-B5349C004512->236f0899-86ef-4b9d-9b64-54b2c41e9569(c0,m0,n1, attendVote=true, lastRpcSendTime=2578, lastRpcResponseTime=2517) yet, just keep nextIndex unchanged and retry.
2022-11-03 05:23:20,979 [grpc-default-executor-0] WARN  server.GrpcLogAppender (LogUtils.java:warn(122)) - 3459717f-89f3-488b-978e-7216d8acef6a@group-B5349C004512->236f0899-86ef-4b9d-9b64-54b2c41e9569-AppendLogResponseHandler: Failed appendEntries: org.apache.ratis.thirdparty.io.grpc.StatusRuntimeException: UNAVAILABLE: io exception
2022-11-03 05:23:20,980 [grpc-default-executor-0] WARN  server.GrpcLogAppender (GrpcLogAppender.java:resetClient(131)) - 3459717f-89f3-488b-978e-7216d8acef6a@group-B5349C004512->236f0899-86ef-4b9d-9b64-54b2c41e9569-GrpcLogAppender: Leader has not got in touch with Follower 3459717f-89f3-488b-978e-7216d8acef6a@group-B5349C004512->236f0899-86ef-4b9d-9b64-54b2c41e9569(c0,m0,n1, attendVote=true, lastRpcSendTime=2581, lastRpcResponseTime=2520) yet, just keep nextIndex unchanged and retry.
2022-11-03 05:23:20,983 [grpc-default-executor-0] WARN  server.GrpcLogAppender (LogUtils.java:warn(122)) - 3459717f-89f3-488b-978e-7216d8acef6a@group-B5349C004512->236f0899-86ef-4b9d-9b64-54b2c41e9569-AppendLogResponseHandler: Failed appendEntries: org.apache.ratis.thirdparty.io.grpc.StatusRuntimeException: UNAVAILABLE: io exception
2022-11-03 05:23:20,983 [grpc-default-executor-5] WARN  server.GrpcLogAppender (LogUtils.java:warn(122)) - 3459717f-89f3-488b-978e-7216d8acef6a@group-B5349C004512->236f0899-86ef-4b9d-9b64-54b2c41e9569-AppendLogResponseHandler: Failed appendEntries: org.apache.ratis.thirdparty.io.grpc.StatusRuntimeException: UNAVAILABLE: io exception
2022-11-03 05:23:20,983 [grpc-default-executor-0] WARN  server.GrpcLogAppender (GrpcLogAppender.java:resetClient(131)) - 3459717f-89f3-488b-978e-7216d8acef6a@group-B5349C004512->236f0899-86ef-4b9d-9b64-54b2c41e9569-GrpcLogAppender: Leader has not got in touch with Follower 3459717f-89f3-488b-978e-7216d8acef6a@group-B5349C004512->236f0899-86ef-4b9d-9b64-54b2c41e9569(c0,m0,n1, attendVote=true, lastRpcSendTime=2584, lastRpcResponseTime=2523) yet, just keep nextIndex unchanged and retry.
2022-11-03 05:23:20,984 [grpc-default-executor-5] WARN  server.GrpcLogAppender (GrpcLogAppender.java:resetClient(131)) - 3459717f-89f3-488b-978e-7216d8acef6a@group-B5349C004512->236f0899-86ef-4b9d-9b64-54b2c41e9569-GrpcLogAppender: Leader has not got in touch with Follower 3459717f-89f3-488b-978e-7216d8acef6a@group-B5349C004512->236f0899-86ef-4b9d-9b64-54b2c41e9569(c0,m0,n1, attendVote=true, lastRpcSendTime=2585, lastRpcResponseTime=2524) yet, just keep nextIndex unchanged and retry.
2022-11-03 05:23:20,987 [grpc-default-executor-5] WARN  server.GrpcLogAppender (LogUtils.java:warn(122)) - 3459717f-89f3-488b-978e-7216d8acef6a@group-B5349C004512->236f0899-86ef-4b9d-9b64-54b2c41e9569-AppendLogResponseHandler: Failed appendEntries: org.apache.ratis.thirdparty.io.grpc.StatusRuntimeException: UNAVAILABLE: io exception
2022-11-03 05:23:20,988 [grpc-default-executor-5] WARN  server.GrpcLogAppender (GrpcLogAppender.java:resetClient(131)) - 3459717f-89f3-488b-978e-7216d8acef6a@group-B5349C004512->236f0899-86ef-4b9d-9b64-54b2c41e9569-GrpcLogAppender: Leader has not got in touch with Follower 3459717f-89f3-488b-978e-7216d8acef6a@group-B5349C004512->236f0899-86ef-4b9d-9b64-54b2c41e9569(c0,m0,n1, attendVote=true, lastRpcSendTime=0, lastRpcResponseTime=2527) yet, just keep nextIndex unchanged and retry.
2022-11-03 05:23:20,987 [grpc-default-executor-0] WARN  server.GrpcLogAppender (LogUtils.java:warn(122)) - 3459717f-89f3-488b-978e-7216d8acef6a@group-B5349C004512->236f0899-86ef-4b9d-9b64-54b2c41e9569-AppendLogResponseHandler: Failed appendEntries: org.apache.ratis.thirdparty.io.grpc.StatusRuntimeException: UNAVAILABLE: io exception
2022-11-03 05:23:20,989 [grpc-default-executor-0] WARN  server.GrpcLogAppender (GrpcLogAppender.java:resetClient(131)) - 3459717f-89f3-488b-978e-7216d8acef6a@group-B5349C004512->236f0899-86ef-4b9d-9b64-54b2c41e9569-GrpcLogAppender: Leader has not got in touch with Follower 3459717f-89f3-488b-978e-7216d8acef6a@group-B5349C004512->236f0899-86ef-4b9d-9b64-54b2c41e9569(c0,m0,n1, attendVote=true, lastRpcSendTime=1, lastRpcResponseTime=2528) yet, just keep nextIndex unchanged and retry.
2022-11-03 05:23:21,674 [Listener at 127.0.0.1/40235] INFO  volume.HddsVolume (HddsVolume.java:closeDbStore(338)) - SchemaV3 db is stopped at /home/runner/work/ozone/ozone/hadoop-ozone/integration-test/target/test-dir/MiniOzoneClusterImpl-a947a097-fc53-45d1-b902-fe1272537128/datanode-5/data-0/containers/hdds/a947a097-fc53-45d1-b902-fe1272537128/DS-0e737147-74d2-4c56-b007-6c271e5da60d/container.db for volume DS-0e737147-74d2-4c56-b007-6c271e5da60d
2022-11-03 05:23:21,674 [Listener at 127.0.0.1/40235] INFO  utils.BackgroundService (BackgroundService.java:shutdown(141)) - Shutting down service BlockDeletingService
2022-11-03 05:23:21,674 [Listener at 127.0.0.1/40235] INFO  utils.BackgroundService (BackgroundService.java:shutdown(141)) - Shutting down service StaleRecoveringContainerScrubbingService
2022-11-03 05:23:21,679 [Listener at 127.0.0.1/40235] INFO  statemachine.DatanodeStateMachine (DatanodeStateMachine.java:stopDaemon(593)) - Ozone container server stopped.
2022-11-03 05:23:21,691 [Listener at 127.0.0.1/40235] INFO  handler.ContextHandler (ContextHandler.java:doStop(1159)) - Stopped o.e.j.w.WebAppContext@4285e6ae{hddsDatanode,/,null,STOPPED}{jar:file:/home/runner/.m2/repository/org/apache/ozone/hdds-container-service/1.3.0-SNAPSHOT/hdds-container-service-1.3.0-SNAPSHOT.jar!/webapps/hddsDatanode}
2022-11-03 05:23:21,695 [Listener at 127.0.0.1/40235] INFO  server.AbstractConnector (AbstractConnector.java:doStop(383)) - Stopped ServerConnector@6e858079{HTTP/1.1, (http/1.1)}{0.0.0.0:0}
2022-11-03 05:23:21,695 [Listener at 127.0.0.1/40235] INFO  server.session (HouseKeeper.java:stopScavenging(149)) - node0 Stopped scavenging
2022-11-03 05:23:21,695 [Listener at 127.0.0.1/40235] INFO  handler.ContextHandler (ContextHandler.java:doStop(1159)) - Stopped o.e.j.s.ServletContextHandler@16210825{static,/static,jar:file:/home/runner/.m2/repository/org/apache/ozone/hdds-container-service/1.3.0-SNAPSHOT/hdds-container-service-1.3.0-SNAPSHOT.jar!/webapps/static,STOPPED}
2022-11-03 05:23:21,696 [Listener at 127.0.0.1/40235] INFO  handler.ContextHandler (ContextHandler.java:doStop(1159)) - Stopped o.e.j.s.ServletContextHandler@2f568a26{logs,/logs,file:///home/runner/work/ozone/ozone/hadoop-ozone/integration-test/target/log,STOPPED}
2022-11-03 05:23:22,237 [grpc-default-executor-0] WARN  server.GrpcLogAppender (LogUtils.java:warn(122)) - 3459717f-89f3-488b-978e-7216d8acef6a@group-B5349C004512->236f0899-86ef-4b9d-9b64-54b2c41e9569-AppendLogResponseHandler: Failed appendEntries: org.apache.ratis.thirdparty.io.grpc.StatusRuntimeException: UNAVAILABLE: io exception
2022-11-03 05:23:22,238 [grpc-default-executor-0] WARN  server.GrpcLogAppender (GrpcLogAppender.java:resetClient(131)) - 3459717f-89f3-488b-978e-7216d8acef6a@group-B5349C004512->236f0899-86ef-4b9d-9b64-54b2c41e9569-GrpcLogAppender: Leader has not got in touch with Follower 3459717f-89f3-488b-978e-7216d8acef6a@group-B5349C004512->236f0899-86ef-4b9d-9b64-54b2c41e9569(c0,m0,n1, attendVote=true, lastRpcSendTime=0, lastRpcResponseTime=3778) yet, just keep nextIndex unchanged and retry.
2022-11-03 05:23:22,239 [grpc-default-executor-5] WARN  server.GrpcLogAppender (LogUtils.java:warn(122)) - 3459717f-89f3-488b-978e-7216d8acef6a@group-B5349C004512->236f0899-86ef-4b9d-9b64-54b2c41e9569-AppendLogResponseHandler: Failed appendEntries: org.apache.ratis.thirdparty.io.grpc.StatusRuntimeException: UNAVAILABLE: io exception
2022-11-03 05:23:22,239 [grpc-default-executor-5] WARN  server.GrpcLogAppender (GrpcLogAppender.java:resetClient(131)) - 3459717f-89f3-488b-978e-7216d8acef6a@group-B5349C004512->236f0899-86ef-4b9d-9b64-54b2c41e9569-GrpcLogAppender: Leader has not got in touch with Follower 3459717f-89f3-488b-978e-7216d8acef6a@group-B5349C004512->236f0899-86ef-4b9d-9b64-54b2c41e9569(c0,m0,n1, attendVote=true, lastRpcSendTime=1, lastRpcResponseTime=3778) yet, just keep nextIndex unchanged and retry.
2022-11-03 05:23:22,248 [fca08327-10d6-4e50-9aa0-d18fc62323ab@group-7510FC58D10D-FollowerState] INFO  server.RaftServerConfigKeys (ConfUtils.java:logFallback(53)) - raft.server.rpc.first-election.timeout.min = 5s (fallback to raft.server.rpc.timeout.min)
2022-11-03 05:23:22,248 [fca08327-10d6-4e50-9aa0-d18fc62323ab@group-7510FC58D10D-FollowerState] INFO  server.RaftServerConfigKeys (ConfUtils.java:logFallback(53)) - raft.server.rpc.first-election.timeout.max = 5200ms (fallback to raft.server.rpc.timeout.max)
2022-11-03 05:23:22,341 [aafd62d6-5d37-4c95-9ffb-fecfd05fefa6@group-7510FC58D10D-FollowerState] INFO  impl.FollowerState (FollowerState.java:run(143)) - aafd62d6-5d37-4c95-9ffb-fecfd05fefa6@group-7510FC58D10D-FollowerState: change to CANDIDATE, lastRpcElapsedTime:5115299081ns, electionTimeout:5112ms
2022-11-03 05:23:22,341 [aafd62d6-5d37-4c95-9ffb-fecfd05fefa6@group-7510FC58D10D-FollowerState] INFO  impl.RoleInfo (RoleInfo.java:shutdownFollowerState(110)) - aafd62d6-5d37-4c95-9ffb-fecfd05fefa6: shutdown aafd62d6-5d37-4c95-9ffb-fecfd05fefa6@group-7510FC58D10D-FollowerState
2022-11-03 05:23:22,341 [aafd62d6-5d37-4c95-9ffb-fecfd05fefa6@group-7510FC58D10D-FollowerState] INFO  server.RaftServer$Division (RaftServerImpl.java:setRole(321)) - aafd62d6-5d37-4c95-9ffb-fecfd05fefa6@group-7510FC58D10D: changes role from  FOLLOWER to CANDIDATE at term 1 for changeToCandidate
2022-11-03 05:23:22,341 [aafd62d6-5d37-4c95-9ffb-fecfd05fefa6@group-7510FC58D10D-FollowerState] INFO  server.RaftServerConfigKeys (ConfUtils.java:logGet(46)) - raft.server.leaderelection.pre-vote = false (custom)
2022-11-03 05:23:22,341 [aafd62d6-5d37-4c95-9ffb-fecfd05fefa6@group-7510FC58D10D-FollowerState] INFO  impl.RoleInfo (RoleInfo.java:updateAndGet(139)) - aafd62d6-5d37-4c95-9ffb-fecfd05fefa6: start aafd62d6-5d37-4c95-9ffb-fecfd05fefa6@group-7510FC58D10D-LeaderElection21
2022-11-03 05:23:22,343 [aafd62d6-5d37-4c95-9ffb-fecfd05fefa6@group-7510FC58D10D-LeaderElection21] INFO  impl.LeaderElection (LeaderElection.java:askForVotes(312)) - aafd62d6-5d37-4c95-9ffb-fecfd05fefa6@group-7510FC58D10D-LeaderElection21 ELECTION round 0: submit vote requests at term 2 for -1: peers:[b788acd7-0bfa-48fd-ae0f-b822d5826f57|rpc:10.1.1.42:42793|priority:1|startupRole:FOLLOWER, aafd62d6-5d37-4c95-9ffb-fecfd05fefa6|rpc:10.1.1.42:39817|priority:0|startupRole:FOLLOWER, fca08327-10d6-4e50-9aa0-d18fc62323ab|rpc:10.1.1.42:46211|priority:0|startupRole:FOLLOWER]|listeners:[], old=null
2022-11-03 05:23:22,352 [grpc-default-executor-5] INFO  server.RaftServer$Division (RaftServerImpl.java:requestVote(1218)) - b788acd7-0bfa-48fd-ae0f-b822d5826f57@group-7510FC58D10D: receive requestVote(ELECTION, aafd62d6-5d37-4c95-9ffb-fecfd05fefa6, group-7510FC58D10D, 2, (t:0, i:0))
2022-11-03 05:23:22,352 [grpc-default-executor-5] INFO  impl.VoteContext (VoteContext.java:log(48)) - b788acd7-0bfa-48fd-ae0f-b822d5826f57@group-7510FC58D10D-FOLLOWER: reject ELECTION from aafd62d6-5d37-4c95-9ffb-fecfd05fefa6: our priority 1 > candidate's priority 0
2022-11-03 05:23:22,352 [grpc-default-executor-5] INFO  server.RaftServer$Division (RaftServerImpl.java:setRole(321)) - b788acd7-0bfa-48fd-ae0f-b822d5826f57@group-7510FC58D10D: changes role from  FOLLOWER to FOLLOWER at term 2 for candidate:aafd62d6-5d37-4c95-9ffb-fecfd05fefa6
2022-11-03 05:23:22,352 [grpc-default-executor-5] INFO  impl.RoleInfo (RoleInfo.java:shutdownFollowerState(110)) - b788acd7-0bfa-48fd-ae0f-b822d5826f57: shutdown b788acd7-0bfa-48fd-ae0f-b822d5826f57@group-7510FC58D10D-FollowerState
2022-11-03 05:23:22,356 [aafd62d6-5d37-4c95-9ffb-fecfd05fefa6@group-7510FC58D10D-LeaderElection21] INFO  server.RaftServerConfigKeys (ConfUtils.java:logFallback(53)) - raft.server.rpc.first-election.timeout.min = 5s (fallback to raft.server.rpc.timeout.min)
2022-11-03 05:23:22,356 [aafd62d6-5d37-4c95-9ffb-fecfd05fefa6@group-7510FC58D10D-LeaderElection21] INFO  server.RaftServerConfigKeys (ConfUtils.java:logFallback(53)) - raft.server.rpc.first-election.timeout.max = 5200ms (fallback to raft.server.rpc.timeout.max)
2022-11-03 05:23:22,357 [grpc-default-executor-5] INFO  impl.RoleInfo (RoleInfo.java:updateAndGet(139)) - b788acd7-0bfa-48fd-ae0f-b822d5826f57: start b788acd7-0bfa-48fd-ae0f-b822d5826f57@group-7510FC58D10D-FollowerState
2022-11-03 05:23:22,357 [b788acd7-0bfa-48fd-ae0f-b822d5826f57@group-7510FC58D10D-FollowerState] INFO  impl.FollowerState (FollowerState.java:run(152)) - b788acd7-0bfa-48fd-ae0f-b822d5826f57@group-7510FC58D10D-FollowerState was interrupted
2022-11-03 05:23:22,359 [grpc-default-executor-0] INFO  server.RaftServer$Division (RaftServerImpl.java:requestVote(1218)) - fca08327-10d6-4e50-9aa0-d18fc62323ab@group-7510FC58D10D: receive requestVote(ELECTION, aafd62d6-5d37-4c95-9ffb-fecfd05fefa6, group-7510FC58D10D, 2, (t:0, i:0))
2022-11-03 05:23:22,369 [grpc-default-executor-0] INFO  impl.VoteContext (VoteContext.java:log(48)) - fca08327-10d6-4e50-9aa0-d18fc62323ab@group-7510FC58D10D-FOLLOWER: accept ELECTION from aafd62d6-5d37-4c95-9ffb-fecfd05fefa6: our priority 0 <= candidate's priority 0
2022-11-03 05:23:22,369 [grpc-default-executor-5] INFO  server.RaftServer$Division (RaftServerImpl.java:requestVote(1251)) - b788acd7-0bfa-48fd-ae0f-b822d5826f57@group-7510FC58D10D replies to ELECTION vote request: aafd62d6-5d37-4c95-9ffb-fecfd05fefa6<-b788acd7-0bfa-48fd-ae0f-b822d5826f57#0:FAIL-t2. Peer's state: b788acd7-0bfa-48fd-ae0f-b822d5826f57@group-7510FC58D10D:t2, leader=null, voted=null, raftlog=Memoized:b788acd7-0bfa-48fd-ae0f-b822d5826f57@group-7510FC58D10D-SegmentedRaftLog:OPENED:c-1, conf=-1: peers:[b788acd7-0bfa-48fd-ae0f-b822d5826f57|rpc:10.1.1.42:42793|priority:1|startupRole:FOLLOWER, aafd62d6-5d37-4c95-9ffb-fecfd05fefa6|rpc:10.1.1.42:39817|priority:0|startupRole:FOLLOWER, fca08327-10d6-4e50-9aa0-d18fc62323ab|rpc:10.1.1.42:46211|priority:0|startupRole:FOLLOWER]|listeners:[], old=null
2022-11-03 05:23:22,369 [grpc-default-executor-0] INFO  server.RaftServer$Division (RaftServerImpl.java:setRole(321)) - fca08327-10d6-4e50-9aa0-d18fc62323ab@group-7510FC58D10D: changes role from  FOLLOWER to FOLLOWER at term 2 for candidate:aafd62d6-5d37-4c95-9ffb-fecfd05fefa6
2022-11-03 05:23:22,371 [grpc-default-executor-0] INFO  impl.RoleInfo (RoleInfo.java:shutdownFollowerState(110)) - fca08327-10d6-4e50-9aa0-d18fc62323ab: shutdown fca08327-10d6-4e50-9aa0-d18fc62323ab@group-7510FC58D10D-FollowerState
2022-11-03 05:23:22,371 [grpc-default-executor-0] INFO  impl.RoleInfo (RoleInfo.java:updateAndGet(139)) - fca08327-10d6-4e50-9aa0-d18fc62323ab: start fca08327-10d6-4e50-9aa0-d18fc62323ab@group-7510FC58D10D-FollowerState
2022-11-03 05:23:22,371 [fca08327-10d6-4e50-9aa0-d18fc62323ab@group-7510FC58D10D-FollowerState] INFO  impl.FollowerState (FollowerState.java:run(152)) - fca08327-10d6-4e50-9aa0-d18fc62323ab@group-7510FC58D10D-FollowerState was interrupted
2022-11-03 05:23:22,373 [fca08327-10d6-4e50-9aa0-d18fc62323ab@group-7510FC58D10D-FollowerState] INFO  server.RaftServerConfigKeys (ConfUtils.java:logFallback(53)) - raft.server.rpc.first-election.timeout.min = 5s (fallback to raft.server.rpc.timeout.min)
2022-11-03 05:23:22,373 [fca08327-10d6-4e50-9aa0-d18fc62323ab@group-7510FC58D10D-FollowerState] INFO  server.RaftServerConfigKeys (ConfUtils.java:logFallback(53)) - raft.server.rpc.first-election.timeout.max = 5200ms (fallback to raft.server.rpc.timeout.max)
2022-11-03 05:23:22,373 [grpc-default-executor-0] INFO  server.RaftServer$Division (RaftServerImpl.java:requestVote(1251)) - fca08327-10d6-4e50-9aa0-d18fc62323ab@group-7510FC58D10D replies to ELECTION vote request: aafd62d6-5d37-4c95-9ffb-fecfd05fefa6<-fca08327-10d6-4e50-9aa0-d18fc62323ab#0:OK-t2. Peer's state: fca08327-10d6-4e50-9aa0-d18fc62323ab@group-7510FC58D10D:t2, leader=null, voted=aafd62d6-5d37-4c95-9ffb-fecfd05fefa6, raftlog=Memoized:fca08327-10d6-4e50-9aa0-d18fc62323ab@group-7510FC58D10D-SegmentedRaftLog:OPENED:c-1, conf=-1: peers:[b788acd7-0bfa-48fd-ae0f-b822d5826f57|rpc:10.1.1.42:42793|dataStream:|priority:1|startupRole:FOLLOWER, aafd62d6-5d37-4c95-9ffb-fecfd05fefa6|rpc:10.1.1.42:39817|dataStream:|priority:0|startupRole:FOLLOWER, fca08327-10d6-4e50-9aa0-d18fc62323ab|rpc:10.1.1.42:46211|dataStream:|priority:0|startupRole:FOLLOWER]|listeners:[], old=null
2022-11-03 05:23:22,373 [b788acd7-0bfa-48fd-ae0f-b822d5826f57@group-7510FC58D10D-FollowerState] INFO  server.RaftServerConfigKeys (ConfUtils.java:logFallback(53)) - raft.server.rpc.first-election.timeout.min = 5s (fallback to raft.server.rpc.timeout.min)
2022-11-03 05:23:22,375 [b788acd7-0bfa-48fd-ae0f-b822d5826f57@group-7510FC58D10D-FollowerState] INFO  server.RaftServerConfigKeys (ConfUtils.java:logFallback(53)) - raft.server.rpc.first-election.timeout.max = 5200ms (fallback to raft.server.rpc.timeout.max)
2022-11-03 05:23:22,373 [aafd62d6-5d37-4c95-9ffb-fecfd05fefa6@group-7510FC58D10D-LeaderElection21] INFO  impl.LeaderElection (LeaderElection.java:logAndReturn(90)) - aafd62d6-5d37-4c95-9ffb-fecfd05fefa6@group-7510FC58D10D-LeaderElection21: ELECTION REJECTED received 1 response(s) and 0 exception(s):
2022-11-03 05:23:22,375 [aafd62d6-5d37-4c95-9ffb-fecfd05fefa6@group-7510FC58D10D-LeaderElection21] INFO  impl.LeaderElection (LeaderElection.java:logAndReturn(94)) -   Response 0: aafd62d6-5d37-4c95-9ffb-fecfd05fefa6<-b788acd7-0bfa-48fd-ae0f-b822d5826f57#0:FAIL-t2
2022-11-03 05:23:22,375 [aafd62d6-5d37-4c95-9ffb-fecfd05fefa6@group-7510FC58D10D-LeaderElection21] INFO  impl.LeaderElection (LeaderElection.java:askForVotes(314)) - aafd62d6-5d37-4c95-9ffb-fecfd05fefa6@group-7510FC58D10D-LeaderElection21 ELECTION round 0: result REJECTED
2022-11-03 05:23:22,375 [aafd62d6-5d37-4c95-9ffb-fecfd05fefa6@group-7510FC58D10D-LeaderElection21] INFO  server.RaftServer$Division (RaftServerImpl.java:setRole(321)) - aafd62d6-5d37-4c95-9ffb-fecfd05fefa6@group-7510FC58D10D: changes role from CANDIDATE to FOLLOWER at term 2 for REJECTED
2022-11-03 05:23:22,375 [aafd62d6-5d37-4c95-9ffb-fecfd05fefa6@group-7510FC58D10D-LeaderElection21] INFO  impl.RoleInfo (RoleInfo.java:shutdownLeaderElection(130)) - aafd62d6-5d37-4c95-9ffb-fecfd05fefa6: shutdown aafd62d6-5d37-4c95-9ffb-fecfd05fefa6@group-7510FC58D10D-LeaderElection21
2022-11-03 05:23:22,375 [aafd62d6-5d37-4c95-9ffb-fecfd05fefa6@group-7510FC58D10D-LeaderElection21] INFO  impl.RoleInfo (RoleInfo.java:updateAndGet(139)) - aafd62d6-5d37-4c95-9ffb-fecfd05fefa6: start aafd62d6-5d37-4c95-9ffb-fecfd05fefa6@group-7510FC58D10D-FollowerState
2022-11-03 05:23:22,381 [aafd62d6-5d37-4c95-9ffb-fecfd05fefa6@group-7510FC58D10D-FollowerState] INFO  server.RaftServerConfigKeys (ConfUtils.java:logFallback(53)) - raft.server.rpc.first-election.timeout.min = 5s (fallback to raft.server.rpc.timeout.min)
2022-11-03 05:23:22,381 [aafd62d6-5d37-4c95-9ffb-fecfd05fefa6@group-7510FC58D10D-FollowerState] INFO  server.RaftServerConfigKeys (ConfUtils.java:logFallback(53)) - raft.server.rpc.first-election.timeout.max = 5200ms (fallback to raft.server.rpc.timeout.max)
2022-11-03 05:23:22,415 [EventQueue-StaleNodeForStaleNodeHandler] INFO  node.StaleNodeHandler (StaleNodeHandler.java:onMessage(59)) - Datanode 236f0899-86ef-4b9d-9b64-54b2c41e9569{ip: 10.1.1.42, host: fv-az119-847.ca0t41jjrjaujd4nublazzptxb.cx.internal.cloudapp.net, ports: [REPLICATION=35039, RATIS=45985, RATIS_ADMIN=45985, RATIS_SERVER=45985, STANDALONE=34715], networkLocation: /default-rack, certSerialId: null, persistedOpState: IN_SERVICE, persistedOpStateExpiryEpochSec: 0} moved to stale state. Finalizing its pipelines [PipelineID=9c655f0d-fbbc-4191-9417-7ca10958393f, PipelineID=6573f3b5-bbfa-4a8b-967b-b5349c004512, PipelineID=6712345d-f63f-4731-a5e0-8a90670e2f53, PipelineID=e0997f04-f762-413f-bd41-9cd2b7375039]
2022-11-03 05:23:22,418 [EventQueue-StaleNodeForStaleNodeHandler] INFO  pipeline.PipelineManagerImpl (PipelineManagerImpl.java:closePipeline(442)) - Pipeline Pipeline[ Id: 9c655f0d-fbbc-4191-9417-7ca10958393f, Nodes: 236f0899-86ef-4b9d-9b64-54b2c41e9569{ip: 10.1.1.42, host: fv-az119-847.ca0t41jjrjaujd4nublazzptxb.cx.internal.cloudapp.net, ports: [REPLICATION=35039, RATIS=45985, RATIS_ADMIN=45985, RATIS_SERVER=45985, STANDALONE=34715], networkLocation: /default-rack, certSerialId: null, persistedOpState: IN_SERVICE, persistedOpStateExpiryEpochSec: 0}, ReplicationConfig: RATIS/ONE, State:OPEN, leaderId:236f0899-86ef-4b9d-9b64-54b2c41e9569, CreationTimestamp2022-11-03T05:23:10.758Z[Etc/UTC]] moved to CLOSED state
2022-11-03 05:23:22,418 [EventQueue-StaleNodeForStaleNodeHandler] INFO  pipeline.PipelineManagerImpl (PipelineManagerImpl.java:closePipeline(442)) - Pipeline Pipeline[ Id: 6573f3b5-bbfa-4a8b-967b-b5349c004512, Nodes: 236f0899-86ef-4b9d-9b64-54b2c41e9569{ip: 10.1.1.42, host: fv-az119-847.ca0t41jjrjaujd4nublazzptxb.cx.internal.cloudapp.net, ports: [REPLICATION=35039, RATIS=45985, RATIS_ADMIN=45985, RATIS_SERVER=45985, STANDALONE=34715], networkLocation: /default-rack, certSerialId: null, persistedOpState: IN_SERVICE, persistedOpStateExpiryEpochSec: 0}5ddfe129-1b79-40ed-b807-03daa2e9053a{ip: 10.1.1.42, host: fv-az119-847.ca0t41jjrjaujd4nublazzptxb.cx.internal.cloudapp.net, ports: [REPLICATION=34451, RATIS=37873, RATIS_ADMIN=37873, RATIS_SERVER=37873, STANDALONE=38545], networkLocation: /default-rack, certSerialId: null, persistedOpState: IN_SERVICE, persistedOpStateExpiryEpochSec: 0}3459717f-89f3-488b-978e-7216d8acef6a{ip: 10.1.1.42, host: fv-az119-847.ca0t41jjrjaujd4nublazzptxb.cx.internal.cloudapp.net, ports: [REPLICATION=38201, RATIS=37511, RATIS_ADMIN=37511, RATIS_SERVER=37511, STANDALONE=36731], networkLocation: /default-rack, certSerialId: null, persistedOpState: IN_SERVICE, persistedOpStateExpiryEpochSec: 0}, ReplicationConfig: RATIS/THREE, State:OPEN, leaderId:3459717f-89f3-488b-978e-7216d8acef6a, CreationTimestamp2022-11-03T05:23:10.759Z[Etc/UTC]] moved to CLOSED state
2022-11-03 05:23:22,420 [EventQueue-StaleNodeForStaleNodeHandler] INFO  pipeline.PipelineManagerImpl (PipelineManagerImpl.java:closePipeline(442)) - Pipeline Pipeline[ Id: 6712345d-f63f-4731-a5e0-8a90670e2f53, Nodes: 3459717f-89f3-488b-978e-7216d8acef6a{ip: 10.1.1.42, host: fv-az119-847.ca0t41jjrjaujd4nublazzptxb.cx.internal.cloudapp.net, ports: [REPLICATION=38201, RATIS=37511, RATIS_ADMIN=37511, RATIS_SERVER=37511, STANDALONE=36731], networkLocation: /default-rack, certSerialId: null, persistedOpState: IN_SERVICE, persistedOpStateExpiryEpochSec: 0}236f0899-86ef-4b9d-9b64-54b2c41e9569{ip: 10.1.1.42, host: fv-az119-847.ca0t41jjrjaujd4nublazzptxb.cx.internal.cloudapp.net, ports: [REPLICATION=35039, RATIS=45985, RATIS_ADMIN=45985, RATIS_SERVER=45985, STANDALONE=34715], networkLocation: /default-rack, certSerialId: null, persistedOpState: IN_SERVICE, persistedOpStateExpiryEpochSec: 0}5ddfe129-1b79-40ed-b807-03daa2e9053a{ip: 10.1.1.42, host: fv-az119-847.ca0t41jjrjaujd4nublazzptxb.cx.internal.cloudapp.net, ports: [REPLICATION=34451, RATIS=37873, RATIS_ADMIN=37873, RATIS_SERVER=37873, STANDALONE=38545], networkLocation: /default-rack, certSerialId: null, persistedOpState: IN_SERVICE, persistedOpStateExpiryEpochSec: 0}, ReplicationConfig: RATIS/THREE, State:ALLOCATED, leaderId:, CreationTimestamp2022-11-03T05:23:10.760Z[Etc/UTC]] moved to CLOSED state
2022-11-03 05:23:22,423 [EventQueue-StaleNodeForStaleNodeHandler] INFO  pipeline.PipelineManagerImpl (PipelineManagerImpl.java:closeContainersForPipeline(421)) - Container #1 closed for pipeline=PipelineID=e0997f04-f762-413f-bd41-9cd2b7375039
2022-11-03 05:23:22,423 [EventQueue-StaleNodeForStaleNodeHandler] INFO  pipeline.PipelineManagerImpl (PipelineManagerImpl.java:closePipeline(442)) - Pipeline Pipeline[ Id: e0997f04-f762-413f-bd41-9cd2b7375039, Nodes: 236f0899-86ef-4b9d-9b64-54b2c41e9569{ip: 10.1.1.42, host: fv-az119-847.ca0t41jjrjaujd4nublazzptxb.cx.internal.cloudapp.net, ports: [REPLICATION=35039, RATIS=45985, RATIS_ADMIN=45985, RATIS_SERVER=45985, STANDALONE=34715], networkLocation: /default-rack, certSerialId: null, persistedOpState: null, persistedOpStateExpiryEpochSec: 0}5ddfe129-1b79-40ed-b807-03daa2e9053a{ip: 10.1.1.42, host: fv-az119-847.ca0t41jjrjaujd4nublazzptxb.cx.internal.cloudapp.net, ports: [REPLICATION=34451, RATIS=37873, RATIS_ADMIN=37873, RATIS_SERVER=37873, STANDALONE=38545], networkLocation: /default-rack, certSerialId: null, persistedOpState: null, persistedOpStateExpiryEpochSec: 0}c4b91fe4-1e17-46ee-80ce-129a880b8a55{ip: 10.1.1.42, host: fv-az119-847.ca0t41jjrjaujd4nublazzptxb.cx.internal.cloudapp.net, ports: [REPLICATION=36393, RATIS=40201, RATIS_ADMIN=40201, RATIS_SERVER=40201, STANDALONE=42287], networkLocation: /default-rack, certSerialId: null, persistedOpState: null, persistedOpStateExpiryEpochSec: 0}c047bafd-0fa0-4f2f-9a8c-56ef9c35524f{ip: 10.1.1.42, host: fv-az119-847.ca0t41jjrjaujd4nublazzptxb.cx.internal.cloudapp.net, ports: [REPLICATION=42705, RATIS=40893, RATIS_ADMIN=40893, RATIS_SERVER=40893, STANDALONE=36323], networkLocation: /default-rack, certSerialId: null, persistedOpState: null, persistedOpStateExpiryEpochSec: 0}3459717f-89f3-488b-978e-7216d8acef6a{ip: 10.1.1.42, host: fv-az119-847.ca0t41jjrjaujd4nublazzptxb.cx.internal.cloudapp.net, ports: [REPLICATION=38201, RATIS=37511, RATIS_ADMIN=37511, RATIS_SERVER=37511, STANDALONE=36731], networkLocation: /default-rack, certSerialId: null, persistedOpState: null, persistedOpStateExpiryEpochSec: 0}, ReplicationConfig: EC/ECReplicationConfig{data=3, parity=2, ecChunkSize=1024, codec=rs}, State:OPEN, leaderId:, CreationTimestamp2022-11-03T05:23:18.904Z[Etc/UTC]] moved to CLOSED state
2022-11-03 05:23:22,425 [EventQueue-CloseContainerForCloseContainerEventHandler] INFO  container.CloseContainerEventHandler (CloseContainerEventHandler.java:onMessage(71)) - Close container Event triggered for container : #1
2022-11-03 05:23:23,488 [grpc-default-executor-5] WARN  server.GrpcLogAppender (LogUtils.java:warn(122)) - 3459717f-89f3-488b-978e-7216d8acef6a@group-B5349C004512->236f0899-86ef-4b9d-9b64-54b2c41e9569-AppendLogResponseHandler: Failed appendEntries: org.apache.ratis.thirdparty.io.grpc.StatusRuntimeException: UNAVAILABLE: io exception
2022-11-03 05:23:23,488 [grpc-default-executor-0] WARN  server.GrpcLogAppender (LogUtils.java:warn(122)) - 3459717f-89f3-488b-978e-7216d8acef6a@group-B5349C004512->236f0899-86ef-4b9d-9b64-54b2c41e9569-AppendLogResponseHandler: Failed appendEntries: org.apache.ratis.thirdparty.io.grpc.StatusRuntimeException: UNAVAILABLE: io exception
2022-11-03 05:23:23,489 [grpc-default-executor-5] WARN  server.GrpcLogAppender (GrpcLogAppender.java:resetClient(131)) - 3459717f-89f3-488b-978e-7216d8acef6a@group-B5349C004512->236f0899-86ef-4b9d-9b64-54b2c41e9569-GrpcLogAppender: Leader has not got in touch with Follower 3459717f-89f3-488b-978e-7216d8acef6a@group-B5349C004512->236f0899-86ef-4b9d-9b64-54b2c41e9569(c0,m0,n1, attendVote=true, lastRpcSendTime=1251, lastRpcResponseTime=5028) yet, just keep nextIndex unchanged and retry.
2022-11-03 05:23:23,490 [grpc-default-executor-0] WARN  server.GrpcLogAppender (GrpcLogAppender.java:resetClient(131)) - 3459717f-89f3-488b-978e-7216d8acef6a@group-B5349C004512->236f0899-86ef-4b9d-9b64-54b2c41e9569-GrpcLogAppender: Leader has not got in touch with Follower 3459717f-89f3-488b-978e-7216d8acef6a@group-B5349C004512->236f0899-86ef-4b9d-9b64-54b2c41e9569(c0,m0,n1, attendVote=true, lastRpcSendTime=1252, lastRpcResponseTime=5029) yet, just keep nextIndex unchanged and retry.
2022-11-03 05:23:23,492 [grpc-default-executor-4] WARN  server.GrpcLogAppender (LogUtils.java:warn(122)) - 3459717f-89f3-488b-978e-7216d8acef6a@group-B5349C004512->236f0899-86ef-4b9d-9b64-54b2c41e9569-AppendLogResponseHandler: Failed appendEntries: org.apache.ratis.thirdparty.io.grpc.StatusRuntimeException: UNAVAILABLE: io exception
2022-11-03 05:23:23,492 [grpc-default-executor-4] WARN  server.GrpcLogAppender (GrpcLogAppender.java:resetClient(131)) - 3459717f-89f3-488b-978e-7216d8acef6a@group-B5349C004512->236f0899-86ef-4b9d-9b64-54b2c41e9569-GrpcLogAppender: Leader has not got in touch with Follower 3459717f-89f3-488b-978e-7216d8acef6a@group-B5349C004512->236f0899-86ef-4b9d-9b64-54b2c41e9569(c0,m0,n1, attendVote=true, lastRpcSendTime=1, lastRpcResponseTime=5032) yet, just keep nextIndex unchanged and retry.
2022-11-03 05:23:23,492 [grpc-default-executor-0] WARN  server.GrpcLogAppender (LogUtils.java:warn(122)) - 3459717f-89f3-488b-978e-7216d8acef6a@group-B5349C004512->236f0899-86ef-4b9d-9b64-54b2c41e9569-AppendLogResponseHandler: Failed appendEntries: org.apache.ratis.thirdparty.io.grpc.StatusRuntimeException: UNAVAILABLE: io exception
2022-11-03 05:23:23,492 [grpc-default-executor-0] WARN  server.GrpcLogAppender (GrpcLogAppender.java:resetClient(131)) - 3459717f-89f3-488b-978e-7216d8acef6a@group-B5349C004512->236f0899-86ef-4b9d-9b64-54b2c41e9569-GrpcLogAppender: Leader has not got in touch with Follower 3459717f-89f3-488b-978e-7216d8acef6a@group-B5349C004512->236f0899-86ef-4b9d-9b64-54b2c41e9569(c0,m0,n1, attendVote=true, lastRpcSendTime=1, lastRpcResponseTime=5032) yet, just keep nextIndex unchanged and retry.
2022-11-03 05:23:23,577 [3459717f-89f3-488b-978e-7216d8acef6a@group-8A90670E2F53-FollowerState] INFO  impl.FollowerState (FollowerState.java:run(143)) - 3459717f-89f3-488b-978e-7216d8acef6a@group-8A90670E2F53-FollowerState: change to CANDIDATE, lastRpcElapsedTime:5104180164ns, electionTimeout:5085ms
2022-11-03 05:23:23,577 [3459717f-89f3-488b-978e-7216d8acef6a@group-8A90670E2F53-FollowerState] INFO  impl.RoleInfo (RoleInfo.java:shutdownFollowerState(110)) - 3459717f-89f3-488b-978e-7216d8acef6a: shutdown 3459717f-89f3-488b-978e-7216d8acef6a@group-8A90670E2F53-FollowerState
2022-11-03 05:23:23,577 [3459717f-89f3-488b-978e-7216d8acef6a@group-8A90670E2F53-FollowerState] INFO  server.RaftServer$Division (RaftServerImpl.java:setRole(321)) - 3459717f-89f3-488b-978e-7216d8acef6a@group-8A90670E2F53: changes role from  FOLLOWER to CANDIDATE at term 1 for changeToCandidate
2022-11-03 05:23:23,577 [3459717f-89f3-488b-978e-7216d8acef6a@group-8A90670E2F53-FollowerState] INFO  server.RaftServerConfigKeys (ConfUtils.java:logGet(46)) - raft.server.leaderelection.pre-vote = false (custom)
2022-11-03 05:23:23,577 [3459717f-89f3-488b-978e-7216d8acef6a@group-8A90670E2F53-FollowerState] INFO  impl.RoleInfo (RoleInfo.java:updateAndGet(139)) - 3459717f-89f3-488b-978e-7216d8acef6a: start 3459717f-89f3-488b-978e-7216d8acef6a@group-8A90670E2F53-LeaderElection22
2022-11-03 05:23:23,580 [3459717f-89f3-488b-978e-7216d8acef6a@group-8A90670E2F53-LeaderElection22] INFO  impl.LeaderElection (LeaderElection.java:askForVotes(312)) - 3459717f-89f3-488b-978e-7216d8acef6a@group-8A90670E2F53-LeaderElection22 ELECTION round 0: submit vote requests at term 2 for -1: peers:[236f0899-86ef-4b9d-9b64-54b2c41e9569|rpc:10.1.1.42:45985|priority:1|startupRole:FOLLOWER, 3459717f-89f3-488b-978e-7216d8acef6a|rpc:10.1.1.42:37511|priority:0|startupRole:FOLLOWER, 5ddfe129-1b79-40ed-b807-03daa2e9053a|rpc:10.1.1.42:37873|priority:0|startupRole:FOLLOWER]|listeners:[], old=null
2022-11-03 05:23:23,581 [3459717f-89f3-488b-978e-7216d8acef6a@group-8A90670E2F53-LeaderElection22] INFO  server.RaftServerConfigKeys (ConfUtils.java:logFallback(53)) - raft.server.rpc.first-election.timeout.min = 5s (fallback to raft.server.rpc.timeout.min)
2022-11-03 05:23:23,581 [3459717f-89f3-488b-978e-7216d8acef6a@group-8A90670E2F53-LeaderElection22] INFO  server.RaftServerConfigKeys (ConfUtils.java:logFallback(53)) - raft.server.rpc.first-election.timeout.max = 5200ms (fallback to raft.server.rpc.timeout.max)
2022-11-03 05:23:23,581 [3459717f-89f3-488b-978e-7216d8acef6a@group-8A90670E2F53-LeaderElection22] INFO  impl.LeaderElection (LogUtils.java:infoOrTrace(137)) - 3459717f-89f3-488b-978e-7216d8acef6a@group-8A90670E2F53-LeaderElection22 got exception when requesting votes: java.util.concurrent.ExecutionException: org.apache.ratis.thirdparty.io.grpc.StatusRuntimeException: UNAVAILABLE: io exception
2022-11-03 05:23:23,583 [grpc-default-executor-0] INFO  server.RaftServer$Division (RaftServerImpl.java:requestVote(1218)) - 5ddfe129-1b79-40ed-b807-03daa2e9053a@group-8A90670E2F53: receive requestVote(ELECTION, 3459717f-89f3-488b-978e-7216d8acef6a, group-8A90670E2F53, 2, (t:0, i:0))
2022-11-03 05:23:23,583 [grpc-default-executor-0] INFO  impl.VoteContext (VoteContext.java:log(48)) - 5ddfe129-1b79-40ed-b807-03daa2e9053a@group-8A90670E2F53-FOLLOWER: accept ELECTION from 3459717f-89f3-488b-978e-7216d8acef6a: our priority 0 <= candidate's priority 0
2022-11-03 05:23:23,583 [grpc-default-executor-0] INFO  server.RaftServer$Division (RaftServerImpl.java:setRole(321)) - 5ddfe129-1b79-40ed-b807-03daa2e9053a@group-8A90670E2F53: changes role from  FOLLOWER to FOLLOWER at term 2 for candidate:3459717f-89f3-488b-978e-7216d8acef6a
2022-11-03 05:23:23,583 [grpc-default-executor-0] INFO  impl.RoleInfo (RoleInfo.java:shutdownFollowerState(110)) - 5ddfe129-1b79-40ed-b807-03daa2e9053a: shutdown 5ddfe129-1b79-40ed-b807-03daa2e9053a@group-8A90670E2F53-FollowerState
2022-11-03 05:23:23,583 [grpc-default-executor-0] INFO  impl.RoleInfo (RoleInfo.java:updateAndGet(139)) - 5ddfe129-1b79-40ed-b807-03daa2e9053a: start 5ddfe129-1b79-40ed-b807-03daa2e9053a@group-8A90670E2F53-FollowerState
2022-11-03 05:23:23,583 [5ddfe129-1b79-40ed-b807-03daa2e9053a@group-8A90670E2F53-FollowerState] INFO  impl.FollowerState (FollowerState.java:run(152)) - 5ddfe129-1b79-40ed-b807-03daa2e9053a@group-8A90670E2F53-FollowerState was interrupted
2022-11-03 05:23:23,584 [5ddfe129-1b79-40ed-b807-03daa2e9053a@group-8A90670E2F53-FollowerState] INFO  server.RaftServerConfigKeys (ConfUtils.java:logFallback(53)) - raft.server.rpc.first-election.timeout.min = 5s (fallback to raft.server.rpc.timeout.min)
2022-11-03 05:23:23,584 [5ddfe129-1b79-40ed-b807-03daa2e9053a@group-8A90670E2F53-FollowerState] INFO  server.RaftServerConfigKeys (ConfUtils.java:logFallback(53)) - raft.server.rpc.first-election.timeout.max = 5200ms (fallback to raft.server.rpc.timeout.max)
2022-11-03 05:23:23,584 [grpc-default-executor-0] INFO  server.RaftServer$Division (RaftServerImpl.java:requestVote(1251)) - 5ddfe129-1b79-40ed-b807-03daa2e9053a@group-8A90670E2F53 replies to ELECTION vote request: 3459717f-89f3-488b-978e-7216d8acef6a<-5ddfe129-1b79-40ed-b807-03daa2e9053a#0:OK-t2. Peer's state: 5ddfe129-1b79-40ed-b807-03daa2e9053a@group-8A90670E2F53:t2, leader=null, voted=3459717f-89f3-488b-978e-7216d8acef6a, raftlog=Memoized:5ddfe129-1b79-40ed-b807-03daa2e9053a@group-8A90670E2F53-SegmentedRaftLog:OPENED:c-1, conf=-1: peers:[236f0899-86ef-4b9d-9b64-54b2c41e9569|rpc:10.1.1.42:45985|dataStream:|priority:1|startupRole:FOLLOWER, 3459717f-89f3-488b-978e-7216d8acef6a|rpc:10.1.1.42:37511|dataStream:|priority:0|startupRole:FOLLOWER, 5ddfe129-1b79-40ed-b807-03daa2e9053a|rpc:10.1.1.42:37873|dataStream:|priority:0|startupRole:FOLLOWER]|listeners:[], old=null
2022-11-03 05:23:23,587 [3459717f-89f3-488b-978e-7216d8acef6a@group-8A90670E2F53-LeaderElection22] INFO  impl.LeaderElection (LeaderElection.java:logAndReturn(90)) - 3459717f-89f3-488b-978e-7216d8acef6a@group-8A90670E2F53-LeaderElection22: ELECTION PASSED received 1 response(s) and 1 exception(s):
2022-11-03 05:23:23,587 [3459717f-89f3-488b-978e-7216d8acef6a@group-8A90670E2F53-LeaderElection22] INFO  impl.LeaderElection (LeaderElection.java:logAndReturn(94)) -   Response 0: 3459717f-89f3-488b-978e-7216d8acef6a<-5ddfe129-1b79-40ed-b807-03daa2e9053a#0:OK-t2
2022-11-03 05:23:23,587 [3459717f-89f3-488b-978e-7216d8acef6a@group-8A90670E2F53-LeaderElection22] INFO  impl.LeaderElection (LogUtils.java:infoOrTrace(137)) -   Exception 1: java.util.concurrent.ExecutionException: org.apache.ratis.thirdparty.io.grpc.StatusRuntimeException: UNAVAILABLE: io exception
2022-11-03 05:23:23,587 [3459717f-89f3-488b-978e-7216d8acef6a@group-8A90670E2F53-LeaderElection22] INFO  impl.LeaderElection (LeaderElection.java:askForVotes(314)) - 3459717f-89f3-488b-978e-7216d8acef6a@group-8A90670E2F53-LeaderElection22 ELECTION round 0: result PASSED
2022-11-03 05:23:23,587 [3459717f-89f3-488b-978e-7216d8acef6a@group-8A90670E2F53-LeaderElection22] INFO  impl.RoleInfo (RoleInfo.java:shutdownLeaderElection(130)) - 3459717f-89f3-488b-978e-7216d8acef6a: shutdown 3459717f-89f3-488b-978e-7216d8acef6a@group-8A90670E2F53-LeaderElection22
2022-11-03 05:23:23,587 [3459717f-89f3-488b-978e-7216d8acef6a@group-8A90670E2F53-LeaderElection22] INFO  server.RaftServer$Division (RaftServerImpl.java:setRole(321)) - 3459717f-89f3-488b-978e-7216d8acef6a@group-8A90670E2F53: changes role from CANDIDATE to LEADER at term 2 for changeToLeader
2022-11-03 05:23:23,587 [3459717f-89f3-488b-978e-7216d8acef6a@group-8A90670E2F53-LeaderElection22] INFO  ratis.XceiverServerRatis (XceiverServerRatis.java:handleLeaderChangedNotification(863)) - Leader change notification received for group: group-8A90670E2F53 with new leaderId: 3459717f-89f3-488b-978e-7216d8acef6a
2022-11-03 05:23:23,587 [3459717f-89f3-488b-978e-7216d8acef6a@group-8A90670E2F53-LeaderElection22] INFO  server.RaftServer$Division (ServerState.java:setLeader(313)) - 3459717f-89f3-488b-978e-7216d8acef6a@group-8A90670E2F53: change Leader from null to 3459717f-89f3-488b-978e-7216d8acef6a at term 2 for becomeLeader, leader elected after 10332ms
2022-11-03 05:23:23,587 [3459717f-89f3-488b-978e-7216d8acef6a@group-8A90670E2F53-LeaderElection22] INFO  server.RaftServerConfigKeys (ConfUtils.java:logGet(46)) - raft.server.staging.catchup.gap = 1000 (default)
2022-11-03 05:23:23,588 [3459717f-89f3-488b-978e-7216d8acef6a@group-8A90670E2F53-LeaderElection22] INFO  server.RaftServerConfigKeys (ConfUtils.java:logGet(46)) - raft.server.write.element-limit = 1024 (custom)
2022-11-03 05:23:23,588 [3459717f-89f3-488b-978e-7216d8acef6a@group-8A90670E2F53-LeaderElection22] INFO  server.RaftServerConfigKeys (ConfUtils.java:logGet(46)) - raft.server.write.byte-limit = 1024 M (=1073741824) (custom)
2022-11-03 05:23:23,588 [3459717f-89f3-488b-978e-7216d8acef6a@group-8A90670E2F53-LeaderElection22] INFO  server.RaftServerConfigKeys (ConfUtils.java:logGet(46)) - raft.server.watch.timeout = 180s (custom)
2022-11-03 05:23:23,588 [3459717f-89f3-488b-978e-7216d8acef6a@group-8A90670E2F53-LeaderElection22] INFO  server.RaftServerConfigKeys (ConfUtils.java:logGet(46)) - raft.server.watch.timeout.denomination = 1s (default)
2022-11-03 05:23:23,588 [3459717f-89f3-488b-978e-7216d8acef6a@group-8A90670E2F53-LeaderElection22] INFO  server.RaftServerConfigKeys (ConfUtils.java:logGet(46)) - raft.server.watch.element-limit = 65536 (default)
2022-11-03 05:23:23,588 [3459717f-89f3-488b-978e-7216d8acef6a@group-8A90670E2F53-LeaderElection22] INFO  server.RaftServerConfigKeys (ConfUtils.java:logGet(46)) - raft.server.write.element-limit = 1024 (custom)
2022-11-03 05:23:23,588 [3459717f-89f3-488b-978e-7216d8acef6a@group-8A90670E2F53-LeaderElection22] INFO  server.RaftServerConfigKeys (ConfUtils.java:logGet(46)) - raft.server.write.follower.gap.ratio.max = -1.0 (default)
2022-11-03 05:23:23,589 [3459717f-89f3-488b-978e-7216d8acef6a@group-8A90670E2F53-LeaderElection22] INFO  server.RaftServerConfigKeys (ConfUtils.java:logGet(46)) - raft.server.log.appender.snapshot.chunk.size.max = 16MB (=16777216) (default)
2022-11-03 05:23:23,589 [3459717f-89f3-488b-978e-7216d8acef6a@group-8A90670E2F53-LeaderElection22] INFO  server.RaftServerConfigKeys (ConfUtils.java:logGet(46)) - raft.server.log.appender.buffer.byte-limit = 33554432 (custom)
2022-11-03 05:23:23,589 [3459717f-89f3-488b-978e-7216d8acef6a@group-8A90670E2F53-LeaderElection22] INFO  server.RaftServerConfigKeys (ConfUtils.java:logGet(46)) - raft.server.log.appender.buffer.element-limit = 1 (custom)
2022-11-03 05:23:23,589 [3459717f-89f3-488b-978e-7216d8acef6a@group-8A90670E2F53-LeaderElection22] INFO  grpc.GrpcConfigKeys (ConfUtils.java:logGet(46)) - raft.grpc.server.leader.outstanding.appends.max = 128 (default)
2022-11-03 05:23:23,592 [3459717f-89f3-488b-978e-7216d8acef6a@group-8A90670E2F53-LeaderElection22] INFO  server.RaftServerConfigKeys (ConfUtils.java:logGet(46)) - raft.server.rpc.request.timeout = 60s (custom)
2022-11-03 05:23:23,592 [3459717f-89f3-488b-978e-7216d8acef6a@group-8A90670E2F53-LeaderElection22] INFO  server.RaftServerConfigKeys (ConfUtils.java:logGet(46)) - raft.server.log.appender.install.snapshot.enabled = false (custom)
2022-11-03 05:23:23,595 [3459717f-89f3-488b-978e-7216d8acef6a@group-8A90670E2F53-LeaderElection22] INFO  grpc.GrpcConfigKeys (ConfUtils.java:logGet(46)) - raft.grpc.server.heartbeat.channel = true (default)
2022-11-03 05:23:23,595 [3459717f-89f3-488b-978e-7216d8acef6a@group-8A90670E2F53-LeaderElection22] INFO  server.RaftServerConfigKeys (ConfUtils.java:logGet(46)) - raft.server.log.appender.wait-time.min = 10ms (default)
2022-11-03 05:23:23,595 [3459717f-89f3-488b-978e-7216d8acef6a@group-8A90670E2F53-LeaderElection22] INFO  server.RaftServerConfigKeys (ConfUtils.java:logGet(46)) - raft.server.log.appender.snapshot.chunk.size.max = 16MB (=16777216) (default)
2022-11-03 05:23:23,596 [3459717f-89f3-488b-978e-7216d8acef6a@group-8A90670E2F53-LeaderElection22] INFO  server.RaftServerConfigKeys (ConfUtils.java:logGet(46)) - raft.server.log.appender.buffer.byte-limit = 33554432 (custom)
2022-11-03 05:23:23,596 [3459717f-89f3-488b-978e-7216d8acef6a@group-8A90670E2F53-LeaderElection22] INFO  server.RaftServerConfigKeys (ConfUtils.java:logGet(46)) - raft.server.log.appender.buffer.element-limit = 1 (custom)
2022-11-03 05:23:23,596 [3459717f-89f3-488b-978e-7216d8acef6a@group-8A90670E2F53-LeaderElection22] INFO  grpc.GrpcConfigKeys (ConfUtils.java:logGet(46)) - raft.grpc.server.leader.outstanding.appends.max = 128 (default)
2022-11-03 05:23:23,596 [3459717f-89f3-488b-978e-7216d8acef6a@group-8A90670E2F53-LeaderElection22] INFO  server.RaftServerConfigKeys (ConfUtils.java:logGet(46)) - raft.server.rpc.request.timeout = 60s (custom)
2022-11-03 05:23:23,596 [3459717f-89f3-488b-978e-7216d8acef6a@group-8A90670E2F53-LeaderElection22] INFO  server.RaftServerConfigKeys (ConfUtils.java:logGet(46)) - raft.server.log.appender.install.snapshot.enabled = false (custom)
2022-11-03 05:23:23,597 [3459717f-89f3-488b-978e-7216d8acef6a@group-8A90670E2F53-LeaderElection22] INFO  grpc.GrpcConfigKeys (ConfUtils.java:logGet(46)) - raft.grpc.server.heartbeat.channel = true (default)
2022-11-03 05:23:23,597 [3459717f-89f3-488b-978e-7216d8acef6a@group-8A90670E2F53-LeaderElection22] INFO  server.RaftServerConfigKeys (ConfUtils.java:logGet(46)) - raft.server.log.appender.wait-time.min = 10ms (default)
2022-11-03 05:23:23,597 [3459717f-89f3-488b-978e-7216d8acef6a@group-8A90670E2F53-LeaderElection22] INFO  impl.RoleInfo (RoleInfo.java:updateAndGet(139)) - 3459717f-89f3-488b-978e-7216d8acef6a: start 3459717f-89f3-488b-978e-7216d8acef6a@group-8A90670E2F53-LeaderStateImpl
2022-11-03 05:23:23,597 [3459717f-89f3-488b-978e-7216d8acef6a@group-8A90670E2F53-LeaderElection22] INFO  segmented.SegmentedRaftLogWorker (SegmentedRaftLogWorker.java:startLogSegment(452)) - 3459717f-89f3-488b-978e-7216d8acef6a@group-8A90670E2F53-SegmentedRaftLogWorker: Starting segment from index:0
2022-11-03 05:23:23,600 [3459717f-89f3-488b-978e-7216d8acef6a@group-8A90670E2F53-SegmentedRaftLogWorker] INFO  segmented.SegmentedRaftLogWorker (SegmentedRaftLogWorker.java:execute(656)) - 3459717f-89f3-488b-978e-7216d8acef6a@group-8A90670E2F53-SegmentedRaftLogWorker: created new log segment /home/runner/work/ozone/ozone/hadoop-ozone/integration-test/target/test-dir/MiniOzoneClusterImpl-a947a097-fc53-45d1-b902-fe1272537128/datanode-3/data/ratis/6712345d-f63f-4731-a5e0-8a90670e2f53/current/log_inprogress_0
2022-11-03 05:23:23,617 [3459717f-89f3-488b-978e-7216d8acef6a@group-8A90670E2F53-LeaderElection22] INFO  server.RaftServer$Division (ServerState.java:setRaftConf(430)) - 3459717f-89f3-488b-978e-7216d8acef6a@group-8A90670E2F53: set configuration 0: peers:[236f0899-86ef-4b9d-9b64-54b2c41e9569|rpc:10.1.1.42:45985|dataStream:|priority:1|startupRole:FOLLOWER, 3459717f-89f3-488b-978e-7216d8acef6a|rpc:10.1.1.42:37511|dataStream:|priority:0|startupRole:FOLLOWER, 5ddfe129-1b79-40ed-b807-03daa2e9053a|rpc:10.1.1.42:37873|dataStream:|priority:0|startupRole:FOLLOWER]|listeners:[], old=null
2022-11-03 05:23:23,620 [grpc-default-executor-0] WARN  server.GrpcLogAppender (LogUtils.java:warn(122)) - 3459717f-89f3-488b-978e-7216d8acef6a@group-8A90670E2F53->236f0899-86ef-4b9d-9b64-54b2c41e9569-AppendLogResponseHandler: Failed appendEntries: org.apache.ratis.thirdparty.io.grpc.StatusRuntimeException: UNAVAILABLE: io exception
2022-11-03 05:23:23,620 [grpc-default-executor-4] WARN  server.GrpcLogAppender (LogUtils.java:warn(122)) - 3459717f-89f3-488b-978e-7216d8acef6a@group-8A90670E2F53->236f0899-86ef-4b9d-9b64-54b2c41e9569-AppendLogResponseHandler: Failed appendEntries: org.apache.ratis.thirdparty.io.grpc.StatusRuntimeException: UNAVAILABLE: io exception
2022-11-03 05:23:23,621 [grpc-default-executor-4] WARN  server.GrpcLogAppender (GrpcLogAppender.java:resetClient(131)) - 3459717f-89f3-488b-978e-7216d8acef6a@group-8A90670E2F53->236f0899-86ef-4b9d-9b64-54b2c41e9569-GrpcLogAppender: Leader has not got in touch with Follower 3459717f-89f3-488b-978e-7216d8acef6a@group-8A90670E2F53->236f0899-86ef-4b9d-9b64-54b2c41e9569(c-1,m0,n0, attendVote=true, lastRpcSendTime=1, lastRpcResponseTime=5232) yet, just keep nextIndex unchanged and retry.
2022-11-03 05:23:23,630 [grpc-default-executor-0] WARN  server.GrpcLogAppender (GrpcLogAppender.java:resetClient(131)) - 3459717f-89f3-488b-978e-7216d8acef6a@group-8A90670E2F53->236f0899-86ef-4b9d-9b64-54b2c41e9569-GrpcLogAppender: Leader has not got in touch with Follower 3459717f-89f3-488b-978e-7216d8acef6a@group-8A90670E2F53->236f0899-86ef-4b9d-9b64-54b2c41e9569(c-1,m0,n0, attendVote=true, lastRpcSendTime=9, lastRpcResponseTime=5241) yet, just keep nextIndex unchanged and retry.
2022-11-03 05:23:23,631 [grpc-default-executor-3] WARN  server.GrpcLogAppender (LogUtils.java:warn(122)) - 3459717f-89f3-488b-978e-7216d8acef6a@group-8A90670E2F53->236f0899-86ef-4b9d-9b64-54b2c41e9569-AppendLogResponseHandler: Failed appendEntries: org.apache.ratis.thirdparty.io.grpc.StatusRuntimeException: UNAVAILABLE: io exception
2022-11-03 05:23:23,631 [grpc-default-executor-5] WARN  server.GrpcLogAppender (LogUtils.java:warn(122)) - 3459717f-89f3-488b-978e-7216d8acef6a@group-8A90670E2F53->236f0899-86ef-4b9d-9b64-54b2c41e9569-AppendLogResponseHandler: Failed appendEntries: org.apache.ratis.thirdparty.io.grpc.StatusRuntimeException: UNAVAILABLE: io exception
2022-11-03 05:23:23,632 [grpc-default-executor-3] WARN  server.GrpcLogAppender (GrpcLogAppender.java:resetClient(131)) - 3459717f-89f3-488b-978e-7216d8acef6a@group-8A90670E2F53->236f0899-86ef-4b9d-9b64-54b2c41e9569-GrpcLogAppender: Leader has not got in touch with Follower 3459717f-89f3-488b-978e-7216d8acef6a@group-8A90670E2F53->236f0899-86ef-4b9d-9b64-54b2c41e9569(c-1,m0,n1, attendVote=true, lastRpcSendTime=0, lastRpcResponseTime=5243) yet, just keep nextIndex unchanged and retry.
2022-11-03 05:23:23,633 [grpc-default-executor-5] WARN  server.GrpcLogAppender (GrpcLogAppender.java:resetClient(131)) - 3459717f-89f3-488b-978e-7216d8acef6a@group-8A90670E2F53->236f0899-86ef-4b9d-9b64-54b2c41e9569-GrpcLogAppender: Leader has not got in touch with Follower 3459717f-89f3-488b-978e-7216d8acef6a@group-8A90670E2F53->236f0899-86ef-4b9d-9b64-54b2c41e9569(c-1,m0,n1, attendVote=true, lastRpcSendTime=1, lastRpcResponseTime=5244) yet, just keep nextIndex unchanged and retry.
2022-11-03 05:23:23,637 [5ddfe129-1b79-40ed-b807-03daa2e9053a-server-thread1] INFO  ratis.XceiverServerRatis (XceiverServerRatis.java:handleLeaderChangedNotification(863)) - Leader change notification received for group: group-8A90670E2F53 with new leaderId: 3459717f-89f3-488b-978e-7216d8acef6a
2022-11-03 05:23:23,637 [5ddfe129-1b79-40ed-b807-03daa2e9053a-server-thread1] INFO  server.RaftServer$Division (ServerState.java:setLeader(313)) - 5ddfe129-1b79-40ed-b807-03daa2e9053a@group-8A90670E2F53: change Leader from null to 3459717f-89f3-488b-978e-7216d8acef6a at term 2 for appendEntries, leader elected after 10322ms
2022-11-03 05:23:23,647 [5ddfe129-1b79-40ed-b807-03daa2e9053a-server-thread1] INFO  server.RaftServer$Division (ServerState.java:setRaftConf(430)) - 5ddfe129-1b79-40ed-b807-03daa2e9053a@group-8A90670E2F53: set configuration 0: peers:[236f0899-86ef-4b9d-9b64-54b2c41e9569|rpc:10.1.1.42:45985|dataStream:|priority:1|startupRole:FOLLOWER, 3459717f-89f3-488b-978e-7216d8acef6a|rpc:10.1.1.42:37511|dataStream:|priority:0|startupRole:FOLLOWER, 5ddfe129-1b79-40ed-b807-03daa2e9053a|rpc:10.1.1.42:37873|dataStream:|priority:0|startupRole:FOLLOWER]|listeners:[], old=null
2022-11-03 05:23:23,647 [5ddfe129-1b79-40ed-b807-03daa2e9053a-server-thread1] INFO  segmented.SegmentedRaftLogWorker (SegmentedRaftLogWorker.java:startLogSegment(452)) - 5ddfe129-1b79-40ed-b807-03daa2e9053a@group-8A90670E2F53-SegmentedRaftLogWorker: Starting segment from index:0
2022-11-03 05:23:23,648 [5ddfe129-1b79-40ed-b807-03daa2e9053a@group-8A90670E2F53-SegmentedRaftLogWorker] INFO  segmented.SegmentedRaftLogWorker (SegmentedRaftLogWorker.java:execute(656)) - 5ddfe129-1b79-40ed-b807-03daa2e9053a@group-8A90670E2F53-SegmentedRaftLogWorker: created new log segment /home/runner/work/ozone/ozone/hadoop-ozone/integration-test/target/test-dir/MiniOzoneClusterImpl-a947a097-fc53-45d1-b902-fe1272537128/datanode-4/data/ratis/6712345d-f63f-4731-a5e0-8a90670e2f53/current/log_inprogress_0
2022-11-03 05:23:24,339 [Command processor thread] INFO  keyvalue.KeyValueContainer (KeyValueContainer.java:flushAndSyncDB(437)) - Container 1 is synced with bcsId 0.
2022-11-03 05:23:24,339 [Command processor thread] INFO  keyvalue.KeyValueContainer (KeyValueContainer.java:flushAndSyncDB(437)) - Container 1 is synced with bcsId 0.
2022-11-03 05:23:24,350 [Command processor thread] INFO  keyvalue.KeyValueContainer (KeyValueContainer.java:close(352)) - Container 1 is closed with bcsId 0.
2022-11-03 05:23:24,351 [FixedThreadPoolWithAffinityExecutor-1-0] INFO  container.IncrementalContainerReportHandler (AbstractContainerReportHandler.java:updateContainerState(292)) - Moving container #1 to CLOSED state, datanode c4b91fe4-1e17-46ee-80ce-129a880b8a55{ip: 10.1.1.42, host: fv-az119-847.ca0t41jjrjaujd4nublazzptxb.cx.internal.cloudapp.net, ports: [REPLICATION=36393, RATIS=40201, RATIS_ADMIN=40201, RATIS_SERVER=40201, STANDALONE=42287], networkLocation: /default-rack, certSerialId: null, persistedOpState: IN_SERVICE, persistedOpStateExpiryEpochSec: 0} reported CLOSED replica.
2022-11-03 05:23:24,402 [1397ad66-7a30-4622-84c4-76091eab1ef3@group-328117242DA8-FollowerState] INFO  impl.FollowerState (FollowerState.java:run(143)) - 1397ad66-7a30-4622-84c4-76091eab1ef3@group-328117242DA8-FollowerState: change to CANDIDATE, lastRpcElapsedTime:5083737605ns, electionTimeout:5040ms
2022-11-03 05:23:24,402 [1397ad66-7a30-4622-84c4-76091eab1ef3@group-328117242DA8-FollowerState] INFO  impl.RoleInfo (RoleInfo.java:shutdownFollowerState(110)) - 1397ad66-7a30-4622-84c4-76091eab1ef3: shutdown 1397ad66-7a30-4622-84c4-76091eab1ef3@group-328117242DA8-FollowerState
2022-11-03 05:23:24,402 [1397ad66-7a30-4622-84c4-76091eab1ef3@group-328117242DA8-FollowerState] INFO  server.RaftServer$Division (RaftServerImpl.java:setRole(321)) - 1397ad66-7a30-4622-84c4-76091eab1ef3@group-328117242DA8: changes role from  FOLLOWER to CANDIDATE at term 1 for changeToCandidate
2022-11-03 05:23:24,402 [1397ad66-7a30-4622-84c4-76091eab1ef3@group-328117242DA8-FollowerState] INFO  server.RaftServerConfigKeys (ConfUtils.java:logGet(46)) - raft.server.leaderelection.pre-vote = false (custom)
2022-11-03 05:23:24,402 [1397ad66-7a30-4622-84c4-76091eab1ef3@group-328117242DA8-FollowerState] INFO  impl.RoleInfo (RoleInfo.java:updateAndGet(139)) - 1397ad66-7a30-4622-84c4-76091eab1ef3: start 1397ad66-7a30-4622-84c4-76091eab1ef3@group-328117242DA8-LeaderElection23
2022-11-03 05:23:24,420 [1397ad66-7a30-4622-84c4-76091eab1ef3@group-328117242DA8-LeaderElection23] INFO  impl.LeaderElection (LeaderElection.java:askForVotes(312)) - 1397ad66-7a30-4622-84c4-76091eab1ef3@group-328117242DA8-LeaderElection23 ELECTION round 0: submit vote requests at term 2 for -1: peers:[1397ad66-7a30-4622-84c4-76091eab1ef3|rpc:10.1.1.42:46719|dataStream:|priority:1|startupRole:FOLLOWER, edbb8909-d467-4274-b253-e11b41a723b1|rpc:10.1.1.42:38807|dataStream:|priority:0|startupRole:FOLLOWER, c047bafd-0fa0-4f2f-9a8c-56ef9c35524f|rpc:10.1.1.42:40893|dataStream:|priority:0|startupRole:FOLLOWER]|listeners:[], old=null
2022-11-03 05:23:24,422 [Listener at 127.0.0.1/40235] INFO  replication.ReplicationManager (ReplicationManager.java:stop(273)) - Stopping Replication Monitor Thread.
2022-11-03 05:23:24,423 [grpc-default-executor-5] INFO  server.RaftServer$Division (RaftServerImpl.java:requestVote(1218)) - edbb8909-d467-4274-b253-e11b41a723b1@group-328117242DA8: receive requestVote(ELECTION, 1397ad66-7a30-4622-84c4-76091eab1ef3, group-328117242DA8, 2, (t:0, i:0))
2022-11-03 05:23:24,424 [grpc-default-executor-5] INFO  impl.VoteContext (VoteContext.java:log(48)) - edbb8909-d467-4274-b253-e11b41a723b1@group-328117242DA8-FOLLOWER: accept ELECTION from 1397ad66-7a30-4622-84c4-76091eab1ef3: our priority 0 <= candidate's priority 1
2022-11-03 05:23:24,424 [grpc-default-executor-5] INFO  server.RaftServer$Division (RaftServerImpl.java:setRole(321)) - edbb8909-d467-4274-b253-e11b41a723b1@group-328117242DA8: changes role from  FOLLOWER to FOLLOWER at term 2 for candidate:1397ad66-7a30-4622-84c4-76091eab1ef3
2022-11-03 05:23:24,424 [grpc-default-executor-5] INFO  impl.RoleInfo (RoleInfo.java:shutdownFollowerState(110)) - edbb8909-d467-4274-b253-e11b41a723b1: shutdown edbb8909-d467-4274-b253-e11b41a723b1@group-328117242DA8-FollowerState
2022-11-03 05:23:24,428 [1397ad66-7a30-4622-84c4-76091eab1ef3@group-328117242DA8-LeaderElection23] INFO  server.RaftServerConfigKeys (ConfUtils.java:logFallback(53)) - raft.server.rpc.first-election.timeout.min = 5s (fallback to raft.server.rpc.timeout.min)
2022-11-03 05:23:24,428 [1397ad66-7a30-4622-84c4-76091eab1ef3@group-328117242DA8-LeaderElection23] INFO  server.RaftServerConfigKeys (ConfUtils.java:logFallback(53)) - raft.server.rpc.first-election.timeout.max = 5200ms (fallback to raft.server.rpc.timeout.max)
2022-11-03 05:23:24,428 [grpc-default-executor-5] INFO  impl.RoleInfo (RoleInfo.java:updateAndGet(139)) - edbb8909-d467-4274-b253-e11b41a723b1: start edbb8909-d467-4274-b253-e11b41a723b1@group-328117242DA8-FollowerState
2022-11-03 05:23:24,428 [c047bafd-0fa0-4f2f-9a8c-56ef9c35524f@group-328117242DA8-FollowerState] INFO  impl.FollowerState (FollowerState.java:run(143)) - c047bafd-0fa0-4f2f-9a8c-56ef9c35524f@group-328117242DA8-FollowerState: change to CANDIDATE, lastRpcElapsedTime:5093731134ns, electionTimeout:5083ms
2022-11-03 05:23:24,428 [c047bafd-0fa0-4f2f-9a8c-56ef9c35524f@group-328117242DA8-FollowerState] INFO  impl.RoleInfo (RoleInfo.java:shutdownFollowerState(110)) - c047bafd-0fa0-4f2f-9a8c-56ef9c35524f: shutdown c047bafd-0fa0-4f2f-9a8c-56ef9c35524f@group-328117242DA8-FollowerState
2022-11-03 05:23:24,428 [Over Replicated Processor] WARN  replication.OverReplicatedProcessor (OverReplicatedProcessor.java:run(137)) - Over Replicated Processor interrupted. Exiting...
2022-11-03 05:23:24,428 [c047bafd-0fa0-4f2f-9a8c-56ef9c35524f@group-328117242DA8-FollowerState] INFO  server.RaftServer$Division (RaftServerImpl.java:setRole(321)) - c047bafd-0fa0-4f2f-9a8c-56ef9c35524f@group-328117242DA8: changes role from  FOLLOWER to CANDIDATE at term 1 for changeToCandidate
2022-11-03 05:23:24,428 [edbb8909-d467-4274-b253-e11b41a723b1@group-328117242DA8-FollowerState] INFO  impl.FollowerState (FollowerState.java:run(152)) - edbb8909-d467-4274-b253-e11b41a723b1@group-328117242DA8-FollowerState was interrupted
2022-11-03 05:23:24,430 [Under Replicated Processor] WARN  replication.UnderReplicatedProcessor (UnderReplicatedProcessor.java:run(148)) - Under Replicated Processor interrupted. Exiting...
2022-11-03 05:23:24,437 [c047bafd-0fa0-4f2f-9a8c-56ef9c35524f@group-328117242DA8-FollowerState] INFO  server.RaftServerConfigKeys (ConfUtils.java:logGet(46)) - raft.server.leaderelection.pre-vote = false (custom)
2022-11-03 05:23:24,437 [c047bafd-0fa0-4f2f-9a8c-56ef9c35524f@group-328117242DA8-FollowerState] INFO  impl.RoleInfo (RoleInfo.java:updateAndGet(139)) - c047bafd-0fa0-4f2f-9a8c-56ef9c35524f: start c047bafd-0fa0-4f2f-9a8c-56ef9c35524f@group-328117242DA8-LeaderElection24
2022-11-03 05:23:24,437 [ReplicationMonitor] INFO  replication.ReplicationManager (ReplicationManager.java:run(579)) - Replication Monitor Thread is stopped
2022-11-03 05:23:24,440 [edbb8909-d467-4274-b253-e11b41a723b1@group-328117242DA8-FollowerState] INFO  server.RaftServerConfigKeys (ConfUtils.java:logFallback(53)) - raft.server.rpc.first-election.timeout.min = 5s (fallback to raft.server.rpc.timeout.min)
2022-11-03 05:23:24,440 [edbb8909-d467-4274-b253-e11b41a723b1@group-328117242DA8-FollowerState] INFO  server.RaftServerConfigKeys (ConfUtils.java:logFallback(53)) - raft.server.rpc.first-election.timeout.max = 5200ms (fallback to raft.server.rpc.timeout.max)
2022-11-03 05:23:24,442 [grpc-default-executor-3] INFO  server.RaftServer$Division (RaftServerImpl.java:requestVote(1218)) - c047bafd-0fa0-4f2f-9a8c-56ef9c35524f@group-328117242DA8: receive requestVote(ELECTION, 1397ad66-7a30-4622-84c4-76091eab1ef3, group-328117242DA8, 2, (t:0, i:0))
2022-11-03 05:23:24,442 [grpc-default-executor-3] INFO  impl.VoteContext (VoteContext.java:log(48)) - c047bafd-0fa0-4f2f-9a8c-56ef9c35524f@group-328117242DA8-CANDIDATE: accept ELECTION from 1397ad66-7a30-4622-84c4-76091eab1ef3: our priority 0 <= candidate's priority 1
2022-11-03 05:23:24,442 [grpc-default-executor-3] INFO  server.RaftServer$Division (RaftServerImpl.java:setRole(321)) - c047bafd-0fa0-4f2f-9a8c-56ef9c35524f@group-328117242DA8: changes role from CANDIDATE to FOLLOWER at term 2 for candidate:1397ad66-7a30-4622-84c4-76091eab1ef3
2022-11-03 05:23:24,442 [grpc-default-executor-3] INFO  impl.RoleInfo (RoleInfo.java:shutdownLeaderElection(130)) - c047bafd-0fa0-4f2f-9a8c-56ef9c35524f: shutdown c047bafd-0fa0-4f2f-9a8c-56ef9c35524f@group-328117242DA8-LeaderElection24
2022-11-03 05:23:24,442 [grpc-default-executor-3] INFO  impl.RoleInfo (RoleInfo.java:updateAndGet(139)) - c047bafd-0fa0-4f2f-9a8c-56ef9c35524f: start c047bafd-0fa0-4f2f-9a8c-56ef9c35524f@group-328117242DA8-FollowerState
2022-11-03 05:23:24,445 [grpc-default-executor-3] INFO  server.RaftServer$Division (RaftServerImpl.java:requestVote(1251)) - c047bafd-0fa0-4f2f-9a8c-56ef9c35524f@group-328117242DA8 replies to ELECTION vote request: 1397ad66-7a30-4622-84c4-76091eab1ef3<-c047bafd-0fa0-4f2f-9a8c-56ef9c35524f#0:OK-t2. Peer's state: c047bafd-0fa0-4f2f-9a8c-56ef9c35524f@group-328117242DA8:t2, leader=null, voted=1397ad66-7a30-4622-84c4-76091eab1ef3, raftlog=Memoized:c047bafd-0fa0-4f2f-9a8c-56ef9c35524f@group-328117242DA8-SegmentedRaftLog:OPENED:c-1, conf=-1: peers:[1397ad66-7a30-4622-84c4-76091eab1ef3|rpc:10.1.1.42:46719|priority:1|startupRole:FOLLOWER, edbb8909-d467-4274-b253-e11b41a723b1|rpc:10.1.1.42:38807|priority:0|startupRole:FOLLOWER, c047bafd-0fa0-4f2f-9a8c-56ef9c35524f|rpc:10.1.1.42:40893|priority:0|startupRole:FOLLOWER]|listeners:[], old=null
2022-11-03 05:23:24,446 [1397ad66-7a30-4622-84c4-76091eab1ef3@group-328117242DA8-LeaderElection23] INFO  impl.LeaderElection (LeaderElection.java:logAndReturn(90)) - 1397ad66-7a30-4622-84c4-76091eab1ef3@group-328117242DA8-LeaderElection23: ELECTION PASSED received 1 response(s) and 0 exception(s):
2022-11-03 05:23:24,446 [1397ad66-7a30-4622-84c4-76091eab1ef3@group-328117242DA8-LeaderElection23] INFO  impl.LeaderElection (LeaderElection.java:logAndReturn(94)) -   Response 0: 1397ad66-7a30-4622-84c4-76091eab1ef3<-c047bafd-0fa0-4f2f-9a8c-56ef9c35524f#0:OK-t2
2022-11-03 05:23:24,446 [1397ad66-7a30-4622-84c4-76091eab1ef3@group-328117242DA8-LeaderElection23] INFO  impl.LeaderElection (LeaderElection.java:askForVotes(314)) - 1397ad66-7a30-4622-84c4-76091eab1ef3@group-328117242DA8-LeaderElection23 ELECTION round 0: result PASSED
2022-11-03 05:23:24,446 [1397ad66-7a30-4622-84c4-76091eab1ef3@group-328117242DA8-LeaderElection23] INFO  impl.RoleInfo (RoleInfo.java:shutdownLeaderElection(130)) - 1397ad66-7a30-4622-84c4-76091eab1ef3: shutdown 1397ad66-7a30-4622-84c4-76091eab1ef3@group-328117242DA8-LeaderElection23
2022-11-03 05:23:24,446 [1397ad66-7a30-4622-84c4-76091eab1ef3@group-328117242DA8-LeaderElection23] INFO  server.RaftServer$Division (RaftServerImpl.java:setRole(321)) - 1397ad66-7a30-4622-84c4-76091eab1ef3@group-328117242DA8: changes role from CANDIDATE to LEADER at term 2 for changeToLeader
2022-11-03 05:23:24,446 [1397ad66-7a30-4622-84c4-76091eab1ef3@group-328117242DA8-LeaderElection23] INFO  ratis.XceiverServerRatis (XceiverServerRatis.java:handleLeaderChangedNotification(863)) - Leader change notification received for group: group-328117242DA8 with new leaderId: 1397ad66-7a30-4622-84c4-76091eab1ef3
2022-11-03 05:23:24,446 [1397ad66-7a30-4622-84c4-76091eab1ef3@group-328117242DA8-LeaderElection23] INFO  server.RaftServer$Division (ServerState.java:setLeader(313)) - 1397ad66-7a30-4622-84c4-76091eab1ef3@group-328117242DA8: change Leader from null to 1397ad66-7a30-4622-84c4-76091eab1ef3 at term 2 for becomeLeader, leader elected after 10184ms
2022-11-03 05:23:24,446 [1397ad66-7a30-4622-84c4-76091eab1ef3@group-328117242DA8-LeaderElection23] INFO  server.RaftServerConfigKeys (ConfUtils.java:logGet(46)) - raft.server.staging.catchup.gap = 1000 (default)
2022-11-03 05:23:24,447 [1397ad66-7a30-4622-84c4-76091eab1ef3@group-328117242DA8-LeaderElection23] INFO  server.RaftServerConfigKeys (ConfUtils.java:logGet(46)) - raft.server.write.element-limit = 1024 (custom)
2022-11-03 05:23:24,447 [1397ad66-7a30-4622-84c4-76091eab1ef3@group-328117242DA8-LeaderElection23] INFO  server.RaftServerConfigKeys (ConfUtils.java:logGet(46)) - raft.server.write.byte-limit = 1024 M (=1073741824) (custom)
2022-11-03 05:23:24,447 [1397ad66-7a30-4622-84c4-76091eab1ef3@group-328117242DA8-LeaderElection23] INFO  server.RaftServerConfigKeys (ConfUtils.java:logGet(46)) - raft.server.watch.timeout = 180s (custom)
2022-11-03 05:23:24,447 [1397ad66-7a30-4622-84c4-76091eab1ef3@group-328117242DA8-LeaderElection23] INFO  server.RaftServerConfigKeys (ConfUtils.java:logGet(46)) - raft.server.watch.timeout.denomination = 1s (default)
2022-11-03 05:23:24,447 [1397ad66-7a30-4622-84c4-76091eab1ef3@group-328117242DA8-LeaderElection23] INFO  server.RaftServerConfigKeys (ConfUtils.java:logGet(46)) - raft.server.watch.element-limit = 65536 (default)
2022-11-03 05:23:24,447 [1397ad66-7a30-4622-84c4-76091eab1ef3@group-328117242DA8-LeaderElection23] INFO  server.RaftServerConfigKeys (ConfUtils.java:logGet(46)) - raft.server.write.element-limit = 1024 (custom)
2022-11-03 05:23:24,447 [1397ad66-7a30-4622-84c4-76091eab1ef3@group-328117242DA8-LeaderElection23] INFO  server.RaftServerConfigKeys (ConfUtils.java:logGet(46)) - raft.server.write.follower.gap.ratio.max = -1.0 (default)
2022-11-03 05:23:24,447 [1397ad66-7a30-4622-84c4-76091eab1ef3@group-328117242DA8-LeaderElection23] INFO  server.RaftServerConfigKeys (ConfUtils.java:logGet(46)) - raft.server.log.appender.snapshot.chunk.size.max = 16MB (=16777216) (default)
2022-11-03 05:23:24,447 [1397ad66-7a30-4622-84c4-76091eab1ef3@group-328117242DA8-LeaderElection23] INFO  server.RaftServerConfigKeys (ConfUtils.java:logGet(46)) - raft.server.log.appender.buffer.byte-limit = 33554432 (custom)
2022-11-03 05:23:24,447 [1397ad66-7a30-4622-84c4-76091eab1ef3@group-328117242DA8-LeaderElection23] INFO  server.RaftServerConfigKeys (ConfUtils.java:logGet(46)) - raft.server.log.appender.buffer.element-limit = 1 (custom)
2022-11-03 05:23:24,448 [1397ad66-7a30-4622-84c4-76091eab1ef3@group-328117242DA8-LeaderElection23] INFO  grpc.GrpcConfigKeys (ConfUtils.java:logGet(46)) - raft.grpc.server.leader.outstanding.appends.max = 128 (default)
2022-11-03 05:23:24,448 [1397ad66-7a30-4622-84c4-76091eab1ef3@group-328117242DA8-LeaderElection23] INFO  server.RaftServerConfigKeys (ConfUtils.java:logGet(46)) - raft.server.rpc.request.timeout = 60s (custom)
2022-11-03 05:23:24,448 [1397ad66-7a30-4622-84c4-76091eab1ef3@group-328117242DA8-LeaderElection23] INFO  server.RaftServerConfigKeys (ConfUtils.java:logGet(46)) - raft.server.log.appender.install.snapshot.enabled = false (custom)
2022-11-03 05:23:24,448 [1397ad66-7a30-4622-84c4-76091eab1ef3@group-328117242DA8-LeaderElection23] INFO  grpc.GrpcConfigKeys (ConfUtils.java:logGet(46)) - raft.grpc.server.heartbeat.channel = true (default)
2022-11-03 05:23:24,448 [1397ad66-7a30-4622-84c4-76091eab1ef3@group-328117242DA8-LeaderElection23] INFO  server.RaftServerConfigKeys (ConfUtils.java:logGet(46)) - raft.server.log.appender.wait-time.min = 10ms (default)
2022-11-03 05:23:24,448 [c047bafd-0fa0-4f2f-9a8c-56ef9c35524f@group-328117242DA8-FollowerState] INFO  server.RaftServerConfigKeys (ConfUtils.java:logFallback(53)) - raft.server.rpc.first-election.timeout.min = 5s (fallback to raft.server.rpc.timeout.min)
2022-11-03 05:23:24,448 [c047bafd-0fa0-4f2f-9a8c-56ef9c35524f@group-328117242DA8-FollowerState] INFO  server.RaftServerConfigKeys (ConfUtils.java:logFallback(53)) - raft.server.rpc.first-election.timeout.max = 5200ms (fallback to raft.server.rpc.timeout.max)
2022-11-03 05:23:24,448 [grpc-default-executor-5] INFO  server.RaftServer$Division (RaftServerImpl.java:requestVote(1251)) - edbb8909-d467-4274-b253-e11b41a723b1@group-328117242DA8 replies to ELECTION vote request: 1397ad66-7a30-4622-84c4-76091eab1ef3<-edbb8909-d467-4274-b253-e11b41a723b1#0:OK-t2. Peer's state: edbb8909-d467-4274-b253-e11b41a723b1@group-328117242DA8:t2, leader=null, voted=1397ad66-7a30-4622-84c4-76091eab1ef3, raftlog=Memoized:edbb8909-d467-4274-b253-e11b41a723b1@group-328117242DA8-SegmentedRaftLog:OPENED:c-1, conf=-1: peers:[1397ad66-7a30-4622-84c4-76091eab1ef3|rpc:10.1.1.42:46719|dataStream:|priority:1|startupRole:FOLLOWER, edbb8909-d467-4274-b253-e11b41a723b1|rpc:10.1.1.42:38807|dataStream:|priority:0|startupRole:FOLLOWER, c047bafd-0fa0-4f2f-9a8c-56ef9c35524f|rpc:10.1.1.42:40893|dataStream:|priority:0|startupRole:FOLLOWER]|listeners:[], old=null
2022-11-03 05:23:24,450 [EventQueue-PipelineReportForPipelineReportHandler] INFO  pipeline.PipelineManagerImpl (PipelineManagerImpl.java:openPipeline(367)) - Pipeline Pipeline[ Id: 857071ee-07df-438d-a40c-328117242da8, Nodes: c047bafd-0fa0-4f2f-9a8c-56ef9c35524f{ip: 10.1.1.42, host: fv-az119-847.ca0t41jjrjaujd4nublazzptxb.cx.internal.cloudapp.net, ports: [REPLICATION=42705, RATIS=40893, RATIS_ADMIN=40893, RATIS_SERVER=40893, STANDALONE=36323], networkLocation: /default-rack, certSerialId: null, persistedOpState: IN_SERVICE, persistedOpStateExpiryEpochSec: 0}1397ad66-7a30-4622-84c4-76091eab1ef3{ip: 10.1.1.42, host: fv-az119-847.ca0t41jjrjaujd4nublazzptxb.cx.internal.cloudapp.net, ports: [REPLICATION=43105, RATIS=46719, RATIS_ADMIN=46719, RATIS_SERVER=46719, STANDALONE=44121], networkLocation: /default-rack, certSerialId: null, persistedOpState: IN_SERVICE, persistedOpStateExpiryEpochSec: 0}edbb8909-d467-4274-b253-e11b41a723b1{ip: 10.1.1.42, host: fv-az119-847.ca0t41jjrjaujd4nublazzptxb.cx.internal.cloudapp.net, ports: [REPLICATION=41809, RATIS=38807, RATIS_ADMIN=38807, RATIS_SERVER=38807, STANDALONE=41863], networkLocation: /default-rack, certSerialId: null, persistedOpState: IN_SERVICE, persistedOpStateExpiryEpochSec: 0}, ReplicationConfig: RATIS/THREE, State:ALLOCATED, leaderId:1397ad66-7a30-4622-84c4-76091eab1ef3, CreationTimestamp2022-11-03T05:23:11.880Z[Etc/UTC]] moved to OPEN state
2022-11-03 05:23:24,450 [1397ad66-7a30-4622-84c4-76091eab1ef3@group-328117242DA8-LeaderElection23] INFO  server.RaftServerConfigKeys (ConfUtils.java:logGet(46)) - raft.server.log.appender.snapshot.chunk.size.max = 16MB (=16777216) (default)
2022-11-03 05:23:24,450 [1397ad66-7a30-4622-84c4-76091eab1ef3@group-328117242DA8-LeaderElection23] INFO  server.RaftServerConfigKeys (ConfUtils.java:logGet(46)) - raft.server.log.appender.buffer.byte-limit = 33554432 (custom)
2022-11-03 05:23:24,451 [1397ad66-7a30-4622-84c4-76091eab1ef3@group-328117242DA8-LeaderElection23] INFO  server.RaftServerConfigKeys (ConfUtils.java:logGet(46)) - raft.server.log.appender.buffer.element-limit = 1 (custom)
2022-11-03 05:23:24,451 [1397ad66-7a30-4622-84c4-76091eab1ef3@group-328117242DA8-LeaderElection23] INFO  grpc.GrpcConfigKeys (ConfUtils.java:logGet(46)) - raft.grpc.server.leader.outstanding.appends.max = 128 (default)
2022-11-03 05:23:24,451 [1397ad66-7a30-4622-84c4-76091eab1ef3@group-328117242DA8-LeaderElection23] INFO  server.RaftServerConfigKeys (ConfUtils.java:logGet(46)) - raft.server.rpc.request.timeout = 60s (custom)
2022-11-03 05:23:24,451 [1397ad66-7a30-4622-84c4-76091eab1ef3@group-328117242DA8-LeaderElection23] INFO  server.RaftServerConfigKeys (ConfUtils.java:logGet(46)) - raft.server.log.appender.install.snapshot.enabled = false (custom)
2022-11-03 05:23:24,451 [1397ad66-7a30-4622-84c4-76091eab1ef3@group-328117242DA8-LeaderElection23] INFO  grpc.GrpcConfigKeys (ConfUtils.java:logGet(46)) - raft.grpc.server.heartbeat.channel = true (default)
2022-11-03 05:23:24,451 [1397ad66-7a30-4622-84c4-76091eab1ef3@group-328117242DA8-LeaderElection23] INFO  server.RaftServerConfigKeys (ConfUtils.java:logGet(46)) - raft.server.log.appender.wait-time.min = 10ms (default)
2022-11-03 05:23:24,451 [1397ad66-7a30-4622-84c4-76091eab1ef3@group-328117242DA8-LeaderElection23] INFO  impl.RoleInfo (RoleInfo.java:updateAndGet(139)) - 1397ad66-7a30-4622-84c4-76091eab1ef3: start 1397ad66-7a30-4622-84c4-76091eab1ef3@group-328117242DA8-LeaderStateImpl
2022-11-03 05:23:24,451 [1397ad66-7a30-4622-84c4-76091eab1ef3@group-328117242DA8-LeaderElection23] INFO  segmented.SegmentedRaftLogWorker (SegmentedRaftLogWorker.java:startLogSegment(452)) - 1397ad66-7a30-4622-84c4-76091eab1ef3@group-328117242DA8-SegmentedRaftLogWorker: Starting segment from index:0
2022-11-03 05:23:24,452 [1397ad66-7a30-4622-84c4-76091eab1ef3@group-328117242DA8-SegmentedRaftLogWorker] INFO  segmented.SegmentedRaftLogWorker (SegmentedRaftLogWorker.java:execute(656)) - 1397ad66-7a30-4622-84c4-76091eab1ef3@group-328117242DA8-SegmentedRaftLogWorker: created new log segment /home/runner/work/ozone/ozone/hadoop-ozone/integration-test/target/test-dir/MiniOzoneClusterImpl-a947a097-fc53-45d1-b902-fe1272537128/datanode-7/data/ratis/857071ee-07df-438d-a40c-328117242da8/current/log_inprogress_0
2022-11-03 05:23:24,453 [c047bafd-0fa0-4f2f-9a8c-56ef9c35524f@group-328117242DA8-LeaderElection24] INFO  impl.LeaderElection (LeaderElection.java:run(233)) - c047bafd-0fa0-4f2f-9a8c-56ef9c35524f@group-328117242DA8-LeaderElection24: skip running since this is already CLOSING
2022-11-03 05:23:24,483 [1397ad66-7a30-4622-84c4-76091eab1ef3@group-328117242DA8-LeaderElection23] INFO  server.RaftServer$Division (ServerState.java:setRaftConf(430)) - 1397ad66-7a30-4622-84c4-76091eab1ef3@group-328117242DA8: set configuration 0: peers:[1397ad66-7a30-4622-84c4-76091eab1ef3|rpc:10.1.1.42:46719|dataStream:|priority:1|startupRole:FOLLOWER, edbb8909-d467-4274-b253-e11b41a723b1|rpc:10.1.1.42:38807|dataStream:|priority:0|startupRole:FOLLOWER, c047bafd-0fa0-4f2f-9a8c-56ef9c35524f|rpc:10.1.1.42:40893|dataStream:|priority:0|startupRole:FOLLOWER]|listeners:[], old=null
2022-11-03 05:23:24,486 [c047bafd-0fa0-4f2f-9a8c-56ef9c35524f-server-thread1] INFO  ratis.XceiverServerRatis (XceiverServerRatis.java:handleLeaderChangedNotification(863)) - Leader change notification received for group: group-328117242DA8 with new leaderId: 1397ad66-7a30-4622-84c4-76091eab1ef3
2022-11-03 05:23:24,486 [c047bafd-0fa0-4f2f-9a8c-56ef9c35524f-server-thread1] INFO  server.RaftServer$Division (ServerState.java:setLeader(313)) - c047bafd-0fa0-4f2f-9a8c-56ef9c35524f@group-328117242DA8: change Leader from null to 1397ad66-7a30-4622-84c4-76091eab1ef3 at term 2 for appendEntries, leader elected after 10264ms
2022-11-03 05:23:24,486 [c047bafd-0fa0-4f2f-9a8c-56ef9c35524f-server-thread1] INFO  server.RaftServer$Division (ServerState.java:setRaftConf(430)) - c047bafd-0fa0-4f2f-9a8c-56ef9c35524f@group-328117242DA8: set configuration 0: peers:[1397ad66-7a30-4622-84c4-76091eab1ef3|rpc:10.1.1.42:46719|dataStream:|priority:1|startupRole:FOLLOWER, edbb8909-d467-4274-b253-e11b41a723b1|rpc:10.1.1.42:38807|dataStream:|priority:0|startupRole:FOLLOWER, c047bafd-0fa0-4f2f-9a8c-56ef9c35524f|rpc:10.1.1.42:40893|dataStream:|priority:0|startupRole:FOLLOWER]|listeners:[], old=null
2022-11-03 05:23:24,486 [c047bafd-0fa0-4f2f-9a8c-56ef9c35524f-server-thread1] INFO  segmented.SegmentedRaftLogWorker (SegmentedRaftLogWorker.java:startLogSegment(452)) - c047bafd-0fa0-4f2f-9a8c-56ef9c35524f@group-328117242DA8-SegmentedRaftLogWorker: Starting segment from index:0
2022-11-03 05:23:24,495 [c047bafd-0fa0-4f2f-9a8c-56ef9c35524f@group-CEF2DDE05160-FollowerState] INFO  impl.FollowerState (FollowerState.java:run(143)) - c047bafd-0fa0-4f2f-9a8c-56ef9c35524f@group-CEF2DDE05160-FollowerState: change to CANDIDATE, lastRpcElapsedTime:5029398521ns, electionTimeout:5026ms
2022-11-03 05:23:24,495 [c047bafd-0fa0-4f2f-9a8c-56ef9c35524f@group-CEF2DDE05160-FollowerState] INFO  impl.RoleInfo (RoleInfo.java:shutdownFollowerState(110)) - c047bafd-0fa0-4f2f-9a8c-56ef9c35524f: shutdown c047bafd-0fa0-4f2f-9a8c-56ef9c35524f@group-CEF2DDE05160-FollowerState
2022-11-03 05:23:24,495 [c047bafd-0fa0-4f2f-9a8c-56ef9c35524f@group-CEF2DDE05160-FollowerState] INFO  server.RaftServer$Division (RaftServerImpl.java:setRole(321)) - c047bafd-0fa0-4f2f-9a8c-56ef9c35524f@group-CEF2DDE05160: changes role from  FOLLOWER to CANDIDATE at term 1 for changeToCandidate
2022-11-03 05:23:24,496 [edbb8909-d467-4274-b253-e11b41a723b1-server-thread1] INFO  ratis.XceiverServerRatis (XceiverServerRatis.java:handleLeaderChangedNotification(863)) - Leader change notification received for group: group-328117242DA8 with new leaderId: 1397ad66-7a30-4622-84c4-76091eab1ef3
2022-11-03 05:23:24,497 [edbb8909-d467-4274-b253-e11b41a723b1-server-thread1] INFO  server.RaftServer$Division (ServerState.java:setLeader(313)) - edbb8909-d467-4274-b253-e11b41a723b1@group-328117242DA8: change Leader from null to 1397ad66-7a30-4622-84c4-76091eab1ef3 at term 2 for appendEntries, leader elected after 10197ms
2022-11-03 05:23:24,508 [c047bafd-0fa0-4f2f-9a8c-56ef9c35524f@group-CEF2DDE05160-FollowerState] INFO  server.RaftServerConfigKeys (ConfUtils.java:logGet(46)) - raft.server.leaderelection.pre-vote = false (custom)
2022-11-03 05:23:24,508 [c047bafd-0fa0-4f2f-9a8c-56ef9c35524f@group-CEF2DDE05160-FollowerState] INFO  impl.RoleInfo (RoleInfo.java:updateAndGet(139)) - c047bafd-0fa0-4f2f-9a8c-56ef9c35524f: start c047bafd-0fa0-4f2f-9a8c-56ef9c35524f@group-CEF2DDE05160-LeaderElection25
2022-11-03 05:23:24,513 [edbb8909-d467-4274-b253-e11b41a723b1-server-thread2] INFO  server.RaftServer$Division (ServerState.java:setRaftConf(430)) - edbb8909-d467-4274-b253-e11b41a723b1@group-328117242DA8: set configuration 0: peers:[1397ad66-7a30-4622-84c4-76091eab1ef3|rpc:10.1.1.42:46719|dataStream:|priority:1|startupRole:FOLLOWER, edbb8909-d467-4274-b253-e11b41a723b1|rpc:10.1.1.42:38807|dataStream:|priority:0|startupRole:FOLLOWER, c047bafd-0fa0-4f2f-9a8c-56ef9c35524f|rpc:10.1.1.42:40893|dataStream:|priority:0|startupRole:FOLLOWER]|listeners:[], old=null
2022-11-03 05:23:24,513 [edbb8909-d467-4274-b253-e11b41a723b1-server-thread2] INFO  segmented.SegmentedRaftLogWorker (SegmentedRaftLogWorker.java:startLogSegment(452)) - edbb8909-d467-4274-b253-e11b41a723b1@group-328117242DA8-SegmentedRaftLogWorker: Starting segment from index:0
2022-11-03 05:23:24,518 [edbb8909-d467-4274-b253-e11b41a723b1@group-328117242DA8-SegmentedRaftLogWorker] INFO  segmented.SegmentedRaftLogWorker (SegmentedRaftLogWorker.java:execute(656)) - edbb8909-d467-4274-b253-e11b41a723b1@group-328117242DA8-SegmentedRaftLogWorker: created new log segment /home/runner/work/ozone/ozone/hadoop-ozone/integration-test/target/test-dir/MiniOzoneClusterImpl-a947a097-fc53-45d1-b902-fe1272537128/datanode-8/data/ratis/857071ee-07df-438d-a40c-328117242da8/current/log_inprogress_0
2022-11-03 05:23:24,520 [c047bafd-0fa0-4f2f-9a8c-56ef9c35524f@group-328117242DA8-SegmentedRaftLogWorker] INFO  segmented.SegmentedRaftLogWorker (SegmentedRaftLogWorker.java:execute(656)) - c047bafd-0fa0-4f2f-9a8c-56ef9c35524f@group-328117242DA8-SegmentedRaftLogWorker: created new log segment /home/runner/work/ozone/ozone/hadoop-ozone/integration-test/target/test-dir/MiniOzoneClusterImpl-a947a097-fc53-45d1-b902-fe1272537128/datanode-6/data/ratis/857071ee-07df-438d-a40c-328117242da8/current/log_inprogress_0
2022-11-03 05:23:24,523 [c047bafd-0fa0-4f2f-9a8c-56ef9c35524f@group-CEF2DDE05160-LeaderElection25] INFO  impl.LeaderElection (LeaderElection.java:askForVotes(312)) - c047bafd-0fa0-4f2f-9a8c-56ef9c35524f@group-CEF2DDE05160-LeaderElection25 ELECTION round 0: submit vote requests at term 2 for -1: peers:[1397ad66-7a30-4622-84c4-76091eab1ef3|rpc:10.1.1.42:46719|priority:0|startupRole:FOLLOWER, edbb8909-d467-4274-b253-e11b41a723b1|rpc:10.1.1.42:38807|priority:0|startupRole:FOLLOWER, c047bafd-0fa0-4f2f-9a8c-56ef9c35524f|rpc:10.1.1.42:40893|priority:1|startupRole:FOLLOWER]|listeners:[], old=null
2022-11-03 05:23:24,529 [grpc-default-executor-5] INFO  server.RaftServer$Division (RaftServerImpl.java:requestVote(1218)) - 1397ad66-7a30-4622-84c4-76091eab1ef3@group-CEF2DDE05160: receive requestVote(ELECTION, c047bafd-0fa0-4f2f-9a8c-56ef9c35524f, group-CEF2DDE05160, 2, (t:0, i:0))
2022-11-03 05:23:24,537 [c047bafd-0fa0-4f2f-9a8c-56ef9c35524f@group-CEF2DDE05160-LeaderElection25] INFO  server.RaftServerConfigKeys (ConfUtils.java:logFallback(53)) - raft.server.rpc.first-election.timeout.min = 5s (fallback to raft.server.rpc.timeout.min)
2022-11-03 05:23:24,537 [c047bafd-0fa0-4f2f-9a8c-56ef9c35524f@group-CEF2DDE05160-LeaderElection25] INFO  server.RaftServerConfigKeys (ConfUtils.java:logFallback(53)) - raft.server.rpc.first-election.timeout.max = 5200ms (fallback to raft.server.rpc.timeout.max)
2022-11-03 05:23:24,537 [grpc-default-executor-5] INFO  impl.VoteContext (VoteContext.java:log(48)) - 1397ad66-7a30-4622-84c4-76091eab1ef3@group-CEF2DDE05160-FOLLOWER: accept ELECTION from c047bafd-0fa0-4f2f-9a8c-56ef9c35524f: our priority 0 <= candidate's priority 1
2022-11-03 05:23:24,537 [grpc-default-executor-5] INFO  server.RaftServer$Division (RaftServerImpl.java:setRole(321)) - 1397ad66-7a30-4622-84c4-76091eab1ef3@group-CEF2DDE05160: changes role from  FOLLOWER to FOLLOWER at term 2 for candidate:c047bafd-0fa0-4f2f-9a8c-56ef9c35524f
2022-11-03 05:23:24,537 [grpc-default-executor-5] INFO  impl.RoleInfo (RoleInfo.java:shutdownFollowerState(110)) - 1397ad66-7a30-4622-84c4-76091eab1ef3: shutdown 1397ad66-7a30-4622-84c4-76091eab1ef3@group-CEF2DDE05160-FollowerState
2022-11-03 05:23:24,537 [grpc-default-executor-5] INFO  impl.RoleInfo (RoleInfo.java:updateAndGet(139)) - 1397ad66-7a30-4622-84c4-76091eab1ef3: start 1397ad66-7a30-4622-84c4-76091eab1ef3@group-CEF2DDE05160-FollowerState
2022-11-03 05:23:24,537 [1397ad66-7a30-4622-84c4-76091eab1ef3@group-CEF2DDE05160-FollowerState] INFO  impl.FollowerState (FollowerState.java:run(152)) - 1397ad66-7a30-4622-84c4-76091eab1ef3@group-CEF2DDE05160-FollowerState was interrupted
2022-11-03 05:23:24,553 [grpc-default-executor-4] INFO  server.RaftServer$Division (RaftServerImpl.java:requestVote(1218)) - edbb8909-d467-4274-b253-e11b41a723b1@group-CEF2DDE05160: receive requestVote(ELECTION, c047bafd-0fa0-4f2f-9a8c-56ef9c35524f, group-CEF2DDE05160, 2, (t:0, i:0))
2022-11-03 05:23:24,559 [grpc-default-executor-4] INFO  impl.VoteContext (VoteContext.java:log(48)) - edbb8909-d467-4274-b253-e11b41a723b1@group-CEF2DDE05160-FOLLOWER: accept ELECTION from c047bafd-0fa0-4f2f-9a8c-56ef9c35524f: our priority 0 <= candidate's priority 1
2022-11-03 05:23:24,560 [grpc-default-executor-4] INFO  server.RaftServer$Division (RaftServerImpl.java:setRole(321)) - edbb8909-d467-4274-b253-e11b41a723b1@group-CEF2DDE05160: changes role from  FOLLOWER to FOLLOWER at term 2 for candidate:c047bafd-0fa0-4f2f-9a8c-56ef9c35524f
2022-11-03 05:23:24,560 [grpc-default-executor-4] INFO  impl.RoleInfo (RoleInfo.java:shutdownFollowerState(110)) - edbb8909-d467-4274-b253-e11b41a723b1: shutdown edbb8909-d467-4274-b253-e11b41a723b1@group-CEF2DDE05160-FollowerState
2022-11-03 05:23:24,560 [grpc-default-executor-5] INFO  server.RaftServer$Division (RaftServerImpl.java:requestVote(1251)) - 1397ad66-7a30-4622-84c4-76091eab1ef3@group-CEF2DDE05160 replies to ELECTION vote request: c047bafd-0fa0-4f2f-9a8c-56ef9c35524f<-1397ad66-7a30-4622-84c4-76091eab1ef3#0:OK-t2. Peer's state: 1397ad66-7a30-4622-84c4-76091eab1ef3@group-CEF2DDE05160:t2, leader=null, voted=c047bafd-0fa0-4f2f-9a8c-56ef9c35524f, raftlog=Memoized:1397ad66-7a30-4622-84c4-76091eab1ef3@group-CEF2DDE05160-SegmentedRaftLog:OPENED:c-1, conf=-1: peers:[1397ad66-7a30-4622-84c4-76091eab1ef3|rpc:10.1.1.42:46719|dataStream:|priority:0|startupRole:FOLLOWER, edbb8909-d467-4274-b253-e11b41a723b1|rpc:10.1.1.42:38807|dataStream:|priority:0|startupRole:FOLLOWER, c047bafd-0fa0-4f2f-9a8c-56ef9c35524f|rpc:10.1.1.42:40893|dataStream:|priority:1|startupRole:FOLLOWER]|listeners:[], old=null
2022-11-03 05:23:24,560 [edbb8909-d467-4274-b253-e11b41a723b1@group-CEF2DDE05160-FollowerState] INFO  impl.FollowerState (FollowerState.java:run(152)) - edbb8909-d467-4274-b253-e11b41a723b1@group-CEF2DDE05160-FollowerState was interrupted
2022-11-03 05:23:24,560 [1397ad66-7a30-4622-84c4-76091eab1ef3@group-CEF2DDE05160-FollowerState] INFO  server.RaftServerConfigKeys (ConfUtils.java:logFallback(53)) - raft.server.rpc.first-election.timeout.min = 5s (fallback to raft.server.rpc.timeout.min)
2022-11-03 05:23:24,560 [1397ad66-7a30-4622-84c4-76091eab1ef3@group-CEF2DDE05160-FollowerState] INFO  server.RaftServerConfigKeys (ConfUtils.java:logFallback(53)) - raft.server.rpc.first-election.timeout.max = 5200ms (fallback to raft.server.rpc.timeout.max)
2022-11-03 05:23:24,561 [c047bafd-0fa0-4f2f-9a8c-56ef9c35524f@group-CEF2DDE05160-LeaderElection25] INFO  impl.LeaderElection (LeaderElection.java:logAndReturn(90)) - c047bafd-0fa0-4f2f-9a8c-56ef9c35524f@group-CEF2DDE05160-LeaderElection25: ELECTION PASSED received 1 response(s) and 0 exception(s):
2022-11-03 05:23:24,561 [c047bafd-0fa0-4f2f-9a8c-56ef9c35524f@group-CEF2DDE05160-LeaderElection25] INFO  impl.LeaderElection (LeaderElection.java:logAndReturn(94)) -   Response 0: c047bafd-0fa0-4f2f-9a8c-56ef9c35524f<-1397ad66-7a30-4622-84c4-76091eab1ef3#0:OK-t2
2022-11-03 05:23:24,561 [c047bafd-0fa0-4f2f-9a8c-56ef9c35524f@group-CEF2DDE05160-LeaderElection25] INFO  impl.LeaderElection (LeaderElection.java:askForVotes(314)) - c047bafd-0fa0-4f2f-9a8c-56ef9c35524f@group-CEF2DDE05160-LeaderElection25 ELECTION round 0: result PASSED
2022-11-03 05:23:24,561 [c047bafd-0fa0-4f2f-9a8c-56ef9c35524f@group-CEF2DDE05160-LeaderElection25] INFO  impl.RoleInfo (RoleInfo.java:shutdownLeaderElection(130)) - c047bafd-0fa0-4f2f-9a8c-56ef9c35524f: shutdown c047bafd-0fa0-4f2f-9a8c-56ef9c35524f@group-CEF2DDE05160-LeaderElection25
2022-11-03 05:23:24,561 [c047bafd-0fa0-4f2f-9a8c-56ef9c35524f@group-CEF2DDE05160-LeaderElection25] INFO  server.RaftServer$Division (RaftServerImpl.java:setRole(321)) - c047bafd-0fa0-4f2f-9a8c-56ef9c35524f@group-CEF2DDE05160: changes role from CANDIDATE to LEADER at term 2 for changeToLeader
2022-11-03 05:23:24,561 [c047bafd-0fa0-4f2f-9a8c-56ef9c35524f@group-CEF2DDE05160-LeaderElection25] INFO  ratis.XceiverServerRatis (XceiverServerRatis.java:handleLeaderChangedNotification(863)) - Leader change notification received for group: group-CEF2DDE05160 with new leaderId: c047bafd-0fa0-4f2f-9a8c-56ef9c35524f
2022-11-03 05:23:24,561 [c047bafd-0fa0-4f2f-9a8c-56ef9c35524f@group-CEF2DDE05160-LeaderElection25] INFO  server.RaftServer$Division (ServerState.java:setLeader(313)) - c047bafd-0fa0-4f2f-9a8c-56ef9c35524f@group-CEF2DDE05160: change Leader from null to c047bafd-0fa0-4f2f-9a8c-56ef9c35524f at term 2 for becomeLeader, leader elected after 10237ms
2022-11-03 05:23:24,561 [c047bafd-0fa0-4f2f-9a8c-56ef9c35524f@group-CEF2DDE05160-LeaderElection25] INFO  server.RaftServerConfigKeys (ConfUtils.java:logGet(46)) - raft.server.staging.catchup.gap = 1000 (default)
2022-11-03 05:23:24,561 [c047bafd-0fa0-4f2f-9a8c-56ef9c35524f@group-CEF2DDE05160-LeaderElection25] INFO  server.RaftServerConfigKeys (ConfUtils.java:logGet(46)) - raft.server.write.element-limit = 1024 (custom)
2022-11-03 05:23:24,561 [c047bafd-0fa0-4f2f-9a8c-56ef9c35524f@group-CEF2DDE05160-LeaderElection25] INFO  server.RaftServerConfigKeys (ConfUtils.java:logGet(46)) - raft.server.write.byte-limit = 1024 M (=1073741824) (custom)
2022-11-03 05:23:24,561 [c047bafd-0fa0-4f2f-9a8c-56ef9c35524f@group-CEF2DDE05160-LeaderElection25] INFO  server.RaftServerConfigKeys (ConfUtils.java:logGet(46)) - raft.server.watch.timeout = 180s (custom)
2022-11-03 05:23:24,562 [c047bafd-0fa0-4f2f-9a8c-56ef9c35524f@group-CEF2DDE05160-LeaderElection25] INFO  server.RaftServerConfigKeys (ConfUtils.java:logGet(46)) - raft.server.watch.timeout.denomination = 1s (default)
2022-11-03 05:23:24,562 [c047bafd-0fa0-4f2f-9a8c-56ef9c35524f@group-CEF2DDE05160-LeaderElection25] INFO  server.RaftServerConfigKeys (ConfUtils.java:logGet(46)) - raft.server.watch.element-limit = 65536 (default)
2022-11-03 05:23:24,562 [c047bafd-0fa0-4f2f-9a8c-56ef9c35524f@group-CEF2DDE05160-LeaderElection25] INFO  server.RaftServerConfigKeys (ConfUtils.java:logGet(46)) - raft.server.write.element-limit = 1024 (custom)
2022-11-03 05:23:24,562 [c047bafd-0fa0-4f2f-9a8c-56ef9c35524f@group-CEF2DDE05160-LeaderElection25] INFO  server.RaftServerConfigKeys (ConfUtils.java:logGet(46)) - raft.server.write.follower.gap.ratio.max = -1.0 (default)
2022-11-03 05:23:24,562 [c047bafd-0fa0-4f2f-9a8c-56ef9c35524f@group-CEF2DDE05160-LeaderElection25] INFO  server.RaftServerConfigKeys (ConfUtils.java:logGet(46)) - raft.server.log.appender.snapshot.chunk.size.max = 16MB (=16777216) (default)
2022-11-03 05:23:24,562 [c047bafd-0fa0-4f2f-9a8c-56ef9c35524f@group-CEF2DDE05160-LeaderElection25] INFO  server.RaftServerConfigKeys (ConfUtils.java:logGet(46)) - raft.server.log.appender.buffer.byte-limit = 33554432 (custom)
2022-11-03 05:23:24,562 [c047bafd-0fa0-4f2f-9a8c-56ef9c35524f@group-CEF2DDE05160-LeaderElection25] INFO  server.RaftServerConfigKeys (ConfUtils.java:logGet(46)) - raft.server.log.appender.buffer.element-limit = 1 (custom)
2022-11-03 05:23:24,562 [c047bafd-0fa0-4f2f-9a8c-56ef9c35524f@group-CEF2DDE05160-LeaderElection25] INFO  grpc.GrpcConfigKeys (ConfUtils.java:logGet(46)) - raft.grpc.server.leader.outstanding.appends.max = 128 (default)
2022-11-03 05:23:24,562 [c047bafd-0fa0-4f2f-9a8c-56ef9c35524f@group-CEF2DDE05160-LeaderElection25] INFO  server.RaftServerConfigKeys (ConfUtils.java:logGet(46)) - raft.server.rpc.request.timeout = 60s (custom)
2022-11-03 05:23:24,562 [c047bafd-0fa0-4f2f-9a8c-56ef9c35524f@group-CEF2DDE05160-LeaderElection25] INFO  server.RaftServerConfigKeys (ConfUtils.java:logGet(46)) - raft.server.log.appender.install.snapshot.enabled = false (custom)
2022-11-03 05:23:24,562 [c047bafd-0fa0-4f2f-9a8c-56ef9c35524f@group-CEF2DDE05160-LeaderElection25] INFO  grpc.GrpcConfigKeys (ConfUtils.java:logGet(46)) - raft.grpc.server.heartbeat.channel = true (default)
2022-11-03 05:23:24,562 [c047bafd-0fa0-4f2f-9a8c-56ef9c35524f@group-CEF2DDE05160-LeaderElection25] INFO  server.RaftServerConfigKeys (ConfUtils.java:logGet(46)) - raft.server.log.appender.wait-time.min = 10ms (default)
2022-11-03 05:23:24,563 [c047bafd-0fa0-4f2f-9a8c-56ef9c35524f@group-CEF2DDE05160-LeaderElection25] INFO  server.RaftServerConfigKeys (ConfUtils.java:logGet(46)) - raft.server.log.appender.snapshot.chunk.size.max = 16MB (=16777216) (default)
2022-11-03 05:23:24,563 [c047bafd-0fa0-4f2f-9a8c-56ef9c35524f@group-CEF2DDE05160-LeaderElection25] INFO  server.RaftServerConfigKeys (ConfUtils.java:logGet(46)) - raft.server.log.appender.buffer.byte-limit = 33554432 (custom)
2022-11-03 05:23:24,563 [c047bafd-0fa0-4f2f-9a8c-56ef9c35524f@group-CEF2DDE05160-LeaderElection25] INFO  server.RaftServerConfigKeys (ConfUtils.java:logGet(46)) - raft.server.log.appender.buffer.element-limit = 1 (custom)
2022-11-03 05:23:24,563 [c047bafd-0fa0-4f2f-9a8c-56ef9c35524f@group-CEF2DDE05160-LeaderElection25] INFO  grpc.GrpcConfigKeys (ConfUtils.java:logGet(46)) - raft.grpc.server.leader.outstanding.appends.max = 128 (default)
2022-11-03 05:23:24,563 [c047bafd-0fa0-4f2f-9a8c-56ef9c35524f@group-CEF2DDE05160-LeaderElection25] INFO  server.RaftServerConfigKeys (ConfUtils.java:logGet(46)) - raft.server.rpc.request.timeout = 60s (custom)
2022-11-03 05:23:24,563 [c047bafd-0fa0-4f2f-9a8c-56ef9c35524f@group-CEF2DDE05160-LeaderElection25] INFO  server.RaftServerConfigKeys (ConfUtils.java:logGet(46)) - raft.server.log.appender.install.snapshot.enabled = false (custom)
2022-11-03 05:23:24,563 [c047bafd-0fa0-4f2f-9a8c-56ef9c35524f@group-CEF2DDE05160-LeaderElection25] INFO  grpc.GrpcConfigKeys (ConfUtils.java:logGet(46)) - raft.grpc.server.heartbeat.channel = true (default)
2022-11-03 05:23:24,563 [c047bafd-0fa0-4f2f-9a8c-56ef9c35524f@group-CEF2DDE05160-LeaderElection25] INFO  server.RaftServerConfigKeys (ConfUtils.java:logGet(46)) - raft.server.log.appender.wait-time.min = 10ms (default)
2022-11-03 05:23:24,563 [c047bafd-0fa0-4f2f-9a8c-56ef9c35524f@group-CEF2DDE05160-LeaderElection25] INFO  impl.RoleInfo (RoleInfo.java:updateAndGet(139)) - c047bafd-0fa0-4f2f-9a8c-56ef9c35524f: start c047bafd-0fa0-4f2f-9a8c-56ef9c35524f@group-CEF2DDE05160-LeaderStateImpl
2022-11-03 05:23:24,564 [c047bafd-0fa0-4f2f-9a8c-56ef9c35524f@group-CEF2DDE05160-LeaderElection25] INFO  segmented.SegmentedRaftLogWorker (SegmentedRaftLogWorker.java:startLogSegment(452)) - c047bafd-0fa0-4f2f-9a8c-56ef9c35524f@group-CEF2DDE05160-SegmentedRaftLogWorker: Starting segment from index:0
2022-11-03 05:23:24,560 [grpc-default-executor-4] INFO  impl.RoleInfo (RoleInfo.java:updateAndGet(139)) - edbb8909-d467-4274-b253-e11b41a723b1: start edbb8909-d467-4274-b253-e11b41a723b1@group-CEF2DDE05160-FollowerState
2022-11-03 05:23:24,565 [EventQueue-PipelineReportForPipelineReportHandler] INFO  pipeline.PipelineManagerImpl (PipelineManagerImpl.java:openPipeline(367)) - Pipeline Pipeline[ Id: a7dc1704-3c31-4dea-b128-cef2dde05160, Nodes: c047bafd-0fa0-4f2f-9a8c-56ef9c35524f{ip: 10.1.1.42, host: fv-az119-847.ca0t41jjrjaujd4nublazzptxb.cx.internal.cloudapp.net, ports: [REPLICATION=42705, RATIS=40893, RATIS_ADMIN=40893, RATIS_SERVER=40893, STANDALONE=36323], networkLocation: /default-rack, certSerialId: null, persistedOpState: IN_SERVICE, persistedOpStateExpiryEpochSec: 0}1397ad66-7a30-4622-84c4-76091eab1ef3{ip: 10.1.1.42, host: fv-az119-847.ca0t41jjrjaujd4nublazzptxb.cx.internal.cloudapp.net, ports: [REPLICATION=43105, RATIS=46719, RATIS_ADMIN=46719, RATIS_SERVER=46719, STANDALONE=44121], networkLocation: /default-rack, certSerialId: null, persistedOpState: IN_SERVICE, persistedOpStateExpiryEpochSec: 0}edbb8909-d467-4274-b253-e11b41a723b1{ip: 10.1.1.42, host: fv-az119-847.ca0t41jjrjaujd4nublazzptxb.cx.internal.cloudapp.net, ports: [REPLICATION=41809, RATIS=38807, RATIS_ADMIN=38807, RATIS_SERVER=38807, STANDALONE=41863], networkLocation: /default-rack, certSerialId: null, persistedOpState: IN_SERVICE, persistedOpStateExpiryEpochSec: 0}, ReplicationConfig: RATIS/THREE, State:ALLOCATED, leaderId:c047bafd-0fa0-4f2f-9a8c-56ef9c35524f, CreationTimestamp2022-11-03T05:23:11.882Z[Etc/UTC]] moved to OPEN state
2022-11-03 05:23:24,568 [c047bafd-0fa0-4f2f-9a8c-56ef9c35524f@group-CEF2DDE05160-SegmentedRaftLogWorker] INFO  segmented.SegmentedRaftLogWorker (SegmentedRaftLogWorker.java:execute(656)) - c047bafd-0fa0-4f2f-9a8c-56ef9c35524f@group-CEF2DDE05160-SegmentedRaftLogWorker: created new log segment /home/runner/work/ozone/ozone/hadoop-ozone/integration-test/target/test-dir/MiniOzoneClusterImpl-a947a097-fc53-45d1-b902-fe1272537128/datanode-6/data/ratis/a7dc1704-3c31-4dea-b128-cef2dde05160/current/log_inprogress_0
2022-11-03 05:23:24,569 [grpc-default-executor-4] INFO  server.RaftServer$Division (RaftServerImpl.java:requestVote(1251)) - edbb8909-d467-4274-b253-e11b41a723b1@group-CEF2DDE05160 replies to ELECTION vote request: c047bafd-0fa0-4f2f-9a8c-56ef9c35524f<-edbb8909-d467-4274-b253-e11b41a723b1#0:OK-t2. Peer's state: edbb8909-d467-4274-b253-e11b41a723b1@group-CEF2DDE05160:t2, leader=null, voted=c047bafd-0fa0-4f2f-9a8c-56ef9c35524f, raftlog=Memoized:edbb8909-d467-4274-b253-e11b41a723b1@group-CEF2DDE05160-SegmentedRaftLog:OPENED:c-1, conf=-1: peers:[1397ad66-7a30-4622-84c4-76091eab1ef3|rpc:10.1.1.42:46719|dataStream:|priority:0|startupRole:FOLLOWER, edbb8909-d467-4274-b253-e11b41a723b1|rpc:10.1.1.42:38807|dataStream:|priority:0|startupRole:FOLLOWER, c047bafd-0fa0-4f2f-9a8c-56ef9c35524f|rpc:10.1.1.42:40893|dataStream:|priority:1|startupRole:FOLLOWER]|listeners:[], old=null
2022-11-03 05:23:24,574 [c047bafd-0fa0-4f2f-9a8c-56ef9c35524f@group-CEF2DDE05160-LeaderElection25] INFO  server.RaftServer$Division (ServerState.java:setRaftConf(430)) - c047bafd-0fa0-4f2f-9a8c-56ef9c35524f@group-CEF2DDE05160: set configuration 0: peers:[1397ad66-7a30-4622-84c4-76091eab1ef3|rpc:10.1.1.42:46719|dataStream:|priority:0|startupRole:FOLLOWER, edbb8909-d467-4274-b253-e11b41a723b1|rpc:10.1.1.42:38807|dataStream:|priority:0|startupRole:FOLLOWER, c047bafd-0fa0-4f2f-9a8c-56ef9c35524f|rpc:10.1.1.42:40893|dataStream:|priority:1|startupRole:FOLLOWER]|listeners:[], old=null
2022-11-03 05:23:24,576 [edbb8909-d467-4274-b253-e11b41a723b1@group-CEF2DDE05160-FollowerState] INFO  server.RaftServerConfigKeys (ConfUtils.java:logFallback(53)) - raft.server.rpc.first-election.timeout.min = 5s (fallback to raft.server.rpc.timeout.min)
2022-11-03 05:23:24,576 [edbb8909-d467-4274-b253-e11b41a723b1@group-CEF2DDE05160-FollowerState] INFO  server.RaftServerConfigKeys (ConfUtils.java:logFallback(53)) - raft.server.rpc.first-election.timeout.max = 5200ms (fallback to raft.server.rpc.timeout.max)
2022-11-03 05:23:24,598 [edbb8909-d467-4274-b253-e11b41a723b1-server-thread1] INFO  ratis.XceiverServerRatis (XceiverServerRatis.java:handleLeaderChangedNotification(863)) - Leader change notification received for group: group-CEF2DDE05160 with new leaderId: c047bafd-0fa0-4f2f-9a8c-56ef9c35524f
2022-11-03 05:23:24,598 [edbb8909-d467-4274-b253-e11b41a723b1-server-thread1] INFO  server.RaftServer$Division (ServerState.java:setLeader(313)) - edbb8909-d467-4274-b253-e11b41a723b1@group-CEF2DDE05160: change Leader from null to c047bafd-0fa0-4f2f-9a8c-56ef9c35524f at term 2 for appendEntries, leader elected after 10232ms
2022-11-03 05:23:24,601 [edbb8909-d467-4274-b253-e11b41a723b1-server-thread2] INFO  server.RaftServer$Division (ServerState.java:setRaftConf(430)) - edbb8909-d467-4274-b253-e11b41a723b1@group-CEF2DDE05160: set configuration 0: peers:[1397ad66-7a30-4622-84c4-76091eab1ef3|rpc:10.1.1.42:46719|dataStream:|priority:0|startupRole:FOLLOWER, edbb8909-d467-4274-b253-e11b41a723b1|rpc:10.1.1.42:38807|dataStream:|priority:0|startupRole:FOLLOWER, c047bafd-0fa0-4f2f-9a8c-56ef9c35524f|rpc:10.1.1.42:40893|dataStream:|priority:1|startupRole:FOLLOWER]|listeners:[], old=null
2022-11-03 05:23:24,601 [edbb8909-d467-4274-b253-e11b41a723b1-server-thread2] INFO  segmented.SegmentedRaftLogWorker (SegmentedRaftLogWorker.java:startLogSegment(452)) - edbb8909-d467-4274-b253-e11b41a723b1@group-CEF2DDE05160-SegmentedRaftLogWorker: Starting segment from index:0
2022-11-03 05:23:24,614 [1397ad66-7a30-4622-84c4-76091eab1ef3-server-thread1] INFO  ratis.XceiverServerRatis (XceiverServerRatis.java:handleLeaderChangedNotification(863)) - Leader change notification received for group: group-CEF2DDE05160 with new leaderId: c047bafd-0fa0-4f2f-9a8c-56ef9c35524f
2022-11-03 05:23:24,614 [1397ad66-7a30-4622-84c4-76091eab1ef3-server-thread1] INFO  server.RaftServer$Division (ServerState.java:setLeader(313)) - 1397ad66-7a30-4622-84c4-76091eab1ef3@group-CEF2DDE05160: change Leader from null to c047bafd-0fa0-4f2f-9a8c-56ef9c35524f at term 2 for appendEntries, leader elected after 10271ms
2022-11-03 05:23:24,614 [edbb8909-d467-4274-b253-e11b41a723b1@group-CEF2DDE05160-SegmentedRaftLogWorker] INFO  segmented.SegmentedRaftLogWorker (SegmentedRaftLogWorker.java:execute(656)) - edbb8909-d467-4274-b253-e11b41a723b1@group-CEF2DDE05160-SegmentedRaftLogWorker: created new log segment /home/runner/work/ozone/ozone/hadoop-ozone/integration-test/target/test-dir/MiniOzoneClusterImpl-a947a097-fc53-45d1-b902-fe1272537128/datanode-8/data/ratis/a7dc1704-3c31-4dea-b128-cef2dde05160/current/log_inprogress_0
2022-11-03 05:23:24,616 [1397ad66-7a30-4622-84c4-76091eab1ef3-server-thread2] INFO  server.RaftServer$Division (ServerState.java:setRaftConf(430)) - 1397ad66-7a30-4622-84c4-76091eab1ef3@group-CEF2DDE05160: set configuration 0: peers:[1397ad66-7a30-4622-84c4-76091eab1ef3|rpc:10.1.1.42:46719|dataStream:|priority:0|startupRole:FOLLOWER, edbb8909-d467-4274-b253-e11b41a723b1|rpc:10.1.1.42:38807|dataStream:|priority:0|startupRole:FOLLOWER, c047bafd-0fa0-4f2f-9a8c-56ef9c35524f|rpc:10.1.1.42:40893|dataStream:|priority:1|startupRole:FOLLOWER]|listeners:[], old=null
2022-11-03 05:23:24,617 [1397ad66-7a30-4622-84c4-76091eab1ef3-server-thread2] INFO  segmented.SegmentedRaftLogWorker (SegmentedRaftLogWorker.java:startLogSegment(452)) - 1397ad66-7a30-4622-84c4-76091eab1ef3@group-CEF2DDE05160-SegmentedRaftLogWorker: Starting segment from index:0
2022-11-03 05:23:24,632 [1397ad66-7a30-4622-84c4-76091eab1ef3@group-CEF2DDE05160-SegmentedRaftLogWorker] INFO  segmented.SegmentedRaftLogWorker (SegmentedRaftLogWorker.java:execute(656)) - 1397ad66-7a30-4622-84c4-76091eab1ef3@group-CEF2DDE05160-SegmentedRaftLogWorker: created new log segment /home/runner/work/ozone/ozone/hadoop-ozone/integration-test/target/test-dir/MiniOzoneClusterImpl-a947a097-fc53-45d1-b902-fe1272537128/datanode-7/data/ratis/a7dc1704-3c31-4dea-b128-cef2dde05160/current/log_inprogress_0
2022-11-03 05:23:24,741 [grpc-default-executor-1] WARN  server.GrpcLogAppender (LogUtils.java:warn(122)) - 3459717f-89f3-488b-978e-7216d8acef6a@group-B5349C004512->236f0899-86ef-4b9d-9b64-54b2c41e9569-AppendLogResponseHandler: Failed appendEntries: org.apache.ratis.thirdparty.io.grpc.StatusRuntimeException: UNAVAILABLE: io exception
2022-11-03 05:23:24,741 [grpc-default-executor-5] WARN  server.GrpcLogAppender (LogUtils.java:warn(122)) - 3459717f-89f3-488b-978e-7216d8acef6a@group-B5349C004512->236f0899-86ef-4b9d-9b64-54b2c41e9569-AppendLogResponseHandler: Failed appendEntries: org.apache.ratis.thirdparty.io.grpc.StatusRuntimeException: UNAVAILABLE: io exception
2022-11-03 05:23:24,742 [grpc-default-executor-1] WARN  server.GrpcLogAppender (GrpcLogAppender.java:resetClient(131)) - 3459717f-89f3-488b-978e-7216d8acef6a@group-B5349C004512->236f0899-86ef-4b9d-9b64-54b2c41e9569-GrpcLogAppender: Leader has not got in touch with Follower 3459717f-89f3-488b-978e-7216d8acef6a@group-B5349C004512->236f0899-86ef-4b9d-9b64-54b2c41e9569(c0,m0,n1, attendVote=true, lastRpcSendTime=0, lastRpcResponseTime=6281) yet, just keep nextIndex unchanged and retry.
2022-11-03 05:23:24,743 [grpc-default-executor-5] WARN  server.GrpcLogAppender (GrpcLogAppender.java:resetClient(131)) - 3459717f-89f3-488b-978e-7216d8acef6a@group-B5349C004512->236f0899-86ef-4b9d-9b64-54b2c41e9569-GrpcLogAppender: Leader has not got in touch with Follower 3459717f-89f3-488b-978e-7216d8acef6a@group-B5349C004512->236f0899-86ef-4b9d-9b64-54b2c41e9569(c0,m0,n1, attendVote=true, lastRpcSendTime=1, lastRpcResponseTime=6282) yet, just keep nextIndex unchanged and retry.
2022-11-03 05:23:24,870 [grpc-default-executor-5] WARN  server.GrpcLogAppender (LogUtils.java:warn(122)) - 3459717f-89f3-488b-978e-7216d8acef6a@group-8A90670E2F53->236f0899-86ef-4b9d-9b64-54b2c41e9569-AppendLogResponseHandler: Failed appendEntries: org.apache.ratis.thirdparty.io.grpc.StatusRuntimeException: UNAVAILABLE: io exception
2022-11-03 05:23:24,871 [grpc-default-executor-1] WARN  server.GrpcLogAppender (LogUtils.java:warn(122)) - 3459717f-89f3-488b-978e-7216d8acef6a@group-8A90670E2F53->236f0899-86ef-4b9d-9b64-54b2c41e9569-AppendLogResponseHandler: Failed appendEntries: org.apache.ratis.thirdparty.io.grpc.StatusRuntimeException: UNAVAILABLE: io exception
2022-11-03 05:23:24,871 [grpc-default-executor-5] WARN  server.GrpcLogAppender (GrpcLogAppender.java:resetClient(131)) - 3459717f-89f3-488b-978e-7216d8acef6a@group-8A90670E2F53->236f0899-86ef-4b9d-9b64-54b2c41e9569-GrpcLogAppender: Leader has not got in touch with Follower 3459717f-89f3-488b-978e-7216d8acef6a@group-8A90670E2F53->236f0899-86ef-4b9d-9b64-54b2c41e9569(c-1,m0,n1, attendVote=true, lastRpcSendTime=0, lastRpcResponseTime=6482) yet, just keep nextIndex unchanged and retry.
2022-11-03 05:23:24,876 [grpc-default-executor-1] WARN  server.GrpcLogAppender (GrpcLogAppender.java:resetClient(131)) - 3459717f-89f3-488b-978e-7216d8acef6a@group-8A90670E2F53->236f0899-86ef-4b9d-9b64-54b2c41e9569-GrpcLogAppender: Leader has not got in touch with Follower 3459717f-89f3-488b-978e-7216d8acef6a@group-8A90670E2F53->236f0899-86ef-4b9d-9b64-54b2c41e9569(c-1,m0,n1, attendVote=true, lastRpcSendTime=5, lastRpcResponseTime=6487) yet, just keep nextIndex unchanged and retry.
2022-11-03 05:23:25,384 [EventQueue-DeadNodeForDeadNodeHandler] INFO  node.DeadNodeHandler (DeadNodeHandler.java:onMessage(81)) - A dead datanode is detected. 236f0899-86ef-4b9d-9b64-54b2c41e9569{ip: 10.1.1.42, host: fv-az119-847.ca0t41jjrjaujd4nublazzptxb.cx.internal.cloudapp.net, ports: [REPLICATION=35039, RATIS=45985, RATIS_ADMIN=45985, RATIS_SERVER=45985, STANDALONE=34715], networkLocation: /default-rack, certSerialId: null, persistedOpState: IN_SERVICE, persistedOpStateExpiryEpochSec: 0}
2022-11-03 05:23:25,385 [EventQueue-DeadNodeForDeadNodeHandler] INFO  pipeline.RatisPipelineProvider (RatisPipelineProvider.java:lambda$close$1(244)) - Send pipeline:PipelineID=9c655f0d-fbbc-4191-9417-7ca10958393f close command to datanode 236f0899-86ef-4b9d-9b64-54b2c41e9569
2022-11-03 05:23:25,388 [EventQueue-DeadNodeForDeadNodeHandler] INFO  pipeline.PipelineStateManagerImpl (PipelineStateManagerImpl.java:removePipeline(245)) - Pipeline Pipeline[ Id: 9c655f0d-fbbc-4191-9417-7ca10958393f, Nodes: 236f0899-86ef-4b9d-9b64-54b2c41e9569{ip: 10.1.1.42, host: fv-az119-847.ca0t41jjrjaujd4nublazzptxb.cx.internal.cloudapp.net, ports: [REPLICATION=35039, RATIS=45985, RATIS_ADMIN=45985, RATIS_SERVER=45985, STANDALONE=34715], networkLocation: /default-rack, certSerialId: null, persistedOpState: IN_SERVICE, persistedOpStateExpiryEpochSec: 0}, ReplicationConfig: RATIS/ONE, State:CLOSED, leaderId:236f0899-86ef-4b9d-9b64-54b2c41e9569, CreationTimestamp2022-11-03T05:23:10.758Z[Etc/UTC]] removed.
2022-11-03 05:23:25,388 [EventQueue-DeadNodeForDeadNodeHandler] INFO  pipeline.RatisPipelineProvider (RatisPipelineProvider.java:lambda$close$1(244)) - Send pipeline:PipelineID=6573f3b5-bbfa-4a8b-967b-b5349c004512 close command to datanode 236f0899-86ef-4b9d-9b64-54b2c41e9569
2022-11-03 05:23:25,388 [EventQueue-DeadNodeForDeadNodeHandler] INFO  pipeline.RatisPipelineProvider (RatisPipelineProvider.java:lambda$close$1(244)) - Send pipeline:PipelineID=6573f3b5-bbfa-4a8b-967b-b5349c004512 close command to datanode 5ddfe129-1b79-40ed-b807-03daa2e9053a
2022-11-03 05:23:25,389 [EventQueue-DeadNodeForDeadNodeHandler] INFO  pipeline.RatisPipelineProvider (RatisPipelineProvider.java:lambda$close$1(244)) - Send pipeline:PipelineID=6573f3b5-bbfa-4a8b-967b-b5349c004512 close command to datanode 3459717f-89f3-488b-978e-7216d8acef6a
2022-11-03 05:23:25,389 [EventQueue-DeadNodeForDeadNodeHandler] INFO  pipeline.PipelineStateManagerImpl (PipelineStateManagerImpl.java:removePipeline(245)) - Pipeline Pipeline[ Id: 6573f3b5-bbfa-4a8b-967b-b5349c004512, Nodes: 236f0899-86ef-4b9d-9b64-54b2c41e9569{ip: 10.1.1.42, host: fv-az119-847.ca0t41jjrjaujd4nublazzptxb.cx.internal.cloudapp.net, ports: [REPLICATION=35039, RATIS=45985, RATIS_ADMIN=45985, RATIS_SERVER=45985, STANDALONE=34715], networkLocation: /default-rack, certSerialId: null, persistedOpState: IN_SERVICE, persistedOpStateExpiryEpochSec: 0}5ddfe129-1b79-40ed-b807-03daa2e9053a{ip: 10.1.1.42, host: fv-az119-847.ca0t41jjrjaujd4nublazzptxb.cx.internal.cloudapp.net, ports: [REPLICATION=34451, RATIS=37873, RATIS_ADMIN=37873, RATIS_SERVER=37873, STANDALONE=38545], networkLocation: /default-rack, certSerialId: null, persistedOpState: IN_SERVICE, persistedOpStateExpiryEpochSec: 0}3459717f-89f3-488b-978e-7216d8acef6a{ip: 10.1.1.42, host: fv-az119-847.ca0t41jjrjaujd4nublazzptxb.cx.internal.cloudapp.net, ports: [REPLICATION=38201, RATIS=37511, RATIS_ADMIN=37511, RATIS_SERVER=37511, STANDALONE=36731], networkLocation: /default-rack, certSerialId: null, persistedOpState: IN_SERVICE, persistedOpStateExpiryEpochSec: 0}, ReplicationConfig: RATIS/THREE, State:CLOSED, leaderId:3459717f-89f3-488b-978e-7216d8acef6a, CreationTimestamp2022-11-03T05:23:10.759Z[Etc/UTC]] removed.
2022-11-03 05:23:25,389 [EventQueue-DeadNodeForDeadNodeHandler] INFO  pipeline.RatisPipelineProvider (RatisPipelineProvider.java:lambda$close$1(244)) - Send pipeline:PipelineID=6712345d-f63f-4731-a5e0-8a90670e2f53 close command to datanode 3459717f-89f3-488b-978e-7216d8acef6a
2022-11-03 05:23:25,389 [EventQueue-DeadNodeForDeadNodeHandler] INFO  pipeline.RatisPipelineProvider (RatisPipelineProvider.java:lambda$close$1(244)) - Send pipeline:PipelineID=6712345d-f63f-4731-a5e0-8a90670e2f53 close command to datanode 236f0899-86ef-4b9d-9b64-54b2c41e9569
2022-11-03 05:23:25,389 [EventQueue-DeadNodeForDeadNodeHandler] INFO  pipeline.RatisPipelineProvider (RatisPipelineProvider.java:lambda$close$1(244)) - Send pipeline:PipelineID=6712345d-f63f-4731-a5e0-8a90670e2f53 close command to datanode 5ddfe129-1b79-40ed-b807-03daa2e9053a
2022-11-03 05:23:25,389 [EventQueue-DeadNodeForDeadNodeHandler] INFO  pipeline.PipelineStateManagerImpl (PipelineStateManagerImpl.java:removePipeline(245)) - Pipeline Pipeline[ Id: 6712345d-f63f-4731-a5e0-8a90670e2f53, Nodes: 3459717f-89f3-488b-978e-7216d8acef6a{ip: 10.1.1.42, host: fv-az119-847.ca0t41jjrjaujd4nublazzptxb.cx.internal.cloudapp.net, ports: [REPLICATION=38201, RATIS=37511, RATIS_ADMIN=37511, RATIS_SERVER=37511, STANDALONE=36731], networkLocation: /default-rack, certSerialId: null, persistedOpState: IN_SERVICE, persistedOpStateExpiryEpochSec: 0}236f0899-86ef-4b9d-9b64-54b2c41e9569{ip: 10.1.1.42, host: fv-az119-847.ca0t41jjrjaujd4nublazzptxb.cx.internal.cloudapp.net, ports: [REPLICATION=35039, RATIS=45985, RATIS_ADMIN=45985, RATIS_SERVER=45985, STANDALONE=34715], networkLocation: /default-rack, certSerialId: null, persistedOpState: IN_SERVICE, persistedOpStateExpiryEpochSec: 0}5ddfe129-1b79-40ed-b807-03daa2e9053a{ip: 10.1.1.42, host: fv-az119-847.ca0t41jjrjaujd4nublazzptxb.cx.internal.cloudapp.net, ports: [REPLICATION=34451, RATIS=37873, RATIS_ADMIN=37873, RATIS_SERVER=37873, STANDALONE=38545], networkLocation: /default-rack, certSerialId: null, persistedOpState: IN_SERVICE, persistedOpStateExpiryEpochSec: 0}, ReplicationConfig: RATIS/THREE, State:CLOSED, leaderId:3459717f-89f3-488b-978e-7216d8acef6a, CreationTimestamp2022-11-03T05:23:10.760Z[Etc/UTC]] removed.
2022-11-03 05:23:25,389 [EventQueue-DeadNodeForDeadNodeHandler] INFO  pipeline.PipelineStateManagerImpl (PipelineStateManagerImpl.java:removePipeline(245)) - Pipeline Pipeline[ Id: e0997f04-f762-413f-bd41-9cd2b7375039, Nodes: 236f0899-86ef-4b9d-9b64-54b2c41e9569{ip: 10.1.1.42, host: fv-az119-847.ca0t41jjrjaujd4nublazzptxb.cx.internal.cloudapp.net, ports: [REPLICATION=35039, RATIS=45985, RATIS_ADMIN=45985, RATIS_SERVER=45985, STANDALONE=34715], networkLocation: /default-rack, certSerialId: null, persistedOpState: null, persistedOpStateExpiryEpochSec: 0}5ddfe129-1b79-40ed-b807-03daa2e9053a{ip: 10.1.1.42, host: fv-az119-847.ca0t41jjrjaujd4nublazzptxb.cx.internal.cloudapp.net, ports: [REPLICATION=34451, RATIS=37873, RATIS_ADMIN=37873, RATIS_SERVER=37873, STANDALONE=38545], networkLocation: /default-rack, certSerialId: null, persistedOpState: null, persistedOpStateExpiryEpochSec: 0}c4b91fe4-1e17-46ee-80ce-129a880b8a55{ip: 10.1.1.42, host: fv-az119-847.ca0t41jjrjaujd4nublazzptxb.cx.internal.cloudapp.net, ports: [REPLICATION=36393, RATIS=40201, RATIS_ADMIN=40201, RATIS_SERVER=40201, STANDALONE=42287], networkLocation: /default-rack, certSerialId: null, persistedOpState: null, persistedOpStateExpiryEpochSec: 0}c047bafd-0fa0-4f2f-9a8c-56ef9c35524f{ip: 10.1.1.42, host: fv-az119-847.ca0t41jjrjaujd4nublazzptxb.cx.internal.cloudapp.net, ports: [REPLICATION=42705, RATIS=40893, RATIS_ADMIN=40893, RATIS_SERVER=40893, STANDALONE=36323], networkLocation: /default-rack, certSerialId: null, persistedOpState: null, persistedOpStateExpiryEpochSec: 0}3459717f-89f3-488b-978e-7216d8acef6a{ip: 10.1.1.42, host: fv-az119-847.ca0t41jjrjaujd4nublazzptxb.cx.internal.cloudapp.net, ports: [REPLICATION=38201, RATIS=37511, RATIS_ADMIN=37511, RATIS_SERVER=37511, STANDALONE=36731], networkLocation: /default-rack, certSerialId: null, persistedOpState: null, persistedOpStateExpiryEpochSec: 0}, ReplicationConfig: EC/ECReplicationConfig{data=3, parity=2, ecChunkSize=1024, codec=rs}, State:CLOSED, leaderId:, CreationTimestamp2022-11-03T05:23:18.904Z[Etc/UTC]] removed.
2022-11-03 05:23:25,414 [EventQueue-DeadNodeForDeadNodeHandler] INFO  net.NetworkTopologyImpl (NetworkTopologyImpl.java:remove(190)) - Removed a node: /default-rack/236f0899-86ef-4b9d-9b64-54b2c41e9569
2022-11-03 05:23:25,432 [Command processor thread] INFO  keyvalue.KeyValueContainer (KeyValueContainer.java:flushAndSyncDB(437)) - Container 1 is synced with bcsId 0.
2022-11-03 05:23:25,440 [Command processor thread] INFO  keyvalue.KeyValueContainer (KeyValueContainer.java:flushAndSyncDB(437)) - Container 1 is synced with bcsId 0.
2022-11-03 05:23:25,445 [Command processor thread] INFO  keyvalue.KeyValueContainer (KeyValueContainer.java:close(352)) - Container 1 is closed with bcsId 0.
2022-11-03 05:23:25,454 [Listener at 127.0.0.1/40235] INFO  replication.ReplicationManager (ReplicationManager.java:start(239)) - Starting Replication Monitor Thread.
2022-11-03 05:23:25,466 [Under Replicated Processor] INFO  replication.UnderReplicatedProcessor (UnderReplicatedProcessor.java:processAll(92)) - Processed 0 under replicated containers, failed processing 0
2022-11-03 05:23:25,472 [ReplicationMonitor] INFO  replication.ReplicationManager (ReplicationManager.java:sendCloseContainerReplicaCommand(537)) - Sending close container command for container #1 to datanode 5ddfe129-1b79-40ed-b807-03daa2e9053a{ip: 10.1.1.42, host: fv-az119-847.ca0t41jjrjaujd4nublazzptxb.cx.internal.cloudapp.net, ports: [REPLICATION=34451, RATIS=37873, RATIS_ADMIN=37873, RATIS_SERVER=37873, STANDALONE=38545], networkLocation: /default-rack, certSerialId: null, persistedOpState: IN_SERVICE, persistedOpStateExpiryEpochSec: 0}.
2022-11-03 05:23:25,472 [ReplicationMonitor] INFO  replication.ReplicationManager (ReplicationManager.java:sendCloseContainerReplicaCommand(537)) - Sending close container command for container #1 to datanode 3459717f-89f3-488b-978e-7216d8acef6a{ip: 10.1.1.42, host: fv-az119-847.ca0t41jjrjaujd4nublazzptxb.cx.internal.cloudapp.net, ports: [REPLICATION=38201, RATIS=37511, RATIS_ADMIN=37511, RATIS_SERVER=37511, STANDALONE=36731], networkLocation: /default-rack, certSerialId: null, persistedOpState: IN_SERVICE, persistedOpStateExpiryEpochSec: 0}.
2022-11-03 05:23:25,473 [ReplicationMonitor] INFO  replication.ReplicationManager (ReplicationManager.java:processAll(340)) - Replication Monitor Thread took 3 milliseconds for processing 1 containers.
2022-11-03 05:23:25,473 [Over Replicated Processor] INFO  replication.OverReplicatedProcessor (OverReplicatedProcessor.java:processAll(90)) - Processed 0 over replicated containers, failed processing 0
2022-11-03 05:23:25,479 [Command processor thread] INFO  keyvalue.KeyValueContainer (KeyValueContainer.java:flushAndSyncDB(437)) - Container 1 is synced with bcsId 0.
2022-11-03 05:23:25,479 [Command processor thread] INFO  keyvalue.KeyValueContainer (KeyValueContainer.java:flushAndSyncDB(437)) - Container 1 is synced with bcsId 0.
2022-11-03 05:23:25,490 [Command processor thread] INFO  keyvalue.KeyValueContainer (KeyValueContainer.java:close(352)) - Container 1 is closed with bcsId 0.
2022-11-03 05:23:25,523 [Command processor thread] INFO  keyvalue.KeyValueContainer (KeyValueContainer.java:flushAndSyncDB(437)) - Container 1 is synced with bcsId 0.
2022-11-03 05:23:25,523 [Command processor thread] INFO  keyvalue.KeyValueContainer (KeyValueContainer.java:flushAndSyncDB(437)) - Container 1 is synced with bcsId 0.
2022-11-03 05:23:25,531 [Command processor thread] INFO  keyvalue.KeyValueContainer (KeyValueContainer.java:close(352)) - Container 1 is closed with bcsId 0.
2022-11-03 05:23:25,534 [Command processor thread] INFO  server.RaftServer (RaftServerProxy.java:remove(107)) - 5ddfe129-1b79-40ed-b807-03daa2e9053a: remove  FOLLOWER 5ddfe129-1b79-40ed-b807-03daa2e9053a@group-B5349C004512:t1, leader=3459717f-89f3-488b-978e-7216d8acef6a, voted=3459717f-89f3-488b-978e-7216d8acef6a, raftlog=Memoized:5ddfe129-1b79-40ed-b807-03daa2e9053a@group-B5349C004512-SegmentedRaftLog:OPENED:c0, conf=0: peers:[236f0899-86ef-4b9d-9b64-54b2c41e9569|rpc:10.1.1.42:45985|dataStream:|priority:0|startupRole:FOLLOWER, 5ddfe129-1b79-40ed-b807-03daa2e9053a|rpc:10.1.1.42:37873|dataStream:|priority:0|startupRole:FOLLOWER, 3459717f-89f3-488b-978e-7216d8acef6a|rpc:10.1.1.42:37511|dataStream:|priority:1|startupRole:FOLLOWER]|listeners:[], old=null RUNNING
2022-11-03 05:23:25,535 [Command processor thread] INFO  server.RaftServer$Division (RaftServerImpl.java:lambda$close$4(458)) - 5ddfe129-1b79-40ed-b807-03daa2e9053a@group-B5349C004512: shutdown
2022-11-03 05:23:25,535 [Command processor thread] INFO  util.JmxRegister (JmxRegister.java:unregister(73)) - Successfully un-registered JMX Bean with object name Ratis:service=RaftServer,group=group-B5349C004512,id=5ddfe129-1b79-40ed-b807-03daa2e9053a
2022-11-03 05:23:25,535 [Command processor thread] INFO  impl.RoleInfo (RoleInfo.java:shutdownFollowerState(110)) - 5ddfe129-1b79-40ed-b807-03daa2e9053a: shutdown 5ddfe129-1b79-40ed-b807-03daa2e9053a@group-B5349C004512-FollowerState
2022-11-03 05:23:25,535 [5ddfe129-1b79-40ed-b807-03daa2e9053a@group-B5349C004512-FollowerState] INFO  impl.FollowerState (FollowerState.java:run(152)) - 5ddfe129-1b79-40ed-b807-03daa2e9053a@group-B5349C004512-FollowerState was interrupted
2022-11-03 05:23:25,535 [Command processor thread] INFO  impl.StateMachineUpdater (StateMachineUpdater.java:stopAndJoin(153)) - 5ddfe129-1b79-40ed-b807-03daa2e9053a@group-B5349C004512-StateMachineUpdater: set stopIndex = 0
2022-11-03 05:23:25,536 [5ddfe129-1b79-40ed-b807-03daa2e9053a@group-B5349C004512-StateMachineUpdater] INFO  ratis.ContainerStateMachine (ContainerStateMachine.java:takeSnapshot(304)) - group-B5349C004512: Taking a snapshot at:(t:1, i:0) file /home/runner/work/ozone/ozone/hadoop-ozone/integration-test/target/test-dir/MiniOzoneClusterImpl-a947a097-fc53-45d1-b902-fe1272537128/datanode-4/data/ratis/6573f3b5-bbfa-4a8b-967b-b5349c004512/sm/snapshot.1_0
2022-11-03 05:23:25,536 [5ddfe129-1b79-40ed-b807-03daa2e9053a@group-B5349C004512-StateMachineUpdater] INFO  ratis.ContainerStateMachine (ContainerStateMachine.java:takeSnapshot(315)) - group-B5349C004512: Finished taking a snapshot at:(t:1, i:0) file:/home/runner/work/ozone/ozone/hadoop-ozone/integration-test/target/test-dir/MiniOzoneClusterImpl-a947a097-fc53-45d1-b902-fe1272537128/datanode-4/data/ratis/6573f3b5-bbfa-4a8b-967b-b5349c004512/sm/snapshot.1_0 took: 0 ms
2022-11-03 05:23:25,536 [5ddfe129-1b79-40ed-b807-03daa2e9053a@group-B5349C004512-StateMachineUpdater] INFO  impl.StateMachineUpdater (StateMachineUpdater.java:takeSnapshot(287)) - 5ddfe129-1b79-40ed-b807-03daa2e9053a@group-B5349C004512-StateMachineUpdater: Took a snapshot at index 0
2022-11-03 05:23:25,537 [5ddfe129-1b79-40ed-b807-03daa2e9053a@group-B5349C004512-StateMachineUpdater] INFO  impl.StateMachineUpdater (StateMachineUpdater.java:lambda$new$0(92)) - 5ddfe129-1b79-40ed-b807-03daa2e9053a@group-B5349C004512-StateMachineUpdater: snapshotIndex: updateIncreasingly -1 -> 0
2022-11-03 05:23:25,537 [Command processor thread] INFO  server.RaftServer$Division (ServerState.java:close(466)) - 5ddfe129-1b79-40ed-b807-03daa2e9053a@group-B5349C004512: closes. applyIndex: 0
2022-11-03 05:23:25,538 [5ddfe129-1b79-40ed-b807-03daa2e9053a@group-B5349C004512-SegmentedRaftLogWorker] INFO  segmented.SegmentedRaftLogWorker (SegmentedRaftLogWorker.java:run(345)) - 5ddfe129-1b79-40ed-b807-03daa2e9053a@group-B5349C004512-SegmentedRaftLogWorker was interrupted, exiting. There are 0 tasks remaining in the queue.
2022-11-03 05:23:25,547 [Command processor thread] INFO  segmented.SegmentedRaftLogWorker (SegmentedRaftLogWorker.java:close(255)) - 5ddfe129-1b79-40ed-b807-03daa2e9053a@group-B5349C004512-SegmentedRaftLogWorker close()
2022-11-03 05:23:25,560 [Command processor thread] INFO  server.RaftServer$Division (RaftServerImpl.java:groupRemove(428)) - 5ddfe129-1b79-40ed-b807-03daa2e9053a@group-B5349C004512: Succeed to remove RaftStorageDirectory Storage Directory /home/runner/work/ozone/ozone/hadoop-ozone/integration-test/target/test-dir/MiniOzoneClusterImpl-a947a097-fc53-45d1-b902-fe1272537128/datanode-4/data/ratis/6573f3b5-bbfa-4a8b-967b-b5349c004512
2022-11-03 05:23:25,560 [Command processor thread] INFO  commandhandler.ClosePipelineCommandHandler (ClosePipelineCommandHandler.java:handle(78)) - Close Pipeline PipelineID=6573f3b5-bbfa-4a8b-967b-b5349c004512 command on datanode 5ddfe129-1b79-40ed-b807-03daa2e9053a.
2022-11-03 05:23:25,560 [Command processor thread] INFO  server.RaftServer (RaftServerProxy.java:remove(107)) - 5ddfe129-1b79-40ed-b807-03daa2e9053a: remove  FOLLOWER 5ddfe129-1b79-40ed-b807-03daa2e9053a@group-8A90670E2F53:t2, leader=3459717f-89f3-488b-978e-7216d8acef6a, voted=3459717f-89f3-488b-978e-7216d8acef6a, raftlog=Memoized:5ddfe129-1b79-40ed-b807-03daa2e9053a@group-8A90670E2F53-SegmentedRaftLog:OPENED:c0, conf=0: peers:[236f0899-86ef-4b9d-9b64-54b2c41e9569|rpc:10.1.1.42:45985|dataStream:|priority:1|startupRole:FOLLOWER, 3459717f-89f3-488b-978e-7216d8acef6a|rpc:10.1.1.42:37511|dataStream:|priority:0|startupRole:FOLLOWER, 5ddfe129-1b79-40ed-b807-03daa2e9053a|rpc:10.1.1.42:37873|dataStream:|priority:0|startupRole:FOLLOWER]|listeners:[], old=null RUNNING
2022-11-03 05:23:25,565 [Command processor thread] INFO  server.RaftServer$Division (RaftServerImpl.java:lambda$close$4(458)) - 5ddfe129-1b79-40ed-b807-03daa2e9053a@group-8A90670E2F53: shutdown
2022-11-03 05:23:25,565 [Command processor thread] INFO  util.JmxRegister (JmxRegister.java:unregister(73)) - Successfully un-registered JMX Bean with object name Ratis:service=RaftServer,group=group-8A90670E2F53,id=5ddfe129-1b79-40ed-b807-03daa2e9053a
2022-11-03 05:23:25,566 [Command processor thread] INFO  impl.RoleInfo (RoleInfo.java:shutdownFollowerState(110)) - 5ddfe129-1b79-40ed-b807-03daa2e9053a: shutdown 5ddfe129-1b79-40ed-b807-03daa2e9053a@group-8A90670E2F53-FollowerState
2022-11-03 05:23:25,566 [5ddfe129-1b79-40ed-b807-03daa2e9053a@group-8A90670E2F53-FollowerState] INFO  impl.FollowerState (FollowerState.java:run(152)) - 5ddfe129-1b79-40ed-b807-03daa2e9053a@group-8A90670E2F53-FollowerState was interrupted
2022-11-03 05:23:25,566 [Command processor thread] INFO  impl.StateMachineUpdater (StateMachineUpdater.java:stopAndJoin(153)) - 5ddfe129-1b79-40ed-b807-03daa2e9053a@group-8A90670E2F53-StateMachineUpdater: set stopIndex = 0
2022-11-03 05:23:25,566 [5ddfe129-1b79-40ed-b807-03daa2e9053a@group-8A90670E2F53-StateMachineUpdater] INFO  ratis.ContainerStateMachine (ContainerStateMachine.java:takeSnapshot(304)) - group-8A90670E2F53: Taking a snapshot at:(t:2, i:0) file /home/runner/work/ozone/ozone/hadoop-ozone/integration-test/target/test-dir/MiniOzoneClusterImpl-a947a097-fc53-45d1-b902-fe1272537128/datanode-4/data/ratis/6712345d-f63f-4731-a5e0-8a90670e2f53/sm/snapshot.2_0
2022-11-03 05:23:25,569 [5ddfe129-1b79-40ed-b807-03daa2e9053a@group-8A90670E2F53-StateMachineUpdater] INFO  ratis.ContainerStateMachine (ContainerStateMachine.java:takeSnapshot(315)) - group-8A90670E2F53: Finished taking a snapshot at:(t:2, i:0) file:/home/runner/work/ozone/ozone/hadoop-ozone/integration-test/target/test-dir/MiniOzoneClusterImpl-a947a097-fc53-45d1-b902-fe1272537128/datanode-4/data/ratis/6712345d-f63f-4731-a5e0-8a90670e2f53/sm/snapshot.2_0 took: 3 ms
2022-11-03 05:23:25,569 [5ddfe129-1b79-40ed-b807-03daa2e9053a@group-8A90670E2F53-StateMachineUpdater] INFO  impl.StateMachineUpdater (StateMachineUpdater.java:takeSnapshot(287)) - 5ddfe129-1b79-40ed-b807-03daa2e9053a@group-8A90670E2F53-StateMachineUpdater: Took a snapshot at index 0
2022-11-03 05:23:25,569 [5ddfe129-1b79-40ed-b807-03daa2e9053a@group-8A90670E2F53-StateMachineUpdater] INFO  impl.StateMachineUpdater (StateMachineUpdater.java:lambda$new$0(92)) - 5ddfe129-1b79-40ed-b807-03daa2e9053a@group-8A90670E2F53-StateMachineUpdater: snapshotIndex: updateIncreasingly -1 -> 0
2022-11-03 05:23:25,569 [Command processor thread] INFO  server.RaftServer$Division (ServerState.java:close(466)) - 5ddfe129-1b79-40ed-b807-03daa2e9053a@group-8A90670E2F53: closes. applyIndex: 0
2022-11-03 05:23:25,569 [5ddfe129-1b79-40ed-b807-03daa2e9053a@group-8A90670E2F53-SegmentedRaftLogWorker] INFO  segmented.SegmentedRaftLogWorker (SegmentedRaftLogWorker.java:run(345)) - 5ddfe129-1b79-40ed-b807-03daa2e9053a@group-8A90670E2F53-SegmentedRaftLogWorker was interrupted, exiting. There are 0 tasks remaining in the queue.
2022-11-03 05:23:25,580 [Command processor thread] INFO  segmented.SegmentedRaftLogWorker (SegmentedRaftLogWorker.java:close(255)) - 5ddfe129-1b79-40ed-b807-03daa2e9053a@group-8A90670E2F53-SegmentedRaftLogWorker close()
2022-11-03 05:23:25,582 [Command processor thread] INFO  server.RaftServer$Division (RaftServerImpl.java:groupRemove(428)) - 5ddfe129-1b79-40ed-b807-03daa2e9053a@group-8A90670E2F53: Succeed to remove RaftStorageDirectory Storage Directory /home/runner/work/ozone/ozone/hadoop-ozone/integration-test/target/test-dir/MiniOzoneClusterImpl-a947a097-fc53-45d1-b902-fe1272537128/datanode-4/data/ratis/6712345d-f63f-4731-a5e0-8a90670e2f53
2022-11-03 05:23:25,582 [Command processor thread] INFO  commandhandler.ClosePipelineCommandHandler (ClosePipelineCommandHandler.java:handle(78)) - Close Pipeline PipelineID=6712345d-f63f-4731-a5e0-8a90670e2f53 command on datanode 5ddfe129-1b79-40ed-b807-03daa2e9053a.
2022-11-03 05:23:25,991 [grpc-default-executor-1] WARN  server.GrpcLogAppender (LogUtils.java:warn(122)) - 3459717f-89f3-488b-978e-7216d8acef6a@group-B5349C004512->236f0899-86ef-4b9d-9b64-54b2c41e9569-AppendLogResponseHandler: Failed appendEntries: org.apache.ratis.thirdparty.io.grpc.StatusRuntimeException: UNAVAILABLE: io exception
2022-11-03 05:23:25,992 [grpc-default-executor-5] WARN  server.GrpcLogAppender (LogUtils.java:warn(122)) - 3459717f-89f3-488b-978e-7216d8acef6a@group-B5349C004512->236f0899-86ef-4b9d-9b64-54b2c41e9569-AppendLogResponseHandler: Failed appendEntries: org.apache.ratis.thirdparty.io.grpc.StatusRuntimeException: UNAVAILABLE: io exception
2022-11-03 05:23:25,992 [grpc-default-executor-1] WARN  server.GrpcLogAppender (GrpcLogAppender.java:resetClient(131)) - 3459717f-89f3-488b-978e-7216d8acef6a@group-B5349C004512->236f0899-86ef-4b9d-9b64-54b2c41e9569-GrpcLogAppender: Leader has not got in touch with Follower 3459717f-89f3-488b-978e-7216d8acef6a@group-B5349C004512->236f0899-86ef-4b9d-9b64-54b2c41e9569(c0,m0,n1, attendVote=true, lastRpcSendTime=0, lastRpcResponseTime=7532) yet, just keep nextIndex unchanged and retry.
2022-11-03 05:23:25,993 [grpc-default-executor-5] WARN  server.GrpcLogAppender (GrpcLogAppender.java:resetClient(131)) - 3459717f-89f3-488b-978e-7216d8acef6a@group-B5349C004512->236f0899-86ef-4b9d-9b64-54b2c41e9569-GrpcLogAppender: Leader has not got in touch with Follower 3459717f-89f3-488b-978e-7216d8acef6a@group-B5349C004512->236f0899-86ef-4b9d-9b64-54b2c41e9569(c0,m0,n1, attendVote=true, lastRpcSendTime=1, lastRpcResponseTime=7533) yet, just keep nextIndex unchanged and retry.
2022-11-03 05:23:26,121 [grpc-default-executor-5] WARN  server.GrpcLogAppender (LogUtils.java:warn(122)) - 3459717f-89f3-488b-978e-7216d8acef6a@group-8A90670E2F53->236f0899-86ef-4b9d-9b64-54b2c41e9569-AppendLogResponseHandler: Failed appendEntries: org.apache.ratis.thirdparty.io.grpc.StatusRuntimeException: UNAVAILABLE: io exception
2022-11-03 05:23:26,121 [grpc-default-executor-1] WARN  server.GrpcLogAppender (LogUtils.java:warn(122)) - 3459717f-89f3-488b-978e-7216d8acef6a@group-8A90670E2F53->236f0899-86ef-4b9d-9b64-54b2c41e9569-AppendLogResponseHandler: Failed appendEntries: org.apache.ratis.thirdparty.io.grpc.StatusRuntimeException: UNAVAILABLE: io exception
2022-11-03 05:23:26,122 [grpc-default-executor-5] WARN  server.GrpcLogAppender (GrpcLogAppender.java:resetClient(131)) - 3459717f-89f3-488b-978e-7216d8acef6a@group-8A90670E2F53->236f0899-86ef-4b9d-9b64-54b2c41e9569-GrpcLogAppender: Leader has not got in touch with Follower 3459717f-89f3-488b-978e-7216d8acef6a@group-8A90670E2F53->236f0899-86ef-4b9d-9b64-54b2c41e9569(c-1,m0,n1, attendVote=true, lastRpcSendTime=1251, lastRpcResponseTime=7733) yet, just keep nextIndex unchanged and retry.
2022-11-03 05:23:26,123 [grpc-default-executor-1] WARN  server.GrpcLogAppender (GrpcLogAppender.java:resetClient(131)) - 3459717f-89f3-488b-978e-7216d8acef6a@group-8A90670E2F53->236f0899-86ef-4b9d-9b64-54b2c41e9569-GrpcLogAppender: Leader has not got in touch with Follower 3459717f-89f3-488b-978e-7216d8acef6a@group-8A90670E2F53->236f0899-86ef-4b9d-9b64-54b2c41e9569(c-1,m0,n1, attendVote=true, lastRpcSendTime=1252, lastRpcResponseTime=7734) yet, just keep nextIndex unchanged and retry.
2022-11-03 05:23:26,125 [grpc-default-executor-1] WARN  server.GrpcLogAppender (LogUtils.java:warn(122)) - 3459717f-89f3-488b-978e-7216d8acef6a@group-8A90670E2F53->236f0899-86ef-4b9d-9b64-54b2c41e9569-AppendLogResponseHandler: Failed appendEntries: org.apache.ratis.thirdparty.io.grpc.StatusRuntimeException: UNAVAILABLE: io exception
2022-11-03 05:23:26,125 [grpc-default-executor-5] WARN  server.GrpcLogAppender (LogUtils.java:warn(122)) - 3459717f-89f3-488b-978e-7216d8acef6a@group-8A90670E2F53->236f0899-86ef-4b9d-9b64-54b2c41e9569-AppendLogResponseHandler: Failed appendEntries: org.apache.ratis.thirdparty.io.grpc.StatusRuntimeException: UNAVAILABLE: io exception
2022-11-03 05:23:26,125 [grpc-default-executor-1] WARN  server.GrpcLogAppender (GrpcLogAppender.java:resetClient(131)) - 3459717f-89f3-488b-978e-7216d8acef6a@group-8A90670E2F53->236f0899-86ef-4b9d-9b64-54b2c41e9569-GrpcLogAppender: Leader has not got in touch with Follower 3459717f-89f3-488b-978e-7216d8acef6a@group-8A90670E2F53->236f0899-86ef-4b9d-9b64-54b2c41e9569(c-1,m0,n1, attendVote=true, lastRpcSendTime=1254, lastRpcResponseTime=7736) yet, just keep nextIndex unchanged and retry.
2022-11-03 05:23:26,126 [grpc-default-executor-5] WARN  server.GrpcLogAppender (GrpcLogAppender.java:resetClient(131)) - 3459717f-89f3-488b-978e-7216d8acef6a@group-8A90670E2F53->236f0899-86ef-4b9d-9b64-54b2c41e9569-GrpcLogAppender: Leader has not got in touch with Follower 3459717f-89f3-488b-978e-7216d8acef6a@group-8A90670E2F53->236f0899-86ef-4b9d-9b64-54b2c41e9569(c-1,m0,n1, attendVote=true, lastRpcSendTime=1255, lastRpcResponseTime=7737) yet, just keep nextIndex unchanged and retry.
2022-11-03 05:23:26,127 [grpc-default-executor-5] WARN  server.GrpcLogAppender (LogUtils.java:warn(122)) - 3459717f-89f3-488b-978e-7216d8acef6a@group-8A90670E2F53->236f0899-86ef-4b9d-9b64-54b2c41e9569-AppendLogResponseHandler: Failed appendEntries: org.apache.ratis.thirdparty.io.grpc.StatusRuntimeException: UNAVAILABLE: io exception
2022-11-03 05:23:26,127 [grpc-default-executor-1] WARN  server.GrpcLogAppender (LogUtils.java:warn(122)) - 3459717f-89f3-488b-978e-7216d8acef6a@group-8A90670E2F53->236f0899-86ef-4b9d-9b64-54b2c41e9569-AppendLogResponseHandler: Failed appendEntries: org.apache.ratis.thirdparty.io.grpc.StatusRuntimeException: UNAVAILABLE: io exception
2022-11-03 05:23:26,128 [grpc-default-executor-5] WARN  server.GrpcLogAppender (GrpcLogAppender.java:resetClient(131)) - 3459717f-89f3-488b-978e-7216d8acef6a@group-8A90670E2F53->236f0899-86ef-4b9d-9b64-54b2c41e9569-GrpcLogAppender: Leader has not got in touch with Follower 3459717f-89f3-488b-978e-7216d8acef6a@group-8A90670E2F53->236f0899-86ef-4b9d-9b64-54b2c41e9569(c-1,m0,n1, attendVote=true, lastRpcSendTime=1257, lastRpcResponseTime=7739) yet, just keep nextIndex unchanged and retry.
2022-11-03 05:23:26,128 [grpc-default-executor-1] WARN  server.GrpcLogAppender (GrpcLogAppender.java:resetClient(131)) - 3459717f-89f3-488b-978e-7216d8acef6a@group-8A90670E2F53->236f0899-86ef-4b9d-9b64-54b2c41e9569-GrpcLogAppender: Leader has not got in touch with Follower 3459717f-89f3-488b-978e-7216d8acef6a@group-8A90670E2F53->236f0899-86ef-4b9d-9b64-54b2c41e9569(c-1,m0,n1, attendVote=true, lastRpcSendTime=1257, lastRpcResponseTime=7739) yet, just keep nextIndex unchanged and retry.
2022-11-03 05:23:26,129 [grpc-default-executor-5] WARN  server.GrpcLogAppender (LogUtils.java:warn(122)) - 3459717f-89f3-488b-978e-7216d8acef6a@group-8A90670E2F53->236f0899-86ef-4b9d-9b64-54b2c41e9569-AppendLogResponseHandler: Failed appendEntries: org.apache.ratis.thirdparty.io.grpc.StatusRuntimeException: UNAVAILABLE: io exception
2022-11-03 05:23:26,129 [grpc-default-executor-1] WARN  server.GrpcLogAppender (LogUtils.java:warn(122)) - 3459717f-89f3-488b-978e-7216d8acef6a@group-8A90670E2F53->236f0899-86ef-4b9d-9b64-54b2c41e9569-AppendLogResponseHandler: Failed appendEntries: org.apache.ratis.thirdparty.io.grpc.StatusRuntimeException: UNAVAILABLE: io exception
2022-11-03 05:23:26,131 [grpc-default-executor-5] WARN  server.GrpcLogAppender (GrpcLogAppender.java:resetClient(131)) - 3459717f-89f3-488b-978e-7216d8acef6a@group-8A90670E2F53->236f0899-86ef-4b9d-9b64-54b2c41e9569-GrpcLogAppender: Leader has not got in touch with Follower 3459717f-89f3-488b-978e-7216d8acef6a@group-8A90670E2F53->236f0899-86ef-4b9d-9b64-54b2c41e9569(c-1,m0,n1, attendVote=true, lastRpcSendTime=1260, lastRpcResponseTime=7742) yet, just keep nextIndex unchanged and retry.
2022-11-03 05:23:26,131 [grpc-default-executor-1] WARN  server.GrpcLogAppender (GrpcLogAppender.java:resetClient(131)) - 3459717f-89f3-488b-978e-7216d8acef6a@group-8A90670E2F53->236f0899-86ef-4b9d-9b64-54b2c41e9569-GrpcLogAppender: Leader has not got in touch with Follower 3459717f-89f3-488b-978e-7216d8acef6a@group-8A90670E2F53->236f0899-86ef-4b9d-9b64-54b2c41e9569(c-1,m0,n1, attendVote=true, lastRpcSendTime=1260, lastRpcResponseTime=7742) yet, just keep nextIndex unchanged and retry.
2022-11-03 05:23:26,132 [grpc-default-executor-1] WARN  server.GrpcLogAppender (LogUtils.java:warn(122)) - 3459717f-89f3-488b-978e-7216d8acef6a@group-8A90670E2F53->236f0899-86ef-4b9d-9b64-54b2c41e9569-AppendLogResponseHandler: Failed appendEntries: org.apache.ratis.thirdparty.io.grpc.StatusRuntimeException: UNAVAILABLE: io exception
2022-11-03 05:23:26,132 [grpc-default-executor-5] WARN  server.GrpcLogAppender (LogUtils.java:warn(122)) - 3459717f-89f3-488b-978e-7216d8acef6a@group-8A90670E2F53->236f0899-86ef-4b9d-9b64-54b2c41e9569-AppendLogResponseHandler: Failed appendEntries: org.apache.ratis.thirdparty.io.grpc.StatusRuntimeException: UNAVAILABLE: io exception
2022-11-03 05:23:26,133 [grpc-default-executor-1] WARN  server.GrpcLogAppender (GrpcLogAppender.java:resetClient(131)) - 3459717f-89f3-488b-978e-7216d8acef6a@group-8A90670E2F53->236f0899-86ef-4b9d-9b64-54b2c41e9569-GrpcLogAppender: Leader has not got in touch with Follower 3459717f-89f3-488b-978e-7216d8acef6a@group-8A90670E2F53->236f0899-86ef-4b9d-9b64-54b2c41e9569(c-1,m0,n1, attendVote=true, lastRpcSendTime=1262, lastRpcResponseTime=7744) yet, just keep nextIndex unchanged and retry.
2022-11-03 05:23:26,134 [grpc-default-executor-5] WARN  server.GrpcLogAppender (GrpcLogAppender.java:resetClient(131)) - 3459717f-89f3-488b-978e-7216d8acef6a@group-8A90670E2F53->236f0899-86ef-4b9d-9b64-54b2c41e9569-GrpcLogAppender: Leader has not got in touch with Follower 3459717f-89f3-488b-978e-7216d8acef6a@group-8A90670E2F53->236f0899-86ef-4b9d-9b64-54b2c41e9569(c-1,m0,n1, attendVote=true, lastRpcSendTime=1263, lastRpcResponseTime=7745) yet, just keep nextIndex unchanged and retry.
2022-11-03 05:23:26,135 [grpc-default-executor-5] WARN  server.GrpcLogAppender (LogUtils.java:warn(122)) - 3459717f-89f3-488b-978e-7216d8acef6a@group-8A90670E2F53->236f0899-86ef-4b9d-9b64-54b2c41e9569-AppendLogResponseHandler: Failed appendEntries: org.apache.ratis.thirdparty.io.grpc.StatusRuntimeException: UNAVAILABLE: io exception
2022-11-03 05:23:26,135 [grpc-default-executor-1] WARN  server.GrpcLogAppender (LogUtils.java:warn(122)) - 3459717f-89f3-488b-978e-7216d8acef6a@group-8A90670E2F53->236f0899-86ef-4b9d-9b64-54b2c41e9569-AppendLogResponseHandler: Failed appendEntries: org.apache.ratis.thirdparty.io.grpc.StatusRuntimeException: UNAVAILABLE: io exception
2022-11-03 05:23:26,136 [grpc-default-executor-5] WARN  server.GrpcLogAppender (GrpcLogAppender.java:resetClient(131)) - 3459717f-89f3-488b-978e-7216d8acef6a@group-8A90670E2F53->236f0899-86ef-4b9d-9b64-54b2c41e9569-GrpcLogAppender: Leader has not got in touch with Follower 3459717f-89f3-488b-978e-7216d8acef6a@group-8A90670E2F53->236f0899-86ef-4b9d-9b64-54b2c41e9569(c-1,m0,n1, attendVote=true, lastRpcSendTime=1265, lastRpcResponseTime=7746) yet, just keep nextIndex unchanged and retry.
2022-11-03 05:23:26,136 [grpc-default-executor-1] WARN  server.GrpcLogAppender (GrpcLogAppender.java:resetClient(131)) - 3459717f-89f3-488b-978e-7216d8acef6a@group-8A90670E2F53->236f0899-86ef-4b9d-9b64-54b2c41e9569-GrpcLogAppender: Leader has not got in touch with Follower 3459717f-89f3-488b-978e-7216d8acef6a@group-8A90670E2F53->236f0899-86ef-4b9d-9b64-54b2c41e9569(c-1,m0,n1, attendVote=true, lastRpcSendTime=1265, lastRpcResponseTime=7747) yet, just keep nextIndex unchanged and retry.
2022-11-03 05:23:26,137 [grpc-default-executor-1] WARN  server.GrpcLogAppender (LogUtils.java:warn(122)) - 3459717f-89f3-488b-978e-7216d8acef6a@group-8A90670E2F53->236f0899-86ef-4b9d-9b64-54b2c41e9569-AppendLogResponseHandler: Failed appendEntries: org.apache.ratis.thirdparty.io.grpc.StatusRuntimeException: UNAVAILABLE: io exception
2022-11-03 05:23:26,137 [grpc-default-executor-5] WARN  server.GrpcLogAppender (LogUtils.java:warn(122)) - 3459717f-89f3-488b-978e-7216d8acef6a@group-8A90670E2F53->236f0899-86ef-4b9d-9b64-54b2c41e9569-AppendLogResponseHandler: Failed appendEntries: org.apache.ratis.thirdparty.io.grpc.StatusRuntimeException: UNAVAILABLE: io exception
2022-11-03 05:23:26,138 [grpc-default-executor-1] WARN  server.GrpcLogAppender (GrpcLogAppender.java:resetClient(131)) - 3459717f-89f3-488b-978e-7216d8acef6a@group-8A90670E2F53->236f0899-86ef-4b9d-9b64-54b2c41e9569-GrpcLogAppender: Leader has not got in touch with Follower 3459717f-89f3-488b-978e-7216d8acef6a@group-8A90670E2F53->236f0899-86ef-4b9d-9b64-54b2c41e9569(c-1,m0,n1, attendVote=true, lastRpcSendTime=1267, lastRpcResponseTime=7749) yet, just keep nextIndex unchanged and retry.
2022-11-03 05:23:26,139 [grpc-default-executor-5] WARN  server.GrpcLogAppender (GrpcLogAppender.java:resetClient(131)) - 3459717f-89f3-488b-978e-7216d8acef6a@group-8A90670E2F53->236f0899-86ef-4b9d-9b64-54b2c41e9569-GrpcLogAppender: Leader has not got in touch with Follower 3459717f-89f3-488b-978e-7216d8acef6a@group-8A90670E2F53->236f0899-86ef-4b9d-9b64-54b2c41e9569(c-1,m0,n1, attendVote=true, lastRpcSendTime=1268, lastRpcResponseTime=7750) yet, just keep nextIndex unchanged and retry.
2022-11-03 05:23:26,140 [grpc-default-executor-5] WARN  server.GrpcLogAppender (LogUtils.java:warn(122)) - 3459717f-89f3-488b-978e-7216d8acef6a@group-8A90670E2F53->236f0899-86ef-4b9d-9b64-54b2c41e9569-AppendLogResponseHandler: Failed appendEntries: org.apache.ratis.thirdparty.io.grpc.StatusRuntimeException: UNAVAILABLE: io exception
2022-11-03 05:23:26,140 [grpc-default-executor-1] WARN  server.GrpcLogAppender (LogUtils.java:warn(122)) - 3459717f-89f3-488b-978e-7216d8acef6a@group-8A90670E2F53->236f0899-86ef-4b9d-9b64-54b2c41e9569-AppendLogResponseHandler: Failed appendEntries: org.apache.ratis.thirdparty.io.grpc.StatusRuntimeException: UNAVAILABLE: io exception
2022-11-03 05:23:26,140 [grpc-default-executor-5] WARN  server.GrpcLogAppender (GrpcLogAppender.java:resetClient(131)) - 3459717f-89f3-488b-978e-7216d8acef6a@group-8A90670E2F53->236f0899-86ef-4b9d-9b64-54b2c41e9569-GrpcLogAppender: Leader has not got in touch with Follower 3459717f-89f3-488b-978e-7216d8acef6a@group-8A90670E2F53->236f0899-86ef-4b9d-9b64-54b2c41e9569(c-1,m0,n1, attendVote=true, lastRpcSendTime=1269, lastRpcResponseTime=7751) yet, just keep nextIndex unchanged and retry.
2022-11-03 05:23:26,140 [grpc-default-executor-1] WARN  server.GrpcLogAppender (GrpcLogAppender.java:resetClient(131)) - 3459717f-89f3-488b-978e-7216d8acef6a@group-8A90670E2F53->236f0899-86ef-4b9d-9b64-54b2c41e9569-GrpcLogAppender: Leader has not got in touch with Follower 3459717f-89f3-488b-978e-7216d8acef6a@group-8A90670E2F53->236f0899-86ef-4b9d-9b64-54b2c41e9569(c-1,m0,n1, attendVote=true, lastRpcSendTime=1269, lastRpcResponseTime=7751) yet, just keep nextIndex unchanged and retry.
2022-11-03 05:23:26,141 [grpc-default-executor-1] WARN  server.GrpcLogAppender (LogUtils.java:warn(122)) - 3459717f-89f3-488b-978e-7216d8acef6a@group-8A90670E2F53->236f0899-86ef-4b9d-9b64-54b2c41e9569-AppendLogResponseHandler: Failed appendEntries: org.apache.ratis.thirdparty.io.grpc.StatusRuntimeException: UNAVAILABLE: io exception
2022-11-03 05:23:26,141 [grpc-default-executor-5] WARN  server.GrpcLogAppender (LogUtils.java:warn(122)) - 3459717f-89f3-488b-978e-7216d8acef6a@group-8A90670E2F53->236f0899-86ef-4b9d-9b64-54b2c41e9569-AppendLogResponseHandler: Failed appendEntries: org.apache.ratis.thirdparty.io.grpc.StatusRuntimeException: UNAVAILABLE: io exception
2022-11-03 05:23:26,142 [grpc-default-executor-1] WARN  server.GrpcLogAppender (GrpcLogAppender.java:resetClient(131)) - 3459717f-89f3-488b-978e-7216d8acef6a@group-8A90670E2F53->236f0899-86ef-4b9d-9b64-54b2c41e9569-GrpcLogAppender: Leader has not got in touch with Follower 3459717f-89f3-488b-978e-7216d8acef6a@group-8A90670E2F53->236f0899-86ef-4b9d-9b64-54b2c41e9569(c-1,m0,n1, attendVote=true, lastRpcSendTime=1271, lastRpcResponseTime=7753) yet, just keep nextIndex unchanged and retry.
2022-11-03 05:23:26,143 [grpc-default-executor-5] WARN  server.GrpcLogAppender (GrpcLogAppender.java:resetClient(131)) - 3459717f-89f3-488b-978e-7216d8acef6a@group-8A90670E2F53->236f0899-86ef-4b9d-9b64-54b2c41e9569-GrpcLogAppender: Leader has not got in touch with Follower 3459717f-89f3-488b-978e-7216d8acef6a@group-8A90670E2F53->236f0899-86ef-4b9d-9b64-54b2c41e9569(c-1,m0,n1, attendVote=true, lastRpcSendTime=1272, lastRpcResponseTime=7754) yet, just keep nextIndex unchanged and retry.
2022-11-03 05:23:26,145 [grpc-default-executor-5] WARN  server.GrpcLogAppender (LogUtils.java:warn(122)) - 3459717f-89f3-488b-978e-7216d8acef6a@group-8A90670E2F53->236f0899-86ef-4b9d-9b64-54b2c41e9569-AppendLogResponseHandler: Failed appendEntries: org.apache.ratis.thirdparty.io.grpc.StatusRuntimeException: UNAVAILABLE: io exception
2022-11-03 05:23:26,145 [grpc-default-executor-1] WARN  server.GrpcLogAppender (LogUtils.java:warn(122)) - 3459717f-89f3-488b-978e-7216d8acef6a@group-8A90670E2F53->236f0899-86ef-4b9d-9b64-54b2c41e9569-AppendLogResponseHandler: Failed appendEntries: org.apache.ratis.thirdparty.io.grpc.StatusRuntimeException: UNAVAILABLE: io exception
2022-11-03 05:23:26,145 [grpc-default-executor-5] WARN  server.GrpcLogAppender (GrpcLogAppender.java:resetClient(131)) - 3459717f-89f3-488b-978e-7216d8acef6a@group-8A90670E2F53->236f0899-86ef-4b9d-9b64-54b2c41e9569-GrpcLogAppender: Leader has not got in touch with Follower 3459717f-89f3-488b-978e-7216d8acef6a@group-8A90670E2F53->236f0899-86ef-4b9d-9b64-54b2c41e9569(c-1,m0,n1, attendVote=true, lastRpcSendTime=1274, lastRpcResponseTime=7756) yet, just keep nextIndex unchanged and retry.
2022-11-03 05:23:26,145 [grpc-default-executor-1] WARN  server.GrpcLogAppender (GrpcLogAppender.java:resetClient(131)) - 3459717f-89f3-488b-978e-7216d8acef6a@group-8A90670E2F53->236f0899-86ef-4b9d-9b64-54b2c41e9569-GrpcLogAppender: Leader has not got in touch with Follower 3459717f-89f3-488b-978e-7216d8acef6a@group-8A90670E2F53->236f0899-86ef-4b9d-9b64-54b2c41e9569(c-1,m0,n1, attendVote=true, lastRpcSendTime=1274, lastRpcResponseTime=7756) yet, just keep nextIndex unchanged and retry.
2022-11-03 05:23:26,146 [grpc-default-executor-1] WARN  server.GrpcLogAppender (LogUtils.java:warn(122)) - 3459717f-89f3-488b-978e-7216d8acef6a@group-8A90670E2F53->236f0899-86ef-4b9d-9b64-54b2c41e9569-AppendLogResponseHandler: Failed appendEntries: org.apache.ratis.thirdparty.io.grpc.StatusRuntimeException: UNAVAILABLE: io exception
2022-11-03 05:23:26,146 [grpc-default-executor-5] WARN  server.GrpcLogAppender (LogUtils.java:warn(122)) - 3459717f-89f3-488b-978e-7216d8acef6a@group-8A90670E2F53->236f0899-86ef-4b9d-9b64-54b2c41e9569-AppendLogResponseHandler: Failed appendEntries: org.apache.ratis.thirdparty.io.grpc.StatusRuntimeException: UNAVAILABLE: io exception
2022-11-03 05:23:26,147 [grpc-default-executor-1] WARN  server.GrpcLogAppender (GrpcLogAppender.java:resetClient(131)) - 3459717f-89f3-488b-978e-7216d8acef6a@group-8A90670E2F53->236f0899-86ef-4b9d-9b64-54b2c41e9569-GrpcLogAppender: Leader has not got in touch with Follower 3459717f-89f3-488b-978e-7216d8acef6a@group-8A90670E2F53->236f0899-86ef-4b9d-9b64-54b2c41e9569(c-1,m0,n1, attendVote=true, lastRpcSendTime=1276, lastRpcResponseTime=7758) yet, just keep nextIndex unchanged and retry.
2022-11-03 05:23:26,149 [grpc-default-executor-5] WARN  server.GrpcLogAppender (GrpcLogAppender.java:resetClient(131)) - 3459717f-89f3-488b-978e-7216d8acef6a@group-8A90670E2F53->236f0899-86ef-4b9d-9b64-54b2c41e9569-GrpcLogAppender: Leader has not got in touch with Follower 3459717f-89f3-488b-978e-7216d8acef6a@group-8A90670E2F53->236f0899-86ef-4b9d-9b64-54b2c41e9569(c-1,m0,n1, attendVote=true, lastRpcSendTime=1278, lastRpcResponseTime=7760) yet, just keep nextIndex unchanged and retry.
2022-11-03 05:23:26,150 [grpc-default-executor-5] WARN  server.GrpcLogAppender (LogUtils.java:warn(122)) - 3459717f-89f3-488b-978e-7216d8acef6a@group-8A90670E2F53->236f0899-86ef-4b9d-9b64-54b2c41e9569-AppendLogResponseHandler: Failed appendEntries: org.apache.ratis.thirdparty.io.grpc.StatusRuntimeException: UNAVAILABLE: io exception
2022-11-03 05:23:26,150 [grpc-default-executor-1] WARN  server.GrpcLogAppender (LogUtils.java:warn(122)) - 3459717f-89f3-488b-978e-7216d8acef6a@group-8A90670E2F53->236f0899-86ef-4b9d-9b64-54b2c41e9569-AppendLogResponseHandler: Failed appendEntries: org.apache.ratis.thirdparty.io.grpc.StatusRuntimeException: UNAVAILABLE: io exception
2022-11-03 05:23:26,151 [grpc-default-executor-5] WARN  server.GrpcLogAppender (GrpcLogAppender.java:resetClient(131)) - 3459717f-89f3-488b-978e-7216d8acef6a@group-8A90670E2F53->236f0899-86ef-4b9d-9b64-54b2c41e9569-GrpcLogAppender: Leader has not got in touch with Follower 3459717f-89f3-488b-978e-7216d8acef6a@group-8A90670E2F53->236f0899-86ef-4b9d-9b64-54b2c41e9569(c-1,m0,n1, attendVote=true, lastRpcSendTime=0, lastRpcResponseTime=7762) yet, just keep nextIndex unchanged and retry.
2022-11-03 05:23:26,151 [grpc-default-executor-1] WARN  server.GrpcLogAppender (GrpcLogAppender.java:resetClient(131)) - 3459717f-89f3-488b-978e-7216d8acef6a@group-8A90670E2F53->236f0899-86ef-4b9d-9b64-54b2c41e9569-GrpcLogAppender: Leader has not got in touch with Follower 3459717f-89f3-488b-978e-7216d8acef6a@group-8A90670E2F53->236f0899-86ef-4b9d-9b64-54b2c41e9569(c-1,m0,n1, attendVote=true, lastRpcSendTime=0, lastRpcResponseTime=7762) yet, just keep nextIndex unchanged and retry.
2022-11-03 05:23:27,242 [grpc-default-executor-1] WARN  server.GrpcLogAppender (LogUtils.java:warn(122)) - 3459717f-89f3-488b-978e-7216d8acef6a@group-B5349C004512->236f0899-86ef-4b9d-9b64-54b2c41e9569-AppendLogResponseHandler: Failed appendEntries: org.apache.ratis.thirdparty.io.grpc.StatusRuntimeException: UNAVAILABLE: io exception
2022-11-03 05:23:27,243 [grpc-default-executor-1] WARN  server.GrpcLogAppender (GrpcLogAppender.java:resetClient(131)) - 3459717f-89f3-488b-978e-7216d8acef6a@group-B5349C004512->236f0899-86ef-4b9d-9b64-54b2c41e9569-GrpcLogAppender: Leader has not got in touch with Follower 3459717f-89f3-488b-978e-7216d8acef6a@group-B5349C004512->236f0899-86ef-4b9d-9b64-54b2c41e9569(c0,m0,n1, attendVote=true, lastRpcSendTime=0, lastRpcResponseTime=8782) yet, just keep nextIndex unchanged and retry.
2022-11-03 05:23:27,243 [grpc-default-executor-5] WARN  server.GrpcLogAppender (LogUtils.java:warn(122)) - 3459717f-89f3-488b-978e-7216d8acef6a@group-B5349C004512->236f0899-86ef-4b9d-9b64-54b2c41e9569-AppendLogResponseHandler: Failed appendEntries: org.apache.ratis.thirdparty.io.grpc.StatusRuntimeException: UNAVAILABLE: io exception
2022-11-03 05:23:27,243 [grpc-default-executor-5] WARN  server.GrpcLogAppender (GrpcLogAppender.java:resetClient(131)) - 3459717f-89f3-488b-978e-7216d8acef6a@group-B5349C004512->236f0899-86ef-4b9d-9b64-54b2c41e9569-GrpcLogAppender: Leader has not got in touch with Follower 3459717f-89f3-488b-978e-7216d8acef6a@group-B5349C004512->236f0899-86ef-4b9d-9b64-54b2c41e9569(c0,m0,n1, attendVote=true, lastRpcSendTime=1, lastRpcResponseTime=8783) yet, just keep nextIndex unchanged and retry.
2022-11-03 05:23:27,400 [grpc-default-executor-5] WARN  server.GrpcLogAppender (LogUtils.java:warn(122)) - 3459717f-89f3-488b-978e-7216d8acef6a@group-8A90670E2F53->236f0899-86ef-4b9d-9b64-54b2c41e9569-AppendLogResponseHandler: Failed appendEntries: org.apache.ratis.thirdparty.io.grpc.StatusRuntimeException: UNAVAILABLE: io exception
2022-11-03 05:23:27,401 [grpc-default-executor-1] WARN  server.GrpcLogAppender (LogUtils.java:warn(122)) - 3459717f-89f3-488b-978e-7216d8acef6a@group-8A90670E2F53->236f0899-86ef-4b9d-9b64-54b2c41e9569-AppendLogResponseHandler: Failed appendEntries: org.apache.ratis.thirdparty.io.grpc.StatusRuntimeException: UNAVAILABLE: io exception
2022-11-03 05:23:27,401 [grpc-default-executor-5] WARN  server.GrpcLogAppender (GrpcLogAppender.java:resetClient(131)) - 3459717f-89f3-488b-978e-7216d8acef6a@group-8A90670E2F53->236f0899-86ef-4b9d-9b64-54b2c41e9569-GrpcLogAppender: Leader has not got in touch with Follower 3459717f-89f3-488b-978e-7216d8acef6a@group-8A90670E2F53->236f0899-86ef-4b9d-9b64-54b2c41e9569(c-1,m0,n1, attendVote=true, lastRpcSendTime=1251, lastRpcResponseTime=9012) yet, just keep nextIndex unchanged and retry.
2022-11-03 05:23:27,403 [grpc-default-executor-1] WARN  server.GrpcLogAppender (GrpcLogAppender.java:resetClient(131)) - 3459717f-89f3-488b-978e-7216d8acef6a@group-8A90670E2F53->236f0899-86ef-4b9d-9b64-54b2c41e9569-GrpcLogAppender: Leader has not got in touch with Follower 3459717f-89f3-488b-978e-7216d8acef6a@group-8A90670E2F53->236f0899-86ef-4b9d-9b64-54b2c41e9569(c-1,m0,n1, attendVote=true, lastRpcSendTime=1252, lastRpcResponseTime=9014) yet, just keep nextIndex unchanged and retry.
2022-11-03 05:23:27,405 [grpc-default-executor-1] WARN  server.GrpcLogAppender (LogUtils.java:warn(122)) - 3459717f-89f3-488b-978e-7216d8acef6a@group-8A90670E2F53->236f0899-86ef-4b9d-9b64-54b2c41e9569-AppendLogResponseHandler: Failed appendEntries: org.apache.ratis.thirdparty.io.grpc.StatusRuntimeException: UNAVAILABLE: io exception
2022-11-03 05:23:27,405 [grpc-default-executor-5] WARN  server.GrpcLogAppender (LogUtils.java:warn(122)) - 3459717f-89f3-488b-978e-7216d8acef6a@group-8A90670E2F53->236f0899-86ef-4b9d-9b64-54b2c41e9569-AppendLogResponseHandler: Failed appendEntries: org.apache.ratis.thirdparty.io.grpc.StatusRuntimeException: UNAVAILABLE: io exception
2022-11-03 05:23:27,405 [grpc-default-executor-1] WARN  server.GrpcLogAppender (GrpcLogAppender.java:resetClient(131)) - 3459717f-89f3-488b-978e-7216d8acef6a@group-8A90670E2F53->236f0899-86ef-4b9d-9b64-54b2c41e9569-GrpcLogAppender: Leader has not got in touch with Follower 3459717f-89f3-488b-978e-7216d8acef6a@group-8A90670E2F53->236f0899-86ef-4b9d-9b64-54b2c41e9569(c-1,m0,n1, attendVote=true, lastRpcSendTime=1255, lastRpcResponseTime=9016) yet, just keep nextIndex unchanged and retry.
2022-11-03 05:23:27,406 [grpc-default-executor-5] WARN  server.GrpcLogAppender (GrpcLogAppender.java:resetClient(131)) - 3459717f-89f3-488b-978e-7216d8acef6a@group-8A90670E2F53->236f0899-86ef-4b9d-9b64-54b2c41e9569-GrpcLogAppender: Leader has not got in touch with Follower 3459717f-89f3-488b-978e-7216d8acef6a@group-8A90670E2F53->236f0899-86ef-4b9d-9b64-54b2c41e9569(c-1,m0,n1, attendVote=true, lastRpcSendTime=1255, lastRpcResponseTime=9017) yet, just keep nextIndex unchanged and retry.
2022-11-03 05:23:27,407 [grpc-default-executor-5] WARN  server.GrpcLogAppender (LogUtils.java:warn(122)) - 3459717f-89f3-488b-978e-7216d8acef6a@group-8A90670E2F53->236f0899-86ef-4b9d-9b64-54b2c41e9569-AppendLogResponseHandler: Failed appendEntries: org.apache.ratis.thirdparty.io.grpc.StatusRuntimeException: UNAVAILABLE: io exception
2022-11-03 05:23:27,407 [grpc-default-executor-1] WARN  server.GrpcLogAppender (LogUtils.java:warn(122)) - 3459717f-89f3-488b-978e-7216d8acef6a@group-8A90670E2F53->236f0899-86ef-4b9d-9b64-54b2c41e9569-AppendLogResponseHandler: Failed appendEntries: org.apache.ratis.thirdparty.io.grpc.StatusRuntimeException: UNAVAILABLE: io exception
2022-11-03 05:23:27,407 [grpc-default-executor-5] WARN  server.GrpcLogAppender (GrpcLogAppender.java:resetClient(131)) - 3459717f-89f3-488b-978e-7216d8acef6a@group-8A90670E2F53->236f0899-86ef-4b9d-9b64-54b2c41e9569-GrpcLogAppender: Leader has not got in touch with Follower 3459717f-89f3-488b-978e-7216d8acef6a@group-8A90670E2F53->236f0899-86ef-4b9d-9b64-54b2c41e9569(c-1,m0,n1, attendVote=true, lastRpcSendTime=1257, lastRpcResponseTime=9018) yet, just keep nextIndex unchanged and retry.
2022-11-03 05:23:27,408 [grpc-default-executor-1] WARN  server.GrpcLogAppender (GrpcLogAppender.java:resetClient(131)) - 3459717f-89f3-488b-978e-7216d8acef6a@group-8A90670E2F53->236f0899-86ef-4b9d-9b64-54b2c41e9569-GrpcLogAppender: Leader has not got in touch with Follower 3459717f-89f3-488b-978e-7216d8acef6a@group-8A90670E2F53->236f0899-86ef-4b9d-9b64-54b2c41e9569(c-1,m0,n1, attendVote=true, lastRpcSendTime=1257, lastRpcResponseTime=9019) yet, just keep nextIndex unchanged and retry.
2022-11-03 05:23:27,411 [grpc-default-executor-3] WARN  server.GrpcLogAppender (LogUtils.java:warn(122)) - 3459717f-89f3-488b-978e-7216d8acef6a@group-8A90670E2F53->236f0899-86ef-4b9d-9b64-54b2c41e9569-AppendLogResponseHandler: Failed appendEntries: org.apache.ratis.thirdparty.io.grpc.StatusRuntimeException: UNAVAILABLE: io exception
2022-11-03 05:23:27,411 [grpc-default-executor-3] WARN  server.GrpcLogAppender (GrpcLogAppender.java:resetClient(131)) - 3459717f-89f3-488b-978e-7216d8acef6a@group-8A90670E2F53->236f0899-86ef-4b9d-9b64-54b2c41e9569-GrpcLogAppender: Leader has not got in touch with Follower 3459717f-89f3-488b-978e-7216d8acef6a@group-8A90670E2F53->236f0899-86ef-4b9d-9b64-54b2c41e9569(c-1,m0,n1, attendVote=true, lastRpcSendTime=3, lastRpcResponseTime=9022) yet, just keep nextIndex unchanged and retry.
2022-11-03 05:23:27,413 [grpc-default-executor-3] WARN  server.GrpcLogAppender (LogUtils.java:warn(122)) - 3459717f-89f3-488b-978e-7216d8acef6a@group-8A90670E2F53->236f0899-86ef-4b9d-9b64-54b2c41e9569-AppendLogResponseHandler: Failed appendEntries: org.apache.ratis.thirdparty.io.grpc.StatusRuntimeException: UNAVAILABLE: io exception
2022-11-03 05:23:27,413 [grpc-default-executor-3] WARN  server.GrpcLogAppender (GrpcLogAppender.java:resetClient(131)) - 3459717f-89f3-488b-978e-7216d8acef6a@group-8A90670E2F53->236f0899-86ef-4b9d-9b64-54b2c41e9569-GrpcLogAppender: Leader has not got in touch with Follower 3459717f-89f3-488b-978e-7216d8acef6a@group-8A90670E2F53->236f0899-86ef-4b9d-9b64-54b2c41e9569(c-1,m0,n1, attendVote=true, lastRpcSendTime=5, lastRpcResponseTime=9024) yet, just keep nextIndex unchanged and retry.
2022-11-03 05:23:27,473 [b788acd7-0bfa-48fd-ae0f-b822d5826f57@group-7510FC58D10D-FollowerState] INFO  impl.FollowerState (FollowerState.java:run(143)) - b788acd7-0bfa-48fd-ae0f-b822d5826f57@group-7510FC58D10D-FollowerState: change to CANDIDATE, lastRpcElapsedTime:5116065994ns, electionTimeout:5094ms
2022-11-03 05:23:27,473 [b788acd7-0bfa-48fd-ae0f-b822d5826f57@group-7510FC58D10D-FollowerState] INFO  impl.RoleInfo (RoleInfo.java:shutdownFollowerState(110)) - b788acd7-0bfa-48fd-ae0f-b822d5826f57: shutdown b788acd7-0bfa-48fd-ae0f-b822d5826f57@group-7510FC58D10D-FollowerState
2022-11-03 05:23:27,473 [b788acd7-0bfa-48fd-ae0f-b822d5826f57@group-7510FC58D10D-FollowerState] INFO  server.RaftServer$Division (RaftServerImpl.java:setRole(321)) - b788acd7-0bfa-48fd-ae0f-b822d5826f57@group-7510FC58D10D: changes role from  FOLLOWER to CANDIDATE at term 2 for changeToCandidate
2022-11-03 05:23:27,473 [b788acd7-0bfa-48fd-ae0f-b822d5826f57@group-7510FC58D10D-FollowerState] INFO  server.RaftServerConfigKeys (ConfUtils.java:logGet(46)) - raft.server.leaderelection.pre-vote = false (custom)
2022-11-03 05:23:27,473 [b788acd7-0bfa-48fd-ae0f-b822d5826f57@group-7510FC58D10D-FollowerState] INFO  impl.RoleInfo (RoleInfo.java:updateAndGet(139)) - b788acd7-0bfa-48fd-ae0f-b822d5826f57: start b788acd7-0bfa-48fd-ae0f-b822d5826f57@group-7510FC58D10D-LeaderElection26
2022-11-03 05:23:27,481 [b788acd7-0bfa-48fd-ae0f-b822d5826f57@group-7510FC58D10D-LeaderElection26] INFO  impl.LeaderElection (LeaderElection.java:askForVotes(312)) - b788acd7-0bfa-48fd-ae0f-b822d5826f57@group-7510FC58D10D-LeaderElection26 ELECTION round 0: submit vote requests at term 3 for -1: peers:[b788acd7-0bfa-48fd-ae0f-b822d5826f57|rpc:10.1.1.42:42793|priority:1|startupRole:FOLLOWER, aafd62d6-5d37-4c95-9ffb-fecfd05fefa6|rpc:10.1.1.42:39817|priority:0|startupRole:FOLLOWER, fca08327-10d6-4e50-9aa0-d18fc62323ab|rpc:10.1.1.42:46211|priority:0|startupRole:FOLLOWER]|listeners:[], old=null
2022-11-03 05:23:27,482 [fca08327-10d6-4e50-9aa0-d18fc62323ab@group-7510FC58D10D-FollowerState] INFO  impl.FollowerState (FollowerState.java:run(143)) - fca08327-10d6-4e50-9aa0-d18fc62323ab@group-7510FC58D10D-FollowerState: change to CANDIDATE, lastRpcElapsedTime:5108727549ns, electionTimeout:5108ms
2022-11-03 05:23:27,482 [fca08327-10d6-4e50-9aa0-d18fc62323ab@group-7510FC58D10D-FollowerState] INFO  impl.RoleInfo (RoleInfo.java:shutdownFollowerState(110)) - fca08327-10d6-4e50-9aa0-d18fc62323ab: shutdown fca08327-10d6-4e50-9aa0-d18fc62323ab@group-7510FC58D10D-FollowerState
2022-11-03 05:23:27,482 [fca08327-10d6-4e50-9aa0-d18fc62323ab@group-7510FC58D10D-FollowerState] INFO  server.RaftServer$Division (RaftServerImpl.java:setRole(321)) - fca08327-10d6-4e50-9aa0-d18fc62323ab@group-7510FC58D10D: changes role from  FOLLOWER to CANDIDATE at term 2 for changeToCandidate
2022-11-03 05:23:27,486 [aafd62d6-5d37-4c95-9ffb-fecfd05fefa6@group-7510FC58D10D-FollowerState] INFO  impl.FollowerState (FollowerState.java:run(143)) - aafd62d6-5d37-4c95-9ffb-fecfd05fefa6@group-7510FC58D10D-FollowerState: change to CANDIDATE, lastRpcElapsedTime:5111091532ns, electionTimeout:5105ms
2022-11-03 05:23:27,486 [aafd62d6-5d37-4c95-9ffb-fecfd05fefa6@group-7510FC58D10D-FollowerState] INFO  impl.RoleInfo (RoleInfo.java:shutdownFollowerState(110)) - aafd62d6-5d37-4c95-9ffb-fecfd05fefa6: shutdown aafd62d6-5d37-4c95-9ffb-fecfd05fefa6@group-7510FC58D10D-FollowerState
2022-11-03 05:23:27,486 [aafd62d6-5d37-4c95-9ffb-fecfd05fefa6@group-7510FC58D10D-FollowerState] INFO  server.RaftServer$Division (RaftServerImpl.java:setRole(321)) - aafd62d6-5d37-4c95-9ffb-fecfd05fefa6@group-7510FC58D10D: changes role from  FOLLOWER to CANDIDATE at term 2 for changeToCandidate
2022-11-03 05:23:27,490 [b788acd7-0bfa-48fd-ae0f-b822d5826f57@group-7510FC58D10D-LeaderElection26-1] INFO  server.GrpcServerProtocolClient (GrpcServerProtocolClient.java:<init>(63)) - Build channel for aafd62d6-5d37-4c95-9ffb-fecfd05fefa6
2022-11-03 05:23:27,491 [Command processor thread] INFO  server.RaftServer (RaftServerProxy.java:remove(107)) - 3459717f-89f3-488b-978e-7216d8acef6a: remove    LEADER 3459717f-89f3-488b-978e-7216d8acef6a@group-B5349C004512:t1, leader=3459717f-89f3-488b-978e-7216d8acef6a, voted=3459717f-89f3-488b-978e-7216d8acef6a, raftlog=Memoized:3459717f-89f3-488b-978e-7216d8acef6a@group-B5349C004512-SegmentedRaftLog:OPENED:c0, conf=0: peers:[236f0899-86ef-4b9d-9b64-54b2c41e9569|rpc:10.1.1.42:45985|dataStream:|priority:0|startupRole:FOLLOWER, 5ddfe129-1b79-40ed-b807-03daa2e9053a|rpc:10.1.1.42:37873|dataStream:|priority:0|startupRole:FOLLOWER, 3459717f-89f3-488b-978e-7216d8acef6a|rpc:10.1.1.42:37511|dataStream:|priority:1|startupRole:FOLLOWER]|listeners:[], old=null RUNNING
2022-11-03 05:23:27,491 [Command processor thread] INFO  server.RaftServer$Division (RaftServerImpl.java:lambda$close$4(458)) - 3459717f-89f3-488b-978e-7216d8acef6a@group-B5349C004512: shutdown
2022-11-03 05:23:27,491 [Command processor thread] INFO  util.JmxRegister (JmxRegister.java:unregister(73)) - Successfully un-registered JMX Bean with object name Ratis:service=RaftServer,group=group-B5349C004512,id=3459717f-89f3-488b-978e-7216d8acef6a
2022-11-03 05:23:27,492 [Command processor thread] INFO  impl.RoleInfo (RoleInfo.java:shutdownLeaderState(93)) - 3459717f-89f3-488b-978e-7216d8acef6a: shutdown 3459717f-89f3-488b-978e-7216d8acef6a@group-B5349C004512-LeaderStateImpl
2022-11-03 05:23:27,493 [b788acd7-0bfa-48fd-ae0f-b822d5826f57@group-7510FC58D10D-LeaderElection26] INFO  server.RaftServerConfigKeys (ConfUtils.java:logFallback(53)) - raft.server.rpc.first-election.timeout.min = 5s (fallback to raft.server.rpc.timeout.min)
2022-11-03 05:23:27,493 [b788acd7-0bfa-48fd-ae0f-b822d5826f57@group-7510FC58D10D-LeaderElection26] INFO  server.RaftServerConfigKeys (ConfUtils.java:logFallback(53)) - raft.server.rpc.first-election.timeout.max = 5200ms (fallback to raft.server.rpc.timeout.max)
2022-11-03 05:23:27,493 [aafd62d6-5d37-4c95-9ffb-fecfd05fefa6@group-7510FC58D10D-FollowerState] INFO  server.RaftServerConfigKeys (ConfUtils.java:logGet(46)) - raft.server.leaderelection.pre-vote = false (custom)
2022-11-03 05:23:27,493 [fca08327-10d6-4e50-9aa0-d18fc62323ab@group-7510FC58D10D-FollowerState] INFO  server.RaftServerConfigKeys (ConfUtils.java:logGet(46)) - raft.server.leaderelection.pre-vote = false (custom)
2022-11-03 05:23:27,493 [aafd62d6-5d37-4c95-9ffb-fecfd05fefa6@group-7510FC58D10D-FollowerState] INFO  impl.RoleInfo (RoleInfo.java:updateAndGet(139)) - aafd62d6-5d37-4c95-9ffb-fecfd05fefa6: start aafd62d6-5d37-4c95-9ffb-fecfd05fefa6@group-7510FC58D10D-LeaderElection28
2022-11-03 05:23:27,493 [fca08327-10d6-4e50-9aa0-d18fc62323ab@group-7510FC58D10D-FollowerState] INFO  impl.RoleInfo (RoleInfo.java:updateAndGet(139)) - fca08327-10d6-4e50-9aa0-d18fc62323ab: start fca08327-10d6-4e50-9aa0-d18fc62323ab@group-7510FC58D10D-LeaderElection27
2022-11-03 05:23:27,494 [b788acd7-0bfa-48fd-ae0f-b822d5826f57@group-7510FC58D10D-LeaderElection26-2] INFO  server.GrpcServerProtocolClient (GrpcServerProtocolClient.java:<init>(63)) - Build channel for fca08327-10d6-4e50-9aa0-d18fc62323ab
2022-11-03 05:23:27,501 [Command processor thread] INFO  impl.PendingRequests (PendingRequests.java:sendNotLeaderResponses(282)) - 3459717f-89f3-488b-978e-7216d8acef6a@group-B5349C004512-PendingRequests: sendNotLeaderResponses
2022-11-03 05:23:27,502 [Command processor thread] INFO  impl.StateMachineUpdater (StateMachineUpdater.java:stopAndJoin(153)) - 3459717f-89f3-488b-978e-7216d8acef6a@group-B5349C004512-StateMachineUpdater: set stopIndex = 0
2022-11-03 05:23:27,502 [3459717f-89f3-488b-978e-7216d8acef6a@group-B5349C004512-StateMachineUpdater] INFO  ratis.ContainerStateMachine (ContainerStateMachine.java:takeSnapshot(304)) - group-B5349C004512: Taking a snapshot at:(t:1, i:0) file /home/runner/work/ozone/ozone/hadoop-ozone/integration-test/target/test-dir/MiniOzoneClusterImpl-a947a097-fc53-45d1-b902-fe1272537128/datanode-3/data/ratis/6573f3b5-bbfa-4a8b-967b-b5349c004512/sm/snapshot.1_0
2022-11-03 05:23:27,503 [3459717f-89f3-488b-978e-7216d8acef6a@group-B5349C004512-StateMachineUpdater] INFO  ratis.ContainerStateMachine (ContainerStateMachine.java:takeSnapshot(315)) - group-B5349C004512: Finished taking a snapshot at:(t:1, i:0) file:/home/runner/work/ozone/ozone/hadoop-ozone/integration-test/target/test-dir/MiniOzoneClusterImpl-a947a097-fc53-45d1-b902-fe1272537128/datanode-3/data/ratis/6573f3b5-bbfa-4a8b-967b-b5349c004512/sm/snapshot.1_0 took: 1 ms
2022-11-03 05:23:27,503 [3459717f-89f3-488b-978e-7216d8acef6a@group-B5349C004512-StateMachineUpdater] INFO  impl.StateMachineUpdater (StateMachineUpdater.java:takeSnapshot(287)) - 3459717f-89f3-488b-978e-7216d8acef6a@group-B5349C004512-StateMachineUpdater: Took a snapshot at index 0
2022-11-03 05:23:27,503 [3459717f-89f3-488b-978e-7216d8acef6a@group-B5349C004512-StateMachineUpdater] INFO  impl.StateMachineUpdater (StateMachineUpdater.java:lambda$new$0(92)) - 3459717f-89f3-488b-978e-7216d8acef6a@group-B5349C004512-StateMachineUpdater: snapshotIndex: updateIncreasingly -1 -> 0
2022-11-03 05:23:27,504 [3459717f-89f3-488b-978e-7216d8acef6a@group-B5349C004512->5ddfe129-1b79-40ed-b807-03daa2e9053a-GrpcLogAppender-LogAppenderDaemon] WARN  server.GrpcLogAppender (GrpcLogAppender.java:mayWait(200)) - 3459717f-89f3-488b-978e-7216d8acef6a@group-B5349C004512->5ddfe129-1b79-40ed-b807-03daa2e9053a-GrpcLogAppender: Wait interrupted by java.lang.InterruptedException
2022-11-03 05:23:27,506 [grpc-default-executor-5] INFO  server.GrpcServerProtocolService (GrpcServerProtocolService.java:onCompleted(145)) - 5ddfe129-1b79-40ed-b807-03daa2e9053a: Completed APPEND_ENTRIES, lastRequest: 3459717f-89f3-488b-978e-7216d8acef6a->5ddfe129-1b79-40ed-b807-03daa2e9053a#1-t1,previous=(t:0, i:0),leaderCommit=-1,initializing? true,entries: size=1, first=(t:1, i:0), CONFIGURATIONENTRY(current:id: "236f0899-86ef-4b9d-9b64-54b2c41e9569"
address: "10.1.1.42:45985"
clientAddress: "10.1.1.42:45985"
adminAddress: "10.1.1.42:45985"
startupRole: FOLLOWER
,id: "5ddfe129-1b79-40ed-b807-03daa2e9053a"
address: "10.1.1.42:37873"
clientAddress: "10.1.1.42:37873"
adminAddress: "10.1.1.42:37873"
startupRole: FOLLOWER
,id: "3459717f-89f3-488b-978e-7216d8acef6a"
address: "10.1.1.42:37511"
priority: 1
clientAddress: "10.1.1.42:37511"
adminAddress: "10.1.1.42:37511"
startupRole: FOLLOWER
, old:)
2022-11-03 05:23:27,507 [grpc-default-executor-0] INFO  server.GrpcLogAppender (GrpcLogAppender.java:onCompleted(415)) - 3459717f-89f3-488b-978e-7216d8acef6a@group-B5349C004512->5ddfe129-1b79-40ed-b807-03daa2e9053a-AppendLogResponseHandler: follower responses appendEntries COMPLETED
2022-11-03 05:23:27,507 [grpc-default-executor-0] INFO  leader.FollowerInfo (FollowerInfoImpl.java:lambda$new$0(48)) - 3459717f-89f3-488b-978e-7216d8acef6a@group-B5349C004512->5ddfe129-1b79-40ed-b807-03daa2e9053a: nextIndex: updateUnconditionally 1 -> 0
2022-11-03 05:23:27,508 [Command processor thread] INFO  server.RaftServer$Division (ServerState.java:close(466)) - 3459717f-89f3-488b-978e-7216d8acef6a@group-B5349C004512: closes. applyIndex: 0
2022-11-03 05:23:27,508 [aafd62d6-5d37-4c95-9ffb-fecfd05fefa6@group-7510FC58D10D-LeaderElection28] INFO  impl.LeaderElection (LeaderElection.java:askForVotes(312)) - aafd62d6-5d37-4c95-9ffb-fecfd05fefa6@group-7510FC58D10D-LeaderElection28 ELECTION round 0: submit vote requests at term 3 for -1: peers:[b788acd7-0bfa-48fd-ae0f-b822d5826f57|rpc:10.1.1.42:42793|priority:1|startupRole:FOLLOWER, aafd62d6-5d37-4c95-9ffb-fecfd05fefa6|rpc:10.1.1.42:39817|priority:0|startupRole:FOLLOWER, fca08327-10d6-4e50-9aa0-d18fc62323ab|rpc:10.1.1.42:46211|priority:0|startupRole:FOLLOWER]|listeners:[], old=null
2022-11-03 05:23:27,517 [grpc-default-executor-0] INFO  server.RaftServer$Division (RaftServerImpl.java:requestVote(1218)) - b788acd7-0bfa-48fd-ae0f-b822d5826f57@group-7510FC58D10D: receive requestVote(ELECTION, aafd62d6-5d37-4c95-9ffb-fecfd05fefa6, group-7510FC58D10D, 3, (t:0, i:0))
2022-11-03 05:23:27,517 [grpc-default-executor-0] INFO  impl.VoteContext (VoteContext.java:log(48)) - b788acd7-0bfa-48fd-ae0f-b822d5826f57@group-7510FC58D10D-CANDIDATE: reject ELECTION from aafd62d6-5d37-4c95-9ffb-fecfd05fefa6: already has voted for b788acd7-0bfa-48fd-ae0f-b822d5826f57 at current term 3
2022-11-03 05:23:27,517 [grpc-default-executor-0] INFO  server.RaftServer$Division (RaftServerImpl.java:requestVote(1251)) - b788acd7-0bfa-48fd-ae0f-b822d5826f57@group-7510FC58D10D replies to ELECTION vote request: aafd62d6-5d37-4c95-9ffb-fecfd05fefa6<-b788acd7-0bfa-48fd-ae0f-b822d5826f57#0:FAIL-t3. Peer's state: b788acd7-0bfa-48fd-ae0f-b822d5826f57@group-7510FC58D10D:t3, leader=null, voted=b788acd7-0bfa-48fd-ae0f-b822d5826f57, raftlog=Memoized:b788acd7-0bfa-48fd-ae0f-b822d5826f57@group-7510FC58D10D-SegmentedRaftLog:OPENED:c-1, conf=-1: peers:[b788acd7-0bfa-48fd-ae0f-b822d5826f57|rpc:10.1.1.42:42793|priority:1|startupRole:FOLLOWER, aafd62d6-5d37-4c95-9ffb-fecfd05fefa6|rpc:10.1.1.42:39817|priority:0|startupRole:FOLLOWER, fca08327-10d6-4e50-9aa0-d18fc62323ab|rpc:10.1.1.42:46211|priority:0|startupRole:FOLLOWER]|listeners:[], old=null
2022-11-03 05:23:27,519 [grpc-default-executor-5] INFO  server.RaftServer$Division (RaftServerImpl.java:requestVote(1218)) - fca08327-10d6-4e50-9aa0-d18fc62323ab@group-7510FC58D10D: receive requestVote(ELECTION, b788acd7-0bfa-48fd-ae0f-b822d5826f57, group-7510FC58D10D, 3, (t:0, i:0))
2022-11-03 05:23:27,519 [grpc-default-executor-5] INFO  impl.VoteContext (VoteContext.java:log(48)) - fca08327-10d6-4e50-9aa0-d18fc62323ab@group-7510FC58D10D-CANDIDATE: accept ELECTION from b788acd7-0bfa-48fd-ae0f-b822d5826f57: our priority 0 <= candidate's priority 1
2022-11-03 05:23:27,519 [grpc-default-executor-5] INFO  server.RaftServer$Division (RaftServerImpl.java:setRole(321)) - fca08327-10d6-4e50-9aa0-d18fc62323ab@group-7510FC58D10D: changes role from CANDIDATE to FOLLOWER at term 3 for candidate:b788acd7-0bfa-48fd-ae0f-b822d5826f57
2022-11-03 05:23:27,519 [grpc-default-executor-5] INFO  impl.RoleInfo (RoleInfo.java:shutdownLeaderElection(130)) - fca08327-10d6-4e50-9aa0-d18fc62323ab: shutdown fca08327-10d6-4e50-9aa0-d18fc62323ab@group-7510FC58D10D-LeaderElection27
2022-11-03 05:23:27,506 [grpc-default-executor-1] INFO  server.GrpcServerProtocolService (GrpcServerProtocolService.java:onCompleted(145)) - 5ddfe129-1b79-40ed-b807-03daa2e9053a: Completed APPEND_ENTRIES, lastRequest: null
2022-11-03 05:23:27,520 [aafd62d6-5d37-4c95-9ffb-fecfd05fefa6@group-7510FC58D10D-LeaderElection28] INFO  server.RaftServerConfigKeys (ConfUtils.java:logFallback(53)) - raft.server.rpc.first-election.timeout.min = 5s (fallback to raft.server.rpc.timeout.min)
2022-11-03 05:23:27,520 [aafd62d6-5d37-4c95-9ffb-fecfd05fefa6@group-7510FC58D10D-LeaderElection28] INFO  server.RaftServerConfigKeys (ConfUtils.java:logFallback(53)) - raft.server.rpc.first-election.timeout.max = 5200ms (fallback to raft.server.rpc.timeout.max)
2022-11-03 05:23:27,521 [3459717f-89f3-488b-978e-7216d8acef6a@group-B5349C004512-SegmentedRaftLogWorker] INFO  segmented.SegmentedRaftLogWorker (SegmentedRaftLogWorker.java:run(345)) - 3459717f-89f3-488b-978e-7216d8acef6a@group-B5349C004512-SegmentedRaftLogWorker was interrupted, exiting. There are 0 tasks remaining in the queue.
2022-11-03 05:23:27,522 [grpc-default-executor-5] INFO  impl.RoleInfo (RoleInfo.java:updateAndGet(139)) - fca08327-10d6-4e50-9aa0-d18fc62323ab: start fca08327-10d6-4e50-9aa0-d18fc62323ab@group-7510FC58D10D-FollowerState
2022-11-03 05:23:27,523 [fca08327-10d6-4e50-9aa0-d18fc62323ab@group-7510FC58D10D-FollowerState] INFO  server.RaftServerConfigKeys (ConfUtils.java:logFallback(53)) - raft.server.rpc.first-election.timeout.min = 5s (fallback to raft.server.rpc.timeout.min)
2022-11-03 05:23:27,523 [fca08327-10d6-4e50-9aa0-d18fc62323ab@group-7510FC58D10D-FollowerState] INFO  server.RaftServerConfigKeys (ConfUtils.java:logFallback(53)) - raft.server.rpc.first-election.timeout.max = 5200ms (fallback to raft.server.rpc.timeout.max)
2022-11-03 05:23:27,523 [grpc-default-executor-5] INFO  server.RaftServer$Division (RaftServerImpl.java:requestVote(1251)) - fca08327-10d6-4e50-9aa0-d18fc62323ab@group-7510FC58D10D replies to ELECTION vote request: b788acd7-0bfa-48fd-ae0f-b822d5826f57<-fca08327-10d6-4e50-9aa0-d18fc62323ab#0:OK-t3. Peer's state: fca08327-10d6-4e50-9aa0-d18fc62323ab@group-7510FC58D10D:t3, leader=null, voted=b788acd7-0bfa-48fd-ae0f-b822d5826f57, raftlog=Memoized:fca08327-10d6-4e50-9aa0-d18fc62323ab@group-7510FC58D10D-SegmentedRaftLog:OPENED:c-1, conf=-1: peers:[b788acd7-0bfa-48fd-ae0f-b822d5826f57|rpc:10.1.1.42:42793|dataStream:|priority:1|startupRole:FOLLOWER, aafd62d6-5d37-4c95-9ffb-fecfd05fefa6|rpc:10.1.1.42:39817|dataStream:|priority:0|startupRole:FOLLOWER, fca08327-10d6-4e50-9aa0-d18fc62323ab|rpc:10.1.1.42:46211|dataStream:|priority:0|startupRole:FOLLOWER]|listeners:[], old=null
2022-11-03 05:23:27,523 [fca08327-10d6-4e50-9aa0-d18fc62323ab@group-7510FC58D10D-LeaderElection27] INFO  impl.LeaderElection (LeaderElection.java:run(233)) - fca08327-10d6-4e50-9aa0-d18fc62323ab@group-7510FC58D10D-LeaderElection27: skip running since this is already CLOSING
2022-11-03 05:23:27,526 [aafd62d6-5d37-4c95-9ffb-fecfd05fefa6@group-7510FC58D10D-LeaderElection28] INFO  impl.LeaderElection (LeaderElection.java:logAndReturn(90)) - aafd62d6-5d37-4c95-9ffb-fecfd05fefa6@group-7510FC58D10D-LeaderElection28: ELECTION REJECTED received 1 response(s) and 0 exception(s):
2022-11-03 05:23:27,526 [aafd62d6-5d37-4c95-9ffb-fecfd05fefa6@group-7510FC58D10D-LeaderElection28] INFO  impl.LeaderElection (LeaderElection.java:logAndReturn(94)) -   Response 0: aafd62d6-5d37-4c95-9ffb-fecfd05fefa6<-b788acd7-0bfa-48fd-ae0f-b822d5826f57#0:FAIL-t3
2022-11-03 05:23:27,526 [aafd62d6-5d37-4c95-9ffb-fecfd05fefa6@group-7510FC58D10D-LeaderElection28] INFO  impl.LeaderElection (LeaderElection.java:askForVotes(314)) - aafd62d6-5d37-4c95-9ffb-fecfd05fefa6@group-7510FC58D10D-LeaderElection28 ELECTION round 0: result REJECTED
2022-11-03 05:23:27,526 [aafd62d6-5d37-4c95-9ffb-fecfd05fefa6@group-7510FC58D10D-LeaderElection28] INFO  server.RaftServer$Division (RaftServerImpl.java:setRole(321)) - aafd62d6-5d37-4c95-9ffb-fecfd05fefa6@group-7510FC58D10D: changes role from CANDIDATE to FOLLOWER at term 3 for REJECTED
2022-11-03 05:23:27,526 [aafd62d6-5d37-4c95-9ffb-fecfd05fefa6@group-7510FC58D10D-LeaderElection28] INFO  impl.RoleInfo (RoleInfo.java:shutdownLeaderElection(130)) - aafd62d6-5d37-4c95-9ffb-fecfd05fefa6: shutdown aafd62d6-5d37-4c95-9ffb-fecfd05fefa6@group-7510FC58D10D-LeaderElection28
2022-11-03 05:23:27,526 [aafd62d6-5d37-4c95-9ffb-fecfd05fefa6@group-7510FC58D10D-LeaderElection28] INFO  impl.RoleInfo (RoleInfo.java:updateAndGet(139)) - aafd62d6-5d37-4c95-9ffb-fecfd05fefa6: start aafd62d6-5d37-4c95-9ffb-fecfd05fefa6@group-7510FC58D10D-FollowerState
2022-11-03 05:23:27,527 [grpc-default-executor-5] INFO  server.RaftServer$Division (RaftServerImpl.java:requestVote(1218)) - fca08327-10d6-4e50-9aa0-d18fc62323ab@group-7510FC58D10D: receive requestVote(ELECTION, aafd62d6-5d37-4c95-9ffb-fecfd05fefa6, group-7510FC58D10D, 3, (t:0, i:0))
2022-11-03 05:23:27,527 [grpc-default-executor-5] INFO  impl.VoteContext (VoteContext.java:log(48)) - fca08327-10d6-4e50-9aa0-d18fc62323ab@group-7510FC58D10D-FOLLOWER: reject ELECTION from aafd62d6-5d37-4c95-9ffb-fecfd05fefa6: already has voted for b788acd7-0bfa-48fd-ae0f-b822d5826f57 at current term 3
2022-11-03 05:23:27,527 [grpc-default-executor-5] INFO  server.RaftServer$Division (RaftServerImpl.java:requestVote(1251)) - fca08327-10d6-4e50-9aa0-d18fc62323ab@group-7510FC58D10D replies to ELECTION vote request: aafd62d6-5d37-4c95-9ffb-fecfd05fefa6<-fca08327-10d6-4e50-9aa0-d18fc62323ab#0:FAIL-t3. Peer's state: fca08327-10d6-4e50-9aa0-d18fc62323ab@group-7510FC58D10D:t3, leader=null, voted=b788acd7-0bfa-48fd-ae0f-b822d5826f57, raftlog=Memoized:fca08327-10d6-4e50-9aa0-d18fc62323ab@group-7510FC58D10D-SegmentedRaftLog:OPENED:c-1, conf=-1: peers:[b788acd7-0bfa-48fd-ae0f-b822d5826f57|rpc:10.1.1.42:42793|dataStream:|priority:1|startupRole:FOLLOWER, aafd62d6-5d37-4c95-9ffb-fecfd05fefa6|rpc:10.1.1.42:39817|dataStream:|priority:0|startupRole:FOLLOWER, fca08327-10d6-4e50-9aa0-d18fc62323ab|rpc:10.1.1.42:46211|dataStream:|priority:0|startupRole:FOLLOWER]|listeners:[], old=null
2022-11-03 05:23:27,528 [aafd62d6-5d37-4c95-9ffb-fecfd05fefa6@group-7510FC58D10D-FollowerState] INFO  server.RaftServerConfigKeys (ConfUtils.java:logFallback(53)) - raft.server.rpc.first-election.timeout.min = 5s (fallback to raft.server.rpc.timeout.min)
2022-11-03 05:23:27,529 [aafd62d6-5d37-4c95-9ffb-fecfd05fefa6@group-7510FC58D10D-FollowerState] INFO  server.RaftServerConfigKeys (ConfUtils.java:logFallback(53)) - raft.server.rpc.first-election.timeout.max = 5200ms (fallback to raft.server.rpc.timeout.max)
2022-11-03 05:23:27,538 [Command processor thread] INFO  segmented.SegmentedRaftLogWorker (SegmentedRaftLogWorker.java:close(255)) - 3459717f-89f3-488b-978e-7216d8acef6a@group-B5349C004512-SegmentedRaftLogWorker close()
2022-11-03 05:23:27,538 [grpc-default-executor-3] INFO  server.GrpcLogAppender (GrpcLogAppender.java:onCompleted(415)) - 3459717f-89f3-488b-978e-7216d8acef6a@group-B5349C004512->5ddfe129-1b79-40ed-b807-03daa2e9053a-AppendLogResponseHandler: follower responses appendEntries COMPLETED
2022-11-03 05:23:27,539 [b788acd7-0bfa-48fd-ae0f-b822d5826f57@group-7510FC58D10D-LeaderElection26] INFO  impl.LeaderElection (LeaderElection.java:logAndReturn(90)) - b788acd7-0bfa-48fd-ae0f-b822d5826f57@group-7510FC58D10D-LeaderElection26: ELECTION PASSED received 1 response(s) and 0 exception(s):
2022-11-03 05:23:27,540 [b788acd7-0bfa-48fd-ae0f-b822d5826f57@group-7510FC58D10D-LeaderElection26] INFO  impl.LeaderElection (LeaderElection.java:logAndReturn(94)) -   Response 0: b788acd7-0bfa-48fd-ae0f-b822d5826f57<-fca08327-10d6-4e50-9aa0-d18fc62323ab#0:OK-t3
2022-11-03 05:23:27,540 [b788acd7-0bfa-48fd-ae0f-b822d5826f57@group-7510FC58D10D-LeaderElection26] INFO  impl.LeaderElection (LeaderElection.java:askForVotes(314)) - b788acd7-0bfa-48fd-ae0f-b822d5826f57@group-7510FC58D10D-LeaderElection26 ELECTION round 0: result PASSED
2022-11-03 05:23:27,540 [b788acd7-0bfa-48fd-ae0f-b822d5826f57@group-7510FC58D10D-LeaderElection26] INFO  impl.RoleInfo (RoleInfo.java:shutdownLeaderElection(130)) - b788acd7-0bfa-48fd-ae0f-b822d5826f57: shutdown b788acd7-0bfa-48fd-ae0f-b822d5826f57@group-7510FC58D10D-LeaderElection26
2022-11-03 05:23:27,540 [grpc-default-executor-5] INFO  server.RaftServer$Division (RaftServerImpl.java:requestVote(1218)) - aafd62d6-5d37-4c95-9ffb-fecfd05fefa6@group-7510FC58D10D: receive requestVote(ELECTION, b788acd7-0bfa-48fd-ae0f-b822d5826f57, group-7510FC58D10D, 3, (t:0, i:0))
2022-11-03 05:23:27,540 [b788acd7-0bfa-48fd-ae0f-b822d5826f57@group-7510FC58D10D-LeaderElection26] INFO  server.RaftServer$Division (RaftServerImpl.java:setRole(321)) - b788acd7-0bfa-48fd-ae0f-b822d5826f57@group-7510FC58D10D: changes role from CANDIDATE to LEADER at term 3 for changeToLeader
2022-11-03 05:23:27,540 [grpc-default-executor-5] INFO  impl.VoteContext (VoteContext.java:log(48)) - aafd62d6-5d37-4c95-9ffb-fecfd05fefa6@group-7510FC58D10D-FOLLOWER: reject ELECTION from b788acd7-0bfa-48fd-ae0f-b822d5826f57: already has voted for aafd62d6-5d37-4c95-9ffb-fecfd05fefa6 at current term 3
2022-11-03 05:23:27,540 [b788acd7-0bfa-48fd-ae0f-b822d5826f57@group-7510FC58D10D-LeaderElection26] INFO  ratis.XceiverServerRatis (XceiverServerRatis.java:handleLeaderChangedNotification(863)) - Leader change notification received for group: group-7510FC58D10D with new leaderId: b788acd7-0bfa-48fd-ae0f-b822d5826f57
2022-11-03 05:23:27,540 [grpc-default-executor-5] INFO  server.RaftServer$Division (RaftServerImpl.java:requestVote(1251)) - aafd62d6-5d37-4c95-9ffb-fecfd05fefa6@group-7510FC58D10D replies to ELECTION vote request: b788acd7-0bfa-48fd-ae0f-b822d5826f57<-aafd62d6-5d37-4c95-9ffb-fecfd05fefa6#0:FAIL-t3. Peer's state: aafd62d6-5d37-4c95-9ffb-fecfd05fefa6@group-7510FC58D10D:t3, leader=null, voted=aafd62d6-5d37-4c95-9ffb-fecfd05fefa6, raftlog=Memoized:aafd62d6-5d37-4c95-9ffb-fecfd05fefa6@group-7510FC58D10D-SegmentedRaftLog:OPENED:c-1, conf=-1: peers:[b788acd7-0bfa-48fd-ae0f-b822d5826f57|rpc:10.1.1.42:42793|priority:1|startupRole:FOLLOWER, aafd62d6-5d37-4c95-9ffb-fecfd05fefa6|rpc:10.1.1.42:39817|priority:0|startupRole:FOLLOWER, fca08327-10d6-4e50-9aa0-d18fc62323ab|rpc:10.1.1.42:46211|priority:0|startupRole:FOLLOWER]|listeners:[], old=null
2022-11-03 05:23:27,540 [b788acd7-0bfa-48fd-ae0f-b822d5826f57@group-7510FC58D10D-LeaderElection26] INFO  server.RaftServer$Division (ServerState.java:setLeader(313)) - b788acd7-0bfa-48fd-ae0f-b822d5826f57@group-7510FC58D10D: change Leader from null to b788acd7-0bfa-48fd-ae0f-b822d5826f57 at term 3 for becomeLeader, leader elected after 15077ms
2022-11-03 05:23:27,540 [b788acd7-0bfa-48fd-ae0f-b822d5826f57@group-7510FC58D10D-LeaderElection26] INFO  server.RaftServerConfigKeys (ConfUtils.java:logGet(46)) - raft.server.staging.catchup.gap = 1000 (default)
2022-11-03 05:23:27,540 [b788acd7-0bfa-48fd-ae0f-b822d5826f57@group-7510FC58D10D-LeaderElection26] INFO  server.RaftServerConfigKeys (ConfUtils.java:logGet(46)) - raft.server.write.element-limit = 1024 (custom)
2022-11-03 05:23:27,540 [b788acd7-0bfa-48fd-ae0f-b822d5826f57@group-7510FC58D10D-LeaderElection26] INFO  server.RaftServerConfigKeys (ConfUtils.java:logGet(46)) - raft.server.write.byte-limit = 1024 M (=1073741824) (custom)
2022-11-03 05:23:27,540 [b788acd7-0bfa-48fd-ae0f-b822d5826f57@group-7510FC58D10D-LeaderElection26] INFO  server.RaftServerConfigKeys (ConfUtils.java:logGet(46)) - raft.server.watch.timeout = 180s (custom)
2022-11-03 05:23:27,541 [b788acd7-0bfa-48fd-ae0f-b822d5826f57@group-7510FC58D10D-LeaderElection26] INFO  server.RaftServerConfigKeys (ConfUtils.java:logGet(46)) - raft.server.watch.timeout.denomination = 1s (default)
2022-11-03 05:23:27,541 [b788acd7-0bfa-48fd-ae0f-b822d5826f57@group-7510FC58D10D-LeaderElection26] INFO  server.RaftServerConfigKeys (ConfUtils.java:logGet(46)) - raft.server.watch.element-limit = 65536 (default)
2022-11-03 05:23:27,541 [b788acd7-0bfa-48fd-ae0f-b822d5826f57@group-7510FC58D10D-LeaderElection26] INFO  server.RaftServerConfigKeys (ConfUtils.java:logGet(46)) - raft.server.write.element-limit = 1024 (custom)
2022-11-03 05:23:27,541 [b788acd7-0bfa-48fd-ae0f-b822d5826f57@group-7510FC58D10D-LeaderElection26] INFO  server.RaftServerConfigKeys (ConfUtils.java:logGet(46)) - raft.server.write.follower.gap.ratio.max = -1.0 (default)
2022-11-03 05:23:27,541 [b788acd7-0bfa-48fd-ae0f-b822d5826f57@group-7510FC58D10D-LeaderElection26] INFO  server.RaftServerConfigKeys (ConfUtils.java:logGet(46)) - raft.server.log.appender.snapshot.chunk.size.max = 16MB (=16777216) (default)
2022-11-03 05:23:27,541 [b788acd7-0bfa-48fd-ae0f-b822d5826f57@group-7510FC58D10D-LeaderElection26] INFO  server.RaftServerConfigKeys (ConfUtils.java:logGet(46)) - raft.server.log.appender.buffer.byte-limit = 33554432 (custom)
2022-11-03 05:23:27,541 [b788acd7-0bfa-48fd-ae0f-b822d5826f57@group-7510FC58D10D-LeaderElection26] INFO  server.RaftServerConfigKeys (ConfUtils.java:logGet(46)) - raft.server.log.appender.buffer.element-limit = 1 (custom)
2022-11-03 05:23:27,541 [b788acd7-0bfa-48fd-ae0f-b822d5826f57@group-7510FC58D10D-LeaderElection26] INFO  grpc.GrpcConfigKeys (ConfUtils.java:logGet(46)) - raft.grpc.server.leader.outstanding.appends.max = 128 (default)
2022-11-03 05:23:27,541 [b788acd7-0bfa-48fd-ae0f-b822d5826f57@group-7510FC58D10D-LeaderElection26] INFO  server.RaftServerConfigKeys (ConfUtils.java:logGet(46)) - raft.server.rpc.request.timeout = 60s (custom)
2022-11-03 05:23:27,541 [b788acd7-0bfa-48fd-ae0f-b822d5826f57@group-7510FC58D10D-LeaderElection26] INFO  server.RaftServerConfigKeys (ConfUtils.java:logGet(46)) - raft.server.log.appender.install.snapshot.enabled = false (custom)
2022-11-03 05:23:27,541 [b788acd7-0bfa-48fd-ae0f-b822d5826f57@group-7510FC58D10D-LeaderElection26] INFO  grpc.GrpcConfigKeys (ConfUtils.java:logGet(46)) - raft.grpc.server.heartbeat.channel = true (default)
2022-11-03 05:23:27,541 [b788acd7-0bfa-48fd-ae0f-b822d5826f57@group-7510FC58D10D-LeaderElection26] INFO  server.RaftServerConfigKeys (ConfUtils.java:logGet(46)) - raft.server.log.appender.wait-time.min = 10ms (default)
2022-11-03 05:23:27,542 [b788acd7-0bfa-48fd-ae0f-b822d5826f57@group-7510FC58D10D-LeaderElection26] INFO  server.RaftServerConfigKeys (ConfUtils.java:logGet(46)) - raft.server.log.appender.snapshot.chunk.size.max = 16MB (=16777216) (default)
2022-11-03 05:23:27,542 [b788acd7-0bfa-48fd-ae0f-b822d5826f57@group-7510FC58D10D-LeaderElection26] INFO  server.RaftServerConfigKeys (ConfUtils.java:logGet(46)) - raft.server.log.appender.buffer.byte-limit = 33554432 (custom)
2022-11-03 05:23:27,542 [b788acd7-0bfa-48fd-ae0f-b822d5826f57@group-7510FC58D10D-LeaderElection26] INFO  server.RaftServerConfigKeys (ConfUtils.java:logGet(46)) - raft.server.log.appender.buffer.element-limit = 1 (custom)
2022-11-03 05:23:27,542 [b788acd7-0bfa-48fd-ae0f-b822d5826f57@group-7510FC58D10D-LeaderElection26] INFO  grpc.GrpcConfigKeys (ConfUtils.java:logGet(46)) - raft.grpc.server.leader.outstanding.appends.max = 128 (default)
2022-11-03 05:23:27,542 [b788acd7-0bfa-48fd-ae0f-b822d5826f57@group-7510FC58D10D-LeaderElection26] INFO  server.RaftServerConfigKeys (ConfUtils.java:logGet(46)) - raft.server.rpc.request.timeout = 60s (custom)
2022-11-03 05:23:27,542 [b788acd7-0bfa-48fd-ae0f-b822d5826f57@group-7510FC58D10D-LeaderElection26] INFO  server.RaftServerConfigKeys (ConfUtils.java:logGet(46)) - raft.server.log.appender.install.snapshot.enabled = false (custom)
2022-11-03 05:23:27,542 [b788acd7-0bfa-48fd-ae0f-b822d5826f57@group-7510FC58D10D-LeaderElection26] INFO  grpc.GrpcConfigKeys (ConfUtils.java:logGet(46)) - raft.grpc.server.heartbeat.channel = true (default)
2022-11-03 05:23:27,542 [b788acd7-0bfa-48fd-ae0f-b822d5826f57@group-7510FC58D10D-LeaderElection26] INFO  server.RaftServerConfigKeys (ConfUtils.java:logGet(46)) - raft.server.log.appender.wait-time.min = 10ms (default)
2022-11-03 05:23:27,542 [b788acd7-0bfa-48fd-ae0f-b822d5826f57@group-7510FC58D10D-LeaderElection26] INFO  impl.RoleInfo (RoleInfo.java:updateAndGet(139)) - b788acd7-0bfa-48fd-ae0f-b822d5826f57: start b788acd7-0bfa-48fd-ae0f-b822d5826f57@group-7510FC58D10D-LeaderStateImpl
2022-11-03 05:23:27,543 [b788acd7-0bfa-48fd-ae0f-b822d5826f57@group-7510FC58D10D-LeaderElection26] INFO  segmented.SegmentedRaftLogWorker (SegmentedRaftLogWorker.java:startLogSegment(452)) - b788acd7-0bfa-48fd-ae0f-b822d5826f57@group-7510FC58D10D-SegmentedRaftLogWorker: Starting segment from index:0
2022-11-03 05:23:27,544 [EventQueue-PipelineReportForPipelineReportHandler] INFO  pipeline.PipelineManagerImpl (PipelineManagerImpl.java:openPipeline(367)) - Pipeline Pipeline[ Id: f705f685-74fc-420a-8c30-7510fc58d10d, Nodes: b788acd7-0bfa-48fd-ae0f-b822d5826f57{ip: 10.1.1.42, host: fv-az119-847.ca0t41jjrjaujd4nublazzptxb.cx.internal.cloudapp.net, ports: [REPLICATION=37571, RATIS=42793, RATIS_ADMIN=42793, RATIS_SERVER=42793, STANDALONE=43375], networkLocation: /default-rack, certSerialId: null, persistedOpState: IN_SERVICE, persistedOpStateExpiryEpochSec: 0}aafd62d6-5d37-4c95-9ffb-fecfd05fefa6{ip: 10.1.1.42, host: fv-az119-847.ca0t41jjrjaujd4nublazzptxb.cx.internal.cloudapp.net, ports: [REPLICATION=45413, RATIS=39817, RATIS_ADMIN=39817, RATIS_SERVER=39817, STANDALONE=42255], networkLocation: /default-rack, certSerialId: null, persistedOpState: IN_SERVICE, persistedOpStateExpiryEpochSec: 0}fca08327-10d6-4e50-9aa0-d18fc62323ab{ip: 10.1.1.42, host: fv-az119-847.ca0t41jjrjaujd4nublazzptxb.cx.internal.cloudapp.net, ports: [REPLICATION=38181, RATIS=46211, RATIS_ADMIN=46211, RATIS_SERVER=46211, STANDALONE=40939], networkLocation: /default-rack, certSerialId: null, persistedOpState: IN_SERVICE, persistedOpStateExpiryEpochSec: 0}, ReplicationConfig: RATIS/THREE, State:ALLOCATED, leaderId:b788acd7-0bfa-48fd-ae0f-b822d5826f57, CreationTimestamp2022-11-03T05:23:09.766Z[Etc/UTC]] moved to OPEN state
2022-11-03 05:23:27,544 [b788acd7-0bfa-48fd-ae0f-b822d5826f57@group-7510FC58D10D-SegmentedRaftLogWorker] INFO  segmented.SegmentedRaftLogWorker (SegmentedRaftLogWorker.java:execute(656)) - b788acd7-0bfa-48fd-ae0f-b822d5826f57@group-7510FC58D10D-SegmentedRaftLogWorker: created new log segment /home/runner/work/ozone/ozone/hadoop-ozone/integration-test/target/test-dir/MiniOzoneClusterImpl-a947a097-fc53-45d1-b902-fe1272537128/datanode-1/data/ratis/f705f685-74fc-420a-8c30-7510fc58d10d/current/log_inprogress_0
2022-11-03 05:23:27,558 [b788acd7-0bfa-48fd-ae0f-b822d5826f57@group-7510FC58D10D-LeaderElection26] INFO  server.RaftServer$Division (ServerState.java:setRaftConf(430)) - b788acd7-0bfa-48fd-ae0f-b822d5826f57@group-7510FC58D10D: set configuration 0: peers:[b788acd7-0bfa-48fd-ae0f-b822d5826f57|rpc:10.1.1.42:42793|dataStream:|priority:1|startupRole:FOLLOWER, aafd62d6-5d37-4c95-9ffb-fecfd05fefa6|rpc:10.1.1.42:39817|dataStream:|priority:0|startupRole:FOLLOWER, fca08327-10d6-4e50-9aa0-d18fc62323ab|rpc:10.1.1.42:46211|dataStream:|priority:0|startupRole:FOLLOWER]|listeners:[], old=null
2022-11-03 05:23:27,538 [grpc-default-executor-3] INFO  leader.FollowerInfo (FollowerInfoImpl.java:lambda$new$0(48)) - 3459717f-89f3-488b-978e-7216d8acef6a@group-B5349C004512->5ddfe129-1b79-40ed-b807-03daa2e9053a: nextIndex: updateUnconditionally 0 -> 0
2022-11-03 05:23:27,568 [fca08327-10d6-4e50-9aa0-d18fc62323ab-server-thread1] INFO  ratis.XceiverServerRatis (XceiverServerRatis.java:handleLeaderChangedNotification(863)) - Leader change notification received for group: group-7510FC58D10D with new leaderId: b788acd7-0bfa-48fd-ae0f-b822d5826f57
2022-11-03 05:23:27,566 [aafd62d6-5d37-4c95-9ffb-fecfd05fefa6-server-thread1] INFO  ratis.XceiverServerRatis (XceiverServerRatis.java:handleLeaderChangedNotification(863)) - Leader change notification received for group: group-7510FC58D10D with new leaderId: b788acd7-0bfa-48fd-ae0f-b822d5826f57
2022-11-03 05:23:27,566 [Command processor thread] INFO  server.RaftServer$Division (RaftServerImpl.java:groupRemove(428)) - 3459717f-89f3-488b-978e-7216d8acef6a@group-B5349C004512: Succeed to remove RaftStorageDirectory Storage Directory /home/runner/work/ozone/ozone/hadoop-ozone/integration-test/target/test-dir/MiniOzoneClusterImpl-a947a097-fc53-45d1-b902-fe1272537128/datanode-3/data/ratis/6573f3b5-bbfa-4a8b-967b-b5349c004512
2022-11-03 05:23:27,573 [aafd62d6-5d37-4c95-9ffb-fecfd05fefa6-server-thread1] INFO  server.RaftServer$Division (ServerState.java:setLeader(313)) - aafd62d6-5d37-4c95-9ffb-fecfd05fefa6@group-7510FC58D10D: change Leader from null to b788acd7-0bfa-48fd-ae0f-b822d5826f57 at term 3 for appendEntries, leader elected after 15549ms
2022-11-03 05:23:27,573 [fca08327-10d6-4e50-9aa0-d18fc62323ab-server-thread1] INFO  server.RaftServer$Division (ServerState.java:setLeader(313)) - fca08327-10d6-4e50-9aa0-d18fc62323ab@group-7510FC58D10D: change Leader from null to b788acd7-0bfa-48fd-ae0f-b822d5826f57 at term 3 for appendEntries, leader elected after 14916ms
2022-11-03 05:23:27,573 [aafd62d6-5d37-4c95-9ffb-fecfd05fefa6-server-thread2] INFO  server.RaftServer$Division (ServerState.java:setRaftConf(430)) - aafd62d6-5d37-4c95-9ffb-fecfd05fefa6@group-7510FC58D10D: set configuration 0: peers:[b788acd7-0bfa-48fd-ae0f-b822d5826f57|rpc:10.1.1.42:42793|dataStream:|priority:1|startupRole:FOLLOWER, aafd62d6-5d37-4c95-9ffb-fecfd05fefa6|rpc:10.1.1.42:39817|dataStream:|priority:0|startupRole:FOLLOWER, fca08327-10d6-4e50-9aa0-d18fc62323ab|rpc:10.1.1.42:46211|dataStream:|priority:0|startupRole:FOLLOWER]|listeners:[], old=null
2022-11-03 05:23:27,574 [aafd62d6-5d37-4c95-9ffb-fecfd05fefa6-server-thread2] INFO  segmented.SegmentedRaftLogWorker (SegmentedRaftLogWorker.java:startLogSegment(452)) - aafd62d6-5d37-4c95-9ffb-fecfd05fefa6@group-7510FC58D10D-SegmentedRaftLogWorker: Starting segment from index:0
2022-11-03 05:23:27,576 [fca08327-10d6-4e50-9aa0-d18fc62323ab-server-thread2] INFO  server.RaftServer$Division (ServerState.java:setRaftConf(430)) - fca08327-10d6-4e50-9aa0-d18fc62323ab@group-7510FC58D10D: set configuration 0: peers:[b788acd7-0bfa-48fd-ae0f-b822d5826f57|rpc:10.1.1.42:42793|dataStream:|priority:1|startupRole:FOLLOWER, aafd62d6-5d37-4c95-9ffb-fecfd05fefa6|rpc:10.1.1.42:39817|dataStream:|priority:0|startupRole:FOLLOWER, fca08327-10d6-4e50-9aa0-d18fc62323ab|rpc:10.1.1.42:46211|dataStream:|priority:0|startupRole:FOLLOWER]|listeners:[], old=null
2022-11-03 05:23:27,576 [fca08327-10d6-4e50-9aa0-d18fc62323ab-server-thread2] INFO  segmented.SegmentedRaftLogWorker (SegmentedRaftLogWorker.java:startLogSegment(452)) - fca08327-10d6-4e50-9aa0-d18fc62323ab@group-7510FC58D10D-SegmentedRaftLogWorker: Starting segment from index:0
2022-11-03 05:23:27,576 [aafd62d6-5d37-4c95-9ffb-fecfd05fefa6@group-7510FC58D10D-SegmentedRaftLogWorker] INFO  segmented.SegmentedRaftLogWorker (SegmentedRaftLogWorker.java:execute(656)) - aafd62d6-5d37-4c95-9ffb-fecfd05fefa6@group-7510FC58D10D-SegmentedRaftLogWorker: created new log segment /home/runner/work/ozone/ozone/hadoop-ozone/integration-test/target/test-dir/MiniOzoneClusterImpl-a947a097-fc53-45d1-b902-fe1272537128/datanode-0/data/ratis/f705f685-74fc-420a-8c30-7510fc58d10d/current/log_inprogress_0
2022-11-03 05:23:27,573 [Command processor thread] INFO  commandhandler.ClosePipelineCommandHandler (ClosePipelineCommandHandler.java:handle(78)) - Close Pipeline PipelineID=6573f3b5-bbfa-4a8b-967b-b5349c004512 command on datanode 3459717f-89f3-488b-978e-7216d8acef6a.
2022-11-03 05:23:27,584 [Command processor thread] INFO  server.RaftServer (RaftServerProxy.java:remove(107)) - 3459717f-89f3-488b-978e-7216d8acef6a: remove    LEADER 3459717f-89f3-488b-978e-7216d8acef6a@group-8A90670E2F53:t2, leader=3459717f-89f3-488b-978e-7216d8acef6a, voted=3459717f-89f3-488b-978e-7216d8acef6a, raftlog=Memoized:3459717f-89f3-488b-978e-7216d8acef6a@group-8A90670E2F53-SegmentedRaftLog:OPENED:c0, conf=0: peers:[236f0899-86ef-4b9d-9b64-54b2c41e9569|rpc:10.1.1.42:45985|dataStream:|priority:1|startupRole:FOLLOWER, 3459717f-89f3-488b-978e-7216d8acef6a|rpc:10.1.1.42:37511|dataStream:|priority:0|startupRole:FOLLOWER, 5ddfe129-1b79-40ed-b807-03daa2e9053a|rpc:10.1.1.42:37873|dataStream:|priority:0|startupRole:FOLLOWER]|listeners:[], old=null RUNNING
2022-11-03 05:23:27,584 [Command processor thread] INFO  server.RaftServer$Division (RaftServerImpl.java:lambda$close$4(458)) - 3459717f-89f3-488b-978e-7216d8acef6a@group-8A90670E2F53: shutdown
2022-11-03 05:23:27,584 [Command processor thread] INFO  util.JmxRegister (JmxRegister.java:unregister(73)) - Successfully un-registered JMX Bean with object name Ratis:service=RaftServer,group=group-8A90670E2F53,id=3459717f-89f3-488b-978e-7216d8acef6a
2022-11-03 05:23:27,584 [Command processor thread] INFO  impl.RoleInfo (RoleInfo.java:shutdownLeaderState(93)) - 3459717f-89f3-488b-978e-7216d8acef6a: shutdown 3459717f-89f3-488b-978e-7216d8acef6a@group-8A90670E2F53-LeaderStateImpl
2022-11-03 05:23:27,585 [Command processor thread] INFO  impl.PendingRequests (PendingRequests.java:sendNotLeaderResponses(282)) - 3459717f-89f3-488b-978e-7216d8acef6a@group-8A90670E2F53-PendingRequests: sendNotLeaderResponses
2022-11-03 05:23:27,585 [3459717f-89f3-488b-978e-7216d8acef6a@group-8A90670E2F53->5ddfe129-1b79-40ed-b807-03daa2e9053a-GrpcLogAppender-LogAppenderDaemon] WARN  server.GrpcLogAppender (GrpcLogAppender.java:mayWait(200)) - 3459717f-89f3-488b-978e-7216d8acef6a@group-8A90670E2F53->5ddfe129-1b79-40ed-b807-03daa2e9053a-GrpcLogAppender: Wait interrupted by java.lang.InterruptedException
2022-11-03 05:23:27,585 [Command processor thread] INFO  impl.StateMachineUpdater (StateMachineUpdater.java:stopAndJoin(153)) - 3459717f-89f3-488b-978e-7216d8acef6a@group-8A90670E2F53-StateMachineUpdater: set stopIndex = 0
2022-11-03 05:23:27,585 [3459717f-89f3-488b-978e-7216d8acef6a@group-8A90670E2F53-StateMachineUpdater] INFO  ratis.ContainerStateMachine (ContainerStateMachine.java:takeSnapshot(304)) - group-8A90670E2F53: Taking a snapshot at:(t:2, i:0) file /home/runner/work/ozone/ozone/hadoop-ozone/integration-test/target/test-dir/MiniOzoneClusterImpl-a947a097-fc53-45d1-b902-fe1272537128/datanode-3/data/ratis/6712345d-f63f-4731-a5e0-8a90670e2f53/sm/snapshot.2_0
2022-11-03 05:23:27,586 [3459717f-89f3-488b-978e-7216d8acef6a@group-8A90670E2F53-StateMachineUpdater] INFO  ratis.ContainerStateMachine (ContainerStateMachine.java:takeSnapshot(315)) - group-8A90670E2F53: Finished taking a snapshot at:(t:2, i:0) file:/home/runner/work/ozone/ozone/hadoop-ozone/integration-test/target/test-dir/MiniOzoneClusterImpl-a947a097-fc53-45d1-b902-fe1272537128/datanode-3/data/ratis/6712345d-f63f-4731-a5e0-8a90670e2f53/sm/snapshot.2_0 took: 1 ms
2022-11-03 05:23:27,586 [3459717f-89f3-488b-978e-7216d8acef6a@group-8A90670E2F53-StateMachineUpdater] INFO  impl.StateMachineUpdater (StateMachineUpdater.java:takeSnapshot(287)) - 3459717f-89f3-488b-978e-7216d8acef6a@group-8A90670E2F53-StateMachineUpdater: Took a snapshot at index 0
2022-11-03 05:23:27,586 [3459717f-89f3-488b-978e-7216d8acef6a@group-8A90670E2F53-StateMachineUpdater] INFO  impl.StateMachineUpdater (StateMachineUpdater.java:lambda$new$0(92)) - 3459717f-89f3-488b-978e-7216d8acef6a@group-8A90670E2F53-StateMachineUpdater: snapshotIndex: updateIncreasingly -1 -> 0
2022-11-03 05:23:27,586 [grpc-default-executor-3] INFO  server.GrpcServerProtocolService (GrpcServerProtocolService.java:onCompleted(145)) - 5ddfe129-1b79-40ed-b807-03daa2e9053a: Completed APPEND_ENTRIES, lastRequest: null
2022-11-03 05:23:27,587 [fca08327-10d6-4e50-9aa0-d18fc62323ab@group-7510FC58D10D-SegmentedRaftLogWorker] INFO  segmented.SegmentedRaftLogWorker (SegmentedRaftLogWorker.java:execute(656)) - fca08327-10d6-4e50-9aa0-d18fc62323ab@group-7510FC58D10D-SegmentedRaftLogWorker: created new log segment /home/runner/work/ozone/ozone/hadoop-ozone/integration-test/target/test-dir/MiniOzoneClusterImpl-a947a097-fc53-45d1-b902-fe1272537128/datanode-2/data/ratis/f705f685-74fc-420a-8c30-7510fc58d10d/current/log_inprogress_0
2022-11-03 05:23:27,589 [grpc-default-executor-0] INFO  server.GrpcServerProtocolService (GrpcServerProtocolService.java:onCompleted(145)) - 5ddfe129-1b79-40ed-b807-03daa2e9053a: Completed APPEND_ENTRIES, lastRequest: 3459717f-89f3-488b-978e-7216d8acef6a->5ddfe129-1b79-40ed-b807-03daa2e9053a#1-t2,previous=(t:0, i:0),leaderCommit=0,initializing? true,entries: size=1, first=(t:2, i:0), CONFIGURATIONENTRY(current:id: "236f0899-86ef-4b9d-9b64-54b2c41e9569"
address: "10.1.1.42:45985"
priority: 1
clientAddress: "10.1.1.42:45985"
adminAddress: "10.1.1.42:45985"
startupRole: FOLLOWER
,id: "3459717f-89f3-488b-978e-7216d8acef6a"
address: "10.1.1.42:37511"
clientAddress: "10.1.1.42:37511"
adminAddress: "10.1.1.42:37511"
startupRole: FOLLOWER
,id: "5ddfe129-1b79-40ed-b807-03daa2e9053a"
address: "10.1.1.42:37873"
clientAddress: "10.1.1.42:37873"
adminAddress: "10.1.1.42:37873"
startupRole: FOLLOWER
, old:)
2022-11-03 05:23:27,591 [grpc-default-executor-2] INFO  server.GrpcLogAppender (GrpcLogAppender.java:onCompleted(415)) - 3459717f-89f3-488b-978e-7216d8acef6a@group-8A90670E2F53->5ddfe129-1b79-40ed-b807-03daa2e9053a-AppendLogResponseHandler: follower responses appendEntries COMPLETED
2022-11-03 05:23:27,591 [grpc-default-executor-2] INFO  leader.FollowerInfo (FollowerInfoImpl.java:lambda$new$0(48)) - 3459717f-89f3-488b-978e-7216d8acef6a@group-8A90670E2F53->5ddfe129-1b79-40ed-b807-03daa2e9053a: nextIndex: updateUnconditionally 1 -> 0
2022-11-03 05:23:27,591 [grpc-default-executor-3] INFO  server.GrpcLogAppender (GrpcLogAppender.java:onCompleted(415)) - 3459717f-89f3-488b-978e-7216d8acef6a@group-8A90670E2F53->5ddfe129-1b79-40ed-b807-03daa2e9053a-AppendLogResponseHandler: follower responses appendEntries COMPLETED
2022-11-03 05:23:27,591 [grpc-default-executor-3] INFO  leader.FollowerInfo (FollowerInfoImpl.java:lambda$new$0(48)) - 3459717f-89f3-488b-978e-7216d8acef6a@group-8A90670E2F53->5ddfe129-1b79-40ed-b807-03daa2e9053a: nextIndex: updateUnconditionally 0 -> 0
2022-11-03 05:23:27,593 [Command processor thread] INFO  server.RaftServer$Division (ServerState.java:close(466)) - 3459717f-89f3-488b-978e-7216d8acef6a@group-8A90670E2F53: closes. applyIndex: 0
2022-11-03 05:23:27,593 [3459717f-89f3-488b-978e-7216d8acef6a@group-8A90670E2F53-SegmentedRaftLogWorker] INFO  segmented.SegmentedRaftLogWorker (SegmentedRaftLogWorker.java:run(345)) - 3459717f-89f3-488b-978e-7216d8acef6a@group-8A90670E2F53-SegmentedRaftLogWorker was interrupted, exiting. There are 0 tasks remaining in the queue.
2022-11-03 05:23:27,596 [Command processor thread] INFO  segmented.SegmentedRaftLogWorker (SegmentedRaftLogWorker.java:close(255)) - 3459717f-89f3-488b-978e-7216d8acef6a@group-8A90670E2F53-SegmentedRaftLogWorker close()
2022-11-03 05:23:27,598 [Command processor thread] INFO  server.RaftServer$Division (RaftServerImpl.java:groupRemove(428)) - 3459717f-89f3-488b-978e-7216d8acef6a@group-8A90670E2F53: Succeed to remove RaftStorageDirectory Storage Directory /home/runner/work/ozone/ozone/hadoop-ozone/integration-test/target/test-dir/MiniOzoneClusterImpl-a947a097-fc53-45d1-b902-fe1272537128/datanode-3/data/ratis/6712345d-f63f-4731-a5e0-8a90670e2f53
2022-11-03 05:23:27,599 [Command processor thread] INFO  commandhandler.ClosePipelineCommandHandler (ClosePipelineCommandHandler.java:handle(78)) - Close Pipeline PipelineID=6712345d-f63f-4731-a5e0-8a90670e2f53 command on datanode 3459717f-89f3-488b-978e-7216d8acef6a.
2022-11-03 05:23:55,466 [Under Replicated Processor] INFO  replication.UnderReplicatedProcessor (UnderReplicatedProcessor.java:processAll(92)) - Processed 0 under replicated containers, failed processing 0
2022-11-03 05:23:55,473 [Over Replicated Processor] INFO  replication.OverReplicatedProcessor (OverReplicatedProcessor.java:processAll(90)) - Processed 0 over replicated containers, failed processing 0
2022-11-03 05:24:25,466 [Under Replicated Processor] INFO  replication.UnderReplicatedProcessor (UnderReplicatedProcessor.java:processAll(92)) - Processed 0 under replicated containers, failed processing 0
2022-11-03 05:24:25,473 [Over Replicated Processor] INFO  replication.OverReplicatedProcessor (OverReplicatedProcessor.java:processAll(90)) - Processed 0 over replicated containers, failed processing 0
2022-11-03 05:24:55,467 [Under Replicated Processor] INFO  replication.UnderReplicatedProcessor (UnderReplicatedProcessor.java:processAll(92)) - Processed 0 under replicated containers, failed processing 0
2022-11-03 05:24:55,473 [Over Replicated Processor] INFO  replication.OverReplicatedProcessor (OverReplicatedProcessor.java:processAll(90)) - Processed 0 over replicated containers, failed processing 0
]]></system-out>
  </testcase>
</testsuite>