<?xml version="1.0" encoding="UTF-8"?>
<testsuite xmlns:xsi="http://www.w3.org/2001/XMLSchema-instance" xsi:noNamespaceSchemaLocation="https://maven.apache.org/surefire/maven-surefire-plugin/xsd/surefire-test-report-3.0.xsd" version="3.0" name="org.apache.hadoop.fs.ozone.TestDirectoryDeletingServiceWithFSO" time="50.89" tests="4" errors="0" skipped="0" failures="1">
  <properties>
    <property name="awt.toolkit" value="sun.awt.X11.XToolkit"/>
    <property name="file.encoding.pkg" value="sun.io"/>
    <property name="java.specification.version" value="1.8"/>
    <property name="sun.cpu.isalist" value=""/>
    <property name="sun.jnu.encoding" value="UTF-8"/>
    <property name="java.class.path" value="/home/runner/work/ozone/ozone/hadoop-ozone/integration-test/target/test-classes:/home/runner/work/ozone/ozone/hadoop-ozone/integration-test/target/classes:/home/runner/.m2/repository/org/apache/ozone/ozone-common/1.3.0-SNAPSHOT/ozone-common-1.3.0-SNAPSHOT.jar:/home/runner/.m2/repository/io/grpc/grpc-netty/1.48.1/grpc-netty-1.48.1.jar:/home/runner/.m2/repository/io/grpc/grpc-core/1.48.1/grpc-core-1.48.1.jar:/home/runner/.m2/repository/com/google/android/annotations/4.1.1.4/annotations-4.1.1.4.jar:/home/runner/.m2/repository/org/codehaus/mojo/animal-sniffer-annotations/1.21/animal-sniffer-annotations-1.21.jar:/home/runner/.m2/repository/com/google/errorprone/error_prone_annotations/2.2.0/error_prone_annotations-2.2.0.jar:/home/runner/.m2/repository/io/perfmark/perfmark-api/0.25.0/perfmark-api-0.25.0.jar:/home/runner/.m2/repository/io/netty/netty-codec-http2/4.1.79.Final/netty-codec-http2-4.1.79.Final.jar:/home/runner/.m2/repository/io/netty/netty-common/4.1.79.Final/netty-common-4.1.79.Final.jar:/home/runner/.m2/repository/io/netty/netty-buffer/4.1.79.Final/netty-buffer-4.1.79.Final.jar:/home/runner/.m2/repository/io/netty/netty-codec-http/4.1.79.Final/netty-codec-http-4.1.79.Final.jar:/home/runner/.m2/repository/io/netty/netty-handler-proxy/4.1.79.Final/netty-handler-proxy-4.1.79.Final.jar:/home/runner/.m2/repository/io/netty/netty-codec-socks/4.1.79.Final/netty-codec-socks-4.1.79.Final.jar:/home/runner/.m2/repository/io/netty/netty-tcnative-boringssl-static/2.0.53.Final/netty-tcnative-boringssl-static-2.0.53.Final.jar:/home/runner/.m2/repository/io/netty/netty-tcnative-classes/2.0.53.Final/netty-tcnative-classes-2.0.53.Final.jar:/home/runner/.m2/repository/io/netty/netty-tcnative-boringssl-static/2.0.53.Final/netty-tcnative-boringssl-static-2.0.53.Final-linux-x86_64.jar:/home/runner/.m2/repository/io/netty/netty-tcnative-boringssl-static/2.0.53.Final/netty-tcnative-boringssl-static-2.0.53.Final-linux-aarch_64.jar:/home/runner/.m2/repository/io/netty/netty-tcnative-boringssl-static/2.0.53.Final/netty-tcnative-boringssl-static-2.0.53.Final-osx-x86_64.jar:/home/runner/.m2/repository/io/netty/netty-tcnative-boringssl-static/2.0.53.Final/netty-tcnative-boringssl-static-2.0.53.Final-osx-aarch_64.jar:/home/runner/.m2/repository/io/netty/netty-tcnative-boringssl-static/2.0.53.Final/netty-tcnative-boringssl-static-2.0.53.Final-windows-x86_64.jar:/home/runner/.m2/repository/org/apache/commons/commons-compress/1.21/commons-compress-1.21.jar:/home/runner/.m2/repository/org/apache/ozone/hdds-common/1.3.0-SNAPSHOT/hdds-common-1.3.0-SNAPSHOT.jar:/home/runner/.m2/repository/org/apache/ozone/hdds-client/1.3.0-SNAPSHOT/hdds-client-1.3.0-SNAPSHOT.jar:/home/runner/.m2/repository/org/apache/ozone/ozone-interface-client/1.3.0-SNAPSHOT/ozone-interface-client-1.3.0-SNAPSHOT.jar:/home/runner/.m2/repository/org/apache/ozone/hdds-test-utils/1.3.0-SNAPSHOT/hdds-test-utils-1.3.0-SNAPSHOT.jar:/home/runner/.m2/repository/com/google/guava/guava/31.1-jre/guava-31.1-jre.jar:/home/runner/.m2/repository/com/google/guava/failureaccess/1.0.1/failureaccess-1.0.1.jar:/home/runner/.m2/repository/com/google/guava/listenablefuture/9999.0-empty-to-avoid-conflict-with-guava/listenablefuture-9999.0-empty-to-avoid-conflict-with-guava.jar:/home/runner/.m2/repository/com/google/code/findbugs/jsr305/3.0.0/jsr305-3.0.0.jar:/home/runner/.m2/repository/org/checkerframework/checker-qual/3.12.0/checker-qual-3.12.0.jar:/home/runner/.m2/repository/com/google/j2objc/j2objc-annotations/1.3/j2objc-annotations-1.3.jar:/home/runner/.m2/repository/commons-io/commons-io/2.11.0/commons-io-2.11.0.jar:/home/runner/.m2/repository/commons-logging/commons-logging/1.2/commons-logging-1.2.jar:/home/runner/.m2/repository/log4j/log4j/1.2.17/log4j-1.2.17.jar:/home/runner/.m2/repository/org/slf4j/slf4j-api/1.7.30/slf4j-api-1.7.30.jar:/home/runner/.m2/repository/org/apache/ozone/hdds-server-scm/1.3.0-SNAPSHOT/hdds-server-scm-1.3.0-SNAPSHOT.jar:/home/runner/.m2/repository/org/apache/ozone/hdds-container-service/1.3.0-SNAPSHOT/hdds-container-service-1.3.0-SNAPSHOT.jar:/home/runner/.m2/repository/org/apache/ozone/hdds-hadoop-dependency-server/1.3.0-SNAPSHOT/hdds-hadoop-dependency-server-1.3.0-SNAPSHOT.jar:/home/runner/.m2/repository/org/apache/hadoop/hadoop-hdfs/3.3.1/hadoop-hdfs-3.3.1.jar:/home/runner/.m2/repository/org/apache/ozone/hdds-server-framework/1.3.0-SNAPSHOT/hdds-server-framework-1.3.0-SNAPSHOT.jar:/home/runner/.m2/repository/org/apache/ozone/hdds-interface-server/1.3.0-SNAPSHOT/hdds-interface-server-1.3.0-SNAPSHOT.jar:/home/runner/.m2/repository/org/apache/logging/log4j/log4j-core/2.17.1/log4j-core-2.17.1.jar:/home/runner/.m2/repository/com/lmax/disruptor/3.4.2/disruptor-3.4.2.jar:/home/runner/.m2/repository/org/eclipse/jetty/jetty-servlet/9.4.43.v20210629/jetty-servlet-9.4.43.v20210629.jar:/home/runner/.m2/repository/org/eclipse/jetty/jetty-security/9.4.43.v20210629/jetty-security-9.4.43.v20210629.jar:/home/runner/.m2/repository/org/rocksdb/rocksdbjni/7.4.5/rocksdbjni-7.4.5.jar:/home/runner/.m2/repository/io/prometheus/simpleclient_dropwizard/0.7.0/simpleclient_dropwizard-0.7.0.jar:/home/runner/.m2/repository/io/prometheus/simpleclient/0.7.0/simpleclient-0.7.0.jar:/home/runner/.m2/repository/io/prometheus/simpleclient_common/0.7.0/simpleclient_common-0.7.0.jar:/home/runner/.m2/repository/io/dropwizard/metrics/metrics-core/3.2.4/metrics-core-3.2.4.jar:/home/runner/.m2/repository/org/apache/hadoop/hadoop-hdfs-client/3.3.1/hadoop-hdfs-client-3.3.1.jar:/home/runner/.m2/repository/org/bouncycastle/bcprov-jdk15on/1.67/bcprov-jdk15on-1.67.jar:/home/runner/.m2/repository/com/google/protobuf/protobuf-java/2.5.0/protobuf-java-2.5.0.jar:/home/runner/.m2/repository/org/apache/ozone/ozone-manager/1.3.0-SNAPSHOT/ozone-manager-1.3.0-SNAPSHOT.jar:/home/runner/.m2/repository/org/aspectj/aspectjrt/1.9.7/aspectjrt-1.9.7.jar:/home/runner/.m2/repository/org/aspectj/aspectjweaver/1.9.7/aspectjweaver-1.9.7.jar:/home/runner/.m2/repository/org/apache/ozone/hdds-interface-client/1.3.0-SNAPSHOT/hdds-interface-client-1.3.0-SNAPSHOT.jar:/home/runner/.m2/repository/org/apache/hadoop/thirdparty/hadoop-shaded-protobuf_3_7/1.1.1/hadoop-shaded-protobuf_3_7-1.1.1.jar:/home/runner/.m2/repository/org/apache/ozone/ozone-interface-storage/1.3.0-SNAPSHOT/ozone-interface-storage-1.3.0-SNAPSHOT.jar:/home/runner/.m2/repository/org/reflections/reflections/0.9.11/reflections-0.9.11.jar:/home/runner/.m2/repository/com/sun/jersey/jersey-client/1.19/jersey-client-1.19.jar:/home/runner/.m2/repository/org/apache/ranger/ranger-intg/2.3.0/ranger-intg-2.3.0.jar:/home/runner/.m2/repository/org/apache/ranger/ranger-plugins-common/2.3.0/ranger-plugins-common-2.3.0.jar:/home/runner/.m2/repository/commons-lang/commons-lang/2.6/commons-lang-2.6.jar:/home/runner/.m2/repository/org/codehaus/jackson/jackson-jaxrs/1.9.13/jackson-jaxrs-1.9.13.jar:/home/runner/.m2/repository/org/apache/ranger/ranger-plugins-cred/2.3.0/ranger-plugins-cred-2.3.0.jar:/home/runner/.m2/repository/org/apache/ranger/ranger-plugins-audit/2.3.0/ranger-plugins-audit-2.3.0.jar:/home/runner/.m2/repository/org/eclipse/jetty/jetty-client/9.4.31.v20200723/jetty-client-9.4.31.v20200723.jar:/home/runner/.m2/repository/org/apache/httpcomponents/httpmime/4.5.6/httpmime-4.5.6.jar:/home/runner/.m2/repository/org/apache/httpcomponents/httpcore-nio/4.4.6/httpcore-nio-4.4.6.jar:/home/runner/.m2/repository/org/apache/httpcomponents/httpasyncclient/4.1.3/httpasyncclient-4.1.3.jar:/home/runner/.m2/repository/com/carrotsearch/hppc/0.8.0/hppc-0.8.0.jar:/home/runner/.m2/repository/org/apache/orc/orc-core/1.5.8/orc-core-1.5.8.jar:/home/runner/.m2/repository/net/java/dev/jna/jna/5.2.0/jna-5.2.0.jar:/home/runner/.m2/repository/net/java/dev/jna/jna-platform/5.2.0/jna-platform-5.2.0.jar:/home/runner/.m2/repository/com/kstruct/gethostname4j/0.0.2/gethostname4j-0.0.2.jar:/home/runner/.m2/repository/org/apache/ranger/ranger-plugin-classloader/2.3.0/ranger-plugin-classloader-2.3.0.jar:/home/runner/.m2/repository/org/apache/hadoop/hadoop-minikdc/3.3.1/hadoop-minikdc-3.3.1.jar:/home/runner/.m2/repository/org/apache/kerby/kerb-simplekdc/1.0.1/kerb-simplekdc-1.0.1.jar:/home/runner/.m2/repository/org/apache/kerby/kerb-client/1.0.1/kerb-client-1.0.1.jar:/home/runner/.m2/repository/org/apache/kerby/kerby-config/1.0.1/kerby-config-1.0.1.jar:/home/runner/.m2/repository/org/apache/kerby/kerb-common/1.0.1/kerb-common-1.0.1.jar:/home/runner/.m2/repository/org/apache/kerby/kerb-crypto/1.0.1/kerb-crypto-1.0.1.jar:/home/runner/.m2/repository/org/apache/kerby/kerb-util/1.0.1/kerb-util-1.0.1.jar:/home/runner/.m2/repository/org/apache/kerby/token-provider/1.0.1/token-provider-1.0.1.jar:/home/runner/.m2/repository/org/apache/kerby/kerb-admin/1.0.1/kerb-admin-1.0.1.jar:/home/runner/.m2/repository/org/apache/kerby/kerb-server/1.0.1/kerb-server-1.0.1.jar:/home/runner/.m2/repository/org/apache/kerby/kerb-identity/1.0.1/kerb-identity-1.0.1.jar:/home/runner/.m2/repository/org/apache/kerby/kerby-xdr/1.0.1/kerby-xdr-1.0.1.jar:/home/runner/.m2/repository/org/slf4j/slf4j-log4j12/1.7.30/slf4j-log4j12-1.7.30.jar:/home/runner/.m2/repository/org/apache/ozone/ozone-s3gateway/1.3.0-SNAPSHOT/ozone-s3gateway-1.3.0-SNAPSHOT.jar:/home/runner/.m2/repository/org/javassist/javassist/3.21.0-GA/javassist-3.21.0-GA.jar:/home/runner/.m2/repository/org/jboss/weld/servlet/weld-servlet/2.4.7.Final/weld-servlet-2.4.7.Final.jar:/home/runner/.m2/repository/org/glassfish/jersey/containers/jersey-container-servlet-core/2.34/jersey-container-servlet-core-2.34.jar:/home/runner/.m2/repository/org/glassfish/hk2/external/jakarta.inject/2.6.1/jakarta.inject-2.6.1.jar:/home/runner/.m2/repository/org/glassfish/jersey/core/jersey-common/2.34/jersey-common-2.34.jar:/home/runner/.m2/repository/jakarta/ws/rs/jakarta.ws.rs-api/2.1.6/jakarta.ws.rs-api-2.1.6.jar:/home/runner/.m2/repository/org/glassfish/jersey/ext/cdi/jersey-cdi1x/2.34/jersey-cdi1x-2.34.jar:/home/runner/.m2/repository/org/glassfish/jersey/inject/jersey-hk2/2.34/jersey-hk2-2.34.jar:/home/runner/.m2/repository/org/glassfish/hk2/hk2-locator/2.6.1/hk2-locator-2.6.1.jar:/home/runner/.m2/repository/org/glassfish/jersey/media/jersey-media-jaxb/2.34/jersey-media-jaxb-2.34.jar:/home/runner/.m2/repository/org/glassfish/hk2/osgi-resource-locator/1.0.3/osgi-resource-locator-1.0.3.jar:/home/runner/.m2/repository/org/glassfish/hk2/hk2-api/2.5.0/hk2-api-2.5.0.jar:/home/runner/.m2/repository/org/glassfish/hk2/hk2-utils/2.5.0/hk2-utils-2.5.0.jar:/home/runner/.m2/repository/org/glassfish/hk2/external/aopalliance-repackaged/2.5.0/aopalliance-repackaged-2.5.0.jar:/home/runner/.m2/repository/com/fasterxml/jackson/dataformat/jackson-dataformat-xml/2.13.2/jackson-dataformat-xml-2.13.2.jar:/home/runner/.m2/repository/com/fasterxml/jackson/core/jackson-core/2.13.2/jackson-core-2.13.2.jar:/home/runner/.m2/repository/org/codehaus/woodstox/stax2-api/3.1.4/stax2-api-3.1.4.jar:/home/runner/.m2/repository/com/fasterxml/woodstox/woodstox-core/5.0.3/woodstox-core-5.0.3.jar:/home/runner/.m2/repository/com/fasterxml/jackson/module/jackson-module-jaxb-annotations/2.13.2/jackson-module-jaxb-annotations-2.13.2.jar:/home/runner/.m2/repository/jakarta/xml/bind/jakarta.xml.bind-api/2.3.3/jakarta.xml.bind-api-2.3.3.jar:/home/runner/.m2/repository/jakarta/activation/jakarta.activation-api/1.2.1/jakarta.activation-api-1.2.1.jar:/home/runner/.m2/repository/javax/enterprise/cdi-api/1.2/cdi-api-1.2.jar:/home/runner/.m2/repository/javax/el/javax.el-api/3.0.0/javax.el-api-3.0.0.jar:/home/runner/.m2/repository/javax/interceptor/javax.interceptor-api/1.2/javax.interceptor-api-1.2.jar:/home/runner/.m2/repository/javax/inject/javax.inject/1/javax.inject-1.jar:/home/runner/.m2/repository/javax/xml/bind/jaxb-api/2.3.0/jaxb-api-2.3.0.jar:/home/runner/.m2/repository/org/glassfish/jaxb/jaxb-runtime/2.3.0.1/jaxb-runtime-2.3.0.1.jar:/home/runner/.m2/repository/org/glassfish/jaxb/jaxb-core/2.3.0.1/jaxb-core-2.3.0.1.jar:/home/runner/.m2/repository/org/glassfish/jaxb/txw2/2.3.0.1/txw2-2.3.0.1.jar:/home/runner/.m2/repository/com/sun/istack/istack-commons-runtime/3.0.5/istack-commons-runtime-3.0.5.jar:/home/runner/.m2/repository/org/jvnet/staxex/stax-ex/1.7.8/stax-ex-1.7.8.jar:/home/runner/.m2/repository/com/sun/xml/fastinfoset/FastInfoset/1.2.13/FastInfoset-1.2.13.jar:/home/runner/.m2/repository/javax/activation/activation/1.1.1/activation-1.1.1.jar:/home/runner/.m2/repository/io/grpc/grpc-protobuf/1.48.1/grpc-protobuf-1.48.1.jar:/home/runner/.m2/repository/io/grpc/grpc-api/1.48.1/grpc-api-1.48.1.jar:/home/runner/.m2/repository/io/grpc/grpc-context/1.48.1/grpc-context-1.48.1.jar:/home/runner/.m2/repository/com/google/api/grpc/proto-google-common-protos/2.9.0/proto-google-common-protos-2.9.0.jar:/home/runner/.m2/repository/io/grpc/grpc-protobuf-lite/1.48.1/grpc-protobuf-lite-1.48.1.jar:/home/runner/.m2/repository/io/grpc/grpc-stub/1.48.1/grpc-stub-1.48.1.jar:/home/runner/.m2/repository/io/netty/netty-transport/4.1.79.Final/netty-transport-4.1.79.Final.jar:/home/runner/.m2/repository/io/netty/netty-resolver/4.1.79.Final/netty-resolver-4.1.79.Final.jar:/home/runner/.m2/repository/org/apache/ozone/ozone-csi/1.3.0-SNAPSHOT/ozone-csi-1.3.0-SNAPSHOT.jar:/home/runner/.m2/repository/com/google/protobuf/protobuf-java-util/3.19.2/protobuf-java-util-3.19.2.jar:/home/runner/.m2/repository/com/google/code/gson/gson/2.9.0/gson-2.9.0.jar:/home/runner/.m2/repository/org/apache/ozone/hdds-config/1.3.0-SNAPSHOT/hdds-config-1.3.0-SNAPSHOT.jar:/home/runner/.m2/repository/io/netty/netty-transport-native-epoll/4.1.79.Final/netty-transport-native-epoll-4.1.79.Final-linux-x86_64.jar:/home/runner/.m2/repository/io/netty/netty-transport-classes-epoll/4.1.79.Final/netty-transport-classes-epoll-4.1.79.Final.jar:/home/runner/.m2/repository/io/netty/netty-transport-native-unix-common/4.1.79.Final/netty-transport-native-unix-common-4.1.79.Final.jar:/home/runner/.m2/repository/org/apache/ozone/ozone-recon/1.3.0-SNAPSHOT/ozone-recon-1.3.0-SNAPSHOT.jar:/home/runner/.m2/repository/org/apache/ozone/ozone-reconcodegen/1.3.0-SNAPSHOT/ozone-reconcodegen-1.3.0-SNAPSHOT.jar:/home/runner/.m2/repository/com/google/inject/extensions/guice-multibindings/4.0/guice-multibindings-4.0.jar:/home/runner/.m2/repository/com/google/inject/guice/4.0/guice-4.0.jar:/home/runner/.m2/repository/aopalliance/aopalliance/1.0/aopalliance-1.0.jar:/home/runner/.m2/repository/com/google/inject/extensions/guice-assistedinject/4.0/guice-assistedinject-4.0.jar:/home/runner/.m2/repository/com/google/inject/extensions/guice-servlet/4.0/guice-servlet-4.0.jar:/home/runner/.m2/repository/org/glassfish/jersey/containers/jersey-container-servlet/2.34/jersey-container-servlet-2.34.jar:/home/runner/.m2/repository/org/glassfish/hk2/guice-bridge/2.5.0/guice-bridge-2.5.0.jar:/home/runner/.m2/repository/org/glassfish/jersey/core/jersey-server/2.34/jersey-server-2.34.jar:/home/runner/.m2/repository/org/glassfish/jersey/core/jersey-client/2.34/jersey-client-2.34.jar:/home/runner/.m2/repository/jakarta/annotation/jakarta.annotation-api/1.3.5/jakarta.annotation-api-1.3.5.jar:/home/runner/.m2/repository/jakarta/validation/jakarta.validation-api/2.0.2/jakarta.validation-api-2.0.2.jar:/home/runner/.m2/repository/org/glassfish/jersey/media/jersey-media-json-jackson/2.34/jersey-media-json-jackson-2.34.jar:/home/runner/.m2/repository/org/glassfish/jersey/ext/jersey-entity-filtering/2.34/jersey-entity-filtering-2.34.jar:/home/runner/.m2/repository/org/jooq/jooq/3.11.10/jooq-3.11.10.jar:/home/runner/.m2/repository/org/jooq/jooq-meta/3.11.10/jooq-meta-3.11.10.jar:/home/runner/.m2/repository/org/jooq/jooq-codegen/3.11.10/jooq-codegen-3.11.10.jar:/home/runner/.m2/repository/com/jolbox/bonecp/0.8.0.RELEASE/bonecp-0.8.0.RELEASE.jar:/home/runner/.m2/repository/org/apache/derby/derby/10.14.2.0/derby-10.14.2.0.jar:/home/runner/.m2/repository/org/xerial/sqlite-jdbc/3.25.2/sqlite-jdbc-3.25.2.jar:/home/runner/.m2/repository/org/springframework/spring-jdbc/5.2.20.RELEASE/spring-jdbc-5.2.20.RELEASE.jar:/home/runner/.m2/repository/org/springframework/spring-beans/5.2.20.RELEASE/spring-beans-5.2.20.RELEASE.jar:/home/runner/.m2/repository/org/springframework/spring-core/5.2.20.RELEASE/spring-core-5.2.20.RELEASE.jar:/home/runner/.m2/repository/org/springframework/spring-jcl/5.2.20.RELEASE/spring-jcl-5.2.20.RELEASE.jar:/home/runner/.m2/repository/org/springframework/spring-tx/5.2.20.RELEASE/spring-tx-5.2.20.RELEASE.jar:/home/runner/.m2/repository/org/apache/ozone/ozone-client/1.3.0-SNAPSHOT/ozone-client-1.3.0-SNAPSHOT.jar:/home/runner/.m2/repository/org/apache/ozone/hdds-erasurecode/1.3.0-SNAPSHOT/hdds-erasurecode-1.3.0-SNAPSHOT.jar:/home/runner/.m2/repository/com/github/spotbugs/spotbugs-annotations/3.1.12/spotbugs-annotations-3.1.12.jar:/home/runner/.m2/repository/org/apache/ozone/ozone-filesystem/1.3.0-SNAPSHOT/ozone-filesystem-1.3.0-SNAPSHOT.jar:/home/runner/.m2/repository/org/apache/ozone/ozone-filesystem-common/1.3.0-SNAPSHOT/ozone-filesystem-common-1.3.0-SNAPSHOT.jar:/home/runner/.m2/repository/org/apache/ozone/ozone-tools/1.3.0-SNAPSHOT/ozone-tools-1.3.0-SNAPSHOT.jar:/home/runner/.m2/repository/org/apache/ratis/ratis-tools/2.3.0/ratis-tools-2.3.0.jar:/home/runner/.m2/repository/com/amazonaws/aws-java-sdk-core/1.12.261/aws-java-sdk-core-1.12.261.jar:/home/runner/.m2/repository/org/apache/httpcomponents/httpclient/4.5.13/httpclient-4.5.13.jar:/home/runner/.m2/repository/org/apache/httpcomponents/httpcore/4.4.13/httpcore-4.4.13.jar:/home/runner/.m2/repository/software/amazon/ion/ion-java/1.0.2/ion-java-1.0.2.jar:/home/runner/.m2/repository/com/fasterxml/jackson/dataformat/jackson-dataformat-cbor/2.13.2/jackson-dataformat-cbor-2.13.2.jar:/home/runner/.m2/repository/joda-time/joda-time/2.8.1/joda-time-2.8.1.jar:/home/runner/.m2/repository/com/amazonaws/aws-java-sdk-s3/1.12.261/aws-java-sdk-s3-1.12.261.jar:/home/runner/.m2/repository/com/amazonaws/aws-java-sdk-kms/1.12.261/aws-java-sdk-kms-1.12.261.jar:/home/runner/.m2/repository/com/amazonaws/jmespath-java/1.12.261/jmespath-java-1.12.261.jar:/home/runner/.m2/repository/org/kohsuke/metainf-services/metainf-services/1.8/metainf-services-1.8.jar:/home/runner/.m2/repository/org/apache/ozone/hdds-tools/1.3.0-SNAPSHOT/hdds-tools-1.3.0-SNAPSHOT.jar:/home/runner/.m2/repository/commons-cli/commons-cli/1.2/commons-cli-1.2.jar:/home/runner/.m2/repository/org/apache/commons/commons-lang3/3.7/commons-lang3-3.7.jar:/home/runner/.m2/repository/org/apache/ozone/ozone-manager/1.3.0-SNAPSHOT/ozone-manager-1.3.0-SNAPSHOT-tests.jar:/home/runner/.m2/repository/org/apache/ozone/hdds-common/1.3.0-SNAPSHOT/hdds-common-1.3.0-SNAPSHOT-tests.jar:/home/runner/.m2/repository/org/apache/ozone/hdds-hadoop-dependency-client/1.3.0-SNAPSHOT/hdds-hadoop-dependency-client-1.3.0-SNAPSHOT.jar:/home/runner/.m2/repository/info/picocli/picocli/4.6.1/picocli-4.6.1.jar:/home/runner/.m2/repository/com/fasterxml/jackson/core/jackson-annotations/2.13.2/jackson-annotations-2.13.2.jar:/home/runner/.m2/repository/com/fasterxml/jackson/datatype/jackson-datatype-jsr310/2.13.2/jackson-datatype-jsr310-2.13.2.jar:/home/runner/.m2/repository/org/apache/ozone/hdds-annotation-processing/1.3.0-SNAPSHOT/hdds-annotation-processing-1.3.0-SNAPSHOT.jar:/home/runner/.m2/repository/javax/annotation/javax.annotation-api/1.2/javax.annotation-api-1.2.jar:/home/runner/.m2/repository/org/apache/ratis/ratis-server/2.3.0/ratis-server-2.3.0.jar:/home/runner/.m2/repository/org/apache/ratis/ratis-client/2.3.0/ratis-client-2.3.0.jar:/home/runner/.m2/repository/org/apache/ratis/ratis-server-api/2.3.0/ratis-server-api-2.3.0.jar:/home/runner/.m2/repository/org/apache/ratis/ratis-metrics/2.3.0/ratis-metrics-2.3.0.jar:/home/runner/.m2/repository/org/apache/ratis/ratis-netty/2.3.0/ratis-netty-2.3.0.jar:/home/runner/.m2/repository/org/apache/ratis/ratis-grpc/2.3.0/ratis-grpc-2.3.0.jar:/home/runner/.m2/repository/org/apache/logging/log4j/log4j-api/2.17.1/log4j-api-2.17.1.jar:/home/runner/.m2/repository/org/apache/commons/commons-pool2/2.6.0/commons-pool2-2.6.0.jar:/home/runner/.m2/repository/org/bouncycastle/bcpkix-jdk15on/1.67/bcpkix-jdk15on-1.67.jar:/home/runner/.m2/repository/commons-validator/commons-validator/1.6/commons-validator-1.6.jar:/home/runner/.m2/repository/commons-beanutils/commons-beanutils/1.9.4/commons-beanutils-1.9.4.jar:/home/runner/.m2/repository/commons-digester/commons-digester/1.8.1/commons-digester-1.8.1.jar:/home/runner/.m2/repository/commons-collections/commons-collections/3.2.2/commons-collections-3.2.2.jar:/home/runner/.m2/repository/io/jaegertracing/jaeger-client/1.6.0/jaeger-client-1.6.0.jar:/home/runner/.m2/repository/io/jaegertracing/jaeger-thrift/1.6.0/jaeger-thrift-1.6.0.jar:/home/runner/.m2/repository/org/apache/thrift/libthrift/0.14.1/libthrift-0.14.1.jar:/home/runner/.m2/repository/com/squareup/okhttp3/okhttp/4.9.0/okhttp-4.9.0.jar:/home/runner/.m2/repository/com/squareup/okio/okio/2.8.0/okio-2.8.0.jar:/home/runner/.m2/repository/io/jaegertracing/jaeger-core/1.6.0/jaeger-core-1.6.0.jar:/home/runner/.m2/repository/io/jaegertracing/jaeger-tracerresolver/1.6.0/jaeger-tracerresolver-1.6.0.jar:/home/runner/.m2/repository/io/opentracing/contrib/opentracing-tracerresolver/0.1.8/opentracing-tracerresolver-0.1.8.jar:/home/runner/.m2/repository/org/jetbrains/kotlin/kotlin-stdlib/1.6.21/kotlin-stdlib-1.6.21.jar:/home/runner/.m2/repository/org/jetbrains/kotlin/kotlin-stdlib-common/1.6.21/kotlin-stdlib-common-1.6.21.jar:/home/runner/.m2/repository/org/jetbrains/annotations/13.0/annotations-13.0.jar:/home/runner/.m2/repository/io/opentracing/opentracing-util/0.33.0/opentracing-util-0.33.0.jar:/home/runner/.m2/repository/io/opentracing/opentracing-api/0.33.0/opentracing-api-0.33.0.jar:/home/runner/.m2/repository/io/opentracing/opentracing-noop/0.33.0/opentracing-noop-0.33.0.jar:/home/runner/.m2/repository/org/yaml/snakeyaml/1.26/snakeyaml-1.26.jar:/home/runner/.m2/repository/org/apache/ozone/hdds-interface-admin/1.3.0-SNAPSHOT/hdds-interface-admin-1.3.0-SNAPSHOT.jar:/home/runner/.m2/repository/junit/junit/4.13.1/junit-4.13.1.jar:/home/runner/.m2/repository/org/hamcrest/hamcrest-core/1.3/hamcrest-core-1.3.jar:/home/runner/.m2/repository/org/junit/jupiter/junit-jupiter-api/5.8.2/junit-jupiter-api-5.8.2.jar:/home/runner/.m2/repository/org/opentest4j/opentest4j/1.2.0/opentest4j-1.2.0.jar:/home/runner/.m2/repository/org/junit/platform/junit-platform-commons/1.8.2/junit-platform-commons-1.8.2.jar:/home/runner/.m2/repository/org/apiguardian/apiguardian-api/1.1.2/apiguardian-api-1.1.2.jar:/home/runner/.m2/repository/org/junit/jupiter/junit-jupiter-params/5.8.2/junit-jupiter-params-5.8.2.jar:/home/runner/.m2/repository/org/junit/jupiter/junit-jupiter-migrationsupport/5.8.2/junit-jupiter-migrationsupport-5.8.2.jar:/home/runner/.m2/repository/org/junit/jupiter/junit-jupiter-engine/5.8.2/junit-jupiter-engine-5.8.2.jar:/home/runner/.m2/repository/org/junit/platform/junit-platform-engine/1.8.2/junit-platform-engine-1.8.2.jar:/home/runner/.m2/repository/org/junit/vintage/junit-vintage-engine/5.8.2/junit-vintage-engine-5.8.2.jar:/home/runner/.m2/repository/org/junit/platform/junit-platform-launcher/1.8.2/junit-platform-launcher-1.8.2.jar:/home/runner/.m2/repository/org/mockito/mockito-core/2.28.2/mockito-core-2.28.2.jar:/home/runner/.m2/repository/net/bytebuddy/byte-buddy/1.9.10/byte-buddy-1.9.10.jar:/home/runner/.m2/repository/net/bytebuddy/byte-buddy-agent/1.9.10/byte-buddy-agent-1.9.10.jar:/home/runner/.m2/repository/org/objenesis/objenesis/1.0/objenesis-1.0.jar:/home/runner/.m2/repository/org/apache/hadoop/hadoop-kms/3.3.1/hadoop-kms-3.3.1.jar:/home/runner/.m2/repository/org/apache/hadoop/hadoop-auth/3.3.1/hadoop-auth-3.3.1.jar:/home/runner/.m2/repository/com/nimbusds/nimbus-jose-jwt/7.9/nimbus-jose-jwt-7.9.jar:/home/runner/.m2/repository/com/github/stephenc/jcip/jcip-annotations/1.0-1/jcip-annotations-1.0-1.jar:/home/runner/.m2/repository/net/minidev/json-smart/2.4.7/json-smart-2.4.7.jar:/home/runner/.m2/repository/net/minidev/accessors-smart/2.4.7/accessors-smart-2.4.7.jar:/home/runner/.m2/repository/org/ow2/asm/asm/5.0.4/asm-5.0.4.jar:/home/runner/.m2/repository/org/apache/zookeeper/zookeeper/3.5.6/zookeeper-3.5.6.jar:/home/runner/.m2/repository/org/apache/zookeeper/zookeeper-jute/3.5.6/zookeeper-jute-3.5.6.jar:/home/runner/.m2/repository/org/apache/yetus/audience-annotations/0.5.0/audience-annotations-0.5.0.jar:/home/runner/.m2/repository/org/apache/curator/curator-framework/4.2.0/curator-framework-4.2.0.jar:/home/runner/.m2/repository/org/apache/hadoop/thirdparty/hadoop-shaded-guava/1.1.1/hadoop-shaded-guava-1.1.1.jar:/home/runner/.m2/repository/com/sun/jersey/jersey-core/1.19/jersey-core-1.19.jar:/home/runner/.m2/repository/javax/ws/rs/jsr311-api/1.1.1/jsr311-api-1.1.1.jar:/home/runner/.m2/repository/com/sun/jersey/jersey-server/1.19/jersey-server-1.19.jar:/home/runner/.m2/repository/javax/servlet/javax.servlet-api/3.1.0/javax.servlet-api-3.1.0.jar:/home/runner/.m2/repository/org/eclipse/jetty/jetty-server/9.4.43.v20210629/jetty-server-9.4.43.v20210629.jar:/home/runner/.m2/repository/org/eclipse/jetty/jetty-http/9.4.43.v20210629/jetty-http-9.4.43.v20210629.jar:/home/runner/.m2/repository/org/eclipse/jetty/jetty-io/9.4.43.v20210629/jetty-io-9.4.43.v20210629.jar:/home/runner/.m2/repository/org/eclipse/jetty/jetty-webapp/9.4.43.v20210629/jetty-webapp-9.4.43.v20210629.jar:/home/runner/.m2/repository/org/eclipse/jetty/jetty-xml/9.4.43.v20210629/jetty-xml-9.4.43.v20210629.jar:/home/runner/.m2/repository/org/apache/hadoop/hadoop-common/3.3.1/hadoop-common-3.3.1.jar:/home/runner/.m2/repository/org/apache/commons/commons-math3/3.1.1/commons-math3-3.1.1.jar:/home/runner/.m2/repository/commons-net/commons-net/3.6/commons-net-3.6.jar:/home/runner/.m2/repository/com/sun/jersey/jersey-servlet/1.19/jersey-servlet-1.19.jar:/home/runner/.m2/repository/com/sun/jersey/jersey-json/1.19/jersey-json-1.19.jar:/home/runner/.m2/repository/org/codehaus/jettison/jettison/1.1/jettison-1.1.jar:/home/runner/.m2/repository/com/sun/xml/bind/jaxb-impl/2.2.3-1/jaxb-impl-2.2.3-1.jar:/home/runner/.m2/repository/org/codehaus/jackson/jackson-xc/1.9.2/jackson-xc-1.9.2.jar:/home/runner/.m2/repository/org/apache/commons/commons-configuration2/2.1.1/commons-configuration2-2.1.1.jar:/home/runner/.m2/repository/org/apache/commons/commons-text/1.4/commons-text-1.4.jar:/home/runner/.m2/repository/com/google/re2j/re2j/1.1/re2j-1.1.jar:/home/runner/.m2/repository/com/jcraft/jsch/0.1.54/jsch-0.1.54.jar:/home/runner/.m2/repository/org/apache/curator/curator-client/4.2.0/curator-client-4.2.0.jar:/home/runner/.m2/repository/org/apache/curator/curator-recipes/4.2.0/curator-recipes-4.2.0.jar:/home/runner/.m2/repository/org/apache/kerby/kerb-core/1.0.1/kerb-core-1.0.1.jar:/home/runner/.m2/repository/org/apache/kerby/kerby-pkix/1.0.1/kerby-pkix-1.0.1.jar:/home/runner/.m2/repository/org/apache/kerby/kerby-asn1/1.0.1/kerby-asn1-1.0.1.jar:/home/runner/.m2/repository/org/apache/kerby/kerby-util/1.0.1/kerby-util-1.0.1.jar:/home/runner/.m2/repository/dnsjava/dnsjava/2.1.7/dnsjava-2.1.7.jar:/home/runner/.m2/repository/org/xerial/snappy/snappy-java/1.1.8.2/snappy-java-1.1.8.2.jar:/home/runner/.m2/repository/org/slf4j/jul-to-slf4j/1.7.30/jul-to-slf4j-1.7.30.jar:/home/runner/.m2/repository/org/eclipse/jetty/jetty-util/9.4.43.v20210629/jetty-util-9.4.43.v20210629.jar:/home/runner/.m2/repository/com/fasterxml/jackson/core/jackson-databind/2.13.2.2/jackson-databind-2.13.2.2.jar:/home/runner/.m2/repository/org/apache/hadoop/hadoop-kms/3.3.1/hadoop-kms-3.3.1-tests.jar:/home/runner/.m2/repository/org/apache/ozone/hdds-server-scm/1.3.0-SNAPSHOT/hdds-server-scm-1.3.0-SNAPSHOT-tests.jar:/home/runner/.m2/repository/org/apache/ozone/hdds-container-service/1.3.0-SNAPSHOT/hdds-container-service-1.3.0-SNAPSHOT-tests.jar:/home/runner/.m2/repository/commons-codec/commons-codec/1.11/commons-codec-1.11.jar:/home/runner/.m2/repository/io/netty/netty-codec/4.1.79.Final/netty-codec-4.1.79.Final.jar:/home/runner/.m2/repository/io/netty/netty-handler/4.1.79.Final/netty-handler-4.1.79.Final.jar:/home/runner/.m2/repository/org/apache/ozone/hdds-hadoop-dependency-test/1.3.0-SNAPSHOT/hdds-hadoop-dependency-test-1.3.0-SNAPSHOT.jar:/home/runner/.m2/repository/org/apache/hadoop/hadoop-common/3.3.1/hadoop-common-3.3.1-tests.jar:/home/runner/.m2/repository/org/assertj/assertj-core/3.12.2/assertj-core-3.12.2.jar:/home/runner/.m2/repository/org/apache/hadoop/hadoop-hdfs/3.3.1/hadoop-hdfs-3.3.1-tests.jar:/home/runner/.m2/repository/org/eclipse/jetty/jetty-util-ajax/9.4.43.v20210629/jetty-util-ajax-9.4.43.v20210629.jar:/home/runner/.m2/repository/commons-daemon/commons-daemon/1.0.13/commons-daemon-1.0.13.jar:/home/runner/.m2/repository/io/netty/netty/3.10.6.Final/netty-3.10.6.Final.jar:/home/runner/.m2/repository/io/netty/netty-all/4.1.79.Final/netty-all-4.1.79.Final.jar:/home/runner/.m2/repository/io/netty/netty-codec-dns/4.1.79.Final/netty-codec-dns-4.1.79.Final.jar:/home/runner/.m2/repository/io/netty/netty-codec-haproxy/4.1.79.Final/netty-codec-haproxy-4.1.79.Final.jar:/home/runner/.m2/repository/io/netty/netty-codec-memcache/4.1.79.Final/netty-codec-memcache-4.1.79.Final.jar:/home/runner/.m2/repository/io/netty/netty-codec-mqtt/4.1.79.Final/netty-codec-mqtt-4.1.79.Final.jar:/home/runner/.m2/repository/io/netty/netty-codec-redis/4.1.79.Final/netty-codec-redis-4.1.79.Final.jar:/home/runner/.m2/repository/io/netty/netty-codec-smtp/4.1.79.Final/netty-codec-smtp-4.1.79.Final.jar:/home/runner/.m2/repository/io/netty/netty-codec-stomp/4.1.79.Final/netty-codec-stomp-4.1.79.Final.jar:/home/runner/.m2/repository/io/netty/netty-codec-xml/4.1.79.Final/netty-codec-xml-4.1.79.Final.jar:/home/runner/.m2/repository/io/netty/netty-resolver-dns/4.1.79.Final/netty-resolver-dns-4.1.79.Final.jar:/home/runner/.m2/repository/io/netty/netty-transport-rxtx/4.1.79.Final/netty-transport-rxtx-4.1.79.Final.jar:/home/runner/.m2/repository/io/netty/netty-transport-sctp/4.1.79.Final/netty-transport-sctp-4.1.79.Final.jar:/home/runner/.m2/repository/io/netty/netty-transport-udt/4.1.79.Final/netty-transport-udt-4.1.79.Final.jar:/home/runner/.m2/repository/io/netty/netty-transport-classes-kqueue/4.1.79.Final/netty-transport-classes-kqueue-4.1.79.Final.jar:/home/runner/.m2/repository/io/netty/netty-resolver-dns-classes-macos/4.1.79.Final/netty-resolver-dns-classes-macos-4.1.79.Final.jar:/home/runner/.m2/repository/io/netty/netty-transport-native-epoll/4.1.79.Final/netty-transport-native-epoll-4.1.79.Final-linux-aarch_64.jar:/home/runner/.m2/repository/io/netty/netty-transport-native-kqueue/4.1.79.Final/netty-transport-native-kqueue-4.1.79.Final-osx-x86_64.jar:/home/runner/.m2/repository/io/netty/netty-transport-native-kqueue/4.1.79.Final/netty-transport-native-kqueue-4.1.79.Final-osx-aarch_64.jar:/home/runner/.m2/repository/io/netty/netty-resolver-dns-native-macos/4.1.79.Final/netty-resolver-dns-native-macos-4.1.79.Final-osx-x86_64.jar:/home/runner/.m2/repository/io/netty/netty-resolver-dns-native-macos/4.1.79.Final/netty-resolver-dns-native-macos-4.1.79.Final-osx-aarch_64.jar:/home/runner/.m2/repository/org/apache/htrace/htrace-core4/4.1.0-incubating/htrace-core4-4.1.0-incubating.jar:/home/runner/.m2/repository/org/fusesource/leveldbjni/leveldbjni-all/1.8/leveldbjni-all-1.8.jar:/home/runner/.m2/repository/org/apache/hadoop/hadoop-distcp/3.3.1/hadoop-distcp-3.3.1.jar:/home/runner/.m2/repository/org/apache/hadoop/hadoop-mapreduce-client-jobclient/3.3.1/hadoop-mapreduce-client-jobclient-3.3.1.jar:/home/runner/.m2/repository/org/apache/hadoop/hadoop-mapreduce-client-common/3.3.1/hadoop-mapreduce-client-common-3.3.1.jar:/home/runner/.m2/repository/org/apache/hadoop/hadoop-yarn-common/3.3.1/hadoop-yarn-common-3.3.1.jar:/home/runner/.m2/repository/org/apache/hadoop/hadoop-yarn-api/3.3.1/hadoop-yarn-api-3.3.1.jar:/home/runner/.m2/repository/com/sun/jersey/contribs/jersey-guice/1.19/jersey-guice-1.19.jar:/home/runner/.m2/repository/com/fasterxml/jackson/jaxrs/jackson-jaxrs-json-provider/2.13.2/jackson-jaxrs-json-provider-2.13.2.jar:/home/runner/.m2/repository/com/fasterxml/jackson/jaxrs/jackson-jaxrs-base/2.13.2/jackson-jaxrs-base-2.13.2.jar:/home/runner/.m2/repository/org/apache/hadoop/hadoop-yarn-client/3.3.1/hadoop-yarn-client-3.3.1.jar:/home/runner/.m2/repository/org/eclipse/jetty/websocket/websocket-client/9.4.40.v20210413/websocket-client-9.4.40.v20210413.jar:/home/runner/.m2/repository/org/eclipse/jetty/websocket/websocket-common/9.4.40.v20210413/websocket-common-9.4.40.v20210413.jar:/home/runner/.m2/repository/org/eclipse/jetty/websocket/websocket-api/9.4.40.v20210413/websocket-api-9.4.40.v20210413.jar:/home/runner/.m2/repository/org/jline/jline/3.9.0/jline-3.9.0.jar:/home/runner/.m2/repository/org/apache/hadoop/hadoop-mapreduce-client-core/3.3.1/hadoop-mapreduce-client-core-3.3.1.jar:/home/runner/.m2/repository/org/apache/avro/avro/1.7.7/avro-1.7.7.jar:/home/runner/.m2/repository/org/codehaus/jackson/jackson-core-asl/1.9.13/jackson-core-asl-1.9.13.jar:/home/runner/.m2/repository/org/codehaus/jackson/jackson-mapper-asl/1.9.13/jackson-mapper-asl-1.9.13.jar:/home/runner/.m2/repository/com/thoughtworks/paranamer/paranamer/2.3/paranamer-2.3.jar:/home/runner/.m2/repository/org/apache/hadoop/hadoop-annotations/3.3.1/hadoop-annotations-3.3.1.jar:/opt/hostedtoolcache/jdk/8.0.345/x64/jre/../lib/tools.jar:/home/runner/.m2/repository/org/apache/hadoop/hadoop-distcp/3.3.1/hadoop-distcp-3.3.1-tests.jar:/home/runner/.m2/repository/org/apache/ratis/ratis-common/2.3.0/ratis-common-2.3.0.jar:/home/runner/.m2/repository/org/apache/ratis/ratis-thirdparty-misc/1.0.0/ratis-thirdparty-misc-1.0.0.jar:/home/runner/.m2/repository/org/apache/ratis/ratis-proto/2.3.0/ratis-proto-2.3.0.jar:"/>
    <property name="java.vm.vendor" value="Azul Systems, Inc."/>
    <property name="sun.arch.data.model" value="64"/>
    <property name="test.build.dir" value="/home/runner/work/ozone/ozone/hadoop-ozone/integration-test/target/test-dir"/>
    <property name="test.cache.data" value=""/>
    <property name="java.vendor.url" value="http://www.azul.com/"/>
    <property name="user.timezone" value="Etc/UTC"/>
    <property name="java.vm.specification.version" value="1.8"/>
    <property name="os.name" value="Linux"/>
    <property name="test.build.data" value="/home/runner/work/ozone/ozone/hadoop-ozone/integration-test/target/test-dir"/>
    <property name="sun.java.launcher" value="SUN_STANDARD"/>
    <property name="sun.boot.library.path" value="/opt/hostedtoolcache/jdk/8.0.345/x64/jre/lib/amd64"/>
    <property name="sun.java.command" value="/home/runner/work/ozone/ozone/hadoop-ozone/integration-test/target/surefire/surefirebooter7265460403398792617.jar /home/runner/work/ozone/ozone/hadoop-ozone/integration-test/target/surefire 2022-09-21T13-01-11_343-jvmRun1 surefire46847692497080583tmp surefire_17376598737336124828tmp"/>
    <property name="surefire.test.class.path" value="/home/runner/work/ozone/ozone/hadoop-ozone/integration-test/target/test-classes:/home/runner/work/ozone/ozone/hadoop-ozone/integration-test/target/classes:/home/runner/.m2/repository/org/apache/ozone/ozone-common/1.3.0-SNAPSHOT/ozone-common-1.3.0-SNAPSHOT.jar:/home/runner/.m2/repository/io/grpc/grpc-netty/1.48.1/grpc-netty-1.48.1.jar:/home/runner/.m2/repository/io/grpc/grpc-core/1.48.1/grpc-core-1.48.1.jar:/home/runner/.m2/repository/com/google/android/annotations/4.1.1.4/annotations-4.1.1.4.jar:/home/runner/.m2/repository/org/codehaus/mojo/animal-sniffer-annotations/1.21/animal-sniffer-annotations-1.21.jar:/home/runner/.m2/repository/com/google/errorprone/error_prone_annotations/2.2.0/error_prone_annotations-2.2.0.jar:/home/runner/.m2/repository/io/perfmark/perfmark-api/0.25.0/perfmark-api-0.25.0.jar:/home/runner/.m2/repository/io/netty/netty-codec-http2/4.1.79.Final/netty-codec-http2-4.1.79.Final.jar:/home/runner/.m2/repository/io/netty/netty-common/4.1.79.Final/netty-common-4.1.79.Final.jar:/home/runner/.m2/repository/io/netty/netty-buffer/4.1.79.Final/netty-buffer-4.1.79.Final.jar:/home/runner/.m2/repository/io/netty/netty-codec-http/4.1.79.Final/netty-codec-http-4.1.79.Final.jar:/home/runner/.m2/repository/io/netty/netty-handler-proxy/4.1.79.Final/netty-handler-proxy-4.1.79.Final.jar:/home/runner/.m2/repository/io/netty/netty-codec-socks/4.1.79.Final/netty-codec-socks-4.1.79.Final.jar:/home/runner/.m2/repository/io/netty/netty-tcnative-boringssl-static/2.0.53.Final/netty-tcnative-boringssl-static-2.0.53.Final.jar:/home/runner/.m2/repository/io/netty/netty-tcnative-classes/2.0.53.Final/netty-tcnative-classes-2.0.53.Final.jar:/home/runner/.m2/repository/io/netty/netty-tcnative-boringssl-static/2.0.53.Final/netty-tcnative-boringssl-static-2.0.53.Final-linux-x86_64.jar:/home/runner/.m2/repository/io/netty/netty-tcnative-boringssl-static/2.0.53.Final/netty-tcnative-boringssl-static-2.0.53.Final-linux-aarch_64.jar:/home/runner/.m2/repository/io/netty/netty-tcnative-boringssl-static/2.0.53.Final/netty-tcnative-boringssl-static-2.0.53.Final-osx-x86_64.jar:/home/runner/.m2/repository/io/netty/netty-tcnative-boringssl-static/2.0.53.Final/netty-tcnative-boringssl-static-2.0.53.Final-osx-aarch_64.jar:/home/runner/.m2/repository/io/netty/netty-tcnative-boringssl-static/2.0.53.Final/netty-tcnative-boringssl-static-2.0.53.Final-windows-x86_64.jar:/home/runner/.m2/repository/org/apache/commons/commons-compress/1.21/commons-compress-1.21.jar:/home/runner/.m2/repository/org/apache/ozone/hdds-common/1.3.0-SNAPSHOT/hdds-common-1.3.0-SNAPSHOT.jar:/home/runner/.m2/repository/org/apache/ozone/hdds-client/1.3.0-SNAPSHOT/hdds-client-1.3.0-SNAPSHOT.jar:/home/runner/.m2/repository/org/apache/ozone/ozone-interface-client/1.3.0-SNAPSHOT/ozone-interface-client-1.3.0-SNAPSHOT.jar:/home/runner/.m2/repository/org/apache/ozone/hdds-test-utils/1.3.0-SNAPSHOT/hdds-test-utils-1.3.0-SNAPSHOT.jar:/home/runner/.m2/repository/com/google/guava/guava/31.1-jre/guava-31.1-jre.jar:/home/runner/.m2/repository/com/google/guava/failureaccess/1.0.1/failureaccess-1.0.1.jar:/home/runner/.m2/repository/com/google/guava/listenablefuture/9999.0-empty-to-avoid-conflict-with-guava/listenablefuture-9999.0-empty-to-avoid-conflict-with-guava.jar:/home/runner/.m2/repository/com/google/code/findbugs/jsr305/3.0.0/jsr305-3.0.0.jar:/home/runner/.m2/repository/org/checkerframework/checker-qual/3.12.0/checker-qual-3.12.0.jar:/home/runner/.m2/repository/com/google/j2objc/j2objc-annotations/1.3/j2objc-annotations-1.3.jar:/home/runner/.m2/repository/commons-io/commons-io/2.11.0/commons-io-2.11.0.jar:/home/runner/.m2/repository/commons-logging/commons-logging/1.2/commons-logging-1.2.jar:/home/runner/.m2/repository/log4j/log4j/1.2.17/log4j-1.2.17.jar:/home/runner/.m2/repository/org/slf4j/slf4j-api/1.7.30/slf4j-api-1.7.30.jar:/home/runner/.m2/repository/org/apache/ozone/hdds-server-scm/1.3.0-SNAPSHOT/hdds-server-scm-1.3.0-SNAPSHOT.jar:/home/runner/.m2/repository/org/apache/ozone/hdds-container-service/1.3.0-SNAPSHOT/hdds-container-service-1.3.0-SNAPSHOT.jar:/home/runner/.m2/repository/org/apache/ozone/hdds-hadoop-dependency-server/1.3.0-SNAPSHOT/hdds-hadoop-dependency-server-1.3.0-SNAPSHOT.jar:/home/runner/.m2/repository/org/apache/hadoop/hadoop-hdfs/3.3.1/hadoop-hdfs-3.3.1.jar:/home/runner/.m2/repository/org/apache/ozone/hdds-server-framework/1.3.0-SNAPSHOT/hdds-server-framework-1.3.0-SNAPSHOT.jar:/home/runner/.m2/repository/org/apache/ozone/hdds-interface-server/1.3.0-SNAPSHOT/hdds-interface-server-1.3.0-SNAPSHOT.jar:/home/runner/.m2/repository/org/apache/logging/log4j/log4j-core/2.17.1/log4j-core-2.17.1.jar:/home/runner/.m2/repository/com/lmax/disruptor/3.4.2/disruptor-3.4.2.jar:/home/runner/.m2/repository/org/eclipse/jetty/jetty-servlet/9.4.43.v20210629/jetty-servlet-9.4.43.v20210629.jar:/home/runner/.m2/repository/org/eclipse/jetty/jetty-security/9.4.43.v20210629/jetty-security-9.4.43.v20210629.jar:/home/runner/.m2/repository/org/rocksdb/rocksdbjni/7.4.5/rocksdbjni-7.4.5.jar:/home/runner/.m2/repository/io/prometheus/simpleclient_dropwizard/0.7.0/simpleclient_dropwizard-0.7.0.jar:/home/runner/.m2/repository/io/prometheus/simpleclient/0.7.0/simpleclient-0.7.0.jar:/home/runner/.m2/repository/io/prometheus/simpleclient_common/0.7.0/simpleclient_common-0.7.0.jar:/home/runner/.m2/repository/io/dropwizard/metrics/metrics-core/3.2.4/metrics-core-3.2.4.jar:/home/runner/.m2/repository/org/apache/hadoop/hadoop-hdfs-client/3.3.1/hadoop-hdfs-client-3.3.1.jar:/home/runner/.m2/repository/org/bouncycastle/bcprov-jdk15on/1.67/bcprov-jdk15on-1.67.jar:/home/runner/.m2/repository/com/google/protobuf/protobuf-java/2.5.0/protobuf-java-2.5.0.jar:/home/runner/.m2/repository/org/apache/ozone/ozone-manager/1.3.0-SNAPSHOT/ozone-manager-1.3.0-SNAPSHOT.jar:/home/runner/.m2/repository/org/aspectj/aspectjrt/1.9.7/aspectjrt-1.9.7.jar:/home/runner/.m2/repository/org/aspectj/aspectjweaver/1.9.7/aspectjweaver-1.9.7.jar:/home/runner/.m2/repository/org/apache/ozone/hdds-interface-client/1.3.0-SNAPSHOT/hdds-interface-client-1.3.0-SNAPSHOT.jar:/home/runner/.m2/repository/org/apache/hadoop/thirdparty/hadoop-shaded-protobuf_3_7/1.1.1/hadoop-shaded-protobuf_3_7-1.1.1.jar:/home/runner/.m2/repository/org/apache/ozone/ozone-interface-storage/1.3.0-SNAPSHOT/ozone-interface-storage-1.3.0-SNAPSHOT.jar:/home/runner/.m2/repository/org/reflections/reflections/0.9.11/reflections-0.9.11.jar:/home/runner/.m2/repository/com/sun/jersey/jersey-client/1.19/jersey-client-1.19.jar:/home/runner/.m2/repository/org/apache/ranger/ranger-intg/2.3.0/ranger-intg-2.3.0.jar:/home/runner/.m2/repository/org/apache/ranger/ranger-plugins-common/2.3.0/ranger-plugins-common-2.3.0.jar:/home/runner/.m2/repository/commons-lang/commons-lang/2.6/commons-lang-2.6.jar:/home/runner/.m2/repository/org/codehaus/jackson/jackson-jaxrs/1.9.13/jackson-jaxrs-1.9.13.jar:/home/runner/.m2/repository/org/apache/ranger/ranger-plugins-cred/2.3.0/ranger-plugins-cred-2.3.0.jar:/home/runner/.m2/repository/org/apache/ranger/ranger-plugins-audit/2.3.0/ranger-plugins-audit-2.3.0.jar:/home/runner/.m2/repository/org/eclipse/jetty/jetty-client/9.4.31.v20200723/jetty-client-9.4.31.v20200723.jar:/home/runner/.m2/repository/org/apache/httpcomponents/httpmime/4.5.6/httpmime-4.5.6.jar:/home/runner/.m2/repository/org/apache/httpcomponents/httpcore-nio/4.4.6/httpcore-nio-4.4.6.jar:/home/runner/.m2/repository/org/apache/httpcomponents/httpasyncclient/4.1.3/httpasyncclient-4.1.3.jar:/home/runner/.m2/repository/com/carrotsearch/hppc/0.8.0/hppc-0.8.0.jar:/home/runner/.m2/repository/org/apache/orc/orc-core/1.5.8/orc-core-1.5.8.jar:/home/runner/.m2/repository/net/java/dev/jna/jna/5.2.0/jna-5.2.0.jar:/home/runner/.m2/repository/net/java/dev/jna/jna-platform/5.2.0/jna-platform-5.2.0.jar:/home/runner/.m2/repository/com/kstruct/gethostname4j/0.0.2/gethostname4j-0.0.2.jar:/home/runner/.m2/repository/org/apache/ranger/ranger-plugin-classloader/2.3.0/ranger-plugin-classloader-2.3.0.jar:/home/runner/.m2/repository/org/apache/hadoop/hadoop-minikdc/3.3.1/hadoop-minikdc-3.3.1.jar:/home/runner/.m2/repository/org/apache/kerby/kerb-simplekdc/1.0.1/kerb-simplekdc-1.0.1.jar:/home/runner/.m2/repository/org/apache/kerby/kerb-client/1.0.1/kerb-client-1.0.1.jar:/home/runner/.m2/repository/org/apache/kerby/kerby-config/1.0.1/kerby-config-1.0.1.jar:/home/runner/.m2/repository/org/apache/kerby/kerb-common/1.0.1/kerb-common-1.0.1.jar:/home/runner/.m2/repository/org/apache/kerby/kerb-crypto/1.0.1/kerb-crypto-1.0.1.jar:/home/runner/.m2/repository/org/apache/kerby/kerb-util/1.0.1/kerb-util-1.0.1.jar:/home/runner/.m2/repository/org/apache/kerby/token-provider/1.0.1/token-provider-1.0.1.jar:/home/runner/.m2/repository/org/apache/kerby/kerb-admin/1.0.1/kerb-admin-1.0.1.jar:/home/runner/.m2/repository/org/apache/kerby/kerb-server/1.0.1/kerb-server-1.0.1.jar:/home/runner/.m2/repository/org/apache/kerby/kerb-identity/1.0.1/kerb-identity-1.0.1.jar:/home/runner/.m2/repository/org/apache/kerby/kerby-xdr/1.0.1/kerby-xdr-1.0.1.jar:/home/runner/.m2/repository/org/slf4j/slf4j-log4j12/1.7.30/slf4j-log4j12-1.7.30.jar:/home/runner/.m2/repository/org/apache/ozone/ozone-s3gateway/1.3.0-SNAPSHOT/ozone-s3gateway-1.3.0-SNAPSHOT.jar:/home/runner/.m2/repository/org/javassist/javassist/3.21.0-GA/javassist-3.21.0-GA.jar:/home/runner/.m2/repository/org/jboss/weld/servlet/weld-servlet/2.4.7.Final/weld-servlet-2.4.7.Final.jar:/home/runner/.m2/repository/org/glassfish/jersey/containers/jersey-container-servlet-core/2.34/jersey-container-servlet-core-2.34.jar:/home/runner/.m2/repository/org/glassfish/hk2/external/jakarta.inject/2.6.1/jakarta.inject-2.6.1.jar:/home/runner/.m2/repository/org/glassfish/jersey/core/jersey-common/2.34/jersey-common-2.34.jar:/home/runner/.m2/repository/jakarta/ws/rs/jakarta.ws.rs-api/2.1.6/jakarta.ws.rs-api-2.1.6.jar:/home/runner/.m2/repository/org/glassfish/jersey/ext/cdi/jersey-cdi1x/2.34/jersey-cdi1x-2.34.jar:/home/runner/.m2/repository/org/glassfish/jersey/inject/jersey-hk2/2.34/jersey-hk2-2.34.jar:/home/runner/.m2/repository/org/glassfish/hk2/hk2-locator/2.6.1/hk2-locator-2.6.1.jar:/home/runner/.m2/repository/org/glassfish/jersey/media/jersey-media-jaxb/2.34/jersey-media-jaxb-2.34.jar:/home/runner/.m2/repository/org/glassfish/hk2/osgi-resource-locator/1.0.3/osgi-resource-locator-1.0.3.jar:/home/runner/.m2/repository/org/glassfish/hk2/hk2-api/2.5.0/hk2-api-2.5.0.jar:/home/runner/.m2/repository/org/glassfish/hk2/hk2-utils/2.5.0/hk2-utils-2.5.0.jar:/home/runner/.m2/repository/org/glassfish/hk2/external/aopalliance-repackaged/2.5.0/aopalliance-repackaged-2.5.0.jar:/home/runner/.m2/repository/com/fasterxml/jackson/dataformat/jackson-dataformat-xml/2.13.2/jackson-dataformat-xml-2.13.2.jar:/home/runner/.m2/repository/com/fasterxml/jackson/core/jackson-core/2.13.2/jackson-core-2.13.2.jar:/home/runner/.m2/repository/org/codehaus/woodstox/stax2-api/3.1.4/stax2-api-3.1.4.jar:/home/runner/.m2/repository/com/fasterxml/woodstox/woodstox-core/5.0.3/woodstox-core-5.0.3.jar:/home/runner/.m2/repository/com/fasterxml/jackson/module/jackson-module-jaxb-annotations/2.13.2/jackson-module-jaxb-annotations-2.13.2.jar:/home/runner/.m2/repository/jakarta/xml/bind/jakarta.xml.bind-api/2.3.3/jakarta.xml.bind-api-2.3.3.jar:/home/runner/.m2/repository/jakarta/activation/jakarta.activation-api/1.2.1/jakarta.activation-api-1.2.1.jar:/home/runner/.m2/repository/javax/enterprise/cdi-api/1.2/cdi-api-1.2.jar:/home/runner/.m2/repository/javax/el/javax.el-api/3.0.0/javax.el-api-3.0.0.jar:/home/runner/.m2/repository/javax/interceptor/javax.interceptor-api/1.2/javax.interceptor-api-1.2.jar:/home/runner/.m2/repository/javax/inject/javax.inject/1/javax.inject-1.jar:/home/runner/.m2/repository/javax/xml/bind/jaxb-api/2.3.0/jaxb-api-2.3.0.jar:/home/runner/.m2/repository/org/glassfish/jaxb/jaxb-runtime/2.3.0.1/jaxb-runtime-2.3.0.1.jar:/home/runner/.m2/repository/org/glassfish/jaxb/jaxb-core/2.3.0.1/jaxb-core-2.3.0.1.jar:/home/runner/.m2/repository/org/glassfish/jaxb/txw2/2.3.0.1/txw2-2.3.0.1.jar:/home/runner/.m2/repository/com/sun/istack/istack-commons-runtime/3.0.5/istack-commons-runtime-3.0.5.jar:/home/runner/.m2/repository/org/jvnet/staxex/stax-ex/1.7.8/stax-ex-1.7.8.jar:/home/runner/.m2/repository/com/sun/xml/fastinfoset/FastInfoset/1.2.13/FastInfoset-1.2.13.jar:/home/runner/.m2/repository/javax/activation/activation/1.1.1/activation-1.1.1.jar:/home/runner/.m2/repository/io/grpc/grpc-protobuf/1.48.1/grpc-protobuf-1.48.1.jar:/home/runner/.m2/repository/io/grpc/grpc-api/1.48.1/grpc-api-1.48.1.jar:/home/runner/.m2/repository/io/grpc/grpc-context/1.48.1/grpc-context-1.48.1.jar:/home/runner/.m2/repository/com/google/api/grpc/proto-google-common-protos/2.9.0/proto-google-common-protos-2.9.0.jar:/home/runner/.m2/repository/io/grpc/grpc-protobuf-lite/1.48.1/grpc-protobuf-lite-1.48.1.jar:/home/runner/.m2/repository/io/grpc/grpc-stub/1.48.1/grpc-stub-1.48.1.jar:/home/runner/.m2/repository/io/netty/netty-transport/4.1.79.Final/netty-transport-4.1.79.Final.jar:/home/runner/.m2/repository/io/netty/netty-resolver/4.1.79.Final/netty-resolver-4.1.79.Final.jar:/home/runner/.m2/repository/org/apache/ozone/ozone-csi/1.3.0-SNAPSHOT/ozone-csi-1.3.0-SNAPSHOT.jar:/home/runner/.m2/repository/com/google/protobuf/protobuf-java-util/3.19.2/protobuf-java-util-3.19.2.jar:/home/runner/.m2/repository/com/google/code/gson/gson/2.9.0/gson-2.9.0.jar:/home/runner/.m2/repository/org/apache/ozone/hdds-config/1.3.0-SNAPSHOT/hdds-config-1.3.0-SNAPSHOT.jar:/home/runner/.m2/repository/io/netty/netty-transport-native-epoll/4.1.79.Final/netty-transport-native-epoll-4.1.79.Final-linux-x86_64.jar:/home/runner/.m2/repository/io/netty/netty-transport-classes-epoll/4.1.79.Final/netty-transport-classes-epoll-4.1.79.Final.jar:/home/runner/.m2/repository/io/netty/netty-transport-native-unix-common/4.1.79.Final/netty-transport-native-unix-common-4.1.79.Final.jar:/home/runner/.m2/repository/org/apache/ozone/ozone-recon/1.3.0-SNAPSHOT/ozone-recon-1.3.0-SNAPSHOT.jar:/home/runner/.m2/repository/org/apache/ozone/ozone-reconcodegen/1.3.0-SNAPSHOT/ozone-reconcodegen-1.3.0-SNAPSHOT.jar:/home/runner/.m2/repository/com/google/inject/extensions/guice-multibindings/4.0/guice-multibindings-4.0.jar:/home/runner/.m2/repository/com/google/inject/guice/4.0/guice-4.0.jar:/home/runner/.m2/repository/aopalliance/aopalliance/1.0/aopalliance-1.0.jar:/home/runner/.m2/repository/com/google/inject/extensions/guice-assistedinject/4.0/guice-assistedinject-4.0.jar:/home/runner/.m2/repository/com/google/inject/extensions/guice-servlet/4.0/guice-servlet-4.0.jar:/home/runner/.m2/repository/org/glassfish/jersey/containers/jersey-container-servlet/2.34/jersey-container-servlet-2.34.jar:/home/runner/.m2/repository/org/glassfish/hk2/guice-bridge/2.5.0/guice-bridge-2.5.0.jar:/home/runner/.m2/repository/org/glassfish/jersey/core/jersey-server/2.34/jersey-server-2.34.jar:/home/runner/.m2/repository/org/glassfish/jersey/core/jersey-client/2.34/jersey-client-2.34.jar:/home/runner/.m2/repository/jakarta/annotation/jakarta.annotation-api/1.3.5/jakarta.annotation-api-1.3.5.jar:/home/runner/.m2/repository/jakarta/validation/jakarta.validation-api/2.0.2/jakarta.validation-api-2.0.2.jar:/home/runner/.m2/repository/org/glassfish/jersey/media/jersey-media-json-jackson/2.34/jersey-media-json-jackson-2.34.jar:/home/runner/.m2/repository/org/glassfish/jersey/ext/jersey-entity-filtering/2.34/jersey-entity-filtering-2.34.jar:/home/runner/.m2/repository/org/jooq/jooq/3.11.10/jooq-3.11.10.jar:/home/runner/.m2/repository/org/jooq/jooq-meta/3.11.10/jooq-meta-3.11.10.jar:/home/runner/.m2/repository/org/jooq/jooq-codegen/3.11.10/jooq-codegen-3.11.10.jar:/home/runner/.m2/repository/com/jolbox/bonecp/0.8.0.RELEASE/bonecp-0.8.0.RELEASE.jar:/home/runner/.m2/repository/org/apache/derby/derby/10.14.2.0/derby-10.14.2.0.jar:/home/runner/.m2/repository/org/xerial/sqlite-jdbc/3.25.2/sqlite-jdbc-3.25.2.jar:/home/runner/.m2/repository/org/springframework/spring-jdbc/5.2.20.RELEASE/spring-jdbc-5.2.20.RELEASE.jar:/home/runner/.m2/repository/org/springframework/spring-beans/5.2.20.RELEASE/spring-beans-5.2.20.RELEASE.jar:/home/runner/.m2/repository/org/springframework/spring-core/5.2.20.RELEASE/spring-core-5.2.20.RELEASE.jar:/home/runner/.m2/repository/org/springframework/spring-jcl/5.2.20.RELEASE/spring-jcl-5.2.20.RELEASE.jar:/home/runner/.m2/repository/org/springframework/spring-tx/5.2.20.RELEASE/spring-tx-5.2.20.RELEASE.jar:/home/runner/.m2/repository/org/apache/ozone/ozone-client/1.3.0-SNAPSHOT/ozone-client-1.3.0-SNAPSHOT.jar:/home/runner/.m2/repository/org/apache/ozone/hdds-erasurecode/1.3.0-SNAPSHOT/hdds-erasurecode-1.3.0-SNAPSHOT.jar:/home/runner/.m2/repository/com/github/spotbugs/spotbugs-annotations/3.1.12/spotbugs-annotations-3.1.12.jar:/home/runner/.m2/repository/org/apache/ozone/ozone-filesystem/1.3.0-SNAPSHOT/ozone-filesystem-1.3.0-SNAPSHOT.jar:/home/runner/.m2/repository/org/apache/ozone/ozone-filesystem-common/1.3.0-SNAPSHOT/ozone-filesystem-common-1.3.0-SNAPSHOT.jar:/home/runner/.m2/repository/org/apache/ozone/ozone-tools/1.3.0-SNAPSHOT/ozone-tools-1.3.0-SNAPSHOT.jar:/home/runner/.m2/repository/org/apache/ratis/ratis-tools/2.3.0/ratis-tools-2.3.0.jar:/home/runner/.m2/repository/com/amazonaws/aws-java-sdk-core/1.12.261/aws-java-sdk-core-1.12.261.jar:/home/runner/.m2/repository/org/apache/httpcomponents/httpclient/4.5.13/httpclient-4.5.13.jar:/home/runner/.m2/repository/org/apache/httpcomponents/httpcore/4.4.13/httpcore-4.4.13.jar:/home/runner/.m2/repository/software/amazon/ion/ion-java/1.0.2/ion-java-1.0.2.jar:/home/runner/.m2/repository/com/fasterxml/jackson/dataformat/jackson-dataformat-cbor/2.13.2/jackson-dataformat-cbor-2.13.2.jar:/home/runner/.m2/repository/joda-time/joda-time/2.8.1/joda-time-2.8.1.jar:/home/runner/.m2/repository/com/amazonaws/aws-java-sdk-s3/1.12.261/aws-java-sdk-s3-1.12.261.jar:/home/runner/.m2/repository/com/amazonaws/aws-java-sdk-kms/1.12.261/aws-java-sdk-kms-1.12.261.jar:/home/runner/.m2/repository/com/amazonaws/jmespath-java/1.12.261/jmespath-java-1.12.261.jar:/home/runner/.m2/repository/org/kohsuke/metainf-services/metainf-services/1.8/metainf-services-1.8.jar:/home/runner/.m2/repository/org/apache/ozone/hdds-tools/1.3.0-SNAPSHOT/hdds-tools-1.3.0-SNAPSHOT.jar:/home/runner/.m2/repository/commons-cli/commons-cli/1.2/commons-cli-1.2.jar:/home/runner/.m2/repository/org/apache/commons/commons-lang3/3.7/commons-lang3-3.7.jar:/home/runner/.m2/repository/org/apache/ozone/ozone-manager/1.3.0-SNAPSHOT/ozone-manager-1.3.0-SNAPSHOT-tests.jar:/home/runner/.m2/repository/org/apache/ozone/hdds-common/1.3.0-SNAPSHOT/hdds-common-1.3.0-SNAPSHOT-tests.jar:/home/runner/.m2/repository/org/apache/ozone/hdds-hadoop-dependency-client/1.3.0-SNAPSHOT/hdds-hadoop-dependency-client-1.3.0-SNAPSHOT.jar:/home/runner/.m2/repository/info/picocli/picocli/4.6.1/picocli-4.6.1.jar:/home/runner/.m2/repository/com/fasterxml/jackson/core/jackson-annotations/2.13.2/jackson-annotations-2.13.2.jar:/home/runner/.m2/repository/com/fasterxml/jackson/datatype/jackson-datatype-jsr310/2.13.2/jackson-datatype-jsr310-2.13.2.jar:/home/runner/.m2/repository/org/apache/ozone/hdds-annotation-processing/1.3.0-SNAPSHOT/hdds-annotation-processing-1.3.0-SNAPSHOT.jar:/home/runner/.m2/repository/javax/annotation/javax.annotation-api/1.2/javax.annotation-api-1.2.jar:/home/runner/.m2/repository/org/apache/ratis/ratis-server/2.3.0/ratis-server-2.3.0.jar:/home/runner/.m2/repository/org/apache/ratis/ratis-client/2.3.0/ratis-client-2.3.0.jar:/home/runner/.m2/repository/org/apache/ratis/ratis-server-api/2.3.0/ratis-server-api-2.3.0.jar:/home/runner/.m2/repository/org/apache/ratis/ratis-metrics/2.3.0/ratis-metrics-2.3.0.jar:/home/runner/.m2/repository/org/apache/ratis/ratis-netty/2.3.0/ratis-netty-2.3.0.jar:/home/runner/.m2/repository/org/apache/ratis/ratis-grpc/2.3.0/ratis-grpc-2.3.0.jar:/home/runner/.m2/repository/org/apache/logging/log4j/log4j-api/2.17.1/log4j-api-2.17.1.jar:/home/runner/.m2/repository/org/apache/commons/commons-pool2/2.6.0/commons-pool2-2.6.0.jar:/home/runner/.m2/repository/org/bouncycastle/bcpkix-jdk15on/1.67/bcpkix-jdk15on-1.67.jar:/home/runner/.m2/repository/commons-validator/commons-validator/1.6/commons-validator-1.6.jar:/home/runner/.m2/repository/commons-beanutils/commons-beanutils/1.9.4/commons-beanutils-1.9.4.jar:/home/runner/.m2/repository/commons-digester/commons-digester/1.8.1/commons-digester-1.8.1.jar:/home/runner/.m2/repository/commons-collections/commons-collections/3.2.2/commons-collections-3.2.2.jar:/home/runner/.m2/repository/io/jaegertracing/jaeger-client/1.6.0/jaeger-client-1.6.0.jar:/home/runner/.m2/repository/io/jaegertracing/jaeger-thrift/1.6.0/jaeger-thrift-1.6.0.jar:/home/runner/.m2/repository/org/apache/thrift/libthrift/0.14.1/libthrift-0.14.1.jar:/home/runner/.m2/repository/com/squareup/okhttp3/okhttp/4.9.0/okhttp-4.9.0.jar:/home/runner/.m2/repository/com/squareup/okio/okio/2.8.0/okio-2.8.0.jar:/home/runner/.m2/repository/io/jaegertracing/jaeger-core/1.6.0/jaeger-core-1.6.0.jar:/home/runner/.m2/repository/io/jaegertracing/jaeger-tracerresolver/1.6.0/jaeger-tracerresolver-1.6.0.jar:/home/runner/.m2/repository/io/opentracing/contrib/opentracing-tracerresolver/0.1.8/opentracing-tracerresolver-0.1.8.jar:/home/runner/.m2/repository/org/jetbrains/kotlin/kotlin-stdlib/1.6.21/kotlin-stdlib-1.6.21.jar:/home/runner/.m2/repository/org/jetbrains/kotlin/kotlin-stdlib-common/1.6.21/kotlin-stdlib-common-1.6.21.jar:/home/runner/.m2/repository/org/jetbrains/annotations/13.0/annotations-13.0.jar:/home/runner/.m2/repository/io/opentracing/opentracing-util/0.33.0/opentracing-util-0.33.0.jar:/home/runner/.m2/repository/io/opentracing/opentracing-api/0.33.0/opentracing-api-0.33.0.jar:/home/runner/.m2/repository/io/opentracing/opentracing-noop/0.33.0/opentracing-noop-0.33.0.jar:/home/runner/.m2/repository/org/yaml/snakeyaml/1.26/snakeyaml-1.26.jar:/home/runner/.m2/repository/org/apache/ozone/hdds-interface-admin/1.3.0-SNAPSHOT/hdds-interface-admin-1.3.0-SNAPSHOT.jar:/home/runner/.m2/repository/junit/junit/4.13.1/junit-4.13.1.jar:/home/runner/.m2/repository/org/hamcrest/hamcrest-core/1.3/hamcrest-core-1.3.jar:/home/runner/.m2/repository/org/junit/jupiter/junit-jupiter-api/5.8.2/junit-jupiter-api-5.8.2.jar:/home/runner/.m2/repository/org/opentest4j/opentest4j/1.2.0/opentest4j-1.2.0.jar:/home/runner/.m2/repository/org/junit/platform/junit-platform-commons/1.8.2/junit-platform-commons-1.8.2.jar:/home/runner/.m2/repository/org/apiguardian/apiguardian-api/1.1.2/apiguardian-api-1.1.2.jar:/home/runner/.m2/repository/org/junit/jupiter/junit-jupiter-params/5.8.2/junit-jupiter-params-5.8.2.jar:/home/runner/.m2/repository/org/junit/jupiter/junit-jupiter-migrationsupport/5.8.2/junit-jupiter-migrationsupport-5.8.2.jar:/home/runner/.m2/repository/org/junit/jupiter/junit-jupiter-engine/5.8.2/junit-jupiter-engine-5.8.2.jar:/home/runner/.m2/repository/org/junit/platform/junit-platform-engine/1.8.2/junit-platform-engine-1.8.2.jar:/home/runner/.m2/repository/org/junit/vintage/junit-vintage-engine/5.8.2/junit-vintage-engine-5.8.2.jar:/home/runner/.m2/repository/org/junit/platform/junit-platform-launcher/1.8.2/junit-platform-launcher-1.8.2.jar:/home/runner/.m2/repository/org/mockito/mockito-core/2.28.2/mockito-core-2.28.2.jar:/home/runner/.m2/repository/net/bytebuddy/byte-buddy/1.9.10/byte-buddy-1.9.10.jar:/home/runner/.m2/repository/net/bytebuddy/byte-buddy-agent/1.9.10/byte-buddy-agent-1.9.10.jar:/home/runner/.m2/repository/org/objenesis/objenesis/1.0/objenesis-1.0.jar:/home/runner/.m2/repository/org/apache/hadoop/hadoop-kms/3.3.1/hadoop-kms-3.3.1.jar:/home/runner/.m2/repository/org/apache/hadoop/hadoop-auth/3.3.1/hadoop-auth-3.3.1.jar:/home/runner/.m2/repository/com/nimbusds/nimbus-jose-jwt/7.9/nimbus-jose-jwt-7.9.jar:/home/runner/.m2/repository/com/github/stephenc/jcip/jcip-annotations/1.0-1/jcip-annotations-1.0-1.jar:/home/runner/.m2/repository/net/minidev/json-smart/2.4.7/json-smart-2.4.7.jar:/home/runner/.m2/repository/net/minidev/accessors-smart/2.4.7/accessors-smart-2.4.7.jar:/home/runner/.m2/repository/org/ow2/asm/asm/5.0.4/asm-5.0.4.jar:/home/runner/.m2/repository/org/apache/zookeeper/zookeeper/3.5.6/zookeeper-3.5.6.jar:/home/runner/.m2/repository/org/apache/zookeeper/zookeeper-jute/3.5.6/zookeeper-jute-3.5.6.jar:/home/runner/.m2/repository/org/apache/yetus/audience-annotations/0.5.0/audience-annotations-0.5.0.jar:/home/runner/.m2/repository/org/apache/curator/curator-framework/4.2.0/curator-framework-4.2.0.jar:/home/runner/.m2/repository/org/apache/hadoop/thirdparty/hadoop-shaded-guava/1.1.1/hadoop-shaded-guava-1.1.1.jar:/home/runner/.m2/repository/com/sun/jersey/jersey-core/1.19/jersey-core-1.19.jar:/home/runner/.m2/repository/javax/ws/rs/jsr311-api/1.1.1/jsr311-api-1.1.1.jar:/home/runner/.m2/repository/com/sun/jersey/jersey-server/1.19/jersey-server-1.19.jar:/home/runner/.m2/repository/javax/servlet/javax.servlet-api/3.1.0/javax.servlet-api-3.1.0.jar:/home/runner/.m2/repository/org/eclipse/jetty/jetty-server/9.4.43.v20210629/jetty-server-9.4.43.v20210629.jar:/home/runner/.m2/repository/org/eclipse/jetty/jetty-http/9.4.43.v20210629/jetty-http-9.4.43.v20210629.jar:/home/runner/.m2/repository/org/eclipse/jetty/jetty-io/9.4.43.v20210629/jetty-io-9.4.43.v20210629.jar:/home/runner/.m2/repository/org/eclipse/jetty/jetty-webapp/9.4.43.v20210629/jetty-webapp-9.4.43.v20210629.jar:/home/runner/.m2/repository/org/eclipse/jetty/jetty-xml/9.4.43.v20210629/jetty-xml-9.4.43.v20210629.jar:/home/runner/.m2/repository/org/apache/hadoop/hadoop-common/3.3.1/hadoop-common-3.3.1.jar:/home/runner/.m2/repository/org/apache/commons/commons-math3/3.1.1/commons-math3-3.1.1.jar:/home/runner/.m2/repository/commons-net/commons-net/3.6/commons-net-3.6.jar:/home/runner/.m2/repository/com/sun/jersey/jersey-servlet/1.19/jersey-servlet-1.19.jar:/home/runner/.m2/repository/com/sun/jersey/jersey-json/1.19/jersey-json-1.19.jar:/home/runner/.m2/repository/org/codehaus/jettison/jettison/1.1/jettison-1.1.jar:/home/runner/.m2/repository/com/sun/xml/bind/jaxb-impl/2.2.3-1/jaxb-impl-2.2.3-1.jar:/home/runner/.m2/repository/org/codehaus/jackson/jackson-xc/1.9.2/jackson-xc-1.9.2.jar:/home/runner/.m2/repository/org/apache/commons/commons-configuration2/2.1.1/commons-configuration2-2.1.1.jar:/home/runner/.m2/repository/org/apache/commons/commons-text/1.4/commons-text-1.4.jar:/home/runner/.m2/repository/com/google/re2j/re2j/1.1/re2j-1.1.jar:/home/runner/.m2/repository/com/jcraft/jsch/0.1.54/jsch-0.1.54.jar:/home/runner/.m2/repository/org/apache/curator/curator-client/4.2.0/curator-client-4.2.0.jar:/home/runner/.m2/repository/org/apache/curator/curator-recipes/4.2.0/curator-recipes-4.2.0.jar:/home/runner/.m2/repository/org/apache/kerby/kerb-core/1.0.1/kerb-core-1.0.1.jar:/home/runner/.m2/repository/org/apache/kerby/kerby-pkix/1.0.1/kerby-pkix-1.0.1.jar:/home/runner/.m2/repository/org/apache/kerby/kerby-asn1/1.0.1/kerby-asn1-1.0.1.jar:/home/runner/.m2/repository/org/apache/kerby/kerby-util/1.0.1/kerby-util-1.0.1.jar:/home/runner/.m2/repository/dnsjava/dnsjava/2.1.7/dnsjava-2.1.7.jar:/home/runner/.m2/repository/org/xerial/snappy/snappy-java/1.1.8.2/snappy-java-1.1.8.2.jar:/home/runner/.m2/repository/org/slf4j/jul-to-slf4j/1.7.30/jul-to-slf4j-1.7.30.jar:/home/runner/.m2/repository/org/eclipse/jetty/jetty-util/9.4.43.v20210629/jetty-util-9.4.43.v20210629.jar:/home/runner/.m2/repository/com/fasterxml/jackson/core/jackson-databind/2.13.2.2/jackson-databind-2.13.2.2.jar:/home/runner/.m2/repository/org/apache/hadoop/hadoop-kms/3.3.1/hadoop-kms-3.3.1-tests.jar:/home/runner/.m2/repository/org/apache/ozone/hdds-server-scm/1.3.0-SNAPSHOT/hdds-server-scm-1.3.0-SNAPSHOT-tests.jar:/home/runner/.m2/repository/org/apache/ozone/hdds-container-service/1.3.0-SNAPSHOT/hdds-container-service-1.3.0-SNAPSHOT-tests.jar:/home/runner/.m2/repository/commons-codec/commons-codec/1.11/commons-codec-1.11.jar:/home/runner/.m2/repository/io/netty/netty-codec/4.1.79.Final/netty-codec-4.1.79.Final.jar:/home/runner/.m2/repository/io/netty/netty-handler/4.1.79.Final/netty-handler-4.1.79.Final.jar:/home/runner/.m2/repository/org/apache/ozone/hdds-hadoop-dependency-test/1.3.0-SNAPSHOT/hdds-hadoop-dependency-test-1.3.0-SNAPSHOT.jar:/home/runner/.m2/repository/org/apache/hadoop/hadoop-common/3.3.1/hadoop-common-3.3.1-tests.jar:/home/runner/.m2/repository/org/assertj/assertj-core/3.12.2/assertj-core-3.12.2.jar:/home/runner/.m2/repository/org/apache/hadoop/hadoop-hdfs/3.3.1/hadoop-hdfs-3.3.1-tests.jar:/home/runner/.m2/repository/org/eclipse/jetty/jetty-util-ajax/9.4.43.v20210629/jetty-util-ajax-9.4.43.v20210629.jar:/home/runner/.m2/repository/commons-daemon/commons-daemon/1.0.13/commons-daemon-1.0.13.jar:/home/runner/.m2/repository/io/netty/netty/3.10.6.Final/netty-3.10.6.Final.jar:/home/runner/.m2/repository/io/netty/netty-all/4.1.79.Final/netty-all-4.1.79.Final.jar:/home/runner/.m2/repository/io/netty/netty-codec-dns/4.1.79.Final/netty-codec-dns-4.1.79.Final.jar:/home/runner/.m2/repository/io/netty/netty-codec-haproxy/4.1.79.Final/netty-codec-haproxy-4.1.79.Final.jar:/home/runner/.m2/repository/io/netty/netty-codec-memcache/4.1.79.Final/netty-codec-memcache-4.1.79.Final.jar:/home/runner/.m2/repository/io/netty/netty-codec-mqtt/4.1.79.Final/netty-codec-mqtt-4.1.79.Final.jar:/home/runner/.m2/repository/io/netty/netty-codec-redis/4.1.79.Final/netty-codec-redis-4.1.79.Final.jar:/home/runner/.m2/repository/io/netty/netty-codec-smtp/4.1.79.Final/netty-codec-smtp-4.1.79.Final.jar:/home/runner/.m2/repository/io/netty/netty-codec-stomp/4.1.79.Final/netty-codec-stomp-4.1.79.Final.jar:/home/runner/.m2/repository/io/netty/netty-codec-xml/4.1.79.Final/netty-codec-xml-4.1.79.Final.jar:/home/runner/.m2/repository/io/netty/netty-resolver-dns/4.1.79.Final/netty-resolver-dns-4.1.79.Final.jar:/home/runner/.m2/repository/io/netty/netty-transport-rxtx/4.1.79.Final/netty-transport-rxtx-4.1.79.Final.jar:/home/runner/.m2/repository/io/netty/netty-transport-sctp/4.1.79.Final/netty-transport-sctp-4.1.79.Final.jar:/home/runner/.m2/repository/io/netty/netty-transport-udt/4.1.79.Final/netty-transport-udt-4.1.79.Final.jar:/home/runner/.m2/repository/io/netty/netty-transport-classes-kqueue/4.1.79.Final/netty-transport-classes-kqueue-4.1.79.Final.jar:/home/runner/.m2/repository/io/netty/netty-resolver-dns-classes-macos/4.1.79.Final/netty-resolver-dns-classes-macos-4.1.79.Final.jar:/home/runner/.m2/repository/io/netty/netty-transport-native-epoll/4.1.79.Final/netty-transport-native-epoll-4.1.79.Final-linux-aarch_64.jar:/home/runner/.m2/repository/io/netty/netty-transport-native-kqueue/4.1.79.Final/netty-transport-native-kqueue-4.1.79.Final-osx-x86_64.jar:/home/runner/.m2/repository/io/netty/netty-transport-native-kqueue/4.1.79.Final/netty-transport-native-kqueue-4.1.79.Final-osx-aarch_64.jar:/home/runner/.m2/repository/io/netty/netty-resolver-dns-native-macos/4.1.79.Final/netty-resolver-dns-native-macos-4.1.79.Final-osx-x86_64.jar:/home/runner/.m2/repository/io/netty/netty-resolver-dns-native-macos/4.1.79.Final/netty-resolver-dns-native-macos-4.1.79.Final-osx-aarch_64.jar:/home/runner/.m2/repository/org/apache/htrace/htrace-core4/4.1.0-incubating/htrace-core4-4.1.0-incubating.jar:/home/runner/.m2/repository/org/fusesource/leveldbjni/leveldbjni-all/1.8/leveldbjni-all-1.8.jar:/home/runner/.m2/repository/org/apache/hadoop/hadoop-distcp/3.3.1/hadoop-distcp-3.3.1.jar:/home/runner/.m2/repository/org/apache/hadoop/hadoop-mapreduce-client-jobclient/3.3.1/hadoop-mapreduce-client-jobclient-3.3.1.jar:/home/runner/.m2/repository/org/apache/hadoop/hadoop-mapreduce-client-common/3.3.1/hadoop-mapreduce-client-common-3.3.1.jar:/home/runner/.m2/repository/org/apache/hadoop/hadoop-yarn-common/3.3.1/hadoop-yarn-common-3.3.1.jar:/home/runner/.m2/repository/org/apache/hadoop/hadoop-yarn-api/3.3.1/hadoop-yarn-api-3.3.1.jar:/home/runner/.m2/repository/com/sun/jersey/contribs/jersey-guice/1.19/jersey-guice-1.19.jar:/home/runner/.m2/repository/com/fasterxml/jackson/jaxrs/jackson-jaxrs-json-provider/2.13.2/jackson-jaxrs-json-provider-2.13.2.jar:/home/runner/.m2/repository/com/fasterxml/jackson/jaxrs/jackson-jaxrs-base/2.13.2/jackson-jaxrs-base-2.13.2.jar:/home/runner/.m2/repository/org/apache/hadoop/hadoop-yarn-client/3.3.1/hadoop-yarn-client-3.3.1.jar:/home/runner/.m2/repository/org/eclipse/jetty/websocket/websocket-client/9.4.40.v20210413/websocket-client-9.4.40.v20210413.jar:/home/runner/.m2/repository/org/eclipse/jetty/websocket/websocket-common/9.4.40.v20210413/websocket-common-9.4.40.v20210413.jar:/home/runner/.m2/repository/org/eclipse/jetty/websocket/websocket-api/9.4.40.v20210413/websocket-api-9.4.40.v20210413.jar:/home/runner/.m2/repository/org/jline/jline/3.9.0/jline-3.9.0.jar:/home/runner/.m2/repository/org/apache/hadoop/hadoop-mapreduce-client-core/3.3.1/hadoop-mapreduce-client-core-3.3.1.jar:/home/runner/.m2/repository/org/apache/avro/avro/1.7.7/avro-1.7.7.jar:/home/runner/.m2/repository/org/codehaus/jackson/jackson-core-asl/1.9.13/jackson-core-asl-1.9.13.jar:/home/runner/.m2/repository/org/codehaus/jackson/jackson-mapper-asl/1.9.13/jackson-mapper-asl-1.9.13.jar:/home/runner/.m2/repository/com/thoughtworks/paranamer/paranamer/2.3/paranamer-2.3.jar:/home/runner/.m2/repository/org/apache/hadoop/hadoop-annotations/3.3.1/hadoop-annotations-3.3.1.jar:/opt/hostedtoolcache/jdk/8.0.345/x64/jre/../lib/tools.jar:/home/runner/.m2/repository/org/apache/hadoop/hadoop-distcp/3.3.1/hadoop-distcp-3.3.1-tests.jar:/home/runner/.m2/repository/org/apache/ratis/ratis-common/2.3.0/ratis-common-2.3.0.jar:/home/runner/.m2/repository/org/apache/ratis/ratis-thirdparty-misc/1.0.0/ratis-thirdparty-misc-1.0.0.jar:/home/runner/.m2/repository/org/apache/ratis/ratis-proto/2.3.0/ratis-proto-2.3.0.jar:"/>
    <property name="sun.cpu.endian" value="little"/>
    <property name="user.home" value="/home/runner"/>
    <property name="user.language" value="en"/>
    <property name="java.specification.vendor" value="Oracle Corporation"/>
    <property name="java.home" value="/opt/hostedtoolcache/jdk/8.0.345/x64/jre"/>
    <property name="java.security.krb5.conf" value="/home/runner/work/ozone/ozone/hadoop-ozone/integration-test/target/test-classes/krb5.conf"/>
    <property name="basedir" value="/home/runner/work/ozone/ozone/hadoop-ozone/integration-test"/>
    <property name="file.separator" value="/"/>
    <property name="line.separator" value="&#10;"/>
    <property name="jdk.vendor.version" value="Zulu 8.64.0.19-CA-linux64"/>
    <property name="java.vm.specification.vendor" value="Oracle Corporation"/>
    <property name="java.specification.name" value="Java Platform API Specification"/>
    <property name="java.awt.graphicsenv" value="sun.awt.X11GraphicsEnvironment"/>
    <property name="skip.installnpx" value="true"/>
    <property name="surefire.real.class.path" value="/home/runner/work/ozone/ozone/hadoop-ozone/integration-test/target/surefire/surefirebooter7265460403398792617.jar:/home/runner/.m2/repository/org/jacoco/org.jacoco.agent/0.8.5/org.jacoco.agent-0.8.5-runtime.jar"/>
    <property name="hadoop.log.dir" value="/home/runner/work/ozone/ozone/hadoop-ozone/integration-test/target/log"/>
    <property name="sun.boot.class.path" value="/opt/hostedtoolcache/jdk/8.0.345/x64/jre/lib/resources.jar:/opt/hostedtoolcache/jdk/8.0.345/x64/jre/lib/rt.jar:/opt/hostedtoolcache/jdk/8.0.345/x64/jre/lib/sunrsasign.jar:/opt/hostedtoolcache/jdk/8.0.345/x64/jre/lib/jsse.jar:/opt/hostedtoolcache/jdk/8.0.345/x64/jre/lib/jce.jar:/opt/hostedtoolcache/jdk/8.0.345/x64/jre/lib/charsets.jar:/opt/hostedtoolcache/jdk/8.0.345/x64/jre/lib/jfr.jar:/opt/hostedtoolcache/jdk/8.0.345/x64/jre/lib/cat.jar:/opt/hostedtoolcache/jdk/8.0.345/x64/jre/classes"/>
    <property name="sun.management.compiler" value="HotSpot 64-Bit Tiered Compilers"/>
    <property name="skip.npx" value="true"/>
    <property name="java.runtime.version" value="1.8.0_345-b01"/>
    <property name="java.net.preferIPv4Stack" value="true"/>
    <property name="user.name" value="runner"/>
    <property name="path.separator" value=":"/>
    <property name="java.security.egd" value="file:///dev/urandom"/>
    <property name="os.version" value="5.15.0-1019-azure"/>
    <property name="java.endorsed.dirs" value="/opt/hostedtoolcache/jdk/8.0.345/x64/jre/lib/endorsed"/>
    <property name="java.runtime.name" value="OpenJDK Runtime Environment"/>
    <property name="file.encoding" value="UTF-8"/>
    <property name="java.vm.name" value="OpenJDK 64-Bit Server VM"/>
    <property name="test.build.webapps" value=""/>
    <property name="localRepository" value="/home/runner/.m2/repository"/>
    <property name="jetty.git.hash" value="526006ecfa3af7f1a27ef3a288e2bef7ea9dd7e8"/>
    <property name="java.vendor.url.bug" value="http://www.azul.com/support/"/>
    <property name="java.io.tmpdir" value="/tmp"/>
    <property name="require.test.libhadoop" value=""/>
    <property name="java.version" value="1.8.0_345"/>
    <property name="user.dir" value="/home/runner/work/ozone/ozone/hadoop-ozone/integration-test"/>
    <property name="os.arch" value="amd64"/>
    <property name="java.vm.specification.name" value="Java Virtual Machine Specification"/>
    <property name="test.build.classes" value="/home/runner/work/ozone/ozone/hadoop-ozone/integration-test/target/test-classes"/>
    <property name="java.awt.printerjob" value="sun.print.PSPrinterJob"/>
    <property name="sun.os.patch.level" value="unknown"/>
    <property name="hadoop.tmp.dir" value="/home/runner/work/ozone/ozone/hadoop-ozone/integration-test/target/tmp"/>
    <property name="java.library.path" value="/usr/java/packages/lib/amd64:/usr/lib64:/lib64:/lib:/usr/lib"/>
    <property name="java.vm.info" value="mixed mode"/>
    <property name="java.vendor" value="Azul Systems, Inc."/>
    <property name="java.vm.version" value="25.345-b01"/>
    <property name="java.ext.dirs" value="/opt/hostedtoolcache/jdk/8.0.345/x64/jre/lib/ext:/usr/java/packages/lib/ext"/>
    <property name="sun.io.unicode.encoding" value="UnicodeLittle"/>
    <property name="java.class.version" value="52.0"/>
  </properties>
  <testcase name="testDeleteEmptyDirectory" classname="org.apache.hadoop.fs.ozone.TestDirectoryDeletingServiceWithFSO" time="1.17">
    <system-out><![CDATA[2022-09-21 13:02:01,886 [main] WARN  server.ServerUtils (ServerUtils.java:getScmDbDir(148)) - ozone.scm.db.dirs is not configured. We recommend adding this setting. Falling back to ozone.metadata.dirs instead.
2022-09-21 13:02:01,975 [main] WARN  server.ServerUtils (ServerUtils.java:getScmDbDir(148)) - ozone.scm.db.dirs is not configured. We recommend adding this setting. Falling back to ozone.metadata.dirs instead.
2022-09-21 13:02:01,979 [main] INFO  ha.SCMHANodeDetails (SCMHANodeDetails.java:loadSCMHAConfig(209)) - ServiceID for StorageContainerManager is null
2022-09-21 13:02:01,989 [main] WARN  ha.SCMHANodeDetails (SCMHANodeDetails.java:validateSCMHAConfig(182)) - Invalid config ozone.scm.ratis.enable. The config was not specified, but the default value true conflicts with the expected config value false. Falling back to the expected value. Current State of SCM: SCM is running in Non-HA without Ratis Ratis SCM -> Non Ratis SCM or Non HA SCM -> HA SCM is not supported
2022-09-21 13:02:01,990 [main] INFO  ha.SCMHANodeDetails (SCMHANodeDetails.java:loadSCMHAConfig(214)) - ozone.scm.default.service.id is not defined, falling back to ozone.scm.service.ids to find serviceID for StorageContainerManager if it is HA enabled cluster
2022-09-21 13:02:02,496 [main] WARN  utils.HAUtils (HAUtils.java:getMetaDir(342)) - ozone.scm.db.dirs is not configured. We recommend adding this setting. Falling back to ozone.metadata.dirs instead.
2022-09-21 13:02:02,685 [main] WARN  db.DBStoreBuilder (DBStoreBuilder.java:applyDBDefinition(144)) - ozone.scm.db.dirs is not configured. We recommend adding this setting. Falling back to ozone.metadata.dirs instead.
2022-09-21 13:02:02,864 [main] INFO  net.NodeSchemaLoader (NodeSchemaLoader.java:loadSchemaFromFile(129)) - Loading schema from [jar:file:/home/runner/.m2/repository/org/apache/ozone/hdds-common/1.3.0-SNAPSHOT/hdds-common-1.3.0-SNAPSHOT.jar!/network-topology-default.xml]
2022-09-21 13:02:02,866 [main] INFO  net.NodeSchemaLoader (NodeSchemaLoader.java:loadSchema(176)) - Loading network topology layer schema file
2022-09-21 13:02:02,907 [main] INFO  metrics.MetricRegistries (MetricRegistriesLoader.java:load(64)) - Loaded MetricRegistries class org.apache.ratis.metrics.impl.MetricRegistriesImpl
2022-09-21 13:02:02,912 [main] INFO  upgrade.AbstractLayoutVersionManager (AbstractLayoutVersionManager.java:init(83)) - Initializing Layout version manager with metadata layout = DATANODE_SCHEMA_V3 (version = 4), software layout = DATANODE_SCHEMA_V3 (version = 4)
2022-09-21 13:02:03,159 [main] INFO  reflections.Reflections (Reflections.java:scan(232)) - Reflections took 153 ms to scan 7 urls, producing 135 keys and 327 values 
2022-09-21 13:02:03,305 [main] INFO  ha.SequenceIdGenerator (SequenceIdGenerator.java:upgradeToSequenceId(349)) - upgrade localId to 109611004723200000
2022-09-21 13:02:03,306 [main] INFO  ha.SequenceIdGenerator (SequenceIdGenerator.java:upgradeToSequenceId(359)) - upgrade delTxnId to 0
2022-09-21 13:02:03,309 [main] INFO  ha.SequenceIdGenerator (SequenceIdGenerator.java:upgradeToSequenceId(376)) - upgrade containerId to 0
2022-09-21 13:02:03,311 [main] INFO  ha.SequenceIdGenerator (SequenceIdGenerator.java:<init>(220)) - Init the HA SequenceIdGenerator.
2022-09-21 13:02:03,349 [main] WARN  server.ServerUtils (ServerUtils.java:sanitizeUserArgs(73)) - ozone.scm.stale.node.interval value = 300000 is larger than max = 100000 based on the key value of ozone.scm.heartbeat.thread.interval, reset to the max value 100000.
2022-09-21 13:02:03,350 [main] WARN  server.ServerUtils (ServerUtils.java:sanitizeUserArgs(73)) - ozone.scm.stale.node.interval value = 300000 is larger than max = 100000 based on the key value of ozone.scm.heartbeat.thread.interval, reset to the max value 100000.
2022-09-21 13:02:03,356 [main] INFO  node.SCMNodeManager (SCMNodeManager.java:<init>(149)) - Entering startup safe mode.
2022-09-21 13:02:03,423 [main] INFO  algorithms.ContainerPlacementPolicyFactory (ContainerPlacementPolicyFactory.java:getPolicyInternal(86)) - Create container placement policy of type org.apache.hadoop.hdds.scm.container.placement.algorithms.SCMContainerPlacementRandom
2022-09-21 13:02:03,425 [main] INFO  algorithms.ContainerPlacementPolicyFactory (ContainerPlacementPolicyFactory.java:getPolicyInternal(86)) - Create container placement policy of type org.apache.hadoop.hdds.scm.container.placement.algorithms.SCMContainerPlacementRackScatter
2022-09-21 13:02:03,446 [main] INFO  pipeline.PipelineStateManagerImpl (PipelineStateManagerImpl.java:initialize(78)) - No pipeline exists in current db
2022-09-21 13:02:03,483 [main] INFO  algorithms.LeaderChoosePolicyFactory (LeaderChoosePolicyFactory.java:getPolicy(57)) - Create leader choose policy of type org.apache.hadoop.hdds.scm.pipeline.leader.choose.algorithms.MinLeaderCountChoosePolicy
2022-09-21 13:02:03,483 [main] INFO  algorithms.ContainerPlacementPolicyFactory (ContainerPlacementPolicyFactory.java:getPolicyInternal(86)) - Create container placement policy of type org.apache.hadoop.hdds.scm.container.placement.algorithms.SCMContainerPlacementRackScatter
2022-09-21 13:02:03,490 [main] INFO  ha.SCMServiceManager (SCMServiceManager.java:register(42)) - Registering service BackgroundPipelineCreator.
2022-09-21 13:02:03,490 [main] INFO  pipeline.BackgroundPipelineCreator (BackgroundPipelineCreator.java:start(124)) - Starting RatisPipelineUtilsThread.
2022-09-21 13:02:03,495 [main] INFO  BackgroundPipelineScrubber (BackgroundSCMService.java:start(68)) - Starting BackgroundPipelineScrubber Service.
2022-09-21 13:02:03,495 [main] INFO  ha.SCMServiceManager (SCMServiceManager.java:register(42)) - Registering service BackgroundPipelineScrubber.
2022-09-21 13:02:03,503 [main] INFO  ExpiredContainerReplicaOpScrubber (BackgroundSCMService.java:start(68)) - Starting ExpiredContainerReplicaOpScrubber Service.
2022-09-21 13:02:03,503 [main] INFO  ha.SCMServiceManager (SCMServiceManager.java:register(42)) - Registering service ExpiredContainerReplicaOpScrubber.
2022-09-21 13:02:03,534 [main] INFO  algorithms.PipelineChoosePolicyFactory (PipelineChoosePolicyFactory.java:createPipelineChoosePolicyFromClass(73)) - Create pipeline choose policy of type org.apache.hadoop.hdds.scm.pipeline.choose.algorithms.RandomPipelineChoosePolicy
2022-09-21 13:02:03,555 [main] INFO  ha.SCMServiceManager (SCMServiceManager.java:register(42)) - Registering service SCMBlockDeletingService.
2022-09-21 13:02:03,603 [main] INFO  replication.ReplicationManager (ReplicationManager.java:start(218)) - Starting Replication Monitor Thread.
2022-09-21 13:02:03,610 [main] INFO  ha.SCMServiceManager (SCMServiceManager.java:register(42)) - Registering service ReplicationManager.
2022-09-21 13:02:03,615 [ReplicationMonitor] INFO  replication.ReplicationManager (ReplicationManager.java:processAll(286)) - Replication Manager is not ready to run until 3000ms after safemode exit
2022-09-21 13:02:03,626 [main] INFO  safemode.ContainerSafeModeRule (ContainerSafeModeRule.java:<init>(89)) - containers with one replica threshold count 0
2022-09-21 13:02:03,629 [main] INFO  safemode.HealthyPipelineSafeModeRule (HealthyPipelineSafeModeRule.java:initializeRule(169)) - Total pipeline count is 0, healthy pipeline threshold count is 1
2022-09-21 13:02:03,632 [main] INFO  safemode.OneReplicaPipelineSafeModeRule (OneReplicaPipelineSafeModeRule.java:initializeRule(180)) - Total pipeline count is 0, pipeline's with at least one datanode reported threshold count is 0
2022-09-21 13:02:03,936 [main] INFO  audit.AuditLogger (AuditLogger.java:refreshDebugCmdSet(126)) - Refresh DebugCmdSet for SCMAudit to [].
2022-09-21 13:02:03,967 [main] INFO  ipc.CallQueueManager (CallQueueManager.java:<init>(90)) - Using callQueue: class java.util.concurrent.LinkedBlockingQueue, queueCapacity: 2000, scheduler: class org.apache.hadoop.ipc.DefaultRpcScheduler, ipcBackoff: false.
2022-09-21 13:02:04,004 [Socket Reader #1 for port 0] INFO  ipc.Server (Server.java:run(1265)) - Starting Socket Reader #1 for port 0
2022-09-21 13:02:04,053 [Listener at 0.0.0.0/43195] INFO  audit.AuditLogger (AuditLogger.java:refreshDebugCmdSet(126)) - Refresh DebugCmdSet for SCMAudit to [].
2022-09-21 13:02:04,059 [Listener at 0.0.0.0/43195] INFO  ipc.CallQueueManager (CallQueueManager.java:<init>(90)) - Using callQueue: class java.util.concurrent.LinkedBlockingQueue, queueCapacity: 2000, scheduler: class org.apache.hadoop.ipc.DefaultRpcScheduler, ipcBackoff: false.
2022-09-21 13:02:04,060 [Socket Reader #1 for port 0] INFO  ipc.Server (Server.java:run(1265)) - Starting Socket Reader #1 for port 0
2022-09-21 13:02:04,090 [Listener at 0.0.0.0/38077] INFO  audit.AuditLogger (AuditLogger.java:refreshDebugCmdSet(126)) - Refresh DebugCmdSet for SCMAudit to [].
2022-09-21 13:02:04,102 [Listener at 0.0.0.0/38077] INFO  ipc.CallQueueManager (CallQueueManager.java:<init>(90)) - Using callQueue: class java.util.concurrent.LinkedBlockingQueue, queueCapacity: 2000, scheduler: class org.apache.hadoop.ipc.DefaultRpcScheduler, ipcBackoff: false.
2022-09-21 13:02:04,103 [Socket Reader #1 for port 0] INFO  ipc.Server (Server.java:run(1265)) - Starting Socket Reader #1 for port 0
2022-09-21 13:02:04,168 [Listener at 0.0.0.0/44509] INFO  ha.SCMServiceManager (SCMServiceManager.java:register(42)) - Registering service ContainerBalancer.
2022-09-21 13:02:04,169 [Listener at 0.0.0.0/44509] INFO  server.StorageContainerManager (StorageContainerManager.java:<init>(410)) - 
Container Balancer status:
Key                            Value
Running                        false
Container Balancer Configuration values:
Key                                                Value
Threshold                                          10
Max Datanodes to Involve per Iteration(percent)    20
Max Size to Move per Iteration                     500GB
Max Size Entering Target per Iteration             26GB
Max Size Leaving Source per Iteration              26GB

2022-09-21 13:02:04,169 [Listener at 0.0.0.0/44509] WARN  events.EventQueue (EventQueue.java:fireEvent(216)) - No event handler registered for event TypedEvent{payloadType=SafeModeStatus, name='Safe mode status'}
2022-09-21 13:02:04,171 [Listener at 0.0.0.0/44509] INFO  ha.SCMContext (SCMContext.java:updateSafeModeStatus(228)) - Update SafeModeStatus from SafeModeStatus{safeModeStatus=true, preCheckPassed=false} to SafeModeStatus{safeModeStatus=true, preCheckPassed=false}.
2022-09-21 13:02:04,174 [Listener at 0.0.0.0/44509] INFO  server.StorageContainerManager (StorageContainerManager.java:start(1436)) - StorageContainerLocationProtocol RPC server is listening at /0.0.0.0:44509
2022-09-21 13:02:04,322 [Listener at 0.0.0.0/44509] WARN  impl.MetricsConfig (MetricsConfig.java:loadFirst(136)) - Cannot locate configuration: tried hadoop-metrics2-storagecontainermanager.properties,hadoop-metrics2.properties
2022-09-21 13:02:04,335 [Listener at 0.0.0.0/44509] INFO  impl.MetricsSystemImpl (MetricsSystemImpl.java:startTimer(378)) - Scheduled Metric snapshot period at 10 second(s).
2022-09-21 13:02:04,335 [Listener at 0.0.0.0/44509] INFO  impl.MetricsSystemImpl (MetricsSystemImpl.java:start(191)) - StorageContainerManager metrics system started
2022-09-21 13:02:04,570 [Listener at 0.0.0.0/44509] INFO  server.SCMClientProtocolServer (SCMClientProtocolServer.java:start(170)) - RPC server for Client  is listening at /0.0.0.0:44509
2022-09-21 13:02:04,571 [IPC Server Responder] INFO  ipc.Server (Server.java:run(1507)) - IPC Server Responder: starting
2022-09-21 13:02:04,572 [IPC Server listener on 0] INFO  ipc.Server (Server.java:run(1344)) - IPC Server listener on 0: starting
2022-09-21 13:02:04,575 [Listener at 0.0.0.0/44509] INFO  server.StorageContainerManager (StorageContainerManager.java:start(1451)) - ScmBlockLocationProtocol RPC server is listening at /0.0.0.0:38077
2022-09-21 13:02:04,575 [Listener at 0.0.0.0/44509] INFO  server.SCMBlockProtocolServer (SCMBlockProtocolServer.java:start(152)) - RPC server for Block Protocol is listening at /0.0.0.0:38077
2022-09-21 13:02:04,576 [IPC Server Responder] INFO  ipc.Server (Server.java:run(1507)) - IPC Server Responder: starting
2022-09-21 13:02:04,576 [IPC Server listener on 0] INFO  ipc.Server (Server.java:run(1344)) - IPC Server listener on 0: starting
2022-09-21 13:02:04,578 [Listener at 0.0.0.0/44509] INFO  server.SCMDatanodeProtocolServer (SCMDatanodeProtocolServer.java:start(186)) - ScmDatanodeProtocol RPC server for DataNodes is listening at /0.0.0.0:43195
2022-09-21 13:02:04,579 [IPC Server Responder] INFO  ipc.Server (Server.java:run(1507)) - IPC Server Responder: starting
2022-09-21 13:02:04,580 [IPC Server listener on 0] INFO  ipc.Server (Server.java:run(1344)) - IPC Server listener on 0: starting
2022-09-21 13:02:04,604 [org.apache.hadoop.util.JvmPauseMonitor$Monitor@ca2a03f] INFO  util.JvmPauseMonitor (JvmPauseMonitor.java:run(188)) - Starting JVM pause monitor
2022-09-21 13:02:04,615 [Listener at 0.0.0.0/44509] INFO  http.BaseHttpServer (BaseHttpServer.java:newHttpServer2BuilderForOzone(213)) - Starting Web-server for scm at: http://0.0.0.0:0
2022-09-21 13:02:04,616 [Listener at 0.0.0.0/44509] INFO  http.BaseHttpServer (BaseHttpServer.java:<init>(108)) - Hadoop Security Enabled: false Ozone Security Enabled: false Ozone HTTP Security Enabled: false 
2022-09-21 13:02:04,641 [Listener at 0.0.0.0/44509] INFO  util.log (Log.java:initialized(170)) - Logging initialized @4131ms to org.eclipse.jetty.util.log.Slf4jLog
2022-09-21 13:02:04,749 [Listener at 0.0.0.0/44509] INFO  server.AuthenticationFilter (AuthenticationFilter.java:constructSecretProvider(240)) - Unable to initialize FileSignerSecretProvider, falling back to use random secrets.
2022-09-21 13:02:04,754 [Listener at 0.0.0.0/44509] WARN  http.HttpRequestLog (HttpRequestLog.java:getRequestLog(103)) - Jetty request log can only be enabled using Log4j
2022-09-21 13:02:04,762 [Listener at 0.0.0.0/44509] INFO  http.HttpServer2 (HttpServer2.java:addGlobalFilter(1029)) - Added global filter 'safety' (class=org.apache.hadoop.hdds.server.http.HttpServer2$QuotingInputFilter)
2022-09-21 13:02:04,764 [Listener at 0.0.0.0/44509] INFO  http.HttpServer2 (HttpServer2.java:addFilter(1005)) - Added filter static_user_filter (class=org.apache.hadoop.http.lib.StaticUserWebFilter$StaticUserFilter) to context scm
2022-09-21 13:02:04,764 [Listener at 0.0.0.0/44509] INFO  http.HttpServer2 (HttpServer2.java:addFilter(1013)) - Added filter static_user_filter (class=org.apache.hadoop.http.lib.StaticUserWebFilter$StaticUserFilter) to context static
2022-09-21 13:02:04,765 [Listener at 0.0.0.0/44509] INFO  http.HttpServer2 (HttpServer2.java:addFilter(1013)) - Added filter static_user_filter (class=org.apache.hadoop.http.lib.StaticUserWebFilter$StaticUserFilter) to context logs
2022-09-21 13:02:04,805 [Listener at 0.0.0.0/44509] INFO  http.HttpServer2 (HttpServer2.java:bindListener(1248)) - Jetty bound to port 39733
2022-09-21 13:02:04,806 [Listener at 0.0.0.0/44509] INFO  server.Server (Server.java:doStart(375)) - jetty-9.4.43.v20210629; built: 2021-06-30T11:07:22.254Z; git: 526006ecfa3af7f1a27ef3a288e2bef7ea9dd7e8; jvm 1.8.0_345-b01
2022-09-21 13:02:04,836 [Listener at 0.0.0.0/44509] INFO  server.session (DefaultSessionIdManager.java:doStart(334)) - DefaultSessionIdManager workerName=node0
2022-09-21 13:02:04,836 [Listener at 0.0.0.0/44509] INFO  server.session (DefaultSessionIdManager.java:doStart(339)) - No SessionScavenger set, using defaults
2022-09-21 13:02:04,838 [Listener at 0.0.0.0/44509] INFO  server.session (HouseKeeper.java:startScavenging(132)) - node0 Scavenging every 600000ms
2022-09-21 13:02:04,849 [Listener at 0.0.0.0/44509] INFO  handler.ContextHandler (ContextHandler.java:doStart(915)) - Started o.e.j.s.ServletContextHandler@1e489957{logs,/logs,file:///home/runner/work/ozone/ozone/hadoop-ozone/integration-test/target/log,AVAILABLE}
2022-09-21 13:02:04,850 [Listener at 0.0.0.0/44509] INFO  handler.ContextHandler (ContextHandler.java:doStart(915)) - Started o.e.j.s.ServletContextHandler@4351d055{static,/static,file:///home/runner/work/ozone/ozone/hadoop-ozone/integration-test/target/test-classes/webapps/static,AVAILABLE}
2022-09-21 13:02:04,895 [Listener at 0.0.0.0/44509] INFO  handler.ContextHandler (ContextHandler.java:doStart(915)) - Started o.e.j.w.WebAppContext@b0c4905{scm,/,file:///home/runner/work/ozone/ozone/hadoop-ozone/integration-test/target/test-classes/webapps/scm/,AVAILABLE}{file:/home/runner/work/ozone/ozone/hadoop-ozone/integration-test/target/test-classes/webapps/scm}
2022-09-21 13:02:04,907 [Listener at 0.0.0.0/44509] INFO  server.AbstractConnector (AbstractConnector.java:doStart(331)) - Started ServerConnector@1c571162{HTTP/1.1, (http/1.1)}{0.0.0.0:39733}
2022-09-21 13:02:04,907 [Listener at 0.0.0.0/44509] INFO  server.Server (Server.java:doStart(415)) - Started @4397ms
2022-09-21 13:02:04,909 [Listener at 0.0.0.0/44509] INFO  impl.MetricsSinkAdapter (MetricsSinkAdapter.java:start(204)) - Sink prometheus started
2022-09-21 13:02:04,910 [Listener at 0.0.0.0/44509] INFO  impl.MetricsSystemImpl (MetricsSystemImpl.java:registerSink(305)) - Registered sink prometheus
2022-09-21 13:02:04,911 [Listener at 0.0.0.0/44509] INFO  http.BaseHttpServer (BaseHttpServer.java:updateConnectorAddress(333)) - HTTP server of scm listening at http://0.0.0.0:39733
2022-09-21 13:02:04,913 [Listener at 0.0.0.0/44509] WARN  server.ServerUtils (ServerUtils.java:getDBPath(225)) - ozone.om.db.dirs is not configured. We recommend adding this setting. Falling back to ozone.metadata.dirs instead.
2022-09-21 13:02:04,981 [Listener at 0.0.0.0/44509] INFO  audit.AuditLogger (AuditLogger.java:refreshDebugCmdSet(126)) - Refresh DebugCmdSet for OMAudit to [].
2022-09-21 13:02:05,057 [Listener at 0.0.0.0/44509] INFO  ha.OMHANodeDetails (OMHANodeDetails.java:loadOMHAConfig(115)) - ozone.om.internal.service.id is not defined, falling back to ozone.om.service.ids to find serviceID for OzoneManager if it is HA enabled cluster
2022-09-21 13:02:05,060 [Listener at 0.0.0.0/44509] INFO  ha.OMHANodeDetails (OMHANodeDetails.java:loadOMHAConfig(226)) - Configuration does not have ozone.om.address set. Falling back to the default OM address /127.0.0.1:0
2022-09-21 13:02:05,060 [Listener at 0.0.0.0/44509] INFO  ha.OMHANodeDetails (OMHANodeDetails.java:getOMNodeDetailsForNonHA(254)) - OM Service ID is not set. Setting it to the default ID: omServiceIdDefault
2022-09-21 13:02:05,060 [Listener at 0.0.0.0/44509] INFO  ha.OMHANodeDetails (OMHANodeDetails.java:getOMNodeDetailsForNonHA(261)) - OM Node ID is not set. Setting it to the default ID: om1
2022-09-21 13:02:05,065 [Listener at 0.0.0.0/44509] WARN  server.ServerUtils (ServerUtils.java:getDBPath(225)) - ozone.om.db.dirs is not configured. We recommend adding this setting. Falling back to ozone.metadata.dirs instead.
2022-09-21 13:02:05,068 [Listener at 0.0.0.0/44509] INFO  upgrade.AbstractLayoutVersionManager (AbstractLayoutVersionManager.java:init(83)) - Initializing Layout version manager with metadata layout = MULTITENANCY_SCHEMA (version = 3), software layout = MULTITENANCY_SCHEMA (version = 3)
2022-09-21 13:02:05,149 [Listener at 0.0.0.0/44509] INFO  reflections.Reflections (Reflections.java:scan(232)) - Reflections took 77 ms to scan 2 urls, producing 153 keys and 427 values [using 2 cores]
2022-09-21 13:02:05,153 [Listener at 0.0.0.0/44509] INFO  upgrade.OMLayoutVersionManager (OMLayoutVersionManager.java:lambda$0(115)) - Skipping Upgrade Action MockOmUpgradeAction since it has been finalized.
2022-09-21 13:02:05,154 [Listener at 0.0.0.0/44509] WARN  server.ServerUtils (ServerUtils.java:getDBPath(225)) - ozone.om.db.dirs is not configured. We recommend adding this setting. Falling back to ozone.metadata.dirs instead.
2022-09-21 13:02:05,321 [Listener at 0.0.0.0/44509] INFO  proxy.SCMBlockLocationFailoverProxyProvider (SCMBlockLocationFailoverProxyProvider.java:<init>(114)) - Created block location fail-over proxy with 1 nodes: [nodeId=scmNodeId,nodeAddress=/0.0.0.0:38077]
2022-09-21 13:02:05,349 [Listener at 0.0.0.0/44509] INFO  proxy.SCMBlockLocationFailoverProxyProvider (SCMBlockLocationFailoverProxyProvider.java:<init>(114)) - Created block location fail-over proxy with 1 nodes: [nodeId=scmNodeId,nodeAddress=/0.0.0.0:38077]
2022-09-21 13:02:05,568 [Listener at 0.0.0.0/44509] WARN  server.ServerUtils (ServerUtils.java:getDBPath(225)) - ozone.om.db.dirs is not configured. We recommend adding this setting. Falling back to ozone.metadata.dirs instead.
2022-09-21 13:02:05,575 [Listener at 0.0.0.0/44509] INFO  codec.OmKeyInfoCodec (OmKeyInfoCodec.java:<init>(49)) - OmKeyInfoCodec ignorePipeline = true
2022-09-21 13:02:05,576 [Listener at 0.0.0.0/44509] INFO  codec.RepeatedOmKeyInfoCodec (RepeatedOmKeyInfoCodec.java:<init>(41)) - RepeatedOmKeyInfoCodec ignorePipeline = true
2022-09-21 13:02:05,708 [Listener at 0.0.0.0/44509] INFO  om.OzoneManager (OzoneManager.java:instantiateServices(707)) - S3 Multi-Tenancy is disabled
2022-09-21 13:02:05,819 [Listener at 0.0.0.0/44509] INFO  om.OzoneManager (OzoneManager.java:addS3GVolumeToDB(4298)) - Created Volume s3v With Owner runner required for S3Gateway operations.
2022-09-21 13:02:05,880 [Listener at 0.0.0.0/44509] WARN  server.ServerUtils (ServerUtils.java:getDefaultRatisDirectory(237)) - Storage directory for Ratis is not configured. It is a good idea to map this to an SSD disk. Falling back to ozone.metadata.dirs
2022-09-21 13:02:05,880 [Listener at 0.0.0.0/44509] WARN  utils.OzoneManagerRatisUtils (OzoneManagerRatisUtils.java:getOMRatisSnapshotDirectory(434)) - ozone.om.ratis.snapshot.dir is not configured. Falling back to ozone.metadata.dirs config
2022-09-21 13:02:05,899 [Listener at 0.0.0.0/44509] WARN  server.ServerUtils (ServerUtils.java:getDefaultRatisDirectory(237)) - Storage directory for Ratis is not configured. It is a good idea to map this to an SSD disk. Falling back to ozone.metadata.dirs
2022-09-21 13:02:05,924 [Listener at 0.0.0.0/44509] INFO  ratis.OzoneManagerRatisServer (OzoneManagerRatisServer.java:<init>(159)) - Instantiating OM Ratis server with groupID: omServiceIdDefault and peers: localhost:9872
2022-09-21 13:02:05,932 [Listener at 0.0.0.0/44509] INFO  ratis.OzoneManagerStateMachine (OzoneManagerStateMachine.java:loadSnapshotInfoFromDB(632)) - LastAppliedIndex is set from TransactionInfo from OM DB as (t:0, i:~)
2022-09-21 13:02:05,979 [Listener at 0.0.0.0/44509] INFO  server.RaftServer (ConfUtils.java:logGet(46)) - raft.rpc.type = GRPC (default)
2022-09-21 13:02:06,058 [Listener at 0.0.0.0/44509] INFO  grpc.GrpcFactory (GrpcFactory.java:checkPooledByteBufAllocatorUseCacheForAllThreads(48)) - PERFORMANCE WARNING: useCacheForAllThreads is true that may cause Netty to create a lot garbage objects and, as a result, trigger GC.
	It is recommended to disable useCacheForAllThreads by setting -Dorg.apache.ratis.thirdparty.io.netty.allocator.useCacheForAllThreads=false in command line.
2022-09-21 13:02:06,062 [Listener at 0.0.0.0/44509] INFO  grpc.GrpcConfigKeys (ConfUtils.java:logGet(46)) - raft.grpc.admin.port = -1 (default)
2022-09-21 13:02:06,062 [Listener at 0.0.0.0/44509] INFO  grpc.GrpcConfigKeys (ConfUtils.java:logGet(46)) - raft.grpc.server.port = 9872 (custom)
2022-09-21 13:02:06,062 [Listener at 0.0.0.0/44509] INFO  grpc.GrpcConfigKeys (ConfUtils.java:logGet(46)) - raft.grpc.client.port = -1 (default)
2022-09-21 13:02:06,063 [Listener at 0.0.0.0/44509] INFO  grpc.GrpcConfigKeys (ConfUtils.java:logGet(46)) - raft.grpc.server.port = 9872 (custom)
2022-09-21 13:02:06,063 [Listener at 0.0.0.0/44509] INFO  grpc.GrpcConfigKeys (ConfUtils.java:logGet(46)) - raft.grpc.server.port = 9872 (custom)
2022-09-21 13:02:06,063 [Listener at 0.0.0.0/44509] INFO  server.GrpcService (ConfUtils.java:logGet(46)) - raft.grpc.message.size.max = 33554432 (custom)
2022-09-21 13:02:06,064 [Listener at 0.0.0.0/44509] INFO  server.RaftServerConfigKeys (ConfUtils.java:logGet(46)) - raft.server.log.appender.buffer.byte-limit = 33554432 (custom)
2022-09-21 13:02:06,065 [Listener at 0.0.0.0/44509] INFO  server.GrpcService (ConfUtils.java:logGet(46)) - raft.grpc.flow.control.window = 1MB (=1048576) (default)
2022-09-21 13:02:06,065 [Listener at 0.0.0.0/44509] INFO  server.RaftServerConfigKeys (ConfUtils.java:logGet(46)) - raft.server.rpc.request.timeout = 3000ms (default)
2022-09-21 13:02:06,081 [Listener at 0.0.0.0/44509] INFO  grpc.GrpcConfigKeys (ConfUtils.java:logGet(46)) - raft.grpc.server.async.request.thread.pool.cached = true (default)
2022-09-21 13:02:06,082 [Listener at 0.0.0.0/44509] INFO  grpc.GrpcConfigKeys (ConfUtils.java:logGet(46)) - raft.grpc.server.async.request.thread.pool.size = 32 (default)
2022-09-21 13:02:06,358 [Listener at 0.0.0.0/44509] INFO  impl.DataStreamServerImpl (ConfUtils.java:logGet(46)) - raft.datastream.type = DISABLED (default)
2022-09-21 13:02:06,361 [Listener at 0.0.0.0/44509] INFO  server.RaftServerConfigKeys (ConfUtils.java:logGet(46)) - raft.server.threadpool.proxy.cached = true (default)
2022-09-21 13:02:06,361 [Listener at 0.0.0.0/44509] INFO  server.RaftServerConfigKeys (ConfUtils.java:logGet(46)) - raft.server.threadpool.proxy.size = 0 (default)
2022-09-21 13:02:06,361 [Listener at 0.0.0.0/44509] INFO  server.RaftServerConfigKeys (ConfUtils.java:logGet(46)) - raft.server.rpc.slowness.timeout = 120s (custom)
2022-09-21 13:02:06,362 [Listener at 0.0.0.0/44509] INFO  server.RaftServerConfigKeys (ConfUtils.java:logGet(46)) - raft.server.leaderelection.leader.step-down.wait-time = 10s (default)
2022-09-21 13:02:06,364 [Listener at 0.0.0.0/44509] INFO  server.RaftServerConfigKeys (ConfUtils.java:logGet(46)) - raft.server.storage.dir = [/home/runner/work/ozone/ozone/hadoop-ozone/integration-test/target/test-dir/MiniOzoneClusterImpl-5e569bcc-b975-4850-9644-8f3a71d45aaa/ozone-meta/ratis] (custom)
2022-09-21 13:02:06,371 [Listener at 0.0.0.0/44509] INFO  server.RaftServer (RaftServerProxy.java:addNew(96)) - om1: addNew group-C5BA1605619E:[om1|rpc:localhost:9872|priority:0] returns group-C5BA1605619E:java.util.concurrent.CompletableFuture@bdeda0e[Not completed]
2022-09-21 13:02:06,372 [Listener at 0.0.0.0/44509] INFO  om.OzoneManager (OzoneManager.java:initializeRatisServer(1973)) - OzoneManager Ratis server initialized at port 9872
2022-09-21 13:02:06,387 [Listener at 0.0.0.0/44509] INFO  om.OzoneManager (OzoneManager.java:getRpcServer(1096)) - Creating RPC Server
2022-09-21 13:02:06,414 [pool-55-thread-1] INFO  server.RaftServer$Division (RaftServerImpl.java:<init>(190)) - om1: new RaftServerImpl for group-C5BA1605619E:[om1|rpc:localhost:9872|priority:0] with OzoneManagerStateMachine:uninitialized
2022-09-21 13:02:06,416 [pool-55-thread-1] INFO  server.RaftServerConfigKeys (ConfUtils.java:logGet(46)) - raft.server.rpc.timeout.min = 1s (custom)
2022-09-21 13:02:06,417 [pool-55-thread-1] INFO  server.RaftServerConfigKeys (ConfUtils.java:logGet(46)) - raft.server.rpc.timeout.max = 1200ms (custom)
2022-09-21 13:02:06,417 [pool-55-thread-1] INFO  server.RaftServerConfigKeys (ConfUtils.java:logGet(46)) - raft.server.rpc.sleep.time = 25ms (default)
2022-09-21 13:02:06,417 [pool-55-thread-1] INFO  server.RaftServerConfigKeys (ConfUtils.java:logGet(46)) - raft.server.rpc.slowness.timeout = 120s (custom)
2022-09-21 13:02:06,417 [pool-55-thread-1] INFO  server.RaftServerConfigKeys (ConfUtils.java:logGet(46)) - raft.server.leaderelection.leader.step-down.wait-time = 10s (default)
2022-09-21 13:02:06,417 [pool-55-thread-1] INFO  server.RaftServerConfigKeys (ConfUtils.java:logGet(46)) - raft.server.sleep.deviation.threshold = 300ms (default)
2022-09-21 13:02:06,433 [pool-55-thread-1] INFO  server.RaftServer$Division (ServerState.java:<init>(107)) - om1@group-C5BA1605619E: ConfigurationManager, init=-1: [om1|rpc:localhost:9872|priority:0], old=null, confs=<EMPTY_MAP>
2022-09-21 13:02:06,433 [pool-55-thread-1] INFO  server.RaftServerConfigKeys (ConfUtils.java:logGet(46)) - raft.server.storage.dir = [/home/runner/work/ozone/ozone/hadoop-ozone/integration-test/target/test-dir/MiniOzoneClusterImpl-5e569bcc-b975-4850-9644-8f3a71d45aaa/ozone-meta/ratis] (custom)
2022-09-21 13:02:06,444 [pool-55-thread-1] INFO  server.RaftServerConfigKeys (ConfUtils.java:logGet(46)) - raft.server.log.corruption.policy = EXCEPTION (default)
2022-09-21 13:02:06,444 [pool-55-thread-1] INFO  server.RaftServerConfigKeys (ConfUtils.java:logGet(46)) - raft.server.storage.free-space.min = 0MB (=0) (default)
2022-09-21 13:02:06,445 [pool-55-thread-1] INFO  storage.RaftStorageDirectory (RaftStorageDirectoryImpl.java:analyzeStorage(135)) - The storage directory /home/runner/work/ozone/ozone/hadoop-ozone/integration-test/target/test-dir/MiniOzoneClusterImpl-5e569bcc-b975-4850-9644-8f3a71d45aaa/ozone-meta/ratis/bf265839-605b-3f16-9796-c5ba1605619e does not exist. Creating ...
2022-09-21 13:02:06,472 [pool-55-thread-1] INFO  storage.RaftStorageDirectory (RaftStorageDirectoryImpl.java:tryLock(230)) - Lock on /home/runner/work/ozone/ozone/hadoop-ozone/integration-test/target/test-dir/MiniOzoneClusterImpl-5e569bcc-b975-4850-9644-8f3a71d45aaa/ozone-meta/ratis/bf265839-605b-3f16-9796-c5ba1605619e/in_use.lock acquired by nodename 2822@fv-az334-292
2022-09-21 13:02:06,500 [pool-55-thread-1] INFO  storage.RaftStorage (RaftStorageImpl.java:format(89)) - Storage directory /home/runner/work/ozone/ozone/hadoop-ozone/integration-test/target/test-dir/MiniOzoneClusterImpl-5e569bcc-b975-4850-9644-8f3a71d45aaa/ozone-meta/ratis/bf265839-605b-3f16-9796-c5ba1605619e has been successfully formatted.
2022-09-21 13:02:06,503 [pool-55-thread-1] INFO  server.RaftServerConfigKeys (ConfUtils.java:logGet(46)) - raft.server.notification.no-leader.timeout = 120s (custom)
2022-09-21 13:02:06,516 [pool-55-thread-1] INFO  server.RaftServerConfigKeys (ConfUtils.java:logGet(46)) - raft.server.log.use.memory = false (default)
2022-09-21 13:02:06,542 [pool-55-thread-1] INFO  server.RaftServerConfigKeys (ConfUtils.java:logGet(46)) - raft.server.log.purge.gap = 1000000 (custom)
2022-09-21 13:02:06,551 [pool-55-thread-1] INFO  server.RaftServerConfigKeys (ConfUtils.java:logGet(46)) - raft.server.log.appender.buffer.byte-limit = 33554432 (custom)
2022-09-21 13:02:06,553 [pool-55-thread-1] INFO  server.RaftServerConfigKeys (ConfUtils.java:logGet(46)) - raft.server.log.statemachine.data.read.timeout = 1000ms (default)
2022-09-21 13:02:06,573 [pool-55-thread-1] INFO  server.RaftServerConfigKeys (ConfUtils.java:logGet(46)) - raft.server.log.segment.size.max = 4194304 (custom)
2022-09-21 13:02:06,587 [pool-55-thread-1] INFO  server.RaftServerConfigKeys (ConfUtils.java:logGet(46)) - raft.server.log.segment.cache.num.max = 2 (custom)
2022-09-21 13:02:06,587 [pool-55-thread-1] INFO  server.RaftServerConfigKeys (ConfUtils.java:logGet(46)) - raft.server.log.segment.cache.size.max = 200MB (=209715200) (default)
2022-09-21 13:02:06,601 [pool-55-thread-1] INFO  segmented.SegmentedRaftLogWorker (SegmentedRaftLogWorker.java:<init>(187)) - new om1@group-C5BA1605619E-SegmentedRaftLogWorker for RaftStorageImpl:Storage Directory /home/runner/work/ozone/ozone/hadoop-ozone/integration-test/target/test-dir/MiniOzoneClusterImpl-5e569bcc-b975-4850-9644-8f3a71d45aaa/ozone-meta/ratis/bf265839-605b-3f16-9796-c5ba1605619e
2022-09-21 13:02:06,602 [pool-55-thread-1] INFO  server.RaftServerConfigKeys (ConfUtils.java:logGet(46)) - raft.server.log.queue.byte-limit = 64MB (=67108864) (default)
2022-09-21 13:02:06,602 [pool-55-thread-1] INFO  server.RaftServerConfigKeys (ConfUtils.java:logGet(46)) - raft.server.log.queue.element-limit = 4096 (default)
2022-09-21 13:02:06,603 [pool-55-thread-1] INFO  server.RaftServerConfigKeys (ConfUtils.java:logGet(46)) - raft.server.log.segment.size.max = 4194304 (custom)
2022-09-21 13:02:06,603 [pool-55-thread-1] INFO  server.RaftServerConfigKeys (ConfUtils.java:logGet(46)) - raft.server.log.preallocated.size = 4194304 (custom)
2022-09-21 13:02:06,604 [pool-55-thread-1] INFO  server.RaftServerConfigKeys (ConfUtils.java:logGet(46)) - raft.server.log.force.sync.num = 128 (default)
2022-09-21 13:02:06,610 [pool-55-thread-1] INFO  server.RaftServerConfigKeys (ConfUtils.java:logGet(46)) - raft.server.log.statemachine.data.sync = true (default)
2022-09-21 13:02:06,610 [pool-55-thread-1] INFO  server.RaftServerConfigKeys (ConfUtils.java:logGet(46)) - raft.server.log.statemachine.data.sync.timeout = 10s (default)
2022-09-21 13:02:06,611 [pool-55-thread-1] INFO  server.RaftServerConfigKeys (ConfUtils.java:logGet(46)) - raft.server.log.statemachine.data.sync.timeout.retry = -1 (default)
2022-09-21 13:02:06,625 [pool-55-thread-1] INFO  server.RaftServerConfigKeys (ConfUtils.java:logGet(46)) - raft.server.log.write.buffer.size = 64KB (=65536) (default)
2022-09-21 13:02:06,626 [pool-55-thread-1] INFO  server.RaftServerConfigKeys (ConfUtils.java:logGet(46)) - raft.server.log.unsafe-flush.enabled = false (default)
2022-09-21 13:02:06,626 [pool-55-thread-1] INFO  server.RaftServerConfigKeys (ConfUtils.java:logGet(46)) - raft.server.log.statemachine.data.caching.enabled = false (default)
2022-09-21 13:02:06,636 [pool-55-thread-1] INFO  segmented.SegmentedRaftLogWorker (SegmentedRaftLogWorker.java:lambda$new$0(135)) - om1@group-C5BA1605619E-SegmentedRaftLogWorker: flushIndex: setUnconditionally 0 -> -1
2022-09-21 13:02:06,636 [pool-55-thread-1] INFO  segmented.SegmentedRaftLogWorker (SegmentedRaftLogWorker.java:lambda$new$0(135)) - om1@group-C5BA1605619E-SegmentedRaftLogWorker: safeCacheEvictIndex: setUnconditionally 0 -> -1
2022-09-21 13:02:06,651 [pool-55-thread-1] INFO  server.RaftServerConfigKeys (ConfUtils.java:logGet(46)) - raft.server.snapshot.auto.trigger.enabled = true (custom)
2022-09-21 13:02:06,651 [pool-55-thread-1] INFO  server.RaftServerConfigKeys (ConfUtils.java:logGet(46)) - raft.server.snapshot.auto.trigger.threshold = 400000 (default)
2022-09-21 13:02:06,652 [pool-55-thread-1] INFO  server.RaftServerConfigKeys (ConfUtils.java:logGet(46)) - raft.server.snapshot.retention.file.num = -1 (default)
2022-09-21 13:02:06,653 [pool-55-thread-1] INFO  server.RaftServerConfigKeys (ConfUtils.java:logGet(46)) - raft.server.log.purge.upto.snapshot.index = true (custom)
2022-09-21 13:02:06,654 [pool-55-thread-1] INFO  server.RaftServerConfigKeys (ConfUtils.java:logGet(46)) - raft.server.retrycache.expirytime = 300s (custom)
2022-09-21 13:02:06,654 [pool-55-thread-1] INFO  server.RaftServerConfigKeys (ConfUtils.java:logGet(46)) - raft.server.retrycache.statistics.expirytime = 100μs (default)
2022-09-21 13:02:06,748 [pool-55-thread-1] INFO  server.RaftServerConfigKeys (ConfUtils.java:logGet(46)) - raft.server.log.appender.install.snapshot.enabled = false (custom)
2022-09-21 13:02:06,749 [pool-55-thread-1] INFO  server.RaftServerConfigKeys (ConfUtils.java:logGet(46)) - raft.server.threadpool.server.cached = true (default)
2022-09-21 13:02:06,749 [pool-55-thread-1] INFO  server.RaftServerConfigKeys (ConfUtils.java:logGet(46)) - raft.server.threadpool.server.size = 0 (default)
2022-09-21 13:02:06,749 [pool-55-thread-1] INFO  server.RaftServerConfigKeys (ConfUtils.java:logGet(46)) - raft.server.threadpool.client.cached = true (default)
2022-09-21 13:02:06,750 [pool-55-thread-1] INFO  server.RaftServerConfigKeys (ConfUtils.java:logGet(46)) - raft.server.threadpool.client.size = 0 (default)
2022-09-21 13:02:07,165 [Listener at 0.0.0.0/44509] INFO  reflections.Reflections (Reflections.java:scan(232)) - Reflections took 720 ms to scan 19 urls, producing 67 keys and 4186 values [using 2 cores]
2022-09-21 13:02:07,472 [Listener at 0.0.0.0/44509] INFO  ipc.CallQueueManager (CallQueueManager.java:<init>(90)) - Using callQueue: class java.util.concurrent.LinkedBlockingQueue, queueCapacity: 2000, scheduler: class org.apache.hadoop.ipc.DefaultRpcScheduler, ipcBackoff: false.
2022-09-21 13:02:07,473 [Socket Reader #1 for port 0] INFO  ipc.Server (Server.java:run(1265)) - Starting Socket Reader #1 for port 0
2022-09-21 13:02:07,507 [Listener at 127.0.0.1/41979] INFO  impl.MetricsSystemImpl (MetricsSystemImpl.java:init(158)) - OzoneManager metrics system started (again)
2022-09-21 13:02:07,521 [Listener at 127.0.0.1/41979] INFO  om.OzoneManager (OzoneManager.java:start(1480)) - OzoneManager RPC server is listening at localhost/127.0.0.1:41979
2022-09-21 13:02:07,522 [Listener at 127.0.0.1/41979] INFO  ratis.OzoneManagerRatisServer (OzoneManagerRatisServer.java:start(554)) - Starting OzoneManagerRatisServer om1 at port 9872
2022-09-21 13:02:07,524 [om1-impl-thread1] INFO  server.RaftServer$Division (RaftServerImpl.java:start(310)) - om1@group-C5BA1605619E: start as a follower, conf=-1: [om1|rpc:localhost:9872|priority:0], old=null
2022-09-21 13:02:07,524 [om1-impl-thread1] INFO  server.RaftServer$Division (RaftServerImpl.java:setRole(299)) - om1@group-C5BA1605619E: changes role from      null to FOLLOWER at term 0 for startAsFollower
2022-09-21 13:02:07,526 [om1-impl-thread1] INFO  impl.RoleInfo (RoleInfo.java:updateAndGet(139)) - om1: start om1@group-C5BA1605619E-FollowerState
2022-09-21 13:02:07,527 [om1-impl-thread1] INFO  util.JmxRegister (JmxRegister.java:tryRegister(44)) - Successfully registered JMX Bean with object name Ratis:service=RaftServer,group=group-C5BA1605619E,id=om1
2022-09-21 13:02:07,529 [Listener at 127.0.0.1/41979] INFO  server.RaftServer (RaftServerProxy.java:lambda$start$6(382)) - om1: start RPC server
2022-09-21 13:02:07,586 [Listener at 127.0.0.1/41979] INFO  server.GrpcService (GrpcService.java:startImpl(260)) - om1: GrpcService started, listening on 9872
2022-09-21 13:02:07,591 [Listener at 127.0.0.1/41979] INFO  om.OzoneManager (OzoneManager.java:start(1496)) - Version File has different layout version (3) than OM DB (null). That is expected if this OM has never been finalized to a newer layout version.
2022-09-21 13:02:07,593 [org.apache.ratis.util.JvmPauseMonitor$$Lambda$682/930464739@608df685] INFO  util.JvmPauseMonitor (JvmPauseMonitor.java:run(103)) - JvmPauseMonitor-om1: Started
2022-09-21 13:02:07,616 [Listener at 127.0.0.1/41979] INFO  http.BaseHttpServer (BaseHttpServer.java:newHttpServer2BuilderForOzone(213)) - Starting Web-server for ozoneManager at: http://0.0.0.0:0
2022-09-21 13:02:07,617 [Listener at 127.0.0.1/41979] INFO  http.BaseHttpServer (BaseHttpServer.java:<init>(108)) - Hadoop Security Enabled: false Ozone Security Enabled: false Ozone HTTP Security Enabled: false 
2022-09-21 13:02:07,618 [Listener at 127.0.0.1/41979] INFO  server.AuthenticationFilter (AuthenticationFilter.java:constructSecretProvider(240)) - Unable to initialize FileSignerSecretProvider, falling back to use random secrets.
2022-09-21 13:02:07,620 [Listener at 127.0.0.1/41979] WARN  http.HttpRequestLog (HttpRequestLog.java:getRequestLog(103)) - Jetty request log can only be enabled using Log4j
2022-09-21 13:02:07,622 [Listener at 127.0.0.1/41979] INFO  http.HttpServer2 (HttpServer2.java:addGlobalFilter(1029)) - Added global filter 'safety' (class=org.apache.hadoop.hdds.server.http.HttpServer2$QuotingInputFilter)
2022-09-21 13:02:07,622 [Listener at 127.0.0.1/41979] INFO  http.HttpServer2 (HttpServer2.java:addFilter(1005)) - Added filter static_user_filter (class=org.apache.hadoop.http.lib.StaticUserWebFilter$StaticUserFilter) to context ozoneManager
2022-09-21 13:02:07,623 [Listener at 127.0.0.1/41979] INFO  http.HttpServer2 (HttpServer2.java:addFilter(1013)) - Added filter static_user_filter (class=org.apache.hadoop.http.lib.StaticUserWebFilter$StaticUserFilter) to context logs
2022-09-21 13:02:07,623 [Listener at 127.0.0.1/41979] INFO  http.HttpServer2 (HttpServer2.java:addFilter(1013)) - Added filter static_user_filter (class=org.apache.hadoop.http.lib.StaticUserWebFilter$StaticUserFilter) to context static
2022-09-21 13:02:07,625 [Listener at 127.0.0.1/41979] INFO  http.HttpServer2 (HttpServer2.java:bindListener(1248)) - Jetty bound to port 36863
2022-09-21 13:02:07,625 [Listener at 127.0.0.1/41979] INFO  server.Server (Server.java:doStart(375)) - jetty-9.4.43.v20210629; built: 2021-06-30T11:07:22.254Z; git: 526006ecfa3af7f1a27ef3a288e2bef7ea9dd7e8; jvm 1.8.0_345-b01
2022-09-21 13:02:07,626 [Listener at 127.0.0.1/41979] INFO  server.session (DefaultSessionIdManager.java:doStart(334)) - DefaultSessionIdManager workerName=node0
2022-09-21 13:02:07,627 [Listener at 127.0.0.1/41979] INFO  server.session (DefaultSessionIdManager.java:doStart(339)) - No SessionScavenger set, using defaults
2022-09-21 13:02:07,627 [Listener at 127.0.0.1/41979] INFO  server.session (HouseKeeper.java:startScavenging(132)) - node0 Scavenging every 600000ms
2022-09-21 13:02:07,631 [Listener at 127.0.0.1/41979] INFO  handler.ContextHandler (ContextHandler.java:doStart(915)) - Started o.e.j.s.ServletContextHandler@2c8e3d8a{logs,/logs,file:///home/runner/work/ozone/ozone/hadoop-ozone/integration-test/target/log,AVAILABLE}
2022-09-21 13:02:07,631 [Listener at 127.0.0.1/41979] INFO  handler.ContextHandler (ContextHandler.java:doStart(915)) - Started o.e.j.s.ServletContextHandler@47a532d9{static,/static,file:///home/runner/work/ozone/ozone/hadoop-ozone/integration-test/target/test-classes/webapps/static,AVAILABLE}
2022-09-21 13:02:07,636 [Listener at 127.0.0.1/41979] INFO  handler.ContextHandler (ContextHandler.java:doStart(915)) - Started o.e.j.w.WebAppContext@701cf3dc{ozoneManager,/,file:///home/runner/work/ozone/ozone/hadoop-ozone/integration-test/target/test-classes/webapps/ozoneManager/,AVAILABLE}{file:/home/runner/work/ozone/ozone/hadoop-ozone/integration-test/target/test-classes/webapps/ozoneManager}
2022-09-21 13:02:07,641 [Listener at 127.0.0.1/41979] INFO  server.AbstractConnector (AbstractConnector.java:doStart(331)) - Started ServerConnector@20a0eb1d{HTTP/1.1, (http/1.1)}{0.0.0.0:36863}
2022-09-21 13:02:07,641 [Listener at 127.0.0.1/41979] INFO  server.Server (Server.java:doStart(415)) - Started @7131ms
2022-09-21 13:02:07,641 [Listener at 127.0.0.1/41979] WARN  impl.MetricsSystemImpl (MetricsSystemImpl.java:register(279)) - Sink prometheus already exists!
2022-09-21 13:02:07,654 [Listener at 127.0.0.1/41979] INFO  http.BaseHttpServer (BaseHttpServer.java:updateConnectorAddress(333)) - HTTP server of ozoneManager listening at http://0.0.0.0:36863
2022-09-21 13:02:07,659 [IPC Server Responder] INFO  ipc.Server (Server.java:run(1507)) - IPC Server Responder: starting
2022-09-21 13:02:07,661 [IPC Server listener on 0] INFO  ipc.Server (Server.java:run(1344)) - IPC Server listener on 0: starting
2022-09-21 13:02:07,665 [Listener at 127.0.0.1/41979] INFO  om.OzoneManager (OzoneManager.java:startTrashEmptier(1917)) - Trash Interval set to 0. Files deleted won't move to trash
2022-09-21 13:02:07,676 [org.apache.hadoop.util.JvmPauseMonitor$Monitor@24473f80] INFO  util.JvmPauseMonitor (JvmPauseMonitor.java:run(188)) - Starting JVM pause monitor
2022-09-21 13:02:07,872 [Listener at 127.0.0.1/41979] WARN  impl.MetricRegistriesImpl (MetricRegistriesImpl.java:addReporterRegistration(111)) - New reporters are added after registries were created. Some metrics will be missing from the reporter. Please add reporter before adding any new registry.
2022-09-21 13:02:07,873 [Listener at 127.0.0.1/41979] WARN  impl.MetricRegistriesImpl (MetricRegistriesImpl.java:addReporterRegistration(111)) - New reporters are added after registries were created. Some metrics will be missing from the reporter. Please add reporter before adding any new registry.
2022-09-21 13:02:07,873 [Listener at 127.0.0.1/41979] INFO  impl.MetricsSystemImpl (MetricsSystemImpl.java:init(158)) - HddsDatanode metrics system started (again)
2022-09-21 13:02:07,890 [Listener at 127.0.0.1/41979] INFO  ozone.HddsDatanodeService (HddsDatanodeService.java:start(236)) - HddsDatanodeService host:fv-az334-292.zg0gw54pbdoexfhqlmz30d51na.gx.internal.cloudapp.net ip:10.1.0.12
2022-09-21 13:02:07,927 [Listener at 127.0.0.1/41979] INFO  upgrade.AbstractLayoutVersionManager (AbstractLayoutVersionManager.java:init(83)) - Initializing Layout version manager with metadata layout = DATANODE_SCHEMA_V3 (version = 4), software layout = DATANODE_SCHEMA_V3 (version = 4)
2022-09-21 13:02:07,981 [Listener at 127.0.0.1/41979] INFO  reflections.Reflections (Reflections.java:scan(232)) - Reflections took 49 ms to scan 7 urls, producing 135 keys and 327 values 
2022-09-21 13:02:07,984 [Listener at 127.0.0.1/41979] INFO  statemachine.DatanodeStateMachine (DatanodeStateMachine.java:getEndPointTaskThreadPoolSize(237)) - Datanode State Machine Task Thread Pool size 2
2022-09-21 13:02:08,049 [Listener at 127.0.0.1/41979] INFO  volume.HddsVolume (HddsVolume.java:<init>(117)) - Creating HddsVolume: /home/runner/work/ozone/ozone/hadoop-ozone/integration-test/target/test-dir/MiniOzoneClusterImpl-5e569bcc-b975-4850-9644-8f3a71d45aaa/datanode-0/data-0/containers/hdds of storage type : DISK capacity : 9223372036854775807
2022-09-21 13:02:08,052 [Listener at 127.0.0.1/41979] INFO  volume.MutableVolumeSet (MutableVolumeSet.java:initializeVolumeSet(174)) - Added Volume : /home/runner/work/ozone/ozone/hadoop-ozone/integration-test/target/test-dir/MiniOzoneClusterImpl-5e569bcc-b975-4850-9644-8f3a71d45aaa/datanode-0/data-0/containers/hdds to VolumeSet
2022-09-21 13:02:08,053 [Listener at 127.0.0.1/41979] INFO  volume.ThrottledAsyncChecker (ThrottledAsyncChecker.java:schedule(141)) - Scheduling a check for /home/runner/work/ozone/ozone/hadoop-ozone/integration-test/target/test-dir/MiniOzoneClusterImpl-5e569bcc-b975-4850-9644-8f3a71d45aaa/datanode-0/data-0/containers/hdds
2022-09-21 13:02:08,074 [Listener at 127.0.0.1/41979] INFO  volume.StorageVolumeChecker (StorageVolumeChecker.java:checkAllVolumes(202)) - Scheduled health check for volume /home/runner/work/ozone/ozone/hadoop-ozone/integration-test/target/test-dir/MiniOzoneClusterImpl-5e569bcc-b975-4850-9644-8f3a71d45aaa/datanode-0/data-0/containers/hdds
2022-09-21 13:02:08,096 [Listener at 127.0.0.1/41979] INFO  volume.MutableVolumeSet (MutableVolumeSet.java:initializeVolumeSet(174)) - Added Volume : /home/runner/work/ozone/ozone/hadoop-ozone/integration-test/target/test-dir/MiniOzoneClusterImpl-5e569bcc-b975-4850-9644-8f3a71d45aaa/datanode-0/data/ratis to VolumeSet
2022-09-21 13:02:08,099 [Listener at 127.0.0.1/41979] INFO  volume.ThrottledAsyncChecker (ThrottledAsyncChecker.java:schedule(141)) - Scheduling a check for /home/runner/work/ozone/ozone/hadoop-ozone/integration-test/target/test-dir/MiniOzoneClusterImpl-5e569bcc-b975-4850-9644-8f3a71d45aaa/datanode-0/data/ratis
2022-09-21 13:02:08,099 [Listener at 127.0.0.1/41979] INFO  volume.StorageVolumeChecker (StorageVolumeChecker.java:checkAllVolumes(202)) - Scheduled health check for volume /home/runner/work/ozone/ozone/hadoop-ozone/integration-test/target/test-dir/MiniOzoneClusterImpl-5e569bcc-b975-4850-9644-8f3a71d45aaa/datanode-0/data/ratis
2022-09-21 13:02:08,122 [Thread-136] INFO  ozoneimpl.ContainerReader (ContainerReader.java:readVolume(175)) - Finish verifying containers on volume /home/runner/work/ozone/ozone/hadoop-ozone/integration-test/target/test-dir/MiniOzoneClusterImpl-5e569bcc-b975-4850-9644-8f3a71d45aaa/datanode-0/data-0/containers/hdds
2022-09-21 13:02:08,122 [Listener at 127.0.0.1/41979] INFO  ozoneimpl.OzoneContainer (OzoneContainer.java:buildContainerSet(300)) - Build ContainerSet costs 0s
2022-09-21 13:02:08,173 [Listener at 127.0.0.1/41979] INFO  audit.AuditLogger (AuditLogger.java:refreshDebugCmdSet(126)) - Refresh DebugCmdSet for DNAudit to [].
2022-09-21 13:02:08,201 [Listener at 127.0.0.1/41979] INFO  server.RaftServer (ConfUtils.java:logGet(46)) - raft.rpc.type = GRPC (default)
2022-09-21 13:02:08,201 [Listener at 127.0.0.1/41979] INFO  grpc.GrpcFactory (GrpcFactory.java:checkPooledByteBufAllocatorUseCacheForAllThreads(48)) - PERFORMANCE WARNING: useCacheForAllThreads is true that may cause Netty to create a lot garbage objects and, as a result, trigger GC.
	It is recommended to disable useCacheForAllThreads by setting -Dorg.apache.ratis.thirdparty.io.netty.allocator.useCacheForAllThreads=false in command line.
2022-09-21 13:02:08,201 [Listener at 127.0.0.1/41979] INFO  grpc.GrpcConfigKeys (ConfUtils.java:logGet(46)) - raft.grpc.admin.port = 0 (custom)
2022-09-21 13:02:08,202 [Listener at 127.0.0.1/41979] INFO  grpc.GrpcConfigKeys (ConfUtils.java:logGet(46)) - raft.grpc.client.port = 0 (custom)
2022-09-21 13:02:08,202 [Listener at 127.0.0.1/41979] INFO  grpc.GrpcConfigKeys (ConfUtils.java:logGet(46)) - raft.grpc.server.port = 0 (default)
2022-09-21 13:02:08,202 [Listener at 127.0.0.1/41979] INFO  server.GrpcService (ConfUtils.java:logGet(46)) - raft.grpc.message.size.max = 32MB (=33554432) (custom)
2022-09-21 13:02:08,202 [Listener at 127.0.0.1/41979] INFO  server.RaftServerConfigKeys (ConfUtils.java:logGet(46)) - raft.server.log.appender.buffer.byte-limit = 33554432 (custom)
2022-09-21 13:02:08,202 [Listener at 127.0.0.1/41979] INFO  server.GrpcService (ConfUtils.java:logGet(46)) - raft.grpc.flow.control.window = 5MB (=5242880) (custom)
2022-09-21 13:02:08,202 [Listener at 127.0.0.1/41979] INFO  server.RaftServerConfigKeys (ConfUtils.java:logGet(46)) - raft.server.rpc.request.timeout = 60s (custom)
2022-09-21 13:02:08,203 [Listener at 127.0.0.1/41979] INFO  grpc.GrpcConfigKeys (ConfUtils.java:logGet(46)) - raft.grpc.server.async.request.thread.pool.cached = true (default)
2022-09-21 13:02:08,203 [Listener at 127.0.0.1/41979] INFO  grpc.GrpcConfigKeys (ConfUtils.java:logGet(46)) - raft.grpc.server.async.request.thread.pool.size = 32 (default)
2022-09-21 13:02:08,204 [Listener at 127.0.0.1/41979] INFO  impl.DataStreamServerImpl (ConfUtils.java:logGet(46)) - raft.datastream.type = DISABLED (default)
2022-09-21 13:02:08,204 [Listener at 127.0.0.1/41979] INFO  server.RaftServerConfigKeys (ConfUtils.java:logGet(46)) - raft.server.threadpool.proxy.cached = true (default)
2022-09-21 13:02:08,204 [Listener at 127.0.0.1/41979] INFO  server.RaftServerConfigKeys (ConfUtils.java:logGet(46)) - raft.server.threadpool.proxy.size = 0 (default)
2022-09-21 13:02:08,204 [Listener at 127.0.0.1/41979] INFO  server.RaftServerConfigKeys (ConfUtils.java:logGet(46)) - raft.server.rpc.slowness.timeout = 300s (custom)
2022-09-21 13:02:08,205 [Listener at 127.0.0.1/41979] INFO  server.RaftServerConfigKeys (ConfUtils.java:logGet(46)) - raft.server.leaderelection.leader.step-down.wait-time = 10s (default)
2022-09-21 13:02:08,205 [Listener at 127.0.0.1/41979] INFO  server.RaftServerConfigKeys (ConfUtils.java:logGet(46)) - raft.server.storage.dir = [/home/runner/work/ozone/ozone/hadoop-ozone/integration-test/target/test-dir/MiniOzoneClusterImpl-5e569bcc-b975-4850-9644-8f3a71d45aaa/datanode-0/data/ratis] (custom)
2022-09-21 13:02:08,222 [Listener at 127.0.0.1/41979] INFO  server.XceiverServerGrpc (XceiverServerGrpc.java:<init>(132)) - GrpcServer channel type EpollServerSocketChannel
2022-09-21 13:02:08,283 [Listener at 127.0.0.1/41979] INFO  http.BaseHttpServer (BaseHttpServer.java:newHttpServer2BuilderForOzone(213)) - Starting Web-server for hddsDatanode at: http://0.0.0.0:0
2022-09-21 13:02:08,284 [Listener at 127.0.0.1/41979] INFO  http.BaseHttpServer (BaseHttpServer.java:<init>(108)) - Hadoop Security Enabled: false Ozone Security Enabled: false Ozone HTTP Security Enabled: false 
2022-09-21 13:02:08,285 [Listener at 127.0.0.1/41979] INFO  server.AuthenticationFilter (AuthenticationFilter.java:constructSecretProvider(240)) - Unable to initialize FileSignerSecretProvider, falling back to use random secrets.
2022-09-21 13:02:08,285 [Listener at 127.0.0.1/41979] WARN  http.HttpRequestLog (HttpRequestLog.java:getRequestLog(103)) - Jetty request log can only be enabled using Log4j
2022-09-21 13:02:08,287 [Listener at 127.0.0.1/41979] INFO  http.HttpServer2 (HttpServer2.java:addGlobalFilter(1029)) - Added global filter 'safety' (class=org.apache.hadoop.hdds.server.http.HttpServer2$QuotingInputFilter)
2022-09-21 13:02:08,288 [Listener at 127.0.0.1/41979] INFO  http.HttpServer2 (HttpServer2.java:addFilter(1005)) - Added filter static_user_filter (class=org.apache.hadoop.http.lib.StaticUserWebFilter$StaticUserFilter) to context hddsDatanode
2022-09-21 13:02:08,288 [Listener at 127.0.0.1/41979] INFO  http.HttpServer2 (HttpServer2.java:addFilter(1013)) - Added filter static_user_filter (class=org.apache.hadoop.http.lib.StaticUserWebFilter$StaticUserFilter) to context logs
2022-09-21 13:02:08,288 [Listener at 127.0.0.1/41979] INFO  http.HttpServer2 (HttpServer2.java:addFilter(1013)) - Added filter static_user_filter (class=org.apache.hadoop.http.lib.StaticUserWebFilter$StaticUserFilter) to context static
2022-09-21 13:02:08,289 [Listener at 127.0.0.1/41979] INFO  http.HttpServer2 (HttpServer2.java:bindListener(1248)) - Jetty bound to port 40885
2022-09-21 13:02:08,289 [Listener at 127.0.0.1/41979] INFO  server.Server (Server.java:doStart(375)) - jetty-9.4.43.v20210629; built: 2021-06-30T11:07:22.254Z; git: 526006ecfa3af7f1a27ef3a288e2bef7ea9dd7e8; jvm 1.8.0_345-b01
2022-09-21 13:02:08,296 [Listener at 127.0.0.1/41979] INFO  server.session (DefaultSessionIdManager.java:doStart(334)) - DefaultSessionIdManager workerName=node0
2022-09-21 13:02:08,296 [Listener at 127.0.0.1/41979] INFO  server.session (DefaultSessionIdManager.java:doStart(339)) - No SessionScavenger set, using defaults
2022-09-21 13:02:08,297 [Listener at 127.0.0.1/41979] INFO  server.session (HouseKeeper.java:startScavenging(132)) - node0 Scavenging every 600000ms
2022-09-21 13:02:08,297 [Listener at 127.0.0.1/41979] INFO  handler.ContextHandler (ContextHandler.java:doStart(915)) - Started o.e.j.s.ServletContextHandler@70c88923{logs,/logs,file:///home/runner/work/ozone/ozone/hadoop-ozone/integration-test/target/log,AVAILABLE}
2022-09-21 13:02:08,298 [Listener at 127.0.0.1/41979] INFO  handler.ContextHandler (ContextHandler.java:doStart(915)) - Started o.e.j.s.ServletContextHandler@390eca81{static,/static,jar:file:/home/runner/.m2/repository/org/apache/ozone/hdds-container-service/1.3.0-SNAPSHOT/hdds-container-service-1.3.0-SNAPSHOT.jar!/webapps/static,AVAILABLE}
2022-09-21 13:02:08,486 [Listener at 127.0.0.1/41979] INFO  handler.ContextHandler (ContextHandler.java:doStart(915)) - Started o.e.j.w.WebAppContext@404a85b1{hddsDatanode,/,file:///tmp/jetty-0_0_0_0-40885-hdds-container-service-1_3_0-SNAPSHOT_jar-_-any-3592955038975122393/webapp/,AVAILABLE}{jar:file:/home/runner/.m2/repository/org/apache/ozone/hdds-container-service/1.3.0-SNAPSHOT/hdds-container-service-1.3.0-SNAPSHOT.jar!/webapps/hddsDatanode}
2022-09-21 13:02:08,487 [Listener at 127.0.0.1/41979] INFO  server.AbstractConnector (AbstractConnector.java:doStart(331)) - Started ServerConnector@3ae62308{HTTP/1.1, (http/1.1)}{0.0.0.0:40885}
2022-09-21 13:02:08,488 [Listener at 127.0.0.1/41979] INFO  server.Server (Server.java:doStart(415)) - Started @7978ms
2022-09-21 13:02:08,488 [Listener at 127.0.0.1/41979] WARN  impl.MetricsSystemImpl (MetricsSystemImpl.java:register(279)) - Sink prometheus already exists!
2022-09-21 13:02:08,491 [Listener at 127.0.0.1/41979] INFO  http.BaseHttpServer (BaseHttpServer.java:updateConnectorAddress(333)) - HTTP server of hddsDatanode listening at http://0.0.0.0:40885
2022-09-21 13:02:08,492 [Listener at 127.0.0.1/41979] WARN  impl.MetricRegistriesImpl (MetricRegistriesImpl.java:addReporterRegistration(111)) - New reporters are added after registries were created. Some metrics will be missing from the reporter. Please add reporter before adding any new registry.
2022-09-21 13:02:08,493 [Listener at 127.0.0.1/41979] WARN  impl.MetricRegistriesImpl (MetricRegistriesImpl.java:addReporterRegistration(111)) - New reporters are added after registries were created. Some metrics will be missing from the reporter. Please add reporter before adding any new registry.
2022-09-21 13:02:08,493 [Listener at 127.0.0.1/41979] INFO  impl.MetricsSystemImpl (MetricsSystemImpl.java:init(158)) - HddsDatanode metrics system started (again)
2022-09-21 13:02:08,499 [Datanode State Machine Daemon Thread] INFO  statemachine.DatanodeStateMachine (DatanodeStateMachine.java:lambda$startDaemon$0(492)) - Ozone container server started.
2022-09-21 13:02:08,525 [org.apache.hadoop.util.JvmPauseMonitor$Monitor@458dc173] INFO  util.JvmPauseMonitor (JvmPauseMonitor.java:run(188)) - Starting JVM pause monitor
2022-09-21 13:02:08,529 [Listener at 127.0.0.1/41979] INFO  ozone.HddsDatanodeService (HddsDatanodeService.java:start(236)) - HddsDatanodeService host:fv-az334-292.zg0gw54pbdoexfhqlmz30d51na.gx.internal.cloudapp.net ip:10.1.0.12
2022-09-21 13:02:08,553 [Listener at 127.0.0.1/41979] INFO  upgrade.AbstractLayoutVersionManager (AbstractLayoutVersionManager.java:init(83)) - Initializing Layout version manager with metadata layout = DATANODE_SCHEMA_V3 (version = 4), software layout = DATANODE_SCHEMA_V3 (version = 4)
2022-09-21 13:02:08,660 [Listener at 127.0.0.1/41979] INFO  reflections.Reflections (Reflections.java:scan(232)) - Reflections took 106 ms to scan 7 urls, producing 135 keys and 327 values 
2022-09-21 13:02:08,670 [Listener at 127.0.0.1/41979] INFO  statemachine.DatanodeStateMachine (DatanodeStateMachine.java:getEndPointTaskThreadPoolSize(237)) - Datanode State Machine Task Thread Pool size 2
2022-09-21 13:02:08,677 [Listener at 127.0.0.1/41979] INFO  volume.HddsVolume (HddsVolume.java:<init>(117)) - Creating HddsVolume: /home/runner/work/ozone/ozone/hadoop-ozone/integration-test/target/test-dir/MiniOzoneClusterImpl-5e569bcc-b975-4850-9644-8f3a71d45aaa/datanode-1/data-0/containers/hdds of storage type : DISK capacity : 9223372036854775807
2022-09-21 13:02:08,677 [Listener at 127.0.0.1/41979] INFO  volume.MutableVolumeSet (MutableVolumeSet.java:initializeVolumeSet(174)) - Added Volume : /home/runner/work/ozone/ozone/hadoop-ozone/integration-test/target/test-dir/MiniOzoneClusterImpl-5e569bcc-b975-4850-9644-8f3a71d45aaa/datanode-1/data-0/containers/hdds to VolumeSet
2022-09-21 13:02:08,678 [Listener at 127.0.0.1/41979] INFO  volume.ThrottledAsyncChecker (ThrottledAsyncChecker.java:schedule(141)) - Scheduling a check for /home/runner/work/ozone/ozone/hadoop-ozone/integration-test/target/test-dir/MiniOzoneClusterImpl-5e569bcc-b975-4850-9644-8f3a71d45aaa/datanode-1/data-0/containers/hdds
2022-09-21 13:02:08,691 [Listener at 127.0.0.1/41979] INFO  volume.StorageVolumeChecker (StorageVolumeChecker.java:checkAllVolumes(202)) - Scheduled health check for volume /home/runner/work/ozone/ozone/hadoop-ozone/integration-test/target/test-dir/MiniOzoneClusterImpl-5e569bcc-b975-4850-9644-8f3a71d45aaa/datanode-1/data-0/containers/hdds
2022-09-21 13:02:08,702 [Listener at 127.0.0.1/41979] INFO  volume.MutableVolumeSet (MutableVolumeSet.java:initializeVolumeSet(174)) - Added Volume : /home/runner/work/ozone/ozone/hadoop-ozone/integration-test/target/test-dir/MiniOzoneClusterImpl-5e569bcc-b975-4850-9644-8f3a71d45aaa/datanode-1/data/ratis to VolumeSet
2022-09-21 13:02:08,703 [Listener at 127.0.0.1/41979] INFO  volume.ThrottledAsyncChecker (ThrottledAsyncChecker.java:schedule(141)) - Scheduling a check for /home/runner/work/ozone/ozone/hadoop-ozone/integration-test/target/test-dir/MiniOzoneClusterImpl-5e569bcc-b975-4850-9644-8f3a71d45aaa/datanode-1/data/ratis
2022-09-21 13:02:08,703 [Listener at 127.0.0.1/41979] INFO  volume.StorageVolumeChecker (StorageVolumeChecker.java:checkAllVolumes(202)) - Scheduled health check for volume /home/runner/work/ozone/ozone/hadoop-ozone/integration-test/target/test-dir/MiniOzoneClusterImpl-5e569bcc-b975-4850-9644-8f3a71d45aaa/datanode-1/data/ratis
2022-09-21 13:02:08,704 [om1@group-C5BA1605619E-FollowerState] INFO  impl.FollowerState (FollowerState.java:run(143)) - om1@group-C5BA1605619E-FollowerState: change to CANDIDATE, lastRpcElapsedTime:1178644124ns, electionTimeout:1176ms
2022-09-21 13:02:08,705 [om1@group-C5BA1605619E-FollowerState] INFO  impl.RoleInfo (RoleInfo.java:shutdownFollowerState(110)) - om1: shutdown om1@group-C5BA1605619E-FollowerState
2022-09-21 13:02:08,711 [om1@group-C5BA1605619E-FollowerState] INFO  server.RaftServer$Division (RaftServerImpl.java:setRole(299)) - om1@group-C5BA1605619E: changes role from  FOLLOWER to CANDIDATE at term 0 for changeToCandidate
2022-09-21 13:02:08,718 [om1@group-C5BA1605619E-FollowerState] INFO  server.RaftServerConfigKeys (ConfUtils.java:logGet(46)) - raft.server.leaderelection.pre-vote = false (custom)
2022-09-21 13:02:08,718 [om1@group-C5BA1605619E-FollowerState] INFO  impl.RoleInfo (RoleInfo.java:updateAndGet(139)) - om1: start om1@group-C5BA1605619E-LeaderElection1
2022-09-21 13:02:08,733 [om1@group-C5BA1605619E-LeaderElection1] INFO  impl.LeaderElection (LeaderElection.java:askForVotes(310)) - om1@group-C5BA1605619E-LeaderElection1 ELECTION round 0: submit vote requests at term 1 for -1: [om1|rpc:localhost:9872|priority:0], old=null
2022-09-21 13:02:08,735 [om1@group-C5BA1605619E-LeaderElection1] INFO  impl.LeaderElection (LeaderElection.java:askForVotes(312)) - om1@group-C5BA1605619E-LeaderElection1 ELECTION round 0: result PASSED (term=1)
2022-09-21 13:02:08,736 [Thread-150] INFO  ozoneimpl.ContainerReader (ContainerReader.java:readVolume(175)) - Finish verifying containers on volume /home/runner/work/ozone/ozone/hadoop-ozone/integration-test/target/test-dir/MiniOzoneClusterImpl-5e569bcc-b975-4850-9644-8f3a71d45aaa/datanode-1/data-0/containers/hdds
2022-09-21 13:02:08,742 [Listener at 127.0.0.1/41979] INFO  ozoneimpl.OzoneContainer (OzoneContainer.java:buildContainerSet(300)) - Build ContainerSet costs 0s
2022-09-21 13:02:08,742 [Datanode State Machine Task Thread - 0] INFO  datanode.InitDatanodeState (InitDatanodeState.java:persistContainerDatanodeDetails(138)) - DatanodeDetails is persisted to /home/runner/work/ozone/ozone/hadoop-ozone/integration-test/target/test-dir/MiniOzoneClusterImpl-5e569bcc-b975-4850-9644-8f3a71d45aaa/datanode-0/meta/datanode.id
2022-09-21 13:02:08,737 [om1@group-C5BA1605619E-LeaderElection1] INFO  impl.RoleInfo (RoleInfo.java:shutdownLeaderElection(130)) - om1: shutdown om1@group-C5BA1605619E-LeaderElection1
2022-09-21 13:02:08,746 [om1@group-C5BA1605619E-LeaderElection1] INFO  server.RaftServer$Division (RaftServerImpl.java:setRole(299)) - om1@group-C5BA1605619E: changes role from CANDIDATE to LEADER at term 1 for changeToLeader
2022-09-21 13:02:08,746 [om1@group-C5BA1605619E-LeaderElection1] INFO  server.RaftServer$Division (ServerState.java:setLeader(287)) - om1@group-C5BA1605619E: change Leader from null to om1 at term 1 for becomeLeader, leader elected after 2243ms
2022-09-21 13:02:08,746 [Listener at 127.0.0.1/41979] INFO  server.RaftServer (ConfUtils.java:logGet(46)) - raft.rpc.type = GRPC (default)
2022-09-21 13:02:08,747 [Listener at 127.0.0.1/41979] INFO  grpc.GrpcFactory (GrpcFactory.java:checkPooledByteBufAllocatorUseCacheForAllThreads(48)) - PERFORMANCE WARNING: useCacheForAllThreads is true that may cause Netty to create a lot garbage objects and, as a result, trigger GC.
	It is recommended to disable useCacheForAllThreads by setting -Dorg.apache.ratis.thirdparty.io.netty.allocator.useCacheForAllThreads=false in command line.
2022-09-21 13:02:08,747 [Listener at 127.0.0.1/41979] INFO  grpc.GrpcConfigKeys (ConfUtils.java:logGet(46)) - raft.grpc.admin.port = 0 (custom)
2022-09-21 13:02:08,747 [Listener at 127.0.0.1/41979] INFO  grpc.GrpcConfigKeys (ConfUtils.java:logGet(46)) - raft.grpc.client.port = 0 (custom)
2022-09-21 13:02:08,747 [Listener at 127.0.0.1/41979] INFO  grpc.GrpcConfigKeys (ConfUtils.java:logGet(46)) - raft.grpc.server.port = 0 (default)
2022-09-21 13:02:08,747 [Listener at 127.0.0.1/41979] INFO  server.GrpcService (ConfUtils.java:logGet(46)) - raft.grpc.message.size.max = 32MB (=33554432) (custom)
2022-09-21 13:02:08,747 [Listener at 127.0.0.1/41979] INFO  server.RaftServerConfigKeys (ConfUtils.java:logGet(46)) - raft.server.log.appender.buffer.byte-limit = 33554432 (custom)
2022-09-21 13:02:08,747 [Listener at 127.0.0.1/41979] INFO  server.GrpcService (ConfUtils.java:logGet(46)) - raft.grpc.flow.control.window = 5MB (=5242880) (custom)
2022-09-21 13:02:08,748 [Listener at 127.0.0.1/41979] INFO  server.RaftServerConfigKeys (ConfUtils.java:logGet(46)) - raft.server.rpc.request.timeout = 60s (custom)
2022-09-21 13:02:08,748 [Listener at 127.0.0.1/41979] INFO  grpc.GrpcConfigKeys (ConfUtils.java:logGet(46)) - raft.grpc.server.async.request.thread.pool.cached = true (default)
2022-09-21 13:02:08,748 [Listener at 127.0.0.1/41979] INFO  grpc.GrpcConfigKeys (ConfUtils.java:logGet(46)) - raft.grpc.server.async.request.thread.pool.size = 32 (default)
2022-09-21 13:02:08,749 [Listener at 127.0.0.1/41979] INFO  impl.DataStreamServerImpl (ConfUtils.java:logGet(46)) - raft.datastream.type = DISABLED (default)
2022-09-21 13:02:08,749 [Listener at 127.0.0.1/41979] INFO  server.RaftServerConfigKeys (ConfUtils.java:logGet(46)) - raft.server.threadpool.proxy.cached = true (default)
2022-09-21 13:02:08,749 [Listener at 127.0.0.1/41979] INFO  server.RaftServerConfigKeys (ConfUtils.java:logGet(46)) - raft.server.threadpool.proxy.size = 0 (default)
2022-09-21 13:02:08,749 [Listener at 127.0.0.1/41979] INFO  server.RaftServerConfigKeys (ConfUtils.java:logGet(46)) - raft.server.rpc.slowness.timeout = 300s (custom)
2022-09-21 13:02:08,750 [Listener at 127.0.0.1/41979] INFO  server.RaftServerConfigKeys (ConfUtils.java:logGet(46)) - raft.server.leaderelection.leader.step-down.wait-time = 10s (default)
2022-09-21 13:02:08,750 [Listener at 127.0.0.1/41979] INFO  server.RaftServerConfigKeys (ConfUtils.java:logGet(46)) - raft.server.storage.dir = [/home/runner/work/ozone/ozone/hadoop-ozone/integration-test/target/test-dir/MiniOzoneClusterImpl-5e569bcc-b975-4850-9644-8f3a71d45aaa/datanode-1/data/ratis] (custom)
2022-09-21 13:02:08,753 [Listener at 127.0.0.1/41979] INFO  server.XceiverServerGrpc (XceiverServerGrpc.java:<init>(132)) - GrpcServer channel type EpollServerSocketChannel
2022-09-21 13:02:08,757 [Listener at 127.0.0.1/41979] INFO  http.BaseHttpServer (BaseHttpServer.java:newHttpServer2BuilderForOzone(213)) - Starting Web-server for hddsDatanode at: http://0.0.0.0:0
2022-09-21 13:02:08,757 [Listener at 127.0.0.1/41979] INFO  http.BaseHttpServer (BaseHttpServer.java:<init>(108)) - Hadoop Security Enabled: false Ozone Security Enabled: false Ozone HTTP Security Enabled: false 
2022-09-21 13:02:08,758 [Listener at 127.0.0.1/41979] INFO  server.AuthenticationFilter (AuthenticationFilter.java:constructSecretProvider(240)) - Unable to initialize FileSignerSecretProvider, falling back to use random secrets.
2022-09-21 13:02:08,758 [Listener at 127.0.0.1/41979] WARN  http.HttpRequestLog (HttpRequestLog.java:getRequestLog(103)) - Jetty request log can only be enabled using Log4j
2022-09-21 13:02:08,760 [Listener at 127.0.0.1/41979] INFO  http.HttpServer2 (HttpServer2.java:addGlobalFilter(1029)) - Added global filter 'safety' (class=org.apache.hadoop.hdds.server.http.HttpServer2$QuotingInputFilter)
2022-09-21 13:02:08,760 [om1@group-C5BA1605619E-LeaderElection1] INFO  server.RaftServerConfigKeys (ConfUtils.java:logGet(46)) - raft.server.staging.catchup.gap = 1000 (default)
2022-09-21 13:02:08,761 [Listener at 127.0.0.1/41979] INFO  http.HttpServer2 (HttpServer2.java:addFilter(1005)) - Added filter static_user_filter (class=org.apache.hadoop.http.lib.StaticUserWebFilter$StaticUserFilter) to context hddsDatanode
2022-09-21 13:02:08,761 [Listener at 127.0.0.1/41979] INFO  http.HttpServer2 (HttpServer2.java:addFilter(1013)) - Added filter static_user_filter (class=org.apache.hadoop.http.lib.StaticUserWebFilter$StaticUserFilter) to context logs
2022-09-21 13:02:08,761 [Listener at 127.0.0.1/41979] INFO  http.HttpServer2 (HttpServer2.java:addFilter(1013)) - Added filter static_user_filter (class=org.apache.hadoop.http.lib.StaticUserWebFilter$StaticUserFilter) to context static
2022-09-21 13:02:08,761 [Listener at 127.0.0.1/41979] INFO  http.HttpServer2 (HttpServer2.java:bindListener(1248)) - Jetty bound to port 36107
2022-09-21 13:02:08,762 [Listener at 127.0.0.1/41979] INFO  server.Server (Server.java:doStart(375)) - jetty-9.4.43.v20210629; built: 2021-06-30T11:07:22.254Z; git: 526006ecfa3af7f1a27ef3a288e2bef7ea9dd7e8; jvm 1.8.0_345-b01
2022-09-21 13:02:08,770 [Listener at 127.0.0.1/41979] INFO  server.session (DefaultSessionIdManager.java:doStart(334)) - DefaultSessionIdManager workerName=node0
2022-09-21 13:02:08,770 [Listener at 127.0.0.1/41979] INFO  server.session (DefaultSessionIdManager.java:doStart(339)) - No SessionScavenger set, using defaults
2022-09-21 13:02:08,770 [Listener at 127.0.0.1/41979] INFO  server.session (HouseKeeper.java:startScavenging(132)) - node0 Scavenging every 660000ms
2022-09-21 13:02:08,773 [om1@group-C5BA1605619E-LeaderElection1] INFO  server.RaftServerConfigKeys (ConfUtils.java:logGet(46)) - raft.server.write.element-limit = 4096 (default)
2022-09-21 13:02:08,774 [Listener at 127.0.0.1/41979] INFO  handler.ContextHandler (ContextHandler.java:doStart(915)) - Started o.e.j.s.ServletContextHandler@791e4ccc{logs,/logs,file:///home/runner/work/ozone/ozone/hadoop-ozone/integration-test/target/log,AVAILABLE}
2022-09-21 13:02:08,774 [om1@group-C5BA1605619E-LeaderElection1] INFO  server.RaftServerConfigKeys (ConfUtils.java:logGet(46)) - raft.server.write.byte-limit = 64MB (=67108864) (default)
2022-09-21 13:02:08,774 [Listener at 127.0.0.1/41979] INFO  handler.ContextHandler (ContextHandler.java:doStart(915)) - Started o.e.j.s.ServletContextHandler@65ff5d53{static,/static,jar:file:/home/runner/.m2/repository/org/apache/ozone/hdds-container-service/1.3.0-SNAPSHOT/hdds-container-service-1.3.0-SNAPSHOT.jar!/webapps/static,AVAILABLE}
2022-09-21 13:02:08,778 [om1@group-C5BA1605619E-LeaderElection1] INFO  server.RaftServerConfigKeys (ConfUtils.java:logGet(46)) - raft.server.watch.timeout = 10s (default)
2022-09-21 13:02:08,778 [om1@group-C5BA1605619E-LeaderElection1] INFO  server.RaftServerConfigKeys (ConfUtils.java:logGet(46)) - raft.server.watch.timeout.denomination = 1s (default)
2022-09-21 13:02:08,778 [om1@group-C5BA1605619E-LeaderElection1] INFO  server.RaftServerConfigKeys (ConfUtils.java:logGet(46)) - raft.server.watch.element-limit = 65536 (default)
2022-09-21 13:02:08,785 [om1@group-C5BA1605619E-LeaderElection1] INFO  server.RaftServerConfigKeys (ConfUtils.java:logGet(46)) - raft.server.write.element-limit = 4096 (default)
2022-09-21 13:02:08,788 [om1@group-C5BA1605619E-LeaderElection1] INFO  server.RaftServerConfigKeys (ConfUtils.java:logGet(46)) - raft.server.write.follower.gap.ratio.max = -1.0 (default)
2022-09-21 13:02:08,789 [om1@group-C5BA1605619E-LeaderElection1] INFO  impl.RoleInfo (RoleInfo.java:updateAndGet(139)) - om1: start om1@group-C5BA1605619E-LeaderStateImpl
2022-09-21 13:02:08,818 [om1@group-C5BA1605619E-LeaderElection1] INFO  segmented.SegmentedRaftLogWorker (SegmentedRaftLogWorker.java:startLogSegment(425)) - om1@group-C5BA1605619E-SegmentedRaftLogWorker: Starting segment from index:0
2022-09-21 13:02:08,915 [om1@group-C5BA1605619E-LeaderElection1] INFO  server.RaftServer$Division (ServerState.java:setRaftConf(393)) - om1@group-C5BA1605619E: set configuration 0: [om1|rpc:localhost:9872|admin:|client:|dataStream:|priority:0], old=null
2022-09-21 13:02:08,974 [om1@group-C5BA1605619E-SegmentedRaftLogWorker] INFO  segmented.SegmentedRaftLogWorker (SegmentedRaftLogWorker.java:execute(629)) - om1@group-C5BA1605619E-SegmentedRaftLogWorker: created new log segment /home/runner/work/ozone/ozone/hadoop-ozone/integration-test/target/test-dir/MiniOzoneClusterImpl-5e569bcc-b975-4850-9644-8f3a71d45aaa/ozone-meta/ratis/bf265839-605b-3f16-9796-c5ba1605619e/current/log_inprogress_0
2022-09-21 13:02:09,006 [Listener at 127.0.0.1/41979] INFO  handler.ContextHandler (ContextHandler.java:doStart(915)) - Started o.e.j.w.WebAppContext@5e074ce8{hddsDatanode,/,file:///tmp/jetty-0_0_0_0-36107-hdds-container-service-1_3_0-SNAPSHOT_jar-_-any-8137008240036982092/webapp/,AVAILABLE}{jar:file:/home/runner/.m2/repository/org/apache/ozone/hdds-container-service/1.3.0-SNAPSHOT/hdds-container-service-1.3.0-SNAPSHOT.jar!/webapps/hddsDatanode}
2022-09-21 13:02:09,008 [Listener at 127.0.0.1/41979] INFO  server.AbstractConnector (AbstractConnector.java:doStart(331)) - Started ServerConnector@6776e974{HTTP/1.1, (http/1.1)}{0.0.0.0:36107}
2022-09-21 13:02:09,008 [Listener at 127.0.0.1/41979] INFO  server.Server (Server.java:doStart(415)) - Started @8498ms
2022-09-21 13:02:09,008 [Listener at 127.0.0.1/41979] WARN  impl.MetricsSystemImpl (MetricsSystemImpl.java:register(279)) - Sink prometheus already exists!
2022-09-21 13:02:09,009 [Listener at 127.0.0.1/41979] INFO  http.BaseHttpServer (BaseHttpServer.java:updateConnectorAddress(333)) - HTTP server of hddsDatanode listening at http://0.0.0.0:36107
2022-09-21 13:02:09,009 [Listener at 127.0.0.1/41979] WARN  impl.MetricRegistriesImpl (MetricRegistriesImpl.java:addReporterRegistration(111)) - New reporters are added after registries were created. Some metrics will be missing from the reporter. Please add reporter before adding any new registry.
2022-09-21 13:02:09,009 [Listener at 127.0.0.1/41979] WARN  impl.MetricRegistriesImpl (MetricRegistriesImpl.java:addReporterRegistration(111)) - New reporters are added after registries were created. Some metrics will be missing from the reporter. Please add reporter before adding any new registry.
2022-09-21 13:02:09,009 [Listener at 127.0.0.1/41979] INFO  impl.MetricsSystemImpl (MetricsSystemImpl.java:init(158)) - HddsDatanode metrics system started (again)
2022-09-21 13:02:09,010 [Datanode State Machine Daemon Thread] INFO  statemachine.DatanodeStateMachine (DatanodeStateMachine.java:lambda$startDaemon$0(492)) - Ozone container server started.
2022-09-21 13:02:09,027 [Listener at 127.0.0.1/41979] INFO  ozone.HddsDatanodeService (HddsDatanodeService.java:start(236)) - HddsDatanodeService host:fv-az334-292.zg0gw54pbdoexfhqlmz30d51na.gx.internal.cloudapp.net ip:10.1.0.12
2022-09-21 13:02:09,053 [Listener at 127.0.0.1/41979] INFO  upgrade.AbstractLayoutVersionManager (AbstractLayoutVersionManager.java:init(83)) - Initializing Layout version manager with metadata layout = DATANODE_SCHEMA_V3 (version = 4), software layout = DATANODE_SCHEMA_V3 (version = 4)
2022-09-21 13:02:09,069 [org.apache.hadoop.util.JvmPauseMonitor$Monitor@6d7f380a] INFO  util.JvmPauseMonitor (JvmPauseMonitor.java:run(188)) - Starting JVM pause monitor
2022-09-21 13:02:09,084 [Datanode State Machine Task Thread - 0] INFO  datanode.InitDatanodeState (InitDatanodeState.java:persistContainerDatanodeDetails(138)) - DatanodeDetails is persisted to /home/runner/work/ozone/ozone/hadoop-ozone/integration-test/target/test-dir/MiniOzoneClusterImpl-5e569bcc-b975-4850-9644-8f3a71d45aaa/datanode-1/meta/datanode.id
2022-09-21 13:02:09,133 [Listener at 127.0.0.1/41979] INFO  reflections.Reflections (Reflections.java:scan(232)) - Reflections took 79 ms to scan 7 urls, producing 135 keys and 327 values 
2022-09-21 13:02:09,136 [Listener at 127.0.0.1/41979] INFO  statemachine.DatanodeStateMachine (DatanodeStateMachine.java:getEndPointTaskThreadPoolSize(237)) - Datanode State Machine Task Thread Pool size 2
2022-09-21 13:02:09,141 [Listener at 127.0.0.1/41979] INFO  volume.HddsVolume (HddsVolume.java:<init>(117)) - Creating HddsVolume: /home/runner/work/ozone/ozone/hadoop-ozone/integration-test/target/test-dir/MiniOzoneClusterImpl-5e569bcc-b975-4850-9644-8f3a71d45aaa/datanode-2/data-0/containers/hdds of storage type : DISK capacity : 9223372036854775807
2022-09-21 13:02:09,142 [Listener at 127.0.0.1/41979] INFO  volume.MutableVolumeSet (MutableVolumeSet.java:initializeVolumeSet(174)) - Added Volume : /home/runner/work/ozone/ozone/hadoop-ozone/integration-test/target/test-dir/MiniOzoneClusterImpl-5e569bcc-b975-4850-9644-8f3a71d45aaa/datanode-2/data-0/containers/hdds to VolumeSet
2022-09-21 13:02:09,142 [Listener at 127.0.0.1/41979] INFO  volume.ThrottledAsyncChecker (ThrottledAsyncChecker.java:schedule(141)) - Scheduling a check for /home/runner/work/ozone/ozone/hadoop-ozone/integration-test/target/test-dir/MiniOzoneClusterImpl-5e569bcc-b975-4850-9644-8f3a71d45aaa/datanode-2/data-0/containers/hdds
2022-09-21 13:02:09,139 [om1@group-C5BA1605619E-StateMachineUpdater] INFO  ratis.OzoneManagerStateMachine (OzoneManagerStateMachine.java:notifyConfigurationChanged(192)) - Received Configuration change notification from Ratis. New Peer list:
[id: "om1"
address: "localhost:9872"
]
2022-09-21 13:02:09,147 [Listener at 127.0.0.1/41979] INFO  volume.StorageVolumeChecker (StorageVolumeChecker.java:checkAllVolumes(202)) - Scheduled health check for volume /home/runner/work/ozone/ozone/hadoop-ozone/integration-test/target/test-dir/MiniOzoneClusterImpl-5e569bcc-b975-4850-9644-8f3a71d45aaa/datanode-2/data-0/containers/hdds
2022-09-21 13:02:09,163 [Listener at 127.0.0.1/41979] INFO  volume.MutableVolumeSet (MutableVolumeSet.java:initializeVolumeSet(174)) - Added Volume : /home/runner/work/ozone/ozone/hadoop-ozone/integration-test/target/test-dir/MiniOzoneClusterImpl-5e569bcc-b975-4850-9644-8f3a71d45aaa/datanode-2/data/ratis to VolumeSet
2022-09-21 13:02:09,164 [Listener at 127.0.0.1/41979] INFO  volume.ThrottledAsyncChecker (ThrottledAsyncChecker.java:schedule(141)) - Scheduling a check for /home/runner/work/ozone/ozone/hadoop-ozone/integration-test/target/test-dir/MiniOzoneClusterImpl-5e569bcc-b975-4850-9644-8f3a71d45aaa/datanode-2/data/ratis
2022-09-21 13:02:09,164 [Listener at 127.0.0.1/41979] INFO  volume.StorageVolumeChecker (StorageVolumeChecker.java:checkAllVolumes(202)) - Scheduled health check for volume /home/runner/work/ozone/ozone/hadoop-ozone/integration-test/target/test-dir/MiniOzoneClusterImpl-5e569bcc-b975-4850-9644-8f3a71d45aaa/datanode-2/data/ratis
2022-09-21 13:02:09,177 [Thread-164] INFO  ozoneimpl.ContainerReader (ContainerReader.java:readVolume(175)) - Finish verifying containers on volume /home/runner/work/ozone/ozone/hadoop-ozone/integration-test/target/test-dir/MiniOzoneClusterImpl-5e569bcc-b975-4850-9644-8f3a71d45aaa/datanode-2/data-0/containers/hdds
2022-09-21 13:02:09,178 [Listener at 127.0.0.1/41979] INFO  ozoneimpl.OzoneContainer (OzoneContainer.java:buildContainerSet(300)) - Build ContainerSet costs 0s
2022-09-21 13:02:09,181 [Listener at 127.0.0.1/41979] INFO  server.RaftServer (ConfUtils.java:logGet(46)) - raft.rpc.type = GRPC (default)
2022-09-21 13:02:09,181 [Listener at 127.0.0.1/41979] INFO  grpc.GrpcFactory (GrpcFactory.java:checkPooledByteBufAllocatorUseCacheForAllThreads(48)) - PERFORMANCE WARNING: useCacheForAllThreads is true that may cause Netty to create a lot garbage objects and, as a result, trigger GC.
	It is recommended to disable useCacheForAllThreads by setting -Dorg.apache.ratis.thirdparty.io.netty.allocator.useCacheForAllThreads=false in command line.
2022-09-21 13:02:09,181 [Listener at 127.0.0.1/41979] INFO  grpc.GrpcConfigKeys (ConfUtils.java:logGet(46)) - raft.grpc.admin.port = 0 (custom)
2022-09-21 13:02:09,181 [Listener at 127.0.0.1/41979] INFO  grpc.GrpcConfigKeys (ConfUtils.java:logGet(46)) - raft.grpc.client.port = 0 (custom)
2022-09-21 13:02:09,181 [Listener at 127.0.0.1/41979] INFO  grpc.GrpcConfigKeys (ConfUtils.java:logGet(46)) - raft.grpc.server.port = 0 (default)
2022-09-21 13:02:09,181 [Listener at 127.0.0.1/41979] INFO  server.GrpcService (ConfUtils.java:logGet(46)) - raft.grpc.message.size.max = 32MB (=33554432) (custom)
2022-09-21 13:02:09,181 [Listener at 127.0.0.1/41979] INFO  server.RaftServerConfigKeys (ConfUtils.java:logGet(46)) - raft.server.log.appender.buffer.byte-limit = 33554432 (custom)
2022-09-21 13:02:09,182 [Listener at 127.0.0.1/41979] INFO  server.GrpcService (ConfUtils.java:logGet(46)) - raft.grpc.flow.control.window = 5MB (=5242880) (custom)
2022-09-21 13:02:09,182 [Listener at 127.0.0.1/41979] INFO  server.RaftServerConfigKeys (ConfUtils.java:logGet(46)) - raft.server.rpc.request.timeout = 60s (custom)
2022-09-21 13:02:09,182 [Listener at 127.0.0.1/41979] INFO  grpc.GrpcConfigKeys (ConfUtils.java:logGet(46)) - raft.grpc.server.async.request.thread.pool.cached = true (default)
2022-09-21 13:02:09,182 [Listener at 127.0.0.1/41979] INFO  grpc.GrpcConfigKeys (ConfUtils.java:logGet(46)) - raft.grpc.server.async.request.thread.pool.size = 32 (default)
2022-09-21 13:02:09,185 [Listener at 127.0.0.1/41979] INFO  impl.DataStreamServerImpl (ConfUtils.java:logGet(46)) - raft.datastream.type = DISABLED (default)
2022-09-21 13:02:09,189 [Listener at 127.0.0.1/41979] INFO  server.RaftServerConfigKeys (ConfUtils.java:logGet(46)) - raft.server.threadpool.proxy.cached = true (default)
2022-09-21 13:02:09,189 [Listener at 127.0.0.1/41979] INFO  server.RaftServerConfigKeys (ConfUtils.java:logGet(46)) - raft.server.threadpool.proxy.size = 0 (default)
2022-09-21 13:02:09,190 [Listener at 127.0.0.1/41979] INFO  server.RaftServerConfigKeys (ConfUtils.java:logGet(46)) - raft.server.rpc.slowness.timeout = 300s (custom)
2022-09-21 13:02:09,190 [Listener at 127.0.0.1/41979] INFO  server.RaftServerConfigKeys (ConfUtils.java:logGet(46)) - raft.server.leaderelection.leader.step-down.wait-time = 10s (default)
2022-09-21 13:02:09,190 [Listener at 127.0.0.1/41979] INFO  server.RaftServerConfigKeys (ConfUtils.java:logGet(46)) - raft.server.storage.dir = [/home/runner/work/ozone/ozone/hadoop-ozone/integration-test/target/test-dir/MiniOzoneClusterImpl-5e569bcc-b975-4850-9644-8f3a71d45aaa/datanode-2/data/ratis] (custom)
2022-09-21 13:02:09,198 [Listener at 127.0.0.1/41979] INFO  server.XceiverServerGrpc (XceiverServerGrpc.java:<init>(132)) - GrpcServer channel type EpollServerSocketChannel
2022-09-21 13:02:09,206 [Listener at 127.0.0.1/41979] INFO  http.BaseHttpServer (BaseHttpServer.java:newHttpServer2BuilderForOzone(213)) - Starting Web-server for hddsDatanode at: http://0.0.0.0:0
2022-09-21 13:02:09,206 [Listener at 127.0.0.1/41979] INFO  http.BaseHttpServer (BaseHttpServer.java:<init>(108)) - Hadoop Security Enabled: false Ozone Security Enabled: false Ozone HTTP Security Enabled: false 
2022-09-21 13:02:09,207 [Listener at 127.0.0.1/41979] INFO  server.AuthenticationFilter (AuthenticationFilter.java:constructSecretProvider(240)) - Unable to initialize FileSignerSecretProvider, falling back to use random secrets.
2022-09-21 13:02:09,209 [Listener at 127.0.0.1/41979] WARN  http.HttpRequestLog (HttpRequestLog.java:getRequestLog(103)) - Jetty request log can only be enabled using Log4j
2022-09-21 13:02:09,210 [Listener at 127.0.0.1/41979] INFO  http.HttpServer2 (HttpServer2.java:addGlobalFilter(1029)) - Added global filter 'safety' (class=org.apache.hadoop.hdds.server.http.HttpServer2$QuotingInputFilter)
2022-09-21 13:02:09,211 [Listener at 127.0.0.1/41979] INFO  http.HttpServer2 (HttpServer2.java:addFilter(1005)) - Added filter static_user_filter (class=org.apache.hadoop.http.lib.StaticUserWebFilter$StaticUserFilter) to context hddsDatanode
2022-09-21 13:02:09,211 [Listener at 127.0.0.1/41979] INFO  http.HttpServer2 (HttpServer2.java:addFilter(1013)) - Added filter static_user_filter (class=org.apache.hadoop.http.lib.StaticUserWebFilter$StaticUserFilter) to context static
2022-09-21 13:02:09,211 [Listener at 127.0.0.1/41979] INFO  http.HttpServer2 (HttpServer2.java:addFilter(1013)) - Added filter static_user_filter (class=org.apache.hadoop.http.lib.StaticUserWebFilter$StaticUserFilter) to context logs
2022-09-21 13:02:09,212 [Listener at 127.0.0.1/41979] INFO  http.HttpServer2 (HttpServer2.java:bindListener(1248)) - Jetty bound to port 42057
2022-09-21 13:02:09,213 [Listener at 127.0.0.1/41979] INFO  server.Server (Server.java:doStart(375)) - jetty-9.4.43.v20210629; built: 2021-06-30T11:07:22.254Z; git: 526006ecfa3af7f1a27ef3a288e2bef7ea9dd7e8; jvm 1.8.0_345-b01
2022-09-21 13:02:09,216 [Listener at 127.0.0.1/41979] INFO  server.session (DefaultSessionIdManager.java:doStart(334)) - DefaultSessionIdManager workerName=node0
2022-09-21 13:02:09,216 [Listener at 127.0.0.1/41979] INFO  server.session (DefaultSessionIdManager.java:doStart(339)) - No SessionScavenger set, using defaults
2022-09-21 13:02:09,216 [Listener at 127.0.0.1/41979] INFO  server.session (HouseKeeper.java:startScavenging(132)) - node0 Scavenging every 660000ms
2022-09-21 13:02:09,217 [Listener at 127.0.0.1/41979] INFO  handler.ContextHandler (ContextHandler.java:doStart(915)) - Started o.e.j.s.ServletContextHandler@1f80c4dc{logs,/logs,file:///home/runner/work/ozone/ozone/hadoop-ozone/integration-test/target/log,AVAILABLE}
2022-09-21 13:02:09,217 [Listener at 127.0.0.1/41979] INFO  handler.ContextHandler (ContextHandler.java:doStart(915)) - Started o.e.j.s.ServletContextHandler@4d914933{static,/static,jar:file:/home/runner/.m2/repository/org/apache/ozone/hdds-container-service/1.3.0-SNAPSHOT/hdds-container-service-1.3.0-SNAPSHOT.jar!/webapps/static,AVAILABLE}
2022-09-21 13:02:09,392 [Listener at 127.0.0.1/41979] INFO  handler.ContextHandler (ContextHandler.java:doStart(915)) - Started o.e.j.w.WebAppContext@5439234e{hddsDatanode,/,file:///tmp/jetty-0_0_0_0-42057-hdds-container-service-1_3_0-SNAPSHOT_jar-_-any-3404718924594777614/webapp/,AVAILABLE}{jar:file:/home/runner/.m2/repository/org/apache/ozone/hdds-container-service/1.3.0-SNAPSHOT/hdds-container-service-1.3.0-SNAPSHOT.jar!/webapps/hddsDatanode}
2022-09-21 13:02:09,395 [Listener at 127.0.0.1/41979] INFO  server.AbstractConnector (AbstractConnector.java:doStart(331)) - Started ServerConnector@59721a17{HTTP/1.1, (http/1.1)}{0.0.0.0:42057}
2022-09-21 13:02:09,395 [Listener at 127.0.0.1/41979] INFO  server.Server (Server.java:doStart(415)) - Started @8885ms
2022-09-21 13:02:09,395 [Listener at 127.0.0.1/41979] WARN  impl.MetricsSystemImpl (MetricsSystemImpl.java:register(279)) - Sink prometheus already exists!
2022-09-21 13:02:09,396 [Listener at 127.0.0.1/41979] INFO  http.BaseHttpServer (BaseHttpServer.java:updateConnectorAddress(333)) - HTTP server of hddsDatanode listening at http://0.0.0.0:42057
2022-09-21 13:02:09,398 [Datanode State Machine Daemon Thread] INFO  statemachine.DatanodeStateMachine (DatanodeStateMachine.java:lambda$startDaemon$0(492)) - Ozone container server started.
2022-09-21 13:02:09,404 [Listener at 127.0.0.1/41979] INFO  ozone.MiniOzoneClusterImpl (MiniOzoneClusterImpl.java:lambda$waitForClusterToBeReady$0(216)) - Waiting for nodes to be ready. Got 0 of 3 DN Heartbeats.
2022-09-21 13:02:09,405 [Listener at 127.0.0.1/41979] INFO  ozone.MiniOzoneClusterImpl (MiniOzoneClusterImpl.java:lambda$waitForClusterToBeReady$0(219)) - Waiting for cluster to exit safe mode
2022-09-21 13:02:09,405 [Listener at 127.0.0.1/41979] INFO  ozone.MiniOzoneClusterImpl (MiniOzoneClusterImpl.java:lambda$waitForClusterToBeReady$0(221)) - SCM became leader
2022-09-21 13:02:09,412 [org.apache.hadoop.util.JvmPauseMonitor$Monitor@2b97f0e1] INFO  util.JvmPauseMonitor (JvmPauseMonitor.java:run(188)) - Starting JVM pause monitor
2022-09-21 13:02:09,415 [Datanode State Machine Task Thread - 0] INFO  datanode.InitDatanodeState (InitDatanodeState.java:persistContainerDatanodeDetails(138)) - DatanodeDetails is persisted to /home/runner/work/ozone/ozone/hadoop-ozone/integration-test/target/test-dir/MiniOzoneClusterImpl-5e569bcc-b975-4850-9644-8f3a71d45aaa/datanode-2/meta/datanode.id
2022-09-21 13:02:10,405 [Listener at 127.0.0.1/41979] INFO  ozone.MiniOzoneClusterImpl (MiniOzoneClusterImpl.java:lambda$waitForClusterToBeReady$0(216)) - Waiting for nodes to be ready. Got 0 of 3 DN Heartbeats.
2022-09-21 13:02:10,405 [Listener at 127.0.0.1/41979] INFO  ozone.MiniOzoneClusterImpl (MiniOzoneClusterImpl.java:lambda$waitForClusterToBeReady$0(219)) - Waiting for cluster to exit safe mode
2022-09-21 13:02:10,405 [Listener at 127.0.0.1/41979] INFO  ozone.MiniOzoneClusterImpl (MiniOzoneClusterImpl.java:lambda$waitForClusterToBeReady$0(221)) - SCM became leader
2022-09-21 13:02:10,620 [EndpointStateMachine task thread for /0.0.0.0:43195 - 0 ] INFO  volume.HddsVolume (HddsVolume.java:createDbStore(307)) - SchemaV3 db is created and loaded at /home/runner/work/ozone/ozone/hadoop-ozone/integration-test/target/test-dir/MiniOzoneClusterImpl-5e569bcc-b975-4850-9644-8f3a71d45aaa/datanode-0/data-0/containers/hdds/5e569bcc-b975-4850-9644-8f3a71d45aaa/DS-fa906d4b-0a0a-40a2-8c36-361528bce51b/container.db for volume DS-fa906d4b-0a0a-40a2-8c36-361528bce51b
2022-09-21 13:02:10,623 [EndpointStateMachine task thread for /0.0.0.0:43195 - 0 ] INFO  volume.HddsVolume (HddsVolume.java:closeDbStore(338)) - SchemaV3 db is stopped at /home/runner/work/ozone/ozone/hadoop-ozone/integration-test/target/test-dir/MiniOzoneClusterImpl-5e569bcc-b975-4850-9644-8f3a71d45aaa/datanode-0/data-0/containers/hdds/5e569bcc-b975-4850-9644-8f3a71d45aaa/DS-fa906d4b-0a0a-40a2-8c36-361528bce51b/container.db for volume DS-fa906d4b-0a0a-40a2-8c36-361528bce51b
2022-09-21 13:02:10,623 [EndpointStateMachine task thread for /0.0.0.0:43195 - 0 ] INFO  ozoneimpl.OzoneContainer (OzoneContainer.java:start(378)) - Attempting to start container services.
2022-09-21 13:02:10,625 [EndpointStateMachine task thread for /0.0.0.0:43195 - 0 ] INFO  ozoneimpl.OzoneContainer (OzoneContainer.java:startContainerScrub(313)) - Background container scanner has been disabled.
2022-09-21 13:02:10,627 [EndpointStateMachine task thread for /0.0.0.0:43195 - 0 ] INFO  replication.ReplicationServer (ReplicationServer.java:start(111)) - ReplicationServer is started using port 44715
2022-09-21 13:02:10,629 [EndpointStateMachine task thread for /0.0.0.0:43195 - 0 ] INFO  ratis.XceiverServerRatis (XceiverServerRatis.java:start(481)) - Starting XceiverServerRatis fbad121f-7a00-4224-80d2-3ba9fe33b4b1
2022-09-21 13:02:10,635 [EndpointStateMachine task thread for /0.0.0.0:43195 - 0 ] INFO  server.RaftServer (RaftServerProxy.java:lambda$start$6(382)) - fbad121f-7a00-4224-80d2-3ba9fe33b4b1: start RPC server
2022-09-21 13:02:10,636 [EndpointStateMachine task thread for /0.0.0.0:43195 - 0 ] INFO  server.GrpcService (GrpcService.java:startImpl(260)) - fbad121f-7a00-4224-80d2-3ba9fe33b4b1: GrpcService started, listening on 43967
2022-09-21 13:02:10,639 [EndpointStateMachine task thread for /0.0.0.0:43195 - 0 ] INFO  ratis.XceiverServerRatis (XceiverServerRatis.java:getRealPort(502)) - XceiverServerRatis fbad121f-7a00-4224-80d2-3ba9fe33b4b1 is started using port 43967 for RATIS
2022-09-21 13:02:10,639 [EndpointStateMachine task thread for /0.0.0.0:43195 - 0 ] INFO  ratis.XceiverServerRatis (XceiverServerRatis.java:getRealPort(502)) - XceiverServerRatis fbad121f-7a00-4224-80d2-3ba9fe33b4b1 is started using port 43967 for RATIS_ADMIN
2022-09-21 13:02:10,639 [EndpointStateMachine task thread for /0.0.0.0:43195 - 0 ] INFO  ratis.XceiverServerRatis (XceiverServerRatis.java:getRealPort(502)) - XceiverServerRatis fbad121f-7a00-4224-80d2-3ba9fe33b4b1 is started using port 43967 for RATIS_SERVER
2022-09-21 13:02:10,640 [org.apache.ratis.util.JvmPauseMonitor$$Lambda$682/930464739@78bca4e] INFO  util.JvmPauseMonitor (JvmPauseMonitor.java:run(103)) - JvmPauseMonitor-fbad121f-7a00-4224-80d2-3ba9fe33b4b1: Started
2022-09-21 13:02:10,645 [EndpointStateMachine task thread for /0.0.0.0:43195 - 0 ] INFO  server.XceiverServerGrpc (XceiverServerGrpc.java:start(180)) - XceiverServerGrpc fbad121f-7a00-4224-80d2-3ba9fe33b4b1 is started using port 38875
2022-09-21 13:02:11,091 [EndpointStateMachine task thread for /0.0.0.0:43195 - 0 ] INFO  volume.HddsVolume (HddsVolume.java:createDbStore(307)) - SchemaV3 db is created and loaded at /home/runner/work/ozone/ozone/hadoop-ozone/integration-test/target/test-dir/MiniOzoneClusterImpl-5e569bcc-b975-4850-9644-8f3a71d45aaa/datanode-1/data-0/containers/hdds/5e569bcc-b975-4850-9644-8f3a71d45aaa/DS-a33db883-da16-4fbb-8f39-2dc41b02581a/container.db for volume DS-a33db883-da16-4fbb-8f39-2dc41b02581a
2022-09-21 13:02:11,096 [EndpointStateMachine task thread for /0.0.0.0:43195 - 0 ] INFO  volume.HddsVolume (HddsVolume.java:closeDbStore(338)) - SchemaV3 db is stopped at /home/runner/work/ozone/ozone/hadoop-ozone/integration-test/target/test-dir/MiniOzoneClusterImpl-5e569bcc-b975-4850-9644-8f3a71d45aaa/datanode-1/data-0/containers/hdds/5e569bcc-b975-4850-9644-8f3a71d45aaa/DS-a33db883-da16-4fbb-8f39-2dc41b02581a/container.db for volume DS-a33db883-da16-4fbb-8f39-2dc41b02581a
2022-09-21 13:02:11,096 [EndpointStateMachine task thread for /0.0.0.0:43195 - 0 ] INFO  ozoneimpl.OzoneContainer (OzoneContainer.java:start(378)) - Attempting to start container services.
2022-09-21 13:02:11,096 [EndpointStateMachine task thread for /0.0.0.0:43195 - 0 ] INFO  ozoneimpl.OzoneContainer (OzoneContainer.java:startContainerScrub(313)) - Background container scanner has been disabled.
2022-09-21 13:02:11,098 [EndpointStateMachine task thread for /0.0.0.0:43195 - 0 ] INFO  replication.ReplicationServer (ReplicationServer.java:start(111)) - ReplicationServer is started using port 45381
2022-09-21 13:02:11,099 [EndpointStateMachine task thread for /0.0.0.0:43195 - 0 ] INFO  ratis.XceiverServerRatis (XceiverServerRatis.java:start(481)) - Starting XceiverServerRatis 75d0e166-84fd-47dc-81bd-aa4ae7e35728
2022-09-21 13:02:11,099 [EndpointStateMachine task thread for /0.0.0.0:43195 - 0 ] INFO  server.RaftServer (RaftServerProxy.java:lambda$start$6(382)) - 75d0e166-84fd-47dc-81bd-aa4ae7e35728: start RPC server
2022-09-21 13:02:11,101 [EndpointStateMachine task thread for /0.0.0.0:43195 - 0 ] INFO  server.GrpcService (GrpcService.java:startImpl(260)) - 75d0e166-84fd-47dc-81bd-aa4ae7e35728: GrpcService started, listening on 40701
2022-09-21 13:02:11,101 [EndpointStateMachine task thread for /0.0.0.0:43195 - 0 ] INFO  ratis.XceiverServerRatis (XceiverServerRatis.java:getRealPort(502)) - XceiverServerRatis 75d0e166-84fd-47dc-81bd-aa4ae7e35728 is started using port 40701 for RATIS
2022-09-21 13:02:11,101 [org.apache.ratis.util.JvmPauseMonitor$$Lambda$682/930464739@7bb95349] INFO  util.JvmPauseMonitor (JvmPauseMonitor.java:run(103)) - JvmPauseMonitor-75d0e166-84fd-47dc-81bd-aa4ae7e35728: Started
2022-09-21 13:02:11,101 [EndpointStateMachine task thread for /0.0.0.0:43195 - 0 ] INFO  ratis.XceiverServerRatis (XceiverServerRatis.java:getRealPort(502)) - XceiverServerRatis 75d0e166-84fd-47dc-81bd-aa4ae7e35728 is started using port 40701 for RATIS_ADMIN
2022-09-21 13:02:11,102 [EndpointStateMachine task thread for /0.0.0.0:43195 - 0 ] INFO  ratis.XceiverServerRatis (XceiverServerRatis.java:getRealPort(502)) - XceiverServerRatis 75d0e166-84fd-47dc-81bd-aa4ae7e35728 is started using port 40701 for RATIS_SERVER
2022-09-21 13:02:11,105 [EndpointStateMachine task thread for /0.0.0.0:43195 - 0 ] INFO  server.XceiverServerGrpc (XceiverServerGrpc.java:start(180)) - XceiverServerGrpc 75d0e166-84fd-47dc-81bd-aa4ae7e35728 is started using port 37895
2022-09-21 13:02:11,406 [Listener at 127.0.0.1/41979] INFO  ozone.MiniOzoneClusterImpl (MiniOzoneClusterImpl.java:lambda$waitForClusterToBeReady$0(216)) - Waiting for nodes to be ready. Got 0 of 3 DN Heartbeats.
2022-09-21 13:02:11,406 [Listener at 127.0.0.1/41979] INFO  ozone.MiniOzoneClusterImpl (MiniOzoneClusterImpl.java:lambda$waitForClusterToBeReady$0(219)) - Waiting for cluster to exit safe mode
2022-09-21 13:02:11,406 [Listener at 127.0.0.1/41979] INFO  ozone.MiniOzoneClusterImpl (MiniOzoneClusterImpl.java:lambda$waitForClusterToBeReady$0(221)) - SCM became leader
2022-09-21 13:02:11,442 [EndpointStateMachine task thread for /0.0.0.0:43195 - 0 ] INFO  volume.HddsVolume (HddsVolume.java:createDbStore(307)) - SchemaV3 db is created and loaded at /home/runner/work/ozone/ozone/hadoop-ozone/integration-test/target/test-dir/MiniOzoneClusterImpl-5e569bcc-b975-4850-9644-8f3a71d45aaa/datanode-2/data-0/containers/hdds/5e569bcc-b975-4850-9644-8f3a71d45aaa/DS-d400c8d6-75e5-4d79-ba12-02ab8fa4888b/container.db for volume DS-d400c8d6-75e5-4d79-ba12-02ab8fa4888b
2022-09-21 13:02:11,443 [EndpointStateMachine task thread for /0.0.0.0:43195 - 0 ] INFO  volume.HddsVolume (HddsVolume.java:closeDbStore(338)) - SchemaV3 db is stopped at /home/runner/work/ozone/ozone/hadoop-ozone/integration-test/target/test-dir/MiniOzoneClusterImpl-5e569bcc-b975-4850-9644-8f3a71d45aaa/datanode-2/data-0/containers/hdds/5e569bcc-b975-4850-9644-8f3a71d45aaa/DS-d400c8d6-75e5-4d79-ba12-02ab8fa4888b/container.db for volume DS-d400c8d6-75e5-4d79-ba12-02ab8fa4888b
2022-09-21 13:02:11,443 [EndpointStateMachine task thread for /0.0.0.0:43195 - 0 ] INFO  ozoneimpl.OzoneContainer (OzoneContainer.java:start(378)) - Attempting to start container services.
2022-09-21 13:02:11,443 [EndpointStateMachine task thread for /0.0.0.0:43195 - 0 ] INFO  ozoneimpl.OzoneContainer (OzoneContainer.java:startContainerScrub(313)) - Background container scanner has been disabled.
2022-09-21 13:02:11,446 [EndpointStateMachine task thread for /0.0.0.0:43195 - 0 ] INFO  replication.ReplicationServer (ReplicationServer.java:start(111)) - ReplicationServer is started using port 35081
2022-09-21 13:02:11,446 [EndpointStateMachine task thread for /0.0.0.0:43195 - 0 ] INFO  ratis.XceiverServerRatis (XceiverServerRatis.java:start(481)) - Starting XceiverServerRatis f4daeadc-7069-45ca-9aa4-afb858e2644b
2022-09-21 13:02:11,452 [EndpointStateMachine task thread for /0.0.0.0:43195 - 0 ] INFO  server.RaftServer (RaftServerProxy.java:lambda$start$6(382)) - f4daeadc-7069-45ca-9aa4-afb858e2644b: start RPC server
2022-09-21 13:02:11,454 [EndpointStateMachine task thread for /0.0.0.0:43195 - 0 ] INFO  server.GrpcService (GrpcService.java:startImpl(260)) - f4daeadc-7069-45ca-9aa4-afb858e2644b: GrpcService started, listening on 45647
2022-09-21 13:02:11,455 [EndpointStateMachine task thread for /0.0.0.0:43195 - 0 ] INFO  ratis.XceiverServerRatis (XceiverServerRatis.java:getRealPort(502)) - XceiverServerRatis f4daeadc-7069-45ca-9aa4-afb858e2644b is started using port 45647 for RATIS
2022-09-21 13:02:11,455 [org.apache.ratis.util.JvmPauseMonitor$$Lambda$682/930464739@ed21afe] INFO  util.JvmPauseMonitor (JvmPauseMonitor.java:run(103)) - JvmPauseMonitor-f4daeadc-7069-45ca-9aa4-afb858e2644b: Started
2022-09-21 13:02:11,455 [EndpointStateMachine task thread for /0.0.0.0:43195 - 0 ] INFO  ratis.XceiverServerRatis (XceiverServerRatis.java:getRealPort(502)) - XceiverServerRatis f4daeadc-7069-45ca-9aa4-afb858e2644b is started using port 45647 for RATIS_ADMIN
2022-09-21 13:02:11,456 [EndpointStateMachine task thread for /0.0.0.0:43195 - 0 ] INFO  ratis.XceiverServerRatis (XceiverServerRatis.java:getRealPort(502)) - XceiverServerRatis f4daeadc-7069-45ca-9aa4-afb858e2644b is started using port 45647 for RATIS_SERVER
2022-09-21 13:02:11,461 [EndpointStateMachine task thread for /0.0.0.0:43195 - 0 ] INFO  server.XceiverServerGrpc (XceiverServerGrpc.java:start(180)) - XceiverServerGrpc f4daeadc-7069-45ca-9aa4-afb858e2644b is started using port 39495
2022-09-21 13:02:12,406 [Listener at 127.0.0.1/41979] INFO  ozone.MiniOzoneClusterImpl (MiniOzoneClusterImpl.java:lambda$waitForClusterToBeReady$0(216)) - Waiting for nodes to be ready. Got 0 of 3 DN Heartbeats.
2022-09-21 13:02:12,406 [Listener at 127.0.0.1/41979] INFO  ozone.MiniOzoneClusterImpl (MiniOzoneClusterImpl.java:lambda$waitForClusterToBeReady$0(219)) - Waiting for cluster to exit safe mode
2022-09-21 13:02:12,407 [Listener at 127.0.0.1/41979] INFO  ozone.MiniOzoneClusterImpl (MiniOzoneClusterImpl.java:lambda$waitForClusterToBeReady$0(221)) - SCM became leader
2022-09-21 13:02:12,560 [IPC Server handler 15 on default port 43195] INFO  net.NetworkTopologyImpl (NetworkTopologyImpl.java:add(112)) - Added a new node: /default-rack/fbad121f-7a00-4224-80d2-3ba9fe33b4b1
2022-09-21 13:02:12,562 [IPC Server handler 15 on default port 43195] INFO  node.SCMNodeManager (SCMNodeManager.java:register(397)) - Registered Data node : fbad121f-7a00-4224-80d2-3ba9fe33b4b1{ip: 10.1.0.12, host: fv-az334-292.zg0gw54pbdoexfhqlmz30d51na.gx.internal.cloudapp.net, ports: [REPLICATION=44715, RATIS=43967, RATIS_ADMIN=43967, RATIS_SERVER=43967, STANDALONE=38875], networkLocation: /default-rack, certSerialId: null, persistedOpState: null, persistedOpStateExpiryEpochSec: 0}
2022-09-21 13:02:12,566 [EventQueue-NewNodeForNewNodeHandler] INFO  pipeline.BackgroundPipelineCreator (BackgroundPipelineCreator.java:notifyEventTriggered(276)) - trigger a one-shot run on RatisPipelineUtilsThread.
2022-09-21 13:02:12,573 [RatisPipelineUtilsThread - 0] INFO  pipeline.RatisPipelineProvider (RatisPipelineProvider.java:lambda$create$0(195)) - Sending CreatePipelineCommand for pipeline:PipelineID=5eaa15b2-a810-4a91-92b6-0d4ad2a4da8b to datanode:fbad121f-7a00-4224-80d2-3ba9fe33b4b1
2022-09-21 13:02:12,574 [EventQueue-NodeRegistrationContainerReportForDataNodeSafeModeRule] INFO  safemode.SCMSafeModeManager (DataNodeSafeModeRule.java:process(71)) - SCM in safe mode. 1 DataNodes registered, 3 required.
2022-09-21 13:02:12,575 [EventQueue-NodeRegistrationContainerReportForContainerSafeModeRule] INFO  safemode.SCMSafeModeManager (SCMSafeModeManager.java:validateSafeModeExitRules(204)) - ContainerSafeModeRule rule is successfully validated
2022-09-21 13:02:12,579 [EventQueue-PipelineReportForOneReplicaPipelineSafeModeRule] INFO  safemode.SCMSafeModeManager (SCMSafeModeManager.java:validateSafeModeExitRules(204)) - AtleastOneDatanodeReportedRule rule is successfully validated
2022-09-21 13:02:12,589 [RatisPipelineUtilsThread - 0] INFO  pipeline.PipelineStateManagerImpl (PipelineStateManagerImpl.java:addPipeline(103)) - Created pipeline Pipeline[ Id: 5eaa15b2-a810-4a91-92b6-0d4ad2a4da8b, Nodes: fbad121f-7a00-4224-80d2-3ba9fe33b4b1{ip: 10.1.0.12, host: fv-az334-292.zg0gw54pbdoexfhqlmz30d51na.gx.internal.cloudapp.net, ports: [REPLICATION=44715, RATIS=43967, RATIS_ADMIN=43967, RATIS_SERVER=43967, STANDALONE=38875], networkLocation: /default-rack, certSerialId: null, persistedOpState: IN_SERVICE, persistedOpStateExpiryEpochSec: 0}, ReplicationConfig: RATIS/ONE, State:ALLOCATED, leaderId:, CreationTimestamp2022-09-21T13:02:12.572Z[Etc/UTC]].
2022-09-21 13:02:13,065 [IPC Server handler 19 on default port 43195] INFO  net.NetworkTopologyImpl (NetworkTopologyImpl.java:add(112)) - Added a new node: /default-rack/75d0e166-84fd-47dc-81bd-aa4ae7e35728
2022-09-21 13:02:13,065 [IPC Server handler 19 on default port 43195] INFO  node.SCMNodeManager (SCMNodeManager.java:register(397)) - Registered Data node : 75d0e166-84fd-47dc-81bd-aa4ae7e35728{ip: 10.1.0.12, host: fv-az334-292.zg0gw54pbdoexfhqlmz30d51na.gx.internal.cloudapp.net, ports: [REPLICATION=45381, RATIS=40701, RATIS_ADMIN=40701, RATIS_SERVER=40701, STANDALONE=37895], networkLocation: /default-rack, certSerialId: null, persistedOpState: null, persistedOpStateExpiryEpochSec: 0}
2022-09-21 13:02:13,066 [EventQueue-NewNodeForNewNodeHandler] INFO  pipeline.BackgroundPipelineCreator (BackgroundPipelineCreator.java:notifyEventTriggered(276)) - trigger a one-shot run on RatisPipelineUtilsThread.
2022-09-21 13:02:13,067 [EventQueue-NodeRegistrationContainerReportForDataNodeSafeModeRule] INFO  safemode.SCMSafeModeManager (DataNodeSafeModeRule.java:process(71)) - SCM in safe mode. 2 DataNodes registered, 3 required.
2022-09-21 13:02:13,067 [RatisPipelineUtilsThread - 0] INFO  pipeline.RatisPipelineProvider (RatisPipelineProvider.java:lambda$create$0(195)) - Sending CreatePipelineCommand for pipeline:PipelineID=e1c334c6-04a5-444f-96a7-ee22ec267faf to datanode:75d0e166-84fd-47dc-81bd-aa4ae7e35728
2022-09-21 13:02:13,068 [RatisPipelineUtilsThread - 0] INFO  pipeline.PipelineStateManagerImpl (PipelineStateManagerImpl.java:addPipeline(103)) - Created pipeline Pipeline[ Id: e1c334c6-04a5-444f-96a7-ee22ec267faf, Nodes: 75d0e166-84fd-47dc-81bd-aa4ae7e35728{ip: 10.1.0.12, host: fv-az334-292.zg0gw54pbdoexfhqlmz30d51na.gx.internal.cloudapp.net, ports: [REPLICATION=45381, RATIS=40701, RATIS_ADMIN=40701, RATIS_SERVER=40701, STANDALONE=37895], networkLocation: /default-rack, certSerialId: null, persistedOpState: IN_SERVICE, persistedOpStateExpiryEpochSec: 0}, ReplicationConfig: RATIS/ONE, State:ALLOCATED, leaderId:, CreationTimestamp2022-09-21T13:02:13.067Z[Etc/UTC]].
2022-09-21 13:02:13,407 [Listener at 127.0.0.1/41979] INFO  ozone.MiniOzoneClusterImpl (MiniOzoneClusterImpl.java:lambda$waitForClusterToBeReady$0(216)) - Waiting for nodes to be ready. Got 2 of 3 DN Heartbeats.
2022-09-21 13:02:13,407 [Listener at 127.0.0.1/41979] INFO  ozone.MiniOzoneClusterImpl (MiniOzoneClusterImpl.java:lambda$waitForClusterToBeReady$0(219)) - Waiting for cluster to exit safe mode
2022-09-21 13:02:13,407 [Listener at 127.0.0.1/41979] INFO  ozone.MiniOzoneClusterImpl (MiniOzoneClusterImpl.java:lambda$waitForClusterToBeReady$0(221)) - SCM became leader
2022-09-21 13:02:13,413 [IPC Server handler 18 on default port 43195] INFO  net.NetworkTopologyImpl (NetworkTopologyImpl.java:add(112)) - Added a new node: /default-rack/f4daeadc-7069-45ca-9aa4-afb858e2644b
2022-09-21 13:02:13,413 [IPC Server handler 18 on default port 43195] INFO  node.SCMNodeManager (SCMNodeManager.java:register(397)) - Registered Data node : f4daeadc-7069-45ca-9aa4-afb858e2644b{ip: 10.1.0.12, host: fv-az334-292.zg0gw54pbdoexfhqlmz30d51na.gx.internal.cloudapp.net, ports: [REPLICATION=35081, RATIS=45647, RATIS_ADMIN=45647, RATIS_SERVER=45647, STANDALONE=39495], networkLocation: /default-rack, certSerialId: null, persistedOpState: null, persistedOpStateExpiryEpochSec: 0}
2022-09-21 13:02:13,414 [EventQueue-NewNodeForNewNodeHandler] INFO  pipeline.BackgroundPipelineCreator (BackgroundPipelineCreator.java:notifyEventTriggered(276)) - trigger a one-shot run on RatisPipelineUtilsThread.
2022-09-21 13:02:13,414 [RatisPipelineUtilsThread - 0] INFO  pipeline.RatisPipelineProvider (RatisPipelineProvider.java:lambda$create$0(195)) - Sending CreatePipelineCommand for pipeline:PipelineID=77404845-b457-4d5b-a5f1-aaced19167e8 to datanode:f4daeadc-7069-45ca-9aa4-afb858e2644b
2022-09-21 13:02:13,414 [EventQueue-NodeRegistrationContainerReportForDataNodeSafeModeRule] INFO  safemode.SCMSafeModeManager (DataNodeSafeModeRule.java:process(71)) - SCM in safe mode. 3 DataNodes registered, 3 required.
2022-09-21 13:02:13,414 [EventQueue-NodeRegistrationContainerReportForDataNodeSafeModeRule] INFO  safemode.SCMSafeModeManager (SCMSafeModeManager.java:validateSafeModeExitRules(204)) - DataNodeSafeModeRule rule is successfully validated
2022-09-21 13:02:13,414 [EventQueue-NodeRegistrationContainerReportForDataNodeSafeModeRule] INFO  safemode.SCMSafeModeManager (SCMSafeModeManager.java:completePreCheck(233)) - All SCM safe mode pre check rules have passed
2022-09-21 13:02:13,414 [EventQueue-NodeRegistrationContainerReportForDataNodeSafeModeRule] WARN  events.EventQueue (EventQueue.java:fireEvent(216)) - No event handler registered for event TypedEvent{payloadType=SafeModeStatus, name='Safe mode status'}
2022-09-21 13:02:13,414 [EventQueue-NodeRegistrationContainerReportForDataNodeSafeModeRule] INFO  ha.SCMContext (SCMContext.java:updateSafeModeStatus(228)) - Update SafeModeStatus from SafeModeStatus{safeModeStatus=true, preCheckPassed=false} to SafeModeStatus{safeModeStatus=true, preCheckPassed=true}.
2022-09-21 13:02:13,414 [EventQueue-NodeRegistrationContainerReportForDataNodeSafeModeRule] INFO  pipeline.BackgroundPipelineCreator (BackgroundPipelineCreator.java:notifyEventTriggered(276)) - trigger a one-shot run on RatisPipelineUtilsThread.
2022-09-21 13:02:13,415 [RatisPipelineUtilsThread - 0] INFO  pipeline.PipelineStateManagerImpl (PipelineStateManagerImpl.java:addPipeline(103)) - Created pipeline Pipeline[ Id: 77404845-b457-4d5b-a5f1-aaced19167e8, Nodes: f4daeadc-7069-45ca-9aa4-afb858e2644b{ip: 10.1.0.12, host: fv-az334-292.zg0gw54pbdoexfhqlmz30d51na.gx.internal.cloudapp.net, ports: [REPLICATION=35081, RATIS=45647, RATIS_ADMIN=45647, RATIS_SERVER=45647, STANDALONE=39495], networkLocation: /default-rack, certSerialId: null, persistedOpState: IN_SERVICE, persistedOpStateExpiryEpochSec: 0}, ReplicationConfig: RATIS/ONE, State:ALLOCATED, leaderId:, CreationTimestamp2022-09-21T13:02:13.414Z[Etc/UTC]].
2022-09-21 13:02:13,418 [RatisPipelineUtilsThread - 0] INFO  pipeline.RatisPipelineProvider (RatisPipelineProvider.java:lambda$create$0(195)) - Sending CreatePipelineCommand for pipeline:PipelineID=9ce15c75-969c-4396-bd4c-9d365342f69d to datanode:75d0e166-84fd-47dc-81bd-aa4ae7e35728
2022-09-21 13:02:13,418 [RatisPipelineUtilsThread - 0] INFO  pipeline.RatisPipelineProvider (RatisPipelineProvider.java:lambda$create$0(195)) - Sending CreatePipelineCommand for pipeline:PipelineID=9ce15c75-969c-4396-bd4c-9d365342f69d to datanode:f4daeadc-7069-45ca-9aa4-afb858e2644b
2022-09-21 13:02:13,418 [RatisPipelineUtilsThread - 0] INFO  pipeline.RatisPipelineProvider (RatisPipelineProvider.java:lambda$create$0(195)) - Sending CreatePipelineCommand for pipeline:PipelineID=9ce15c75-969c-4396-bd4c-9d365342f69d to datanode:fbad121f-7a00-4224-80d2-3ba9fe33b4b1
2022-09-21 13:02:13,419 [RatisPipelineUtilsThread - 0] INFO  pipeline.PipelineStateManagerImpl (PipelineStateManagerImpl.java:addPipeline(103)) - Created pipeline Pipeline[ Id: 9ce15c75-969c-4396-bd4c-9d365342f69d, Nodes: 75d0e166-84fd-47dc-81bd-aa4ae7e35728{ip: 10.1.0.12, host: fv-az334-292.zg0gw54pbdoexfhqlmz30d51na.gx.internal.cloudapp.net, ports: [REPLICATION=45381, RATIS=40701, RATIS_ADMIN=40701, RATIS_SERVER=40701, STANDALONE=37895], networkLocation: /default-rack, certSerialId: null, persistedOpState: IN_SERVICE, persistedOpStateExpiryEpochSec: 0}f4daeadc-7069-45ca-9aa4-afb858e2644b{ip: 10.1.0.12, host: fv-az334-292.zg0gw54pbdoexfhqlmz30d51na.gx.internal.cloudapp.net, ports: [REPLICATION=35081, RATIS=45647, RATIS_ADMIN=45647, RATIS_SERVER=45647, STANDALONE=39495], networkLocation: /default-rack, certSerialId: null, persistedOpState: IN_SERVICE, persistedOpStateExpiryEpochSec: 0}fbad121f-7a00-4224-80d2-3ba9fe33b4b1{ip: 10.1.0.12, host: fv-az334-292.zg0gw54pbdoexfhqlmz30d51na.gx.internal.cloudapp.net, ports: [REPLICATION=44715, RATIS=43967, RATIS_ADMIN=43967, RATIS_SERVER=43967, STANDALONE=38875], networkLocation: /default-rack, certSerialId: null, persistedOpState: IN_SERVICE, persistedOpStateExpiryEpochSec: 0}, ReplicationConfig: RATIS/THREE, State:ALLOCATED, leaderId:, CreationTimestamp2022-09-21T13:02:13.418Z[Etc/UTC]].
2022-09-21 13:02:13,420 [RatisPipelineUtilsThread - 0] INFO  pipeline.RatisPipelineProvider (RatisPipelineProvider.java:lambda$create$0(195)) - Sending CreatePipelineCommand for pipeline:PipelineID=845e9e8f-fd38-46b7-9369-7b51ca320748 to datanode:f4daeadc-7069-45ca-9aa4-afb858e2644b
2022-09-21 13:02:13,420 [RatisPipelineUtilsThread - 0] INFO  pipeline.RatisPipelineProvider (RatisPipelineProvider.java:lambda$create$0(195)) - Sending CreatePipelineCommand for pipeline:PipelineID=845e9e8f-fd38-46b7-9369-7b51ca320748 to datanode:fbad121f-7a00-4224-80d2-3ba9fe33b4b1
2022-09-21 13:02:13,420 [RatisPipelineUtilsThread - 0] INFO  pipeline.RatisPipelineProvider (RatisPipelineProvider.java:lambda$create$0(195)) - Sending CreatePipelineCommand for pipeline:PipelineID=845e9e8f-fd38-46b7-9369-7b51ca320748 to datanode:75d0e166-84fd-47dc-81bd-aa4ae7e35728
2022-09-21 13:02:13,421 [RatisPipelineUtilsThread - 0] INFO  pipeline.PipelineStateManagerImpl (PipelineStateManagerImpl.java:addPipeline(103)) - Created pipeline Pipeline[ Id: 845e9e8f-fd38-46b7-9369-7b51ca320748, Nodes: f4daeadc-7069-45ca-9aa4-afb858e2644b{ip: 10.1.0.12, host: fv-az334-292.zg0gw54pbdoexfhqlmz30d51na.gx.internal.cloudapp.net, ports: [REPLICATION=35081, RATIS=45647, RATIS_ADMIN=45647, RATIS_SERVER=45647, STANDALONE=39495], networkLocation: /default-rack, certSerialId: null, persistedOpState: IN_SERVICE, persistedOpStateExpiryEpochSec: 0}fbad121f-7a00-4224-80d2-3ba9fe33b4b1{ip: 10.1.0.12, host: fv-az334-292.zg0gw54pbdoexfhqlmz30d51na.gx.internal.cloudapp.net, ports: [REPLICATION=44715, RATIS=43967, RATIS_ADMIN=43967, RATIS_SERVER=43967, STANDALONE=38875], networkLocation: /default-rack, certSerialId: null, persistedOpState: IN_SERVICE, persistedOpStateExpiryEpochSec: 0}75d0e166-84fd-47dc-81bd-aa4ae7e35728{ip: 10.1.0.12, host: fv-az334-292.zg0gw54pbdoexfhqlmz30d51na.gx.internal.cloudapp.net, ports: [REPLICATION=45381, RATIS=40701, RATIS_ADMIN=40701, RATIS_SERVER=40701, STANDALONE=37895], networkLocation: /default-rack, certSerialId: null, persistedOpState: IN_SERVICE, persistedOpStateExpiryEpochSec: 0}, ReplicationConfig: RATIS/THREE, State:ALLOCATED, leaderId:, CreationTimestamp2022-09-21T13:02:13.420Z[Etc/UTC]].
2022-09-21 13:02:13,421 [RatisPipelineUtilsThread - 0] INFO  pipeline.PipelineManagerImpl (PipelineManagerImpl.java:recordMetricsForPipeline(796)) - Pipeline: PipelineID=845e9e8f-fd38-46b7-9369-7b51ca320748 contains same datanodes as previous pipelines: PipelineID=9ce15c75-969c-4396-bd4c-9d365342f69d nodeIds: f4daeadc-7069-45ca-9aa4-afb858e2644b, fbad121f-7a00-4224-80d2-3ba9fe33b4b1, 75d0e166-84fd-47dc-81bd-aa4ae7e35728
2022-09-21 13:02:14,407 [Listener at 127.0.0.1/41979] INFO  ozone.MiniOzoneClusterImpl (MiniOzoneClusterImpl.java:lambda$waitForClusterToBeReady$0(216)) - Nodes are ready. Got 3 of 3 DN Heartbeats.
2022-09-21 13:02:14,408 [Listener at 127.0.0.1/41979] INFO  ozone.MiniOzoneClusterImpl (MiniOzoneClusterImpl.java:lambda$waitForClusterToBeReady$0(219)) - Waiting for cluster to exit safe mode
2022-09-21 13:02:14,408 [Listener at 127.0.0.1/41979] INFO  ozone.MiniOzoneClusterImpl (MiniOzoneClusterImpl.java:lambda$waitForClusterToBeReady$0(221)) - SCM became leader
2022-09-21 13:02:15,408 [Listener at 127.0.0.1/41979] INFO  ozone.MiniOzoneClusterImpl (MiniOzoneClusterImpl.java:lambda$waitForClusterToBeReady$0(216)) - Nodes are ready. Got 3 of 3 DN Heartbeats.
2022-09-21 13:02:15,409 [Listener at 127.0.0.1/41979] INFO  ozone.MiniOzoneClusterImpl (MiniOzoneClusterImpl.java:lambda$waitForClusterToBeReady$0(219)) - Waiting for cluster to exit safe mode
2022-09-21 13:02:15,409 [Listener at 127.0.0.1/41979] INFO  ozone.MiniOzoneClusterImpl (MiniOzoneClusterImpl.java:lambda$waitForClusterToBeReady$0(221)) - SCM became leader
2022-09-21 13:02:15,555 [Command processor thread] INFO  server.RaftServer (RaftServerProxy.java:addNew(96)) - fbad121f-7a00-4224-80d2-3ba9fe33b4b1: addNew group-0D4AD2A4DA8B:[fbad121f-7a00-4224-80d2-3ba9fe33b4b1|rpc:10.1.0.12:43967|priority:1] returns group-0D4AD2A4DA8B:java.util.concurrent.CompletableFuture@2246fd6f[Not completed]
2022-09-21 13:02:15,565 [pool-72-thread-1] INFO  server.RaftServer$Division (RaftServerImpl.java:<init>(190)) - fbad121f-7a00-4224-80d2-3ba9fe33b4b1: new RaftServerImpl for group-0D4AD2A4DA8B:[fbad121f-7a00-4224-80d2-3ba9fe33b4b1|rpc:10.1.0.12:43967|priority:1] with ContainerStateMachine:uninitialized
2022-09-21 13:02:15,565 [pool-72-thread-1] INFO  server.RaftServerConfigKeys (ConfUtils.java:logGet(46)) - raft.server.rpc.timeout.min = 5s (custom)
2022-09-21 13:02:15,565 [pool-72-thread-1] INFO  server.RaftServerConfigKeys (ConfUtils.java:logGet(46)) - raft.server.rpc.timeout.max = 5200ms (custom)
2022-09-21 13:02:15,565 [pool-72-thread-1] INFO  server.RaftServerConfigKeys (ConfUtils.java:logGet(46)) - raft.server.rpc.sleep.time = 25ms (default)
2022-09-21 13:02:15,565 [pool-72-thread-1] INFO  server.RaftServerConfigKeys (ConfUtils.java:logGet(46)) - raft.server.rpc.slowness.timeout = 300s (custom)
2022-09-21 13:02:15,565 [pool-72-thread-1] INFO  server.RaftServerConfigKeys (ConfUtils.java:logGet(46)) - raft.server.leaderelection.leader.step-down.wait-time = 10s (default)
2022-09-21 13:02:15,565 [pool-72-thread-1] INFO  server.RaftServerConfigKeys (ConfUtils.java:logGet(46)) - raft.server.sleep.deviation.threshold = 300ms (default)
2022-09-21 13:02:15,565 [pool-72-thread-1] INFO  server.RaftServer$Division (ServerState.java:<init>(107)) - fbad121f-7a00-4224-80d2-3ba9fe33b4b1@group-0D4AD2A4DA8B: ConfigurationManager, init=-1: [fbad121f-7a00-4224-80d2-3ba9fe33b4b1|rpc:10.1.0.12:43967|priority:1], old=null, confs=<EMPTY_MAP>
2022-09-21 13:02:15,566 [pool-72-thread-1] INFO  server.RaftServerConfigKeys (ConfUtils.java:logGet(46)) - raft.server.storage.dir = [/home/runner/work/ozone/ozone/hadoop-ozone/integration-test/target/test-dir/MiniOzoneClusterImpl-5e569bcc-b975-4850-9644-8f3a71d45aaa/datanode-0/data/ratis] (custom)
2022-09-21 13:02:15,566 [pool-72-thread-1] INFO  server.RaftServerConfigKeys (ConfUtils.java:logGet(46)) - raft.server.log.corruption.policy = EXCEPTION (default)
2022-09-21 13:02:15,566 [pool-72-thread-1] INFO  server.RaftServerConfigKeys (ConfUtils.java:logGet(46)) - raft.server.storage.free-space.min = 0MB (=0) (default)
2022-09-21 13:02:15,566 [pool-72-thread-1] INFO  storage.RaftStorageDirectory (RaftStorageDirectoryImpl.java:analyzeStorage(135)) - The storage directory /home/runner/work/ozone/ozone/hadoop-ozone/integration-test/target/test-dir/MiniOzoneClusterImpl-5e569bcc-b975-4850-9644-8f3a71d45aaa/datanode-0/data/ratis/5eaa15b2-a810-4a91-92b6-0d4ad2a4da8b does not exist. Creating ...
2022-09-21 13:02:15,572 [pool-72-thread-1] INFO  storage.RaftStorageDirectory (RaftStorageDirectoryImpl.java:tryLock(230)) - Lock on /home/runner/work/ozone/ozone/hadoop-ozone/integration-test/target/test-dir/MiniOzoneClusterImpl-5e569bcc-b975-4850-9644-8f3a71d45aaa/datanode-0/data/ratis/5eaa15b2-a810-4a91-92b6-0d4ad2a4da8b/in_use.lock acquired by nodename 2822@fv-az334-292
2022-09-21 13:02:15,573 [pool-72-thread-1] INFO  storage.RaftStorage (RaftStorageImpl.java:format(89)) - Storage directory /home/runner/work/ozone/ozone/hadoop-ozone/integration-test/target/test-dir/MiniOzoneClusterImpl-5e569bcc-b975-4850-9644-8f3a71d45aaa/datanode-0/data/ratis/5eaa15b2-a810-4a91-92b6-0d4ad2a4da8b has been successfully formatted.
2022-09-21 13:02:15,577 [pool-72-thread-1] INFO  ratis.ContainerStateMachine (ContainerStateMachine.java:loadSnapshot(236)) - group-0D4AD2A4DA8B: The snapshot info is null. Setting the last applied indexto:(t:0, i:~)
2022-09-21 13:02:15,577 [pool-72-thread-1] INFO  server.RaftServerConfigKeys (ConfUtils.java:logGet(46)) - raft.server.notification.no-leader.timeout = 300s (custom)
2022-09-21 13:02:15,578 [pool-72-thread-1] INFO  server.RaftServerConfigKeys (ConfUtils.java:logGet(46)) - raft.server.log.use.memory = false (default)
2022-09-21 13:02:15,578 [pool-72-thread-1] INFO  server.RaftServerConfigKeys (ConfUtils.java:logGet(46)) - raft.server.log.purge.gap = 1000000 (custom)
2022-09-21 13:02:15,578 [pool-72-thread-1] INFO  server.RaftServerConfigKeys (ConfUtils.java:logGet(46)) - raft.server.log.appender.buffer.byte-limit = 33554432 (custom)
2022-09-21 13:02:15,578 [pool-72-thread-1] INFO  server.RaftServerConfigKeys (ConfUtils.java:logGet(46)) - raft.server.log.statemachine.data.read.timeout = 1000ms (default)
2022-09-21 13:02:15,578 [pool-72-thread-1] INFO  server.RaftServerConfigKeys (ConfUtils.java:logGet(46)) - raft.server.log.segment.size.max = 1048576 (custom)
2022-09-21 13:02:15,579 [pool-72-thread-1] INFO  server.RaftServerConfigKeys (ConfUtils.java:logGet(46)) - raft.server.log.segment.cache.num.max = 2 (custom)
2022-09-21 13:02:15,579 [pool-72-thread-1] INFO  server.RaftServerConfigKeys (ConfUtils.java:logGet(46)) - raft.server.log.segment.cache.size.max = 200MB (=209715200) (default)
2022-09-21 13:02:15,579 [pool-72-thread-1] INFO  segmented.SegmentedRaftLogWorker (SegmentedRaftLogWorker.java:<init>(187)) - new fbad121f-7a00-4224-80d2-3ba9fe33b4b1@group-0D4AD2A4DA8B-SegmentedRaftLogWorker for RaftStorageImpl:Storage Directory /home/runner/work/ozone/ozone/hadoop-ozone/integration-test/target/test-dir/MiniOzoneClusterImpl-5e569bcc-b975-4850-9644-8f3a71d45aaa/datanode-0/data/ratis/5eaa15b2-a810-4a91-92b6-0d4ad2a4da8b
2022-09-21 13:02:15,579 [pool-72-thread-1] INFO  server.RaftServerConfigKeys (ConfUtils.java:logGet(46)) - raft.server.log.queue.byte-limit = 4294967296 (custom)
2022-09-21 13:02:15,579 [pool-72-thread-1] INFO  server.RaftServerConfigKeys (ConfUtils.java:logGet(46)) - raft.server.log.queue.element-limit = 1024 (custom)
2022-09-21 13:02:15,579 [pool-72-thread-1] INFO  server.RaftServerConfigKeys (ConfUtils.java:logGet(46)) - raft.server.log.segment.size.max = 1048576 (custom)
2022-09-21 13:02:15,579 [pool-72-thread-1] INFO  server.RaftServerConfigKeys (ConfUtils.java:logGet(46)) - raft.server.log.preallocated.size = 16384 (custom)
2022-09-21 13:02:15,579 [pool-72-thread-1] INFO  server.RaftServerConfigKeys (ConfUtils.java:logGet(46)) - raft.server.log.force.sync.num = 128 (default)
2022-09-21 13:02:15,579 [pool-72-thread-1] INFO  server.RaftServerConfigKeys (ConfUtils.java:logGet(46)) - raft.server.log.statemachine.data.sync = true (default)
2022-09-21 13:02:15,579 [pool-72-thread-1] INFO  server.RaftServerConfigKeys (ConfUtils.java:logGet(46)) - raft.server.log.statemachine.data.sync.timeout = 10s (default)
2022-09-21 13:02:15,579 [pool-72-thread-1] INFO  server.RaftServerConfigKeys (ConfUtils.java:logGet(46)) - raft.server.log.statemachine.data.sync.timeout.retry = -1 (default)
2022-09-21 13:02:15,580 [pool-72-thread-1] INFO  server.RaftServerConfigKeys (ConfUtils.java:logGet(46)) - raft.server.log.write.buffer.size = 1048576 (custom)
2022-09-21 13:02:15,580 [pool-72-thread-1] INFO  server.RaftServerConfigKeys (ConfUtils.java:logGet(46)) - raft.server.log.unsafe-flush.enabled = false (default)
2022-09-21 13:02:15,581 [pool-72-thread-1] INFO  server.RaftServerConfigKeys (ConfUtils.java:logGet(46)) - raft.server.log.statemachine.data.caching.enabled = true (custom)
2022-09-21 13:02:15,581 [pool-72-thread-1] INFO  segmented.SegmentedRaftLogWorker (SegmentedRaftLogWorker.java:lambda$new$0(135)) - fbad121f-7a00-4224-80d2-3ba9fe33b4b1@group-0D4AD2A4DA8B-SegmentedRaftLogWorker: flushIndex: setUnconditionally 0 -> -1
2022-09-21 13:02:15,581 [pool-72-thread-1] INFO  segmented.SegmentedRaftLogWorker (SegmentedRaftLogWorker.java:lambda$new$0(135)) - fbad121f-7a00-4224-80d2-3ba9fe33b4b1@group-0D4AD2A4DA8B-SegmentedRaftLogWorker: safeCacheEvictIndex: setUnconditionally 0 -> -1
2022-09-21 13:02:15,582 [pool-72-thread-1] INFO  server.RaftServerConfigKeys (ConfUtils.java:logGet(46)) - raft.server.snapshot.auto.trigger.enabled = true (custom)
2022-09-21 13:02:15,582 [pool-72-thread-1] INFO  server.RaftServerConfigKeys (ConfUtils.java:logGet(46)) - raft.server.snapshot.auto.trigger.threshold = 10000 (custom)
2022-09-21 13:02:15,583 [pool-72-thread-1] INFO  server.RaftServerConfigKeys (ConfUtils.java:logGet(46)) - raft.server.snapshot.retention.file.num = 5 (custom)
2022-09-21 13:02:15,583 [pool-72-thread-1] INFO  server.RaftServerConfigKeys (ConfUtils.java:logGet(46)) - raft.server.log.purge.upto.snapshot.index = false (default)
2022-09-21 13:02:15,583 [pool-72-thread-1] INFO  server.RaftServerConfigKeys (ConfUtils.java:logGet(46)) - raft.server.retrycache.expirytime = 600000ms (custom)
2022-09-21 13:02:15,583 [pool-72-thread-1] INFO  server.RaftServerConfigKeys (ConfUtils.java:logGet(46)) - raft.server.retrycache.statistics.expirytime = 100μs (default)
2022-09-21 13:02:15,587 [pool-72-thread-1] INFO  server.RaftServerConfigKeys (ConfUtils.java:logGet(46)) - raft.server.log.appender.install.snapshot.enabled = false (custom)
2022-09-21 13:02:15,587 [pool-72-thread-1] INFO  server.RaftServerConfigKeys (ConfUtils.java:logGet(46)) - raft.server.threadpool.server.cached = true (default)
2022-09-21 13:02:15,587 [pool-72-thread-1] INFO  server.RaftServerConfigKeys (ConfUtils.java:logGet(46)) - raft.server.threadpool.server.size = 0 (default)
2022-09-21 13:02:15,587 [pool-72-thread-1] INFO  server.RaftServerConfigKeys (ConfUtils.java:logGet(46)) - raft.server.threadpool.client.cached = true (default)
2022-09-21 13:02:15,587 [pool-72-thread-1] INFO  server.RaftServerConfigKeys (ConfUtils.java:logGet(46)) - raft.server.threadpool.client.size = 0 (default)
2022-09-21 13:02:15,596 [pool-72-thread-1] INFO  server.RaftServer$Division (RaftServerImpl.java:start(310)) - fbad121f-7a00-4224-80d2-3ba9fe33b4b1@group-0D4AD2A4DA8B: start as a follower, conf=-1: [fbad121f-7a00-4224-80d2-3ba9fe33b4b1|rpc:10.1.0.12:43967|priority:1], old=null
2022-09-21 13:02:15,597 [pool-72-thread-1] INFO  server.RaftServer$Division (RaftServerImpl.java:setRole(299)) - fbad121f-7a00-4224-80d2-3ba9fe33b4b1@group-0D4AD2A4DA8B: changes role from      null to FOLLOWER at term 0 for startAsFollower
2022-09-21 13:02:15,597 [pool-72-thread-1] INFO  impl.RoleInfo (RoleInfo.java:updateAndGet(139)) - fbad121f-7a00-4224-80d2-3ba9fe33b4b1: start fbad121f-7a00-4224-80d2-3ba9fe33b4b1@group-0D4AD2A4DA8B-FollowerState
2022-09-21 13:02:15,609 [EventQueue-PipelineReportForPipelineReportHandler] INFO  pipeline.PipelineManagerImpl (PipelineManagerImpl.java:openPipeline(367)) - Pipeline Pipeline[ Id: 5eaa15b2-a810-4a91-92b6-0d4ad2a4da8b, Nodes: fbad121f-7a00-4224-80d2-3ba9fe33b4b1{ip: 10.1.0.12, host: fv-az334-292.zg0gw54pbdoexfhqlmz30d51na.gx.internal.cloudapp.net, ports: [REPLICATION=44715, RATIS=43967, RATIS_ADMIN=43967, RATIS_SERVER=43967, STANDALONE=38875], networkLocation: /default-rack, certSerialId: null, persistedOpState: IN_SERVICE, persistedOpStateExpiryEpochSec: 0}, ReplicationConfig: RATIS/ONE, State:ALLOCATED, leaderId:fbad121f-7a00-4224-80d2-3ba9fe33b4b1, CreationTimestamp2022-09-21T13:02:12.572Z[Etc/UTC]] moved to OPEN state
2022-09-21 13:02:15,608 [pool-72-thread-1] INFO  util.JmxRegister (JmxRegister.java:tryRegister(44)) - Successfully registered JMX Bean with object name Ratis:service=RaftServer,group=group-0D4AD2A4DA8B,id=fbad121f-7a00-4224-80d2-3ba9fe33b4b1
2022-09-21 13:02:15,612 [EventQueue-OpenPipelineForHealthyPipelineSafeModeRule] INFO  safemode.SCMSafeModeManager (HealthyPipelineSafeModeRule.java:process(137)) - SCM in safe mode. Healthy pipelines reported count is 0, required healthy pipeline reported count is 1
2022-09-21 13:02:15,621 [Command processor thread] INFO  ratis.XceiverServerRatis (XceiverServerRatis.java:addGroup(765)) - Created group PipelineID=5eaa15b2-a810-4a91-92b6-0d4ad2a4da8b
2022-09-21 13:02:15,622 [Command processor thread] INFO  commandhandler.CreatePipelineCommandHandler (CreatePipelineCommandHandler.java:handle(113)) - Created Pipeline RATIS ONE PipelineID=5eaa15b2-a810-4a91-92b6-0d4ad2a4da8b.
2022-09-21 13:02:15,622 [Command processor thread] INFO  server.RaftServer (RaftServerProxy.java:addNew(96)) - fbad121f-7a00-4224-80d2-3ba9fe33b4b1: addNew group-9D365342F69D:[fbad121f-7a00-4224-80d2-3ba9fe33b4b1|rpc:10.1.0.12:43967|priority:0, 75d0e166-84fd-47dc-81bd-aa4ae7e35728|rpc:10.1.0.12:40701|priority:0, f4daeadc-7069-45ca-9aa4-afb858e2644b|rpc:10.1.0.12:45647|priority:1] returns group-9D365342F69D:java.util.concurrent.CompletableFuture@16405c9b[Not completed]
2022-09-21 13:02:15,624 [pool-72-thread-1] INFO  server.RaftServer$Division (RaftServerImpl.java:<init>(190)) - fbad121f-7a00-4224-80d2-3ba9fe33b4b1: new RaftServerImpl for group-9D365342F69D:[fbad121f-7a00-4224-80d2-3ba9fe33b4b1|rpc:10.1.0.12:43967|priority:0, 75d0e166-84fd-47dc-81bd-aa4ae7e35728|rpc:10.1.0.12:40701|priority:0, f4daeadc-7069-45ca-9aa4-afb858e2644b|rpc:10.1.0.12:45647|priority:1] with ContainerStateMachine:uninitialized
2022-09-21 13:02:15,624 [pool-72-thread-1] INFO  server.RaftServerConfigKeys (ConfUtils.java:logGet(46)) - raft.server.rpc.timeout.min = 5s (custom)
2022-09-21 13:02:15,624 [pool-72-thread-1] INFO  server.RaftServerConfigKeys (ConfUtils.java:logGet(46)) - raft.server.rpc.timeout.max = 5200ms (custom)
2022-09-21 13:02:15,624 [pool-72-thread-1] INFO  server.RaftServerConfigKeys (ConfUtils.java:logGet(46)) - raft.server.rpc.sleep.time = 25ms (default)
2022-09-21 13:02:15,624 [pool-72-thread-1] INFO  server.RaftServerConfigKeys (ConfUtils.java:logGet(46)) - raft.server.rpc.slowness.timeout = 300s (custom)
2022-09-21 13:02:15,624 [pool-72-thread-1] INFO  server.RaftServerConfigKeys (ConfUtils.java:logGet(46)) - raft.server.leaderelection.leader.step-down.wait-time = 10s (default)
2022-09-21 13:02:15,624 [pool-72-thread-1] INFO  server.RaftServerConfigKeys (ConfUtils.java:logGet(46)) - raft.server.sleep.deviation.threshold = 300ms (default)
2022-09-21 13:02:15,624 [pool-72-thread-1] INFO  server.RaftServer$Division (ServerState.java:<init>(107)) - fbad121f-7a00-4224-80d2-3ba9fe33b4b1@group-9D365342F69D: ConfigurationManager, init=-1: [fbad121f-7a00-4224-80d2-3ba9fe33b4b1|rpc:10.1.0.12:43967|priority:0, 75d0e166-84fd-47dc-81bd-aa4ae7e35728|rpc:10.1.0.12:40701|priority:0, f4daeadc-7069-45ca-9aa4-afb858e2644b|rpc:10.1.0.12:45647|priority:1], old=null, confs=<EMPTY_MAP>
2022-09-21 13:02:15,624 [pool-72-thread-1] INFO  server.RaftServerConfigKeys (ConfUtils.java:logGet(46)) - raft.server.storage.dir = [/home/runner/work/ozone/ozone/hadoop-ozone/integration-test/target/test-dir/MiniOzoneClusterImpl-5e569bcc-b975-4850-9644-8f3a71d45aaa/datanode-0/data/ratis] (custom)
2022-09-21 13:02:15,624 [pool-72-thread-1] INFO  server.RaftServerConfigKeys (ConfUtils.java:logGet(46)) - raft.server.log.corruption.policy = EXCEPTION (default)
2022-09-21 13:02:15,624 [pool-72-thread-1] INFO  server.RaftServerConfigKeys (ConfUtils.java:logGet(46)) - raft.server.storage.free-space.min = 0MB (=0) (default)
2022-09-21 13:02:15,624 [pool-72-thread-1] INFO  storage.RaftStorageDirectory (RaftStorageDirectoryImpl.java:analyzeStorage(135)) - The storage directory /home/runner/work/ozone/ozone/hadoop-ozone/integration-test/target/test-dir/MiniOzoneClusterImpl-5e569bcc-b975-4850-9644-8f3a71d45aaa/datanode-0/data/ratis/9ce15c75-969c-4396-bd4c-9d365342f69d does not exist. Creating ...
2022-09-21 13:02:15,625 [pool-72-thread-1] INFO  storage.RaftStorageDirectory (RaftStorageDirectoryImpl.java:tryLock(230)) - Lock on /home/runner/work/ozone/ozone/hadoop-ozone/integration-test/target/test-dir/MiniOzoneClusterImpl-5e569bcc-b975-4850-9644-8f3a71d45aaa/datanode-0/data/ratis/9ce15c75-969c-4396-bd4c-9d365342f69d/in_use.lock acquired by nodename 2822@fv-az334-292
2022-09-21 13:02:15,626 [pool-72-thread-1] INFO  storage.RaftStorage (RaftStorageImpl.java:format(89)) - Storage directory /home/runner/work/ozone/ozone/hadoop-ozone/integration-test/target/test-dir/MiniOzoneClusterImpl-5e569bcc-b975-4850-9644-8f3a71d45aaa/datanode-0/data/ratis/9ce15c75-969c-4396-bd4c-9d365342f69d has been successfully formatted.
2022-09-21 13:02:15,630 [pool-72-thread-1] INFO  ratis.ContainerStateMachine (ContainerStateMachine.java:loadSnapshot(236)) - group-9D365342F69D: The snapshot info is null. Setting the last applied indexto:(t:0, i:~)
2022-09-21 13:02:15,631 [EventQueue-OpenPipelineForHealthyPipelineSafeModeRule] INFO  safemode.SCMSafeModeManager (HealthyPipelineSafeModeRule.java:process(137)) - SCM in safe mode. Healthy pipelines reported count is 0, required healthy pipeline reported count is 1
2022-09-21 13:02:15,631 [pool-72-thread-1] INFO  server.RaftServerConfigKeys (ConfUtils.java:logGet(46)) - raft.server.notification.no-leader.timeout = 300s (custom)
2022-09-21 13:02:15,631 [pool-72-thread-1] INFO  server.RaftServerConfigKeys (ConfUtils.java:logGet(46)) - raft.server.log.use.memory = false (default)
2022-09-21 13:02:15,631 [pool-72-thread-1] INFO  server.RaftServerConfigKeys (ConfUtils.java:logGet(46)) - raft.server.log.purge.gap = 1000000 (custom)
2022-09-21 13:02:15,631 [pool-72-thread-1] INFO  server.RaftServerConfigKeys (ConfUtils.java:logGet(46)) - raft.server.log.appender.buffer.byte-limit = 33554432 (custom)
2022-09-21 13:02:15,631 [pool-72-thread-1] INFO  server.RaftServerConfigKeys (ConfUtils.java:logGet(46)) - raft.server.log.statemachine.data.read.timeout = 1000ms (default)
2022-09-21 13:02:15,632 [pool-72-thread-1] INFO  server.RaftServerConfigKeys (ConfUtils.java:logGet(46)) - raft.server.log.segment.size.max = 1048576 (custom)
2022-09-21 13:02:15,632 [pool-72-thread-1] INFO  server.RaftServerConfigKeys (ConfUtils.java:logGet(46)) - raft.server.log.segment.cache.num.max = 2 (custom)
2022-09-21 13:02:15,632 [pool-72-thread-1] INFO  server.RaftServerConfigKeys (ConfUtils.java:logGet(46)) - raft.server.log.segment.cache.size.max = 200MB (=209715200) (default)
2022-09-21 13:02:15,632 [pool-72-thread-1] INFO  segmented.SegmentedRaftLogWorker (SegmentedRaftLogWorker.java:<init>(187)) - new fbad121f-7a00-4224-80d2-3ba9fe33b4b1@group-9D365342F69D-SegmentedRaftLogWorker for RaftStorageImpl:Storage Directory /home/runner/work/ozone/ozone/hadoop-ozone/integration-test/target/test-dir/MiniOzoneClusterImpl-5e569bcc-b975-4850-9644-8f3a71d45aaa/datanode-0/data/ratis/9ce15c75-969c-4396-bd4c-9d365342f69d
2022-09-21 13:02:15,632 [pool-72-thread-1] INFO  server.RaftServerConfigKeys (ConfUtils.java:logGet(46)) - raft.server.log.queue.byte-limit = 4294967296 (custom)
2022-09-21 13:02:15,632 [pool-72-thread-1] INFO  server.RaftServerConfigKeys (ConfUtils.java:logGet(46)) - raft.server.log.queue.element-limit = 1024 (custom)
2022-09-21 13:02:15,632 [pool-72-thread-1] INFO  server.RaftServerConfigKeys (ConfUtils.java:logGet(46)) - raft.server.log.segment.size.max = 1048576 (custom)
2022-09-21 13:02:15,632 [pool-72-thread-1] INFO  server.RaftServerConfigKeys (ConfUtils.java:logGet(46)) - raft.server.log.preallocated.size = 16384 (custom)
2022-09-21 13:02:15,633 [pool-72-thread-1] INFO  server.RaftServerConfigKeys (ConfUtils.java:logGet(46)) - raft.server.log.force.sync.num = 128 (default)
2022-09-21 13:02:15,633 [pool-72-thread-1] INFO  server.RaftServerConfigKeys (ConfUtils.java:logGet(46)) - raft.server.log.statemachine.data.sync = true (default)
2022-09-21 13:02:15,633 [pool-72-thread-1] INFO  server.RaftServerConfigKeys (ConfUtils.java:logGet(46)) - raft.server.log.statemachine.data.sync.timeout = 10s (default)
2022-09-21 13:02:15,633 [pool-72-thread-1] INFO  server.RaftServerConfigKeys (ConfUtils.java:logGet(46)) - raft.server.log.statemachine.data.sync.timeout.retry = -1 (default)
2022-09-21 13:02:15,634 [pool-72-thread-1] INFO  server.RaftServerConfigKeys (ConfUtils.java:logGet(46)) - raft.server.log.write.buffer.size = 1048576 (custom)
2022-09-21 13:02:15,634 [pool-72-thread-1] INFO  server.RaftServerConfigKeys (ConfUtils.java:logGet(46)) - raft.server.log.unsafe-flush.enabled = false (default)
2022-09-21 13:02:15,634 [pool-72-thread-1] INFO  server.RaftServerConfigKeys (ConfUtils.java:logGet(46)) - raft.server.log.statemachine.data.caching.enabled = true (custom)
2022-09-21 13:02:15,634 [pool-72-thread-1] INFO  segmented.SegmentedRaftLogWorker (SegmentedRaftLogWorker.java:lambda$new$0(135)) - fbad121f-7a00-4224-80d2-3ba9fe33b4b1@group-9D365342F69D-SegmentedRaftLogWorker: flushIndex: setUnconditionally 0 -> -1
2022-09-21 13:02:15,634 [pool-72-thread-1] INFO  segmented.SegmentedRaftLogWorker (SegmentedRaftLogWorker.java:lambda$new$0(135)) - fbad121f-7a00-4224-80d2-3ba9fe33b4b1@group-9D365342F69D-SegmentedRaftLogWorker: safeCacheEvictIndex: setUnconditionally 0 -> -1
2022-09-21 13:02:15,634 [pool-72-thread-1] INFO  server.RaftServerConfigKeys (ConfUtils.java:logGet(46)) - raft.server.snapshot.auto.trigger.enabled = true (custom)
2022-09-21 13:02:15,634 [pool-72-thread-1] INFO  server.RaftServerConfigKeys (ConfUtils.java:logGet(46)) - raft.server.snapshot.auto.trigger.threshold = 10000 (custom)
2022-09-21 13:02:15,634 [pool-72-thread-1] INFO  server.RaftServerConfigKeys (ConfUtils.java:logGet(46)) - raft.server.snapshot.retention.file.num = 5 (custom)
2022-09-21 13:02:15,634 [pool-72-thread-1] INFO  server.RaftServerConfigKeys (ConfUtils.java:logGet(46)) - raft.server.log.purge.upto.snapshot.index = false (default)
2022-09-21 13:02:15,635 [pool-72-thread-1] INFO  server.RaftServerConfigKeys (ConfUtils.java:logGet(46)) - raft.server.retrycache.expirytime = 600000ms (custom)
2022-09-21 13:02:15,635 [pool-72-thread-1] INFO  server.RaftServerConfigKeys (ConfUtils.java:logGet(46)) - raft.server.retrycache.statistics.expirytime = 100μs (default)
2022-09-21 13:02:15,637 [pool-72-thread-1] INFO  server.RaftServerConfigKeys (ConfUtils.java:logGet(46)) - raft.server.log.appender.install.snapshot.enabled = false (custom)
2022-09-21 13:02:15,637 [pool-72-thread-1] INFO  server.RaftServerConfigKeys (ConfUtils.java:logGet(46)) - raft.server.threadpool.server.cached = true (default)
2022-09-21 13:02:15,637 [pool-72-thread-1] INFO  server.RaftServerConfigKeys (ConfUtils.java:logGet(46)) - raft.server.threadpool.server.size = 0 (default)
2022-09-21 13:02:15,637 [pool-72-thread-1] INFO  server.RaftServerConfigKeys (ConfUtils.java:logGet(46)) - raft.server.threadpool.client.cached = true (default)
2022-09-21 13:02:15,637 [pool-72-thread-1] INFO  server.RaftServerConfigKeys (ConfUtils.java:logGet(46)) - raft.server.threadpool.client.size = 0 (default)
2022-09-21 13:02:15,637 [pool-72-thread-1] INFO  server.RaftServer$Division (RaftServerImpl.java:start(310)) - fbad121f-7a00-4224-80d2-3ba9fe33b4b1@group-9D365342F69D: start as a follower, conf=-1: [fbad121f-7a00-4224-80d2-3ba9fe33b4b1|rpc:10.1.0.12:43967|priority:0, 75d0e166-84fd-47dc-81bd-aa4ae7e35728|rpc:10.1.0.12:40701|priority:0, f4daeadc-7069-45ca-9aa4-afb858e2644b|rpc:10.1.0.12:45647|priority:1], old=null
2022-09-21 13:02:15,637 [pool-72-thread-1] INFO  server.RaftServer$Division (RaftServerImpl.java:setRole(299)) - fbad121f-7a00-4224-80d2-3ba9fe33b4b1@group-9D365342F69D: changes role from      null to FOLLOWER at term 0 for startAsFollower
2022-09-21 13:02:15,637 [pool-72-thread-1] INFO  impl.RoleInfo (RoleInfo.java:updateAndGet(139)) - fbad121f-7a00-4224-80d2-3ba9fe33b4b1: start fbad121f-7a00-4224-80d2-3ba9fe33b4b1@group-9D365342F69D-FollowerState
2022-09-21 13:02:15,639 [pool-72-thread-1] INFO  util.JmxRegister (JmxRegister.java:tryRegister(44)) - Successfully registered JMX Bean with object name Ratis:service=RaftServer,group=group-9D365342F69D,id=fbad121f-7a00-4224-80d2-3ba9fe33b4b1
2022-09-21 13:02:15,645 [Command processor thread] INFO  ratis.XceiverServerRatis (XceiverServerRatis.java:addGroup(765)) - Created group PipelineID=9ce15c75-969c-4396-bd4c-9d365342f69d
2022-09-21 13:02:16,066 [Command processor thread] INFO  server.RaftServer (RaftServerProxy.java:addNew(96)) - 75d0e166-84fd-47dc-81bd-aa4ae7e35728: addNew group-EE22EC267FAF:[75d0e166-84fd-47dc-81bd-aa4ae7e35728|rpc:10.1.0.12:40701|priority:1] returns group-EE22EC267FAF:java.util.concurrent.CompletableFuture@2ea51dbf[Not completed]
2022-09-21 13:02:16,071 [pool-95-thread-1] INFO  server.RaftServer$Division (RaftServerImpl.java:<init>(190)) - 75d0e166-84fd-47dc-81bd-aa4ae7e35728: new RaftServerImpl for group-EE22EC267FAF:[75d0e166-84fd-47dc-81bd-aa4ae7e35728|rpc:10.1.0.12:40701|priority:1] with ContainerStateMachine:uninitialized
2022-09-21 13:02:16,071 [pool-95-thread-1] INFO  server.RaftServerConfigKeys (ConfUtils.java:logGet(46)) - raft.server.rpc.timeout.min = 5s (custom)
2022-09-21 13:02:16,071 [pool-95-thread-1] INFO  server.RaftServerConfigKeys (ConfUtils.java:logGet(46)) - raft.server.rpc.timeout.max = 5200ms (custom)
2022-09-21 13:02:16,071 [pool-95-thread-1] INFO  server.RaftServerConfigKeys (ConfUtils.java:logGet(46)) - raft.server.rpc.sleep.time = 25ms (default)
2022-09-21 13:02:16,072 [pool-95-thread-1] INFO  server.RaftServerConfigKeys (ConfUtils.java:logGet(46)) - raft.server.rpc.slowness.timeout = 300s (custom)
2022-09-21 13:02:16,072 [pool-95-thread-1] INFO  server.RaftServerConfigKeys (ConfUtils.java:logGet(46)) - raft.server.leaderelection.leader.step-down.wait-time = 10s (default)
2022-09-21 13:02:16,072 [pool-95-thread-1] INFO  server.RaftServerConfigKeys (ConfUtils.java:logGet(46)) - raft.server.sleep.deviation.threshold = 300ms (default)
2022-09-21 13:02:16,072 [pool-95-thread-1] INFO  server.RaftServer$Division (ServerState.java:<init>(107)) - 75d0e166-84fd-47dc-81bd-aa4ae7e35728@group-EE22EC267FAF: ConfigurationManager, init=-1: [75d0e166-84fd-47dc-81bd-aa4ae7e35728|rpc:10.1.0.12:40701|priority:1], old=null, confs=<EMPTY_MAP>
2022-09-21 13:02:16,072 [pool-95-thread-1] INFO  server.RaftServerConfigKeys (ConfUtils.java:logGet(46)) - raft.server.storage.dir = [/home/runner/work/ozone/ozone/hadoop-ozone/integration-test/target/test-dir/MiniOzoneClusterImpl-5e569bcc-b975-4850-9644-8f3a71d45aaa/datanode-1/data/ratis] (custom)
2022-09-21 13:02:16,073 [pool-95-thread-1] INFO  server.RaftServerConfigKeys (ConfUtils.java:logGet(46)) - raft.server.log.corruption.policy = EXCEPTION (default)
2022-09-21 13:02:16,073 [pool-95-thread-1] INFO  server.RaftServerConfigKeys (ConfUtils.java:logGet(46)) - raft.server.storage.free-space.min = 0MB (=0) (default)
2022-09-21 13:02:16,073 [pool-95-thread-1] INFO  storage.RaftStorageDirectory (RaftStorageDirectoryImpl.java:analyzeStorage(135)) - The storage directory /home/runner/work/ozone/ozone/hadoop-ozone/integration-test/target/test-dir/MiniOzoneClusterImpl-5e569bcc-b975-4850-9644-8f3a71d45aaa/datanode-1/data/ratis/e1c334c6-04a5-444f-96a7-ee22ec267faf does not exist. Creating ...
2022-09-21 13:02:16,074 [pool-95-thread-1] INFO  storage.RaftStorageDirectory (RaftStorageDirectoryImpl.java:tryLock(230)) - Lock on /home/runner/work/ozone/ozone/hadoop-ozone/integration-test/target/test-dir/MiniOzoneClusterImpl-5e569bcc-b975-4850-9644-8f3a71d45aaa/datanode-1/data/ratis/e1c334c6-04a5-444f-96a7-ee22ec267faf/in_use.lock acquired by nodename 2822@fv-az334-292
2022-09-21 13:02:16,075 [pool-95-thread-1] INFO  storage.RaftStorage (RaftStorageImpl.java:format(89)) - Storage directory /home/runner/work/ozone/ozone/hadoop-ozone/integration-test/target/test-dir/MiniOzoneClusterImpl-5e569bcc-b975-4850-9644-8f3a71d45aaa/datanode-1/data/ratis/e1c334c6-04a5-444f-96a7-ee22ec267faf has been successfully formatted.
2022-09-21 13:02:16,076 [pool-95-thread-1] INFO  ratis.ContainerStateMachine (ContainerStateMachine.java:loadSnapshot(236)) - group-EE22EC267FAF: The snapshot info is null. Setting the last applied indexto:(t:0, i:~)
2022-09-21 13:02:16,078 [pool-95-thread-1] INFO  server.RaftServerConfigKeys (ConfUtils.java:logGet(46)) - raft.server.notification.no-leader.timeout = 300s (custom)
2022-09-21 13:02:16,078 [pool-95-thread-1] INFO  server.RaftServerConfigKeys (ConfUtils.java:logGet(46)) - raft.server.log.use.memory = false (default)
2022-09-21 13:02:16,078 [pool-95-thread-1] INFO  server.RaftServerConfigKeys (ConfUtils.java:logGet(46)) - raft.server.log.purge.gap = 1000000 (custom)
2022-09-21 13:02:16,078 [pool-95-thread-1] INFO  server.RaftServerConfigKeys (ConfUtils.java:logGet(46)) - raft.server.log.appender.buffer.byte-limit = 33554432 (custom)
2022-09-21 13:02:16,078 [pool-95-thread-1] INFO  server.RaftServerConfigKeys (ConfUtils.java:logGet(46)) - raft.server.log.statemachine.data.read.timeout = 1000ms (default)
2022-09-21 13:02:16,079 [pool-95-thread-1] INFO  server.RaftServerConfigKeys (ConfUtils.java:logGet(46)) - raft.server.log.segment.size.max = 1048576 (custom)
2022-09-21 13:02:16,079 [EventQueue-PipelineReportForPipelineReportHandler] INFO  pipeline.PipelineManagerImpl (PipelineManagerImpl.java:openPipeline(367)) - Pipeline Pipeline[ Id: e1c334c6-04a5-444f-96a7-ee22ec267faf, Nodes: 75d0e166-84fd-47dc-81bd-aa4ae7e35728{ip: 10.1.0.12, host: fv-az334-292.zg0gw54pbdoexfhqlmz30d51na.gx.internal.cloudapp.net, ports: [REPLICATION=45381, RATIS=40701, RATIS_ADMIN=40701, RATIS_SERVER=40701, STANDALONE=37895], networkLocation: /default-rack, certSerialId: null, persistedOpState: IN_SERVICE, persistedOpStateExpiryEpochSec: 0}, ReplicationConfig: RATIS/ONE, State:ALLOCATED, leaderId:75d0e166-84fd-47dc-81bd-aa4ae7e35728, CreationTimestamp2022-09-21T13:02:13.067Z[Etc/UTC]] moved to OPEN state
2022-09-21 13:02:16,079 [pool-95-thread-1] INFO  server.RaftServerConfigKeys (ConfUtils.java:logGet(46)) - raft.server.log.segment.cache.num.max = 2 (custom)
2022-09-21 13:02:16,079 [pool-95-thread-1] INFO  server.RaftServerConfigKeys (ConfUtils.java:logGet(46)) - raft.server.log.segment.cache.size.max = 200MB (=209715200) (default)
2022-09-21 13:02:16,079 [pool-95-thread-1] INFO  segmented.SegmentedRaftLogWorker (SegmentedRaftLogWorker.java:<init>(187)) - new 75d0e166-84fd-47dc-81bd-aa4ae7e35728@group-EE22EC267FAF-SegmentedRaftLogWorker for RaftStorageImpl:Storage Directory /home/runner/work/ozone/ozone/hadoop-ozone/integration-test/target/test-dir/MiniOzoneClusterImpl-5e569bcc-b975-4850-9644-8f3a71d45aaa/datanode-1/data/ratis/e1c334c6-04a5-444f-96a7-ee22ec267faf
2022-09-21 13:02:16,079 [pool-95-thread-1] INFO  server.RaftServerConfigKeys (ConfUtils.java:logGet(46)) - raft.server.log.queue.byte-limit = 4294967296 (custom)
2022-09-21 13:02:16,079 [pool-95-thread-1] INFO  server.RaftServerConfigKeys (ConfUtils.java:logGet(46)) - raft.server.log.queue.element-limit = 1024 (custom)
2022-09-21 13:02:16,079 [pool-95-thread-1] INFO  server.RaftServerConfigKeys (ConfUtils.java:logGet(46)) - raft.server.log.segment.size.max = 1048576 (custom)
2022-09-21 13:02:16,079 [EventQueue-OpenPipelineForHealthyPipelineSafeModeRule] INFO  safemode.SCMSafeModeManager (HealthyPipelineSafeModeRule.java:process(137)) - SCM in safe mode. Healthy pipelines reported count is 0, required healthy pipeline reported count is 1
2022-09-21 13:02:16,080 [pool-95-thread-1] INFO  server.RaftServerConfigKeys (ConfUtils.java:logGet(46)) - raft.server.log.preallocated.size = 16384 (custom)
2022-09-21 13:02:16,087 [pool-95-thread-1] INFO  server.RaftServerConfigKeys (ConfUtils.java:logGet(46)) - raft.server.log.force.sync.num = 128 (default)
2022-09-21 13:02:16,087 [pool-95-thread-1] INFO  server.RaftServerConfigKeys (ConfUtils.java:logGet(46)) - raft.server.log.statemachine.data.sync = true (default)
2022-09-21 13:02:16,087 [pool-95-thread-1] INFO  server.RaftServerConfigKeys (ConfUtils.java:logGet(46)) - raft.server.log.statemachine.data.sync.timeout = 10s (default)
2022-09-21 13:02:16,087 [pool-95-thread-1] INFO  server.RaftServerConfigKeys (ConfUtils.java:logGet(46)) - raft.server.log.statemachine.data.sync.timeout.retry = -1 (default)
2022-09-21 13:02:16,088 [pool-95-thread-1] INFO  server.RaftServerConfigKeys (ConfUtils.java:logGet(46)) - raft.server.log.write.buffer.size = 1048576 (custom)
2022-09-21 13:02:16,089 [pool-95-thread-1] INFO  server.RaftServerConfigKeys (ConfUtils.java:logGet(46)) - raft.server.log.unsafe-flush.enabled = false (default)
2022-09-21 13:02:16,089 [pool-95-thread-1] INFO  server.RaftServerConfigKeys (ConfUtils.java:logGet(46)) - raft.server.log.statemachine.data.caching.enabled = true (custom)
2022-09-21 13:02:16,089 [pool-95-thread-1] INFO  segmented.SegmentedRaftLogWorker (SegmentedRaftLogWorker.java:lambda$new$0(135)) - 75d0e166-84fd-47dc-81bd-aa4ae7e35728@group-EE22EC267FAF-SegmentedRaftLogWorker: flushIndex: setUnconditionally 0 -> -1
2022-09-21 13:02:16,089 [pool-95-thread-1] INFO  segmented.SegmentedRaftLogWorker (SegmentedRaftLogWorker.java:lambda$new$0(135)) - 75d0e166-84fd-47dc-81bd-aa4ae7e35728@group-EE22EC267FAF-SegmentedRaftLogWorker: safeCacheEvictIndex: setUnconditionally 0 -> -1
2022-09-21 13:02:16,098 [pool-95-thread-1] INFO  server.RaftServerConfigKeys (ConfUtils.java:logGet(46)) - raft.server.snapshot.auto.trigger.enabled = true (custom)
2022-09-21 13:02:16,098 [pool-95-thread-1] INFO  server.RaftServerConfigKeys (ConfUtils.java:logGet(46)) - raft.server.snapshot.auto.trigger.threshold = 10000 (custom)
2022-09-21 13:02:16,098 [pool-95-thread-1] INFO  server.RaftServerConfigKeys (ConfUtils.java:logGet(46)) - raft.server.snapshot.retention.file.num = 5 (custom)
2022-09-21 13:02:16,098 [pool-95-thread-1] INFO  server.RaftServerConfigKeys (ConfUtils.java:logGet(46)) - raft.server.log.purge.upto.snapshot.index = false (default)
2022-09-21 13:02:16,099 [pool-95-thread-1] INFO  server.RaftServerConfigKeys (ConfUtils.java:logGet(46)) - raft.server.retrycache.expirytime = 600000ms (custom)
2022-09-21 13:02:16,099 [pool-95-thread-1] INFO  server.RaftServerConfigKeys (ConfUtils.java:logGet(46)) - raft.server.retrycache.statistics.expirytime = 100μs (default)
2022-09-21 13:02:16,103 [pool-95-thread-1] INFO  server.RaftServerConfigKeys (ConfUtils.java:logGet(46)) - raft.server.log.appender.install.snapshot.enabled = false (custom)
2022-09-21 13:02:16,103 [pool-95-thread-1] INFO  server.RaftServerConfigKeys (ConfUtils.java:logGet(46)) - raft.server.threadpool.server.cached = true (default)
2022-09-21 13:02:16,103 [pool-95-thread-1] INFO  server.RaftServerConfigKeys (ConfUtils.java:logGet(46)) - raft.server.threadpool.server.size = 0 (default)
2022-09-21 13:02:16,103 [pool-95-thread-1] INFO  server.RaftServerConfigKeys (ConfUtils.java:logGet(46)) - raft.server.threadpool.client.cached = true (default)
2022-09-21 13:02:16,103 [pool-95-thread-1] INFO  server.RaftServerConfigKeys (ConfUtils.java:logGet(46)) - raft.server.threadpool.client.size = 0 (default)
2022-09-21 13:02:16,103 [pool-95-thread-1] INFO  server.RaftServer$Division (RaftServerImpl.java:start(310)) - 75d0e166-84fd-47dc-81bd-aa4ae7e35728@group-EE22EC267FAF: start as a follower, conf=-1: [75d0e166-84fd-47dc-81bd-aa4ae7e35728|rpc:10.1.0.12:40701|priority:1], old=null
2022-09-21 13:02:16,103 [pool-95-thread-1] INFO  server.RaftServer$Division (RaftServerImpl.java:setRole(299)) - 75d0e166-84fd-47dc-81bd-aa4ae7e35728@group-EE22EC267FAF: changes role from      null to FOLLOWER at term 0 for startAsFollower
2022-09-21 13:02:16,103 [pool-95-thread-1] INFO  impl.RoleInfo (RoleInfo.java:updateAndGet(139)) - 75d0e166-84fd-47dc-81bd-aa4ae7e35728: start 75d0e166-84fd-47dc-81bd-aa4ae7e35728@group-EE22EC267FAF-FollowerState
2022-09-21 13:02:16,104 [pool-95-thread-1] INFO  util.JmxRegister (JmxRegister.java:tryRegister(44)) - Successfully registered JMX Bean with object name Ratis:service=RaftServer,group=group-EE22EC267FAF,id=75d0e166-84fd-47dc-81bd-aa4ae7e35728
2022-09-21 13:02:16,107 [Command processor thread] INFO  ratis.XceiverServerRatis (XceiverServerRatis.java:addGroup(765)) - Created group PipelineID=e1c334c6-04a5-444f-96a7-ee22ec267faf
2022-09-21 13:02:16,107 [Command processor thread] INFO  commandhandler.CreatePipelineCommandHandler (CreatePipelineCommandHandler.java:handle(113)) - Created Pipeline RATIS ONE PipelineID=e1c334c6-04a5-444f-96a7-ee22ec267faf.
2022-09-21 13:02:16,107 [Command processor thread] INFO  server.RaftServer (RaftServerProxy.java:addNew(96)) - 75d0e166-84fd-47dc-81bd-aa4ae7e35728: addNew group-9D365342F69D:[fbad121f-7a00-4224-80d2-3ba9fe33b4b1|rpc:10.1.0.12:43967|priority:0, 75d0e166-84fd-47dc-81bd-aa4ae7e35728|rpc:10.1.0.12:40701|priority:0, f4daeadc-7069-45ca-9aa4-afb858e2644b|rpc:10.1.0.12:45647|priority:1] returns group-9D365342F69D:java.util.concurrent.CompletableFuture@2a9a9cb3[Not completed]
2022-09-21 13:02:16,108 [pool-95-thread-1] INFO  server.RaftServer$Division (RaftServerImpl.java:<init>(190)) - 75d0e166-84fd-47dc-81bd-aa4ae7e35728: new RaftServerImpl for group-9D365342F69D:[fbad121f-7a00-4224-80d2-3ba9fe33b4b1|rpc:10.1.0.12:43967|priority:0, 75d0e166-84fd-47dc-81bd-aa4ae7e35728|rpc:10.1.0.12:40701|priority:0, f4daeadc-7069-45ca-9aa4-afb858e2644b|rpc:10.1.0.12:45647|priority:1] with ContainerStateMachine:uninitialized
2022-09-21 13:02:16,108 [pool-95-thread-1] INFO  server.RaftServerConfigKeys (ConfUtils.java:logGet(46)) - raft.server.rpc.timeout.min = 5s (custom)
2022-09-21 13:02:16,108 [pool-95-thread-1] INFO  server.RaftServerConfigKeys (ConfUtils.java:logGet(46)) - raft.server.rpc.timeout.max = 5200ms (custom)
2022-09-21 13:02:16,108 [pool-95-thread-1] INFO  server.RaftServerConfigKeys (ConfUtils.java:logGet(46)) - raft.server.rpc.sleep.time = 25ms (default)
2022-09-21 13:02:16,109 [pool-95-thread-1] INFO  server.RaftServerConfigKeys (ConfUtils.java:logGet(46)) - raft.server.rpc.slowness.timeout = 300s (custom)
2022-09-21 13:02:16,109 [pool-95-thread-1] INFO  server.RaftServerConfigKeys (ConfUtils.java:logGet(46)) - raft.server.leaderelection.leader.step-down.wait-time = 10s (default)
2022-09-21 13:02:16,109 [pool-95-thread-1] INFO  server.RaftServerConfigKeys (ConfUtils.java:logGet(46)) - raft.server.sleep.deviation.threshold = 300ms (default)
2022-09-21 13:02:16,109 [pool-95-thread-1] INFO  server.RaftServer$Division (ServerState.java:<init>(107)) - 75d0e166-84fd-47dc-81bd-aa4ae7e35728@group-9D365342F69D: ConfigurationManager, init=-1: [fbad121f-7a00-4224-80d2-3ba9fe33b4b1|rpc:10.1.0.12:43967|priority:0, 75d0e166-84fd-47dc-81bd-aa4ae7e35728|rpc:10.1.0.12:40701|priority:0, f4daeadc-7069-45ca-9aa4-afb858e2644b|rpc:10.1.0.12:45647|priority:1], old=null, confs=<EMPTY_MAP>
2022-09-21 13:02:16,109 [pool-95-thread-1] INFO  server.RaftServerConfigKeys (ConfUtils.java:logGet(46)) - raft.server.storage.dir = [/home/runner/work/ozone/ozone/hadoop-ozone/integration-test/target/test-dir/MiniOzoneClusterImpl-5e569bcc-b975-4850-9644-8f3a71d45aaa/datanode-1/data/ratis] (custom)
2022-09-21 13:02:16,109 [pool-95-thread-1] INFO  server.RaftServerConfigKeys (ConfUtils.java:logGet(46)) - raft.server.log.corruption.policy = EXCEPTION (default)
2022-09-21 13:02:16,110 [pool-95-thread-1] INFO  server.RaftServerConfigKeys (ConfUtils.java:logGet(46)) - raft.server.storage.free-space.min = 0MB (=0) (default)
2022-09-21 13:02:16,110 [pool-95-thread-1] INFO  storage.RaftStorageDirectory (RaftStorageDirectoryImpl.java:analyzeStorage(135)) - The storage directory /home/runner/work/ozone/ozone/hadoop-ozone/integration-test/target/test-dir/MiniOzoneClusterImpl-5e569bcc-b975-4850-9644-8f3a71d45aaa/datanode-1/data/ratis/9ce15c75-969c-4396-bd4c-9d365342f69d does not exist. Creating ...
2022-09-21 13:02:16,111 [pool-95-thread-1] INFO  storage.RaftStorageDirectory (RaftStorageDirectoryImpl.java:tryLock(230)) - Lock on /home/runner/work/ozone/ozone/hadoop-ozone/integration-test/target/test-dir/MiniOzoneClusterImpl-5e569bcc-b975-4850-9644-8f3a71d45aaa/datanode-1/data/ratis/9ce15c75-969c-4396-bd4c-9d365342f69d/in_use.lock acquired by nodename 2822@fv-az334-292
2022-09-21 13:02:16,112 [pool-95-thread-1] INFO  storage.RaftStorage (RaftStorageImpl.java:format(89)) - Storage directory /home/runner/work/ozone/ozone/hadoop-ozone/integration-test/target/test-dir/MiniOzoneClusterImpl-5e569bcc-b975-4850-9644-8f3a71d45aaa/datanode-1/data/ratis/9ce15c75-969c-4396-bd4c-9d365342f69d has been successfully formatted.
2022-09-21 13:02:16,114 [pool-95-thread-1] INFO  ratis.ContainerStateMachine (ContainerStateMachine.java:loadSnapshot(236)) - group-9D365342F69D: The snapshot info is null. Setting the last applied indexto:(t:0, i:~)
2022-09-21 13:02:16,114 [pool-95-thread-1] INFO  server.RaftServerConfigKeys (ConfUtils.java:logGet(46)) - raft.server.notification.no-leader.timeout = 300s (custom)
2022-09-21 13:02:16,114 [pool-95-thread-1] INFO  server.RaftServerConfigKeys (ConfUtils.java:logGet(46)) - raft.server.log.use.memory = false (default)
2022-09-21 13:02:16,114 [pool-95-thread-1] INFO  server.RaftServerConfigKeys (ConfUtils.java:logGet(46)) - raft.server.log.purge.gap = 1000000 (custom)
2022-09-21 13:02:16,114 [pool-95-thread-1] INFO  server.RaftServerConfigKeys (ConfUtils.java:logGet(46)) - raft.server.log.appender.buffer.byte-limit = 33554432 (custom)
2022-09-21 13:02:16,114 [pool-95-thread-1] INFO  server.RaftServerConfigKeys (ConfUtils.java:logGet(46)) - raft.server.log.statemachine.data.read.timeout = 1000ms (default)
2022-09-21 13:02:16,114 [pool-95-thread-1] INFO  server.RaftServerConfigKeys (ConfUtils.java:logGet(46)) - raft.server.log.segment.size.max = 1048576 (custom)
2022-09-21 13:02:16,114 [EventQueue-OpenPipelineForHealthyPipelineSafeModeRule] INFO  safemode.SCMSafeModeManager (HealthyPipelineSafeModeRule.java:process(137)) - SCM in safe mode. Healthy pipelines reported count is 0, required healthy pipeline reported count is 1
2022-09-21 13:02:16,123 [pool-95-thread-1] INFO  server.RaftServerConfigKeys (ConfUtils.java:logGet(46)) - raft.server.log.segment.cache.num.max = 2 (custom)
2022-09-21 13:02:16,123 [pool-95-thread-1] INFO  server.RaftServerConfigKeys (ConfUtils.java:logGet(46)) - raft.server.log.segment.cache.size.max = 200MB (=209715200) (default)
2022-09-21 13:02:16,123 [pool-95-thread-1] INFO  segmented.SegmentedRaftLogWorker (SegmentedRaftLogWorker.java:<init>(187)) - new 75d0e166-84fd-47dc-81bd-aa4ae7e35728@group-9D365342F69D-SegmentedRaftLogWorker for RaftStorageImpl:Storage Directory /home/runner/work/ozone/ozone/hadoop-ozone/integration-test/target/test-dir/MiniOzoneClusterImpl-5e569bcc-b975-4850-9644-8f3a71d45aaa/datanode-1/data/ratis/9ce15c75-969c-4396-bd4c-9d365342f69d
2022-09-21 13:02:16,123 [pool-95-thread-1] INFO  server.RaftServerConfigKeys (ConfUtils.java:logGet(46)) - raft.server.log.queue.byte-limit = 4294967296 (custom)
2022-09-21 13:02:16,123 [pool-95-thread-1] INFO  server.RaftServerConfigKeys (ConfUtils.java:logGet(46)) - raft.server.log.queue.element-limit = 1024 (custom)
2022-09-21 13:02:16,123 [pool-95-thread-1] INFO  server.RaftServerConfigKeys (ConfUtils.java:logGet(46)) - raft.server.log.segment.size.max = 1048576 (custom)
2022-09-21 13:02:16,124 [pool-95-thread-1] INFO  server.RaftServerConfigKeys (ConfUtils.java:logGet(46)) - raft.server.log.preallocated.size = 16384 (custom)
2022-09-21 13:02:16,124 [pool-95-thread-1] INFO  server.RaftServerConfigKeys (ConfUtils.java:logGet(46)) - raft.server.log.force.sync.num = 128 (default)
2022-09-21 13:02:16,124 [pool-95-thread-1] INFO  server.RaftServerConfigKeys (ConfUtils.java:logGet(46)) - raft.server.log.statemachine.data.sync = true (default)
2022-09-21 13:02:16,124 [pool-95-thread-1] INFO  server.RaftServerConfigKeys (ConfUtils.java:logGet(46)) - raft.server.log.statemachine.data.sync.timeout = 10s (default)
2022-09-21 13:02:16,124 [pool-95-thread-1] INFO  server.RaftServerConfigKeys (ConfUtils.java:logGet(46)) - raft.server.log.statemachine.data.sync.timeout.retry = -1 (default)
2022-09-21 13:02:16,128 [pool-95-thread-1] INFO  server.RaftServerConfigKeys (ConfUtils.java:logGet(46)) - raft.server.log.write.buffer.size = 1048576 (custom)
2022-09-21 13:02:16,130 [pool-95-thread-1] INFO  server.RaftServerConfigKeys (ConfUtils.java:logGet(46)) - raft.server.log.unsafe-flush.enabled = false (default)
2022-09-21 13:02:16,130 [pool-95-thread-1] INFO  server.RaftServerConfigKeys (ConfUtils.java:logGet(46)) - raft.server.log.statemachine.data.caching.enabled = true (custom)
2022-09-21 13:02:16,130 [pool-95-thread-1] INFO  segmented.SegmentedRaftLogWorker (SegmentedRaftLogWorker.java:lambda$new$0(135)) - 75d0e166-84fd-47dc-81bd-aa4ae7e35728@group-9D365342F69D-SegmentedRaftLogWorker: flushIndex: setUnconditionally 0 -> -1
2022-09-21 13:02:16,130 [pool-95-thread-1] INFO  segmented.SegmentedRaftLogWorker (SegmentedRaftLogWorker.java:lambda$new$0(135)) - 75d0e166-84fd-47dc-81bd-aa4ae7e35728@group-9D365342F69D-SegmentedRaftLogWorker: safeCacheEvictIndex: setUnconditionally 0 -> -1
2022-09-21 13:02:16,131 [pool-95-thread-1] INFO  server.RaftServerConfigKeys (ConfUtils.java:logGet(46)) - raft.server.snapshot.auto.trigger.enabled = true (custom)
2022-09-21 13:02:16,131 [pool-95-thread-1] INFO  server.RaftServerConfigKeys (ConfUtils.java:logGet(46)) - raft.server.snapshot.auto.trigger.threshold = 10000 (custom)
2022-09-21 13:02:16,131 [pool-95-thread-1] INFO  server.RaftServerConfigKeys (ConfUtils.java:logGet(46)) - raft.server.snapshot.retention.file.num = 5 (custom)
2022-09-21 13:02:16,131 [pool-95-thread-1] INFO  server.RaftServerConfigKeys (ConfUtils.java:logGet(46)) - raft.server.log.purge.upto.snapshot.index = false (default)
2022-09-21 13:02:16,131 [pool-95-thread-1] INFO  server.RaftServerConfigKeys (ConfUtils.java:logGet(46)) - raft.server.retrycache.expirytime = 600000ms (custom)
2022-09-21 13:02:16,131 [pool-95-thread-1] INFO  server.RaftServerConfigKeys (ConfUtils.java:logGet(46)) - raft.server.retrycache.statistics.expirytime = 100μs (default)
2022-09-21 13:02:16,132 [pool-95-thread-1] INFO  server.RaftServerConfigKeys (ConfUtils.java:logGet(46)) - raft.server.log.appender.install.snapshot.enabled = false (custom)
2022-09-21 13:02:16,132 [pool-95-thread-1] INFO  server.RaftServerConfigKeys (ConfUtils.java:logGet(46)) - raft.server.threadpool.server.cached = true (default)
2022-09-21 13:02:16,134 [pool-95-thread-1] INFO  server.RaftServerConfigKeys (ConfUtils.java:logGet(46)) - raft.server.threadpool.server.size = 0 (default)
2022-09-21 13:02:16,134 [pool-95-thread-1] INFO  server.RaftServerConfigKeys (ConfUtils.java:logGet(46)) - raft.server.threadpool.client.cached = true (default)
2022-09-21 13:02:16,134 [pool-95-thread-1] INFO  server.RaftServerConfigKeys (ConfUtils.java:logGet(46)) - raft.server.threadpool.client.size = 0 (default)
2022-09-21 13:02:16,134 [pool-95-thread-1] INFO  server.RaftServer$Division (RaftServerImpl.java:start(310)) - 75d0e166-84fd-47dc-81bd-aa4ae7e35728@group-9D365342F69D: start as a follower, conf=-1: [fbad121f-7a00-4224-80d2-3ba9fe33b4b1|rpc:10.1.0.12:43967|priority:0, 75d0e166-84fd-47dc-81bd-aa4ae7e35728|rpc:10.1.0.12:40701|priority:0, f4daeadc-7069-45ca-9aa4-afb858e2644b|rpc:10.1.0.12:45647|priority:1], old=null
2022-09-21 13:02:16,134 [pool-95-thread-1] INFO  server.RaftServer$Division (RaftServerImpl.java:setRole(299)) - 75d0e166-84fd-47dc-81bd-aa4ae7e35728@group-9D365342F69D: changes role from      null to FOLLOWER at term 0 for startAsFollower
2022-09-21 13:02:16,134 [pool-95-thread-1] INFO  impl.RoleInfo (RoleInfo.java:updateAndGet(139)) - 75d0e166-84fd-47dc-81bd-aa4ae7e35728: start 75d0e166-84fd-47dc-81bd-aa4ae7e35728@group-9D365342F69D-FollowerState
2022-09-21 13:02:16,136 [pool-95-thread-1] INFO  util.JmxRegister (JmxRegister.java:tryRegister(44)) - Successfully registered JMX Bean with object name Ratis:service=RaftServer,group=group-9D365342F69D,id=75d0e166-84fd-47dc-81bd-aa4ae7e35728
2022-09-21 13:02:16,145 [Command processor thread] INFO  ratis.XceiverServerRatis (XceiverServerRatis.java:addGroup(765)) - Created group PipelineID=9ce15c75-969c-4396-bd4c-9d365342f69d
2022-09-21 13:02:16,213 [grpc-default-executor-0] INFO  server.RaftServer (RaftServerProxy.java:addNew(96)) - f4daeadc-7069-45ca-9aa4-afb858e2644b: addNew group-9D365342F69D:[fbad121f-7a00-4224-80d2-3ba9fe33b4b1|rpc:10.1.0.12:43967|dataStream:|priority:0, 75d0e166-84fd-47dc-81bd-aa4ae7e35728|rpc:10.1.0.12:40701|dataStream:|priority:0, f4daeadc-7069-45ca-9aa4-afb858e2644b|rpc:10.1.0.12:45647|dataStream:|priority:1] returns group-9D365342F69D:java.util.concurrent.CompletableFuture@1011f125[Not completed]
2022-09-21 13:02:16,215 [pool-118-thread-1] INFO  server.RaftServer$Division (RaftServerImpl.java:<init>(190)) - f4daeadc-7069-45ca-9aa4-afb858e2644b: new RaftServerImpl for group-9D365342F69D:[fbad121f-7a00-4224-80d2-3ba9fe33b4b1|rpc:10.1.0.12:43967|dataStream:|priority:0, 75d0e166-84fd-47dc-81bd-aa4ae7e35728|rpc:10.1.0.12:40701|dataStream:|priority:0, f4daeadc-7069-45ca-9aa4-afb858e2644b|rpc:10.1.0.12:45647|dataStream:|priority:1] with ContainerStateMachine:uninitialized
2022-09-21 13:02:16,215 [pool-118-thread-1] INFO  server.RaftServerConfigKeys (ConfUtils.java:logGet(46)) - raft.server.rpc.timeout.min = 5s (custom)
2022-09-21 13:02:16,215 [pool-118-thread-1] INFO  server.RaftServerConfigKeys (ConfUtils.java:logGet(46)) - raft.server.rpc.timeout.max = 5200ms (custom)
2022-09-21 13:02:16,215 [pool-118-thread-1] INFO  server.RaftServerConfigKeys (ConfUtils.java:logGet(46)) - raft.server.rpc.sleep.time = 25ms (default)
2022-09-21 13:02:16,215 [pool-118-thread-1] INFO  server.RaftServerConfigKeys (ConfUtils.java:logGet(46)) - raft.server.rpc.slowness.timeout = 300s (custom)
2022-09-21 13:02:16,215 [pool-118-thread-1] INFO  server.RaftServerConfigKeys (ConfUtils.java:logGet(46)) - raft.server.leaderelection.leader.step-down.wait-time = 10s (default)
2022-09-21 13:02:16,215 [pool-118-thread-1] INFO  server.RaftServerConfigKeys (ConfUtils.java:logGet(46)) - raft.server.sleep.deviation.threshold = 300ms (default)
2022-09-21 13:02:16,215 [pool-118-thread-1] INFO  server.RaftServer$Division (ServerState.java:<init>(107)) - f4daeadc-7069-45ca-9aa4-afb858e2644b@group-9D365342F69D: ConfigurationManager, init=-1: [fbad121f-7a00-4224-80d2-3ba9fe33b4b1|rpc:10.1.0.12:43967|dataStream:|priority:0, 75d0e166-84fd-47dc-81bd-aa4ae7e35728|rpc:10.1.0.12:40701|dataStream:|priority:0, f4daeadc-7069-45ca-9aa4-afb858e2644b|rpc:10.1.0.12:45647|dataStream:|priority:1], old=null, confs=<EMPTY_MAP>
2022-09-21 13:02:16,215 [pool-118-thread-1] INFO  server.RaftServerConfigKeys (ConfUtils.java:logGet(46)) - raft.server.storage.dir = [/home/runner/work/ozone/ozone/hadoop-ozone/integration-test/target/test-dir/MiniOzoneClusterImpl-5e569bcc-b975-4850-9644-8f3a71d45aaa/datanode-2/data/ratis] (custom)
2022-09-21 13:02:16,215 [pool-118-thread-1] INFO  server.RaftServerConfigKeys (ConfUtils.java:logGet(46)) - raft.server.log.corruption.policy = EXCEPTION (default)
2022-09-21 13:02:16,215 [pool-118-thread-1] INFO  server.RaftServerConfigKeys (ConfUtils.java:logGet(46)) - raft.server.storage.free-space.min = 0MB (=0) (default)
2022-09-21 13:02:16,216 [pool-118-thread-1] INFO  storage.RaftStorageDirectory (RaftStorageDirectoryImpl.java:analyzeStorage(135)) - The storage directory /home/runner/work/ozone/ozone/hadoop-ozone/integration-test/target/test-dir/MiniOzoneClusterImpl-5e569bcc-b975-4850-9644-8f3a71d45aaa/datanode-2/data/ratis/9ce15c75-969c-4396-bd4c-9d365342f69d does not exist. Creating ...
2022-09-21 13:02:16,223 [pool-118-thread-1] INFO  storage.RaftStorageDirectory (RaftStorageDirectoryImpl.java:tryLock(230)) - Lock on /home/runner/work/ozone/ozone/hadoop-ozone/integration-test/target/test-dir/MiniOzoneClusterImpl-5e569bcc-b975-4850-9644-8f3a71d45aaa/datanode-2/data/ratis/9ce15c75-969c-4396-bd4c-9d365342f69d/in_use.lock acquired by nodename 2822@fv-az334-292
2022-09-21 13:02:16,224 [pool-118-thread-1] INFO  storage.RaftStorage (RaftStorageImpl.java:format(89)) - Storage directory /home/runner/work/ozone/ozone/hadoop-ozone/integration-test/target/test-dir/MiniOzoneClusterImpl-5e569bcc-b975-4850-9644-8f3a71d45aaa/datanode-2/data/ratis/9ce15c75-969c-4396-bd4c-9d365342f69d has been successfully formatted.
2022-09-21 13:02:16,225 [pool-118-thread-1] INFO  ratis.ContainerStateMachine (ContainerStateMachine.java:loadSnapshot(236)) - group-9D365342F69D: The snapshot info is null. Setting the last applied indexto:(t:0, i:~)
2022-09-21 13:02:16,226 [pool-118-thread-1] INFO  server.RaftServerConfigKeys (ConfUtils.java:logGet(46)) - raft.server.notification.no-leader.timeout = 300s (custom)
2022-09-21 13:02:16,226 [pool-118-thread-1] INFO  server.RaftServerConfigKeys (ConfUtils.java:logGet(46)) - raft.server.log.use.memory = false (default)
2022-09-21 13:02:16,226 [pool-118-thread-1] INFO  server.RaftServerConfigKeys (ConfUtils.java:logGet(46)) - raft.server.log.purge.gap = 1000000 (custom)
2022-09-21 13:02:16,231 [pool-118-thread-1] INFO  server.RaftServerConfigKeys (ConfUtils.java:logGet(46)) - raft.server.log.appender.buffer.byte-limit = 33554432 (custom)
2022-09-21 13:02:16,231 [pool-118-thread-1] INFO  server.RaftServerConfigKeys (ConfUtils.java:logGet(46)) - raft.server.log.statemachine.data.read.timeout = 1000ms (default)
2022-09-21 13:02:16,231 [pool-118-thread-1] INFO  server.RaftServerConfigKeys (ConfUtils.java:logGet(46)) - raft.server.log.segment.size.max = 1048576 (custom)
2022-09-21 13:02:16,232 [pool-118-thread-1] INFO  server.RaftServerConfigKeys (ConfUtils.java:logGet(46)) - raft.server.log.segment.cache.num.max = 2 (custom)
2022-09-21 13:02:16,232 [pool-118-thread-1] INFO  server.RaftServerConfigKeys (ConfUtils.java:logGet(46)) - raft.server.log.segment.cache.size.max = 200MB (=209715200) (default)
2022-09-21 13:02:16,232 [pool-118-thread-1] INFO  segmented.SegmentedRaftLogWorker (SegmentedRaftLogWorker.java:<init>(187)) - new f4daeadc-7069-45ca-9aa4-afb858e2644b@group-9D365342F69D-SegmentedRaftLogWorker for RaftStorageImpl:Storage Directory /home/runner/work/ozone/ozone/hadoop-ozone/integration-test/target/test-dir/MiniOzoneClusterImpl-5e569bcc-b975-4850-9644-8f3a71d45aaa/datanode-2/data/ratis/9ce15c75-969c-4396-bd4c-9d365342f69d
2022-09-21 13:02:16,232 [pool-118-thread-1] INFO  server.RaftServerConfigKeys (ConfUtils.java:logGet(46)) - raft.server.log.queue.byte-limit = 4294967296 (custom)
2022-09-21 13:02:16,232 [pool-118-thread-1] INFO  server.RaftServerConfigKeys (ConfUtils.java:logGet(46)) - raft.server.log.queue.element-limit = 1024 (custom)
2022-09-21 13:02:16,232 [pool-118-thread-1] INFO  server.RaftServerConfigKeys (ConfUtils.java:logGet(46)) - raft.server.log.segment.size.max = 1048576 (custom)
2022-09-21 13:02:16,234 [pool-118-thread-1] INFO  server.RaftServerConfigKeys (ConfUtils.java:logGet(46)) - raft.server.log.preallocated.size = 16384 (custom)
2022-09-21 13:02:16,234 [pool-118-thread-1] INFO  server.RaftServerConfigKeys (ConfUtils.java:logGet(46)) - raft.server.log.force.sync.num = 128 (default)
2022-09-21 13:02:16,234 [pool-118-thread-1] INFO  server.RaftServerConfigKeys (ConfUtils.java:logGet(46)) - raft.server.log.statemachine.data.sync = true (default)
2022-09-21 13:02:16,234 [pool-118-thread-1] INFO  server.RaftServerConfigKeys (ConfUtils.java:logGet(46)) - raft.server.log.statemachine.data.sync.timeout = 10s (default)
2022-09-21 13:02:16,234 [pool-118-thread-1] INFO  server.RaftServerConfigKeys (ConfUtils.java:logGet(46)) - raft.server.log.statemachine.data.sync.timeout.retry = -1 (default)
2022-09-21 13:02:16,236 [pool-118-thread-1] INFO  server.RaftServerConfigKeys (ConfUtils.java:logGet(46)) - raft.server.log.write.buffer.size = 1048576 (custom)
2022-09-21 13:02:16,236 [pool-118-thread-1] INFO  server.RaftServerConfigKeys (ConfUtils.java:logGet(46)) - raft.server.log.unsafe-flush.enabled = false (default)
2022-09-21 13:02:16,237 [pool-118-thread-1] INFO  server.RaftServerConfigKeys (ConfUtils.java:logGet(46)) - raft.server.log.statemachine.data.caching.enabled = true (custom)
2022-09-21 13:02:16,237 [pool-118-thread-1] INFO  segmented.SegmentedRaftLogWorker (SegmentedRaftLogWorker.java:lambda$new$0(135)) - f4daeadc-7069-45ca-9aa4-afb858e2644b@group-9D365342F69D-SegmentedRaftLogWorker: flushIndex: setUnconditionally 0 -> -1
2022-09-21 13:02:16,237 [pool-118-thread-1] INFO  segmented.SegmentedRaftLogWorker (SegmentedRaftLogWorker.java:lambda$new$0(135)) - f4daeadc-7069-45ca-9aa4-afb858e2644b@group-9D365342F69D-SegmentedRaftLogWorker: safeCacheEvictIndex: setUnconditionally 0 -> -1
2022-09-21 13:02:16,247 [pool-118-thread-1] INFO  server.RaftServerConfigKeys (ConfUtils.java:logGet(46)) - raft.server.snapshot.auto.trigger.enabled = true (custom)
2022-09-21 13:02:16,247 [pool-118-thread-1] INFO  server.RaftServerConfigKeys (ConfUtils.java:logGet(46)) - raft.server.snapshot.auto.trigger.threshold = 10000 (custom)
2022-09-21 13:02:16,247 [pool-118-thread-1] INFO  server.RaftServerConfigKeys (ConfUtils.java:logGet(46)) - raft.server.snapshot.retention.file.num = 5 (custom)
2022-09-21 13:02:16,247 [pool-118-thread-1] INFO  server.RaftServerConfigKeys (ConfUtils.java:logGet(46)) - raft.server.log.purge.upto.snapshot.index = false (default)
2022-09-21 13:02:16,247 [pool-118-thread-1] INFO  server.RaftServerConfigKeys (ConfUtils.java:logGet(46)) - raft.server.retrycache.expirytime = 600000ms (custom)
2022-09-21 13:02:16,247 [pool-118-thread-1] INFO  server.RaftServerConfigKeys (ConfUtils.java:logGet(46)) - raft.server.retrycache.statistics.expirytime = 100μs (default)
2022-09-21 13:02:16,253 [pool-118-thread-1] INFO  server.RaftServerConfigKeys (ConfUtils.java:logGet(46)) - raft.server.log.appender.install.snapshot.enabled = false (custom)
2022-09-21 13:02:16,254 [pool-118-thread-1] INFO  server.RaftServerConfigKeys (ConfUtils.java:logGet(46)) - raft.server.threadpool.server.cached = true (default)
2022-09-21 13:02:16,254 [pool-118-thread-1] INFO  server.RaftServerConfigKeys (ConfUtils.java:logGet(46)) - raft.server.threadpool.server.size = 0 (default)
2022-09-21 13:02:16,254 [pool-118-thread-1] INFO  server.RaftServerConfigKeys (ConfUtils.java:logGet(46)) - raft.server.threadpool.client.cached = true (default)
2022-09-21 13:02:16,254 [pool-118-thread-1] INFO  server.RaftServerConfigKeys (ConfUtils.java:logGet(46)) - raft.server.threadpool.client.size = 0 (default)
2022-09-21 13:02:16,254 [pool-118-thread-1] INFO  server.RaftServer$Division (RaftServerImpl.java:start(310)) - f4daeadc-7069-45ca-9aa4-afb858e2644b@group-9D365342F69D: start as a follower, conf=-1: [fbad121f-7a00-4224-80d2-3ba9fe33b4b1|rpc:10.1.0.12:43967|dataStream:|priority:0, 75d0e166-84fd-47dc-81bd-aa4ae7e35728|rpc:10.1.0.12:40701|dataStream:|priority:0, f4daeadc-7069-45ca-9aa4-afb858e2644b|rpc:10.1.0.12:45647|dataStream:|priority:1], old=null
2022-09-21 13:02:16,254 [pool-118-thread-1] INFO  server.RaftServer$Division (RaftServerImpl.java:setRole(299)) - f4daeadc-7069-45ca-9aa4-afb858e2644b@group-9D365342F69D: changes role from      null to FOLLOWER at term 0 for startAsFollower
2022-09-21 13:02:16,254 [pool-118-thread-1] INFO  impl.RoleInfo (RoleInfo.java:updateAndGet(139)) - f4daeadc-7069-45ca-9aa4-afb858e2644b: start f4daeadc-7069-45ca-9aa4-afb858e2644b@group-9D365342F69D-FollowerState
2022-09-21 13:02:16,257 [pool-118-thread-1] INFO  util.JmxRegister (JmxRegister.java:tryRegister(44)) - Successfully registered JMX Bean with object name Ratis:service=RaftServer,group=group-9D365342F69D,id=f4daeadc-7069-45ca-9aa4-afb858e2644b
2022-09-21 13:02:16,320 [Command processor thread] INFO  commandhandler.CreatePipelineCommandHandler (CreatePipelineCommandHandler.java:handle(113)) - Created Pipeline RATIS THREE PipelineID=9ce15c75-969c-4396-bd4c-9d365342f69d.
2022-09-21 13:02:16,320 [Command processor thread] INFO  server.RaftServer (RaftServerProxy.java:addNew(96)) - fbad121f-7a00-4224-80d2-3ba9fe33b4b1: addNew group-7B51CA320748:[fbad121f-7a00-4224-80d2-3ba9fe33b4b1|rpc:10.1.0.12:43967|priority:0, f4daeadc-7069-45ca-9aa4-afb858e2644b|rpc:10.1.0.12:45647|priority:0, 75d0e166-84fd-47dc-81bd-aa4ae7e35728|rpc:10.1.0.12:40701|priority:1] returns group-7B51CA320748:java.util.concurrent.CompletableFuture@613b15b9[Not completed]
2022-09-21 13:02:16,321 [pool-72-thread-1] INFO  server.RaftServer$Division (RaftServerImpl.java:<init>(190)) - fbad121f-7a00-4224-80d2-3ba9fe33b4b1: new RaftServerImpl for group-7B51CA320748:[fbad121f-7a00-4224-80d2-3ba9fe33b4b1|rpc:10.1.0.12:43967|priority:0, f4daeadc-7069-45ca-9aa4-afb858e2644b|rpc:10.1.0.12:45647|priority:0, 75d0e166-84fd-47dc-81bd-aa4ae7e35728|rpc:10.1.0.12:40701|priority:1] with ContainerStateMachine:uninitialized
2022-09-21 13:02:16,321 [pool-72-thread-1] INFO  server.RaftServerConfigKeys (ConfUtils.java:logGet(46)) - raft.server.rpc.timeout.min = 5s (custom)
2022-09-21 13:02:16,321 [pool-72-thread-1] INFO  server.RaftServerConfigKeys (ConfUtils.java:logGet(46)) - raft.server.rpc.timeout.max = 5200ms (custom)
2022-09-21 13:02:16,321 [pool-72-thread-1] INFO  server.RaftServerConfigKeys (ConfUtils.java:logGet(46)) - raft.server.rpc.sleep.time = 25ms (default)
2022-09-21 13:02:16,322 [pool-72-thread-1] INFO  server.RaftServerConfigKeys (ConfUtils.java:logGet(46)) - raft.server.rpc.slowness.timeout = 300s (custom)
2022-09-21 13:02:16,322 [pool-72-thread-1] INFO  server.RaftServerConfigKeys (ConfUtils.java:logGet(46)) - raft.server.leaderelection.leader.step-down.wait-time = 10s (default)
2022-09-21 13:02:16,322 [pool-72-thread-1] INFO  server.RaftServerConfigKeys (ConfUtils.java:logGet(46)) - raft.server.sleep.deviation.threshold = 300ms (default)
2022-09-21 13:02:16,322 [pool-72-thread-1] INFO  server.RaftServer$Division (ServerState.java:<init>(107)) - fbad121f-7a00-4224-80d2-3ba9fe33b4b1@group-7B51CA320748: ConfigurationManager, init=-1: [fbad121f-7a00-4224-80d2-3ba9fe33b4b1|rpc:10.1.0.12:43967|priority:0, f4daeadc-7069-45ca-9aa4-afb858e2644b|rpc:10.1.0.12:45647|priority:0, 75d0e166-84fd-47dc-81bd-aa4ae7e35728|rpc:10.1.0.12:40701|priority:1], old=null, confs=<EMPTY_MAP>
2022-09-21 13:02:16,322 [pool-72-thread-1] INFO  server.RaftServerConfigKeys (ConfUtils.java:logGet(46)) - raft.server.storage.dir = [/home/runner/work/ozone/ozone/hadoop-ozone/integration-test/target/test-dir/MiniOzoneClusterImpl-5e569bcc-b975-4850-9644-8f3a71d45aaa/datanode-0/data/ratis] (custom)
2022-09-21 13:02:16,322 [pool-72-thread-1] INFO  server.RaftServerConfigKeys (ConfUtils.java:logGet(46)) - raft.server.log.corruption.policy = EXCEPTION (default)
2022-09-21 13:02:16,322 [pool-72-thread-1] INFO  server.RaftServerConfigKeys (ConfUtils.java:logGet(46)) - raft.server.storage.free-space.min = 0MB (=0) (default)
2022-09-21 13:02:16,322 [pool-72-thread-1] INFO  storage.RaftStorageDirectory (RaftStorageDirectoryImpl.java:analyzeStorage(135)) - The storage directory /home/runner/work/ozone/ozone/hadoop-ozone/integration-test/target/test-dir/MiniOzoneClusterImpl-5e569bcc-b975-4850-9644-8f3a71d45aaa/datanode-0/data/ratis/845e9e8f-fd38-46b7-9369-7b51ca320748 does not exist. Creating ...
2022-09-21 13:02:16,323 [pool-72-thread-1] INFO  storage.RaftStorageDirectory (RaftStorageDirectoryImpl.java:tryLock(230)) - Lock on /home/runner/work/ozone/ozone/hadoop-ozone/integration-test/target/test-dir/MiniOzoneClusterImpl-5e569bcc-b975-4850-9644-8f3a71d45aaa/datanode-0/data/ratis/845e9e8f-fd38-46b7-9369-7b51ca320748/in_use.lock acquired by nodename 2822@fv-az334-292
2022-09-21 13:02:16,325 [pool-72-thread-1] INFO  storage.RaftStorage (RaftStorageImpl.java:format(89)) - Storage directory /home/runner/work/ozone/ozone/hadoop-ozone/integration-test/target/test-dir/MiniOzoneClusterImpl-5e569bcc-b975-4850-9644-8f3a71d45aaa/datanode-0/data/ratis/845e9e8f-fd38-46b7-9369-7b51ca320748 has been successfully formatted.
2022-09-21 13:02:16,326 [pool-72-thread-1] INFO  ratis.ContainerStateMachine (ContainerStateMachine.java:loadSnapshot(236)) - group-7B51CA320748: The snapshot info is null. Setting the last applied indexto:(t:0, i:~)
2022-09-21 13:02:16,326 [pool-72-thread-1] INFO  server.RaftServerConfigKeys (ConfUtils.java:logGet(46)) - raft.server.notification.no-leader.timeout = 300s (custom)
2022-09-21 13:02:16,326 [pool-72-thread-1] INFO  server.RaftServerConfigKeys (ConfUtils.java:logGet(46)) - raft.server.log.use.memory = false (default)
2022-09-21 13:02:16,326 [pool-72-thread-1] INFO  server.RaftServerConfigKeys (ConfUtils.java:logGet(46)) - raft.server.log.purge.gap = 1000000 (custom)
2022-09-21 13:02:16,326 [pool-72-thread-1] INFO  server.RaftServerConfigKeys (ConfUtils.java:logGet(46)) - raft.server.log.appender.buffer.byte-limit = 33554432 (custom)
2022-09-21 13:02:16,326 [pool-72-thread-1] INFO  server.RaftServerConfigKeys (ConfUtils.java:logGet(46)) - raft.server.log.statemachine.data.read.timeout = 1000ms (default)
2022-09-21 13:02:16,329 [pool-72-thread-1] INFO  server.RaftServerConfigKeys (ConfUtils.java:logGet(46)) - raft.server.log.segment.size.max = 1048576 (custom)
2022-09-21 13:02:16,329 [pool-72-thread-1] INFO  server.RaftServerConfigKeys (ConfUtils.java:logGet(46)) - raft.server.log.segment.cache.num.max = 2 (custom)
2022-09-21 13:02:16,329 [pool-72-thread-1] INFO  server.RaftServerConfigKeys (ConfUtils.java:logGet(46)) - raft.server.log.segment.cache.size.max = 200MB (=209715200) (default)
2022-09-21 13:02:16,329 [pool-72-thread-1] INFO  segmented.SegmentedRaftLogWorker (SegmentedRaftLogWorker.java:<init>(187)) - new fbad121f-7a00-4224-80d2-3ba9fe33b4b1@group-7B51CA320748-SegmentedRaftLogWorker for RaftStorageImpl:Storage Directory /home/runner/work/ozone/ozone/hadoop-ozone/integration-test/target/test-dir/MiniOzoneClusterImpl-5e569bcc-b975-4850-9644-8f3a71d45aaa/datanode-0/data/ratis/845e9e8f-fd38-46b7-9369-7b51ca320748
2022-09-21 13:02:16,329 [pool-72-thread-1] INFO  server.RaftServerConfigKeys (ConfUtils.java:logGet(46)) - raft.server.log.queue.byte-limit = 4294967296 (custom)
2022-09-21 13:02:16,329 [pool-72-thread-1] INFO  server.RaftServerConfigKeys (ConfUtils.java:logGet(46)) - raft.server.log.queue.element-limit = 1024 (custom)
2022-09-21 13:02:16,329 [pool-72-thread-1] INFO  server.RaftServerConfigKeys (ConfUtils.java:logGet(46)) - raft.server.log.segment.size.max = 1048576 (custom)
2022-09-21 13:02:16,330 [pool-72-thread-1] INFO  server.RaftServerConfigKeys (ConfUtils.java:logGet(46)) - raft.server.log.preallocated.size = 16384 (custom)
2022-09-21 13:02:16,330 [pool-72-thread-1] INFO  server.RaftServerConfigKeys (ConfUtils.java:logGet(46)) - raft.server.log.force.sync.num = 128 (default)
2022-09-21 13:02:16,330 [pool-72-thread-1] INFO  server.RaftServerConfigKeys (ConfUtils.java:logGet(46)) - raft.server.log.statemachine.data.sync = true (default)
2022-09-21 13:02:16,330 [pool-72-thread-1] INFO  server.RaftServerConfigKeys (ConfUtils.java:logGet(46)) - raft.server.log.statemachine.data.sync.timeout = 10s (default)
2022-09-21 13:02:16,330 [pool-72-thread-1] INFO  server.RaftServerConfigKeys (ConfUtils.java:logGet(46)) - raft.server.log.statemachine.data.sync.timeout.retry = -1 (default)
2022-09-21 13:02:16,330 [pool-72-thread-1] INFO  server.RaftServerConfigKeys (ConfUtils.java:logGet(46)) - raft.server.log.write.buffer.size = 1048576 (custom)
2022-09-21 13:02:16,331 [pool-72-thread-1] INFO  server.RaftServerConfigKeys (ConfUtils.java:logGet(46)) - raft.server.log.unsafe-flush.enabled = false (default)
2022-09-21 13:02:16,331 [pool-72-thread-1] INFO  server.RaftServerConfigKeys (ConfUtils.java:logGet(46)) - raft.server.log.statemachine.data.caching.enabled = true (custom)
2022-09-21 13:02:16,331 [pool-72-thread-1] INFO  segmented.SegmentedRaftLogWorker (SegmentedRaftLogWorker.java:lambda$new$0(135)) - fbad121f-7a00-4224-80d2-3ba9fe33b4b1@group-7B51CA320748-SegmentedRaftLogWorker: flushIndex: setUnconditionally 0 -> -1
2022-09-21 13:02:16,331 [pool-72-thread-1] INFO  segmented.SegmentedRaftLogWorker (SegmentedRaftLogWorker.java:lambda$new$0(135)) - fbad121f-7a00-4224-80d2-3ba9fe33b4b1@group-7B51CA320748-SegmentedRaftLogWorker: safeCacheEvictIndex: setUnconditionally 0 -> -1
2022-09-21 13:02:16,335 [pool-72-thread-1] INFO  server.RaftServerConfigKeys (ConfUtils.java:logGet(46)) - raft.server.snapshot.auto.trigger.enabled = true (custom)
2022-09-21 13:02:16,335 [pool-72-thread-1] INFO  server.RaftServerConfigKeys (ConfUtils.java:logGet(46)) - raft.server.snapshot.auto.trigger.threshold = 10000 (custom)
2022-09-21 13:02:16,335 [pool-72-thread-1] INFO  server.RaftServerConfigKeys (ConfUtils.java:logGet(46)) - raft.server.snapshot.retention.file.num = 5 (custom)
2022-09-21 13:02:16,335 [pool-72-thread-1] INFO  server.RaftServerConfigKeys (ConfUtils.java:logGet(46)) - raft.server.log.purge.upto.snapshot.index = false (default)
2022-09-21 13:02:16,335 [pool-72-thread-1] INFO  server.RaftServerConfigKeys (ConfUtils.java:logGet(46)) - raft.server.retrycache.expirytime = 600000ms (custom)
2022-09-21 13:02:16,335 [pool-72-thread-1] INFO  server.RaftServerConfigKeys (ConfUtils.java:logGet(46)) - raft.server.retrycache.statistics.expirytime = 100μs (default)
2022-09-21 13:02:16,336 [pool-72-thread-1] INFO  server.RaftServerConfigKeys (ConfUtils.java:logGet(46)) - raft.server.log.appender.install.snapshot.enabled = false (custom)
2022-09-21 13:02:16,336 [pool-72-thread-1] INFO  server.RaftServerConfigKeys (ConfUtils.java:logGet(46)) - raft.server.threadpool.server.cached = true (default)
2022-09-21 13:02:16,336 [pool-72-thread-1] INFO  server.RaftServerConfigKeys (ConfUtils.java:logGet(46)) - raft.server.threadpool.server.size = 0 (default)
2022-09-21 13:02:16,336 [pool-72-thread-1] INFO  server.RaftServerConfigKeys (ConfUtils.java:logGet(46)) - raft.server.threadpool.client.cached = true (default)
2022-09-21 13:02:16,336 [pool-72-thread-1] INFO  server.RaftServerConfigKeys (ConfUtils.java:logGet(46)) - raft.server.threadpool.client.size = 0 (default)
2022-09-21 13:02:16,336 [pool-72-thread-1] INFO  server.RaftServer$Division (RaftServerImpl.java:start(310)) - fbad121f-7a00-4224-80d2-3ba9fe33b4b1@group-7B51CA320748: start as a follower, conf=-1: [fbad121f-7a00-4224-80d2-3ba9fe33b4b1|rpc:10.1.0.12:43967|priority:0, f4daeadc-7069-45ca-9aa4-afb858e2644b|rpc:10.1.0.12:45647|priority:0, 75d0e166-84fd-47dc-81bd-aa4ae7e35728|rpc:10.1.0.12:40701|priority:1], old=null
2022-09-21 13:02:16,336 [pool-72-thread-1] INFO  server.RaftServer$Division (RaftServerImpl.java:setRole(299)) - fbad121f-7a00-4224-80d2-3ba9fe33b4b1@group-7B51CA320748: changes role from      null to FOLLOWER at term 0 for startAsFollower
2022-09-21 13:02:16,336 [pool-72-thread-1] INFO  impl.RoleInfo (RoleInfo.java:updateAndGet(139)) - fbad121f-7a00-4224-80d2-3ba9fe33b4b1: start fbad121f-7a00-4224-80d2-3ba9fe33b4b1@group-7B51CA320748-FollowerState
2022-09-21 13:02:16,337 [pool-72-thread-1] INFO  util.JmxRegister (JmxRegister.java:tryRegister(44)) - Successfully registered JMX Bean with object name Ratis:service=RaftServer,group=group-7B51CA320748,id=fbad121f-7a00-4224-80d2-3ba9fe33b4b1
2022-09-21 13:02:16,344 [EventQueue-OpenPipelineForHealthyPipelineSafeModeRule] INFO  safemode.SCMSafeModeManager (HealthyPipelineSafeModeRule.java:process(137)) - SCM in safe mode. Healthy pipelines reported count is 0, required healthy pipeline reported count is 1
2022-09-21 13:02:16,345 [Command processor thread] INFO  ratis.XceiverServerRatis (XceiverServerRatis.java:addGroup(765)) - Created group PipelineID=845e9e8f-fd38-46b7-9369-7b51ca320748
2022-09-21 13:02:16,360 [grpc-default-executor-1] INFO  server.RaftServer (RaftServerProxy.java:addNew(96)) - f4daeadc-7069-45ca-9aa4-afb858e2644b: addNew group-7B51CA320748:[fbad121f-7a00-4224-80d2-3ba9fe33b4b1|rpc:10.1.0.12:43967|dataStream:|priority:0, f4daeadc-7069-45ca-9aa4-afb858e2644b|rpc:10.1.0.12:45647|dataStream:|priority:0, 75d0e166-84fd-47dc-81bd-aa4ae7e35728|rpc:10.1.0.12:40701|dataStream:|priority:1] returns group-7B51CA320748:java.util.concurrent.CompletableFuture@12fc057f[Not completed]
2022-09-21 13:02:16,362 [pool-118-thread-1] INFO  server.RaftServer$Division (RaftServerImpl.java:<init>(190)) - f4daeadc-7069-45ca-9aa4-afb858e2644b: new RaftServerImpl for group-7B51CA320748:[fbad121f-7a00-4224-80d2-3ba9fe33b4b1|rpc:10.1.0.12:43967|dataStream:|priority:0, f4daeadc-7069-45ca-9aa4-afb858e2644b|rpc:10.1.0.12:45647|dataStream:|priority:0, 75d0e166-84fd-47dc-81bd-aa4ae7e35728|rpc:10.1.0.12:40701|dataStream:|priority:1] with ContainerStateMachine:uninitialized
2022-09-21 13:02:16,362 [pool-118-thread-1] INFO  server.RaftServerConfigKeys (ConfUtils.java:logGet(46)) - raft.server.rpc.timeout.min = 5s (custom)
2022-09-21 13:02:16,362 [pool-118-thread-1] INFO  server.RaftServerConfigKeys (ConfUtils.java:logGet(46)) - raft.server.rpc.timeout.max = 5200ms (custom)
2022-09-21 13:02:16,362 [pool-118-thread-1] INFO  server.RaftServerConfigKeys (ConfUtils.java:logGet(46)) - raft.server.rpc.sleep.time = 25ms (default)
2022-09-21 13:02:16,362 [pool-118-thread-1] INFO  server.RaftServerConfigKeys (ConfUtils.java:logGet(46)) - raft.server.rpc.slowness.timeout = 300s (custom)
2022-09-21 13:02:16,362 [pool-118-thread-1] INFO  server.RaftServerConfigKeys (ConfUtils.java:logGet(46)) - raft.server.leaderelection.leader.step-down.wait-time = 10s (default)
2022-09-21 13:02:16,362 [pool-118-thread-1] INFO  server.RaftServerConfigKeys (ConfUtils.java:logGet(46)) - raft.server.sleep.deviation.threshold = 300ms (default)
2022-09-21 13:02:16,362 [pool-118-thread-1] INFO  server.RaftServer$Division (ServerState.java:<init>(107)) - f4daeadc-7069-45ca-9aa4-afb858e2644b@group-7B51CA320748: ConfigurationManager, init=-1: [fbad121f-7a00-4224-80d2-3ba9fe33b4b1|rpc:10.1.0.12:43967|dataStream:|priority:0, f4daeadc-7069-45ca-9aa4-afb858e2644b|rpc:10.1.0.12:45647|dataStream:|priority:0, 75d0e166-84fd-47dc-81bd-aa4ae7e35728|rpc:10.1.0.12:40701|dataStream:|priority:1], old=null, confs=<EMPTY_MAP>
2022-09-21 13:02:16,362 [pool-118-thread-1] INFO  server.RaftServerConfigKeys (ConfUtils.java:logGet(46)) - raft.server.storage.dir = [/home/runner/work/ozone/ozone/hadoop-ozone/integration-test/target/test-dir/MiniOzoneClusterImpl-5e569bcc-b975-4850-9644-8f3a71d45aaa/datanode-2/data/ratis] (custom)
2022-09-21 13:02:16,363 [pool-118-thread-1] INFO  server.RaftServerConfigKeys (ConfUtils.java:logGet(46)) - raft.server.log.corruption.policy = EXCEPTION (default)
2022-09-21 13:02:16,363 [pool-118-thread-1] INFO  server.RaftServerConfigKeys (ConfUtils.java:logGet(46)) - raft.server.storage.free-space.min = 0MB (=0) (default)
2022-09-21 13:02:16,363 [pool-118-thread-1] INFO  storage.RaftStorageDirectory (RaftStorageDirectoryImpl.java:analyzeStorage(135)) - The storage directory /home/runner/work/ozone/ozone/hadoop-ozone/integration-test/target/test-dir/MiniOzoneClusterImpl-5e569bcc-b975-4850-9644-8f3a71d45aaa/datanode-2/data/ratis/845e9e8f-fd38-46b7-9369-7b51ca320748 does not exist. Creating ...
2022-09-21 13:02:16,364 [pool-118-thread-1] INFO  storage.RaftStorageDirectory (RaftStorageDirectoryImpl.java:tryLock(230)) - Lock on /home/runner/work/ozone/ozone/hadoop-ozone/integration-test/target/test-dir/MiniOzoneClusterImpl-5e569bcc-b975-4850-9644-8f3a71d45aaa/datanode-2/data/ratis/845e9e8f-fd38-46b7-9369-7b51ca320748/in_use.lock acquired by nodename 2822@fv-az334-292
2022-09-21 13:02:16,365 [pool-118-thread-1] INFO  storage.RaftStorage (RaftStorageImpl.java:format(89)) - Storage directory /home/runner/work/ozone/ozone/hadoop-ozone/integration-test/target/test-dir/MiniOzoneClusterImpl-5e569bcc-b975-4850-9644-8f3a71d45aaa/datanode-2/data/ratis/845e9e8f-fd38-46b7-9369-7b51ca320748 has been successfully formatted.
2022-09-21 13:02:16,365 [pool-118-thread-1] INFO  ratis.ContainerStateMachine (ContainerStateMachine.java:loadSnapshot(236)) - group-7B51CA320748: The snapshot info is null. Setting the last applied indexto:(t:0, i:~)
2022-09-21 13:02:16,365 [pool-118-thread-1] INFO  server.RaftServerConfigKeys (ConfUtils.java:logGet(46)) - raft.server.notification.no-leader.timeout = 300s (custom)
2022-09-21 13:02:16,365 [pool-118-thread-1] INFO  server.RaftServerConfigKeys (ConfUtils.java:logGet(46)) - raft.server.log.use.memory = false (default)
2022-09-21 13:02:16,365 [pool-118-thread-1] INFO  server.RaftServerConfigKeys (ConfUtils.java:logGet(46)) - raft.server.log.purge.gap = 1000000 (custom)
2022-09-21 13:02:16,365 [pool-118-thread-1] INFO  server.RaftServerConfigKeys (ConfUtils.java:logGet(46)) - raft.server.log.appender.buffer.byte-limit = 33554432 (custom)
2022-09-21 13:02:16,366 [pool-118-thread-1] INFO  server.RaftServerConfigKeys (ConfUtils.java:logGet(46)) - raft.server.log.statemachine.data.read.timeout = 1000ms (default)
2022-09-21 13:02:16,366 [pool-118-thread-1] INFO  server.RaftServerConfigKeys (ConfUtils.java:logGet(46)) - raft.server.log.segment.size.max = 1048576 (custom)
2022-09-21 13:02:16,366 [pool-118-thread-1] INFO  server.RaftServerConfigKeys (ConfUtils.java:logGet(46)) - raft.server.log.segment.cache.num.max = 2 (custom)
2022-09-21 13:02:16,366 [pool-118-thread-1] INFO  server.RaftServerConfigKeys (ConfUtils.java:logGet(46)) - raft.server.log.segment.cache.size.max = 200MB (=209715200) (default)
2022-09-21 13:02:16,366 [pool-118-thread-1] INFO  segmented.SegmentedRaftLogWorker (SegmentedRaftLogWorker.java:<init>(187)) - new f4daeadc-7069-45ca-9aa4-afb858e2644b@group-7B51CA320748-SegmentedRaftLogWorker for RaftStorageImpl:Storage Directory /home/runner/work/ozone/ozone/hadoop-ozone/integration-test/target/test-dir/MiniOzoneClusterImpl-5e569bcc-b975-4850-9644-8f3a71d45aaa/datanode-2/data/ratis/845e9e8f-fd38-46b7-9369-7b51ca320748
2022-09-21 13:02:16,366 [pool-118-thread-1] INFO  server.RaftServerConfigKeys (ConfUtils.java:logGet(46)) - raft.server.log.queue.byte-limit = 4294967296 (custom)
2022-09-21 13:02:16,366 [pool-118-thread-1] INFO  server.RaftServerConfigKeys (ConfUtils.java:logGet(46)) - raft.server.log.queue.element-limit = 1024 (custom)
2022-09-21 13:02:16,366 [pool-118-thread-1] INFO  server.RaftServerConfigKeys (ConfUtils.java:logGet(46)) - raft.server.log.segment.size.max = 1048576 (custom)
2022-09-21 13:02:16,366 [pool-118-thread-1] INFO  server.RaftServerConfigKeys (ConfUtils.java:logGet(46)) - raft.server.log.preallocated.size = 16384 (custom)
2022-09-21 13:02:16,366 [pool-118-thread-1] INFO  server.RaftServerConfigKeys (ConfUtils.java:logGet(46)) - raft.server.log.force.sync.num = 128 (default)
2022-09-21 13:02:16,366 [pool-118-thread-1] INFO  server.RaftServerConfigKeys (ConfUtils.java:logGet(46)) - raft.server.log.statemachine.data.sync = true (default)
2022-09-21 13:02:16,366 [pool-118-thread-1] INFO  server.RaftServerConfigKeys (ConfUtils.java:logGet(46)) - raft.server.log.statemachine.data.sync.timeout = 10s (default)
2022-09-21 13:02:16,366 [pool-118-thread-1] INFO  server.RaftServerConfigKeys (ConfUtils.java:logGet(46)) - raft.server.log.statemachine.data.sync.timeout.retry = -1 (default)
2022-09-21 13:02:16,367 [pool-118-thread-1] INFO  server.RaftServerConfigKeys (ConfUtils.java:logGet(46)) - raft.server.log.write.buffer.size = 1048576 (custom)
2022-09-21 13:02:16,368 [pool-118-thread-1] INFO  server.RaftServerConfigKeys (ConfUtils.java:logGet(46)) - raft.server.log.unsafe-flush.enabled = false (default)
2022-09-21 13:02:16,368 [pool-118-thread-1] INFO  server.RaftServerConfigKeys (ConfUtils.java:logGet(46)) - raft.server.log.statemachine.data.caching.enabled = true (custom)
2022-09-21 13:02:16,368 [pool-118-thread-1] INFO  segmented.SegmentedRaftLogWorker (SegmentedRaftLogWorker.java:lambda$new$0(135)) - f4daeadc-7069-45ca-9aa4-afb858e2644b@group-7B51CA320748-SegmentedRaftLogWorker: flushIndex: setUnconditionally 0 -> -1
2022-09-21 13:02:16,368 [pool-118-thread-1] INFO  segmented.SegmentedRaftLogWorker (SegmentedRaftLogWorker.java:lambda$new$0(135)) - f4daeadc-7069-45ca-9aa4-afb858e2644b@group-7B51CA320748-SegmentedRaftLogWorker: safeCacheEvictIndex: setUnconditionally 0 -> -1
2022-09-21 13:02:16,371 [pool-118-thread-1] INFO  server.RaftServerConfigKeys (ConfUtils.java:logGet(46)) - raft.server.snapshot.auto.trigger.enabled = true (custom)
2022-09-21 13:02:16,371 [pool-118-thread-1] INFO  server.RaftServerConfigKeys (ConfUtils.java:logGet(46)) - raft.server.snapshot.auto.trigger.threshold = 10000 (custom)
2022-09-21 13:02:16,371 [pool-118-thread-1] INFO  server.RaftServerConfigKeys (ConfUtils.java:logGet(46)) - raft.server.snapshot.retention.file.num = 5 (custom)
2022-09-21 13:02:16,371 [pool-118-thread-1] INFO  server.RaftServerConfigKeys (ConfUtils.java:logGet(46)) - raft.server.log.purge.upto.snapshot.index = false (default)
2022-09-21 13:02:16,371 [pool-118-thread-1] INFO  server.RaftServerConfigKeys (ConfUtils.java:logGet(46)) - raft.server.retrycache.expirytime = 600000ms (custom)
2022-09-21 13:02:16,371 [pool-118-thread-1] INFO  server.RaftServerConfigKeys (ConfUtils.java:logGet(46)) - raft.server.retrycache.statistics.expirytime = 100μs (default)
2022-09-21 13:02:16,373 [pool-118-thread-1] INFO  server.RaftServerConfigKeys (ConfUtils.java:logGet(46)) - raft.server.log.appender.install.snapshot.enabled = false (custom)
2022-09-21 13:02:16,373 [pool-118-thread-1] INFO  server.RaftServerConfigKeys (ConfUtils.java:logGet(46)) - raft.server.threadpool.server.cached = true (default)
2022-09-21 13:02:16,373 [pool-118-thread-1] INFO  server.RaftServerConfigKeys (ConfUtils.java:logGet(46)) - raft.server.threadpool.server.size = 0 (default)
2022-09-21 13:02:16,373 [pool-118-thread-1] INFO  server.RaftServerConfigKeys (ConfUtils.java:logGet(46)) - raft.server.threadpool.client.cached = true (default)
2022-09-21 13:02:16,373 [pool-118-thread-1] INFO  server.RaftServerConfigKeys (ConfUtils.java:logGet(46)) - raft.server.threadpool.client.size = 0 (default)
2022-09-21 13:02:16,374 [pool-118-thread-1] INFO  server.RaftServer$Division (RaftServerImpl.java:start(310)) - f4daeadc-7069-45ca-9aa4-afb858e2644b@group-7B51CA320748: start as a follower, conf=-1: [fbad121f-7a00-4224-80d2-3ba9fe33b4b1|rpc:10.1.0.12:43967|dataStream:|priority:0, f4daeadc-7069-45ca-9aa4-afb858e2644b|rpc:10.1.0.12:45647|dataStream:|priority:0, 75d0e166-84fd-47dc-81bd-aa4ae7e35728|rpc:10.1.0.12:40701|dataStream:|priority:1], old=null
2022-09-21 13:02:16,374 [pool-118-thread-1] INFO  server.RaftServer$Division (RaftServerImpl.java:setRole(299)) - f4daeadc-7069-45ca-9aa4-afb858e2644b@group-7B51CA320748: changes role from      null to FOLLOWER at term 0 for startAsFollower
2022-09-21 13:02:16,382 [Command processor thread] INFO  commandhandler.CreatePipelineCommandHandler (CreatePipelineCommandHandler.java:handle(113)) - Created Pipeline RATIS THREE PipelineID=9ce15c75-969c-4396-bd4c-9d365342f69d.
2022-09-21 13:02:16,382 [Command processor thread] INFO  server.RaftServer (RaftServerProxy.java:addNew(96)) - 75d0e166-84fd-47dc-81bd-aa4ae7e35728: addNew group-7B51CA320748:[fbad121f-7a00-4224-80d2-3ba9fe33b4b1|rpc:10.1.0.12:43967|priority:0, f4daeadc-7069-45ca-9aa4-afb858e2644b|rpc:10.1.0.12:45647|priority:0, 75d0e166-84fd-47dc-81bd-aa4ae7e35728|rpc:10.1.0.12:40701|priority:1] returns group-7B51CA320748:java.util.concurrent.CompletableFuture@5cbd350a[Not completed]
2022-09-21 13:02:16,383 [pool-95-thread-1] INFO  server.RaftServer$Division (RaftServerImpl.java:<init>(190)) - 75d0e166-84fd-47dc-81bd-aa4ae7e35728: new RaftServerImpl for group-7B51CA320748:[fbad121f-7a00-4224-80d2-3ba9fe33b4b1|rpc:10.1.0.12:43967|priority:0, f4daeadc-7069-45ca-9aa4-afb858e2644b|rpc:10.1.0.12:45647|priority:0, 75d0e166-84fd-47dc-81bd-aa4ae7e35728|rpc:10.1.0.12:40701|priority:1] with ContainerStateMachine:uninitialized
2022-09-21 13:02:16,383 [pool-95-thread-1] INFO  server.RaftServerConfigKeys (ConfUtils.java:logGet(46)) - raft.server.rpc.timeout.min = 5s (custom)
2022-09-21 13:02:16,383 [pool-95-thread-1] INFO  server.RaftServerConfigKeys (ConfUtils.java:logGet(46)) - raft.server.rpc.timeout.max = 5200ms (custom)
2022-09-21 13:02:16,384 [pool-95-thread-1] INFO  server.RaftServerConfigKeys (ConfUtils.java:logGet(46)) - raft.server.rpc.sleep.time = 25ms (default)
2022-09-21 13:02:16,384 [pool-95-thread-1] INFO  server.RaftServerConfigKeys (ConfUtils.java:logGet(46)) - raft.server.rpc.slowness.timeout = 300s (custom)
2022-09-21 13:02:16,384 [pool-95-thread-1] INFO  server.RaftServerConfigKeys (ConfUtils.java:logGet(46)) - raft.server.leaderelection.leader.step-down.wait-time = 10s (default)
2022-09-21 13:02:16,384 [pool-95-thread-1] INFO  server.RaftServerConfigKeys (ConfUtils.java:logGet(46)) - raft.server.sleep.deviation.threshold = 300ms (default)
2022-09-21 13:02:16,384 [pool-95-thread-1] INFO  server.RaftServer$Division (ServerState.java:<init>(107)) - 75d0e166-84fd-47dc-81bd-aa4ae7e35728@group-7B51CA320748: ConfigurationManager, init=-1: [fbad121f-7a00-4224-80d2-3ba9fe33b4b1|rpc:10.1.0.12:43967|priority:0, f4daeadc-7069-45ca-9aa4-afb858e2644b|rpc:10.1.0.12:45647|priority:0, 75d0e166-84fd-47dc-81bd-aa4ae7e35728|rpc:10.1.0.12:40701|priority:1], old=null, confs=<EMPTY_MAP>
2022-09-21 13:02:16,384 [pool-95-thread-1] INFO  server.RaftServerConfigKeys (ConfUtils.java:logGet(46)) - raft.server.storage.dir = [/home/runner/work/ozone/ozone/hadoop-ozone/integration-test/target/test-dir/MiniOzoneClusterImpl-5e569bcc-b975-4850-9644-8f3a71d45aaa/datanode-1/data/ratis] (custom)
2022-09-21 13:02:16,384 [pool-95-thread-1] INFO  server.RaftServerConfigKeys (ConfUtils.java:logGet(46)) - raft.server.log.corruption.policy = EXCEPTION (default)
2022-09-21 13:02:16,384 [pool-95-thread-1] INFO  server.RaftServerConfigKeys (ConfUtils.java:logGet(46)) - raft.server.storage.free-space.min = 0MB (=0) (default)
2022-09-21 13:02:16,384 [pool-95-thread-1] INFO  storage.RaftStorageDirectory (RaftStorageDirectoryImpl.java:analyzeStorage(135)) - The storage directory /home/runner/work/ozone/ozone/hadoop-ozone/integration-test/target/test-dir/MiniOzoneClusterImpl-5e569bcc-b975-4850-9644-8f3a71d45aaa/datanode-1/data/ratis/845e9e8f-fd38-46b7-9369-7b51ca320748 does not exist. Creating ...
2022-09-21 13:02:16,384 [pool-118-thread-1] INFO  impl.RoleInfo (RoleInfo.java:updateAndGet(139)) - f4daeadc-7069-45ca-9aa4-afb858e2644b: start f4daeadc-7069-45ca-9aa4-afb858e2644b@group-7B51CA320748-FollowerState
2022-09-21 13:02:16,385 [pool-118-thread-1] INFO  util.JmxRegister (JmxRegister.java:tryRegister(44)) - Successfully registered JMX Bean with object name Ratis:service=RaftServer,group=group-7B51CA320748,id=f4daeadc-7069-45ca-9aa4-afb858e2644b
2022-09-21 13:02:16,385 [pool-95-thread-1] INFO  storage.RaftStorageDirectory (RaftStorageDirectoryImpl.java:tryLock(230)) - Lock on /home/runner/work/ozone/ozone/hadoop-ozone/integration-test/target/test-dir/MiniOzoneClusterImpl-5e569bcc-b975-4850-9644-8f3a71d45aaa/datanode-1/data/ratis/845e9e8f-fd38-46b7-9369-7b51ca320748/in_use.lock acquired by nodename 2822@fv-az334-292
2022-09-21 13:02:16,386 [pool-95-thread-1] INFO  storage.RaftStorage (RaftStorageImpl.java:format(89)) - Storage directory /home/runner/work/ozone/ozone/hadoop-ozone/integration-test/target/test-dir/MiniOzoneClusterImpl-5e569bcc-b975-4850-9644-8f3a71d45aaa/datanode-1/data/ratis/845e9e8f-fd38-46b7-9369-7b51ca320748 has been successfully formatted.
2022-09-21 13:02:16,387 [pool-95-thread-1] INFO  ratis.ContainerStateMachine (ContainerStateMachine.java:loadSnapshot(236)) - group-7B51CA320748: The snapshot info is null. Setting the last applied indexto:(t:0, i:~)
2022-09-21 13:02:16,387 [pool-95-thread-1] INFO  server.RaftServerConfigKeys (ConfUtils.java:logGet(46)) - raft.server.notification.no-leader.timeout = 300s (custom)
2022-09-21 13:02:16,387 [pool-95-thread-1] INFO  server.RaftServerConfigKeys (ConfUtils.java:logGet(46)) - raft.server.log.use.memory = false (default)
2022-09-21 13:02:16,387 [pool-95-thread-1] INFO  server.RaftServerConfigKeys (ConfUtils.java:logGet(46)) - raft.server.log.purge.gap = 1000000 (custom)
2022-09-21 13:02:16,387 [pool-95-thread-1] INFO  server.RaftServerConfigKeys (ConfUtils.java:logGet(46)) - raft.server.log.appender.buffer.byte-limit = 33554432 (custom)
2022-09-21 13:02:16,387 [pool-95-thread-1] INFO  server.RaftServerConfigKeys (ConfUtils.java:logGet(46)) - raft.server.log.statemachine.data.read.timeout = 1000ms (default)
2022-09-21 13:02:16,388 [pool-95-thread-1] INFO  server.RaftServerConfigKeys (ConfUtils.java:logGet(46)) - raft.server.log.segment.size.max = 1048576 (custom)
2022-09-21 13:02:16,388 [pool-95-thread-1] INFO  server.RaftServerConfigKeys (ConfUtils.java:logGet(46)) - raft.server.log.segment.cache.num.max = 2 (custom)
2022-09-21 13:02:16,388 [pool-95-thread-1] INFO  server.RaftServerConfigKeys (ConfUtils.java:logGet(46)) - raft.server.log.segment.cache.size.max = 200MB (=209715200) (default)
2022-09-21 13:02:16,388 [pool-95-thread-1] INFO  segmented.SegmentedRaftLogWorker (SegmentedRaftLogWorker.java:<init>(187)) - new 75d0e166-84fd-47dc-81bd-aa4ae7e35728@group-7B51CA320748-SegmentedRaftLogWorker for RaftStorageImpl:Storage Directory /home/runner/work/ozone/ozone/hadoop-ozone/integration-test/target/test-dir/MiniOzoneClusterImpl-5e569bcc-b975-4850-9644-8f3a71d45aaa/datanode-1/data/ratis/845e9e8f-fd38-46b7-9369-7b51ca320748
2022-09-21 13:02:16,388 [pool-95-thread-1] INFO  server.RaftServerConfigKeys (ConfUtils.java:logGet(46)) - raft.server.log.queue.byte-limit = 4294967296 (custom)
2022-09-21 13:02:16,388 [pool-95-thread-1] INFO  server.RaftServerConfigKeys (ConfUtils.java:logGet(46)) - raft.server.log.queue.element-limit = 1024 (custom)
2022-09-21 13:02:16,388 [pool-95-thread-1] INFO  server.RaftServerConfigKeys (ConfUtils.java:logGet(46)) - raft.server.log.segment.size.max = 1048576 (custom)
2022-09-21 13:02:16,392 [pool-95-thread-1] INFO  server.RaftServerConfigKeys (ConfUtils.java:logGet(46)) - raft.server.log.preallocated.size = 16384 (custom)
2022-09-21 13:02:16,392 [pool-95-thread-1] INFO  server.RaftServerConfigKeys (ConfUtils.java:logGet(46)) - raft.server.log.force.sync.num = 128 (default)
2022-09-21 13:02:16,392 [pool-95-thread-1] INFO  server.RaftServerConfigKeys (ConfUtils.java:logGet(46)) - raft.server.log.statemachine.data.sync = true (default)
2022-09-21 13:02:16,392 [pool-95-thread-1] INFO  server.RaftServerConfigKeys (ConfUtils.java:logGet(46)) - raft.server.log.statemachine.data.sync.timeout = 10s (default)
2022-09-21 13:02:16,392 [pool-95-thread-1] INFO  server.RaftServerConfigKeys (ConfUtils.java:logGet(46)) - raft.server.log.statemachine.data.sync.timeout.retry = -1 (default)
2022-09-21 13:02:16,392 [pool-95-thread-1] INFO  server.RaftServerConfigKeys (ConfUtils.java:logGet(46)) - raft.server.log.write.buffer.size = 1048576 (custom)
2022-09-21 13:02:16,393 [EventQueue-OpenPipelineForHealthyPipelineSafeModeRule] INFO  safemode.SCMSafeModeManager (HealthyPipelineSafeModeRule.java:process(137)) - SCM in safe mode. Healthy pipelines reported count is 0, required healthy pipeline reported count is 1
2022-09-21 13:02:16,393 [pool-95-thread-1] INFO  server.RaftServerConfigKeys (ConfUtils.java:logGet(46)) - raft.server.log.unsafe-flush.enabled = false (default)
2022-09-21 13:02:16,393 [pool-95-thread-1] INFO  server.RaftServerConfigKeys (ConfUtils.java:logGet(46)) - raft.server.log.statemachine.data.caching.enabled = true (custom)
2022-09-21 13:02:16,393 [pool-95-thread-1] INFO  segmented.SegmentedRaftLogWorker (SegmentedRaftLogWorker.java:lambda$new$0(135)) - 75d0e166-84fd-47dc-81bd-aa4ae7e35728@group-7B51CA320748-SegmentedRaftLogWorker: flushIndex: setUnconditionally 0 -> -1
2022-09-21 13:02:16,393 [pool-95-thread-1] INFO  segmented.SegmentedRaftLogWorker (SegmentedRaftLogWorker.java:lambda$new$0(135)) - 75d0e166-84fd-47dc-81bd-aa4ae7e35728@group-7B51CA320748-SegmentedRaftLogWorker: safeCacheEvictIndex: setUnconditionally 0 -> -1
2022-09-21 13:02:16,394 [pool-95-thread-1] INFO  server.RaftServerConfigKeys (ConfUtils.java:logGet(46)) - raft.server.snapshot.auto.trigger.enabled = true (custom)
2022-09-21 13:02:16,394 [pool-95-thread-1] INFO  server.RaftServerConfigKeys (ConfUtils.java:logGet(46)) - raft.server.snapshot.auto.trigger.threshold = 10000 (custom)
2022-09-21 13:02:16,394 [pool-95-thread-1] INFO  server.RaftServerConfigKeys (ConfUtils.java:logGet(46)) - raft.server.snapshot.retention.file.num = 5 (custom)
2022-09-21 13:02:16,394 [pool-95-thread-1] INFO  server.RaftServerConfigKeys (ConfUtils.java:logGet(46)) - raft.server.log.purge.upto.snapshot.index = false (default)
2022-09-21 13:02:16,395 [pool-95-thread-1] INFO  server.RaftServerConfigKeys (ConfUtils.java:logGet(46)) - raft.server.retrycache.expirytime = 600000ms (custom)
2022-09-21 13:02:16,395 [pool-95-thread-1] INFO  server.RaftServerConfigKeys (ConfUtils.java:logGet(46)) - raft.server.retrycache.statistics.expirytime = 100μs (default)
2022-09-21 13:02:16,396 [pool-95-thread-1] INFO  server.RaftServerConfigKeys (ConfUtils.java:logGet(46)) - raft.server.log.appender.install.snapshot.enabled = false (custom)
2022-09-21 13:02:16,396 [pool-95-thread-1] INFO  server.RaftServerConfigKeys (ConfUtils.java:logGet(46)) - raft.server.threadpool.server.cached = true (default)
2022-09-21 13:02:16,396 [pool-95-thread-1] INFO  server.RaftServerConfigKeys (ConfUtils.java:logGet(46)) - raft.server.threadpool.server.size = 0 (default)
2022-09-21 13:02:16,396 [pool-95-thread-1] INFO  server.RaftServerConfigKeys (ConfUtils.java:logGet(46)) - raft.server.threadpool.client.cached = true (default)
2022-09-21 13:02:16,397 [pool-95-thread-1] INFO  server.RaftServerConfigKeys (ConfUtils.java:logGet(46)) - raft.server.threadpool.client.size = 0 (default)
2022-09-21 13:02:16,397 [pool-95-thread-1] INFO  server.RaftServer$Division (RaftServerImpl.java:start(310)) - 75d0e166-84fd-47dc-81bd-aa4ae7e35728@group-7B51CA320748: start as a follower, conf=-1: [fbad121f-7a00-4224-80d2-3ba9fe33b4b1|rpc:10.1.0.12:43967|priority:0, f4daeadc-7069-45ca-9aa4-afb858e2644b|rpc:10.1.0.12:45647|priority:0, 75d0e166-84fd-47dc-81bd-aa4ae7e35728|rpc:10.1.0.12:40701|priority:1], old=null
2022-09-21 13:02:16,397 [pool-95-thread-1] INFO  server.RaftServer$Division (RaftServerImpl.java:setRole(299)) - 75d0e166-84fd-47dc-81bd-aa4ae7e35728@group-7B51CA320748: changes role from      null to FOLLOWER at term 0 for startAsFollower
2022-09-21 13:02:16,397 [pool-95-thread-1] INFO  impl.RoleInfo (RoleInfo.java:updateAndGet(139)) - 75d0e166-84fd-47dc-81bd-aa4ae7e35728: start 75d0e166-84fd-47dc-81bd-aa4ae7e35728@group-7B51CA320748-FollowerState
2022-09-21 13:02:16,400 [pool-95-thread-1] INFO  util.JmxRegister (JmxRegister.java:tryRegister(44)) - Successfully registered JMX Bean with object name Ratis:service=RaftServer,group=group-7B51CA320748,id=75d0e166-84fd-47dc-81bd-aa4ae7e35728
2022-09-21 13:02:16,401 [Command processor thread] INFO  ratis.XceiverServerRatis (XceiverServerRatis.java:addGroup(765)) - Created group PipelineID=845e9e8f-fd38-46b7-9369-7b51ca320748
2022-09-21 13:02:16,410 [Listener at 127.0.0.1/41979] INFO  ozone.MiniOzoneClusterImpl (MiniOzoneClusterImpl.java:lambda$waitForClusterToBeReady$0(216)) - Nodes are ready. Got 3 of 3 DN Heartbeats.
2022-09-21 13:02:16,410 [Listener at 127.0.0.1/41979] INFO  ozone.MiniOzoneClusterImpl (MiniOzoneClusterImpl.java:lambda$waitForClusterToBeReady$0(219)) - Waiting for cluster to exit safe mode
2022-09-21 13:02:16,410 [Listener at 127.0.0.1/41979] INFO  ozone.MiniOzoneClusterImpl (MiniOzoneClusterImpl.java:lambda$waitForClusterToBeReady$0(221)) - SCM became leader
2022-09-21 13:02:16,412 [Command processor thread] INFO  server.RaftServer (RaftServerProxy.java:addNew(96)) - f4daeadc-7069-45ca-9aa4-afb858e2644b: addNew group-AACED19167E8:[f4daeadc-7069-45ca-9aa4-afb858e2644b|rpc:10.1.0.12:45647|priority:1] returns group-AACED19167E8:java.util.concurrent.CompletableFuture@13124cea[Not completed]
2022-09-21 13:02:16,416 [pool-118-thread-1] INFO  server.RaftServer$Division (RaftServerImpl.java:<init>(190)) - f4daeadc-7069-45ca-9aa4-afb858e2644b: new RaftServerImpl for group-AACED19167E8:[f4daeadc-7069-45ca-9aa4-afb858e2644b|rpc:10.1.0.12:45647|priority:1] with ContainerStateMachine:uninitialized
2022-09-21 13:02:16,417 [pool-118-thread-1] INFO  server.RaftServerConfigKeys (ConfUtils.java:logGet(46)) - raft.server.rpc.timeout.min = 5s (custom)
2022-09-21 13:02:16,417 [pool-118-thread-1] INFO  server.RaftServerConfigKeys (ConfUtils.java:logGet(46)) - raft.server.rpc.timeout.max = 5200ms (custom)
2022-09-21 13:02:16,417 [pool-118-thread-1] INFO  server.RaftServerConfigKeys (ConfUtils.java:logGet(46)) - raft.server.rpc.sleep.time = 25ms (default)
2022-09-21 13:02:16,417 [pool-118-thread-1] INFO  server.RaftServerConfigKeys (ConfUtils.java:logGet(46)) - raft.server.rpc.slowness.timeout = 300s (custom)
2022-09-21 13:02:16,417 [pool-118-thread-1] INFO  server.RaftServerConfigKeys (ConfUtils.java:logGet(46)) - raft.server.leaderelection.leader.step-down.wait-time = 10s (default)
2022-09-21 13:02:16,417 [pool-118-thread-1] INFO  server.RaftServerConfigKeys (ConfUtils.java:logGet(46)) - raft.server.sleep.deviation.threshold = 300ms (default)
2022-09-21 13:02:16,417 [pool-118-thread-1] INFO  server.RaftServer$Division (ServerState.java:<init>(107)) - f4daeadc-7069-45ca-9aa4-afb858e2644b@group-AACED19167E8: ConfigurationManager, init=-1: [f4daeadc-7069-45ca-9aa4-afb858e2644b|rpc:10.1.0.12:45647|priority:1], old=null, confs=<EMPTY_MAP>
2022-09-21 13:02:16,417 [pool-118-thread-1] INFO  server.RaftServerConfigKeys (ConfUtils.java:logGet(46)) - raft.server.storage.dir = [/home/runner/work/ozone/ozone/hadoop-ozone/integration-test/target/test-dir/MiniOzoneClusterImpl-5e569bcc-b975-4850-9644-8f3a71d45aaa/datanode-2/data/ratis] (custom)
2022-09-21 13:02:16,417 [pool-118-thread-1] INFO  server.RaftServerConfigKeys (ConfUtils.java:logGet(46)) - raft.server.log.corruption.policy = EXCEPTION (default)
2022-09-21 13:02:16,417 [pool-118-thread-1] INFO  server.RaftServerConfigKeys (ConfUtils.java:logGet(46)) - raft.server.storage.free-space.min = 0MB (=0) (default)
2022-09-21 13:02:16,417 [pool-118-thread-1] INFO  storage.RaftStorageDirectory (RaftStorageDirectoryImpl.java:analyzeStorage(135)) - The storage directory /home/runner/work/ozone/ozone/hadoop-ozone/integration-test/target/test-dir/MiniOzoneClusterImpl-5e569bcc-b975-4850-9644-8f3a71d45aaa/datanode-2/data/ratis/77404845-b457-4d5b-a5f1-aaced19167e8 does not exist. Creating ...
2022-09-21 13:02:16,418 [pool-118-thread-1] INFO  storage.RaftStorageDirectory (RaftStorageDirectoryImpl.java:tryLock(230)) - Lock on /home/runner/work/ozone/ozone/hadoop-ozone/integration-test/target/test-dir/MiniOzoneClusterImpl-5e569bcc-b975-4850-9644-8f3a71d45aaa/datanode-2/data/ratis/77404845-b457-4d5b-a5f1-aaced19167e8/in_use.lock acquired by nodename 2822@fv-az334-292
2022-09-21 13:02:16,419 [pool-118-thread-1] INFO  storage.RaftStorage (RaftStorageImpl.java:format(89)) - Storage directory /home/runner/work/ozone/ozone/hadoop-ozone/integration-test/target/test-dir/MiniOzoneClusterImpl-5e569bcc-b975-4850-9644-8f3a71d45aaa/datanode-2/data/ratis/77404845-b457-4d5b-a5f1-aaced19167e8 has been successfully formatted.
2022-09-21 13:02:16,423 [pool-118-thread-1] INFO  ratis.ContainerStateMachine (ContainerStateMachine.java:loadSnapshot(236)) - group-AACED19167E8: The snapshot info is null. Setting the last applied indexto:(t:0, i:~)
2022-09-21 13:02:16,424 [pool-118-thread-1] INFO  server.RaftServerConfigKeys (ConfUtils.java:logGet(46)) - raft.server.notification.no-leader.timeout = 300s (custom)
2022-09-21 13:02:16,424 [pool-118-thread-1] INFO  server.RaftServerConfigKeys (ConfUtils.java:logGet(46)) - raft.server.log.use.memory = false (default)
2022-09-21 13:02:16,424 [pool-118-thread-1] INFO  server.RaftServerConfigKeys (ConfUtils.java:logGet(46)) - raft.server.log.purge.gap = 1000000 (custom)
2022-09-21 13:02:16,424 [pool-118-thread-1] INFO  server.RaftServerConfigKeys (ConfUtils.java:logGet(46)) - raft.server.log.appender.buffer.byte-limit = 33554432 (custom)
2022-09-21 13:02:16,424 [pool-118-thread-1] INFO  server.RaftServerConfigKeys (ConfUtils.java:logGet(46)) - raft.server.log.statemachine.data.read.timeout = 1000ms (default)
2022-09-21 13:02:16,424 [pool-118-thread-1] INFO  server.RaftServerConfigKeys (ConfUtils.java:logGet(46)) - raft.server.log.segment.size.max = 1048576 (custom)
2022-09-21 13:02:16,424 [pool-118-thread-1] INFO  server.RaftServerConfigKeys (ConfUtils.java:logGet(46)) - raft.server.log.segment.cache.num.max = 2 (custom)
2022-09-21 13:02:16,424 [pool-118-thread-1] INFO  server.RaftServerConfigKeys (ConfUtils.java:logGet(46)) - raft.server.log.segment.cache.size.max = 200MB (=209715200) (default)
2022-09-21 13:02:16,424 [pool-118-thread-1] INFO  segmented.SegmentedRaftLogWorker (SegmentedRaftLogWorker.java:<init>(187)) - new f4daeadc-7069-45ca-9aa4-afb858e2644b@group-AACED19167E8-SegmentedRaftLogWorker for RaftStorageImpl:Storage Directory /home/runner/work/ozone/ozone/hadoop-ozone/integration-test/target/test-dir/MiniOzoneClusterImpl-5e569bcc-b975-4850-9644-8f3a71d45aaa/datanode-2/data/ratis/77404845-b457-4d5b-a5f1-aaced19167e8
2022-09-21 13:02:16,424 [pool-118-thread-1] INFO  server.RaftServerConfigKeys (ConfUtils.java:logGet(46)) - raft.server.log.queue.byte-limit = 4294967296 (custom)
2022-09-21 13:02:16,424 [pool-118-thread-1] INFO  server.RaftServerConfigKeys (ConfUtils.java:logGet(46)) - raft.server.log.queue.element-limit = 1024 (custom)
2022-09-21 13:02:16,424 [pool-118-thread-1] INFO  server.RaftServerConfigKeys (ConfUtils.java:logGet(46)) - raft.server.log.segment.size.max = 1048576 (custom)
2022-09-21 13:02:16,424 [pool-118-thread-1] INFO  server.RaftServerConfigKeys (ConfUtils.java:logGet(46)) - raft.server.log.preallocated.size = 16384 (custom)
2022-09-21 13:02:16,424 [pool-118-thread-1] INFO  server.RaftServerConfigKeys (ConfUtils.java:logGet(46)) - raft.server.log.force.sync.num = 128 (default)
2022-09-21 13:02:16,425 [pool-118-thread-1] INFO  server.RaftServerConfigKeys (ConfUtils.java:logGet(46)) - raft.server.log.statemachine.data.sync = true (default)
2022-09-21 13:02:16,425 [pool-118-thread-1] INFO  server.RaftServerConfigKeys (ConfUtils.java:logGet(46)) - raft.server.log.statemachine.data.sync.timeout = 10s (default)
2022-09-21 13:02:16,425 [pool-118-thread-1] INFO  server.RaftServerConfigKeys (ConfUtils.java:logGet(46)) - raft.server.log.statemachine.data.sync.timeout.retry = -1 (default)
2022-09-21 13:02:16,425 [pool-118-thread-1] INFO  server.RaftServerConfigKeys (ConfUtils.java:logGet(46)) - raft.server.log.write.buffer.size = 1048576 (custom)
2022-09-21 13:02:16,426 [pool-118-thread-1] INFO  server.RaftServerConfigKeys (ConfUtils.java:logGet(46)) - raft.server.log.unsafe-flush.enabled = false (default)
2022-09-21 13:02:16,426 [pool-118-thread-1] INFO  server.RaftServerConfigKeys (ConfUtils.java:logGet(46)) - raft.server.log.statemachine.data.caching.enabled = true (custom)
2022-09-21 13:02:16,426 [pool-118-thread-1] INFO  segmented.SegmentedRaftLogWorker (SegmentedRaftLogWorker.java:lambda$new$0(135)) - f4daeadc-7069-45ca-9aa4-afb858e2644b@group-AACED19167E8-SegmentedRaftLogWorker: flushIndex: setUnconditionally 0 -> -1
2022-09-21 13:02:16,426 [pool-118-thread-1] INFO  segmented.SegmentedRaftLogWorker (SegmentedRaftLogWorker.java:lambda$new$0(135)) - f4daeadc-7069-45ca-9aa4-afb858e2644b@group-AACED19167E8-SegmentedRaftLogWorker: safeCacheEvictIndex: setUnconditionally 0 -> -1
2022-09-21 13:02:16,427 [pool-118-thread-1] INFO  server.RaftServerConfigKeys (ConfUtils.java:logGet(46)) - raft.server.snapshot.auto.trigger.enabled = true (custom)
2022-09-21 13:02:16,427 [pool-118-thread-1] INFO  server.RaftServerConfigKeys (ConfUtils.java:logGet(46)) - raft.server.snapshot.auto.trigger.threshold = 10000 (custom)
2022-09-21 13:02:16,427 [pool-118-thread-1] INFO  server.RaftServerConfigKeys (ConfUtils.java:logGet(46)) - raft.server.snapshot.retention.file.num = 5 (custom)
2022-09-21 13:02:16,427 [pool-118-thread-1] INFO  server.RaftServerConfigKeys (ConfUtils.java:logGet(46)) - raft.server.log.purge.upto.snapshot.index = false (default)
2022-09-21 13:02:16,427 [pool-118-thread-1] INFO  server.RaftServerConfigKeys (ConfUtils.java:logGet(46)) - raft.server.retrycache.expirytime = 600000ms (custom)
2022-09-21 13:02:16,427 [pool-118-thread-1] INFO  server.RaftServerConfigKeys (ConfUtils.java:logGet(46)) - raft.server.retrycache.statistics.expirytime = 100μs (default)
2022-09-21 13:02:16,428 [pool-118-thread-1] INFO  server.RaftServerConfigKeys (ConfUtils.java:logGet(46)) - raft.server.log.appender.install.snapshot.enabled = false (custom)
2022-09-21 13:02:16,428 [pool-118-thread-1] INFO  server.RaftServerConfigKeys (ConfUtils.java:logGet(46)) - raft.server.threadpool.server.cached = true (default)
2022-09-21 13:02:16,428 [pool-118-thread-1] INFO  server.RaftServerConfigKeys (ConfUtils.java:logGet(46)) - raft.server.threadpool.server.size = 0 (default)
2022-09-21 13:02:16,428 [pool-118-thread-1] INFO  server.RaftServerConfigKeys (ConfUtils.java:logGet(46)) - raft.server.threadpool.client.cached = true (default)
2022-09-21 13:02:16,428 [pool-118-thread-1] INFO  server.RaftServerConfigKeys (ConfUtils.java:logGet(46)) - raft.server.threadpool.client.size = 0 (default)
2022-09-21 13:02:16,428 [pool-118-thread-1] INFO  server.RaftServer$Division (RaftServerImpl.java:start(310)) - f4daeadc-7069-45ca-9aa4-afb858e2644b@group-AACED19167E8: start as a follower, conf=-1: [f4daeadc-7069-45ca-9aa4-afb858e2644b|rpc:10.1.0.12:45647|priority:1], old=null
2022-09-21 13:02:16,428 [pool-118-thread-1] INFO  server.RaftServer$Division (RaftServerImpl.java:setRole(299)) - f4daeadc-7069-45ca-9aa4-afb858e2644b@group-AACED19167E8: changes role from      null to FOLLOWER at term 0 for startAsFollower
2022-09-21 13:02:16,428 [pool-118-thread-1] INFO  impl.RoleInfo (RoleInfo.java:updateAndGet(139)) - f4daeadc-7069-45ca-9aa4-afb858e2644b: start f4daeadc-7069-45ca-9aa4-afb858e2644b@group-AACED19167E8-FollowerState
2022-09-21 13:02:16,429 [pool-118-thread-1] INFO  util.JmxRegister (JmxRegister.java:tryRegister(44)) - Successfully registered JMX Bean with object name Ratis:service=RaftServer,group=group-AACED19167E8,id=f4daeadc-7069-45ca-9aa4-afb858e2644b
2022-09-21 13:02:16,429 [Command processor thread] INFO  ratis.XceiverServerRatis (XceiverServerRatis.java:addGroup(765)) - Created group PipelineID=77404845-b457-4d5b-a5f1-aaced19167e8
2022-09-21 13:02:16,429 [Command processor thread] INFO  commandhandler.CreatePipelineCommandHandler (CreatePipelineCommandHandler.java:handle(113)) - Created Pipeline RATIS ONE PipelineID=77404845-b457-4d5b-a5f1-aaced19167e8.
2022-09-21 13:02:16,435 [EventQueue-PipelineReportForPipelineReportHandler] INFO  pipeline.PipelineManagerImpl (PipelineManagerImpl.java:openPipeline(367)) - Pipeline Pipeline[ Id: 77404845-b457-4d5b-a5f1-aaced19167e8, Nodes: f4daeadc-7069-45ca-9aa4-afb858e2644b{ip: 10.1.0.12, host: fv-az334-292.zg0gw54pbdoexfhqlmz30d51na.gx.internal.cloudapp.net, ports: [REPLICATION=35081, RATIS=45647, RATIS_ADMIN=45647, RATIS_SERVER=45647, STANDALONE=39495], networkLocation: /default-rack, certSerialId: null, persistedOpState: IN_SERVICE, persistedOpStateExpiryEpochSec: 0}, ReplicationConfig: RATIS/ONE, State:ALLOCATED, leaderId:f4daeadc-7069-45ca-9aa4-afb858e2644b, CreationTimestamp2022-09-21T13:02:13.414Z[Etc/UTC]] moved to OPEN state
2022-09-21 13:02:16,436 [EventQueue-OpenPipelineForHealthyPipelineSafeModeRule] INFO  safemode.SCMSafeModeManager (HealthyPipelineSafeModeRule.java:process(137)) - SCM in safe mode. Healthy pipelines reported count is 0, required healthy pipeline reported count is 1
2022-09-21 13:02:16,446 [Command processor thread] INFO  commandhandler.CreatePipelineCommandHandler (CreatePipelineCommandHandler.java:handle(113)) - Created Pipeline RATIS THREE PipelineID=845e9e8f-fd38-46b7-9369-7b51ca320748.
2022-09-21 13:02:16,464 [Command processor thread] INFO  commandhandler.CreatePipelineCommandHandler (CreatePipelineCommandHandler.java:handle(113)) - Created Pipeline RATIS THREE PipelineID=845e9e8f-fd38-46b7-9369-7b51ca320748.
2022-09-21 13:02:17,410 [Listener at 127.0.0.1/41979] INFO  ozone.MiniOzoneClusterImpl (MiniOzoneClusterImpl.java:lambda$waitForClusterToBeReady$0(216)) - Nodes are ready. Got 3 of 3 DN Heartbeats.
2022-09-21 13:02:17,410 [Listener at 127.0.0.1/41979] INFO  ozone.MiniOzoneClusterImpl (MiniOzoneClusterImpl.java:lambda$waitForClusterToBeReady$0(219)) - Waiting for cluster to exit safe mode
2022-09-21 13:02:17,410 [Listener at 127.0.0.1/41979] INFO  ozone.MiniOzoneClusterImpl (MiniOzoneClusterImpl.java:lambda$waitForClusterToBeReady$0(221)) - SCM became leader
2022-09-21 13:02:18,411 [Listener at 127.0.0.1/41979] INFO  ozone.MiniOzoneClusterImpl (MiniOzoneClusterImpl.java:lambda$waitForClusterToBeReady$0(216)) - Nodes are ready. Got 3 of 3 DN Heartbeats.
2022-09-21 13:02:18,411 [Listener at 127.0.0.1/41979] INFO  ozone.MiniOzoneClusterImpl (MiniOzoneClusterImpl.java:lambda$waitForClusterToBeReady$0(219)) - Waiting for cluster to exit safe mode
2022-09-21 13:02:18,411 [Listener at 127.0.0.1/41979] INFO  ozone.MiniOzoneClusterImpl (MiniOzoneClusterImpl.java:lambda$waitForClusterToBeReady$0(221)) - SCM became leader
2022-09-21 13:02:19,411 [Listener at 127.0.0.1/41979] INFO  ozone.MiniOzoneClusterImpl (MiniOzoneClusterImpl.java:lambda$waitForClusterToBeReady$0(216)) - Nodes are ready. Got 3 of 3 DN Heartbeats.
2022-09-21 13:02:19,411 [Listener at 127.0.0.1/41979] INFO  ozone.MiniOzoneClusterImpl (MiniOzoneClusterImpl.java:lambda$waitForClusterToBeReady$0(219)) - Waiting for cluster to exit safe mode
2022-09-21 13:02:19,411 [Listener at 127.0.0.1/41979] INFO  ozone.MiniOzoneClusterImpl (MiniOzoneClusterImpl.java:lambda$waitForClusterToBeReady$0(221)) - SCM became leader
2022-09-21 13:02:20,412 [Listener at 127.0.0.1/41979] INFO  ozone.MiniOzoneClusterImpl (MiniOzoneClusterImpl.java:lambda$waitForClusterToBeReady$0(216)) - Nodes are ready. Got 3 of 3 DN Heartbeats.
2022-09-21 13:02:20,412 [Listener at 127.0.0.1/41979] INFO  ozone.MiniOzoneClusterImpl (MiniOzoneClusterImpl.java:lambda$waitForClusterToBeReady$0(219)) - Waiting for cluster to exit safe mode
2022-09-21 13:02:20,412 [Listener at 127.0.0.1/41979] INFO  ozone.MiniOzoneClusterImpl (MiniOzoneClusterImpl.java:lambda$waitForClusterToBeReady$0(221)) - SCM became leader
2022-09-21 13:02:20,693 [fbad121f-7a00-4224-80d2-3ba9fe33b4b1@group-0D4AD2A4DA8B-FollowerState] INFO  impl.FollowerState (FollowerState.java:run(143)) - fbad121f-7a00-4224-80d2-3ba9fe33b4b1@group-0D4AD2A4DA8B-FollowerState: change to CANDIDATE, lastRpcElapsedTime:5096155535ns, electionTimeout:5085ms
2022-09-21 13:02:20,693 [fbad121f-7a00-4224-80d2-3ba9fe33b4b1@group-0D4AD2A4DA8B-FollowerState] INFO  impl.RoleInfo (RoleInfo.java:shutdownFollowerState(110)) - fbad121f-7a00-4224-80d2-3ba9fe33b4b1: shutdown fbad121f-7a00-4224-80d2-3ba9fe33b4b1@group-0D4AD2A4DA8B-FollowerState
2022-09-21 13:02:20,693 [fbad121f-7a00-4224-80d2-3ba9fe33b4b1@group-0D4AD2A4DA8B-FollowerState] INFO  server.RaftServer$Division (RaftServerImpl.java:setRole(299)) - fbad121f-7a00-4224-80d2-3ba9fe33b4b1@group-0D4AD2A4DA8B: changes role from  FOLLOWER to CANDIDATE at term 0 for changeToCandidate
2022-09-21 13:02:20,693 [fbad121f-7a00-4224-80d2-3ba9fe33b4b1@group-0D4AD2A4DA8B-FollowerState] INFO  server.RaftServerConfigKeys (ConfUtils.java:logGet(46)) - raft.server.leaderelection.pre-vote = false (custom)
2022-09-21 13:02:20,693 [fbad121f-7a00-4224-80d2-3ba9fe33b4b1@group-0D4AD2A4DA8B-FollowerState] INFO  impl.RoleInfo (RoleInfo.java:updateAndGet(139)) - fbad121f-7a00-4224-80d2-3ba9fe33b4b1: start fbad121f-7a00-4224-80d2-3ba9fe33b4b1@group-0D4AD2A4DA8B-LeaderElection2
2022-09-21 13:02:20,696 [fbad121f-7a00-4224-80d2-3ba9fe33b4b1@group-0D4AD2A4DA8B-LeaderElection2] INFO  impl.LeaderElection (LeaderElection.java:askForVotes(310)) - fbad121f-7a00-4224-80d2-3ba9fe33b4b1@group-0D4AD2A4DA8B-LeaderElection2 ELECTION round 0: submit vote requests at term 1 for -1: [fbad121f-7a00-4224-80d2-3ba9fe33b4b1|rpc:10.1.0.12:43967|priority:1], old=null
2022-09-21 13:02:20,696 [fbad121f-7a00-4224-80d2-3ba9fe33b4b1@group-0D4AD2A4DA8B-LeaderElection2] INFO  impl.LeaderElection (LeaderElection.java:askForVotes(312)) - fbad121f-7a00-4224-80d2-3ba9fe33b4b1@group-0D4AD2A4DA8B-LeaderElection2 ELECTION round 0: result PASSED (term=1)
2022-09-21 13:02:20,696 [fbad121f-7a00-4224-80d2-3ba9fe33b4b1@group-0D4AD2A4DA8B-LeaderElection2] INFO  impl.RoleInfo (RoleInfo.java:shutdownLeaderElection(130)) - fbad121f-7a00-4224-80d2-3ba9fe33b4b1: shutdown fbad121f-7a00-4224-80d2-3ba9fe33b4b1@group-0D4AD2A4DA8B-LeaderElection2
2022-09-21 13:02:20,696 [fbad121f-7a00-4224-80d2-3ba9fe33b4b1@group-0D4AD2A4DA8B-LeaderElection2] INFO  server.RaftServer$Division (RaftServerImpl.java:setRole(299)) - fbad121f-7a00-4224-80d2-3ba9fe33b4b1@group-0D4AD2A4DA8B: changes role from CANDIDATE to LEADER at term 1 for changeToLeader
2022-09-21 13:02:20,696 [fbad121f-7a00-4224-80d2-3ba9fe33b4b1@group-0D4AD2A4DA8B-LeaderElection2] INFO  ratis.XceiverServerRatis (XceiverServerRatis.java:handleLeaderChangedNotification(863)) - Leader change notification received for group: group-0D4AD2A4DA8B with new leaderId: fbad121f-7a00-4224-80d2-3ba9fe33b4b1
2022-09-21 13:02:20,696 [fbad121f-7a00-4224-80d2-3ba9fe33b4b1@group-0D4AD2A4DA8B-LeaderElection2] INFO  server.RaftServer$Division (ServerState.java:setLeader(287)) - fbad121f-7a00-4224-80d2-3ba9fe33b4b1@group-0D4AD2A4DA8B: change Leader from null to fbad121f-7a00-4224-80d2-3ba9fe33b4b1 at term 1 for becomeLeader, leader elected after 5118ms
2022-09-21 13:02:20,697 [fbad121f-7a00-4224-80d2-3ba9fe33b4b1@group-0D4AD2A4DA8B-LeaderElection2] INFO  server.RaftServerConfigKeys (ConfUtils.java:logGet(46)) - raft.server.staging.catchup.gap = 1000 (default)
2022-09-21 13:02:20,699 [fbad121f-7a00-4224-80d2-3ba9fe33b4b1@group-0D4AD2A4DA8B-LeaderElection2] INFO  server.RaftServerConfigKeys (ConfUtils.java:logGet(46)) - raft.server.write.element-limit = 1024 (custom)
2022-09-21 13:02:20,700 [EventQueue-OpenPipelineForHealthyPipelineSafeModeRule] INFO  safemode.SCMSafeModeManager (HealthyPipelineSafeModeRule.java:process(137)) - SCM in safe mode. Healthy pipelines reported count is 0, required healthy pipeline reported count is 1
2022-09-21 13:02:20,701 [fbad121f-7a00-4224-80d2-3ba9fe33b4b1@group-0D4AD2A4DA8B-LeaderElection2] INFO  server.RaftServerConfigKeys (ConfUtils.java:logGet(46)) - raft.server.write.byte-limit = 1024 M (=1073741824) (custom)
2022-09-21 13:02:20,701 [fbad121f-7a00-4224-80d2-3ba9fe33b4b1@group-0D4AD2A4DA8B-LeaderElection2] INFO  server.RaftServerConfigKeys (ConfUtils.java:logGet(46)) - raft.server.watch.timeout = 180s (custom)
2022-09-21 13:02:20,701 [fbad121f-7a00-4224-80d2-3ba9fe33b4b1@group-0D4AD2A4DA8B-LeaderElection2] INFO  server.RaftServerConfigKeys (ConfUtils.java:logGet(46)) - raft.server.watch.timeout.denomination = 1s (default)
2022-09-21 13:02:20,701 [fbad121f-7a00-4224-80d2-3ba9fe33b4b1@group-0D4AD2A4DA8B-LeaderElection2] INFO  server.RaftServerConfigKeys (ConfUtils.java:logGet(46)) - raft.server.watch.element-limit = 65536 (default)
2022-09-21 13:02:20,701 [fbad121f-7a00-4224-80d2-3ba9fe33b4b1@group-0D4AD2A4DA8B-LeaderElection2] INFO  server.RaftServerConfigKeys (ConfUtils.java:logGet(46)) - raft.server.write.element-limit = 1024 (custom)
2022-09-21 13:02:20,701 [fbad121f-7a00-4224-80d2-3ba9fe33b4b1@group-0D4AD2A4DA8B-LeaderElection2] INFO  server.RaftServerConfigKeys (ConfUtils.java:logGet(46)) - raft.server.write.follower.gap.ratio.max = -1.0 (default)
2022-09-21 13:02:20,701 [fbad121f-7a00-4224-80d2-3ba9fe33b4b1@group-0D4AD2A4DA8B-LeaderElection2] INFO  impl.RoleInfo (RoleInfo.java:updateAndGet(139)) - fbad121f-7a00-4224-80d2-3ba9fe33b4b1: start fbad121f-7a00-4224-80d2-3ba9fe33b4b1@group-0D4AD2A4DA8B-LeaderStateImpl
2022-09-21 13:02:20,701 [fbad121f-7a00-4224-80d2-3ba9fe33b4b1@group-0D4AD2A4DA8B-LeaderElection2] INFO  segmented.SegmentedRaftLogWorker (SegmentedRaftLogWorker.java:startLogSegment(425)) - fbad121f-7a00-4224-80d2-3ba9fe33b4b1@group-0D4AD2A4DA8B-SegmentedRaftLogWorker: Starting segment from index:0
2022-09-21 13:02:20,708 [fbad121f-7a00-4224-80d2-3ba9fe33b4b1@group-0D4AD2A4DA8B-LeaderElection2] INFO  server.RaftServer$Division (ServerState.java:setRaftConf(393)) - fbad121f-7a00-4224-80d2-3ba9fe33b4b1@group-0D4AD2A4DA8B: set configuration 0: [fbad121f-7a00-4224-80d2-3ba9fe33b4b1|rpc:10.1.0.12:43967|dataStream:|priority:1], old=null
2022-09-21 13:02:20,709 [fbad121f-7a00-4224-80d2-3ba9fe33b4b1@group-0D4AD2A4DA8B-SegmentedRaftLogWorker] INFO  segmented.SegmentedRaftLogWorker (SegmentedRaftLogWorker.java:execute(629)) - fbad121f-7a00-4224-80d2-3ba9fe33b4b1@group-0D4AD2A4DA8B-SegmentedRaftLogWorker: created new log segment /home/runner/work/ozone/ozone/hadoop-ozone/integration-test/target/test-dir/MiniOzoneClusterImpl-5e569bcc-b975-4850-9644-8f3a71d45aaa/datanode-0/data/ratis/5eaa15b2-a810-4a91-92b6-0d4ad2a4da8b/current/log_inprogress_0
2022-09-21 13:02:20,824 [fbad121f-7a00-4224-80d2-3ba9fe33b4b1@group-9D365342F69D-FollowerState] INFO  impl.FollowerState (FollowerState.java:run(143)) - fbad121f-7a00-4224-80d2-3ba9fe33b4b1@group-9D365342F69D-FollowerState: change to CANDIDATE, lastRpcElapsedTime:5186693706ns, electionTimeout:5183ms
2022-09-21 13:02:20,824 [fbad121f-7a00-4224-80d2-3ba9fe33b4b1@group-9D365342F69D-FollowerState] INFO  impl.RoleInfo (RoleInfo.java:shutdownFollowerState(110)) - fbad121f-7a00-4224-80d2-3ba9fe33b4b1: shutdown fbad121f-7a00-4224-80d2-3ba9fe33b4b1@group-9D365342F69D-FollowerState
2022-09-21 13:02:20,825 [fbad121f-7a00-4224-80d2-3ba9fe33b4b1@group-9D365342F69D-FollowerState] INFO  server.RaftServer$Division (RaftServerImpl.java:setRole(299)) - fbad121f-7a00-4224-80d2-3ba9fe33b4b1@group-9D365342F69D: changes role from  FOLLOWER to CANDIDATE at term 0 for changeToCandidate
2022-09-21 13:02:20,825 [fbad121f-7a00-4224-80d2-3ba9fe33b4b1@group-9D365342F69D-FollowerState] INFO  server.RaftServerConfigKeys (ConfUtils.java:logGet(46)) - raft.server.leaderelection.pre-vote = false (custom)
2022-09-21 13:02:20,825 [fbad121f-7a00-4224-80d2-3ba9fe33b4b1@group-9D365342F69D-FollowerState] INFO  impl.RoleInfo (RoleInfo.java:updateAndGet(139)) - fbad121f-7a00-4224-80d2-3ba9fe33b4b1: start fbad121f-7a00-4224-80d2-3ba9fe33b4b1@group-9D365342F69D-LeaderElection3
2022-09-21 13:02:20,827 [fbad121f-7a00-4224-80d2-3ba9fe33b4b1@group-9D365342F69D-LeaderElection3] INFO  impl.LeaderElection (LeaderElection.java:askForVotes(310)) - fbad121f-7a00-4224-80d2-3ba9fe33b4b1@group-9D365342F69D-LeaderElection3 ELECTION round 0: submit vote requests at term 1 for -1: [fbad121f-7a00-4224-80d2-3ba9fe33b4b1|rpc:10.1.0.12:43967|priority:0, 75d0e166-84fd-47dc-81bd-aa4ae7e35728|rpc:10.1.0.12:40701|priority:0, f4daeadc-7069-45ca-9aa4-afb858e2644b|rpc:10.1.0.12:45647|priority:1], old=null
2022-09-21 13:02:20,847 [grpc-default-executor-1] INFO  server.RaftServer$Division (RaftServerImpl.java:requestVote(1152)) - 75d0e166-84fd-47dc-81bd-aa4ae7e35728@group-9D365342F69D: receive requestVote(ELECTION, fbad121f-7a00-4224-80d2-3ba9fe33b4b1, group-9D365342F69D, 1, (t:0, i:0))
2022-09-21 13:02:20,849 [grpc-default-executor-1] INFO  impl.VoteContext (VoteContext.java:log(48)) - 75d0e166-84fd-47dc-81bd-aa4ae7e35728@group-9D365342F69D-FOLLOWER: accept ELECTION from fbad121f-7a00-4224-80d2-3ba9fe33b4b1: our priority 0 <= candidate's priority 0
2022-09-21 13:02:20,849 [grpc-default-executor-1] INFO  server.RaftServer$Division (RaftServerImpl.java:setRole(299)) - 75d0e166-84fd-47dc-81bd-aa4ae7e35728@group-9D365342F69D: changes role from  FOLLOWER to FOLLOWER at term 1 for candidate:fbad121f-7a00-4224-80d2-3ba9fe33b4b1
2022-09-21 13:02:20,849 [grpc-default-executor-1] INFO  impl.RoleInfo (RoleInfo.java:shutdownFollowerState(110)) - 75d0e166-84fd-47dc-81bd-aa4ae7e35728: shutdown 75d0e166-84fd-47dc-81bd-aa4ae7e35728@group-9D365342F69D-FollowerState
2022-09-21 13:02:20,849 [grpc-default-executor-1] INFO  impl.RoleInfo (RoleInfo.java:updateAndGet(139)) - 75d0e166-84fd-47dc-81bd-aa4ae7e35728: start 75d0e166-84fd-47dc-81bd-aa4ae7e35728@group-9D365342F69D-FollowerState
2022-09-21 13:02:20,849 [75d0e166-84fd-47dc-81bd-aa4ae7e35728@group-9D365342F69D-FollowerState] INFO  impl.FollowerState (FollowerState.java:run(152)) - 75d0e166-84fd-47dc-81bd-aa4ae7e35728@group-9D365342F69D-FollowerState was interrupted
2022-09-21 13:02:20,856 [grpc-default-executor-1] INFO  server.RaftServer$Division (RaftServerImpl.java:requestVote(1184)) - 75d0e166-84fd-47dc-81bd-aa4ae7e35728@group-9D365342F69D replies to ELECTION vote request: fbad121f-7a00-4224-80d2-3ba9fe33b4b1<-75d0e166-84fd-47dc-81bd-aa4ae7e35728#0:OK-t1. Peer's state: 75d0e166-84fd-47dc-81bd-aa4ae7e35728@group-9D365342F69D:t1, leader=null, voted=fbad121f-7a00-4224-80d2-3ba9fe33b4b1, raftlog=75d0e166-84fd-47dc-81bd-aa4ae7e35728@group-9D365342F69D-SegmentedRaftLog:OPENED:c-1, conf=-1: [fbad121f-7a00-4224-80d2-3ba9fe33b4b1|rpc:10.1.0.12:43967|priority:0, 75d0e166-84fd-47dc-81bd-aa4ae7e35728|rpc:10.1.0.12:40701|priority:0, f4daeadc-7069-45ca-9aa4-afb858e2644b|rpc:10.1.0.12:45647|priority:1], old=null
2022-09-21 13:02:20,858 [grpc-default-executor-0] INFO  server.RaftServer$Division (RaftServerImpl.java:requestVote(1152)) - f4daeadc-7069-45ca-9aa4-afb858e2644b@group-9D365342F69D: receive requestVote(ELECTION, fbad121f-7a00-4224-80d2-3ba9fe33b4b1, group-9D365342F69D, 1, (t:0, i:0))
2022-09-21 13:02:20,858 [grpc-default-executor-0] INFO  impl.VoteContext (VoteContext.java:log(48)) - f4daeadc-7069-45ca-9aa4-afb858e2644b@group-9D365342F69D-FOLLOWER: reject ELECTION from fbad121f-7a00-4224-80d2-3ba9fe33b4b1: our priority 1 > candidate's priority 0
2022-09-21 13:02:20,858 [grpc-default-executor-0] INFO  server.RaftServer$Division (RaftServerImpl.java:setRole(299)) - f4daeadc-7069-45ca-9aa4-afb858e2644b@group-9D365342F69D: changes role from  FOLLOWER to FOLLOWER at term 1 for candidate:fbad121f-7a00-4224-80d2-3ba9fe33b4b1
2022-09-21 13:02:20,858 [grpc-default-executor-0] INFO  impl.RoleInfo (RoleInfo.java:shutdownFollowerState(110)) - f4daeadc-7069-45ca-9aa4-afb858e2644b: shutdown f4daeadc-7069-45ca-9aa4-afb858e2644b@group-9D365342F69D-FollowerState
2022-09-21 13:02:20,858 [grpc-default-executor-0] INFO  impl.RoleInfo (RoleInfo.java:updateAndGet(139)) - f4daeadc-7069-45ca-9aa4-afb858e2644b: start f4daeadc-7069-45ca-9aa4-afb858e2644b@group-9D365342F69D-FollowerState
2022-09-21 13:02:20,858 [f4daeadc-7069-45ca-9aa4-afb858e2644b@group-9D365342F69D-FollowerState] INFO  impl.FollowerState (FollowerState.java:run(152)) - f4daeadc-7069-45ca-9aa4-afb858e2644b@group-9D365342F69D-FollowerState was interrupted
2022-09-21 13:02:20,860 [grpc-default-executor-0] INFO  server.RaftServer$Division (RaftServerImpl.java:requestVote(1184)) - f4daeadc-7069-45ca-9aa4-afb858e2644b@group-9D365342F69D replies to ELECTION vote request: fbad121f-7a00-4224-80d2-3ba9fe33b4b1<-f4daeadc-7069-45ca-9aa4-afb858e2644b#0:FAIL-t1. Peer's state: f4daeadc-7069-45ca-9aa4-afb858e2644b@group-9D365342F69D:t1, leader=null, voted=null, raftlog=f4daeadc-7069-45ca-9aa4-afb858e2644b@group-9D365342F69D-SegmentedRaftLog:OPENED:c-1, conf=-1: [fbad121f-7a00-4224-80d2-3ba9fe33b4b1|rpc:10.1.0.12:43967|dataStream:|priority:0, 75d0e166-84fd-47dc-81bd-aa4ae7e35728|rpc:10.1.0.12:40701|dataStream:|priority:0, f4daeadc-7069-45ca-9aa4-afb858e2644b|rpc:10.1.0.12:45647|dataStream:|priority:1], old=null
2022-09-21 13:02:20,866 [fbad121f-7a00-4224-80d2-3ba9fe33b4b1@group-9D365342F69D-LeaderElection3] INFO  impl.LeaderElection (LeaderElection.java:logAndReturn(90)) - fbad121f-7a00-4224-80d2-3ba9fe33b4b1@group-9D365342F69D-LeaderElection3: ELECTION REJECTED received 2 response(s) and 0 exception(s):
2022-09-21 13:02:20,866 [fbad121f-7a00-4224-80d2-3ba9fe33b4b1@group-9D365342F69D-LeaderElection3] INFO  impl.LeaderElection (LeaderElection.java:logAndReturn(94)) -   Response 0: fbad121f-7a00-4224-80d2-3ba9fe33b4b1<-75d0e166-84fd-47dc-81bd-aa4ae7e35728#0:OK-t1
2022-09-21 13:02:20,866 [fbad121f-7a00-4224-80d2-3ba9fe33b4b1@group-9D365342F69D-LeaderElection3] INFO  impl.LeaderElection (LeaderElection.java:logAndReturn(94)) -   Response 1: fbad121f-7a00-4224-80d2-3ba9fe33b4b1<-f4daeadc-7069-45ca-9aa4-afb858e2644b#0:FAIL-t1
2022-09-21 13:02:20,866 [fbad121f-7a00-4224-80d2-3ba9fe33b4b1@group-9D365342F69D-LeaderElection3] INFO  impl.LeaderElection (LeaderElection.java:askForVotes(312)) - fbad121f-7a00-4224-80d2-3ba9fe33b4b1@group-9D365342F69D-LeaderElection3 ELECTION round 0: result REJECTED
2022-09-21 13:02:20,866 [fbad121f-7a00-4224-80d2-3ba9fe33b4b1@group-9D365342F69D-LeaderElection3] INFO  server.RaftServer$Division (RaftServerImpl.java:setRole(299)) - fbad121f-7a00-4224-80d2-3ba9fe33b4b1@group-9D365342F69D: changes role from CANDIDATE to FOLLOWER at term 1 for REJECTED
2022-09-21 13:02:20,866 [fbad121f-7a00-4224-80d2-3ba9fe33b4b1@group-9D365342F69D-LeaderElection3] INFO  impl.RoleInfo (RoleInfo.java:shutdownLeaderElection(130)) - fbad121f-7a00-4224-80d2-3ba9fe33b4b1: shutdown fbad121f-7a00-4224-80d2-3ba9fe33b4b1@group-9D365342F69D-LeaderElection3
2022-09-21 13:02:20,867 [fbad121f-7a00-4224-80d2-3ba9fe33b4b1@group-9D365342F69D-LeaderElection3] INFO  impl.RoleInfo (RoleInfo.java:updateAndGet(139)) - fbad121f-7a00-4224-80d2-3ba9fe33b4b1: start fbad121f-7a00-4224-80d2-3ba9fe33b4b1@group-9D365342F69D-FollowerState
2022-09-21 13:02:21,185 [75d0e166-84fd-47dc-81bd-aa4ae7e35728@group-EE22EC267FAF-FollowerState] INFO  impl.FollowerState (FollowerState.java:run(143)) - 75d0e166-84fd-47dc-81bd-aa4ae7e35728@group-EE22EC267FAF-FollowerState: change to CANDIDATE, lastRpcElapsedTime:5081721919ns, electionTimeout:5079ms
2022-09-21 13:02:21,186 [75d0e166-84fd-47dc-81bd-aa4ae7e35728@group-EE22EC267FAF-FollowerState] INFO  impl.RoleInfo (RoleInfo.java:shutdownFollowerState(110)) - 75d0e166-84fd-47dc-81bd-aa4ae7e35728: shutdown 75d0e166-84fd-47dc-81bd-aa4ae7e35728@group-EE22EC267FAF-FollowerState
2022-09-21 13:02:21,186 [75d0e166-84fd-47dc-81bd-aa4ae7e35728@group-EE22EC267FAF-FollowerState] INFO  server.RaftServer$Division (RaftServerImpl.java:setRole(299)) - 75d0e166-84fd-47dc-81bd-aa4ae7e35728@group-EE22EC267FAF: changes role from  FOLLOWER to CANDIDATE at term 0 for changeToCandidate
2022-09-21 13:02:21,186 [75d0e166-84fd-47dc-81bd-aa4ae7e35728@group-EE22EC267FAF-FollowerState] INFO  server.RaftServerConfigKeys (ConfUtils.java:logGet(46)) - raft.server.leaderelection.pre-vote = false (custom)
2022-09-21 13:02:21,186 [75d0e166-84fd-47dc-81bd-aa4ae7e35728@group-EE22EC267FAF-FollowerState] INFO  impl.RoleInfo (RoleInfo.java:updateAndGet(139)) - 75d0e166-84fd-47dc-81bd-aa4ae7e35728: start 75d0e166-84fd-47dc-81bd-aa4ae7e35728@group-EE22EC267FAF-LeaderElection4
2022-09-21 13:02:21,189 [75d0e166-84fd-47dc-81bd-aa4ae7e35728@group-EE22EC267FAF-LeaderElection4] INFO  impl.LeaderElection (LeaderElection.java:askForVotes(310)) - 75d0e166-84fd-47dc-81bd-aa4ae7e35728@group-EE22EC267FAF-LeaderElection4 ELECTION round 0: submit vote requests at term 1 for -1: [75d0e166-84fd-47dc-81bd-aa4ae7e35728|rpc:10.1.0.12:40701|priority:1], old=null
2022-09-21 13:02:21,192 [75d0e166-84fd-47dc-81bd-aa4ae7e35728@group-EE22EC267FAF-LeaderElection4] INFO  impl.LeaderElection (LeaderElection.java:askForVotes(312)) - 75d0e166-84fd-47dc-81bd-aa4ae7e35728@group-EE22EC267FAF-LeaderElection4 ELECTION round 0: result PASSED (term=1)
2022-09-21 13:02:21,192 [75d0e166-84fd-47dc-81bd-aa4ae7e35728@group-EE22EC267FAF-LeaderElection4] INFO  impl.RoleInfo (RoleInfo.java:shutdownLeaderElection(130)) - 75d0e166-84fd-47dc-81bd-aa4ae7e35728: shutdown 75d0e166-84fd-47dc-81bd-aa4ae7e35728@group-EE22EC267FAF-LeaderElection4
2022-09-21 13:02:21,192 [75d0e166-84fd-47dc-81bd-aa4ae7e35728@group-EE22EC267FAF-LeaderElection4] INFO  server.RaftServer$Division (RaftServerImpl.java:setRole(299)) - 75d0e166-84fd-47dc-81bd-aa4ae7e35728@group-EE22EC267FAF: changes role from CANDIDATE to LEADER at term 1 for changeToLeader
2022-09-21 13:02:21,192 [75d0e166-84fd-47dc-81bd-aa4ae7e35728@group-EE22EC267FAF-LeaderElection4] INFO  ratis.XceiverServerRatis (XceiverServerRatis.java:handleLeaderChangedNotification(863)) - Leader change notification received for group: group-EE22EC267FAF with new leaderId: 75d0e166-84fd-47dc-81bd-aa4ae7e35728
2022-09-21 13:02:21,192 [75d0e166-84fd-47dc-81bd-aa4ae7e35728@group-EE22EC267FAF-LeaderElection4] INFO  server.RaftServer$Division (ServerState.java:setLeader(287)) - 75d0e166-84fd-47dc-81bd-aa4ae7e35728@group-EE22EC267FAF: change Leader from null to 75d0e166-84fd-47dc-81bd-aa4ae7e35728 at term 1 for becomeLeader, leader elected after 5113ms
2022-09-21 13:02:21,192 [75d0e166-84fd-47dc-81bd-aa4ae7e35728@group-EE22EC267FAF-LeaderElection4] INFO  server.RaftServerConfigKeys (ConfUtils.java:logGet(46)) - raft.server.staging.catchup.gap = 1000 (default)
2022-09-21 13:02:21,193 [75d0e166-84fd-47dc-81bd-aa4ae7e35728@group-EE22EC267FAF-LeaderElection4] INFO  server.RaftServerConfigKeys (ConfUtils.java:logGet(46)) - raft.server.write.element-limit = 1024 (custom)
2022-09-21 13:02:21,193 [75d0e166-84fd-47dc-81bd-aa4ae7e35728@group-EE22EC267FAF-LeaderElection4] INFO  server.RaftServerConfigKeys (ConfUtils.java:logGet(46)) - raft.server.write.byte-limit = 1024 M (=1073741824) (custom)
2022-09-21 13:02:21,193 [75d0e166-84fd-47dc-81bd-aa4ae7e35728@group-EE22EC267FAF-LeaderElection4] INFO  server.RaftServerConfigKeys (ConfUtils.java:logGet(46)) - raft.server.watch.timeout = 180s (custom)
2022-09-21 13:02:21,193 [75d0e166-84fd-47dc-81bd-aa4ae7e35728@group-EE22EC267FAF-LeaderElection4] INFO  server.RaftServerConfigKeys (ConfUtils.java:logGet(46)) - raft.server.watch.timeout.denomination = 1s (default)
2022-09-21 13:02:21,193 [75d0e166-84fd-47dc-81bd-aa4ae7e35728@group-EE22EC267FAF-LeaderElection4] INFO  server.RaftServerConfigKeys (ConfUtils.java:logGet(46)) - raft.server.watch.element-limit = 65536 (default)
2022-09-21 13:02:21,193 [75d0e166-84fd-47dc-81bd-aa4ae7e35728@group-EE22EC267FAF-LeaderElection4] INFO  server.RaftServerConfigKeys (ConfUtils.java:logGet(46)) - raft.server.write.element-limit = 1024 (custom)
2022-09-21 13:02:21,193 [75d0e166-84fd-47dc-81bd-aa4ae7e35728@group-EE22EC267FAF-LeaderElection4] INFO  server.RaftServerConfigKeys (ConfUtils.java:logGet(46)) - raft.server.write.follower.gap.ratio.max = -1.0 (default)
2022-09-21 13:02:21,193 [75d0e166-84fd-47dc-81bd-aa4ae7e35728@group-EE22EC267FAF-LeaderElection4] INFO  impl.RoleInfo (RoleInfo.java:updateAndGet(139)) - 75d0e166-84fd-47dc-81bd-aa4ae7e35728: start 75d0e166-84fd-47dc-81bd-aa4ae7e35728@group-EE22EC267FAF-LeaderStateImpl
2022-09-21 13:02:21,193 [75d0e166-84fd-47dc-81bd-aa4ae7e35728@group-EE22EC267FAF-LeaderElection4] INFO  segmented.SegmentedRaftLogWorker (SegmentedRaftLogWorker.java:startLogSegment(425)) - 75d0e166-84fd-47dc-81bd-aa4ae7e35728@group-EE22EC267FAF-SegmentedRaftLogWorker: Starting segment from index:0
2022-09-21 13:02:21,195 [75d0e166-84fd-47dc-81bd-aa4ae7e35728@group-EE22EC267FAF-LeaderElection4] INFO  server.RaftServer$Division (ServerState.java:setRaftConf(393)) - 75d0e166-84fd-47dc-81bd-aa4ae7e35728@group-EE22EC267FAF: set configuration 0: [75d0e166-84fd-47dc-81bd-aa4ae7e35728|rpc:10.1.0.12:40701|dataStream:|priority:1], old=null
2022-09-21 13:02:21,196 [EventQueue-OpenPipelineForHealthyPipelineSafeModeRule] INFO  safemode.SCMSafeModeManager (HealthyPipelineSafeModeRule.java:process(137)) - SCM in safe mode. Healthy pipelines reported count is 0, required healthy pipeline reported count is 1
2022-09-21 13:02:21,196 [75d0e166-84fd-47dc-81bd-aa4ae7e35728@group-EE22EC267FAF-SegmentedRaftLogWorker] INFO  segmented.SegmentedRaftLogWorker (SegmentedRaftLogWorker.java:execute(629)) - 75d0e166-84fd-47dc-81bd-aa4ae7e35728@group-EE22EC267FAF-SegmentedRaftLogWorker: created new log segment /home/runner/work/ozone/ozone/hadoop-ozone/integration-test/target/test-dir/MiniOzoneClusterImpl-5e569bcc-b975-4850-9644-8f3a71d45aaa/datanode-1/data/ratis/e1c334c6-04a5-444f-96a7-ee22ec267faf/current/log_inprogress_0
2022-09-21 13:02:21,412 [Listener at 127.0.0.1/41979] INFO  ozone.MiniOzoneClusterImpl (MiniOzoneClusterImpl.java:lambda$waitForClusterToBeReady$0(216)) - Nodes are ready. Got 3 of 3 DN Heartbeats.
2022-09-21 13:02:21,412 [Listener at 127.0.0.1/41979] INFO  ozone.MiniOzoneClusterImpl (MiniOzoneClusterImpl.java:lambda$waitForClusterToBeReady$0(219)) - Waiting for cluster to exit safe mode
2022-09-21 13:02:21,412 [Listener at 127.0.0.1/41979] INFO  ozone.MiniOzoneClusterImpl (MiniOzoneClusterImpl.java:lambda$waitForClusterToBeReady$0(221)) - SCM became leader
2022-09-21 13:02:21,494 [75d0e166-84fd-47dc-81bd-aa4ae7e35728@group-7B51CA320748-FollowerState] INFO  impl.FollowerState (FollowerState.java:run(143)) - 75d0e166-84fd-47dc-81bd-aa4ae7e35728@group-7B51CA320748-FollowerState: change to CANDIDATE, lastRpcElapsedTime:5096094035ns, electionTimeout:5093ms
2022-09-21 13:02:21,494 [75d0e166-84fd-47dc-81bd-aa4ae7e35728@group-7B51CA320748-FollowerState] INFO  impl.RoleInfo (RoleInfo.java:shutdownFollowerState(110)) - 75d0e166-84fd-47dc-81bd-aa4ae7e35728: shutdown 75d0e166-84fd-47dc-81bd-aa4ae7e35728@group-7B51CA320748-FollowerState
2022-09-21 13:02:21,494 [75d0e166-84fd-47dc-81bd-aa4ae7e35728@group-7B51CA320748-FollowerState] INFO  server.RaftServer$Division (RaftServerImpl.java:setRole(299)) - 75d0e166-84fd-47dc-81bd-aa4ae7e35728@group-7B51CA320748: changes role from  FOLLOWER to CANDIDATE at term 0 for changeToCandidate
2022-09-21 13:02:21,494 [75d0e166-84fd-47dc-81bd-aa4ae7e35728@group-7B51CA320748-FollowerState] INFO  server.RaftServerConfigKeys (ConfUtils.java:logGet(46)) - raft.server.leaderelection.pre-vote = false (custom)
2022-09-21 13:02:21,494 [75d0e166-84fd-47dc-81bd-aa4ae7e35728@group-7B51CA320748-FollowerState] INFO  impl.RoleInfo (RoleInfo.java:updateAndGet(139)) - 75d0e166-84fd-47dc-81bd-aa4ae7e35728: start 75d0e166-84fd-47dc-81bd-aa4ae7e35728@group-7B51CA320748-LeaderElection5
2022-09-21 13:02:21,496 [75d0e166-84fd-47dc-81bd-aa4ae7e35728@group-7B51CA320748-LeaderElection5] INFO  impl.LeaderElection (LeaderElection.java:askForVotes(310)) - 75d0e166-84fd-47dc-81bd-aa4ae7e35728@group-7B51CA320748-LeaderElection5 ELECTION round 0: submit vote requests at term 1 for -1: [fbad121f-7a00-4224-80d2-3ba9fe33b4b1|rpc:10.1.0.12:43967|priority:0, f4daeadc-7069-45ca-9aa4-afb858e2644b|rpc:10.1.0.12:45647|priority:0, 75d0e166-84fd-47dc-81bd-aa4ae7e35728|rpc:10.1.0.12:40701|priority:1], old=null
2022-09-21 13:02:21,508 [f4daeadc-7069-45ca-9aa4-afb858e2644b@group-AACED19167E8-FollowerState] INFO  impl.FollowerState (FollowerState.java:run(143)) - f4daeadc-7069-45ca-9aa4-afb858e2644b@group-AACED19167E8-FollowerState: change to CANDIDATE, lastRpcElapsedTime:5079769330ns, electionTimeout:5079ms
2022-09-21 13:02:21,508 [f4daeadc-7069-45ca-9aa4-afb858e2644b@group-AACED19167E8-FollowerState] INFO  impl.RoleInfo (RoleInfo.java:shutdownFollowerState(110)) - f4daeadc-7069-45ca-9aa4-afb858e2644b: shutdown f4daeadc-7069-45ca-9aa4-afb858e2644b@group-AACED19167E8-FollowerState
2022-09-21 13:02:21,508 [f4daeadc-7069-45ca-9aa4-afb858e2644b@group-AACED19167E8-FollowerState] INFO  server.RaftServer$Division (RaftServerImpl.java:setRole(299)) - f4daeadc-7069-45ca-9aa4-afb858e2644b@group-AACED19167E8: changes role from  FOLLOWER to CANDIDATE at term 0 for changeToCandidate
2022-09-21 13:02:21,508 [f4daeadc-7069-45ca-9aa4-afb858e2644b@group-AACED19167E8-FollowerState] INFO  server.RaftServerConfigKeys (ConfUtils.java:logGet(46)) - raft.server.leaderelection.pre-vote = false (custom)
2022-09-21 13:02:21,509 [f4daeadc-7069-45ca-9aa4-afb858e2644b@group-AACED19167E8-FollowerState] INFO  impl.RoleInfo (RoleInfo.java:updateAndGet(139)) - f4daeadc-7069-45ca-9aa4-afb858e2644b: start f4daeadc-7069-45ca-9aa4-afb858e2644b@group-AACED19167E8-LeaderElection6
2022-09-21 13:02:21,513 [grpc-default-executor-1] INFO  server.RaftServer$Division (RaftServerImpl.java:requestVote(1152)) - fbad121f-7a00-4224-80d2-3ba9fe33b4b1@group-7B51CA320748: receive requestVote(ELECTION, 75d0e166-84fd-47dc-81bd-aa4ae7e35728, group-7B51CA320748, 1, (t:0, i:0))
2022-09-21 13:02:21,514 [grpc-default-executor-1] INFO  impl.VoteContext (VoteContext.java:log(48)) - fbad121f-7a00-4224-80d2-3ba9fe33b4b1@group-7B51CA320748-FOLLOWER: accept ELECTION from 75d0e166-84fd-47dc-81bd-aa4ae7e35728: our priority 0 <= candidate's priority 1
2022-09-21 13:02:21,514 [grpc-default-executor-1] INFO  server.RaftServer$Division (RaftServerImpl.java:setRole(299)) - fbad121f-7a00-4224-80d2-3ba9fe33b4b1@group-7B51CA320748: changes role from  FOLLOWER to FOLLOWER at term 1 for candidate:75d0e166-84fd-47dc-81bd-aa4ae7e35728
2022-09-21 13:02:21,514 [grpc-default-executor-1] INFO  impl.RoleInfo (RoleInfo.java:shutdownFollowerState(110)) - fbad121f-7a00-4224-80d2-3ba9fe33b4b1: shutdown fbad121f-7a00-4224-80d2-3ba9fe33b4b1@group-7B51CA320748-FollowerState
2022-09-21 13:02:21,514 [grpc-default-executor-1] INFO  impl.RoleInfo (RoleInfo.java:updateAndGet(139)) - fbad121f-7a00-4224-80d2-3ba9fe33b4b1: start fbad121f-7a00-4224-80d2-3ba9fe33b4b1@group-7B51CA320748-FollowerState
2022-09-21 13:02:21,514 [fbad121f-7a00-4224-80d2-3ba9fe33b4b1@group-7B51CA320748-FollowerState] INFO  impl.FollowerState (FollowerState.java:run(152)) - fbad121f-7a00-4224-80d2-3ba9fe33b4b1@group-7B51CA320748-FollowerState was interrupted
2022-09-21 13:02:21,520 [grpc-default-executor-1] INFO  server.RaftServer$Division (RaftServerImpl.java:requestVote(1184)) - fbad121f-7a00-4224-80d2-3ba9fe33b4b1@group-7B51CA320748 replies to ELECTION vote request: 75d0e166-84fd-47dc-81bd-aa4ae7e35728<-fbad121f-7a00-4224-80d2-3ba9fe33b4b1#0:OK-t1. Peer's state: fbad121f-7a00-4224-80d2-3ba9fe33b4b1@group-7B51CA320748:t1, leader=null, voted=75d0e166-84fd-47dc-81bd-aa4ae7e35728, raftlog=fbad121f-7a00-4224-80d2-3ba9fe33b4b1@group-7B51CA320748-SegmentedRaftLog:OPENED:c-1, conf=-1: [fbad121f-7a00-4224-80d2-3ba9fe33b4b1|rpc:10.1.0.12:43967|priority:0, f4daeadc-7069-45ca-9aa4-afb858e2644b|rpc:10.1.0.12:45647|priority:0, 75d0e166-84fd-47dc-81bd-aa4ae7e35728|rpc:10.1.0.12:40701|priority:1], old=null
2022-09-21 13:02:21,528 [75d0e166-84fd-47dc-81bd-aa4ae7e35728@group-7B51CA320748-LeaderElection5] INFO  impl.LeaderElection (LeaderElection.java:logAndReturn(90)) - 75d0e166-84fd-47dc-81bd-aa4ae7e35728@group-7B51CA320748-LeaderElection5: ELECTION PASSED received 1 response(s) and 0 exception(s):
2022-09-21 13:02:21,528 [75d0e166-84fd-47dc-81bd-aa4ae7e35728@group-7B51CA320748-LeaderElection5] INFO  impl.LeaderElection (LeaderElection.java:logAndReturn(94)) -   Response 0: 75d0e166-84fd-47dc-81bd-aa4ae7e35728<-fbad121f-7a00-4224-80d2-3ba9fe33b4b1#0:OK-t1
2022-09-21 13:02:21,528 [75d0e166-84fd-47dc-81bd-aa4ae7e35728@group-7B51CA320748-LeaderElection5] INFO  impl.LeaderElection (LeaderElection.java:askForVotes(312)) - 75d0e166-84fd-47dc-81bd-aa4ae7e35728@group-7B51CA320748-LeaderElection5 ELECTION round 0: result PASSED
2022-09-21 13:02:21,528 [75d0e166-84fd-47dc-81bd-aa4ae7e35728@group-7B51CA320748-LeaderElection5] INFO  impl.RoleInfo (RoleInfo.java:shutdownLeaderElection(130)) - 75d0e166-84fd-47dc-81bd-aa4ae7e35728: shutdown 75d0e166-84fd-47dc-81bd-aa4ae7e35728@group-7B51CA320748-LeaderElection5
2022-09-21 13:02:21,530 [75d0e166-84fd-47dc-81bd-aa4ae7e35728@group-7B51CA320748-LeaderElection5] INFO  server.RaftServer$Division (RaftServerImpl.java:setRole(299)) - 75d0e166-84fd-47dc-81bd-aa4ae7e35728@group-7B51CA320748: changes role from CANDIDATE to LEADER at term 1 for changeToLeader
2022-09-21 13:02:21,530 [75d0e166-84fd-47dc-81bd-aa4ae7e35728@group-7B51CA320748-LeaderElection5] INFO  ratis.XceiverServerRatis (XceiverServerRatis.java:handleLeaderChangedNotification(863)) - Leader change notification received for group: group-7B51CA320748 with new leaderId: 75d0e166-84fd-47dc-81bd-aa4ae7e35728
2022-09-21 13:02:21,530 [75d0e166-84fd-47dc-81bd-aa4ae7e35728@group-7B51CA320748-LeaderElection5] INFO  server.RaftServer$Division (ServerState.java:setLeader(287)) - 75d0e166-84fd-47dc-81bd-aa4ae7e35728@group-7B51CA320748: change Leader from null to 75d0e166-84fd-47dc-81bd-aa4ae7e35728 at term 1 for becomeLeader, leader elected after 5142ms
2022-09-21 13:02:21,530 [75d0e166-84fd-47dc-81bd-aa4ae7e35728@group-7B51CA320748-LeaderElection5] INFO  server.RaftServerConfigKeys (ConfUtils.java:logGet(46)) - raft.server.staging.catchup.gap = 1000 (default)
2022-09-21 13:02:21,530 [75d0e166-84fd-47dc-81bd-aa4ae7e35728@group-7B51CA320748-LeaderElection5] INFO  server.RaftServerConfigKeys (ConfUtils.java:logGet(46)) - raft.server.write.element-limit = 1024 (custom)
2022-09-21 13:02:21,530 [75d0e166-84fd-47dc-81bd-aa4ae7e35728@group-7B51CA320748-LeaderElection5] INFO  server.RaftServerConfigKeys (ConfUtils.java:logGet(46)) - raft.server.write.byte-limit = 1024 M (=1073741824) (custom)
2022-09-21 13:02:21,531 [75d0e166-84fd-47dc-81bd-aa4ae7e35728@group-7B51CA320748-LeaderElection5] INFO  server.RaftServerConfigKeys (ConfUtils.java:logGet(46)) - raft.server.watch.timeout = 180s (custom)
2022-09-21 13:02:21,531 [75d0e166-84fd-47dc-81bd-aa4ae7e35728@group-7B51CA320748-LeaderElection5] INFO  server.RaftServerConfigKeys (ConfUtils.java:logGet(46)) - raft.server.watch.timeout.denomination = 1s (default)
2022-09-21 13:02:21,531 [75d0e166-84fd-47dc-81bd-aa4ae7e35728@group-7B51CA320748-LeaderElection5] INFO  server.RaftServerConfigKeys (ConfUtils.java:logGet(46)) - raft.server.watch.element-limit = 65536 (default)
2022-09-21 13:02:21,531 [75d0e166-84fd-47dc-81bd-aa4ae7e35728@group-7B51CA320748-LeaderElection5] INFO  server.RaftServerConfigKeys (ConfUtils.java:logGet(46)) - raft.server.write.element-limit = 1024 (custom)
2022-09-21 13:02:21,531 [75d0e166-84fd-47dc-81bd-aa4ae7e35728@group-7B51CA320748-LeaderElection5] INFO  server.RaftServerConfigKeys (ConfUtils.java:logGet(46)) - raft.server.write.follower.gap.ratio.max = -1.0 (default)
2022-09-21 13:02:21,534 [f4daeadc-7069-45ca-9aa4-afb858e2644b@group-AACED19167E8-LeaderElection6] INFO  impl.LeaderElection (LeaderElection.java:askForVotes(310)) - f4daeadc-7069-45ca-9aa4-afb858e2644b@group-AACED19167E8-LeaderElection6 ELECTION round 0: submit vote requests at term 1 for -1: [f4daeadc-7069-45ca-9aa4-afb858e2644b|rpc:10.1.0.12:45647|priority:1], old=null
2022-09-21 13:02:21,540 [f4daeadc-7069-45ca-9aa4-afb858e2644b@group-AACED19167E8-LeaderElection6] INFO  impl.LeaderElection (LeaderElection.java:askForVotes(312)) - f4daeadc-7069-45ca-9aa4-afb858e2644b@group-AACED19167E8-LeaderElection6 ELECTION round 0: result PASSED (term=1)
2022-09-21 13:02:21,540 [f4daeadc-7069-45ca-9aa4-afb858e2644b@group-AACED19167E8-LeaderElection6] INFO  impl.RoleInfo (RoleInfo.java:shutdownLeaderElection(130)) - f4daeadc-7069-45ca-9aa4-afb858e2644b: shutdown f4daeadc-7069-45ca-9aa4-afb858e2644b@group-AACED19167E8-LeaderElection6
2022-09-21 13:02:21,540 [f4daeadc-7069-45ca-9aa4-afb858e2644b@group-AACED19167E8-LeaderElection6] INFO  server.RaftServer$Division (RaftServerImpl.java:setRole(299)) - f4daeadc-7069-45ca-9aa4-afb858e2644b@group-AACED19167E8: changes role from CANDIDATE to LEADER at term 1 for changeToLeader
2022-09-21 13:02:21,540 [f4daeadc-7069-45ca-9aa4-afb858e2644b@group-AACED19167E8-LeaderElection6] INFO  ratis.XceiverServerRatis (XceiverServerRatis.java:handleLeaderChangedNotification(863)) - Leader change notification received for group: group-AACED19167E8 with new leaderId: f4daeadc-7069-45ca-9aa4-afb858e2644b
2022-09-21 13:02:21,538 [f4daeadc-7069-45ca-9aa4-afb858e2644b@group-7B51CA320748-FollowerState] INFO  impl.FollowerState (FollowerState.java:run(143)) - f4daeadc-7069-45ca-9aa4-afb858e2644b@group-7B51CA320748-FollowerState: change to CANDIDATE, lastRpcElapsedTime:5154198796ns, electionTimeout:5153ms
2022-09-21 13:02:21,536 [EventQueue-PipelineReportForPipelineReportHandler] INFO  pipeline.PipelineManagerImpl (PipelineManagerImpl.java:openPipeline(367)) - Pipeline Pipeline[ Id: 845e9e8f-fd38-46b7-9369-7b51ca320748, Nodes: f4daeadc-7069-45ca-9aa4-afb858e2644b{ip: 10.1.0.12, host: fv-az334-292.zg0gw54pbdoexfhqlmz30d51na.gx.internal.cloudapp.net, ports: [REPLICATION=35081, RATIS=45647, RATIS_ADMIN=45647, RATIS_SERVER=45647, STANDALONE=39495], networkLocation: /default-rack, certSerialId: null, persistedOpState: IN_SERVICE, persistedOpStateExpiryEpochSec: 0}fbad121f-7a00-4224-80d2-3ba9fe33b4b1{ip: 10.1.0.12, host: fv-az334-292.zg0gw54pbdoexfhqlmz30d51na.gx.internal.cloudapp.net, ports: [REPLICATION=44715, RATIS=43967, RATIS_ADMIN=43967, RATIS_SERVER=43967, STANDALONE=38875], networkLocation: /default-rack, certSerialId: null, persistedOpState: IN_SERVICE, persistedOpStateExpiryEpochSec: 0}75d0e166-84fd-47dc-81bd-aa4ae7e35728{ip: 10.1.0.12, host: fv-az334-292.zg0gw54pbdoexfhqlmz30d51na.gx.internal.cloudapp.net, ports: [REPLICATION=45381, RATIS=40701, RATIS_ADMIN=40701, RATIS_SERVER=40701, STANDALONE=37895], networkLocation: /default-rack, certSerialId: null, persistedOpState: IN_SERVICE, persistedOpStateExpiryEpochSec: 0}, ReplicationConfig: RATIS/THREE, State:ALLOCATED, leaderId:75d0e166-84fd-47dc-81bd-aa4ae7e35728, CreationTimestamp2022-09-21T13:02:13.420Z[Etc/UTC]] moved to OPEN state
2022-09-21 13:02:21,541 [f4daeadc-7069-45ca-9aa4-afb858e2644b@group-7B51CA320748-FollowerState] INFO  impl.RoleInfo (RoleInfo.java:shutdownFollowerState(110)) - f4daeadc-7069-45ca-9aa4-afb858e2644b: shutdown f4daeadc-7069-45ca-9aa4-afb858e2644b@group-7B51CA320748-FollowerState
2022-09-21 13:02:21,541 [f4daeadc-7069-45ca-9aa4-afb858e2644b@group-7B51CA320748-FollowerState] INFO  server.RaftServer$Division (RaftServerImpl.java:setRole(299)) - f4daeadc-7069-45ca-9aa4-afb858e2644b@group-7B51CA320748: changes role from  FOLLOWER to CANDIDATE at term 0 for changeToCandidate
2022-09-21 13:02:21,535 [EventQueue-OpenPipelineForHealthyPipelineSafeModeRule] INFO  safemode.SCMSafeModeManager (HealthyPipelineSafeModeRule.java:process(137)) - SCM in safe mode. Healthy pipelines reported count is 0, required healthy pipeline reported count is 1
2022-09-21 13:02:21,542 [f4daeadc-7069-45ca-9aa4-afb858e2644b@group-7B51CA320748-FollowerState] INFO  server.RaftServerConfigKeys (ConfUtils.java:logGet(46)) - raft.server.leaderelection.pre-vote = false (custom)
2022-09-21 13:02:21,543 [EventQueue-OpenPipelineForHealthyPipelineSafeModeRule] INFO  safemode.SCMSafeModeManager (HealthyPipelineSafeModeRule.java:process(137)) - SCM in safe mode. Healthy pipelines reported count is 1, required healthy pipeline reported count is 1
2022-09-21 13:02:21,544 [f4daeadc-7069-45ca-9aa4-afb858e2644b@group-7B51CA320748-FollowerState] INFO  impl.RoleInfo (RoleInfo.java:updateAndGet(139)) - f4daeadc-7069-45ca-9aa4-afb858e2644b: start f4daeadc-7069-45ca-9aa4-afb858e2644b@group-7B51CA320748-LeaderElection7
2022-09-21 13:02:21,544 [EventQueue-OpenPipelineForHealthyPipelineSafeModeRule] INFO  safemode.SCMSafeModeManager (SCMSafeModeManager.java:validateSafeModeExitRules(204)) - HealthyPipelineSafeModeRule rule is successfully validated
2022-09-21 13:02:21,544 [EventQueue-OpenPipelineForHealthyPipelineSafeModeRule] INFO  safemode.SCMSafeModeManager (SCMSafeModeManager.java:validateSafeModeExitRules(219)) - ScmSafeModeManager, all rules are successfully validated
2022-09-21 13:02:21,544 [EventQueue-OpenPipelineForHealthyPipelineSafeModeRule] INFO  safemode.SCMSafeModeManager (SCMSafeModeManager.java:exitSafeMode(248)) - SCM exiting safe mode.
2022-09-21 13:02:21,541 [f4daeadc-7069-45ca-9aa4-afb858e2644b@group-AACED19167E8-LeaderElection6] INFO  server.RaftServer$Division (ServerState.java:setLeader(287)) - f4daeadc-7069-45ca-9aa4-afb858e2644b@group-AACED19167E8: change Leader from null to f4daeadc-7069-45ca-9aa4-afb858e2644b at term 1 for becomeLeader, leader elected after 5116ms
2022-09-21 13:02:21,544 [EventQueue-OpenPipelineForHealthyPipelineSafeModeRule] WARN  events.EventQueue (EventQueue.java:fireEvent(216)) - No event handler registered for event TypedEvent{payloadType=SafeModeStatus, name='Safe mode status'}
2022-09-21 13:02:21,544 [f4daeadc-7069-45ca-9aa4-afb858e2644b@group-AACED19167E8-LeaderElection6] INFO  server.RaftServerConfigKeys (ConfUtils.java:logGet(46)) - raft.server.staging.catchup.gap = 1000 (default)
2022-09-21 13:02:21,544 [EventQueue-OpenPipelineForHealthyPipelineSafeModeRule] INFO  ha.SCMContext (SCMContext.java:updateSafeModeStatus(228)) - Update SafeModeStatus from SafeModeStatus{safeModeStatus=true, preCheckPassed=true} to SafeModeStatus{safeModeStatus=false, preCheckPassed=true}.
2022-09-21 13:02:21,544 [EventQueue-OpenPipelineForHealthyPipelineSafeModeRule] INFO  pipeline.BackgroundPipelineCreator (BackgroundPipelineCreator.java:notifyStatusChanged(254)) - Service BackgroundPipelineCreator transitions to RUNNING.
2022-09-21 13:02:21,544 [EventQueue-OpenPipelineForHealthyPipelineSafeModeRule] INFO  BackgroundPipelineScrubber (BackgroundSCMService.java:notifyStatusChanged(82)) - Service BackgroundPipelineScrubber transitions to RUNNING.
2022-09-21 13:02:21,544 [EventQueue-OpenPipelineForHealthyPipelineSafeModeRule] INFO  ExpiredContainerReplicaOpScrubber (BackgroundSCMService.java:notifyStatusChanged(82)) - Service ExpiredContainerReplicaOpScrubber transitions to RUNNING.
2022-09-21 13:02:21,544 [EventQueue-OpenPipelineForHealthyPipelineSafeModeRule] INFO  replication.ReplicationManager (ReplicationManager.java:notifyStatusChanged(723)) - Service ReplicationManager transitions to RUNNING.
2022-09-21 13:02:21,549 [EventQueue-OpenPipelineForHealthyPipelineSafeModeRule] WARN  balancer.ContainerBalancer (ContainerBalancer.java:shouldRun(925)) - Could not find persisted configuration for ContainerBalancer when checking if ContainerBalancer should run. ContainerBalancer should not run now.
2022-09-21 13:02:21,556 [f4daeadc-7069-45ca-9aa4-afb858e2644b@group-AACED19167E8-LeaderElection6] INFO  server.RaftServerConfigKeys (ConfUtils.java:logGet(46)) - raft.server.write.element-limit = 1024 (custom)
2022-09-21 13:02:21,556 [f4daeadc-7069-45ca-9aa4-afb858e2644b@group-AACED19167E8-LeaderElection6] INFO  server.RaftServerConfigKeys (ConfUtils.java:logGet(46)) - raft.server.write.byte-limit = 1024 M (=1073741824) (custom)
2022-09-21 13:02:21,556 [f4daeadc-7069-45ca-9aa4-afb858e2644b@group-AACED19167E8-LeaderElection6] INFO  server.RaftServerConfigKeys (ConfUtils.java:logGet(46)) - raft.server.watch.timeout = 180s (custom)
2022-09-21 13:02:21,556 [f4daeadc-7069-45ca-9aa4-afb858e2644b@group-AACED19167E8-LeaderElection6] INFO  server.RaftServerConfigKeys (ConfUtils.java:logGet(46)) - raft.server.watch.timeout.denomination = 1s (default)
2022-09-21 13:02:21,556 [f4daeadc-7069-45ca-9aa4-afb858e2644b@group-AACED19167E8-LeaderElection6] INFO  server.RaftServerConfigKeys (ConfUtils.java:logGet(46)) - raft.server.watch.element-limit = 65536 (default)
2022-09-21 13:02:21,556 [75d0e166-84fd-47dc-81bd-aa4ae7e35728@group-7B51CA320748-LeaderElection5] INFO  server.RaftServerConfigKeys (ConfUtils.java:logGet(46)) - raft.server.log.appender.snapshot.chunk.size.max = 16MB (=16777216) (default)
2022-09-21 13:02:21,556 [grpc-default-executor-1] INFO  server.RaftServer$Division (RaftServerImpl.java:requestVote(1152)) - f4daeadc-7069-45ca-9aa4-afb858e2644b@group-7B51CA320748: receive requestVote(ELECTION, 75d0e166-84fd-47dc-81bd-aa4ae7e35728, group-7B51CA320748, 1, (t:0, i:0))
2022-09-21 13:02:21,556 [75d0e166-84fd-47dc-81bd-aa4ae7e35728@group-7B51CA320748-LeaderElection5] INFO  server.RaftServerConfigKeys (ConfUtils.java:logGet(46)) - raft.server.log.appender.buffer.byte-limit = 33554432 (custom)
2022-09-21 13:02:21,556 [f4daeadc-7069-45ca-9aa4-afb858e2644b@group-AACED19167E8-LeaderElection6] INFO  server.RaftServerConfigKeys (ConfUtils.java:logGet(46)) - raft.server.write.element-limit = 1024 (custom)
2022-09-21 13:02:21,556 [f4daeadc-7069-45ca-9aa4-afb858e2644b@group-AACED19167E8-LeaderElection6] INFO  server.RaftServerConfigKeys (ConfUtils.java:logGet(46)) - raft.server.write.follower.gap.ratio.max = -1.0 (default)
2022-09-21 13:02:21,556 [f4daeadc-7069-45ca-9aa4-afb858e2644b@group-AACED19167E8-LeaderElection6] INFO  impl.RoleInfo (RoleInfo.java:updateAndGet(139)) - f4daeadc-7069-45ca-9aa4-afb858e2644b: start f4daeadc-7069-45ca-9aa4-afb858e2644b@group-AACED19167E8-LeaderStateImpl
2022-09-21 13:02:21,556 [75d0e166-84fd-47dc-81bd-aa4ae7e35728@group-7B51CA320748-LeaderElection5] INFO  server.RaftServerConfigKeys (ConfUtils.java:logGet(46)) - raft.server.log.appender.buffer.element-limit = 1 (custom)
2022-09-21 13:02:21,557 [f4daeadc-7069-45ca-9aa4-afb858e2644b@group-AACED19167E8-LeaderElection6] INFO  segmented.SegmentedRaftLogWorker (SegmentedRaftLogWorker.java:startLogSegment(425)) - f4daeadc-7069-45ca-9aa4-afb858e2644b@group-AACED19167E8-SegmentedRaftLogWorker: Starting segment from index:0
2022-09-21 13:02:21,558 [f4daeadc-7069-45ca-9aa4-afb858e2644b@group-AACED19167E8-SegmentedRaftLogWorker] INFO  segmented.SegmentedRaftLogWorker (SegmentedRaftLogWorker.java:execute(629)) - f4daeadc-7069-45ca-9aa4-afb858e2644b@group-AACED19167E8-SegmentedRaftLogWorker: created new log segment /home/runner/work/ozone/ozone/hadoop-ozone/integration-test/target/test-dir/MiniOzoneClusterImpl-5e569bcc-b975-4850-9644-8f3a71d45aaa/datanode-2/data/ratis/77404845-b457-4d5b-a5f1-aaced19167e8/current/log_inprogress_0
2022-09-21 13:02:21,562 [75d0e166-84fd-47dc-81bd-aa4ae7e35728@group-7B51CA320748-LeaderElection5] INFO  grpc.GrpcConfigKeys (ConfUtils.java:logGet(46)) - raft.grpc.server.leader.outstanding.appends.max = 128 (default)
2022-09-21 13:02:21,563 [75d0e166-84fd-47dc-81bd-aa4ae7e35728@group-7B51CA320748-LeaderElection5] INFO  server.RaftServerConfigKeys (ConfUtils.java:logGet(46)) - raft.server.rpc.request.timeout = 60s (custom)
2022-09-21 13:02:21,563 [75d0e166-84fd-47dc-81bd-aa4ae7e35728@group-7B51CA320748-LeaderElection5] INFO  server.RaftServerConfigKeys (ConfUtils.java:logGet(46)) - raft.server.log.appender.install.snapshot.enabled = false (custom)
2022-09-21 13:02:21,568 [f4daeadc-7069-45ca-9aa4-afb858e2644b@group-AACED19167E8-LeaderElection6] INFO  server.RaftServer$Division (ServerState.java:setRaftConf(393)) - f4daeadc-7069-45ca-9aa4-afb858e2644b@group-AACED19167E8: set configuration 0: [f4daeadc-7069-45ca-9aa4-afb858e2644b|rpc:10.1.0.12:45647|dataStream:|priority:1], old=null
2022-09-21 13:02:21,568 [grpc-default-executor-1] INFO  impl.VoteContext (VoteContext.java:log(48)) - f4daeadc-7069-45ca-9aa4-afb858e2644b@group-7B51CA320748-CANDIDATE: accept ELECTION from 75d0e166-84fd-47dc-81bd-aa4ae7e35728: our priority 0 <= candidate's priority 1
2022-09-21 13:02:21,568 [grpc-default-executor-1] INFO  server.RaftServer$Division (RaftServerImpl.java:setRole(299)) - f4daeadc-7069-45ca-9aa4-afb858e2644b@group-7B51CA320748: changes role from CANDIDATE to FOLLOWER at term 1 for candidate:75d0e166-84fd-47dc-81bd-aa4ae7e35728
2022-09-21 13:02:21,568 [75d0e166-84fd-47dc-81bd-aa4ae7e35728@group-7B51CA320748-LeaderElection5] INFO  server.RaftServerConfigKeys (ConfUtils.java:logGet(46)) - raft.server.log.appender.snapshot.chunk.size.max = 16MB (=16777216) (default)
2022-09-21 13:02:21,568 [grpc-default-executor-1] INFO  impl.RoleInfo (RoleInfo.java:shutdownLeaderElection(130)) - f4daeadc-7069-45ca-9aa4-afb858e2644b: shutdown f4daeadc-7069-45ca-9aa4-afb858e2644b@group-7B51CA320748-LeaderElection7
2022-09-21 13:02:21,569 [grpc-default-executor-1] INFO  impl.RoleInfo (RoleInfo.java:updateAndGet(139)) - f4daeadc-7069-45ca-9aa4-afb858e2644b: start f4daeadc-7069-45ca-9aa4-afb858e2644b@group-7B51CA320748-FollowerState
2022-09-21 13:02:21,574 [75d0e166-84fd-47dc-81bd-aa4ae7e35728@group-7B51CA320748-LeaderElection5] INFO  server.RaftServerConfigKeys (ConfUtils.java:logGet(46)) - raft.server.log.appender.buffer.byte-limit = 33554432 (custom)
2022-09-21 13:02:21,574 [75d0e166-84fd-47dc-81bd-aa4ae7e35728@group-7B51CA320748-LeaderElection5] INFO  server.RaftServerConfigKeys (ConfUtils.java:logGet(46)) - raft.server.log.appender.buffer.element-limit = 1 (custom)
2022-09-21 13:02:21,574 [75d0e166-84fd-47dc-81bd-aa4ae7e35728@group-7B51CA320748-LeaderElection5] INFO  grpc.GrpcConfigKeys (ConfUtils.java:logGet(46)) - raft.grpc.server.leader.outstanding.appends.max = 128 (default)
2022-09-21 13:02:21,574 [75d0e166-84fd-47dc-81bd-aa4ae7e35728@group-7B51CA320748-LeaderElection5] INFO  server.RaftServerConfigKeys (ConfUtils.java:logGet(46)) - raft.server.rpc.request.timeout = 60s (custom)
2022-09-21 13:02:21,574 [75d0e166-84fd-47dc-81bd-aa4ae7e35728@group-7B51CA320748-LeaderElection5] INFO  server.RaftServerConfigKeys (ConfUtils.java:logGet(46)) - raft.server.log.appender.install.snapshot.enabled = false (custom)
2022-09-21 13:02:21,575 [grpc-default-executor-1] INFO  server.RaftServer$Division (RaftServerImpl.java:requestVote(1184)) - f4daeadc-7069-45ca-9aa4-afb858e2644b@group-7B51CA320748 replies to ELECTION vote request: 75d0e166-84fd-47dc-81bd-aa4ae7e35728<-f4daeadc-7069-45ca-9aa4-afb858e2644b#0:OK-t1. Peer's state: f4daeadc-7069-45ca-9aa4-afb858e2644b@group-7B51CA320748:t1, leader=null, voted=75d0e166-84fd-47dc-81bd-aa4ae7e35728, raftlog=f4daeadc-7069-45ca-9aa4-afb858e2644b@group-7B51CA320748-SegmentedRaftLog:OPENED:c-1, conf=-1: [fbad121f-7a00-4224-80d2-3ba9fe33b4b1|rpc:10.1.0.12:43967|dataStream:|priority:0, f4daeadc-7069-45ca-9aa4-afb858e2644b|rpc:10.1.0.12:45647|dataStream:|priority:0, 75d0e166-84fd-47dc-81bd-aa4ae7e35728|rpc:10.1.0.12:40701|dataStream:|priority:1], old=null
2022-09-21 13:02:21,579 [75d0e166-84fd-47dc-81bd-aa4ae7e35728@group-7B51CA320748-LeaderElection5] INFO  impl.RoleInfo (RoleInfo.java:updateAndGet(139)) - 75d0e166-84fd-47dc-81bd-aa4ae7e35728: start 75d0e166-84fd-47dc-81bd-aa4ae7e35728@group-7B51CA320748-LeaderStateImpl
2022-09-21 13:02:21,579 [75d0e166-84fd-47dc-81bd-aa4ae7e35728@group-7B51CA320748-LeaderElection5] INFO  segmented.SegmentedRaftLogWorker (SegmentedRaftLogWorker.java:startLogSegment(425)) - 75d0e166-84fd-47dc-81bd-aa4ae7e35728@group-7B51CA320748-SegmentedRaftLogWorker: Starting segment from index:0
2022-09-21 13:02:21,580 [75d0e166-84fd-47dc-81bd-aa4ae7e35728@group-7B51CA320748-SegmentedRaftLogWorker] INFO  segmented.SegmentedRaftLogWorker (SegmentedRaftLogWorker.java:execute(629)) - 75d0e166-84fd-47dc-81bd-aa4ae7e35728@group-7B51CA320748-SegmentedRaftLogWorker: created new log segment /home/runner/work/ozone/ozone/hadoop-ozone/integration-test/target/test-dir/MiniOzoneClusterImpl-5e569bcc-b975-4850-9644-8f3a71d45aaa/datanode-1/data/ratis/845e9e8f-fd38-46b7-9369-7b51ca320748/current/log_inprogress_0
2022-09-21 13:02:21,591 [75d0e166-84fd-47dc-81bd-aa4ae7e35728@group-7B51CA320748-LeaderElection5] INFO  server.RaftServer$Division (ServerState.java:setRaftConf(393)) - 75d0e166-84fd-47dc-81bd-aa4ae7e35728@group-7B51CA320748: set configuration 0: [fbad121f-7a00-4224-80d2-3ba9fe33b4b1|rpc:10.1.0.12:43967|dataStream:|priority:0, f4daeadc-7069-45ca-9aa4-afb858e2644b|rpc:10.1.0.12:45647|dataStream:|priority:0, 75d0e166-84fd-47dc-81bd-aa4ae7e35728|rpc:10.1.0.12:40701|dataStream:|priority:1], old=null
2022-09-21 13:02:21,610 [fbad121f-7a00-4224-80d2-3ba9fe33b4b1-server-thread1] INFO  ratis.XceiverServerRatis (XceiverServerRatis.java:handleLeaderChangedNotification(863)) - Leader change notification received for group: group-7B51CA320748 with new leaderId: 75d0e166-84fd-47dc-81bd-aa4ae7e35728
2022-09-21 13:02:21,610 [fbad121f-7a00-4224-80d2-3ba9fe33b4b1-server-thread1] INFO  server.RaftServer$Division (ServerState.java:setLeader(287)) - fbad121f-7a00-4224-80d2-3ba9fe33b4b1@group-7B51CA320748: change Leader from null to 75d0e166-84fd-47dc-81bd-aa4ae7e35728 at term 1 for appendEntries, leader elected after 5284ms
2022-09-21 13:02:21,611 [f4daeadc-7069-45ca-9aa4-afb858e2644b-server-thread1] INFO  ratis.XceiverServerRatis (XceiverServerRatis.java:handleLeaderChangedNotification(863)) - Leader change notification received for group: group-7B51CA320748 with new leaderId: 75d0e166-84fd-47dc-81bd-aa4ae7e35728
2022-09-21 13:02:21,612 [f4daeadc-7069-45ca-9aa4-afb858e2644b-server-thread1] INFO  server.RaftServer$Division (ServerState.java:setLeader(287)) - f4daeadc-7069-45ca-9aa4-afb858e2644b@group-7B51CA320748: change Leader from null to 75d0e166-84fd-47dc-81bd-aa4ae7e35728 at term 1 for appendEntries, leader elected after 5245ms
2022-09-21 13:02:21,621 [fbad121f-7a00-4224-80d2-3ba9fe33b4b1-server-thread1] INFO  server.RaftServer$Division (ServerState.java:setRaftConf(393)) - fbad121f-7a00-4224-80d2-3ba9fe33b4b1@group-7B51CA320748: set configuration 0: [fbad121f-7a00-4224-80d2-3ba9fe33b4b1|rpc:10.1.0.12:43967|dataStream:|priority:0, f4daeadc-7069-45ca-9aa4-afb858e2644b|rpc:10.1.0.12:45647|dataStream:|priority:0, 75d0e166-84fd-47dc-81bd-aa4ae7e35728|rpc:10.1.0.12:40701|dataStream:|priority:1], old=null
2022-09-21 13:02:21,621 [fbad121f-7a00-4224-80d2-3ba9fe33b4b1-server-thread1] INFO  segmented.SegmentedRaftLogWorker (SegmentedRaftLogWorker.java:startLogSegment(425)) - fbad121f-7a00-4224-80d2-3ba9fe33b4b1@group-7B51CA320748-SegmentedRaftLogWorker: Starting segment from index:0
2022-09-21 13:02:21,623 [fbad121f-7a00-4224-80d2-3ba9fe33b4b1@group-7B51CA320748-SegmentedRaftLogWorker] INFO  segmented.SegmentedRaftLogWorker (SegmentedRaftLogWorker.java:execute(629)) - fbad121f-7a00-4224-80d2-3ba9fe33b4b1@group-7B51CA320748-SegmentedRaftLogWorker: created new log segment /home/runner/work/ozone/ozone/hadoop-ozone/integration-test/target/test-dir/MiniOzoneClusterImpl-5e569bcc-b975-4850-9644-8f3a71d45aaa/datanode-0/data/ratis/845e9e8f-fd38-46b7-9369-7b51ca320748/current/log_inprogress_0
2022-09-21 13:02:21,628 [f4daeadc-7069-45ca-9aa4-afb858e2644b-server-thread1] INFO  server.RaftServer$Division (ServerState.java:setRaftConf(393)) - f4daeadc-7069-45ca-9aa4-afb858e2644b@group-7B51CA320748: set configuration 0: [fbad121f-7a00-4224-80d2-3ba9fe33b4b1|rpc:10.1.0.12:43967|dataStream:|priority:0, f4daeadc-7069-45ca-9aa4-afb858e2644b|rpc:10.1.0.12:45647|dataStream:|priority:0, 75d0e166-84fd-47dc-81bd-aa4ae7e35728|rpc:10.1.0.12:40701|dataStream:|priority:1], old=null
2022-09-21 13:02:21,629 [f4daeadc-7069-45ca-9aa4-afb858e2644b-server-thread1] INFO  segmented.SegmentedRaftLogWorker (SegmentedRaftLogWorker.java:startLogSegment(425)) - f4daeadc-7069-45ca-9aa4-afb858e2644b@group-7B51CA320748-SegmentedRaftLogWorker: Starting segment from index:0
2022-09-21 13:02:21,630 [f4daeadc-7069-45ca-9aa4-afb858e2644b@group-7B51CA320748-SegmentedRaftLogWorker] INFO  segmented.SegmentedRaftLogWorker (SegmentedRaftLogWorker.java:execute(629)) - f4daeadc-7069-45ca-9aa4-afb858e2644b@group-7B51CA320748-SegmentedRaftLogWorker: created new log segment /home/runner/work/ozone/ozone/hadoop-ozone/integration-test/target/test-dir/MiniOzoneClusterImpl-5e569bcc-b975-4850-9644-8f3a71d45aaa/datanode-2/data/ratis/845e9e8f-fd38-46b7-9369-7b51ca320748/current/log_inprogress_0
2022-09-21 13:02:22,413 [Listener at 127.0.0.1/41979] INFO  ozone.MiniOzoneClusterImpl (MiniOzoneClusterImpl.java:lambda$waitForClusterToBeReady$0(216)) - Nodes are ready. Got 3 of 3 DN Heartbeats.
2022-09-21 13:02:22,413 [Listener at 127.0.0.1/41979] INFO  ozone.MiniOzoneClusterImpl (MiniOzoneClusterImpl.java:lambda$waitForClusterToBeReady$0(219)) - Cluster exits safe mode
2022-09-21 13:02:22,413 [Listener at 127.0.0.1/41979] INFO  ozone.MiniOzoneClusterImpl (MiniOzoneClusterImpl.java:lambda$waitForClusterToBeReady$0(221)) - SCM became leader
2022-09-21 13:02:22,862 [Listener at 127.0.0.1/41979] INFO  rpc.RpcClient (RpcClient.java:createVolume(471)) - Creating Volume: volume01068, with user17296 as owner and space quota set to -1 bytes, counts quota set to -1
2022-09-21 13:02:22,904 [OM StateMachine ApplyTransaction Thread - 0] INFO  volume.OMVolumeCreateRequest (OMVolumeCreateRequest.java:validateAndUpdateCache(195)) - created volume:volume01068 for user:user17296
2022-09-21 13:02:22,926 [Listener at 127.0.0.1/41979] INFO  rpc.RpcClient (RpcClient.java:createBucket(674)) - Creating Bucket: volume01068/bucket61512, with bucket layout FILE_SYSTEM_OPTIMIZED, runner as owner, Versioning false, Storage Type set to DISK and Encryption set to false 
2022-09-21 13:02:22,942 [OM StateMachine ApplyTransaction Thread - 0] INFO  bucket.OMBucketCreateRequest (OMBucketCreateRequest.java:validateAndUpdateCache(260)) - created bucket: bucket61512 of layout FILE_SYSTEM_OPTIMIZED in volume: volume01068
2022-09-21 13:02:23,150 [Listener at 127.0.0.1/41979] INFO  ozone.TestDirectoryDeletingServiceWithFSO (TestDirectoryDeletingServiceWithFSO.java:assertTableRowCount(297)) - deletedDirectoryTable actual row count=0, expectedCount=0
2022-09-21 13:02:23,150 [Listener at 127.0.0.1/41979] INFO  ozone.TestDirectoryDeletingServiceWithFSO (TestDirectoryDeletingServiceWithFSO.java:assertTableRowCount(297)) - directoryTable actual row count=0, expectedCount=2
2022-09-21 13:02:24,150 [Listener at 127.0.0.1/41979] INFO  ozone.TestDirectoryDeletingServiceWithFSO (TestDirectoryDeletingServiceWithFSO.java:assertTableRowCount(297)) - directoryTable actual row count=2, expectedCount=2
13:02:24.178 [IPC Server handler 10 on default port 41979] ERROR OMAudit - user=runner | ip=127.0.0.1 | op=GET_FILE_STATUS {volume=volume01068, bucket=bucket61512, key=rootDir/appRoot, dataSize=0, replicationConfig=null} | ret=FAILURE
org.apache.hadoop.ozone.om.exceptions.OMException: Unable to get file status: volume: volume01068 bucket: bucket61512 key: rootDir/appRoot
	at org.apache.hadoop.ozone.om.KeyManagerImpl.getOzoneFileStatusFSO(KeyManagerImpl.java:1376) ~[ozone-manager-1.3.0-SNAPSHOT.jar:?]
	at org.apache.hadoop.ozone.om.KeyManagerImpl.getFileStatus(KeyManagerImpl.java:1239) ~[ozone-manager-1.3.0-SNAPSHOT.jar:?]
	at org.apache.hadoop.ozone.om.OzoneManager.getFileStatus(OzoneManager.java:3479) ~[ozone-manager-1.3.0-SNAPSHOT.jar:?]
	at org.apache.hadoop.ozone.protocolPB.OzoneManagerRequestHandler.getOzoneFileStatus(OzoneManagerRequestHandler.java:882) ~[ozone-manager-1.3.0-SNAPSHOT.jar:?]
	at org.apache.hadoop.ozone.protocolPB.OzoneManagerRequestHandler.handleReadRequest(OzoneManagerRequestHandler.java:228) ~[ozone-manager-1.3.0-SNAPSHOT.jar:?]
	at org.apache.hadoop.ozone.protocolPB.OzoneManagerProtocolServerSideTranslatorPB.submitReadRequestToOM(OzoneManagerProtocolServerSideTranslatorPB.java:226) ~[ozone-manager-1.3.0-SNAPSHOT.jar:?]
	at org.apache.hadoop.ozone.protocolPB.OzoneManagerProtocolServerSideTranslatorPB.processRequest(OzoneManagerProtocolServerSideTranslatorPB.java:175) ~[ozone-manager-1.3.0-SNAPSHOT.jar:?]
	at org.apache.hadoop.hdds.server.OzoneProtocolMessageDispatcher.processRequest(OzoneProtocolMessageDispatcher.java:87) [hdds-server-framework-1.3.0-SNAPSHOT.jar:?]
	at org.apache.hadoop.ozone.protocolPB.OzoneManagerProtocolServerSideTranslatorPB.submitRequest(OzoneManagerProtocolServerSideTranslatorPB.java:147) [ozone-manager-1.3.0-SNAPSHOT.jar:?]
	at org.apache.hadoop.ozone.protocol.proto.OzoneManagerProtocolProtos$OzoneManagerService$2.callBlockingMethod(OzoneManagerProtocolProtos.java) [ozone-interface-client-1.3.0-SNAPSHOT.jar:?]
	at org.apache.hadoop.ipc.ProtobufRpcEngine$Server.processCall(ProtobufRpcEngine.java:466) [hadoop-common-3.3.1.jar:?]
	at org.apache.hadoop.ipc.ProtobufRpcEngine2$Server$ProtoBufRpcInvoker.call(ProtobufRpcEngine2.java:574) [hadoop-common-3.3.1.jar:?]
	at org.apache.hadoop.ipc.ProtobufRpcEngine2$Server$ProtoBufRpcInvoker.call(ProtobufRpcEngine2.java:552) [hadoop-common-3.3.1.jar:?]
	at org.apache.hadoop.ipc.RPC$Server.call(RPC.java:1093) [hadoop-common-3.3.1.jar:?]
	at org.apache.hadoop.ipc.Server$RpcCall.run(Server.java:1035) [hadoop-common-3.3.1.jar:?]
	at org.apache.hadoop.ipc.Server$RpcCall.run(Server.java:963) [hadoop-common-3.3.1.jar:?]
	at java.security.AccessController.doPrivileged(Native Method) ~[?:1.8.0_345]
	at javax.security.auth.Subject.doAs(Subject.java:422) [?:1.8.0_345]
	at org.apache.hadoop.security.UserGroupInformation.doAs(UserGroupInformation.java:1878) [hadoop-common-3.3.1.jar:?]
	at org.apache.hadoop.ipc.Server$Handler.run(Server.java:2966) [hadoop-common-3.3.1.jar:?]
2022-09-21 13:02:24,203 [Listener at 127.0.0.1/41979] WARN  ozone.BasicOzoneFileSystem (BasicOzoneFileSystem.java:getFileStatus(765)) - GetFileStatus failed for path /rootDir/appRoot
java.io.FileNotFoundException: rootDir/appRoot: No such file or directory!
	at org.apache.hadoop.fs.ozone.BasicOzoneClientAdapterImpl.getFileStatus(BasicOzoneClientAdapterImpl.java:369)
	at org.apache.hadoop.fs.ozone.BasicOzoneFileSystem.getFileStatus(BasicOzoneFileSystem.java:757)
	at org.apache.hadoop.fs.ozone.TestDirectoryDeletingServiceWithFSO.checkPath(TestDirectoryDeletingServiceWithFSO.java:307)
	at org.apache.hadoop.fs.ozone.TestDirectoryDeletingServiceWithFSO.testDeleteEmptyDirectory(TestDirectoryDeletingServiceWithFSO.java:156)
	at sun.reflect.NativeMethodAccessorImpl.invoke0(Native Method)
	at sun.reflect.NativeMethodAccessorImpl.invoke(NativeMethodAccessorImpl.java:62)
	at sun.reflect.DelegatingMethodAccessorImpl.invoke(DelegatingMethodAccessorImpl.java:43)
	at java.lang.reflect.Method.invoke(Method.java:498)
	at org.junit.platform.commons.util.ReflectionUtils.invokeMethod(ReflectionUtils.java:725)
	at org.junit.jupiter.engine.execution.MethodInvocation.proceed(MethodInvocation.java:60)
	at org.junit.jupiter.engine.execution.InvocationInterceptorChain$ValidatingInvocation.proceed(InvocationInterceptorChain.java:131)
	at org.junit.jupiter.engine.extension.TimeoutInvocation.proceed(TimeoutInvocation.java:46)
	at org.junit.jupiter.engine.extension.TimeoutExtension.intercept(TimeoutExtension.java:149)
	at org.junit.jupiter.engine.extension.TimeoutExtension.interceptTestableMethod(TimeoutExtension.java:140)
	at org.junit.jupiter.engine.extension.TimeoutExtension.interceptTestMethod(TimeoutExtension.java:84)
	at org.junit.jupiter.engine.execution.ExecutableInvoker$ReflectiveInterceptorCall.lambda$ofVoidMethod$0(ExecutableInvoker.java:115)
	at org.junit.jupiter.engine.execution.ExecutableInvoker.lambda$invoke$0(ExecutableInvoker.java:105)
	at org.junit.jupiter.engine.execution.InvocationInterceptorChain$InterceptedInvocation.proceed(InvocationInterceptorChain.java:106)
	at org.junit.jupiter.engine.execution.InvocationInterceptorChain.proceed(InvocationInterceptorChain.java:64)
	at org.junit.jupiter.engine.execution.InvocationInterceptorChain.chainAndInvoke(InvocationInterceptorChain.java:45)
	at org.junit.jupiter.engine.execution.InvocationInterceptorChain.invoke(InvocationInterceptorChain.java:37)
	at org.junit.jupiter.engine.execution.ExecutableInvoker.invoke(ExecutableInvoker.java:104)
	at org.junit.jupiter.engine.execution.ExecutableInvoker.invoke(ExecutableInvoker.java:98)
	at org.junit.jupiter.engine.descriptor.TestMethodTestDescriptor.lambda$invokeTestMethod$7(TestMethodTestDescriptor.java:214)
	at org.junit.platform.engine.support.hierarchical.ThrowableCollector.execute(ThrowableCollector.java:73)
	at org.junit.jupiter.engine.descriptor.TestMethodTestDescriptor.invokeTestMethod(TestMethodTestDescriptor.java:210)
	at org.junit.jupiter.engine.descriptor.TestMethodTestDescriptor.execute(TestMethodTestDescriptor.java:135)
	at org.junit.jupiter.engine.descriptor.TestMethodTestDescriptor.execute(TestMethodTestDescriptor.java:66)
	at org.junit.platform.engine.support.hierarchical.NodeTestTask.lambda$executeRecursively$6(NodeTestTask.java:151)
	at org.junit.platform.engine.support.hierarchical.ThrowableCollector.execute(ThrowableCollector.java:73)
	at org.junit.platform.engine.support.hierarchical.NodeTestTask.lambda$executeRecursively$8(NodeTestTask.java:141)
	at org.junit.platform.engine.support.hierarchical.Node.around(Node.java:137)
	at org.junit.platform.engine.support.hierarchical.NodeTestTask.lambda$executeRecursively$9(NodeTestTask.java:139)
	at org.junit.platform.engine.support.hierarchical.ThrowableCollector.execute(ThrowableCollector.java:73)
	at org.junit.platform.engine.support.hierarchical.NodeTestTask.executeRecursively(NodeTestTask.java:138)
	at org.junit.platform.engine.support.hierarchical.NodeTestTask.execute(NodeTestTask.java:95)
	at java.util.ArrayList.forEach(ArrayList.java:1259)
	at org.junit.platform.engine.support.hierarchical.SameThreadHierarchicalTestExecutorService.invokeAll(SameThreadHierarchicalTestExecutorService.java:41)
	at org.junit.platform.engine.support.hierarchical.NodeTestTask.lambda$executeRecursively$6(NodeTestTask.java:155)
	at org.junit.platform.engine.support.hierarchical.ThrowableCollector.execute(ThrowableCollector.java:73)
	at org.junit.platform.engine.support.hierarchical.NodeTestTask.lambda$executeRecursively$8(NodeTestTask.java:141)
	at org.junit.platform.engine.support.hierarchical.Node.around(Node.java:137)
	at org.junit.platform.engine.support.hierarchical.NodeTestTask.lambda$executeRecursively$9(NodeTestTask.java:139)
	at org.junit.platform.engine.support.hierarchical.ThrowableCollector.execute(ThrowableCollector.java:73)
	at org.junit.platform.engine.support.hierarchical.NodeTestTask.executeRecursively(NodeTestTask.java:138)
	at org.junit.platform.engine.support.hierarchical.NodeTestTask.execute(NodeTestTask.java:95)
	at java.util.ArrayList.forEach(ArrayList.java:1259)
	at org.junit.platform.engine.support.hierarchical.SameThreadHierarchicalTestExecutorService.invokeAll(SameThreadHierarchicalTestExecutorService.java:41)
	at org.junit.platform.engine.support.hierarchical.NodeTestTask.lambda$executeRecursively$6(NodeTestTask.java:155)
	at org.junit.platform.engine.support.hierarchical.ThrowableCollector.execute(ThrowableCollector.java:73)
	at org.junit.platform.engine.support.hierarchical.NodeTestTask.lambda$executeRecursively$8(NodeTestTask.java:141)
	at org.junit.platform.engine.support.hierarchical.Node.around(Node.java:137)
	at org.junit.platform.engine.support.hierarchical.NodeTestTask.lambda$executeRecursively$9(NodeTestTask.java:139)
	at org.junit.platform.engine.support.hierarchical.ThrowableCollector.execute(ThrowableCollector.java:73)
	at org.junit.platform.engine.support.hierarchical.NodeTestTask.executeRecursively(NodeTestTask.java:138)
	at org.junit.platform.engine.support.hierarchical.NodeTestTask.execute(NodeTestTask.java:95)
	at org.junit.platform.engine.support.hierarchical.SameThreadHierarchicalTestExecutorService.submit(SameThreadHierarchicalTestExecutorService.java:35)
	at org.junit.platform.engine.support.hierarchical.HierarchicalTestExecutor.execute(HierarchicalTestExecutor.java:57)
	at org.junit.platform.engine.support.hierarchical.HierarchicalTestEngine.execute(HierarchicalTestEngine.java:54)
	at org.junit.platform.launcher.core.EngineExecutionOrchestrator.execute(EngineExecutionOrchestrator.java:107)
	at org.junit.platform.launcher.core.EngineExecutionOrchestrator.execute(EngineExecutionOrchestrator.java:88)
	at org.junit.platform.launcher.core.EngineExecutionOrchestrator.lambda$execute$0(EngineExecutionOrchestrator.java:54)
	at org.junit.platform.launcher.core.EngineExecutionOrchestrator.withInterceptedStreams(EngineExecutionOrchestrator.java:67)
	at org.junit.platform.launcher.core.EngineExecutionOrchestrator.execute(EngineExecutionOrchestrator.java:52)
	at org.junit.platform.launcher.core.DefaultLauncher.execute(DefaultLauncher.java:114)
	at org.junit.platform.launcher.core.DefaultLauncher.execute(DefaultLauncher.java:86)
	at org.junit.platform.launcher.core.DefaultLauncherSession$DelegatingLauncher.execute(DefaultLauncherSession.java:86)
	at org.junit.platform.launcher.core.SessionPerRequestLauncher.execute(SessionPerRequestLauncher.java:53)
	at org.apache.maven.surefire.junitplatform.JUnitPlatformProvider.execute(JUnitPlatformProvider.java:188)
	at org.apache.maven.surefire.junitplatform.JUnitPlatformProvider.invokeAllTests(JUnitPlatformProvider.java:154)
	at org.apache.maven.surefire.junitplatform.JUnitPlatformProvider.invoke(JUnitPlatformProvider.java:124)
	at org.apache.maven.surefire.booter.ForkedBooter.runSuitesInProcess(ForkedBooter.java:428)
	at org.apache.maven.surefire.booter.ForkedBooter.execute(ForkedBooter.java:162)
	at org.apache.maven.surefire.booter.ForkedBooter.run(ForkedBooter.java:562)
	at org.apache.maven.surefire.booter.ForkedBooter.main(ForkedBooter.java:548)
2022-09-21 13:02:24,206 [Listener at 127.0.0.1/41979] INFO  ozone.TestDirectoryDeletingServiceWithFSO (TestDirectoryDeletingServiceWithFSO.java:assertTableRowCount(297)) - deletedDirectoryTable actual row count=0, expectedCount=0
2022-09-21 13:02:24,206 [Listener at 127.0.0.1/41979] INFO  ozone.TestDirectoryDeletingServiceWithFSO (TestDirectoryDeletingServiceWithFSO.java:assertTableRowCount(297)) - directoryTable actual row count=1, expectedCount=1
]]></system-out>
  </testcase>
  <testcase name="testDeleteWithMultiLevels" classname="org.apache.hadoop.fs.ozone.TestDirectoryDeletingServiceWithFSO" time="1.143">
    <system-out><![CDATA[2022-09-21 13:02:24,275 [IPC Server handler 0 on default port 38077] INFO  ha.SequenceIdGenerator (SequenceIdGenerator.java:getNextId(128)) - Allocate a batch for containerId, change lastId from 0 to 1000.
2022-09-21 13:02:24,285 [IPC Server handler 0 on default port 38077] WARN  ha.SequenceIdGenerator (SequenceIdGenerator.java:allocateBatch(237)) - Failed to allocate a batch for localId, expected lastId is 0, actual lastId is 109611004723200000.
2022-09-21 13:02:24,286 [IPC Server handler 0 on default port 38077] INFO  ha.SequenceIdGenerator (SequenceIdGenerator.java:getNextId(128)) - Allocate a batch for localId, change lastId from 109611004723200000 to 109611004723201000.
2022-09-21 13:02:24,367 [Listener at 127.0.0.1/41979] INFO  ozone.TestDirectoryDeletingServiceWithFSO (TestDirectoryDeletingServiceWithFSO.java:assertTableRowCount(297)) - deletedDirectoryTable actual row count=0, expectedCount=0
2022-09-21 13:02:24,367 [Listener at 127.0.0.1/41979] INFO  ozone.TestDirectoryDeletingServiceWithFSO (TestDirectoryDeletingServiceWithFSO.java:assertTableRowCount(297)) - directoryTable actual row count=5, expectedCount=5
2022-09-21 13:02:24,367 [Listener at 127.0.0.1/41979] INFO  ozone.TestDirectoryDeletingServiceWithFSO (TestDirectoryDeletingServiceWithFSO.java:assertTableRowCount(297)) - fileTable actual row count=3, expectedCount=3
13:02:24.377 [IPC Server handler 2 on default port 41979] ERROR OMAudit - user=runner | ip=127.0.0.1 | op=GET_FILE_STATUS {volume=volume01068, bucket=bucket61512, key=rootDir, dataSize=0, replicationConfig=null} | ret=FAILURE
org.apache.hadoop.ozone.om.exceptions.OMException: Unable to get file status: volume: volume01068 bucket: bucket61512 key: rootDir
	at org.apache.hadoop.ozone.om.KeyManagerImpl.getOzoneFileStatusFSO(KeyManagerImpl.java:1376) ~[ozone-manager-1.3.0-SNAPSHOT.jar:?]
	at org.apache.hadoop.ozone.om.KeyManagerImpl.getFileStatus(KeyManagerImpl.java:1239) ~[ozone-manager-1.3.0-SNAPSHOT.jar:?]
	at org.apache.hadoop.ozone.om.OzoneManager.getFileStatus(OzoneManager.java:3479) ~[ozone-manager-1.3.0-SNAPSHOT.jar:?]
	at org.apache.hadoop.ozone.protocolPB.OzoneManagerRequestHandler.getOzoneFileStatus(OzoneManagerRequestHandler.java:882) ~[ozone-manager-1.3.0-SNAPSHOT.jar:?]
	at org.apache.hadoop.ozone.protocolPB.OzoneManagerRequestHandler.handleReadRequest(OzoneManagerRequestHandler.java:228) ~[ozone-manager-1.3.0-SNAPSHOT.jar:?]
	at org.apache.hadoop.ozone.protocolPB.OzoneManagerProtocolServerSideTranslatorPB.submitReadRequestToOM(OzoneManagerProtocolServerSideTranslatorPB.java:226) ~[ozone-manager-1.3.0-SNAPSHOT.jar:?]
	at org.apache.hadoop.ozone.protocolPB.OzoneManagerProtocolServerSideTranslatorPB.processRequest(OzoneManagerProtocolServerSideTranslatorPB.java:175) ~[ozone-manager-1.3.0-SNAPSHOT.jar:?]
	at org.apache.hadoop.hdds.server.OzoneProtocolMessageDispatcher.processRequest(OzoneProtocolMessageDispatcher.java:87) [hdds-server-framework-1.3.0-SNAPSHOT.jar:?]
	at org.apache.hadoop.ozone.protocolPB.OzoneManagerProtocolServerSideTranslatorPB.submitRequest(OzoneManagerProtocolServerSideTranslatorPB.java:147) [ozone-manager-1.3.0-SNAPSHOT.jar:?]
	at org.apache.hadoop.ozone.protocol.proto.OzoneManagerProtocolProtos$OzoneManagerService$2.callBlockingMethod(OzoneManagerProtocolProtos.java) [ozone-interface-client-1.3.0-SNAPSHOT.jar:?]
	at org.apache.hadoop.ipc.ProtobufRpcEngine$Server.processCall(ProtobufRpcEngine.java:466) [hadoop-common-3.3.1.jar:?]
	at org.apache.hadoop.ipc.ProtobufRpcEngine2$Server$ProtoBufRpcInvoker.call(ProtobufRpcEngine2.java:574) [hadoop-common-3.3.1.jar:?]
	at org.apache.hadoop.ipc.ProtobufRpcEngine2$Server$ProtoBufRpcInvoker.call(ProtobufRpcEngine2.java:552) [hadoop-common-3.3.1.jar:?]
	at org.apache.hadoop.ipc.RPC$Server.call(RPC.java:1093) [hadoop-common-3.3.1.jar:?]
	at org.apache.hadoop.ipc.Server$RpcCall.run(Server.java:1035) [hadoop-common-3.3.1.jar:?]
	at org.apache.hadoop.ipc.Server$RpcCall.run(Server.java:963) [hadoop-common-3.3.1.jar:?]
	at java.security.AccessController.doPrivileged(Native Method) ~[?:1.8.0_345]
	at javax.security.auth.Subject.doAs(Subject.java:422) [?:1.8.0_345]
	at org.apache.hadoop.security.UserGroupInformation.doAs(UserGroupInformation.java:1878) [hadoop-common-3.3.1.jar:?]
	at org.apache.hadoop.ipc.Server$Handler.run(Server.java:2966) [hadoop-common-3.3.1.jar:?]
2022-09-21 13:02:24,378 [Listener at 127.0.0.1/41979] WARN  ozone.BasicOzoneFileSystem (BasicOzoneFileSystem.java:getFileStatus(765)) - GetFileStatus failed for path /rootDir
java.io.FileNotFoundException: rootDir: No such file or directory!
	at org.apache.hadoop.fs.ozone.BasicOzoneClientAdapterImpl.getFileStatus(BasicOzoneClientAdapterImpl.java:369)
	at org.apache.hadoop.fs.ozone.BasicOzoneFileSystem.getFileStatus(BasicOzoneFileSystem.java:757)
	at org.apache.hadoop.fs.ozone.TestDirectoryDeletingServiceWithFSO.checkPath(TestDirectoryDeletingServiceWithFSO.java:307)
	at org.apache.hadoop.fs.ozone.TestDirectoryDeletingServiceWithFSO.testDeleteWithMultiLevels(TestDirectoryDeletingServiceWithFSO.java:267)
	at sun.reflect.NativeMethodAccessorImpl.invoke0(Native Method)
	at sun.reflect.NativeMethodAccessorImpl.invoke(NativeMethodAccessorImpl.java:62)
	at sun.reflect.DelegatingMethodAccessorImpl.invoke(DelegatingMethodAccessorImpl.java:43)
	at java.lang.reflect.Method.invoke(Method.java:498)
	at org.junit.platform.commons.util.ReflectionUtils.invokeMethod(ReflectionUtils.java:725)
	at org.junit.jupiter.engine.execution.MethodInvocation.proceed(MethodInvocation.java:60)
	at org.junit.jupiter.engine.execution.InvocationInterceptorChain$ValidatingInvocation.proceed(InvocationInterceptorChain.java:131)
	at org.junit.jupiter.engine.extension.TimeoutInvocation.proceed(TimeoutInvocation.java:46)
	at org.junit.jupiter.engine.extension.TimeoutExtension.intercept(TimeoutExtension.java:149)
	at org.junit.jupiter.engine.extension.TimeoutExtension.interceptTestableMethod(TimeoutExtension.java:140)
	at org.junit.jupiter.engine.extension.TimeoutExtension.interceptTestMethod(TimeoutExtension.java:84)
	at org.junit.jupiter.engine.execution.ExecutableInvoker$ReflectiveInterceptorCall.lambda$ofVoidMethod$0(ExecutableInvoker.java:115)
	at org.junit.jupiter.engine.execution.ExecutableInvoker.lambda$invoke$0(ExecutableInvoker.java:105)
	at org.junit.jupiter.engine.execution.InvocationInterceptorChain$InterceptedInvocation.proceed(InvocationInterceptorChain.java:106)
	at org.junit.jupiter.engine.execution.InvocationInterceptorChain.proceed(InvocationInterceptorChain.java:64)
	at org.junit.jupiter.engine.execution.InvocationInterceptorChain.chainAndInvoke(InvocationInterceptorChain.java:45)
	at org.junit.jupiter.engine.execution.InvocationInterceptorChain.invoke(InvocationInterceptorChain.java:37)
	at org.junit.jupiter.engine.execution.ExecutableInvoker.invoke(ExecutableInvoker.java:104)
	at org.junit.jupiter.engine.execution.ExecutableInvoker.invoke(ExecutableInvoker.java:98)
	at org.junit.jupiter.engine.descriptor.TestMethodTestDescriptor.lambda$invokeTestMethod$7(TestMethodTestDescriptor.java:214)
	at org.junit.platform.engine.support.hierarchical.ThrowableCollector.execute(ThrowableCollector.java:73)
	at org.junit.jupiter.engine.descriptor.TestMethodTestDescriptor.invokeTestMethod(TestMethodTestDescriptor.java:210)
	at org.junit.jupiter.engine.descriptor.TestMethodTestDescriptor.execute(TestMethodTestDescriptor.java:135)
	at org.junit.jupiter.engine.descriptor.TestMethodTestDescriptor.execute(TestMethodTestDescriptor.java:66)
	at org.junit.platform.engine.support.hierarchical.NodeTestTask.lambda$executeRecursively$6(NodeTestTask.java:151)
	at org.junit.platform.engine.support.hierarchical.ThrowableCollector.execute(ThrowableCollector.java:73)
	at org.junit.platform.engine.support.hierarchical.NodeTestTask.lambda$executeRecursively$8(NodeTestTask.java:141)
	at org.junit.platform.engine.support.hierarchical.Node.around(Node.java:137)
	at org.junit.platform.engine.support.hierarchical.NodeTestTask.lambda$executeRecursively$9(NodeTestTask.java:139)
	at org.junit.platform.engine.support.hierarchical.ThrowableCollector.execute(ThrowableCollector.java:73)
	at org.junit.platform.engine.support.hierarchical.NodeTestTask.executeRecursively(NodeTestTask.java:138)
	at org.junit.platform.engine.support.hierarchical.NodeTestTask.execute(NodeTestTask.java:95)
	at java.util.ArrayList.forEach(ArrayList.java:1259)
	at org.junit.platform.engine.support.hierarchical.SameThreadHierarchicalTestExecutorService.invokeAll(SameThreadHierarchicalTestExecutorService.java:41)
	at org.junit.platform.engine.support.hierarchical.NodeTestTask.lambda$executeRecursively$6(NodeTestTask.java:155)
	at org.junit.platform.engine.support.hierarchical.ThrowableCollector.execute(ThrowableCollector.java:73)
	at org.junit.platform.engine.support.hierarchical.NodeTestTask.lambda$executeRecursively$8(NodeTestTask.java:141)
	at org.junit.platform.engine.support.hierarchical.Node.around(Node.java:137)
	at org.junit.platform.engine.support.hierarchical.NodeTestTask.lambda$executeRecursively$9(NodeTestTask.java:139)
	at org.junit.platform.engine.support.hierarchical.ThrowableCollector.execute(ThrowableCollector.java:73)
	at org.junit.platform.engine.support.hierarchical.NodeTestTask.executeRecursively(NodeTestTask.java:138)
	at org.junit.platform.engine.support.hierarchical.NodeTestTask.execute(NodeTestTask.java:95)
	at java.util.ArrayList.forEach(ArrayList.java:1259)
	at org.junit.platform.engine.support.hierarchical.SameThreadHierarchicalTestExecutorService.invokeAll(SameThreadHierarchicalTestExecutorService.java:41)
	at org.junit.platform.engine.support.hierarchical.NodeTestTask.lambda$executeRecursively$6(NodeTestTask.java:155)
	at org.junit.platform.engine.support.hierarchical.ThrowableCollector.execute(ThrowableCollector.java:73)
	at org.junit.platform.engine.support.hierarchical.NodeTestTask.lambda$executeRecursively$8(NodeTestTask.java:141)
	at org.junit.platform.engine.support.hierarchical.Node.around(Node.java:137)
	at org.junit.platform.engine.support.hierarchical.NodeTestTask.lambda$executeRecursively$9(NodeTestTask.java:139)
	at org.junit.platform.engine.support.hierarchical.ThrowableCollector.execute(ThrowableCollector.java:73)
	at org.junit.platform.engine.support.hierarchical.NodeTestTask.executeRecursively(NodeTestTask.java:138)
	at org.junit.platform.engine.support.hierarchical.NodeTestTask.execute(NodeTestTask.java:95)
	at org.junit.platform.engine.support.hierarchical.SameThreadHierarchicalTestExecutorService.submit(SameThreadHierarchicalTestExecutorService.java:35)
	at org.junit.platform.engine.support.hierarchical.HierarchicalTestExecutor.execute(HierarchicalTestExecutor.java:57)
	at org.junit.platform.engine.support.hierarchical.HierarchicalTestEngine.execute(HierarchicalTestEngine.java:54)
	at org.junit.platform.launcher.core.EngineExecutionOrchestrator.execute(EngineExecutionOrchestrator.java:107)
	at org.junit.platform.launcher.core.EngineExecutionOrchestrator.execute(EngineExecutionOrchestrator.java:88)
	at org.junit.platform.launcher.core.EngineExecutionOrchestrator.lambda$execute$0(EngineExecutionOrchestrator.java:54)
	at org.junit.platform.launcher.core.EngineExecutionOrchestrator.withInterceptedStreams(EngineExecutionOrchestrator.java:67)
	at org.junit.platform.launcher.core.EngineExecutionOrchestrator.execute(EngineExecutionOrchestrator.java:52)
	at org.junit.platform.launcher.core.DefaultLauncher.execute(DefaultLauncher.java:114)
	at org.junit.platform.launcher.core.DefaultLauncher.execute(DefaultLauncher.java:86)
	at org.junit.platform.launcher.core.DefaultLauncherSession$DelegatingLauncher.execute(DefaultLauncherSession.java:86)
	at org.junit.platform.launcher.core.SessionPerRequestLauncher.execute(SessionPerRequestLauncher.java:53)
	at org.apache.maven.surefire.junitplatform.JUnitPlatformProvider.execute(JUnitPlatformProvider.java:188)
	at org.apache.maven.surefire.junitplatform.JUnitPlatformProvider.invokeAllTests(JUnitPlatformProvider.java:154)
	at org.apache.maven.surefire.junitplatform.JUnitPlatformProvider.invoke(JUnitPlatformProvider.java:124)
	at org.apache.maven.surefire.booter.ForkedBooter.runSuitesInProcess(ForkedBooter.java:428)
	at org.apache.maven.surefire.booter.ForkedBooter.execute(ForkedBooter.java:162)
	at org.apache.maven.surefire.booter.ForkedBooter.run(ForkedBooter.java:562)
	at org.apache.maven.surefire.booter.ForkedBooter.main(ForkedBooter.java:548)
2022-09-21 13:02:24,379 [Listener at 127.0.0.1/41979] INFO  ozone.TestDirectoryDeletingServiceWithFSO (TestDirectoryDeletingServiceWithFSO.java:assertTableRowCount(297)) - deletedDirectoryTable actual row count=1, expectedCount=0
2022-09-21 13:02:25,380 [Listener at 127.0.0.1/41979] INFO  ozone.TestDirectoryDeletingServiceWithFSO (TestDirectoryDeletingServiceWithFSO.java:assertTableRowCount(297)) - deletedDirectoryTable actual row count=0, expectedCount=0
2022-09-21 13:02:25,380 [Listener at 127.0.0.1/41979] INFO  ozone.TestDirectoryDeletingServiceWithFSO (TestDirectoryDeletingServiceWithFSO.java:assertTableRowCount(297)) - fileTable actual row count=0, expectedCount=0
2022-09-21 13:02:25,380 [Listener at 127.0.0.1/41979] INFO  ozone.TestDirectoryDeletingServiceWithFSO (TestDirectoryDeletingServiceWithFSO.java:assertTableRowCount(297)) - directoryTable actual row count=0, expectedCount=0
]]></system-out>
  </testcase>
  <testcase name="testDeleteFilesAndSubFiles" classname="org.apache.hadoop.fs.ozone.TestDirectoryDeletingServiceWithFSO" time="5.267">
    <failure type="java.lang.AssertionError"><![CDATA[java.lang.AssertionError: expected:<8> but was:<10>
	at org.junit.Assert.fail(Assert.java:89)
	at org.junit.Assert.failNotEquals(Assert.java:835)
	at org.junit.Assert.assertEquals(Assert.java:647)
	at org.junit.Assert.assertEquals(Assert.java:633)
	at org.apache.hadoop.fs.ozone.TestDirectoryDeletingServiceWithFSO.testDeleteFilesAndSubFiles(TestDirectoryDeletingServiceWithFSO.java:391)
	at sun.reflect.NativeMethodAccessorImpl.invoke0(Native Method)
	at sun.reflect.NativeMethodAccessorImpl.invoke(NativeMethodAccessorImpl.java:62)
	at sun.reflect.DelegatingMethodAccessorImpl.invoke(DelegatingMethodAccessorImpl.java:43)
	at java.lang.reflect.Method.invoke(Method.java:498)
	at org.junit.platform.commons.util.ReflectionUtils.invokeMethod(ReflectionUtils.java:725)
	at org.junit.jupiter.engine.execution.MethodInvocation.proceed(MethodInvocation.java:60)
	at org.junit.jupiter.engine.execution.InvocationInterceptorChain$ValidatingInvocation.proceed(InvocationInterceptorChain.java:131)
	at org.junit.jupiter.engine.extension.TimeoutInvocation.proceed(TimeoutInvocation.java:46)
	at org.junit.jupiter.engine.extension.TimeoutExtension.intercept(TimeoutExtension.java:149)
	at org.junit.jupiter.engine.extension.TimeoutExtension.interceptTestableMethod(TimeoutExtension.java:140)
	at org.junit.jupiter.engine.extension.TimeoutExtension.interceptTestMethod(TimeoutExtension.java:84)
	at org.junit.jupiter.engine.execution.ExecutableInvoker$ReflectiveInterceptorCall.lambda$ofVoidMethod$0(ExecutableInvoker.java:115)
	at org.junit.jupiter.engine.execution.ExecutableInvoker.lambda$invoke$0(ExecutableInvoker.java:105)
	at org.junit.jupiter.engine.execution.InvocationInterceptorChain$InterceptedInvocation.proceed(InvocationInterceptorChain.java:106)
	at org.junit.jupiter.engine.execution.InvocationInterceptorChain.proceed(InvocationInterceptorChain.java:64)
	at org.junit.jupiter.engine.execution.InvocationInterceptorChain.chainAndInvoke(InvocationInterceptorChain.java:45)
	at org.junit.jupiter.engine.execution.InvocationInterceptorChain.invoke(InvocationInterceptorChain.java:37)
	at org.junit.jupiter.engine.execution.ExecutableInvoker.invoke(ExecutableInvoker.java:104)
	at org.junit.jupiter.engine.execution.ExecutableInvoker.invoke(ExecutableInvoker.java:98)
	at org.junit.jupiter.engine.descriptor.TestMethodTestDescriptor.lambda$invokeTestMethod$7(TestMethodTestDescriptor.java:214)
	at org.junit.platform.engine.support.hierarchical.ThrowableCollector.execute(ThrowableCollector.java:73)
	at org.junit.jupiter.engine.descriptor.TestMethodTestDescriptor.invokeTestMethod(TestMethodTestDescriptor.java:210)
	at org.junit.jupiter.engine.descriptor.TestMethodTestDescriptor.execute(TestMethodTestDescriptor.java:135)
	at org.junit.jupiter.engine.descriptor.TestMethodTestDescriptor.execute(TestMethodTestDescriptor.java:66)
	at org.junit.platform.engine.support.hierarchical.NodeTestTask.lambda$executeRecursively$6(NodeTestTask.java:151)
	at org.junit.platform.engine.support.hierarchical.ThrowableCollector.execute(ThrowableCollector.java:73)
	at org.junit.platform.engine.support.hierarchical.NodeTestTask.lambda$executeRecursively$8(NodeTestTask.java:141)
	at org.junit.platform.engine.support.hierarchical.Node.around(Node.java:137)
	at org.junit.platform.engine.support.hierarchical.NodeTestTask.lambda$executeRecursively$9(NodeTestTask.java:139)
	at org.junit.platform.engine.support.hierarchical.ThrowableCollector.execute(ThrowableCollector.java:73)
	at org.junit.platform.engine.support.hierarchical.NodeTestTask.executeRecursively(NodeTestTask.java:138)
	at org.junit.platform.engine.support.hierarchical.NodeTestTask.execute(NodeTestTask.java:95)
	at java.util.ArrayList.forEach(ArrayList.java:1259)
	at org.junit.platform.engine.support.hierarchical.SameThreadHierarchicalTestExecutorService.invokeAll(SameThreadHierarchicalTestExecutorService.java:41)
	at org.junit.platform.engine.support.hierarchical.NodeTestTask.lambda$executeRecursively$6(NodeTestTask.java:155)
	at org.junit.platform.engine.support.hierarchical.ThrowableCollector.execute(ThrowableCollector.java:73)
	at org.junit.platform.engine.support.hierarchical.NodeTestTask.lambda$executeRecursively$8(NodeTestTask.java:141)
	at org.junit.platform.engine.support.hierarchical.Node.around(Node.java:137)
	at org.junit.platform.engine.support.hierarchical.NodeTestTask.lambda$executeRecursively$9(NodeTestTask.java:139)
	at org.junit.platform.engine.support.hierarchical.ThrowableCollector.execute(ThrowableCollector.java:73)
	at org.junit.platform.engine.support.hierarchical.NodeTestTask.executeRecursively(NodeTestTask.java:138)
	at org.junit.platform.engine.support.hierarchical.NodeTestTask.execute(NodeTestTask.java:95)
	at java.util.ArrayList.forEach(ArrayList.java:1259)
	at org.junit.platform.engine.support.hierarchical.SameThreadHierarchicalTestExecutorService.invokeAll(SameThreadHierarchicalTestExecutorService.java:41)
	at org.junit.platform.engine.support.hierarchical.NodeTestTask.lambda$executeRecursively$6(NodeTestTask.java:155)
	at org.junit.platform.engine.support.hierarchical.ThrowableCollector.execute(ThrowableCollector.java:73)
	at org.junit.platform.engine.support.hierarchical.NodeTestTask.lambda$executeRecursively$8(NodeTestTask.java:141)
	at org.junit.platform.engine.support.hierarchical.Node.around(Node.java:137)
	at org.junit.platform.engine.support.hierarchical.NodeTestTask.lambda$executeRecursively$9(NodeTestTask.java:139)
	at org.junit.platform.engine.support.hierarchical.ThrowableCollector.execute(ThrowableCollector.java:73)
	at org.junit.platform.engine.support.hierarchical.NodeTestTask.executeRecursively(NodeTestTask.java:138)
	at org.junit.platform.engine.support.hierarchical.NodeTestTask.execute(NodeTestTask.java:95)
	at org.junit.platform.engine.support.hierarchical.SameThreadHierarchicalTestExecutorService.submit(SameThreadHierarchicalTestExecutorService.java:35)
	at org.junit.platform.engine.support.hierarchical.HierarchicalTestExecutor.execute(HierarchicalTestExecutor.java:57)
	at org.junit.platform.engine.support.hierarchical.HierarchicalTestEngine.execute(HierarchicalTestEngine.java:54)
	at org.junit.platform.launcher.core.EngineExecutionOrchestrator.execute(EngineExecutionOrchestrator.java:107)
	at org.junit.platform.launcher.core.EngineExecutionOrchestrator.execute(EngineExecutionOrchestrator.java:88)
	at org.junit.platform.launcher.core.EngineExecutionOrchestrator.lambda$execute$0(EngineExecutionOrchestrator.java:54)
	at org.junit.platform.launcher.core.EngineExecutionOrchestrator.withInterceptedStreams(EngineExecutionOrchestrator.java:67)
	at org.junit.platform.launcher.core.EngineExecutionOrchestrator.execute(EngineExecutionOrchestrator.java:52)
	at org.junit.platform.launcher.core.DefaultLauncher.execute(DefaultLauncher.java:114)
	at org.junit.platform.launcher.core.DefaultLauncher.execute(DefaultLauncher.java:86)
	at org.junit.platform.launcher.core.DefaultLauncherSession$DelegatingLauncher.execute(DefaultLauncherSession.java:86)
	at org.junit.platform.launcher.core.SessionPerRequestLauncher.execute(SessionPerRequestLauncher.java:53)
	at org.apache.maven.surefire.junitplatform.JUnitPlatformProvider.execute(JUnitPlatformProvider.java:188)
	at org.apache.maven.surefire.junitplatform.JUnitPlatformProvider.invokeAllTests(JUnitPlatformProvider.java:154)
	at org.apache.maven.surefire.junitplatform.JUnitPlatformProvider.invoke(JUnitPlatformProvider.java:124)
	at org.apache.maven.surefire.booter.ForkedBooter.runSuitesInProcess(ForkedBooter.java:428)
	at org.apache.maven.surefire.booter.ForkedBooter.execute(ForkedBooter.java:162)
	at org.apache.maven.surefire.booter.ForkedBooter.run(ForkedBooter.java:562)
	at org.apache.maven.surefire.booter.ForkedBooter.main(ForkedBooter.java:548)
]]></failure>
    <system-out><![CDATA[2022-09-21 13:02:25,424 [Listener at 127.0.0.1/41979] INFO  impl.MetricsSystemImpl (MetricsSystemImpl.java:init(158)) - XceiverClientMetrics metrics system started (again)
2022-09-21 13:02:25,900 [75d0e166-84fd-47dc-81bd-aa4ae7e35728@group-9D365342F69D-FollowerState] INFO  impl.FollowerState (FollowerState.java:run(143)) - 75d0e166-84fd-47dc-81bd-aa4ae7e35728@group-9D365342F69D-FollowerState: change to CANDIDATE, lastRpcElapsedTime:5045778293ns, electionTimeout:5044ms
2022-09-21 13:02:25,900 [75d0e166-84fd-47dc-81bd-aa4ae7e35728@group-9D365342F69D-FollowerState] INFO  impl.RoleInfo (RoleInfo.java:shutdownFollowerState(110)) - 75d0e166-84fd-47dc-81bd-aa4ae7e35728: shutdown 75d0e166-84fd-47dc-81bd-aa4ae7e35728@group-9D365342F69D-FollowerState
2022-09-21 13:02:25,900 [75d0e166-84fd-47dc-81bd-aa4ae7e35728@group-9D365342F69D-FollowerState] INFO  server.RaftServer$Division (RaftServerImpl.java:setRole(299)) - 75d0e166-84fd-47dc-81bd-aa4ae7e35728@group-9D365342F69D: changes role from  FOLLOWER to CANDIDATE at term 1 for changeToCandidate
2022-09-21 13:02:25,900 [75d0e166-84fd-47dc-81bd-aa4ae7e35728@group-9D365342F69D-FollowerState] INFO  server.RaftServerConfigKeys (ConfUtils.java:logGet(46)) - raft.server.leaderelection.pre-vote = false (custom)
2022-09-21 13:02:25,900 [75d0e166-84fd-47dc-81bd-aa4ae7e35728@group-9D365342F69D-FollowerState] INFO  impl.RoleInfo (RoleInfo.java:updateAndGet(139)) - 75d0e166-84fd-47dc-81bd-aa4ae7e35728: start 75d0e166-84fd-47dc-81bd-aa4ae7e35728@group-9D365342F69D-LeaderElection8
2022-09-21 13:02:25,910 [75d0e166-84fd-47dc-81bd-aa4ae7e35728@group-9D365342F69D-LeaderElection8] INFO  impl.LeaderElection (LeaderElection.java:askForVotes(310)) - 75d0e166-84fd-47dc-81bd-aa4ae7e35728@group-9D365342F69D-LeaderElection8 ELECTION round 0: submit vote requests at term 2 for -1: [fbad121f-7a00-4224-80d2-3ba9fe33b4b1|rpc:10.1.0.12:43967|priority:0, 75d0e166-84fd-47dc-81bd-aa4ae7e35728|rpc:10.1.0.12:40701|priority:0, f4daeadc-7069-45ca-9aa4-afb858e2644b|rpc:10.1.0.12:45647|priority:1], old=null
2022-09-21 13:02:25,920 [grpc-default-executor-1] INFO  server.RaftServer$Division (RaftServerImpl.java:requestVote(1152)) - fbad121f-7a00-4224-80d2-3ba9fe33b4b1@group-9D365342F69D: receive requestVote(ELECTION, 75d0e166-84fd-47dc-81bd-aa4ae7e35728, group-9D365342F69D, 2, (t:0, i:0))
2022-09-21 13:02:25,920 [grpc-default-executor-0] INFO  server.RaftServer$Division (RaftServerImpl.java:requestVote(1152)) - f4daeadc-7069-45ca-9aa4-afb858e2644b@group-9D365342F69D: receive requestVote(ELECTION, 75d0e166-84fd-47dc-81bd-aa4ae7e35728, group-9D365342F69D, 2, (t:0, i:0))
2022-09-21 13:02:25,926 [grpc-default-executor-0] INFO  impl.VoteContext (VoteContext.java:log(48)) - f4daeadc-7069-45ca-9aa4-afb858e2644b@group-9D365342F69D-FOLLOWER: reject ELECTION from 75d0e166-84fd-47dc-81bd-aa4ae7e35728: our priority 1 > candidate's priority 0
2022-09-21 13:02:25,926 [grpc-default-executor-0] INFO  server.RaftServer$Division (RaftServerImpl.java:setRole(299)) - f4daeadc-7069-45ca-9aa4-afb858e2644b@group-9D365342F69D: changes role from  FOLLOWER to FOLLOWER at term 2 for candidate:75d0e166-84fd-47dc-81bd-aa4ae7e35728
2022-09-21 13:02:25,926 [grpc-default-executor-0] INFO  impl.RoleInfo (RoleInfo.java:shutdownFollowerState(110)) - f4daeadc-7069-45ca-9aa4-afb858e2644b: shutdown f4daeadc-7069-45ca-9aa4-afb858e2644b@group-9D365342F69D-FollowerState
2022-09-21 13:02:25,926 [grpc-default-executor-0] INFO  impl.RoleInfo (RoleInfo.java:updateAndGet(139)) - f4daeadc-7069-45ca-9aa4-afb858e2644b: start f4daeadc-7069-45ca-9aa4-afb858e2644b@group-9D365342F69D-FollowerState
2022-09-21 13:02:25,926 [f4daeadc-7069-45ca-9aa4-afb858e2644b@group-9D365342F69D-FollowerState] INFO  impl.FollowerState (FollowerState.java:run(152)) - f4daeadc-7069-45ca-9aa4-afb858e2644b@group-9D365342F69D-FollowerState was interrupted
2022-09-21 13:02:25,926 [grpc-default-executor-1] INFO  impl.VoteContext (VoteContext.java:log(48)) - fbad121f-7a00-4224-80d2-3ba9fe33b4b1@group-9D365342F69D-FOLLOWER: accept ELECTION from 75d0e166-84fd-47dc-81bd-aa4ae7e35728: our priority 0 <= candidate's priority 0
2022-09-21 13:02:25,927 [grpc-default-executor-0] INFO  server.RaftServer$Division (RaftServerImpl.java:requestVote(1184)) - f4daeadc-7069-45ca-9aa4-afb858e2644b@group-9D365342F69D replies to ELECTION vote request: 75d0e166-84fd-47dc-81bd-aa4ae7e35728<-f4daeadc-7069-45ca-9aa4-afb858e2644b#0:FAIL-t2. Peer's state: f4daeadc-7069-45ca-9aa4-afb858e2644b@group-9D365342F69D:t2, leader=null, voted=null, raftlog=f4daeadc-7069-45ca-9aa4-afb858e2644b@group-9D365342F69D-SegmentedRaftLog:OPENED:c-1, conf=-1: [fbad121f-7a00-4224-80d2-3ba9fe33b4b1|rpc:10.1.0.12:43967|dataStream:|priority:0, 75d0e166-84fd-47dc-81bd-aa4ae7e35728|rpc:10.1.0.12:40701|dataStream:|priority:0, f4daeadc-7069-45ca-9aa4-afb858e2644b|rpc:10.1.0.12:45647|dataStream:|priority:1], old=null
2022-09-21 13:02:25,927 [grpc-default-executor-1] INFO  server.RaftServer$Division (RaftServerImpl.java:setRole(299)) - fbad121f-7a00-4224-80d2-3ba9fe33b4b1@group-9D365342F69D: changes role from  FOLLOWER to FOLLOWER at term 2 for candidate:75d0e166-84fd-47dc-81bd-aa4ae7e35728
2022-09-21 13:02:25,927 [grpc-default-executor-1] INFO  impl.RoleInfo (RoleInfo.java:shutdownFollowerState(110)) - fbad121f-7a00-4224-80d2-3ba9fe33b4b1: shutdown fbad121f-7a00-4224-80d2-3ba9fe33b4b1@group-9D365342F69D-FollowerState
2022-09-21 13:02:25,927 [grpc-default-executor-1] INFO  impl.RoleInfo (RoleInfo.java:updateAndGet(139)) - fbad121f-7a00-4224-80d2-3ba9fe33b4b1: start fbad121f-7a00-4224-80d2-3ba9fe33b4b1@group-9D365342F69D-FollowerState
2022-09-21 13:02:25,928 [fbad121f-7a00-4224-80d2-3ba9fe33b4b1@group-9D365342F69D-FollowerState] INFO  impl.FollowerState (FollowerState.java:run(152)) - fbad121f-7a00-4224-80d2-3ba9fe33b4b1@group-9D365342F69D-FollowerState was interrupted
2022-09-21 13:02:25,936 [75d0e166-84fd-47dc-81bd-aa4ae7e35728@group-9D365342F69D-LeaderElection8] INFO  impl.LeaderElection (LeaderElection.java:logAndReturn(90)) - 75d0e166-84fd-47dc-81bd-aa4ae7e35728@group-9D365342F69D-LeaderElection8: ELECTION REJECTED received 1 response(s) and 0 exception(s):
2022-09-21 13:02:25,936 [75d0e166-84fd-47dc-81bd-aa4ae7e35728@group-9D365342F69D-LeaderElection8] INFO  impl.LeaderElection (LeaderElection.java:logAndReturn(94)) -   Response 0: 75d0e166-84fd-47dc-81bd-aa4ae7e35728<-f4daeadc-7069-45ca-9aa4-afb858e2644b#0:FAIL-t2
2022-09-21 13:02:25,937 [75d0e166-84fd-47dc-81bd-aa4ae7e35728@group-9D365342F69D-LeaderElection8] INFO  impl.LeaderElection (LeaderElection.java:askForVotes(312)) - 75d0e166-84fd-47dc-81bd-aa4ae7e35728@group-9D365342F69D-LeaderElection8 ELECTION round 0: result REJECTED
2022-09-21 13:02:25,937 [75d0e166-84fd-47dc-81bd-aa4ae7e35728@group-9D365342F69D-LeaderElection8] INFO  server.RaftServer$Division (RaftServerImpl.java:setRole(299)) - 75d0e166-84fd-47dc-81bd-aa4ae7e35728@group-9D365342F69D: changes role from CANDIDATE to FOLLOWER at term 2 for REJECTED
2022-09-21 13:02:25,937 [75d0e166-84fd-47dc-81bd-aa4ae7e35728@group-9D365342F69D-LeaderElection8] INFO  impl.RoleInfo (RoleInfo.java:shutdownLeaderElection(130)) - 75d0e166-84fd-47dc-81bd-aa4ae7e35728: shutdown 75d0e166-84fd-47dc-81bd-aa4ae7e35728@group-9D365342F69D-LeaderElection8
2022-09-21 13:02:25,937 [75d0e166-84fd-47dc-81bd-aa4ae7e35728@group-9D365342F69D-LeaderElection8] INFO  impl.RoleInfo (RoleInfo.java:updateAndGet(139)) - 75d0e166-84fd-47dc-81bd-aa4ae7e35728: start 75d0e166-84fd-47dc-81bd-aa4ae7e35728@group-9D365342F69D-FollowerState
2022-09-21 13:02:25,936 [grpc-default-executor-1] INFO  server.RaftServer$Division (RaftServerImpl.java:requestVote(1184)) - fbad121f-7a00-4224-80d2-3ba9fe33b4b1@group-9D365342F69D replies to ELECTION vote request: 75d0e166-84fd-47dc-81bd-aa4ae7e35728<-fbad121f-7a00-4224-80d2-3ba9fe33b4b1#0:OK-t2. Peer's state: fbad121f-7a00-4224-80d2-3ba9fe33b4b1@group-9D365342F69D:t2, leader=null, voted=75d0e166-84fd-47dc-81bd-aa4ae7e35728, raftlog=fbad121f-7a00-4224-80d2-3ba9fe33b4b1@group-9D365342F69D-SegmentedRaftLog:OPENED:c-1, conf=-1: [fbad121f-7a00-4224-80d2-3ba9fe33b4b1|rpc:10.1.0.12:43967|priority:0, 75d0e166-84fd-47dc-81bd-aa4ae7e35728|rpc:10.1.0.12:40701|priority:0, f4daeadc-7069-45ca-9aa4-afb858e2644b|rpc:10.1.0.12:45647|priority:1], old=null
2022-09-21 13:02:28,622 [Listener at 127.0.0.1/41979] INFO  ozone.TestDirectoryDeletingServiceWithFSO (TestDirectoryDeletingServiceWithFSO.java:assertTableRowCount(297)) - deletedDirectoryTable actual row count=0, expectedCount=0
2022-09-21 13:02:28,622 [Listener at 127.0.0.1/41979] INFO  ozone.TestDirectoryDeletingServiceWithFSO (TestDirectoryDeletingServiceWithFSO.java:assertTableRowCount(297)) - fileTable actual row count=5, expectedCount=5
2022-09-21 13:02:28,622 [Listener at 127.0.0.1/41979] INFO  ozone.TestDirectoryDeletingServiceWithFSO (TestDirectoryDeletingServiceWithFSO.java:assertTableRowCount(297)) - directoryTable actual row count=1, expectedCount=1
2022-09-21 13:02:28,636 [Listener at 127.0.0.1/41979] INFO  ozone.TestDirectoryDeletingServiceWithFSO (TestDirectoryDeletingServiceWithFSO.java:assertTableRowCount(297)) - fileTable actual row count=2, expectedCount=2
2022-09-21 13:02:28,636 [Listener at 127.0.0.1/41979] INFO  ozone.TestDirectoryDeletingServiceWithFSO (TestDirectoryDeletingServiceWithFSO.java:assertTableRowCount(297)) - directoryTable actual row count=1, expectedCount=1
2022-09-21 13:02:28,636 [Listener at 127.0.0.1/41979] INFO  ozone.TestDirectoryDeletingServiceWithFSO (TestDirectoryDeletingServiceWithFSO.java:assertTableRowCount(297)) - deletedDirectoryTable actual row count=0, expectedCount=0
2022-09-21 13:02:28,637 [Listener at 127.0.0.1/41979] INFO  ozone.TestDirectoryDeletingServiceWithFSO (TestDirectoryDeletingServiceWithFSO.java:assertTableRowCount(297)) - deletedTable actual row count=3, expectedCount=0
2022-09-21 13:02:28,654 [IPC Server handler 0 on default port 38077] INFO  ha.SequenceIdGenerator (SequenceIdGenerator.java:getNextId(128)) - Allocate a batch for delTxnId, change lastId from 0 to 1000.
2022-09-21 13:02:29,637 [Listener at 127.0.0.1/41979] INFO  ozone.TestDirectoryDeletingServiceWithFSO (TestDirectoryDeletingServiceWithFSO.java:assertTableRowCount(297)) - deletedTable actual row count=0, expectedCount=0
2022-09-21 13:02:29,644 [Listener at 127.0.0.1/41979] INFO  ozone.TestDirectoryDeletingServiceWithFSO (TestDirectoryDeletingServiceWithFSO.java:assertTableRowCount(297)) - fileTable actual row count=2, expectedCount=0
2022-09-21 13:02:30,645 [Listener at 127.0.0.1/41979] INFO  ozone.TestDirectoryDeletingServiceWithFSO (TestDirectoryDeletingServiceWithFSO.java:assertTableRowCount(297)) - fileTable actual row count=0, expectedCount=0
2022-09-21 13:02:30,645 [Listener at 127.0.0.1/41979] INFO  ozone.TestDirectoryDeletingServiceWithFSO (TestDirectoryDeletingServiceWithFSO.java:assertTableRowCount(297)) - directoryTable actual row count=0, expectedCount=0
2022-09-21 13:02:30,645 [Listener at 127.0.0.1/41979] INFO  ozone.TestDirectoryDeletingServiceWithFSO (TestDirectoryDeletingServiceWithFSO.java:assertTableRowCount(297)) - deletedDirectoryTable actual row count=0, expectedCount=0
2022-09-21 13:02:30,645 [Listener at 127.0.0.1/41979] INFO  ozone.TestDirectoryDeletingServiceWithFSO (TestDirectoryDeletingServiceWithFSO.java:assertTableRowCount(297)) - deletedTable actual row count=0, expectedCount=0
]]></system-out>
  </testcase>
  <testcase name="testDeleteWithLargeSubPathsThanBatchSize" classname="org.apache.hadoop.fs.ozone.TestDirectoryDeletingServiceWithFSO" time="1.223">
    <system-out><![CDATA[2022-09-21 13:02:30,862 [Listener at 127.0.0.1/41979] INFO  ozone.TestDirectoryDeletingServiceWithFSO (TestDirectoryDeletingServiceWithFSO.java:assertTableRowCount(297)) - deletedDirectoryTable actual row count=0, expectedCount=0
2022-09-21 13:02:30,863 [Listener at 127.0.0.1/41979] INFO  ozone.TestDirectoryDeletingServiceWithFSO (TestDirectoryDeletingServiceWithFSO.java:assertTableRowCount(297)) - fileTable actual row count=15, expectedCount=15
2022-09-21 13:02:30,863 [Listener at 127.0.0.1/41979] INFO  ozone.TestDirectoryDeletingServiceWithFSO (TestDirectoryDeletingServiceWithFSO.java:assertTableRowCount(297)) - directoryTable actual row count=20, expectedCount=20
13:02:30.868 [IPC Server handler 19 on default port 41979] ERROR OMAudit - user=runner | ip=127.0.0.1 | op=GET_FILE_STATUS {volume=volume01068, bucket=bucket61512, key=rootDir/appRoot, dataSize=0, replicationConfig=null} | ret=FAILURE
org.apache.hadoop.ozone.om.exceptions.OMException: Unable to get file status: volume: volume01068 bucket: bucket61512 key: rootDir/appRoot
	at org.apache.hadoop.ozone.om.KeyManagerImpl.getOzoneFileStatusFSO(KeyManagerImpl.java:1376) ~[ozone-manager-1.3.0-SNAPSHOT.jar:?]
	at org.apache.hadoop.ozone.om.KeyManagerImpl.getFileStatus(KeyManagerImpl.java:1239) ~[ozone-manager-1.3.0-SNAPSHOT.jar:?]
	at org.apache.hadoop.ozone.om.OzoneManager.getFileStatus(OzoneManager.java:3479) ~[ozone-manager-1.3.0-SNAPSHOT.jar:?]
	at org.apache.hadoop.ozone.protocolPB.OzoneManagerRequestHandler.getOzoneFileStatus(OzoneManagerRequestHandler.java:882) ~[ozone-manager-1.3.0-SNAPSHOT.jar:?]
	at org.apache.hadoop.ozone.protocolPB.OzoneManagerRequestHandler.handleReadRequest(OzoneManagerRequestHandler.java:228) ~[ozone-manager-1.3.0-SNAPSHOT.jar:?]
	at org.apache.hadoop.ozone.protocolPB.OzoneManagerProtocolServerSideTranslatorPB.submitReadRequestToOM(OzoneManagerProtocolServerSideTranslatorPB.java:226) ~[ozone-manager-1.3.0-SNAPSHOT.jar:?]
	at org.apache.hadoop.ozone.protocolPB.OzoneManagerProtocolServerSideTranslatorPB.processRequest(OzoneManagerProtocolServerSideTranslatorPB.java:175) ~[ozone-manager-1.3.0-SNAPSHOT.jar:?]
	at org.apache.hadoop.hdds.server.OzoneProtocolMessageDispatcher.processRequest(OzoneProtocolMessageDispatcher.java:87) [hdds-server-framework-1.3.0-SNAPSHOT.jar:?]
	at org.apache.hadoop.ozone.protocolPB.OzoneManagerProtocolServerSideTranslatorPB.submitRequest(OzoneManagerProtocolServerSideTranslatorPB.java:147) [ozone-manager-1.3.0-SNAPSHOT.jar:?]
	at org.apache.hadoop.ozone.protocol.proto.OzoneManagerProtocolProtos$OzoneManagerService$2.callBlockingMethod(OzoneManagerProtocolProtos.java) [ozone-interface-client-1.3.0-SNAPSHOT.jar:?]
	at org.apache.hadoop.ipc.ProtobufRpcEngine$Server.processCall(ProtobufRpcEngine.java:466) [hadoop-common-3.3.1.jar:?]
	at org.apache.hadoop.ipc.ProtobufRpcEngine2$Server$ProtoBufRpcInvoker.call(ProtobufRpcEngine2.java:574) [hadoop-common-3.3.1.jar:?]
	at org.apache.hadoop.ipc.ProtobufRpcEngine2$Server$ProtoBufRpcInvoker.call(ProtobufRpcEngine2.java:552) [hadoop-common-3.3.1.jar:?]
	at org.apache.hadoop.ipc.RPC$Server.call(RPC.java:1093) [hadoop-common-3.3.1.jar:?]
	at org.apache.hadoop.ipc.Server$RpcCall.run(Server.java:1035) [hadoop-common-3.3.1.jar:?]
	at org.apache.hadoop.ipc.Server$RpcCall.run(Server.java:963) [hadoop-common-3.3.1.jar:?]
	at java.security.AccessController.doPrivileged(Native Method) ~[?:1.8.0_345]
	at javax.security.auth.Subject.doAs(Subject.java:422) [?:1.8.0_345]
	at org.apache.hadoop.security.UserGroupInformation.doAs(UserGroupInformation.java:1878) [hadoop-common-3.3.1.jar:?]
	at org.apache.hadoop.ipc.Server$Handler.run(Server.java:2966) [hadoop-common-3.3.1.jar:?]
2022-09-21 13:02:30,869 [Listener at 127.0.0.1/41979] WARN  ozone.BasicOzoneFileSystem (BasicOzoneFileSystem.java:getFileStatus(765)) - GetFileStatus failed for path /rootDir/appRoot
java.io.FileNotFoundException: rootDir/appRoot: No such file or directory!
	at org.apache.hadoop.fs.ozone.BasicOzoneClientAdapterImpl.getFileStatus(BasicOzoneClientAdapterImpl.java:369)
	at org.apache.hadoop.fs.ozone.BasicOzoneFileSystem.getFileStatus(BasicOzoneFileSystem.java:757)
	at org.apache.hadoop.fs.ozone.TestDirectoryDeletingServiceWithFSO.checkPath(TestDirectoryDeletingServiceWithFSO.java:307)
	at org.apache.hadoop.fs.ozone.TestDirectoryDeletingServiceWithFSO.testDeleteWithLargeSubPathsThanBatchSize(TestDirectoryDeletingServiceWithFSO.java:220)
	at sun.reflect.NativeMethodAccessorImpl.invoke0(Native Method)
	at sun.reflect.NativeMethodAccessorImpl.invoke(NativeMethodAccessorImpl.java:62)
	at sun.reflect.DelegatingMethodAccessorImpl.invoke(DelegatingMethodAccessorImpl.java:43)
	at java.lang.reflect.Method.invoke(Method.java:498)
	at org.junit.platform.commons.util.ReflectionUtils.invokeMethod(ReflectionUtils.java:725)
	at org.junit.jupiter.engine.execution.MethodInvocation.proceed(MethodInvocation.java:60)
	at org.junit.jupiter.engine.execution.InvocationInterceptorChain$ValidatingInvocation.proceed(InvocationInterceptorChain.java:131)
	at org.junit.jupiter.engine.extension.TimeoutInvocation.proceed(TimeoutInvocation.java:46)
	at org.junit.jupiter.engine.extension.TimeoutExtension.intercept(TimeoutExtension.java:149)
	at org.junit.jupiter.engine.extension.TimeoutExtension.interceptTestableMethod(TimeoutExtension.java:140)
	at org.junit.jupiter.engine.extension.TimeoutExtension.interceptTestMethod(TimeoutExtension.java:84)
	at org.junit.jupiter.engine.execution.ExecutableInvoker$ReflectiveInterceptorCall.lambda$ofVoidMethod$0(ExecutableInvoker.java:115)
	at org.junit.jupiter.engine.execution.ExecutableInvoker.lambda$invoke$0(ExecutableInvoker.java:105)
	at org.junit.jupiter.engine.execution.InvocationInterceptorChain$InterceptedInvocation.proceed(InvocationInterceptorChain.java:106)
	at org.junit.jupiter.engine.execution.InvocationInterceptorChain.proceed(InvocationInterceptorChain.java:64)
	at org.junit.jupiter.engine.execution.InvocationInterceptorChain.chainAndInvoke(InvocationInterceptorChain.java:45)
	at org.junit.jupiter.engine.execution.InvocationInterceptorChain.invoke(InvocationInterceptorChain.java:37)
	at org.junit.jupiter.engine.execution.ExecutableInvoker.invoke(ExecutableInvoker.java:104)
	at org.junit.jupiter.engine.execution.ExecutableInvoker.invoke(ExecutableInvoker.java:98)
	at org.junit.jupiter.engine.descriptor.TestMethodTestDescriptor.lambda$invokeTestMethod$7(TestMethodTestDescriptor.java:214)
	at org.junit.platform.engine.support.hierarchical.ThrowableCollector.execute(ThrowableCollector.java:73)
	at org.junit.jupiter.engine.descriptor.TestMethodTestDescriptor.invokeTestMethod(TestMethodTestDescriptor.java:210)
	at org.junit.jupiter.engine.descriptor.TestMethodTestDescriptor.execute(TestMethodTestDescriptor.java:135)
	at org.junit.jupiter.engine.descriptor.TestMethodTestDescriptor.execute(TestMethodTestDescriptor.java:66)
	at org.junit.platform.engine.support.hierarchical.NodeTestTask.lambda$executeRecursively$6(NodeTestTask.java:151)
	at org.junit.platform.engine.support.hierarchical.ThrowableCollector.execute(ThrowableCollector.java:73)
	at org.junit.platform.engine.support.hierarchical.NodeTestTask.lambda$executeRecursively$8(NodeTestTask.java:141)
	at org.junit.platform.engine.support.hierarchical.Node.around(Node.java:137)
	at org.junit.platform.engine.support.hierarchical.NodeTestTask.lambda$executeRecursively$9(NodeTestTask.java:139)
	at org.junit.platform.engine.support.hierarchical.ThrowableCollector.execute(ThrowableCollector.java:73)
	at org.junit.platform.engine.support.hierarchical.NodeTestTask.executeRecursively(NodeTestTask.java:138)
	at org.junit.platform.engine.support.hierarchical.NodeTestTask.execute(NodeTestTask.java:95)
	at java.util.ArrayList.forEach(ArrayList.java:1259)
	at org.junit.platform.engine.support.hierarchical.SameThreadHierarchicalTestExecutorService.invokeAll(SameThreadHierarchicalTestExecutorService.java:41)
	at org.junit.platform.engine.support.hierarchical.NodeTestTask.lambda$executeRecursively$6(NodeTestTask.java:155)
	at org.junit.platform.engine.support.hierarchical.ThrowableCollector.execute(ThrowableCollector.java:73)
	at org.junit.platform.engine.support.hierarchical.NodeTestTask.lambda$executeRecursively$8(NodeTestTask.java:141)
	at org.junit.platform.engine.support.hierarchical.Node.around(Node.java:137)
	at org.junit.platform.engine.support.hierarchical.NodeTestTask.lambda$executeRecursively$9(NodeTestTask.java:139)
	at org.junit.platform.engine.support.hierarchical.ThrowableCollector.execute(ThrowableCollector.java:73)
	at org.junit.platform.engine.support.hierarchical.NodeTestTask.executeRecursively(NodeTestTask.java:138)
	at org.junit.platform.engine.support.hierarchical.NodeTestTask.execute(NodeTestTask.java:95)
	at java.util.ArrayList.forEach(ArrayList.java:1259)
	at org.junit.platform.engine.support.hierarchical.SameThreadHierarchicalTestExecutorService.invokeAll(SameThreadHierarchicalTestExecutorService.java:41)
	at org.junit.platform.engine.support.hierarchical.NodeTestTask.lambda$executeRecursively$6(NodeTestTask.java:155)
	at org.junit.platform.engine.support.hierarchical.ThrowableCollector.execute(ThrowableCollector.java:73)
	at org.junit.platform.engine.support.hierarchical.NodeTestTask.lambda$executeRecursively$8(NodeTestTask.java:141)
	at org.junit.platform.engine.support.hierarchical.Node.around(Node.java:137)
	at org.junit.platform.engine.support.hierarchical.NodeTestTask.lambda$executeRecursively$9(NodeTestTask.java:139)
	at org.junit.platform.engine.support.hierarchical.ThrowableCollector.execute(ThrowableCollector.java:73)
	at org.junit.platform.engine.support.hierarchical.NodeTestTask.executeRecursively(NodeTestTask.java:138)
	at org.junit.platform.engine.support.hierarchical.NodeTestTask.execute(NodeTestTask.java:95)
	at org.junit.platform.engine.support.hierarchical.SameThreadHierarchicalTestExecutorService.submit(SameThreadHierarchicalTestExecutorService.java:35)
	at org.junit.platform.engine.support.hierarchical.HierarchicalTestExecutor.execute(HierarchicalTestExecutor.java:57)
	at org.junit.platform.engine.support.hierarchical.HierarchicalTestEngine.execute(HierarchicalTestEngine.java:54)
	at org.junit.platform.launcher.core.EngineExecutionOrchestrator.execute(EngineExecutionOrchestrator.java:107)
	at org.junit.platform.launcher.core.EngineExecutionOrchestrator.execute(EngineExecutionOrchestrator.java:88)
	at org.junit.platform.launcher.core.EngineExecutionOrchestrator.lambda$execute$0(EngineExecutionOrchestrator.java:54)
	at org.junit.platform.launcher.core.EngineExecutionOrchestrator.withInterceptedStreams(EngineExecutionOrchestrator.java:67)
	at org.junit.platform.launcher.core.EngineExecutionOrchestrator.execute(EngineExecutionOrchestrator.java:52)
	at org.junit.platform.launcher.core.DefaultLauncher.execute(DefaultLauncher.java:114)
	at org.junit.platform.launcher.core.DefaultLauncher.execute(DefaultLauncher.java:86)
	at org.junit.platform.launcher.core.DefaultLauncherSession$DelegatingLauncher.execute(DefaultLauncherSession.java:86)
	at org.junit.platform.launcher.core.SessionPerRequestLauncher.execute(SessionPerRequestLauncher.java:53)
	at org.apache.maven.surefire.junitplatform.JUnitPlatformProvider.execute(JUnitPlatformProvider.java:188)
	at org.apache.maven.surefire.junitplatform.JUnitPlatformProvider.invokeAllTests(JUnitPlatformProvider.java:154)
	at org.apache.maven.surefire.junitplatform.JUnitPlatformProvider.invoke(JUnitPlatformProvider.java:124)
	at org.apache.maven.surefire.booter.ForkedBooter.runSuitesInProcess(ForkedBooter.java:428)
	at org.apache.maven.surefire.booter.ForkedBooter.execute(ForkedBooter.java:162)
	at org.apache.maven.surefire.booter.ForkedBooter.run(ForkedBooter.java:562)
	at org.apache.maven.surefire.booter.ForkedBooter.main(ForkedBooter.java:548)
2022-09-21 13:02:30,869 [Listener at 127.0.0.1/41979] INFO  ozone.TestDirectoryDeletingServiceWithFSO (TestDirectoryDeletingServiceWithFSO.java:assertTableRowCount(297)) - deletedDirectoryTable actual row count=1, expectedCount=0
2022-09-21 13:02:31,092 [f4daeadc-7069-45ca-9aa4-afb858e2644b@group-9D365342F69D-FollowerState] INFO  impl.FollowerState (FollowerState.java:run(143)) - f4daeadc-7069-45ca-9aa4-afb858e2644b@group-9D365342F69D-FollowerState: change to CANDIDATE, lastRpcElapsedTime:5166302512ns, electionTimeout:5165ms
2022-09-21 13:02:31,093 [f4daeadc-7069-45ca-9aa4-afb858e2644b@group-9D365342F69D-FollowerState] INFO  impl.RoleInfo (RoleInfo.java:shutdownFollowerState(110)) - f4daeadc-7069-45ca-9aa4-afb858e2644b: shutdown f4daeadc-7069-45ca-9aa4-afb858e2644b@group-9D365342F69D-FollowerState
2022-09-21 13:02:31,093 [f4daeadc-7069-45ca-9aa4-afb858e2644b@group-9D365342F69D-FollowerState] INFO  server.RaftServer$Division (RaftServerImpl.java:setRole(299)) - f4daeadc-7069-45ca-9aa4-afb858e2644b@group-9D365342F69D: changes role from  FOLLOWER to CANDIDATE at term 2 for changeToCandidate
2022-09-21 13:02:31,093 [f4daeadc-7069-45ca-9aa4-afb858e2644b@group-9D365342F69D-FollowerState] INFO  server.RaftServerConfigKeys (ConfUtils.java:logGet(46)) - raft.server.leaderelection.pre-vote = false (custom)
2022-09-21 13:02:31,093 [f4daeadc-7069-45ca-9aa4-afb858e2644b@group-9D365342F69D-FollowerState] INFO  impl.RoleInfo (RoleInfo.java:updateAndGet(139)) - f4daeadc-7069-45ca-9aa4-afb858e2644b: start f4daeadc-7069-45ca-9aa4-afb858e2644b@group-9D365342F69D-LeaderElection9
2022-09-21 13:02:31,097 [f4daeadc-7069-45ca-9aa4-afb858e2644b@group-9D365342F69D-LeaderElection9] INFO  impl.LeaderElection (LeaderElection.java:askForVotes(310)) - f4daeadc-7069-45ca-9aa4-afb858e2644b@group-9D365342F69D-LeaderElection9 ELECTION round 0: submit vote requests at term 3 for -1: [fbad121f-7a00-4224-80d2-3ba9fe33b4b1|rpc:10.1.0.12:43967|dataStream:|priority:0, 75d0e166-84fd-47dc-81bd-aa4ae7e35728|rpc:10.1.0.12:40701|dataStream:|priority:0, f4daeadc-7069-45ca-9aa4-afb858e2644b|rpc:10.1.0.12:45647|dataStream:|priority:1], old=null
2022-09-21 13:02:31,112 [fbad121f-7a00-4224-80d2-3ba9fe33b4b1@group-9D365342F69D-FollowerState] INFO  impl.FollowerState (FollowerState.java:run(143)) - fbad121f-7a00-4224-80d2-3ba9fe33b4b1@group-9D365342F69D-FollowerState: change to CANDIDATE, lastRpcElapsedTime:5176291757ns, electionTimeout:5173ms
2022-09-21 13:02:31,112 [fbad121f-7a00-4224-80d2-3ba9fe33b4b1@group-9D365342F69D-FollowerState] INFO  impl.RoleInfo (RoleInfo.java:shutdownFollowerState(110)) - fbad121f-7a00-4224-80d2-3ba9fe33b4b1: shutdown fbad121f-7a00-4224-80d2-3ba9fe33b4b1@group-9D365342F69D-FollowerState
2022-09-21 13:02:31,112 [fbad121f-7a00-4224-80d2-3ba9fe33b4b1@group-9D365342F69D-FollowerState] INFO  server.RaftServer$Division (RaftServerImpl.java:setRole(299)) - fbad121f-7a00-4224-80d2-3ba9fe33b4b1@group-9D365342F69D: changes role from  FOLLOWER to CANDIDATE at term 2 for changeToCandidate
2022-09-21 13:02:31,112 [fbad121f-7a00-4224-80d2-3ba9fe33b4b1@group-9D365342F69D-FollowerState] INFO  server.RaftServerConfigKeys (ConfUtils.java:logGet(46)) - raft.server.leaderelection.pre-vote = false (custom)
2022-09-21 13:02:31,113 [fbad121f-7a00-4224-80d2-3ba9fe33b4b1@group-9D365342F69D-FollowerState] INFO  impl.RoleInfo (RoleInfo.java:updateAndGet(139)) - fbad121f-7a00-4224-80d2-3ba9fe33b4b1: start fbad121f-7a00-4224-80d2-3ba9fe33b4b1@group-9D365342F69D-LeaderElection10
2022-09-21 13:02:31,113 [grpc-default-executor-2] INFO  server.RaftServer$Division (RaftServerImpl.java:requestVote(1152)) - 75d0e166-84fd-47dc-81bd-aa4ae7e35728@group-9D365342F69D: receive requestVote(ELECTION, f4daeadc-7069-45ca-9aa4-afb858e2644b, group-9D365342F69D, 3, (t:0, i:0))
2022-09-21 13:02:31,122 [grpc-default-executor-1] INFO  server.RaftServer$Division (RaftServerImpl.java:requestVote(1152)) - fbad121f-7a00-4224-80d2-3ba9fe33b4b1@group-9D365342F69D: receive requestVote(ELECTION, f4daeadc-7069-45ca-9aa4-afb858e2644b, group-9D365342F69D, 3, (t:0, i:0))
2022-09-21 13:02:31,123 [grpc-default-executor-1] INFO  impl.VoteContext (VoteContext.java:log(48)) - fbad121f-7a00-4224-80d2-3ba9fe33b4b1@group-9D365342F69D-CANDIDATE: reject ELECTION from f4daeadc-7069-45ca-9aa4-afb858e2644b: already has voted for fbad121f-7a00-4224-80d2-3ba9fe33b4b1 at current term 3
2022-09-21 13:02:31,123 [grpc-default-executor-1] INFO  server.RaftServer$Division (RaftServerImpl.java:requestVote(1184)) - fbad121f-7a00-4224-80d2-3ba9fe33b4b1@group-9D365342F69D replies to ELECTION vote request: f4daeadc-7069-45ca-9aa4-afb858e2644b<-fbad121f-7a00-4224-80d2-3ba9fe33b4b1#0:FAIL-t3. Peer's state: fbad121f-7a00-4224-80d2-3ba9fe33b4b1@group-9D365342F69D:t3, leader=null, voted=fbad121f-7a00-4224-80d2-3ba9fe33b4b1, raftlog=fbad121f-7a00-4224-80d2-3ba9fe33b4b1@group-9D365342F69D-SegmentedRaftLog:OPENED:c-1, conf=-1: [fbad121f-7a00-4224-80d2-3ba9fe33b4b1|rpc:10.1.0.12:43967|priority:0, 75d0e166-84fd-47dc-81bd-aa4ae7e35728|rpc:10.1.0.12:40701|priority:0, f4daeadc-7069-45ca-9aa4-afb858e2644b|rpc:10.1.0.12:45647|priority:1], old=null
2022-09-21 13:02:31,116 [fbad121f-7a00-4224-80d2-3ba9fe33b4b1@group-9D365342F69D-LeaderElection10] INFO  impl.LeaderElection (LeaderElection.java:askForVotes(310)) - fbad121f-7a00-4224-80d2-3ba9fe33b4b1@group-9D365342F69D-LeaderElection10 ELECTION round 0: submit vote requests at term 3 for -1: [fbad121f-7a00-4224-80d2-3ba9fe33b4b1|rpc:10.1.0.12:43967|priority:0, 75d0e166-84fd-47dc-81bd-aa4ae7e35728|rpc:10.1.0.12:40701|priority:0, f4daeadc-7069-45ca-9aa4-afb858e2644b|rpc:10.1.0.12:45647|priority:1], old=null
2022-09-21 13:02:31,123 [grpc-default-executor-2] INFO  impl.VoteContext (VoteContext.java:log(48)) - 75d0e166-84fd-47dc-81bd-aa4ae7e35728@group-9D365342F69D-FOLLOWER: accept ELECTION from f4daeadc-7069-45ca-9aa4-afb858e2644b: our priority 0 <= candidate's priority 1
2022-09-21 13:02:31,130 [grpc-default-executor-2] INFO  server.RaftServer$Division (RaftServerImpl.java:setRole(299)) - 75d0e166-84fd-47dc-81bd-aa4ae7e35728@group-9D365342F69D: changes role from  FOLLOWER to FOLLOWER at term 3 for candidate:f4daeadc-7069-45ca-9aa4-afb858e2644b
2022-09-21 13:02:31,130 [grpc-default-executor-2] INFO  impl.RoleInfo (RoleInfo.java:shutdownFollowerState(110)) - 75d0e166-84fd-47dc-81bd-aa4ae7e35728: shutdown 75d0e166-84fd-47dc-81bd-aa4ae7e35728@group-9D365342F69D-FollowerState
2022-09-21 13:02:31,130 [grpc-default-executor-2] INFO  impl.RoleInfo (RoleInfo.java:updateAndGet(139)) - 75d0e166-84fd-47dc-81bd-aa4ae7e35728: start 75d0e166-84fd-47dc-81bd-aa4ae7e35728@group-9D365342F69D-FollowerState
2022-09-21 13:02:31,136 [grpc-default-executor-2] INFO  server.RaftServer$Division (RaftServerImpl.java:requestVote(1184)) - 75d0e166-84fd-47dc-81bd-aa4ae7e35728@group-9D365342F69D replies to ELECTION vote request: f4daeadc-7069-45ca-9aa4-afb858e2644b<-75d0e166-84fd-47dc-81bd-aa4ae7e35728#0:OK-t3. Peer's state: 75d0e166-84fd-47dc-81bd-aa4ae7e35728@group-9D365342F69D:t3, leader=null, voted=f4daeadc-7069-45ca-9aa4-afb858e2644b, raftlog=75d0e166-84fd-47dc-81bd-aa4ae7e35728@group-9D365342F69D-SegmentedRaftLog:OPENED:c-1, conf=-1: [fbad121f-7a00-4224-80d2-3ba9fe33b4b1|rpc:10.1.0.12:43967|priority:0, 75d0e166-84fd-47dc-81bd-aa4ae7e35728|rpc:10.1.0.12:40701|priority:0, f4daeadc-7069-45ca-9aa4-afb858e2644b|rpc:10.1.0.12:45647|priority:1], old=null
2022-09-21 13:02:31,137 [75d0e166-84fd-47dc-81bd-aa4ae7e35728@group-9D365342F69D-FollowerState] INFO  impl.FollowerState (FollowerState.java:shouldRun(117)) - 75d0e166-84fd-47dc-81bd-aa4ae7e35728@group-9D365342F69D-FollowerState: Stopping now (isRunning? false, role = FOLLOWER)
2022-09-21 13:02:31,136 [grpc-default-executor-0] INFO  server.RaftServer$Division (RaftServerImpl.java:requestVote(1152)) - f4daeadc-7069-45ca-9aa4-afb858e2644b@group-9D365342F69D: receive requestVote(ELECTION, fbad121f-7a00-4224-80d2-3ba9fe33b4b1, group-9D365342F69D, 3, (t:0, i:0))
2022-09-21 13:02:31,138 [grpc-default-executor-0] INFO  impl.VoteContext (VoteContext.java:log(48)) - f4daeadc-7069-45ca-9aa4-afb858e2644b@group-9D365342F69D-CANDIDATE: reject ELECTION from fbad121f-7a00-4224-80d2-3ba9fe33b4b1: already has voted for f4daeadc-7069-45ca-9aa4-afb858e2644b at current term 3
2022-09-21 13:02:31,138 [grpc-default-executor-0] INFO  server.RaftServer$Division (RaftServerImpl.java:requestVote(1184)) - f4daeadc-7069-45ca-9aa4-afb858e2644b@group-9D365342F69D replies to ELECTION vote request: fbad121f-7a00-4224-80d2-3ba9fe33b4b1<-f4daeadc-7069-45ca-9aa4-afb858e2644b#0:FAIL-t3. Peer's state: f4daeadc-7069-45ca-9aa4-afb858e2644b@group-9D365342F69D:t3, leader=null, voted=f4daeadc-7069-45ca-9aa4-afb858e2644b, raftlog=f4daeadc-7069-45ca-9aa4-afb858e2644b@group-9D365342F69D-SegmentedRaftLog:OPENED:c-1, conf=-1: [fbad121f-7a00-4224-80d2-3ba9fe33b4b1|rpc:10.1.0.12:43967|dataStream:|priority:0, 75d0e166-84fd-47dc-81bd-aa4ae7e35728|rpc:10.1.0.12:40701|dataStream:|priority:0, f4daeadc-7069-45ca-9aa4-afb858e2644b|rpc:10.1.0.12:45647|dataStream:|priority:1], old=null
2022-09-21 13:02:31,138 [f4daeadc-7069-45ca-9aa4-afb858e2644b@group-9D365342F69D-LeaderElection9] INFO  impl.LeaderElection (LeaderElection.java:logAndReturn(90)) - f4daeadc-7069-45ca-9aa4-afb858e2644b@group-9D365342F69D-LeaderElection9: ELECTION PASSED received 2 response(s) and 0 exception(s):
2022-09-21 13:02:31,139 [f4daeadc-7069-45ca-9aa4-afb858e2644b@group-9D365342F69D-LeaderElection9] INFO  impl.LeaderElection (LeaderElection.java:logAndReturn(94)) -   Response 0: f4daeadc-7069-45ca-9aa4-afb858e2644b<-fbad121f-7a00-4224-80d2-3ba9fe33b4b1#0:FAIL-t3
2022-09-21 13:02:31,139 [f4daeadc-7069-45ca-9aa4-afb858e2644b@group-9D365342F69D-LeaderElection9] INFO  impl.LeaderElection (LeaderElection.java:logAndReturn(94)) -   Response 1: f4daeadc-7069-45ca-9aa4-afb858e2644b<-75d0e166-84fd-47dc-81bd-aa4ae7e35728#0:OK-t3
2022-09-21 13:02:31,139 [f4daeadc-7069-45ca-9aa4-afb858e2644b@group-9D365342F69D-LeaderElection9] INFO  impl.LeaderElection (LeaderElection.java:askForVotes(312)) - f4daeadc-7069-45ca-9aa4-afb858e2644b@group-9D365342F69D-LeaderElection9 ELECTION round 0: result PASSED
2022-09-21 13:02:31,139 [f4daeadc-7069-45ca-9aa4-afb858e2644b@group-9D365342F69D-LeaderElection9] INFO  impl.RoleInfo (RoleInfo.java:shutdownLeaderElection(130)) - f4daeadc-7069-45ca-9aa4-afb858e2644b: shutdown f4daeadc-7069-45ca-9aa4-afb858e2644b@group-9D365342F69D-LeaderElection9
2022-09-21 13:02:31,139 [f4daeadc-7069-45ca-9aa4-afb858e2644b@group-9D365342F69D-LeaderElection9] INFO  server.RaftServer$Division (RaftServerImpl.java:setRole(299)) - f4daeadc-7069-45ca-9aa4-afb858e2644b@group-9D365342F69D: changes role from CANDIDATE to LEADER at term 3 for changeToLeader
2022-09-21 13:02:31,139 [f4daeadc-7069-45ca-9aa4-afb858e2644b@group-9D365342F69D-LeaderElection9] INFO  ratis.XceiverServerRatis (XceiverServerRatis.java:handleLeaderChangedNotification(863)) - Leader change notification received for group: group-9D365342F69D with new leaderId: f4daeadc-7069-45ca-9aa4-afb858e2644b
2022-09-21 13:02:31,139 [f4daeadc-7069-45ca-9aa4-afb858e2644b@group-9D365342F69D-LeaderElection9] INFO  server.RaftServer$Division (ServerState.java:setLeader(287)) - f4daeadc-7069-45ca-9aa4-afb858e2644b@group-9D365342F69D: change Leader from null to f4daeadc-7069-45ca-9aa4-afb858e2644b at term 3 for becomeLeader, leader elected after 14912ms
2022-09-21 13:02:31,138 [grpc-default-executor-3] INFO  server.RaftServer$Division (RaftServerImpl.java:requestVote(1152)) - 75d0e166-84fd-47dc-81bd-aa4ae7e35728@group-9D365342F69D: receive requestVote(ELECTION, fbad121f-7a00-4224-80d2-3ba9fe33b4b1, group-9D365342F69D, 3, (t:0, i:0))
2022-09-21 13:02:31,141 [fbad121f-7a00-4224-80d2-3ba9fe33b4b1@group-9D365342F69D-LeaderElection10] INFO  impl.LeaderElection (LeaderElection.java:logAndReturn(90)) - fbad121f-7a00-4224-80d2-3ba9fe33b4b1@group-9D365342F69D-LeaderElection10: ELECTION REJECTED received 1 response(s) and 0 exception(s):
2022-09-21 13:02:31,140 [EventQueue-PipelineReportForPipelineReportHandler] INFO  pipeline.PipelineManagerImpl (PipelineManagerImpl.java:openPipeline(367)) - Pipeline Pipeline[ Id: 9ce15c75-969c-4396-bd4c-9d365342f69d, Nodes: 75d0e166-84fd-47dc-81bd-aa4ae7e35728{ip: 10.1.0.12, host: fv-az334-292.zg0gw54pbdoexfhqlmz30d51na.gx.internal.cloudapp.net, ports: [REPLICATION=45381, RATIS=40701, RATIS_ADMIN=40701, RATIS_SERVER=40701, STANDALONE=37895], networkLocation: /default-rack, certSerialId: null, persistedOpState: IN_SERVICE, persistedOpStateExpiryEpochSec: 0}f4daeadc-7069-45ca-9aa4-afb858e2644b{ip: 10.1.0.12, host: fv-az334-292.zg0gw54pbdoexfhqlmz30d51na.gx.internal.cloudapp.net, ports: [REPLICATION=35081, RATIS=45647, RATIS_ADMIN=45647, RATIS_SERVER=45647, STANDALONE=39495], networkLocation: /default-rack, certSerialId: null, persistedOpState: IN_SERVICE, persistedOpStateExpiryEpochSec: 0}fbad121f-7a00-4224-80d2-3ba9fe33b4b1{ip: 10.1.0.12, host: fv-az334-292.zg0gw54pbdoexfhqlmz30d51na.gx.internal.cloudapp.net, ports: [REPLICATION=44715, RATIS=43967, RATIS_ADMIN=43967, RATIS_SERVER=43967, STANDALONE=38875], networkLocation: /default-rack, certSerialId: null, persistedOpState: IN_SERVICE, persistedOpStateExpiryEpochSec: 0}, ReplicationConfig: RATIS/THREE, State:ALLOCATED, leaderId:f4daeadc-7069-45ca-9aa4-afb858e2644b, CreationTimestamp2022-09-21T13:02:13.418Z[Etc/UTC]] moved to OPEN state
2022-09-21 13:02:31,141 [fbad121f-7a00-4224-80d2-3ba9fe33b4b1@group-9D365342F69D-LeaderElection10] INFO  impl.LeaderElection (LeaderElection.java:logAndReturn(94)) -   Response 0: fbad121f-7a00-4224-80d2-3ba9fe33b4b1<-f4daeadc-7069-45ca-9aa4-afb858e2644b#0:FAIL-t3
2022-09-21 13:02:31,142 [fbad121f-7a00-4224-80d2-3ba9fe33b4b1@group-9D365342F69D-LeaderElection10] INFO  impl.LeaderElection (LeaderElection.java:askForVotes(312)) - fbad121f-7a00-4224-80d2-3ba9fe33b4b1@group-9D365342F69D-LeaderElection10 ELECTION round 0: result REJECTED
2022-09-21 13:02:31,142 [fbad121f-7a00-4224-80d2-3ba9fe33b4b1@group-9D365342F69D-LeaderElection10] INFO  server.RaftServer$Division (RaftServerImpl.java:setRole(299)) - fbad121f-7a00-4224-80d2-3ba9fe33b4b1@group-9D365342F69D: changes role from CANDIDATE to FOLLOWER at term 3 for REJECTED
2022-09-21 13:02:31,142 [fbad121f-7a00-4224-80d2-3ba9fe33b4b1@group-9D365342F69D-LeaderElection10] INFO  impl.RoleInfo (RoleInfo.java:shutdownLeaderElection(130)) - fbad121f-7a00-4224-80d2-3ba9fe33b4b1: shutdown fbad121f-7a00-4224-80d2-3ba9fe33b4b1@group-9D365342F69D-LeaderElection10
2022-09-21 13:02:31,142 [fbad121f-7a00-4224-80d2-3ba9fe33b4b1@group-9D365342F69D-LeaderElection10] INFO  impl.RoleInfo (RoleInfo.java:updateAndGet(139)) - fbad121f-7a00-4224-80d2-3ba9fe33b4b1: start fbad121f-7a00-4224-80d2-3ba9fe33b4b1@group-9D365342F69D-FollowerState
2022-09-21 13:02:31,140 [f4daeadc-7069-45ca-9aa4-afb858e2644b@group-9D365342F69D-LeaderElection9] INFO  server.RaftServerConfigKeys (ConfUtils.java:logGet(46)) - raft.server.staging.catchup.gap = 1000 (default)
2022-09-21 13:02:31,141 [grpc-default-executor-3] INFO  impl.VoteContext (VoteContext.java:log(48)) - 75d0e166-84fd-47dc-81bd-aa4ae7e35728@group-9D365342F69D-FOLLOWER: reject ELECTION from fbad121f-7a00-4224-80d2-3ba9fe33b4b1: already has voted for f4daeadc-7069-45ca-9aa4-afb858e2644b at current term 3
2022-09-21 13:02:31,149 [grpc-default-executor-3] INFO  server.RaftServer$Division (RaftServerImpl.java:requestVote(1184)) - 75d0e166-84fd-47dc-81bd-aa4ae7e35728@group-9D365342F69D replies to ELECTION vote request: fbad121f-7a00-4224-80d2-3ba9fe33b4b1<-75d0e166-84fd-47dc-81bd-aa4ae7e35728#0:FAIL-t3. Peer's state: 75d0e166-84fd-47dc-81bd-aa4ae7e35728@group-9D365342F69D:t3, leader=null, voted=f4daeadc-7069-45ca-9aa4-afb858e2644b, raftlog=75d0e166-84fd-47dc-81bd-aa4ae7e35728@group-9D365342F69D-SegmentedRaftLog:OPENED:c-1, conf=-1: [fbad121f-7a00-4224-80d2-3ba9fe33b4b1|rpc:10.1.0.12:43967|priority:0, 75d0e166-84fd-47dc-81bd-aa4ae7e35728|rpc:10.1.0.12:40701|priority:0, f4daeadc-7069-45ca-9aa4-afb858e2644b|rpc:10.1.0.12:45647|priority:1], old=null
2022-09-21 13:02:31,149 [f4daeadc-7069-45ca-9aa4-afb858e2644b@group-9D365342F69D-LeaderElection9] INFO  server.RaftServerConfigKeys (ConfUtils.java:logGet(46)) - raft.server.write.element-limit = 1024 (custom)
2022-09-21 13:02:31,149 [f4daeadc-7069-45ca-9aa4-afb858e2644b@group-9D365342F69D-LeaderElection9] INFO  server.RaftServerConfigKeys (ConfUtils.java:logGet(46)) - raft.server.write.byte-limit = 1024 M (=1073741824) (custom)
2022-09-21 13:02:31,149 [f4daeadc-7069-45ca-9aa4-afb858e2644b@group-9D365342F69D-LeaderElection9] INFO  server.RaftServerConfigKeys (ConfUtils.java:logGet(46)) - raft.server.watch.timeout = 180s (custom)
2022-09-21 13:02:31,149 [f4daeadc-7069-45ca-9aa4-afb858e2644b@group-9D365342F69D-LeaderElection9] INFO  server.RaftServerConfigKeys (ConfUtils.java:logGet(46)) - raft.server.watch.timeout.denomination = 1s (default)
2022-09-21 13:02:31,149 [f4daeadc-7069-45ca-9aa4-afb858e2644b@group-9D365342F69D-LeaderElection9] INFO  server.RaftServerConfigKeys (ConfUtils.java:logGet(46)) - raft.server.watch.element-limit = 65536 (default)
2022-09-21 13:02:31,149 [f4daeadc-7069-45ca-9aa4-afb858e2644b@group-9D365342F69D-LeaderElection9] INFO  server.RaftServerConfigKeys (ConfUtils.java:logGet(46)) - raft.server.write.element-limit = 1024 (custom)
2022-09-21 13:02:31,149 [f4daeadc-7069-45ca-9aa4-afb858e2644b@group-9D365342F69D-LeaderElection9] INFO  server.RaftServerConfigKeys (ConfUtils.java:logGet(46)) - raft.server.write.follower.gap.ratio.max = -1.0 (default)
2022-09-21 13:02:31,150 [f4daeadc-7069-45ca-9aa4-afb858e2644b@group-9D365342F69D-LeaderElection9] INFO  server.RaftServerConfigKeys (ConfUtils.java:logGet(46)) - raft.server.log.appender.snapshot.chunk.size.max = 16MB (=16777216) (default)
2022-09-21 13:02:31,150 [f4daeadc-7069-45ca-9aa4-afb858e2644b@group-9D365342F69D-LeaderElection9] INFO  server.RaftServerConfigKeys (ConfUtils.java:logGet(46)) - raft.server.log.appender.buffer.byte-limit = 33554432 (custom)
2022-09-21 13:02:31,150 [f4daeadc-7069-45ca-9aa4-afb858e2644b@group-9D365342F69D-LeaderElection9] INFO  server.RaftServerConfigKeys (ConfUtils.java:logGet(46)) - raft.server.log.appender.buffer.element-limit = 1 (custom)
2022-09-21 13:02:31,150 [f4daeadc-7069-45ca-9aa4-afb858e2644b@group-9D365342F69D-LeaderElection9] INFO  grpc.GrpcConfigKeys (ConfUtils.java:logGet(46)) - raft.grpc.server.leader.outstanding.appends.max = 128 (default)
2022-09-21 13:02:31,152 [f4daeadc-7069-45ca-9aa4-afb858e2644b@group-9D365342F69D-LeaderElection9] INFO  server.RaftServerConfigKeys (ConfUtils.java:logGet(46)) - raft.server.rpc.request.timeout = 60s (custom)
2022-09-21 13:02:31,152 [f4daeadc-7069-45ca-9aa4-afb858e2644b@group-9D365342F69D-LeaderElection9] INFO  server.RaftServerConfigKeys (ConfUtils.java:logGet(46)) - raft.server.log.appender.install.snapshot.enabled = false (custom)
2022-09-21 13:02:31,152 [f4daeadc-7069-45ca-9aa4-afb858e2644b@group-9D365342F69D-LeaderElection9] INFO  server.RaftServerConfigKeys (ConfUtils.java:logGet(46)) - raft.server.log.appender.snapshot.chunk.size.max = 16MB (=16777216) (default)
2022-09-21 13:02:31,152 [f4daeadc-7069-45ca-9aa4-afb858e2644b@group-9D365342F69D-LeaderElection9] INFO  server.RaftServerConfigKeys (ConfUtils.java:logGet(46)) - raft.server.log.appender.buffer.byte-limit = 33554432 (custom)
2022-09-21 13:02:31,152 [f4daeadc-7069-45ca-9aa4-afb858e2644b@group-9D365342F69D-LeaderElection9] INFO  server.RaftServerConfigKeys (ConfUtils.java:logGet(46)) - raft.server.log.appender.buffer.element-limit = 1 (custom)
2022-09-21 13:02:31,153 [f4daeadc-7069-45ca-9aa4-afb858e2644b@group-9D365342F69D-LeaderElection9] INFO  grpc.GrpcConfigKeys (ConfUtils.java:logGet(46)) - raft.grpc.server.leader.outstanding.appends.max = 128 (default)
2022-09-21 13:02:31,153 [f4daeadc-7069-45ca-9aa4-afb858e2644b@group-9D365342F69D-LeaderElection9] INFO  server.RaftServerConfigKeys (ConfUtils.java:logGet(46)) - raft.server.rpc.request.timeout = 60s (custom)
2022-09-21 13:02:31,153 [f4daeadc-7069-45ca-9aa4-afb858e2644b@group-9D365342F69D-LeaderElection9] INFO  server.RaftServerConfigKeys (ConfUtils.java:logGet(46)) - raft.server.log.appender.install.snapshot.enabled = false (custom)
2022-09-21 13:02:31,153 [f4daeadc-7069-45ca-9aa4-afb858e2644b@group-9D365342F69D-LeaderElection9] INFO  impl.RoleInfo (RoleInfo.java:updateAndGet(139)) - f4daeadc-7069-45ca-9aa4-afb858e2644b: start f4daeadc-7069-45ca-9aa4-afb858e2644b@group-9D365342F69D-LeaderStateImpl
2022-09-21 13:02:31,153 [f4daeadc-7069-45ca-9aa4-afb858e2644b@group-9D365342F69D-LeaderElection9] INFO  segmented.SegmentedRaftLogWorker (SegmentedRaftLogWorker.java:startLogSegment(425)) - f4daeadc-7069-45ca-9aa4-afb858e2644b@group-9D365342F69D-SegmentedRaftLogWorker: Starting segment from index:0
2022-09-21 13:02:31,154 [f4daeadc-7069-45ca-9aa4-afb858e2644b@group-9D365342F69D-SegmentedRaftLogWorker] INFO  segmented.SegmentedRaftLogWorker (SegmentedRaftLogWorker.java:execute(629)) - f4daeadc-7069-45ca-9aa4-afb858e2644b@group-9D365342F69D-SegmentedRaftLogWorker: created new log segment /home/runner/work/ozone/ozone/hadoop-ozone/integration-test/target/test-dir/MiniOzoneClusterImpl-5e569bcc-b975-4850-9644-8f3a71d45aaa/datanode-2/data/ratis/9ce15c75-969c-4396-bd4c-9d365342f69d/current/log_inprogress_0
2022-09-21 13:02:31,160 [f4daeadc-7069-45ca-9aa4-afb858e2644b@group-9D365342F69D-LeaderElection9] INFO  server.RaftServer$Division (ServerState.java:setRaftConf(393)) - f4daeadc-7069-45ca-9aa4-afb858e2644b@group-9D365342F69D: set configuration 0: [fbad121f-7a00-4224-80d2-3ba9fe33b4b1|rpc:10.1.0.12:43967|dataStream:|priority:0, 75d0e166-84fd-47dc-81bd-aa4ae7e35728|rpc:10.1.0.12:40701|dataStream:|priority:0, f4daeadc-7069-45ca-9aa4-afb858e2644b|rpc:10.1.0.12:45647|dataStream:|priority:1], old=null
2022-09-21 13:02:31,162 [fbad121f-7a00-4224-80d2-3ba9fe33b4b1-server-thread1] INFO  ratis.XceiverServerRatis (XceiverServerRatis.java:handleLeaderChangedNotification(863)) - Leader change notification received for group: group-9D365342F69D with new leaderId: f4daeadc-7069-45ca-9aa4-afb858e2644b
2022-09-21 13:02:31,162 [fbad121f-7a00-4224-80d2-3ba9fe33b4b1-server-thread1] INFO  server.RaftServer$Division (ServerState.java:setLeader(287)) - fbad121f-7a00-4224-80d2-3ba9fe33b4b1@group-9D365342F69D: change Leader from null to f4daeadc-7069-45ca-9aa4-afb858e2644b at term 3 for appendEntries, leader elected after 15530ms
2022-09-21 13:02:31,166 [fbad121f-7a00-4224-80d2-3ba9fe33b4b1-server-thread1] INFO  server.RaftServer$Division (ServerState.java:setRaftConf(393)) - fbad121f-7a00-4224-80d2-3ba9fe33b4b1@group-9D365342F69D: set configuration 0: [fbad121f-7a00-4224-80d2-3ba9fe33b4b1|rpc:10.1.0.12:43967|dataStream:|priority:0, 75d0e166-84fd-47dc-81bd-aa4ae7e35728|rpc:10.1.0.12:40701|dataStream:|priority:0, f4daeadc-7069-45ca-9aa4-afb858e2644b|rpc:10.1.0.12:45647|dataStream:|priority:1], old=null
2022-09-21 13:02:31,167 [fbad121f-7a00-4224-80d2-3ba9fe33b4b1-server-thread1] INFO  segmented.SegmentedRaftLogWorker (SegmentedRaftLogWorker.java:startLogSegment(425)) - fbad121f-7a00-4224-80d2-3ba9fe33b4b1@group-9D365342F69D-SegmentedRaftLogWorker: Starting segment from index:0
2022-09-21 13:02:31,168 [fbad121f-7a00-4224-80d2-3ba9fe33b4b1@group-9D365342F69D-SegmentedRaftLogWorker] INFO  segmented.SegmentedRaftLogWorker (SegmentedRaftLogWorker.java:execute(629)) - fbad121f-7a00-4224-80d2-3ba9fe33b4b1@group-9D365342F69D-SegmentedRaftLogWorker: created new log segment /home/runner/work/ozone/ozone/hadoop-ozone/integration-test/target/test-dir/MiniOzoneClusterImpl-5e569bcc-b975-4850-9644-8f3a71d45aaa/datanode-0/data/ratis/9ce15c75-969c-4396-bd4c-9d365342f69d/current/log_inprogress_0
2022-09-21 13:02:31,177 [75d0e166-84fd-47dc-81bd-aa4ae7e35728-server-thread1] INFO  ratis.XceiverServerRatis (XceiverServerRatis.java:handleLeaderChangedNotification(863)) - Leader change notification received for group: group-9D365342F69D with new leaderId: f4daeadc-7069-45ca-9aa4-afb858e2644b
2022-09-21 13:02:31,178 [75d0e166-84fd-47dc-81bd-aa4ae7e35728-server-thread1] INFO  server.RaftServer$Division (ServerState.java:setLeader(287)) - 75d0e166-84fd-47dc-81bd-aa4ae7e35728@group-9D365342F69D: change Leader from null to f4daeadc-7069-45ca-9aa4-afb858e2644b at term 3 for appendEntries, leader elected after 15063ms
2022-09-21 13:02:31,184 [75d0e166-84fd-47dc-81bd-aa4ae7e35728-server-thread1] INFO  server.RaftServer$Division (ServerState.java:setRaftConf(393)) - 75d0e166-84fd-47dc-81bd-aa4ae7e35728@group-9D365342F69D: set configuration 0: [fbad121f-7a00-4224-80d2-3ba9fe33b4b1|rpc:10.1.0.12:43967|dataStream:|priority:0, 75d0e166-84fd-47dc-81bd-aa4ae7e35728|rpc:10.1.0.12:40701|dataStream:|priority:0, f4daeadc-7069-45ca-9aa4-afb858e2644b|rpc:10.1.0.12:45647|dataStream:|priority:1], old=null
2022-09-21 13:02:31,184 [75d0e166-84fd-47dc-81bd-aa4ae7e35728-server-thread1] INFO  segmented.SegmentedRaftLogWorker (SegmentedRaftLogWorker.java:startLogSegment(425)) - 75d0e166-84fd-47dc-81bd-aa4ae7e35728@group-9D365342F69D-SegmentedRaftLogWorker: Starting segment from index:0
2022-09-21 13:02:31,185 [75d0e166-84fd-47dc-81bd-aa4ae7e35728@group-9D365342F69D-SegmentedRaftLogWorker] INFO  segmented.SegmentedRaftLogWorker (SegmentedRaftLogWorker.java:execute(629)) - 75d0e166-84fd-47dc-81bd-aa4ae7e35728@group-9D365342F69D-SegmentedRaftLogWorker: created new log segment /home/runner/work/ozone/ozone/hadoop-ozone/integration-test/target/test-dir/MiniOzoneClusterImpl-5e569bcc-b975-4850-9644-8f3a71d45aaa/datanode-1/data/ratis/9ce15c75-969c-4396-bd4c-9d365342f69d/current/log_inprogress_0
2022-09-21 13:02:31,870 [Listener at 127.0.0.1/41979] INFO  ozone.TestDirectoryDeletingServiceWithFSO (TestDirectoryDeletingServiceWithFSO.java:assertTableRowCount(297)) - deletedDirectoryTable actual row count=0, expectedCount=0
2022-09-21 13:02:31,870 [Listener at 127.0.0.1/41979] INFO  ozone.TestDirectoryDeletingServiceWithFSO (TestDirectoryDeletingServiceWithFSO.java:assertTableRowCount(297)) - fileTable actual row count=0, expectedCount=0
2022-09-21 13:02:31,870 [Listener at 127.0.0.1/41979] INFO  ozone.TestDirectoryDeletingServiceWithFSO (TestDirectoryDeletingServiceWithFSO.java:assertTableRowCount(297)) - directoryTable actual row count=1, expectedCount=1
]]></system-out>
  </testcase>
</testsuite>