<?xml version="1.0" encoding="UTF-8"?>
<testsuite xmlns:xsi="http://www.w3.org/2001/XMLSchema-instance" xsi:noNamespaceSchemaLocation="https://maven.apache.org/surefire/maven-surefire-plugin/xsd/surefire-test-report-3.0.xsd" version="3.0" name="org.apache.hadoop.fs.ozone.TestRootedOzoneFileSystem" time="416.595" tests="165" errors="0" skipped="14" failures="1">
  <properties>
    <property name="awt.toolkit" value="sun.awt.X11.XToolkit"/>
    <property name="file.encoding.pkg" value="sun.io"/>
    <property name="java.specification.version" value="1.8"/>
    <property name="sun.cpu.isalist" value=""/>
    <property name="sun.jnu.encoding" value="UTF-8"/>
    <property name="java.class.path" value="/home/runner/work/ozone/ozone/hadoop-ozone/integration-test/target/test-classes:/home/runner/work/ozone/ozone/hadoop-ozone/integration-test/target/classes:/home/runner/.m2/repository/org/apache/ozone/ozone-common/1.3.0-SNAPSHOT/ozone-common-1.3.0-SNAPSHOT.jar:/home/runner/.m2/repository/io/grpc/grpc-netty/1.44.0/grpc-netty-1.44.0.jar:/home/runner/.m2/repository/io/grpc/grpc-core/1.44.0/grpc-core-1.44.0.jar:/home/runner/.m2/repository/com/google/android/annotations/4.1.1.4/annotations-4.1.1.4.jar:/home/runner/.m2/repository/org/codehaus/mojo/animal-sniffer-annotations/1.19/animal-sniffer-annotations-1.19.jar:/home/runner/.m2/repository/com/google/errorprone/error_prone_annotations/2.2.0/error_prone_annotations-2.2.0.jar:/home/runner/.m2/repository/io/perfmark/perfmark-api/0.23.0/perfmark-api-0.23.0.jar:/home/runner/.m2/repository/io/netty/netty-codec-http2/4.1.74.Final/netty-codec-http2-4.1.74.Final.jar:/home/runner/.m2/repository/io/netty/netty-common/4.1.74.Final/netty-common-4.1.74.Final.jar:/home/runner/.m2/repository/io/netty/netty-buffer/4.1.74.Final/netty-buffer-4.1.74.Final.jar:/home/runner/.m2/repository/io/netty/netty-codec-http/4.1.74.Final/netty-codec-http-4.1.74.Final.jar:/home/runner/.m2/repository/io/netty/netty-handler-proxy/4.1.74.Final/netty-handler-proxy-4.1.74.Final.jar:/home/runner/.m2/repository/io/netty/netty-codec-socks/4.1.74.Final/netty-codec-socks-4.1.74.Final.jar:/home/runner/.m2/repository/io/netty/netty-tcnative-boringssl-static/2.0.48.Final/netty-tcnative-boringssl-static-2.0.48.Final.jar:/home/runner/.m2/repository/io/netty/netty-tcnative-classes/2.0.48.Final/netty-tcnative-classes-2.0.48.Final.jar:/home/runner/.m2/repository/io/netty/netty-tcnative/2.0.48.Final/netty-tcnative-2.0.48.Final.jar:/home/runner/.m2/repository/org/apache/commons/commons-compress/1.21/commons-compress-1.21.jar:/home/runner/.m2/repository/org/apache/ozone/hdds-common/1.3.0-SNAPSHOT/hdds-common-1.3.0-SNAPSHOT.jar:/home/runner/.m2/repository/org/apache/ozone/hdds-client/1.3.0-SNAPSHOT/hdds-client-1.3.0-SNAPSHOT.jar:/home/runner/.m2/repository/org/apache/ozone/ozone-interface-client/1.3.0-SNAPSHOT/ozone-interface-client-1.3.0-SNAPSHOT.jar:/home/runner/.m2/repository/org/apache/ozone/hdds-test-utils/1.3.0-SNAPSHOT/hdds-test-utils-1.3.0-SNAPSHOT.jar:/home/runner/.m2/repository/com/google/guava/guava/31.1-jre/guava-31.1-jre.jar:/home/runner/.m2/repository/com/google/guava/failureaccess/1.0.1/failureaccess-1.0.1.jar:/home/runner/.m2/repository/com/google/guava/listenablefuture/9999.0-empty-to-avoid-conflict-with-guava/listenablefuture-9999.0-empty-to-avoid-conflict-with-guava.jar:/home/runner/.m2/repository/com/google/code/findbugs/jsr305/3.0.0/jsr305-3.0.0.jar:/home/runner/.m2/repository/org/checkerframework/checker-qual/3.12.0/checker-qual-3.12.0.jar:/home/runner/.m2/repository/com/google/j2objc/j2objc-annotations/1.3/j2objc-annotations-1.3.jar:/home/runner/.m2/repository/commons-io/commons-io/2.11.0/commons-io-2.11.0.jar:/home/runner/.m2/repository/commons-logging/commons-logging/1.2/commons-logging-1.2.jar:/home/runner/.m2/repository/log4j/log4j/1.2.17/log4j-1.2.17.jar:/home/runner/.m2/repository/org/slf4j/slf4j-api/1.7.30/slf4j-api-1.7.30.jar:/home/runner/.m2/repository/org/apache/ozone/hdds-server-scm/1.3.0-SNAPSHOT/hdds-server-scm-1.3.0-SNAPSHOT.jar:/home/runner/.m2/repository/org/apache/ozone/hdds-container-service/1.3.0-SNAPSHOT/hdds-container-service-1.3.0-SNAPSHOT.jar:/home/runner/.m2/repository/org/apache/ozone/hdds-hadoop-dependency-server/1.3.0-SNAPSHOT/hdds-hadoop-dependency-server-1.3.0-SNAPSHOT.jar:/home/runner/.m2/repository/org/apache/hadoop/hadoop-hdfs/3.3.1/hadoop-hdfs-3.3.1.jar:/home/runner/.m2/repository/org/apache/ozone/hdds-server-framework/1.3.0-SNAPSHOT/hdds-server-framework-1.3.0-SNAPSHOT.jar:/home/runner/.m2/repository/org/apache/ozone/hdds-interface-server/1.3.0-SNAPSHOT/hdds-interface-server-1.3.0-SNAPSHOT.jar:/home/runner/.m2/repository/org/apache/logging/log4j/log4j-core/2.17.1/log4j-core-2.17.1.jar:/home/runner/.m2/repository/com/lmax/disruptor/3.4.2/disruptor-3.4.2.jar:/home/runner/.m2/repository/org/eclipse/jetty/jetty-servlet/9.4.43.v20210629/jetty-servlet-9.4.43.v20210629.jar:/home/runner/.m2/repository/org/eclipse/jetty/jetty-security/9.4.43.v20210629/jetty-security-9.4.43.v20210629.jar:/home/runner/.m2/repository/org/rocksdb/rocksdbjni/6.29.5/rocksdbjni-6.29.5.jar:/home/runner/.m2/repository/io/prometheus/simpleclient_dropwizard/0.7.0/simpleclient_dropwizard-0.7.0.jar:/home/runner/.m2/repository/io/prometheus/simpleclient/0.7.0/simpleclient-0.7.0.jar:/home/runner/.m2/repository/io/prometheus/simpleclient_common/0.7.0/simpleclient_common-0.7.0.jar:/home/runner/.m2/repository/io/dropwizard/metrics/metrics-core/3.2.4/metrics-core-3.2.4.jar:/home/runner/.m2/repository/org/apache/hadoop/hadoop-hdfs-client/3.3.1/hadoop-hdfs-client-3.3.1.jar:/home/runner/.m2/repository/org/bouncycastle/bcprov-jdk15on/1.67/bcprov-jdk15on-1.67.jar:/home/runner/.m2/repository/com/google/protobuf/protobuf-java/2.5.0/protobuf-java-2.5.0.jar:/home/runner/.m2/repository/org/apache/ozone/ozone-manager/1.3.0-SNAPSHOT/ozone-manager-1.3.0-SNAPSHOT.jar:/home/runner/.m2/repository/org/aspectj/aspectjrt/1.9.7/aspectjrt-1.9.7.jar:/home/runner/.m2/repository/org/aspectj/aspectjweaver/1.9.7/aspectjweaver-1.9.7.jar:/home/runner/.m2/repository/org/apache/ozone/hdds-interface-client/1.3.0-SNAPSHOT/hdds-interface-client-1.3.0-SNAPSHOT.jar:/home/runner/.m2/repository/org/apache/hadoop/thirdparty/hadoop-shaded-protobuf_3_7/1.1.1/hadoop-shaded-protobuf_3_7-1.1.1.jar:/home/runner/.m2/repository/org/apache/ozone/ozone-interface-storage/1.3.0-SNAPSHOT/ozone-interface-storage-1.3.0-SNAPSHOT.jar:/home/runner/.m2/repository/org/reflections/reflections/0.9.11/reflections-0.9.11.jar:/home/runner/.m2/repository/com/sun/jersey/jersey-client/1.19/jersey-client-1.19.jar:/home/runner/.m2/repository/org/apache/ranger/ranger-intg/3.0.0-SNAPSHOT/ranger-intg-3.0.0-SNAPSHOT.jar:/home/runner/.m2/repository/org/apache/ranger/ranger-plugins-common/3.0.0-SNAPSHOT/ranger-plugins-common-3.0.0-SNAPSHOT.jar:/home/runner/.m2/repository/commons-lang/commons-lang/2.6/commons-lang-2.6.jar:/home/runner/.m2/repository/org/codehaus/jackson/jackson-jaxrs/1.9.13/jackson-jaxrs-1.9.13.jar:/home/runner/.m2/repository/org/apache/ranger/ranger-plugins-cred/3.0.0-SNAPSHOT/ranger-plugins-cred-3.0.0-SNAPSHOT.jar:/home/runner/.m2/repository/org/apache/ranger/ranger-plugins-audit/3.0.0-SNAPSHOT/ranger-plugins-audit-3.0.0-SNAPSHOT.jar:/home/runner/.m2/repository/org/apache/kafka/kafka-clients/2.8.1/kafka-clients-2.8.1.jar:/home/runner/.m2/repository/com/github/luben/zstd-jni/1.4.9-1/zstd-jni-1.4.9-1.jar:/home/runner/.m2/repository/org/apache/solr/solr-solrj/8.6.3/solr-solrj-8.6.3.jar:/home/runner/.m2/repository/org/eclipse/jetty/jetty-client/9.4.44.v20210927/jetty-client-9.4.44.v20210927.jar:/home/runner/.m2/repository/org/apache/httpcomponents/httpmime/4.5.13/httpmime-4.5.13.jar:/home/runner/.m2/repository/org/apache/httpcomponents/httpcore-nio/4.4.14/httpcore-nio-4.4.14.jar:/home/runner/.m2/repository/org/apache/httpcomponents/httpasyncclient/4.1.4/httpasyncclient-4.1.4.jar:/home/runner/.m2/repository/com/carrotsearch/hppc/0.8.0/hppc-0.8.0.jar:/home/runner/.m2/repository/org/apache/hive/hive-storage-api/2.7.2/hive-storage-api-2.7.2.jar:/home/runner/.m2/repository/org/apache/orc/orc-core/1.5.8/orc-core-1.5.8.jar:/home/runner/.m2/repository/com/amazonaws/aws-java-sdk-bundle/1.12.125/aws-java-sdk-bundle-1.12.125.jar:/home/runner/.m2/repository/net/java/dev/jna/jna/5.2.0/jna-5.2.0.jar:/home/runner/.m2/repository/net/java/dev/jna/jna-platform/5.2.0/jna-platform-5.2.0.jar:/home/runner/.m2/repository/com/kstruct/gethostname4j/0.0.2/gethostname4j-0.0.2.jar:/home/runner/.m2/repository/org/apache/ranger/ranger-plugin-classloader/3.0.0-SNAPSHOT/ranger-plugin-classloader-3.0.0-SNAPSHOT.jar:/home/runner/.m2/repository/org/apache/hadoop/hadoop-minikdc/3.3.1/hadoop-minikdc-3.3.1.jar:/home/runner/.m2/repository/org/apache/kerby/kerb-simplekdc/1.0.1/kerb-simplekdc-1.0.1.jar:/home/runner/.m2/repository/org/apache/kerby/kerb-client/1.0.1/kerb-client-1.0.1.jar:/home/runner/.m2/repository/org/apache/kerby/kerby-config/1.0.1/kerby-config-1.0.1.jar:/home/runner/.m2/repository/org/apache/kerby/kerb-common/1.0.1/kerb-common-1.0.1.jar:/home/runner/.m2/repository/org/apache/kerby/kerb-crypto/1.0.1/kerb-crypto-1.0.1.jar:/home/runner/.m2/repository/org/apache/kerby/kerb-util/1.0.1/kerb-util-1.0.1.jar:/home/runner/.m2/repository/org/apache/kerby/token-provider/1.0.1/token-provider-1.0.1.jar:/home/runner/.m2/repository/org/apache/kerby/kerb-admin/1.0.1/kerb-admin-1.0.1.jar:/home/runner/.m2/repository/org/apache/kerby/kerb-server/1.0.1/kerb-server-1.0.1.jar:/home/runner/.m2/repository/org/apache/kerby/kerb-identity/1.0.1/kerb-identity-1.0.1.jar:/home/runner/.m2/repository/org/apache/kerby/kerby-xdr/1.0.1/kerby-xdr-1.0.1.jar:/home/runner/.m2/repository/org/slf4j/slf4j-log4j12/1.7.30/slf4j-log4j12-1.7.30.jar:/home/runner/.m2/repository/org/apache/ozone/ozone-s3gateway/1.3.0-SNAPSHOT/ozone-s3gateway-1.3.0-SNAPSHOT.jar:/home/runner/.m2/repository/org/javassist/javassist/3.21.0-GA/javassist-3.21.0-GA.jar:/home/runner/.m2/repository/org/jboss/weld/servlet/weld-servlet/2.4.7.Final/weld-servlet-2.4.7.Final.jar:/home/runner/.m2/repository/org/glassfish/jersey/containers/jersey-container-servlet-core/2.33/jersey-container-servlet-core-2.33.jar:/home/runner/.m2/repository/org/glassfish/hk2/external/jakarta.inject/2.6.1/jakarta.inject-2.6.1.jar:/home/runner/.m2/repository/org/glassfish/jersey/core/jersey-common/2.33/jersey-common-2.33.jar:/home/runner/.m2/repository/jakarta/ws/rs/jakarta.ws.rs-api/2.1.6/jakarta.ws.rs-api-2.1.6.jar:/home/runner/.m2/repository/org/glassfish/jersey/ext/cdi/jersey-cdi1x/2.33/jersey-cdi1x-2.33.jar:/home/runner/.m2/repository/org/glassfish/jersey/inject/jersey-hk2/2.33/jersey-hk2-2.33.jar:/home/runner/.m2/repository/org/glassfish/hk2/hk2-locator/2.6.1/hk2-locator-2.6.1.jar:/home/runner/.m2/repository/org/glassfish/jersey/media/jersey-media-jaxb/2.33/jersey-media-jaxb-2.33.jar:/home/runner/.m2/repository/org/glassfish/hk2/osgi-resource-locator/1.0.3/osgi-resource-locator-1.0.3.jar:/home/runner/.m2/repository/org/glassfish/hk2/hk2-api/2.5.0/hk2-api-2.5.0.jar:/home/runner/.m2/repository/org/glassfish/hk2/hk2-utils/2.5.0/hk2-utils-2.5.0.jar:/home/runner/.m2/repository/org/glassfish/hk2/external/aopalliance-repackaged/2.5.0/aopalliance-repackaged-2.5.0.jar:/home/runner/.m2/repository/com/fasterxml/jackson/dataformat/jackson-dataformat-xml/2.13.2/jackson-dataformat-xml-2.13.2.jar:/home/runner/.m2/repository/com/fasterxml/jackson/core/jackson-core/2.13.2/jackson-core-2.13.2.jar:/home/runner/.m2/repository/org/codehaus/woodstox/stax2-api/3.1.4/stax2-api-3.1.4.jar:/home/runner/.m2/repository/com/fasterxml/woodstox/woodstox-core/5.0.3/woodstox-core-5.0.3.jar:/home/runner/.m2/repository/com/fasterxml/jackson/module/jackson-module-jaxb-annotations/2.13.2/jackson-module-jaxb-annotations-2.13.2.jar:/home/runner/.m2/repository/jakarta/xml/bind/jakarta.xml.bind-api/2.3.3/jakarta.xml.bind-api-2.3.3.jar:/home/runner/.m2/repository/jakarta/activation/jakarta.activation-api/1.2.1/jakarta.activation-api-1.2.1.jar:/home/runner/.m2/repository/javax/enterprise/cdi-api/1.2/cdi-api-1.2.jar:/home/runner/.m2/repository/javax/el/javax.el-api/3.0.0/javax.el-api-3.0.0.jar:/home/runner/.m2/repository/javax/interceptor/javax.interceptor-api/1.2/javax.interceptor-api-1.2.jar:/home/runner/.m2/repository/javax/inject/javax.inject/1/javax.inject-1.jar:/home/runner/.m2/repository/javax/xml/bind/jaxb-api/2.3.0/jaxb-api-2.3.0.jar:/home/runner/.m2/repository/org/glassfish/jaxb/jaxb-runtime/2.3.0.1/jaxb-runtime-2.3.0.1.jar:/home/runner/.m2/repository/org/glassfish/jaxb/jaxb-core/2.3.0.1/jaxb-core-2.3.0.1.jar:/home/runner/.m2/repository/org/glassfish/jaxb/txw2/2.3.0.1/txw2-2.3.0.1.jar:/home/runner/.m2/repository/com/sun/istack/istack-commons-runtime/3.0.5/istack-commons-runtime-3.0.5.jar:/home/runner/.m2/repository/org/jvnet/staxex/stax-ex/1.7.8/stax-ex-1.7.8.jar:/home/runner/.m2/repository/com/sun/xml/fastinfoset/FastInfoset/1.2.13/FastInfoset-1.2.13.jar:/home/runner/.m2/repository/javax/activation/activation/1.1.1/activation-1.1.1.jar:/home/runner/.m2/repository/io/grpc/grpc-protobuf/1.44.0/grpc-protobuf-1.44.0.jar:/home/runner/.m2/repository/io/grpc/grpc-api/1.44.0/grpc-api-1.44.0.jar:/home/runner/.m2/repository/io/grpc/grpc-context/1.44.0/grpc-context-1.44.0.jar:/home/runner/.m2/repository/com/google/api/grpc/proto-google-common-protos/2.0.1/proto-google-common-protos-2.0.1.jar:/home/runner/.m2/repository/io/grpc/grpc-protobuf-lite/1.44.0/grpc-protobuf-lite-1.44.0.jar:/home/runner/.m2/repository/io/grpc/grpc-stub/1.44.0/grpc-stub-1.44.0.jar:/home/runner/.m2/repository/io/netty/netty-transport/4.1.74.Final/netty-transport-4.1.74.Final.jar:/home/runner/.m2/repository/io/netty/netty-resolver/4.1.74.Final/netty-resolver-4.1.74.Final.jar:/home/runner/.m2/repository/org/apache/ozone/ozone-csi/1.3.0-SNAPSHOT/ozone-csi-1.3.0-SNAPSHOT.jar:/home/runner/.m2/repository/com/google/protobuf/protobuf-java-util/3.19.2/protobuf-java-util-3.19.2.jar:/home/runner/.m2/repository/com/google/code/gson/gson/2.9.0/gson-2.9.0.jar:/home/runner/.m2/repository/org/apache/ozone/hdds-config/1.3.0-SNAPSHOT/hdds-config-1.3.0-SNAPSHOT.jar:/home/runner/.m2/repository/io/netty/netty-transport-native-epoll/4.1.74.Final/netty-transport-native-epoll-4.1.74.Final-linux-x86_64.jar:/home/runner/.m2/repository/io/netty/netty-transport-classes-epoll/4.1.74.Final/netty-transport-classes-epoll-4.1.74.Final.jar:/home/runner/.m2/repository/io/netty/netty-transport-native-unix-common/4.1.74.Final/netty-transport-native-unix-common-4.1.74.Final.jar:/home/runner/.m2/repository/org/apache/ozone/ozone-recon/1.3.0-SNAPSHOT/ozone-recon-1.3.0-SNAPSHOT.jar:/home/runner/.m2/repository/org/apache/ozone/ozone-reconcodegen/1.3.0-SNAPSHOT/ozone-reconcodegen-1.3.0-SNAPSHOT.jar:/home/runner/.m2/repository/com/google/inject/extensions/guice-multibindings/4.0/guice-multibindings-4.0.jar:/home/runner/.m2/repository/com/google/inject/guice/4.0/guice-4.0.jar:/home/runner/.m2/repository/aopalliance/aopalliance/1.0/aopalliance-1.0.jar:/home/runner/.m2/repository/com/google/inject/extensions/guice-assistedinject/4.0/guice-assistedinject-4.0.jar:/home/runner/.m2/repository/com/google/inject/extensions/guice-servlet/4.0/guice-servlet-4.0.jar:/home/runner/.m2/repository/org/glassfish/jersey/containers/jersey-container-servlet/2.33/jersey-container-servlet-2.33.jar:/home/runner/.m2/repository/org/glassfish/hk2/guice-bridge/2.5.0/guice-bridge-2.5.0.jar:/home/runner/.m2/repository/org/glassfish/jersey/core/jersey-server/2.33/jersey-server-2.33.jar:/home/runner/.m2/repository/org/glassfish/jersey/core/jersey-client/2.33/jersey-client-2.33.jar:/home/runner/.m2/repository/jakarta/annotation/jakarta.annotation-api/1.3.5/jakarta.annotation-api-1.3.5.jar:/home/runner/.m2/repository/jakarta/validation/jakarta.validation-api/2.0.2/jakarta.validation-api-2.0.2.jar:/home/runner/.m2/repository/org/glassfish/jersey/media/jersey-media-json-jackson/2.33/jersey-media-json-jackson-2.33.jar:/home/runner/.m2/repository/org/glassfish/jersey/ext/jersey-entity-filtering/2.33/jersey-entity-filtering-2.33.jar:/home/runner/.m2/repository/org/jooq/jooq/3.11.10/jooq-3.11.10.jar:/home/runner/.m2/repository/org/jooq/jooq-meta/3.11.10/jooq-meta-3.11.10.jar:/home/runner/.m2/repository/org/jooq/jooq-codegen/3.11.10/jooq-codegen-3.11.10.jar:/home/runner/.m2/repository/com/jolbox/bonecp/0.8.0.RELEASE/bonecp-0.8.0.RELEASE.jar:/home/runner/.m2/repository/org/apache/derby/derby/10.14.2.0/derby-10.14.2.0.jar:/home/runner/.m2/repository/org/xerial/sqlite-jdbc/3.25.2/sqlite-jdbc-3.25.2.jar:/home/runner/.m2/repository/org/springframework/spring-jdbc/5.2.20.RELEASE/spring-jdbc-5.2.20.RELEASE.jar:/home/runner/.m2/repository/org/springframework/spring-beans/5.2.20.RELEASE/spring-beans-5.2.20.RELEASE.jar:/home/runner/.m2/repository/org/springframework/spring-core/5.2.20.RELEASE/spring-core-5.2.20.RELEASE.jar:/home/runner/.m2/repository/org/springframework/spring-jcl/5.2.20.RELEASE/spring-jcl-5.2.20.RELEASE.jar:/home/runner/.m2/repository/org/springframework/spring-tx/5.2.20.RELEASE/spring-tx-5.2.20.RELEASE.jar:/home/runner/.m2/repository/org/apache/ozone/ozone-client/1.3.0-SNAPSHOT/ozone-client-1.3.0-SNAPSHOT.jar:/home/runner/.m2/repository/org/apache/ozone/hdds-erasurecode/1.3.0-SNAPSHOT/hdds-erasurecode-1.3.0-SNAPSHOT.jar:/home/runner/.m2/repository/com/github/spotbugs/spotbugs-annotations/3.1.12/spotbugs-annotations-3.1.12.jar:/home/runner/.m2/repository/org/apache/ozone/ozone-filesystem/1.3.0-SNAPSHOT/ozone-filesystem-1.3.0-SNAPSHOT.jar:/home/runner/.m2/repository/org/apache/ozone/ozone-filesystem-common/1.3.0-SNAPSHOT/ozone-filesystem-common-1.3.0-SNAPSHOT.jar:/home/runner/.m2/repository/org/apache/ozone/ozone-tools/1.3.0-SNAPSHOT/ozone-tools-1.3.0-SNAPSHOT.jar:/home/runner/.m2/repository/org/apache/ratis/ratis-tools/2.3.0/ratis-tools-2.3.0.jar:/home/runner/.m2/repository/com/amazonaws/aws-java-sdk-core/1.12.124/aws-java-sdk-core-1.12.124.jar:/home/runner/.m2/repository/org/apache/httpcomponents/httpclient/4.5.13/httpclient-4.5.13.jar:/home/runner/.m2/repository/org/apache/httpcomponents/httpcore/4.4.13/httpcore-4.4.13.jar:/home/runner/.m2/repository/software/amazon/ion/ion-java/1.0.2/ion-java-1.0.2.jar:/home/runner/.m2/repository/com/fasterxml/jackson/dataformat/jackson-dataformat-cbor/2.13.2/jackson-dataformat-cbor-2.13.2.jar:/home/runner/.m2/repository/joda-time/joda-time/2.8.1/joda-time-2.8.1.jar:/home/runner/.m2/repository/com/amazonaws/aws-java-sdk-s3/1.12.124/aws-java-sdk-s3-1.12.124.jar:/home/runner/.m2/repository/com/amazonaws/aws-java-sdk-kms/1.12.124/aws-java-sdk-kms-1.12.124.jar:/home/runner/.m2/repository/com/amazonaws/jmespath-java/1.12.124/jmespath-java-1.12.124.jar:/home/runner/.m2/repository/org/kohsuke/metainf-services/metainf-services/1.8/metainf-services-1.8.jar:/home/runner/.m2/repository/org/apache/ozone/hdds-tools/1.3.0-SNAPSHOT/hdds-tools-1.3.0-SNAPSHOT.jar:/home/runner/.m2/repository/commons-cli/commons-cli/1.2/commons-cli-1.2.jar:/home/runner/.m2/repository/org/apache/commons/commons-lang3/3.7/commons-lang3-3.7.jar:/home/runner/.m2/repository/org/apache/ozone/ozone-manager/1.3.0-SNAPSHOT/ozone-manager-1.3.0-SNAPSHOT-tests.jar:/home/runner/.m2/repository/org/apache/ozone/hdds-common/1.3.0-SNAPSHOT/hdds-common-1.3.0-SNAPSHOT-tests.jar:/home/runner/.m2/repository/org/apache/ozone/hdds-hadoop-dependency-client/1.3.0-SNAPSHOT/hdds-hadoop-dependency-client-1.3.0-SNAPSHOT.jar:/home/runner/.m2/repository/info/picocli/picocli/4.6.1/picocli-4.6.1.jar:/home/runner/.m2/repository/com/fasterxml/jackson/core/jackson-annotations/2.13.2/jackson-annotations-2.13.2.jar:/home/runner/.m2/repository/com/fasterxml/jackson/datatype/jackson-datatype-jsr310/2.13.2/jackson-datatype-jsr310-2.13.2.jar:/home/runner/.m2/repository/javax/annotation/javax.annotation-api/1.2/javax.annotation-api-1.2.jar:/home/runner/.m2/repository/org/apache/ratis/ratis-server/2.3.0/ratis-server-2.3.0.jar:/home/runner/.m2/repository/org/apache/ratis/ratis-client/2.3.0/ratis-client-2.3.0.jar:/home/runner/.m2/repository/org/apache/ratis/ratis-server-api/2.3.0/ratis-server-api-2.3.0.jar:/home/runner/.m2/repository/org/apache/ratis/ratis-metrics/2.3.0/ratis-metrics-2.3.0.jar:/home/runner/.m2/repository/org/apache/ratis/ratis-netty/2.3.0/ratis-netty-2.3.0.jar:/home/runner/.m2/repository/org/apache/ratis/ratis-grpc/2.3.0/ratis-grpc-2.3.0.jar:/home/runner/.m2/repository/org/apache/logging/log4j/log4j-api/2.17.1/log4j-api-2.17.1.jar:/home/runner/.m2/repository/org/apache/commons/commons-pool2/2.6.0/commons-pool2-2.6.0.jar:/home/runner/.m2/repository/org/bouncycastle/bcpkix-jdk15on/1.67/bcpkix-jdk15on-1.67.jar:/home/runner/.m2/repository/commons-validator/commons-validator/1.6/commons-validator-1.6.jar:/home/runner/.m2/repository/commons-beanutils/commons-beanutils/1.9.4/commons-beanutils-1.9.4.jar:/home/runner/.m2/repository/commons-digester/commons-digester/1.8.1/commons-digester-1.8.1.jar:/home/runner/.m2/repository/commons-collections/commons-collections/3.2.2/commons-collections-3.2.2.jar:/home/runner/.m2/repository/io/jaegertracing/jaeger-client/1.6.0/jaeger-client-1.6.0.jar:/home/runner/.m2/repository/io/jaegertracing/jaeger-thrift/1.6.0/jaeger-thrift-1.6.0.jar:/home/runner/.m2/repository/org/apache/thrift/libthrift/0.14.1/libthrift-0.14.1.jar:/home/runner/.m2/repository/com/squareup/okhttp3/okhttp/4.9.0/okhttp-4.9.0.jar:/home/runner/.m2/repository/com/squareup/okio/okio/2.8.0/okio-2.8.0.jar:/home/runner/.m2/repository/io/jaegertracing/jaeger-core/1.6.0/jaeger-core-1.6.0.jar:/home/runner/.m2/repository/io/jaegertracing/jaeger-tracerresolver/1.6.0/jaeger-tracerresolver-1.6.0.jar:/home/runner/.m2/repository/io/opentracing/contrib/opentracing-tracerresolver/0.1.8/opentracing-tracerresolver-0.1.8.jar:/home/runner/.m2/repository/org/jetbrains/kotlin/kotlin-stdlib/1.6.21/kotlin-stdlib-1.6.21.jar:/home/runner/.m2/repository/org/jetbrains/kotlin/kotlin-stdlib-common/1.6.21/kotlin-stdlib-common-1.6.21.jar:/home/runner/.m2/repository/org/jetbrains/annotations/13.0/annotations-13.0.jar:/home/runner/.m2/repository/io/opentracing/opentracing-util/0.33.0/opentracing-util-0.33.0.jar:/home/runner/.m2/repository/io/opentracing/opentracing-api/0.33.0/opentracing-api-0.33.0.jar:/home/runner/.m2/repository/io/opentracing/opentracing-noop/0.33.0/opentracing-noop-0.33.0.jar:/home/runner/.m2/repository/org/yaml/snakeyaml/1.26/snakeyaml-1.26.jar:/home/runner/.m2/repository/org/apache/ozone/hdds-interface-admin/1.3.0-SNAPSHOT/hdds-interface-admin-1.3.0-SNAPSHOT.jar:/home/runner/.m2/repository/junit/junit/4.13.1/junit-4.13.1.jar:/home/runner/.m2/repository/org/hamcrest/hamcrest-core/1.3/hamcrest-core-1.3.jar:/home/runner/.m2/repository/org/junit/jupiter/junit-jupiter-api/5.8.2/junit-jupiter-api-5.8.2.jar:/home/runner/.m2/repository/org/opentest4j/opentest4j/1.2.0/opentest4j-1.2.0.jar:/home/runner/.m2/repository/org/junit/platform/junit-platform-commons/1.8.2/junit-platform-commons-1.8.2.jar:/home/runner/.m2/repository/org/apiguardian/apiguardian-api/1.1.2/apiguardian-api-1.1.2.jar:/home/runner/.m2/repository/org/junit/jupiter/junit-jupiter-params/5.8.2/junit-jupiter-params-5.8.2.jar:/home/runner/.m2/repository/org/junit/jupiter/junit-jupiter-migrationsupport/5.8.2/junit-jupiter-migrationsupport-5.8.2.jar:/home/runner/.m2/repository/org/junit/jupiter/junit-jupiter-engine/5.8.2/junit-jupiter-engine-5.8.2.jar:/home/runner/.m2/repository/org/junit/platform/junit-platform-engine/1.8.2/junit-platform-engine-1.8.2.jar:/home/runner/.m2/repository/org/junit/vintage/junit-vintage-engine/5.8.2/junit-vintage-engine-5.8.2.jar:/home/runner/.m2/repository/org/junit/platform/junit-platform-launcher/1.8.2/junit-platform-launcher-1.8.2.jar:/home/runner/.m2/repository/org/mockito/mockito-core/2.28.2/mockito-core-2.28.2.jar:/home/runner/.m2/repository/net/bytebuddy/byte-buddy/1.9.10/byte-buddy-1.9.10.jar:/home/runner/.m2/repository/net/bytebuddy/byte-buddy-agent/1.9.10/byte-buddy-agent-1.9.10.jar:/home/runner/.m2/repository/org/objenesis/objenesis/1.0/objenesis-1.0.jar:/home/runner/.m2/repository/org/apache/hadoop/hadoop-kms/3.3.1/hadoop-kms-3.3.1.jar:/home/runner/.m2/repository/org/apache/hadoop/hadoop-auth/3.3.1/hadoop-auth-3.3.1.jar:/home/runner/.m2/repository/com/nimbusds/nimbus-jose-jwt/7.9/nimbus-jose-jwt-7.9.jar:/home/runner/.m2/repository/com/github/stephenc/jcip/jcip-annotations/1.0-1/jcip-annotations-1.0-1.jar:/home/runner/.m2/repository/net/minidev/json-smart/2.4.7/json-smart-2.4.7.jar:/home/runner/.m2/repository/net/minidev/accessors-smart/2.4.7/accessors-smart-2.4.7.jar:/home/runner/.m2/repository/org/ow2/asm/asm/5.0.4/asm-5.0.4.jar:/home/runner/.m2/repository/org/apache/zookeeper/zookeeper/3.5.6/zookeeper-3.5.6.jar:/home/runner/.m2/repository/org/apache/zookeeper/zookeeper-jute/3.5.6/zookeeper-jute-3.5.6.jar:/home/runner/.m2/repository/org/apache/yetus/audience-annotations/0.5.0/audience-annotations-0.5.0.jar:/home/runner/.m2/repository/org/apache/curator/curator-framework/4.2.0/curator-framework-4.2.0.jar:/home/runner/.m2/repository/org/apache/hadoop/thirdparty/hadoop-shaded-guava/1.1.1/hadoop-shaded-guava-1.1.1.jar:/home/runner/.m2/repository/com/sun/jersey/jersey-core/1.19/jersey-core-1.19.jar:/home/runner/.m2/repository/javax/ws/rs/jsr311-api/1.1.1/jsr311-api-1.1.1.jar:/home/runner/.m2/repository/com/sun/jersey/jersey-server/1.19/jersey-server-1.19.jar:/home/runner/.m2/repository/javax/servlet/javax.servlet-api/3.1.0/javax.servlet-api-3.1.0.jar:/home/runner/.m2/repository/org/eclipse/jetty/jetty-server/9.4.43.v20210629/jetty-server-9.4.43.v20210629.jar:/home/runner/.m2/repository/org/eclipse/jetty/jetty-http/9.4.43.v20210629/jetty-http-9.4.43.v20210629.jar:/home/runner/.m2/repository/org/eclipse/jetty/jetty-io/9.4.43.v20210629/jetty-io-9.4.43.v20210629.jar:/home/runner/.m2/repository/org/eclipse/jetty/jetty-webapp/9.4.43.v20210629/jetty-webapp-9.4.43.v20210629.jar:/home/runner/.m2/repository/org/eclipse/jetty/jetty-xml/9.4.43.v20210629/jetty-xml-9.4.43.v20210629.jar:/home/runner/.m2/repository/org/apache/hadoop/hadoop-common/3.3.1/hadoop-common-3.3.1.jar:/home/runner/.m2/repository/org/apache/commons/commons-math3/3.1.1/commons-math3-3.1.1.jar:/home/runner/.m2/repository/commons-net/commons-net/3.6/commons-net-3.6.jar:/home/runner/.m2/repository/com/sun/jersey/jersey-servlet/1.19/jersey-servlet-1.19.jar:/home/runner/.m2/repository/com/sun/jersey/jersey-json/1.19/jersey-json-1.19.jar:/home/runner/.m2/repository/org/codehaus/jettison/jettison/1.1/jettison-1.1.jar:/home/runner/.m2/repository/com/sun/xml/bind/jaxb-impl/2.2.3-1/jaxb-impl-2.2.3-1.jar:/home/runner/.m2/repository/org/codehaus/jackson/jackson-xc/1.9.2/jackson-xc-1.9.2.jar:/home/runner/.m2/repository/org/apache/commons/commons-configuration2/2.1.1/commons-configuration2-2.1.1.jar:/home/runner/.m2/repository/org/apache/commons/commons-text/1.4/commons-text-1.4.jar:/home/runner/.m2/repository/com/google/re2j/re2j/1.1/re2j-1.1.jar:/home/runner/.m2/repository/com/jcraft/jsch/0.1.54/jsch-0.1.54.jar:/home/runner/.m2/repository/org/apache/curator/curator-client/4.2.0/curator-client-4.2.0.jar:/home/runner/.m2/repository/org/apache/curator/curator-recipes/4.2.0/curator-recipes-4.2.0.jar:/home/runner/.m2/repository/org/apache/kerby/kerb-core/1.0.1/kerb-core-1.0.1.jar:/home/runner/.m2/repository/org/apache/kerby/kerby-pkix/1.0.1/kerby-pkix-1.0.1.jar:/home/runner/.m2/repository/org/apache/kerby/kerby-asn1/1.0.1/kerby-asn1-1.0.1.jar:/home/runner/.m2/repository/org/apache/kerby/kerby-util/1.0.1/kerby-util-1.0.1.jar:/home/runner/.m2/repository/dnsjava/dnsjava/2.1.7/dnsjava-2.1.7.jar:/home/runner/.m2/repository/org/xerial/snappy/snappy-java/1.1.8.2/snappy-java-1.1.8.2.jar:/home/runner/.m2/repository/org/slf4j/jul-to-slf4j/1.7.30/jul-to-slf4j-1.7.30.jar:/home/runner/.m2/repository/org/eclipse/jetty/jetty-util/9.4.43.v20210629/jetty-util-9.4.43.v20210629.jar:/home/runner/.m2/repository/com/fasterxml/jackson/core/jackson-databind/2.13.2.2/jackson-databind-2.13.2.2.jar:/home/runner/.m2/repository/org/apache/hadoop/hadoop-kms/3.3.1/hadoop-kms-3.3.1-tests.jar:/home/runner/.m2/repository/org/apache/ozone/hdds-server-scm/1.3.0-SNAPSHOT/hdds-server-scm-1.3.0-SNAPSHOT-tests.jar:/home/runner/.m2/repository/org/apache/ozone/hdds-container-service/1.3.0-SNAPSHOT/hdds-container-service-1.3.0-SNAPSHOT-tests.jar:/home/runner/.m2/repository/commons-codec/commons-codec/1.11/commons-codec-1.11.jar:/home/runner/.m2/repository/io/netty/netty-codec/4.1.74.Final/netty-codec-4.1.74.Final.jar:/home/runner/.m2/repository/io/netty/netty-handler/4.1.74.Final/netty-handler-4.1.74.Final.jar:/home/runner/.m2/repository/org/apache/ozone/hdds-hadoop-dependency-test/1.3.0-SNAPSHOT/hdds-hadoop-dependency-test-1.3.0-SNAPSHOT.jar:/home/runner/.m2/repository/org/apache/hadoop/hadoop-common/3.3.1/hadoop-common-3.3.1-tests.jar:/home/runner/.m2/repository/org/assertj/assertj-core/3.12.2/assertj-core-3.12.2.jar:/home/runner/.m2/repository/org/apache/hadoop/hadoop-hdfs/3.3.1/hadoop-hdfs-3.3.1-tests.jar:/home/runner/.m2/repository/org/eclipse/jetty/jetty-util-ajax/9.4.43.v20210629/jetty-util-ajax-9.4.43.v20210629.jar:/home/runner/.m2/repository/commons-daemon/commons-daemon/1.0.13/commons-daemon-1.0.13.jar:/home/runner/.m2/repository/io/netty/netty/3.10.6.Final/netty-3.10.6.Final.jar:/home/runner/.m2/repository/io/netty/netty-all/4.1.74.Final/netty-all-4.1.74.Final.jar:/home/runner/.m2/repository/io/netty/netty-codec-dns/4.1.74.Final/netty-codec-dns-4.1.74.Final.jar:/home/runner/.m2/repository/io/netty/netty-codec-haproxy/4.1.74.Final/netty-codec-haproxy-4.1.74.Final.jar:/home/runner/.m2/repository/io/netty/netty-codec-memcache/4.1.74.Final/netty-codec-memcache-4.1.74.Final.jar:/home/runner/.m2/repository/io/netty/netty-codec-mqtt/4.1.74.Final/netty-codec-mqtt-4.1.74.Final.jar:/home/runner/.m2/repository/io/netty/netty-codec-redis/4.1.74.Final/netty-codec-redis-4.1.74.Final.jar:/home/runner/.m2/repository/io/netty/netty-codec-smtp/4.1.74.Final/netty-codec-smtp-4.1.74.Final.jar:/home/runner/.m2/repository/io/netty/netty-codec-stomp/4.1.74.Final/netty-codec-stomp-4.1.74.Final.jar:/home/runner/.m2/repository/io/netty/netty-codec-xml/4.1.74.Final/netty-codec-xml-4.1.74.Final.jar:/home/runner/.m2/repository/io/netty/netty-resolver-dns/4.1.74.Final/netty-resolver-dns-4.1.74.Final.jar:/home/runner/.m2/repository/io/netty/netty-transport-rxtx/4.1.74.Final/netty-transport-rxtx-4.1.74.Final.jar:/home/runner/.m2/repository/io/netty/netty-transport-sctp/4.1.74.Final/netty-transport-sctp-4.1.74.Final.jar:/home/runner/.m2/repository/io/netty/netty-transport-udt/4.1.74.Final/netty-transport-udt-4.1.74.Final.jar:/home/runner/.m2/repository/io/netty/netty-transport-classes-kqueue/4.1.74.Final/netty-transport-classes-kqueue-4.1.74.Final.jar:/home/runner/.m2/repository/io/netty/netty-resolver-dns-classes-macos/4.1.74.Final/netty-resolver-dns-classes-macos-4.1.74.Final.jar:/home/runner/.m2/repository/io/netty/netty-transport-native-epoll/4.1.74.Final/netty-transport-native-epoll-4.1.74.Final-linux-aarch_64.jar:/home/runner/.m2/repository/io/netty/netty-transport-native-kqueue/4.1.74.Final/netty-transport-native-kqueue-4.1.74.Final-osx-x86_64.jar:/home/runner/.m2/repository/io/netty/netty-transport-native-kqueue/4.1.74.Final/netty-transport-native-kqueue-4.1.74.Final-osx-aarch_64.jar:/home/runner/.m2/repository/io/netty/netty-resolver-dns-native-macos/4.1.74.Final/netty-resolver-dns-native-macos-4.1.74.Final-osx-x86_64.jar:/home/runner/.m2/repository/io/netty/netty-resolver-dns-native-macos/4.1.74.Final/netty-resolver-dns-native-macos-4.1.74.Final-osx-aarch_64.jar:/home/runner/.m2/repository/org/apache/htrace/htrace-core4/4.1.0-incubating/htrace-core4-4.1.0-incubating.jar:/home/runner/.m2/repository/org/fusesource/leveldbjni/leveldbjni-all/1.8/leveldbjni-all-1.8.jar:/home/runner/.m2/repository/org/apache/hadoop/hadoop-distcp/3.3.1/hadoop-distcp-3.3.1.jar:/home/runner/.m2/repository/org/apache/hadoop/hadoop-mapreduce-client-jobclient/3.3.1/hadoop-mapreduce-client-jobclient-3.3.1.jar:/home/runner/.m2/repository/org/apache/hadoop/hadoop-mapreduce-client-common/3.3.1/hadoop-mapreduce-client-common-3.3.1.jar:/home/runner/.m2/repository/org/apache/hadoop/hadoop-yarn-common/3.3.1/hadoop-yarn-common-3.3.1.jar:/home/runner/.m2/repository/org/apache/hadoop/hadoop-yarn-api/3.3.1/hadoop-yarn-api-3.3.1.jar:/home/runner/.m2/repository/com/sun/jersey/contribs/jersey-guice/1.19/jersey-guice-1.19.jar:/home/runner/.m2/repository/com/fasterxml/jackson/jaxrs/jackson-jaxrs-json-provider/2.13.2/jackson-jaxrs-json-provider-2.13.2.jar:/home/runner/.m2/repository/com/fasterxml/jackson/jaxrs/jackson-jaxrs-base/2.13.2/jackson-jaxrs-base-2.13.2.jar:/home/runner/.m2/repository/org/apache/hadoop/hadoop-yarn-client/3.3.1/hadoop-yarn-client-3.3.1.jar:/home/runner/.m2/repository/org/eclipse/jetty/websocket/websocket-client/9.4.40.v20210413/websocket-client-9.4.40.v20210413.jar:/home/runner/.m2/repository/org/eclipse/jetty/websocket/websocket-common/9.4.40.v20210413/websocket-common-9.4.40.v20210413.jar:/home/runner/.m2/repository/org/eclipse/jetty/websocket/websocket-api/9.4.40.v20210413/websocket-api-9.4.40.v20210413.jar:/home/runner/.m2/repository/org/jline/jline/3.9.0/jline-3.9.0.jar:/home/runner/.m2/repository/org/apache/hadoop/hadoop-mapreduce-client-core/3.3.1/hadoop-mapreduce-client-core-3.3.1.jar:/home/runner/.m2/repository/org/apache/avro/avro/1.7.7/avro-1.7.7.jar:/home/runner/.m2/repository/org/codehaus/jackson/jackson-core-asl/1.9.13/jackson-core-asl-1.9.13.jar:/home/runner/.m2/repository/org/codehaus/jackson/jackson-mapper-asl/1.9.13/jackson-mapper-asl-1.9.13.jar:/home/runner/.m2/repository/com/thoughtworks/paranamer/paranamer/2.3/paranamer-2.3.jar:/home/runner/.m2/repository/org/apache/hadoop/hadoop-annotations/3.3.1/hadoop-annotations-3.3.1.jar:/usr/lib/jvm/temurin-8-jdk-amd64/jre/../lib/tools.jar:/home/runner/.m2/repository/org/apache/hadoop/hadoop-distcp/3.3.1/hadoop-distcp-3.3.1-tests.jar:/home/runner/.m2/repository/org/apache/ratis/ratis-common/2.3.0/ratis-common-2.3.0.jar:/home/runner/.m2/repository/org/apache/ratis/ratis-thirdparty-misc/1.0.0/ratis-thirdparty-misc-1.0.0.jar:/home/runner/.m2/repository/org/apache/ratis/ratis-proto/2.3.0/ratis-proto-2.3.0.jar:/home/runner/.m2/repository/org/apache/ozone/ozone-annotation-processing/1.3.0-SNAPSHOT/ozone-annotation-processing-1.3.0-SNAPSHOT.jar:"/>
    <property name="java.vm.vendor" value="Temurin"/>
    <property name="sun.arch.data.model" value="64"/>
    <property name="test.build.dir" value="/home/runner/work/ozone/ozone/hadoop-ozone/integration-test/target/test-dir"/>
    <property name="test.cache.data" value=""/>
    <property name="java.vendor.url" value="https://adoptium.net/"/>
    <property name="user.timezone" value="Etc/UTC"/>
    <property name="java.vm.specification.version" value="1.8"/>
    <property name="os.name" value="Linux"/>
    <property name="test.build.data" value="/home/runner/work/ozone/ozone/hadoop-ozone/integration-test/target/test-dir"/>
    <property name="sun.java.launcher" value="SUN_STANDARD"/>
    <property name="sun.boot.library.path" value="/usr/lib/jvm/temurin-8-jdk-amd64/jre/lib/amd64"/>
    <property name="sun.java.command" value="/home/runner/work/ozone/ozone/hadoop-ozone/integration-test/target/surefire/surefirebooter2161548475452431857.jar /home/runner/work/ozone/ozone/hadoop-ozone/integration-test/target/surefire 2022-07-02T07-05-55_267-jvmRun1 surefire5337598446105059466tmp surefire_87563548334718149434tmp"/>
    <property name="surefire.test.class.path" value="/home/runner/work/ozone/ozone/hadoop-ozone/integration-test/target/test-classes:/home/runner/work/ozone/ozone/hadoop-ozone/integration-test/target/classes:/home/runner/.m2/repository/org/apache/ozone/ozone-common/1.3.0-SNAPSHOT/ozone-common-1.3.0-SNAPSHOT.jar:/home/runner/.m2/repository/io/grpc/grpc-netty/1.44.0/grpc-netty-1.44.0.jar:/home/runner/.m2/repository/io/grpc/grpc-core/1.44.0/grpc-core-1.44.0.jar:/home/runner/.m2/repository/com/google/android/annotations/4.1.1.4/annotations-4.1.1.4.jar:/home/runner/.m2/repository/org/codehaus/mojo/animal-sniffer-annotations/1.19/animal-sniffer-annotations-1.19.jar:/home/runner/.m2/repository/com/google/errorprone/error_prone_annotations/2.2.0/error_prone_annotations-2.2.0.jar:/home/runner/.m2/repository/io/perfmark/perfmark-api/0.23.0/perfmark-api-0.23.0.jar:/home/runner/.m2/repository/io/netty/netty-codec-http2/4.1.74.Final/netty-codec-http2-4.1.74.Final.jar:/home/runner/.m2/repository/io/netty/netty-common/4.1.74.Final/netty-common-4.1.74.Final.jar:/home/runner/.m2/repository/io/netty/netty-buffer/4.1.74.Final/netty-buffer-4.1.74.Final.jar:/home/runner/.m2/repository/io/netty/netty-codec-http/4.1.74.Final/netty-codec-http-4.1.74.Final.jar:/home/runner/.m2/repository/io/netty/netty-handler-proxy/4.1.74.Final/netty-handler-proxy-4.1.74.Final.jar:/home/runner/.m2/repository/io/netty/netty-codec-socks/4.1.74.Final/netty-codec-socks-4.1.74.Final.jar:/home/runner/.m2/repository/io/netty/netty-tcnative-boringssl-static/2.0.48.Final/netty-tcnative-boringssl-static-2.0.48.Final.jar:/home/runner/.m2/repository/io/netty/netty-tcnative-classes/2.0.48.Final/netty-tcnative-classes-2.0.48.Final.jar:/home/runner/.m2/repository/io/netty/netty-tcnative/2.0.48.Final/netty-tcnative-2.0.48.Final.jar:/home/runner/.m2/repository/org/apache/commons/commons-compress/1.21/commons-compress-1.21.jar:/home/runner/.m2/repository/org/apache/ozone/hdds-common/1.3.0-SNAPSHOT/hdds-common-1.3.0-SNAPSHOT.jar:/home/runner/.m2/repository/org/apache/ozone/hdds-client/1.3.0-SNAPSHOT/hdds-client-1.3.0-SNAPSHOT.jar:/home/runner/.m2/repository/org/apache/ozone/ozone-interface-client/1.3.0-SNAPSHOT/ozone-interface-client-1.3.0-SNAPSHOT.jar:/home/runner/.m2/repository/org/apache/ozone/hdds-test-utils/1.3.0-SNAPSHOT/hdds-test-utils-1.3.0-SNAPSHOT.jar:/home/runner/.m2/repository/com/google/guava/guava/31.1-jre/guava-31.1-jre.jar:/home/runner/.m2/repository/com/google/guava/failureaccess/1.0.1/failureaccess-1.0.1.jar:/home/runner/.m2/repository/com/google/guava/listenablefuture/9999.0-empty-to-avoid-conflict-with-guava/listenablefuture-9999.0-empty-to-avoid-conflict-with-guava.jar:/home/runner/.m2/repository/com/google/code/findbugs/jsr305/3.0.0/jsr305-3.0.0.jar:/home/runner/.m2/repository/org/checkerframework/checker-qual/3.12.0/checker-qual-3.12.0.jar:/home/runner/.m2/repository/com/google/j2objc/j2objc-annotations/1.3/j2objc-annotations-1.3.jar:/home/runner/.m2/repository/commons-io/commons-io/2.11.0/commons-io-2.11.0.jar:/home/runner/.m2/repository/commons-logging/commons-logging/1.2/commons-logging-1.2.jar:/home/runner/.m2/repository/log4j/log4j/1.2.17/log4j-1.2.17.jar:/home/runner/.m2/repository/org/slf4j/slf4j-api/1.7.30/slf4j-api-1.7.30.jar:/home/runner/.m2/repository/org/apache/ozone/hdds-server-scm/1.3.0-SNAPSHOT/hdds-server-scm-1.3.0-SNAPSHOT.jar:/home/runner/.m2/repository/org/apache/ozone/hdds-container-service/1.3.0-SNAPSHOT/hdds-container-service-1.3.0-SNAPSHOT.jar:/home/runner/.m2/repository/org/apache/ozone/hdds-hadoop-dependency-server/1.3.0-SNAPSHOT/hdds-hadoop-dependency-server-1.3.0-SNAPSHOT.jar:/home/runner/.m2/repository/org/apache/hadoop/hadoop-hdfs/3.3.1/hadoop-hdfs-3.3.1.jar:/home/runner/.m2/repository/org/apache/ozone/hdds-server-framework/1.3.0-SNAPSHOT/hdds-server-framework-1.3.0-SNAPSHOT.jar:/home/runner/.m2/repository/org/apache/ozone/hdds-interface-server/1.3.0-SNAPSHOT/hdds-interface-server-1.3.0-SNAPSHOT.jar:/home/runner/.m2/repository/org/apache/logging/log4j/log4j-core/2.17.1/log4j-core-2.17.1.jar:/home/runner/.m2/repository/com/lmax/disruptor/3.4.2/disruptor-3.4.2.jar:/home/runner/.m2/repository/org/eclipse/jetty/jetty-servlet/9.4.43.v20210629/jetty-servlet-9.4.43.v20210629.jar:/home/runner/.m2/repository/org/eclipse/jetty/jetty-security/9.4.43.v20210629/jetty-security-9.4.43.v20210629.jar:/home/runner/.m2/repository/org/rocksdb/rocksdbjni/6.29.5/rocksdbjni-6.29.5.jar:/home/runner/.m2/repository/io/prometheus/simpleclient_dropwizard/0.7.0/simpleclient_dropwizard-0.7.0.jar:/home/runner/.m2/repository/io/prometheus/simpleclient/0.7.0/simpleclient-0.7.0.jar:/home/runner/.m2/repository/io/prometheus/simpleclient_common/0.7.0/simpleclient_common-0.7.0.jar:/home/runner/.m2/repository/io/dropwizard/metrics/metrics-core/3.2.4/metrics-core-3.2.4.jar:/home/runner/.m2/repository/org/apache/hadoop/hadoop-hdfs-client/3.3.1/hadoop-hdfs-client-3.3.1.jar:/home/runner/.m2/repository/org/bouncycastle/bcprov-jdk15on/1.67/bcprov-jdk15on-1.67.jar:/home/runner/.m2/repository/com/google/protobuf/protobuf-java/2.5.0/protobuf-java-2.5.0.jar:/home/runner/.m2/repository/org/apache/ozone/ozone-manager/1.3.0-SNAPSHOT/ozone-manager-1.3.0-SNAPSHOT.jar:/home/runner/.m2/repository/org/aspectj/aspectjrt/1.9.7/aspectjrt-1.9.7.jar:/home/runner/.m2/repository/org/aspectj/aspectjweaver/1.9.7/aspectjweaver-1.9.7.jar:/home/runner/.m2/repository/org/apache/ozone/hdds-interface-client/1.3.0-SNAPSHOT/hdds-interface-client-1.3.0-SNAPSHOT.jar:/home/runner/.m2/repository/org/apache/hadoop/thirdparty/hadoop-shaded-protobuf_3_7/1.1.1/hadoop-shaded-protobuf_3_7-1.1.1.jar:/home/runner/.m2/repository/org/apache/ozone/ozone-interface-storage/1.3.0-SNAPSHOT/ozone-interface-storage-1.3.0-SNAPSHOT.jar:/home/runner/.m2/repository/org/reflections/reflections/0.9.11/reflections-0.9.11.jar:/home/runner/.m2/repository/com/sun/jersey/jersey-client/1.19/jersey-client-1.19.jar:/home/runner/.m2/repository/org/apache/ranger/ranger-intg/3.0.0-SNAPSHOT/ranger-intg-3.0.0-SNAPSHOT.jar:/home/runner/.m2/repository/org/apache/ranger/ranger-plugins-common/3.0.0-SNAPSHOT/ranger-plugins-common-3.0.0-SNAPSHOT.jar:/home/runner/.m2/repository/commons-lang/commons-lang/2.6/commons-lang-2.6.jar:/home/runner/.m2/repository/org/codehaus/jackson/jackson-jaxrs/1.9.13/jackson-jaxrs-1.9.13.jar:/home/runner/.m2/repository/org/apache/ranger/ranger-plugins-cred/3.0.0-SNAPSHOT/ranger-plugins-cred-3.0.0-SNAPSHOT.jar:/home/runner/.m2/repository/org/apache/ranger/ranger-plugins-audit/3.0.0-SNAPSHOT/ranger-plugins-audit-3.0.0-SNAPSHOT.jar:/home/runner/.m2/repository/org/apache/kafka/kafka-clients/2.8.1/kafka-clients-2.8.1.jar:/home/runner/.m2/repository/com/github/luben/zstd-jni/1.4.9-1/zstd-jni-1.4.9-1.jar:/home/runner/.m2/repository/org/apache/solr/solr-solrj/8.6.3/solr-solrj-8.6.3.jar:/home/runner/.m2/repository/org/eclipse/jetty/jetty-client/9.4.44.v20210927/jetty-client-9.4.44.v20210927.jar:/home/runner/.m2/repository/org/apache/httpcomponents/httpmime/4.5.13/httpmime-4.5.13.jar:/home/runner/.m2/repository/org/apache/httpcomponents/httpcore-nio/4.4.14/httpcore-nio-4.4.14.jar:/home/runner/.m2/repository/org/apache/httpcomponents/httpasyncclient/4.1.4/httpasyncclient-4.1.4.jar:/home/runner/.m2/repository/com/carrotsearch/hppc/0.8.0/hppc-0.8.0.jar:/home/runner/.m2/repository/org/apache/hive/hive-storage-api/2.7.2/hive-storage-api-2.7.2.jar:/home/runner/.m2/repository/org/apache/orc/orc-core/1.5.8/orc-core-1.5.8.jar:/home/runner/.m2/repository/com/amazonaws/aws-java-sdk-bundle/1.12.125/aws-java-sdk-bundle-1.12.125.jar:/home/runner/.m2/repository/net/java/dev/jna/jna/5.2.0/jna-5.2.0.jar:/home/runner/.m2/repository/net/java/dev/jna/jna-platform/5.2.0/jna-platform-5.2.0.jar:/home/runner/.m2/repository/com/kstruct/gethostname4j/0.0.2/gethostname4j-0.0.2.jar:/home/runner/.m2/repository/org/apache/ranger/ranger-plugin-classloader/3.0.0-SNAPSHOT/ranger-plugin-classloader-3.0.0-SNAPSHOT.jar:/home/runner/.m2/repository/org/apache/hadoop/hadoop-minikdc/3.3.1/hadoop-minikdc-3.3.1.jar:/home/runner/.m2/repository/org/apache/kerby/kerb-simplekdc/1.0.1/kerb-simplekdc-1.0.1.jar:/home/runner/.m2/repository/org/apache/kerby/kerb-client/1.0.1/kerb-client-1.0.1.jar:/home/runner/.m2/repository/org/apache/kerby/kerby-config/1.0.1/kerby-config-1.0.1.jar:/home/runner/.m2/repository/org/apache/kerby/kerb-common/1.0.1/kerb-common-1.0.1.jar:/home/runner/.m2/repository/org/apache/kerby/kerb-crypto/1.0.1/kerb-crypto-1.0.1.jar:/home/runner/.m2/repository/org/apache/kerby/kerb-util/1.0.1/kerb-util-1.0.1.jar:/home/runner/.m2/repository/org/apache/kerby/token-provider/1.0.1/token-provider-1.0.1.jar:/home/runner/.m2/repository/org/apache/kerby/kerb-admin/1.0.1/kerb-admin-1.0.1.jar:/home/runner/.m2/repository/org/apache/kerby/kerb-server/1.0.1/kerb-server-1.0.1.jar:/home/runner/.m2/repository/org/apache/kerby/kerb-identity/1.0.1/kerb-identity-1.0.1.jar:/home/runner/.m2/repository/org/apache/kerby/kerby-xdr/1.0.1/kerby-xdr-1.0.1.jar:/home/runner/.m2/repository/org/slf4j/slf4j-log4j12/1.7.30/slf4j-log4j12-1.7.30.jar:/home/runner/.m2/repository/org/apache/ozone/ozone-s3gateway/1.3.0-SNAPSHOT/ozone-s3gateway-1.3.0-SNAPSHOT.jar:/home/runner/.m2/repository/org/javassist/javassist/3.21.0-GA/javassist-3.21.0-GA.jar:/home/runner/.m2/repository/org/jboss/weld/servlet/weld-servlet/2.4.7.Final/weld-servlet-2.4.7.Final.jar:/home/runner/.m2/repository/org/glassfish/jersey/containers/jersey-container-servlet-core/2.33/jersey-container-servlet-core-2.33.jar:/home/runner/.m2/repository/org/glassfish/hk2/external/jakarta.inject/2.6.1/jakarta.inject-2.6.1.jar:/home/runner/.m2/repository/org/glassfish/jersey/core/jersey-common/2.33/jersey-common-2.33.jar:/home/runner/.m2/repository/jakarta/ws/rs/jakarta.ws.rs-api/2.1.6/jakarta.ws.rs-api-2.1.6.jar:/home/runner/.m2/repository/org/glassfish/jersey/ext/cdi/jersey-cdi1x/2.33/jersey-cdi1x-2.33.jar:/home/runner/.m2/repository/org/glassfish/jersey/inject/jersey-hk2/2.33/jersey-hk2-2.33.jar:/home/runner/.m2/repository/org/glassfish/hk2/hk2-locator/2.6.1/hk2-locator-2.6.1.jar:/home/runner/.m2/repository/org/glassfish/jersey/media/jersey-media-jaxb/2.33/jersey-media-jaxb-2.33.jar:/home/runner/.m2/repository/org/glassfish/hk2/osgi-resource-locator/1.0.3/osgi-resource-locator-1.0.3.jar:/home/runner/.m2/repository/org/glassfish/hk2/hk2-api/2.5.0/hk2-api-2.5.0.jar:/home/runner/.m2/repository/org/glassfish/hk2/hk2-utils/2.5.0/hk2-utils-2.5.0.jar:/home/runner/.m2/repository/org/glassfish/hk2/external/aopalliance-repackaged/2.5.0/aopalliance-repackaged-2.5.0.jar:/home/runner/.m2/repository/com/fasterxml/jackson/dataformat/jackson-dataformat-xml/2.13.2/jackson-dataformat-xml-2.13.2.jar:/home/runner/.m2/repository/com/fasterxml/jackson/core/jackson-core/2.13.2/jackson-core-2.13.2.jar:/home/runner/.m2/repository/org/codehaus/woodstox/stax2-api/3.1.4/stax2-api-3.1.4.jar:/home/runner/.m2/repository/com/fasterxml/woodstox/woodstox-core/5.0.3/woodstox-core-5.0.3.jar:/home/runner/.m2/repository/com/fasterxml/jackson/module/jackson-module-jaxb-annotations/2.13.2/jackson-module-jaxb-annotations-2.13.2.jar:/home/runner/.m2/repository/jakarta/xml/bind/jakarta.xml.bind-api/2.3.3/jakarta.xml.bind-api-2.3.3.jar:/home/runner/.m2/repository/jakarta/activation/jakarta.activation-api/1.2.1/jakarta.activation-api-1.2.1.jar:/home/runner/.m2/repository/javax/enterprise/cdi-api/1.2/cdi-api-1.2.jar:/home/runner/.m2/repository/javax/el/javax.el-api/3.0.0/javax.el-api-3.0.0.jar:/home/runner/.m2/repository/javax/interceptor/javax.interceptor-api/1.2/javax.interceptor-api-1.2.jar:/home/runner/.m2/repository/javax/inject/javax.inject/1/javax.inject-1.jar:/home/runner/.m2/repository/javax/xml/bind/jaxb-api/2.3.0/jaxb-api-2.3.0.jar:/home/runner/.m2/repository/org/glassfish/jaxb/jaxb-runtime/2.3.0.1/jaxb-runtime-2.3.0.1.jar:/home/runner/.m2/repository/org/glassfish/jaxb/jaxb-core/2.3.0.1/jaxb-core-2.3.0.1.jar:/home/runner/.m2/repository/org/glassfish/jaxb/txw2/2.3.0.1/txw2-2.3.0.1.jar:/home/runner/.m2/repository/com/sun/istack/istack-commons-runtime/3.0.5/istack-commons-runtime-3.0.5.jar:/home/runner/.m2/repository/org/jvnet/staxex/stax-ex/1.7.8/stax-ex-1.7.8.jar:/home/runner/.m2/repository/com/sun/xml/fastinfoset/FastInfoset/1.2.13/FastInfoset-1.2.13.jar:/home/runner/.m2/repository/javax/activation/activation/1.1.1/activation-1.1.1.jar:/home/runner/.m2/repository/io/grpc/grpc-protobuf/1.44.0/grpc-protobuf-1.44.0.jar:/home/runner/.m2/repository/io/grpc/grpc-api/1.44.0/grpc-api-1.44.0.jar:/home/runner/.m2/repository/io/grpc/grpc-context/1.44.0/grpc-context-1.44.0.jar:/home/runner/.m2/repository/com/google/api/grpc/proto-google-common-protos/2.0.1/proto-google-common-protos-2.0.1.jar:/home/runner/.m2/repository/io/grpc/grpc-protobuf-lite/1.44.0/grpc-protobuf-lite-1.44.0.jar:/home/runner/.m2/repository/io/grpc/grpc-stub/1.44.0/grpc-stub-1.44.0.jar:/home/runner/.m2/repository/io/netty/netty-transport/4.1.74.Final/netty-transport-4.1.74.Final.jar:/home/runner/.m2/repository/io/netty/netty-resolver/4.1.74.Final/netty-resolver-4.1.74.Final.jar:/home/runner/.m2/repository/org/apache/ozone/ozone-csi/1.3.0-SNAPSHOT/ozone-csi-1.3.0-SNAPSHOT.jar:/home/runner/.m2/repository/com/google/protobuf/protobuf-java-util/3.19.2/protobuf-java-util-3.19.2.jar:/home/runner/.m2/repository/com/google/code/gson/gson/2.9.0/gson-2.9.0.jar:/home/runner/.m2/repository/org/apache/ozone/hdds-config/1.3.0-SNAPSHOT/hdds-config-1.3.0-SNAPSHOT.jar:/home/runner/.m2/repository/io/netty/netty-transport-native-epoll/4.1.74.Final/netty-transport-native-epoll-4.1.74.Final-linux-x86_64.jar:/home/runner/.m2/repository/io/netty/netty-transport-classes-epoll/4.1.74.Final/netty-transport-classes-epoll-4.1.74.Final.jar:/home/runner/.m2/repository/io/netty/netty-transport-native-unix-common/4.1.74.Final/netty-transport-native-unix-common-4.1.74.Final.jar:/home/runner/.m2/repository/org/apache/ozone/ozone-recon/1.3.0-SNAPSHOT/ozone-recon-1.3.0-SNAPSHOT.jar:/home/runner/.m2/repository/org/apache/ozone/ozone-reconcodegen/1.3.0-SNAPSHOT/ozone-reconcodegen-1.3.0-SNAPSHOT.jar:/home/runner/.m2/repository/com/google/inject/extensions/guice-multibindings/4.0/guice-multibindings-4.0.jar:/home/runner/.m2/repository/com/google/inject/guice/4.0/guice-4.0.jar:/home/runner/.m2/repository/aopalliance/aopalliance/1.0/aopalliance-1.0.jar:/home/runner/.m2/repository/com/google/inject/extensions/guice-assistedinject/4.0/guice-assistedinject-4.0.jar:/home/runner/.m2/repository/com/google/inject/extensions/guice-servlet/4.0/guice-servlet-4.0.jar:/home/runner/.m2/repository/org/glassfish/jersey/containers/jersey-container-servlet/2.33/jersey-container-servlet-2.33.jar:/home/runner/.m2/repository/org/glassfish/hk2/guice-bridge/2.5.0/guice-bridge-2.5.0.jar:/home/runner/.m2/repository/org/glassfish/jersey/core/jersey-server/2.33/jersey-server-2.33.jar:/home/runner/.m2/repository/org/glassfish/jersey/core/jersey-client/2.33/jersey-client-2.33.jar:/home/runner/.m2/repository/jakarta/annotation/jakarta.annotation-api/1.3.5/jakarta.annotation-api-1.3.5.jar:/home/runner/.m2/repository/jakarta/validation/jakarta.validation-api/2.0.2/jakarta.validation-api-2.0.2.jar:/home/runner/.m2/repository/org/glassfish/jersey/media/jersey-media-json-jackson/2.33/jersey-media-json-jackson-2.33.jar:/home/runner/.m2/repository/org/glassfish/jersey/ext/jersey-entity-filtering/2.33/jersey-entity-filtering-2.33.jar:/home/runner/.m2/repository/org/jooq/jooq/3.11.10/jooq-3.11.10.jar:/home/runner/.m2/repository/org/jooq/jooq-meta/3.11.10/jooq-meta-3.11.10.jar:/home/runner/.m2/repository/org/jooq/jooq-codegen/3.11.10/jooq-codegen-3.11.10.jar:/home/runner/.m2/repository/com/jolbox/bonecp/0.8.0.RELEASE/bonecp-0.8.0.RELEASE.jar:/home/runner/.m2/repository/org/apache/derby/derby/10.14.2.0/derby-10.14.2.0.jar:/home/runner/.m2/repository/org/xerial/sqlite-jdbc/3.25.2/sqlite-jdbc-3.25.2.jar:/home/runner/.m2/repository/org/springframework/spring-jdbc/5.2.20.RELEASE/spring-jdbc-5.2.20.RELEASE.jar:/home/runner/.m2/repository/org/springframework/spring-beans/5.2.20.RELEASE/spring-beans-5.2.20.RELEASE.jar:/home/runner/.m2/repository/org/springframework/spring-core/5.2.20.RELEASE/spring-core-5.2.20.RELEASE.jar:/home/runner/.m2/repository/org/springframework/spring-jcl/5.2.20.RELEASE/spring-jcl-5.2.20.RELEASE.jar:/home/runner/.m2/repository/org/springframework/spring-tx/5.2.20.RELEASE/spring-tx-5.2.20.RELEASE.jar:/home/runner/.m2/repository/org/apache/ozone/ozone-client/1.3.0-SNAPSHOT/ozone-client-1.3.0-SNAPSHOT.jar:/home/runner/.m2/repository/org/apache/ozone/hdds-erasurecode/1.3.0-SNAPSHOT/hdds-erasurecode-1.3.0-SNAPSHOT.jar:/home/runner/.m2/repository/com/github/spotbugs/spotbugs-annotations/3.1.12/spotbugs-annotations-3.1.12.jar:/home/runner/.m2/repository/org/apache/ozone/ozone-filesystem/1.3.0-SNAPSHOT/ozone-filesystem-1.3.0-SNAPSHOT.jar:/home/runner/.m2/repository/org/apache/ozone/ozone-filesystem-common/1.3.0-SNAPSHOT/ozone-filesystem-common-1.3.0-SNAPSHOT.jar:/home/runner/.m2/repository/org/apache/ozone/ozone-tools/1.3.0-SNAPSHOT/ozone-tools-1.3.0-SNAPSHOT.jar:/home/runner/.m2/repository/org/apache/ratis/ratis-tools/2.3.0/ratis-tools-2.3.0.jar:/home/runner/.m2/repository/com/amazonaws/aws-java-sdk-core/1.12.124/aws-java-sdk-core-1.12.124.jar:/home/runner/.m2/repository/org/apache/httpcomponents/httpclient/4.5.13/httpclient-4.5.13.jar:/home/runner/.m2/repository/org/apache/httpcomponents/httpcore/4.4.13/httpcore-4.4.13.jar:/home/runner/.m2/repository/software/amazon/ion/ion-java/1.0.2/ion-java-1.0.2.jar:/home/runner/.m2/repository/com/fasterxml/jackson/dataformat/jackson-dataformat-cbor/2.13.2/jackson-dataformat-cbor-2.13.2.jar:/home/runner/.m2/repository/joda-time/joda-time/2.8.1/joda-time-2.8.1.jar:/home/runner/.m2/repository/com/amazonaws/aws-java-sdk-s3/1.12.124/aws-java-sdk-s3-1.12.124.jar:/home/runner/.m2/repository/com/amazonaws/aws-java-sdk-kms/1.12.124/aws-java-sdk-kms-1.12.124.jar:/home/runner/.m2/repository/com/amazonaws/jmespath-java/1.12.124/jmespath-java-1.12.124.jar:/home/runner/.m2/repository/org/kohsuke/metainf-services/metainf-services/1.8/metainf-services-1.8.jar:/home/runner/.m2/repository/org/apache/ozone/hdds-tools/1.3.0-SNAPSHOT/hdds-tools-1.3.0-SNAPSHOT.jar:/home/runner/.m2/repository/commons-cli/commons-cli/1.2/commons-cli-1.2.jar:/home/runner/.m2/repository/org/apache/commons/commons-lang3/3.7/commons-lang3-3.7.jar:/home/runner/.m2/repository/org/apache/ozone/ozone-manager/1.3.0-SNAPSHOT/ozone-manager-1.3.0-SNAPSHOT-tests.jar:/home/runner/.m2/repository/org/apache/ozone/hdds-common/1.3.0-SNAPSHOT/hdds-common-1.3.0-SNAPSHOT-tests.jar:/home/runner/.m2/repository/org/apache/ozone/hdds-hadoop-dependency-client/1.3.0-SNAPSHOT/hdds-hadoop-dependency-client-1.3.0-SNAPSHOT.jar:/home/runner/.m2/repository/info/picocli/picocli/4.6.1/picocli-4.6.1.jar:/home/runner/.m2/repository/com/fasterxml/jackson/core/jackson-annotations/2.13.2/jackson-annotations-2.13.2.jar:/home/runner/.m2/repository/com/fasterxml/jackson/datatype/jackson-datatype-jsr310/2.13.2/jackson-datatype-jsr310-2.13.2.jar:/home/runner/.m2/repository/javax/annotation/javax.annotation-api/1.2/javax.annotation-api-1.2.jar:/home/runner/.m2/repository/org/apache/ratis/ratis-server/2.3.0/ratis-server-2.3.0.jar:/home/runner/.m2/repository/org/apache/ratis/ratis-client/2.3.0/ratis-client-2.3.0.jar:/home/runner/.m2/repository/org/apache/ratis/ratis-server-api/2.3.0/ratis-server-api-2.3.0.jar:/home/runner/.m2/repository/org/apache/ratis/ratis-metrics/2.3.0/ratis-metrics-2.3.0.jar:/home/runner/.m2/repository/org/apache/ratis/ratis-netty/2.3.0/ratis-netty-2.3.0.jar:/home/runner/.m2/repository/org/apache/ratis/ratis-grpc/2.3.0/ratis-grpc-2.3.0.jar:/home/runner/.m2/repository/org/apache/logging/log4j/log4j-api/2.17.1/log4j-api-2.17.1.jar:/home/runner/.m2/repository/org/apache/commons/commons-pool2/2.6.0/commons-pool2-2.6.0.jar:/home/runner/.m2/repository/org/bouncycastle/bcpkix-jdk15on/1.67/bcpkix-jdk15on-1.67.jar:/home/runner/.m2/repository/commons-validator/commons-validator/1.6/commons-validator-1.6.jar:/home/runner/.m2/repository/commons-beanutils/commons-beanutils/1.9.4/commons-beanutils-1.9.4.jar:/home/runner/.m2/repository/commons-digester/commons-digester/1.8.1/commons-digester-1.8.1.jar:/home/runner/.m2/repository/commons-collections/commons-collections/3.2.2/commons-collections-3.2.2.jar:/home/runner/.m2/repository/io/jaegertracing/jaeger-client/1.6.0/jaeger-client-1.6.0.jar:/home/runner/.m2/repository/io/jaegertracing/jaeger-thrift/1.6.0/jaeger-thrift-1.6.0.jar:/home/runner/.m2/repository/org/apache/thrift/libthrift/0.14.1/libthrift-0.14.1.jar:/home/runner/.m2/repository/com/squareup/okhttp3/okhttp/4.9.0/okhttp-4.9.0.jar:/home/runner/.m2/repository/com/squareup/okio/okio/2.8.0/okio-2.8.0.jar:/home/runner/.m2/repository/io/jaegertracing/jaeger-core/1.6.0/jaeger-core-1.6.0.jar:/home/runner/.m2/repository/io/jaegertracing/jaeger-tracerresolver/1.6.0/jaeger-tracerresolver-1.6.0.jar:/home/runner/.m2/repository/io/opentracing/contrib/opentracing-tracerresolver/0.1.8/opentracing-tracerresolver-0.1.8.jar:/home/runner/.m2/repository/org/jetbrains/kotlin/kotlin-stdlib/1.6.21/kotlin-stdlib-1.6.21.jar:/home/runner/.m2/repository/org/jetbrains/kotlin/kotlin-stdlib-common/1.6.21/kotlin-stdlib-common-1.6.21.jar:/home/runner/.m2/repository/org/jetbrains/annotations/13.0/annotations-13.0.jar:/home/runner/.m2/repository/io/opentracing/opentracing-util/0.33.0/opentracing-util-0.33.0.jar:/home/runner/.m2/repository/io/opentracing/opentracing-api/0.33.0/opentracing-api-0.33.0.jar:/home/runner/.m2/repository/io/opentracing/opentracing-noop/0.33.0/opentracing-noop-0.33.0.jar:/home/runner/.m2/repository/org/yaml/snakeyaml/1.26/snakeyaml-1.26.jar:/home/runner/.m2/repository/org/apache/ozone/hdds-interface-admin/1.3.0-SNAPSHOT/hdds-interface-admin-1.3.0-SNAPSHOT.jar:/home/runner/.m2/repository/junit/junit/4.13.1/junit-4.13.1.jar:/home/runner/.m2/repository/org/hamcrest/hamcrest-core/1.3/hamcrest-core-1.3.jar:/home/runner/.m2/repository/org/junit/jupiter/junit-jupiter-api/5.8.2/junit-jupiter-api-5.8.2.jar:/home/runner/.m2/repository/org/opentest4j/opentest4j/1.2.0/opentest4j-1.2.0.jar:/home/runner/.m2/repository/org/junit/platform/junit-platform-commons/1.8.2/junit-platform-commons-1.8.2.jar:/home/runner/.m2/repository/org/apiguardian/apiguardian-api/1.1.2/apiguardian-api-1.1.2.jar:/home/runner/.m2/repository/org/junit/jupiter/junit-jupiter-params/5.8.2/junit-jupiter-params-5.8.2.jar:/home/runner/.m2/repository/org/junit/jupiter/junit-jupiter-migrationsupport/5.8.2/junit-jupiter-migrationsupport-5.8.2.jar:/home/runner/.m2/repository/org/junit/jupiter/junit-jupiter-engine/5.8.2/junit-jupiter-engine-5.8.2.jar:/home/runner/.m2/repository/org/junit/platform/junit-platform-engine/1.8.2/junit-platform-engine-1.8.2.jar:/home/runner/.m2/repository/org/junit/vintage/junit-vintage-engine/5.8.2/junit-vintage-engine-5.8.2.jar:/home/runner/.m2/repository/org/junit/platform/junit-platform-launcher/1.8.2/junit-platform-launcher-1.8.2.jar:/home/runner/.m2/repository/org/mockito/mockito-core/2.28.2/mockito-core-2.28.2.jar:/home/runner/.m2/repository/net/bytebuddy/byte-buddy/1.9.10/byte-buddy-1.9.10.jar:/home/runner/.m2/repository/net/bytebuddy/byte-buddy-agent/1.9.10/byte-buddy-agent-1.9.10.jar:/home/runner/.m2/repository/org/objenesis/objenesis/1.0/objenesis-1.0.jar:/home/runner/.m2/repository/org/apache/hadoop/hadoop-kms/3.3.1/hadoop-kms-3.3.1.jar:/home/runner/.m2/repository/org/apache/hadoop/hadoop-auth/3.3.1/hadoop-auth-3.3.1.jar:/home/runner/.m2/repository/com/nimbusds/nimbus-jose-jwt/7.9/nimbus-jose-jwt-7.9.jar:/home/runner/.m2/repository/com/github/stephenc/jcip/jcip-annotations/1.0-1/jcip-annotations-1.0-1.jar:/home/runner/.m2/repository/net/minidev/json-smart/2.4.7/json-smart-2.4.7.jar:/home/runner/.m2/repository/net/minidev/accessors-smart/2.4.7/accessors-smart-2.4.7.jar:/home/runner/.m2/repository/org/ow2/asm/asm/5.0.4/asm-5.0.4.jar:/home/runner/.m2/repository/org/apache/zookeeper/zookeeper/3.5.6/zookeeper-3.5.6.jar:/home/runner/.m2/repository/org/apache/zookeeper/zookeeper-jute/3.5.6/zookeeper-jute-3.5.6.jar:/home/runner/.m2/repository/org/apache/yetus/audience-annotations/0.5.0/audience-annotations-0.5.0.jar:/home/runner/.m2/repository/org/apache/curator/curator-framework/4.2.0/curator-framework-4.2.0.jar:/home/runner/.m2/repository/org/apache/hadoop/thirdparty/hadoop-shaded-guava/1.1.1/hadoop-shaded-guava-1.1.1.jar:/home/runner/.m2/repository/com/sun/jersey/jersey-core/1.19/jersey-core-1.19.jar:/home/runner/.m2/repository/javax/ws/rs/jsr311-api/1.1.1/jsr311-api-1.1.1.jar:/home/runner/.m2/repository/com/sun/jersey/jersey-server/1.19/jersey-server-1.19.jar:/home/runner/.m2/repository/javax/servlet/javax.servlet-api/3.1.0/javax.servlet-api-3.1.0.jar:/home/runner/.m2/repository/org/eclipse/jetty/jetty-server/9.4.43.v20210629/jetty-server-9.4.43.v20210629.jar:/home/runner/.m2/repository/org/eclipse/jetty/jetty-http/9.4.43.v20210629/jetty-http-9.4.43.v20210629.jar:/home/runner/.m2/repository/org/eclipse/jetty/jetty-io/9.4.43.v20210629/jetty-io-9.4.43.v20210629.jar:/home/runner/.m2/repository/org/eclipse/jetty/jetty-webapp/9.4.43.v20210629/jetty-webapp-9.4.43.v20210629.jar:/home/runner/.m2/repository/org/eclipse/jetty/jetty-xml/9.4.43.v20210629/jetty-xml-9.4.43.v20210629.jar:/home/runner/.m2/repository/org/apache/hadoop/hadoop-common/3.3.1/hadoop-common-3.3.1.jar:/home/runner/.m2/repository/org/apache/commons/commons-math3/3.1.1/commons-math3-3.1.1.jar:/home/runner/.m2/repository/commons-net/commons-net/3.6/commons-net-3.6.jar:/home/runner/.m2/repository/com/sun/jersey/jersey-servlet/1.19/jersey-servlet-1.19.jar:/home/runner/.m2/repository/com/sun/jersey/jersey-json/1.19/jersey-json-1.19.jar:/home/runner/.m2/repository/org/codehaus/jettison/jettison/1.1/jettison-1.1.jar:/home/runner/.m2/repository/com/sun/xml/bind/jaxb-impl/2.2.3-1/jaxb-impl-2.2.3-1.jar:/home/runner/.m2/repository/org/codehaus/jackson/jackson-xc/1.9.2/jackson-xc-1.9.2.jar:/home/runner/.m2/repository/org/apache/commons/commons-configuration2/2.1.1/commons-configuration2-2.1.1.jar:/home/runner/.m2/repository/org/apache/commons/commons-text/1.4/commons-text-1.4.jar:/home/runner/.m2/repository/com/google/re2j/re2j/1.1/re2j-1.1.jar:/home/runner/.m2/repository/com/jcraft/jsch/0.1.54/jsch-0.1.54.jar:/home/runner/.m2/repository/org/apache/curator/curator-client/4.2.0/curator-client-4.2.0.jar:/home/runner/.m2/repository/org/apache/curator/curator-recipes/4.2.0/curator-recipes-4.2.0.jar:/home/runner/.m2/repository/org/apache/kerby/kerb-core/1.0.1/kerb-core-1.0.1.jar:/home/runner/.m2/repository/org/apache/kerby/kerby-pkix/1.0.1/kerby-pkix-1.0.1.jar:/home/runner/.m2/repository/org/apache/kerby/kerby-asn1/1.0.1/kerby-asn1-1.0.1.jar:/home/runner/.m2/repository/org/apache/kerby/kerby-util/1.0.1/kerby-util-1.0.1.jar:/home/runner/.m2/repository/dnsjava/dnsjava/2.1.7/dnsjava-2.1.7.jar:/home/runner/.m2/repository/org/xerial/snappy/snappy-java/1.1.8.2/snappy-java-1.1.8.2.jar:/home/runner/.m2/repository/org/slf4j/jul-to-slf4j/1.7.30/jul-to-slf4j-1.7.30.jar:/home/runner/.m2/repository/org/eclipse/jetty/jetty-util/9.4.43.v20210629/jetty-util-9.4.43.v20210629.jar:/home/runner/.m2/repository/com/fasterxml/jackson/core/jackson-databind/2.13.2.2/jackson-databind-2.13.2.2.jar:/home/runner/.m2/repository/org/apache/hadoop/hadoop-kms/3.3.1/hadoop-kms-3.3.1-tests.jar:/home/runner/.m2/repository/org/apache/ozone/hdds-server-scm/1.3.0-SNAPSHOT/hdds-server-scm-1.3.0-SNAPSHOT-tests.jar:/home/runner/.m2/repository/org/apache/ozone/hdds-container-service/1.3.0-SNAPSHOT/hdds-container-service-1.3.0-SNAPSHOT-tests.jar:/home/runner/.m2/repository/commons-codec/commons-codec/1.11/commons-codec-1.11.jar:/home/runner/.m2/repository/io/netty/netty-codec/4.1.74.Final/netty-codec-4.1.74.Final.jar:/home/runner/.m2/repository/io/netty/netty-handler/4.1.74.Final/netty-handler-4.1.74.Final.jar:/home/runner/.m2/repository/org/apache/ozone/hdds-hadoop-dependency-test/1.3.0-SNAPSHOT/hdds-hadoop-dependency-test-1.3.0-SNAPSHOT.jar:/home/runner/.m2/repository/org/apache/hadoop/hadoop-common/3.3.1/hadoop-common-3.3.1-tests.jar:/home/runner/.m2/repository/org/assertj/assertj-core/3.12.2/assertj-core-3.12.2.jar:/home/runner/.m2/repository/org/apache/hadoop/hadoop-hdfs/3.3.1/hadoop-hdfs-3.3.1-tests.jar:/home/runner/.m2/repository/org/eclipse/jetty/jetty-util-ajax/9.4.43.v20210629/jetty-util-ajax-9.4.43.v20210629.jar:/home/runner/.m2/repository/commons-daemon/commons-daemon/1.0.13/commons-daemon-1.0.13.jar:/home/runner/.m2/repository/io/netty/netty/3.10.6.Final/netty-3.10.6.Final.jar:/home/runner/.m2/repository/io/netty/netty-all/4.1.74.Final/netty-all-4.1.74.Final.jar:/home/runner/.m2/repository/io/netty/netty-codec-dns/4.1.74.Final/netty-codec-dns-4.1.74.Final.jar:/home/runner/.m2/repository/io/netty/netty-codec-haproxy/4.1.74.Final/netty-codec-haproxy-4.1.74.Final.jar:/home/runner/.m2/repository/io/netty/netty-codec-memcache/4.1.74.Final/netty-codec-memcache-4.1.74.Final.jar:/home/runner/.m2/repository/io/netty/netty-codec-mqtt/4.1.74.Final/netty-codec-mqtt-4.1.74.Final.jar:/home/runner/.m2/repository/io/netty/netty-codec-redis/4.1.74.Final/netty-codec-redis-4.1.74.Final.jar:/home/runner/.m2/repository/io/netty/netty-codec-smtp/4.1.74.Final/netty-codec-smtp-4.1.74.Final.jar:/home/runner/.m2/repository/io/netty/netty-codec-stomp/4.1.74.Final/netty-codec-stomp-4.1.74.Final.jar:/home/runner/.m2/repository/io/netty/netty-codec-xml/4.1.74.Final/netty-codec-xml-4.1.74.Final.jar:/home/runner/.m2/repository/io/netty/netty-resolver-dns/4.1.74.Final/netty-resolver-dns-4.1.74.Final.jar:/home/runner/.m2/repository/io/netty/netty-transport-rxtx/4.1.74.Final/netty-transport-rxtx-4.1.74.Final.jar:/home/runner/.m2/repository/io/netty/netty-transport-sctp/4.1.74.Final/netty-transport-sctp-4.1.74.Final.jar:/home/runner/.m2/repository/io/netty/netty-transport-udt/4.1.74.Final/netty-transport-udt-4.1.74.Final.jar:/home/runner/.m2/repository/io/netty/netty-transport-classes-kqueue/4.1.74.Final/netty-transport-classes-kqueue-4.1.74.Final.jar:/home/runner/.m2/repository/io/netty/netty-resolver-dns-classes-macos/4.1.74.Final/netty-resolver-dns-classes-macos-4.1.74.Final.jar:/home/runner/.m2/repository/io/netty/netty-transport-native-epoll/4.1.74.Final/netty-transport-native-epoll-4.1.74.Final-linux-aarch_64.jar:/home/runner/.m2/repository/io/netty/netty-transport-native-kqueue/4.1.74.Final/netty-transport-native-kqueue-4.1.74.Final-osx-x86_64.jar:/home/runner/.m2/repository/io/netty/netty-transport-native-kqueue/4.1.74.Final/netty-transport-native-kqueue-4.1.74.Final-osx-aarch_64.jar:/home/runner/.m2/repository/io/netty/netty-resolver-dns-native-macos/4.1.74.Final/netty-resolver-dns-native-macos-4.1.74.Final-osx-x86_64.jar:/home/runner/.m2/repository/io/netty/netty-resolver-dns-native-macos/4.1.74.Final/netty-resolver-dns-native-macos-4.1.74.Final-osx-aarch_64.jar:/home/runner/.m2/repository/org/apache/htrace/htrace-core4/4.1.0-incubating/htrace-core4-4.1.0-incubating.jar:/home/runner/.m2/repository/org/fusesource/leveldbjni/leveldbjni-all/1.8/leveldbjni-all-1.8.jar:/home/runner/.m2/repository/org/apache/hadoop/hadoop-distcp/3.3.1/hadoop-distcp-3.3.1.jar:/home/runner/.m2/repository/org/apache/hadoop/hadoop-mapreduce-client-jobclient/3.3.1/hadoop-mapreduce-client-jobclient-3.3.1.jar:/home/runner/.m2/repository/org/apache/hadoop/hadoop-mapreduce-client-common/3.3.1/hadoop-mapreduce-client-common-3.3.1.jar:/home/runner/.m2/repository/org/apache/hadoop/hadoop-yarn-common/3.3.1/hadoop-yarn-common-3.3.1.jar:/home/runner/.m2/repository/org/apache/hadoop/hadoop-yarn-api/3.3.1/hadoop-yarn-api-3.3.1.jar:/home/runner/.m2/repository/com/sun/jersey/contribs/jersey-guice/1.19/jersey-guice-1.19.jar:/home/runner/.m2/repository/com/fasterxml/jackson/jaxrs/jackson-jaxrs-json-provider/2.13.2/jackson-jaxrs-json-provider-2.13.2.jar:/home/runner/.m2/repository/com/fasterxml/jackson/jaxrs/jackson-jaxrs-base/2.13.2/jackson-jaxrs-base-2.13.2.jar:/home/runner/.m2/repository/org/apache/hadoop/hadoop-yarn-client/3.3.1/hadoop-yarn-client-3.3.1.jar:/home/runner/.m2/repository/org/eclipse/jetty/websocket/websocket-client/9.4.40.v20210413/websocket-client-9.4.40.v20210413.jar:/home/runner/.m2/repository/org/eclipse/jetty/websocket/websocket-common/9.4.40.v20210413/websocket-common-9.4.40.v20210413.jar:/home/runner/.m2/repository/org/eclipse/jetty/websocket/websocket-api/9.4.40.v20210413/websocket-api-9.4.40.v20210413.jar:/home/runner/.m2/repository/org/jline/jline/3.9.0/jline-3.9.0.jar:/home/runner/.m2/repository/org/apache/hadoop/hadoop-mapreduce-client-core/3.3.1/hadoop-mapreduce-client-core-3.3.1.jar:/home/runner/.m2/repository/org/apache/avro/avro/1.7.7/avro-1.7.7.jar:/home/runner/.m2/repository/org/codehaus/jackson/jackson-core-asl/1.9.13/jackson-core-asl-1.9.13.jar:/home/runner/.m2/repository/org/codehaus/jackson/jackson-mapper-asl/1.9.13/jackson-mapper-asl-1.9.13.jar:/home/runner/.m2/repository/com/thoughtworks/paranamer/paranamer/2.3/paranamer-2.3.jar:/home/runner/.m2/repository/org/apache/hadoop/hadoop-annotations/3.3.1/hadoop-annotations-3.3.1.jar:/usr/lib/jvm/temurin-8-jdk-amd64/jre/../lib/tools.jar:/home/runner/.m2/repository/org/apache/hadoop/hadoop-distcp/3.3.1/hadoop-distcp-3.3.1-tests.jar:/home/runner/.m2/repository/org/apache/ratis/ratis-common/2.3.0/ratis-common-2.3.0.jar:/home/runner/.m2/repository/org/apache/ratis/ratis-thirdparty-misc/1.0.0/ratis-thirdparty-misc-1.0.0.jar:/home/runner/.m2/repository/org/apache/ratis/ratis-proto/2.3.0/ratis-proto-2.3.0.jar:/home/runner/.m2/repository/org/apache/ozone/ozone-annotation-processing/1.3.0-SNAPSHOT/ozone-annotation-processing-1.3.0-SNAPSHOT.jar:"/>
    <property name="sun.cpu.endian" value="little"/>
    <property name="user.home" value="/home/runner"/>
    <property name="user.language" value="en"/>
    <property name="java.specification.vendor" value="Oracle Corporation"/>
    <property name="java.home" value="/usr/lib/jvm/temurin-8-jdk-amd64/jre"/>
    <property name="java.security.krb5.conf" value="/home/runner/work/ozone/ozone/hadoop-ozone/integration-test/target/test-classes/krb5.conf"/>
    <property name="basedir" value="/home/runner/work/ozone/ozone/hadoop-ozone/integration-test"/>
    <property name="file.separator" value="/"/>
    <property name="line.separator" value="&#10;"/>
    <property name="java.vm.specification.vendor" value="Oracle Corporation"/>
    <property name="java.specification.name" value="Java Platform API Specification"/>
    <property name="java.awt.graphicsenv" value="sun.awt.X11GraphicsEnvironment"/>
    <property name="skip.installnpx" value="true"/>
    <property name="surefire.real.class.path" value="/home/runner/work/ozone/ozone/hadoop-ozone/integration-test/target/surefire/surefirebooter2161548475452431857.jar:/home/runner/.m2/repository/org/jacoco/org.jacoco.agent/0.8.5/org.jacoco.agent-0.8.5-runtime.jar"/>
    <property name="hadoop.log.dir" value="/home/runner/work/ozone/ozone/hadoop-ozone/integration-test/target/log"/>
    <property name="sun.boot.class.path" value="/usr/lib/jvm/temurin-8-jdk-amd64/jre/lib/resources.jar:/usr/lib/jvm/temurin-8-jdk-amd64/jre/lib/rt.jar:/usr/lib/jvm/temurin-8-jdk-amd64/jre/lib/sunrsasign.jar:/usr/lib/jvm/temurin-8-jdk-amd64/jre/lib/jsse.jar:/usr/lib/jvm/temurin-8-jdk-amd64/jre/lib/jce.jar:/usr/lib/jvm/temurin-8-jdk-amd64/jre/lib/charsets.jar:/usr/lib/jvm/temurin-8-jdk-amd64/jre/lib/jfr.jar:/usr/lib/jvm/temurin-8-jdk-amd64/jre/classes"/>
    <property name="sun.management.compiler" value="HotSpot 64-Bit Tiered Compilers"/>
    <property name="skip.npx" value="true"/>
    <property name="java.runtime.version" value="1.8.0_332-b09"/>
    <property name="java.net.preferIPv4Stack" value="true"/>
    <property name="user.name" value="runner"/>
    <property name="path.separator" value=":"/>
    <property name="java.security.egd" value="file:///dev/urandom"/>
    <property name="os.version" value="5.4.0-1085-azure"/>
    <property name="java.endorsed.dirs" value="/usr/lib/jvm/temurin-8-jdk-amd64/jre/lib/endorsed"/>
    <property name="java.runtime.name" value="OpenJDK Runtime Environment"/>
    <property name="file.encoding" value="UTF-8"/>
    <property name="java.vm.name" value="OpenJDK 64-Bit Server VM"/>
    <property name="test.build.webapps" value=""/>
    <property name="localRepository" value="/home/runner/.m2/repository"/>
    <property name="jetty.git.hash" value="526006ecfa3af7f1a27ef3a288e2bef7ea9dd7e8"/>
    <property name="java.vendor.url.bug" value="https://github.com/adoptium/adoptium-support/issues"/>
    <property name="java.io.tmpdir" value="/tmp"/>
    <property name="require.test.libhadoop" value=""/>
    <property name="java.version" value="1.8.0_332"/>
    <property name="user.dir" value="/home/runner/work/ozone/ozone/hadoop-ozone/integration-test"/>
    <property name="os.arch" value="amd64"/>
    <property name="java.vm.specification.name" value="Java Virtual Machine Specification"/>
    <property name="test.build.classes" value="/home/runner/work/ozone/ozone/hadoop-ozone/integration-test/target/test-classes"/>
    <property name="java.awt.printerjob" value="sun.print.PSPrinterJob"/>
    <property name="sun.os.patch.level" value="unknown"/>
    <property name="hadoop.tmp.dir" value="/home/runner/work/ozone/ozone/hadoop-ozone/integration-test/target/tmp"/>
    <property name="java.library.path" value="/usr/java/packages/lib/amd64:/usr/lib64:/lib64:/lib:/usr/lib"/>
    <property name="java.vm.info" value="mixed mode"/>
    <property name="java.vendor" value="Temurin"/>
    <property name="java.vm.version" value="25.332-b09"/>
    <property name="java.ext.dirs" value="/usr/lib/jvm/temurin-8-jdk-amd64/jre/lib/ext:/usr/java/packages/lib/ext"/>
    <property name="sun.io.unicode.encoding" value="UnicodeLittle"/>
    <property name="java.class.version" value="52.0"/>
  </properties>
  <testcase name="testRenameFile" classname="TestRootedOzoneFileSystem" time="0.609">
    <system-out><![CDATA[2022-07-02 07:19:35,366 [main] WARN  server.ServerUtils (ServerUtils.java:getScmDbDir(148)) - ozone.scm.db.dirs is not configured. We recommend adding this setting. Falling back to ozone.metadata.dirs instead.
2022-07-02 07:19:35,449 [main] WARN  server.ServerUtils (ServerUtils.java:getScmDbDir(148)) - ozone.scm.db.dirs is not configured. We recommend adding this setting. Falling back to ozone.metadata.dirs instead.
2022-07-02 07:19:35,453 [main] INFO  ha.SCMHANodeDetails (SCMHANodeDetails.java:loadSCMHAConfig(209)) - ServiceID for StorageContainerManager is null
2022-07-02 07:19:35,466 [main] WARN  ha.SCMHANodeDetails (SCMHANodeDetails.java:validateSCMHAConfig(182)) - Invalid config ozone.scm.ratis.enable. The config was not specified, but the default value true conflicts with the expected config value false. Falling back to the expected value. Current State of SCM: SCM is running in Non-HA without Ratis Ratis SCM -> Non Ratis SCM or Non HA SCM -> HA SCM is not supported
2022-07-02 07:19:35,466 [main] INFO  ha.SCMHANodeDetails (SCMHANodeDetails.java:loadSCMHAConfig(214)) - ozone.scm.default.service.id is not defined, falling back to ozone.scm.service.ids to find serviceID for StorageContainerManager if it is HA enabled cluster
2022-07-02 07:19:36,131 [main] WARN  utils.HAUtils (HAUtils.java:getMetaDir(342)) - ozone.scm.db.dirs is not configured. We recommend adding this setting. Falling back to ozone.metadata.dirs instead.
2022-07-02 07:19:36,377 [main] WARN  db.DBStoreBuilder (DBStoreBuilder.java:applyDBDefinition(145)) - ozone.scm.db.dirs is not configured. We recommend adding this setting. Falling back to ozone.metadata.dirs instead.
2022-07-02 07:19:36,622 [main] INFO  net.NodeSchemaLoader (NodeSchemaLoader.java:loadSchemaFromFile(129)) - Loading schema from [jar:file:/home/runner/.m2/repository/org/apache/ozone/hdds-common/1.3.0-SNAPSHOT/hdds-common-1.3.0-SNAPSHOT.jar!/network-topology-default.xml]
2022-07-02 07:19:36,624 [main] INFO  net.NodeSchemaLoader (NodeSchemaLoader.java:loadSchema(176)) - Loading network topology layer schema file
2022-07-02 07:19:36,675 [main] INFO  metrics.MetricRegistries (MetricRegistriesLoader.java:load(64)) - Loaded MetricRegistries class org.apache.ratis.metrics.impl.MetricRegistriesImpl
2022-07-02 07:19:36,683 [main] INFO  upgrade.AbstractLayoutVersionManager (AbstractLayoutVersionManager.java:init(82)) - Initializing Layout version manager with metadata layout = DATANODE_SCHEMA_V3 (version = 4), software layout = DATANODE_SCHEMA_V3 (version = 4)
2022-07-02 07:19:36,976 [main] INFO  reflections.Reflections (Reflections.java:scan(232)) - Reflections took 185 ms to scan 7 urls, producing 132 keys and 317 values 
2022-07-02 07:19:37,114 [main] INFO  ha.SequenceIdGenerator (SequenceIdGenerator.java:upgradeToSequenceId(347)) - upgrade localId to 109611004723200000
2022-07-02 07:19:37,114 [main] INFO  ha.SequenceIdGenerator (SequenceIdGenerator.java:upgradeToSequenceId(357)) - upgrade delTxnId to 0
2022-07-02 07:19:37,124 [main] INFO  ha.SequenceIdGenerator (SequenceIdGenerator.java:upgradeToSequenceId(374)) - upgrade containerId to 0
2022-07-02 07:19:37,129 [main] INFO  ha.SequenceIdGenerator (SequenceIdGenerator.java:<init>(218)) - Init the HA SequenceIdGenerator.
2022-07-02 07:19:37,180 [main] WARN  server.ServerUtils (ServerUtils.java:sanitizeUserArgs(73)) - ozone.scm.stale.node.interval value = 300000 is larger than max = 100000 based on the key value of ozone.scm.heartbeat.thread.interval, reset to the max value 100000.
2022-07-02 07:19:37,180 [main] WARN  server.ServerUtils (ServerUtils.java:sanitizeUserArgs(73)) - ozone.scm.stale.node.interval value = 300000 is larger than max = 100000 based on the key value of ozone.scm.heartbeat.thread.interval, reset to the max value 100000.
2022-07-02 07:19:37,193 [main] INFO  node.SCMNodeManager (SCMNodeManager.java:<init>(149)) - Entering startup safe mode.
2022-07-02 07:19:37,210 [main] INFO  algorithms.ContainerPlacementPolicyFactory (ContainerPlacementPolicyFactory.java:getPolicyInternal(86)) - Create container placement policy of type org.apache.hadoop.hdds.scm.container.placement.algorithms.SCMContainerPlacementRandom
2022-07-02 07:19:37,222 [main] INFO  pipeline.PipelineStateManagerImpl (PipelineStateManagerImpl.java:initialize(78)) - No pipeline exists in current db
2022-07-02 07:19:37,267 [main] INFO  algorithms.LeaderChoosePolicyFactory (LeaderChoosePolicyFactory.java:getPolicy(57)) - Create leader choose policy of type org.apache.hadoop.hdds.scm.pipeline.leader.choose.algorithms.MinLeaderCountChoosePolicy
2022-07-02 07:19:37,268 [main] INFO  algorithms.ContainerPlacementPolicyFactory (ContainerPlacementPolicyFactory.java:getPolicyInternal(86)) - Create container placement policy of type org.apache.hadoop.hdds.scm.container.placement.algorithms.SCMContainerPlacementRackScatter
2022-07-02 07:19:37,277 [main] INFO  pipeline.BackgroundPipelineCreator (BackgroundPipelineCreator.java:start(127)) - Starting RatisPipelineUtilsThread.
2022-07-02 07:19:37,284 [main] INFO  BackgroundPipelineScrubber (BackgroundSCMService.java:start(68)) - Starting BackgroundPipelineScrubber Service.
2022-07-02 07:19:37,285 [main] INFO  ha.SCMServiceManager (SCMServiceManager.java:register(42)) - Registering service BackgroundPipelineCreator.
2022-07-02 07:19:37,285 [main] INFO  ha.SCMServiceManager (SCMServiceManager.java:register(42)) - Registering service BackgroundPipelineScrubber.
2022-07-02 07:19:37,296 [main] INFO  ExpiredContainerReplicaOpScrubber (BackgroundSCMService.java:start(68)) - Starting ExpiredContainerReplicaOpScrubber Service.
2022-07-02 07:19:37,297 [main] INFO  ha.SCMServiceManager (SCMServiceManager.java:register(42)) - Registering service ExpiredContainerReplicaOpScrubber.
2022-07-02 07:19:37,341 [main] INFO  algorithms.PipelineChoosePolicyFactory (PipelineChoosePolicyFactory.java:createPipelineChoosePolicyFromClass(73)) - Create pipeline choose policy of type org.apache.hadoop.hdds.scm.pipeline.choose.algorithms.RandomPipelineChoosePolicy
2022-07-02 07:19:37,361 [main] INFO  ha.SCMServiceManager (SCMServiceManager.java:register(42)) - Registering service SCMBlockDeletingService.
2022-07-02 07:19:37,406 [main] INFO  replication.ReplicationManager (ReplicationManager.java:start(179)) - Starting Replication Monitor Thread.
2022-07-02 07:19:37,417 [main] INFO  ha.SCMServiceManager (SCMServiceManager.java:register(42)) - Registering service ReplicationManager.
2022-07-02 07:19:37,424 [ReplicationMonitor] INFO  replication.ReplicationManager (ReplicationManager.java:processAll(228)) - Replication Manager is not ready to run until 3000ms after safemode exit
2022-07-02 07:19:37,429 [main] INFO  safemode.ContainerSafeModeRule (ContainerSafeModeRule.java:<init>(89)) - containers with one replica threshold count 0
2022-07-02 07:19:37,435 [main] INFO  safemode.HealthyPipelineSafeModeRule (HealthyPipelineSafeModeRule.java:initializeRule(156)) - Total pipeline count is 0, healthy pipeline threshold count is 1
2022-07-02 07:19:37,438 [main] INFO  safemode.OneReplicaPipelineSafeModeRule (OneReplicaPipelineSafeModeRule.java:initializeRule(180)) - Total pipeline count is 0, pipeline's with at least one datanode reported threshold count is 0
2022-07-02 07:19:37,751 [main] INFO  audit.AuditLogger (AuditLogger.java:refreshDebugCmdSet(120)) - Refresh DebugCmdSet for SCMAudit to [].
2022-07-02 07:19:37,786 [main] INFO  ipc.CallQueueManager (CallQueueManager.java:<init>(90)) - Using callQueue: class java.util.concurrent.LinkedBlockingQueue, queueCapacity: 2000, scheduler: class org.apache.hadoop.ipc.DefaultRpcScheduler, ipcBackoff: false.
2022-07-02 07:19:37,836 [Socket Reader #1 for port 0] INFO  ipc.Server (Server.java:run(1265)) - Starting Socket Reader #1 for port 0
2022-07-02 07:19:37,908 [Listener at 0.0.0.0/39811] INFO  audit.AuditLogger (AuditLogger.java:refreshDebugCmdSet(120)) - Refresh DebugCmdSet for SCMAudit to [].
2022-07-02 07:19:37,914 [Listener at 0.0.0.0/39811] INFO  ipc.CallQueueManager (CallQueueManager.java:<init>(90)) - Using callQueue: class java.util.concurrent.LinkedBlockingQueue, queueCapacity: 2000, scheduler: class org.apache.hadoop.ipc.DefaultRpcScheduler, ipcBackoff: false.
2022-07-02 07:19:37,915 [Socket Reader #1 for port 0] INFO  ipc.Server (Server.java:run(1265)) - Starting Socket Reader #1 for port 0
2022-07-02 07:19:37,952 [Listener at 0.0.0.0/34439] INFO  audit.AuditLogger (AuditLogger.java:refreshDebugCmdSet(120)) - Refresh DebugCmdSet for SCMAudit to [].
2022-07-02 07:19:37,965 [Listener at 0.0.0.0/34439] INFO  ipc.CallQueueManager (CallQueueManager.java:<init>(90)) - Using callQueue: class java.util.concurrent.LinkedBlockingQueue, queueCapacity: 2000, scheduler: class org.apache.hadoop.ipc.DefaultRpcScheduler, ipcBackoff: false.
2022-07-02 07:19:37,967 [Socket Reader #1 for port 0] INFO  ipc.Server (Server.java:run(1265)) - Starting Socket Reader #1 for port 0
2022-07-02 07:19:38,045 [Listener at 0.0.0.0/33933] INFO  ha.SCMServiceManager (SCMServiceManager.java:register(42)) - Registering service ContainerBalancer.
2022-07-02 07:19:38,049 [Listener at 0.0.0.0/33933] INFO  server.StorageContainerManager (StorageContainerManager.java:<init>(401)) - 
Container Balancer status:
Key                            Value
Running                        false
Container Balancer Configuration values:
Key                                                Value
Threshold                                          10
Max Datanodes to Involve per Iteration(percent)    20
Max Size to Move per Iteration                     500GB
Max Size Entering Target per Iteration             26GB
Max Size Leaving Source per Iteration              26GB

2022-07-02 07:19:38,050 [Listener at 0.0.0.0/33933] WARN  events.EventQueue (EventQueue.java:fireEvent(216)) - No event handler registered for event TypedEvent{payloadType=SafeModeStatus, name='Safe mode status'}
2022-07-02 07:19:38,050 [Listener at 0.0.0.0/33933] INFO  ha.SCMContext (SCMContext.java:updateSafeModeStatus(228)) - Update SafeModeStatus from SafeModeStatus{safeModeStatus=true, preCheckPassed=false} to SafeModeStatus{safeModeStatus=true, preCheckPassed=false}.
2022-07-02 07:19:38,053 [Listener at 0.0.0.0/33933] INFO  server.StorageContainerManager (StorageContainerManager.java:start(1422)) - StorageContainerLocationProtocol RPC server is listening at /0.0.0.0:33933
2022-07-02 07:19:38,142 [Listener at 0.0.0.0/33933] WARN  impl.MetricsConfig (MetricsConfig.java:loadFirst(136)) - Cannot locate configuration: tried hadoop-metrics2-storagecontainermanager.properties,hadoop-metrics2.properties
2022-07-02 07:19:38,159 [Listener at 0.0.0.0/33933] INFO  impl.MetricsSystemImpl (MetricsSystemImpl.java:startTimer(378)) - Scheduled Metric snapshot period at 10 second(s).
2022-07-02 07:19:38,159 [Listener at 0.0.0.0/33933] INFO  impl.MetricsSystemImpl (MetricsSystemImpl.java:start(191)) - StorageContainerManager metrics system started
2022-07-02 07:19:38,560 [Listener at 0.0.0.0/33933] INFO  server.SCMClientProtocolServer (SCMClientProtocolServer.java:start(169)) - RPC server for Client  is listening at /0.0.0.0:33933
2022-07-02 07:19:38,564 [IPC Server Responder] INFO  ipc.Server (Server.java:run(1507)) - IPC Server Responder: starting
2022-07-02 07:19:38,574 [Listener at 0.0.0.0/33933] INFO  server.StorageContainerManager (StorageContainerManager.java:start(1437)) - ScmBlockLocationProtocol RPC server is listening at /0.0.0.0:34439
2022-07-02 07:19:38,565 [IPC Server listener on 0] INFO  ipc.Server (Server.java:run(1344)) - IPC Server listener on 0: starting
2022-07-02 07:19:38,576 [Listener at 0.0.0.0/33933] INFO  server.SCMBlockProtocolServer (SCMBlockProtocolServer.java:start(151)) - RPC server for Block Protocol is listening at /0.0.0.0:34439
2022-07-02 07:19:38,579 [IPC Server listener on 0] INFO  ipc.Server (Server.java:run(1344)) - IPC Server listener on 0: starting
2022-07-02 07:19:38,579 [IPC Server Responder] INFO  ipc.Server (Server.java:run(1507)) - IPC Server Responder: starting
2022-07-02 07:19:38,582 [Listener at 0.0.0.0/33933] INFO  server.SCMDatanodeProtocolServer (SCMDatanodeProtocolServer.java:start(185)) - ScmDatanodeProtocol RPC server for DataNodes is listening at /0.0.0.0:39811
2022-07-02 07:19:38,583 [IPC Server Responder] INFO  ipc.Server (Server.java:run(1507)) - IPC Server Responder: starting
2022-07-02 07:19:38,584 [IPC Server listener on 0] INFO  ipc.Server (Server.java:run(1344)) - IPC Server listener on 0: starting
2022-07-02 07:19:38,599 [org.apache.hadoop.util.JvmPauseMonitor$Monitor@4cb91fa4] INFO  util.JvmPauseMonitor (JvmPauseMonitor.java:run(188)) - Starting JVM pause monitor
2022-07-02 07:19:38,627 [Listener at 0.0.0.0/33933] INFO  http.BaseHttpServer (BaseHttpServer.java:newHttpServer2BuilderForOzone(209)) - Starting Web-server for scm at: http://0.0.0.0:0
2022-07-02 07:19:38,627 [Listener at 0.0.0.0/33933] INFO  http.BaseHttpServer (BaseHttpServer.java:<init>(107)) - Hadoop Security Enabled: false Ozone Security Enabled: false Ozone HTTP Security Enabled: false 
2022-07-02 07:19:38,658 [Listener at 0.0.0.0/33933] INFO  util.log (Log.java:initialized(170)) - Logging initialized @5268ms to org.eclipse.jetty.util.log.Slf4jLog
2022-07-02 07:19:38,786 [Listener at 0.0.0.0/33933] INFO  server.AuthenticationFilter (AuthenticationFilter.java:constructSecretProvider(240)) - Unable to initialize FileSignerSecretProvider, falling back to use random secrets.
2022-07-02 07:19:38,792 [Listener at 0.0.0.0/33933] WARN  http.HttpRequestLog (HttpRequestLog.java:getRequestLog(103)) - Jetty request log can only be enabled using Log4j
2022-07-02 07:19:38,800 [Listener at 0.0.0.0/33933] INFO  http.HttpServer2 (HttpServer2.java:addGlobalFilter(1029)) - Added global filter 'safety' (class=org.apache.hadoop.hdds.server.http.HttpServer2$QuotingInputFilter)
2022-07-02 07:19:38,802 [Listener at 0.0.0.0/33933] INFO  http.HttpServer2 (HttpServer2.java:addFilter(1005)) - Added filter static_user_filter (class=org.apache.hadoop.http.lib.StaticUserWebFilter$StaticUserFilter) to context scm
2022-07-02 07:19:38,802 [Listener at 0.0.0.0/33933] INFO  http.HttpServer2 (HttpServer2.java:addFilter(1013)) - Added filter static_user_filter (class=org.apache.hadoop.http.lib.StaticUserWebFilter$StaticUserFilter) to context static
2022-07-02 07:19:38,802 [Listener at 0.0.0.0/33933] INFO  http.HttpServer2 (HttpServer2.java:addFilter(1013)) - Added filter static_user_filter (class=org.apache.hadoop.http.lib.StaticUserWebFilter$StaticUserFilter) to context logs
2022-07-02 07:19:38,849 [Listener at 0.0.0.0/33933] INFO  http.HttpServer2 (HttpServer2.java:bindListener(1248)) - Jetty bound to port 35203
2022-07-02 07:19:38,851 [Listener at 0.0.0.0/33933] INFO  server.Server (Server.java:doStart(375)) - jetty-9.4.43.v20210629; built: 2021-06-30T11:07:22.254Z; git: 526006ecfa3af7f1a27ef3a288e2bef7ea9dd7e8; jvm 1.8.0_332-b09
2022-07-02 07:19:38,889 [Listener at 0.0.0.0/33933] INFO  server.session (DefaultSessionIdManager.java:doStart(334)) - DefaultSessionIdManager workerName=node0
2022-07-02 07:19:38,890 [Listener at 0.0.0.0/33933] INFO  server.session (DefaultSessionIdManager.java:doStart(339)) - No SessionScavenger set, using defaults
2022-07-02 07:19:38,892 [Listener at 0.0.0.0/33933] INFO  server.session (HouseKeeper.java:startScavenging(132)) - node0 Scavenging every 600000ms
2022-07-02 07:19:38,906 [Listener at 0.0.0.0/33933] INFO  handler.ContextHandler (ContextHandler.java:doStart(915)) - Started o.e.j.s.ServletContextHandler@1360ef8d{logs,/logs,file:///home/runner/work/ozone/ozone/hadoop-ozone/integration-test/target/log,AVAILABLE}
2022-07-02 07:19:38,907 [Listener at 0.0.0.0/33933] INFO  handler.ContextHandler (ContextHandler.java:doStart(915)) - Started o.e.j.s.ServletContextHandler@1e366f0f{static,/static,file:///home/runner/work/ozone/ozone/hadoop-ozone/integration-test/target/test-classes/webapps/static,AVAILABLE}
2022-07-02 07:19:38,961 [Listener at 0.0.0.0/33933] INFO  handler.ContextHandler (ContextHandler.java:doStart(915)) - Started o.e.j.w.WebAppContext@c8ed958{scm,/,file:///home/runner/work/ozone/ozone/hadoop-ozone/integration-test/target/test-classes/webapps/scm/,AVAILABLE}{file:/home/runner/work/ozone/ozone/hadoop-ozone/integration-test/target/test-classes/webapps/scm}
2022-07-02 07:19:38,974 [Listener at 0.0.0.0/33933] INFO  server.AbstractConnector (AbstractConnector.java:doStart(331)) - Started ServerConnector@1952ad9d{HTTP/1.1, (http/1.1)}{0.0.0.0:35203}
2022-07-02 07:19:38,975 [Listener at 0.0.0.0/33933] INFO  server.Server (Server.java:doStart(415)) - Started @5584ms
2022-07-02 07:19:38,978 [Listener at 0.0.0.0/33933] INFO  impl.MetricsSinkAdapter (MetricsSinkAdapter.java:start(204)) - Sink prometheus started
2022-07-02 07:19:38,978 [Listener at 0.0.0.0/33933] INFO  impl.MetricsSystemImpl (MetricsSystemImpl.java:registerSink(305)) - Registered sink prometheus
2022-07-02 07:19:38,981 [Listener at 0.0.0.0/33933] INFO  http.BaseHttpServer (BaseHttpServer.java:updateConnectorAddress(329)) - HTTP server of scm listening at http://0.0.0.0:35203
2022-07-02 07:19:38,982 [Listener at 0.0.0.0/33933] WARN  server.ServerUtils (ServerUtils.java:getDBPath(225)) - ozone.om.db.dirs is not configured. We recommend adding this setting. Falling back to ozone.metadata.dirs instead.
2022-07-02 07:19:39,042 [Listener at 0.0.0.0/33933] INFO  audit.AuditLogger (AuditLogger.java:refreshDebugCmdSet(120)) - Refresh DebugCmdSet for OMAudit to [].
2022-07-02 07:19:39,163 [Listener at 0.0.0.0/33933] INFO  ha.OMHANodeDetails (OMHANodeDetails.java:loadOMHAConfig(115)) - ozone.om.internal.service.id is not defined, falling back to ozone.om.service.ids to find serviceID for OzoneManager if it is HA enabled cluster
2022-07-02 07:19:39,167 [Listener at 0.0.0.0/33933] INFO  ha.OMHANodeDetails (OMHANodeDetails.java:loadOMHAConfig(226)) - Configuration does not have ozone.om.address set. Falling back to the default OM address /127.0.0.1:0
2022-07-02 07:19:39,167 [Listener at 0.0.0.0/33933] INFO  ha.OMHANodeDetails (OMHANodeDetails.java:getOMNodeDetailsForNonHA(254)) - OM Service ID is not set. Setting it to the default ID: omServiceIdDefault
2022-07-02 07:19:39,167 [Listener at 0.0.0.0/33933] INFO  ha.OMHANodeDetails (OMHANodeDetails.java:getOMNodeDetailsForNonHA(261)) - OM Node ID is not set. Setting it to the default ID: om1
2022-07-02 07:19:39,171 [Listener at 0.0.0.0/33933] WARN  server.ServerUtils (ServerUtils.java:getDBPath(225)) - ozone.om.db.dirs is not configured. We recommend adding this setting. Falling back to ozone.metadata.dirs instead.
2022-07-02 07:19:39,173 [Listener at 0.0.0.0/33933] INFO  upgrade.AbstractLayoutVersionManager (AbstractLayoutVersionManager.java:init(82)) - Initializing Layout version manager with metadata layout = MULTITENANCY_SCHEMA (version = 3), software layout = MULTITENANCY_SCHEMA (version = 3)
2022-07-02 07:19:39,287 [Listener at 0.0.0.0/33933] INFO  reflections.Reflections (Reflections.java:scan(232)) - Reflections took 96 ms to scan 2 urls, producing 153 keys and 430 values [using 2 cores]
2022-07-02 07:19:39,293 [Listener at 0.0.0.0/33933] INFO  upgrade.OMLayoutVersionManager (OMLayoutVersionManager.java:lambda$0(115)) - Skipping Upgrade Action MockOmUpgradeAction since it has been finalized.
2022-07-02 07:19:39,294 [Listener at 0.0.0.0/33933] WARN  server.ServerUtils (ServerUtils.java:getDBPath(225)) - ozone.om.db.dirs is not configured. We recommend adding this setting. Falling back to ozone.metadata.dirs instead.
2022-07-02 07:19:39,477 [Listener at 0.0.0.0/33933] INFO  proxy.SCMBlockLocationFailoverProxyProvider (SCMBlockLocationFailoverProxyProvider.java:<init>(114)) - Created block location fail-over proxy with 1 nodes: [nodeId=scmNodeId,nodeAddress=/0.0.0.0:34439]
2022-07-02 07:19:39,506 [Listener at 0.0.0.0/33933] INFO  proxy.SCMBlockLocationFailoverProxyProvider (SCMBlockLocationFailoverProxyProvider.java:<init>(114)) - Created block location fail-over proxy with 1 nodes: [nodeId=scmNodeId,nodeAddress=/0.0.0.0:34439]
2022-07-02 07:19:39,775 [Listener at 0.0.0.0/33933] WARN  server.ServerUtils (ServerUtils.java:getDBPath(225)) - ozone.om.db.dirs is not configured. We recommend adding this setting. Falling back to ozone.metadata.dirs instead.
2022-07-02 07:19:39,784 [Listener at 0.0.0.0/33933] INFO  codec.OmKeyInfoCodec (OmKeyInfoCodec.java:<init>(49)) - OmKeyInfoCodec ignorePipeline = true
2022-07-02 07:19:39,785 [Listener at 0.0.0.0/33933] INFO  codec.RepeatedOmKeyInfoCodec (RepeatedOmKeyInfoCodec.java:<init>(41)) - RepeatedOmKeyInfoCodec ignorePipeline = true
2022-07-02 07:19:39,992 [Listener at 0.0.0.0/33933] INFO  om.OzoneManager (OzoneManager.java:instantiateServices(692)) - S3 Multi-Tenancy is disabled
2022-07-02 07:19:40,088 [Listener at 0.0.0.0/33933] INFO  om.OzoneManager (OzoneManager.java:addS3GVolumeToDB(4259)) - Created Volume s3v With Owner runner required for S3Gateway operations.
2022-07-02 07:19:40,171 [Listener at 0.0.0.0/33933] WARN  server.ServerUtils (ServerUtils.java:getDefaultRatisDirectory(237)) - Storage directory for Ratis is not configured. It is a good idea to map this to an SSD disk. Falling back to ozone.metadata.dirs
2022-07-02 07:19:40,172 [Listener at 0.0.0.0/33933] WARN  utils.OzoneManagerRatisUtils (OzoneManagerRatisUtils.java:getOMRatisSnapshotDirectory(431)) - ozone.om.ratis.snapshot.dir is not configured. Falling back to ozone.metadata.dirs config
2022-07-02 07:19:40,197 [Listener at 0.0.0.0/33933] WARN  server.ServerUtils (ServerUtils.java:getDefaultRatisDirectory(237)) - Storage directory for Ratis is not configured. It is a good idea to map this to an SSD disk. Falling back to ozone.metadata.dirs
2022-07-02 07:19:40,231 [Listener at 0.0.0.0/33933] INFO  ratis.OzoneManagerRatisServer (OzoneManagerRatisServer.java:<init>(159)) - Instantiating OM Ratis server with groupID: omServiceIdDefault and peers: localhost:9872
2022-07-02 07:19:40,242 [Listener at 0.0.0.0/33933] INFO  ratis.OzoneManagerStateMachine (OzoneManagerStateMachine.java:loadSnapshotInfoFromDB(632)) - LastAppliedIndex is set from TransactionInfo from OM DB as (t:0, i:~)
2022-07-02 07:19:40,299 [Listener at 0.0.0.0/33933] INFO  server.RaftServer (ConfUtils.java:logGet(46)) - raft.rpc.type = GRPC (default)
2022-07-02 07:19:40,398 [Listener at 0.0.0.0/33933] INFO  grpc.GrpcFactory (GrpcFactory.java:checkPooledByteBufAllocatorUseCacheForAllThreads(48)) - PERFORMANCE WARNING: useCacheForAllThreads is true that may cause Netty to create a lot garbage objects and, as a result, trigger GC.
	It is recommended to disable useCacheForAllThreads by setting -Dorg.apache.ratis.thirdparty.io.netty.allocator.useCacheForAllThreads=false in command line.
2022-07-02 07:19:40,403 [Listener at 0.0.0.0/33933] INFO  grpc.GrpcConfigKeys (ConfUtils.java:logGet(46)) - raft.grpc.admin.port = -1 (default)
2022-07-02 07:19:40,404 [Listener at 0.0.0.0/33933] INFO  grpc.GrpcConfigKeys (ConfUtils.java:logGet(46)) - raft.grpc.server.port = 9872 (custom)
2022-07-02 07:19:40,405 [Listener at 0.0.0.0/33933] INFO  grpc.GrpcConfigKeys (ConfUtils.java:logGet(46)) - raft.grpc.client.port = -1 (default)
2022-07-02 07:19:40,405 [Listener at 0.0.0.0/33933] INFO  grpc.GrpcConfigKeys (ConfUtils.java:logGet(46)) - raft.grpc.server.port = 9872 (custom)
2022-07-02 07:19:40,405 [Listener at 0.0.0.0/33933] INFO  grpc.GrpcConfigKeys (ConfUtils.java:logGet(46)) - raft.grpc.server.port = 9872 (custom)
2022-07-02 07:19:40,406 [Listener at 0.0.0.0/33933] INFO  server.GrpcService (ConfUtils.java:logGet(46)) - raft.grpc.message.size.max = 33554432 (custom)
2022-07-02 07:19:40,407 [Listener at 0.0.0.0/33933] INFO  server.RaftServerConfigKeys (ConfUtils.java:logGet(46)) - raft.server.log.appender.buffer.byte-limit = 33554432 (custom)
2022-07-02 07:19:40,408 [Listener at 0.0.0.0/33933] INFO  server.GrpcService (ConfUtils.java:logGet(46)) - raft.grpc.flow.control.window = 1MB (=1048576) (default)
2022-07-02 07:19:40,408 [Listener at 0.0.0.0/33933] INFO  server.RaftServerConfigKeys (ConfUtils.java:logGet(46)) - raft.server.rpc.request.timeout = 3000ms (default)
2022-07-02 07:19:40,430 [Listener at 0.0.0.0/33933] INFO  grpc.GrpcConfigKeys (ConfUtils.java:logGet(46)) - raft.grpc.server.async.request.thread.pool.cached = true (default)
2022-07-02 07:19:40,431 [Listener at 0.0.0.0/33933] INFO  grpc.GrpcConfigKeys (ConfUtils.java:logGet(46)) - raft.grpc.server.async.request.thread.pool.size = 32 (default)
2022-07-02 07:19:40,826 [Listener at 0.0.0.0/33933] INFO  impl.DataStreamServerImpl (ConfUtils.java:logGet(46)) - raft.datastream.type = DISABLED (default)
2022-07-02 07:19:40,831 [Listener at 0.0.0.0/33933] INFO  server.RaftServerConfigKeys (ConfUtils.java:logGet(46)) - raft.server.threadpool.proxy.cached = true (default)
2022-07-02 07:19:40,831 [Listener at 0.0.0.0/33933] INFO  server.RaftServerConfigKeys (ConfUtils.java:logGet(46)) - raft.server.threadpool.proxy.size = 0 (default)
2022-07-02 07:19:40,833 [Listener at 0.0.0.0/33933] INFO  server.RaftServerConfigKeys (ConfUtils.java:logGet(46)) - raft.server.rpc.slowness.timeout = 120s (custom)
2022-07-02 07:19:40,833 [Listener at 0.0.0.0/33933] INFO  server.RaftServerConfigKeys (ConfUtils.java:logGet(46)) - raft.server.leaderelection.leader.step-down.wait-time = 10s (default)
2022-07-02 07:19:40,839 [Listener at 0.0.0.0/33933] INFO  server.RaftServerConfigKeys (ConfUtils.java:logGet(46)) - raft.server.storage.dir = [/home/runner/work/ozone/ozone/hadoop-ozone/integration-test/target/test-dir/MiniOzoneClusterImpl-2384df39-2793-4e2f-8252-b182c7f166b5/ozone-meta/ratis] (custom)
2022-07-02 07:19:40,847 [Listener at 0.0.0.0/33933] INFO  server.RaftServer (RaftServerProxy.java:addNew(96)) - om1: addNew group-C5BA1605619E:[om1|rpc:localhost:9872|priority:0] returns group-C5BA1605619E:java.util.concurrent.CompletableFuture@63112b[Not completed]
2022-07-02 07:19:40,848 [Listener at 0.0.0.0/33933] INFO  om.OzoneManager (OzoneManager.java:initializeRatisServer(1961)) - OzoneManager Ratis server initialized at port 9872
2022-07-02 07:19:40,864 [Listener at 0.0.0.0/33933] INFO  om.OzoneManager (OzoneManager.java:getRpcServer(1081)) - Creating RPC Server
2022-07-02 07:19:40,902 [pool-55-thread-1] INFO  server.RaftServer$Division (RaftServerImpl.java:<init>(190)) - om1: new RaftServerImpl for group-C5BA1605619E:[om1|rpc:localhost:9872|priority:0] with OzoneManagerStateMachine:uninitialized
2022-07-02 07:19:40,906 [pool-55-thread-1] INFO  server.RaftServerConfigKeys (ConfUtils.java:logGet(46)) - raft.server.rpc.timeout.min = 1s (custom)
2022-07-02 07:19:40,907 [pool-55-thread-1] INFO  server.RaftServerConfigKeys (ConfUtils.java:logGet(46)) - raft.server.rpc.timeout.max = 1200ms (custom)
2022-07-02 07:19:40,907 [pool-55-thread-1] INFO  server.RaftServerConfigKeys (ConfUtils.java:logGet(46)) - raft.server.rpc.sleep.time = 25ms (default)
2022-07-02 07:19:40,907 [pool-55-thread-1] INFO  server.RaftServerConfigKeys (ConfUtils.java:logGet(46)) - raft.server.rpc.slowness.timeout = 120s (custom)
2022-07-02 07:19:40,907 [pool-55-thread-1] INFO  server.RaftServerConfigKeys (ConfUtils.java:logGet(46)) - raft.server.leaderelection.leader.step-down.wait-time = 10s (default)
2022-07-02 07:19:40,907 [pool-55-thread-1] INFO  server.RaftServerConfigKeys (ConfUtils.java:logGet(46)) - raft.server.sleep.deviation.threshold = 300ms (default)
2022-07-02 07:19:40,936 [pool-55-thread-1] INFO  server.RaftServer$Division (ServerState.java:<init>(107)) - om1@group-C5BA1605619E: ConfigurationManager, init=-1: [om1|rpc:localhost:9872|priority:0], old=null, confs=<EMPTY_MAP>
2022-07-02 07:19:40,937 [pool-55-thread-1] INFO  server.RaftServerConfigKeys (ConfUtils.java:logGet(46)) - raft.server.storage.dir = [/home/runner/work/ozone/ozone/hadoop-ozone/integration-test/target/test-dir/MiniOzoneClusterImpl-2384df39-2793-4e2f-8252-b182c7f166b5/ozone-meta/ratis] (custom)
2022-07-02 07:19:40,942 [pool-55-thread-1] INFO  server.RaftServerConfigKeys (ConfUtils.java:logGet(46)) - raft.server.log.corruption.policy = EXCEPTION (default)
2022-07-02 07:19:40,942 [pool-55-thread-1] INFO  server.RaftServerConfigKeys (ConfUtils.java:logGet(46)) - raft.server.storage.free-space.min = 0MB (=0) (default)
2022-07-02 07:19:40,956 [pool-55-thread-1] INFO  storage.RaftStorageDirectory (RaftStorageDirectoryImpl.java:analyzeStorage(135)) - The storage directory /home/runner/work/ozone/ozone/hadoop-ozone/integration-test/target/test-dir/MiniOzoneClusterImpl-2384df39-2793-4e2f-8252-b182c7f166b5/ozone-meta/ratis/bf265839-605b-3f16-9796-c5ba1605619e does not exist. Creating ...
2022-07-02 07:19:40,984 [pool-55-thread-1] INFO  storage.RaftStorageDirectory (RaftStorageDirectoryImpl.java:tryLock(230)) - Lock on /home/runner/work/ozone/ozone/hadoop-ozone/integration-test/target/test-dir/MiniOzoneClusterImpl-2384df39-2793-4e2f-8252-b182c7f166b5/ozone-meta/ratis/bf265839-605b-3f16-9796-c5ba1605619e/in_use.lock acquired by nodename 16391@fv-az444-838
2022-07-02 07:19:41,008 [pool-55-thread-1] INFO  storage.RaftStorage (RaftStorageImpl.java:format(89)) - Storage directory /home/runner/work/ozone/ozone/hadoop-ozone/integration-test/target/test-dir/MiniOzoneClusterImpl-2384df39-2793-4e2f-8252-b182c7f166b5/ozone-meta/ratis/bf265839-605b-3f16-9796-c5ba1605619e has been successfully formatted.
2022-07-02 07:19:41,014 [pool-55-thread-1] INFO  server.RaftServerConfigKeys (ConfUtils.java:logGet(46)) - raft.server.notification.no-leader.timeout = 120s (custom)
2022-07-02 07:19:41,017 [pool-55-thread-1] INFO  server.RaftServerConfigKeys (ConfUtils.java:logGet(46)) - raft.server.log.use.memory = false (default)
2022-07-02 07:19:41,040 [pool-55-thread-1] INFO  server.RaftServerConfigKeys (ConfUtils.java:logGet(46)) - raft.server.log.purge.gap = 1000000 (custom)
2022-07-02 07:19:41,040 [pool-55-thread-1] INFO  server.RaftServerConfigKeys (ConfUtils.java:logGet(46)) - raft.server.log.appender.buffer.byte-limit = 33554432 (custom)
2022-07-02 07:19:41,043 [pool-55-thread-1] INFO  server.RaftServerConfigKeys (ConfUtils.java:logGet(46)) - raft.server.log.statemachine.data.read.timeout = 1000ms (default)
2022-07-02 07:19:41,083 [pool-55-thread-1] INFO  server.RaftServerConfigKeys (ConfUtils.java:logGet(46)) - raft.server.log.segment.size.max = 4194304 (custom)
2022-07-02 07:19:41,131 [pool-55-thread-1] INFO  server.RaftServerConfigKeys (ConfUtils.java:logGet(46)) - raft.server.log.segment.cache.num.max = 2 (custom)
2022-07-02 07:19:41,131 [pool-55-thread-1] INFO  server.RaftServerConfigKeys (ConfUtils.java:logGet(46)) - raft.server.log.segment.cache.size.max = 200MB (=209715200) (default)
2022-07-02 07:19:41,151 [pool-55-thread-1] INFO  segmented.SegmentedRaftLogWorker (SegmentedRaftLogWorker.java:<init>(187)) - new om1@group-C5BA1605619E-SegmentedRaftLogWorker for RaftStorageImpl:Storage Directory /home/runner/work/ozone/ozone/hadoop-ozone/integration-test/target/test-dir/MiniOzoneClusterImpl-2384df39-2793-4e2f-8252-b182c7f166b5/ozone-meta/ratis/bf265839-605b-3f16-9796-c5ba1605619e
2022-07-02 07:19:41,151 [pool-55-thread-1] INFO  server.RaftServerConfigKeys (ConfUtils.java:logGet(46)) - raft.server.log.queue.byte-limit = 64MB (=67108864) (default)
2022-07-02 07:19:41,152 [pool-55-thread-1] INFO  server.RaftServerConfigKeys (ConfUtils.java:logGet(46)) - raft.server.log.queue.element-limit = 4096 (default)
2022-07-02 07:19:41,153 [pool-55-thread-1] INFO  server.RaftServerConfigKeys (ConfUtils.java:logGet(46)) - raft.server.log.segment.size.max = 4194304 (custom)
2022-07-02 07:19:41,154 [pool-55-thread-1] INFO  server.RaftServerConfigKeys (ConfUtils.java:logGet(46)) - raft.server.log.preallocated.size = 4194304 (custom)
2022-07-02 07:19:41,154 [pool-55-thread-1] INFO  server.RaftServerConfigKeys (ConfUtils.java:logGet(46)) - raft.server.log.force.sync.num = 128 (default)
2022-07-02 07:19:41,173 [pool-55-thread-1] INFO  server.RaftServerConfigKeys (ConfUtils.java:logGet(46)) - raft.server.log.statemachine.data.sync = true (default)
2022-07-02 07:19:41,173 [pool-55-thread-1] INFO  server.RaftServerConfigKeys (ConfUtils.java:logGet(46)) - raft.server.log.statemachine.data.sync.timeout = 10s (default)
2022-07-02 07:19:41,173 [pool-55-thread-1] INFO  server.RaftServerConfigKeys (ConfUtils.java:logGet(46)) - raft.server.log.statemachine.data.sync.timeout.retry = -1 (default)
2022-07-02 07:19:41,200 [pool-55-thread-1] INFO  server.RaftServerConfigKeys (ConfUtils.java:logGet(46)) - raft.server.log.write.buffer.size = 64KB (=65536) (default)
2022-07-02 07:19:41,201 [pool-55-thread-1] INFO  server.RaftServerConfigKeys (ConfUtils.java:logGet(46)) - raft.server.log.unsafe-flush.enabled = false (default)
2022-07-02 07:19:41,201 [pool-55-thread-1] INFO  server.RaftServerConfigKeys (ConfUtils.java:logGet(46)) - raft.server.log.statemachine.data.caching.enabled = false (default)
2022-07-02 07:19:41,215 [pool-55-thread-1] INFO  segmented.SegmentedRaftLogWorker (SegmentedRaftLogWorker.java:lambda$new$0(135)) - om1@group-C5BA1605619E-SegmentedRaftLogWorker: flushIndex: setUnconditionally 0 -> -1
2022-07-02 07:19:41,215 [pool-55-thread-1] INFO  segmented.SegmentedRaftLogWorker (SegmentedRaftLogWorker.java:lambda$new$0(135)) - om1@group-C5BA1605619E-SegmentedRaftLogWorker: safeCacheEvictIndex: setUnconditionally 0 -> -1
2022-07-02 07:19:41,225 [pool-55-thread-1] INFO  server.RaftServerConfigKeys (ConfUtils.java:logGet(46)) - raft.server.snapshot.auto.trigger.enabled = true (custom)
2022-07-02 07:19:41,226 [pool-55-thread-1] INFO  server.RaftServerConfigKeys (ConfUtils.java:logGet(46)) - raft.server.snapshot.auto.trigger.threshold = 400000 (default)
2022-07-02 07:19:41,226 [pool-55-thread-1] INFO  server.RaftServerConfigKeys (ConfUtils.java:logGet(46)) - raft.server.snapshot.retention.file.num = -1 (default)
2022-07-02 07:19:41,228 [pool-55-thread-1] INFO  server.RaftServerConfigKeys (ConfUtils.java:logGet(46)) - raft.server.log.purge.upto.snapshot.index = true (custom)
2022-07-02 07:19:41,230 [pool-55-thread-1] INFO  server.RaftServerConfigKeys (ConfUtils.java:logGet(46)) - raft.server.retrycache.expirytime = 300s (custom)
2022-07-02 07:19:41,230 [pool-55-thread-1] INFO  server.RaftServerConfigKeys (ConfUtils.java:logGet(46)) - raft.server.retrycache.statistics.expirytime = 100μs (default)
2022-07-02 07:19:41,349 [pool-55-thread-1] INFO  server.RaftServerConfigKeys (ConfUtils.java:logGet(46)) - raft.server.log.appender.install.snapshot.enabled = false (custom)
2022-07-02 07:19:41,349 [pool-55-thread-1] INFO  server.RaftServerConfigKeys (ConfUtils.java:logGet(46)) - raft.server.threadpool.server.cached = true (default)
2022-07-02 07:19:41,350 [pool-55-thread-1] INFO  server.RaftServerConfigKeys (ConfUtils.java:logGet(46)) - raft.server.threadpool.server.size = 0 (default)
2022-07-02 07:19:41,350 [pool-55-thread-1] INFO  server.RaftServerConfigKeys (ConfUtils.java:logGet(46)) - raft.server.threadpool.client.cached = true (default)
2022-07-02 07:19:41,351 [pool-55-thread-1] INFO  server.RaftServerConfigKeys (ConfUtils.java:logGet(46)) - raft.server.threadpool.client.size = 0 (default)
2022-07-02 07:19:41,712 [Listener at 0.0.0.0/33933] INFO  reflections.Reflections (Reflections.java:scan(232)) - Reflections took 766 ms to scan 19 urls, producing 66 keys and 4088 values [using 2 cores]
2022-07-02 07:19:41,896 [Listener at 0.0.0.0/33933] INFO  ipc.CallQueueManager (CallQueueManager.java:<init>(90)) - Using callQueue: class java.util.concurrent.LinkedBlockingQueue, queueCapacity: 2000, scheduler: class org.apache.hadoop.ipc.DefaultRpcScheduler, ipcBackoff: false.
2022-07-02 07:19:41,897 [Socket Reader #1 for port 0] INFO  ipc.Server (Server.java:run(1265)) - Starting Socket Reader #1 for port 0
2022-07-02 07:19:41,942 [Listener at 127.0.0.1/41977] INFO  impl.MetricsSystemImpl (MetricsSystemImpl.java:init(158)) - OzoneManager metrics system started (again)
2022-07-02 07:19:41,956 [Listener at 127.0.0.1/41977] INFO  om.OzoneManager (OzoneManager.java:start(1465)) - OzoneManager RPC server is listening at localhost/127.0.0.1:41977
2022-07-02 07:19:41,956 [Listener at 127.0.0.1/41977] INFO  ratis.OzoneManagerRatisServer (OzoneManagerRatisServer.java:start(554)) - Starting OzoneManagerRatisServer om1 at port 9872
2022-07-02 07:19:41,959 [om1-impl-thread1] INFO  server.RaftServer$Division (RaftServerImpl.java:start(310)) - om1@group-C5BA1605619E: start as a follower, conf=-1: [om1|rpc:localhost:9872|priority:0], old=null
2022-07-02 07:19:41,960 [om1-impl-thread1] INFO  server.RaftServer$Division (RaftServerImpl.java:setRole(299)) - om1@group-C5BA1605619E: changes role from      null to FOLLOWER at term 0 for startAsFollower
2022-07-02 07:19:41,961 [om1-impl-thread1] INFO  impl.RoleInfo (RoleInfo.java:updateAndGet(139)) - om1: start om1@group-C5BA1605619E-FollowerState
2022-07-02 07:19:41,964 [om1-impl-thread1] INFO  util.JmxRegister (JmxRegister.java:tryRegister(44)) - Successfully registered JMX Bean with object name Ratis:service=RaftServer,group=group-C5BA1605619E,id=om1
2022-07-02 07:19:41,968 [Listener at 127.0.0.1/41977] INFO  server.RaftServer (RaftServerProxy.java:lambda$start$6(382)) - om1: start RPC server
2022-07-02 07:19:42,238 [Listener at 127.0.0.1/41977] INFO  server.GrpcService (GrpcService.java:startImpl(260)) - om1: GrpcService started, listening on 9872
2022-07-02 07:19:42,240 [Listener at 127.0.0.1/41977] INFO  om.OzoneManager (OzoneManager.java:start(1481)) - Version File has different layout version (3) than OM DB (null). That is expected if this OM has never been finalized to a newer layout version.
2022-07-02 07:19:42,242 [org.apache.ratis.util.JvmPauseMonitor$$Lambda$611/1072797734@3040fba9] INFO  util.JvmPauseMonitor (JvmPauseMonitor.java:run(103)) - JvmPauseMonitor-om1: Started
2022-07-02 07:19:42,262 [Listener at 127.0.0.1/41977] INFO  http.BaseHttpServer (BaseHttpServer.java:newHttpServer2BuilderForOzone(209)) - Starting Web-server for ozoneManager at: http://0.0.0.0:0
2022-07-02 07:19:42,262 [Listener at 127.0.0.1/41977] INFO  http.BaseHttpServer (BaseHttpServer.java:<init>(107)) - Hadoop Security Enabled: false Ozone Security Enabled: false Ozone HTTP Security Enabled: false 
2022-07-02 07:19:42,264 [Listener at 127.0.0.1/41977] INFO  server.AuthenticationFilter (AuthenticationFilter.java:constructSecretProvider(240)) - Unable to initialize FileSignerSecretProvider, falling back to use random secrets.
2022-07-02 07:19:42,268 [Listener at 127.0.0.1/41977] WARN  http.HttpRequestLog (HttpRequestLog.java:getRequestLog(103)) - Jetty request log can only be enabled using Log4j
2022-07-02 07:19:42,270 [Listener at 127.0.0.1/41977] INFO  http.HttpServer2 (HttpServer2.java:addGlobalFilter(1029)) - Added global filter 'safety' (class=org.apache.hadoop.hdds.server.http.HttpServer2$QuotingInputFilter)
2022-07-02 07:19:42,271 [Listener at 127.0.0.1/41977] INFO  http.HttpServer2 (HttpServer2.java:addFilter(1005)) - Added filter static_user_filter (class=org.apache.hadoop.http.lib.StaticUserWebFilter$StaticUserFilter) to context ozoneManager
2022-07-02 07:19:42,271 [Listener at 127.0.0.1/41977] INFO  http.HttpServer2 (HttpServer2.java:addFilter(1013)) - Added filter static_user_filter (class=org.apache.hadoop.http.lib.StaticUserWebFilter$StaticUserFilter) to context logs
2022-07-02 07:19:42,271 [Listener at 127.0.0.1/41977] INFO  http.HttpServer2 (HttpServer2.java:addFilter(1013)) - Added filter static_user_filter (class=org.apache.hadoop.http.lib.StaticUserWebFilter$StaticUserFilter) to context static
2022-07-02 07:19:42,273 [Listener at 127.0.0.1/41977] INFO  http.HttpServer2 (HttpServer2.java:bindListener(1248)) - Jetty bound to port 40471
2022-07-02 07:19:42,273 [Listener at 127.0.0.1/41977] INFO  server.Server (Server.java:doStart(375)) - jetty-9.4.43.v20210629; built: 2021-06-30T11:07:22.254Z; git: 526006ecfa3af7f1a27ef3a288e2bef7ea9dd7e8; jvm 1.8.0_332-b09
2022-07-02 07:19:42,277 [Listener at 127.0.0.1/41977] INFO  server.session (DefaultSessionIdManager.java:doStart(334)) - DefaultSessionIdManager workerName=node0
2022-07-02 07:19:42,277 [Listener at 127.0.0.1/41977] INFO  server.session (DefaultSessionIdManager.java:doStart(339)) - No SessionScavenger set, using defaults
2022-07-02 07:19:42,278 [Listener at 127.0.0.1/41977] INFO  server.session (HouseKeeper.java:startScavenging(132)) - node0 Scavenging every 600000ms
2022-07-02 07:19:42,281 [Listener at 127.0.0.1/41977] INFO  handler.ContextHandler (ContextHandler.java:doStart(915)) - Started o.e.j.s.ServletContextHandler@321d3e08{logs,/logs,file:///home/runner/work/ozone/ozone/hadoop-ozone/integration-test/target/log,AVAILABLE}
2022-07-02 07:19:42,281 [Listener at 127.0.0.1/41977] INFO  handler.ContextHandler (ContextHandler.java:doStart(915)) - Started o.e.j.s.ServletContextHandler@5a1bd78c{static,/static,file:///home/runner/work/ozone/ozone/hadoop-ozone/integration-test/target/test-classes/webapps/static,AVAILABLE}
2022-07-02 07:19:42,285 [Listener at 127.0.0.1/41977] INFO  handler.ContextHandler (ContextHandler.java:doStart(915)) - Started o.e.j.w.WebAppContext@7cbeb8b2{ozoneManager,/,file:///home/runner/work/ozone/ozone/hadoop-ozone/integration-test/target/test-classes/webapps/ozoneManager/,AVAILABLE}{file:/home/runner/work/ozone/ozone/hadoop-ozone/integration-test/target/test-classes/webapps/ozoneManager}
2022-07-02 07:19:42,287 [Listener at 127.0.0.1/41977] INFO  server.AbstractConnector (AbstractConnector.java:doStart(331)) - Started ServerConnector@272c18a1{HTTP/1.1, (http/1.1)}{0.0.0.0:40471}
2022-07-02 07:19:42,287 [Listener at 127.0.0.1/41977] INFO  server.Server (Server.java:doStart(415)) - Started @8897ms
2022-07-02 07:19:42,287 [Listener at 127.0.0.1/41977] WARN  impl.MetricsSystemImpl (MetricsSystemImpl.java:register(279)) - Sink prometheus already exists!
2022-07-02 07:19:42,288 [Listener at 127.0.0.1/41977] INFO  http.BaseHttpServer (BaseHttpServer.java:updateConnectorAddress(329)) - HTTP server of ozoneManager listening at http://0.0.0.0:40471
2022-07-02 07:19:42,288 [IPC Server Responder] INFO  ipc.Server (Server.java:run(1507)) - IPC Server Responder: starting
2022-07-02 07:19:42,290 [IPC Server listener on 0] INFO  ipc.Server (Server.java:run(1344)) - IPC Server listener on 0: starting
2022-07-02 07:19:42,351 [Listener at 127.0.0.1/41977] INFO  om.TrashPolicyOzone (TrashPolicyOzone.java:<init>(178)) - Ozone Manager trash configuration: Deletion interval = 0 minutes, Emptier interval = 0 minutes.
2022-07-02 07:19:42,361 [org.apache.hadoop.util.JvmPauseMonitor$Monitor@2f83346f] INFO  util.JvmPauseMonitor (JvmPauseMonitor.java:run(188)) - Starting JVM pause monitor
2022-07-02 07:19:42,582 [Listener at 127.0.0.1/41977] WARN  impl.MetricRegistriesImpl (MetricRegistriesImpl.java:addReporterRegistration(111)) - New reporters are added after registries were created. Some metrics will be missing from the reporter. Please add reporter before adding any new registry.
2022-07-02 07:19:42,582 [Listener at 127.0.0.1/41977] WARN  impl.MetricRegistriesImpl (MetricRegistriesImpl.java:addReporterRegistration(111)) - New reporters are added after registries were created. Some metrics will be missing from the reporter. Please add reporter before adding any new registry.
2022-07-02 07:19:42,583 [Listener at 127.0.0.1/41977] INFO  impl.MetricsSystemImpl (MetricsSystemImpl.java:init(158)) - HddsDatanode metrics system started (again)
2022-07-02 07:19:42,604 [Listener at 127.0.0.1/41977] INFO  ozone.HddsDatanodeService (HddsDatanodeService.java:start(236)) - HddsDatanodeService host:fv-az444-838.dthhdds2jluu1c0oa55ndv1hsg.dx.internal.cloudapp.net ip:10.1.0.20
2022-07-02 07:19:42,651 [Listener at 127.0.0.1/41977] INFO  upgrade.AbstractLayoutVersionManager (AbstractLayoutVersionManager.java:init(82)) - Initializing Layout version manager with metadata layout = DATANODE_SCHEMA_V3 (version = 4), software layout = DATANODE_SCHEMA_V3 (version = 4)
2022-07-02 07:19:42,704 [Listener at 127.0.0.1/41977] INFO  reflections.Reflections (Reflections.java:scan(232)) - Reflections took 51 ms to scan 7 urls, producing 132 keys and 317 values 
2022-07-02 07:19:42,711 [Listener at 127.0.0.1/41977] INFO  statemachine.DatanodeStateMachine (DatanodeStateMachine.java:getEndPointTaskThreadPoolSize(237)) - Datanode State Machine Task Thread Pool size 2
2022-07-02 07:19:42,792 [Listener at 127.0.0.1/41977] INFO  volume.HddsVolume (HddsVolume.java:<init>(116)) - Creating HddsVolume: /home/runner/work/ozone/ozone/hadoop-ozone/integration-test/target/test-dir/MiniOzoneClusterImpl-2384df39-2793-4e2f-8252-b182c7f166b5/datanode-0/data-0/containers/hdds of storage type : DISK capacity : 9223372036854775807
2022-07-02 07:19:42,795 [Listener at 127.0.0.1/41977] INFO  volume.MutableVolumeSet (MutableVolumeSet.java:initializeVolumeSet(174)) - Added Volume : /home/runner/work/ozone/ozone/hadoop-ozone/integration-test/target/test-dir/MiniOzoneClusterImpl-2384df39-2793-4e2f-8252-b182c7f166b5/datanode-0/data-0/containers/hdds to VolumeSet
2022-07-02 07:19:42,796 [Listener at 127.0.0.1/41977] INFO  volume.ThrottledAsyncChecker (ThrottledAsyncChecker.java:schedule(141)) - Scheduling a check for /home/runner/work/ozone/ozone/hadoop-ozone/integration-test/target/test-dir/MiniOzoneClusterImpl-2384df39-2793-4e2f-8252-b182c7f166b5/datanode-0/data-0/containers/hdds
2022-07-02 07:19:42,817 [Listener at 127.0.0.1/41977] INFO  volume.StorageVolumeChecker (StorageVolumeChecker.java:checkAllVolumes(202)) - Scheduled health check for volume /home/runner/work/ozone/ozone/hadoop-ozone/integration-test/target/test-dir/MiniOzoneClusterImpl-2384df39-2793-4e2f-8252-b182c7f166b5/datanode-0/data-0/containers/hdds
2022-07-02 07:19:42,838 [Listener at 127.0.0.1/41977] INFO  volume.MutableVolumeSet (MutableVolumeSet.java:initializeVolumeSet(174)) - Added Volume : /home/runner/work/ozone/ozone/hadoop-ozone/integration-test/target/test-dir/MiniOzoneClusterImpl-2384df39-2793-4e2f-8252-b182c7f166b5/datanode-0/data/ratis to VolumeSet
2022-07-02 07:19:42,838 [Listener at 127.0.0.1/41977] INFO  volume.ThrottledAsyncChecker (ThrottledAsyncChecker.java:schedule(141)) - Scheduling a check for /home/runner/work/ozone/ozone/hadoop-ozone/integration-test/target/test-dir/MiniOzoneClusterImpl-2384df39-2793-4e2f-8252-b182c7f166b5/datanode-0/data/ratis
2022-07-02 07:19:42,839 [Listener at 127.0.0.1/41977] INFO  volume.StorageVolumeChecker (StorageVolumeChecker.java:checkAllVolumes(202)) - Scheduled health check for volume /home/runner/work/ozone/ozone/hadoop-ozone/integration-test/target/test-dir/MiniOzoneClusterImpl-2384df39-2793-4e2f-8252-b182c7f166b5/datanode-0/data/ratis
2022-07-02 07:19:42,869 [Thread-134] INFO  ozoneimpl.ContainerReader (ContainerReader.java:readVolume(172)) - Finish verifying containers on volume /home/runner/work/ozone/ozone/hadoop-ozone/integration-test/target/test-dir/MiniOzoneClusterImpl-2384df39-2793-4e2f-8252-b182c7f166b5/datanode-0/data-0/containers/hdds
2022-07-02 07:19:42,869 [Listener at 127.0.0.1/41977] INFO  ozoneimpl.OzoneContainer (OzoneContainer.java:buildContainerSet(266)) - Build ContainerSet costs 0s
2022-07-02 07:19:42,929 [Listener at 127.0.0.1/41977] INFO  audit.AuditLogger (AuditLogger.java:refreshDebugCmdSet(120)) - Refresh DebugCmdSet for DNAudit to [].
2022-07-02 07:19:42,967 [Listener at 127.0.0.1/41977] INFO  server.RaftServer (ConfUtils.java:logGet(46)) - raft.rpc.type = GRPC (default)
2022-07-02 07:19:42,967 [Listener at 127.0.0.1/41977] INFO  grpc.GrpcFactory (GrpcFactory.java:checkPooledByteBufAllocatorUseCacheForAllThreads(48)) - PERFORMANCE WARNING: useCacheForAllThreads is true that may cause Netty to create a lot garbage objects and, as a result, trigger GC.
	It is recommended to disable useCacheForAllThreads by setting -Dorg.apache.ratis.thirdparty.io.netty.allocator.useCacheForAllThreads=false in command line.
2022-07-02 07:19:42,970 [Listener at 127.0.0.1/41977] INFO  grpc.GrpcConfigKeys (ConfUtils.java:logGet(46)) - raft.grpc.admin.port = 0 (custom)
2022-07-02 07:19:42,971 [Listener at 127.0.0.1/41977] INFO  grpc.GrpcConfigKeys (ConfUtils.java:logGet(46)) - raft.grpc.client.port = 0 (custom)
2022-07-02 07:19:42,971 [Listener at 127.0.0.1/41977] INFO  grpc.GrpcConfigKeys (ConfUtils.java:logGet(46)) - raft.grpc.server.port = 0 (default)
2022-07-02 07:19:42,972 [Listener at 127.0.0.1/41977] INFO  server.GrpcService (ConfUtils.java:logGet(46)) - raft.grpc.message.size.max = 32MB (=33554432) (custom)
2022-07-02 07:19:42,972 [Listener at 127.0.0.1/41977] INFO  server.RaftServerConfigKeys (ConfUtils.java:logGet(46)) - raft.server.log.appender.buffer.byte-limit = 33554432 (custom)
2022-07-02 07:19:42,972 [Listener at 127.0.0.1/41977] INFO  server.GrpcService (ConfUtils.java:logGet(46)) - raft.grpc.flow.control.window = 5MB (=5242880) (custom)
2022-07-02 07:19:42,972 [Listener at 127.0.0.1/41977] INFO  server.RaftServerConfigKeys (ConfUtils.java:logGet(46)) - raft.server.rpc.request.timeout = 60s (custom)
2022-07-02 07:19:42,973 [Listener at 127.0.0.1/41977] INFO  grpc.GrpcConfigKeys (ConfUtils.java:logGet(46)) - raft.grpc.server.async.request.thread.pool.cached = true (default)
2022-07-02 07:19:42,973 [Listener at 127.0.0.1/41977] INFO  grpc.GrpcConfigKeys (ConfUtils.java:logGet(46)) - raft.grpc.server.async.request.thread.pool.size = 32 (default)
2022-07-02 07:19:42,977 [Listener at 127.0.0.1/41977] INFO  impl.DataStreamServerImpl (ConfUtils.java:logGet(46)) - raft.datastream.type = DISABLED (default)
2022-07-02 07:19:42,977 [Listener at 127.0.0.1/41977] INFO  server.RaftServerConfigKeys (ConfUtils.java:logGet(46)) - raft.server.threadpool.proxy.cached = true (default)
2022-07-02 07:19:42,978 [Listener at 127.0.0.1/41977] INFO  server.RaftServerConfigKeys (ConfUtils.java:logGet(46)) - raft.server.threadpool.proxy.size = 0 (default)
2022-07-02 07:19:42,978 [Listener at 127.0.0.1/41977] INFO  server.RaftServerConfigKeys (ConfUtils.java:logGet(46)) - raft.server.rpc.slowness.timeout = 300s (custom)
2022-07-02 07:19:42,978 [Listener at 127.0.0.1/41977] INFO  server.RaftServerConfigKeys (ConfUtils.java:logGet(46)) - raft.server.leaderelection.leader.step-down.wait-time = 10s (default)
2022-07-02 07:19:42,979 [Listener at 127.0.0.1/41977] INFO  server.RaftServerConfigKeys (ConfUtils.java:logGet(46)) - raft.server.storage.dir = [/home/runner/work/ozone/ozone/hadoop-ozone/integration-test/target/test-dir/MiniOzoneClusterImpl-2384df39-2793-4e2f-8252-b182c7f166b5/datanode-0/data/ratis] (custom)
2022-07-02 07:19:42,981 [om1@group-C5BA1605619E-FollowerState] INFO  impl.FollowerState (FollowerState.java:run(143)) - om1@group-C5BA1605619E-FollowerState: change to CANDIDATE, lastRpcElapsedTime:1019842352ns, electionTimeout:1012ms
2022-07-02 07:19:42,982 [om1@group-C5BA1605619E-FollowerState] INFO  impl.RoleInfo (RoleInfo.java:shutdownFollowerState(110)) - om1: shutdown om1@group-C5BA1605619E-FollowerState
2022-07-02 07:19:42,984 [om1@group-C5BA1605619E-FollowerState] INFO  server.RaftServer$Division (RaftServerImpl.java:setRole(299)) - om1@group-C5BA1605619E: changes role from  FOLLOWER to CANDIDATE at term 0 for changeToCandidate
2022-07-02 07:19:42,988 [om1@group-C5BA1605619E-FollowerState] INFO  server.RaftServerConfigKeys (ConfUtils.java:logGet(46)) - raft.server.leaderelection.pre-vote = false (custom)
2022-07-02 07:19:42,999 [om1@group-C5BA1605619E-FollowerState] INFO  impl.RoleInfo (RoleInfo.java:updateAndGet(139)) - om1: start om1@group-C5BA1605619E-LeaderElection1
2022-07-02 07:19:43,003 [Listener at 127.0.0.1/41977] INFO  server.XceiverServerGrpc (XceiverServerGrpc.java:<init>(132)) - GrpcServer channel type EpollServerSocketChannel
2022-07-02 07:19:43,015 [om1@group-C5BA1605619E-LeaderElection1] INFO  impl.LeaderElection (LeaderElection.java:askForVotes(310)) - om1@group-C5BA1605619E-LeaderElection1 ELECTION round 0: submit vote requests at term 1 for -1: [om1|rpc:localhost:9872|priority:0], old=null
2022-07-02 07:19:43,016 [om1@group-C5BA1605619E-LeaderElection1] INFO  impl.LeaderElection (LeaderElection.java:askForVotes(312)) - om1@group-C5BA1605619E-LeaderElection1 ELECTION round 0: result PASSED (term=1)
2022-07-02 07:19:43,017 [om1@group-C5BA1605619E-LeaderElection1] INFO  impl.RoleInfo (RoleInfo.java:shutdownLeaderElection(130)) - om1: shutdown om1@group-C5BA1605619E-LeaderElection1
2022-07-02 07:19:43,018 [om1@group-C5BA1605619E-LeaderElection1] INFO  server.RaftServer$Division (RaftServerImpl.java:setRole(299)) - om1@group-C5BA1605619E: changes role from CANDIDATE to LEADER at term 1 for changeToLeader
2022-07-02 07:19:43,019 [om1@group-C5BA1605619E-LeaderElection1] INFO  server.RaftServer$Division (ServerState.java:setLeader(287)) - om1@group-C5BA1605619E: change Leader from null to om1 at term 1 for becomeLeader, leader elected after 2004ms
2022-07-02 07:19:43,025 [om1@group-C5BA1605619E-LeaderElection1] INFO  server.RaftServerConfigKeys (ConfUtils.java:logGet(46)) - raft.server.staging.catchup.gap = 1000 (default)
2022-07-02 07:19:43,047 [om1@group-C5BA1605619E-LeaderElection1] INFO  server.RaftServerConfigKeys (ConfUtils.java:logGet(46)) - raft.server.write.element-limit = 4096 (default)
2022-07-02 07:19:43,048 [om1@group-C5BA1605619E-LeaderElection1] INFO  server.RaftServerConfigKeys (ConfUtils.java:logGet(46)) - raft.server.write.byte-limit = 64MB (=67108864) (default)
2022-07-02 07:19:43,077 [om1@group-C5BA1605619E-LeaderElection1] INFO  server.RaftServerConfigKeys (ConfUtils.java:logGet(46)) - raft.server.watch.timeout = 10s (default)
2022-07-02 07:19:43,077 [om1@group-C5BA1605619E-LeaderElection1] INFO  server.RaftServerConfigKeys (ConfUtils.java:logGet(46)) - raft.server.watch.timeout.denomination = 1s (default)
2022-07-02 07:19:43,078 [om1@group-C5BA1605619E-LeaderElection1] INFO  server.RaftServerConfigKeys (ConfUtils.java:logGet(46)) - raft.server.watch.element-limit = 65536 (default)
2022-07-02 07:19:43,085 [om1@group-C5BA1605619E-LeaderElection1] INFO  server.RaftServerConfigKeys (ConfUtils.java:logGet(46)) - raft.server.write.element-limit = 4096 (default)
2022-07-02 07:19:43,087 [om1@group-C5BA1605619E-LeaderElection1] INFO  server.RaftServerConfigKeys (ConfUtils.java:logGet(46)) - raft.server.write.follower.gap.ratio.max = -1.0 (default)
2022-07-02 07:19:43,090 [Listener at 127.0.0.1/41977] INFO  http.BaseHttpServer (BaseHttpServer.java:newHttpServer2BuilderForOzone(209)) - Starting Web-server for hddsDatanode at: http://0.0.0.0:0
2022-07-02 07:19:43,090 [Listener at 127.0.0.1/41977] INFO  http.BaseHttpServer (BaseHttpServer.java:<init>(107)) - Hadoop Security Enabled: false Ozone Security Enabled: false Ozone HTTP Security Enabled: false 
2022-07-02 07:19:43,092 [Listener at 127.0.0.1/41977] INFO  server.AuthenticationFilter (AuthenticationFilter.java:constructSecretProvider(240)) - Unable to initialize FileSignerSecretProvider, falling back to use random secrets.
2022-07-02 07:19:43,092 [om1@group-C5BA1605619E-LeaderElection1] INFO  impl.RoleInfo (RoleInfo.java:updateAndGet(139)) - om1: start om1@group-C5BA1605619E-LeaderStateImpl
2022-07-02 07:19:43,099 [Listener at 127.0.0.1/41977] WARN  http.HttpRequestLog (HttpRequestLog.java:getRequestLog(103)) - Jetty request log can only be enabled using Log4j
2022-07-02 07:19:43,101 [Listener at 127.0.0.1/41977] INFO  http.HttpServer2 (HttpServer2.java:addGlobalFilter(1029)) - Added global filter 'safety' (class=org.apache.hadoop.hdds.server.http.HttpServer2$QuotingInputFilter)
2022-07-02 07:19:43,102 [Listener at 127.0.0.1/41977] INFO  http.HttpServer2 (HttpServer2.java:addFilter(1005)) - Added filter static_user_filter (class=org.apache.hadoop.http.lib.StaticUserWebFilter$StaticUserFilter) to context hddsDatanode
2022-07-02 07:19:43,102 [Listener at 127.0.0.1/41977] INFO  http.HttpServer2 (HttpServer2.java:addFilter(1013)) - Added filter static_user_filter (class=org.apache.hadoop.http.lib.StaticUserWebFilter$StaticUserFilter) to context logs
2022-07-02 07:19:43,102 [Listener at 127.0.0.1/41977] INFO  http.HttpServer2 (HttpServer2.java:addFilter(1013)) - Added filter static_user_filter (class=org.apache.hadoop.http.lib.StaticUserWebFilter$StaticUserFilter) to context static
2022-07-02 07:19:43,103 [Listener at 127.0.0.1/41977] INFO  http.HttpServer2 (HttpServer2.java:bindListener(1248)) - Jetty bound to port 37197
2022-07-02 07:19:43,103 [Listener at 127.0.0.1/41977] INFO  server.Server (Server.java:doStart(375)) - jetty-9.4.43.v20210629; built: 2021-06-30T11:07:22.254Z; git: 526006ecfa3af7f1a27ef3a288e2bef7ea9dd7e8; jvm 1.8.0_332-b09
2022-07-02 07:19:43,140 [Listener at 127.0.0.1/41977] INFO  server.session (DefaultSessionIdManager.java:doStart(334)) - DefaultSessionIdManager workerName=node0
2022-07-02 07:19:43,141 [Listener at 127.0.0.1/41977] INFO  server.session (DefaultSessionIdManager.java:doStart(339)) - No SessionScavenger set, using defaults
2022-07-02 07:19:43,141 [Listener at 127.0.0.1/41977] INFO  server.session (HouseKeeper.java:startScavenging(132)) - node0 Scavenging every 600000ms
2022-07-02 07:19:43,142 [Listener at 127.0.0.1/41977] INFO  handler.ContextHandler (ContextHandler.java:doStart(915)) - Started o.e.j.s.ServletContextHandler@58304c4{logs,/logs,file:///home/runner/work/ozone/ozone/hadoop-ozone/integration-test/target/log,AVAILABLE}
2022-07-02 07:19:43,142 [Listener at 127.0.0.1/41977] INFO  handler.ContextHandler (ContextHandler.java:doStart(915)) - Started o.e.j.s.ServletContextHandler@3ff3e6ed{static,/static,jar:file:/home/runner/.m2/repository/org/apache/ozone/hdds-container-service/1.3.0-SNAPSHOT/hdds-container-service-1.3.0-SNAPSHOT.jar!/webapps/static,AVAILABLE}
2022-07-02 07:19:43,136 [om1@group-C5BA1605619E-LeaderElection1] INFO  segmented.SegmentedRaftLogWorker (SegmentedRaftLogWorker.java:startLogSegment(425)) - om1@group-C5BA1605619E-SegmentedRaftLogWorker: Starting segment from index:0
2022-07-02 07:19:43,237 [om1@group-C5BA1605619E-LeaderElection1] INFO  server.RaftServer$Division (ServerState.java:setRaftConf(393)) - om1@group-C5BA1605619E: set configuration 0: [om1|rpc:localhost:9872|admin:|client:|dataStream:|priority:0], old=null
2022-07-02 07:19:43,337 [om1@group-C5BA1605619E-SegmentedRaftLogWorker] INFO  segmented.SegmentedRaftLogWorker (SegmentedRaftLogWorker.java:execute(629)) - om1@group-C5BA1605619E-SegmentedRaftLogWorker: created new log segment /home/runner/work/ozone/ozone/hadoop-ozone/integration-test/target/test-dir/MiniOzoneClusterImpl-2384df39-2793-4e2f-8252-b182c7f166b5/ozone-meta/ratis/bf265839-605b-3f16-9796-c5ba1605619e/current/log_inprogress_0
2022-07-02 07:19:43,462 [Listener at 127.0.0.1/41977] INFO  handler.ContextHandler (ContextHandler.java:doStart(915)) - Started o.e.j.w.WebAppContext@58ef7429{hddsDatanode,/,file:///tmp/jetty-0_0_0_0-37197-hdds-container-service-1_3_0-SNAPSHOT_jar-_-any-5769459804104159423/webapp/,AVAILABLE}{jar:file:/home/runner/.m2/repository/org/apache/ozone/hdds-container-service/1.3.0-SNAPSHOT/hdds-container-service-1.3.0-SNAPSHOT.jar!/webapps/hddsDatanode}
2022-07-02 07:19:43,472 [Listener at 127.0.0.1/41977] INFO  server.AbstractConnector (AbstractConnector.java:doStart(331)) - Started ServerConnector@60d4e243{HTTP/1.1, (http/1.1)}{0.0.0.0:37197}
2022-07-02 07:19:43,472 [Listener at 127.0.0.1/41977] INFO  server.Server (Server.java:doStart(415)) - Started @10082ms
2022-07-02 07:19:43,473 [Listener at 127.0.0.1/41977] WARN  impl.MetricsSystemImpl (MetricsSystemImpl.java:register(279)) - Sink prometheus already exists!
2022-07-02 07:19:43,473 [Listener at 127.0.0.1/41977] INFO  http.BaseHttpServer (BaseHttpServer.java:updateConnectorAddress(329)) - HTTP server of hddsDatanode listening at http://0.0.0.0:37197
2022-07-02 07:19:43,479 [Listener at 127.0.0.1/41977] WARN  impl.MetricRegistriesImpl (MetricRegistriesImpl.java:addReporterRegistration(111)) - New reporters are added after registries were created. Some metrics will be missing from the reporter. Please add reporter before adding any new registry.
2022-07-02 07:19:43,479 [Listener at 127.0.0.1/41977] WARN  impl.MetricRegistriesImpl (MetricRegistriesImpl.java:addReporterRegistration(111)) - New reporters are added after registries were created. Some metrics will be missing from the reporter. Please add reporter before adding any new registry.
2022-07-02 07:19:43,479 [Listener at 127.0.0.1/41977] INFO  impl.MetricsSystemImpl (MetricsSystemImpl.java:init(158)) - HddsDatanode metrics system started (again)
2022-07-02 07:19:43,479 [Datanode State Machine Daemon Thread] INFO  statemachine.DatanodeStateMachine (DatanodeStateMachine.java:lambda$startDaemon$0(492)) - Ozone container server started.
2022-07-02 07:19:43,482 [om1@group-C5BA1605619E-StateMachineUpdater] INFO  ratis.OzoneManagerStateMachine (OzoneManagerStateMachine.java:notifyConfigurationChanged(192)) - Received Configuration change notification from Ratis. New Peer list:
[id: "om1"
address: "localhost:9872"
]
2022-07-02 07:19:43,505 [org.apache.hadoop.util.JvmPauseMonitor$Monitor@7561850d] INFO  util.JvmPauseMonitor (JvmPauseMonitor.java:run(188)) - Starting JVM pause monitor
2022-07-02 07:19:43,507 [Listener at 127.0.0.1/41977] INFO  ozone.HddsDatanodeService (HddsDatanodeService.java:start(236)) - HddsDatanodeService host:fv-az444-838.dthhdds2jluu1c0oa55ndv1hsg.dx.internal.cloudapp.net ip:10.1.0.20
2022-07-02 07:19:43,554 [Listener at 127.0.0.1/41977] INFO  upgrade.AbstractLayoutVersionManager (AbstractLayoutVersionManager.java:init(82)) - Initializing Layout version manager with metadata layout = DATANODE_SCHEMA_V3 (version = 4), software layout = DATANODE_SCHEMA_V3 (version = 4)
2022-07-02 07:19:43,667 [Listener at 127.0.0.1/41977] INFO  reflections.Reflections (Reflections.java:scan(232)) - Reflections took 108 ms to scan 7 urls, producing 132 keys and 317 values 
2022-07-02 07:19:43,685 [Listener at 127.0.0.1/41977] INFO  statemachine.DatanodeStateMachine (DatanodeStateMachine.java:getEndPointTaskThreadPoolSize(237)) - Datanode State Machine Task Thread Pool size 2
2022-07-02 07:19:43,694 [Listener at 127.0.0.1/41977] INFO  volume.HddsVolume (HddsVolume.java:<init>(116)) - Creating HddsVolume: /home/runner/work/ozone/ozone/hadoop-ozone/integration-test/target/test-dir/MiniOzoneClusterImpl-2384df39-2793-4e2f-8252-b182c7f166b5/datanode-1/data-0/containers/hdds of storage type : DISK capacity : 9223372036854775807
2022-07-02 07:19:43,694 [Listener at 127.0.0.1/41977] INFO  volume.MutableVolumeSet (MutableVolumeSet.java:initializeVolumeSet(174)) - Added Volume : /home/runner/work/ozone/ozone/hadoop-ozone/integration-test/target/test-dir/MiniOzoneClusterImpl-2384df39-2793-4e2f-8252-b182c7f166b5/datanode-1/data-0/containers/hdds to VolumeSet
2022-07-02 07:19:43,694 [Listener at 127.0.0.1/41977] INFO  volume.ThrottledAsyncChecker (ThrottledAsyncChecker.java:schedule(141)) - Scheduling a check for /home/runner/work/ozone/ozone/hadoop-ozone/integration-test/target/test-dir/MiniOzoneClusterImpl-2384df39-2793-4e2f-8252-b182c7f166b5/datanode-1/data-0/containers/hdds
2022-07-02 07:19:43,705 [Datanode State Machine Task Thread - 0] INFO  datanode.InitDatanodeState (InitDatanodeState.java:persistContainerDatanodeDetails(138)) - DatanodeDetails is persisted to /home/runner/work/ozone/ozone/hadoop-ozone/integration-test/target/test-dir/MiniOzoneClusterImpl-2384df39-2793-4e2f-8252-b182c7f166b5/datanode-0/meta/datanode.id
2022-07-02 07:19:43,708 [Listener at 127.0.0.1/41977] INFO  volume.StorageVolumeChecker (StorageVolumeChecker.java:checkAllVolumes(202)) - Scheduled health check for volume /home/runner/work/ozone/ozone/hadoop-ozone/integration-test/target/test-dir/MiniOzoneClusterImpl-2384df39-2793-4e2f-8252-b182c7f166b5/datanode-1/data-0/containers/hdds
2022-07-02 07:19:43,722 [Listener at 127.0.0.1/41977] INFO  volume.MutableVolumeSet (MutableVolumeSet.java:initializeVolumeSet(174)) - Added Volume : /home/runner/work/ozone/ozone/hadoop-ozone/integration-test/target/test-dir/MiniOzoneClusterImpl-2384df39-2793-4e2f-8252-b182c7f166b5/datanode-1/data/ratis to VolumeSet
2022-07-02 07:19:43,723 [Listener at 127.0.0.1/41977] INFO  volume.ThrottledAsyncChecker (ThrottledAsyncChecker.java:schedule(141)) - Scheduling a check for /home/runner/work/ozone/ozone/hadoop-ozone/integration-test/target/test-dir/MiniOzoneClusterImpl-2384df39-2793-4e2f-8252-b182c7f166b5/datanode-1/data/ratis
2022-07-02 07:19:43,723 [Listener at 127.0.0.1/41977] INFO  volume.StorageVolumeChecker (StorageVolumeChecker.java:checkAllVolumes(202)) - Scheduled health check for volume /home/runner/work/ozone/ozone/hadoop-ozone/integration-test/target/test-dir/MiniOzoneClusterImpl-2384df39-2793-4e2f-8252-b182c7f166b5/datanode-1/data/ratis
2022-07-02 07:19:43,736 [Thread-149] INFO  ozoneimpl.ContainerReader (ContainerReader.java:readVolume(172)) - Finish verifying containers on volume /home/runner/work/ozone/ozone/hadoop-ozone/integration-test/target/test-dir/MiniOzoneClusterImpl-2384df39-2793-4e2f-8252-b182c7f166b5/datanode-1/data-0/containers/hdds
2022-07-02 07:19:43,737 [Listener at 127.0.0.1/41977] INFO  ozoneimpl.OzoneContainer (OzoneContainer.java:buildContainerSet(266)) - Build ContainerSet costs 0s
2022-07-02 07:19:43,740 [Listener at 127.0.0.1/41977] INFO  server.RaftServer (ConfUtils.java:logGet(46)) - raft.rpc.type = GRPC (default)
2022-07-02 07:19:43,740 [Listener at 127.0.0.1/41977] INFO  grpc.GrpcFactory (GrpcFactory.java:checkPooledByteBufAllocatorUseCacheForAllThreads(48)) - PERFORMANCE WARNING: useCacheForAllThreads is true that may cause Netty to create a lot garbage objects and, as a result, trigger GC.
	It is recommended to disable useCacheForAllThreads by setting -Dorg.apache.ratis.thirdparty.io.netty.allocator.useCacheForAllThreads=false in command line.
2022-07-02 07:19:43,741 [Listener at 127.0.0.1/41977] INFO  grpc.GrpcConfigKeys (ConfUtils.java:logGet(46)) - raft.grpc.admin.port = 0 (custom)
2022-07-02 07:19:43,741 [Listener at 127.0.0.1/41977] INFO  grpc.GrpcConfigKeys (ConfUtils.java:logGet(46)) - raft.grpc.client.port = 0 (custom)
2022-07-02 07:19:43,741 [Listener at 127.0.0.1/41977] INFO  grpc.GrpcConfigKeys (ConfUtils.java:logGet(46)) - raft.grpc.server.port = 0 (default)
2022-07-02 07:19:43,741 [Listener at 127.0.0.1/41977] INFO  server.GrpcService (ConfUtils.java:logGet(46)) - raft.grpc.message.size.max = 32MB (=33554432) (custom)
2022-07-02 07:19:43,742 [Listener at 127.0.0.1/41977] INFO  server.RaftServerConfigKeys (ConfUtils.java:logGet(46)) - raft.server.log.appender.buffer.byte-limit = 33554432 (custom)
2022-07-02 07:19:43,742 [Listener at 127.0.0.1/41977] INFO  server.GrpcService (ConfUtils.java:logGet(46)) - raft.grpc.flow.control.window = 5MB (=5242880) (custom)
2022-07-02 07:19:43,742 [Listener at 127.0.0.1/41977] INFO  server.RaftServerConfigKeys (ConfUtils.java:logGet(46)) - raft.server.rpc.request.timeout = 60s (custom)
2022-07-02 07:19:43,742 [Listener at 127.0.0.1/41977] INFO  grpc.GrpcConfigKeys (ConfUtils.java:logGet(46)) - raft.grpc.server.async.request.thread.pool.cached = true (default)
2022-07-02 07:19:43,743 [Listener at 127.0.0.1/41977] INFO  grpc.GrpcConfigKeys (ConfUtils.java:logGet(46)) - raft.grpc.server.async.request.thread.pool.size = 32 (default)
2022-07-02 07:19:43,744 [Listener at 127.0.0.1/41977] INFO  impl.DataStreamServerImpl (ConfUtils.java:logGet(46)) - raft.datastream.type = DISABLED (default)
2022-07-02 07:19:43,744 [Listener at 127.0.0.1/41977] INFO  server.RaftServerConfigKeys (ConfUtils.java:logGet(46)) - raft.server.threadpool.proxy.cached = true (default)
2022-07-02 07:19:43,744 [Listener at 127.0.0.1/41977] INFO  server.RaftServerConfigKeys (ConfUtils.java:logGet(46)) - raft.server.threadpool.proxy.size = 0 (default)
2022-07-02 07:19:43,745 [Listener at 127.0.0.1/41977] INFO  server.RaftServerConfigKeys (ConfUtils.java:logGet(46)) - raft.server.rpc.slowness.timeout = 300s (custom)
2022-07-02 07:19:43,745 [Listener at 127.0.0.1/41977] INFO  server.RaftServerConfigKeys (ConfUtils.java:logGet(46)) - raft.server.leaderelection.leader.step-down.wait-time = 10s (default)
2022-07-02 07:19:43,745 [Listener at 127.0.0.1/41977] INFO  server.RaftServerConfigKeys (ConfUtils.java:logGet(46)) - raft.server.storage.dir = [/home/runner/work/ozone/ozone/hadoop-ozone/integration-test/target/test-dir/MiniOzoneClusterImpl-2384df39-2793-4e2f-8252-b182c7f166b5/datanode-1/data/ratis] (custom)
2022-07-02 07:19:43,747 [Listener at 127.0.0.1/41977] INFO  server.XceiverServerGrpc (XceiverServerGrpc.java:<init>(132)) - GrpcServer channel type EpollServerSocketChannel
2022-07-02 07:19:43,751 [Listener at 127.0.0.1/41977] INFO  http.BaseHttpServer (BaseHttpServer.java:newHttpServer2BuilderForOzone(209)) - Starting Web-server for hddsDatanode at: http://0.0.0.0:0
2022-07-02 07:19:43,751 [Listener at 127.0.0.1/41977] INFO  http.BaseHttpServer (BaseHttpServer.java:<init>(107)) - Hadoop Security Enabled: false Ozone Security Enabled: false Ozone HTTP Security Enabled: false 
2022-07-02 07:19:43,754 [Listener at 127.0.0.1/41977] INFO  server.AuthenticationFilter (AuthenticationFilter.java:constructSecretProvider(240)) - Unable to initialize FileSignerSecretProvider, falling back to use random secrets.
2022-07-02 07:19:43,754 [Listener at 127.0.0.1/41977] WARN  http.HttpRequestLog (HttpRequestLog.java:getRequestLog(103)) - Jetty request log can only be enabled using Log4j
2022-07-02 07:19:43,756 [Listener at 127.0.0.1/41977] INFO  http.HttpServer2 (HttpServer2.java:addGlobalFilter(1029)) - Added global filter 'safety' (class=org.apache.hadoop.hdds.server.http.HttpServer2$QuotingInputFilter)
2022-07-02 07:19:43,757 [Listener at 127.0.0.1/41977] INFO  http.HttpServer2 (HttpServer2.java:addFilter(1005)) - Added filter static_user_filter (class=org.apache.hadoop.http.lib.StaticUserWebFilter$StaticUserFilter) to context hddsDatanode
2022-07-02 07:19:43,757 [Listener at 127.0.0.1/41977] INFO  http.HttpServer2 (HttpServer2.java:addFilter(1013)) - Added filter static_user_filter (class=org.apache.hadoop.http.lib.StaticUserWebFilter$StaticUserFilter) to context logs
2022-07-02 07:19:43,757 [Listener at 127.0.0.1/41977] INFO  http.HttpServer2 (HttpServer2.java:addFilter(1013)) - Added filter static_user_filter (class=org.apache.hadoop.http.lib.StaticUserWebFilter$StaticUserFilter) to context static
2022-07-02 07:19:43,758 [Listener at 127.0.0.1/41977] INFO  http.HttpServer2 (HttpServer2.java:bindListener(1248)) - Jetty bound to port 34829
2022-07-02 07:19:43,758 [Listener at 127.0.0.1/41977] INFO  server.Server (Server.java:doStart(375)) - jetty-9.4.43.v20210629; built: 2021-06-30T11:07:22.254Z; git: 526006ecfa3af7f1a27ef3a288e2bef7ea9dd7e8; jvm 1.8.0_332-b09
2022-07-02 07:19:43,765 [Listener at 127.0.0.1/41977] INFO  server.session (DefaultSessionIdManager.java:doStart(334)) - DefaultSessionIdManager workerName=node0
2022-07-02 07:19:43,765 [Listener at 127.0.0.1/41977] INFO  server.session (DefaultSessionIdManager.java:doStart(339)) - No SessionScavenger set, using defaults
2022-07-02 07:19:43,765 [Listener at 127.0.0.1/41977] INFO  server.session (HouseKeeper.java:startScavenging(132)) - node0 Scavenging every 600000ms
2022-07-02 07:19:43,766 [Listener at 127.0.0.1/41977] INFO  handler.ContextHandler (ContextHandler.java:doStart(915)) - Started o.e.j.s.ServletContextHandler@689774fc{logs,/logs,file:///home/runner/work/ozone/ozone/hadoop-ozone/integration-test/target/log,AVAILABLE}
2022-07-02 07:19:43,767 [Listener at 127.0.0.1/41977] INFO  handler.ContextHandler (ContextHandler.java:doStart(915)) - Started o.e.j.s.ServletContextHandler@6b4bc8f6{static,/static,jar:file:/home/runner/.m2/repository/org/apache/ozone/hdds-container-service/1.3.0-SNAPSHOT/hdds-container-service-1.3.0-SNAPSHOT.jar!/webapps/static,AVAILABLE}
2022-07-02 07:19:44,004 [Listener at 127.0.0.1/41977] INFO  handler.ContextHandler (ContextHandler.java:doStart(915)) - Started o.e.j.w.WebAppContext@5dadf7d9{hddsDatanode,/,file:///tmp/jetty-0_0_0_0-34829-hdds-container-service-1_3_0-SNAPSHOT_jar-_-any-8863374742083465833/webapp/,AVAILABLE}{jar:file:/home/runner/.m2/repository/org/apache/ozone/hdds-container-service/1.3.0-SNAPSHOT/hdds-container-service-1.3.0-SNAPSHOT.jar!/webapps/hddsDatanode}
2022-07-02 07:19:44,008 [Listener at 127.0.0.1/41977] INFO  server.AbstractConnector (AbstractConnector.java:doStart(331)) - Started ServerConnector@a8b7754{HTTP/1.1, (http/1.1)}{0.0.0.0:34829}
2022-07-02 07:19:44,009 [Listener at 127.0.0.1/41977] INFO  server.Server (Server.java:doStart(415)) - Started @10618ms
2022-07-02 07:19:44,009 [Listener at 127.0.0.1/41977] WARN  impl.MetricsSystemImpl (MetricsSystemImpl.java:register(279)) - Sink prometheus already exists!
2022-07-02 07:19:44,014 [Listener at 127.0.0.1/41977] INFO  http.BaseHttpServer (BaseHttpServer.java:updateConnectorAddress(329)) - HTTP server of hddsDatanode listening at http://0.0.0.0:34829
2022-07-02 07:19:44,014 [Datanode State Machine Daemon Thread] INFO  statemachine.DatanodeStateMachine (DatanodeStateMachine.java:lambda$startDaemon$0(492)) - Ozone container server started.
2022-07-02 07:19:44,015 [Listener at 127.0.0.1/41977] WARN  impl.MetricRegistriesImpl (MetricRegistriesImpl.java:addReporterRegistration(111)) - New reporters are added after registries were created. Some metrics will be missing from the reporter. Please add reporter before adding any new registry.
2022-07-02 07:19:44,017 [Listener at 127.0.0.1/41977] WARN  impl.MetricRegistriesImpl (MetricRegistriesImpl.java:addReporterRegistration(111)) - New reporters are added after registries were created. Some metrics will be missing from the reporter. Please add reporter before adding any new registry.
2022-07-02 07:19:44,017 [Listener at 127.0.0.1/41977] INFO  impl.MetricsSystemImpl (MetricsSystemImpl.java:init(158)) - HddsDatanode metrics system started (again)
2022-07-02 07:19:44,043 [org.apache.hadoop.util.JvmPauseMonitor$Monitor@3ecb4f1a] INFO  util.JvmPauseMonitor (JvmPauseMonitor.java:run(188)) - Starting JVM pause monitor
2022-07-02 07:19:44,045 [Datanode State Machine Task Thread - 0] INFO  datanode.InitDatanodeState (InitDatanodeState.java:persistContainerDatanodeDetails(138)) - DatanodeDetails is persisted to /home/runner/work/ozone/ozone/hadoop-ozone/integration-test/target/test-dir/MiniOzoneClusterImpl-2384df39-2793-4e2f-8252-b182c7f166b5/datanode-1/meta/datanode.id
2022-07-02 07:19:44,049 [Listener at 127.0.0.1/41977] INFO  ozone.HddsDatanodeService (HddsDatanodeService.java:start(236)) - HddsDatanodeService host:fv-az444-838.dthhdds2jluu1c0oa55ndv1hsg.dx.internal.cloudapp.net ip:10.1.0.20
2022-07-02 07:19:44,076 [Listener at 127.0.0.1/41977] INFO  upgrade.AbstractLayoutVersionManager (AbstractLayoutVersionManager.java:init(82)) - Initializing Layout version manager with metadata layout = DATANODE_SCHEMA_V3 (version = 4), software layout = DATANODE_SCHEMA_V3 (version = 4)
2022-07-02 07:19:44,130 [Listener at 127.0.0.1/41977] INFO  reflections.Reflections (Reflections.java:scan(232)) - Reflections took 52 ms to scan 7 urls, producing 132 keys and 317 values 
2022-07-02 07:19:44,132 [Listener at 127.0.0.1/41977] INFO  statemachine.DatanodeStateMachine (DatanodeStateMachine.java:getEndPointTaskThreadPoolSize(237)) - Datanode State Machine Task Thread Pool size 2
2022-07-02 07:19:44,134 [Listener at 127.0.0.1/41977] INFO  volume.HddsVolume (HddsVolume.java:<init>(116)) - Creating HddsVolume: /home/runner/work/ozone/ozone/hadoop-ozone/integration-test/target/test-dir/MiniOzoneClusterImpl-2384df39-2793-4e2f-8252-b182c7f166b5/datanode-2/data-0/containers/hdds of storage type : DISK capacity : 9223372036854775807
2022-07-02 07:19:44,135 [Listener at 127.0.0.1/41977] INFO  volume.MutableVolumeSet (MutableVolumeSet.java:initializeVolumeSet(174)) - Added Volume : /home/runner/work/ozone/ozone/hadoop-ozone/integration-test/target/test-dir/MiniOzoneClusterImpl-2384df39-2793-4e2f-8252-b182c7f166b5/datanode-2/data-0/containers/hdds to VolumeSet
2022-07-02 07:19:44,135 [Listener at 127.0.0.1/41977] INFO  volume.ThrottledAsyncChecker (ThrottledAsyncChecker.java:schedule(141)) - Scheduling a check for /home/runner/work/ozone/ozone/hadoop-ozone/integration-test/target/test-dir/MiniOzoneClusterImpl-2384df39-2793-4e2f-8252-b182c7f166b5/datanode-2/data-0/containers/hdds
2022-07-02 07:19:44,142 [Listener at 127.0.0.1/41977] INFO  volume.StorageVolumeChecker (StorageVolumeChecker.java:checkAllVolumes(202)) - Scheduled health check for volume /home/runner/work/ozone/ozone/hadoop-ozone/integration-test/target/test-dir/MiniOzoneClusterImpl-2384df39-2793-4e2f-8252-b182c7f166b5/datanode-2/data-0/containers/hdds
2022-07-02 07:19:44,155 [Listener at 127.0.0.1/41977] INFO  volume.MutableVolumeSet (MutableVolumeSet.java:initializeVolumeSet(174)) - Added Volume : /home/runner/work/ozone/ozone/hadoop-ozone/integration-test/target/test-dir/MiniOzoneClusterImpl-2384df39-2793-4e2f-8252-b182c7f166b5/datanode-2/data/ratis to VolumeSet
2022-07-02 07:19:44,156 [Listener at 127.0.0.1/41977] INFO  volume.ThrottledAsyncChecker (ThrottledAsyncChecker.java:schedule(141)) - Scheduling a check for /home/runner/work/ozone/ozone/hadoop-ozone/integration-test/target/test-dir/MiniOzoneClusterImpl-2384df39-2793-4e2f-8252-b182c7f166b5/datanode-2/data/ratis
2022-07-02 07:19:44,156 [Listener at 127.0.0.1/41977] INFO  volume.StorageVolumeChecker (StorageVolumeChecker.java:checkAllVolumes(202)) - Scheduled health check for volume /home/runner/work/ozone/ozone/hadoop-ozone/integration-test/target/test-dir/MiniOzoneClusterImpl-2384df39-2793-4e2f-8252-b182c7f166b5/datanode-2/data/ratis
2022-07-02 07:19:44,169 [Thread-162] INFO  ozoneimpl.ContainerReader (ContainerReader.java:readVolume(172)) - Finish verifying containers on volume /home/runner/work/ozone/ozone/hadoop-ozone/integration-test/target/test-dir/MiniOzoneClusterImpl-2384df39-2793-4e2f-8252-b182c7f166b5/datanode-2/data-0/containers/hdds
2022-07-02 07:19:44,169 [Listener at 127.0.0.1/41977] INFO  ozoneimpl.OzoneContainer (OzoneContainer.java:buildContainerSet(266)) - Build ContainerSet costs 0s
2022-07-02 07:19:44,173 [Listener at 127.0.0.1/41977] INFO  server.RaftServer (ConfUtils.java:logGet(46)) - raft.rpc.type = GRPC (default)
2022-07-02 07:19:44,173 [Listener at 127.0.0.1/41977] INFO  grpc.GrpcFactory (GrpcFactory.java:checkPooledByteBufAllocatorUseCacheForAllThreads(48)) - PERFORMANCE WARNING: useCacheForAllThreads is true that may cause Netty to create a lot garbage objects and, as a result, trigger GC.
	It is recommended to disable useCacheForAllThreads by setting -Dorg.apache.ratis.thirdparty.io.netty.allocator.useCacheForAllThreads=false in command line.
2022-07-02 07:19:44,173 [Listener at 127.0.0.1/41977] INFO  grpc.GrpcConfigKeys (ConfUtils.java:logGet(46)) - raft.grpc.admin.port = 0 (custom)
2022-07-02 07:19:44,173 [Listener at 127.0.0.1/41977] INFO  grpc.GrpcConfigKeys (ConfUtils.java:logGet(46)) - raft.grpc.client.port = 0 (custom)
2022-07-02 07:19:44,173 [Listener at 127.0.0.1/41977] INFO  grpc.GrpcConfigKeys (ConfUtils.java:logGet(46)) - raft.grpc.server.port = 0 (default)
2022-07-02 07:19:44,173 [Listener at 127.0.0.1/41977] INFO  server.GrpcService (ConfUtils.java:logGet(46)) - raft.grpc.message.size.max = 32MB (=33554432) (custom)
2022-07-02 07:19:44,174 [Listener at 127.0.0.1/41977] INFO  server.RaftServerConfigKeys (ConfUtils.java:logGet(46)) - raft.server.log.appender.buffer.byte-limit = 33554432 (custom)
2022-07-02 07:19:44,174 [Listener at 127.0.0.1/41977] INFO  server.GrpcService (ConfUtils.java:logGet(46)) - raft.grpc.flow.control.window = 5MB (=5242880) (custom)
2022-07-02 07:19:44,174 [Listener at 127.0.0.1/41977] INFO  server.RaftServerConfigKeys (ConfUtils.java:logGet(46)) - raft.server.rpc.request.timeout = 60s (custom)
2022-07-02 07:19:44,174 [Listener at 127.0.0.1/41977] INFO  grpc.GrpcConfigKeys (ConfUtils.java:logGet(46)) - raft.grpc.server.async.request.thread.pool.cached = true (default)
2022-07-02 07:19:44,174 [Listener at 127.0.0.1/41977] INFO  grpc.GrpcConfigKeys (ConfUtils.java:logGet(46)) - raft.grpc.server.async.request.thread.pool.size = 32 (default)
2022-07-02 07:19:44,175 [Listener at 127.0.0.1/41977] INFO  impl.DataStreamServerImpl (ConfUtils.java:logGet(46)) - raft.datastream.type = DISABLED (default)
2022-07-02 07:19:44,176 [Listener at 127.0.0.1/41977] INFO  server.RaftServerConfigKeys (ConfUtils.java:logGet(46)) - raft.server.threadpool.proxy.cached = true (default)
2022-07-02 07:19:44,176 [Listener at 127.0.0.1/41977] INFO  server.RaftServerConfigKeys (ConfUtils.java:logGet(46)) - raft.server.threadpool.proxy.size = 0 (default)
2022-07-02 07:19:44,176 [Listener at 127.0.0.1/41977] INFO  server.RaftServerConfigKeys (ConfUtils.java:logGet(46)) - raft.server.rpc.slowness.timeout = 300s (custom)
2022-07-02 07:19:44,176 [Listener at 127.0.0.1/41977] INFO  server.RaftServerConfigKeys (ConfUtils.java:logGet(46)) - raft.server.leaderelection.leader.step-down.wait-time = 10s (default)
2022-07-02 07:19:44,177 [Listener at 127.0.0.1/41977] INFO  server.RaftServerConfigKeys (ConfUtils.java:logGet(46)) - raft.server.storage.dir = [/home/runner/work/ozone/ozone/hadoop-ozone/integration-test/target/test-dir/MiniOzoneClusterImpl-2384df39-2793-4e2f-8252-b182c7f166b5/datanode-2/data/ratis] (custom)
2022-07-02 07:19:44,179 [Listener at 127.0.0.1/41977] INFO  server.XceiverServerGrpc (XceiverServerGrpc.java:<init>(132)) - GrpcServer channel type EpollServerSocketChannel
2022-07-02 07:19:44,182 [Listener at 127.0.0.1/41977] INFO  http.BaseHttpServer (BaseHttpServer.java:newHttpServer2BuilderForOzone(209)) - Starting Web-server for hddsDatanode at: http://0.0.0.0:0
2022-07-02 07:19:44,185 [Listener at 127.0.0.1/41977] INFO  http.BaseHttpServer (BaseHttpServer.java:<init>(107)) - Hadoop Security Enabled: false Ozone Security Enabled: false Ozone HTTP Security Enabled: false 
2022-07-02 07:19:44,186 [Listener at 127.0.0.1/41977] INFO  server.AuthenticationFilter (AuthenticationFilter.java:constructSecretProvider(240)) - Unable to initialize FileSignerSecretProvider, falling back to use random secrets.
2022-07-02 07:19:44,187 [Listener at 127.0.0.1/41977] WARN  http.HttpRequestLog (HttpRequestLog.java:getRequestLog(103)) - Jetty request log can only be enabled using Log4j
2022-07-02 07:19:44,188 [Listener at 127.0.0.1/41977] INFO  http.HttpServer2 (HttpServer2.java:addGlobalFilter(1029)) - Added global filter 'safety' (class=org.apache.hadoop.hdds.server.http.HttpServer2$QuotingInputFilter)
2022-07-02 07:19:44,189 [Listener at 127.0.0.1/41977] INFO  http.HttpServer2 (HttpServer2.java:addFilter(1005)) - Added filter static_user_filter (class=org.apache.hadoop.http.lib.StaticUserWebFilter$StaticUserFilter) to context hddsDatanode
2022-07-02 07:19:44,189 [Listener at 127.0.0.1/41977] INFO  http.HttpServer2 (HttpServer2.java:addFilter(1013)) - Added filter static_user_filter (class=org.apache.hadoop.http.lib.StaticUserWebFilter$StaticUserFilter) to context static
2022-07-02 07:19:44,189 [Listener at 127.0.0.1/41977] INFO  http.HttpServer2 (HttpServer2.java:addFilter(1013)) - Added filter static_user_filter (class=org.apache.hadoop.http.lib.StaticUserWebFilter$StaticUserFilter) to context logs
2022-07-02 07:19:44,190 [Listener at 127.0.0.1/41977] INFO  http.HttpServer2 (HttpServer2.java:bindListener(1248)) - Jetty bound to port 46189
2022-07-02 07:19:44,190 [Listener at 127.0.0.1/41977] INFO  server.Server (Server.java:doStart(375)) - jetty-9.4.43.v20210629; built: 2021-06-30T11:07:22.254Z; git: 526006ecfa3af7f1a27ef3a288e2bef7ea9dd7e8; jvm 1.8.0_332-b09
2022-07-02 07:19:44,198 [Listener at 127.0.0.1/41977] INFO  server.session (DefaultSessionIdManager.java:doStart(334)) - DefaultSessionIdManager workerName=node0
2022-07-02 07:19:44,199 [Listener at 127.0.0.1/41977] INFO  server.session (DefaultSessionIdManager.java:doStart(339)) - No SessionScavenger set, using defaults
2022-07-02 07:19:44,199 [Listener at 127.0.0.1/41977] INFO  server.session (HouseKeeper.java:startScavenging(132)) - node0 Scavenging every 600000ms
2022-07-02 07:19:44,200 [Listener at 127.0.0.1/41977] INFO  handler.ContextHandler (ContextHandler.java:doStart(915)) - Started o.e.j.s.ServletContextHandler@35f99930{logs,/logs,file:///home/runner/work/ozone/ozone/hadoop-ozone/integration-test/target/log,AVAILABLE}
2022-07-02 07:19:44,201 [Listener at 127.0.0.1/41977] INFO  handler.ContextHandler (ContextHandler.java:doStart(915)) - Started o.e.j.s.ServletContextHandler@30b1f83{static,/static,jar:file:/home/runner/.m2/repository/org/apache/ozone/hdds-container-service/1.3.0-SNAPSHOT/hdds-container-service-1.3.0-SNAPSHOT.jar!/webapps/static,AVAILABLE}
2022-07-02 07:19:44,400 [Listener at 127.0.0.1/41977] INFO  handler.ContextHandler (ContextHandler.java:doStart(915)) - Started o.e.j.w.WebAppContext@32945931{hddsDatanode,/,file:///tmp/jetty-0_0_0_0-46189-hdds-container-service-1_3_0-SNAPSHOT_jar-_-any-408925520819146489/webapp/,AVAILABLE}{jar:file:/home/runner/.m2/repository/org/apache/ozone/hdds-container-service/1.3.0-SNAPSHOT/hdds-container-service-1.3.0-SNAPSHOT.jar!/webapps/hddsDatanode}
2022-07-02 07:19:44,404 [Listener at 127.0.0.1/41977] INFO  server.AbstractConnector (AbstractConnector.java:doStart(331)) - Started ServerConnector@2993c168{HTTP/1.1, (http/1.1)}{0.0.0.0:46189}
2022-07-02 07:19:44,405 [Listener at 127.0.0.1/41977] INFO  server.Server (Server.java:doStart(415)) - Started @11014ms
2022-07-02 07:19:44,405 [Listener at 127.0.0.1/41977] WARN  impl.MetricsSystemImpl (MetricsSystemImpl.java:register(279)) - Sink prometheus already exists!
2022-07-02 07:19:44,405 [Listener at 127.0.0.1/41977] INFO  http.BaseHttpServer (BaseHttpServer.java:updateConnectorAddress(329)) - HTTP server of hddsDatanode listening at http://0.0.0.0:46189
2022-07-02 07:19:44,407 [Datanode State Machine Daemon Thread] INFO  statemachine.DatanodeStateMachine (DatanodeStateMachine.java:lambda$startDaemon$0(492)) - Ozone container server started.
2022-07-02 07:19:44,407 [Listener at 127.0.0.1/41977] WARN  impl.MetricRegistriesImpl (MetricRegistriesImpl.java:addReporterRegistration(111)) - New reporters are added after registries were created. Some metrics will be missing from the reporter. Please add reporter before adding any new registry.
2022-07-02 07:19:44,409 [Listener at 127.0.0.1/41977] WARN  impl.MetricRegistriesImpl (MetricRegistriesImpl.java:addReporterRegistration(111)) - New reporters are added after registries were created. Some metrics will be missing from the reporter. Please add reporter before adding any new registry.
2022-07-02 07:19:44,409 [Listener at 127.0.0.1/41977] INFO  impl.MetricsSystemImpl (MetricsSystemImpl.java:init(158)) - HddsDatanode metrics system started (again)
2022-07-02 07:19:44,425 [Listener at 127.0.0.1/41977] INFO  ozone.HddsDatanodeService (HddsDatanodeService.java:start(236)) - HddsDatanodeService host:fv-az444-838.dthhdds2jluu1c0oa55ndv1hsg.dx.internal.cloudapp.net ip:10.1.0.20
2022-07-02 07:19:44,426 [org.apache.hadoop.util.JvmPauseMonitor$Monitor@527461e4] INFO  util.JvmPauseMonitor (JvmPauseMonitor.java:run(188)) - Starting JVM pause monitor
2022-07-02 07:19:44,430 [Datanode State Machine Task Thread - 0] INFO  datanode.InitDatanodeState (InitDatanodeState.java:persistContainerDatanodeDetails(138)) - DatanodeDetails is persisted to /home/runner/work/ozone/ozone/hadoop-ozone/integration-test/target/test-dir/MiniOzoneClusterImpl-2384df39-2793-4e2f-8252-b182c7f166b5/datanode-2/meta/datanode.id
2022-07-02 07:19:44,450 [Listener at 127.0.0.1/41977] INFO  upgrade.AbstractLayoutVersionManager (AbstractLayoutVersionManager.java:init(82)) - Initializing Layout version manager with metadata layout = DATANODE_SCHEMA_V3 (version = 4), software layout = DATANODE_SCHEMA_V3 (version = 4)
2022-07-02 07:19:44,499 [Listener at 127.0.0.1/41977] INFO  reflections.Reflections (Reflections.java:scan(232)) - Reflections took 48 ms to scan 7 urls, producing 132 keys and 317 values 
2022-07-02 07:19:44,501 [Listener at 127.0.0.1/41977] INFO  statemachine.DatanodeStateMachine (DatanodeStateMachine.java:getEndPointTaskThreadPoolSize(237)) - Datanode State Machine Task Thread Pool size 2
2022-07-02 07:19:44,505 [Listener at 127.0.0.1/41977] INFO  volume.HddsVolume (HddsVolume.java:<init>(116)) - Creating HddsVolume: /home/runner/work/ozone/ozone/hadoop-ozone/integration-test/target/test-dir/MiniOzoneClusterImpl-2384df39-2793-4e2f-8252-b182c7f166b5/datanode-3/data-0/containers/hdds of storage type : DISK capacity : 9223372036854775807
2022-07-02 07:19:44,506 [Listener at 127.0.0.1/41977] INFO  volume.MutableVolumeSet (MutableVolumeSet.java:initializeVolumeSet(174)) - Added Volume : /home/runner/work/ozone/ozone/hadoop-ozone/integration-test/target/test-dir/MiniOzoneClusterImpl-2384df39-2793-4e2f-8252-b182c7f166b5/datanode-3/data-0/containers/hdds to VolumeSet
2022-07-02 07:19:44,506 [Listener at 127.0.0.1/41977] INFO  volume.ThrottledAsyncChecker (ThrottledAsyncChecker.java:schedule(141)) - Scheduling a check for /home/runner/work/ozone/ozone/hadoop-ozone/integration-test/target/test-dir/MiniOzoneClusterImpl-2384df39-2793-4e2f-8252-b182c7f166b5/datanode-3/data-0/containers/hdds
2022-07-02 07:19:44,510 [Listener at 127.0.0.1/41977] INFO  volume.StorageVolumeChecker (StorageVolumeChecker.java:checkAllVolumes(202)) - Scheduled health check for volume /home/runner/work/ozone/ozone/hadoop-ozone/integration-test/target/test-dir/MiniOzoneClusterImpl-2384df39-2793-4e2f-8252-b182c7f166b5/datanode-3/data-0/containers/hdds
2022-07-02 07:19:44,523 [Listener at 127.0.0.1/41977] INFO  volume.MutableVolumeSet (MutableVolumeSet.java:initializeVolumeSet(174)) - Added Volume : /home/runner/work/ozone/ozone/hadoop-ozone/integration-test/target/test-dir/MiniOzoneClusterImpl-2384df39-2793-4e2f-8252-b182c7f166b5/datanode-3/data/ratis to VolumeSet
2022-07-02 07:19:44,523 [Listener at 127.0.0.1/41977] INFO  volume.ThrottledAsyncChecker (ThrottledAsyncChecker.java:schedule(141)) - Scheduling a check for /home/runner/work/ozone/ozone/hadoop-ozone/integration-test/target/test-dir/MiniOzoneClusterImpl-2384df39-2793-4e2f-8252-b182c7f166b5/datanode-3/data/ratis
2022-07-02 07:19:44,523 [Listener at 127.0.0.1/41977] INFO  volume.StorageVolumeChecker (StorageVolumeChecker.java:checkAllVolumes(202)) - Scheduled health check for volume /home/runner/work/ozone/ozone/hadoop-ozone/integration-test/target/test-dir/MiniOzoneClusterImpl-2384df39-2793-4e2f-8252-b182c7f166b5/datanode-3/data/ratis
2022-07-02 07:19:44,538 [Thread-175] INFO  ozoneimpl.ContainerReader (ContainerReader.java:readVolume(172)) - Finish verifying containers on volume /home/runner/work/ozone/ozone/hadoop-ozone/integration-test/target/test-dir/MiniOzoneClusterImpl-2384df39-2793-4e2f-8252-b182c7f166b5/datanode-3/data-0/containers/hdds
2022-07-02 07:19:44,538 [Listener at 127.0.0.1/41977] INFO  ozoneimpl.OzoneContainer (OzoneContainer.java:buildContainerSet(266)) - Build ContainerSet costs 0s
2022-07-02 07:19:44,543 [Listener at 127.0.0.1/41977] INFO  server.RaftServer (ConfUtils.java:logGet(46)) - raft.rpc.type = GRPC (default)
2022-07-02 07:19:44,543 [Listener at 127.0.0.1/41977] INFO  grpc.GrpcFactory (GrpcFactory.java:checkPooledByteBufAllocatorUseCacheForAllThreads(48)) - PERFORMANCE WARNING: useCacheForAllThreads is true that may cause Netty to create a lot garbage objects and, as a result, trigger GC.
	It is recommended to disable useCacheForAllThreads by setting -Dorg.apache.ratis.thirdparty.io.netty.allocator.useCacheForAllThreads=false in command line.
2022-07-02 07:19:44,544 [Listener at 127.0.0.1/41977] INFO  grpc.GrpcConfigKeys (ConfUtils.java:logGet(46)) - raft.grpc.admin.port = 0 (custom)
2022-07-02 07:19:44,544 [Listener at 127.0.0.1/41977] INFO  grpc.GrpcConfigKeys (ConfUtils.java:logGet(46)) - raft.grpc.client.port = 0 (custom)
2022-07-02 07:19:44,544 [Listener at 127.0.0.1/41977] INFO  grpc.GrpcConfigKeys (ConfUtils.java:logGet(46)) - raft.grpc.server.port = 0 (default)
2022-07-02 07:19:44,544 [Listener at 127.0.0.1/41977] INFO  server.GrpcService (ConfUtils.java:logGet(46)) - raft.grpc.message.size.max = 32MB (=33554432) (custom)
2022-07-02 07:19:44,544 [Listener at 127.0.0.1/41977] INFO  server.RaftServerConfigKeys (ConfUtils.java:logGet(46)) - raft.server.log.appender.buffer.byte-limit = 33554432 (custom)
2022-07-02 07:19:44,544 [Listener at 127.0.0.1/41977] INFO  server.GrpcService (ConfUtils.java:logGet(46)) - raft.grpc.flow.control.window = 5MB (=5242880) (custom)
2022-07-02 07:19:44,545 [Listener at 127.0.0.1/41977] INFO  server.RaftServerConfigKeys (ConfUtils.java:logGet(46)) - raft.server.rpc.request.timeout = 60s (custom)
2022-07-02 07:19:44,545 [Listener at 127.0.0.1/41977] INFO  grpc.GrpcConfigKeys (ConfUtils.java:logGet(46)) - raft.grpc.server.async.request.thread.pool.cached = true (default)
2022-07-02 07:19:44,545 [Listener at 127.0.0.1/41977] INFO  grpc.GrpcConfigKeys (ConfUtils.java:logGet(46)) - raft.grpc.server.async.request.thread.pool.size = 32 (default)
2022-07-02 07:19:44,547 [Listener at 127.0.0.1/41977] INFO  impl.DataStreamServerImpl (ConfUtils.java:logGet(46)) - raft.datastream.type = DISABLED (default)
2022-07-02 07:19:44,547 [Listener at 127.0.0.1/41977] INFO  server.RaftServerConfigKeys (ConfUtils.java:logGet(46)) - raft.server.threadpool.proxy.cached = true (default)
2022-07-02 07:19:44,547 [Listener at 127.0.0.1/41977] INFO  server.RaftServerConfigKeys (ConfUtils.java:logGet(46)) - raft.server.threadpool.proxy.size = 0 (default)
2022-07-02 07:19:44,547 [Listener at 127.0.0.1/41977] INFO  server.RaftServerConfigKeys (ConfUtils.java:logGet(46)) - raft.server.rpc.slowness.timeout = 300s (custom)
2022-07-02 07:19:44,547 [Listener at 127.0.0.1/41977] INFO  server.RaftServerConfigKeys (ConfUtils.java:logGet(46)) - raft.server.leaderelection.leader.step-down.wait-time = 10s (default)
2022-07-02 07:19:44,547 [Listener at 127.0.0.1/41977] INFO  server.RaftServerConfigKeys (ConfUtils.java:logGet(46)) - raft.server.storage.dir = [/home/runner/work/ozone/ozone/hadoop-ozone/integration-test/target/test-dir/MiniOzoneClusterImpl-2384df39-2793-4e2f-8252-b182c7f166b5/datanode-3/data/ratis] (custom)
2022-07-02 07:19:44,551 [Listener at 127.0.0.1/41977] INFO  server.XceiverServerGrpc (XceiverServerGrpc.java:<init>(132)) - GrpcServer channel type EpollServerSocketChannel
2022-07-02 07:19:44,555 [Listener at 127.0.0.1/41977] INFO  http.BaseHttpServer (BaseHttpServer.java:newHttpServer2BuilderForOzone(209)) - Starting Web-server for hddsDatanode at: http://0.0.0.0:0
2022-07-02 07:19:44,555 [Listener at 127.0.0.1/41977] INFO  http.BaseHttpServer (BaseHttpServer.java:<init>(107)) - Hadoop Security Enabled: false Ozone Security Enabled: false Ozone HTTP Security Enabled: false 
2022-07-02 07:19:44,556 [Listener at 127.0.0.1/41977] INFO  server.AuthenticationFilter (AuthenticationFilter.java:constructSecretProvider(240)) - Unable to initialize FileSignerSecretProvider, falling back to use random secrets.
2022-07-02 07:19:44,560 [Listener at 127.0.0.1/41977] WARN  http.HttpRequestLog (HttpRequestLog.java:getRequestLog(103)) - Jetty request log can only be enabled using Log4j
2022-07-02 07:19:44,563 [Listener at 127.0.0.1/41977] INFO  http.HttpServer2 (HttpServer2.java:addGlobalFilter(1029)) - Added global filter 'safety' (class=org.apache.hadoop.hdds.server.http.HttpServer2$QuotingInputFilter)
2022-07-02 07:19:44,566 [Listener at 127.0.0.1/41977] INFO  http.HttpServer2 (HttpServer2.java:addFilter(1005)) - Added filter static_user_filter (class=org.apache.hadoop.http.lib.StaticUserWebFilter$StaticUserFilter) to context hddsDatanode
2022-07-02 07:19:44,566 [Listener at 127.0.0.1/41977] INFO  http.HttpServer2 (HttpServer2.java:addFilter(1013)) - Added filter static_user_filter (class=org.apache.hadoop.http.lib.StaticUserWebFilter$StaticUserFilter) to context static
2022-07-02 07:19:44,566 [Listener at 127.0.0.1/41977] INFO  http.HttpServer2 (HttpServer2.java:addFilter(1013)) - Added filter static_user_filter (class=org.apache.hadoop.http.lib.StaticUserWebFilter$StaticUserFilter) to context logs
2022-07-02 07:19:44,568 [Listener at 127.0.0.1/41977] INFO  http.HttpServer2 (HttpServer2.java:bindListener(1248)) - Jetty bound to port 39867
2022-07-02 07:19:44,568 [Listener at 127.0.0.1/41977] INFO  server.Server (Server.java:doStart(375)) - jetty-9.4.43.v20210629; built: 2021-06-30T11:07:22.254Z; git: 526006ecfa3af7f1a27ef3a288e2bef7ea9dd7e8; jvm 1.8.0_332-b09
2022-07-02 07:19:44,573 [Listener at 127.0.0.1/41977] INFO  server.session (DefaultSessionIdManager.java:doStart(334)) - DefaultSessionIdManager workerName=node0
2022-07-02 07:19:44,573 [Listener at 127.0.0.1/41977] INFO  server.session (DefaultSessionIdManager.java:doStart(339)) - No SessionScavenger set, using defaults
2022-07-02 07:19:44,573 [Listener at 127.0.0.1/41977] INFO  server.session (HouseKeeper.java:startScavenging(132)) - node0 Scavenging every 600000ms
2022-07-02 07:19:44,574 [Listener at 127.0.0.1/41977] INFO  handler.ContextHandler (ContextHandler.java:doStart(915)) - Started o.e.j.s.ServletContextHandler@4aae59b0{logs,/logs,file:///home/runner/work/ozone/ozone/hadoop-ozone/integration-test/target/log,AVAILABLE}
2022-07-02 07:19:44,574 [Listener at 127.0.0.1/41977] INFO  handler.ContextHandler (ContextHandler.java:doStart(915)) - Started o.e.j.s.ServletContextHandler@5d2fb84d{static,/static,jar:file:/home/runner/.m2/repository/org/apache/ozone/hdds-container-service/1.3.0-SNAPSHOT/hdds-container-service-1.3.0-SNAPSHOT.jar!/webapps/static,AVAILABLE}
2022-07-02 07:19:44,778 [Listener at 127.0.0.1/41977] INFO  handler.ContextHandler (ContextHandler.java:doStart(915)) - Started o.e.j.w.WebAppContext@3de5f1a2{hddsDatanode,/,file:///tmp/jetty-0_0_0_0-39867-hdds-container-service-1_3_0-SNAPSHOT_jar-_-any-3934473724242452533/webapp/,AVAILABLE}{jar:file:/home/runner/.m2/repository/org/apache/ozone/hdds-container-service/1.3.0-SNAPSHOT/hdds-container-service-1.3.0-SNAPSHOT.jar!/webapps/hddsDatanode}
2022-07-02 07:19:44,780 [Listener at 127.0.0.1/41977] INFO  server.AbstractConnector (AbstractConnector.java:doStart(331)) - Started ServerConnector@5ab0260{HTTP/1.1, (http/1.1)}{0.0.0.0:39867}
2022-07-02 07:19:44,780 [Listener at 127.0.0.1/41977] INFO  server.Server (Server.java:doStart(415)) - Started @11390ms
2022-07-02 07:19:44,780 [Listener at 127.0.0.1/41977] WARN  impl.MetricsSystemImpl (MetricsSystemImpl.java:register(279)) - Sink prometheus already exists!
2022-07-02 07:19:44,781 [Listener at 127.0.0.1/41977] INFO  http.BaseHttpServer (BaseHttpServer.java:updateConnectorAddress(329)) - HTTP server of hddsDatanode listening at http://0.0.0.0:39867
2022-07-02 07:19:44,781 [Datanode State Machine Daemon Thread] INFO  statemachine.DatanodeStateMachine (DatanodeStateMachine.java:lambda$startDaemon$0(492)) - Ozone container server started.
2022-07-02 07:19:44,782 [Listener at 127.0.0.1/41977] WARN  impl.MetricRegistriesImpl (MetricRegistriesImpl.java:addReporterRegistration(111)) - New reporters are added after registries were created. Some metrics will be missing from the reporter. Please add reporter before adding any new registry.
2022-07-02 07:19:44,782 [Listener at 127.0.0.1/41977] WARN  impl.MetricRegistriesImpl (MetricRegistriesImpl.java:addReporterRegistration(111)) - New reporters are added after registries were created. Some metrics will be missing from the reporter. Please add reporter before adding any new registry.
2022-07-02 07:19:44,782 [Listener at 127.0.0.1/41977] INFO  impl.MetricsSystemImpl (MetricsSystemImpl.java:init(158)) - HddsDatanode metrics system started (again)
2022-07-02 07:19:44,795 [Listener at 127.0.0.1/41977] INFO  ozone.HddsDatanodeService (HddsDatanodeService.java:start(236)) - HddsDatanodeService host:fv-az444-838.dthhdds2jluu1c0oa55ndv1hsg.dx.internal.cloudapp.net ip:10.1.0.20
2022-07-02 07:19:44,796 [org.apache.hadoop.util.JvmPauseMonitor$Monitor@22f4c4f8] INFO  util.JvmPauseMonitor (JvmPauseMonitor.java:run(188)) - Starting JVM pause monitor
2022-07-02 07:19:44,800 [Datanode State Machine Task Thread - 0] INFO  datanode.InitDatanodeState (InitDatanodeState.java:persistContainerDatanodeDetails(138)) - DatanodeDetails is persisted to /home/runner/work/ozone/ozone/hadoop-ozone/integration-test/target/test-dir/MiniOzoneClusterImpl-2384df39-2793-4e2f-8252-b182c7f166b5/datanode-3/meta/datanode.id
2022-07-02 07:19:44,821 [Listener at 127.0.0.1/41977] INFO  upgrade.AbstractLayoutVersionManager (AbstractLayoutVersionManager.java:init(82)) - Initializing Layout version manager with metadata layout = DATANODE_SCHEMA_V3 (version = 4), software layout = DATANODE_SCHEMA_V3 (version = 4)
2022-07-02 07:19:44,871 [Listener at 127.0.0.1/41977] INFO  reflections.Reflections (Reflections.java:scan(232)) - Reflections took 49 ms to scan 7 urls, producing 132 keys and 317 values 
2022-07-02 07:19:44,872 [Listener at 127.0.0.1/41977] INFO  statemachine.DatanodeStateMachine (DatanodeStateMachine.java:getEndPointTaskThreadPoolSize(237)) - Datanode State Machine Task Thread Pool size 2
2022-07-02 07:19:44,877 [Listener at 127.0.0.1/41977] INFO  volume.HddsVolume (HddsVolume.java:<init>(116)) - Creating HddsVolume: /home/runner/work/ozone/ozone/hadoop-ozone/integration-test/target/test-dir/MiniOzoneClusterImpl-2384df39-2793-4e2f-8252-b182c7f166b5/datanode-4/data-0/containers/hdds of storage type : DISK capacity : 9223372036854775807
2022-07-02 07:19:44,878 [Listener at 127.0.0.1/41977] INFO  volume.MutableVolumeSet (MutableVolumeSet.java:initializeVolumeSet(174)) - Added Volume : /home/runner/work/ozone/ozone/hadoop-ozone/integration-test/target/test-dir/MiniOzoneClusterImpl-2384df39-2793-4e2f-8252-b182c7f166b5/datanode-4/data-0/containers/hdds to VolumeSet
2022-07-02 07:19:44,878 [Listener at 127.0.0.1/41977] INFO  volume.ThrottledAsyncChecker (ThrottledAsyncChecker.java:schedule(141)) - Scheduling a check for /home/runner/work/ozone/ozone/hadoop-ozone/integration-test/target/test-dir/MiniOzoneClusterImpl-2384df39-2793-4e2f-8252-b182c7f166b5/datanode-4/data-0/containers/hdds
2022-07-02 07:19:44,879 [Listener at 127.0.0.1/41977] INFO  volume.StorageVolumeChecker (StorageVolumeChecker.java:checkAllVolumes(202)) - Scheduled health check for volume /home/runner/work/ozone/ozone/hadoop-ozone/integration-test/target/test-dir/MiniOzoneClusterImpl-2384df39-2793-4e2f-8252-b182c7f166b5/datanode-4/data-0/containers/hdds
2022-07-02 07:19:44,892 [Listener at 127.0.0.1/41977] INFO  volume.MutableVolumeSet (MutableVolumeSet.java:initializeVolumeSet(174)) - Added Volume : /home/runner/work/ozone/ozone/hadoop-ozone/integration-test/target/test-dir/MiniOzoneClusterImpl-2384df39-2793-4e2f-8252-b182c7f166b5/datanode-4/data/ratis to VolumeSet
2022-07-02 07:19:44,892 [Listener at 127.0.0.1/41977] INFO  volume.ThrottledAsyncChecker (ThrottledAsyncChecker.java:schedule(141)) - Scheduling a check for /home/runner/work/ozone/ozone/hadoop-ozone/integration-test/target/test-dir/MiniOzoneClusterImpl-2384df39-2793-4e2f-8252-b182c7f166b5/datanode-4/data/ratis
2022-07-02 07:19:44,893 [Listener at 127.0.0.1/41977] INFO  volume.StorageVolumeChecker (StorageVolumeChecker.java:checkAllVolumes(202)) - Scheduled health check for volume /home/runner/work/ozone/ozone/hadoop-ozone/integration-test/target/test-dir/MiniOzoneClusterImpl-2384df39-2793-4e2f-8252-b182c7f166b5/datanode-4/data/ratis
2022-07-02 07:19:44,905 [Thread-188] INFO  ozoneimpl.ContainerReader (ContainerReader.java:readVolume(172)) - Finish verifying containers on volume /home/runner/work/ozone/ozone/hadoop-ozone/integration-test/target/test-dir/MiniOzoneClusterImpl-2384df39-2793-4e2f-8252-b182c7f166b5/datanode-4/data-0/containers/hdds
2022-07-02 07:19:44,905 [Listener at 127.0.0.1/41977] INFO  ozoneimpl.OzoneContainer (OzoneContainer.java:buildContainerSet(266)) - Build ContainerSet costs 0s
2022-07-02 07:19:44,908 [Listener at 127.0.0.1/41977] INFO  server.RaftServer (ConfUtils.java:logGet(46)) - raft.rpc.type = GRPC (default)
2022-07-02 07:19:44,908 [Listener at 127.0.0.1/41977] INFO  grpc.GrpcFactory (GrpcFactory.java:checkPooledByteBufAllocatorUseCacheForAllThreads(48)) - PERFORMANCE WARNING: useCacheForAllThreads is true that may cause Netty to create a lot garbage objects and, as a result, trigger GC.
	It is recommended to disable useCacheForAllThreads by setting -Dorg.apache.ratis.thirdparty.io.netty.allocator.useCacheForAllThreads=false in command line.
2022-07-02 07:19:44,909 [Listener at 127.0.0.1/41977] INFO  grpc.GrpcConfigKeys (ConfUtils.java:logGet(46)) - raft.grpc.admin.port = 0 (custom)
2022-07-02 07:19:44,909 [Listener at 127.0.0.1/41977] INFO  grpc.GrpcConfigKeys (ConfUtils.java:logGet(46)) - raft.grpc.client.port = 0 (custom)
2022-07-02 07:19:44,909 [Listener at 127.0.0.1/41977] INFO  grpc.GrpcConfigKeys (ConfUtils.java:logGet(46)) - raft.grpc.server.port = 0 (default)
2022-07-02 07:19:44,909 [Listener at 127.0.0.1/41977] INFO  server.GrpcService (ConfUtils.java:logGet(46)) - raft.grpc.message.size.max = 32MB (=33554432) (custom)
2022-07-02 07:19:44,909 [Listener at 127.0.0.1/41977] INFO  server.RaftServerConfigKeys (ConfUtils.java:logGet(46)) - raft.server.log.appender.buffer.byte-limit = 33554432 (custom)
2022-07-02 07:19:44,909 [Listener at 127.0.0.1/41977] INFO  server.GrpcService (ConfUtils.java:logGet(46)) - raft.grpc.flow.control.window = 5MB (=5242880) (custom)
2022-07-02 07:19:44,909 [Listener at 127.0.0.1/41977] INFO  server.RaftServerConfigKeys (ConfUtils.java:logGet(46)) - raft.server.rpc.request.timeout = 60s (custom)
2022-07-02 07:19:44,910 [Listener at 127.0.0.1/41977] INFO  grpc.GrpcConfigKeys (ConfUtils.java:logGet(46)) - raft.grpc.server.async.request.thread.pool.cached = true (default)
2022-07-02 07:19:44,910 [Listener at 127.0.0.1/41977] INFO  grpc.GrpcConfigKeys (ConfUtils.java:logGet(46)) - raft.grpc.server.async.request.thread.pool.size = 32 (default)
2022-07-02 07:19:44,911 [Listener at 127.0.0.1/41977] INFO  impl.DataStreamServerImpl (ConfUtils.java:logGet(46)) - raft.datastream.type = DISABLED (default)
2022-07-02 07:19:44,911 [Listener at 127.0.0.1/41977] INFO  server.RaftServerConfigKeys (ConfUtils.java:logGet(46)) - raft.server.threadpool.proxy.cached = true (default)
2022-07-02 07:19:44,911 [Listener at 127.0.0.1/41977] INFO  server.RaftServerConfigKeys (ConfUtils.java:logGet(46)) - raft.server.threadpool.proxy.size = 0 (default)
2022-07-02 07:19:44,911 [Listener at 127.0.0.1/41977] INFO  server.RaftServerConfigKeys (ConfUtils.java:logGet(46)) - raft.server.rpc.slowness.timeout = 300s (custom)
2022-07-02 07:19:44,911 [Listener at 127.0.0.1/41977] INFO  server.RaftServerConfigKeys (ConfUtils.java:logGet(46)) - raft.server.leaderelection.leader.step-down.wait-time = 10s (default)
2022-07-02 07:19:44,912 [Listener at 127.0.0.1/41977] INFO  server.RaftServerConfigKeys (ConfUtils.java:logGet(46)) - raft.server.storage.dir = [/home/runner/work/ozone/ozone/hadoop-ozone/integration-test/target/test-dir/MiniOzoneClusterImpl-2384df39-2793-4e2f-8252-b182c7f166b5/datanode-4/data/ratis] (custom)
2022-07-02 07:19:44,916 [Listener at 127.0.0.1/41977] INFO  server.XceiverServerGrpc (XceiverServerGrpc.java:<init>(132)) - GrpcServer channel type EpollServerSocketChannel
2022-07-02 07:19:44,919 [Listener at 127.0.0.1/41977] INFO  http.BaseHttpServer (BaseHttpServer.java:newHttpServer2BuilderForOzone(209)) - Starting Web-server for hddsDatanode at: http://0.0.0.0:0
2022-07-02 07:19:44,919 [Listener at 127.0.0.1/41977] INFO  http.BaseHttpServer (BaseHttpServer.java:<init>(107)) - Hadoop Security Enabled: false Ozone Security Enabled: false Ozone HTTP Security Enabled: false 
2022-07-02 07:19:44,921 [Listener at 127.0.0.1/41977] INFO  server.AuthenticationFilter (AuthenticationFilter.java:constructSecretProvider(240)) - Unable to initialize FileSignerSecretProvider, falling back to use random secrets.
2022-07-02 07:19:44,921 [Listener at 127.0.0.1/41977] WARN  http.HttpRequestLog (HttpRequestLog.java:getRequestLog(103)) - Jetty request log can only be enabled using Log4j
2022-07-02 07:19:44,922 [Listener at 127.0.0.1/41977] INFO  http.HttpServer2 (HttpServer2.java:addGlobalFilter(1029)) - Added global filter 'safety' (class=org.apache.hadoop.hdds.server.http.HttpServer2$QuotingInputFilter)
2022-07-02 07:19:44,923 [Listener at 127.0.0.1/41977] INFO  http.HttpServer2 (HttpServer2.java:addFilter(1005)) - Added filter static_user_filter (class=org.apache.hadoop.http.lib.StaticUserWebFilter$StaticUserFilter) to context hddsDatanode
2022-07-02 07:19:44,923 [Listener at 127.0.0.1/41977] INFO  http.HttpServer2 (HttpServer2.java:addFilter(1013)) - Added filter static_user_filter (class=org.apache.hadoop.http.lib.StaticUserWebFilter$StaticUserFilter) to context logs
2022-07-02 07:19:44,923 [Listener at 127.0.0.1/41977] INFO  http.HttpServer2 (HttpServer2.java:addFilter(1013)) - Added filter static_user_filter (class=org.apache.hadoop.http.lib.StaticUserWebFilter$StaticUserFilter) to context static
2022-07-02 07:19:44,924 [Listener at 127.0.0.1/41977] INFO  http.HttpServer2 (HttpServer2.java:bindListener(1248)) - Jetty bound to port 46269
2022-07-02 07:19:44,924 [Listener at 127.0.0.1/41977] INFO  server.Server (Server.java:doStart(375)) - jetty-9.4.43.v20210629; built: 2021-06-30T11:07:22.254Z; git: 526006ecfa3af7f1a27ef3a288e2bef7ea9dd7e8; jvm 1.8.0_332-b09
2022-07-02 07:19:44,926 [Listener at 127.0.0.1/41977] INFO  server.session (DefaultSessionIdManager.java:doStart(334)) - DefaultSessionIdManager workerName=node0
2022-07-02 07:19:44,926 [Listener at 127.0.0.1/41977] INFO  server.session (DefaultSessionIdManager.java:doStart(339)) - No SessionScavenger set, using defaults
2022-07-02 07:19:44,926 [Listener at 127.0.0.1/41977] INFO  server.session (HouseKeeper.java:startScavenging(132)) - node0 Scavenging every 660000ms
2022-07-02 07:19:44,928 [Listener at 127.0.0.1/41977] INFO  handler.ContextHandler (ContextHandler.java:doStart(915)) - Started o.e.j.s.ServletContextHandler@604c4c8c{logs,/logs,file:///home/runner/work/ozone/ozone/hadoop-ozone/integration-test/target/log,AVAILABLE}
2022-07-02 07:19:44,929 [Listener at 127.0.0.1/41977] INFO  handler.ContextHandler (ContextHandler.java:doStart(915)) - Started o.e.j.s.ServletContextHandler@2d8a62a9{static,/static,jar:file:/home/runner/.m2/repository/org/apache/ozone/hdds-container-service/1.3.0-SNAPSHOT/hdds-container-service-1.3.0-SNAPSHOT.jar!/webapps/static,AVAILABLE}
2022-07-02 07:19:45,126 [Listener at 127.0.0.1/41977] INFO  handler.ContextHandler (ContextHandler.java:doStart(915)) - Started o.e.j.w.WebAppContext@64f6183e{hddsDatanode,/,file:///tmp/jetty-0_0_0_0-46269-hdds-container-service-1_3_0-SNAPSHOT_jar-_-any-3949236510699606935/webapp/,AVAILABLE}{jar:file:/home/runner/.m2/repository/org/apache/ozone/hdds-container-service/1.3.0-SNAPSHOT/hdds-container-service-1.3.0-SNAPSHOT.jar!/webapps/hddsDatanode}
2022-07-02 07:19:45,128 [Listener at 127.0.0.1/41977] INFO  server.AbstractConnector (AbstractConnector.java:doStart(331)) - Started ServerConnector@10a2aa13{HTTP/1.1, (http/1.1)}{0.0.0.0:46269}
2022-07-02 07:19:45,128 [Listener at 127.0.0.1/41977] INFO  server.Server (Server.java:doStart(415)) - Started @11738ms
2022-07-02 07:19:45,128 [Listener at 127.0.0.1/41977] WARN  impl.MetricsSystemImpl (MetricsSystemImpl.java:register(279)) - Sink prometheus already exists!
2022-07-02 07:19:45,130 [Listener at 127.0.0.1/41977] INFO  http.BaseHttpServer (BaseHttpServer.java:updateConnectorAddress(329)) - HTTP server of hddsDatanode listening at http://0.0.0.0:46269
2022-07-02 07:19:45,132 [Listener at 127.0.0.1/41977] INFO  ozone.MiniOzoneClusterImpl (MiniOzoneClusterImpl.java:lambda$waitForClusterToBeReady$0(223)) - Waiting for nodes to be ready. Got 0 of 5 DN Heartbeats.
2022-07-02 07:19:45,132 [Listener at 127.0.0.1/41977] INFO  ozone.MiniOzoneClusterImpl (MiniOzoneClusterImpl.java:lambda$waitForClusterToBeReady$0(226)) - Waiting for cluster to exit safe mode
2022-07-02 07:19:45,132 [Listener at 127.0.0.1/41977] INFO  ozone.MiniOzoneClusterImpl (MiniOzoneClusterImpl.java:lambda$waitForClusterToBeReady$0(228)) - SCM became leader
2022-07-02 07:19:45,133 [Datanode State Machine Daemon Thread] INFO  statemachine.DatanodeStateMachine (DatanodeStateMachine.java:lambda$startDaemon$0(492)) - Ozone container server started.
2022-07-02 07:19:45,142 [org.apache.hadoop.util.JvmPauseMonitor$Monitor@15cf406c] INFO  util.JvmPauseMonitor (JvmPauseMonitor.java:run(188)) - Starting JVM pause monitor
2022-07-02 07:19:45,144 [Datanode State Machine Task Thread - 0] INFO  datanode.InitDatanodeState (InitDatanodeState.java:persistContainerDatanodeDetails(138)) - DatanodeDetails is persisted to /home/runner/work/ozone/ozone/hadoop-ozone/integration-test/target/test-dir/MiniOzoneClusterImpl-2384df39-2793-4e2f-8252-b182c7f166b5/datanode-4/meta/datanode.id
2022-07-02 07:19:45,639 [EndpointStateMachine task thread for /0.0.0.0:39811 - 0 ] INFO  volume.HddsVolume (HddsVolume.java:createDbStore(309)) - SchemaV3 db is created and loaded at /home/runner/work/ozone/ozone/hadoop-ozone/integration-test/target/test-dir/MiniOzoneClusterImpl-2384df39-2793-4e2f-8252-b182c7f166b5/datanode-0/data-0/containers/hdds/2384df39-2793-4e2f-8252-b182c7f166b5/DS-7e316dc4-653e-4066-afb7-29385b1ac79a/container.db for volume DS-7e316dc4-653e-4066-afb7-29385b1ac79a
2022-07-02 07:19:45,645 [EndpointStateMachine task thread for /0.0.0.0:39811 - 0 ] INFO  volume.HddsVolume (HddsVolume.java:closeDbStore(340)) - SchemaV3 db is stopped at /home/runner/work/ozone/ozone/hadoop-ozone/integration-test/target/test-dir/MiniOzoneClusterImpl-2384df39-2793-4e2f-8252-b182c7f166b5/datanode-0/data-0/containers/hdds/2384df39-2793-4e2f-8252-b182c7f166b5/DS-7e316dc4-653e-4066-afb7-29385b1ac79a/container.db for volume DS-7e316dc4-653e-4066-afb7-29385b1ac79a
2022-07-02 07:19:45,645 [EndpointStateMachine task thread for /0.0.0.0:39811 - 0 ] INFO  ozoneimpl.OzoneContainer (OzoneContainer.java:start(344)) - Attempting to start container services.
2022-07-02 07:19:45,647 [EndpointStateMachine task thread for /0.0.0.0:39811 - 0 ] INFO  ozoneimpl.OzoneContainer (OzoneContainer.java:startContainerScrub(279)) - Background container scanner has been disabled.
2022-07-02 07:19:45,649 [EndpointStateMachine task thread for /0.0.0.0:39811 - 0 ] INFO  replication.ReplicationServer (ReplicationServer.java:start(111)) - ReplicationServer is started using port 44721
2022-07-02 07:19:45,652 [EndpointStateMachine task thread for /0.0.0.0:39811 - 0 ] INFO  ratis.XceiverServerRatis (XceiverServerRatis.java:start(481)) - Starting XceiverServerRatis da23fa89-fa7d-4455-a39d-25ada925c5c4
2022-07-02 07:19:45,652 [EndpointStateMachine task thread for /0.0.0.0:39811 - 0 ] INFO  server.RaftServer (RaftServerProxy.java:lambda$start$6(382)) - da23fa89-fa7d-4455-a39d-25ada925c5c4: start RPC server
2022-07-02 07:19:45,657 [EndpointStateMachine task thread for /0.0.0.0:39811 - 0 ] INFO  server.GrpcService (GrpcService.java:startImpl(260)) - da23fa89-fa7d-4455-a39d-25ada925c5c4: GrpcService started, listening on 43027
2022-07-02 07:19:45,657 [EndpointStateMachine task thread for /0.0.0.0:39811 - 0 ] INFO  ratis.XceiverServerRatis (XceiverServerRatis.java:getRealPort(502)) - XceiverServerRatis da23fa89-fa7d-4455-a39d-25ada925c5c4 is started using port 43027 for RATIS
2022-07-02 07:19:45,657 [EndpointStateMachine task thread for /0.0.0.0:39811 - 0 ] INFO  ratis.XceiverServerRatis (XceiverServerRatis.java:getRealPort(502)) - XceiverServerRatis da23fa89-fa7d-4455-a39d-25ada925c5c4 is started using port 43027 for RATIS_ADMIN
2022-07-02 07:19:45,657 [EndpointStateMachine task thread for /0.0.0.0:39811 - 0 ] INFO  ratis.XceiverServerRatis (XceiverServerRatis.java:getRealPort(502)) - XceiverServerRatis da23fa89-fa7d-4455-a39d-25ada925c5c4 is started using port 43027 for RATIS_SERVER
2022-07-02 07:19:45,658 [org.apache.ratis.util.JvmPauseMonitor$$Lambda$611/1072797734@680d0a21] INFO  util.JvmPauseMonitor (JvmPauseMonitor.java:run(103)) - JvmPauseMonitor-da23fa89-fa7d-4455-a39d-25ada925c5c4: Started
2022-07-02 07:19:45,660 [EndpointStateMachine task thread for /0.0.0.0:39811 - 0 ] INFO  server.XceiverServerGrpc (XceiverServerGrpc.java:start(180)) - XceiverServerGrpc da23fa89-fa7d-4455-a39d-25ada925c5c4 is started using port 42523
2022-07-02 07:19:46,079 [EndpointStateMachine task thread for /0.0.0.0:39811 - 0 ] INFO  volume.HddsVolume (HddsVolume.java:createDbStore(309)) - SchemaV3 db is created and loaded at /home/runner/work/ozone/ozone/hadoop-ozone/integration-test/target/test-dir/MiniOzoneClusterImpl-2384df39-2793-4e2f-8252-b182c7f166b5/datanode-1/data-0/containers/hdds/2384df39-2793-4e2f-8252-b182c7f166b5/DS-11f99502-325f-4a26-8e9a-7c265f8a52eb/container.db for volume DS-11f99502-325f-4a26-8e9a-7c265f8a52eb
2022-07-02 07:19:46,080 [EndpointStateMachine task thread for /0.0.0.0:39811 - 0 ] INFO  volume.HddsVolume (HddsVolume.java:closeDbStore(340)) - SchemaV3 db is stopped at /home/runner/work/ozone/ozone/hadoop-ozone/integration-test/target/test-dir/MiniOzoneClusterImpl-2384df39-2793-4e2f-8252-b182c7f166b5/datanode-1/data-0/containers/hdds/2384df39-2793-4e2f-8252-b182c7f166b5/DS-11f99502-325f-4a26-8e9a-7c265f8a52eb/container.db for volume DS-11f99502-325f-4a26-8e9a-7c265f8a52eb
2022-07-02 07:19:46,080 [EndpointStateMachine task thread for /0.0.0.0:39811 - 0 ] INFO  ozoneimpl.OzoneContainer (OzoneContainer.java:start(344)) - Attempting to start container services.
2022-07-02 07:19:46,080 [EndpointStateMachine task thread for /0.0.0.0:39811 - 0 ] INFO  ozoneimpl.OzoneContainer (OzoneContainer.java:startContainerScrub(279)) - Background container scanner has been disabled.
2022-07-02 07:19:46,082 [EndpointStateMachine task thread for /0.0.0.0:39811 - 0 ] INFO  replication.ReplicationServer (ReplicationServer.java:start(111)) - ReplicationServer is started using port 33381
2022-07-02 07:19:46,083 [EndpointStateMachine task thread for /0.0.0.0:39811 - 0 ] INFO  ratis.XceiverServerRatis (XceiverServerRatis.java:start(481)) - Starting XceiverServerRatis 86df6d00-7043-4e9f-8d75-9ddb09551a86
2022-07-02 07:19:46,084 [EndpointStateMachine task thread for /0.0.0.0:39811 - 0 ] INFO  server.RaftServer (RaftServerProxy.java:lambda$start$6(382)) - 86df6d00-7043-4e9f-8d75-9ddb09551a86: start RPC server
2022-07-02 07:19:46,086 [EndpointStateMachine task thread for /0.0.0.0:39811 - 0 ] INFO  server.GrpcService (GrpcService.java:startImpl(260)) - 86df6d00-7043-4e9f-8d75-9ddb09551a86: GrpcService started, listening on 35185
2022-07-02 07:19:46,086 [EndpointStateMachine task thread for /0.0.0.0:39811 - 0 ] INFO  ratis.XceiverServerRatis (XceiverServerRatis.java:getRealPort(502)) - XceiverServerRatis 86df6d00-7043-4e9f-8d75-9ddb09551a86 is started using port 35185 for RATIS
2022-07-02 07:19:46,086 [EndpointStateMachine task thread for /0.0.0.0:39811 - 0 ] INFO  ratis.XceiverServerRatis (XceiverServerRatis.java:getRealPort(502)) - XceiverServerRatis 86df6d00-7043-4e9f-8d75-9ddb09551a86 is started using port 35185 for RATIS_ADMIN
2022-07-02 07:19:46,086 [EndpointStateMachine task thread for /0.0.0.0:39811 - 0 ] INFO  ratis.XceiverServerRatis (XceiverServerRatis.java:getRealPort(502)) - XceiverServerRatis 86df6d00-7043-4e9f-8d75-9ddb09551a86 is started using port 35185 for RATIS_SERVER
2022-07-02 07:19:46,087 [org.apache.ratis.util.JvmPauseMonitor$$Lambda$611/1072797734@59753d14] INFO  util.JvmPauseMonitor (JvmPauseMonitor.java:run(103)) - JvmPauseMonitor-86df6d00-7043-4e9f-8d75-9ddb09551a86: Started
2022-07-02 07:19:46,088 [EndpointStateMachine task thread for /0.0.0.0:39811 - 0 ] INFO  server.XceiverServerGrpc (XceiverServerGrpc.java:start(180)) - XceiverServerGrpc 86df6d00-7043-4e9f-8d75-9ddb09551a86 is started using port 46517
2022-07-02 07:19:46,133 [Listener at 127.0.0.1/41977] INFO  ozone.MiniOzoneClusterImpl (MiniOzoneClusterImpl.java:lambda$waitForClusterToBeReady$0(223)) - Waiting for nodes to be ready. Got 0 of 5 DN Heartbeats.
2022-07-02 07:19:46,133 [Listener at 127.0.0.1/41977] INFO  ozone.MiniOzoneClusterImpl (MiniOzoneClusterImpl.java:lambda$waitForClusterToBeReady$0(226)) - Waiting for cluster to exit safe mode
2022-07-02 07:19:46,133 [Listener at 127.0.0.1/41977] INFO  ozone.MiniOzoneClusterImpl (MiniOzoneClusterImpl.java:lambda$waitForClusterToBeReady$0(228)) - SCM became leader
2022-07-02 07:19:46,477 [EndpointStateMachine task thread for /0.0.0.0:39811 - 0 ] INFO  volume.HddsVolume (HddsVolume.java:createDbStore(309)) - SchemaV3 db is created and loaded at /home/runner/work/ozone/ozone/hadoop-ozone/integration-test/target/test-dir/MiniOzoneClusterImpl-2384df39-2793-4e2f-8252-b182c7f166b5/datanode-2/data-0/containers/hdds/2384df39-2793-4e2f-8252-b182c7f166b5/DS-b36f6098-4eb2-450d-9ac5-b3ad57e007d9/container.db for volume DS-b36f6098-4eb2-450d-9ac5-b3ad57e007d9
2022-07-02 07:19:46,478 [EndpointStateMachine task thread for /0.0.0.0:39811 - 0 ] INFO  volume.HddsVolume (HddsVolume.java:closeDbStore(340)) - SchemaV3 db is stopped at /home/runner/work/ozone/ozone/hadoop-ozone/integration-test/target/test-dir/MiniOzoneClusterImpl-2384df39-2793-4e2f-8252-b182c7f166b5/datanode-2/data-0/containers/hdds/2384df39-2793-4e2f-8252-b182c7f166b5/DS-b36f6098-4eb2-450d-9ac5-b3ad57e007d9/container.db for volume DS-b36f6098-4eb2-450d-9ac5-b3ad57e007d9
2022-07-02 07:19:46,478 [EndpointStateMachine task thread for /0.0.0.0:39811 - 0 ] INFO  ozoneimpl.OzoneContainer (OzoneContainer.java:start(344)) - Attempting to start container services.
2022-07-02 07:19:46,479 [EndpointStateMachine task thread for /0.0.0.0:39811 - 0 ] INFO  ozoneimpl.OzoneContainer (OzoneContainer.java:startContainerScrub(279)) - Background container scanner has been disabled.
2022-07-02 07:19:46,482 [EndpointStateMachine task thread for /0.0.0.0:39811 - 0 ] INFO  replication.ReplicationServer (ReplicationServer.java:start(111)) - ReplicationServer is started using port 40195
2022-07-02 07:19:46,483 [EndpointStateMachine task thread for /0.0.0.0:39811 - 0 ] INFO  ratis.XceiverServerRatis (XceiverServerRatis.java:start(481)) - Starting XceiverServerRatis 419d88b6-03c8-4180-a8b8-c3be8294e19d
2022-07-02 07:19:46,488 [EndpointStateMachine task thread for /0.0.0.0:39811 - 0 ] INFO  server.RaftServer (RaftServerProxy.java:lambda$start$6(382)) - 419d88b6-03c8-4180-a8b8-c3be8294e19d: start RPC server
2022-07-02 07:19:46,491 [EndpointStateMachine task thread for /0.0.0.0:39811 - 0 ] INFO  server.GrpcService (GrpcService.java:startImpl(260)) - 419d88b6-03c8-4180-a8b8-c3be8294e19d: GrpcService started, listening on 37557
2022-07-02 07:19:46,496 [EndpointStateMachine task thread for /0.0.0.0:39811 - 0 ] INFO  ratis.XceiverServerRatis (XceiverServerRatis.java:getRealPort(502)) - XceiverServerRatis 419d88b6-03c8-4180-a8b8-c3be8294e19d is started using port 37557 for RATIS
2022-07-02 07:19:46,496 [EndpointStateMachine task thread for /0.0.0.0:39811 - 0 ] INFO  ratis.XceiverServerRatis (XceiverServerRatis.java:getRealPort(502)) - XceiverServerRatis 419d88b6-03c8-4180-a8b8-c3be8294e19d is started using port 37557 for RATIS_ADMIN
2022-07-02 07:19:46,496 [EndpointStateMachine task thread for /0.0.0.0:39811 - 0 ] INFO  ratis.XceiverServerRatis (XceiverServerRatis.java:getRealPort(502)) - XceiverServerRatis 419d88b6-03c8-4180-a8b8-c3be8294e19d is started using port 37557 for RATIS_SERVER
2022-07-02 07:19:46,502 [org.apache.ratis.util.JvmPauseMonitor$$Lambda$611/1072797734@314561e4] INFO  util.JvmPauseMonitor (JvmPauseMonitor.java:run(103)) - JvmPauseMonitor-419d88b6-03c8-4180-a8b8-c3be8294e19d: Started
2022-07-02 07:19:46,503 [EndpointStateMachine task thread for /0.0.0.0:39811 - 0 ] INFO  server.XceiverServerGrpc (XceiverServerGrpc.java:start(180)) - XceiverServerGrpc 419d88b6-03c8-4180-a8b8-c3be8294e19d is started using port 33565
2022-07-02 07:19:46,833 [EndpointStateMachine task thread for /0.0.0.0:39811 - 0 ] INFO  volume.HddsVolume (HddsVolume.java:createDbStore(309)) - SchemaV3 db is created and loaded at /home/runner/work/ozone/ozone/hadoop-ozone/integration-test/target/test-dir/MiniOzoneClusterImpl-2384df39-2793-4e2f-8252-b182c7f166b5/datanode-3/data-0/containers/hdds/2384df39-2793-4e2f-8252-b182c7f166b5/DS-5b3d86d9-0c6f-43f4-9754-1ab3182dd329/container.db for volume DS-5b3d86d9-0c6f-43f4-9754-1ab3182dd329
2022-07-02 07:19:46,834 [EndpointStateMachine task thread for /0.0.0.0:39811 - 0 ] INFO  volume.HddsVolume (HddsVolume.java:closeDbStore(340)) - SchemaV3 db is stopped at /home/runner/work/ozone/ozone/hadoop-ozone/integration-test/target/test-dir/MiniOzoneClusterImpl-2384df39-2793-4e2f-8252-b182c7f166b5/datanode-3/data-0/containers/hdds/2384df39-2793-4e2f-8252-b182c7f166b5/DS-5b3d86d9-0c6f-43f4-9754-1ab3182dd329/container.db for volume DS-5b3d86d9-0c6f-43f4-9754-1ab3182dd329
2022-07-02 07:19:46,834 [EndpointStateMachine task thread for /0.0.0.0:39811 - 0 ] INFO  ozoneimpl.OzoneContainer (OzoneContainer.java:start(344)) - Attempting to start container services.
2022-07-02 07:19:46,834 [EndpointStateMachine task thread for /0.0.0.0:39811 - 0 ] INFO  ozoneimpl.OzoneContainer (OzoneContainer.java:startContainerScrub(279)) - Background container scanner has been disabled.
2022-07-02 07:19:46,836 [EndpointStateMachine task thread for /0.0.0.0:39811 - 0 ] INFO  replication.ReplicationServer (ReplicationServer.java:start(111)) - ReplicationServer is started using port 41063
2022-07-02 07:19:46,837 [EndpointStateMachine task thread for /0.0.0.0:39811 - 0 ] INFO  ratis.XceiverServerRatis (XceiverServerRatis.java:start(481)) - Starting XceiverServerRatis dc0e6785-2ef3-43a4-ac1a-d32fe23dc755
2022-07-02 07:19:46,839 [EndpointStateMachine task thread for /0.0.0.0:39811 - 0 ] INFO  server.RaftServer (RaftServerProxy.java:lambda$start$6(382)) - dc0e6785-2ef3-43a4-ac1a-d32fe23dc755: start RPC server
2022-07-02 07:19:46,842 [EndpointStateMachine task thread for /0.0.0.0:39811 - 0 ] INFO  server.GrpcService (GrpcService.java:startImpl(260)) - dc0e6785-2ef3-43a4-ac1a-d32fe23dc755: GrpcService started, listening on 39655
2022-07-02 07:19:46,842 [EndpointStateMachine task thread for /0.0.0.0:39811 - 0 ] INFO  ratis.XceiverServerRatis (XceiverServerRatis.java:getRealPort(502)) - XceiverServerRatis dc0e6785-2ef3-43a4-ac1a-d32fe23dc755 is started using port 39655 for RATIS
2022-07-02 07:19:46,842 [org.apache.ratis.util.JvmPauseMonitor$$Lambda$611/1072797734@31b4ebf8] INFO  util.JvmPauseMonitor (JvmPauseMonitor.java:run(103)) - JvmPauseMonitor-dc0e6785-2ef3-43a4-ac1a-d32fe23dc755: Started
2022-07-02 07:19:46,842 [EndpointStateMachine task thread for /0.0.0.0:39811 - 0 ] INFO  ratis.XceiverServerRatis (XceiverServerRatis.java:getRealPort(502)) - XceiverServerRatis dc0e6785-2ef3-43a4-ac1a-d32fe23dc755 is started using port 39655 for RATIS_ADMIN
2022-07-02 07:19:46,843 [EndpointStateMachine task thread for /0.0.0.0:39811 - 0 ] INFO  ratis.XceiverServerRatis (XceiverServerRatis.java:getRealPort(502)) - XceiverServerRatis dc0e6785-2ef3-43a4-ac1a-d32fe23dc755 is started using port 39655 for RATIS_SERVER
2022-07-02 07:19:46,845 [EndpointStateMachine task thread for /0.0.0.0:39811 - 0 ] INFO  server.XceiverServerGrpc (XceiverServerGrpc.java:start(180)) - XceiverServerGrpc dc0e6785-2ef3-43a4-ac1a-d32fe23dc755 is started using port 41315
2022-07-02 07:19:47,133 [Listener at 127.0.0.1/41977] INFO  ozone.MiniOzoneClusterImpl (MiniOzoneClusterImpl.java:lambda$waitForClusterToBeReady$0(223)) - Waiting for nodes to be ready. Got 0 of 5 DN Heartbeats.
2022-07-02 07:19:47,134 [Listener at 127.0.0.1/41977] INFO  ozone.MiniOzoneClusterImpl (MiniOzoneClusterImpl.java:lambda$waitForClusterToBeReady$0(226)) - Waiting for cluster to exit safe mode
2022-07-02 07:19:47,134 [Listener at 127.0.0.1/41977] INFO  ozone.MiniOzoneClusterImpl (MiniOzoneClusterImpl.java:lambda$waitForClusterToBeReady$0(228)) - SCM became leader
2022-07-02 07:19:47,180 [EndpointStateMachine task thread for /0.0.0.0:39811 - 0 ] INFO  volume.HddsVolume (HddsVolume.java:createDbStore(309)) - SchemaV3 db is created and loaded at /home/runner/work/ozone/ozone/hadoop-ozone/integration-test/target/test-dir/MiniOzoneClusterImpl-2384df39-2793-4e2f-8252-b182c7f166b5/datanode-4/data-0/containers/hdds/2384df39-2793-4e2f-8252-b182c7f166b5/DS-f4c48a3a-8180-44e9-9691-d0d474a41bf8/container.db for volume DS-f4c48a3a-8180-44e9-9691-d0d474a41bf8
2022-07-02 07:19:47,181 [EndpointStateMachine task thread for /0.0.0.0:39811 - 0 ] INFO  volume.HddsVolume (HddsVolume.java:closeDbStore(340)) - SchemaV3 db is stopped at /home/runner/work/ozone/ozone/hadoop-ozone/integration-test/target/test-dir/MiniOzoneClusterImpl-2384df39-2793-4e2f-8252-b182c7f166b5/datanode-4/data-0/containers/hdds/2384df39-2793-4e2f-8252-b182c7f166b5/DS-f4c48a3a-8180-44e9-9691-d0d474a41bf8/container.db for volume DS-f4c48a3a-8180-44e9-9691-d0d474a41bf8
2022-07-02 07:19:47,181 [EndpointStateMachine task thread for /0.0.0.0:39811 - 0 ] INFO  ozoneimpl.OzoneContainer (OzoneContainer.java:start(344)) - Attempting to start container services.
2022-07-02 07:19:47,181 [EndpointStateMachine task thread for /0.0.0.0:39811 - 0 ] INFO  ozoneimpl.OzoneContainer (OzoneContainer.java:startContainerScrub(279)) - Background container scanner has been disabled.
2022-07-02 07:19:47,184 [EndpointStateMachine task thread for /0.0.0.0:39811 - 0 ] INFO  replication.ReplicationServer (ReplicationServer.java:start(111)) - ReplicationServer is started using port 45107
2022-07-02 07:19:47,184 [EndpointStateMachine task thread for /0.0.0.0:39811 - 0 ] INFO  ratis.XceiverServerRatis (XceiverServerRatis.java:start(481)) - Starting XceiverServerRatis bb33d066-413c-4901-a976-4b69639dfedd
2022-07-02 07:19:47,186 [EndpointStateMachine task thread for /0.0.0.0:39811 - 0 ] INFO  server.RaftServer (RaftServerProxy.java:lambda$start$6(382)) - bb33d066-413c-4901-a976-4b69639dfedd: start RPC server
2022-07-02 07:19:47,188 [EndpointStateMachine task thread for /0.0.0.0:39811 - 0 ] INFO  server.GrpcService (GrpcService.java:startImpl(260)) - bb33d066-413c-4901-a976-4b69639dfedd: GrpcService started, listening on 44635
2022-07-02 07:19:47,189 [EndpointStateMachine task thread for /0.0.0.0:39811 - 0 ] INFO  ratis.XceiverServerRatis (XceiverServerRatis.java:getRealPort(502)) - XceiverServerRatis bb33d066-413c-4901-a976-4b69639dfedd is started using port 44635 for RATIS
2022-07-02 07:19:47,189 [org.apache.ratis.util.JvmPauseMonitor$$Lambda$611/1072797734@49287999] INFO  util.JvmPauseMonitor (JvmPauseMonitor.java:run(103)) - JvmPauseMonitor-bb33d066-413c-4901-a976-4b69639dfedd: Started
2022-07-02 07:19:47,189 [EndpointStateMachine task thread for /0.0.0.0:39811 - 0 ] INFO  ratis.XceiverServerRatis (XceiverServerRatis.java:getRealPort(502)) - XceiverServerRatis bb33d066-413c-4901-a976-4b69639dfedd is started using port 44635 for RATIS_ADMIN
2022-07-02 07:19:47,189 [EndpointStateMachine task thread for /0.0.0.0:39811 - 0 ] INFO  ratis.XceiverServerRatis (XceiverServerRatis.java:getRealPort(502)) - XceiverServerRatis bb33d066-413c-4901-a976-4b69639dfedd is started using port 44635 for RATIS_SERVER
2022-07-02 07:19:47,193 [EndpointStateMachine task thread for /0.0.0.0:39811 - 0 ] INFO  server.XceiverServerGrpc (XceiverServerGrpc.java:start(180)) - XceiverServerGrpc bb33d066-413c-4901-a976-4b69639dfedd is started using port 43467
2022-07-02 07:19:47,551 [IPC Server handler 2 on default port 39811] INFO  net.NetworkTopologyImpl (NetworkTopologyImpl.java:add(112)) - Added a new node: /default-rack/da23fa89-fa7d-4455-a39d-25ada925c5c4
2022-07-02 07:19:47,553 [IPC Server handler 2 on default port 39811] INFO  node.SCMNodeManager (SCMNodeManager.java:register(397)) - Registered Data node : da23fa89-fa7d-4455-a39d-25ada925c5c4{ip: 10.1.0.20, host: fv-az444-838.dthhdds2jluu1c0oa55ndv1hsg.dx.internal.cloudapp.net, ports: [REPLICATION=44721, RATIS=43027, RATIS_ADMIN=43027, RATIS_SERVER=43027, STANDALONE=42523], networkLocation: /default-rack, certSerialId: null, persistedOpState: null, persistedOpStateExpiryEpochSec: 0}
2022-07-02 07:19:47,556 [EventQueue-NewNodeForNewNodeHandler] INFO  pipeline.BackgroundPipelineCreator (BackgroundPipelineCreator.java:notifyEventTriggered(275)) - trigger a one-shot run on RatisPipelineUtilsThread.
2022-07-02 07:19:47,568 [RatisPipelineUtilsThread - 0] INFO  pipeline.RatisPipelineProvider (RatisPipelineProvider.java:lambda$create$0(195)) - Sending CreatePipelineCommand for pipeline:PipelineID=cbe21a2d-4d5b-440e-b0a1-b37e82176a7f to datanode:da23fa89-fa7d-4455-a39d-25ada925c5c4
2022-07-02 07:19:47,569 [EventQueue-NodeRegistrationContainerReportForDataNodeSafeModeRule] INFO  safemode.SCMSafeModeManager (DataNodeSafeModeRule.java:process(71)) - SCM in safe mode. 1 DataNodes registered, 3 required.
2022-07-02 07:19:47,569 [EventQueue-NodeRegistrationContainerReportForContainerSafeModeRule] INFO  safemode.SCMSafeModeManager (SCMSafeModeManager.java:validateSafeModeExitRules(204)) - ContainerSafeModeRule rule is successfully validated
2022-07-02 07:19:47,573 [EventQueue-PipelineReportForOneReplicaPipelineSafeModeRule] INFO  safemode.SCMSafeModeManager (SCMSafeModeManager.java:validateSafeModeExitRules(204)) - AtleastOneDatanodeReportedRule rule is successfully validated
2022-07-02 07:19:47,584 [RatisPipelineUtilsThread - 0] INFO  pipeline.PipelineStateManagerImpl (PipelineStateManagerImpl.java:addPipeline(101)) - Created pipeline Pipeline[ Id: cbe21a2d-4d5b-440e-b0a1-b37e82176a7f, Nodes: da23fa89-fa7d-4455-a39d-25ada925c5c4{ip: 10.1.0.20, host: fv-az444-838.dthhdds2jluu1c0oa55ndv1hsg.dx.internal.cloudapp.net, ports: [REPLICATION=44721, RATIS=43027, RATIS_ADMIN=43027, RATIS_SERVER=43027, STANDALONE=42523], networkLocation: /default-rack, certSerialId: null, persistedOpState: IN_SERVICE, persistedOpStateExpiryEpochSec: 0}, ReplicationConfig: RATIS/ONE, State:ALLOCATED, leaderId:, CreationTimestamp2022-07-02T07:19:47.564Z[Etc/UTC]].
2022-07-02 07:19:48,040 [IPC Server handler 1 on default port 39811] INFO  net.NetworkTopologyImpl (NetworkTopologyImpl.java:add(112)) - Added a new node: /default-rack/86df6d00-7043-4e9f-8d75-9ddb09551a86
2022-07-02 07:19:48,040 [IPC Server handler 1 on default port 39811] INFO  node.SCMNodeManager (SCMNodeManager.java:register(397)) - Registered Data node : 86df6d00-7043-4e9f-8d75-9ddb09551a86{ip: 10.1.0.20, host: fv-az444-838.dthhdds2jluu1c0oa55ndv1hsg.dx.internal.cloudapp.net, ports: [REPLICATION=33381, RATIS=35185, RATIS_ADMIN=35185, RATIS_SERVER=35185, STANDALONE=46517], networkLocation: /default-rack, certSerialId: null, persistedOpState: null, persistedOpStateExpiryEpochSec: 0}
2022-07-02 07:19:48,041 [EventQueue-NewNodeForNewNodeHandler] INFO  pipeline.BackgroundPipelineCreator (BackgroundPipelineCreator.java:notifyEventTriggered(275)) - trigger a one-shot run on RatisPipelineUtilsThread.
2022-07-02 07:19:48,042 [EventQueue-NodeRegistrationContainerReportForDataNodeSafeModeRule] INFO  safemode.SCMSafeModeManager (DataNodeSafeModeRule.java:process(71)) - SCM in safe mode. 2 DataNodes registered, 3 required.
2022-07-02 07:19:48,043 [RatisPipelineUtilsThread - 0] INFO  pipeline.RatisPipelineProvider (RatisPipelineProvider.java:lambda$create$0(195)) - Sending CreatePipelineCommand for pipeline:PipelineID=f95c2d84-5e29-4588-a680-e9a97802e129 to datanode:86df6d00-7043-4e9f-8d75-9ddb09551a86
2022-07-02 07:19:48,044 [RatisPipelineUtilsThread - 0] INFO  pipeline.PipelineStateManagerImpl (PipelineStateManagerImpl.java:addPipeline(101)) - Created pipeline Pipeline[ Id: f95c2d84-5e29-4588-a680-e9a97802e129, Nodes: 86df6d00-7043-4e9f-8d75-9ddb09551a86{ip: 10.1.0.20, host: fv-az444-838.dthhdds2jluu1c0oa55ndv1hsg.dx.internal.cloudapp.net, ports: [REPLICATION=33381, RATIS=35185, RATIS_ADMIN=35185, RATIS_SERVER=35185, STANDALONE=46517], networkLocation: /default-rack, certSerialId: null, persistedOpState: IN_SERVICE, persistedOpStateExpiryEpochSec: 0}, ReplicationConfig: RATIS/ONE, State:ALLOCATED, leaderId:, CreationTimestamp2022-07-02T07:19:48.043Z[Etc/UTC]].
2022-07-02 07:19:48,135 [Listener at 127.0.0.1/41977] INFO  ozone.MiniOzoneClusterImpl (MiniOzoneClusterImpl.java:lambda$waitForClusterToBeReady$0(223)) - Waiting for nodes to be ready. Got 2 of 5 DN Heartbeats.
2022-07-02 07:19:48,135 [Listener at 127.0.0.1/41977] INFO  ozone.MiniOzoneClusterImpl (MiniOzoneClusterImpl.java:lambda$waitForClusterToBeReady$0(226)) - Waiting for cluster to exit safe mode
2022-07-02 07:19:48,135 [Listener at 127.0.0.1/41977] INFO  ozone.MiniOzoneClusterImpl (MiniOzoneClusterImpl.java:lambda$waitForClusterToBeReady$0(228)) - SCM became leader
2022-07-02 07:19:48,430 [IPC Server handler 2 on default port 39811] INFO  net.NetworkTopologyImpl (NetworkTopologyImpl.java:add(112)) - Added a new node: /default-rack/419d88b6-03c8-4180-a8b8-c3be8294e19d
2022-07-02 07:19:48,431 [IPC Server handler 2 on default port 39811] INFO  node.SCMNodeManager (SCMNodeManager.java:register(397)) - Registered Data node : 419d88b6-03c8-4180-a8b8-c3be8294e19d{ip: 10.1.0.20, host: fv-az444-838.dthhdds2jluu1c0oa55ndv1hsg.dx.internal.cloudapp.net, ports: [REPLICATION=40195, RATIS=37557, RATIS_ADMIN=37557, RATIS_SERVER=37557, STANDALONE=33565], networkLocation: /default-rack, certSerialId: null, persistedOpState: null, persistedOpStateExpiryEpochSec: 0}
2022-07-02 07:19:48,431 [EventQueue-NewNodeForNewNodeHandler] INFO  pipeline.BackgroundPipelineCreator (BackgroundPipelineCreator.java:notifyEventTriggered(275)) - trigger a one-shot run on RatisPipelineUtilsThread.
2022-07-02 07:19:48,432 [EventQueue-NodeRegistrationContainerReportForDataNodeSafeModeRule] INFO  safemode.SCMSafeModeManager (DataNodeSafeModeRule.java:process(71)) - SCM in safe mode. 3 DataNodes registered, 3 required.
2022-07-02 07:19:48,432 [EventQueue-NodeRegistrationContainerReportForDataNodeSafeModeRule] INFO  safemode.SCMSafeModeManager (SCMSafeModeManager.java:validateSafeModeExitRules(204)) - DataNodeSafeModeRule rule is successfully validated
2022-07-02 07:19:48,432 [EventQueue-NodeRegistrationContainerReportForDataNodeSafeModeRule] INFO  safemode.SCMSafeModeManager (SCMSafeModeManager.java:completePreCheck(233)) - All SCM safe mode pre check rules have passed
2022-07-02 07:19:48,432 [EventQueue-NodeRegistrationContainerReportForDataNodeSafeModeRule] WARN  events.EventQueue (EventQueue.java:fireEvent(216)) - No event handler registered for event TypedEvent{payloadType=SafeModeStatus, name='Safe mode status'}
2022-07-02 07:19:48,432 [EventQueue-NodeRegistrationContainerReportForDataNodeSafeModeRule] INFO  ha.SCMContext (SCMContext.java:updateSafeModeStatus(228)) - Update SafeModeStatus from SafeModeStatus{safeModeStatus=true, preCheckPassed=false} to SafeModeStatus{safeModeStatus=true, preCheckPassed=true}.
2022-07-02 07:19:48,432 [EventQueue-NodeRegistrationContainerReportForDataNodeSafeModeRule] INFO  pipeline.BackgroundPipelineCreator (BackgroundPipelineCreator.java:notifyEventTriggered(275)) - trigger a one-shot run on RatisPipelineUtilsThread.
2022-07-02 07:19:48,433 [RatisPipelineUtilsThread - 0] INFO  pipeline.RatisPipelineProvider (RatisPipelineProvider.java:lambda$create$0(195)) - Sending CreatePipelineCommand for pipeline:PipelineID=4638f997-f1d2-4d28-9180-5c3027f50fe1 to datanode:419d88b6-03c8-4180-a8b8-c3be8294e19d
2022-07-02 07:19:48,433 [RatisPipelineUtilsThread - 0] INFO  pipeline.PipelineStateManagerImpl (PipelineStateManagerImpl.java:addPipeline(101)) - Created pipeline Pipeline[ Id: 4638f997-f1d2-4d28-9180-5c3027f50fe1, Nodes: 419d88b6-03c8-4180-a8b8-c3be8294e19d{ip: 10.1.0.20, host: fv-az444-838.dthhdds2jluu1c0oa55ndv1hsg.dx.internal.cloudapp.net, ports: [REPLICATION=40195, RATIS=37557, RATIS_ADMIN=37557, RATIS_SERVER=37557, STANDALONE=33565], networkLocation: /default-rack, certSerialId: null, persistedOpState: IN_SERVICE, persistedOpStateExpiryEpochSec: 0}, ReplicationConfig: RATIS/ONE, State:ALLOCATED, leaderId:, CreationTimestamp2022-07-02T07:19:48.433Z[Etc/UTC]].
2022-07-02 07:19:48,437 [RatisPipelineUtilsThread - 0] INFO  pipeline.RatisPipelineProvider (RatisPipelineProvider.java:lambda$create$0(195)) - Sending CreatePipelineCommand for pipeline:PipelineID=7908fa83-2587-4ece-997b-2f30e3035a5c to datanode:419d88b6-03c8-4180-a8b8-c3be8294e19d
2022-07-02 07:19:48,437 [RatisPipelineUtilsThread - 0] INFO  pipeline.RatisPipelineProvider (RatisPipelineProvider.java:lambda$create$0(195)) - Sending CreatePipelineCommand for pipeline:PipelineID=7908fa83-2587-4ece-997b-2f30e3035a5c to datanode:da23fa89-fa7d-4455-a39d-25ada925c5c4
2022-07-02 07:19:48,438 [RatisPipelineUtilsThread - 0] INFO  pipeline.RatisPipelineProvider (RatisPipelineProvider.java:lambda$create$0(195)) - Sending CreatePipelineCommand for pipeline:PipelineID=7908fa83-2587-4ece-997b-2f30e3035a5c to datanode:86df6d00-7043-4e9f-8d75-9ddb09551a86
2022-07-02 07:19:48,439 [RatisPipelineUtilsThread - 0] INFO  pipeline.PipelineStateManagerImpl (PipelineStateManagerImpl.java:addPipeline(101)) - Created pipeline Pipeline[ Id: 7908fa83-2587-4ece-997b-2f30e3035a5c, Nodes: 419d88b6-03c8-4180-a8b8-c3be8294e19d{ip: 10.1.0.20, host: fv-az444-838.dthhdds2jluu1c0oa55ndv1hsg.dx.internal.cloudapp.net, ports: [REPLICATION=40195, RATIS=37557, RATIS_ADMIN=37557, RATIS_SERVER=37557, STANDALONE=33565], networkLocation: /default-rack, certSerialId: null, persistedOpState: IN_SERVICE, persistedOpStateExpiryEpochSec: 0}da23fa89-fa7d-4455-a39d-25ada925c5c4{ip: 10.1.0.20, host: fv-az444-838.dthhdds2jluu1c0oa55ndv1hsg.dx.internal.cloudapp.net, ports: [REPLICATION=44721, RATIS=43027, RATIS_ADMIN=43027, RATIS_SERVER=43027, STANDALONE=42523], networkLocation: /default-rack, certSerialId: null, persistedOpState: IN_SERVICE, persistedOpStateExpiryEpochSec: 0}86df6d00-7043-4e9f-8d75-9ddb09551a86{ip: 10.1.0.20, host: fv-az444-838.dthhdds2jluu1c0oa55ndv1hsg.dx.internal.cloudapp.net, ports: [REPLICATION=33381, RATIS=35185, RATIS_ADMIN=35185, RATIS_SERVER=35185, STANDALONE=46517], networkLocation: /default-rack, certSerialId: null, persistedOpState: IN_SERVICE, persistedOpStateExpiryEpochSec: 0}, ReplicationConfig: RATIS/THREE, State:ALLOCATED, leaderId:, CreationTimestamp2022-07-02T07:19:48.437Z[Etc/UTC]].
2022-07-02 07:19:48,440 [RatisPipelineUtilsThread - 0] INFO  pipeline.RatisPipelineProvider (RatisPipelineProvider.java:lambda$create$0(195)) - Sending CreatePipelineCommand for pipeline:PipelineID=b2f6f3fc-880e-4014-b867-f47ce1271f7e to datanode:86df6d00-7043-4e9f-8d75-9ddb09551a86
2022-07-02 07:19:48,440 [RatisPipelineUtilsThread - 0] INFO  pipeline.RatisPipelineProvider (RatisPipelineProvider.java:lambda$create$0(195)) - Sending CreatePipelineCommand for pipeline:PipelineID=b2f6f3fc-880e-4014-b867-f47ce1271f7e to datanode:419d88b6-03c8-4180-a8b8-c3be8294e19d
2022-07-02 07:19:48,440 [RatisPipelineUtilsThread - 0] INFO  pipeline.RatisPipelineProvider (RatisPipelineProvider.java:lambda$create$0(195)) - Sending CreatePipelineCommand for pipeline:PipelineID=b2f6f3fc-880e-4014-b867-f47ce1271f7e to datanode:da23fa89-fa7d-4455-a39d-25ada925c5c4
2022-07-02 07:19:48,441 [RatisPipelineUtilsThread - 0] INFO  pipeline.PipelineStateManagerImpl (PipelineStateManagerImpl.java:addPipeline(101)) - Created pipeline Pipeline[ Id: b2f6f3fc-880e-4014-b867-f47ce1271f7e, Nodes: 86df6d00-7043-4e9f-8d75-9ddb09551a86{ip: 10.1.0.20, host: fv-az444-838.dthhdds2jluu1c0oa55ndv1hsg.dx.internal.cloudapp.net, ports: [REPLICATION=33381, RATIS=35185, RATIS_ADMIN=35185, RATIS_SERVER=35185, STANDALONE=46517], networkLocation: /default-rack, certSerialId: null, persistedOpState: IN_SERVICE, persistedOpStateExpiryEpochSec: 0}419d88b6-03c8-4180-a8b8-c3be8294e19d{ip: 10.1.0.20, host: fv-az444-838.dthhdds2jluu1c0oa55ndv1hsg.dx.internal.cloudapp.net, ports: [REPLICATION=40195, RATIS=37557, RATIS_ADMIN=37557, RATIS_SERVER=37557, STANDALONE=33565], networkLocation: /default-rack, certSerialId: null, persistedOpState: IN_SERVICE, persistedOpStateExpiryEpochSec: 0}da23fa89-fa7d-4455-a39d-25ada925c5c4{ip: 10.1.0.20, host: fv-az444-838.dthhdds2jluu1c0oa55ndv1hsg.dx.internal.cloudapp.net, ports: [REPLICATION=44721, RATIS=43027, RATIS_ADMIN=43027, RATIS_SERVER=43027, STANDALONE=42523], networkLocation: /default-rack, certSerialId: null, persistedOpState: IN_SERVICE, persistedOpStateExpiryEpochSec: 0}, ReplicationConfig: RATIS/THREE, State:ALLOCATED, leaderId:, CreationTimestamp2022-07-02T07:19:48.440Z[Etc/UTC]].
2022-07-02 07:19:48,441 [RatisPipelineUtilsThread - 0] INFO  pipeline.PipelineManagerImpl (PipelineManagerImpl.java:recordMetricsForPipeline(780)) - Pipeline: PipelineID=b2f6f3fc-880e-4014-b867-f47ce1271f7e contains same datanodes as previous pipelines: PipelineID=7908fa83-2587-4ece-997b-2f30e3035a5c nodeIds: 86df6d00-7043-4e9f-8d75-9ddb09551a86, 419d88b6-03c8-4180-a8b8-c3be8294e19d, da23fa89-fa7d-4455-a39d-25ada925c5c4
2022-07-02 07:19:48,800 [IPC Server handler 0 on default port 39811] INFO  net.NetworkTopologyImpl (NetworkTopologyImpl.java:add(112)) - Added a new node: /default-rack/dc0e6785-2ef3-43a4-ac1a-d32fe23dc755
2022-07-02 07:19:48,801 [IPC Server handler 0 on default port 39811] INFO  node.SCMNodeManager (SCMNodeManager.java:register(397)) - Registered Data node : dc0e6785-2ef3-43a4-ac1a-d32fe23dc755{ip: 10.1.0.20, host: fv-az444-838.dthhdds2jluu1c0oa55ndv1hsg.dx.internal.cloudapp.net, ports: [REPLICATION=41063, RATIS=39655, RATIS_ADMIN=39655, RATIS_SERVER=39655, STANDALONE=41315], networkLocation: /default-rack, certSerialId: null, persistedOpState: null, persistedOpStateExpiryEpochSec: 0}
2022-07-02 07:19:48,801 [EventQueue-NewNodeForNewNodeHandler] INFO  pipeline.BackgroundPipelineCreator (BackgroundPipelineCreator.java:notifyEventTriggered(275)) - trigger a one-shot run on RatisPipelineUtilsThread.
2022-07-02 07:19:48,802 [RatisPipelineUtilsThread - 0] INFO  pipeline.RatisPipelineProvider (RatisPipelineProvider.java:lambda$create$0(195)) - Sending CreatePipelineCommand for pipeline:PipelineID=373fe736-41ed-4a13-b14c-d550e8cd3650 to datanode:dc0e6785-2ef3-43a4-ac1a-d32fe23dc755
2022-07-02 07:19:48,804 [RatisPipelineUtilsThread - 0] INFO  pipeline.PipelineStateManagerImpl (PipelineStateManagerImpl.java:addPipeline(101)) - Created pipeline Pipeline[ Id: 373fe736-41ed-4a13-b14c-d550e8cd3650, Nodes: dc0e6785-2ef3-43a4-ac1a-d32fe23dc755{ip: 10.1.0.20, host: fv-az444-838.dthhdds2jluu1c0oa55ndv1hsg.dx.internal.cloudapp.net, ports: [REPLICATION=41063, RATIS=39655, RATIS_ADMIN=39655, RATIS_SERVER=39655, STANDALONE=41315], networkLocation: /default-rack, certSerialId: null, persistedOpState: IN_SERVICE, persistedOpStateExpiryEpochSec: 0}, ReplicationConfig: RATIS/ONE, State:ALLOCATED, leaderId:, CreationTimestamp2022-07-02T07:19:48.802Z[Etc/UTC]].
2022-07-02 07:19:49,135 [Listener at 127.0.0.1/41977] INFO  ozone.MiniOzoneClusterImpl (MiniOzoneClusterImpl.java:lambda$waitForClusterToBeReady$0(223)) - Waiting for nodes to be ready. Got 4 of 5 DN Heartbeats.
2022-07-02 07:19:49,135 [Listener at 127.0.0.1/41977] INFO  ozone.MiniOzoneClusterImpl (MiniOzoneClusterImpl.java:lambda$waitForClusterToBeReady$0(226)) - Waiting for cluster to exit safe mode
2022-07-02 07:19:49,136 [Listener at 127.0.0.1/41977] INFO  ozone.MiniOzoneClusterImpl (MiniOzoneClusterImpl.java:lambda$waitForClusterToBeReady$0(228)) - SCM became leader
2022-07-02 07:19:49,144 [IPC Server handler 2 on default port 39811] INFO  net.NetworkTopologyImpl (NetworkTopologyImpl.java:add(112)) - Added a new node: /default-rack/bb33d066-413c-4901-a976-4b69639dfedd
2022-07-02 07:19:49,145 [IPC Server handler 2 on default port 39811] INFO  node.SCMNodeManager (SCMNodeManager.java:register(397)) - Registered Data node : bb33d066-413c-4901-a976-4b69639dfedd{ip: 10.1.0.20, host: fv-az444-838.dthhdds2jluu1c0oa55ndv1hsg.dx.internal.cloudapp.net, ports: [REPLICATION=45107, RATIS=44635, RATIS_ADMIN=44635, RATIS_SERVER=44635, STANDALONE=43467], networkLocation: /default-rack, certSerialId: null, persistedOpState: null, persistedOpStateExpiryEpochSec: 0}
2022-07-02 07:19:49,145 [EventQueue-NewNodeForNewNodeHandler] INFO  pipeline.BackgroundPipelineCreator (BackgroundPipelineCreator.java:notifyEventTriggered(275)) - trigger a one-shot run on RatisPipelineUtilsThread.
2022-07-02 07:19:49,146 [RatisPipelineUtilsThread - 0] INFO  pipeline.RatisPipelineProvider (RatisPipelineProvider.java:lambda$create$0(195)) - Sending CreatePipelineCommand for pipeline:PipelineID=a4dd0130-febf-4ad2-8cc9-70f0f0070a71 to datanode:bb33d066-413c-4901-a976-4b69639dfedd
2022-07-02 07:19:49,147 [RatisPipelineUtilsThread - 0] INFO  pipeline.PipelineStateManagerImpl (PipelineStateManagerImpl.java:addPipeline(101)) - Created pipeline Pipeline[ Id: a4dd0130-febf-4ad2-8cc9-70f0f0070a71, Nodes: bb33d066-413c-4901-a976-4b69639dfedd{ip: 10.1.0.20, host: fv-az444-838.dthhdds2jluu1c0oa55ndv1hsg.dx.internal.cloudapp.net, ports: [REPLICATION=45107, RATIS=44635, RATIS_ADMIN=44635, RATIS_SERVER=44635, STANDALONE=43467], networkLocation: /default-rack, certSerialId: null, persistedOpState: IN_SERVICE, persistedOpStateExpiryEpochSec: 0}, ReplicationConfig: RATIS/ONE, State:ALLOCATED, leaderId:, CreationTimestamp2022-07-02T07:19:49.146Z[Etc/UTC]].
2022-07-02 07:19:50,136 [Listener at 127.0.0.1/41977] INFO  ozone.MiniOzoneClusterImpl (MiniOzoneClusterImpl.java:lambda$waitForClusterToBeReady$0(223)) - Nodes are ready. Got 5 of 5 DN Heartbeats.
2022-07-02 07:19:50,136 [Listener at 127.0.0.1/41977] INFO  ozone.MiniOzoneClusterImpl (MiniOzoneClusterImpl.java:lambda$waitForClusterToBeReady$0(226)) - Waiting for cluster to exit safe mode
2022-07-02 07:19:50,137 [Listener at 127.0.0.1/41977] INFO  ozone.MiniOzoneClusterImpl (MiniOzoneClusterImpl.java:lambda$waitForClusterToBeReady$0(228)) - SCM became leader
2022-07-02 07:19:50,541 [Command processor thread] INFO  server.RaftServer (RaftServerProxy.java:addNew(96)) - da23fa89-fa7d-4455-a39d-25ada925c5c4: addNew group-B37E82176A7F:[da23fa89-fa7d-4455-a39d-25ada925c5c4|rpc:10.1.0.20:43027|priority:1] returns group-B37E82176A7F:java.util.concurrent.CompletableFuture@eb62a4b[Not completed]
2022-07-02 07:19:50,558 [pool-73-thread-1] INFO  server.RaftServer$Division (RaftServerImpl.java:<init>(190)) - da23fa89-fa7d-4455-a39d-25ada925c5c4: new RaftServerImpl for group-B37E82176A7F:[da23fa89-fa7d-4455-a39d-25ada925c5c4|rpc:10.1.0.20:43027|priority:1] with ContainerStateMachine:uninitialized
2022-07-02 07:19:50,558 [pool-73-thread-1] INFO  server.RaftServerConfigKeys (ConfUtils.java:logGet(46)) - raft.server.rpc.timeout.min = 5s (custom)
2022-07-02 07:19:50,558 [pool-73-thread-1] INFO  server.RaftServerConfigKeys (ConfUtils.java:logGet(46)) - raft.server.rpc.timeout.max = 5200ms (custom)
2022-07-02 07:19:50,558 [pool-73-thread-1] INFO  server.RaftServerConfigKeys (ConfUtils.java:logGet(46)) - raft.server.rpc.sleep.time = 25ms (default)
2022-07-02 07:19:50,558 [pool-73-thread-1] INFO  server.RaftServerConfigKeys (ConfUtils.java:logGet(46)) - raft.server.rpc.slowness.timeout = 300s (custom)
2022-07-02 07:19:50,558 [pool-73-thread-1] INFO  server.RaftServerConfigKeys (ConfUtils.java:logGet(46)) - raft.server.leaderelection.leader.step-down.wait-time = 10s (default)
2022-07-02 07:19:50,558 [pool-73-thread-1] INFO  server.RaftServerConfigKeys (ConfUtils.java:logGet(46)) - raft.server.sleep.deviation.threshold = 300ms (default)
2022-07-02 07:19:50,558 [pool-73-thread-1] INFO  server.RaftServer$Division (ServerState.java:<init>(107)) - da23fa89-fa7d-4455-a39d-25ada925c5c4@group-B37E82176A7F: ConfigurationManager, init=-1: [da23fa89-fa7d-4455-a39d-25ada925c5c4|rpc:10.1.0.20:43027|priority:1], old=null, confs=<EMPTY_MAP>
2022-07-02 07:19:50,558 [pool-73-thread-1] INFO  server.RaftServerConfigKeys (ConfUtils.java:logGet(46)) - raft.server.storage.dir = [/home/runner/work/ozone/ozone/hadoop-ozone/integration-test/target/test-dir/MiniOzoneClusterImpl-2384df39-2793-4e2f-8252-b182c7f166b5/datanode-0/data/ratis] (custom)
2022-07-02 07:19:50,558 [pool-73-thread-1] INFO  server.RaftServerConfigKeys (ConfUtils.java:logGet(46)) - raft.server.log.corruption.policy = EXCEPTION (default)
2022-07-02 07:19:50,559 [pool-73-thread-1] INFO  server.RaftServerConfigKeys (ConfUtils.java:logGet(46)) - raft.server.storage.free-space.min = 0MB (=0) (default)
2022-07-02 07:19:50,559 [pool-73-thread-1] INFO  storage.RaftStorageDirectory (RaftStorageDirectoryImpl.java:analyzeStorage(135)) - The storage directory /home/runner/work/ozone/ozone/hadoop-ozone/integration-test/target/test-dir/MiniOzoneClusterImpl-2384df39-2793-4e2f-8252-b182c7f166b5/datanode-0/data/ratis/cbe21a2d-4d5b-440e-b0a1-b37e82176a7f does not exist. Creating ...
2022-07-02 07:19:50,561 [pool-73-thread-1] INFO  storage.RaftStorageDirectory (RaftStorageDirectoryImpl.java:tryLock(230)) - Lock on /home/runner/work/ozone/ozone/hadoop-ozone/integration-test/target/test-dir/MiniOzoneClusterImpl-2384df39-2793-4e2f-8252-b182c7f166b5/datanode-0/data/ratis/cbe21a2d-4d5b-440e-b0a1-b37e82176a7f/in_use.lock acquired by nodename 16391@fv-az444-838
2022-07-02 07:19:50,567 [pool-73-thread-1] INFO  storage.RaftStorage (RaftStorageImpl.java:format(89)) - Storage directory /home/runner/work/ozone/ozone/hadoop-ozone/integration-test/target/test-dir/MiniOzoneClusterImpl-2384df39-2793-4e2f-8252-b182c7f166b5/datanode-0/data/ratis/cbe21a2d-4d5b-440e-b0a1-b37e82176a7f has been successfully formatted.
2022-07-02 07:19:50,573 [pool-73-thread-1] INFO  ratis.ContainerStateMachine (ContainerStateMachine.java:loadSnapshot(236)) - group-B37E82176A7F: The snapshot info is null. Setting the last applied indexto:(t:0, i:~)
2022-07-02 07:19:50,573 [pool-73-thread-1] INFO  server.RaftServerConfigKeys (ConfUtils.java:logGet(46)) - raft.server.notification.no-leader.timeout = 300s (custom)
2022-07-02 07:19:50,573 [pool-73-thread-1] INFO  server.RaftServerConfigKeys (ConfUtils.java:logGet(46)) - raft.server.log.use.memory = false (default)
2022-07-02 07:19:50,573 [pool-73-thread-1] INFO  server.RaftServerConfigKeys (ConfUtils.java:logGet(46)) - raft.server.log.purge.gap = 1000000 (custom)
2022-07-02 07:19:50,574 [pool-73-thread-1] INFO  server.RaftServerConfigKeys (ConfUtils.java:logGet(46)) - raft.server.log.appender.buffer.byte-limit = 33554432 (custom)
2022-07-02 07:19:50,574 [pool-73-thread-1] INFO  server.RaftServerConfigKeys (ConfUtils.java:logGet(46)) - raft.server.log.statemachine.data.read.timeout = 1000ms (default)
2022-07-02 07:19:50,574 [pool-73-thread-1] INFO  server.RaftServerConfigKeys (ConfUtils.java:logGet(46)) - raft.server.log.segment.size.max = 1048576 (custom)
2022-07-02 07:19:50,575 [pool-73-thread-1] INFO  server.RaftServerConfigKeys (ConfUtils.java:logGet(46)) - raft.server.log.segment.cache.num.max = 2 (custom)
2022-07-02 07:19:50,575 [pool-73-thread-1] INFO  server.RaftServerConfigKeys (ConfUtils.java:logGet(46)) - raft.server.log.segment.cache.size.max = 200MB (=209715200) (default)
2022-07-02 07:19:50,575 [pool-73-thread-1] INFO  segmented.SegmentedRaftLogWorker (SegmentedRaftLogWorker.java:<init>(187)) - new da23fa89-fa7d-4455-a39d-25ada925c5c4@group-B37E82176A7F-SegmentedRaftLogWorker for RaftStorageImpl:Storage Directory /home/runner/work/ozone/ozone/hadoop-ozone/integration-test/target/test-dir/MiniOzoneClusterImpl-2384df39-2793-4e2f-8252-b182c7f166b5/datanode-0/data/ratis/cbe21a2d-4d5b-440e-b0a1-b37e82176a7f
2022-07-02 07:19:50,575 [pool-73-thread-1] INFO  server.RaftServerConfigKeys (ConfUtils.java:logGet(46)) - raft.server.log.queue.byte-limit = 4294967296 (custom)
2022-07-02 07:19:50,575 [pool-73-thread-1] INFO  server.RaftServerConfigKeys (ConfUtils.java:logGet(46)) - raft.server.log.queue.element-limit = 1024 (custom)
2022-07-02 07:19:50,575 [pool-73-thread-1] INFO  server.RaftServerConfigKeys (ConfUtils.java:logGet(46)) - raft.server.log.segment.size.max = 1048576 (custom)
2022-07-02 07:19:50,575 [pool-73-thread-1] INFO  server.RaftServerConfigKeys (ConfUtils.java:logGet(46)) - raft.server.log.preallocated.size = 16384 (custom)
2022-07-02 07:19:50,575 [pool-73-thread-1] INFO  server.RaftServerConfigKeys (ConfUtils.java:logGet(46)) - raft.server.log.force.sync.num = 128 (default)
2022-07-02 07:19:50,575 [pool-73-thread-1] INFO  server.RaftServerConfigKeys (ConfUtils.java:logGet(46)) - raft.server.log.statemachine.data.sync = true (default)
2022-07-02 07:19:50,575 [pool-73-thread-1] INFO  server.RaftServerConfigKeys (ConfUtils.java:logGet(46)) - raft.server.log.statemachine.data.sync.timeout = 10s (default)
2022-07-02 07:19:50,575 [pool-73-thread-1] INFO  server.RaftServerConfigKeys (ConfUtils.java:logGet(46)) - raft.server.log.statemachine.data.sync.timeout.retry = -1 (default)
2022-07-02 07:19:50,577 [pool-73-thread-1] INFO  server.RaftServerConfigKeys (ConfUtils.java:logGet(46)) - raft.server.log.write.buffer.size = 1048576 (custom)
2022-07-02 07:19:50,577 [pool-73-thread-1] INFO  server.RaftServerConfigKeys (ConfUtils.java:logGet(46)) - raft.server.log.unsafe-flush.enabled = false (default)
2022-07-02 07:19:50,577 [pool-73-thread-1] INFO  server.RaftServerConfigKeys (ConfUtils.java:logGet(46)) - raft.server.log.statemachine.data.caching.enabled = true (custom)
2022-07-02 07:19:50,578 [pool-73-thread-1] INFO  segmented.SegmentedRaftLogWorker (SegmentedRaftLogWorker.java:lambda$new$0(135)) - da23fa89-fa7d-4455-a39d-25ada925c5c4@group-B37E82176A7F-SegmentedRaftLogWorker: flushIndex: setUnconditionally 0 -> -1
2022-07-02 07:19:50,578 [pool-73-thread-1] INFO  segmented.SegmentedRaftLogWorker (SegmentedRaftLogWorker.java:lambda$new$0(135)) - da23fa89-fa7d-4455-a39d-25ada925c5c4@group-B37E82176A7F-SegmentedRaftLogWorker: safeCacheEvictIndex: setUnconditionally 0 -> -1
2022-07-02 07:19:50,592 [pool-73-thread-1] INFO  server.RaftServerConfigKeys (ConfUtils.java:logGet(46)) - raft.server.snapshot.auto.trigger.enabled = true (custom)
2022-07-02 07:19:50,592 [pool-73-thread-1] INFO  server.RaftServerConfigKeys (ConfUtils.java:logGet(46)) - raft.server.snapshot.auto.trigger.threshold = 10000 (custom)
2022-07-02 07:19:50,592 [pool-73-thread-1] INFO  server.RaftServerConfigKeys (ConfUtils.java:logGet(46)) - raft.server.snapshot.retention.file.num = 5 (custom)
2022-07-02 07:19:50,592 [pool-73-thread-1] INFO  server.RaftServerConfigKeys (ConfUtils.java:logGet(46)) - raft.server.log.purge.upto.snapshot.index = false (default)
2022-07-02 07:19:50,592 [pool-73-thread-1] INFO  server.RaftServerConfigKeys (ConfUtils.java:logGet(46)) - raft.server.retrycache.expirytime = 600000ms (custom)
2022-07-02 07:19:50,592 [pool-73-thread-1] INFO  server.RaftServerConfigKeys (ConfUtils.java:logGet(46)) - raft.server.retrycache.statistics.expirytime = 100μs (default)
2022-07-02 07:19:50,595 [pool-73-thread-1] INFO  server.RaftServerConfigKeys (ConfUtils.java:logGet(46)) - raft.server.log.appender.install.snapshot.enabled = false (custom)
2022-07-02 07:19:50,595 [pool-73-thread-1] INFO  server.RaftServerConfigKeys (ConfUtils.java:logGet(46)) - raft.server.threadpool.server.cached = true (default)
2022-07-02 07:19:50,595 [pool-73-thread-1] INFO  server.RaftServerConfigKeys (ConfUtils.java:logGet(46)) - raft.server.threadpool.server.size = 0 (default)
2022-07-02 07:19:50,595 [pool-73-thread-1] INFO  server.RaftServerConfigKeys (ConfUtils.java:logGet(46)) - raft.server.threadpool.client.cached = true (default)
2022-07-02 07:19:50,595 [pool-73-thread-1] INFO  server.RaftServerConfigKeys (ConfUtils.java:logGet(46)) - raft.server.threadpool.client.size = 0 (default)
2022-07-02 07:19:50,595 [pool-73-thread-1] INFO  server.RaftServer$Division (RaftServerImpl.java:start(310)) - da23fa89-fa7d-4455-a39d-25ada925c5c4@group-B37E82176A7F: start as a follower, conf=-1: [da23fa89-fa7d-4455-a39d-25ada925c5c4|rpc:10.1.0.20:43027|priority:1], old=null
2022-07-02 07:19:50,595 [pool-73-thread-1] INFO  server.RaftServer$Division (RaftServerImpl.java:setRole(299)) - da23fa89-fa7d-4455-a39d-25ada925c5c4@group-B37E82176A7F: changes role from      null to FOLLOWER at term 0 for startAsFollower
2022-07-02 07:19:50,595 [pool-73-thread-1] INFO  impl.RoleInfo (RoleInfo.java:updateAndGet(139)) - da23fa89-fa7d-4455-a39d-25ada925c5c4: start da23fa89-fa7d-4455-a39d-25ada925c5c4@group-B37E82176A7F-FollowerState
2022-07-02 07:19:50,600 [pool-73-thread-1] INFO  util.JmxRegister (JmxRegister.java:tryRegister(44)) - Successfully registered JMX Bean with object name Ratis:service=RaftServer,group=group-B37E82176A7F,id=da23fa89-fa7d-4455-a39d-25ada925c5c4
2022-07-02 07:19:50,627 [Command processor thread] INFO  ratis.XceiverServerRatis (XceiverServerRatis.java:addGroup(765)) - Created group PipelineID=cbe21a2d-4d5b-440e-b0a1-b37e82176a7f
2022-07-02 07:19:50,627 [Command processor thread] INFO  commandhandler.CreatePipelineCommandHandler (CreatePipelineCommandHandler.java:handle(113)) - Created Pipeline RATIS ONE PipelineID=cbe21a2d-4d5b-440e-b0a1-b37e82176a7f.
2022-07-02 07:19:50,628 [Command processor thread] INFO  server.RaftServer (RaftServerProxy.java:addNew(96)) - da23fa89-fa7d-4455-a39d-25ada925c5c4: addNew group-2F30E3035A5C:[da23fa89-fa7d-4455-a39d-25ada925c5c4|rpc:10.1.0.20:43027|priority:1, 419d88b6-03c8-4180-a8b8-c3be8294e19d|rpc:10.1.0.20:37557|priority:0, 86df6d00-7043-4e9f-8d75-9ddb09551a86|rpc:10.1.0.20:35185|priority:0] returns group-2F30E3035A5C:java.util.concurrent.CompletableFuture@5c3626c7[Not completed]
2022-07-02 07:19:50,630 [EventQueue-PipelineReportForPipelineReportHandler] INFO  pipeline.PipelineManagerImpl (PipelineManagerImpl.java:openPipeline(358)) - Pipeline Pipeline[ Id: cbe21a2d-4d5b-440e-b0a1-b37e82176a7f, Nodes: da23fa89-fa7d-4455-a39d-25ada925c5c4{ip: 10.1.0.20, host: fv-az444-838.dthhdds2jluu1c0oa55ndv1hsg.dx.internal.cloudapp.net, ports: [REPLICATION=44721, RATIS=43027, RATIS_ADMIN=43027, RATIS_SERVER=43027, STANDALONE=42523], networkLocation: /default-rack, certSerialId: null, persistedOpState: IN_SERVICE, persistedOpStateExpiryEpochSec: 0}, ReplicationConfig: RATIS/ONE, State:ALLOCATED, leaderId:da23fa89-fa7d-4455-a39d-25ada925c5c4, CreationTimestamp2022-07-02T07:19:47.564Z[Etc/UTC]] moved to OPEN state
2022-07-02 07:19:50,633 [EventQueue-OpenPipelineForHealthyPipelineSafeModeRule] INFO  safemode.SCMSafeModeManager (HealthyPipelineSafeModeRule.java:process(124)) - SCM in safe mode. Healthy pipelines reported count is 0, required healthy pipeline reported count is 1
2022-07-02 07:19:50,634 [pool-73-thread-1] INFO  server.RaftServer$Division (RaftServerImpl.java:<init>(190)) - da23fa89-fa7d-4455-a39d-25ada925c5c4: new RaftServerImpl for group-2F30E3035A5C:[da23fa89-fa7d-4455-a39d-25ada925c5c4|rpc:10.1.0.20:43027|priority:1, 419d88b6-03c8-4180-a8b8-c3be8294e19d|rpc:10.1.0.20:37557|priority:0, 86df6d00-7043-4e9f-8d75-9ddb09551a86|rpc:10.1.0.20:35185|priority:0] with ContainerStateMachine:uninitialized
2022-07-02 07:19:50,635 [pool-73-thread-1] INFO  server.RaftServerConfigKeys (ConfUtils.java:logGet(46)) - raft.server.rpc.timeout.min = 5s (custom)
2022-07-02 07:19:50,635 [pool-73-thread-1] INFO  server.RaftServerConfigKeys (ConfUtils.java:logGet(46)) - raft.server.rpc.timeout.max = 5200ms (custom)
2022-07-02 07:19:50,635 [pool-73-thread-1] INFO  server.RaftServerConfigKeys (ConfUtils.java:logGet(46)) - raft.server.rpc.sleep.time = 25ms (default)
2022-07-02 07:19:50,635 [pool-73-thread-1] INFO  server.RaftServerConfigKeys (ConfUtils.java:logGet(46)) - raft.server.rpc.slowness.timeout = 300s (custom)
2022-07-02 07:19:50,635 [pool-73-thread-1] INFO  server.RaftServerConfigKeys (ConfUtils.java:logGet(46)) - raft.server.leaderelection.leader.step-down.wait-time = 10s (default)
2022-07-02 07:19:50,635 [pool-73-thread-1] INFO  server.RaftServerConfigKeys (ConfUtils.java:logGet(46)) - raft.server.sleep.deviation.threshold = 300ms (default)
2022-07-02 07:19:50,635 [pool-73-thread-1] INFO  server.RaftServer$Division (ServerState.java:<init>(107)) - da23fa89-fa7d-4455-a39d-25ada925c5c4@group-2F30E3035A5C: ConfigurationManager, init=-1: [da23fa89-fa7d-4455-a39d-25ada925c5c4|rpc:10.1.0.20:43027|priority:1, 419d88b6-03c8-4180-a8b8-c3be8294e19d|rpc:10.1.0.20:37557|priority:0, 86df6d00-7043-4e9f-8d75-9ddb09551a86|rpc:10.1.0.20:35185|priority:0], old=null, confs=<EMPTY_MAP>
2022-07-02 07:19:50,635 [pool-73-thread-1] INFO  server.RaftServerConfigKeys (ConfUtils.java:logGet(46)) - raft.server.storage.dir = [/home/runner/work/ozone/ozone/hadoop-ozone/integration-test/target/test-dir/MiniOzoneClusterImpl-2384df39-2793-4e2f-8252-b182c7f166b5/datanode-0/data/ratis] (custom)
2022-07-02 07:19:50,635 [pool-73-thread-1] INFO  server.RaftServerConfigKeys (ConfUtils.java:logGet(46)) - raft.server.log.corruption.policy = EXCEPTION (default)
2022-07-02 07:19:50,636 [pool-73-thread-1] INFO  server.RaftServerConfigKeys (ConfUtils.java:logGet(46)) - raft.server.storage.free-space.min = 0MB (=0) (default)
2022-07-02 07:19:50,636 [pool-73-thread-1] INFO  storage.RaftStorageDirectory (RaftStorageDirectoryImpl.java:analyzeStorage(135)) - The storage directory /home/runner/work/ozone/ozone/hadoop-ozone/integration-test/target/test-dir/MiniOzoneClusterImpl-2384df39-2793-4e2f-8252-b182c7f166b5/datanode-0/data/ratis/7908fa83-2587-4ece-997b-2f30e3035a5c does not exist. Creating ...
2022-07-02 07:19:50,637 [pool-73-thread-1] INFO  storage.RaftStorageDirectory (RaftStorageDirectoryImpl.java:tryLock(230)) - Lock on /home/runner/work/ozone/ozone/hadoop-ozone/integration-test/target/test-dir/MiniOzoneClusterImpl-2384df39-2793-4e2f-8252-b182c7f166b5/datanode-0/data/ratis/7908fa83-2587-4ece-997b-2f30e3035a5c/in_use.lock acquired by nodename 16391@fv-az444-838
2022-07-02 07:19:50,640 [pool-73-thread-1] INFO  storage.RaftStorage (RaftStorageImpl.java:format(89)) - Storage directory /home/runner/work/ozone/ozone/hadoop-ozone/integration-test/target/test-dir/MiniOzoneClusterImpl-2384df39-2793-4e2f-8252-b182c7f166b5/datanode-0/data/ratis/7908fa83-2587-4ece-997b-2f30e3035a5c has been successfully formatted.
2022-07-02 07:19:50,640 [pool-73-thread-1] INFO  ratis.ContainerStateMachine (ContainerStateMachine.java:loadSnapshot(236)) - group-2F30E3035A5C: The snapshot info is null. Setting the last applied indexto:(t:0, i:~)
2022-07-02 07:19:50,643 [EventQueue-OpenPipelineForHealthyPipelineSafeModeRule] INFO  safemode.SCMSafeModeManager (HealthyPipelineSafeModeRule.java:process(124)) - SCM in safe mode. Healthy pipelines reported count is 0, required healthy pipeline reported count is 1
2022-07-02 07:19:50,644 [pool-73-thread-1] INFO  server.RaftServerConfigKeys (ConfUtils.java:logGet(46)) - raft.server.notification.no-leader.timeout = 300s (custom)
2022-07-02 07:19:50,644 [pool-73-thread-1] INFO  server.RaftServerConfigKeys (ConfUtils.java:logGet(46)) - raft.server.log.use.memory = false (default)
2022-07-02 07:19:50,644 [pool-73-thread-1] INFO  server.RaftServerConfigKeys (ConfUtils.java:logGet(46)) - raft.server.log.purge.gap = 1000000 (custom)
2022-07-02 07:19:50,644 [pool-73-thread-1] INFO  server.RaftServerConfigKeys (ConfUtils.java:logGet(46)) - raft.server.log.appender.buffer.byte-limit = 33554432 (custom)
2022-07-02 07:19:50,644 [pool-73-thread-1] INFO  server.RaftServerConfigKeys (ConfUtils.java:logGet(46)) - raft.server.log.statemachine.data.read.timeout = 1000ms (default)
2022-07-02 07:19:50,645 [pool-73-thread-1] INFO  server.RaftServerConfigKeys (ConfUtils.java:logGet(46)) - raft.server.log.segment.size.max = 1048576 (custom)
2022-07-02 07:19:50,650 [pool-73-thread-1] INFO  server.RaftServerConfigKeys (ConfUtils.java:logGet(46)) - raft.server.log.segment.cache.num.max = 2 (custom)
2022-07-02 07:19:50,650 [pool-73-thread-1] INFO  server.RaftServerConfigKeys (ConfUtils.java:logGet(46)) - raft.server.log.segment.cache.size.max = 200MB (=209715200) (default)
2022-07-02 07:19:50,650 [pool-73-thread-1] INFO  segmented.SegmentedRaftLogWorker (SegmentedRaftLogWorker.java:<init>(187)) - new da23fa89-fa7d-4455-a39d-25ada925c5c4@group-2F30E3035A5C-SegmentedRaftLogWorker for RaftStorageImpl:Storage Directory /home/runner/work/ozone/ozone/hadoop-ozone/integration-test/target/test-dir/MiniOzoneClusterImpl-2384df39-2793-4e2f-8252-b182c7f166b5/datanode-0/data/ratis/7908fa83-2587-4ece-997b-2f30e3035a5c
2022-07-02 07:19:50,650 [pool-73-thread-1] INFO  server.RaftServerConfigKeys (ConfUtils.java:logGet(46)) - raft.server.log.queue.byte-limit = 4294967296 (custom)
2022-07-02 07:19:50,650 [pool-73-thread-1] INFO  server.RaftServerConfigKeys (ConfUtils.java:logGet(46)) - raft.server.log.queue.element-limit = 1024 (custom)
2022-07-02 07:19:50,650 [pool-73-thread-1] INFO  server.RaftServerConfigKeys (ConfUtils.java:logGet(46)) - raft.server.log.segment.size.max = 1048576 (custom)
2022-07-02 07:19:50,650 [pool-73-thread-1] INFO  server.RaftServerConfigKeys (ConfUtils.java:logGet(46)) - raft.server.log.preallocated.size = 16384 (custom)
2022-07-02 07:19:50,650 [pool-73-thread-1] INFO  server.RaftServerConfigKeys (ConfUtils.java:logGet(46)) - raft.server.log.force.sync.num = 128 (default)
2022-07-02 07:19:50,650 [pool-73-thread-1] INFO  server.RaftServerConfigKeys (ConfUtils.java:logGet(46)) - raft.server.log.statemachine.data.sync = true (default)
2022-07-02 07:19:50,650 [pool-73-thread-1] INFO  server.RaftServerConfigKeys (ConfUtils.java:logGet(46)) - raft.server.log.statemachine.data.sync.timeout = 10s (default)
2022-07-02 07:19:50,651 [pool-73-thread-1] INFO  server.RaftServerConfigKeys (ConfUtils.java:logGet(46)) - raft.server.log.statemachine.data.sync.timeout.retry = -1 (default)
2022-07-02 07:19:50,652 [pool-73-thread-1] INFO  server.RaftServerConfigKeys (ConfUtils.java:logGet(46)) - raft.server.log.write.buffer.size = 1048576 (custom)
2022-07-02 07:19:50,652 [pool-73-thread-1] INFO  server.RaftServerConfigKeys (ConfUtils.java:logGet(46)) - raft.server.log.unsafe-flush.enabled = false (default)
2022-07-02 07:19:50,653 [pool-73-thread-1] INFO  server.RaftServerConfigKeys (ConfUtils.java:logGet(46)) - raft.server.log.statemachine.data.caching.enabled = true (custom)
2022-07-02 07:19:50,653 [pool-73-thread-1] INFO  segmented.SegmentedRaftLogWorker (SegmentedRaftLogWorker.java:lambda$new$0(135)) - da23fa89-fa7d-4455-a39d-25ada925c5c4@group-2F30E3035A5C-SegmentedRaftLogWorker: flushIndex: setUnconditionally 0 -> -1
2022-07-02 07:19:50,653 [pool-73-thread-1] INFO  segmented.SegmentedRaftLogWorker (SegmentedRaftLogWorker.java:lambda$new$0(135)) - da23fa89-fa7d-4455-a39d-25ada925c5c4@group-2F30E3035A5C-SegmentedRaftLogWorker: safeCacheEvictIndex: setUnconditionally 0 -> -1
2022-07-02 07:19:50,656 [pool-73-thread-1] INFO  server.RaftServerConfigKeys (ConfUtils.java:logGet(46)) - raft.server.snapshot.auto.trigger.enabled = true (custom)
2022-07-02 07:19:50,656 [pool-73-thread-1] INFO  server.RaftServerConfigKeys (ConfUtils.java:logGet(46)) - raft.server.snapshot.auto.trigger.threshold = 10000 (custom)
2022-07-02 07:19:50,656 [pool-73-thread-1] INFO  server.RaftServerConfigKeys (ConfUtils.java:logGet(46)) - raft.server.snapshot.retention.file.num = 5 (custom)
2022-07-02 07:19:50,656 [pool-73-thread-1] INFO  server.RaftServerConfigKeys (ConfUtils.java:logGet(46)) - raft.server.log.purge.upto.snapshot.index = false (default)
2022-07-02 07:19:50,656 [pool-73-thread-1] INFO  server.RaftServerConfigKeys (ConfUtils.java:logGet(46)) - raft.server.retrycache.expirytime = 600000ms (custom)
2022-07-02 07:19:50,656 [pool-73-thread-1] INFO  server.RaftServerConfigKeys (ConfUtils.java:logGet(46)) - raft.server.retrycache.statistics.expirytime = 100μs (default)
2022-07-02 07:19:50,659 [pool-73-thread-1] INFO  server.RaftServerConfigKeys (ConfUtils.java:logGet(46)) - raft.server.log.appender.install.snapshot.enabled = false (custom)
2022-07-02 07:19:50,659 [pool-73-thread-1] INFO  server.RaftServerConfigKeys (ConfUtils.java:logGet(46)) - raft.server.threadpool.server.cached = true (default)
2022-07-02 07:19:50,659 [pool-73-thread-1] INFO  server.RaftServerConfigKeys (ConfUtils.java:logGet(46)) - raft.server.threadpool.server.size = 0 (default)
2022-07-02 07:19:50,659 [pool-73-thread-1] INFO  server.RaftServerConfigKeys (ConfUtils.java:logGet(46)) - raft.server.threadpool.client.cached = true (default)
2022-07-02 07:19:50,659 [pool-73-thread-1] INFO  server.RaftServerConfigKeys (ConfUtils.java:logGet(46)) - raft.server.threadpool.client.size = 0 (default)
2022-07-02 07:19:50,660 [pool-73-thread-1] INFO  server.RaftServer$Division (RaftServerImpl.java:start(310)) - da23fa89-fa7d-4455-a39d-25ada925c5c4@group-2F30E3035A5C: start as a follower, conf=-1: [da23fa89-fa7d-4455-a39d-25ada925c5c4|rpc:10.1.0.20:43027|priority:1, 419d88b6-03c8-4180-a8b8-c3be8294e19d|rpc:10.1.0.20:37557|priority:0, 86df6d00-7043-4e9f-8d75-9ddb09551a86|rpc:10.1.0.20:35185|priority:0], old=null
2022-07-02 07:19:50,660 [pool-73-thread-1] INFO  server.RaftServer$Division (RaftServerImpl.java:setRole(299)) - da23fa89-fa7d-4455-a39d-25ada925c5c4@group-2F30E3035A5C: changes role from      null to FOLLOWER at term 0 for startAsFollower
2022-07-02 07:19:50,660 [pool-73-thread-1] INFO  impl.RoleInfo (RoleInfo.java:updateAndGet(139)) - da23fa89-fa7d-4455-a39d-25ada925c5c4: start da23fa89-fa7d-4455-a39d-25ada925c5c4@group-2F30E3035A5C-FollowerState
2022-07-02 07:19:50,660 [pool-73-thread-1] INFO  util.JmxRegister (JmxRegister.java:tryRegister(44)) - Successfully registered JMX Bean with object name Ratis:service=RaftServer,group=group-2F30E3035A5C,id=da23fa89-fa7d-4455-a39d-25ada925c5c4
2022-07-02 07:19:50,661 [Command processor thread] INFO  ratis.XceiverServerRatis (XceiverServerRatis.java:addGroup(765)) - Created group PipelineID=7908fa83-2587-4ece-997b-2f30e3035a5c
2022-07-02 07:19:51,046 [Command processor thread] INFO  server.RaftServer (RaftServerProxy.java:addNew(96)) - 86df6d00-7043-4e9f-8d75-9ddb09551a86: addNew group-E9A97802E129:[86df6d00-7043-4e9f-8d75-9ddb09551a86|rpc:10.1.0.20:35185|priority:1] returns group-E9A97802E129:java.util.concurrent.CompletableFuture@30030453[Not completed]
2022-07-02 07:19:51,048 [pool-96-thread-1] INFO  server.RaftServer$Division (RaftServerImpl.java:<init>(190)) - 86df6d00-7043-4e9f-8d75-9ddb09551a86: new RaftServerImpl for group-E9A97802E129:[86df6d00-7043-4e9f-8d75-9ddb09551a86|rpc:10.1.0.20:35185|priority:1] with ContainerStateMachine:uninitialized
2022-07-02 07:19:51,048 [pool-96-thread-1] INFO  server.RaftServerConfigKeys (ConfUtils.java:logGet(46)) - raft.server.rpc.timeout.min = 5s (custom)
2022-07-02 07:19:51,048 [pool-96-thread-1] INFO  server.RaftServerConfigKeys (ConfUtils.java:logGet(46)) - raft.server.rpc.timeout.max = 5200ms (custom)
2022-07-02 07:19:51,048 [pool-96-thread-1] INFO  server.RaftServerConfigKeys (ConfUtils.java:logGet(46)) - raft.server.rpc.sleep.time = 25ms (default)
2022-07-02 07:19:51,048 [pool-96-thread-1] INFO  server.RaftServerConfigKeys (ConfUtils.java:logGet(46)) - raft.server.rpc.slowness.timeout = 300s (custom)
2022-07-02 07:19:51,048 [pool-96-thread-1] INFO  server.RaftServerConfigKeys (ConfUtils.java:logGet(46)) - raft.server.leaderelection.leader.step-down.wait-time = 10s (default)
2022-07-02 07:19:51,048 [pool-96-thread-1] INFO  server.RaftServerConfigKeys (ConfUtils.java:logGet(46)) - raft.server.sleep.deviation.threshold = 300ms (default)
2022-07-02 07:19:51,048 [pool-96-thread-1] INFO  server.RaftServer$Division (ServerState.java:<init>(107)) - 86df6d00-7043-4e9f-8d75-9ddb09551a86@group-E9A97802E129: ConfigurationManager, init=-1: [86df6d00-7043-4e9f-8d75-9ddb09551a86|rpc:10.1.0.20:35185|priority:1], old=null, confs=<EMPTY_MAP>
2022-07-02 07:19:51,048 [pool-96-thread-1] INFO  server.RaftServerConfigKeys (ConfUtils.java:logGet(46)) - raft.server.storage.dir = [/home/runner/work/ozone/ozone/hadoop-ozone/integration-test/target/test-dir/MiniOzoneClusterImpl-2384df39-2793-4e2f-8252-b182c7f166b5/datanode-1/data/ratis] (custom)
2022-07-02 07:19:51,048 [pool-96-thread-1] INFO  server.RaftServerConfigKeys (ConfUtils.java:logGet(46)) - raft.server.log.corruption.policy = EXCEPTION (default)
2022-07-02 07:19:51,049 [pool-96-thread-1] INFO  server.RaftServerConfigKeys (ConfUtils.java:logGet(46)) - raft.server.storage.free-space.min = 0MB (=0) (default)
2022-07-02 07:19:51,049 [pool-96-thread-1] INFO  storage.RaftStorageDirectory (RaftStorageDirectoryImpl.java:analyzeStorage(135)) - The storage directory /home/runner/work/ozone/ozone/hadoop-ozone/integration-test/target/test-dir/MiniOzoneClusterImpl-2384df39-2793-4e2f-8252-b182c7f166b5/datanode-1/data/ratis/f95c2d84-5e29-4588-a680-e9a97802e129 does not exist. Creating ...
2022-07-02 07:19:51,052 [pool-96-thread-1] INFO  storage.RaftStorageDirectory (RaftStorageDirectoryImpl.java:tryLock(230)) - Lock on /home/runner/work/ozone/ozone/hadoop-ozone/integration-test/target/test-dir/MiniOzoneClusterImpl-2384df39-2793-4e2f-8252-b182c7f166b5/datanode-1/data/ratis/f95c2d84-5e29-4588-a680-e9a97802e129/in_use.lock acquired by nodename 16391@fv-az444-838
2022-07-02 07:19:51,053 [pool-96-thread-1] INFO  storage.RaftStorage (RaftStorageImpl.java:format(89)) - Storage directory /home/runner/work/ozone/ozone/hadoop-ozone/integration-test/target/test-dir/MiniOzoneClusterImpl-2384df39-2793-4e2f-8252-b182c7f166b5/datanode-1/data/ratis/f95c2d84-5e29-4588-a680-e9a97802e129 has been successfully formatted.
2022-07-02 07:19:51,054 [pool-96-thread-1] INFO  ratis.ContainerStateMachine (ContainerStateMachine.java:loadSnapshot(236)) - group-E9A97802E129: The snapshot info is null. Setting the last applied indexto:(t:0, i:~)
2022-07-02 07:19:51,065 [pool-96-thread-1] INFO  server.RaftServerConfigKeys (ConfUtils.java:logGet(46)) - raft.server.notification.no-leader.timeout = 300s (custom)
2022-07-02 07:19:51,065 [pool-96-thread-1] INFO  server.RaftServerConfigKeys (ConfUtils.java:logGet(46)) - raft.server.log.use.memory = false (default)
2022-07-02 07:19:51,065 [pool-96-thread-1] INFO  server.RaftServerConfigKeys (ConfUtils.java:logGet(46)) - raft.server.log.purge.gap = 1000000 (custom)
2022-07-02 07:19:51,066 [pool-96-thread-1] INFO  server.RaftServerConfigKeys (ConfUtils.java:logGet(46)) - raft.server.log.appender.buffer.byte-limit = 33554432 (custom)
2022-07-02 07:19:51,066 [pool-96-thread-1] INFO  server.RaftServerConfigKeys (ConfUtils.java:logGet(46)) - raft.server.log.statemachine.data.read.timeout = 1000ms (default)
2022-07-02 07:19:51,066 [pool-96-thread-1] INFO  server.RaftServerConfigKeys (ConfUtils.java:logGet(46)) - raft.server.log.segment.size.max = 1048576 (custom)
2022-07-02 07:19:51,067 [EventQueue-PipelineReportForPipelineReportHandler] INFO  pipeline.PipelineManagerImpl (PipelineManagerImpl.java:openPipeline(358)) - Pipeline Pipeline[ Id: f95c2d84-5e29-4588-a680-e9a97802e129, Nodes: 86df6d00-7043-4e9f-8d75-9ddb09551a86{ip: 10.1.0.20, host: fv-az444-838.dthhdds2jluu1c0oa55ndv1hsg.dx.internal.cloudapp.net, ports: [REPLICATION=33381, RATIS=35185, RATIS_ADMIN=35185, RATIS_SERVER=35185, STANDALONE=46517], networkLocation: /default-rack, certSerialId: null, persistedOpState: IN_SERVICE, persistedOpStateExpiryEpochSec: 0}, ReplicationConfig: RATIS/ONE, State:ALLOCATED, leaderId:86df6d00-7043-4e9f-8d75-9ddb09551a86, CreationTimestamp2022-07-02T07:19:48.043Z[Etc/UTC]] moved to OPEN state
2022-07-02 07:19:51,067 [pool-96-thread-1] INFO  server.RaftServerConfigKeys (ConfUtils.java:logGet(46)) - raft.server.log.segment.cache.num.max = 2 (custom)
2022-07-02 07:19:51,067 [pool-96-thread-1] INFO  server.RaftServerConfigKeys (ConfUtils.java:logGet(46)) - raft.server.log.segment.cache.size.max = 200MB (=209715200) (default)
2022-07-02 07:19:51,067 [pool-96-thread-1] INFO  segmented.SegmentedRaftLogWorker (SegmentedRaftLogWorker.java:<init>(187)) - new 86df6d00-7043-4e9f-8d75-9ddb09551a86@group-E9A97802E129-SegmentedRaftLogWorker for RaftStorageImpl:Storage Directory /home/runner/work/ozone/ozone/hadoop-ozone/integration-test/target/test-dir/MiniOzoneClusterImpl-2384df39-2793-4e2f-8252-b182c7f166b5/datanode-1/data/ratis/f95c2d84-5e29-4588-a680-e9a97802e129
2022-07-02 07:19:51,067 [EventQueue-OpenPipelineForHealthyPipelineSafeModeRule] INFO  safemode.SCMSafeModeManager (HealthyPipelineSafeModeRule.java:process(124)) - SCM in safe mode. Healthy pipelines reported count is 0, required healthy pipeline reported count is 1
2022-07-02 07:19:51,067 [pool-96-thread-1] INFO  server.RaftServerConfigKeys (ConfUtils.java:logGet(46)) - raft.server.log.queue.byte-limit = 4294967296 (custom)
2022-07-02 07:19:51,074 [pool-96-thread-1] INFO  server.RaftServerConfigKeys (ConfUtils.java:logGet(46)) - raft.server.log.queue.element-limit = 1024 (custom)
2022-07-02 07:19:51,075 [pool-96-thread-1] INFO  server.RaftServerConfigKeys (ConfUtils.java:logGet(46)) - raft.server.log.segment.size.max = 1048576 (custom)
2022-07-02 07:19:51,075 [pool-96-thread-1] INFO  server.RaftServerConfigKeys (ConfUtils.java:logGet(46)) - raft.server.log.preallocated.size = 16384 (custom)
2022-07-02 07:19:51,075 [pool-96-thread-1] INFO  server.RaftServerConfigKeys (ConfUtils.java:logGet(46)) - raft.server.log.force.sync.num = 128 (default)
2022-07-02 07:19:51,075 [pool-96-thread-1] INFO  server.RaftServerConfigKeys (ConfUtils.java:logGet(46)) - raft.server.log.statemachine.data.sync = true (default)
2022-07-02 07:19:51,075 [pool-96-thread-1] INFO  server.RaftServerConfigKeys (ConfUtils.java:logGet(46)) - raft.server.log.statemachine.data.sync.timeout = 10s (default)
2022-07-02 07:19:51,075 [pool-96-thread-1] INFO  server.RaftServerConfigKeys (ConfUtils.java:logGet(46)) - raft.server.log.statemachine.data.sync.timeout.retry = -1 (default)
2022-07-02 07:19:51,082 [pool-96-thread-1] INFO  server.RaftServerConfigKeys (ConfUtils.java:logGet(46)) - raft.server.log.write.buffer.size = 1048576 (custom)
2022-07-02 07:19:51,083 [pool-96-thread-1] INFO  server.RaftServerConfigKeys (ConfUtils.java:logGet(46)) - raft.server.log.unsafe-flush.enabled = false (default)
2022-07-02 07:19:51,083 [pool-96-thread-1] INFO  server.RaftServerConfigKeys (ConfUtils.java:logGet(46)) - raft.server.log.statemachine.data.caching.enabled = true (custom)
2022-07-02 07:19:51,083 [pool-96-thread-1] INFO  segmented.SegmentedRaftLogWorker (SegmentedRaftLogWorker.java:lambda$new$0(135)) - 86df6d00-7043-4e9f-8d75-9ddb09551a86@group-E9A97802E129-SegmentedRaftLogWorker: flushIndex: setUnconditionally 0 -> -1
2022-07-02 07:19:51,083 [pool-96-thread-1] INFO  segmented.SegmentedRaftLogWorker (SegmentedRaftLogWorker.java:lambda$new$0(135)) - 86df6d00-7043-4e9f-8d75-9ddb09551a86@group-E9A97802E129-SegmentedRaftLogWorker: safeCacheEvictIndex: setUnconditionally 0 -> -1
2022-07-02 07:19:51,086 [pool-96-thread-1] INFO  server.RaftServerConfigKeys (ConfUtils.java:logGet(46)) - raft.server.snapshot.auto.trigger.enabled = true (custom)
2022-07-02 07:19:51,086 [pool-96-thread-1] INFO  server.RaftServerConfigKeys (ConfUtils.java:logGet(46)) - raft.server.snapshot.auto.trigger.threshold = 10000 (custom)
2022-07-02 07:19:51,086 [pool-96-thread-1] INFO  server.RaftServerConfigKeys (ConfUtils.java:logGet(46)) - raft.server.snapshot.retention.file.num = 5 (custom)
2022-07-02 07:19:51,086 [pool-96-thread-1] INFO  server.RaftServerConfigKeys (ConfUtils.java:logGet(46)) - raft.server.log.purge.upto.snapshot.index = false (default)
2022-07-02 07:19:51,086 [pool-96-thread-1] INFO  server.RaftServerConfigKeys (ConfUtils.java:logGet(46)) - raft.server.retrycache.expirytime = 600000ms (custom)
2022-07-02 07:19:51,086 [pool-96-thread-1] INFO  server.RaftServerConfigKeys (ConfUtils.java:logGet(46)) - raft.server.retrycache.statistics.expirytime = 100μs (default)
2022-07-02 07:19:51,095 [pool-96-thread-1] INFO  server.RaftServerConfigKeys (ConfUtils.java:logGet(46)) - raft.server.log.appender.install.snapshot.enabled = false (custom)
2022-07-02 07:19:51,095 [pool-96-thread-1] INFO  server.RaftServerConfigKeys (ConfUtils.java:logGet(46)) - raft.server.threadpool.server.cached = true (default)
2022-07-02 07:19:51,095 [pool-96-thread-1] INFO  server.RaftServerConfigKeys (ConfUtils.java:logGet(46)) - raft.server.threadpool.server.size = 0 (default)
2022-07-02 07:19:51,095 [pool-96-thread-1] INFO  server.RaftServerConfigKeys (ConfUtils.java:logGet(46)) - raft.server.threadpool.client.cached = true (default)
2022-07-02 07:19:51,095 [pool-96-thread-1] INFO  server.RaftServerConfigKeys (ConfUtils.java:logGet(46)) - raft.server.threadpool.client.size = 0 (default)
2022-07-02 07:19:51,095 [pool-96-thread-1] INFO  server.RaftServer$Division (RaftServerImpl.java:start(310)) - 86df6d00-7043-4e9f-8d75-9ddb09551a86@group-E9A97802E129: start as a follower, conf=-1: [86df6d00-7043-4e9f-8d75-9ddb09551a86|rpc:10.1.0.20:35185|priority:1], old=null
2022-07-02 07:19:51,095 [pool-96-thread-1] INFO  server.RaftServer$Division (RaftServerImpl.java:setRole(299)) - 86df6d00-7043-4e9f-8d75-9ddb09551a86@group-E9A97802E129: changes role from      null to FOLLOWER at term 0 for startAsFollower
2022-07-02 07:19:51,095 [pool-96-thread-1] INFO  impl.RoleInfo (RoleInfo.java:updateAndGet(139)) - 86df6d00-7043-4e9f-8d75-9ddb09551a86: start 86df6d00-7043-4e9f-8d75-9ddb09551a86@group-E9A97802E129-FollowerState
2022-07-02 07:19:51,101 [pool-96-thread-1] INFO  util.JmxRegister (JmxRegister.java:tryRegister(44)) - Successfully registered JMX Bean with object name Ratis:service=RaftServer,group=group-E9A97802E129,id=86df6d00-7043-4e9f-8d75-9ddb09551a86
2022-07-02 07:19:51,106 [Command processor thread] INFO  ratis.XceiverServerRatis (XceiverServerRatis.java:addGroup(765)) - Created group PipelineID=f95c2d84-5e29-4588-a680-e9a97802e129
2022-07-02 07:19:51,107 [Command processor thread] INFO  commandhandler.CreatePipelineCommandHandler (CreatePipelineCommandHandler.java:handle(113)) - Created Pipeline RATIS ONE PipelineID=f95c2d84-5e29-4588-a680-e9a97802e129.
2022-07-02 07:19:51,107 [Command processor thread] INFO  server.RaftServer (RaftServerProxy.java:addNew(96)) - 86df6d00-7043-4e9f-8d75-9ddb09551a86: addNew group-2F30E3035A5C:[da23fa89-fa7d-4455-a39d-25ada925c5c4|rpc:10.1.0.20:43027|priority:1, 419d88b6-03c8-4180-a8b8-c3be8294e19d|rpc:10.1.0.20:37557|priority:0, 86df6d00-7043-4e9f-8d75-9ddb09551a86|rpc:10.1.0.20:35185|priority:0] returns group-2F30E3035A5C:java.util.concurrent.CompletableFuture@343c868b[Not completed]
2022-07-02 07:19:51,109 [pool-96-thread-1] INFO  server.RaftServer$Division (RaftServerImpl.java:<init>(190)) - 86df6d00-7043-4e9f-8d75-9ddb09551a86: new RaftServerImpl for group-2F30E3035A5C:[da23fa89-fa7d-4455-a39d-25ada925c5c4|rpc:10.1.0.20:43027|priority:1, 419d88b6-03c8-4180-a8b8-c3be8294e19d|rpc:10.1.0.20:37557|priority:0, 86df6d00-7043-4e9f-8d75-9ddb09551a86|rpc:10.1.0.20:35185|priority:0] with ContainerStateMachine:uninitialized
2022-07-02 07:19:51,109 [pool-96-thread-1] INFO  server.RaftServerConfigKeys (ConfUtils.java:logGet(46)) - raft.server.rpc.timeout.min = 5s (custom)
2022-07-02 07:19:51,109 [pool-96-thread-1] INFO  server.RaftServerConfigKeys (ConfUtils.java:logGet(46)) - raft.server.rpc.timeout.max = 5200ms (custom)
2022-07-02 07:19:51,109 [pool-96-thread-1] INFO  server.RaftServerConfigKeys (ConfUtils.java:logGet(46)) - raft.server.rpc.sleep.time = 25ms (default)
2022-07-02 07:19:51,109 [pool-96-thread-1] INFO  server.RaftServerConfigKeys (ConfUtils.java:logGet(46)) - raft.server.rpc.slowness.timeout = 300s (custom)
2022-07-02 07:19:51,109 [pool-96-thread-1] INFO  server.RaftServerConfigKeys (ConfUtils.java:logGet(46)) - raft.server.leaderelection.leader.step-down.wait-time = 10s (default)
2022-07-02 07:19:51,109 [pool-96-thread-1] INFO  server.RaftServerConfigKeys (ConfUtils.java:logGet(46)) - raft.server.sleep.deviation.threshold = 300ms (default)
2022-07-02 07:19:51,109 [pool-96-thread-1] INFO  server.RaftServer$Division (ServerState.java:<init>(107)) - 86df6d00-7043-4e9f-8d75-9ddb09551a86@group-2F30E3035A5C: ConfigurationManager, init=-1: [da23fa89-fa7d-4455-a39d-25ada925c5c4|rpc:10.1.0.20:43027|priority:1, 419d88b6-03c8-4180-a8b8-c3be8294e19d|rpc:10.1.0.20:37557|priority:0, 86df6d00-7043-4e9f-8d75-9ddb09551a86|rpc:10.1.0.20:35185|priority:0], old=null, confs=<EMPTY_MAP>
2022-07-02 07:19:51,109 [pool-96-thread-1] INFO  server.RaftServerConfigKeys (ConfUtils.java:logGet(46)) - raft.server.storage.dir = [/home/runner/work/ozone/ozone/hadoop-ozone/integration-test/target/test-dir/MiniOzoneClusterImpl-2384df39-2793-4e2f-8252-b182c7f166b5/datanode-1/data/ratis] (custom)
2022-07-02 07:19:51,109 [pool-96-thread-1] INFO  server.RaftServerConfigKeys (ConfUtils.java:logGet(46)) - raft.server.log.corruption.policy = EXCEPTION (default)
2022-07-02 07:19:51,109 [pool-96-thread-1] INFO  server.RaftServerConfigKeys (ConfUtils.java:logGet(46)) - raft.server.storage.free-space.min = 0MB (=0) (default)
2022-07-02 07:19:51,110 [pool-96-thread-1] INFO  storage.RaftStorageDirectory (RaftStorageDirectoryImpl.java:analyzeStorage(135)) - The storage directory /home/runner/work/ozone/ozone/hadoop-ozone/integration-test/target/test-dir/MiniOzoneClusterImpl-2384df39-2793-4e2f-8252-b182c7f166b5/datanode-1/data/ratis/7908fa83-2587-4ece-997b-2f30e3035a5c does not exist. Creating ...
2022-07-02 07:19:51,110 [pool-96-thread-1] INFO  storage.RaftStorageDirectory (RaftStorageDirectoryImpl.java:tryLock(230)) - Lock on /home/runner/work/ozone/ozone/hadoop-ozone/integration-test/target/test-dir/MiniOzoneClusterImpl-2384df39-2793-4e2f-8252-b182c7f166b5/datanode-1/data/ratis/7908fa83-2587-4ece-997b-2f30e3035a5c/in_use.lock acquired by nodename 16391@fv-az444-838
2022-07-02 07:19:51,112 [pool-96-thread-1] INFO  storage.RaftStorage (RaftStorageImpl.java:format(89)) - Storage directory /home/runner/work/ozone/ozone/hadoop-ozone/integration-test/target/test-dir/MiniOzoneClusterImpl-2384df39-2793-4e2f-8252-b182c7f166b5/datanode-1/data/ratis/7908fa83-2587-4ece-997b-2f30e3035a5c has been successfully formatted.
2022-07-02 07:19:51,113 [pool-96-thread-1] INFO  ratis.ContainerStateMachine (ContainerStateMachine.java:loadSnapshot(236)) - group-2F30E3035A5C: The snapshot info is null. Setting the last applied indexto:(t:0, i:~)
2022-07-02 07:19:51,113 [pool-96-thread-1] INFO  server.RaftServerConfigKeys (ConfUtils.java:logGet(46)) - raft.server.notification.no-leader.timeout = 300s (custom)
2022-07-02 07:19:51,113 [pool-96-thread-1] INFO  server.RaftServerConfigKeys (ConfUtils.java:logGet(46)) - raft.server.log.use.memory = false (default)
2022-07-02 07:19:51,113 [pool-96-thread-1] INFO  server.RaftServerConfigKeys (ConfUtils.java:logGet(46)) - raft.server.log.purge.gap = 1000000 (custom)
2022-07-02 07:19:51,113 [pool-96-thread-1] INFO  server.RaftServerConfigKeys (ConfUtils.java:logGet(46)) - raft.server.log.appender.buffer.byte-limit = 33554432 (custom)
2022-07-02 07:19:51,113 [pool-96-thread-1] INFO  server.RaftServerConfigKeys (ConfUtils.java:logGet(46)) - raft.server.log.statemachine.data.read.timeout = 1000ms (default)
2022-07-02 07:19:51,114 [pool-96-thread-1] INFO  server.RaftServerConfigKeys (ConfUtils.java:logGet(46)) - raft.server.log.segment.size.max = 1048576 (custom)
2022-07-02 07:19:51,115 [EventQueue-OpenPipelineForHealthyPipelineSafeModeRule] INFO  safemode.SCMSafeModeManager (HealthyPipelineSafeModeRule.java:process(124)) - SCM in safe mode. Healthy pipelines reported count is 0, required healthy pipeline reported count is 1
2022-07-02 07:19:51,115 [pool-96-thread-1] INFO  server.RaftServerConfigKeys (ConfUtils.java:logGet(46)) - raft.server.log.segment.cache.num.max = 2 (custom)
2022-07-02 07:19:51,115 [pool-96-thread-1] INFO  server.RaftServerConfigKeys (ConfUtils.java:logGet(46)) - raft.server.log.segment.cache.size.max = 200MB (=209715200) (default)
2022-07-02 07:19:51,115 [pool-96-thread-1] INFO  segmented.SegmentedRaftLogWorker (SegmentedRaftLogWorker.java:<init>(187)) - new 86df6d00-7043-4e9f-8d75-9ddb09551a86@group-2F30E3035A5C-SegmentedRaftLogWorker for RaftStorageImpl:Storage Directory /home/runner/work/ozone/ozone/hadoop-ozone/integration-test/target/test-dir/MiniOzoneClusterImpl-2384df39-2793-4e2f-8252-b182c7f166b5/datanode-1/data/ratis/7908fa83-2587-4ece-997b-2f30e3035a5c
2022-07-02 07:19:51,116 [pool-96-thread-1] INFO  server.RaftServerConfigKeys (ConfUtils.java:logGet(46)) - raft.server.log.queue.byte-limit = 4294967296 (custom)
2022-07-02 07:19:51,116 [pool-96-thread-1] INFO  server.RaftServerConfigKeys (ConfUtils.java:logGet(46)) - raft.server.log.queue.element-limit = 1024 (custom)
2022-07-02 07:19:51,116 [pool-96-thread-1] INFO  server.RaftServerConfigKeys (ConfUtils.java:logGet(46)) - raft.server.log.segment.size.max = 1048576 (custom)
2022-07-02 07:19:51,116 [pool-96-thread-1] INFO  server.RaftServerConfigKeys (ConfUtils.java:logGet(46)) - raft.server.log.preallocated.size = 16384 (custom)
2022-07-02 07:19:51,116 [pool-96-thread-1] INFO  server.RaftServerConfigKeys (ConfUtils.java:logGet(46)) - raft.server.log.force.sync.num = 128 (default)
2022-07-02 07:19:51,116 [pool-96-thread-1] INFO  server.RaftServerConfigKeys (ConfUtils.java:logGet(46)) - raft.server.log.statemachine.data.sync = true (default)
2022-07-02 07:19:51,116 [pool-96-thread-1] INFO  server.RaftServerConfigKeys (ConfUtils.java:logGet(46)) - raft.server.log.statemachine.data.sync.timeout = 10s (default)
2022-07-02 07:19:51,116 [pool-96-thread-1] INFO  server.RaftServerConfigKeys (ConfUtils.java:logGet(46)) - raft.server.log.statemachine.data.sync.timeout.retry = -1 (default)
2022-07-02 07:19:51,117 [pool-96-thread-1] INFO  server.RaftServerConfigKeys (ConfUtils.java:logGet(46)) - raft.server.log.write.buffer.size = 1048576 (custom)
2022-07-02 07:19:51,118 [pool-96-thread-1] INFO  server.RaftServerConfigKeys (ConfUtils.java:logGet(46)) - raft.server.log.unsafe-flush.enabled = false (default)
2022-07-02 07:19:51,118 [pool-96-thread-1] INFO  server.RaftServerConfigKeys (ConfUtils.java:logGet(46)) - raft.server.log.statemachine.data.caching.enabled = true (custom)
2022-07-02 07:19:51,119 [pool-96-thread-1] INFO  segmented.SegmentedRaftLogWorker (SegmentedRaftLogWorker.java:lambda$new$0(135)) - 86df6d00-7043-4e9f-8d75-9ddb09551a86@group-2F30E3035A5C-SegmentedRaftLogWorker: flushIndex: setUnconditionally 0 -> -1
2022-07-02 07:19:51,119 [pool-96-thread-1] INFO  segmented.SegmentedRaftLogWorker (SegmentedRaftLogWorker.java:lambda$new$0(135)) - 86df6d00-7043-4e9f-8d75-9ddb09551a86@group-2F30E3035A5C-SegmentedRaftLogWorker: safeCacheEvictIndex: setUnconditionally 0 -> -1
2022-07-02 07:19:51,119 [pool-96-thread-1] INFO  server.RaftServerConfigKeys (ConfUtils.java:logGet(46)) - raft.server.snapshot.auto.trigger.enabled = true (custom)
2022-07-02 07:19:51,119 [pool-96-thread-1] INFO  server.RaftServerConfigKeys (ConfUtils.java:logGet(46)) - raft.server.snapshot.auto.trigger.threshold = 10000 (custom)
2022-07-02 07:19:51,119 [pool-96-thread-1] INFO  server.RaftServerConfigKeys (ConfUtils.java:logGet(46)) - raft.server.snapshot.retention.file.num = 5 (custom)
2022-07-02 07:19:51,119 [pool-96-thread-1] INFO  server.RaftServerConfigKeys (ConfUtils.java:logGet(46)) - raft.server.log.purge.upto.snapshot.index = false (default)
2022-07-02 07:19:51,119 [pool-96-thread-1] INFO  server.RaftServerConfigKeys (ConfUtils.java:logGet(46)) - raft.server.retrycache.expirytime = 600000ms (custom)
2022-07-02 07:19:51,119 [pool-96-thread-1] INFO  server.RaftServerConfigKeys (ConfUtils.java:logGet(46)) - raft.server.retrycache.statistics.expirytime = 100μs (default)
2022-07-02 07:19:51,121 [pool-96-thread-1] INFO  server.RaftServerConfigKeys (ConfUtils.java:logGet(46)) - raft.server.log.appender.install.snapshot.enabled = false (custom)
2022-07-02 07:19:51,121 [pool-96-thread-1] INFO  server.RaftServerConfigKeys (ConfUtils.java:logGet(46)) - raft.server.threadpool.server.cached = true (default)
2022-07-02 07:19:51,121 [pool-96-thread-1] INFO  server.RaftServerConfigKeys (ConfUtils.java:logGet(46)) - raft.server.threadpool.server.size = 0 (default)
2022-07-02 07:19:51,121 [pool-96-thread-1] INFO  server.RaftServerConfigKeys (ConfUtils.java:logGet(46)) - raft.server.threadpool.client.cached = true (default)
2022-07-02 07:19:51,121 [pool-96-thread-1] INFO  server.RaftServerConfigKeys (ConfUtils.java:logGet(46)) - raft.server.threadpool.client.size = 0 (default)
2022-07-02 07:19:51,121 [pool-96-thread-1] INFO  server.RaftServer$Division (RaftServerImpl.java:start(310)) - 86df6d00-7043-4e9f-8d75-9ddb09551a86@group-2F30E3035A5C: start as a follower, conf=-1: [da23fa89-fa7d-4455-a39d-25ada925c5c4|rpc:10.1.0.20:43027|priority:1, 419d88b6-03c8-4180-a8b8-c3be8294e19d|rpc:10.1.0.20:37557|priority:0, 86df6d00-7043-4e9f-8d75-9ddb09551a86|rpc:10.1.0.20:35185|priority:0], old=null
2022-07-02 07:19:51,121 [pool-96-thread-1] INFO  server.RaftServer$Division (RaftServerImpl.java:setRole(299)) - 86df6d00-7043-4e9f-8d75-9ddb09551a86@group-2F30E3035A5C: changes role from      null to FOLLOWER at term 0 for startAsFollower
2022-07-02 07:19:51,121 [pool-96-thread-1] INFO  impl.RoleInfo (RoleInfo.java:updateAndGet(139)) - 86df6d00-7043-4e9f-8d75-9ddb09551a86: start 86df6d00-7043-4e9f-8d75-9ddb09551a86@group-2F30E3035A5C-FollowerState
2022-07-02 07:19:51,127 [pool-96-thread-1] INFO  util.JmxRegister (JmxRegister.java:tryRegister(44)) - Successfully registered JMX Bean with object name Ratis:service=RaftServer,group=group-2F30E3035A5C,id=86df6d00-7043-4e9f-8d75-9ddb09551a86
2022-07-02 07:19:51,131 [Command processor thread] INFO  ratis.XceiverServerRatis (XceiverServerRatis.java:addGroup(765)) - Created group PipelineID=7908fa83-2587-4ece-997b-2f30e3035a5c
2022-07-02 07:19:51,137 [Listener at 127.0.0.1/41977] INFO  ozone.MiniOzoneClusterImpl (MiniOzoneClusterImpl.java:lambda$waitForClusterToBeReady$0(223)) - Nodes are ready. Got 5 of 5 DN Heartbeats.
2022-07-02 07:19:51,137 [Listener at 127.0.0.1/41977] INFO  ozone.MiniOzoneClusterImpl (MiniOzoneClusterImpl.java:lambda$waitForClusterToBeReady$0(226)) - Waiting for cluster to exit safe mode
2022-07-02 07:19:51,137 [Listener at 127.0.0.1/41977] INFO  ozone.MiniOzoneClusterImpl (MiniOzoneClusterImpl.java:lambda$waitForClusterToBeReady$0(228)) - SCM became leader
2022-07-02 07:19:51,392 [grpc-default-executor-0] INFO  server.RaftServer (RaftServerProxy.java:addNew(96)) - 419d88b6-03c8-4180-a8b8-c3be8294e19d: addNew group-2F30E3035A5C:[da23fa89-fa7d-4455-a39d-25ada925c5c4|rpc:10.1.0.20:43027|dataStream:|priority:1, 419d88b6-03c8-4180-a8b8-c3be8294e19d|rpc:10.1.0.20:37557|dataStream:|priority:0, 86df6d00-7043-4e9f-8d75-9ddb09551a86|rpc:10.1.0.20:35185|dataStream:|priority:0] returns group-2F30E3035A5C:java.util.concurrent.CompletableFuture@4de152c7[Not completed]
2022-07-02 07:19:51,394 [pool-119-thread-1] INFO  server.RaftServer$Division (RaftServerImpl.java:<init>(190)) - 419d88b6-03c8-4180-a8b8-c3be8294e19d: new RaftServerImpl for group-2F30E3035A5C:[da23fa89-fa7d-4455-a39d-25ada925c5c4|rpc:10.1.0.20:43027|dataStream:|priority:1, 419d88b6-03c8-4180-a8b8-c3be8294e19d|rpc:10.1.0.20:37557|dataStream:|priority:0, 86df6d00-7043-4e9f-8d75-9ddb09551a86|rpc:10.1.0.20:35185|dataStream:|priority:0] with ContainerStateMachine:uninitialized
2022-07-02 07:19:51,394 [pool-119-thread-1] INFO  server.RaftServerConfigKeys (ConfUtils.java:logGet(46)) - raft.server.rpc.timeout.min = 5s (custom)
2022-07-02 07:19:51,394 [pool-119-thread-1] INFO  server.RaftServerConfigKeys (ConfUtils.java:logGet(46)) - raft.server.rpc.timeout.max = 5200ms (custom)
2022-07-02 07:19:51,394 [pool-119-thread-1] INFO  server.RaftServerConfigKeys (ConfUtils.java:logGet(46)) - raft.server.rpc.sleep.time = 25ms (default)
2022-07-02 07:19:51,394 [pool-119-thread-1] INFO  server.RaftServerConfigKeys (ConfUtils.java:logGet(46)) - raft.server.rpc.slowness.timeout = 300s (custom)
2022-07-02 07:19:51,394 [pool-119-thread-1] INFO  server.RaftServerConfigKeys (ConfUtils.java:logGet(46)) - raft.server.leaderelection.leader.step-down.wait-time = 10s (default)
2022-07-02 07:19:51,394 [pool-119-thread-1] INFO  server.RaftServerConfigKeys (ConfUtils.java:logGet(46)) - raft.server.sleep.deviation.threshold = 300ms (default)
2022-07-02 07:19:51,395 [pool-119-thread-1] INFO  server.RaftServer$Division (ServerState.java:<init>(107)) - 419d88b6-03c8-4180-a8b8-c3be8294e19d@group-2F30E3035A5C: ConfigurationManager, init=-1: [da23fa89-fa7d-4455-a39d-25ada925c5c4|rpc:10.1.0.20:43027|dataStream:|priority:1, 419d88b6-03c8-4180-a8b8-c3be8294e19d|rpc:10.1.0.20:37557|dataStream:|priority:0, 86df6d00-7043-4e9f-8d75-9ddb09551a86|rpc:10.1.0.20:35185|dataStream:|priority:0], old=null, confs=<EMPTY_MAP>
2022-07-02 07:19:51,395 [pool-119-thread-1] INFO  server.RaftServerConfigKeys (ConfUtils.java:logGet(46)) - raft.server.storage.dir = [/home/runner/work/ozone/ozone/hadoop-ozone/integration-test/target/test-dir/MiniOzoneClusterImpl-2384df39-2793-4e2f-8252-b182c7f166b5/datanode-2/data/ratis] (custom)
2022-07-02 07:19:51,395 [pool-119-thread-1] INFO  server.RaftServerConfigKeys (ConfUtils.java:logGet(46)) - raft.server.log.corruption.policy = EXCEPTION (default)
2022-07-02 07:19:51,395 [pool-119-thread-1] INFO  server.RaftServerConfigKeys (ConfUtils.java:logGet(46)) - raft.server.storage.free-space.min = 0MB (=0) (default)
2022-07-02 07:19:51,395 [pool-119-thread-1] INFO  storage.RaftStorageDirectory (RaftStorageDirectoryImpl.java:analyzeStorage(135)) - The storage directory /home/runner/work/ozone/ozone/hadoop-ozone/integration-test/target/test-dir/MiniOzoneClusterImpl-2384df39-2793-4e2f-8252-b182c7f166b5/datanode-2/data/ratis/7908fa83-2587-4ece-997b-2f30e3035a5c does not exist. Creating ...
2022-07-02 07:19:51,405 [pool-119-thread-1] INFO  storage.RaftStorageDirectory (RaftStorageDirectoryImpl.java:tryLock(230)) - Lock on /home/runner/work/ozone/ozone/hadoop-ozone/integration-test/target/test-dir/MiniOzoneClusterImpl-2384df39-2793-4e2f-8252-b182c7f166b5/datanode-2/data/ratis/7908fa83-2587-4ece-997b-2f30e3035a5c/in_use.lock acquired by nodename 16391@fv-az444-838
2022-07-02 07:19:51,406 [pool-119-thread-1] INFO  storage.RaftStorage (RaftStorageImpl.java:format(89)) - Storage directory /home/runner/work/ozone/ozone/hadoop-ozone/integration-test/target/test-dir/MiniOzoneClusterImpl-2384df39-2793-4e2f-8252-b182c7f166b5/datanode-2/data/ratis/7908fa83-2587-4ece-997b-2f30e3035a5c has been successfully formatted.
2022-07-02 07:19:51,407 [pool-119-thread-1] INFO  ratis.ContainerStateMachine (ContainerStateMachine.java:loadSnapshot(236)) - group-2F30E3035A5C: The snapshot info is null. Setting the last applied indexto:(t:0, i:~)
2022-07-02 07:19:51,408 [pool-119-thread-1] INFO  server.RaftServerConfigKeys (ConfUtils.java:logGet(46)) - raft.server.notification.no-leader.timeout = 300s (custom)
2022-07-02 07:19:51,408 [pool-119-thread-1] INFO  server.RaftServerConfigKeys (ConfUtils.java:logGet(46)) - raft.server.log.use.memory = false (default)
2022-07-02 07:19:51,408 [pool-119-thread-1] INFO  server.RaftServerConfigKeys (ConfUtils.java:logGet(46)) - raft.server.log.purge.gap = 1000000 (custom)
2022-07-02 07:19:51,408 [pool-119-thread-1] INFO  server.RaftServerConfigKeys (ConfUtils.java:logGet(46)) - raft.server.log.appender.buffer.byte-limit = 33554432 (custom)
2022-07-02 07:19:51,408 [pool-119-thread-1] INFO  server.RaftServerConfigKeys (ConfUtils.java:logGet(46)) - raft.server.log.statemachine.data.read.timeout = 1000ms (default)
2022-07-02 07:19:51,408 [pool-119-thread-1] INFO  server.RaftServerConfigKeys (ConfUtils.java:logGet(46)) - raft.server.log.segment.size.max = 1048576 (custom)
2022-07-02 07:19:51,409 [pool-119-thread-1] INFO  server.RaftServerConfigKeys (ConfUtils.java:logGet(46)) - raft.server.log.segment.cache.num.max = 2 (custom)
2022-07-02 07:19:51,409 [pool-119-thread-1] INFO  server.RaftServerConfigKeys (ConfUtils.java:logGet(46)) - raft.server.log.segment.cache.size.max = 200MB (=209715200) (default)
2022-07-02 07:19:51,409 [pool-119-thread-1] INFO  segmented.SegmentedRaftLogWorker (SegmentedRaftLogWorker.java:<init>(187)) - new 419d88b6-03c8-4180-a8b8-c3be8294e19d@group-2F30E3035A5C-SegmentedRaftLogWorker for RaftStorageImpl:Storage Directory /home/runner/work/ozone/ozone/hadoop-ozone/integration-test/target/test-dir/MiniOzoneClusterImpl-2384df39-2793-4e2f-8252-b182c7f166b5/datanode-2/data/ratis/7908fa83-2587-4ece-997b-2f30e3035a5c
2022-07-02 07:19:51,409 [pool-119-thread-1] INFO  server.RaftServerConfigKeys (ConfUtils.java:logGet(46)) - raft.server.log.queue.byte-limit = 4294967296 (custom)
2022-07-02 07:19:51,409 [pool-119-thread-1] INFO  server.RaftServerConfigKeys (ConfUtils.java:logGet(46)) - raft.server.log.queue.element-limit = 1024 (custom)
2022-07-02 07:19:51,409 [pool-119-thread-1] INFO  server.RaftServerConfigKeys (ConfUtils.java:logGet(46)) - raft.server.log.segment.size.max = 1048576 (custom)
2022-07-02 07:19:51,409 [pool-119-thread-1] INFO  server.RaftServerConfigKeys (ConfUtils.java:logGet(46)) - raft.server.log.preallocated.size = 16384 (custom)
2022-07-02 07:19:51,409 [pool-119-thread-1] INFO  server.RaftServerConfigKeys (ConfUtils.java:logGet(46)) - raft.server.log.force.sync.num = 128 (default)
2022-07-02 07:19:51,409 [pool-119-thread-1] INFO  server.RaftServerConfigKeys (ConfUtils.java:logGet(46)) - raft.server.log.statemachine.data.sync = true (default)
2022-07-02 07:19:51,409 [pool-119-thread-1] INFO  server.RaftServerConfigKeys (ConfUtils.java:logGet(46)) - raft.server.log.statemachine.data.sync.timeout = 10s (default)
2022-07-02 07:19:51,409 [pool-119-thread-1] INFO  server.RaftServerConfigKeys (ConfUtils.java:logGet(46)) - raft.server.log.statemachine.data.sync.timeout.retry = -1 (default)
2022-07-02 07:19:51,410 [pool-119-thread-1] INFO  server.RaftServerConfigKeys (ConfUtils.java:logGet(46)) - raft.server.log.write.buffer.size = 1048576 (custom)
2022-07-02 07:19:51,411 [pool-119-thread-1] INFO  server.RaftServerConfigKeys (ConfUtils.java:logGet(46)) - raft.server.log.unsafe-flush.enabled = false (default)
2022-07-02 07:19:51,411 [pool-119-thread-1] INFO  server.RaftServerConfigKeys (ConfUtils.java:logGet(46)) - raft.server.log.statemachine.data.caching.enabled = true (custom)
2022-07-02 07:19:51,411 [pool-119-thread-1] INFO  segmented.SegmentedRaftLogWorker (SegmentedRaftLogWorker.java:lambda$new$0(135)) - 419d88b6-03c8-4180-a8b8-c3be8294e19d@group-2F30E3035A5C-SegmentedRaftLogWorker: flushIndex: setUnconditionally 0 -> -1
2022-07-02 07:19:51,411 [pool-119-thread-1] INFO  segmented.SegmentedRaftLogWorker (SegmentedRaftLogWorker.java:lambda$new$0(135)) - 419d88b6-03c8-4180-a8b8-c3be8294e19d@group-2F30E3035A5C-SegmentedRaftLogWorker: safeCacheEvictIndex: setUnconditionally 0 -> -1
2022-07-02 07:19:51,420 [pool-119-thread-1] INFO  server.RaftServerConfigKeys (ConfUtils.java:logGet(46)) - raft.server.snapshot.auto.trigger.enabled = true (custom)
2022-07-02 07:19:51,420 [pool-119-thread-1] INFO  server.RaftServerConfigKeys (ConfUtils.java:logGet(46)) - raft.server.snapshot.auto.trigger.threshold = 10000 (custom)
2022-07-02 07:19:51,420 [pool-119-thread-1] INFO  server.RaftServerConfigKeys (ConfUtils.java:logGet(46)) - raft.server.snapshot.retention.file.num = 5 (custom)
2022-07-02 07:19:51,420 [pool-119-thread-1] INFO  server.RaftServerConfigKeys (ConfUtils.java:logGet(46)) - raft.server.log.purge.upto.snapshot.index = false (default)
2022-07-02 07:19:51,420 [pool-119-thread-1] INFO  server.RaftServerConfigKeys (ConfUtils.java:logGet(46)) - raft.server.retrycache.expirytime = 600000ms (custom)
2022-07-02 07:19:51,420 [pool-119-thread-1] INFO  server.RaftServerConfigKeys (ConfUtils.java:logGet(46)) - raft.server.retrycache.statistics.expirytime = 100μs (default)
2022-07-02 07:19:51,421 [pool-119-thread-1] INFO  server.RaftServerConfigKeys (ConfUtils.java:logGet(46)) - raft.server.log.appender.install.snapshot.enabled = false (custom)
2022-07-02 07:19:51,422 [pool-119-thread-1] INFO  server.RaftServerConfigKeys (ConfUtils.java:logGet(46)) - raft.server.threadpool.server.cached = true (default)
2022-07-02 07:19:51,422 [pool-119-thread-1] INFO  server.RaftServerConfigKeys (ConfUtils.java:logGet(46)) - raft.server.threadpool.server.size = 0 (default)
2022-07-02 07:19:51,422 [pool-119-thread-1] INFO  server.RaftServerConfigKeys (ConfUtils.java:logGet(46)) - raft.server.threadpool.client.cached = true (default)
2022-07-02 07:19:51,422 [pool-119-thread-1] INFO  server.RaftServerConfigKeys (ConfUtils.java:logGet(46)) - raft.server.threadpool.client.size = 0 (default)
2022-07-02 07:19:51,422 [pool-119-thread-1] INFO  server.RaftServer$Division (RaftServerImpl.java:start(310)) - 419d88b6-03c8-4180-a8b8-c3be8294e19d@group-2F30E3035A5C: start as a follower, conf=-1: [da23fa89-fa7d-4455-a39d-25ada925c5c4|rpc:10.1.0.20:43027|dataStream:|priority:1, 419d88b6-03c8-4180-a8b8-c3be8294e19d|rpc:10.1.0.20:37557|dataStream:|priority:0, 86df6d00-7043-4e9f-8d75-9ddb09551a86|rpc:10.1.0.20:35185|dataStream:|priority:0], old=null
2022-07-02 07:19:51,422 [pool-119-thread-1] INFO  server.RaftServer$Division (RaftServerImpl.java:setRole(299)) - 419d88b6-03c8-4180-a8b8-c3be8294e19d@group-2F30E3035A5C: changes role from      null to FOLLOWER at term 0 for startAsFollower
2022-07-02 07:19:51,422 [pool-119-thread-1] INFO  impl.RoleInfo (RoleInfo.java:updateAndGet(139)) - 419d88b6-03c8-4180-a8b8-c3be8294e19d: start 419d88b6-03c8-4180-a8b8-c3be8294e19d@group-2F30E3035A5C-FollowerState
2022-07-02 07:19:51,427 [Command processor thread] INFO  server.RaftServer (RaftServerProxy.java:addNew(96)) - 419d88b6-03c8-4180-a8b8-c3be8294e19d: addNew group-5C3027F50FE1:[419d88b6-03c8-4180-a8b8-c3be8294e19d|rpc:10.1.0.20:37557|priority:1] returns group-5C3027F50FE1:java.util.concurrent.CompletableFuture@5c6a134a[Not completed]
2022-07-02 07:19:51,435 [pool-119-thread-1] INFO  util.JmxRegister (JmxRegister.java:tryRegister(44)) - Successfully registered JMX Bean with object name Ratis:service=RaftServer,group=group-2F30E3035A5C,id=419d88b6-03c8-4180-a8b8-c3be8294e19d
2022-07-02 07:19:51,442 [pool-119-thread-1] INFO  server.RaftServer$Division (RaftServerImpl.java:<init>(190)) - 419d88b6-03c8-4180-a8b8-c3be8294e19d: new RaftServerImpl for group-5C3027F50FE1:[419d88b6-03c8-4180-a8b8-c3be8294e19d|rpc:10.1.0.20:37557|priority:1] with ContainerStateMachine:uninitialized
2022-07-02 07:19:51,442 [pool-119-thread-1] INFO  server.RaftServerConfigKeys (ConfUtils.java:logGet(46)) - raft.server.rpc.timeout.min = 5s (custom)
2022-07-02 07:19:51,442 [pool-119-thread-1] INFO  server.RaftServerConfigKeys (ConfUtils.java:logGet(46)) - raft.server.rpc.timeout.max = 5200ms (custom)
2022-07-02 07:19:51,442 [pool-119-thread-1] INFO  server.RaftServerConfigKeys (ConfUtils.java:logGet(46)) - raft.server.rpc.sleep.time = 25ms (default)
2022-07-02 07:19:51,442 [pool-119-thread-1] INFO  server.RaftServerConfigKeys (ConfUtils.java:logGet(46)) - raft.server.rpc.slowness.timeout = 300s (custom)
2022-07-02 07:19:51,442 [pool-119-thread-1] INFO  server.RaftServerConfigKeys (ConfUtils.java:logGet(46)) - raft.server.leaderelection.leader.step-down.wait-time = 10s (default)
2022-07-02 07:19:51,442 [pool-119-thread-1] INFO  server.RaftServerConfigKeys (ConfUtils.java:logGet(46)) - raft.server.sleep.deviation.threshold = 300ms (default)
2022-07-02 07:19:51,442 [pool-119-thread-1] INFO  server.RaftServer$Division (ServerState.java:<init>(107)) - 419d88b6-03c8-4180-a8b8-c3be8294e19d@group-5C3027F50FE1: ConfigurationManager, init=-1: [419d88b6-03c8-4180-a8b8-c3be8294e19d|rpc:10.1.0.20:37557|priority:1], old=null, confs=<EMPTY_MAP>
2022-07-02 07:19:51,442 [pool-119-thread-1] INFO  server.RaftServerConfigKeys (ConfUtils.java:logGet(46)) - raft.server.storage.dir = [/home/runner/work/ozone/ozone/hadoop-ozone/integration-test/target/test-dir/MiniOzoneClusterImpl-2384df39-2793-4e2f-8252-b182c7f166b5/datanode-2/data/ratis] (custom)
2022-07-02 07:19:51,442 [pool-119-thread-1] INFO  server.RaftServerConfigKeys (ConfUtils.java:logGet(46)) - raft.server.log.corruption.policy = EXCEPTION (default)
2022-07-02 07:19:51,442 [pool-119-thread-1] INFO  server.RaftServerConfigKeys (ConfUtils.java:logGet(46)) - raft.server.storage.free-space.min = 0MB (=0) (default)
2022-07-02 07:19:51,442 [pool-119-thread-1] INFO  storage.RaftStorageDirectory (RaftStorageDirectoryImpl.java:analyzeStorage(135)) - The storage directory /home/runner/work/ozone/ozone/hadoop-ozone/integration-test/target/test-dir/MiniOzoneClusterImpl-2384df39-2793-4e2f-8252-b182c7f166b5/datanode-2/data/ratis/4638f997-f1d2-4d28-9180-5c3027f50fe1 does not exist. Creating ...
2022-07-02 07:19:51,444 [pool-119-thread-1] INFO  storage.RaftStorageDirectory (RaftStorageDirectoryImpl.java:tryLock(230)) - Lock on /home/runner/work/ozone/ozone/hadoop-ozone/integration-test/target/test-dir/MiniOzoneClusterImpl-2384df39-2793-4e2f-8252-b182c7f166b5/datanode-2/data/ratis/4638f997-f1d2-4d28-9180-5c3027f50fe1/in_use.lock acquired by nodename 16391@fv-az444-838
2022-07-02 07:19:51,445 [pool-119-thread-1] INFO  storage.RaftStorage (RaftStorageImpl.java:format(89)) - Storage directory /home/runner/work/ozone/ozone/hadoop-ozone/integration-test/target/test-dir/MiniOzoneClusterImpl-2384df39-2793-4e2f-8252-b182c7f166b5/datanode-2/data/ratis/4638f997-f1d2-4d28-9180-5c3027f50fe1 has been successfully formatted.
2022-07-02 07:19:51,446 [pool-119-thread-1] INFO  ratis.ContainerStateMachine (ContainerStateMachine.java:loadSnapshot(236)) - group-5C3027F50FE1: The snapshot info is null. Setting the last applied indexto:(t:0, i:~)
2022-07-02 07:19:51,446 [pool-119-thread-1] INFO  server.RaftServerConfigKeys (ConfUtils.java:logGet(46)) - raft.server.notification.no-leader.timeout = 300s (custom)
2022-07-02 07:19:51,446 [pool-119-thread-1] INFO  server.RaftServerConfigKeys (ConfUtils.java:logGet(46)) - raft.server.log.use.memory = false (default)
2022-07-02 07:19:51,446 [pool-119-thread-1] INFO  server.RaftServerConfigKeys (ConfUtils.java:logGet(46)) - raft.server.log.purge.gap = 1000000 (custom)
2022-07-02 07:19:51,446 [pool-119-thread-1] INFO  server.RaftServerConfigKeys (ConfUtils.java:logGet(46)) - raft.server.log.appender.buffer.byte-limit = 33554432 (custom)
2022-07-02 07:19:51,446 [pool-119-thread-1] INFO  server.RaftServerConfigKeys (ConfUtils.java:logGet(46)) - raft.server.log.statemachine.data.read.timeout = 1000ms (default)
2022-07-02 07:19:51,446 [pool-119-thread-1] INFO  server.RaftServerConfigKeys (ConfUtils.java:logGet(46)) - raft.server.log.segment.size.max = 1048576 (custom)
2022-07-02 07:19:51,448 [EventQueue-PipelineReportForPipelineReportHandler] INFO  pipeline.PipelineManagerImpl (PipelineManagerImpl.java:openPipeline(358)) - Pipeline Pipeline[ Id: 4638f997-f1d2-4d28-9180-5c3027f50fe1, Nodes: 419d88b6-03c8-4180-a8b8-c3be8294e19d{ip: 10.1.0.20, host: fv-az444-838.dthhdds2jluu1c0oa55ndv1hsg.dx.internal.cloudapp.net, ports: [REPLICATION=40195, RATIS=37557, RATIS_ADMIN=37557, RATIS_SERVER=37557, STANDALONE=33565], networkLocation: /default-rack, certSerialId: null, persistedOpState: IN_SERVICE, persistedOpStateExpiryEpochSec: 0}, ReplicationConfig: RATIS/ONE, State:ALLOCATED, leaderId:419d88b6-03c8-4180-a8b8-c3be8294e19d, CreationTimestamp2022-07-02T07:19:48.433Z[Etc/UTC]] moved to OPEN state
2022-07-02 07:19:51,448 [EventQueue-OpenPipelineForHealthyPipelineSafeModeRule] INFO  safemode.SCMSafeModeManager (HealthyPipelineSafeModeRule.java:process(124)) - SCM in safe mode. Healthy pipelines reported count is 0, required healthy pipeline reported count is 1
2022-07-02 07:19:51,457 [pool-119-thread-1] INFO  server.RaftServerConfigKeys (ConfUtils.java:logGet(46)) - raft.server.log.segment.cache.num.max = 2 (custom)
2022-07-02 07:19:51,459 [pool-119-thread-1] INFO  server.RaftServerConfigKeys (ConfUtils.java:logGet(46)) - raft.server.log.segment.cache.size.max = 200MB (=209715200) (default)
2022-07-02 07:19:51,460 [pool-119-thread-1] INFO  segmented.SegmentedRaftLogWorker (SegmentedRaftLogWorker.java:<init>(187)) - new 419d88b6-03c8-4180-a8b8-c3be8294e19d@group-5C3027F50FE1-SegmentedRaftLogWorker for RaftStorageImpl:Storage Directory /home/runner/work/ozone/ozone/hadoop-ozone/integration-test/target/test-dir/MiniOzoneClusterImpl-2384df39-2793-4e2f-8252-b182c7f166b5/datanode-2/data/ratis/4638f997-f1d2-4d28-9180-5c3027f50fe1
2022-07-02 07:19:51,460 [pool-119-thread-1] INFO  server.RaftServerConfigKeys (ConfUtils.java:logGet(46)) - raft.server.log.queue.byte-limit = 4294967296 (custom)
2022-07-02 07:19:51,460 [pool-119-thread-1] INFO  server.RaftServerConfigKeys (ConfUtils.java:logGet(46)) - raft.server.log.queue.element-limit = 1024 (custom)
2022-07-02 07:19:51,460 [pool-119-thread-1] INFO  server.RaftServerConfigKeys (ConfUtils.java:logGet(46)) - raft.server.log.segment.size.max = 1048576 (custom)
2022-07-02 07:19:51,460 [pool-119-thread-1] INFO  server.RaftServerConfigKeys (ConfUtils.java:logGet(46)) - raft.server.log.preallocated.size = 16384 (custom)
2022-07-02 07:19:51,460 [pool-119-thread-1] INFO  server.RaftServerConfigKeys (ConfUtils.java:logGet(46)) - raft.server.log.force.sync.num = 128 (default)
2022-07-02 07:19:51,460 [pool-119-thread-1] INFO  server.RaftServerConfigKeys (ConfUtils.java:logGet(46)) - raft.server.log.statemachine.data.sync = true (default)
2022-07-02 07:19:51,460 [pool-119-thread-1] INFO  server.RaftServerConfigKeys (ConfUtils.java:logGet(46)) - raft.server.log.statemachine.data.sync.timeout = 10s (default)
2022-07-02 07:19:51,460 [pool-119-thread-1] INFO  server.RaftServerConfigKeys (ConfUtils.java:logGet(46)) - raft.server.log.statemachine.data.sync.timeout.retry = -1 (default)
2022-07-02 07:19:51,461 [pool-119-thread-1] INFO  server.RaftServerConfigKeys (ConfUtils.java:logGet(46)) - raft.server.log.write.buffer.size = 1048576 (custom)
2022-07-02 07:19:51,462 [pool-119-thread-1] INFO  server.RaftServerConfigKeys (ConfUtils.java:logGet(46)) - raft.server.log.unsafe-flush.enabled = false (default)
2022-07-02 07:19:51,462 [pool-119-thread-1] INFO  server.RaftServerConfigKeys (ConfUtils.java:logGet(46)) - raft.server.log.statemachine.data.caching.enabled = true (custom)
2022-07-02 07:19:51,462 [pool-119-thread-1] INFO  segmented.SegmentedRaftLogWorker (SegmentedRaftLogWorker.java:lambda$new$0(135)) - 419d88b6-03c8-4180-a8b8-c3be8294e19d@group-5C3027F50FE1-SegmentedRaftLogWorker: flushIndex: setUnconditionally 0 -> -1
2022-07-02 07:19:51,462 [pool-119-thread-1] INFO  segmented.SegmentedRaftLogWorker (SegmentedRaftLogWorker.java:lambda$new$0(135)) - 419d88b6-03c8-4180-a8b8-c3be8294e19d@group-5C3027F50FE1-SegmentedRaftLogWorker: safeCacheEvictIndex: setUnconditionally 0 -> -1
2022-07-02 07:19:51,486 [pool-119-thread-1] INFO  server.RaftServerConfigKeys (ConfUtils.java:logGet(46)) - raft.server.snapshot.auto.trigger.enabled = true (custom)
2022-07-02 07:19:51,486 [pool-119-thread-1] INFO  server.RaftServerConfigKeys (ConfUtils.java:logGet(46)) - raft.server.snapshot.auto.trigger.threshold = 10000 (custom)
2022-07-02 07:19:51,487 [pool-119-thread-1] INFO  server.RaftServerConfigKeys (ConfUtils.java:logGet(46)) - raft.server.snapshot.retention.file.num = 5 (custom)
2022-07-02 07:19:51,487 [pool-119-thread-1] INFO  server.RaftServerConfigKeys (ConfUtils.java:logGet(46)) - raft.server.log.purge.upto.snapshot.index = false (default)
2022-07-02 07:19:51,487 [pool-119-thread-1] INFO  server.RaftServerConfigKeys (ConfUtils.java:logGet(46)) - raft.server.retrycache.expirytime = 600000ms (custom)
2022-07-02 07:19:51,487 [pool-119-thread-1] INFO  server.RaftServerConfigKeys (ConfUtils.java:logGet(46)) - raft.server.retrycache.statistics.expirytime = 100μs (default)
2022-07-02 07:19:51,488 [pool-119-thread-1] INFO  server.RaftServerConfigKeys (ConfUtils.java:logGet(46)) - raft.server.log.appender.install.snapshot.enabled = false (custom)
2022-07-02 07:19:51,488 [pool-119-thread-1] INFO  server.RaftServerConfigKeys (ConfUtils.java:logGet(46)) - raft.server.threadpool.server.cached = true (default)
2022-07-02 07:19:51,488 [pool-119-thread-1] INFO  server.RaftServerConfigKeys (ConfUtils.java:logGet(46)) - raft.server.threadpool.server.size = 0 (default)
2022-07-02 07:19:51,488 [pool-119-thread-1] INFO  server.RaftServerConfigKeys (ConfUtils.java:logGet(46)) - raft.server.threadpool.client.cached = true (default)
2022-07-02 07:19:51,488 [pool-119-thread-1] INFO  server.RaftServerConfigKeys (ConfUtils.java:logGet(46)) - raft.server.threadpool.client.size = 0 (default)
2022-07-02 07:19:51,489 [pool-119-thread-1] INFO  server.RaftServer$Division (RaftServerImpl.java:start(310)) - 419d88b6-03c8-4180-a8b8-c3be8294e19d@group-5C3027F50FE1: start as a follower, conf=-1: [419d88b6-03c8-4180-a8b8-c3be8294e19d|rpc:10.1.0.20:37557|priority:1], old=null
2022-07-02 07:19:51,489 [pool-119-thread-1] INFO  server.RaftServer$Division (RaftServerImpl.java:setRole(299)) - 419d88b6-03c8-4180-a8b8-c3be8294e19d@group-5C3027F50FE1: changes role from      null to FOLLOWER at term 0 for startAsFollower
2022-07-02 07:19:51,489 [pool-119-thread-1] INFO  impl.RoleInfo (RoleInfo.java:updateAndGet(139)) - 419d88b6-03c8-4180-a8b8-c3be8294e19d: start 419d88b6-03c8-4180-a8b8-c3be8294e19d@group-5C3027F50FE1-FollowerState
2022-07-02 07:19:51,490 [pool-119-thread-1] INFO  util.JmxRegister (JmxRegister.java:tryRegister(44)) - Successfully registered JMX Bean with object name Ratis:service=RaftServer,group=group-5C3027F50FE1,id=419d88b6-03c8-4180-a8b8-c3be8294e19d
2022-07-02 07:19:51,497 [Command processor thread] INFO  ratis.XceiverServerRatis (XceiverServerRatis.java:addGroup(765)) - Created group PipelineID=4638f997-f1d2-4d28-9180-5c3027f50fe1
2022-07-02 07:19:51,497 [Command processor thread] INFO  commandhandler.CreatePipelineCommandHandler (CreatePipelineCommandHandler.java:handle(113)) - Created Pipeline RATIS ONE PipelineID=4638f997-f1d2-4d28-9180-5c3027f50fe1.
2022-07-02 07:19:51,501 [Command processor thread] INFO  server.RaftServer (RaftServerProxy.java:addNew(96)) - 419d88b6-03c8-4180-a8b8-c3be8294e19d: addNew group-F47CE1271F7E:[da23fa89-fa7d-4455-a39d-25ada925c5c4|rpc:10.1.0.20:43027|priority:0, 419d88b6-03c8-4180-a8b8-c3be8294e19d|rpc:10.1.0.20:37557|priority:1, 86df6d00-7043-4e9f-8d75-9ddb09551a86|rpc:10.1.0.20:35185|priority:0] returns group-F47CE1271F7E:java.util.concurrent.CompletableFuture@52ade6b7[Not completed]
2022-07-02 07:19:51,502 [pool-119-thread-1] INFO  server.RaftServer$Division (RaftServerImpl.java:<init>(190)) - 419d88b6-03c8-4180-a8b8-c3be8294e19d: new RaftServerImpl for group-F47CE1271F7E:[da23fa89-fa7d-4455-a39d-25ada925c5c4|rpc:10.1.0.20:43027|priority:0, 419d88b6-03c8-4180-a8b8-c3be8294e19d|rpc:10.1.0.20:37557|priority:1, 86df6d00-7043-4e9f-8d75-9ddb09551a86|rpc:10.1.0.20:35185|priority:0] with ContainerStateMachine:uninitialized
2022-07-02 07:19:51,502 [pool-119-thread-1] INFO  server.RaftServerConfigKeys (ConfUtils.java:logGet(46)) - raft.server.rpc.timeout.min = 5s (custom)
2022-07-02 07:19:51,502 [pool-119-thread-1] INFO  server.RaftServerConfigKeys (ConfUtils.java:logGet(46)) - raft.server.rpc.timeout.max = 5200ms (custom)
2022-07-02 07:19:51,502 [pool-119-thread-1] INFO  server.RaftServerConfigKeys (ConfUtils.java:logGet(46)) - raft.server.rpc.sleep.time = 25ms (default)
2022-07-02 07:19:51,502 [pool-119-thread-1] INFO  server.RaftServerConfigKeys (ConfUtils.java:logGet(46)) - raft.server.rpc.slowness.timeout = 300s (custom)
2022-07-02 07:19:51,502 [pool-119-thread-1] INFO  server.RaftServerConfigKeys (ConfUtils.java:logGet(46)) - raft.server.leaderelection.leader.step-down.wait-time = 10s (default)
2022-07-02 07:19:51,502 [pool-119-thread-1] INFO  server.RaftServerConfigKeys (ConfUtils.java:logGet(46)) - raft.server.sleep.deviation.threshold = 300ms (default)
2022-07-02 07:19:51,502 [pool-119-thread-1] INFO  server.RaftServer$Division (ServerState.java:<init>(107)) - 419d88b6-03c8-4180-a8b8-c3be8294e19d@group-F47CE1271F7E: ConfigurationManager, init=-1: [da23fa89-fa7d-4455-a39d-25ada925c5c4|rpc:10.1.0.20:43027|priority:0, 419d88b6-03c8-4180-a8b8-c3be8294e19d|rpc:10.1.0.20:37557|priority:1, 86df6d00-7043-4e9f-8d75-9ddb09551a86|rpc:10.1.0.20:35185|priority:0], old=null, confs=<EMPTY_MAP>
2022-07-02 07:19:51,502 [pool-119-thread-1] INFO  server.RaftServerConfigKeys (ConfUtils.java:logGet(46)) - raft.server.storage.dir = [/home/runner/work/ozone/ozone/hadoop-ozone/integration-test/target/test-dir/MiniOzoneClusterImpl-2384df39-2793-4e2f-8252-b182c7f166b5/datanode-2/data/ratis] (custom)
2022-07-02 07:19:51,502 [pool-119-thread-1] INFO  server.RaftServerConfigKeys (ConfUtils.java:logGet(46)) - raft.server.log.corruption.policy = EXCEPTION (default)
2022-07-02 07:19:51,502 [pool-119-thread-1] INFO  server.RaftServerConfigKeys (ConfUtils.java:logGet(46)) - raft.server.storage.free-space.min = 0MB (=0) (default)
2022-07-02 07:19:51,503 [pool-119-thread-1] INFO  storage.RaftStorageDirectory (RaftStorageDirectoryImpl.java:analyzeStorage(135)) - The storage directory /home/runner/work/ozone/ozone/hadoop-ozone/integration-test/target/test-dir/MiniOzoneClusterImpl-2384df39-2793-4e2f-8252-b182c7f166b5/datanode-2/data/ratis/b2f6f3fc-880e-4014-b867-f47ce1271f7e does not exist. Creating ...
2022-07-02 07:19:51,504 [pool-119-thread-1] INFO  storage.RaftStorageDirectory (RaftStorageDirectoryImpl.java:tryLock(230)) - Lock on /home/runner/work/ozone/ozone/hadoop-ozone/integration-test/target/test-dir/MiniOzoneClusterImpl-2384df39-2793-4e2f-8252-b182c7f166b5/datanode-2/data/ratis/b2f6f3fc-880e-4014-b867-f47ce1271f7e/in_use.lock acquired by nodename 16391@fv-az444-838
2022-07-02 07:19:51,513 [pool-119-thread-1] INFO  storage.RaftStorage (RaftStorageImpl.java:format(89)) - Storage directory /home/runner/work/ozone/ozone/hadoop-ozone/integration-test/target/test-dir/MiniOzoneClusterImpl-2384df39-2793-4e2f-8252-b182c7f166b5/datanode-2/data/ratis/b2f6f3fc-880e-4014-b867-f47ce1271f7e has been successfully formatted.
2022-07-02 07:19:51,513 [pool-119-thread-1] INFO  ratis.ContainerStateMachine (ContainerStateMachine.java:loadSnapshot(236)) - group-F47CE1271F7E: The snapshot info is null. Setting the last applied indexto:(t:0, i:~)
2022-07-02 07:19:51,513 [pool-119-thread-1] INFO  server.RaftServerConfigKeys (ConfUtils.java:logGet(46)) - raft.server.notification.no-leader.timeout = 300s (custom)
2022-07-02 07:19:51,514 [pool-119-thread-1] INFO  server.RaftServerConfigKeys (ConfUtils.java:logGet(46)) - raft.server.log.use.memory = false (default)
2022-07-02 07:19:51,514 [pool-119-thread-1] INFO  server.RaftServerConfigKeys (ConfUtils.java:logGet(46)) - raft.server.log.purge.gap = 1000000 (custom)
2022-07-02 07:19:51,514 [pool-119-thread-1] INFO  server.RaftServerConfigKeys (ConfUtils.java:logGet(46)) - raft.server.log.appender.buffer.byte-limit = 33554432 (custom)
2022-07-02 07:19:51,514 [pool-119-thread-1] INFO  server.RaftServerConfigKeys (ConfUtils.java:logGet(46)) - raft.server.log.statemachine.data.read.timeout = 1000ms (default)
2022-07-02 07:19:51,515 [pool-119-thread-1] INFO  server.RaftServerConfigKeys (ConfUtils.java:logGet(46)) - raft.server.log.segment.size.max = 1048576 (custom)
2022-07-02 07:19:51,515 [pool-119-thread-1] INFO  server.RaftServerConfigKeys (ConfUtils.java:logGet(46)) - raft.server.log.segment.cache.num.max = 2 (custom)
2022-07-02 07:19:51,515 [pool-119-thread-1] INFO  server.RaftServerConfigKeys (ConfUtils.java:logGet(46)) - raft.server.log.segment.cache.size.max = 200MB (=209715200) (default)
2022-07-02 07:19:51,515 [pool-119-thread-1] INFO  segmented.SegmentedRaftLogWorker (SegmentedRaftLogWorker.java:<init>(187)) - new 419d88b6-03c8-4180-a8b8-c3be8294e19d@group-F47CE1271F7E-SegmentedRaftLogWorker for RaftStorageImpl:Storage Directory /home/runner/work/ozone/ozone/hadoop-ozone/integration-test/target/test-dir/MiniOzoneClusterImpl-2384df39-2793-4e2f-8252-b182c7f166b5/datanode-2/data/ratis/b2f6f3fc-880e-4014-b867-f47ce1271f7e
2022-07-02 07:19:51,515 [pool-119-thread-1] INFO  server.RaftServerConfigKeys (ConfUtils.java:logGet(46)) - raft.server.log.queue.byte-limit = 4294967296 (custom)
2022-07-02 07:19:51,515 [pool-119-thread-1] INFO  server.RaftServerConfigKeys (ConfUtils.java:logGet(46)) - raft.server.log.queue.element-limit = 1024 (custom)
2022-07-02 07:19:51,515 [pool-119-thread-1] INFO  server.RaftServerConfigKeys (ConfUtils.java:logGet(46)) - raft.server.log.segment.size.max = 1048576 (custom)
2022-07-02 07:19:51,515 [pool-119-thread-1] INFO  server.RaftServerConfigKeys (ConfUtils.java:logGet(46)) - raft.server.log.preallocated.size = 16384 (custom)
2022-07-02 07:19:51,515 [pool-119-thread-1] INFO  server.RaftServerConfigKeys (ConfUtils.java:logGet(46)) - raft.server.log.force.sync.num = 128 (default)
2022-07-02 07:19:51,515 [pool-119-thread-1] INFO  server.RaftServerConfigKeys (ConfUtils.java:logGet(46)) - raft.server.log.statemachine.data.sync = true (default)
2022-07-02 07:19:51,515 [pool-119-thread-1] INFO  server.RaftServerConfigKeys (ConfUtils.java:logGet(46)) - raft.server.log.statemachine.data.sync.timeout = 10s (default)
2022-07-02 07:19:51,515 [pool-119-thread-1] INFO  server.RaftServerConfigKeys (ConfUtils.java:logGet(46)) - raft.server.log.statemachine.data.sync.timeout.retry = -1 (default)
2022-07-02 07:19:51,519 [pool-119-thread-1] INFO  server.RaftServerConfigKeys (ConfUtils.java:logGet(46)) - raft.server.log.write.buffer.size = 1048576 (custom)
2022-07-02 07:19:51,520 [pool-119-thread-1] INFO  server.RaftServerConfigKeys (ConfUtils.java:logGet(46)) - raft.server.log.unsafe-flush.enabled = false (default)
2022-07-02 07:19:51,526 [pool-119-thread-1] INFO  server.RaftServerConfigKeys (ConfUtils.java:logGet(46)) - raft.server.log.statemachine.data.caching.enabled = true (custom)
2022-07-02 07:19:51,526 [pool-119-thread-1] INFO  segmented.SegmentedRaftLogWorker (SegmentedRaftLogWorker.java:lambda$new$0(135)) - 419d88b6-03c8-4180-a8b8-c3be8294e19d@group-F47CE1271F7E-SegmentedRaftLogWorker: flushIndex: setUnconditionally 0 -> -1
2022-07-02 07:19:51,527 [pool-119-thread-1] INFO  segmented.SegmentedRaftLogWorker (SegmentedRaftLogWorker.java:lambda$new$0(135)) - 419d88b6-03c8-4180-a8b8-c3be8294e19d@group-F47CE1271F7E-SegmentedRaftLogWorker: safeCacheEvictIndex: setUnconditionally 0 -> -1
2022-07-02 07:19:51,522 [EventQueue-OpenPipelineForHealthyPipelineSafeModeRule] INFO  safemode.SCMSafeModeManager (HealthyPipelineSafeModeRule.java:process(124)) - SCM in safe mode. Healthy pipelines reported count is 0, required healthy pipeline reported count is 1
2022-07-02 07:19:51,531 [pool-119-thread-1] INFO  server.RaftServerConfigKeys (ConfUtils.java:logGet(46)) - raft.server.snapshot.auto.trigger.enabled = true (custom)
2022-07-02 07:19:51,531 [pool-119-thread-1] INFO  server.RaftServerConfigKeys (ConfUtils.java:logGet(46)) - raft.server.snapshot.auto.trigger.threshold = 10000 (custom)
2022-07-02 07:19:51,531 [pool-119-thread-1] INFO  server.RaftServerConfigKeys (ConfUtils.java:logGet(46)) - raft.server.snapshot.retention.file.num = 5 (custom)
2022-07-02 07:19:51,531 [pool-119-thread-1] INFO  server.RaftServerConfigKeys (ConfUtils.java:logGet(46)) - raft.server.log.purge.upto.snapshot.index = false (default)
2022-07-02 07:19:51,531 [pool-119-thread-1] INFO  server.RaftServerConfigKeys (ConfUtils.java:logGet(46)) - raft.server.retrycache.expirytime = 600000ms (custom)
2022-07-02 07:19:51,532 [pool-119-thread-1] INFO  server.RaftServerConfigKeys (ConfUtils.java:logGet(46)) - raft.server.retrycache.statistics.expirytime = 100μs (default)
2022-07-02 07:19:51,535 [pool-119-thread-1] INFO  server.RaftServerConfigKeys (ConfUtils.java:logGet(46)) - raft.server.log.appender.install.snapshot.enabled = false (custom)
2022-07-02 07:19:51,535 [pool-119-thread-1] INFO  server.RaftServerConfigKeys (ConfUtils.java:logGet(46)) - raft.server.threadpool.server.cached = true (default)
2022-07-02 07:19:51,535 [pool-119-thread-1] INFO  server.RaftServerConfigKeys (ConfUtils.java:logGet(46)) - raft.server.threadpool.server.size = 0 (default)
2022-07-02 07:19:51,536 [pool-119-thread-1] INFO  server.RaftServerConfigKeys (ConfUtils.java:logGet(46)) - raft.server.threadpool.client.cached = true (default)
2022-07-02 07:19:51,536 [pool-119-thread-1] INFO  server.RaftServerConfigKeys (ConfUtils.java:logGet(46)) - raft.server.threadpool.client.size = 0 (default)
2022-07-02 07:19:51,536 [pool-119-thread-1] INFO  server.RaftServer$Division (RaftServerImpl.java:start(310)) - 419d88b6-03c8-4180-a8b8-c3be8294e19d@group-F47CE1271F7E: start as a follower, conf=-1: [da23fa89-fa7d-4455-a39d-25ada925c5c4|rpc:10.1.0.20:43027|priority:0, 419d88b6-03c8-4180-a8b8-c3be8294e19d|rpc:10.1.0.20:37557|priority:1, 86df6d00-7043-4e9f-8d75-9ddb09551a86|rpc:10.1.0.20:35185|priority:0], old=null
2022-07-02 07:19:51,536 [pool-119-thread-1] INFO  server.RaftServer$Division (RaftServerImpl.java:setRole(299)) - 419d88b6-03c8-4180-a8b8-c3be8294e19d@group-F47CE1271F7E: changes role from      null to FOLLOWER at term 0 for startAsFollower
2022-07-02 07:19:51,536 [pool-119-thread-1] INFO  impl.RoleInfo (RoleInfo.java:updateAndGet(139)) - 419d88b6-03c8-4180-a8b8-c3be8294e19d: start 419d88b6-03c8-4180-a8b8-c3be8294e19d@group-F47CE1271F7E-FollowerState
2022-07-02 07:19:51,536 [pool-119-thread-1] INFO  util.JmxRegister (JmxRegister.java:tryRegister(44)) - Successfully registered JMX Bean with object name Ratis:service=RaftServer,group=group-F47CE1271F7E,id=419d88b6-03c8-4180-a8b8-c3be8294e19d
2022-07-02 07:19:51,547 [Command processor thread] INFO  ratis.XceiverServerRatis (XceiverServerRatis.java:addGroup(765)) - Created group PipelineID=b2f6f3fc-880e-4014-b867-f47ce1271f7e
2022-07-02 07:19:51,548 [Command processor thread] INFO  commandhandler.CreatePipelineCommandHandler (CreatePipelineCommandHandler.java:handle(113)) - Created Pipeline RATIS THREE PipelineID=7908fa83-2587-4ece-997b-2f30e3035a5c.
2022-07-02 07:19:51,548 [Command processor thread] INFO  server.RaftServer (RaftServerProxy.java:addNew(96)) - da23fa89-fa7d-4455-a39d-25ada925c5c4: addNew group-F47CE1271F7E:[da23fa89-fa7d-4455-a39d-25ada925c5c4|rpc:10.1.0.20:43027|priority:0, 419d88b6-03c8-4180-a8b8-c3be8294e19d|rpc:10.1.0.20:37557|priority:1, 86df6d00-7043-4e9f-8d75-9ddb09551a86|rpc:10.1.0.20:35185|priority:0] returns group-F47CE1271F7E:java.util.concurrent.CompletableFuture@680bd52d[Not completed]
2022-07-02 07:19:51,549 [pool-73-thread-1] INFO  server.RaftServer$Division (RaftServerImpl.java:<init>(190)) - da23fa89-fa7d-4455-a39d-25ada925c5c4: new RaftServerImpl for group-F47CE1271F7E:[da23fa89-fa7d-4455-a39d-25ada925c5c4|rpc:10.1.0.20:43027|priority:0, 419d88b6-03c8-4180-a8b8-c3be8294e19d|rpc:10.1.0.20:37557|priority:1, 86df6d00-7043-4e9f-8d75-9ddb09551a86|rpc:10.1.0.20:35185|priority:0] with ContainerStateMachine:uninitialized
2022-07-02 07:19:51,552 [pool-73-thread-1] INFO  server.RaftServerConfigKeys (ConfUtils.java:logGet(46)) - raft.server.rpc.timeout.min = 5s (custom)
2022-07-02 07:19:51,553 [pool-73-thread-1] INFO  server.RaftServerConfigKeys (ConfUtils.java:logGet(46)) - raft.server.rpc.timeout.max = 5200ms (custom)
2022-07-02 07:19:51,553 [pool-73-thread-1] INFO  server.RaftServerConfigKeys (ConfUtils.java:logGet(46)) - raft.server.rpc.sleep.time = 25ms (default)
2022-07-02 07:19:51,553 [pool-73-thread-1] INFO  server.RaftServerConfigKeys (ConfUtils.java:logGet(46)) - raft.server.rpc.slowness.timeout = 300s (custom)
2022-07-02 07:19:51,553 [pool-73-thread-1] INFO  server.RaftServerConfigKeys (ConfUtils.java:logGet(46)) - raft.server.leaderelection.leader.step-down.wait-time = 10s (default)
2022-07-02 07:19:51,553 [pool-73-thread-1] INFO  server.RaftServerConfigKeys (ConfUtils.java:logGet(46)) - raft.server.sleep.deviation.threshold = 300ms (default)
2022-07-02 07:19:51,553 [pool-73-thread-1] INFO  server.RaftServer$Division (ServerState.java:<init>(107)) - da23fa89-fa7d-4455-a39d-25ada925c5c4@group-F47CE1271F7E: ConfigurationManager, init=-1: [da23fa89-fa7d-4455-a39d-25ada925c5c4|rpc:10.1.0.20:43027|priority:0, 419d88b6-03c8-4180-a8b8-c3be8294e19d|rpc:10.1.0.20:37557|priority:1, 86df6d00-7043-4e9f-8d75-9ddb09551a86|rpc:10.1.0.20:35185|priority:0], old=null, confs=<EMPTY_MAP>
2022-07-02 07:19:51,553 [pool-73-thread-1] INFO  server.RaftServerConfigKeys (ConfUtils.java:logGet(46)) - raft.server.storage.dir = [/home/runner/work/ozone/ozone/hadoop-ozone/integration-test/target/test-dir/MiniOzoneClusterImpl-2384df39-2793-4e2f-8252-b182c7f166b5/datanode-0/data/ratis] (custom)
2022-07-02 07:19:51,553 [pool-73-thread-1] INFO  server.RaftServerConfigKeys (ConfUtils.java:logGet(46)) - raft.server.log.corruption.policy = EXCEPTION (default)
2022-07-02 07:19:51,553 [pool-73-thread-1] INFO  server.RaftServerConfigKeys (ConfUtils.java:logGet(46)) - raft.server.storage.free-space.min = 0MB (=0) (default)
2022-07-02 07:19:51,553 [pool-73-thread-1] INFO  storage.RaftStorageDirectory (RaftStorageDirectoryImpl.java:analyzeStorage(135)) - The storage directory /home/runner/work/ozone/ozone/hadoop-ozone/integration-test/target/test-dir/MiniOzoneClusterImpl-2384df39-2793-4e2f-8252-b182c7f166b5/datanode-0/data/ratis/b2f6f3fc-880e-4014-b867-f47ce1271f7e does not exist. Creating ...
2022-07-02 07:19:51,558 [pool-73-thread-1] INFO  storage.RaftStorageDirectory (RaftStorageDirectoryImpl.java:tryLock(230)) - Lock on /home/runner/work/ozone/ozone/hadoop-ozone/integration-test/target/test-dir/MiniOzoneClusterImpl-2384df39-2793-4e2f-8252-b182c7f166b5/datanode-0/data/ratis/b2f6f3fc-880e-4014-b867-f47ce1271f7e/in_use.lock acquired by nodename 16391@fv-az444-838
2022-07-02 07:19:51,559 [pool-73-thread-1] INFO  storage.RaftStorage (RaftStorageImpl.java:format(89)) - Storage directory /home/runner/work/ozone/ozone/hadoop-ozone/integration-test/target/test-dir/MiniOzoneClusterImpl-2384df39-2793-4e2f-8252-b182c7f166b5/datanode-0/data/ratis/b2f6f3fc-880e-4014-b867-f47ce1271f7e has been successfully formatted.
2022-07-02 07:19:51,564 [grpc-default-executor-1] INFO  server.RaftServer (RaftServerProxy.java:addNew(96)) - 86df6d00-7043-4e9f-8d75-9ddb09551a86: addNew group-F47CE1271F7E:[da23fa89-fa7d-4455-a39d-25ada925c5c4|rpc:10.1.0.20:43027|dataStream:|priority:0, 419d88b6-03c8-4180-a8b8-c3be8294e19d|rpc:10.1.0.20:37557|dataStream:|priority:1, 86df6d00-7043-4e9f-8d75-9ddb09551a86|rpc:10.1.0.20:35185|dataStream:|priority:0] returns group-F47CE1271F7E:java.util.concurrent.CompletableFuture@71d139e9[Not completed]
2022-07-02 07:19:51,565 [pool-73-thread-1] INFO  ratis.ContainerStateMachine (ContainerStateMachine.java:loadSnapshot(236)) - group-F47CE1271F7E: The snapshot info is null. Setting the last applied indexto:(t:0, i:~)
2022-07-02 07:19:51,565 [pool-73-thread-1] INFO  server.RaftServerConfigKeys (ConfUtils.java:logGet(46)) - raft.server.notification.no-leader.timeout = 300s (custom)
2022-07-02 07:19:51,565 [pool-73-thread-1] INFO  server.RaftServerConfigKeys (ConfUtils.java:logGet(46)) - raft.server.log.use.memory = false (default)
2022-07-02 07:19:51,565 [pool-73-thread-1] INFO  server.RaftServerConfigKeys (ConfUtils.java:logGet(46)) - raft.server.log.purge.gap = 1000000 (custom)
2022-07-02 07:19:51,565 [pool-73-thread-1] INFO  server.RaftServerConfigKeys (ConfUtils.java:logGet(46)) - raft.server.log.appender.buffer.byte-limit = 33554432 (custom)
2022-07-02 07:19:51,565 [pool-73-thread-1] INFO  server.RaftServerConfigKeys (ConfUtils.java:logGet(46)) - raft.server.log.statemachine.data.read.timeout = 1000ms (default)
2022-07-02 07:19:51,565 [pool-96-thread-1] INFO  server.RaftServer$Division (RaftServerImpl.java:<init>(190)) - 86df6d00-7043-4e9f-8d75-9ddb09551a86: new RaftServerImpl for group-F47CE1271F7E:[da23fa89-fa7d-4455-a39d-25ada925c5c4|rpc:10.1.0.20:43027|dataStream:|priority:0, 419d88b6-03c8-4180-a8b8-c3be8294e19d|rpc:10.1.0.20:37557|dataStream:|priority:1, 86df6d00-7043-4e9f-8d75-9ddb09551a86|rpc:10.1.0.20:35185|dataStream:|priority:0] with ContainerStateMachine:uninitialized
2022-07-02 07:19:51,565 [pool-73-thread-1] INFO  server.RaftServerConfigKeys (ConfUtils.java:logGet(46)) - raft.server.log.segment.size.max = 1048576 (custom)
2022-07-02 07:19:51,565 [pool-96-thread-1] INFO  server.RaftServerConfigKeys (ConfUtils.java:logGet(46)) - raft.server.rpc.timeout.min = 5s (custom)
2022-07-02 07:19:51,566 [pool-96-thread-1] INFO  server.RaftServerConfigKeys (ConfUtils.java:logGet(46)) - raft.server.rpc.timeout.max = 5200ms (custom)
2022-07-02 07:19:51,566 [pool-96-thread-1] INFO  server.RaftServerConfigKeys (ConfUtils.java:logGet(46)) - raft.server.rpc.sleep.time = 25ms (default)
2022-07-02 07:19:51,566 [pool-96-thread-1] INFO  server.RaftServerConfigKeys (ConfUtils.java:logGet(46)) - raft.server.rpc.slowness.timeout = 300s (custom)
2022-07-02 07:19:51,566 [pool-96-thread-1] INFO  server.RaftServerConfigKeys (ConfUtils.java:logGet(46)) - raft.server.leaderelection.leader.step-down.wait-time = 10s (default)
2022-07-02 07:19:51,566 [pool-96-thread-1] INFO  server.RaftServerConfigKeys (ConfUtils.java:logGet(46)) - raft.server.sleep.deviation.threshold = 300ms (default)
2022-07-02 07:19:51,566 [pool-73-thread-1] INFO  server.RaftServerConfigKeys (ConfUtils.java:logGet(46)) - raft.server.log.segment.cache.num.max = 2 (custom)
2022-07-02 07:19:51,566 [pool-96-thread-1] INFO  server.RaftServer$Division (ServerState.java:<init>(107)) - 86df6d00-7043-4e9f-8d75-9ddb09551a86@group-F47CE1271F7E: ConfigurationManager, init=-1: [da23fa89-fa7d-4455-a39d-25ada925c5c4|rpc:10.1.0.20:43027|dataStream:|priority:0, 419d88b6-03c8-4180-a8b8-c3be8294e19d|rpc:10.1.0.20:37557|dataStream:|priority:1, 86df6d00-7043-4e9f-8d75-9ddb09551a86|rpc:10.1.0.20:35185|dataStream:|priority:0], old=null, confs=<EMPTY_MAP>
2022-07-02 07:19:51,566 [pool-73-thread-1] INFO  server.RaftServerConfigKeys (ConfUtils.java:logGet(46)) - raft.server.log.segment.cache.size.max = 200MB (=209715200) (default)
2022-07-02 07:19:51,566 [pool-96-thread-1] INFO  server.RaftServerConfigKeys (ConfUtils.java:logGet(46)) - raft.server.storage.dir = [/home/runner/work/ozone/ozone/hadoop-ozone/integration-test/target/test-dir/MiniOzoneClusterImpl-2384df39-2793-4e2f-8252-b182c7f166b5/datanode-1/data/ratis] (custom)
2022-07-02 07:19:51,566 [pool-73-thread-1] INFO  segmented.SegmentedRaftLogWorker (SegmentedRaftLogWorker.java:<init>(187)) - new da23fa89-fa7d-4455-a39d-25ada925c5c4@group-F47CE1271F7E-SegmentedRaftLogWorker for RaftStorageImpl:Storage Directory /home/runner/work/ozone/ozone/hadoop-ozone/integration-test/target/test-dir/MiniOzoneClusterImpl-2384df39-2793-4e2f-8252-b182c7f166b5/datanode-0/data/ratis/b2f6f3fc-880e-4014-b867-f47ce1271f7e
2022-07-02 07:19:51,566 [pool-73-thread-1] INFO  server.RaftServerConfigKeys (ConfUtils.java:logGet(46)) - raft.server.log.queue.byte-limit = 4294967296 (custom)
2022-07-02 07:19:51,566 [pool-96-thread-1] INFO  server.RaftServerConfigKeys (ConfUtils.java:logGet(46)) - raft.server.log.corruption.policy = EXCEPTION (default)
2022-07-02 07:19:51,566 [pool-73-thread-1] INFO  server.RaftServerConfigKeys (ConfUtils.java:logGet(46)) - raft.server.log.queue.element-limit = 1024 (custom)
2022-07-02 07:19:51,566 [pool-73-thread-1] INFO  server.RaftServerConfigKeys (ConfUtils.java:logGet(46)) - raft.server.log.segment.size.max = 1048576 (custom)
2022-07-02 07:19:51,566 [pool-73-thread-1] INFO  server.RaftServerConfigKeys (ConfUtils.java:logGet(46)) - raft.server.log.preallocated.size = 16384 (custom)
2022-07-02 07:19:51,566 [pool-73-thread-1] INFO  server.RaftServerConfigKeys (ConfUtils.java:logGet(46)) - raft.server.log.force.sync.num = 128 (default)
2022-07-02 07:19:51,566 [pool-73-thread-1] INFO  server.RaftServerConfigKeys (ConfUtils.java:logGet(46)) - raft.server.log.statemachine.data.sync = true (default)
2022-07-02 07:19:51,567 [pool-73-thread-1] INFO  server.RaftServerConfigKeys (ConfUtils.java:logGet(46)) - raft.server.log.statemachine.data.sync.timeout = 10s (default)
2022-07-02 07:19:51,567 [pool-73-thread-1] INFO  server.RaftServerConfigKeys (ConfUtils.java:logGet(46)) - raft.server.log.statemachine.data.sync.timeout.retry = -1 (default)
2022-07-02 07:19:51,566 [pool-96-thread-1] INFO  server.RaftServerConfigKeys (ConfUtils.java:logGet(46)) - raft.server.storage.free-space.min = 0MB (=0) (default)
2022-07-02 07:19:51,567 [pool-96-thread-1] INFO  storage.RaftStorageDirectory (RaftStorageDirectoryImpl.java:analyzeStorage(135)) - The storage directory /home/runner/work/ozone/ozone/hadoop-ozone/integration-test/target/test-dir/MiniOzoneClusterImpl-2384df39-2793-4e2f-8252-b182c7f166b5/datanode-1/data/ratis/b2f6f3fc-880e-4014-b867-f47ce1271f7e does not exist. Creating ...
2022-07-02 07:19:51,567 [pool-73-thread-1] INFO  server.RaftServerConfigKeys (ConfUtils.java:logGet(46)) - raft.server.log.write.buffer.size = 1048576 (custom)
2022-07-02 07:19:51,567 [pool-73-thread-1] INFO  server.RaftServerConfigKeys (ConfUtils.java:logGet(46)) - raft.server.log.unsafe-flush.enabled = false (default)
2022-07-02 07:19:51,568 [pool-73-thread-1] INFO  server.RaftServerConfigKeys (ConfUtils.java:logGet(46)) - raft.server.log.statemachine.data.caching.enabled = true (custom)
2022-07-02 07:19:51,568 [pool-73-thread-1] INFO  segmented.SegmentedRaftLogWorker (SegmentedRaftLogWorker.java:lambda$new$0(135)) - da23fa89-fa7d-4455-a39d-25ada925c5c4@group-F47CE1271F7E-SegmentedRaftLogWorker: flushIndex: setUnconditionally 0 -> -1
2022-07-02 07:19:51,568 [pool-73-thread-1] INFO  segmented.SegmentedRaftLogWorker (SegmentedRaftLogWorker.java:lambda$new$0(135)) - da23fa89-fa7d-4455-a39d-25ada925c5c4@group-F47CE1271F7E-SegmentedRaftLogWorker: safeCacheEvictIndex: setUnconditionally 0 -> -1
2022-07-02 07:19:51,568 [pool-73-thread-1] INFO  server.RaftServerConfigKeys (ConfUtils.java:logGet(46)) - raft.server.snapshot.auto.trigger.enabled = true (custom)
2022-07-02 07:19:51,568 [pool-73-thread-1] INFO  server.RaftServerConfigKeys (ConfUtils.java:logGet(46)) - raft.server.snapshot.auto.trigger.threshold = 10000 (custom)
2022-07-02 07:19:51,568 [pool-96-thread-1] INFO  storage.RaftStorageDirectory (RaftStorageDirectoryImpl.java:tryLock(230)) - Lock on /home/runner/work/ozone/ozone/hadoop-ozone/integration-test/target/test-dir/MiniOzoneClusterImpl-2384df39-2793-4e2f-8252-b182c7f166b5/datanode-1/data/ratis/b2f6f3fc-880e-4014-b867-f47ce1271f7e/in_use.lock acquired by nodename 16391@fv-az444-838
2022-07-02 07:19:51,568 [pool-73-thread-1] INFO  server.RaftServerConfigKeys (ConfUtils.java:logGet(46)) - raft.server.snapshot.retention.file.num = 5 (custom)
2022-07-02 07:19:51,568 [pool-73-thread-1] INFO  server.RaftServerConfigKeys (ConfUtils.java:logGet(46)) - raft.server.log.purge.upto.snapshot.index = false (default)
2022-07-02 07:19:51,568 [pool-73-thread-1] INFO  server.RaftServerConfigKeys (ConfUtils.java:logGet(46)) - raft.server.retrycache.expirytime = 600000ms (custom)
2022-07-02 07:19:51,569 [pool-73-thread-1] INFO  server.RaftServerConfigKeys (ConfUtils.java:logGet(46)) - raft.server.retrycache.statistics.expirytime = 100μs (default)
2022-07-02 07:19:51,570 [pool-73-thread-1] INFO  server.RaftServerConfigKeys (ConfUtils.java:logGet(46)) - raft.server.log.appender.install.snapshot.enabled = false (custom)
2022-07-02 07:19:51,570 [pool-96-thread-1] INFO  storage.RaftStorage (RaftStorageImpl.java:format(89)) - Storage directory /home/runner/work/ozone/ozone/hadoop-ozone/integration-test/target/test-dir/MiniOzoneClusterImpl-2384df39-2793-4e2f-8252-b182c7f166b5/datanode-1/data/ratis/b2f6f3fc-880e-4014-b867-f47ce1271f7e has been successfully formatted.
2022-07-02 07:19:51,570 [pool-73-thread-1] INFO  server.RaftServerConfigKeys (ConfUtils.java:logGet(46)) - raft.server.threadpool.server.cached = true (default)
2022-07-02 07:19:51,570 [pool-73-thread-1] INFO  server.RaftServerConfigKeys (ConfUtils.java:logGet(46)) - raft.server.threadpool.server.size = 0 (default)
2022-07-02 07:19:51,570 [pool-73-thread-1] INFO  server.RaftServerConfigKeys (ConfUtils.java:logGet(46)) - raft.server.threadpool.client.cached = true (default)
2022-07-02 07:19:51,570 [pool-96-thread-1] INFO  ratis.ContainerStateMachine (ContainerStateMachine.java:loadSnapshot(236)) - group-F47CE1271F7E: The snapshot info is null. Setting the last applied indexto:(t:0, i:~)
2022-07-02 07:19:51,570 [pool-96-thread-1] INFO  server.RaftServerConfigKeys (ConfUtils.java:logGet(46)) - raft.server.notification.no-leader.timeout = 300s (custom)
2022-07-02 07:19:51,570 [pool-96-thread-1] INFO  server.RaftServerConfigKeys (ConfUtils.java:logGet(46)) - raft.server.log.use.memory = false (default)
2022-07-02 07:19:51,570 [pool-96-thread-1] INFO  server.RaftServerConfigKeys (ConfUtils.java:logGet(46)) - raft.server.log.purge.gap = 1000000 (custom)
2022-07-02 07:19:51,570 [pool-96-thread-1] INFO  server.RaftServerConfigKeys (ConfUtils.java:logGet(46)) - raft.server.log.appender.buffer.byte-limit = 33554432 (custom)
2022-07-02 07:19:51,571 [pool-96-thread-1] INFO  server.RaftServerConfigKeys (ConfUtils.java:logGet(46)) - raft.server.log.statemachine.data.read.timeout = 1000ms (default)
2022-07-02 07:19:51,571 [pool-96-thread-1] INFO  server.RaftServerConfigKeys (ConfUtils.java:logGet(46)) - raft.server.log.segment.size.max = 1048576 (custom)
2022-07-02 07:19:51,571 [pool-96-thread-1] INFO  server.RaftServerConfigKeys (ConfUtils.java:logGet(46)) - raft.server.log.segment.cache.num.max = 2 (custom)
2022-07-02 07:19:51,571 [pool-96-thread-1] INFO  server.RaftServerConfigKeys (ConfUtils.java:logGet(46)) - raft.server.log.segment.cache.size.max = 200MB (=209715200) (default)
2022-07-02 07:19:51,571 [pool-96-thread-1] INFO  segmented.SegmentedRaftLogWorker (SegmentedRaftLogWorker.java:<init>(187)) - new 86df6d00-7043-4e9f-8d75-9ddb09551a86@group-F47CE1271F7E-SegmentedRaftLogWorker for RaftStorageImpl:Storage Directory /home/runner/work/ozone/ozone/hadoop-ozone/integration-test/target/test-dir/MiniOzoneClusterImpl-2384df39-2793-4e2f-8252-b182c7f166b5/datanode-1/data/ratis/b2f6f3fc-880e-4014-b867-f47ce1271f7e
2022-07-02 07:19:51,571 [pool-96-thread-1] INFO  server.RaftServerConfigKeys (ConfUtils.java:logGet(46)) - raft.server.log.queue.byte-limit = 4294967296 (custom)
2022-07-02 07:19:51,571 [pool-96-thread-1] INFO  server.RaftServerConfigKeys (ConfUtils.java:logGet(46)) - raft.server.log.queue.element-limit = 1024 (custom)
2022-07-02 07:19:51,571 [pool-96-thread-1] INFO  server.RaftServerConfigKeys (ConfUtils.java:logGet(46)) - raft.server.log.segment.size.max = 1048576 (custom)
2022-07-02 07:19:51,571 [pool-96-thread-1] INFO  server.RaftServerConfigKeys (ConfUtils.java:logGet(46)) - raft.server.log.preallocated.size = 16384 (custom)
2022-07-02 07:19:51,571 [pool-96-thread-1] INFO  server.RaftServerConfigKeys (ConfUtils.java:logGet(46)) - raft.server.log.force.sync.num = 128 (default)
2022-07-02 07:19:51,571 [pool-96-thread-1] INFO  server.RaftServerConfigKeys (ConfUtils.java:logGet(46)) - raft.server.log.statemachine.data.sync = true (default)
2022-07-02 07:19:51,572 [pool-96-thread-1] INFO  server.RaftServerConfigKeys (ConfUtils.java:logGet(46)) - raft.server.log.statemachine.data.sync.timeout = 10s (default)
2022-07-02 07:19:51,572 [pool-96-thread-1] INFO  server.RaftServerConfigKeys (ConfUtils.java:logGet(46)) - raft.server.log.statemachine.data.sync.timeout.retry = -1 (default)
2022-07-02 07:19:51,572 [pool-96-thread-1] INFO  server.RaftServerConfigKeys (ConfUtils.java:logGet(46)) - raft.server.log.write.buffer.size = 1048576 (custom)
2022-07-02 07:19:51,573 [pool-96-thread-1] INFO  server.RaftServerConfigKeys (ConfUtils.java:logGet(46)) - raft.server.log.unsafe-flush.enabled = false (default)
2022-07-02 07:19:51,573 [pool-96-thread-1] INFO  server.RaftServerConfigKeys (ConfUtils.java:logGet(46)) - raft.server.log.statemachine.data.caching.enabled = true (custom)
2022-07-02 07:19:51,573 [pool-96-thread-1] INFO  segmented.SegmentedRaftLogWorker (SegmentedRaftLogWorker.java:lambda$new$0(135)) - 86df6d00-7043-4e9f-8d75-9ddb09551a86@group-F47CE1271F7E-SegmentedRaftLogWorker: flushIndex: setUnconditionally 0 -> -1
2022-07-02 07:19:51,573 [pool-96-thread-1] INFO  segmented.SegmentedRaftLogWorker (SegmentedRaftLogWorker.java:lambda$new$0(135)) - 86df6d00-7043-4e9f-8d75-9ddb09551a86@group-F47CE1271F7E-SegmentedRaftLogWorker: safeCacheEvictIndex: setUnconditionally 0 -> -1
2022-07-02 07:19:51,570 [pool-73-thread-1] INFO  server.RaftServerConfigKeys (ConfUtils.java:logGet(46)) - raft.server.threadpool.client.size = 0 (default)
2022-07-02 07:19:51,574 [pool-73-thread-1] INFO  server.RaftServer$Division (RaftServerImpl.java:start(310)) - da23fa89-fa7d-4455-a39d-25ada925c5c4@group-F47CE1271F7E: start as a follower, conf=-1: [da23fa89-fa7d-4455-a39d-25ada925c5c4|rpc:10.1.0.20:43027|priority:0, 419d88b6-03c8-4180-a8b8-c3be8294e19d|rpc:10.1.0.20:37557|priority:1, 86df6d00-7043-4e9f-8d75-9ddb09551a86|rpc:10.1.0.20:35185|priority:0], old=null
2022-07-02 07:19:51,574 [pool-73-thread-1] INFO  server.RaftServer$Division (RaftServerImpl.java:setRole(299)) - da23fa89-fa7d-4455-a39d-25ada925c5c4@group-F47CE1271F7E: changes role from      null to FOLLOWER at term 0 for startAsFollower
2022-07-02 07:19:51,574 [pool-96-thread-1] INFO  server.RaftServerConfigKeys (ConfUtils.java:logGet(46)) - raft.server.snapshot.auto.trigger.enabled = true (custom)
2022-07-02 07:19:51,574 [pool-96-thread-1] INFO  server.RaftServerConfigKeys (ConfUtils.java:logGet(46)) - raft.server.snapshot.auto.trigger.threshold = 10000 (custom)
2022-07-02 07:19:51,574 [pool-96-thread-1] INFO  server.RaftServerConfigKeys (ConfUtils.java:logGet(46)) - raft.server.snapshot.retention.file.num = 5 (custom)
2022-07-02 07:19:51,574 [pool-96-thread-1] INFO  server.RaftServerConfigKeys (ConfUtils.java:logGet(46)) - raft.server.log.purge.upto.snapshot.index = false (default)
2022-07-02 07:19:51,574 [pool-96-thread-1] INFO  server.RaftServerConfigKeys (ConfUtils.java:logGet(46)) - raft.server.retrycache.expirytime = 600000ms (custom)
2022-07-02 07:19:51,574 [pool-96-thread-1] INFO  server.RaftServerConfigKeys (ConfUtils.java:logGet(46)) - raft.server.retrycache.statistics.expirytime = 100μs (default)
2022-07-02 07:19:51,575 [pool-96-thread-1] INFO  server.RaftServerConfigKeys (ConfUtils.java:logGet(46)) - raft.server.log.appender.install.snapshot.enabled = false (custom)
2022-07-02 07:19:51,575 [pool-96-thread-1] INFO  server.RaftServerConfigKeys (ConfUtils.java:logGet(46)) - raft.server.threadpool.server.cached = true (default)
2022-07-02 07:19:51,575 [pool-96-thread-1] INFO  server.RaftServerConfigKeys (ConfUtils.java:logGet(46)) - raft.server.threadpool.server.size = 0 (default)
2022-07-02 07:19:51,576 [pool-96-thread-1] INFO  server.RaftServerConfigKeys (ConfUtils.java:logGet(46)) - raft.server.threadpool.client.cached = true (default)
2022-07-02 07:19:51,576 [pool-96-thread-1] INFO  server.RaftServerConfigKeys (ConfUtils.java:logGet(46)) - raft.server.threadpool.client.size = 0 (default)
2022-07-02 07:19:51,576 [pool-96-thread-1] INFO  server.RaftServer$Division (RaftServerImpl.java:start(310)) - 86df6d00-7043-4e9f-8d75-9ddb09551a86@group-F47CE1271F7E: start as a follower, conf=-1: [da23fa89-fa7d-4455-a39d-25ada925c5c4|rpc:10.1.0.20:43027|dataStream:|priority:0, 419d88b6-03c8-4180-a8b8-c3be8294e19d|rpc:10.1.0.20:37557|dataStream:|priority:1, 86df6d00-7043-4e9f-8d75-9ddb09551a86|rpc:10.1.0.20:35185|dataStream:|priority:0], old=null
2022-07-02 07:19:51,576 [pool-96-thread-1] INFO  server.RaftServer$Division (RaftServerImpl.java:setRole(299)) - 86df6d00-7043-4e9f-8d75-9ddb09551a86@group-F47CE1271F7E: changes role from      null to FOLLOWER at term 0 for startAsFollower
2022-07-02 07:19:51,576 [pool-96-thread-1] INFO  impl.RoleInfo (RoleInfo.java:updateAndGet(139)) - 86df6d00-7043-4e9f-8d75-9ddb09551a86: start 86df6d00-7043-4e9f-8d75-9ddb09551a86@group-F47CE1271F7E-FollowerState
2022-07-02 07:19:51,577 [pool-73-thread-1] INFO  impl.RoleInfo (RoleInfo.java:updateAndGet(139)) - da23fa89-fa7d-4455-a39d-25ada925c5c4: start da23fa89-fa7d-4455-a39d-25ada925c5c4@group-F47CE1271F7E-FollowerState
2022-07-02 07:19:51,578 [pool-96-thread-1] INFO  util.JmxRegister (JmxRegister.java:tryRegister(44)) - Successfully registered JMX Bean with object name Ratis:service=RaftServer,group=group-F47CE1271F7E,id=86df6d00-7043-4e9f-8d75-9ddb09551a86
2022-07-02 07:19:51,580 [pool-73-thread-1] INFO  util.JmxRegister (JmxRegister.java:tryRegister(44)) - Successfully registered JMX Bean with object name Ratis:service=RaftServer,group=group-F47CE1271F7E,id=da23fa89-fa7d-4455-a39d-25ada925c5c4
2022-07-02 07:19:51,586 [Command processor thread] INFO  ratis.XceiverServerRatis (XceiverServerRatis.java:addGroup(765)) - Created group PipelineID=b2f6f3fc-880e-4014-b867-f47ce1271f7e
2022-07-02 07:19:51,593 [EventQueue-OpenPipelineForHealthyPipelineSafeModeRule] INFO  safemode.SCMSafeModeManager (HealthyPipelineSafeModeRule.java:process(124)) - SCM in safe mode. Healthy pipelines reported count is 0, required healthy pipeline reported count is 1
2022-07-02 07:19:51,596 [EventQueue-OpenPipelineForHealthyPipelineSafeModeRule] INFO  safemode.SCMSafeModeManager (HealthyPipelineSafeModeRule.java:process(124)) - SCM in safe mode. Healthy pipelines reported count is 0, required healthy pipeline reported count is 1
2022-07-02 07:19:51,606 [Command processor thread] INFO  commandhandler.CreatePipelineCommandHandler (CreatePipelineCommandHandler.java:handle(113)) - Created Pipeline RATIS THREE PipelineID=7908fa83-2587-4ece-997b-2f30e3035a5c.
2022-07-02 07:19:51,665 [Command processor thread] INFO  commandhandler.CreatePipelineCommandHandler (CreatePipelineCommandHandler.java:handle(113)) - Created Pipeline RATIS THREE PipelineID=b2f6f3fc-880e-4014-b867-f47ce1271f7e.
2022-07-02 07:19:51,677 [Command processor thread] INFO  commandhandler.CreatePipelineCommandHandler (CreatePipelineCommandHandler.java:handle(113)) - Created Pipeline RATIS THREE PipelineID=b2f6f3fc-880e-4014-b867-f47ce1271f7e.
2022-07-02 07:19:51,798 [Command processor thread] INFO  server.RaftServer (RaftServerProxy.java:addNew(96)) - dc0e6785-2ef3-43a4-ac1a-d32fe23dc755: addNew group-D550E8CD3650:[dc0e6785-2ef3-43a4-ac1a-d32fe23dc755|rpc:10.1.0.20:39655|priority:1] returns group-D550E8CD3650:java.util.concurrent.CompletableFuture@2a4ac98b[Not completed]
2022-07-02 07:19:51,803 [pool-142-thread-1] INFO  server.RaftServer$Division (RaftServerImpl.java:<init>(190)) - dc0e6785-2ef3-43a4-ac1a-d32fe23dc755: new RaftServerImpl for group-D550E8CD3650:[dc0e6785-2ef3-43a4-ac1a-d32fe23dc755|rpc:10.1.0.20:39655|priority:1] with ContainerStateMachine:uninitialized
2022-07-02 07:19:51,803 [pool-142-thread-1] INFO  server.RaftServerConfigKeys (ConfUtils.java:logGet(46)) - raft.server.rpc.timeout.min = 5s (custom)
2022-07-02 07:19:51,803 [pool-142-thread-1] INFO  server.RaftServerConfigKeys (ConfUtils.java:logGet(46)) - raft.server.rpc.timeout.max = 5200ms (custom)
2022-07-02 07:19:51,803 [pool-142-thread-1] INFO  server.RaftServerConfigKeys (ConfUtils.java:logGet(46)) - raft.server.rpc.sleep.time = 25ms (default)
2022-07-02 07:19:51,803 [pool-142-thread-1] INFO  server.RaftServerConfigKeys (ConfUtils.java:logGet(46)) - raft.server.rpc.slowness.timeout = 300s (custom)
2022-07-02 07:19:51,803 [pool-142-thread-1] INFO  server.RaftServerConfigKeys (ConfUtils.java:logGet(46)) - raft.server.leaderelection.leader.step-down.wait-time = 10s (default)
2022-07-02 07:19:51,804 [pool-142-thread-1] INFO  server.RaftServerConfigKeys (ConfUtils.java:logGet(46)) - raft.server.sleep.deviation.threshold = 300ms (default)
2022-07-02 07:19:51,804 [pool-142-thread-1] INFO  server.RaftServer$Division (ServerState.java:<init>(107)) - dc0e6785-2ef3-43a4-ac1a-d32fe23dc755@group-D550E8CD3650: ConfigurationManager, init=-1: [dc0e6785-2ef3-43a4-ac1a-d32fe23dc755|rpc:10.1.0.20:39655|priority:1], old=null, confs=<EMPTY_MAP>
2022-07-02 07:19:51,804 [pool-142-thread-1] INFO  server.RaftServerConfigKeys (ConfUtils.java:logGet(46)) - raft.server.storage.dir = [/home/runner/work/ozone/ozone/hadoop-ozone/integration-test/target/test-dir/MiniOzoneClusterImpl-2384df39-2793-4e2f-8252-b182c7f166b5/datanode-3/data/ratis] (custom)
2022-07-02 07:19:51,804 [pool-142-thread-1] INFO  server.RaftServerConfigKeys (ConfUtils.java:logGet(46)) - raft.server.log.corruption.policy = EXCEPTION (default)
2022-07-02 07:19:51,804 [pool-142-thread-1] INFO  server.RaftServerConfigKeys (ConfUtils.java:logGet(46)) - raft.server.storage.free-space.min = 0MB (=0) (default)
2022-07-02 07:19:51,804 [pool-142-thread-1] INFO  storage.RaftStorageDirectory (RaftStorageDirectoryImpl.java:analyzeStorage(135)) - The storage directory /home/runner/work/ozone/ozone/hadoop-ozone/integration-test/target/test-dir/MiniOzoneClusterImpl-2384df39-2793-4e2f-8252-b182c7f166b5/datanode-3/data/ratis/373fe736-41ed-4a13-b14c-d550e8cd3650 does not exist. Creating ...
2022-07-02 07:19:51,806 [pool-142-thread-1] INFO  storage.RaftStorageDirectory (RaftStorageDirectoryImpl.java:tryLock(230)) - Lock on /home/runner/work/ozone/ozone/hadoop-ozone/integration-test/target/test-dir/MiniOzoneClusterImpl-2384df39-2793-4e2f-8252-b182c7f166b5/datanode-3/data/ratis/373fe736-41ed-4a13-b14c-d550e8cd3650/in_use.lock acquired by nodename 16391@fv-az444-838
2022-07-02 07:19:51,807 [pool-142-thread-1] INFO  storage.RaftStorage (RaftStorageImpl.java:format(89)) - Storage directory /home/runner/work/ozone/ozone/hadoop-ozone/integration-test/target/test-dir/MiniOzoneClusterImpl-2384df39-2793-4e2f-8252-b182c7f166b5/datanode-3/data/ratis/373fe736-41ed-4a13-b14c-d550e8cd3650 has been successfully formatted.
2022-07-02 07:19:51,808 [pool-142-thread-1] INFO  ratis.ContainerStateMachine (ContainerStateMachine.java:loadSnapshot(236)) - group-D550E8CD3650: The snapshot info is null. Setting the last applied indexto:(t:0, i:~)
2022-07-02 07:19:51,808 [pool-142-thread-1] INFO  server.RaftServerConfigKeys (ConfUtils.java:logGet(46)) - raft.server.notification.no-leader.timeout = 300s (custom)
2022-07-02 07:19:51,808 [pool-142-thread-1] INFO  server.RaftServerConfigKeys (ConfUtils.java:logGet(46)) - raft.server.log.use.memory = false (default)
2022-07-02 07:19:51,808 [pool-142-thread-1] INFO  server.RaftServerConfigKeys (ConfUtils.java:logGet(46)) - raft.server.log.purge.gap = 1000000 (custom)
2022-07-02 07:19:51,809 [pool-142-thread-1] INFO  server.RaftServerConfigKeys (ConfUtils.java:logGet(46)) - raft.server.log.appender.buffer.byte-limit = 33554432 (custom)
2022-07-02 07:19:51,809 [pool-142-thread-1] INFO  server.RaftServerConfigKeys (ConfUtils.java:logGet(46)) - raft.server.log.statemachine.data.read.timeout = 1000ms (default)
2022-07-02 07:19:51,810 [EventQueue-PipelineReportForPipelineReportHandler] INFO  pipeline.PipelineManagerImpl (PipelineManagerImpl.java:openPipeline(358)) - Pipeline Pipeline[ Id: 373fe736-41ed-4a13-b14c-d550e8cd3650, Nodes: dc0e6785-2ef3-43a4-ac1a-d32fe23dc755{ip: 10.1.0.20, host: fv-az444-838.dthhdds2jluu1c0oa55ndv1hsg.dx.internal.cloudapp.net, ports: [REPLICATION=41063, RATIS=39655, RATIS_ADMIN=39655, RATIS_SERVER=39655, STANDALONE=41315], networkLocation: /default-rack, certSerialId: null, persistedOpState: IN_SERVICE, persistedOpStateExpiryEpochSec: 0}, ReplicationConfig: RATIS/ONE, State:ALLOCATED, leaderId:dc0e6785-2ef3-43a4-ac1a-d32fe23dc755, CreationTimestamp2022-07-02T07:19:48.802Z[Etc/UTC]] moved to OPEN state
2022-07-02 07:19:51,810 [pool-142-thread-1] INFO  server.RaftServerConfigKeys (ConfUtils.java:logGet(46)) - raft.server.log.segment.size.max = 1048576 (custom)
2022-07-02 07:19:51,811 [pool-142-thread-1] INFO  server.RaftServerConfigKeys (ConfUtils.java:logGet(46)) - raft.server.log.segment.cache.num.max = 2 (custom)
2022-07-02 07:19:51,811 [pool-142-thread-1] INFO  server.RaftServerConfigKeys (ConfUtils.java:logGet(46)) - raft.server.log.segment.cache.size.max = 200MB (=209715200) (default)
2022-07-02 07:19:51,811 [pool-142-thread-1] INFO  segmented.SegmentedRaftLogWorker (SegmentedRaftLogWorker.java:<init>(187)) - new dc0e6785-2ef3-43a4-ac1a-d32fe23dc755@group-D550E8CD3650-SegmentedRaftLogWorker for RaftStorageImpl:Storage Directory /home/runner/work/ozone/ozone/hadoop-ozone/integration-test/target/test-dir/MiniOzoneClusterImpl-2384df39-2793-4e2f-8252-b182c7f166b5/datanode-3/data/ratis/373fe736-41ed-4a13-b14c-d550e8cd3650
2022-07-02 07:19:51,811 [pool-142-thread-1] INFO  server.RaftServerConfigKeys (ConfUtils.java:logGet(46)) - raft.server.log.queue.byte-limit = 4294967296 (custom)
2022-07-02 07:19:51,811 [pool-142-thread-1] INFO  server.RaftServerConfigKeys (ConfUtils.java:logGet(46)) - raft.server.log.queue.element-limit = 1024 (custom)
2022-07-02 07:19:51,811 [pool-142-thread-1] INFO  server.RaftServerConfigKeys (ConfUtils.java:logGet(46)) - raft.server.log.segment.size.max = 1048576 (custom)
2022-07-02 07:19:51,811 [pool-142-thread-1] INFO  server.RaftServerConfigKeys (ConfUtils.java:logGet(46)) - raft.server.log.preallocated.size = 16384 (custom)
2022-07-02 07:19:51,811 [pool-142-thread-1] INFO  server.RaftServerConfigKeys (ConfUtils.java:logGet(46)) - raft.server.log.force.sync.num = 128 (default)
2022-07-02 07:19:51,811 [pool-142-thread-1] INFO  server.RaftServerConfigKeys (ConfUtils.java:logGet(46)) - raft.server.log.statemachine.data.sync = true (default)
2022-07-02 07:19:51,811 [pool-142-thread-1] INFO  server.RaftServerConfigKeys (ConfUtils.java:logGet(46)) - raft.server.log.statemachine.data.sync.timeout = 10s (default)
2022-07-02 07:19:51,811 [pool-142-thread-1] INFO  server.RaftServerConfigKeys (ConfUtils.java:logGet(46)) - raft.server.log.statemachine.data.sync.timeout.retry = -1 (default)
2022-07-02 07:19:51,812 [pool-142-thread-1] INFO  server.RaftServerConfigKeys (ConfUtils.java:logGet(46)) - raft.server.log.write.buffer.size = 1048576 (custom)
2022-07-02 07:19:51,812 [pool-142-thread-1] INFO  server.RaftServerConfigKeys (ConfUtils.java:logGet(46)) - raft.server.log.unsafe-flush.enabled = false (default)
2022-07-02 07:19:51,812 [pool-142-thread-1] INFO  server.RaftServerConfigKeys (ConfUtils.java:logGet(46)) - raft.server.log.statemachine.data.caching.enabled = true (custom)
2022-07-02 07:19:51,812 [pool-142-thread-1] INFO  segmented.SegmentedRaftLogWorker (SegmentedRaftLogWorker.java:lambda$new$0(135)) - dc0e6785-2ef3-43a4-ac1a-d32fe23dc755@group-D550E8CD3650-SegmentedRaftLogWorker: flushIndex: setUnconditionally 0 -> -1
2022-07-02 07:19:51,813 [pool-142-thread-1] INFO  segmented.SegmentedRaftLogWorker (SegmentedRaftLogWorker.java:lambda$new$0(135)) - dc0e6785-2ef3-43a4-ac1a-d32fe23dc755@group-D550E8CD3650-SegmentedRaftLogWorker: safeCacheEvictIndex: setUnconditionally 0 -> -1
2022-07-02 07:19:51,819 [pool-142-thread-1] INFO  server.RaftServerConfigKeys (ConfUtils.java:logGet(46)) - raft.server.snapshot.auto.trigger.enabled = true (custom)
2022-07-02 07:19:51,819 [pool-142-thread-1] INFO  server.RaftServerConfigKeys (ConfUtils.java:logGet(46)) - raft.server.snapshot.auto.trigger.threshold = 10000 (custom)
2022-07-02 07:19:51,819 [pool-142-thread-1] INFO  server.RaftServerConfigKeys (ConfUtils.java:logGet(46)) - raft.server.snapshot.retention.file.num = 5 (custom)
2022-07-02 07:19:51,819 [pool-142-thread-1] INFO  server.RaftServerConfigKeys (ConfUtils.java:logGet(46)) - raft.server.log.purge.upto.snapshot.index = false (default)
2022-07-02 07:19:51,819 [EventQueue-OpenPipelineForHealthyPipelineSafeModeRule] INFO  safemode.SCMSafeModeManager (HealthyPipelineSafeModeRule.java:process(124)) - SCM in safe mode. Healthy pipelines reported count is 0, required healthy pipeline reported count is 1
2022-07-02 07:19:51,819 [pool-142-thread-1] INFO  server.RaftServerConfigKeys (ConfUtils.java:logGet(46)) - raft.server.retrycache.expirytime = 600000ms (custom)
2022-07-02 07:19:51,825 [pool-142-thread-1] INFO  server.RaftServerConfigKeys (ConfUtils.java:logGet(46)) - raft.server.retrycache.statistics.expirytime = 100μs (default)
2022-07-02 07:19:51,826 [pool-142-thread-1] INFO  server.RaftServerConfigKeys (ConfUtils.java:logGet(46)) - raft.server.log.appender.install.snapshot.enabled = false (custom)
2022-07-02 07:19:51,826 [pool-142-thread-1] INFO  server.RaftServerConfigKeys (ConfUtils.java:logGet(46)) - raft.server.threadpool.server.cached = true (default)
2022-07-02 07:19:51,826 [pool-142-thread-1] INFO  server.RaftServerConfigKeys (ConfUtils.java:logGet(46)) - raft.server.threadpool.server.size = 0 (default)
2022-07-02 07:19:51,826 [pool-142-thread-1] INFO  server.RaftServerConfigKeys (ConfUtils.java:logGet(46)) - raft.server.threadpool.client.cached = true (default)
2022-07-02 07:19:51,826 [pool-142-thread-1] INFO  server.RaftServerConfigKeys (ConfUtils.java:logGet(46)) - raft.server.threadpool.client.size = 0 (default)
2022-07-02 07:19:51,826 [pool-142-thread-1] INFO  server.RaftServer$Division (RaftServerImpl.java:start(310)) - dc0e6785-2ef3-43a4-ac1a-d32fe23dc755@group-D550E8CD3650: start as a follower, conf=-1: [dc0e6785-2ef3-43a4-ac1a-d32fe23dc755|rpc:10.1.0.20:39655|priority:1], old=null
2022-07-02 07:19:51,826 [pool-142-thread-1] INFO  server.RaftServer$Division (RaftServerImpl.java:setRole(299)) - dc0e6785-2ef3-43a4-ac1a-d32fe23dc755@group-D550E8CD3650: changes role from      null to FOLLOWER at term 0 for startAsFollower
2022-07-02 07:19:51,826 [pool-142-thread-1] INFO  impl.RoleInfo (RoleInfo.java:updateAndGet(139)) - dc0e6785-2ef3-43a4-ac1a-d32fe23dc755: start dc0e6785-2ef3-43a4-ac1a-d32fe23dc755@group-D550E8CD3650-FollowerState
2022-07-02 07:19:51,830 [pool-142-thread-1] INFO  util.JmxRegister (JmxRegister.java:tryRegister(44)) - Successfully registered JMX Bean with object name Ratis:service=RaftServer,group=group-D550E8CD3650,id=dc0e6785-2ef3-43a4-ac1a-d32fe23dc755
2022-07-02 07:19:51,832 [Command processor thread] INFO  ratis.XceiverServerRatis (XceiverServerRatis.java:addGroup(765)) - Created group PipelineID=373fe736-41ed-4a13-b14c-d550e8cd3650
2022-07-02 07:19:51,832 [Command processor thread] INFO  commandhandler.CreatePipelineCommandHandler (CreatePipelineCommandHandler.java:handle(113)) - Created Pipeline RATIS ONE PipelineID=373fe736-41ed-4a13-b14c-d550e8cd3650.
2022-07-02 07:19:52,137 [Listener at 127.0.0.1/41977] INFO  ozone.MiniOzoneClusterImpl (MiniOzoneClusterImpl.java:lambda$waitForClusterToBeReady$0(223)) - Nodes are ready. Got 5 of 5 DN Heartbeats.
2022-07-02 07:19:52,138 [Listener at 127.0.0.1/41977] INFO  ozone.MiniOzoneClusterImpl (MiniOzoneClusterImpl.java:lambda$waitForClusterToBeReady$0(226)) - Waiting for cluster to exit safe mode
2022-07-02 07:19:52,138 [Listener at 127.0.0.1/41977] INFO  ozone.MiniOzoneClusterImpl (MiniOzoneClusterImpl.java:lambda$waitForClusterToBeReady$0(228)) - SCM became leader
2022-07-02 07:19:52,143 [Command processor thread] INFO  server.RaftServer (RaftServerProxy.java:addNew(96)) - bb33d066-413c-4901-a976-4b69639dfedd: addNew group-70F0F0070A71:[bb33d066-413c-4901-a976-4b69639dfedd|rpc:10.1.0.20:44635|priority:1] returns group-70F0F0070A71:java.util.concurrent.CompletableFuture@6e6fa7e2[Not completed]
2022-07-02 07:19:52,148 [pool-165-thread-1] INFO  server.RaftServer$Division (RaftServerImpl.java:<init>(190)) - bb33d066-413c-4901-a976-4b69639dfedd: new RaftServerImpl for group-70F0F0070A71:[bb33d066-413c-4901-a976-4b69639dfedd|rpc:10.1.0.20:44635|priority:1] with ContainerStateMachine:uninitialized
2022-07-02 07:19:52,148 [pool-165-thread-1] INFO  server.RaftServerConfigKeys (ConfUtils.java:logGet(46)) - raft.server.rpc.timeout.min = 5s (custom)
2022-07-02 07:19:52,148 [pool-165-thread-1] INFO  server.RaftServerConfigKeys (ConfUtils.java:logGet(46)) - raft.server.rpc.timeout.max = 5200ms (custom)
2022-07-02 07:19:52,148 [pool-165-thread-1] INFO  server.RaftServerConfigKeys (ConfUtils.java:logGet(46)) - raft.server.rpc.sleep.time = 25ms (default)
2022-07-02 07:19:52,148 [pool-165-thread-1] INFO  server.RaftServerConfigKeys (ConfUtils.java:logGet(46)) - raft.server.rpc.slowness.timeout = 300s (custom)
2022-07-02 07:19:52,148 [pool-165-thread-1] INFO  server.RaftServerConfigKeys (ConfUtils.java:logGet(46)) - raft.server.leaderelection.leader.step-down.wait-time = 10s (default)
2022-07-02 07:19:52,149 [pool-165-thread-1] INFO  server.RaftServerConfigKeys (ConfUtils.java:logGet(46)) - raft.server.sleep.deviation.threshold = 300ms (default)
2022-07-02 07:19:52,149 [pool-165-thread-1] INFO  server.RaftServer$Division (ServerState.java:<init>(107)) - bb33d066-413c-4901-a976-4b69639dfedd@group-70F0F0070A71: ConfigurationManager, init=-1: [bb33d066-413c-4901-a976-4b69639dfedd|rpc:10.1.0.20:44635|priority:1], old=null, confs=<EMPTY_MAP>
2022-07-02 07:19:52,149 [pool-165-thread-1] INFO  server.RaftServerConfigKeys (ConfUtils.java:logGet(46)) - raft.server.storage.dir = [/home/runner/work/ozone/ozone/hadoop-ozone/integration-test/target/test-dir/MiniOzoneClusterImpl-2384df39-2793-4e2f-8252-b182c7f166b5/datanode-4/data/ratis] (custom)
2022-07-02 07:19:52,149 [pool-165-thread-1] INFO  server.RaftServerConfigKeys (ConfUtils.java:logGet(46)) - raft.server.log.corruption.policy = EXCEPTION (default)
2022-07-02 07:19:52,149 [pool-165-thread-1] INFO  server.RaftServerConfigKeys (ConfUtils.java:logGet(46)) - raft.server.storage.free-space.min = 0MB (=0) (default)
2022-07-02 07:19:52,149 [pool-165-thread-1] INFO  storage.RaftStorageDirectory (RaftStorageDirectoryImpl.java:analyzeStorage(135)) - The storage directory /home/runner/work/ozone/ozone/hadoop-ozone/integration-test/target/test-dir/MiniOzoneClusterImpl-2384df39-2793-4e2f-8252-b182c7f166b5/datanode-4/data/ratis/a4dd0130-febf-4ad2-8cc9-70f0f0070a71 does not exist. Creating ...
2022-07-02 07:19:52,151 [pool-165-thread-1] INFO  storage.RaftStorageDirectory (RaftStorageDirectoryImpl.java:tryLock(230)) - Lock on /home/runner/work/ozone/ozone/hadoop-ozone/integration-test/target/test-dir/MiniOzoneClusterImpl-2384df39-2793-4e2f-8252-b182c7f166b5/datanode-4/data/ratis/a4dd0130-febf-4ad2-8cc9-70f0f0070a71/in_use.lock acquired by nodename 16391@fv-az444-838
2022-07-02 07:19:52,152 [pool-165-thread-1] INFO  storage.RaftStorage (RaftStorageImpl.java:format(89)) - Storage directory /home/runner/work/ozone/ozone/hadoop-ozone/integration-test/target/test-dir/MiniOzoneClusterImpl-2384df39-2793-4e2f-8252-b182c7f166b5/datanode-4/data/ratis/a4dd0130-febf-4ad2-8cc9-70f0f0070a71 has been successfully formatted.
2022-07-02 07:19:52,154 [pool-165-thread-1] INFO  ratis.ContainerStateMachine (ContainerStateMachine.java:loadSnapshot(236)) - group-70F0F0070A71: The snapshot info is null. Setting the last applied indexto:(t:0, i:~)
2022-07-02 07:19:52,156 [pool-165-thread-1] INFO  server.RaftServerConfigKeys (ConfUtils.java:logGet(46)) - raft.server.notification.no-leader.timeout = 300s (custom)
2022-07-02 07:19:52,156 [pool-165-thread-1] INFO  server.RaftServerConfigKeys (ConfUtils.java:logGet(46)) - raft.server.log.use.memory = false (default)
2022-07-02 07:19:52,156 [pool-165-thread-1] INFO  server.RaftServerConfigKeys (ConfUtils.java:logGet(46)) - raft.server.log.purge.gap = 1000000 (custom)
2022-07-02 07:19:52,156 [pool-165-thread-1] INFO  server.RaftServerConfigKeys (ConfUtils.java:logGet(46)) - raft.server.log.appender.buffer.byte-limit = 33554432 (custom)
2022-07-02 07:19:52,156 [pool-165-thread-1] INFO  server.RaftServerConfigKeys (ConfUtils.java:logGet(46)) - raft.server.log.statemachine.data.read.timeout = 1000ms (default)
2022-07-02 07:19:52,156 [pool-165-thread-1] INFO  server.RaftServerConfigKeys (ConfUtils.java:logGet(46)) - raft.server.log.segment.size.max = 1048576 (custom)
2022-07-02 07:19:52,156 [EventQueue-PipelineReportForPipelineReportHandler] INFO  pipeline.PipelineManagerImpl (PipelineManagerImpl.java:openPipeline(358)) - Pipeline Pipeline[ Id: a4dd0130-febf-4ad2-8cc9-70f0f0070a71, Nodes: bb33d066-413c-4901-a976-4b69639dfedd{ip: 10.1.0.20, host: fv-az444-838.dthhdds2jluu1c0oa55ndv1hsg.dx.internal.cloudapp.net, ports: [REPLICATION=45107, RATIS=44635, RATIS_ADMIN=44635, RATIS_SERVER=44635, STANDALONE=43467], networkLocation: /default-rack, certSerialId: null, persistedOpState: IN_SERVICE, persistedOpStateExpiryEpochSec: 0}, ReplicationConfig: RATIS/ONE, State:ALLOCATED, leaderId:bb33d066-413c-4901-a976-4b69639dfedd, CreationTimestamp2022-07-02T07:19:49.146Z[Etc/UTC]] moved to OPEN state
2022-07-02 07:19:52,157 [pool-165-thread-1] INFO  server.RaftServerConfigKeys (ConfUtils.java:logGet(46)) - raft.server.log.segment.cache.num.max = 2 (custom)
2022-07-02 07:19:52,157 [pool-165-thread-1] INFO  server.RaftServerConfigKeys (ConfUtils.java:logGet(46)) - raft.server.log.segment.cache.size.max = 200MB (=209715200) (default)
2022-07-02 07:19:52,157 [pool-165-thread-1] INFO  segmented.SegmentedRaftLogWorker (SegmentedRaftLogWorker.java:<init>(187)) - new bb33d066-413c-4901-a976-4b69639dfedd@group-70F0F0070A71-SegmentedRaftLogWorker for RaftStorageImpl:Storage Directory /home/runner/work/ozone/ozone/hadoop-ozone/integration-test/target/test-dir/MiniOzoneClusterImpl-2384df39-2793-4e2f-8252-b182c7f166b5/datanode-4/data/ratis/a4dd0130-febf-4ad2-8cc9-70f0f0070a71
2022-07-02 07:19:52,157 [pool-165-thread-1] INFO  server.RaftServerConfigKeys (ConfUtils.java:logGet(46)) - raft.server.log.queue.byte-limit = 4294967296 (custom)
2022-07-02 07:19:52,157 [EventQueue-OpenPipelineForHealthyPipelineSafeModeRule] INFO  safemode.SCMSafeModeManager (HealthyPipelineSafeModeRule.java:process(124)) - SCM in safe mode. Healthy pipelines reported count is 0, required healthy pipeline reported count is 1
2022-07-02 07:19:52,157 [pool-165-thread-1] INFO  server.RaftServerConfigKeys (ConfUtils.java:logGet(46)) - raft.server.log.queue.element-limit = 1024 (custom)
2022-07-02 07:19:52,160 [pool-165-thread-1] INFO  server.RaftServerConfigKeys (ConfUtils.java:logGet(46)) - raft.server.log.segment.size.max = 1048576 (custom)
2022-07-02 07:19:52,160 [pool-165-thread-1] INFO  server.RaftServerConfigKeys (ConfUtils.java:logGet(46)) - raft.server.log.preallocated.size = 16384 (custom)
2022-07-02 07:19:52,160 [pool-165-thread-1] INFO  server.RaftServerConfigKeys (ConfUtils.java:logGet(46)) - raft.server.log.force.sync.num = 128 (default)
2022-07-02 07:19:52,160 [pool-165-thread-1] INFO  server.RaftServerConfigKeys (ConfUtils.java:logGet(46)) - raft.server.log.statemachine.data.sync = true (default)
2022-07-02 07:19:52,160 [pool-165-thread-1] INFO  server.RaftServerConfigKeys (ConfUtils.java:logGet(46)) - raft.server.log.statemachine.data.sync.timeout = 10s (default)
2022-07-02 07:19:52,160 [pool-165-thread-1] INFO  server.RaftServerConfigKeys (ConfUtils.java:logGet(46)) - raft.server.log.statemachine.data.sync.timeout.retry = -1 (default)
2022-07-02 07:19:52,161 [pool-165-thread-1] INFO  server.RaftServerConfigKeys (ConfUtils.java:logGet(46)) - raft.server.log.write.buffer.size = 1048576 (custom)
2022-07-02 07:19:52,162 [pool-165-thread-1] INFO  server.RaftServerConfigKeys (ConfUtils.java:logGet(46)) - raft.server.log.unsafe-flush.enabled = false (default)
2022-07-02 07:19:52,162 [pool-165-thread-1] INFO  server.RaftServerConfigKeys (ConfUtils.java:logGet(46)) - raft.server.log.statemachine.data.caching.enabled = true (custom)
2022-07-02 07:19:52,162 [pool-165-thread-1] INFO  segmented.SegmentedRaftLogWorker (SegmentedRaftLogWorker.java:lambda$new$0(135)) - bb33d066-413c-4901-a976-4b69639dfedd@group-70F0F0070A71-SegmentedRaftLogWorker: flushIndex: setUnconditionally 0 -> -1
2022-07-02 07:19:52,163 [pool-165-thread-1] INFO  segmented.SegmentedRaftLogWorker (SegmentedRaftLogWorker.java:lambda$new$0(135)) - bb33d066-413c-4901-a976-4b69639dfedd@group-70F0F0070A71-SegmentedRaftLogWorker: safeCacheEvictIndex: setUnconditionally 0 -> -1
2022-07-02 07:19:52,163 [pool-165-thread-1] INFO  server.RaftServerConfigKeys (ConfUtils.java:logGet(46)) - raft.server.snapshot.auto.trigger.enabled = true (custom)
2022-07-02 07:19:52,163 [pool-165-thread-1] INFO  server.RaftServerConfigKeys (ConfUtils.java:logGet(46)) - raft.server.snapshot.auto.trigger.threshold = 10000 (custom)
2022-07-02 07:19:52,163 [pool-165-thread-1] INFO  server.RaftServerConfigKeys (ConfUtils.java:logGet(46)) - raft.server.snapshot.retention.file.num = 5 (custom)
2022-07-02 07:19:52,163 [pool-165-thread-1] INFO  server.RaftServerConfigKeys (ConfUtils.java:logGet(46)) - raft.server.log.purge.upto.snapshot.index = false (default)
2022-07-02 07:19:52,163 [pool-165-thread-1] INFO  server.RaftServerConfigKeys (ConfUtils.java:logGet(46)) - raft.server.retrycache.expirytime = 600000ms (custom)
2022-07-02 07:19:52,163 [pool-165-thread-1] INFO  server.RaftServerConfigKeys (ConfUtils.java:logGet(46)) - raft.server.retrycache.statistics.expirytime = 100μs (default)
2022-07-02 07:19:52,164 [pool-165-thread-1] INFO  server.RaftServerConfigKeys (ConfUtils.java:logGet(46)) - raft.server.log.appender.install.snapshot.enabled = false (custom)
2022-07-02 07:19:52,164 [pool-165-thread-1] INFO  server.RaftServerConfigKeys (ConfUtils.java:logGet(46)) - raft.server.threadpool.server.cached = true (default)
2022-07-02 07:19:52,164 [pool-165-thread-1] INFO  server.RaftServerConfigKeys (ConfUtils.java:logGet(46)) - raft.server.threadpool.server.size = 0 (default)
2022-07-02 07:19:52,164 [pool-165-thread-1] INFO  server.RaftServerConfigKeys (ConfUtils.java:logGet(46)) - raft.server.threadpool.client.cached = true (default)
2022-07-02 07:19:52,164 [pool-165-thread-1] INFO  server.RaftServerConfigKeys (ConfUtils.java:logGet(46)) - raft.server.threadpool.client.size = 0 (default)
2022-07-02 07:19:52,164 [pool-165-thread-1] INFO  server.RaftServer$Division (RaftServerImpl.java:start(310)) - bb33d066-413c-4901-a976-4b69639dfedd@group-70F0F0070A71: start as a follower, conf=-1: [bb33d066-413c-4901-a976-4b69639dfedd|rpc:10.1.0.20:44635|priority:1], old=null
2022-07-02 07:19:52,165 [pool-165-thread-1] INFO  server.RaftServer$Division (RaftServerImpl.java:setRole(299)) - bb33d066-413c-4901-a976-4b69639dfedd@group-70F0F0070A71: changes role from      null to FOLLOWER at term 0 for startAsFollower
2022-07-02 07:19:52,165 [pool-165-thread-1] INFO  impl.RoleInfo (RoleInfo.java:updateAndGet(139)) - bb33d066-413c-4901-a976-4b69639dfedd: start bb33d066-413c-4901-a976-4b69639dfedd@group-70F0F0070A71-FollowerState
2022-07-02 07:19:52,165 [pool-165-thread-1] INFO  util.JmxRegister (JmxRegister.java:tryRegister(44)) - Successfully registered JMX Bean with object name Ratis:service=RaftServer,group=group-70F0F0070A71,id=bb33d066-413c-4901-a976-4b69639dfedd
2022-07-02 07:19:52,166 [Command processor thread] INFO  ratis.XceiverServerRatis (XceiverServerRatis.java:addGroup(765)) - Created group PipelineID=a4dd0130-febf-4ad2-8cc9-70f0f0070a71
2022-07-02 07:19:52,166 [Command processor thread] INFO  commandhandler.CreatePipelineCommandHandler (CreatePipelineCommandHandler.java:handle(113)) - Created Pipeline RATIS ONE PipelineID=a4dd0130-febf-4ad2-8cc9-70f0f0070a71.
2022-07-02 07:19:53,138 [Listener at 127.0.0.1/41977] INFO  ozone.MiniOzoneClusterImpl (MiniOzoneClusterImpl.java:lambda$waitForClusterToBeReady$0(223)) - Nodes are ready. Got 5 of 5 DN Heartbeats.
2022-07-02 07:19:53,139 [Listener at 127.0.0.1/41977] INFO  ozone.MiniOzoneClusterImpl (MiniOzoneClusterImpl.java:lambda$waitForClusterToBeReady$0(226)) - Waiting for cluster to exit safe mode
2022-07-02 07:19:53,139 [Listener at 127.0.0.1/41977] INFO  ozone.MiniOzoneClusterImpl (MiniOzoneClusterImpl.java:lambda$waitForClusterToBeReady$0(228)) - SCM became leader
2022-07-02 07:19:54,139 [Listener at 127.0.0.1/41977] INFO  ozone.MiniOzoneClusterImpl (MiniOzoneClusterImpl.java:lambda$waitForClusterToBeReady$0(223)) - Nodes are ready. Got 5 of 5 DN Heartbeats.
2022-07-02 07:19:54,140 [Listener at 127.0.0.1/41977] INFO  ozone.MiniOzoneClusterImpl (MiniOzoneClusterImpl.java:lambda$waitForClusterToBeReady$0(226)) - Waiting for cluster to exit safe mode
2022-07-02 07:19:54,140 [Listener at 127.0.0.1/41977] INFO  ozone.MiniOzoneClusterImpl (MiniOzoneClusterImpl.java:lambda$waitForClusterToBeReady$0(228)) - SCM became leader
2022-07-02 07:19:55,144 [Listener at 127.0.0.1/41977] INFO  ozone.MiniOzoneClusterImpl (MiniOzoneClusterImpl.java:lambda$waitForClusterToBeReady$0(223)) - Nodes are ready. Got 5 of 5 DN Heartbeats.
2022-07-02 07:19:55,144 [Listener at 127.0.0.1/41977] INFO  ozone.MiniOzoneClusterImpl (MiniOzoneClusterImpl.java:lambda$waitForClusterToBeReady$0(226)) - Waiting for cluster to exit safe mode
2022-07-02 07:19:55,144 [Listener at 127.0.0.1/41977] INFO  ozone.MiniOzoneClusterImpl (MiniOzoneClusterImpl.java:lambda$waitForClusterToBeReady$0(228)) - SCM became leader
2022-07-02 07:19:55,723 [da23fa89-fa7d-4455-a39d-25ada925c5c4@group-2F30E3035A5C-FollowerState] INFO  impl.FollowerState (FollowerState.java:run(143)) - da23fa89-fa7d-4455-a39d-25ada925c5c4@group-2F30E3035A5C-FollowerState: change to CANDIDATE, lastRpcElapsedTime:5063442128ns, electionTimeout:5062ms
2022-07-02 07:19:55,724 [da23fa89-fa7d-4455-a39d-25ada925c5c4@group-2F30E3035A5C-FollowerState] INFO  impl.RoleInfo (RoleInfo.java:shutdownFollowerState(110)) - da23fa89-fa7d-4455-a39d-25ada925c5c4: shutdown da23fa89-fa7d-4455-a39d-25ada925c5c4@group-2F30E3035A5C-FollowerState
2022-07-02 07:19:55,724 [da23fa89-fa7d-4455-a39d-25ada925c5c4@group-2F30E3035A5C-FollowerState] INFO  server.RaftServer$Division (RaftServerImpl.java:setRole(299)) - da23fa89-fa7d-4455-a39d-25ada925c5c4@group-2F30E3035A5C: changes role from  FOLLOWER to CANDIDATE at term 0 for changeToCandidate
2022-07-02 07:19:55,724 [da23fa89-fa7d-4455-a39d-25ada925c5c4@group-2F30E3035A5C-FollowerState] INFO  server.RaftServerConfigKeys (ConfUtils.java:logGet(46)) - raft.server.leaderelection.pre-vote = false (custom)
2022-07-02 07:19:55,724 [da23fa89-fa7d-4455-a39d-25ada925c5c4@group-2F30E3035A5C-FollowerState] INFO  impl.RoleInfo (RoleInfo.java:updateAndGet(139)) - da23fa89-fa7d-4455-a39d-25ada925c5c4: start da23fa89-fa7d-4455-a39d-25ada925c5c4@group-2F30E3035A5C-LeaderElection2
2022-07-02 07:19:55,729 [da23fa89-fa7d-4455-a39d-25ada925c5c4@group-2F30E3035A5C-LeaderElection2] INFO  impl.LeaderElection (LeaderElection.java:askForVotes(310)) - da23fa89-fa7d-4455-a39d-25ada925c5c4@group-2F30E3035A5C-LeaderElection2 ELECTION round 0: submit vote requests at term 1 for -1: [da23fa89-fa7d-4455-a39d-25ada925c5c4|rpc:10.1.0.20:43027|priority:1, 419d88b6-03c8-4180-a8b8-c3be8294e19d|rpc:10.1.0.20:37557|priority:0, 86df6d00-7043-4e9f-8d75-9ddb09551a86|rpc:10.1.0.20:35185|priority:0], old=null
2022-07-02 07:19:55,768 [grpc-default-executor-1] INFO  server.RaftServer$Division (RaftServerImpl.java:requestVote(1152)) - 86df6d00-7043-4e9f-8d75-9ddb09551a86@group-2F30E3035A5C: receive requestVote(ELECTION, da23fa89-fa7d-4455-a39d-25ada925c5c4, group-2F30E3035A5C, 1, (t:0, i:0))
2022-07-02 07:19:55,771 [grpc-default-executor-1] INFO  impl.VoteContext (VoteContext.java:log(48)) - 86df6d00-7043-4e9f-8d75-9ddb09551a86@group-2F30E3035A5C-FOLLOWER: accept ELECTION from da23fa89-fa7d-4455-a39d-25ada925c5c4: our priority 0 <= candidate's priority 1
2022-07-02 07:19:55,771 [grpc-default-executor-1] INFO  server.RaftServer$Division (RaftServerImpl.java:setRole(299)) - 86df6d00-7043-4e9f-8d75-9ddb09551a86@group-2F30E3035A5C: changes role from  FOLLOWER to FOLLOWER at term 1 for candidate:da23fa89-fa7d-4455-a39d-25ada925c5c4
2022-07-02 07:19:55,771 [grpc-default-executor-1] INFO  impl.RoleInfo (RoleInfo.java:shutdownFollowerState(110)) - 86df6d00-7043-4e9f-8d75-9ddb09551a86: shutdown 86df6d00-7043-4e9f-8d75-9ddb09551a86@group-2F30E3035A5C-FollowerState
2022-07-02 07:19:55,771 [grpc-default-executor-1] INFO  impl.RoleInfo (RoleInfo.java:updateAndGet(139)) - 86df6d00-7043-4e9f-8d75-9ddb09551a86: start 86df6d00-7043-4e9f-8d75-9ddb09551a86@group-2F30E3035A5C-FollowerState
2022-07-02 07:19:55,772 [grpc-default-executor-0] INFO  server.RaftServer$Division (RaftServerImpl.java:requestVote(1152)) - 419d88b6-03c8-4180-a8b8-c3be8294e19d@group-2F30E3035A5C: receive requestVote(ELECTION, da23fa89-fa7d-4455-a39d-25ada925c5c4, group-2F30E3035A5C, 1, (t:0, i:0))
2022-07-02 07:19:55,771 [86df6d00-7043-4e9f-8d75-9ddb09551a86@group-2F30E3035A5C-FollowerState] INFO  impl.FollowerState (FollowerState.java:run(152)) - 86df6d00-7043-4e9f-8d75-9ddb09551a86@group-2F30E3035A5C-FollowerState was interrupted
2022-07-02 07:19:55,772 [grpc-default-executor-0] INFO  impl.VoteContext (VoteContext.java:log(48)) - 419d88b6-03c8-4180-a8b8-c3be8294e19d@group-2F30E3035A5C-FOLLOWER: accept ELECTION from da23fa89-fa7d-4455-a39d-25ada925c5c4: our priority 0 <= candidate's priority 1
2022-07-02 07:19:55,773 [grpc-default-executor-0] INFO  server.RaftServer$Division (RaftServerImpl.java:setRole(299)) - 419d88b6-03c8-4180-a8b8-c3be8294e19d@group-2F30E3035A5C: changes role from  FOLLOWER to FOLLOWER at term 1 for candidate:da23fa89-fa7d-4455-a39d-25ada925c5c4
2022-07-02 07:19:55,773 [grpc-default-executor-0] INFO  impl.RoleInfo (RoleInfo.java:shutdownFollowerState(110)) - 419d88b6-03c8-4180-a8b8-c3be8294e19d: shutdown 419d88b6-03c8-4180-a8b8-c3be8294e19d@group-2F30E3035A5C-FollowerState
2022-07-02 07:19:55,774 [grpc-default-executor-0] INFO  impl.RoleInfo (RoleInfo.java:updateAndGet(139)) - 419d88b6-03c8-4180-a8b8-c3be8294e19d: start 419d88b6-03c8-4180-a8b8-c3be8294e19d@group-2F30E3035A5C-FollowerState
2022-07-02 07:19:55,776 [419d88b6-03c8-4180-a8b8-c3be8294e19d@group-2F30E3035A5C-FollowerState] INFO  impl.FollowerState (FollowerState.java:run(152)) - 419d88b6-03c8-4180-a8b8-c3be8294e19d@group-2F30E3035A5C-FollowerState was interrupted
2022-07-02 07:19:55,778 [grpc-default-executor-1] INFO  server.RaftServer$Division (RaftServerImpl.java:requestVote(1184)) - 86df6d00-7043-4e9f-8d75-9ddb09551a86@group-2F30E3035A5C replies to ELECTION vote request: da23fa89-fa7d-4455-a39d-25ada925c5c4<-86df6d00-7043-4e9f-8d75-9ddb09551a86#0:OK-t1. Peer's state: 86df6d00-7043-4e9f-8d75-9ddb09551a86@group-2F30E3035A5C:t1, leader=null, voted=da23fa89-fa7d-4455-a39d-25ada925c5c4, raftlog=86df6d00-7043-4e9f-8d75-9ddb09551a86@group-2F30E3035A5C-SegmentedRaftLog:OPENED:c-1, conf=-1: [da23fa89-fa7d-4455-a39d-25ada925c5c4|rpc:10.1.0.20:43027|priority:1, 419d88b6-03c8-4180-a8b8-c3be8294e19d|rpc:10.1.0.20:37557|priority:0, 86df6d00-7043-4e9f-8d75-9ddb09551a86|rpc:10.1.0.20:35185|priority:0], old=null
2022-07-02 07:19:55,778 [grpc-default-executor-0] INFO  server.RaftServer$Division (RaftServerImpl.java:requestVote(1184)) - 419d88b6-03c8-4180-a8b8-c3be8294e19d@group-2F30E3035A5C replies to ELECTION vote request: da23fa89-fa7d-4455-a39d-25ada925c5c4<-419d88b6-03c8-4180-a8b8-c3be8294e19d#0:OK-t1. Peer's state: 419d88b6-03c8-4180-a8b8-c3be8294e19d@group-2F30E3035A5C:t1, leader=null, voted=da23fa89-fa7d-4455-a39d-25ada925c5c4, raftlog=419d88b6-03c8-4180-a8b8-c3be8294e19d@group-2F30E3035A5C-SegmentedRaftLog:OPENED:c-1, conf=-1: [da23fa89-fa7d-4455-a39d-25ada925c5c4|rpc:10.1.0.20:43027|dataStream:|priority:1, 419d88b6-03c8-4180-a8b8-c3be8294e19d|rpc:10.1.0.20:37557|dataStream:|priority:0, 86df6d00-7043-4e9f-8d75-9ddb09551a86|rpc:10.1.0.20:35185|dataStream:|priority:0], old=null
2022-07-02 07:19:55,786 [da23fa89-fa7d-4455-a39d-25ada925c5c4@group-B37E82176A7F-FollowerState] INFO  impl.FollowerState (FollowerState.java:run(143)) - da23fa89-fa7d-4455-a39d-25ada925c5c4@group-B37E82176A7F-FollowerState: change to CANDIDATE, lastRpcElapsedTime:5190232259ns, electionTimeout:5180ms
2022-07-02 07:19:55,787 [da23fa89-fa7d-4455-a39d-25ada925c5c4@group-B37E82176A7F-FollowerState] INFO  impl.RoleInfo (RoleInfo.java:shutdownFollowerState(110)) - da23fa89-fa7d-4455-a39d-25ada925c5c4: shutdown da23fa89-fa7d-4455-a39d-25ada925c5c4@group-B37E82176A7F-FollowerState
2022-07-02 07:19:55,787 [da23fa89-fa7d-4455-a39d-25ada925c5c4@group-B37E82176A7F-FollowerState] INFO  server.RaftServer$Division (RaftServerImpl.java:setRole(299)) - da23fa89-fa7d-4455-a39d-25ada925c5c4@group-B37E82176A7F: changes role from  FOLLOWER to CANDIDATE at term 0 for changeToCandidate
2022-07-02 07:19:55,787 [da23fa89-fa7d-4455-a39d-25ada925c5c4@group-B37E82176A7F-FollowerState] INFO  server.RaftServerConfigKeys (ConfUtils.java:logGet(46)) - raft.server.leaderelection.pre-vote = false (custom)
2022-07-02 07:19:55,787 [da23fa89-fa7d-4455-a39d-25ada925c5c4@group-B37E82176A7F-FollowerState] INFO  impl.RoleInfo (RoleInfo.java:updateAndGet(139)) - da23fa89-fa7d-4455-a39d-25ada925c5c4: start da23fa89-fa7d-4455-a39d-25ada925c5c4@group-B37E82176A7F-LeaderElection3
2022-07-02 07:19:55,794 [da23fa89-fa7d-4455-a39d-25ada925c5c4@group-2F30E3035A5C-LeaderElection2] INFO  impl.LeaderElection (LeaderElection.java:logAndReturn(90)) - da23fa89-fa7d-4455-a39d-25ada925c5c4@group-2F30E3035A5C-LeaderElection2: ELECTION PASSED received 1 response(s) and 0 exception(s):
2022-07-02 07:19:55,795 [da23fa89-fa7d-4455-a39d-25ada925c5c4@group-2F30E3035A5C-LeaderElection2] INFO  impl.LeaderElection (LeaderElection.java:logAndReturn(94)) -   Response 0: da23fa89-fa7d-4455-a39d-25ada925c5c4<-419d88b6-03c8-4180-a8b8-c3be8294e19d#0:OK-t1
2022-07-02 07:19:55,795 [da23fa89-fa7d-4455-a39d-25ada925c5c4@group-2F30E3035A5C-LeaderElection2] INFO  impl.LeaderElection (LeaderElection.java:askForVotes(312)) - da23fa89-fa7d-4455-a39d-25ada925c5c4@group-2F30E3035A5C-LeaderElection2 ELECTION round 0: result PASSED
2022-07-02 07:19:55,795 [da23fa89-fa7d-4455-a39d-25ada925c5c4@group-2F30E3035A5C-LeaderElection2] INFO  impl.RoleInfo (RoleInfo.java:shutdownLeaderElection(130)) - da23fa89-fa7d-4455-a39d-25ada925c5c4: shutdown da23fa89-fa7d-4455-a39d-25ada925c5c4@group-2F30E3035A5C-LeaderElection2
2022-07-02 07:19:55,795 [da23fa89-fa7d-4455-a39d-25ada925c5c4@group-2F30E3035A5C-LeaderElection2] INFO  server.RaftServer$Division (RaftServerImpl.java:setRole(299)) - da23fa89-fa7d-4455-a39d-25ada925c5c4@group-2F30E3035A5C: changes role from CANDIDATE to LEADER at term 1 for changeToLeader
2022-07-02 07:19:55,795 [da23fa89-fa7d-4455-a39d-25ada925c5c4@group-2F30E3035A5C-LeaderElection2] INFO  ratis.XceiverServerRatis (XceiverServerRatis.java:handleLeaderChangedNotification(863)) - Leader change notification received for group: group-2F30E3035A5C with new leaderId: da23fa89-fa7d-4455-a39d-25ada925c5c4
2022-07-02 07:19:55,795 [da23fa89-fa7d-4455-a39d-25ada925c5c4@group-2F30E3035A5C-LeaderElection2] INFO  server.RaftServer$Division (ServerState.java:setLeader(287)) - da23fa89-fa7d-4455-a39d-25ada925c5c4@group-2F30E3035A5C: change Leader from null to da23fa89-fa7d-4455-a39d-25ada925c5c4 at term 1 for becomeLeader, leader elected after 5154ms
2022-07-02 07:19:55,795 [da23fa89-fa7d-4455-a39d-25ada925c5c4@group-2F30E3035A5C-LeaderElection2] INFO  server.RaftServerConfigKeys (ConfUtils.java:logGet(46)) - raft.server.staging.catchup.gap = 1000 (default)
2022-07-02 07:19:55,796 [da23fa89-fa7d-4455-a39d-25ada925c5c4@group-2F30E3035A5C-LeaderElection2] INFO  server.RaftServerConfigKeys (ConfUtils.java:logGet(46)) - raft.server.write.element-limit = 1024 (custom)
2022-07-02 07:19:55,796 [da23fa89-fa7d-4455-a39d-25ada925c5c4@group-2F30E3035A5C-LeaderElection2] INFO  server.RaftServerConfigKeys (ConfUtils.java:logGet(46)) - raft.server.write.byte-limit = 1024 M (=1073741824) (custom)
2022-07-02 07:19:55,796 [da23fa89-fa7d-4455-a39d-25ada925c5c4@group-2F30E3035A5C-LeaderElection2] INFO  server.RaftServerConfigKeys (ConfUtils.java:logGet(46)) - raft.server.watch.timeout = 180s (custom)
2022-07-02 07:19:55,796 [da23fa89-fa7d-4455-a39d-25ada925c5c4@group-2F30E3035A5C-LeaderElection2] INFO  server.RaftServerConfigKeys (ConfUtils.java:logGet(46)) - raft.server.watch.timeout.denomination = 1s (default)
2022-07-02 07:19:55,796 [da23fa89-fa7d-4455-a39d-25ada925c5c4@group-2F30E3035A5C-LeaderElection2] INFO  server.RaftServerConfigKeys (ConfUtils.java:logGet(46)) - raft.server.watch.element-limit = 65536 (default)
2022-07-02 07:19:55,796 [da23fa89-fa7d-4455-a39d-25ada925c5c4@group-2F30E3035A5C-LeaderElection2] INFO  server.RaftServerConfigKeys (ConfUtils.java:logGet(46)) - raft.server.write.element-limit = 1024 (custom)
2022-07-02 07:19:55,796 [da23fa89-fa7d-4455-a39d-25ada925c5c4@group-2F30E3035A5C-LeaderElection2] INFO  server.RaftServerConfigKeys (ConfUtils.java:logGet(46)) - raft.server.write.follower.gap.ratio.max = -1.0 (default)
2022-07-02 07:19:55,797 [da23fa89-fa7d-4455-a39d-25ada925c5c4@group-B37E82176A7F-LeaderElection3] INFO  impl.LeaderElection (LeaderElection.java:askForVotes(310)) - da23fa89-fa7d-4455-a39d-25ada925c5c4@group-B37E82176A7F-LeaderElection3 ELECTION round 0: submit vote requests at term 1 for -1: [da23fa89-fa7d-4455-a39d-25ada925c5c4|rpc:10.1.0.20:43027|priority:1], old=null
2022-07-02 07:19:55,799 [da23fa89-fa7d-4455-a39d-25ada925c5c4@group-B37E82176A7F-LeaderElection3] INFO  impl.LeaderElection (LeaderElection.java:askForVotes(312)) - da23fa89-fa7d-4455-a39d-25ada925c5c4@group-B37E82176A7F-LeaderElection3 ELECTION round 0: result PASSED (term=1)
2022-07-02 07:19:55,799 [da23fa89-fa7d-4455-a39d-25ada925c5c4@group-B37E82176A7F-LeaderElection3] INFO  impl.RoleInfo (RoleInfo.java:shutdownLeaderElection(130)) - da23fa89-fa7d-4455-a39d-25ada925c5c4: shutdown da23fa89-fa7d-4455-a39d-25ada925c5c4@group-B37E82176A7F-LeaderElection3
2022-07-02 07:19:55,799 [da23fa89-fa7d-4455-a39d-25ada925c5c4@group-B37E82176A7F-LeaderElection3] INFO  server.RaftServer$Division (RaftServerImpl.java:setRole(299)) - da23fa89-fa7d-4455-a39d-25ada925c5c4@group-B37E82176A7F: changes role from CANDIDATE to LEADER at term 1 for changeToLeader
2022-07-02 07:19:55,799 [da23fa89-fa7d-4455-a39d-25ada925c5c4@group-B37E82176A7F-LeaderElection3] INFO  ratis.XceiverServerRatis (XceiverServerRatis.java:handleLeaderChangedNotification(863)) - Leader change notification received for group: group-B37E82176A7F with new leaderId: da23fa89-fa7d-4455-a39d-25ada925c5c4
2022-07-02 07:19:55,799 [da23fa89-fa7d-4455-a39d-25ada925c5c4@group-B37E82176A7F-LeaderElection3] INFO  server.RaftServer$Division (ServerState.java:setLeader(287)) - da23fa89-fa7d-4455-a39d-25ada925c5c4@group-B37E82176A7F: change Leader from null to da23fa89-fa7d-4455-a39d-25ada925c5c4 at term 1 for becomeLeader, leader elected after 5226ms
2022-07-02 07:19:55,800 [da23fa89-fa7d-4455-a39d-25ada925c5c4@group-B37E82176A7F-LeaderElection3] INFO  server.RaftServerConfigKeys (ConfUtils.java:logGet(46)) - raft.server.staging.catchup.gap = 1000 (default)
2022-07-02 07:19:55,805 [EventQueue-PipelineReportForPipelineReportHandler] INFO  pipeline.PipelineManagerImpl (PipelineManagerImpl.java:openPipeline(358)) - Pipeline Pipeline[ Id: 7908fa83-2587-4ece-997b-2f30e3035a5c, Nodes: 419d88b6-03c8-4180-a8b8-c3be8294e19d{ip: 10.1.0.20, host: fv-az444-838.dthhdds2jluu1c0oa55ndv1hsg.dx.internal.cloudapp.net, ports: [REPLICATION=40195, RATIS=37557, RATIS_ADMIN=37557, RATIS_SERVER=37557, STANDALONE=33565], networkLocation: /default-rack, certSerialId: null, persistedOpState: IN_SERVICE, persistedOpStateExpiryEpochSec: 0}da23fa89-fa7d-4455-a39d-25ada925c5c4{ip: 10.1.0.20, host: fv-az444-838.dthhdds2jluu1c0oa55ndv1hsg.dx.internal.cloudapp.net, ports: [REPLICATION=44721, RATIS=43027, RATIS_ADMIN=43027, RATIS_SERVER=43027, STANDALONE=42523], networkLocation: /default-rack, certSerialId: null, persistedOpState: IN_SERVICE, persistedOpStateExpiryEpochSec: 0}86df6d00-7043-4e9f-8d75-9ddb09551a86{ip: 10.1.0.20, host: fv-az444-838.dthhdds2jluu1c0oa55ndv1hsg.dx.internal.cloudapp.net, ports: [REPLICATION=33381, RATIS=35185, RATIS_ADMIN=35185, RATIS_SERVER=35185, STANDALONE=46517], networkLocation: /default-rack, certSerialId: null, persistedOpState: IN_SERVICE, persistedOpStateExpiryEpochSec: 0}, ReplicationConfig: RATIS/THREE, State:ALLOCATED, leaderId:da23fa89-fa7d-4455-a39d-25ada925c5c4, CreationTimestamp2022-07-02T07:19:48.437Z[Etc/UTC]] moved to OPEN state
2022-07-02 07:19:55,806 [EventQueue-OpenPipelineForHealthyPipelineSafeModeRule] INFO  safemode.SCMSafeModeManager (HealthyPipelineSafeModeRule.java:process(124)) - SCM in safe mode. Healthy pipelines reported count is 1, required healthy pipeline reported count is 1
2022-07-02 07:19:55,806 [EventQueue-OpenPipelineForHealthyPipelineSafeModeRule] INFO  safemode.SCMSafeModeManager (SCMSafeModeManager.java:validateSafeModeExitRules(204)) - HealthyPipelineSafeModeRule rule is successfully validated
2022-07-02 07:19:55,806 [EventQueue-OpenPipelineForHealthyPipelineSafeModeRule] INFO  safemode.SCMSafeModeManager (SCMSafeModeManager.java:validateSafeModeExitRules(219)) - ScmSafeModeManager, all rules are successfully validated
2022-07-02 07:19:55,806 [EventQueue-OpenPipelineForHealthyPipelineSafeModeRule] INFO  safemode.SCMSafeModeManager (SCMSafeModeManager.java:exitSafeMode(248)) - SCM exiting safe mode.
2022-07-02 07:19:55,806 [EventQueue-OpenPipelineForHealthyPipelineSafeModeRule] WARN  events.EventQueue (EventQueue.java:fireEvent(216)) - No event handler registered for event TypedEvent{payloadType=SafeModeStatus, name='Safe mode status'}
2022-07-02 07:19:55,806 [EventQueue-OpenPipelineForHealthyPipelineSafeModeRule] INFO  ha.SCMContext (SCMContext.java:updateSafeModeStatus(228)) - Update SafeModeStatus from SafeModeStatus{safeModeStatus=true, preCheckPassed=true} to SafeModeStatus{safeModeStatus=false, preCheckPassed=true}.
2022-07-02 07:19:55,807 [EventQueue-OpenPipelineForHealthyPipelineSafeModeRule] INFO  pipeline.BackgroundPipelineCreator (BackgroundPipelineCreator.java:notifyStatusChanged(253)) - Service BackgroundPipelineCreator transitions to RUNNING.
2022-07-02 07:19:55,807 [EventQueue-OpenPipelineForHealthyPipelineSafeModeRule] INFO  BackgroundPipelineScrubber (BackgroundSCMService.java:notifyStatusChanged(82)) - Service BackgroundPipelineScrubber transitions to RUNNING.
2022-07-02 07:19:55,807 [EventQueue-OpenPipelineForHealthyPipelineSafeModeRule] INFO  ExpiredContainerReplicaOpScrubber (BackgroundSCMService.java:notifyStatusChanged(82)) - Service ExpiredContainerReplicaOpScrubber transitions to RUNNING.
2022-07-02 07:19:55,807 [EventQueue-OpenPipelineForHealthyPipelineSafeModeRule] INFO  replication.ReplicationManager (ReplicationManager.java:notifyStatusChanged(428)) - Service ReplicationManager transitions to RUNNING.
2022-07-02 07:19:55,808 [EventQueue-OpenPipelineForHealthyPipelineSafeModeRule] WARN  balancer.ContainerBalancer (ContainerBalancer.java:shouldRun(894)) - Could not find persisted configuration for ContainerBalancer when checking if ContainerBalancer should run. ContainerBalancer should not run now.
2022-07-02 07:19:55,809 [da23fa89-fa7d-4455-a39d-25ada925c5c4@group-B37E82176A7F-LeaderElection3] INFO  server.RaftServerConfigKeys (ConfUtils.java:logGet(46)) - raft.server.write.element-limit = 1024 (custom)
2022-07-02 07:19:55,818 [da23fa89-fa7d-4455-a39d-25ada925c5c4@group-B37E82176A7F-LeaderElection3] INFO  server.RaftServerConfigKeys (ConfUtils.java:logGet(46)) - raft.server.write.byte-limit = 1024 M (=1073741824) (custom)
2022-07-02 07:19:55,818 [da23fa89-fa7d-4455-a39d-25ada925c5c4@group-B37E82176A7F-LeaderElection3] INFO  server.RaftServerConfigKeys (ConfUtils.java:logGet(46)) - raft.server.watch.timeout = 180s (custom)
2022-07-02 07:19:55,818 [da23fa89-fa7d-4455-a39d-25ada925c5c4@group-B37E82176A7F-LeaderElection3] INFO  server.RaftServerConfigKeys (ConfUtils.java:logGet(46)) - raft.server.watch.timeout.denomination = 1s (default)
2022-07-02 07:19:55,818 [da23fa89-fa7d-4455-a39d-25ada925c5c4@group-B37E82176A7F-LeaderElection3] INFO  server.RaftServerConfigKeys (ConfUtils.java:logGet(46)) - raft.server.watch.element-limit = 65536 (default)
2022-07-02 07:19:55,818 [da23fa89-fa7d-4455-a39d-25ada925c5c4@group-B37E82176A7F-LeaderElection3] INFO  server.RaftServerConfigKeys (ConfUtils.java:logGet(46)) - raft.server.write.element-limit = 1024 (custom)
2022-07-02 07:19:55,819 [da23fa89-fa7d-4455-a39d-25ada925c5c4@group-B37E82176A7F-LeaderElection3] INFO  server.RaftServerConfigKeys (ConfUtils.java:logGet(46)) - raft.server.write.follower.gap.ratio.max = -1.0 (default)
2022-07-02 07:19:55,819 [da23fa89-fa7d-4455-a39d-25ada925c5c4@group-B37E82176A7F-LeaderElection3] INFO  impl.RoleInfo (RoleInfo.java:updateAndGet(139)) - da23fa89-fa7d-4455-a39d-25ada925c5c4: start da23fa89-fa7d-4455-a39d-25ada925c5c4@group-B37E82176A7F-LeaderStateImpl
2022-07-02 07:19:55,819 [da23fa89-fa7d-4455-a39d-25ada925c5c4@group-B37E82176A7F-LeaderElection3] INFO  segmented.SegmentedRaftLogWorker (SegmentedRaftLogWorker.java:startLogSegment(425)) - da23fa89-fa7d-4455-a39d-25ada925c5c4@group-B37E82176A7F-SegmentedRaftLogWorker: Starting segment from index:0
2022-07-02 07:19:55,821 [da23fa89-fa7d-4455-a39d-25ada925c5c4@group-B37E82176A7F-SegmentedRaftLogWorker] INFO  segmented.SegmentedRaftLogWorker (SegmentedRaftLogWorker.java:execute(629)) - da23fa89-fa7d-4455-a39d-25ada925c5c4@group-B37E82176A7F-SegmentedRaftLogWorker: created new log segment /home/runner/work/ozone/ozone/hadoop-ozone/integration-test/target/test-dir/MiniOzoneClusterImpl-2384df39-2793-4e2f-8252-b182c7f166b5/datanode-0/data/ratis/cbe21a2d-4d5b-440e-b0a1-b37e82176a7f/current/log_inprogress_0
2022-07-02 07:19:55,829 [da23fa89-fa7d-4455-a39d-25ada925c5c4@group-2F30E3035A5C-LeaderElection2] INFO  server.RaftServerConfigKeys (ConfUtils.java:logGet(46)) - raft.server.log.appender.snapshot.chunk.size.max = 16MB (=16777216) (default)
2022-07-02 07:19:55,829 [da23fa89-fa7d-4455-a39d-25ada925c5c4@group-2F30E3035A5C-LeaderElection2] INFO  server.RaftServerConfigKeys (ConfUtils.java:logGet(46)) - raft.server.log.appender.buffer.byte-limit = 33554432 (custom)
2022-07-02 07:19:55,829 [da23fa89-fa7d-4455-a39d-25ada925c5c4@group-2F30E3035A5C-LeaderElection2] INFO  server.RaftServerConfigKeys (ConfUtils.java:logGet(46)) - raft.server.log.appender.buffer.element-limit = 1 (custom)
2022-07-02 07:19:55,831 [da23fa89-fa7d-4455-a39d-25ada925c5c4@group-B37E82176A7F-LeaderElection3] INFO  server.RaftServer$Division (ServerState.java:setRaftConf(393)) - da23fa89-fa7d-4455-a39d-25ada925c5c4@group-B37E82176A7F: set configuration 0: [da23fa89-fa7d-4455-a39d-25ada925c5c4|rpc:10.1.0.20:43027|dataStream:|priority:1], old=null
2022-07-02 07:19:55,834 [da23fa89-fa7d-4455-a39d-25ada925c5c4@group-2F30E3035A5C-LeaderElection2] INFO  grpc.GrpcConfigKeys (ConfUtils.java:logGet(46)) - raft.grpc.server.leader.outstanding.appends.max = 128 (default)
2022-07-02 07:19:55,834 [da23fa89-fa7d-4455-a39d-25ada925c5c4@group-2F30E3035A5C-LeaderElection2] INFO  server.RaftServerConfigKeys (ConfUtils.java:logGet(46)) - raft.server.rpc.request.timeout = 60s (custom)
2022-07-02 07:19:55,834 [da23fa89-fa7d-4455-a39d-25ada925c5c4@group-2F30E3035A5C-LeaderElection2] INFO  server.RaftServerConfigKeys (ConfUtils.java:logGet(46)) - raft.server.log.appender.install.snapshot.enabled = false (custom)
2022-07-02 07:19:55,836 [da23fa89-fa7d-4455-a39d-25ada925c5c4@group-2F30E3035A5C-LeaderElection2] INFO  server.RaftServerConfigKeys (ConfUtils.java:logGet(46)) - raft.server.log.appender.snapshot.chunk.size.max = 16MB (=16777216) (default)
2022-07-02 07:19:55,836 [da23fa89-fa7d-4455-a39d-25ada925c5c4@group-2F30E3035A5C-LeaderElection2] INFO  server.RaftServerConfigKeys (ConfUtils.java:logGet(46)) - raft.server.log.appender.buffer.byte-limit = 33554432 (custom)
2022-07-02 07:19:55,837 [da23fa89-fa7d-4455-a39d-25ada925c5c4@group-2F30E3035A5C-LeaderElection2] INFO  server.RaftServerConfigKeys (ConfUtils.java:logGet(46)) - raft.server.log.appender.buffer.element-limit = 1 (custom)
2022-07-02 07:19:55,837 [da23fa89-fa7d-4455-a39d-25ada925c5c4@group-2F30E3035A5C-LeaderElection2] INFO  grpc.GrpcConfigKeys (ConfUtils.java:logGet(46)) - raft.grpc.server.leader.outstanding.appends.max = 128 (default)
2022-07-02 07:19:55,837 [da23fa89-fa7d-4455-a39d-25ada925c5c4@group-2F30E3035A5C-LeaderElection2] INFO  server.RaftServerConfigKeys (ConfUtils.java:logGet(46)) - raft.server.rpc.request.timeout = 60s (custom)
2022-07-02 07:19:55,837 [da23fa89-fa7d-4455-a39d-25ada925c5c4@group-2F30E3035A5C-LeaderElection2] INFO  server.RaftServerConfigKeys (ConfUtils.java:logGet(46)) - raft.server.log.appender.install.snapshot.enabled = false (custom)
2022-07-02 07:19:55,838 [da23fa89-fa7d-4455-a39d-25ada925c5c4@group-2F30E3035A5C-LeaderElection2] INFO  impl.RoleInfo (RoleInfo.java:updateAndGet(139)) - da23fa89-fa7d-4455-a39d-25ada925c5c4: start da23fa89-fa7d-4455-a39d-25ada925c5c4@group-2F30E3035A5C-LeaderStateImpl
2022-07-02 07:19:55,838 [da23fa89-fa7d-4455-a39d-25ada925c5c4@group-2F30E3035A5C-LeaderElection2] INFO  segmented.SegmentedRaftLogWorker (SegmentedRaftLogWorker.java:startLogSegment(425)) - da23fa89-fa7d-4455-a39d-25ada925c5c4@group-2F30E3035A5C-SegmentedRaftLogWorker: Starting segment from index:0
2022-07-02 07:19:55,839 [da23fa89-fa7d-4455-a39d-25ada925c5c4@group-2F30E3035A5C-SegmentedRaftLogWorker] INFO  segmented.SegmentedRaftLogWorker (SegmentedRaftLogWorker.java:execute(629)) - da23fa89-fa7d-4455-a39d-25ada925c5c4@group-2F30E3035A5C-SegmentedRaftLogWorker: created new log segment /home/runner/work/ozone/ozone/hadoop-ozone/integration-test/target/test-dir/MiniOzoneClusterImpl-2384df39-2793-4e2f-8252-b182c7f166b5/datanode-0/data/ratis/7908fa83-2587-4ece-997b-2f30e3035a5c/current/log_inprogress_0
2022-07-02 07:19:55,852 [da23fa89-fa7d-4455-a39d-25ada925c5c4@group-2F30E3035A5C-LeaderElection2] INFO  server.RaftServer$Division (ServerState.java:setRaftConf(393)) - da23fa89-fa7d-4455-a39d-25ada925c5c4@group-2F30E3035A5C: set configuration 0: [da23fa89-fa7d-4455-a39d-25ada925c5c4|rpc:10.1.0.20:43027|dataStream:|priority:1, 419d88b6-03c8-4180-a8b8-c3be8294e19d|rpc:10.1.0.20:37557|dataStream:|priority:0, 86df6d00-7043-4e9f-8d75-9ddb09551a86|rpc:10.1.0.20:35185|dataStream:|priority:0], old=null
2022-07-02 07:19:55,899 [419d88b6-03c8-4180-a8b8-c3be8294e19d-server-thread1] INFO  ratis.XceiverServerRatis (XceiverServerRatis.java:handleLeaderChangedNotification(863)) - Leader change notification received for group: group-2F30E3035A5C with new leaderId: da23fa89-fa7d-4455-a39d-25ada925c5c4
2022-07-02 07:19:55,899 [419d88b6-03c8-4180-a8b8-c3be8294e19d-server-thread1] INFO  server.RaftServer$Division (ServerState.java:setLeader(287)) - 419d88b6-03c8-4180-a8b8-c3be8294e19d@group-2F30E3035A5C: change Leader from null to da23fa89-fa7d-4455-a39d-25ada925c5c4 at term 1 for appendEntries, leader elected after 4491ms
2022-07-02 07:19:55,900 [86df6d00-7043-4e9f-8d75-9ddb09551a86-server-thread1] INFO  ratis.XceiverServerRatis (XceiverServerRatis.java:handleLeaderChangedNotification(863)) - Leader change notification received for group: group-2F30E3035A5C with new leaderId: da23fa89-fa7d-4455-a39d-25ada925c5c4
2022-07-02 07:19:55,901 [86df6d00-7043-4e9f-8d75-9ddb09551a86-server-thread1] INFO  server.RaftServer$Division (ServerState.java:setLeader(287)) - 86df6d00-7043-4e9f-8d75-9ddb09551a86@group-2F30E3035A5C: change Leader from null to da23fa89-fa7d-4455-a39d-25ada925c5c4 at term 1 for appendEntries, leader elected after 4787ms
2022-07-02 07:19:55,926 [86df6d00-7043-4e9f-8d75-9ddb09551a86-server-thread1] INFO  server.RaftServer$Division (ServerState.java:setRaftConf(393)) - 86df6d00-7043-4e9f-8d75-9ddb09551a86@group-2F30E3035A5C: set configuration 0: [da23fa89-fa7d-4455-a39d-25ada925c5c4|rpc:10.1.0.20:43027|dataStream:|priority:1, 419d88b6-03c8-4180-a8b8-c3be8294e19d|rpc:10.1.0.20:37557|dataStream:|priority:0, 86df6d00-7043-4e9f-8d75-9ddb09551a86|rpc:10.1.0.20:35185|dataStream:|priority:0], old=null
2022-07-02 07:19:55,927 [86df6d00-7043-4e9f-8d75-9ddb09551a86-server-thread1] INFO  segmented.SegmentedRaftLogWorker (SegmentedRaftLogWorker.java:startLogSegment(425)) - 86df6d00-7043-4e9f-8d75-9ddb09551a86@group-2F30E3035A5C-SegmentedRaftLogWorker: Starting segment from index:0
2022-07-02 07:19:55,927 [419d88b6-03c8-4180-a8b8-c3be8294e19d-server-thread1] INFO  server.RaftServer$Division (ServerState.java:setRaftConf(393)) - 419d88b6-03c8-4180-a8b8-c3be8294e19d@group-2F30E3035A5C: set configuration 0: [da23fa89-fa7d-4455-a39d-25ada925c5c4|rpc:10.1.0.20:43027|dataStream:|priority:1, 419d88b6-03c8-4180-a8b8-c3be8294e19d|rpc:10.1.0.20:37557|dataStream:|priority:0, 86df6d00-7043-4e9f-8d75-9ddb09551a86|rpc:10.1.0.20:35185|dataStream:|priority:0], old=null
2022-07-02 07:19:55,927 [419d88b6-03c8-4180-a8b8-c3be8294e19d-server-thread1] INFO  segmented.SegmentedRaftLogWorker (SegmentedRaftLogWorker.java:startLogSegment(425)) - 419d88b6-03c8-4180-a8b8-c3be8294e19d@group-2F30E3035A5C-SegmentedRaftLogWorker: Starting segment from index:0
2022-07-02 07:19:55,929 [86df6d00-7043-4e9f-8d75-9ddb09551a86@group-2F30E3035A5C-SegmentedRaftLogWorker] INFO  segmented.SegmentedRaftLogWorker (SegmentedRaftLogWorker.java:execute(629)) - 86df6d00-7043-4e9f-8d75-9ddb09551a86@group-2F30E3035A5C-SegmentedRaftLogWorker: created new log segment /home/runner/work/ozone/ozone/hadoop-ozone/integration-test/target/test-dir/MiniOzoneClusterImpl-2384df39-2793-4e2f-8252-b182c7f166b5/datanode-1/data/ratis/7908fa83-2587-4ece-997b-2f30e3035a5c/current/log_inprogress_0
2022-07-02 07:19:55,930 [419d88b6-03c8-4180-a8b8-c3be8294e19d@group-2F30E3035A5C-SegmentedRaftLogWorker] INFO  segmented.SegmentedRaftLogWorker (SegmentedRaftLogWorker.java:execute(629)) - 419d88b6-03c8-4180-a8b8-c3be8294e19d@group-2F30E3035A5C-SegmentedRaftLogWorker: created new log segment /home/runner/work/ozone/ozone/hadoop-ozone/integration-test/target/test-dir/MiniOzoneClusterImpl-2384df39-2793-4e2f-8252-b182c7f166b5/datanode-2/data/ratis/7908fa83-2587-4ece-997b-2f30e3035a5c/current/log_inprogress_0
2022-07-02 07:19:56,145 [Listener at 127.0.0.1/41977] INFO  ozone.MiniOzoneClusterImpl (MiniOzoneClusterImpl.java:lambda$waitForClusterToBeReady$0(223)) - Nodes are ready. Got 5 of 5 DN Heartbeats.
2022-07-02 07:19:56,145 [Listener at 127.0.0.1/41977] INFO  ozone.MiniOzoneClusterImpl (MiniOzoneClusterImpl.java:lambda$waitForClusterToBeReady$0(226)) - Cluster exits safe mode
2022-07-02 07:19:56,145 [Listener at 127.0.0.1/41977] INFO  ozone.MiniOzoneClusterImpl (MiniOzoneClusterImpl.java:lambda$waitForClusterToBeReady$0(228)) - SCM became leader
2022-07-02 07:19:56,156 [86df6d00-7043-4e9f-8d75-9ddb09551a86@group-E9A97802E129-FollowerState] INFO  impl.FollowerState (FollowerState.java:run(143)) - 86df6d00-7043-4e9f-8d75-9ddb09551a86@group-E9A97802E129-FollowerState: change to CANDIDATE, lastRpcElapsedTime:5060215816ns, electionTimeout:5049ms
2022-07-02 07:19:56,156 [86df6d00-7043-4e9f-8d75-9ddb09551a86@group-E9A97802E129-FollowerState] INFO  impl.RoleInfo (RoleInfo.java:shutdownFollowerState(110)) - 86df6d00-7043-4e9f-8d75-9ddb09551a86: shutdown 86df6d00-7043-4e9f-8d75-9ddb09551a86@group-E9A97802E129-FollowerState
2022-07-02 07:19:56,156 [86df6d00-7043-4e9f-8d75-9ddb09551a86@group-E9A97802E129-FollowerState] INFO  server.RaftServer$Division (RaftServerImpl.java:setRole(299)) - 86df6d00-7043-4e9f-8d75-9ddb09551a86@group-E9A97802E129: changes role from  FOLLOWER to CANDIDATE at term 0 for changeToCandidate
2022-07-02 07:19:56,156 [86df6d00-7043-4e9f-8d75-9ddb09551a86@group-E9A97802E129-FollowerState] INFO  server.RaftServerConfigKeys (ConfUtils.java:logGet(46)) - raft.server.leaderelection.pre-vote = false (custom)
2022-07-02 07:19:56,156 [86df6d00-7043-4e9f-8d75-9ddb09551a86@group-E9A97802E129-FollowerState] INFO  impl.RoleInfo (RoleInfo.java:updateAndGet(139)) - 86df6d00-7043-4e9f-8d75-9ddb09551a86: start 86df6d00-7043-4e9f-8d75-9ddb09551a86@group-E9A97802E129-LeaderElection4
2022-07-02 07:19:56,168 [86df6d00-7043-4e9f-8d75-9ddb09551a86@group-E9A97802E129-LeaderElection4] INFO  impl.LeaderElection (LeaderElection.java:askForVotes(310)) - 86df6d00-7043-4e9f-8d75-9ddb09551a86@group-E9A97802E129-LeaderElection4 ELECTION round 0: submit vote requests at term 1 for -1: [86df6d00-7043-4e9f-8d75-9ddb09551a86|rpc:10.1.0.20:35185|priority:1], old=null
2022-07-02 07:19:56,168 [86df6d00-7043-4e9f-8d75-9ddb09551a86@group-E9A97802E129-LeaderElection4] INFO  impl.LeaderElection (LeaderElection.java:askForVotes(312)) - 86df6d00-7043-4e9f-8d75-9ddb09551a86@group-E9A97802E129-LeaderElection4 ELECTION round 0: result PASSED (term=1)
2022-07-02 07:19:56,168 [86df6d00-7043-4e9f-8d75-9ddb09551a86@group-E9A97802E129-LeaderElection4] INFO  impl.RoleInfo (RoleInfo.java:shutdownLeaderElection(130)) - 86df6d00-7043-4e9f-8d75-9ddb09551a86: shutdown 86df6d00-7043-4e9f-8d75-9ddb09551a86@group-E9A97802E129-LeaderElection4
2022-07-02 07:19:56,168 [86df6d00-7043-4e9f-8d75-9ddb09551a86@group-E9A97802E129-LeaderElection4] INFO  server.RaftServer$Division (RaftServerImpl.java:setRole(299)) - 86df6d00-7043-4e9f-8d75-9ddb09551a86@group-E9A97802E129: changes role from CANDIDATE to LEADER at term 1 for changeToLeader
2022-07-02 07:19:56,168 [86df6d00-7043-4e9f-8d75-9ddb09551a86@group-E9A97802E129-LeaderElection4] INFO  ratis.XceiverServerRatis (XceiverServerRatis.java:handleLeaderChangedNotification(863)) - Leader change notification received for group: group-E9A97802E129 with new leaderId: 86df6d00-7043-4e9f-8d75-9ddb09551a86
2022-07-02 07:19:56,169 [86df6d00-7043-4e9f-8d75-9ddb09551a86@group-E9A97802E129-LeaderElection4] INFO  server.RaftServer$Division (ServerState.java:setLeader(287)) - 86df6d00-7043-4e9f-8d75-9ddb09551a86@group-E9A97802E129: change Leader from null to 86df6d00-7043-4e9f-8d75-9ddb09551a86 at term 1 for becomeLeader, leader elected after 5103ms
2022-07-02 07:19:56,169 [86df6d00-7043-4e9f-8d75-9ddb09551a86@group-E9A97802E129-LeaderElection4] INFO  server.RaftServerConfigKeys (ConfUtils.java:logGet(46)) - raft.server.staging.catchup.gap = 1000 (default)
2022-07-02 07:19:56,170 [86df6d00-7043-4e9f-8d75-9ddb09551a86@group-E9A97802E129-LeaderElection4] INFO  server.RaftServerConfigKeys (ConfUtils.java:logGet(46)) - raft.server.write.element-limit = 1024 (custom)
2022-07-02 07:19:56,170 [86df6d00-7043-4e9f-8d75-9ddb09551a86@group-E9A97802E129-LeaderElection4] INFO  server.RaftServerConfigKeys (ConfUtils.java:logGet(46)) - raft.server.write.byte-limit = 1024 M (=1073741824) (custom)
2022-07-02 07:19:56,170 [86df6d00-7043-4e9f-8d75-9ddb09551a86@group-E9A97802E129-LeaderElection4] INFO  server.RaftServerConfigKeys (ConfUtils.java:logGet(46)) - raft.server.watch.timeout = 180s (custom)
2022-07-02 07:19:56,170 [86df6d00-7043-4e9f-8d75-9ddb09551a86@group-E9A97802E129-LeaderElection4] INFO  server.RaftServerConfigKeys (ConfUtils.java:logGet(46)) - raft.server.watch.timeout.denomination = 1s (default)
2022-07-02 07:19:56,170 [86df6d00-7043-4e9f-8d75-9ddb09551a86@group-E9A97802E129-LeaderElection4] INFO  server.RaftServerConfigKeys (ConfUtils.java:logGet(46)) - raft.server.watch.element-limit = 65536 (default)
2022-07-02 07:19:56,170 [86df6d00-7043-4e9f-8d75-9ddb09551a86@group-E9A97802E129-LeaderElection4] INFO  server.RaftServerConfigKeys (ConfUtils.java:logGet(46)) - raft.server.write.element-limit = 1024 (custom)
2022-07-02 07:19:56,170 [86df6d00-7043-4e9f-8d75-9ddb09551a86@group-E9A97802E129-LeaderElection4] INFO  server.RaftServerConfigKeys (ConfUtils.java:logGet(46)) - raft.server.write.follower.gap.ratio.max = -1.0 (default)
2022-07-02 07:19:56,170 [86df6d00-7043-4e9f-8d75-9ddb09551a86@group-E9A97802E129-LeaderElection4] INFO  impl.RoleInfo (RoleInfo.java:updateAndGet(139)) - 86df6d00-7043-4e9f-8d75-9ddb09551a86: start 86df6d00-7043-4e9f-8d75-9ddb09551a86@group-E9A97802E129-LeaderStateImpl
2022-07-02 07:19:56,171 [86df6d00-7043-4e9f-8d75-9ddb09551a86@group-E9A97802E129-LeaderElection4] INFO  segmented.SegmentedRaftLogWorker (SegmentedRaftLogWorker.java:startLogSegment(425)) - 86df6d00-7043-4e9f-8d75-9ddb09551a86@group-E9A97802E129-SegmentedRaftLogWorker: Starting segment from index:0
2022-07-02 07:19:56,172 [86df6d00-7043-4e9f-8d75-9ddb09551a86@group-E9A97802E129-SegmentedRaftLogWorker] INFO  segmented.SegmentedRaftLogWorker (SegmentedRaftLogWorker.java:execute(629)) - 86df6d00-7043-4e9f-8d75-9ddb09551a86@group-E9A97802E129-SegmentedRaftLogWorker: created new log segment /home/runner/work/ozone/ozone/hadoop-ozone/integration-test/target/test-dir/MiniOzoneClusterImpl-2384df39-2793-4e2f-8252-b182c7f166b5/datanode-1/data/ratis/f95c2d84-5e29-4588-a680-e9a97802e129/current/log_inprogress_0
2022-07-02 07:19:56,177 [86df6d00-7043-4e9f-8d75-9ddb09551a86@group-E9A97802E129-LeaderElection4] INFO  server.RaftServer$Division (ServerState.java:setRaftConf(393)) - 86df6d00-7043-4e9f-8d75-9ddb09551a86@group-E9A97802E129: set configuration 0: [86df6d00-7043-4e9f-8d75-9ddb09551a86|rpc:10.1.0.20:35185|dataStream:|priority:1], old=null
2022-07-02 07:19:56,611 [419d88b6-03c8-4180-a8b8-c3be8294e19d@group-5C3027F50FE1-FollowerState] INFO  impl.FollowerState (FollowerState.java:run(143)) - 419d88b6-03c8-4180-a8b8-c3be8294e19d@group-5C3027F50FE1-FollowerState: change to CANDIDATE, lastRpcElapsedTime:5122010918ns, electionTimeout:5120ms
2022-07-02 07:19:56,611 [419d88b6-03c8-4180-a8b8-c3be8294e19d@group-5C3027F50FE1-FollowerState] INFO  impl.RoleInfo (RoleInfo.java:shutdownFollowerState(110)) - 419d88b6-03c8-4180-a8b8-c3be8294e19d: shutdown 419d88b6-03c8-4180-a8b8-c3be8294e19d@group-5C3027F50FE1-FollowerState
2022-07-02 07:19:56,611 [419d88b6-03c8-4180-a8b8-c3be8294e19d@group-5C3027F50FE1-FollowerState] INFO  server.RaftServer$Division (RaftServerImpl.java:setRole(299)) - 419d88b6-03c8-4180-a8b8-c3be8294e19d@group-5C3027F50FE1: changes role from  FOLLOWER to CANDIDATE at term 0 for changeToCandidate
2022-07-02 07:19:56,611 [419d88b6-03c8-4180-a8b8-c3be8294e19d@group-5C3027F50FE1-FollowerState] INFO  server.RaftServerConfigKeys (ConfUtils.java:logGet(46)) - raft.server.leaderelection.pre-vote = false (custom)
2022-07-02 07:19:56,612 [419d88b6-03c8-4180-a8b8-c3be8294e19d@group-5C3027F50FE1-FollowerState] INFO  impl.RoleInfo (RoleInfo.java:updateAndGet(139)) - 419d88b6-03c8-4180-a8b8-c3be8294e19d: start 419d88b6-03c8-4180-a8b8-c3be8294e19d@group-5C3027F50FE1-LeaderElection5
2022-07-02 07:19:56,617 [da23fa89-fa7d-4455-a39d-25ada925c5c4@group-F47CE1271F7E-FollowerState] INFO  impl.FollowerState (FollowerState.java:run(143)) - da23fa89-fa7d-4455-a39d-25ada925c5c4@group-F47CE1271F7E-FollowerState: change to CANDIDATE, lastRpcElapsedTime:5040370697ns, electionTimeout:5032ms
2022-07-02 07:19:56,617 [da23fa89-fa7d-4455-a39d-25ada925c5c4@group-F47CE1271F7E-FollowerState] INFO  impl.RoleInfo (RoleInfo.java:shutdownFollowerState(110)) - da23fa89-fa7d-4455-a39d-25ada925c5c4: shutdown da23fa89-fa7d-4455-a39d-25ada925c5c4@group-F47CE1271F7E-FollowerState
2022-07-02 07:19:56,617 [da23fa89-fa7d-4455-a39d-25ada925c5c4@group-F47CE1271F7E-FollowerState] INFO  server.RaftServer$Division (RaftServerImpl.java:setRole(299)) - da23fa89-fa7d-4455-a39d-25ada925c5c4@group-F47CE1271F7E: changes role from  FOLLOWER to CANDIDATE at term 0 for changeToCandidate
2022-07-02 07:19:56,618 [da23fa89-fa7d-4455-a39d-25ada925c5c4@group-F47CE1271F7E-FollowerState] INFO  server.RaftServerConfigKeys (ConfUtils.java:logGet(46)) - raft.server.leaderelection.pre-vote = false (custom)
2022-07-02 07:19:56,618 [da23fa89-fa7d-4455-a39d-25ada925c5c4@group-F47CE1271F7E-FollowerState] INFO  impl.RoleInfo (RoleInfo.java:updateAndGet(139)) - da23fa89-fa7d-4455-a39d-25ada925c5c4: start da23fa89-fa7d-4455-a39d-25ada925c5c4@group-F47CE1271F7E-LeaderElection6
2022-07-02 07:19:56,632 [419d88b6-03c8-4180-a8b8-c3be8294e19d@group-5C3027F50FE1-LeaderElection5] INFO  impl.LeaderElection (LeaderElection.java:askForVotes(310)) - 419d88b6-03c8-4180-a8b8-c3be8294e19d@group-5C3027F50FE1-LeaderElection5 ELECTION round 0: submit vote requests at term 1 for -1: [419d88b6-03c8-4180-a8b8-c3be8294e19d|rpc:10.1.0.20:37557|priority:1], old=null
2022-07-02 07:19:56,632 [419d88b6-03c8-4180-a8b8-c3be8294e19d@group-5C3027F50FE1-LeaderElection5] INFO  impl.LeaderElection (LeaderElection.java:askForVotes(312)) - 419d88b6-03c8-4180-a8b8-c3be8294e19d@group-5C3027F50FE1-LeaderElection5 ELECTION round 0: result PASSED (term=1)
2022-07-02 07:19:56,632 [419d88b6-03c8-4180-a8b8-c3be8294e19d@group-5C3027F50FE1-LeaderElection5] INFO  impl.RoleInfo (RoleInfo.java:shutdownLeaderElection(130)) - 419d88b6-03c8-4180-a8b8-c3be8294e19d: shutdown 419d88b6-03c8-4180-a8b8-c3be8294e19d@group-5C3027F50FE1-LeaderElection5
2022-07-02 07:19:56,632 [419d88b6-03c8-4180-a8b8-c3be8294e19d@group-5C3027F50FE1-LeaderElection5] INFO  server.RaftServer$Division (RaftServerImpl.java:setRole(299)) - 419d88b6-03c8-4180-a8b8-c3be8294e19d@group-5C3027F50FE1: changes role from CANDIDATE to LEADER at term 1 for changeToLeader
2022-07-02 07:19:56,632 [419d88b6-03c8-4180-a8b8-c3be8294e19d@group-5C3027F50FE1-LeaderElection5] INFO  ratis.XceiverServerRatis (XceiverServerRatis.java:handleLeaderChangedNotification(863)) - Leader change notification received for group: group-5C3027F50FE1 with new leaderId: 419d88b6-03c8-4180-a8b8-c3be8294e19d
2022-07-02 07:19:56,642 [419d88b6-03c8-4180-a8b8-c3be8294e19d@group-5C3027F50FE1-LeaderElection5] INFO  server.RaftServer$Division (ServerState.java:setLeader(287)) - 419d88b6-03c8-4180-a8b8-c3be8294e19d@group-5C3027F50FE1: change Leader from null to 419d88b6-03c8-4180-a8b8-c3be8294e19d at term 1 for becomeLeader, leader elected after 5186ms
2022-07-02 07:19:56,642 [419d88b6-03c8-4180-a8b8-c3be8294e19d@group-5C3027F50FE1-LeaderElection5] INFO  server.RaftServerConfigKeys (ConfUtils.java:logGet(46)) - raft.server.staging.catchup.gap = 1000 (default)
2022-07-02 07:19:56,643 [419d88b6-03c8-4180-a8b8-c3be8294e19d@group-5C3027F50FE1-LeaderElection5] INFO  server.RaftServerConfigKeys (ConfUtils.java:logGet(46)) - raft.server.write.element-limit = 1024 (custom)
2022-07-02 07:19:56,643 [419d88b6-03c8-4180-a8b8-c3be8294e19d@group-5C3027F50FE1-LeaderElection5] INFO  server.RaftServerConfigKeys (ConfUtils.java:logGet(46)) - raft.server.write.byte-limit = 1024 M (=1073741824) (custom)
2022-07-02 07:19:56,643 [419d88b6-03c8-4180-a8b8-c3be8294e19d@group-5C3027F50FE1-LeaderElection5] INFO  server.RaftServerConfigKeys (ConfUtils.java:logGet(46)) - raft.server.watch.timeout = 180s (custom)
2022-07-02 07:19:56,643 [419d88b6-03c8-4180-a8b8-c3be8294e19d@group-5C3027F50FE1-LeaderElection5] INFO  server.RaftServerConfigKeys (ConfUtils.java:logGet(46)) - raft.server.watch.timeout.denomination = 1s (default)
2022-07-02 07:19:56,643 [419d88b6-03c8-4180-a8b8-c3be8294e19d@group-5C3027F50FE1-LeaderElection5] INFO  server.RaftServerConfigKeys (ConfUtils.java:logGet(46)) - raft.server.watch.element-limit = 65536 (default)
2022-07-02 07:19:56,643 [419d88b6-03c8-4180-a8b8-c3be8294e19d@group-5C3027F50FE1-LeaderElection5] INFO  server.RaftServerConfigKeys (ConfUtils.java:logGet(46)) - raft.server.write.element-limit = 1024 (custom)
2022-07-02 07:19:56,643 [419d88b6-03c8-4180-a8b8-c3be8294e19d@group-5C3027F50FE1-LeaderElection5] INFO  server.RaftServerConfigKeys (ConfUtils.java:logGet(46)) - raft.server.write.follower.gap.ratio.max = -1.0 (default)
2022-07-02 07:19:56,643 [419d88b6-03c8-4180-a8b8-c3be8294e19d@group-5C3027F50FE1-LeaderElection5] INFO  impl.RoleInfo (RoleInfo.java:updateAndGet(139)) - 419d88b6-03c8-4180-a8b8-c3be8294e19d: start 419d88b6-03c8-4180-a8b8-c3be8294e19d@group-5C3027F50FE1-LeaderStateImpl
2022-07-02 07:19:56,644 [419d88b6-03c8-4180-a8b8-c3be8294e19d@group-5C3027F50FE1-LeaderElection5] INFO  segmented.SegmentedRaftLogWorker (SegmentedRaftLogWorker.java:startLogSegment(425)) - 419d88b6-03c8-4180-a8b8-c3be8294e19d@group-5C3027F50FE1-SegmentedRaftLogWorker: Starting segment from index:0
2022-07-02 07:19:56,646 [419d88b6-03c8-4180-a8b8-c3be8294e19d@group-5C3027F50FE1-LeaderElection5] INFO  server.RaftServer$Division (ServerState.java:setRaftConf(393)) - 419d88b6-03c8-4180-a8b8-c3be8294e19d@group-5C3027F50FE1: set configuration 0: [419d88b6-03c8-4180-a8b8-c3be8294e19d|rpc:10.1.0.20:37557|dataStream:|priority:1], old=null
2022-07-02 07:19:56,646 [da23fa89-fa7d-4455-a39d-25ada925c5c4@group-F47CE1271F7E-LeaderElection6] INFO  impl.LeaderElection (LeaderElection.java:askForVotes(310)) - da23fa89-fa7d-4455-a39d-25ada925c5c4@group-F47CE1271F7E-LeaderElection6 ELECTION round 0: submit vote requests at term 1 for -1: [da23fa89-fa7d-4455-a39d-25ada925c5c4|rpc:10.1.0.20:43027|priority:0, 419d88b6-03c8-4180-a8b8-c3be8294e19d|rpc:10.1.0.20:37557|priority:1, 86df6d00-7043-4e9f-8d75-9ddb09551a86|rpc:10.1.0.20:35185|priority:0], old=null
2022-07-02 07:19:56,646 [419d88b6-03c8-4180-a8b8-c3be8294e19d@group-5C3027F50FE1-SegmentedRaftLogWorker] INFO  segmented.SegmentedRaftLogWorker (SegmentedRaftLogWorker.java:execute(629)) - 419d88b6-03c8-4180-a8b8-c3be8294e19d@group-5C3027F50FE1-SegmentedRaftLogWorker: created new log segment /home/runner/work/ozone/ozone/hadoop-ozone/integration-test/target/test-dir/MiniOzoneClusterImpl-2384df39-2793-4e2f-8252-b182c7f166b5/datanode-2/data/ratis/4638f997-f1d2-4d28-9180-5c3027f50fe1/current/log_inprogress_0
2022-07-02 07:19:56,661 [grpc-default-executor-3] INFO  server.RaftServer$Division (RaftServerImpl.java:requestVote(1152)) - 419d88b6-03c8-4180-a8b8-c3be8294e19d@group-F47CE1271F7E: receive requestVote(ELECTION, da23fa89-fa7d-4455-a39d-25ada925c5c4, group-F47CE1271F7E, 1, (t:0, i:0))
2022-07-02 07:19:56,661 [grpc-default-executor-3] INFO  impl.VoteContext (VoteContext.java:log(48)) - 419d88b6-03c8-4180-a8b8-c3be8294e19d@group-F47CE1271F7E-FOLLOWER: reject ELECTION from da23fa89-fa7d-4455-a39d-25ada925c5c4: our priority 1 > candidate's priority 0
2022-07-02 07:19:56,661 [grpc-default-executor-3] INFO  server.RaftServer$Division (RaftServerImpl.java:setRole(299)) - 419d88b6-03c8-4180-a8b8-c3be8294e19d@group-F47CE1271F7E: changes role from  FOLLOWER to FOLLOWER at term 1 for candidate:da23fa89-fa7d-4455-a39d-25ada925c5c4
2022-07-02 07:19:56,661 [grpc-default-executor-3] INFO  impl.RoleInfo (RoleInfo.java:shutdownFollowerState(110)) - 419d88b6-03c8-4180-a8b8-c3be8294e19d: shutdown 419d88b6-03c8-4180-a8b8-c3be8294e19d@group-F47CE1271F7E-FollowerState
2022-07-02 07:19:56,661 [grpc-default-executor-3] INFO  impl.RoleInfo (RoleInfo.java:updateAndGet(139)) - 419d88b6-03c8-4180-a8b8-c3be8294e19d: start 419d88b6-03c8-4180-a8b8-c3be8294e19d@group-F47CE1271F7E-FollowerState
2022-07-02 07:19:56,661 [419d88b6-03c8-4180-a8b8-c3be8294e19d@group-F47CE1271F7E-FollowerState] INFO  impl.FollowerState (FollowerState.java:run(152)) - 419d88b6-03c8-4180-a8b8-c3be8294e19d@group-F47CE1271F7E-FollowerState was interrupted
2022-07-02 07:19:56,669 [grpc-default-executor-2] INFO  server.RaftServer$Division (RaftServerImpl.java:requestVote(1152)) - 86df6d00-7043-4e9f-8d75-9ddb09551a86@group-F47CE1271F7E: receive requestVote(ELECTION, da23fa89-fa7d-4455-a39d-25ada925c5c4, group-F47CE1271F7E, 1, (t:0, i:0))
2022-07-02 07:19:56,669 [grpc-default-executor-2] INFO  impl.VoteContext (VoteContext.java:log(48)) - 86df6d00-7043-4e9f-8d75-9ddb09551a86@group-F47CE1271F7E-FOLLOWER: accept ELECTION from da23fa89-fa7d-4455-a39d-25ada925c5c4: our priority 0 <= candidate's priority 0
2022-07-02 07:19:56,669 [grpc-default-executor-2] INFO  server.RaftServer$Division (RaftServerImpl.java:setRole(299)) - 86df6d00-7043-4e9f-8d75-9ddb09551a86@group-F47CE1271F7E: changes role from  FOLLOWER to FOLLOWER at term 1 for candidate:da23fa89-fa7d-4455-a39d-25ada925c5c4
2022-07-02 07:19:56,669 [grpc-default-executor-2] INFO  impl.RoleInfo (RoleInfo.java:shutdownFollowerState(110)) - 86df6d00-7043-4e9f-8d75-9ddb09551a86: shutdown 86df6d00-7043-4e9f-8d75-9ddb09551a86@group-F47CE1271F7E-FollowerState
2022-07-02 07:19:56,669 [grpc-default-executor-2] INFO  impl.RoleInfo (RoleInfo.java:updateAndGet(139)) - 86df6d00-7043-4e9f-8d75-9ddb09551a86: start 86df6d00-7043-4e9f-8d75-9ddb09551a86@group-F47CE1271F7E-FollowerState
2022-07-02 07:19:56,669 [grpc-default-executor-3] INFO  server.RaftServer$Division (RaftServerImpl.java:requestVote(1184)) - 419d88b6-03c8-4180-a8b8-c3be8294e19d@group-F47CE1271F7E replies to ELECTION vote request: da23fa89-fa7d-4455-a39d-25ada925c5c4<-419d88b6-03c8-4180-a8b8-c3be8294e19d#0:FAIL-t1. Peer's state: 419d88b6-03c8-4180-a8b8-c3be8294e19d@group-F47CE1271F7E:t1, leader=null, voted=null, raftlog=419d88b6-03c8-4180-a8b8-c3be8294e19d@group-F47CE1271F7E-SegmentedRaftLog:OPENED:c-1, conf=-1: [da23fa89-fa7d-4455-a39d-25ada925c5c4|rpc:10.1.0.20:43027|priority:0, 419d88b6-03c8-4180-a8b8-c3be8294e19d|rpc:10.1.0.20:37557|priority:1, 86df6d00-7043-4e9f-8d75-9ddb09551a86|rpc:10.1.0.20:35185|priority:0], old=null
2022-07-02 07:19:56,669 [86df6d00-7043-4e9f-8d75-9ddb09551a86@group-F47CE1271F7E-FollowerState] INFO  impl.FollowerState (FollowerState.java:run(152)) - 86df6d00-7043-4e9f-8d75-9ddb09551a86@group-F47CE1271F7E-FollowerState was interrupted
2022-07-02 07:19:56,675 [da23fa89-fa7d-4455-a39d-25ada925c5c4@group-F47CE1271F7E-LeaderElection6] INFO  impl.LeaderElection (LeaderElection.java:logAndReturn(90)) - da23fa89-fa7d-4455-a39d-25ada925c5c4@group-F47CE1271F7E-LeaderElection6: ELECTION REJECTED received 1 response(s) and 0 exception(s):
2022-07-02 07:19:56,675 [da23fa89-fa7d-4455-a39d-25ada925c5c4@group-F47CE1271F7E-LeaderElection6] INFO  impl.LeaderElection (LeaderElection.java:logAndReturn(94)) -   Response 0: da23fa89-fa7d-4455-a39d-25ada925c5c4<-419d88b6-03c8-4180-a8b8-c3be8294e19d#0:FAIL-t1
2022-07-02 07:19:56,675 [da23fa89-fa7d-4455-a39d-25ada925c5c4@group-F47CE1271F7E-LeaderElection6] INFO  impl.LeaderElection (LeaderElection.java:askForVotes(312)) - da23fa89-fa7d-4455-a39d-25ada925c5c4@group-F47CE1271F7E-LeaderElection6 ELECTION round 0: result REJECTED
2022-07-02 07:19:56,675 [da23fa89-fa7d-4455-a39d-25ada925c5c4@group-F47CE1271F7E-LeaderElection6] INFO  server.RaftServer$Division (RaftServerImpl.java:setRole(299)) - da23fa89-fa7d-4455-a39d-25ada925c5c4@group-F47CE1271F7E: changes role from CANDIDATE to FOLLOWER at term 1 for REJECTED
2022-07-02 07:19:56,675 [da23fa89-fa7d-4455-a39d-25ada925c5c4@group-F47CE1271F7E-LeaderElection6] INFO  impl.RoleInfo (RoleInfo.java:shutdownLeaderElection(130)) - da23fa89-fa7d-4455-a39d-25ada925c5c4: shutdown da23fa89-fa7d-4455-a39d-25ada925c5c4@group-F47CE1271F7E-LeaderElection6
2022-07-02 07:19:56,675 [da23fa89-fa7d-4455-a39d-25ada925c5c4@group-F47CE1271F7E-LeaderElection6] INFO  impl.RoleInfo (RoleInfo.java:updateAndGet(139)) - da23fa89-fa7d-4455-a39d-25ada925c5c4: start da23fa89-fa7d-4455-a39d-25ada925c5c4@group-F47CE1271F7E-FollowerState
2022-07-02 07:19:56,676 [grpc-default-executor-2] INFO  server.RaftServer$Division (RaftServerImpl.java:requestVote(1184)) - 86df6d00-7043-4e9f-8d75-9ddb09551a86@group-F47CE1271F7E replies to ELECTION vote request: da23fa89-fa7d-4455-a39d-25ada925c5c4<-86df6d00-7043-4e9f-8d75-9ddb09551a86#0:OK-t1. Peer's state: 86df6d00-7043-4e9f-8d75-9ddb09551a86@group-F47CE1271F7E:t1, leader=null, voted=da23fa89-fa7d-4455-a39d-25ada925c5c4, raftlog=86df6d00-7043-4e9f-8d75-9ddb09551a86@group-F47CE1271F7E-SegmentedRaftLog:OPENED:c-1, conf=-1: [da23fa89-fa7d-4455-a39d-25ada925c5c4|rpc:10.1.0.20:43027|dataStream:|priority:0, 419d88b6-03c8-4180-a8b8-c3be8294e19d|rpc:10.1.0.20:37557|dataStream:|priority:1, 86df6d00-7043-4e9f-8d75-9ddb09551a86|rpc:10.1.0.20:35185|dataStream:|priority:0], old=null
2022-07-02 07:19:56,865 [Time-limited test] INFO  rpc.RpcClient (RpcClient.java:createVolume(466)) - Creating Volume: volume49238, with user21928 as owner and space quota set to -1 bytes, counts quota set to -1
2022-07-02 07:19:56,924 [OM StateMachine ApplyTransaction Thread - 0] INFO  volume.OMVolumeCreateRequest (OMVolumeCreateRequest.java:validateAndUpdateCache(195)) - created volume:volume49238 for user:user21928
2022-07-02 07:19:56,945 [dc0e6785-2ef3-43a4-ac1a-d32fe23dc755@group-D550E8CD3650-FollowerState] INFO  impl.FollowerState (FollowerState.java:run(143)) - dc0e6785-2ef3-43a4-ac1a-d32fe23dc755@group-D550E8CD3650-FollowerState: change to CANDIDATE, lastRpcElapsedTime:5118919042ns, electionTimeout:5114ms
2022-07-02 07:19:56,945 [dc0e6785-2ef3-43a4-ac1a-d32fe23dc755@group-D550E8CD3650-FollowerState] INFO  impl.RoleInfo (RoleInfo.java:shutdownFollowerState(110)) - dc0e6785-2ef3-43a4-ac1a-d32fe23dc755: shutdown dc0e6785-2ef3-43a4-ac1a-d32fe23dc755@group-D550E8CD3650-FollowerState
2022-07-02 07:19:56,945 [dc0e6785-2ef3-43a4-ac1a-d32fe23dc755@group-D550E8CD3650-FollowerState] INFO  server.RaftServer$Division (RaftServerImpl.java:setRole(299)) - dc0e6785-2ef3-43a4-ac1a-d32fe23dc755@group-D550E8CD3650: changes role from  FOLLOWER to CANDIDATE at term 0 for changeToCandidate
2022-07-02 07:19:56,947 [Time-limited test] INFO  rpc.RpcClient (RpcClient.java:createBucket(669)) - Creating Bucket: volume49238/bucket72295, with bucket layout LEGACY, runner as owner, Versioning false, Storage Type set to DISK and Encryption set to false 
2022-07-02 07:19:56,948 [dc0e6785-2ef3-43a4-ac1a-d32fe23dc755@group-D550E8CD3650-FollowerState] INFO  server.RaftServerConfigKeys (ConfUtils.java:logGet(46)) - raft.server.leaderelection.pre-vote = false (custom)
2022-07-02 07:19:56,948 [dc0e6785-2ef3-43a4-ac1a-d32fe23dc755@group-D550E8CD3650-FollowerState] INFO  impl.RoleInfo (RoleInfo.java:updateAndGet(139)) - dc0e6785-2ef3-43a4-ac1a-d32fe23dc755: start dc0e6785-2ef3-43a4-ac1a-d32fe23dc755@group-D550E8CD3650-LeaderElection7
2022-07-02 07:19:56,968 [OM StateMachine ApplyTransaction Thread - 0] INFO  bucket.OMBucketCreateRequest (OMBucketCreateRequest.java:validateAndUpdateCache(260)) - created bucket: bucket72295 of layout LEGACY in volume: volume49238
2022-07-02 07:19:56,975 [dc0e6785-2ef3-43a4-ac1a-d32fe23dc755@group-D550E8CD3650-LeaderElection7] INFO  impl.LeaderElection (LeaderElection.java:askForVotes(310)) - dc0e6785-2ef3-43a4-ac1a-d32fe23dc755@group-D550E8CD3650-LeaderElection7 ELECTION round 0: submit vote requests at term 1 for -1: [dc0e6785-2ef3-43a4-ac1a-d32fe23dc755|rpc:10.1.0.20:39655|priority:1], old=null
2022-07-02 07:19:56,975 [dc0e6785-2ef3-43a4-ac1a-d32fe23dc755@group-D550E8CD3650-LeaderElection7] INFO  impl.LeaderElection (LeaderElection.java:askForVotes(312)) - dc0e6785-2ef3-43a4-ac1a-d32fe23dc755@group-D550E8CD3650-LeaderElection7 ELECTION round 0: result PASSED (term=1)
2022-07-02 07:19:56,975 [dc0e6785-2ef3-43a4-ac1a-d32fe23dc755@group-D550E8CD3650-LeaderElection7] INFO  impl.RoleInfo (RoleInfo.java:shutdownLeaderElection(130)) - dc0e6785-2ef3-43a4-ac1a-d32fe23dc755: shutdown dc0e6785-2ef3-43a4-ac1a-d32fe23dc755@group-D550E8CD3650-LeaderElection7
2022-07-02 07:19:56,975 [dc0e6785-2ef3-43a4-ac1a-d32fe23dc755@group-D550E8CD3650-LeaderElection7] INFO  server.RaftServer$Division (RaftServerImpl.java:setRole(299)) - dc0e6785-2ef3-43a4-ac1a-d32fe23dc755@group-D550E8CD3650: changes role from CANDIDATE to LEADER at term 1 for changeToLeader
2022-07-02 07:19:56,975 [dc0e6785-2ef3-43a4-ac1a-d32fe23dc755@group-D550E8CD3650-LeaderElection7] INFO  ratis.XceiverServerRatis (XceiverServerRatis.java:handleLeaderChangedNotification(863)) - Leader change notification received for group: group-D550E8CD3650 with new leaderId: dc0e6785-2ef3-43a4-ac1a-d32fe23dc755
2022-07-02 07:19:56,975 [dc0e6785-2ef3-43a4-ac1a-d32fe23dc755@group-D550E8CD3650-LeaderElection7] INFO  server.RaftServer$Division (ServerState.java:setLeader(287)) - dc0e6785-2ef3-43a4-ac1a-d32fe23dc755@group-D550E8CD3650: change Leader from null to dc0e6785-2ef3-43a4-ac1a-d32fe23dc755 at term 1 for becomeLeader, leader elected after 5166ms
2022-07-02 07:19:56,975 [dc0e6785-2ef3-43a4-ac1a-d32fe23dc755@group-D550E8CD3650-LeaderElection7] INFO  server.RaftServerConfigKeys (ConfUtils.java:logGet(46)) - raft.server.staging.catchup.gap = 1000 (default)
2022-07-02 07:19:56,976 [dc0e6785-2ef3-43a4-ac1a-d32fe23dc755@group-D550E8CD3650-LeaderElection7] INFO  server.RaftServerConfigKeys (ConfUtils.java:logGet(46)) - raft.server.write.element-limit = 1024 (custom)
2022-07-02 07:19:56,976 [dc0e6785-2ef3-43a4-ac1a-d32fe23dc755@group-D550E8CD3650-LeaderElection7] INFO  server.RaftServerConfigKeys (ConfUtils.java:logGet(46)) - raft.server.write.byte-limit = 1024 M (=1073741824) (custom)
2022-07-02 07:19:56,976 [dc0e6785-2ef3-43a4-ac1a-d32fe23dc755@group-D550E8CD3650-LeaderElection7] INFO  server.RaftServerConfigKeys (ConfUtils.java:logGet(46)) - raft.server.watch.timeout = 180s (custom)
2022-07-02 07:19:56,976 [dc0e6785-2ef3-43a4-ac1a-d32fe23dc755@group-D550E8CD3650-LeaderElection7] INFO  server.RaftServerConfigKeys (ConfUtils.java:logGet(46)) - raft.server.watch.timeout.denomination = 1s (default)
2022-07-02 07:19:56,976 [dc0e6785-2ef3-43a4-ac1a-d32fe23dc755@group-D550E8CD3650-LeaderElection7] INFO  server.RaftServerConfigKeys (ConfUtils.java:logGet(46)) - raft.server.watch.element-limit = 65536 (default)
2022-07-02 07:19:56,979 [dc0e6785-2ef3-43a4-ac1a-d32fe23dc755@group-D550E8CD3650-LeaderElection7] INFO  server.RaftServerConfigKeys (ConfUtils.java:logGet(46)) - raft.server.write.element-limit = 1024 (custom)
2022-07-02 07:19:56,979 [dc0e6785-2ef3-43a4-ac1a-d32fe23dc755@group-D550E8CD3650-LeaderElection7] INFO  server.RaftServerConfigKeys (ConfUtils.java:logGet(46)) - raft.server.write.follower.gap.ratio.max = -1.0 (default)
2022-07-02 07:19:56,979 [dc0e6785-2ef3-43a4-ac1a-d32fe23dc755@group-D550E8CD3650-LeaderElection7] INFO  impl.RoleInfo (RoleInfo.java:updateAndGet(139)) - dc0e6785-2ef3-43a4-ac1a-d32fe23dc755: start dc0e6785-2ef3-43a4-ac1a-d32fe23dc755@group-D550E8CD3650-LeaderStateImpl
2022-07-02 07:19:56,980 [dc0e6785-2ef3-43a4-ac1a-d32fe23dc755@group-D550E8CD3650-LeaderElection7] INFO  segmented.SegmentedRaftLogWorker (SegmentedRaftLogWorker.java:startLogSegment(425)) - dc0e6785-2ef3-43a4-ac1a-d32fe23dc755@group-D550E8CD3650-SegmentedRaftLogWorker: Starting segment from index:0
2022-07-02 07:19:56,984 [dc0e6785-2ef3-43a4-ac1a-d32fe23dc755@group-D550E8CD3650-SegmentedRaftLogWorker] INFO  segmented.SegmentedRaftLogWorker (SegmentedRaftLogWorker.java:execute(629)) - dc0e6785-2ef3-43a4-ac1a-d32fe23dc755@group-D550E8CD3650-SegmentedRaftLogWorker: created new log segment /home/runner/work/ozone/ozone/hadoop-ozone/integration-test/target/test-dir/MiniOzoneClusterImpl-2384df39-2793-4e2f-8252-b182c7f166b5/datanode-3/data/ratis/373fe736-41ed-4a13-b14c-d550e8cd3650/current/log_inprogress_0
2022-07-02 07:19:57,001 [dc0e6785-2ef3-43a4-ac1a-d32fe23dc755@group-D550E8CD3650-LeaderElection7] INFO  server.RaftServer$Division (ServerState.java:setRaftConf(393)) - dc0e6785-2ef3-43a4-ac1a-d32fe23dc755@group-D550E8CD3650: set configuration 0: [dc0e6785-2ef3-43a4-ac1a-d32fe23dc755|rpc:10.1.0.20:39655|dataStream:|priority:1], old=null
2022-07-02 07:19:57,103 [IPC Server handler 13 on default port 34439] INFO  ha.SequenceIdGenerator (SequenceIdGenerator.java:getNextId(127)) - Allocate a batch for containerId, change lastId from 0 to 1000.
2022-07-02 07:19:57,114 [IPC Server handler 13 on default port 34439] WARN  ha.SequenceIdGenerator (SequenceIdGenerator.java:allocateBatch(235)) - Failed to allocate a batch for localId, expected lastId is 0, actual lastId is 109611004723200000.
2022-07-02 07:19:57,115 [IPC Server handler 13 on default port 34439] INFO  ha.SequenceIdGenerator (SequenceIdGenerator.java:getNextId(127)) - Allocate a batch for localId, change lastId from 109611004723200000 to 109611004723201000.
07:19:57.207 [IPC Server handler 18 on default port 41977] ERROR OMAudit - user=runner | ip=127.0.0.1 | op=GET_FILE_STATUS {volume=volume49238, bucket=bucket72295, key=dir707/file1, dataSize=0, replicationConfig=null} | ret=FAILURE
org.apache.hadoop.ozone.om.exceptions.OMException: Unable to get file status: volume: volume49238 bucket: bucket72295 key: dir707/file1
	at org.apache.hadoop.ozone.om.KeyManagerImpl.getOzoneFileStatus(KeyManagerImpl.java:1311) ~[ozone-manager-1.3.0-SNAPSHOT.jar:?]
	at org.apache.hadoop.ozone.om.KeyManagerImpl.getFileStatus(KeyManagerImpl.java:1241) ~[ozone-manager-1.3.0-SNAPSHOT.jar:?]
	at org.apache.hadoop.ozone.om.OzoneManager.getFileStatus(OzoneManager.java:3419) ~[ozone-manager-1.3.0-SNAPSHOT.jar:?]
	at org.apache.hadoop.ozone.protocolPB.OzoneManagerRequestHandler.getOzoneFileStatus(OzoneManagerRequestHandler.java:871) ~[ozone-manager-1.3.0-SNAPSHOT.jar:?]
	at org.apache.hadoop.ozone.protocolPB.OzoneManagerRequestHandler.handleReadRequest(OzoneManagerRequestHandler.java:217) ~[ozone-manager-1.3.0-SNAPSHOT.jar:?]
	at org.apache.hadoop.ozone.protocolPB.OzoneManagerProtocolServerSideTranslatorPB.submitReadRequestToOM(OzoneManagerProtocolServerSideTranslatorPB.java:226) ~[ozone-manager-1.3.0-SNAPSHOT.jar:?]
	at org.apache.hadoop.ozone.protocolPB.OzoneManagerProtocolServerSideTranslatorPB.processRequest(OzoneManagerProtocolServerSideTranslatorPB.java:175) ~[ozone-manager-1.3.0-SNAPSHOT.jar:?]
	at org.apache.hadoop.hdds.server.OzoneProtocolMessageDispatcher.processRequest(OzoneProtocolMessageDispatcher.java:87) [hdds-server-framework-1.3.0-SNAPSHOT.jar:?]
	at org.apache.hadoop.ozone.protocolPB.OzoneManagerProtocolServerSideTranslatorPB.submitRequest(OzoneManagerProtocolServerSideTranslatorPB.java:147) [ozone-manager-1.3.0-SNAPSHOT.jar:?]
	at org.apache.hadoop.ozone.protocol.proto.OzoneManagerProtocolProtos$OzoneManagerService$2.callBlockingMethod(OzoneManagerProtocolProtos.java) [ozone-interface-client-1.3.0-SNAPSHOT.jar:?]
	at org.apache.hadoop.ipc.ProtobufRpcEngine$Server.processCall(ProtobufRpcEngine.java:466) [hadoop-common-3.3.1.jar:?]
	at org.apache.hadoop.ipc.ProtobufRpcEngine2$Server$ProtoBufRpcInvoker.call(ProtobufRpcEngine2.java:574) [hadoop-common-3.3.1.jar:?]
	at org.apache.hadoop.ipc.ProtobufRpcEngine2$Server$ProtoBufRpcInvoker.call(ProtobufRpcEngine2.java:552) [hadoop-common-3.3.1.jar:?]
	at org.apache.hadoop.ipc.RPC$Server.call(RPC.java:1093) [hadoop-common-3.3.1.jar:?]
	at org.apache.hadoop.ipc.Server$RpcCall.run(Server.java:1035) [hadoop-common-3.3.1.jar:?]
	at org.apache.hadoop.ipc.Server$RpcCall.run(Server.java:963) [hadoop-common-3.3.1.jar:?]
	at java.security.AccessController.doPrivileged(Native Method) ~[?:1.8.0_332]
	at javax.security.auth.Subject.doAs(Subject.java:422) [?:1.8.0_332]
	at org.apache.hadoop.security.UserGroupInformation.doAs(UserGroupInformation.java:1878) [hadoop-common-3.3.1.jar:?]
	at org.apache.hadoop.ipc.Server$Handler.run(Server.java:2966) [hadoop-common-3.3.1.jar:?]
2022-07-02 07:19:57,330 [bb33d066-413c-4901-a976-4b69639dfedd@group-70F0F0070A71-FollowerState] INFO  impl.FollowerState (FollowerState.java:run(143)) - bb33d066-413c-4901-a976-4b69639dfedd@group-70F0F0070A71-FollowerState: change to CANDIDATE, lastRpcElapsedTime:5164942905ns, electionTimeout:5164ms
2022-07-02 07:19:57,330 [bb33d066-413c-4901-a976-4b69639dfedd@group-70F0F0070A71-FollowerState] INFO  impl.RoleInfo (RoleInfo.java:shutdownFollowerState(110)) - bb33d066-413c-4901-a976-4b69639dfedd: shutdown bb33d066-413c-4901-a976-4b69639dfedd@group-70F0F0070A71-FollowerState
2022-07-02 07:19:57,330 [bb33d066-413c-4901-a976-4b69639dfedd@group-70F0F0070A71-FollowerState] INFO  server.RaftServer$Division (RaftServerImpl.java:setRole(299)) - bb33d066-413c-4901-a976-4b69639dfedd@group-70F0F0070A71: changes role from  FOLLOWER to CANDIDATE at term 0 for changeToCandidate
2022-07-02 07:19:57,330 [bb33d066-413c-4901-a976-4b69639dfedd@group-70F0F0070A71-FollowerState] INFO  server.RaftServerConfigKeys (ConfUtils.java:logGet(46)) - raft.server.leaderelection.pre-vote = false (custom)
2022-07-02 07:19:57,330 [bb33d066-413c-4901-a976-4b69639dfedd@group-70F0F0070A71-FollowerState] INFO  impl.RoleInfo (RoleInfo.java:updateAndGet(139)) - bb33d066-413c-4901-a976-4b69639dfedd: start bb33d066-413c-4901-a976-4b69639dfedd@group-70F0F0070A71-LeaderElection8
2022-07-02 07:19:57,341 [bb33d066-413c-4901-a976-4b69639dfedd@group-70F0F0070A71-LeaderElection8] INFO  impl.LeaderElection (LeaderElection.java:askForVotes(310)) - bb33d066-413c-4901-a976-4b69639dfedd@group-70F0F0070A71-LeaderElection8 ELECTION round 0: submit vote requests at term 1 for -1: [bb33d066-413c-4901-a976-4b69639dfedd|rpc:10.1.0.20:44635|priority:1], old=null
2022-07-02 07:19:57,341 [bb33d066-413c-4901-a976-4b69639dfedd@group-70F0F0070A71-LeaderElection8] INFO  impl.LeaderElection (LeaderElection.java:askForVotes(312)) - bb33d066-413c-4901-a976-4b69639dfedd@group-70F0F0070A71-LeaderElection8 ELECTION round 0: result PASSED (term=1)
2022-07-02 07:19:57,342 [bb33d066-413c-4901-a976-4b69639dfedd@group-70F0F0070A71-LeaderElection8] INFO  impl.RoleInfo (RoleInfo.java:shutdownLeaderElection(130)) - bb33d066-413c-4901-a976-4b69639dfedd: shutdown bb33d066-413c-4901-a976-4b69639dfedd@group-70F0F0070A71-LeaderElection8
2022-07-02 07:19:57,342 [bb33d066-413c-4901-a976-4b69639dfedd@group-70F0F0070A71-LeaderElection8] INFO  server.RaftServer$Division (RaftServerImpl.java:setRole(299)) - bb33d066-413c-4901-a976-4b69639dfedd@group-70F0F0070A71: changes role from CANDIDATE to LEADER at term 1 for changeToLeader
2022-07-02 07:19:57,342 [bb33d066-413c-4901-a976-4b69639dfedd@group-70F0F0070A71-LeaderElection8] INFO  ratis.XceiverServerRatis (XceiverServerRatis.java:handleLeaderChangedNotification(863)) - Leader change notification received for group: group-70F0F0070A71 with new leaderId: bb33d066-413c-4901-a976-4b69639dfedd
2022-07-02 07:19:57,342 [bb33d066-413c-4901-a976-4b69639dfedd@group-70F0F0070A71-LeaderElection8] INFO  server.RaftServer$Division (ServerState.java:setLeader(287)) - bb33d066-413c-4901-a976-4b69639dfedd@group-70F0F0070A71: change Leader from null to bb33d066-413c-4901-a976-4b69639dfedd at term 1 for becomeLeader, leader elected after 5185ms
2022-07-02 07:19:57,342 [bb33d066-413c-4901-a976-4b69639dfedd@group-70F0F0070A71-LeaderElection8] INFO  server.RaftServerConfigKeys (ConfUtils.java:logGet(46)) - raft.server.staging.catchup.gap = 1000 (default)
2022-07-02 07:19:57,342 [bb33d066-413c-4901-a976-4b69639dfedd@group-70F0F0070A71-LeaderElection8] INFO  server.RaftServerConfigKeys (ConfUtils.java:logGet(46)) - raft.server.write.element-limit = 1024 (custom)
2022-07-02 07:19:57,342 [bb33d066-413c-4901-a976-4b69639dfedd@group-70F0F0070A71-LeaderElection8] INFO  server.RaftServerConfigKeys (ConfUtils.java:logGet(46)) - raft.server.write.byte-limit = 1024 M (=1073741824) (custom)
2022-07-02 07:19:57,343 [bb33d066-413c-4901-a976-4b69639dfedd@group-70F0F0070A71-LeaderElection8] INFO  server.RaftServerConfigKeys (ConfUtils.java:logGet(46)) - raft.server.watch.timeout = 180s (custom)
2022-07-02 07:19:57,343 [bb33d066-413c-4901-a976-4b69639dfedd@group-70F0F0070A71-LeaderElection8] INFO  server.RaftServerConfigKeys (ConfUtils.java:logGet(46)) - raft.server.watch.timeout.denomination = 1s (default)
2022-07-02 07:19:57,343 [bb33d066-413c-4901-a976-4b69639dfedd@group-70F0F0070A71-LeaderElection8] INFO  server.RaftServerConfigKeys (ConfUtils.java:logGet(46)) - raft.server.watch.element-limit = 65536 (default)
2022-07-02 07:19:57,343 [bb33d066-413c-4901-a976-4b69639dfedd@group-70F0F0070A71-LeaderElection8] INFO  server.RaftServerConfigKeys (ConfUtils.java:logGet(46)) - raft.server.write.element-limit = 1024 (custom)
2022-07-02 07:19:57,343 [bb33d066-413c-4901-a976-4b69639dfedd@group-70F0F0070A71-LeaderElection8] INFO  server.RaftServerConfigKeys (ConfUtils.java:logGet(46)) - raft.server.write.follower.gap.ratio.max = -1.0 (default)
2022-07-02 07:19:57,343 [bb33d066-413c-4901-a976-4b69639dfedd@group-70F0F0070A71-LeaderElection8] INFO  impl.RoleInfo (RoleInfo.java:updateAndGet(139)) - bb33d066-413c-4901-a976-4b69639dfedd: start bb33d066-413c-4901-a976-4b69639dfedd@group-70F0F0070A71-LeaderStateImpl
2022-07-02 07:19:57,343 [bb33d066-413c-4901-a976-4b69639dfedd@group-70F0F0070A71-LeaderElection8] INFO  segmented.SegmentedRaftLogWorker (SegmentedRaftLogWorker.java:startLogSegment(425)) - bb33d066-413c-4901-a976-4b69639dfedd@group-70F0F0070A71-SegmentedRaftLogWorker: Starting segment from index:0
2022-07-02 07:19:57,345 [bb33d066-413c-4901-a976-4b69639dfedd@group-70F0F0070A71-SegmentedRaftLogWorker] INFO  segmented.SegmentedRaftLogWorker (SegmentedRaftLogWorker.java:execute(629)) - bb33d066-413c-4901-a976-4b69639dfedd@group-70F0F0070A71-SegmentedRaftLogWorker: created new log segment /home/runner/work/ozone/ozone/hadoop-ozone/integration-test/target/test-dir/MiniOzoneClusterImpl-2384df39-2793-4e2f-8252-b182c7f166b5/datanode-4/data/ratis/a4dd0130-febf-4ad2-8cc9-70f0f0070a71/current/log_inprogress_0
2022-07-02 07:19:57,348 [bb33d066-413c-4901-a976-4b69639dfedd@group-70F0F0070A71-LeaderElection8] INFO  server.RaftServer$Division (ServerState.java:setRaftConf(393)) - bb33d066-413c-4901-a976-4b69639dfedd@group-70F0F0070A71: set configuration 0: [bb33d066-413c-4901-a976-4b69639dfedd|rpc:10.1.0.20:44635|dataStream:|priority:1], old=null
]]></system-out>
  </testcase>
  <testcase name="testRenameFile" classname="TestRootedOzoneFileSystem" time="0.324">
    <system-out><![CDATA[2022-07-02 07:20:19,704 [Listener at 127.0.0.1/41977] INFO  ozone.MiniOzoneClusterImpl (MiniOzoneClusterImpl.java:shutdown(460)) - Shutting down the Mini Ozone Cluster
2022-07-02 07:20:19,705 [Listener at 127.0.0.1/41977] INFO  ozone.MiniOzoneClusterImpl (MiniOzoneClusterImpl.java:stop(475)) - Stopping the Mini Ozone Cluster
2022-07-02 07:20:19,705 [Listener at 127.0.0.1/41977] INFO  ozone.MiniOzoneClusterImpl (MiniOzoneClusterImpl.java:stopOM(557)) - Stopping the OzoneManager
2022-07-02 07:20:19,705 [Listener at 127.0.0.1/41977] INFO  om.OzoneManager (OzoneManager.java:stop(2020)) - om1[localhost:0]: Stopping Ozone Manager
2022-07-02 07:20:19,705 [Listener at 127.0.0.1/41977] INFO  ipc.Server (Server.java:stop(3414)) - Stopping server on 41977
2022-07-02 07:20:19,711 [IPC Server listener on 0] INFO  ipc.Server (Server.java:run(1376)) - Stopping IPC Server listener on 0
2022-07-02 07:20:19,712 [IPC Server Responder] INFO  ipc.Server (Server.java:run(1512)) - Stopping IPC Server Responder
2022-07-02 07:20:19,713 [Listener at 127.0.0.1/41977] INFO  server.RaftServer (RaftServerProxy.java:lambda$close$7(398)) - om1: close
2022-07-02 07:20:19,714 [Listener at 127.0.0.1/41977] INFO  server.RaftServer$Division (RaftServerImpl.java:lambda$close$4(434)) - om1@group-C5BA1605619E: shutdown
2022-07-02 07:20:19,714 [Listener at 127.0.0.1/41977] INFO  util.JmxRegister (JmxRegister.java:unregister(73)) - Successfully un-registered JMX Bean with object name Ratis:service=RaftServer,group=group-C5BA1605619E,id=om1
2022-07-02 07:20:19,714 [Listener at 127.0.0.1/41977] INFO  impl.RoleInfo (RoleInfo.java:shutdownLeaderState(93)) - om1: shutdown om1@group-C5BA1605619E-LeaderStateImpl
2022-07-02 07:20:19,715 [Listener at 127.0.0.1/41977] INFO  impl.PendingRequests (PendingRequests.java:sendNotLeaderResponses(282)) - om1@group-C5BA1605619E-PendingRequests: sendNotLeaderResponses
2022-07-02 07:20:19,720 [om1@group-C5BA1605619E-StateMachineUpdater] INFO  ratis.OzoneManagerStateMachine (OzoneManagerStateMachine.java:takeSnapshot(441)) - Current Snapshot Index (t:1, i:6824)
2022-07-02 07:20:19,721 [om1@group-C5BA1605619E-StateMachineUpdater] INFO  impl.StateMachineUpdater (StateMachineUpdater.java:takeSnapshot(287)) - om1@group-C5BA1605619E-StateMachineUpdater: Took a snapshot at index 6824
2022-07-02 07:20:19,722 [om1@group-C5BA1605619E-StateMachineUpdater] INFO  impl.StateMachineUpdater (StateMachineUpdater.java:lambda$new$0(92)) - om1@group-C5BA1605619E-StateMachineUpdater: snapshotIndex: updateIncreasingly -1 -> 6824
2022-07-02 07:20:19,722 [om1@group-C5BA1605619E-StateMachineUpdater] INFO  ratis.OzoneManagerStateMachine (OzoneManagerStateMachine.java:close(495)) - StateMachine has shutdown. Shutdown OzoneManager if not already shutdown.
2022-07-02 07:20:19,722 [om1@group-C5BA1605619E-StateMachineUpdater] INFO  ratis.OzoneManagerDoubleBuffer (OzoneManagerDoubleBuffer.java:stop(465)) - Stopping OMDoubleBuffer flush thread
2022-07-02 07:20:19,722 [OMDoubleBufferFlushThread] INFO  ratis.OzoneManagerDoubleBuffer (OzoneManagerDoubleBuffer.java:flushTransactions(385)) - OMDoubleBuffer flush thread OMDoubleBufferFlushThread is interrupted and will exit.
2022-07-02 07:20:19,722 [Listener at 127.0.0.1/41977] INFO  impl.StateMachineUpdater (StateMachineUpdater.java:stopAndJoin(153)) - om1@group-C5BA1605619E-StateMachineUpdater: set stopIndex = 6824
2022-07-02 07:20:19,724 [Listener at 127.0.0.1/41977] INFO  server.RaftServer$Division (ServerState.java:close(429)) - om1@group-C5BA1605619E: closes. applyIndex: 6824
2022-07-02 07:20:19,728 [om1@group-C5BA1605619E-SegmentedRaftLogWorker] INFO  segmented.SegmentedRaftLogWorker (SegmentedRaftLogWorker.java:run(336)) - om1@group-C5BA1605619E-SegmentedRaftLogWorker was interrupted, exiting. There are 0 tasks remaining in the queue.
2022-07-02 07:20:19,730 [Listener at 127.0.0.1/41977] INFO  segmented.SegmentedRaftLogWorker (SegmentedRaftLogWorker.java:close(246)) - om1@group-C5BA1605619E-SegmentedRaftLogWorker close()
2022-07-02 07:20:19,732 [Listener at 127.0.0.1/41977] INFO  server.GrpcService (GrpcService.java:closeImpl(269)) - om1: shutdown server with port 9872 now
2022-07-02 07:20:19,741 [Listener at 127.0.0.1/41977] INFO  server.GrpcService (GrpcService.java:closeImpl(278)) - om1: shutdown server with port 9872 successfully
2022-07-02 07:20:19,741 [org.apache.ratis.util.JvmPauseMonitor$$Lambda$611/1072797734@3040fba9] INFO  util.JvmPauseMonitor (JvmPauseMonitor.java:run(109)) - JvmPauseMonitor-om1: Stopped
2022-07-02 07:20:19,742 [Listener at 127.0.0.1/41977] INFO  ratis.OzoneManagerStateMachine (OzoneManagerStateMachine.java:close(495)) - StateMachine has shutdown. Shutdown OzoneManager if not already shutdown.
2022-07-02 07:20:19,742 [Listener at 127.0.0.1/41977] INFO  ratis.OzoneManagerDoubleBuffer (OzoneManagerDoubleBuffer.java:stop(477)) - OMDoubleBuffer flush thread is not running.
2022-07-02 07:20:19,742 [Listener at 127.0.0.1/41977] INFO  utils.BackgroundService (BackgroundService.java:shutdown(132)) - Shutting down service KeyDeletingService
2022-07-02 07:20:19,743 [Listener at 127.0.0.1/41977] INFO  utils.BackgroundService (BackgroundService.java:shutdown(132)) - Shutting down service DirectoryDeletingService
2022-07-02 07:20:19,743 [Listener at 127.0.0.1/41977] INFO  utils.BackgroundService (BackgroundService.java:shutdown(132)) - Shutting down service OpenKeyCleanupService
2022-07-02 07:20:19,747 [Listener at 127.0.0.1/41977] INFO  handler.ContextHandler (ContextHandler.java:doStop(1153)) - Stopped o.e.j.w.WebAppContext@7cbeb8b2{ozoneManager,/,null,STOPPED}{file:/home/runner/work/ozone/ozone/hadoop-ozone/integration-test/target/test-classes/webapps/ozoneManager}
2022-07-02 07:20:19,751 [Listener at 127.0.0.1/41977] INFO  server.AbstractConnector (AbstractConnector.java:doStop(381)) - Stopped ServerConnector@272c18a1{HTTP/1.1, (http/1.1)}{0.0.0.0:0}
2022-07-02 07:20:19,751 [Listener at 127.0.0.1/41977] INFO  server.session (HouseKeeper.java:stopScavenging(149)) - node0 Stopped scavenging
2022-07-02 07:20:19,751 [Listener at 127.0.0.1/41977] INFO  handler.ContextHandler (ContextHandler.java:doStop(1153)) - Stopped o.e.j.s.ServletContextHandler@5a1bd78c{static,/static,file:///home/runner/work/ozone/ozone/hadoop-ozone/integration-test/target/test-classes/webapps/static,STOPPED}
2022-07-02 07:20:19,752 [Listener at 127.0.0.1/41977] INFO  handler.ContextHandler (ContextHandler.java:doStop(1153)) - Stopped o.e.j.s.ServletContextHandler@321d3e08{logs,/logs,file:///home/runner/work/ozone/ozone/hadoop-ozone/integration-test/target/log,STOPPED}
2022-07-02 07:20:19,753 [Trash Emptier] ERROR om.TrashPolicyOzone (TrashPolicyOzone.java:run(251)) - Error attempting to shutdown
java.lang.InterruptedException
	at java.util.concurrent.locks.AbstractQueuedSynchronizer$ConditionObject.awaitNanos(AbstractQueuedSynchronizer.java:2067)
	at java.util.concurrent.ThreadPoolExecutor.awaitTermination(ThreadPoolExecutor.java:1475)
	at org.apache.hadoop.ozone.om.TrashPolicyOzone$Emptier.run(TrashPolicyOzone.java:249)
	at java.lang.Thread.run(Thread.java:750)
2022-07-02 07:20:19,753 [Trash Emptier] ERROR util.ExitUtils (ExitUtils.java:terminate(133)) - Terminating with exit status -1: Thread[Trash Emptier,5,main] has thrown an uncaught exception
java.lang.UnsupportedOperationException: fs.getUri() not implemented in TrashOzoneFileSystem
	at org.apache.hadoop.ozone.om.TrashOzoneFileSystem.getUri(TrashOzoneFileSystem.java:126)
	at org.apache.hadoop.fs.FileSystem.close(FileSystem.java:2592)
	at org.apache.hadoop.ozone.om.TrashPolicyOzone$Emptier.run(TrashPolicyOzone.java:243)
	at java.lang.Thread.run(Thread.java:750)
2022-07-02 07:20:19,757 [Listener at 127.0.0.1/41977] INFO  ozone.MiniOzoneClusterImpl (MiniOzoneClusterImpl.java:stopDatanodes(534)) - Stopping the HddsDatanodes
2022-07-02 07:20:24,763 [ForkJoinPool.commonPool-worker-0] INFO  ozoneimpl.OzoneContainer (OzoneContainer.java:stop(365)) - Attempting to stop container services.
2022-07-02 07:20:24,765 [Listener at 127.0.0.1/41977] INFO  ozoneimpl.OzoneContainer (OzoneContainer.java:stop(365)) - Attempting to stop container services.
2022-07-02 07:20:24,768 [ForkJoinPool.commonPool-worker-0] INFO  server.RaftServer (RaftServerProxy.java:lambda$close$7(398)) - 86df6d00-7043-4e9f-8d75-9ddb09551a86: close
2022-07-02 07:20:24,768 [Listener at 127.0.0.1/41977] INFO  server.RaftServer (RaftServerProxy.java:lambda$close$7(398)) - 419d88b6-03c8-4180-a8b8-c3be8294e19d: close
2022-07-02 07:20:24,768 [ForkJoinPool.commonPool-worker-0] INFO  server.RaftServer$Division (RaftServerImpl.java:lambda$close$4(434)) - 86df6d00-7043-4e9f-8d75-9ddb09551a86@group-F47CE1271F7E: shutdown
2022-07-02 07:20:24,768 [Listener at 127.0.0.1/41977] INFO  server.RaftServer$Division (RaftServerImpl.java:lambda$close$4(434)) - 419d88b6-03c8-4180-a8b8-c3be8294e19d@group-5C3027F50FE1: shutdown
2022-07-02 07:20:24,768 [ForkJoinPool.commonPool-worker-0] INFO  util.JmxRegister (JmxRegister.java:unregister(73)) - Successfully un-registered JMX Bean with object name Ratis:service=RaftServer,group=group-F47CE1271F7E,id=86df6d00-7043-4e9f-8d75-9ddb09551a86
2022-07-02 07:20:24,769 [Listener at 127.0.0.1/41977] INFO  util.JmxRegister (JmxRegister.java:unregister(73)) - Successfully un-registered JMX Bean with object name Ratis:service=RaftServer,group=group-5C3027F50FE1,id=419d88b6-03c8-4180-a8b8-c3be8294e19d
2022-07-02 07:20:24,769 [ForkJoinPool.commonPool-worker-0] INFO  impl.RoleInfo (RoleInfo.java:shutdownFollowerState(110)) - 86df6d00-7043-4e9f-8d75-9ddb09551a86: shutdown 86df6d00-7043-4e9f-8d75-9ddb09551a86@group-F47CE1271F7E-FollowerState
2022-07-02 07:20:24,769 [Listener at 127.0.0.1/41977] INFO  impl.RoleInfo (RoleInfo.java:shutdownLeaderState(93)) - 419d88b6-03c8-4180-a8b8-c3be8294e19d: shutdown 419d88b6-03c8-4180-a8b8-c3be8294e19d@group-5C3027F50FE1-LeaderStateImpl
2022-07-02 07:20:24,769 [86df6d00-7043-4e9f-8d75-9ddb09551a86@group-F47CE1271F7E-FollowerState] INFO  impl.FollowerState (FollowerState.java:run(152)) - 86df6d00-7043-4e9f-8d75-9ddb09551a86@group-F47CE1271F7E-FollowerState was interrupted
2022-07-02 07:20:24,769 [Listener at 127.0.0.1/41977] INFO  impl.PendingRequests (PendingRequests.java:sendNotLeaderResponses(282)) - 419d88b6-03c8-4180-a8b8-c3be8294e19d@group-5C3027F50FE1-PendingRequests: sendNotLeaderResponses
2022-07-02 07:20:24,770 [ForkJoinPool.commonPool-worker-0] INFO  impl.StateMachineUpdater (StateMachineUpdater.java:stopAndJoin(153)) - 86df6d00-7043-4e9f-8d75-9ddb09551a86@group-F47CE1271F7E-StateMachineUpdater: set stopIndex = 3
2022-07-02 07:20:24,772 [86df6d00-7043-4e9f-8d75-9ddb09551a86@group-F47CE1271F7E-StateMachineUpdater] INFO  ratis.ContainerStateMachine (ContainerStateMachine.java:takeSnapshot(304)) - group-F47CE1271F7E: Taking a snapshot at:(t:2, i:3) file /home/runner/work/ozone/ozone/hadoop-ozone/integration-test/target/test-dir/MiniOzoneClusterImpl-2384df39-2793-4e2f-8252-b182c7f166b5/datanode-1/data/ratis/b2f6f3fc-880e-4014-b867-f47ce1271f7e/sm/snapshot.2_3
2022-07-02 07:20:24,778 [Listener at 127.0.0.1/41977] INFO  impl.StateMachineUpdater (StateMachineUpdater.java:stopAndJoin(153)) - 419d88b6-03c8-4180-a8b8-c3be8294e19d@group-5C3027F50FE1-StateMachineUpdater: set stopIndex = 0
2022-07-02 07:20:24,779 [419d88b6-03c8-4180-a8b8-c3be8294e19d@group-5C3027F50FE1-StateMachineUpdater] INFO  ratis.ContainerStateMachine (ContainerStateMachine.java:takeSnapshot(304)) - group-5C3027F50FE1: Taking a snapshot at:(t:1, i:0) file /home/runner/work/ozone/ozone/hadoop-ozone/integration-test/target/test-dir/MiniOzoneClusterImpl-2384df39-2793-4e2f-8252-b182c7f166b5/datanode-2/data/ratis/4638f997-f1d2-4d28-9180-5c3027f50fe1/sm/snapshot.1_0
2022-07-02 07:20:24,808 [419d88b6-03c8-4180-a8b8-c3be8294e19d@group-5C3027F50FE1-StateMachineUpdater] INFO  ratis.ContainerStateMachine (ContainerStateMachine.java:takeSnapshot(315)) - group-5C3027F50FE1: Finished taking a snapshot at:(t:1, i:0) file:/home/runner/work/ozone/ozone/hadoop-ozone/integration-test/target/test-dir/MiniOzoneClusterImpl-2384df39-2793-4e2f-8252-b182c7f166b5/datanode-2/data/ratis/4638f997-f1d2-4d28-9180-5c3027f50fe1/sm/snapshot.1_0 took: 29 ms
2022-07-02 07:20:24,810 [419d88b6-03c8-4180-a8b8-c3be8294e19d@group-5C3027F50FE1-StateMachineUpdater] INFO  impl.StateMachineUpdater (StateMachineUpdater.java:takeSnapshot(287)) - 419d88b6-03c8-4180-a8b8-c3be8294e19d@group-5C3027F50FE1-StateMachineUpdater: Took a snapshot at index 0
2022-07-02 07:20:24,810 [419d88b6-03c8-4180-a8b8-c3be8294e19d@group-5C3027F50FE1-StateMachineUpdater] INFO  impl.StateMachineUpdater (StateMachineUpdater.java:lambda$new$0(92)) - 419d88b6-03c8-4180-a8b8-c3be8294e19d@group-5C3027F50FE1-StateMachineUpdater: snapshotIndex: updateIncreasingly -1 -> 0
2022-07-02 07:20:24,814 [86df6d00-7043-4e9f-8d75-9ddb09551a86@group-F47CE1271F7E-StateMachineUpdater] INFO  ratis.ContainerStateMachine (ContainerStateMachine.java:takeSnapshot(315)) - group-F47CE1271F7E: Finished taking a snapshot at:(t:2, i:3) file:/home/runner/work/ozone/ozone/hadoop-ozone/integration-test/target/test-dir/MiniOzoneClusterImpl-2384df39-2793-4e2f-8252-b182c7f166b5/datanode-1/data/ratis/b2f6f3fc-880e-4014-b867-f47ce1271f7e/sm/snapshot.2_3 took: 44 ms
2022-07-02 07:20:24,814 [86df6d00-7043-4e9f-8d75-9ddb09551a86@group-F47CE1271F7E-StateMachineUpdater] INFO  impl.StateMachineUpdater (StateMachineUpdater.java:takeSnapshot(287)) - 86df6d00-7043-4e9f-8d75-9ddb09551a86@group-F47CE1271F7E-StateMachineUpdater: Took a snapshot at index 3
2022-07-02 07:20:24,814 [86df6d00-7043-4e9f-8d75-9ddb09551a86@group-F47CE1271F7E-StateMachineUpdater] INFO  impl.StateMachineUpdater (StateMachineUpdater.java:lambda$new$0(92)) - 86df6d00-7043-4e9f-8d75-9ddb09551a86@group-F47CE1271F7E-StateMachineUpdater: snapshotIndex: updateIncreasingly -1 -> 3
2022-07-02 07:20:24,816 [Listener at 127.0.0.1/41977] INFO  server.RaftServer$Division (ServerState.java:close(429)) - 419d88b6-03c8-4180-a8b8-c3be8294e19d@group-5C3027F50FE1: closes. applyIndex: 0
2022-07-02 07:20:24,816 [419d88b6-03c8-4180-a8b8-c3be8294e19d@group-5C3027F50FE1-SegmentedRaftLogWorker] INFO  segmented.SegmentedRaftLogWorker (SegmentedRaftLogWorker.java:run(336)) - 419d88b6-03c8-4180-a8b8-c3be8294e19d@group-5C3027F50FE1-SegmentedRaftLogWorker was interrupted, exiting. There are 0 tasks remaining in the queue.
2022-07-02 07:20:24,817 [Listener at 127.0.0.1/41977] INFO  segmented.SegmentedRaftLogWorker (SegmentedRaftLogWorker.java:close(246)) - 419d88b6-03c8-4180-a8b8-c3be8294e19d@group-5C3027F50FE1-SegmentedRaftLogWorker close()
2022-07-02 07:20:24,821 [Listener at 127.0.0.1/41977] INFO  server.RaftServer$Division (RaftServerImpl.java:lambda$close$4(434)) - 419d88b6-03c8-4180-a8b8-c3be8294e19d@group-F47CE1271F7E: shutdown
2022-07-02 07:20:24,822 [Listener at 127.0.0.1/41977] INFO  util.JmxRegister (JmxRegister.java:unregister(73)) - Successfully un-registered JMX Bean with object name Ratis:service=RaftServer,group=group-F47CE1271F7E,id=419d88b6-03c8-4180-a8b8-c3be8294e19d
2022-07-02 07:20:24,822 [Listener at 127.0.0.1/41977] INFO  impl.RoleInfo (RoleInfo.java:shutdownLeaderState(93)) - 419d88b6-03c8-4180-a8b8-c3be8294e19d: shutdown 419d88b6-03c8-4180-a8b8-c3be8294e19d@group-F47CE1271F7E-LeaderStateImpl
2022-07-02 07:20:24,822 [ForkJoinPool.commonPool-worker-0] INFO  server.RaftServer$Division (ServerState.java:close(429)) - 86df6d00-7043-4e9f-8d75-9ddb09551a86@group-F47CE1271F7E: closes. applyIndex: 3
2022-07-02 07:20:24,822 [419d88b6-03c8-4180-a8b8-c3be8294e19d@group-F47CE1271F7E->da23fa89-fa7d-4455-a39d-25ada925c5c4-GrpcLogAppender-LogAppenderDaemon] WARN  server.GrpcLogAppender (GrpcLogAppender.java:mayWait(171)) - 419d88b6-03c8-4180-a8b8-c3be8294e19d@group-F47CE1271F7E->da23fa89-fa7d-4455-a39d-25ada925c5c4-GrpcLogAppender: Wait interrupted by java.lang.InterruptedException
2022-07-02 07:20:24,822 [Listener at 127.0.0.1/41977] INFO  impl.PendingRequests (PendingRequests.java:sendNotLeaderResponses(282)) - 419d88b6-03c8-4180-a8b8-c3be8294e19d@group-F47CE1271F7E-PendingRequests: sendNotLeaderResponses
2022-07-02 07:20:24,822 [419d88b6-03c8-4180-a8b8-c3be8294e19d@group-F47CE1271F7E->86df6d00-7043-4e9f-8d75-9ddb09551a86-GrpcLogAppender-LogAppenderDaemon] WARN  server.GrpcLogAppender (GrpcLogAppender.java:mayWait(171)) - 419d88b6-03c8-4180-a8b8-c3be8294e19d@group-F47CE1271F7E->86df6d00-7043-4e9f-8d75-9ddb09551a86-GrpcLogAppender: Wait interrupted by java.lang.InterruptedException
2022-07-02 07:20:24,823 [86df6d00-7043-4e9f-8d75-9ddb09551a86@group-F47CE1271F7E-SegmentedRaftLogWorker] INFO  segmented.SegmentedRaftLogWorker (SegmentedRaftLogWorker.java:run(336)) - 86df6d00-7043-4e9f-8d75-9ddb09551a86@group-F47CE1271F7E-SegmentedRaftLogWorker was interrupted, exiting. There are 0 tasks remaining in the queue.
2022-07-02 07:20:24,828 [grpc-default-executor-1] INFO  server.GrpcServerProtocolService (GrpcServerProtocolService.java:onCompleted(140)) - da23fa89-fa7d-4455-a39d-25ada925c5c4: Completed APPEND_ENTRIES, lastRequest: 419d88b6-03c8-4180-a8b8-c3be8294e19d->da23fa89-fa7d-4455-a39d-25ada925c5c4#6-t2,previous=(t:2, i:2),leaderCommit=2,initializing? true,entries: size=1, first=(t:2, i:3), METADATAENTRY(c:2)
2022-07-02 07:20:24,829 [grpc-default-executor-3] INFO  server.GrpcLogAppender (GrpcLogAppender.java:onCompleted(339)) - 419d88b6-03c8-4180-a8b8-c3be8294e19d@group-F47CE1271F7E->da23fa89-fa7d-4455-a39d-25ada925c5c4-AppendLogResponseHandler: follower responses appendEntries COMPLETED
2022-07-02 07:20:24,833 [ForkJoinPool.commonPool-worker-0] INFO  segmented.SegmentedRaftLogWorker (SegmentedRaftLogWorker.java:close(246)) - 86df6d00-7043-4e9f-8d75-9ddb09551a86@group-F47CE1271F7E-SegmentedRaftLogWorker close()
2022-07-02 07:20:24,837 [Listener at 127.0.0.1/41977] INFO  impl.StateMachineUpdater (StateMachineUpdater.java:stopAndJoin(153)) - 419d88b6-03c8-4180-a8b8-c3be8294e19d@group-F47CE1271F7E-StateMachineUpdater: set stopIndex = 3
2022-07-02 07:20:24,837 [419d88b6-03c8-4180-a8b8-c3be8294e19d@group-F47CE1271F7E-StateMachineUpdater] INFO  ratis.ContainerStateMachine (ContainerStateMachine.java:takeSnapshot(304)) - group-F47CE1271F7E: Taking a snapshot at:(t:2, i:3) file /home/runner/work/ozone/ozone/hadoop-ozone/integration-test/target/test-dir/MiniOzoneClusterImpl-2384df39-2793-4e2f-8252-b182c7f166b5/datanode-2/data/ratis/b2f6f3fc-880e-4014-b867-f47ce1271f7e/sm/snapshot.2_3
2022-07-02 07:20:24,838 [grpc-default-executor-3] INFO  leader.FollowerInfo (FollowerInfoImpl.java:lambda$new$0(48)) - 419d88b6-03c8-4180-a8b8-c3be8294e19d@group-F47CE1271F7E->da23fa89-fa7d-4455-a39d-25ada925c5c4: nextIndex: updateUnconditionally 4 -> 3
2022-07-02 07:20:24,839 [419d88b6-03c8-4180-a8b8-c3be8294e19d@group-F47CE1271F7E-StateMachineUpdater] INFO  ratis.ContainerStateMachine (ContainerStateMachine.java:takeSnapshot(315)) - group-F47CE1271F7E: Finished taking a snapshot at:(t:2, i:3) file:/home/runner/work/ozone/ozone/hadoop-ozone/integration-test/target/test-dir/MiniOzoneClusterImpl-2384df39-2793-4e2f-8252-b182c7f166b5/datanode-2/data/ratis/b2f6f3fc-880e-4014-b867-f47ce1271f7e/sm/snapshot.2_3 took: 2 ms
2022-07-02 07:20:24,839 [ForkJoinPool.commonPool-worker-0] INFO  server.RaftServer$Division (RaftServerImpl.java:lambda$close$4(434)) - 86df6d00-7043-4e9f-8d75-9ddb09551a86@group-2F30E3035A5C: shutdown
2022-07-02 07:20:24,839 [419d88b6-03c8-4180-a8b8-c3be8294e19d@group-F47CE1271F7E-StateMachineUpdater] INFO  impl.StateMachineUpdater (StateMachineUpdater.java:takeSnapshot(287)) - 419d88b6-03c8-4180-a8b8-c3be8294e19d@group-F47CE1271F7E-StateMachineUpdater: Took a snapshot at index 3
2022-07-02 07:20:24,839 [ForkJoinPool.commonPool-worker-0] INFO  util.JmxRegister (JmxRegister.java:unregister(73)) - Successfully un-registered JMX Bean with object name Ratis:service=RaftServer,group=group-2F30E3035A5C,id=86df6d00-7043-4e9f-8d75-9ddb09551a86
2022-07-02 07:20:24,839 [419d88b6-03c8-4180-a8b8-c3be8294e19d@group-F47CE1271F7E-StateMachineUpdater] INFO  impl.StateMachineUpdater (StateMachineUpdater.java:lambda$new$0(92)) - 419d88b6-03c8-4180-a8b8-c3be8294e19d@group-F47CE1271F7E-StateMachineUpdater: snapshotIndex: updateIncreasingly -1 -> 3
2022-07-02 07:20:24,839 [ForkJoinPool.commonPool-worker-0] INFO  impl.RoleInfo (RoleInfo.java:shutdownFollowerState(110)) - 86df6d00-7043-4e9f-8d75-9ddb09551a86: shutdown 86df6d00-7043-4e9f-8d75-9ddb09551a86@group-2F30E3035A5C-FollowerState
2022-07-02 07:20:24,839 [ForkJoinPool.commonPool-worker-0] INFO  impl.StateMachineUpdater (StateMachineUpdater.java:stopAndJoin(153)) - 86df6d00-7043-4e9f-8d75-9ddb09551a86@group-2F30E3035A5C-StateMachineUpdater: set stopIndex = 28
2022-07-02 07:20:24,839 [86df6d00-7043-4e9f-8d75-9ddb09551a86@group-2F30E3035A5C-FollowerState] INFO  impl.FollowerState (FollowerState.java:run(152)) - 86df6d00-7043-4e9f-8d75-9ddb09551a86@group-2F30E3035A5C-FollowerState was interrupted
2022-07-02 07:20:24,840 [Listener at 127.0.0.1/41977] INFO  server.RaftServer$Division (ServerState.java:close(429)) - 419d88b6-03c8-4180-a8b8-c3be8294e19d@group-F47CE1271F7E: closes. applyIndex: 3
2022-07-02 07:20:24,840 [86df6d00-7043-4e9f-8d75-9ddb09551a86@group-2F30E3035A5C-StateMachineUpdater] INFO  ratis.ContainerStateMachine (ContainerStateMachine.java:takeSnapshot(304)) - group-2F30E3035A5C: Taking a snapshot at:(t:1, i:28) file /home/runner/work/ozone/ozone/hadoop-ozone/integration-test/target/test-dir/MiniOzoneClusterImpl-2384df39-2793-4e2f-8252-b182c7f166b5/datanode-1/data/ratis/7908fa83-2587-4ece-997b-2f30e3035a5c/sm/snapshot.1_28
2022-07-02 07:20:24,840 [419d88b6-03c8-4180-a8b8-c3be8294e19d@group-F47CE1271F7E-SegmentedRaftLogWorker] INFO  segmented.SegmentedRaftLogWorker (SegmentedRaftLogWorker.java:run(336)) - 419d88b6-03c8-4180-a8b8-c3be8294e19d@group-F47CE1271F7E-SegmentedRaftLogWorker was interrupted, exiting. There are 0 tasks remaining in the queue.
2022-07-02 07:20:24,841 [86df6d00-7043-4e9f-8d75-9ddb09551a86@group-2F30E3035A5C-StateMachineUpdater] INFO  ratis.ContainerStateMachine (ContainerStateMachine.java:takeSnapshot(315)) - group-2F30E3035A5C: Finished taking a snapshot at:(t:1, i:28) file:/home/runner/work/ozone/ozone/hadoop-ozone/integration-test/target/test-dir/MiniOzoneClusterImpl-2384df39-2793-4e2f-8252-b182c7f166b5/datanode-1/data/ratis/7908fa83-2587-4ece-997b-2f30e3035a5c/sm/snapshot.1_28 took: 1 ms
2022-07-02 07:20:24,841 [86df6d00-7043-4e9f-8d75-9ddb09551a86@group-2F30E3035A5C-StateMachineUpdater] INFO  impl.StateMachineUpdater (StateMachineUpdater.java:takeSnapshot(287)) - 86df6d00-7043-4e9f-8d75-9ddb09551a86@group-2F30E3035A5C-StateMachineUpdater: Took a snapshot at index 28
2022-07-02 07:20:24,841 [86df6d00-7043-4e9f-8d75-9ddb09551a86@group-2F30E3035A5C-StateMachineUpdater] INFO  impl.StateMachineUpdater (StateMachineUpdater.java:lambda$new$0(92)) - 86df6d00-7043-4e9f-8d75-9ddb09551a86@group-2F30E3035A5C-StateMachineUpdater: snapshotIndex: updateIncreasingly -1 -> 28
2022-07-02 07:20:24,842 [ForkJoinPool.commonPool-worker-0] INFO  server.RaftServer$Division (ServerState.java:close(429)) - 86df6d00-7043-4e9f-8d75-9ddb09551a86@group-2F30E3035A5C: closes. applyIndex: 28
2022-07-02 07:20:24,842 [86df6d00-7043-4e9f-8d75-9ddb09551a86@group-2F30E3035A5C-SegmentedRaftLogWorker] INFO  segmented.SegmentedRaftLogWorker (SegmentedRaftLogWorker.java:run(336)) - 86df6d00-7043-4e9f-8d75-9ddb09551a86@group-2F30E3035A5C-SegmentedRaftLogWorker was interrupted, exiting. There are 0 tasks remaining in the queue.
2022-07-02 07:20:24,843 [ForkJoinPool.commonPool-worker-0] INFO  segmented.SegmentedRaftLogWorker (SegmentedRaftLogWorker.java:close(246)) - 86df6d00-7043-4e9f-8d75-9ddb09551a86@group-2F30E3035A5C-SegmentedRaftLogWorker close()
2022-07-02 07:20:24,843 [Listener at 127.0.0.1/41977] INFO  segmented.SegmentedRaftLogWorker (SegmentedRaftLogWorker.java:close(246)) - 419d88b6-03c8-4180-a8b8-c3be8294e19d@group-F47CE1271F7E-SegmentedRaftLogWorker close()
2022-07-02 07:20:24,840 [grpc-default-executor-3] INFO  server.GrpcServerProtocolService (GrpcServerProtocolService.java:onCompleted(140)) - 86df6d00-7043-4e9f-8d75-9ddb09551a86: Completed APPEND_ENTRIES, lastRequest: 419d88b6-03c8-4180-a8b8-c3be8294e19d->86df6d00-7043-4e9f-8d75-9ddb09551a86#8-t2,previous=(t:2, i:2),leaderCommit=2,initializing? true,entries: size=1, first=(t:2, i:3), METADATAENTRY(c:2)
2022-07-02 07:20:24,846 [Listener at 127.0.0.1/41977] INFO  server.RaftServer$Division (RaftServerImpl.java:lambda$close$4(434)) - 419d88b6-03c8-4180-a8b8-c3be8294e19d@group-2F30E3035A5C: shutdown
2022-07-02 07:20:24,846 [Listener at 127.0.0.1/41977] INFO  util.JmxRegister (JmxRegister.java:unregister(73)) - Successfully un-registered JMX Bean with object name Ratis:service=RaftServer,group=group-2F30E3035A5C,id=419d88b6-03c8-4180-a8b8-c3be8294e19d
2022-07-02 07:20:24,846 [ForkJoinPool.commonPool-worker-0] INFO  server.RaftServer$Division (RaftServerImpl.java:lambda$close$4(434)) - 86df6d00-7043-4e9f-8d75-9ddb09551a86@group-E9A97802E129: shutdown
2022-07-02 07:20:24,846 [ForkJoinPool.commonPool-worker-0] INFO  util.JmxRegister (JmxRegister.java:unregister(73)) - Successfully un-registered JMX Bean with object name Ratis:service=RaftServer,group=group-E9A97802E129,id=86df6d00-7043-4e9f-8d75-9ddb09551a86
2022-07-02 07:20:24,847 [ForkJoinPool.commonPool-worker-0] INFO  impl.RoleInfo (RoleInfo.java:shutdownLeaderState(93)) - 86df6d00-7043-4e9f-8d75-9ddb09551a86: shutdown 86df6d00-7043-4e9f-8d75-9ddb09551a86@group-E9A97802E129-LeaderStateImpl
2022-07-02 07:20:24,846 [Listener at 127.0.0.1/41977] INFO  impl.RoleInfo (RoleInfo.java:shutdownFollowerState(110)) - 419d88b6-03c8-4180-a8b8-c3be8294e19d: shutdown 419d88b6-03c8-4180-a8b8-c3be8294e19d@group-2F30E3035A5C-FollowerState
2022-07-02 07:20:24,848 [Listener at 127.0.0.1/41977] INFO  impl.StateMachineUpdater (StateMachineUpdater.java:stopAndJoin(153)) - 419d88b6-03c8-4180-a8b8-c3be8294e19d@group-2F30E3035A5C-StateMachineUpdater: set stopIndex = 28
2022-07-02 07:20:24,848 [419d88b6-03c8-4180-a8b8-c3be8294e19d@group-2F30E3035A5C-FollowerState] INFO  impl.FollowerState (FollowerState.java:run(152)) - 419d88b6-03c8-4180-a8b8-c3be8294e19d@group-2F30E3035A5C-FollowerState was interrupted
2022-07-02 07:20:24,848 [419d88b6-03c8-4180-a8b8-c3be8294e19d@group-2F30E3035A5C-StateMachineUpdater] INFO  ratis.ContainerStateMachine (ContainerStateMachine.java:takeSnapshot(304)) - group-2F30E3035A5C: Taking a snapshot at:(t:1, i:28) file /home/runner/work/ozone/ozone/hadoop-ozone/integration-test/target/test-dir/MiniOzoneClusterImpl-2384df39-2793-4e2f-8252-b182c7f166b5/datanode-2/data/ratis/7908fa83-2587-4ece-997b-2f30e3035a5c/sm/snapshot.1_28
2022-07-02 07:20:24,846 [grpc-default-executor-3] INFO  server.GrpcLogAppender (GrpcLogAppender.java:onCompleted(339)) - 419d88b6-03c8-4180-a8b8-c3be8294e19d@group-F47CE1271F7E->86df6d00-7043-4e9f-8d75-9ddb09551a86-AppendLogResponseHandler: follower responses appendEntries COMPLETED
2022-07-02 07:20:24,848 [grpc-default-executor-3] INFO  leader.FollowerInfo (FollowerInfoImpl.java:lambda$new$0(48)) - 419d88b6-03c8-4180-a8b8-c3be8294e19d@group-F47CE1271F7E->86df6d00-7043-4e9f-8d75-9ddb09551a86: nextIndex: updateUnconditionally 4 -> 3
2022-07-02 07:20:24,847 [ForkJoinPool.commonPool-worker-0] INFO  impl.PendingRequests (PendingRequests.java:sendNotLeaderResponses(282)) - 86df6d00-7043-4e9f-8d75-9ddb09551a86@group-E9A97802E129-PendingRequests: sendNotLeaderResponses
2022-07-02 07:20:24,850 [419d88b6-03c8-4180-a8b8-c3be8294e19d@group-2F30E3035A5C-StateMachineUpdater] INFO  ratis.ContainerStateMachine (ContainerStateMachine.java:takeSnapshot(315)) - group-2F30E3035A5C: Finished taking a snapshot at:(t:1, i:28) file:/home/runner/work/ozone/ozone/hadoop-ozone/integration-test/target/test-dir/MiniOzoneClusterImpl-2384df39-2793-4e2f-8252-b182c7f166b5/datanode-2/data/ratis/7908fa83-2587-4ece-997b-2f30e3035a5c/sm/snapshot.1_28 took: 2 ms
2022-07-02 07:20:24,850 [419d88b6-03c8-4180-a8b8-c3be8294e19d@group-2F30E3035A5C-StateMachineUpdater] INFO  impl.StateMachineUpdater (StateMachineUpdater.java:takeSnapshot(287)) - 419d88b6-03c8-4180-a8b8-c3be8294e19d@group-2F30E3035A5C-StateMachineUpdater: Took a snapshot at index 28
2022-07-02 07:20:24,850 [419d88b6-03c8-4180-a8b8-c3be8294e19d@group-2F30E3035A5C-StateMachineUpdater] INFO  impl.StateMachineUpdater (StateMachineUpdater.java:lambda$new$0(92)) - 419d88b6-03c8-4180-a8b8-c3be8294e19d@group-2F30E3035A5C-StateMachineUpdater: snapshotIndex: updateIncreasingly -1 -> 28
2022-07-02 07:20:24,851 [86df6d00-7043-4e9f-8d75-9ddb09551a86@group-E9A97802E129-StateMachineUpdater] INFO  ratis.ContainerStateMachine (ContainerStateMachine.java:takeSnapshot(304)) - group-E9A97802E129: Taking a snapshot at:(t:1, i:0) file /home/runner/work/ozone/ozone/hadoop-ozone/integration-test/target/test-dir/MiniOzoneClusterImpl-2384df39-2793-4e2f-8252-b182c7f166b5/datanode-1/data/ratis/f95c2d84-5e29-4588-a680-e9a97802e129/sm/snapshot.1_0
2022-07-02 07:20:24,851 [Listener at 127.0.0.1/41977] INFO  server.RaftServer$Division (ServerState.java:close(429)) - 419d88b6-03c8-4180-a8b8-c3be8294e19d@group-2F30E3035A5C: closes. applyIndex: 28
2022-07-02 07:20:24,852 [ForkJoinPool.commonPool-worker-0] INFO  impl.StateMachineUpdater (StateMachineUpdater.java:stopAndJoin(153)) - 86df6d00-7043-4e9f-8d75-9ddb09551a86@group-E9A97802E129-StateMachineUpdater: set stopIndex = 0
2022-07-02 07:20:24,852 [419d88b6-03c8-4180-a8b8-c3be8294e19d@group-2F30E3035A5C-SegmentedRaftLogWorker] INFO  segmented.SegmentedRaftLogWorker (SegmentedRaftLogWorker.java:run(336)) - 419d88b6-03c8-4180-a8b8-c3be8294e19d@group-2F30E3035A5C-SegmentedRaftLogWorker was interrupted, exiting. There are 0 tasks remaining in the queue.
2022-07-02 07:20:24,852 [86df6d00-7043-4e9f-8d75-9ddb09551a86@group-E9A97802E129-StateMachineUpdater] INFO  ratis.ContainerStateMachine (ContainerStateMachine.java:takeSnapshot(315)) - group-E9A97802E129: Finished taking a snapshot at:(t:1, i:0) file:/home/runner/work/ozone/ozone/hadoop-ozone/integration-test/target/test-dir/MiniOzoneClusterImpl-2384df39-2793-4e2f-8252-b182c7f166b5/datanode-1/data/ratis/f95c2d84-5e29-4588-a680-e9a97802e129/sm/snapshot.1_0 took: 1 ms
2022-07-02 07:20:24,852 [Listener at 127.0.0.1/41977] INFO  segmented.SegmentedRaftLogWorker (SegmentedRaftLogWorker.java:close(246)) - 419d88b6-03c8-4180-a8b8-c3be8294e19d@group-2F30E3035A5C-SegmentedRaftLogWorker close()
2022-07-02 07:20:24,852 [86df6d00-7043-4e9f-8d75-9ddb09551a86@group-E9A97802E129-StateMachineUpdater] INFO  impl.StateMachineUpdater (StateMachineUpdater.java:takeSnapshot(287)) - 86df6d00-7043-4e9f-8d75-9ddb09551a86@group-E9A97802E129-StateMachineUpdater: Took a snapshot at index 0
2022-07-02 07:20:24,852 [86df6d00-7043-4e9f-8d75-9ddb09551a86@group-E9A97802E129-StateMachineUpdater] INFO  impl.StateMachineUpdater (StateMachineUpdater.java:lambda$new$0(92)) - 86df6d00-7043-4e9f-8d75-9ddb09551a86@group-E9A97802E129-StateMachineUpdater: snapshotIndex: updateIncreasingly -1 -> 0
2022-07-02 07:20:24,853 [ForkJoinPool.commonPool-worker-0] INFO  server.RaftServer$Division (ServerState.java:close(429)) - 86df6d00-7043-4e9f-8d75-9ddb09551a86@group-E9A97802E129: closes. applyIndex: 0
2022-07-02 07:20:24,853 [86df6d00-7043-4e9f-8d75-9ddb09551a86@group-E9A97802E129-SegmentedRaftLogWorker] INFO  segmented.SegmentedRaftLogWorker (SegmentedRaftLogWorker.java:run(336)) - 86df6d00-7043-4e9f-8d75-9ddb09551a86@group-E9A97802E129-SegmentedRaftLogWorker was interrupted, exiting. There are 0 tasks remaining in the queue.
2022-07-02 07:20:24,853 [ForkJoinPool.commonPool-worker-0] INFO  segmented.SegmentedRaftLogWorker (SegmentedRaftLogWorker.java:close(246)) - 86df6d00-7043-4e9f-8d75-9ddb09551a86@group-E9A97802E129-SegmentedRaftLogWorker close()
2022-07-02 07:20:24,854 [ForkJoinPool.commonPool-worker-0] INFO  server.GrpcService (GrpcService.java:closeImpl(269)) - 86df6d00-7043-4e9f-8d75-9ddb09551a86: shutdown server with port 35185 now
2022-07-02 07:20:24,854 [Listener at 127.0.0.1/41977] INFO  server.GrpcService (GrpcService.java:closeImpl(269)) - 419d88b6-03c8-4180-a8b8-c3be8294e19d: shutdown server with port 37557 now
2022-07-02 07:20:24,863 [grpc-default-executor-1] WARN  server.GrpcServerProtocolService (LogUtils.java:warn(122)) - 86df6d00-7043-4e9f-8d75-9ddb09551a86: installSnapshot onError, lastRequest: da23fa89-fa7d-4455-a39d-25ada925c5c4->86df6d00-7043-4e9f-8d75-9ddb09551a86#368-t1,previous=(t:1, i:27),leaderCommit=26,initializing? true,entries: size=1, first=(t:1, i:28), METADATAENTRY(c:26): org.apache.ratis.thirdparty.io.grpc.StatusRuntimeException: CANCELLED: client cancelled
2022-07-02 07:20:24,872 [ForkJoinPool.commonPool-worker-0] INFO  server.GrpcService (GrpcService.java:closeImpl(278)) - 86df6d00-7043-4e9f-8d75-9ddb09551a86: shutdown server with port 35185 successfully
2022-07-02 07:20:24,873 [org.apache.ratis.util.JvmPauseMonitor$$Lambda$611/1072797734@59753d14] INFO  util.JvmPauseMonitor (JvmPauseMonitor.java:run(109)) - JvmPauseMonitor-86df6d00-7043-4e9f-8d75-9ddb09551a86: Stopped
2022-07-02 07:20:24,874 [grpc-default-executor-1] WARN  server.GrpcServerProtocolService (LogUtils.java:warn(122)) - 419d88b6-03c8-4180-a8b8-c3be8294e19d: installSnapshot onError, lastRequest: da23fa89-fa7d-4455-a39d-25ada925c5c4->419d88b6-03c8-4180-a8b8-c3be8294e19d#371-t1,previous=(t:1, i:27),leaderCommit=26,initializing? true,entries: size=1, first=(t:1, i:28), METADATAENTRY(c:26): org.apache.ratis.thirdparty.io.grpc.StatusRuntimeException: CANCELLED: client cancelled
2022-07-02 07:20:24,876 [grpc-default-executor-1] WARN  server.GrpcLogAppender (LogUtils.java:warn(122)) - da23fa89-fa7d-4455-a39d-25ada925c5c4@group-2F30E3035A5C->86df6d00-7043-4e9f-8d75-9ddb09551a86-AppendLogResponseHandler: Failed appendEntries: org.apache.ratis.thirdparty.io.grpc.StatusRuntimeException: CANCELLED: RST_STREAM closed stream. HTTP/2 error code: CANCEL
2022-07-02 07:20:24,876 [grpc-default-executor-1] INFO  leader.FollowerInfo (FollowerInfoImpl.java:lambda$new$0(48)) - da23fa89-fa7d-4455-a39d-25ada925c5c4@group-2F30E3035A5C->86df6d00-7043-4e9f-8d75-9ddb09551a86: nextIndex: updateUnconditionally 29 -> 28
2022-07-02 07:20:24,879 [Listener at 127.0.0.1/41977] INFO  server.GrpcService (GrpcService.java:closeImpl(278)) - 419d88b6-03c8-4180-a8b8-c3be8294e19d: shutdown server with port 37557 successfully
2022-07-02 07:20:24,883 [org.apache.ratis.util.JvmPauseMonitor$$Lambda$611/1072797734@314561e4] INFO  util.JvmPauseMonitor (JvmPauseMonitor.java:run(109)) - JvmPauseMonitor-419d88b6-03c8-4180-a8b8-c3be8294e19d: Stopped
2022-07-02 07:20:24,889 [grpc-default-executor-1] WARN  server.GrpcLogAppender (LogUtils.java:warn(122)) - da23fa89-fa7d-4455-a39d-25ada925c5c4@group-2F30E3035A5C->419d88b6-03c8-4180-a8b8-c3be8294e19d-AppendLogResponseHandler: Failed appendEntries: org.apache.ratis.thirdparty.io.grpc.StatusRuntimeException: CANCELLED: RST_STREAM closed stream. HTTP/2 error code: CANCEL
2022-07-02 07:20:24,889 [grpc-default-executor-1] INFO  leader.FollowerInfo (FollowerInfoImpl.java:lambda$new$0(48)) - da23fa89-fa7d-4455-a39d-25ada925c5c4@group-2F30E3035A5C->419d88b6-03c8-4180-a8b8-c3be8294e19d: nextIndex: updateUnconditionally 29 -> 28
2022-07-02 07:20:24,900 [grpc-default-executor-3] WARN  server.GrpcLogAppender (LogUtils.java:warn(122)) - da23fa89-fa7d-4455-a39d-25ada925c5c4@group-2F30E3035A5C->86df6d00-7043-4e9f-8d75-9ddb09551a86-AppendLogResponseHandler: Failed appendEntries: org.apache.ratis.thirdparty.io.grpc.StatusRuntimeException: UNAVAILABLE: io exception
2022-07-02 07:20:24,901 [grpc-default-executor-3] INFO  leader.FollowerInfo (FollowerInfoImpl.java:lambda$new$0(48)) - da23fa89-fa7d-4455-a39d-25ada925c5c4@group-2F30E3035A5C->86df6d00-7043-4e9f-8d75-9ddb09551a86: nextIndex: updateUnconditionally 29 -> 28
2022-07-02 07:20:24,910 [grpc-default-executor-3] WARN  server.GrpcLogAppender (LogUtils.java:warn(122)) - da23fa89-fa7d-4455-a39d-25ada925c5c4@group-2F30E3035A5C->419d88b6-03c8-4180-a8b8-c3be8294e19d-AppendLogResponseHandler: Failed appendEntries: org.apache.ratis.thirdparty.io.grpc.StatusRuntimeException: UNAVAILABLE: io exception
2022-07-02 07:20:24,911 [grpc-default-executor-3] INFO  leader.FollowerInfo (FollowerInfoImpl.java:lambda$new$0(48)) - da23fa89-fa7d-4455-a39d-25ada925c5c4@group-2F30E3035A5C->419d88b6-03c8-4180-a8b8-c3be8294e19d: nextIndex: updateUnconditionally 29 -> 28
2022-07-02 07:20:26,511 [grpc-default-executor-3] WARN  server.GrpcLogAppender (LogUtils.java:warn(122)) - da23fa89-fa7d-4455-a39d-25ada925c5c4@group-2F30E3035A5C->419d88b6-03c8-4180-a8b8-c3be8294e19d-AppendLogResponseHandler: Failed appendEntries: org.apache.ratis.thirdparty.io.grpc.StatusRuntimeException: UNAVAILABLE: io exception
2022-07-02 07:20:26,513 [grpc-default-executor-3] INFO  leader.FollowerInfo (FollowerInfoImpl.java:lambda$new$0(48)) - da23fa89-fa7d-4455-a39d-25ada925c5c4@group-2F30E3035A5C->419d88b6-03c8-4180-a8b8-c3be8294e19d: nextIndex: updateUnconditionally 29 -> 28
2022-07-02 07:20:26,517 [grpc-default-executor-3] WARN  server.GrpcLogAppender (LogUtils.java:warn(122)) - da23fa89-fa7d-4455-a39d-25ada925c5c4@group-2F30E3035A5C->86df6d00-7043-4e9f-8d75-9ddb09551a86-AppendLogResponseHandler: Failed appendEntries: org.apache.ratis.thirdparty.io.grpc.StatusRuntimeException: UNAVAILABLE: io exception
2022-07-02 07:20:26,518 [grpc-default-executor-3] INFO  leader.FollowerInfo (FollowerInfoImpl.java:lambda$new$0(48)) - da23fa89-fa7d-4455-a39d-25ada925c5c4@group-2F30E3035A5C->86df6d00-7043-4e9f-8d75-9ddb09551a86: nextIndex: updateUnconditionally 29 -> 28
2022-07-02 07:20:26,920 [Listener at 127.0.0.1/41977] INFO  utils.BackgroundService (BackgroundService.java:shutdown(132)) - Shutting down service BlockDeletingService
2022-07-02 07:20:26,922 [ForkJoinPool.commonPool-worker-0] INFO  utils.BackgroundService (BackgroundService.java:shutdown(132)) - Shutting down service BlockDeletingService
2022-07-02 07:20:27,762 [grpc-default-executor-3] WARN  server.GrpcLogAppender (LogUtils.java:warn(122)) - da23fa89-fa7d-4455-a39d-25ada925c5c4@group-2F30E3035A5C->419d88b6-03c8-4180-a8b8-c3be8294e19d-AppendLogResponseHandler: Failed appendEntries: org.apache.ratis.thirdparty.io.grpc.StatusRuntimeException: UNAVAILABLE: io exception
2022-07-02 07:20:27,763 [grpc-default-executor-3] INFO  leader.FollowerInfo (FollowerInfoImpl.java:lambda$new$0(48)) - da23fa89-fa7d-4455-a39d-25ada925c5c4@group-2F30E3035A5C->419d88b6-03c8-4180-a8b8-c3be8294e19d: nextIndex: updateUnconditionally 29 -> 28
2022-07-02 07:20:27,767 [grpc-default-executor-3] WARN  server.GrpcLogAppender (LogUtils.java:warn(122)) - da23fa89-fa7d-4455-a39d-25ada925c5c4@group-2F30E3035A5C->86df6d00-7043-4e9f-8d75-9ddb09551a86-AppendLogResponseHandler: Failed appendEntries: org.apache.ratis.thirdparty.io.grpc.StatusRuntimeException: UNAVAILABLE: io exception
2022-07-02 07:20:27,769 [grpc-default-executor-3] INFO  leader.FollowerInfo (FollowerInfoImpl.java:lambda$new$0(48)) - da23fa89-fa7d-4455-a39d-25ada925c5c4@group-2F30E3035A5C->86df6d00-7043-4e9f-8d75-9ddb09551a86: nextIndex: updateUnconditionally 29 -> 28
2022-07-02 07:20:29,012 [grpc-default-executor-3] WARN  server.GrpcLogAppender (LogUtils.java:warn(122)) - da23fa89-fa7d-4455-a39d-25ada925c5c4@group-2F30E3035A5C->419d88b6-03c8-4180-a8b8-c3be8294e19d-AppendLogResponseHandler: Failed appendEntries: org.apache.ratis.thirdparty.io.grpc.StatusRuntimeException: UNAVAILABLE: io exception
2022-07-02 07:20:29,013 [grpc-default-executor-3] INFO  leader.FollowerInfo (FollowerInfoImpl.java:lambda$new$0(48)) - da23fa89-fa7d-4455-a39d-25ada925c5c4@group-2F30E3035A5C->419d88b6-03c8-4180-a8b8-c3be8294e19d: nextIndex: updateUnconditionally 29 -> 28
2022-07-02 07:20:29,018 [grpc-default-executor-3] WARN  server.GrpcLogAppender (LogUtils.java:warn(122)) - da23fa89-fa7d-4455-a39d-25ada925c5c4@group-2F30E3035A5C->86df6d00-7043-4e9f-8d75-9ddb09551a86-AppendLogResponseHandler: Failed appendEntries: org.apache.ratis.thirdparty.io.grpc.StatusRuntimeException: UNAVAILABLE: io exception
2022-07-02 07:20:29,019 [grpc-default-executor-3] INFO  leader.FollowerInfo (FollowerInfoImpl.java:lambda$new$0(48)) - da23fa89-fa7d-4455-a39d-25ada925c5c4@group-2F30E3035A5C->86df6d00-7043-4e9f-8d75-9ddb09551a86: nextIndex: updateUnconditionally 29 -> 28
2022-07-02 07:20:29,927 [Listener at 127.0.0.1/41977] INFO  statemachine.DatanodeStateMachine (DatanodeStateMachine.java:stopDaemon(580)) - Ozone container server stopped.
2022-07-02 07:20:29,930 [ForkJoinPool.commonPool-worker-0] INFO  statemachine.DatanodeStateMachine (DatanodeStateMachine.java:stopDaemon(580)) - Ozone container server stopped.
2022-07-02 07:20:29,952 [Listener at 127.0.0.1/41977] INFO  handler.ContextHandler (ContextHandler.java:doStop(1153)) - Stopped o.e.j.w.WebAppContext@32945931{hddsDatanode,/,null,STOPPED}{jar:file:/home/runner/.m2/repository/org/apache/ozone/hdds-container-service/1.3.0-SNAPSHOT/hdds-container-service-1.3.0-SNAPSHOT.jar!/webapps/hddsDatanode}
2022-07-02 07:20:29,960 [Listener at 127.0.0.1/41977] INFO  server.AbstractConnector (AbstractConnector.java:doStop(381)) - Stopped ServerConnector@2993c168{HTTP/1.1, (http/1.1)}{0.0.0.0:0}
2022-07-02 07:20:29,960 [Listener at 127.0.0.1/41977] INFO  server.session (HouseKeeper.java:stopScavenging(149)) - node0 Stopped scavenging
2022-07-02 07:20:29,956 [ForkJoinPool.commonPool-worker-0] INFO  handler.ContextHandler (ContextHandler.java:doStop(1153)) - Stopped o.e.j.w.WebAppContext@5dadf7d9{hddsDatanode,/,null,STOPPED}{jar:file:/home/runner/.m2/repository/org/apache/ozone/hdds-container-service/1.3.0-SNAPSHOT/hdds-container-service-1.3.0-SNAPSHOT.jar!/webapps/hddsDatanode}
2022-07-02 07:20:29,961 [Listener at 127.0.0.1/41977] INFO  handler.ContextHandler (ContextHandler.java:doStop(1153)) - Stopped o.e.j.s.ServletContextHandler@30b1f83{static,/static,jar:file:/home/runner/.m2/repository/org/apache/ozone/hdds-container-service/1.3.0-SNAPSHOT/hdds-container-service-1.3.0-SNAPSHOT.jar!/webapps/static,STOPPED}
2022-07-02 07:20:29,961 [ForkJoinPool.commonPool-worker-0] INFO  server.AbstractConnector (AbstractConnector.java:doStop(381)) - Stopped ServerConnector@a8b7754{HTTP/1.1, (http/1.1)}{0.0.0.0:0}
2022-07-02 07:20:29,962 [Listener at 127.0.0.1/41977] INFO  handler.ContextHandler (ContextHandler.java:doStop(1153)) - Stopped o.e.j.s.ServletContextHandler@35f99930{logs,/logs,file:///home/runner/work/ozone/ozone/hadoop-ozone/integration-test/target/log,STOPPED}
2022-07-02 07:20:29,962 [ForkJoinPool.commonPool-worker-0] INFO  server.session (HouseKeeper.java:stopScavenging(149)) - node0 Stopped scavenging
2022-07-02 07:20:29,993 [ForkJoinPool.commonPool-worker-0] INFO  handler.ContextHandler (ContextHandler.java:doStop(1153)) - Stopped o.e.j.s.ServletContextHandler@6b4bc8f6{static,/static,jar:file:/home/runner/.m2/repository/org/apache/ozone/hdds-container-service/1.3.0-SNAPSHOT/hdds-container-service-1.3.0-SNAPSHOT.jar!/webapps/static,STOPPED}
2022-07-02 07:20:29,995 [ForkJoinPool.commonPool-worker-0] INFO  handler.ContextHandler (ContextHandler.java:doStop(1153)) - Stopped o.e.j.s.ServletContextHandler@689774fc{logs,/logs,file:///home/runner/work/ozone/ozone/hadoop-ozone/integration-test/target/log,STOPPED}
2022-07-02 07:20:30,263 [grpc-default-executor-3] WARN  server.GrpcLogAppender (LogUtils.java:warn(122)) - da23fa89-fa7d-4455-a39d-25ada925c5c4@group-2F30E3035A5C->419d88b6-03c8-4180-a8b8-c3be8294e19d-AppendLogResponseHandler: Failed appendEntries: org.apache.ratis.thirdparty.io.grpc.StatusRuntimeException: UNAVAILABLE: io exception
2022-07-02 07:20:30,264 [grpc-default-executor-3] INFO  leader.FollowerInfo (FollowerInfoImpl.java:lambda$new$0(48)) - da23fa89-fa7d-4455-a39d-25ada925c5c4@group-2F30E3035A5C->419d88b6-03c8-4180-a8b8-c3be8294e19d: nextIndex: updateUnconditionally 29 -> 28
2022-07-02 07:20:30,268 [grpc-default-executor-3] WARN  server.GrpcLogAppender (LogUtils.java:warn(122)) - da23fa89-fa7d-4455-a39d-25ada925c5c4@group-2F30E3035A5C->86df6d00-7043-4e9f-8d75-9ddb09551a86-AppendLogResponseHandler: Failed appendEntries: org.apache.ratis.thirdparty.io.grpc.StatusRuntimeException: UNAVAILABLE: io exception
2022-07-02 07:20:30,269 [grpc-default-executor-3] INFO  leader.FollowerInfo (FollowerInfoImpl.java:lambda$new$0(48)) - da23fa89-fa7d-4455-a39d-25ada925c5c4@group-2F30E3035A5C->86df6d00-7043-4e9f-8d75-9ddb09551a86: nextIndex: updateUnconditionally 29 -> 28
2022-07-02 07:20:31,514 [grpc-default-executor-3] WARN  server.GrpcLogAppender (LogUtils.java:warn(122)) - da23fa89-fa7d-4455-a39d-25ada925c5c4@group-2F30E3035A5C->419d88b6-03c8-4180-a8b8-c3be8294e19d-AppendLogResponseHandler: Failed appendEntries: org.apache.ratis.thirdparty.io.grpc.StatusRuntimeException: UNAVAILABLE: io exception
2022-07-02 07:20:31,515 [grpc-default-executor-3] INFO  leader.FollowerInfo (FollowerInfoImpl.java:lambda$new$0(48)) - da23fa89-fa7d-4455-a39d-25ada925c5c4@group-2F30E3035A5C->419d88b6-03c8-4180-a8b8-c3be8294e19d: nextIndex: updateUnconditionally 29 -> 28
2022-07-02 07:20:31,519 [grpc-default-executor-3] WARN  server.GrpcLogAppender (LogUtils.java:warn(122)) - da23fa89-fa7d-4455-a39d-25ada925c5c4@group-2F30E3035A5C->86df6d00-7043-4e9f-8d75-9ddb09551a86-AppendLogResponseHandler: Failed appendEntries: org.apache.ratis.thirdparty.io.grpc.StatusRuntimeException: UNAVAILABLE: io exception
2022-07-02 07:20:31,520 [grpc-default-executor-3] INFO  leader.FollowerInfo (FollowerInfoImpl.java:lambda$new$0(48)) - da23fa89-fa7d-4455-a39d-25ada925c5c4@group-2F30E3035A5C->86df6d00-7043-4e9f-8d75-9ddb09551a86: nextIndex: updateUnconditionally 29 -> 28
2022-07-02 07:20:32,479 [da23fa89-fa7d-4455-a39d-25ada925c5c4@group-F47CE1271F7E-FollowerState] INFO  impl.FollowerState (FollowerState.java:run(143)) - da23fa89-fa7d-4455-a39d-25ada925c5c4@group-F47CE1271F7E-FollowerState: change to CANDIDATE, lastRpcElapsedTime:9463231694ns, electionTimeout:5080ms
2022-07-02 07:20:32,479 [da23fa89-fa7d-4455-a39d-25ada925c5c4@group-F47CE1271F7E-FollowerState] INFO  impl.RoleInfo (RoleInfo.java:shutdownFollowerState(110)) - da23fa89-fa7d-4455-a39d-25ada925c5c4: shutdown da23fa89-fa7d-4455-a39d-25ada925c5c4@group-F47CE1271F7E-FollowerState
2022-07-02 07:20:32,479 [da23fa89-fa7d-4455-a39d-25ada925c5c4@group-F47CE1271F7E-FollowerState] INFO  server.RaftServer$Division (RaftServerImpl.java:setRole(299)) - da23fa89-fa7d-4455-a39d-25ada925c5c4@group-F47CE1271F7E: changes role from  FOLLOWER to CANDIDATE at term 2 for changeToCandidate
2022-07-02 07:20:32,479 [da23fa89-fa7d-4455-a39d-25ada925c5c4@group-F47CE1271F7E-FollowerState] INFO  server.RaftServerConfigKeys (ConfUtils.java:logGet(46)) - raft.server.leaderelection.pre-vote = false (custom)
2022-07-02 07:20:32,479 [da23fa89-fa7d-4455-a39d-25ada925c5c4@group-F47CE1271F7E-FollowerState] INFO  impl.RoleInfo (RoleInfo.java:updateAndGet(139)) - da23fa89-fa7d-4455-a39d-25ada925c5c4: start da23fa89-fa7d-4455-a39d-25ada925c5c4@group-F47CE1271F7E-LeaderElection10
2022-07-02 07:20:32,491 [da23fa89-fa7d-4455-a39d-25ada925c5c4@group-F47CE1271F7E-LeaderElection10] INFO  server.RaftServer$Division (ServerState.java:setLeader(287)) - da23fa89-fa7d-4455-a39d-25ada925c5c4@group-F47CE1271F7E: change Leader from 419d88b6-03c8-4180-a8b8-c3be8294e19d to null at term 2 for ELECTION
2022-07-02 07:20:32,498 [da23fa89-fa7d-4455-a39d-25ada925c5c4@group-F47CE1271F7E-LeaderElection10] INFO  impl.LeaderElection (LeaderElection.java:askForVotes(310)) - da23fa89-fa7d-4455-a39d-25ada925c5c4@group-F47CE1271F7E-LeaderElection10 ELECTION round 0: submit vote requests at term 3 for 0: [da23fa89-fa7d-4455-a39d-25ada925c5c4|rpc:10.1.0.20:43027|dataStream:|priority:0, 419d88b6-03c8-4180-a8b8-c3be8294e19d|rpc:10.1.0.20:37557|dataStream:|priority:1, 86df6d00-7043-4e9f-8d75-9ddb09551a86|rpc:10.1.0.20:35185|dataStream:|priority:0], old=null
2022-07-02 07:20:32,516 [da23fa89-fa7d-4455-a39d-25ada925c5c4@group-F47CE1271F7E-LeaderElection10] INFO  impl.LeaderElection (LogUtils.java:infoOrTrace(137)) - da23fa89-fa7d-4455-a39d-25ada925c5c4@group-F47CE1271F7E-LeaderElection10 got exception when requesting votes: java.util.concurrent.ExecutionException: org.apache.ratis.thirdparty.io.grpc.StatusRuntimeException: UNAVAILABLE: io exception
2022-07-02 07:20:32,517 [da23fa89-fa7d-4455-a39d-25ada925c5c4@group-F47CE1271F7E-LeaderElection10] INFO  impl.LeaderElection (LogUtils.java:infoOrTrace(137)) - da23fa89-fa7d-4455-a39d-25ada925c5c4@group-F47CE1271F7E-LeaderElection10 got exception when requesting votes: java.util.concurrent.ExecutionException: org.apache.ratis.thirdparty.io.grpc.StatusRuntimeException: UNAVAILABLE: io exception
2022-07-02 07:20:32,517 [da23fa89-fa7d-4455-a39d-25ada925c5c4@group-F47CE1271F7E-LeaderElection10] INFO  impl.LeaderElection (LeaderElection.java:logAndReturn(90)) - da23fa89-fa7d-4455-a39d-25ada925c5c4@group-F47CE1271F7E-LeaderElection10: ELECTION REJECTED received 0 response(s) and 2 exception(s):
2022-07-02 07:20:32,517 [da23fa89-fa7d-4455-a39d-25ada925c5c4@group-F47CE1271F7E-LeaderElection10] INFO  impl.LeaderElection (LogUtils.java:infoOrTrace(137)) -   Exception 0: java.util.concurrent.ExecutionException: org.apache.ratis.thirdparty.io.grpc.StatusRuntimeException: UNAVAILABLE: io exception
2022-07-02 07:20:32,517 [da23fa89-fa7d-4455-a39d-25ada925c5c4@group-F47CE1271F7E-LeaderElection10] INFO  impl.LeaderElection (LogUtils.java:infoOrTrace(137)) -   Exception 1: java.util.concurrent.ExecutionException: org.apache.ratis.thirdparty.io.grpc.StatusRuntimeException: UNAVAILABLE: io exception
2022-07-02 07:20:32,517 [da23fa89-fa7d-4455-a39d-25ada925c5c4@group-F47CE1271F7E-LeaderElection10] INFO  impl.LeaderElection (LeaderElection.java:askForVotes(312)) - da23fa89-fa7d-4455-a39d-25ada925c5c4@group-F47CE1271F7E-LeaderElection10 ELECTION round 0: result REJECTED
2022-07-02 07:20:32,518 [da23fa89-fa7d-4455-a39d-25ada925c5c4@group-F47CE1271F7E-LeaderElection10] INFO  server.RaftServer$Division (RaftServerImpl.java:setRole(299)) - da23fa89-fa7d-4455-a39d-25ada925c5c4@group-F47CE1271F7E: changes role from CANDIDATE to FOLLOWER at term 3 for REJECTED
2022-07-02 07:20:32,518 [da23fa89-fa7d-4455-a39d-25ada925c5c4@group-F47CE1271F7E-LeaderElection10] INFO  impl.RoleInfo (RoleInfo.java:shutdownLeaderElection(130)) - da23fa89-fa7d-4455-a39d-25ada925c5c4: shutdown da23fa89-fa7d-4455-a39d-25ada925c5c4@group-F47CE1271F7E-LeaderElection10
2022-07-02 07:20:32,518 [da23fa89-fa7d-4455-a39d-25ada925c5c4@group-F47CE1271F7E-LeaderElection10] INFO  impl.RoleInfo (RoleInfo.java:updateAndGet(139)) - da23fa89-fa7d-4455-a39d-25ada925c5c4: start da23fa89-fa7d-4455-a39d-25ada925c5c4@group-F47CE1271F7E-FollowerState
2022-07-02 07:20:32,632 [da23fa89-fa7d-4455-a39d-25ada925c5c4@group-2F30E3035A5C-LeaderStateImpl] WARN  server.RaftServer$Division (LeaderStateImpl.java:checkLeadership(1018)) - da23fa89-fa7d-4455-a39d-25ada925c5c4@group-2F30E3035A5C-LeaderStateImpl: Lost leadership on term: 1. Election timeout: 5200ms. In charge for: 36837ms. Conf: 0: [da23fa89-fa7d-4455-a39d-25ada925c5c4|rpc:10.1.0.20:43027|dataStream:|priority:1, 419d88b6-03c8-4180-a8b8-c3be8294e19d|rpc:10.1.0.20:37557|dataStream:|priority:0, 86df6d00-7043-4e9f-8d75-9ddb09551a86|rpc:10.1.0.20:35185|dataStream:|priority:0], old=null
2022-07-02 07:20:32,633 [da23fa89-fa7d-4455-a39d-25ada925c5c4@group-2F30E3035A5C-LeaderStateImpl] WARN  server.RaftServer$Division (LeaderStateImpl.java:lambda$checkLeadership$17(1022)) - Follower da23fa89-fa7d-4455-a39d-25ada925c5c4@group-2F30E3035A5C->419d88b6-03c8-4180-a8b8-c3be8294e19d(c28,m28,n28, attendVote=true, lastRpcSendTime=1119, lastRpcResponseTime=8623)
2022-07-02 07:20:32,633 [da23fa89-fa7d-4455-a39d-25ada925c5c4@group-2F30E3035A5C-LeaderStateImpl] WARN  server.RaftServer$Division (LeaderStateImpl.java:lambda$checkLeadership$17(1022)) - Follower da23fa89-fa7d-4455-a39d-25ada925c5c4@group-2F30E3035A5C->86df6d00-7043-4e9f-8d75-9ddb09551a86(c28,m28,n28, attendVote=true, lastRpcSendTime=1114, lastRpcResponseTime=8618)
2022-07-02 07:20:32,633 [da23fa89-fa7d-4455-a39d-25ada925c5c4@group-2F30E3035A5C-LeaderStateImpl] INFO  server.RaftServer$Division (RaftServerImpl.java:setRole(299)) - da23fa89-fa7d-4455-a39d-25ada925c5c4@group-2F30E3035A5C: changes role from    LEADER to FOLLOWER at term 1 for StepDownReason:LOST_MAJORITY_HEARTBEATS
2022-07-02 07:20:32,633 [da23fa89-fa7d-4455-a39d-25ada925c5c4@group-2F30E3035A5C-LeaderStateImpl] INFO  impl.RoleInfo (RoleInfo.java:shutdownLeaderState(93)) - da23fa89-fa7d-4455-a39d-25ada925c5c4: shutdown da23fa89-fa7d-4455-a39d-25ada925c5c4@group-2F30E3035A5C-LeaderStateImpl
2022-07-02 07:20:32,634 [da23fa89-fa7d-4455-a39d-25ada925c5c4@group-2F30E3035A5C->419d88b6-03c8-4180-a8b8-c3be8294e19d-GrpcLogAppender-LogAppenderDaemon] WARN  server.GrpcLogAppender (GrpcLogAppender.java:mayWait(171)) - da23fa89-fa7d-4455-a39d-25ada925c5c4@group-2F30E3035A5C->419d88b6-03c8-4180-a8b8-c3be8294e19d-GrpcLogAppender: Wait interrupted by java.lang.InterruptedException
2022-07-02 07:20:32,634 [da23fa89-fa7d-4455-a39d-25ada925c5c4@group-2F30E3035A5C->86df6d00-7043-4e9f-8d75-9ddb09551a86-GrpcLogAppender-LogAppenderDaemon] WARN  server.GrpcLogAppender (GrpcLogAppender.java:mayWait(171)) - da23fa89-fa7d-4455-a39d-25ada925c5c4@group-2F30E3035A5C->86df6d00-7043-4e9f-8d75-9ddb09551a86-GrpcLogAppender: Wait interrupted by java.lang.InterruptedException
2022-07-02 07:20:32,634 [da23fa89-fa7d-4455-a39d-25ada925c5c4@group-2F30E3035A5C-LeaderStateImpl] INFO  impl.PendingRequests (PendingRequests.java:sendNotLeaderResponses(282)) - da23fa89-fa7d-4455-a39d-25ada925c5c4@group-2F30E3035A5C-PendingRequests: sendNotLeaderResponses
2022-07-02 07:20:32,637 [da23fa89-fa7d-4455-a39d-25ada925c5c4@group-2F30E3035A5C-LeaderStateImpl] INFO  impl.RoleInfo (RoleInfo.java:updateAndGet(139)) - da23fa89-fa7d-4455-a39d-25ada925c5c4: start da23fa89-fa7d-4455-a39d-25ada925c5c4@group-2F30E3035A5C-FollowerState
2022-07-02 07:20:35,006 [ForkJoinPool.commonPool-worker-0] INFO  ozoneimpl.OzoneContainer (OzoneContainer.java:stop(365)) - Attempting to stop container services.
2022-07-02 07:20:35,007 [ForkJoinPool.commonPool-worker-0] INFO  server.RaftServer (RaftServerProxy.java:lambda$close$7(398)) - da23fa89-fa7d-4455-a39d-25ada925c5c4: close
2022-07-02 07:20:35,007 [ForkJoinPool.commonPool-worker-0] INFO  server.RaftServer$Division (RaftServerImpl.java:lambda$close$4(434)) - da23fa89-fa7d-4455-a39d-25ada925c5c4@group-F47CE1271F7E: shutdown
2022-07-02 07:20:35,008 [ForkJoinPool.commonPool-worker-0] INFO  util.JmxRegister (JmxRegister.java:unregister(73)) - Successfully un-registered JMX Bean with object name Ratis:service=RaftServer,group=group-F47CE1271F7E,id=da23fa89-fa7d-4455-a39d-25ada925c5c4
2022-07-02 07:20:35,008 [ForkJoinPool.commonPool-worker-0] INFO  impl.RoleInfo (RoleInfo.java:shutdownFollowerState(110)) - da23fa89-fa7d-4455-a39d-25ada925c5c4: shutdown da23fa89-fa7d-4455-a39d-25ada925c5c4@group-F47CE1271F7E-FollowerState
2022-07-02 07:20:35,008 [ForkJoinPool.commonPool-worker-0] INFO  impl.StateMachineUpdater (StateMachineUpdater.java:stopAndJoin(153)) - da23fa89-fa7d-4455-a39d-25ada925c5c4@group-F47CE1271F7E-StateMachineUpdater: set stopIndex = 3
2022-07-02 07:20:35,008 [da23fa89-fa7d-4455-a39d-25ada925c5c4@group-F47CE1271F7E-FollowerState] INFO  impl.FollowerState (FollowerState.java:run(152)) - da23fa89-fa7d-4455-a39d-25ada925c5c4@group-F47CE1271F7E-FollowerState was interrupted
2022-07-02 07:20:35,009 [Listener at 127.0.0.1/41977] INFO  ozoneimpl.OzoneContainer (OzoneContainer.java:stop(365)) - Attempting to stop container services.
2022-07-02 07:20:35,008 [da23fa89-fa7d-4455-a39d-25ada925c5c4@group-F47CE1271F7E-StateMachineUpdater] INFO  ratis.ContainerStateMachine (ContainerStateMachine.java:takeSnapshot(304)) - group-F47CE1271F7E: Taking a snapshot at:(t:2, i:3) file /home/runner/work/ozone/ozone/hadoop-ozone/integration-test/target/test-dir/MiniOzoneClusterImpl-2384df39-2793-4e2f-8252-b182c7f166b5/datanode-0/data/ratis/b2f6f3fc-880e-4014-b867-f47ce1271f7e/sm/snapshot.2_3
2022-07-02 07:20:35,013 [da23fa89-fa7d-4455-a39d-25ada925c5c4@group-F47CE1271F7E-StateMachineUpdater] INFO  ratis.ContainerStateMachine (ContainerStateMachine.java:takeSnapshot(315)) - group-F47CE1271F7E: Finished taking a snapshot at:(t:2, i:3) file:/home/runner/work/ozone/ozone/hadoop-ozone/integration-test/target/test-dir/MiniOzoneClusterImpl-2384df39-2793-4e2f-8252-b182c7f166b5/datanode-0/data/ratis/b2f6f3fc-880e-4014-b867-f47ce1271f7e/sm/snapshot.2_3 took: 6 ms
2022-07-02 07:20:35,014 [da23fa89-fa7d-4455-a39d-25ada925c5c4@group-F47CE1271F7E-StateMachineUpdater] INFO  impl.StateMachineUpdater (StateMachineUpdater.java:takeSnapshot(287)) - da23fa89-fa7d-4455-a39d-25ada925c5c4@group-F47CE1271F7E-StateMachineUpdater: Took a snapshot at index 3
2022-07-02 07:20:35,014 [da23fa89-fa7d-4455-a39d-25ada925c5c4@group-F47CE1271F7E-StateMachineUpdater] INFO  impl.StateMachineUpdater (StateMachineUpdater.java:lambda$new$0(92)) - da23fa89-fa7d-4455-a39d-25ada925c5c4@group-F47CE1271F7E-StateMachineUpdater: snapshotIndex: updateIncreasingly -1 -> 3
2022-07-02 07:20:35,016 [ForkJoinPool.commonPool-worker-0] INFO  server.RaftServer$Division (ServerState.java:close(429)) - da23fa89-fa7d-4455-a39d-25ada925c5c4@group-F47CE1271F7E: closes. applyIndex: 3
2022-07-02 07:20:35,016 [da23fa89-fa7d-4455-a39d-25ada925c5c4@group-F47CE1271F7E-SegmentedRaftLogWorker] INFO  segmented.SegmentedRaftLogWorker (SegmentedRaftLogWorker.java:run(336)) - da23fa89-fa7d-4455-a39d-25ada925c5c4@group-F47CE1271F7E-SegmentedRaftLogWorker was interrupted, exiting. There are 0 tasks remaining in the queue.
2022-07-02 07:20:35,016 [Listener at 127.0.0.1/41977] INFO  server.RaftServer (RaftServerProxy.java:lambda$close$7(398)) - bb33d066-413c-4901-a976-4b69639dfedd: close
2022-07-02 07:20:35,017 [Listener at 127.0.0.1/41977] INFO  server.RaftServer$Division (RaftServerImpl.java:lambda$close$4(434)) - bb33d066-413c-4901-a976-4b69639dfedd@group-70F0F0070A71: shutdown
2022-07-02 07:20:35,017 [Listener at 127.0.0.1/41977] INFO  util.JmxRegister (JmxRegister.java:unregister(73)) - Successfully un-registered JMX Bean with object name Ratis:service=RaftServer,group=group-70F0F0070A71,id=bb33d066-413c-4901-a976-4b69639dfedd
2022-07-02 07:20:35,017 [Listener at 127.0.0.1/41977] INFO  impl.RoleInfo (RoleInfo.java:shutdownLeaderState(93)) - bb33d066-413c-4901-a976-4b69639dfedd: shutdown bb33d066-413c-4901-a976-4b69639dfedd@group-70F0F0070A71-LeaderStateImpl
2022-07-02 07:20:35,017 [Listener at 127.0.0.1/41977] INFO  impl.PendingRequests (PendingRequests.java:sendNotLeaderResponses(282)) - bb33d066-413c-4901-a976-4b69639dfedd@group-70F0F0070A71-PendingRequests: sendNotLeaderResponses
2022-07-02 07:20:35,018 [Listener at 127.0.0.1/41977] INFO  impl.StateMachineUpdater (StateMachineUpdater.java:stopAndJoin(153)) - bb33d066-413c-4901-a976-4b69639dfedd@group-70F0F0070A71-StateMachineUpdater: set stopIndex = 0
2022-07-02 07:20:35,018 [bb33d066-413c-4901-a976-4b69639dfedd@group-70F0F0070A71-StateMachineUpdater] INFO  ratis.ContainerStateMachine (ContainerStateMachine.java:takeSnapshot(304)) - group-70F0F0070A71: Taking a snapshot at:(t:1, i:0) file /home/runner/work/ozone/ozone/hadoop-ozone/integration-test/target/test-dir/MiniOzoneClusterImpl-2384df39-2793-4e2f-8252-b182c7f166b5/datanode-4/data/ratis/a4dd0130-febf-4ad2-8cc9-70f0f0070a71/sm/snapshot.1_0
2022-07-02 07:20:35,020 [ForkJoinPool.commonPool-worker-0] INFO  segmented.SegmentedRaftLogWorker (SegmentedRaftLogWorker.java:close(246)) - da23fa89-fa7d-4455-a39d-25ada925c5c4@group-F47CE1271F7E-SegmentedRaftLogWorker close()
2022-07-02 07:20:35,021 [bb33d066-413c-4901-a976-4b69639dfedd@group-70F0F0070A71-StateMachineUpdater] INFO  ratis.ContainerStateMachine (ContainerStateMachine.java:takeSnapshot(315)) - group-70F0F0070A71: Finished taking a snapshot at:(t:1, i:0) file:/home/runner/work/ozone/ozone/hadoop-ozone/integration-test/target/test-dir/MiniOzoneClusterImpl-2384df39-2793-4e2f-8252-b182c7f166b5/datanode-4/data/ratis/a4dd0130-febf-4ad2-8cc9-70f0f0070a71/sm/snapshot.1_0 took: 3 ms
2022-07-02 07:20:35,021 [bb33d066-413c-4901-a976-4b69639dfedd@group-70F0F0070A71-StateMachineUpdater] INFO  impl.StateMachineUpdater (StateMachineUpdater.java:takeSnapshot(287)) - bb33d066-413c-4901-a976-4b69639dfedd@group-70F0F0070A71-StateMachineUpdater: Took a snapshot at index 0
2022-07-02 07:20:35,021 [bb33d066-413c-4901-a976-4b69639dfedd@group-70F0F0070A71-StateMachineUpdater] INFO  impl.StateMachineUpdater (StateMachineUpdater.java:lambda$new$0(92)) - bb33d066-413c-4901-a976-4b69639dfedd@group-70F0F0070A71-StateMachineUpdater: snapshotIndex: updateIncreasingly -1 -> 0
2022-07-02 07:20:35,021 [Listener at 127.0.0.1/41977] INFO  server.RaftServer$Division (ServerState.java:close(429)) - bb33d066-413c-4901-a976-4b69639dfedd@group-70F0F0070A71: closes. applyIndex: 0
2022-07-02 07:20:35,021 [bb33d066-413c-4901-a976-4b69639dfedd@group-70F0F0070A71-SegmentedRaftLogWorker] INFO  segmented.SegmentedRaftLogWorker (SegmentedRaftLogWorker.java:run(336)) - bb33d066-413c-4901-a976-4b69639dfedd@group-70F0F0070A71-SegmentedRaftLogWorker was interrupted, exiting. There are 0 tasks remaining in the queue.
2022-07-02 07:20:35,022 [Listener at 127.0.0.1/41977] INFO  segmented.SegmentedRaftLogWorker (SegmentedRaftLogWorker.java:close(246)) - bb33d066-413c-4901-a976-4b69639dfedd@group-70F0F0070A71-SegmentedRaftLogWorker close()
2022-07-02 07:20:35,023 [ForkJoinPool.commonPool-worker-0] INFO  server.RaftServer$Division (RaftServerImpl.java:lambda$close$4(434)) - da23fa89-fa7d-4455-a39d-25ada925c5c4@group-2F30E3035A5C: shutdown
2022-07-02 07:20:35,023 [ForkJoinPool.commonPool-worker-0] INFO  util.JmxRegister (JmxRegister.java:unregister(73)) - Successfully un-registered JMX Bean with object name Ratis:service=RaftServer,group=group-2F30E3035A5C,id=da23fa89-fa7d-4455-a39d-25ada925c5c4
2022-07-02 07:20:35,023 [ForkJoinPool.commonPool-worker-0] INFO  impl.RoleInfo (RoleInfo.java:shutdownFollowerState(110)) - da23fa89-fa7d-4455-a39d-25ada925c5c4: shutdown da23fa89-fa7d-4455-a39d-25ada925c5c4@group-2F30E3035A5C-FollowerState
2022-07-02 07:20:35,023 [ForkJoinPool.commonPool-worker-0] INFO  impl.StateMachineUpdater (StateMachineUpdater.java:stopAndJoin(153)) - da23fa89-fa7d-4455-a39d-25ada925c5c4@group-2F30E3035A5C-StateMachineUpdater: set stopIndex = 28
2022-07-02 07:20:35,023 [da23fa89-fa7d-4455-a39d-25ada925c5c4@group-2F30E3035A5C-FollowerState] INFO  impl.FollowerState (FollowerState.java:run(152)) - da23fa89-fa7d-4455-a39d-25ada925c5c4@group-2F30E3035A5C-FollowerState was interrupted
2022-07-02 07:20:35,023 [da23fa89-fa7d-4455-a39d-25ada925c5c4@group-2F30E3035A5C-StateMachineUpdater] INFO  ratis.ContainerStateMachine (ContainerStateMachine.java:takeSnapshot(304)) - group-2F30E3035A5C: Taking a snapshot at:(t:1, i:28) file /home/runner/work/ozone/ozone/hadoop-ozone/integration-test/target/test-dir/MiniOzoneClusterImpl-2384df39-2793-4e2f-8252-b182c7f166b5/datanode-0/data/ratis/7908fa83-2587-4ece-997b-2f30e3035a5c/sm/snapshot.1_28
2022-07-02 07:20:35,024 [Listener at 127.0.0.1/41977] INFO  server.GrpcService (GrpcService.java:closeImpl(269)) - bb33d066-413c-4901-a976-4b69639dfedd: shutdown server with port 44635 now
2022-07-02 07:20:35,024 [Listener at 127.0.0.1/41977] INFO  server.GrpcService (GrpcService.java:closeImpl(278)) - bb33d066-413c-4901-a976-4b69639dfedd: shutdown server with port 44635 successfully
2022-07-02 07:20:35,024 [da23fa89-fa7d-4455-a39d-25ada925c5c4@group-2F30E3035A5C-StateMachineUpdater] INFO  ratis.ContainerStateMachine (ContainerStateMachine.java:takeSnapshot(315)) - group-2F30E3035A5C: Finished taking a snapshot at:(t:1, i:28) file:/home/runner/work/ozone/ozone/hadoop-ozone/integration-test/target/test-dir/MiniOzoneClusterImpl-2384df39-2793-4e2f-8252-b182c7f166b5/datanode-0/data/ratis/7908fa83-2587-4ece-997b-2f30e3035a5c/sm/snapshot.1_28 took: 1 ms
2022-07-02 07:20:35,025 [da23fa89-fa7d-4455-a39d-25ada925c5c4@group-2F30E3035A5C-StateMachineUpdater] INFO  impl.StateMachineUpdater (StateMachineUpdater.java:takeSnapshot(287)) - da23fa89-fa7d-4455-a39d-25ada925c5c4@group-2F30E3035A5C-StateMachineUpdater: Took a snapshot at index 28
2022-07-02 07:20:35,025 [da23fa89-fa7d-4455-a39d-25ada925c5c4@group-2F30E3035A5C-StateMachineUpdater] INFO  impl.StateMachineUpdater (StateMachineUpdater.java:lambda$new$0(92)) - da23fa89-fa7d-4455-a39d-25ada925c5c4@group-2F30E3035A5C-StateMachineUpdater: snapshotIndex: updateIncreasingly -1 -> 28
2022-07-02 07:20:35,026 [ForkJoinPool.commonPool-worker-0] INFO  server.RaftServer$Division (ServerState.java:close(429)) - da23fa89-fa7d-4455-a39d-25ada925c5c4@group-2F30E3035A5C: closes. applyIndex: 28
2022-07-02 07:20:35,026 [da23fa89-fa7d-4455-a39d-25ada925c5c4@group-2F30E3035A5C-SegmentedRaftLogWorker] INFO  segmented.SegmentedRaftLogWorker (SegmentedRaftLogWorker.java:run(336)) - da23fa89-fa7d-4455-a39d-25ada925c5c4@group-2F30E3035A5C-SegmentedRaftLogWorker was interrupted, exiting. There are 0 tasks remaining in the queue.
2022-07-02 07:20:35,026 [org.apache.ratis.util.JvmPauseMonitor$$Lambda$611/1072797734@49287999] INFO  util.JvmPauseMonitor (JvmPauseMonitor.java:run(109)) - JvmPauseMonitor-bb33d066-413c-4901-a976-4b69639dfedd: Stopped
2022-07-02 07:20:35,026 [ForkJoinPool.commonPool-worker-0] INFO  segmented.SegmentedRaftLogWorker (SegmentedRaftLogWorker.java:close(246)) - da23fa89-fa7d-4455-a39d-25ada925c5c4@group-2F30E3035A5C-SegmentedRaftLogWorker close()
2022-07-02 07:20:35,038 [ForkJoinPool.commonPool-worker-0] INFO  server.RaftServer$Division (RaftServerImpl.java:lambda$close$4(434)) - da23fa89-fa7d-4455-a39d-25ada925c5c4@group-B37E82176A7F: shutdown
2022-07-02 07:20:35,038 [ForkJoinPool.commonPool-worker-0] INFO  util.JmxRegister (JmxRegister.java:unregister(73)) - Successfully un-registered JMX Bean with object name Ratis:service=RaftServer,group=group-B37E82176A7F,id=da23fa89-fa7d-4455-a39d-25ada925c5c4
2022-07-02 07:20:35,038 [ForkJoinPool.commonPool-worker-0] INFO  impl.RoleInfo (RoleInfo.java:shutdownLeaderState(93)) - da23fa89-fa7d-4455-a39d-25ada925c5c4: shutdown da23fa89-fa7d-4455-a39d-25ada925c5c4@group-B37E82176A7F-LeaderStateImpl
2022-07-02 07:20:35,038 [ForkJoinPool.commonPool-worker-0] INFO  impl.PendingRequests (PendingRequests.java:sendNotLeaderResponses(282)) - da23fa89-fa7d-4455-a39d-25ada925c5c4@group-B37E82176A7F-PendingRequests: sendNotLeaderResponses
2022-07-02 07:20:35,038 [ForkJoinPool.commonPool-worker-0] INFO  impl.StateMachineUpdater (StateMachineUpdater.java:stopAndJoin(153)) - da23fa89-fa7d-4455-a39d-25ada925c5c4@group-B37E82176A7F-StateMachineUpdater: set stopIndex = 0
2022-07-02 07:20:35,039 [da23fa89-fa7d-4455-a39d-25ada925c5c4@group-B37E82176A7F-StateMachineUpdater] INFO  ratis.ContainerStateMachine (ContainerStateMachine.java:takeSnapshot(304)) - group-B37E82176A7F: Taking a snapshot at:(t:1, i:0) file /home/runner/work/ozone/ozone/hadoop-ozone/integration-test/target/test-dir/MiniOzoneClusterImpl-2384df39-2793-4e2f-8252-b182c7f166b5/datanode-0/data/ratis/cbe21a2d-4d5b-440e-b0a1-b37e82176a7f/sm/snapshot.1_0
2022-07-02 07:20:35,040 [da23fa89-fa7d-4455-a39d-25ada925c5c4@group-B37E82176A7F-StateMachineUpdater] INFO  ratis.ContainerStateMachine (ContainerStateMachine.java:takeSnapshot(315)) - group-B37E82176A7F: Finished taking a snapshot at:(t:1, i:0) file:/home/runner/work/ozone/ozone/hadoop-ozone/integration-test/target/test-dir/MiniOzoneClusterImpl-2384df39-2793-4e2f-8252-b182c7f166b5/datanode-0/data/ratis/cbe21a2d-4d5b-440e-b0a1-b37e82176a7f/sm/snapshot.1_0 took: 1 ms
2022-07-02 07:20:35,040 [da23fa89-fa7d-4455-a39d-25ada925c5c4@group-B37E82176A7F-StateMachineUpdater] INFO  impl.StateMachineUpdater (StateMachineUpdater.java:takeSnapshot(287)) - da23fa89-fa7d-4455-a39d-25ada925c5c4@group-B37E82176A7F-StateMachineUpdater: Took a snapshot at index 0
2022-07-02 07:20:35,040 [da23fa89-fa7d-4455-a39d-25ada925c5c4@group-B37E82176A7F-StateMachineUpdater] INFO  impl.StateMachineUpdater (StateMachineUpdater.java:lambda$new$0(92)) - da23fa89-fa7d-4455-a39d-25ada925c5c4@group-B37E82176A7F-StateMachineUpdater: snapshotIndex: updateIncreasingly -1 -> 0
2022-07-02 07:20:35,042 [ForkJoinPool.commonPool-worker-0] INFO  server.RaftServer$Division (ServerState.java:close(429)) - da23fa89-fa7d-4455-a39d-25ada925c5c4@group-B37E82176A7F: closes. applyIndex: 0
2022-07-02 07:20:35,043 [da23fa89-fa7d-4455-a39d-25ada925c5c4@group-B37E82176A7F-SegmentedRaftLogWorker] INFO  segmented.SegmentedRaftLogWorker (SegmentedRaftLogWorker.java:run(336)) - da23fa89-fa7d-4455-a39d-25ada925c5c4@group-B37E82176A7F-SegmentedRaftLogWorker was interrupted, exiting. There are 0 tasks remaining in the queue.
2022-07-02 07:20:35,043 [ForkJoinPool.commonPool-worker-0] INFO  segmented.SegmentedRaftLogWorker (SegmentedRaftLogWorker.java:close(246)) - da23fa89-fa7d-4455-a39d-25ada925c5c4@group-B37E82176A7F-SegmentedRaftLogWorker close()
2022-07-02 07:20:35,044 [ForkJoinPool.commonPool-worker-0] INFO  server.GrpcService (GrpcService.java:closeImpl(269)) - da23fa89-fa7d-4455-a39d-25ada925c5c4: shutdown server with port 43027 now
2022-07-02 07:20:35,045 [grpc-default-executor-3] WARN  server.GrpcClientProtocolService (LogUtils.java:warn(122)) - 1-UnorderedRequestStreamObserver1: onError: org.apache.ratis.thirdparty.io.grpc.StatusRuntimeException: CANCELLED: client cancelled
2022-07-02 07:20:35,048 [ForkJoinPool.commonPool-worker-0] INFO  server.GrpcService (GrpcService.java:closeImpl(278)) - da23fa89-fa7d-4455-a39d-25ada925c5c4: shutdown server with port 43027 successfully
2022-07-02 07:20:35,048 [org.apache.ratis.util.JvmPauseMonitor$$Lambda$611/1072797734@680d0a21] INFO  util.JvmPauseMonitor (JvmPauseMonitor.java:run(109)) - JvmPauseMonitor-da23fa89-fa7d-4455-a39d-25ada925c5c4: Stopped
2022-07-02 07:20:37,053 [Listener at 127.0.0.1/41977] INFO  utils.BackgroundService (BackgroundService.java:shutdown(132)) - Shutting down service BlockDeletingService
2022-07-02 07:20:37,074 [ForkJoinPool.commonPool-worker-0] INFO  utils.BackgroundService (BackgroundService.java:shutdown(132)) - Shutting down service BlockDeletingService
2022-07-02 07:20:40,066 [Listener at 127.0.0.1/41977] INFO  statemachine.DatanodeStateMachine (DatanodeStateMachine.java:stopDaemon(580)) - Ozone container server stopped.
2022-07-02 07:20:40,076 [ForkJoinPool.commonPool-worker-0] INFO  statemachine.DatanodeStateMachine (DatanodeStateMachine.java:stopDaemon(580)) - Ozone container server stopped.
2022-07-02 07:20:40,080 [Listener at 127.0.0.1/41977] INFO  handler.ContextHandler (ContextHandler.java:doStop(1153)) - Stopped o.e.j.w.WebAppContext@64f6183e{hddsDatanode,/,null,STOPPED}{jar:file:/home/runner/.m2/repository/org/apache/ozone/hdds-container-service/1.3.0-SNAPSHOT/hdds-container-service-1.3.0-SNAPSHOT.jar!/webapps/hddsDatanode}
2022-07-02 07:20:40,082 [Listener at 127.0.0.1/41977] INFO  server.AbstractConnector (AbstractConnector.java:doStop(381)) - Stopped ServerConnector@10a2aa13{HTTP/1.1, (http/1.1)}{0.0.0.0:0}
2022-07-02 07:20:40,082 [Listener at 127.0.0.1/41977] INFO  server.session (HouseKeeper.java:stopScavenging(149)) - node0 Stopped scavenging
2022-07-02 07:20:40,085 [Listener at 127.0.0.1/41977] INFO  handler.ContextHandler (ContextHandler.java:doStop(1153)) - Stopped o.e.j.s.ServletContextHandler@2d8a62a9{static,/static,jar:file:/home/runner/.m2/repository/org/apache/ozone/hdds-container-service/1.3.0-SNAPSHOT/hdds-container-service-1.3.0-SNAPSHOT.jar!/webapps/static,STOPPED}
2022-07-02 07:20:40,085 [Listener at 127.0.0.1/41977] INFO  handler.ContextHandler (ContextHandler.java:doStop(1153)) - Stopped o.e.j.s.ServletContextHandler@604c4c8c{logs,/logs,file:///home/runner/work/ozone/ozone/hadoop-ozone/integration-test/target/log,STOPPED}
2022-07-02 07:20:40,104 [ForkJoinPool.commonPool-worker-0] INFO  handler.ContextHandler (ContextHandler.java:doStop(1153)) - Stopped o.e.j.w.WebAppContext@58ef7429{hddsDatanode,/,null,STOPPED}{jar:file:/home/runner/.m2/repository/org/apache/ozone/hdds-container-service/1.3.0-SNAPSHOT/hdds-container-service-1.3.0-SNAPSHOT.jar!/webapps/hddsDatanode}
2022-07-02 07:20:40,105 [ForkJoinPool.commonPool-worker-0] INFO  server.AbstractConnector (AbstractConnector.java:doStop(381)) - Stopped ServerConnector@60d4e243{HTTP/1.1, (http/1.1)}{0.0.0.0:0}
2022-07-02 07:20:40,105 [ForkJoinPool.commonPool-worker-0] INFO  server.session (HouseKeeper.java:stopScavenging(149)) - node0 Stopped scavenging
2022-07-02 07:20:40,108 [ForkJoinPool.commonPool-worker-0] INFO  handler.ContextHandler (ContextHandler.java:doStop(1153)) - Stopped o.e.j.s.ServletContextHandler@3ff3e6ed{static,/static,jar:file:/home/runner/.m2/repository/org/apache/ozone/hdds-container-service/1.3.0-SNAPSHOT/hdds-container-service-1.3.0-SNAPSHOT.jar!/webapps/static,STOPPED}
2022-07-02 07:20:40,120 [ForkJoinPool.commonPool-worker-0] INFO  handler.ContextHandler (ContextHandler.java:doStop(1153)) - Stopped o.e.j.s.ServletContextHandler@58304c4{logs,/logs,file:///home/runner/work/ozone/ozone/hadoop-ozone/integration-test/target/log,STOPPED}
2022-07-02 07:20:45,093 [Listener at 127.0.0.1/41977] INFO  ozoneimpl.OzoneContainer (OzoneContainer.java:stop(365)) - Attempting to stop container services.
2022-07-02 07:20:45,098 [Listener at 127.0.0.1/41977] INFO  server.RaftServer (RaftServerProxy.java:lambda$close$7(398)) - dc0e6785-2ef3-43a4-ac1a-d32fe23dc755: close
2022-07-02 07:20:45,098 [Listener at 127.0.0.1/41977] INFO  server.RaftServer$Division (RaftServerImpl.java:lambda$close$4(434)) - dc0e6785-2ef3-43a4-ac1a-d32fe23dc755@group-D550E8CD3650: shutdown
2022-07-02 07:20:45,098 [Listener at 127.0.0.1/41977] INFO  util.JmxRegister (JmxRegister.java:unregister(73)) - Successfully un-registered JMX Bean with object name Ratis:service=RaftServer,group=group-D550E8CD3650,id=dc0e6785-2ef3-43a4-ac1a-d32fe23dc755
2022-07-02 07:20:45,098 [Listener at 127.0.0.1/41977] INFO  impl.RoleInfo (RoleInfo.java:shutdownLeaderState(93)) - dc0e6785-2ef3-43a4-ac1a-d32fe23dc755: shutdown dc0e6785-2ef3-43a4-ac1a-d32fe23dc755@group-D550E8CD3650-LeaderStateImpl
2022-07-02 07:20:45,099 [Listener at 127.0.0.1/41977] INFO  impl.PendingRequests (PendingRequests.java:sendNotLeaderResponses(282)) - dc0e6785-2ef3-43a4-ac1a-d32fe23dc755@group-D550E8CD3650-PendingRequests: sendNotLeaderResponses
2022-07-02 07:20:45,099 [Listener at 127.0.0.1/41977] INFO  impl.StateMachineUpdater (StateMachineUpdater.java:stopAndJoin(153)) - dc0e6785-2ef3-43a4-ac1a-d32fe23dc755@group-D550E8CD3650-StateMachineUpdater: set stopIndex = 0
2022-07-02 07:20:45,099 [dc0e6785-2ef3-43a4-ac1a-d32fe23dc755@group-D550E8CD3650-StateMachineUpdater] INFO  ratis.ContainerStateMachine (ContainerStateMachine.java:takeSnapshot(304)) - group-D550E8CD3650: Taking a snapshot at:(t:1, i:0) file /home/runner/work/ozone/ozone/hadoop-ozone/integration-test/target/test-dir/MiniOzoneClusterImpl-2384df39-2793-4e2f-8252-b182c7f166b5/datanode-3/data/ratis/373fe736-41ed-4a13-b14c-d550e8cd3650/sm/snapshot.1_0
2022-07-02 07:20:45,104 [dc0e6785-2ef3-43a4-ac1a-d32fe23dc755@group-D550E8CD3650-StateMachineUpdater] INFO  ratis.ContainerStateMachine (ContainerStateMachine.java:takeSnapshot(315)) - group-D550E8CD3650: Finished taking a snapshot at:(t:1, i:0) file:/home/runner/work/ozone/ozone/hadoop-ozone/integration-test/target/test-dir/MiniOzoneClusterImpl-2384df39-2793-4e2f-8252-b182c7f166b5/datanode-3/data/ratis/373fe736-41ed-4a13-b14c-d550e8cd3650/sm/snapshot.1_0 took: 4 ms
2022-07-02 07:20:45,104 [dc0e6785-2ef3-43a4-ac1a-d32fe23dc755@group-D550E8CD3650-StateMachineUpdater] INFO  impl.StateMachineUpdater (StateMachineUpdater.java:takeSnapshot(287)) - dc0e6785-2ef3-43a4-ac1a-d32fe23dc755@group-D550E8CD3650-StateMachineUpdater: Took a snapshot at index 0
2022-07-02 07:20:45,104 [dc0e6785-2ef3-43a4-ac1a-d32fe23dc755@group-D550E8CD3650-StateMachineUpdater] INFO  impl.StateMachineUpdater (StateMachineUpdater.java:lambda$new$0(92)) - dc0e6785-2ef3-43a4-ac1a-d32fe23dc755@group-D550E8CD3650-StateMachineUpdater: snapshotIndex: updateIncreasingly -1 -> 0
2022-07-02 07:20:45,105 [Listener at 127.0.0.1/41977] INFO  server.RaftServer$Division (ServerState.java:close(429)) - dc0e6785-2ef3-43a4-ac1a-d32fe23dc755@group-D550E8CD3650: closes. applyIndex: 0
2022-07-02 07:20:45,105 [dc0e6785-2ef3-43a4-ac1a-d32fe23dc755@group-D550E8CD3650-SegmentedRaftLogWorker] INFO  segmented.SegmentedRaftLogWorker (SegmentedRaftLogWorker.java:run(336)) - dc0e6785-2ef3-43a4-ac1a-d32fe23dc755@group-D550E8CD3650-SegmentedRaftLogWorker was interrupted, exiting. There are 0 tasks remaining in the queue.
2022-07-02 07:20:45,105 [Listener at 127.0.0.1/41977] INFO  segmented.SegmentedRaftLogWorker (SegmentedRaftLogWorker.java:close(246)) - dc0e6785-2ef3-43a4-ac1a-d32fe23dc755@group-D550E8CD3650-SegmentedRaftLogWorker close()
2022-07-02 07:20:45,115 [Listener at 127.0.0.1/41977] INFO  server.GrpcService (GrpcService.java:closeImpl(269)) - dc0e6785-2ef3-43a4-ac1a-d32fe23dc755: shutdown server with port 39655 now
2022-07-02 07:20:45,132 [Listener at 127.0.0.1/41977] INFO  server.GrpcService (GrpcService.java:closeImpl(278)) - dc0e6785-2ef3-43a4-ac1a-d32fe23dc755: shutdown server with port 39655 successfully
2022-07-02 07:20:45,132 [org.apache.ratis.util.JvmPauseMonitor$$Lambda$611/1072797734@31b4ebf8] INFO  util.JvmPauseMonitor (JvmPauseMonitor.java:run(109)) - JvmPauseMonitor-dc0e6785-2ef3-43a4-ac1a-d32fe23dc755: Stopped
2022-07-02 07:20:47,163 [Listener at 127.0.0.1/41977] INFO  utils.BackgroundService (BackgroundService.java:shutdown(132)) - Shutting down service BlockDeletingService
2022-07-02 07:20:50,181 [Listener at 127.0.0.1/41977] INFO  statemachine.DatanodeStateMachine (DatanodeStateMachine.java:stopDaemon(580)) - Ozone container server stopped.
2022-07-02 07:20:50,190 [Listener at 127.0.0.1/41977] INFO  handler.ContextHandler (ContextHandler.java:doStop(1153)) - Stopped o.e.j.w.WebAppContext@3de5f1a2{hddsDatanode,/,null,STOPPED}{jar:file:/home/runner/.m2/repository/org/apache/ozone/hdds-container-service/1.3.0-SNAPSHOT/hdds-container-service-1.3.0-SNAPSHOT.jar!/webapps/hddsDatanode}
2022-07-02 07:20:50,208 [Listener at 127.0.0.1/41977] INFO  server.AbstractConnector (AbstractConnector.java:doStop(381)) - Stopped ServerConnector@5ab0260{HTTP/1.1, (http/1.1)}{0.0.0.0:0}
2022-07-02 07:20:50,208 [Listener at 127.0.0.1/41977] INFO  server.session (HouseKeeper.java:stopScavenging(149)) - node0 Stopped scavenging
2022-07-02 07:20:50,209 [Listener at 127.0.0.1/41977] INFO  handler.ContextHandler (ContextHandler.java:doStop(1153)) - Stopped o.e.j.s.ServletContextHandler@5d2fb84d{static,/static,jar:file:/home/runner/.m2/repository/org/apache/ozone/hdds-container-service/1.3.0-SNAPSHOT/hdds-container-service-1.3.0-SNAPSHOT.jar!/webapps/static,STOPPED}
2022-07-02 07:20:50,209 [Listener at 127.0.0.1/41977] INFO  handler.ContextHandler (ContextHandler.java:doStop(1153)) - Stopped o.e.j.s.ServletContextHandler@4aae59b0{logs,/logs,file:///home/runner/work/ozone/ozone/hadoop-ozone/integration-test/target/log,STOPPED}
2022-07-02 07:20:50,212 [Listener at 127.0.0.1/41977] INFO  ozone.MiniOzoneClusterImpl (MiniOzoneClusterImpl.java:stopSCM(549)) - Stopping the StorageContainerManager
2022-07-02 07:20:50,212 [Listener at 127.0.0.1/41977] INFO  server.StorageContainerManager (StorageContainerManager.java:stop(1514)) - Container Balancer is not running.
2022-07-02 07:20:50,212 [Listener at 127.0.0.1/41977] INFO  server.StorageContainerManager (StorageContainerManager.java:stop(1521)) - Stopping Replication Manager Service.
2022-07-02 07:20:50,212 [Listener at 127.0.0.1/41977] INFO  replication.ReplicationManager (ReplicationManager.java:stop(212)) - Stopping Replication Monitor Thread.
2022-07-02 07:20:50,212 [Listener at 127.0.0.1/41977] INFO  server.StorageContainerManager (StorageContainerManager.java:stop(1528)) - Stopping the Datanode Admin Monitor.
2022-07-02 07:20:50,213 [Listener at 127.0.0.1/41977] INFO  server.StorageContainerManager (StorageContainerManager.java:stop(1535)) - Stopping Lease Manager of the command watchers
2022-07-02 07:20:50,213 [Listener at 127.0.0.1/41977] INFO  server.StorageContainerManager (StorageContainerManager.java:stop(1542)) - Stopping datanode service RPC server
2022-07-02 07:20:50,213 [Listener at 127.0.0.1/41977] INFO  server.SCMDatanodeProtocolServer (SCMDatanodeProtocolServer.java:stop(408)) - Stopping the RPC server for DataNodes
2022-07-02 07:20:50,213 [ReplicationMonitor] INFO  replication.ReplicationManager (ReplicationManager.java:run(322)) - Replication Monitor Thread is stopped
2022-07-02 07:20:50,218 [Listener at 127.0.0.1/41977] INFO  ipc.Server (Server.java:stop(3414)) - Stopping server on 39811
2022-07-02 07:20:50,228 [IPC Server listener on 0] INFO  ipc.Server (Server.java:run(1376)) - Stopping IPC Server listener on 0
2022-07-02 07:20:50,229 [IPC Server Responder] INFO  ipc.Server (Server.java:run(1512)) - Stopping IPC Server Responder
2022-07-02 07:20:50,277 [SCM Heartbeat Processing Thread - 0] WARN  node.NodeStateManager (NodeStateManager.java:scheduleNextHealthCheck(870)) - Current Thread is interrupted, shutting down HB processing thread for Node Manager.
2022-07-02 07:20:50,278 [Listener at 127.0.0.1/41977] INFO  server.StorageContainerManager (StorageContainerManager.java:stop(1550)) - Stopping block service RPC server
2022-07-02 07:20:50,278 [Listener at 127.0.0.1/41977] INFO  server.SCMBlockProtocolServer (SCMBlockProtocolServer.java:stop(160)) - Stopping the RPC server for Block Protocol
2022-07-02 07:20:50,278 [Listener at 127.0.0.1/41977] INFO  ipc.Server (Server.java:stop(3414)) - Stopping server on 34439
2022-07-02 07:20:50,280 [IPC Server Responder] INFO  ipc.Server (Server.java:run(1512)) - Stopping IPC Server Responder
2022-07-02 07:20:50,280 [Listener at 127.0.0.1/41977] INFO  server.StorageContainerManager (StorageContainerManager.java:stop(1557)) - Stopping the StorageContainerLocationProtocol RPC server
2022-07-02 07:20:50,280 [IPC Server listener on 0] INFO  ipc.Server (Server.java:run(1376)) - Stopping IPC Server listener on 0
2022-07-02 07:20:50,280 [Listener at 127.0.0.1/41977] INFO  server.SCMClientProtocolServer (SCMClientProtocolServer.java:stop(178)) - Stopping the RPC server for Client Protocol
2022-07-02 07:20:50,280 [Listener at 127.0.0.1/41977] INFO  ipc.Server (Server.java:stop(3414)) - Stopping server on 33933
2022-07-02 07:20:50,282 [Listener at 127.0.0.1/41977] INFO  server.StorageContainerManager (StorageContainerManager.java:stop(1564)) - Stopping Storage Container Manager HTTP server.
2022-07-02 07:20:50,283 [Listener at 127.0.0.1/41977] INFO  handler.ContextHandler (ContextHandler.java:doStop(1153)) - Stopped o.e.j.w.WebAppContext@c8ed958{scm,/,null,STOPPED}{file:/home/runner/work/ozone/ozone/hadoop-ozone/integration-test/target/test-classes/webapps/scm}
2022-07-02 07:20:50,283 [IPC Server listener on 0] INFO  ipc.Server (Server.java:run(1376)) - Stopping IPC Server listener on 0
2022-07-02 07:20:50,284 [IPC Server Responder] INFO  ipc.Server (Server.java:run(1512)) - Stopping IPC Server Responder
2022-07-02 07:20:50,287 [Listener at 127.0.0.1/41977] INFO  server.AbstractConnector (AbstractConnector.java:doStop(381)) - Stopped ServerConnector@1952ad9d{HTTP/1.1, (http/1.1)}{0.0.0.0:0}
2022-07-02 07:20:50,287 [Listener at 127.0.0.1/41977] INFO  server.session (HouseKeeper.java:stopScavenging(149)) - node0 Stopped scavenging
2022-07-02 07:20:50,287 [Listener at 127.0.0.1/41977] INFO  handler.ContextHandler (ContextHandler.java:doStop(1153)) - Stopped o.e.j.s.ServletContextHandler@1e366f0f{static,/static,file:///home/runner/work/ozone/ozone/hadoop-ozone/integration-test/target/test-classes/webapps/static,STOPPED}
2022-07-02 07:20:50,288 [Listener at 127.0.0.1/41977] INFO  handler.ContextHandler (ContextHandler.java:doStop(1153)) - Stopped o.e.j.s.ServletContextHandler@1360ef8d{logs,/logs,file:///home/runner/work/ozone/ozone/hadoop-ozone/integration-test/target/log,STOPPED}
2022-07-02 07:20:50,290 [Listener at 127.0.0.1/41977] INFO  server.StorageContainerManager (StorageContainerManager.java:stop(1575)) - Stopping Block Manager Service.
2022-07-02 07:20:50,290 [Listener at 127.0.0.1/41977] INFO  utils.BackgroundService (BackgroundService.java:shutdown(132)) - Shutting down service SCMBlockDeletingService
2022-07-02 07:20:50,291 [Listener at 127.0.0.1/41977] INFO  utils.BackgroundService (BackgroundService.java:shutdown(132)) - Shutting down service SCMBlockDeletingService
2022-07-02 07:20:50,291 [Listener at 127.0.0.1/41977] INFO  server.StorageContainerManager (StorageContainerManager.java:stop(1602)) - Stopping SCM Event Queue.
2022-07-02 07:20:50,297 [Listener at 127.0.0.1/41977] INFO  server.StorageContainerManager (StorageContainerManager.java:stop(1613)) - Stopping SCM HA services.
2022-07-02 07:20:50,297 [Listener at 127.0.0.1/41977] INFO  pipeline.BackgroundPipelineCreator (BackgroundPipelineCreator.java:stop(152)) - Stopping RatisPipelineUtilsThread.
2022-07-02 07:20:50,302 [RatisPipelineUtilsThread - 0] WARN  pipeline.BackgroundPipelineCreator (BackgroundPipelineCreator.java:run(179)) - RatisPipelineUtilsThread is interrupted.
2022-07-02 07:20:50,302 [Listener at 127.0.0.1/41977] INFO  BackgroundPipelineScrubber (BackgroundSCMService.java:stop(126)) - Stopping BackgroundPipelineScrubber Service.
2022-07-02 07:20:50,302 [BackgroundPipelineScrubberThread] WARN  BackgroundPipelineScrubber (BackgroundSCMService.java:run(110)) - BackgroundPipelineScrubber is interrupted, exit
2022-07-02 07:20:50,303 [Listener at 127.0.0.1/41977] INFO  server.StorageContainerManager (StorageContainerManager.java:stop(1623)) - Stopping SCM MetadataStore.
2022-07-02 07:20:50,308 [Listener at 127.0.0.1/41977] INFO  impl.MetricsSystemImpl (MetricsSystemImpl.java:stop(210)) - Stopping XceiverClientMetrics metrics system...
2022-07-02 07:20:50,402 [prometheus] INFO  impl.MetricsSinkAdapter (MetricsSinkAdapter.java:publishMetricsFromQueue(141)) - prometheus thread interrupted.
2022-07-02 07:20:50,402 [Listener at 127.0.0.1/41977] INFO  impl.MetricsSystemImpl (MetricsSystemImpl.java:stop(216)) - XceiverClientMetrics metrics system stopped.
2022-07-02 07:20:50,696 [Listener at 127.0.0.1/41977] WARN  server.ServerUtils (ServerUtils.java:getScmDbDir(148)) - ozone.scm.db.dirs is not configured. We recommend adding this setting. Falling back to ozone.metadata.dirs instead.
2022-07-02 07:20:50,707 [Listener at 127.0.0.1/41977] WARN  server.ServerUtils (ServerUtils.java:getScmDbDir(148)) - ozone.scm.db.dirs is not configured. We recommend adding this setting. Falling back to ozone.metadata.dirs instead.
2022-07-02 07:20:50,708 [Listener at 127.0.0.1/41977] INFO  ha.SCMHANodeDetails (SCMHANodeDetails.java:loadSCMHAConfig(209)) - ServiceID for StorageContainerManager is null
2022-07-02 07:20:50,708 [Listener at 127.0.0.1/41977] INFO  ha.SCMHANodeDetails (SCMHANodeDetails.java:loadSCMHAConfig(214)) - ozone.scm.default.service.id is not defined, falling back to ozone.scm.service.ids to find serviceID for StorageContainerManager if it is HA enabled cluster
2022-07-02 07:20:50,712 [Listener at 127.0.0.1/41977] WARN  utils.HAUtils (HAUtils.java:getMetaDir(342)) - ozone.scm.db.dirs is not configured. We recommend adding this setting. Falling back to ozone.metadata.dirs instead.
2022-07-02 07:20:50,713 [Listener at 127.0.0.1/41977] WARN  db.DBStoreBuilder (DBStoreBuilder.java:applyDBDefinition(145)) - ozone.scm.db.dirs is not configured. We recommend adding this setting. Falling back to ozone.metadata.dirs instead.
2022-07-02 07:20:51,014 [Listener at 127.0.0.1/41977] INFO  net.NodeSchemaLoader (NodeSchemaLoader.java:loadSchemaFromFile(129)) - Loading schema from [jar:file:/home/runner/.m2/repository/org/apache/ozone/hdds-common/1.3.0-SNAPSHOT/hdds-common-1.3.0-SNAPSHOT.jar!/network-topology-default.xml]
2022-07-02 07:20:51,015 [Listener at 127.0.0.1/41977] INFO  net.NodeSchemaLoader (NodeSchemaLoader.java:loadSchema(176)) - Loading network topology layer schema file
2022-07-02 07:20:51,031 [Listener at 127.0.0.1/41977] WARN  impl.MetricRegistriesImpl (MetricRegistriesImpl.java:addReporterRegistration(111)) - New reporters are added after registries were created. Some metrics will be missing from the reporter. Please add reporter before adding any new registry.
2022-07-02 07:20:51,031 [Listener at 127.0.0.1/41977] WARN  impl.MetricRegistriesImpl (MetricRegistriesImpl.java:addReporterRegistration(111)) - New reporters are added after registries were created. Some metrics will be missing from the reporter. Please add reporter before adding any new registry.
2022-07-02 07:20:51,031 [Listener at 127.0.0.1/41977] INFO  upgrade.AbstractLayoutVersionManager (AbstractLayoutVersionManager.java:init(82)) - Initializing Layout version manager with metadata layout = DATANODE_SCHEMA_V3 (version = 4), software layout = DATANODE_SCHEMA_V3 (version = 4)
2022-07-02 07:20:51,154 [Listener at 127.0.0.1/41977] INFO  reflections.Reflections (Reflections.java:scan(232)) - Reflections took 121 ms to scan 7 urls, producing 132 keys and 317 values 
2022-07-02 07:20:51,156 [Listener at 127.0.0.1/41977] INFO  ha.SequenceIdGenerator (SequenceIdGenerator.java:upgradeToSequenceId(347)) - upgrade localId to 109611004723200000
2022-07-02 07:20:51,168 [Listener at 127.0.0.1/41977] INFO  ha.SequenceIdGenerator (SequenceIdGenerator.java:upgradeToSequenceId(357)) - upgrade delTxnId to 0
2022-07-02 07:20:51,168 [Listener at 127.0.0.1/41977] INFO  ha.SequenceIdGenerator (SequenceIdGenerator.java:upgradeToSequenceId(374)) - upgrade containerId to 0
2022-07-02 07:20:51,168 [Listener at 127.0.0.1/41977] INFO  ha.SequenceIdGenerator (SequenceIdGenerator.java:<init>(218)) - Init the HA SequenceIdGenerator.
2022-07-02 07:20:51,169 [Listener at 127.0.0.1/41977] WARN  server.ServerUtils (ServerUtils.java:sanitizeUserArgs(73)) - ozone.scm.stale.node.interval value = 300000 is larger than max = 100000 based on the key value of ozone.scm.heartbeat.thread.interval, reset to the max value 100000.
2022-07-02 07:20:51,169 [Listener at 127.0.0.1/41977] WARN  server.ServerUtils (ServerUtils.java:sanitizeUserArgs(73)) - ozone.scm.stale.node.interval value = 300000 is larger than max = 100000 based on the key value of ozone.scm.heartbeat.thread.interval, reset to the max value 100000.
2022-07-02 07:20:51,175 [Listener at 127.0.0.1/41977] INFO  node.SCMNodeManager (SCMNodeManager.java:<init>(149)) - Entering startup safe mode.
2022-07-02 07:20:51,175 [Listener at 127.0.0.1/41977] INFO  algorithms.ContainerPlacementPolicyFactory (ContainerPlacementPolicyFactory.java:getPolicyInternal(86)) - Create container placement policy of type org.apache.hadoop.hdds.scm.container.placement.algorithms.SCMContainerPlacementRandom
2022-07-02 07:20:51,176 [Listener at 127.0.0.1/41977] INFO  pipeline.PipelineStateManagerImpl (PipelineStateManagerImpl.java:initialize(78)) - No pipeline exists in current db
2022-07-02 07:20:51,176 [Listener at 127.0.0.1/41977] INFO  algorithms.LeaderChoosePolicyFactory (LeaderChoosePolicyFactory.java:getPolicy(57)) - Create leader choose policy of type org.apache.hadoop.hdds.scm.pipeline.leader.choose.algorithms.MinLeaderCountChoosePolicy
2022-07-02 07:20:51,176 [Listener at 127.0.0.1/41977] INFO  algorithms.ContainerPlacementPolicyFactory (ContainerPlacementPolicyFactory.java:getPolicyInternal(86)) - Create container placement policy of type org.apache.hadoop.hdds.scm.container.placement.algorithms.SCMContainerPlacementRackScatter
2022-07-02 07:20:51,176 [Listener at 127.0.0.1/41977] INFO  pipeline.BackgroundPipelineCreator (BackgroundPipelineCreator.java:start(127)) - Starting RatisPipelineUtilsThread.
2022-07-02 07:20:51,181 [Listener at 127.0.0.1/41977] INFO  BackgroundPipelineScrubber (BackgroundSCMService.java:start(68)) - Starting BackgroundPipelineScrubber Service.
2022-07-02 07:20:51,181 [Listener at 127.0.0.1/41977] INFO  ha.SCMServiceManager (SCMServiceManager.java:register(42)) - Registering service BackgroundPipelineCreator.
2022-07-02 07:20:51,181 [Listener at 127.0.0.1/41977] INFO  ha.SCMServiceManager (SCMServiceManager.java:register(42)) - Registering service BackgroundPipelineScrubber.
2022-07-02 07:20:51,182 [Listener at 127.0.0.1/41977] INFO  ExpiredContainerReplicaOpScrubber (BackgroundSCMService.java:start(68)) - Starting ExpiredContainerReplicaOpScrubber Service.
2022-07-02 07:20:51,183 [Listener at 127.0.0.1/41977] INFO  ha.SCMServiceManager (SCMServiceManager.java:register(42)) - Registering service ExpiredContainerReplicaOpScrubber.
2022-07-02 07:20:51,184 [Listener at 127.0.0.1/41977] INFO  algorithms.PipelineChoosePolicyFactory (PipelineChoosePolicyFactory.java:createPipelineChoosePolicyFromClass(73)) - Create pipeline choose policy of type org.apache.hadoop.hdds.scm.pipeline.choose.algorithms.RandomPipelineChoosePolicy
2022-07-02 07:20:51,184 [Listener at 127.0.0.1/41977] INFO  ha.SCMServiceManager (SCMServiceManager.java:register(42)) - Registering service SCMBlockDeletingService.
2022-07-02 07:20:51,185 [Listener at 127.0.0.1/41977] INFO  replication.ReplicationManager (ReplicationManager.java:start(179)) - Starting Replication Monitor Thread.
2022-07-02 07:20:51,185 [Listener at 127.0.0.1/41977] INFO  ha.SCMServiceManager (SCMServiceManager.java:register(42)) - Registering service ReplicationManager.
2022-07-02 07:20:51,185 [Listener at 127.0.0.1/41977] INFO  safemode.ContainerSafeModeRule (ContainerSafeModeRule.java:<init>(89)) - containers with one replica threshold count 0
2022-07-02 07:20:51,186 [Listener at 127.0.0.1/41977] INFO  safemode.HealthyPipelineSafeModeRule (HealthyPipelineSafeModeRule.java:initializeRule(156)) - Total pipeline count is 0, healthy pipeline threshold count is 1
2022-07-02 07:20:51,186 [Listener at 127.0.0.1/41977] INFO  safemode.OneReplicaPipelineSafeModeRule (OneReplicaPipelineSafeModeRule.java:initializeRule(180)) - Total pipeline count is 0, pipeline's with at least one datanode reported threshold count is 0
2022-07-02 07:20:51,187 [Listener at 127.0.0.1/41977] INFO  ipc.CallQueueManager (CallQueueManager.java:<init>(90)) - Using callQueue: class java.util.concurrent.LinkedBlockingQueue, queueCapacity: 2000, scheduler: class org.apache.hadoop.ipc.DefaultRpcScheduler, ipcBackoff: false.
2022-07-02 07:20:51,187 [Socket Reader #1 for port 0] INFO  ipc.Server (Server.java:run(1265)) - Starting Socket Reader #1 for port 0
2022-07-02 07:20:51,190 [ReplicationMonitor] INFO  replication.ReplicationManager (ReplicationManager.java:processAll(228)) - Replication Manager is not ready to run until 3000ms after safemode exit
2022-07-02 07:20:51,200 [Listener at 0.0.0.0/39029] INFO  ipc.CallQueueManager (CallQueueManager.java:<init>(90)) - Using callQueue: class java.util.concurrent.LinkedBlockingQueue, queueCapacity: 2000, scheduler: class org.apache.hadoop.ipc.DefaultRpcScheduler, ipcBackoff: false.
2022-07-02 07:20:51,204 [Socket Reader #1 for port 0] INFO  ipc.Server (Server.java:run(1265)) - Starting Socket Reader #1 for port 0
2022-07-02 07:20:51,205 [Listener at 0.0.0.0/42335] INFO  ipc.CallQueueManager (CallQueueManager.java:<init>(90)) - Using callQueue: class java.util.concurrent.LinkedBlockingQueue, queueCapacity: 2000, scheduler: class org.apache.hadoop.ipc.DefaultRpcScheduler, ipcBackoff: false.
2022-07-02 07:20:51,210 [Socket Reader #1 for port 0] INFO  ipc.Server (Server.java:run(1265)) - Starting Socket Reader #1 for port 0
2022-07-02 07:20:51,270 [Listener at 0.0.0.0/41629] INFO  ha.SCMServiceManager (SCMServiceManager.java:register(42)) - Registering service ContainerBalancer.
2022-07-02 07:20:51,271 [Listener at 0.0.0.0/41629] INFO  server.StorageContainerManager (StorageContainerManager.java:<init>(401)) - 
Container Balancer status:
Key                            Value
Running                        false
Container Balancer Configuration values:
Key                                                Value
Threshold                                          10
Max Datanodes to Involve per Iteration(percent)    20
Max Size to Move per Iteration                     500GB
Max Size Entering Target per Iteration             26GB
Max Size Leaving Source per Iteration              26GB

2022-07-02 07:20:51,271 [Listener at 0.0.0.0/41629] WARN  events.EventQueue (EventQueue.java:fireEvent(216)) - No event handler registered for event TypedEvent{payloadType=SafeModeStatus, name='Safe mode status'}
2022-07-02 07:20:51,271 [Listener at 0.0.0.0/41629] INFO  ha.SCMContext (SCMContext.java:updateSafeModeStatus(228)) - Update SafeModeStatus from SafeModeStatus{safeModeStatus=true, preCheckPassed=false} to SafeModeStatus{safeModeStatus=true, preCheckPassed=false}.
2022-07-02 07:20:51,271 [Listener at 0.0.0.0/41629] INFO  server.StorageContainerManager (StorageContainerManager.java:start(1422)) - StorageContainerLocationProtocol RPC server is listening at /0.0.0.0:41629
2022-07-02 07:20:51,289 [Listener at 0.0.0.0/41629] WARN  impl.MetricsConfig (MetricsConfig.java:loadFirst(136)) - Cannot locate configuration: tried hadoop-metrics2-storagecontainermanager.properties,hadoop-metrics2.properties
2022-07-02 07:20:51,308 [Listener at 0.0.0.0/41629] INFO  impl.MetricsSystemImpl (MetricsSystemImpl.java:startTimer(378)) - Scheduled Metric snapshot period at 10 second(s).
2022-07-02 07:20:51,308 [Listener at 0.0.0.0/41629] INFO  impl.MetricsSystemImpl (MetricsSystemImpl.java:start(191)) - StorageContainerManager metrics system started
2022-07-02 07:20:51,380 [Listener at 0.0.0.0/41629] INFO  impl.MetricsSinkAdapter (MetricsSinkAdapter.java:start(204)) - Sink prometheus started
2022-07-02 07:20:51,400 [Listener at 0.0.0.0/41629] INFO  impl.MetricsSystemImpl (MetricsSystemImpl.java:registerSink(305)) - Registered sink prometheus
2022-07-02 07:20:51,448 [Listener at 0.0.0.0/41629] INFO  server.SCMClientProtocolServer (SCMClientProtocolServer.java:start(169)) - RPC server for Client  is listening at /0.0.0.0:41629
2022-07-02 07:20:51,460 [IPC Server Responder] INFO  ipc.Server (Server.java:run(1507)) - IPC Server Responder: starting
2022-07-02 07:20:51,472 [IPC Server listener on 0] INFO  ipc.Server (Server.java:run(1344)) - IPC Server listener on 0: starting
2022-07-02 07:20:51,569 [Listener at 0.0.0.0/41629] INFO  server.StorageContainerManager (StorageContainerManager.java:start(1437)) - ScmBlockLocationProtocol RPC server is listening at /0.0.0.0:42335
2022-07-02 07:20:51,569 [Listener at 0.0.0.0/41629] INFO  server.SCMBlockProtocolServer (SCMBlockProtocolServer.java:start(151)) - RPC server for Block Protocol is listening at /0.0.0.0:42335
2022-07-02 07:20:51,570 [IPC Server Responder] INFO  ipc.Server (Server.java:run(1507)) - IPC Server Responder: starting
2022-07-02 07:20:51,576 [IPC Server listener on 0] INFO  ipc.Server (Server.java:run(1344)) - IPC Server listener on 0: starting
2022-07-02 07:20:51,606 [Listener at 0.0.0.0/41629] INFO  server.SCMDatanodeProtocolServer (SCMDatanodeProtocolServer.java:start(185)) - ScmDatanodeProtocol RPC server for DataNodes is listening at /0.0.0.0:39029
2022-07-02 07:20:51,606 [IPC Server Responder] INFO  ipc.Server (Server.java:run(1507)) - IPC Server Responder: starting
2022-07-02 07:20:51,606 [IPC Server listener on 0] INFO  ipc.Server (Server.java:run(1344)) - IPC Server listener on 0: starting
2022-07-02 07:20:51,731 [Listener at 0.0.0.0/41629] INFO  http.BaseHttpServer (BaseHttpServer.java:newHttpServer2BuilderForOzone(209)) - Starting Web-server for scm at: http://0.0.0.0:0
2022-07-02 07:20:51,732 [Listener at 0.0.0.0/41629] INFO  http.BaseHttpServer (BaseHttpServer.java:<init>(107)) - Hadoop Security Enabled: false Ozone Security Enabled: false Ozone HTTP Security Enabled: false 
2022-07-02 07:20:51,733 [Listener at 0.0.0.0/41629] INFO  server.AuthenticationFilter (AuthenticationFilter.java:constructSecretProvider(240)) - Unable to initialize FileSignerSecretProvider, falling back to use random secrets.
2022-07-02 07:20:51,738 [org.apache.hadoop.util.JvmPauseMonitor$Monitor@2b9c0a0e] INFO  util.JvmPauseMonitor (JvmPauseMonitor.java:run(188)) - Starting JVM pause monitor
2022-07-02 07:20:51,761 [Listener at 0.0.0.0/41629] WARN  http.HttpRequestLog (HttpRequestLog.java:getRequestLog(103)) - Jetty request log can only be enabled using Log4j
2022-07-02 07:20:51,763 [Listener at 0.0.0.0/41629] INFO  http.HttpServer2 (HttpServer2.java:addGlobalFilter(1029)) - Added global filter 'safety' (class=org.apache.hadoop.hdds.server.http.HttpServer2$QuotingInputFilter)
2022-07-02 07:20:51,764 [Listener at 0.0.0.0/41629] INFO  http.HttpServer2 (HttpServer2.java:addFilter(1005)) - Added filter static_user_filter (class=org.apache.hadoop.http.lib.StaticUserWebFilter$StaticUserFilter) to context scm
2022-07-02 07:20:51,764 [Listener at 0.0.0.0/41629] INFO  http.HttpServer2 (HttpServer2.java:addFilter(1013)) - Added filter static_user_filter (class=org.apache.hadoop.http.lib.StaticUserWebFilter$StaticUserFilter) to context static
2022-07-02 07:20:51,764 [Listener at 0.0.0.0/41629] INFO  http.HttpServer2 (HttpServer2.java:addFilter(1013)) - Added filter static_user_filter (class=org.apache.hadoop.http.lib.StaticUserWebFilter$StaticUserFilter) to context logs
2022-07-02 07:20:51,765 [Listener at 0.0.0.0/41629] INFO  http.HttpServer2 (HttpServer2.java:bindListener(1248)) - Jetty bound to port 41279
2022-07-02 07:20:51,765 [Listener at 0.0.0.0/41629] INFO  server.Server (Server.java:doStart(375)) - jetty-9.4.43.v20210629; built: 2021-06-30T11:07:22.254Z; git: 526006ecfa3af7f1a27ef3a288e2bef7ea9dd7e8; jvm 1.8.0_332-b09
2022-07-02 07:20:51,779 [Listener at 0.0.0.0/41629] INFO  server.session (DefaultSessionIdManager.java:doStart(334)) - DefaultSessionIdManager workerName=node0
2022-07-02 07:20:51,780 [Listener at 0.0.0.0/41629] INFO  server.session (DefaultSessionIdManager.java:doStart(339)) - No SessionScavenger set, using defaults
2022-07-02 07:20:51,780 [Listener at 0.0.0.0/41629] INFO  server.session (HouseKeeper.java:startScavenging(132)) - node0 Scavenging every 660000ms
2022-07-02 07:20:51,781 [Listener at 0.0.0.0/41629] INFO  handler.ContextHandler (ContextHandler.java:doStart(915)) - Started o.e.j.s.ServletContextHandler@fdd1e25{logs,/logs,file:///home/runner/work/ozone/ozone/hadoop-ozone/integration-test/target/log,AVAILABLE}
2022-07-02 07:20:51,781 [Listener at 0.0.0.0/41629] INFO  handler.ContextHandler (ContextHandler.java:doStart(915)) - Started o.e.j.s.ServletContextHandler@2612a922{static,/static,file:///home/runner/work/ozone/ozone/hadoop-ozone/integration-test/target/test-classes/webapps/static,AVAILABLE}
2022-07-02 07:20:51,801 [Listener at 0.0.0.0/41629] INFO  handler.ContextHandler (ContextHandler.java:doStart(915)) - Started o.e.j.w.WebAppContext@27f3f223{scm,/,file:///home/runner/work/ozone/ozone/hadoop-ozone/integration-test/target/test-classes/webapps/scm/,AVAILABLE}{file:/home/runner/work/ozone/ozone/hadoop-ozone/integration-test/target/test-classes/webapps/scm}
2022-07-02 07:20:51,805 [Listener at 0.0.0.0/41629] INFO  server.AbstractConnector (AbstractConnector.java:doStart(331)) - Started ServerConnector@3c62a22b{HTTP/1.1, (http/1.1)}{0.0.0.0:41279}
2022-07-02 07:20:51,805 [Listener at 0.0.0.0/41629] INFO  server.Server (Server.java:doStart(415)) - Started @78415ms
2022-07-02 07:20:51,805 [Listener at 0.0.0.0/41629] WARN  impl.MetricsSystemImpl (MetricsSystemImpl.java:register(279)) - Sink prometheus already exists!
2022-07-02 07:20:51,806 [Listener at 0.0.0.0/41629] INFO  http.BaseHttpServer (BaseHttpServer.java:updateConnectorAddress(329)) - HTTP server of scm listening at http://0.0.0.0:41279
2022-07-02 07:20:51,806 [Listener at 0.0.0.0/41629] WARN  server.ServerUtils (ServerUtils.java:getDBPath(225)) - ozone.om.db.dirs is not configured. We recommend adding this setting. Falling back to ozone.metadata.dirs instead.
2022-07-02 07:20:51,816 [Listener at 0.0.0.0/41629] INFO  ha.OMHANodeDetails (OMHANodeDetails.java:loadOMHAConfig(115)) - ozone.om.internal.service.id is not defined, falling back to ozone.om.service.ids to find serviceID for OzoneManager if it is HA enabled cluster
2022-07-02 07:20:51,816 [Listener at 0.0.0.0/41629] INFO  ha.OMHANodeDetails (OMHANodeDetails.java:loadOMHAConfig(226)) - Configuration does not have ozone.om.address set. Falling back to the default OM address /127.0.0.1:0
2022-07-02 07:20:51,816 [Listener at 0.0.0.0/41629] INFO  ha.OMHANodeDetails (OMHANodeDetails.java:getOMNodeDetailsForNonHA(254)) - OM Service ID is not set. Setting it to the default ID: omServiceIdDefault
2022-07-02 07:20:51,816 [Listener at 0.0.0.0/41629] INFO  ha.OMHANodeDetails (OMHANodeDetails.java:getOMNodeDetailsForNonHA(261)) - OM Node ID is not set. Setting it to the default ID: om1
2022-07-02 07:20:51,817 [Listener at 0.0.0.0/41629] WARN  server.ServerUtils (ServerUtils.java:getDBPath(225)) - ozone.om.db.dirs is not configured. We recommend adding this setting. Falling back to ozone.metadata.dirs instead.
2022-07-02 07:20:51,817 [Listener at 0.0.0.0/41629] INFO  upgrade.AbstractLayoutVersionManager (AbstractLayoutVersionManager.java:init(82)) - Initializing Layout version manager with metadata layout = MULTITENANCY_SCHEMA (version = 3), software layout = MULTITENANCY_SCHEMA (version = 3)
2022-07-02 07:20:52,083 [Listener at 0.0.0.0/41629] INFO  reflections.Reflections (Reflections.java:scan(232)) - Reflections took 265 ms to scan 2 urls, producing 153 keys and 430 values [using 2 cores]
2022-07-02 07:20:52,083 [Listener at 0.0.0.0/41629] INFO  upgrade.OMLayoutVersionManager (OMLayoutVersionManager.java:lambda$0(115)) - Skipping Upgrade Action MockOmUpgradeAction since it has been finalized.
2022-07-02 07:20:52,084 [Listener at 0.0.0.0/41629] WARN  server.ServerUtils (ServerUtils.java:getDBPath(225)) - ozone.om.db.dirs is not configured. We recommend adding this setting. Falling back to ozone.metadata.dirs instead.
2022-07-02 07:20:52,084 [Listener at 0.0.0.0/41629] INFO  proxy.SCMBlockLocationFailoverProxyProvider (SCMBlockLocationFailoverProxyProvider.java:<init>(114)) - Created block location fail-over proxy with 1 nodes: [nodeId=scmNodeId,nodeAddress=/0.0.0.0:42335]
2022-07-02 07:20:52,085 [Listener at 0.0.0.0/41629] INFO  proxy.SCMBlockLocationFailoverProxyProvider (SCMBlockLocationFailoverProxyProvider.java:<init>(114)) - Created block location fail-over proxy with 1 nodes: [nodeId=scmNodeId,nodeAddress=/0.0.0.0:42335]
2022-07-02 07:20:52,117 [Listener at 0.0.0.0/41629] WARN  server.ServerUtils (ServerUtils.java:getDBPath(225)) - ozone.om.db.dirs is not configured. We recommend adding this setting. Falling back to ozone.metadata.dirs instead.
2022-07-02 07:20:52,118 [Listener at 0.0.0.0/41629] INFO  codec.OmKeyInfoCodec (OmKeyInfoCodec.java:<init>(49)) - OmKeyInfoCodec ignorePipeline = true
2022-07-02 07:20:52,118 [Listener at 0.0.0.0/41629] INFO  codec.RepeatedOmKeyInfoCodec (RepeatedOmKeyInfoCodec.java:<init>(41)) - RepeatedOmKeyInfoCodec ignorePipeline = true
2022-07-02 07:20:52,530 [Listener at 0.0.0.0/41629] INFO  om.OzoneManager (OzoneManager.java:instantiateServices(692)) - S3 Multi-Tenancy is disabled
2022-07-02 07:20:52,531 [Listener at 0.0.0.0/41629] INFO  om.OzoneManager (OzoneManager.java:addS3GVolumeToDB(4259)) - Created Volume s3v With Owner runner required for S3Gateway operations.
2022-07-02 07:20:52,531 [Listener at 0.0.0.0/41629] WARN  server.ServerUtils (ServerUtils.java:getDefaultRatisDirectory(237)) - Storage directory for Ratis is not configured. It is a good idea to map this to an SSD disk. Falling back to ozone.metadata.dirs
2022-07-02 07:20:52,531 [Listener at 0.0.0.0/41629] WARN  utils.OzoneManagerRatisUtils (OzoneManagerRatisUtils.java:getOMRatisSnapshotDirectory(431)) - ozone.om.ratis.snapshot.dir is not configured. Falling back to ozone.metadata.dirs config
2022-07-02 07:20:52,532 [Listener at 0.0.0.0/41629] WARN  impl.MetricRegistriesImpl (MetricRegistriesImpl.java:addReporterRegistration(111)) - New reporters are added after registries were created. Some metrics will be missing from the reporter. Please add reporter before adding any new registry.
2022-07-02 07:20:52,532 [Listener at 0.0.0.0/41629] WARN  impl.MetricRegistriesImpl (MetricRegistriesImpl.java:addReporterRegistration(111)) - New reporters are added after registries were created. Some metrics will be missing from the reporter. Please add reporter before adding any new registry.
2022-07-02 07:20:52,532 [Listener at 0.0.0.0/41629] WARN  server.ServerUtils (ServerUtils.java:getDefaultRatisDirectory(237)) - Storage directory for Ratis is not configured. It is a good idea to map this to an SSD disk. Falling back to ozone.metadata.dirs
2022-07-02 07:20:52,537 [Listener at 0.0.0.0/41629] INFO  ratis.OzoneManagerRatisServer (OzoneManagerRatisServer.java:<init>(159)) - Instantiating OM Ratis server with groupID: omServiceIdDefault and peers: localhost:9872
2022-07-02 07:20:52,537 [Listener at 0.0.0.0/41629] INFO  ratis.OzoneManagerStateMachine (OzoneManagerStateMachine.java:loadSnapshotInfoFromDB(632)) - LastAppliedIndex is set from TransactionInfo from OM DB as (t:0, i:~)
2022-07-02 07:20:52,543 [Listener at 0.0.0.0/41629] INFO  server.RaftServer (ConfUtils.java:logGet(46)) - raft.rpc.type = GRPC (default)
2022-07-02 07:20:52,544 [Listener at 0.0.0.0/41629] INFO  grpc.GrpcFactory (GrpcFactory.java:checkPooledByteBufAllocatorUseCacheForAllThreads(48)) - PERFORMANCE WARNING: useCacheForAllThreads is true that may cause Netty to create a lot garbage objects and, as a result, trigger GC.
	It is recommended to disable useCacheForAllThreads by setting -Dorg.apache.ratis.thirdparty.io.netty.allocator.useCacheForAllThreads=false in command line.
2022-07-02 07:20:52,544 [Listener at 0.0.0.0/41629] INFO  grpc.GrpcConfigKeys (ConfUtils.java:logGet(46)) - raft.grpc.admin.port = -1 (default)
2022-07-02 07:20:52,544 [Listener at 0.0.0.0/41629] INFO  grpc.GrpcConfigKeys (ConfUtils.java:logGet(46)) - raft.grpc.server.port = 9872 (custom)
2022-07-02 07:20:52,544 [Listener at 0.0.0.0/41629] INFO  grpc.GrpcConfigKeys (ConfUtils.java:logGet(46)) - raft.grpc.client.port = -1 (default)
2022-07-02 07:20:52,544 [Listener at 0.0.0.0/41629] INFO  grpc.GrpcConfigKeys (ConfUtils.java:logGet(46)) - raft.grpc.server.port = 9872 (custom)
2022-07-02 07:20:52,544 [Listener at 0.0.0.0/41629] INFO  grpc.GrpcConfigKeys (ConfUtils.java:logGet(46)) - raft.grpc.server.port = 9872 (custom)
2022-07-02 07:20:52,544 [Listener at 0.0.0.0/41629] INFO  server.GrpcService (ConfUtils.java:logGet(46)) - raft.grpc.message.size.max = 33554432 (custom)
2022-07-02 07:20:52,544 [Listener at 0.0.0.0/41629] INFO  server.RaftServerConfigKeys (ConfUtils.java:logGet(46)) - raft.server.log.appender.buffer.byte-limit = 33554432 (custom)
2022-07-02 07:20:52,544 [Listener at 0.0.0.0/41629] INFO  server.GrpcService (ConfUtils.java:logGet(46)) - raft.grpc.flow.control.window = 1MB (=1048576) (default)
2022-07-02 07:20:52,545 [Listener at 0.0.0.0/41629] INFO  server.RaftServerConfigKeys (ConfUtils.java:logGet(46)) - raft.server.rpc.request.timeout = 3000ms (default)
2022-07-02 07:20:52,545 [Listener at 0.0.0.0/41629] INFO  grpc.GrpcConfigKeys (ConfUtils.java:logGet(46)) - raft.grpc.server.async.request.thread.pool.cached = true (default)
2022-07-02 07:20:52,545 [Listener at 0.0.0.0/41629] INFO  grpc.GrpcConfigKeys (ConfUtils.java:logGet(46)) - raft.grpc.server.async.request.thread.pool.size = 32 (default)
2022-07-02 07:20:52,546 [Listener at 0.0.0.0/41629] INFO  impl.DataStreamServerImpl (ConfUtils.java:logGet(46)) - raft.datastream.type = DISABLED (default)
2022-07-02 07:20:52,547 [Listener at 0.0.0.0/41629] INFO  server.RaftServerConfigKeys (ConfUtils.java:logGet(46)) - raft.server.threadpool.proxy.cached = true (default)
2022-07-02 07:20:52,547 [Listener at 0.0.0.0/41629] INFO  server.RaftServerConfigKeys (ConfUtils.java:logGet(46)) - raft.server.threadpool.proxy.size = 0 (default)
2022-07-02 07:20:52,547 [Listener at 0.0.0.0/41629] INFO  server.RaftServerConfigKeys (ConfUtils.java:logGet(46)) - raft.server.rpc.slowness.timeout = 120s (custom)
2022-07-02 07:20:52,547 [Listener at 0.0.0.0/41629] INFO  server.RaftServerConfigKeys (ConfUtils.java:logGet(46)) - raft.server.leaderelection.leader.step-down.wait-time = 10s (default)
2022-07-02 07:20:52,547 [Listener at 0.0.0.0/41629] INFO  server.RaftServerConfigKeys (ConfUtils.java:logGet(46)) - raft.server.storage.dir = [/home/runner/work/ozone/ozone/hadoop-ozone/integration-test/target/test-dir/MiniOzoneClusterImpl-774acf0e-96fd-4c7a-8fa4-f3d3d576173c/ozone-meta/ratis] (custom)
2022-07-02 07:20:52,551 [Listener at 0.0.0.0/41629] INFO  server.RaftServer (RaftServerProxy.java:addNew(96)) - om1: addNew group-C5BA1605619E:[om1|rpc:localhost:9872|priority:0] returns group-C5BA1605619E:java.util.concurrent.CompletableFuture@308615d5[Not completed]
2022-07-02 07:20:52,551 [Listener at 0.0.0.0/41629] INFO  om.OzoneManager (OzoneManager.java:initializeRatisServer(1961)) - OzoneManager Ratis server initialized at port 9872
2022-07-02 07:20:52,555 [Listener at 0.0.0.0/41629] INFO  om.OzoneManager (OzoneManager.java:getRpcServer(1081)) - Creating RPC Server
2022-07-02 07:20:52,562 [pool-319-thread-1] INFO  server.RaftServer$Division (RaftServerImpl.java:<init>(190)) - om1: new RaftServerImpl for group-C5BA1605619E:[om1|rpc:localhost:9872|priority:0] with OzoneManagerStateMachine:uninitialized
2022-07-02 07:20:52,562 [pool-319-thread-1] INFO  server.RaftServerConfigKeys (ConfUtils.java:logGet(46)) - raft.server.rpc.timeout.min = 1s (custom)
2022-07-02 07:20:52,562 [pool-319-thread-1] INFO  server.RaftServerConfigKeys (ConfUtils.java:logGet(46)) - raft.server.rpc.timeout.max = 1200ms (custom)
2022-07-02 07:20:52,563 [pool-319-thread-1] INFO  server.RaftServerConfigKeys (ConfUtils.java:logGet(46)) - raft.server.rpc.sleep.time = 25ms (default)
2022-07-02 07:20:52,563 [pool-319-thread-1] INFO  server.RaftServerConfigKeys (ConfUtils.java:logGet(46)) - raft.server.rpc.slowness.timeout = 120s (custom)
2022-07-02 07:20:52,563 [pool-319-thread-1] INFO  server.RaftServerConfigKeys (ConfUtils.java:logGet(46)) - raft.server.leaderelection.leader.step-down.wait-time = 10s (default)
2022-07-02 07:20:52,563 [pool-319-thread-1] INFO  server.RaftServerConfigKeys (ConfUtils.java:logGet(46)) - raft.server.sleep.deviation.threshold = 300ms (default)
2022-07-02 07:20:52,563 [pool-319-thread-1] INFO  server.RaftServer$Division (ServerState.java:<init>(107)) - om1@group-C5BA1605619E: ConfigurationManager, init=-1: [om1|rpc:localhost:9872|priority:0], old=null, confs=<EMPTY_MAP>
2022-07-02 07:20:52,563 [pool-319-thread-1] INFO  server.RaftServerConfigKeys (ConfUtils.java:logGet(46)) - raft.server.storage.dir = [/home/runner/work/ozone/ozone/hadoop-ozone/integration-test/target/test-dir/MiniOzoneClusterImpl-774acf0e-96fd-4c7a-8fa4-f3d3d576173c/ozone-meta/ratis] (custom)
2022-07-02 07:20:52,563 [pool-319-thread-1] INFO  server.RaftServerConfigKeys (ConfUtils.java:logGet(46)) - raft.server.log.corruption.policy = EXCEPTION (default)
2022-07-02 07:20:52,563 [pool-319-thread-1] INFO  server.RaftServerConfigKeys (ConfUtils.java:logGet(46)) - raft.server.storage.free-space.min = 0MB (=0) (default)
2022-07-02 07:20:52,563 [pool-319-thread-1] INFO  storage.RaftStorageDirectory (RaftStorageDirectoryImpl.java:analyzeStorage(135)) - The storage directory /home/runner/work/ozone/ozone/hadoop-ozone/integration-test/target/test-dir/MiniOzoneClusterImpl-774acf0e-96fd-4c7a-8fa4-f3d3d576173c/ozone-meta/ratis/bf265839-605b-3f16-9796-c5ba1605619e does not exist. Creating ...
2022-07-02 07:20:52,569 [pool-319-thread-1] INFO  storage.RaftStorageDirectory (RaftStorageDirectoryImpl.java:tryLock(230)) - Lock on /home/runner/work/ozone/ozone/hadoop-ozone/integration-test/target/test-dir/MiniOzoneClusterImpl-774acf0e-96fd-4c7a-8fa4-f3d3d576173c/ozone-meta/ratis/bf265839-605b-3f16-9796-c5ba1605619e/in_use.lock acquired by nodename 16391@fv-az444-838
2022-07-02 07:20:52,577 [pool-319-thread-1] INFO  storage.RaftStorage (RaftStorageImpl.java:format(89)) - Storage directory /home/runner/work/ozone/ozone/hadoop-ozone/integration-test/target/test-dir/MiniOzoneClusterImpl-774acf0e-96fd-4c7a-8fa4-f3d3d576173c/ozone-meta/ratis/bf265839-605b-3f16-9796-c5ba1605619e has been successfully formatted.
2022-07-02 07:20:52,577 [pool-319-thread-1] INFO  server.RaftServerConfigKeys (ConfUtils.java:logGet(46)) - raft.server.notification.no-leader.timeout = 120s (custom)
2022-07-02 07:20:52,577 [pool-319-thread-1] INFO  server.RaftServerConfigKeys (ConfUtils.java:logGet(46)) - raft.server.log.use.memory = false (default)
2022-07-02 07:20:52,577 [pool-319-thread-1] INFO  server.RaftServerConfigKeys (ConfUtils.java:logGet(46)) - raft.server.log.purge.gap = 1000000 (custom)
2022-07-02 07:20:52,577 [pool-319-thread-1] INFO  server.RaftServerConfigKeys (ConfUtils.java:logGet(46)) - raft.server.log.appender.buffer.byte-limit = 33554432 (custom)
2022-07-02 07:20:52,577 [pool-319-thread-1] INFO  server.RaftServerConfigKeys (ConfUtils.java:logGet(46)) - raft.server.log.statemachine.data.read.timeout = 1000ms (default)
2022-07-02 07:20:52,582 [pool-319-thread-1] INFO  server.RaftServerConfigKeys (ConfUtils.java:logGet(46)) - raft.server.log.segment.size.max = 4194304 (custom)
2022-07-02 07:20:52,583 [pool-319-thread-1] INFO  server.RaftServerConfigKeys (ConfUtils.java:logGet(46)) - raft.server.log.segment.cache.num.max = 2 (custom)
2022-07-02 07:20:52,583 [pool-319-thread-1] INFO  server.RaftServerConfigKeys (ConfUtils.java:logGet(46)) - raft.server.log.segment.cache.size.max = 200MB (=209715200) (default)
2022-07-02 07:20:52,583 [pool-319-thread-1] INFO  segmented.SegmentedRaftLogWorker (SegmentedRaftLogWorker.java:<init>(187)) - new om1@group-C5BA1605619E-SegmentedRaftLogWorker for RaftStorageImpl:Storage Directory /home/runner/work/ozone/ozone/hadoop-ozone/integration-test/target/test-dir/MiniOzoneClusterImpl-774acf0e-96fd-4c7a-8fa4-f3d3d576173c/ozone-meta/ratis/bf265839-605b-3f16-9796-c5ba1605619e
2022-07-02 07:20:52,583 [pool-319-thread-1] INFO  server.RaftServerConfigKeys (ConfUtils.java:logGet(46)) - raft.server.log.queue.byte-limit = 64MB (=67108864) (default)
2022-07-02 07:20:52,583 [pool-319-thread-1] INFO  server.RaftServerConfigKeys (ConfUtils.java:logGet(46)) - raft.server.log.queue.element-limit = 4096 (default)
2022-07-02 07:20:52,583 [pool-319-thread-1] INFO  server.RaftServerConfigKeys (ConfUtils.java:logGet(46)) - raft.server.log.segment.size.max = 4194304 (custom)
2022-07-02 07:20:52,583 [pool-319-thread-1] INFO  server.RaftServerConfigKeys (ConfUtils.java:logGet(46)) - raft.server.log.preallocated.size = 4194304 (custom)
2022-07-02 07:20:52,583 [pool-319-thread-1] INFO  server.RaftServerConfigKeys (ConfUtils.java:logGet(46)) - raft.server.log.force.sync.num = 128 (default)
2022-07-02 07:20:52,583 [pool-319-thread-1] INFO  server.RaftServerConfigKeys (ConfUtils.java:logGet(46)) - raft.server.log.statemachine.data.sync = true (default)
2022-07-02 07:20:52,583 [pool-319-thread-1] INFO  server.RaftServerConfigKeys (ConfUtils.java:logGet(46)) - raft.server.log.statemachine.data.sync.timeout = 10s (default)
2022-07-02 07:20:52,583 [pool-319-thread-1] INFO  server.RaftServerConfigKeys (ConfUtils.java:logGet(46)) - raft.server.log.statemachine.data.sync.timeout.retry = -1 (default)
2022-07-02 07:20:52,590 [pool-319-thread-1] INFO  server.RaftServerConfigKeys (ConfUtils.java:logGet(46)) - raft.server.log.write.buffer.size = 64KB (=65536) (default)
2022-07-02 07:20:52,590 [pool-319-thread-1] INFO  server.RaftServerConfigKeys (ConfUtils.java:logGet(46)) - raft.server.log.unsafe-flush.enabled = false (default)
2022-07-02 07:20:52,590 [pool-319-thread-1] INFO  server.RaftServerConfigKeys (ConfUtils.java:logGet(46)) - raft.server.log.statemachine.data.caching.enabled = false (default)
2022-07-02 07:20:52,590 [pool-319-thread-1] INFO  segmented.SegmentedRaftLogWorker (SegmentedRaftLogWorker.java:lambda$new$0(135)) - om1@group-C5BA1605619E-SegmentedRaftLogWorker: flushIndex: setUnconditionally 0 -> -1
2022-07-02 07:20:52,590 [pool-319-thread-1] INFO  segmented.SegmentedRaftLogWorker (SegmentedRaftLogWorker.java:lambda$new$0(135)) - om1@group-C5BA1605619E-SegmentedRaftLogWorker: safeCacheEvictIndex: setUnconditionally 0 -> -1
2022-07-02 07:20:52,606 [pool-319-thread-1] INFO  server.RaftServerConfigKeys (ConfUtils.java:logGet(46)) - raft.server.snapshot.auto.trigger.enabled = true (custom)
2022-07-02 07:20:52,606 [pool-319-thread-1] INFO  server.RaftServerConfigKeys (ConfUtils.java:logGet(46)) - raft.server.snapshot.auto.trigger.threshold = 400000 (default)
2022-07-02 07:20:52,606 [pool-319-thread-1] INFO  server.RaftServerConfigKeys (ConfUtils.java:logGet(46)) - raft.server.snapshot.retention.file.num = -1 (default)
2022-07-02 07:20:52,607 [pool-319-thread-1] INFO  server.RaftServerConfigKeys (ConfUtils.java:logGet(46)) - raft.server.log.purge.upto.snapshot.index = true (custom)
2022-07-02 07:20:52,607 [pool-319-thread-1] INFO  server.RaftServerConfigKeys (ConfUtils.java:logGet(46)) - raft.server.retrycache.expirytime = 300s (custom)
2022-07-02 07:20:52,607 [pool-319-thread-1] INFO  server.RaftServerConfigKeys (ConfUtils.java:logGet(46)) - raft.server.retrycache.statistics.expirytime = 100μs (default)
2022-07-02 07:20:52,608 [pool-319-thread-1] INFO  server.RaftServerConfigKeys (ConfUtils.java:logGet(46)) - raft.server.log.appender.install.snapshot.enabled = false (custom)
2022-07-02 07:20:52,633 [pool-319-thread-1] INFO  server.RaftServerConfigKeys (ConfUtils.java:logGet(46)) - raft.server.threadpool.server.cached = true (default)
2022-07-02 07:20:52,633 [pool-319-thread-1] INFO  server.RaftServerConfigKeys (ConfUtils.java:logGet(46)) - raft.server.threadpool.server.size = 0 (default)
2022-07-02 07:20:52,633 [pool-319-thread-1] INFO  server.RaftServerConfigKeys (ConfUtils.java:logGet(46)) - raft.server.threadpool.client.cached = true (default)
2022-07-02 07:20:52,633 [pool-319-thread-1] INFO  server.RaftServerConfigKeys (ConfUtils.java:logGet(46)) - raft.server.threadpool.client.size = 0 (default)
2022-07-02 07:20:53,724 [Listener at 0.0.0.0/41629] INFO  reflections.Reflections (Reflections.java:scan(232)) - Reflections took 1168 ms to scan 19 urls, producing 66 keys and 4088 values [using 2 cores]
2022-07-02 07:20:53,726 [Listener at 0.0.0.0/41629] INFO  ipc.CallQueueManager (CallQueueManager.java:<init>(90)) - Using callQueue: class java.util.concurrent.LinkedBlockingQueue, queueCapacity: 2000, scheduler: class org.apache.hadoop.ipc.DefaultRpcScheduler, ipcBackoff: false.
2022-07-02 07:20:53,727 [Socket Reader #1 for port 0] INFO  ipc.Server (Server.java:run(1265)) - Starting Socket Reader #1 for port 0
2022-07-02 07:20:53,836 [Listener at 127.0.0.1/42659] INFO  impl.MetricsSystemImpl (MetricsSystemImpl.java:init(158)) - OzoneManager metrics system started (again)
2022-07-02 07:20:53,883 [Listener at 127.0.0.1/42659] INFO  om.OzoneManager (OzoneManager.java:start(1465)) - OzoneManager RPC server is listening at localhost/127.0.0.1:42659
2022-07-02 07:20:53,883 [Listener at 127.0.0.1/42659] INFO  ratis.OzoneManagerRatisServer (OzoneManagerRatisServer.java:start(554)) - Starting OzoneManagerRatisServer om1 at port 9872
2022-07-02 07:20:53,896 [om1-impl-thread1] INFO  server.RaftServer$Division (RaftServerImpl.java:start(310)) - om1@group-C5BA1605619E: start as a follower, conf=-1: [om1|rpc:localhost:9872|priority:0], old=null
2022-07-02 07:20:53,896 [om1-impl-thread1] INFO  server.RaftServer$Division (RaftServerImpl.java:setRole(299)) - om1@group-C5BA1605619E: changes role from      null to FOLLOWER at term 0 for startAsFollower
2022-07-02 07:20:53,896 [om1-impl-thread1] INFO  impl.RoleInfo (RoleInfo.java:updateAndGet(139)) - om1: start om1@group-C5BA1605619E-FollowerState
2022-07-02 07:20:53,901 [om1-impl-thread1] INFO  util.JmxRegister (JmxRegister.java:tryRegister(44)) - Successfully registered JMX Bean with object name Ratis:service=RaftServer,group=group-C5BA1605619E,id=om1
2022-07-02 07:20:53,916 [Listener at 127.0.0.1/42659] INFO  server.RaftServer (RaftServerProxy.java:lambda$start$6(382)) - om1: start RPC server
2022-07-02 07:20:53,961 [Listener at 127.0.0.1/42659] INFO  server.GrpcService (GrpcService.java:startImpl(260)) - om1: GrpcService started, listening on 9872
2022-07-02 07:20:53,961 [Listener at 127.0.0.1/42659] INFO  om.OzoneManager (OzoneManager.java:start(1481)) - Version File has different layout version (3) than OM DB (null). That is expected if this OM has never been finalized to a newer layout version.
2022-07-02 07:20:53,962 [org.apache.ratis.util.JvmPauseMonitor$$Lambda$611/1072797734@7478426] INFO  util.JvmPauseMonitor (JvmPauseMonitor.java:run(103)) - JvmPauseMonitor-om1: Started
2022-07-02 07:20:53,995 [Listener at 127.0.0.1/42659] INFO  http.BaseHttpServer (BaseHttpServer.java:newHttpServer2BuilderForOzone(209)) - Starting Web-server for ozoneManager at: http://0.0.0.0:0
2022-07-02 07:20:53,995 [Listener at 127.0.0.1/42659] INFO  http.BaseHttpServer (BaseHttpServer.java:<init>(107)) - Hadoop Security Enabled: false Ozone Security Enabled: false Ozone HTTP Security Enabled: false 
2022-07-02 07:20:53,996 [Listener at 127.0.0.1/42659] INFO  server.AuthenticationFilter (AuthenticationFilter.java:constructSecretProvider(240)) - Unable to initialize FileSignerSecretProvider, falling back to use random secrets.
2022-07-02 07:20:54,006 [Listener at 127.0.0.1/42659] WARN  http.HttpRequestLog (HttpRequestLog.java:getRequestLog(103)) - Jetty request log can only be enabled using Log4j
2022-07-02 07:20:54,008 [Listener at 127.0.0.1/42659] INFO  http.HttpServer2 (HttpServer2.java:addGlobalFilter(1029)) - Added global filter 'safety' (class=org.apache.hadoop.hdds.server.http.HttpServer2$QuotingInputFilter)
2022-07-02 07:20:54,009 [Listener at 127.0.0.1/42659] INFO  http.HttpServer2 (HttpServer2.java:addFilter(1005)) - Added filter static_user_filter (class=org.apache.hadoop.http.lib.StaticUserWebFilter$StaticUserFilter) to context ozoneManager
2022-07-02 07:20:54,009 [Listener at 127.0.0.1/42659] INFO  http.HttpServer2 (HttpServer2.java:addFilter(1013)) - Added filter static_user_filter (class=org.apache.hadoop.http.lib.StaticUserWebFilter$StaticUserFilter) to context logs
2022-07-02 07:20:54,009 [Listener at 127.0.0.1/42659] INFO  http.HttpServer2 (HttpServer2.java:addFilter(1013)) - Added filter static_user_filter (class=org.apache.hadoop.http.lib.StaticUserWebFilter$StaticUserFilter) to context static
2022-07-02 07:20:54,010 [Listener at 127.0.0.1/42659] INFO  http.HttpServer2 (HttpServer2.java:bindListener(1248)) - Jetty bound to port 44147
2022-07-02 07:20:54,010 [Listener at 127.0.0.1/42659] INFO  server.Server (Server.java:doStart(375)) - jetty-9.4.43.v20210629; built: 2021-06-30T11:07:22.254Z; git: 526006ecfa3af7f1a27ef3a288e2bef7ea9dd7e8; jvm 1.8.0_332-b09
2022-07-02 07:20:54,015 [Listener at 127.0.0.1/42659] INFO  server.session (DefaultSessionIdManager.java:doStart(334)) - DefaultSessionIdManager workerName=node0
2022-07-02 07:20:54,015 [Listener at 127.0.0.1/42659] INFO  server.session (DefaultSessionIdManager.java:doStart(339)) - No SessionScavenger set, using defaults
2022-07-02 07:20:54,016 [Listener at 127.0.0.1/42659] INFO  server.session (HouseKeeper.java:startScavenging(132)) - node0 Scavenging every 600000ms
2022-07-02 07:20:54,016 [Listener at 127.0.0.1/42659] INFO  handler.ContextHandler (ContextHandler.java:doStart(915)) - Started o.e.j.s.ServletContextHandler@203e9e36{logs,/logs,file:///home/runner/work/ozone/ozone/hadoop-ozone/integration-test/target/log,AVAILABLE}
2022-07-02 07:20:54,017 [Listener at 127.0.0.1/42659] INFO  handler.ContextHandler (ContextHandler.java:doStart(915)) - Started o.e.j.s.ServletContextHandler@2be48c1e{static,/static,file:///home/runner/work/ozone/ozone/hadoop-ozone/integration-test/target/test-classes/webapps/static,AVAILABLE}
2022-07-02 07:20:54,022 [Listener at 127.0.0.1/42659] INFO  handler.ContextHandler (ContextHandler.java:doStart(915)) - Started o.e.j.w.WebAppContext@736c02d2{ozoneManager,/,file:///home/runner/work/ozone/ozone/hadoop-ozone/integration-test/target/test-classes/webapps/ozoneManager/,AVAILABLE}{file:/home/runner/work/ozone/ozone/hadoop-ozone/integration-test/target/test-classes/webapps/ozoneManager}
2022-07-02 07:20:54,031 [Listener at 127.0.0.1/42659] INFO  server.AbstractConnector (AbstractConnector.java:doStart(331)) - Started ServerConnector@5d3d8794{HTTP/1.1, (http/1.1)}{0.0.0.0:44147}
2022-07-02 07:20:54,031 [Listener at 127.0.0.1/42659] INFO  server.Server (Server.java:doStart(415)) - Started @80641ms
2022-07-02 07:20:54,031 [Listener at 127.0.0.1/42659] WARN  impl.MetricsSystemImpl (MetricsSystemImpl.java:register(279)) - Sink prometheus already exists!
2022-07-02 07:20:54,032 [Listener at 127.0.0.1/42659] INFO  http.BaseHttpServer (BaseHttpServer.java:updateConnectorAddress(329)) - HTTP server of ozoneManager listening at http://0.0.0.0:44147
2022-07-02 07:20:54,040 [IPC Server Responder] INFO  ipc.Server (Server.java:run(1507)) - IPC Server Responder: starting
2022-07-02 07:20:54,044 [IPC Server listener on 0] INFO  ipc.Server (Server.java:run(1344)) - IPC Server listener on 0: starting
2022-07-02 07:20:54,046 [Listener at 127.0.0.1/42659] INFO  om.TrashPolicyOzone (TrashPolicyOzone.java:<init>(178)) - Ozone Manager trash configuration: Deletion interval = 0 minutes, Emptier interval = 0 minutes.
2022-07-02 07:20:54,084 [org.apache.hadoop.util.JvmPauseMonitor$Monitor@785f4c04] INFO  util.JvmPauseMonitor (JvmPauseMonitor.java:run(188)) - Starting JVM pause monitor
2022-07-02 07:20:54,107 [Listener at 127.0.0.1/42659] WARN  impl.MetricRegistriesImpl (MetricRegistriesImpl.java:addReporterRegistration(111)) - New reporters are added after registries were created. Some metrics will be missing from the reporter. Please add reporter before adding any new registry.
2022-07-02 07:20:54,107 [Listener at 127.0.0.1/42659] WARN  impl.MetricRegistriesImpl (MetricRegistriesImpl.java:addReporterRegistration(111)) - New reporters are added after registries were created. Some metrics will be missing from the reporter. Please add reporter before adding any new registry.
2022-07-02 07:20:54,107 [Listener at 127.0.0.1/42659] INFO  impl.MetricsSystemImpl (MetricsSystemImpl.java:init(158)) - HddsDatanode metrics system started (again)
2022-07-02 07:20:54,157 [Listener at 127.0.0.1/42659] INFO  ozone.HddsDatanodeService (HddsDatanodeService.java:start(236)) - HddsDatanodeService host:fv-az444-838.dthhdds2jluu1c0oa55ndv1hsg.dx.internal.cloudapp.net ip:10.1.0.20
2022-07-02 07:20:54,229 [Listener at 127.0.0.1/42659] INFO  upgrade.AbstractLayoutVersionManager (AbstractLayoutVersionManager.java:init(82)) - Initializing Layout version manager with metadata layout = DATANODE_SCHEMA_V3 (version = 4), software layout = DATANODE_SCHEMA_V3 (version = 4)
2022-07-02 07:20:54,334 [Listener at 127.0.0.1/42659] INFO  reflections.Reflections (Reflections.java:scan(232)) - Reflections took 103 ms to scan 7 urls, producing 132 keys and 317 values 
2022-07-02 07:20:54,340 [Listener at 127.0.0.1/42659] INFO  statemachine.DatanodeStateMachine (DatanodeStateMachine.java:getEndPointTaskThreadPoolSize(237)) - Datanode State Machine Task Thread Pool size 2
2022-07-02 07:20:54,351 [Listener at 127.0.0.1/42659] INFO  volume.HddsVolume (HddsVolume.java:<init>(116)) - Creating HddsVolume: /home/runner/work/ozone/ozone/hadoop-ozone/integration-test/target/test-dir/MiniOzoneClusterImpl-774acf0e-96fd-4c7a-8fa4-f3d3d576173c/datanode-0/data-0/containers/hdds of storage type : DISK capacity : 9223372036854775807
2022-07-02 07:20:54,351 [Listener at 127.0.0.1/42659] INFO  volume.MutableVolumeSet (MutableVolumeSet.java:initializeVolumeSet(174)) - Added Volume : /home/runner/work/ozone/ozone/hadoop-ozone/integration-test/target/test-dir/MiniOzoneClusterImpl-774acf0e-96fd-4c7a-8fa4-f3d3d576173c/datanode-0/data-0/containers/hdds to VolumeSet
2022-07-02 07:20:54,351 [Listener at 127.0.0.1/42659] INFO  volume.ThrottledAsyncChecker (ThrottledAsyncChecker.java:schedule(141)) - Scheduling a check for /home/runner/work/ozone/ozone/hadoop-ozone/integration-test/target/test-dir/MiniOzoneClusterImpl-774acf0e-96fd-4c7a-8fa4-f3d3d576173c/datanode-0/data-0/containers/hdds
2022-07-02 07:20:54,376 [Listener at 127.0.0.1/42659] INFO  volume.StorageVolumeChecker (StorageVolumeChecker.java:checkAllVolumes(202)) - Scheduled health check for volume /home/runner/work/ozone/ozone/hadoop-ozone/integration-test/target/test-dir/MiniOzoneClusterImpl-774acf0e-96fd-4c7a-8fa4-f3d3d576173c/datanode-0/data-0/containers/hdds
2022-07-02 07:20:54,406 [Listener at 127.0.0.1/42659] INFO  volume.MutableVolumeSet (MutableVolumeSet.java:initializeVolumeSet(174)) - Added Volume : /home/runner/work/ozone/ozone/hadoop-ozone/integration-test/target/test-dir/MiniOzoneClusterImpl-774acf0e-96fd-4c7a-8fa4-f3d3d576173c/datanode-0/data/ratis to VolumeSet
2022-07-02 07:20:54,406 [Listener at 127.0.0.1/42659] INFO  volume.ThrottledAsyncChecker (ThrottledAsyncChecker.java:schedule(141)) - Scheduling a check for /home/runner/work/ozone/ozone/hadoop-ozone/integration-test/target/test-dir/MiniOzoneClusterImpl-774acf0e-96fd-4c7a-8fa4-f3d3d576173c/datanode-0/data/ratis
2022-07-02 07:20:54,412 [Listener at 127.0.0.1/42659] INFO  volume.StorageVolumeChecker (StorageVolumeChecker.java:checkAllVolumes(202)) - Scheduled health check for volume /home/runner/work/ozone/ozone/hadoop-ozone/integration-test/target/test-dir/MiniOzoneClusterImpl-774acf0e-96fd-4c7a-8fa4-f3d3d576173c/datanode-0/data/ratis
2022-07-02 07:20:54,444 [Thread-621] INFO  ozoneimpl.ContainerReader (ContainerReader.java:readVolume(172)) - Finish verifying containers on volume /home/runner/work/ozone/ozone/hadoop-ozone/integration-test/target/test-dir/MiniOzoneClusterImpl-774acf0e-96fd-4c7a-8fa4-f3d3d576173c/datanode-0/data-0/containers/hdds
2022-07-02 07:20:54,444 [Listener at 127.0.0.1/42659] INFO  ozoneimpl.OzoneContainer (OzoneContainer.java:buildContainerSet(266)) - Build ContainerSet costs 0s
2022-07-02 07:20:54,447 [Listener at 127.0.0.1/42659] INFO  server.RaftServer (ConfUtils.java:logGet(46)) - raft.rpc.type = GRPC (default)
2022-07-02 07:20:54,447 [Listener at 127.0.0.1/42659] INFO  grpc.GrpcFactory (GrpcFactory.java:checkPooledByteBufAllocatorUseCacheForAllThreads(48)) - PERFORMANCE WARNING: useCacheForAllThreads is true that may cause Netty to create a lot garbage objects and, as a result, trigger GC.
	It is recommended to disable useCacheForAllThreads by setting -Dorg.apache.ratis.thirdparty.io.netty.allocator.useCacheForAllThreads=false in command line.
2022-07-02 07:20:54,447 [Listener at 127.0.0.1/42659] INFO  grpc.GrpcConfigKeys (ConfUtils.java:logGet(46)) - raft.grpc.admin.port = 0 (custom)
2022-07-02 07:20:54,447 [Listener at 127.0.0.1/42659] INFO  grpc.GrpcConfigKeys (ConfUtils.java:logGet(46)) - raft.grpc.client.port = 0 (custom)
2022-07-02 07:20:54,447 [Listener at 127.0.0.1/42659] INFO  grpc.GrpcConfigKeys (ConfUtils.java:logGet(46)) - raft.grpc.server.port = 0 (default)
2022-07-02 07:20:54,447 [Listener at 127.0.0.1/42659] INFO  server.GrpcService (ConfUtils.java:logGet(46)) - raft.grpc.message.size.max = 32MB (=33554432) (custom)
2022-07-02 07:20:54,447 [Listener at 127.0.0.1/42659] INFO  server.RaftServerConfigKeys (ConfUtils.java:logGet(46)) - raft.server.log.appender.buffer.byte-limit = 33554432 (custom)
2022-07-02 07:20:54,448 [Listener at 127.0.0.1/42659] INFO  server.GrpcService (ConfUtils.java:logGet(46)) - raft.grpc.flow.control.window = 5MB (=5242880) (custom)
2022-07-02 07:20:54,448 [Listener at 127.0.0.1/42659] INFO  server.RaftServerConfigKeys (ConfUtils.java:logGet(46)) - raft.server.rpc.request.timeout = 60s (custom)
2022-07-02 07:20:54,448 [Listener at 127.0.0.1/42659] INFO  grpc.GrpcConfigKeys (ConfUtils.java:logGet(46)) - raft.grpc.server.async.request.thread.pool.cached = true (default)
2022-07-02 07:20:54,448 [Listener at 127.0.0.1/42659] INFO  grpc.GrpcConfigKeys (ConfUtils.java:logGet(46)) - raft.grpc.server.async.request.thread.pool.size = 32 (default)
2022-07-02 07:20:54,449 [Listener at 127.0.0.1/42659] INFO  impl.DataStreamServerImpl (ConfUtils.java:logGet(46)) - raft.datastream.type = DISABLED (default)
2022-07-02 07:20:54,449 [Listener at 127.0.0.1/42659] INFO  server.RaftServerConfigKeys (ConfUtils.java:logGet(46)) - raft.server.threadpool.proxy.cached = true (default)
2022-07-02 07:20:54,449 [Listener at 127.0.0.1/42659] INFO  server.RaftServerConfigKeys (ConfUtils.java:logGet(46)) - raft.server.threadpool.proxy.size = 0 (default)
2022-07-02 07:20:54,450 [Listener at 127.0.0.1/42659] INFO  server.RaftServerConfigKeys (ConfUtils.java:logGet(46)) - raft.server.rpc.slowness.timeout = 300s (custom)
2022-07-02 07:20:54,450 [Listener at 127.0.0.1/42659] INFO  server.RaftServerConfigKeys (ConfUtils.java:logGet(46)) - raft.server.leaderelection.leader.step-down.wait-time = 10s (default)
2022-07-02 07:20:54,450 [Listener at 127.0.0.1/42659] INFO  server.RaftServerConfigKeys (ConfUtils.java:logGet(46)) - raft.server.storage.dir = [/home/runner/work/ozone/ozone/hadoop-ozone/integration-test/target/test-dir/MiniOzoneClusterImpl-774acf0e-96fd-4c7a-8fa4-f3d3d576173c/datanode-0/data/ratis] (custom)
2022-07-02 07:20:54,465 [Listener at 127.0.0.1/42659] INFO  server.XceiverServerGrpc (XceiverServerGrpc.java:<init>(132)) - GrpcServer channel type EpollServerSocketChannel
2022-07-02 07:20:54,480 [Listener at 127.0.0.1/42659] INFO  http.BaseHttpServer (BaseHttpServer.java:newHttpServer2BuilderForOzone(209)) - Starting Web-server for hddsDatanode at: http://0.0.0.0:0
2022-07-02 07:20:54,480 [Listener at 127.0.0.1/42659] INFO  http.BaseHttpServer (BaseHttpServer.java:<init>(107)) - Hadoop Security Enabled: false Ozone Security Enabled: false Ozone HTTP Security Enabled: false 
2022-07-02 07:20:54,481 [Listener at 127.0.0.1/42659] INFO  server.AuthenticationFilter (AuthenticationFilter.java:constructSecretProvider(240)) - Unable to initialize FileSignerSecretProvider, falling back to use random secrets.
2022-07-02 07:20:54,487 [Listener at 127.0.0.1/42659] WARN  http.HttpRequestLog (HttpRequestLog.java:getRequestLog(103)) - Jetty request log can only be enabled using Log4j
2022-07-02 07:20:54,488 [Listener at 127.0.0.1/42659] INFO  http.HttpServer2 (HttpServer2.java:addGlobalFilter(1029)) - Added global filter 'safety' (class=org.apache.hadoop.hdds.server.http.HttpServer2$QuotingInputFilter)
2022-07-02 07:20:54,489 [Listener at 127.0.0.1/42659] INFO  http.HttpServer2 (HttpServer2.java:addFilter(1005)) - Added filter static_user_filter (class=org.apache.hadoop.http.lib.StaticUserWebFilter$StaticUserFilter) to context hddsDatanode
2022-07-02 07:20:54,489 [Listener at 127.0.0.1/42659] INFO  http.HttpServer2 (HttpServer2.java:addFilter(1013)) - Added filter static_user_filter (class=org.apache.hadoop.http.lib.StaticUserWebFilter$StaticUserFilter) to context static
2022-07-02 07:20:54,489 [Listener at 127.0.0.1/42659] INFO  http.HttpServer2 (HttpServer2.java:addFilter(1013)) - Added filter static_user_filter (class=org.apache.hadoop.http.lib.StaticUserWebFilter$StaticUserFilter) to context logs
2022-07-02 07:20:54,490 [Listener at 127.0.0.1/42659] INFO  http.HttpServer2 (HttpServer2.java:bindListener(1248)) - Jetty bound to port 45577
2022-07-02 07:20:54,490 [Listener at 127.0.0.1/42659] INFO  server.Server (Server.java:doStart(375)) - jetty-9.4.43.v20210629; built: 2021-06-30T11:07:22.254Z; git: 526006ecfa3af7f1a27ef3a288e2bef7ea9dd7e8; jvm 1.8.0_332-b09
2022-07-02 07:20:54,531 [Listener at 127.0.0.1/42659] INFO  server.session (DefaultSessionIdManager.java:doStart(334)) - DefaultSessionIdManager workerName=node0
2022-07-02 07:20:54,531 [Listener at 127.0.0.1/42659] INFO  server.session (DefaultSessionIdManager.java:doStart(339)) - No SessionScavenger set, using defaults
2022-07-02 07:20:54,531 [Listener at 127.0.0.1/42659] INFO  server.session (HouseKeeper.java:startScavenging(132)) - node0 Scavenging every 600000ms
2022-07-02 07:20:54,544 [Listener at 127.0.0.1/42659] INFO  handler.ContextHandler (ContextHandler.java:doStart(915)) - Started o.e.j.s.ServletContextHandler@b159e06{logs,/logs,file:///home/runner/work/ozone/ozone/hadoop-ozone/integration-test/target/log,AVAILABLE}
2022-07-02 07:20:54,545 [Listener at 127.0.0.1/42659] INFO  handler.ContextHandler (ContextHandler.java:doStart(915)) - Started o.e.j.s.ServletContextHandler@52593a99{static,/static,jar:file:/home/runner/.m2/repository/org/apache/ozone/hdds-container-service/1.3.0-SNAPSHOT/hdds-container-service-1.3.0-SNAPSHOT.jar!/webapps/static,AVAILABLE}
2022-07-02 07:20:54,974 [om1@group-C5BA1605619E-FollowerState] INFO  impl.FollowerState (FollowerState.java:run(143)) - om1@group-C5BA1605619E-FollowerState: change to CANDIDATE, lastRpcElapsedTime:1077855013ns, electionTimeout:1029ms
2022-07-02 07:20:54,974 [om1@group-C5BA1605619E-FollowerState] INFO  impl.RoleInfo (RoleInfo.java:shutdownFollowerState(110)) - om1: shutdown om1@group-C5BA1605619E-FollowerState
2022-07-02 07:20:54,974 [om1@group-C5BA1605619E-FollowerState] INFO  server.RaftServer$Division (RaftServerImpl.java:setRole(299)) - om1@group-C5BA1605619E: changes role from  FOLLOWER to CANDIDATE at term 0 for changeToCandidate
2022-07-02 07:20:54,975 [om1@group-C5BA1605619E-FollowerState] INFO  server.RaftServerConfigKeys (ConfUtils.java:logGet(46)) - raft.server.leaderelection.pre-vote = false (custom)
2022-07-02 07:20:54,975 [om1@group-C5BA1605619E-FollowerState] INFO  impl.RoleInfo (RoleInfo.java:updateAndGet(139)) - om1: start om1@group-C5BA1605619E-LeaderElection11
2022-07-02 07:20:55,013 [om1@group-C5BA1605619E-LeaderElection11] INFO  impl.LeaderElection (LeaderElection.java:askForVotes(310)) - om1@group-C5BA1605619E-LeaderElection11 ELECTION round 0: submit vote requests at term 1 for -1: [om1|rpc:localhost:9872|priority:0], old=null
2022-07-02 07:20:55,013 [om1@group-C5BA1605619E-LeaderElection11] INFO  impl.LeaderElection (LeaderElection.java:askForVotes(312)) - om1@group-C5BA1605619E-LeaderElection11 ELECTION round 0: result PASSED (term=1)
2022-07-02 07:20:55,013 [om1@group-C5BA1605619E-LeaderElection11] INFO  impl.RoleInfo (RoleInfo.java:shutdownLeaderElection(130)) - om1: shutdown om1@group-C5BA1605619E-LeaderElection11
2022-07-02 07:20:55,013 [om1@group-C5BA1605619E-LeaderElection11] INFO  server.RaftServer$Division (RaftServerImpl.java:setRole(299)) - om1@group-C5BA1605619E: changes role from CANDIDATE to LEADER at term 1 for changeToLeader
2022-07-02 07:20:55,013 [om1@group-C5BA1605619E-LeaderElection11] INFO  server.RaftServer$Division (ServerState.java:setLeader(287)) - om1@group-C5BA1605619E: change Leader from null to om1 at term 1 for becomeLeader, leader elected after 2435ms
2022-07-02 07:20:55,013 [om1@group-C5BA1605619E-LeaderElection11] INFO  server.RaftServerConfigKeys (ConfUtils.java:logGet(46)) - raft.server.staging.catchup.gap = 1000 (default)
2022-07-02 07:20:55,014 [om1@group-C5BA1605619E-LeaderElection11] INFO  server.RaftServerConfigKeys (ConfUtils.java:logGet(46)) - raft.server.write.element-limit = 4096 (default)
2022-07-02 07:20:55,014 [om1@group-C5BA1605619E-LeaderElection11] INFO  server.RaftServerConfigKeys (ConfUtils.java:logGet(46)) - raft.server.write.byte-limit = 64MB (=67108864) (default)
2022-07-02 07:20:55,014 [om1@group-C5BA1605619E-LeaderElection11] INFO  server.RaftServerConfigKeys (ConfUtils.java:logGet(46)) - raft.server.watch.timeout = 10s (default)
2022-07-02 07:20:55,014 [om1@group-C5BA1605619E-LeaderElection11] INFO  server.RaftServerConfigKeys (ConfUtils.java:logGet(46)) - raft.server.watch.timeout.denomination = 1s (default)
2022-07-02 07:20:55,014 [om1@group-C5BA1605619E-LeaderElection11] INFO  server.RaftServerConfigKeys (ConfUtils.java:logGet(46)) - raft.server.watch.element-limit = 65536 (default)
2022-07-02 07:20:55,014 [om1@group-C5BA1605619E-LeaderElection11] INFO  server.RaftServerConfigKeys (ConfUtils.java:logGet(46)) - raft.server.write.element-limit = 4096 (default)
2022-07-02 07:20:55,014 [om1@group-C5BA1605619E-LeaderElection11] INFO  server.RaftServerConfigKeys (ConfUtils.java:logGet(46)) - raft.server.write.follower.gap.ratio.max = -1.0 (default)
2022-07-02 07:20:55,014 [om1@group-C5BA1605619E-LeaderElection11] INFO  impl.RoleInfo (RoleInfo.java:updateAndGet(139)) - om1: start om1@group-C5BA1605619E-LeaderStateImpl
2022-07-02 07:20:55,015 [om1@group-C5BA1605619E-LeaderElection11] INFO  segmented.SegmentedRaftLogWorker (SegmentedRaftLogWorker.java:startLogSegment(425)) - om1@group-C5BA1605619E-SegmentedRaftLogWorker: Starting segment from index:0
2022-07-02 07:20:55,031 [om1@group-C5BA1605619E-SegmentedRaftLogWorker] INFO  segmented.SegmentedRaftLogWorker (SegmentedRaftLogWorker.java:execute(629)) - om1@group-C5BA1605619E-SegmentedRaftLogWorker: created new log segment /home/runner/work/ozone/ozone/hadoop-ozone/integration-test/target/test-dir/MiniOzoneClusterImpl-774acf0e-96fd-4c7a-8fa4-f3d3d576173c/ozone-meta/ratis/bf265839-605b-3f16-9796-c5ba1605619e/current/log_inprogress_0
2022-07-02 07:20:55,061 [om1@group-C5BA1605619E-LeaderElection11] INFO  server.RaftServer$Division (ServerState.java:setRaftConf(393)) - om1@group-C5BA1605619E: set configuration 0: [om1|rpc:localhost:9872|admin:|client:|dataStream:|priority:0], old=null
2022-07-02 07:20:55,063 [om1@group-C5BA1605619E-StateMachineUpdater] INFO  ratis.OzoneManagerStateMachine (OzoneManagerStateMachine.java:notifyConfigurationChanged(192)) - Received Configuration change notification from Ratis. New Peer list:
[id: "om1"
address: "localhost:9872"
]
2022-07-02 07:20:55,151 [Listener at 127.0.0.1/42659] INFO  handler.ContextHandler (ContextHandler.java:doStart(915)) - Started o.e.j.w.WebAppContext@6fc7c2a3{hddsDatanode,/,file:///tmp/jetty-0_0_0_0-45577-hdds-container-service-1_3_0-SNAPSHOT_jar-_-any-9171989412340588700/webapp/,AVAILABLE}{jar:file:/home/runner/.m2/repository/org/apache/ozone/hdds-container-service/1.3.0-SNAPSHOT/hdds-container-service-1.3.0-SNAPSHOT.jar!/webapps/hddsDatanode}
2022-07-02 07:20:55,160 [Listener at 127.0.0.1/42659] INFO  server.AbstractConnector (AbstractConnector.java:doStart(331)) - Started ServerConnector@5d7538af{HTTP/1.1, (http/1.1)}{0.0.0.0:45577}
2022-07-02 07:20:55,160 [Listener at 127.0.0.1/42659] INFO  server.Server (Server.java:doStart(415)) - Started @81770ms
2022-07-02 07:20:55,161 [Listener at 127.0.0.1/42659] WARN  impl.MetricsSystemImpl (MetricsSystemImpl.java:register(279)) - Sink prometheus already exists!
2022-07-02 07:20:55,163 [Listener at 127.0.0.1/42659] INFO  http.BaseHttpServer (BaseHttpServer.java:updateConnectorAddress(329)) - HTTP server of hddsDatanode listening at http://0.0.0.0:45577
2022-07-02 07:20:55,175 [Listener at 127.0.0.1/42659] WARN  impl.MetricRegistriesImpl (MetricRegistriesImpl.java:addReporterRegistration(111)) - New reporters are added after registries were created. Some metrics will be missing from the reporter. Please add reporter before adding any new registry.
2022-07-02 07:20:55,175 [Listener at 127.0.0.1/42659] WARN  impl.MetricRegistriesImpl (MetricRegistriesImpl.java:addReporterRegistration(111)) - New reporters are added after registries were created. Some metrics will be missing from the reporter. Please add reporter before adding any new registry.
2022-07-02 07:20:55,175 [Listener at 127.0.0.1/42659] INFO  impl.MetricsSystemImpl (MetricsSystemImpl.java:init(158)) - HddsDatanode metrics system started (again)
2022-07-02 07:20:55,192 [Datanode State Machine Daemon Thread] INFO  statemachine.DatanodeStateMachine (DatanodeStateMachine.java:lambda$startDaemon$0(492)) - Ozone container server started.
2022-07-02 07:20:55,202 [Listener at 127.0.0.1/42659] INFO  ozone.HddsDatanodeService (HddsDatanodeService.java:start(236)) - HddsDatanodeService host:fv-az444-838.dthhdds2jluu1c0oa55ndv1hsg.dx.internal.cloudapp.net ip:10.1.0.20
2022-07-02 07:20:55,236 [org.apache.hadoop.util.JvmPauseMonitor$Monitor@1f18c8f4] INFO  util.JvmPauseMonitor (JvmPauseMonitor.java:run(188)) - Starting JVM pause monitor
2022-07-02 07:20:55,249 [Datanode State Machine Task Thread - 0] INFO  datanode.InitDatanodeState (InitDatanodeState.java:persistContainerDatanodeDetails(138)) - DatanodeDetails is persisted to /home/runner/work/ozone/ozone/hadoop-ozone/integration-test/target/test-dir/MiniOzoneClusterImpl-774acf0e-96fd-4c7a-8fa4-f3d3d576173c/datanode-0/meta/datanode.id
2022-07-02 07:20:55,279 [Listener at 127.0.0.1/42659] INFO  upgrade.AbstractLayoutVersionManager (AbstractLayoutVersionManager.java:init(82)) - Initializing Layout version manager with metadata layout = DATANODE_SCHEMA_V3 (version = 4), software layout = DATANODE_SCHEMA_V3 (version = 4)
2022-07-02 07:20:55,413 [Listener at 127.0.0.1/42659] INFO  reflections.Reflections (Reflections.java:scan(232)) - Reflections took 133 ms to scan 7 urls, producing 132 keys and 317 values 
2022-07-02 07:20:55,421 [Listener at 127.0.0.1/42659] INFO  statemachine.DatanodeStateMachine (DatanodeStateMachine.java:getEndPointTaskThreadPoolSize(237)) - Datanode State Machine Task Thread Pool size 2
2022-07-02 07:20:55,433 [Listener at 127.0.0.1/42659] INFO  volume.HddsVolume (HddsVolume.java:<init>(116)) - Creating HddsVolume: /home/runner/work/ozone/ozone/hadoop-ozone/integration-test/target/test-dir/MiniOzoneClusterImpl-774acf0e-96fd-4c7a-8fa4-f3d3d576173c/datanode-1/data-0/containers/hdds of storage type : DISK capacity : 9223372036854775807
2022-07-02 07:20:55,433 [Listener at 127.0.0.1/42659] INFO  volume.MutableVolumeSet (MutableVolumeSet.java:initializeVolumeSet(174)) - Added Volume : /home/runner/work/ozone/ozone/hadoop-ozone/integration-test/target/test-dir/MiniOzoneClusterImpl-774acf0e-96fd-4c7a-8fa4-f3d3d576173c/datanode-1/data-0/containers/hdds to VolumeSet
2022-07-02 07:20:55,433 [Listener at 127.0.0.1/42659] INFO  volume.ThrottledAsyncChecker (ThrottledAsyncChecker.java:schedule(141)) - Scheduling a check for /home/runner/work/ozone/ozone/hadoop-ozone/integration-test/target/test-dir/MiniOzoneClusterImpl-774acf0e-96fd-4c7a-8fa4-f3d3d576173c/datanode-1/data-0/containers/hdds
2022-07-02 07:20:55,434 [Listener at 127.0.0.1/42659] INFO  volume.StorageVolumeChecker (StorageVolumeChecker.java:checkAllVolumes(202)) - Scheduled health check for volume /home/runner/work/ozone/ozone/hadoop-ozone/integration-test/target/test-dir/MiniOzoneClusterImpl-774acf0e-96fd-4c7a-8fa4-f3d3d576173c/datanode-1/data-0/containers/hdds
2022-07-02 07:20:55,451 [Listener at 127.0.0.1/42659] INFO  volume.MutableVolumeSet (MutableVolumeSet.java:initializeVolumeSet(174)) - Added Volume : /home/runner/work/ozone/ozone/hadoop-ozone/integration-test/target/test-dir/MiniOzoneClusterImpl-774acf0e-96fd-4c7a-8fa4-f3d3d576173c/datanode-1/data/ratis to VolumeSet
2022-07-02 07:20:55,451 [Listener at 127.0.0.1/42659] INFO  volume.ThrottledAsyncChecker (ThrottledAsyncChecker.java:schedule(141)) - Scheduling a check for /home/runner/work/ozone/ozone/hadoop-ozone/integration-test/target/test-dir/MiniOzoneClusterImpl-774acf0e-96fd-4c7a-8fa4-f3d3d576173c/datanode-1/data/ratis
2022-07-02 07:20:55,452 [Listener at 127.0.0.1/42659] INFO  volume.StorageVolumeChecker (StorageVolumeChecker.java:checkAllVolumes(202)) - Scheduled health check for volume /home/runner/work/ozone/ozone/hadoop-ozone/integration-test/target/test-dir/MiniOzoneClusterImpl-774acf0e-96fd-4c7a-8fa4-f3d3d576173c/datanode-1/data/ratis
2022-07-02 07:20:55,472 [Thread-636] INFO  ozoneimpl.ContainerReader (ContainerReader.java:readVolume(172)) - Finish verifying containers on volume /home/runner/work/ozone/ozone/hadoop-ozone/integration-test/target/test-dir/MiniOzoneClusterImpl-774acf0e-96fd-4c7a-8fa4-f3d3d576173c/datanode-1/data-0/containers/hdds
2022-07-02 07:20:55,472 [Listener at 127.0.0.1/42659] INFO  ozoneimpl.OzoneContainer (OzoneContainer.java:buildContainerSet(266)) - Build ContainerSet costs 0s
2022-07-02 07:20:55,474 [Listener at 127.0.0.1/42659] INFO  server.RaftServer (ConfUtils.java:logGet(46)) - raft.rpc.type = GRPC (default)
2022-07-02 07:20:55,474 [Listener at 127.0.0.1/42659] INFO  grpc.GrpcFactory (GrpcFactory.java:checkPooledByteBufAllocatorUseCacheForAllThreads(48)) - PERFORMANCE WARNING: useCacheForAllThreads is true that may cause Netty to create a lot garbage objects and, as a result, trigger GC.
	It is recommended to disable useCacheForAllThreads by setting -Dorg.apache.ratis.thirdparty.io.netty.allocator.useCacheForAllThreads=false in command line.
2022-07-02 07:20:55,474 [Listener at 127.0.0.1/42659] INFO  grpc.GrpcConfigKeys (ConfUtils.java:logGet(46)) - raft.grpc.admin.port = 0 (custom)
2022-07-02 07:20:55,475 [Listener at 127.0.0.1/42659] INFO  grpc.GrpcConfigKeys (ConfUtils.java:logGet(46)) - raft.grpc.client.port = 0 (custom)
2022-07-02 07:20:55,475 [Listener at 127.0.0.1/42659] INFO  grpc.GrpcConfigKeys (ConfUtils.java:logGet(46)) - raft.grpc.server.port = 0 (default)
2022-07-02 07:20:55,475 [Listener at 127.0.0.1/42659] INFO  server.GrpcService (ConfUtils.java:logGet(46)) - raft.grpc.message.size.max = 32MB (=33554432) (custom)
2022-07-02 07:20:55,477 [Listener at 127.0.0.1/42659] INFO  server.RaftServerConfigKeys (ConfUtils.java:logGet(46)) - raft.server.log.appender.buffer.byte-limit = 33554432 (custom)
2022-07-02 07:20:55,477 [Listener at 127.0.0.1/42659] INFO  server.GrpcService (ConfUtils.java:logGet(46)) - raft.grpc.flow.control.window = 5MB (=5242880) (custom)
2022-07-02 07:20:55,477 [Listener at 127.0.0.1/42659] INFO  server.RaftServerConfigKeys (ConfUtils.java:logGet(46)) - raft.server.rpc.request.timeout = 60s (custom)
2022-07-02 07:20:55,478 [Listener at 127.0.0.1/42659] INFO  grpc.GrpcConfigKeys (ConfUtils.java:logGet(46)) - raft.grpc.server.async.request.thread.pool.cached = true (default)
2022-07-02 07:20:55,478 [Listener at 127.0.0.1/42659] INFO  grpc.GrpcConfigKeys (ConfUtils.java:logGet(46)) - raft.grpc.server.async.request.thread.pool.size = 32 (default)
2022-07-02 07:20:55,483 [Listener at 127.0.0.1/42659] INFO  impl.DataStreamServerImpl (ConfUtils.java:logGet(46)) - raft.datastream.type = DISABLED (default)
2022-07-02 07:20:55,484 [Listener at 127.0.0.1/42659] INFO  server.RaftServerConfigKeys (ConfUtils.java:logGet(46)) - raft.server.threadpool.proxy.cached = true (default)
2022-07-02 07:20:55,484 [Listener at 127.0.0.1/42659] INFO  server.RaftServerConfigKeys (ConfUtils.java:logGet(46)) - raft.server.threadpool.proxy.size = 0 (default)
2022-07-02 07:20:55,484 [Listener at 127.0.0.1/42659] INFO  server.RaftServerConfigKeys (ConfUtils.java:logGet(46)) - raft.server.rpc.slowness.timeout = 300s (custom)
2022-07-02 07:20:55,484 [Listener at 127.0.0.1/42659] INFO  server.RaftServerConfigKeys (ConfUtils.java:logGet(46)) - raft.server.leaderelection.leader.step-down.wait-time = 10s (default)
2022-07-02 07:20:55,484 [Listener at 127.0.0.1/42659] INFO  server.RaftServerConfigKeys (ConfUtils.java:logGet(46)) - raft.server.storage.dir = [/home/runner/work/ozone/ozone/hadoop-ozone/integration-test/target/test-dir/MiniOzoneClusterImpl-774acf0e-96fd-4c7a-8fa4-f3d3d576173c/datanode-1/data/ratis] (custom)
2022-07-02 07:20:55,486 [Listener at 127.0.0.1/42659] INFO  server.XceiverServerGrpc (XceiverServerGrpc.java:<init>(132)) - GrpcServer channel type EpollServerSocketChannel
2022-07-02 07:20:55,489 [Listener at 127.0.0.1/42659] INFO  http.BaseHttpServer (BaseHttpServer.java:newHttpServer2BuilderForOzone(209)) - Starting Web-server for hddsDatanode at: http://0.0.0.0:0
2022-07-02 07:20:55,489 [Listener at 127.0.0.1/42659] INFO  http.BaseHttpServer (BaseHttpServer.java:<init>(107)) - Hadoop Security Enabled: false Ozone Security Enabled: false Ozone HTTP Security Enabled: false 
2022-07-02 07:20:55,490 [Listener at 127.0.0.1/42659] INFO  server.AuthenticationFilter (AuthenticationFilter.java:constructSecretProvider(240)) - Unable to initialize FileSignerSecretProvider, falling back to use random secrets.
2022-07-02 07:20:55,491 [Listener at 127.0.0.1/42659] WARN  http.HttpRequestLog (HttpRequestLog.java:getRequestLog(103)) - Jetty request log can only be enabled using Log4j
2022-07-02 07:20:55,492 [Listener at 127.0.0.1/42659] INFO  http.HttpServer2 (HttpServer2.java:addGlobalFilter(1029)) - Added global filter 'safety' (class=org.apache.hadoop.hdds.server.http.HttpServer2$QuotingInputFilter)
2022-07-02 07:20:55,493 [Listener at 127.0.0.1/42659] INFO  http.HttpServer2 (HttpServer2.java:addFilter(1005)) - Added filter static_user_filter (class=org.apache.hadoop.http.lib.StaticUserWebFilter$StaticUserFilter) to context hddsDatanode
2022-07-02 07:20:55,493 [Listener at 127.0.0.1/42659] INFO  http.HttpServer2 (HttpServer2.java:addFilter(1013)) - Added filter static_user_filter (class=org.apache.hadoop.http.lib.StaticUserWebFilter$StaticUserFilter) to context logs
2022-07-02 07:20:55,493 [Listener at 127.0.0.1/42659] INFO  http.HttpServer2 (HttpServer2.java:addFilter(1013)) - Added filter static_user_filter (class=org.apache.hadoop.http.lib.StaticUserWebFilter$StaticUserFilter) to context static
2022-07-02 07:20:55,493 [Listener at 127.0.0.1/42659] INFO  http.HttpServer2 (HttpServer2.java:bindListener(1248)) - Jetty bound to port 39935
2022-07-02 07:20:55,493 [Listener at 127.0.0.1/42659] INFO  server.Server (Server.java:doStart(375)) - jetty-9.4.43.v20210629; built: 2021-06-30T11:07:22.254Z; git: 526006ecfa3af7f1a27ef3a288e2bef7ea9dd7e8; jvm 1.8.0_332-b09
2022-07-02 07:20:55,495 [Listener at 127.0.0.1/42659] INFO  server.session (DefaultSessionIdManager.java:doStart(334)) - DefaultSessionIdManager workerName=node0
2022-07-02 07:20:55,496 [Listener at 127.0.0.1/42659] INFO  server.session (DefaultSessionIdManager.java:doStart(339)) - No SessionScavenger set, using defaults
2022-07-02 07:20:55,496 [Listener at 127.0.0.1/42659] INFO  server.session (HouseKeeper.java:startScavenging(132)) - node0 Scavenging every 660000ms
2022-07-02 07:20:55,497 [Listener at 127.0.0.1/42659] INFO  handler.ContextHandler (ContextHandler.java:doStart(915)) - Started o.e.j.s.ServletContextHandler@3e217bf7{logs,/logs,file:///home/runner/work/ozone/ozone/hadoop-ozone/integration-test/target/log,AVAILABLE}
2022-07-02 07:20:55,497 [Listener at 127.0.0.1/42659] INFO  handler.ContextHandler (ContextHandler.java:doStart(915)) - Started o.e.j.s.ServletContextHandler@306b2912{static,/static,jar:file:/home/runner/.m2/repository/org/apache/ozone/hdds-container-service/1.3.0-SNAPSHOT/hdds-container-service-1.3.0-SNAPSHOT.jar!/webapps/static,AVAILABLE}
2022-07-02 07:20:56,052 [Listener at 127.0.0.1/42659] INFO  handler.ContextHandler (ContextHandler.java:doStart(915)) - Started o.e.j.w.WebAppContext@5d87f67b{hddsDatanode,/,file:///tmp/jetty-0_0_0_0-39935-hdds-container-service-1_3_0-SNAPSHOT_jar-_-any-3646305706119166226/webapp/,AVAILABLE}{jar:file:/home/runner/.m2/repository/org/apache/ozone/hdds-container-service/1.3.0-SNAPSHOT/hdds-container-service-1.3.0-SNAPSHOT.jar!/webapps/hddsDatanode}
2022-07-02 07:20:56,064 [Listener at 127.0.0.1/42659] INFO  server.AbstractConnector (AbstractConnector.java:doStart(331)) - Started ServerConnector@750a6ac3{HTTP/1.1, (http/1.1)}{0.0.0.0:39935}
2022-07-02 07:20:56,064 [Listener at 127.0.0.1/42659] INFO  server.Server (Server.java:doStart(415)) - Started @82674ms
2022-07-02 07:20:56,064 [Listener at 127.0.0.1/42659] WARN  impl.MetricsSystemImpl (MetricsSystemImpl.java:register(279)) - Sink prometheus already exists!
2022-07-02 07:20:56,076 [Listener at 127.0.0.1/42659] INFO  http.BaseHttpServer (BaseHttpServer.java:updateConnectorAddress(329)) - HTTP server of hddsDatanode listening at http://0.0.0.0:39935
2022-07-02 07:20:56,084 [Listener at 127.0.0.1/42659] WARN  impl.MetricRegistriesImpl (MetricRegistriesImpl.java:addReporterRegistration(111)) - New reporters are added after registries were created. Some metrics will be missing from the reporter. Please add reporter before adding any new registry.
2022-07-02 07:20:56,084 [Listener at 127.0.0.1/42659] WARN  impl.MetricRegistriesImpl (MetricRegistriesImpl.java:addReporterRegistration(111)) - New reporters are added after registries were created. Some metrics will be missing from the reporter. Please add reporter before adding any new registry.
2022-07-02 07:20:56,084 [Listener at 127.0.0.1/42659] INFO  impl.MetricsSystemImpl (MetricsSystemImpl.java:init(158)) - HddsDatanode metrics system started (again)
2022-07-02 07:20:56,086 [Datanode State Machine Daemon Thread] INFO  statemachine.DatanodeStateMachine (DatanodeStateMachine.java:lambda$startDaemon$0(492)) - Ozone container server started.
2022-07-02 07:20:56,104 [org.apache.hadoop.util.JvmPauseMonitor$Monitor@65b36d5d] INFO  util.JvmPauseMonitor (JvmPauseMonitor.java:run(188)) - Starting JVM pause monitor
2022-07-02 07:20:56,126 [Datanode State Machine Task Thread - 0] INFO  datanode.InitDatanodeState (InitDatanodeState.java:persistContainerDatanodeDetails(138)) - DatanodeDetails is persisted to /home/runner/work/ozone/ozone/hadoop-ozone/integration-test/target/test-dir/MiniOzoneClusterImpl-774acf0e-96fd-4c7a-8fa4-f3d3d576173c/datanode-1/meta/datanode.id
2022-07-02 07:20:56,135 [Listener at 127.0.0.1/42659] INFO  ozone.HddsDatanodeService (HddsDatanodeService.java:start(236)) - HddsDatanodeService host:fv-az444-838.dthhdds2jluu1c0oa55ndv1hsg.dx.internal.cloudapp.net ip:10.1.0.20
2022-07-02 07:20:56,171 [Listener at 127.0.0.1/42659] INFO  upgrade.AbstractLayoutVersionManager (AbstractLayoutVersionManager.java:init(82)) - Initializing Layout version manager with metadata layout = DATANODE_SCHEMA_V3 (version = 4), software layout = DATANODE_SCHEMA_V3 (version = 4)
2022-07-02 07:20:56,319 [Listener at 127.0.0.1/42659] INFO  reflections.Reflections (Reflections.java:scan(232)) - Reflections took 147 ms to scan 7 urls, producing 132 keys and 317 values 
2022-07-02 07:20:56,320 [Listener at 127.0.0.1/42659] INFO  statemachine.DatanodeStateMachine (DatanodeStateMachine.java:getEndPointTaskThreadPoolSize(237)) - Datanode State Machine Task Thread Pool size 2
2022-07-02 07:20:56,334 [Listener at 127.0.0.1/42659] INFO  volume.HddsVolume (HddsVolume.java:<init>(116)) - Creating HddsVolume: /home/runner/work/ozone/ozone/hadoop-ozone/integration-test/target/test-dir/MiniOzoneClusterImpl-774acf0e-96fd-4c7a-8fa4-f3d3d576173c/datanode-2/data-0/containers/hdds of storage type : DISK capacity : 9223372036854775807
2022-07-02 07:20:56,334 [Listener at 127.0.0.1/42659] INFO  volume.MutableVolumeSet (MutableVolumeSet.java:initializeVolumeSet(174)) - Added Volume : /home/runner/work/ozone/ozone/hadoop-ozone/integration-test/target/test-dir/MiniOzoneClusterImpl-774acf0e-96fd-4c7a-8fa4-f3d3d576173c/datanode-2/data-0/containers/hdds to VolumeSet
2022-07-02 07:20:56,334 [Listener at 127.0.0.1/42659] INFO  volume.ThrottledAsyncChecker (ThrottledAsyncChecker.java:schedule(141)) - Scheduling a check for /home/runner/work/ozone/ozone/hadoop-ozone/integration-test/target/test-dir/MiniOzoneClusterImpl-774acf0e-96fd-4c7a-8fa4-f3d3d576173c/datanode-2/data-0/containers/hdds
2022-07-02 07:20:56,357 [Listener at 127.0.0.1/42659] INFO  volume.StorageVolumeChecker (StorageVolumeChecker.java:checkAllVolumes(202)) - Scheduled health check for volume /home/runner/work/ozone/ozone/hadoop-ozone/integration-test/target/test-dir/MiniOzoneClusterImpl-774acf0e-96fd-4c7a-8fa4-f3d3d576173c/datanode-2/data-0/containers/hdds
2022-07-02 07:20:56,390 [Listener at 127.0.0.1/42659] INFO  volume.MutableVolumeSet (MutableVolumeSet.java:initializeVolumeSet(174)) - Added Volume : /home/runner/work/ozone/ozone/hadoop-ozone/integration-test/target/test-dir/MiniOzoneClusterImpl-774acf0e-96fd-4c7a-8fa4-f3d3d576173c/datanode-2/data/ratis to VolumeSet
2022-07-02 07:20:56,391 [Listener at 127.0.0.1/42659] INFO  volume.ThrottledAsyncChecker (ThrottledAsyncChecker.java:schedule(141)) - Scheduling a check for /home/runner/work/ozone/ozone/hadoop-ozone/integration-test/target/test-dir/MiniOzoneClusterImpl-774acf0e-96fd-4c7a-8fa4-f3d3d576173c/datanode-2/data/ratis
2022-07-02 07:20:56,396 [Listener at 127.0.0.1/42659] INFO  volume.StorageVolumeChecker (StorageVolumeChecker.java:checkAllVolumes(202)) - Scheduled health check for volume /home/runner/work/ozone/ozone/hadoop-ozone/integration-test/target/test-dir/MiniOzoneClusterImpl-774acf0e-96fd-4c7a-8fa4-f3d3d576173c/datanode-2/data/ratis
2022-07-02 07:20:56,449 [Thread-649] INFO  ozoneimpl.ContainerReader (ContainerReader.java:readVolume(172)) - Finish verifying containers on volume /home/runner/work/ozone/ozone/hadoop-ozone/integration-test/target/test-dir/MiniOzoneClusterImpl-774acf0e-96fd-4c7a-8fa4-f3d3d576173c/datanode-2/data-0/containers/hdds
2022-07-02 07:20:56,449 [Listener at 127.0.0.1/42659] INFO  ozoneimpl.OzoneContainer (OzoneContainer.java:buildContainerSet(266)) - Build ContainerSet costs 0s
2022-07-02 07:20:56,477 [Listener at 127.0.0.1/42659] INFO  server.RaftServer (ConfUtils.java:logGet(46)) - raft.rpc.type = GRPC (default)
2022-07-02 07:20:56,478 [Listener at 127.0.0.1/42659] INFO  grpc.GrpcFactory (GrpcFactory.java:checkPooledByteBufAllocatorUseCacheForAllThreads(48)) - PERFORMANCE WARNING: useCacheForAllThreads is true that may cause Netty to create a lot garbage objects and, as a result, trigger GC.
	It is recommended to disable useCacheForAllThreads by setting -Dorg.apache.ratis.thirdparty.io.netty.allocator.useCacheForAllThreads=false in command line.
2022-07-02 07:20:56,478 [Listener at 127.0.0.1/42659] INFO  grpc.GrpcConfigKeys (ConfUtils.java:logGet(46)) - raft.grpc.admin.port = 0 (custom)
2022-07-02 07:20:56,478 [Listener at 127.0.0.1/42659] INFO  grpc.GrpcConfigKeys (ConfUtils.java:logGet(46)) - raft.grpc.client.port = 0 (custom)
2022-07-02 07:20:56,478 [Listener at 127.0.0.1/42659] INFO  grpc.GrpcConfigKeys (ConfUtils.java:logGet(46)) - raft.grpc.server.port = 0 (default)
2022-07-02 07:20:56,478 [Listener at 127.0.0.1/42659] INFO  server.GrpcService (ConfUtils.java:logGet(46)) - raft.grpc.message.size.max = 32MB (=33554432) (custom)
2022-07-02 07:20:56,478 [Listener at 127.0.0.1/42659] INFO  server.RaftServerConfigKeys (ConfUtils.java:logGet(46)) - raft.server.log.appender.buffer.byte-limit = 33554432 (custom)
2022-07-02 07:20:56,489 [Listener at 127.0.0.1/42659] INFO  server.GrpcService (ConfUtils.java:logGet(46)) - raft.grpc.flow.control.window = 5MB (=5242880) (custom)
2022-07-02 07:20:56,489 [Listener at 127.0.0.1/42659] INFO  server.RaftServerConfigKeys (ConfUtils.java:logGet(46)) - raft.server.rpc.request.timeout = 60s (custom)
2022-07-02 07:20:56,489 [Listener at 127.0.0.1/42659] INFO  grpc.GrpcConfigKeys (ConfUtils.java:logGet(46)) - raft.grpc.server.async.request.thread.pool.cached = true (default)
2022-07-02 07:20:56,493 [Listener at 127.0.0.1/42659] INFO  grpc.GrpcConfigKeys (ConfUtils.java:logGet(46)) - raft.grpc.server.async.request.thread.pool.size = 32 (default)
2022-07-02 07:20:56,495 [Listener at 127.0.0.1/42659] INFO  impl.DataStreamServerImpl (ConfUtils.java:logGet(46)) - raft.datastream.type = DISABLED (default)
2022-07-02 07:20:56,495 [Listener at 127.0.0.1/42659] INFO  server.RaftServerConfigKeys (ConfUtils.java:logGet(46)) - raft.server.threadpool.proxy.cached = true (default)
2022-07-02 07:20:56,495 [Listener at 127.0.0.1/42659] INFO  server.RaftServerConfigKeys (ConfUtils.java:logGet(46)) - raft.server.threadpool.proxy.size = 0 (default)
2022-07-02 07:20:56,495 [Listener at 127.0.0.1/42659] INFO  server.RaftServerConfigKeys (ConfUtils.java:logGet(46)) - raft.server.rpc.slowness.timeout = 300s (custom)
2022-07-02 07:20:56,495 [Listener at 127.0.0.1/42659] INFO  server.RaftServerConfigKeys (ConfUtils.java:logGet(46)) - raft.server.leaderelection.leader.step-down.wait-time = 10s (default)
2022-07-02 07:20:56,495 [Listener at 127.0.0.1/42659] INFO  server.RaftServerConfigKeys (ConfUtils.java:logGet(46)) - raft.server.storage.dir = [/home/runner/work/ozone/ozone/hadoop-ozone/integration-test/target/test-dir/MiniOzoneClusterImpl-774acf0e-96fd-4c7a-8fa4-f3d3d576173c/datanode-2/data/ratis] (custom)
2022-07-02 07:20:56,506 [Listener at 127.0.0.1/42659] INFO  server.XceiverServerGrpc (XceiverServerGrpc.java:<init>(132)) - GrpcServer channel type EpollServerSocketChannel
2022-07-02 07:20:56,525 [Listener at 127.0.0.1/42659] INFO  http.BaseHttpServer (BaseHttpServer.java:newHttpServer2BuilderForOzone(209)) - Starting Web-server for hddsDatanode at: http://0.0.0.0:0
2022-07-02 07:20:56,525 [Listener at 127.0.0.1/42659] INFO  http.BaseHttpServer (BaseHttpServer.java:<init>(107)) - Hadoop Security Enabled: false Ozone Security Enabled: false Ozone HTTP Security Enabled: false 
2022-07-02 07:20:56,526 [Listener at 127.0.0.1/42659] INFO  server.AuthenticationFilter (AuthenticationFilter.java:constructSecretProvider(240)) - Unable to initialize FileSignerSecretProvider, falling back to use random secrets.
2022-07-02 07:20:56,528 [Listener at 127.0.0.1/42659] WARN  http.HttpRequestLog (HttpRequestLog.java:getRequestLog(103)) - Jetty request log can only be enabled using Log4j
2022-07-02 07:20:56,530 [Listener at 127.0.0.1/42659] INFO  http.HttpServer2 (HttpServer2.java:addGlobalFilter(1029)) - Added global filter 'safety' (class=org.apache.hadoop.hdds.server.http.HttpServer2$QuotingInputFilter)
2022-07-02 07:20:56,531 [Listener at 127.0.0.1/42659] INFO  http.HttpServer2 (HttpServer2.java:addFilter(1005)) - Added filter static_user_filter (class=org.apache.hadoop.http.lib.StaticUserWebFilter$StaticUserFilter) to context hddsDatanode
2022-07-02 07:20:56,531 [Listener at 127.0.0.1/42659] INFO  http.HttpServer2 (HttpServer2.java:addFilter(1013)) - Added filter static_user_filter (class=org.apache.hadoop.http.lib.StaticUserWebFilter$StaticUserFilter) to context logs
2022-07-02 07:20:56,531 [Listener at 127.0.0.1/42659] INFO  http.HttpServer2 (HttpServer2.java:addFilter(1013)) - Added filter static_user_filter (class=org.apache.hadoop.http.lib.StaticUserWebFilter$StaticUserFilter) to context static
2022-07-02 07:20:56,532 [Listener at 127.0.0.1/42659] INFO  http.HttpServer2 (HttpServer2.java:bindListener(1248)) - Jetty bound to port 34559
2022-07-02 07:20:56,532 [Listener at 127.0.0.1/42659] INFO  server.Server (Server.java:doStart(375)) - jetty-9.4.43.v20210629; built: 2021-06-30T11:07:22.254Z; git: 526006ecfa3af7f1a27ef3a288e2bef7ea9dd7e8; jvm 1.8.0_332-b09
2022-07-02 07:20:56,569 [Listener at 127.0.0.1/42659] INFO  server.session (DefaultSessionIdManager.java:doStart(334)) - DefaultSessionIdManager workerName=node0
2022-07-02 07:20:56,569 [Listener at 127.0.0.1/42659] INFO  server.session (DefaultSessionIdManager.java:doStart(339)) - No SessionScavenger set, using defaults
2022-07-02 07:20:56,570 [Listener at 127.0.0.1/42659] INFO  server.session (HouseKeeper.java:startScavenging(132)) - node0 Scavenging every 600000ms
2022-07-02 07:20:56,570 [Listener at 127.0.0.1/42659] INFO  handler.ContextHandler (ContextHandler.java:doStart(915)) - Started o.e.j.s.ServletContextHandler@402d09dd{logs,/logs,file:///home/runner/work/ozone/ozone/hadoop-ozone/integration-test/target/log,AVAILABLE}
2022-07-02 07:20:56,571 [Listener at 127.0.0.1/42659] INFO  handler.ContextHandler (ContextHandler.java:doStart(915)) - Started o.e.j.s.ServletContextHandler@747a8258{static,/static,jar:file:/home/runner/.m2/repository/org/apache/ozone/hdds-container-service/1.3.0-SNAPSHOT/hdds-container-service-1.3.0-SNAPSHOT.jar!/webapps/static,AVAILABLE}
2022-07-02 07:20:57,109 [Listener at 127.0.0.1/42659] INFO  handler.ContextHandler (ContextHandler.java:doStart(915)) - Started o.e.j.w.WebAppContext@7f25ff1f{hddsDatanode,/,file:///tmp/jetty-0_0_0_0-34559-hdds-container-service-1_3_0-SNAPSHOT_jar-_-any-2519203148041471871/webapp/,AVAILABLE}{jar:file:/home/runner/.m2/repository/org/apache/ozone/hdds-container-service/1.3.0-SNAPSHOT/hdds-container-service-1.3.0-SNAPSHOT.jar!/webapps/hddsDatanode}
2022-07-02 07:20:57,112 [Listener at 127.0.0.1/42659] INFO  server.AbstractConnector (AbstractConnector.java:doStart(331)) - Started ServerConnector@107a9490{HTTP/1.1, (http/1.1)}{0.0.0.0:34559}
2022-07-02 07:20:57,112 [Listener at 127.0.0.1/42659] INFO  server.Server (Server.java:doStart(415)) - Started @83722ms
2022-07-02 07:20:57,113 [Listener at 127.0.0.1/42659] WARN  impl.MetricsSystemImpl (MetricsSystemImpl.java:register(279)) - Sink prometheus already exists!
2022-07-02 07:20:57,113 [Listener at 127.0.0.1/42659] INFO  http.BaseHttpServer (BaseHttpServer.java:updateConnectorAddress(329)) - HTTP server of hddsDatanode listening at http://0.0.0.0:34559
2022-07-02 07:20:57,127 [Listener at 127.0.0.1/42659] WARN  impl.MetricRegistriesImpl (MetricRegistriesImpl.java:addReporterRegistration(111)) - New reporters are added after registries were created. Some metrics will be missing from the reporter. Please add reporter before adding any new registry.
2022-07-02 07:20:57,127 [Listener at 127.0.0.1/42659] WARN  impl.MetricRegistriesImpl (MetricRegistriesImpl.java:addReporterRegistration(111)) - New reporters are added after registries were created. Some metrics will be missing from the reporter. Please add reporter before adding any new registry.
2022-07-02 07:20:57,127 [Listener at 127.0.0.1/42659] INFO  impl.MetricsSystemImpl (MetricsSystemImpl.java:init(158)) - HddsDatanode metrics system started (again)
2022-07-02 07:20:57,140 [Datanode State Machine Daemon Thread] INFO  statemachine.DatanodeStateMachine (DatanodeStateMachine.java:lambda$startDaemon$0(492)) - Ozone container server started.
2022-07-02 07:20:57,180 [org.apache.hadoop.util.JvmPauseMonitor$Monitor@5bedeb21] INFO  util.JvmPauseMonitor (JvmPauseMonitor.java:run(188)) - Starting JVM pause monitor
2022-07-02 07:20:57,183 [Datanode State Machine Task Thread - 0] INFO  datanode.InitDatanodeState (InitDatanodeState.java:persistContainerDatanodeDetails(138)) - DatanodeDetails is persisted to /home/runner/work/ozone/ozone/hadoop-ozone/integration-test/target/test-dir/MiniOzoneClusterImpl-774acf0e-96fd-4c7a-8fa4-f3d3d576173c/datanode-2/meta/datanode.id
2022-07-02 07:20:57,183 [Listener at 127.0.0.1/42659] INFO  ozone.HddsDatanodeService (HddsDatanodeService.java:start(236)) - HddsDatanodeService host:fv-az444-838.dthhdds2jluu1c0oa55ndv1hsg.dx.internal.cloudapp.net ip:10.1.0.20
2022-07-02 07:20:57,278 [Listener at 127.0.0.1/42659] INFO  upgrade.AbstractLayoutVersionManager (AbstractLayoutVersionManager.java:init(82)) - Initializing Layout version manager with metadata layout = DATANODE_SCHEMA_V3 (version = 4), software layout = DATANODE_SCHEMA_V3 (version = 4)
2022-07-02 07:20:57,397 [Listener at 127.0.0.1/42659] INFO  reflections.Reflections (Reflections.java:scan(232)) - Reflections took 118 ms to scan 7 urls, producing 132 keys and 317 values 
2022-07-02 07:20:57,399 [Listener at 127.0.0.1/42659] INFO  statemachine.DatanodeStateMachine (DatanodeStateMachine.java:getEndPointTaskThreadPoolSize(237)) - Datanode State Machine Task Thread Pool size 2
2022-07-02 07:20:57,400 [EndpointStateMachine task thread for /0.0.0.0:39029 - 0 ] INFO  volume.HddsVolume (HddsVolume.java:createDbStore(309)) - SchemaV3 db is created and loaded at /home/runner/work/ozone/ozone/hadoop-ozone/integration-test/target/test-dir/MiniOzoneClusterImpl-774acf0e-96fd-4c7a-8fa4-f3d3d576173c/datanode-0/data-0/containers/hdds/774acf0e-96fd-4c7a-8fa4-f3d3d576173c/DS-8b164a10-649c-4642-9cad-1e3a28c6d34d/container.db for volume DS-8b164a10-649c-4642-9cad-1e3a28c6d34d
2022-07-02 07:20:57,425 [EndpointStateMachine task thread for /0.0.0.0:39029 - 0 ] INFO  volume.HddsVolume (HddsVolume.java:closeDbStore(340)) - SchemaV3 db is stopped at /home/runner/work/ozone/ozone/hadoop-ozone/integration-test/target/test-dir/MiniOzoneClusterImpl-774acf0e-96fd-4c7a-8fa4-f3d3d576173c/datanode-0/data-0/containers/hdds/774acf0e-96fd-4c7a-8fa4-f3d3d576173c/DS-8b164a10-649c-4642-9cad-1e3a28c6d34d/container.db for volume DS-8b164a10-649c-4642-9cad-1e3a28c6d34d
2022-07-02 07:20:57,425 [EndpointStateMachine task thread for /0.0.0.0:39029 - 0 ] INFO  ozoneimpl.OzoneContainer (OzoneContainer.java:start(344)) - Attempting to start container services.
2022-07-02 07:20:57,425 [EndpointStateMachine task thread for /0.0.0.0:39029 - 0 ] INFO  ozoneimpl.OzoneContainer (OzoneContainer.java:startContainerScrub(279)) - Background container scanner has been disabled.
2022-07-02 07:20:57,445 [Listener at 127.0.0.1/42659] INFO  volume.HddsVolume (HddsVolume.java:<init>(116)) - Creating HddsVolume: /home/runner/work/ozone/ozone/hadoop-ozone/integration-test/target/test-dir/MiniOzoneClusterImpl-774acf0e-96fd-4c7a-8fa4-f3d3d576173c/datanode-3/data-0/containers/hdds of storage type : DISK capacity : 9223372036854775807
2022-07-02 07:20:57,445 [Listener at 127.0.0.1/42659] INFO  volume.MutableVolumeSet (MutableVolumeSet.java:initializeVolumeSet(174)) - Added Volume : /home/runner/work/ozone/ozone/hadoop-ozone/integration-test/target/test-dir/MiniOzoneClusterImpl-774acf0e-96fd-4c7a-8fa4-f3d3d576173c/datanode-3/data-0/containers/hdds to VolumeSet
2022-07-02 07:20:57,445 [Listener at 127.0.0.1/42659] INFO  volume.ThrottledAsyncChecker (ThrottledAsyncChecker.java:schedule(141)) - Scheduling a check for /home/runner/work/ozone/ozone/hadoop-ozone/integration-test/target/test-dir/MiniOzoneClusterImpl-774acf0e-96fd-4c7a-8fa4-f3d3d576173c/datanode-3/data-0/containers/hdds
2022-07-02 07:20:57,472 [Listener at 127.0.0.1/42659] INFO  volume.StorageVolumeChecker (StorageVolumeChecker.java:checkAllVolumes(202)) - Scheduled health check for volume /home/runner/work/ozone/ozone/hadoop-ozone/integration-test/target/test-dir/MiniOzoneClusterImpl-774acf0e-96fd-4c7a-8fa4-f3d3d576173c/datanode-3/data-0/containers/hdds
2022-07-02 07:20:57,485 [EndpointStateMachine task thread for /0.0.0.0:39029 - 0 ] INFO  replication.ReplicationServer (ReplicationServer.java:start(111)) - ReplicationServer is started using port 37741
2022-07-02 07:20:57,485 [EndpointStateMachine task thread for /0.0.0.0:39029 - 0 ] INFO  ratis.XceiverServerRatis (XceiverServerRatis.java:start(481)) - Starting XceiverServerRatis 1b8544ae-5af5-4df4-b279-24215a24e61f
2022-07-02 07:20:57,486 [EndpointStateMachine task thread for /0.0.0.0:39029 - 0 ] INFO  server.RaftServer (RaftServerProxy.java:lambda$start$6(382)) - 1b8544ae-5af5-4df4-b279-24215a24e61f: start RPC server
2022-07-02 07:20:57,539 [Listener at 127.0.0.1/42659] INFO  volume.MutableVolumeSet (MutableVolumeSet.java:initializeVolumeSet(174)) - Added Volume : /home/runner/work/ozone/ozone/hadoop-ozone/integration-test/target/test-dir/MiniOzoneClusterImpl-774acf0e-96fd-4c7a-8fa4-f3d3d576173c/datanode-3/data/ratis to VolumeSet
2022-07-02 07:20:57,539 [Listener at 127.0.0.1/42659] INFO  volume.ThrottledAsyncChecker (ThrottledAsyncChecker.java:schedule(141)) - Scheduling a check for /home/runner/work/ozone/ozone/hadoop-ozone/integration-test/target/test-dir/MiniOzoneClusterImpl-774acf0e-96fd-4c7a-8fa4-f3d3d576173c/datanode-3/data/ratis
2022-07-02 07:20:57,539 [Listener at 127.0.0.1/42659] INFO  volume.StorageVolumeChecker (StorageVolumeChecker.java:checkAllVolumes(202)) - Scheduled health check for volume /home/runner/work/ozone/ozone/hadoop-ozone/integration-test/target/test-dir/MiniOzoneClusterImpl-774acf0e-96fd-4c7a-8fa4-f3d3d576173c/datanode-3/data/ratis
2022-07-02 07:20:57,592 [EndpointStateMachine task thread for /0.0.0.0:39029 - 0 ] INFO  server.GrpcService (GrpcService.java:startImpl(260)) - 1b8544ae-5af5-4df4-b279-24215a24e61f: GrpcService started, listening on 40747
2022-07-02 07:20:57,600 [EndpointStateMachine task thread for /0.0.0.0:39029 - 0 ] INFO  ratis.XceiverServerRatis (XceiverServerRatis.java:getRealPort(502)) - XceiverServerRatis 1b8544ae-5af5-4df4-b279-24215a24e61f is started using port 40747 for RATIS
2022-07-02 07:20:57,600 [EndpointStateMachine task thread for /0.0.0.0:39029 - 0 ] INFO  ratis.XceiverServerRatis (XceiverServerRatis.java:getRealPort(502)) - XceiverServerRatis 1b8544ae-5af5-4df4-b279-24215a24e61f is started using port 40747 for RATIS_ADMIN
2022-07-02 07:20:57,600 [EndpointStateMachine task thread for /0.0.0.0:39029 - 0 ] INFO  ratis.XceiverServerRatis (XceiverServerRatis.java:getRealPort(502)) - XceiverServerRatis 1b8544ae-5af5-4df4-b279-24215a24e61f is started using port 40747 for RATIS_SERVER
2022-07-02 07:20:57,601 [org.apache.ratis.util.JvmPauseMonitor$$Lambda$611/1072797734@26fbc983] INFO  util.JvmPauseMonitor (JvmPauseMonitor.java:run(103)) - JvmPauseMonitor-1b8544ae-5af5-4df4-b279-24215a24e61f: Started
2022-07-02 07:20:57,641 [EndpointStateMachine task thread for /0.0.0.0:39029 - 0 ] INFO  server.XceiverServerGrpc (XceiverServerGrpc.java:start(180)) - XceiverServerGrpc 1b8544ae-5af5-4df4-b279-24215a24e61f is started using port 43095
2022-07-02 07:20:57,663 [Thread-665] INFO  ozoneimpl.ContainerReader (ContainerReader.java:readVolume(172)) - Finish verifying containers on volume /home/runner/work/ozone/ozone/hadoop-ozone/integration-test/target/test-dir/MiniOzoneClusterImpl-774acf0e-96fd-4c7a-8fa4-f3d3d576173c/datanode-3/data-0/containers/hdds
2022-07-02 07:20:57,668 [Listener at 127.0.0.1/42659] INFO  ozoneimpl.OzoneContainer (OzoneContainer.java:buildContainerSet(266)) - Build ContainerSet costs 0s
2022-07-02 07:20:57,670 [Listener at 127.0.0.1/42659] INFO  server.RaftServer (ConfUtils.java:logGet(46)) - raft.rpc.type = GRPC (default)
2022-07-02 07:20:57,671 [Listener at 127.0.0.1/42659] INFO  grpc.GrpcFactory (GrpcFactory.java:checkPooledByteBufAllocatorUseCacheForAllThreads(48)) - PERFORMANCE WARNING: useCacheForAllThreads is true that may cause Netty to create a lot garbage objects and, as a result, trigger GC.
	It is recommended to disable useCacheForAllThreads by setting -Dorg.apache.ratis.thirdparty.io.netty.allocator.useCacheForAllThreads=false in command line.
2022-07-02 07:20:57,671 [Listener at 127.0.0.1/42659] INFO  grpc.GrpcConfigKeys (ConfUtils.java:logGet(46)) - raft.grpc.admin.port = 0 (custom)
2022-07-02 07:20:57,671 [Listener at 127.0.0.1/42659] INFO  grpc.GrpcConfigKeys (ConfUtils.java:logGet(46)) - raft.grpc.client.port = 0 (custom)
2022-07-02 07:20:57,671 [Listener at 127.0.0.1/42659] INFO  grpc.GrpcConfigKeys (ConfUtils.java:logGet(46)) - raft.grpc.server.port = 0 (default)
2022-07-02 07:20:57,671 [Listener at 127.0.0.1/42659] INFO  server.GrpcService (ConfUtils.java:logGet(46)) - raft.grpc.message.size.max = 32MB (=33554432) (custom)
2022-07-02 07:20:57,671 [Listener at 127.0.0.1/42659] INFO  server.RaftServerConfigKeys (ConfUtils.java:logGet(46)) - raft.server.log.appender.buffer.byte-limit = 33554432 (custom)
2022-07-02 07:20:57,671 [Listener at 127.0.0.1/42659] INFO  server.GrpcService (ConfUtils.java:logGet(46)) - raft.grpc.flow.control.window = 5MB (=5242880) (custom)
2022-07-02 07:20:57,671 [Listener at 127.0.0.1/42659] INFO  server.RaftServerConfigKeys (ConfUtils.java:logGet(46)) - raft.server.rpc.request.timeout = 60s (custom)
2022-07-02 07:20:57,672 [Listener at 127.0.0.1/42659] INFO  grpc.GrpcConfigKeys (ConfUtils.java:logGet(46)) - raft.grpc.server.async.request.thread.pool.cached = true (default)
2022-07-02 07:20:57,672 [Listener at 127.0.0.1/42659] INFO  grpc.GrpcConfigKeys (ConfUtils.java:logGet(46)) - raft.grpc.server.async.request.thread.pool.size = 32 (default)
2022-07-02 07:20:57,677 [Listener at 127.0.0.1/42659] INFO  impl.DataStreamServerImpl (ConfUtils.java:logGet(46)) - raft.datastream.type = DISABLED (default)
2022-07-02 07:20:57,677 [Listener at 127.0.0.1/42659] INFO  server.RaftServerConfigKeys (ConfUtils.java:logGet(46)) - raft.server.threadpool.proxy.cached = true (default)
2022-07-02 07:20:57,677 [Listener at 127.0.0.1/42659] INFO  server.RaftServerConfigKeys (ConfUtils.java:logGet(46)) - raft.server.threadpool.proxy.size = 0 (default)
2022-07-02 07:20:57,677 [Listener at 127.0.0.1/42659] INFO  server.RaftServerConfigKeys (ConfUtils.java:logGet(46)) - raft.server.rpc.slowness.timeout = 300s (custom)
2022-07-02 07:20:57,678 [Listener at 127.0.0.1/42659] INFO  server.RaftServerConfigKeys (ConfUtils.java:logGet(46)) - raft.server.leaderelection.leader.step-down.wait-time = 10s (default)
2022-07-02 07:20:57,678 [Listener at 127.0.0.1/42659] INFO  server.RaftServerConfigKeys (ConfUtils.java:logGet(46)) - raft.server.storage.dir = [/home/runner/work/ozone/ozone/hadoop-ozone/integration-test/target/test-dir/MiniOzoneClusterImpl-774acf0e-96fd-4c7a-8fa4-f3d3d576173c/datanode-3/data/ratis] (custom)
2022-07-02 07:20:57,693 [Listener at 127.0.0.1/42659] INFO  server.XceiverServerGrpc (XceiverServerGrpc.java:<init>(132)) - GrpcServer channel type EpollServerSocketChannel
2022-07-02 07:20:57,705 [Listener at 127.0.0.1/42659] INFO  http.BaseHttpServer (BaseHttpServer.java:newHttpServer2BuilderForOzone(209)) - Starting Web-server for hddsDatanode at: http://0.0.0.0:0
2022-07-02 07:20:57,705 [Listener at 127.0.0.1/42659] INFO  http.BaseHttpServer (BaseHttpServer.java:<init>(107)) - Hadoop Security Enabled: false Ozone Security Enabled: false Ozone HTTP Security Enabled: false 
2022-07-02 07:20:57,706 [Listener at 127.0.0.1/42659] INFO  server.AuthenticationFilter (AuthenticationFilter.java:constructSecretProvider(240)) - Unable to initialize FileSignerSecretProvider, falling back to use random secrets.
2022-07-02 07:20:57,718 [Listener at 127.0.0.1/42659] WARN  http.HttpRequestLog (HttpRequestLog.java:getRequestLog(103)) - Jetty request log can only be enabled using Log4j
2022-07-02 07:20:57,719 [Listener at 127.0.0.1/42659] INFO  http.HttpServer2 (HttpServer2.java:addGlobalFilter(1029)) - Added global filter 'safety' (class=org.apache.hadoop.hdds.server.http.HttpServer2$QuotingInputFilter)
2022-07-02 07:20:57,720 [Listener at 127.0.0.1/42659] INFO  http.HttpServer2 (HttpServer2.java:addFilter(1005)) - Added filter static_user_filter (class=org.apache.hadoop.http.lib.StaticUserWebFilter$StaticUserFilter) to context hddsDatanode
2022-07-02 07:20:57,722 [Listener at 127.0.0.1/42659] INFO  http.HttpServer2 (HttpServer2.java:addFilter(1013)) - Added filter static_user_filter (class=org.apache.hadoop.http.lib.StaticUserWebFilter$StaticUserFilter) to context static
2022-07-02 07:20:57,722 [Listener at 127.0.0.1/42659] INFO  http.HttpServer2 (HttpServer2.java:addFilter(1013)) - Added filter static_user_filter (class=org.apache.hadoop.http.lib.StaticUserWebFilter$StaticUserFilter) to context logs
2022-07-02 07:20:57,723 [Listener at 127.0.0.1/42659] INFO  http.HttpServer2 (HttpServer2.java:bindListener(1248)) - Jetty bound to port 34905
2022-07-02 07:20:57,723 [Listener at 127.0.0.1/42659] INFO  server.Server (Server.java:doStart(375)) - jetty-9.4.43.v20210629; built: 2021-06-30T11:07:22.254Z; git: 526006ecfa3af7f1a27ef3a288e2bef7ea9dd7e8; jvm 1.8.0_332-b09
2022-07-02 07:20:57,810 [Listener at 127.0.0.1/42659] INFO  server.session (DefaultSessionIdManager.java:doStart(334)) - DefaultSessionIdManager workerName=node0
2022-07-02 07:20:57,811 [Listener at 127.0.0.1/42659] INFO  server.session (DefaultSessionIdManager.java:doStart(339)) - No SessionScavenger set, using defaults
2022-07-02 07:20:57,811 [Listener at 127.0.0.1/42659] INFO  server.session (HouseKeeper.java:startScavenging(132)) - node0 Scavenging every 600000ms
2022-07-02 07:20:57,820 [Listener at 127.0.0.1/42659] INFO  handler.ContextHandler (ContextHandler.java:doStart(915)) - Started o.e.j.s.ServletContextHandler@64664211{logs,/logs,file:///home/runner/work/ozone/ozone/hadoop-ozone/integration-test/target/log,AVAILABLE}
2022-07-02 07:20:57,821 [Listener at 127.0.0.1/42659] INFO  handler.ContextHandler (ContextHandler.java:doStart(915)) - Started o.e.j.s.ServletContextHandler@658a2b99{static,/static,jar:file:/home/runner/.m2/repository/org/apache/ozone/hdds-container-service/1.3.0-SNAPSHOT/hdds-container-service-1.3.0-SNAPSHOT.jar!/webapps/static,AVAILABLE}
2022-07-02 07:20:58,205 [EndpointStateMachine task thread for /0.0.0.0:39029 - 0 ] INFO  volume.HddsVolume (HddsVolume.java:createDbStore(309)) - SchemaV3 db is created and loaded at /home/runner/work/ozone/ozone/hadoop-ozone/integration-test/target/test-dir/MiniOzoneClusterImpl-774acf0e-96fd-4c7a-8fa4-f3d3d576173c/datanode-1/data-0/containers/hdds/774acf0e-96fd-4c7a-8fa4-f3d3d576173c/DS-fdbd3115-c2ad-427d-8b04-63a60085a1e3/container.db for volume DS-fdbd3115-c2ad-427d-8b04-63a60085a1e3
2022-07-02 07:20:58,209 [EndpointStateMachine task thread for /0.0.0.0:39029 - 0 ] INFO  volume.HddsVolume (HddsVolume.java:closeDbStore(340)) - SchemaV3 db is stopped at /home/runner/work/ozone/ozone/hadoop-ozone/integration-test/target/test-dir/MiniOzoneClusterImpl-774acf0e-96fd-4c7a-8fa4-f3d3d576173c/datanode-1/data-0/containers/hdds/774acf0e-96fd-4c7a-8fa4-f3d3d576173c/DS-fdbd3115-c2ad-427d-8b04-63a60085a1e3/container.db for volume DS-fdbd3115-c2ad-427d-8b04-63a60085a1e3
2022-07-02 07:20:58,209 [EndpointStateMachine task thread for /0.0.0.0:39029 - 0 ] INFO  ozoneimpl.OzoneContainer (OzoneContainer.java:start(344)) - Attempting to start container services.
2022-07-02 07:20:58,209 [EndpointStateMachine task thread for /0.0.0.0:39029 - 0 ] INFO  ozoneimpl.OzoneContainer (OzoneContainer.java:startContainerScrub(279)) - Background container scanner has been disabled.
2022-07-02 07:20:58,236 [EndpointStateMachine task thread for /0.0.0.0:39029 - 0 ] INFO  replication.ReplicationServer (ReplicationServer.java:start(111)) - ReplicationServer is started using port 33153
2022-07-02 07:20:58,240 [EndpointStateMachine task thread for /0.0.0.0:39029 - 0 ] INFO  ratis.XceiverServerRatis (XceiverServerRatis.java:start(481)) - Starting XceiverServerRatis cfe57530-fe42-4aeb-89ca-3dd0b37fa566
2022-07-02 07:20:58,264 [EndpointStateMachine task thread for /0.0.0.0:39029 - 0 ] INFO  server.RaftServer (RaftServerProxy.java:lambda$start$6(382)) - cfe57530-fe42-4aeb-89ca-3dd0b37fa566: start RPC server
2022-07-02 07:20:58,291 [EndpointStateMachine task thread for /0.0.0.0:39029 - 0 ] INFO  server.GrpcService (GrpcService.java:startImpl(260)) - cfe57530-fe42-4aeb-89ca-3dd0b37fa566: GrpcService started, listening on 46557
2022-07-02 07:20:58,292 [EndpointStateMachine task thread for /0.0.0.0:39029 - 0 ] INFO  ratis.XceiverServerRatis (XceiverServerRatis.java:getRealPort(502)) - XceiverServerRatis cfe57530-fe42-4aeb-89ca-3dd0b37fa566 is started using port 46557 for RATIS
2022-07-02 07:20:58,292 [EndpointStateMachine task thread for /0.0.0.0:39029 - 0 ] INFO  ratis.XceiverServerRatis (XceiverServerRatis.java:getRealPort(502)) - XceiverServerRatis cfe57530-fe42-4aeb-89ca-3dd0b37fa566 is started using port 46557 for RATIS_ADMIN
2022-07-02 07:20:58,292 [EndpointStateMachine task thread for /0.0.0.0:39029 - 0 ] INFO  ratis.XceiverServerRatis (XceiverServerRatis.java:getRealPort(502)) - XceiverServerRatis cfe57530-fe42-4aeb-89ca-3dd0b37fa566 is started using port 46557 for RATIS_SERVER
2022-07-02 07:20:58,292 [org.apache.ratis.util.JvmPauseMonitor$$Lambda$611/1072797734@65df1bf6] INFO  util.JvmPauseMonitor (JvmPauseMonitor.java:run(103)) - JvmPauseMonitor-cfe57530-fe42-4aeb-89ca-3dd0b37fa566: Started
2022-07-02 07:20:58,312 [EndpointStateMachine task thread for /0.0.0.0:39029 - 0 ] INFO  server.XceiverServerGrpc (XceiverServerGrpc.java:start(180)) - XceiverServerGrpc cfe57530-fe42-4aeb-89ca-3dd0b37fa566 is started using port 39487
2022-07-02 07:20:58,440 [Listener at 127.0.0.1/42659] INFO  handler.ContextHandler (ContextHandler.java:doStart(915)) - Started o.e.j.w.WebAppContext@7ca80b3d{hddsDatanode,/,file:///tmp/jetty-0_0_0_0-34905-hdds-container-service-1_3_0-SNAPSHOT_jar-_-any-7444014148408935864/webapp/,AVAILABLE}{jar:file:/home/runner/.m2/repository/org/apache/ozone/hdds-container-service/1.3.0-SNAPSHOT/hdds-container-service-1.3.0-SNAPSHOT.jar!/webapps/hddsDatanode}
2022-07-02 07:20:58,460 [Listener at 127.0.0.1/42659] INFO  server.AbstractConnector (AbstractConnector.java:doStart(331)) - Started ServerConnector@5140f549{HTTP/1.1, (http/1.1)}{0.0.0.0:34905}
2022-07-02 07:20:58,460 [Listener at 127.0.0.1/42659] INFO  server.Server (Server.java:doStart(415)) - Started @85070ms
2022-07-02 07:20:58,461 [Listener at 127.0.0.1/42659] WARN  impl.MetricsSystemImpl (MetricsSystemImpl.java:register(279)) - Sink prometheus already exists!
2022-07-02 07:20:58,473 [Listener at 127.0.0.1/42659] INFO  http.BaseHttpServer (BaseHttpServer.java:updateConnectorAddress(329)) - HTTP server of hddsDatanode listening at http://0.0.0.0:34905
2022-07-02 07:20:58,477 [Datanode State Machine Daemon Thread] INFO  statemachine.DatanodeStateMachine (DatanodeStateMachine.java:lambda$startDaemon$0(492)) - Ozone container server started.
2022-07-02 07:20:58,477 [Listener at 127.0.0.1/42659] WARN  impl.MetricRegistriesImpl (MetricRegistriesImpl.java:addReporterRegistration(111)) - New reporters are added after registries were created. Some metrics will be missing from the reporter. Please add reporter before adding any new registry.
2022-07-02 07:20:58,488 [Listener at 127.0.0.1/42659] WARN  impl.MetricRegistriesImpl (MetricRegistriesImpl.java:addReporterRegistration(111)) - New reporters are added after registries were created. Some metrics will be missing from the reporter. Please add reporter before adding any new registry.
2022-07-02 07:20:58,488 [Listener at 127.0.0.1/42659] INFO  impl.MetricsSystemImpl (MetricsSystemImpl.java:init(158)) - HddsDatanode metrics system started (again)
2022-07-02 07:20:58,533 [Listener at 127.0.0.1/42659] INFO  ozone.HddsDatanodeService (HddsDatanodeService.java:start(236)) - HddsDatanodeService host:fv-az444-838.dthhdds2jluu1c0oa55ndv1hsg.dx.internal.cloudapp.net ip:10.1.0.20
2022-07-02 07:20:58,584 [org.apache.hadoop.util.JvmPauseMonitor$Monitor@9726055] INFO  util.JvmPauseMonitor (JvmPauseMonitor.java:run(188)) - Starting JVM pause monitor
2022-07-02 07:20:58,590 [Datanode State Machine Task Thread - 0] INFO  datanode.InitDatanodeState (InitDatanodeState.java:persistContainerDatanodeDetails(138)) - DatanodeDetails is persisted to /home/runner/work/ozone/ozone/hadoop-ozone/integration-test/target/test-dir/MiniOzoneClusterImpl-774acf0e-96fd-4c7a-8fa4-f3d3d576173c/datanode-3/meta/datanode.id
2022-07-02 07:20:58,603 [Listener at 127.0.0.1/42659] INFO  upgrade.AbstractLayoutVersionManager (AbstractLayoutVersionManager.java:init(82)) - Initializing Layout version manager with metadata layout = DATANODE_SCHEMA_V3 (version = 4), software layout = DATANODE_SCHEMA_V3 (version = 4)
2022-07-02 07:20:58,780 [Listener at 127.0.0.1/42659] INFO  reflections.Reflections (Reflections.java:scan(232)) - Reflections took 175 ms to scan 7 urls, producing 132 keys and 317 values 
2022-07-02 07:20:58,782 [Listener at 127.0.0.1/42659] INFO  statemachine.DatanodeStateMachine (DatanodeStateMachine.java:getEndPointTaskThreadPoolSize(237)) - Datanode State Machine Task Thread Pool size 2
2022-07-02 07:20:58,789 [Listener at 127.0.0.1/42659] INFO  volume.HddsVolume (HddsVolume.java:<init>(116)) - Creating HddsVolume: /home/runner/work/ozone/ozone/hadoop-ozone/integration-test/target/test-dir/MiniOzoneClusterImpl-774acf0e-96fd-4c7a-8fa4-f3d3d576173c/datanode-4/data-0/containers/hdds of storage type : DISK capacity : 9223372036854775807
2022-07-02 07:20:58,789 [Listener at 127.0.0.1/42659] INFO  volume.MutableVolumeSet (MutableVolumeSet.java:initializeVolumeSet(174)) - Added Volume : /home/runner/work/ozone/ozone/hadoop-ozone/integration-test/target/test-dir/MiniOzoneClusterImpl-774acf0e-96fd-4c7a-8fa4-f3d3d576173c/datanode-4/data-0/containers/hdds to VolumeSet
2022-07-02 07:20:58,789 [Listener at 127.0.0.1/42659] INFO  volume.ThrottledAsyncChecker (ThrottledAsyncChecker.java:schedule(141)) - Scheduling a check for /home/runner/work/ozone/ozone/hadoop-ozone/integration-test/target/test-dir/MiniOzoneClusterImpl-774acf0e-96fd-4c7a-8fa4-f3d3d576173c/datanode-4/data-0/containers/hdds
2022-07-02 07:20:58,799 [Listener at 127.0.0.1/42659] INFO  volume.StorageVolumeChecker (StorageVolumeChecker.java:checkAllVolumes(202)) - Scheduled health check for volume /home/runner/work/ozone/ozone/hadoop-ozone/integration-test/target/test-dir/MiniOzoneClusterImpl-774acf0e-96fd-4c7a-8fa4-f3d3d576173c/datanode-4/data-0/containers/hdds
2022-07-02 07:20:58,841 [Listener at 127.0.0.1/42659] INFO  volume.MutableVolumeSet (MutableVolumeSet.java:initializeVolumeSet(174)) - Added Volume : /home/runner/work/ozone/ozone/hadoop-ozone/integration-test/target/test-dir/MiniOzoneClusterImpl-774acf0e-96fd-4c7a-8fa4-f3d3d576173c/datanode-4/data/ratis to VolumeSet
2022-07-02 07:20:58,841 [Listener at 127.0.0.1/42659] INFO  volume.ThrottledAsyncChecker (ThrottledAsyncChecker.java:schedule(141)) - Scheduling a check for /home/runner/work/ozone/ozone/hadoop-ozone/integration-test/target/test-dir/MiniOzoneClusterImpl-774acf0e-96fd-4c7a-8fa4-f3d3d576173c/datanode-4/data/ratis
2022-07-02 07:20:58,848 [Listener at 127.0.0.1/42659] INFO  volume.StorageVolumeChecker (StorageVolumeChecker.java:checkAllVolumes(202)) - Scheduled health check for volume /home/runner/work/ozone/ozone/hadoop-ozone/integration-test/target/test-dir/MiniOzoneClusterImpl-774acf0e-96fd-4c7a-8fa4-f3d3d576173c/datanode-4/data/ratis
2022-07-02 07:20:58,874 [Thread-682] INFO  ozoneimpl.ContainerReader (ContainerReader.java:readVolume(172)) - Finish verifying containers on volume /home/runner/work/ozone/ozone/hadoop-ozone/integration-test/target/test-dir/MiniOzoneClusterImpl-774acf0e-96fd-4c7a-8fa4-f3d3d576173c/datanode-4/data-0/containers/hdds
2022-07-02 07:20:58,874 [Listener at 127.0.0.1/42659] INFO  ozoneimpl.OzoneContainer (OzoneContainer.java:buildContainerSet(266)) - Build ContainerSet costs 0s
2022-07-02 07:20:58,876 [Listener at 127.0.0.1/42659] INFO  server.RaftServer (ConfUtils.java:logGet(46)) - raft.rpc.type = GRPC (default)
2022-07-02 07:20:58,876 [Listener at 127.0.0.1/42659] INFO  grpc.GrpcFactory (GrpcFactory.java:checkPooledByteBufAllocatorUseCacheForAllThreads(48)) - PERFORMANCE WARNING: useCacheForAllThreads is true that may cause Netty to create a lot garbage objects and, as a result, trigger GC.
	It is recommended to disable useCacheForAllThreads by setting -Dorg.apache.ratis.thirdparty.io.netty.allocator.useCacheForAllThreads=false in command line.
2022-07-02 07:20:58,877 [Listener at 127.0.0.1/42659] INFO  grpc.GrpcConfigKeys (ConfUtils.java:logGet(46)) - raft.grpc.admin.port = 0 (custom)
2022-07-02 07:20:58,877 [Listener at 127.0.0.1/42659] INFO  grpc.GrpcConfigKeys (ConfUtils.java:logGet(46)) - raft.grpc.client.port = 0 (custom)
2022-07-02 07:20:58,877 [Listener at 127.0.0.1/42659] INFO  grpc.GrpcConfigKeys (ConfUtils.java:logGet(46)) - raft.grpc.server.port = 0 (default)
2022-07-02 07:20:58,877 [Listener at 127.0.0.1/42659] INFO  server.GrpcService (ConfUtils.java:logGet(46)) - raft.grpc.message.size.max = 32MB (=33554432) (custom)
2022-07-02 07:20:58,877 [Listener at 127.0.0.1/42659] INFO  server.RaftServerConfigKeys (ConfUtils.java:logGet(46)) - raft.server.log.appender.buffer.byte-limit = 33554432 (custom)
2022-07-02 07:20:58,877 [Listener at 127.0.0.1/42659] INFO  server.GrpcService (ConfUtils.java:logGet(46)) - raft.grpc.flow.control.window = 5MB (=5242880) (custom)
2022-07-02 07:20:58,877 [Listener at 127.0.0.1/42659] INFO  server.RaftServerConfigKeys (ConfUtils.java:logGet(46)) - raft.server.rpc.request.timeout = 60s (custom)
2022-07-02 07:20:58,877 [Listener at 127.0.0.1/42659] INFO  grpc.GrpcConfigKeys (ConfUtils.java:logGet(46)) - raft.grpc.server.async.request.thread.pool.cached = true (default)
2022-07-02 07:20:58,877 [Listener at 127.0.0.1/42659] INFO  grpc.GrpcConfigKeys (ConfUtils.java:logGet(46)) - raft.grpc.server.async.request.thread.pool.size = 32 (default)
2022-07-02 07:20:58,879 [Listener at 127.0.0.1/42659] INFO  impl.DataStreamServerImpl (ConfUtils.java:logGet(46)) - raft.datastream.type = DISABLED (default)
2022-07-02 07:20:58,879 [Listener at 127.0.0.1/42659] INFO  server.RaftServerConfigKeys (ConfUtils.java:logGet(46)) - raft.server.threadpool.proxy.cached = true (default)
2022-07-02 07:20:58,879 [Listener at 127.0.0.1/42659] INFO  server.RaftServerConfigKeys (ConfUtils.java:logGet(46)) - raft.server.threadpool.proxy.size = 0 (default)
2022-07-02 07:20:58,879 [Listener at 127.0.0.1/42659] INFO  server.RaftServerConfigKeys (ConfUtils.java:logGet(46)) - raft.server.rpc.slowness.timeout = 300s (custom)
2022-07-02 07:20:58,879 [Listener at 127.0.0.1/42659] INFO  server.RaftServerConfigKeys (ConfUtils.java:logGet(46)) - raft.server.leaderelection.leader.step-down.wait-time = 10s (default)
2022-07-02 07:20:58,879 [Listener at 127.0.0.1/42659] INFO  server.RaftServerConfigKeys (ConfUtils.java:logGet(46)) - raft.server.storage.dir = [/home/runner/work/ozone/ozone/hadoop-ozone/integration-test/target/test-dir/MiniOzoneClusterImpl-774acf0e-96fd-4c7a-8fa4-f3d3d576173c/datanode-4/data/ratis] (custom)
2022-07-02 07:20:58,898 [Listener at 127.0.0.1/42659] INFO  server.XceiverServerGrpc (XceiverServerGrpc.java:<init>(132)) - GrpcServer channel type EpollServerSocketChannel
2022-07-02 07:20:58,905 [Listener at 127.0.0.1/42659] INFO  http.BaseHttpServer (BaseHttpServer.java:newHttpServer2BuilderForOzone(209)) - Starting Web-server for hddsDatanode at: http://0.0.0.0:0
2022-07-02 07:20:58,905 [Listener at 127.0.0.1/42659] INFO  http.BaseHttpServer (BaseHttpServer.java:<init>(107)) - Hadoop Security Enabled: false Ozone Security Enabled: false Ozone HTTP Security Enabled: false 
2022-07-02 07:20:58,906 [Listener at 127.0.0.1/42659] INFO  server.AuthenticationFilter (AuthenticationFilter.java:constructSecretProvider(240)) - Unable to initialize FileSignerSecretProvider, falling back to use random secrets.
2022-07-02 07:20:58,908 [Listener at 127.0.0.1/42659] WARN  http.HttpRequestLog (HttpRequestLog.java:getRequestLog(103)) - Jetty request log can only be enabled using Log4j
2022-07-02 07:20:58,910 [Listener at 127.0.0.1/42659] INFO  http.HttpServer2 (HttpServer2.java:addGlobalFilter(1029)) - Added global filter 'safety' (class=org.apache.hadoop.hdds.server.http.HttpServer2$QuotingInputFilter)
2022-07-02 07:20:58,911 [Listener at 127.0.0.1/42659] INFO  http.HttpServer2 (HttpServer2.java:addFilter(1005)) - Added filter static_user_filter (class=org.apache.hadoop.http.lib.StaticUserWebFilter$StaticUserFilter) to context hddsDatanode
2022-07-02 07:20:58,911 [Listener at 127.0.0.1/42659] INFO  http.HttpServer2 (HttpServer2.java:addFilter(1013)) - Added filter static_user_filter (class=org.apache.hadoop.http.lib.StaticUserWebFilter$StaticUserFilter) to context logs
2022-07-02 07:20:58,911 [Listener at 127.0.0.1/42659] INFO  http.HttpServer2 (HttpServer2.java:addFilter(1013)) - Added filter static_user_filter (class=org.apache.hadoop.http.lib.StaticUserWebFilter$StaticUserFilter) to context static
2022-07-02 07:20:58,912 [Listener at 127.0.0.1/42659] INFO  http.HttpServer2 (HttpServer2.java:bindListener(1248)) - Jetty bound to port 43617
2022-07-02 07:20:58,913 [Listener at 127.0.0.1/42659] INFO  server.Server (Server.java:doStart(375)) - jetty-9.4.43.v20210629; built: 2021-06-30T11:07:22.254Z; git: 526006ecfa3af7f1a27ef3a288e2bef7ea9dd7e8; jvm 1.8.0_332-b09
2022-07-02 07:20:58,961 [Listener at 127.0.0.1/42659] INFO  server.session (DefaultSessionIdManager.java:doStart(334)) - DefaultSessionIdManager workerName=node0
2022-07-02 07:20:58,961 [Listener at 127.0.0.1/42659] INFO  server.session (DefaultSessionIdManager.java:doStart(339)) - No SessionScavenger set, using defaults
2022-07-02 07:20:58,961 [Listener at 127.0.0.1/42659] INFO  server.session (HouseKeeper.java:startScavenging(132)) - node0 Scavenging every 600000ms
2022-07-02 07:20:58,962 [Listener at 127.0.0.1/42659] INFO  handler.ContextHandler (ContextHandler.java:doStart(915)) - Started o.e.j.s.ServletContextHandler@41d3bff{logs,/logs,file:///home/runner/work/ozone/ozone/hadoop-ozone/integration-test/target/log,AVAILABLE}
2022-07-02 07:20:58,962 [Listener at 127.0.0.1/42659] INFO  handler.ContextHandler (ContextHandler.java:doStart(915)) - Started o.e.j.s.ServletContextHandler@100b3bf3{static,/static,jar:file:/home/runner/.m2/repository/org/apache/ozone/hdds-container-service/1.3.0-SNAPSHOT/hdds-container-service-1.3.0-SNAPSHOT.jar!/webapps/static,AVAILABLE}
2022-07-02 07:20:59,238 [IPC Server handler 5 on default port 39029] INFO  net.NetworkTopologyImpl (NetworkTopologyImpl.java:add(112)) - Added a new node: /default-rack/1b8544ae-5af5-4df4-b279-24215a24e61f
2022-07-02 07:20:59,238 [IPC Server handler 5 on default port 39029] INFO  node.SCMNodeManager (SCMNodeManager.java:register(397)) - Registered Data node : 1b8544ae-5af5-4df4-b279-24215a24e61f{ip: 10.1.0.20, host: fv-az444-838.dthhdds2jluu1c0oa55ndv1hsg.dx.internal.cloudapp.net, ports: [REPLICATION=37741, RATIS=40747, RATIS_ADMIN=40747, RATIS_SERVER=40747, STANDALONE=43095], networkLocation: /default-rack, certSerialId: null, persistedOpState: null, persistedOpStateExpiryEpochSec: 0}
2022-07-02 07:20:59,254 [EventQueue-NewNodeForNewNodeHandler] INFO  pipeline.BackgroundPipelineCreator (BackgroundPipelineCreator.java:notifyEventTriggered(275)) - trigger a one-shot run on RatisPipelineUtilsThread.
2022-07-02 07:20:59,255 [RatisPipelineUtilsThread - 0] INFO  pipeline.RatisPipelineProvider (RatisPipelineProvider.java:lambda$create$0(195)) - Sending CreatePipelineCommand for pipeline:PipelineID=db87c324-6eb2-49f2-876d-fa31170e5d09 to datanode:1b8544ae-5af5-4df4-b279-24215a24e61f
2022-07-02 07:20:59,284 [EndpointStateMachine task thread for /0.0.0.0:39029 - 0 ] INFO  volume.HddsVolume (HddsVolume.java:createDbStore(309)) - SchemaV3 db is created and loaded at /home/runner/work/ozone/ozone/hadoop-ozone/integration-test/target/test-dir/MiniOzoneClusterImpl-774acf0e-96fd-4c7a-8fa4-f3d3d576173c/datanode-2/data-0/containers/hdds/774acf0e-96fd-4c7a-8fa4-f3d3d576173c/DS-9abdb027-edfb-4dd1-89b8-688d3da71602/container.db for volume DS-9abdb027-edfb-4dd1-89b8-688d3da71602
2022-07-02 07:20:59,285 [EventQueue-NodeRegistrationContainerReportForDataNodeSafeModeRule] INFO  safemode.SCMSafeModeManager (DataNodeSafeModeRule.java:process(71)) - SCM in safe mode. 1 DataNodes registered, 3 required.
2022-07-02 07:20:59,292 [EventQueue-NodeRegistrationContainerReportForContainerSafeModeRule] INFO  safemode.SCMSafeModeManager (SCMSafeModeManager.java:validateSafeModeExitRules(204)) - ContainerSafeModeRule rule is successfully validated
2022-07-02 07:20:59,305 [EndpointStateMachine task thread for /0.0.0.0:39029 - 0 ] INFO  volume.HddsVolume (HddsVolume.java:closeDbStore(340)) - SchemaV3 db is stopped at /home/runner/work/ozone/ozone/hadoop-ozone/integration-test/target/test-dir/MiniOzoneClusterImpl-774acf0e-96fd-4c7a-8fa4-f3d3d576173c/datanode-2/data-0/containers/hdds/774acf0e-96fd-4c7a-8fa4-f3d3d576173c/DS-9abdb027-edfb-4dd1-89b8-688d3da71602/container.db for volume DS-9abdb027-edfb-4dd1-89b8-688d3da71602
2022-07-02 07:20:59,305 [EndpointStateMachine task thread for /0.0.0.0:39029 - 0 ] INFO  ozoneimpl.OzoneContainer (OzoneContainer.java:start(344)) - Attempting to start container services.
2022-07-02 07:20:59,306 [EndpointStateMachine task thread for /0.0.0.0:39029 - 0 ] INFO  ozoneimpl.OzoneContainer (OzoneContainer.java:startContainerScrub(279)) - Background container scanner has been disabled.
2022-07-02 07:20:59,337 [EventQueue-PipelineReportForOneReplicaPipelineSafeModeRule] INFO  safemode.SCMSafeModeManager (SCMSafeModeManager.java:validateSafeModeExitRules(204)) - AtleastOneDatanodeReportedRule rule is successfully validated
2022-07-02 07:20:59,348 [RatisPipelineUtilsThread - 0] INFO  pipeline.PipelineStateManagerImpl (PipelineStateManagerImpl.java:addPipeline(101)) - Created pipeline Pipeline[ Id: db87c324-6eb2-49f2-876d-fa31170e5d09, Nodes: 1b8544ae-5af5-4df4-b279-24215a24e61f{ip: 10.1.0.20, host: fv-az444-838.dthhdds2jluu1c0oa55ndv1hsg.dx.internal.cloudapp.net, ports: [REPLICATION=37741, RATIS=40747, RATIS_ADMIN=40747, RATIS_SERVER=40747, STANDALONE=43095], networkLocation: /default-rack, certSerialId: null, persistedOpState: IN_SERVICE, persistedOpStateExpiryEpochSec: 0}, ReplicationConfig: RATIS/ONE, State:ALLOCATED, leaderId:, CreationTimestamp2022-07-02T07:20:59.255Z[Etc/UTC]].
2022-07-02 07:20:59,355 [EndpointStateMachine task thread for /0.0.0.0:39029 - 0 ] INFO  replication.ReplicationServer (ReplicationServer.java:start(111)) - ReplicationServer is started using port 40609
2022-07-02 07:20:59,356 [EndpointStateMachine task thread for /0.0.0.0:39029 - 0 ] INFO  ratis.XceiverServerRatis (XceiverServerRatis.java:start(481)) - Starting XceiverServerRatis c9a01eed-2c14-4142-866b-b2e3b10906a9
2022-07-02 07:20:59,364 [EndpointStateMachine task thread for /0.0.0.0:39029 - 0 ] INFO  server.RaftServer (RaftServerProxy.java:lambda$start$6(382)) - c9a01eed-2c14-4142-866b-b2e3b10906a9: start RPC server
2022-07-02 07:20:59,392 [EndpointStateMachine task thread for /0.0.0.0:39029 - 0 ] INFO  server.GrpcService (GrpcService.java:startImpl(260)) - c9a01eed-2c14-4142-866b-b2e3b10906a9: GrpcService started, listening on 44461
2022-07-02 07:20:59,397 [EndpointStateMachine task thread for /0.0.0.0:39029 - 0 ] INFO  ratis.XceiverServerRatis (XceiverServerRatis.java:getRealPort(502)) - XceiverServerRatis c9a01eed-2c14-4142-866b-b2e3b10906a9 is started using port 44461 for RATIS
2022-07-02 07:20:59,397 [EndpointStateMachine task thread for /0.0.0.0:39029 - 0 ] INFO  ratis.XceiverServerRatis (XceiverServerRatis.java:getRealPort(502)) - XceiverServerRatis c9a01eed-2c14-4142-866b-b2e3b10906a9 is started using port 44461 for RATIS_ADMIN
2022-07-02 07:20:59,397 [EndpointStateMachine task thread for /0.0.0.0:39029 - 0 ] INFO  ratis.XceiverServerRatis (XceiverServerRatis.java:getRealPort(502)) - XceiverServerRatis c9a01eed-2c14-4142-866b-b2e3b10906a9 is started using port 44461 for RATIS_SERVER
2022-07-02 07:20:59,398 [org.apache.ratis.util.JvmPauseMonitor$$Lambda$611/1072797734@62adb843] INFO  util.JvmPauseMonitor (JvmPauseMonitor.java:run(103)) - JvmPauseMonitor-c9a01eed-2c14-4142-866b-b2e3b10906a9: Started
2022-07-02 07:20:59,459 [EndpointStateMachine task thread for /0.0.0.0:39029 - 0 ] INFO  server.XceiverServerGrpc (XceiverServerGrpc.java:start(180)) - XceiverServerGrpc c9a01eed-2c14-4142-866b-b2e3b10906a9 is started using port 41307
2022-07-02 07:20:59,580 [Listener at 127.0.0.1/42659] INFO  handler.ContextHandler (ContextHandler.java:doStart(915)) - Started o.e.j.w.WebAppContext@4dce4fa{hddsDatanode,/,file:///tmp/jetty-0_0_0_0-43617-hdds-container-service-1_3_0-SNAPSHOT_jar-_-any-6710206631443547463/webapp/,AVAILABLE}{jar:file:/home/runner/.m2/repository/org/apache/ozone/hdds-container-service/1.3.0-SNAPSHOT/hdds-container-service-1.3.0-SNAPSHOT.jar!/webapps/hddsDatanode}
2022-07-02 07:20:59,582 [Listener at 127.0.0.1/42659] INFO  server.AbstractConnector (AbstractConnector.java:doStart(331)) - Started ServerConnector@159e840a{HTTP/1.1, (http/1.1)}{0.0.0.0:43617}
2022-07-02 07:20:59,582 [Listener at 127.0.0.1/42659] INFO  server.Server (Server.java:doStart(415)) - Started @86192ms
2022-07-02 07:20:59,582 [Listener at 127.0.0.1/42659] WARN  impl.MetricsSystemImpl (MetricsSystemImpl.java:register(279)) - Sink prometheus already exists!
2022-07-02 07:20:59,583 [Listener at 127.0.0.1/42659] INFO  http.BaseHttpServer (BaseHttpServer.java:updateConnectorAddress(329)) - HTTP server of hddsDatanode listening at http://0.0.0.0:43617
2022-07-02 07:20:59,584 [Listener at 127.0.0.1/42659] INFO  ozone.MiniOzoneClusterImpl (MiniOzoneClusterImpl.java:lambda$waitForClusterToBeReady$0(223)) - Waiting for nodes to be ready. Got 1 of 5 DN Heartbeats.
2022-07-02 07:20:59,584 [Listener at 127.0.0.1/42659] INFO  ozone.MiniOzoneClusterImpl (MiniOzoneClusterImpl.java:lambda$waitForClusterToBeReady$0(226)) - Waiting for cluster to exit safe mode
2022-07-02 07:20:59,584 [Listener at 127.0.0.1/42659] INFO  ozone.MiniOzoneClusterImpl (MiniOzoneClusterImpl.java:lambda$waitForClusterToBeReady$0(228)) - SCM became leader
2022-07-02 07:20:59,594 [Datanode State Machine Daemon Thread] INFO  statemachine.DatanodeStateMachine (DatanodeStateMachine.java:lambda$startDaemon$0(492)) - Ozone container server started.
2022-07-02 07:20:59,697 [org.apache.hadoop.util.JvmPauseMonitor$Monitor@55826c65] INFO  util.JvmPauseMonitor (JvmPauseMonitor.java:run(188)) - Starting JVM pause monitor
2022-07-02 07:20:59,710 [Datanode State Machine Task Thread - 0] INFO  datanode.InitDatanodeState (InitDatanodeState.java:persistContainerDatanodeDetails(138)) - DatanodeDetails is persisted to /home/runner/work/ozone/ozone/hadoop-ozone/integration-test/target/test-dir/MiniOzoneClusterImpl-774acf0e-96fd-4c7a-8fa4-f3d3d576173c/datanode-4/meta/datanode.id
2022-07-02 07:21:00,107 [IPC Server handler 6 on default port 39029] INFO  net.NetworkTopologyImpl (NetworkTopologyImpl.java:add(112)) - Added a new node: /default-rack/cfe57530-fe42-4aeb-89ca-3dd0b37fa566
2022-07-02 07:21:00,107 [IPC Server handler 6 on default port 39029] INFO  node.SCMNodeManager (SCMNodeManager.java:register(397)) - Registered Data node : cfe57530-fe42-4aeb-89ca-3dd0b37fa566{ip: 10.1.0.20, host: fv-az444-838.dthhdds2jluu1c0oa55ndv1hsg.dx.internal.cloudapp.net, ports: [REPLICATION=33153, RATIS=46557, RATIS_ADMIN=46557, RATIS_SERVER=46557, STANDALONE=39487], networkLocation: /default-rack, certSerialId: null, persistedOpState: null, persistedOpStateExpiryEpochSec: 0}
2022-07-02 07:21:00,107 [EventQueue-NewNodeForNewNodeHandler] INFO  pipeline.BackgroundPipelineCreator (BackgroundPipelineCreator.java:notifyEventTriggered(275)) - trigger a one-shot run on RatisPipelineUtilsThread.
2022-07-02 07:21:00,123 [EventQueue-NodeRegistrationContainerReportForDataNodeSafeModeRule] INFO  safemode.SCMSafeModeManager (DataNodeSafeModeRule.java:process(71)) - SCM in safe mode. 2 DataNodes registered, 3 required.
2022-07-02 07:21:00,123 [RatisPipelineUtilsThread - 0] INFO  pipeline.RatisPipelineProvider (RatisPipelineProvider.java:lambda$create$0(195)) - Sending CreatePipelineCommand for pipeline:PipelineID=41de7f73-245c-4779-8e16-c894c06a4185 to datanode:cfe57530-fe42-4aeb-89ca-3dd0b37fa566
2022-07-02 07:21:00,124 [RatisPipelineUtilsThread - 0] INFO  pipeline.PipelineStateManagerImpl (PipelineStateManagerImpl.java:addPipeline(101)) - Created pipeline Pipeline[ Id: 41de7f73-245c-4779-8e16-c894c06a4185, Nodes: cfe57530-fe42-4aeb-89ca-3dd0b37fa566{ip: 10.1.0.20, host: fv-az444-838.dthhdds2jluu1c0oa55ndv1hsg.dx.internal.cloudapp.net, ports: [REPLICATION=33153, RATIS=46557, RATIS_ADMIN=46557, RATIS_SERVER=46557, STANDALONE=39487], networkLocation: /default-rack, certSerialId: null, persistedOpState: IN_SERVICE, persistedOpStateExpiryEpochSec: 0}, ReplicationConfig: RATIS/ONE, State:ALLOCATED, leaderId:, CreationTimestamp2022-07-02T07:21:00.123Z[Etc/UTC]].
2022-07-02 07:21:00,585 [Listener at 127.0.0.1/42659] INFO  ozone.MiniOzoneClusterImpl (MiniOzoneClusterImpl.java:lambda$waitForClusterToBeReady$0(223)) - Waiting for nodes to be ready. Got 2 of 5 DN Heartbeats.
2022-07-02 07:21:00,585 [Listener at 127.0.0.1/42659] INFO  ozone.MiniOzoneClusterImpl (MiniOzoneClusterImpl.java:lambda$waitForClusterToBeReady$0(226)) - Waiting for cluster to exit safe mode
2022-07-02 07:21:00,585 [Listener at 127.0.0.1/42659] INFO  ozone.MiniOzoneClusterImpl (MiniOzoneClusterImpl.java:lambda$waitForClusterToBeReady$0(228)) - SCM became leader
2022-07-02 07:21:00,688 [EndpointStateMachine task thread for /0.0.0.0:39029 - 0 ] INFO  volume.HddsVolume (HddsVolume.java:createDbStore(309)) - SchemaV3 db is created and loaded at /home/runner/work/ozone/ozone/hadoop-ozone/integration-test/target/test-dir/MiniOzoneClusterImpl-774acf0e-96fd-4c7a-8fa4-f3d3d576173c/datanode-3/data-0/containers/hdds/774acf0e-96fd-4c7a-8fa4-f3d3d576173c/DS-6f196ab5-58ac-4bf3-8197-49cb7c423473/container.db for volume DS-6f196ab5-58ac-4bf3-8197-49cb7c423473
2022-07-02 07:21:00,689 [EndpointStateMachine task thread for /0.0.0.0:39029 - 0 ] INFO  volume.HddsVolume (HddsVolume.java:closeDbStore(340)) - SchemaV3 db is stopped at /home/runner/work/ozone/ozone/hadoop-ozone/integration-test/target/test-dir/MiniOzoneClusterImpl-774acf0e-96fd-4c7a-8fa4-f3d3d576173c/datanode-3/data-0/containers/hdds/774acf0e-96fd-4c7a-8fa4-f3d3d576173c/DS-6f196ab5-58ac-4bf3-8197-49cb7c423473/container.db for volume DS-6f196ab5-58ac-4bf3-8197-49cb7c423473
2022-07-02 07:21:00,689 [EndpointStateMachine task thread for /0.0.0.0:39029 - 0 ] INFO  ozoneimpl.OzoneContainer (OzoneContainer.java:start(344)) - Attempting to start container services.
2022-07-02 07:21:00,689 [EndpointStateMachine task thread for /0.0.0.0:39029 - 0 ] INFO  ozoneimpl.OzoneContainer (OzoneContainer.java:startContainerScrub(279)) - Background container scanner has been disabled.
2022-07-02 07:21:00,704 [EndpointStateMachine task thread for /0.0.0.0:39029 - 0 ] INFO  replication.ReplicationServer (ReplicationServer.java:start(111)) - ReplicationServer is started using port 34551
2022-07-02 07:21:00,706 [EndpointStateMachine task thread for /0.0.0.0:39029 - 0 ] INFO  ratis.XceiverServerRatis (XceiverServerRatis.java:start(481)) - Starting XceiverServerRatis 9e85b174-a55c-4b71-8ba9-5ac009f49f1a
2022-07-02 07:21:00,732 [EndpointStateMachine task thread for /0.0.0.0:39029 - 0 ] INFO  server.RaftServer (RaftServerProxy.java:lambda$start$6(382)) - 9e85b174-a55c-4b71-8ba9-5ac009f49f1a: start RPC server
2022-07-02 07:21:00,742 [EndpointStateMachine task thread for /0.0.0.0:39029 - 0 ] INFO  server.GrpcService (GrpcService.java:startImpl(260)) - 9e85b174-a55c-4b71-8ba9-5ac009f49f1a: GrpcService started, listening on 41643
2022-07-02 07:21:00,742 [EndpointStateMachine task thread for /0.0.0.0:39029 - 0 ] INFO  ratis.XceiverServerRatis (XceiverServerRatis.java:getRealPort(502)) - XceiverServerRatis 9e85b174-a55c-4b71-8ba9-5ac009f49f1a is started using port 41643 for RATIS
2022-07-02 07:21:00,742 [EndpointStateMachine task thread for /0.0.0.0:39029 - 0 ] INFO  ratis.XceiverServerRatis (XceiverServerRatis.java:getRealPort(502)) - XceiverServerRatis 9e85b174-a55c-4b71-8ba9-5ac009f49f1a is started using port 41643 for RATIS_ADMIN
2022-07-02 07:21:00,742 [EndpointStateMachine task thread for /0.0.0.0:39029 - 0 ] INFO  ratis.XceiverServerRatis (XceiverServerRatis.java:getRealPort(502)) - XceiverServerRatis 9e85b174-a55c-4b71-8ba9-5ac009f49f1a is started using port 41643 for RATIS_SERVER
2022-07-02 07:21:00,743 [org.apache.ratis.util.JvmPauseMonitor$$Lambda$611/1072797734@23d4d1b0] INFO  util.JvmPauseMonitor (JvmPauseMonitor.java:run(103)) - JvmPauseMonitor-9e85b174-a55c-4b71-8ba9-5ac009f49f1a: Started
2022-07-02 07:21:00,758 [EndpointStateMachine task thread for /0.0.0.0:39029 - 0 ] INFO  server.XceiverServerGrpc (XceiverServerGrpc.java:start(180)) - XceiverServerGrpc 9e85b174-a55c-4b71-8ba9-5ac009f49f1a is started using port 40693
2022-07-02 07:21:01,153 [IPC Server handler 7 on default port 39029] INFO  net.NetworkTopologyImpl (NetworkTopologyImpl.java:add(112)) - Added a new node: /default-rack/c9a01eed-2c14-4142-866b-b2e3b10906a9
2022-07-02 07:21:01,154 [IPC Server handler 7 on default port 39029] INFO  node.SCMNodeManager (SCMNodeManager.java:register(397)) - Registered Data node : c9a01eed-2c14-4142-866b-b2e3b10906a9{ip: 10.1.0.20, host: fv-az444-838.dthhdds2jluu1c0oa55ndv1hsg.dx.internal.cloudapp.net, ports: [REPLICATION=40609, RATIS=44461, RATIS_ADMIN=44461, RATIS_SERVER=44461, STANDALONE=41307], networkLocation: /default-rack, certSerialId: null, persistedOpState: null, persistedOpStateExpiryEpochSec: 0}
2022-07-02 07:21:01,154 [EventQueue-NewNodeForNewNodeHandler] INFO  pipeline.BackgroundPipelineCreator (BackgroundPipelineCreator.java:notifyEventTriggered(275)) - trigger a one-shot run on RatisPipelineUtilsThread.
2022-07-02 07:21:01,155 [RatisPipelineUtilsThread - 0] INFO  pipeline.RatisPipelineProvider (RatisPipelineProvider.java:lambda$create$0(195)) - Sending CreatePipelineCommand for pipeline:PipelineID=aa884d5f-22f4-49f1-8ff6-e9b07a439104 to datanode:c9a01eed-2c14-4142-866b-b2e3b10906a9
2022-07-02 07:21:01,155 [EventQueue-NodeRegistrationContainerReportForDataNodeSafeModeRule] INFO  safemode.SCMSafeModeManager (DataNodeSafeModeRule.java:process(71)) - SCM in safe mode. 3 DataNodes registered, 3 required.
2022-07-02 07:21:01,155 [EventQueue-NodeRegistrationContainerReportForDataNodeSafeModeRule] INFO  safemode.SCMSafeModeManager (SCMSafeModeManager.java:validateSafeModeExitRules(204)) - DataNodeSafeModeRule rule is successfully validated
2022-07-02 07:21:01,155 [EventQueue-NodeRegistrationContainerReportForDataNodeSafeModeRule] INFO  safemode.SCMSafeModeManager (SCMSafeModeManager.java:completePreCheck(233)) - All SCM safe mode pre check rules have passed
2022-07-02 07:21:01,155 [EventQueue-NodeRegistrationContainerReportForDataNodeSafeModeRule] WARN  events.EventQueue (EventQueue.java:fireEvent(216)) - No event handler registered for event TypedEvent{payloadType=SafeModeStatus, name='Safe mode status'}
2022-07-02 07:21:01,155 [EventQueue-NodeRegistrationContainerReportForDataNodeSafeModeRule] INFO  ha.SCMContext (SCMContext.java:updateSafeModeStatus(228)) - Update SafeModeStatus from SafeModeStatus{safeModeStatus=true, preCheckPassed=false} to SafeModeStatus{safeModeStatus=true, preCheckPassed=true}.
2022-07-02 07:21:01,155 [EventQueue-NodeRegistrationContainerReportForDataNodeSafeModeRule] INFO  pipeline.BackgroundPipelineCreator (BackgroundPipelineCreator.java:notifyEventTriggered(275)) - trigger a one-shot run on RatisPipelineUtilsThread.
2022-07-02 07:21:01,155 [RatisPipelineUtilsThread - 0] INFO  pipeline.PipelineStateManagerImpl (PipelineStateManagerImpl.java:addPipeline(101)) - Created pipeline Pipeline[ Id: aa884d5f-22f4-49f1-8ff6-e9b07a439104, Nodes: c9a01eed-2c14-4142-866b-b2e3b10906a9{ip: 10.1.0.20, host: fv-az444-838.dthhdds2jluu1c0oa55ndv1hsg.dx.internal.cloudapp.net, ports: [REPLICATION=40609, RATIS=44461, RATIS_ADMIN=44461, RATIS_SERVER=44461, STANDALONE=41307], networkLocation: /default-rack, certSerialId: null, persistedOpState: IN_SERVICE, persistedOpStateExpiryEpochSec: 0}, ReplicationConfig: RATIS/ONE, State:ALLOCATED, leaderId:, CreationTimestamp2022-07-02T07:21:01.155Z[Etc/UTC]].
2022-07-02 07:21:01,163 [RatisPipelineUtilsThread - 0] INFO  pipeline.RatisPipelineProvider (RatisPipelineProvider.java:lambda$create$0(195)) - Sending CreatePipelineCommand for pipeline:PipelineID=27530ee2-d46e-4259-908b-246c4d1b62e2 to datanode:1b8544ae-5af5-4df4-b279-24215a24e61f
2022-07-02 07:21:01,163 [RatisPipelineUtilsThread - 0] INFO  pipeline.RatisPipelineProvider (RatisPipelineProvider.java:lambda$create$0(195)) - Sending CreatePipelineCommand for pipeline:PipelineID=27530ee2-d46e-4259-908b-246c4d1b62e2 to datanode:cfe57530-fe42-4aeb-89ca-3dd0b37fa566
2022-07-02 07:21:01,163 [RatisPipelineUtilsThread - 0] INFO  pipeline.RatisPipelineProvider (RatisPipelineProvider.java:lambda$create$0(195)) - Sending CreatePipelineCommand for pipeline:PipelineID=27530ee2-d46e-4259-908b-246c4d1b62e2 to datanode:c9a01eed-2c14-4142-866b-b2e3b10906a9
2022-07-02 07:21:01,164 [RatisPipelineUtilsThread - 0] INFO  pipeline.PipelineStateManagerImpl (PipelineStateManagerImpl.java:addPipeline(101)) - Created pipeline Pipeline[ Id: 27530ee2-d46e-4259-908b-246c4d1b62e2, Nodes: 1b8544ae-5af5-4df4-b279-24215a24e61f{ip: 10.1.0.20, host: fv-az444-838.dthhdds2jluu1c0oa55ndv1hsg.dx.internal.cloudapp.net, ports: [REPLICATION=37741, RATIS=40747, RATIS_ADMIN=40747, RATIS_SERVER=40747, STANDALONE=43095], networkLocation: /default-rack, certSerialId: null, persistedOpState: IN_SERVICE, persistedOpStateExpiryEpochSec: 0}cfe57530-fe42-4aeb-89ca-3dd0b37fa566{ip: 10.1.0.20, host: fv-az444-838.dthhdds2jluu1c0oa55ndv1hsg.dx.internal.cloudapp.net, ports: [REPLICATION=33153, RATIS=46557, RATIS_ADMIN=46557, RATIS_SERVER=46557, STANDALONE=39487], networkLocation: /default-rack, certSerialId: null, persistedOpState: IN_SERVICE, persistedOpStateExpiryEpochSec: 0}c9a01eed-2c14-4142-866b-b2e3b10906a9{ip: 10.1.0.20, host: fv-az444-838.dthhdds2jluu1c0oa55ndv1hsg.dx.internal.cloudapp.net, ports: [REPLICATION=40609, RATIS=44461, RATIS_ADMIN=44461, RATIS_SERVER=44461, STANDALONE=41307], networkLocation: /default-rack, certSerialId: null, persistedOpState: IN_SERVICE, persistedOpStateExpiryEpochSec: 0}, ReplicationConfig: RATIS/THREE, State:ALLOCATED, leaderId:, CreationTimestamp2022-07-02T07:21:01.163Z[Etc/UTC]].
2022-07-02 07:21:01,165 [RatisPipelineUtilsThread - 0] INFO  pipeline.RatisPipelineProvider (RatisPipelineProvider.java:lambda$create$0(195)) - Sending CreatePipelineCommand for pipeline:PipelineID=e65cfd6b-fe88-429d-b234-b48ea2b5e0c5 to datanode:c9a01eed-2c14-4142-866b-b2e3b10906a9
2022-07-02 07:21:01,166 [RatisPipelineUtilsThread - 0] INFO  pipeline.RatisPipelineProvider (RatisPipelineProvider.java:lambda$create$0(195)) - Sending CreatePipelineCommand for pipeline:PipelineID=e65cfd6b-fe88-429d-b234-b48ea2b5e0c5 to datanode:1b8544ae-5af5-4df4-b279-24215a24e61f
2022-07-02 07:21:01,166 [RatisPipelineUtilsThread - 0] INFO  pipeline.RatisPipelineProvider (RatisPipelineProvider.java:lambda$create$0(195)) - Sending CreatePipelineCommand for pipeline:PipelineID=e65cfd6b-fe88-429d-b234-b48ea2b5e0c5 to datanode:cfe57530-fe42-4aeb-89ca-3dd0b37fa566
2022-07-02 07:21:01,167 [RatisPipelineUtilsThread - 0] INFO  pipeline.PipelineStateManagerImpl (PipelineStateManagerImpl.java:addPipeline(101)) - Created pipeline Pipeline[ Id: e65cfd6b-fe88-429d-b234-b48ea2b5e0c5, Nodes: c9a01eed-2c14-4142-866b-b2e3b10906a9{ip: 10.1.0.20, host: fv-az444-838.dthhdds2jluu1c0oa55ndv1hsg.dx.internal.cloudapp.net, ports: [REPLICATION=40609, RATIS=44461, RATIS_ADMIN=44461, RATIS_SERVER=44461, STANDALONE=41307], networkLocation: /default-rack, certSerialId: null, persistedOpState: IN_SERVICE, persistedOpStateExpiryEpochSec: 0}1b8544ae-5af5-4df4-b279-24215a24e61f{ip: 10.1.0.20, host: fv-az444-838.dthhdds2jluu1c0oa55ndv1hsg.dx.internal.cloudapp.net, ports: [REPLICATION=37741, RATIS=40747, RATIS_ADMIN=40747, RATIS_SERVER=40747, STANDALONE=43095], networkLocation: /default-rack, certSerialId: null, persistedOpState: IN_SERVICE, persistedOpStateExpiryEpochSec: 0}cfe57530-fe42-4aeb-89ca-3dd0b37fa566{ip: 10.1.0.20, host: fv-az444-838.dthhdds2jluu1c0oa55ndv1hsg.dx.internal.cloudapp.net, ports: [REPLICATION=33153, RATIS=46557, RATIS_ADMIN=46557, RATIS_SERVER=46557, STANDALONE=39487], networkLocation: /default-rack, certSerialId: null, persistedOpState: IN_SERVICE, persistedOpStateExpiryEpochSec: 0}, ReplicationConfig: RATIS/THREE, State:ALLOCATED, leaderId:, CreationTimestamp2022-07-02T07:21:01.165Z[Etc/UTC]].
2022-07-02 07:21:01,167 [RatisPipelineUtilsThread - 0] INFO  pipeline.PipelineManagerImpl (PipelineManagerImpl.java:recordMetricsForPipeline(780)) - Pipeline: PipelineID=e65cfd6b-fe88-429d-b234-b48ea2b5e0c5 contains same datanodes as previous pipelines: PipelineID=27530ee2-d46e-4259-908b-246c4d1b62e2 nodeIds: c9a01eed-2c14-4142-866b-b2e3b10906a9, 1b8544ae-5af5-4df4-b279-24215a24e61f, cfe57530-fe42-4aeb-89ca-3dd0b37fa566
2022-07-02 07:21:01,585 [Listener at 127.0.0.1/42659] INFO  ozone.MiniOzoneClusterImpl (MiniOzoneClusterImpl.java:lambda$waitForClusterToBeReady$0(223)) - Waiting for nodes to be ready. Got 3 of 5 DN Heartbeats.
2022-07-02 07:21:01,585 [Listener at 127.0.0.1/42659] INFO  ozone.MiniOzoneClusterImpl (MiniOzoneClusterImpl.java:lambda$waitForClusterToBeReady$0(226)) - Waiting for cluster to exit safe mode
2022-07-02 07:21:01,586 [Listener at 127.0.0.1/42659] INFO  ozone.MiniOzoneClusterImpl (MiniOzoneClusterImpl.java:lambda$waitForClusterToBeReady$0(228)) - SCM became leader
2022-07-02 07:21:01,800 [EndpointStateMachine task thread for /0.0.0.0:39029 - 0 ] INFO  volume.HddsVolume (HddsVolume.java:createDbStore(309)) - SchemaV3 db is created and loaded at /home/runner/work/ozone/ozone/hadoop-ozone/integration-test/target/test-dir/MiniOzoneClusterImpl-774acf0e-96fd-4c7a-8fa4-f3d3d576173c/datanode-4/data-0/containers/hdds/774acf0e-96fd-4c7a-8fa4-f3d3d576173c/DS-8984db03-dcd4-4245-9962-ea65542092a9/container.db for volume DS-8984db03-dcd4-4245-9962-ea65542092a9
2022-07-02 07:21:01,800 [EndpointStateMachine task thread for /0.0.0.0:39029 - 0 ] INFO  volume.HddsVolume (HddsVolume.java:closeDbStore(340)) - SchemaV3 db is stopped at /home/runner/work/ozone/ozone/hadoop-ozone/integration-test/target/test-dir/MiniOzoneClusterImpl-774acf0e-96fd-4c7a-8fa4-f3d3d576173c/datanode-4/data-0/containers/hdds/774acf0e-96fd-4c7a-8fa4-f3d3d576173c/DS-8984db03-dcd4-4245-9962-ea65542092a9/container.db for volume DS-8984db03-dcd4-4245-9962-ea65542092a9
2022-07-02 07:21:01,801 [EndpointStateMachine task thread for /0.0.0.0:39029 - 0 ] INFO  ozoneimpl.OzoneContainer (OzoneContainer.java:start(344)) - Attempting to start container services.
2022-07-02 07:21:01,801 [EndpointStateMachine task thread for /0.0.0.0:39029 - 0 ] INFO  ozoneimpl.OzoneContainer (OzoneContainer.java:startContainerScrub(279)) - Background container scanner has been disabled.
2022-07-02 07:21:01,804 [EndpointStateMachine task thread for /0.0.0.0:39029 - 0 ] INFO  replication.ReplicationServer (ReplicationServer.java:start(111)) - ReplicationServer is started using port 40571
2022-07-02 07:21:01,813 [EndpointStateMachine task thread for /0.0.0.0:39029 - 0 ] INFO  ratis.XceiverServerRatis (XceiverServerRatis.java:start(481)) - Starting XceiverServerRatis 029081d1-a351-4e87-8ac8-9a9e5f881d63
2022-07-02 07:21:01,848 [EndpointStateMachine task thread for /0.0.0.0:39029 - 0 ] INFO  server.RaftServer (RaftServerProxy.java:lambda$start$6(382)) - 029081d1-a351-4e87-8ac8-9a9e5f881d63: start RPC server
2022-07-02 07:21:01,852 [EndpointStateMachine task thread for /0.0.0.0:39029 - 0 ] INFO  server.GrpcService (GrpcService.java:startImpl(260)) - 029081d1-a351-4e87-8ac8-9a9e5f881d63: GrpcService started, listening on 34471
2022-07-02 07:21:01,856 [EndpointStateMachine task thread for /0.0.0.0:39029 - 0 ] INFO  ratis.XceiverServerRatis (XceiverServerRatis.java:getRealPort(502)) - XceiverServerRatis 029081d1-a351-4e87-8ac8-9a9e5f881d63 is started using port 34471 for RATIS
2022-07-02 07:21:01,856 [EndpointStateMachine task thread for /0.0.0.0:39029 - 0 ] INFO  ratis.XceiverServerRatis (XceiverServerRatis.java:getRealPort(502)) - XceiverServerRatis 029081d1-a351-4e87-8ac8-9a9e5f881d63 is started using port 34471 for RATIS_ADMIN
2022-07-02 07:21:01,856 [EndpointStateMachine task thread for /0.0.0.0:39029 - 0 ] INFO  ratis.XceiverServerRatis (XceiverServerRatis.java:getRealPort(502)) - XceiverServerRatis 029081d1-a351-4e87-8ac8-9a9e5f881d63 is started using port 34471 for RATIS_SERVER
2022-07-02 07:21:01,856 [org.apache.ratis.util.JvmPauseMonitor$$Lambda$611/1072797734@43ef5bd3] INFO  util.JvmPauseMonitor (JvmPauseMonitor.java:run(103)) - JvmPauseMonitor-029081d1-a351-4e87-8ac8-9a9e5f881d63: Started
2022-07-02 07:21:01,879 [EndpointStateMachine task thread for /0.0.0.0:39029 - 0 ] INFO  server.XceiverServerGrpc (XceiverServerGrpc.java:start(180)) - XceiverServerGrpc 029081d1-a351-4e87-8ac8-9a9e5f881d63 is started using port 38683
2022-07-02 07:21:02,237 [Command processor thread] INFO  server.RaftServer (RaftServerProxy.java:addNew(96)) - 1b8544ae-5af5-4df4-b279-24215a24e61f: addNew group-FA31170E5D09:[1b8544ae-5af5-4df4-b279-24215a24e61f|rpc:10.1.0.20:40747|priority:1] returns group-FA31170E5D09:java.util.concurrent.CompletableFuture@45acaee[Not completed]
2022-07-02 07:21:02,256 [pool-335-thread-1] INFO  server.RaftServer$Division (RaftServerImpl.java:<init>(190)) - 1b8544ae-5af5-4df4-b279-24215a24e61f: new RaftServerImpl for group-FA31170E5D09:[1b8544ae-5af5-4df4-b279-24215a24e61f|rpc:10.1.0.20:40747|priority:1] with ContainerStateMachine:uninitialized
2022-07-02 07:21:02,256 [pool-335-thread-1] INFO  server.RaftServerConfigKeys (ConfUtils.java:logGet(46)) - raft.server.rpc.timeout.min = 5s (custom)
2022-07-02 07:21:02,257 [pool-335-thread-1] INFO  server.RaftServerConfigKeys (ConfUtils.java:logGet(46)) - raft.server.rpc.timeout.max = 5200ms (custom)
2022-07-02 07:21:02,257 [pool-335-thread-1] INFO  server.RaftServerConfigKeys (ConfUtils.java:logGet(46)) - raft.server.rpc.sleep.time = 25ms (default)
2022-07-02 07:21:02,257 [pool-335-thread-1] INFO  server.RaftServerConfigKeys (ConfUtils.java:logGet(46)) - raft.server.rpc.slowness.timeout = 300s (custom)
2022-07-02 07:21:02,257 [pool-335-thread-1] INFO  server.RaftServerConfigKeys (ConfUtils.java:logGet(46)) - raft.server.leaderelection.leader.step-down.wait-time = 10s (default)
2022-07-02 07:21:02,257 [pool-335-thread-1] INFO  server.RaftServerConfigKeys (ConfUtils.java:logGet(46)) - raft.server.sleep.deviation.threshold = 300ms (default)
2022-07-02 07:21:02,257 [pool-335-thread-1] INFO  server.RaftServer$Division (ServerState.java:<init>(107)) - 1b8544ae-5af5-4df4-b279-24215a24e61f@group-FA31170E5D09: ConfigurationManager, init=-1: [1b8544ae-5af5-4df4-b279-24215a24e61f|rpc:10.1.0.20:40747|priority:1], old=null, confs=<EMPTY_MAP>
2022-07-02 07:21:02,257 [pool-335-thread-1] INFO  server.RaftServerConfigKeys (ConfUtils.java:logGet(46)) - raft.server.storage.dir = [/home/runner/work/ozone/ozone/hadoop-ozone/integration-test/target/test-dir/MiniOzoneClusterImpl-774acf0e-96fd-4c7a-8fa4-f3d3d576173c/datanode-0/data/ratis] (custom)
2022-07-02 07:21:02,257 [pool-335-thread-1] INFO  server.RaftServerConfigKeys (ConfUtils.java:logGet(46)) - raft.server.log.corruption.policy = EXCEPTION (default)
2022-07-02 07:21:02,257 [pool-335-thread-1] INFO  server.RaftServerConfigKeys (ConfUtils.java:logGet(46)) - raft.server.storage.free-space.min = 0MB (=0) (default)
2022-07-02 07:21:02,257 [pool-335-thread-1] INFO  storage.RaftStorageDirectory (RaftStorageDirectoryImpl.java:analyzeStorage(135)) - The storage directory /home/runner/work/ozone/ozone/hadoop-ozone/integration-test/target/test-dir/MiniOzoneClusterImpl-774acf0e-96fd-4c7a-8fa4-f3d3d576173c/datanode-0/data/ratis/db87c324-6eb2-49f2-876d-fa31170e5d09 does not exist. Creating ...
2022-07-02 07:21:02,261 [pool-335-thread-1] INFO  storage.RaftStorageDirectory (RaftStorageDirectoryImpl.java:tryLock(230)) - Lock on /home/runner/work/ozone/ozone/hadoop-ozone/integration-test/target/test-dir/MiniOzoneClusterImpl-774acf0e-96fd-4c7a-8fa4-f3d3d576173c/datanode-0/data/ratis/db87c324-6eb2-49f2-876d-fa31170e5d09/in_use.lock acquired by nodename 16391@fv-az444-838
2022-07-02 07:21:02,267 [pool-335-thread-1] INFO  storage.RaftStorage (RaftStorageImpl.java:format(89)) - Storage directory /home/runner/work/ozone/ozone/hadoop-ozone/integration-test/target/test-dir/MiniOzoneClusterImpl-774acf0e-96fd-4c7a-8fa4-f3d3d576173c/datanode-0/data/ratis/db87c324-6eb2-49f2-876d-fa31170e5d09 has been successfully formatted.
2022-07-02 07:21:02,270 [EventQueue-PipelineReportForPipelineReportHandler] INFO  pipeline.PipelineManagerImpl (PipelineManagerImpl.java:openPipeline(358)) - Pipeline Pipeline[ Id: db87c324-6eb2-49f2-876d-fa31170e5d09, Nodes: 1b8544ae-5af5-4df4-b279-24215a24e61f{ip: 10.1.0.20, host: fv-az444-838.dthhdds2jluu1c0oa55ndv1hsg.dx.internal.cloudapp.net, ports: [REPLICATION=37741, RATIS=40747, RATIS_ADMIN=40747, RATIS_SERVER=40747, STANDALONE=43095], networkLocation: /default-rack, certSerialId: null, persistedOpState: IN_SERVICE, persistedOpStateExpiryEpochSec: 0}, ReplicationConfig: RATIS/ONE, State:ALLOCATED, leaderId:1b8544ae-5af5-4df4-b279-24215a24e61f, CreationTimestamp2022-07-02T07:20:59.255Z[Etc/UTC]] moved to OPEN state
2022-07-02 07:21:02,271 [pool-335-thread-1] INFO  ratis.ContainerStateMachine (ContainerStateMachine.java:loadSnapshot(236)) - group-FA31170E5D09: The snapshot info is null. Setting the last applied indexto:(t:0, i:~)
2022-07-02 07:21:02,271 [pool-335-thread-1] INFO  server.RaftServerConfigKeys (ConfUtils.java:logGet(46)) - raft.server.notification.no-leader.timeout = 300s (custom)
2022-07-02 07:21:02,271 [pool-335-thread-1] INFO  server.RaftServerConfigKeys (ConfUtils.java:logGet(46)) - raft.server.log.use.memory = false (default)
2022-07-02 07:21:02,271 [pool-335-thread-1] INFO  server.RaftServerConfigKeys (ConfUtils.java:logGet(46)) - raft.server.log.purge.gap = 1000000 (custom)
2022-07-02 07:21:02,272 [pool-335-thread-1] INFO  server.RaftServerConfigKeys (ConfUtils.java:logGet(46)) - raft.server.log.appender.buffer.byte-limit = 33554432 (custom)
2022-07-02 07:21:02,272 [pool-335-thread-1] INFO  server.RaftServerConfigKeys (ConfUtils.java:logGet(46)) - raft.server.log.statemachine.data.read.timeout = 1000ms (default)
2022-07-02 07:21:02,272 [pool-335-thread-1] INFO  server.RaftServerConfigKeys (ConfUtils.java:logGet(46)) - raft.server.log.segment.size.max = 1048576 (custom)
2022-07-02 07:21:02,272 [pool-335-thread-1] INFO  server.RaftServerConfigKeys (ConfUtils.java:logGet(46)) - raft.server.log.segment.cache.num.max = 2 (custom)
2022-07-02 07:21:02,272 [pool-335-thread-1] INFO  server.RaftServerConfigKeys (ConfUtils.java:logGet(46)) - raft.server.log.segment.cache.size.max = 200MB (=209715200) (default)
2022-07-02 07:21:02,273 [pool-335-thread-1] INFO  segmented.SegmentedRaftLogWorker (SegmentedRaftLogWorker.java:<init>(187)) - new 1b8544ae-5af5-4df4-b279-24215a24e61f@group-FA31170E5D09-SegmentedRaftLogWorker for RaftStorageImpl:Storage Directory /home/runner/work/ozone/ozone/hadoop-ozone/integration-test/target/test-dir/MiniOzoneClusterImpl-774acf0e-96fd-4c7a-8fa4-f3d3d576173c/datanode-0/data/ratis/db87c324-6eb2-49f2-876d-fa31170e5d09
2022-07-02 07:21:02,273 [pool-335-thread-1] INFO  server.RaftServerConfigKeys (ConfUtils.java:logGet(46)) - raft.server.log.queue.byte-limit = 4294967296 (custom)
2022-07-02 07:21:02,273 [pool-335-thread-1] INFO  server.RaftServerConfigKeys (ConfUtils.java:logGet(46)) - raft.server.log.queue.element-limit = 1024 (custom)
2022-07-02 07:21:02,273 [pool-335-thread-1] INFO  server.RaftServerConfigKeys (ConfUtils.java:logGet(46)) - raft.server.log.segment.size.max = 1048576 (custom)
2022-07-02 07:21:02,273 [pool-335-thread-1] INFO  server.RaftServerConfigKeys (ConfUtils.java:logGet(46)) - raft.server.log.preallocated.size = 16384 (custom)
2022-07-02 07:21:02,273 [pool-335-thread-1] INFO  server.RaftServerConfigKeys (ConfUtils.java:logGet(46)) - raft.server.log.force.sync.num = 128 (default)
2022-07-02 07:21:02,273 [pool-335-thread-1] INFO  server.RaftServerConfigKeys (ConfUtils.java:logGet(46)) - raft.server.log.statemachine.data.sync = true (default)
2022-07-02 07:21:02,273 [pool-335-thread-1] INFO  server.RaftServerConfigKeys (ConfUtils.java:logGet(46)) - raft.server.log.statemachine.data.sync.timeout = 10s (default)
2022-07-02 07:21:02,273 [pool-335-thread-1] INFO  server.RaftServerConfigKeys (ConfUtils.java:logGet(46)) - raft.server.log.statemachine.data.sync.timeout.retry = -1 (default)
2022-07-02 07:21:02,274 [pool-335-thread-1] INFO  server.RaftServerConfigKeys (ConfUtils.java:logGet(46)) - raft.server.log.write.buffer.size = 1048576 (custom)
2022-07-02 07:21:02,288 [pool-335-thread-1] INFO  server.RaftServerConfigKeys (ConfUtils.java:logGet(46)) - raft.server.log.unsafe-flush.enabled = false (default)
2022-07-02 07:21:02,292 [pool-335-thread-1] INFO  server.RaftServerConfigKeys (ConfUtils.java:logGet(46)) - raft.server.log.statemachine.data.caching.enabled = true (custom)
2022-07-02 07:21:02,292 [pool-335-thread-1] INFO  segmented.SegmentedRaftLogWorker (SegmentedRaftLogWorker.java:lambda$new$0(135)) - 1b8544ae-5af5-4df4-b279-24215a24e61f@group-FA31170E5D09-SegmentedRaftLogWorker: flushIndex: setUnconditionally 0 -> -1
2022-07-02 07:21:02,292 [pool-335-thread-1] INFO  segmented.SegmentedRaftLogWorker (SegmentedRaftLogWorker.java:lambda$new$0(135)) - 1b8544ae-5af5-4df4-b279-24215a24e61f@group-FA31170E5D09-SegmentedRaftLogWorker: safeCacheEvictIndex: setUnconditionally 0 -> -1
2022-07-02 07:21:02,312 [pool-335-thread-1] INFO  server.RaftServerConfigKeys (ConfUtils.java:logGet(46)) - raft.server.snapshot.auto.trigger.enabled = true (custom)
2022-07-02 07:21:02,312 [pool-335-thread-1] INFO  server.RaftServerConfigKeys (ConfUtils.java:logGet(46)) - raft.server.snapshot.auto.trigger.threshold = 10000 (custom)
2022-07-02 07:21:02,312 [pool-335-thread-1] INFO  server.RaftServerConfigKeys (ConfUtils.java:logGet(46)) - raft.server.snapshot.retention.file.num = 5 (custom)
2022-07-02 07:21:02,312 [pool-335-thread-1] INFO  server.RaftServerConfigKeys (ConfUtils.java:logGet(46)) - raft.server.log.purge.upto.snapshot.index = false (default)
2022-07-02 07:21:02,312 [pool-335-thread-1] INFO  server.RaftServerConfigKeys (ConfUtils.java:logGet(46)) - raft.server.retrycache.expirytime = 600000ms (custom)
2022-07-02 07:21:02,312 [pool-335-thread-1] INFO  server.RaftServerConfigKeys (ConfUtils.java:logGet(46)) - raft.server.retrycache.statistics.expirytime = 100μs (default)
2022-07-02 07:21:02,313 [EventQueue-OpenPipelineForHealthyPipelineSafeModeRule] INFO  safemode.SCMSafeModeManager (HealthyPipelineSafeModeRule.java:process(124)) - SCM in safe mode. Healthy pipelines reported count is 0, required healthy pipeline reported count is 1
2022-07-02 07:21:02,317 [pool-335-thread-1] INFO  server.RaftServerConfigKeys (ConfUtils.java:logGet(46)) - raft.server.log.appender.install.snapshot.enabled = false (custom)
2022-07-02 07:21:02,317 [pool-335-thread-1] INFO  server.RaftServerConfigKeys (ConfUtils.java:logGet(46)) - raft.server.threadpool.server.cached = true (default)
2022-07-02 07:21:02,318 [pool-335-thread-1] INFO  server.RaftServerConfigKeys (ConfUtils.java:logGet(46)) - raft.server.threadpool.server.size = 0 (default)
2022-07-02 07:21:02,318 [pool-335-thread-1] INFO  server.RaftServerConfigKeys (ConfUtils.java:logGet(46)) - raft.server.threadpool.client.cached = true (default)
2022-07-02 07:21:02,318 [pool-335-thread-1] INFO  server.RaftServerConfigKeys (ConfUtils.java:logGet(46)) - raft.server.threadpool.client.size = 0 (default)
2022-07-02 07:21:02,318 [pool-335-thread-1] INFO  server.RaftServer$Division (RaftServerImpl.java:start(310)) - 1b8544ae-5af5-4df4-b279-24215a24e61f@group-FA31170E5D09: start as a follower, conf=-1: [1b8544ae-5af5-4df4-b279-24215a24e61f|rpc:10.1.0.20:40747|priority:1], old=null
2022-07-02 07:21:02,318 [pool-335-thread-1] INFO  server.RaftServer$Division (RaftServerImpl.java:setRole(299)) - 1b8544ae-5af5-4df4-b279-24215a24e61f@group-FA31170E5D09: changes role from      null to FOLLOWER at term 0 for startAsFollower
2022-07-02 07:21:02,318 [pool-335-thread-1] INFO  impl.RoleInfo (RoleInfo.java:updateAndGet(139)) - 1b8544ae-5af5-4df4-b279-24215a24e61f: start 1b8544ae-5af5-4df4-b279-24215a24e61f@group-FA31170E5D09-FollowerState
2022-07-02 07:21:02,340 [pool-335-thread-1] INFO  util.JmxRegister (JmxRegister.java:tryRegister(44)) - Successfully registered JMX Bean with object name Ratis:service=RaftServer,group=group-FA31170E5D09,id=1b8544ae-5af5-4df4-b279-24215a24e61f
2022-07-02 07:21:02,348 [Command processor thread] INFO  ratis.XceiverServerRatis (XceiverServerRatis.java:addGroup(765)) - Created group PipelineID=db87c324-6eb2-49f2-876d-fa31170e5d09
2022-07-02 07:21:02,348 [Command processor thread] INFO  commandhandler.CreatePipelineCommandHandler (CreatePipelineCommandHandler.java:handle(113)) - Created Pipeline RATIS ONE PipelineID=db87c324-6eb2-49f2-876d-fa31170e5d09.
2022-07-02 07:21:02,348 [Command processor thread] INFO  server.RaftServer (RaftServerProxy.java:addNew(96)) - 1b8544ae-5af5-4df4-b279-24215a24e61f: addNew group-246C4D1B62E2:[1b8544ae-5af5-4df4-b279-24215a24e61f|rpc:10.1.0.20:40747|priority:0, cfe57530-fe42-4aeb-89ca-3dd0b37fa566|rpc:10.1.0.20:46557|priority:0, c9a01eed-2c14-4142-866b-b2e3b10906a9|rpc:10.1.0.20:44461|priority:1] returns group-246C4D1B62E2:java.util.concurrent.CompletableFuture@654ebd[Not completed]
2022-07-02 07:21:02,349 [pool-335-thread-1] INFO  server.RaftServer$Division (RaftServerImpl.java:<init>(190)) - 1b8544ae-5af5-4df4-b279-24215a24e61f: new RaftServerImpl for group-246C4D1B62E2:[1b8544ae-5af5-4df4-b279-24215a24e61f|rpc:10.1.0.20:40747|priority:0, cfe57530-fe42-4aeb-89ca-3dd0b37fa566|rpc:10.1.0.20:46557|priority:0, c9a01eed-2c14-4142-866b-b2e3b10906a9|rpc:10.1.0.20:44461|priority:1] with ContainerStateMachine:uninitialized
2022-07-02 07:21:02,349 [pool-335-thread-1] INFO  server.RaftServerConfigKeys (ConfUtils.java:logGet(46)) - raft.server.rpc.timeout.min = 5s (custom)
2022-07-02 07:21:02,350 [pool-335-thread-1] INFO  server.RaftServerConfigKeys (ConfUtils.java:logGet(46)) - raft.server.rpc.timeout.max = 5200ms (custom)
2022-07-02 07:21:02,350 [pool-335-thread-1] INFO  server.RaftServerConfigKeys (ConfUtils.java:logGet(46)) - raft.server.rpc.sleep.time = 25ms (default)
2022-07-02 07:21:02,350 [pool-335-thread-1] INFO  server.RaftServerConfigKeys (ConfUtils.java:logGet(46)) - raft.server.rpc.slowness.timeout = 300s (custom)
2022-07-02 07:21:02,350 [pool-335-thread-1] INFO  server.RaftServerConfigKeys (ConfUtils.java:logGet(46)) - raft.server.leaderelection.leader.step-down.wait-time = 10s (default)
2022-07-02 07:21:02,350 [pool-335-thread-1] INFO  server.RaftServerConfigKeys (ConfUtils.java:logGet(46)) - raft.server.sleep.deviation.threshold = 300ms (default)
2022-07-02 07:21:02,350 [pool-335-thread-1] INFO  server.RaftServer$Division (ServerState.java:<init>(107)) - 1b8544ae-5af5-4df4-b279-24215a24e61f@group-246C4D1B62E2: ConfigurationManager, init=-1: [1b8544ae-5af5-4df4-b279-24215a24e61f|rpc:10.1.0.20:40747|priority:0, cfe57530-fe42-4aeb-89ca-3dd0b37fa566|rpc:10.1.0.20:46557|priority:0, c9a01eed-2c14-4142-866b-b2e3b10906a9|rpc:10.1.0.20:44461|priority:1], old=null, confs=<EMPTY_MAP>
2022-07-02 07:21:02,350 [pool-335-thread-1] INFO  server.RaftServerConfigKeys (ConfUtils.java:logGet(46)) - raft.server.storage.dir = [/home/runner/work/ozone/ozone/hadoop-ozone/integration-test/target/test-dir/MiniOzoneClusterImpl-774acf0e-96fd-4c7a-8fa4-f3d3d576173c/datanode-0/data/ratis] (custom)
2022-07-02 07:21:02,350 [pool-335-thread-1] INFO  server.RaftServerConfigKeys (ConfUtils.java:logGet(46)) - raft.server.log.corruption.policy = EXCEPTION (default)
2022-07-02 07:21:02,350 [pool-335-thread-1] INFO  server.RaftServerConfigKeys (ConfUtils.java:logGet(46)) - raft.server.storage.free-space.min = 0MB (=0) (default)
2022-07-02 07:21:02,350 [pool-335-thread-1] INFO  storage.RaftStorageDirectory (RaftStorageDirectoryImpl.java:analyzeStorage(135)) - The storage directory /home/runner/work/ozone/ozone/hadoop-ozone/integration-test/target/test-dir/MiniOzoneClusterImpl-774acf0e-96fd-4c7a-8fa4-f3d3d576173c/datanode-0/data/ratis/27530ee2-d46e-4259-908b-246c4d1b62e2 does not exist. Creating ...
2022-07-02 07:21:02,352 [pool-335-thread-1] INFO  storage.RaftStorageDirectory (RaftStorageDirectoryImpl.java:tryLock(230)) - Lock on /home/runner/work/ozone/ozone/hadoop-ozone/integration-test/target/test-dir/MiniOzoneClusterImpl-774acf0e-96fd-4c7a-8fa4-f3d3d576173c/datanode-0/data/ratis/27530ee2-d46e-4259-908b-246c4d1b62e2/in_use.lock acquired by nodename 16391@fv-az444-838
2022-07-02 07:21:02,353 [pool-335-thread-1] INFO  storage.RaftStorage (RaftStorageImpl.java:format(89)) - Storage directory /home/runner/work/ozone/ozone/hadoop-ozone/integration-test/target/test-dir/MiniOzoneClusterImpl-774acf0e-96fd-4c7a-8fa4-f3d3d576173c/datanode-0/data/ratis/27530ee2-d46e-4259-908b-246c4d1b62e2 has been successfully formatted.
2022-07-02 07:21:02,353 [pool-335-thread-1] INFO  ratis.ContainerStateMachine (ContainerStateMachine.java:loadSnapshot(236)) - group-246C4D1B62E2: The snapshot info is null. Setting the last applied indexto:(t:0, i:~)
2022-07-02 07:21:02,353 [pool-335-thread-1] INFO  server.RaftServerConfigKeys (ConfUtils.java:logGet(46)) - raft.server.notification.no-leader.timeout = 300s (custom)
2022-07-02 07:21:02,353 [pool-335-thread-1] INFO  server.RaftServerConfigKeys (ConfUtils.java:logGet(46)) - raft.server.log.use.memory = false (default)
2022-07-02 07:21:02,353 [pool-335-thread-1] INFO  server.RaftServerConfigKeys (ConfUtils.java:logGet(46)) - raft.server.log.purge.gap = 1000000 (custom)
2022-07-02 07:21:02,353 [pool-335-thread-1] INFO  server.RaftServerConfigKeys (ConfUtils.java:logGet(46)) - raft.server.log.appender.buffer.byte-limit = 33554432 (custom)
2022-07-02 07:21:02,354 [pool-335-thread-1] INFO  server.RaftServerConfigKeys (ConfUtils.java:logGet(46)) - raft.server.log.statemachine.data.read.timeout = 1000ms (default)
2022-07-02 07:21:02,354 [pool-335-thread-1] INFO  server.RaftServerConfigKeys (ConfUtils.java:logGet(46)) - raft.server.log.segment.size.max = 1048576 (custom)
2022-07-02 07:21:02,354 [pool-335-thread-1] INFO  server.RaftServerConfigKeys (ConfUtils.java:logGet(46)) - raft.server.log.segment.cache.num.max = 2 (custom)
2022-07-02 07:21:02,354 [pool-335-thread-1] INFO  server.RaftServerConfigKeys (ConfUtils.java:logGet(46)) - raft.server.log.segment.cache.size.max = 200MB (=209715200) (default)
2022-07-02 07:21:02,354 [pool-335-thread-1] INFO  segmented.SegmentedRaftLogWorker (SegmentedRaftLogWorker.java:<init>(187)) - new 1b8544ae-5af5-4df4-b279-24215a24e61f@group-246C4D1B62E2-SegmentedRaftLogWorker for RaftStorageImpl:Storage Directory /home/runner/work/ozone/ozone/hadoop-ozone/integration-test/target/test-dir/MiniOzoneClusterImpl-774acf0e-96fd-4c7a-8fa4-f3d3d576173c/datanode-0/data/ratis/27530ee2-d46e-4259-908b-246c4d1b62e2
2022-07-02 07:21:02,354 [pool-335-thread-1] INFO  server.RaftServerConfigKeys (ConfUtils.java:logGet(46)) - raft.server.log.queue.byte-limit = 4294967296 (custom)
2022-07-02 07:21:02,354 [pool-335-thread-1] INFO  server.RaftServerConfigKeys (ConfUtils.java:logGet(46)) - raft.server.log.queue.element-limit = 1024 (custom)
2022-07-02 07:21:02,354 [pool-335-thread-1] INFO  server.RaftServerConfigKeys (ConfUtils.java:logGet(46)) - raft.server.log.segment.size.max = 1048576 (custom)
2022-07-02 07:21:02,355 [pool-335-thread-1] INFO  server.RaftServerConfigKeys (ConfUtils.java:logGet(46)) - raft.server.log.preallocated.size = 16384 (custom)
2022-07-02 07:21:02,355 [pool-335-thread-1] INFO  server.RaftServerConfigKeys (ConfUtils.java:logGet(46)) - raft.server.log.force.sync.num = 128 (default)
2022-07-02 07:21:02,355 [pool-335-thread-1] INFO  server.RaftServerConfigKeys (ConfUtils.java:logGet(46)) - raft.server.log.statemachine.data.sync = true (default)
2022-07-02 07:21:02,355 [pool-335-thread-1] INFO  server.RaftServerConfigKeys (ConfUtils.java:logGet(46)) - raft.server.log.statemachine.data.sync.timeout = 10s (default)
2022-07-02 07:21:02,355 [pool-335-thread-1] INFO  server.RaftServerConfigKeys (ConfUtils.java:logGet(46)) - raft.server.log.statemachine.data.sync.timeout.retry = -1 (default)
2022-07-02 07:21:02,356 [pool-335-thread-1] INFO  server.RaftServerConfigKeys (ConfUtils.java:logGet(46)) - raft.server.log.write.buffer.size = 1048576 (custom)
2022-07-02 07:21:02,357 [pool-335-thread-1] INFO  server.RaftServerConfigKeys (ConfUtils.java:logGet(46)) - raft.server.log.unsafe-flush.enabled = false (default)
2022-07-02 07:21:02,357 [pool-335-thread-1] INFO  server.RaftServerConfigKeys (ConfUtils.java:logGet(46)) - raft.server.log.statemachine.data.caching.enabled = true (custom)
2022-07-02 07:21:02,357 [pool-335-thread-1] INFO  segmented.SegmentedRaftLogWorker (SegmentedRaftLogWorker.java:lambda$new$0(135)) - 1b8544ae-5af5-4df4-b279-24215a24e61f@group-246C4D1B62E2-SegmentedRaftLogWorker: flushIndex: setUnconditionally 0 -> -1
2022-07-02 07:21:02,357 [pool-335-thread-1] INFO  segmented.SegmentedRaftLogWorker (SegmentedRaftLogWorker.java:lambda$new$0(135)) - 1b8544ae-5af5-4df4-b279-24215a24e61f@group-246C4D1B62E2-SegmentedRaftLogWorker: safeCacheEvictIndex: setUnconditionally 0 -> -1
2022-07-02 07:21:02,358 [pool-335-thread-1] INFO  server.RaftServerConfigKeys (ConfUtils.java:logGet(46)) - raft.server.snapshot.auto.trigger.enabled = true (custom)
2022-07-02 07:21:02,358 [pool-335-thread-1] INFO  server.RaftServerConfigKeys (ConfUtils.java:logGet(46)) - raft.server.snapshot.auto.trigger.threshold = 10000 (custom)
2022-07-02 07:21:02,358 [pool-335-thread-1] INFO  server.RaftServerConfigKeys (ConfUtils.java:logGet(46)) - raft.server.snapshot.retention.file.num = 5 (custom)
2022-07-02 07:21:02,358 [pool-335-thread-1] INFO  server.RaftServerConfigKeys (ConfUtils.java:logGet(46)) - raft.server.log.purge.upto.snapshot.index = false (default)
2022-07-02 07:21:02,358 [pool-335-thread-1] INFO  server.RaftServerConfigKeys (ConfUtils.java:logGet(46)) - raft.server.retrycache.expirytime = 600000ms (custom)
2022-07-02 07:21:02,358 [pool-335-thread-1] INFO  server.RaftServerConfigKeys (ConfUtils.java:logGet(46)) - raft.server.retrycache.statistics.expirytime = 100μs (default)
2022-07-02 07:21:02,360 [pool-335-thread-1] INFO  server.RaftServerConfigKeys (ConfUtils.java:logGet(46)) - raft.server.log.appender.install.snapshot.enabled = false (custom)
2022-07-02 07:21:02,360 [pool-335-thread-1] INFO  server.RaftServerConfigKeys (ConfUtils.java:logGet(46)) - raft.server.threadpool.server.cached = true (default)
2022-07-02 07:21:02,360 [pool-335-thread-1] INFO  server.RaftServerConfigKeys (ConfUtils.java:logGet(46)) - raft.server.threadpool.server.size = 0 (default)
2022-07-02 07:21:02,360 [pool-335-thread-1] INFO  server.RaftServerConfigKeys (ConfUtils.java:logGet(46)) - raft.server.threadpool.client.cached = true (default)
2022-07-02 07:21:02,360 [pool-335-thread-1] INFO  server.RaftServerConfigKeys (ConfUtils.java:logGet(46)) - raft.server.threadpool.client.size = 0 (default)
2022-07-02 07:21:02,360 [pool-335-thread-1] INFO  server.RaftServer$Division (RaftServerImpl.java:start(310)) - 1b8544ae-5af5-4df4-b279-24215a24e61f@group-246C4D1B62E2: start as a follower, conf=-1: [1b8544ae-5af5-4df4-b279-24215a24e61f|rpc:10.1.0.20:40747|priority:0, cfe57530-fe42-4aeb-89ca-3dd0b37fa566|rpc:10.1.0.20:46557|priority:0, c9a01eed-2c14-4142-866b-b2e3b10906a9|rpc:10.1.0.20:44461|priority:1], old=null
2022-07-02 07:21:02,360 [pool-335-thread-1] INFO  server.RaftServer$Division (RaftServerImpl.java:setRole(299)) - 1b8544ae-5af5-4df4-b279-24215a24e61f@group-246C4D1B62E2: changes role from      null to FOLLOWER at term 0 for startAsFollower
2022-07-02 07:21:02,360 [pool-335-thread-1] INFO  impl.RoleInfo (RoleInfo.java:updateAndGet(139)) - 1b8544ae-5af5-4df4-b279-24215a24e61f: start 1b8544ae-5af5-4df4-b279-24215a24e61f@group-246C4D1B62E2-FollowerState
2022-07-02 07:21:02,361 [pool-335-thread-1] INFO  util.JmxRegister (JmxRegister.java:tryRegister(44)) - Successfully registered JMX Bean with object name Ratis:service=RaftServer,group=group-246C4D1B62E2,id=1b8544ae-5af5-4df4-b279-24215a24e61f
2022-07-02 07:21:02,361 [Command processor thread] INFO  ratis.XceiverServerRatis (XceiverServerRatis.java:addGroup(765)) - Created group PipelineID=27530ee2-d46e-4259-908b-246c4d1b62e2
2022-07-02 07:21:02,362 [EventQueue-OpenPipelineForHealthyPipelineSafeModeRule] INFO  safemode.SCMSafeModeManager (HealthyPipelineSafeModeRule.java:process(124)) - SCM in safe mode. Healthy pipelines reported count is 0, required healthy pipeline reported count is 1
2022-07-02 07:21:02,486 [grpc-default-executor-0] INFO  server.RaftServer (RaftServerProxy.java:addNew(96)) - cfe57530-fe42-4aeb-89ca-3dd0b37fa566: addNew group-246C4D1B62E2:[1b8544ae-5af5-4df4-b279-24215a24e61f|rpc:10.1.0.20:40747|dataStream:|priority:0, cfe57530-fe42-4aeb-89ca-3dd0b37fa566|rpc:10.1.0.20:46557|dataStream:|priority:0, c9a01eed-2c14-4142-866b-b2e3b10906a9|rpc:10.1.0.20:44461|dataStream:|priority:1] returns group-246C4D1B62E2:java.util.concurrent.CompletableFuture@1218feab[Not completed]
2022-07-02 07:21:02,502 [pool-358-thread-1] INFO  server.RaftServer$Division (RaftServerImpl.java:<init>(190)) - cfe57530-fe42-4aeb-89ca-3dd0b37fa566: new RaftServerImpl for group-246C4D1B62E2:[1b8544ae-5af5-4df4-b279-24215a24e61f|rpc:10.1.0.20:40747|dataStream:|priority:0, cfe57530-fe42-4aeb-89ca-3dd0b37fa566|rpc:10.1.0.20:46557|dataStream:|priority:0, c9a01eed-2c14-4142-866b-b2e3b10906a9|rpc:10.1.0.20:44461|dataStream:|priority:1] with ContainerStateMachine:uninitialized
2022-07-02 07:21:02,503 [pool-358-thread-1] INFO  server.RaftServerConfigKeys (ConfUtils.java:logGet(46)) - raft.server.rpc.timeout.min = 5s (custom)
2022-07-02 07:21:02,503 [pool-358-thread-1] INFO  server.RaftServerConfigKeys (ConfUtils.java:logGet(46)) - raft.server.rpc.timeout.max = 5200ms (custom)
2022-07-02 07:21:02,503 [pool-358-thread-1] INFO  server.RaftServerConfigKeys (ConfUtils.java:logGet(46)) - raft.server.rpc.sleep.time = 25ms (default)
2022-07-02 07:21:02,503 [pool-358-thread-1] INFO  server.RaftServerConfigKeys (ConfUtils.java:logGet(46)) - raft.server.rpc.slowness.timeout = 300s (custom)
2022-07-02 07:21:02,503 [pool-358-thread-1] INFO  server.RaftServerConfigKeys (ConfUtils.java:logGet(46)) - raft.server.leaderelection.leader.step-down.wait-time = 10s (default)
2022-07-02 07:21:02,503 [pool-358-thread-1] INFO  server.RaftServerConfigKeys (ConfUtils.java:logGet(46)) - raft.server.sleep.deviation.threshold = 300ms (default)
2022-07-02 07:21:02,508 [pool-358-thread-1] INFO  server.RaftServer$Division (ServerState.java:<init>(107)) - cfe57530-fe42-4aeb-89ca-3dd0b37fa566@group-246C4D1B62E2: ConfigurationManager, init=-1: [1b8544ae-5af5-4df4-b279-24215a24e61f|rpc:10.1.0.20:40747|dataStream:|priority:0, cfe57530-fe42-4aeb-89ca-3dd0b37fa566|rpc:10.1.0.20:46557|dataStream:|priority:0, c9a01eed-2c14-4142-866b-b2e3b10906a9|rpc:10.1.0.20:44461|dataStream:|priority:1], old=null, confs=<EMPTY_MAP>
2022-07-02 07:21:02,509 [pool-358-thread-1] INFO  server.RaftServerConfigKeys (ConfUtils.java:logGet(46)) - raft.server.storage.dir = [/home/runner/work/ozone/ozone/hadoop-ozone/integration-test/target/test-dir/MiniOzoneClusterImpl-774acf0e-96fd-4c7a-8fa4-f3d3d576173c/datanode-1/data/ratis] (custom)
2022-07-02 07:21:02,509 [pool-358-thread-1] INFO  server.RaftServerConfigKeys (ConfUtils.java:logGet(46)) - raft.server.log.corruption.policy = EXCEPTION (default)
2022-07-02 07:21:02,509 [pool-358-thread-1] INFO  server.RaftServerConfigKeys (ConfUtils.java:logGet(46)) - raft.server.storage.free-space.min = 0MB (=0) (default)
2022-07-02 07:21:02,509 [pool-358-thread-1] INFO  storage.RaftStorageDirectory (RaftStorageDirectoryImpl.java:analyzeStorage(135)) - The storage directory /home/runner/work/ozone/ozone/hadoop-ozone/integration-test/target/test-dir/MiniOzoneClusterImpl-774acf0e-96fd-4c7a-8fa4-f3d3d576173c/datanode-1/data/ratis/27530ee2-d46e-4259-908b-246c4d1b62e2 does not exist. Creating ...
2022-07-02 07:21:02,510 [pool-358-thread-1] INFO  storage.RaftStorageDirectory (RaftStorageDirectoryImpl.java:tryLock(230)) - Lock on /home/runner/work/ozone/ozone/hadoop-ozone/integration-test/target/test-dir/MiniOzoneClusterImpl-774acf0e-96fd-4c7a-8fa4-f3d3d576173c/datanode-1/data/ratis/27530ee2-d46e-4259-908b-246c4d1b62e2/in_use.lock acquired by nodename 16391@fv-az444-838
2022-07-02 07:21:02,511 [pool-358-thread-1] INFO  storage.RaftStorage (RaftStorageImpl.java:format(89)) - Storage directory /home/runner/work/ozone/ozone/hadoop-ozone/integration-test/target/test-dir/MiniOzoneClusterImpl-774acf0e-96fd-4c7a-8fa4-f3d3d576173c/datanode-1/data/ratis/27530ee2-d46e-4259-908b-246c4d1b62e2 has been successfully formatted.
2022-07-02 07:21:02,524 [pool-358-thread-1] INFO  ratis.ContainerStateMachine (ContainerStateMachine.java:loadSnapshot(236)) - group-246C4D1B62E2: The snapshot info is null. Setting the last applied indexto:(t:0, i:~)
2022-07-02 07:21:02,524 [pool-358-thread-1] INFO  server.RaftServerConfigKeys (ConfUtils.java:logGet(46)) - raft.server.notification.no-leader.timeout = 300s (custom)
2022-07-02 07:21:02,524 [pool-358-thread-1] INFO  server.RaftServerConfigKeys (ConfUtils.java:logGet(46)) - raft.server.log.use.memory = false (default)
2022-07-02 07:21:02,524 [pool-358-thread-1] INFO  server.RaftServerConfigKeys (ConfUtils.java:logGet(46)) - raft.server.log.purge.gap = 1000000 (custom)
2022-07-02 07:21:02,524 [pool-358-thread-1] INFO  server.RaftServerConfigKeys (ConfUtils.java:logGet(46)) - raft.server.log.appender.buffer.byte-limit = 33554432 (custom)
2022-07-02 07:21:02,524 [pool-358-thread-1] INFO  server.RaftServerConfigKeys (ConfUtils.java:logGet(46)) - raft.server.log.statemachine.data.read.timeout = 1000ms (default)
2022-07-02 07:21:02,525 [pool-358-thread-1] INFO  server.RaftServerConfigKeys (ConfUtils.java:logGet(46)) - raft.server.log.segment.size.max = 1048576 (custom)
2022-07-02 07:21:02,525 [pool-358-thread-1] INFO  server.RaftServerConfigKeys (ConfUtils.java:logGet(46)) - raft.server.log.segment.cache.num.max = 2 (custom)
2022-07-02 07:21:02,526 [pool-358-thread-1] INFO  server.RaftServerConfigKeys (ConfUtils.java:logGet(46)) - raft.server.log.segment.cache.size.max = 200MB (=209715200) (default)
2022-07-02 07:21:02,526 [pool-358-thread-1] INFO  segmented.SegmentedRaftLogWorker (SegmentedRaftLogWorker.java:<init>(187)) - new cfe57530-fe42-4aeb-89ca-3dd0b37fa566@group-246C4D1B62E2-SegmentedRaftLogWorker for RaftStorageImpl:Storage Directory /home/runner/work/ozone/ozone/hadoop-ozone/integration-test/target/test-dir/MiniOzoneClusterImpl-774acf0e-96fd-4c7a-8fa4-f3d3d576173c/datanode-1/data/ratis/27530ee2-d46e-4259-908b-246c4d1b62e2
2022-07-02 07:21:02,526 [pool-358-thread-1] INFO  server.RaftServerConfigKeys (ConfUtils.java:logGet(46)) - raft.server.log.queue.byte-limit = 4294967296 (custom)
2022-07-02 07:21:02,526 [pool-358-thread-1] INFO  server.RaftServerConfigKeys (ConfUtils.java:logGet(46)) - raft.server.log.queue.element-limit = 1024 (custom)
2022-07-02 07:21:02,526 [pool-358-thread-1] INFO  server.RaftServerConfigKeys (ConfUtils.java:logGet(46)) - raft.server.log.segment.size.max = 1048576 (custom)
2022-07-02 07:21:02,526 [pool-358-thread-1] INFO  server.RaftServerConfigKeys (ConfUtils.java:logGet(46)) - raft.server.log.preallocated.size = 16384 (custom)
2022-07-02 07:21:02,526 [pool-358-thread-1] INFO  server.RaftServerConfigKeys (ConfUtils.java:logGet(46)) - raft.server.log.force.sync.num = 128 (default)
2022-07-02 07:21:02,526 [pool-358-thread-1] INFO  server.RaftServerConfigKeys (ConfUtils.java:logGet(46)) - raft.server.log.statemachine.data.sync = true (default)
2022-07-02 07:21:02,526 [pool-358-thread-1] INFO  server.RaftServerConfigKeys (ConfUtils.java:logGet(46)) - raft.server.log.statemachine.data.sync.timeout = 10s (default)
2022-07-02 07:21:02,526 [pool-358-thread-1] INFO  server.RaftServerConfigKeys (ConfUtils.java:logGet(46)) - raft.server.log.statemachine.data.sync.timeout.retry = -1 (default)
2022-07-02 07:21:02,527 [pool-358-thread-1] INFO  server.RaftServerConfigKeys (ConfUtils.java:logGet(46)) - raft.server.log.write.buffer.size = 1048576 (custom)
2022-07-02 07:21:02,528 [pool-358-thread-1] INFO  server.RaftServerConfigKeys (ConfUtils.java:logGet(46)) - raft.server.log.unsafe-flush.enabled = false (default)
2022-07-02 07:21:02,528 [pool-358-thread-1] INFO  server.RaftServerConfigKeys (ConfUtils.java:logGet(46)) - raft.server.log.statemachine.data.caching.enabled = true (custom)
2022-07-02 07:21:02,540 [pool-358-thread-1] INFO  segmented.SegmentedRaftLogWorker (SegmentedRaftLogWorker.java:lambda$new$0(135)) - cfe57530-fe42-4aeb-89ca-3dd0b37fa566@group-246C4D1B62E2-SegmentedRaftLogWorker: flushIndex: setUnconditionally 0 -> -1
2022-07-02 07:21:02,540 [pool-358-thread-1] INFO  segmented.SegmentedRaftLogWorker (SegmentedRaftLogWorker.java:lambda$new$0(135)) - cfe57530-fe42-4aeb-89ca-3dd0b37fa566@group-246C4D1B62E2-SegmentedRaftLogWorker: safeCacheEvictIndex: setUnconditionally 0 -> -1
2022-07-02 07:21:02,545 [pool-358-thread-1] INFO  server.RaftServerConfigKeys (ConfUtils.java:logGet(46)) - raft.server.snapshot.auto.trigger.enabled = true (custom)
2022-07-02 07:21:02,545 [pool-358-thread-1] INFO  server.RaftServerConfigKeys (ConfUtils.java:logGet(46)) - raft.server.snapshot.auto.trigger.threshold = 10000 (custom)
2022-07-02 07:21:02,545 [pool-358-thread-1] INFO  server.RaftServerConfigKeys (ConfUtils.java:logGet(46)) - raft.server.snapshot.retention.file.num = 5 (custom)
2022-07-02 07:21:02,545 [pool-358-thread-1] INFO  server.RaftServerConfigKeys (ConfUtils.java:logGet(46)) - raft.server.log.purge.upto.snapshot.index = false (default)
2022-07-02 07:21:02,545 [pool-358-thread-1] INFO  server.RaftServerConfigKeys (ConfUtils.java:logGet(46)) - raft.server.retrycache.expirytime = 600000ms (custom)
2022-07-02 07:21:02,545 [pool-358-thread-1] INFO  server.RaftServerConfigKeys (ConfUtils.java:logGet(46)) - raft.server.retrycache.statistics.expirytime = 100μs (default)
2022-07-02 07:21:02,546 [pool-358-thread-1] INFO  server.RaftServerConfigKeys (ConfUtils.java:logGet(46)) - raft.server.log.appender.install.snapshot.enabled = false (custom)
2022-07-02 07:21:02,546 [pool-358-thread-1] INFO  server.RaftServerConfigKeys (ConfUtils.java:logGet(46)) - raft.server.threadpool.server.cached = true (default)
2022-07-02 07:21:02,547 [pool-358-thread-1] INFO  server.RaftServerConfigKeys (ConfUtils.java:logGet(46)) - raft.server.threadpool.server.size = 0 (default)
2022-07-02 07:21:02,547 [pool-358-thread-1] INFO  server.RaftServerConfigKeys (ConfUtils.java:logGet(46)) - raft.server.threadpool.client.cached = true (default)
2022-07-02 07:21:02,547 [pool-358-thread-1] INFO  server.RaftServerConfigKeys (ConfUtils.java:logGet(46)) - raft.server.threadpool.client.size = 0 (default)
2022-07-02 07:21:02,547 [pool-358-thread-1] INFO  server.RaftServer$Division (RaftServerImpl.java:start(310)) - cfe57530-fe42-4aeb-89ca-3dd0b37fa566@group-246C4D1B62E2: start as a follower, conf=-1: [1b8544ae-5af5-4df4-b279-24215a24e61f|rpc:10.1.0.20:40747|dataStream:|priority:0, cfe57530-fe42-4aeb-89ca-3dd0b37fa566|rpc:10.1.0.20:46557|dataStream:|priority:0, c9a01eed-2c14-4142-866b-b2e3b10906a9|rpc:10.1.0.20:44461|dataStream:|priority:1], old=null
2022-07-02 07:21:02,547 [pool-358-thread-1] INFO  server.RaftServer$Division (RaftServerImpl.java:setRole(299)) - cfe57530-fe42-4aeb-89ca-3dd0b37fa566@group-246C4D1B62E2: changes role from      null to FOLLOWER at term 0 for startAsFollower
2022-07-02 07:21:02,547 [pool-358-thread-1] INFO  impl.RoleInfo (RoleInfo.java:updateAndGet(139)) - cfe57530-fe42-4aeb-89ca-3dd0b37fa566: start cfe57530-fe42-4aeb-89ca-3dd0b37fa566@group-246C4D1B62E2-FollowerState
2022-07-02 07:21:02,547 [pool-358-thread-1] INFO  util.JmxRegister (JmxRegister.java:tryRegister(44)) - Successfully registered JMX Bean with object name Ratis:service=RaftServer,group=group-246C4D1B62E2,id=cfe57530-fe42-4aeb-89ca-3dd0b37fa566
2022-07-02 07:21:02,584 [IPC Server handler 1 on default port 39029] INFO  net.NetworkTopologyImpl (NetworkTopologyImpl.java:add(112)) - Added a new node: /default-rack/9e85b174-a55c-4b71-8ba9-5ac009f49f1a
2022-07-02 07:21:02,585 [IPC Server handler 1 on default port 39029] INFO  node.SCMNodeManager (SCMNodeManager.java:register(397)) - Registered Data node : 9e85b174-a55c-4b71-8ba9-5ac009f49f1a{ip: 10.1.0.20, host: fv-az444-838.dthhdds2jluu1c0oa55ndv1hsg.dx.internal.cloudapp.net, ports: [REPLICATION=34551, RATIS=41643, RATIS_ADMIN=41643, RATIS_SERVER=41643, STANDALONE=40693], networkLocation: /default-rack, certSerialId: null, persistedOpState: null, persistedOpStateExpiryEpochSec: 0}
2022-07-02 07:21:02,585 [EventQueue-NewNodeForNewNodeHandler] INFO  pipeline.BackgroundPipelineCreator (BackgroundPipelineCreator.java:notifyEventTriggered(275)) - trigger a one-shot run on RatisPipelineUtilsThread.
2022-07-02 07:21:02,586 [RatisPipelineUtilsThread - 0] INFO  pipeline.RatisPipelineProvider (RatisPipelineProvider.java:lambda$create$0(195)) - Sending CreatePipelineCommand for pipeline:PipelineID=c4e31b57-d8e3-4275-8c84-a0235c2e9160 to datanode:9e85b174-a55c-4b71-8ba9-5ac009f49f1a
2022-07-02 07:21:02,587 [RatisPipelineUtilsThread - 0] INFO  pipeline.PipelineStateManagerImpl (PipelineStateManagerImpl.java:addPipeline(101)) - Created pipeline Pipeline[ Id: c4e31b57-d8e3-4275-8c84-a0235c2e9160, Nodes: 9e85b174-a55c-4b71-8ba9-5ac009f49f1a{ip: 10.1.0.20, host: fv-az444-838.dthhdds2jluu1c0oa55ndv1hsg.dx.internal.cloudapp.net, ports: [REPLICATION=34551, RATIS=41643, RATIS_ADMIN=41643, RATIS_SERVER=41643, STANDALONE=40693], networkLocation: /default-rack, certSerialId: null, persistedOpState: IN_SERVICE, persistedOpStateExpiryEpochSec: 0}, ReplicationConfig: RATIS/ONE, State:ALLOCATED, leaderId:, CreationTimestamp2022-07-02T07:21:02.586Z[Etc/UTC]].
2022-07-02 07:21:02,594 [Listener at 127.0.0.1/42659] INFO  ozone.MiniOzoneClusterImpl (MiniOzoneClusterImpl.java:lambda$waitForClusterToBeReady$0(223)) - Waiting for nodes to be ready. Got 4 of 5 DN Heartbeats.
2022-07-02 07:21:02,594 [Listener at 127.0.0.1/42659] INFO  ozone.MiniOzoneClusterImpl (MiniOzoneClusterImpl.java:lambda$waitForClusterToBeReady$0(226)) - Waiting for cluster to exit safe mode
2022-07-02 07:21:02,595 [Listener at 127.0.0.1/42659] INFO  ozone.MiniOzoneClusterImpl (MiniOzoneClusterImpl.java:lambda$waitForClusterToBeReady$0(228)) - SCM became leader
2022-07-02 07:21:02,668 [grpc-default-executor-0] INFO  server.RaftServer (RaftServerProxy.java:addNew(96)) - c9a01eed-2c14-4142-866b-b2e3b10906a9: addNew group-246C4D1B62E2:[1b8544ae-5af5-4df4-b279-24215a24e61f|rpc:10.1.0.20:40747|dataStream:|priority:0, cfe57530-fe42-4aeb-89ca-3dd0b37fa566|rpc:10.1.0.20:46557|dataStream:|priority:0, c9a01eed-2c14-4142-866b-b2e3b10906a9|rpc:10.1.0.20:44461|dataStream:|priority:1] returns group-246C4D1B62E2:java.util.concurrent.CompletableFuture@4516ce4f[Not completed]
2022-07-02 07:21:02,669 [pool-381-thread-1] INFO  server.RaftServer$Division (RaftServerImpl.java:<init>(190)) - c9a01eed-2c14-4142-866b-b2e3b10906a9: new RaftServerImpl for group-246C4D1B62E2:[1b8544ae-5af5-4df4-b279-24215a24e61f|rpc:10.1.0.20:40747|dataStream:|priority:0, cfe57530-fe42-4aeb-89ca-3dd0b37fa566|rpc:10.1.0.20:46557|dataStream:|priority:0, c9a01eed-2c14-4142-866b-b2e3b10906a9|rpc:10.1.0.20:44461|dataStream:|priority:1] with ContainerStateMachine:uninitialized
2022-07-02 07:21:02,669 [pool-381-thread-1] INFO  server.RaftServerConfigKeys (ConfUtils.java:logGet(46)) - raft.server.rpc.timeout.min = 5s (custom)
2022-07-02 07:21:02,669 [pool-381-thread-1] INFO  server.RaftServerConfigKeys (ConfUtils.java:logGet(46)) - raft.server.rpc.timeout.max = 5200ms (custom)
2022-07-02 07:21:02,669 [pool-381-thread-1] INFO  server.RaftServerConfigKeys (ConfUtils.java:logGet(46)) - raft.server.rpc.sleep.time = 25ms (default)
2022-07-02 07:21:02,670 [pool-381-thread-1] INFO  server.RaftServerConfigKeys (ConfUtils.java:logGet(46)) - raft.server.rpc.slowness.timeout = 300s (custom)
2022-07-02 07:21:02,670 [pool-381-thread-1] INFO  server.RaftServerConfigKeys (ConfUtils.java:logGet(46)) - raft.server.leaderelection.leader.step-down.wait-time = 10s (default)
2022-07-02 07:21:02,670 [pool-381-thread-1] INFO  server.RaftServerConfigKeys (ConfUtils.java:logGet(46)) - raft.server.sleep.deviation.threshold = 300ms (default)
2022-07-02 07:21:02,670 [pool-381-thread-1] INFO  server.RaftServer$Division (ServerState.java:<init>(107)) - c9a01eed-2c14-4142-866b-b2e3b10906a9@group-246C4D1B62E2: ConfigurationManager, init=-1: [1b8544ae-5af5-4df4-b279-24215a24e61f|rpc:10.1.0.20:40747|dataStream:|priority:0, cfe57530-fe42-4aeb-89ca-3dd0b37fa566|rpc:10.1.0.20:46557|dataStream:|priority:0, c9a01eed-2c14-4142-866b-b2e3b10906a9|rpc:10.1.0.20:44461|dataStream:|priority:1], old=null, confs=<EMPTY_MAP>
2022-07-02 07:21:02,670 [pool-381-thread-1] INFO  server.RaftServerConfigKeys (ConfUtils.java:logGet(46)) - raft.server.storage.dir = [/home/runner/work/ozone/ozone/hadoop-ozone/integration-test/target/test-dir/MiniOzoneClusterImpl-774acf0e-96fd-4c7a-8fa4-f3d3d576173c/datanode-2/data/ratis] (custom)
2022-07-02 07:21:02,670 [pool-381-thread-1] INFO  server.RaftServerConfigKeys (ConfUtils.java:logGet(46)) - raft.server.log.corruption.policy = EXCEPTION (default)
2022-07-02 07:21:02,670 [pool-381-thread-1] INFO  server.RaftServerConfigKeys (ConfUtils.java:logGet(46)) - raft.server.storage.free-space.min = 0MB (=0) (default)
2022-07-02 07:21:02,670 [pool-381-thread-1] INFO  storage.RaftStorageDirectory (RaftStorageDirectoryImpl.java:analyzeStorage(135)) - The storage directory /home/runner/work/ozone/ozone/hadoop-ozone/integration-test/target/test-dir/MiniOzoneClusterImpl-774acf0e-96fd-4c7a-8fa4-f3d3d576173c/datanode-2/data/ratis/27530ee2-d46e-4259-908b-246c4d1b62e2 does not exist. Creating ...
2022-07-02 07:21:02,672 [pool-381-thread-1] INFO  storage.RaftStorageDirectory (RaftStorageDirectoryImpl.java:tryLock(230)) - Lock on /home/runner/work/ozone/ozone/hadoop-ozone/integration-test/target/test-dir/MiniOzoneClusterImpl-774acf0e-96fd-4c7a-8fa4-f3d3d576173c/datanode-2/data/ratis/27530ee2-d46e-4259-908b-246c4d1b62e2/in_use.lock acquired by nodename 16391@fv-az444-838
2022-07-02 07:21:02,674 [pool-381-thread-1] INFO  storage.RaftStorage (RaftStorageImpl.java:format(89)) - Storage directory /home/runner/work/ozone/ozone/hadoop-ozone/integration-test/target/test-dir/MiniOzoneClusterImpl-774acf0e-96fd-4c7a-8fa4-f3d3d576173c/datanode-2/data/ratis/27530ee2-d46e-4259-908b-246c4d1b62e2 has been successfully formatted.
2022-07-02 07:21:02,690 [pool-381-thread-1] INFO  ratis.ContainerStateMachine (ContainerStateMachine.java:loadSnapshot(236)) - group-246C4D1B62E2: The snapshot info is null. Setting the last applied indexto:(t:0, i:~)
2022-07-02 07:21:02,690 [pool-381-thread-1] INFO  server.RaftServerConfigKeys (ConfUtils.java:logGet(46)) - raft.server.notification.no-leader.timeout = 300s (custom)
2022-07-02 07:21:02,690 [pool-381-thread-1] INFO  server.RaftServerConfigKeys (ConfUtils.java:logGet(46)) - raft.server.log.use.memory = false (default)
2022-07-02 07:21:02,690 [pool-381-thread-1] INFO  server.RaftServerConfigKeys (ConfUtils.java:logGet(46)) - raft.server.log.purge.gap = 1000000 (custom)
2022-07-02 07:21:02,690 [pool-381-thread-1] INFO  server.RaftServerConfigKeys (ConfUtils.java:logGet(46)) - raft.server.log.appender.buffer.byte-limit = 33554432 (custom)
2022-07-02 07:21:02,690 [pool-381-thread-1] INFO  server.RaftServerConfigKeys (ConfUtils.java:logGet(46)) - raft.server.log.statemachine.data.read.timeout = 1000ms (default)
2022-07-02 07:21:02,691 [pool-381-thread-1] INFO  server.RaftServerConfigKeys (ConfUtils.java:logGet(46)) - raft.server.log.segment.size.max = 1048576 (custom)
2022-07-02 07:21:02,691 [pool-381-thread-1] INFO  server.RaftServerConfigKeys (ConfUtils.java:logGet(46)) - raft.server.log.segment.cache.num.max = 2 (custom)
2022-07-02 07:21:02,691 [pool-381-thread-1] INFO  server.RaftServerConfigKeys (ConfUtils.java:logGet(46)) - raft.server.log.segment.cache.size.max = 200MB (=209715200) (default)
2022-07-02 07:21:02,691 [pool-381-thread-1] INFO  segmented.SegmentedRaftLogWorker (SegmentedRaftLogWorker.java:<init>(187)) - new c9a01eed-2c14-4142-866b-b2e3b10906a9@group-246C4D1B62E2-SegmentedRaftLogWorker for RaftStorageImpl:Storage Directory /home/runner/work/ozone/ozone/hadoop-ozone/integration-test/target/test-dir/MiniOzoneClusterImpl-774acf0e-96fd-4c7a-8fa4-f3d3d576173c/datanode-2/data/ratis/27530ee2-d46e-4259-908b-246c4d1b62e2
2022-07-02 07:21:02,691 [pool-381-thread-1] INFO  server.RaftServerConfigKeys (ConfUtils.java:logGet(46)) - raft.server.log.queue.byte-limit = 4294967296 (custom)
2022-07-02 07:21:02,691 [pool-381-thread-1] INFO  server.RaftServerConfigKeys (ConfUtils.java:logGet(46)) - raft.server.log.queue.element-limit = 1024 (custom)
2022-07-02 07:21:02,692 [pool-381-thread-1] INFO  server.RaftServerConfigKeys (ConfUtils.java:logGet(46)) - raft.server.log.segment.size.max = 1048576 (custom)
2022-07-02 07:21:02,692 [pool-381-thread-1] INFO  server.RaftServerConfigKeys (ConfUtils.java:logGet(46)) - raft.server.log.preallocated.size = 16384 (custom)
2022-07-02 07:21:02,692 [pool-381-thread-1] INFO  server.RaftServerConfigKeys (ConfUtils.java:logGet(46)) - raft.server.log.force.sync.num = 128 (default)
2022-07-02 07:21:02,692 [pool-381-thread-1] INFO  server.RaftServerConfigKeys (ConfUtils.java:logGet(46)) - raft.server.log.statemachine.data.sync = true (default)
2022-07-02 07:21:02,692 [pool-381-thread-1] INFO  server.RaftServerConfigKeys (ConfUtils.java:logGet(46)) - raft.server.log.statemachine.data.sync.timeout = 10s (default)
2022-07-02 07:21:02,692 [pool-381-thread-1] INFO  server.RaftServerConfigKeys (ConfUtils.java:logGet(46)) - raft.server.log.statemachine.data.sync.timeout.retry = -1 (default)
2022-07-02 07:21:02,693 [pool-381-thread-1] INFO  server.RaftServerConfigKeys (ConfUtils.java:logGet(46)) - raft.server.log.write.buffer.size = 1048576 (custom)
2022-07-02 07:21:02,693 [pool-381-thread-1] INFO  server.RaftServerConfigKeys (ConfUtils.java:logGet(46)) - raft.server.log.unsafe-flush.enabled = false (default)
2022-07-02 07:21:02,694 [pool-381-thread-1] INFO  server.RaftServerConfigKeys (ConfUtils.java:logGet(46)) - raft.server.log.statemachine.data.caching.enabled = true (custom)
2022-07-02 07:21:02,694 [pool-381-thread-1] INFO  segmented.SegmentedRaftLogWorker (SegmentedRaftLogWorker.java:lambda$new$0(135)) - c9a01eed-2c14-4142-866b-b2e3b10906a9@group-246C4D1B62E2-SegmentedRaftLogWorker: flushIndex: setUnconditionally 0 -> -1
2022-07-02 07:21:02,694 [pool-381-thread-1] INFO  segmented.SegmentedRaftLogWorker (SegmentedRaftLogWorker.java:lambda$new$0(135)) - c9a01eed-2c14-4142-866b-b2e3b10906a9@group-246C4D1B62E2-SegmentedRaftLogWorker: safeCacheEvictIndex: setUnconditionally 0 -> -1
2022-07-02 07:21:02,702 [pool-381-thread-1] INFO  server.RaftServerConfigKeys (ConfUtils.java:logGet(46)) - raft.server.snapshot.auto.trigger.enabled = true (custom)
2022-07-02 07:21:02,702 [pool-381-thread-1] INFO  server.RaftServerConfigKeys (ConfUtils.java:logGet(46)) - raft.server.snapshot.auto.trigger.threshold = 10000 (custom)
2022-07-02 07:21:02,702 [pool-381-thread-1] INFO  server.RaftServerConfigKeys (ConfUtils.java:logGet(46)) - raft.server.snapshot.retention.file.num = 5 (custom)
2022-07-02 07:21:02,702 [pool-381-thread-1] INFO  server.RaftServerConfigKeys (ConfUtils.java:logGet(46)) - raft.server.log.purge.upto.snapshot.index = false (default)
2022-07-02 07:21:02,702 [pool-381-thread-1] INFO  server.RaftServerConfigKeys (ConfUtils.java:logGet(46)) - raft.server.retrycache.expirytime = 600000ms (custom)
2022-07-02 07:21:02,702 [pool-381-thread-1] INFO  server.RaftServerConfigKeys (ConfUtils.java:logGet(46)) - raft.server.retrycache.statistics.expirytime = 100μs (default)
2022-07-02 07:21:02,715 [pool-381-thread-1] INFO  server.RaftServerConfigKeys (ConfUtils.java:logGet(46)) - raft.server.log.appender.install.snapshot.enabled = false (custom)
2022-07-02 07:21:02,715 [pool-381-thread-1] INFO  server.RaftServerConfigKeys (ConfUtils.java:logGet(46)) - raft.server.threadpool.server.cached = true (default)
2022-07-02 07:21:02,715 [pool-381-thread-1] INFO  server.RaftServerConfigKeys (ConfUtils.java:logGet(46)) - raft.server.threadpool.server.size = 0 (default)
2022-07-02 07:21:02,715 [pool-381-thread-1] INFO  server.RaftServerConfigKeys (ConfUtils.java:logGet(46)) - raft.server.threadpool.client.cached = true (default)
2022-07-02 07:21:02,715 [pool-381-thread-1] INFO  server.RaftServerConfigKeys (ConfUtils.java:logGet(46)) - raft.server.threadpool.client.size = 0 (default)
2022-07-02 07:21:02,715 [pool-381-thread-1] INFO  server.RaftServer$Division (RaftServerImpl.java:start(310)) - c9a01eed-2c14-4142-866b-b2e3b10906a9@group-246C4D1B62E2: start as a follower, conf=-1: [1b8544ae-5af5-4df4-b279-24215a24e61f|rpc:10.1.0.20:40747|dataStream:|priority:0, cfe57530-fe42-4aeb-89ca-3dd0b37fa566|rpc:10.1.0.20:46557|dataStream:|priority:0, c9a01eed-2c14-4142-866b-b2e3b10906a9|rpc:10.1.0.20:44461|dataStream:|priority:1], old=null
2022-07-02 07:21:02,715 [pool-381-thread-1] INFO  server.RaftServer$Division (RaftServerImpl.java:setRole(299)) - c9a01eed-2c14-4142-866b-b2e3b10906a9@group-246C4D1B62E2: changes role from      null to FOLLOWER at term 0 for startAsFollower
2022-07-02 07:21:02,715 [pool-381-thread-1] INFO  impl.RoleInfo (RoleInfo.java:updateAndGet(139)) - c9a01eed-2c14-4142-866b-b2e3b10906a9: start c9a01eed-2c14-4142-866b-b2e3b10906a9@group-246C4D1B62E2-FollowerState
2022-07-02 07:21:02,724 [pool-381-thread-1] INFO  util.JmxRegister (JmxRegister.java:tryRegister(44)) - Successfully registered JMX Bean with object name Ratis:service=RaftServer,group=group-246C4D1B62E2,id=c9a01eed-2c14-4142-866b-b2e3b10906a9
2022-07-02 07:21:02,754 [Command processor thread] INFO  commandhandler.CreatePipelineCommandHandler (CreatePipelineCommandHandler.java:handle(113)) - Created Pipeline RATIS THREE PipelineID=27530ee2-d46e-4259-908b-246c4d1b62e2.
2022-07-02 07:21:02,754 [Command processor thread] INFO  server.RaftServer (RaftServerProxy.java:addNew(96)) - 1b8544ae-5af5-4df4-b279-24215a24e61f: addNew group-B48EA2B5E0C5:[1b8544ae-5af5-4df4-b279-24215a24e61f|rpc:10.1.0.20:40747|priority:1, cfe57530-fe42-4aeb-89ca-3dd0b37fa566|rpc:10.1.0.20:46557|priority:0, c9a01eed-2c14-4142-866b-b2e3b10906a9|rpc:10.1.0.20:44461|priority:0] returns group-B48EA2B5E0C5:java.util.concurrent.CompletableFuture@7839ec04[Not completed]
2022-07-02 07:21:02,755 [pool-335-thread-1] INFO  server.RaftServer$Division (RaftServerImpl.java:<init>(190)) - 1b8544ae-5af5-4df4-b279-24215a24e61f: new RaftServerImpl for group-B48EA2B5E0C5:[1b8544ae-5af5-4df4-b279-24215a24e61f|rpc:10.1.0.20:40747|priority:1, cfe57530-fe42-4aeb-89ca-3dd0b37fa566|rpc:10.1.0.20:46557|priority:0, c9a01eed-2c14-4142-866b-b2e3b10906a9|rpc:10.1.0.20:44461|priority:0] with ContainerStateMachine:uninitialized
2022-07-02 07:21:02,755 [pool-335-thread-1] INFO  server.RaftServerConfigKeys (ConfUtils.java:logGet(46)) - raft.server.rpc.timeout.min = 5s (custom)
2022-07-02 07:21:02,755 [pool-335-thread-1] INFO  server.RaftServerConfigKeys (ConfUtils.java:logGet(46)) - raft.server.rpc.timeout.max = 5200ms (custom)
2022-07-02 07:21:02,755 [pool-335-thread-1] INFO  server.RaftServerConfigKeys (ConfUtils.java:logGet(46)) - raft.server.rpc.sleep.time = 25ms (default)
2022-07-02 07:21:02,755 [pool-335-thread-1] INFO  server.RaftServerConfigKeys (ConfUtils.java:logGet(46)) - raft.server.rpc.slowness.timeout = 300s (custom)
2022-07-02 07:21:02,755 [pool-335-thread-1] INFO  server.RaftServerConfigKeys (ConfUtils.java:logGet(46)) - raft.server.leaderelection.leader.step-down.wait-time = 10s (default)
2022-07-02 07:21:02,756 [pool-335-thread-1] INFO  server.RaftServerConfigKeys (ConfUtils.java:logGet(46)) - raft.server.sleep.deviation.threshold = 300ms (default)
2022-07-02 07:21:02,756 [pool-335-thread-1] INFO  server.RaftServer$Division (ServerState.java:<init>(107)) - 1b8544ae-5af5-4df4-b279-24215a24e61f@group-B48EA2B5E0C5: ConfigurationManager, init=-1: [1b8544ae-5af5-4df4-b279-24215a24e61f|rpc:10.1.0.20:40747|priority:1, cfe57530-fe42-4aeb-89ca-3dd0b37fa566|rpc:10.1.0.20:46557|priority:0, c9a01eed-2c14-4142-866b-b2e3b10906a9|rpc:10.1.0.20:44461|priority:0], old=null, confs=<EMPTY_MAP>
2022-07-02 07:21:02,756 [pool-335-thread-1] INFO  server.RaftServerConfigKeys (ConfUtils.java:logGet(46)) - raft.server.storage.dir = [/home/runner/work/ozone/ozone/hadoop-ozone/integration-test/target/test-dir/MiniOzoneClusterImpl-774acf0e-96fd-4c7a-8fa4-f3d3d576173c/datanode-0/data/ratis] (custom)
2022-07-02 07:21:02,756 [pool-335-thread-1] INFO  server.RaftServerConfigKeys (ConfUtils.java:logGet(46)) - raft.server.log.corruption.policy = EXCEPTION (default)
2022-07-02 07:21:02,756 [pool-335-thread-1] INFO  server.RaftServerConfigKeys (ConfUtils.java:logGet(46)) - raft.server.storage.free-space.min = 0MB (=0) (default)
2022-07-02 07:21:02,756 [pool-335-thread-1] INFO  storage.RaftStorageDirectory (RaftStorageDirectoryImpl.java:analyzeStorage(135)) - The storage directory /home/runner/work/ozone/ozone/hadoop-ozone/integration-test/target/test-dir/MiniOzoneClusterImpl-774acf0e-96fd-4c7a-8fa4-f3d3d576173c/datanode-0/data/ratis/e65cfd6b-fe88-429d-b234-b48ea2b5e0c5 does not exist. Creating ...
2022-07-02 07:21:02,764 [pool-335-thread-1] INFO  storage.RaftStorageDirectory (RaftStorageDirectoryImpl.java:tryLock(230)) - Lock on /home/runner/work/ozone/ozone/hadoop-ozone/integration-test/target/test-dir/MiniOzoneClusterImpl-774acf0e-96fd-4c7a-8fa4-f3d3d576173c/datanode-0/data/ratis/e65cfd6b-fe88-429d-b234-b48ea2b5e0c5/in_use.lock acquired by nodename 16391@fv-az444-838
2022-07-02 07:21:02,765 [pool-335-thread-1] INFO  storage.RaftStorage (RaftStorageImpl.java:format(89)) - Storage directory /home/runner/work/ozone/ozone/hadoop-ozone/integration-test/target/test-dir/MiniOzoneClusterImpl-774acf0e-96fd-4c7a-8fa4-f3d3d576173c/datanode-0/data/ratis/e65cfd6b-fe88-429d-b234-b48ea2b5e0c5 has been successfully formatted.
2022-07-02 07:21:02,766 [pool-335-thread-1] INFO  ratis.ContainerStateMachine (ContainerStateMachine.java:loadSnapshot(236)) - group-B48EA2B5E0C5: The snapshot info is null. Setting the last applied indexto:(t:0, i:~)
2022-07-02 07:21:02,766 [pool-335-thread-1] INFO  server.RaftServerConfigKeys (ConfUtils.java:logGet(46)) - raft.server.notification.no-leader.timeout = 300s (custom)
2022-07-02 07:21:02,766 [pool-335-thread-1] INFO  server.RaftServerConfigKeys (ConfUtils.java:logGet(46)) - raft.server.log.use.memory = false (default)
2022-07-02 07:21:02,766 [pool-335-thread-1] INFO  server.RaftServerConfigKeys (ConfUtils.java:logGet(46)) - raft.server.log.purge.gap = 1000000 (custom)
2022-07-02 07:21:02,766 [pool-335-thread-1] INFO  server.RaftServerConfigKeys (ConfUtils.java:logGet(46)) - raft.server.log.appender.buffer.byte-limit = 33554432 (custom)
2022-07-02 07:21:02,766 [pool-335-thread-1] INFO  server.RaftServerConfigKeys (ConfUtils.java:logGet(46)) - raft.server.log.statemachine.data.read.timeout = 1000ms (default)
2022-07-02 07:21:02,767 [EventQueue-OpenPipelineForHealthyPipelineSafeModeRule] INFO  safemode.SCMSafeModeManager (HealthyPipelineSafeModeRule.java:process(124)) - SCM in safe mode. Healthy pipelines reported count is 0, required healthy pipeline reported count is 1
2022-07-02 07:21:02,767 [pool-335-thread-1] INFO  server.RaftServerConfigKeys (ConfUtils.java:logGet(46)) - raft.server.log.segment.size.max = 1048576 (custom)
2022-07-02 07:21:02,768 [pool-335-thread-1] INFO  server.RaftServerConfigKeys (ConfUtils.java:logGet(46)) - raft.server.log.segment.cache.num.max = 2 (custom)
2022-07-02 07:21:02,768 [pool-335-thread-1] INFO  server.RaftServerConfigKeys (ConfUtils.java:logGet(46)) - raft.server.log.segment.cache.size.max = 200MB (=209715200) (default)
2022-07-02 07:21:02,768 [pool-335-thread-1] INFO  segmented.SegmentedRaftLogWorker (SegmentedRaftLogWorker.java:<init>(187)) - new 1b8544ae-5af5-4df4-b279-24215a24e61f@group-B48EA2B5E0C5-SegmentedRaftLogWorker for RaftStorageImpl:Storage Directory /home/runner/work/ozone/ozone/hadoop-ozone/integration-test/target/test-dir/MiniOzoneClusterImpl-774acf0e-96fd-4c7a-8fa4-f3d3d576173c/datanode-0/data/ratis/e65cfd6b-fe88-429d-b234-b48ea2b5e0c5
2022-07-02 07:21:02,768 [pool-335-thread-1] INFO  server.RaftServerConfigKeys (ConfUtils.java:logGet(46)) - raft.server.log.queue.byte-limit = 4294967296 (custom)
2022-07-02 07:21:02,768 [pool-335-thread-1] INFO  server.RaftServerConfigKeys (ConfUtils.java:logGet(46)) - raft.server.log.queue.element-limit = 1024 (custom)
2022-07-02 07:21:02,768 [pool-335-thread-1] INFO  server.RaftServerConfigKeys (ConfUtils.java:logGet(46)) - raft.server.log.segment.size.max = 1048576 (custom)
2022-07-02 07:21:02,772 [pool-335-thread-1] INFO  server.RaftServerConfigKeys (ConfUtils.java:logGet(46)) - raft.server.log.preallocated.size = 16384 (custom)
2022-07-02 07:21:02,772 [pool-335-thread-1] INFO  server.RaftServerConfigKeys (ConfUtils.java:logGet(46)) - raft.server.log.force.sync.num = 128 (default)
2022-07-02 07:21:02,772 [pool-335-thread-1] INFO  server.RaftServerConfigKeys (ConfUtils.java:logGet(46)) - raft.server.log.statemachine.data.sync = true (default)
2022-07-02 07:21:02,772 [pool-335-thread-1] INFO  server.RaftServerConfigKeys (ConfUtils.java:logGet(46)) - raft.server.log.statemachine.data.sync.timeout = 10s (default)
2022-07-02 07:21:02,772 [pool-335-thread-1] INFO  server.RaftServerConfigKeys (ConfUtils.java:logGet(46)) - raft.server.log.statemachine.data.sync.timeout.retry = -1 (default)
2022-07-02 07:21:02,773 [pool-335-thread-1] INFO  server.RaftServerConfigKeys (ConfUtils.java:logGet(46)) - raft.server.log.write.buffer.size = 1048576 (custom)
2022-07-02 07:21:02,774 [pool-335-thread-1] INFO  server.RaftServerConfigKeys (ConfUtils.java:logGet(46)) - raft.server.log.unsafe-flush.enabled = false (default)
2022-07-02 07:21:02,774 [pool-335-thread-1] INFO  server.RaftServerConfigKeys (ConfUtils.java:logGet(46)) - raft.server.log.statemachine.data.caching.enabled = true (custom)
2022-07-02 07:21:02,774 [pool-335-thread-1] INFO  segmented.SegmentedRaftLogWorker (SegmentedRaftLogWorker.java:lambda$new$0(135)) - 1b8544ae-5af5-4df4-b279-24215a24e61f@group-B48EA2B5E0C5-SegmentedRaftLogWorker: flushIndex: setUnconditionally 0 -> -1
2022-07-02 07:21:02,774 [pool-335-thread-1] INFO  segmented.SegmentedRaftLogWorker (SegmentedRaftLogWorker.java:lambda$new$0(135)) - 1b8544ae-5af5-4df4-b279-24215a24e61f@group-B48EA2B5E0C5-SegmentedRaftLogWorker: safeCacheEvictIndex: setUnconditionally 0 -> -1
2022-07-02 07:21:02,788 [pool-335-thread-1] INFO  server.RaftServerConfigKeys (ConfUtils.java:logGet(46)) - raft.server.snapshot.auto.trigger.enabled = true (custom)
2022-07-02 07:21:02,788 [pool-335-thread-1] INFO  server.RaftServerConfigKeys (ConfUtils.java:logGet(46)) - raft.server.snapshot.auto.trigger.threshold = 10000 (custom)
2022-07-02 07:21:02,788 [pool-335-thread-1] INFO  server.RaftServerConfigKeys (ConfUtils.java:logGet(46)) - raft.server.snapshot.retention.file.num = 5 (custom)
2022-07-02 07:21:02,788 [pool-335-thread-1] INFO  server.RaftServerConfigKeys (ConfUtils.java:logGet(46)) - raft.server.log.purge.upto.snapshot.index = false (default)
2022-07-02 07:21:02,788 [pool-335-thread-1] INFO  server.RaftServerConfigKeys (ConfUtils.java:logGet(46)) - raft.server.retrycache.expirytime = 600000ms (custom)
2022-07-02 07:21:02,788 [pool-335-thread-1] INFO  server.RaftServerConfigKeys (ConfUtils.java:logGet(46)) - raft.server.retrycache.statistics.expirytime = 100μs (default)
2022-07-02 07:21:02,790 [pool-335-thread-1] INFO  server.RaftServerConfigKeys (ConfUtils.java:logGet(46)) - raft.server.log.appender.install.snapshot.enabled = false (custom)
2022-07-02 07:21:02,790 [pool-335-thread-1] INFO  server.RaftServerConfigKeys (ConfUtils.java:logGet(46)) - raft.server.threadpool.server.cached = true (default)
2022-07-02 07:21:02,790 [pool-335-thread-1] INFO  server.RaftServerConfigKeys (ConfUtils.java:logGet(46)) - raft.server.threadpool.server.size = 0 (default)
2022-07-02 07:21:02,790 [pool-335-thread-1] INFO  server.RaftServerConfigKeys (ConfUtils.java:logGet(46)) - raft.server.threadpool.client.cached = true (default)
2022-07-02 07:21:02,790 [pool-335-thread-1] INFO  server.RaftServerConfigKeys (ConfUtils.java:logGet(46)) - raft.server.threadpool.client.size = 0 (default)
2022-07-02 07:21:02,790 [pool-335-thread-1] INFO  server.RaftServer$Division (RaftServerImpl.java:start(310)) - 1b8544ae-5af5-4df4-b279-24215a24e61f@group-B48EA2B5E0C5: start as a follower, conf=-1: [1b8544ae-5af5-4df4-b279-24215a24e61f|rpc:10.1.0.20:40747|priority:1, cfe57530-fe42-4aeb-89ca-3dd0b37fa566|rpc:10.1.0.20:46557|priority:0, c9a01eed-2c14-4142-866b-b2e3b10906a9|rpc:10.1.0.20:44461|priority:0], old=null
2022-07-02 07:21:02,790 [pool-335-thread-1] INFO  server.RaftServer$Division (RaftServerImpl.java:setRole(299)) - 1b8544ae-5af5-4df4-b279-24215a24e61f@group-B48EA2B5E0C5: changes role from      null to FOLLOWER at term 0 for startAsFollower
2022-07-02 07:21:02,790 [pool-335-thread-1] INFO  impl.RoleInfo (RoleInfo.java:updateAndGet(139)) - 1b8544ae-5af5-4df4-b279-24215a24e61f: start 1b8544ae-5af5-4df4-b279-24215a24e61f@group-B48EA2B5E0C5-FollowerState
2022-07-02 07:21:02,792 [pool-335-thread-1] INFO  util.JmxRegister (JmxRegister.java:tryRegister(44)) - Successfully registered JMX Bean with object name Ratis:service=RaftServer,group=group-B48EA2B5E0C5,id=1b8544ae-5af5-4df4-b279-24215a24e61f
2022-07-02 07:21:02,800 [Command processor thread] INFO  ratis.XceiverServerRatis (XceiverServerRatis.java:addGroup(765)) - Created group PipelineID=e65cfd6b-fe88-429d-b234-b48ea2b5e0c5
2022-07-02 07:21:02,821 [grpc-default-executor-0] INFO  server.RaftServer (RaftServerProxy.java:addNew(96)) - c9a01eed-2c14-4142-866b-b2e3b10906a9: addNew group-B48EA2B5E0C5:[1b8544ae-5af5-4df4-b279-24215a24e61f|rpc:10.1.0.20:40747|dataStream:|priority:1, cfe57530-fe42-4aeb-89ca-3dd0b37fa566|rpc:10.1.0.20:46557|dataStream:|priority:0, c9a01eed-2c14-4142-866b-b2e3b10906a9|rpc:10.1.0.20:44461|dataStream:|priority:0] returns group-B48EA2B5E0C5:java.util.concurrent.CompletableFuture@43bc12ac[Not completed]
2022-07-02 07:21:02,822 [pool-381-thread-1] INFO  server.RaftServer$Division (RaftServerImpl.java:<init>(190)) - c9a01eed-2c14-4142-866b-b2e3b10906a9: new RaftServerImpl for group-B48EA2B5E0C5:[1b8544ae-5af5-4df4-b279-24215a24e61f|rpc:10.1.0.20:40747|dataStream:|priority:1, cfe57530-fe42-4aeb-89ca-3dd0b37fa566|rpc:10.1.0.20:46557|dataStream:|priority:0, c9a01eed-2c14-4142-866b-b2e3b10906a9|rpc:10.1.0.20:44461|dataStream:|priority:0] with ContainerStateMachine:uninitialized
2022-07-02 07:21:02,822 [pool-381-thread-1] INFO  server.RaftServerConfigKeys (ConfUtils.java:logGet(46)) - raft.server.rpc.timeout.min = 5s (custom)
2022-07-02 07:21:02,823 [pool-381-thread-1] INFO  server.RaftServerConfigKeys (ConfUtils.java:logGet(46)) - raft.server.rpc.timeout.max = 5200ms (custom)
2022-07-02 07:21:02,823 [pool-381-thread-1] INFO  server.RaftServerConfigKeys (ConfUtils.java:logGet(46)) - raft.server.rpc.sleep.time = 25ms (default)
2022-07-02 07:21:02,823 [pool-381-thread-1] INFO  server.RaftServerConfigKeys (ConfUtils.java:logGet(46)) - raft.server.rpc.slowness.timeout = 300s (custom)
2022-07-02 07:21:02,823 [pool-381-thread-1] INFO  server.RaftServerConfigKeys (ConfUtils.java:logGet(46)) - raft.server.leaderelection.leader.step-down.wait-time = 10s (default)
2022-07-02 07:21:02,823 [pool-381-thread-1] INFO  server.RaftServerConfigKeys (ConfUtils.java:logGet(46)) - raft.server.sleep.deviation.threshold = 300ms (default)
2022-07-02 07:21:02,823 [pool-381-thread-1] INFO  server.RaftServer$Division (ServerState.java:<init>(107)) - c9a01eed-2c14-4142-866b-b2e3b10906a9@group-B48EA2B5E0C5: ConfigurationManager, init=-1: [1b8544ae-5af5-4df4-b279-24215a24e61f|rpc:10.1.0.20:40747|dataStream:|priority:1, cfe57530-fe42-4aeb-89ca-3dd0b37fa566|rpc:10.1.0.20:46557|dataStream:|priority:0, c9a01eed-2c14-4142-866b-b2e3b10906a9|rpc:10.1.0.20:44461|dataStream:|priority:0], old=null, confs=<EMPTY_MAP>
2022-07-02 07:21:02,823 [pool-381-thread-1] INFO  server.RaftServerConfigKeys (ConfUtils.java:logGet(46)) - raft.server.storage.dir = [/home/runner/work/ozone/ozone/hadoop-ozone/integration-test/target/test-dir/MiniOzoneClusterImpl-774acf0e-96fd-4c7a-8fa4-f3d3d576173c/datanode-2/data/ratis] (custom)
2022-07-02 07:21:02,823 [pool-381-thread-1] INFO  server.RaftServerConfigKeys (ConfUtils.java:logGet(46)) - raft.server.log.corruption.policy = EXCEPTION (default)
2022-07-02 07:21:02,823 [pool-381-thread-1] INFO  server.RaftServerConfigKeys (ConfUtils.java:logGet(46)) - raft.server.storage.free-space.min = 0MB (=0) (default)
2022-07-02 07:21:02,823 [pool-381-thread-1] INFO  storage.RaftStorageDirectory (RaftStorageDirectoryImpl.java:analyzeStorage(135)) - The storage directory /home/runner/work/ozone/ozone/hadoop-ozone/integration-test/target/test-dir/MiniOzoneClusterImpl-774acf0e-96fd-4c7a-8fa4-f3d3d576173c/datanode-2/data/ratis/e65cfd6b-fe88-429d-b234-b48ea2b5e0c5 does not exist. Creating ...
2022-07-02 07:21:02,825 [pool-381-thread-1] INFO  storage.RaftStorageDirectory (RaftStorageDirectoryImpl.java:tryLock(230)) - Lock on /home/runner/work/ozone/ozone/hadoop-ozone/integration-test/target/test-dir/MiniOzoneClusterImpl-774acf0e-96fd-4c7a-8fa4-f3d3d576173c/datanode-2/data/ratis/e65cfd6b-fe88-429d-b234-b48ea2b5e0c5/in_use.lock acquired by nodename 16391@fv-az444-838
2022-07-02 07:21:02,829 [pool-381-thread-1] INFO  storage.RaftStorage (RaftStorageImpl.java:format(89)) - Storage directory /home/runner/work/ozone/ozone/hadoop-ozone/integration-test/target/test-dir/MiniOzoneClusterImpl-774acf0e-96fd-4c7a-8fa4-f3d3d576173c/datanode-2/data/ratis/e65cfd6b-fe88-429d-b234-b48ea2b5e0c5 has been successfully formatted.
2022-07-02 07:21:02,830 [pool-381-thread-1] INFO  ratis.ContainerStateMachine (ContainerStateMachine.java:loadSnapshot(236)) - group-B48EA2B5E0C5: The snapshot info is null. Setting the last applied indexto:(t:0, i:~)
2022-07-02 07:21:02,830 [pool-381-thread-1] INFO  server.RaftServerConfigKeys (ConfUtils.java:logGet(46)) - raft.server.notification.no-leader.timeout = 300s (custom)
2022-07-02 07:21:02,830 [pool-381-thread-1] INFO  server.RaftServerConfigKeys (ConfUtils.java:logGet(46)) - raft.server.log.use.memory = false (default)
2022-07-02 07:21:02,830 [pool-381-thread-1] INFO  server.RaftServerConfigKeys (ConfUtils.java:logGet(46)) - raft.server.log.purge.gap = 1000000 (custom)
2022-07-02 07:21:02,831 [pool-381-thread-1] INFO  server.RaftServerConfigKeys (ConfUtils.java:logGet(46)) - raft.server.log.appender.buffer.byte-limit = 33554432 (custom)
2022-07-02 07:21:02,832 [pool-381-thread-1] INFO  server.RaftServerConfigKeys (ConfUtils.java:logGet(46)) - raft.server.log.statemachine.data.read.timeout = 1000ms (default)
2022-07-02 07:21:02,832 [pool-381-thread-1] INFO  server.RaftServerConfigKeys (ConfUtils.java:logGet(46)) - raft.server.log.segment.size.max = 1048576 (custom)
2022-07-02 07:21:02,832 [pool-381-thread-1] INFO  server.RaftServerConfigKeys (ConfUtils.java:logGet(46)) - raft.server.log.segment.cache.num.max = 2 (custom)
2022-07-02 07:21:02,832 [pool-381-thread-1] INFO  server.RaftServerConfigKeys (ConfUtils.java:logGet(46)) - raft.server.log.segment.cache.size.max = 200MB (=209715200) (default)
2022-07-02 07:21:02,832 [pool-381-thread-1] INFO  segmented.SegmentedRaftLogWorker (SegmentedRaftLogWorker.java:<init>(187)) - new c9a01eed-2c14-4142-866b-b2e3b10906a9@group-B48EA2B5E0C5-SegmentedRaftLogWorker for RaftStorageImpl:Storage Directory /home/runner/work/ozone/ozone/hadoop-ozone/integration-test/target/test-dir/MiniOzoneClusterImpl-774acf0e-96fd-4c7a-8fa4-f3d3d576173c/datanode-2/data/ratis/e65cfd6b-fe88-429d-b234-b48ea2b5e0c5
2022-07-02 07:21:02,832 [pool-381-thread-1] INFO  server.RaftServerConfigKeys (ConfUtils.java:logGet(46)) - raft.server.log.queue.byte-limit = 4294967296 (custom)
2022-07-02 07:21:02,832 [pool-381-thread-1] INFO  server.RaftServerConfigKeys (ConfUtils.java:logGet(46)) - raft.server.log.queue.element-limit = 1024 (custom)
2022-07-02 07:21:02,833 [pool-381-thread-1] INFO  server.RaftServerConfigKeys (ConfUtils.java:logGet(46)) - raft.server.log.segment.size.max = 1048576 (custom)
2022-07-02 07:21:02,833 [pool-381-thread-1] INFO  server.RaftServerConfigKeys (ConfUtils.java:logGet(46)) - raft.server.log.preallocated.size = 16384 (custom)
2022-07-02 07:21:02,833 [pool-381-thread-1] INFO  server.RaftServerConfigKeys (ConfUtils.java:logGet(46)) - raft.server.log.force.sync.num = 128 (default)
2022-07-02 07:21:02,833 [pool-381-thread-1] INFO  server.RaftServerConfigKeys (ConfUtils.java:logGet(46)) - raft.server.log.statemachine.data.sync = true (default)
2022-07-02 07:21:02,833 [pool-381-thread-1] INFO  server.RaftServerConfigKeys (ConfUtils.java:logGet(46)) - raft.server.log.statemachine.data.sync.timeout = 10s (default)
2022-07-02 07:21:02,833 [pool-381-thread-1] INFO  server.RaftServerConfigKeys (ConfUtils.java:logGet(46)) - raft.server.log.statemachine.data.sync.timeout.retry = -1 (default)
2022-07-02 07:21:02,834 [pool-381-thread-1] INFO  server.RaftServerConfigKeys (ConfUtils.java:logGet(46)) - raft.server.log.write.buffer.size = 1048576 (custom)
2022-07-02 07:21:02,834 [pool-381-thread-1] INFO  server.RaftServerConfigKeys (ConfUtils.java:logGet(46)) - raft.server.log.unsafe-flush.enabled = false (default)
2022-07-02 07:21:02,834 [pool-381-thread-1] INFO  server.RaftServerConfigKeys (ConfUtils.java:logGet(46)) - raft.server.log.statemachine.data.caching.enabled = true (custom)
2022-07-02 07:21:02,835 [pool-381-thread-1] INFO  segmented.SegmentedRaftLogWorker (SegmentedRaftLogWorker.java:lambda$new$0(135)) - c9a01eed-2c14-4142-866b-b2e3b10906a9@group-B48EA2B5E0C5-SegmentedRaftLogWorker: flushIndex: setUnconditionally 0 -> -1
2022-07-02 07:21:02,835 [pool-381-thread-1] INFO  segmented.SegmentedRaftLogWorker (SegmentedRaftLogWorker.java:lambda$new$0(135)) - c9a01eed-2c14-4142-866b-b2e3b10906a9@group-B48EA2B5E0C5-SegmentedRaftLogWorker: safeCacheEvictIndex: setUnconditionally 0 -> -1
2022-07-02 07:21:02,849 [pool-381-thread-1] INFO  server.RaftServerConfigKeys (ConfUtils.java:logGet(46)) - raft.server.snapshot.auto.trigger.enabled = true (custom)
2022-07-02 07:21:02,849 [pool-381-thread-1] INFO  server.RaftServerConfigKeys (ConfUtils.java:logGet(46)) - raft.server.snapshot.auto.trigger.threshold = 10000 (custom)
2022-07-02 07:21:02,850 [pool-381-thread-1] INFO  server.RaftServerConfigKeys (ConfUtils.java:logGet(46)) - raft.server.snapshot.retention.file.num = 5 (custom)
2022-07-02 07:21:02,850 [pool-381-thread-1] INFO  server.RaftServerConfigKeys (ConfUtils.java:logGet(46)) - raft.server.log.purge.upto.snapshot.index = false (default)
2022-07-02 07:21:02,850 [pool-381-thread-1] INFO  server.RaftServerConfigKeys (ConfUtils.java:logGet(46)) - raft.server.retrycache.expirytime = 600000ms (custom)
2022-07-02 07:21:02,850 [pool-381-thread-1] INFO  server.RaftServerConfigKeys (ConfUtils.java:logGet(46)) - raft.server.retrycache.statistics.expirytime = 100μs (default)
2022-07-02 07:21:02,851 [pool-381-thread-1] INFO  server.RaftServerConfigKeys (ConfUtils.java:logGet(46)) - raft.server.log.appender.install.snapshot.enabled = false (custom)
2022-07-02 07:21:02,851 [pool-381-thread-1] INFO  server.RaftServerConfigKeys (ConfUtils.java:logGet(46)) - raft.server.threadpool.server.cached = true (default)
2022-07-02 07:21:02,851 [pool-381-thread-1] INFO  server.RaftServerConfigKeys (ConfUtils.java:logGet(46)) - raft.server.threadpool.server.size = 0 (default)
2022-07-02 07:21:02,851 [pool-381-thread-1] INFO  server.RaftServerConfigKeys (ConfUtils.java:logGet(46)) - raft.server.threadpool.client.cached = true (default)
2022-07-02 07:21:02,851 [pool-381-thread-1] INFO  server.RaftServerConfigKeys (ConfUtils.java:logGet(46)) - raft.server.threadpool.client.size = 0 (default)
2022-07-02 07:21:02,851 [pool-381-thread-1] INFO  server.RaftServer$Division (RaftServerImpl.java:start(310)) - c9a01eed-2c14-4142-866b-b2e3b10906a9@group-B48EA2B5E0C5: start as a follower, conf=-1: [1b8544ae-5af5-4df4-b279-24215a24e61f|rpc:10.1.0.20:40747|dataStream:|priority:1, cfe57530-fe42-4aeb-89ca-3dd0b37fa566|rpc:10.1.0.20:46557|dataStream:|priority:0, c9a01eed-2c14-4142-866b-b2e3b10906a9|rpc:10.1.0.20:44461|dataStream:|priority:0], old=null
2022-07-02 07:21:02,851 [pool-381-thread-1] INFO  server.RaftServer$Division (RaftServerImpl.java:setRole(299)) - c9a01eed-2c14-4142-866b-b2e3b10906a9@group-B48EA2B5E0C5: changes role from      null to FOLLOWER at term 0 for startAsFollower
2022-07-02 07:21:02,852 [pool-381-thread-1] INFO  impl.RoleInfo (RoleInfo.java:updateAndGet(139)) - c9a01eed-2c14-4142-866b-b2e3b10906a9: start c9a01eed-2c14-4142-866b-b2e3b10906a9@group-B48EA2B5E0C5-FollowerState
2022-07-02 07:21:02,852 [pool-381-thread-1] INFO  util.JmxRegister (JmxRegister.java:tryRegister(44)) - Successfully registered JMX Bean with object name Ratis:service=RaftServer,group=group-B48EA2B5E0C5,id=c9a01eed-2c14-4142-866b-b2e3b10906a9
2022-07-02 07:21:02,889 [grpc-default-executor-0] INFO  server.RaftServer (RaftServerProxy.java:addNew(96)) - cfe57530-fe42-4aeb-89ca-3dd0b37fa566: addNew group-B48EA2B5E0C5:[1b8544ae-5af5-4df4-b279-24215a24e61f|rpc:10.1.0.20:40747|dataStream:|priority:1, cfe57530-fe42-4aeb-89ca-3dd0b37fa566|rpc:10.1.0.20:46557|dataStream:|priority:0, c9a01eed-2c14-4142-866b-b2e3b10906a9|rpc:10.1.0.20:44461|dataStream:|priority:0] returns group-B48EA2B5E0C5:java.util.concurrent.CompletableFuture@302bd822[Not completed]
2022-07-02 07:21:02,890 [pool-358-thread-1] INFO  server.RaftServer$Division (RaftServerImpl.java:<init>(190)) - cfe57530-fe42-4aeb-89ca-3dd0b37fa566: new RaftServerImpl for group-B48EA2B5E0C5:[1b8544ae-5af5-4df4-b279-24215a24e61f|rpc:10.1.0.20:40747|dataStream:|priority:1, cfe57530-fe42-4aeb-89ca-3dd0b37fa566|rpc:10.1.0.20:46557|dataStream:|priority:0, c9a01eed-2c14-4142-866b-b2e3b10906a9|rpc:10.1.0.20:44461|dataStream:|priority:0] with ContainerStateMachine:uninitialized
2022-07-02 07:21:02,890 [pool-358-thread-1] INFO  server.RaftServerConfigKeys (ConfUtils.java:logGet(46)) - raft.server.rpc.timeout.min = 5s (custom)
2022-07-02 07:21:02,890 [pool-358-thread-1] INFO  server.RaftServerConfigKeys (ConfUtils.java:logGet(46)) - raft.server.rpc.timeout.max = 5200ms (custom)
2022-07-02 07:21:02,890 [pool-358-thread-1] INFO  server.RaftServerConfigKeys (ConfUtils.java:logGet(46)) - raft.server.rpc.sleep.time = 25ms (default)
2022-07-02 07:21:02,890 [pool-358-thread-1] INFO  server.RaftServerConfigKeys (ConfUtils.java:logGet(46)) - raft.server.rpc.slowness.timeout = 300s (custom)
2022-07-02 07:21:02,890 [pool-358-thread-1] INFO  server.RaftServerConfigKeys (ConfUtils.java:logGet(46)) - raft.server.leaderelection.leader.step-down.wait-time = 10s (default)
2022-07-02 07:21:02,890 [pool-358-thread-1] INFO  server.RaftServerConfigKeys (ConfUtils.java:logGet(46)) - raft.server.sleep.deviation.threshold = 300ms (default)
2022-07-02 07:21:02,890 [pool-358-thread-1] INFO  server.RaftServer$Division (ServerState.java:<init>(107)) - cfe57530-fe42-4aeb-89ca-3dd0b37fa566@group-B48EA2B5E0C5: ConfigurationManager, init=-1: [1b8544ae-5af5-4df4-b279-24215a24e61f|rpc:10.1.0.20:40747|dataStream:|priority:1, cfe57530-fe42-4aeb-89ca-3dd0b37fa566|rpc:10.1.0.20:46557|dataStream:|priority:0, c9a01eed-2c14-4142-866b-b2e3b10906a9|rpc:10.1.0.20:44461|dataStream:|priority:0], old=null, confs=<EMPTY_MAP>
2022-07-02 07:21:02,891 [pool-358-thread-1] INFO  server.RaftServerConfigKeys (ConfUtils.java:logGet(46)) - raft.server.storage.dir = [/home/runner/work/ozone/ozone/hadoop-ozone/integration-test/target/test-dir/MiniOzoneClusterImpl-774acf0e-96fd-4c7a-8fa4-f3d3d576173c/datanode-1/data/ratis] (custom)
2022-07-02 07:21:02,891 [pool-358-thread-1] INFO  server.RaftServerConfigKeys (ConfUtils.java:logGet(46)) - raft.server.log.corruption.policy = EXCEPTION (default)
2022-07-02 07:21:02,891 [pool-358-thread-1] INFO  server.RaftServerConfigKeys (ConfUtils.java:logGet(46)) - raft.server.storage.free-space.min = 0MB (=0) (default)
2022-07-02 07:21:02,891 [pool-358-thread-1] INFO  storage.RaftStorageDirectory (RaftStorageDirectoryImpl.java:analyzeStorage(135)) - The storage directory /home/runner/work/ozone/ozone/hadoop-ozone/integration-test/target/test-dir/MiniOzoneClusterImpl-774acf0e-96fd-4c7a-8fa4-f3d3d576173c/datanode-1/data/ratis/e65cfd6b-fe88-429d-b234-b48ea2b5e0c5 does not exist. Creating ...
2022-07-02 07:21:02,892 [pool-358-thread-1] INFO  storage.RaftStorageDirectory (RaftStorageDirectoryImpl.java:tryLock(230)) - Lock on /home/runner/work/ozone/ozone/hadoop-ozone/integration-test/target/test-dir/MiniOzoneClusterImpl-774acf0e-96fd-4c7a-8fa4-f3d3d576173c/datanode-1/data/ratis/e65cfd6b-fe88-429d-b234-b48ea2b5e0c5/in_use.lock acquired by nodename 16391@fv-az444-838
2022-07-02 07:21:02,902 [pool-358-thread-1] INFO  storage.RaftStorage (RaftStorageImpl.java:format(89)) - Storage directory /home/runner/work/ozone/ozone/hadoop-ozone/integration-test/target/test-dir/MiniOzoneClusterImpl-774acf0e-96fd-4c7a-8fa4-f3d3d576173c/datanode-1/data/ratis/e65cfd6b-fe88-429d-b234-b48ea2b5e0c5 has been successfully formatted.
2022-07-02 07:21:02,902 [pool-358-thread-1] INFO  ratis.ContainerStateMachine (ContainerStateMachine.java:loadSnapshot(236)) - group-B48EA2B5E0C5: The snapshot info is null. Setting the last applied indexto:(t:0, i:~)
2022-07-02 07:21:02,903 [pool-358-thread-1] INFO  server.RaftServerConfigKeys (ConfUtils.java:logGet(46)) - raft.server.notification.no-leader.timeout = 300s (custom)
2022-07-02 07:21:02,903 [pool-358-thread-1] INFO  server.RaftServerConfigKeys (ConfUtils.java:logGet(46)) - raft.server.log.use.memory = false (default)
2022-07-02 07:21:02,903 [pool-358-thread-1] INFO  server.RaftServerConfigKeys (ConfUtils.java:logGet(46)) - raft.server.log.purge.gap = 1000000 (custom)
2022-07-02 07:21:02,903 [pool-358-thread-1] INFO  server.RaftServerConfigKeys (ConfUtils.java:logGet(46)) - raft.server.log.appender.buffer.byte-limit = 33554432 (custom)
2022-07-02 07:21:02,903 [pool-358-thread-1] INFO  server.RaftServerConfigKeys (ConfUtils.java:logGet(46)) - raft.server.log.statemachine.data.read.timeout = 1000ms (default)
2022-07-02 07:21:02,906 [pool-358-thread-1] INFO  server.RaftServerConfigKeys (ConfUtils.java:logGet(46)) - raft.server.log.segment.size.max = 1048576 (custom)
2022-07-02 07:21:02,907 [pool-358-thread-1] INFO  server.RaftServerConfigKeys (ConfUtils.java:logGet(46)) - raft.server.log.segment.cache.num.max = 2 (custom)
2022-07-02 07:21:02,907 [pool-358-thread-1] INFO  server.RaftServerConfigKeys (ConfUtils.java:logGet(46)) - raft.server.log.segment.cache.size.max = 200MB (=209715200) (default)
2022-07-02 07:21:02,907 [pool-358-thread-1] INFO  segmented.SegmentedRaftLogWorker (SegmentedRaftLogWorker.java:<init>(187)) - new cfe57530-fe42-4aeb-89ca-3dd0b37fa566@group-B48EA2B5E0C5-SegmentedRaftLogWorker for RaftStorageImpl:Storage Directory /home/runner/work/ozone/ozone/hadoop-ozone/integration-test/target/test-dir/MiniOzoneClusterImpl-774acf0e-96fd-4c7a-8fa4-f3d3d576173c/datanode-1/data/ratis/e65cfd6b-fe88-429d-b234-b48ea2b5e0c5
2022-07-02 07:21:02,907 [pool-358-thread-1] INFO  server.RaftServerConfigKeys (ConfUtils.java:logGet(46)) - raft.server.log.queue.byte-limit = 4294967296 (custom)
2022-07-02 07:21:02,908 [pool-358-thread-1] INFO  server.RaftServerConfigKeys (ConfUtils.java:logGet(46)) - raft.server.log.queue.element-limit = 1024 (custom)
2022-07-02 07:21:02,908 [pool-358-thread-1] INFO  server.RaftServerConfigKeys (ConfUtils.java:logGet(46)) - raft.server.log.segment.size.max = 1048576 (custom)
2022-07-02 07:21:02,908 [pool-358-thread-1] INFO  server.RaftServerConfigKeys (ConfUtils.java:logGet(46)) - raft.server.log.preallocated.size = 16384 (custom)
2022-07-02 07:21:02,908 [pool-358-thread-1] INFO  server.RaftServerConfigKeys (ConfUtils.java:logGet(46)) - raft.server.log.force.sync.num = 128 (default)
2022-07-02 07:21:02,908 [pool-358-thread-1] INFO  server.RaftServerConfigKeys (ConfUtils.java:logGet(46)) - raft.server.log.statemachine.data.sync = true (default)
2022-07-02 07:21:02,908 [pool-358-thread-1] INFO  server.RaftServerConfigKeys (ConfUtils.java:logGet(46)) - raft.server.log.statemachine.data.sync.timeout = 10s (default)
2022-07-02 07:21:02,908 [pool-358-thread-1] INFO  server.RaftServerConfigKeys (ConfUtils.java:logGet(46)) - raft.server.log.statemachine.data.sync.timeout.retry = -1 (default)
2022-07-02 07:21:02,909 [pool-358-thread-1] INFO  server.RaftServerConfigKeys (ConfUtils.java:logGet(46)) - raft.server.log.write.buffer.size = 1048576 (custom)
2022-07-02 07:21:02,910 [pool-358-thread-1] INFO  server.RaftServerConfigKeys (ConfUtils.java:logGet(46)) - raft.server.log.unsafe-flush.enabled = false (default)
2022-07-02 07:21:02,910 [pool-358-thread-1] INFO  server.RaftServerConfigKeys (ConfUtils.java:logGet(46)) - raft.server.log.statemachine.data.caching.enabled = true (custom)
2022-07-02 07:21:02,910 [pool-358-thread-1] INFO  segmented.SegmentedRaftLogWorker (SegmentedRaftLogWorker.java:lambda$new$0(135)) - cfe57530-fe42-4aeb-89ca-3dd0b37fa566@group-B48EA2B5E0C5-SegmentedRaftLogWorker: flushIndex: setUnconditionally 0 -> -1
2022-07-02 07:21:02,910 [pool-358-thread-1] INFO  segmented.SegmentedRaftLogWorker (SegmentedRaftLogWorker.java:lambda$new$0(135)) - cfe57530-fe42-4aeb-89ca-3dd0b37fa566@group-B48EA2B5E0C5-SegmentedRaftLogWorker: safeCacheEvictIndex: setUnconditionally 0 -> -1
2022-07-02 07:21:02,916 [pool-358-thread-1] INFO  server.RaftServerConfigKeys (ConfUtils.java:logGet(46)) - raft.server.snapshot.auto.trigger.enabled = true (custom)
2022-07-02 07:21:02,916 [pool-358-thread-1] INFO  server.RaftServerConfigKeys (ConfUtils.java:logGet(46)) - raft.server.snapshot.auto.trigger.threshold = 10000 (custom)
2022-07-02 07:21:02,916 [pool-358-thread-1] INFO  server.RaftServerConfigKeys (ConfUtils.java:logGet(46)) - raft.server.snapshot.retention.file.num = 5 (custom)
2022-07-02 07:21:02,916 [pool-358-thread-1] INFO  server.RaftServerConfigKeys (ConfUtils.java:logGet(46)) - raft.server.log.purge.upto.snapshot.index = false (default)
2022-07-02 07:21:02,916 [pool-358-thread-1] INFO  server.RaftServerConfigKeys (ConfUtils.java:logGet(46)) - raft.server.retrycache.expirytime = 600000ms (custom)
2022-07-02 07:21:02,916 [pool-358-thread-1] INFO  server.RaftServerConfigKeys (ConfUtils.java:logGet(46)) - raft.server.retrycache.statistics.expirytime = 100μs (default)
2022-07-02 07:21:02,921 [pool-358-thread-1] INFO  server.RaftServerConfigKeys (ConfUtils.java:logGet(46)) - raft.server.log.appender.install.snapshot.enabled = false (custom)
2022-07-02 07:21:02,922 [pool-358-thread-1] INFO  server.RaftServerConfigKeys (ConfUtils.java:logGet(46)) - raft.server.threadpool.server.cached = true (default)
2022-07-02 07:21:02,924 [pool-358-thread-1] INFO  server.RaftServerConfigKeys (ConfUtils.java:logGet(46)) - raft.server.threadpool.server.size = 0 (default)
2022-07-02 07:21:02,924 [pool-358-thread-1] INFO  server.RaftServerConfigKeys (ConfUtils.java:logGet(46)) - raft.server.threadpool.client.cached = true (default)
2022-07-02 07:21:02,933 [pool-358-thread-1] INFO  server.RaftServerConfigKeys (ConfUtils.java:logGet(46)) - raft.server.threadpool.client.size = 0 (default)
2022-07-02 07:21:02,933 [pool-358-thread-1] INFO  server.RaftServer$Division (RaftServerImpl.java:start(310)) - cfe57530-fe42-4aeb-89ca-3dd0b37fa566@group-B48EA2B5E0C5: start as a follower, conf=-1: [1b8544ae-5af5-4df4-b279-24215a24e61f|rpc:10.1.0.20:40747|dataStream:|priority:1, cfe57530-fe42-4aeb-89ca-3dd0b37fa566|rpc:10.1.0.20:46557|dataStream:|priority:0, c9a01eed-2c14-4142-866b-b2e3b10906a9|rpc:10.1.0.20:44461|dataStream:|priority:0], old=null
2022-07-02 07:21:02,933 [pool-358-thread-1] INFO  server.RaftServer$Division (RaftServerImpl.java:setRole(299)) - cfe57530-fe42-4aeb-89ca-3dd0b37fa566@group-B48EA2B5E0C5: changes role from      null to FOLLOWER at term 0 for startAsFollower
2022-07-02 07:21:02,933 [pool-358-thread-1] INFO  impl.RoleInfo (RoleInfo.java:updateAndGet(139)) - cfe57530-fe42-4aeb-89ca-3dd0b37fa566: start cfe57530-fe42-4aeb-89ca-3dd0b37fa566@group-B48EA2B5E0C5-FollowerState
2022-07-02 07:21:02,943 [pool-358-thread-1] INFO  util.JmxRegister (JmxRegister.java:tryRegister(44)) - Successfully registered JMX Bean with object name Ratis:service=RaftServer,group=group-B48EA2B5E0C5,id=cfe57530-fe42-4aeb-89ca-3dd0b37fa566
2022-07-02 07:21:02,969 [Command processor thread] INFO  commandhandler.CreatePipelineCommandHandler (CreatePipelineCommandHandler.java:handle(113)) - Created Pipeline RATIS THREE PipelineID=e65cfd6b-fe88-429d-b234-b48ea2b5e0c5.
2022-07-02 07:21:03,104 [Command processor thread] INFO  server.RaftServer (RaftServerProxy.java:addNew(96)) - cfe57530-fe42-4aeb-89ca-3dd0b37fa566: addNew group-C894C06A4185:[cfe57530-fe42-4aeb-89ca-3dd0b37fa566|rpc:10.1.0.20:46557|priority:1] returns group-C894C06A4185:java.util.concurrent.CompletableFuture@1b56d75a[Not completed]
2022-07-02 07:21:03,105 [pool-358-thread-1] INFO  server.RaftServer$Division (RaftServerImpl.java:<init>(190)) - cfe57530-fe42-4aeb-89ca-3dd0b37fa566: new RaftServerImpl for group-C894C06A4185:[cfe57530-fe42-4aeb-89ca-3dd0b37fa566|rpc:10.1.0.20:46557|priority:1] with ContainerStateMachine:uninitialized
2022-07-02 07:21:03,105 [pool-358-thread-1] INFO  server.RaftServerConfigKeys (ConfUtils.java:logGet(46)) - raft.server.rpc.timeout.min = 5s (custom)
2022-07-02 07:21:03,105 [pool-358-thread-1] INFO  server.RaftServerConfigKeys (ConfUtils.java:logGet(46)) - raft.server.rpc.timeout.max = 5200ms (custom)
2022-07-02 07:21:03,105 [pool-358-thread-1] INFO  server.RaftServerConfigKeys (ConfUtils.java:logGet(46)) - raft.server.rpc.sleep.time = 25ms (default)
2022-07-02 07:21:03,105 [pool-358-thread-1] INFO  server.RaftServerConfigKeys (ConfUtils.java:logGet(46)) - raft.server.rpc.slowness.timeout = 300s (custom)
2022-07-02 07:21:03,105 [pool-358-thread-1] INFO  server.RaftServerConfigKeys (ConfUtils.java:logGet(46)) - raft.server.leaderelection.leader.step-down.wait-time = 10s (default)
2022-07-02 07:21:03,105 [pool-358-thread-1] INFO  server.RaftServerConfigKeys (ConfUtils.java:logGet(46)) - raft.server.sleep.deviation.threshold = 300ms (default)
2022-07-02 07:21:03,105 [pool-358-thread-1] INFO  server.RaftServer$Division (ServerState.java:<init>(107)) - cfe57530-fe42-4aeb-89ca-3dd0b37fa566@group-C894C06A4185: ConfigurationManager, init=-1: [cfe57530-fe42-4aeb-89ca-3dd0b37fa566|rpc:10.1.0.20:46557|priority:1], old=null, confs=<EMPTY_MAP>
2022-07-02 07:21:03,105 [pool-358-thread-1] INFO  server.RaftServerConfigKeys (ConfUtils.java:logGet(46)) - raft.server.storage.dir = [/home/runner/work/ozone/ozone/hadoop-ozone/integration-test/target/test-dir/MiniOzoneClusterImpl-774acf0e-96fd-4c7a-8fa4-f3d3d576173c/datanode-1/data/ratis] (custom)
2022-07-02 07:21:03,106 [pool-358-thread-1] INFO  server.RaftServerConfigKeys (ConfUtils.java:logGet(46)) - raft.server.log.corruption.policy = EXCEPTION (default)
2022-07-02 07:21:03,106 [pool-358-thread-1] INFO  server.RaftServerConfigKeys (ConfUtils.java:logGet(46)) - raft.server.storage.free-space.min = 0MB (=0) (default)
2022-07-02 07:21:03,106 [pool-358-thread-1] INFO  storage.RaftStorageDirectory (RaftStorageDirectoryImpl.java:analyzeStorage(135)) - The storage directory /home/runner/work/ozone/ozone/hadoop-ozone/integration-test/target/test-dir/MiniOzoneClusterImpl-774acf0e-96fd-4c7a-8fa4-f3d3d576173c/datanode-1/data/ratis/41de7f73-245c-4779-8e16-c894c06a4185 does not exist. Creating ...
2022-07-02 07:21:03,108 [pool-358-thread-1] INFO  storage.RaftStorageDirectory (RaftStorageDirectoryImpl.java:tryLock(230)) - Lock on /home/runner/work/ozone/ozone/hadoop-ozone/integration-test/target/test-dir/MiniOzoneClusterImpl-774acf0e-96fd-4c7a-8fa4-f3d3d576173c/datanode-1/data/ratis/41de7f73-245c-4779-8e16-c894c06a4185/in_use.lock acquired by nodename 16391@fv-az444-838
2022-07-02 07:21:03,110 [pool-358-thread-1] INFO  storage.RaftStorage (RaftStorageImpl.java:format(89)) - Storage directory /home/runner/work/ozone/ozone/hadoop-ozone/integration-test/target/test-dir/MiniOzoneClusterImpl-774acf0e-96fd-4c7a-8fa4-f3d3d576173c/datanode-1/data/ratis/41de7f73-245c-4779-8e16-c894c06a4185 has been successfully formatted.
2022-07-02 07:21:03,110 [pool-358-thread-1] INFO  ratis.ContainerStateMachine (ContainerStateMachine.java:loadSnapshot(236)) - group-C894C06A4185: The snapshot info is null. Setting the last applied indexto:(t:0, i:~)
2022-07-02 07:21:03,110 [pool-358-thread-1] INFO  server.RaftServerConfigKeys (ConfUtils.java:logGet(46)) - raft.server.notification.no-leader.timeout = 300s (custom)
2022-07-02 07:21:03,110 [pool-358-thread-1] INFO  server.RaftServerConfigKeys (ConfUtils.java:logGet(46)) - raft.server.log.use.memory = false (default)
2022-07-02 07:21:03,110 [pool-358-thread-1] INFO  server.RaftServerConfigKeys (ConfUtils.java:logGet(46)) - raft.server.log.purge.gap = 1000000 (custom)
2022-07-02 07:21:03,110 [pool-358-thread-1] INFO  server.RaftServerConfigKeys (ConfUtils.java:logGet(46)) - raft.server.log.appender.buffer.byte-limit = 33554432 (custom)
2022-07-02 07:21:03,111 [pool-358-thread-1] INFO  server.RaftServerConfigKeys (ConfUtils.java:logGet(46)) - raft.server.log.statemachine.data.read.timeout = 1000ms (default)
2022-07-02 07:21:03,111 [pool-358-thread-1] INFO  server.RaftServerConfigKeys (ConfUtils.java:logGet(46)) - raft.server.log.segment.size.max = 1048576 (custom)
2022-07-02 07:21:03,111 [pool-358-thread-1] INFO  server.RaftServerConfigKeys (ConfUtils.java:logGet(46)) - raft.server.log.segment.cache.num.max = 2 (custom)
2022-07-02 07:21:03,111 [pool-358-thread-1] INFO  server.RaftServerConfigKeys (ConfUtils.java:logGet(46)) - raft.server.log.segment.cache.size.max = 200MB (=209715200) (default)
2022-07-02 07:21:03,111 [pool-358-thread-1] INFO  segmented.SegmentedRaftLogWorker (SegmentedRaftLogWorker.java:<init>(187)) - new cfe57530-fe42-4aeb-89ca-3dd0b37fa566@group-C894C06A4185-SegmentedRaftLogWorker for RaftStorageImpl:Storage Directory /home/runner/work/ozone/ozone/hadoop-ozone/integration-test/target/test-dir/MiniOzoneClusterImpl-774acf0e-96fd-4c7a-8fa4-f3d3d576173c/datanode-1/data/ratis/41de7f73-245c-4779-8e16-c894c06a4185
2022-07-02 07:21:03,111 [pool-358-thread-1] INFO  server.RaftServerConfigKeys (ConfUtils.java:logGet(46)) - raft.server.log.queue.byte-limit = 4294967296 (custom)
2022-07-02 07:21:03,111 [pool-358-thread-1] INFO  server.RaftServerConfigKeys (ConfUtils.java:logGet(46)) - raft.server.log.queue.element-limit = 1024 (custom)
2022-07-02 07:21:03,111 [pool-358-thread-1] INFO  server.RaftServerConfigKeys (ConfUtils.java:logGet(46)) - raft.server.log.segment.size.max = 1048576 (custom)
2022-07-02 07:21:03,111 [pool-358-thread-1] INFO  server.RaftServerConfigKeys (ConfUtils.java:logGet(46)) - raft.server.log.preallocated.size = 16384 (custom)
2022-07-02 07:21:03,111 [pool-358-thread-1] INFO  server.RaftServerConfigKeys (ConfUtils.java:logGet(46)) - raft.server.log.force.sync.num = 128 (default)
2022-07-02 07:21:03,112 [pool-358-thread-1] INFO  server.RaftServerConfigKeys (ConfUtils.java:logGet(46)) - raft.server.log.statemachine.data.sync = true (default)
2022-07-02 07:21:03,112 [pool-358-thread-1] INFO  server.RaftServerConfigKeys (ConfUtils.java:logGet(46)) - raft.server.log.statemachine.data.sync.timeout = 10s (default)
2022-07-02 07:21:03,112 [pool-358-thread-1] INFO  server.RaftServerConfigKeys (ConfUtils.java:logGet(46)) - raft.server.log.statemachine.data.sync.timeout.retry = -1 (default)
2022-07-02 07:21:03,113 [EventQueue-PipelineReportForPipelineReportHandler] INFO  pipeline.PipelineManagerImpl (PipelineManagerImpl.java:openPipeline(358)) - Pipeline Pipeline[ Id: 41de7f73-245c-4779-8e16-c894c06a4185, Nodes: cfe57530-fe42-4aeb-89ca-3dd0b37fa566{ip: 10.1.0.20, host: fv-az444-838.dthhdds2jluu1c0oa55ndv1hsg.dx.internal.cloudapp.net, ports: [REPLICATION=33153, RATIS=46557, RATIS_ADMIN=46557, RATIS_SERVER=46557, STANDALONE=39487], networkLocation: /default-rack, certSerialId: null, persistedOpState: IN_SERVICE, persistedOpStateExpiryEpochSec: 0}, ReplicationConfig: RATIS/ONE, State:ALLOCATED, leaderId:cfe57530-fe42-4aeb-89ca-3dd0b37fa566, CreationTimestamp2022-07-02T07:21:00.123Z[Etc/UTC]] moved to OPEN state
2022-07-02 07:21:03,114 [EventQueue-OpenPipelineForHealthyPipelineSafeModeRule] INFO  safemode.SCMSafeModeManager (HealthyPipelineSafeModeRule.java:process(124)) - SCM in safe mode. Healthy pipelines reported count is 0, required healthy pipeline reported count is 1
2022-07-02 07:21:03,120 [pool-358-thread-1] INFO  server.RaftServerConfigKeys (ConfUtils.java:logGet(46)) - raft.server.log.write.buffer.size = 1048576 (custom)
2022-07-02 07:21:03,121 [pool-358-thread-1] INFO  server.RaftServerConfigKeys (ConfUtils.java:logGet(46)) - raft.server.log.unsafe-flush.enabled = false (default)
2022-07-02 07:21:03,121 [pool-358-thread-1] INFO  server.RaftServerConfigKeys (ConfUtils.java:logGet(46)) - raft.server.log.statemachine.data.caching.enabled = true (custom)
2022-07-02 07:21:03,121 [pool-358-thread-1] INFO  segmented.SegmentedRaftLogWorker (SegmentedRaftLogWorker.java:lambda$new$0(135)) - cfe57530-fe42-4aeb-89ca-3dd0b37fa566@group-C894C06A4185-SegmentedRaftLogWorker: flushIndex: setUnconditionally 0 -> -1
2022-07-02 07:21:03,121 [pool-358-thread-1] INFO  segmented.SegmentedRaftLogWorker (SegmentedRaftLogWorker.java:lambda$new$0(135)) - cfe57530-fe42-4aeb-89ca-3dd0b37fa566@group-C894C06A4185-SegmentedRaftLogWorker: safeCacheEvictIndex: setUnconditionally 0 -> -1
2022-07-02 07:21:03,132 [pool-358-thread-1] INFO  server.RaftServerConfigKeys (ConfUtils.java:logGet(46)) - raft.server.snapshot.auto.trigger.enabled = true (custom)
2022-07-02 07:21:03,132 [pool-358-thread-1] INFO  server.RaftServerConfigKeys (ConfUtils.java:logGet(46)) - raft.server.snapshot.auto.trigger.threshold = 10000 (custom)
2022-07-02 07:21:03,132 [pool-358-thread-1] INFO  server.RaftServerConfigKeys (ConfUtils.java:logGet(46)) - raft.server.snapshot.retention.file.num = 5 (custom)
2022-07-02 07:21:03,132 [pool-358-thread-1] INFO  server.RaftServerConfigKeys (ConfUtils.java:logGet(46)) - raft.server.log.purge.upto.snapshot.index = false (default)
2022-07-02 07:21:03,132 [pool-358-thread-1] INFO  server.RaftServerConfigKeys (ConfUtils.java:logGet(46)) - raft.server.retrycache.expirytime = 600000ms (custom)
2022-07-02 07:21:03,132 [pool-358-thread-1] INFO  server.RaftServerConfigKeys (ConfUtils.java:logGet(46)) - raft.server.retrycache.statistics.expirytime = 100μs (default)
2022-07-02 07:21:03,139 [pool-358-thread-1] INFO  server.RaftServerConfigKeys (ConfUtils.java:logGet(46)) - raft.server.log.appender.install.snapshot.enabled = false (custom)
2022-07-02 07:21:03,139 [pool-358-thread-1] INFO  server.RaftServerConfigKeys (ConfUtils.java:logGet(46)) - raft.server.threadpool.server.cached = true (default)
2022-07-02 07:21:03,139 [pool-358-thread-1] INFO  server.RaftServerConfigKeys (ConfUtils.java:logGet(46)) - raft.server.threadpool.server.size = 0 (default)
2022-07-02 07:21:03,139 [pool-358-thread-1] INFO  server.RaftServerConfigKeys (ConfUtils.java:logGet(46)) - raft.server.threadpool.client.cached = true (default)
2022-07-02 07:21:03,139 [pool-358-thread-1] INFO  server.RaftServerConfigKeys (ConfUtils.java:logGet(46)) - raft.server.threadpool.client.size = 0 (default)
2022-07-02 07:21:03,139 [pool-358-thread-1] INFO  server.RaftServer$Division (RaftServerImpl.java:start(310)) - cfe57530-fe42-4aeb-89ca-3dd0b37fa566@group-C894C06A4185: start as a follower, conf=-1: [cfe57530-fe42-4aeb-89ca-3dd0b37fa566|rpc:10.1.0.20:46557|priority:1], old=null
2022-07-02 07:21:03,139 [pool-358-thread-1] INFO  server.RaftServer$Division (RaftServerImpl.java:setRole(299)) - cfe57530-fe42-4aeb-89ca-3dd0b37fa566@group-C894C06A4185: changes role from      null to FOLLOWER at term 0 for startAsFollower
2022-07-02 07:21:03,139 [pool-358-thread-1] INFO  impl.RoleInfo (RoleInfo.java:updateAndGet(139)) - cfe57530-fe42-4aeb-89ca-3dd0b37fa566: start cfe57530-fe42-4aeb-89ca-3dd0b37fa566@group-C894C06A4185-FollowerState
2022-07-02 07:21:03,148 [pool-358-thread-1] INFO  util.JmxRegister (JmxRegister.java:tryRegister(44)) - Successfully registered JMX Bean with object name Ratis:service=RaftServer,group=group-C894C06A4185,id=cfe57530-fe42-4aeb-89ca-3dd0b37fa566
2022-07-02 07:21:03,153 [Command processor thread] INFO  ratis.XceiverServerRatis (XceiverServerRatis.java:addGroup(765)) - Created group PipelineID=41de7f73-245c-4779-8e16-c894c06a4185
2022-07-02 07:21:03,153 [Command processor thread] INFO  commandhandler.CreatePipelineCommandHandler (CreatePipelineCommandHandler.java:handle(113)) - Created Pipeline RATIS ONE PipelineID=41de7f73-245c-4779-8e16-c894c06a4185.
2022-07-02 07:21:03,595 [Listener at 127.0.0.1/42659] INFO  ozone.MiniOzoneClusterImpl (MiniOzoneClusterImpl.java:lambda$waitForClusterToBeReady$0(223)) - Waiting for nodes to be ready. Got 4 of 5 DN Heartbeats.
2022-07-02 07:21:03,595 [Listener at 127.0.0.1/42659] INFO  ozone.MiniOzoneClusterImpl (MiniOzoneClusterImpl.java:lambda$waitForClusterToBeReady$0(226)) - Waiting for cluster to exit safe mode
2022-07-02 07:21:03,595 [Listener at 127.0.0.1/42659] INFO  ozone.MiniOzoneClusterImpl (MiniOzoneClusterImpl.java:lambda$waitForClusterToBeReady$0(228)) - SCM became leader
2022-07-02 07:21:03,698 [IPC Server handler 12 on default port 39029] INFO  net.NetworkTopologyImpl (NetworkTopologyImpl.java:add(112)) - Added a new node: /default-rack/029081d1-a351-4e87-8ac8-9a9e5f881d63
2022-07-02 07:21:03,698 [IPC Server handler 12 on default port 39029] INFO  node.SCMNodeManager (SCMNodeManager.java:register(397)) - Registered Data node : 029081d1-a351-4e87-8ac8-9a9e5f881d63{ip: 10.1.0.20, host: fv-az444-838.dthhdds2jluu1c0oa55ndv1hsg.dx.internal.cloudapp.net, ports: [REPLICATION=40571, RATIS=34471, RATIS_ADMIN=34471, RATIS_SERVER=34471, STANDALONE=38683], networkLocation: /default-rack, certSerialId: null, persistedOpState: null, persistedOpStateExpiryEpochSec: 0}
2022-07-02 07:21:03,698 [EventQueue-NewNodeForNewNodeHandler] INFO  pipeline.BackgroundPipelineCreator (BackgroundPipelineCreator.java:notifyEventTriggered(275)) - trigger a one-shot run on RatisPipelineUtilsThread.
2022-07-02 07:21:03,699 [RatisPipelineUtilsThread - 0] INFO  pipeline.RatisPipelineProvider (RatisPipelineProvider.java:lambda$create$0(195)) - Sending CreatePipelineCommand for pipeline:PipelineID=02d668e1-58c9-41b4-9992-00aba8902f10 to datanode:029081d1-a351-4e87-8ac8-9a9e5f881d63
2022-07-02 07:21:03,699 [RatisPipelineUtilsThread - 0] INFO  pipeline.PipelineStateManagerImpl (PipelineStateManagerImpl.java:addPipeline(101)) - Created pipeline Pipeline[ Id: 02d668e1-58c9-41b4-9992-00aba8902f10, Nodes: 029081d1-a351-4e87-8ac8-9a9e5f881d63{ip: 10.1.0.20, host: fv-az444-838.dthhdds2jluu1c0oa55ndv1hsg.dx.internal.cloudapp.net, ports: [REPLICATION=40571, RATIS=34471, RATIS_ADMIN=34471, RATIS_SERVER=34471, STANDALONE=38683], networkLocation: /default-rack, certSerialId: null, persistedOpState: IN_SERVICE, persistedOpStateExpiryEpochSec: 0}, ReplicationConfig: RATIS/ONE, State:ALLOCATED, leaderId:, CreationTimestamp2022-07-02T07:21:03.699Z[Etc/UTC]].
2022-07-02 07:21:04,153 [Command processor thread] INFO  server.RaftServer (RaftServerProxy.java:addNew(96)) - c9a01eed-2c14-4142-866b-b2e3b10906a9: addNew group-E9B07A439104:[c9a01eed-2c14-4142-866b-b2e3b10906a9|rpc:10.1.0.20:44461|priority:1] returns group-E9B07A439104:java.util.concurrent.CompletableFuture@56a8e209[Not completed]
2022-07-02 07:21:04,156 [pool-381-thread-1] INFO  server.RaftServer$Division (RaftServerImpl.java:<init>(190)) - c9a01eed-2c14-4142-866b-b2e3b10906a9: new RaftServerImpl for group-E9B07A439104:[c9a01eed-2c14-4142-866b-b2e3b10906a9|rpc:10.1.0.20:44461|priority:1] with ContainerStateMachine:uninitialized
2022-07-02 07:21:04,157 [pool-381-thread-1] INFO  server.RaftServerConfigKeys (ConfUtils.java:logGet(46)) - raft.server.rpc.timeout.min = 5s (custom)
2022-07-02 07:21:04,157 [pool-381-thread-1] INFO  server.RaftServerConfigKeys (ConfUtils.java:logGet(46)) - raft.server.rpc.timeout.max = 5200ms (custom)
2022-07-02 07:21:04,157 [pool-381-thread-1] INFO  server.RaftServerConfigKeys (ConfUtils.java:logGet(46)) - raft.server.rpc.sleep.time = 25ms (default)
2022-07-02 07:21:04,157 [pool-381-thread-1] INFO  server.RaftServerConfigKeys (ConfUtils.java:logGet(46)) - raft.server.rpc.slowness.timeout = 300s (custom)
2022-07-02 07:21:04,157 [pool-381-thread-1] INFO  server.RaftServerConfigKeys (ConfUtils.java:logGet(46)) - raft.server.leaderelection.leader.step-down.wait-time = 10s (default)
2022-07-02 07:21:04,157 [pool-381-thread-1] INFO  server.RaftServerConfigKeys (ConfUtils.java:logGet(46)) - raft.server.sleep.deviation.threshold = 300ms (default)
2022-07-02 07:21:04,157 [pool-381-thread-1] INFO  server.RaftServer$Division (ServerState.java:<init>(107)) - c9a01eed-2c14-4142-866b-b2e3b10906a9@group-E9B07A439104: ConfigurationManager, init=-1: [c9a01eed-2c14-4142-866b-b2e3b10906a9|rpc:10.1.0.20:44461|priority:1], old=null, confs=<EMPTY_MAP>
2022-07-02 07:21:04,157 [pool-381-thread-1] INFO  server.RaftServerConfigKeys (ConfUtils.java:logGet(46)) - raft.server.storage.dir = [/home/runner/work/ozone/ozone/hadoop-ozone/integration-test/target/test-dir/MiniOzoneClusterImpl-774acf0e-96fd-4c7a-8fa4-f3d3d576173c/datanode-2/data/ratis] (custom)
2022-07-02 07:21:04,157 [pool-381-thread-1] INFO  server.RaftServerConfigKeys (ConfUtils.java:logGet(46)) - raft.server.log.corruption.policy = EXCEPTION (default)
2022-07-02 07:21:04,157 [pool-381-thread-1] INFO  server.RaftServerConfigKeys (ConfUtils.java:logGet(46)) - raft.server.storage.free-space.min = 0MB (=0) (default)
2022-07-02 07:21:04,157 [pool-381-thread-1] INFO  storage.RaftStorageDirectory (RaftStorageDirectoryImpl.java:analyzeStorage(135)) - The storage directory /home/runner/work/ozone/ozone/hadoop-ozone/integration-test/target/test-dir/MiniOzoneClusterImpl-774acf0e-96fd-4c7a-8fa4-f3d3d576173c/datanode-2/data/ratis/aa884d5f-22f4-49f1-8ff6-e9b07a439104 does not exist. Creating ...
2022-07-02 07:21:04,160 [pool-381-thread-1] INFO  storage.RaftStorageDirectory (RaftStorageDirectoryImpl.java:tryLock(230)) - Lock on /home/runner/work/ozone/ozone/hadoop-ozone/integration-test/target/test-dir/MiniOzoneClusterImpl-774acf0e-96fd-4c7a-8fa4-f3d3d576173c/datanode-2/data/ratis/aa884d5f-22f4-49f1-8ff6-e9b07a439104/in_use.lock acquired by nodename 16391@fv-az444-838
2022-07-02 07:21:04,162 [pool-381-thread-1] INFO  storage.RaftStorage (RaftStorageImpl.java:format(89)) - Storage directory /home/runner/work/ozone/ozone/hadoop-ozone/integration-test/target/test-dir/MiniOzoneClusterImpl-774acf0e-96fd-4c7a-8fa4-f3d3d576173c/datanode-2/data/ratis/aa884d5f-22f4-49f1-8ff6-e9b07a439104 has been successfully formatted.
2022-07-02 07:21:04,162 [pool-381-thread-1] INFO  ratis.ContainerStateMachine (ContainerStateMachine.java:loadSnapshot(236)) - group-E9B07A439104: The snapshot info is null. Setting the last applied indexto:(t:0, i:~)
2022-07-02 07:21:04,162 [pool-381-thread-1] INFO  server.RaftServerConfigKeys (ConfUtils.java:logGet(46)) - raft.server.notification.no-leader.timeout = 300s (custom)
2022-07-02 07:21:04,162 [pool-381-thread-1] INFO  server.RaftServerConfigKeys (ConfUtils.java:logGet(46)) - raft.server.log.use.memory = false (default)
2022-07-02 07:21:04,162 [pool-381-thread-1] INFO  server.RaftServerConfigKeys (ConfUtils.java:logGet(46)) - raft.server.log.purge.gap = 1000000 (custom)
2022-07-02 07:21:04,162 [pool-381-thread-1] INFO  server.RaftServerConfigKeys (ConfUtils.java:logGet(46)) - raft.server.log.appender.buffer.byte-limit = 33554432 (custom)
2022-07-02 07:21:04,162 [pool-381-thread-1] INFO  server.RaftServerConfigKeys (ConfUtils.java:logGet(46)) - raft.server.log.statemachine.data.read.timeout = 1000ms (default)
2022-07-02 07:21:04,163 [pool-381-thread-1] INFO  server.RaftServerConfigKeys (ConfUtils.java:logGet(46)) - raft.server.log.segment.size.max = 1048576 (custom)
2022-07-02 07:21:04,163 [pool-381-thread-1] INFO  server.RaftServerConfigKeys (ConfUtils.java:logGet(46)) - raft.server.log.segment.cache.num.max = 2 (custom)
2022-07-02 07:21:04,163 [pool-381-thread-1] INFO  server.RaftServerConfigKeys (ConfUtils.java:logGet(46)) - raft.server.log.segment.cache.size.max = 200MB (=209715200) (default)
2022-07-02 07:21:04,163 [pool-381-thread-1] INFO  segmented.SegmentedRaftLogWorker (SegmentedRaftLogWorker.java:<init>(187)) - new c9a01eed-2c14-4142-866b-b2e3b10906a9@group-E9B07A439104-SegmentedRaftLogWorker for RaftStorageImpl:Storage Directory /home/runner/work/ozone/ozone/hadoop-ozone/integration-test/target/test-dir/MiniOzoneClusterImpl-774acf0e-96fd-4c7a-8fa4-f3d3d576173c/datanode-2/data/ratis/aa884d5f-22f4-49f1-8ff6-e9b07a439104
2022-07-02 07:21:04,163 [pool-381-thread-1] INFO  server.RaftServerConfigKeys (ConfUtils.java:logGet(46)) - raft.server.log.queue.byte-limit = 4294967296 (custom)
2022-07-02 07:21:04,163 [EventQueue-PipelineReportForPipelineReportHandler] INFO  pipeline.PipelineManagerImpl (PipelineManagerImpl.java:openPipeline(358)) - Pipeline Pipeline[ Id: aa884d5f-22f4-49f1-8ff6-e9b07a439104, Nodes: c9a01eed-2c14-4142-866b-b2e3b10906a9{ip: 10.1.0.20, host: fv-az444-838.dthhdds2jluu1c0oa55ndv1hsg.dx.internal.cloudapp.net, ports: [REPLICATION=40609, RATIS=44461, RATIS_ADMIN=44461, RATIS_SERVER=44461, STANDALONE=41307], networkLocation: /default-rack, certSerialId: null, persistedOpState: IN_SERVICE, persistedOpStateExpiryEpochSec: 0}, ReplicationConfig: RATIS/ONE, State:ALLOCATED, leaderId:c9a01eed-2c14-4142-866b-b2e3b10906a9, CreationTimestamp2022-07-02T07:21:01.155Z[Etc/UTC]] moved to OPEN state
2022-07-02 07:21:04,164 [EventQueue-OpenPipelineForHealthyPipelineSafeModeRule] INFO  safemode.SCMSafeModeManager (HealthyPipelineSafeModeRule.java:process(124)) - SCM in safe mode. Healthy pipelines reported count is 0, required healthy pipeline reported count is 1
2022-07-02 07:21:04,163 [pool-381-thread-1] INFO  server.RaftServerConfigKeys (ConfUtils.java:logGet(46)) - raft.server.log.queue.element-limit = 1024 (custom)
2022-07-02 07:21:04,166 [pool-381-thread-1] INFO  server.RaftServerConfigKeys (ConfUtils.java:logGet(46)) - raft.server.log.segment.size.max = 1048576 (custom)
2022-07-02 07:21:04,166 [pool-381-thread-1] INFO  server.RaftServerConfigKeys (ConfUtils.java:logGet(46)) - raft.server.log.preallocated.size = 16384 (custom)
2022-07-02 07:21:04,166 [pool-381-thread-1] INFO  server.RaftServerConfigKeys (ConfUtils.java:logGet(46)) - raft.server.log.force.sync.num = 128 (default)
2022-07-02 07:21:04,167 [pool-381-thread-1] INFO  server.RaftServerConfigKeys (ConfUtils.java:logGet(46)) - raft.server.log.statemachine.data.sync = true (default)
2022-07-02 07:21:04,167 [pool-381-thread-1] INFO  server.RaftServerConfigKeys (ConfUtils.java:logGet(46)) - raft.server.log.statemachine.data.sync.timeout = 10s (default)
2022-07-02 07:21:04,167 [pool-381-thread-1] INFO  server.RaftServerConfigKeys (ConfUtils.java:logGet(46)) - raft.server.log.statemachine.data.sync.timeout.retry = -1 (default)
2022-07-02 07:21:04,169 [pool-381-thread-1] INFO  server.RaftServerConfigKeys (ConfUtils.java:logGet(46)) - raft.server.log.write.buffer.size = 1048576 (custom)
2022-07-02 07:21:04,169 [pool-381-thread-1] INFO  server.RaftServerConfigKeys (ConfUtils.java:logGet(46)) - raft.server.log.unsafe-flush.enabled = false (default)
2022-07-02 07:21:04,169 [pool-381-thread-1] INFO  server.RaftServerConfigKeys (ConfUtils.java:logGet(46)) - raft.server.log.statemachine.data.caching.enabled = true (custom)
2022-07-02 07:21:04,170 [pool-381-thread-1] INFO  segmented.SegmentedRaftLogWorker (SegmentedRaftLogWorker.java:lambda$new$0(135)) - c9a01eed-2c14-4142-866b-b2e3b10906a9@group-E9B07A439104-SegmentedRaftLogWorker: flushIndex: setUnconditionally 0 -> -1
2022-07-02 07:21:04,170 [pool-381-thread-1] INFO  segmented.SegmentedRaftLogWorker (SegmentedRaftLogWorker.java:lambda$new$0(135)) - c9a01eed-2c14-4142-866b-b2e3b10906a9@group-E9B07A439104-SegmentedRaftLogWorker: safeCacheEvictIndex: setUnconditionally 0 -> -1
2022-07-02 07:21:04,182 [pool-381-thread-1] INFO  server.RaftServerConfigKeys (ConfUtils.java:logGet(46)) - raft.server.snapshot.auto.trigger.enabled = true (custom)
2022-07-02 07:21:04,182 [pool-381-thread-1] INFO  server.RaftServerConfigKeys (ConfUtils.java:logGet(46)) - raft.server.snapshot.auto.trigger.threshold = 10000 (custom)
2022-07-02 07:21:04,182 [pool-381-thread-1] INFO  server.RaftServerConfigKeys (ConfUtils.java:logGet(46)) - raft.server.snapshot.retention.file.num = 5 (custom)
2022-07-02 07:21:04,182 [pool-381-thread-1] INFO  server.RaftServerConfigKeys (ConfUtils.java:logGet(46)) - raft.server.log.purge.upto.snapshot.index = false (default)
2022-07-02 07:21:04,182 [pool-381-thread-1] INFO  server.RaftServerConfigKeys (ConfUtils.java:logGet(46)) - raft.server.retrycache.expirytime = 600000ms (custom)
2022-07-02 07:21:04,183 [pool-381-thread-1] INFO  server.RaftServerConfigKeys (ConfUtils.java:logGet(46)) - raft.server.retrycache.statistics.expirytime = 100μs (default)
2022-07-02 07:21:04,184 [pool-381-thread-1] INFO  server.RaftServerConfigKeys (ConfUtils.java:logGet(46)) - raft.server.log.appender.install.snapshot.enabled = false (custom)
2022-07-02 07:21:04,184 [pool-381-thread-1] INFO  server.RaftServerConfigKeys (ConfUtils.java:logGet(46)) - raft.server.threadpool.server.cached = true (default)
2022-07-02 07:21:04,184 [pool-381-thread-1] INFO  server.RaftServerConfigKeys (ConfUtils.java:logGet(46)) - raft.server.threadpool.server.size = 0 (default)
2022-07-02 07:21:04,184 [pool-381-thread-1] INFO  server.RaftServerConfigKeys (ConfUtils.java:logGet(46)) - raft.server.threadpool.client.cached = true (default)
2022-07-02 07:21:04,184 [pool-381-thread-1] INFO  server.RaftServerConfigKeys (ConfUtils.java:logGet(46)) - raft.server.threadpool.client.size = 0 (default)
2022-07-02 07:21:04,184 [pool-381-thread-1] INFO  server.RaftServer$Division (RaftServerImpl.java:start(310)) - c9a01eed-2c14-4142-866b-b2e3b10906a9@group-E9B07A439104: start as a follower, conf=-1: [c9a01eed-2c14-4142-866b-b2e3b10906a9|rpc:10.1.0.20:44461|priority:1], old=null
2022-07-02 07:21:04,184 [pool-381-thread-1] INFO  server.RaftServer$Division (RaftServerImpl.java:setRole(299)) - c9a01eed-2c14-4142-866b-b2e3b10906a9@group-E9B07A439104: changes role from      null to FOLLOWER at term 0 for startAsFollower
2022-07-02 07:21:04,184 [pool-381-thread-1] INFO  impl.RoleInfo (RoleInfo.java:updateAndGet(139)) - c9a01eed-2c14-4142-866b-b2e3b10906a9: start c9a01eed-2c14-4142-866b-b2e3b10906a9@group-E9B07A439104-FollowerState
2022-07-02 07:21:04,188 [pool-381-thread-1] INFO  util.JmxRegister (JmxRegister.java:tryRegister(44)) - Successfully registered JMX Bean with object name Ratis:service=RaftServer,group=group-E9B07A439104,id=c9a01eed-2c14-4142-866b-b2e3b10906a9
2022-07-02 07:21:04,200 [Command processor thread] INFO  ratis.XceiverServerRatis (XceiverServerRatis.java:addGroup(765)) - Created group PipelineID=aa884d5f-22f4-49f1-8ff6-e9b07a439104
2022-07-02 07:21:04,200 [Command processor thread] INFO  commandhandler.CreatePipelineCommandHandler (CreatePipelineCommandHandler.java:handle(113)) - Created Pipeline RATIS ONE PipelineID=aa884d5f-22f4-49f1-8ff6-e9b07a439104.
2022-07-02 07:21:04,595 [Listener at 127.0.0.1/42659] INFO  ozone.MiniOzoneClusterImpl (MiniOzoneClusterImpl.java:lambda$waitForClusterToBeReady$0(223)) - Nodes are ready. Got 5 of 5 DN Heartbeats.
2022-07-02 07:21:04,596 [Listener at 127.0.0.1/42659] INFO  ozone.MiniOzoneClusterImpl (MiniOzoneClusterImpl.java:lambda$waitForClusterToBeReady$0(226)) - Waiting for cluster to exit safe mode
2022-07-02 07:21:04,596 [Listener at 127.0.0.1/42659] INFO  ozone.MiniOzoneClusterImpl (MiniOzoneClusterImpl.java:lambda$waitForClusterToBeReady$0(228)) - SCM became leader
2022-07-02 07:21:05,588 [Command processor thread] INFO  server.RaftServer (RaftServerProxy.java:addNew(96)) - 9e85b174-a55c-4b71-8ba9-5ac009f49f1a: addNew group-A0235C2E9160:[9e85b174-a55c-4b71-8ba9-5ac009f49f1a|rpc:10.1.0.20:41643|priority:1] returns group-A0235C2E9160:java.util.concurrent.CompletableFuture@778d312d[Not completed]
2022-07-02 07:21:05,596 [Listener at 127.0.0.1/42659] INFO  ozone.MiniOzoneClusterImpl (MiniOzoneClusterImpl.java:lambda$waitForClusterToBeReady$0(223)) - Nodes are ready. Got 5 of 5 DN Heartbeats.
2022-07-02 07:21:05,596 [Listener at 127.0.0.1/42659] INFO  ozone.MiniOzoneClusterImpl (MiniOzoneClusterImpl.java:lambda$waitForClusterToBeReady$0(226)) - Waiting for cluster to exit safe mode
2022-07-02 07:21:05,596 [Listener at 127.0.0.1/42659] INFO  ozone.MiniOzoneClusterImpl (MiniOzoneClusterImpl.java:lambda$waitForClusterToBeReady$0(228)) - SCM became leader
2022-07-02 07:21:05,613 [pool-408-thread-1] INFO  server.RaftServer$Division (RaftServerImpl.java:<init>(190)) - 9e85b174-a55c-4b71-8ba9-5ac009f49f1a: new RaftServerImpl for group-A0235C2E9160:[9e85b174-a55c-4b71-8ba9-5ac009f49f1a|rpc:10.1.0.20:41643|priority:1] with ContainerStateMachine:uninitialized
2022-07-02 07:21:05,628 [pool-408-thread-1] INFO  server.RaftServerConfigKeys (ConfUtils.java:logGet(46)) - raft.server.rpc.timeout.min = 5s (custom)
2022-07-02 07:21:05,628 [pool-408-thread-1] INFO  server.RaftServerConfigKeys (ConfUtils.java:logGet(46)) - raft.server.rpc.timeout.max = 5200ms (custom)
2022-07-02 07:21:05,628 [pool-408-thread-1] INFO  server.RaftServerConfigKeys (ConfUtils.java:logGet(46)) - raft.server.rpc.sleep.time = 25ms (default)
2022-07-02 07:21:05,628 [pool-408-thread-1] INFO  server.RaftServerConfigKeys (ConfUtils.java:logGet(46)) - raft.server.rpc.slowness.timeout = 300s (custom)
2022-07-02 07:21:05,628 [pool-408-thread-1] INFO  server.RaftServerConfigKeys (ConfUtils.java:logGet(46)) - raft.server.leaderelection.leader.step-down.wait-time = 10s (default)
2022-07-02 07:21:05,628 [pool-408-thread-1] INFO  server.RaftServerConfigKeys (ConfUtils.java:logGet(46)) - raft.server.sleep.deviation.threshold = 300ms (default)
2022-07-02 07:21:05,628 [pool-408-thread-1] INFO  server.RaftServer$Division (ServerState.java:<init>(107)) - 9e85b174-a55c-4b71-8ba9-5ac009f49f1a@group-A0235C2E9160: ConfigurationManager, init=-1: [9e85b174-a55c-4b71-8ba9-5ac009f49f1a|rpc:10.1.0.20:41643|priority:1], old=null, confs=<EMPTY_MAP>
2022-07-02 07:21:05,629 [pool-408-thread-1] INFO  server.RaftServerConfigKeys (ConfUtils.java:logGet(46)) - raft.server.storage.dir = [/home/runner/work/ozone/ozone/hadoop-ozone/integration-test/target/test-dir/MiniOzoneClusterImpl-774acf0e-96fd-4c7a-8fa4-f3d3d576173c/datanode-3/data/ratis] (custom)
2022-07-02 07:21:05,629 [pool-408-thread-1] INFO  server.RaftServerConfigKeys (ConfUtils.java:logGet(46)) - raft.server.log.corruption.policy = EXCEPTION (default)
2022-07-02 07:21:05,629 [pool-408-thread-1] INFO  server.RaftServerConfigKeys (ConfUtils.java:logGet(46)) - raft.server.storage.free-space.min = 0MB (=0) (default)
2022-07-02 07:21:05,629 [pool-408-thread-1] INFO  storage.RaftStorageDirectory (RaftStorageDirectoryImpl.java:analyzeStorage(135)) - The storage directory /home/runner/work/ozone/ozone/hadoop-ozone/integration-test/target/test-dir/MiniOzoneClusterImpl-774acf0e-96fd-4c7a-8fa4-f3d3d576173c/datanode-3/data/ratis/c4e31b57-d8e3-4275-8c84-a0235c2e9160 does not exist. Creating ...
2022-07-02 07:21:05,633 [pool-408-thread-1] INFO  storage.RaftStorageDirectory (RaftStorageDirectoryImpl.java:tryLock(230)) - Lock on /home/runner/work/ozone/ozone/hadoop-ozone/integration-test/target/test-dir/MiniOzoneClusterImpl-774acf0e-96fd-4c7a-8fa4-f3d3d576173c/datanode-3/data/ratis/c4e31b57-d8e3-4275-8c84-a0235c2e9160/in_use.lock acquired by nodename 16391@fv-az444-838
2022-07-02 07:21:05,634 [pool-408-thread-1] INFO  storage.RaftStorage (RaftStorageImpl.java:format(89)) - Storage directory /home/runner/work/ozone/ozone/hadoop-ozone/integration-test/target/test-dir/MiniOzoneClusterImpl-774acf0e-96fd-4c7a-8fa4-f3d3d576173c/datanode-3/data/ratis/c4e31b57-d8e3-4275-8c84-a0235c2e9160 has been successfully formatted.
2022-07-02 07:21:05,647 [pool-408-thread-1] INFO  ratis.ContainerStateMachine (ContainerStateMachine.java:loadSnapshot(236)) - group-A0235C2E9160: The snapshot info is null. Setting the last applied indexto:(t:0, i:~)
2022-07-02 07:21:05,647 [pool-408-thread-1] INFO  server.RaftServerConfigKeys (ConfUtils.java:logGet(46)) - raft.server.notification.no-leader.timeout = 300s (custom)
2022-07-02 07:21:05,647 [pool-408-thread-1] INFO  server.RaftServerConfigKeys (ConfUtils.java:logGet(46)) - raft.server.log.use.memory = false (default)
2022-07-02 07:21:05,647 [pool-408-thread-1] INFO  server.RaftServerConfigKeys (ConfUtils.java:logGet(46)) - raft.server.log.purge.gap = 1000000 (custom)
2022-07-02 07:21:05,647 [pool-408-thread-1] INFO  server.RaftServerConfigKeys (ConfUtils.java:logGet(46)) - raft.server.log.appender.buffer.byte-limit = 33554432 (custom)
2022-07-02 07:21:05,647 [pool-408-thread-1] INFO  server.RaftServerConfigKeys (ConfUtils.java:logGet(46)) - raft.server.log.statemachine.data.read.timeout = 1000ms (default)
2022-07-02 07:21:05,647 [pool-408-thread-1] INFO  server.RaftServerConfigKeys (ConfUtils.java:logGet(46)) - raft.server.log.segment.size.max = 1048576 (custom)
2022-07-02 07:21:05,648 [pool-408-thread-1] INFO  server.RaftServerConfigKeys (ConfUtils.java:logGet(46)) - raft.server.log.segment.cache.num.max = 2 (custom)
2022-07-02 07:21:05,648 [pool-408-thread-1] INFO  server.RaftServerConfigKeys (ConfUtils.java:logGet(46)) - raft.server.log.segment.cache.size.max = 200MB (=209715200) (default)
2022-07-02 07:21:05,648 [pool-408-thread-1] INFO  segmented.SegmentedRaftLogWorker (SegmentedRaftLogWorker.java:<init>(187)) - new 9e85b174-a55c-4b71-8ba9-5ac009f49f1a@group-A0235C2E9160-SegmentedRaftLogWorker for RaftStorageImpl:Storage Directory /home/runner/work/ozone/ozone/hadoop-ozone/integration-test/target/test-dir/MiniOzoneClusterImpl-774acf0e-96fd-4c7a-8fa4-f3d3d576173c/datanode-3/data/ratis/c4e31b57-d8e3-4275-8c84-a0235c2e9160
2022-07-02 07:21:05,648 [pool-408-thread-1] INFO  server.RaftServerConfigKeys (ConfUtils.java:logGet(46)) - raft.server.log.queue.byte-limit = 4294967296 (custom)
2022-07-02 07:21:05,648 [pool-408-thread-1] INFO  server.RaftServerConfigKeys (ConfUtils.java:logGet(46)) - raft.server.log.queue.element-limit = 1024 (custom)
2022-07-02 07:21:05,648 [pool-408-thread-1] INFO  server.RaftServerConfigKeys (ConfUtils.java:logGet(46)) - raft.server.log.segment.size.max = 1048576 (custom)
2022-07-02 07:21:05,648 [pool-408-thread-1] INFO  server.RaftServerConfigKeys (ConfUtils.java:logGet(46)) - raft.server.log.preallocated.size = 16384 (custom)
2022-07-02 07:21:05,648 [pool-408-thread-1] INFO  server.RaftServerConfigKeys (ConfUtils.java:logGet(46)) - raft.server.log.force.sync.num = 128 (default)
2022-07-02 07:21:05,648 [pool-408-thread-1] INFO  server.RaftServerConfigKeys (ConfUtils.java:logGet(46)) - raft.server.log.statemachine.data.sync = true (default)
2022-07-02 07:21:05,648 [pool-408-thread-1] INFO  server.RaftServerConfigKeys (ConfUtils.java:logGet(46)) - raft.server.log.statemachine.data.sync.timeout = 10s (default)
2022-07-02 07:21:05,648 [pool-408-thread-1] INFO  server.RaftServerConfigKeys (ConfUtils.java:logGet(46)) - raft.server.log.statemachine.data.sync.timeout.retry = -1 (default)
2022-07-02 07:21:05,649 [pool-408-thread-1] INFO  server.RaftServerConfigKeys (ConfUtils.java:logGet(46)) - raft.server.log.write.buffer.size = 1048576 (custom)
2022-07-02 07:21:05,649 [pool-408-thread-1] INFO  server.RaftServerConfigKeys (ConfUtils.java:logGet(46)) - raft.server.log.unsafe-flush.enabled = false (default)
2022-07-02 07:21:05,650 [pool-408-thread-1] INFO  server.RaftServerConfigKeys (ConfUtils.java:logGet(46)) - raft.server.log.statemachine.data.caching.enabled = true (custom)
2022-07-02 07:21:05,650 [pool-408-thread-1] INFO  segmented.SegmentedRaftLogWorker (SegmentedRaftLogWorker.java:lambda$new$0(135)) - 9e85b174-a55c-4b71-8ba9-5ac009f49f1a@group-A0235C2E9160-SegmentedRaftLogWorker: flushIndex: setUnconditionally 0 -> -1
2022-07-02 07:21:05,650 [pool-408-thread-1] INFO  segmented.SegmentedRaftLogWorker (SegmentedRaftLogWorker.java:lambda$new$0(135)) - 9e85b174-a55c-4b71-8ba9-5ac009f49f1a@group-A0235C2E9160-SegmentedRaftLogWorker: safeCacheEvictIndex: setUnconditionally 0 -> -1
2022-07-02 07:21:05,653 [pool-408-thread-1] INFO  server.RaftServerConfigKeys (ConfUtils.java:logGet(46)) - raft.server.snapshot.auto.trigger.enabled = true (custom)
2022-07-02 07:21:05,653 [pool-408-thread-1] INFO  server.RaftServerConfigKeys (ConfUtils.java:logGet(46)) - raft.server.snapshot.auto.trigger.threshold = 10000 (custom)
2022-07-02 07:21:05,653 [pool-408-thread-1] INFO  server.RaftServerConfigKeys (ConfUtils.java:logGet(46)) - raft.server.snapshot.retention.file.num = 5 (custom)
2022-07-02 07:21:05,653 [pool-408-thread-1] INFO  server.RaftServerConfigKeys (ConfUtils.java:logGet(46)) - raft.server.log.purge.upto.snapshot.index = false (default)
2022-07-02 07:21:05,653 [pool-408-thread-1] INFO  server.RaftServerConfigKeys (ConfUtils.java:logGet(46)) - raft.server.retrycache.expirytime = 600000ms (custom)
2022-07-02 07:21:05,654 [EventQueue-PipelineReportForPipelineReportHandler] INFO  pipeline.PipelineManagerImpl (PipelineManagerImpl.java:openPipeline(358)) - Pipeline Pipeline[ Id: c4e31b57-d8e3-4275-8c84-a0235c2e9160, Nodes: 9e85b174-a55c-4b71-8ba9-5ac009f49f1a{ip: 10.1.0.20, host: fv-az444-838.dthhdds2jluu1c0oa55ndv1hsg.dx.internal.cloudapp.net, ports: [REPLICATION=34551, RATIS=41643, RATIS_ADMIN=41643, RATIS_SERVER=41643, STANDALONE=40693], networkLocation: /default-rack, certSerialId: null, persistedOpState: IN_SERVICE, persistedOpStateExpiryEpochSec: 0}, ReplicationConfig: RATIS/ONE, State:ALLOCATED, leaderId:9e85b174-a55c-4b71-8ba9-5ac009f49f1a, CreationTimestamp2022-07-02T07:21:02.586Z[Etc/UTC]] moved to OPEN state
2022-07-02 07:21:05,654 [EventQueue-OpenPipelineForHealthyPipelineSafeModeRule] INFO  safemode.SCMSafeModeManager (HealthyPipelineSafeModeRule.java:process(124)) - SCM in safe mode. Healthy pipelines reported count is 0, required healthy pipeline reported count is 1
2022-07-02 07:21:05,654 [pool-408-thread-1] INFO  server.RaftServerConfigKeys (ConfUtils.java:logGet(46)) - raft.server.retrycache.statistics.expirytime = 100μs (default)
2022-07-02 07:21:05,656 [pool-408-thread-1] INFO  server.RaftServerConfigKeys (ConfUtils.java:logGet(46)) - raft.server.log.appender.install.snapshot.enabled = false (custom)
2022-07-02 07:21:05,656 [pool-408-thread-1] INFO  server.RaftServerConfigKeys (ConfUtils.java:logGet(46)) - raft.server.threadpool.server.cached = true (default)
2022-07-02 07:21:05,656 [pool-408-thread-1] INFO  server.RaftServerConfigKeys (ConfUtils.java:logGet(46)) - raft.server.threadpool.server.size = 0 (default)
2022-07-02 07:21:05,656 [pool-408-thread-1] INFO  server.RaftServerConfigKeys (ConfUtils.java:logGet(46)) - raft.server.threadpool.client.cached = true (default)
2022-07-02 07:21:05,656 [pool-408-thread-1] INFO  server.RaftServerConfigKeys (ConfUtils.java:logGet(46)) - raft.server.threadpool.client.size = 0 (default)
2022-07-02 07:21:05,656 [pool-408-thread-1] INFO  server.RaftServer$Division (RaftServerImpl.java:start(310)) - 9e85b174-a55c-4b71-8ba9-5ac009f49f1a@group-A0235C2E9160: start as a follower, conf=-1: [9e85b174-a55c-4b71-8ba9-5ac009f49f1a|rpc:10.1.0.20:41643|priority:1], old=null
2022-07-02 07:21:05,656 [pool-408-thread-1] INFO  server.RaftServer$Division (RaftServerImpl.java:setRole(299)) - 9e85b174-a55c-4b71-8ba9-5ac009f49f1a@group-A0235C2E9160: changes role from      null to FOLLOWER at term 0 for startAsFollower
2022-07-02 07:21:05,656 [pool-408-thread-1] INFO  impl.RoleInfo (RoleInfo.java:updateAndGet(139)) - 9e85b174-a55c-4b71-8ba9-5ac009f49f1a: start 9e85b174-a55c-4b71-8ba9-5ac009f49f1a@group-A0235C2E9160-FollowerState
2022-07-02 07:21:05,680 [pool-408-thread-1] INFO  util.JmxRegister (JmxRegister.java:tryRegister(44)) - Successfully registered JMX Bean with object name Ratis:service=RaftServer,group=group-A0235C2E9160,id=9e85b174-a55c-4b71-8ba9-5ac009f49f1a
2022-07-02 07:21:05,688 [Command processor thread] INFO  ratis.XceiverServerRatis (XceiverServerRatis.java:addGroup(765)) - Created group PipelineID=c4e31b57-d8e3-4275-8c84-a0235c2e9160
2022-07-02 07:21:05,688 [Command processor thread] INFO  commandhandler.CreatePipelineCommandHandler (CreatePipelineCommandHandler.java:handle(113)) - Created Pipeline RATIS ONE PipelineID=c4e31b57-d8e3-4275-8c84-a0235c2e9160.
2022-07-02 07:21:06,599 [Listener at 127.0.0.1/42659] INFO  ozone.MiniOzoneClusterImpl (MiniOzoneClusterImpl.java:lambda$waitForClusterToBeReady$0(223)) - Nodes are ready. Got 5 of 5 DN Heartbeats.
2022-07-02 07:21:06,599 [Listener at 127.0.0.1/42659] INFO  ozone.MiniOzoneClusterImpl (MiniOzoneClusterImpl.java:lambda$waitForClusterToBeReady$0(226)) - Waiting for cluster to exit safe mode
2022-07-02 07:21:06,599 [Listener at 127.0.0.1/42659] INFO  ozone.MiniOzoneClusterImpl (MiniOzoneClusterImpl.java:lambda$waitForClusterToBeReady$0(228)) - SCM became leader
2022-07-02 07:21:06,708 [Command processor thread] INFO  server.RaftServer (RaftServerProxy.java:addNew(96)) - 029081d1-a351-4e87-8ac8-9a9e5f881d63: addNew group-00ABA8902F10:[029081d1-a351-4e87-8ac8-9a9e5f881d63|rpc:10.1.0.20:34471|priority:1] returns group-00ABA8902F10:java.util.concurrent.CompletableFuture@489d6e6a[Not completed]
2022-07-02 07:21:06,709 [pool-435-thread-1] INFO  server.RaftServer$Division (RaftServerImpl.java:<init>(190)) - 029081d1-a351-4e87-8ac8-9a9e5f881d63: new RaftServerImpl for group-00ABA8902F10:[029081d1-a351-4e87-8ac8-9a9e5f881d63|rpc:10.1.0.20:34471|priority:1] with ContainerStateMachine:uninitialized
2022-07-02 07:21:06,709 [pool-435-thread-1] INFO  server.RaftServerConfigKeys (ConfUtils.java:logGet(46)) - raft.server.rpc.timeout.min = 5s (custom)
2022-07-02 07:21:06,709 [pool-435-thread-1] INFO  server.RaftServerConfigKeys (ConfUtils.java:logGet(46)) - raft.server.rpc.timeout.max = 5200ms (custom)
2022-07-02 07:21:06,709 [pool-435-thread-1] INFO  server.RaftServerConfigKeys (ConfUtils.java:logGet(46)) - raft.server.rpc.sleep.time = 25ms (default)
2022-07-02 07:21:06,709 [pool-435-thread-1] INFO  server.RaftServerConfigKeys (ConfUtils.java:logGet(46)) - raft.server.rpc.slowness.timeout = 300s (custom)
2022-07-02 07:21:06,709 [pool-435-thread-1] INFO  server.RaftServerConfigKeys (ConfUtils.java:logGet(46)) - raft.server.leaderelection.leader.step-down.wait-time = 10s (default)
2022-07-02 07:21:06,709 [pool-435-thread-1] INFO  server.RaftServerConfigKeys (ConfUtils.java:logGet(46)) - raft.server.sleep.deviation.threshold = 300ms (default)
2022-07-02 07:21:06,709 [pool-435-thread-1] INFO  server.RaftServer$Division (ServerState.java:<init>(107)) - 029081d1-a351-4e87-8ac8-9a9e5f881d63@group-00ABA8902F10: ConfigurationManager, init=-1: [029081d1-a351-4e87-8ac8-9a9e5f881d63|rpc:10.1.0.20:34471|priority:1], old=null, confs=<EMPTY_MAP>
2022-07-02 07:21:06,710 [pool-435-thread-1] INFO  server.RaftServerConfigKeys (ConfUtils.java:logGet(46)) - raft.server.storage.dir = [/home/runner/work/ozone/ozone/hadoop-ozone/integration-test/target/test-dir/MiniOzoneClusterImpl-774acf0e-96fd-4c7a-8fa4-f3d3d576173c/datanode-4/data/ratis] (custom)
2022-07-02 07:21:06,710 [pool-435-thread-1] INFO  server.RaftServerConfigKeys (ConfUtils.java:logGet(46)) - raft.server.log.corruption.policy = EXCEPTION (default)
2022-07-02 07:21:06,710 [pool-435-thread-1] INFO  server.RaftServerConfigKeys (ConfUtils.java:logGet(46)) - raft.server.storage.free-space.min = 0MB (=0) (default)
2022-07-02 07:21:06,710 [pool-435-thread-1] INFO  storage.RaftStorageDirectory (RaftStorageDirectoryImpl.java:analyzeStorage(135)) - The storage directory /home/runner/work/ozone/ozone/hadoop-ozone/integration-test/target/test-dir/MiniOzoneClusterImpl-774acf0e-96fd-4c7a-8fa4-f3d3d576173c/datanode-4/data/ratis/02d668e1-58c9-41b4-9992-00aba8902f10 does not exist. Creating ...
2022-07-02 07:21:06,717 [pool-435-thread-1] INFO  storage.RaftStorageDirectory (RaftStorageDirectoryImpl.java:tryLock(230)) - Lock on /home/runner/work/ozone/ozone/hadoop-ozone/integration-test/target/test-dir/MiniOzoneClusterImpl-774acf0e-96fd-4c7a-8fa4-f3d3d576173c/datanode-4/data/ratis/02d668e1-58c9-41b4-9992-00aba8902f10/in_use.lock acquired by nodename 16391@fv-az444-838
2022-07-02 07:21:06,719 [pool-435-thread-1] INFO  storage.RaftStorage (RaftStorageImpl.java:format(89)) - Storage directory /home/runner/work/ozone/ozone/hadoop-ozone/integration-test/target/test-dir/MiniOzoneClusterImpl-774acf0e-96fd-4c7a-8fa4-f3d3d576173c/datanode-4/data/ratis/02d668e1-58c9-41b4-9992-00aba8902f10 has been successfully formatted.
2022-07-02 07:21:06,729 [pool-435-thread-1] INFO  ratis.ContainerStateMachine (ContainerStateMachine.java:loadSnapshot(236)) - group-00ABA8902F10: The snapshot info is null. Setting the last applied indexto:(t:0, i:~)
2022-07-02 07:21:06,729 [pool-435-thread-1] INFO  server.RaftServerConfigKeys (ConfUtils.java:logGet(46)) - raft.server.notification.no-leader.timeout = 300s (custom)
2022-07-02 07:21:06,729 [pool-435-thread-1] INFO  server.RaftServerConfigKeys (ConfUtils.java:logGet(46)) - raft.server.log.use.memory = false (default)
2022-07-02 07:21:06,729 [pool-435-thread-1] INFO  server.RaftServerConfigKeys (ConfUtils.java:logGet(46)) - raft.server.log.purge.gap = 1000000 (custom)
2022-07-02 07:21:06,729 [pool-435-thread-1] INFO  server.RaftServerConfigKeys (ConfUtils.java:logGet(46)) - raft.server.log.appender.buffer.byte-limit = 33554432 (custom)
2022-07-02 07:21:06,729 [pool-435-thread-1] INFO  server.RaftServerConfigKeys (ConfUtils.java:logGet(46)) - raft.server.log.statemachine.data.read.timeout = 1000ms (default)
2022-07-02 07:21:06,729 [pool-435-thread-1] INFO  server.RaftServerConfigKeys (ConfUtils.java:logGet(46)) - raft.server.log.segment.size.max = 1048576 (custom)
2022-07-02 07:21:06,730 [pool-435-thread-1] INFO  server.RaftServerConfigKeys (ConfUtils.java:logGet(46)) - raft.server.log.segment.cache.num.max = 2 (custom)
2022-07-02 07:21:06,730 [pool-435-thread-1] INFO  server.RaftServerConfigKeys (ConfUtils.java:logGet(46)) - raft.server.log.segment.cache.size.max = 200MB (=209715200) (default)
2022-07-02 07:21:06,730 [pool-435-thread-1] INFO  segmented.SegmentedRaftLogWorker (SegmentedRaftLogWorker.java:<init>(187)) - new 029081d1-a351-4e87-8ac8-9a9e5f881d63@group-00ABA8902F10-SegmentedRaftLogWorker for RaftStorageImpl:Storage Directory /home/runner/work/ozone/ozone/hadoop-ozone/integration-test/target/test-dir/MiniOzoneClusterImpl-774acf0e-96fd-4c7a-8fa4-f3d3d576173c/datanode-4/data/ratis/02d668e1-58c9-41b4-9992-00aba8902f10
2022-07-02 07:21:06,730 [pool-435-thread-1] INFO  server.RaftServerConfigKeys (ConfUtils.java:logGet(46)) - raft.server.log.queue.byte-limit = 4294967296 (custom)
2022-07-02 07:21:06,730 [pool-435-thread-1] INFO  server.RaftServerConfigKeys (ConfUtils.java:logGet(46)) - raft.server.log.queue.element-limit = 1024 (custom)
2022-07-02 07:21:06,730 [pool-435-thread-1] INFO  server.RaftServerConfigKeys (ConfUtils.java:logGet(46)) - raft.server.log.segment.size.max = 1048576 (custom)
2022-07-02 07:21:06,730 [pool-435-thread-1] INFO  server.RaftServerConfigKeys (ConfUtils.java:logGet(46)) - raft.server.log.preallocated.size = 16384 (custom)
2022-07-02 07:21:06,730 [pool-435-thread-1] INFO  server.RaftServerConfigKeys (ConfUtils.java:logGet(46)) - raft.server.log.force.sync.num = 128 (default)
2022-07-02 07:21:06,730 [pool-435-thread-1] INFO  server.RaftServerConfigKeys (ConfUtils.java:logGet(46)) - raft.server.log.statemachine.data.sync = true (default)
2022-07-02 07:21:06,730 [pool-435-thread-1] INFO  server.RaftServerConfigKeys (ConfUtils.java:logGet(46)) - raft.server.log.statemachine.data.sync.timeout = 10s (default)
2022-07-02 07:21:06,730 [pool-435-thread-1] INFO  server.RaftServerConfigKeys (ConfUtils.java:logGet(46)) - raft.server.log.statemachine.data.sync.timeout.retry = -1 (default)
2022-07-02 07:21:06,731 [EventQueue-PipelineReportForPipelineReportHandler] INFO  pipeline.PipelineManagerImpl (PipelineManagerImpl.java:openPipeline(358)) - Pipeline Pipeline[ Id: 02d668e1-58c9-41b4-9992-00aba8902f10, Nodes: 029081d1-a351-4e87-8ac8-9a9e5f881d63{ip: 10.1.0.20, host: fv-az444-838.dthhdds2jluu1c0oa55ndv1hsg.dx.internal.cloudapp.net, ports: [REPLICATION=40571, RATIS=34471, RATIS_ADMIN=34471, RATIS_SERVER=34471, STANDALONE=38683], networkLocation: /default-rack, certSerialId: null, persistedOpState: IN_SERVICE, persistedOpStateExpiryEpochSec: 0}, ReplicationConfig: RATIS/ONE, State:ALLOCATED, leaderId:029081d1-a351-4e87-8ac8-9a9e5f881d63, CreationTimestamp2022-07-02T07:21:03.699Z[Etc/UTC]] moved to OPEN state
2022-07-02 07:21:06,732 [EventQueue-OpenPipelineForHealthyPipelineSafeModeRule] INFO  safemode.SCMSafeModeManager (HealthyPipelineSafeModeRule.java:process(124)) - SCM in safe mode. Healthy pipelines reported count is 0, required healthy pipeline reported count is 1
2022-07-02 07:21:06,733 [pool-435-thread-1] INFO  server.RaftServerConfigKeys (ConfUtils.java:logGet(46)) - raft.server.log.write.buffer.size = 1048576 (custom)
2022-07-02 07:21:06,733 [pool-435-thread-1] INFO  server.RaftServerConfigKeys (ConfUtils.java:logGet(46)) - raft.server.log.unsafe-flush.enabled = false (default)
2022-07-02 07:21:06,733 [pool-435-thread-1] INFO  server.RaftServerConfigKeys (ConfUtils.java:logGet(46)) - raft.server.log.statemachine.data.caching.enabled = true (custom)
2022-07-02 07:21:06,733 [pool-435-thread-1] INFO  segmented.SegmentedRaftLogWorker (SegmentedRaftLogWorker.java:lambda$new$0(135)) - 029081d1-a351-4e87-8ac8-9a9e5f881d63@group-00ABA8902F10-SegmentedRaftLogWorker: flushIndex: setUnconditionally 0 -> -1
2022-07-02 07:21:06,733 [pool-435-thread-1] INFO  segmented.SegmentedRaftLogWorker (SegmentedRaftLogWorker.java:lambda$new$0(135)) - 029081d1-a351-4e87-8ac8-9a9e5f881d63@group-00ABA8902F10-SegmentedRaftLogWorker: safeCacheEvictIndex: setUnconditionally 0 -> -1
2022-07-02 07:21:06,739 [pool-435-thread-1] INFO  server.RaftServerConfigKeys (ConfUtils.java:logGet(46)) - raft.server.snapshot.auto.trigger.enabled = true (custom)
2022-07-02 07:21:06,739 [pool-435-thread-1] INFO  server.RaftServerConfigKeys (ConfUtils.java:logGet(46)) - raft.server.snapshot.auto.trigger.threshold = 10000 (custom)
2022-07-02 07:21:06,739 [pool-435-thread-1] INFO  server.RaftServerConfigKeys (ConfUtils.java:logGet(46)) - raft.server.snapshot.retention.file.num = 5 (custom)
2022-07-02 07:21:06,739 [pool-435-thread-1] INFO  server.RaftServerConfigKeys (ConfUtils.java:logGet(46)) - raft.server.log.purge.upto.snapshot.index = false (default)
2022-07-02 07:21:06,739 [pool-435-thread-1] INFO  server.RaftServerConfigKeys (ConfUtils.java:logGet(46)) - raft.server.retrycache.expirytime = 600000ms (custom)
2022-07-02 07:21:06,739 [pool-435-thread-1] INFO  server.RaftServerConfigKeys (ConfUtils.java:logGet(46)) - raft.server.retrycache.statistics.expirytime = 100μs (default)
2022-07-02 07:21:06,740 [pool-435-thread-1] INFO  server.RaftServerConfigKeys (ConfUtils.java:logGet(46)) - raft.server.log.appender.install.snapshot.enabled = false (custom)
2022-07-02 07:21:06,740 [pool-435-thread-1] INFO  server.RaftServerConfigKeys (ConfUtils.java:logGet(46)) - raft.server.threadpool.server.cached = true (default)
2022-07-02 07:21:06,740 [pool-435-thread-1] INFO  server.RaftServerConfigKeys (ConfUtils.java:logGet(46)) - raft.server.threadpool.server.size = 0 (default)
2022-07-02 07:21:06,740 [pool-435-thread-1] INFO  server.RaftServerConfigKeys (ConfUtils.java:logGet(46)) - raft.server.threadpool.client.cached = true (default)
2022-07-02 07:21:06,740 [pool-435-thread-1] INFO  server.RaftServerConfigKeys (ConfUtils.java:logGet(46)) - raft.server.threadpool.client.size = 0 (default)
2022-07-02 07:21:06,741 [pool-435-thread-1] INFO  server.RaftServer$Division (RaftServerImpl.java:start(310)) - 029081d1-a351-4e87-8ac8-9a9e5f881d63@group-00ABA8902F10: start as a follower, conf=-1: [029081d1-a351-4e87-8ac8-9a9e5f881d63|rpc:10.1.0.20:34471|priority:1], old=null
2022-07-02 07:21:06,741 [pool-435-thread-1] INFO  server.RaftServer$Division (RaftServerImpl.java:setRole(299)) - 029081d1-a351-4e87-8ac8-9a9e5f881d63@group-00ABA8902F10: changes role from      null to FOLLOWER at term 0 for startAsFollower
2022-07-02 07:21:06,741 [pool-435-thread-1] INFO  impl.RoleInfo (RoleInfo.java:updateAndGet(139)) - 029081d1-a351-4e87-8ac8-9a9e5f881d63: start 029081d1-a351-4e87-8ac8-9a9e5f881d63@group-00ABA8902F10-FollowerState
2022-07-02 07:21:06,744 [pool-435-thread-1] INFO  util.JmxRegister (JmxRegister.java:tryRegister(44)) - Successfully registered JMX Bean with object name Ratis:service=RaftServer,group=group-00ABA8902F10,id=029081d1-a351-4e87-8ac8-9a9e5f881d63
2022-07-02 07:21:06,748 [Command processor thread] INFO  ratis.XceiverServerRatis (XceiverServerRatis.java:addGroup(765)) - Created group PipelineID=02d668e1-58c9-41b4-9992-00aba8902f10
2022-07-02 07:21:06,748 [Command processor thread] INFO  commandhandler.CreatePipelineCommandHandler (CreatePipelineCommandHandler.java:handle(113)) - Created Pipeline RATIS ONE PipelineID=02d668e1-58c9-41b4-9992-00aba8902f10.
2022-07-02 07:21:07,494 [1b8544ae-5af5-4df4-b279-24215a24e61f@group-FA31170E5D09-FollowerState] INFO  impl.FollowerState (FollowerState.java:run(143)) - 1b8544ae-5af5-4df4-b279-24215a24e61f@group-FA31170E5D09-FollowerState: change to CANDIDATE, lastRpcElapsedTime:5176018116ns, electionTimeout:5153ms
2022-07-02 07:21:07,494 [1b8544ae-5af5-4df4-b279-24215a24e61f@group-FA31170E5D09-FollowerState] INFO  impl.RoleInfo (RoleInfo.java:shutdownFollowerState(110)) - 1b8544ae-5af5-4df4-b279-24215a24e61f: shutdown 1b8544ae-5af5-4df4-b279-24215a24e61f@group-FA31170E5D09-FollowerState
2022-07-02 07:21:07,494 [1b8544ae-5af5-4df4-b279-24215a24e61f@group-FA31170E5D09-FollowerState] INFO  server.RaftServer$Division (RaftServerImpl.java:setRole(299)) - 1b8544ae-5af5-4df4-b279-24215a24e61f@group-FA31170E5D09: changes role from  FOLLOWER to CANDIDATE at term 0 for changeToCandidate
2022-07-02 07:21:07,495 [1b8544ae-5af5-4df4-b279-24215a24e61f@group-FA31170E5D09-FollowerState] INFO  server.RaftServerConfigKeys (ConfUtils.java:logGet(46)) - raft.server.leaderelection.pre-vote = false (custom)
2022-07-02 07:21:07,495 [1b8544ae-5af5-4df4-b279-24215a24e61f@group-FA31170E5D09-FollowerState] INFO  impl.RoleInfo (RoleInfo.java:updateAndGet(139)) - 1b8544ae-5af5-4df4-b279-24215a24e61f: start 1b8544ae-5af5-4df4-b279-24215a24e61f@group-FA31170E5D09-LeaderElection12
2022-07-02 07:21:07,525 [1b8544ae-5af5-4df4-b279-24215a24e61f@group-FA31170E5D09-LeaderElection12] INFO  impl.LeaderElection (LeaderElection.java:askForVotes(310)) - 1b8544ae-5af5-4df4-b279-24215a24e61f@group-FA31170E5D09-LeaderElection12 ELECTION round 0: submit vote requests at term 1 for -1: [1b8544ae-5af5-4df4-b279-24215a24e61f|rpc:10.1.0.20:40747|priority:1], old=null
2022-07-02 07:21:07,525 [1b8544ae-5af5-4df4-b279-24215a24e61f@group-FA31170E5D09-LeaderElection12] INFO  impl.LeaderElection (LeaderElection.java:askForVotes(312)) - 1b8544ae-5af5-4df4-b279-24215a24e61f@group-FA31170E5D09-LeaderElection12 ELECTION round 0: result PASSED (term=1)
2022-07-02 07:21:07,525 [1b8544ae-5af5-4df4-b279-24215a24e61f@group-FA31170E5D09-LeaderElection12] INFO  impl.RoleInfo (RoleInfo.java:shutdownLeaderElection(130)) - 1b8544ae-5af5-4df4-b279-24215a24e61f: shutdown 1b8544ae-5af5-4df4-b279-24215a24e61f@group-FA31170E5D09-LeaderElection12
2022-07-02 07:21:07,525 [1b8544ae-5af5-4df4-b279-24215a24e61f@group-FA31170E5D09-LeaderElection12] INFO  server.RaftServer$Division (RaftServerImpl.java:setRole(299)) - 1b8544ae-5af5-4df4-b279-24215a24e61f@group-FA31170E5D09: changes role from CANDIDATE to LEADER at term 1 for changeToLeader
2022-07-02 07:21:07,525 [1b8544ae-5af5-4df4-b279-24215a24e61f@group-FA31170E5D09-LeaderElection12] INFO  ratis.XceiverServerRatis (XceiverServerRatis.java:handleLeaderChangedNotification(863)) - Leader change notification received for group: group-FA31170E5D09 with new leaderId: 1b8544ae-5af5-4df4-b279-24215a24e61f
2022-07-02 07:21:07,525 [1b8544ae-5af5-4df4-b279-24215a24e61f@group-FA31170E5D09-LeaderElection12] INFO  server.RaftServer$Division (ServerState.java:setLeader(287)) - 1b8544ae-5af5-4df4-b279-24215a24e61f@group-FA31170E5D09: change Leader from null to 1b8544ae-5af5-4df4-b279-24215a24e61f at term 1 for becomeLeader, leader elected after 5253ms
2022-07-02 07:21:07,525 [1b8544ae-5af5-4df4-b279-24215a24e61f@group-FA31170E5D09-LeaderElection12] INFO  server.RaftServerConfigKeys (ConfUtils.java:logGet(46)) - raft.server.staging.catchup.gap = 1000 (default)
2022-07-02 07:21:07,525 [1b8544ae-5af5-4df4-b279-24215a24e61f@group-FA31170E5D09-LeaderElection12] INFO  server.RaftServerConfigKeys (ConfUtils.java:logGet(46)) - raft.server.write.element-limit = 1024 (custom)
2022-07-02 07:21:07,525 [1b8544ae-5af5-4df4-b279-24215a24e61f@group-FA31170E5D09-LeaderElection12] INFO  server.RaftServerConfigKeys (ConfUtils.java:logGet(46)) - raft.server.write.byte-limit = 1024 M (=1073741824) (custom)
2022-07-02 07:21:07,526 [1b8544ae-5af5-4df4-b279-24215a24e61f@group-FA31170E5D09-LeaderElection12] INFO  server.RaftServerConfigKeys (ConfUtils.java:logGet(46)) - raft.server.watch.timeout = 180s (custom)
2022-07-02 07:21:07,526 [1b8544ae-5af5-4df4-b279-24215a24e61f@group-FA31170E5D09-LeaderElection12] INFO  server.RaftServerConfigKeys (ConfUtils.java:logGet(46)) - raft.server.watch.timeout.denomination = 1s (default)
2022-07-02 07:21:07,526 [1b8544ae-5af5-4df4-b279-24215a24e61f@group-FA31170E5D09-LeaderElection12] INFO  server.RaftServerConfigKeys (ConfUtils.java:logGet(46)) - raft.server.watch.element-limit = 65536 (default)
2022-07-02 07:21:07,526 [1b8544ae-5af5-4df4-b279-24215a24e61f@group-FA31170E5D09-LeaderElection12] INFO  server.RaftServerConfigKeys (ConfUtils.java:logGet(46)) - raft.server.write.element-limit = 1024 (custom)
2022-07-02 07:21:07,526 [1b8544ae-5af5-4df4-b279-24215a24e61f@group-FA31170E5D09-LeaderElection12] INFO  server.RaftServerConfigKeys (ConfUtils.java:logGet(46)) - raft.server.write.follower.gap.ratio.max = -1.0 (default)
2022-07-02 07:21:07,526 [1b8544ae-5af5-4df4-b279-24215a24e61f@group-FA31170E5D09-LeaderElection12] INFO  impl.RoleInfo (RoleInfo.java:updateAndGet(139)) - 1b8544ae-5af5-4df4-b279-24215a24e61f: start 1b8544ae-5af5-4df4-b279-24215a24e61f@group-FA31170E5D09-LeaderStateImpl
2022-07-02 07:21:07,526 [1b8544ae-5af5-4df4-b279-24215a24e61f@group-FA31170E5D09-LeaderElection12] INFO  segmented.SegmentedRaftLogWorker (SegmentedRaftLogWorker.java:startLogSegment(425)) - 1b8544ae-5af5-4df4-b279-24215a24e61f@group-FA31170E5D09-SegmentedRaftLogWorker: Starting segment from index:0
2022-07-02 07:21:07,532 [EventQueue-OpenPipelineForHealthyPipelineSafeModeRule] INFO  safemode.SCMSafeModeManager (HealthyPipelineSafeModeRule.java:process(124)) - SCM in safe mode. Healthy pipelines reported count is 0, required healthy pipeline reported count is 1
2022-07-02 07:21:07,534 [1b8544ae-5af5-4df4-b279-24215a24e61f@group-FA31170E5D09-SegmentedRaftLogWorker] INFO  segmented.SegmentedRaftLogWorker (SegmentedRaftLogWorker.java:execute(629)) - 1b8544ae-5af5-4df4-b279-24215a24e61f@group-FA31170E5D09-SegmentedRaftLogWorker: created new log segment /home/runner/work/ozone/ozone/hadoop-ozone/integration-test/target/test-dir/MiniOzoneClusterImpl-774acf0e-96fd-4c7a-8fa4-f3d3d576173c/datanode-0/data/ratis/db87c324-6eb2-49f2-876d-fa31170e5d09/current/log_inprogress_0
2022-07-02 07:21:07,534 [1b8544ae-5af5-4df4-b279-24215a24e61f@group-246C4D1B62E2-FollowerState] INFO  impl.FollowerState (FollowerState.java:run(143)) - 1b8544ae-5af5-4df4-b279-24215a24e61f@group-246C4D1B62E2-FollowerState: change to CANDIDATE, lastRpcElapsedTime:5174095898ns, electionTimeout:5173ms
2022-07-02 07:21:07,535 [1b8544ae-5af5-4df4-b279-24215a24e61f@group-246C4D1B62E2-FollowerState] INFO  impl.RoleInfo (RoleInfo.java:shutdownFollowerState(110)) - 1b8544ae-5af5-4df4-b279-24215a24e61f: shutdown 1b8544ae-5af5-4df4-b279-24215a24e61f@group-246C4D1B62E2-FollowerState
2022-07-02 07:21:07,535 [1b8544ae-5af5-4df4-b279-24215a24e61f@group-246C4D1B62E2-FollowerState] INFO  server.RaftServer$Division (RaftServerImpl.java:setRole(299)) - 1b8544ae-5af5-4df4-b279-24215a24e61f@group-246C4D1B62E2: changes role from  FOLLOWER to CANDIDATE at term 0 for changeToCandidate
2022-07-02 07:21:07,541 [1b8544ae-5af5-4df4-b279-24215a24e61f@group-246C4D1B62E2-FollowerState] INFO  server.RaftServerConfigKeys (ConfUtils.java:logGet(46)) - raft.server.leaderelection.pre-vote = false (custom)
2022-07-02 07:21:07,541 [1b8544ae-5af5-4df4-b279-24215a24e61f@group-246C4D1B62E2-FollowerState] INFO  impl.RoleInfo (RoleInfo.java:updateAndGet(139)) - 1b8544ae-5af5-4df4-b279-24215a24e61f: start 1b8544ae-5af5-4df4-b279-24215a24e61f@group-246C4D1B62E2-LeaderElection13
2022-07-02 07:21:07,545 [1b8544ae-5af5-4df4-b279-24215a24e61f@group-FA31170E5D09-LeaderElection12] INFO  server.RaftServer$Division (ServerState.java:setRaftConf(393)) - 1b8544ae-5af5-4df4-b279-24215a24e61f@group-FA31170E5D09: set configuration 0: [1b8544ae-5af5-4df4-b279-24215a24e61f|rpc:10.1.0.20:40747|dataStream:|priority:1], old=null
2022-07-02 07:21:07,568 [1b8544ae-5af5-4df4-b279-24215a24e61f@group-246C4D1B62E2-LeaderElection13] INFO  impl.LeaderElection (LeaderElection.java:askForVotes(310)) - 1b8544ae-5af5-4df4-b279-24215a24e61f@group-246C4D1B62E2-LeaderElection13 ELECTION round 0: submit vote requests at term 1 for -1: [1b8544ae-5af5-4df4-b279-24215a24e61f|rpc:10.1.0.20:40747|priority:0, cfe57530-fe42-4aeb-89ca-3dd0b37fa566|rpc:10.1.0.20:46557|priority:0, c9a01eed-2c14-4142-866b-b2e3b10906a9|rpc:10.1.0.20:44461|priority:1], old=null
2022-07-02 07:21:07,603 [Listener at 127.0.0.1/42659] INFO  ozone.MiniOzoneClusterImpl (MiniOzoneClusterImpl.java:lambda$waitForClusterToBeReady$0(223)) - Nodes are ready. Got 5 of 5 DN Heartbeats.
2022-07-02 07:21:07,603 [Listener at 127.0.0.1/42659] INFO  ozone.MiniOzoneClusterImpl (MiniOzoneClusterImpl.java:lambda$waitForClusterToBeReady$0(226)) - Waiting for cluster to exit safe mode
2022-07-02 07:21:07,603 [Listener at 127.0.0.1/42659] INFO  ozone.MiniOzoneClusterImpl (MiniOzoneClusterImpl.java:lambda$waitForClusterToBeReady$0(228)) - SCM became leader
2022-07-02 07:21:07,640 [grpc-default-executor-0] INFO  server.RaftServer$Division (RaftServerImpl.java:requestVote(1152)) - c9a01eed-2c14-4142-866b-b2e3b10906a9@group-246C4D1B62E2: receive requestVote(ELECTION, 1b8544ae-5af5-4df4-b279-24215a24e61f, group-246C4D1B62E2, 1, (t:0, i:0))
2022-07-02 07:21:07,640 [grpc-default-executor-0] INFO  impl.VoteContext (VoteContext.java:log(48)) - c9a01eed-2c14-4142-866b-b2e3b10906a9@group-246C4D1B62E2-FOLLOWER: reject ELECTION from 1b8544ae-5af5-4df4-b279-24215a24e61f: our priority 1 > candidate's priority 0
2022-07-02 07:21:07,640 [grpc-default-executor-0] INFO  server.RaftServer$Division (RaftServerImpl.java:setRole(299)) - c9a01eed-2c14-4142-866b-b2e3b10906a9@group-246C4D1B62E2: changes role from  FOLLOWER to FOLLOWER at term 1 for candidate:1b8544ae-5af5-4df4-b279-24215a24e61f
2022-07-02 07:21:07,640 [grpc-default-executor-0] INFO  impl.RoleInfo (RoleInfo.java:shutdownFollowerState(110)) - c9a01eed-2c14-4142-866b-b2e3b10906a9: shutdown c9a01eed-2c14-4142-866b-b2e3b10906a9@group-246C4D1B62E2-FollowerState
2022-07-02 07:21:07,641 [grpc-default-executor-0] INFO  impl.RoleInfo (RoleInfo.java:updateAndGet(139)) - c9a01eed-2c14-4142-866b-b2e3b10906a9: start c9a01eed-2c14-4142-866b-b2e3b10906a9@group-246C4D1B62E2-FollowerState
2022-07-02 07:21:07,641 [c9a01eed-2c14-4142-866b-b2e3b10906a9@group-246C4D1B62E2-FollowerState] INFO  impl.FollowerState (FollowerState.java:run(152)) - c9a01eed-2c14-4142-866b-b2e3b10906a9@group-246C4D1B62E2-FollowerState was interrupted
2022-07-02 07:21:07,661 [grpc-default-executor-0] INFO  server.RaftServer$Division (RaftServerImpl.java:requestVote(1184)) - c9a01eed-2c14-4142-866b-b2e3b10906a9@group-246C4D1B62E2 replies to ELECTION vote request: 1b8544ae-5af5-4df4-b279-24215a24e61f<-c9a01eed-2c14-4142-866b-b2e3b10906a9#0:FAIL-t1. Peer's state: c9a01eed-2c14-4142-866b-b2e3b10906a9@group-246C4D1B62E2:t1, leader=null, voted=null, raftlog=c9a01eed-2c14-4142-866b-b2e3b10906a9@group-246C4D1B62E2-SegmentedRaftLog:OPENED:c-1, conf=-1: [1b8544ae-5af5-4df4-b279-24215a24e61f|rpc:10.1.0.20:40747|dataStream:|priority:0, cfe57530-fe42-4aeb-89ca-3dd0b37fa566|rpc:10.1.0.20:46557|dataStream:|priority:0, c9a01eed-2c14-4142-866b-b2e3b10906a9|rpc:10.1.0.20:44461|dataStream:|priority:1], old=null
2022-07-02 07:21:07,674 [1b8544ae-5af5-4df4-b279-24215a24e61f@group-246C4D1B62E2-LeaderElection13] INFO  impl.LeaderElection (LeaderElection.java:logAndReturn(90)) - 1b8544ae-5af5-4df4-b279-24215a24e61f@group-246C4D1B62E2-LeaderElection13: ELECTION REJECTED received 1 response(s) and 0 exception(s):
2022-07-02 07:21:07,674 [1b8544ae-5af5-4df4-b279-24215a24e61f@group-246C4D1B62E2-LeaderElection13] INFO  impl.LeaderElection (LeaderElection.java:logAndReturn(94)) -   Response 0: 1b8544ae-5af5-4df4-b279-24215a24e61f<-c9a01eed-2c14-4142-866b-b2e3b10906a9#0:FAIL-t1
2022-07-02 07:21:07,674 [1b8544ae-5af5-4df4-b279-24215a24e61f@group-246C4D1B62E2-LeaderElection13] INFO  impl.LeaderElection (LeaderElection.java:askForVotes(312)) - 1b8544ae-5af5-4df4-b279-24215a24e61f@group-246C4D1B62E2-LeaderElection13 ELECTION round 0: result REJECTED
2022-07-02 07:21:07,674 [1b8544ae-5af5-4df4-b279-24215a24e61f@group-246C4D1B62E2-LeaderElection13] INFO  server.RaftServer$Division (RaftServerImpl.java:setRole(299)) - 1b8544ae-5af5-4df4-b279-24215a24e61f@group-246C4D1B62E2: changes role from CANDIDATE to FOLLOWER at term 1 for REJECTED
2022-07-02 07:21:07,674 [1b8544ae-5af5-4df4-b279-24215a24e61f@group-246C4D1B62E2-LeaderElection13] INFO  impl.RoleInfo (RoleInfo.java:shutdownLeaderElection(130)) - 1b8544ae-5af5-4df4-b279-24215a24e61f: shutdown 1b8544ae-5af5-4df4-b279-24215a24e61f@group-246C4D1B62E2-LeaderElection13
2022-07-02 07:21:07,674 [1b8544ae-5af5-4df4-b279-24215a24e61f@group-246C4D1B62E2-LeaderElection13] INFO  impl.RoleInfo (RoleInfo.java:updateAndGet(139)) - 1b8544ae-5af5-4df4-b279-24215a24e61f: start 1b8544ae-5af5-4df4-b279-24215a24e61f@group-246C4D1B62E2-FollowerState
2022-07-02 07:21:07,689 [grpc-default-executor-1] INFO  server.RaftServer$Division (RaftServerImpl.java:requestVote(1152)) - cfe57530-fe42-4aeb-89ca-3dd0b37fa566@group-246C4D1B62E2: receive requestVote(ELECTION, 1b8544ae-5af5-4df4-b279-24215a24e61f, group-246C4D1B62E2, 1, (t:0, i:0))
2022-07-02 07:21:07,689 [grpc-default-executor-1] INFO  impl.VoteContext (VoteContext.java:log(48)) - cfe57530-fe42-4aeb-89ca-3dd0b37fa566@group-246C4D1B62E2-FOLLOWER: accept ELECTION from 1b8544ae-5af5-4df4-b279-24215a24e61f: our priority 0 <= candidate's priority 0
2022-07-02 07:21:07,689 [grpc-default-executor-1] INFO  server.RaftServer$Division (RaftServerImpl.java:setRole(299)) - cfe57530-fe42-4aeb-89ca-3dd0b37fa566@group-246C4D1B62E2: changes role from  FOLLOWER to FOLLOWER at term 1 for candidate:1b8544ae-5af5-4df4-b279-24215a24e61f
2022-07-02 07:21:07,689 [grpc-default-executor-1] INFO  impl.RoleInfo (RoleInfo.java:shutdownFollowerState(110)) - cfe57530-fe42-4aeb-89ca-3dd0b37fa566: shutdown cfe57530-fe42-4aeb-89ca-3dd0b37fa566@group-246C4D1B62E2-FollowerState
2022-07-02 07:21:07,689 [grpc-default-executor-1] INFO  impl.RoleInfo (RoleInfo.java:updateAndGet(139)) - cfe57530-fe42-4aeb-89ca-3dd0b37fa566: start cfe57530-fe42-4aeb-89ca-3dd0b37fa566@group-246C4D1B62E2-FollowerState
2022-07-02 07:21:07,689 [cfe57530-fe42-4aeb-89ca-3dd0b37fa566@group-246C4D1B62E2-FollowerState] INFO  impl.FollowerState (FollowerState.java:run(152)) - cfe57530-fe42-4aeb-89ca-3dd0b37fa566@group-246C4D1B62E2-FollowerState was interrupted
2022-07-02 07:21:07,708 [grpc-default-executor-1] INFO  server.RaftServer$Division (RaftServerImpl.java:requestVote(1184)) - cfe57530-fe42-4aeb-89ca-3dd0b37fa566@group-246C4D1B62E2 replies to ELECTION vote request: 1b8544ae-5af5-4df4-b279-24215a24e61f<-cfe57530-fe42-4aeb-89ca-3dd0b37fa566#0:OK-t1. Peer's state: cfe57530-fe42-4aeb-89ca-3dd0b37fa566@group-246C4D1B62E2:t1, leader=null, voted=1b8544ae-5af5-4df4-b279-24215a24e61f, raftlog=cfe57530-fe42-4aeb-89ca-3dd0b37fa566@group-246C4D1B62E2-SegmentedRaftLog:OPENED:c-1, conf=-1: [1b8544ae-5af5-4df4-b279-24215a24e61f|rpc:10.1.0.20:40747|dataStream:|priority:0, cfe57530-fe42-4aeb-89ca-3dd0b37fa566|rpc:10.1.0.20:46557|dataStream:|priority:0, c9a01eed-2c14-4142-866b-b2e3b10906a9|rpc:10.1.0.20:44461|dataStream:|priority:1], old=null
2022-07-02 07:21:07,854 [1b8544ae-5af5-4df4-b279-24215a24e61f@group-B48EA2B5E0C5-FollowerState] INFO  impl.FollowerState (FollowerState.java:run(143)) - 1b8544ae-5af5-4df4-b279-24215a24e61f@group-B48EA2B5E0C5-FollowerState: change to CANDIDATE, lastRpcElapsedTime:5063629846ns, electionTimeout:5061ms
2022-07-02 07:21:07,854 [1b8544ae-5af5-4df4-b279-24215a24e61f@group-B48EA2B5E0C5-FollowerState] INFO  impl.RoleInfo (RoleInfo.java:shutdownFollowerState(110)) - 1b8544ae-5af5-4df4-b279-24215a24e61f: shutdown 1b8544ae-5af5-4df4-b279-24215a24e61f@group-B48EA2B5E0C5-FollowerState
2022-07-02 07:21:07,854 [1b8544ae-5af5-4df4-b279-24215a24e61f@group-B48EA2B5E0C5-FollowerState] INFO  server.RaftServer$Division (RaftServerImpl.java:setRole(299)) - 1b8544ae-5af5-4df4-b279-24215a24e61f@group-B48EA2B5E0C5: changes role from  FOLLOWER to CANDIDATE at term 0 for changeToCandidate
2022-07-02 07:21:07,854 [1b8544ae-5af5-4df4-b279-24215a24e61f@group-B48EA2B5E0C5-FollowerState] INFO  server.RaftServerConfigKeys (ConfUtils.java:logGet(46)) - raft.server.leaderelection.pre-vote = false (custom)
2022-07-02 07:21:07,854 [1b8544ae-5af5-4df4-b279-24215a24e61f@group-B48EA2B5E0C5-FollowerState] INFO  impl.RoleInfo (RoleInfo.java:updateAndGet(139)) - 1b8544ae-5af5-4df4-b279-24215a24e61f: start 1b8544ae-5af5-4df4-b279-24215a24e61f@group-B48EA2B5E0C5-LeaderElection14
2022-07-02 07:21:07,867 [c9a01eed-2c14-4142-866b-b2e3b10906a9@group-B48EA2B5E0C5-FollowerState] INFO  impl.FollowerState (FollowerState.java:run(143)) - c9a01eed-2c14-4142-866b-b2e3b10906a9@group-B48EA2B5E0C5-FollowerState: change to CANDIDATE, lastRpcElapsedTime:5015136383ns, electionTimeout:5014ms
2022-07-02 07:21:07,867 [c9a01eed-2c14-4142-866b-b2e3b10906a9@group-B48EA2B5E0C5-FollowerState] INFO  impl.RoleInfo (RoleInfo.java:shutdownFollowerState(110)) - c9a01eed-2c14-4142-866b-b2e3b10906a9: shutdown c9a01eed-2c14-4142-866b-b2e3b10906a9@group-B48EA2B5E0C5-FollowerState
2022-07-02 07:21:07,867 [c9a01eed-2c14-4142-866b-b2e3b10906a9@group-B48EA2B5E0C5-FollowerState] INFO  server.RaftServer$Division (RaftServerImpl.java:setRole(299)) - c9a01eed-2c14-4142-866b-b2e3b10906a9@group-B48EA2B5E0C5: changes role from  FOLLOWER to CANDIDATE at term 0 for changeToCandidate
2022-07-02 07:21:07,867 [c9a01eed-2c14-4142-866b-b2e3b10906a9@group-B48EA2B5E0C5-FollowerState] INFO  server.RaftServerConfigKeys (ConfUtils.java:logGet(46)) - raft.server.leaderelection.pre-vote = false (custom)
2022-07-02 07:21:07,867 [c9a01eed-2c14-4142-866b-b2e3b10906a9@group-B48EA2B5E0C5-FollowerState] INFO  impl.RoleInfo (RoleInfo.java:updateAndGet(139)) - c9a01eed-2c14-4142-866b-b2e3b10906a9: start c9a01eed-2c14-4142-866b-b2e3b10906a9@group-B48EA2B5E0C5-LeaderElection15
2022-07-02 07:21:07,890 [1b8544ae-5af5-4df4-b279-24215a24e61f@group-B48EA2B5E0C5-LeaderElection14] INFO  impl.LeaderElection (LeaderElection.java:askForVotes(310)) - 1b8544ae-5af5-4df4-b279-24215a24e61f@group-B48EA2B5E0C5-LeaderElection14 ELECTION round 0: submit vote requests at term 1 for -1: [1b8544ae-5af5-4df4-b279-24215a24e61f|rpc:10.1.0.20:40747|priority:1, cfe57530-fe42-4aeb-89ca-3dd0b37fa566|rpc:10.1.0.20:46557|priority:0, c9a01eed-2c14-4142-866b-b2e3b10906a9|rpc:10.1.0.20:44461|priority:0], old=null
2022-07-02 07:21:07,926 [grpc-default-executor-1] INFO  server.RaftServer$Division (RaftServerImpl.java:requestVote(1152)) - cfe57530-fe42-4aeb-89ca-3dd0b37fa566@group-B48EA2B5E0C5: receive requestVote(ELECTION, 1b8544ae-5af5-4df4-b279-24215a24e61f, group-B48EA2B5E0C5, 1, (t:0, i:0))
2022-07-02 07:21:07,926 [grpc-default-executor-1] INFO  impl.VoteContext (VoteContext.java:log(48)) - cfe57530-fe42-4aeb-89ca-3dd0b37fa566@group-B48EA2B5E0C5-FOLLOWER: accept ELECTION from 1b8544ae-5af5-4df4-b279-24215a24e61f: our priority 0 <= candidate's priority 1
2022-07-02 07:21:07,926 [grpc-default-executor-1] INFO  server.RaftServer$Division (RaftServerImpl.java:setRole(299)) - cfe57530-fe42-4aeb-89ca-3dd0b37fa566@group-B48EA2B5E0C5: changes role from  FOLLOWER to FOLLOWER at term 1 for candidate:1b8544ae-5af5-4df4-b279-24215a24e61f
2022-07-02 07:21:07,926 [grpc-default-executor-1] INFO  impl.RoleInfo (RoleInfo.java:shutdownFollowerState(110)) - cfe57530-fe42-4aeb-89ca-3dd0b37fa566: shutdown cfe57530-fe42-4aeb-89ca-3dd0b37fa566@group-B48EA2B5E0C5-FollowerState
2022-07-02 07:21:07,926 [grpc-default-executor-1] INFO  impl.RoleInfo (RoleInfo.java:updateAndGet(139)) - cfe57530-fe42-4aeb-89ca-3dd0b37fa566: start cfe57530-fe42-4aeb-89ca-3dd0b37fa566@group-B48EA2B5E0C5-FollowerState
2022-07-02 07:21:07,927 [cfe57530-fe42-4aeb-89ca-3dd0b37fa566@group-B48EA2B5E0C5-FollowerState] INFO  impl.FollowerState (FollowerState.java:run(152)) - cfe57530-fe42-4aeb-89ca-3dd0b37fa566@group-B48EA2B5E0C5-FollowerState was interrupted
2022-07-02 07:21:07,927 [c9a01eed-2c14-4142-866b-b2e3b10906a9@group-B48EA2B5E0C5-LeaderElection15] INFO  impl.LeaderElection (LeaderElection.java:askForVotes(310)) - c9a01eed-2c14-4142-866b-b2e3b10906a9@group-B48EA2B5E0C5-LeaderElection15 ELECTION round 0: submit vote requests at term 1 for -1: [1b8544ae-5af5-4df4-b279-24215a24e61f|rpc:10.1.0.20:40747|dataStream:|priority:1, cfe57530-fe42-4aeb-89ca-3dd0b37fa566|rpc:10.1.0.20:46557|dataStream:|priority:0, c9a01eed-2c14-4142-866b-b2e3b10906a9|rpc:10.1.0.20:44461|dataStream:|priority:0], old=null
2022-07-02 07:21:07,928 [grpc-default-executor-1] INFO  server.RaftServer$Division (RaftServerImpl.java:requestVote(1184)) - cfe57530-fe42-4aeb-89ca-3dd0b37fa566@group-B48EA2B5E0C5 replies to ELECTION vote request: 1b8544ae-5af5-4df4-b279-24215a24e61f<-cfe57530-fe42-4aeb-89ca-3dd0b37fa566#0:OK-t1. Peer's state: cfe57530-fe42-4aeb-89ca-3dd0b37fa566@group-B48EA2B5E0C5:t1, leader=null, voted=1b8544ae-5af5-4df4-b279-24215a24e61f, raftlog=cfe57530-fe42-4aeb-89ca-3dd0b37fa566@group-B48EA2B5E0C5-SegmentedRaftLog:OPENED:c-1, conf=-1: [1b8544ae-5af5-4df4-b279-24215a24e61f|rpc:10.1.0.20:40747|dataStream:|priority:1, cfe57530-fe42-4aeb-89ca-3dd0b37fa566|rpc:10.1.0.20:46557|dataStream:|priority:0, c9a01eed-2c14-4142-866b-b2e3b10906a9|rpc:10.1.0.20:44461|dataStream:|priority:0], old=null
2022-07-02 07:21:07,955 [grpc-default-executor-0] INFO  server.RaftServer$Division (RaftServerImpl.java:requestVote(1152)) - c9a01eed-2c14-4142-866b-b2e3b10906a9@group-B48EA2B5E0C5: receive requestVote(ELECTION, 1b8544ae-5af5-4df4-b279-24215a24e61f, group-B48EA2B5E0C5, 1, (t:0, i:0))
2022-07-02 07:21:07,956 [grpc-default-executor-0] INFO  impl.VoteContext (VoteContext.java:log(48)) - c9a01eed-2c14-4142-866b-b2e3b10906a9@group-B48EA2B5E0C5-CANDIDATE: reject ELECTION from 1b8544ae-5af5-4df4-b279-24215a24e61f: already has voted for c9a01eed-2c14-4142-866b-b2e3b10906a9 at current term 1
2022-07-02 07:21:07,956 [grpc-default-executor-0] INFO  server.RaftServer$Division (RaftServerImpl.java:requestVote(1184)) - c9a01eed-2c14-4142-866b-b2e3b10906a9@group-B48EA2B5E0C5 replies to ELECTION vote request: 1b8544ae-5af5-4df4-b279-24215a24e61f<-c9a01eed-2c14-4142-866b-b2e3b10906a9#0:FAIL-t1. Peer's state: c9a01eed-2c14-4142-866b-b2e3b10906a9@group-B48EA2B5E0C5:t1, leader=null, voted=c9a01eed-2c14-4142-866b-b2e3b10906a9, raftlog=c9a01eed-2c14-4142-866b-b2e3b10906a9@group-B48EA2B5E0C5-SegmentedRaftLog:OPENED:c-1, conf=-1: [1b8544ae-5af5-4df4-b279-24215a24e61f|rpc:10.1.0.20:40747|dataStream:|priority:1, cfe57530-fe42-4aeb-89ca-3dd0b37fa566|rpc:10.1.0.20:46557|dataStream:|priority:0, c9a01eed-2c14-4142-866b-b2e3b10906a9|rpc:10.1.0.20:44461|dataStream:|priority:0], old=null
2022-07-02 07:21:07,963 [1b8544ae-5af5-4df4-b279-24215a24e61f@group-B48EA2B5E0C5-LeaderElection14] INFO  impl.LeaderElection (LeaderElection.java:logAndReturn(90)) - 1b8544ae-5af5-4df4-b279-24215a24e61f@group-B48EA2B5E0C5-LeaderElection14: ELECTION PASSED received 2 response(s) and 0 exception(s):
2022-07-02 07:21:07,963 [1b8544ae-5af5-4df4-b279-24215a24e61f@group-B48EA2B5E0C5-LeaderElection14] INFO  impl.LeaderElection (LeaderElection.java:logAndReturn(94)) -   Response 0: 1b8544ae-5af5-4df4-b279-24215a24e61f<-cfe57530-fe42-4aeb-89ca-3dd0b37fa566#0:OK-t1
2022-07-02 07:21:07,963 [1b8544ae-5af5-4df4-b279-24215a24e61f@group-B48EA2B5E0C5-LeaderElection14] INFO  impl.LeaderElection (LeaderElection.java:logAndReturn(94)) -   Response 1: 1b8544ae-5af5-4df4-b279-24215a24e61f<-c9a01eed-2c14-4142-866b-b2e3b10906a9#0:FAIL-t1
2022-07-02 07:21:07,963 [1b8544ae-5af5-4df4-b279-24215a24e61f@group-B48EA2B5E0C5-LeaderElection14] INFO  impl.LeaderElection (LeaderElection.java:askForVotes(312)) - 1b8544ae-5af5-4df4-b279-24215a24e61f@group-B48EA2B5E0C5-LeaderElection14 ELECTION round 0: result PASSED
2022-07-02 07:21:07,963 [1b8544ae-5af5-4df4-b279-24215a24e61f@group-B48EA2B5E0C5-LeaderElection14] INFO  impl.RoleInfo (RoleInfo.java:shutdownLeaderElection(130)) - 1b8544ae-5af5-4df4-b279-24215a24e61f: shutdown 1b8544ae-5af5-4df4-b279-24215a24e61f@group-B48EA2B5E0C5-LeaderElection14
2022-07-02 07:21:07,970 [1b8544ae-5af5-4df4-b279-24215a24e61f@group-B48EA2B5E0C5-LeaderElection14] INFO  server.RaftServer$Division (RaftServerImpl.java:setRole(299)) - 1b8544ae-5af5-4df4-b279-24215a24e61f@group-B48EA2B5E0C5: changes role from CANDIDATE to LEADER at term 1 for changeToLeader
2022-07-02 07:21:07,970 [1b8544ae-5af5-4df4-b279-24215a24e61f@group-B48EA2B5E0C5-LeaderElection14] INFO  ratis.XceiverServerRatis (XceiverServerRatis.java:handleLeaderChangedNotification(863)) - Leader change notification received for group: group-B48EA2B5E0C5 with new leaderId: 1b8544ae-5af5-4df4-b279-24215a24e61f
2022-07-02 07:21:07,970 [1b8544ae-5af5-4df4-b279-24215a24e61f@group-B48EA2B5E0C5-LeaderElection14] INFO  server.RaftServer$Division (ServerState.java:setLeader(287)) - 1b8544ae-5af5-4df4-b279-24215a24e61f@group-B48EA2B5E0C5: change Leader from null to 1b8544ae-5af5-4df4-b279-24215a24e61f at term 1 for becomeLeader, leader elected after 5203ms
2022-07-02 07:21:07,970 [1b8544ae-5af5-4df4-b279-24215a24e61f@group-B48EA2B5E0C5-LeaderElection14] INFO  server.RaftServerConfigKeys (ConfUtils.java:logGet(46)) - raft.server.staging.catchup.gap = 1000 (default)
2022-07-02 07:21:07,970 [1b8544ae-5af5-4df4-b279-24215a24e61f@group-B48EA2B5E0C5-LeaderElection14] INFO  server.RaftServerConfigKeys (ConfUtils.java:logGet(46)) - raft.server.write.element-limit = 1024 (custom)
2022-07-02 07:21:07,970 [1b8544ae-5af5-4df4-b279-24215a24e61f@group-B48EA2B5E0C5-LeaderElection14] INFO  server.RaftServerConfigKeys (ConfUtils.java:logGet(46)) - raft.server.write.byte-limit = 1024 M (=1073741824) (custom)
2022-07-02 07:21:07,971 [1b8544ae-5af5-4df4-b279-24215a24e61f@group-B48EA2B5E0C5-LeaderElection14] INFO  server.RaftServerConfigKeys (ConfUtils.java:logGet(46)) - raft.server.watch.timeout = 180s (custom)
2022-07-02 07:21:07,971 [1b8544ae-5af5-4df4-b279-24215a24e61f@group-B48EA2B5E0C5-LeaderElection14] INFO  server.RaftServerConfigKeys (ConfUtils.java:logGet(46)) - raft.server.watch.timeout.denomination = 1s (default)
2022-07-02 07:21:07,971 [1b8544ae-5af5-4df4-b279-24215a24e61f@group-B48EA2B5E0C5-LeaderElection14] INFO  server.RaftServerConfigKeys (ConfUtils.java:logGet(46)) - raft.server.watch.element-limit = 65536 (default)
2022-07-02 07:21:07,971 [1b8544ae-5af5-4df4-b279-24215a24e61f@group-B48EA2B5E0C5-LeaderElection14] INFO  server.RaftServerConfigKeys (ConfUtils.java:logGet(46)) - raft.server.write.element-limit = 1024 (custom)
2022-07-02 07:21:07,971 [1b8544ae-5af5-4df4-b279-24215a24e61f@group-B48EA2B5E0C5-LeaderElection14] INFO  server.RaftServerConfigKeys (ConfUtils.java:logGet(46)) - raft.server.write.follower.gap.ratio.max = -1.0 (default)
2022-07-02 07:21:07,969 [grpc-default-executor-0] INFO  server.RaftServer$Division (RaftServerImpl.java:requestVote(1152)) - cfe57530-fe42-4aeb-89ca-3dd0b37fa566@group-B48EA2B5E0C5: receive requestVote(ELECTION, c9a01eed-2c14-4142-866b-b2e3b10906a9, group-B48EA2B5E0C5, 1, (t:0, i:0))
2022-07-02 07:21:07,977 [grpc-default-executor-0] INFO  impl.VoteContext (VoteContext.java:log(48)) - cfe57530-fe42-4aeb-89ca-3dd0b37fa566@group-B48EA2B5E0C5-FOLLOWER: reject ELECTION from c9a01eed-2c14-4142-866b-b2e3b10906a9: already has voted for 1b8544ae-5af5-4df4-b279-24215a24e61f at current term 1
2022-07-02 07:21:07,977 [grpc-default-executor-0] INFO  server.RaftServer$Division (RaftServerImpl.java:requestVote(1184)) - cfe57530-fe42-4aeb-89ca-3dd0b37fa566@group-B48EA2B5E0C5 replies to ELECTION vote request: c9a01eed-2c14-4142-866b-b2e3b10906a9<-cfe57530-fe42-4aeb-89ca-3dd0b37fa566#0:FAIL-t1. Peer's state: cfe57530-fe42-4aeb-89ca-3dd0b37fa566@group-B48EA2B5E0C5:t1, leader=null, voted=1b8544ae-5af5-4df4-b279-24215a24e61f, raftlog=cfe57530-fe42-4aeb-89ca-3dd0b37fa566@group-B48EA2B5E0C5-SegmentedRaftLog:OPENED:c-1, conf=-1: [1b8544ae-5af5-4df4-b279-24215a24e61f|rpc:10.1.0.20:40747|dataStream:|priority:1, cfe57530-fe42-4aeb-89ca-3dd0b37fa566|rpc:10.1.0.20:46557|dataStream:|priority:0, c9a01eed-2c14-4142-866b-b2e3b10906a9|rpc:10.1.0.20:44461|dataStream:|priority:0], old=null
2022-07-02 07:21:07,979 [1b8544ae-5af5-4df4-b279-24215a24e61f@group-B48EA2B5E0C5-LeaderElection14] INFO  server.RaftServerConfigKeys (ConfUtils.java:logGet(46)) - raft.server.log.appender.snapshot.chunk.size.max = 16MB (=16777216) (default)
2022-07-02 07:21:07,979 [1b8544ae-5af5-4df4-b279-24215a24e61f@group-B48EA2B5E0C5-LeaderElection14] INFO  server.RaftServerConfigKeys (ConfUtils.java:logGet(46)) - raft.server.log.appender.buffer.byte-limit = 33554432 (custom)
2022-07-02 07:21:07,979 [1b8544ae-5af5-4df4-b279-24215a24e61f@group-B48EA2B5E0C5-LeaderElection14] INFO  server.RaftServerConfigKeys (ConfUtils.java:logGet(46)) - raft.server.log.appender.buffer.element-limit = 1 (custom)
2022-07-02 07:21:07,979 [1b8544ae-5af5-4df4-b279-24215a24e61f@group-B48EA2B5E0C5-LeaderElection14] INFO  grpc.GrpcConfigKeys (ConfUtils.java:logGet(46)) - raft.grpc.server.leader.outstanding.appends.max = 128 (default)
2022-07-02 07:21:07,979 [1b8544ae-5af5-4df4-b279-24215a24e61f@group-B48EA2B5E0C5-LeaderElection14] INFO  server.RaftServerConfigKeys (ConfUtils.java:logGet(46)) - raft.server.rpc.request.timeout = 60s (custom)
2022-07-02 07:21:07,979 [1b8544ae-5af5-4df4-b279-24215a24e61f@group-B48EA2B5E0C5-LeaderElection14] INFO  server.RaftServerConfigKeys (ConfUtils.java:logGet(46)) - raft.server.log.appender.install.snapshot.enabled = false (custom)
2022-07-02 07:21:07,980 [1b8544ae-5af5-4df4-b279-24215a24e61f@group-B48EA2B5E0C5-LeaderElection14] INFO  server.RaftServerConfigKeys (ConfUtils.java:logGet(46)) - raft.server.log.appender.snapshot.chunk.size.max = 16MB (=16777216) (default)
2022-07-02 07:21:07,980 [1b8544ae-5af5-4df4-b279-24215a24e61f@group-B48EA2B5E0C5-LeaderElection14] INFO  server.RaftServerConfigKeys (ConfUtils.java:logGet(46)) - raft.server.log.appender.buffer.byte-limit = 33554432 (custom)
2022-07-02 07:21:07,980 [1b8544ae-5af5-4df4-b279-24215a24e61f@group-B48EA2B5E0C5-LeaderElection14] INFO  server.RaftServerConfigKeys (ConfUtils.java:logGet(46)) - raft.server.log.appender.buffer.element-limit = 1 (custom)
2022-07-02 07:21:07,980 [1b8544ae-5af5-4df4-b279-24215a24e61f@group-B48EA2B5E0C5-LeaderElection14] INFO  grpc.GrpcConfigKeys (ConfUtils.java:logGet(46)) - raft.grpc.server.leader.outstanding.appends.max = 128 (default)
2022-07-02 07:21:07,980 [1b8544ae-5af5-4df4-b279-24215a24e61f@group-B48EA2B5E0C5-LeaderElection14] INFO  server.RaftServerConfigKeys (ConfUtils.java:logGet(46)) - raft.server.rpc.request.timeout = 60s (custom)
2022-07-02 07:21:07,980 [1b8544ae-5af5-4df4-b279-24215a24e61f@group-B48EA2B5E0C5-LeaderElection14] INFO  server.RaftServerConfigKeys (ConfUtils.java:logGet(46)) - raft.server.log.appender.install.snapshot.enabled = false (custom)
2022-07-02 07:21:07,981 [1b8544ae-5af5-4df4-b279-24215a24e61f@group-B48EA2B5E0C5-LeaderElection14] INFO  impl.RoleInfo (RoleInfo.java:updateAndGet(139)) - 1b8544ae-5af5-4df4-b279-24215a24e61f: start 1b8544ae-5af5-4df4-b279-24215a24e61f@group-B48EA2B5E0C5-LeaderStateImpl
2022-07-02 07:21:07,983 [1b8544ae-5af5-4df4-b279-24215a24e61f@group-B48EA2B5E0C5-LeaderElection14] INFO  segmented.SegmentedRaftLogWorker (SegmentedRaftLogWorker.java:startLogSegment(425)) - 1b8544ae-5af5-4df4-b279-24215a24e61f@group-B48EA2B5E0C5-SegmentedRaftLogWorker: Starting segment from index:0
2022-07-02 07:21:07,996 [1b8544ae-5af5-4df4-b279-24215a24e61f@group-B48EA2B5E0C5-SegmentedRaftLogWorker] INFO  segmented.SegmentedRaftLogWorker (SegmentedRaftLogWorker.java:execute(629)) - 1b8544ae-5af5-4df4-b279-24215a24e61f@group-B48EA2B5E0C5-SegmentedRaftLogWorker: created new log segment /home/runner/work/ozone/ozone/hadoop-ozone/integration-test/target/test-dir/MiniOzoneClusterImpl-774acf0e-96fd-4c7a-8fa4-f3d3d576173c/datanode-0/data/ratis/e65cfd6b-fe88-429d-b234-b48ea2b5e0c5/current/log_inprogress_0
2022-07-02 07:21:07,999 [EventQueue-PipelineReportForPipelineReportHandler] INFO  pipeline.PipelineManagerImpl (PipelineManagerImpl.java:openPipeline(358)) - Pipeline Pipeline[ Id: e65cfd6b-fe88-429d-b234-b48ea2b5e0c5, Nodes: c9a01eed-2c14-4142-866b-b2e3b10906a9{ip: 10.1.0.20, host: fv-az444-838.dthhdds2jluu1c0oa55ndv1hsg.dx.internal.cloudapp.net, ports: [REPLICATION=40609, RATIS=44461, RATIS_ADMIN=44461, RATIS_SERVER=44461, STANDALONE=41307], networkLocation: /default-rack, certSerialId: null, persistedOpState: IN_SERVICE, persistedOpStateExpiryEpochSec: 0}1b8544ae-5af5-4df4-b279-24215a24e61f{ip: 10.1.0.20, host: fv-az444-838.dthhdds2jluu1c0oa55ndv1hsg.dx.internal.cloudapp.net, ports: [REPLICATION=37741, RATIS=40747, RATIS_ADMIN=40747, RATIS_SERVER=40747, STANDALONE=43095], networkLocation: /default-rack, certSerialId: null, persistedOpState: IN_SERVICE, persistedOpStateExpiryEpochSec: 0}cfe57530-fe42-4aeb-89ca-3dd0b37fa566{ip: 10.1.0.20, host: fv-az444-838.dthhdds2jluu1c0oa55ndv1hsg.dx.internal.cloudapp.net, ports: [REPLICATION=33153, RATIS=46557, RATIS_ADMIN=46557, RATIS_SERVER=46557, STANDALONE=39487], networkLocation: /default-rack, certSerialId: null, persistedOpState: IN_SERVICE, persistedOpStateExpiryEpochSec: 0}, ReplicationConfig: RATIS/THREE, State:ALLOCATED, leaderId:1b8544ae-5af5-4df4-b279-24215a24e61f, CreationTimestamp2022-07-02T07:21:01.165Z[Etc/UTC]] moved to OPEN state
2022-07-02 07:21:08,000 [EventQueue-OpenPipelineForHealthyPipelineSafeModeRule] INFO  safemode.SCMSafeModeManager (HealthyPipelineSafeModeRule.java:process(124)) - SCM in safe mode. Healthy pipelines reported count is 0, required healthy pipeline reported count is 1
2022-07-02 07:21:08,000 [EventQueue-OpenPipelineForHealthyPipelineSafeModeRule] INFO  safemode.SCMSafeModeManager (HealthyPipelineSafeModeRule.java:process(124)) - SCM in safe mode. Healthy pipelines reported count is 1, required healthy pipeline reported count is 1
2022-07-02 07:21:08,000 [EventQueue-OpenPipelineForHealthyPipelineSafeModeRule] INFO  safemode.SCMSafeModeManager (SCMSafeModeManager.java:validateSafeModeExitRules(204)) - HealthyPipelineSafeModeRule rule is successfully validated
2022-07-02 07:21:08,000 [EventQueue-OpenPipelineForHealthyPipelineSafeModeRule] INFO  safemode.SCMSafeModeManager (SCMSafeModeManager.java:validateSafeModeExitRules(219)) - ScmSafeModeManager, all rules are successfully validated
2022-07-02 07:21:08,000 [EventQueue-OpenPipelineForHealthyPipelineSafeModeRule] INFO  safemode.SCMSafeModeManager (SCMSafeModeManager.java:exitSafeMode(248)) - SCM exiting safe mode.
2022-07-02 07:21:08,000 [EventQueue-OpenPipelineForHealthyPipelineSafeModeRule] WARN  events.EventQueue (EventQueue.java:fireEvent(216)) - No event handler registered for event TypedEvent{payloadType=SafeModeStatus, name='Safe mode status'}
2022-07-02 07:21:08,000 [EventQueue-OpenPipelineForHealthyPipelineSafeModeRule] INFO  ha.SCMContext (SCMContext.java:updateSafeModeStatus(228)) - Update SafeModeStatus from SafeModeStatus{safeModeStatus=true, preCheckPassed=true} to SafeModeStatus{safeModeStatus=false, preCheckPassed=true}.
2022-07-02 07:21:08,000 [EventQueue-OpenPipelineForHealthyPipelineSafeModeRule] INFO  pipeline.BackgroundPipelineCreator (BackgroundPipelineCreator.java:notifyStatusChanged(253)) - Service BackgroundPipelineCreator transitions to RUNNING.
2022-07-02 07:21:08,000 [EventQueue-OpenPipelineForHealthyPipelineSafeModeRule] INFO  BackgroundPipelineScrubber (BackgroundSCMService.java:notifyStatusChanged(82)) - Service BackgroundPipelineScrubber transitions to RUNNING.
2022-07-02 07:21:08,000 [EventQueue-OpenPipelineForHealthyPipelineSafeModeRule] INFO  ExpiredContainerReplicaOpScrubber (BackgroundSCMService.java:notifyStatusChanged(82)) - Service ExpiredContainerReplicaOpScrubber transitions to RUNNING.
2022-07-02 07:21:08,000 [EventQueue-OpenPipelineForHealthyPipelineSafeModeRule] INFO  replication.ReplicationManager (ReplicationManager.java:notifyStatusChanged(428)) - Service ReplicationManager transitions to RUNNING.
2022-07-02 07:21:08,000 [EventQueue-OpenPipelineForHealthyPipelineSafeModeRule] WARN  balancer.ContainerBalancer (ContainerBalancer.java:shouldRun(894)) - Could not find persisted configuration for ContainerBalancer when checking if ContainerBalancer should run. ContainerBalancer should not run now.
2022-07-02 07:21:08,016 [grpc-default-executor-2] INFO  server.RaftServer$Division (RaftServerImpl.java:requestVote(1152)) - 1b8544ae-5af5-4df4-b279-24215a24e61f@group-B48EA2B5E0C5: receive requestVote(ELECTION, c9a01eed-2c14-4142-866b-b2e3b10906a9, group-B48EA2B5E0C5, 1, (t:0, i:0))
2022-07-02 07:21:08,056 [1b8544ae-5af5-4df4-b279-24215a24e61f@group-B48EA2B5E0C5-LeaderElection14] INFO  server.RaftServer$Division (ServerState.java:setRaftConf(393)) - 1b8544ae-5af5-4df4-b279-24215a24e61f@group-B48EA2B5E0C5: set configuration 0: [1b8544ae-5af5-4df4-b279-24215a24e61f|rpc:10.1.0.20:40747|dataStream:|priority:1, cfe57530-fe42-4aeb-89ca-3dd0b37fa566|rpc:10.1.0.20:46557|dataStream:|priority:0, c9a01eed-2c14-4142-866b-b2e3b10906a9|rpc:10.1.0.20:44461|dataStream:|priority:0], old=null
2022-07-02 07:21:08,090 [grpc-default-executor-2] INFO  impl.VoteContext (VoteContext.java:log(48)) - 1b8544ae-5af5-4df4-b279-24215a24e61f@group-B48EA2B5E0C5-LEADER: reject ELECTION from c9a01eed-2c14-4142-866b-b2e3b10906a9: already has voted for 1b8544ae-5af5-4df4-b279-24215a24e61f at current term 1
2022-07-02 07:21:08,091 [grpc-default-executor-2] INFO  server.RaftServer$Division (RaftServerImpl.java:requestVote(1184)) - 1b8544ae-5af5-4df4-b279-24215a24e61f@group-B48EA2B5E0C5 replies to ELECTION vote request: c9a01eed-2c14-4142-866b-b2e3b10906a9<-1b8544ae-5af5-4df4-b279-24215a24e61f#0:FAIL-t1. Peer's state: 1b8544ae-5af5-4df4-b279-24215a24e61f@group-B48EA2B5E0C5:t1, leader=1b8544ae-5af5-4df4-b279-24215a24e61f, voted=1b8544ae-5af5-4df4-b279-24215a24e61f, raftlog=1b8544ae-5af5-4df4-b279-24215a24e61f@group-B48EA2B5E0C5-SegmentedRaftLog:OPENED:c0, conf=0: [1b8544ae-5af5-4df4-b279-24215a24e61f|rpc:10.1.0.20:40747|dataStream:|priority:1, cfe57530-fe42-4aeb-89ca-3dd0b37fa566|rpc:10.1.0.20:46557|dataStream:|priority:0, c9a01eed-2c14-4142-866b-b2e3b10906a9|rpc:10.1.0.20:44461|dataStream:|priority:0], old=null
2022-07-02 07:21:08,095 [cfe57530-fe42-4aeb-89ca-3dd0b37fa566-server-thread1] INFO  ratis.XceiverServerRatis (XceiverServerRatis.java:handleLeaderChangedNotification(863)) - Leader change notification received for group: group-B48EA2B5E0C5 with new leaderId: 1b8544ae-5af5-4df4-b279-24215a24e61f
2022-07-02 07:21:08,095 [cfe57530-fe42-4aeb-89ca-3dd0b37fa566-server-thread1] INFO  server.RaftServer$Division (ServerState.java:setLeader(287)) - cfe57530-fe42-4aeb-89ca-3dd0b37fa566@group-B48EA2B5E0C5: change Leader from null to 1b8544ae-5af5-4df4-b279-24215a24e61f at term 1 for appendEntries, leader elected after 5192ms
2022-07-02 07:21:08,122 [c9a01eed-2c14-4142-866b-b2e3b10906a9@group-B48EA2B5E0C5-LeaderElection15] INFO  impl.LeaderElection (LeaderElection.java:logAndReturn(90)) - c9a01eed-2c14-4142-866b-b2e3b10906a9@group-B48EA2B5E0C5-LeaderElection15: ELECTION REJECTED received 2 response(s) and 0 exception(s):
2022-07-02 07:21:08,122 [c9a01eed-2c14-4142-866b-b2e3b10906a9@group-B48EA2B5E0C5-LeaderElection15] INFO  impl.LeaderElection (LeaderElection.java:logAndReturn(94)) -   Response 0: c9a01eed-2c14-4142-866b-b2e3b10906a9<-1b8544ae-5af5-4df4-b279-24215a24e61f#0:FAIL-t1
2022-07-02 07:21:08,122 [c9a01eed-2c14-4142-866b-b2e3b10906a9@group-B48EA2B5E0C5-LeaderElection15] INFO  impl.LeaderElection (LeaderElection.java:logAndReturn(94)) -   Response 1: c9a01eed-2c14-4142-866b-b2e3b10906a9<-cfe57530-fe42-4aeb-89ca-3dd0b37fa566#0:FAIL-t1
2022-07-02 07:21:08,132 [c9a01eed-2c14-4142-866b-b2e3b10906a9-server-thread1] INFO  server.RaftServer$Division (RaftServerImpl.java:setRole(299)) - c9a01eed-2c14-4142-866b-b2e3b10906a9@group-B48EA2B5E0C5: changes role from CANDIDATE to FOLLOWER at term 1 for appendEntries
2022-07-02 07:21:08,133 [c9a01eed-2c14-4142-866b-b2e3b10906a9-server-thread1] INFO  impl.RoleInfo (RoleInfo.java:shutdownLeaderElection(130)) - c9a01eed-2c14-4142-866b-b2e3b10906a9: shutdown c9a01eed-2c14-4142-866b-b2e3b10906a9@group-B48EA2B5E0C5-LeaderElection15
2022-07-02 07:21:08,133 [c9a01eed-2c14-4142-866b-b2e3b10906a9-server-thread1] INFO  impl.RoleInfo (RoleInfo.java:updateAndGet(139)) - c9a01eed-2c14-4142-866b-b2e3b10906a9: start c9a01eed-2c14-4142-866b-b2e3b10906a9@group-B48EA2B5E0C5-FollowerState
2022-07-02 07:21:08,136 [c9a01eed-2c14-4142-866b-b2e3b10906a9-server-thread1] INFO  ratis.XceiverServerRatis (XceiverServerRatis.java:handleLeaderChangedNotification(863)) - Leader change notification received for group: group-B48EA2B5E0C5 with new leaderId: 1b8544ae-5af5-4df4-b279-24215a24e61f
2022-07-02 07:21:08,136 [c9a01eed-2c14-4142-866b-b2e3b10906a9-server-thread1] INFO  server.RaftServer$Division (ServerState.java:setLeader(287)) - c9a01eed-2c14-4142-866b-b2e3b10906a9@group-B48EA2B5E0C5: change Leader from null to 1b8544ae-5af5-4df4-b279-24215a24e61f at term 1 for appendEntries, leader elected after 5305ms
2022-07-02 07:21:08,155 [c9a01eed-2c14-4142-866b-b2e3b10906a9@group-B48EA2B5E0C5-LeaderElection15] INFO  impl.LeaderElection (LeaderElection.java:askForVotes(312)) - c9a01eed-2c14-4142-866b-b2e3b10906a9@group-B48EA2B5E0C5-LeaderElection15 ELECTION round 0: result REJECTED
2022-07-02 07:21:08,157 [cfe57530-fe42-4aeb-89ca-3dd0b37fa566-server-thread1] INFO  server.RaftServer$Division (ServerState.java:setRaftConf(393)) - cfe57530-fe42-4aeb-89ca-3dd0b37fa566@group-B48EA2B5E0C5: set configuration 0: [1b8544ae-5af5-4df4-b279-24215a24e61f|rpc:10.1.0.20:40747|dataStream:|priority:1, cfe57530-fe42-4aeb-89ca-3dd0b37fa566|rpc:10.1.0.20:46557|dataStream:|priority:0, c9a01eed-2c14-4142-866b-b2e3b10906a9|rpc:10.1.0.20:44461|dataStream:|priority:0], old=null
2022-07-02 07:21:08,157 [cfe57530-fe42-4aeb-89ca-3dd0b37fa566-server-thread1] INFO  segmented.SegmentedRaftLogWorker (SegmentedRaftLogWorker.java:startLogSegment(425)) - cfe57530-fe42-4aeb-89ca-3dd0b37fa566@group-B48EA2B5E0C5-SegmentedRaftLogWorker: Starting segment from index:0
2022-07-02 07:21:08,159 [cfe57530-fe42-4aeb-89ca-3dd0b37fa566@group-B48EA2B5E0C5-SegmentedRaftLogWorker] INFO  segmented.SegmentedRaftLogWorker (SegmentedRaftLogWorker.java:execute(629)) - cfe57530-fe42-4aeb-89ca-3dd0b37fa566@group-B48EA2B5E0C5-SegmentedRaftLogWorker: created new log segment /home/runner/work/ozone/ozone/hadoop-ozone/integration-test/target/test-dir/MiniOzoneClusterImpl-774acf0e-96fd-4c7a-8fa4-f3d3d576173c/datanode-1/data/ratis/e65cfd6b-fe88-429d-b234-b48ea2b5e0c5/current/log_inprogress_0
2022-07-02 07:21:08,173 [cfe57530-fe42-4aeb-89ca-3dd0b37fa566@group-C894C06A4185-FollowerState] INFO  impl.FollowerState (FollowerState.java:run(143)) - cfe57530-fe42-4aeb-89ca-3dd0b37fa566@group-C894C06A4185-FollowerState: change to CANDIDATE, lastRpcElapsedTime:5034015895ns, electionTimeout:5024ms
2022-07-02 07:21:08,173 [cfe57530-fe42-4aeb-89ca-3dd0b37fa566@group-C894C06A4185-FollowerState] INFO  impl.RoleInfo (RoleInfo.java:shutdownFollowerState(110)) - cfe57530-fe42-4aeb-89ca-3dd0b37fa566: shutdown cfe57530-fe42-4aeb-89ca-3dd0b37fa566@group-C894C06A4185-FollowerState
2022-07-02 07:21:08,173 [cfe57530-fe42-4aeb-89ca-3dd0b37fa566@group-C894C06A4185-FollowerState] INFO  server.RaftServer$Division (RaftServerImpl.java:setRole(299)) - cfe57530-fe42-4aeb-89ca-3dd0b37fa566@group-C894C06A4185: changes role from  FOLLOWER to CANDIDATE at term 0 for changeToCandidate
2022-07-02 07:21:08,174 [cfe57530-fe42-4aeb-89ca-3dd0b37fa566@group-C894C06A4185-FollowerState] INFO  server.RaftServerConfigKeys (ConfUtils.java:logGet(46)) - raft.server.leaderelection.pre-vote = false (custom)
2022-07-02 07:21:08,174 [cfe57530-fe42-4aeb-89ca-3dd0b37fa566@group-C894C06A4185-FollowerState] INFO  impl.RoleInfo (RoleInfo.java:updateAndGet(139)) - cfe57530-fe42-4aeb-89ca-3dd0b37fa566: start cfe57530-fe42-4aeb-89ca-3dd0b37fa566@group-C894C06A4185-LeaderElection16
2022-07-02 07:21:08,208 [c9a01eed-2c14-4142-866b-b2e3b10906a9-server-thread1] INFO  server.RaftServer$Division (ServerState.java:setRaftConf(393)) - c9a01eed-2c14-4142-866b-b2e3b10906a9@group-B48EA2B5E0C5: set configuration 0: [1b8544ae-5af5-4df4-b279-24215a24e61f|rpc:10.1.0.20:40747|dataStream:|priority:1, cfe57530-fe42-4aeb-89ca-3dd0b37fa566|rpc:10.1.0.20:46557|dataStream:|priority:0, c9a01eed-2c14-4142-866b-b2e3b10906a9|rpc:10.1.0.20:44461|dataStream:|priority:0], old=null
2022-07-02 07:21:08,216 [cfe57530-fe42-4aeb-89ca-3dd0b37fa566@group-C894C06A4185-LeaderElection16] INFO  impl.LeaderElection (LeaderElection.java:askForVotes(310)) - cfe57530-fe42-4aeb-89ca-3dd0b37fa566@group-C894C06A4185-LeaderElection16 ELECTION round 0: submit vote requests at term 1 for -1: [cfe57530-fe42-4aeb-89ca-3dd0b37fa566|rpc:10.1.0.20:46557|priority:1], old=null
2022-07-02 07:21:08,216 [cfe57530-fe42-4aeb-89ca-3dd0b37fa566@group-C894C06A4185-LeaderElection16] INFO  impl.LeaderElection (LeaderElection.java:askForVotes(312)) - cfe57530-fe42-4aeb-89ca-3dd0b37fa566@group-C894C06A4185-LeaderElection16 ELECTION round 0: result PASSED (term=1)
2022-07-02 07:21:08,216 [cfe57530-fe42-4aeb-89ca-3dd0b37fa566@group-C894C06A4185-LeaderElection16] INFO  impl.RoleInfo (RoleInfo.java:shutdownLeaderElection(130)) - cfe57530-fe42-4aeb-89ca-3dd0b37fa566: shutdown cfe57530-fe42-4aeb-89ca-3dd0b37fa566@group-C894C06A4185-LeaderElection16
2022-07-02 07:21:08,216 [cfe57530-fe42-4aeb-89ca-3dd0b37fa566@group-C894C06A4185-LeaderElection16] INFO  server.RaftServer$Division (RaftServerImpl.java:setRole(299)) - cfe57530-fe42-4aeb-89ca-3dd0b37fa566@group-C894C06A4185: changes role from CANDIDATE to LEADER at term 1 for changeToLeader
2022-07-02 07:21:08,216 [cfe57530-fe42-4aeb-89ca-3dd0b37fa566@group-C894C06A4185-LeaderElection16] INFO  ratis.XceiverServerRatis (XceiverServerRatis.java:handleLeaderChangedNotification(863)) - Leader change notification received for group: group-C894C06A4185 with new leaderId: cfe57530-fe42-4aeb-89ca-3dd0b37fa566
2022-07-02 07:21:08,216 [cfe57530-fe42-4aeb-89ca-3dd0b37fa566@group-C894C06A4185-LeaderElection16] INFO  server.RaftServer$Division (ServerState.java:setLeader(287)) - cfe57530-fe42-4aeb-89ca-3dd0b37fa566@group-C894C06A4185: change Leader from null to cfe57530-fe42-4aeb-89ca-3dd0b37fa566 at term 1 for becomeLeader, leader elected after 5106ms
2022-07-02 07:21:08,217 [cfe57530-fe42-4aeb-89ca-3dd0b37fa566@group-C894C06A4185-LeaderElection16] INFO  server.RaftServerConfigKeys (ConfUtils.java:logGet(46)) - raft.server.staging.catchup.gap = 1000 (default)
2022-07-02 07:21:08,217 [cfe57530-fe42-4aeb-89ca-3dd0b37fa566@group-C894C06A4185-LeaderElection16] INFO  server.RaftServerConfigKeys (ConfUtils.java:logGet(46)) - raft.server.write.element-limit = 1024 (custom)
2022-07-02 07:21:08,217 [cfe57530-fe42-4aeb-89ca-3dd0b37fa566@group-C894C06A4185-LeaderElection16] INFO  server.RaftServerConfigKeys (ConfUtils.java:logGet(46)) - raft.server.write.byte-limit = 1024 M (=1073741824) (custom)
2022-07-02 07:21:08,224 [c9a01eed-2c14-4142-866b-b2e3b10906a9-server-thread1] INFO  segmented.SegmentedRaftLogWorker (SegmentedRaftLogWorker.java:startLogSegment(425)) - c9a01eed-2c14-4142-866b-b2e3b10906a9@group-B48EA2B5E0C5-SegmentedRaftLogWorker: Starting segment from index:0
2022-07-02 07:21:08,226 [cfe57530-fe42-4aeb-89ca-3dd0b37fa566@group-C894C06A4185-LeaderElection16] INFO  server.RaftServerConfigKeys (ConfUtils.java:logGet(46)) - raft.server.watch.timeout = 180s (custom)
2022-07-02 07:21:08,226 [cfe57530-fe42-4aeb-89ca-3dd0b37fa566@group-C894C06A4185-LeaderElection16] INFO  server.RaftServerConfigKeys (ConfUtils.java:logGet(46)) - raft.server.watch.timeout.denomination = 1s (default)
2022-07-02 07:21:08,227 [cfe57530-fe42-4aeb-89ca-3dd0b37fa566@group-C894C06A4185-LeaderElection16] INFO  server.RaftServerConfigKeys (ConfUtils.java:logGet(46)) - raft.server.watch.element-limit = 65536 (default)
2022-07-02 07:21:08,230 [cfe57530-fe42-4aeb-89ca-3dd0b37fa566@group-C894C06A4185-LeaderElection16] INFO  server.RaftServerConfigKeys (ConfUtils.java:logGet(46)) - raft.server.write.element-limit = 1024 (custom)
2022-07-02 07:21:08,230 [cfe57530-fe42-4aeb-89ca-3dd0b37fa566@group-C894C06A4185-LeaderElection16] INFO  server.RaftServerConfigKeys (ConfUtils.java:logGet(46)) - raft.server.write.follower.gap.ratio.max = -1.0 (default)
2022-07-02 07:21:08,230 [cfe57530-fe42-4aeb-89ca-3dd0b37fa566@group-C894C06A4185-LeaderElection16] INFO  impl.RoleInfo (RoleInfo.java:updateAndGet(139)) - cfe57530-fe42-4aeb-89ca-3dd0b37fa566: start cfe57530-fe42-4aeb-89ca-3dd0b37fa566@group-C894C06A4185-LeaderStateImpl
2022-07-02 07:21:08,230 [cfe57530-fe42-4aeb-89ca-3dd0b37fa566@group-C894C06A4185-LeaderElection16] INFO  segmented.SegmentedRaftLogWorker (SegmentedRaftLogWorker.java:startLogSegment(425)) - cfe57530-fe42-4aeb-89ca-3dd0b37fa566@group-C894C06A4185-SegmentedRaftLogWorker: Starting segment from index:0
2022-07-02 07:21:08,230 [c9a01eed-2c14-4142-866b-b2e3b10906a9@group-B48EA2B5E0C5-SegmentedRaftLogWorker] INFO  segmented.SegmentedRaftLogWorker (SegmentedRaftLogWorker.java:execute(629)) - c9a01eed-2c14-4142-866b-b2e3b10906a9@group-B48EA2B5E0C5-SegmentedRaftLogWorker: created new log segment /home/runner/work/ozone/ozone/hadoop-ozone/integration-test/target/test-dir/MiniOzoneClusterImpl-774acf0e-96fd-4c7a-8fa4-f3d3d576173c/datanode-2/data/ratis/e65cfd6b-fe88-429d-b234-b48ea2b5e0c5/current/log_inprogress_0
2022-07-02 07:21:08,232 [cfe57530-fe42-4aeb-89ca-3dd0b37fa566@group-C894C06A4185-SegmentedRaftLogWorker] INFO  segmented.SegmentedRaftLogWorker (SegmentedRaftLogWorker.java:execute(629)) - cfe57530-fe42-4aeb-89ca-3dd0b37fa566@group-C894C06A4185-SegmentedRaftLogWorker: created new log segment /home/runner/work/ozone/ozone/hadoop-ozone/integration-test/target/test-dir/MiniOzoneClusterImpl-774acf0e-96fd-4c7a-8fa4-f3d3d576173c/datanode-1/data/ratis/41de7f73-245c-4779-8e16-c894c06a4185/current/log_inprogress_0
2022-07-02 07:21:08,249 [cfe57530-fe42-4aeb-89ca-3dd0b37fa566@group-C894C06A4185-LeaderElection16] INFO  server.RaftServer$Division (ServerState.java:setRaftConf(393)) - cfe57530-fe42-4aeb-89ca-3dd0b37fa566@group-C894C06A4185: set configuration 0: [cfe57530-fe42-4aeb-89ca-3dd0b37fa566|rpc:10.1.0.20:46557|dataStream:|priority:1], old=null
2022-07-02 07:21:08,604 [Listener at 127.0.0.1/42659] INFO  ozone.MiniOzoneClusterImpl (MiniOzoneClusterImpl.java:lambda$waitForClusterToBeReady$0(223)) - Nodes are ready. Got 5 of 5 DN Heartbeats.
2022-07-02 07:21:08,604 [Listener at 127.0.0.1/42659] INFO  ozone.MiniOzoneClusterImpl (MiniOzoneClusterImpl.java:lambda$waitForClusterToBeReady$0(226)) - Cluster exits safe mode
2022-07-02 07:21:08,604 [Listener at 127.0.0.1/42659] INFO  ozone.MiniOzoneClusterImpl (MiniOzoneClusterImpl.java:lambda$waitForClusterToBeReady$0(228)) - SCM became leader
2022-07-02 07:21:08,762 [Time-limited test] INFO  rpc.RpcClient (RpcClient.java:createVolume(466)) - Creating Volume: volume64200, with user70717 as owner and space quota set to -1 bytes, counts quota set to -1
2022-07-02 07:21:08,797 [OM StateMachine ApplyTransaction Thread - 0] INFO  volume.OMVolumeCreateRequest (OMVolumeCreateRequest.java:validateAndUpdateCache(195)) - created volume:volume64200 for user:user70717
2022-07-02 07:21:08,838 [Time-limited test] INFO  rpc.RpcClient (RpcClient.java:createBucket(669)) - Creating Bucket: volume64200/bucket24626, with bucket layout LEGACY, runner as owner, Versioning false, Storage Type set to DISK and Encryption set to false 
2022-07-02 07:21:08,839 [OM StateMachine ApplyTransaction Thread - 0] INFO  bucket.OMBucketCreateRequest (OMBucketCreateRequest.java:validateAndUpdateCache(260)) - created bucket: bucket24626 of layout LEGACY in volume: volume64200
2022-07-02 07:21:08,887 [IPC Server handler 0 on default port 42335] INFO  ha.SequenceIdGenerator (SequenceIdGenerator.java:getNextId(127)) - Allocate a batch for containerId, change lastId from 0 to 1000.
2022-07-02 07:21:08,887 [IPC Server handler 0 on default port 42335] WARN  ha.SequenceIdGenerator (SequenceIdGenerator.java:allocateBatch(235)) - Failed to allocate a batch for localId, expected lastId is 0, actual lastId is 109611004723200000.
2022-07-02 07:21:08,887 [IPC Server handler 0 on default port 42335] INFO  ha.SequenceIdGenerator (SequenceIdGenerator.java:getNextId(127)) - Allocate a batch for localId, change lastId from 109611004723200000 to 109611004723201000.
07:21:08.926 [IPC Server handler 0 on default port 42659] ERROR OMAudit - user=runner | ip=127.0.0.1 | op=GET_FILE_STATUS {volume=volume64200, bucket=bucket24626, key=dir318/file1, dataSize=0, replicationConfig=null} | ret=FAILURE
org.apache.hadoop.ozone.om.exceptions.OMException: Unable to get file status: volume: volume64200 bucket: bucket24626 key: dir318/file1
	at org.apache.hadoop.ozone.om.KeyManagerImpl.getOzoneFileStatus(KeyManagerImpl.java:1311) ~[ozone-manager-1.3.0-SNAPSHOT.jar:?]
	at org.apache.hadoop.ozone.om.KeyManagerImpl.getFileStatus(KeyManagerImpl.java:1241) ~[ozone-manager-1.3.0-SNAPSHOT.jar:?]
	at org.apache.hadoop.ozone.om.OzoneManager.getFileStatus(OzoneManager.java:3419) ~[ozone-manager-1.3.0-SNAPSHOT.jar:?]
	at org.apache.hadoop.ozone.protocolPB.OzoneManagerRequestHandler.getOzoneFileStatus(OzoneManagerRequestHandler.java:871) ~[ozone-manager-1.3.0-SNAPSHOT.jar:?]
	at org.apache.hadoop.ozone.protocolPB.OzoneManagerRequestHandler.handleReadRequest(OzoneManagerRequestHandler.java:217) ~[ozone-manager-1.3.0-SNAPSHOT.jar:?]
	at org.apache.hadoop.ozone.protocolPB.OzoneManagerProtocolServerSideTranslatorPB.submitReadRequestToOM(OzoneManagerProtocolServerSideTranslatorPB.java:226) ~[ozone-manager-1.3.0-SNAPSHOT.jar:?]
	at org.apache.hadoop.ozone.protocolPB.OzoneManagerProtocolServerSideTranslatorPB.processRequest(OzoneManagerProtocolServerSideTranslatorPB.java:175) ~[ozone-manager-1.3.0-SNAPSHOT.jar:?]
	at org.apache.hadoop.hdds.server.OzoneProtocolMessageDispatcher.processRequest(OzoneProtocolMessageDispatcher.java:87) [hdds-server-framework-1.3.0-SNAPSHOT.jar:?]
	at org.apache.hadoop.ozone.protocolPB.OzoneManagerProtocolServerSideTranslatorPB.submitRequest(OzoneManagerProtocolServerSideTranslatorPB.java:147) [ozone-manager-1.3.0-SNAPSHOT.jar:?]
	at org.apache.hadoop.ozone.protocol.proto.OzoneManagerProtocolProtos$OzoneManagerService$2.callBlockingMethod(OzoneManagerProtocolProtos.java) [ozone-interface-client-1.3.0-SNAPSHOT.jar:?]
	at org.apache.hadoop.ipc.ProtobufRpcEngine$Server.processCall(ProtobufRpcEngine.java:466) [hadoop-common-3.3.1.jar:?]
	at org.apache.hadoop.ipc.ProtobufRpcEngine2$Server$ProtoBufRpcInvoker.call(ProtobufRpcEngine2.java:574) [hadoop-common-3.3.1.jar:?]
	at org.apache.hadoop.ipc.ProtobufRpcEngine2$Server$ProtoBufRpcInvoker.call(ProtobufRpcEngine2.java:552) [hadoop-common-3.3.1.jar:?]
	at org.apache.hadoop.ipc.RPC$Server.call(RPC.java:1093) [hadoop-common-3.3.1.jar:?]
	at org.apache.hadoop.ipc.Server$RpcCall.run(Server.java:1035) [hadoop-common-3.3.1.jar:?]
	at org.apache.hadoop.ipc.Server$RpcCall.run(Server.java:963) [hadoop-common-3.3.1.jar:?]
	at java.security.AccessController.doPrivileged(Native Method) ~[?:1.8.0_332]
	at javax.security.auth.Subject.doAs(Subject.java:422) [?:1.8.0_332]
	at org.apache.hadoop.security.UserGroupInformation.doAs(UserGroupInformation.java:1878) [hadoop-common-3.3.1.jar:?]
	at org.apache.hadoop.ipc.Server$Handler.run(Server.java:2966) [hadoop-common-3.3.1.jar:?]
]]></system-out>
  </testcase>
  <testcase name="testRenameFile" classname="TestRootedOzoneFileSystem" time="0.463">
    <system-out><![CDATA[2022-07-02 07:21:29,458 [Listener at 127.0.0.1/42659] INFO  ozone.MiniOzoneClusterImpl (MiniOzoneClusterImpl.java:shutdown(460)) - Shutting down the Mini Ozone Cluster
2022-07-02 07:21:29,459 [Listener at 127.0.0.1/42659] INFO  ozone.MiniOzoneClusterImpl (MiniOzoneClusterImpl.java:stop(475)) - Stopping the Mini Ozone Cluster
2022-07-02 07:21:29,459 [Listener at 127.0.0.1/42659] INFO  ozone.MiniOzoneClusterImpl (MiniOzoneClusterImpl.java:stopOM(557)) - Stopping the OzoneManager
2022-07-02 07:21:29,459 [Listener at 127.0.0.1/42659] INFO  om.OzoneManager (OzoneManager.java:stop(2020)) - om1[localhost:0]: Stopping Ozone Manager
2022-07-02 07:21:29,459 [Listener at 127.0.0.1/42659] INFO  ipc.Server (Server.java:stop(3414)) - Stopping server on 42659
2022-07-02 07:21:29,479 [IPC Server Responder] INFO  ipc.Server (Server.java:run(1512)) - Stopping IPC Server Responder
2022-07-02 07:21:29,479 [IPC Server listener on 0] INFO  ipc.Server (Server.java:run(1376)) - Stopping IPC Server listener on 0
2022-07-02 07:21:29,479 [Listener at 127.0.0.1/42659] INFO  server.RaftServer (RaftServerProxy.java:lambda$close$7(398)) - om1: close
2022-07-02 07:21:29,479 [Listener at 127.0.0.1/42659] INFO  server.RaftServer$Division (RaftServerImpl.java:lambda$close$4(434)) - om1@group-C5BA1605619E: shutdown
2022-07-02 07:21:29,480 [Listener at 127.0.0.1/42659] INFO  util.JmxRegister (JmxRegister.java:unregister(73)) - Successfully un-registered JMX Bean with object name Ratis:service=RaftServer,group=group-C5BA1605619E,id=om1
2022-07-02 07:21:29,480 [Listener at 127.0.0.1/42659] INFO  impl.RoleInfo (RoleInfo.java:shutdownLeaderState(93)) - om1: shutdown om1@group-C5BA1605619E-LeaderStateImpl
2022-07-02 07:21:29,480 [Listener at 127.0.0.1/42659] INFO  impl.PendingRequests (PendingRequests.java:sendNotLeaderResponses(282)) - om1@group-C5BA1605619E-PendingRequests: sendNotLeaderResponses
2022-07-02 07:21:29,493 [Listener at 127.0.0.1/42659] INFO  impl.StateMachineUpdater (StateMachineUpdater.java:stopAndJoin(153)) - om1@group-C5BA1605619E-StateMachineUpdater: set stopIndex = 6816
2022-07-02 07:21:29,493 [om1@group-C5BA1605619E-StateMachineUpdater] INFO  ratis.OzoneManagerStateMachine (OzoneManagerStateMachine.java:takeSnapshot(441)) - Current Snapshot Index (t:1, i:6816)
2022-07-02 07:21:29,493 [om1@group-C5BA1605619E-StateMachineUpdater] INFO  impl.StateMachineUpdater (StateMachineUpdater.java:takeSnapshot(287)) - om1@group-C5BA1605619E-StateMachineUpdater: Took a snapshot at index 6816
2022-07-02 07:21:29,493 [om1@group-C5BA1605619E-StateMachineUpdater] INFO  impl.StateMachineUpdater (StateMachineUpdater.java:lambda$new$0(92)) - om1@group-C5BA1605619E-StateMachineUpdater: snapshotIndex: updateIncreasingly -1 -> 6816
2022-07-02 07:21:29,493 [om1@group-C5BA1605619E-StateMachineUpdater] INFO  ratis.OzoneManagerStateMachine (OzoneManagerStateMachine.java:close(495)) - StateMachine has shutdown. Shutdown OzoneManager if not already shutdown.
2022-07-02 07:21:29,493 [om1@group-C5BA1605619E-StateMachineUpdater] INFO  ratis.OzoneManagerDoubleBuffer (OzoneManagerDoubleBuffer.java:stop(465)) - Stopping OMDoubleBuffer flush thread
2022-07-02 07:21:29,494 [OMDoubleBufferFlushThread] INFO  ratis.OzoneManagerDoubleBuffer (OzoneManagerDoubleBuffer.java:flushTransactions(385)) - OMDoubleBuffer flush thread OMDoubleBufferFlushThread is interrupted and will exit.
2022-07-02 07:21:29,496 [Listener at 127.0.0.1/42659] INFO  server.RaftServer$Division (ServerState.java:close(429)) - om1@group-C5BA1605619E: closes. applyIndex: 6816
2022-07-02 07:21:29,497 [om1@group-C5BA1605619E-SegmentedRaftLogWorker] INFO  segmented.SegmentedRaftLogWorker (SegmentedRaftLogWorker.java:run(336)) - om1@group-C5BA1605619E-SegmentedRaftLogWorker was interrupted, exiting. There are 0 tasks remaining in the queue.
2022-07-02 07:21:29,505 [Listener at 127.0.0.1/42659] INFO  segmented.SegmentedRaftLogWorker (SegmentedRaftLogWorker.java:close(246)) - om1@group-C5BA1605619E-SegmentedRaftLogWorker close()
2022-07-02 07:21:29,507 [Listener at 127.0.0.1/42659] INFO  server.GrpcService (GrpcService.java:closeImpl(269)) - om1: shutdown server with port 9872 now
2022-07-02 07:21:29,507 [Listener at 127.0.0.1/42659] INFO  server.GrpcService (GrpcService.java:closeImpl(278)) - om1: shutdown server with port 9872 successfully
2022-07-02 07:21:29,516 [org.apache.ratis.util.JvmPauseMonitor$$Lambda$611/1072797734@7478426] INFO  util.JvmPauseMonitor (JvmPauseMonitor.java:run(109)) - JvmPauseMonitor-om1: Stopped
2022-07-02 07:21:29,527 [Listener at 127.0.0.1/42659] INFO  ratis.OzoneManagerStateMachine (OzoneManagerStateMachine.java:close(495)) - StateMachine has shutdown. Shutdown OzoneManager if not already shutdown.
2022-07-02 07:21:29,527 [Listener at 127.0.0.1/42659] INFO  ratis.OzoneManagerDoubleBuffer (OzoneManagerDoubleBuffer.java:stop(477)) - OMDoubleBuffer flush thread is not running.
2022-07-02 07:21:29,527 [Listener at 127.0.0.1/42659] INFO  utils.BackgroundService (BackgroundService.java:shutdown(132)) - Shutting down service KeyDeletingService
2022-07-02 07:21:29,527 [Listener at 127.0.0.1/42659] INFO  utils.BackgroundService (BackgroundService.java:shutdown(132)) - Shutting down service DirectoryDeletingService
2022-07-02 07:21:29,527 [Listener at 127.0.0.1/42659] INFO  utils.BackgroundService (BackgroundService.java:shutdown(132)) - Shutting down service OpenKeyCleanupService
2022-07-02 07:21:29,528 [Listener at 127.0.0.1/42659] INFO  handler.ContextHandler (ContextHandler.java:doStop(1153)) - Stopped o.e.j.w.WebAppContext@736c02d2{ozoneManager,/,null,STOPPED}{file:/home/runner/work/ozone/ozone/hadoop-ozone/integration-test/target/test-classes/webapps/ozoneManager}
2022-07-02 07:21:29,529 [Listener at 127.0.0.1/42659] INFO  server.AbstractConnector (AbstractConnector.java:doStop(381)) - Stopped ServerConnector@5d3d8794{HTTP/1.1, (http/1.1)}{0.0.0.0:0}
2022-07-02 07:21:29,529 [Listener at 127.0.0.1/42659] INFO  server.session (HouseKeeper.java:stopScavenging(149)) - node0 Stopped scavenging
2022-07-02 07:21:29,529 [Listener at 127.0.0.1/42659] INFO  handler.ContextHandler (ContextHandler.java:doStop(1153)) - Stopped o.e.j.s.ServletContextHandler@2be48c1e{static,/static,file:///home/runner/work/ozone/ozone/hadoop-ozone/integration-test/target/test-classes/webapps/static,STOPPED}
2022-07-02 07:21:29,529 [Listener at 127.0.0.1/42659] INFO  handler.ContextHandler (ContextHandler.java:doStop(1153)) - Stopped o.e.j.s.ServletContextHandler@203e9e36{logs,/logs,file:///home/runner/work/ozone/ozone/hadoop-ozone/integration-test/target/log,STOPPED}
2022-07-02 07:21:29,544 [Trash Emptier] ERROR om.TrashPolicyOzone (TrashPolicyOzone.java:run(251)) - Error attempting to shutdown
java.lang.InterruptedException
	at java.util.concurrent.locks.AbstractQueuedSynchronizer$ConditionObject.awaitNanos(AbstractQueuedSynchronizer.java:2067)
	at java.util.concurrent.ThreadPoolExecutor.awaitTermination(ThreadPoolExecutor.java:1475)
	at org.apache.hadoop.ozone.om.TrashPolicyOzone$Emptier.run(TrashPolicyOzone.java:249)
	at java.lang.Thread.run(Thread.java:750)
2022-07-02 07:21:29,544 [Trash Emptier] ERROR util.ExitUtils (ExitUtils.java:terminate(133)) - Terminating with exit status -1: Thread[Trash Emptier,5,main] has thrown an uncaught exception
java.lang.UnsupportedOperationException: fs.getUri() not implemented in TrashOzoneFileSystem
	at org.apache.hadoop.ozone.om.TrashOzoneFileSystem.getUri(TrashOzoneFileSystem.java:126)
	at org.apache.hadoop.fs.FileSystem.close(FileSystem.java:2592)
	at org.apache.hadoop.ozone.om.TrashPolicyOzone$Emptier.run(TrashPolicyOzone.java:243)
	at java.lang.Thread.run(Thread.java:750)
2022-07-02 07:21:29,549 [Listener at 127.0.0.1/42659] INFO  ozone.MiniOzoneClusterImpl (MiniOzoneClusterImpl.java:stopDatanodes(534)) - Stopping the HddsDatanodes
2022-07-02 07:21:34,550 [Listener at 127.0.0.1/42659] INFO  ozoneimpl.OzoneContainer (OzoneContainer.java:stop(365)) - Attempting to stop container services.
2022-07-02 07:21:34,564 [Listener at 127.0.0.1/42659] INFO  server.RaftServer (RaftServerProxy.java:lambda$close$7(398)) - c9a01eed-2c14-4142-866b-b2e3b10906a9: close
2022-07-02 07:21:34,564 [Listener at 127.0.0.1/42659] INFO  server.RaftServer$Division (RaftServerImpl.java:lambda$close$4(434)) - c9a01eed-2c14-4142-866b-b2e3b10906a9@group-E9B07A439104: shutdown
2022-07-02 07:21:34,565 [Listener at 127.0.0.1/42659] INFO  util.JmxRegister (JmxRegister.java:unregister(73)) - Successfully un-registered JMX Bean with object name Ratis:service=RaftServer,group=group-E9B07A439104,id=c9a01eed-2c14-4142-866b-b2e3b10906a9
2022-07-02 07:21:34,565 [Listener at 127.0.0.1/42659] INFO  impl.RoleInfo (RoleInfo.java:shutdownLeaderState(93)) - c9a01eed-2c14-4142-866b-b2e3b10906a9: shutdown c9a01eed-2c14-4142-866b-b2e3b10906a9@group-E9B07A439104-LeaderStateImpl
2022-07-02 07:21:34,565 [Listener at 127.0.0.1/42659] INFO  impl.PendingRequests (PendingRequests.java:sendNotLeaderResponses(282)) - c9a01eed-2c14-4142-866b-b2e3b10906a9@group-E9B07A439104-PendingRequests: sendNotLeaderResponses
2022-07-02 07:21:34,566 [Listener at 127.0.0.1/42659] INFO  impl.StateMachineUpdater (StateMachineUpdater.java:stopAndJoin(153)) - c9a01eed-2c14-4142-866b-b2e3b10906a9@group-E9B07A439104-StateMachineUpdater: set stopIndex = 0
2022-07-02 07:21:34,572 [c9a01eed-2c14-4142-866b-b2e3b10906a9@group-E9B07A439104-StateMachineUpdater] INFO  ratis.ContainerStateMachine (ContainerStateMachine.java:takeSnapshot(304)) - group-E9B07A439104: Taking a snapshot at:(t:1, i:0) file /home/runner/work/ozone/ozone/hadoop-ozone/integration-test/target/test-dir/MiniOzoneClusterImpl-774acf0e-96fd-4c7a-8fa4-f3d3d576173c/datanode-2/data/ratis/aa884d5f-22f4-49f1-8ff6-e9b07a439104/sm/snapshot.1_0
2022-07-02 07:21:34,573 [ForkJoinPool.commonPool-worker-1] INFO  ozoneimpl.OzoneContainer (OzoneContainer.java:stop(365)) - Attempting to stop container services.
2022-07-02 07:21:34,573 [ForkJoinPool.commonPool-worker-1] INFO  server.RaftServer (RaftServerProxy.java:lambda$close$7(398)) - cfe57530-fe42-4aeb-89ca-3dd0b37fa566: close
2022-07-02 07:21:34,574 [ForkJoinPool.commonPool-worker-1] INFO  server.RaftServer$Division (RaftServerImpl.java:lambda$close$4(434)) - cfe57530-fe42-4aeb-89ca-3dd0b37fa566@group-C894C06A4185: shutdown
2022-07-02 07:21:34,574 [c9a01eed-2c14-4142-866b-b2e3b10906a9@group-E9B07A439104-StateMachineUpdater] INFO  ratis.ContainerStateMachine (ContainerStateMachine.java:takeSnapshot(315)) - group-E9B07A439104: Finished taking a snapshot at:(t:1, i:0) file:/home/runner/work/ozone/ozone/hadoop-ozone/integration-test/target/test-dir/MiniOzoneClusterImpl-774acf0e-96fd-4c7a-8fa4-f3d3d576173c/datanode-2/data/ratis/aa884d5f-22f4-49f1-8ff6-e9b07a439104/sm/snapshot.1_0 took: 2 ms
2022-07-02 07:21:34,574 [c9a01eed-2c14-4142-866b-b2e3b10906a9@group-E9B07A439104-StateMachineUpdater] INFO  impl.StateMachineUpdater (StateMachineUpdater.java:takeSnapshot(287)) - c9a01eed-2c14-4142-866b-b2e3b10906a9@group-E9B07A439104-StateMachineUpdater: Took a snapshot at index 0
2022-07-02 07:21:34,574 [c9a01eed-2c14-4142-866b-b2e3b10906a9@group-E9B07A439104-StateMachineUpdater] INFO  impl.StateMachineUpdater (StateMachineUpdater.java:lambda$new$0(92)) - c9a01eed-2c14-4142-866b-b2e3b10906a9@group-E9B07A439104-StateMachineUpdater: snapshotIndex: updateIncreasingly -1 -> 0
2022-07-02 07:21:34,575 [ForkJoinPool.commonPool-worker-1] INFO  util.JmxRegister (JmxRegister.java:unregister(73)) - Successfully un-registered JMX Bean with object name Ratis:service=RaftServer,group=group-C894C06A4185,id=cfe57530-fe42-4aeb-89ca-3dd0b37fa566
2022-07-02 07:21:34,575 [ForkJoinPool.commonPool-worker-1] INFO  impl.RoleInfo (RoleInfo.java:shutdownLeaderState(93)) - cfe57530-fe42-4aeb-89ca-3dd0b37fa566: shutdown cfe57530-fe42-4aeb-89ca-3dd0b37fa566@group-C894C06A4185-LeaderStateImpl
2022-07-02 07:21:34,575 [ForkJoinPool.commonPool-worker-1] INFO  impl.PendingRequests (PendingRequests.java:sendNotLeaderResponses(282)) - cfe57530-fe42-4aeb-89ca-3dd0b37fa566@group-C894C06A4185-PendingRequests: sendNotLeaderResponses
2022-07-02 07:21:34,575 [ForkJoinPool.commonPool-worker-1] INFO  impl.StateMachineUpdater (StateMachineUpdater.java:stopAndJoin(153)) - cfe57530-fe42-4aeb-89ca-3dd0b37fa566@group-C894C06A4185-StateMachineUpdater: set stopIndex = 0
2022-07-02 07:21:34,575 [Listener at 127.0.0.1/42659] INFO  server.RaftServer$Division (ServerState.java:close(429)) - c9a01eed-2c14-4142-866b-b2e3b10906a9@group-E9B07A439104: closes. applyIndex: 0
2022-07-02 07:21:34,576 [cfe57530-fe42-4aeb-89ca-3dd0b37fa566@group-C894C06A4185-StateMachineUpdater] INFO  ratis.ContainerStateMachine (ContainerStateMachine.java:takeSnapshot(304)) - group-C894C06A4185: Taking a snapshot at:(t:1, i:0) file /home/runner/work/ozone/ozone/hadoop-ozone/integration-test/target/test-dir/MiniOzoneClusterImpl-774acf0e-96fd-4c7a-8fa4-f3d3d576173c/datanode-1/data/ratis/41de7f73-245c-4779-8e16-c894c06a4185/sm/snapshot.1_0
2022-07-02 07:21:34,576 [c9a01eed-2c14-4142-866b-b2e3b10906a9@group-E9B07A439104-SegmentedRaftLogWorker] INFO  segmented.SegmentedRaftLogWorker (SegmentedRaftLogWorker.java:run(336)) - c9a01eed-2c14-4142-866b-b2e3b10906a9@group-E9B07A439104-SegmentedRaftLogWorker was interrupted, exiting. There are 0 tasks remaining in the queue.
2022-07-02 07:21:34,576 [Listener at 127.0.0.1/42659] INFO  segmented.SegmentedRaftLogWorker (SegmentedRaftLogWorker.java:close(246)) - c9a01eed-2c14-4142-866b-b2e3b10906a9@group-E9B07A439104-SegmentedRaftLogWorker close()
2022-07-02 07:21:34,576 [cfe57530-fe42-4aeb-89ca-3dd0b37fa566@group-C894C06A4185-StateMachineUpdater] INFO  ratis.ContainerStateMachine (ContainerStateMachine.java:takeSnapshot(315)) - group-C894C06A4185: Finished taking a snapshot at:(t:1, i:0) file:/home/runner/work/ozone/ozone/hadoop-ozone/integration-test/target/test-dir/MiniOzoneClusterImpl-774acf0e-96fd-4c7a-8fa4-f3d3d576173c/datanode-1/data/ratis/41de7f73-245c-4779-8e16-c894c06a4185/sm/snapshot.1_0 took: 1 ms
2022-07-02 07:21:34,577 [cfe57530-fe42-4aeb-89ca-3dd0b37fa566@group-C894C06A4185-StateMachineUpdater] INFO  impl.StateMachineUpdater (StateMachineUpdater.java:takeSnapshot(287)) - cfe57530-fe42-4aeb-89ca-3dd0b37fa566@group-C894C06A4185-StateMachineUpdater: Took a snapshot at index 0
2022-07-02 07:21:34,577 [cfe57530-fe42-4aeb-89ca-3dd0b37fa566@group-C894C06A4185-StateMachineUpdater] INFO  impl.StateMachineUpdater (StateMachineUpdater.java:lambda$new$0(92)) - cfe57530-fe42-4aeb-89ca-3dd0b37fa566@group-C894C06A4185-StateMachineUpdater: snapshotIndex: updateIncreasingly -1 -> 0
2022-07-02 07:21:34,577 [ForkJoinPool.commonPool-worker-1] INFO  server.RaftServer$Division (ServerState.java:close(429)) - cfe57530-fe42-4aeb-89ca-3dd0b37fa566@group-C894C06A4185: closes. applyIndex: 0
2022-07-02 07:21:34,578 [cfe57530-fe42-4aeb-89ca-3dd0b37fa566@group-C894C06A4185-SegmentedRaftLogWorker] INFO  segmented.SegmentedRaftLogWorker (SegmentedRaftLogWorker.java:run(336)) - cfe57530-fe42-4aeb-89ca-3dd0b37fa566@group-C894C06A4185-SegmentedRaftLogWorker was interrupted, exiting. There are 0 tasks remaining in the queue.
2022-07-02 07:21:34,578 [ForkJoinPool.commonPool-worker-1] INFO  segmented.SegmentedRaftLogWorker (SegmentedRaftLogWorker.java:close(246)) - cfe57530-fe42-4aeb-89ca-3dd0b37fa566@group-C894C06A4185-SegmentedRaftLogWorker close()
2022-07-02 07:21:34,593 [ForkJoinPool.commonPool-worker-1] INFO  server.RaftServer$Division (RaftServerImpl.java:lambda$close$4(434)) - cfe57530-fe42-4aeb-89ca-3dd0b37fa566@group-246C4D1B62E2: shutdown
2022-07-02 07:21:34,594 [ForkJoinPool.commonPool-worker-1] INFO  util.JmxRegister (JmxRegister.java:unregister(73)) - Successfully un-registered JMX Bean with object name Ratis:service=RaftServer,group=group-246C4D1B62E2,id=cfe57530-fe42-4aeb-89ca-3dd0b37fa566
2022-07-02 07:21:34,594 [ForkJoinPool.commonPool-worker-1] INFO  impl.RoleInfo (RoleInfo.java:shutdownFollowerState(110)) - cfe57530-fe42-4aeb-89ca-3dd0b37fa566: shutdown cfe57530-fe42-4aeb-89ca-3dd0b37fa566@group-246C4D1B62E2-FollowerState
2022-07-02 07:21:34,594 [ForkJoinPool.commonPool-worker-1] INFO  impl.StateMachineUpdater (StateMachineUpdater.java:stopAndJoin(153)) - cfe57530-fe42-4aeb-89ca-3dd0b37fa566@group-246C4D1B62E2-StateMachineUpdater: set stopIndex = 4
2022-07-02 07:21:34,594 [cfe57530-fe42-4aeb-89ca-3dd0b37fa566@group-246C4D1B62E2-FollowerState] INFO  impl.FollowerState (FollowerState.java:run(152)) - cfe57530-fe42-4aeb-89ca-3dd0b37fa566@group-246C4D1B62E2-FollowerState was interrupted
2022-07-02 07:21:34,594 [cfe57530-fe42-4aeb-89ca-3dd0b37fa566@group-246C4D1B62E2-StateMachineUpdater] INFO  ratis.ContainerStateMachine (ContainerStateMachine.java:takeSnapshot(304)) - group-246C4D1B62E2: Taking a snapshot at:(t:2, i:4) file /home/runner/work/ozone/ozone/hadoop-ozone/integration-test/target/test-dir/MiniOzoneClusterImpl-774acf0e-96fd-4c7a-8fa4-f3d3d576173c/datanode-1/data/ratis/27530ee2-d46e-4259-908b-246c4d1b62e2/sm/snapshot.2_4
2022-07-02 07:21:34,593 [Listener at 127.0.0.1/42659] INFO  server.RaftServer$Division (RaftServerImpl.java:lambda$close$4(434)) - c9a01eed-2c14-4142-866b-b2e3b10906a9@group-246C4D1B62E2: shutdown
2022-07-02 07:21:34,595 [Listener at 127.0.0.1/42659] INFO  util.JmxRegister (JmxRegister.java:unregister(73)) - Successfully un-registered JMX Bean with object name Ratis:service=RaftServer,group=group-246C4D1B62E2,id=c9a01eed-2c14-4142-866b-b2e3b10906a9
2022-07-02 07:21:34,595 [Listener at 127.0.0.1/42659] INFO  impl.RoleInfo (RoleInfo.java:shutdownLeaderState(93)) - c9a01eed-2c14-4142-866b-b2e3b10906a9: shutdown c9a01eed-2c14-4142-866b-b2e3b10906a9@group-246C4D1B62E2-LeaderStateImpl
2022-07-02 07:21:34,595 [Listener at 127.0.0.1/42659] INFO  impl.PendingRequests (PendingRequests.java:sendNotLeaderResponses(282)) - c9a01eed-2c14-4142-866b-b2e3b10906a9@group-246C4D1B62E2-PendingRequests: sendNotLeaderResponses
2022-07-02 07:21:34,597 [cfe57530-fe42-4aeb-89ca-3dd0b37fa566@group-246C4D1B62E2-StateMachineUpdater] INFO  ratis.ContainerStateMachine (ContainerStateMachine.java:takeSnapshot(315)) - group-246C4D1B62E2: Finished taking a snapshot at:(t:2, i:4) file:/home/runner/work/ozone/ozone/hadoop-ozone/integration-test/target/test-dir/MiniOzoneClusterImpl-774acf0e-96fd-4c7a-8fa4-f3d3d576173c/datanode-1/data/ratis/27530ee2-d46e-4259-908b-246c4d1b62e2/sm/snapshot.2_4 took: 3 ms
2022-07-02 07:21:34,597 [cfe57530-fe42-4aeb-89ca-3dd0b37fa566@group-246C4D1B62E2-StateMachineUpdater] INFO  impl.StateMachineUpdater (StateMachineUpdater.java:takeSnapshot(287)) - cfe57530-fe42-4aeb-89ca-3dd0b37fa566@group-246C4D1B62E2-StateMachineUpdater: Took a snapshot at index 4
2022-07-02 07:21:34,597 [cfe57530-fe42-4aeb-89ca-3dd0b37fa566@group-246C4D1B62E2-StateMachineUpdater] INFO  impl.StateMachineUpdater (StateMachineUpdater.java:lambda$new$0(92)) - cfe57530-fe42-4aeb-89ca-3dd0b37fa566@group-246C4D1B62E2-StateMachineUpdater: snapshotIndex: updateIncreasingly -1 -> 4
2022-07-02 07:21:34,597 [ForkJoinPool.commonPool-worker-1] INFO  server.RaftServer$Division (ServerState.java:close(429)) - cfe57530-fe42-4aeb-89ca-3dd0b37fa566@group-246C4D1B62E2: closes. applyIndex: 4
2022-07-02 07:21:34,598 [cfe57530-fe42-4aeb-89ca-3dd0b37fa566@group-246C4D1B62E2-SegmentedRaftLogWorker] INFO  segmented.SegmentedRaftLogWorker (SegmentedRaftLogWorker.java:run(336)) - cfe57530-fe42-4aeb-89ca-3dd0b37fa566@group-246C4D1B62E2-SegmentedRaftLogWorker was interrupted, exiting. There are 0 tasks remaining in the queue.
2022-07-02 07:21:34,600 [c9a01eed-2c14-4142-866b-b2e3b10906a9@group-246C4D1B62E2->1b8544ae-5af5-4df4-b279-24215a24e61f-GrpcLogAppender-LogAppenderDaemon] WARN  server.GrpcLogAppender (GrpcLogAppender.java:mayWait(171)) - c9a01eed-2c14-4142-866b-b2e3b10906a9@group-246C4D1B62E2->1b8544ae-5af5-4df4-b279-24215a24e61f-GrpcLogAppender: Wait interrupted by java.lang.InterruptedException
2022-07-02 07:21:34,601 [c9a01eed-2c14-4142-866b-b2e3b10906a9@group-246C4D1B62E2->cfe57530-fe42-4aeb-89ca-3dd0b37fa566-GrpcLogAppender-LogAppenderDaemon] WARN  server.GrpcLogAppender (GrpcLogAppender.java:mayWait(171)) - c9a01eed-2c14-4142-866b-b2e3b10906a9@group-246C4D1B62E2->cfe57530-fe42-4aeb-89ca-3dd0b37fa566-GrpcLogAppender: Wait interrupted by java.lang.InterruptedException
2022-07-02 07:21:34,601 [grpc-default-executor-2] INFO  server.GrpcServerProtocolService (GrpcServerProtocolService.java:onCompleted(140)) - 1b8544ae-5af5-4df4-b279-24215a24e61f: Completed APPEND_ENTRIES, lastRequest: c9a01eed-2c14-4142-866b-b2e3b10906a9->1b8544ae-5af5-4df4-b279-24215a24e61f#10-t2,previous=(t:2, i:3),leaderCommit=2,initializing? true,entries: size=1, first=(t:2, i:4), METADATAENTRY(c:2)
2022-07-02 07:21:34,602 [grpc-default-executor-0] INFO  server.GrpcServerProtocolService (GrpcServerProtocolService.java:onCompleted(140)) - cfe57530-fe42-4aeb-89ca-3dd0b37fa566: Completed APPEND_ENTRIES, lastRequest: c9a01eed-2c14-4142-866b-b2e3b10906a9->cfe57530-fe42-4aeb-89ca-3dd0b37fa566#7-t2,previous=(t:2, i:3),leaderCommit=2,initializing? true,entries: size=1, first=(t:2, i:4), METADATAENTRY(c:2)
2022-07-02 07:21:34,602 [grpc-default-executor-3] INFO  server.GrpcLogAppender (GrpcLogAppender.java:onCompleted(339)) - c9a01eed-2c14-4142-866b-b2e3b10906a9@group-246C4D1B62E2->1b8544ae-5af5-4df4-b279-24215a24e61f-AppendLogResponseHandler: follower responses appendEntries COMPLETED
2022-07-02 07:21:34,602 [grpc-default-executor-3] INFO  leader.FollowerInfo (FollowerInfoImpl.java:lambda$new$0(48)) - c9a01eed-2c14-4142-866b-b2e3b10906a9@group-246C4D1B62E2->1b8544ae-5af5-4df4-b279-24215a24e61f: nextIndex: updateUnconditionally 5 -> 4
2022-07-02 07:21:34,603 [grpc-default-executor-0] INFO  server.GrpcLogAppender (GrpcLogAppender.java:onCompleted(339)) - c9a01eed-2c14-4142-866b-b2e3b10906a9@group-246C4D1B62E2->cfe57530-fe42-4aeb-89ca-3dd0b37fa566-AppendLogResponseHandler: follower responses appendEntries COMPLETED
2022-07-02 07:21:34,603 [grpc-default-executor-0] INFO  leader.FollowerInfo (FollowerInfoImpl.java:lambda$new$0(48)) - c9a01eed-2c14-4142-866b-b2e3b10906a9@group-246C4D1B62E2->cfe57530-fe42-4aeb-89ca-3dd0b37fa566: nextIndex: updateUnconditionally 5 -> 4
2022-07-02 07:21:34,608 [ForkJoinPool.commonPool-worker-1] INFO  segmented.SegmentedRaftLogWorker (SegmentedRaftLogWorker.java:close(246)) - cfe57530-fe42-4aeb-89ca-3dd0b37fa566@group-246C4D1B62E2-SegmentedRaftLogWorker close()
2022-07-02 07:21:34,626 [Listener at 127.0.0.1/42659] INFO  impl.StateMachineUpdater (StateMachineUpdater.java:stopAndJoin(153)) - c9a01eed-2c14-4142-866b-b2e3b10906a9@group-246C4D1B62E2-StateMachineUpdater: set stopIndex = 4
2022-07-02 07:21:34,626 [c9a01eed-2c14-4142-866b-b2e3b10906a9@group-246C4D1B62E2-StateMachineUpdater] INFO  ratis.ContainerStateMachine (ContainerStateMachine.java:takeSnapshot(304)) - group-246C4D1B62E2: Taking a snapshot at:(t:2, i:4) file /home/runner/work/ozone/ozone/hadoop-ozone/integration-test/target/test-dir/MiniOzoneClusterImpl-774acf0e-96fd-4c7a-8fa4-f3d3d576173c/datanode-2/data/ratis/27530ee2-d46e-4259-908b-246c4d1b62e2/sm/snapshot.2_4
2022-07-02 07:21:34,626 [ForkJoinPool.commonPool-worker-1] INFO  server.RaftServer$Division (RaftServerImpl.java:lambda$close$4(434)) - cfe57530-fe42-4aeb-89ca-3dd0b37fa566@group-B48EA2B5E0C5: shutdown
2022-07-02 07:21:34,627 [ForkJoinPool.commonPool-worker-1] INFO  util.JmxRegister (JmxRegister.java:unregister(73)) - Successfully un-registered JMX Bean with object name Ratis:service=RaftServer,group=group-B48EA2B5E0C5,id=cfe57530-fe42-4aeb-89ca-3dd0b37fa566
2022-07-02 07:21:34,627 [ForkJoinPool.commonPool-worker-1] INFO  impl.RoleInfo (RoleInfo.java:shutdownFollowerState(110)) - cfe57530-fe42-4aeb-89ca-3dd0b37fa566: shutdown cfe57530-fe42-4aeb-89ca-3dd0b37fa566@group-B48EA2B5E0C5-FollowerState
2022-07-02 07:21:34,627 [ForkJoinPool.commonPool-worker-1] INFO  impl.StateMachineUpdater (StateMachineUpdater.java:stopAndJoin(153)) - cfe57530-fe42-4aeb-89ca-3dd0b37fa566@group-B48EA2B5E0C5-StateMachineUpdater: set stopIndex = 27
2022-07-02 07:21:34,627 [cfe57530-fe42-4aeb-89ca-3dd0b37fa566@group-B48EA2B5E0C5-FollowerState] INFO  impl.FollowerState (FollowerState.java:run(152)) - cfe57530-fe42-4aeb-89ca-3dd0b37fa566@group-B48EA2B5E0C5-FollowerState was interrupted
2022-07-02 07:21:34,630 [c9a01eed-2c14-4142-866b-b2e3b10906a9@group-246C4D1B62E2-StateMachineUpdater] INFO  ratis.ContainerStateMachine (ContainerStateMachine.java:takeSnapshot(315)) - group-246C4D1B62E2: Finished taking a snapshot at:(t:2, i:4) file:/home/runner/work/ozone/ozone/hadoop-ozone/integration-test/target/test-dir/MiniOzoneClusterImpl-774acf0e-96fd-4c7a-8fa4-f3d3d576173c/datanode-2/data/ratis/27530ee2-d46e-4259-908b-246c4d1b62e2/sm/snapshot.2_4 took: 4 ms
2022-07-02 07:21:34,630 [c9a01eed-2c14-4142-866b-b2e3b10906a9@group-246C4D1B62E2-StateMachineUpdater] INFO  impl.StateMachineUpdater (StateMachineUpdater.java:takeSnapshot(287)) - c9a01eed-2c14-4142-866b-b2e3b10906a9@group-246C4D1B62E2-StateMachineUpdater: Took a snapshot at index 4
2022-07-02 07:21:34,630 [c9a01eed-2c14-4142-866b-b2e3b10906a9@group-246C4D1B62E2-StateMachineUpdater] INFO  impl.StateMachineUpdater (StateMachineUpdater.java:lambda$new$0(92)) - c9a01eed-2c14-4142-866b-b2e3b10906a9@group-246C4D1B62E2-StateMachineUpdater: snapshotIndex: updateIncreasingly -1 -> 4
2022-07-02 07:21:34,632 [Listener at 127.0.0.1/42659] INFO  server.RaftServer$Division (ServerState.java:close(429)) - c9a01eed-2c14-4142-866b-b2e3b10906a9@group-246C4D1B62E2: closes. applyIndex: 4
2022-07-02 07:21:34,633 [c9a01eed-2c14-4142-866b-b2e3b10906a9@group-246C4D1B62E2-SegmentedRaftLogWorker] INFO  segmented.SegmentedRaftLogWorker (SegmentedRaftLogWorker.java:run(336)) - c9a01eed-2c14-4142-866b-b2e3b10906a9@group-246C4D1B62E2-SegmentedRaftLogWorker was interrupted, exiting. There are 0 tasks remaining in the queue.
2022-07-02 07:21:34,633 [Listener at 127.0.0.1/42659] INFO  segmented.SegmentedRaftLogWorker (SegmentedRaftLogWorker.java:close(246)) - c9a01eed-2c14-4142-866b-b2e3b10906a9@group-246C4D1B62E2-SegmentedRaftLogWorker close()
2022-07-02 07:21:34,635 [Listener at 127.0.0.1/42659] INFO  server.RaftServer$Division (RaftServerImpl.java:lambda$close$4(434)) - c9a01eed-2c14-4142-866b-b2e3b10906a9@group-B48EA2B5E0C5: shutdown
2022-07-02 07:21:34,636 [Listener at 127.0.0.1/42659] INFO  util.JmxRegister (JmxRegister.java:unregister(73)) - Successfully un-registered JMX Bean with object name Ratis:service=RaftServer,group=group-B48EA2B5E0C5,id=c9a01eed-2c14-4142-866b-b2e3b10906a9
2022-07-02 07:21:34,636 [Listener at 127.0.0.1/42659] INFO  impl.RoleInfo (RoleInfo.java:shutdownFollowerState(110)) - c9a01eed-2c14-4142-866b-b2e3b10906a9: shutdown c9a01eed-2c14-4142-866b-b2e3b10906a9@group-B48EA2B5E0C5-FollowerState
2022-07-02 07:21:34,636 [Listener at 127.0.0.1/42659] INFO  impl.StateMachineUpdater (StateMachineUpdater.java:stopAndJoin(153)) - c9a01eed-2c14-4142-866b-b2e3b10906a9@group-B48EA2B5E0C5-StateMachineUpdater: set stopIndex = 27
2022-07-02 07:21:34,636 [c9a01eed-2c14-4142-866b-b2e3b10906a9@group-B48EA2B5E0C5-FollowerState] INFO  impl.FollowerState (FollowerState.java:run(152)) - c9a01eed-2c14-4142-866b-b2e3b10906a9@group-B48EA2B5E0C5-FollowerState was interrupted
2022-07-02 07:21:34,636 [c9a01eed-2c14-4142-866b-b2e3b10906a9@group-B48EA2B5E0C5-StateMachineUpdater] INFO  ratis.ContainerStateMachine (ContainerStateMachine.java:takeSnapshot(304)) - group-B48EA2B5E0C5: Taking a snapshot at:(t:1, i:27) file /home/runner/work/ozone/ozone/hadoop-ozone/integration-test/target/test-dir/MiniOzoneClusterImpl-774acf0e-96fd-4c7a-8fa4-f3d3d576173c/datanode-2/data/ratis/e65cfd6b-fe88-429d-b234-b48ea2b5e0c5/sm/snapshot.1_27
2022-07-02 07:21:34,642 [cfe57530-fe42-4aeb-89ca-3dd0b37fa566@group-B48EA2B5E0C5-StateMachineUpdater] INFO  ratis.ContainerStateMachine (ContainerStateMachine.java:takeSnapshot(304)) - group-B48EA2B5E0C5: Taking a snapshot at:(t:1, i:27) file /home/runner/work/ozone/ozone/hadoop-ozone/integration-test/target/test-dir/MiniOzoneClusterImpl-774acf0e-96fd-4c7a-8fa4-f3d3d576173c/datanode-1/data/ratis/e65cfd6b-fe88-429d-b234-b48ea2b5e0c5/sm/snapshot.1_27
2022-07-02 07:21:34,660 [c9a01eed-2c14-4142-866b-b2e3b10906a9@group-B48EA2B5E0C5-StateMachineUpdater] INFO  ratis.ContainerStateMachine (ContainerStateMachine.java:takeSnapshot(315)) - group-B48EA2B5E0C5: Finished taking a snapshot at:(t:1, i:27) file:/home/runner/work/ozone/ozone/hadoop-ozone/integration-test/target/test-dir/MiniOzoneClusterImpl-774acf0e-96fd-4c7a-8fa4-f3d3d576173c/datanode-2/data/ratis/e65cfd6b-fe88-429d-b234-b48ea2b5e0c5/sm/snapshot.1_27 took: 24 ms
2022-07-02 07:21:34,660 [cfe57530-fe42-4aeb-89ca-3dd0b37fa566@group-B48EA2B5E0C5-StateMachineUpdater] INFO  ratis.ContainerStateMachine (ContainerStateMachine.java:takeSnapshot(315)) - group-B48EA2B5E0C5: Finished taking a snapshot at:(t:1, i:27) file:/home/runner/work/ozone/ozone/hadoop-ozone/integration-test/target/test-dir/MiniOzoneClusterImpl-774acf0e-96fd-4c7a-8fa4-f3d3d576173c/datanode-1/data/ratis/e65cfd6b-fe88-429d-b234-b48ea2b5e0c5/sm/snapshot.1_27 took: 18 ms
2022-07-02 07:21:34,660 [c9a01eed-2c14-4142-866b-b2e3b10906a9@group-B48EA2B5E0C5-StateMachineUpdater] INFO  impl.StateMachineUpdater (StateMachineUpdater.java:takeSnapshot(287)) - c9a01eed-2c14-4142-866b-b2e3b10906a9@group-B48EA2B5E0C5-StateMachineUpdater: Took a snapshot at index 27
2022-07-02 07:21:34,660 [c9a01eed-2c14-4142-866b-b2e3b10906a9@group-B48EA2B5E0C5-StateMachineUpdater] INFO  impl.StateMachineUpdater (StateMachineUpdater.java:lambda$new$0(92)) - c9a01eed-2c14-4142-866b-b2e3b10906a9@group-B48EA2B5E0C5-StateMachineUpdater: snapshotIndex: updateIncreasingly -1 -> 27
2022-07-02 07:21:34,661 [Listener at 127.0.0.1/42659] INFO  server.RaftServer$Division (ServerState.java:close(429)) - c9a01eed-2c14-4142-866b-b2e3b10906a9@group-B48EA2B5E0C5: closes. applyIndex: 27
2022-07-02 07:21:34,660 [cfe57530-fe42-4aeb-89ca-3dd0b37fa566@group-B48EA2B5E0C5-StateMachineUpdater] INFO  impl.StateMachineUpdater (StateMachineUpdater.java:takeSnapshot(287)) - cfe57530-fe42-4aeb-89ca-3dd0b37fa566@group-B48EA2B5E0C5-StateMachineUpdater: Took a snapshot at index 27
2022-07-02 07:21:34,661 [cfe57530-fe42-4aeb-89ca-3dd0b37fa566@group-B48EA2B5E0C5-StateMachineUpdater] INFO  impl.StateMachineUpdater (StateMachineUpdater.java:lambda$new$0(92)) - cfe57530-fe42-4aeb-89ca-3dd0b37fa566@group-B48EA2B5E0C5-StateMachineUpdater: snapshotIndex: updateIncreasingly -1 -> 27
2022-07-02 07:21:34,662 [ForkJoinPool.commonPool-worker-1] INFO  server.RaftServer$Division (ServerState.java:close(429)) - cfe57530-fe42-4aeb-89ca-3dd0b37fa566@group-B48EA2B5E0C5: closes. applyIndex: 27
2022-07-02 07:21:34,661 [c9a01eed-2c14-4142-866b-b2e3b10906a9@group-B48EA2B5E0C5-SegmentedRaftLogWorker] INFO  segmented.SegmentedRaftLogWorker (SegmentedRaftLogWorker.java:run(336)) - c9a01eed-2c14-4142-866b-b2e3b10906a9@group-B48EA2B5E0C5-SegmentedRaftLogWorker was interrupted, exiting. There are 0 tasks remaining in the queue.
2022-07-02 07:21:34,662 [cfe57530-fe42-4aeb-89ca-3dd0b37fa566@group-B48EA2B5E0C5-SegmentedRaftLogWorker] INFO  segmented.SegmentedRaftLogWorker (SegmentedRaftLogWorker.java:run(336)) - cfe57530-fe42-4aeb-89ca-3dd0b37fa566@group-B48EA2B5E0C5-SegmentedRaftLogWorker was interrupted, exiting. There are 0 tasks remaining in the queue.
2022-07-02 07:21:34,663 [Listener at 127.0.0.1/42659] INFO  segmented.SegmentedRaftLogWorker (SegmentedRaftLogWorker.java:close(246)) - c9a01eed-2c14-4142-866b-b2e3b10906a9@group-B48EA2B5E0C5-SegmentedRaftLogWorker close()
2022-07-02 07:21:34,671 [ForkJoinPool.commonPool-worker-1] INFO  segmented.SegmentedRaftLogWorker (SegmentedRaftLogWorker.java:close(246)) - cfe57530-fe42-4aeb-89ca-3dd0b37fa566@group-B48EA2B5E0C5-SegmentedRaftLogWorker close()
2022-07-02 07:21:34,687 [ForkJoinPool.commonPool-worker-1] INFO  server.GrpcService (GrpcService.java:closeImpl(269)) - cfe57530-fe42-4aeb-89ca-3dd0b37fa566: shutdown server with port 46557 now
2022-07-02 07:21:34,691 [grpc-default-executor-3] WARN  server.GrpcLogAppender (LogUtils.java:warn(122)) - 1b8544ae-5af5-4df4-b279-24215a24e61f@group-B48EA2B5E0C5->cfe57530-fe42-4aeb-89ca-3dd0b37fa566-AppendLogResponseHandler: Failed appendEntries: org.apache.ratis.thirdparty.io.grpc.StatusRuntimeException: CANCELLED: RST_STREAM closed stream. HTTP/2 error code: CANCEL
2022-07-02 07:21:34,691 [grpc-default-executor-0] WARN  server.GrpcServerProtocolService (LogUtils.java:warn(122)) - cfe57530-fe42-4aeb-89ca-3dd0b37fa566: installSnapshot onError, lastRequest: 1b8544ae-5af5-4df4-b279-24215a24e61f->cfe57530-fe42-4aeb-89ca-3dd0b37fa566#478-t1,previous=(t:1, i:26),leaderCommit=26,initializing? true,entries: size=1, first=(t:1, i:27), METADATAENTRY(c:25): org.apache.ratis.thirdparty.io.grpc.StatusRuntimeException: CANCELLED: client cancelled
2022-07-02 07:21:34,691 [grpc-default-executor-3] INFO  leader.FollowerInfo (FollowerInfoImpl.java:lambda$new$0(48)) - 1b8544ae-5af5-4df4-b279-24215a24e61f@group-B48EA2B5E0C5->cfe57530-fe42-4aeb-89ca-3dd0b37fa566: nextIndex: updateUnconditionally 28 -> 27
2022-07-02 07:21:34,691 [ForkJoinPool.commonPool-worker-1] INFO  server.GrpcService (GrpcService.java:closeImpl(278)) - cfe57530-fe42-4aeb-89ca-3dd0b37fa566: shutdown server with port 46557 successfully
2022-07-02 07:21:34,693 [org.apache.ratis.util.JvmPauseMonitor$$Lambda$611/1072797734@65df1bf6] INFO  util.JvmPauseMonitor (JvmPauseMonitor.java:run(109)) - JvmPauseMonitor-cfe57530-fe42-4aeb-89ca-3dd0b37fa566: Stopped
2022-07-02 07:21:34,694 [Listener at 127.0.0.1/42659] INFO  server.GrpcService (GrpcService.java:closeImpl(269)) - c9a01eed-2c14-4142-866b-b2e3b10906a9: shutdown server with port 44461 now
2022-07-02 07:21:34,700 [grpc-default-executor-0] WARN  server.GrpcLogAppender (LogUtils.java:warn(122)) - 1b8544ae-5af5-4df4-b279-24215a24e61f@group-B48EA2B5E0C5->cfe57530-fe42-4aeb-89ca-3dd0b37fa566-AppendLogResponseHandler: Failed appendEntries: org.apache.ratis.thirdparty.io.grpc.StatusRuntimeException: UNAVAILABLE: io exception
2022-07-02 07:21:34,706 [grpc-default-executor-0] INFO  leader.FollowerInfo (FollowerInfoImpl.java:lambda$new$0(48)) - 1b8544ae-5af5-4df4-b279-24215a24e61f@group-B48EA2B5E0C5->cfe57530-fe42-4aeb-89ca-3dd0b37fa566: nextIndex: updateUnconditionally 28 -> 27
2022-07-02 07:21:34,720 [grpc-default-executor-2] WARN  server.GrpcServerProtocolService (LogUtils.java:warn(122)) - c9a01eed-2c14-4142-866b-b2e3b10906a9: installSnapshot onError, lastRequest: 1b8544ae-5af5-4df4-b279-24215a24e61f->c9a01eed-2c14-4142-866b-b2e3b10906a9#479-t1,previous=(t:1, i:26),leaderCommit=25,initializing? true,entries: size=1, first=(t:1, i:27), METADATAENTRY(c:25): org.apache.ratis.thirdparty.io.grpc.StatusRuntimeException: CANCELLED: client cancelled
2022-07-02 07:21:34,720 [grpc-default-executor-1] WARN  server.GrpcLogAppender (LogUtils.java:warn(122)) - 1b8544ae-5af5-4df4-b279-24215a24e61f@group-B48EA2B5E0C5->c9a01eed-2c14-4142-866b-b2e3b10906a9-AppendLogResponseHandler: Failed appendEntries: org.apache.ratis.thirdparty.io.grpc.StatusRuntimeException: CANCELLED: RST_STREAM closed stream. HTTP/2 error code: CANCEL
2022-07-02 07:21:34,720 [grpc-default-executor-1] INFO  leader.FollowerInfo (FollowerInfoImpl.java:lambda$new$0(48)) - 1b8544ae-5af5-4df4-b279-24215a24e61f@group-B48EA2B5E0C5->c9a01eed-2c14-4142-866b-b2e3b10906a9: nextIndex: updateUnconditionally 28 -> 27
2022-07-02 07:21:34,720 [grpc-default-executor-3] WARN  server.GrpcClientProtocolService (LogUtils.java:warn(122)) - 1-UnorderedRequestStreamObserver1: onError: org.apache.ratis.thirdparty.io.grpc.StatusRuntimeException: CANCELLED: client cancelled
2022-07-02 07:21:34,746 [Listener at 127.0.0.1/42659] INFO  server.GrpcService (GrpcService.java:closeImpl(278)) - c9a01eed-2c14-4142-866b-b2e3b10906a9: shutdown server with port 44461 successfully
2022-07-02 07:21:34,750 [grpc-default-executor-0] WARN  server.GrpcLogAppender (LogUtils.java:warn(122)) - 1b8544ae-5af5-4df4-b279-24215a24e61f@group-B48EA2B5E0C5->c9a01eed-2c14-4142-866b-b2e3b10906a9-AppendLogResponseHandler: Failed appendEntries: org.apache.ratis.thirdparty.io.grpc.StatusRuntimeException: UNAVAILABLE: io exception
2022-07-02 07:21:34,750 [grpc-default-executor-0] INFO  leader.FollowerInfo (FollowerInfoImpl.java:lambda$new$0(48)) - 1b8544ae-5af5-4df4-b279-24215a24e61f@group-B48EA2B5E0C5->c9a01eed-2c14-4142-866b-b2e3b10906a9: nextIndex: updateUnconditionally 28 -> 27
2022-07-02 07:21:34,760 [org.apache.ratis.util.JvmPauseMonitor$$Lambda$611/1072797734@62adb843] INFO  util.JvmPauseMonitor (JvmPauseMonitor.java:run(109)) - JvmPauseMonitor-c9a01eed-2c14-4142-866b-b2e3b10906a9: Stopped
2022-07-02 07:21:35,361 [grpc-default-executor-0] WARN  server.GrpcLogAppender (LogUtils.java:warn(122)) - 1b8544ae-5af5-4df4-b279-24215a24e61f@group-B48EA2B5E0C5->c9a01eed-2c14-4142-866b-b2e3b10906a9-AppendLogResponseHandler: Failed appendEntries: org.apache.ratis.thirdparty.io.grpc.StatusRuntimeException: UNAVAILABLE: io exception
2022-07-02 07:21:35,362 [grpc-default-executor-0] INFO  leader.FollowerInfo (FollowerInfoImpl.java:lambda$new$0(48)) - 1b8544ae-5af5-4df4-b279-24215a24e61f@group-B48EA2B5E0C5->c9a01eed-2c14-4142-866b-b2e3b10906a9: nextIndex: updateUnconditionally 28 -> 27
2022-07-02 07:21:35,380 [grpc-default-executor-0] WARN  server.GrpcLogAppender (LogUtils.java:warn(122)) - 1b8544ae-5af5-4df4-b279-24215a24e61f@group-B48EA2B5E0C5->cfe57530-fe42-4aeb-89ca-3dd0b37fa566-AppendLogResponseHandler: Failed appendEntries: org.apache.ratis.thirdparty.io.grpc.StatusRuntimeException: UNAVAILABLE: io exception
2022-07-02 07:21:35,380 [grpc-default-executor-0] INFO  leader.FollowerInfo (FollowerInfoImpl.java:lambda$new$0(48)) - 1b8544ae-5af5-4df4-b279-24215a24e61f@group-B48EA2B5E0C5->cfe57530-fe42-4aeb-89ca-3dd0b37fa566: nextIndex: updateUnconditionally 28 -> 27
2022-07-02 07:21:36,612 [grpc-default-executor-0] WARN  server.GrpcLogAppender (LogUtils.java:warn(122)) - 1b8544ae-5af5-4df4-b279-24215a24e61f@group-B48EA2B5E0C5->c9a01eed-2c14-4142-866b-b2e3b10906a9-AppendLogResponseHandler: Failed appendEntries: org.apache.ratis.thirdparty.io.grpc.StatusRuntimeException: UNAVAILABLE: io exception
2022-07-02 07:21:36,613 [grpc-default-executor-0] INFO  leader.FollowerInfo (FollowerInfoImpl.java:lambda$new$0(48)) - 1b8544ae-5af5-4df4-b279-24215a24e61f@group-B48EA2B5E0C5->c9a01eed-2c14-4142-866b-b2e3b10906a9: nextIndex: updateUnconditionally 28 -> 27
2022-07-02 07:21:36,630 [grpc-default-executor-0] WARN  server.GrpcLogAppender (LogUtils.java:warn(122)) - 1b8544ae-5af5-4df4-b279-24215a24e61f@group-B48EA2B5E0C5->cfe57530-fe42-4aeb-89ca-3dd0b37fa566-AppendLogResponseHandler: Failed appendEntries: org.apache.ratis.thirdparty.io.grpc.StatusRuntimeException: UNAVAILABLE: io exception
2022-07-02 07:21:36,631 [grpc-default-executor-0] INFO  leader.FollowerInfo (FollowerInfoImpl.java:lambda$new$0(48)) - 1b8544ae-5af5-4df4-b279-24215a24e61f@group-B48EA2B5E0C5->cfe57530-fe42-4aeb-89ca-3dd0b37fa566: nextIndex: updateUnconditionally 28 -> 27
2022-07-02 07:21:36,786 [ForkJoinPool.commonPool-worker-1] INFO  utils.BackgroundService (BackgroundService.java:shutdown(132)) - Shutting down service BlockDeletingService
2022-07-02 07:21:36,787 [Listener at 127.0.0.1/42659] INFO  utils.BackgroundService (BackgroundService.java:shutdown(132)) - Shutting down service BlockDeletingService
2022-07-02 07:21:37,863 [grpc-default-executor-0] WARN  server.GrpcLogAppender (LogUtils.java:warn(122)) - 1b8544ae-5af5-4df4-b279-24215a24e61f@group-B48EA2B5E0C5->c9a01eed-2c14-4142-866b-b2e3b10906a9-AppendLogResponseHandler: Failed appendEntries: org.apache.ratis.thirdparty.io.grpc.StatusRuntimeException: UNAVAILABLE: io exception
2022-07-02 07:21:37,863 [grpc-default-executor-0] INFO  leader.FollowerInfo (FollowerInfoImpl.java:lambda$new$0(48)) - 1b8544ae-5af5-4df4-b279-24215a24e61f@group-B48EA2B5E0C5->c9a01eed-2c14-4142-866b-b2e3b10906a9: nextIndex: updateUnconditionally 28 -> 27
2022-07-02 07:21:37,884 [grpc-default-executor-0] WARN  server.GrpcLogAppender (LogUtils.java:warn(122)) - 1b8544ae-5af5-4df4-b279-24215a24e61f@group-B48EA2B5E0C5->cfe57530-fe42-4aeb-89ca-3dd0b37fa566-AppendLogResponseHandler: Failed appendEntries: org.apache.ratis.thirdparty.io.grpc.StatusRuntimeException: UNAVAILABLE: io exception
2022-07-02 07:21:37,884 [grpc-default-executor-0] INFO  leader.FollowerInfo (FollowerInfoImpl.java:lambda$new$0(48)) - 1b8544ae-5af5-4df4-b279-24215a24e61f@group-B48EA2B5E0C5->cfe57530-fe42-4aeb-89ca-3dd0b37fa566: nextIndex: updateUnconditionally 28 -> 27
2022-07-02 07:21:39,113 [grpc-default-executor-0] WARN  server.GrpcLogAppender (LogUtils.java:warn(122)) - 1b8544ae-5af5-4df4-b279-24215a24e61f@group-B48EA2B5E0C5->c9a01eed-2c14-4142-866b-b2e3b10906a9-AppendLogResponseHandler: Failed appendEntries: org.apache.ratis.thirdparty.io.grpc.StatusRuntimeException: UNAVAILABLE: io exception
2022-07-02 07:21:39,114 [grpc-default-executor-0] INFO  leader.FollowerInfo (FollowerInfoImpl.java:lambda$new$0(48)) - 1b8544ae-5af5-4df4-b279-24215a24e61f@group-B48EA2B5E0C5->c9a01eed-2c14-4142-866b-b2e3b10906a9: nextIndex: updateUnconditionally 28 -> 27
2022-07-02 07:21:39,134 [grpc-default-executor-0] WARN  server.GrpcLogAppender (LogUtils.java:warn(122)) - 1b8544ae-5af5-4df4-b279-24215a24e61f@group-B48EA2B5E0C5->cfe57530-fe42-4aeb-89ca-3dd0b37fa566-AppendLogResponseHandler: Failed appendEntries: org.apache.ratis.thirdparty.io.grpc.StatusRuntimeException: UNAVAILABLE: io exception
2022-07-02 07:21:39,135 [grpc-default-executor-0] INFO  leader.FollowerInfo (FollowerInfoImpl.java:lambda$new$0(48)) - 1b8544ae-5af5-4df4-b279-24215a24e61f@group-B48EA2B5E0C5->cfe57530-fe42-4aeb-89ca-3dd0b37fa566: nextIndex: updateUnconditionally 28 -> 27
2022-07-02 07:21:39,799 [ForkJoinPool.commonPool-worker-1] INFO  statemachine.DatanodeStateMachine (DatanodeStateMachine.java:stopDaemon(580)) - Ozone container server stopped.
2022-07-02 07:21:39,800 [Listener at 127.0.0.1/42659] INFO  statemachine.DatanodeStateMachine (DatanodeStateMachine.java:stopDaemon(580)) - Ozone container server stopped.
2022-07-02 07:21:39,825 [Listener at 127.0.0.1/42659] INFO  handler.ContextHandler (ContextHandler.java:doStop(1153)) - Stopped o.e.j.w.WebAppContext@7f25ff1f{hddsDatanode,/,null,STOPPED}{jar:file:/home/runner/.m2/repository/org/apache/ozone/hdds-container-service/1.3.0-SNAPSHOT/hdds-container-service-1.3.0-SNAPSHOT.jar!/webapps/hddsDatanode}
2022-07-02 07:21:39,854 [ForkJoinPool.commonPool-worker-1] INFO  handler.ContextHandler (ContextHandler.java:doStop(1153)) - Stopped o.e.j.w.WebAppContext@5d87f67b{hddsDatanode,/,null,STOPPED}{jar:file:/home/runner/.m2/repository/org/apache/ozone/hdds-container-service/1.3.0-SNAPSHOT/hdds-container-service-1.3.0-SNAPSHOT.jar!/webapps/hddsDatanode}
2022-07-02 07:21:39,855 [Listener at 127.0.0.1/42659] INFO  server.AbstractConnector (AbstractConnector.java:doStop(381)) - Stopped ServerConnector@107a9490{HTTP/1.1, (http/1.1)}{0.0.0.0:0}
2022-07-02 07:21:39,855 [Listener at 127.0.0.1/42659] INFO  server.session (HouseKeeper.java:stopScavenging(149)) - node0 Stopped scavenging
2022-07-02 07:21:39,857 [ForkJoinPool.commonPool-worker-1] INFO  server.AbstractConnector (AbstractConnector.java:doStop(381)) - Stopped ServerConnector@750a6ac3{HTTP/1.1, (http/1.1)}{0.0.0.0:0}
2022-07-02 07:21:39,857 [ForkJoinPool.commonPool-worker-1] INFO  server.session (HouseKeeper.java:stopScavenging(149)) - node0 Stopped scavenging
2022-07-02 07:21:39,858 [Listener at 127.0.0.1/42659] INFO  handler.ContextHandler (ContextHandler.java:doStop(1153)) - Stopped o.e.j.s.ServletContextHandler@747a8258{static,/static,jar:file:/home/runner/.m2/repository/org/apache/ozone/hdds-container-service/1.3.0-SNAPSHOT/hdds-container-service-1.3.0-SNAPSHOT.jar!/webapps/static,STOPPED}
2022-07-02 07:21:39,858 [Listener at 127.0.0.1/42659] INFO  handler.ContextHandler (ContextHandler.java:doStop(1153)) - Stopped o.e.j.s.ServletContextHandler@402d09dd{logs,/logs,file:///home/runner/work/ozone/ozone/hadoop-ozone/integration-test/target/log,STOPPED}
2022-07-02 07:21:39,872 [ForkJoinPool.commonPool-worker-1] INFO  handler.ContextHandler (ContextHandler.java:doStop(1153)) - Stopped o.e.j.s.ServletContextHandler@306b2912{static,/static,jar:file:/home/runner/.m2/repository/org/apache/ozone/hdds-container-service/1.3.0-SNAPSHOT/hdds-container-service-1.3.0-SNAPSHOT.jar!/webapps/static,STOPPED}
2022-07-02 07:21:39,874 [ForkJoinPool.commonPool-worker-1] INFO  handler.ContextHandler (ContextHandler.java:doStop(1153)) - Stopped o.e.j.s.ServletContextHandler@3e217bf7{logs,/logs,file:///home/runner/work/ozone/ozone/hadoop-ozone/integration-test/target/log,STOPPED}
2022-07-02 07:21:40,364 [grpc-default-executor-0] WARN  server.GrpcLogAppender (LogUtils.java:warn(122)) - 1b8544ae-5af5-4df4-b279-24215a24e61f@group-B48EA2B5E0C5->c9a01eed-2c14-4142-866b-b2e3b10906a9-AppendLogResponseHandler: Failed appendEntries: org.apache.ratis.thirdparty.io.grpc.StatusRuntimeException: UNAVAILABLE: io exception
2022-07-02 07:21:40,364 [grpc-default-executor-0] INFO  leader.FollowerInfo (FollowerInfoImpl.java:lambda$new$0(48)) - 1b8544ae-5af5-4df4-b279-24215a24e61f@group-B48EA2B5E0C5->c9a01eed-2c14-4142-866b-b2e3b10906a9: nextIndex: updateUnconditionally 28 -> 27
2022-07-02 07:21:40,385 [grpc-default-executor-0] WARN  server.GrpcLogAppender (LogUtils.java:warn(122)) - 1b8544ae-5af5-4df4-b279-24215a24e61f@group-B48EA2B5E0C5->cfe57530-fe42-4aeb-89ca-3dd0b37fa566-AppendLogResponseHandler: Failed appendEntries: org.apache.ratis.thirdparty.io.grpc.StatusRuntimeException: UNAVAILABLE: io exception
2022-07-02 07:21:40,385 [grpc-default-executor-0] INFO  leader.FollowerInfo (FollowerInfoImpl.java:lambda$new$0(48)) - 1b8544ae-5af5-4df4-b279-24215a24e61f@group-B48EA2B5E0C5->cfe57530-fe42-4aeb-89ca-3dd0b37fa566: nextIndex: updateUnconditionally 28 -> 27
2022-07-02 07:21:41,262 [1b8544ae-5af5-4df4-b279-24215a24e61f@group-B48EA2B5E0C5-LeaderStateImpl] WARN  server.RaftServer$Division (LeaderStateImpl.java:checkLeadership(1018)) - 1b8544ae-5af5-4df4-b279-24215a24e61f@group-B48EA2B5E0C5-LeaderStateImpl: Lost leadership on term: 1. Election timeout: 5200ms. In charge for: 33292ms. Conf: 0: [1b8544ae-5af5-4df4-b279-24215a24e61f|rpc:10.1.0.20:40747|dataStream:|priority:1, cfe57530-fe42-4aeb-89ca-3dd0b37fa566|rpc:10.1.0.20:46557|dataStream:|priority:0, c9a01eed-2c14-4142-866b-b2e3b10906a9|rpc:10.1.0.20:44461|dataStream:|priority:0], old=null
2022-07-02 07:21:41,262 [1b8544ae-5af5-4df4-b279-24215a24e61f@group-B48EA2B5E0C5-LeaderStateImpl] WARN  server.RaftServer$Division (LeaderStateImpl.java:lambda$checkLeadership$17(1022)) - Follower 1b8544ae-5af5-4df4-b279-24215a24e61f@group-B48EA2B5E0C5->cfe57530-fe42-4aeb-89ca-3dd0b37fa566(c27,m27,n27, attendVote=true, lastRpcSendTime=877, lastRpcResponseTime=8383)
2022-07-02 07:21:41,262 [1b8544ae-5af5-4df4-b279-24215a24e61f@group-B48EA2B5E0C5-LeaderStateImpl] WARN  server.RaftServer$Division (LeaderStateImpl.java:lambda$checkLeadership$17(1022)) - Follower 1b8544ae-5af5-4df4-b279-24215a24e61f@group-B48EA2B5E0C5->c9a01eed-2c14-4142-866b-b2e3b10906a9(c27,m27,n27, attendVote=true, lastRpcSendTime=898, lastRpcResponseTime=8402)
2022-07-02 07:21:41,262 [1b8544ae-5af5-4df4-b279-24215a24e61f@group-B48EA2B5E0C5-LeaderStateImpl] INFO  server.RaftServer$Division (RaftServerImpl.java:setRole(299)) - 1b8544ae-5af5-4df4-b279-24215a24e61f@group-B48EA2B5E0C5: changes role from    LEADER to FOLLOWER at term 1 for StepDownReason:LOST_MAJORITY_HEARTBEATS
2022-07-02 07:21:41,262 [1b8544ae-5af5-4df4-b279-24215a24e61f@group-B48EA2B5E0C5-LeaderStateImpl] INFO  impl.RoleInfo (RoleInfo.java:shutdownLeaderState(93)) - 1b8544ae-5af5-4df4-b279-24215a24e61f: shutdown 1b8544ae-5af5-4df4-b279-24215a24e61f@group-B48EA2B5E0C5-LeaderStateImpl
2022-07-02 07:21:41,263 [1b8544ae-5af5-4df4-b279-24215a24e61f@group-B48EA2B5E0C5-LeaderStateImpl] INFO  impl.PendingRequests (PendingRequests.java:sendNotLeaderResponses(282)) - 1b8544ae-5af5-4df4-b279-24215a24e61f@group-B48EA2B5E0C5-PendingRequests: sendNotLeaderResponses
2022-07-02 07:21:41,273 [1b8544ae-5af5-4df4-b279-24215a24e61f@group-B48EA2B5E0C5->c9a01eed-2c14-4142-866b-b2e3b10906a9-GrpcLogAppender-LogAppenderDaemon] WARN  server.GrpcLogAppender (GrpcLogAppender.java:mayWait(171)) - 1b8544ae-5af5-4df4-b279-24215a24e61f@group-B48EA2B5E0C5->c9a01eed-2c14-4142-866b-b2e3b10906a9-GrpcLogAppender: Wait interrupted by java.lang.InterruptedException
2022-07-02 07:21:41,273 [1b8544ae-5af5-4df4-b279-24215a24e61f@group-B48EA2B5E0C5->cfe57530-fe42-4aeb-89ca-3dd0b37fa566-GrpcLogAppender-LogAppenderDaemon] WARN  server.GrpcLogAppender (GrpcLogAppender.java:mayWait(171)) - 1b8544ae-5af5-4df4-b279-24215a24e61f@group-B48EA2B5E0C5->cfe57530-fe42-4aeb-89ca-3dd0b37fa566-GrpcLogAppender: Wait interrupted by java.lang.InterruptedException
2022-07-02 07:21:41,274 [1b8544ae-5af5-4df4-b279-24215a24e61f@group-B48EA2B5E0C5-LeaderStateImpl] INFO  impl.RoleInfo (RoleInfo.java:updateAndGet(139)) - 1b8544ae-5af5-4df4-b279-24215a24e61f: start 1b8544ae-5af5-4df4-b279-24215a24e61f@group-B48EA2B5E0C5-FollowerState
2022-07-02 07:21:43,330 [1b8544ae-5af5-4df4-b279-24215a24e61f@group-246C4D1B62E2-FollowerState] INFO  impl.FollowerState (FollowerState.java:run(143)) - 1b8544ae-5af5-4df4-b279-24215a24e61f@group-246C4D1B62E2-FollowerState: change to CANDIDATE, lastRpcElapsedTime:9391268871ns, electionTimeout:5178ms
2022-07-02 07:21:43,330 [1b8544ae-5af5-4df4-b279-24215a24e61f@group-246C4D1B62E2-FollowerState] INFO  impl.RoleInfo (RoleInfo.java:shutdownFollowerState(110)) - 1b8544ae-5af5-4df4-b279-24215a24e61f: shutdown 1b8544ae-5af5-4df4-b279-24215a24e61f@group-246C4D1B62E2-FollowerState
2022-07-02 07:21:43,330 [1b8544ae-5af5-4df4-b279-24215a24e61f@group-246C4D1B62E2-FollowerState] INFO  server.RaftServer$Division (RaftServerImpl.java:setRole(299)) - 1b8544ae-5af5-4df4-b279-24215a24e61f@group-246C4D1B62E2: changes role from  FOLLOWER to CANDIDATE at term 2 for changeToCandidate
2022-07-02 07:21:43,330 [1b8544ae-5af5-4df4-b279-24215a24e61f@group-246C4D1B62E2-FollowerState] INFO  server.RaftServerConfigKeys (ConfUtils.java:logGet(46)) - raft.server.leaderelection.pre-vote = false (custom)
2022-07-02 07:21:43,330 [1b8544ae-5af5-4df4-b279-24215a24e61f@group-246C4D1B62E2-FollowerState] INFO  impl.RoleInfo (RoleInfo.java:updateAndGet(139)) - 1b8544ae-5af5-4df4-b279-24215a24e61f: start 1b8544ae-5af5-4df4-b279-24215a24e61f@group-246C4D1B62E2-LeaderElection21
2022-07-02 07:21:43,364 [1b8544ae-5af5-4df4-b279-24215a24e61f@group-246C4D1B62E2-LeaderElection21] INFO  server.RaftServer$Division (ServerState.java:setLeader(287)) - 1b8544ae-5af5-4df4-b279-24215a24e61f@group-246C4D1B62E2: change Leader from c9a01eed-2c14-4142-866b-b2e3b10906a9 to null at term 2 for ELECTION
2022-07-02 07:21:43,370 [1b8544ae-5af5-4df4-b279-24215a24e61f@group-246C4D1B62E2-LeaderElection21] INFO  impl.LeaderElection (LeaderElection.java:askForVotes(310)) - 1b8544ae-5af5-4df4-b279-24215a24e61f@group-246C4D1B62E2-LeaderElection21 ELECTION round 0: submit vote requests at term 3 for 0: [1b8544ae-5af5-4df4-b279-24215a24e61f|rpc:10.1.0.20:40747|dataStream:|priority:0, cfe57530-fe42-4aeb-89ca-3dd0b37fa566|rpc:10.1.0.20:46557|dataStream:|priority:0, c9a01eed-2c14-4142-866b-b2e3b10906a9|rpc:10.1.0.20:44461|dataStream:|priority:1], old=null
2022-07-02 07:21:43,380 [1b8544ae-5af5-4df4-b279-24215a24e61f@group-246C4D1B62E2-LeaderElection21] INFO  impl.LeaderElection (LogUtils.java:infoOrTrace(137)) - 1b8544ae-5af5-4df4-b279-24215a24e61f@group-246C4D1B62E2-LeaderElection21 got exception when requesting votes: java.util.concurrent.ExecutionException: org.apache.ratis.thirdparty.io.grpc.StatusRuntimeException: UNAVAILABLE: io exception
2022-07-02 07:21:43,392 [1b8544ae-5af5-4df4-b279-24215a24e61f@group-246C4D1B62E2-LeaderElection21] INFO  impl.LeaderElection (LogUtils.java:infoOrTrace(137)) - 1b8544ae-5af5-4df4-b279-24215a24e61f@group-246C4D1B62E2-LeaderElection21 got exception when requesting votes: java.util.concurrent.ExecutionException: org.apache.ratis.thirdparty.io.grpc.StatusRuntimeException: UNAVAILABLE: io exception
2022-07-02 07:21:43,392 [1b8544ae-5af5-4df4-b279-24215a24e61f@group-246C4D1B62E2-LeaderElection21] INFO  impl.LeaderElection (LeaderElection.java:logAndReturn(90)) - 1b8544ae-5af5-4df4-b279-24215a24e61f@group-246C4D1B62E2-LeaderElection21: ELECTION REJECTED received 0 response(s) and 2 exception(s):
2022-07-02 07:21:43,392 [1b8544ae-5af5-4df4-b279-24215a24e61f@group-246C4D1B62E2-LeaderElection21] INFO  impl.LeaderElection (LogUtils.java:infoOrTrace(137)) -   Exception 0: java.util.concurrent.ExecutionException: org.apache.ratis.thirdparty.io.grpc.StatusRuntimeException: UNAVAILABLE: io exception
2022-07-02 07:21:43,392 [1b8544ae-5af5-4df4-b279-24215a24e61f@group-246C4D1B62E2-LeaderElection21] INFO  impl.LeaderElection (LogUtils.java:infoOrTrace(137)) -   Exception 1: java.util.concurrent.ExecutionException: org.apache.ratis.thirdparty.io.grpc.StatusRuntimeException: UNAVAILABLE: io exception
2022-07-02 07:21:43,392 [1b8544ae-5af5-4df4-b279-24215a24e61f@group-246C4D1B62E2-LeaderElection21] INFO  impl.LeaderElection (LeaderElection.java:askForVotes(312)) - 1b8544ae-5af5-4df4-b279-24215a24e61f@group-246C4D1B62E2-LeaderElection21 ELECTION round 0: result REJECTED
2022-07-02 07:21:43,393 [1b8544ae-5af5-4df4-b279-24215a24e61f@group-246C4D1B62E2-LeaderElection21] INFO  server.RaftServer$Division (RaftServerImpl.java:setRole(299)) - 1b8544ae-5af5-4df4-b279-24215a24e61f@group-246C4D1B62E2: changes role from CANDIDATE to FOLLOWER at term 3 for REJECTED
2022-07-02 07:21:43,393 [1b8544ae-5af5-4df4-b279-24215a24e61f@group-246C4D1B62E2-LeaderElection21] INFO  impl.RoleInfo (RoleInfo.java:shutdownLeaderElection(130)) - 1b8544ae-5af5-4df4-b279-24215a24e61f: shutdown 1b8544ae-5af5-4df4-b279-24215a24e61f@group-246C4D1B62E2-LeaderElection21
2022-07-02 07:21:43,393 [1b8544ae-5af5-4df4-b279-24215a24e61f@group-246C4D1B62E2-LeaderElection21] INFO  impl.RoleInfo (RoleInfo.java:updateAndGet(139)) - 1b8544ae-5af5-4df4-b279-24215a24e61f: start 1b8544ae-5af5-4df4-b279-24215a24e61f@group-246C4D1B62E2-FollowerState
2022-07-02 07:21:44,878 [ForkJoinPool.commonPool-worker-1] INFO  ozoneimpl.OzoneContainer (OzoneContainer.java:stop(365)) - Attempting to stop container services.
2022-07-02 07:21:44,879 [ForkJoinPool.commonPool-worker-1] INFO  server.RaftServer (RaftServerProxy.java:lambda$close$7(398)) - 1b8544ae-5af5-4df4-b279-24215a24e61f: close
2022-07-02 07:21:44,879 [ForkJoinPool.commonPool-worker-1] INFO  server.RaftServer$Division (RaftServerImpl.java:lambda$close$4(434)) - 1b8544ae-5af5-4df4-b279-24215a24e61f@group-FA31170E5D09: shutdown
2022-07-02 07:21:44,879 [ForkJoinPool.commonPool-worker-1] INFO  util.JmxRegister (JmxRegister.java:unregister(73)) - Successfully un-registered JMX Bean with object name Ratis:service=RaftServer,group=group-FA31170E5D09,id=1b8544ae-5af5-4df4-b279-24215a24e61f
2022-07-02 07:21:44,879 [ForkJoinPool.commonPool-worker-1] INFO  impl.RoleInfo (RoleInfo.java:shutdownLeaderState(93)) - 1b8544ae-5af5-4df4-b279-24215a24e61f: shutdown 1b8544ae-5af5-4df4-b279-24215a24e61f@group-FA31170E5D09-LeaderStateImpl
2022-07-02 07:21:44,880 [ForkJoinPool.commonPool-worker-1] INFO  impl.PendingRequests (PendingRequests.java:sendNotLeaderResponses(282)) - 1b8544ae-5af5-4df4-b279-24215a24e61f@group-FA31170E5D09-PendingRequests: sendNotLeaderResponses
2022-07-02 07:21:44,880 [Listener at 127.0.0.1/42659] INFO  ozoneimpl.OzoneContainer (OzoneContainer.java:stop(365)) - Attempting to stop container services.
2022-07-02 07:21:44,881 [ForkJoinPool.commonPool-worker-1] INFO  impl.StateMachineUpdater (StateMachineUpdater.java:stopAndJoin(153)) - 1b8544ae-5af5-4df4-b279-24215a24e61f@group-FA31170E5D09-StateMachineUpdater: set stopIndex = 0
2022-07-02 07:21:44,883 [1b8544ae-5af5-4df4-b279-24215a24e61f@group-FA31170E5D09-StateMachineUpdater] INFO  ratis.ContainerStateMachine (ContainerStateMachine.java:takeSnapshot(304)) - group-FA31170E5D09: Taking a snapshot at:(t:1, i:0) file /home/runner/work/ozone/ozone/hadoop-ozone/integration-test/target/test-dir/MiniOzoneClusterImpl-774acf0e-96fd-4c7a-8fa4-f3d3d576173c/datanode-0/data/ratis/db87c324-6eb2-49f2-876d-fa31170e5d09/sm/snapshot.1_0
2022-07-02 07:21:44,884 [Listener at 127.0.0.1/42659] INFO  server.RaftServer (RaftServerProxy.java:lambda$close$7(398)) - 029081d1-a351-4e87-8ac8-9a9e5f881d63: close
2022-07-02 07:21:44,884 [Listener at 127.0.0.1/42659] INFO  server.RaftServer$Division (RaftServerImpl.java:lambda$close$4(434)) - 029081d1-a351-4e87-8ac8-9a9e5f881d63@group-00ABA8902F10: shutdown
2022-07-02 07:21:44,884 [1b8544ae-5af5-4df4-b279-24215a24e61f@group-FA31170E5D09-StateMachineUpdater] INFO  ratis.ContainerStateMachine (ContainerStateMachine.java:takeSnapshot(315)) - group-FA31170E5D09: Finished taking a snapshot at:(t:1, i:0) file:/home/runner/work/ozone/ozone/hadoop-ozone/integration-test/target/test-dir/MiniOzoneClusterImpl-774acf0e-96fd-4c7a-8fa4-f3d3d576173c/datanode-0/data/ratis/db87c324-6eb2-49f2-876d-fa31170e5d09/sm/snapshot.1_0 took: 1 ms
2022-07-02 07:21:44,884 [Listener at 127.0.0.1/42659] INFO  util.JmxRegister (JmxRegister.java:unregister(73)) - Successfully un-registered JMX Bean with object name Ratis:service=RaftServer,group=group-00ABA8902F10,id=029081d1-a351-4e87-8ac8-9a9e5f881d63
2022-07-02 07:21:44,884 [Listener at 127.0.0.1/42659] INFO  impl.RoleInfo (RoleInfo.java:shutdownLeaderState(93)) - 029081d1-a351-4e87-8ac8-9a9e5f881d63: shutdown 029081d1-a351-4e87-8ac8-9a9e5f881d63@group-00ABA8902F10-LeaderStateImpl
2022-07-02 07:21:44,884 [1b8544ae-5af5-4df4-b279-24215a24e61f@group-FA31170E5D09-StateMachineUpdater] INFO  impl.StateMachineUpdater (StateMachineUpdater.java:takeSnapshot(287)) - 1b8544ae-5af5-4df4-b279-24215a24e61f@group-FA31170E5D09-StateMachineUpdater: Took a snapshot at index 0
2022-07-02 07:21:44,884 [Listener at 127.0.0.1/42659] INFO  impl.PendingRequests (PendingRequests.java:sendNotLeaderResponses(282)) - 029081d1-a351-4e87-8ac8-9a9e5f881d63@group-00ABA8902F10-PendingRequests: sendNotLeaderResponses
2022-07-02 07:21:44,884 [1b8544ae-5af5-4df4-b279-24215a24e61f@group-FA31170E5D09-StateMachineUpdater] INFO  impl.StateMachineUpdater (StateMachineUpdater.java:lambda$new$0(92)) - 1b8544ae-5af5-4df4-b279-24215a24e61f@group-FA31170E5D09-StateMachineUpdater: snapshotIndex: updateIncreasingly -1 -> 0
2022-07-02 07:21:44,885 [Listener at 127.0.0.1/42659] INFO  impl.StateMachineUpdater (StateMachineUpdater.java:stopAndJoin(153)) - 029081d1-a351-4e87-8ac8-9a9e5f881d63@group-00ABA8902F10-StateMachineUpdater: set stopIndex = 0
2022-07-02 07:21:44,885 [029081d1-a351-4e87-8ac8-9a9e5f881d63@group-00ABA8902F10-StateMachineUpdater] INFO  ratis.ContainerStateMachine (ContainerStateMachine.java:takeSnapshot(304)) - group-00ABA8902F10: Taking a snapshot at:(t:1, i:0) file /home/runner/work/ozone/ozone/hadoop-ozone/integration-test/target/test-dir/MiniOzoneClusterImpl-774acf0e-96fd-4c7a-8fa4-f3d3d576173c/datanode-4/data/ratis/02d668e1-58c9-41b4-9992-00aba8902f10/sm/snapshot.1_0
2022-07-02 07:21:44,885 [ForkJoinPool.commonPool-worker-1] INFO  server.RaftServer$Division (ServerState.java:close(429)) - 1b8544ae-5af5-4df4-b279-24215a24e61f@group-FA31170E5D09: closes. applyIndex: 0
2022-07-02 07:21:44,886 [1b8544ae-5af5-4df4-b279-24215a24e61f@group-FA31170E5D09-SegmentedRaftLogWorker] INFO  segmented.SegmentedRaftLogWorker (SegmentedRaftLogWorker.java:run(336)) - 1b8544ae-5af5-4df4-b279-24215a24e61f@group-FA31170E5D09-SegmentedRaftLogWorker was interrupted, exiting. There are 0 tasks remaining in the queue.
2022-07-02 07:21:44,886 [ForkJoinPool.commonPool-worker-1] INFO  segmented.SegmentedRaftLogWorker (SegmentedRaftLogWorker.java:close(246)) - 1b8544ae-5af5-4df4-b279-24215a24e61f@group-FA31170E5D09-SegmentedRaftLogWorker close()
2022-07-02 07:21:44,886 [029081d1-a351-4e87-8ac8-9a9e5f881d63@group-00ABA8902F10-StateMachineUpdater] INFO  ratis.ContainerStateMachine (ContainerStateMachine.java:takeSnapshot(315)) - group-00ABA8902F10: Finished taking a snapshot at:(t:1, i:0) file:/home/runner/work/ozone/ozone/hadoop-ozone/integration-test/target/test-dir/MiniOzoneClusterImpl-774acf0e-96fd-4c7a-8fa4-f3d3d576173c/datanode-4/data/ratis/02d668e1-58c9-41b4-9992-00aba8902f10/sm/snapshot.1_0 took: 1 ms
2022-07-02 07:21:44,889 [ForkJoinPool.commonPool-worker-1] INFO  server.RaftServer$Division (RaftServerImpl.java:lambda$close$4(434)) - 1b8544ae-5af5-4df4-b279-24215a24e61f@group-246C4D1B62E2: shutdown
2022-07-02 07:21:44,889 [029081d1-a351-4e87-8ac8-9a9e5f881d63@group-00ABA8902F10-StateMachineUpdater] INFO  impl.StateMachineUpdater (StateMachineUpdater.java:takeSnapshot(287)) - 029081d1-a351-4e87-8ac8-9a9e5f881d63@group-00ABA8902F10-StateMachineUpdater: Took a snapshot at index 0
2022-07-02 07:21:44,889 [ForkJoinPool.commonPool-worker-1] INFO  util.JmxRegister (JmxRegister.java:unregister(73)) - Successfully un-registered JMX Bean with object name Ratis:service=RaftServer,group=group-246C4D1B62E2,id=1b8544ae-5af5-4df4-b279-24215a24e61f
2022-07-02 07:21:44,889 [ForkJoinPool.commonPool-worker-1] INFO  impl.RoleInfo (RoleInfo.java:shutdownFollowerState(110)) - 1b8544ae-5af5-4df4-b279-24215a24e61f: shutdown 1b8544ae-5af5-4df4-b279-24215a24e61f@group-246C4D1B62E2-FollowerState
2022-07-02 07:21:44,889 [029081d1-a351-4e87-8ac8-9a9e5f881d63@group-00ABA8902F10-StateMachineUpdater] INFO  impl.StateMachineUpdater (StateMachineUpdater.java:lambda$new$0(92)) - 029081d1-a351-4e87-8ac8-9a9e5f881d63@group-00ABA8902F10-StateMachineUpdater: snapshotIndex: updateIncreasingly -1 -> 0
2022-07-02 07:21:44,889 [1b8544ae-5af5-4df4-b279-24215a24e61f@group-246C4D1B62E2-FollowerState] INFO  impl.FollowerState (FollowerState.java:run(152)) - 1b8544ae-5af5-4df4-b279-24215a24e61f@group-246C4D1B62E2-FollowerState was interrupted
2022-07-02 07:21:44,889 [1b8544ae-5af5-4df4-b279-24215a24e61f@group-246C4D1B62E2-StateMachineUpdater] INFO  ratis.ContainerStateMachine (ContainerStateMachine.java:takeSnapshot(304)) - group-246C4D1B62E2: Taking a snapshot at:(t:2, i:4) file /home/runner/work/ozone/ozone/hadoop-ozone/integration-test/target/test-dir/MiniOzoneClusterImpl-774acf0e-96fd-4c7a-8fa4-f3d3d576173c/datanode-0/data/ratis/27530ee2-d46e-4259-908b-246c4d1b62e2/sm/snapshot.2_4
2022-07-02 07:21:44,890 [Listener at 127.0.0.1/42659] INFO  server.RaftServer$Division (ServerState.java:close(429)) - 029081d1-a351-4e87-8ac8-9a9e5f881d63@group-00ABA8902F10: closes. applyIndex: 0
2022-07-02 07:21:44,903 [029081d1-a351-4e87-8ac8-9a9e5f881d63@group-00ABA8902F10-SegmentedRaftLogWorker] INFO  segmented.SegmentedRaftLogWorker (SegmentedRaftLogWorker.java:run(336)) - 029081d1-a351-4e87-8ac8-9a9e5f881d63@group-00ABA8902F10-SegmentedRaftLogWorker was interrupted, exiting. There are 0 tasks remaining in the queue.
2022-07-02 07:21:44,903 [Listener at 127.0.0.1/42659] INFO  segmented.SegmentedRaftLogWorker (SegmentedRaftLogWorker.java:close(246)) - 029081d1-a351-4e87-8ac8-9a9e5f881d63@group-00ABA8902F10-SegmentedRaftLogWorker close()
2022-07-02 07:21:44,904 [Listener at 127.0.0.1/42659] INFO  server.GrpcService (GrpcService.java:closeImpl(269)) - 029081d1-a351-4e87-8ac8-9a9e5f881d63: shutdown server with port 34471 now
2022-07-02 07:21:44,904 [Listener at 127.0.0.1/42659] INFO  server.GrpcService (GrpcService.java:closeImpl(278)) - 029081d1-a351-4e87-8ac8-9a9e5f881d63: shutdown server with port 34471 successfully
2022-07-02 07:21:44,904 [org.apache.ratis.util.JvmPauseMonitor$$Lambda$611/1072797734@43ef5bd3] INFO  util.JvmPauseMonitor (JvmPauseMonitor.java:run(109)) - JvmPauseMonitor-029081d1-a351-4e87-8ac8-9a9e5f881d63: Stopped
2022-07-02 07:21:44,889 [ForkJoinPool.commonPool-worker-1] INFO  impl.StateMachineUpdater (StateMachineUpdater.java:stopAndJoin(153)) - 1b8544ae-5af5-4df4-b279-24215a24e61f@group-246C4D1B62E2-StateMachineUpdater: set stopIndex = 4
2022-07-02 07:21:44,891 [1b8544ae-5af5-4df4-b279-24215a24e61f@group-246C4D1B62E2-StateMachineUpdater] INFO  ratis.ContainerStateMachine (ContainerStateMachine.java:takeSnapshot(315)) - group-246C4D1B62E2: Finished taking a snapshot at:(t:2, i:4) file:/home/runner/work/ozone/ozone/hadoop-ozone/integration-test/target/test-dir/MiniOzoneClusterImpl-774acf0e-96fd-4c7a-8fa4-f3d3d576173c/datanode-0/data/ratis/27530ee2-d46e-4259-908b-246c4d1b62e2/sm/snapshot.2_4 took: 1 ms
2022-07-02 07:21:44,905 [1b8544ae-5af5-4df4-b279-24215a24e61f@group-246C4D1B62E2-StateMachineUpdater] INFO  impl.StateMachineUpdater (StateMachineUpdater.java:takeSnapshot(287)) - 1b8544ae-5af5-4df4-b279-24215a24e61f@group-246C4D1B62E2-StateMachineUpdater: Took a snapshot at index 4
2022-07-02 07:21:44,905 [1b8544ae-5af5-4df4-b279-24215a24e61f@group-246C4D1B62E2-StateMachineUpdater] INFO  impl.StateMachineUpdater (StateMachineUpdater.java:lambda$new$0(92)) - 1b8544ae-5af5-4df4-b279-24215a24e61f@group-246C4D1B62E2-StateMachineUpdater: snapshotIndex: updateIncreasingly -1 -> 4
2022-07-02 07:21:44,906 [ForkJoinPool.commonPool-worker-1] INFO  server.RaftServer$Division (ServerState.java:close(429)) - 1b8544ae-5af5-4df4-b279-24215a24e61f@group-246C4D1B62E2: closes. applyIndex: 4
2022-07-02 07:21:44,907 [1b8544ae-5af5-4df4-b279-24215a24e61f@group-246C4D1B62E2-SegmentedRaftLogWorker] INFO  segmented.SegmentedRaftLogWorker (SegmentedRaftLogWorker.java:run(336)) - 1b8544ae-5af5-4df4-b279-24215a24e61f@group-246C4D1B62E2-SegmentedRaftLogWorker was interrupted, exiting. There are 0 tasks remaining in the queue.
2022-07-02 07:21:44,907 [ForkJoinPool.commonPool-worker-1] INFO  segmented.SegmentedRaftLogWorker (SegmentedRaftLogWorker.java:close(246)) - 1b8544ae-5af5-4df4-b279-24215a24e61f@group-246C4D1B62E2-SegmentedRaftLogWorker close()
2022-07-02 07:21:44,907 [ForkJoinPool.commonPool-worker-1] INFO  server.RaftServer$Division (RaftServerImpl.java:lambda$close$4(434)) - 1b8544ae-5af5-4df4-b279-24215a24e61f@group-B48EA2B5E0C5: shutdown
2022-07-02 07:21:44,907 [ForkJoinPool.commonPool-worker-1] INFO  util.JmxRegister (JmxRegister.java:unregister(73)) - Successfully un-registered JMX Bean with object name Ratis:service=RaftServer,group=group-B48EA2B5E0C5,id=1b8544ae-5af5-4df4-b279-24215a24e61f
2022-07-02 07:21:44,907 [ForkJoinPool.commonPool-worker-1] INFO  impl.RoleInfo (RoleInfo.java:shutdownFollowerState(110)) - 1b8544ae-5af5-4df4-b279-24215a24e61f: shutdown 1b8544ae-5af5-4df4-b279-24215a24e61f@group-B48EA2B5E0C5-FollowerState
2022-07-02 07:21:44,908 [1b8544ae-5af5-4df4-b279-24215a24e61f@group-B48EA2B5E0C5-FollowerState] INFO  impl.FollowerState (FollowerState.java:run(152)) - 1b8544ae-5af5-4df4-b279-24215a24e61f@group-B48EA2B5E0C5-FollowerState was interrupted
2022-07-02 07:21:44,908 [ForkJoinPool.commonPool-worker-1] INFO  impl.StateMachineUpdater (StateMachineUpdater.java:stopAndJoin(153)) - 1b8544ae-5af5-4df4-b279-24215a24e61f@group-B48EA2B5E0C5-StateMachineUpdater: set stopIndex = 27
2022-07-02 07:21:44,908 [1b8544ae-5af5-4df4-b279-24215a24e61f@group-B48EA2B5E0C5-StateMachineUpdater] INFO  ratis.ContainerStateMachine (ContainerStateMachine.java:takeSnapshot(304)) - group-B48EA2B5E0C5: Taking a snapshot at:(t:1, i:27) file /home/runner/work/ozone/ozone/hadoop-ozone/integration-test/target/test-dir/MiniOzoneClusterImpl-774acf0e-96fd-4c7a-8fa4-f3d3d576173c/datanode-0/data/ratis/e65cfd6b-fe88-429d-b234-b48ea2b5e0c5/sm/snapshot.1_27
2022-07-02 07:21:44,912 [1b8544ae-5af5-4df4-b279-24215a24e61f@group-B48EA2B5E0C5-StateMachineUpdater] INFO  ratis.ContainerStateMachine (ContainerStateMachine.java:takeSnapshot(315)) - group-B48EA2B5E0C5: Finished taking a snapshot at:(t:1, i:27) file:/home/runner/work/ozone/ozone/hadoop-ozone/integration-test/target/test-dir/MiniOzoneClusterImpl-774acf0e-96fd-4c7a-8fa4-f3d3d576173c/datanode-0/data/ratis/e65cfd6b-fe88-429d-b234-b48ea2b5e0c5/sm/snapshot.1_27 took: 4 ms
2022-07-02 07:21:44,912 [1b8544ae-5af5-4df4-b279-24215a24e61f@group-B48EA2B5E0C5-StateMachineUpdater] INFO  impl.StateMachineUpdater (StateMachineUpdater.java:takeSnapshot(287)) - 1b8544ae-5af5-4df4-b279-24215a24e61f@group-B48EA2B5E0C5-StateMachineUpdater: Took a snapshot at index 27
2022-07-02 07:21:44,912 [1b8544ae-5af5-4df4-b279-24215a24e61f@group-B48EA2B5E0C5-StateMachineUpdater] INFO  impl.StateMachineUpdater (StateMachineUpdater.java:lambda$new$0(92)) - 1b8544ae-5af5-4df4-b279-24215a24e61f@group-B48EA2B5E0C5-StateMachineUpdater: snapshotIndex: updateIncreasingly -1 -> 27
2022-07-02 07:21:44,913 [ForkJoinPool.commonPool-worker-1] INFO  server.RaftServer$Division (ServerState.java:close(429)) - 1b8544ae-5af5-4df4-b279-24215a24e61f@group-B48EA2B5E0C5: closes. applyIndex: 27
2022-07-02 07:21:44,913 [1b8544ae-5af5-4df4-b279-24215a24e61f@group-B48EA2B5E0C5-SegmentedRaftLogWorker] INFO  segmented.SegmentedRaftLogWorker (SegmentedRaftLogWorker.java:run(336)) - 1b8544ae-5af5-4df4-b279-24215a24e61f@group-B48EA2B5E0C5-SegmentedRaftLogWorker was interrupted, exiting. There are 0 tasks remaining in the queue.
2022-07-02 07:21:44,915 [ForkJoinPool.commonPool-worker-1] INFO  segmented.SegmentedRaftLogWorker (SegmentedRaftLogWorker.java:close(246)) - 1b8544ae-5af5-4df4-b279-24215a24e61f@group-B48EA2B5E0C5-SegmentedRaftLogWorker close()
2022-07-02 07:21:44,920 [ForkJoinPool.commonPool-worker-1] INFO  server.GrpcService (GrpcService.java:closeImpl(269)) - 1b8544ae-5af5-4df4-b279-24215a24e61f: shutdown server with port 40747 now
2022-07-02 07:21:44,945 [ForkJoinPool.commonPool-worker-1] INFO  server.GrpcService (GrpcService.java:closeImpl(278)) - 1b8544ae-5af5-4df4-b279-24215a24e61f: shutdown server with port 40747 successfully
2022-07-02 07:21:44,945 [org.apache.ratis.util.JvmPauseMonitor$$Lambda$611/1072797734@26fbc983] INFO  util.JvmPauseMonitor (JvmPauseMonitor.java:run(109)) - JvmPauseMonitor-1b8544ae-5af5-4df4-b279-24215a24e61f: Stopped
2022-07-02 07:21:46,932 [Listener at 127.0.0.1/42659] INFO  utils.BackgroundService (BackgroundService.java:shutdown(132)) - Shutting down service BlockDeletingService
2022-07-02 07:21:46,974 [ForkJoinPool.commonPool-worker-1] INFO  utils.BackgroundService (BackgroundService.java:shutdown(132)) - Shutting down service BlockDeletingService
2022-07-02 07:21:49,937 [Listener at 127.0.0.1/42659] INFO  statemachine.DatanodeStateMachine (DatanodeStateMachine.java:stopDaemon(580)) - Ozone container server stopped.
2022-07-02 07:21:49,966 [Listener at 127.0.0.1/42659] INFO  handler.ContextHandler (ContextHandler.java:doStop(1153)) - Stopped o.e.j.w.WebAppContext@4dce4fa{hddsDatanode,/,null,STOPPED}{jar:file:/home/runner/.m2/repository/org/apache/ozone/hdds-container-service/1.3.0-SNAPSHOT/hdds-container-service-1.3.0-SNAPSHOT.jar!/webapps/hddsDatanode}
2022-07-02 07:21:49,981 [Listener at 127.0.0.1/42659] INFO  server.AbstractConnector (AbstractConnector.java:doStop(381)) - Stopped ServerConnector@159e840a{HTTP/1.1, (http/1.1)}{0.0.0.0:0}
2022-07-02 07:21:49,984 [Listener at 127.0.0.1/42659] INFO  server.session (HouseKeeper.java:stopScavenging(149)) - node0 Stopped scavenging
2022-07-02 07:21:49,985 [Listener at 127.0.0.1/42659] INFO  handler.ContextHandler (ContextHandler.java:doStop(1153)) - Stopped o.e.j.s.ServletContextHandler@100b3bf3{static,/static,jar:file:/home/runner/.m2/repository/org/apache/ozone/hdds-container-service/1.3.0-SNAPSHOT/hdds-container-service-1.3.0-SNAPSHOT.jar!/webapps/static,STOPPED}
2022-07-02 07:21:49,985 [ForkJoinPool.commonPool-worker-1] INFO  statemachine.DatanodeStateMachine (DatanodeStateMachine.java:stopDaemon(580)) - Ozone container server stopped.
2022-07-02 07:21:49,986 [Listener at 127.0.0.1/42659] INFO  handler.ContextHandler (ContextHandler.java:doStop(1153)) - Stopped o.e.j.s.ServletContextHandler@41d3bff{logs,/logs,file:///home/runner/work/ozone/ozone/hadoop-ozone/integration-test/target/log,STOPPED}
2022-07-02 07:21:50,056 [ForkJoinPool.commonPool-worker-1] INFO  handler.ContextHandler (ContextHandler.java:doStop(1153)) - Stopped o.e.j.w.WebAppContext@6fc7c2a3{hddsDatanode,/,null,STOPPED}{jar:file:/home/runner/.m2/repository/org/apache/ozone/hdds-container-service/1.3.0-SNAPSHOT/hdds-container-service-1.3.0-SNAPSHOT.jar!/webapps/hddsDatanode}
2022-07-02 07:21:50,057 [ForkJoinPool.commonPool-worker-1] INFO  server.AbstractConnector (AbstractConnector.java:doStop(381)) - Stopped ServerConnector@5d7538af{HTTP/1.1, (http/1.1)}{0.0.0.0:0}
2022-07-02 07:21:50,057 [ForkJoinPool.commonPool-worker-1] INFO  server.session (HouseKeeper.java:stopScavenging(149)) - node0 Stopped scavenging
2022-07-02 07:21:50,061 [ForkJoinPool.commonPool-worker-1] INFO  handler.ContextHandler (ContextHandler.java:doStop(1153)) - Stopped o.e.j.s.ServletContextHandler@52593a99{static,/static,jar:file:/home/runner/.m2/repository/org/apache/ozone/hdds-container-service/1.3.0-SNAPSHOT/hdds-container-service-1.3.0-SNAPSHOT.jar!/webapps/static,STOPPED}
2022-07-02 07:21:50,062 [ForkJoinPool.commonPool-worker-1] INFO  handler.ContextHandler (ContextHandler.java:doStop(1153)) - Stopped o.e.j.s.ServletContextHandler@b159e06{logs,/logs,file:///home/runner/work/ozone/ozone/hadoop-ozone/integration-test/target/log,STOPPED}
2022-07-02 07:21:55,008 [Listener at 127.0.0.1/42659] INFO  ozoneimpl.OzoneContainer (OzoneContainer.java:stop(365)) - Attempting to stop container services.
2022-07-02 07:21:55,012 [Listener at 127.0.0.1/42659] INFO  server.RaftServer (RaftServerProxy.java:lambda$close$7(398)) - 9e85b174-a55c-4b71-8ba9-5ac009f49f1a: close
2022-07-02 07:21:55,012 [Listener at 127.0.0.1/42659] INFO  server.RaftServer$Division (RaftServerImpl.java:lambda$close$4(434)) - 9e85b174-a55c-4b71-8ba9-5ac009f49f1a@group-A0235C2E9160: shutdown
2022-07-02 07:21:55,012 [Listener at 127.0.0.1/42659] INFO  util.JmxRegister (JmxRegister.java:unregister(73)) - Successfully un-registered JMX Bean with object name Ratis:service=RaftServer,group=group-A0235C2E9160,id=9e85b174-a55c-4b71-8ba9-5ac009f49f1a
2022-07-02 07:21:55,013 [Listener at 127.0.0.1/42659] INFO  impl.RoleInfo (RoleInfo.java:shutdownLeaderState(93)) - 9e85b174-a55c-4b71-8ba9-5ac009f49f1a: shutdown 9e85b174-a55c-4b71-8ba9-5ac009f49f1a@group-A0235C2E9160-LeaderStateImpl
2022-07-02 07:21:55,013 [Listener at 127.0.0.1/42659] INFO  impl.PendingRequests (PendingRequests.java:sendNotLeaderResponses(282)) - 9e85b174-a55c-4b71-8ba9-5ac009f49f1a@group-A0235C2E9160-PendingRequests: sendNotLeaderResponses
2022-07-02 07:21:55,014 [9e85b174-a55c-4b71-8ba9-5ac009f49f1a@group-A0235C2E9160-StateMachineUpdater] INFO  ratis.ContainerStateMachine (ContainerStateMachine.java:takeSnapshot(304)) - group-A0235C2E9160: Taking a snapshot at:(t:1, i:0) file /home/runner/work/ozone/ozone/hadoop-ozone/integration-test/target/test-dir/MiniOzoneClusterImpl-774acf0e-96fd-4c7a-8fa4-f3d3d576173c/datanode-3/data/ratis/c4e31b57-d8e3-4275-8c84-a0235c2e9160/sm/snapshot.1_0
2022-07-02 07:21:55,015 [Listener at 127.0.0.1/42659] INFO  impl.StateMachineUpdater (StateMachineUpdater.java:stopAndJoin(153)) - 9e85b174-a55c-4b71-8ba9-5ac009f49f1a@group-A0235C2E9160-StateMachineUpdater: set stopIndex = 0
2022-07-02 07:21:55,021 [9e85b174-a55c-4b71-8ba9-5ac009f49f1a@group-A0235C2E9160-StateMachineUpdater] INFO  ratis.ContainerStateMachine (ContainerStateMachine.java:takeSnapshot(315)) - group-A0235C2E9160: Finished taking a snapshot at:(t:1, i:0) file:/home/runner/work/ozone/ozone/hadoop-ozone/integration-test/target/test-dir/MiniOzoneClusterImpl-774acf0e-96fd-4c7a-8fa4-f3d3d576173c/datanode-3/data/ratis/c4e31b57-d8e3-4275-8c84-a0235c2e9160/sm/snapshot.1_0 took: 7 ms
2022-07-02 07:21:55,021 [9e85b174-a55c-4b71-8ba9-5ac009f49f1a@group-A0235C2E9160-StateMachineUpdater] INFO  impl.StateMachineUpdater (StateMachineUpdater.java:takeSnapshot(287)) - 9e85b174-a55c-4b71-8ba9-5ac009f49f1a@group-A0235C2E9160-StateMachineUpdater: Took a snapshot at index 0
2022-07-02 07:21:55,021 [9e85b174-a55c-4b71-8ba9-5ac009f49f1a@group-A0235C2E9160-StateMachineUpdater] INFO  impl.StateMachineUpdater (StateMachineUpdater.java:lambda$new$0(92)) - 9e85b174-a55c-4b71-8ba9-5ac009f49f1a@group-A0235C2E9160-StateMachineUpdater: snapshotIndex: updateIncreasingly -1 -> 0
2022-07-02 07:21:55,021 [Listener at 127.0.0.1/42659] INFO  server.RaftServer$Division (ServerState.java:close(429)) - 9e85b174-a55c-4b71-8ba9-5ac009f49f1a@group-A0235C2E9160: closes. applyIndex: 0
2022-07-02 07:21:55,022 [9e85b174-a55c-4b71-8ba9-5ac009f49f1a@group-A0235C2E9160-SegmentedRaftLogWorker] INFO  segmented.SegmentedRaftLogWorker (SegmentedRaftLogWorker.java:run(336)) - 9e85b174-a55c-4b71-8ba9-5ac009f49f1a@group-A0235C2E9160-SegmentedRaftLogWorker was interrupted, exiting. There are 0 tasks remaining in the queue.
2022-07-02 07:21:55,022 [Listener at 127.0.0.1/42659] INFO  segmented.SegmentedRaftLogWorker (SegmentedRaftLogWorker.java:close(246)) - 9e85b174-a55c-4b71-8ba9-5ac009f49f1a@group-A0235C2E9160-SegmentedRaftLogWorker close()
2022-07-02 07:21:55,022 [Listener at 127.0.0.1/42659] INFO  server.GrpcService (GrpcService.java:closeImpl(269)) - 9e85b174-a55c-4b71-8ba9-5ac009f49f1a: shutdown server with port 41643 now
2022-07-02 07:21:55,023 [Listener at 127.0.0.1/42659] INFO  server.GrpcService (GrpcService.java:closeImpl(278)) - 9e85b174-a55c-4b71-8ba9-5ac009f49f1a: shutdown server with port 41643 successfully
2022-07-02 07:21:55,024 [org.apache.ratis.util.JvmPauseMonitor$$Lambda$611/1072797734@23d4d1b0] INFO  util.JvmPauseMonitor (JvmPauseMonitor.java:run(109)) - JvmPauseMonitor-9e85b174-a55c-4b71-8ba9-5ac009f49f1a: Stopped
2022-07-02 07:21:57,079 [Listener at 127.0.0.1/42659] INFO  utils.BackgroundService (BackgroundService.java:shutdown(132)) - Shutting down service BlockDeletingService
2022-07-02 07:22:00,085 [Listener at 127.0.0.1/42659] INFO  statemachine.DatanodeStateMachine (DatanodeStateMachine.java:stopDaemon(580)) - Ozone container server stopped.
2022-07-02 07:22:00,117 [Listener at 127.0.0.1/42659] INFO  handler.ContextHandler (ContextHandler.java:doStop(1153)) - Stopped o.e.j.w.WebAppContext@7ca80b3d{hddsDatanode,/,null,STOPPED}{jar:file:/home/runner/.m2/repository/org/apache/ozone/hdds-container-service/1.3.0-SNAPSHOT/hdds-container-service-1.3.0-SNAPSHOT.jar!/webapps/hddsDatanode}
2022-07-02 07:22:00,132 [Listener at 127.0.0.1/42659] INFO  server.AbstractConnector (AbstractConnector.java:doStop(381)) - Stopped ServerConnector@5140f549{HTTP/1.1, (http/1.1)}{0.0.0.0:0}
2022-07-02 07:22:00,132 [Listener at 127.0.0.1/42659] INFO  server.session (HouseKeeper.java:stopScavenging(149)) - node0 Stopped scavenging
2022-07-02 07:22:00,134 [Listener at 127.0.0.1/42659] INFO  handler.ContextHandler (ContextHandler.java:doStop(1153)) - Stopped o.e.j.s.ServletContextHandler@658a2b99{static,/static,jar:file:/home/runner/.m2/repository/org/apache/ozone/hdds-container-service/1.3.0-SNAPSHOT/hdds-container-service-1.3.0-SNAPSHOT.jar!/webapps/static,STOPPED}
2022-07-02 07:22:00,134 [Listener at 127.0.0.1/42659] INFO  handler.ContextHandler (ContextHandler.java:doStop(1153)) - Stopped o.e.j.s.ServletContextHandler@64664211{logs,/logs,file:///home/runner/work/ozone/ozone/hadoop-ozone/integration-test/target/log,STOPPED}
2022-07-02 07:22:00,152 [Listener at 127.0.0.1/42659] INFO  ozone.MiniOzoneClusterImpl (MiniOzoneClusterImpl.java:stopSCM(549)) - Stopping the StorageContainerManager
2022-07-02 07:22:00,153 [Listener at 127.0.0.1/42659] INFO  server.StorageContainerManager (StorageContainerManager.java:stop(1514)) - Container Balancer is not running.
2022-07-02 07:22:00,153 [Listener at 127.0.0.1/42659] INFO  server.StorageContainerManager (StorageContainerManager.java:stop(1521)) - Stopping Replication Manager Service.
2022-07-02 07:22:00,153 [Listener at 127.0.0.1/42659] INFO  replication.ReplicationManager (ReplicationManager.java:stop(212)) - Stopping Replication Monitor Thread.
2022-07-02 07:22:00,153 [ReplicationMonitor] INFO  replication.ReplicationManager (ReplicationManager.java:run(322)) - Replication Monitor Thread is stopped
2022-07-02 07:22:00,153 [Listener at 127.0.0.1/42659] INFO  server.StorageContainerManager (StorageContainerManager.java:stop(1528)) - Stopping the Datanode Admin Monitor.
2022-07-02 07:22:00,154 [Listener at 127.0.0.1/42659] INFO  server.StorageContainerManager (StorageContainerManager.java:stop(1535)) - Stopping Lease Manager of the command watchers
2022-07-02 07:22:00,154 [Listener at 127.0.0.1/42659] INFO  server.StorageContainerManager (StorageContainerManager.java:stop(1542)) - Stopping datanode service RPC server
2022-07-02 07:22:00,154 [Listener at 127.0.0.1/42659] INFO  server.SCMDatanodeProtocolServer (SCMDatanodeProtocolServer.java:stop(408)) - Stopping the RPC server for DataNodes
2022-07-02 07:22:00,154 [Listener at 127.0.0.1/42659] INFO  ipc.Server (Server.java:stop(3414)) - Stopping server on 39029
2022-07-02 07:22:00,156 [IPC Server listener on 0] INFO  ipc.Server (Server.java:run(1376)) - Stopping IPC Server listener on 0
2022-07-02 07:22:00,194 [IPC Server Responder] INFO  ipc.Server (Server.java:run(1512)) - Stopping IPC Server Responder
2022-07-02 07:22:00,208 [SCM Heartbeat Processing Thread - 0] WARN  node.NodeStateManager (NodeStateManager.java:scheduleNextHealthCheck(870)) - Current Thread is interrupted, shutting down HB processing thread for Node Manager.
2022-07-02 07:22:00,208 [Listener at 127.0.0.1/42659] INFO  server.StorageContainerManager (StorageContainerManager.java:stop(1550)) - Stopping block service RPC server
2022-07-02 07:22:00,208 [Listener at 127.0.0.1/42659] INFO  server.SCMBlockProtocolServer (SCMBlockProtocolServer.java:stop(160)) - Stopping the RPC server for Block Protocol
2022-07-02 07:22:00,208 [Listener at 127.0.0.1/42659] INFO  ipc.Server (Server.java:stop(3414)) - Stopping server on 42335
2022-07-02 07:22:00,211 [IPC Server Responder] INFO  ipc.Server (Server.java:run(1512)) - Stopping IPC Server Responder
2022-07-02 07:22:00,211 [Listener at 127.0.0.1/42659] INFO  server.StorageContainerManager (StorageContainerManager.java:stop(1557)) - Stopping the StorageContainerLocationProtocol RPC server
2022-07-02 07:22:00,211 [Listener at 127.0.0.1/42659] INFO  server.SCMClientProtocolServer (SCMClientProtocolServer.java:stop(178)) - Stopping the RPC server for Client Protocol
2022-07-02 07:22:00,211 [Listener at 127.0.0.1/42659] INFO  ipc.Server (Server.java:stop(3414)) - Stopping server on 41629
2022-07-02 07:22:00,213 [IPC Server listener on 0] INFO  ipc.Server (Server.java:run(1376)) - Stopping IPC Server listener on 0
2022-07-02 07:22:00,233 [IPC Server Responder] INFO  ipc.Server (Server.java:run(1512)) - Stopping IPC Server Responder
2022-07-02 07:22:00,233 [Listener at 127.0.0.1/42659] INFO  server.StorageContainerManager (StorageContainerManager.java:stop(1564)) - Stopping Storage Container Manager HTTP server.
2022-07-02 07:22:00,234 [Listener at 127.0.0.1/42659] INFO  handler.ContextHandler (ContextHandler.java:doStop(1153)) - Stopped o.e.j.w.WebAppContext@27f3f223{scm,/,null,STOPPED}{file:/home/runner/work/ozone/ozone/hadoop-ozone/integration-test/target/test-classes/webapps/scm}
2022-07-02 07:22:00,234 [IPC Server listener on 0] INFO  ipc.Server (Server.java:run(1376)) - Stopping IPC Server listener on 0
2022-07-02 07:22:00,235 [Listener at 127.0.0.1/42659] INFO  server.AbstractConnector (AbstractConnector.java:doStop(381)) - Stopped ServerConnector@3c62a22b{HTTP/1.1, (http/1.1)}{0.0.0.0:0}
2022-07-02 07:22:00,235 [Listener at 127.0.0.1/42659] INFO  server.session (HouseKeeper.java:stopScavenging(149)) - node0 Stopped scavenging
2022-07-02 07:22:00,235 [Listener at 127.0.0.1/42659] INFO  handler.ContextHandler (ContextHandler.java:doStop(1153)) - Stopped o.e.j.s.ServletContextHandler@2612a922{static,/static,file:///home/runner/work/ozone/ozone/hadoop-ozone/integration-test/target/test-classes/webapps/static,STOPPED}
2022-07-02 07:22:00,235 [Listener at 127.0.0.1/42659] INFO  handler.ContextHandler (ContextHandler.java:doStop(1153)) - Stopped o.e.j.s.ServletContextHandler@fdd1e25{logs,/logs,file:///home/runner/work/ozone/ozone/hadoop-ozone/integration-test/target/log,STOPPED}
2022-07-02 07:22:00,238 [Listener at 127.0.0.1/42659] INFO  server.StorageContainerManager (StorageContainerManager.java:stop(1575)) - Stopping Block Manager Service.
2022-07-02 07:22:00,239 [Listener at 127.0.0.1/42659] INFO  utils.BackgroundService (BackgroundService.java:shutdown(132)) - Shutting down service SCMBlockDeletingService
2022-07-02 07:22:00,244 [Listener at 127.0.0.1/42659] INFO  utils.BackgroundService (BackgroundService.java:shutdown(132)) - Shutting down service SCMBlockDeletingService
2022-07-02 07:22:00,244 [Listener at 127.0.0.1/42659] INFO  server.StorageContainerManager (StorageContainerManager.java:stop(1602)) - Stopping SCM Event Queue.
2022-07-02 07:22:00,246 [Listener at 127.0.0.1/42659] INFO  server.StorageContainerManager (StorageContainerManager.java:stop(1613)) - Stopping SCM HA services.
2022-07-02 07:22:00,246 [Listener at 127.0.0.1/42659] INFO  pipeline.BackgroundPipelineCreator (BackgroundPipelineCreator.java:stop(152)) - Stopping RatisPipelineUtilsThread.
2022-07-02 07:22:00,247 [RatisPipelineUtilsThread - 0] WARN  pipeline.BackgroundPipelineCreator (BackgroundPipelineCreator.java:run(179)) - RatisPipelineUtilsThread is interrupted.
2022-07-02 07:22:00,247 [BackgroundPipelineScrubberThread] WARN  BackgroundPipelineScrubber (BackgroundSCMService.java:run(110)) - BackgroundPipelineScrubber is interrupted, exit
2022-07-02 07:22:00,247 [Listener at 127.0.0.1/42659] INFO  BackgroundPipelineScrubber (BackgroundSCMService.java:stop(126)) - Stopping BackgroundPipelineScrubber Service.
2022-07-02 07:22:00,247 [Listener at 127.0.0.1/42659] INFO  server.StorageContainerManager (StorageContainerManager.java:stop(1623)) - Stopping SCM MetadataStore.
2022-07-02 07:22:00,249 [Listener at 127.0.0.1/42659] INFO  impl.MetricsSystemImpl (MetricsSystemImpl.java:stop(210)) - Stopping HddsDatanode metrics system...
2022-07-02 07:22:00,342 [prometheus] INFO  impl.MetricsSinkAdapter (MetricsSinkAdapter.java:publishMetricsFromQueue(141)) - prometheus thread interrupted.
2022-07-02 07:22:00,342 [Listener at 127.0.0.1/42659] INFO  impl.MetricsSystemImpl (MetricsSystemImpl.java:stop(216)) - HddsDatanode metrics system stopped.
2022-07-02 07:22:00,630 [Listener at 127.0.0.1/42659] WARN  server.ServerUtils (ServerUtils.java:getScmDbDir(148)) - ozone.scm.db.dirs is not configured. We recommend adding this setting. Falling back to ozone.metadata.dirs instead.
2022-07-02 07:22:00,648 [Listener at 127.0.0.1/42659] WARN  server.ServerUtils (ServerUtils.java:getScmDbDir(148)) - ozone.scm.db.dirs is not configured. We recommend adding this setting. Falling back to ozone.metadata.dirs instead.
2022-07-02 07:22:00,649 [Listener at 127.0.0.1/42659] INFO  ha.SCMHANodeDetails (SCMHANodeDetails.java:loadSCMHAConfig(209)) - ServiceID for StorageContainerManager is null
2022-07-02 07:22:00,649 [Listener at 127.0.0.1/42659] INFO  ha.SCMHANodeDetails (SCMHANodeDetails.java:loadSCMHAConfig(214)) - ozone.scm.default.service.id is not defined, falling back to ozone.scm.service.ids to find serviceID for StorageContainerManager if it is HA enabled cluster
2022-07-02 07:22:00,649 [Listener at 127.0.0.1/42659] WARN  utils.HAUtils (HAUtils.java:getMetaDir(342)) - ozone.scm.db.dirs is not configured. We recommend adding this setting. Falling back to ozone.metadata.dirs instead.
2022-07-02 07:22:00,650 [Listener at 127.0.0.1/42659] WARN  db.DBStoreBuilder (DBStoreBuilder.java:applyDBDefinition(145)) - ozone.scm.db.dirs is not configured. We recommend adding this setting. Falling back to ozone.metadata.dirs instead.
2022-07-02 07:22:01,042 [Listener at 127.0.0.1/42659] INFO  net.NodeSchemaLoader (NodeSchemaLoader.java:loadSchemaFromFile(129)) - Loading schema from [jar:file:/home/runner/.m2/repository/org/apache/ozone/hdds-common/1.3.0-SNAPSHOT/hdds-common-1.3.0-SNAPSHOT.jar!/network-topology-default.xml]
2022-07-02 07:22:01,042 [Listener at 127.0.0.1/42659] INFO  net.NodeSchemaLoader (NodeSchemaLoader.java:loadSchema(176)) - Loading network topology layer schema file
2022-07-02 07:22:01,045 [Listener at 127.0.0.1/42659] WARN  impl.MetricRegistriesImpl (MetricRegistriesImpl.java:addReporterRegistration(111)) - New reporters are added after registries were created. Some metrics will be missing from the reporter. Please add reporter before adding any new registry.
2022-07-02 07:22:01,045 [Listener at 127.0.0.1/42659] WARN  impl.MetricRegistriesImpl (MetricRegistriesImpl.java:addReporterRegistration(111)) - New reporters are added after registries were created. Some metrics will be missing from the reporter. Please add reporter before adding any new registry.
2022-07-02 07:22:01,045 [Listener at 127.0.0.1/42659] INFO  upgrade.AbstractLayoutVersionManager (AbstractLayoutVersionManager.java:init(82)) - Initializing Layout version manager with metadata layout = DATANODE_SCHEMA_V3 (version = 4), software layout = DATANODE_SCHEMA_V3 (version = 4)
2022-07-02 07:22:01,231 [Listener at 127.0.0.1/42659] INFO  reflections.Reflections (Reflections.java:scan(232)) - Reflections took 184 ms to scan 7 urls, producing 132 keys and 317 values 
2022-07-02 07:22:01,265 [Listener at 127.0.0.1/42659] INFO  ha.SequenceIdGenerator (SequenceIdGenerator.java:upgradeToSequenceId(347)) - upgrade localId to 109611004723200000
2022-07-02 07:22:01,265 [Listener at 127.0.0.1/42659] INFO  ha.SequenceIdGenerator (SequenceIdGenerator.java:upgradeToSequenceId(357)) - upgrade delTxnId to 0
2022-07-02 07:22:01,266 [Listener at 127.0.0.1/42659] INFO  ha.SequenceIdGenerator (SequenceIdGenerator.java:upgradeToSequenceId(374)) - upgrade containerId to 0
2022-07-02 07:22:01,266 [Listener at 127.0.0.1/42659] INFO  ha.SequenceIdGenerator (SequenceIdGenerator.java:<init>(218)) - Init the HA SequenceIdGenerator.
2022-07-02 07:22:01,266 [Listener at 127.0.0.1/42659] WARN  server.ServerUtils (ServerUtils.java:sanitizeUserArgs(73)) - ozone.scm.stale.node.interval value = 300000 is larger than max = 100000 based on the key value of ozone.scm.heartbeat.thread.interval, reset to the max value 100000.
2022-07-02 07:22:01,266 [Listener at 127.0.0.1/42659] WARN  server.ServerUtils (ServerUtils.java:sanitizeUserArgs(73)) - ozone.scm.stale.node.interval value = 300000 is larger than max = 100000 based on the key value of ozone.scm.heartbeat.thread.interval, reset to the max value 100000.
2022-07-02 07:22:01,284 [Listener at 127.0.0.1/42659] INFO  node.SCMNodeManager (SCMNodeManager.java:<init>(149)) - Entering startup safe mode.
2022-07-02 07:22:01,285 [Listener at 127.0.0.1/42659] INFO  algorithms.ContainerPlacementPolicyFactory (ContainerPlacementPolicyFactory.java:getPolicyInternal(86)) - Create container placement policy of type org.apache.hadoop.hdds.scm.container.placement.algorithms.SCMContainerPlacementRandom
2022-07-02 07:22:01,285 [Listener at 127.0.0.1/42659] INFO  pipeline.PipelineStateManagerImpl (PipelineStateManagerImpl.java:initialize(78)) - No pipeline exists in current db
2022-07-02 07:22:01,285 [Listener at 127.0.0.1/42659] INFO  algorithms.LeaderChoosePolicyFactory (LeaderChoosePolicyFactory.java:getPolicy(57)) - Create leader choose policy of type org.apache.hadoop.hdds.scm.pipeline.leader.choose.algorithms.MinLeaderCountChoosePolicy
2022-07-02 07:22:01,285 [Listener at 127.0.0.1/42659] INFO  algorithms.ContainerPlacementPolicyFactory (ContainerPlacementPolicyFactory.java:getPolicyInternal(86)) - Create container placement policy of type org.apache.hadoop.hdds.scm.container.placement.algorithms.SCMContainerPlacementRackScatter
2022-07-02 07:22:01,286 [Listener at 127.0.0.1/42659] INFO  pipeline.BackgroundPipelineCreator (BackgroundPipelineCreator.java:start(127)) - Starting RatisPipelineUtilsThread.
2022-07-02 07:22:01,296 [Listener at 127.0.0.1/42659] INFO  BackgroundPipelineScrubber (BackgroundSCMService.java:start(68)) - Starting BackgroundPipelineScrubber Service.
2022-07-02 07:22:01,320 [Listener at 127.0.0.1/42659] INFO  ha.SCMServiceManager (SCMServiceManager.java:register(42)) - Registering service BackgroundPipelineCreator.
2022-07-02 07:22:01,320 [Listener at 127.0.0.1/42659] INFO  ha.SCMServiceManager (SCMServiceManager.java:register(42)) - Registering service BackgroundPipelineScrubber.
2022-07-02 07:22:01,320 [Listener at 127.0.0.1/42659] INFO  ExpiredContainerReplicaOpScrubber (BackgroundSCMService.java:start(68)) - Starting ExpiredContainerReplicaOpScrubber Service.
2022-07-02 07:22:01,320 [Listener at 127.0.0.1/42659] INFO  ha.SCMServiceManager (SCMServiceManager.java:register(42)) - Registering service ExpiredContainerReplicaOpScrubber.
2022-07-02 07:22:01,321 [Listener at 127.0.0.1/42659] INFO  algorithms.PipelineChoosePolicyFactory (PipelineChoosePolicyFactory.java:createPipelineChoosePolicyFromClass(73)) - Create pipeline choose policy of type org.apache.hadoop.hdds.scm.pipeline.choose.algorithms.RandomPipelineChoosePolicy
2022-07-02 07:22:01,322 [Listener at 127.0.0.1/42659] INFO  ha.SCMServiceManager (SCMServiceManager.java:register(42)) - Registering service SCMBlockDeletingService.
2022-07-02 07:22:01,322 [Listener at 127.0.0.1/42659] INFO  replication.ReplicationManager (ReplicationManager.java:start(179)) - Starting Replication Monitor Thread.
2022-07-02 07:22:01,332 [Listener at 127.0.0.1/42659] INFO  ha.SCMServiceManager (SCMServiceManager.java:register(42)) - Registering service ReplicationManager.
2022-07-02 07:22:01,332 [Listener at 127.0.0.1/42659] INFO  safemode.ContainerSafeModeRule (ContainerSafeModeRule.java:<init>(89)) - containers with one replica threshold count 0
2022-07-02 07:22:01,333 [Listener at 127.0.0.1/42659] INFO  safemode.HealthyPipelineSafeModeRule (HealthyPipelineSafeModeRule.java:initializeRule(156)) - Total pipeline count is 0, healthy pipeline threshold count is 1
2022-07-02 07:22:01,333 [Listener at 127.0.0.1/42659] INFO  safemode.OneReplicaPipelineSafeModeRule (OneReplicaPipelineSafeModeRule.java:initializeRule(180)) - Total pipeline count is 0, pipeline's with at least one datanode reported threshold count is 0
2022-07-02 07:22:01,368 [Listener at 127.0.0.1/42659] INFO  ipc.CallQueueManager (CallQueueManager.java:<init>(90)) - Using callQueue: class java.util.concurrent.LinkedBlockingQueue, queueCapacity: 2000, scheduler: class org.apache.hadoop.ipc.DefaultRpcScheduler, ipcBackoff: false.
2022-07-02 07:22:01,370 [Socket Reader #1 for port 0] INFO  ipc.Server (Server.java:run(1265)) - Starting Socket Reader #1 for port 0
2022-07-02 07:22:01,372 [Listener at 0.0.0.0/40587] INFO  ipc.CallQueueManager (CallQueueManager.java:<init>(90)) - Using callQueue: class java.util.concurrent.LinkedBlockingQueue, queueCapacity: 2000, scheduler: class org.apache.hadoop.ipc.DefaultRpcScheduler, ipcBackoff: false.
2022-07-02 07:22:01,376 [Socket Reader #1 for port 0] INFO  ipc.Server (Server.java:run(1265)) - Starting Socket Reader #1 for port 0
2022-07-02 07:22:01,380 [Listener at 0.0.0.0/41987] INFO  ipc.CallQueueManager (CallQueueManager.java:<init>(90)) - Using callQueue: class java.util.concurrent.LinkedBlockingQueue, queueCapacity: 2000, scheduler: class org.apache.hadoop.ipc.DefaultRpcScheduler, ipcBackoff: false.
2022-07-02 07:22:01,381 [Socket Reader #1 for port 0] INFO  ipc.Server (Server.java:run(1265)) - Starting Socket Reader #1 for port 0
2022-07-02 07:22:01,409 [ReplicationMonitor] INFO  replication.ReplicationManager (ReplicationManager.java:processAll(228)) - Replication Manager is not ready to run until 3000ms after safemode exit
2022-07-02 07:22:01,451 [Listener at 0.0.0.0/40635] INFO  ha.SCMServiceManager (SCMServiceManager.java:register(42)) - Registering service ContainerBalancer.
2022-07-02 07:22:01,459 [Listener at 0.0.0.0/40635] INFO  server.StorageContainerManager (StorageContainerManager.java:<init>(401)) - 
Container Balancer status:
Key                            Value
Running                        false
Container Balancer Configuration values:
Key                                                Value
Threshold                                          10
Max Datanodes to Involve per Iteration(percent)    20
Max Size to Move per Iteration                     500GB
Max Size Entering Target per Iteration             26GB
Max Size Leaving Source per Iteration              26GB

2022-07-02 07:22:01,460 [Listener at 0.0.0.0/40635] WARN  events.EventQueue (EventQueue.java:fireEvent(216)) - No event handler registered for event TypedEvent{payloadType=SafeModeStatus, name='Safe mode status'}
2022-07-02 07:22:01,460 [Listener at 0.0.0.0/40635] INFO  ha.SCMContext (SCMContext.java:updateSafeModeStatus(228)) - Update SafeModeStatus from SafeModeStatus{safeModeStatus=true, preCheckPassed=false} to SafeModeStatus{safeModeStatus=true, preCheckPassed=false}.
2022-07-02 07:22:01,469 [Listener at 0.0.0.0/40635] INFO  server.StorageContainerManager (StorageContainerManager.java:start(1422)) - StorageContainerLocationProtocol RPC server is listening at /0.0.0.0:40635
2022-07-02 07:22:01,471 [Listener at 0.0.0.0/40635] WARN  impl.MetricsConfig (MetricsConfig.java:loadFirst(136)) - Cannot locate configuration: tried hadoop-metrics2-storagecontainermanager.properties,hadoop-metrics2.properties
2022-07-02 07:22:01,495 [Listener at 0.0.0.0/40635] INFO  impl.MetricsSystemImpl (MetricsSystemImpl.java:startTimer(378)) - Scheduled Metric snapshot period at 10 second(s).
2022-07-02 07:22:01,495 [Listener at 0.0.0.0/40635] INFO  impl.MetricsSystemImpl (MetricsSystemImpl.java:start(191)) - StorageContainerManager metrics system started
2022-07-02 07:22:01,568 [Listener at 0.0.0.0/40635] INFO  impl.MetricsSinkAdapter (MetricsSinkAdapter.java:start(204)) - Sink prometheus started
2022-07-02 07:22:01,568 [Listener at 0.0.0.0/40635] INFO  impl.MetricsSystemImpl (MetricsSystemImpl.java:registerSink(305)) - Registered sink prometheus
2022-07-02 07:22:01,685 [Listener at 0.0.0.0/40635] INFO  server.SCMClientProtocolServer (SCMClientProtocolServer.java:start(169)) - RPC server for Client  is listening at /0.0.0.0:40635
2022-07-02 07:22:01,700 [IPC Server Responder] INFO  ipc.Server (Server.java:run(1507)) - IPC Server Responder: starting
2022-07-02 07:22:01,700 [IPC Server listener on 0] INFO  ipc.Server (Server.java:run(1344)) - IPC Server listener on 0: starting
2022-07-02 07:22:01,841 [Listener at 0.0.0.0/40635] INFO  server.StorageContainerManager (StorageContainerManager.java:start(1437)) - ScmBlockLocationProtocol RPC server is listening at /0.0.0.0:41987
2022-07-02 07:22:01,842 [Listener at 0.0.0.0/40635] INFO  server.SCMBlockProtocolServer (SCMBlockProtocolServer.java:start(151)) - RPC server for Block Protocol is listening at /0.0.0.0:41987
2022-07-02 07:22:01,842 [IPC Server Responder] INFO  ipc.Server (Server.java:run(1507)) - IPC Server Responder: starting
2022-07-02 07:22:01,842 [IPC Server listener on 0] INFO  ipc.Server (Server.java:run(1344)) - IPC Server listener on 0: starting
2022-07-02 07:22:01,844 [Listener at 0.0.0.0/40635] INFO  server.SCMDatanodeProtocolServer (SCMDatanodeProtocolServer.java:start(185)) - ScmDatanodeProtocol RPC server for DataNodes is listening at /0.0.0.0:40587
2022-07-02 07:22:01,853 [IPC Server Responder] INFO  ipc.Server (Server.java:run(1507)) - IPC Server Responder: starting
2022-07-02 07:22:01,865 [IPC Server listener on 0] INFO  ipc.Server (Server.java:run(1344)) - IPC Server listener on 0: starting
2022-07-02 07:22:01,948 [Listener at 0.0.0.0/40635] INFO  http.BaseHttpServer (BaseHttpServer.java:newHttpServer2BuilderForOzone(209)) - Starting Web-server for scm at: http://0.0.0.0:0
2022-07-02 07:22:01,948 [org.apache.hadoop.util.JvmPauseMonitor$Monitor@3544563b] INFO  util.JvmPauseMonitor (JvmPauseMonitor.java:run(188)) - Starting JVM pause monitor
2022-07-02 07:22:01,948 [Listener at 0.0.0.0/40635] INFO  http.BaseHttpServer (BaseHttpServer.java:<init>(107)) - Hadoop Security Enabled: false Ozone Security Enabled: false Ozone HTTP Security Enabled: false 
2022-07-02 07:22:01,950 [Listener at 0.0.0.0/40635] INFO  server.AuthenticationFilter (AuthenticationFilter.java:constructSecretProvider(240)) - Unable to initialize FileSignerSecretProvider, falling back to use random secrets.
2022-07-02 07:22:01,968 [Listener at 0.0.0.0/40635] WARN  http.HttpRequestLog (HttpRequestLog.java:getRequestLog(103)) - Jetty request log can only be enabled using Log4j
2022-07-02 07:22:01,989 [Listener at 0.0.0.0/40635] INFO  http.HttpServer2 (HttpServer2.java:addGlobalFilter(1029)) - Added global filter 'safety' (class=org.apache.hadoop.hdds.server.http.HttpServer2$QuotingInputFilter)
2022-07-02 07:22:01,990 [Listener at 0.0.0.0/40635] INFO  http.HttpServer2 (HttpServer2.java:addFilter(1005)) - Added filter static_user_filter (class=org.apache.hadoop.http.lib.StaticUserWebFilter$StaticUserFilter) to context scm
2022-07-02 07:22:01,990 [Listener at 0.0.0.0/40635] INFO  http.HttpServer2 (HttpServer2.java:addFilter(1013)) - Added filter static_user_filter (class=org.apache.hadoop.http.lib.StaticUserWebFilter$StaticUserFilter) to context logs
2022-07-02 07:22:01,990 [Listener at 0.0.0.0/40635] INFO  http.HttpServer2 (HttpServer2.java:addFilter(1013)) - Added filter static_user_filter (class=org.apache.hadoop.http.lib.StaticUserWebFilter$StaticUserFilter) to context static
2022-07-02 07:22:01,991 [Listener at 0.0.0.0/40635] INFO  http.HttpServer2 (HttpServer2.java:bindListener(1248)) - Jetty bound to port 35173
2022-07-02 07:22:01,991 [Listener at 0.0.0.0/40635] INFO  server.Server (Server.java:doStart(375)) - jetty-9.4.43.v20210629; built: 2021-06-30T11:07:22.254Z; git: 526006ecfa3af7f1a27ef3a288e2bef7ea9dd7e8; jvm 1.8.0_332-b09
2022-07-02 07:22:01,995 [Listener at 0.0.0.0/40635] INFO  server.session (DefaultSessionIdManager.java:doStart(334)) - DefaultSessionIdManager workerName=node0
2022-07-02 07:22:01,995 [Listener at 0.0.0.0/40635] INFO  server.session (DefaultSessionIdManager.java:doStart(339)) - No SessionScavenger set, using defaults
2022-07-02 07:22:01,995 [Listener at 0.0.0.0/40635] INFO  server.session (HouseKeeper.java:startScavenging(132)) - node0 Scavenging every 600000ms
2022-07-02 07:22:01,996 [Listener at 0.0.0.0/40635] INFO  handler.ContextHandler (ContextHandler.java:doStart(915)) - Started o.e.j.s.ServletContextHandler@6f24f833{logs,/logs,file:///home/runner/work/ozone/ozone/hadoop-ozone/integration-test/target/log,AVAILABLE}
2022-07-02 07:22:01,996 [Listener at 0.0.0.0/40635] INFO  handler.ContextHandler (ContextHandler.java:doStart(915)) - Started o.e.j.s.ServletContextHandler@5ff6a65a{static,/static,file:///home/runner/work/ozone/ozone/hadoop-ozone/integration-test/target/test-classes/webapps/static,AVAILABLE}
2022-07-02 07:22:02,007 [Listener at 0.0.0.0/40635] INFO  handler.ContextHandler (ContextHandler.java:doStart(915)) - Started o.e.j.w.WebAppContext@1baa65c8{scm,/,file:///home/runner/work/ozone/ozone/hadoop-ozone/integration-test/target/test-classes/webapps/scm/,AVAILABLE}{file:/home/runner/work/ozone/ozone/hadoop-ozone/integration-test/target/test-classes/webapps/scm}
2022-07-02 07:22:02,018 [Listener at 0.0.0.0/40635] INFO  server.AbstractConnector (AbstractConnector.java:doStart(331)) - Started ServerConnector@5dde9c5d{HTTP/1.1, (http/1.1)}{0.0.0.0:35173}
2022-07-02 07:22:02,019 [Listener at 0.0.0.0/40635] INFO  server.Server (Server.java:doStart(415)) - Started @148629ms
2022-07-02 07:22:02,019 [Listener at 0.0.0.0/40635] WARN  impl.MetricsSystemImpl (MetricsSystemImpl.java:register(279)) - Sink prometheus already exists!
2022-07-02 07:22:02,020 [Listener at 0.0.0.0/40635] INFO  http.BaseHttpServer (BaseHttpServer.java:updateConnectorAddress(329)) - HTTP server of scm listening at http://0.0.0.0:35173
2022-07-02 07:22:02,020 [Listener at 0.0.0.0/40635] WARN  server.ServerUtils (ServerUtils.java:getDBPath(225)) - ozone.om.db.dirs is not configured. We recommend adding this setting. Falling back to ozone.metadata.dirs instead.
2022-07-02 07:22:02,022 [Listener at 0.0.0.0/40635] INFO  ha.OMHANodeDetails (OMHANodeDetails.java:loadOMHAConfig(115)) - ozone.om.internal.service.id is not defined, falling back to ozone.om.service.ids to find serviceID for OzoneManager if it is HA enabled cluster
2022-07-02 07:22:02,022 [Listener at 0.0.0.0/40635] INFO  ha.OMHANodeDetails (OMHANodeDetails.java:loadOMHAConfig(226)) - Configuration does not have ozone.om.address set. Falling back to the default OM address /127.0.0.1:0
2022-07-02 07:22:02,022 [Listener at 0.0.0.0/40635] INFO  ha.OMHANodeDetails (OMHANodeDetails.java:getOMNodeDetailsForNonHA(254)) - OM Service ID is not set. Setting it to the default ID: omServiceIdDefault
2022-07-02 07:22:02,022 [Listener at 0.0.0.0/40635] INFO  ha.OMHANodeDetails (OMHANodeDetails.java:getOMNodeDetailsForNonHA(261)) - OM Node ID is not set. Setting it to the default ID: om1
2022-07-02 07:22:02,023 [Listener at 0.0.0.0/40635] WARN  server.ServerUtils (ServerUtils.java:getDBPath(225)) - ozone.om.db.dirs is not configured. We recommend adding this setting. Falling back to ozone.metadata.dirs instead.
2022-07-02 07:22:02,023 [Listener at 0.0.0.0/40635] INFO  upgrade.AbstractLayoutVersionManager (AbstractLayoutVersionManager.java:init(82)) - Initializing Layout version manager with metadata layout = MULTITENANCY_SCHEMA (version = 3), software layout = MULTITENANCY_SCHEMA (version = 3)
2022-07-02 07:22:02,251 [Listener at 0.0.0.0/40635] INFO  reflections.Reflections (Reflections.java:scan(232)) - Reflections took 227 ms to scan 2 urls, producing 153 keys and 430 values [using 2 cores]
2022-07-02 07:22:02,251 [Listener at 0.0.0.0/40635] INFO  upgrade.OMLayoutVersionManager (OMLayoutVersionManager.java:lambda$0(115)) - Skipping Upgrade Action MockOmUpgradeAction since it has been finalized.
2022-07-02 07:22:02,251 [Listener at 0.0.0.0/40635] WARN  server.ServerUtils (ServerUtils.java:getDBPath(225)) - ozone.om.db.dirs is not configured. We recommend adding this setting. Falling back to ozone.metadata.dirs instead.
2022-07-02 07:22:02,253 [Listener at 0.0.0.0/40635] INFO  proxy.SCMBlockLocationFailoverProxyProvider (SCMBlockLocationFailoverProxyProvider.java:<init>(114)) - Created block location fail-over proxy with 1 nodes: [nodeId=scmNodeId,nodeAddress=/0.0.0.0:41987]
2022-07-02 07:22:02,254 [Listener at 0.0.0.0/40635] INFO  proxy.SCMBlockLocationFailoverProxyProvider (SCMBlockLocationFailoverProxyProvider.java:<init>(114)) - Created block location fail-over proxy with 1 nodes: [nodeId=scmNodeId,nodeAddress=/0.0.0.0:41987]
2022-07-02 07:22:02,277 [Listener at 0.0.0.0/40635] WARN  server.ServerUtils (ServerUtils.java:getDBPath(225)) - ozone.om.db.dirs is not configured. We recommend adding this setting. Falling back to ozone.metadata.dirs instead.
2022-07-02 07:22:02,278 [Listener at 0.0.0.0/40635] INFO  codec.OmKeyInfoCodec (OmKeyInfoCodec.java:<init>(49)) - OmKeyInfoCodec ignorePipeline = true
2022-07-02 07:22:02,278 [Listener at 0.0.0.0/40635] INFO  codec.RepeatedOmKeyInfoCodec (RepeatedOmKeyInfoCodec.java:<init>(41)) - RepeatedOmKeyInfoCodec ignorePipeline = true
2022-07-02 07:22:02,781 [Listener at 0.0.0.0/40635] INFO  om.OzoneManager (OzoneManager.java:instantiateServices(692)) - S3 Multi-Tenancy is disabled
2022-07-02 07:22:02,781 [Listener at 0.0.0.0/40635] INFO  om.OzoneManager (OzoneManager.java:addS3GVolumeToDB(4259)) - Created Volume s3v With Owner runner required for S3Gateway operations.
2022-07-02 07:22:02,782 [Listener at 0.0.0.0/40635] INFO  om.OzoneManager (OzoneManager.java:getRpcServer(1081)) - Creating RPC Server
2022-07-02 07:22:04,104 [Listener at 0.0.0.0/40635] INFO  reflections.Reflections (Reflections.java:scan(232)) - Reflections took 1320 ms to scan 19 urls, producing 66 keys and 4088 values [using 2 cores]
2022-07-02 07:22:04,105 [Listener at 0.0.0.0/40635] INFO  ipc.CallQueueManager (CallQueueManager.java:<init>(90)) - Using callQueue: class java.util.concurrent.LinkedBlockingQueue, queueCapacity: 2000, scheduler: class org.apache.hadoop.ipc.DefaultRpcScheduler, ipcBackoff: false.
2022-07-02 07:22:04,123 [Socket Reader #1 for port 0] INFO  ipc.Server (Server.java:run(1265)) - Starting Socket Reader #1 for port 0
2022-07-02 07:22:04,257 [Listener at 127.0.0.1/38347] INFO  impl.MetricsSystemImpl (MetricsSystemImpl.java:init(158)) - OzoneManager metrics system started (again)
2022-07-02 07:22:04,345 [Listener at 127.0.0.1/38347] INFO  om.OzoneManager (OzoneManager.java:start(1465)) - OzoneManager RPC server is listening at localhost/127.0.0.1:38347
2022-07-02 07:22:04,345 [Listener at 127.0.0.1/38347] INFO  om.OzoneManager (OzoneManager.java:start(1481)) - Version File has different layout version (3) than OM DB (null). That is expected if this OM has never been finalized to a newer layout version.
2022-07-02 07:22:04,691 [Listener at 127.0.0.1/38347] INFO  http.BaseHttpServer (BaseHttpServer.java:newHttpServer2BuilderForOzone(209)) - Starting Web-server for ozoneManager at: http://0.0.0.0:0
2022-07-02 07:22:04,691 [Listener at 127.0.0.1/38347] INFO  http.BaseHttpServer (BaseHttpServer.java:<init>(107)) - Hadoop Security Enabled: false Ozone Security Enabled: false Ozone HTTP Security Enabled: false 
2022-07-02 07:22:04,693 [Listener at 127.0.0.1/38347] INFO  server.AuthenticationFilter (AuthenticationFilter.java:constructSecretProvider(240)) - Unable to initialize FileSignerSecretProvider, falling back to use random secrets.
2022-07-02 07:22:04,734 [Listener at 127.0.0.1/38347] WARN  http.HttpRequestLog (HttpRequestLog.java:getRequestLog(103)) - Jetty request log can only be enabled using Log4j
2022-07-02 07:22:04,736 [Listener at 127.0.0.1/38347] INFO  http.HttpServer2 (HttpServer2.java:addGlobalFilter(1029)) - Added global filter 'safety' (class=org.apache.hadoop.hdds.server.http.HttpServer2$QuotingInputFilter)
2022-07-02 07:22:04,737 [Listener at 127.0.0.1/38347] INFO  http.HttpServer2 (HttpServer2.java:addFilter(1005)) - Added filter static_user_filter (class=org.apache.hadoop.http.lib.StaticUserWebFilter$StaticUserFilter) to context ozoneManager
2022-07-02 07:22:04,737 [Listener at 127.0.0.1/38347] INFO  http.HttpServer2 (HttpServer2.java:addFilter(1013)) - Added filter static_user_filter (class=org.apache.hadoop.http.lib.StaticUserWebFilter$StaticUserFilter) to context logs
2022-07-02 07:22:04,737 [Listener at 127.0.0.1/38347] INFO  http.HttpServer2 (HttpServer2.java:addFilter(1013)) - Added filter static_user_filter (class=org.apache.hadoop.http.lib.StaticUserWebFilter$StaticUserFilter) to context static
2022-07-02 07:22:04,759 [Listener at 127.0.0.1/38347] INFO  http.HttpServer2 (HttpServer2.java:bindListener(1248)) - Jetty bound to port 34003
2022-07-02 07:22:04,759 [Listener at 127.0.0.1/38347] INFO  server.Server (Server.java:doStart(375)) - jetty-9.4.43.v20210629; built: 2021-06-30T11:07:22.254Z; git: 526006ecfa3af7f1a27ef3a288e2bef7ea9dd7e8; jvm 1.8.0_332-b09
2022-07-02 07:22:04,771 [Listener at 127.0.0.1/38347] INFO  server.session (DefaultSessionIdManager.java:doStart(334)) - DefaultSessionIdManager workerName=node0
2022-07-02 07:22:04,771 [Listener at 127.0.0.1/38347] INFO  server.session (DefaultSessionIdManager.java:doStart(339)) - No SessionScavenger set, using defaults
2022-07-02 07:22:04,771 [Listener at 127.0.0.1/38347] INFO  server.session (HouseKeeper.java:startScavenging(132)) - node0 Scavenging every 600000ms
2022-07-02 07:22:04,773 [Listener at 127.0.0.1/38347] INFO  handler.ContextHandler (ContextHandler.java:doStart(915)) - Started o.e.j.s.ServletContextHandler@114ec5cf{logs,/logs,file:///home/runner/work/ozone/ozone/hadoop-ozone/integration-test/target/log,AVAILABLE}
2022-07-02 07:22:04,773 [Listener at 127.0.0.1/38347] INFO  handler.ContextHandler (ContextHandler.java:doStart(915)) - Started o.e.j.s.ServletContextHandler@310c1bad{static,/static,file:///home/runner/work/ozone/ozone/hadoop-ozone/integration-test/target/test-classes/webapps/static,AVAILABLE}
2022-07-02 07:22:04,787 [Listener at 127.0.0.1/38347] INFO  handler.ContextHandler (ContextHandler.java:doStart(915)) - Started o.e.j.w.WebAppContext@7cb7004{ozoneManager,/,file:///home/runner/work/ozone/ozone/hadoop-ozone/integration-test/target/test-classes/webapps/ozoneManager/,AVAILABLE}{file:/home/runner/work/ozone/ozone/hadoop-ozone/integration-test/target/test-classes/webapps/ozoneManager}
2022-07-02 07:22:04,809 [Listener at 127.0.0.1/38347] INFO  server.AbstractConnector (AbstractConnector.java:doStart(331)) - Started ServerConnector@4447188d{HTTP/1.1, (http/1.1)}{0.0.0.0:34003}
2022-07-02 07:22:04,810 [Listener at 127.0.0.1/38347] INFO  server.Server (Server.java:doStart(415)) - Started @151419ms
2022-07-02 07:22:04,810 [Listener at 127.0.0.1/38347] WARN  impl.MetricsSystemImpl (MetricsSystemImpl.java:register(279)) - Sink prometheus already exists!
2022-07-02 07:22:04,810 [Listener at 127.0.0.1/38347] INFO  http.BaseHttpServer (BaseHttpServer.java:updateConnectorAddress(329)) - HTTP server of ozoneManager listening at http://0.0.0.0:34003
2022-07-02 07:22:04,814 [IPC Server Responder] INFO  ipc.Server (Server.java:run(1507)) - IPC Server Responder: starting
2022-07-02 07:22:04,828 [IPC Server listener on 0] INFO  ipc.Server (Server.java:run(1344)) - IPC Server listener on 0: starting
2022-07-02 07:22:05,048 [Listener at 127.0.0.1/38347] INFO  om.TrashPolicyOzone (TrashPolicyOzone.java:<init>(178)) - Ozone Manager trash configuration: Deletion interval = 0 minutes, Emptier interval = 0 minutes.
2022-07-02 07:22:05,088 [org.apache.hadoop.util.JvmPauseMonitor$Monitor@2858d94d] INFO  util.JvmPauseMonitor (JvmPauseMonitor.java:run(188)) - Starting JVM pause monitor
2022-07-02 07:22:05,111 [Listener at 127.0.0.1/38347] WARN  impl.MetricRegistriesImpl (MetricRegistriesImpl.java:addReporterRegistration(111)) - New reporters are added after registries were created. Some metrics will be missing from the reporter. Please add reporter before adding any new registry.
2022-07-02 07:22:05,111 [Listener at 127.0.0.1/38347] WARN  impl.MetricRegistriesImpl (MetricRegistriesImpl.java:addReporterRegistration(111)) - New reporters are added after registries were created. Some metrics will be missing from the reporter. Please add reporter before adding any new registry.
2022-07-02 07:22:05,111 [Listener at 127.0.0.1/38347] INFO  impl.MetricsSystemImpl (MetricsSystemImpl.java:init(158)) - HddsDatanode metrics system started (again)
2022-07-02 07:22:05,204 [Listener at 127.0.0.1/38347] INFO  ozone.HddsDatanodeService (HddsDatanodeService.java:start(236)) - HddsDatanodeService host:fv-az444-838.dthhdds2jluu1c0oa55ndv1hsg.dx.internal.cloudapp.net ip:10.1.0.20
2022-07-02 07:22:05,261 [Listener at 127.0.0.1/38347] INFO  upgrade.AbstractLayoutVersionManager (AbstractLayoutVersionManager.java:init(82)) - Initializing Layout version manager with metadata layout = DATANODE_SCHEMA_V3 (version = 4), software layout = DATANODE_SCHEMA_V3 (version = 4)
2022-07-02 07:22:05,507 [Listener at 127.0.0.1/38347] INFO  reflections.Reflections (Reflections.java:scan(232)) - Reflections took 244 ms to scan 7 urls, producing 132 keys and 317 values 
2022-07-02 07:22:05,513 [Listener at 127.0.0.1/38347] INFO  statemachine.DatanodeStateMachine (DatanodeStateMachine.java:getEndPointTaskThreadPoolSize(237)) - Datanode State Machine Task Thread Pool size 2
2022-07-02 07:22:05,515 [Listener at 127.0.0.1/38347] INFO  volume.HddsVolume (HddsVolume.java:<init>(116)) - Creating HddsVolume: /home/runner/work/ozone/ozone/hadoop-ozone/integration-test/target/test-dir/MiniOzoneClusterImpl-2091899c-1ec3-4d3e-95df-d9e62105ac7a/datanode-0/data-0/containers/hdds of storage type : DISK capacity : 9223372036854775807
2022-07-02 07:22:05,515 [Listener at 127.0.0.1/38347] INFO  volume.MutableVolumeSet (MutableVolumeSet.java:initializeVolumeSet(174)) - Added Volume : /home/runner/work/ozone/ozone/hadoop-ozone/integration-test/target/test-dir/MiniOzoneClusterImpl-2091899c-1ec3-4d3e-95df-d9e62105ac7a/datanode-0/data-0/containers/hdds to VolumeSet
2022-07-02 07:22:05,515 [Listener at 127.0.0.1/38347] INFO  volume.ThrottledAsyncChecker (ThrottledAsyncChecker.java:schedule(141)) - Scheduling a check for /home/runner/work/ozone/ozone/hadoop-ozone/integration-test/target/test-dir/MiniOzoneClusterImpl-2091899c-1ec3-4d3e-95df-d9e62105ac7a/datanode-0/data-0/containers/hdds
2022-07-02 07:22:05,516 [Listener at 127.0.0.1/38347] INFO  volume.StorageVolumeChecker (StorageVolumeChecker.java:checkAllVolumes(202)) - Scheduled health check for volume /home/runner/work/ozone/ozone/hadoop-ozone/integration-test/target/test-dir/MiniOzoneClusterImpl-2091899c-1ec3-4d3e-95df-d9e62105ac7a/datanode-0/data-0/containers/hdds
2022-07-02 07:22:05,575 [Listener at 127.0.0.1/38347] INFO  volume.MutableVolumeSet (MutableVolumeSet.java:initializeVolumeSet(174)) - Added Volume : /home/runner/work/ozone/ozone/hadoop-ozone/integration-test/target/test-dir/MiniOzoneClusterImpl-2091899c-1ec3-4d3e-95df-d9e62105ac7a/datanode-0/data/ratis to VolumeSet
2022-07-02 07:22:05,575 [Listener at 127.0.0.1/38347] INFO  volume.ThrottledAsyncChecker (ThrottledAsyncChecker.java:schedule(141)) - Scheduling a check for /home/runner/work/ozone/ozone/hadoop-ozone/integration-test/target/test-dir/MiniOzoneClusterImpl-2091899c-1ec3-4d3e-95df-d9e62105ac7a/datanode-0/data/ratis
2022-07-02 07:22:05,575 [Listener at 127.0.0.1/38347] INFO  volume.StorageVolumeChecker (StorageVolumeChecker.java:checkAllVolumes(202)) - Scheduled health check for volume /home/runner/work/ozone/ozone/hadoop-ozone/integration-test/target/test-dir/MiniOzoneClusterImpl-2091899c-1ec3-4d3e-95df-d9e62105ac7a/datanode-0/data/ratis
2022-07-02 07:22:05,620 [Thread-1100] INFO  ozoneimpl.ContainerReader (ContainerReader.java:readVolume(172)) - Finish verifying containers on volume /home/runner/work/ozone/ozone/hadoop-ozone/integration-test/target/test-dir/MiniOzoneClusterImpl-2091899c-1ec3-4d3e-95df-d9e62105ac7a/datanode-0/data-0/containers/hdds
2022-07-02 07:22:05,620 [Listener at 127.0.0.1/38347] INFO  ozoneimpl.OzoneContainer (OzoneContainer.java:buildContainerSet(266)) - Build ContainerSet costs 0s
2022-07-02 07:22:05,622 [Listener at 127.0.0.1/38347] INFO  server.RaftServer (ConfUtils.java:logGet(46)) - raft.rpc.type = GRPC (default)
2022-07-02 07:22:05,623 [Listener at 127.0.0.1/38347] INFO  grpc.GrpcFactory (GrpcFactory.java:checkPooledByteBufAllocatorUseCacheForAllThreads(48)) - PERFORMANCE WARNING: useCacheForAllThreads is true that may cause Netty to create a lot garbage objects and, as a result, trigger GC.
	It is recommended to disable useCacheForAllThreads by setting -Dorg.apache.ratis.thirdparty.io.netty.allocator.useCacheForAllThreads=false in command line.
2022-07-02 07:22:05,623 [Listener at 127.0.0.1/38347] INFO  grpc.GrpcConfigKeys (ConfUtils.java:logGet(46)) - raft.grpc.admin.port = 0 (custom)
2022-07-02 07:22:05,623 [Listener at 127.0.0.1/38347] INFO  grpc.GrpcConfigKeys (ConfUtils.java:logGet(46)) - raft.grpc.client.port = 0 (custom)
2022-07-02 07:22:05,623 [Listener at 127.0.0.1/38347] INFO  grpc.GrpcConfigKeys (ConfUtils.java:logGet(46)) - raft.grpc.server.port = 0 (default)
2022-07-02 07:22:05,623 [Listener at 127.0.0.1/38347] INFO  server.GrpcService (ConfUtils.java:logGet(46)) - raft.grpc.message.size.max = 32MB (=33554432) (custom)
2022-07-02 07:22:05,623 [Listener at 127.0.0.1/38347] INFO  server.RaftServerConfigKeys (ConfUtils.java:logGet(46)) - raft.server.log.appender.buffer.byte-limit = 33554432 (custom)
2022-07-02 07:22:05,623 [Listener at 127.0.0.1/38347] INFO  server.GrpcService (ConfUtils.java:logGet(46)) - raft.grpc.flow.control.window = 5MB (=5242880) (custom)
2022-07-02 07:22:05,624 [Listener at 127.0.0.1/38347] INFO  server.RaftServerConfigKeys (ConfUtils.java:logGet(46)) - raft.server.rpc.request.timeout = 60s (custom)
2022-07-02 07:22:05,624 [Listener at 127.0.0.1/38347] INFO  grpc.GrpcConfigKeys (ConfUtils.java:logGet(46)) - raft.grpc.server.async.request.thread.pool.cached = true (default)
2022-07-02 07:22:05,624 [Listener at 127.0.0.1/38347] INFO  grpc.GrpcConfigKeys (ConfUtils.java:logGet(46)) - raft.grpc.server.async.request.thread.pool.size = 32 (default)
2022-07-02 07:22:05,625 [Listener at 127.0.0.1/38347] INFO  impl.DataStreamServerImpl (ConfUtils.java:logGet(46)) - raft.datastream.type = DISABLED (default)
2022-07-02 07:22:05,625 [Listener at 127.0.0.1/38347] INFO  server.RaftServerConfigKeys (ConfUtils.java:logGet(46)) - raft.server.threadpool.proxy.cached = true (default)
2022-07-02 07:22:05,625 [Listener at 127.0.0.1/38347] INFO  server.RaftServerConfigKeys (ConfUtils.java:logGet(46)) - raft.server.threadpool.proxy.size = 0 (default)
2022-07-02 07:22:05,626 [Listener at 127.0.0.1/38347] INFO  server.RaftServerConfigKeys (ConfUtils.java:logGet(46)) - raft.server.rpc.slowness.timeout = 300s (custom)
2022-07-02 07:22:05,626 [Listener at 127.0.0.1/38347] INFO  server.RaftServerConfigKeys (ConfUtils.java:logGet(46)) - raft.server.leaderelection.leader.step-down.wait-time = 10s (default)
2022-07-02 07:22:05,626 [Listener at 127.0.0.1/38347] INFO  server.RaftServerConfigKeys (ConfUtils.java:logGet(46)) - raft.server.storage.dir = [/home/runner/work/ozone/ozone/hadoop-ozone/integration-test/target/test-dir/MiniOzoneClusterImpl-2091899c-1ec3-4d3e-95df-d9e62105ac7a/datanode-0/data/ratis] (custom)
2022-07-02 07:22:05,669 [Listener at 127.0.0.1/38347] INFO  server.XceiverServerGrpc (XceiverServerGrpc.java:<init>(132)) - GrpcServer channel type EpollServerSocketChannel
2022-07-02 07:22:05,673 [Listener at 127.0.0.1/38347] INFO  http.BaseHttpServer (BaseHttpServer.java:newHttpServer2BuilderForOzone(209)) - Starting Web-server for hddsDatanode at: http://0.0.0.0:0
2022-07-02 07:22:05,674 [Listener at 127.0.0.1/38347] INFO  http.BaseHttpServer (BaseHttpServer.java:<init>(107)) - Hadoop Security Enabled: false Ozone Security Enabled: false Ozone HTTP Security Enabled: false 
2022-07-02 07:22:05,675 [Listener at 127.0.0.1/38347] INFO  server.AuthenticationFilter (AuthenticationFilter.java:constructSecretProvider(240)) - Unable to initialize FileSignerSecretProvider, falling back to use random secrets.
2022-07-02 07:22:05,680 [Listener at 127.0.0.1/38347] WARN  http.HttpRequestLog (HttpRequestLog.java:getRequestLog(103)) - Jetty request log can only be enabled using Log4j
2022-07-02 07:22:05,681 [Listener at 127.0.0.1/38347] INFO  http.HttpServer2 (HttpServer2.java:addGlobalFilter(1029)) - Added global filter 'safety' (class=org.apache.hadoop.hdds.server.http.HttpServer2$QuotingInputFilter)
2022-07-02 07:22:05,684 [Listener at 127.0.0.1/38347] INFO  http.HttpServer2 (HttpServer2.java:addFilter(1005)) - Added filter static_user_filter (class=org.apache.hadoop.http.lib.StaticUserWebFilter$StaticUserFilter) to context hddsDatanode
2022-07-02 07:22:05,720 [Listener at 127.0.0.1/38347] INFO  http.HttpServer2 (HttpServer2.java:addFilter(1013)) - Added filter static_user_filter (class=org.apache.hadoop.http.lib.StaticUserWebFilter$StaticUserFilter) to context static
2022-07-02 07:22:05,720 [Listener at 127.0.0.1/38347] INFO  http.HttpServer2 (HttpServer2.java:addFilter(1013)) - Added filter static_user_filter (class=org.apache.hadoop.http.lib.StaticUserWebFilter$StaticUserFilter) to context logs
2022-07-02 07:22:05,721 [Listener at 127.0.0.1/38347] INFO  http.HttpServer2 (HttpServer2.java:bindListener(1248)) - Jetty bound to port 41375
2022-07-02 07:22:05,721 [Listener at 127.0.0.1/38347] INFO  server.Server (Server.java:doStart(375)) - jetty-9.4.43.v20210629; built: 2021-06-30T11:07:22.254Z; git: 526006ecfa3af7f1a27ef3a288e2bef7ea9dd7e8; jvm 1.8.0_332-b09
2022-07-02 07:22:05,731 [Listener at 127.0.0.1/38347] INFO  server.session (DefaultSessionIdManager.java:doStart(334)) - DefaultSessionIdManager workerName=node0
2022-07-02 07:22:05,731 [Listener at 127.0.0.1/38347] INFO  server.session (DefaultSessionIdManager.java:doStart(339)) - No SessionScavenger set, using defaults
2022-07-02 07:22:05,731 [Listener at 127.0.0.1/38347] INFO  server.session (HouseKeeper.java:startScavenging(132)) - node0 Scavenging every 600000ms
2022-07-02 07:22:05,732 [Listener at 127.0.0.1/38347] INFO  handler.ContextHandler (ContextHandler.java:doStart(915)) - Started o.e.j.s.ServletContextHandler@715171a4{logs,/logs,file:///home/runner/work/ozone/ozone/hadoop-ozone/integration-test/target/log,AVAILABLE}
2022-07-02 07:22:05,732 [Listener at 127.0.0.1/38347] INFO  handler.ContextHandler (ContextHandler.java:doStart(915)) - Started o.e.j.s.ServletContextHandler@35897518{static,/static,jar:file:/home/runner/.m2/repository/org/apache/ozone/hdds-container-service/1.3.0-SNAPSHOT/hdds-container-service-1.3.0-SNAPSHOT.jar!/webapps/static,AVAILABLE}
2022-07-02 07:22:06,330 [Listener at 127.0.0.1/38347] INFO  handler.ContextHandler (ContextHandler.java:doStart(915)) - Started o.e.j.w.WebAppContext@73dedaf3{hddsDatanode,/,file:///tmp/jetty-0_0_0_0-41375-hdds-container-service-1_3_0-SNAPSHOT_jar-_-any-3074635529272894638/webapp/,AVAILABLE}{jar:file:/home/runner/.m2/repository/org/apache/ozone/hdds-container-service/1.3.0-SNAPSHOT/hdds-container-service-1.3.0-SNAPSHOT.jar!/webapps/hddsDatanode}
2022-07-02 07:22:06,344 [Listener at 127.0.0.1/38347] INFO  server.AbstractConnector (AbstractConnector.java:doStart(331)) - Started ServerConnector@15587fd6{HTTP/1.1, (http/1.1)}{0.0.0.0:41375}
2022-07-02 07:22:06,347 [Listener at 127.0.0.1/38347] INFO  server.Server (Server.java:doStart(415)) - Started @152957ms
2022-07-02 07:22:06,347 [Listener at 127.0.0.1/38347] WARN  impl.MetricsSystemImpl (MetricsSystemImpl.java:register(279)) - Sink prometheus already exists!
2022-07-02 07:22:06,348 [Listener at 127.0.0.1/38347] INFO  http.BaseHttpServer (BaseHttpServer.java:updateConnectorAddress(329)) - HTTP server of hddsDatanode listening at http://0.0.0.0:41375
2022-07-02 07:22:06,355 [Listener at 127.0.0.1/38347] WARN  impl.MetricRegistriesImpl (MetricRegistriesImpl.java:addReporterRegistration(111)) - New reporters are added after registries were created. Some metrics will be missing from the reporter. Please add reporter before adding any new registry.
2022-07-02 07:22:06,356 [Listener at 127.0.0.1/38347] WARN  impl.MetricRegistriesImpl (MetricRegistriesImpl.java:addReporterRegistration(111)) - New reporters are added after registries were created. Some metrics will be missing from the reporter. Please add reporter before adding any new registry.
2022-07-02 07:22:06,356 [Listener at 127.0.0.1/38347] INFO  impl.MetricsSystemImpl (MetricsSystemImpl.java:init(158)) - HddsDatanode metrics system started (again)
2022-07-02 07:22:06,363 [Datanode State Machine Daemon Thread] INFO  statemachine.DatanodeStateMachine (DatanodeStateMachine.java:lambda$startDaemon$0(492)) - Ozone container server started.
2022-07-02 07:22:06,432 [Listener at 127.0.0.1/38347] INFO  ozone.HddsDatanodeService (HddsDatanodeService.java:start(236)) - HddsDatanodeService host:fv-az444-838.dthhdds2jluu1c0oa55ndv1hsg.dx.internal.cloudapp.net ip:10.1.0.20
2022-07-02 07:22:06,466 [org.apache.hadoop.util.JvmPauseMonitor$Monitor@5b01253c] INFO  util.JvmPauseMonitor (JvmPauseMonitor.java:run(188)) - Starting JVM pause monitor
2022-07-02 07:22:06,471 [Datanode State Machine Task Thread - 0] INFO  datanode.InitDatanodeState (InitDatanodeState.java:persistContainerDatanodeDetails(138)) - DatanodeDetails is persisted to /home/runner/work/ozone/ozone/hadoop-ozone/integration-test/target/test-dir/MiniOzoneClusterImpl-2091899c-1ec3-4d3e-95df-d9e62105ac7a/datanode-0/meta/datanode.id
2022-07-02 07:22:06,479 [Listener at 127.0.0.1/38347] INFO  upgrade.AbstractLayoutVersionManager (AbstractLayoutVersionManager.java:init(82)) - Initializing Layout version manager with metadata layout = DATANODE_SCHEMA_V3 (version = 4), software layout = DATANODE_SCHEMA_V3 (version = 4)
2022-07-02 07:22:06,746 [Listener at 127.0.0.1/38347] INFO  reflections.Reflections (Reflections.java:scan(232)) - Reflections took 259 ms to scan 7 urls, producing 132 keys and 317 values 
2022-07-02 07:22:06,756 [Listener at 127.0.0.1/38347] INFO  statemachine.DatanodeStateMachine (DatanodeStateMachine.java:getEndPointTaskThreadPoolSize(237)) - Datanode State Machine Task Thread Pool size 2
2022-07-02 07:22:06,775 [Listener at 127.0.0.1/38347] INFO  volume.HddsVolume (HddsVolume.java:<init>(116)) - Creating HddsVolume: /home/runner/work/ozone/ozone/hadoop-ozone/integration-test/target/test-dir/MiniOzoneClusterImpl-2091899c-1ec3-4d3e-95df-d9e62105ac7a/datanode-1/data-0/containers/hdds of storage type : DISK capacity : 9223372036854775807
2022-07-02 07:22:06,775 [Listener at 127.0.0.1/38347] INFO  volume.MutableVolumeSet (MutableVolumeSet.java:initializeVolumeSet(174)) - Added Volume : /home/runner/work/ozone/ozone/hadoop-ozone/integration-test/target/test-dir/MiniOzoneClusterImpl-2091899c-1ec3-4d3e-95df-d9e62105ac7a/datanode-1/data-0/containers/hdds to VolumeSet
2022-07-02 07:22:06,776 [Listener at 127.0.0.1/38347] INFO  volume.ThrottledAsyncChecker (ThrottledAsyncChecker.java:schedule(141)) - Scheduling a check for /home/runner/work/ozone/ozone/hadoop-ozone/integration-test/target/test-dir/MiniOzoneClusterImpl-2091899c-1ec3-4d3e-95df-d9e62105ac7a/datanode-1/data-0/containers/hdds
2022-07-02 07:22:06,825 [Listener at 127.0.0.1/38347] INFO  volume.StorageVolumeChecker (StorageVolumeChecker.java:checkAllVolumes(202)) - Scheduled health check for volume /home/runner/work/ozone/ozone/hadoop-ozone/integration-test/target/test-dir/MiniOzoneClusterImpl-2091899c-1ec3-4d3e-95df-d9e62105ac7a/datanode-1/data-0/containers/hdds
2022-07-02 07:22:06,859 [Listener at 127.0.0.1/38347] INFO  volume.MutableVolumeSet (MutableVolumeSet.java:initializeVolumeSet(174)) - Added Volume : /home/runner/work/ozone/ozone/hadoop-ozone/integration-test/target/test-dir/MiniOzoneClusterImpl-2091899c-1ec3-4d3e-95df-d9e62105ac7a/datanode-1/data/ratis to VolumeSet
2022-07-02 07:22:06,859 [Listener at 127.0.0.1/38347] INFO  volume.ThrottledAsyncChecker (ThrottledAsyncChecker.java:schedule(141)) - Scheduling a check for /home/runner/work/ozone/ozone/hadoop-ozone/integration-test/target/test-dir/MiniOzoneClusterImpl-2091899c-1ec3-4d3e-95df-d9e62105ac7a/datanode-1/data/ratis
2022-07-02 07:22:06,868 [Listener at 127.0.0.1/38347] INFO  volume.StorageVolumeChecker (StorageVolumeChecker.java:checkAllVolumes(202)) - Scheduled health check for volume /home/runner/work/ozone/ozone/hadoop-ozone/integration-test/target/test-dir/MiniOzoneClusterImpl-2091899c-1ec3-4d3e-95df-d9e62105ac7a/datanode-1/data/ratis
2022-07-02 07:22:06,940 [Thread-1113] INFO  ozoneimpl.ContainerReader (ContainerReader.java:readVolume(172)) - Finish verifying containers on volume /home/runner/work/ozone/ozone/hadoop-ozone/integration-test/target/test-dir/MiniOzoneClusterImpl-2091899c-1ec3-4d3e-95df-d9e62105ac7a/datanode-1/data-0/containers/hdds
2022-07-02 07:22:06,940 [Listener at 127.0.0.1/38347] INFO  ozoneimpl.OzoneContainer (OzoneContainer.java:buildContainerSet(266)) - Build ContainerSet costs 0s
2022-07-02 07:22:06,942 [Listener at 127.0.0.1/38347] INFO  server.RaftServer (ConfUtils.java:logGet(46)) - raft.rpc.type = GRPC (default)
2022-07-02 07:22:06,943 [Listener at 127.0.0.1/38347] INFO  grpc.GrpcFactory (GrpcFactory.java:checkPooledByteBufAllocatorUseCacheForAllThreads(48)) - PERFORMANCE WARNING: useCacheForAllThreads is true that may cause Netty to create a lot garbage objects and, as a result, trigger GC.
	It is recommended to disable useCacheForAllThreads by setting -Dorg.apache.ratis.thirdparty.io.netty.allocator.useCacheForAllThreads=false in command line.
2022-07-02 07:22:06,943 [Listener at 127.0.0.1/38347] INFO  grpc.GrpcConfigKeys (ConfUtils.java:logGet(46)) - raft.grpc.admin.port = 0 (custom)
2022-07-02 07:22:06,943 [Listener at 127.0.0.1/38347] INFO  grpc.GrpcConfigKeys (ConfUtils.java:logGet(46)) - raft.grpc.client.port = 0 (custom)
2022-07-02 07:22:06,943 [Listener at 127.0.0.1/38347] INFO  grpc.GrpcConfigKeys (ConfUtils.java:logGet(46)) - raft.grpc.server.port = 0 (default)
2022-07-02 07:22:06,943 [Listener at 127.0.0.1/38347] INFO  server.GrpcService (ConfUtils.java:logGet(46)) - raft.grpc.message.size.max = 32MB (=33554432) (custom)
2022-07-02 07:22:06,943 [Listener at 127.0.0.1/38347] INFO  server.RaftServerConfigKeys (ConfUtils.java:logGet(46)) - raft.server.log.appender.buffer.byte-limit = 33554432 (custom)
2022-07-02 07:22:06,943 [Listener at 127.0.0.1/38347] INFO  server.GrpcService (ConfUtils.java:logGet(46)) - raft.grpc.flow.control.window = 5MB (=5242880) (custom)
2022-07-02 07:22:06,944 [Listener at 127.0.0.1/38347] INFO  server.RaftServerConfigKeys (ConfUtils.java:logGet(46)) - raft.server.rpc.request.timeout = 60s (custom)
2022-07-02 07:22:06,944 [Listener at 127.0.0.1/38347] INFO  grpc.GrpcConfigKeys (ConfUtils.java:logGet(46)) - raft.grpc.server.async.request.thread.pool.cached = true (default)
2022-07-02 07:22:06,944 [Listener at 127.0.0.1/38347] INFO  grpc.GrpcConfigKeys (ConfUtils.java:logGet(46)) - raft.grpc.server.async.request.thread.pool.size = 32 (default)
2022-07-02 07:22:06,945 [Listener at 127.0.0.1/38347] INFO  impl.DataStreamServerImpl (ConfUtils.java:logGet(46)) - raft.datastream.type = DISABLED (default)
2022-07-02 07:22:06,945 [Listener at 127.0.0.1/38347] INFO  server.RaftServerConfigKeys (ConfUtils.java:logGet(46)) - raft.server.threadpool.proxy.cached = true (default)
2022-07-02 07:22:06,945 [Listener at 127.0.0.1/38347] INFO  server.RaftServerConfigKeys (ConfUtils.java:logGet(46)) - raft.server.threadpool.proxy.size = 0 (default)
2022-07-02 07:22:06,945 [Listener at 127.0.0.1/38347] INFO  server.RaftServerConfigKeys (ConfUtils.java:logGet(46)) - raft.server.rpc.slowness.timeout = 300s (custom)
2022-07-02 07:22:06,946 [Listener at 127.0.0.1/38347] INFO  server.RaftServerConfigKeys (ConfUtils.java:logGet(46)) - raft.server.leaderelection.leader.step-down.wait-time = 10s (default)
2022-07-02 07:22:06,946 [Listener at 127.0.0.1/38347] INFO  server.RaftServerConfigKeys (ConfUtils.java:logGet(46)) - raft.server.storage.dir = [/home/runner/work/ozone/ozone/hadoop-ozone/integration-test/target/test-dir/MiniOzoneClusterImpl-2091899c-1ec3-4d3e-95df-d9e62105ac7a/datanode-1/data/ratis] (custom)
2022-07-02 07:22:06,961 [Listener at 127.0.0.1/38347] INFO  server.XceiverServerGrpc (XceiverServerGrpc.java:<init>(132)) - GrpcServer channel type EpollServerSocketChannel
2022-07-02 07:22:06,993 [Listener at 127.0.0.1/38347] INFO  http.BaseHttpServer (BaseHttpServer.java:newHttpServer2BuilderForOzone(209)) - Starting Web-server for hddsDatanode at: http://0.0.0.0:0
2022-07-02 07:22:06,993 [Listener at 127.0.0.1/38347] INFO  http.BaseHttpServer (BaseHttpServer.java:<init>(107)) - Hadoop Security Enabled: false Ozone Security Enabled: false Ozone HTTP Security Enabled: false 
2022-07-02 07:22:06,994 [Listener at 127.0.0.1/38347] INFO  server.AuthenticationFilter (AuthenticationFilter.java:constructSecretProvider(240)) - Unable to initialize FileSignerSecretProvider, falling back to use random secrets.
2022-07-02 07:22:07,024 [Listener at 127.0.0.1/38347] WARN  http.HttpRequestLog (HttpRequestLog.java:getRequestLog(103)) - Jetty request log can only be enabled using Log4j
2022-07-02 07:22:07,028 [Listener at 127.0.0.1/38347] INFO  http.HttpServer2 (HttpServer2.java:addGlobalFilter(1029)) - Added global filter 'safety' (class=org.apache.hadoop.hdds.server.http.HttpServer2$QuotingInputFilter)
2022-07-02 07:22:07,028 [Listener at 127.0.0.1/38347] INFO  http.HttpServer2 (HttpServer2.java:addFilter(1005)) - Added filter static_user_filter (class=org.apache.hadoop.http.lib.StaticUserWebFilter$StaticUserFilter) to context hddsDatanode
2022-07-02 07:22:07,029 [Listener at 127.0.0.1/38347] INFO  http.HttpServer2 (HttpServer2.java:addFilter(1013)) - Added filter static_user_filter (class=org.apache.hadoop.http.lib.StaticUserWebFilter$StaticUserFilter) to context static
2022-07-02 07:22:07,029 [Listener at 127.0.0.1/38347] INFO  http.HttpServer2 (HttpServer2.java:addFilter(1013)) - Added filter static_user_filter (class=org.apache.hadoop.http.lib.StaticUserWebFilter$StaticUserFilter) to context logs
2022-07-02 07:22:07,029 [Listener at 127.0.0.1/38347] INFO  http.HttpServer2 (HttpServer2.java:bindListener(1248)) - Jetty bound to port 46465
2022-07-02 07:22:07,029 [Listener at 127.0.0.1/38347] INFO  server.Server (Server.java:doStart(375)) - jetty-9.4.43.v20210629; built: 2021-06-30T11:07:22.254Z; git: 526006ecfa3af7f1a27ef3a288e2bef7ea9dd7e8; jvm 1.8.0_332-b09
2022-07-02 07:22:07,098 [Listener at 127.0.0.1/38347] INFO  server.session (DefaultSessionIdManager.java:doStart(334)) - DefaultSessionIdManager workerName=node0
2022-07-02 07:22:07,098 [Listener at 127.0.0.1/38347] INFO  server.session (DefaultSessionIdManager.java:doStart(339)) - No SessionScavenger set, using defaults
2022-07-02 07:22:07,099 [Listener at 127.0.0.1/38347] INFO  server.session (HouseKeeper.java:startScavenging(132)) - node0 Scavenging every 600000ms
2022-07-02 07:22:07,099 [Listener at 127.0.0.1/38347] INFO  handler.ContextHandler (ContextHandler.java:doStart(915)) - Started o.e.j.s.ServletContextHandler@49d48ff1{logs,/logs,file:///home/runner/work/ozone/ozone/hadoop-ozone/integration-test/target/log,AVAILABLE}
2022-07-02 07:22:07,100 [Listener at 127.0.0.1/38347] INFO  handler.ContextHandler (ContextHandler.java:doStart(915)) - Started o.e.j.s.ServletContextHandler@196eb27{static,/static,jar:file:/home/runner/.m2/repository/org/apache/ozone/hdds-container-service/1.3.0-SNAPSHOT/hdds-container-service-1.3.0-SNAPSHOT.jar!/webapps/static,AVAILABLE}
2022-07-02 07:22:07,755 [Listener at 127.0.0.1/38347] INFO  handler.ContextHandler (ContextHandler.java:doStart(915)) - Started o.e.j.w.WebAppContext@64b752c4{hddsDatanode,/,file:///tmp/jetty-0_0_0_0-46465-hdds-container-service-1_3_0-SNAPSHOT_jar-_-any-367714202094353727/webapp/,AVAILABLE}{jar:file:/home/runner/.m2/repository/org/apache/ozone/hdds-container-service/1.3.0-SNAPSHOT/hdds-container-service-1.3.0-SNAPSHOT.jar!/webapps/hddsDatanode}
2022-07-02 07:22:07,775 [Listener at 127.0.0.1/38347] INFO  server.AbstractConnector (AbstractConnector.java:doStart(331)) - Started ServerConnector@58be6170{HTTP/1.1, (http/1.1)}{0.0.0.0:46465}
2022-07-02 07:22:07,775 [Listener at 127.0.0.1/38347] INFO  server.Server (Server.java:doStart(415)) - Started @154385ms
2022-07-02 07:22:07,775 [Listener at 127.0.0.1/38347] WARN  impl.MetricsSystemImpl (MetricsSystemImpl.java:register(279)) - Sink prometheus already exists!
2022-07-02 07:22:07,776 [Listener at 127.0.0.1/38347] INFO  http.BaseHttpServer (BaseHttpServer.java:updateConnectorAddress(329)) - HTTP server of hddsDatanode listening at http://0.0.0.0:46465
2022-07-02 07:22:07,788 [Listener at 127.0.0.1/38347] WARN  impl.MetricRegistriesImpl (MetricRegistriesImpl.java:addReporterRegistration(111)) - New reporters are added after registries were created. Some metrics will be missing from the reporter. Please add reporter before adding any new registry.
2022-07-02 07:22:07,788 [Listener at 127.0.0.1/38347] WARN  impl.MetricRegistriesImpl (MetricRegistriesImpl.java:addReporterRegistration(111)) - New reporters are added after registries were created. Some metrics will be missing from the reporter. Please add reporter before adding any new registry.
2022-07-02 07:22:07,789 [Listener at 127.0.0.1/38347] INFO  impl.MetricsSystemImpl (MetricsSystemImpl.java:init(158)) - HddsDatanode metrics system started (again)
2022-07-02 07:22:07,792 [Datanode State Machine Daemon Thread] INFO  statemachine.DatanodeStateMachine (DatanodeStateMachine.java:lambda$startDaemon$0(492)) - Ozone container server started.
2022-07-02 07:22:07,836 [org.apache.hadoop.util.JvmPauseMonitor$Monitor@9d5df0a] INFO  util.JvmPauseMonitor (JvmPauseMonitor.java:run(188)) - Starting JVM pause monitor
2022-07-02 07:22:07,850 [Listener at 127.0.0.1/38347] INFO  ozone.HddsDatanodeService (HddsDatanodeService.java:start(236)) - HddsDatanodeService host:fv-az444-838.dthhdds2jluu1c0oa55ndv1hsg.dx.internal.cloudapp.net ip:10.1.0.20
2022-07-02 07:22:07,868 [Datanode State Machine Task Thread - 0] INFO  datanode.InitDatanodeState (InitDatanodeState.java:persistContainerDatanodeDetails(138)) - DatanodeDetails is persisted to /home/runner/work/ozone/ozone/hadoop-ozone/integration-test/target/test-dir/MiniOzoneClusterImpl-2091899c-1ec3-4d3e-95df-d9e62105ac7a/datanode-1/meta/datanode.id
2022-07-02 07:22:07,910 [Listener at 127.0.0.1/38347] INFO  upgrade.AbstractLayoutVersionManager (AbstractLayoutVersionManager.java:init(82)) - Initializing Layout version manager with metadata layout = DATANODE_SCHEMA_V3 (version = 4), software layout = DATANODE_SCHEMA_V3 (version = 4)
2022-07-02 07:22:08,028 [Listener at 127.0.0.1/38347] INFO  reflections.Reflections (Reflections.java:scan(232)) - Reflections took 112 ms to scan 7 urls, producing 132 keys and 317 values 
2022-07-02 07:22:08,038 [Listener at 127.0.0.1/38347] INFO  statemachine.DatanodeStateMachine (DatanodeStateMachine.java:getEndPointTaskThreadPoolSize(237)) - Datanode State Machine Task Thread Pool size 2
2022-07-02 07:22:08,039 [Listener at 127.0.0.1/38347] INFO  volume.HddsVolume (HddsVolume.java:<init>(116)) - Creating HddsVolume: /home/runner/work/ozone/ozone/hadoop-ozone/integration-test/target/test-dir/MiniOzoneClusterImpl-2091899c-1ec3-4d3e-95df-d9e62105ac7a/datanode-2/data-0/containers/hdds of storage type : DISK capacity : 9223372036854775807
2022-07-02 07:22:08,039 [Listener at 127.0.0.1/38347] INFO  volume.MutableVolumeSet (MutableVolumeSet.java:initializeVolumeSet(174)) - Added Volume : /home/runner/work/ozone/ozone/hadoop-ozone/integration-test/target/test-dir/MiniOzoneClusterImpl-2091899c-1ec3-4d3e-95df-d9e62105ac7a/datanode-2/data-0/containers/hdds to VolumeSet
2022-07-02 07:22:08,040 [Listener at 127.0.0.1/38347] INFO  volume.ThrottledAsyncChecker (ThrottledAsyncChecker.java:schedule(141)) - Scheduling a check for /home/runner/work/ozone/ozone/hadoop-ozone/integration-test/target/test-dir/MiniOzoneClusterImpl-2091899c-1ec3-4d3e-95df-d9e62105ac7a/datanode-2/data-0/containers/hdds
2022-07-02 07:22:08,056 [Listener at 127.0.0.1/38347] INFO  volume.StorageVolumeChecker (StorageVolumeChecker.java:checkAllVolumes(202)) - Scheduled health check for volume /home/runner/work/ozone/ozone/hadoop-ozone/integration-test/target/test-dir/MiniOzoneClusterImpl-2091899c-1ec3-4d3e-95df-d9e62105ac7a/datanode-2/data-0/containers/hdds
2022-07-02 07:22:08,104 [Listener at 127.0.0.1/38347] INFO  volume.MutableVolumeSet (MutableVolumeSet.java:initializeVolumeSet(174)) - Added Volume : /home/runner/work/ozone/ozone/hadoop-ozone/integration-test/target/test-dir/MiniOzoneClusterImpl-2091899c-1ec3-4d3e-95df-d9e62105ac7a/datanode-2/data/ratis to VolumeSet
2022-07-02 07:22:08,104 [Listener at 127.0.0.1/38347] INFO  volume.ThrottledAsyncChecker (ThrottledAsyncChecker.java:schedule(141)) - Scheduling a check for /home/runner/work/ozone/ozone/hadoop-ozone/integration-test/target/test-dir/MiniOzoneClusterImpl-2091899c-1ec3-4d3e-95df-d9e62105ac7a/datanode-2/data/ratis
2022-07-02 07:22:08,106 [Listener at 127.0.0.1/38347] INFO  volume.StorageVolumeChecker (StorageVolumeChecker.java:checkAllVolumes(202)) - Scheduled health check for volume /home/runner/work/ozone/ozone/hadoop-ozone/integration-test/target/test-dir/MiniOzoneClusterImpl-2091899c-1ec3-4d3e-95df-d9e62105ac7a/datanode-2/data/ratis
2022-07-02 07:22:08,156 [Thread-1126] INFO  ozoneimpl.ContainerReader (ContainerReader.java:readVolume(172)) - Finish verifying containers on volume /home/runner/work/ozone/ozone/hadoop-ozone/integration-test/target/test-dir/MiniOzoneClusterImpl-2091899c-1ec3-4d3e-95df-d9e62105ac7a/datanode-2/data-0/containers/hdds
2022-07-02 07:22:08,156 [Listener at 127.0.0.1/38347] INFO  ozoneimpl.OzoneContainer (OzoneContainer.java:buildContainerSet(266)) - Build ContainerSet costs 0s
2022-07-02 07:22:08,166 [Listener at 127.0.0.1/38347] INFO  server.RaftServer (ConfUtils.java:logGet(46)) - raft.rpc.type = GRPC (default)
2022-07-02 07:22:08,166 [Listener at 127.0.0.1/38347] INFO  grpc.GrpcFactory (GrpcFactory.java:checkPooledByteBufAllocatorUseCacheForAllThreads(48)) - PERFORMANCE WARNING: useCacheForAllThreads is true that may cause Netty to create a lot garbage objects and, as a result, trigger GC.
	It is recommended to disable useCacheForAllThreads by setting -Dorg.apache.ratis.thirdparty.io.netty.allocator.useCacheForAllThreads=false in command line.
2022-07-02 07:22:08,166 [Listener at 127.0.0.1/38347] INFO  grpc.GrpcConfigKeys (ConfUtils.java:logGet(46)) - raft.grpc.admin.port = 0 (custom)
2022-07-02 07:22:08,166 [Listener at 127.0.0.1/38347] INFO  grpc.GrpcConfigKeys (ConfUtils.java:logGet(46)) - raft.grpc.client.port = 0 (custom)
2022-07-02 07:22:08,166 [Listener at 127.0.0.1/38347] INFO  grpc.GrpcConfigKeys (ConfUtils.java:logGet(46)) - raft.grpc.server.port = 0 (default)
2022-07-02 07:22:08,166 [Listener at 127.0.0.1/38347] INFO  server.GrpcService (ConfUtils.java:logGet(46)) - raft.grpc.message.size.max = 32MB (=33554432) (custom)
2022-07-02 07:22:08,167 [Listener at 127.0.0.1/38347] INFO  server.RaftServerConfigKeys (ConfUtils.java:logGet(46)) - raft.server.log.appender.buffer.byte-limit = 33554432 (custom)
2022-07-02 07:22:08,167 [Listener at 127.0.0.1/38347] INFO  server.GrpcService (ConfUtils.java:logGet(46)) - raft.grpc.flow.control.window = 5MB (=5242880) (custom)
2022-07-02 07:22:08,167 [Listener at 127.0.0.1/38347] INFO  server.RaftServerConfigKeys (ConfUtils.java:logGet(46)) - raft.server.rpc.request.timeout = 60s (custom)
2022-07-02 07:22:08,167 [Listener at 127.0.0.1/38347] INFO  grpc.GrpcConfigKeys (ConfUtils.java:logGet(46)) - raft.grpc.server.async.request.thread.pool.cached = true (default)
2022-07-02 07:22:08,167 [Listener at 127.0.0.1/38347] INFO  grpc.GrpcConfigKeys (ConfUtils.java:logGet(46)) - raft.grpc.server.async.request.thread.pool.size = 32 (default)
2022-07-02 07:22:08,173 [Listener at 127.0.0.1/38347] INFO  impl.DataStreamServerImpl (ConfUtils.java:logGet(46)) - raft.datastream.type = DISABLED (default)
2022-07-02 07:22:08,173 [Listener at 127.0.0.1/38347] INFO  server.RaftServerConfigKeys (ConfUtils.java:logGet(46)) - raft.server.threadpool.proxy.cached = true (default)
2022-07-02 07:22:08,176 [Listener at 127.0.0.1/38347] INFO  server.RaftServerConfigKeys (ConfUtils.java:logGet(46)) - raft.server.threadpool.proxy.size = 0 (default)
2022-07-02 07:22:08,176 [Listener at 127.0.0.1/38347] INFO  server.RaftServerConfigKeys (ConfUtils.java:logGet(46)) - raft.server.rpc.slowness.timeout = 300s (custom)
2022-07-02 07:22:08,176 [Listener at 127.0.0.1/38347] INFO  server.RaftServerConfigKeys (ConfUtils.java:logGet(46)) - raft.server.leaderelection.leader.step-down.wait-time = 10s (default)
2022-07-02 07:22:08,180 [Listener at 127.0.0.1/38347] INFO  server.RaftServerConfigKeys (ConfUtils.java:logGet(46)) - raft.server.storage.dir = [/home/runner/work/ozone/ozone/hadoop-ozone/integration-test/target/test-dir/MiniOzoneClusterImpl-2091899c-1ec3-4d3e-95df-d9e62105ac7a/datanode-2/data/ratis] (custom)
2022-07-02 07:22:08,189 [Listener at 127.0.0.1/38347] INFO  server.XceiverServerGrpc (XceiverServerGrpc.java:<init>(132)) - GrpcServer channel type EpollServerSocketChannel
2022-07-02 07:22:08,209 [Listener at 127.0.0.1/38347] INFO  http.BaseHttpServer (BaseHttpServer.java:newHttpServer2BuilderForOzone(209)) - Starting Web-server for hddsDatanode at: http://0.0.0.0:0
2022-07-02 07:22:08,209 [Listener at 127.0.0.1/38347] INFO  http.BaseHttpServer (BaseHttpServer.java:<init>(107)) - Hadoop Security Enabled: false Ozone Security Enabled: false Ozone HTTP Security Enabled: false 
2022-07-02 07:22:08,210 [Listener at 127.0.0.1/38347] INFO  server.AuthenticationFilter (AuthenticationFilter.java:constructSecretProvider(240)) - Unable to initialize FileSignerSecretProvider, falling back to use random secrets.
2022-07-02 07:22:08,228 [Listener at 127.0.0.1/38347] WARN  http.HttpRequestLog (HttpRequestLog.java:getRequestLog(103)) - Jetty request log can only be enabled using Log4j
2022-07-02 07:22:08,229 [Listener at 127.0.0.1/38347] INFO  http.HttpServer2 (HttpServer2.java:addGlobalFilter(1029)) - Added global filter 'safety' (class=org.apache.hadoop.hdds.server.http.HttpServer2$QuotingInputFilter)
2022-07-02 07:22:08,230 [Listener at 127.0.0.1/38347] INFO  http.HttpServer2 (HttpServer2.java:addFilter(1005)) - Added filter static_user_filter (class=org.apache.hadoop.http.lib.StaticUserWebFilter$StaticUserFilter) to context hddsDatanode
2022-07-02 07:22:08,230 [Listener at 127.0.0.1/38347] INFO  http.HttpServer2 (HttpServer2.java:addFilter(1013)) - Added filter static_user_filter (class=org.apache.hadoop.http.lib.StaticUserWebFilter$StaticUserFilter) to context logs
2022-07-02 07:22:08,230 [Listener at 127.0.0.1/38347] INFO  http.HttpServer2 (HttpServer2.java:addFilter(1013)) - Added filter static_user_filter (class=org.apache.hadoop.http.lib.StaticUserWebFilter$StaticUserFilter) to context static
2022-07-02 07:22:08,231 [Listener at 127.0.0.1/38347] INFO  http.HttpServer2 (HttpServer2.java:bindListener(1248)) - Jetty bound to port 44999
2022-07-02 07:22:08,231 [Listener at 127.0.0.1/38347] INFO  server.Server (Server.java:doStart(375)) - jetty-9.4.43.v20210629; built: 2021-06-30T11:07:22.254Z; git: 526006ecfa3af7f1a27ef3a288e2bef7ea9dd7e8; jvm 1.8.0_332-b09
2022-07-02 07:22:08,268 [Listener at 127.0.0.1/38347] INFO  server.session (DefaultSessionIdManager.java:doStart(334)) - DefaultSessionIdManager workerName=node0
2022-07-02 07:22:08,268 [Listener at 127.0.0.1/38347] INFO  server.session (DefaultSessionIdManager.java:doStart(339)) - No SessionScavenger set, using defaults
2022-07-02 07:22:08,269 [Listener at 127.0.0.1/38347] INFO  server.session (HouseKeeper.java:startScavenging(132)) - node0 Scavenging every 600000ms
2022-07-02 07:22:08,276 [Listener at 127.0.0.1/38347] INFO  handler.ContextHandler (ContextHandler.java:doStart(915)) - Started o.e.j.s.ServletContextHandler@65e97fe{logs,/logs,file:///home/runner/work/ozone/ozone/hadoop-ozone/integration-test/target/log,AVAILABLE}
2022-07-02 07:22:08,277 [Listener at 127.0.0.1/38347] INFO  handler.ContextHandler (ContextHandler.java:doStart(915)) - Started o.e.j.s.ServletContextHandler@3349c89c{static,/static,jar:file:/home/runner/.m2/repository/org/apache/ozone/hdds-container-service/1.3.0-SNAPSHOT/hdds-container-service-1.3.0-SNAPSHOT.jar!/webapps/static,AVAILABLE}
2022-07-02 07:22:08,612 [EndpointStateMachine task thread for /0.0.0.0:40587 - 0 ] INFO  volume.HddsVolume (HddsVolume.java:createDbStore(309)) - SchemaV3 db is created and loaded at /home/runner/work/ozone/ozone/hadoop-ozone/integration-test/target/test-dir/MiniOzoneClusterImpl-2091899c-1ec3-4d3e-95df-d9e62105ac7a/datanode-0/data-0/containers/hdds/2091899c-1ec3-4d3e-95df-d9e62105ac7a/DS-f5620800-9501-4efa-ba46-085a5bc64fed/container.db for volume DS-f5620800-9501-4efa-ba46-085a5bc64fed
2022-07-02 07:22:08,626 [EndpointStateMachine task thread for /0.0.0.0:40587 - 0 ] INFO  volume.HddsVolume (HddsVolume.java:closeDbStore(340)) - SchemaV3 db is stopped at /home/runner/work/ozone/ozone/hadoop-ozone/integration-test/target/test-dir/MiniOzoneClusterImpl-2091899c-1ec3-4d3e-95df-d9e62105ac7a/datanode-0/data-0/containers/hdds/2091899c-1ec3-4d3e-95df-d9e62105ac7a/DS-f5620800-9501-4efa-ba46-085a5bc64fed/container.db for volume DS-f5620800-9501-4efa-ba46-085a5bc64fed
2022-07-02 07:22:08,626 [EndpointStateMachine task thread for /0.0.0.0:40587 - 0 ] INFO  ozoneimpl.OzoneContainer (OzoneContainer.java:start(344)) - Attempting to start container services.
2022-07-02 07:22:08,626 [EndpointStateMachine task thread for /0.0.0.0:40587 - 0 ] INFO  ozoneimpl.OzoneContainer (OzoneContainer.java:startContainerScrub(279)) - Background container scanner has been disabled.
2022-07-02 07:22:08,667 [EndpointStateMachine task thread for /0.0.0.0:40587 - 0 ] INFO  replication.ReplicationServer (ReplicationServer.java:start(111)) - ReplicationServer is started using port 33083
2022-07-02 07:22:08,668 [EndpointStateMachine task thread for /0.0.0.0:40587 - 0 ] INFO  ratis.XceiverServerRatis (XceiverServerRatis.java:start(481)) - Starting XceiverServerRatis 8384da11-bc81-4aa4-8438-a9cb526b8e6b
2022-07-02 07:22:08,668 [EndpointStateMachine task thread for /0.0.0.0:40587 - 0 ] INFO  server.RaftServer (RaftServerProxy.java:lambda$start$6(382)) - 8384da11-bc81-4aa4-8438-a9cb526b8e6b: start RPC server
2022-07-02 07:22:08,682 [EndpointStateMachine task thread for /0.0.0.0:40587 - 0 ] INFO  server.GrpcService (GrpcService.java:startImpl(260)) - 8384da11-bc81-4aa4-8438-a9cb526b8e6b: GrpcService started, listening on 41153
2022-07-02 07:22:08,682 [EndpointStateMachine task thread for /0.0.0.0:40587 - 0 ] INFO  ratis.XceiverServerRatis (XceiverServerRatis.java:getRealPort(502)) - XceiverServerRatis 8384da11-bc81-4aa4-8438-a9cb526b8e6b is started using port 41153 for RATIS
2022-07-02 07:22:08,682 [EndpointStateMachine task thread for /0.0.0.0:40587 - 0 ] INFO  ratis.XceiverServerRatis (XceiverServerRatis.java:getRealPort(502)) - XceiverServerRatis 8384da11-bc81-4aa4-8438-a9cb526b8e6b is started using port 41153 for RATIS_ADMIN
2022-07-02 07:22:08,682 [EndpointStateMachine task thread for /0.0.0.0:40587 - 0 ] INFO  ratis.XceiverServerRatis (XceiverServerRatis.java:getRealPort(502)) - XceiverServerRatis 8384da11-bc81-4aa4-8438-a9cb526b8e6b is started using port 41153 for RATIS_SERVER
2022-07-02 07:22:08,683 [org.apache.ratis.util.JvmPauseMonitor$$Lambda$611/1072797734@72b72e28] INFO  util.JvmPauseMonitor (JvmPauseMonitor.java:run(103)) - JvmPauseMonitor-8384da11-bc81-4aa4-8438-a9cb526b8e6b: Started
2022-07-02 07:22:08,709 [EndpointStateMachine task thread for /0.0.0.0:40587 - 0 ] INFO  server.XceiverServerGrpc (XceiverServerGrpc.java:start(180)) - XceiverServerGrpc 8384da11-bc81-4aa4-8438-a9cb526b8e6b is started using port 39651
2022-07-02 07:22:08,926 [Listener at 127.0.0.1/38347] INFO  handler.ContextHandler (ContextHandler.java:doStart(915)) - Started o.e.j.w.WebAppContext@7827f7f6{hddsDatanode,/,file:///tmp/jetty-0_0_0_0-44999-hdds-container-service-1_3_0-SNAPSHOT_jar-_-any-3361541608522229125/webapp/,AVAILABLE}{jar:file:/home/runner/.m2/repository/org/apache/ozone/hdds-container-service/1.3.0-SNAPSHOT/hdds-container-service-1.3.0-SNAPSHOT.jar!/webapps/hddsDatanode}
2022-07-02 07:22:08,928 [Listener at 127.0.0.1/38347] INFO  server.AbstractConnector (AbstractConnector.java:doStart(331)) - Started ServerConnector@493f323d{HTTP/1.1, (http/1.1)}{0.0.0.0:44999}
2022-07-02 07:22:08,928 [Listener at 127.0.0.1/38347] INFO  server.Server (Server.java:doStart(415)) - Started @155538ms
2022-07-02 07:22:08,928 [Listener at 127.0.0.1/38347] WARN  impl.MetricsSystemImpl (MetricsSystemImpl.java:register(279)) - Sink prometheus already exists!
2022-07-02 07:22:08,936 [Listener at 127.0.0.1/38347] INFO  http.BaseHttpServer (BaseHttpServer.java:updateConnectorAddress(329)) - HTTP server of hddsDatanode listening at http://0.0.0.0:44999
2022-07-02 07:22:08,944 [Listener at 127.0.0.1/38347] WARN  impl.MetricRegistriesImpl (MetricRegistriesImpl.java:addReporterRegistration(111)) - New reporters are added after registries were created. Some metrics will be missing from the reporter. Please add reporter before adding any new registry.
2022-07-02 07:22:08,945 [Listener at 127.0.0.1/38347] WARN  impl.MetricRegistriesImpl (MetricRegistriesImpl.java:addReporterRegistration(111)) - New reporters are added after registries were created. Some metrics will be missing from the reporter. Please add reporter before adding any new registry.
2022-07-02 07:22:08,945 [Listener at 127.0.0.1/38347] INFO  impl.MetricsSystemImpl (MetricsSystemImpl.java:init(158)) - HddsDatanode metrics system started (again)
2022-07-02 07:22:08,948 [Datanode State Machine Daemon Thread] INFO  statemachine.DatanodeStateMachine (DatanodeStateMachine.java:lambda$startDaemon$0(492)) - Ozone container server started.
2022-07-02 07:22:09,019 [Listener at 127.0.0.1/38347] INFO  ozone.HddsDatanodeService (HddsDatanodeService.java:start(236)) - HddsDatanodeService host:fv-az444-838.dthhdds2jluu1c0oa55ndv1hsg.dx.internal.cloudapp.net ip:10.1.0.20
2022-07-02 07:22:09,028 [org.apache.hadoop.util.JvmPauseMonitor$Monitor@3c72577e] INFO  util.JvmPauseMonitor (JvmPauseMonitor.java:run(188)) - Starting JVM pause monitor
2022-07-02 07:22:09,029 [Datanode State Machine Task Thread - 0] INFO  datanode.InitDatanodeState (InitDatanodeState.java:persistContainerDatanodeDetails(138)) - DatanodeDetails is persisted to /home/runner/work/ozone/ozone/hadoop-ozone/integration-test/target/test-dir/MiniOzoneClusterImpl-2091899c-1ec3-4d3e-95df-d9e62105ac7a/datanode-2/meta/datanode.id
2022-07-02 07:22:09,085 [Listener at 127.0.0.1/38347] INFO  upgrade.AbstractLayoutVersionManager (AbstractLayoutVersionManager.java:init(82)) - Initializing Layout version manager with metadata layout = DATANODE_SCHEMA_V3 (version = 4), software layout = DATANODE_SCHEMA_V3 (version = 4)
2022-07-02 07:22:09,315 [Listener at 127.0.0.1/38347] INFO  reflections.Reflections (Reflections.java:scan(232)) - Reflections took 229 ms to scan 7 urls, producing 132 keys and 317 values 
2022-07-02 07:22:09,349 [Listener at 127.0.0.1/38347] INFO  statemachine.DatanodeStateMachine (DatanodeStateMachine.java:getEndPointTaskThreadPoolSize(237)) - Datanode State Machine Task Thread Pool size 2
2022-07-02 07:22:09,361 [Listener at 127.0.0.1/38347] INFO  volume.HddsVolume (HddsVolume.java:<init>(116)) - Creating HddsVolume: /home/runner/work/ozone/ozone/hadoop-ozone/integration-test/target/test-dir/MiniOzoneClusterImpl-2091899c-1ec3-4d3e-95df-d9e62105ac7a/datanode-3/data-0/containers/hdds of storage type : DISK capacity : 9223372036854775807
2022-07-02 07:22:09,361 [Listener at 127.0.0.1/38347] INFO  volume.MutableVolumeSet (MutableVolumeSet.java:initializeVolumeSet(174)) - Added Volume : /home/runner/work/ozone/ozone/hadoop-ozone/integration-test/target/test-dir/MiniOzoneClusterImpl-2091899c-1ec3-4d3e-95df-d9e62105ac7a/datanode-3/data-0/containers/hdds to VolumeSet
2022-07-02 07:22:09,361 [Listener at 127.0.0.1/38347] INFO  volume.ThrottledAsyncChecker (ThrottledAsyncChecker.java:schedule(141)) - Scheduling a check for /home/runner/work/ozone/ozone/hadoop-ozone/integration-test/target/test-dir/MiniOzoneClusterImpl-2091899c-1ec3-4d3e-95df-d9e62105ac7a/datanode-3/data-0/containers/hdds
2022-07-02 07:22:09,372 [Listener at 127.0.0.1/38347] INFO  volume.StorageVolumeChecker (StorageVolumeChecker.java:checkAllVolumes(202)) - Scheduled health check for volume /home/runner/work/ozone/ozone/hadoop-ozone/integration-test/target/test-dir/MiniOzoneClusterImpl-2091899c-1ec3-4d3e-95df-d9e62105ac7a/datanode-3/data-0/containers/hdds
2022-07-02 07:22:09,390 [Listener at 127.0.0.1/38347] INFO  volume.MutableVolumeSet (MutableVolumeSet.java:initializeVolumeSet(174)) - Added Volume : /home/runner/work/ozone/ozone/hadoop-ozone/integration-test/target/test-dir/MiniOzoneClusterImpl-2091899c-1ec3-4d3e-95df-d9e62105ac7a/datanode-3/data/ratis to VolumeSet
2022-07-02 07:22:09,391 [Listener at 127.0.0.1/38347] INFO  volume.ThrottledAsyncChecker (ThrottledAsyncChecker.java:schedule(141)) - Scheduling a check for /home/runner/work/ozone/ozone/hadoop-ozone/integration-test/target/test-dir/MiniOzoneClusterImpl-2091899c-1ec3-4d3e-95df-d9e62105ac7a/datanode-3/data/ratis
2022-07-02 07:22:09,428 [Listener at 127.0.0.1/38347] INFO  volume.StorageVolumeChecker (StorageVolumeChecker.java:checkAllVolumes(202)) - Scheduled health check for volume /home/runner/work/ozone/ozone/hadoop-ozone/integration-test/target/test-dir/MiniOzoneClusterImpl-2091899c-1ec3-4d3e-95df-d9e62105ac7a/datanode-3/data/ratis
2022-07-02 07:22:09,491 [Thread-1143] INFO  ozoneimpl.ContainerReader (ContainerReader.java:readVolume(172)) - Finish verifying containers on volume /home/runner/work/ozone/ozone/hadoop-ozone/integration-test/target/test-dir/MiniOzoneClusterImpl-2091899c-1ec3-4d3e-95df-d9e62105ac7a/datanode-3/data-0/containers/hdds
2022-07-02 07:22:09,491 [Listener at 127.0.0.1/38347] INFO  ozoneimpl.OzoneContainer (OzoneContainer.java:buildContainerSet(266)) - Build ContainerSet costs 0s
2022-07-02 07:22:09,514 [Listener at 127.0.0.1/38347] INFO  server.RaftServer (ConfUtils.java:logGet(46)) - raft.rpc.type = GRPC (default)
2022-07-02 07:22:09,515 [Listener at 127.0.0.1/38347] INFO  grpc.GrpcFactory (GrpcFactory.java:checkPooledByteBufAllocatorUseCacheForAllThreads(48)) - PERFORMANCE WARNING: useCacheForAllThreads is true that may cause Netty to create a lot garbage objects and, as a result, trigger GC.
	It is recommended to disable useCacheForAllThreads by setting -Dorg.apache.ratis.thirdparty.io.netty.allocator.useCacheForAllThreads=false in command line.
2022-07-02 07:22:09,515 [Listener at 127.0.0.1/38347] INFO  grpc.GrpcConfigKeys (ConfUtils.java:logGet(46)) - raft.grpc.admin.port = 0 (custom)
2022-07-02 07:22:09,515 [Listener at 127.0.0.1/38347] INFO  grpc.GrpcConfigKeys (ConfUtils.java:logGet(46)) - raft.grpc.client.port = 0 (custom)
2022-07-02 07:22:09,515 [Listener at 127.0.0.1/38347] INFO  grpc.GrpcConfigKeys (ConfUtils.java:logGet(46)) - raft.grpc.server.port = 0 (default)
2022-07-02 07:22:09,515 [Listener at 127.0.0.1/38347] INFO  server.GrpcService (ConfUtils.java:logGet(46)) - raft.grpc.message.size.max = 32MB (=33554432) (custom)
2022-07-02 07:22:09,515 [Listener at 127.0.0.1/38347] INFO  server.RaftServerConfigKeys (ConfUtils.java:logGet(46)) - raft.server.log.appender.buffer.byte-limit = 33554432 (custom)
2022-07-02 07:22:09,515 [Listener at 127.0.0.1/38347] INFO  server.GrpcService (ConfUtils.java:logGet(46)) - raft.grpc.flow.control.window = 5MB (=5242880) (custom)
2022-07-02 07:22:09,515 [Listener at 127.0.0.1/38347] INFO  server.RaftServerConfigKeys (ConfUtils.java:logGet(46)) - raft.server.rpc.request.timeout = 60s (custom)
2022-07-02 07:22:09,516 [Listener at 127.0.0.1/38347] INFO  grpc.GrpcConfigKeys (ConfUtils.java:logGet(46)) - raft.grpc.server.async.request.thread.pool.cached = true (default)
2022-07-02 07:22:09,516 [Listener at 127.0.0.1/38347] INFO  grpc.GrpcConfigKeys (ConfUtils.java:logGet(46)) - raft.grpc.server.async.request.thread.pool.size = 32 (default)
2022-07-02 07:22:09,526 [Listener at 127.0.0.1/38347] INFO  impl.DataStreamServerImpl (ConfUtils.java:logGet(46)) - raft.datastream.type = DISABLED (default)
2022-07-02 07:22:09,527 [Listener at 127.0.0.1/38347] INFO  server.RaftServerConfigKeys (ConfUtils.java:logGet(46)) - raft.server.threadpool.proxy.cached = true (default)
2022-07-02 07:22:09,527 [Listener at 127.0.0.1/38347] INFO  server.RaftServerConfigKeys (ConfUtils.java:logGet(46)) - raft.server.threadpool.proxy.size = 0 (default)
2022-07-02 07:22:09,527 [Listener at 127.0.0.1/38347] INFO  server.RaftServerConfigKeys (ConfUtils.java:logGet(46)) - raft.server.rpc.slowness.timeout = 300s (custom)
2022-07-02 07:22:09,534 [Listener at 127.0.0.1/38347] INFO  server.RaftServerConfigKeys (ConfUtils.java:logGet(46)) - raft.server.leaderelection.leader.step-down.wait-time = 10s (default)
2022-07-02 07:22:09,535 [Listener at 127.0.0.1/38347] INFO  server.RaftServerConfigKeys (ConfUtils.java:logGet(46)) - raft.server.storage.dir = [/home/runner/work/ozone/ozone/hadoop-ozone/integration-test/target/test-dir/MiniOzoneClusterImpl-2091899c-1ec3-4d3e-95df-d9e62105ac7a/datanode-3/data/ratis] (custom)
2022-07-02 07:22:09,566 [Listener at 127.0.0.1/38347] INFO  server.XceiverServerGrpc (XceiverServerGrpc.java:<init>(132)) - GrpcServer channel type EpollServerSocketChannel
2022-07-02 07:22:09,571 [Listener at 127.0.0.1/38347] INFO  http.BaseHttpServer (BaseHttpServer.java:newHttpServer2BuilderForOzone(209)) - Starting Web-server for hddsDatanode at: http://0.0.0.0:0
2022-07-02 07:22:09,571 [Listener at 127.0.0.1/38347] INFO  http.BaseHttpServer (BaseHttpServer.java:<init>(107)) - Hadoop Security Enabled: false Ozone Security Enabled: false Ozone HTTP Security Enabled: false 
2022-07-02 07:22:09,590 [Listener at 127.0.0.1/38347] INFO  server.AuthenticationFilter (AuthenticationFilter.java:constructSecretProvider(240)) - Unable to initialize FileSignerSecretProvider, falling back to use random secrets.
2022-07-02 07:22:09,597 [Listener at 127.0.0.1/38347] WARN  http.HttpRequestLog (HttpRequestLog.java:getRequestLog(103)) - Jetty request log can only be enabled using Log4j
2022-07-02 07:22:09,598 [Listener at 127.0.0.1/38347] INFO  http.HttpServer2 (HttpServer2.java:addGlobalFilter(1029)) - Added global filter 'safety' (class=org.apache.hadoop.hdds.server.http.HttpServer2$QuotingInputFilter)
2022-07-02 07:22:09,599 [Listener at 127.0.0.1/38347] INFO  http.HttpServer2 (HttpServer2.java:addFilter(1005)) - Added filter static_user_filter (class=org.apache.hadoop.http.lib.StaticUserWebFilter$StaticUserFilter) to context hddsDatanode
2022-07-02 07:22:09,599 [Listener at 127.0.0.1/38347] INFO  http.HttpServer2 (HttpServer2.java:addFilter(1013)) - Added filter static_user_filter (class=org.apache.hadoop.http.lib.StaticUserWebFilter$StaticUserFilter) to context static
2022-07-02 07:22:09,599 [Listener at 127.0.0.1/38347] INFO  http.HttpServer2 (HttpServer2.java:addFilter(1013)) - Added filter static_user_filter (class=org.apache.hadoop.http.lib.StaticUserWebFilter$StaticUserFilter) to context logs
2022-07-02 07:22:09,600 [Listener at 127.0.0.1/38347] INFO  http.HttpServer2 (HttpServer2.java:bindListener(1248)) - Jetty bound to port 43467
2022-07-02 07:22:09,600 [Listener at 127.0.0.1/38347] INFO  server.Server (Server.java:doStart(375)) - jetty-9.4.43.v20210629; built: 2021-06-30T11:07:22.254Z; git: 526006ecfa3af7f1a27ef3a288e2bef7ea9dd7e8; jvm 1.8.0_332-b09
2022-07-02 07:22:09,616 [Listener at 127.0.0.1/38347] INFO  server.session (DefaultSessionIdManager.java:doStart(334)) - DefaultSessionIdManager workerName=node0
2022-07-02 07:22:09,616 [Listener at 127.0.0.1/38347] INFO  server.session (DefaultSessionIdManager.java:doStart(339)) - No SessionScavenger set, using defaults
2022-07-02 07:22:09,630 [Listener at 127.0.0.1/38347] INFO  server.session (HouseKeeper.java:startScavenging(132)) - node0 Scavenging every 660000ms
2022-07-02 07:22:09,632 [Listener at 127.0.0.1/38347] INFO  handler.ContextHandler (ContextHandler.java:doStart(915)) - Started o.e.j.s.ServletContextHandler@71522fb7{logs,/logs,file:///home/runner/work/ozone/ozone/hadoop-ozone/integration-test/target/log,AVAILABLE}
2022-07-02 07:22:09,633 [Listener at 127.0.0.1/38347] INFO  handler.ContextHandler (ContextHandler.java:doStart(915)) - Started o.e.j.s.ServletContextHandler@45e085d0{static,/static,jar:file:/home/runner/.m2/repository/org/apache/ozone/hdds-container-service/1.3.0-SNAPSHOT/hdds-container-service-1.3.0-SNAPSHOT.jar!/webapps/static,AVAILABLE}
2022-07-02 07:22:10,016 [EndpointStateMachine task thread for /0.0.0.0:40587 - 0 ] INFO  volume.HddsVolume (HddsVolume.java:createDbStore(309)) - SchemaV3 db is created and loaded at /home/runner/work/ozone/ozone/hadoop-ozone/integration-test/target/test-dir/MiniOzoneClusterImpl-2091899c-1ec3-4d3e-95df-d9e62105ac7a/datanode-1/data-0/containers/hdds/2091899c-1ec3-4d3e-95df-d9e62105ac7a/DS-d507fc3c-23f9-4e64-9270-385241ffcc22/container.db for volume DS-d507fc3c-23f9-4e64-9270-385241ffcc22
2022-07-02 07:22:10,018 [EndpointStateMachine task thread for /0.0.0.0:40587 - 0 ] INFO  volume.HddsVolume (HddsVolume.java:closeDbStore(340)) - SchemaV3 db is stopped at /home/runner/work/ozone/ozone/hadoop-ozone/integration-test/target/test-dir/MiniOzoneClusterImpl-2091899c-1ec3-4d3e-95df-d9e62105ac7a/datanode-1/data-0/containers/hdds/2091899c-1ec3-4d3e-95df-d9e62105ac7a/DS-d507fc3c-23f9-4e64-9270-385241ffcc22/container.db for volume DS-d507fc3c-23f9-4e64-9270-385241ffcc22
2022-07-02 07:22:10,018 [EndpointStateMachine task thread for /0.0.0.0:40587 - 0 ] INFO  ozoneimpl.OzoneContainer (OzoneContainer.java:start(344)) - Attempting to start container services.
2022-07-02 07:22:10,018 [EndpointStateMachine task thread for /0.0.0.0:40587 - 0 ] INFO  ozoneimpl.OzoneContainer (OzoneContainer.java:startContainerScrub(279)) - Background container scanner has been disabled.
2022-07-02 07:22:10,025 [EndpointStateMachine task thread for /0.0.0.0:40587 - 0 ] INFO  replication.ReplicationServer (ReplicationServer.java:start(111)) - ReplicationServer is started using port 33195
2022-07-02 07:22:10,026 [EndpointStateMachine task thread for /0.0.0.0:40587 - 0 ] INFO  ratis.XceiverServerRatis (XceiverServerRatis.java:start(481)) - Starting XceiverServerRatis 85df8eb1-77a9-48e2-b795-4ce99b081c64
2022-07-02 07:22:10,027 [EndpointStateMachine task thread for /0.0.0.0:40587 - 0 ] INFO  server.RaftServer (RaftServerProxy.java:lambda$start$6(382)) - 85df8eb1-77a9-48e2-b795-4ce99b081c64: start RPC server
2022-07-02 07:22:10,037 [EndpointStateMachine task thread for /0.0.0.0:40587 - 0 ] INFO  server.GrpcService (GrpcService.java:startImpl(260)) - 85df8eb1-77a9-48e2-b795-4ce99b081c64: GrpcService started, listening on 33453
2022-07-02 07:22:10,040 [EndpointStateMachine task thread for /0.0.0.0:40587 - 0 ] INFO  ratis.XceiverServerRatis (XceiverServerRatis.java:getRealPort(502)) - XceiverServerRatis 85df8eb1-77a9-48e2-b795-4ce99b081c64 is started using port 33453 for RATIS
2022-07-02 07:22:10,040 [EndpointStateMachine task thread for /0.0.0.0:40587 - 0 ] INFO  ratis.XceiverServerRatis (XceiverServerRatis.java:getRealPort(502)) - XceiverServerRatis 85df8eb1-77a9-48e2-b795-4ce99b081c64 is started using port 33453 for RATIS_ADMIN
2022-07-02 07:22:10,040 [EndpointStateMachine task thread for /0.0.0.0:40587 - 0 ] INFO  ratis.XceiverServerRatis (XceiverServerRatis.java:getRealPort(502)) - XceiverServerRatis 85df8eb1-77a9-48e2-b795-4ce99b081c64 is started using port 33453 for RATIS_SERVER
2022-07-02 07:22:10,040 [org.apache.ratis.util.JvmPauseMonitor$$Lambda$611/1072797734@57150bb5] INFO  util.JvmPauseMonitor (JvmPauseMonitor.java:run(103)) - JvmPauseMonitor-85df8eb1-77a9-48e2-b795-4ce99b081c64: Started
2022-07-02 07:22:10,108 [EndpointStateMachine task thread for /0.0.0.0:40587 - 0 ] INFO  server.XceiverServerGrpc (XceiverServerGrpc.java:start(180)) - XceiverServerGrpc 85df8eb1-77a9-48e2-b795-4ce99b081c64 is started using port 40055
2022-07-02 07:22:10,468 [IPC Server handler 0 on default port 40587] INFO  net.NetworkTopologyImpl (NetworkTopologyImpl.java:add(112)) - Added a new node: /default-rack/8384da11-bc81-4aa4-8438-a9cb526b8e6b
2022-07-02 07:22:10,469 [IPC Server handler 0 on default port 40587] INFO  node.SCMNodeManager (SCMNodeManager.java:register(397)) - Registered Data node : 8384da11-bc81-4aa4-8438-a9cb526b8e6b{ip: 10.1.0.20, host: fv-az444-838.dthhdds2jluu1c0oa55ndv1hsg.dx.internal.cloudapp.net, ports: [REPLICATION=33083, RATIS=41153, RATIS_ADMIN=41153, RATIS_SERVER=41153, STANDALONE=39651], networkLocation: /default-rack, certSerialId: null, persistedOpState: null, persistedOpStateExpiryEpochSec: 0}
2022-07-02 07:22:10,480 [EventQueue-NodeRegistrationContainerReportForContainerSafeModeRule] INFO  safemode.SCMSafeModeManager (SCMSafeModeManager.java:validateSafeModeExitRules(204)) - ContainerSafeModeRule rule is successfully validated
2022-07-02 07:22:10,484 [EventQueue-NodeRegistrationContainerReportForDataNodeSafeModeRule] INFO  safemode.SCMSafeModeManager (DataNodeSafeModeRule.java:process(71)) - SCM in safe mode. 1 DataNodes registered, 3 required.
2022-07-02 07:22:10,490 [Listener at 127.0.0.1/38347] INFO  handler.ContextHandler (ContextHandler.java:doStart(915)) - Started o.e.j.w.WebAppContext@7f4799b0{hddsDatanode,/,file:///tmp/jetty-0_0_0_0-43467-hdds-container-service-1_3_0-SNAPSHOT_jar-_-any-8714753370782250412/webapp/,AVAILABLE}{jar:file:/home/runner/.m2/repository/org/apache/ozone/hdds-container-service/1.3.0-SNAPSHOT/hdds-container-service-1.3.0-SNAPSHOT.jar!/webapps/hddsDatanode}
2022-07-02 07:22:10,504 [EventQueue-NewNodeForNewNodeHandler] INFO  pipeline.BackgroundPipelineCreator (BackgroundPipelineCreator.java:notifyEventTriggered(275)) - trigger a one-shot run on RatisPipelineUtilsThread.
2022-07-02 07:22:10,504 [RatisPipelineUtilsThread - 0] INFO  pipeline.RatisPipelineProvider (RatisPipelineProvider.java:lambda$create$0(195)) - Sending CreatePipelineCommand for pipeline:PipelineID=0075361d-f262-498c-a149-6c3b98f2aa87 to datanode:8384da11-bc81-4aa4-8438-a9cb526b8e6b
2022-07-02 07:22:10,505 [RatisPipelineUtilsThread - 0] INFO  pipeline.PipelineStateManagerImpl (PipelineStateManagerImpl.java:addPipeline(101)) - Created pipeline Pipeline[ Id: 0075361d-f262-498c-a149-6c3b98f2aa87, Nodes: 8384da11-bc81-4aa4-8438-a9cb526b8e6b{ip: 10.1.0.20, host: fv-az444-838.dthhdds2jluu1c0oa55ndv1hsg.dx.internal.cloudapp.net, ports: [REPLICATION=33083, RATIS=41153, RATIS_ADMIN=41153, RATIS_SERVER=41153, STANDALONE=39651], networkLocation: /default-rack, certSerialId: null, persistedOpState: IN_SERVICE, persistedOpStateExpiryEpochSec: 0}, ReplicationConfig: RATIS/ONE, State:ALLOCATED, leaderId:, CreationTimestamp2022-07-02T07:22:10.504Z[Etc/UTC]].
2022-07-02 07:22:10,537 [EventQueue-PipelineReportForOneReplicaPipelineSafeModeRule] INFO  safemode.SCMSafeModeManager (SCMSafeModeManager.java:validateSafeModeExitRules(204)) - AtleastOneDatanodeReportedRule rule is successfully validated
2022-07-02 07:22:10,542 [Listener at 127.0.0.1/38347] INFO  server.AbstractConnector (AbstractConnector.java:doStart(331)) - Started ServerConnector@5ee16a6d{HTTP/1.1, (http/1.1)}{0.0.0.0:43467}
2022-07-02 07:22:10,542 [Listener at 127.0.0.1/38347] INFO  server.Server (Server.java:doStart(415)) - Started @157152ms
2022-07-02 07:22:10,542 [Listener at 127.0.0.1/38347] WARN  impl.MetricsSystemImpl (MetricsSystemImpl.java:register(279)) - Sink prometheus already exists!
2022-07-02 07:22:10,543 [Listener at 127.0.0.1/38347] INFO  http.BaseHttpServer (BaseHttpServer.java:updateConnectorAddress(329)) - HTTP server of hddsDatanode listening at http://0.0.0.0:43467
2022-07-02 07:22:10,544 [Listener at 127.0.0.1/38347] WARN  impl.MetricRegistriesImpl (MetricRegistriesImpl.java:addReporterRegistration(111)) - New reporters are added after registries were created. Some metrics will be missing from the reporter. Please add reporter before adding any new registry.
2022-07-02 07:22:10,544 [Listener at 127.0.0.1/38347] WARN  impl.MetricRegistriesImpl (MetricRegistriesImpl.java:addReporterRegistration(111)) - New reporters are added after registries were created. Some metrics will be missing from the reporter. Please add reporter before adding any new registry.
2022-07-02 07:22:10,544 [Listener at 127.0.0.1/38347] INFO  impl.MetricsSystemImpl (MetricsSystemImpl.java:init(158)) - HddsDatanode metrics system started (again)
2022-07-02 07:22:10,560 [Datanode State Machine Daemon Thread] INFO  statemachine.DatanodeStateMachine (DatanodeStateMachine.java:lambda$startDaemon$0(492)) - Ozone container server started.
2022-07-02 07:22:10,612 [Listener at 127.0.0.1/38347] INFO  ozone.HddsDatanodeService (HddsDatanodeService.java:start(236)) - HddsDatanodeService host:fv-az444-838.dthhdds2jluu1c0oa55ndv1hsg.dx.internal.cloudapp.net ip:10.1.0.20
2022-07-02 07:22:10,660 [org.apache.hadoop.util.JvmPauseMonitor$Monitor@313ea442] INFO  util.JvmPauseMonitor (JvmPauseMonitor.java:run(188)) - Starting JVM pause monitor
2022-07-02 07:22:10,661 [Datanode State Machine Task Thread - 0] INFO  datanode.InitDatanodeState (InitDatanodeState.java:persistContainerDatanodeDetails(138)) - DatanodeDetails is persisted to /home/runner/work/ozone/ozone/hadoop-ozone/integration-test/target/test-dir/MiniOzoneClusterImpl-2091899c-1ec3-4d3e-95df-d9e62105ac7a/datanode-3/meta/datanode.id
2022-07-02 07:22:10,730 [Listener at 127.0.0.1/38347] INFO  upgrade.AbstractLayoutVersionManager (AbstractLayoutVersionManager.java:init(82)) - Initializing Layout version manager with metadata layout = DATANODE_SCHEMA_V3 (version = 4), software layout = DATANODE_SCHEMA_V3 (version = 4)
2022-07-02 07:22:10,952 [Listener at 127.0.0.1/38347] INFO  reflections.Reflections (Reflections.java:scan(232)) - Reflections took 220 ms to scan 7 urls, producing 132 keys and 317 values 
2022-07-02 07:22:10,953 [Listener at 127.0.0.1/38347] INFO  statemachine.DatanodeStateMachine (DatanodeStateMachine.java:getEndPointTaskThreadPoolSize(237)) - Datanode State Machine Task Thread Pool size 2
2022-07-02 07:22:10,973 [Listener at 127.0.0.1/38347] INFO  volume.HddsVolume (HddsVolume.java:<init>(116)) - Creating HddsVolume: /home/runner/work/ozone/ozone/hadoop-ozone/integration-test/target/test-dir/MiniOzoneClusterImpl-2091899c-1ec3-4d3e-95df-d9e62105ac7a/datanode-4/data-0/containers/hdds of storage type : DISK capacity : 9223372036854775807
2022-07-02 07:22:10,973 [Listener at 127.0.0.1/38347] INFO  volume.MutableVolumeSet (MutableVolumeSet.java:initializeVolumeSet(174)) - Added Volume : /home/runner/work/ozone/ozone/hadoop-ozone/integration-test/target/test-dir/MiniOzoneClusterImpl-2091899c-1ec3-4d3e-95df-d9e62105ac7a/datanode-4/data-0/containers/hdds to VolumeSet
2022-07-02 07:22:10,974 [Listener at 127.0.0.1/38347] INFO  volume.ThrottledAsyncChecker (ThrottledAsyncChecker.java:schedule(141)) - Scheduling a check for /home/runner/work/ozone/ozone/hadoop-ozone/integration-test/target/test-dir/MiniOzoneClusterImpl-2091899c-1ec3-4d3e-95df-d9e62105ac7a/datanode-4/data-0/containers/hdds
2022-07-02 07:22:10,984 [Listener at 127.0.0.1/38347] INFO  volume.StorageVolumeChecker (StorageVolumeChecker.java:checkAllVolumes(202)) - Scheduled health check for volume /home/runner/work/ozone/ozone/hadoop-ozone/integration-test/target/test-dir/MiniOzoneClusterImpl-2091899c-1ec3-4d3e-95df-d9e62105ac7a/datanode-4/data-0/containers/hdds
2022-07-02 07:22:11,057 [Listener at 127.0.0.1/38347] INFO  volume.MutableVolumeSet (MutableVolumeSet.java:initializeVolumeSet(174)) - Added Volume : /home/runner/work/ozone/ozone/hadoop-ozone/integration-test/target/test-dir/MiniOzoneClusterImpl-2091899c-1ec3-4d3e-95df-d9e62105ac7a/datanode-4/data/ratis to VolumeSet
2022-07-02 07:22:11,058 [Listener at 127.0.0.1/38347] INFO  volume.ThrottledAsyncChecker (ThrottledAsyncChecker.java:schedule(141)) - Scheduling a check for /home/runner/work/ozone/ozone/hadoop-ozone/integration-test/target/test-dir/MiniOzoneClusterImpl-2091899c-1ec3-4d3e-95df-d9e62105ac7a/datanode-4/data/ratis
2022-07-02 07:22:11,068 [Listener at 127.0.0.1/38347] INFO  volume.StorageVolumeChecker (StorageVolumeChecker.java:checkAllVolumes(202)) - Scheduled health check for volume /home/runner/work/ozone/ozone/hadoop-ozone/integration-test/target/test-dir/MiniOzoneClusterImpl-2091899c-1ec3-4d3e-95df-d9e62105ac7a/datanode-4/data/ratis
2022-07-02 07:22:11,115 [Thread-1165] INFO  ozoneimpl.ContainerReader (ContainerReader.java:readVolume(172)) - Finish verifying containers on volume /home/runner/work/ozone/ozone/hadoop-ozone/integration-test/target/test-dir/MiniOzoneClusterImpl-2091899c-1ec3-4d3e-95df-d9e62105ac7a/datanode-4/data-0/containers/hdds
2022-07-02 07:22:11,115 [Listener at 127.0.0.1/38347] INFO  ozoneimpl.OzoneContainer (OzoneContainer.java:buildContainerSet(266)) - Build ContainerSet costs 0s
2022-07-02 07:22:11,117 [Listener at 127.0.0.1/38347] INFO  server.RaftServer (ConfUtils.java:logGet(46)) - raft.rpc.type = GRPC (default)
2022-07-02 07:22:11,117 [Listener at 127.0.0.1/38347] INFO  grpc.GrpcFactory (GrpcFactory.java:checkPooledByteBufAllocatorUseCacheForAllThreads(48)) - PERFORMANCE WARNING: useCacheForAllThreads is true that may cause Netty to create a lot garbage objects and, as a result, trigger GC.
	It is recommended to disable useCacheForAllThreads by setting -Dorg.apache.ratis.thirdparty.io.netty.allocator.useCacheForAllThreads=false in command line.
2022-07-02 07:22:11,117 [Listener at 127.0.0.1/38347] INFO  grpc.GrpcConfigKeys (ConfUtils.java:logGet(46)) - raft.grpc.admin.port = 0 (custom)
2022-07-02 07:22:11,117 [Listener at 127.0.0.1/38347] INFO  grpc.GrpcConfigKeys (ConfUtils.java:logGet(46)) - raft.grpc.client.port = 0 (custom)
2022-07-02 07:22:11,118 [Listener at 127.0.0.1/38347] INFO  grpc.GrpcConfigKeys (ConfUtils.java:logGet(46)) - raft.grpc.server.port = 0 (default)
2022-07-02 07:22:11,118 [Listener at 127.0.0.1/38347] INFO  server.GrpcService (ConfUtils.java:logGet(46)) - raft.grpc.message.size.max = 32MB (=33554432) (custom)
2022-07-02 07:22:11,118 [Listener at 127.0.0.1/38347] INFO  server.RaftServerConfigKeys (ConfUtils.java:logGet(46)) - raft.server.log.appender.buffer.byte-limit = 33554432 (custom)
2022-07-02 07:22:11,118 [Listener at 127.0.0.1/38347] INFO  server.GrpcService (ConfUtils.java:logGet(46)) - raft.grpc.flow.control.window = 5MB (=5242880) (custom)
2022-07-02 07:22:11,118 [Listener at 127.0.0.1/38347] INFO  server.RaftServerConfigKeys (ConfUtils.java:logGet(46)) - raft.server.rpc.request.timeout = 60s (custom)
2022-07-02 07:22:11,118 [Listener at 127.0.0.1/38347] INFO  grpc.GrpcConfigKeys (ConfUtils.java:logGet(46)) - raft.grpc.server.async.request.thread.pool.cached = true (default)
2022-07-02 07:22:11,118 [Listener at 127.0.0.1/38347] INFO  grpc.GrpcConfigKeys (ConfUtils.java:logGet(46)) - raft.grpc.server.async.request.thread.pool.size = 32 (default)
2022-07-02 07:22:11,119 [Listener at 127.0.0.1/38347] INFO  impl.DataStreamServerImpl (ConfUtils.java:logGet(46)) - raft.datastream.type = DISABLED (default)
2022-07-02 07:22:11,120 [Listener at 127.0.0.1/38347] INFO  server.RaftServerConfigKeys (ConfUtils.java:logGet(46)) - raft.server.threadpool.proxy.cached = true (default)
2022-07-02 07:22:11,120 [Listener at 127.0.0.1/38347] INFO  server.RaftServerConfigKeys (ConfUtils.java:logGet(46)) - raft.server.threadpool.proxy.size = 0 (default)
2022-07-02 07:22:11,120 [Listener at 127.0.0.1/38347] INFO  server.RaftServerConfigKeys (ConfUtils.java:logGet(46)) - raft.server.rpc.slowness.timeout = 300s (custom)
2022-07-02 07:22:11,120 [Listener at 127.0.0.1/38347] INFO  server.RaftServerConfigKeys (ConfUtils.java:logGet(46)) - raft.server.leaderelection.leader.step-down.wait-time = 10s (default)
2022-07-02 07:22:11,120 [Listener at 127.0.0.1/38347] INFO  server.RaftServerConfigKeys (ConfUtils.java:logGet(46)) - raft.server.storage.dir = [/home/runner/work/ozone/ozone/hadoop-ozone/integration-test/target/test-dir/MiniOzoneClusterImpl-2091899c-1ec3-4d3e-95df-d9e62105ac7a/datanode-4/data/ratis] (custom)
2022-07-02 07:22:11,147 [Listener at 127.0.0.1/38347] INFO  server.XceiverServerGrpc (XceiverServerGrpc.java:<init>(132)) - GrpcServer channel type EpollServerSocketChannel
2022-07-02 07:22:11,149 [EndpointStateMachine task thread for /0.0.0.0:40587 - 0 ] INFO  volume.HddsVolume (HddsVolume.java:createDbStore(309)) - SchemaV3 db is created and loaded at /home/runner/work/ozone/ozone/hadoop-ozone/integration-test/target/test-dir/MiniOzoneClusterImpl-2091899c-1ec3-4d3e-95df-d9e62105ac7a/datanode-2/data-0/containers/hdds/2091899c-1ec3-4d3e-95df-d9e62105ac7a/DS-c1535984-69db-432e-a60a-08b7682e285d/container.db for volume DS-c1535984-69db-432e-a60a-08b7682e285d
2022-07-02 07:22:11,167 [EndpointStateMachine task thread for /0.0.0.0:40587 - 0 ] INFO  volume.HddsVolume (HddsVolume.java:closeDbStore(340)) - SchemaV3 db is stopped at /home/runner/work/ozone/ozone/hadoop-ozone/integration-test/target/test-dir/MiniOzoneClusterImpl-2091899c-1ec3-4d3e-95df-d9e62105ac7a/datanode-2/data-0/containers/hdds/2091899c-1ec3-4d3e-95df-d9e62105ac7a/DS-c1535984-69db-432e-a60a-08b7682e285d/container.db for volume DS-c1535984-69db-432e-a60a-08b7682e285d
2022-07-02 07:22:11,168 [EndpointStateMachine task thread for /0.0.0.0:40587 - 0 ] INFO  ozoneimpl.OzoneContainer (OzoneContainer.java:start(344)) - Attempting to start container services.
2022-07-02 07:22:11,168 [EndpointStateMachine task thread for /0.0.0.0:40587 - 0 ] INFO  ozoneimpl.OzoneContainer (OzoneContainer.java:startContainerScrub(279)) - Background container scanner has been disabled.
2022-07-02 07:22:11,188 [Listener at 127.0.0.1/38347] INFO  http.BaseHttpServer (BaseHttpServer.java:newHttpServer2BuilderForOzone(209)) - Starting Web-server for hddsDatanode at: http://0.0.0.0:0
2022-07-02 07:22:11,188 [Listener at 127.0.0.1/38347] INFO  http.BaseHttpServer (BaseHttpServer.java:<init>(107)) - Hadoop Security Enabled: false Ozone Security Enabled: false Ozone HTTP Security Enabled: false 
2022-07-02 07:22:11,189 [Listener at 127.0.0.1/38347] INFO  server.AuthenticationFilter (AuthenticationFilter.java:constructSecretProvider(240)) - Unable to initialize FileSignerSecretProvider, falling back to use random secrets.
2022-07-02 07:22:11,200 [Listener at 127.0.0.1/38347] WARN  http.HttpRequestLog (HttpRequestLog.java:getRequestLog(103)) - Jetty request log can only be enabled using Log4j
2022-07-02 07:22:11,201 [Listener at 127.0.0.1/38347] INFO  http.HttpServer2 (HttpServer2.java:addGlobalFilter(1029)) - Added global filter 'safety' (class=org.apache.hadoop.hdds.server.http.HttpServer2$QuotingInputFilter)
2022-07-02 07:22:11,202 [Listener at 127.0.0.1/38347] INFO  http.HttpServer2 (HttpServer2.java:addFilter(1005)) - Added filter static_user_filter (class=org.apache.hadoop.http.lib.StaticUserWebFilter$StaticUserFilter) to context hddsDatanode
2022-07-02 07:22:11,202 [Listener at 127.0.0.1/38347] INFO  http.HttpServer2 (HttpServer2.java:addFilter(1013)) - Added filter static_user_filter (class=org.apache.hadoop.http.lib.StaticUserWebFilter$StaticUserFilter) to context logs
2022-07-02 07:22:11,202 [Listener at 127.0.0.1/38347] INFO  http.HttpServer2 (HttpServer2.java:addFilter(1013)) - Added filter static_user_filter (class=org.apache.hadoop.http.lib.StaticUserWebFilter$StaticUserFilter) to context static
2022-07-02 07:22:11,203 [Listener at 127.0.0.1/38347] INFO  http.HttpServer2 (HttpServer2.java:bindListener(1248)) - Jetty bound to port 46793
2022-07-02 07:22:11,203 [Listener at 127.0.0.1/38347] INFO  server.Server (Server.java:doStart(375)) - jetty-9.4.43.v20210629; built: 2021-06-30T11:07:22.254Z; git: 526006ecfa3af7f1a27ef3a288e2bef7ea9dd7e8; jvm 1.8.0_332-b09
2022-07-02 07:22:11,234 [Listener at 127.0.0.1/38347] INFO  server.session (DefaultSessionIdManager.java:doStart(334)) - DefaultSessionIdManager workerName=node0
2022-07-02 07:22:11,234 [Listener at 127.0.0.1/38347] INFO  server.session (DefaultSessionIdManager.java:doStart(339)) - No SessionScavenger set, using defaults
2022-07-02 07:22:11,235 [Listener at 127.0.0.1/38347] INFO  server.session (HouseKeeper.java:startScavenging(132)) - node0 Scavenging every 600000ms
2022-07-02 07:22:11,236 [Listener at 127.0.0.1/38347] INFO  handler.ContextHandler (ContextHandler.java:doStart(915)) - Started o.e.j.s.ServletContextHandler@1aa1e49b{logs,/logs,file:///home/runner/work/ozone/ozone/hadoop-ozone/integration-test/target/log,AVAILABLE}
2022-07-02 07:22:11,245 [EndpointStateMachine task thread for /0.0.0.0:40587 - 0 ] INFO  replication.ReplicationServer (ReplicationServer.java:start(111)) - ReplicationServer is started using port 41829
2022-07-02 07:22:11,246 [EndpointStateMachine task thread for /0.0.0.0:40587 - 0 ] INFO  ratis.XceiverServerRatis (XceiverServerRatis.java:start(481)) - Starting XceiverServerRatis c8c7f6e9-7147-4113-9ab5-2be4ccc0fabe
2022-07-02 07:22:11,247 [EndpointStateMachine task thread for /0.0.0.0:40587 - 0 ] INFO  server.RaftServer (RaftServerProxy.java:lambda$start$6(382)) - c8c7f6e9-7147-4113-9ab5-2be4ccc0fabe: start RPC server
2022-07-02 07:22:11,257 [Listener at 127.0.0.1/38347] INFO  handler.ContextHandler (ContextHandler.java:doStart(915)) - Started o.e.j.s.ServletContextHandler@6457eeea{static,/static,jar:file:/home/runner/.m2/repository/org/apache/ozone/hdds-container-service/1.3.0-SNAPSHOT/hdds-container-service-1.3.0-SNAPSHOT.jar!/webapps/static,AVAILABLE}
2022-07-02 07:22:11,264 [EndpointStateMachine task thread for /0.0.0.0:40587 - 0 ] INFO  server.GrpcService (GrpcService.java:startImpl(260)) - c8c7f6e9-7147-4113-9ab5-2be4ccc0fabe: GrpcService started, listening on 43257
2022-07-02 07:22:11,265 [EndpointStateMachine task thread for /0.0.0.0:40587 - 0 ] INFO  ratis.XceiverServerRatis (XceiverServerRatis.java:getRealPort(502)) - XceiverServerRatis c8c7f6e9-7147-4113-9ab5-2be4ccc0fabe is started using port 43257 for RATIS
2022-07-02 07:22:11,265 [EndpointStateMachine task thread for /0.0.0.0:40587 - 0 ] INFO  ratis.XceiverServerRatis (XceiverServerRatis.java:getRealPort(502)) - XceiverServerRatis c8c7f6e9-7147-4113-9ab5-2be4ccc0fabe is started using port 43257 for RATIS_ADMIN
2022-07-02 07:22:11,265 [EndpointStateMachine task thread for /0.0.0.0:40587 - 0 ] INFO  ratis.XceiverServerRatis (XceiverServerRatis.java:getRealPort(502)) - XceiverServerRatis c8c7f6e9-7147-4113-9ab5-2be4ccc0fabe is started using port 43257 for RATIS_SERVER
2022-07-02 07:22:11,265 [org.apache.ratis.util.JvmPauseMonitor$$Lambda$611/1072797734@79816f47] INFO  util.JvmPauseMonitor (JvmPauseMonitor.java:run(103)) - JvmPauseMonitor-c8c7f6e9-7147-4113-9ab5-2be4ccc0fabe: Started
2022-07-02 07:22:11,334 [EndpointStateMachine task thread for /0.0.0.0:40587 - 0 ] INFO  server.XceiverServerGrpc (XceiverServerGrpc.java:start(180)) - XceiverServerGrpc c8c7f6e9-7147-4113-9ab5-2be4ccc0fabe is started using port 33961
2022-07-02 07:22:11,840 [IPC Server handler 2 on default port 40587] INFO  net.NetworkTopologyImpl (NetworkTopologyImpl.java:add(112)) - Added a new node: /default-rack/85df8eb1-77a9-48e2-b795-4ce99b081c64
2022-07-02 07:22:11,840 [IPC Server handler 2 on default port 40587] INFO  node.SCMNodeManager (SCMNodeManager.java:register(397)) - Registered Data node : 85df8eb1-77a9-48e2-b795-4ce99b081c64{ip: 10.1.0.20, host: fv-az444-838.dthhdds2jluu1c0oa55ndv1hsg.dx.internal.cloudapp.net, ports: [REPLICATION=33195, RATIS=33453, RATIS_ADMIN=33453, RATIS_SERVER=33453, STANDALONE=40055], networkLocation: /default-rack, certSerialId: null, persistedOpState: null, persistedOpStateExpiryEpochSec: 0}
2022-07-02 07:22:11,840 [EventQueue-NewNodeForNewNodeHandler] INFO  pipeline.BackgroundPipelineCreator (BackgroundPipelineCreator.java:notifyEventTriggered(275)) - trigger a one-shot run on RatisPipelineUtilsThread.
2022-07-02 07:22:11,866 [EventQueue-NodeRegistrationContainerReportForDataNodeSafeModeRule] INFO  safemode.SCMSafeModeManager (DataNodeSafeModeRule.java:process(71)) - SCM in safe mode. 2 DataNodes registered, 3 required.
2022-07-02 07:22:11,889 [RatisPipelineUtilsThread - 0] INFO  pipeline.RatisPipelineProvider (RatisPipelineProvider.java:lambda$create$0(195)) - Sending CreatePipelineCommand for pipeline:PipelineID=9bf07b7f-b26a-4686-9302-1eff544401f8 to datanode:85df8eb1-77a9-48e2-b795-4ce99b081c64
2022-07-02 07:22:11,890 [RatisPipelineUtilsThread - 0] INFO  pipeline.PipelineStateManagerImpl (PipelineStateManagerImpl.java:addPipeline(101)) - Created pipeline Pipeline[ Id: 9bf07b7f-b26a-4686-9302-1eff544401f8, Nodes: 85df8eb1-77a9-48e2-b795-4ce99b081c64{ip: 10.1.0.20, host: fv-az444-838.dthhdds2jluu1c0oa55ndv1hsg.dx.internal.cloudapp.net, ports: [REPLICATION=33195, RATIS=33453, RATIS_ADMIN=33453, RATIS_SERVER=33453, STANDALONE=40055], networkLocation: /default-rack, certSerialId: null, persistedOpState: IN_SERVICE, persistedOpStateExpiryEpochSec: 0}, ReplicationConfig: RATIS/ONE, State:ALLOCATED, leaderId:, CreationTimestamp2022-07-02T07:22:11.889Z[Etc/UTC]].
2022-07-02 07:22:12,079 [Listener at 127.0.0.1/38347] INFO  handler.ContextHandler (ContextHandler.java:doStart(915)) - Started o.e.j.w.WebAppContext@5deec063{hddsDatanode,/,file:///tmp/jetty-0_0_0_0-46793-hdds-container-service-1_3_0-SNAPSHOT_jar-_-any-8408946595991079414/webapp/,AVAILABLE}{jar:file:/home/runner/.m2/repository/org/apache/ozone/hdds-container-service/1.3.0-SNAPSHOT/hdds-container-service-1.3.0-SNAPSHOT.jar!/webapps/hddsDatanode}
2022-07-02 07:22:12,113 [Listener at 127.0.0.1/38347] INFO  server.AbstractConnector (AbstractConnector.java:doStart(331)) - Started ServerConnector@56d7ff9{HTTP/1.1, (http/1.1)}{0.0.0.0:46793}
2022-07-02 07:22:12,113 [Listener at 127.0.0.1/38347] INFO  server.Server (Server.java:doStart(415)) - Started @158723ms
2022-07-02 07:22:12,113 [Listener at 127.0.0.1/38347] WARN  impl.MetricsSystemImpl (MetricsSystemImpl.java:register(279)) - Sink prometheus already exists!
2022-07-02 07:22:12,114 [Listener at 127.0.0.1/38347] INFO  http.BaseHttpServer (BaseHttpServer.java:updateConnectorAddress(329)) - HTTP server of hddsDatanode listening at http://0.0.0.0:46793
2022-07-02 07:22:12,132 [Listener at 127.0.0.1/38347] INFO  ozone.MiniOzoneClusterImpl (MiniOzoneClusterImpl.java:lambda$waitForClusterToBeReady$0(223)) - Waiting for nodes to be ready. Got 2 of 5 DN Heartbeats.
2022-07-02 07:22:12,132 [Listener at 127.0.0.1/38347] INFO  ozone.MiniOzoneClusterImpl (MiniOzoneClusterImpl.java:lambda$waitForClusterToBeReady$0(226)) - Waiting for cluster to exit safe mode
2022-07-02 07:22:12,132 [Listener at 127.0.0.1/38347] INFO  ozone.MiniOzoneClusterImpl (MiniOzoneClusterImpl.java:lambda$waitForClusterToBeReady$0(228)) - SCM became leader
2022-07-02 07:22:12,136 [Datanode State Machine Daemon Thread] INFO  statemachine.DatanodeStateMachine (DatanodeStateMachine.java:lambda$startDaemon$0(492)) - Ozone container server started.
2022-07-02 07:22:12,204 [org.apache.hadoop.util.JvmPauseMonitor$Monitor@1777b400] INFO  util.JvmPauseMonitor (JvmPauseMonitor.java:run(188)) - Starting JVM pause monitor
2022-07-02 07:22:12,241 [Datanode State Machine Task Thread - 0] INFO  datanode.InitDatanodeState (InitDatanodeState.java:persistContainerDatanodeDetails(138)) - DatanodeDetails is persisted to /home/runner/work/ozone/ozone/hadoop-ozone/integration-test/target/test-dir/MiniOzoneClusterImpl-2091899c-1ec3-4d3e-95df-d9e62105ac7a/datanode-4/meta/datanode.id
2022-07-02 07:22:12,799 [EndpointStateMachine task thread for /0.0.0.0:40587 - 0 ] INFO  volume.HddsVolume (HddsVolume.java:createDbStore(309)) - SchemaV3 db is created and loaded at /home/runner/work/ozone/ozone/hadoop-ozone/integration-test/target/test-dir/MiniOzoneClusterImpl-2091899c-1ec3-4d3e-95df-d9e62105ac7a/datanode-3/data-0/containers/hdds/2091899c-1ec3-4d3e-95df-d9e62105ac7a/DS-4c77c5c9-64d5-4d37-815f-9eb60e27b1f8/container.db for volume DS-4c77c5c9-64d5-4d37-815f-9eb60e27b1f8
2022-07-02 07:22:12,799 [EndpointStateMachine task thread for /0.0.0.0:40587 - 0 ] INFO  volume.HddsVolume (HddsVolume.java:closeDbStore(340)) - SchemaV3 db is stopped at /home/runner/work/ozone/ozone/hadoop-ozone/integration-test/target/test-dir/MiniOzoneClusterImpl-2091899c-1ec3-4d3e-95df-d9e62105ac7a/datanode-3/data-0/containers/hdds/2091899c-1ec3-4d3e-95df-d9e62105ac7a/DS-4c77c5c9-64d5-4d37-815f-9eb60e27b1f8/container.db for volume DS-4c77c5c9-64d5-4d37-815f-9eb60e27b1f8
2022-07-02 07:22:12,800 [EndpointStateMachine task thread for /0.0.0.0:40587 - 0 ] INFO  ozoneimpl.OzoneContainer (OzoneContainer.java:start(344)) - Attempting to start container services.
2022-07-02 07:22:12,800 [EndpointStateMachine task thread for /0.0.0.0:40587 - 0 ] INFO  ozoneimpl.OzoneContainer (OzoneContainer.java:startContainerScrub(279)) - Background container scanner has been disabled.
2022-07-02 07:22:12,832 [EndpointStateMachine task thread for /0.0.0.0:40587 - 0 ] INFO  replication.ReplicationServer (ReplicationServer.java:start(111)) - ReplicationServer is started using port 38859
2022-07-02 07:22:12,833 [EndpointStateMachine task thread for /0.0.0.0:40587 - 0 ] INFO  ratis.XceiverServerRatis (XceiverServerRatis.java:start(481)) - Starting XceiverServerRatis b1084062-54e4-4f5e-9113-5676fdd37f8c
2022-07-02 07:22:12,834 [EndpointStateMachine task thread for /0.0.0.0:40587 - 0 ] INFO  server.RaftServer (RaftServerProxy.java:lambda$start$6(382)) - b1084062-54e4-4f5e-9113-5676fdd37f8c: start RPC server
2022-07-02 07:22:12,853 [EndpointStateMachine task thread for /0.0.0.0:40587 - 0 ] INFO  server.GrpcService (GrpcService.java:startImpl(260)) - b1084062-54e4-4f5e-9113-5676fdd37f8c: GrpcService started, listening on 38501
2022-07-02 07:22:12,853 [EndpointStateMachine task thread for /0.0.0.0:40587 - 0 ] INFO  ratis.XceiverServerRatis (XceiverServerRatis.java:getRealPort(502)) - XceiverServerRatis b1084062-54e4-4f5e-9113-5676fdd37f8c is started using port 38501 for RATIS
2022-07-02 07:22:12,853 [EndpointStateMachine task thread for /0.0.0.0:40587 - 0 ] INFO  ratis.XceiverServerRatis (XceiverServerRatis.java:getRealPort(502)) - XceiverServerRatis b1084062-54e4-4f5e-9113-5676fdd37f8c is started using port 38501 for RATIS_ADMIN
2022-07-02 07:22:12,853 [org.apache.ratis.util.JvmPauseMonitor$$Lambda$611/1072797734@446080a5] INFO  util.JvmPauseMonitor (JvmPauseMonitor.java:run(103)) - JvmPauseMonitor-b1084062-54e4-4f5e-9113-5676fdd37f8c: Started
2022-07-02 07:22:12,853 [EndpointStateMachine task thread for /0.0.0.0:40587 - 0 ] INFO  ratis.XceiverServerRatis (XceiverServerRatis.java:getRealPort(502)) - XceiverServerRatis b1084062-54e4-4f5e-9113-5676fdd37f8c is started using port 38501 for RATIS_SERVER
2022-07-02 07:22:12,881 [EndpointStateMachine task thread for /0.0.0.0:40587 - 0 ] INFO  server.XceiverServerGrpc (XceiverServerGrpc.java:start(180)) - XceiverServerGrpc b1084062-54e4-4f5e-9113-5676fdd37f8c is started using port 39555
2022-07-02 07:22:12,993 [IPC Server handler 0 on default port 40587] INFO  net.NetworkTopologyImpl (NetworkTopologyImpl.java:add(112)) - Added a new node: /default-rack/c8c7f6e9-7147-4113-9ab5-2be4ccc0fabe
2022-07-02 07:22:12,993 [IPC Server handler 0 on default port 40587] INFO  node.SCMNodeManager (SCMNodeManager.java:register(397)) - Registered Data node : c8c7f6e9-7147-4113-9ab5-2be4ccc0fabe{ip: 10.1.0.20, host: fv-az444-838.dthhdds2jluu1c0oa55ndv1hsg.dx.internal.cloudapp.net, ports: [REPLICATION=41829, RATIS=43257, RATIS_ADMIN=43257, RATIS_SERVER=43257, STANDALONE=33961], networkLocation: /default-rack, certSerialId: null, persistedOpState: null, persistedOpStateExpiryEpochSec: 0}
2022-07-02 07:22:12,993 [EventQueue-NewNodeForNewNodeHandler] INFO  pipeline.BackgroundPipelineCreator (BackgroundPipelineCreator.java:notifyEventTriggered(275)) - trigger a one-shot run on RatisPipelineUtilsThread.
2022-07-02 07:22:12,994 [RatisPipelineUtilsThread - 0] INFO  pipeline.RatisPipelineProvider (RatisPipelineProvider.java:lambda$create$0(195)) - Sending CreatePipelineCommand for pipeline:PipelineID=e2a0edc7-d6ff-4f44-99c8-32831628082b to datanode:c8c7f6e9-7147-4113-9ab5-2be4ccc0fabe
2022-07-02 07:22:12,994 [RatisPipelineUtilsThread - 0] INFO  pipeline.PipelineStateManagerImpl (PipelineStateManagerImpl.java:addPipeline(101)) - Created pipeline Pipeline[ Id: e2a0edc7-d6ff-4f44-99c8-32831628082b, Nodes: c8c7f6e9-7147-4113-9ab5-2be4ccc0fabe{ip: 10.1.0.20, host: fv-az444-838.dthhdds2jluu1c0oa55ndv1hsg.dx.internal.cloudapp.net, ports: [REPLICATION=41829, RATIS=43257, RATIS_ADMIN=43257, RATIS_SERVER=43257, STANDALONE=33961], networkLocation: /default-rack, certSerialId: null, persistedOpState: IN_SERVICE, persistedOpStateExpiryEpochSec: 0}, ReplicationConfig: RATIS/ONE, State:ALLOCATED, leaderId:, CreationTimestamp2022-07-02T07:22:12.994Z[Etc/UTC]].
2022-07-02 07:22:12,995 [EventQueue-NodeRegistrationContainerReportForDataNodeSafeModeRule] INFO  safemode.SCMSafeModeManager (DataNodeSafeModeRule.java:process(71)) - SCM in safe mode. 3 DataNodes registered, 3 required.
2022-07-02 07:22:12,995 [EventQueue-NodeRegistrationContainerReportForDataNodeSafeModeRule] INFO  safemode.SCMSafeModeManager (SCMSafeModeManager.java:validateSafeModeExitRules(204)) - DataNodeSafeModeRule rule is successfully validated
2022-07-02 07:22:12,995 [EventQueue-NodeRegistrationContainerReportForDataNodeSafeModeRule] INFO  safemode.SCMSafeModeManager (SCMSafeModeManager.java:completePreCheck(233)) - All SCM safe mode pre check rules have passed
2022-07-02 07:22:12,995 [EventQueue-NodeRegistrationContainerReportForDataNodeSafeModeRule] WARN  events.EventQueue (EventQueue.java:fireEvent(216)) - No event handler registered for event TypedEvent{payloadType=SafeModeStatus, name='Safe mode status'}
2022-07-02 07:22:12,995 [EventQueue-NodeRegistrationContainerReportForDataNodeSafeModeRule] INFO  ha.SCMContext (SCMContext.java:updateSafeModeStatus(228)) - Update SafeModeStatus from SafeModeStatus{safeModeStatus=true, preCheckPassed=false} to SafeModeStatus{safeModeStatus=true, preCheckPassed=true}.
2022-07-02 07:22:12,995 [EventQueue-NodeRegistrationContainerReportForDataNodeSafeModeRule] INFO  pipeline.BackgroundPipelineCreator (BackgroundPipelineCreator.java:notifyEventTriggered(275)) - trigger a one-shot run on RatisPipelineUtilsThread.
2022-07-02 07:22:12,996 [RatisPipelineUtilsThread - 0] INFO  pipeline.RatisPipelineProvider (RatisPipelineProvider.java:lambda$create$0(195)) - Sending CreatePipelineCommand for pipeline:PipelineID=4c386858-29cc-4ec6-a20f-4947c190d023 to datanode:c8c7f6e9-7147-4113-9ab5-2be4ccc0fabe
2022-07-02 07:22:12,996 [RatisPipelineUtilsThread - 0] INFO  pipeline.RatisPipelineProvider (RatisPipelineProvider.java:lambda$create$0(195)) - Sending CreatePipelineCommand for pipeline:PipelineID=4c386858-29cc-4ec6-a20f-4947c190d023 to datanode:8384da11-bc81-4aa4-8438-a9cb526b8e6b
2022-07-02 07:22:12,996 [RatisPipelineUtilsThread - 0] INFO  pipeline.RatisPipelineProvider (RatisPipelineProvider.java:lambda$create$0(195)) - Sending CreatePipelineCommand for pipeline:PipelineID=4c386858-29cc-4ec6-a20f-4947c190d023 to datanode:85df8eb1-77a9-48e2-b795-4ce99b081c64
2022-07-02 07:22:12,997 [RatisPipelineUtilsThread - 0] INFO  pipeline.PipelineStateManagerImpl (PipelineStateManagerImpl.java:addPipeline(101)) - Created pipeline Pipeline[ Id: 4c386858-29cc-4ec6-a20f-4947c190d023, Nodes: c8c7f6e9-7147-4113-9ab5-2be4ccc0fabe{ip: 10.1.0.20, host: fv-az444-838.dthhdds2jluu1c0oa55ndv1hsg.dx.internal.cloudapp.net, ports: [REPLICATION=41829, RATIS=43257, RATIS_ADMIN=43257, RATIS_SERVER=43257, STANDALONE=33961], networkLocation: /default-rack, certSerialId: null, persistedOpState: IN_SERVICE, persistedOpStateExpiryEpochSec: 0}8384da11-bc81-4aa4-8438-a9cb526b8e6b{ip: 10.1.0.20, host: fv-az444-838.dthhdds2jluu1c0oa55ndv1hsg.dx.internal.cloudapp.net, ports: [REPLICATION=33083, RATIS=41153, RATIS_ADMIN=41153, RATIS_SERVER=41153, STANDALONE=39651], networkLocation: /default-rack, certSerialId: null, persistedOpState: IN_SERVICE, persistedOpStateExpiryEpochSec: 0}85df8eb1-77a9-48e2-b795-4ce99b081c64{ip: 10.1.0.20, host: fv-az444-838.dthhdds2jluu1c0oa55ndv1hsg.dx.internal.cloudapp.net, ports: [REPLICATION=33195, RATIS=33453, RATIS_ADMIN=33453, RATIS_SERVER=33453, STANDALONE=40055], networkLocation: /default-rack, certSerialId: null, persistedOpState: IN_SERVICE, persistedOpStateExpiryEpochSec: 0}, ReplicationConfig: RATIS/THREE, State:ALLOCATED, leaderId:, CreationTimestamp2022-07-02T07:22:12.996Z[Etc/UTC]].
2022-07-02 07:22:12,997 [RatisPipelineUtilsThread - 0] INFO  pipeline.RatisPipelineProvider (RatisPipelineProvider.java:lambda$create$0(195)) - Sending CreatePipelineCommand for pipeline:PipelineID=ae62c9d3-ca9c-4617-85c0-d4572dc721ba to datanode:c8c7f6e9-7147-4113-9ab5-2be4ccc0fabe
2022-07-02 07:22:12,997 [RatisPipelineUtilsThread - 0] INFO  pipeline.RatisPipelineProvider (RatisPipelineProvider.java:lambda$create$0(195)) - Sending CreatePipelineCommand for pipeline:PipelineID=ae62c9d3-ca9c-4617-85c0-d4572dc721ba to datanode:85df8eb1-77a9-48e2-b795-4ce99b081c64
2022-07-02 07:22:12,997 [RatisPipelineUtilsThread - 0] INFO  pipeline.RatisPipelineProvider (RatisPipelineProvider.java:lambda$create$0(195)) - Sending CreatePipelineCommand for pipeline:PipelineID=ae62c9d3-ca9c-4617-85c0-d4572dc721ba to datanode:8384da11-bc81-4aa4-8438-a9cb526b8e6b
2022-07-02 07:22:12,998 [RatisPipelineUtilsThread - 0] INFO  pipeline.PipelineStateManagerImpl (PipelineStateManagerImpl.java:addPipeline(101)) - Created pipeline Pipeline[ Id: ae62c9d3-ca9c-4617-85c0-d4572dc721ba, Nodes: c8c7f6e9-7147-4113-9ab5-2be4ccc0fabe{ip: 10.1.0.20, host: fv-az444-838.dthhdds2jluu1c0oa55ndv1hsg.dx.internal.cloudapp.net, ports: [REPLICATION=41829, RATIS=43257, RATIS_ADMIN=43257, RATIS_SERVER=43257, STANDALONE=33961], networkLocation: /default-rack, certSerialId: null, persistedOpState: IN_SERVICE, persistedOpStateExpiryEpochSec: 0}85df8eb1-77a9-48e2-b795-4ce99b081c64{ip: 10.1.0.20, host: fv-az444-838.dthhdds2jluu1c0oa55ndv1hsg.dx.internal.cloudapp.net, ports: [REPLICATION=33195, RATIS=33453, RATIS_ADMIN=33453, RATIS_SERVER=33453, STANDALONE=40055], networkLocation: /default-rack, certSerialId: null, persistedOpState: IN_SERVICE, persistedOpStateExpiryEpochSec: 0}8384da11-bc81-4aa4-8438-a9cb526b8e6b{ip: 10.1.0.20, host: fv-az444-838.dthhdds2jluu1c0oa55ndv1hsg.dx.internal.cloudapp.net, ports: [REPLICATION=33083, RATIS=41153, RATIS_ADMIN=41153, RATIS_SERVER=41153, STANDALONE=39651], networkLocation: /default-rack, certSerialId: null, persistedOpState: IN_SERVICE, persistedOpStateExpiryEpochSec: 0}, ReplicationConfig: RATIS/THREE, State:ALLOCATED, leaderId:, CreationTimestamp2022-07-02T07:22:12.997Z[Etc/UTC]].
2022-07-02 07:22:12,998 [RatisPipelineUtilsThread - 0] INFO  pipeline.PipelineManagerImpl (PipelineManagerImpl.java:recordMetricsForPipeline(780)) - Pipeline: PipelineID=ae62c9d3-ca9c-4617-85c0-d4572dc721ba contains same datanodes as previous pipelines: PipelineID=4c386858-29cc-4ec6-a20f-4947c190d023 nodeIds: c8c7f6e9-7147-4113-9ab5-2be4ccc0fabe, 85df8eb1-77a9-48e2-b795-4ce99b081c64, 8384da11-bc81-4aa4-8438-a9cb526b8e6b
2022-07-02 07:22:13,132 [Listener at 127.0.0.1/38347] INFO  ozone.MiniOzoneClusterImpl (MiniOzoneClusterImpl.java:lambda$waitForClusterToBeReady$0(223)) - Waiting for nodes to be ready. Got 3 of 5 DN Heartbeats.
2022-07-02 07:22:13,132 [Listener at 127.0.0.1/38347] INFO  ozone.MiniOzoneClusterImpl (MiniOzoneClusterImpl.java:lambda$waitForClusterToBeReady$0(226)) - Waiting for cluster to exit safe mode
2022-07-02 07:22:13,132 [Listener at 127.0.0.1/38347] INFO  ozone.MiniOzoneClusterImpl (MiniOzoneClusterImpl.java:lambda$waitForClusterToBeReady$0(228)) - SCM became leader
2022-07-02 07:22:13,467 [Command processor thread] INFO  server.RaftServer (RaftServerProxy.java:addNew(96)) - 8384da11-bc81-4aa4-8438-a9cb526b8e6b: addNew group-6C3B98F2AA87:[8384da11-bc81-4aa4-8438-a9cb526b8e6b|rpc:10.1.0.20:41153|priority:1] returns group-6C3B98F2AA87:java.util.concurrent.CompletableFuture@2708307f[Not completed]
2022-07-02 07:22:13,509 [pool-593-thread-1] INFO  server.RaftServer$Division (RaftServerImpl.java:<init>(190)) - 8384da11-bc81-4aa4-8438-a9cb526b8e6b: new RaftServerImpl for group-6C3B98F2AA87:[8384da11-bc81-4aa4-8438-a9cb526b8e6b|rpc:10.1.0.20:41153|priority:1] with ContainerStateMachine:uninitialized
2022-07-02 07:22:13,509 [pool-593-thread-1] INFO  server.RaftServerConfigKeys (ConfUtils.java:logGet(46)) - raft.server.rpc.timeout.min = 5s (custom)
2022-07-02 07:22:13,509 [pool-593-thread-1] INFO  server.RaftServerConfigKeys (ConfUtils.java:logGet(46)) - raft.server.rpc.timeout.max = 5200ms (custom)
2022-07-02 07:22:13,509 [pool-593-thread-1] INFO  server.RaftServerConfigKeys (ConfUtils.java:logGet(46)) - raft.server.rpc.sleep.time = 25ms (default)
2022-07-02 07:22:13,509 [pool-593-thread-1] INFO  server.RaftServerConfigKeys (ConfUtils.java:logGet(46)) - raft.server.rpc.slowness.timeout = 300s (custom)
2022-07-02 07:22:13,509 [pool-593-thread-1] INFO  server.RaftServerConfigKeys (ConfUtils.java:logGet(46)) - raft.server.leaderelection.leader.step-down.wait-time = 10s (default)
2022-07-02 07:22:13,509 [pool-593-thread-1] INFO  server.RaftServerConfigKeys (ConfUtils.java:logGet(46)) - raft.server.sleep.deviation.threshold = 300ms (default)
2022-07-02 07:22:13,509 [pool-593-thread-1] INFO  server.RaftServer$Division (ServerState.java:<init>(107)) - 8384da11-bc81-4aa4-8438-a9cb526b8e6b@group-6C3B98F2AA87: ConfigurationManager, init=-1: [8384da11-bc81-4aa4-8438-a9cb526b8e6b|rpc:10.1.0.20:41153|priority:1], old=null, confs=<EMPTY_MAP>
2022-07-02 07:22:13,510 [pool-593-thread-1] INFO  server.RaftServerConfigKeys (ConfUtils.java:logGet(46)) - raft.server.storage.dir = [/home/runner/work/ozone/ozone/hadoop-ozone/integration-test/target/test-dir/MiniOzoneClusterImpl-2091899c-1ec3-4d3e-95df-d9e62105ac7a/datanode-0/data/ratis] (custom)
2022-07-02 07:22:13,510 [pool-593-thread-1] INFO  server.RaftServerConfigKeys (ConfUtils.java:logGet(46)) - raft.server.log.corruption.policy = EXCEPTION (default)
2022-07-02 07:22:13,510 [pool-593-thread-1] INFO  server.RaftServerConfigKeys (ConfUtils.java:logGet(46)) - raft.server.storage.free-space.min = 0MB (=0) (default)
2022-07-02 07:22:13,510 [pool-593-thread-1] INFO  storage.RaftStorageDirectory (RaftStorageDirectoryImpl.java:analyzeStorage(135)) - The storage directory /home/runner/work/ozone/ozone/hadoop-ozone/integration-test/target/test-dir/MiniOzoneClusterImpl-2091899c-1ec3-4d3e-95df-d9e62105ac7a/datanode-0/data/ratis/0075361d-f262-498c-a149-6c3b98f2aa87 does not exist. Creating ...
2022-07-02 07:22:13,517 [pool-593-thread-1] INFO  storage.RaftStorageDirectory (RaftStorageDirectoryImpl.java:tryLock(230)) - Lock on /home/runner/work/ozone/ozone/hadoop-ozone/integration-test/target/test-dir/MiniOzoneClusterImpl-2091899c-1ec3-4d3e-95df-d9e62105ac7a/datanode-0/data/ratis/0075361d-f262-498c-a149-6c3b98f2aa87/in_use.lock acquired by nodename 16391@fv-az444-838
2022-07-02 07:22:13,532 [pool-593-thread-1] INFO  storage.RaftStorage (RaftStorageImpl.java:format(89)) - Storage directory /home/runner/work/ozone/ozone/hadoop-ozone/integration-test/target/test-dir/MiniOzoneClusterImpl-2091899c-1ec3-4d3e-95df-d9e62105ac7a/datanode-0/data/ratis/0075361d-f262-498c-a149-6c3b98f2aa87 has been successfully formatted.
2022-07-02 07:22:13,534 [pool-593-thread-1] INFO  ratis.ContainerStateMachine (ContainerStateMachine.java:loadSnapshot(236)) - group-6C3B98F2AA87: The snapshot info is null. Setting the last applied indexto:(t:0, i:~)
2022-07-02 07:22:13,534 [EventQueue-PipelineReportForPipelineReportHandler] INFO  pipeline.PipelineManagerImpl (PipelineManagerImpl.java:openPipeline(358)) - Pipeline Pipeline[ Id: 0075361d-f262-498c-a149-6c3b98f2aa87, Nodes: 8384da11-bc81-4aa4-8438-a9cb526b8e6b{ip: 10.1.0.20, host: fv-az444-838.dthhdds2jluu1c0oa55ndv1hsg.dx.internal.cloudapp.net, ports: [REPLICATION=33083, RATIS=41153, RATIS_ADMIN=41153, RATIS_SERVER=41153, STANDALONE=39651], networkLocation: /default-rack, certSerialId: null, persistedOpState: IN_SERVICE, persistedOpStateExpiryEpochSec: 0}, ReplicationConfig: RATIS/ONE, State:ALLOCATED, leaderId:8384da11-bc81-4aa4-8438-a9cb526b8e6b, CreationTimestamp2022-07-02T07:22:10.504Z[Etc/UTC]] moved to OPEN state
2022-07-02 07:22:13,535 [pool-593-thread-1] INFO  server.RaftServerConfigKeys (ConfUtils.java:logGet(46)) - raft.server.notification.no-leader.timeout = 300s (custom)
2022-07-02 07:22:13,535 [pool-593-thread-1] INFO  server.RaftServerConfigKeys (ConfUtils.java:logGet(46)) - raft.server.log.use.memory = false (default)
2022-07-02 07:22:13,535 [pool-593-thread-1] INFO  server.RaftServerConfigKeys (ConfUtils.java:logGet(46)) - raft.server.log.purge.gap = 1000000 (custom)
2022-07-02 07:22:13,535 [pool-593-thread-1] INFO  server.RaftServerConfigKeys (ConfUtils.java:logGet(46)) - raft.server.log.appender.buffer.byte-limit = 33554432 (custom)
2022-07-02 07:22:13,535 [pool-593-thread-1] INFO  server.RaftServerConfigKeys (ConfUtils.java:logGet(46)) - raft.server.log.statemachine.data.read.timeout = 1000ms (default)
2022-07-02 07:22:13,564 [EventQueue-OpenPipelineForHealthyPipelineSafeModeRule] INFO  safemode.SCMSafeModeManager (HealthyPipelineSafeModeRule.java:process(124)) - SCM in safe mode. Healthy pipelines reported count is 0, required healthy pipeline reported count is 1
2022-07-02 07:22:13,568 [pool-593-thread-1] INFO  server.RaftServerConfigKeys (ConfUtils.java:logGet(46)) - raft.server.log.segment.size.max = 1048576 (custom)
2022-07-02 07:22:13,569 [pool-593-thread-1] INFO  server.RaftServerConfigKeys (ConfUtils.java:logGet(46)) - raft.server.log.segment.cache.num.max = 2 (custom)
2022-07-02 07:22:13,569 [pool-593-thread-1] INFO  server.RaftServerConfigKeys (ConfUtils.java:logGet(46)) - raft.server.log.segment.cache.size.max = 200MB (=209715200) (default)
2022-07-02 07:22:13,569 [pool-593-thread-1] INFO  segmented.SegmentedRaftLogWorker (SegmentedRaftLogWorker.java:<init>(187)) - new 8384da11-bc81-4aa4-8438-a9cb526b8e6b@group-6C3B98F2AA87-SegmentedRaftLogWorker for RaftStorageImpl:Storage Directory /home/runner/work/ozone/ozone/hadoop-ozone/integration-test/target/test-dir/MiniOzoneClusterImpl-2091899c-1ec3-4d3e-95df-d9e62105ac7a/datanode-0/data/ratis/0075361d-f262-498c-a149-6c3b98f2aa87
2022-07-02 07:22:13,569 [pool-593-thread-1] INFO  server.RaftServerConfigKeys (ConfUtils.java:logGet(46)) - raft.server.log.queue.byte-limit = 4294967296 (custom)
2022-07-02 07:22:13,569 [pool-593-thread-1] INFO  server.RaftServerConfigKeys (ConfUtils.java:logGet(46)) - raft.server.log.queue.element-limit = 1024 (custom)
2022-07-02 07:22:13,569 [pool-593-thread-1] INFO  server.RaftServerConfigKeys (ConfUtils.java:logGet(46)) - raft.server.log.segment.size.max = 1048576 (custom)
2022-07-02 07:22:13,569 [pool-593-thread-1] INFO  server.RaftServerConfigKeys (ConfUtils.java:logGet(46)) - raft.server.log.preallocated.size = 16384 (custom)
2022-07-02 07:22:13,569 [pool-593-thread-1] INFO  server.RaftServerConfigKeys (ConfUtils.java:logGet(46)) - raft.server.log.force.sync.num = 128 (default)
2022-07-02 07:22:13,569 [pool-593-thread-1] INFO  server.RaftServerConfigKeys (ConfUtils.java:logGet(46)) - raft.server.log.statemachine.data.sync = true (default)
2022-07-02 07:22:13,569 [pool-593-thread-1] INFO  server.RaftServerConfigKeys (ConfUtils.java:logGet(46)) - raft.server.log.statemachine.data.sync.timeout = 10s (default)
2022-07-02 07:22:13,569 [pool-593-thread-1] INFO  server.RaftServerConfigKeys (ConfUtils.java:logGet(46)) - raft.server.log.statemachine.data.sync.timeout.retry = -1 (default)
2022-07-02 07:22:13,570 [pool-593-thread-1] INFO  server.RaftServerConfigKeys (ConfUtils.java:logGet(46)) - raft.server.log.write.buffer.size = 1048576 (custom)
2022-07-02 07:22:13,571 [pool-593-thread-1] INFO  server.RaftServerConfigKeys (ConfUtils.java:logGet(46)) - raft.server.log.unsafe-flush.enabled = false (default)
2022-07-02 07:22:13,571 [pool-593-thread-1] INFO  server.RaftServerConfigKeys (ConfUtils.java:logGet(46)) - raft.server.log.statemachine.data.caching.enabled = true (custom)
2022-07-02 07:22:13,571 [pool-593-thread-1] INFO  segmented.SegmentedRaftLogWorker (SegmentedRaftLogWorker.java:lambda$new$0(135)) - 8384da11-bc81-4aa4-8438-a9cb526b8e6b@group-6C3B98F2AA87-SegmentedRaftLogWorker: flushIndex: setUnconditionally 0 -> -1
2022-07-02 07:22:13,571 [pool-593-thread-1] INFO  segmented.SegmentedRaftLogWorker (SegmentedRaftLogWorker.java:lambda$new$0(135)) - 8384da11-bc81-4aa4-8438-a9cb526b8e6b@group-6C3B98F2AA87-SegmentedRaftLogWorker: safeCacheEvictIndex: setUnconditionally 0 -> -1
2022-07-02 07:22:13,588 [pool-593-thread-1] INFO  server.RaftServerConfigKeys (ConfUtils.java:logGet(46)) - raft.server.snapshot.auto.trigger.enabled = true (custom)
2022-07-02 07:22:13,588 [pool-593-thread-1] INFO  server.RaftServerConfigKeys (ConfUtils.java:logGet(46)) - raft.server.snapshot.auto.trigger.threshold = 10000 (custom)
2022-07-02 07:22:13,588 [pool-593-thread-1] INFO  server.RaftServerConfigKeys (ConfUtils.java:logGet(46)) - raft.server.snapshot.retention.file.num = 5 (custom)
2022-07-02 07:22:13,588 [pool-593-thread-1] INFO  server.RaftServerConfigKeys (ConfUtils.java:logGet(46)) - raft.server.log.purge.upto.snapshot.index = false (default)
2022-07-02 07:22:13,588 [pool-593-thread-1] INFO  server.RaftServerConfigKeys (ConfUtils.java:logGet(46)) - raft.server.retrycache.expirytime = 600000ms (custom)
2022-07-02 07:22:13,588 [pool-593-thread-1] INFO  server.RaftServerConfigKeys (ConfUtils.java:logGet(46)) - raft.server.retrycache.statistics.expirytime = 100μs (default)
2022-07-02 07:22:13,590 [pool-593-thread-1] INFO  server.RaftServerConfigKeys (ConfUtils.java:logGet(46)) - raft.server.log.appender.install.snapshot.enabled = false (custom)
2022-07-02 07:22:13,590 [pool-593-thread-1] INFO  server.RaftServerConfigKeys (ConfUtils.java:logGet(46)) - raft.server.threadpool.server.cached = true (default)
2022-07-02 07:22:13,590 [pool-593-thread-1] INFO  server.RaftServerConfigKeys (ConfUtils.java:logGet(46)) - raft.server.threadpool.server.size = 0 (default)
2022-07-02 07:22:13,590 [pool-593-thread-1] INFO  server.RaftServerConfigKeys (ConfUtils.java:logGet(46)) - raft.server.threadpool.client.cached = true (default)
2022-07-02 07:22:13,590 [pool-593-thread-1] INFO  server.RaftServerConfigKeys (ConfUtils.java:logGet(46)) - raft.server.threadpool.client.size = 0 (default)
2022-07-02 07:22:13,590 [pool-593-thread-1] INFO  server.RaftServer$Division (RaftServerImpl.java:start(310)) - 8384da11-bc81-4aa4-8438-a9cb526b8e6b@group-6C3B98F2AA87: start as a follower, conf=-1: [8384da11-bc81-4aa4-8438-a9cb526b8e6b|rpc:10.1.0.20:41153|priority:1], old=null
2022-07-02 07:22:13,590 [pool-593-thread-1] INFO  server.RaftServer$Division (RaftServerImpl.java:setRole(299)) - 8384da11-bc81-4aa4-8438-a9cb526b8e6b@group-6C3B98F2AA87: changes role from      null to FOLLOWER at term 0 for startAsFollower
2022-07-02 07:22:13,590 [pool-593-thread-1] INFO  impl.RoleInfo (RoleInfo.java:updateAndGet(139)) - 8384da11-bc81-4aa4-8438-a9cb526b8e6b: start 8384da11-bc81-4aa4-8438-a9cb526b8e6b@group-6C3B98F2AA87-FollowerState
2022-07-02 07:22:13,616 [pool-593-thread-1] INFO  util.JmxRegister (JmxRegister.java:tryRegister(44)) - Successfully registered JMX Bean with object name Ratis:service=RaftServer,group=group-6C3B98F2AA87,id=8384da11-bc81-4aa4-8438-a9cb526b8e6b
2022-07-02 07:22:13,633 [Command processor thread] INFO  ratis.XceiverServerRatis (XceiverServerRatis.java:addGroup(765)) - Created group PipelineID=0075361d-f262-498c-a149-6c3b98f2aa87
2022-07-02 07:22:13,664 [Command processor thread] INFO  commandhandler.CreatePipelineCommandHandler (CreatePipelineCommandHandler.java:handle(113)) - Created Pipeline RATIS ONE PipelineID=0075361d-f262-498c-a149-6c3b98f2aa87.
2022-07-02 07:22:13,664 [Command processor thread] INFO  server.RaftServer (RaftServerProxy.java:addNew(96)) - 8384da11-bc81-4aa4-8438-a9cb526b8e6b: addNew group-4947C190D023:[8384da11-bc81-4aa4-8438-a9cb526b8e6b|rpc:10.1.0.20:41153|priority:1, c8c7f6e9-7147-4113-9ab5-2be4ccc0fabe|rpc:10.1.0.20:43257|priority:0, 85df8eb1-77a9-48e2-b795-4ce99b081c64|rpc:10.1.0.20:33453|priority:0] returns group-4947C190D023:java.util.concurrent.CompletableFuture@2337b046[Not completed]
2022-07-02 07:22:13,669 [pool-593-thread-1] INFO  server.RaftServer$Division (RaftServerImpl.java:<init>(190)) - 8384da11-bc81-4aa4-8438-a9cb526b8e6b: new RaftServerImpl for group-4947C190D023:[8384da11-bc81-4aa4-8438-a9cb526b8e6b|rpc:10.1.0.20:41153|priority:1, c8c7f6e9-7147-4113-9ab5-2be4ccc0fabe|rpc:10.1.0.20:43257|priority:0, 85df8eb1-77a9-48e2-b795-4ce99b081c64|rpc:10.1.0.20:33453|priority:0] with ContainerStateMachine:uninitialized
2022-07-02 07:22:13,669 [pool-593-thread-1] INFO  server.RaftServerConfigKeys (ConfUtils.java:logGet(46)) - raft.server.rpc.timeout.min = 5s (custom)
2022-07-02 07:22:13,669 [pool-593-thread-1] INFO  server.RaftServerConfigKeys (ConfUtils.java:logGet(46)) - raft.server.rpc.timeout.max = 5200ms (custom)
2022-07-02 07:22:13,669 [pool-593-thread-1] INFO  server.RaftServerConfigKeys (ConfUtils.java:logGet(46)) - raft.server.rpc.sleep.time = 25ms (default)
2022-07-02 07:22:13,669 [pool-593-thread-1] INFO  server.RaftServerConfigKeys (ConfUtils.java:logGet(46)) - raft.server.rpc.slowness.timeout = 300s (custom)
2022-07-02 07:22:13,669 [pool-593-thread-1] INFO  server.RaftServerConfigKeys (ConfUtils.java:logGet(46)) - raft.server.leaderelection.leader.step-down.wait-time = 10s (default)
2022-07-02 07:22:13,669 [pool-593-thread-1] INFO  server.RaftServerConfigKeys (ConfUtils.java:logGet(46)) - raft.server.sleep.deviation.threshold = 300ms (default)
2022-07-02 07:22:13,669 [pool-593-thread-1] INFO  server.RaftServer$Division (ServerState.java:<init>(107)) - 8384da11-bc81-4aa4-8438-a9cb526b8e6b@group-4947C190D023: ConfigurationManager, init=-1: [8384da11-bc81-4aa4-8438-a9cb526b8e6b|rpc:10.1.0.20:41153|priority:1, c8c7f6e9-7147-4113-9ab5-2be4ccc0fabe|rpc:10.1.0.20:43257|priority:0, 85df8eb1-77a9-48e2-b795-4ce99b081c64|rpc:10.1.0.20:33453|priority:0], old=null, confs=<EMPTY_MAP>
2022-07-02 07:22:13,669 [pool-593-thread-1] INFO  server.RaftServerConfigKeys (ConfUtils.java:logGet(46)) - raft.server.storage.dir = [/home/runner/work/ozone/ozone/hadoop-ozone/integration-test/target/test-dir/MiniOzoneClusterImpl-2091899c-1ec3-4d3e-95df-d9e62105ac7a/datanode-0/data/ratis] (custom)
2022-07-02 07:22:13,669 [pool-593-thread-1] INFO  server.RaftServerConfigKeys (ConfUtils.java:logGet(46)) - raft.server.log.corruption.policy = EXCEPTION (default)
2022-07-02 07:22:13,670 [pool-593-thread-1] INFO  server.RaftServerConfigKeys (ConfUtils.java:logGet(46)) - raft.server.storage.free-space.min = 0MB (=0) (default)
2022-07-02 07:22:13,670 [pool-593-thread-1] INFO  storage.RaftStorageDirectory (RaftStorageDirectoryImpl.java:analyzeStorage(135)) - The storage directory /home/runner/work/ozone/ozone/hadoop-ozone/integration-test/target/test-dir/MiniOzoneClusterImpl-2091899c-1ec3-4d3e-95df-d9e62105ac7a/datanode-0/data/ratis/4c386858-29cc-4ec6-a20f-4947c190d023 does not exist. Creating ...
2022-07-02 07:22:13,671 [pool-593-thread-1] INFO  storage.RaftStorageDirectory (RaftStorageDirectoryImpl.java:tryLock(230)) - Lock on /home/runner/work/ozone/ozone/hadoop-ozone/integration-test/target/test-dir/MiniOzoneClusterImpl-2091899c-1ec3-4d3e-95df-d9e62105ac7a/datanode-0/data/ratis/4c386858-29cc-4ec6-a20f-4947c190d023/in_use.lock acquired by nodename 16391@fv-az444-838
2022-07-02 07:22:13,680 [pool-593-thread-1] INFO  storage.RaftStorage (RaftStorageImpl.java:format(89)) - Storage directory /home/runner/work/ozone/ozone/hadoop-ozone/integration-test/target/test-dir/MiniOzoneClusterImpl-2091899c-1ec3-4d3e-95df-d9e62105ac7a/datanode-0/data/ratis/4c386858-29cc-4ec6-a20f-4947c190d023 has been successfully formatted.
2022-07-02 07:22:13,680 [pool-593-thread-1] INFO  ratis.ContainerStateMachine (ContainerStateMachine.java:loadSnapshot(236)) - group-4947C190D023: The snapshot info is null. Setting the last applied indexto:(t:0, i:~)
2022-07-02 07:22:13,680 [pool-593-thread-1] INFO  server.RaftServerConfigKeys (ConfUtils.java:logGet(46)) - raft.server.notification.no-leader.timeout = 300s (custom)
2022-07-02 07:22:13,681 [pool-593-thread-1] INFO  server.RaftServerConfigKeys (ConfUtils.java:logGet(46)) - raft.server.log.use.memory = false (default)
2022-07-02 07:22:13,681 [pool-593-thread-1] INFO  server.RaftServerConfigKeys (ConfUtils.java:logGet(46)) - raft.server.log.purge.gap = 1000000 (custom)
2022-07-02 07:22:13,681 [pool-593-thread-1] INFO  server.RaftServerConfigKeys (ConfUtils.java:logGet(46)) - raft.server.log.appender.buffer.byte-limit = 33554432 (custom)
2022-07-02 07:22:13,681 [pool-593-thread-1] INFO  server.RaftServerConfigKeys (ConfUtils.java:logGet(46)) - raft.server.log.statemachine.data.read.timeout = 1000ms (default)
2022-07-02 07:22:13,681 [pool-593-thread-1] INFO  server.RaftServerConfigKeys (ConfUtils.java:logGet(46)) - raft.server.log.segment.size.max = 1048576 (custom)
2022-07-02 07:22:13,688 [EventQueue-OpenPipelineForHealthyPipelineSafeModeRule] INFO  safemode.SCMSafeModeManager (HealthyPipelineSafeModeRule.java:process(124)) - SCM in safe mode. Healthy pipelines reported count is 0, required healthy pipeline reported count is 1
2022-07-02 07:22:13,692 [pool-593-thread-1] INFO  server.RaftServerConfigKeys (ConfUtils.java:logGet(46)) - raft.server.log.segment.cache.num.max = 2 (custom)
2022-07-02 07:22:13,692 [pool-593-thread-1] INFO  server.RaftServerConfigKeys (ConfUtils.java:logGet(46)) - raft.server.log.segment.cache.size.max = 200MB (=209715200) (default)
2022-07-02 07:22:13,692 [pool-593-thread-1] INFO  segmented.SegmentedRaftLogWorker (SegmentedRaftLogWorker.java:<init>(187)) - new 8384da11-bc81-4aa4-8438-a9cb526b8e6b@group-4947C190D023-SegmentedRaftLogWorker for RaftStorageImpl:Storage Directory /home/runner/work/ozone/ozone/hadoop-ozone/integration-test/target/test-dir/MiniOzoneClusterImpl-2091899c-1ec3-4d3e-95df-d9e62105ac7a/datanode-0/data/ratis/4c386858-29cc-4ec6-a20f-4947c190d023
2022-07-02 07:22:13,692 [pool-593-thread-1] INFO  server.RaftServerConfigKeys (ConfUtils.java:logGet(46)) - raft.server.log.queue.byte-limit = 4294967296 (custom)
2022-07-02 07:22:13,692 [pool-593-thread-1] INFO  server.RaftServerConfigKeys (ConfUtils.java:logGet(46)) - raft.server.log.queue.element-limit = 1024 (custom)
2022-07-02 07:22:13,692 [pool-593-thread-1] INFO  server.RaftServerConfigKeys (ConfUtils.java:logGet(46)) - raft.server.log.segment.size.max = 1048576 (custom)
2022-07-02 07:22:13,692 [pool-593-thread-1] INFO  server.RaftServerConfigKeys (ConfUtils.java:logGet(46)) - raft.server.log.preallocated.size = 16384 (custom)
2022-07-02 07:22:13,693 [pool-593-thread-1] INFO  server.RaftServerConfigKeys (ConfUtils.java:logGet(46)) - raft.server.log.force.sync.num = 128 (default)
2022-07-02 07:22:13,693 [pool-593-thread-1] INFO  server.RaftServerConfigKeys (ConfUtils.java:logGet(46)) - raft.server.log.statemachine.data.sync = true (default)
2022-07-02 07:22:13,693 [pool-593-thread-1] INFO  server.RaftServerConfigKeys (ConfUtils.java:logGet(46)) - raft.server.log.statemachine.data.sync.timeout = 10s (default)
2022-07-02 07:22:13,693 [pool-593-thread-1] INFO  server.RaftServerConfigKeys (ConfUtils.java:logGet(46)) - raft.server.log.statemachine.data.sync.timeout.retry = -1 (default)
2022-07-02 07:22:13,697 [pool-593-thread-1] INFO  server.RaftServerConfigKeys (ConfUtils.java:logGet(46)) - raft.server.log.write.buffer.size = 1048576 (custom)
2022-07-02 07:22:13,697 [pool-593-thread-1] INFO  server.RaftServerConfigKeys (ConfUtils.java:logGet(46)) - raft.server.log.unsafe-flush.enabled = false (default)
2022-07-02 07:22:13,697 [pool-593-thread-1] INFO  server.RaftServerConfigKeys (ConfUtils.java:logGet(46)) - raft.server.log.statemachine.data.caching.enabled = true (custom)
2022-07-02 07:22:13,697 [pool-593-thread-1] INFO  segmented.SegmentedRaftLogWorker (SegmentedRaftLogWorker.java:lambda$new$0(135)) - 8384da11-bc81-4aa4-8438-a9cb526b8e6b@group-4947C190D023-SegmentedRaftLogWorker: flushIndex: setUnconditionally 0 -> -1
2022-07-02 07:22:13,697 [pool-593-thread-1] INFO  segmented.SegmentedRaftLogWorker (SegmentedRaftLogWorker.java:lambda$new$0(135)) - 8384da11-bc81-4aa4-8438-a9cb526b8e6b@group-4947C190D023-SegmentedRaftLogWorker: safeCacheEvictIndex: setUnconditionally 0 -> -1
2022-07-02 07:22:13,704 [pool-593-thread-1] INFO  server.RaftServerConfigKeys (ConfUtils.java:logGet(46)) - raft.server.snapshot.auto.trigger.enabled = true (custom)
2022-07-02 07:22:13,704 [pool-593-thread-1] INFO  server.RaftServerConfigKeys (ConfUtils.java:logGet(46)) - raft.server.snapshot.auto.trigger.threshold = 10000 (custom)
2022-07-02 07:22:13,704 [pool-593-thread-1] INFO  server.RaftServerConfigKeys (ConfUtils.java:logGet(46)) - raft.server.snapshot.retention.file.num = 5 (custom)
2022-07-02 07:22:13,704 [pool-593-thread-1] INFO  server.RaftServerConfigKeys (ConfUtils.java:logGet(46)) - raft.server.log.purge.upto.snapshot.index = false (default)
2022-07-02 07:22:13,704 [pool-593-thread-1] INFO  server.RaftServerConfigKeys (ConfUtils.java:logGet(46)) - raft.server.retrycache.expirytime = 600000ms (custom)
2022-07-02 07:22:13,704 [pool-593-thread-1] INFO  server.RaftServerConfigKeys (ConfUtils.java:logGet(46)) - raft.server.retrycache.statistics.expirytime = 100μs (default)
2022-07-02 07:22:13,706 [pool-593-thread-1] INFO  server.RaftServerConfigKeys (ConfUtils.java:logGet(46)) - raft.server.log.appender.install.snapshot.enabled = false (custom)
2022-07-02 07:22:13,706 [pool-593-thread-1] INFO  server.RaftServerConfigKeys (ConfUtils.java:logGet(46)) - raft.server.threadpool.server.cached = true (default)
2022-07-02 07:22:13,706 [pool-593-thread-1] INFO  server.RaftServerConfigKeys (ConfUtils.java:logGet(46)) - raft.server.threadpool.server.size = 0 (default)
2022-07-02 07:22:13,706 [pool-593-thread-1] INFO  server.RaftServerConfigKeys (ConfUtils.java:logGet(46)) - raft.server.threadpool.client.cached = true (default)
2022-07-02 07:22:13,706 [pool-593-thread-1] INFO  server.RaftServerConfigKeys (ConfUtils.java:logGet(46)) - raft.server.threadpool.client.size = 0 (default)
2022-07-02 07:22:13,706 [pool-593-thread-1] INFO  server.RaftServer$Division (RaftServerImpl.java:start(310)) - 8384da11-bc81-4aa4-8438-a9cb526b8e6b@group-4947C190D023: start as a follower, conf=-1: [8384da11-bc81-4aa4-8438-a9cb526b8e6b|rpc:10.1.0.20:41153|priority:1, c8c7f6e9-7147-4113-9ab5-2be4ccc0fabe|rpc:10.1.0.20:43257|priority:0, 85df8eb1-77a9-48e2-b795-4ce99b081c64|rpc:10.1.0.20:33453|priority:0], old=null
2022-07-02 07:22:13,706 [pool-593-thread-1] INFO  server.RaftServer$Division (RaftServerImpl.java:setRole(299)) - 8384da11-bc81-4aa4-8438-a9cb526b8e6b@group-4947C190D023: changes role from      null to FOLLOWER at term 0 for startAsFollower
2022-07-02 07:22:13,706 [pool-593-thread-1] INFO  impl.RoleInfo (RoleInfo.java:updateAndGet(139)) - 8384da11-bc81-4aa4-8438-a9cb526b8e6b: start 8384da11-bc81-4aa4-8438-a9cb526b8e6b@group-4947C190D023-FollowerState
2022-07-02 07:22:13,724 [pool-593-thread-1] INFO  util.JmxRegister (JmxRegister.java:tryRegister(44)) - Successfully registered JMX Bean with object name Ratis:service=RaftServer,group=group-4947C190D023,id=8384da11-bc81-4aa4-8438-a9cb526b8e6b
2022-07-02 07:22:13,748 [Command processor thread] INFO  ratis.XceiverServerRatis (XceiverServerRatis.java:addGroup(765)) - Created group PipelineID=4c386858-29cc-4ec6-a20f-4947c190d023
2022-07-02 07:22:13,838 [grpc-default-executor-0] INFO  server.RaftServer (RaftServerProxy.java:addNew(96)) - c8c7f6e9-7147-4113-9ab5-2be4ccc0fabe: addNew group-4947C190D023:[8384da11-bc81-4aa4-8438-a9cb526b8e6b|rpc:10.1.0.20:41153|dataStream:|priority:1, c8c7f6e9-7147-4113-9ab5-2be4ccc0fabe|rpc:10.1.0.20:43257|dataStream:|priority:0, 85df8eb1-77a9-48e2-b795-4ce99b081c64|rpc:10.1.0.20:33453|dataStream:|priority:0] returns group-4947C190D023:java.util.concurrent.CompletableFuture@18377a5e[Not completed]
2022-07-02 07:22:13,839 [pool-639-thread-1] INFO  server.RaftServer$Division (RaftServerImpl.java:<init>(190)) - c8c7f6e9-7147-4113-9ab5-2be4ccc0fabe: new RaftServerImpl for group-4947C190D023:[8384da11-bc81-4aa4-8438-a9cb526b8e6b|rpc:10.1.0.20:41153|dataStream:|priority:1, c8c7f6e9-7147-4113-9ab5-2be4ccc0fabe|rpc:10.1.0.20:43257|dataStream:|priority:0, 85df8eb1-77a9-48e2-b795-4ce99b081c64|rpc:10.1.0.20:33453|dataStream:|priority:0] with ContainerStateMachine:uninitialized
2022-07-02 07:22:13,839 [pool-639-thread-1] INFO  server.RaftServerConfigKeys (ConfUtils.java:logGet(46)) - raft.server.rpc.timeout.min = 5s (custom)
2022-07-02 07:22:13,839 [pool-639-thread-1] INFO  server.RaftServerConfigKeys (ConfUtils.java:logGet(46)) - raft.server.rpc.timeout.max = 5200ms (custom)
2022-07-02 07:22:13,839 [pool-639-thread-1] INFO  server.RaftServerConfigKeys (ConfUtils.java:logGet(46)) - raft.server.rpc.sleep.time = 25ms (default)
2022-07-02 07:22:13,839 [pool-639-thread-1] INFO  server.RaftServerConfigKeys (ConfUtils.java:logGet(46)) - raft.server.rpc.slowness.timeout = 300s (custom)
2022-07-02 07:22:13,839 [pool-639-thread-1] INFO  server.RaftServerConfigKeys (ConfUtils.java:logGet(46)) - raft.server.leaderelection.leader.step-down.wait-time = 10s (default)
2022-07-02 07:22:13,839 [pool-639-thread-1] INFO  server.RaftServerConfigKeys (ConfUtils.java:logGet(46)) - raft.server.sleep.deviation.threshold = 300ms (default)
2022-07-02 07:22:13,839 [pool-639-thread-1] INFO  server.RaftServer$Division (ServerState.java:<init>(107)) - c8c7f6e9-7147-4113-9ab5-2be4ccc0fabe@group-4947C190D023: ConfigurationManager, init=-1: [8384da11-bc81-4aa4-8438-a9cb526b8e6b|rpc:10.1.0.20:41153|dataStream:|priority:1, c8c7f6e9-7147-4113-9ab5-2be4ccc0fabe|rpc:10.1.0.20:43257|dataStream:|priority:0, 85df8eb1-77a9-48e2-b795-4ce99b081c64|rpc:10.1.0.20:33453|dataStream:|priority:0], old=null, confs=<EMPTY_MAP>
2022-07-02 07:22:13,840 [pool-639-thread-1] INFO  server.RaftServerConfigKeys (ConfUtils.java:logGet(46)) - raft.server.storage.dir = [/home/runner/work/ozone/ozone/hadoop-ozone/integration-test/target/test-dir/MiniOzoneClusterImpl-2091899c-1ec3-4d3e-95df-d9e62105ac7a/datanode-2/data/ratis] (custom)
2022-07-02 07:22:13,840 [pool-639-thread-1] INFO  server.RaftServerConfigKeys (ConfUtils.java:logGet(46)) - raft.server.log.corruption.policy = EXCEPTION (default)
2022-07-02 07:22:13,840 [pool-639-thread-1] INFO  server.RaftServerConfigKeys (ConfUtils.java:logGet(46)) - raft.server.storage.free-space.min = 0MB (=0) (default)
2022-07-02 07:22:13,840 [pool-639-thread-1] INFO  storage.RaftStorageDirectory (RaftStorageDirectoryImpl.java:analyzeStorage(135)) - The storage directory /home/runner/work/ozone/ozone/hadoop-ozone/integration-test/target/test-dir/MiniOzoneClusterImpl-2091899c-1ec3-4d3e-95df-d9e62105ac7a/datanode-2/data/ratis/4c386858-29cc-4ec6-a20f-4947c190d023 does not exist. Creating ...
2022-07-02 07:22:13,856 [pool-639-thread-1] INFO  storage.RaftStorageDirectory (RaftStorageDirectoryImpl.java:tryLock(230)) - Lock on /home/runner/work/ozone/ozone/hadoop-ozone/integration-test/target/test-dir/MiniOzoneClusterImpl-2091899c-1ec3-4d3e-95df-d9e62105ac7a/datanode-2/data/ratis/4c386858-29cc-4ec6-a20f-4947c190d023/in_use.lock acquired by nodename 16391@fv-az444-838
2022-07-02 07:22:13,870 [pool-639-thread-1] INFO  storage.RaftStorage (RaftStorageImpl.java:format(89)) - Storage directory /home/runner/work/ozone/ozone/hadoop-ozone/integration-test/target/test-dir/MiniOzoneClusterImpl-2091899c-1ec3-4d3e-95df-d9e62105ac7a/datanode-2/data/ratis/4c386858-29cc-4ec6-a20f-4947c190d023 has been successfully formatted.
2022-07-02 07:22:13,871 [pool-639-thread-1] INFO  ratis.ContainerStateMachine (ContainerStateMachine.java:loadSnapshot(236)) - group-4947C190D023: The snapshot info is null. Setting the last applied indexto:(t:0, i:~)
2022-07-02 07:22:13,871 [pool-639-thread-1] INFO  server.RaftServerConfigKeys (ConfUtils.java:logGet(46)) - raft.server.notification.no-leader.timeout = 300s (custom)
2022-07-02 07:22:13,871 [pool-639-thread-1] INFO  server.RaftServerConfigKeys (ConfUtils.java:logGet(46)) - raft.server.log.use.memory = false (default)
2022-07-02 07:22:13,871 [pool-639-thread-1] INFO  server.RaftServerConfigKeys (ConfUtils.java:logGet(46)) - raft.server.log.purge.gap = 1000000 (custom)
2022-07-02 07:22:13,871 [pool-639-thread-1] INFO  server.RaftServerConfigKeys (ConfUtils.java:logGet(46)) - raft.server.log.appender.buffer.byte-limit = 33554432 (custom)
2022-07-02 07:22:13,871 [pool-639-thread-1] INFO  server.RaftServerConfigKeys (ConfUtils.java:logGet(46)) - raft.server.log.statemachine.data.read.timeout = 1000ms (default)
2022-07-02 07:22:13,895 [pool-639-thread-1] INFO  server.RaftServerConfigKeys (ConfUtils.java:logGet(46)) - raft.server.log.segment.size.max = 1048576 (custom)
2022-07-02 07:22:13,895 [pool-639-thread-1] INFO  server.RaftServerConfigKeys (ConfUtils.java:logGet(46)) - raft.server.log.segment.cache.num.max = 2 (custom)
2022-07-02 07:22:13,896 [pool-639-thread-1] INFO  server.RaftServerConfigKeys (ConfUtils.java:logGet(46)) - raft.server.log.segment.cache.size.max = 200MB (=209715200) (default)
2022-07-02 07:22:13,896 [pool-639-thread-1] INFO  segmented.SegmentedRaftLogWorker (SegmentedRaftLogWorker.java:<init>(187)) - new c8c7f6e9-7147-4113-9ab5-2be4ccc0fabe@group-4947C190D023-SegmentedRaftLogWorker for RaftStorageImpl:Storage Directory /home/runner/work/ozone/ozone/hadoop-ozone/integration-test/target/test-dir/MiniOzoneClusterImpl-2091899c-1ec3-4d3e-95df-d9e62105ac7a/datanode-2/data/ratis/4c386858-29cc-4ec6-a20f-4947c190d023
2022-07-02 07:22:13,896 [pool-639-thread-1] INFO  server.RaftServerConfigKeys (ConfUtils.java:logGet(46)) - raft.server.log.queue.byte-limit = 4294967296 (custom)
2022-07-02 07:22:13,896 [pool-639-thread-1] INFO  server.RaftServerConfigKeys (ConfUtils.java:logGet(46)) - raft.server.log.queue.element-limit = 1024 (custom)
2022-07-02 07:22:13,896 [pool-639-thread-1] INFO  server.RaftServerConfigKeys (ConfUtils.java:logGet(46)) - raft.server.log.segment.size.max = 1048576 (custom)
2022-07-02 07:22:13,896 [pool-639-thread-1] INFO  server.RaftServerConfigKeys (ConfUtils.java:logGet(46)) - raft.server.log.preallocated.size = 16384 (custom)
2022-07-02 07:22:13,896 [pool-639-thread-1] INFO  server.RaftServerConfigKeys (ConfUtils.java:logGet(46)) - raft.server.log.force.sync.num = 128 (default)
2022-07-02 07:22:13,896 [pool-639-thread-1] INFO  server.RaftServerConfigKeys (ConfUtils.java:logGet(46)) - raft.server.log.statemachine.data.sync = true (default)
2022-07-02 07:22:13,896 [pool-639-thread-1] INFO  server.RaftServerConfigKeys (ConfUtils.java:logGet(46)) - raft.server.log.statemachine.data.sync.timeout = 10s (default)
2022-07-02 07:22:13,896 [pool-639-thread-1] INFO  server.RaftServerConfigKeys (ConfUtils.java:logGet(46)) - raft.server.log.statemachine.data.sync.timeout.retry = -1 (default)
2022-07-02 07:22:13,897 [pool-639-thread-1] INFO  server.RaftServerConfigKeys (ConfUtils.java:logGet(46)) - raft.server.log.write.buffer.size = 1048576 (custom)
2022-07-02 07:22:13,897 [pool-639-thread-1] INFO  server.RaftServerConfigKeys (ConfUtils.java:logGet(46)) - raft.server.log.unsafe-flush.enabled = false (default)
2022-07-02 07:22:13,897 [pool-639-thread-1] INFO  server.RaftServerConfigKeys (ConfUtils.java:logGet(46)) - raft.server.log.statemachine.data.caching.enabled = true (custom)
2022-07-02 07:22:13,898 [pool-639-thread-1] INFO  segmented.SegmentedRaftLogWorker (SegmentedRaftLogWorker.java:lambda$new$0(135)) - c8c7f6e9-7147-4113-9ab5-2be4ccc0fabe@group-4947C190D023-SegmentedRaftLogWorker: flushIndex: setUnconditionally 0 -> -1
2022-07-02 07:22:13,898 [pool-639-thread-1] INFO  segmented.SegmentedRaftLogWorker (SegmentedRaftLogWorker.java:lambda$new$0(135)) - c8c7f6e9-7147-4113-9ab5-2be4ccc0fabe@group-4947C190D023-SegmentedRaftLogWorker: safeCacheEvictIndex: setUnconditionally 0 -> -1
2022-07-02 07:22:13,925 [pool-639-thread-1] INFO  server.RaftServerConfigKeys (ConfUtils.java:logGet(46)) - raft.server.snapshot.auto.trigger.enabled = true (custom)
2022-07-02 07:22:13,925 [pool-639-thread-1] INFO  server.RaftServerConfigKeys (ConfUtils.java:logGet(46)) - raft.server.snapshot.auto.trigger.threshold = 10000 (custom)
2022-07-02 07:22:13,926 [pool-639-thread-1] INFO  server.RaftServerConfigKeys (ConfUtils.java:logGet(46)) - raft.server.snapshot.retention.file.num = 5 (custom)
2022-07-02 07:22:13,926 [pool-639-thread-1] INFO  server.RaftServerConfigKeys (ConfUtils.java:logGet(46)) - raft.server.log.purge.upto.snapshot.index = false (default)
2022-07-02 07:22:13,926 [pool-639-thread-1] INFO  server.RaftServerConfigKeys (ConfUtils.java:logGet(46)) - raft.server.retrycache.expirytime = 600000ms (custom)
2022-07-02 07:22:13,926 [pool-639-thread-1] INFO  server.RaftServerConfigKeys (ConfUtils.java:logGet(46)) - raft.server.retrycache.statistics.expirytime = 100μs (default)
2022-07-02 07:22:13,927 [pool-639-thread-1] INFO  server.RaftServerConfigKeys (ConfUtils.java:logGet(46)) - raft.server.log.appender.install.snapshot.enabled = false (custom)
2022-07-02 07:22:13,927 [pool-639-thread-1] INFO  server.RaftServerConfigKeys (ConfUtils.java:logGet(46)) - raft.server.threadpool.server.cached = true (default)
2022-07-02 07:22:13,928 [pool-639-thread-1] INFO  server.RaftServerConfigKeys (ConfUtils.java:logGet(46)) - raft.server.threadpool.server.size = 0 (default)
2022-07-02 07:22:13,928 [pool-639-thread-1] INFO  server.RaftServerConfigKeys (ConfUtils.java:logGet(46)) - raft.server.threadpool.client.cached = true (default)
2022-07-02 07:22:13,928 [pool-639-thread-1] INFO  server.RaftServerConfigKeys (ConfUtils.java:logGet(46)) - raft.server.threadpool.client.size = 0 (default)
2022-07-02 07:22:13,928 [pool-639-thread-1] INFO  server.RaftServer$Division (RaftServerImpl.java:start(310)) - c8c7f6e9-7147-4113-9ab5-2be4ccc0fabe@group-4947C190D023: start as a follower, conf=-1: [8384da11-bc81-4aa4-8438-a9cb526b8e6b|rpc:10.1.0.20:41153|dataStream:|priority:1, c8c7f6e9-7147-4113-9ab5-2be4ccc0fabe|rpc:10.1.0.20:43257|dataStream:|priority:0, 85df8eb1-77a9-48e2-b795-4ce99b081c64|rpc:10.1.0.20:33453|dataStream:|priority:0], old=null
2022-07-02 07:22:13,928 [pool-639-thread-1] INFO  server.RaftServer$Division (RaftServerImpl.java:setRole(299)) - c8c7f6e9-7147-4113-9ab5-2be4ccc0fabe@group-4947C190D023: changes role from      null to FOLLOWER at term 0 for startAsFollower
2022-07-02 07:22:13,928 [pool-639-thread-1] INFO  impl.RoleInfo (RoleInfo.java:updateAndGet(139)) - c8c7f6e9-7147-4113-9ab5-2be4ccc0fabe: start c8c7f6e9-7147-4113-9ab5-2be4ccc0fabe@group-4947C190D023-FollowerState
2022-07-02 07:22:13,944 [pool-639-thread-1] INFO  util.JmxRegister (JmxRegister.java:tryRegister(44)) - Successfully registered JMX Bean with object name Ratis:service=RaftServer,group=group-4947C190D023,id=c8c7f6e9-7147-4113-9ab5-2be4ccc0fabe
2022-07-02 07:22:14,012 [Command processor thread] INFO  server.RaftServer (RaftServerProxy.java:addNew(96)) - c8c7f6e9-7147-4113-9ab5-2be4ccc0fabe: addNew group-32831628082B:[c8c7f6e9-7147-4113-9ab5-2be4ccc0fabe|rpc:10.1.0.20:43257|priority:1] returns group-32831628082B:java.util.concurrent.CompletableFuture@55d26a05[Not completed]
2022-07-02 07:22:14,017 [pool-639-thread-1] INFO  server.RaftServer$Division (RaftServerImpl.java:<init>(190)) - c8c7f6e9-7147-4113-9ab5-2be4ccc0fabe: new RaftServerImpl for group-32831628082B:[c8c7f6e9-7147-4113-9ab5-2be4ccc0fabe|rpc:10.1.0.20:43257|priority:1] with ContainerStateMachine:uninitialized
2022-07-02 07:22:14,017 [pool-639-thread-1] INFO  server.RaftServerConfigKeys (ConfUtils.java:logGet(46)) - raft.server.rpc.timeout.min = 5s (custom)
2022-07-02 07:22:14,017 [pool-639-thread-1] INFO  server.RaftServerConfigKeys (ConfUtils.java:logGet(46)) - raft.server.rpc.timeout.max = 5200ms (custom)
2022-07-02 07:22:14,017 [pool-639-thread-1] INFO  server.RaftServerConfigKeys (ConfUtils.java:logGet(46)) - raft.server.rpc.sleep.time = 25ms (default)
2022-07-02 07:22:14,017 [pool-639-thread-1] INFO  server.RaftServerConfigKeys (ConfUtils.java:logGet(46)) - raft.server.rpc.slowness.timeout = 300s (custom)
2022-07-02 07:22:14,017 [pool-639-thread-1] INFO  server.RaftServerConfigKeys (ConfUtils.java:logGet(46)) - raft.server.leaderelection.leader.step-down.wait-time = 10s (default)
2022-07-02 07:22:14,017 [pool-639-thread-1] INFO  server.RaftServerConfigKeys (ConfUtils.java:logGet(46)) - raft.server.sleep.deviation.threshold = 300ms (default)
2022-07-02 07:22:14,017 [pool-639-thread-1] INFO  server.RaftServer$Division (ServerState.java:<init>(107)) - c8c7f6e9-7147-4113-9ab5-2be4ccc0fabe@group-32831628082B: ConfigurationManager, init=-1: [c8c7f6e9-7147-4113-9ab5-2be4ccc0fabe|rpc:10.1.0.20:43257|priority:1], old=null, confs=<EMPTY_MAP>
2022-07-02 07:22:14,017 [pool-639-thread-1] INFO  server.RaftServerConfigKeys (ConfUtils.java:logGet(46)) - raft.server.storage.dir = [/home/runner/work/ozone/ozone/hadoop-ozone/integration-test/target/test-dir/MiniOzoneClusterImpl-2091899c-1ec3-4d3e-95df-d9e62105ac7a/datanode-2/data/ratis] (custom)
2022-07-02 07:22:14,018 [pool-639-thread-1] INFO  server.RaftServerConfigKeys (ConfUtils.java:logGet(46)) - raft.server.log.corruption.policy = EXCEPTION (default)
2022-07-02 07:22:14,018 [pool-639-thread-1] INFO  server.RaftServerConfigKeys (ConfUtils.java:logGet(46)) - raft.server.storage.free-space.min = 0MB (=0) (default)
2022-07-02 07:22:14,018 [pool-639-thread-1] INFO  storage.RaftStorageDirectory (RaftStorageDirectoryImpl.java:analyzeStorage(135)) - The storage directory /home/runner/work/ozone/ozone/hadoop-ozone/integration-test/target/test-dir/MiniOzoneClusterImpl-2091899c-1ec3-4d3e-95df-d9e62105ac7a/datanode-2/data/ratis/e2a0edc7-d6ff-4f44-99c8-32831628082b does not exist. Creating ...
2022-07-02 07:22:14,020 [pool-639-thread-1] INFO  storage.RaftStorageDirectory (RaftStorageDirectoryImpl.java:tryLock(230)) - Lock on /home/runner/work/ozone/ozone/hadoop-ozone/integration-test/target/test-dir/MiniOzoneClusterImpl-2091899c-1ec3-4d3e-95df-d9e62105ac7a/datanode-2/data/ratis/e2a0edc7-d6ff-4f44-99c8-32831628082b/in_use.lock acquired by nodename 16391@fv-az444-838
2022-07-02 07:22:14,024 [pool-639-thread-1] INFO  storage.RaftStorage (RaftStorageImpl.java:format(89)) - Storage directory /home/runner/work/ozone/ozone/hadoop-ozone/integration-test/target/test-dir/MiniOzoneClusterImpl-2091899c-1ec3-4d3e-95df-d9e62105ac7a/datanode-2/data/ratis/e2a0edc7-d6ff-4f44-99c8-32831628082b has been successfully formatted.
2022-07-02 07:22:14,024 [pool-639-thread-1] INFO  ratis.ContainerStateMachine (ContainerStateMachine.java:loadSnapshot(236)) - group-32831628082B: The snapshot info is null. Setting the last applied indexto:(t:0, i:~)
2022-07-02 07:22:14,024 [pool-639-thread-1] INFO  server.RaftServerConfigKeys (ConfUtils.java:logGet(46)) - raft.server.notification.no-leader.timeout = 300s (custom)
2022-07-02 07:22:14,024 [pool-639-thread-1] INFO  server.RaftServerConfigKeys (ConfUtils.java:logGet(46)) - raft.server.log.use.memory = false (default)
2022-07-02 07:22:14,024 [pool-639-thread-1] INFO  server.RaftServerConfigKeys (ConfUtils.java:logGet(46)) - raft.server.log.purge.gap = 1000000 (custom)
2022-07-02 07:22:14,024 [pool-639-thread-1] INFO  server.RaftServerConfigKeys (ConfUtils.java:logGet(46)) - raft.server.log.appender.buffer.byte-limit = 33554432 (custom)
2022-07-02 07:22:14,025 [EventQueue-PipelineReportForPipelineReportHandler] INFO  pipeline.PipelineManagerImpl (PipelineManagerImpl.java:openPipeline(358)) - Pipeline Pipeline[ Id: e2a0edc7-d6ff-4f44-99c8-32831628082b, Nodes: c8c7f6e9-7147-4113-9ab5-2be4ccc0fabe{ip: 10.1.0.20, host: fv-az444-838.dthhdds2jluu1c0oa55ndv1hsg.dx.internal.cloudapp.net, ports: [REPLICATION=41829, RATIS=43257, RATIS_ADMIN=43257, RATIS_SERVER=43257, STANDALONE=33961], networkLocation: /default-rack, certSerialId: null, persistedOpState: IN_SERVICE, persistedOpStateExpiryEpochSec: 0}, ReplicationConfig: RATIS/ONE, State:ALLOCATED, leaderId:c8c7f6e9-7147-4113-9ab5-2be4ccc0fabe, CreationTimestamp2022-07-02T07:22:12.994Z[Etc/UTC]] moved to OPEN state
2022-07-02 07:22:14,025 [EventQueue-OpenPipelineForHealthyPipelineSafeModeRule] INFO  safemode.SCMSafeModeManager (HealthyPipelineSafeModeRule.java:process(124)) - SCM in safe mode. Healthy pipelines reported count is 0, required healthy pipeline reported count is 1
2022-07-02 07:22:14,025 [pool-639-thread-1] INFO  server.RaftServerConfigKeys (ConfUtils.java:logGet(46)) - raft.server.log.statemachine.data.read.timeout = 1000ms (default)
2022-07-02 07:22:14,026 [pool-639-thread-1] INFO  server.RaftServerConfigKeys (ConfUtils.java:logGet(46)) - raft.server.log.segment.size.max = 1048576 (custom)
2022-07-02 07:22:14,026 [pool-639-thread-1] INFO  server.RaftServerConfigKeys (ConfUtils.java:logGet(46)) - raft.server.log.segment.cache.num.max = 2 (custom)
2022-07-02 07:22:14,026 [pool-639-thread-1] INFO  server.RaftServerConfigKeys (ConfUtils.java:logGet(46)) - raft.server.log.segment.cache.size.max = 200MB (=209715200) (default)
2022-07-02 07:22:14,026 [pool-639-thread-1] INFO  segmented.SegmentedRaftLogWorker (SegmentedRaftLogWorker.java:<init>(187)) - new c8c7f6e9-7147-4113-9ab5-2be4ccc0fabe@group-32831628082B-SegmentedRaftLogWorker for RaftStorageImpl:Storage Directory /home/runner/work/ozone/ozone/hadoop-ozone/integration-test/target/test-dir/MiniOzoneClusterImpl-2091899c-1ec3-4d3e-95df-d9e62105ac7a/datanode-2/data/ratis/e2a0edc7-d6ff-4f44-99c8-32831628082b
2022-07-02 07:22:14,026 [pool-639-thread-1] INFO  server.RaftServerConfigKeys (ConfUtils.java:logGet(46)) - raft.server.log.queue.byte-limit = 4294967296 (custom)
2022-07-02 07:22:14,027 [pool-639-thread-1] INFO  server.RaftServerConfigKeys (ConfUtils.java:logGet(46)) - raft.server.log.queue.element-limit = 1024 (custom)
2022-07-02 07:22:14,027 [pool-639-thread-1] INFO  server.RaftServerConfigKeys (ConfUtils.java:logGet(46)) - raft.server.log.segment.size.max = 1048576 (custom)
2022-07-02 07:22:14,027 [pool-639-thread-1] INFO  server.RaftServerConfigKeys (ConfUtils.java:logGet(46)) - raft.server.log.preallocated.size = 16384 (custom)
2022-07-02 07:22:14,027 [pool-639-thread-1] INFO  server.RaftServerConfigKeys (ConfUtils.java:logGet(46)) - raft.server.log.force.sync.num = 128 (default)
2022-07-02 07:22:14,027 [pool-639-thread-1] INFO  server.RaftServerConfigKeys (ConfUtils.java:logGet(46)) - raft.server.log.statemachine.data.sync = true (default)
2022-07-02 07:22:14,027 [pool-639-thread-1] INFO  server.RaftServerConfigKeys (ConfUtils.java:logGet(46)) - raft.server.log.statemachine.data.sync.timeout = 10s (default)
2022-07-02 07:22:14,027 [pool-639-thread-1] INFO  server.RaftServerConfigKeys (ConfUtils.java:logGet(46)) - raft.server.log.statemachine.data.sync.timeout.retry = -1 (default)
2022-07-02 07:22:14,028 [pool-639-thread-1] INFO  server.RaftServerConfigKeys (ConfUtils.java:logGet(46)) - raft.server.log.write.buffer.size = 1048576 (custom)
2022-07-02 07:22:14,052 [pool-639-thread-1] INFO  server.RaftServerConfigKeys (ConfUtils.java:logGet(46)) - raft.server.log.unsafe-flush.enabled = false (default)
2022-07-02 07:22:14,052 [pool-639-thread-1] INFO  server.RaftServerConfigKeys (ConfUtils.java:logGet(46)) - raft.server.log.statemachine.data.caching.enabled = true (custom)
2022-07-02 07:22:14,052 [pool-639-thread-1] INFO  segmented.SegmentedRaftLogWorker (SegmentedRaftLogWorker.java:lambda$new$0(135)) - c8c7f6e9-7147-4113-9ab5-2be4ccc0fabe@group-32831628082B-SegmentedRaftLogWorker: flushIndex: setUnconditionally 0 -> -1
2022-07-02 07:22:14,053 [pool-639-thread-1] INFO  segmented.SegmentedRaftLogWorker (SegmentedRaftLogWorker.java:lambda$new$0(135)) - c8c7f6e9-7147-4113-9ab5-2be4ccc0fabe@group-32831628082B-SegmentedRaftLogWorker: safeCacheEvictIndex: setUnconditionally 0 -> -1
2022-07-02 07:22:14,076 [pool-639-thread-1] INFO  server.RaftServerConfigKeys (ConfUtils.java:logGet(46)) - raft.server.snapshot.auto.trigger.enabled = true (custom)
2022-07-02 07:22:14,076 [pool-639-thread-1] INFO  server.RaftServerConfigKeys (ConfUtils.java:logGet(46)) - raft.server.snapshot.auto.trigger.threshold = 10000 (custom)
2022-07-02 07:22:14,076 [pool-639-thread-1] INFO  server.RaftServerConfigKeys (ConfUtils.java:logGet(46)) - raft.server.snapshot.retention.file.num = 5 (custom)
2022-07-02 07:22:14,076 [pool-639-thread-1] INFO  server.RaftServerConfigKeys (ConfUtils.java:logGet(46)) - raft.server.log.purge.upto.snapshot.index = false (default)
2022-07-02 07:22:14,076 [pool-639-thread-1] INFO  server.RaftServerConfigKeys (ConfUtils.java:logGet(46)) - raft.server.retrycache.expirytime = 600000ms (custom)
2022-07-02 07:22:14,076 [pool-639-thread-1] INFO  server.RaftServerConfigKeys (ConfUtils.java:logGet(46)) - raft.server.retrycache.statistics.expirytime = 100μs (default)
2022-07-02 07:22:14,078 [pool-639-thread-1] INFO  server.RaftServerConfigKeys (ConfUtils.java:logGet(46)) - raft.server.log.appender.install.snapshot.enabled = false (custom)
2022-07-02 07:22:14,078 [pool-639-thread-1] INFO  server.RaftServerConfigKeys (ConfUtils.java:logGet(46)) - raft.server.threadpool.server.cached = true (default)
2022-07-02 07:22:14,078 [pool-639-thread-1] INFO  server.RaftServerConfigKeys (ConfUtils.java:logGet(46)) - raft.server.threadpool.server.size = 0 (default)
2022-07-02 07:22:14,078 [pool-639-thread-1] INFO  server.RaftServerConfigKeys (ConfUtils.java:logGet(46)) - raft.server.threadpool.client.cached = true (default)
2022-07-02 07:22:14,078 [pool-639-thread-1] INFO  server.RaftServerConfigKeys (ConfUtils.java:logGet(46)) - raft.server.threadpool.client.size = 0 (default)
2022-07-02 07:22:14,078 [pool-639-thread-1] INFO  server.RaftServer$Division (RaftServerImpl.java:start(310)) - c8c7f6e9-7147-4113-9ab5-2be4ccc0fabe@group-32831628082B: start as a follower, conf=-1: [c8c7f6e9-7147-4113-9ab5-2be4ccc0fabe|rpc:10.1.0.20:43257|priority:1], old=null
2022-07-02 07:22:14,078 [pool-639-thread-1] INFO  server.RaftServer$Division (RaftServerImpl.java:setRole(299)) - c8c7f6e9-7147-4113-9ab5-2be4ccc0fabe@group-32831628082B: changes role from      null to FOLLOWER at term 0 for startAsFollower
2022-07-02 07:22:14,078 [pool-639-thread-1] INFO  impl.RoleInfo (RoleInfo.java:updateAndGet(139)) - c8c7f6e9-7147-4113-9ab5-2be4ccc0fabe: start c8c7f6e9-7147-4113-9ab5-2be4ccc0fabe@group-32831628082B-FollowerState
2022-07-02 07:22:14,107 [pool-639-thread-1] INFO  util.JmxRegister (JmxRegister.java:tryRegister(44)) - Successfully registered JMX Bean with object name Ratis:service=RaftServer,group=group-32831628082B,id=c8c7f6e9-7147-4113-9ab5-2be4ccc0fabe
2022-07-02 07:22:14,133 [Listener at 127.0.0.1/38347] INFO  ozone.MiniOzoneClusterImpl (MiniOzoneClusterImpl.java:lambda$waitForClusterToBeReady$0(223)) - Waiting for nodes to be ready. Got 3 of 5 DN Heartbeats.
2022-07-02 07:22:14,133 [Listener at 127.0.0.1/38347] INFO  ozone.MiniOzoneClusterImpl (MiniOzoneClusterImpl.java:lambda$waitForClusterToBeReady$0(226)) - Waiting for cluster to exit safe mode
2022-07-02 07:22:14,133 [Listener at 127.0.0.1/38347] INFO  ozone.MiniOzoneClusterImpl (MiniOzoneClusterImpl.java:lambda$waitForClusterToBeReady$0(228)) - SCM became leader
2022-07-02 07:22:14,142 [Command processor thread] INFO  ratis.XceiverServerRatis (XceiverServerRatis.java:addGroup(765)) - Created group PipelineID=e2a0edc7-d6ff-4f44-99c8-32831628082b
2022-07-02 07:22:14,142 [Command processor thread] INFO  commandhandler.CreatePipelineCommandHandler (CreatePipelineCommandHandler.java:handle(113)) - Created Pipeline RATIS ONE PipelineID=e2a0edc7-d6ff-4f44-99c8-32831628082b.
2022-07-02 07:22:14,143 [Command processor thread] INFO  server.RaftServer (RaftServerProxy.java:addNew(96)) - c8c7f6e9-7147-4113-9ab5-2be4ccc0fabe: addNew group-D4572DC721BA:[8384da11-bc81-4aa4-8438-a9cb526b8e6b|rpc:10.1.0.20:41153|priority:0, c8c7f6e9-7147-4113-9ab5-2be4ccc0fabe|rpc:10.1.0.20:43257|priority:1, 85df8eb1-77a9-48e2-b795-4ce99b081c64|rpc:10.1.0.20:33453|priority:0] returns group-D4572DC721BA:java.util.concurrent.CompletableFuture@5b158ecf[Not completed]
2022-07-02 07:22:14,159 [grpc-default-executor-0] INFO  server.RaftServer (RaftServerProxy.java:addNew(96)) - 85df8eb1-77a9-48e2-b795-4ce99b081c64: addNew group-4947C190D023:[8384da11-bc81-4aa4-8438-a9cb526b8e6b|rpc:10.1.0.20:41153|dataStream:|priority:1, c8c7f6e9-7147-4113-9ab5-2be4ccc0fabe|rpc:10.1.0.20:43257|dataStream:|priority:0, 85df8eb1-77a9-48e2-b795-4ce99b081c64|rpc:10.1.0.20:33453|dataStream:|priority:0] returns group-4947C190D023:java.util.concurrent.CompletableFuture@4d4c52d0[Not completed]
2022-07-02 07:22:14,173 [pool-639-thread-1] INFO  server.RaftServer$Division (RaftServerImpl.java:<init>(190)) - c8c7f6e9-7147-4113-9ab5-2be4ccc0fabe: new RaftServerImpl for group-D4572DC721BA:[8384da11-bc81-4aa4-8438-a9cb526b8e6b|rpc:10.1.0.20:41153|priority:0, c8c7f6e9-7147-4113-9ab5-2be4ccc0fabe|rpc:10.1.0.20:43257|priority:1, 85df8eb1-77a9-48e2-b795-4ce99b081c64|rpc:10.1.0.20:33453|priority:0] with ContainerStateMachine:uninitialized
2022-07-02 07:22:14,173 [pool-639-thread-1] INFO  server.RaftServerConfigKeys (ConfUtils.java:logGet(46)) - raft.server.rpc.timeout.min = 5s (custom)
2022-07-02 07:22:14,173 [pool-639-thread-1] INFO  server.RaftServerConfigKeys (ConfUtils.java:logGet(46)) - raft.server.rpc.timeout.max = 5200ms (custom)
2022-07-02 07:22:14,173 [pool-639-thread-1] INFO  server.RaftServerConfigKeys (ConfUtils.java:logGet(46)) - raft.server.rpc.sleep.time = 25ms (default)
2022-07-02 07:22:14,173 [pool-639-thread-1] INFO  server.RaftServerConfigKeys (ConfUtils.java:logGet(46)) - raft.server.rpc.slowness.timeout = 300s (custom)
2022-07-02 07:22:14,173 [pool-639-thread-1] INFO  server.RaftServerConfigKeys (ConfUtils.java:logGet(46)) - raft.server.leaderelection.leader.step-down.wait-time = 10s (default)
2022-07-02 07:22:14,173 [pool-639-thread-1] INFO  server.RaftServerConfigKeys (ConfUtils.java:logGet(46)) - raft.server.sleep.deviation.threshold = 300ms (default)
2022-07-02 07:22:14,173 [pool-639-thread-1] INFO  server.RaftServer$Division (ServerState.java:<init>(107)) - c8c7f6e9-7147-4113-9ab5-2be4ccc0fabe@group-D4572DC721BA: ConfigurationManager, init=-1: [8384da11-bc81-4aa4-8438-a9cb526b8e6b|rpc:10.1.0.20:41153|priority:0, c8c7f6e9-7147-4113-9ab5-2be4ccc0fabe|rpc:10.1.0.20:43257|priority:1, 85df8eb1-77a9-48e2-b795-4ce99b081c64|rpc:10.1.0.20:33453|priority:0], old=null, confs=<EMPTY_MAP>
2022-07-02 07:22:14,173 [pool-639-thread-1] INFO  server.RaftServerConfigKeys (ConfUtils.java:logGet(46)) - raft.server.storage.dir = [/home/runner/work/ozone/ozone/hadoop-ozone/integration-test/target/test-dir/MiniOzoneClusterImpl-2091899c-1ec3-4d3e-95df-d9e62105ac7a/datanode-2/data/ratis] (custom)
2022-07-02 07:22:14,173 [pool-639-thread-1] INFO  server.RaftServerConfigKeys (ConfUtils.java:logGet(46)) - raft.server.log.corruption.policy = EXCEPTION (default)
2022-07-02 07:22:14,173 [pool-639-thread-1] INFO  server.RaftServerConfigKeys (ConfUtils.java:logGet(46)) - raft.server.storage.free-space.min = 0MB (=0) (default)
2022-07-02 07:22:14,174 [pool-639-thread-1] INFO  storage.RaftStorageDirectory (RaftStorageDirectoryImpl.java:analyzeStorage(135)) - The storage directory /home/runner/work/ozone/ozone/hadoop-ozone/integration-test/target/test-dir/MiniOzoneClusterImpl-2091899c-1ec3-4d3e-95df-d9e62105ac7a/datanode-2/data/ratis/ae62c9d3-ca9c-4617-85c0-d4572dc721ba does not exist. Creating ...
2022-07-02 07:22:14,180 [pool-639-thread-1] INFO  storage.RaftStorageDirectory (RaftStorageDirectoryImpl.java:tryLock(230)) - Lock on /home/runner/work/ozone/ozone/hadoop-ozone/integration-test/target/test-dir/MiniOzoneClusterImpl-2091899c-1ec3-4d3e-95df-d9e62105ac7a/datanode-2/data/ratis/ae62c9d3-ca9c-4617-85c0-d4572dc721ba/in_use.lock acquired by nodename 16391@fv-az444-838
2022-07-02 07:22:14,182 [pool-639-thread-1] INFO  storage.RaftStorage (RaftStorageImpl.java:format(89)) - Storage directory /home/runner/work/ozone/ozone/hadoop-ozone/integration-test/target/test-dir/MiniOzoneClusterImpl-2091899c-1ec3-4d3e-95df-d9e62105ac7a/datanode-2/data/ratis/ae62c9d3-ca9c-4617-85c0-d4572dc721ba has been successfully formatted.
2022-07-02 07:22:14,182 [pool-639-thread-1] INFO  ratis.ContainerStateMachine (ContainerStateMachine.java:loadSnapshot(236)) - group-D4572DC721BA: The snapshot info is null. Setting the last applied indexto:(t:0, i:~)
2022-07-02 07:22:14,182 [pool-639-thread-1] INFO  server.RaftServerConfigKeys (ConfUtils.java:logGet(46)) - raft.server.notification.no-leader.timeout = 300s (custom)
2022-07-02 07:22:14,182 [pool-639-thread-1] INFO  server.RaftServerConfigKeys (ConfUtils.java:logGet(46)) - raft.server.log.use.memory = false (default)
2022-07-02 07:22:14,182 [pool-639-thread-1] INFO  server.RaftServerConfigKeys (ConfUtils.java:logGet(46)) - raft.server.log.purge.gap = 1000000 (custom)
2022-07-02 07:22:14,182 [pool-639-thread-1] INFO  server.RaftServerConfigKeys (ConfUtils.java:logGet(46)) - raft.server.log.appender.buffer.byte-limit = 33554432 (custom)
2022-07-02 07:22:14,182 [pool-639-thread-1] INFO  server.RaftServerConfigKeys (ConfUtils.java:logGet(46)) - raft.server.log.statemachine.data.read.timeout = 1000ms (default)
2022-07-02 07:22:14,183 [EventQueue-OpenPipelineForHealthyPipelineSafeModeRule] INFO  safemode.SCMSafeModeManager (HealthyPipelineSafeModeRule.java:process(124)) - SCM in safe mode. Healthy pipelines reported count is 0, required healthy pipeline reported count is 1
2022-07-02 07:22:14,183 [pool-639-thread-1] INFO  server.RaftServerConfigKeys (ConfUtils.java:logGet(46)) - raft.server.log.segment.size.max = 1048576 (custom)
2022-07-02 07:22:14,184 [pool-639-thread-1] INFO  server.RaftServerConfigKeys (ConfUtils.java:logGet(46)) - raft.server.log.segment.cache.num.max = 2 (custom)
2022-07-02 07:22:14,184 [pool-639-thread-1] INFO  server.RaftServerConfigKeys (ConfUtils.java:logGet(46)) - raft.server.log.segment.cache.size.max = 200MB (=209715200) (default)
2022-07-02 07:22:14,184 [pool-639-thread-1] INFO  segmented.SegmentedRaftLogWorker (SegmentedRaftLogWorker.java:<init>(187)) - new c8c7f6e9-7147-4113-9ab5-2be4ccc0fabe@group-D4572DC721BA-SegmentedRaftLogWorker for RaftStorageImpl:Storage Directory /home/runner/work/ozone/ozone/hadoop-ozone/integration-test/target/test-dir/MiniOzoneClusterImpl-2091899c-1ec3-4d3e-95df-d9e62105ac7a/datanode-2/data/ratis/ae62c9d3-ca9c-4617-85c0-d4572dc721ba
2022-07-02 07:22:14,184 [pool-639-thread-1] INFO  server.RaftServerConfigKeys (ConfUtils.java:logGet(46)) - raft.server.log.queue.byte-limit = 4294967296 (custom)
2022-07-02 07:22:14,191 [pool-639-thread-1] INFO  server.RaftServerConfigKeys (ConfUtils.java:logGet(46)) - raft.server.log.queue.element-limit = 1024 (custom)
2022-07-02 07:22:14,191 [pool-639-thread-1] INFO  server.RaftServerConfigKeys (ConfUtils.java:logGet(46)) - raft.server.log.segment.size.max = 1048576 (custom)
2022-07-02 07:22:14,191 [pool-639-thread-1] INFO  server.RaftServerConfigKeys (ConfUtils.java:logGet(46)) - raft.server.log.preallocated.size = 16384 (custom)
2022-07-02 07:22:14,191 [pool-639-thread-1] INFO  server.RaftServerConfigKeys (ConfUtils.java:logGet(46)) - raft.server.log.force.sync.num = 128 (default)
2022-07-02 07:22:14,191 [pool-639-thread-1] INFO  server.RaftServerConfigKeys (ConfUtils.java:logGet(46)) - raft.server.log.statemachine.data.sync = true (default)
2022-07-02 07:22:14,191 [pool-639-thread-1] INFO  server.RaftServerConfigKeys (ConfUtils.java:logGet(46)) - raft.server.log.statemachine.data.sync.timeout = 10s (default)
2022-07-02 07:22:14,191 [pool-639-thread-1] INFO  server.RaftServerConfigKeys (ConfUtils.java:logGet(46)) - raft.server.log.statemachine.data.sync.timeout.retry = -1 (default)
2022-07-02 07:22:14,200 [pool-639-thread-1] INFO  server.RaftServerConfigKeys (ConfUtils.java:logGet(46)) - raft.server.log.write.buffer.size = 1048576 (custom)
2022-07-02 07:22:14,201 [pool-639-thread-1] INFO  server.RaftServerConfigKeys (ConfUtils.java:logGet(46)) - raft.server.log.unsafe-flush.enabled = false (default)
2022-07-02 07:22:14,201 [pool-639-thread-1] INFO  server.RaftServerConfigKeys (ConfUtils.java:logGet(46)) - raft.server.log.statemachine.data.caching.enabled = true (custom)
2022-07-02 07:22:14,201 [pool-639-thread-1] INFO  segmented.SegmentedRaftLogWorker (SegmentedRaftLogWorker.java:lambda$new$0(135)) - c8c7f6e9-7147-4113-9ab5-2be4ccc0fabe@group-D4572DC721BA-SegmentedRaftLogWorker: flushIndex: setUnconditionally 0 -> -1
2022-07-02 07:22:14,201 [pool-639-thread-1] INFO  segmented.SegmentedRaftLogWorker (SegmentedRaftLogWorker.java:lambda$new$0(135)) - c8c7f6e9-7147-4113-9ab5-2be4ccc0fabe@group-D4572DC721BA-SegmentedRaftLogWorker: safeCacheEvictIndex: setUnconditionally 0 -> -1
2022-07-02 07:22:14,202 [pool-616-thread-1] INFO  server.RaftServer$Division (RaftServerImpl.java:<init>(190)) - 85df8eb1-77a9-48e2-b795-4ce99b081c64: new RaftServerImpl for group-4947C190D023:[8384da11-bc81-4aa4-8438-a9cb526b8e6b|rpc:10.1.0.20:41153|dataStream:|priority:1, c8c7f6e9-7147-4113-9ab5-2be4ccc0fabe|rpc:10.1.0.20:43257|dataStream:|priority:0, 85df8eb1-77a9-48e2-b795-4ce99b081c64|rpc:10.1.0.20:33453|dataStream:|priority:0] with ContainerStateMachine:uninitialized
2022-07-02 07:22:14,202 [pool-616-thread-1] INFO  server.RaftServerConfigKeys (ConfUtils.java:logGet(46)) - raft.server.rpc.timeout.min = 5s (custom)
2022-07-02 07:22:14,202 [pool-616-thread-1] INFO  server.RaftServerConfigKeys (ConfUtils.java:logGet(46)) - raft.server.rpc.timeout.max = 5200ms (custom)
2022-07-02 07:22:14,202 [pool-616-thread-1] INFO  server.RaftServerConfigKeys (ConfUtils.java:logGet(46)) - raft.server.rpc.sleep.time = 25ms (default)
2022-07-02 07:22:14,202 [pool-616-thread-1] INFO  server.RaftServerConfigKeys (ConfUtils.java:logGet(46)) - raft.server.rpc.slowness.timeout = 300s (custom)
2022-07-02 07:22:14,203 [pool-616-thread-1] INFO  server.RaftServerConfigKeys (ConfUtils.java:logGet(46)) - raft.server.leaderelection.leader.step-down.wait-time = 10s (default)
2022-07-02 07:22:14,203 [pool-616-thread-1] INFO  server.RaftServerConfigKeys (ConfUtils.java:logGet(46)) - raft.server.sleep.deviation.threshold = 300ms (default)
2022-07-02 07:22:14,203 [pool-616-thread-1] INFO  server.RaftServer$Division (ServerState.java:<init>(107)) - 85df8eb1-77a9-48e2-b795-4ce99b081c64@group-4947C190D023: ConfigurationManager, init=-1: [8384da11-bc81-4aa4-8438-a9cb526b8e6b|rpc:10.1.0.20:41153|dataStream:|priority:1, c8c7f6e9-7147-4113-9ab5-2be4ccc0fabe|rpc:10.1.0.20:43257|dataStream:|priority:0, 85df8eb1-77a9-48e2-b795-4ce99b081c64|rpc:10.1.0.20:33453|dataStream:|priority:0], old=null, confs=<EMPTY_MAP>
2022-07-02 07:22:14,203 [pool-616-thread-1] INFO  server.RaftServerConfigKeys (ConfUtils.java:logGet(46)) - raft.server.storage.dir = [/home/runner/work/ozone/ozone/hadoop-ozone/integration-test/target/test-dir/MiniOzoneClusterImpl-2091899c-1ec3-4d3e-95df-d9e62105ac7a/datanode-1/data/ratis] (custom)
2022-07-02 07:22:14,203 [pool-616-thread-1] INFO  server.RaftServerConfigKeys (ConfUtils.java:logGet(46)) - raft.server.log.corruption.policy = EXCEPTION (default)
2022-07-02 07:22:14,203 [pool-616-thread-1] INFO  server.RaftServerConfigKeys (ConfUtils.java:logGet(46)) - raft.server.storage.free-space.min = 0MB (=0) (default)
2022-07-02 07:22:14,203 [pool-616-thread-1] INFO  storage.RaftStorageDirectory (RaftStorageDirectoryImpl.java:analyzeStorage(135)) - The storage directory /home/runner/work/ozone/ozone/hadoop-ozone/integration-test/target/test-dir/MiniOzoneClusterImpl-2091899c-1ec3-4d3e-95df-d9e62105ac7a/datanode-1/data/ratis/4c386858-29cc-4ec6-a20f-4947c190d023 does not exist. Creating ...
2022-07-02 07:22:14,203 [pool-639-thread-1] INFO  server.RaftServerConfigKeys (ConfUtils.java:logGet(46)) - raft.server.snapshot.auto.trigger.enabled = true (custom)
2022-07-02 07:22:14,203 [pool-639-thread-1] INFO  server.RaftServerConfigKeys (ConfUtils.java:logGet(46)) - raft.server.snapshot.auto.trigger.threshold = 10000 (custom)
2022-07-02 07:22:14,204 [pool-639-thread-1] INFO  server.RaftServerConfigKeys (ConfUtils.java:logGet(46)) - raft.server.snapshot.retention.file.num = 5 (custom)
2022-07-02 07:22:14,204 [pool-639-thread-1] INFO  server.RaftServerConfigKeys (ConfUtils.java:logGet(46)) - raft.server.log.purge.upto.snapshot.index = false (default)
2022-07-02 07:22:14,204 [pool-639-thread-1] INFO  server.RaftServerConfigKeys (ConfUtils.java:logGet(46)) - raft.server.retrycache.expirytime = 600000ms (custom)
2022-07-02 07:22:14,204 [pool-639-thread-1] INFO  server.RaftServerConfigKeys (ConfUtils.java:logGet(46)) - raft.server.retrycache.statistics.expirytime = 100μs (default)
2022-07-02 07:22:14,205 [pool-639-thread-1] INFO  server.RaftServerConfigKeys (ConfUtils.java:logGet(46)) - raft.server.log.appender.install.snapshot.enabled = false (custom)
2022-07-02 07:22:14,205 [pool-639-thread-1] INFO  server.RaftServerConfigKeys (ConfUtils.java:logGet(46)) - raft.server.threadpool.server.cached = true (default)
2022-07-02 07:22:14,205 [pool-639-thread-1] INFO  server.RaftServerConfigKeys (ConfUtils.java:logGet(46)) - raft.server.threadpool.server.size = 0 (default)
2022-07-02 07:22:14,205 [pool-639-thread-1] INFO  server.RaftServerConfigKeys (ConfUtils.java:logGet(46)) - raft.server.threadpool.client.cached = true (default)
2022-07-02 07:22:14,206 [pool-639-thread-1] INFO  server.RaftServerConfigKeys (ConfUtils.java:logGet(46)) - raft.server.threadpool.client.size = 0 (default)
2022-07-02 07:22:14,206 [pool-639-thread-1] INFO  server.RaftServer$Division (RaftServerImpl.java:start(310)) - c8c7f6e9-7147-4113-9ab5-2be4ccc0fabe@group-D4572DC721BA: start as a follower, conf=-1: [8384da11-bc81-4aa4-8438-a9cb526b8e6b|rpc:10.1.0.20:41153|priority:0, c8c7f6e9-7147-4113-9ab5-2be4ccc0fabe|rpc:10.1.0.20:43257|priority:1, 85df8eb1-77a9-48e2-b795-4ce99b081c64|rpc:10.1.0.20:33453|priority:0], old=null
2022-07-02 07:22:14,206 [pool-639-thread-1] INFO  server.RaftServer$Division (RaftServerImpl.java:setRole(299)) - c8c7f6e9-7147-4113-9ab5-2be4ccc0fabe@group-D4572DC721BA: changes role from      null to FOLLOWER at term 0 for startAsFollower
2022-07-02 07:22:14,208 [pool-616-thread-1] INFO  storage.RaftStorageDirectory (RaftStorageDirectoryImpl.java:tryLock(230)) - Lock on /home/runner/work/ozone/ozone/hadoop-ozone/integration-test/target/test-dir/MiniOzoneClusterImpl-2091899c-1ec3-4d3e-95df-d9e62105ac7a/datanode-1/data/ratis/4c386858-29cc-4ec6-a20f-4947c190d023/in_use.lock acquired by nodename 16391@fv-az444-838
2022-07-02 07:22:14,209 [pool-616-thread-1] INFO  storage.RaftStorage (RaftStorageImpl.java:format(89)) - Storage directory /home/runner/work/ozone/ozone/hadoop-ozone/integration-test/target/test-dir/MiniOzoneClusterImpl-2091899c-1ec3-4d3e-95df-d9e62105ac7a/datanode-1/data/ratis/4c386858-29cc-4ec6-a20f-4947c190d023 has been successfully formatted.
2022-07-02 07:22:14,223 [pool-639-thread-1] INFO  impl.RoleInfo (RoleInfo.java:updateAndGet(139)) - c8c7f6e9-7147-4113-9ab5-2be4ccc0fabe: start c8c7f6e9-7147-4113-9ab5-2be4ccc0fabe@group-D4572DC721BA-FollowerState
2022-07-02 07:22:14,223 [pool-639-thread-1] INFO  util.JmxRegister (JmxRegister.java:tryRegister(44)) - Successfully registered JMX Bean with object name Ratis:service=RaftServer,group=group-D4572DC721BA,id=c8c7f6e9-7147-4113-9ab5-2be4ccc0fabe
2022-07-02 07:22:14,229 [Command processor thread] INFO  ratis.XceiverServerRatis (XceiverServerRatis.java:addGroup(765)) - Created group PipelineID=ae62c9d3-ca9c-4617-85c0-d4572dc721ba
2022-07-02 07:22:14,255 [pool-616-thread-1] INFO  ratis.ContainerStateMachine (ContainerStateMachine.java:loadSnapshot(236)) - group-4947C190D023: The snapshot info is null. Setting the last applied indexto:(t:0, i:~)
2022-07-02 07:22:14,255 [pool-616-thread-1] INFO  server.RaftServerConfigKeys (ConfUtils.java:logGet(46)) - raft.server.notification.no-leader.timeout = 300s (custom)
2022-07-02 07:22:14,255 [pool-616-thread-1] INFO  server.RaftServerConfigKeys (ConfUtils.java:logGet(46)) - raft.server.log.use.memory = false (default)
2022-07-02 07:22:14,255 [pool-616-thread-1] INFO  server.RaftServerConfigKeys (ConfUtils.java:logGet(46)) - raft.server.log.purge.gap = 1000000 (custom)
2022-07-02 07:22:14,255 [pool-616-thread-1] INFO  server.RaftServerConfigKeys (ConfUtils.java:logGet(46)) - raft.server.log.appender.buffer.byte-limit = 33554432 (custom)
2022-07-02 07:22:14,255 [pool-616-thread-1] INFO  server.RaftServerConfigKeys (ConfUtils.java:logGet(46)) - raft.server.log.statemachine.data.read.timeout = 1000ms (default)
2022-07-02 07:22:14,256 [pool-616-thread-1] INFO  server.RaftServerConfigKeys (ConfUtils.java:logGet(46)) - raft.server.log.segment.size.max = 1048576 (custom)
2022-07-02 07:22:14,256 [pool-616-thread-1] INFO  server.RaftServerConfigKeys (ConfUtils.java:logGet(46)) - raft.server.log.segment.cache.num.max = 2 (custom)
2022-07-02 07:22:14,256 [pool-616-thread-1] INFO  server.RaftServerConfigKeys (ConfUtils.java:logGet(46)) - raft.server.log.segment.cache.size.max = 200MB (=209715200) (default)
2022-07-02 07:22:14,287 [pool-616-thread-1] INFO  segmented.SegmentedRaftLogWorker (SegmentedRaftLogWorker.java:<init>(187)) - new 85df8eb1-77a9-48e2-b795-4ce99b081c64@group-4947C190D023-SegmentedRaftLogWorker for RaftStorageImpl:Storage Directory /home/runner/work/ozone/ozone/hadoop-ozone/integration-test/target/test-dir/MiniOzoneClusterImpl-2091899c-1ec3-4d3e-95df-d9e62105ac7a/datanode-1/data/ratis/4c386858-29cc-4ec6-a20f-4947c190d023
2022-07-02 07:22:14,287 [pool-616-thread-1] INFO  server.RaftServerConfigKeys (ConfUtils.java:logGet(46)) - raft.server.log.queue.byte-limit = 4294967296 (custom)
2022-07-02 07:22:14,287 [pool-616-thread-1] INFO  server.RaftServerConfigKeys (ConfUtils.java:logGet(46)) - raft.server.log.queue.element-limit = 1024 (custom)
2022-07-02 07:22:14,287 [pool-616-thread-1] INFO  server.RaftServerConfigKeys (ConfUtils.java:logGet(46)) - raft.server.log.segment.size.max = 1048576 (custom)
2022-07-02 07:22:14,287 [pool-616-thread-1] INFO  server.RaftServerConfigKeys (ConfUtils.java:logGet(46)) - raft.server.log.preallocated.size = 16384 (custom)
2022-07-02 07:22:14,287 [pool-616-thread-1] INFO  server.RaftServerConfigKeys (ConfUtils.java:logGet(46)) - raft.server.log.force.sync.num = 128 (default)
2022-07-02 07:22:14,287 [pool-616-thread-1] INFO  server.RaftServerConfigKeys (ConfUtils.java:logGet(46)) - raft.server.log.statemachine.data.sync = true (default)
2022-07-02 07:22:14,287 [pool-616-thread-1] INFO  server.RaftServerConfigKeys (ConfUtils.java:logGet(46)) - raft.server.log.statemachine.data.sync.timeout = 10s (default)
2022-07-02 07:22:14,287 [pool-616-thread-1] INFO  server.RaftServerConfigKeys (ConfUtils.java:logGet(46)) - raft.server.log.statemachine.data.sync.timeout.retry = -1 (default)
2022-07-02 07:22:14,295 [pool-616-thread-1] INFO  server.RaftServerConfigKeys (ConfUtils.java:logGet(46)) - raft.server.log.write.buffer.size = 1048576 (custom)
2022-07-02 07:22:14,297 [grpc-default-executor-0] INFO  server.RaftServer (RaftServerProxy.java:addNew(96)) - 85df8eb1-77a9-48e2-b795-4ce99b081c64: addNew group-D4572DC721BA:[8384da11-bc81-4aa4-8438-a9cb526b8e6b|rpc:10.1.0.20:41153|dataStream:|priority:0, c8c7f6e9-7147-4113-9ab5-2be4ccc0fabe|rpc:10.1.0.20:43257|dataStream:|priority:1, 85df8eb1-77a9-48e2-b795-4ce99b081c64|rpc:10.1.0.20:33453|dataStream:|priority:0] returns group-D4572DC721BA:java.util.concurrent.CompletableFuture@1cffa69f[Not completed]
2022-07-02 07:22:14,308 [pool-616-thread-1] INFO  server.RaftServerConfigKeys (ConfUtils.java:logGet(46)) - raft.server.log.unsafe-flush.enabled = false (default)
2022-07-02 07:22:14,308 [pool-616-thread-1] INFO  server.RaftServerConfigKeys (ConfUtils.java:logGet(46)) - raft.server.log.statemachine.data.caching.enabled = true (custom)
2022-07-02 07:22:14,308 [pool-616-thread-1] INFO  segmented.SegmentedRaftLogWorker (SegmentedRaftLogWorker.java:lambda$new$0(135)) - 85df8eb1-77a9-48e2-b795-4ce99b081c64@group-4947C190D023-SegmentedRaftLogWorker: flushIndex: setUnconditionally 0 -> -1
2022-07-02 07:22:14,308 [pool-616-thread-1] INFO  segmented.SegmentedRaftLogWorker (SegmentedRaftLogWorker.java:lambda$new$0(135)) - 85df8eb1-77a9-48e2-b795-4ce99b081c64@group-4947C190D023-SegmentedRaftLogWorker: safeCacheEvictIndex: setUnconditionally 0 -> -1
2022-07-02 07:22:14,312 [pool-616-thread-1] INFO  server.RaftServerConfigKeys (ConfUtils.java:logGet(46)) - raft.server.snapshot.auto.trigger.enabled = true (custom)
2022-07-02 07:22:14,312 [pool-616-thread-1] INFO  server.RaftServerConfigKeys (ConfUtils.java:logGet(46)) - raft.server.snapshot.auto.trigger.threshold = 10000 (custom)
2022-07-02 07:22:14,312 [pool-616-thread-1] INFO  server.RaftServerConfigKeys (ConfUtils.java:logGet(46)) - raft.server.snapshot.retention.file.num = 5 (custom)
2022-07-02 07:22:14,312 [pool-616-thread-1] INFO  server.RaftServerConfigKeys (ConfUtils.java:logGet(46)) - raft.server.log.purge.upto.snapshot.index = false (default)
2022-07-02 07:22:14,312 [pool-616-thread-1] INFO  server.RaftServerConfigKeys (ConfUtils.java:logGet(46)) - raft.server.retrycache.expirytime = 600000ms (custom)
2022-07-02 07:22:14,312 [pool-616-thread-1] INFO  server.RaftServerConfigKeys (ConfUtils.java:logGet(46)) - raft.server.retrycache.statistics.expirytime = 100μs (default)
2022-07-02 07:22:14,314 [pool-616-thread-1] INFO  server.RaftServerConfigKeys (ConfUtils.java:logGet(46)) - raft.server.log.appender.install.snapshot.enabled = false (custom)
2022-07-02 07:22:14,314 [pool-616-thread-1] INFO  server.RaftServerConfigKeys (ConfUtils.java:logGet(46)) - raft.server.threadpool.server.cached = true (default)
2022-07-02 07:22:14,314 [pool-616-thread-1] INFO  server.RaftServerConfigKeys (ConfUtils.java:logGet(46)) - raft.server.threadpool.server.size = 0 (default)
2022-07-02 07:22:14,314 [pool-616-thread-1] INFO  server.RaftServerConfigKeys (ConfUtils.java:logGet(46)) - raft.server.threadpool.client.cached = true (default)
2022-07-02 07:22:14,314 [pool-616-thread-1] INFO  server.RaftServerConfigKeys (ConfUtils.java:logGet(46)) - raft.server.threadpool.client.size = 0 (default)
2022-07-02 07:22:14,315 [pool-616-thread-1] INFO  server.RaftServer$Division (RaftServerImpl.java:<init>(190)) - 85df8eb1-77a9-48e2-b795-4ce99b081c64: new RaftServerImpl for group-D4572DC721BA:[8384da11-bc81-4aa4-8438-a9cb526b8e6b|rpc:10.1.0.20:41153|dataStream:|priority:0, c8c7f6e9-7147-4113-9ab5-2be4ccc0fabe|rpc:10.1.0.20:43257|dataStream:|priority:1, 85df8eb1-77a9-48e2-b795-4ce99b081c64|rpc:10.1.0.20:33453|dataStream:|priority:0] with ContainerStateMachine:uninitialized
2022-07-02 07:22:14,315 [pool-616-thread-1] INFO  server.RaftServerConfigKeys (ConfUtils.java:logGet(46)) - raft.server.rpc.timeout.min = 5s (custom)
2022-07-02 07:22:14,315 [pool-616-thread-1] INFO  server.RaftServerConfigKeys (ConfUtils.java:logGet(46)) - raft.server.rpc.timeout.max = 5200ms (custom)
2022-07-02 07:22:14,315 [pool-616-thread-1] INFO  server.RaftServerConfigKeys (ConfUtils.java:logGet(46)) - raft.server.rpc.sleep.time = 25ms (default)
2022-07-02 07:22:14,315 [pool-616-thread-1] INFO  server.RaftServerConfigKeys (ConfUtils.java:logGet(46)) - raft.server.rpc.slowness.timeout = 300s (custom)
2022-07-02 07:22:14,315 [pool-616-thread-1] INFO  server.RaftServerConfigKeys (ConfUtils.java:logGet(46)) - raft.server.leaderelection.leader.step-down.wait-time = 10s (default)
2022-07-02 07:22:14,315 [pool-616-thread-1] INFO  server.RaftServerConfigKeys (ConfUtils.java:logGet(46)) - raft.server.sleep.deviation.threshold = 300ms (default)
2022-07-02 07:22:14,315 [pool-616-thread-1] INFO  server.RaftServer$Division (ServerState.java:<init>(107)) - 85df8eb1-77a9-48e2-b795-4ce99b081c64@group-D4572DC721BA: ConfigurationManager, init=-1: [8384da11-bc81-4aa4-8438-a9cb526b8e6b|rpc:10.1.0.20:41153|dataStream:|priority:0, c8c7f6e9-7147-4113-9ab5-2be4ccc0fabe|rpc:10.1.0.20:43257|dataStream:|priority:1, 85df8eb1-77a9-48e2-b795-4ce99b081c64|rpc:10.1.0.20:33453|dataStream:|priority:0], old=null, confs=<EMPTY_MAP>
2022-07-02 07:22:14,315 [pool-616-thread-1] INFO  server.RaftServerConfigKeys (ConfUtils.java:logGet(46)) - raft.server.storage.dir = [/home/runner/work/ozone/ozone/hadoop-ozone/integration-test/target/test-dir/MiniOzoneClusterImpl-2091899c-1ec3-4d3e-95df-d9e62105ac7a/datanode-1/data/ratis] (custom)
2022-07-02 07:22:14,315 [pool-616-thread-1] INFO  server.RaftServerConfigKeys (ConfUtils.java:logGet(46)) - raft.server.log.corruption.policy = EXCEPTION (default)
2022-07-02 07:22:14,315 [pool-616-thread-1] INFO  server.RaftServerConfigKeys (ConfUtils.java:logGet(46)) - raft.server.storage.free-space.min = 0MB (=0) (default)
2022-07-02 07:22:14,315 [pool-616-thread-1] INFO  storage.RaftStorageDirectory (RaftStorageDirectoryImpl.java:analyzeStorage(135)) - The storage directory /home/runner/work/ozone/ozone/hadoop-ozone/integration-test/target/test-dir/MiniOzoneClusterImpl-2091899c-1ec3-4d3e-95df-d9e62105ac7a/datanode-1/data/ratis/ae62c9d3-ca9c-4617-85c0-d4572dc721ba does not exist. Creating ...
2022-07-02 07:22:14,321 [pool-616-thread-1] INFO  storage.RaftStorageDirectory (RaftStorageDirectoryImpl.java:tryLock(230)) - Lock on /home/runner/work/ozone/ozone/hadoop-ozone/integration-test/target/test-dir/MiniOzoneClusterImpl-2091899c-1ec3-4d3e-95df-d9e62105ac7a/datanode-1/data/ratis/ae62c9d3-ca9c-4617-85c0-d4572dc721ba/in_use.lock acquired by nodename 16391@fv-az444-838
2022-07-02 07:22:14,345 [pool-616-thread-1] INFO  storage.RaftStorage (RaftStorageImpl.java:format(89)) - Storage directory /home/runner/work/ozone/ozone/hadoop-ozone/integration-test/target/test-dir/MiniOzoneClusterImpl-2091899c-1ec3-4d3e-95df-d9e62105ac7a/datanode-1/data/ratis/ae62c9d3-ca9c-4617-85c0-d4572dc721ba has been successfully formatted.
2022-07-02 07:22:14,346 [pool-616-thread-1] INFO  ratis.ContainerStateMachine (ContainerStateMachine.java:loadSnapshot(236)) - group-D4572DC721BA: The snapshot info is null. Setting the last applied indexto:(t:0, i:~)
2022-07-02 07:22:14,346 [pool-616-thread-1] INFO  server.RaftServerConfigKeys (ConfUtils.java:logGet(46)) - raft.server.notification.no-leader.timeout = 300s (custom)
2022-07-02 07:22:14,346 [pool-616-thread-1] INFO  server.RaftServerConfigKeys (ConfUtils.java:logGet(46)) - raft.server.log.use.memory = false (default)
2022-07-02 07:22:14,346 [pool-616-thread-1] INFO  server.RaftServerConfigKeys (ConfUtils.java:logGet(46)) - raft.server.log.purge.gap = 1000000 (custom)
2022-07-02 07:22:14,346 [pool-616-thread-1] INFO  server.RaftServerConfigKeys (ConfUtils.java:logGet(46)) - raft.server.log.appender.buffer.byte-limit = 33554432 (custom)
2022-07-02 07:22:14,346 [pool-616-thread-1] INFO  server.RaftServerConfigKeys (ConfUtils.java:logGet(46)) - raft.server.log.statemachine.data.read.timeout = 1000ms (default)
2022-07-02 07:22:14,346 [pool-616-thread-1] INFO  server.RaftServerConfigKeys (ConfUtils.java:logGet(46)) - raft.server.log.segment.size.max = 1048576 (custom)
2022-07-02 07:22:14,347 [pool-616-thread-1] INFO  server.RaftServerConfigKeys (ConfUtils.java:logGet(46)) - raft.server.log.segment.cache.num.max = 2 (custom)
2022-07-02 07:22:14,347 [pool-616-thread-1] INFO  server.RaftServerConfigKeys (ConfUtils.java:logGet(46)) - raft.server.log.segment.cache.size.max = 200MB (=209715200) (default)
2022-07-02 07:22:14,347 [pool-616-thread-1] INFO  segmented.SegmentedRaftLogWorker (SegmentedRaftLogWorker.java:<init>(187)) - new 85df8eb1-77a9-48e2-b795-4ce99b081c64@group-D4572DC721BA-SegmentedRaftLogWorker for RaftStorageImpl:Storage Directory /home/runner/work/ozone/ozone/hadoop-ozone/integration-test/target/test-dir/MiniOzoneClusterImpl-2091899c-1ec3-4d3e-95df-d9e62105ac7a/datanode-1/data/ratis/ae62c9d3-ca9c-4617-85c0-d4572dc721ba
2022-07-02 07:22:14,347 [pool-616-thread-1] INFO  server.RaftServerConfigKeys (ConfUtils.java:logGet(46)) - raft.server.log.queue.byte-limit = 4294967296 (custom)
2022-07-02 07:22:14,347 [pool-616-thread-1] INFO  server.RaftServerConfigKeys (ConfUtils.java:logGet(46)) - raft.server.log.queue.element-limit = 1024 (custom)
2022-07-02 07:22:14,347 [pool-616-thread-1] INFO  server.RaftServerConfigKeys (ConfUtils.java:logGet(46)) - raft.server.log.segment.size.max = 1048576 (custom)
2022-07-02 07:22:14,347 [pool-616-thread-1] INFO  server.RaftServerConfigKeys (ConfUtils.java:logGet(46)) - raft.server.log.preallocated.size = 16384 (custom)
2022-07-02 07:22:14,347 [pool-616-thread-1] INFO  server.RaftServerConfigKeys (ConfUtils.java:logGet(46)) - raft.server.log.force.sync.num = 128 (default)
2022-07-02 07:22:14,347 [pool-616-thread-1] INFO  server.RaftServerConfigKeys (ConfUtils.java:logGet(46)) - raft.server.log.statemachine.data.sync = true (default)
2022-07-02 07:22:14,347 [pool-616-thread-1] INFO  server.RaftServerConfigKeys (ConfUtils.java:logGet(46)) - raft.server.log.statemachine.data.sync.timeout = 10s (default)
2022-07-02 07:22:14,347 [pool-616-thread-1] INFO  server.RaftServerConfigKeys (ConfUtils.java:logGet(46)) - raft.server.log.statemachine.data.sync.timeout.retry = -1 (default)
2022-07-02 07:22:14,349 [pool-616-thread-1] INFO  server.RaftServerConfigKeys (ConfUtils.java:logGet(46)) - raft.server.log.write.buffer.size = 1048576 (custom)
2022-07-02 07:22:14,350 [pool-616-thread-1] INFO  server.RaftServerConfigKeys (ConfUtils.java:logGet(46)) - raft.server.log.unsafe-flush.enabled = false (default)
2022-07-02 07:22:14,351 [pool-616-thread-1] INFO  server.RaftServerConfigKeys (ConfUtils.java:logGet(46)) - raft.server.log.statemachine.data.caching.enabled = true (custom)
2022-07-02 07:22:14,351 [pool-616-thread-1] INFO  segmented.SegmentedRaftLogWorker (SegmentedRaftLogWorker.java:lambda$new$0(135)) - 85df8eb1-77a9-48e2-b795-4ce99b081c64@group-D4572DC721BA-SegmentedRaftLogWorker: flushIndex: setUnconditionally 0 -> -1
2022-07-02 07:22:14,351 [pool-616-thread-1] INFO  segmented.SegmentedRaftLogWorker (SegmentedRaftLogWorker.java:lambda$new$0(135)) - 85df8eb1-77a9-48e2-b795-4ce99b081c64@group-D4572DC721BA-SegmentedRaftLogWorker: safeCacheEvictIndex: setUnconditionally 0 -> -1
2022-07-02 07:22:14,351 [pool-616-thread-1] INFO  server.RaftServerConfigKeys (ConfUtils.java:logGet(46)) - raft.server.snapshot.auto.trigger.enabled = true (custom)
2022-07-02 07:22:14,351 [pool-616-thread-1] INFO  server.RaftServerConfigKeys (ConfUtils.java:logGet(46)) - raft.server.snapshot.auto.trigger.threshold = 10000 (custom)
2022-07-02 07:22:14,351 [pool-616-thread-1] INFO  server.RaftServerConfigKeys (ConfUtils.java:logGet(46)) - raft.server.snapshot.retention.file.num = 5 (custom)
2022-07-02 07:22:14,351 [pool-616-thread-1] INFO  server.RaftServerConfigKeys (ConfUtils.java:logGet(46)) - raft.server.log.purge.upto.snapshot.index = false (default)
2022-07-02 07:22:14,351 [pool-616-thread-1] INFO  server.RaftServerConfigKeys (ConfUtils.java:logGet(46)) - raft.server.retrycache.expirytime = 600000ms (custom)
2022-07-02 07:22:14,351 [pool-616-thread-1] INFO  server.RaftServerConfigKeys (ConfUtils.java:logGet(46)) - raft.server.retrycache.statistics.expirytime = 100μs (default)
2022-07-02 07:22:14,353 [pool-616-thread-1] INFO  server.RaftServerConfigKeys (ConfUtils.java:logGet(46)) - raft.server.log.appender.install.snapshot.enabled = false (custom)
2022-07-02 07:22:14,353 [pool-616-thread-1] INFO  server.RaftServerConfigKeys (ConfUtils.java:logGet(46)) - raft.server.threadpool.server.cached = true (default)
2022-07-02 07:22:14,353 [pool-616-thread-1] INFO  server.RaftServerConfigKeys (ConfUtils.java:logGet(46)) - raft.server.threadpool.server.size = 0 (default)
2022-07-02 07:22:14,353 [pool-616-thread-1] INFO  server.RaftServerConfigKeys (ConfUtils.java:logGet(46)) - raft.server.threadpool.client.cached = true (default)
2022-07-02 07:22:14,353 [pool-616-thread-1] INFO  server.RaftServerConfigKeys (ConfUtils.java:logGet(46)) - raft.server.threadpool.client.size = 0 (default)
2022-07-02 07:22:14,353 [pool-616-thread-1] INFO  server.RaftServer$Division (RaftServerImpl.java:start(310)) - 85df8eb1-77a9-48e2-b795-4ce99b081c64@group-4947C190D023: start as a follower, conf=-1: [8384da11-bc81-4aa4-8438-a9cb526b8e6b|rpc:10.1.0.20:41153|dataStream:|priority:1, c8c7f6e9-7147-4113-9ab5-2be4ccc0fabe|rpc:10.1.0.20:43257|dataStream:|priority:0, 85df8eb1-77a9-48e2-b795-4ce99b081c64|rpc:10.1.0.20:33453|dataStream:|priority:0], old=null
2022-07-02 07:22:14,353 [pool-616-thread-1] INFO  server.RaftServer$Division (RaftServerImpl.java:setRole(299)) - 85df8eb1-77a9-48e2-b795-4ce99b081c64@group-4947C190D023: changes role from      null to FOLLOWER at term 0 for startAsFollower
2022-07-02 07:22:14,353 [pool-616-thread-1] INFO  impl.RoleInfo (RoleInfo.java:updateAndGet(139)) - 85df8eb1-77a9-48e2-b795-4ce99b081c64: start 85df8eb1-77a9-48e2-b795-4ce99b081c64@group-4947C190D023-FollowerState
2022-07-02 07:22:14,353 [pool-616-thread-1] INFO  util.JmxRegister (JmxRegister.java:tryRegister(44)) - Successfully registered JMX Bean with object name Ratis:service=RaftServer,group=group-4947C190D023,id=85df8eb1-77a9-48e2-b795-4ce99b081c64
2022-07-02 07:22:14,354 [pool-616-thread-1] INFO  server.RaftServer$Division (RaftServerImpl.java:start(310)) - 85df8eb1-77a9-48e2-b795-4ce99b081c64@group-D4572DC721BA: start as a follower, conf=-1: [8384da11-bc81-4aa4-8438-a9cb526b8e6b|rpc:10.1.0.20:41153|dataStream:|priority:0, c8c7f6e9-7147-4113-9ab5-2be4ccc0fabe|rpc:10.1.0.20:43257|dataStream:|priority:1, 85df8eb1-77a9-48e2-b795-4ce99b081c64|rpc:10.1.0.20:33453|dataStream:|priority:0], old=null
2022-07-02 07:22:14,354 [pool-616-thread-1] INFO  server.RaftServer$Division (RaftServerImpl.java:setRole(299)) - 85df8eb1-77a9-48e2-b795-4ce99b081c64@group-D4572DC721BA: changes role from      null to FOLLOWER at term 0 for startAsFollower
2022-07-02 07:22:14,354 [pool-616-thread-1] INFO  impl.RoleInfo (RoleInfo.java:updateAndGet(139)) - 85df8eb1-77a9-48e2-b795-4ce99b081c64: start 85df8eb1-77a9-48e2-b795-4ce99b081c64@group-D4572DC721BA-FollowerState
2022-07-02 07:22:14,356 [pool-616-thread-1] INFO  util.JmxRegister (JmxRegister.java:tryRegister(44)) - Successfully registered JMX Bean with object name Ratis:service=RaftServer,group=group-D4572DC721BA,id=85df8eb1-77a9-48e2-b795-4ce99b081c64
2022-07-02 07:22:14,378 [EndpointStateMachine task thread for /0.0.0.0:40587 - 0 ] INFO  volume.HddsVolume (HddsVolume.java:createDbStore(309)) - SchemaV3 db is created and loaded at /home/runner/work/ozone/ozone/hadoop-ozone/integration-test/target/test-dir/MiniOzoneClusterImpl-2091899c-1ec3-4d3e-95df-d9e62105ac7a/datanode-4/data-0/containers/hdds/2091899c-1ec3-4d3e-95df-d9e62105ac7a/DS-c694adf4-5ae7-4d72-9e73-a648f1074509/container.db for volume DS-c694adf4-5ae7-4d72-9e73-a648f1074509
2022-07-02 07:22:14,378 [EndpointStateMachine task thread for /0.0.0.0:40587 - 0 ] INFO  volume.HddsVolume (HddsVolume.java:closeDbStore(340)) - SchemaV3 db is stopped at /home/runner/work/ozone/ozone/hadoop-ozone/integration-test/target/test-dir/MiniOzoneClusterImpl-2091899c-1ec3-4d3e-95df-d9e62105ac7a/datanode-4/data-0/containers/hdds/2091899c-1ec3-4d3e-95df-d9e62105ac7a/DS-c694adf4-5ae7-4d72-9e73-a648f1074509/container.db for volume DS-c694adf4-5ae7-4d72-9e73-a648f1074509
2022-07-02 07:22:14,379 [EndpointStateMachine task thread for /0.0.0.0:40587 - 0 ] INFO  ozoneimpl.OzoneContainer (OzoneContainer.java:start(344)) - Attempting to start container services.
2022-07-02 07:22:14,379 [EndpointStateMachine task thread for /0.0.0.0:40587 - 0 ] INFO  ozoneimpl.OzoneContainer (OzoneContainer.java:startContainerScrub(279)) - Background container scanner has been disabled.
2022-07-02 07:22:14,441 [EndpointStateMachine task thread for /0.0.0.0:40587 - 0 ] INFO  replication.ReplicationServer (ReplicationServer.java:start(111)) - ReplicationServer is started using port 40543
2022-07-02 07:22:14,445 [EndpointStateMachine task thread for /0.0.0.0:40587 - 0 ] INFO  ratis.XceiverServerRatis (XceiverServerRatis.java:start(481)) - Starting XceiverServerRatis eb920e94-4431-4986-848f-491e170389c2
2022-07-02 07:22:14,467 [EndpointStateMachine task thread for /0.0.0.0:40587 - 0 ] INFO  server.RaftServer (RaftServerProxy.java:lambda$start$6(382)) - eb920e94-4431-4986-848f-491e170389c2: start RPC server
2022-07-02 07:22:14,476 [EndpointStateMachine task thread for /0.0.0.0:40587 - 0 ] INFO  server.GrpcService (GrpcService.java:startImpl(260)) - eb920e94-4431-4986-848f-491e170389c2: GrpcService started, listening on 46637
2022-07-02 07:22:14,479 [EndpointStateMachine task thread for /0.0.0.0:40587 - 0 ] INFO  ratis.XceiverServerRatis (XceiverServerRatis.java:getRealPort(502)) - XceiverServerRatis eb920e94-4431-4986-848f-491e170389c2 is started using port 46637 for RATIS
2022-07-02 07:22:14,479 [EndpointStateMachine task thread for /0.0.0.0:40587 - 0 ] INFO  ratis.XceiverServerRatis (XceiverServerRatis.java:getRealPort(502)) - XceiverServerRatis eb920e94-4431-4986-848f-491e170389c2 is started using port 46637 for RATIS_ADMIN
2022-07-02 07:22:14,479 [EndpointStateMachine task thread for /0.0.0.0:40587 - 0 ] INFO  ratis.XceiverServerRatis (XceiverServerRatis.java:getRealPort(502)) - XceiverServerRatis eb920e94-4431-4986-848f-491e170389c2 is started using port 46637 for RATIS_SERVER
2022-07-02 07:22:14,479 [org.apache.ratis.util.JvmPauseMonitor$$Lambda$611/1072797734@66beeb18] INFO  util.JvmPauseMonitor (JvmPauseMonitor.java:run(103)) - JvmPauseMonitor-eb920e94-4431-4986-848f-491e170389c2: Started
2022-07-02 07:22:14,504 [Command processor thread] INFO  commandhandler.CreatePipelineCommandHandler (CreatePipelineCommandHandler.java:handle(113)) - Created Pipeline RATIS THREE PipelineID=4c386858-29cc-4ec6-a20f-4947c190d023.
2022-07-02 07:22:14,504 [Command processor thread] INFO  server.RaftServer (RaftServerProxy.java:addNew(96)) - 8384da11-bc81-4aa4-8438-a9cb526b8e6b: addNew group-D4572DC721BA:[8384da11-bc81-4aa4-8438-a9cb526b8e6b|rpc:10.1.0.20:41153|priority:0, c8c7f6e9-7147-4113-9ab5-2be4ccc0fabe|rpc:10.1.0.20:43257|priority:1, 85df8eb1-77a9-48e2-b795-4ce99b081c64|rpc:10.1.0.20:33453|priority:0] returns group-D4572DC721BA:java.util.concurrent.CompletableFuture@66fe7a8e[Not completed]
2022-07-02 07:22:14,505 [pool-593-thread-1] INFO  server.RaftServer$Division (RaftServerImpl.java:<init>(190)) - 8384da11-bc81-4aa4-8438-a9cb526b8e6b: new RaftServerImpl for group-D4572DC721BA:[8384da11-bc81-4aa4-8438-a9cb526b8e6b|rpc:10.1.0.20:41153|priority:0, c8c7f6e9-7147-4113-9ab5-2be4ccc0fabe|rpc:10.1.0.20:43257|priority:1, 85df8eb1-77a9-48e2-b795-4ce99b081c64|rpc:10.1.0.20:33453|priority:0] with ContainerStateMachine:uninitialized
2022-07-02 07:22:14,505 [pool-593-thread-1] INFO  server.RaftServerConfigKeys (ConfUtils.java:logGet(46)) - raft.server.rpc.timeout.min = 5s (custom)
2022-07-02 07:22:14,505 [pool-593-thread-1] INFO  server.RaftServerConfigKeys (ConfUtils.java:logGet(46)) - raft.server.rpc.timeout.max = 5200ms (custom)
2022-07-02 07:22:14,505 [pool-593-thread-1] INFO  server.RaftServerConfigKeys (ConfUtils.java:logGet(46)) - raft.server.rpc.sleep.time = 25ms (default)
2022-07-02 07:22:14,506 [pool-593-thread-1] INFO  server.RaftServerConfigKeys (ConfUtils.java:logGet(46)) - raft.server.rpc.slowness.timeout = 300s (custom)
2022-07-02 07:22:14,506 [pool-593-thread-1] INFO  server.RaftServerConfigKeys (ConfUtils.java:logGet(46)) - raft.server.leaderelection.leader.step-down.wait-time = 10s (default)
2022-07-02 07:22:14,506 [pool-593-thread-1] INFO  server.RaftServerConfigKeys (ConfUtils.java:logGet(46)) - raft.server.sleep.deviation.threshold = 300ms (default)
2022-07-02 07:22:14,506 [pool-593-thread-1] INFO  server.RaftServer$Division (ServerState.java:<init>(107)) - 8384da11-bc81-4aa4-8438-a9cb526b8e6b@group-D4572DC721BA: ConfigurationManager, init=-1: [8384da11-bc81-4aa4-8438-a9cb526b8e6b|rpc:10.1.0.20:41153|priority:0, c8c7f6e9-7147-4113-9ab5-2be4ccc0fabe|rpc:10.1.0.20:43257|priority:1, 85df8eb1-77a9-48e2-b795-4ce99b081c64|rpc:10.1.0.20:33453|priority:0], old=null, confs=<EMPTY_MAP>
2022-07-02 07:22:14,506 [pool-593-thread-1] INFO  server.RaftServerConfigKeys (ConfUtils.java:logGet(46)) - raft.server.storage.dir = [/home/runner/work/ozone/ozone/hadoop-ozone/integration-test/target/test-dir/MiniOzoneClusterImpl-2091899c-1ec3-4d3e-95df-d9e62105ac7a/datanode-0/data/ratis] (custom)
2022-07-02 07:22:14,506 [pool-593-thread-1] INFO  server.RaftServerConfigKeys (ConfUtils.java:logGet(46)) - raft.server.log.corruption.policy = EXCEPTION (default)
2022-07-02 07:22:14,506 [pool-593-thread-1] INFO  server.RaftServerConfigKeys (ConfUtils.java:logGet(46)) - raft.server.storage.free-space.min = 0MB (=0) (default)
2022-07-02 07:22:14,506 [pool-593-thread-1] INFO  storage.RaftStorageDirectory (RaftStorageDirectoryImpl.java:analyzeStorage(135)) - The storage directory /home/runner/work/ozone/ozone/hadoop-ozone/integration-test/target/test-dir/MiniOzoneClusterImpl-2091899c-1ec3-4d3e-95df-d9e62105ac7a/datanode-0/data/ratis/ae62c9d3-ca9c-4617-85c0-d4572dc721ba does not exist. Creating ...
2022-07-02 07:22:14,515 [pool-593-thread-1] INFO  storage.RaftStorageDirectory (RaftStorageDirectoryImpl.java:tryLock(230)) - Lock on /home/runner/work/ozone/ozone/hadoop-ozone/integration-test/target/test-dir/MiniOzoneClusterImpl-2091899c-1ec3-4d3e-95df-d9e62105ac7a/datanode-0/data/ratis/ae62c9d3-ca9c-4617-85c0-d4572dc721ba/in_use.lock acquired by nodename 16391@fv-az444-838
2022-07-02 07:22:14,516 [pool-593-thread-1] INFO  storage.RaftStorage (RaftStorageImpl.java:format(89)) - Storage directory /home/runner/work/ozone/ozone/hadoop-ozone/integration-test/target/test-dir/MiniOzoneClusterImpl-2091899c-1ec3-4d3e-95df-d9e62105ac7a/datanode-0/data/ratis/ae62c9d3-ca9c-4617-85c0-d4572dc721ba has been successfully formatted.
2022-07-02 07:22:14,517 [pool-593-thread-1] INFO  ratis.ContainerStateMachine (ContainerStateMachine.java:loadSnapshot(236)) - group-D4572DC721BA: The snapshot info is null. Setting the last applied indexto:(t:0, i:~)
2022-07-02 07:22:14,517 [pool-593-thread-1] INFO  server.RaftServerConfigKeys (ConfUtils.java:logGet(46)) - raft.server.notification.no-leader.timeout = 300s (custom)
2022-07-02 07:22:14,517 [pool-593-thread-1] INFO  server.RaftServerConfigKeys (ConfUtils.java:logGet(46)) - raft.server.log.use.memory = false (default)
2022-07-02 07:22:14,517 [pool-593-thread-1] INFO  server.RaftServerConfigKeys (ConfUtils.java:logGet(46)) - raft.server.log.purge.gap = 1000000 (custom)
2022-07-02 07:22:14,517 [pool-593-thread-1] INFO  server.RaftServerConfigKeys (ConfUtils.java:logGet(46)) - raft.server.log.appender.buffer.byte-limit = 33554432 (custom)
2022-07-02 07:22:14,517 [pool-593-thread-1] INFO  server.RaftServerConfigKeys (ConfUtils.java:logGet(46)) - raft.server.log.statemachine.data.read.timeout = 1000ms (default)
2022-07-02 07:22:14,517 [pool-593-thread-1] INFO  server.RaftServerConfigKeys (ConfUtils.java:logGet(46)) - raft.server.log.segment.size.max = 1048576 (custom)
2022-07-02 07:22:14,518 [EventQueue-OpenPipelineForHealthyPipelineSafeModeRule] INFO  safemode.SCMSafeModeManager (HealthyPipelineSafeModeRule.java:process(124)) - SCM in safe mode. Healthy pipelines reported count is 0, required healthy pipeline reported count is 1
2022-07-02 07:22:14,518 [pool-593-thread-1] INFO  server.RaftServerConfigKeys (ConfUtils.java:logGet(46)) - raft.server.log.segment.cache.num.max = 2 (custom)
2022-07-02 07:22:14,518 [pool-593-thread-1] INFO  server.RaftServerConfigKeys (ConfUtils.java:logGet(46)) - raft.server.log.segment.cache.size.max = 200MB (=209715200) (default)
2022-07-02 07:22:14,518 [pool-593-thread-1] INFO  segmented.SegmentedRaftLogWorker (SegmentedRaftLogWorker.java:<init>(187)) - new 8384da11-bc81-4aa4-8438-a9cb526b8e6b@group-D4572DC721BA-SegmentedRaftLogWorker for RaftStorageImpl:Storage Directory /home/runner/work/ozone/ozone/hadoop-ozone/integration-test/target/test-dir/MiniOzoneClusterImpl-2091899c-1ec3-4d3e-95df-d9e62105ac7a/datanode-0/data/ratis/ae62c9d3-ca9c-4617-85c0-d4572dc721ba
2022-07-02 07:22:14,518 [pool-593-thread-1] INFO  server.RaftServerConfigKeys (ConfUtils.java:logGet(46)) - raft.server.log.queue.byte-limit = 4294967296 (custom)
2022-07-02 07:22:14,518 [pool-593-thread-1] INFO  server.RaftServerConfigKeys (ConfUtils.java:logGet(46)) - raft.server.log.queue.element-limit = 1024 (custom)
2022-07-02 07:22:14,518 [pool-593-thread-1] INFO  server.RaftServerConfigKeys (ConfUtils.java:logGet(46)) - raft.server.log.segment.size.max = 1048576 (custom)
2022-07-02 07:22:14,518 [pool-593-thread-1] INFO  server.RaftServerConfigKeys (ConfUtils.java:logGet(46)) - raft.server.log.preallocated.size = 16384 (custom)
2022-07-02 07:22:14,518 [pool-593-thread-1] INFO  server.RaftServerConfigKeys (ConfUtils.java:logGet(46)) - raft.server.log.force.sync.num = 128 (default)
2022-07-02 07:22:14,518 [pool-593-thread-1] INFO  server.RaftServerConfigKeys (ConfUtils.java:logGet(46)) - raft.server.log.statemachine.data.sync = true (default)
2022-07-02 07:22:14,518 [pool-593-thread-1] INFO  server.RaftServerConfigKeys (ConfUtils.java:logGet(46)) - raft.server.log.statemachine.data.sync.timeout = 10s (default)
2022-07-02 07:22:14,518 [pool-593-thread-1] INFO  server.RaftServerConfigKeys (ConfUtils.java:logGet(46)) - raft.server.log.statemachine.data.sync.timeout.retry = -1 (default)
2022-07-02 07:22:14,519 [pool-593-thread-1] INFO  server.RaftServerConfigKeys (ConfUtils.java:logGet(46)) - raft.server.log.write.buffer.size = 1048576 (custom)
2022-07-02 07:22:14,520 [pool-593-thread-1] INFO  server.RaftServerConfigKeys (ConfUtils.java:logGet(46)) - raft.server.log.unsafe-flush.enabled = false (default)
2022-07-02 07:22:14,520 [pool-593-thread-1] INFO  server.RaftServerConfigKeys (ConfUtils.java:logGet(46)) - raft.server.log.statemachine.data.caching.enabled = true (custom)
2022-07-02 07:22:14,520 [pool-593-thread-1] INFO  segmented.SegmentedRaftLogWorker (SegmentedRaftLogWorker.java:lambda$new$0(135)) - 8384da11-bc81-4aa4-8438-a9cb526b8e6b@group-D4572DC721BA-SegmentedRaftLogWorker: flushIndex: setUnconditionally 0 -> -1
2022-07-02 07:22:14,520 [pool-593-thread-1] INFO  segmented.SegmentedRaftLogWorker (SegmentedRaftLogWorker.java:lambda$new$0(135)) - 8384da11-bc81-4aa4-8438-a9cb526b8e6b@group-D4572DC721BA-SegmentedRaftLogWorker: safeCacheEvictIndex: setUnconditionally 0 -> -1
2022-07-02 07:22:14,529 [pool-593-thread-1] INFO  server.RaftServerConfigKeys (ConfUtils.java:logGet(46)) - raft.server.snapshot.auto.trigger.enabled = true (custom)
2022-07-02 07:22:14,529 [pool-593-thread-1] INFO  server.RaftServerConfigKeys (ConfUtils.java:logGet(46)) - raft.server.snapshot.auto.trigger.threshold = 10000 (custom)
2022-07-02 07:22:14,529 [pool-593-thread-1] INFO  server.RaftServerConfigKeys (ConfUtils.java:logGet(46)) - raft.server.snapshot.retention.file.num = 5 (custom)
2022-07-02 07:22:14,529 [pool-593-thread-1] INFO  server.RaftServerConfigKeys (ConfUtils.java:logGet(46)) - raft.server.log.purge.upto.snapshot.index = false (default)
2022-07-02 07:22:14,529 [pool-593-thread-1] INFO  server.RaftServerConfigKeys (ConfUtils.java:logGet(46)) - raft.server.retrycache.expirytime = 600000ms (custom)
2022-07-02 07:22:14,529 [pool-593-thread-1] INFO  server.RaftServerConfigKeys (ConfUtils.java:logGet(46)) - raft.server.retrycache.statistics.expirytime = 100μs (default)
2022-07-02 07:22:14,530 [pool-593-thread-1] INFO  server.RaftServerConfigKeys (ConfUtils.java:logGet(46)) - raft.server.log.appender.install.snapshot.enabled = false (custom)
2022-07-02 07:22:14,530 [pool-593-thread-1] INFO  server.RaftServerConfigKeys (ConfUtils.java:logGet(46)) - raft.server.threadpool.server.cached = true (default)
2022-07-02 07:22:14,530 [pool-593-thread-1] INFO  server.RaftServerConfigKeys (ConfUtils.java:logGet(46)) - raft.server.threadpool.server.size = 0 (default)
2022-07-02 07:22:14,530 [pool-593-thread-1] INFO  server.RaftServerConfigKeys (ConfUtils.java:logGet(46)) - raft.server.threadpool.client.cached = true (default)
2022-07-02 07:22:14,530 [pool-593-thread-1] INFO  server.RaftServerConfigKeys (ConfUtils.java:logGet(46)) - raft.server.threadpool.client.size = 0 (default)
2022-07-02 07:22:14,531 [pool-593-thread-1] INFO  server.RaftServer$Division (RaftServerImpl.java:start(310)) - 8384da11-bc81-4aa4-8438-a9cb526b8e6b@group-D4572DC721BA: start as a follower, conf=-1: [8384da11-bc81-4aa4-8438-a9cb526b8e6b|rpc:10.1.0.20:41153|priority:0, c8c7f6e9-7147-4113-9ab5-2be4ccc0fabe|rpc:10.1.0.20:43257|priority:1, 85df8eb1-77a9-48e2-b795-4ce99b081c64|rpc:10.1.0.20:33453|priority:0], old=null
2022-07-02 07:22:14,531 [pool-593-thread-1] INFO  server.RaftServer$Division (RaftServerImpl.java:setRole(299)) - 8384da11-bc81-4aa4-8438-a9cb526b8e6b@group-D4572DC721BA: changes role from      null to FOLLOWER at term 0 for startAsFollower
2022-07-02 07:22:14,531 [pool-593-thread-1] INFO  impl.RoleInfo (RoleInfo.java:updateAndGet(139)) - 8384da11-bc81-4aa4-8438-a9cb526b8e6b: start 8384da11-bc81-4aa4-8438-a9cb526b8e6b@group-D4572DC721BA-FollowerState
2022-07-02 07:22:14,536 [pool-593-thread-1] INFO  util.JmxRegister (JmxRegister.java:tryRegister(44)) - Successfully registered JMX Bean with object name Ratis:service=RaftServer,group=group-D4572DC721BA,id=8384da11-bc81-4aa4-8438-a9cb526b8e6b
2022-07-02 07:22:14,592 [Command processor thread] INFO  ratis.XceiverServerRatis (XceiverServerRatis.java:addGroup(765)) - Created group PipelineID=ae62c9d3-ca9c-4617-85c0-d4572dc721ba
2022-07-02 07:22:14,608 [EndpointStateMachine task thread for /0.0.0.0:40587 - 0 ] INFO  server.XceiverServerGrpc (XceiverServerGrpc.java:start(180)) - XceiverServerGrpc eb920e94-4431-4986-848f-491e170389c2 is started using port 43895
2022-07-02 07:22:14,681 [IPC Server handler 13 on default port 40587] INFO  net.NetworkTopologyImpl (NetworkTopologyImpl.java:add(112)) - Added a new node: /default-rack/b1084062-54e4-4f5e-9113-5676fdd37f8c
2022-07-02 07:22:14,681 [IPC Server handler 13 on default port 40587] INFO  node.SCMNodeManager (SCMNodeManager.java:register(397)) - Registered Data node : b1084062-54e4-4f5e-9113-5676fdd37f8c{ip: 10.1.0.20, host: fv-az444-838.dthhdds2jluu1c0oa55ndv1hsg.dx.internal.cloudapp.net, ports: [REPLICATION=38859, RATIS=38501, RATIS_ADMIN=38501, RATIS_SERVER=38501, STANDALONE=39555], networkLocation: /default-rack, certSerialId: null, persistedOpState: null, persistedOpStateExpiryEpochSec: 0}
2022-07-02 07:22:14,682 [EventQueue-NewNodeForNewNodeHandler] INFO  pipeline.BackgroundPipelineCreator (BackgroundPipelineCreator.java:notifyEventTriggered(275)) - trigger a one-shot run on RatisPipelineUtilsThread.
2022-07-02 07:22:14,682 [RatisPipelineUtilsThread - 0] INFO  pipeline.RatisPipelineProvider (RatisPipelineProvider.java:lambda$create$0(195)) - Sending CreatePipelineCommand for pipeline:PipelineID=fc0cfa63-819a-43a8-b9ba-b0c30b0ef2f8 to datanode:b1084062-54e4-4f5e-9113-5676fdd37f8c
2022-07-02 07:22:14,683 [RatisPipelineUtilsThread - 0] INFO  pipeline.PipelineStateManagerImpl (PipelineStateManagerImpl.java:addPipeline(101)) - Created pipeline Pipeline[ Id: fc0cfa63-819a-43a8-b9ba-b0c30b0ef2f8, Nodes: b1084062-54e4-4f5e-9113-5676fdd37f8c{ip: 10.1.0.20, host: fv-az444-838.dthhdds2jluu1c0oa55ndv1hsg.dx.internal.cloudapp.net, ports: [REPLICATION=38859, RATIS=38501, RATIS_ADMIN=38501, RATIS_SERVER=38501, STANDALONE=39555], networkLocation: /default-rack, certSerialId: null, persistedOpState: IN_SERVICE, persistedOpStateExpiryEpochSec: 0}, ReplicationConfig: RATIS/ONE, State:ALLOCATED, leaderId:, CreationTimestamp2022-07-02T07:22:14.682Z[Etc/UTC]].
2022-07-02 07:22:14,828 [Command processor thread] INFO  commandhandler.CreatePipelineCommandHandler (CreatePipelineCommandHandler.java:handle(113)) - Created Pipeline RATIS THREE PipelineID=ae62c9d3-ca9c-4617-85c0-d4572dc721ba.
2022-07-02 07:22:14,844 [Command processor thread] INFO  server.RaftServer (RaftServerProxy.java:addNew(96)) - 85df8eb1-77a9-48e2-b795-4ce99b081c64: addNew group-1EFF544401F8:[85df8eb1-77a9-48e2-b795-4ce99b081c64|rpc:10.1.0.20:33453|priority:1] returns group-1EFF544401F8:java.util.concurrent.CompletableFuture@622bf0fe[Not completed]
2022-07-02 07:22:14,845 [pool-616-thread-1] INFO  server.RaftServer$Division (RaftServerImpl.java:<init>(190)) - 85df8eb1-77a9-48e2-b795-4ce99b081c64: new RaftServerImpl for group-1EFF544401F8:[85df8eb1-77a9-48e2-b795-4ce99b081c64|rpc:10.1.0.20:33453|priority:1] with ContainerStateMachine:uninitialized
2022-07-02 07:22:14,845 [pool-616-thread-1] INFO  server.RaftServerConfigKeys (ConfUtils.java:logGet(46)) - raft.server.rpc.timeout.min = 5s (custom)
2022-07-02 07:22:14,845 [pool-616-thread-1] INFO  server.RaftServerConfigKeys (ConfUtils.java:logGet(46)) - raft.server.rpc.timeout.max = 5200ms (custom)
2022-07-02 07:22:14,845 [pool-616-thread-1] INFO  server.RaftServerConfigKeys (ConfUtils.java:logGet(46)) - raft.server.rpc.sleep.time = 25ms (default)
2022-07-02 07:22:14,845 [pool-616-thread-1] INFO  server.RaftServerConfigKeys (ConfUtils.java:logGet(46)) - raft.server.rpc.slowness.timeout = 300s (custom)
2022-07-02 07:22:14,845 [pool-616-thread-1] INFO  server.RaftServerConfigKeys (ConfUtils.java:logGet(46)) - raft.server.leaderelection.leader.step-down.wait-time = 10s (default)
2022-07-02 07:22:14,845 [pool-616-thread-1] INFO  server.RaftServerConfigKeys (ConfUtils.java:logGet(46)) - raft.server.sleep.deviation.threshold = 300ms (default)
2022-07-02 07:22:14,845 [pool-616-thread-1] INFO  server.RaftServer$Division (ServerState.java:<init>(107)) - 85df8eb1-77a9-48e2-b795-4ce99b081c64@group-1EFF544401F8: ConfigurationManager, init=-1: [85df8eb1-77a9-48e2-b795-4ce99b081c64|rpc:10.1.0.20:33453|priority:1], old=null, confs=<EMPTY_MAP>
2022-07-02 07:22:14,845 [pool-616-thread-1] INFO  server.RaftServerConfigKeys (ConfUtils.java:logGet(46)) - raft.server.storage.dir = [/home/runner/work/ozone/ozone/hadoop-ozone/integration-test/target/test-dir/MiniOzoneClusterImpl-2091899c-1ec3-4d3e-95df-d9e62105ac7a/datanode-1/data/ratis] (custom)
2022-07-02 07:22:14,846 [pool-616-thread-1] INFO  server.RaftServerConfigKeys (ConfUtils.java:logGet(46)) - raft.server.log.corruption.policy = EXCEPTION (default)
2022-07-02 07:22:14,846 [pool-616-thread-1] INFO  server.RaftServerConfigKeys (ConfUtils.java:logGet(46)) - raft.server.storage.free-space.min = 0MB (=0) (default)
2022-07-02 07:22:14,846 [pool-616-thread-1] INFO  storage.RaftStorageDirectory (RaftStorageDirectoryImpl.java:analyzeStorage(135)) - The storage directory /home/runner/work/ozone/ozone/hadoop-ozone/integration-test/target/test-dir/MiniOzoneClusterImpl-2091899c-1ec3-4d3e-95df-d9e62105ac7a/datanode-1/data/ratis/9bf07b7f-b26a-4686-9302-1eff544401f8 does not exist. Creating ...
2022-07-02 07:22:14,859 [pool-616-thread-1] INFO  storage.RaftStorageDirectory (RaftStorageDirectoryImpl.java:tryLock(230)) - Lock on /home/runner/work/ozone/ozone/hadoop-ozone/integration-test/target/test-dir/MiniOzoneClusterImpl-2091899c-1ec3-4d3e-95df-d9e62105ac7a/datanode-1/data/ratis/9bf07b7f-b26a-4686-9302-1eff544401f8/in_use.lock acquired by nodename 16391@fv-az444-838
2022-07-02 07:22:14,863 [pool-616-thread-1] INFO  storage.RaftStorage (RaftStorageImpl.java:format(89)) - Storage directory /home/runner/work/ozone/ozone/hadoop-ozone/integration-test/target/test-dir/MiniOzoneClusterImpl-2091899c-1ec3-4d3e-95df-d9e62105ac7a/datanode-1/data/ratis/9bf07b7f-b26a-4686-9302-1eff544401f8 has been successfully formatted.
2022-07-02 07:22:14,864 [pool-616-thread-1] INFO  ratis.ContainerStateMachine (ContainerStateMachine.java:loadSnapshot(236)) - group-1EFF544401F8: The snapshot info is null. Setting the last applied indexto:(t:0, i:~)
2022-07-02 07:22:14,864 [pool-616-thread-1] INFO  server.RaftServerConfigKeys (ConfUtils.java:logGet(46)) - raft.server.notification.no-leader.timeout = 300s (custom)
2022-07-02 07:22:14,864 [pool-616-thread-1] INFO  server.RaftServerConfigKeys (ConfUtils.java:logGet(46)) - raft.server.log.use.memory = false (default)
2022-07-02 07:22:14,864 [pool-616-thread-1] INFO  server.RaftServerConfigKeys (ConfUtils.java:logGet(46)) - raft.server.log.purge.gap = 1000000 (custom)
2022-07-02 07:22:14,864 [pool-616-thread-1] INFO  server.RaftServerConfigKeys (ConfUtils.java:logGet(46)) - raft.server.log.appender.buffer.byte-limit = 33554432 (custom)
2022-07-02 07:22:14,864 [pool-616-thread-1] INFO  server.RaftServerConfigKeys (ConfUtils.java:logGet(46)) - raft.server.log.statemachine.data.read.timeout = 1000ms (default)
2022-07-02 07:22:14,865 [pool-616-thread-1] INFO  server.RaftServerConfigKeys (ConfUtils.java:logGet(46)) - raft.server.log.segment.size.max = 1048576 (custom)
2022-07-02 07:22:14,865 [pool-616-thread-1] INFO  server.RaftServerConfigKeys (ConfUtils.java:logGet(46)) - raft.server.log.segment.cache.num.max = 2 (custom)
2022-07-02 07:22:14,865 [pool-616-thread-1] INFO  server.RaftServerConfigKeys (ConfUtils.java:logGet(46)) - raft.server.log.segment.cache.size.max = 200MB (=209715200) (default)
2022-07-02 07:22:14,865 [pool-616-thread-1] INFO  segmented.SegmentedRaftLogWorker (SegmentedRaftLogWorker.java:<init>(187)) - new 85df8eb1-77a9-48e2-b795-4ce99b081c64@group-1EFF544401F8-SegmentedRaftLogWorker for RaftStorageImpl:Storage Directory /home/runner/work/ozone/ozone/hadoop-ozone/integration-test/target/test-dir/MiniOzoneClusterImpl-2091899c-1ec3-4d3e-95df-d9e62105ac7a/datanode-1/data/ratis/9bf07b7f-b26a-4686-9302-1eff544401f8
2022-07-02 07:22:14,865 [pool-616-thread-1] INFO  server.RaftServerConfigKeys (ConfUtils.java:logGet(46)) - raft.server.log.queue.byte-limit = 4294967296 (custom)
2022-07-02 07:22:14,865 [pool-616-thread-1] INFO  server.RaftServerConfigKeys (ConfUtils.java:logGet(46)) - raft.server.log.queue.element-limit = 1024 (custom)
2022-07-02 07:22:14,865 [pool-616-thread-1] INFO  server.RaftServerConfigKeys (ConfUtils.java:logGet(46)) - raft.server.log.segment.size.max = 1048576 (custom)
2022-07-02 07:22:14,865 [pool-616-thread-1] INFO  server.RaftServerConfigKeys (ConfUtils.java:logGet(46)) - raft.server.log.preallocated.size = 16384 (custom)
2022-07-02 07:22:14,865 [pool-616-thread-1] INFO  server.RaftServerConfigKeys (ConfUtils.java:logGet(46)) - raft.server.log.force.sync.num = 128 (default)
2022-07-02 07:22:14,865 [pool-616-thread-1] INFO  server.RaftServerConfigKeys (ConfUtils.java:logGet(46)) - raft.server.log.statemachine.data.sync = true (default)
2022-07-02 07:22:14,865 [pool-616-thread-1] INFO  server.RaftServerConfigKeys (ConfUtils.java:logGet(46)) - raft.server.log.statemachine.data.sync.timeout = 10s (default)
2022-07-02 07:22:14,865 [pool-616-thread-1] INFO  server.RaftServerConfigKeys (ConfUtils.java:logGet(46)) - raft.server.log.statemachine.data.sync.timeout.retry = -1 (default)
2022-07-02 07:22:14,866 [pool-616-thread-1] INFO  server.RaftServerConfigKeys (ConfUtils.java:logGet(46)) - raft.server.log.write.buffer.size = 1048576 (custom)
2022-07-02 07:22:14,867 [pool-616-thread-1] INFO  server.RaftServerConfigKeys (ConfUtils.java:logGet(46)) - raft.server.log.unsafe-flush.enabled = false (default)
2022-07-02 07:22:14,867 [pool-616-thread-1] INFO  server.RaftServerConfigKeys (ConfUtils.java:logGet(46)) - raft.server.log.statemachine.data.caching.enabled = true (custom)
2022-07-02 07:22:14,867 [pool-616-thread-1] INFO  segmented.SegmentedRaftLogWorker (SegmentedRaftLogWorker.java:lambda$new$0(135)) - 85df8eb1-77a9-48e2-b795-4ce99b081c64@group-1EFF544401F8-SegmentedRaftLogWorker: flushIndex: setUnconditionally 0 -> -1
2022-07-02 07:22:14,867 [pool-616-thread-1] INFO  segmented.SegmentedRaftLogWorker (SegmentedRaftLogWorker.java:lambda$new$0(135)) - 85df8eb1-77a9-48e2-b795-4ce99b081c64@group-1EFF544401F8-SegmentedRaftLogWorker: safeCacheEvictIndex: setUnconditionally 0 -> -1
2022-07-02 07:22:14,876 [pool-616-thread-1] INFO  server.RaftServerConfigKeys (ConfUtils.java:logGet(46)) - raft.server.snapshot.auto.trigger.enabled = true (custom)
2022-07-02 07:22:14,876 [pool-616-thread-1] INFO  server.RaftServerConfigKeys (ConfUtils.java:logGet(46)) - raft.server.snapshot.auto.trigger.threshold = 10000 (custom)
2022-07-02 07:22:14,876 [pool-616-thread-1] INFO  server.RaftServerConfigKeys (ConfUtils.java:logGet(46)) - raft.server.snapshot.retention.file.num = 5 (custom)
2022-07-02 07:22:14,876 [pool-616-thread-1] INFO  server.RaftServerConfigKeys (ConfUtils.java:logGet(46)) - raft.server.log.purge.upto.snapshot.index = false (default)
2022-07-02 07:22:14,876 [pool-616-thread-1] INFO  server.RaftServerConfigKeys (ConfUtils.java:logGet(46)) - raft.server.retrycache.expirytime = 600000ms (custom)
2022-07-02 07:22:14,876 [pool-616-thread-1] INFO  server.RaftServerConfigKeys (ConfUtils.java:logGet(46)) - raft.server.retrycache.statistics.expirytime = 100μs (default)
2022-07-02 07:22:14,877 [pool-616-thread-1] INFO  server.RaftServerConfigKeys (ConfUtils.java:logGet(46)) - raft.server.log.appender.install.snapshot.enabled = false (custom)
2022-07-02 07:22:14,877 [pool-616-thread-1] INFO  server.RaftServerConfigKeys (ConfUtils.java:logGet(46)) - raft.server.threadpool.server.cached = true (default)
2022-07-02 07:22:14,877 [pool-616-thread-1] INFO  server.RaftServerConfigKeys (ConfUtils.java:logGet(46)) - raft.server.threadpool.server.size = 0 (default)
2022-07-02 07:22:14,877 [pool-616-thread-1] INFO  server.RaftServerConfigKeys (ConfUtils.java:logGet(46)) - raft.server.threadpool.client.cached = true (default)
2022-07-02 07:22:14,878 [pool-616-thread-1] INFO  server.RaftServerConfigKeys (ConfUtils.java:logGet(46)) - raft.server.threadpool.client.size = 0 (default)
2022-07-02 07:22:14,878 [pool-616-thread-1] INFO  server.RaftServer$Division (RaftServerImpl.java:start(310)) - 85df8eb1-77a9-48e2-b795-4ce99b081c64@group-1EFF544401F8: start as a follower, conf=-1: [85df8eb1-77a9-48e2-b795-4ce99b081c64|rpc:10.1.0.20:33453|priority:1], old=null
2022-07-02 07:22:14,878 [pool-616-thread-1] INFO  server.RaftServer$Division (RaftServerImpl.java:setRole(299)) - 85df8eb1-77a9-48e2-b795-4ce99b081c64@group-1EFF544401F8: changes role from      null to FOLLOWER at term 0 for startAsFollower
2022-07-02 07:22:14,878 [pool-616-thread-1] INFO  impl.RoleInfo (RoleInfo.java:updateAndGet(139)) - 85df8eb1-77a9-48e2-b795-4ce99b081c64: start 85df8eb1-77a9-48e2-b795-4ce99b081c64@group-1EFF544401F8-FollowerState
2022-07-02 07:22:14,897 [pool-616-thread-1] INFO  util.JmxRegister (JmxRegister.java:tryRegister(44)) - Successfully registered JMX Bean with object name Ratis:service=RaftServer,group=group-1EFF544401F8,id=85df8eb1-77a9-48e2-b795-4ce99b081c64
2022-07-02 07:22:14,902 [EventQueue-PipelineReportForPipelineReportHandler] INFO  pipeline.PipelineManagerImpl (PipelineManagerImpl.java:openPipeline(358)) - Pipeline Pipeline[ Id: 9bf07b7f-b26a-4686-9302-1eff544401f8, Nodes: 85df8eb1-77a9-48e2-b795-4ce99b081c64{ip: 10.1.0.20, host: fv-az444-838.dthhdds2jluu1c0oa55ndv1hsg.dx.internal.cloudapp.net, ports: [REPLICATION=33195, RATIS=33453, RATIS_ADMIN=33453, RATIS_SERVER=33453, STANDALONE=40055], networkLocation: /default-rack, certSerialId: null, persistedOpState: IN_SERVICE, persistedOpStateExpiryEpochSec: 0}, ReplicationConfig: RATIS/ONE, State:ALLOCATED, leaderId:85df8eb1-77a9-48e2-b795-4ce99b081c64, CreationTimestamp2022-07-02T07:22:11.889Z[Etc/UTC]] moved to OPEN state
2022-07-02 07:22:14,902 [EventQueue-OpenPipelineForHealthyPipelineSafeModeRule] INFO  safemode.SCMSafeModeManager (HealthyPipelineSafeModeRule.java:process(124)) - SCM in safe mode. Healthy pipelines reported count is 0, required healthy pipeline reported count is 1
2022-07-02 07:22:14,961 [Command processor thread] INFO  ratis.XceiverServerRatis (XceiverServerRatis.java:addGroup(765)) - Created group PipelineID=9bf07b7f-b26a-4686-9302-1eff544401f8
2022-07-02 07:22:14,961 [Command processor thread] INFO  commandhandler.CreatePipelineCommandHandler (CreatePipelineCommandHandler.java:handle(113)) - Created Pipeline RATIS ONE PipelineID=9bf07b7f-b26a-4686-9302-1eff544401f8.
2022-07-02 07:22:15,004 [Command processor thread] INFO  commandhandler.CreatePipelineCommandHandler (CreatePipelineCommandHandler.java:handle(113)) - Created Pipeline RATIS THREE PipelineID=ae62c9d3-ca9c-4617-85c0-d4572dc721ba.
2022-07-02 07:22:15,133 [Listener at 127.0.0.1/38347] INFO  ozone.MiniOzoneClusterImpl (MiniOzoneClusterImpl.java:lambda$waitForClusterToBeReady$0(223)) - Waiting for nodes to be ready. Got 4 of 5 DN Heartbeats.
2022-07-02 07:22:15,133 [Listener at 127.0.0.1/38347] INFO  ozone.MiniOzoneClusterImpl (MiniOzoneClusterImpl.java:lambda$waitForClusterToBeReady$0(226)) - Waiting for cluster to exit safe mode
2022-07-02 07:22:15,134 [Listener at 127.0.0.1/38347] INFO  ozone.MiniOzoneClusterImpl (MiniOzoneClusterImpl.java:lambda$waitForClusterToBeReady$0(228)) - SCM became leader
2022-07-02 07:22:16,134 [Listener at 127.0.0.1/38347] INFO  ozone.MiniOzoneClusterImpl (MiniOzoneClusterImpl.java:lambda$waitForClusterToBeReady$0(223)) - Waiting for nodes to be ready. Got 4 of 5 DN Heartbeats.
2022-07-02 07:22:16,134 [Listener at 127.0.0.1/38347] INFO  ozone.MiniOzoneClusterImpl (MiniOzoneClusterImpl.java:lambda$waitForClusterToBeReady$0(226)) - Waiting for cluster to exit safe mode
2022-07-02 07:22:16,134 [Listener at 127.0.0.1/38347] INFO  ozone.MiniOzoneClusterImpl (MiniOzoneClusterImpl.java:lambda$waitForClusterToBeReady$0(228)) - SCM became leader
2022-07-02 07:22:16,209 [IPC Server handler 12 on default port 40587] INFO  net.NetworkTopologyImpl (NetworkTopologyImpl.java:add(112)) - Added a new node: /default-rack/eb920e94-4431-4986-848f-491e170389c2
2022-07-02 07:22:16,209 [IPC Server handler 12 on default port 40587] INFO  node.SCMNodeManager (SCMNodeManager.java:register(397)) - Registered Data node : eb920e94-4431-4986-848f-491e170389c2{ip: 10.1.0.20, host: fv-az444-838.dthhdds2jluu1c0oa55ndv1hsg.dx.internal.cloudapp.net, ports: [REPLICATION=40543, RATIS=46637, RATIS_ADMIN=46637, RATIS_SERVER=46637, STANDALONE=43895], networkLocation: /default-rack, certSerialId: null, persistedOpState: null, persistedOpStateExpiryEpochSec: 0}
2022-07-02 07:22:16,210 [EventQueue-NewNodeForNewNodeHandler] INFO  pipeline.BackgroundPipelineCreator (BackgroundPipelineCreator.java:notifyEventTriggered(275)) - trigger a one-shot run on RatisPipelineUtilsThread.
2022-07-02 07:22:16,210 [RatisPipelineUtilsThread - 0] INFO  pipeline.RatisPipelineProvider (RatisPipelineProvider.java:lambda$create$0(195)) - Sending CreatePipelineCommand for pipeline:PipelineID=5bd33b1f-dbd7-4253-9906-92e053219ba8 to datanode:eb920e94-4431-4986-848f-491e170389c2
2022-07-02 07:22:16,210 [RatisPipelineUtilsThread - 0] INFO  pipeline.PipelineStateManagerImpl (PipelineStateManagerImpl.java:addPipeline(101)) - Created pipeline Pipeline[ Id: 5bd33b1f-dbd7-4253-9906-92e053219ba8, Nodes: eb920e94-4431-4986-848f-491e170389c2{ip: 10.1.0.20, host: fv-az444-838.dthhdds2jluu1c0oa55ndv1hsg.dx.internal.cloudapp.net, ports: [REPLICATION=40543, RATIS=46637, RATIS_ADMIN=46637, RATIS_SERVER=46637, STANDALONE=43895], networkLocation: /default-rack, certSerialId: null, persistedOpState: IN_SERVICE, persistedOpStateExpiryEpochSec: 0}, ReplicationConfig: RATIS/ONE, State:ALLOCATED, leaderId:, CreationTimestamp2022-07-02T07:22:16.210Z[Etc/UTC]].
2022-07-02 07:22:17,134 [Listener at 127.0.0.1/38347] INFO  ozone.MiniOzoneClusterImpl (MiniOzoneClusterImpl.java:lambda$waitForClusterToBeReady$0(223)) - Nodes are ready. Got 5 of 5 DN Heartbeats.
2022-07-02 07:22:17,135 [Listener at 127.0.0.1/38347] INFO  ozone.MiniOzoneClusterImpl (MiniOzoneClusterImpl.java:lambda$waitForClusterToBeReady$0(226)) - Waiting for cluster to exit safe mode
2022-07-02 07:22:17,135 [Listener at 127.0.0.1/38347] INFO  ozone.MiniOzoneClusterImpl (MiniOzoneClusterImpl.java:lambda$waitForClusterToBeReady$0(228)) - SCM became leader
2022-07-02 07:22:17,671 [Command processor thread] INFO  server.RaftServer (RaftServerProxy.java:addNew(96)) - b1084062-54e4-4f5e-9113-5676fdd37f8c: addNew group-B0C30B0EF2F8:[b1084062-54e4-4f5e-9113-5676fdd37f8c|rpc:10.1.0.20:38501|priority:1] returns group-B0C30B0EF2F8:java.util.concurrent.CompletableFuture@7b43dc11[Not completed]
2022-07-02 07:22:17,702 [pool-667-thread-1] INFO  server.RaftServer$Division (RaftServerImpl.java:<init>(190)) - b1084062-54e4-4f5e-9113-5676fdd37f8c: new RaftServerImpl for group-B0C30B0EF2F8:[b1084062-54e4-4f5e-9113-5676fdd37f8c|rpc:10.1.0.20:38501|priority:1] with ContainerStateMachine:uninitialized
2022-07-02 07:22:17,703 [pool-667-thread-1] INFO  server.RaftServerConfigKeys (ConfUtils.java:logGet(46)) - raft.server.rpc.timeout.min = 5s (custom)
2022-07-02 07:22:17,703 [pool-667-thread-1] INFO  server.RaftServerConfigKeys (ConfUtils.java:logGet(46)) - raft.server.rpc.timeout.max = 5200ms (custom)
2022-07-02 07:22:17,703 [pool-667-thread-1] INFO  server.RaftServerConfigKeys (ConfUtils.java:logGet(46)) - raft.server.rpc.sleep.time = 25ms (default)
2022-07-02 07:22:17,703 [pool-667-thread-1] INFO  server.RaftServerConfigKeys (ConfUtils.java:logGet(46)) - raft.server.rpc.slowness.timeout = 300s (custom)
2022-07-02 07:22:17,703 [pool-667-thread-1] INFO  server.RaftServerConfigKeys (ConfUtils.java:logGet(46)) - raft.server.leaderelection.leader.step-down.wait-time = 10s (default)
2022-07-02 07:22:17,703 [pool-667-thread-1] INFO  server.RaftServerConfigKeys (ConfUtils.java:logGet(46)) - raft.server.sleep.deviation.threshold = 300ms (default)
2022-07-02 07:22:17,703 [pool-667-thread-1] INFO  server.RaftServer$Division (ServerState.java:<init>(107)) - b1084062-54e4-4f5e-9113-5676fdd37f8c@group-B0C30B0EF2F8: ConfigurationManager, init=-1: [b1084062-54e4-4f5e-9113-5676fdd37f8c|rpc:10.1.0.20:38501|priority:1], old=null, confs=<EMPTY_MAP>
2022-07-02 07:22:17,703 [pool-667-thread-1] INFO  server.RaftServerConfigKeys (ConfUtils.java:logGet(46)) - raft.server.storage.dir = [/home/runner/work/ozone/ozone/hadoop-ozone/integration-test/target/test-dir/MiniOzoneClusterImpl-2091899c-1ec3-4d3e-95df-d9e62105ac7a/datanode-3/data/ratis] (custom)
2022-07-02 07:22:17,703 [pool-667-thread-1] INFO  server.RaftServerConfigKeys (ConfUtils.java:logGet(46)) - raft.server.log.corruption.policy = EXCEPTION (default)
2022-07-02 07:22:17,703 [pool-667-thread-1] INFO  server.RaftServerConfigKeys (ConfUtils.java:logGet(46)) - raft.server.storage.free-space.min = 0MB (=0) (default)
2022-07-02 07:22:17,703 [pool-667-thread-1] INFO  storage.RaftStorageDirectory (RaftStorageDirectoryImpl.java:analyzeStorage(135)) - The storage directory /home/runner/work/ozone/ozone/hadoop-ozone/integration-test/target/test-dir/MiniOzoneClusterImpl-2091899c-1ec3-4d3e-95df-d9e62105ac7a/datanode-3/data/ratis/fc0cfa63-819a-43a8-b9ba-b0c30b0ef2f8 does not exist. Creating ...
2022-07-02 07:22:17,712 [pool-667-thread-1] INFO  storage.RaftStorageDirectory (RaftStorageDirectoryImpl.java:tryLock(230)) - Lock on /home/runner/work/ozone/ozone/hadoop-ozone/integration-test/target/test-dir/MiniOzoneClusterImpl-2091899c-1ec3-4d3e-95df-d9e62105ac7a/datanode-3/data/ratis/fc0cfa63-819a-43a8-b9ba-b0c30b0ef2f8/in_use.lock acquired by nodename 16391@fv-az444-838
2022-07-02 07:22:17,716 [pool-667-thread-1] INFO  storage.RaftStorage (RaftStorageImpl.java:format(89)) - Storage directory /home/runner/work/ozone/ozone/hadoop-ozone/integration-test/target/test-dir/MiniOzoneClusterImpl-2091899c-1ec3-4d3e-95df-d9e62105ac7a/datanode-3/data/ratis/fc0cfa63-819a-43a8-b9ba-b0c30b0ef2f8 has been successfully formatted.
2022-07-02 07:22:17,719 [pool-667-thread-1] INFO  ratis.ContainerStateMachine (ContainerStateMachine.java:loadSnapshot(236)) - group-B0C30B0EF2F8: The snapshot info is null. Setting the last applied indexto:(t:0, i:~)
2022-07-02 07:22:17,719 [pool-667-thread-1] INFO  server.RaftServerConfigKeys (ConfUtils.java:logGet(46)) - raft.server.notification.no-leader.timeout = 300s (custom)
2022-07-02 07:22:17,719 [pool-667-thread-1] INFO  server.RaftServerConfigKeys (ConfUtils.java:logGet(46)) - raft.server.log.use.memory = false (default)
2022-07-02 07:22:17,719 [pool-667-thread-1] INFO  server.RaftServerConfigKeys (ConfUtils.java:logGet(46)) - raft.server.log.purge.gap = 1000000 (custom)
2022-07-02 07:22:17,719 [pool-667-thread-1] INFO  server.RaftServerConfigKeys (ConfUtils.java:logGet(46)) - raft.server.log.appender.buffer.byte-limit = 33554432 (custom)
2022-07-02 07:22:17,719 [pool-667-thread-1] INFO  server.RaftServerConfigKeys (ConfUtils.java:logGet(46)) - raft.server.log.statemachine.data.read.timeout = 1000ms (default)
2022-07-02 07:22:17,720 [EventQueue-PipelineReportForPipelineReportHandler] INFO  pipeline.PipelineManagerImpl (PipelineManagerImpl.java:openPipeline(358)) - Pipeline Pipeline[ Id: fc0cfa63-819a-43a8-b9ba-b0c30b0ef2f8, Nodes: b1084062-54e4-4f5e-9113-5676fdd37f8c{ip: 10.1.0.20, host: fv-az444-838.dthhdds2jluu1c0oa55ndv1hsg.dx.internal.cloudapp.net, ports: [REPLICATION=38859, RATIS=38501, RATIS_ADMIN=38501, RATIS_SERVER=38501, STANDALONE=39555], networkLocation: /default-rack, certSerialId: null, persistedOpState: IN_SERVICE, persistedOpStateExpiryEpochSec: 0}, ReplicationConfig: RATIS/ONE, State:ALLOCATED, leaderId:b1084062-54e4-4f5e-9113-5676fdd37f8c, CreationTimestamp2022-07-02T07:22:14.682Z[Etc/UTC]] moved to OPEN state
2022-07-02 07:22:17,720 [pool-667-thread-1] INFO  server.RaftServerConfigKeys (ConfUtils.java:logGet(46)) - raft.server.log.segment.size.max = 1048576 (custom)
2022-07-02 07:22:17,720 [EventQueue-OpenPipelineForHealthyPipelineSafeModeRule] INFO  safemode.SCMSafeModeManager (HealthyPipelineSafeModeRule.java:process(124)) - SCM in safe mode. Healthy pipelines reported count is 0, required healthy pipeline reported count is 1
2022-07-02 07:22:17,721 [pool-667-thread-1] INFO  server.RaftServerConfigKeys (ConfUtils.java:logGet(46)) - raft.server.log.segment.cache.num.max = 2 (custom)
2022-07-02 07:22:17,721 [pool-667-thread-1] INFO  server.RaftServerConfigKeys (ConfUtils.java:logGet(46)) - raft.server.log.segment.cache.size.max = 200MB (=209715200) (default)
2022-07-02 07:22:17,721 [pool-667-thread-1] INFO  segmented.SegmentedRaftLogWorker (SegmentedRaftLogWorker.java:<init>(187)) - new b1084062-54e4-4f5e-9113-5676fdd37f8c@group-B0C30B0EF2F8-SegmentedRaftLogWorker for RaftStorageImpl:Storage Directory /home/runner/work/ozone/ozone/hadoop-ozone/integration-test/target/test-dir/MiniOzoneClusterImpl-2091899c-1ec3-4d3e-95df-d9e62105ac7a/datanode-3/data/ratis/fc0cfa63-819a-43a8-b9ba-b0c30b0ef2f8
2022-07-02 07:22:17,721 [pool-667-thread-1] INFO  server.RaftServerConfigKeys (ConfUtils.java:logGet(46)) - raft.server.log.queue.byte-limit = 4294967296 (custom)
2022-07-02 07:22:17,721 [pool-667-thread-1] INFO  server.RaftServerConfigKeys (ConfUtils.java:logGet(46)) - raft.server.log.queue.element-limit = 1024 (custom)
2022-07-02 07:22:17,721 [pool-667-thread-1] INFO  server.RaftServerConfigKeys (ConfUtils.java:logGet(46)) - raft.server.log.segment.size.max = 1048576 (custom)
2022-07-02 07:22:17,721 [pool-667-thread-1] INFO  server.RaftServerConfigKeys (ConfUtils.java:logGet(46)) - raft.server.log.preallocated.size = 16384 (custom)
2022-07-02 07:22:17,721 [pool-667-thread-1] INFO  server.RaftServerConfigKeys (ConfUtils.java:logGet(46)) - raft.server.log.force.sync.num = 128 (default)
2022-07-02 07:22:17,721 [pool-667-thread-1] INFO  server.RaftServerConfigKeys (ConfUtils.java:logGet(46)) - raft.server.log.statemachine.data.sync = true (default)
2022-07-02 07:22:17,721 [pool-667-thread-1] INFO  server.RaftServerConfigKeys (ConfUtils.java:logGet(46)) - raft.server.log.statemachine.data.sync.timeout = 10s (default)
2022-07-02 07:22:17,721 [pool-667-thread-1] INFO  server.RaftServerConfigKeys (ConfUtils.java:logGet(46)) - raft.server.log.statemachine.data.sync.timeout.retry = -1 (default)
2022-07-02 07:22:17,722 [pool-667-thread-1] INFO  server.RaftServerConfigKeys (ConfUtils.java:logGet(46)) - raft.server.log.write.buffer.size = 1048576 (custom)
2022-07-02 07:22:17,722 [pool-667-thread-1] INFO  server.RaftServerConfigKeys (ConfUtils.java:logGet(46)) - raft.server.log.unsafe-flush.enabled = false (default)
2022-07-02 07:22:17,722 [pool-667-thread-1] INFO  server.RaftServerConfigKeys (ConfUtils.java:logGet(46)) - raft.server.log.statemachine.data.caching.enabled = true (custom)
2022-07-02 07:22:17,723 [pool-667-thread-1] INFO  segmented.SegmentedRaftLogWorker (SegmentedRaftLogWorker.java:lambda$new$0(135)) - b1084062-54e4-4f5e-9113-5676fdd37f8c@group-B0C30B0EF2F8-SegmentedRaftLogWorker: flushIndex: setUnconditionally 0 -> -1
2022-07-02 07:22:17,723 [pool-667-thread-1] INFO  segmented.SegmentedRaftLogWorker (SegmentedRaftLogWorker.java:lambda$new$0(135)) - b1084062-54e4-4f5e-9113-5676fdd37f8c@group-B0C30B0EF2F8-SegmentedRaftLogWorker: safeCacheEvictIndex: setUnconditionally 0 -> -1
2022-07-02 07:22:17,724 [pool-667-thread-1] INFO  server.RaftServerConfigKeys (ConfUtils.java:logGet(46)) - raft.server.snapshot.auto.trigger.enabled = true (custom)
2022-07-02 07:22:17,724 [pool-667-thread-1] INFO  server.RaftServerConfigKeys (ConfUtils.java:logGet(46)) - raft.server.snapshot.auto.trigger.threshold = 10000 (custom)
2022-07-02 07:22:17,724 [pool-667-thread-1] INFO  server.RaftServerConfigKeys (ConfUtils.java:logGet(46)) - raft.server.snapshot.retention.file.num = 5 (custom)
2022-07-02 07:22:17,724 [pool-667-thread-1] INFO  server.RaftServerConfigKeys (ConfUtils.java:logGet(46)) - raft.server.log.purge.upto.snapshot.index = false (default)
2022-07-02 07:22:17,724 [pool-667-thread-1] INFO  server.RaftServerConfigKeys (ConfUtils.java:logGet(46)) - raft.server.retrycache.expirytime = 600000ms (custom)
2022-07-02 07:22:17,724 [pool-667-thread-1] INFO  server.RaftServerConfigKeys (ConfUtils.java:logGet(46)) - raft.server.retrycache.statistics.expirytime = 100μs (default)
2022-07-02 07:22:17,745 [pool-667-thread-1] INFO  server.RaftServerConfigKeys (ConfUtils.java:logGet(46)) - raft.server.log.appender.install.snapshot.enabled = false (custom)
2022-07-02 07:22:17,745 [pool-667-thread-1] INFO  server.RaftServerConfigKeys (ConfUtils.java:logGet(46)) - raft.server.threadpool.server.cached = true (default)
2022-07-02 07:22:17,745 [pool-667-thread-1] INFO  server.RaftServerConfigKeys (ConfUtils.java:logGet(46)) - raft.server.threadpool.server.size = 0 (default)
2022-07-02 07:22:17,745 [pool-667-thread-1] INFO  server.RaftServerConfigKeys (ConfUtils.java:logGet(46)) - raft.server.threadpool.client.cached = true (default)
2022-07-02 07:22:17,745 [pool-667-thread-1] INFO  server.RaftServerConfigKeys (ConfUtils.java:logGet(46)) - raft.server.threadpool.client.size = 0 (default)
2022-07-02 07:22:17,745 [pool-667-thread-1] INFO  server.RaftServer$Division (RaftServerImpl.java:start(310)) - b1084062-54e4-4f5e-9113-5676fdd37f8c@group-B0C30B0EF2F8: start as a follower, conf=-1: [b1084062-54e4-4f5e-9113-5676fdd37f8c|rpc:10.1.0.20:38501|priority:1], old=null
2022-07-02 07:22:17,745 [pool-667-thread-1] INFO  server.RaftServer$Division (RaftServerImpl.java:setRole(299)) - b1084062-54e4-4f5e-9113-5676fdd37f8c@group-B0C30B0EF2F8: changes role from      null to FOLLOWER at term 0 for startAsFollower
2022-07-02 07:22:17,745 [pool-667-thread-1] INFO  impl.RoleInfo (RoleInfo.java:updateAndGet(139)) - b1084062-54e4-4f5e-9113-5676fdd37f8c: start b1084062-54e4-4f5e-9113-5676fdd37f8c@group-B0C30B0EF2F8-FollowerState
2022-07-02 07:22:17,764 [pool-667-thread-1] INFO  util.JmxRegister (JmxRegister.java:tryRegister(44)) - Successfully registered JMX Bean with object name Ratis:service=RaftServer,group=group-B0C30B0EF2F8,id=b1084062-54e4-4f5e-9113-5676fdd37f8c
2022-07-02 07:22:17,782 [Command processor thread] INFO  ratis.XceiverServerRatis (XceiverServerRatis.java:addGroup(765)) - Created group PipelineID=fc0cfa63-819a-43a8-b9ba-b0c30b0ef2f8
2022-07-02 07:22:17,783 [Command processor thread] INFO  commandhandler.CreatePipelineCommandHandler (CreatePipelineCommandHandler.java:handle(113)) - Created Pipeline RATIS ONE PipelineID=fc0cfa63-819a-43a8-b9ba-b0c30b0ef2f8.
2022-07-02 07:22:18,136 [Listener at 127.0.0.1/38347] INFO  ozone.MiniOzoneClusterImpl (MiniOzoneClusterImpl.java:lambda$waitForClusterToBeReady$0(223)) - Nodes are ready. Got 5 of 5 DN Heartbeats.
2022-07-02 07:22:18,136 [Listener at 127.0.0.1/38347] INFO  ozone.MiniOzoneClusterImpl (MiniOzoneClusterImpl.java:lambda$waitForClusterToBeReady$0(226)) - Waiting for cluster to exit safe mode
2022-07-02 07:22:18,136 [Listener at 127.0.0.1/38347] INFO  ozone.MiniOzoneClusterImpl (MiniOzoneClusterImpl.java:lambda$waitForClusterToBeReady$0(228)) - SCM became leader
2022-07-02 07:22:18,757 [8384da11-bc81-4aa4-8438-a9cb526b8e6b@group-6C3B98F2AA87-FollowerState] INFO  impl.FollowerState (FollowerState.java:run(143)) - 8384da11-bc81-4aa4-8438-a9cb526b8e6b@group-6C3B98F2AA87-FollowerState: change to CANDIDATE, lastRpcElapsedTime:5167032646ns, electionTimeout:5132ms
2022-07-02 07:22:18,758 [8384da11-bc81-4aa4-8438-a9cb526b8e6b@group-6C3B98F2AA87-FollowerState] INFO  impl.RoleInfo (RoleInfo.java:shutdownFollowerState(110)) - 8384da11-bc81-4aa4-8438-a9cb526b8e6b: shutdown 8384da11-bc81-4aa4-8438-a9cb526b8e6b@group-6C3B98F2AA87-FollowerState
2022-07-02 07:22:18,758 [8384da11-bc81-4aa4-8438-a9cb526b8e6b@group-6C3B98F2AA87-FollowerState] INFO  server.RaftServer$Division (RaftServerImpl.java:setRole(299)) - 8384da11-bc81-4aa4-8438-a9cb526b8e6b@group-6C3B98F2AA87: changes role from  FOLLOWER to CANDIDATE at term 0 for changeToCandidate
2022-07-02 07:22:18,758 [8384da11-bc81-4aa4-8438-a9cb526b8e6b@group-6C3B98F2AA87-FollowerState] INFO  server.RaftServerConfigKeys (ConfUtils.java:logGet(46)) - raft.server.leaderelection.pre-vote = false (custom)
2022-07-02 07:22:18,758 [8384da11-bc81-4aa4-8438-a9cb526b8e6b@group-6C3B98F2AA87-FollowerState] INFO  impl.RoleInfo (RoleInfo.java:updateAndGet(139)) - 8384da11-bc81-4aa4-8438-a9cb526b8e6b: start 8384da11-bc81-4aa4-8438-a9cb526b8e6b@group-6C3B98F2AA87-LeaderElection22
2022-07-02 07:22:18,812 [8384da11-bc81-4aa4-8438-a9cb526b8e6b@group-4947C190D023-FollowerState] INFO  impl.FollowerState (FollowerState.java:run(143)) - 8384da11-bc81-4aa4-8438-a9cb526b8e6b@group-4947C190D023-FollowerState: change to CANDIDATE, lastRpcElapsedTime:5106043019ns, electionTimeout:5088ms
2022-07-02 07:22:18,812 [8384da11-bc81-4aa4-8438-a9cb526b8e6b@group-4947C190D023-FollowerState] INFO  impl.RoleInfo (RoleInfo.java:shutdownFollowerState(110)) - 8384da11-bc81-4aa4-8438-a9cb526b8e6b: shutdown 8384da11-bc81-4aa4-8438-a9cb526b8e6b@group-4947C190D023-FollowerState
2022-07-02 07:22:18,813 [8384da11-bc81-4aa4-8438-a9cb526b8e6b@group-4947C190D023-FollowerState] INFO  server.RaftServer$Division (RaftServerImpl.java:setRole(299)) - 8384da11-bc81-4aa4-8438-a9cb526b8e6b@group-4947C190D023: changes role from  FOLLOWER to CANDIDATE at term 0 for changeToCandidate
2022-07-02 07:22:18,813 [8384da11-bc81-4aa4-8438-a9cb526b8e6b@group-4947C190D023-FollowerState] INFO  server.RaftServerConfigKeys (ConfUtils.java:logGet(46)) - raft.server.leaderelection.pre-vote = false (custom)
2022-07-02 07:22:18,813 [8384da11-bc81-4aa4-8438-a9cb526b8e6b@group-4947C190D023-FollowerState] INFO  impl.RoleInfo (RoleInfo.java:updateAndGet(139)) - 8384da11-bc81-4aa4-8438-a9cb526b8e6b: start 8384da11-bc81-4aa4-8438-a9cb526b8e6b@group-4947C190D023-LeaderElection23
2022-07-02 07:22:18,824 [8384da11-bc81-4aa4-8438-a9cb526b8e6b@group-6C3B98F2AA87-LeaderElection22] INFO  impl.LeaderElection (LeaderElection.java:askForVotes(310)) - 8384da11-bc81-4aa4-8438-a9cb526b8e6b@group-6C3B98F2AA87-LeaderElection22 ELECTION round 0: submit vote requests at term 1 for -1: [8384da11-bc81-4aa4-8438-a9cb526b8e6b|rpc:10.1.0.20:41153|priority:1], old=null
2022-07-02 07:22:18,824 [8384da11-bc81-4aa4-8438-a9cb526b8e6b@group-6C3B98F2AA87-LeaderElection22] INFO  impl.LeaderElection (LeaderElection.java:askForVotes(312)) - 8384da11-bc81-4aa4-8438-a9cb526b8e6b@group-6C3B98F2AA87-LeaderElection22 ELECTION round 0: result PASSED (term=1)
2022-07-02 07:22:18,824 [8384da11-bc81-4aa4-8438-a9cb526b8e6b@group-6C3B98F2AA87-LeaderElection22] INFO  impl.RoleInfo (RoleInfo.java:shutdownLeaderElection(130)) - 8384da11-bc81-4aa4-8438-a9cb526b8e6b: shutdown 8384da11-bc81-4aa4-8438-a9cb526b8e6b@group-6C3B98F2AA87-LeaderElection22
2022-07-02 07:22:18,824 [8384da11-bc81-4aa4-8438-a9cb526b8e6b@group-6C3B98F2AA87-LeaderElection22] INFO  server.RaftServer$Division (RaftServerImpl.java:setRole(299)) - 8384da11-bc81-4aa4-8438-a9cb526b8e6b@group-6C3B98F2AA87: changes role from CANDIDATE to LEADER at term 1 for changeToLeader
2022-07-02 07:22:18,824 [8384da11-bc81-4aa4-8438-a9cb526b8e6b@group-6C3B98F2AA87-LeaderElection22] INFO  ratis.XceiverServerRatis (XceiverServerRatis.java:handleLeaderChangedNotification(863)) - Leader change notification received for group: group-6C3B98F2AA87 with new leaderId: 8384da11-bc81-4aa4-8438-a9cb526b8e6b
2022-07-02 07:22:18,825 [8384da11-bc81-4aa4-8438-a9cb526b8e6b@group-6C3B98F2AA87-LeaderElection22] INFO  server.RaftServer$Division (ServerState.java:setLeader(287)) - 8384da11-bc81-4aa4-8438-a9cb526b8e6b@group-6C3B98F2AA87: change Leader from null to 8384da11-bc81-4aa4-8438-a9cb526b8e6b at term 1 for becomeLeader, leader elected after 5290ms
2022-07-02 07:22:18,825 [8384da11-bc81-4aa4-8438-a9cb526b8e6b@group-6C3B98F2AA87-LeaderElection22] INFO  server.RaftServerConfigKeys (ConfUtils.java:logGet(46)) - raft.server.staging.catchup.gap = 1000 (default)
2022-07-02 07:22:18,825 [8384da11-bc81-4aa4-8438-a9cb526b8e6b@group-6C3B98F2AA87-LeaderElection22] INFO  server.RaftServerConfigKeys (ConfUtils.java:logGet(46)) - raft.server.write.element-limit = 1024 (custom)
2022-07-02 07:22:18,825 [8384da11-bc81-4aa4-8438-a9cb526b8e6b@group-6C3B98F2AA87-LeaderElection22] INFO  server.RaftServerConfigKeys (ConfUtils.java:logGet(46)) - raft.server.write.byte-limit = 1024 M (=1073741824) (custom)
2022-07-02 07:22:18,825 [8384da11-bc81-4aa4-8438-a9cb526b8e6b@group-6C3B98F2AA87-LeaderElection22] INFO  server.RaftServerConfigKeys (ConfUtils.java:logGet(46)) - raft.server.watch.timeout = 180s (custom)
2022-07-02 07:22:18,825 [8384da11-bc81-4aa4-8438-a9cb526b8e6b@group-6C3B98F2AA87-LeaderElection22] INFO  server.RaftServerConfigKeys (ConfUtils.java:logGet(46)) - raft.server.watch.timeout.denomination = 1s (default)
2022-07-02 07:22:18,825 [8384da11-bc81-4aa4-8438-a9cb526b8e6b@group-6C3B98F2AA87-LeaderElection22] INFO  server.RaftServerConfigKeys (ConfUtils.java:logGet(46)) - raft.server.watch.element-limit = 65536 (default)
2022-07-02 07:22:18,825 [8384da11-bc81-4aa4-8438-a9cb526b8e6b@group-6C3B98F2AA87-LeaderElection22] INFO  server.RaftServerConfigKeys (ConfUtils.java:logGet(46)) - raft.server.write.element-limit = 1024 (custom)
2022-07-02 07:22:18,826 [8384da11-bc81-4aa4-8438-a9cb526b8e6b@group-6C3B98F2AA87-LeaderElection22] INFO  server.RaftServerConfigKeys (ConfUtils.java:logGet(46)) - raft.server.write.follower.gap.ratio.max = -1.0 (default)
2022-07-02 07:22:18,826 [8384da11-bc81-4aa4-8438-a9cb526b8e6b@group-6C3B98F2AA87-LeaderElection22] INFO  impl.RoleInfo (RoleInfo.java:updateAndGet(139)) - 8384da11-bc81-4aa4-8438-a9cb526b8e6b: start 8384da11-bc81-4aa4-8438-a9cb526b8e6b@group-6C3B98F2AA87-LeaderStateImpl
2022-07-02 07:22:18,826 [8384da11-bc81-4aa4-8438-a9cb526b8e6b@group-6C3B98F2AA87-LeaderElection22] INFO  segmented.SegmentedRaftLogWorker (SegmentedRaftLogWorker.java:startLogSegment(425)) - 8384da11-bc81-4aa4-8438-a9cb526b8e6b@group-6C3B98F2AA87-SegmentedRaftLogWorker: Starting segment from index:0
2022-07-02 07:22:18,830 [EventQueue-OpenPipelineForHealthyPipelineSafeModeRule] INFO  safemode.SCMSafeModeManager (HealthyPipelineSafeModeRule.java:process(124)) - SCM in safe mode. Healthy pipelines reported count is 0, required healthy pipeline reported count is 1
2022-07-02 07:22:18,832 [8384da11-bc81-4aa4-8438-a9cb526b8e6b@group-6C3B98F2AA87-SegmentedRaftLogWorker] INFO  segmented.SegmentedRaftLogWorker (SegmentedRaftLogWorker.java:execute(629)) - 8384da11-bc81-4aa4-8438-a9cb526b8e6b@group-6C3B98F2AA87-SegmentedRaftLogWorker: created new log segment /home/runner/work/ozone/ozone/hadoop-ozone/integration-test/target/test-dir/MiniOzoneClusterImpl-2091899c-1ec3-4d3e-95df-d9e62105ac7a/datanode-0/data/ratis/0075361d-f262-498c-a149-6c3b98f2aa87/current/log_inprogress_0
2022-07-02 07:22:18,834 [8384da11-bc81-4aa4-8438-a9cb526b8e6b@group-4947C190D023-LeaderElection23] INFO  impl.LeaderElection (LeaderElection.java:askForVotes(310)) - 8384da11-bc81-4aa4-8438-a9cb526b8e6b@group-4947C190D023-LeaderElection23 ELECTION round 0: submit vote requests at term 1 for -1: [8384da11-bc81-4aa4-8438-a9cb526b8e6b|rpc:10.1.0.20:41153|priority:1, c8c7f6e9-7147-4113-9ab5-2be4ccc0fabe|rpc:10.1.0.20:43257|priority:0, 85df8eb1-77a9-48e2-b795-4ce99b081c64|rpc:10.1.0.20:33453|priority:0], old=null
2022-07-02 07:22:18,854 [8384da11-bc81-4aa4-8438-a9cb526b8e6b@group-6C3B98F2AA87-LeaderElection22] INFO  server.RaftServer$Division (ServerState.java:setRaftConf(393)) - 8384da11-bc81-4aa4-8438-a9cb526b8e6b@group-6C3B98F2AA87: set configuration 0: [8384da11-bc81-4aa4-8438-a9cb526b8e6b|rpc:10.1.0.20:41153|dataStream:|priority:1], old=null
2022-07-02 07:22:18,993 [grpc-default-executor-0] INFO  server.RaftServer$Division (RaftServerImpl.java:requestVote(1152)) - c8c7f6e9-7147-4113-9ab5-2be4ccc0fabe@group-4947C190D023: receive requestVote(ELECTION, 8384da11-bc81-4aa4-8438-a9cb526b8e6b, group-4947C190D023, 1, (t:0, i:0))
2022-07-02 07:22:18,993 [grpc-default-executor-0] INFO  impl.VoteContext (VoteContext.java:log(48)) - c8c7f6e9-7147-4113-9ab5-2be4ccc0fabe@group-4947C190D023-FOLLOWER: accept ELECTION from 8384da11-bc81-4aa4-8438-a9cb526b8e6b: our priority 0 <= candidate's priority 1
2022-07-02 07:22:18,993 [grpc-default-executor-0] INFO  server.RaftServer$Division (RaftServerImpl.java:setRole(299)) - c8c7f6e9-7147-4113-9ab5-2be4ccc0fabe@group-4947C190D023: changes role from  FOLLOWER to FOLLOWER at term 1 for candidate:8384da11-bc81-4aa4-8438-a9cb526b8e6b
2022-07-02 07:22:18,993 [grpc-default-executor-0] INFO  impl.RoleInfo (RoleInfo.java:shutdownFollowerState(110)) - c8c7f6e9-7147-4113-9ab5-2be4ccc0fabe: shutdown c8c7f6e9-7147-4113-9ab5-2be4ccc0fabe@group-4947C190D023-FollowerState
2022-07-02 07:22:18,993 [grpc-default-executor-0] INFO  impl.RoleInfo (RoleInfo.java:updateAndGet(139)) - c8c7f6e9-7147-4113-9ab5-2be4ccc0fabe: start c8c7f6e9-7147-4113-9ab5-2be4ccc0fabe@group-4947C190D023-FollowerState
2022-07-02 07:22:18,994 [c8c7f6e9-7147-4113-9ab5-2be4ccc0fabe@group-4947C190D023-FollowerState] INFO  impl.FollowerState (FollowerState.java:run(152)) - c8c7f6e9-7147-4113-9ab5-2be4ccc0fabe@group-4947C190D023-FollowerState was interrupted
2022-07-02 07:22:19,000 [grpc-default-executor-0] INFO  server.RaftServer$Division (RaftServerImpl.java:requestVote(1184)) - c8c7f6e9-7147-4113-9ab5-2be4ccc0fabe@group-4947C190D023 replies to ELECTION vote request: 8384da11-bc81-4aa4-8438-a9cb526b8e6b<-c8c7f6e9-7147-4113-9ab5-2be4ccc0fabe#0:OK-t1. Peer's state: c8c7f6e9-7147-4113-9ab5-2be4ccc0fabe@group-4947C190D023:t1, leader=null, voted=8384da11-bc81-4aa4-8438-a9cb526b8e6b, raftlog=c8c7f6e9-7147-4113-9ab5-2be4ccc0fabe@group-4947C190D023-SegmentedRaftLog:OPENED:c-1, conf=-1: [8384da11-bc81-4aa4-8438-a9cb526b8e6b|rpc:10.1.0.20:41153|dataStream:|priority:1, c8c7f6e9-7147-4113-9ab5-2be4ccc0fabe|rpc:10.1.0.20:43257|dataStream:|priority:0, 85df8eb1-77a9-48e2-b795-4ce99b081c64|rpc:10.1.0.20:33453|dataStream:|priority:0], old=null
2022-07-02 07:22:19,009 [grpc-default-executor-0] INFO  server.RaftServer$Division (RaftServerImpl.java:requestVote(1152)) - 85df8eb1-77a9-48e2-b795-4ce99b081c64@group-4947C190D023: receive requestVote(ELECTION, 8384da11-bc81-4aa4-8438-a9cb526b8e6b, group-4947C190D023, 1, (t:0, i:0))
2022-07-02 07:22:19,009 [grpc-default-executor-0] INFO  impl.VoteContext (VoteContext.java:log(48)) - 85df8eb1-77a9-48e2-b795-4ce99b081c64@group-4947C190D023-FOLLOWER: accept ELECTION from 8384da11-bc81-4aa4-8438-a9cb526b8e6b: our priority 0 <= candidate's priority 1
2022-07-02 07:22:19,009 [8384da11-bc81-4aa4-8438-a9cb526b8e6b@group-4947C190D023-LeaderElection23] INFO  impl.LeaderElection (LeaderElection.java:logAndReturn(90)) - 8384da11-bc81-4aa4-8438-a9cb526b8e6b@group-4947C190D023-LeaderElection23: ELECTION PASSED received 1 response(s) and 0 exception(s):
2022-07-02 07:22:19,009 [8384da11-bc81-4aa4-8438-a9cb526b8e6b@group-4947C190D023-LeaderElection23] INFO  impl.LeaderElection (LeaderElection.java:logAndReturn(94)) -   Response 0: 8384da11-bc81-4aa4-8438-a9cb526b8e6b<-c8c7f6e9-7147-4113-9ab5-2be4ccc0fabe#0:OK-t1
2022-07-02 07:22:19,010 [8384da11-bc81-4aa4-8438-a9cb526b8e6b@group-4947C190D023-LeaderElection23] INFO  impl.LeaderElection (LeaderElection.java:askForVotes(312)) - 8384da11-bc81-4aa4-8438-a9cb526b8e6b@group-4947C190D023-LeaderElection23 ELECTION round 0: result PASSED
2022-07-02 07:22:19,010 [8384da11-bc81-4aa4-8438-a9cb526b8e6b@group-4947C190D023-LeaderElection23] INFO  impl.RoleInfo (RoleInfo.java:shutdownLeaderElection(130)) - 8384da11-bc81-4aa4-8438-a9cb526b8e6b: shutdown 8384da11-bc81-4aa4-8438-a9cb526b8e6b@group-4947C190D023-LeaderElection23
2022-07-02 07:22:19,010 [8384da11-bc81-4aa4-8438-a9cb526b8e6b@group-4947C190D023-LeaderElection23] INFO  server.RaftServer$Division (RaftServerImpl.java:setRole(299)) - 8384da11-bc81-4aa4-8438-a9cb526b8e6b@group-4947C190D023: changes role from CANDIDATE to LEADER at term 1 for changeToLeader
2022-07-02 07:22:19,010 [8384da11-bc81-4aa4-8438-a9cb526b8e6b@group-4947C190D023-LeaderElection23] INFO  ratis.XceiverServerRatis (XceiverServerRatis.java:handleLeaderChangedNotification(863)) - Leader change notification received for group: group-4947C190D023 with new leaderId: 8384da11-bc81-4aa4-8438-a9cb526b8e6b
2022-07-02 07:22:19,010 [8384da11-bc81-4aa4-8438-a9cb526b8e6b@group-4947C190D023-LeaderElection23] INFO  server.RaftServer$Division (ServerState.java:setLeader(287)) - 8384da11-bc81-4aa4-8438-a9cb526b8e6b@group-4947C190D023: change Leader from null to 8384da11-bc81-4aa4-8438-a9cb526b8e6b at term 1 for becomeLeader, leader elected after 5329ms
2022-07-02 07:22:19,010 [8384da11-bc81-4aa4-8438-a9cb526b8e6b@group-4947C190D023-LeaderElection23] INFO  server.RaftServerConfigKeys (ConfUtils.java:logGet(46)) - raft.server.staging.catchup.gap = 1000 (default)
2022-07-02 07:22:19,010 [8384da11-bc81-4aa4-8438-a9cb526b8e6b@group-4947C190D023-LeaderElection23] INFO  server.RaftServerConfigKeys (ConfUtils.java:logGet(46)) - raft.server.write.element-limit = 1024 (custom)
2022-07-02 07:22:19,010 [8384da11-bc81-4aa4-8438-a9cb526b8e6b@group-4947C190D023-LeaderElection23] INFO  server.RaftServerConfigKeys (ConfUtils.java:logGet(46)) - raft.server.write.byte-limit = 1024 M (=1073741824) (custom)
2022-07-02 07:22:19,011 [8384da11-bc81-4aa4-8438-a9cb526b8e6b@group-4947C190D023-LeaderElection23] INFO  server.RaftServerConfigKeys (ConfUtils.java:logGet(46)) - raft.server.watch.timeout = 180s (custom)
2022-07-02 07:22:19,011 [8384da11-bc81-4aa4-8438-a9cb526b8e6b@group-4947C190D023-LeaderElection23] INFO  server.RaftServerConfigKeys (ConfUtils.java:logGet(46)) - raft.server.watch.timeout.denomination = 1s (default)
2022-07-02 07:22:19,011 [8384da11-bc81-4aa4-8438-a9cb526b8e6b@group-4947C190D023-LeaderElection23] INFO  server.RaftServerConfigKeys (ConfUtils.java:logGet(46)) - raft.server.watch.element-limit = 65536 (default)
2022-07-02 07:22:19,011 [8384da11-bc81-4aa4-8438-a9cb526b8e6b@group-4947C190D023-LeaderElection23] INFO  server.RaftServerConfigKeys (ConfUtils.java:logGet(46)) - raft.server.write.element-limit = 1024 (custom)
2022-07-02 07:22:19,011 [8384da11-bc81-4aa4-8438-a9cb526b8e6b@group-4947C190D023-LeaderElection23] INFO  server.RaftServerConfigKeys (ConfUtils.java:logGet(46)) - raft.server.write.follower.gap.ratio.max = -1.0 (default)
2022-07-02 07:22:19,012 [8384da11-bc81-4aa4-8438-a9cb526b8e6b@group-4947C190D023-LeaderElection23] INFO  server.RaftServerConfigKeys (ConfUtils.java:logGet(46)) - raft.server.log.appender.snapshot.chunk.size.max = 16MB (=16777216) (default)
2022-07-02 07:22:19,012 [8384da11-bc81-4aa4-8438-a9cb526b8e6b@group-4947C190D023-LeaderElection23] INFO  server.RaftServerConfigKeys (ConfUtils.java:logGet(46)) - raft.server.log.appender.buffer.byte-limit = 33554432 (custom)
2022-07-02 07:22:19,012 [8384da11-bc81-4aa4-8438-a9cb526b8e6b@group-4947C190D023-LeaderElection23] INFO  server.RaftServerConfigKeys (ConfUtils.java:logGet(46)) - raft.server.log.appender.buffer.element-limit = 1 (custom)
2022-07-02 07:22:19,009 [grpc-default-executor-0] INFO  server.RaftServer$Division (RaftServerImpl.java:setRole(299)) - 85df8eb1-77a9-48e2-b795-4ce99b081c64@group-4947C190D023: changes role from  FOLLOWER to FOLLOWER at term 1 for candidate:8384da11-bc81-4aa4-8438-a9cb526b8e6b
2022-07-02 07:22:19,044 [grpc-default-executor-0] INFO  impl.RoleInfo (RoleInfo.java:shutdownFollowerState(110)) - 85df8eb1-77a9-48e2-b795-4ce99b081c64: shutdown 85df8eb1-77a9-48e2-b795-4ce99b081c64@group-4947C190D023-FollowerState
2022-07-02 07:22:19,044 [grpc-default-executor-0] INFO  impl.RoleInfo (RoleInfo.java:updateAndGet(139)) - 85df8eb1-77a9-48e2-b795-4ce99b081c64: start 85df8eb1-77a9-48e2-b795-4ce99b081c64@group-4947C190D023-FollowerState
2022-07-02 07:22:19,049 [85df8eb1-77a9-48e2-b795-4ce99b081c64@group-4947C190D023-FollowerState] INFO  impl.FollowerState (FollowerState.java:run(152)) - 85df8eb1-77a9-48e2-b795-4ce99b081c64@group-4947C190D023-FollowerState was interrupted
2022-07-02 07:22:19,040 [EventQueue-OpenPipelineForHealthyPipelineSafeModeRule] INFO  safemode.SCMSafeModeManager (HealthyPipelineSafeModeRule.java:process(124)) - SCM in safe mode. Healthy pipelines reported count is 0, required healthy pipeline reported count is 1
2022-07-02 07:22:19,037 [EventQueue-PipelineReportForPipelineReportHandler] INFO  pipeline.PipelineManagerImpl (PipelineManagerImpl.java:openPipeline(358)) - Pipeline Pipeline[ Id: 4c386858-29cc-4ec6-a20f-4947c190d023, Nodes: c8c7f6e9-7147-4113-9ab5-2be4ccc0fabe{ip: 10.1.0.20, host: fv-az444-838.dthhdds2jluu1c0oa55ndv1hsg.dx.internal.cloudapp.net, ports: [REPLICATION=41829, RATIS=43257, RATIS_ADMIN=43257, RATIS_SERVER=43257, STANDALONE=33961], networkLocation: /default-rack, certSerialId: null, persistedOpState: IN_SERVICE, persistedOpStateExpiryEpochSec: 0}8384da11-bc81-4aa4-8438-a9cb526b8e6b{ip: 10.1.0.20, host: fv-az444-838.dthhdds2jluu1c0oa55ndv1hsg.dx.internal.cloudapp.net, ports: [REPLICATION=33083, RATIS=41153, RATIS_ADMIN=41153, RATIS_SERVER=41153, STANDALONE=39651], networkLocation: /default-rack, certSerialId: null, persistedOpState: IN_SERVICE, persistedOpStateExpiryEpochSec: 0}85df8eb1-77a9-48e2-b795-4ce99b081c64{ip: 10.1.0.20, host: fv-az444-838.dthhdds2jluu1c0oa55ndv1hsg.dx.internal.cloudapp.net, ports: [REPLICATION=33195, RATIS=33453, RATIS_ADMIN=33453, RATIS_SERVER=33453, STANDALONE=40055], networkLocation: /default-rack, certSerialId: null, persistedOpState: IN_SERVICE, persistedOpStateExpiryEpochSec: 0}, ReplicationConfig: RATIS/THREE, State:ALLOCATED, leaderId:8384da11-bc81-4aa4-8438-a9cb526b8e6b, CreationTimestamp2022-07-02T07:22:12.996Z[Etc/UTC]] moved to OPEN state
2022-07-02 07:22:19,050 [EventQueue-OpenPipelineForHealthyPipelineSafeModeRule] INFO  safemode.SCMSafeModeManager (HealthyPipelineSafeModeRule.java:process(124)) - SCM in safe mode. Healthy pipelines reported count is 1, required healthy pipeline reported count is 1
2022-07-02 07:22:19,050 [EventQueue-OpenPipelineForHealthyPipelineSafeModeRule] INFO  safemode.SCMSafeModeManager (SCMSafeModeManager.java:validateSafeModeExitRules(204)) - HealthyPipelineSafeModeRule rule is successfully validated
2022-07-02 07:22:19,050 [EventQueue-OpenPipelineForHealthyPipelineSafeModeRule] INFO  safemode.SCMSafeModeManager (SCMSafeModeManager.java:validateSafeModeExitRules(219)) - ScmSafeModeManager, all rules are successfully validated
2022-07-02 07:22:19,050 [EventQueue-OpenPipelineForHealthyPipelineSafeModeRule] INFO  safemode.SCMSafeModeManager (SCMSafeModeManager.java:exitSafeMode(248)) - SCM exiting safe mode.
2022-07-02 07:22:19,050 [EventQueue-OpenPipelineForHealthyPipelineSafeModeRule] WARN  events.EventQueue (EventQueue.java:fireEvent(216)) - No event handler registered for event TypedEvent{payloadType=SafeModeStatus, name='Safe mode status'}
2022-07-02 07:22:19,050 [EventQueue-OpenPipelineForHealthyPipelineSafeModeRule] INFO  ha.SCMContext (SCMContext.java:updateSafeModeStatus(228)) - Update SafeModeStatus from SafeModeStatus{safeModeStatus=true, preCheckPassed=true} to SafeModeStatus{safeModeStatus=false, preCheckPassed=true}.
2022-07-02 07:22:19,050 [EventQueue-OpenPipelineForHealthyPipelineSafeModeRule] INFO  pipeline.BackgroundPipelineCreator (BackgroundPipelineCreator.java:notifyStatusChanged(253)) - Service BackgroundPipelineCreator transitions to RUNNING.
2022-07-02 07:22:19,050 [EventQueue-OpenPipelineForHealthyPipelineSafeModeRule] INFO  BackgroundPipelineScrubber (BackgroundSCMService.java:notifyStatusChanged(82)) - Service BackgroundPipelineScrubber transitions to RUNNING.
2022-07-02 07:22:19,050 [EventQueue-OpenPipelineForHealthyPipelineSafeModeRule] INFO  ExpiredContainerReplicaOpScrubber (BackgroundSCMService.java:notifyStatusChanged(82)) - Service ExpiredContainerReplicaOpScrubber transitions to RUNNING.
2022-07-02 07:22:19,050 [EventQueue-OpenPipelineForHealthyPipelineSafeModeRule] INFO  replication.ReplicationManager (ReplicationManager.java:notifyStatusChanged(428)) - Service ReplicationManager transitions to RUNNING.
2022-07-02 07:22:19,050 [EventQueue-OpenPipelineForHealthyPipelineSafeModeRule] WARN  balancer.ContainerBalancer (ContainerBalancer.java:shouldRun(894)) - Could not find persisted configuration for ContainerBalancer when checking if ContainerBalancer should run. ContainerBalancer should not run now.
2022-07-02 07:22:19,069 [8384da11-bc81-4aa4-8438-a9cb526b8e6b@group-4947C190D023-LeaderElection23] INFO  grpc.GrpcConfigKeys (ConfUtils.java:logGet(46)) - raft.grpc.server.leader.outstanding.appends.max = 128 (default)
2022-07-02 07:22:19,070 [8384da11-bc81-4aa4-8438-a9cb526b8e6b@group-4947C190D023-LeaderElection23] INFO  server.RaftServerConfigKeys (ConfUtils.java:logGet(46)) - raft.server.rpc.request.timeout = 60s (custom)
2022-07-02 07:22:19,070 [8384da11-bc81-4aa4-8438-a9cb526b8e6b@group-4947C190D023-LeaderElection23] INFO  server.RaftServerConfigKeys (ConfUtils.java:logGet(46)) - raft.server.log.appender.install.snapshot.enabled = false (custom)
2022-07-02 07:22:19,071 [8384da11-bc81-4aa4-8438-a9cb526b8e6b@group-4947C190D023-LeaderElection23] INFO  server.RaftServerConfigKeys (ConfUtils.java:logGet(46)) - raft.server.log.appender.snapshot.chunk.size.max = 16MB (=16777216) (default)
2022-07-02 07:22:19,071 [8384da11-bc81-4aa4-8438-a9cb526b8e6b@group-4947C190D023-LeaderElection23] INFO  server.RaftServerConfigKeys (ConfUtils.java:logGet(46)) - raft.server.log.appender.buffer.byte-limit = 33554432 (custom)
2022-07-02 07:22:19,071 [8384da11-bc81-4aa4-8438-a9cb526b8e6b@group-4947C190D023-LeaderElection23] INFO  server.RaftServerConfigKeys (ConfUtils.java:logGet(46)) - raft.server.log.appender.buffer.element-limit = 1 (custom)
2022-07-02 07:22:19,071 [8384da11-bc81-4aa4-8438-a9cb526b8e6b@group-4947C190D023-LeaderElection23] INFO  grpc.GrpcConfigKeys (ConfUtils.java:logGet(46)) - raft.grpc.server.leader.outstanding.appends.max = 128 (default)
2022-07-02 07:22:19,071 [8384da11-bc81-4aa4-8438-a9cb526b8e6b@group-4947C190D023-LeaderElection23] INFO  server.RaftServerConfigKeys (ConfUtils.java:logGet(46)) - raft.server.rpc.request.timeout = 60s (custom)
2022-07-02 07:22:19,071 [8384da11-bc81-4aa4-8438-a9cb526b8e6b@group-4947C190D023-LeaderElection23] INFO  server.RaftServerConfigKeys (ConfUtils.java:logGet(46)) - raft.server.log.appender.install.snapshot.enabled = false (custom)
2022-07-02 07:22:19,071 [8384da11-bc81-4aa4-8438-a9cb526b8e6b@group-4947C190D023-LeaderElection23] INFO  impl.RoleInfo (RoleInfo.java:updateAndGet(139)) - 8384da11-bc81-4aa4-8438-a9cb526b8e6b: start 8384da11-bc81-4aa4-8438-a9cb526b8e6b@group-4947C190D023-LeaderStateImpl
2022-07-02 07:22:19,072 [8384da11-bc81-4aa4-8438-a9cb526b8e6b@group-4947C190D023-LeaderElection23] INFO  segmented.SegmentedRaftLogWorker (SegmentedRaftLogWorker.java:startLogSegment(425)) - 8384da11-bc81-4aa4-8438-a9cb526b8e6b@group-4947C190D023-SegmentedRaftLogWorker: Starting segment from index:0
2022-07-02 07:22:19,077 [8384da11-bc81-4aa4-8438-a9cb526b8e6b@group-4947C190D023-LeaderElection23] INFO  server.RaftServer$Division (ServerState.java:setRaftConf(393)) - 8384da11-bc81-4aa4-8438-a9cb526b8e6b@group-4947C190D023: set configuration 0: [8384da11-bc81-4aa4-8438-a9cb526b8e6b|rpc:10.1.0.20:41153|dataStream:|priority:1, c8c7f6e9-7147-4113-9ab5-2be4ccc0fabe|rpc:10.1.0.20:43257|dataStream:|priority:0, 85df8eb1-77a9-48e2-b795-4ce99b081c64|rpc:10.1.0.20:33453|dataStream:|priority:0], old=null
2022-07-02 07:22:19,100 [grpc-default-executor-0] INFO  server.RaftServer$Division (RaftServerImpl.java:requestVote(1184)) - 85df8eb1-77a9-48e2-b795-4ce99b081c64@group-4947C190D023 replies to ELECTION vote request: 8384da11-bc81-4aa4-8438-a9cb526b8e6b<-85df8eb1-77a9-48e2-b795-4ce99b081c64#0:OK-t1. Peer's state: 85df8eb1-77a9-48e2-b795-4ce99b081c64@group-4947C190D023:t1, leader=null, voted=8384da11-bc81-4aa4-8438-a9cb526b8e6b, raftlog=85df8eb1-77a9-48e2-b795-4ce99b081c64@group-4947C190D023-SegmentedRaftLog:OPENED:c-1, conf=-1: [8384da11-bc81-4aa4-8438-a9cb526b8e6b|rpc:10.1.0.20:41153|dataStream:|priority:1, c8c7f6e9-7147-4113-9ab5-2be4ccc0fabe|rpc:10.1.0.20:43257|dataStream:|priority:0, 85df8eb1-77a9-48e2-b795-4ce99b081c64|rpc:10.1.0.20:33453|dataStream:|priority:0], old=null
2022-07-02 07:22:19,112 [8384da11-bc81-4aa4-8438-a9cb526b8e6b@group-4947C190D023-SegmentedRaftLogWorker] INFO  segmented.SegmentedRaftLogWorker (SegmentedRaftLogWorker.java:execute(629)) - 8384da11-bc81-4aa4-8438-a9cb526b8e6b@group-4947C190D023-SegmentedRaftLogWorker: created new log segment /home/runner/work/ozone/ozone/hadoop-ozone/integration-test/target/test-dir/MiniOzoneClusterImpl-2091899c-1ec3-4d3e-95df-d9e62105ac7a/datanode-0/data/ratis/4c386858-29cc-4ec6-a20f-4947c190d023/current/log_inprogress_0
2022-07-02 07:22:19,140 [Listener at 127.0.0.1/38347] INFO  ozone.MiniOzoneClusterImpl (MiniOzoneClusterImpl.java:lambda$waitForClusterToBeReady$0(223)) - Nodes are ready. Got 5 of 5 DN Heartbeats.
2022-07-02 07:22:19,140 [Listener at 127.0.0.1/38347] INFO  ozone.MiniOzoneClusterImpl (MiniOzoneClusterImpl.java:lambda$waitForClusterToBeReady$0(226)) - Cluster exits safe mode
2022-07-02 07:22:19,140 [Listener at 127.0.0.1/38347] INFO  ozone.MiniOzoneClusterImpl (MiniOzoneClusterImpl.java:lambda$waitForClusterToBeReady$0(228)) - SCM became leader
2022-07-02 07:22:19,191 [85df8eb1-77a9-48e2-b795-4ce99b081c64-server-thread1] INFO  ratis.XceiverServerRatis (XceiverServerRatis.java:handleLeaderChangedNotification(863)) - Leader change notification received for group: group-4947C190D023 with new leaderId: 8384da11-bc81-4aa4-8438-a9cb526b8e6b
2022-07-02 07:22:19,192 [85df8eb1-77a9-48e2-b795-4ce99b081c64-server-thread1] INFO  server.RaftServer$Division (ServerState.java:setLeader(287)) - 85df8eb1-77a9-48e2-b795-4ce99b081c64@group-4947C190D023: change Leader from null to 8384da11-bc81-4aa4-8438-a9cb526b8e6b at term 1 for appendEntries, leader elected after 4936ms
2022-07-02 07:22:19,226 [c8c7f6e9-7147-4113-9ab5-2be4ccc0fabe-server-thread1] INFO  ratis.XceiverServerRatis (XceiverServerRatis.java:handleLeaderChangedNotification(863)) - Leader change notification received for group: group-4947C190D023 with new leaderId: 8384da11-bc81-4aa4-8438-a9cb526b8e6b
2022-07-02 07:22:19,226 [c8c7f6e9-7147-4113-9ab5-2be4ccc0fabe-server-thread1] INFO  server.RaftServer$Division (ServerState.java:setLeader(287)) - c8c7f6e9-7147-4113-9ab5-2be4ccc0fabe@group-4947C190D023: change Leader from null to 8384da11-bc81-4aa4-8438-a9cb526b8e6b at term 1 for appendEntries, leader elected after 5355ms
2022-07-02 07:22:19,226 [85df8eb1-77a9-48e2-b795-4ce99b081c64-server-thread1] INFO  server.RaftServer$Division (ServerState.java:setRaftConf(393)) - 85df8eb1-77a9-48e2-b795-4ce99b081c64@group-4947C190D023: set configuration 0: [8384da11-bc81-4aa4-8438-a9cb526b8e6b|rpc:10.1.0.20:41153|dataStream:|priority:1, c8c7f6e9-7147-4113-9ab5-2be4ccc0fabe|rpc:10.1.0.20:43257|dataStream:|priority:0, 85df8eb1-77a9-48e2-b795-4ce99b081c64|rpc:10.1.0.20:33453|dataStream:|priority:0], old=null
2022-07-02 07:22:19,227 [85df8eb1-77a9-48e2-b795-4ce99b081c64-server-thread1] INFO  segmented.SegmentedRaftLogWorker (SegmentedRaftLogWorker.java:startLogSegment(425)) - 85df8eb1-77a9-48e2-b795-4ce99b081c64@group-4947C190D023-SegmentedRaftLogWorker: Starting segment from index:0
2022-07-02 07:22:19,231 [85df8eb1-77a9-48e2-b795-4ce99b081c64@group-4947C190D023-SegmentedRaftLogWorker] INFO  segmented.SegmentedRaftLogWorker (SegmentedRaftLogWorker.java:execute(629)) - 85df8eb1-77a9-48e2-b795-4ce99b081c64@group-4947C190D023-SegmentedRaftLogWorker: created new log segment /home/runner/work/ozone/ozone/hadoop-ozone/integration-test/target/test-dir/MiniOzoneClusterImpl-2091899c-1ec3-4d3e-95df-d9e62105ac7a/datanode-1/data/ratis/4c386858-29cc-4ec6-a20f-4947c190d023/current/log_inprogress_0
2022-07-02 07:22:19,237 [Command processor thread] INFO  server.RaftServer (RaftServerProxy.java:addNew(96)) - eb920e94-4431-4986-848f-491e170389c2: addNew group-92E053219BA8:[eb920e94-4431-4986-848f-491e170389c2|rpc:10.1.0.20:46637|priority:1] returns group-92E053219BA8:java.util.concurrent.CompletableFuture@5add9bd7[Not completed]
2022-07-02 07:22:19,241 [c8c7f6e9-7147-4113-9ab5-2be4ccc0fabe@group-32831628082B-FollowerState] INFO  impl.FollowerState (FollowerState.java:run(143)) - c8c7f6e9-7147-4113-9ab5-2be4ccc0fabe@group-32831628082B-FollowerState: change to CANDIDATE, lastRpcElapsedTime:5162420115ns, electionTimeout:5132ms
2022-07-02 07:22:19,241 [c8c7f6e9-7147-4113-9ab5-2be4ccc0fabe@group-32831628082B-FollowerState] INFO  impl.RoleInfo (RoleInfo.java:shutdownFollowerState(110)) - c8c7f6e9-7147-4113-9ab5-2be4ccc0fabe: shutdown c8c7f6e9-7147-4113-9ab5-2be4ccc0fabe@group-32831628082B-FollowerState
2022-07-02 07:22:19,241 [c8c7f6e9-7147-4113-9ab5-2be4ccc0fabe@group-32831628082B-FollowerState] INFO  server.RaftServer$Division (RaftServerImpl.java:setRole(299)) - c8c7f6e9-7147-4113-9ab5-2be4ccc0fabe@group-32831628082B: changes role from  FOLLOWER to CANDIDATE at term 0 for changeToCandidate
2022-07-02 07:22:19,241 [c8c7f6e9-7147-4113-9ab5-2be4ccc0fabe@group-32831628082B-FollowerState] INFO  server.RaftServerConfigKeys (ConfUtils.java:logGet(46)) - raft.server.leaderelection.pre-vote = false (custom)
2022-07-02 07:22:19,241 [c8c7f6e9-7147-4113-9ab5-2be4ccc0fabe@group-32831628082B-FollowerState] INFO  impl.RoleInfo (RoleInfo.java:updateAndGet(139)) - c8c7f6e9-7147-4113-9ab5-2be4ccc0fabe: start c8c7f6e9-7147-4113-9ab5-2be4ccc0fabe@group-32831628082B-LeaderElection24
2022-07-02 07:22:19,252 [pool-694-thread-1] INFO  server.RaftServer$Division (RaftServerImpl.java:<init>(190)) - eb920e94-4431-4986-848f-491e170389c2: new RaftServerImpl for group-92E053219BA8:[eb920e94-4431-4986-848f-491e170389c2|rpc:10.1.0.20:46637|priority:1] with ContainerStateMachine:uninitialized
2022-07-02 07:22:19,252 [pool-694-thread-1] INFO  server.RaftServerConfigKeys (ConfUtils.java:logGet(46)) - raft.server.rpc.timeout.min = 5s (custom)
2022-07-02 07:22:19,252 [pool-694-thread-1] INFO  server.RaftServerConfigKeys (ConfUtils.java:logGet(46)) - raft.server.rpc.timeout.max = 5200ms (custom)
2022-07-02 07:22:19,257 [pool-694-thread-1] INFO  server.RaftServerConfigKeys (ConfUtils.java:logGet(46)) - raft.server.rpc.sleep.time = 25ms (default)
2022-07-02 07:22:19,257 [pool-694-thread-1] INFO  server.RaftServerConfigKeys (ConfUtils.java:logGet(46)) - raft.server.rpc.slowness.timeout = 300s (custom)
2022-07-02 07:22:19,257 [pool-694-thread-1] INFO  server.RaftServerConfigKeys (ConfUtils.java:logGet(46)) - raft.server.leaderelection.leader.step-down.wait-time = 10s (default)
2022-07-02 07:22:19,257 [pool-694-thread-1] INFO  server.RaftServerConfigKeys (ConfUtils.java:logGet(46)) - raft.server.sleep.deviation.threshold = 300ms (default)
2022-07-02 07:22:19,258 [pool-694-thread-1] INFO  server.RaftServer$Division (ServerState.java:<init>(107)) - eb920e94-4431-4986-848f-491e170389c2@group-92E053219BA8: ConfigurationManager, init=-1: [eb920e94-4431-4986-848f-491e170389c2|rpc:10.1.0.20:46637|priority:1], old=null, confs=<EMPTY_MAP>
2022-07-02 07:22:19,258 [pool-694-thread-1] INFO  server.RaftServerConfigKeys (ConfUtils.java:logGet(46)) - raft.server.storage.dir = [/home/runner/work/ozone/ozone/hadoop-ozone/integration-test/target/test-dir/MiniOzoneClusterImpl-2091899c-1ec3-4d3e-95df-d9e62105ac7a/datanode-4/data/ratis] (custom)
2022-07-02 07:22:19,258 [pool-694-thread-1] INFO  server.RaftServerConfigKeys (ConfUtils.java:logGet(46)) - raft.server.log.corruption.policy = EXCEPTION (default)
2022-07-02 07:22:19,258 [pool-694-thread-1] INFO  server.RaftServerConfigKeys (ConfUtils.java:logGet(46)) - raft.server.storage.free-space.min = 0MB (=0) (default)
2022-07-02 07:22:19,258 [pool-694-thread-1] INFO  storage.RaftStorageDirectory (RaftStorageDirectoryImpl.java:analyzeStorage(135)) - The storage directory /home/runner/work/ozone/ozone/hadoop-ozone/integration-test/target/test-dir/MiniOzoneClusterImpl-2091899c-1ec3-4d3e-95df-d9e62105ac7a/datanode-4/data/ratis/5bd33b1f-dbd7-4253-9906-92e053219ba8 does not exist. Creating ...
2022-07-02 07:22:19,278 [pool-694-thread-1] INFO  storage.RaftStorageDirectory (RaftStorageDirectoryImpl.java:tryLock(230)) - Lock on /home/runner/work/ozone/ozone/hadoop-ozone/integration-test/target/test-dir/MiniOzoneClusterImpl-2091899c-1ec3-4d3e-95df-d9e62105ac7a/datanode-4/data/ratis/5bd33b1f-dbd7-4253-9906-92e053219ba8/in_use.lock acquired by nodename 16391@fv-az444-838
2022-07-02 07:22:19,279 [pool-694-thread-1] INFO  storage.RaftStorage (RaftStorageImpl.java:format(89)) - Storage directory /home/runner/work/ozone/ozone/hadoop-ozone/integration-test/target/test-dir/MiniOzoneClusterImpl-2091899c-1ec3-4d3e-95df-d9e62105ac7a/datanode-4/data/ratis/5bd33b1f-dbd7-4253-9906-92e053219ba8 has been successfully formatted.
2022-07-02 07:22:19,285 [pool-694-thread-1] INFO  ratis.ContainerStateMachine (ContainerStateMachine.java:loadSnapshot(236)) - group-92E053219BA8: The snapshot info is null. Setting the last applied indexto:(t:0, i:~)
2022-07-02 07:22:19,285 [pool-694-thread-1] INFO  server.RaftServerConfigKeys (ConfUtils.java:logGet(46)) - raft.server.notification.no-leader.timeout = 300s (custom)
2022-07-02 07:22:19,285 [pool-694-thread-1] INFO  server.RaftServerConfigKeys (ConfUtils.java:logGet(46)) - raft.server.log.use.memory = false (default)
2022-07-02 07:22:19,285 [pool-694-thread-1] INFO  server.RaftServerConfigKeys (ConfUtils.java:logGet(46)) - raft.server.log.purge.gap = 1000000 (custom)
2022-07-02 07:22:19,285 [pool-694-thread-1] INFO  server.RaftServerConfigKeys (ConfUtils.java:logGet(46)) - raft.server.log.appender.buffer.byte-limit = 33554432 (custom)
2022-07-02 07:22:19,285 [pool-694-thread-1] INFO  server.RaftServerConfigKeys (ConfUtils.java:logGet(46)) - raft.server.log.statemachine.data.read.timeout = 1000ms (default)
2022-07-02 07:22:19,285 [pool-694-thread-1] INFO  server.RaftServerConfigKeys (ConfUtils.java:logGet(46)) - raft.server.log.segment.size.max = 1048576 (custom)
2022-07-02 07:22:19,286 [pool-694-thread-1] INFO  server.RaftServerConfigKeys (ConfUtils.java:logGet(46)) - raft.server.log.segment.cache.num.max = 2 (custom)
2022-07-02 07:22:19,286 [pool-694-thread-1] INFO  server.RaftServerConfigKeys (ConfUtils.java:logGet(46)) - raft.server.log.segment.cache.size.max = 200MB (=209715200) (default)
2022-07-02 07:22:19,286 [pool-694-thread-1] INFO  segmented.SegmentedRaftLogWorker (SegmentedRaftLogWorker.java:<init>(187)) - new eb920e94-4431-4986-848f-491e170389c2@group-92E053219BA8-SegmentedRaftLogWorker for RaftStorageImpl:Storage Directory /home/runner/work/ozone/ozone/hadoop-ozone/integration-test/target/test-dir/MiniOzoneClusterImpl-2091899c-1ec3-4d3e-95df-d9e62105ac7a/datanode-4/data/ratis/5bd33b1f-dbd7-4253-9906-92e053219ba8
2022-07-02 07:22:19,286 [c8c7f6e9-7147-4113-9ab5-2be4ccc0fabe@group-32831628082B-LeaderElection24] INFO  impl.LeaderElection (LeaderElection.java:askForVotes(310)) - c8c7f6e9-7147-4113-9ab5-2be4ccc0fabe@group-32831628082B-LeaderElection24 ELECTION round 0: submit vote requests at term 1 for -1: [c8c7f6e9-7147-4113-9ab5-2be4ccc0fabe|rpc:10.1.0.20:43257|priority:1], old=null
2022-07-02 07:22:19,286 [pool-694-thread-1] INFO  server.RaftServerConfigKeys (ConfUtils.java:logGet(46)) - raft.server.log.queue.byte-limit = 4294967296 (custom)
2022-07-02 07:22:19,286 [pool-694-thread-1] INFO  server.RaftServerConfigKeys (ConfUtils.java:logGet(46)) - raft.server.log.queue.element-limit = 1024 (custom)
2022-07-02 07:22:19,286 [pool-694-thread-1] INFO  server.RaftServerConfigKeys (ConfUtils.java:logGet(46)) - raft.server.log.segment.size.max = 1048576 (custom)
2022-07-02 07:22:19,286 [pool-694-thread-1] INFO  server.RaftServerConfigKeys (ConfUtils.java:logGet(46)) - raft.server.log.preallocated.size = 16384 (custom)
2022-07-02 07:22:19,286 [pool-694-thread-1] INFO  server.RaftServerConfigKeys (ConfUtils.java:logGet(46)) - raft.server.log.force.sync.num = 128 (default)
2022-07-02 07:22:19,286 [pool-694-thread-1] INFO  server.RaftServerConfigKeys (ConfUtils.java:logGet(46)) - raft.server.log.statemachine.data.sync = true (default)
2022-07-02 07:22:19,286 [pool-694-thread-1] INFO  server.RaftServerConfigKeys (ConfUtils.java:logGet(46)) - raft.server.log.statemachine.data.sync.timeout = 10s (default)
2022-07-02 07:22:19,286 [pool-694-thread-1] INFO  server.RaftServerConfigKeys (ConfUtils.java:logGet(46)) - raft.server.log.statemachine.data.sync.timeout.retry = -1 (default)
2022-07-02 07:22:19,287 [EventQueue-PipelineReportForPipelineReportHandler] INFO  pipeline.PipelineManagerImpl (PipelineManagerImpl.java:openPipeline(358)) - Pipeline Pipeline[ Id: 5bd33b1f-dbd7-4253-9906-92e053219ba8, Nodes: eb920e94-4431-4986-848f-491e170389c2{ip: 10.1.0.20, host: fv-az444-838.dthhdds2jluu1c0oa55ndv1hsg.dx.internal.cloudapp.net, ports: [REPLICATION=40543, RATIS=46637, RATIS_ADMIN=46637, RATIS_SERVER=46637, STANDALONE=43895], networkLocation: /default-rack, certSerialId: null, persistedOpState: IN_SERVICE, persistedOpStateExpiryEpochSec: 0}, ReplicationConfig: RATIS/ONE, State:ALLOCATED, leaderId:eb920e94-4431-4986-848f-491e170389c2, CreationTimestamp2022-07-02T07:22:16.210Z[Etc/UTC]] moved to OPEN state
2022-07-02 07:22:19,287 [pool-694-thread-1] INFO  server.RaftServerConfigKeys (ConfUtils.java:logGet(46)) - raft.server.log.write.buffer.size = 1048576 (custom)
2022-07-02 07:22:19,288 [pool-694-thread-1] INFO  server.RaftServerConfigKeys (ConfUtils.java:logGet(46)) - raft.server.log.unsafe-flush.enabled = false (default)
2022-07-02 07:22:19,288 [pool-694-thread-1] INFO  server.RaftServerConfigKeys (ConfUtils.java:logGet(46)) - raft.server.log.statemachine.data.caching.enabled = true (custom)
2022-07-02 07:22:19,288 [pool-694-thread-1] INFO  segmented.SegmentedRaftLogWorker (SegmentedRaftLogWorker.java:lambda$new$0(135)) - eb920e94-4431-4986-848f-491e170389c2@group-92E053219BA8-SegmentedRaftLogWorker: flushIndex: setUnconditionally 0 -> -1
2022-07-02 07:22:19,288 [pool-694-thread-1] INFO  segmented.SegmentedRaftLogWorker (SegmentedRaftLogWorker.java:lambda$new$0(135)) - eb920e94-4431-4986-848f-491e170389c2@group-92E053219BA8-SegmentedRaftLogWorker: safeCacheEvictIndex: setUnconditionally 0 -> -1
2022-07-02 07:22:19,288 [c8c7f6e9-7147-4113-9ab5-2be4ccc0fabe@group-32831628082B-LeaderElection24] INFO  impl.LeaderElection (LeaderElection.java:askForVotes(312)) - c8c7f6e9-7147-4113-9ab5-2be4ccc0fabe@group-32831628082B-LeaderElection24 ELECTION round 0: result PASSED (term=1)
2022-07-02 07:22:19,289 [c8c7f6e9-7147-4113-9ab5-2be4ccc0fabe@group-32831628082B-LeaderElection24] INFO  impl.RoleInfo (RoleInfo.java:shutdownLeaderElection(130)) - c8c7f6e9-7147-4113-9ab5-2be4ccc0fabe: shutdown c8c7f6e9-7147-4113-9ab5-2be4ccc0fabe@group-32831628082B-LeaderElection24
2022-07-02 07:22:19,289 [c8c7f6e9-7147-4113-9ab5-2be4ccc0fabe@group-32831628082B-LeaderElection24] INFO  server.RaftServer$Division (RaftServerImpl.java:setRole(299)) - c8c7f6e9-7147-4113-9ab5-2be4ccc0fabe@group-32831628082B: changes role from CANDIDATE to LEADER at term 1 for changeToLeader
2022-07-02 07:22:19,289 [c8c7f6e9-7147-4113-9ab5-2be4ccc0fabe@group-32831628082B-LeaderElection24] INFO  ratis.XceiverServerRatis (XceiverServerRatis.java:handleLeaderChangedNotification(863)) - Leader change notification received for group: group-32831628082B with new leaderId: c8c7f6e9-7147-4113-9ab5-2be4ccc0fabe
2022-07-02 07:22:19,300 [pool-694-thread-1] INFO  server.RaftServerConfigKeys (ConfUtils.java:logGet(46)) - raft.server.snapshot.auto.trigger.enabled = true (custom)
2022-07-02 07:22:19,300 [pool-694-thread-1] INFO  server.RaftServerConfigKeys (ConfUtils.java:logGet(46)) - raft.server.snapshot.auto.trigger.threshold = 10000 (custom)
2022-07-02 07:22:19,300 [pool-694-thread-1] INFO  server.RaftServerConfigKeys (ConfUtils.java:logGet(46)) - raft.server.snapshot.retention.file.num = 5 (custom)
2022-07-02 07:22:19,301 [pool-694-thread-1] INFO  server.RaftServerConfigKeys (ConfUtils.java:logGet(46)) - raft.server.log.purge.upto.snapshot.index = false (default)
2022-07-02 07:22:19,301 [pool-694-thread-1] INFO  server.RaftServerConfigKeys (ConfUtils.java:logGet(46)) - raft.server.retrycache.expirytime = 600000ms (custom)
2022-07-02 07:22:19,301 [pool-694-thread-1] INFO  server.RaftServerConfigKeys (ConfUtils.java:logGet(46)) - raft.server.retrycache.statistics.expirytime = 100μs (default)
2022-07-02 07:22:19,316 [c8c7f6e9-7147-4113-9ab5-2be4ccc0fabe@group-32831628082B-LeaderElection24] INFO  server.RaftServer$Division (ServerState.java:setLeader(287)) - c8c7f6e9-7147-4113-9ab5-2be4ccc0fabe@group-32831628082B: change Leader from null to c8c7f6e9-7147-4113-9ab5-2be4ccc0fabe at term 1 for becomeLeader, leader elected after 5264ms
2022-07-02 07:22:19,317 [c8c7f6e9-7147-4113-9ab5-2be4ccc0fabe@group-32831628082B-LeaderElection24] INFO  server.RaftServerConfigKeys (ConfUtils.java:logGet(46)) - raft.server.staging.catchup.gap = 1000 (default)
2022-07-02 07:22:19,317 [c8c7f6e9-7147-4113-9ab5-2be4ccc0fabe@group-32831628082B-LeaderElection24] INFO  server.RaftServerConfigKeys (ConfUtils.java:logGet(46)) - raft.server.write.element-limit = 1024 (custom)
2022-07-02 07:22:19,317 [c8c7f6e9-7147-4113-9ab5-2be4ccc0fabe@group-32831628082B-LeaderElection24] INFO  server.RaftServerConfigKeys (ConfUtils.java:logGet(46)) - raft.server.write.byte-limit = 1024 M (=1073741824) (custom)
2022-07-02 07:22:19,317 [c8c7f6e9-7147-4113-9ab5-2be4ccc0fabe@group-32831628082B-LeaderElection24] INFO  server.RaftServerConfigKeys (ConfUtils.java:logGet(46)) - raft.server.watch.timeout = 180s (custom)
2022-07-02 07:22:19,317 [c8c7f6e9-7147-4113-9ab5-2be4ccc0fabe@group-32831628082B-LeaderElection24] INFO  server.RaftServerConfigKeys (ConfUtils.java:logGet(46)) - raft.server.watch.timeout.denomination = 1s (default)
2022-07-02 07:22:19,317 [c8c7f6e9-7147-4113-9ab5-2be4ccc0fabe@group-32831628082B-LeaderElection24] INFO  server.RaftServerConfigKeys (ConfUtils.java:logGet(46)) - raft.server.watch.element-limit = 65536 (default)
2022-07-02 07:22:19,317 [c8c7f6e9-7147-4113-9ab5-2be4ccc0fabe@group-32831628082B-LeaderElection24] INFO  server.RaftServerConfigKeys (ConfUtils.java:logGet(46)) - raft.server.write.element-limit = 1024 (custom)
2022-07-02 07:22:19,317 [c8c7f6e9-7147-4113-9ab5-2be4ccc0fabe@group-32831628082B-LeaderElection24] INFO  server.RaftServerConfigKeys (ConfUtils.java:logGet(46)) - raft.server.write.follower.gap.ratio.max = -1.0 (default)
2022-07-02 07:22:19,317 [c8c7f6e9-7147-4113-9ab5-2be4ccc0fabe@group-32831628082B-LeaderElection24] INFO  impl.RoleInfo (RoleInfo.java:updateAndGet(139)) - c8c7f6e9-7147-4113-9ab5-2be4ccc0fabe: start c8c7f6e9-7147-4113-9ab5-2be4ccc0fabe@group-32831628082B-LeaderStateImpl
2022-07-02 07:22:19,318 [c8c7f6e9-7147-4113-9ab5-2be4ccc0fabe@group-32831628082B-LeaderElection24] INFO  segmented.SegmentedRaftLogWorker (SegmentedRaftLogWorker.java:startLogSegment(425)) - c8c7f6e9-7147-4113-9ab5-2be4ccc0fabe@group-32831628082B-SegmentedRaftLogWorker: Starting segment from index:0
2022-07-02 07:22:19,319 [pool-694-thread-1] INFO  server.RaftServerConfigKeys (ConfUtils.java:logGet(46)) - raft.server.log.appender.install.snapshot.enabled = false (custom)
2022-07-02 07:22:19,319 [pool-694-thread-1] INFO  server.RaftServerConfigKeys (ConfUtils.java:logGet(46)) - raft.server.threadpool.server.cached = true (default)
2022-07-02 07:22:19,319 [pool-694-thread-1] INFO  server.RaftServerConfigKeys (ConfUtils.java:logGet(46)) - raft.server.threadpool.server.size = 0 (default)
2022-07-02 07:22:19,319 [pool-694-thread-1] INFO  server.RaftServerConfigKeys (ConfUtils.java:logGet(46)) - raft.server.threadpool.client.cached = true (default)
2022-07-02 07:22:19,319 [pool-694-thread-1] INFO  server.RaftServerConfigKeys (ConfUtils.java:logGet(46)) - raft.server.threadpool.client.size = 0 (default)
2022-07-02 07:22:19,319 [pool-694-thread-1] INFO  server.RaftServer$Division (RaftServerImpl.java:start(310)) - eb920e94-4431-4986-848f-491e170389c2@group-92E053219BA8: start as a follower, conf=-1: [eb920e94-4431-4986-848f-491e170389c2|rpc:10.1.0.20:46637|priority:1], old=null
2022-07-02 07:22:19,319 [pool-694-thread-1] INFO  server.RaftServer$Division (RaftServerImpl.java:setRole(299)) - eb920e94-4431-4986-848f-491e170389c2@group-92E053219BA8: changes role from      null to FOLLOWER at term 0 for startAsFollower
2022-07-02 07:22:19,319 [c8c7f6e9-7147-4113-9ab5-2be4ccc0fabe@group-32831628082B-SegmentedRaftLogWorker] INFO  segmented.SegmentedRaftLogWorker (SegmentedRaftLogWorker.java:execute(629)) - c8c7f6e9-7147-4113-9ab5-2be4ccc0fabe@group-32831628082B-SegmentedRaftLogWorker: created new log segment /home/runner/work/ozone/ozone/hadoop-ozone/integration-test/target/test-dir/MiniOzoneClusterImpl-2091899c-1ec3-4d3e-95df-d9e62105ac7a/datanode-2/data/ratis/e2a0edc7-d6ff-4f44-99c8-32831628082b/current/log_inprogress_0
2022-07-02 07:22:19,361 [pool-694-thread-1] INFO  impl.RoleInfo (RoleInfo.java:updateAndGet(139)) - eb920e94-4431-4986-848f-491e170389c2: start eb920e94-4431-4986-848f-491e170389c2@group-92E053219BA8-FollowerState
2022-07-02 07:22:19,377 [c8c7f6e9-7147-4113-9ab5-2be4ccc0fabe@group-D4572DC721BA-FollowerState] INFO  impl.FollowerState (FollowerState.java:run(143)) - c8c7f6e9-7147-4113-9ab5-2be4ccc0fabe@group-D4572DC721BA-FollowerState: change to CANDIDATE, lastRpcElapsedTime:5153471208ns, electionTimeout:5152ms
2022-07-02 07:22:19,377 [c8c7f6e9-7147-4113-9ab5-2be4ccc0fabe@group-D4572DC721BA-FollowerState] INFO  impl.RoleInfo (RoleInfo.java:shutdownFollowerState(110)) - c8c7f6e9-7147-4113-9ab5-2be4ccc0fabe: shutdown c8c7f6e9-7147-4113-9ab5-2be4ccc0fabe@group-D4572DC721BA-FollowerState
2022-07-02 07:22:19,377 [c8c7f6e9-7147-4113-9ab5-2be4ccc0fabe@group-D4572DC721BA-FollowerState] INFO  server.RaftServer$Division (RaftServerImpl.java:setRole(299)) - c8c7f6e9-7147-4113-9ab5-2be4ccc0fabe@group-D4572DC721BA: changes role from  FOLLOWER to CANDIDATE at term 0 for changeToCandidate
2022-07-02 07:22:19,384 [pool-694-thread-1] INFO  util.JmxRegister (JmxRegister.java:tryRegister(44)) - Successfully registered JMX Bean with object name Ratis:service=RaftServer,group=group-92E053219BA8,id=eb920e94-4431-4986-848f-491e170389c2
2022-07-02 07:22:19,394 [c8c7f6e9-7147-4113-9ab5-2be4ccc0fabe-server-thread1] INFO  server.RaftServer$Division (ServerState.java:setRaftConf(393)) - c8c7f6e9-7147-4113-9ab5-2be4ccc0fabe@group-4947C190D023: set configuration 0: [8384da11-bc81-4aa4-8438-a9cb526b8e6b|rpc:10.1.0.20:41153|dataStream:|priority:1, c8c7f6e9-7147-4113-9ab5-2be4ccc0fabe|rpc:10.1.0.20:43257|dataStream:|priority:0, 85df8eb1-77a9-48e2-b795-4ce99b081c64|rpc:10.1.0.20:33453|dataStream:|priority:0], old=null
2022-07-02 07:22:19,394 [c8c7f6e9-7147-4113-9ab5-2be4ccc0fabe-server-thread1] INFO  segmented.SegmentedRaftLogWorker (SegmentedRaftLogWorker.java:startLogSegment(425)) - c8c7f6e9-7147-4113-9ab5-2be4ccc0fabe@group-4947C190D023-SegmentedRaftLogWorker: Starting segment from index:0
2022-07-02 07:22:19,394 [c8c7f6e9-7147-4113-9ab5-2be4ccc0fabe@group-32831628082B-LeaderElection24] INFO  server.RaftServer$Division (ServerState.java:setRaftConf(393)) - c8c7f6e9-7147-4113-9ab5-2be4ccc0fabe@group-32831628082B: set configuration 0: [c8c7f6e9-7147-4113-9ab5-2be4ccc0fabe|rpc:10.1.0.20:43257|dataStream:|priority:1], old=null
2022-07-02 07:22:19,397 [c8c7f6e9-7147-4113-9ab5-2be4ccc0fabe@group-4947C190D023-SegmentedRaftLogWorker] INFO  segmented.SegmentedRaftLogWorker (SegmentedRaftLogWorker.java:execute(629)) - c8c7f6e9-7147-4113-9ab5-2be4ccc0fabe@group-4947C190D023-SegmentedRaftLogWorker: created new log segment /home/runner/work/ozone/ozone/hadoop-ozone/integration-test/target/test-dir/MiniOzoneClusterImpl-2091899c-1ec3-4d3e-95df-d9e62105ac7a/datanode-2/data/ratis/4c386858-29cc-4ec6-a20f-4947c190d023/current/log_inprogress_0
2022-07-02 07:22:19,427 [c8c7f6e9-7147-4113-9ab5-2be4ccc0fabe@group-D4572DC721BA-FollowerState] INFO  server.RaftServerConfigKeys (ConfUtils.java:logGet(46)) - raft.server.leaderelection.pre-vote = false (custom)
2022-07-02 07:22:19,428 [c8c7f6e9-7147-4113-9ab5-2be4ccc0fabe@group-D4572DC721BA-FollowerState] INFO  impl.RoleInfo (RoleInfo.java:updateAndGet(139)) - c8c7f6e9-7147-4113-9ab5-2be4ccc0fabe: start c8c7f6e9-7147-4113-9ab5-2be4ccc0fabe@group-D4572DC721BA-LeaderElection25
2022-07-02 07:22:19,428 [Command processor thread] INFO  ratis.XceiverServerRatis (XceiverServerRatis.java:addGroup(765)) - Created group PipelineID=5bd33b1f-dbd7-4253-9906-92e053219ba8
2022-07-02 07:22:19,428 [Command processor thread] INFO  commandhandler.CreatePipelineCommandHandler (CreatePipelineCommandHandler.java:handle(113)) - Created Pipeline RATIS ONE PipelineID=5bd33b1f-dbd7-4253-9906-92e053219ba8.
2022-07-02 07:22:19,431 [85df8eb1-77a9-48e2-b795-4ce99b081c64@group-D4572DC721BA-FollowerState] INFO  impl.FollowerState (FollowerState.java:run(143)) - 85df8eb1-77a9-48e2-b795-4ce99b081c64@group-D4572DC721BA-FollowerState: change to CANDIDATE, lastRpcElapsedTime:5076231200ns, electionTimeout:5074ms
2022-07-02 07:22:19,431 [85df8eb1-77a9-48e2-b795-4ce99b081c64@group-D4572DC721BA-FollowerState] INFO  impl.RoleInfo (RoleInfo.java:shutdownFollowerState(110)) - 85df8eb1-77a9-48e2-b795-4ce99b081c64: shutdown 85df8eb1-77a9-48e2-b795-4ce99b081c64@group-D4572DC721BA-FollowerState
2022-07-02 07:22:19,431 [85df8eb1-77a9-48e2-b795-4ce99b081c64@group-D4572DC721BA-FollowerState] INFO  server.RaftServer$Division (RaftServerImpl.java:setRole(299)) - 85df8eb1-77a9-48e2-b795-4ce99b081c64@group-D4572DC721BA: changes role from  FOLLOWER to CANDIDATE at term 0 for changeToCandidate
2022-07-02 07:22:19,459 [85df8eb1-77a9-48e2-b795-4ce99b081c64@group-D4572DC721BA-FollowerState] INFO  server.RaftServerConfigKeys (ConfUtils.java:logGet(46)) - raft.server.leaderelection.pre-vote = false (custom)
2022-07-02 07:22:19,459 [85df8eb1-77a9-48e2-b795-4ce99b081c64@group-D4572DC721BA-FollowerState] INFO  impl.RoleInfo (RoleInfo.java:updateAndGet(139)) - 85df8eb1-77a9-48e2-b795-4ce99b081c64: start 85df8eb1-77a9-48e2-b795-4ce99b081c64@group-D4572DC721BA-LeaderElection26
2022-07-02 07:22:19,460 [c8c7f6e9-7147-4113-9ab5-2be4ccc0fabe@group-D4572DC721BA-LeaderElection25] INFO  impl.LeaderElection (LeaderElection.java:askForVotes(310)) - c8c7f6e9-7147-4113-9ab5-2be4ccc0fabe@group-D4572DC721BA-LeaderElection25 ELECTION round 0: submit vote requests at term 1 for -1: [8384da11-bc81-4aa4-8438-a9cb526b8e6b|rpc:10.1.0.20:41153|priority:0, c8c7f6e9-7147-4113-9ab5-2be4ccc0fabe|rpc:10.1.0.20:43257|priority:1, 85df8eb1-77a9-48e2-b795-4ce99b081c64|rpc:10.1.0.20:33453|priority:0], old=null
2022-07-02 07:22:19,494 [85df8eb1-77a9-48e2-b795-4ce99b081c64@group-D4572DC721BA-LeaderElection26] INFO  impl.LeaderElection (LeaderElection.java:askForVotes(310)) - 85df8eb1-77a9-48e2-b795-4ce99b081c64@group-D4572DC721BA-LeaderElection26 ELECTION round 0: submit vote requests at term 1 for -1: [8384da11-bc81-4aa4-8438-a9cb526b8e6b|rpc:10.1.0.20:41153|dataStream:|priority:0, c8c7f6e9-7147-4113-9ab5-2be4ccc0fabe|rpc:10.1.0.20:43257|dataStream:|priority:1, 85df8eb1-77a9-48e2-b795-4ce99b081c64|rpc:10.1.0.20:33453|dataStream:|priority:0], old=null
2022-07-02 07:22:19,588 [grpc-default-executor-2] INFO  server.RaftServer$Division (RaftServerImpl.java:requestVote(1152)) - 8384da11-bc81-4aa4-8438-a9cb526b8e6b@group-D4572DC721BA: receive requestVote(ELECTION, 85df8eb1-77a9-48e2-b795-4ce99b081c64, group-D4572DC721BA, 1, (t:0, i:0))
2022-07-02 07:22:19,588 [grpc-default-executor-2] INFO  impl.VoteContext (VoteContext.java:log(48)) - 8384da11-bc81-4aa4-8438-a9cb526b8e6b@group-D4572DC721BA-FOLLOWER: accept ELECTION from 85df8eb1-77a9-48e2-b795-4ce99b081c64: our priority 0 <= candidate's priority 0
2022-07-02 07:22:19,588 [grpc-default-executor-2] INFO  server.RaftServer$Division (RaftServerImpl.java:setRole(299)) - 8384da11-bc81-4aa4-8438-a9cb526b8e6b@group-D4572DC721BA: changes role from  FOLLOWER to FOLLOWER at term 1 for candidate:85df8eb1-77a9-48e2-b795-4ce99b081c64
2022-07-02 07:22:19,588 [grpc-default-executor-2] INFO  impl.RoleInfo (RoleInfo.java:shutdownFollowerState(110)) - 8384da11-bc81-4aa4-8438-a9cb526b8e6b: shutdown 8384da11-bc81-4aa4-8438-a9cb526b8e6b@group-D4572DC721BA-FollowerState
2022-07-02 07:22:19,588 [grpc-default-executor-2] INFO  impl.RoleInfo (RoleInfo.java:updateAndGet(139)) - 8384da11-bc81-4aa4-8438-a9cb526b8e6b: start 8384da11-bc81-4aa4-8438-a9cb526b8e6b@group-D4572DC721BA-FollowerState
2022-07-02 07:22:19,589 [8384da11-bc81-4aa4-8438-a9cb526b8e6b@group-D4572DC721BA-FollowerState] INFO  impl.FollowerState (FollowerState.java:run(152)) - 8384da11-bc81-4aa4-8438-a9cb526b8e6b@group-D4572DC721BA-FollowerState was interrupted
2022-07-02 07:22:19,596 [grpc-default-executor-2] INFO  server.RaftServer$Division (RaftServerImpl.java:requestVote(1184)) - 8384da11-bc81-4aa4-8438-a9cb526b8e6b@group-D4572DC721BA replies to ELECTION vote request: 85df8eb1-77a9-48e2-b795-4ce99b081c64<-8384da11-bc81-4aa4-8438-a9cb526b8e6b#0:OK-t1. Peer's state: 8384da11-bc81-4aa4-8438-a9cb526b8e6b@group-D4572DC721BA:t1, leader=null, voted=85df8eb1-77a9-48e2-b795-4ce99b081c64, raftlog=8384da11-bc81-4aa4-8438-a9cb526b8e6b@group-D4572DC721BA-SegmentedRaftLog:OPENED:c-1, conf=-1: [8384da11-bc81-4aa4-8438-a9cb526b8e6b|rpc:10.1.0.20:41153|priority:0, c8c7f6e9-7147-4113-9ab5-2be4ccc0fabe|rpc:10.1.0.20:43257|priority:1, 85df8eb1-77a9-48e2-b795-4ce99b081c64|rpc:10.1.0.20:33453|priority:0], old=null
2022-07-02 07:22:19,653 [grpc-default-executor-1] INFO  server.RaftServer$Division (RaftServerImpl.java:requestVote(1152)) - 8384da11-bc81-4aa4-8438-a9cb526b8e6b@group-D4572DC721BA: receive requestVote(ELECTION, c8c7f6e9-7147-4113-9ab5-2be4ccc0fabe, group-D4572DC721BA, 1, (t:0, i:0))
2022-07-02 07:22:19,698 [grpc-default-executor-1] INFO  impl.VoteContext (VoteContext.java:log(48)) - 8384da11-bc81-4aa4-8438-a9cb526b8e6b@group-D4572DC721BA-FOLLOWER: reject ELECTION from c8c7f6e9-7147-4113-9ab5-2be4ccc0fabe: already has voted for 85df8eb1-77a9-48e2-b795-4ce99b081c64 at current term 1
2022-07-02 07:22:19,698 [grpc-default-executor-1] INFO  server.RaftServer$Division (RaftServerImpl.java:requestVote(1184)) - 8384da11-bc81-4aa4-8438-a9cb526b8e6b@group-D4572DC721BA replies to ELECTION vote request: c8c7f6e9-7147-4113-9ab5-2be4ccc0fabe<-8384da11-bc81-4aa4-8438-a9cb526b8e6b#0:FAIL-t1. Peer's state: 8384da11-bc81-4aa4-8438-a9cb526b8e6b@group-D4572DC721BA:t1, leader=null, voted=85df8eb1-77a9-48e2-b795-4ce99b081c64, raftlog=8384da11-bc81-4aa4-8438-a9cb526b8e6b@group-D4572DC721BA-SegmentedRaftLog:OPENED:c-1, conf=-1: [8384da11-bc81-4aa4-8438-a9cb526b8e6b|rpc:10.1.0.20:41153|priority:0, c8c7f6e9-7147-4113-9ab5-2be4ccc0fabe|rpc:10.1.0.20:43257|priority:1, 85df8eb1-77a9-48e2-b795-4ce99b081c64|rpc:10.1.0.20:33453|priority:0], old=null
2022-07-02 07:22:19,705 [grpc-default-executor-1] INFO  server.RaftServer$Division (RaftServerImpl.java:requestVote(1152)) - 85df8eb1-77a9-48e2-b795-4ce99b081c64@group-D4572DC721BA: receive requestVote(ELECTION, c8c7f6e9-7147-4113-9ab5-2be4ccc0fabe, group-D4572DC721BA, 1, (t:0, i:0))
2022-07-02 07:22:19,705 [grpc-default-executor-1] INFO  impl.VoteContext (VoteContext.java:log(48)) - 85df8eb1-77a9-48e2-b795-4ce99b081c64@group-D4572DC721BA-CANDIDATE: reject ELECTION from c8c7f6e9-7147-4113-9ab5-2be4ccc0fabe: already has voted for 85df8eb1-77a9-48e2-b795-4ce99b081c64 at current term 1
2022-07-02 07:22:19,705 [grpc-default-executor-1] INFO  server.RaftServer$Division (RaftServerImpl.java:requestVote(1184)) - 85df8eb1-77a9-48e2-b795-4ce99b081c64@group-D4572DC721BA replies to ELECTION vote request: c8c7f6e9-7147-4113-9ab5-2be4ccc0fabe<-85df8eb1-77a9-48e2-b795-4ce99b081c64#0:FAIL-t1. Peer's state: 85df8eb1-77a9-48e2-b795-4ce99b081c64@group-D4572DC721BA:t1, leader=null, voted=85df8eb1-77a9-48e2-b795-4ce99b081c64, raftlog=85df8eb1-77a9-48e2-b795-4ce99b081c64@group-D4572DC721BA-SegmentedRaftLog:OPENED:c-1, conf=-1: [8384da11-bc81-4aa4-8438-a9cb526b8e6b|rpc:10.1.0.20:41153|dataStream:|priority:0, c8c7f6e9-7147-4113-9ab5-2be4ccc0fabe|rpc:10.1.0.20:43257|dataStream:|priority:1, 85df8eb1-77a9-48e2-b795-4ce99b081c64|rpc:10.1.0.20:33453|dataStream:|priority:0], old=null
2022-07-02 07:22:19,719 [Time-limited test] INFO  rpc.RpcClient (RpcClient.java:createVolume(466)) - Creating Volume: volume47745, with user36700 as owner and space quota set to -1 bytes, counts quota set to -1
2022-07-02 07:22:19,721 [IPC Server handler 3 on default port 38347] INFO  volume.OMVolumeCreateRequest (OMVolumeCreateRequest.java:validateAndUpdateCache(195)) - created volume:volume47745 for user:user36700
2022-07-02 07:22:19,740 [grpc-default-executor-0] INFO  server.RaftServer$Division (RaftServerImpl.java:requestVote(1152)) - c8c7f6e9-7147-4113-9ab5-2be4ccc0fabe@group-D4572DC721BA: receive requestVote(ELECTION, 85df8eb1-77a9-48e2-b795-4ce99b081c64, group-D4572DC721BA, 1, (t:0, i:0))
2022-07-02 07:22:19,740 [grpc-default-executor-0] INFO  impl.VoteContext (VoteContext.java:log(48)) - c8c7f6e9-7147-4113-9ab5-2be4ccc0fabe@group-D4572DC721BA-CANDIDATE: reject ELECTION from 85df8eb1-77a9-48e2-b795-4ce99b081c64: already has voted for c8c7f6e9-7147-4113-9ab5-2be4ccc0fabe at current term 1
2022-07-02 07:22:19,740 [grpc-default-executor-0] INFO  server.RaftServer$Division (RaftServerImpl.java:requestVote(1184)) - c8c7f6e9-7147-4113-9ab5-2be4ccc0fabe@group-D4572DC721BA replies to ELECTION vote request: 85df8eb1-77a9-48e2-b795-4ce99b081c64<-c8c7f6e9-7147-4113-9ab5-2be4ccc0fabe#0:FAIL-t1. Peer's state: c8c7f6e9-7147-4113-9ab5-2be4ccc0fabe@group-D4572DC721BA:t1, leader=null, voted=c8c7f6e9-7147-4113-9ab5-2be4ccc0fabe, raftlog=c8c7f6e9-7147-4113-9ab5-2be4ccc0fabe@group-D4572DC721BA-SegmentedRaftLog:OPENED:c-1, conf=-1: [8384da11-bc81-4aa4-8438-a9cb526b8e6b|rpc:10.1.0.20:41153|priority:0, c8c7f6e9-7147-4113-9ab5-2be4ccc0fabe|rpc:10.1.0.20:43257|priority:1, 85df8eb1-77a9-48e2-b795-4ce99b081c64|rpc:10.1.0.20:33453|priority:0], old=null
2022-07-02 07:22:19,746 [c8c7f6e9-7147-4113-9ab5-2be4ccc0fabe@group-D4572DC721BA-LeaderElection25] INFO  impl.LeaderElection (LeaderElection.java:logAndReturn(90)) - c8c7f6e9-7147-4113-9ab5-2be4ccc0fabe@group-D4572DC721BA-LeaderElection25: ELECTION REJECTED received 2 response(s) and 0 exception(s):
2022-07-02 07:22:19,746 [c8c7f6e9-7147-4113-9ab5-2be4ccc0fabe@group-D4572DC721BA-LeaderElection25] INFO  impl.LeaderElection (LeaderElection.java:logAndReturn(94)) -   Response 0: c8c7f6e9-7147-4113-9ab5-2be4ccc0fabe<-8384da11-bc81-4aa4-8438-a9cb526b8e6b#0:FAIL-t1
2022-07-02 07:22:19,746 [c8c7f6e9-7147-4113-9ab5-2be4ccc0fabe@group-D4572DC721BA-LeaderElection25] INFO  impl.LeaderElection (LeaderElection.java:logAndReturn(94)) -   Response 1: c8c7f6e9-7147-4113-9ab5-2be4ccc0fabe<-85df8eb1-77a9-48e2-b795-4ce99b081c64#0:FAIL-t1
2022-07-02 07:22:19,746 [c8c7f6e9-7147-4113-9ab5-2be4ccc0fabe@group-D4572DC721BA-LeaderElection25] INFO  impl.LeaderElection (LeaderElection.java:askForVotes(312)) - c8c7f6e9-7147-4113-9ab5-2be4ccc0fabe@group-D4572DC721BA-LeaderElection25 ELECTION round 0: result REJECTED
2022-07-02 07:22:19,746 [c8c7f6e9-7147-4113-9ab5-2be4ccc0fabe@group-D4572DC721BA-LeaderElection25] INFO  server.RaftServer$Division (RaftServerImpl.java:setRole(299)) - c8c7f6e9-7147-4113-9ab5-2be4ccc0fabe@group-D4572DC721BA: changes role from CANDIDATE to FOLLOWER at term 1 for REJECTED
2022-07-02 07:22:19,746 [c8c7f6e9-7147-4113-9ab5-2be4ccc0fabe@group-D4572DC721BA-LeaderElection25] INFO  impl.RoleInfo (RoleInfo.java:shutdownLeaderElection(130)) - c8c7f6e9-7147-4113-9ab5-2be4ccc0fabe: shutdown c8c7f6e9-7147-4113-9ab5-2be4ccc0fabe@group-D4572DC721BA-LeaderElection25
2022-07-02 07:22:19,746 [c8c7f6e9-7147-4113-9ab5-2be4ccc0fabe@group-D4572DC721BA-LeaderElection25] INFO  impl.RoleInfo (RoleInfo.java:updateAndGet(139)) - c8c7f6e9-7147-4113-9ab5-2be4ccc0fabe: start c8c7f6e9-7147-4113-9ab5-2be4ccc0fabe@group-D4572DC721BA-FollowerState
2022-07-02 07:22:19,760 [Time-limited test] INFO  rpc.RpcClient (RpcClient.java:createBucket(669)) - Creating Bucket: volume47745/bucket89607, with bucket layout LEGACY, runner as owner, Versioning false, Storage Type set to DISK and Encryption set to false 
2022-07-02 07:22:19,775 [85df8eb1-77a9-48e2-b795-4ce99b081c64@group-D4572DC721BA-LeaderElection26] INFO  impl.LeaderElection (LeaderElection.java:logAndReturn(90)) - 85df8eb1-77a9-48e2-b795-4ce99b081c64@group-D4572DC721BA-LeaderElection26: ELECTION REJECTED received 2 response(s) and 0 exception(s):
2022-07-02 07:22:19,775 [85df8eb1-77a9-48e2-b795-4ce99b081c64@group-D4572DC721BA-LeaderElection26] INFO  impl.LeaderElection (LeaderElection.java:logAndReturn(94)) -   Response 0: 85df8eb1-77a9-48e2-b795-4ce99b081c64<-8384da11-bc81-4aa4-8438-a9cb526b8e6b#0:OK-t1
2022-07-02 07:22:19,775 [85df8eb1-77a9-48e2-b795-4ce99b081c64@group-D4572DC721BA-LeaderElection26] INFO  impl.LeaderElection (LeaderElection.java:logAndReturn(94)) -   Response 1: 85df8eb1-77a9-48e2-b795-4ce99b081c64<-c8c7f6e9-7147-4113-9ab5-2be4ccc0fabe#0:FAIL-t1
2022-07-02 07:22:19,775 [85df8eb1-77a9-48e2-b795-4ce99b081c64@group-D4572DC721BA-LeaderElection26] INFO  impl.LeaderElection (LeaderElection.java:askForVotes(312)) - 85df8eb1-77a9-48e2-b795-4ce99b081c64@group-D4572DC721BA-LeaderElection26 ELECTION round 0: result REJECTED
2022-07-02 07:22:19,776 [85df8eb1-77a9-48e2-b795-4ce99b081c64@group-D4572DC721BA-LeaderElection26] INFO  server.RaftServer$Division (RaftServerImpl.java:setRole(299)) - 85df8eb1-77a9-48e2-b795-4ce99b081c64@group-D4572DC721BA: changes role from CANDIDATE to FOLLOWER at term 1 for REJECTED
2022-07-02 07:22:19,776 [85df8eb1-77a9-48e2-b795-4ce99b081c64@group-D4572DC721BA-LeaderElection26] INFO  impl.RoleInfo (RoleInfo.java:shutdownLeaderElection(130)) - 85df8eb1-77a9-48e2-b795-4ce99b081c64: shutdown 85df8eb1-77a9-48e2-b795-4ce99b081c64@group-D4572DC721BA-LeaderElection26
2022-07-02 07:22:19,776 [85df8eb1-77a9-48e2-b795-4ce99b081c64@group-D4572DC721BA-LeaderElection26] INFO  impl.RoleInfo (RoleInfo.java:updateAndGet(139)) - 85df8eb1-77a9-48e2-b795-4ce99b081c64: start 85df8eb1-77a9-48e2-b795-4ce99b081c64@group-D4572DC721BA-FollowerState
2022-07-02 07:22:19,780 [IPC Server handler 6 on default port 38347] INFO  bucket.OMBucketCreateRequest (OMBucketCreateRequest.java:validateAndUpdateCache(260)) - created bucket: bucket89607 of layout LEGACY in volume: volume47745
2022-07-02 07:22:19,872 [IPC Server handler 3 on default port 41987] INFO  ha.SequenceIdGenerator (SequenceIdGenerator.java:getNextId(127)) - Allocate a batch for containerId, change lastId from 0 to 1000.
2022-07-02 07:22:19,873 [IPC Server handler 3 on default port 41987] WARN  ha.SequenceIdGenerator (SequenceIdGenerator.java:allocateBatch(235)) - Failed to allocate a batch for localId, expected lastId is 0, actual lastId is 109611004723200000.
2022-07-02 07:22:19,873 [IPC Server handler 3 on default port 41987] INFO  ha.SequenceIdGenerator (SequenceIdGenerator.java:getNextId(127)) - Allocate a batch for localId, change lastId from 109611004723200000 to 109611004723201000.
07:22:19.898 [IPC Server handler 17 on default port 38347] ERROR OMAudit - user=runner | ip=127.0.0.1 | op=GET_FILE_STATUS {volume=volume47745, bucket=bucket89607, key=dir682/file1, dataSize=0, replicationConfig=null} | ret=FAILURE
org.apache.hadoop.ozone.om.exceptions.OMException: Unable to get file status: volume: volume47745 bucket: bucket89607 key: dir682/file1
	at org.apache.hadoop.ozone.om.KeyManagerImpl.getOzoneFileStatus(KeyManagerImpl.java:1311) ~[ozone-manager-1.3.0-SNAPSHOT.jar:?]
	at org.apache.hadoop.ozone.om.KeyManagerImpl.getFileStatus(KeyManagerImpl.java:1241) ~[ozone-manager-1.3.0-SNAPSHOT.jar:?]
	at org.apache.hadoop.ozone.om.OzoneManager.getFileStatus(OzoneManager.java:3419) ~[ozone-manager-1.3.0-SNAPSHOT.jar:?]
	at org.apache.hadoop.ozone.protocolPB.OzoneManagerRequestHandler.getOzoneFileStatus(OzoneManagerRequestHandler.java:871) ~[ozone-manager-1.3.0-SNAPSHOT.jar:?]
	at org.apache.hadoop.ozone.protocolPB.OzoneManagerRequestHandler.handleReadRequest(OzoneManagerRequestHandler.java:217) ~[ozone-manager-1.3.0-SNAPSHOT.jar:?]
	at org.apache.hadoop.ozone.protocolPB.OzoneManagerProtocolServerSideTranslatorPB.submitRequestDirectlyToOM(OzoneManagerProtocolServerSideTranslatorPB.java:276) ~[ozone-manager-1.3.0-SNAPSHOT.jar:?]
	at org.apache.hadoop.ozone.protocolPB.OzoneManagerProtocolServerSideTranslatorPB.processRequest(OzoneManagerProtocolServerSideTranslatorPB.java:205) ~[ozone-manager-1.3.0-SNAPSHOT.jar:?]
	at org.apache.hadoop.hdds.server.OzoneProtocolMessageDispatcher.processRequest(OzoneProtocolMessageDispatcher.java:87) [hdds-server-framework-1.3.0-SNAPSHOT.jar:?]
	at org.apache.hadoop.ozone.protocolPB.OzoneManagerProtocolServerSideTranslatorPB.submitRequest(OzoneManagerProtocolServerSideTranslatorPB.java:147) [ozone-manager-1.3.0-SNAPSHOT.jar:?]
	at org.apache.hadoop.ozone.protocol.proto.OzoneManagerProtocolProtos$OzoneManagerService$2.callBlockingMethod(OzoneManagerProtocolProtos.java) [ozone-interface-client-1.3.0-SNAPSHOT.jar:?]
	at org.apache.hadoop.ipc.ProtobufRpcEngine$Server.processCall(ProtobufRpcEngine.java:466) [hadoop-common-3.3.1.jar:?]
	at org.apache.hadoop.ipc.ProtobufRpcEngine2$Server$ProtoBufRpcInvoker.call(ProtobufRpcEngine2.java:574) [hadoop-common-3.3.1.jar:?]
	at org.apache.hadoop.ipc.ProtobufRpcEngine2$Server$ProtoBufRpcInvoker.call(ProtobufRpcEngine2.java:552) [hadoop-common-3.3.1.jar:?]
	at org.apache.hadoop.ipc.RPC$Server.call(RPC.java:1093) [hadoop-common-3.3.1.jar:?]
	at org.apache.hadoop.ipc.Server$RpcCall.run(Server.java:1035) [hadoop-common-3.3.1.jar:?]
	at org.apache.hadoop.ipc.Server$RpcCall.run(Server.java:963) [hadoop-common-3.3.1.jar:?]
	at java.security.AccessController.doPrivileged(Native Method) ~[?:1.8.0_332]
	at javax.security.auth.Subject.doAs(Subject.java:422) [?:1.8.0_332]
	at org.apache.hadoop.security.UserGroupInformation.doAs(UserGroupInformation.java:1878) [hadoop-common-3.3.1.jar:?]
	at org.apache.hadoop.ipc.Server$Handler.run(Server.java:2966) [hadoop-common-3.3.1.jar:?]
]]></system-out>
  </testcase>
  <testcase name="testRenameFile" classname="TestRootedOzoneFileSystem" time="0.322">
    <system-out><![CDATA[2022-07-02 07:22:43,901 [Listener at 127.0.0.1/38347] INFO  ozone.MiniOzoneClusterImpl (MiniOzoneClusterImpl.java:shutdown(460)) - Shutting down the Mini Ozone Cluster
2022-07-02 07:22:43,901 [Listener at 127.0.0.1/38347] INFO  ozone.MiniOzoneClusterImpl (MiniOzoneClusterImpl.java:stop(475)) - Stopping the Mini Ozone Cluster
2022-07-02 07:22:43,901 [Listener at 127.0.0.1/38347] INFO  ozone.MiniOzoneClusterImpl (MiniOzoneClusterImpl.java:stopOM(557)) - Stopping the OzoneManager
2022-07-02 07:22:43,901 [Listener at 127.0.0.1/38347] INFO  om.OzoneManager (OzoneManager.java:stop(2020)) - om1[localhost:0]: Stopping Ozone Manager
2022-07-02 07:22:43,901 [Listener at 127.0.0.1/38347] INFO  ipc.Server (Server.java:stop(3414)) - Stopping server on 38347
2022-07-02 07:22:43,919 [IPC Server listener on 0] INFO  ipc.Server (Server.java:run(1376)) - Stopping IPC Server listener on 0
2022-07-02 07:22:43,928 [Listener at 127.0.0.1/38347] INFO  ratis.OzoneManagerDoubleBuffer (OzoneManagerDoubleBuffer.java:stop(465)) - Stopping OMDoubleBuffer flush thread
2022-07-02 07:22:43,928 [IPC Server Responder] INFO  ipc.Server (Server.java:run(1512)) - Stopping IPC Server Responder
2022-07-02 07:22:43,929 [OMDoubleBufferFlushThread] INFO  ratis.OzoneManagerDoubleBuffer (OzoneManagerDoubleBuffer.java:flushTransactions(385)) - OMDoubleBuffer flush thread OMDoubleBufferFlushThread is interrupted and will exit.
2022-07-02 07:22:43,929 [Listener at 127.0.0.1/38347] INFO  utils.BackgroundService (BackgroundService.java:shutdown(132)) - Shutting down service KeyDeletingService
2022-07-02 07:22:43,929 [Listener at 127.0.0.1/38347] INFO  utils.BackgroundService (BackgroundService.java:shutdown(132)) - Shutting down service DirectoryDeletingService
2022-07-02 07:22:43,929 [Listener at 127.0.0.1/38347] INFO  utils.BackgroundService (BackgroundService.java:shutdown(132)) - Shutting down service OpenKeyCleanupService
2022-07-02 07:22:43,930 [Listener at 127.0.0.1/38347] INFO  handler.ContextHandler (ContextHandler.java:doStop(1153)) - Stopped o.e.j.w.WebAppContext@7cb7004{ozoneManager,/,null,STOPPED}{file:/home/runner/work/ozone/ozone/hadoop-ozone/integration-test/target/test-classes/webapps/ozoneManager}
2022-07-02 07:22:43,931 [Listener at 127.0.0.1/38347] INFO  server.AbstractConnector (AbstractConnector.java:doStop(381)) - Stopped ServerConnector@4447188d{HTTP/1.1, (http/1.1)}{0.0.0.0:0}
2022-07-02 07:22:43,932 [Listener at 127.0.0.1/38347] INFO  server.session (HouseKeeper.java:stopScavenging(149)) - node0 Stopped scavenging
2022-07-02 07:22:43,932 [Listener at 127.0.0.1/38347] INFO  handler.ContextHandler (ContextHandler.java:doStop(1153)) - Stopped o.e.j.s.ServletContextHandler@310c1bad{static,/static,file:///home/runner/work/ozone/ozone/hadoop-ozone/integration-test/target/test-classes/webapps/static,STOPPED}
2022-07-02 07:22:43,932 [Listener at 127.0.0.1/38347] INFO  handler.ContextHandler (ContextHandler.java:doStop(1153)) - Stopped o.e.j.s.ServletContextHandler@114ec5cf{logs,/logs,file:///home/runner/work/ozone/ozone/hadoop-ozone/integration-test/target/log,STOPPED}
2022-07-02 07:22:43,941 [Trash Emptier] ERROR util.ExitUtils (ExitUtils.java:terminate(133)) - Terminating with exit status -1: Thread[Trash Emptier,5,main] has thrown an uncaught exception
java.lang.UnsupportedOperationException: fs.getUri() not implemented in TrashOzoneFileSystem
	at org.apache.hadoop.ozone.om.TrashOzoneFileSystem.getUri(TrashOzoneFileSystem.java:126)
	at org.apache.hadoop.fs.FileSystem.close(FileSystem.java:2592)
	at org.apache.hadoop.ozone.om.TrashPolicyOzone$Emptier.run(TrashPolicyOzone.java:243)
	at java.lang.Thread.run(Thread.java:750)
2022-07-02 07:22:43,947 [Listener at 127.0.0.1/38347] INFO  ozone.MiniOzoneClusterImpl (MiniOzoneClusterImpl.java:stopDatanodes(534)) - Stopping the HddsDatanodes
2022-07-02 07:22:48,952 [Listener at 127.0.0.1/38347] INFO  ozoneimpl.OzoneContainer (OzoneContainer.java:stop(365)) - Attempting to stop container services.
2022-07-02 07:22:48,952 [Listener at 127.0.0.1/38347] INFO  server.RaftServer (RaftServerProxy.java:lambda$close$7(398)) - c8c7f6e9-7147-4113-9ab5-2be4ccc0fabe: close
2022-07-02 07:22:48,953 [Listener at 127.0.0.1/38347] INFO  server.RaftServer$Division (RaftServerImpl.java:lambda$close$4(434)) - c8c7f6e9-7147-4113-9ab5-2be4ccc0fabe@group-D4572DC721BA: shutdown
2022-07-02 07:22:48,953 [Listener at 127.0.0.1/38347] INFO  util.JmxRegister (JmxRegister.java:unregister(73)) - Successfully un-registered JMX Bean with object name Ratis:service=RaftServer,group=group-D4572DC721BA,id=c8c7f6e9-7147-4113-9ab5-2be4ccc0fabe
2022-07-02 07:22:48,953 [Listener at 127.0.0.1/38347] INFO  impl.RoleInfo (RoleInfo.java:shutdownLeaderState(93)) - c8c7f6e9-7147-4113-9ab5-2be4ccc0fabe: shutdown c8c7f6e9-7147-4113-9ab5-2be4ccc0fabe@group-D4572DC721BA-LeaderStateImpl
2022-07-02 07:22:48,953 [Listener at 127.0.0.1/38347] INFO  impl.PendingRequests (PendingRequests.java:sendNotLeaderResponses(282)) - c8c7f6e9-7147-4113-9ab5-2be4ccc0fabe@group-D4572DC721BA-PendingRequests: sendNotLeaderResponses
2022-07-02 07:22:48,954 [c8c7f6e9-7147-4113-9ab5-2be4ccc0fabe@group-D4572DC721BA->8384da11-bc81-4aa4-8438-a9cb526b8e6b-GrpcLogAppender-LogAppenderDaemon] WARN  server.GrpcLogAppender (GrpcLogAppender.java:mayWait(171)) - c8c7f6e9-7147-4113-9ab5-2be4ccc0fabe@group-D4572DC721BA->8384da11-bc81-4aa4-8438-a9cb526b8e6b-GrpcLogAppender: Wait interrupted by java.lang.InterruptedException
2022-07-02 07:22:48,954 [c8c7f6e9-7147-4113-9ab5-2be4ccc0fabe@group-D4572DC721BA->85df8eb1-77a9-48e2-b795-4ce99b081c64-GrpcLogAppender-LogAppenderDaemon] WARN  server.GrpcLogAppender (GrpcLogAppender.java:mayWait(171)) - c8c7f6e9-7147-4113-9ab5-2be4ccc0fabe@group-D4572DC721BA->85df8eb1-77a9-48e2-b795-4ce99b081c64-GrpcLogAppender: Wait interrupted by java.lang.InterruptedException
2022-07-02 07:22:48,955 [c8c7f6e9-7147-4113-9ab5-2be4ccc0fabe@group-D4572DC721BA-StateMachineUpdater] INFO  ratis.ContainerStateMachine (ContainerStateMachine.java:takeSnapshot(304)) - group-D4572DC721BA: Taking a snapshot at:(t:2, i:0) file /home/runner/work/ozone/ozone/hadoop-ozone/integration-test/target/test-dir/MiniOzoneClusterImpl-2091899c-1ec3-4d3e-95df-d9e62105ac7a/datanode-2/data/ratis/ae62c9d3-ca9c-4617-85c0-d4572dc721ba/sm/snapshot.2_0
2022-07-02 07:22:48,955 [grpc-default-executor-4] INFO  server.GrpcServerProtocolService (GrpcServerProtocolService.java:onCompleted(140)) - 8384da11-bc81-4aa4-8438-a9cb526b8e6b: Completed APPEND_ENTRIES, lastRequest: c8c7f6e9-7147-4113-9ab5-2be4ccc0fabe->8384da11-bc81-4aa4-8438-a9cb526b8e6b#1-t2,previous=(t:0, i:0),leaderCommit=-1,initializing? true,entries: size=1, first=(t:2, i:0), CONFIGURATIONENTRY
2022-07-02 07:22:48,955 [Listener at 127.0.0.1/38347] INFO  impl.StateMachineUpdater (StateMachineUpdater.java:stopAndJoin(153)) - c8c7f6e9-7147-4113-9ab5-2be4ccc0fabe@group-D4572DC721BA-StateMachineUpdater: set stopIndex = 0
2022-07-02 07:22:48,955 [grpc-default-executor-1] INFO  server.GrpcServerProtocolService (GrpcServerProtocolService.java:onCompleted(140)) - 85df8eb1-77a9-48e2-b795-4ce99b081c64: Completed APPEND_ENTRIES, lastRequest: c8c7f6e9-7147-4113-9ab5-2be4ccc0fabe->85df8eb1-77a9-48e2-b795-4ce99b081c64#1-t2,previous=(t:0, i:0),leaderCommit=-1,initializing? true,entries: size=1, first=(t:2, i:0), CONFIGURATIONENTRY
2022-07-02 07:22:48,957 [grpc-default-executor-2] INFO  server.GrpcLogAppender (GrpcLogAppender.java:onCompleted(339)) - c8c7f6e9-7147-4113-9ab5-2be4ccc0fabe@group-D4572DC721BA->85df8eb1-77a9-48e2-b795-4ce99b081c64-AppendLogResponseHandler: follower responses appendEntries COMPLETED
2022-07-02 07:22:48,957 [grpc-default-executor-2] INFO  leader.FollowerInfo (FollowerInfoImpl.java:lambda$new$0(48)) - c8c7f6e9-7147-4113-9ab5-2be4ccc0fabe@group-D4572DC721BA->85df8eb1-77a9-48e2-b795-4ce99b081c64: nextIndex: updateUnconditionally 1 -> 0
2022-07-02 07:22:48,957 [grpc-default-executor-2] INFO  server.GrpcLogAppender (GrpcLogAppender.java:onCompleted(339)) - c8c7f6e9-7147-4113-9ab5-2be4ccc0fabe@group-D4572DC721BA->8384da11-bc81-4aa4-8438-a9cb526b8e6b-AppendLogResponseHandler: follower responses appendEntries COMPLETED
2022-07-02 07:22:48,957 [grpc-default-executor-2] INFO  leader.FollowerInfo (FollowerInfoImpl.java:lambda$new$0(48)) - c8c7f6e9-7147-4113-9ab5-2be4ccc0fabe@group-D4572DC721BA->8384da11-bc81-4aa4-8438-a9cb526b8e6b: nextIndex: updateUnconditionally 1 -> 0
2022-07-02 07:22:48,957 [c8c7f6e9-7147-4113-9ab5-2be4ccc0fabe@group-D4572DC721BA-StateMachineUpdater] INFO  ratis.ContainerStateMachine (ContainerStateMachine.java:takeSnapshot(315)) - group-D4572DC721BA: Finished taking a snapshot at:(t:2, i:0) file:/home/runner/work/ozone/ozone/hadoop-ozone/integration-test/target/test-dir/MiniOzoneClusterImpl-2091899c-1ec3-4d3e-95df-d9e62105ac7a/datanode-2/data/ratis/ae62c9d3-ca9c-4617-85c0-d4572dc721ba/sm/snapshot.2_0 took: 2 ms
2022-07-02 07:22:48,957 [c8c7f6e9-7147-4113-9ab5-2be4ccc0fabe@group-D4572DC721BA-StateMachineUpdater] INFO  impl.StateMachineUpdater (StateMachineUpdater.java:takeSnapshot(287)) - c8c7f6e9-7147-4113-9ab5-2be4ccc0fabe@group-D4572DC721BA-StateMachineUpdater: Took a snapshot at index 0
2022-07-02 07:22:48,957 [c8c7f6e9-7147-4113-9ab5-2be4ccc0fabe@group-D4572DC721BA-StateMachineUpdater] INFO  impl.StateMachineUpdater (StateMachineUpdater.java:lambda$new$0(92)) - c8c7f6e9-7147-4113-9ab5-2be4ccc0fabe@group-D4572DC721BA-StateMachineUpdater: snapshotIndex: updateIncreasingly -1 -> 0
2022-07-02 07:22:48,958 [Listener at 127.0.0.1/38347] INFO  server.RaftServer$Division (ServerState.java:close(429)) - c8c7f6e9-7147-4113-9ab5-2be4ccc0fabe@group-D4572DC721BA: closes. applyIndex: 0
2022-07-02 07:22:48,958 [c8c7f6e9-7147-4113-9ab5-2be4ccc0fabe@group-D4572DC721BA-SegmentedRaftLogWorker] INFO  segmented.SegmentedRaftLogWorker (SegmentedRaftLogWorker.java:run(336)) - c8c7f6e9-7147-4113-9ab5-2be4ccc0fabe@group-D4572DC721BA-SegmentedRaftLogWorker was interrupted, exiting. There are 0 tasks remaining in the queue.
2022-07-02 07:22:48,958 [Listener at 127.0.0.1/38347] INFO  segmented.SegmentedRaftLogWorker (SegmentedRaftLogWorker.java:close(246)) - c8c7f6e9-7147-4113-9ab5-2be4ccc0fabe@group-D4572DC721BA-SegmentedRaftLogWorker close()
2022-07-02 07:22:48,960 [Listener at 127.0.0.1/38347] INFO  server.RaftServer$Division (RaftServerImpl.java:lambda$close$4(434)) - c8c7f6e9-7147-4113-9ab5-2be4ccc0fabe@group-4947C190D023: shutdown
2022-07-02 07:22:48,960 [Listener at 127.0.0.1/38347] INFO  util.JmxRegister (JmxRegister.java:unregister(73)) - Successfully un-registered JMX Bean with object name Ratis:service=RaftServer,group=group-4947C190D023,id=c8c7f6e9-7147-4113-9ab5-2be4ccc0fabe
2022-07-02 07:22:48,960 [Listener at 127.0.0.1/38347] INFO  impl.RoleInfo (RoleInfo.java:shutdownFollowerState(110)) - c8c7f6e9-7147-4113-9ab5-2be4ccc0fabe: shutdown c8c7f6e9-7147-4113-9ab5-2be4ccc0fabe@group-4947C190D023-FollowerState
2022-07-02 07:22:48,960 [c8c7f6e9-7147-4113-9ab5-2be4ccc0fabe@group-4947C190D023-FollowerState] INFO  impl.FollowerState (FollowerState.java:run(152)) - c8c7f6e9-7147-4113-9ab5-2be4ccc0fabe@group-4947C190D023-FollowerState was interrupted
2022-07-02 07:22:48,961 [Listener at 127.0.0.1/38347] INFO  impl.StateMachineUpdater (StateMachineUpdater.java:stopAndJoin(153)) - c8c7f6e9-7147-4113-9ab5-2be4ccc0fabe@group-4947C190D023-StateMachineUpdater: set stopIndex = 32
2022-07-02 07:22:48,961 [c8c7f6e9-7147-4113-9ab5-2be4ccc0fabe@group-4947C190D023-StateMachineUpdater] INFO  ratis.ContainerStateMachine (ContainerStateMachine.java:takeSnapshot(304)) - group-4947C190D023: Taking a snapshot at:(t:1, i:32) file /home/runner/work/ozone/ozone/hadoop-ozone/integration-test/target/test-dir/MiniOzoneClusterImpl-2091899c-1ec3-4d3e-95df-d9e62105ac7a/datanode-2/data/ratis/4c386858-29cc-4ec6-a20f-4947c190d023/sm/snapshot.1_32
2022-07-02 07:22:48,965 [c8c7f6e9-7147-4113-9ab5-2be4ccc0fabe@group-4947C190D023-StateMachineUpdater] INFO  ratis.ContainerStateMachine (ContainerStateMachine.java:takeSnapshot(315)) - group-4947C190D023: Finished taking a snapshot at:(t:1, i:32) file:/home/runner/work/ozone/ozone/hadoop-ozone/integration-test/target/test-dir/MiniOzoneClusterImpl-2091899c-1ec3-4d3e-95df-d9e62105ac7a/datanode-2/data/ratis/4c386858-29cc-4ec6-a20f-4947c190d023/sm/snapshot.1_32 took: 4 ms
2022-07-02 07:22:48,965 [c8c7f6e9-7147-4113-9ab5-2be4ccc0fabe@group-4947C190D023-StateMachineUpdater] INFO  impl.StateMachineUpdater (StateMachineUpdater.java:takeSnapshot(287)) - c8c7f6e9-7147-4113-9ab5-2be4ccc0fabe@group-4947C190D023-StateMachineUpdater: Took a snapshot at index 32
2022-07-02 07:22:48,965 [c8c7f6e9-7147-4113-9ab5-2be4ccc0fabe@group-4947C190D023-StateMachineUpdater] INFO  impl.StateMachineUpdater (StateMachineUpdater.java:lambda$new$0(92)) - c8c7f6e9-7147-4113-9ab5-2be4ccc0fabe@group-4947C190D023-StateMachineUpdater: snapshotIndex: updateIncreasingly -1 -> 32
2022-07-02 07:22:48,966 [Listener at 127.0.0.1/38347] INFO  server.RaftServer$Division (ServerState.java:close(429)) - c8c7f6e9-7147-4113-9ab5-2be4ccc0fabe@group-4947C190D023: closes. applyIndex: 32
2022-07-02 07:22:48,966 [c8c7f6e9-7147-4113-9ab5-2be4ccc0fabe@group-4947C190D023-SegmentedRaftLogWorker] INFO  segmented.SegmentedRaftLogWorker (SegmentedRaftLogWorker.java:run(336)) - c8c7f6e9-7147-4113-9ab5-2be4ccc0fabe@group-4947C190D023-SegmentedRaftLogWorker was interrupted, exiting. There are 0 tasks remaining in the queue.
2022-07-02 07:22:48,982 [Listener at 127.0.0.1/38347] INFO  segmented.SegmentedRaftLogWorker (SegmentedRaftLogWorker.java:close(246)) - c8c7f6e9-7147-4113-9ab5-2be4ccc0fabe@group-4947C190D023-SegmentedRaftLogWorker close()
2022-07-02 07:22:48,983 [Listener at 127.0.0.1/38347] INFO  server.RaftServer$Division (RaftServerImpl.java:lambda$close$4(434)) - c8c7f6e9-7147-4113-9ab5-2be4ccc0fabe@group-32831628082B: shutdown
2022-07-02 07:22:48,983 [Listener at 127.0.0.1/38347] INFO  util.JmxRegister (JmxRegister.java:unregister(73)) - Successfully un-registered JMX Bean with object name Ratis:service=RaftServer,group=group-32831628082B,id=c8c7f6e9-7147-4113-9ab5-2be4ccc0fabe
2022-07-02 07:22:48,983 [Listener at 127.0.0.1/38347] INFO  impl.RoleInfo (RoleInfo.java:shutdownLeaderState(93)) - c8c7f6e9-7147-4113-9ab5-2be4ccc0fabe: shutdown c8c7f6e9-7147-4113-9ab5-2be4ccc0fabe@group-32831628082B-LeaderStateImpl
2022-07-02 07:22:48,984 [Listener at 127.0.0.1/38347] INFO  impl.PendingRequests (PendingRequests.java:sendNotLeaderResponses(282)) - c8c7f6e9-7147-4113-9ab5-2be4ccc0fabe@group-32831628082B-PendingRequests: sendNotLeaderResponses
2022-07-02 07:22:48,984 [Listener at 127.0.0.1/38347] INFO  impl.StateMachineUpdater (StateMachineUpdater.java:stopAndJoin(153)) - c8c7f6e9-7147-4113-9ab5-2be4ccc0fabe@group-32831628082B-StateMachineUpdater: set stopIndex = 0
2022-07-02 07:22:48,985 [c8c7f6e9-7147-4113-9ab5-2be4ccc0fabe@group-32831628082B-StateMachineUpdater] INFO  ratis.ContainerStateMachine (ContainerStateMachine.java:takeSnapshot(304)) - group-32831628082B: Taking a snapshot at:(t:1, i:0) file /home/runner/work/ozone/ozone/hadoop-ozone/integration-test/target/test-dir/MiniOzoneClusterImpl-2091899c-1ec3-4d3e-95df-d9e62105ac7a/datanode-2/data/ratis/e2a0edc7-d6ff-4f44-99c8-32831628082b/sm/snapshot.1_0
2022-07-02 07:22:48,986 [c8c7f6e9-7147-4113-9ab5-2be4ccc0fabe@group-32831628082B-StateMachineUpdater] INFO  ratis.ContainerStateMachine (ContainerStateMachine.java:takeSnapshot(315)) - group-32831628082B: Finished taking a snapshot at:(t:1, i:0) file:/home/runner/work/ozone/ozone/hadoop-ozone/integration-test/target/test-dir/MiniOzoneClusterImpl-2091899c-1ec3-4d3e-95df-d9e62105ac7a/datanode-2/data/ratis/e2a0edc7-d6ff-4f44-99c8-32831628082b/sm/snapshot.1_0 took: 1 ms
2022-07-02 07:22:48,986 [c8c7f6e9-7147-4113-9ab5-2be4ccc0fabe@group-32831628082B-StateMachineUpdater] INFO  impl.StateMachineUpdater (StateMachineUpdater.java:takeSnapshot(287)) - c8c7f6e9-7147-4113-9ab5-2be4ccc0fabe@group-32831628082B-StateMachineUpdater: Took a snapshot at index 0
2022-07-02 07:22:48,986 [c8c7f6e9-7147-4113-9ab5-2be4ccc0fabe@group-32831628082B-StateMachineUpdater] INFO  impl.StateMachineUpdater (StateMachineUpdater.java:lambda$new$0(92)) - c8c7f6e9-7147-4113-9ab5-2be4ccc0fabe@group-32831628082B-StateMachineUpdater: snapshotIndex: updateIncreasingly -1 -> 0
2022-07-02 07:22:48,986 [Listener at 127.0.0.1/38347] INFO  server.RaftServer$Division (ServerState.java:close(429)) - c8c7f6e9-7147-4113-9ab5-2be4ccc0fabe@group-32831628082B: closes. applyIndex: 0
2022-07-02 07:22:48,987 [c8c7f6e9-7147-4113-9ab5-2be4ccc0fabe@group-32831628082B-SegmentedRaftLogWorker] INFO  segmented.SegmentedRaftLogWorker (SegmentedRaftLogWorker.java:run(336)) - c8c7f6e9-7147-4113-9ab5-2be4ccc0fabe@group-32831628082B-SegmentedRaftLogWorker was interrupted, exiting. There are 0 tasks remaining in the queue.
2022-07-02 07:22:48,988 [Listener at 127.0.0.1/38347] INFO  segmented.SegmentedRaftLogWorker (SegmentedRaftLogWorker.java:close(246)) - c8c7f6e9-7147-4113-9ab5-2be4ccc0fabe@group-32831628082B-SegmentedRaftLogWorker close()
2022-07-02 07:22:48,989 [ForkJoinPool.commonPool-worker-0] INFO  ozoneimpl.OzoneContainer (OzoneContainer.java:stop(365)) - Attempting to stop container services.
2022-07-02 07:22:48,989 [ForkJoinPool.commonPool-worker-0] INFO  server.RaftServer (RaftServerProxy.java:lambda$close$7(398)) - 85df8eb1-77a9-48e2-b795-4ce99b081c64: close
2022-07-02 07:22:48,989 [ForkJoinPool.commonPool-worker-0] INFO  server.RaftServer$Division (RaftServerImpl.java:lambda$close$4(434)) - 85df8eb1-77a9-48e2-b795-4ce99b081c64@group-D4572DC721BA: shutdown
2022-07-02 07:22:48,989 [ForkJoinPool.commonPool-worker-0] INFO  util.JmxRegister (JmxRegister.java:unregister(73)) - Successfully un-registered JMX Bean with object name Ratis:service=RaftServer,group=group-D4572DC721BA,id=85df8eb1-77a9-48e2-b795-4ce99b081c64
2022-07-02 07:22:48,990 [ForkJoinPool.commonPool-worker-0] INFO  impl.RoleInfo (RoleInfo.java:shutdownFollowerState(110)) - 85df8eb1-77a9-48e2-b795-4ce99b081c64: shutdown 85df8eb1-77a9-48e2-b795-4ce99b081c64@group-D4572DC721BA-FollowerState
2022-07-02 07:22:48,990 [ForkJoinPool.commonPool-worker-0] INFO  impl.StateMachineUpdater (StateMachineUpdater.java:stopAndJoin(153)) - 85df8eb1-77a9-48e2-b795-4ce99b081c64@group-D4572DC721BA-StateMachineUpdater: set stopIndex = 0
2022-07-02 07:22:48,990 [85df8eb1-77a9-48e2-b795-4ce99b081c64@group-D4572DC721BA-FollowerState] INFO  impl.FollowerState (FollowerState.java:run(152)) - 85df8eb1-77a9-48e2-b795-4ce99b081c64@group-D4572DC721BA-FollowerState was interrupted
2022-07-02 07:22:48,990 [85df8eb1-77a9-48e2-b795-4ce99b081c64@group-D4572DC721BA-StateMachineUpdater] INFO  ratis.ContainerStateMachine (ContainerStateMachine.java:takeSnapshot(304)) - group-D4572DC721BA: Taking a snapshot at:(t:2, i:0) file /home/runner/work/ozone/ozone/hadoop-ozone/integration-test/target/test-dir/MiniOzoneClusterImpl-2091899c-1ec3-4d3e-95df-d9e62105ac7a/datanode-1/data/ratis/ae62c9d3-ca9c-4617-85c0-d4572dc721ba/sm/snapshot.2_0
2022-07-02 07:22:49,005 [85df8eb1-77a9-48e2-b795-4ce99b081c64@group-D4572DC721BA-StateMachineUpdater] INFO  ratis.ContainerStateMachine (ContainerStateMachine.java:takeSnapshot(315)) - group-D4572DC721BA: Finished taking a snapshot at:(t:2, i:0) file:/home/runner/work/ozone/ozone/hadoop-ozone/integration-test/target/test-dir/MiniOzoneClusterImpl-2091899c-1ec3-4d3e-95df-d9e62105ac7a/datanode-1/data/ratis/ae62c9d3-ca9c-4617-85c0-d4572dc721ba/sm/snapshot.2_0 took: 15 ms
2022-07-02 07:22:49,005 [85df8eb1-77a9-48e2-b795-4ce99b081c64@group-D4572DC721BA-StateMachineUpdater] INFO  impl.StateMachineUpdater (StateMachineUpdater.java:takeSnapshot(287)) - 85df8eb1-77a9-48e2-b795-4ce99b081c64@group-D4572DC721BA-StateMachineUpdater: Took a snapshot at index 0
2022-07-02 07:22:49,005 [85df8eb1-77a9-48e2-b795-4ce99b081c64@group-D4572DC721BA-StateMachineUpdater] INFO  impl.StateMachineUpdater (StateMachineUpdater.java:lambda$new$0(92)) - 85df8eb1-77a9-48e2-b795-4ce99b081c64@group-D4572DC721BA-StateMachineUpdater: snapshotIndex: updateIncreasingly -1 -> 0
2022-07-02 07:22:49,007 [ForkJoinPool.commonPool-worker-0] INFO  server.RaftServer$Division (ServerState.java:close(429)) - 85df8eb1-77a9-48e2-b795-4ce99b081c64@group-D4572DC721BA: closes. applyIndex: 0
2022-07-02 07:22:49,010 [85df8eb1-77a9-48e2-b795-4ce99b081c64@group-D4572DC721BA-SegmentedRaftLogWorker] INFO  segmented.SegmentedRaftLogWorker (SegmentedRaftLogWorker.java:run(336)) - 85df8eb1-77a9-48e2-b795-4ce99b081c64@group-D4572DC721BA-SegmentedRaftLogWorker was interrupted, exiting. There are 0 tasks remaining in the queue.
2022-07-02 07:22:49,011 [ForkJoinPool.commonPool-worker-0] INFO  segmented.SegmentedRaftLogWorker (SegmentedRaftLogWorker.java:close(246)) - 85df8eb1-77a9-48e2-b795-4ce99b081c64@group-D4572DC721BA-SegmentedRaftLogWorker close()
2022-07-02 07:22:49,013 [Listener at 127.0.0.1/38347] INFO  server.GrpcService (GrpcService.java:closeImpl(269)) - c8c7f6e9-7147-4113-9ab5-2be4ccc0fabe: shutdown server with port 43257 now
2022-07-02 07:22:49,014 [ForkJoinPool.commonPool-worker-0] INFO  server.RaftServer$Division (RaftServerImpl.java:lambda$close$4(434)) - 85df8eb1-77a9-48e2-b795-4ce99b081c64@group-4947C190D023: shutdown
2022-07-02 07:22:49,014 [ForkJoinPool.commonPool-worker-0] INFO  util.JmxRegister (JmxRegister.java:unregister(73)) - Successfully un-registered JMX Bean with object name Ratis:service=RaftServer,group=group-4947C190D023,id=85df8eb1-77a9-48e2-b795-4ce99b081c64
2022-07-02 07:22:49,014 [ForkJoinPool.commonPool-worker-0] INFO  impl.RoleInfo (RoleInfo.java:shutdownFollowerState(110)) - 85df8eb1-77a9-48e2-b795-4ce99b081c64: shutdown 85df8eb1-77a9-48e2-b795-4ce99b081c64@group-4947C190D023-FollowerState
2022-07-02 07:22:49,015 [ForkJoinPool.commonPool-worker-0] INFO  impl.StateMachineUpdater (StateMachineUpdater.java:stopAndJoin(153)) - 85df8eb1-77a9-48e2-b795-4ce99b081c64@group-4947C190D023-StateMachineUpdater: set stopIndex = 32
2022-07-02 07:22:49,015 [85df8eb1-77a9-48e2-b795-4ce99b081c64@group-4947C190D023-FollowerState] INFO  impl.FollowerState (FollowerState.java:run(152)) - 85df8eb1-77a9-48e2-b795-4ce99b081c64@group-4947C190D023-FollowerState was interrupted
2022-07-02 07:22:49,015 [85df8eb1-77a9-48e2-b795-4ce99b081c64@group-4947C190D023-StateMachineUpdater] INFO  ratis.ContainerStateMachine (ContainerStateMachine.java:takeSnapshot(304)) - group-4947C190D023: Taking a snapshot at:(t:1, i:32) file /home/runner/work/ozone/ozone/hadoop-ozone/integration-test/target/test-dir/MiniOzoneClusterImpl-2091899c-1ec3-4d3e-95df-d9e62105ac7a/datanode-1/data/ratis/4c386858-29cc-4ec6-a20f-4947c190d023/sm/snapshot.1_32
2022-07-02 07:22:49,015 [grpc-default-executor-1] WARN  server.GrpcServerProtocolService (LogUtils.java:warn(122)) - c8c7f6e9-7147-4113-9ab5-2be4ccc0fabe: installSnapshot onError, lastRequest: 8384da11-bc81-4aa4-8438-a9cb526b8e6b->c8c7f6e9-7147-4113-9ab5-2be4ccc0fabe#718-t1,previous=(t:1, i:31),leaderCommit=30,initializing? true,entries: size=1, first=(t:1, i:32), METADATAENTRY(c:30): org.apache.ratis.thirdparty.io.grpc.StatusRuntimeException: CANCELLED: client cancelled
2022-07-02 07:22:49,017 [grpc-default-executor-2] WARN  server.GrpcLogAppender (LogUtils.java:warn(122)) - 8384da11-bc81-4aa4-8438-a9cb526b8e6b@group-4947C190D023->c8c7f6e9-7147-4113-9ab5-2be4ccc0fabe-AppendLogResponseHandler: Failed appendEntries: org.apache.ratis.thirdparty.io.grpc.StatusRuntimeException: CANCELLED: RST_STREAM closed stream. HTTP/2 error code: CANCEL
2022-07-02 07:22:49,018 [grpc-default-executor-2] INFO  leader.FollowerInfo (FollowerInfoImpl.java:lambda$new$0(48)) - 8384da11-bc81-4aa4-8438-a9cb526b8e6b@group-4947C190D023->c8c7f6e9-7147-4113-9ab5-2be4ccc0fabe: nextIndex: updateUnconditionally 33 -> 32
2022-07-02 07:22:49,027 [grpc-default-executor-1] WARN  server.GrpcLogAppender (LogUtils.java:warn(122)) - 8384da11-bc81-4aa4-8438-a9cb526b8e6b@group-4947C190D023->c8c7f6e9-7147-4113-9ab5-2be4ccc0fabe-AppendLogResponseHandler: Failed appendEntries: org.apache.ratis.thirdparty.io.grpc.StatusRuntimeException: UNAVAILABLE: io exception
2022-07-02 07:22:49,028 [grpc-default-executor-1] INFO  leader.FollowerInfo (FollowerInfoImpl.java:lambda$new$0(48)) - 8384da11-bc81-4aa4-8438-a9cb526b8e6b@group-4947C190D023->c8c7f6e9-7147-4113-9ab5-2be4ccc0fabe: nextIndex: updateUnconditionally 33 -> 32
2022-07-02 07:22:49,044 [85df8eb1-77a9-48e2-b795-4ce99b081c64@group-4947C190D023-StateMachineUpdater] INFO  ratis.ContainerStateMachine (ContainerStateMachine.java:takeSnapshot(315)) - group-4947C190D023: Finished taking a snapshot at:(t:1, i:32) file:/home/runner/work/ozone/ozone/hadoop-ozone/integration-test/target/test-dir/MiniOzoneClusterImpl-2091899c-1ec3-4d3e-95df-d9e62105ac7a/datanode-1/data/ratis/4c386858-29cc-4ec6-a20f-4947c190d023/sm/snapshot.1_32 took: 29 ms
2022-07-02 07:22:49,044 [85df8eb1-77a9-48e2-b795-4ce99b081c64@group-4947C190D023-StateMachineUpdater] INFO  impl.StateMachineUpdater (StateMachineUpdater.java:takeSnapshot(287)) - 85df8eb1-77a9-48e2-b795-4ce99b081c64@group-4947C190D023-StateMachineUpdater: Took a snapshot at index 32
2022-07-02 07:22:49,045 [85df8eb1-77a9-48e2-b795-4ce99b081c64@group-4947C190D023-StateMachineUpdater] INFO  impl.StateMachineUpdater (StateMachineUpdater.java:lambda$new$0(92)) - 85df8eb1-77a9-48e2-b795-4ce99b081c64@group-4947C190D023-StateMachineUpdater: snapshotIndex: updateIncreasingly -1 -> 32
2022-07-02 07:22:49,049 [ForkJoinPool.commonPool-worker-0] INFO  server.RaftServer$Division (ServerState.java:close(429)) - 85df8eb1-77a9-48e2-b795-4ce99b081c64@group-4947C190D023: closes. applyIndex: 32
2022-07-02 07:22:49,049 [85df8eb1-77a9-48e2-b795-4ce99b081c64@group-4947C190D023-SegmentedRaftLogWorker] INFO  segmented.SegmentedRaftLogWorker (SegmentedRaftLogWorker.java:run(336)) - 85df8eb1-77a9-48e2-b795-4ce99b081c64@group-4947C190D023-SegmentedRaftLogWorker was interrupted, exiting. There are 0 tasks remaining in the queue.
2022-07-02 07:22:49,058 [ForkJoinPool.commonPool-worker-0] INFO  segmented.SegmentedRaftLogWorker (SegmentedRaftLogWorker.java:close(246)) - 85df8eb1-77a9-48e2-b795-4ce99b081c64@group-4947C190D023-SegmentedRaftLogWorker close()
2022-07-02 07:22:49,059 [ForkJoinPool.commonPool-worker-0] INFO  server.RaftServer$Division (RaftServerImpl.java:lambda$close$4(434)) - 85df8eb1-77a9-48e2-b795-4ce99b081c64@group-1EFF544401F8: shutdown
2022-07-02 07:22:49,060 [ForkJoinPool.commonPool-worker-0] INFO  util.JmxRegister (JmxRegister.java:unregister(73)) - Successfully un-registered JMX Bean with object name Ratis:service=RaftServer,group=group-1EFF544401F8,id=85df8eb1-77a9-48e2-b795-4ce99b081c64
2022-07-02 07:22:49,060 [ForkJoinPool.commonPool-worker-0] INFO  impl.RoleInfo (RoleInfo.java:shutdownLeaderState(93)) - 85df8eb1-77a9-48e2-b795-4ce99b081c64: shutdown 85df8eb1-77a9-48e2-b795-4ce99b081c64@group-1EFF544401F8-LeaderStateImpl
2022-07-02 07:22:49,060 [ForkJoinPool.commonPool-worker-0] INFO  impl.PendingRequests (PendingRequests.java:sendNotLeaderResponses(282)) - 85df8eb1-77a9-48e2-b795-4ce99b081c64@group-1EFF544401F8-PendingRequests: sendNotLeaderResponses
2022-07-02 07:22:49,072 [ForkJoinPool.commonPool-worker-0] INFO  impl.StateMachineUpdater (StateMachineUpdater.java:stopAndJoin(153)) - 85df8eb1-77a9-48e2-b795-4ce99b081c64@group-1EFF544401F8-StateMachineUpdater: set stopIndex = 0
2022-07-02 07:22:49,073 [85df8eb1-77a9-48e2-b795-4ce99b081c64@group-1EFF544401F8-StateMachineUpdater] INFO  ratis.ContainerStateMachine (ContainerStateMachine.java:takeSnapshot(304)) - group-1EFF544401F8: Taking a snapshot at:(t:1, i:0) file /home/runner/work/ozone/ozone/hadoop-ozone/integration-test/target/test-dir/MiniOzoneClusterImpl-2091899c-1ec3-4d3e-95df-d9e62105ac7a/datanode-1/data/ratis/9bf07b7f-b26a-4686-9302-1eff544401f8/sm/snapshot.1_0
2022-07-02 07:22:49,073 [85df8eb1-77a9-48e2-b795-4ce99b081c64@group-1EFF544401F8-StateMachineUpdater] INFO  ratis.ContainerStateMachine (ContainerStateMachine.java:takeSnapshot(315)) - group-1EFF544401F8: Finished taking a snapshot at:(t:1, i:0) file:/home/runner/work/ozone/ozone/hadoop-ozone/integration-test/target/test-dir/MiniOzoneClusterImpl-2091899c-1ec3-4d3e-95df-d9e62105ac7a/datanode-1/data/ratis/9bf07b7f-b26a-4686-9302-1eff544401f8/sm/snapshot.1_0 took: 1 ms
2022-07-02 07:22:49,074 [85df8eb1-77a9-48e2-b795-4ce99b081c64@group-1EFF544401F8-StateMachineUpdater] INFO  impl.StateMachineUpdater (StateMachineUpdater.java:takeSnapshot(287)) - 85df8eb1-77a9-48e2-b795-4ce99b081c64@group-1EFF544401F8-StateMachineUpdater: Took a snapshot at index 0
2022-07-02 07:22:49,074 [85df8eb1-77a9-48e2-b795-4ce99b081c64@group-1EFF544401F8-StateMachineUpdater] INFO  impl.StateMachineUpdater (StateMachineUpdater.java:lambda$new$0(92)) - 85df8eb1-77a9-48e2-b795-4ce99b081c64@group-1EFF544401F8-StateMachineUpdater: snapshotIndex: updateIncreasingly -1 -> 0
2022-07-02 07:22:49,074 [ForkJoinPool.commonPool-worker-0] INFO  server.RaftServer$Division (ServerState.java:close(429)) - 85df8eb1-77a9-48e2-b795-4ce99b081c64@group-1EFF544401F8: closes. applyIndex: 0
2022-07-02 07:22:49,074 [85df8eb1-77a9-48e2-b795-4ce99b081c64@group-1EFF544401F8-SegmentedRaftLogWorker] INFO  segmented.SegmentedRaftLogWorker (SegmentedRaftLogWorker.java:run(336)) - 85df8eb1-77a9-48e2-b795-4ce99b081c64@group-1EFF544401F8-SegmentedRaftLogWorker was interrupted, exiting. There are 0 tasks remaining in the queue.
2022-07-02 07:22:49,075 [ForkJoinPool.commonPool-worker-0] INFO  segmented.SegmentedRaftLogWorker (SegmentedRaftLogWorker.java:close(246)) - 85df8eb1-77a9-48e2-b795-4ce99b081c64@group-1EFF544401F8-SegmentedRaftLogWorker close()
2022-07-02 07:22:49,076 [ForkJoinPool.commonPool-worker-0] INFO  server.GrpcService (GrpcService.java:closeImpl(269)) - 85df8eb1-77a9-48e2-b795-4ce99b081c64: shutdown server with port 33453 now
2022-07-02 07:22:49,080 [Listener at 127.0.0.1/38347] INFO  server.GrpcService (GrpcService.java:closeImpl(278)) - c8c7f6e9-7147-4113-9ab5-2be4ccc0fabe: shutdown server with port 43257 successfully
2022-07-02 07:22:49,080 [org.apache.ratis.util.JvmPauseMonitor$$Lambda$611/1072797734@79816f47] INFO  util.JvmPauseMonitor (JvmPauseMonitor.java:run(109)) - JvmPauseMonitor-c8c7f6e9-7147-4113-9ab5-2be4ccc0fabe: Stopped
2022-07-02 07:22:49,097 [grpc-default-executor-2] WARN  server.GrpcServerProtocolService (LogUtils.java:warn(122)) - 85df8eb1-77a9-48e2-b795-4ce99b081c64: installSnapshot onError, lastRequest: 8384da11-bc81-4aa4-8438-a9cb526b8e6b->85df8eb1-77a9-48e2-b795-4ce99b081c64#632-t1,previous=(t:1, i:31),leaderCommit=30,initializing? true,entries: size=1, first=(t:1, i:32), METADATAENTRY(c:30): org.apache.ratis.thirdparty.io.grpc.StatusRuntimeException: CANCELLED: client cancelled
2022-07-02 07:22:49,146 [ForkJoinPool.commonPool-worker-0] INFO  server.GrpcService (GrpcService.java:closeImpl(278)) - 85df8eb1-77a9-48e2-b795-4ce99b081c64: shutdown server with port 33453 successfully
2022-07-02 07:22:49,147 [org.apache.ratis.util.JvmPauseMonitor$$Lambda$611/1072797734@57150bb5] INFO  util.JvmPauseMonitor (JvmPauseMonitor.java:run(109)) - JvmPauseMonitor-85df8eb1-77a9-48e2-b795-4ce99b081c64: Stopped
2022-07-02 07:22:49,147 [grpc-default-executor-1] WARN  server.GrpcLogAppender (LogUtils.java:warn(122)) - 8384da11-bc81-4aa4-8438-a9cb526b8e6b@group-4947C190D023->85df8eb1-77a9-48e2-b795-4ce99b081c64-AppendLogResponseHandler: Failed appendEntries: org.apache.ratis.thirdparty.io.grpc.StatusRuntimeException: CANCELLED: RST_STREAM closed stream. HTTP/2 error code: CANCEL
2022-07-02 07:22:49,147 [grpc-default-executor-1] INFO  leader.FollowerInfo (FollowerInfoImpl.java:lambda$new$0(48)) - 8384da11-bc81-4aa4-8438-a9cb526b8e6b@group-4947C190D023->85df8eb1-77a9-48e2-b795-4ce99b081c64: nextIndex: updateUnconditionally 33 -> 32
2022-07-02 07:22:49,188 [grpc-default-executor-2] WARN  server.GrpcLogAppender (LogUtils.java:warn(122)) - 8384da11-bc81-4aa4-8438-a9cb526b8e6b@group-4947C190D023->85df8eb1-77a9-48e2-b795-4ce99b081c64-AppendLogResponseHandler: Failed appendEntries: org.apache.ratis.thirdparty.io.grpc.StatusRuntimeException: UNAVAILABLE: io exception
2022-07-02 07:22:49,189 [grpc-default-executor-2] INFO  leader.FollowerInfo (FollowerInfoImpl.java:lambda$new$0(48)) - 8384da11-bc81-4aa4-8438-a9cb526b8e6b@group-4947C190D023->85df8eb1-77a9-48e2-b795-4ce99b081c64: nextIndex: updateUnconditionally 33 -> 32
2022-07-02 07:22:49,964 [grpc-default-executor-2] WARN  server.GrpcLogAppender (LogUtils.java:warn(122)) - 8384da11-bc81-4aa4-8438-a9cb526b8e6b@group-4947C190D023->85df8eb1-77a9-48e2-b795-4ce99b081c64-AppendLogResponseHandler: Failed appendEntries: org.apache.ratis.thirdparty.io.grpc.StatusRuntimeException: UNAVAILABLE: io exception
2022-07-02 07:22:49,965 [grpc-default-executor-2] INFO  leader.FollowerInfo (FollowerInfoImpl.java:lambda$new$0(48)) - 8384da11-bc81-4aa4-8438-a9cb526b8e6b@group-4947C190D023->85df8eb1-77a9-48e2-b795-4ce99b081c64: nextIndex: updateUnconditionally 33 -> 32
2022-07-02 07:22:49,985 [grpc-default-executor-2] WARN  server.GrpcLogAppender (LogUtils.java:warn(122)) - 8384da11-bc81-4aa4-8438-a9cb526b8e6b@group-4947C190D023->c8c7f6e9-7147-4113-9ab5-2be4ccc0fabe-AppendLogResponseHandler: Failed appendEntries: org.apache.ratis.thirdparty.io.grpc.StatusRuntimeException: UNAVAILABLE: io exception
2022-07-02 07:22:49,985 [grpc-default-executor-2] INFO  leader.FollowerInfo (FollowerInfoImpl.java:lambda$new$0(48)) - 8384da11-bc81-4aa4-8438-a9cb526b8e6b@group-4947C190D023->c8c7f6e9-7147-4113-9ab5-2be4ccc0fabe: nextIndex: updateUnconditionally 33 -> 32
2022-07-02 07:22:51,215 [grpc-default-executor-2] WARN  server.GrpcLogAppender (LogUtils.java:warn(122)) - 8384da11-bc81-4aa4-8438-a9cb526b8e6b@group-4947C190D023->85df8eb1-77a9-48e2-b795-4ce99b081c64-AppendLogResponseHandler: Failed appendEntries: org.apache.ratis.thirdparty.io.grpc.StatusRuntimeException: UNAVAILABLE: io exception
2022-07-02 07:22:51,215 [grpc-default-executor-2] INFO  leader.FollowerInfo (FollowerInfoImpl.java:lambda$new$0(48)) - 8384da11-bc81-4aa4-8438-a9cb526b8e6b@group-4947C190D023->85df8eb1-77a9-48e2-b795-4ce99b081c64: nextIndex: updateUnconditionally 33 -> 32
2022-07-02 07:22:51,256 [grpc-default-executor-2] WARN  server.GrpcLogAppender (LogUtils.java:warn(122)) - 8384da11-bc81-4aa4-8438-a9cb526b8e6b@group-4947C190D023->c8c7f6e9-7147-4113-9ab5-2be4ccc0fabe-AppendLogResponseHandler: Failed appendEntries: org.apache.ratis.thirdparty.io.grpc.StatusRuntimeException: UNAVAILABLE: io exception
2022-07-02 07:22:51,257 [grpc-default-executor-2] INFO  leader.FollowerInfo (FollowerInfoImpl.java:lambda$new$0(48)) - 8384da11-bc81-4aa4-8438-a9cb526b8e6b@group-4947C190D023->c8c7f6e9-7147-4113-9ab5-2be4ccc0fabe: nextIndex: updateUnconditionally 33 -> 32
2022-07-02 07:22:51,258 [Listener at 127.0.0.1/38347] INFO  utils.BackgroundService (BackgroundService.java:shutdown(132)) - Shutting down service BlockDeletingService
2022-07-02 07:22:51,329 [ForkJoinPool.commonPool-worker-0] INFO  utils.BackgroundService (BackgroundService.java:shutdown(132)) - Shutting down service BlockDeletingService
2022-07-02 07:22:52,465 [grpc-default-executor-2] WARN  server.GrpcLogAppender (LogUtils.java:warn(122)) - 8384da11-bc81-4aa4-8438-a9cb526b8e6b@group-4947C190D023->85df8eb1-77a9-48e2-b795-4ce99b081c64-AppendLogResponseHandler: Failed appendEntries: org.apache.ratis.thirdparty.io.grpc.StatusRuntimeException: UNAVAILABLE: io exception
2022-07-02 07:22:52,466 [grpc-default-executor-2] INFO  leader.FollowerInfo (FollowerInfoImpl.java:lambda$new$0(48)) - 8384da11-bc81-4aa4-8438-a9cb526b8e6b@group-4947C190D023->85df8eb1-77a9-48e2-b795-4ce99b081c64: nextIndex: updateUnconditionally 33 -> 32
2022-07-02 07:22:52,497 [grpc-default-executor-2] WARN  server.GrpcLogAppender (LogUtils.java:warn(122)) - 8384da11-bc81-4aa4-8438-a9cb526b8e6b@group-4947C190D023->c8c7f6e9-7147-4113-9ab5-2be4ccc0fabe-AppendLogResponseHandler: Failed appendEntries: org.apache.ratis.thirdparty.io.grpc.StatusRuntimeException: UNAVAILABLE: io exception
2022-07-02 07:22:52,497 [grpc-default-executor-2] INFO  leader.FollowerInfo (FollowerInfoImpl.java:lambda$new$0(48)) - 8384da11-bc81-4aa4-8438-a9cb526b8e6b@group-4947C190D023->c8c7f6e9-7147-4113-9ab5-2be4ccc0fabe: nextIndex: updateUnconditionally 33 -> 32
2022-07-02 07:22:53,314 [8384da11-bc81-4aa4-8438-a9cb526b8e6b@group-4947C190D023-LeaderStateImpl] WARN  server.RaftServer$Division (LeaderStateImpl.java:checkLeadership(1018)) - 8384da11-bc81-4aa4-8438-a9cb526b8e6b@group-4947C190D023-LeaderStateImpl: Lost leadership on term: 1. Election timeout: 5200ms. In charge for: 34303ms. Conf: 0: [8384da11-bc81-4aa4-8438-a9cb526b8e6b|rpc:10.1.0.20:41153|dataStream:|priority:1, c8c7f6e9-7147-4113-9ab5-2be4ccc0fabe|rpc:10.1.0.20:43257|dataStream:|priority:0, 85df8eb1-77a9-48e2-b795-4ce99b081c64|rpc:10.1.0.20:33453|dataStream:|priority:0], old=null
2022-07-02 07:22:53,314 [8384da11-bc81-4aa4-8438-a9cb526b8e6b@group-4947C190D023-LeaderStateImpl] WARN  server.RaftServer$Division (LeaderStateImpl.java:lambda$checkLeadership$17(1022)) - Follower 8384da11-bc81-4aa4-8438-a9cb526b8e6b@group-4947C190D023->c8c7f6e9-7147-4113-9ab5-2be4ccc0fabe(c32,m32,n32, attendVote=true, lastRpcSendTime=828, lastRpcResponseTime=5830)
2022-07-02 07:22:53,314 [8384da11-bc81-4aa4-8438-a9cb526b8e6b@group-4947C190D023-LeaderStateImpl] WARN  server.RaftServer$Division (LeaderStateImpl.java:lambda$checkLeadership$17(1022)) - Follower 8384da11-bc81-4aa4-8438-a9cb526b8e6b@group-4947C190D023->85df8eb1-77a9-48e2-b795-4ce99b081c64(c32,m32,n32, attendVote=true, lastRpcSendTime=848, lastRpcResponseTime=5851)
2022-07-02 07:22:53,314 [8384da11-bc81-4aa4-8438-a9cb526b8e6b@group-4947C190D023-LeaderStateImpl] INFO  server.RaftServer$Division (RaftServerImpl.java:setRole(299)) - 8384da11-bc81-4aa4-8438-a9cb526b8e6b@group-4947C190D023: changes role from    LEADER to FOLLOWER at term 1 for StepDownReason:LOST_MAJORITY_HEARTBEATS
2022-07-02 07:22:53,314 [8384da11-bc81-4aa4-8438-a9cb526b8e6b@group-4947C190D023-LeaderStateImpl] INFO  impl.RoleInfo (RoleInfo.java:shutdownLeaderState(93)) - 8384da11-bc81-4aa4-8438-a9cb526b8e6b: shutdown 8384da11-bc81-4aa4-8438-a9cb526b8e6b@group-4947C190D023-LeaderStateImpl
2022-07-02 07:22:53,314 [8384da11-bc81-4aa4-8438-a9cb526b8e6b@group-4947C190D023->c8c7f6e9-7147-4113-9ab5-2be4ccc0fabe-GrpcLogAppender-LogAppenderDaemon] WARN  server.GrpcLogAppender (GrpcLogAppender.java:mayWait(171)) - 8384da11-bc81-4aa4-8438-a9cb526b8e6b@group-4947C190D023->c8c7f6e9-7147-4113-9ab5-2be4ccc0fabe-GrpcLogAppender: Wait interrupted by java.lang.InterruptedException
2022-07-02 07:22:53,314 [8384da11-bc81-4aa4-8438-a9cb526b8e6b@group-4947C190D023-LeaderStateImpl] INFO  impl.PendingRequests (PendingRequests.java:sendNotLeaderResponses(282)) - 8384da11-bc81-4aa4-8438-a9cb526b8e6b@group-4947C190D023-PendingRequests: sendNotLeaderResponses
2022-07-02 07:22:53,332 [8384da11-bc81-4aa4-8438-a9cb526b8e6b@group-4947C190D023-LeaderStateImpl] INFO  impl.RoleInfo (RoleInfo.java:updateAndGet(139)) - 8384da11-bc81-4aa4-8438-a9cb526b8e6b: start 8384da11-bc81-4aa4-8438-a9cb526b8e6b@group-4947C190D023-FollowerState
2022-07-02 07:22:53,364 [8384da11-bc81-4aa4-8438-a9cb526b8e6b@group-4947C190D023->85df8eb1-77a9-48e2-b795-4ce99b081c64-GrpcLogAppender-LogAppenderDaemon] WARN  server.GrpcLogAppender (GrpcLogAppender.java:mayWait(171)) - 8384da11-bc81-4aa4-8438-a9cb526b8e6b@group-4947C190D023->85df8eb1-77a9-48e2-b795-4ce99b081c64-GrpcLogAppender: Wait interrupted by java.lang.InterruptedException
2022-07-02 07:22:54,374 [Listener at 127.0.0.1/38347] INFO  statemachine.DatanodeStateMachine (DatanodeStateMachine.java:stopDaemon(580)) - Ozone container server stopped.
2022-07-02 07:22:54,380 [ForkJoinPool.commonPool-worker-0] INFO  statemachine.DatanodeStateMachine (DatanodeStateMachine.java:stopDaemon(580)) - Ozone container server stopped.
2022-07-02 07:22:54,445 [Listener at 127.0.0.1/38347] INFO  handler.ContextHandler (ContextHandler.java:doStop(1153)) - Stopped o.e.j.w.WebAppContext@7827f7f6{hddsDatanode,/,null,STOPPED}{jar:file:/home/runner/.m2/repository/org/apache/ozone/hdds-container-service/1.3.0-SNAPSHOT/hdds-container-service-1.3.0-SNAPSHOT.jar!/webapps/hddsDatanode}
2022-07-02 07:22:54,447 [ForkJoinPool.commonPool-worker-0] INFO  handler.ContextHandler (ContextHandler.java:doStop(1153)) - Stopped o.e.j.w.WebAppContext@64b752c4{hddsDatanode,/,null,STOPPED}{jar:file:/home/runner/.m2/repository/org/apache/ozone/hdds-container-service/1.3.0-SNAPSHOT/hdds-container-service-1.3.0-SNAPSHOT.jar!/webapps/hddsDatanode}
2022-07-02 07:22:54,448 [ForkJoinPool.commonPool-worker-0] INFO  server.AbstractConnector (AbstractConnector.java:doStop(381)) - Stopped ServerConnector@58be6170{HTTP/1.1, (http/1.1)}{0.0.0.0:0}
2022-07-02 07:22:54,448 [ForkJoinPool.commonPool-worker-0] INFO  server.session (HouseKeeper.java:stopScavenging(149)) - node0 Stopped scavenging
2022-07-02 07:22:54,448 [Listener at 127.0.0.1/38347] INFO  server.AbstractConnector (AbstractConnector.java:doStop(381)) - Stopped ServerConnector@493f323d{HTTP/1.1, (http/1.1)}{0.0.0.0:0}
2022-07-02 07:22:54,462 [Listener at 127.0.0.1/38347] INFO  server.session (HouseKeeper.java:stopScavenging(149)) - node0 Stopped scavenging
2022-07-02 07:22:54,462 [Listener at 127.0.0.1/38347] INFO  handler.ContextHandler (ContextHandler.java:doStop(1153)) - Stopped o.e.j.s.ServletContextHandler@3349c89c{static,/static,jar:file:/home/runner/.m2/repository/org/apache/ozone/hdds-container-service/1.3.0-SNAPSHOT/hdds-container-service-1.3.0-SNAPSHOT.jar!/webapps/static,STOPPED}
2022-07-02 07:22:54,463 [Listener at 127.0.0.1/38347] INFO  handler.ContextHandler (ContextHandler.java:doStop(1153)) - Stopped o.e.j.s.ServletContextHandler@65e97fe{logs,/logs,file:///home/runner/work/ozone/ozone/hadoop-ozone/integration-test/target/log,STOPPED}
2022-07-02 07:22:54,449 [ForkJoinPool.commonPool-worker-0] INFO  handler.ContextHandler (ContextHandler.java:doStop(1153)) - Stopped o.e.j.s.ServletContextHandler@196eb27{static,/static,jar:file:/home/runner/.m2/repository/org/apache/ozone/hdds-container-service/1.3.0-SNAPSHOT/hdds-container-service-1.3.0-SNAPSHOT.jar!/webapps/static,STOPPED}
2022-07-02 07:22:54,464 [ForkJoinPool.commonPool-worker-0] INFO  handler.ContextHandler (ContextHandler.java:doStop(1153)) - Stopped o.e.j.s.ServletContextHandler@49d48ff1{logs,/logs,file:///home/runner/work/ozone/ozone/hadoop-ozone/integration-test/target/log,STOPPED}
2022-07-02 07:22:55,446 [8384da11-bc81-4aa4-8438-a9cb526b8e6b@group-D4572DC721BA-FollowerState] INFO  impl.FollowerState (FollowerState.java:run(143)) - 8384da11-bc81-4aa4-8438-a9cb526b8e6b@group-D4572DC721BA-FollowerState: change to CANDIDATE, lastRpcElapsedTime:7254709269ns, electionTimeout:5176ms
2022-07-02 07:22:55,446 [8384da11-bc81-4aa4-8438-a9cb526b8e6b@group-D4572DC721BA-FollowerState] INFO  impl.RoleInfo (RoleInfo.java:shutdownFollowerState(110)) - 8384da11-bc81-4aa4-8438-a9cb526b8e6b: shutdown 8384da11-bc81-4aa4-8438-a9cb526b8e6b@group-D4572DC721BA-FollowerState
2022-07-02 07:22:55,446 [8384da11-bc81-4aa4-8438-a9cb526b8e6b@group-D4572DC721BA-FollowerState] INFO  server.RaftServer$Division (RaftServerImpl.java:setRole(299)) - 8384da11-bc81-4aa4-8438-a9cb526b8e6b@group-D4572DC721BA: changes role from  FOLLOWER to CANDIDATE at term 2 for changeToCandidate
2022-07-02 07:22:55,446 [8384da11-bc81-4aa4-8438-a9cb526b8e6b@group-D4572DC721BA-FollowerState] INFO  server.RaftServerConfigKeys (ConfUtils.java:logGet(46)) - raft.server.leaderelection.pre-vote = false (custom)
2022-07-02 07:22:55,446 [8384da11-bc81-4aa4-8438-a9cb526b8e6b@group-D4572DC721BA-FollowerState] INFO  impl.RoleInfo (RoleInfo.java:updateAndGet(139)) - 8384da11-bc81-4aa4-8438-a9cb526b8e6b: start 8384da11-bc81-4aa4-8438-a9cb526b8e6b@group-D4572DC721BA-LeaderElection32
2022-07-02 07:22:55,508 [8384da11-bc81-4aa4-8438-a9cb526b8e6b@group-D4572DC721BA-LeaderElection32] INFO  server.RaftServer$Division (ServerState.java:setLeader(287)) - 8384da11-bc81-4aa4-8438-a9cb526b8e6b@group-D4572DC721BA: change Leader from c8c7f6e9-7147-4113-9ab5-2be4ccc0fabe to null at term 2 for ELECTION
2022-07-02 07:22:55,512 [8384da11-bc81-4aa4-8438-a9cb526b8e6b@group-D4572DC721BA-LeaderElection32] INFO  impl.LeaderElection (LeaderElection.java:askForVotes(310)) - 8384da11-bc81-4aa4-8438-a9cb526b8e6b@group-D4572DC721BA-LeaderElection32 ELECTION round 0: submit vote requests at term 3 for 0: [8384da11-bc81-4aa4-8438-a9cb526b8e6b|rpc:10.1.0.20:41153|dataStream:|priority:0, c8c7f6e9-7147-4113-9ab5-2be4ccc0fabe|rpc:10.1.0.20:43257|dataStream:|priority:1, 85df8eb1-77a9-48e2-b795-4ce99b081c64|rpc:10.1.0.20:33453|dataStream:|priority:0], old=null
2022-07-02 07:22:55,529 [8384da11-bc81-4aa4-8438-a9cb526b8e6b@group-D4572DC721BA-LeaderElection32] INFO  impl.LeaderElection (LogUtils.java:infoOrTrace(137)) - 8384da11-bc81-4aa4-8438-a9cb526b8e6b@group-D4572DC721BA-LeaderElection32 got exception when requesting votes: java.util.concurrent.ExecutionException: org.apache.ratis.thirdparty.io.grpc.StatusRuntimeException: UNAVAILABLE: io exception
2022-07-02 07:22:55,530 [8384da11-bc81-4aa4-8438-a9cb526b8e6b@group-D4572DC721BA-LeaderElection32] INFO  impl.LeaderElection (LogUtils.java:infoOrTrace(137)) - 8384da11-bc81-4aa4-8438-a9cb526b8e6b@group-D4572DC721BA-LeaderElection32 got exception when requesting votes: java.util.concurrent.ExecutionException: org.apache.ratis.thirdparty.io.grpc.StatusRuntimeException: UNAVAILABLE: io exception
2022-07-02 07:22:55,530 [8384da11-bc81-4aa4-8438-a9cb526b8e6b@group-D4572DC721BA-LeaderElection32] INFO  impl.LeaderElection (LeaderElection.java:logAndReturn(90)) - 8384da11-bc81-4aa4-8438-a9cb526b8e6b@group-D4572DC721BA-LeaderElection32: ELECTION REJECTED received 0 response(s) and 2 exception(s):
2022-07-02 07:22:55,530 [8384da11-bc81-4aa4-8438-a9cb526b8e6b@group-D4572DC721BA-LeaderElection32] INFO  impl.LeaderElection (LogUtils.java:infoOrTrace(137)) -   Exception 0: java.util.concurrent.ExecutionException: org.apache.ratis.thirdparty.io.grpc.StatusRuntimeException: UNAVAILABLE: io exception
2022-07-02 07:22:55,530 [8384da11-bc81-4aa4-8438-a9cb526b8e6b@group-D4572DC721BA-LeaderElection32] INFO  impl.LeaderElection (LogUtils.java:infoOrTrace(137)) -   Exception 1: java.util.concurrent.ExecutionException: org.apache.ratis.thirdparty.io.grpc.StatusRuntimeException: UNAVAILABLE: io exception
2022-07-02 07:22:55,530 [8384da11-bc81-4aa4-8438-a9cb526b8e6b@group-D4572DC721BA-LeaderElection32] INFO  impl.LeaderElection (LeaderElection.java:askForVotes(312)) - 8384da11-bc81-4aa4-8438-a9cb526b8e6b@group-D4572DC721BA-LeaderElection32 ELECTION round 0: result REJECTED
2022-07-02 07:22:55,530 [8384da11-bc81-4aa4-8438-a9cb526b8e6b@group-D4572DC721BA-LeaderElection32] INFO  server.RaftServer$Division (RaftServerImpl.java:setRole(299)) - 8384da11-bc81-4aa4-8438-a9cb526b8e6b@group-D4572DC721BA: changes role from CANDIDATE to FOLLOWER at term 3 for REJECTED
2022-07-02 07:22:55,530 [8384da11-bc81-4aa4-8438-a9cb526b8e6b@group-D4572DC721BA-LeaderElection32] INFO  impl.RoleInfo (RoleInfo.java:shutdownLeaderElection(130)) - 8384da11-bc81-4aa4-8438-a9cb526b8e6b: shutdown 8384da11-bc81-4aa4-8438-a9cb526b8e6b@group-D4572DC721BA-LeaderElection32
2022-07-02 07:22:55,530 [8384da11-bc81-4aa4-8438-a9cb526b8e6b@group-D4572DC721BA-LeaderElection32] INFO  impl.RoleInfo (RoleInfo.java:updateAndGet(139)) - 8384da11-bc81-4aa4-8438-a9cb526b8e6b: start 8384da11-bc81-4aa4-8438-a9cb526b8e6b@group-D4572DC721BA-FollowerState
2022-07-02 07:22:58,424 [8384da11-bc81-4aa4-8438-a9cb526b8e6b@group-4947C190D023-FollowerState] INFO  impl.FollowerState (FollowerState.java:lostMajorityHeartbeatsRecently(108)) - 8384da11-bc81-4aa4-8438-a9cb526b8e6b@group-4947C190D023-FollowerState: Skipping leader election since it stepped down recently (elapsed = 5091ms < waitTime = 10s)
2022-07-02 07:22:59,470 [ForkJoinPool.commonPool-worker-0] INFO  ozoneimpl.OzoneContainer (OzoneContainer.java:stop(365)) - Attempting to stop container services.
2022-07-02 07:22:59,470 [ForkJoinPool.commonPool-worker-0] INFO  server.RaftServer (RaftServerProxy.java:lambda$close$7(398)) - 8384da11-bc81-4aa4-8438-a9cb526b8e6b: close
2022-07-02 07:22:59,471 [ForkJoinPool.commonPool-worker-0] INFO  server.RaftServer$Division (RaftServerImpl.java:lambda$close$4(434)) - 8384da11-bc81-4aa4-8438-a9cb526b8e6b@group-D4572DC721BA: shutdown
2022-07-02 07:22:59,471 [ForkJoinPool.commonPool-worker-0] INFO  util.JmxRegister (JmxRegister.java:unregister(73)) - Successfully un-registered JMX Bean with object name Ratis:service=RaftServer,group=group-D4572DC721BA,id=8384da11-bc81-4aa4-8438-a9cb526b8e6b
2022-07-02 07:22:59,471 [ForkJoinPool.commonPool-worker-0] INFO  impl.RoleInfo (RoleInfo.java:shutdownFollowerState(110)) - 8384da11-bc81-4aa4-8438-a9cb526b8e6b: shutdown 8384da11-bc81-4aa4-8438-a9cb526b8e6b@group-D4572DC721BA-FollowerState
2022-07-02 07:22:59,471 [ForkJoinPool.commonPool-worker-0] INFO  impl.StateMachineUpdater (StateMachineUpdater.java:stopAndJoin(153)) - 8384da11-bc81-4aa4-8438-a9cb526b8e6b@group-D4572DC721BA-StateMachineUpdater: set stopIndex = 0
2022-07-02 07:22:59,471 [8384da11-bc81-4aa4-8438-a9cb526b8e6b@group-D4572DC721BA-FollowerState] INFO  impl.FollowerState (FollowerState.java:run(152)) - 8384da11-bc81-4aa4-8438-a9cb526b8e6b@group-D4572DC721BA-FollowerState was interrupted
2022-07-02 07:22:59,471 [8384da11-bc81-4aa4-8438-a9cb526b8e6b@group-D4572DC721BA-StateMachineUpdater] INFO  ratis.ContainerStateMachine (ContainerStateMachine.java:takeSnapshot(304)) - group-D4572DC721BA: Taking a snapshot at:(t:2, i:0) file /home/runner/work/ozone/ozone/hadoop-ozone/integration-test/target/test-dir/MiniOzoneClusterImpl-2091899c-1ec3-4d3e-95df-d9e62105ac7a/datanode-0/data/ratis/ae62c9d3-ca9c-4617-85c0-d4572dc721ba/sm/snapshot.2_0
2022-07-02 07:22:59,512 [8384da11-bc81-4aa4-8438-a9cb526b8e6b@group-D4572DC721BA-StateMachineUpdater] INFO  ratis.ContainerStateMachine (ContainerStateMachine.java:takeSnapshot(315)) - group-D4572DC721BA: Finished taking a snapshot at:(t:2, i:0) file:/home/runner/work/ozone/ozone/hadoop-ozone/integration-test/target/test-dir/MiniOzoneClusterImpl-2091899c-1ec3-4d3e-95df-d9e62105ac7a/datanode-0/data/ratis/ae62c9d3-ca9c-4617-85c0-d4572dc721ba/sm/snapshot.2_0 took: 40 ms
2022-07-02 07:22:59,512 [8384da11-bc81-4aa4-8438-a9cb526b8e6b@group-D4572DC721BA-StateMachineUpdater] INFO  impl.StateMachineUpdater (StateMachineUpdater.java:takeSnapshot(287)) - 8384da11-bc81-4aa4-8438-a9cb526b8e6b@group-D4572DC721BA-StateMachineUpdater: Took a snapshot at index 0
2022-07-02 07:22:59,512 [8384da11-bc81-4aa4-8438-a9cb526b8e6b@group-D4572DC721BA-StateMachineUpdater] INFO  impl.StateMachineUpdater (StateMachineUpdater.java:lambda$new$0(92)) - 8384da11-bc81-4aa4-8438-a9cb526b8e6b@group-D4572DC721BA-StateMachineUpdater: snapshotIndex: updateIncreasingly -1 -> 0
2022-07-02 07:22:59,516 [ForkJoinPool.commonPool-worker-0] INFO  server.RaftServer$Division (ServerState.java:close(429)) - 8384da11-bc81-4aa4-8438-a9cb526b8e6b@group-D4572DC721BA: closes. applyIndex: 0
2022-07-02 07:22:59,516 [8384da11-bc81-4aa4-8438-a9cb526b8e6b@group-D4572DC721BA-SegmentedRaftLogWorker] INFO  segmented.SegmentedRaftLogWorker (SegmentedRaftLogWorker.java:run(336)) - 8384da11-bc81-4aa4-8438-a9cb526b8e6b@group-D4572DC721BA-SegmentedRaftLogWorker was interrupted, exiting. There are 0 tasks remaining in the queue.
2022-07-02 07:22:59,516 [ForkJoinPool.commonPool-worker-0] INFO  segmented.SegmentedRaftLogWorker (SegmentedRaftLogWorker.java:close(246)) - 8384da11-bc81-4aa4-8438-a9cb526b8e6b@group-D4572DC721BA-SegmentedRaftLogWorker close()
2022-07-02 07:22:59,516 [Listener at 127.0.0.1/38347] INFO  ozoneimpl.OzoneContainer (OzoneContainer.java:stop(365)) - Attempting to stop container services.
2022-07-02 07:22:59,526 [ForkJoinPool.commonPool-worker-0] INFO  server.RaftServer$Division (RaftServerImpl.java:lambda$close$4(434)) - 8384da11-bc81-4aa4-8438-a9cb526b8e6b@group-6C3B98F2AA87: shutdown
2022-07-02 07:22:59,526 [ForkJoinPool.commonPool-worker-0] INFO  util.JmxRegister (JmxRegister.java:unregister(73)) - Successfully un-registered JMX Bean with object name Ratis:service=RaftServer,group=group-6C3B98F2AA87,id=8384da11-bc81-4aa4-8438-a9cb526b8e6b
2022-07-02 07:22:59,526 [ForkJoinPool.commonPool-worker-0] INFO  impl.RoleInfo (RoleInfo.java:shutdownLeaderState(93)) - 8384da11-bc81-4aa4-8438-a9cb526b8e6b: shutdown 8384da11-bc81-4aa4-8438-a9cb526b8e6b@group-6C3B98F2AA87-LeaderStateImpl
2022-07-02 07:22:59,526 [ForkJoinPool.commonPool-worker-0] INFO  impl.PendingRequests (PendingRequests.java:sendNotLeaderResponses(282)) - 8384da11-bc81-4aa4-8438-a9cb526b8e6b@group-6C3B98F2AA87-PendingRequests: sendNotLeaderResponses
2022-07-02 07:22:59,527 [ForkJoinPool.commonPool-worker-0] INFO  impl.StateMachineUpdater (StateMachineUpdater.java:stopAndJoin(153)) - 8384da11-bc81-4aa4-8438-a9cb526b8e6b@group-6C3B98F2AA87-StateMachineUpdater: set stopIndex = 0
2022-07-02 07:22:59,527 [8384da11-bc81-4aa4-8438-a9cb526b8e6b@group-6C3B98F2AA87-StateMachineUpdater] INFO  ratis.ContainerStateMachine (ContainerStateMachine.java:takeSnapshot(304)) - group-6C3B98F2AA87: Taking a snapshot at:(t:1, i:0) file /home/runner/work/ozone/ozone/hadoop-ozone/integration-test/target/test-dir/MiniOzoneClusterImpl-2091899c-1ec3-4d3e-95df-d9e62105ac7a/datanode-0/data/ratis/0075361d-f262-498c-a149-6c3b98f2aa87/sm/snapshot.1_0
2022-07-02 07:22:59,528 [Listener at 127.0.0.1/38347] INFO  server.RaftServer (RaftServerProxy.java:lambda$close$7(398)) - eb920e94-4431-4986-848f-491e170389c2: close
2022-07-02 07:22:59,528 [Listener at 127.0.0.1/38347] INFO  server.RaftServer$Division (RaftServerImpl.java:lambda$close$4(434)) - eb920e94-4431-4986-848f-491e170389c2@group-92E053219BA8: shutdown
2022-07-02 07:22:59,529 [Listener at 127.0.0.1/38347] INFO  util.JmxRegister (JmxRegister.java:unregister(73)) - Successfully un-registered JMX Bean with object name Ratis:service=RaftServer,group=group-92E053219BA8,id=eb920e94-4431-4986-848f-491e170389c2
2022-07-02 07:22:59,529 [Listener at 127.0.0.1/38347] INFO  impl.RoleInfo (RoleInfo.java:shutdownLeaderState(93)) - eb920e94-4431-4986-848f-491e170389c2: shutdown eb920e94-4431-4986-848f-491e170389c2@group-92E053219BA8-LeaderStateImpl
2022-07-02 07:22:59,529 [Listener at 127.0.0.1/38347] INFO  impl.PendingRequests (PendingRequests.java:sendNotLeaderResponses(282)) - eb920e94-4431-4986-848f-491e170389c2@group-92E053219BA8-PendingRequests: sendNotLeaderResponses
2022-07-02 07:22:59,528 [8384da11-bc81-4aa4-8438-a9cb526b8e6b@group-6C3B98F2AA87-StateMachineUpdater] INFO  ratis.ContainerStateMachine (ContainerStateMachine.java:takeSnapshot(315)) - group-6C3B98F2AA87: Finished taking a snapshot at:(t:1, i:0) file:/home/runner/work/ozone/ozone/hadoop-ozone/integration-test/target/test-dir/MiniOzoneClusterImpl-2091899c-1ec3-4d3e-95df-d9e62105ac7a/datanode-0/data/ratis/0075361d-f262-498c-a149-6c3b98f2aa87/sm/snapshot.1_0 took: 1 ms
2022-07-02 07:22:59,531 [8384da11-bc81-4aa4-8438-a9cb526b8e6b@group-6C3B98F2AA87-StateMachineUpdater] INFO  impl.StateMachineUpdater (StateMachineUpdater.java:takeSnapshot(287)) - 8384da11-bc81-4aa4-8438-a9cb526b8e6b@group-6C3B98F2AA87-StateMachineUpdater: Took a snapshot at index 0
2022-07-02 07:22:59,531 [8384da11-bc81-4aa4-8438-a9cb526b8e6b@group-6C3B98F2AA87-StateMachineUpdater] INFO  impl.StateMachineUpdater (StateMachineUpdater.java:lambda$new$0(92)) - 8384da11-bc81-4aa4-8438-a9cb526b8e6b@group-6C3B98F2AA87-StateMachineUpdater: snapshotIndex: updateIncreasingly -1 -> 0
2022-07-02 07:22:59,532 [ForkJoinPool.commonPool-worker-0] INFO  server.RaftServer$Division (ServerState.java:close(429)) - 8384da11-bc81-4aa4-8438-a9cb526b8e6b@group-6C3B98F2AA87: closes. applyIndex: 0
2022-07-02 07:22:59,532 [8384da11-bc81-4aa4-8438-a9cb526b8e6b@group-6C3B98F2AA87-SegmentedRaftLogWorker] INFO  segmented.SegmentedRaftLogWorker (SegmentedRaftLogWorker.java:run(336)) - 8384da11-bc81-4aa4-8438-a9cb526b8e6b@group-6C3B98F2AA87-SegmentedRaftLogWorker was interrupted, exiting. There are 0 tasks remaining in the queue.
2022-07-02 07:22:59,532 [ForkJoinPool.commonPool-worker-0] INFO  segmented.SegmentedRaftLogWorker (SegmentedRaftLogWorker.java:close(246)) - 8384da11-bc81-4aa4-8438-a9cb526b8e6b@group-6C3B98F2AA87-SegmentedRaftLogWorker close()
2022-07-02 07:22:59,540 [ForkJoinPool.commonPool-worker-0] INFO  server.RaftServer$Division (RaftServerImpl.java:lambda$close$4(434)) - 8384da11-bc81-4aa4-8438-a9cb526b8e6b@group-4947C190D023: shutdown
2022-07-02 07:22:59,540 [ForkJoinPool.commonPool-worker-0] INFO  util.JmxRegister (JmxRegister.java:unregister(73)) - Successfully un-registered JMX Bean with object name Ratis:service=RaftServer,group=group-4947C190D023,id=8384da11-bc81-4aa4-8438-a9cb526b8e6b
2022-07-02 07:22:59,540 [ForkJoinPool.commonPool-worker-0] INFO  impl.RoleInfo (RoleInfo.java:shutdownFollowerState(110)) - 8384da11-bc81-4aa4-8438-a9cb526b8e6b: shutdown 8384da11-bc81-4aa4-8438-a9cb526b8e6b@group-4947C190D023-FollowerState
2022-07-02 07:22:59,540 [8384da11-bc81-4aa4-8438-a9cb526b8e6b@group-4947C190D023-FollowerState] INFO  impl.FollowerState (FollowerState.java:run(152)) - 8384da11-bc81-4aa4-8438-a9cb526b8e6b@group-4947C190D023-FollowerState was interrupted
2022-07-02 07:22:59,541 [8384da11-bc81-4aa4-8438-a9cb526b8e6b@group-4947C190D023-StateMachineUpdater] INFO  ratis.ContainerStateMachine (ContainerStateMachine.java:takeSnapshot(304)) - group-4947C190D023: Taking a snapshot at:(t:1, i:32) file /home/runner/work/ozone/ozone/hadoop-ozone/integration-test/target/test-dir/MiniOzoneClusterImpl-2091899c-1ec3-4d3e-95df-d9e62105ac7a/datanode-0/data/ratis/4c386858-29cc-4ec6-a20f-4947c190d023/sm/snapshot.1_32
2022-07-02 07:22:59,541 [ForkJoinPool.commonPool-worker-0] INFO  impl.StateMachineUpdater (StateMachineUpdater.java:stopAndJoin(153)) - 8384da11-bc81-4aa4-8438-a9cb526b8e6b@group-4947C190D023-StateMachineUpdater: set stopIndex = 32
2022-07-02 07:22:59,543 [Listener at 127.0.0.1/38347] INFO  impl.StateMachineUpdater (StateMachineUpdater.java:stopAndJoin(153)) - eb920e94-4431-4986-848f-491e170389c2@group-92E053219BA8-StateMachineUpdater: set stopIndex = 0
2022-07-02 07:22:59,564 [eb920e94-4431-4986-848f-491e170389c2@group-92E053219BA8-StateMachineUpdater] INFO  ratis.ContainerStateMachine (ContainerStateMachine.java:takeSnapshot(304)) - group-92E053219BA8: Taking a snapshot at:(t:1, i:0) file /home/runner/work/ozone/ozone/hadoop-ozone/integration-test/target/test-dir/MiniOzoneClusterImpl-2091899c-1ec3-4d3e-95df-d9e62105ac7a/datanode-4/data/ratis/5bd33b1f-dbd7-4253-9906-92e053219ba8/sm/snapshot.1_0
2022-07-02 07:22:59,565 [8384da11-bc81-4aa4-8438-a9cb526b8e6b@group-4947C190D023-StateMachineUpdater] INFO  ratis.ContainerStateMachine (ContainerStateMachine.java:takeSnapshot(315)) - group-4947C190D023: Finished taking a snapshot at:(t:1, i:32) file:/home/runner/work/ozone/ozone/hadoop-ozone/integration-test/target/test-dir/MiniOzoneClusterImpl-2091899c-1ec3-4d3e-95df-d9e62105ac7a/datanode-0/data/ratis/4c386858-29cc-4ec6-a20f-4947c190d023/sm/snapshot.1_32 took: 24 ms
2022-07-02 07:22:59,565 [8384da11-bc81-4aa4-8438-a9cb526b8e6b@group-4947C190D023-StateMachineUpdater] INFO  impl.StateMachineUpdater (StateMachineUpdater.java:takeSnapshot(287)) - 8384da11-bc81-4aa4-8438-a9cb526b8e6b@group-4947C190D023-StateMachineUpdater: Took a snapshot at index 32
2022-07-02 07:22:59,565 [8384da11-bc81-4aa4-8438-a9cb526b8e6b@group-4947C190D023-StateMachineUpdater] INFO  impl.StateMachineUpdater (StateMachineUpdater.java:lambda$new$0(92)) - 8384da11-bc81-4aa4-8438-a9cb526b8e6b@group-4947C190D023-StateMachineUpdater: snapshotIndex: updateIncreasingly -1 -> 32
2022-07-02 07:22:59,566 [eb920e94-4431-4986-848f-491e170389c2@group-92E053219BA8-StateMachineUpdater] INFO  ratis.ContainerStateMachine (ContainerStateMachine.java:takeSnapshot(315)) - group-92E053219BA8: Finished taking a snapshot at:(t:1, i:0) file:/home/runner/work/ozone/ozone/hadoop-ozone/integration-test/target/test-dir/MiniOzoneClusterImpl-2091899c-1ec3-4d3e-95df-d9e62105ac7a/datanode-4/data/ratis/5bd33b1f-dbd7-4253-9906-92e053219ba8/sm/snapshot.1_0 took: 2 ms
2022-07-02 07:22:59,566 [eb920e94-4431-4986-848f-491e170389c2@group-92E053219BA8-StateMachineUpdater] INFO  impl.StateMachineUpdater (StateMachineUpdater.java:takeSnapshot(287)) - eb920e94-4431-4986-848f-491e170389c2@group-92E053219BA8-StateMachineUpdater: Took a snapshot at index 0
2022-07-02 07:22:59,566 [eb920e94-4431-4986-848f-491e170389c2@group-92E053219BA8-StateMachineUpdater] INFO  impl.StateMachineUpdater (StateMachineUpdater.java:lambda$new$0(92)) - eb920e94-4431-4986-848f-491e170389c2@group-92E053219BA8-StateMachineUpdater: snapshotIndex: updateIncreasingly -1 -> 0
2022-07-02 07:22:59,571 [ForkJoinPool.commonPool-worker-0] INFO  server.RaftServer$Division (ServerState.java:close(429)) - 8384da11-bc81-4aa4-8438-a9cb526b8e6b@group-4947C190D023: closes. applyIndex: 32
2022-07-02 07:22:59,571 [Listener at 127.0.0.1/38347] INFO  server.RaftServer$Division (ServerState.java:close(429)) - eb920e94-4431-4986-848f-491e170389c2@group-92E053219BA8: closes. applyIndex: 0
2022-07-02 07:22:59,571 [8384da11-bc81-4aa4-8438-a9cb526b8e6b@group-4947C190D023-SegmentedRaftLogWorker] INFO  segmented.SegmentedRaftLogWorker (SegmentedRaftLogWorker.java:run(336)) - 8384da11-bc81-4aa4-8438-a9cb526b8e6b@group-4947C190D023-SegmentedRaftLogWorker was interrupted, exiting. There are 0 tasks remaining in the queue.
2022-07-02 07:22:59,571 [eb920e94-4431-4986-848f-491e170389c2@group-92E053219BA8-SegmentedRaftLogWorker] INFO  segmented.SegmentedRaftLogWorker (SegmentedRaftLogWorker.java:run(336)) - eb920e94-4431-4986-848f-491e170389c2@group-92E053219BA8-SegmentedRaftLogWorker was interrupted, exiting. There are 0 tasks remaining in the queue.
2022-07-02 07:22:59,571 [Listener at 127.0.0.1/38347] INFO  segmented.SegmentedRaftLogWorker (SegmentedRaftLogWorker.java:close(246)) - eb920e94-4431-4986-848f-491e170389c2@group-92E053219BA8-SegmentedRaftLogWorker close()
2022-07-02 07:22:59,577 [ForkJoinPool.commonPool-worker-0] INFO  segmented.SegmentedRaftLogWorker (SegmentedRaftLogWorker.java:close(246)) - 8384da11-bc81-4aa4-8438-a9cb526b8e6b@group-4947C190D023-SegmentedRaftLogWorker close()
2022-07-02 07:22:59,577 [Listener at 127.0.0.1/38347] INFO  server.GrpcService (GrpcService.java:closeImpl(269)) - eb920e94-4431-4986-848f-491e170389c2: shutdown server with port 46637 now
2022-07-02 07:22:59,582 [ForkJoinPool.commonPool-worker-0] INFO  server.GrpcService (GrpcService.java:closeImpl(269)) - 8384da11-bc81-4aa4-8438-a9cb526b8e6b: shutdown server with port 41153 now
2022-07-02 07:22:59,656 [Listener at 127.0.0.1/38347] INFO  server.GrpcService (GrpcService.java:closeImpl(278)) - eb920e94-4431-4986-848f-491e170389c2: shutdown server with port 46637 successfully
2022-07-02 07:22:59,659 [org.apache.ratis.util.JvmPauseMonitor$$Lambda$611/1072797734@66beeb18] INFO  util.JvmPauseMonitor (JvmPauseMonitor.java:run(109)) - JvmPauseMonitor-eb920e94-4431-4986-848f-491e170389c2: Stopped
2022-07-02 07:22:59,659 [grpc-default-executor-2] WARN  server.GrpcClientProtocolService (LogUtils.java:warn(122)) - 1-UnorderedRequestStreamObserver1: onError: org.apache.ratis.thirdparty.io.grpc.StatusRuntimeException: CANCELLED: client cancelled
2022-07-02 07:22:59,659 [ForkJoinPool.commonPool-worker-0] INFO  server.GrpcService (GrpcService.java:closeImpl(278)) - 8384da11-bc81-4aa4-8438-a9cb526b8e6b: shutdown server with port 41153 successfully
2022-07-02 07:22:59,703 [org.apache.ratis.util.JvmPauseMonitor$$Lambda$611/1072797734@72b72e28] INFO  util.JvmPauseMonitor (JvmPauseMonitor.java:run(109)) - JvmPauseMonitor-8384da11-bc81-4aa4-8438-a9cb526b8e6b: Stopped
2022-07-02 07:23:01,776 [Listener at 127.0.0.1/38347] INFO  utils.BackgroundService (BackgroundService.java:shutdown(132)) - Shutting down service BlockDeletingService
2022-07-02 07:23:01,779 [ForkJoinPool.commonPool-worker-0] INFO  utils.BackgroundService (BackgroundService.java:shutdown(132)) - Shutting down service BlockDeletingService
2022-07-02 07:23:04,828 [ForkJoinPool.commonPool-worker-0] INFO  statemachine.DatanodeStateMachine (DatanodeStateMachine.java:stopDaemon(580)) - Ozone container server stopped.
2022-07-02 07:23:04,851 [Listener at 127.0.0.1/38347] INFO  statemachine.DatanodeStateMachine (DatanodeStateMachine.java:stopDaemon(580)) - Ozone container server stopped.
2022-07-02 07:23:04,883 [ForkJoinPool.commonPool-worker-0] INFO  handler.ContextHandler (ContextHandler.java:doStop(1153)) - Stopped o.e.j.w.WebAppContext@73dedaf3{hddsDatanode,/,null,STOPPED}{jar:file:/home/runner/.m2/repository/org/apache/ozone/hdds-container-service/1.3.0-SNAPSHOT/hdds-container-service-1.3.0-SNAPSHOT.jar!/webapps/hddsDatanode}
2022-07-02 07:23:04,884 [ForkJoinPool.commonPool-worker-0] INFO  server.AbstractConnector (AbstractConnector.java:doStop(381)) - Stopped ServerConnector@15587fd6{HTTP/1.1, (http/1.1)}{0.0.0.0:0}
2022-07-02 07:23:04,884 [ForkJoinPool.commonPool-worker-0] INFO  server.session (HouseKeeper.java:stopScavenging(149)) - node0 Stopped scavenging
2022-07-02 07:23:04,908 [ForkJoinPool.commonPool-worker-0] INFO  handler.ContextHandler (ContextHandler.java:doStop(1153)) - Stopped o.e.j.s.ServletContextHandler@35897518{static,/static,jar:file:/home/runner/.m2/repository/org/apache/ozone/hdds-container-service/1.3.0-SNAPSHOT/hdds-container-service-1.3.0-SNAPSHOT.jar!/webapps/static,STOPPED}
2022-07-02 07:23:04,909 [ForkJoinPool.commonPool-worker-0] INFO  handler.ContextHandler (ContextHandler.java:doStop(1153)) - Stopped o.e.j.s.ServletContextHandler@715171a4{logs,/logs,file:///home/runner/work/ozone/ozone/hadoop-ozone/integration-test/target/log,STOPPED}
2022-07-02 07:23:04,950 [Listener at 127.0.0.1/38347] INFO  handler.ContextHandler (ContextHandler.java:doStop(1153)) - Stopped o.e.j.w.WebAppContext@5deec063{hddsDatanode,/,null,STOPPED}{jar:file:/home/runner/.m2/repository/org/apache/ozone/hdds-container-service/1.3.0-SNAPSHOT/hdds-container-service-1.3.0-SNAPSHOT.jar!/webapps/hddsDatanode}
2022-07-02 07:23:04,952 [Listener at 127.0.0.1/38347] INFO  server.AbstractConnector (AbstractConnector.java:doStop(381)) - Stopped ServerConnector@56d7ff9{HTTP/1.1, (http/1.1)}{0.0.0.0:0}
2022-07-02 07:23:04,952 [Listener at 127.0.0.1/38347] INFO  server.session (HouseKeeper.java:stopScavenging(149)) - node0 Stopped scavenging
2022-07-02 07:23:04,952 [Listener at 127.0.0.1/38347] INFO  handler.ContextHandler (ContextHandler.java:doStop(1153)) - Stopped o.e.j.s.ServletContextHandler@6457eeea{static,/static,jar:file:/home/runner/.m2/repository/org/apache/ozone/hdds-container-service/1.3.0-SNAPSHOT/hdds-container-service-1.3.0-SNAPSHOT.jar!/webapps/static,STOPPED}
2022-07-02 07:23:04,952 [Listener at 127.0.0.1/38347] INFO  handler.ContextHandler (ContextHandler.java:doStop(1153)) - Stopped o.e.j.s.ServletContextHandler@1aa1e49b{logs,/logs,file:///home/runner/work/ozone/ozone/hadoop-ozone/integration-test/target/log,STOPPED}
2022-07-02 07:23:09,913 [ForkJoinPool.commonPool-worker-0] INFO  ozoneimpl.OzoneContainer (OzoneContainer.java:stop(365)) - Attempting to stop container services.
2022-07-02 07:23:09,914 [ForkJoinPool.commonPool-worker-0] INFO  server.RaftServer (RaftServerProxy.java:lambda$close$7(398)) - b1084062-54e4-4f5e-9113-5676fdd37f8c: close
2022-07-02 07:23:09,914 [ForkJoinPool.commonPool-worker-0] INFO  server.RaftServer$Division (RaftServerImpl.java:lambda$close$4(434)) - b1084062-54e4-4f5e-9113-5676fdd37f8c@group-B0C30B0EF2F8: shutdown
2022-07-02 07:23:09,914 [ForkJoinPool.commonPool-worker-0] INFO  util.JmxRegister (JmxRegister.java:unregister(73)) - Successfully un-registered JMX Bean with object name Ratis:service=RaftServer,group=group-B0C30B0EF2F8,id=b1084062-54e4-4f5e-9113-5676fdd37f8c
2022-07-02 07:23:09,914 [ForkJoinPool.commonPool-worker-0] INFO  impl.RoleInfo (RoleInfo.java:shutdownLeaderState(93)) - b1084062-54e4-4f5e-9113-5676fdd37f8c: shutdown b1084062-54e4-4f5e-9113-5676fdd37f8c@group-B0C30B0EF2F8-LeaderStateImpl
2022-07-02 07:23:09,914 [ForkJoinPool.commonPool-worker-0] INFO  impl.PendingRequests (PendingRequests.java:sendNotLeaderResponses(282)) - b1084062-54e4-4f5e-9113-5676fdd37f8c@group-B0C30B0EF2F8-PendingRequests: sendNotLeaderResponses
2022-07-02 07:23:09,915 [ForkJoinPool.commonPool-worker-0] INFO  impl.StateMachineUpdater (StateMachineUpdater.java:stopAndJoin(153)) - b1084062-54e4-4f5e-9113-5676fdd37f8c@group-B0C30B0EF2F8-StateMachineUpdater: set stopIndex = 0
2022-07-02 07:23:09,915 [b1084062-54e4-4f5e-9113-5676fdd37f8c@group-B0C30B0EF2F8-StateMachineUpdater] INFO  ratis.ContainerStateMachine (ContainerStateMachine.java:takeSnapshot(304)) - group-B0C30B0EF2F8: Taking a snapshot at:(t:1, i:0) file /home/runner/work/ozone/ozone/hadoop-ozone/integration-test/target/test-dir/MiniOzoneClusterImpl-2091899c-1ec3-4d3e-95df-d9e62105ac7a/datanode-3/data/ratis/fc0cfa63-819a-43a8-b9ba-b0c30b0ef2f8/sm/snapshot.1_0
2022-07-02 07:23:09,920 [b1084062-54e4-4f5e-9113-5676fdd37f8c@group-B0C30B0EF2F8-StateMachineUpdater] INFO  ratis.ContainerStateMachine (ContainerStateMachine.java:takeSnapshot(315)) - group-B0C30B0EF2F8: Finished taking a snapshot at:(t:1, i:0) file:/home/runner/work/ozone/ozone/hadoop-ozone/integration-test/target/test-dir/MiniOzoneClusterImpl-2091899c-1ec3-4d3e-95df-d9e62105ac7a/datanode-3/data/ratis/fc0cfa63-819a-43a8-b9ba-b0c30b0ef2f8/sm/snapshot.1_0 took: 5 ms
2022-07-02 07:23:09,920 [b1084062-54e4-4f5e-9113-5676fdd37f8c@group-B0C30B0EF2F8-StateMachineUpdater] INFO  impl.StateMachineUpdater (StateMachineUpdater.java:takeSnapshot(287)) - b1084062-54e4-4f5e-9113-5676fdd37f8c@group-B0C30B0EF2F8-StateMachineUpdater: Took a snapshot at index 0
2022-07-02 07:23:09,920 [b1084062-54e4-4f5e-9113-5676fdd37f8c@group-B0C30B0EF2F8-StateMachineUpdater] INFO  impl.StateMachineUpdater (StateMachineUpdater.java:lambda$new$0(92)) - b1084062-54e4-4f5e-9113-5676fdd37f8c@group-B0C30B0EF2F8-StateMachineUpdater: snapshotIndex: updateIncreasingly -1 -> 0
2022-07-02 07:23:09,924 [ForkJoinPool.commonPool-worker-0] INFO  server.RaftServer$Division (ServerState.java:close(429)) - b1084062-54e4-4f5e-9113-5676fdd37f8c@group-B0C30B0EF2F8: closes. applyIndex: 0
2022-07-02 07:23:09,924 [b1084062-54e4-4f5e-9113-5676fdd37f8c@group-B0C30B0EF2F8-SegmentedRaftLogWorker] INFO  segmented.SegmentedRaftLogWorker (SegmentedRaftLogWorker.java:run(336)) - b1084062-54e4-4f5e-9113-5676fdd37f8c@group-B0C30B0EF2F8-SegmentedRaftLogWorker was interrupted, exiting. There are 0 tasks remaining in the queue.
2022-07-02 07:23:09,925 [ForkJoinPool.commonPool-worker-0] INFO  segmented.SegmentedRaftLogWorker (SegmentedRaftLogWorker.java:close(246)) - b1084062-54e4-4f5e-9113-5676fdd37f8c@group-B0C30B0EF2F8-SegmentedRaftLogWorker close()
2022-07-02 07:23:09,926 [ForkJoinPool.commonPool-worker-0] INFO  server.GrpcService (GrpcService.java:closeImpl(269)) - b1084062-54e4-4f5e-9113-5676fdd37f8c: shutdown server with port 38501 now
2022-07-02 07:23:09,934 [ForkJoinPool.commonPool-worker-0] INFO  server.GrpcService (GrpcService.java:closeImpl(278)) - b1084062-54e4-4f5e-9113-5676fdd37f8c: shutdown server with port 38501 successfully
2022-07-02 07:23:09,935 [org.apache.ratis.util.JvmPauseMonitor$$Lambda$611/1072797734@446080a5] INFO  util.JvmPauseMonitor (JvmPauseMonitor.java:run(109)) - JvmPauseMonitor-b1084062-54e4-4f5e-9113-5676fdd37f8c: Stopped
2022-07-02 07:23:12,016 [ForkJoinPool.commonPool-worker-0] INFO  utils.BackgroundService (BackgroundService.java:shutdown(132)) - Shutting down service BlockDeletingService
2022-07-02 07:23:15,027 [ForkJoinPool.commonPool-worker-0] INFO  statemachine.DatanodeStateMachine (DatanodeStateMachine.java:stopDaemon(580)) - Ozone container server stopped.
2022-07-02 07:23:15,120 [ForkJoinPool.commonPool-worker-0] INFO  handler.ContextHandler (ContextHandler.java:doStop(1153)) - Stopped o.e.j.w.WebAppContext@7f4799b0{hddsDatanode,/,null,STOPPED}{jar:file:/home/runner/.m2/repository/org/apache/ozone/hdds-container-service/1.3.0-SNAPSHOT/hdds-container-service-1.3.0-SNAPSHOT.jar!/webapps/hddsDatanode}
2022-07-02 07:23:15,122 [ForkJoinPool.commonPool-worker-0] INFO  server.AbstractConnector (AbstractConnector.java:doStop(381)) - Stopped ServerConnector@5ee16a6d{HTTP/1.1, (http/1.1)}{0.0.0.0:0}
2022-07-02 07:23:15,122 [ForkJoinPool.commonPool-worker-0] INFO  server.session (HouseKeeper.java:stopScavenging(149)) - node0 Stopped scavenging
2022-07-02 07:23:15,124 [ForkJoinPool.commonPool-worker-0] INFO  handler.ContextHandler (ContextHandler.java:doStop(1153)) - Stopped o.e.j.s.ServletContextHandler@45e085d0{static,/static,jar:file:/home/runner/.m2/repository/org/apache/ozone/hdds-container-service/1.3.0-SNAPSHOT/hdds-container-service-1.3.0-SNAPSHOT.jar!/webapps/static,STOPPED}
2022-07-02 07:23:15,124 [ForkJoinPool.commonPool-worker-0] INFO  handler.ContextHandler (ContextHandler.java:doStop(1153)) - Stopped o.e.j.s.ServletContextHandler@71522fb7{logs,/logs,file:///home/runner/work/ozone/ozone/hadoop-ozone/integration-test/target/log,STOPPED}
2022-07-02 07:23:15,126 [Listener at 127.0.0.1/38347] INFO  ozone.MiniOzoneClusterImpl (MiniOzoneClusterImpl.java:stopSCM(549)) - Stopping the StorageContainerManager
2022-07-02 07:23:15,126 [Listener at 127.0.0.1/38347] INFO  server.StorageContainerManager (StorageContainerManager.java:stop(1514)) - Container Balancer is not running.
2022-07-02 07:23:15,126 [Listener at 127.0.0.1/38347] INFO  server.StorageContainerManager (StorageContainerManager.java:stop(1521)) - Stopping Replication Manager Service.
2022-07-02 07:23:15,126 [Listener at 127.0.0.1/38347] INFO  replication.ReplicationManager (ReplicationManager.java:stop(212)) - Stopping Replication Monitor Thread.
2022-07-02 07:23:15,126 [Listener at 127.0.0.1/38347] INFO  server.StorageContainerManager (StorageContainerManager.java:stop(1528)) - Stopping the Datanode Admin Monitor.
2022-07-02 07:23:15,126 [ReplicationMonitor] INFO  replication.ReplicationManager (ReplicationManager.java:run(322)) - Replication Monitor Thread is stopped
2022-07-02 07:23:15,126 [Listener at 127.0.0.1/38347] INFO  server.StorageContainerManager (StorageContainerManager.java:stop(1535)) - Stopping Lease Manager of the command watchers
2022-07-02 07:23:15,127 [Listener at 127.0.0.1/38347] INFO  server.StorageContainerManager (StorageContainerManager.java:stop(1542)) - Stopping datanode service RPC server
2022-07-02 07:23:15,127 [Listener at 127.0.0.1/38347] INFO  server.SCMDatanodeProtocolServer (SCMDatanodeProtocolServer.java:stop(408)) - Stopping the RPC server for DataNodes
2022-07-02 07:23:15,127 [Listener at 127.0.0.1/38347] INFO  ipc.Server (Server.java:stop(3414)) - Stopping server on 40587
2022-07-02 07:23:15,129 [IPC Server listener on 0] INFO  ipc.Server (Server.java:run(1376)) - Stopping IPC Server listener on 0
2022-07-02 07:23:15,152 [IPC Server Responder] INFO  ipc.Server (Server.java:run(1512)) - Stopping IPC Server Responder
2022-07-02 07:23:15,191 [SCM Heartbeat Processing Thread - 0] WARN  node.NodeStateManager (NodeStateManager.java:scheduleNextHealthCheck(870)) - Current Thread is interrupted, shutting down HB processing thread for Node Manager.
2022-07-02 07:23:15,192 [Listener at 127.0.0.1/38347] INFO  server.StorageContainerManager (StorageContainerManager.java:stop(1550)) - Stopping block service RPC server
2022-07-02 07:23:15,192 [Listener at 127.0.0.1/38347] INFO  server.SCMBlockProtocolServer (SCMBlockProtocolServer.java:stop(160)) - Stopping the RPC server for Block Protocol
2022-07-02 07:23:15,192 [Listener at 127.0.0.1/38347] INFO  ipc.Server (Server.java:stop(3414)) - Stopping server on 41987
2022-07-02 07:23:15,196 [IPC Server Responder] INFO  ipc.Server (Server.java:run(1512)) - Stopping IPC Server Responder
2022-07-02 07:23:15,196 [Listener at 127.0.0.1/38347] INFO  server.StorageContainerManager (StorageContainerManager.java:stop(1557)) - Stopping the StorageContainerLocationProtocol RPC server
2022-07-02 07:23:15,197 [Listener at 127.0.0.1/38347] INFO  server.SCMClientProtocolServer (SCMClientProtocolServer.java:stop(178)) - Stopping the RPC server for Client Protocol
2022-07-02 07:23:15,197 [Listener at 127.0.0.1/38347] INFO  ipc.Server (Server.java:stop(3414)) - Stopping server on 40635
2022-07-02 07:23:15,228 [IPC Server listener on 0] INFO  ipc.Server (Server.java:run(1376)) - Stopping IPC Server listener on 0
2022-07-02 07:23:15,290 [Listener at 127.0.0.1/38347] INFO  server.StorageContainerManager (StorageContainerManager.java:stop(1564)) - Stopping Storage Container Manager HTTP server.
2022-07-02 07:23:15,290 [Listener at 127.0.0.1/38347] INFO  handler.ContextHandler (ContextHandler.java:doStop(1153)) - Stopped o.e.j.w.WebAppContext@1baa65c8{scm,/,null,STOPPED}{file:/home/runner/work/ozone/ozone/hadoop-ozone/integration-test/target/test-classes/webapps/scm}
2022-07-02 07:23:15,291 [IPC Server Responder] INFO  ipc.Server (Server.java:run(1512)) - Stopping IPC Server Responder
2022-07-02 07:23:15,291 [IPC Server listener on 0] INFO  ipc.Server (Server.java:run(1376)) - Stopping IPC Server listener on 0
2022-07-02 07:23:15,291 [Listener at 127.0.0.1/38347] INFO  server.AbstractConnector (AbstractConnector.java:doStop(381)) - Stopped ServerConnector@5dde9c5d{HTTP/1.1, (http/1.1)}{0.0.0.0:0}
2022-07-02 07:23:15,292 [Listener at 127.0.0.1/38347] INFO  server.session (HouseKeeper.java:stopScavenging(149)) - node0 Stopped scavenging
2022-07-02 07:23:15,292 [Listener at 127.0.0.1/38347] INFO  handler.ContextHandler (ContextHandler.java:doStop(1153)) - Stopped o.e.j.s.ServletContextHandler@5ff6a65a{static,/static,file:///home/runner/work/ozone/ozone/hadoop-ozone/integration-test/target/test-classes/webapps/static,STOPPED}
2022-07-02 07:23:15,292 [Listener at 127.0.0.1/38347] INFO  handler.ContextHandler (ContextHandler.java:doStop(1153)) - Stopped o.e.j.s.ServletContextHandler@6f24f833{logs,/logs,file:///home/runner/work/ozone/ozone/hadoop-ozone/integration-test/target/log,STOPPED}
2022-07-02 07:23:15,325 [Listener at 127.0.0.1/38347] INFO  server.StorageContainerManager (StorageContainerManager.java:stop(1575)) - Stopping Block Manager Service.
2022-07-02 07:23:15,325 [Listener at 127.0.0.1/38347] INFO  utils.BackgroundService (BackgroundService.java:shutdown(132)) - Shutting down service SCMBlockDeletingService
2022-07-02 07:23:15,325 [Listener at 127.0.0.1/38347] INFO  utils.BackgroundService (BackgroundService.java:shutdown(132)) - Shutting down service SCMBlockDeletingService
2022-07-02 07:23:15,326 [Listener at 127.0.0.1/38347] INFO  server.StorageContainerManager (StorageContainerManager.java:stop(1602)) - Stopping SCM Event Queue.
2022-07-02 07:23:15,329 [Listener at 127.0.0.1/38347] INFO  server.StorageContainerManager (StorageContainerManager.java:stop(1613)) - Stopping SCM HA services.
2022-07-02 07:23:15,329 [Listener at 127.0.0.1/38347] INFO  pipeline.BackgroundPipelineCreator (BackgroundPipelineCreator.java:stop(152)) - Stopping RatisPipelineUtilsThread.
2022-07-02 07:23:15,329 [RatisPipelineUtilsThread - 0] WARN  pipeline.BackgroundPipelineCreator (BackgroundPipelineCreator.java:run(179)) - RatisPipelineUtilsThread is interrupted.
2022-07-02 07:23:15,329 [Listener at 127.0.0.1/38347] INFO  BackgroundPipelineScrubber (BackgroundSCMService.java:stop(126)) - Stopping BackgroundPipelineScrubber Service.
2022-07-02 07:23:15,329 [Listener at 127.0.0.1/38347] INFO  server.StorageContainerManager (StorageContainerManager.java:stop(1623)) - Stopping SCM MetadataStore.
2022-07-02 07:23:15,330 [BackgroundPipelineScrubberThread] WARN  BackgroundPipelineScrubber (BackgroundSCMService.java:run(110)) - BackgroundPipelineScrubber is interrupted, exit
2022-07-02 07:23:15,333 [Listener at 127.0.0.1/38347] INFO  impl.MetricsSystemImpl (MetricsSystemImpl.java:stop(210)) - Stopping HddsDatanode metrics system...
2022-07-02 07:23:15,385 [prometheus] INFO  impl.MetricsSinkAdapter (MetricsSinkAdapter.java:publishMetricsFromQueue(141)) - prometheus thread interrupted.
2022-07-02 07:23:15,392 [Listener at 127.0.0.1/38347] INFO  impl.MetricsSystemImpl (MetricsSystemImpl.java:stop(216)) - HddsDatanode metrics system stopped.
2022-07-02 07:23:15,725 [Listener at 127.0.0.1/38347] WARN  server.ServerUtils (ServerUtils.java:getScmDbDir(148)) - ozone.scm.db.dirs is not configured. We recommend adding this setting. Falling back to ozone.metadata.dirs instead.
2022-07-02 07:23:15,731 [Listener at 127.0.0.1/38347] WARN  server.ServerUtils (ServerUtils.java:getScmDbDir(148)) - ozone.scm.db.dirs is not configured. We recommend adding this setting. Falling back to ozone.metadata.dirs instead.
2022-07-02 07:23:15,732 [Listener at 127.0.0.1/38347] INFO  ha.SCMHANodeDetails (SCMHANodeDetails.java:loadSCMHAConfig(209)) - ServiceID for StorageContainerManager is null
2022-07-02 07:23:15,748 [Listener at 127.0.0.1/38347] INFO  ha.SCMHANodeDetails (SCMHANodeDetails.java:loadSCMHAConfig(214)) - ozone.scm.default.service.id is not defined, falling back to ozone.scm.service.ids to find serviceID for StorageContainerManager if it is HA enabled cluster
2022-07-02 07:23:15,752 [Listener at 127.0.0.1/38347] WARN  utils.HAUtils (HAUtils.java:getMetaDir(342)) - ozone.scm.db.dirs is not configured. We recommend adding this setting. Falling back to ozone.metadata.dirs instead.
2022-07-02 07:23:15,754 [Listener at 127.0.0.1/38347] WARN  db.DBStoreBuilder (DBStoreBuilder.java:applyDBDefinition(145)) - ozone.scm.db.dirs is not configured. We recommend adding this setting. Falling back to ozone.metadata.dirs instead.
2022-07-02 07:23:16,129 [Listener at 127.0.0.1/38347] INFO  net.NodeSchemaLoader (NodeSchemaLoader.java:loadSchemaFromFile(129)) - Loading schema from [jar:file:/home/runner/.m2/repository/org/apache/ozone/hdds-common/1.3.0-SNAPSHOT/hdds-common-1.3.0-SNAPSHOT.jar!/network-topology-default.xml]
2022-07-02 07:23:16,130 [Listener at 127.0.0.1/38347] INFO  net.NodeSchemaLoader (NodeSchemaLoader.java:loadSchema(176)) - Loading network topology layer schema file
2022-07-02 07:23:16,142 [Listener at 127.0.0.1/38347] WARN  impl.MetricRegistriesImpl (MetricRegistriesImpl.java:addReporterRegistration(111)) - New reporters are added after registries were created. Some metrics will be missing from the reporter. Please add reporter before adding any new registry.
2022-07-02 07:23:16,142 [Listener at 127.0.0.1/38347] WARN  impl.MetricRegistriesImpl (MetricRegistriesImpl.java:addReporterRegistration(111)) - New reporters are added after registries were created. Some metrics will be missing from the reporter. Please add reporter before adding any new registry.
2022-07-02 07:23:16,142 [Listener at 127.0.0.1/38347] INFO  upgrade.AbstractLayoutVersionManager (AbstractLayoutVersionManager.java:init(82)) - Initializing Layout version manager with metadata layout = DATANODE_SCHEMA_V3 (version = 4), software layout = DATANODE_SCHEMA_V3 (version = 4)
2022-07-02 07:23:16,237 [Listener at 127.0.0.1/38347] INFO  reflections.Reflections (Reflections.java:scan(232)) - Reflections took 93 ms to scan 7 urls, producing 132 keys and 317 values 
2022-07-02 07:23:16,238 [Listener at 127.0.0.1/38347] INFO  ha.SequenceIdGenerator (SequenceIdGenerator.java:upgradeToSequenceId(347)) - upgrade localId to 109611004723200000
2022-07-02 07:23:16,239 [Listener at 127.0.0.1/38347] INFO  ha.SequenceIdGenerator (SequenceIdGenerator.java:upgradeToSequenceId(357)) - upgrade delTxnId to 0
2022-07-02 07:23:16,239 [Listener at 127.0.0.1/38347] INFO  ha.SequenceIdGenerator (SequenceIdGenerator.java:upgradeToSequenceId(374)) - upgrade containerId to 0
2022-07-02 07:23:16,239 [Listener at 127.0.0.1/38347] INFO  ha.SequenceIdGenerator (SequenceIdGenerator.java:<init>(218)) - Init the HA SequenceIdGenerator.
2022-07-02 07:23:16,239 [Listener at 127.0.0.1/38347] WARN  server.ServerUtils (ServerUtils.java:sanitizeUserArgs(73)) - ozone.scm.stale.node.interval value = 300000 is larger than max = 100000 based on the key value of ozone.scm.heartbeat.thread.interval, reset to the max value 100000.
2022-07-02 07:23:16,240 [Listener at 127.0.0.1/38347] WARN  server.ServerUtils (ServerUtils.java:sanitizeUserArgs(73)) - ozone.scm.stale.node.interval value = 300000 is larger than max = 100000 based on the key value of ozone.scm.heartbeat.thread.interval, reset to the max value 100000.
2022-07-02 07:23:16,240 [Listener at 127.0.0.1/38347] INFO  node.SCMNodeManager (SCMNodeManager.java:<init>(149)) - Entering startup safe mode.
2022-07-02 07:23:16,240 [Listener at 127.0.0.1/38347] INFO  algorithms.ContainerPlacementPolicyFactory (ContainerPlacementPolicyFactory.java:getPolicyInternal(86)) - Create container placement policy of type org.apache.hadoop.hdds.scm.container.placement.algorithms.SCMContainerPlacementRandom
2022-07-02 07:23:16,241 [Listener at 127.0.0.1/38347] INFO  pipeline.PipelineStateManagerImpl (PipelineStateManagerImpl.java:initialize(78)) - No pipeline exists in current db
2022-07-02 07:23:16,241 [Listener at 127.0.0.1/38347] INFO  algorithms.LeaderChoosePolicyFactory (LeaderChoosePolicyFactory.java:getPolicy(57)) - Create leader choose policy of type org.apache.hadoop.hdds.scm.pipeline.leader.choose.algorithms.MinLeaderCountChoosePolicy
2022-07-02 07:23:16,241 [Listener at 127.0.0.1/38347] INFO  algorithms.ContainerPlacementPolicyFactory (ContainerPlacementPolicyFactory.java:getPolicyInternal(86)) - Create container placement policy of type org.apache.hadoop.hdds.scm.container.placement.algorithms.SCMContainerPlacementRackScatter
2022-07-02 07:23:16,241 [Listener at 127.0.0.1/38347] INFO  pipeline.BackgroundPipelineCreator (BackgroundPipelineCreator.java:start(127)) - Starting RatisPipelineUtilsThread.
2022-07-02 07:23:16,242 [Listener at 127.0.0.1/38347] INFO  BackgroundPipelineScrubber (BackgroundSCMService.java:start(68)) - Starting BackgroundPipelineScrubber Service.
2022-07-02 07:23:16,242 [Listener at 127.0.0.1/38347] INFO  ha.SCMServiceManager (SCMServiceManager.java:register(42)) - Registering service BackgroundPipelineCreator.
2022-07-02 07:23:16,242 [Listener at 127.0.0.1/38347] INFO  ha.SCMServiceManager (SCMServiceManager.java:register(42)) - Registering service BackgroundPipelineScrubber.
2022-07-02 07:23:16,243 [Listener at 127.0.0.1/38347] INFO  ExpiredContainerReplicaOpScrubber (BackgroundSCMService.java:start(68)) - Starting ExpiredContainerReplicaOpScrubber Service.
2022-07-02 07:23:16,243 [Listener at 127.0.0.1/38347] INFO  ha.SCMServiceManager (SCMServiceManager.java:register(42)) - Registering service ExpiredContainerReplicaOpScrubber.
2022-07-02 07:23:16,244 [Listener at 127.0.0.1/38347] INFO  algorithms.PipelineChoosePolicyFactory (PipelineChoosePolicyFactory.java:createPipelineChoosePolicyFromClass(73)) - Create pipeline choose policy of type org.apache.hadoop.hdds.scm.pipeline.choose.algorithms.RandomPipelineChoosePolicy
2022-07-02 07:23:16,244 [Listener at 127.0.0.1/38347] INFO  ha.SCMServiceManager (SCMServiceManager.java:register(42)) - Registering service SCMBlockDeletingService.
2022-07-02 07:23:16,244 [Listener at 127.0.0.1/38347] INFO  replication.ReplicationManager (ReplicationManager.java:start(179)) - Starting Replication Monitor Thread.
2022-07-02 07:23:16,245 [Listener at 127.0.0.1/38347] INFO  ha.SCMServiceManager (SCMServiceManager.java:register(42)) - Registering service ReplicationManager.
2022-07-02 07:23:16,245 [Listener at 127.0.0.1/38347] INFO  safemode.ContainerSafeModeRule (ContainerSafeModeRule.java:<init>(89)) - containers with one replica threshold count 0
2022-07-02 07:23:16,246 [Listener at 127.0.0.1/38347] INFO  safemode.HealthyPipelineSafeModeRule (HealthyPipelineSafeModeRule.java:initializeRule(156)) - Total pipeline count is 0, healthy pipeline threshold count is 1
2022-07-02 07:23:16,246 [Listener at 127.0.0.1/38347] INFO  safemode.OneReplicaPipelineSafeModeRule (OneReplicaPipelineSafeModeRule.java:initializeRule(180)) - Total pipeline count is 0, pipeline's with at least one datanode reported threshold count is 0
2022-07-02 07:23:16,246 [Listener at 127.0.0.1/38347] INFO  ipc.CallQueueManager (CallQueueManager.java:<init>(90)) - Using callQueue: class java.util.concurrent.LinkedBlockingQueue, queueCapacity: 2000, scheduler: class org.apache.hadoop.ipc.DefaultRpcScheduler, ipcBackoff: false.
2022-07-02 07:23:16,247 [Socket Reader #1 for port 0] INFO  ipc.Server (Server.java:run(1265)) - Starting Socket Reader #1 for port 0
2022-07-02 07:23:16,248 [Listener at 0.0.0.0/37081] INFO  ipc.CallQueueManager (CallQueueManager.java:<init>(90)) - Using callQueue: class java.util.concurrent.LinkedBlockingQueue, queueCapacity: 2000, scheduler: class org.apache.hadoop.ipc.DefaultRpcScheduler, ipcBackoff: false.
2022-07-02 07:23:16,258 [Socket Reader #1 for port 0] INFO  ipc.Server (Server.java:run(1265)) - Starting Socket Reader #1 for port 0
2022-07-02 07:23:16,263 [Listener at 0.0.0.0/36837] INFO  ipc.CallQueueManager (CallQueueManager.java:<init>(90)) - Using callQueue: class java.util.concurrent.LinkedBlockingQueue, queueCapacity: 2000, scheduler: class org.apache.hadoop.ipc.DefaultRpcScheduler, ipcBackoff: false.
2022-07-02 07:23:16,296 [Socket Reader #1 for port 0] INFO  ipc.Server (Server.java:run(1265)) - Starting Socket Reader #1 for port 0
2022-07-02 07:23:16,306 [ReplicationMonitor] INFO  replication.ReplicationManager (ReplicationManager.java:processAll(228)) - Replication Manager is not ready to run until 3000ms after safemode exit
2022-07-02 07:23:16,405 [Listener at 0.0.0.0/33849] INFO  ha.SCMServiceManager (SCMServiceManager.java:register(42)) - Registering service ContainerBalancer.
2022-07-02 07:23:16,405 [Listener at 0.0.0.0/33849] INFO  server.StorageContainerManager (StorageContainerManager.java:<init>(401)) - 
Container Balancer status:
Key                            Value
Running                        false
Container Balancer Configuration values:
Key                                                Value
Threshold                                          10
Max Datanodes to Involve per Iteration(percent)    20
Max Size to Move per Iteration                     500GB
Max Size Entering Target per Iteration             26GB
Max Size Leaving Source per Iteration              26GB

2022-07-02 07:23:16,405 [Listener at 0.0.0.0/33849] WARN  events.EventQueue (EventQueue.java:fireEvent(216)) - No event handler registered for event TypedEvent{payloadType=SafeModeStatus, name='Safe mode status'}
2022-07-02 07:23:16,405 [Listener at 0.0.0.0/33849] INFO  ha.SCMContext (SCMContext.java:updateSafeModeStatus(228)) - Update SafeModeStatus from SafeModeStatus{safeModeStatus=true, preCheckPassed=false} to SafeModeStatus{safeModeStatus=true, preCheckPassed=false}.
2022-07-02 07:23:16,405 [Listener at 0.0.0.0/33849] INFO  server.StorageContainerManager (StorageContainerManager.java:start(1422)) - StorageContainerLocationProtocol RPC server is listening at /0.0.0.0:33849
2022-07-02 07:23:16,435 [Listener at 0.0.0.0/33849] WARN  impl.MetricsConfig (MetricsConfig.java:loadFirst(136)) - Cannot locate configuration: tried hadoop-metrics2-storagecontainermanager.properties,hadoop-metrics2.properties
2022-07-02 07:23:16,444 [Listener at 0.0.0.0/33849] INFO  impl.MetricsSystemImpl (MetricsSystemImpl.java:startTimer(378)) - Scheduled Metric snapshot period at 10 second(s).
2022-07-02 07:23:16,445 [Listener at 0.0.0.0/33849] INFO  impl.MetricsSystemImpl (MetricsSystemImpl.java:start(191)) - StorageContainerManager metrics system started
2022-07-02 07:23:16,504 [Listener at 0.0.0.0/33849] INFO  impl.MetricsSinkAdapter (MetricsSinkAdapter.java:start(204)) - Sink prometheus started
2022-07-02 07:23:16,504 [Listener at 0.0.0.0/33849] INFO  impl.MetricsSystemImpl (MetricsSystemImpl.java:registerSink(305)) - Registered sink prometheus
2022-07-02 07:23:16,576 [Listener at 0.0.0.0/33849] INFO  server.SCMClientProtocolServer (SCMClientProtocolServer.java:start(169)) - RPC server for Client  is listening at /0.0.0.0:33849
2022-07-02 07:23:16,640 [IPC Server listener on 0] INFO  ipc.Server (Server.java:run(1344)) - IPC Server listener on 0: starting
2022-07-02 07:23:16,642 [Listener at 0.0.0.0/33849] INFO  server.StorageContainerManager (StorageContainerManager.java:start(1437)) - ScmBlockLocationProtocol RPC server is listening at /0.0.0.0:36837
2022-07-02 07:23:16,642 [Listener at 0.0.0.0/33849] INFO  server.SCMBlockProtocolServer (SCMBlockProtocolServer.java:start(151)) - RPC server for Block Protocol is listening at /0.0.0.0:36837
2022-07-02 07:23:16,642 [IPC Server Responder] INFO  ipc.Server (Server.java:run(1507)) - IPC Server Responder: starting
2022-07-02 07:23:16,643 [IPC Server listener on 0] INFO  ipc.Server (Server.java:run(1344)) - IPC Server listener on 0: starting
2022-07-02 07:23:16,661 [Listener at 0.0.0.0/33849] INFO  server.SCMDatanodeProtocolServer (SCMDatanodeProtocolServer.java:start(185)) - ScmDatanodeProtocol RPC server for DataNodes is listening at /0.0.0.0:37081
2022-07-02 07:23:16,684 [IPC Server Responder] INFO  ipc.Server (Server.java:run(1507)) - IPC Server Responder: starting
2022-07-02 07:23:16,696 [IPC Server listener on 0] INFO  ipc.Server (Server.java:run(1344)) - IPC Server listener on 0: starting
2022-07-02 07:23:16,755 [IPC Server Responder] INFO  ipc.Server (Server.java:run(1507)) - IPC Server Responder: starting
2022-07-02 07:23:16,829 [org.apache.hadoop.util.JvmPauseMonitor$Monitor@6abcda34] INFO  util.JvmPauseMonitor (JvmPauseMonitor.java:run(188)) - Starting JVM pause monitor
2022-07-02 07:23:16,830 [Listener at 0.0.0.0/33849] INFO  http.BaseHttpServer (BaseHttpServer.java:newHttpServer2BuilderForOzone(209)) - Starting Web-server for scm at: http://0.0.0.0:0
2022-07-02 07:23:16,830 [Listener at 0.0.0.0/33849] INFO  http.BaseHttpServer (BaseHttpServer.java:<init>(107)) - Hadoop Security Enabled: false Ozone Security Enabled: false Ozone HTTP Security Enabled: false 
2022-07-02 07:23:16,831 [Listener at 0.0.0.0/33849] INFO  server.AuthenticationFilter (AuthenticationFilter.java:constructSecretProvider(240)) - Unable to initialize FileSignerSecretProvider, falling back to use random secrets.
2022-07-02 07:23:16,836 [Listener at 0.0.0.0/33849] WARN  http.HttpRequestLog (HttpRequestLog.java:getRequestLog(103)) - Jetty request log can only be enabled using Log4j
2022-07-02 07:23:16,837 [Listener at 0.0.0.0/33849] INFO  http.HttpServer2 (HttpServer2.java:addGlobalFilter(1029)) - Added global filter 'safety' (class=org.apache.hadoop.hdds.server.http.HttpServer2$QuotingInputFilter)
2022-07-02 07:23:16,838 [Listener at 0.0.0.0/33849] INFO  http.HttpServer2 (HttpServer2.java:addFilter(1005)) - Added filter static_user_filter (class=org.apache.hadoop.http.lib.StaticUserWebFilter$StaticUserFilter) to context scm
2022-07-02 07:23:16,838 [Listener at 0.0.0.0/33849] INFO  http.HttpServer2 (HttpServer2.java:addFilter(1013)) - Added filter static_user_filter (class=org.apache.hadoop.http.lib.StaticUserWebFilter$StaticUserFilter) to context static
2022-07-02 07:23:16,838 [Listener at 0.0.0.0/33849] INFO  http.HttpServer2 (HttpServer2.java:addFilter(1013)) - Added filter static_user_filter (class=org.apache.hadoop.http.lib.StaticUserWebFilter$StaticUserFilter) to context logs
2022-07-02 07:23:16,838 [Listener at 0.0.0.0/33849] INFO  http.HttpServer2 (HttpServer2.java:bindListener(1248)) - Jetty bound to port 45835
2022-07-02 07:23:16,839 [Listener at 0.0.0.0/33849] INFO  server.Server (Server.java:doStart(375)) - jetty-9.4.43.v20210629; built: 2021-06-30T11:07:22.254Z; git: 526006ecfa3af7f1a27ef3a288e2bef7ea9dd7e8; jvm 1.8.0_332-b09
2022-07-02 07:23:16,948 [Listener at 0.0.0.0/33849] INFO  server.session (DefaultSessionIdManager.java:doStart(334)) - DefaultSessionIdManager workerName=node0
2022-07-02 07:23:16,948 [Listener at 0.0.0.0/33849] INFO  server.session (DefaultSessionIdManager.java:doStart(339)) - No SessionScavenger set, using defaults
2022-07-02 07:23:16,949 [Listener at 0.0.0.0/33849] INFO  server.session (HouseKeeper.java:startScavenging(132)) - node0 Scavenging every 660000ms
2022-07-02 07:23:16,949 [Listener at 0.0.0.0/33849] INFO  handler.ContextHandler (ContextHandler.java:doStart(915)) - Started o.e.j.s.ServletContextHandler@7a084d61{logs,/logs,file:///home/runner/work/ozone/ozone/hadoop-ozone/integration-test/target/log,AVAILABLE}
2022-07-02 07:23:16,950 [Listener at 0.0.0.0/33849] INFO  handler.ContextHandler (ContextHandler.java:doStart(915)) - Started o.e.j.s.ServletContextHandler@63c25f3a{static,/static,file:///home/runner/work/ozone/ozone/hadoop-ozone/integration-test/target/test-classes/webapps/static,AVAILABLE}
2022-07-02 07:23:16,962 [Listener at 0.0.0.0/33849] INFO  handler.ContextHandler (ContextHandler.java:doStart(915)) - Started o.e.j.w.WebAppContext@78d10e03{scm,/,file:///home/runner/work/ozone/ozone/hadoop-ozone/integration-test/target/test-classes/webapps/scm/,AVAILABLE}{file:/home/runner/work/ozone/ozone/hadoop-ozone/integration-test/target/test-classes/webapps/scm}
2022-07-02 07:23:16,970 [Listener at 0.0.0.0/33849] INFO  server.AbstractConnector (AbstractConnector.java:doStart(331)) - Started ServerConnector@cc2089{HTTP/1.1, (http/1.1)}{0.0.0.0:45835}
2022-07-02 07:23:16,971 [Listener at 0.0.0.0/33849] INFO  server.Server (Server.java:doStart(415)) - Started @223580ms
2022-07-02 07:23:16,971 [Listener at 0.0.0.0/33849] WARN  impl.MetricsSystemImpl (MetricsSystemImpl.java:register(279)) - Sink prometheus already exists!
2022-07-02 07:23:16,971 [Listener at 0.0.0.0/33849] INFO  http.BaseHttpServer (BaseHttpServer.java:updateConnectorAddress(329)) - HTTP server of scm listening at http://0.0.0.0:45835
2022-07-02 07:23:16,972 [Listener at 0.0.0.0/33849] WARN  server.ServerUtils (ServerUtils.java:getDBPath(225)) - ozone.om.db.dirs is not configured. We recommend adding this setting. Falling back to ozone.metadata.dirs instead.
2022-07-02 07:23:16,973 [Listener at 0.0.0.0/33849] INFO  ha.OMHANodeDetails (OMHANodeDetails.java:loadOMHAConfig(115)) - ozone.om.internal.service.id is not defined, falling back to ozone.om.service.ids to find serviceID for OzoneManager if it is HA enabled cluster
2022-07-02 07:23:16,973 [Listener at 0.0.0.0/33849] INFO  ha.OMHANodeDetails (OMHANodeDetails.java:loadOMHAConfig(226)) - Configuration does not have ozone.om.address set. Falling back to the default OM address /127.0.0.1:0
2022-07-02 07:23:16,974 [Listener at 0.0.0.0/33849] INFO  ha.OMHANodeDetails (OMHANodeDetails.java:getOMNodeDetailsForNonHA(254)) - OM Service ID is not set. Setting it to the default ID: omServiceIdDefault
2022-07-02 07:23:16,974 [Listener at 0.0.0.0/33849] INFO  ha.OMHANodeDetails (OMHANodeDetails.java:getOMNodeDetailsForNonHA(261)) - OM Node ID is not set. Setting it to the default ID: om1
2022-07-02 07:23:17,005 [Listener at 0.0.0.0/33849] WARN  server.ServerUtils (ServerUtils.java:getDBPath(225)) - ozone.om.db.dirs is not configured. We recommend adding this setting. Falling back to ozone.metadata.dirs instead.
2022-07-02 07:23:17,006 [Listener at 0.0.0.0/33849] INFO  upgrade.AbstractLayoutVersionManager (AbstractLayoutVersionManager.java:init(82)) - Initializing Layout version manager with metadata layout = MULTITENANCY_SCHEMA (version = 3), software layout = MULTITENANCY_SCHEMA (version = 3)
2022-07-02 07:23:17,492 [Listener at 0.0.0.0/33849] INFO  reflections.Reflections (Reflections.java:scan(232)) - Reflections took 485 ms to scan 2 urls, producing 153 keys and 430 values [using 2 cores]
2022-07-02 07:23:17,492 [Listener at 0.0.0.0/33849] INFO  upgrade.OMLayoutVersionManager (OMLayoutVersionManager.java:lambda$0(115)) - Skipping Upgrade Action MockOmUpgradeAction since it has been finalized.
2022-07-02 07:23:17,493 [Listener at 0.0.0.0/33849] WARN  server.ServerUtils (ServerUtils.java:getDBPath(225)) - ozone.om.db.dirs is not configured. We recommend adding this setting. Falling back to ozone.metadata.dirs instead.
2022-07-02 07:23:17,493 [Listener at 0.0.0.0/33849] INFO  proxy.SCMBlockLocationFailoverProxyProvider (SCMBlockLocationFailoverProxyProvider.java:<init>(114)) - Created block location fail-over proxy with 1 nodes: [nodeId=scmNodeId,nodeAddress=/0.0.0.0:36837]
2022-07-02 07:23:17,494 [Listener at 0.0.0.0/33849] INFO  proxy.SCMBlockLocationFailoverProxyProvider (SCMBlockLocationFailoverProxyProvider.java:<init>(114)) - Created block location fail-over proxy with 1 nodes: [nodeId=scmNodeId,nodeAddress=/0.0.0.0:36837]
2022-07-02 07:23:17,617 [Listener at 0.0.0.0/33849] WARN  server.ServerUtils (ServerUtils.java:getDBPath(225)) - ozone.om.db.dirs is not configured. We recommend adding this setting. Falling back to ozone.metadata.dirs instead.
2022-07-02 07:23:17,618 [Listener at 0.0.0.0/33849] INFO  codec.OmKeyInfoCodec (OmKeyInfoCodec.java:<init>(49)) - OmKeyInfoCodec ignorePipeline = true
2022-07-02 07:23:17,618 [Listener at 0.0.0.0/33849] INFO  codec.RepeatedOmKeyInfoCodec (RepeatedOmKeyInfoCodec.java:<init>(41)) - RepeatedOmKeyInfoCodec ignorePipeline = true
2022-07-02 07:23:18,474 [Listener at 0.0.0.0/33849] INFO  om.OzoneManager (OzoneManager.java:instantiateServices(692)) - S3 Multi-Tenancy is disabled
2022-07-02 07:23:18,475 [Listener at 0.0.0.0/33849] INFO  om.OzoneManager (OzoneManager.java:addS3GVolumeToDB(4259)) - Created Volume s3v With Owner runner required for S3Gateway operations.
2022-07-02 07:23:18,475 [Listener at 0.0.0.0/33849] WARN  server.ServerUtils (ServerUtils.java:getDefaultRatisDirectory(237)) - Storage directory for Ratis is not configured. It is a good idea to map this to an SSD disk. Falling back to ozone.metadata.dirs
2022-07-02 07:23:18,476 [Listener at 0.0.0.0/33849] WARN  utils.OzoneManagerRatisUtils (OzoneManagerRatisUtils.java:getOMRatisSnapshotDirectory(431)) - ozone.om.ratis.snapshot.dir is not configured. Falling back to ozone.metadata.dirs config
2022-07-02 07:23:18,476 [Listener at 0.0.0.0/33849] WARN  impl.MetricRegistriesImpl (MetricRegistriesImpl.java:addReporterRegistration(111)) - New reporters are added after registries were created. Some metrics will be missing from the reporter. Please add reporter before adding any new registry.
2022-07-02 07:23:18,476 [Listener at 0.0.0.0/33849] WARN  impl.MetricRegistriesImpl (MetricRegistriesImpl.java:addReporterRegistration(111)) - New reporters are added after registries were created. Some metrics will be missing from the reporter. Please add reporter before adding any new registry.
2022-07-02 07:23:18,476 [Listener at 0.0.0.0/33849] WARN  server.ServerUtils (ServerUtils.java:getDefaultRatisDirectory(237)) - Storage directory for Ratis is not configured. It is a good idea to map this to an SSD disk. Falling back to ozone.metadata.dirs
2022-07-02 07:23:18,477 [Listener at 0.0.0.0/33849] INFO  ratis.OzoneManagerRatisServer (OzoneManagerRatisServer.java:<init>(159)) - Instantiating OM Ratis server with groupID: omServiceIdDefault and peers: localhost:9872
2022-07-02 07:23:18,477 [Listener at 0.0.0.0/33849] INFO  ratis.OzoneManagerStateMachine (OzoneManagerStateMachine.java:loadSnapshotInfoFromDB(632)) - LastAppliedIndex is set from TransactionInfo from OM DB as (t:0, i:~)
2022-07-02 07:23:18,508 [Listener at 0.0.0.0/33849] INFO  server.RaftServer (ConfUtils.java:logGet(46)) - raft.rpc.type = GRPC (default)
2022-07-02 07:23:18,508 [Listener at 0.0.0.0/33849] INFO  grpc.GrpcFactory (GrpcFactory.java:checkPooledByteBufAllocatorUseCacheForAllThreads(48)) - PERFORMANCE WARNING: useCacheForAllThreads is true that may cause Netty to create a lot garbage objects and, as a result, trigger GC.
	It is recommended to disable useCacheForAllThreads by setting -Dorg.apache.ratis.thirdparty.io.netty.allocator.useCacheForAllThreads=false in command line.
2022-07-02 07:23:18,508 [Listener at 0.0.0.0/33849] INFO  grpc.GrpcConfigKeys (ConfUtils.java:logGet(46)) - raft.grpc.admin.port = -1 (default)
2022-07-02 07:23:18,509 [Listener at 0.0.0.0/33849] INFO  grpc.GrpcConfigKeys (ConfUtils.java:logGet(46)) - raft.grpc.server.port = 9872 (custom)
2022-07-02 07:23:18,509 [Listener at 0.0.0.0/33849] INFO  grpc.GrpcConfigKeys (ConfUtils.java:logGet(46)) - raft.grpc.client.port = -1 (default)
2022-07-02 07:23:18,509 [Listener at 0.0.0.0/33849] INFO  grpc.GrpcConfigKeys (ConfUtils.java:logGet(46)) - raft.grpc.server.port = 9872 (custom)
2022-07-02 07:23:18,509 [Listener at 0.0.0.0/33849] INFO  grpc.GrpcConfigKeys (ConfUtils.java:logGet(46)) - raft.grpc.server.port = 9872 (custom)
2022-07-02 07:23:18,509 [Listener at 0.0.0.0/33849] INFO  server.GrpcService (ConfUtils.java:logGet(46)) - raft.grpc.message.size.max = 33554432 (custom)
2022-07-02 07:23:18,509 [Listener at 0.0.0.0/33849] INFO  server.RaftServerConfigKeys (ConfUtils.java:logGet(46)) - raft.server.log.appender.buffer.byte-limit = 33554432 (custom)
2022-07-02 07:23:18,509 [Listener at 0.0.0.0/33849] INFO  server.GrpcService (ConfUtils.java:logGet(46)) - raft.grpc.flow.control.window = 1MB (=1048576) (default)
2022-07-02 07:23:18,509 [Listener at 0.0.0.0/33849] INFO  server.RaftServerConfigKeys (ConfUtils.java:logGet(46)) - raft.server.rpc.request.timeout = 3000ms (default)
2022-07-02 07:23:18,510 [Listener at 0.0.0.0/33849] INFO  grpc.GrpcConfigKeys (ConfUtils.java:logGet(46)) - raft.grpc.server.async.request.thread.pool.cached = true (default)
2022-07-02 07:23:18,510 [Listener at 0.0.0.0/33849] INFO  grpc.GrpcConfigKeys (ConfUtils.java:logGet(46)) - raft.grpc.server.async.request.thread.pool.size = 32 (default)
2022-07-02 07:23:18,512 [Listener at 0.0.0.0/33849] INFO  impl.DataStreamServerImpl (ConfUtils.java:logGet(46)) - raft.datastream.type = DISABLED (default)
2022-07-02 07:23:18,512 [Listener at 0.0.0.0/33849] INFO  server.RaftServerConfigKeys (ConfUtils.java:logGet(46)) - raft.server.threadpool.proxy.cached = true (default)
2022-07-02 07:23:18,512 [Listener at 0.0.0.0/33849] INFO  server.RaftServerConfigKeys (ConfUtils.java:logGet(46)) - raft.server.threadpool.proxy.size = 0 (default)
2022-07-02 07:23:18,512 [Listener at 0.0.0.0/33849] INFO  server.RaftServerConfigKeys (ConfUtils.java:logGet(46)) - raft.server.rpc.slowness.timeout = 120s (custom)
2022-07-02 07:23:18,512 [Listener at 0.0.0.0/33849] INFO  server.RaftServerConfigKeys (ConfUtils.java:logGet(46)) - raft.server.leaderelection.leader.step-down.wait-time = 10s (default)
2022-07-02 07:23:18,512 [Listener at 0.0.0.0/33849] INFO  server.RaftServerConfigKeys (ConfUtils.java:logGet(46)) - raft.server.storage.dir = [/home/runner/work/ozone/ozone/hadoop-ozone/integration-test/target/test-dir/MiniOzoneClusterImpl-0529b123-343e-47c8-b09a-e64196ae32df/ozone-meta/ratis] (custom)
2022-07-02 07:23:18,513 [Listener at 0.0.0.0/33849] INFO  server.RaftServer (RaftServerProxy.java:addNew(96)) - om1: addNew group-C5BA1605619E:[om1|rpc:localhost:9872|priority:0] returns group-C5BA1605619E:java.util.concurrent.CompletableFuture@51db31c2[Not completed]
2022-07-02 07:23:18,513 [Listener at 0.0.0.0/33849] INFO  om.OzoneManager (OzoneManager.java:initializeRatisServer(1961)) - OzoneManager Ratis server initialized at port 9872
2022-07-02 07:23:18,514 [Listener at 0.0.0.0/33849] INFO  om.OzoneManager (OzoneManager.java:getRpcServer(1081)) - Creating RPC Server
2022-07-02 07:23:18,516 [pool-828-thread-1] INFO  server.RaftServer$Division (RaftServerImpl.java:<init>(190)) - om1: new RaftServerImpl for group-C5BA1605619E:[om1|rpc:localhost:9872|priority:0] with OzoneManagerStateMachine:uninitialized
2022-07-02 07:23:18,516 [pool-828-thread-1] INFO  server.RaftServerConfigKeys (ConfUtils.java:logGet(46)) - raft.server.rpc.timeout.min = 1s (custom)
2022-07-02 07:23:18,516 [pool-828-thread-1] INFO  server.RaftServerConfigKeys (ConfUtils.java:logGet(46)) - raft.server.rpc.timeout.max = 1200ms (custom)
2022-07-02 07:23:18,516 [pool-828-thread-1] INFO  server.RaftServerConfigKeys (ConfUtils.java:logGet(46)) - raft.server.rpc.sleep.time = 25ms (default)
2022-07-02 07:23:18,516 [pool-828-thread-1] INFO  server.RaftServerConfigKeys (ConfUtils.java:logGet(46)) - raft.server.rpc.slowness.timeout = 120s (custom)
2022-07-02 07:23:18,516 [pool-828-thread-1] INFO  server.RaftServerConfigKeys (ConfUtils.java:logGet(46)) - raft.server.leaderelection.leader.step-down.wait-time = 10s (default)
2022-07-02 07:23:18,516 [pool-828-thread-1] INFO  server.RaftServerConfigKeys (ConfUtils.java:logGet(46)) - raft.server.sleep.deviation.threshold = 300ms (default)
2022-07-02 07:23:18,516 [pool-828-thread-1] INFO  server.RaftServer$Division (ServerState.java:<init>(107)) - om1@group-C5BA1605619E: ConfigurationManager, init=-1: [om1|rpc:localhost:9872|priority:0], old=null, confs=<EMPTY_MAP>
2022-07-02 07:23:18,516 [pool-828-thread-1] INFO  server.RaftServerConfigKeys (ConfUtils.java:logGet(46)) - raft.server.storage.dir = [/home/runner/work/ozone/ozone/hadoop-ozone/integration-test/target/test-dir/MiniOzoneClusterImpl-0529b123-343e-47c8-b09a-e64196ae32df/ozone-meta/ratis] (custom)
2022-07-02 07:23:18,516 [pool-828-thread-1] INFO  server.RaftServerConfigKeys (ConfUtils.java:logGet(46)) - raft.server.log.corruption.policy = EXCEPTION (default)
2022-07-02 07:23:18,516 [pool-828-thread-1] INFO  server.RaftServerConfigKeys (ConfUtils.java:logGet(46)) - raft.server.storage.free-space.min = 0MB (=0) (default)
2022-07-02 07:23:18,517 [pool-828-thread-1] INFO  storage.RaftStorageDirectory (RaftStorageDirectoryImpl.java:analyzeStorage(135)) - The storage directory /home/runner/work/ozone/ozone/hadoop-ozone/integration-test/target/test-dir/MiniOzoneClusterImpl-0529b123-343e-47c8-b09a-e64196ae32df/ozone-meta/ratis/bf265839-605b-3f16-9796-c5ba1605619e does not exist. Creating ...
2022-07-02 07:23:18,518 [pool-828-thread-1] INFO  storage.RaftStorageDirectory (RaftStorageDirectoryImpl.java:tryLock(230)) - Lock on /home/runner/work/ozone/ozone/hadoop-ozone/integration-test/target/test-dir/MiniOzoneClusterImpl-0529b123-343e-47c8-b09a-e64196ae32df/ozone-meta/ratis/bf265839-605b-3f16-9796-c5ba1605619e/in_use.lock acquired by nodename 16391@fv-az444-838
2022-07-02 07:23:18,519 [pool-828-thread-1] INFO  storage.RaftStorage (RaftStorageImpl.java:format(89)) - Storage directory /home/runner/work/ozone/ozone/hadoop-ozone/integration-test/target/test-dir/MiniOzoneClusterImpl-0529b123-343e-47c8-b09a-e64196ae32df/ozone-meta/ratis/bf265839-605b-3f16-9796-c5ba1605619e has been successfully formatted.
2022-07-02 07:23:18,520 [pool-828-thread-1] INFO  server.RaftServerConfigKeys (ConfUtils.java:logGet(46)) - raft.server.notification.no-leader.timeout = 120s (custom)
2022-07-02 07:23:18,520 [pool-828-thread-1] INFO  server.RaftServerConfigKeys (ConfUtils.java:logGet(46)) - raft.server.log.use.memory = false (default)
2022-07-02 07:23:18,520 [pool-828-thread-1] INFO  server.RaftServerConfigKeys (ConfUtils.java:logGet(46)) - raft.server.log.purge.gap = 1000000 (custom)
2022-07-02 07:23:18,520 [pool-828-thread-1] INFO  server.RaftServerConfigKeys (ConfUtils.java:logGet(46)) - raft.server.log.appender.buffer.byte-limit = 33554432 (custom)
2022-07-02 07:23:18,520 [pool-828-thread-1] INFO  server.RaftServerConfigKeys (ConfUtils.java:logGet(46)) - raft.server.log.statemachine.data.read.timeout = 1000ms (default)
2022-07-02 07:23:18,520 [pool-828-thread-1] INFO  server.RaftServerConfigKeys (ConfUtils.java:logGet(46)) - raft.server.log.segment.size.max = 4194304 (custom)
2022-07-02 07:23:18,521 [pool-828-thread-1] INFO  server.RaftServerConfigKeys (ConfUtils.java:logGet(46)) - raft.server.log.segment.cache.num.max = 2 (custom)
2022-07-02 07:23:18,521 [pool-828-thread-1] INFO  server.RaftServerConfigKeys (ConfUtils.java:logGet(46)) - raft.server.log.segment.cache.size.max = 200MB (=209715200) (default)
2022-07-02 07:23:18,521 [pool-828-thread-1] INFO  segmented.SegmentedRaftLogWorker (SegmentedRaftLogWorker.java:<init>(187)) - new om1@group-C5BA1605619E-SegmentedRaftLogWorker for RaftStorageImpl:Storage Directory /home/runner/work/ozone/ozone/hadoop-ozone/integration-test/target/test-dir/MiniOzoneClusterImpl-0529b123-343e-47c8-b09a-e64196ae32df/ozone-meta/ratis/bf265839-605b-3f16-9796-c5ba1605619e
2022-07-02 07:23:18,521 [pool-828-thread-1] INFO  server.RaftServerConfigKeys (ConfUtils.java:logGet(46)) - raft.server.log.queue.byte-limit = 64MB (=67108864) (default)
2022-07-02 07:23:18,521 [pool-828-thread-1] INFO  server.RaftServerConfigKeys (ConfUtils.java:logGet(46)) - raft.server.log.queue.element-limit = 4096 (default)
2022-07-02 07:23:18,521 [pool-828-thread-1] INFO  server.RaftServerConfigKeys (ConfUtils.java:logGet(46)) - raft.server.log.segment.size.max = 4194304 (custom)
2022-07-02 07:23:18,521 [pool-828-thread-1] INFO  server.RaftServerConfigKeys (ConfUtils.java:logGet(46)) - raft.server.log.preallocated.size = 4194304 (custom)
2022-07-02 07:23:18,521 [pool-828-thread-1] INFO  server.RaftServerConfigKeys (ConfUtils.java:logGet(46)) - raft.server.log.force.sync.num = 128 (default)
2022-07-02 07:23:18,521 [pool-828-thread-1] INFO  server.RaftServerConfigKeys (ConfUtils.java:logGet(46)) - raft.server.log.statemachine.data.sync = true (default)
2022-07-02 07:23:18,521 [pool-828-thread-1] INFO  server.RaftServerConfigKeys (ConfUtils.java:logGet(46)) - raft.server.log.statemachine.data.sync.timeout = 10s (default)
2022-07-02 07:23:18,521 [pool-828-thread-1] INFO  server.RaftServerConfigKeys (ConfUtils.java:logGet(46)) - raft.server.log.statemachine.data.sync.timeout.retry = -1 (default)
2022-07-02 07:23:18,525 [pool-828-thread-1] INFO  server.RaftServerConfigKeys (ConfUtils.java:logGet(46)) - raft.server.log.write.buffer.size = 64KB (=65536) (default)
2022-07-02 07:23:18,525 [pool-828-thread-1] INFO  server.RaftServerConfigKeys (ConfUtils.java:logGet(46)) - raft.server.log.unsafe-flush.enabled = false (default)
2022-07-02 07:23:18,525 [pool-828-thread-1] INFO  server.RaftServerConfigKeys (ConfUtils.java:logGet(46)) - raft.server.log.statemachine.data.caching.enabled = false (default)
2022-07-02 07:23:18,525 [pool-828-thread-1] INFO  segmented.SegmentedRaftLogWorker (SegmentedRaftLogWorker.java:lambda$new$0(135)) - om1@group-C5BA1605619E-SegmentedRaftLogWorker: flushIndex: setUnconditionally 0 -> -1
2022-07-02 07:23:18,525 [pool-828-thread-1] INFO  segmented.SegmentedRaftLogWorker (SegmentedRaftLogWorker.java:lambda$new$0(135)) - om1@group-C5BA1605619E-SegmentedRaftLogWorker: safeCacheEvictIndex: setUnconditionally 0 -> -1
2022-07-02 07:23:18,532 [pool-828-thread-1] INFO  server.RaftServerConfigKeys (ConfUtils.java:logGet(46)) - raft.server.snapshot.auto.trigger.enabled = true (custom)
2022-07-02 07:23:18,532 [pool-828-thread-1] INFO  server.RaftServerConfigKeys (ConfUtils.java:logGet(46)) - raft.server.snapshot.auto.trigger.threshold = 400000 (default)
2022-07-02 07:23:18,532 [pool-828-thread-1] INFO  server.RaftServerConfigKeys (ConfUtils.java:logGet(46)) - raft.server.snapshot.retention.file.num = -1 (default)
2022-07-02 07:23:18,532 [pool-828-thread-1] INFO  server.RaftServerConfigKeys (ConfUtils.java:logGet(46)) - raft.server.log.purge.upto.snapshot.index = true (custom)
2022-07-02 07:23:18,532 [pool-828-thread-1] INFO  server.RaftServerConfigKeys (ConfUtils.java:logGet(46)) - raft.server.retrycache.expirytime = 300s (custom)
2022-07-02 07:23:18,532 [pool-828-thread-1] INFO  server.RaftServerConfigKeys (ConfUtils.java:logGet(46)) - raft.server.retrycache.statistics.expirytime = 100μs (default)
2022-07-02 07:23:18,534 [pool-828-thread-1] INFO  server.RaftServerConfigKeys (ConfUtils.java:logGet(46)) - raft.server.log.appender.install.snapshot.enabled = false (custom)
2022-07-02 07:23:18,534 [pool-828-thread-1] INFO  server.RaftServerConfigKeys (ConfUtils.java:logGet(46)) - raft.server.threadpool.server.cached = true (default)
2022-07-02 07:23:18,534 [pool-828-thread-1] INFO  server.RaftServerConfigKeys (ConfUtils.java:logGet(46)) - raft.server.threadpool.server.size = 0 (default)
2022-07-02 07:23:18,534 [pool-828-thread-1] INFO  server.RaftServerConfigKeys (ConfUtils.java:logGet(46)) - raft.server.threadpool.client.cached = true (default)
2022-07-02 07:23:18,534 [pool-828-thread-1] INFO  server.RaftServerConfigKeys (ConfUtils.java:logGet(46)) - raft.server.threadpool.client.size = 0 (default)
2022-07-02 07:23:20,151 [Listener at 0.0.0.0/33849] INFO  reflections.Reflections (Reflections.java:scan(232)) - Reflections took 1636 ms to scan 19 urls, producing 66 keys and 4088 values [using 2 cores]
2022-07-02 07:23:20,153 [Listener at 0.0.0.0/33849] INFO  ipc.CallQueueManager (CallQueueManager.java:<init>(90)) - Using callQueue: class java.util.concurrent.LinkedBlockingQueue, queueCapacity: 2000, scheduler: class org.apache.hadoop.ipc.DefaultRpcScheduler, ipcBackoff: false.
2022-07-02 07:23:20,179 [Socket Reader #1 for port 0] INFO  ipc.Server (Server.java:run(1265)) - Starting Socket Reader #1 for port 0
2022-07-02 07:23:20,309 [Listener at 127.0.0.1/38259] INFO  impl.MetricsSystemImpl (MetricsSystemImpl.java:init(158)) - OzoneManager metrics system started (again)
2022-07-02 07:23:20,342 [Listener at 127.0.0.1/38259] INFO  om.OzoneManager (OzoneManager.java:start(1465)) - OzoneManager RPC server is listening at localhost/127.0.0.1:38259
2022-07-02 07:23:20,342 [Listener at 127.0.0.1/38259] INFO  ratis.OzoneManagerRatisServer (OzoneManagerRatisServer.java:start(554)) - Starting OzoneManagerRatisServer om1 at port 9872
2022-07-02 07:23:20,342 [om1-impl-thread1] INFO  server.RaftServer$Division (RaftServerImpl.java:start(310)) - om1@group-C5BA1605619E: start as a follower, conf=-1: [om1|rpc:localhost:9872|priority:0], old=null
2022-07-02 07:23:20,343 [om1-impl-thread1] INFO  server.RaftServer$Division (RaftServerImpl.java:setRole(299)) - om1@group-C5BA1605619E: changes role from      null to FOLLOWER at term 0 for startAsFollower
2022-07-02 07:23:20,343 [om1-impl-thread1] INFO  impl.RoleInfo (RoleInfo.java:updateAndGet(139)) - om1: start om1@group-C5BA1605619E-FollowerState
2022-07-02 07:23:20,343 [om1-impl-thread1] INFO  util.JmxRegister (JmxRegister.java:tryRegister(44)) - Successfully registered JMX Bean with object name Ratis:service=RaftServer,group=group-C5BA1605619E,id=om1
2022-07-02 07:23:20,355 [Listener at 127.0.0.1/38259] INFO  server.RaftServer (RaftServerProxy.java:lambda$start$6(382)) - om1: start RPC server
2022-07-02 07:23:20,425 [Listener at 127.0.0.1/38259] INFO  server.GrpcService (GrpcService.java:startImpl(260)) - om1: GrpcService started, listening on 9872
2022-07-02 07:23:20,425 [Listener at 127.0.0.1/38259] INFO  om.OzoneManager (OzoneManager.java:start(1481)) - Version File has different layout version (3) than OM DB (null). That is expected if this OM has never been finalized to a newer layout version.
2022-07-02 07:23:20,426 [org.apache.ratis.util.JvmPauseMonitor$$Lambda$611/1072797734@7cf62b6d] INFO  util.JvmPauseMonitor (JvmPauseMonitor.java:run(103)) - JvmPauseMonitor-om1: Started
2022-07-02 07:23:20,430 [Listener at 127.0.0.1/38259] INFO  http.BaseHttpServer (BaseHttpServer.java:newHttpServer2BuilderForOzone(209)) - Starting Web-server for ozoneManager at: http://0.0.0.0:0
2022-07-02 07:23:20,430 [Listener at 127.0.0.1/38259] INFO  http.BaseHttpServer (BaseHttpServer.java:<init>(107)) - Hadoop Security Enabled: false Ozone Security Enabled: false Ozone HTTP Security Enabled: false 
2022-07-02 07:23:20,431 [Listener at 127.0.0.1/38259] INFO  server.AuthenticationFilter (AuthenticationFilter.java:constructSecretProvider(240)) - Unable to initialize FileSignerSecretProvider, falling back to use random secrets.
2022-07-02 07:23:20,432 [Listener at 127.0.0.1/38259] WARN  http.HttpRequestLog (HttpRequestLog.java:getRequestLog(103)) - Jetty request log can only be enabled using Log4j
2022-07-02 07:23:20,433 [Listener at 127.0.0.1/38259] INFO  http.HttpServer2 (HttpServer2.java:addGlobalFilter(1029)) - Added global filter 'safety' (class=org.apache.hadoop.hdds.server.http.HttpServer2$QuotingInputFilter)
2022-07-02 07:23:20,434 [Listener at 127.0.0.1/38259] INFO  http.HttpServer2 (HttpServer2.java:addFilter(1005)) - Added filter static_user_filter (class=org.apache.hadoop.http.lib.StaticUserWebFilter$StaticUserFilter) to context ozoneManager
2022-07-02 07:23:20,434 [Listener at 127.0.0.1/38259] INFO  http.HttpServer2 (HttpServer2.java:addFilter(1013)) - Added filter static_user_filter (class=org.apache.hadoop.http.lib.StaticUserWebFilter$StaticUserFilter) to context logs
2022-07-02 07:23:20,434 [Listener at 127.0.0.1/38259] INFO  http.HttpServer2 (HttpServer2.java:addFilter(1013)) - Added filter static_user_filter (class=org.apache.hadoop.http.lib.StaticUserWebFilter$StaticUserFilter) to context static
2022-07-02 07:23:20,434 [Listener at 127.0.0.1/38259] INFO  http.HttpServer2 (HttpServer2.java:bindListener(1248)) - Jetty bound to port 33335
2022-07-02 07:23:20,434 [Listener at 127.0.0.1/38259] INFO  server.Server (Server.java:doStart(375)) - jetty-9.4.43.v20210629; built: 2021-06-30T11:07:22.254Z; git: 526006ecfa3af7f1a27ef3a288e2bef7ea9dd7e8; jvm 1.8.0_332-b09
2022-07-02 07:23:20,498 [Listener at 127.0.0.1/38259] INFO  server.session (DefaultSessionIdManager.java:doStart(334)) - DefaultSessionIdManager workerName=node0
2022-07-02 07:23:20,499 [Listener at 127.0.0.1/38259] INFO  server.session (DefaultSessionIdManager.java:doStart(339)) - No SessionScavenger set, using defaults
2022-07-02 07:23:20,499 [Listener at 127.0.0.1/38259] INFO  server.session (HouseKeeper.java:startScavenging(132)) - node0 Scavenging every 600000ms
2022-07-02 07:23:20,517 [Listener at 127.0.0.1/38259] INFO  handler.ContextHandler (ContextHandler.java:doStart(915)) - Started o.e.j.s.ServletContextHandler@44f13572{logs,/logs,file:///home/runner/work/ozone/ozone/hadoop-ozone/integration-test/target/log,AVAILABLE}
2022-07-02 07:23:20,518 [Listener at 127.0.0.1/38259] INFO  handler.ContextHandler (ContextHandler.java:doStart(915)) - Started o.e.j.s.ServletContextHandler@75eb1713{static,/static,file:///home/runner/work/ozone/ozone/hadoop-ozone/integration-test/target/test-classes/webapps/static,AVAILABLE}
2022-07-02 07:23:20,533 [Listener at 127.0.0.1/38259] INFO  handler.ContextHandler (ContextHandler.java:doStart(915)) - Started o.e.j.w.WebAppContext@3f9df28e{ozoneManager,/,file:///home/runner/work/ozone/ozone/hadoop-ozone/integration-test/target/test-classes/webapps/ozoneManager/,AVAILABLE}{file:/home/runner/work/ozone/ozone/hadoop-ozone/integration-test/target/test-classes/webapps/ozoneManager}
2022-07-02 07:23:20,552 [Listener at 127.0.0.1/38259] INFO  server.AbstractConnector (AbstractConnector.java:doStart(331)) - Started ServerConnector@15307c1e{HTTP/1.1, (http/1.1)}{0.0.0.0:33335}
2022-07-02 07:23:20,552 [Listener at 127.0.0.1/38259] INFO  server.Server (Server.java:doStart(415)) - Started @227162ms
2022-07-02 07:23:20,552 [Listener at 127.0.0.1/38259] WARN  impl.MetricsSystemImpl (MetricsSystemImpl.java:register(279)) - Sink prometheus already exists!
2022-07-02 07:23:20,560 [Listener at 127.0.0.1/38259] INFO  http.BaseHttpServer (BaseHttpServer.java:updateConnectorAddress(329)) - HTTP server of ozoneManager listening at http://0.0.0.0:33335
2022-07-02 07:23:20,584 [IPC Server Responder] INFO  ipc.Server (Server.java:run(1507)) - IPC Server Responder: starting
2022-07-02 07:23:20,589 [IPC Server listener on 0] INFO  ipc.Server (Server.java:run(1344)) - IPC Server listener on 0: starting
2022-07-02 07:23:20,633 [Listener at 127.0.0.1/38259] INFO  om.TrashPolicyOzone (TrashPolicyOzone.java:<init>(178)) - Ozone Manager trash configuration: Deletion interval = 0 minutes, Emptier interval = 0 minutes.
2022-07-02 07:23:20,683 [Listener at 127.0.0.1/38259] WARN  impl.MetricRegistriesImpl (MetricRegistriesImpl.java:addReporterRegistration(111)) - New reporters are added after registries were created. Some metrics will be missing from the reporter. Please add reporter before adding any new registry.
2022-07-02 07:23:20,683 [Listener at 127.0.0.1/38259] WARN  impl.MetricRegistriesImpl (MetricRegistriesImpl.java:addReporterRegistration(111)) - New reporters are added after registries were created. Some metrics will be missing from the reporter. Please add reporter before adding any new registry.
2022-07-02 07:23:20,683 [Listener at 127.0.0.1/38259] INFO  impl.MetricsSystemImpl (MetricsSystemImpl.java:init(158)) - HddsDatanode metrics system started (again)
2022-07-02 07:23:20,684 [org.apache.hadoop.util.JvmPauseMonitor$Monitor@5816a73b] INFO  util.JvmPauseMonitor (JvmPauseMonitor.java:run(188)) - Starting JVM pause monitor
2022-07-02 07:23:20,812 [Listener at 127.0.0.1/38259] INFO  ozone.HddsDatanodeService (HddsDatanodeService.java:start(236)) - HddsDatanodeService host:fv-az444-838.dthhdds2jluu1c0oa55ndv1hsg.dx.internal.cloudapp.net ip:10.1.0.20
2022-07-02 07:23:20,932 [Listener at 127.0.0.1/38259] INFO  upgrade.AbstractLayoutVersionManager (AbstractLayoutVersionManager.java:init(82)) - Initializing Layout version manager with metadata layout = DATANODE_SCHEMA_V3 (version = 4), software layout = DATANODE_SCHEMA_V3 (version = 4)
2022-07-02 07:23:21,159 [Listener at 127.0.0.1/38259] INFO  reflections.Reflections (Reflections.java:scan(232)) - Reflections took 225 ms to scan 7 urls, producing 132 keys and 317 values 
2022-07-02 07:23:21,165 [Listener at 127.0.0.1/38259] INFO  statemachine.DatanodeStateMachine (DatanodeStateMachine.java:getEndPointTaskThreadPoolSize(237)) - Datanode State Machine Task Thread Pool size 2
2022-07-02 07:23:21,173 [Listener at 127.0.0.1/38259] INFO  volume.HddsVolume (HddsVolume.java:<init>(116)) - Creating HddsVolume: /home/runner/work/ozone/ozone/hadoop-ozone/integration-test/target/test-dir/MiniOzoneClusterImpl-0529b123-343e-47c8-b09a-e64196ae32df/datanode-0/data-0/containers/hdds of storage type : DISK capacity : 9223372036854775807
2022-07-02 07:23:21,174 [Listener at 127.0.0.1/38259] INFO  volume.MutableVolumeSet (MutableVolumeSet.java:initializeVolumeSet(174)) - Added Volume : /home/runner/work/ozone/ozone/hadoop-ozone/integration-test/target/test-dir/MiniOzoneClusterImpl-0529b123-343e-47c8-b09a-e64196ae32df/datanode-0/data-0/containers/hdds to VolumeSet
2022-07-02 07:23:21,174 [Listener at 127.0.0.1/38259] INFO  volume.ThrottledAsyncChecker (ThrottledAsyncChecker.java:schedule(141)) - Scheduling a check for /home/runner/work/ozone/ozone/hadoop-ozone/integration-test/target/test-dir/MiniOzoneClusterImpl-0529b123-343e-47c8-b09a-e64196ae32df/datanode-0/data-0/containers/hdds
2022-07-02 07:23:21,213 [Listener at 127.0.0.1/38259] INFO  volume.StorageVolumeChecker (StorageVolumeChecker.java:checkAllVolumes(202)) - Scheduled health check for volume /home/runner/work/ozone/ozone/hadoop-ozone/integration-test/target/test-dir/MiniOzoneClusterImpl-0529b123-343e-47c8-b09a-e64196ae32df/datanode-0/data-0/containers/hdds
2022-07-02 07:23:21,227 [Listener at 127.0.0.1/38259] INFO  volume.MutableVolumeSet (MutableVolumeSet.java:initializeVolumeSet(174)) - Added Volume : /home/runner/work/ozone/ozone/hadoop-ozone/integration-test/target/test-dir/MiniOzoneClusterImpl-0529b123-343e-47c8-b09a-e64196ae32df/datanode-0/data/ratis to VolumeSet
2022-07-02 07:23:21,227 [Listener at 127.0.0.1/38259] INFO  volume.ThrottledAsyncChecker (ThrottledAsyncChecker.java:schedule(141)) - Scheduling a check for /home/runner/work/ozone/ozone/hadoop-ozone/integration-test/target/test-dir/MiniOzoneClusterImpl-0529b123-343e-47c8-b09a-e64196ae32df/datanode-0/data/ratis
2022-07-02 07:23:21,227 [Listener at 127.0.0.1/38259] INFO  volume.StorageVolumeChecker (StorageVolumeChecker.java:checkAllVolumes(202)) - Scheduled health check for volume /home/runner/work/ozone/ozone/hadoop-ozone/integration-test/target/test-dir/MiniOzoneClusterImpl-0529b123-343e-47c8-b09a-e64196ae32df/datanode-0/data/ratis
2022-07-02 07:23:21,292 [Thread-1588] INFO  ozoneimpl.ContainerReader (ContainerReader.java:readVolume(172)) - Finish verifying containers on volume /home/runner/work/ozone/ozone/hadoop-ozone/integration-test/target/test-dir/MiniOzoneClusterImpl-0529b123-343e-47c8-b09a-e64196ae32df/datanode-0/data-0/containers/hdds
2022-07-02 07:23:21,292 [Listener at 127.0.0.1/38259] INFO  ozoneimpl.OzoneContainer (OzoneContainer.java:buildContainerSet(266)) - Build ContainerSet costs 0s
2022-07-02 07:23:21,308 [Listener at 127.0.0.1/38259] INFO  server.RaftServer (ConfUtils.java:logGet(46)) - raft.rpc.type = GRPC (default)
2022-07-02 07:23:21,308 [Listener at 127.0.0.1/38259] INFO  grpc.GrpcFactory (GrpcFactory.java:checkPooledByteBufAllocatorUseCacheForAllThreads(48)) - PERFORMANCE WARNING: useCacheForAllThreads is true that may cause Netty to create a lot garbage objects and, as a result, trigger GC.
	It is recommended to disable useCacheForAllThreads by setting -Dorg.apache.ratis.thirdparty.io.netty.allocator.useCacheForAllThreads=false in command line.
2022-07-02 07:23:21,309 [Listener at 127.0.0.1/38259] INFO  grpc.GrpcConfigKeys (ConfUtils.java:logGet(46)) - raft.grpc.admin.port = 0 (custom)
2022-07-02 07:23:21,309 [Listener at 127.0.0.1/38259] INFO  grpc.GrpcConfigKeys (ConfUtils.java:logGet(46)) - raft.grpc.client.port = 0 (custom)
2022-07-02 07:23:21,309 [Listener at 127.0.0.1/38259] INFO  grpc.GrpcConfigKeys (ConfUtils.java:logGet(46)) - raft.grpc.server.port = 0 (default)
2022-07-02 07:23:21,309 [Listener at 127.0.0.1/38259] INFO  server.GrpcService (ConfUtils.java:logGet(46)) - raft.grpc.message.size.max = 32MB (=33554432) (custom)
2022-07-02 07:23:21,309 [Listener at 127.0.0.1/38259] INFO  server.RaftServerConfigKeys (ConfUtils.java:logGet(46)) - raft.server.log.appender.buffer.byte-limit = 33554432 (custom)
2022-07-02 07:23:21,309 [Listener at 127.0.0.1/38259] INFO  server.GrpcService (ConfUtils.java:logGet(46)) - raft.grpc.flow.control.window = 5MB (=5242880) (custom)
2022-07-02 07:23:21,309 [Listener at 127.0.0.1/38259] INFO  server.RaftServerConfigKeys (ConfUtils.java:logGet(46)) - raft.server.rpc.request.timeout = 60s (custom)
2022-07-02 07:23:21,309 [Listener at 127.0.0.1/38259] INFO  grpc.GrpcConfigKeys (ConfUtils.java:logGet(46)) - raft.grpc.server.async.request.thread.pool.cached = true (default)
2022-07-02 07:23:21,309 [Listener at 127.0.0.1/38259] INFO  grpc.GrpcConfigKeys (ConfUtils.java:logGet(46)) - raft.grpc.server.async.request.thread.pool.size = 32 (default)
2022-07-02 07:23:21,311 [Listener at 127.0.0.1/38259] INFO  impl.DataStreamServerImpl (ConfUtils.java:logGet(46)) - raft.datastream.type = DISABLED (default)
2022-07-02 07:23:21,311 [Listener at 127.0.0.1/38259] INFO  server.RaftServerConfigKeys (ConfUtils.java:logGet(46)) - raft.server.threadpool.proxy.cached = true (default)
2022-07-02 07:23:21,311 [Listener at 127.0.0.1/38259] INFO  server.RaftServerConfigKeys (ConfUtils.java:logGet(46)) - raft.server.threadpool.proxy.size = 0 (default)
2022-07-02 07:23:21,311 [Listener at 127.0.0.1/38259] INFO  server.RaftServerConfigKeys (ConfUtils.java:logGet(46)) - raft.server.rpc.slowness.timeout = 300s (custom)
2022-07-02 07:23:21,311 [Listener at 127.0.0.1/38259] INFO  server.RaftServerConfigKeys (ConfUtils.java:logGet(46)) - raft.server.leaderelection.leader.step-down.wait-time = 10s (default)
2022-07-02 07:23:21,311 [Listener at 127.0.0.1/38259] INFO  server.RaftServerConfigKeys (ConfUtils.java:logGet(46)) - raft.server.storage.dir = [/home/runner/work/ozone/ozone/hadoop-ozone/integration-test/target/test-dir/MiniOzoneClusterImpl-0529b123-343e-47c8-b09a-e64196ae32df/datanode-0/data/ratis] (custom)
2022-07-02 07:23:21,338 [Listener at 127.0.0.1/38259] INFO  server.XceiverServerGrpc (XceiverServerGrpc.java:<init>(132)) - GrpcServer channel type EpollServerSocketChannel
2022-07-02 07:23:21,384 [Listener at 127.0.0.1/38259] INFO  http.BaseHttpServer (BaseHttpServer.java:newHttpServer2BuilderForOzone(209)) - Starting Web-server for hddsDatanode at: http://0.0.0.0:0
2022-07-02 07:23:21,384 [Listener at 127.0.0.1/38259] INFO  http.BaseHttpServer (BaseHttpServer.java:<init>(107)) - Hadoop Security Enabled: false Ozone Security Enabled: false Ozone HTTP Security Enabled: false 
2022-07-02 07:23:21,387 [Listener at 127.0.0.1/38259] INFO  server.AuthenticationFilter (AuthenticationFilter.java:constructSecretProvider(240)) - Unable to initialize FileSignerSecretProvider, falling back to use random secrets.
2022-07-02 07:23:21,404 [Listener at 127.0.0.1/38259] WARN  http.HttpRequestLog (HttpRequestLog.java:getRequestLog(103)) - Jetty request log can only be enabled using Log4j
2022-07-02 07:23:21,405 [Listener at 127.0.0.1/38259] INFO  http.HttpServer2 (HttpServer2.java:addGlobalFilter(1029)) - Added global filter 'safety' (class=org.apache.hadoop.hdds.server.http.HttpServer2$QuotingInputFilter)
2022-07-02 07:23:21,437 [Listener at 127.0.0.1/38259] INFO  http.HttpServer2 (HttpServer2.java:addFilter(1005)) - Added filter static_user_filter (class=org.apache.hadoop.http.lib.StaticUserWebFilter$StaticUserFilter) to context hddsDatanode
2022-07-02 07:23:21,438 [Listener at 127.0.0.1/38259] INFO  http.HttpServer2 (HttpServer2.java:addFilter(1013)) - Added filter static_user_filter (class=org.apache.hadoop.http.lib.StaticUserWebFilter$StaticUserFilter) to context static
2022-07-02 07:23:21,438 [Listener at 127.0.0.1/38259] INFO  http.HttpServer2 (HttpServer2.java:addFilter(1013)) - Added filter static_user_filter (class=org.apache.hadoop.http.lib.StaticUserWebFilter$StaticUserFilter) to context logs
2022-07-02 07:23:21,438 [Listener at 127.0.0.1/38259] INFO  http.HttpServer2 (HttpServer2.java:bindListener(1248)) - Jetty bound to port 43275
2022-07-02 07:23:21,438 [Listener at 127.0.0.1/38259] INFO  server.Server (Server.java:doStart(375)) - jetty-9.4.43.v20210629; built: 2021-06-30T11:07:22.254Z; git: 526006ecfa3af7f1a27ef3a288e2bef7ea9dd7e8; jvm 1.8.0_332-b09
2022-07-02 07:23:21,536 [Listener at 127.0.0.1/38259] INFO  server.session (DefaultSessionIdManager.java:doStart(334)) - DefaultSessionIdManager workerName=node0
2022-07-02 07:23:21,536 [Listener at 127.0.0.1/38259] INFO  server.session (DefaultSessionIdManager.java:doStart(339)) - No SessionScavenger set, using defaults
2022-07-02 07:23:21,537 [Listener at 127.0.0.1/38259] INFO  server.session (HouseKeeper.java:startScavenging(132)) - node0 Scavenging every 600000ms
2022-07-02 07:23:21,559 [om1@group-C5BA1605619E-FollowerState] INFO  impl.FollowerState (FollowerState.java:run(143)) - om1@group-C5BA1605619E-FollowerState: change to CANDIDATE, lastRpcElapsedTime:1216638056ns, electionTimeout:1174ms
2022-07-02 07:23:21,559 [om1@group-C5BA1605619E-FollowerState] INFO  impl.RoleInfo (RoleInfo.java:shutdownFollowerState(110)) - om1: shutdown om1@group-C5BA1605619E-FollowerState
2022-07-02 07:23:21,560 [om1@group-C5BA1605619E-FollowerState] INFO  server.RaftServer$Division (RaftServerImpl.java:setRole(299)) - om1@group-C5BA1605619E: changes role from  FOLLOWER to CANDIDATE at term 0 for changeToCandidate
2022-07-02 07:23:21,560 [Listener at 127.0.0.1/38259] INFO  handler.ContextHandler (ContextHandler.java:doStart(915)) - Started o.e.j.s.ServletContextHandler@58982c11{logs,/logs,file:///home/runner/work/ozone/ozone/hadoop-ozone/integration-test/target/log,AVAILABLE}
2022-07-02 07:23:21,561 [Listener at 127.0.0.1/38259] INFO  handler.ContextHandler (ContextHandler.java:doStart(915)) - Started o.e.j.s.ServletContextHandler@3e94a4e4{static,/static,jar:file:/home/runner/.m2/repository/org/apache/ozone/hdds-container-service/1.3.0-SNAPSHOT/hdds-container-service-1.3.0-SNAPSHOT.jar!/webapps/static,AVAILABLE}
2022-07-02 07:23:21,564 [om1@group-C5BA1605619E-FollowerState] INFO  server.RaftServerConfigKeys (ConfUtils.java:logGet(46)) - raft.server.leaderelection.pre-vote = false (custom)
2022-07-02 07:23:21,565 [om1@group-C5BA1605619E-FollowerState] INFO  impl.RoleInfo (RoleInfo.java:updateAndGet(139)) - om1: start om1@group-C5BA1605619E-LeaderElection33
2022-07-02 07:23:21,625 [om1@group-C5BA1605619E-LeaderElection33] INFO  impl.LeaderElection (LeaderElection.java:askForVotes(310)) - om1@group-C5BA1605619E-LeaderElection33 ELECTION round 0: submit vote requests at term 1 for -1: [om1|rpc:localhost:9872|priority:0], old=null
2022-07-02 07:23:21,625 [om1@group-C5BA1605619E-LeaderElection33] INFO  impl.LeaderElection (LeaderElection.java:askForVotes(312)) - om1@group-C5BA1605619E-LeaderElection33 ELECTION round 0: result PASSED (term=1)
2022-07-02 07:23:21,625 [om1@group-C5BA1605619E-LeaderElection33] INFO  impl.RoleInfo (RoleInfo.java:shutdownLeaderElection(130)) - om1: shutdown om1@group-C5BA1605619E-LeaderElection33
2022-07-02 07:23:21,625 [om1@group-C5BA1605619E-LeaderElection33] INFO  server.RaftServer$Division (RaftServerImpl.java:setRole(299)) - om1@group-C5BA1605619E: changes role from CANDIDATE to LEADER at term 1 for changeToLeader
2022-07-02 07:23:21,625 [om1@group-C5BA1605619E-LeaderElection33] INFO  server.RaftServer$Division (ServerState.java:setLeader(287)) - om1@group-C5BA1605619E: change Leader from null to om1 at term 1 for becomeLeader, leader elected after 3105ms
2022-07-02 07:23:21,625 [om1@group-C5BA1605619E-LeaderElection33] INFO  server.RaftServerConfigKeys (ConfUtils.java:logGet(46)) - raft.server.staging.catchup.gap = 1000 (default)
2022-07-02 07:23:21,625 [om1@group-C5BA1605619E-LeaderElection33] INFO  server.RaftServerConfigKeys (ConfUtils.java:logGet(46)) - raft.server.write.element-limit = 4096 (default)
2022-07-02 07:23:21,625 [om1@group-C5BA1605619E-LeaderElection33] INFO  server.RaftServerConfigKeys (ConfUtils.java:logGet(46)) - raft.server.write.byte-limit = 64MB (=67108864) (default)
2022-07-02 07:23:21,625 [om1@group-C5BA1605619E-LeaderElection33] INFO  server.RaftServerConfigKeys (ConfUtils.java:logGet(46)) - raft.server.watch.timeout = 10s (default)
2022-07-02 07:23:21,626 [om1@group-C5BA1605619E-LeaderElection33] INFO  server.RaftServerConfigKeys (ConfUtils.java:logGet(46)) - raft.server.watch.timeout.denomination = 1s (default)
2022-07-02 07:23:21,626 [om1@group-C5BA1605619E-LeaderElection33] INFO  server.RaftServerConfigKeys (ConfUtils.java:logGet(46)) - raft.server.watch.element-limit = 65536 (default)
2022-07-02 07:23:21,626 [om1@group-C5BA1605619E-LeaderElection33] INFO  server.RaftServerConfigKeys (ConfUtils.java:logGet(46)) - raft.server.write.element-limit = 4096 (default)
2022-07-02 07:23:21,626 [om1@group-C5BA1605619E-LeaderElection33] INFO  server.RaftServerConfigKeys (ConfUtils.java:logGet(46)) - raft.server.write.follower.gap.ratio.max = -1.0 (default)
2022-07-02 07:23:21,626 [om1@group-C5BA1605619E-LeaderElection33] INFO  impl.RoleInfo (RoleInfo.java:updateAndGet(139)) - om1: start om1@group-C5BA1605619E-LeaderStateImpl
2022-07-02 07:23:21,626 [om1@group-C5BA1605619E-LeaderElection33] INFO  segmented.SegmentedRaftLogWorker (SegmentedRaftLogWorker.java:startLogSegment(425)) - om1@group-C5BA1605619E-SegmentedRaftLogWorker: Starting segment from index:0
2022-07-02 07:23:21,641 [om1@group-C5BA1605619E-SegmentedRaftLogWorker] INFO  segmented.SegmentedRaftLogWorker (SegmentedRaftLogWorker.java:execute(629)) - om1@group-C5BA1605619E-SegmentedRaftLogWorker: created new log segment /home/runner/work/ozone/ozone/hadoop-ozone/integration-test/target/test-dir/MiniOzoneClusterImpl-0529b123-343e-47c8-b09a-e64196ae32df/ozone-meta/ratis/bf265839-605b-3f16-9796-c5ba1605619e/current/log_inprogress_0
2022-07-02 07:23:21,673 [om1@group-C5BA1605619E-LeaderElection33] INFO  server.RaftServer$Division (ServerState.java:setRaftConf(393)) - om1@group-C5BA1605619E: set configuration 0: [om1|rpc:localhost:9872|admin:|client:|dataStream:|priority:0], old=null
2022-07-02 07:23:21,707 [om1@group-C5BA1605619E-StateMachineUpdater] INFO  ratis.OzoneManagerStateMachine (OzoneManagerStateMachine.java:notifyConfigurationChanged(192)) - Received Configuration change notification from Ratis. New Peer list:
[id: "om1"
address: "localhost:9872"
]
2022-07-02 07:23:22,602 [Listener at 127.0.0.1/38259] INFO  handler.ContextHandler (ContextHandler.java:doStart(915)) - Started o.e.j.w.WebAppContext@615ea202{hddsDatanode,/,file:///tmp/jetty-0_0_0_0-43275-hdds-container-service-1_3_0-SNAPSHOT_jar-_-any-3546770338866517958/webapp/,AVAILABLE}{jar:file:/home/runner/.m2/repository/org/apache/ozone/hdds-container-service/1.3.0-SNAPSHOT/hdds-container-service-1.3.0-SNAPSHOT.jar!/webapps/hddsDatanode}
2022-07-02 07:23:22,610 [Listener at 127.0.0.1/38259] INFO  server.AbstractConnector (AbstractConnector.java:doStart(331)) - Started ServerConnector@5c74dc1b{HTTP/1.1, (http/1.1)}{0.0.0.0:43275}
2022-07-02 07:23:22,610 [Listener at 127.0.0.1/38259] INFO  server.Server (Server.java:doStart(415)) - Started @229220ms
2022-07-02 07:23:22,610 [Listener at 127.0.0.1/38259] WARN  impl.MetricsSystemImpl (MetricsSystemImpl.java:register(279)) - Sink prometheus already exists!
2022-07-02 07:23:22,611 [Listener at 127.0.0.1/38259] INFO  http.BaseHttpServer (BaseHttpServer.java:updateConnectorAddress(329)) - HTTP server of hddsDatanode listening at http://0.0.0.0:43275
2022-07-02 07:23:22,616 [Listener at 127.0.0.1/38259] WARN  impl.MetricRegistriesImpl (MetricRegistriesImpl.java:addReporterRegistration(111)) - New reporters are added after registries were created. Some metrics will be missing from the reporter. Please add reporter before adding any new registry.
2022-07-02 07:23:22,616 [Listener at 127.0.0.1/38259] WARN  impl.MetricRegistriesImpl (MetricRegistriesImpl.java:addReporterRegistration(111)) - New reporters are added after registries were created. Some metrics will be missing from the reporter. Please add reporter before adding any new registry.
2022-07-02 07:23:22,616 [Listener at 127.0.0.1/38259] INFO  impl.MetricsSystemImpl (MetricsSystemImpl.java:init(158)) - HddsDatanode metrics system started (again)
2022-07-02 07:23:22,657 [Datanode State Machine Daemon Thread] INFO  statemachine.DatanodeStateMachine (DatanodeStateMachine.java:lambda$startDaemon$0(492)) - Ozone container server started.
2022-07-02 07:23:22,738 [Listener at 127.0.0.1/38259] INFO  ozone.HddsDatanodeService (HddsDatanodeService.java:start(236)) - HddsDatanodeService host:fv-az444-838.dthhdds2jluu1c0oa55ndv1hsg.dx.internal.cloudapp.net ip:10.1.0.20
2022-07-02 07:23:22,739 [org.apache.hadoop.util.JvmPauseMonitor$Monitor@7d609cee] INFO  util.JvmPauseMonitor (JvmPauseMonitor.java:run(188)) - Starting JVM pause monitor
2022-07-02 07:23:22,754 [Datanode State Machine Task Thread - 0] INFO  datanode.InitDatanodeState (InitDatanodeState.java:persistContainerDatanodeDetails(138)) - DatanodeDetails is persisted to /home/runner/work/ozone/ozone/hadoop-ozone/integration-test/target/test-dir/MiniOzoneClusterImpl-0529b123-343e-47c8-b09a-e64196ae32df/datanode-0/meta/datanode.id
2022-07-02 07:23:22,840 [Listener at 127.0.0.1/38259] INFO  upgrade.AbstractLayoutVersionManager (AbstractLayoutVersionManager.java:init(82)) - Initializing Layout version manager with metadata layout = DATANODE_SCHEMA_V3 (version = 4), software layout = DATANODE_SCHEMA_V3 (version = 4)
2022-07-02 07:23:23,095 [Listener at 127.0.0.1/38259] INFO  reflections.Reflections (Reflections.java:scan(232)) - Reflections took 253 ms to scan 7 urls, producing 132 keys and 317 values 
2022-07-02 07:23:23,097 [Listener at 127.0.0.1/38259] INFO  statemachine.DatanodeStateMachine (DatanodeStateMachine.java:getEndPointTaskThreadPoolSize(237)) - Datanode State Machine Task Thread Pool size 2
2022-07-02 07:23:23,115 [Listener at 127.0.0.1/38259] INFO  volume.HddsVolume (HddsVolume.java:<init>(116)) - Creating HddsVolume: /home/runner/work/ozone/ozone/hadoop-ozone/integration-test/target/test-dir/MiniOzoneClusterImpl-0529b123-343e-47c8-b09a-e64196ae32df/datanode-1/data-0/containers/hdds of storage type : DISK capacity : 9223372036854775807
2022-07-02 07:23:23,115 [Listener at 127.0.0.1/38259] INFO  volume.MutableVolumeSet (MutableVolumeSet.java:initializeVolumeSet(174)) - Added Volume : /home/runner/work/ozone/ozone/hadoop-ozone/integration-test/target/test-dir/MiniOzoneClusterImpl-0529b123-343e-47c8-b09a-e64196ae32df/datanode-1/data-0/containers/hdds to VolumeSet
2022-07-02 07:23:23,116 [Listener at 127.0.0.1/38259] INFO  volume.ThrottledAsyncChecker (ThrottledAsyncChecker.java:schedule(141)) - Scheduling a check for /home/runner/work/ozone/ozone/hadoop-ozone/integration-test/target/test-dir/MiniOzoneClusterImpl-0529b123-343e-47c8-b09a-e64196ae32df/datanode-1/data-0/containers/hdds
2022-07-02 07:23:23,152 [Listener at 127.0.0.1/38259] INFO  volume.StorageVolumeChecker (StorageVolumeChecker.java:checkAllVolumes(202)) - Scheduled health check for volume /home/runner/work/ozone/ozone/hadoop-ozone/integration-test/target/test-dir/MiniOzoneClusterImpl-0529b123-343e-47c8-b09a-e64196ae32df/datanode-1/data-0/containers/hdds
2022-07-02 07:23:23,209 [Listener at 127.0.0.1/38259] INFO  volume.MutableVolumeSet (MutableVolumeSet.java:initializeVolumeSet(174)) - Added Volume : /home/runner/work/ozone/ozone/hadoop-ozone/integration-test/target/test-dir/MiniOzoneClusterImpl-0529b123-343e-47c8-b09a-e64196ae32df/datanode-1/data/ratis to VolumeSet
2022-07-02 07:23:23,210 [Listener at 127.0.0.1/38259] INFO  volume.ThrottledAsyncChecker (ThrottledAsyncChecker.java:schedule(141)) - Scheduling a check for /home/runner/work/ozone/ozone/hadoop-ozone/integration-test/target/test-dir/MiniOzoneClusterImpl-0529b123-343e-47c8-b09a-e64196ae32df/datanode-1/data/ratis
2022-07-02 07:23:23,210 [Listener at 127.0.0.1/38259] INFO  volume.StorageVolumeChecker (StorageVolumeChecker.java:checkAllVolumes(202)) - Scheduled health check for volume /home/runner/work/ozone/ozone/hadoop-ozone/integration-test/target/test-dir/MiniOzoneClusterImpl-0529b123-343e-47c8-b09a-e64196ae32df/datanode-1/data/ratis
2022-07-02 07:23:23,308 [Thread-1603] INFO  ozoneimpl.ContainerReader (ContainerReader.java:readVolume(172)) - Finish verifying containers on volume /home/runner/work/ozone/ozone/hadoop-ozone/integration-test/target/test-dir/MiniOzoneClusterImpl-0529b123-343e-47c8-b09a-e64196ae32df/datanode-1/data-0/containers/hdds
2022-07-02 07:23:23,308 [Listener at 127.0.0.1/38259] INFO  ozoneimpl.OzoneContainer (OzoneContainer.java:buildContainerSet(266)) - Build ContainerSet costs 0s
2022-07-02 07:23:23,310 [Listener at 127.0.0.1/38259] INFO  server.RaftServer (ConfUtils.java:logGet(46)) - raft.rpc.type = GRPC (default)
2022-07-02 07:23:23,310 [Listener at 127.0.0.1/38259] INFO  grpc.GrpcFactory (GrpcFactory.java:checkPooledByteBufAllocatorUseCacheForAllThreads(48)) - PERFORMANCE WARNING: useCacheForAllThreads is true that may cause Netty to create a lot garbage objects and, as a result, trigger GC.
	It is recommended to disable useCacheForAllThreads by setting -Dorg.apache.ratis.thirdparty.io.netty.allocator.useCacheForAllThreads=false in command line.
2022-07-02 07:23:23,311 [Listener at 127.0.0.1/38259] INFO  grpc.GrpcConfigKeys (ConfUtils.java:logGet(46)) - raft.grpc.admin.port = 0 (custom)
2022-07-02 07:23:23,311 [Listener at 127.0.0.1/38259] INFO  grpc.GrpcConfigKeys (ConfUtils.java:logGet(46)) - raft.grpc.client.port = 0 (custom)
2022-07-02 07:23:23,311 [Listener at 127.0.0.1/38259] INFO  grpc.GrpcConfigKeys (ConfUtils.java:logGet(46)) - raft.grpc.server.port = 0 (default)
2022-07-02 07:23:23,311 [Listener at 127.0.0.1/38259] INFO  server.GrpcService (ConfUtils.java:logGet(46)) - raft.grpc.message.size.max = 32MB (=33554432) (custom)
2022-07-02 07:23:23,311 [Listener at 127.0.0.1/38259] INFO  server.RaftServerConfigKeys (ConfUtils.java:logGet(46)) - raft.server.log.appender.buffer.byte-limit = 33554432 (custom)
2022-07-02 07:23:23,311 [Listener at 127.0.0.1/38259] INFO  server.GrpcService (ConfUtils.java:logGet(46)) - raft.grpc.flow.control.window = 5MB (=5242880) (custom)
2022-07-02 07:23:23,311 [Listener at 127.0.0.1/38259] INFO  server.RaftServerConfigKeys (ConfUtils.java:logGet(46)) - raft.server.rpc.request.timeout = 60s (custom)
2022-07-02 07:23:23,311 [Listener at 127.0.0.1/38259] INFO  grpc.GrpcConfigKeys (ConfUtils.java:logGet(46)) - raft.grpc.server.async.request.thread.pool.cached = true (default)
2022-07-02 07:23:23,311 [Listener at 127.0.0.1/38259] INFO  grpc.GrpcConfigKeys (ConfUtils.java:logGet(46)) - raft.grpc.server.async.request.thread.pool.size = 32 (default)
2022-07-02 07:23:23,313 [Listener at 127.0.0.1/38259] INFO  impl.DataStreamServerImpl (ConfUtils.java:logGet(46)) - raft.datastream.type = DISABLED (default)
2022-07-02 07:23:23,313 [Listener at 127.0.0.1/38259] INFO  server.RaftServerConfigKeys (ConfUtils.java:logGet(46)) - raft.server.threadpool.proxy.cached = true (default)
2022-07-02 07:23:23,313 [Listener at 127.0.0.1/38259] INFO  server.RaftServerConfigKeys (ConfUtils.java:logGet(46)) - raft.server.threadpool.proxy.size = 0 (default)
2022-07-02 07:23:23,313 [Listener at 127.0.0.1/38259] INFO  server.RaftServerConfigKeys (ConfUtils.java:logGet(46)) - raft.server.rpc.slowness.timeout = 300s (custom)
2022-07-02 07:23:23,313 [Listener at 127.0.0.1/38259] INFO  server.RaftServerConfigKeys (ConfUtils.java:logGet(46)) - raft.server.leaderelection.leader.step-down.wait-time = 10s (default)
2022-07-02 07:23:23,313 [Listener at 127.0.0.1/38259] INFO  server.RaftServerConfigKeys (ConfUtils.java:logGet(46)) - raft.server.storage.dir = [/home/runner/work/ozone/ozone/hadoop-ozone/integration-test/target/test-dir/MiniOzoneClusterImpl-0529b123-343e-47c8-b09a-e64196ae32df/datanode-1/data/ratis] (custom)
2022-07-02 07:23:23,315 [Listener at 127.0.0.1/38259] INFO  server.XceiverServerGrpc (XceiverServerGrpc.java:<init>(132)) - GrpcServer channel type EpollServerSocketChannel
2022-07-02 07:23:23,318 [Listener at 127.0.0.1/38259] INFO  http.BaseHttpServer (BaseHttpServer.java:newHttpServer2BuilderForOzone(209)) - Starting Web-server for hddsDatanode at: http://0.0.0.0:0
2022-07-02 07:23:23,318 [Listener at 127.0.0.1/38259] INFO  http.BaseHttpServer (BaseHttpServer.java:<init>(107)) - Hadoop Security Enabled: false Ozone Security Enabled: false Ozone HTTP Security Enabled: false 
2022-07-02 07:23:23,319 [Listener at 127.0.0.1/38259] INFO  server.AuthenticationFilter (AuthenticationFilter.java:constructSecretProvider(240)) - Unable to initialize FileSignerSecretProvider, falling back to use random secrets.
2022-07-02 07:23:23,340 [Listener at 127.0.0.1/38259] WARN  http.HttpRequestLog (HttpRequestLog.java:getRequestLog(103)) - Jetty request log can only be enabled using Log4j
2022-07-02 07:23:23,373 [Listener at 127.0.0.1/38259] INFO  http.HttpServer2 (HttpServer2.java:addGlobalFilter(1029)) - Added global filter 'safety' (class=org.apache.hadoop.hdds.server.http.HttpServer2$QuotingInputFilter)
2022-07-02 07:23:23,373 [Listener at 127.0.0.1/38259] INFO  http.HttpServer2 (HttpServer2.java:addFilter(1005)) - Added filter static_user_filter (class=org.apache.hadoop.http.lib.StaticUserWebFilter$StaticUserFilter) to context hddsDatanode
2022-07-02 07:23:23,373 [Listener at 127.0.0.1/38259] INFO  http.HttpServer2 (HttpServer2.java:addFilter(1013)) - Added filter static_user_filter (class=org.apache.hadoop.http.lib.StaticUserWebFilter$StaticUserFilter) to context static
2022-07-02 07:23:23,373 [Listener at 127.0.0.1/38259] INFO  http.HttpServer2 (HttpServer2.java:addFilter(1013)) - Added filter static_user_filter (class=org.apache.hadoop.http.lib.StaticUserWebFilter$StaticUserFilter) to context logs
2022-07-02 07:23:23,374 [Listener at 127.0.0.1/38259] INFO  http.HttpServer2 (HttpServer2.java:bindListener(1248)) - Jetty bound to port 33023
2022-07-02 07:23:23,374 [Listener at 127.0.0.1/38259] INFO  server.Server (Server.java:doStart(375)) - jetty-9.4.43.v20210629; built: 2021-06-30T11:07:22.254Z; git: 526006ecfa3af7f1a27ef3a288e2bef7ea9dd7e8; jvm 1.8.0_332-b09
2022-07-02 07:23:23,386 [Listener at 127.0.0.1/38259] INFO  server.session (DefaultSessionIdManager.java:doStart(334)) - DefaultSessionIdManager workerName=node0
2022-07-02 07:23:23,386 [Listener at 127.0.0.1/38259] INFO  server.session (DefaultSessionIdManager.java:doStart(339)) - No SessionScavenger set, using defaults
2022-07-02 07:23:23,386 [Listener at 127.0.0.1/38259] INFO  server.session (HouseKeeper.java:startScavenging(132)) - node0 Scavenging every 660000ms
2022-07-02 07:23:23,388 [Listener at 127.0.0.1/38259] INFO  handler.ContextHandler (ContextHandler.java:doStart(915)) - Started o.e.j.s.ServletContextHandler@1feed3f7{logs,/logs,file:///home/runner/work/ozone/ozone/hadoop-ozone/integration-test/target/log,AVAILABLE}
2022-07-02 07:23:23,388 [Listener at 127.0.0.1/38259] INFO  handler.ContextHandler (ContextHandler.java:doStart(915)) - Started o.e.j.s.ServletContextHandler@125418c4{static,/static,jar:file:/home/runner/.m2/repository/org/apache/ozone/hdds-container-service/1.3.0-SNAPSHOT/hdds-container-service-1.3.0-SNAPSHOT.jar!/webapps/static,AVAILABLE}
2022-07-02 07:23:23,970 [Listener at 127.0.0.1/38259] INFO  handler.ContextHandler (ContextHandler.java:doStart(915)) - Started o.e.j.w.WebAppContext@75aae221{hddsDatanode,/,file:///tmp/jetty-0_0_0_0-33023-hdds-container-service-1_3_0-SNAPSHOT_jar-_-any-3640235869123082222/webapp/,AVAILABLE}{jar:file:/home/runner/.m2/repository/org/apache/ozone/hdds-container-service/1.3.0-SNAPSHOT/hdds-container-service-1.3.0-SNAPSHOT.jar!/webapps/hddsDatanode}
2022-07-02 07:23:24,044 [Listener at 127.0.0.1/38259] INFO  server.AbstractConnector (AbstractConnector.java:doStart(331)) - Started ServerConnector@5a31737b{HTTP/1.1, (http/1.1)}{0.0.0.0:33023}
2022-07-02 07:23:24,044 [Listener at 127.0.0.1/38259] INFO  server.Server (Server.java:doStart(415)) - Started @230654ms
2022-07-02 07:23:24,044 [Listener at 127.0.0.1/38259] WARN  impl.MetricsSystemImpl (MetricsSystemImpl.java:register(279)) - Sink prometheus already exists!
2022-07-02 07:23:24,048 [Listener at 127.0.0.1/38259] INFO  http.BaseHttpServer (BaseHttpServer.java:updateConnectorAddress(329)) - HTTP server of hddsDatanode listening at http://0.0.0.0:33023
2022-07-02 07:23:24,060 [Listener at 127.0.0.1/38259] WARN  impl.MetricRegistriesImpl (MetricRegistriesImpl.java:addReporterRegistration(111)) - New reporters are added after registries were created. Some metrics will be missing from the reporter. Please add reporter before adding any new registry.
2022-07-02 07:23:24,060 [Listener at 127.0.0.1/38259] WARN  impl.MetricRegistriesImpl (MetricRegistriesImpl.java:addReporterRegistration(111)) - New reporters are added after registries were created. Some metrics will be missing from the reporter. Please add reporter before adding any new registry.
2022-07-02 07:23:24,060 [Listener at 127.0.0.1/38259] INFO  impl.MetricsSystemImpl (MetricsSystemImpl.java:init(158)) - HddsDatanode metrics system started (again)
2022-07-02 07:23:24,064 [Datanode State Machine Daemon Thread] INFO  statemachine.DatanodeStateMachine (DatanodeStateMachine.java:lambda$startDaemon$0(492)) - Ozone container server started.
2022-07-02 07:23:24,090 [org.apache.hadoop.util.JvmPauseMonitor$Monitor@70b8104f] INFO  util.JvmPauseMonitor (JvmPauseMonitor.java:run(188)) - Starting JVM pause monitor
2022-07-02 07:23:24,112 [Datanode State Machine Task Thread - 0] INFO  datanode.InitDatanodeState (InitDatanodeState.java:persistContainerDatanodeDetails(138)) - DatanodeDetails is persisted to /home/runner/work/ozone/ozone/hadoop-ozone/integration-test/target/test-dir/MiniOzoneClusterImpl-0529b123-343e-47c8-b09a-e64196ae32df/datanode-1/meta/datanode.id
2022-07-02 07:23:24,154 [Listener at 127.0.0.1/38259] INFO  ozone.HddsDatanodeService (HddsDatanodeService.java:start(236)) - HddsDatanodeService host:fv-az444-838.dthhdds2jluu1c0oa55ndv1hsg.dx.internal.cloudapp.net ip:10.1.0.20
2022-07-02 07:23:24,285 [Listener at 127.0.0.1/38259] INFO  upgrade.AbstractLayoutVersionManager (AbstractLayoutVersionManager.java:init(82)) - Initializing Layout version manager with metadata layout = DATANODE_SCHEMA_V3 (version = 4), software layout = DATANODE_SCHEMA_V3 (version = 4)
2022-07-02 07:23:24,516 [Listener at 127.0.0.1/38259] INFO  reflections.Reflections (Reflections.java:scan(232)) - Reflections took 230 ms to scan 7 urls, producing 132 keys and 317 values 
2022-07-02 07:23:24,517 [Listener at 127.0.0.1/38259] INFO  statemachine.DatanodeStateMachine (DatanodeStateMachine.java:getEndPointTaskThreadPoolSize(237)) - Datanode State Machine Task Thread Pool size 2
2022-07-02 07:23:24,518 [Listener at 127.0.0.1/38259] INFO  volume.HddsVolume (HddsVolume.java:<init>(116)) - Creating HddsVolume: /home/runner/work/ozone/ozone/hadoop-ozone/integration-test/target/test-dir/MiniOzoneClusterImpl-0529b123-343e-47c8-b09a-e64196ae32df/datanode-2/data-0/containers/hdds of storage type : DISK capacity : 9223372036854775807
2022-07-02 07:23:24,519 [Listener at 127.0.0.1/38259] INFO  volume.MutableVolumeSet (MutableVolumeSet.java:initializeVolumeSet(174)) - Added Volume : /home/runner/work/ozone/ozone/hadoop-ozone/integration-test/target/test-dir/MiniOzoneClusterImpl-0529b123-343e-47c8-b09a-e64196ae32df/datanode-2/data-0/containers/hdds to VolumeSet
2022-07-02 07:23:24,519 [Listener at 127.0.0.1/38259] INFO  volume.ThrottledAsyncChecker (ThrottledAsyncChecker.java:schedule(141)) - Scheduling a check for /home/runner/work/ozone/ozone/hadoop-ozone/integration-test/target/test-dir/MiniOzoneClusterImpl-0529b123-343e-47c8-b09a-e64196ae32df/datanode-2/data-0/containers/hdds
2022-07-02 07:23:24,519 [Listener at 127.0.0.1/38259] INFO  volume.StorageVolumeChecker (StorageVolumeChecker.java:checkAllVolumes(202)) - Scheduled health check for volume /home/runner/work/ozone/ozone/hadoop-ozone/integration-test/target/test-dir/MiniOzoneClusterImpl-0529b123-343e-47c8-b09a-e64196ae32df/datanode-2/data-0/containers/hdds
2022-07-02 07:23:24,542 [Listener at 127.0.0.1/38259] INFO  volume.MutableVolumeSet (MutableVolumeSet.java:initializeVolumeSet(174)) - Added Volume : /home/runner/work/ozone/ozone/hadoop-ozone/integration-test/target/test-dir/MiniOzoneClusterImpl-0529b123-343e-47c8-b09a-e64196ae32df/datanode-2/data/ratis to VolumeSet
2022-07-02 07:23:24,542 [Listener at 127.0.0.1/38259] INFO  volume.ThrottledAsyncChecker (ThrottledAsyncChecker.java:schedule(141)) - Scheduling a check for /home/runner/work/ozone/ozone/hadoop-ozone/integration-test/target/test-dir/MiniOzoneClusterImpl-0529b123-343e-47c8-b09a-e64196ae32df/datanode-2/data/ratis
2022-07-02 07:23:24,546 [Listener at 127.0.0.1/38259] INFO  volume.StorageVolumeChecker (StorageVolumeChecker.java:checkAllVolumes(202)) - Scheduled health check for volume /home/runner/work/ozone/ozone/hadoop-ozone/integration-test/target/test-dir/MiniOzoneClusterImpl-0529b123-343e-47c8-b09a-e64196ae32df/datanode-2/data/ratis
2022-07-02 07:23:24,622 [Thread-1616] INFO  ozoneimpl.ContainerReader (ContainerReader.java:readVolume(172)) - Finish verifying containers on volume /home/runner/work/ozone/ozone/hadoop-ozone/integration-test/target/test-dir/MiniOzoneClusterImpl-0529b123-343e-47c8-b09a-e64196ae32df/datanode-2/data-0/containers/hdds
2022-07-02 07:23:24,622 [Listener at 127.0.0.1/38259] INFO  ozoneimpl.OzoneContainer (OzoneContainer.java:buildContainerSet(266)) - Build ContainerSet costs 0s
2022-07-02 07:23:24,624 [Listener at 127.0.0.1/38259] INFO  server.RaftServer (ConfUtils.java:logGet(46)) - raft.rpc.type = GRPC (default)
2022-07-02 07:23:24,624 [Listener at 127.0.0.1/38259] INFO  grpc.GrpcFactory (GrpcFactory.java:checkPooledByteBufAllocatorUseCacheForAllThreads(48)) - PERFORMANCE WARNING: useCacheForAllThreads is true that may cause Netty to create a lot garbage objects and, as a result, trigger GC.
	It is recommended to disable useCacheForAllThreads by setting -Dorg.apache.ratis.thirdparty.io.netty.allocator.useCacheForAllThreads=false in command line.
2022-07-02 07:23:24,624 [Listener at 127.0.0.1/38259] INFO  grpc.GrpcConfigKeys (ConfUtils.java:logGet(46)) - raft.grpc.admin.port = 0 (custom)
2022-07-02 07:23:24,624 [Listener at 127.0.0.1/38259] INFO  grpc.GrpcConfigKeys (ConfUtils.java:logGet(46)) - raft.grpc.client.port = 0 (custom)
2022-07-02 07:23:24,625 [Listener at 127.0.0.1/38259] INFO  grpc.GrpcConfigKeys (ConfUtils.java:logGet(46)) - raft.grpc.server.port = 0 (default)
2022-07-02 07:23:24,625 [Listener at 127.0.0.1/38259] INFO  server.GrpcService (ConfUtils.java:logGet(46)) - raft.grpc.message.size.max = 32MB (=33554432) (custom)
2022-07-02 07:23:24,625 [Listener at 127.0.0.1/38259] INFO  server.RaftServerConfigKeys (ConfUtils.java:logGet(46)) - raft.server.log.appender.buffer.byte-limit = 33554432 (custom)
2022-07-02 07:23:24,625 [Listener at 127.0.0.1/38259] INFO  server.GrpcService (ConfUtils.java:logGet(46)) - raft.grpc.flow.control.window = 5MB (=5242880) (custom)
2022-07-02 07:23:24,625 [Listener at 127.0.0.1/38259] INFO  server.RaftServerConfigKeys (ConfUtils.java:logGet(46)) - raft.server.rpc.request.timeout = 60s (custom)
2022-07-02 07:23:24,625 [Listener at 127.0.0.1/38259] INFO  grpc.GrpcConfigKeys (ConfUtils.java:logGet(46)) - raft.grpc.server.async.request.thread.pool.cached = true (default)
2022-07-02 07:23:24,625 [Listener at 127.0.0.1/38259] INFO  grpc.GrpcConfigKeys (ConfUtils.java:logGet(46)) - raft.grpc.server.async.request.thread.pool.size = 32 (default)
2022-07-02 07:23:24,627 [Listener at 127.0.0.1/38259] INFO  impl.DataStreamServerImpl (ConfUtils.java:logGet(46)) - raft.datastream.type = DISABLED (default)
2022-07-02 07:23:24,627 [Listener at 127.0.0.1/38259] INFO  server.RaftServerConfigKeys (ConfUtils.java:logGet(46)) - raft.server.threadpool.proxy.cached = true (default)
2022-07-02 07:23:24,627 [Listener at 127.0.0.1/38259] INFO  server.RaftServerConfigKeys (ConfUtils.java:logGet(46)) - raft.server.threadpool.proxy.size = 0 (default)
2022-07-02 07:23:24,627 [Listener at 127.0.0.1/38259] INFO  server.RaftServerConfigKeys (ConfUtils.java:logGet(46)) - raft.server.rpc.slowness.timeout = 300s (custom)
2022-07-02 07:23:24,627 [Listener at 127.0.0.1/38259] INFO  server.RaftServerConfigKeys (ConfUtils.java:logGet(46)) - raft.server.leaderelection.leader.step-down.wait-time = 10s (default)
2022-07-02 07:23:24,627 [Listener at 127.0.0.1/38259] INFO  server.RaftServerConfigKeys (ConfUtils.java:logGet(46)) - raft.server.storage.dir = [/home/runner/work/ozone/ozone/hadoop-ozone/integration-test/target/test-dir/MiniOzoneClusterImpl-0529b123-343e-47c8-b09a-e64196ae32df/datanode-2/data/ratis] (custom)
2022-07-02 07:23:24,658 [Listener at 127.0.0.1/38259] INFO  server.XceiverServerGrpc (XceiverServerGrpc.java:<init>(132)) - GrpcServer channel type EpollServerSocketChannel
2022-07-02 07:23:24,670 [Listener at 127.0.0.1/38259] INFO  http.BaseHttpServer (BaseHttpServer.java:newHttpServer2BuilderForOzone(209)) - Starting Web-server for hddsDatanode at: http://0.0.0.0:0
2022-07-02 07:23:24,670 [Listener at 127.0.0.1/38259] INFO  http.BaseHttpServer (BaseHttpServer.java:<init>(107)) - Hadoop Security Enabled: false Ozone Security Enabled: false Ozone HTTP Security Enabled: false 
2022-07-02 07:23:24,671 [Listener at 127.0.0.1/38259] INFO  server.AuthenticationFilter (AuthenticationFilter.java:constructSecretProvider(240)) - Unable to initialize FileSignerSecretProvider, falling back to use random secrets.
2022-07-02 07:23:24,676 [Listener at 127.0.0.1/38259] WARN  http.HttpRequestLog (HttpRequestLog.java:getRequestLog(103)) - Jetty request log can only be enabled using Log4j
2022-07-02 07:23:24,677 [Listener at 127.0.0.1/38259] INFO  http.HttpServer2 (HttpServer2.java:addGlobalFilter(1029)) - Added global filter 'safety' (class=org.apache.hadoop.hdds.server.http.HttpServer2$QuotingInputFilter)
2022-07-02 07:23:24,678 [Listener at 127.0.0.1/38259] INFO  http.HttpServer2 (HttpServer2.java:addFilter(1005)) - Added filter static_user_filter (class=org.apache.hadoop.http.lib.StaticUserWebFilter$StaticUserFilter) to context hddsDatanode
2022-07-02 07:23:24,678 [Listener at 127.0.0.1/38259] INFO  http.HttpServer2 (HttpServer2.java:addFilter(1013)) - Added filter static_user_filter (class=org.apache.hadoop.http.lib.StaticUserWebFilter$StaticUserFilter) to context static
2022-07-02 07:23:24,678 [Listener at 127.0.0.1/38259] INFO  http.HttpServer2 (HttpServer2.java:addFilter(1013)) - Added filter static_user_filter (class=org.apache.hadoop.http.lib.StaticUserWebFilter$StaticUserFilter) to context logs
2022-07-02 07:23:24,678 [Listener at 127.0.0.1/38259] INFO  http.HttpServer2 (HttpServer2.java:bindListener(1248)) - Jetty bound to port 37055
2022-07-02 07:23:24,678 [Listener at 127.0.0.1/38259] INFO  server.Server (Server.java:doStart(375)) - jetty-9.4.43.v20210629; built: 2021-06-30T11:07:22.254Z; git: 526006ecfa3af7f1a27ef3a288e2bef7ea9dd7e8; jvm 1.8.0_332-b09
2022-07-02 07:23:24,686 [Listener at 127.0.0.1/38259] INFO  server.session (DefaultSessionIdManager.java:doStart(334)) - DefaultSessionIdManager workerName=node0
2022-07-02 07:23:24,686 [Listener at 127.0.0.1/38259] INFO  server.session (DefaultSessionIdManager.java:doStart(339)) - No SessionScavenger set, using defaults
2022-07-02 07:23:24,687 [Listener at 127.0.0.1/38259] INFO  server.session (HouseKeeper.java:startScavenging(132)) - node0 Scavenging every 600000ms
2022-07-02 07:23:24,687 [Listener at 127.0.0.1/38259] INFO  handler.ContextHandler (ContextHandler.java:doStart(915)) - Started o.e.j.s.ServletContextHandler@282427ca{logs,/logs,file:///home/runner/work/ozone/ozone/hadoop-ozone/integration-test/target/log,AVAILABLE}
2022-07-02 07:23:24,688 [Listener at 127.0.0.1/38259] INFO  handler.ContextHandler (ContextHandler.java:doStart(915)) - Started o.e.j.s.ServletContextHandler@6ab30883{static,/static,jar:file:/home/runner/.m2/repository/org/apache/ozone/hdds-container-service/1.3.0-SNAPSHOT/hdds-container-service-1.3.0-SNAPSHOT.jar!/webapps/static,AVAILABLE}
2022-07-02 07:23:24,936 [EndpointStateMachine task thread for /0.0.0.0:37081 - 0 ] INFO  volume.HddsVolume (HddsVolume.java:createDbStore(309)) - SchemaV3 db is created and loaded at /home/runner/work/ozone/ozone/hadoop-ozone/integration-test/target/test-dir/MiniOzoneClusterImpl-0529b123-343e-47c8-b09a-e64196ae32df/datanode-0/data-0/containers/hdds/0529b123-343e-47c8-b09a-e64196ae32df/DS-6261a35c-68a9-4eca-8b3f-488104f91120/container.db for volume DS-6261a35c-68a9-4eca-8b3f-488104f91120
2022-07-02 07:23:24,945 [EndpointStateMachine task thread for /0.0.0.0:37081 - 0 ] INFO  volume.HddsVolume (HddsVolume.java:closeDbStore(340)) - SchemaV3 db is stopped at /home/runner/work/ozone/ozone/hadoop-ozone/integration-test/target/test-dir/MiniOzoneClusterImpl-0529b123-343e-47c8-b09a-e64196ae32df/datanode-0/data-0/containers/hdds/0529b123-343e-47c8-b09a-e64196ae32df/DS-6261a35c-68a9-4eca-8b3f-488104f91120/container.db for volume DS-6261a35c-68a9-4eca-8b3f-488104f91120
2022-07-02 07:23:24,945 [EndpointStateMachine task thread for /0.0.0.0:37081 - 0 ] INFO  ozoneimpl.OzoneContainer (OzoneContainer.java:start(344)) - Attempting to start container services.
2022-07-02 07:23:24,946 [EndpointStateMachine task thread for /0.0.0.0:37081 - 0 ] INFO  ozoneimpl.OzoneContainer (OzoneContainer.java:startContainerScrub(279)) - Background container scanner has been disabled.
2022-07-02 07:23:25,002 [EndpointStateMachine task thread for /0.0.0.0:37081 - 0 ] INFO  replication.ReplicationServer (ReplicationServer.java:start(111)) - ReplicationServer is started using port 41289
2022-07-02 07:23:25,002 [EndpointStateMachine task thread for /0.0.0.0:37081 - 0 ] INFO  ratis.XceiverServerRatis (XceiverServerRatis.java:start(481)) - Starting XceiverServerRatis 62d41a72-c69a-4c51-8969-57edf65cfd32
2022-07-02 07:23:25,003 [EndpointStateMachine task thread for /0.0.0.0:37081 - 0 ] INFO  server.RaftServer (RaftServerProxy.java:lambda$start$6(382)) - 62d41a72-c69a-4c51-8969-57edf65cfd32: start RPC server
2022-07-02 07:23:25,012 [EndpointStateMachine task thread for /0.0.0.0:37081 - 0 ] INFO  server.GrpcService (GrpcService.java:startImpl(260)) - 62d41a72-c69a-4c51-8969-57edf65cfd32: GrpcService started, listening on 44989
2022-07-02 07:23:25,013 [EndpointStateMachine task thread for /0.0.0.0:37081 - 0 ] INFO  ratis.XceiverServerRatis (XceiverServerRatis.java:getRealPort(502)) - XceiverServerRatis 62d41a72-c69a-4c51-8969-57edf65cfd32 is started using port 44989 for RATIS
2022-07-02 07:23:25,013 [EndpointStateMachine task thread for /0.0.0.0:37081 - 0 ] INFO  ratis.XceiverServerRatis (XceiverServerRatis.java:getRealPort(502)) - XceiverServerRatis 62d41a72-c69a-4c51-8969-57edf65cfd32 is started using port 44989 for RATIS_ADMIN
2022-07-02 07:23:25,013 [EndpointStateMachine task thread for /0.0.0.0:37081 - 0 ] INFO  ratis.XceiverServerRatis (XceiverServerRatis.java:getRealPort(502)) - XceiverServerRatis 62d41a72-c69a-4c51-8969-57edf65cfd32 is started using port 44989 for RATIS_SERVER
2022-07-02 07:23:25,013 [org.apache.ratis.util.JvmPauseMonitor$$Lambda$611/1072797734@2302fa96] INFO  util.JvmPauseMonitor (JvmPauseMonitor.java:run(103)) - JvmPauseMonitor-62d41a72-c69a-4c51-8969-57edf65cfd32: Started
2022-07-02 07:23:25,051 [EndpointStateMachine task thread for /0.0.0.0:37081 - 0 ] INFO  server.XceiverServerGrpc (XceiverServerGrpc.java:start(180)) - XceiverServerGrpc 62d41a72-c69a-4c51-8969-57edf65cfd32 is started using port 37639
2022-07-02 07:23:25,597 [Listener at 127.0.0.1/38259] INFO  handler.ContextHandler (ContextHandler.java:doStart(915)) - Started o.e.j.w.WebAppContext@5b9461d0{hddsDatanode,/,file:///tmp/jetty-0_0_0_0-37055-hdds-container-service-1_3_0-SNAPSHOT_jar-_-any-4893854410508316038/webapp/,AVAILABLE}{jar:file:/home/runner/.m2/repository/org/apache/ozone/hdds-container-service/1.3.0-SNAPSHOT/hdds-container-service-1.3.0-SNAPSHOT.jar!/webapps/hddsDatanode}
2022-07-02 07:23:25,604 [Listener at 127.0.0.1/38259] INFO  server.AbstractConnector (AbstractConnector.java:doStart(331)) - Started ServerConnector@76824632{HTTP/1.1, (http/1.1)}{0.0.0.0:37055}
2022-07-02 07:23:25,604 [Listener at 127.0.0.1/38259] INFO  server.Server (Server.java:doStart(415)) - Started @232214ms
2022-07-02 07:23:25,604 [Listener at 127.0.0.1/38259] WARN  impl.MetricsSystemImpl (MetricsSystemImpl.java:register(279)) - Sink prometheus already exists!
2022-07-02 07:23:25,608 [Listener at 127.0.0.1/38259] INFO  http.BaseHttpServer (BaseHttpServer.java:updateConnectorAddress(329)) - HTTP server of hddsDatanode listening at http://0.0.0.0:37055
2022-07-02 07:23:25,624 [Listener at 127.0.0.1/38259] WARN  impl.MetricRegistriesImpl (MetricRegistriesImpl.java:addReporterRegistration(111)) - New reporters are added after registries were created. Some metrics will be missing from the reporter. Please add reporter before adding any new registry.
2022-07-02 07:23:25,624 [Listener at 127.0.0.1/38259] WARN  impl.MetricRegistriesImpl (MetricRegistriesImpl.java:addReporterRegistration(111)) - New reporters are added after registries were created. Some metrics will be missing from the reporter. Please add reporter before adding any new registry.
2022-07-02 07:23:25,624 [Listener at 127.0.0.1/38259] INFO  impl.MetricsSystemImpl (MetricsSystemImpl.java:init(158)) - HddsDatanode metrics system started (again)
2022-07-02 07:23:25,645 [Listener at 127.0.0.1/38259] INFO  ozone.HddsDatanodeService (HddsDatanodeService.java:start(236)) - HddsDatanodeService host:fv-az444-838.dthhdds2jluu1c0oa55ndv1hsg.dx.internal.cloudapp.net ip:10.1.0.20
2022-07-02 07:23:25,663 [Datanode State Machine Daemon Thread] INFO  statemachine.DatanodeStateMachine (DatanodeStateMachine.java:lambda$startDaemon$0(492)) - Ozone container server started.
2022-07-02 07:23:25,715 [Listener at 127.0.0.1/38259] INFO  upgrade.AbstractLayoutVersionManager (AbstractLayoutVersionManager.java:init(82)) - Initializing Layout version manager with metadata layout = DATANODE_SCHEMA_V3 (version = 4), software layout = DATANODE_SCHEMA_V3 (version = 4)
2022-07-02 07:23:25,806 [org.apache.hadoop.util.JvmPauseMonitor$Monitor@2c3b5222] INFO  util.JvmPauseMonitor (JvmPauseMonitor.java:run(188)) - Starting JVM pause monitor
2022-07-02 07:23:25,840 [Datanode State Machine Task Thread - 0] INFO  datanode.InitDatanodeState (InitDatanodeState.java:persistContainerDatanodeDetails(138)) - DatanodeDetails is persisted to /home/runner/work/ozone/ozone/hadoop-ozone/integration-test/target/test-dir/MiniOzoneClusterImpl-0529b123-343e-47c8-b09a-e64196ae32df/datanode-2/meta/datanode.id
2022-07-02 07:23:25,910 [Listener at 127.0.0.1/38259] INFO  reflections.Reflections (Reflections.java:scan(232)) - Reflections took 173 ms to scan 7 urls, producing 132 keys and 317 values 
2022-07-02 07:23:25,911 [Listener at 127.0.0.1/38259] INFO  statemachine.DatanodeStateMachine (DatanodeStateMachine.java:getEndPointTaskThreadPoolSize(237)) - Datanode State Machine Task Thread Pool size 2
2022-07-02 07:23:25,913 [Listener at 127.0.0.1/38259] INFO  volume.HddsVolume (HddsVolume.java:<init>(116)) - Creating HddsVolume: /home/runner/work/ozone/ozone/hadoop-ozone/integration-test/target/test-dir/MiniOzoneClusterImpl-0529b123-343e-47c8-b09a-e64196ae32df/datanode-3/data-0/containers/hdds of storage type : DISK capacity : 9223372036854775807
2022-07-02 07:23:25,913 [Listener at 127.0.0.1/38259] INFO  volume.MutableVolumeSet (MutableVolumeSet.java:initializeVolumeSet(174)) - Added Volume : /home/runner/work/ozone/ozone/hadoop-ozone/integration-test/target/test-dir/MiniOzoneClusterImpl-0529b123-343e-47c8-b09a-e64196ae32df/datanode-3/data-0/containers/hdds to VolumeSet
2022-07-02 07:23:25,913 [Listener at 127.0.0.1/38259] INFO  volume.ThrottledAsyncChecker (ThrottledAsyncChecker.java:schedule(141)) - Scheduling a check for /home/runner/work/ozone/ozone/hadoop-ozone/integration-test/target/test-dir/MiniOzoneClusterImpl-0529b123-343e-47c8-b09a-e64196ae32df/datanode-3/data-0/containers/hdds
2022-07-02 07:23:25,914 [Listener at 127.0.0.1/38259] INFO  volume.StorageVolumeChecker (StorageVolumeChecker.java:checkAllVolumes(202)) - Scheduled health check for volume /home/runner/work/ozone/ozone/hadoop-ozone/integration-test/target/test-dir/MiniOzoneClusterImpl-0529b123-343e-47c8-b09a-e64196ae32df/datanode-3/data-0/containers/hdds
2022-07-02 07:23:25,926 [Listener at 127.0.0.1/38259] INFO  volume.MutableVolumeSet (MutableVolumeSet.java:initializeVolumeSet(174)) - Added Volume : /home/runner/work/ozone/ozone/hadoop-ozone/integration-test/target/test-dir/MiniOzoneClusterImpl-0529b123-343e-47c8-b09a-e64196ae32df/datanode-3/data/ratis to VolumeSet
2022-07-02 07:23:25,927 [Listener at 127.0.0.1/38259] INFO  volume.ThrottledAsyncChecker (ThrottledAsyncChecker.java:schedule(141)) - Scheduling a check for /home/runner/work/ozone/ozone/hadoop-ozone/integration-test/target/test-dir/MiniOzoneClusterImpl-0529b123-343e-47c8-b09a-e64196ae32df/datanode-3/data/ratis
2022-07-02 07:23:25,927 [Listener at 127.0.0.1/38259] INFO  volume.StorageVolumeChecker (StorageVolumeChecker.java:checkAllVolumes(202)) - Scheduled health check for volume /home/runner/work/ozone/ozone/hadoop-ozone/integration-test/target/test-dir/MiniOzoneClusterImpl-0529b123-343e-47c8-b09a-e64196ae32df/datanode-3/data/ratis
2022-07-02 07:23:25,981 [Thread-1633] INFO  ozoneimpl.ContainerReader (ContainerReader.java:readVolume(172)) - Finish verifying containers on volume /home/runner/work/ozone/ozone/hadoop-ozone/integration-test/target/test-dir/MiniOzoneClusterImpl-0529b123-343e-47c8-b09a-e64196ae32df/datanode-3/data-0/containers/hdds
2022-07-02 07:23:26,007 [Listener at 127.0.0.1/38259] INFO  ozoneimpl.OzoneContainer (OzoneContainer.java:buildContainerSet(266)) - Build ContainerSet costs 0s
2022-07-02 07:23:26,009 [Listener at 127.0.0.1/38259] INFO  server.RaftServer (ConfUtils.java:logGet(46)) - raft.rpc.type = GRPC (default)
2022-07-02 07:23:26,010 [Listener at 127.0.0.1/38259] INFO  grpc.GrpcFactory (GrpcFactory.java:checkPooledByteBufAllocatorUseCacheForAllThreads(48)) - PERFORMANCE WARNING: useCacheForAllThreads is true that may cause Netty to create a lot garbage objects and, as a result, trigger GC.
	It is recommended to disable useCacheForAllThreads by setting -Dorg.apache.ratis.thirdparty.io.netty.allocator.useCacheForAllThreads=false in command line.
2022-07-02 07:23:26,010 [Listener at 127.0.0.1/38259] INFO  grpc.GrpcConfigKeys (ConfUtils.java:logGet(46)) - raft.grpc.admin.port = 0 (custom)
2022-07-02 07:23:26,010 [Listener at 127.0.0.1/38259] INFO  grpc.GrpcConfigKeys (ConfUtils.java:logGet(46)) - raft.grpc.client.port = 0 (custom)
2022-07-02 07:23:26,010 [Listener at 127.0.0.1/38259] INFO  grpc.GrpcConfigKeys (ConfUtils.java:logGet(46)) - raft.grpc.server.port = 0 (default)
2022-07-02 07:23:26,010 [Listener at 127.0.0.1/38259] INFO  server.GrpcService (ConfUtils.java:logGet(46)) - raft.grpc.message.size.max = 32MB (=33554432) (custom)
2022-07-02 07:23:26,010 [Listener at 127.0.0.1/38259] INFO  server.RaftServerConfigKeys (ConfUtils.java:logGet(46)) - raft.server.log.appender.buffer.byte-limit = 33554432 (custom)
2022-07-02 07:23:26,010 [Listener at 127.0.0.1/38259] INFO  server.GrpcService (ConfUtils.java:logGet(46)) - raft.grpc.flow.control.window = 5MB (=5242880) (custom)
2022-07-02 07:23:26,010 [Listener at 127.0.0.1/38259] INFO  server.RaftServerConfigKeys (ConfUtils.java:logGet(46)) - raft.server.rpc.request.timeout = 60s (custom)
2022-07-02 07:23:26,011 [Listener at 127.0.0.1/38259] INFO  grpc.GrpcConfigKeys (ConfUtils.java:logGet(46)) - raft.grpc.server.async.request.thread.pool.cached = true (default)
2022-07-02 07:23:26,011 [Listener at 127.0.0.1/38259] INFO  grpc.GrpcConfigKeys (ConfUtils.java:logGet(46)) - raft.grpc.server.async.request.thread.pool.size = 32 (default)
2022-07-02 07:23:26,014 [Listener at 127.0.0.1/38259] INFO  impl.DataStreamServerImpl (ConfUtils.java:logGet(46)) - raft.datastream.type = DISABLED (default)
2022-07-02 07:23:26,014 [Listener at 127.0.0.1/38259] INFO  server.RaftServerConfigKeys (ConfUtils.java:logGet(46)) - raft.server.threadpool.proxy.cached = true (default)
2022-07-02 07:23:26,014 [Listener at 127.0.0.1/38259] INFO  server.RaftServerConfigKeys (ConfUtils.java:logGet(46)) - raft.server.threadpool.proxy.size = 0 (default)
2022-07-02 07:23:26,015 [Listener at 127.0.0.1/38259] INFO  server.RaftServerConfigKeys (ConfUtils.java:logGet(46)) - raft.server.rpc.slowness.timeout = 300s (custom)
2022-07-02 07:23:26,015 [Listener at 127.0.0.1/38259] INFO  server.RaftServerConfigKeys (ConfUtils.java:logGet(46)) - raft.server.leaderelection.leader.step-down.wait-time = 10s (default)
2022-07-02 07:23:26,015 [Listener at 127.0.0.1/38259] INFO  server.RaftServerConfigKeys (ConfUtils.java:logGet(46)) - raft.server.storage.dir = [/home/runner/work/ozone/ozone/hadoop-ozone/integration-test/target/test-dir/MiniOzoneClusterImpl-0529b123-343e-47c8-b09a-e64196ae32df/datanode-3/data/ratis] (custom)
2022-07-02 07:23:26,043 [Listener at 127.0.0.1/38259] INFO  server.XceiverServerGrpc (XceiverServerGrpc.java:<init>(132)) - GrpcServer channel type EpollServerSocketChannel
2022-07-02 07:23:26,132 [Listener at 127.0.0.1/38259] INFO  http.BaseHttpServer (BaseHttpServer.java:newHttpServer2BuilderForOzone(209)) - Starting Web-server for hddsDatanode at: http://0.0.0.0:0
2022-07-02 07:23:26,136 [Listener at 127.0.0.1/38259] INFO  http.BaseHttpServer (BaseHttpServer.java:<init>(107)) - Hadoop Security Enabled: false Ozone Security Enabled: false Ozone HTTP Security Enabled: false 
2022-07-02 07:23:26,138 [Listener at 127.0.0.1/38259] INFO  server.AuthenticationFilter (AuthenticationFilter.java:constructSecretProvider(240)) - Unable to initialize FileSignerSecretProvider, falling back to use random secrets.
2022-07-02 07:23:26,140 [Listener at 127.0.0.1/38259] WARN  http.HttpRequestLog (HttpRequestLog.java:getRequestLog(103)) - Jetty request log can only be enabled using Log4j
2022-07-02 07:23:26,173 [Listener at 127.0.0.1/38259] INFO  http.HttpServer2 (HttpServer2.java:addGlobalFilter(1029)) - Added global filter 'safety' (class=org.apache.hadoop.hdds.server.http.HttpServer2$QuotingInputFilter)
2022-07-02 07:23:26,174 [Listener at 127.0.0.1/38259] INFO  http.HttpServer2 (HttpServer2.java:addFilter(1005)) - Added filter static_user_filter (class=org.apache.hadoop.http.lib.StaticUserWebFilter$StaticUserFilter) to context hddsDatanode
2022-07-02 07:23:26,174 [Listener at 127.0.0.1/38259] INFO  http.HttpServer2 (HttpServer2.java:addFilter(1013)) - Added filter static_user_filter (class=org.apache.hadoop.http.lib.StaticUserWebFilter$StaticUserFilter) to context logs
2022-07-02 07:23:26,174 [Listener at 127.0.0.1/38259] INFO  http.HttpServer2 (HttpServer2.java:addFilter(1013)) - Added filter static_user_filter (class=org.apache.hadoop.http.lib.StaticUserWebFilter$StaticUserFilter) to context static
2022-07-02 07:23:26,175 [Listener at 127.0.0.1/38259] INFO  http.HttpServer2 (HttpServer2.java:bindListener(1248)) - Jetty bound to port 40245
2022-07-02 07:23:26,175 [Listener at 127.0.0.1/38259] INFO  server.Server (Server.java:doStart(375)) - jetty-9.4.43.v20210629; built: 2021-06-30T11:07:22.254Z; git: 526006ecfa3af7f1a27ef3a288e2bef7ea9dd7e8; jvm 1.8.0_332-b09
2022-07-02 07:23:26,273 [EndpointStateMachine task thread for /0.0.0.0:37081 - 0 ] INFO  volume.HddsVolume (HddsVolume.java:createDbStore(309)) - SchemaV3 db is created and loaded at /home/runner/work/ozone/ozone/hadoop-ozone/integration-test/target/test-dir/MiniOzoneClusterImpl-0529b123-343e-47c8-b09a-e64196ae32df/datanode-1/data-0/containers/hdds/0529b123-343e-47c8-b09a-e64196ae32df/DS-f0c4861f-f3e0-409a-9f0b-ba518f98c6f8/container.db for volume DS-f0c4861f-f3e0-409a-9f0b-ba518f98c6f8
2022-07-02 07:23:26,276 [Listener at 127.0.0.1/38259] INFO  server.session (DefaultSessionIdManager.java:doStart(334)) - DefaultSessionIdManager workerName=node0
2022-07-02 07:23:26,276 [Listener at 127.0.0.1/38259] INFO  server.session (DefaultSessionIdManager.java:doStart(339)) - No SessionScavenger set, using defaults
2022-07-02 07:23:26,276 [Listener at 127.0.0.1/38259] INFO  server.session (HouseKeeper.java:startScavenging(132)) - node0 Scavenging every 660000ms
2022-07-02 07:23:26,277 [Listener at 127.0.0.1/38259] INFO  handler.ContextHandler (ContextHandler.java:doStart(915)) - Started o.e.j.s.ServletContextHandler@768d49d5{logs,/logs,file:///home/runner/work/ozone/ozone/hadoop-ozone/integration-test/target/log,AVAILABLE}
2022-07-02 07:23:26,277 [Listener at 127.0.0.1/38259] INFO  handler.ContextHandler (ContextHandler.java:doStart(915)) - Started o.e.j.s.ServletContextHandler@1fdc3182{static,/static,jar:file:/home/runner/.m2/repository/org/apache/ozone/hdds-container-service/1.3.0-SNAPSHOT/hdds-container-service-1.3.0-SNAPSHOT.jar!/webapps/static,AVAILABLE}
2022-07-02 07:23:26,292 [EndpointStateMachine task thread for /0.0.0.0:37081 - 0 ] INFO  volume.HddsVolume (HddsVolume.java:closeDbStore(340)) - SchemaV3 db is stopped at /home/runner/work/ozone/ozone/hadoop-ozone/integration-test/target/test-dir/MiniOzoneClusterImpl-0529b123-343e-47c8-b09a-e64196ae32df/datanode-1/data-0/containers/hdds/0529b123-343e-47c8-b09a-e64196ae32df/DS-f0c4861f-f3e0-409a-9f0b-ba518f98c6f8/container.db for volume DS-f0c4861f-f3e0-409a-9f0b-ba518f98c6f8
2022-07-02 07:23:26,293 [EndpointStateMachine task thread for /0.0.0.0:37081 - 0 ] INFO  ozoneimpl.OzoneContainer (OzoneContainer.java:start(344)) - Attempting to start container services.
2022-07-02 07:23:26,293 [EndpointStateMachine task thread for /0.0.0.0:37081 - 0 ] INFO  ozoneimpl.OzoneContainer (OzoneContainer.java:startContainerScrub(279)) - Background container scanner has been disabled.
2022-07-02 07:23:26,350 [EndpointStateMachine task thread for /0.0.0.0:37081 - 0 ] INFO  replication.ReplicationServer (ReplicationServer.java:start(111)) - ReplicationServer is started using port 36535
2022-07-02 07:23:26,363 [EndpointStateMachine task thread for /0.0.0.0:37081 - 0 ] INFO  ratis.XceiverServerRatis (XceiverServerRatis.java:start(481)) - Starting XceiverServerRatis c36488b4-ebfd-4b41-ac5a-8203e4b42905
2022-07-02 07:23:26,396 [EndpointStateMachine task thread for /0.0.0.0:37081 - 0 ] INFO  server.RaftServer (RaftServerProxy.java:lambda$start$6(382)) - c36488b4-ebfd-4b41-ac5a-8203e4b42905: start RPC server
2022-07-02 07:23:26,425 [EndpointStateMachine task thread for /0.0.0.0:37081 - 0 ] INFO  server.GrpcService (GrpcService.java:startImpl(260)) - c36488b4-ebfd-4b41-ac5a-8203e4b42905: GrpcService started, listening on 40803
2022-07-02 07:23:26,425 [EndpointStateMachine task thread for /0.0.0.0:37081 - 0 ] INFO  ratis.XceiverServerRatis (XceiverServerRatis.java:getRealPort(502)) - XceiverServerRatis c36488b4-ebfd-4b41-ac5a-8203e4b42905 is started using port 40803 for RATIS
2022-07-02 07:23:26,425 [EndpointStateMachine task thread for /0.0.0.0:37081 - 0 ] INFO  ratis.XceiverServerRatis (XceiverServerRatis.java:getRealPort(502)) - XceiverServerRatis c36488b4-ebfd-4b41-ac5a-8203e4b42905 is started using port 40803 for RATIS_ADMIN
2022-07-02 07:23:26,425 [EndpointStateMachine task thread for /0.0.0.0:37081 - 0 ] INFO  ratis.XceiverServerRatis (XceiverServerRatis.java:getRealPort(502)) - XceiverServerRatis c36488b4-ebfd-4b41-ac5a-8203e4b42905 is started using port 40803 for RATIS_SERVER
2022-07-02 07:23:26,425 [org.apache.ratis.util.JvmPauseMonitor$$Lambda$611/1072797734@56e4bc2c] INFO  util.JvmPauseMonitor (JvmPauseMonitor.java:run(103)) - JvmPauseMonitor-c36488b4-ebfd-4b41-ac5a-8203e4b42905: Started
2022-07-02 07:23:26,545 [EndpointStateMachine task thread for /0.0.0.0:37081 - 0 ] INFO  server.XceiverServerGrpc (XceiverServerGrpc.java:start(180)) - XceiverServerGrpc c36488b4-ebfd-4b41-ac5a-8203e4b42905 is started using port 41593
2022-07-02 07:23:26,717 [IPC Server handler 2 on default port 37081] INFO  net.NetworkTopologyImpl (NetworkTopologyImpl.java:add(112)) - Added a new node: /default-rack/62d41a72-c69a-4c51-8969-57edf65cfd32
2022-07-02 07:23:26,717 [IPC Server handler 2 on default port 37081] INFO  node.SCMNodeManager (SCMNodeManager.java:register(397)) - Registered Data node : 62d41a72-c69a-4c51-8969-57edf65cfd32{ip: 10.1.0.20, host: fv-az444-838.dthhdds2jluu1c0oa55ndv1hsg.dx.internal.cloudapp.net, ports: [REPLICATION=41289, RATIS=44989, RATIS_ADMIN=44989, RATIS_SERVER=44989, STANDALONE=37639], networkLocation: /default-rack, certSerialId: null, persistedOpState: null, persistedOpStateExpiryEpochSec: 0}
2022-07-02 07:23:26,746 [EventQueue-NodeRegistrationContainerReportForDataNodeSafeModeRule] INFO  safemode.SCMSafeModeManager (DataNodeSafeModeRule.java:process(71)) - SCM in safe mode. 1 DataNodes registered, 3 required.
2022-07-02 07:23:26,752 [EventQueue-NodeRegistrationContainerReportForContainerSafeModeRule] INFO  safemode.SCMSafeModeManager (SCMSafeModeManager.java:validateSafeModeExitRules(204)) - ContainerSafeModeRule rule is successfully validated
2022-07-02 07:23:26,782 [EventQueue-PipelineReportForOneReplicaPipelineSafeModeRule] INFO  safemode.SCMSafeModeManager (SCMSafeModeManager.java:validateSafeModeExitRules(204)) - AtleastOneDatanodeReportedRule rule is successfully validated
2022-07-02 07:23:26,782 [EventQueue-NewNodeForNewNodeHandler] INFO  pipeline.BackgroundPipelineCreator (BackgroundPipelineCreator.java:notifyEventTriggered(275)) - trigger a one-shot run on RatisPipelineUtilsThread.
2022-07-02 07:23:26,782 [RatisPipelineUtilsThread - 0] INFO  pipeline.RatisPipelineProvider (RatisPipelineProvider.java:lambda$create$0(195)) - Sending CreatePipelineCommand for pipeline:PipelineID=90fa2573-04f9-483b-84ff-f3db0b2b3b31 to datanode:62d41a72-c69a-4c51-8969-57edf65cfd32
2022-07-02 07:23:26,792 [RatisPipelineUtilsThread - 0] INFO  pipeline.PipelineStateManagerImpl (PipelineStateManagerImpl.java:addPipeline(101)) - Created pipeline Pipeline[ Id: 90fa2573-04f9-483b-84ff-f3db0b2b3b31, Nodes: 62d41a72-c69a-4c51-8969-57edf65cfd32{ip: 10.1.0.20, host: fv-az444-838.dthhdds2jluu1c0oa55ndv1hsg.dx.internal.cloudapp.net, ports: [REPLICATION=41289, RATIS=44989, RATIS_ADMIN=44989, RATIS_SERVER=44989, STANDALONE=37639], networkLocation: /default-rack, certSerialId: null, persistedOpState: IN_SERVICE, persistedOpStateExpiryEpochSec: 0}, ReplicationConfig: RATIS/ONE, State:ALLOCATED, leaderId:, CreationTimestamp2022-07-02T07:23:26.782Z[Etc/UTC]].
2022-07-02 07:23:27,229 [Listener at 127.0.0.1/38259] INFO  handler.ContextHandler (ContextHandler.java:doStart(915)) - Started o.e.j.w.WebAppContext@2104e947{hddsDatanode,/,file:///tmp/jetty-0_0_0_0-40245-hdds-container-service-1_3_0-SNAPSHOT_jar-_-any-3591983318098272094/webapp/,AVAILABLE}{jar:file:/home/runner/.m2/repository/org/apache/ozone/hdds-container-service/1.3.0-SNAPSHOT/hdds-container-service-1.3.0-SNAPSHOT.jar!/webapps/hddsDatanode}
2022-07-02 07:23:27,324 [Listener at 127.0.0.1/38259] INFO  server.AbstractConnector (AbstractConnector.java:doStart(331)) - Started ServerConnector@7d399d58{HTTP/1.1, (http/1.1)}{0.0.0.0:40245}
2022-07-02 07:23:27,324 [Listener at 127.0.0.1/38259] INFO  server.Server (Server.java:doStart(415)) - Started @233934ms
2022-07-02 07:23:27,324 [Listener at 127.0.0.1/38259] WARN  impl.MetricsSystemImpl (MetricsSystemImpl.java:register(279)) - Sink prometheus already exists!
2022-07-02 07:23:27,328 [Listener at 127.0.0.1/38259] INFO  http.BaseHttpServer (BaseHttpServer.java:updateConnectorAddress(329)) - HTTP server of hddsDatanode listening at http://0.0.0.0:40245
2022-07-02 07:23:27,332 [Listener at 127.0.0.1/38259] WARN  impl.MetricRegistriesImpl (MetricRegistriesImpl.java:addReporterRegistration(111)) - New reporters are added after registries were created. Some metrics will be missing from the reporter. Please add reporter before adding any new registry.
2022-07-02 07:23:27,332 [Listener at 127.0.0.1/38259] WARN  impl.MetricRegistriesImpl (MetricRegistriesImpl.java:addReporterRegistration(111)) - New reporters are added after registries were created. Some metrics will be missing from the reporter. Please add reporter before adding any new registry.
2022-07-02 07:23:27,332 [Listener at 127.0.0.1/38259] INFO  impl.MetricsSystemImpl (MetricsSystemImpl.java:init(158)) - HddsDatanode metrics system started (again)
2022-07-02 07:23:27,340 [Datanode State Machine Daemon Thread] INFO  statemachine.DatanodeStateMachine (DatanodeStateMachine.java:lambda$startDaemon$0(492)) - Ozone container server started.
2022-07-02 07:23:27,372 [org.apache.hadoop.util.JvmPauseMonitor$Monitor@44ef50cf] INFO  util.JvmPauseMonitor (JvmPauseMonitor.java:run(188)) - Starting JVM pause monitor
2022-07-02 07:23:27,384 [Listener at 127.0.0.1/38259] INFO  ozone.HddsDatanodeService (HddsDatanodeService.java:start(236)) - HddsDatanodeService host:fv-az444-838.dthhdds2jluu1c0oa55ndv1hsg.dx.internal.cloudapp.net ip:10.1.0.20
2022-07-02 07:23:27,410 [Datanode State Machine Task Thread - 0] INFO  datanode.InitDatanodeState (InitDatanodeState.java:persistContainerDatanodeDetails(138)) - DatanodeDetails is persisted to /home/runner/work/ozone/ozone/hadoop-ozone/integration-test/target/test-dir/MiniOzoneClusterImpl-0529b123-343e-47c8-b09a-e64196ae32df/datanode-3/meta/datanode.id
2022-07-02 07:23:27,507 [Listener at 127.0.0.1/38259] INFO  upgrade.AbstractLayoutVersionManager (AbstractLayoutVersionManager.java:init(82)) - Initializing Layout version manager with metadata layout = DATANODE_SCHEMA_V3 (version = 4), software layout = DATANODE_SCHEMA_V3 (version = 4)
2022-07-02 07:23:27,771 [Listener at 127.0.0.1/38259] INFO  reflections.Reflections (Reflections.java:scan(232)) - Reflections took 242 ms to scan 7 urls, producing 132 keys and 317 values 
2022-07-02 07:23:27,809 [Listener at 127.0.0.1/38259] INFO  statemachine.DatanodeStateMachine (DatanodeStateMachine.java:getEndPointTaskThreadPoolSize(237)) - Datanode State Machine Task Thread Pool size 2
2022-07-02 07:23:27,826 [Listener at 127.0.0.1/38259] INFO  volume.HddsVolume (HddsVolume.java:<init>(116)) - Creating HddsVolume: /home/runner/work/ozone/ozone/hadoop-ozone/integration-test/target/test-dir/MiniOzoneClusterImpl-0529b123-343e-47c8-b09a-e64196ae32df/datanode-4/data-0/containers/hdds of storage type : DISK capacity : 9223372036854775807
2022-07-02 07:23:27,827 [Listener at 127.0.0.1/38259] INFO  volume.MutableVolumeSet (MutableVolumeSet.java:initializeVolumeSet(174)) - Added Volume : /home/runner/work/ozone/ozone/hadoop-ozone/integration-test/target/test-dir/MiniOzoneClusterImpl-0529b123-343e-47c8-b09a-e64196ae32df/datanode-4/data-0/containers/hdds to VolumeSet
2022-07-02 07:23:27,827 [Listener at 127.0.0.1/38259] INFO  volume.ThrottledAsyncChecker (ThrottledAsyncChecker.java:schedule(141)) - Scheduling a check for /home/runner/work/ozone/ozone/hadoop-ozone/integration-test/target/test-dir/MiniOzoneClusterImpl-0529b123-343e-47c8-b09a-e64196ae32df/datanode-4/data-0/containers/hdds
2022-07-02 07:23:27,850 [Listener at 127.0.0.1/38259] INFO  volume.StorageVolumeChecker (StorageVolumeChecker.java:checkAllVolumes(202)) - Scheduled health check for volume /home/runner/work/ozone/ozone/hadoop-ozone/integration-test/target/test-dir/MiniOzoneClusterImpl-0529b123-343e-47c8-b09a-e64196ae32df/datanode-4/data-0/containers/hdds
2022-07-02 07:23:27,882 [Listener at 127.0.0.1/38259] INFO  volume.MutableVolumeSet (MutableVolumeSet.java:initializeVolumeSet(174)) - Added Volume : /home/runner/work/ozone/ozone/hadoop-ozone/integration-test/target/test-dir/MiniOzoneClusterImpl-0529b123-343e-47c8-b09a-e64196ae32df/datanode-4/data/ratis to VolumeSet
2022-07-02 07:23:27,882 [Listener at 127.0.0.1/38259] INFO  volume.ThrottledAsyncChecker (ThrottledAsyncChecker.java:schedule(141)) - Scheduling a check for /home/runner/work/ozone/ozone/hadoop-ozone/integration-test/target/test-dir/MiniOzoneClusterImpl-0529b123-343e-47c8-b09a-e64196ae32df/datanode-4/data/ratis
2022-07-02 07:23:27,883 [Listener at 127.0.0.1/38259] INFO  volume.StorageVolumeChecker (StorageVolumeChecker.java:checkAllVolumes(202)) - Scheduled health check for volume /home/runner/work/ozone/ozone/hadoop-ozone/integration-test/target/test-dir/MiniOzoneClusterImpl-0529b123-343e-47c8-b09a-e64196ae32df/datanode-4/data/ratis
2022-07-02 07:23:27,948 [EndpointStateMachine task thread for /0.0.0.0:37081 - 0 ] INFO  volume.HddsVolume (HddsVolume.java:createDbStore(309)) - SchemaV3 db is created and loaded at /home/runner/work/ozone/ozone/hadoop-ozone/integration-test/target/test-dir/MiniOzoneClusterImpl-0529b123-343e-47c8-b09a-e64196ae32df/datanode-2/data-0/containers/hdds/0529b123-343e-47c8-b09a-e64196ae32df/DS-4a4c944c-9d34-4ac5-932b-6d1c414ae8bf/container.db for volume DS-4a4c944c-9d34-4ac5-932b-6d1c414ae8bf
2022-07-02 07:23:27,992 [EndpointStateMachine task thread for /0.0.0.0:37081 - 0 ] INFO  volume.HddsVolume (HddsVolume.java:closeDbStore(340)) - SchemaV3 db is stopped at /home/runner/work/ozone/ozone/hadoop-ozone/integration-test/target/test-dir/MiniOzoneClusterImpl-0529b123-343e-47c8-b09a-e64196ae32df/datanode-2/data-0/containers/hdds/0529b123-343e-47c8-b09a-e64196ae32df/DS-4a4c944c-9d34-4ac5-932b-6d1c414ae8bf/container.db for volume DS-4a4c944c-9d34-4ac5-932b-6d1c414ae8bf
2022-07-02 07:23:27,992 [EndpointStateMachine task thread for /0.0.0.0:37081 - 0 ] INFO  ozoneimpl.OzoneContainer (OzoneContainer.java:start(344)) - Attempting to start container services.
2022-07-02 07:23:27,993 [EndpointStateMachine task thread for /0.0.0.0:37081 - 0 ] INFO  ozoneimpl.OzoneContainer (OzoneContainer.java:startContainerScrub(279)) - Background container scanner has been disabled.
2022-07-02 07:23:28,006 [EndpointStateMachine task thread for /0.0.0.0:37081 - 0 ] INFO  replication.ReplicationServer (ReplicationServer.java:start(111)) - ReplicationServer is started using port 34763
2022-07-02 07:23:28,008 [EndpointStateMachine task thread for /0.0.0.0:37081 - 0 ] INFO  ratis.XceiverServerRatis (XceiverServerRatis.java:start(481)) - Starting XceiverServerRatis d727aa53-777d-4565-b781-b847e62e7de2
2022-07-02 07:23:28,012 [EndpointStateMachine task thread for /0.0.0.0:37081 - 0 ] INFO  server.RaftServer (RaftServerProxy.java:lambda$start$6(382)) - d727aa53-777d-4565-b781-b847e62e7de2: start RPC server
2022-07-02 07:23:28,028 [Thread-1655] INFO  ozoneimpl.ContainerReader (ContainerReader.java:readVolume(172)) - Finish verifying containers on volume /home/runner/work/ozone/ozone/hadoop-ozone/integration-test/target/test-dir/MiniOzoneClusterImpl-0529b123-343e-47c8-b09a-e64196ae32df/datanode-4/data-0/containers/hdds
2022-07-02 07:23:28,028 [Listener at 127.0.0.1/38259] INFO  ozoneimpl.OzoneContainer (OzoneContainer.java:buildContainerSet(266)) - Build ContainerSet costs 0s
2022-07-02 07:23:28,030 [EndpointStateMachine task thread for /0.0.0.0:37081 - 0 ] INFO  server.GrpcService (GrpcService.java:startImpl(260)) - d727aa53-777d-4565-b781-b847e62e7de2: GrpcService started, listening on 38235
2022-07-02 07:23:28,053 [Listener at 127.0.0.1/38259] INFO  server.RaftServer (ConfUtils.java:logGet(46)) - raft.rpc.type = GRPC (default)
2022-07-02 07:23:28,053 [Listener at 127.0.0.1/38259] INFO  grpc.GrpcFactory (GrpcFactory.java:checkPooledByteBufAllocatorUseCacheForAllThreads(48)) - PERFORMANCE WARNING: useCacheForAllThreads is true that may cause Netty to create a lot garbage objects and, as a result, trigger GC.
	It is recommended to disable useCacheForAllThreads by setting -Dorg.apache.ratis.thirdparty.io.netty.allocator.useCacheForAllThreads=false in command line.
2022-07-02 07:23:28,053 [Listener at 127.0.0.1/38259] INFO  grpc.GrpcConfigKeys (ConfUtils.java:logGet(46)) - raft.grpc.admin.port = 0 (custom)
2022-07-02 07:23:28,054 [Listener at 127.0.0.1/38259] INFO  grpc.GrpcConfigKeys (ConfUtils.java:logGet(46)) - raft.grpc.client.port = 0 (custom)
2022-07-02 07:23:28,054 [Listener at 127.0.0.1/38259] INFO  grpc.GrpcConfigKeys (ConfUtils.java:logGet(46)) - raft.grpc.server.port = 0 (default)
2022-07-02 07:23:28,054 [Listener at 127.0.0.1/38259] INFO  server.GrpcService (ConfUtils.java:logGet(46)) - raft.grpc.message.size.max = 32MB (=33554432) (custom)
2022-07-02 07:23:28,054 [Listener at 127.0.0.1/38259] INFO  server.RaftServerConfigKeys (ConfUtils.java:logGet(46)) - raft.server.log.appender.buffer.byte-limit = 33554432 (custom)
2022-07-02 07:23:28,054 [Listener at 127.0.0.1/38259] INFO  server.GrpcService (ConfUtils.java:logGet(46)) - raft.grpc.flow.control.window = 5MB (=5242880) (custom)
2022-07-02 07:23:28,054 [Listener at 127.0.0.1/38259] INFO  server.RaftServerConfigKeys (ConfUtils.java:logGet(46)) - raft.server.rpc.request.timeout = 60s (custom)
2022-07-02 07:23:28,054 [Listener at 127.0.0.1/38259] INFO  grpc.GrpcConfigKeys (ConfUtils.java:logGet(46)) - raft.grpc.server.async.request.thread.pool.cached = true (default)
2022-07-02 07:23:28,054 [Listener at 127.0.0.1/38259] INFO  grpc.GrpcConfigKeys (ConfUtils.java:logGet(46)) - raft.grpc.server.async.request.thread.pool.size = 32 (default)
2022-07-02 07:23:28,056 [Listener at 127.0.0.1/38259] INFO  impl.DataStreamServerImpl (ConfUtils.java:logGet(46)) - raft.datastream.type = DISABLED (default)
2022-07-02 07:23:28,056 [Listener at 127.0.0.1/38259] INFO  server.RaftServerConfigKeys (ConfUtils.java:logGet(46)) - raft.server.threadpool.proxy.cached = true (default)
2022-07-02 07:23:28,072 [org.apache.ratis.util.JvmPauseMonitor$$Lambda$611/1072797734@3d6ae19f] INFO  util.JvmPauseMonitor (JvmPauseMonitor.java:run(103)) - JvmPauseMonitor-d727aa53-777d-4565-b781-b847e62e7de2: Started
2022-07-02 07:23:28,072 [EndpointStateMachine task thread for /0.0.0.0:37081 - 0 ] INFO  ratis.XceiverServerRatis (XceiverServerRatis.java:getRealPort(502)) - XceiverServerRatis d727aa53-777d-4565-b781-b847e62e7de2 is started using port 38235 for RATIS
2022-07-02 07:23:28,072 [EndpointStateMachine task thread for /0.0.0.0:37081 - 0 ] INFO  ratis.XceiverServerRatis (XceiverServerRatis.java:getRealPort(502)) - XceiverServerRatis d727aa53-777d-4565-b781-b847e62e7de2 is started using port 38235 for RATIS_ADMIN
2022-07-02 07:23:28,072 [EndpointStateMachine task thread for /0.0.0.0:37081 - 0 ] INFO  ratis.XceiverServerRatis (XceiverServerRatis.java:getRealPort(502)) - XceiverServerRatis d727aa53-777d-4565-b781-b847e62e7de2 is started using port 38235 for RATIS_SERVER
2022-07-02 07:23:28,072 [Listener at 127.0.0.1/38259] INFO  server.RaftServerConfigKeys (ConfUtils.java:logGet(46)) - raft.server.threadpool.proxy.size = 0 (default)
2022-07-02 07:23:28,081 [Listener at 127.0.0.1/38259] INFO  server.RaftServerConfigKeys (ConfUtils.java:logGet(46)) - raft.server.rpc.slowness.timeout = 300s (custom)
2022-07-02 07:23:28,081 [Listener at 127.0.0.1/38259] INFO  server.RaftServerConfigKeys (ConfUtils.java:logGet(46)) - raft.server.leaderelection.leader.step-down.wait-time = 10s (default)
2022-07-02 07:23:28,081 [Listener at 127.0.0.1/38259] INFO  server.RaftServerConfigKeys (ConfUtils.java:logGet(46)) - raft.server.storage.dir = [/home/runner/work/ozone/ozone/hadoop-ozone/integration-test/target/test-dir/MiniOzoneClusterImpl-0529b123-343e-47c8-b09a-e64196ae32df/datanode-4/data/ratis] (custom)
2022-07-02 07:23:28,119 [EndpointStateMachine task thread for /0.0.0.0:37081 - 0 ] INFO  server.XceiverServerGrpc (XceiverServerGrpc.java:start(180)) - XceiverServerGrpc d727aa53-777d-4565-b781-b847e62e7de2 is started using port 34017
2022-07-02 07:23:28,150 [Listener at 127.0.0.1/38259] INFO  server.XceiverServerGrpc (XceiverServerGrpc.java:<init>(132)) - GrpcServer channel type EpollServerSocketChannel
2022-07-02 07:23:28,193 [IPC Server handler 0 on default port 37081] INFO  net.NetworkTopologyImpl (NetworkTopologyImpl.java:add(112)) - Added a new node: /default-rack/c36488b4-ebfd-4b41-ac5a-8203e4b42905
2022-07-02 07:23:28,193 [IPC Server handler 0 on default port 37081] INFO  node.SCMNodeManager (SCMNodeManager.java:register(397)) - Registered Data node : c36488b4-ebfd-4b41-ac5a-8203e4b42905{ip: 10.1.0.20, host: fv-az444-838.dthhdds2jluu1c0oa55ndv1hsg.dx.internal.cloudapp.net, ports: [REPLICATION=36535, RATIS=40803, RATIS_ADMIN=40803, RATIS_SERVER=40803, STANDALONE=41593], networkLocation: /default-rack, certSerialId: null, persistedOpState: null, persistedOpStateExpiryEpochSec: 0}
2022-07-02 07:23:28,193 [EventQueue-NewNodeForNewNodeHandler] INFO  pipeline.BackgroundPipelineCreator (BackgroundPipelineCreator.java:notifyEventTriggered(275)) - trigger a one-shot run on RatisPipelineUtilsThread.
2022-07-02 07:23:28,197 [EventQueue-NodeRegistrationContainerReportForDataNodeSafeModeRule] INFO  safemode.SCMSafeModeManager (DataNodeSafeModeRule.java:process(71)) - SCM in safe mode. 2 DataNodes registered, 3 required.
2022-07-02 07:23:28,204 [Listener at 127.0.0.1/38259] INFO  http.BaseHttpServer (BaseHttpServer.java:newHttpServer2BuilderForOzone(209)) - Starting Web-server for hddsDatanode at: http://0.0.0.0:0
2022-07-02 07:23:28,204 [Listener at 127.0.0.1/38259] INFO  http.BaseHttpServer (BaseHttpServer.java:<init>(107)) - Hadoop Security Enabled: false Ozone Security Enabled: false Ozone HTTP Security Enabled: false 
2022-07-02 07:23:28,205 [Listener at 127.0.0.1/38259] INFO  server.AuthenticationFilter (AuthenticationFilter.java:constructSecretProvider(240)) - Unable to initialize FileSignerSecretProvider, falling back to use random secrets.
2022-07-02 07:23:28,216 [RatisPipelineUtilsThread - 0] INFO  pipeline.RatisPipelineProvider (RatisPipelineProvider.java:lambda$create$0(195)) - Sending CreatePipelineCommand for pipeline:PipelineID=e5e28e8c-463c-4ff2-b41b-92e86823610c to datanode:c36488b4-ebfd-4b41-ac5a-8203e4b42905
2022-07-02 07:23:28,216 [RatisPipelineUtilsThread - 0] INFO  pipeline.PipelineStateManagerImpl (PipelineStateManagerImpl.java:addPipeline(101)) - Created pipeline Pipeline[ Id: e5e28e8c-463c-4ff2-b41b-92e86823610c, Nodes: c36488b4-ebfd-4b41-ac5a-8203e4b42905{ip: 10.1.0.20, host: fv-az444-838.dthhdds2jluu1c0oa55ndv1hsg.dx.internal.cloudapp.net, ports: [REPLICATION=36535, RATIS=40803, RATIS_ADMIN=40803, RATIS_SERVER=40803, STANDALONE=41593], networkLocation: /default-rack, certSerialId: null, persistedOpState: IN_SERVICE, persistedOpStateExpiryEpochSec: 0}, ReplicationConfig: RATIS/ONE, State:ALLOCATED, leaderId:, CreationTimestamp2022-07-02T07:23:28.216Z[Etc/UTC]].
2022-07-02 07:23:28,231 [Listener at 127.0.0.1/38259] WARN  http.HttpRequestLog (HttpRequestLog.java:getRequestLog(103)) - Jetty request log can only be enabled using Log4j
2022-07-02 07:23:28,233 [Listener at 127.0.0.1/38259] INFO  http.HttpServer2 (HttpServer2.java:addGlobalFilter(1029)) - Added global filter 'safety' (class=org.apache.hadoop.hdds.server.http.HttpServer2$QuotingInputFilter)
2022-07-02 07:23:28,233 [Listener at 127.0.0.1/38259] INFO  http.HttpServer2 (HttpServer2.java:addFilter(1005)) - Added filter static_user_filter (class=org.apache.hadoop.http.lib.StaticUserWebFilter$StaticUserFilter) to context hddsDatanode
2022-07-02 07:23:28,233 [Listener at 127.0.0.1/38259] INFO  http.HttpServer2 (HttpServer2.java:addFilter(1013)) - Added filter static_user_filter (class=org.apache.hadoop.http.lib.StaticUserWebFilter$StaticUserFilter) to context logs
2022-07-02 07:23:28,233 [Listener at 127.0.0.1/38259] INFO  http.HttpServer2 (HttpServer2.java:addFilter(1013)) - Added filter static_user_filter (class=org.apache.hadoop.http.lib.StaticUserWebFilter$StaticUserFilter) to context static
2022-07-02 07:23:28,234 [Listener at 127.0.0.1/38259] INFO  http.HttpServer2 (HttpServer2.java:bindListener(1248)) - Jetty bound to port 43819
2022-07-02 07:23:28,234 [Listener at 127.0.0.1/38259] INFO  server.Server (Server.java:doStart(375)) - jetty-9.4.43.v20210629; built: 2021-06-30T11:07:22.254Z; git: 526006ecfa3af7f1a27ef3a288e2bef7ea9dd7e8; jvm 1.8.0_332-b09
2022-07-02 07:23:28,249 [Listener at 127.0.0.1/38259] INFO  server.session (DefaultSessionIdManager.java:doStart(334)) - DefaultSessionIdManager workerName=node0
2022-07-02 07:23:28,249 [Listener at 127.0.0.1/38259] INFO  server.session (DefaultSessionIdManager.java:doStart(339)) - No SessionScavenger set, using defaults
2022-07-02 07:23:28,249 [Listener at 127.0.0.1/38259] INFO  server.session (HouseKeeper.java:startScavenging(132)) - node0 Scavenging every 600000ms
2022-07-02 07:23:28,250 [Listener at 127.0.0.1/38259] INFO  handler.ContextHandler (ContextHandler.java:doStart(915)) - Started o.e.j.s.ServletContextHandler@dfbc62{logs,/logs,file:///home/runner/work/ozone/ozone/hadoop-ozone/integration-test/target/log,AVAILABLE}
2022-07-02 07:23:28,250 [Listener at 127.0.0.1/38259] INFO  handler.ContextHandler (ContextHandler.java:doStart(915)) - Started o.e.j.s.ServletContextHandler@1562ea4d{static,/static,jar:file:/home/runner/.m2/repository/org/apache/ozone/hdds-container-service/1.3.0-SNAPSHOT/hdds-container-service-1.3.0-SNAPSHOT.jar!/webapps/static,AVAILABLE}
2022-07-02 07:23:29,085 [Listener at 127.0.0.1/38259] INFO  handler.ContextHandler (ContextHandler.java:doStart(915)) - Started o.e.j.w.WebAppContext@15dadf44{hddsDatanode,/,file:///tmp/jetty-0_0_0_0-43819-hdds-container-service-1_3_0-SNAPSHOT_jar-_-any-2318776214301938553/webapp/,AVAILABLE}{jar:file:/home/runner/.m2/repository/org/apache/ozone/hdds-container-service/1.3.0-SNAPSHOT/hdds-container-service-1.3.0-SNAPSHOT.jar!/webapps/hddsDatanode}
2022-07-02 07:23:29,090 [Listener at 127.0.0.1/38259] INFO  server.AbstractConnector (AbstractConnector.java:doStart(331)) - Started ServerConnector@3982d511{HTTP/1.1, (http/1.1)}{0.0.0.0:43819}
2022-07-02 07:23:29,091 [Listener at 127.0.0.1/38259] INFO  server.Server (Server.java:doStart(415)) - Started @235700ms
2022-07-02 07:23:29,091 [Listener at 127.0.0.1/38259] WARN  impl.MetricsSystemImpl (MetricsSystemImpl.java:register(279)) - Sink prometheus already exists!
2022-07-02 07:23:29,091 [Listener at 127.0.0.1/38259] INFO  http.BaseHttpServer (BaseHttpServer.java:updateConnectorAddress(329)) - HTTP server of hddsDatanode listening at http://0.0.0.0:43819
2022-07-02 07:23:29,100 [Listener at 127.0.0.1/38259] INFO  ozone.MiniOzoneClusterImpl (MiniOzoneClusterImpl.java:lambda$waitForClusterToBeReady$0(223)) - Waiting for nodes to be ready. Got 2 of 5 DN Heartbeats.
2022-07-02 07:23:29,100 [Listener at 127.0.0.1/38259] INFO  ozone.MiniOzoneClusterImpl (MiniOzoneClusterImpl.java:lambda$waitForClusterToBeReady$0(226)) - Waiting for cluster to exit safe mode
2022-07-02 07:23:29,101 [Listener at 127.0.0.1/38259] INFO  ozone.MiniOzoneClusterImpl (MiniOzoneClusterImpl.java:lambda$waitForClusterToBeReady$0(228)) - SCM became leader
2022-07-02 07:23:29,104 [Datanode State Machine Daemon Thread] INFO  statemachine.DatanodeStateMachine (DatanodeStateMachine.java:lambda$startDaemon$0(492)) - Ozone container server started.
2022-07-02 07:23:29,157 [org.apache.hadoop.util.JvmPauseMonitor$Monitor@d46fd45] INFO  util.JvmPauseMonitor (JvmPauseMonitor.java:run(188)) - Starting JVM pause monitor
2022-07-02 07:23:29,174 [Datanode State Machine Task Thread - 0] INFO  datanode.InitDatanodeState (InitDatanodeState.java:persistContainerDatanodeDetails(138)) - DatanodeDetails is persisted to /home/runner/work/ozone/ozone/hadoop-ozone/integration-test/target/test-dir/MiniOzoneClusterImpl-0529b123-343e-47c8-b09a-e64196ae32df/datanode-4/meta/datanode.id
2022-07-02 07:23:29,577 [EndpointStateMachine task thread for /0.0.0.0:37081 - 0 ] INFO  volume.HddsVolume (HddsVolume.java:createDbStore(309)) - SchemaV3 db is created and loaded at /home/runner/work/ozone/ozone/hadoop-ozone/integration-test/target/test-dir/MiniOzoneClusterImpl-0529b123-343e-47c8-b09a-e64196ae32df/datanode-3/data-0/containers/hdds/0529b123-343e-47c8-b09a-e64196ae32df/DS-03197c28-6b3a-420e-a723-0f236b483cd3/container.db for volume DS-03197c28-6b3a-420e-a723-0f236b483cd3
2022-07-02 07:23:29,577 [EndpointStateMachine task thread for /0.0.0.0:37081 - 0 ] INFO  volume.HddsVolume (HddsVolume.java:closeDbStore(340)) - SchemaV3 db is stopped at /home/runner/work/ozone/ozone/hadoop-ozone/integration-test/target/test-dir/MiniOzoneClusterImpl-0529b123-343e-47c8-b09a-e64196ae32df/datanode-3/data-0/containers/hdds/0529b123-343e-47c8-b09a-e64196ae32df/DS-03197c28-6b3a-420e-a723-0f236b483cd3/container.db for volume DS-03197c28-6b3a-420e-a723-0f236b483cd3
2022-07-02 07:23:29,577 [EndpointStateMachine task thread for /0.0.0.0:37081 - 0 ] INFO  ozoneimpl.OzoneContainer (OzoneContainer.java:start(344)) - Attempting to start container services.
2022-07-02 07:23:29,578 [EndpointStateMachine task thread for /0.0.0.0:37081 - 0 ] INFO  ozoneimpl.OzoneContainer (OzoneContainer.java:startContainerScrub(279)) - Background container scanner has been disabled.
2022-07-02 07:23:29,610 [EndpointStateMachine task thread for /0.0.0.0:37081 - 0 ] INFO  replication.ReplicationServer (ReplicationServer.java:start(111)) - ReplicationServer is started using port 44871
2022-07-02 07:23:29,628 [EndpointStateMachine task thread for /0.0.0.0:37081 - 0 ] INFO  ratis.XceiverServerRatis (XceiverServerRatis.java:start(481)) - Starting XceiverServerRatis 8ee9ea94-b7aa-4256-9521-78badb6f68ce
2022-07-02 07:23:29,661 [EndpointStateMachine task thread for /0.0.0.0:37081 - 0 ] INFO  server.RaftServer (RaftServerProxy.java:lambda$start$6(382)) - 8ee9ea94-b7aa-4256-9521-78badb6f68ce: start RPC server
2022-07-02 07:23:29,688 [EndpointStateMachine task thread for /0.0.0.0:37081 - 0 ] INFO  server.GrpcService (GrpcService.java:startImpl(260)) - 8ee9ea94-b7aa-4256-9521-78badb6f68ce: GrpcService started, listening on 42261
2022-07-02 07:23:29,692 [EndpointStateMachine task thread for /0.0.0.0:37081 - 0 ] INFO  ratis.XceiverServerRatis (XceiverServerRatis.java:getRealPort(502)) - XceiverServerRatis 8ee9ea94-b7aa-4256-9521-78badb6f68ce is started using port 42261 for RATIS
2022-07-02 07:23:29,692 [EndpointStateMachine task thread for /0.0.0.0:37081 - 0 ] INFO  ratis.XceiverServerRatis (XceiverServerRatis.java:getRealPort(502)) - XceiverServerRatis 8ee9ea94-b7aa-4256-9521-78badb6f68ce is started using port 42261 for RATIS_ADMIN
2022-07-02 07:23:29,692 [EndpointStateMachine task thread for /0.0.0.0:37081 - 0 ] INFO  ratis.XceiverServerRatis (XceiverServerRatis.java:getRealPort(502)) - XceiverServerRatis 8ee9ea94-b7aa-4256-9521-78badb6f68ce is started using port 42261 for RATIS_SERVER
2022-07-02 07:23:29,713 [EndpointStateMachine task thread for /0.0.0.0:37081 - 0 ] INFO  server.XceiverServerGrpc (XceiverServerGrpc.java:start(180)) - XceiverServerGrpc 8ee9ea94-b7aa-4256-9521-78badb6f68ce is started using port 36669
2022-07-02 07:23:29,713 [org.apache.ratis.util.JvmPauseMonitor$$Lambda$611/1072797734@32d85264] INFO  util.JvmPauseMonitor (JvmPauseMonitor.java:run(103)) - JvmPauseMonitor-8ee9ea94-b7aa-4256-9521-78badb6f68ce: Started
2022-07-02 07:23:29,752 [Command processor thread] INFO  server.RaftServer (RaftServerProxy.java:addNew(96)) - 62d41a72-c69a-4c51-8969-57edf65cfd32: addNew group-F3DB0B2B3B31:[62d41a72-c69a-4c51-8969-57edf65cfd32|rpc:10.1.0.20:44989|priority:1] returns group-F3DB0B2B3B31:java.util.concurrent.CompletableFuture@1ce77fa9[Not completed]
2022-07-02 07:23:29,754 [pool-844-thread-1] INFO  server.RaftServer$Division (RaftServerImpl.java:<init>(190)) - 62d41a72-c69a-4c51-8969-57edf65cfd32: new RaftServerImpl for group-F3DB0B2B3B31:[62d41a72-c69a-4c51-8969-57edf65cfd32|rpc:10.1.0.20:44989|priority:1] with ContainerStateMachine:uninitialized
2022-07-02 07:23:29,754 [pool-844-thread-1] INFO  server.RaftServerConfigKeys (ConfUtils.java:logGet(46)) - raft.server.rpc.timeout.min = 5s (custom)
2022-07-02 07:23:29,754 [pool-844-thread-1] INFO  server.RaftServerConfigKeys (ConfUtils.java:logGet(46)) - raft.server.rpc.timeout.max = 5200ms (custom)
2022-07-02 07:23:29,754 [pool-844-thread-1] INFO  server.RaftServerConfigKeys (ConfUtils.java:logGet(46)) - raft.server.rpc.sleep.time = 25ms (default)
2022-07-02 07:23:29,754 [pool-844-thread-1] INFO  server.RaftServerConfigKeys (ConfUtils.java:logGet(46)) - raft.server.rpc.slowness.timeout = 300s (custom)
2022-07-02 07:23:29,754 [pool-844-thread-1] INFO  server.RaftServerConfigKeys (ConfUtils.java:logGet(46)) - raft.server.leaderelection.leader.step-down.wait-time = 10s (default)
2022-07-02 07:23:29,754 [pool-844-thread-1] INFO  server.RaftServerConfigKeys (ConfUtils.java:logGet(46)) - raft.server.sleep.deviation.threshold = 300ms (default)
2022-07-02 07:23:29,754 [pool-844-thread-1] INFO  server.RaftServer$Division (ServerState.java:<init>(107)) - 62d41a72-c69a-4c51-8969-57edf65cfd32@group-F3DB0B2B3B31: ConfigurationManager, init=-1: [62d41a72-c69a-4c51-8969-57edf65cfd32|rpc:10.1.0.20:44989|priority:1], old=null, confs=<EMPTY_MAP>
2022-07-02 07:23:29,754 [pool-844-thread-1] INFO  server.RaftServerConfigKeys (ConfUtils.java:logGet(46)) - raft.server.storage.dir = [/home/runner/work/ozone/ozone/hadoop-ozone/integration-test/target/test-dir/MiniOzoneClusterImpl-0529b123-343e-47c8-b09a-e64196ae32df/datanode-0/data/ratis] (custom)
2022-07-02 07:23:29,755 [pool-844-thread-1] INFO  server.RaftServerConfigKeys (ConfUtils.java:logGet(46)) - raft.server.log.corruption.policy = EXCEPTION (default)
2022-07-02 07:23:29,755 [pool-844-thread-1] INFO  server.RaftServerConfigKeys (ConfUtils.java:logGet(46)) - raft.server.storage.free-space.min = 0MB (=0) (default)
2022-07-02 07:23:29,755 [pool-844-thread-1] INFO  storage.RaftStorageDirectory (RaftStorageDirectoryImpl.java:analyzeStorage(135)) - The storage directory /home/runner/work/ozone/ozone/hadoop-ozone/integration-test/target/test-dir/MiniOzoneClusterImpl-0529b123-343e-47c8-b09a-e64196ae32df/datanode-0/data/ratis/90fa2573-04f9-483b-84ff-f3db0b2b3b31 does not exist. Creating ...
2022-07-02 07:23:29,772 [pool-844-thread-1] INFO  storage.RaftStorageDirectory (RaftStorageDirectoryImpl.java:tryLock(230)) - Lock on /home/runner/work/ozone/ozone/hadoop-ozone/integration-test/target/test-dir/MiniOzoneClusterImpl-0529b123-343e-47c8-b09a-e64196ae32df/datanode-0/data/ratis/90fa2573-04f9-483b-84ff-f3db0b2b3b31/in_use.lock acquired by nodename 16391@fv-az444-838
2022-07-02 07:23:29,812 [IPC Server handler 8 on default port 37081] INFO  net.NetworkTopologyImpl (NetworkTopologyImpl.java:add(112)) - Added a new node: /default-rack/d727aa53-777d-4565-b781-b847e62e7de2
2022-07-02 07:23:29,812 [IPC Server handler 8 on default port 37081] INFO  node.SCMNodeManager (SCMNodeManager.java:register(397)) - Registered Data node : d727aa53-777d-4565-b781-b847e62e7de2{ip: 10.1.0.20, host: fv-az444-838.dthhdds2jluu1c0oa55ndv1hsg.dx.internal.cloudapp.net, ports: [REPLICATION=34763, RATIS=38235, RATIS_ADMIN=38235, RATIS_SERVER=38235, STANDALONE=34017], networkLocation: /default-rack, certSerialId: null, persistedOpState: null, persistedOpStateExpiryEpochSec: 0}
2022-07-02 07:23:29,813 [EventQueue-NewNodeForNewNodeHandler] INFO  pipeline.BackgroundPipelineCreator (BackgroundPipelineCreator.java:notifyEventTriggered(275)) - trigger a one-shot run on RatisPipelineUtilsThread.
2022-07-02 07:23:29,813 [EventQueue-NodeRegistrationContainerReportForDataNodeSafeModeRule] INFO  safemode.SCMSafeModeManager (DataNodeSafeModeRule.java:process(71)) - SCM in safe mode. 3 DataNodes registered, 3 required.
2022-07-02 07:23:29,813 [EventQueue-NodeRegistrationContainerReportForDataNodeSafeModeRule] INFO  safemode.SCMSafeModeManager (SCMSafeModeManager.java:validateSafeModeExitRules(204)) - DataNodeSafeModeRule rule is successfully validated
2022-07-02 07:23:29,813 [EventQueue-NodeRegistrationContainerReportForDataNodeSafeModeRule] INFO  safemode.SCMSafeModeManager (SCMSafeModeManager.java:completePreCheck(233)) - All SCM safe mode pre check rules have passed
2022-07-02 07:23:29,813 [EventQueue-NodeRegistrationContainerReportForDataNodeSafeModeRule] WARN  events.EventQueue (EventQueue.java:fireEvent(216)) - No event handler registered for event TypedEvent{payloadType=SafeModeStatus, name='Safe mode status'}
2022-07-02 07:23:29,813 [EventQueue-NodeRegistrationContainerReportForDataNodeSafeModeRule] INFO  ha.SCMContext (SCMContext.java:updateSafeModeStatus(228)) - Update SafeModeStatus from SafeModeStatus{safeModeStatus=true, preCheckPassed=false} to SafeModeStatus{safeModeStatus=true, preCheckPassed=true}.
2022-07-02 07:23:29,813 [EventQueue-NodeRegistrationContainerReportForDataNodeSafeModeRule] INFO  pipeline.BackgroundPipelineCreator (BackgroundPipelineCreator.java:notifyEventTriggered(275)) - trigger a one-shot run on RatisPipelineUtilsThread.
2022-07-02 07:23:29,814 [RatisPipelineUtilsThread - 0] INFO  pipeline.RatisPipelineProvider (RatisPipelineProvider.java:lambda$create$0(195)) - Sending CreatePipelineCommand for pipeline:PipelineID=25e6635a-2842-4efe-85e5-d00744449e9a to datanode:d727aa53-777d-4565-b781-b847e62e7de2
2022-07-02 07:23:29,814 [RatisPipelineUtilsThread - 0] INFO  pipeline.PipelineStateManagerImpl (PipelineStateManagerImpl.java:addPipeline(101)) - Created pipeline Pipeline[ Id: 25e6635a-2842-4efe-85e5-d00744449e9a, Nodes: d727aa53-777d-4565-b781-b847e62e7de2{ip: 10.1.0.20, host: fv-az444-838.dthhdds2jluu1c0oa55ndv1hsg.dx.internal.cloudapp.net, ports: [REPLICATION=34763, RATIS=38235, RATIS_ADMIN=38235, RATIS_SERVER=38235, STANDALONE=34017], networkLocation: /default-rack, certSerialId: null, persistedOpState: IN_SERVICE, persistedOpStateExpiryEpochSec: 0}, ReplicationConfig: RATIS/ONE, State:ALLOCATED, leaderId:, CreationTimestamp2022-07-02T07:23:29.814Z[Etc/UTC]].
2022-07-02 07:23:29,814 [RatisPipelineUtilsThread - 0] INFO  pipeline.RatisPipelineProvider (RatisPipelineProvider.java:lambda$create$0(195)) - Sending CreatePipelineCommand for pipeline:PipelineID=8b78d0ea-1399-4e19-a374-88c20260634d to datanode:d727aa53-777d-4565-b781-b847e62e7de2
2022-07-02 07:23:29,814 [RatisPipelineUtilsThread - 0] INFO  pipeline.RatisPipelineProvider (RatisPipelineProvider.java:lambda$create$0(195)) - Sending CreatePipelineCommand for pipeline:PipelineID=8b78d0ea-1399-4e19-a374-88c20260634d to datanode:62d41a72-c69a-4c51-8969-57edf65cfd32
2022-07-02 07:23:29,814 [RatisPipelineUtilsThread - 0] INFO  pipeline.RatisPipelineProvider (RatisPipelineProvider.java:lambda$create$0(195)) - Sending CreatePipelineCommand for pipeline:PipelineID=8b78d0ea-1399-4e19-a374-88c20260634d to datanode:c36488b4-ebfd-4b41-ac5a-8203e4b42905
2022-07-02 07:23:29,815 [RatisPipelineUtilsThread - 0] INFO  pipeline.PipelineStateManagerImpl (PipelineStateManagerImpl.java:addPipeline(101)) - Created pipeline Pipeline[ Id: 8b78d0ea-1399-4e19-a374-88c20260634d, Nodes: d727aa53-777d-4565-b781-b847e62e7de2{ip: 10.1.0.20, host: fv-az444-838.dthhdds2jluu1c0oa55ndv1hsg.dx.internal.cloudapp.net, ports: [REPLICATION=34763, RATIS=38235, RATIS_ADMIN=38235, RATIS_SERVER=38235, STANDALONE=34017], networkLocation: /default-rack, certSerialId: null, persistedOpState: IN_SERVICE, persistedOpStateExpiryEpochSec: 0}62d41a72-c69a-4c51-8969-57edf65cfd32{ip: 10.1.0.20, host: fv-az444-838.dthhdds2jluu1c0oa55ndv1hsg.dx.internal.cloudapp.net, ports: [REPLICATION=41289, RATIS=44989, RATIS_ADMIN=44989, RATIS_SERVER=44989, STANDALONE=37639], networkLocation: /default-rack, certSerialId: null, persistedOpState: IN_SERVICE, persistedOpStateExpiryEpochSec: 0}c36488b4-ebfd-4b41-ac5a-8203e4b42905{ip: 10.1.0.20, host: fv-az444-838.dthhdds2jluu1c0oa55ndv1hsg.dx.internal.cloudapp.net, ports: [REPLICATION=36535, RATIS=40803, RATIS_ADMIN=40803, RATIS_SERVER=40803, STANDALONE=41593], networkLocation: /default-rack, certSerialId: null, persistedOpState: IN_SERVICE, persistedOpStateExpiryEpochSec: 0}, ReplicationConfig: RATIS/THREE, State:ALLOCATED, leaderId:, CreationTimestamp2022-07-02T07:23:29.814Z[Etc/UTC]].
2022-07-02 07:23:29,815 [RatisPipelineUtilsThread - 0] INFO  pipeline.RatisPipelineProvider (RatisPipelineProvider.java:lambda$create$0(195)) - Sending CreatePipelineCommand for pipeline:PipelineID=26fd7dc0-a09a-42e3-9f2f-dfac8fc8cceb to datanode:c36488b4-ebfd-4b41-ac5a-8203e4b42905
2022-07-02 07:23:29,815 [RatisPipelineUtilsThread - 0] INFO  pipeline.RatisPipelineProvider (RatisPipelineProvider.java:lambda$create$0(195)) - Sending CreatePipelineCommand for pipeline:PipelineID=26fd7dc0-a09a-42e3-9f2f-dfac8fc8cceb to datanode:62d41a72-c69a-4c51-8969-57edf65cfd32
2022-07-02 07:23:29,815 [RatisPipelineUtilsThread - 0] INFO  pipeline.RatisPipelineProvider (RatisPipelineProvider.java:lambda$create$0(195)) - Sending CreatePipelineCommand for pipeline:PipelineID=26fd7dc0-a09a-42e3-9f2f-dfac8fc8cceb to datanode:d727aa53-777d-4565-b781-b847e62e7de2
2022-07-02 07:23:29,815 [RatisPipelineUtilsThread - 0] INFO  pipeline.PipelineStateManagerImpl (PipelineStateManagerImpl.java:addPipeline(101)) - Created pipeline Pipeline[ Id: 26fd7dc0-a09a-42e3-9f2f-dfac8fc8cceb, Nodes: c36488b4-ebfd-4b41-ac5a-8203e4b42905{ip: 10.1.0.20, host: fv-az444-838.dthhdds2jluu1c0oa55ndv1hsg.dx.internal.cloudapp.net, ports: [REPLICATION=36535, RATIS=40803, RATIS_ADMIN=40803, RATIS_SERVER=40803, STANDALONE=41593], networkLocation: /default-rack, certSerialId: null, persistedOpState: IN_SERVICE, persistedOpStateExpiryEpochSec: 0}62d41a72-c69a-4c51-8969-57edf65cfd32{ip: 10.1.0.20, host: fv-az444-838.dthhdds2jluu1c0oa55ndv1hsg.dx.internal.cloudapp.net, ports: [REPLICATION=41289, RATIS=44989, RATIS_ADMIN=44989, RATIS_SERVER=44989, STANDALONE=37639], networkLocation: /default-rack, certSerialId: null, persistedOpState: IN_SERVICE, persistedOpStateExpiryEpochSec: 0}d727aa53-777d-4565-b781-b847e62e7de2{ip: 10.1.0.20, host: fv-az444-838.dthhdds2jluu1c0oa55ndv1hsg.dx.internal.cloudapp.net, ports: [REPLICATION=34763, RATIS=38235, RATIS_ADMIN=38235, RATIS_SERVER=38235, STANDALONE=34017], networkLocation: /default-rack, certSerialId: null, persistedOpState: IN_SERVICE, persistedOpStateExpiryEpochSec: 0}, ReplicationConfig: RATIS/THREE, State:ALLOCATED, leaderId:, CreationTimestamp2022-07-02T07:23:29.815Z[Etc/UTC]].
2022-07-02 07:23:29,816 [RatisPipelineUtilsThread - 0] INFO  pipeline.PipelineManagerImpl (PipelineManagerImpl.java:recordMetricsForPipeline(780)) - Pipeline: PipelineID=26fd7dc0-a09a-42e3-9f2f-dfac8fc8cceb contains same datanodes as previous pipelines: PipelineID=8b78d0ea-1399-4e19-a374-88c20260634d nodeIds: c36488b4-ebfd-4b41-ac5a-8203e4b42905, 62d41a72-c69a-4c51-8969-57edf65cfd32, d727aa53-777d-4565-b781-b847e62e7de2
2022-07-02 07:23:29,835 [pool-844-thread-1] INFO  storage.RaftStorage (RaftStorageImpl.java:format(89)) - Storage directory /home/runner/work/ozone/ozone/hadoop-ozone/integration-test/target/test-dir/MiniOzoneClusterImpl-0529b123-343e-47c8-b09a-e64196ae32df/datanode-0/data/ratis/90fa2573-04f9-483b-84ff-f3db0b2b3b31 has been successfully formatted.
2022-07-02 07:23:29,837 [pool-844-thread-1] INFO  ratis.ContainerStateMachine (ContainerStateMachine.java:loadSnapshot(236)) - group-F3DB0B2B3B31: The snapshot info is null. Setting the last applied indexto:(t:0, i:~)
2022-07-02 07:23:29,837 [pool-844-thread-1] INFO  server.RaftServerConfigKeys (ConfUtils.java:logGet(46)) - raft.server.notification.no-leader.timeout = 300s (custom)
2022-07-02 07:23:29,837 [pool-844-thread-1] INFO  server.RaftServerConfigKeys (ConfUtils.java:logGet(46)) - raft.server.log.use.memory = false (default)
2022-07-02 07:23:29,837 [pool-844-thread-1] INFO  server.RaftServerConfigKeys (ConfUtils.java:logGet(46)) - raft.server.log.purge.gap = 1000000 (custom)
2022-07-02 07:23:29,837 [pool-844-thread-1] INFO  server.RaftServerConfigKeys (ConfUtils.java:logGet(46)) - raft.server.log.appender.buffer.byte-limit = 33554432 (custom)
2022-07-02 07:23:29,837 [pool-844-thread-1] INFO  server.RaftServerConfigKeys (ConfUtils.java:logGet(46)) - raft.server.log.statemachine.data.read.timeout = 1000ms (default)
2022-07-02 07:23:29,838 [pool-844-thread-1] INFO  server.RaftServerConfigKeys (ConfUtils.java:logGet(46)) - raft.server.log.segment.size.max = 1048576 (custom)
2022-07-02 07:23:29,838 [pool-844-thread-1] INFO  server.RaftServerConfigKeys (ConfUtils.java:logGet(46)) - raft.server.log.segment.cache.num.max = 2 (custom)
2022-07-02 07:23:29,838 [pool-844-thread-1] INFO  server.RaftServerConfigKeys (ConfUtils.java:logGet(46)) - raft.server.log.segment.cache.size.max = 200MB (=209715200) (default)
2022-07-02 07:23:29,838 [pool-844-thread-1] INFO  segmented.SegmentedRaftLogWorker (SegmentedRaftLogWorker.java:<init>(187)) - new 62d41a72-c69a-4c51-8969-57edf65cfd32@group-F3DB0B2B3B31-SegmentedRaftLogWorker for RaftStorageImpl:Storage Directory /home/runner/work/ozone/ozone/hadoop-ozone/integration-test/target/test-dir/MiniOzoneClusterImpl-0529b123-343e-47c8-b09a-e64196ae32df/datanode-0/data/ratis/90fa2573-04f9-483b-84ff-f3db0b2b3b31
2022-07-02 07:23:29,838 [pool-844-thread-1] INFO  server.RaftServerConfigKeys (ConfUtils.java:logGet(46)) - raft.server.log.queue.byte-limit = 4294967296 (custom)
2022-07-02 07:23:29,838 [pool-844-thread-1] INFO  server.RaftServerConfigKeys (ConfUtils.java:logGet(46)) - raft.server.log.queue.element-limit = 1024 (custom)
2022-07-02 07:23:29,838 [pool-844-thread-1] INFO  server.RaftServerConfigKeys (ConfUtils.java:logGet(46)) - raft.server.log.segment.size.max = 1048576 (custom)
2022-07-02 07:23:29,838 [pool-844-thread-1] INFO  server.RaftServerConfigKeys (ConfUtils.java:logGet(46)) - raft.server.log.preallocated.size = 16384 (custom)
2022-07-02 07:23:29,838 [pool-844-thread-1] INFO  server.RaftServerConfigKeys (ConfUtils.java:logGet(46)) - raft.server.log.force.sync.num = 128 (default)
2022-07-02 07:23:29,839 [pool-844-thread-1] INFO  server.RaftServerConfigKeys (ConfUtils.java:logGet(46)) - raft.server.log.statemachine.data.sync = true (default)
2022-07-02 07:23:29,839 [pool-844-thread-1] INFO  server.RaftServerConfigKeys (ConfUtils.java:logGet(46)) - raft.server.log.statemachine.data.sync.timeout = 10s (default)
2022-07-02 07:23:29,839 [pool-844-thread-1] INFO  server.RaftServerConfigKeys (ConfUtils.java:logGet(46)) - raft.server.log.statemachine.data.sync.timeout.retry = -1 (default)
2022-07-02 07:23:29,840 [pool-844-thread-1] INFO  server.RaftServerConfigKeys (ConfUtils.java:logGet(46)) - raft.server.log.write.buffer.size = 1048576 (custom)
2022-07-02 07:23:29,841 [pool-844-thread-1] INFO  server.RaftServerConfigKeys (ConfUtils.java:logGet(46)) - raft.server.log.unsafe-flush.enabled = false (default)
2022-07-02 07:23:29,841 [pool-844-thread-1] INFO  server.RaftServerConfigKeys (ConfUtils.java:logGet(46)) - raft.server.log.statemachine.data.caching.enabled = true (custom)
2022-07-02 07:23:29,841 [pool-844-thread-1] INFO  segmented.SegmentedRaftLogWorker (SegmentedRaftLogWorker.java:lambda$new$0(135)) - 62d41a72-c69a-4c51-8969-57edf65cfd32@group-F3DB0B2B3B31-SegmentedRaftLogWorker: flushIndex: setUnconditionally 0 -> -1
2022-07-02 07:23:29,841 [pool-844-thread-1] INFO  segmented.SegmentedRaftLogWorker (SegmentedRaftLogWorker.java:lambda$new$0(135)) - 62d41a72-c69a-4c51-8969-57edf65cfd32@group-F3DB0B2B3B31-SegmentedRaftLogWorker: safeCacheEvictIndex: setUnconditionally 0 -> -1
2022-07-02 07:23:29,842 [pool-844-thread-1] INFO  server.RaftServerConfigKeys (ConfUtils.java:logGet(46)) - raft.server.snapshot.auto.trigger.enabled = true (custom)
2022-07-02 07:23:29,842 [pool-844-thread-1] INFO  server.RaftServerConfigKeys (ConfUtils.java:logGet(46)) - raft.server.snapshot.auto.trigger.threshold = 10000 (custom)
2022-07-02 07:23:29,842 [pool-844-thread-1] INFO  server.RaftServerConfigKeys (ConfUtils.java:logGet(46)) - raft.server.snapshot.retention.file.num = 5 (custom)
2022-07-02 07:23:29,842 [pool-844-thread-1] INFO  server.RaftServerConfigKeys (ConfUtils.java:logGet(46)) - raft.server.log.purge.upto.snapshot.index = false (default)
2022-07-02 07:23:29,842 [pool-844-thread-1] INFO  server.RaftServerConfigKeys (ConfUtils.java:logGet(46)) - raft.server.retrycache.expirytime = 600000ms (custom)
2022-07-02 07:23:29,842 [pool-844-thread-1] INFO  server.RaftServerConfigKeys (ConfUtils.java:logGet(46)) - raft.server.retrycache.statistics.expirytime = 100μs (default)
2022-07-02 07:23:29,842 [EventQueue-PipelineReportForPipelineReportHandler] INFO  pipeline.PipelineManagerImpl (PipelineManagerImpl.java:openPipeline(358)) - Pipeline Pipeline[ Id: 90fa2573-04f9-483b-84ff-f3db0b2b3b31, Nodes: 62d41a72-c69a-4c51-8969-57edf65cfd32{ip: 10.1.0.20, host: fv-az444-838.dthhdds2jluu1c0oa55ndv1hsg.dx.internal.cloudapp.net, ports: [REPLICATION=41289, RATIS=44989, RATIS_ADMIN=44989, RATIS_SERVER=44989, STANDALONE=37639], networkLocation: /default-rack, certSerialId: null, persistedOpState: IN_SERVICE, persistedOpStateExpiryEpochSec: 0}, ReplicationConfig: RATIS/ONE, State:ALLOCATED, leaderId:62d41a72-c69a-4c51-8969-57edf65cfd32, CreationTimestamp2022-07-02T07:23:26.782Z[Etc/UTC]] moved to OPEN state
2022-07-02 07:23:29,843 [pool-844-thread-1] INFO  server.RaftServerConfigKeys (ConfUtils.java:logGet(46)) - raft.server.log.appender.install.snapshot.enabled = false (custom)
2022-07-02 07:23:29,843 [pool-844-thread-1] INFO  server.RaftServerConfigKeys (ConfUtils.java:logGet(46)) - raft.server.threadpool.server.cached = true (default)
2022-07-02 07:23:29,843 [pool-844-thread-1] INFO  server.RaftServerConfigKeys (ConfUtils.java:logGet(46)) - raft.server.threadpool.server.size = 0 (default)
2022-07-02 07:23:29,843 [pool-844-thread-1] INFO  server.RaftServerConfigKeys (ConfUtils.java:logGet(46)) - raft.server.threadpool.client.cached = true (default)
2022-07-02 07:23:29,843 [pool-844-thread-1] INFO  server.RaftServerConfigKeys (ConfUtils.java:logGet(46)) - raft.server.threadpool.client.size = 0 (default)
2022-07-02 07:23:29,844 [pool-844-thread-1] INFO  server.RaftServer$Division (RaftServerImpl.java:start(310)) - 62d41a72-c69a-4c51-8969-57edf65cfd32@group-F3DB0B2B3B31: start as a follower, conf=-1: [62d41a72-c69a-4c51-8969-57edf65cfd32|rpc:10.1.0.20:44989|priority:1], old=null
2022-07-02 07:23:29,844 [pool-844-thread-1] INFO  server.RaftServer$Division (RaftServerImpl.java:setRole(299)) - 62d41a72-c69a-4c51-8969-57edf65cfd32@group-F3DB0B2B3B31: changes role from      null to FOLLOWER at term 0 for startAsFollower
2022-07-02 07:23:29,844 [pool-844-thread-1] INFO  impl.RoleInfo (RoleInfo.java:updateAndGet(139)) - 62d41a72-c69a-4c51-8969-57edf65cfd32: start 62d41a72-c69a-4c51-8969-57edf65cfd32@group-F3DB0B2B3B31-FollowerState
2022-07-02 07:23:29,852 [pool-844-thread-1] INFO  util.JmxRegister (JmxRegister.java:tryRegister(44)) - Successfully registered JMX Bean with object name Ratis:service=RaftServer,group=group-F3DB0B2B3B31,id=62d41a72-c69a-4c51-8969-57edf65cfd32
2022-07-02 07:23:29,860 [Command processor thread] INFO  ratis.XceiverServerRatis (XceiverServerRatis.java:addGroup(765)) - Created group PipelineID=90fa2573-04f9-483b-84ff-f3db0b2b3b31
2022-07-02 07:23:29,860 [Command processor thread] INFO  commandhandler.CreatePipelineCommandHandler (CreatePipelineCommandHandler.java:handle(113)) - Created Pipeline RATIS ONE PipelineID=90fa2573-04f9-483b-84ff-f3db0b2b3b31.
2022-07-02 07:23:29,860 [Command processor thread] INFO  server.RaftServer (RaftServerProxy.java:addNew(96)) - 62d41a72-c69a-4c51-8969-57edf65cfd32: addNew group-88C20260634D:[62d41a72-c69a-4c51-8969-57edf65cfd32|rpc:10.1.0.20:44989|priority:0, c36488b4-ebfd-4b41-ac5a-8203e4b42905|rpc:10.1.0.20:40803|priority:1, d727aa53-777d-4565-b781-b847e62e7de2|rpc:10.1.0.20:38235|priority:0] returns group-88C20260634D:java.util.concurrent.CompletableFuture@18d8e8ed[Not completed]
2022-07-02 07:23:29,861 [pool-844-thread-1] INFO  server.RaftServer$Division (RaftServerImpl.java:<init>(190)) - 62d41a72-c69a-4c51-8969-57edf65cfd32: new RaftServerImpl for group-88C20260634D:[62d41a72-c69a-4c51-8969-57edf65cfd32|rpc:10.1.0.20:44989|priority:0, c36488b4-ebfd-4b41-ac5a-8203e4b42905|rpc:10.1.0.20:40803|priority:1, d727aa53-777d-4565-b781-b847e62e7de2|rpc:10.1.0.20:38235|priority:0] with ContainerStateMachine:uninitialized
2022-07-02 07:23:29,861 [pool-844-thread-1] INFO  server.RaftServerConfigKeys (ConfUtils.java:logGet(46)) - raft.server.rpc.timeout.min = 5s (custom)
2022-07-02 07:23:29,861 [pool-844-thread-1] INFO  server.RaftServerConfigKeys (ConfUtils.java:logGet(46)) - raft.server.rpc.timeout.max = 5200ms (custom)
2022-07-02 07:23:29,861 [pool-844-thread-1] INFO  server.RaftServerConfigKeys (ConfUtils.java:logGet(46)) - raft.server.rpc.sleep.time = 25ms (default)
2022-07-02 07:23:29,861 [pool-844-thread-1] INFO  server.RaftServerConfigKeys (ConfUtils.java:logGet(46)) - raft.server.rpc.slowness.timeout = 300s (custom)
2022-07-02 07:23:29,861 [pool-844-thread-1] INFO  server.RaftServerConfigKeys (ConfUtils.java:logGet(46)) - raft.server.leaderelection.leader.step-down.wait-time = 10s (default)
2022-07-02 07:23:29,861 [pool-844-thread-1] INFO  server.RaftServerConfigKeys (ConfUtils.java:logGet(46)) - raft.server.sleep.deviation.threshold = 300ms (default)
2022-07-02 07:23:29,861 [pool-844-thread-1] INFO  server.RaftServer$Division (ServerState.java:<init>(107)) - 62d41a72-c69a-4c51-8969-57edf65cfd32@group-88C20260634D: ConfigurationManager, init=-1: [62d41a72-c69a-4c51-8969-57edf65cfd32|rpc:10.1.0.20:44989|priority:0, c36488b4-ebfd-4b41-ac5a-8203e4b42905|rpc:10.1.0.20:40803|priority:1, d727aa53-777d-4565-b781-b847e62e7de2|rpc:10.1.0.20:38235|priority:0], old=null, confs=<EMPTY_MAP>
2022-07-02 07:23:29,861 [pool-844-thread-1] INFO  server.RaftServerConfigKeys (ConfUtils.java:logGet(46)) - raft.server.storage.dir = [/home/runner/work/ozone/ozone/hadoop-ozone/integration-test/target/test-dir/MiniOzoneClusterImpl-0529b123-343e-47c8-b09a-e64196ae32df/datanode-0/data/ratis] (custom)
2022-07-02 07:23:29,862 [pool-844-thread-1] INFO  server.RaftServerConfigKeys (ConfUtils.java:logGet(46)) - raft.server.log.corruption.policy = EXCEPTION (default)
2022-07-02 07:23:29,862 [pool-844-thread-1] INFO  server.RaftServerConfigKeys (ConfUtils.java:logGet(46)) - raft.server.storage.free-space.min = 0MB (=0) (default)
2022-07-02 07:23:29,862 [pool-844-thread-1] INFO  storage.RaftStorageDirectory (RaftStorageDirectoryImpl.java:analyzeStorage(135)) - The storage directory /home/runner/work/ozone/ozone/hadoop-ozone/integration-test/target/test-dir/MiniOzoneClusterImpl-0529b123-343e-47c8-b09a-e64196ae32df/datanode-0/data/ratis/8b78d0ea-1399-4e19-a374-88c20260634d does not exist. Creating ...
2022-07-02 07:23:29,863 [pool-844-thread-1] INFO  storage.RaftStorageDirectory (RaftStorageDirectoryImpl.java:tryLock(230)) - Lock on /home/runner/work/ozone/ozone/hadoop-ozone/integration-test/target/test-dir/MiniOzoneClusterImpl-0529b123-343e-47c8-b09a-e64196ae32df/datanode-0/data/ratis/8b78d0ea-1399-4e19-a374-88c20260634d/in_use.lock acquired by nodename 16391@fv-az444-838
2022-07-02 07:23:29,896 [EventQueue-OpenPipelineForHealthyPipelineSafeModeRule] INFO  safemode.SCMSafeModeManager (HealthyPipelineSafeModeRule.java:process(124)) - SCM in safe mode. Healthy pipelines reported count is 0, required healthy pipeline reported count is 1
2022-07-02 07:23:29,896 [pool-844-thread-1] INFO  storage.RaftStorage (RaftStorageImpl.java:format(89)) - Storage directory /home/runner/work/ozone/ozone/hadoop-ozone/integration-test/target/test-dir/MiniOzoneClusterImpl-0529b123-343e-47c8-b09a-e64196ae32df/datanode-0/data/ratis/8b78d0ea-1399-4e19-a374-88c20260634d has been successfully formatted.
2022-07-02 07:23:29,896 [pool-844-thread-1] INFO  ratis.ContainerStateMachine (ContainerStateMachine.java:loadSnapshot(236)) - group-88C20260634D: The snapshot info is null. Setting the last applied indexto:(t:0, i:~)
2022-07-02 07:23:29,897 [pool-844-thread-1] INFO  server.RaftServerConfigKeys (ConfUtils.java:logGet(46)) - raft.server.notification.no-leader.timeout = 300s (custom)
2022-07-02 07:23:29,897 [pool-844-thread-1] INFO  server.RaftServerConfigKeys (ConfUtils.java:logGet(46)) - raft.server.log.use.memory = false (default)
2022-07-02 07:23:29,897 [pool-844-thread-1] INFO  server.RaftServerConfigKeys (ConfUtils.java:logGet(46)) - raft.server.log.purge.gap = 1000000 (custom)
2022-07-02 07:23:29,897 [pool-844-thread-1] INFO  server.RaftServerConfigKeys (ConfUtils.java:logGet(46)) - raft.server.log.appender.buffer.byte-limit = 33554432 (custom)
2022-07-02 07:23:29,897 [pool-844-thread-1] INFO  server.RaftServerConfigKeys (ConfUtils.java:logGet(46)) - raft.server.log.statemachine.data.read.timeout = 1000ms (default)
2022-07-02 07:23:29,897 [pool-844-thread-1] INFO  server.RaftServerConfigKeys (ConfUtils.java:logGet(46)) - raft.server.log.segment.size.max = 1048576 (custom)
2022-07-02 07:23:29,897 [pool-844-thread-1] INFO  server.RaftServerConfigKeys (ConfUtils.java:logGet(46)) - raft.server.log.segment.cache.num.max = 2 (custom)
2022-07-02 07:23:29,897 [pool-844-thread-1] INFO  server.RaftServerConfigKeys (ConfUtils.java:logGet(46)) - raft.server.log.segment.cache.size.max = 200MB (=209715200) (default)
2022-07-02 07:23:29,897 [pool-844-thread-1] INFO  segmented.SegmentedRaftLogWorker (SegmentedRaftLogWorker.java:<init>(187)) - new 62d41a72-c69a-4c51-8969-57edf65cfd32@group-88C20260634D-SegmentedRaftLogWorker for RaftStorageImpl:Storage Directory /home/runner/work/ozone/ozone/hadoop-ozone/integration-test/target/test-dir/MiniOzoneClusterImpl-0529b123-343e-47c8-b09a-e64196ae32df/datanode-0/data/ratis/8b78d0ea-1399-4e19-a374-88c20260634d
2022-07-02 07:23:29,898 [pool-844-thread-1] INFO  server.RaftServerConfigKeys (ConfUtils.java:logGet(46)) - raft.server.log.queue.byte-limit = 4294967296 (custom)
2022-07-02 07:23:29,898 [pool-844-thread-1] INFO  server.RaftServerConfigKeys (ConfUtils.java:logGet(46)) - raft.server.log.queue.element-limit = 1024 (custom)
2022-07-02 07:23:29,898 [pool-844-thread-1] INFO  server.RaftServerConfigKeys (ConfUtils.java:logGet(46)) - raft.server.log.segment.size.max = 1048576 (custom)
2022-07-02 07:23:29,898 [pool-844-thread-1] INFO  server.RaftServerConfigKeys (ConfUtils.java:logGet(46)) - raft.server.log.preallocated.size = 16384 (custom)
2022-07-02 07:23:29,898 [pool-844-thread-1] INFO  server.RaftServerConfigKeys (ConfUtils.java:logGet(46)) - raft.server.log.force.sync.num = 128 (default)
2022-07-02 07:23:29,898 [pool-844-thread-1] INFO  server.RaftServerConfigKeys (ConfUtils.java:logGet(46)) - raft.server.log.statemachine.data.sync = true (default)
2022-07-02 07:23:29,898 [pool-844-thread-1] INFO  server.RaftServerConfigKeys (ConfUtils.java:logGet(46)) - raft.server.log.statemachine.data.sync.timeout = 10s (default)
2022-07-02 07:23:29,898 [pool-844-thread-1] INFO  server.RaftServerConfigKeys (ConfUtils.java:logGet(46)) - raft.server.log.statemachine.data.sync.timeout.retry = -1 (default)
2022-07-02 07:23:29,899 [pool-844-thread-1] INFO  server.RaftServerConfigKeys (ConfUtils.java:logGet(46)) - raft.server.log.write.buffer.size = 1048576 (custom)
2022-07-02 07:23:29,901 [pool-844-thread-1] INFO  server.RaftServerConfigKeys (ConfUtils.java:logGet(46)) - raft.server.log.unsafe-flush.enabled = false (default)
2022-07-02 07:23:29,901 [pool-844-thread-1] INFO  server.RaftServerConfigKeys (ConfUtils.java:logGet(46)) - raft.server.log.statemachine.data.caching.enabled = true (custom)
2022-07-02 07:23:29,901 [pool-844-thread-1] INFO  segmented.SegmentedRaftLogWorker (SegmentedRaftLogWorker.java:lambda$new$0(135)) - 62d41a72-c69a-4c51-8969-57edf65cfd32@group-88C20260634D-SegmentedRaftLogWorker: flushIndex: setUnconditionally 0 -> -1
2022-07-02 07:23:29,901 [pool-844-thread-1] INFO  segmented.SegmentedRaftLogWorker (SegmentedRaftLogWorker.java:lambda$new$0(135)) - 62d41a72-c69a-4c51-8969-57edf65cfd32@group-88C20260634D-SegmentedRaftLogWorker: safeCacheEvictIndex: setUnconditionally 0 -> -1
2022-07-02 07:23:29,904 [EventQueue-OpenPipelineForHealthyPipelineSafeModeRule] INFO  safemode.SCMSafeModeManager (HealthyPipelineSafeModeRule.java:process(124)) - SCM in safe mode. Healthy pipelines reported count is 0, required healthy pipeline reported count is 1
2022-07-02 07:23:29,924 [pool-844-thread-1] INFO  server.RaftServerConfigKeys (ConfUtils.java:logGet(46)) - raft.server.snapshot.auto.trigger.enabled = true (custom)
2022-07-02 07:23:29,924 [pool-844-thread-1] INFO  server.RaftServerConfigKeys (ConfUtils.java:logGet(46)) - raft.server.snapshot.auto.trigger.threshold = 10000 (custom)
2022-07-02 07:23:29,924 [pool-844-thread-1] INFO  server.RaftServerConfigKeys (ConfUtils.java:logGet(46)) - raft.server.snapshot.retention.file.num = 5 (custom)
2022-07-02 07:23:29,924 [pool-844-thread-1] INFO  server.RaftServerConfigKeys (ConfUtils.java:logGet(46)) - raft.server.log.purge.upto.snapshot.index = false (default)
2022-07-02 07:23:29,924 [pool-844-thread-1] INFO  server.RaftServerConfigKeys (ConfUtils.java:logGet(46)) - raft.server.retrycache.expirytime = 600000ms (custom)
2022-07-02 07:23:29,924 [pool-844-thread-1] INFO  server.RaftServerConfigKeys (ConfUtils.java:logGet(46)) - raft.server.retrycache.statistics.expirytime = 100μs (default)
2022-07-02 07:23:29,926 [pool-844-thread-1] INFO  server.RaftServerConfigKeys (ConfUtils.java:logGet(46)) - raft.server.log.appender.install.snapshot.enabled = false (custom)
2022-07-02 07:23:29,926 [pool-844-thread-1] INFO  server.RaftServerConfigKeys (ConfUtils.java:logGet(46)) - raft.server.threadpool.server.cached = true (default)
2022-07-02 07:23:29,926 [pool-844-thread-1] INFO  server.RaftServerConfigKeys (ConfUtils.java:logGet(46)) - raft.server.threadpool.server.size = 0 (default)
2022-07-02 07:23:29,926 [pool-844-thread-1] INFO  server.RaftServerConfigKeys (ConfUtils.java:logGet(46)) - raft.server.threadpool.client.cached = true (default)
2022-07-02 07:23:29,926 [pool-844-thread-1] INFO  server.RaftServerConfigKeys (ConfUtils.java:logGet(46)) - raft.server.threadpool.client.size = 0 (default)
2022-07-02 07:23:29,926 [pool-844-thread-1] INFO  server.RaftServer$Division (RaftServerImpl.java:start(310)) - 62d41a72-c69a-4c51-8969-57edf65cfd32@group-88C20260634D: start as a follower, conf=-1: [62d41a72-c69a-4c51-8969-57edf65cfd32|rpc:10.1.0.20:44989|priority:0, c36488b4-ebfd-4b41-ac5a-8203e4b42905|rpc:10.1.0.20:40803|priority:1, d727aa53-777d-4565-b781-b847e62e7de2|rpc:10.1.0.20:38235|priority:0], old=null
2022-07-02 07:23:29,926 [pool-844-thread-1] INFO  server.RaftServer$Division (RaftServerImpl.java:setRole(299)) - 62d41a72-c69a-4c51-8969-57edf65cfd32@group-88C20260634D: changes role from      null to FOLLOWER at term 0 for startAsFollower
2022-07-02 07:23:29,926 [pool-844-thread-1] INFO  impl.RoleInfo (RoleInfo.java:updateAndGet(139)) - 62d41a72-c69a-4c51-8969-57edf65cfd32: start 62d41a72-c69a-4c51-8969-57edf65cfd32@group-88C20260634D-FollowerState
2022-07-02 07:23:29,949 [pool-844-thread-1] INFO  util.JmxRegister (JmxRegister.java:tryRegister(44)) - Successfully registered JMX Bean with object name Ratis:service=RaftServer,group=group-88C20260634D,id=62d41a72-c69a-4c51-8969-57edf65cfd32
2022-07-02 07:23:29,960 [Command processor thread] INFO  ratis.XceiverServerRatis (XceiverServerRatis.java:addGroup(765)) - Created group PipelineID=8b78d0ea-1399-4e19-a374-88c20260634d
2022-07-02 07:23:30,103 [Listener at 127.0.0.1/38259] INFO  ozone.MiniOzoneClusterImpl (MiniOzoneClusterImpl.java:lambda$waitForClusterToBeReady$0(223)) - Waiting for nodes to be ready. Got 3 of 5 DN Heartbeats.
2022-07-02 07:23:30,103 [Listener at 127.0.0.1/38259] INFO  ozone.MiniOzoneClusterImpl (MiniOzoneClusterImpl.java:lambda$waitForClusterToBeReady$0(226)) - Waiting for cluster to exit safe mode
2022-07-02 07:23:30,103 [Listener at 127.0.0.1/38259] INFO  ozone.MiniOzoneClusterImpl (MiniOzoneClusterImpl.java:lambda$waitForClusterToBeReady$0(228)) - SCM became leader
2022-07-02 07:23:30,140 [grpc-default-executor-0] INFO  server.RaftServer (RaftServerProxy.java:addNew(96)) - d727aa53-777d-4565-b781-b847e62e7de2: addNew group-88C20260634D:[62d41a72-c69a-4c51-8969-57edf65cfd32|rpc:10.1.0.20:44989|dataStream:|priority:0, c36488b4-ebfd-4b41-ac5a-8203e4b42905|rpc:10.1.0.20:40803|dataStream:|priority:1, d727aa53-777d-4565-b781-b847e62e7de2|rpc:10.1.0.20:38235|dataStream:|priority:0] returns group-88C20260634D:java.util.concurrent.CompletableFuture@4993d86f[Not completed]
2022-07-02 07:23:30,156 [pool-890-thread-1] INFO  server.RaftServer$Division (RaftServerImpl.java:<init>(190)) - d727aa53-777d-4565-b781-b847e62e7de2: new RaftServerImpl for group-88C20260634D:[62d41a72-c69a-4c51-8969-57edf65cfd32|rpc:10.1.0.20:44989|dataStream:|priority:0, c36488b4-ebfd-4b41-ac5a-8203e4b42905|rpc:10.1.0.20:40803|dataStream:|priority:1, d727aa53-777d-4565-b781-b847e62e7de2|rpc:10.1.0.20:38235|dataStream:|priority:0] with ContainerStateMachine:uninitialized
2022-07-02 07:23:30,157 [pool-890-thread-1] INFO  server.RaftServerConfigKeys (ConfUtils.java:logGet(46)) - raft.server.rpc.timeout.min = 5s (custom)
2022-07-02 07:23:30,157 [pool-890-thread-1] INFO  server.RaftServerConfigKeys (ConfUtils.java:logGet(46)) - raft.server.rpc.timeout.max = 5200ms (custom)
2022-07-02 07:23:30,157 [pool-890-thread-1] INFO  server.RaftServerConfigKeys (ConfUtils.java:logGet(46)) - raft.server.rpc.sleep.time = 25ms (default)
2022-07-02 07:23:30,157 [pool-890-thread-1] INFO  server.RaftServerConfigKeys (ConfUtils.java:logGet(46)) - raft.server.rpc.slowness.timeout = 300s (custom)
2022-07-02 07:23:30,157 [pool-890-thread-1] INFO  server.RaftServerConfigKeys (ConfUtils.java:logGet(46)) - raft.server.leaderelection.leader.step-down.wait-time = 10s (default)
2022-07-02 07:23:30,157 [pool-890-thread-1] INFO  server.RaftServerConfigKeys (ConfUtils.java:logGet(46)) - raft.server.sleep.deviation.threshold = 300ms (default)
2022-07-02 07:23:30,157 [pool-890-thread-1] INFO  server.RaftServer$Division (ServerState.java:<init>(107)) - d727aa53-777d-4565-b781-b847e62e7de2@group-88C20260634D: ConfigurationManager, init=-1: [62d41a72-c69a-4c51-8969-57edf65cfd32|rpc:10.1.0.20:44989|dataStream:|priority:0, c36488b4-ebfd-4b41-ac5a-8203e4b42905|rpc:10.1.0.20:40803|dataStream:|priority:1, d727aa53-777d-4565-b781-b847e62e7de2|rpc:10.1.0.20:38235|dataStream:|priority:0], old=null, confs=<EMPTY_MAP>
2022-07-02 07:23:30,157 [pool-890-thread-1] INFO  server.RaftServerConfigKeys (ConfUtils.java:logGet(46)) - raft.server.storage.dir = [/home/runner/work/ozone/ozone/hadoop-ozone/integration-test/target/test-dir/MiniOzoneClusterImpl-0529b123-343e-47c8-b09a-e64196ae32df/datanode-2/data/ratis] (custom)
2022-07-02 07:23:30,157 [pool-890-thread-1] INFO  server.RaftServerConfigKeys (ConfUtils.java:logGet(46)) - raft.server.log.corruption.policy = EXCEPTION (default)
2022-07-02 07:23:30,157 [pool-890-thread-1] INFO  server.RaftServerConfigKeys (ConfUtils.java:logGet(46)) - raft.server.storage.free-space.min = 0MB (=0) (default)
2022-07-02 07:23:30,157 [pool-890-thread-1] INFO  storage.RaftStorageDirectory (RaftStorageDirectoryImpl.java:analyzeStorage(135)) - The storage directory /home/runner/work/ozone/ozone/hadoop-ozone/integration-test/target/test-dir/MiniOzoneClusterImpl-0529b123-343e-47c8-b09a-e64196ae32df/datanode-2/data/ratis/8b78d0ea-1399-4e19-a374-88c20260634d does not exist. Creating ...
2022-07-02 07:23:30,168 [pool-890-thread-1] INFO  storage.RaftStorageDirectory (RaftStorageDirectoryImpl.java:tryLock(230)) - Lock on /home/runner/work/ozone/ozone/hadoop-ozone/integration-test/target/test-dir/MiniOzoneClusterImpl-0529b123-343e-47c8-b09a-e64196ae32df/datanode-2/data/ratis/8b78d0ea-1399-4e19-a374-88c20260634d/in_use.lock acquired by nodename 16391@fv-az444-838
2022-07-02 07:23:30,169 [pool-890-thread-1] INFO  storage.RaftStorage (RaftStorageImpl.java:format(89)) - Storage directory /home/runner/work/ozone/ozone/hadoop-ozone/integration-test/target/test-dir/MiniOzoneClusterImpl-0529b123-343e-47c8-b09a-e64196ae32df/datanode-2/data/ratis/8b78d0ea-1399-4e19-a374-88c20260634d has been successfully formatted.
2022-07-02 07:23:30,170 [pool-890-thread-1] INFO  ratis.ContainerStateMachine (ContainerStateMachine.java:loadSnapshot(236)) - group-88C20260634D: The snapshot info is null. Setting the last applied indexto:(t:0, i:~)
2022-07-02 07:23:30,173 [pool-890-thread-1] INFO  server.RaftServerConfigKeys (ConfUtils.java:logGet(46)) - raft.server.notification.no-leader.timeout = 300s (custom)
2022-07-02 07:23:30,173 [pool-890-thread-1] INFO  server.RaftServerConfigKeys (ConfUtils.java:logGet(46)) - raft.server.log.use.memory = false (default)
2022-07-02 07:23:30,173 [pool-890-thread-1] INFO  server.RaftServerConfigKeys (ConfUtils.java:logGet(46)) - raft.server.log.purge.gap = 1000000 (custom)
2022-07-02 07:23:30,173 [pool-890-thread-1] INFO  server.RaftServerConfigKeys (ConfUtils.java:logGet(46)) - raft.server.log.appender.buffer.byte-limit = 33554432 (custom)
2022-07-02 07:23:30,173 [pool-890-thread-1] INFO  server.RaftServerConfigKeys (ConfUtils.java:logGet(46)) - raft.server.log.statemachine.data.read.timeout = 1000ms (default)
2022-07-02 07:23:30,173 [pool-890-thread-1] INFO  server.RaftServerConfigKeys (ConfUtils.java:logGet(46)) - raft.server.log.segment.size.max = 1048576 (custom)
2022-07-02 07:23:30,174 [pool-890-thread-1] INFO  server.RaftServerConfigKeys (ConfUtils.java:logGet(46)) - raft.server.log.segment.cache.num.max = 2 (custom)
2022-07-02 07:23:30,174 [pool-890-thread-1] INFO  server.RaftServerConfigKeys (ConfUtils.java:logGet(46)) - raft.server.log.segment.cache.size.max = 200MB (=209715200) (default)
2022-07-02 07:23:30,174 [pool-890-thread-1] INFO  segmented.SegmentedRaftLogWorker (SegmentedRaftLogWorker.java:<init>(187)) - new d727aa53-777d-4565-b781-b847e62e7de2@group-88C20260634D-SegmentedRaftLogWorker for RaftStorageImpl:Storage Directory /home/runner/work/ozone/ozone/hadoop-ozone/integration-test/target/test-dir/MiniOzoneClusterImpl-0529b123-343e-47c8-b09a-e64196ae32df/datanode-2/data/ratis/8b78d0ea-1399-4e19-a374-88c20260634d
2022-07-02 07:23:30,174 [pool-890-thread-1] INFO  server.RaftServerConfigKeys (ConfUtils.java:logGet(46)) - raft.server.log.queue.byte-limit = 4294967296 (custom)
2022-07-02 07:23:30,174 [pool-890-thread-1] INFO  server.RaftServerConfigKeys (ConfUtils.java:logGet(46)) - raft.server.log.queue.element-limit = 1024 (custom)
2022-07-02 07:23:30,174 [pool-890-thread-1] INFO  server.RaftServerConfigKeys (ConfUtils.java:logGet(46)) - raft.server.log.segment.size.max = 1048576 (custom)
2022-07-02 07:23:30,174 [pool-890-thread-1] INFO  server.RaftServerConfigKeys (ConfUtils.java:logGet(46)) - raft.server.log.preallocated.size = 16384 (custom)
2022-07-02 07:23:30,174 [pool-890-thread-1] INFO  server.RaftServerConfigKeys (ConfUtils.java:logGet(46)) - raft.server.log.force.sync.num = 128 (default)
2022-07-02 07:23:30,174 [pool-890-thread-1] INFO  server.RaftServerConfigKeys (ConfUtils.java:logGet(46)) - raft.server.log.statemachine.data.sync = true (default)
2022-07-02 07:23:30,174 [pool-890-thread-1] INFO  server.RaftServerConfigKeys (ConfUtils.java:logGet(46)) - raft.server.log.statemachine.data.sync.timeout = 10s (default)
2022-07-02 07:23:30,174 [pool-890-thread-1] INFO  server.RaftServerConfigKeys (ConfUtils.java:logGet(46)) - raft.server.log.statemachine.data.sync.timeout.retry = -1 (default)
2022-07-02 07:23:30,175 [pool-890-thread-1] INFO  server.RaftServerConfigKeys (ConfUtils.java:logGet(46)) - raft.server.log.write.buffer.size = 1048576 (custom)
2022-07-02 07:23:30,216 [pool-890-thread-1] INFO  server.RaftServerConfigKeys (ConfUtils.java:logGet(46)) - raft.server.log.unsafe-flush.enabled = false (default)
2022-07-02 07:23:30,216 [pool-890-thread-1] INFO  server.RaftServerConfigKeys (ConfUtils.java:logGet(46)) - raft.server.log.statemachine.data.caching.enabled = true (custom)
2022-07-02 07:23:30,216 [pool-890-thread-1] INFO  segmented.SegmentedRaftLogWorker (SegmentedRaftLogWorker.java:lambda$new$0(135)) - d727aa53-777d-4565-b781-b847e62e7de2@group-88C20260634D-SegmentedRaftLogWorker: flushIndex: setUnconditionally 0 -> -1
2022-07-02 07:23:30,216 [pool-890-thread-1] INFO  segmented.SegmentedRaftLogWorker (SegmentedRaftLogWorker.java:lambda$new$0(135)) - d727aa53-777d-4565-b781-b847e62e7de2@group-88C20260634D-SegmentedRaftLogWorker: safeCacheEvictIndex: setUnconditionally 0 -> -1
2022-07-02 07:23:30,222 [pool-890-thread-1] INFO  server.RaftServerConfigKeys (ConfUtils.java:logGet(46)) - raft.server.snapshot.auto.trigger.enabled = true (custom)
2022-07-02 07:23:30,222 [pool-890-thread-1] INFO  server.RaftServerConfigKeys (ConfUtils.java:logGet(46)) - raft.server.snapshot.auto.trigger.threshold = 10000 (custom)
2022-07-02 07:23:30,222 [pool-890-thread-1] INFO  server.RaftServerConfigKeys (ConfUtils.java:logGet(46)) - raft.server.snapshot.retention.file.num = 5 (custom)
2022-07-02 07:23:30,222 [pool-890-thread-1] INFO  server.RaftServerConfigKeys (ConfUtils.java:logGet(46)) - raft.server.log.purge.upto.snapshot.index = false (default)
2022-07-02 07:23:30,222 [pool-890-thread-1] INFO  server.RaftServerConfigKeys (ConfUtils.java:logGet(46)) - raft.server.retrycache.expirytime = 600000ms (custom)
2022-07-02 07:23:30,222 [pool-890-thread-1] INFO  server.RaftServerConfigKeys (ConfUtils.java:logGet(46)) - raft.server.retrycache.statistics.expirytime = 100μs (default)
2022-07-02 07:23:30,224 [pool-890-thread-1] INFO  server.RaftServerConfigKeys (ConfUtils.java:logGet(46)) - raft.server.log.appender.install.snapshot.enabled = false (custom)
2022-07-02 07:23:30,224 [pool-890-thread-1] INFO  server.RaftServerConfigKeys (ConfUtils.java:logGet(46)) - raft.server.threadpool.server.cached = true (default)
2022-07-02 07:23:30,224 [pool-890-thread-1] INFO  server.RaftServerConfigKeys (ConfUtils.java:logGet(46)) - raft.server.threadpool.server.size = 0 (default)
2022-07-02 07:23:30,224 [pool-890-thread-1] INFO  server.RaftServerConfigKeys (ConfUtils.java:logGet(46)) - raft.server.threadpool.client.cached = true (default)
2022-07-02 07:23:30,224 [pool-890-thread-1] INFO  server.RaftServerConfigKeys (ConfUtils.java:logGet(46)) - raft.server.threadpool.client.size = 0 (default)
2022-07-02 07:23:30,224 [pool-890-thread-1] INFO  server.RaftServer$Division (RaftServerImpl.java:start(310)) - d727aa53-777d-4565-b781-b847e62e7de2@group-88C20260634D: start as a follower, conf=-1: [62d41a72-c69a-4c51-8969-57edf65cfd32|rpc:10.1.0.20:44989|dataStream:|priority:0, c36488b4-ebfd-4b41-ac5a-8203e4b42905|rpc:10.1.0.20:40803|dataStream:|priority:1, d727aa53-777d-4565-b781-b847e62e7de2|rpc:10.1.0.20:38235|dataStream:|priority:0], old=null
2022-07-02 07:23:30,224 [pool-890-thread-1] INFO  server.RaftServer$Division (RaftServerImpl.java:setRole(299)) - d727aa53-777d-4565-b781-b847e62e7de2@group-88C20260634D: changes role from      null to FOLLOWER at term 0 for startAsFollower
2022-07-02 07:23:30,224 [pool-890-thread-1] INFO  impl.RoleInfo (RoleInfo.java:updateAndGet(139)) - d727aa53-777d-4565-b781-b847e62e7de2: start d727aa53-777d-4565-b781-b847e62e7de2@group-88C20260634D-FollowerState
2022-07-02 07:23:30,244 [pool-890-thread-1] INFO  util.JmxRegister (JmxRegister.java:tryRegister(44)) - Successfully registered JMX Bean with object name Ratis:service=RaftServer,group=group-88C20260634D,id=d727aa53-777d-4565-b781-b847e62e7de2
2022-07-02 07:23:30,400 [grpc-default-executor-0] INFO  server.RaftServer (RaftServerProxy.java:addNew(96)) - c36488b4-ebfd-4b41-ac5a-8203e4b42905: addNew group-88C20260634D:[62d41a72-c69a-4c51-8969-57edf65cfd32|rpc:10.1.0.20:44989|dataStream:|priority:0, c36488b4-ebfd-4b41-ac5a-8203e4b42905|rpc:10.1.0.20:40803|dataStream:|priority:1, d727aa53-777d-4565-b781-b847e62e7de2|rpc:10.1.0.20:38235|dataStream:|priority:0] returns group-88C20260634D:java.util.concurrent.CompletableFuture@3fcb0b0d[Not completed]
2022-07-02 07:23:30,421 [pool-867-thread-1] INFO  server.RaftServer$Division (RaftServerImpl.java:<init>(190)) - c36488b4-ebfd-4b41-ac5a-8203e4b42905: new RaftServerImpl for group-88C20260634D:[62d41a72-c69a-4c51-8969-57edf65cfd32|rpc:10.1.0.20:44989|dataStream:|priority:0, c36488b4-ebfd-4b41-ac5a-8203e4b42905|rpc:10.1.0.20:40803|dataStream:|priority:1, d727aa53-777d-4565-b781-b847e62e7de2|rpc:10.1.0.20:38235|dataStream:|priority:0] with ContainerStateMachine:uninitialized
2022-07-02 07:23:30,421 [pool-867-thread-1] INFO  server.RaftServerConfigKeys (ConfUtils.java:logGet(46)) - raft.server.rpc.timeout.min = 5s (custom)
2022-07-02 07:23:30,421 [pool-867-thread-1] INFO  server.RaftServerConfigKeys (ConfUtils.java:logGet(46)) - raft.server.rpc.timeout.max = 5200ms (custom)
2022-07-02 07:23:30,421 [pool-867-thread-1] INFO  server.RaftServerConfigKeys (ConfUtils.java:logGet(46)) - raft.server.rpc.sleep.time = 25ms (default)
2022-07-02 07:23:30,421 [pool-867-thread-1] INFO  server.RaftServerConfigKeys (ConfUtils.java:logGet(46)) - raft.server.rpc.slowness.timeout = 300s (custom)
2022-07-02 07:23:30,421 [pool-867-thread-1] INFO  server.RaftServerConfigKeys (ConfUtils.java:logGet(46)) - raft.server.leaderelection.leader.step-down.wait-time = 10s (default)
2022-07-02 07:23:30,421 [pool-867-thread-1] INFO  server.RaftServerConfigKeys (ConfUtils.java:logGet(46)) - raft.server.sleep.deviation.threshold = 300ms (default)
2022-07-02 07:23:30,421 [pool-867-thread-1] INFO  server.RaftServer$Division (ServerState.java:<init>(107)) - c36488b4-ebfd-4b41-ac5a-8203e4b42905@group-88C20260634D: ConfigurationManager, init=-1: [62d41a72-c69a-4c51-8969-57edf65cfd32|rpc:10.1.0.20:44989|dataStream:|priority:0, c36488b4-ebfd-4b41-ac5a-8203e4b42905|rpc:10.1.0.20:40803|dataStream:|priority:1, d727aa53-777d-4565-b781-b847e62e7de2|rpc:10.1.0.20:38235|dataStream:|priority:0], old=null, confs=<EMPTY_MAP>
2022-07-02 07:23:30,421 [pool-867-thread-1] INFO  server.RaftServerConfigKeys (ConfUtils.java:logGet(46)) - raft.server.storage.dir = [/home/runner/work/ozone/ozone/hadoop-ozone/integration-test/target/test-dir/MiniOzoneClusterImpl-0529b123-343e-47c8-b09a-e64196ae32df/datanode-1/data/ratis] (custom)
2022-07-02 07:23:30,421 [pool-867-thread-1] INFO  server.RaftServerConfigKeys (ConfUtils.java:logGet(46)) - raft.server.log.corruption.policy = EXCEPTION (default)
2022-07-02 07:23:30,421 [pool-867-thread-1] INFO  server.RaftServerConfigKeys (ConfUtils.java:logGet(46)) - raft.server.storage.free-space.min = 0MB (=0) (default)
2022-07-02 07:23:30,422 [pool-867-thread-1] INFO  storage.RaftStorageDirectory (RaftStorageDirectoryImpl.java:analyzeStorage(135)) - The storage directory /home/runner/work/ozone/ozone/hadoop-ozone/integration-test/target/test-dir/MiniOzoneClusterImpl-0529b123-343e-47c8-b09a-e64196ae32df/datanode-1/data/ratis/8b78d0ea-1399-4e19-a374-88c20260634d does not exist. Creating ...
2022-07-02 07:23:30,453 [pool-867-thread-1] INFO  storage.RaftStorageDirectory (RaftStorageDirectoryImpl.java:tryLock(230)) - Lock on /home/runner/work/ozone/ozone/hadoop-ozone/integration-test/target/test-dir/MiniOzoneClusterImpl-0529b123-343e-47c8-b09a-e64196ae32df/datanode-1/data/ratis/8b78d0ea-1399-4e19-a374-88c20260634d/in_use.lock acquired by nodename 16391@fv-az444-838
2022-07-02 07:23:30,455 [pool-867-thread-1] INFO  storage.RaftStorage (RaftStorageImpl.java:format(89)) - Storage directory /home/runner/work/ozone/ozone/hadoop-ozone/integration-test/target/test-dir/MiniOzoneClusterImpl-0529b123-343e-47c8-b09a-e64196ae32df/datanode-1/data/ratis/8b78d0ea-1399-4e19-a374-88c20260634d has been successfully formatted.
2022-07-02 07:23:30,470 [pool-867-thread-1] INFO  ratis.ContainerStateMachine (ContainerStateMachine.java:loadSnapshot(236)) - group-88C20260634D: The snapshot info is null. Setting the last applied indexto:(t:0, i:~)
2022-07-02 07:23:30,470 [pool-867-thread-1] INFO  server.RaftServerConfigKeys (ConfUtils.java:logGet(46)) - raft.server.notification.no-leader.timeout = 300s (custom)
2022-07-02 07:23:30,470 [pool-867-thread-1] INFO  server.RaftServerConfigKeys (ConfUtils.java:logGet(46)) - raft.server.log.use.memory = false (default)
2022-07-02 07:23:30,470 [pool-867-thread-1] INFO  server.RaftServerConfigKeys (ConfUtils.java:logGet(46)) - raft.server.log.purge.gap = 1000000 (custom)
2022-07-02 07:23:30,470 [pool-867-thread-1] INFO  server.RaftServerConfigKeys (ConfUtils.java:logGet(46)) - raft.server.log.appender.buffer.byte-limit = 33554432 (custom)
2022-07-02 07:23:30,470 [pool-867-thread-1] INFO  server.RaftServerConfigKeys (ConfUtils.java:logGet(46)) - raft.server.log.statemachine.data.read.timeout = 1000ms (default)
2022-07-02 07:23:30,472 [pool-867-thread-1] INFO  server.RaftServerConfigKeys (ConfUtils.java:logGet(46)) - raft.server.log.segment.size.max = 1048576 (custom)
2022-07-02 07:23:30,473 [pool-867-thread-1] INFO  server.RaftServerConfigKeys (ConfUtils.java:logGet(46)) - raft.server.log.segment.cache.num.max = 2 (custom)
2022-07-02 07:23:30,473 [pool-867-thread-1] INFO  server.RaftServerConfigKeys (ConfUtils.java:logGet(46)) - raft.server.log.segment.cache.size.max = 200MB (=209715200) (default)
2022-07-02 07:23:30,473 [pool-867-thread-1] INFO  segmented.SegmentedRaftLogWorker (SegmentedRaftLogWorker.java:<init>(187)) - new c36488b4-ebfd-4b41-ac5a-8203e4b42905@group-88C20260634D-SegmentedRaftLogWorker for RaftStorageImpl:Storage Directory /home/runner/work/ozone/ozone/hadoop-ozone/integration-test/target/test-dir/MiniOzoneClusterImpl-0529b123-343e-47c8-b09a-e64196ae32df/datanode-1/data/ratis/8b78d0ea-1399-4e19-a374-88c20260634d
2022-07-02 07:23:30,473 [pool-867-thread-1] INFO  server.RaftServerConfigKeys (ConfUtils.java:logGet(46)) - raft.server.log.queue.byte-limit = 4294967296 (custom)
2022-07-02 07:23:30,473 [pool-867-thread-1] INFO  server.RaftServerConfigKeys (ConfUtils.java:logGet(46)) - raft.server.log.queue.element-limit = 1024 (custom)
2022-07-02 07:23:30,473 [pool-867-thread-1] INFO  server.RaftServerConfigKeys (ConfUtils.java:logGet(46)) - raft.server.log.segment.size.max = 1048576 (custom)
2022-07-02 07:23:30,473 [pool-867-thread-1] INFO  server.RaftServerConfigKeys (ConfUtils.java:logGet(46)) - raft.server.log.preallocated.size = 16384 (custom)
2022-07-02 07:23:30,473 [pool-867-thread-1] INFO  server.RaftServerConfigKeys (ConfUtils.java:logGet(46)) - raft.server.log.force.sync.num = 128 (default)
2022-07-02 07:23:30,473 [pool-867-thread-1] INFO  server.RaftServerConfigKeys (ConfUtils.java:logGet(46)) - raft.server.log.statemachine.data.sync = true (default)
2022-07-02 07:23:30,473 [pool-867-thread-1] INFO  server.RaftServerConfigKeys (ConfUtils.java:logGet(46)) - raft.server.log.statemachine.data.sync.timeout = 10s (default)
2022-07-02 07:23:30,473 [pool-867-thread-1] INFO  server.RaftServerConfigKeys (ConfUtils.java:logGet(46)) - raft.server.log.statemachine.data.sync.timeout.retry = -1 (default)
2022-07-02 07:23:30,480 [pool-867-thread-1] INFO  server.RaftServerConfigKeys (ConfUtils.java:logGet(46)) - raft.server.log.write.buffer.size = 1048576 (custom)
2022-07-02 07:23:30,481 [pool-867-thread-1] INFO  server.RaftServerConfigKeys (ConfUtils.java:logGet(46)) - raft.server.log.unsafe-flush.enabled = false (default)
2022-07-02 07:23:30,481 [pool-867-thread-1] INFO  server.RaftServerConfigKeys (ConfUtils.java:logGet(46)) - raft.server.log.statemachine.data.caching.enabled = true (custom)
2022-07-02 07:23:30,481 [pool-867-thread-1] INFO  segmented.SegmentedRaftLogWorker (SegmentedRaftLogWorker.java:lambda$new$0(135)) - c36488b4-ebfd-4b41-ac5a-8203e4b42905@group-88C20260634D-SegmentedRaftLogWorker: flushIndex: setUnconditionally 0 -> -1
2022-07-02 07:23:30,481 [pool-867-thread-1] INFO  segmented.SegmentedRaftLogWorker (SegmentedRaftLogWorker.java:lambda$new$0(135)) - c36488b4-ebfd-4b41-ac5a-8203e4b42905@group-88C20260634D-SegmentedRaftLogWorker: safeCacheEvictIndex: setUnconditionally 0 -> -1
2022-07-02 07:23:30,516 [pool-867-thread-1] INFO  server.RaftServerConfigKeys (ConfUtils.java:logGet(46)) - raft.server.snapshot.auto.trigger.enabled = true (custom)
2022-07-02 07:23:30,516 [pool-867-thread-1] INFO  server.RaftServerConfigKeys (ConfUtils.java:logGet(46)) - raft.server.snapshot.auto.trigger.threshold = 10000 (custom)
2022-07-02 07:23:30,516 [pool-867-thread-1] INFO  server.RaftServerConfigKeys (ConfUtils.java:logGet(46)) - raft.server.snapshot.retention.file.num = 5 (custom)
2022-07-02 07:23:30,516 [pool-867-thread-1] INFO  server.RaftServerConfigKeys (ConfUtils.java:logGet(46)) - raft.server.log.purge.upto.snapshot.index = false (default)
2022-07-02 07:23:30,516 [pool-867-thread-1] INFO  server.RaftServerConfigKeys (ConfUtils.java:logGet(46)) - raft.server.retrycache.expirytime = 600000ms (custom)
2022-07-02 07:23:30,516 [pool-867-thread-1] INFO  server.RaftServerConfigKeys (ConfUtils.java:logGet(46)) - raft.server.retrycache.statistics.expirytime = 100μs (default)
2022-07-02 07:23:30,518 [pool-867-thread-1] INFO  server.RaftServerConfigKeys (ConfUtils.java:logGet(46)) - raft.server.log.appender.install.snapshot.enabled = false (custom)
2022-07-02 07:23:30,518 [pool-867-thread-1] INFO  server.RaftServerConfigKeys (ConfUtils.java:logGet(46)) - raft.server.threadpool.server.cached = true (default)
2022-07-02 07:23:30,518 [pool-867-thread-1] INFO  server.RaftServerConfigKeys (ConfUtils.java:logGet(46)) - raft.server.threadpool.server.size = 0 (default)
2022-07-02 07:23:30,518 [pool-867-thread-1] INFO  server.RaftServerConfigKeys (ConfUtils.java:logGet(46)) - raft.server.threadpool.client.cached = true (default)
2022-07-02 07:23:30,518 [pool-867-thread-1] INFO  server.RaftServerConfigKeys (ConfUtils.java:logGet(46)) - raft.server.threadpool.client.size = 0 (default)
2022-07-02 07:23:30,518 [pool-867-thread-1] INFO  server.RaftServer$Division (RaftServerImpl.java:start(310)) - c36488b4-ebfd-4b41-ac5a-8203e4b42905@group-88C20260634D: start as a follower, conf=-1: [62d41a72-c69a-4c51-8969-57edf65cfd32|rpc:10.1.0.20:44989|dataStream:|priority:0, c36488b4-ebfd-4b41-ac5a-8203e4b42905|rpc:10.1.0.20:40803|dataStream:|priority:1, d727aa53-777d-4565-b781-b847e62e7de2|rpc:10.1.0.20:38235|dataStream:|priority:0], old=null
2022-07-02 07:23:30,518 [pool-867-thread-1] INFO  server.RaftServer$Division (RaftServerImpl.java:setRole(299)) - c36488b4-ebfd-4b41-ac5a-8203e4b42905@group-88C20260634D: changes role from      null to FOLLOWER at term 0 for startAsFollower
2022-07-02 07:23:30,518 [pool-867-thread-1] INFO  impl.RoleInfo (RoleInfo.java:updateAndGet(139)) - c36488b4-ebfd-4b41-ac5a-8203e4b42905: start c36488b4-ebfd-4b41-ac5a-8203e4b42905@group-88C20260634D-FollowerState
2022-07-02 07:23:30,528 [pool-867-thread-1] INFO  util.JmxRegister (JmxRegister.java:tryRegister(44)) - Successfully registered JMX Bean with object name Ratis:service=RaftServer,group=group-88C20260634D,id=c36488b4-ebfd-4b41-ac5a-8203e4b42905
2022-07-02 07:23:30,601 [Command processor thread] INFO  commandhandler.CreatePipelineCommandHandler (CreatePipelineCommandHandler.java:handle(113)) - Created Pipeline RATIS THREE PipelineID=8b78d0ea-1399-4e19-a374-88c20260634d.
2022-07-02 07:23:30,602 [Command processor thread] INFO  server.RaftServer (RaftServerProxy.java:addNew(96)) - 62d41a72-c69a-4c51-8969-57edf65cfd32: addNew group-DFAC8FC8CCEB:[62d41a72-c69a-4c51-8969-57edf65cfd32|rpc:10.1.0.20:44989|priority:0, c36488b4-ebfd-4b41-ac5a-8203e4b42905|rpc:10.1.0.20:40803|priority:0, d727aa53-777d-4565-b781-b847e62e7de2|rpc:10.1.0.20:38235|priority:1] returns group-DFAC8FC8CCEB:java.util.concurrent.CompletableFuture@593bbb23[Not completed]
2022-07-02 07:23:30,602 [pool-844-thread-1] INFO  server.RaftServer$Division (RaftServerImpl.java:<init>(190)) - 62d41a72-c69a-4c51-8969-57edf65cfd32: new RaftServerImpl for group-DFAC8FC8CCEB:[62d41a72-c69a-4c51-8969-57edf65cfd32|rpc:10.1.0.20:44989|priority:0, c36488b4-ebfd-4b41-ac5a-8203e4b42905|rpc:10.1.0.20:40803|priority:0, d727aa53-777d-4565-b781-b847e62e7de2|rpc:10.1.0.20:38235|priority:1] with ContainerStateMachine:uninitialized
2022-07-02 07:23:30,603 [pool-844-thread-1] INFO  server.RaftServerConfigKeys (ConfUtils.java:logGet(46)) - raft.server.rpc.timeout.min = 5s (custom)
2022-07-02 07:23:30,603 [pool-844-thread-1] INFO  server.RaftServerConfigKeys (ConfUtils.java:logGet(46)) - raft.server.rpc.timeout.max = 5200ms (custom)
2022-07-02 07:23:30,603 [pool-844-thread-1] INFO  server.RaftServerConfigKeys (ConfUtils.java:logGet(46)) - raft.server.rpc.sleep.time = 25ms (default)
2022-07-02 07:23:30,603 [pool-844-thread-1] INFO  server.RaftServerConfigKeys (ConfUtils.java:logGet(46)) - raft.server.rpc.slowness.timeout = 300s (custom)
2022-07-02 07:23:30,603 [pool-844-thread-1] INFO  server.RaftServerConfigKeys (ConfUtils.java:logGet(46)) - raft.server.leaderelection.leader.step-down.wait-time = 10s (default)
2022-07-02 07:23:30,603 [pool-844-thread-1] INFO  server.RaftServerConfigKeys (ConfUtils.java:logGet(46)) - raft.server.sleep.deviation.threshold = 300ms (default)
2022-07-02 07:23:30,603 [pool-844-thread-1] INFO  server.RaftServer$Division (ServerState.java:<init>(107)) - 62d41a72-c69a-4c51-8969-57edf65cfd32@group-DFAC8FC8CCEB: ConfigurationManager, init=-1: [62d41a72-c69a-4c51-8969-57edf65cfd32|rpc:10.1.0.20:44989|priority:0, c36488b4-ebfd-4b41-ac5a-8203e4b42905|rpc:10.1.0.20:40803|priority:0, d727aa53-777d-4565-b781-b847e62e7de2|rpc:10.1.0.20:38235|priority:1], old=null, confs=<EMPTY_MAP>
2022-07-02 07:23:30,603 [pool-844-thread-1] INFO  server.RaftServerConfigKeys (ConfUtils.java:logGet(46)) - raft.server.storage.dir = [/home/runner/work/ozone/ozone/hadoop-ozone/integration-test/target/test-dir/MiniOzoneClusterImpl-0529b123-343e-47c8-b09a-e64196ae32df/datanode-0/data/ratis] (custom)
2022-07-02 07:23:30,603 [pool-844-thread-1] INFO  server.RaftServerConfigKeys (ConfUtils.java:logGet(46)) - raft.server.log.corruption.policy = EXCEPTION (default)
2022-07-02 07:23:30,603 [pool-844-thread-1] INFO  server.RaftServerConfigKeys (ConfUtils.java:logGet(46)) - raft.server.storage.free-space.min = 0MB (=0) (default)
2022-07-02 07:23:30,603 [pool-844-thread-1] INFO  storage.RaftStorageDirectory (RaftStorageDirectoryImpl.java:analyzeStorage(135)) - The storage directory /home/runner/work/ozone/ozone/hadoop-ozone/integration-test/target/test-dir/MiniOzoneClusterImpl-0529b123-343e-47c8-b09a-e64196ae32df/datanode-0/data/ratis/26fd7dc0-a09a-42e3-9f2f-dfac8fc8cceb does not exist. Creating ...
2022-07-02 07:23:30,608 [pool-844-thread-1] INFO  storage.RaftStorageDirectory (RaftStorageDirectoryImpl.java:tryLock(230)) - Lock on /home/runner/work/ozone/ozone/hadoop-ozone/integration-test/target/test-dir/MiniOzoneClusterImpl-0529b123-343e-47c8-b09a-e64196ae32df/datanode-0/data/ratis/26fd7dc0-a09a-42e3-9f2f-dfac8fc8cceb/in_use.lock acquired by nodename 16391@fv-az444-838
2022-07-02 07:23:30,610 [pool-844-thread-1] INFO  storage.RaftStorage (RaftStorageImpl.java:format(89)) - Storage directory /home/runner/work/ozone/ozone/hadoop-ozone/integration-test/target/test-dir/MiniOzoneClusterImpl-0529b123-343e-47c8-b09a-e64196ae32df/datanode-0/data/ratis/26fd7dc0-a09a-42e3-9f2f-dfac8fc8cceb has been successfully formatted.
2022-07-02 07:23:30,610 [pool-844-thread-1] INFO  ratis.ContainerStateMachine (ContainerStateMachine.java:loadSnapshot(236)) - group-DFAC8FC8CCEB: The snapshot info is null. Setting the last applied indexto:(t:0, i:~)
2022-07-02 07:23:30,611 [pool-844-thread-1] INFO  server.RaftServerConfigKeys (ConfUtils.java:logGet(46)) - raft.server.notification.no-leader.timeout = 300s (custom)
2022-07-02 07:23:30,611 [pool-844-thread-1] INFO  server.RaftServerConfigKeys (ConfUtils.java:logGet(46)) - raft.server.log.use.memory = false (default)
2022-07-02 07:23:30,611 [pool-844-thread-1] INFO  server.RaftServerConfigKeys (ConfUtils.java:logGet(46)) - raft.server.log.purge.gap = 1000000 (custom)
2022-07-02 07:23:30,611 [pool-844-thread-1] INFO  server.RaftServerConfigKeys (ConfUtils.java:logGet(46)) - raft.server.log.appender.buffer.byte-limit = 33554432 (custom)
2022-07-02 07:23:30,611 [pool-844-thread-1] INFO  server.RaftServerConfigKeys (ConfUtils.java:logGet(46)) - raft.server.log.statemachine.data.read.timeout = 1000ms (default)
2022-07-02 07:23:30,611 [EventQueue-OpenPipelineForHealthyPipelineSafeModeRule] INFO  safemode.SCMSafeModeManager (HealthyPipelineSafeModeRule.java:process(124)) - SCM in safe mode. Healthy pipelines reported count is 0, required healthy pipeline reported count is 1
2022-07-02 07:23:30,611 [pool-844-thread-1] INFO  server.RaftServerConfigKeys (ConfUtils.java:logGet(46)) - raft.server.log.segment.size.max = 1048576 (custom)
2022-07-02 07:23:30,612 [pool-844-thread-1] INFO  server.RaftServerConfigKeys (ConfUtils.java:logGet(46)) - raft.server.log.segment.cache.num.max = 2 (custom)
2022-07-02 07:23:30,612 [pool-844-thread-1] INFO  server.RaftServerConfigKeys (ConfUtils.java:logGet(46)) - raft.server.log.segment.cache.size.max = 200MB (=209715200) (default)
2022-07-02 07:23:30,612 [pool-844-thread-1] INFO  segmented.SegmentedRaftLogWorker (SegmentedRaftLogWorker.java:<init>(187)) - new 62d41a72-c69a-4c51-8969-57edf65cfd32@group-DFAC8FC8CCEB-SegmentedRaftLogWorker for RaftStorageImpl:Storage Directory /home/runner/work/ozone/ozone/hadoop-ozone/integration-test/target/test-dir/MiniOzoneClusterImpl-0529b123-343e-47c8-b09a-e64196ae32df/datanode-0/data/ratis/26fd7dc0-a09a-42e3-9f2f-dfac8fc8cceb
2022-07-02 07:23:30,612 [pool-844-thread-1] INFO  server.RaftServerConfigKeys (ConfUtils.java:logGet(46)) - raft.server.log.queue.byte-limit = 4294967296 (custom)
2022-07-02 07:23:30,612 [pool-844-thread-1] INFO  server.RaftServerConfigKeys (ConfUtils.java:logGet(46)) - raft.server.log.queue.element-limit = 1024 (custom)
2022-07-02 07:23:30,612 [pool-844-thread-1] INFO  server.RaftServerConfigKeys (ConfUtils.java:logGet(46)) - raft.server.log.segment.size.max = 1048576 (custom)
2022-07-02 07:23:30,612 [pool-844-thread-1] INFO  server.RaftServerConfigKeys (ConfUtils.java:logGet(46)) - raft.server.log.preallocated.size = 16384 (custom)
2022-07-02 07:23:30,612 [pool-844-thread-1] INFO  server.RaftServerConfigKeys (ConfUtils.java:logGet(46)) - raft.server.log.force.sync.num = 128 (default)
2022-07-02 07:23:30,612 [pool-844-thread-1] INFO  server.RaftServerConfigKeys (ConfUtils.java:logGet(46)) - raft.server.log.statemachine.data.sync = true (default)
2022-07-02 07:23:30,612 [pool-844-thread-1] INFO  server.RaftServerConfigKeys (ConfUtils.java:logGet(46)) - raft.server.log.statemachine.data.sync.timeout = 10s (default)
2022-07-02 07:23:30,613 [pool-844-thread-1] INFO  server.RaftServerConfigKeys (ConfUtils.java:logGet(46)) - raft.server.log.statemachine.data.sync.timeout.retry = -1 (default)
2022-07-02 07:23:30,614 [pool-844-thread-1] INFO  server.RaftServerConfigKeys (ConfUtils.java:logGet(46)) - raft.server.log.write.buffer.size = 1048576 (custom)
2022-07-02 07:23:30,614 [pool-844-thread-1] INFO  server.RaftServerConfigKeys (ConfUtils.java:logGet(46)) - raft.server.log.unsafe-flush.enabled = false (default)
2022-07-02 07:23:30,614 [pool-844-thread-1] INFO  server.RaftServerConfigKeys (ConfUtils.java:logGet(46)) - raft.server.log.statemachine.data.caching.enabled = true (custom)
2022-07-02 07:23:30,615 [pool-844-thread-1] INFO  segmented.SegmentedRaftLogWorker (SegmentedRaftLogWorker.java:lambda$new$0(135)) - 62d41a72-c69a-4c51-8969-57edf65cfd32@group-DFAC8FC8CCEB-SegmentedRaftLogWorker: flushIndex: setUnconditionally 0 -> -1
2022-07-02 07:23:30,615 [pool-844-thread-1] INFO  segmented.SegmentedRaftLogWorker (SegmentedRaftLogWorker.java:lambda$new$0(135)) - 62d41a72-c69a-4c51-8969-57edf65cfd32@group-DFAC8FC8CCEB-SegmentedRaftLogWorker: safeCacheEvictIndex: setUnconditionally 0 -> -1
2022-07-02 07:23:30,632 [pool-844-thread-1] INFO  server.RaftServerConfigKeys (ConfUtils.java:logGet(46)) - raft.server.snapshot.auto.trigger.enabled = true (custom)
2022-07-02 07:23:30,632 [pool-844-thread-1] INFO  server.RaftServerConfigKeys (ConfUtils.java:logGet(46)) - raft.server.snapshot.auto.trigger.threshold = 10000 (custom)
2022-07-02 07:23:30,632 [pool-844-thread-1] INFO  server.RaftServerConfigKeys (ConfUtils.java:logGet(46)) - raft.server.snapshot.retention.file.num = 5 (custom)
2022-07-02 07:23:30,632 [pool-844-thread-1] INFO  server.RaftServerConfigKeys (ConfUtils.java:logGet(46)) - raft.server.log.purge.upto.snapshot.index = false (default)
2022-07-02 07:23:30,632 [pool-844-thread-1] INFO  server.RaftServerConfigKeys (ConfUtils.java:logGet(46)) - raft.server.retrycache.expirytime = 600000ms (custom)
2022-07-02 07:23:30,632 [pool-844-thread-1] INFO  server.RaftServerConfigKeys (ConfUtils.java:logGet(46)) - raft.server.retrycache.statistics.expirytime = 100μs (default)
2022-07-02 07:23:30,634 [pool-844-thread-1] INFO  server.RaftServerConfigKeys (ConfUtils.java:logGet(46)) - raft.server.log.appender.install.snapshot.enabled = false (custom)
2022-07-02 07:23:30,634 [pool-844-thread-1] INFO  server.RaftServerConfigKeys (ConfUtils.java:logGet(46)) - raft.server.threadpool.server.cached = true (default)
2022-07-02 07:23:30,634 [pool-844-thread-1] INFO  server.RaftServerConfigKeys (ConfUtils.java:logGet(46)) - raft.server.threadpool.server.size = 0 (default)
2022-07-02 07:23:30,634 [pool-844-thread-1] INFO  server.RaftServerConfigKeys (ConfUtils.java:logGet(46)) - raft.server.threadpool.client.cached = true (default)
2022-07-02 07:23:30,634 [pool-844-thread-1] INFO  server.RaftServerConfigKeys (ConfUtils.java:logGet(46)) - raft.server.threadpool.client.size = 0 (default)
2022-07-02 07:23:30,634 [pool-844-thread-1] INFO  server.RaftServer$Division (RaftServerImpl.java:start(310)) - 62d41a72-c69a-4c51-8969-57edf65cfd32@group-DFAC8FC8CCEB: start as a follower, conf=-1: [62d41a72-c69a-4c51-8969-57edf65cfd32|rpc:10.1.0.20:44989|priority:0, c36488b4-ebfd-4b41-ac5a-8203e4b42905|rpc:10.1.0.20:40803|priority:0, d727aa53-777d-4565-b781-b847e62e7de2|rpc:10.1.0.20:38235|priority:1], old=null
2022-07-02 07:23:30,634 [pool-844-thread-1] INFO  server.RaftServer$Division (RaftServerImpl.java:setRole(299)) - 62d41a72-c69a-4c51-8969-57edf65cfd32@group-DFAC8FC8CCEB: changes role from      null to FOLLOWER at term 0 for startAsFollower
2022-07-02 07:23:30,634 [pool-844-thread-1] INFO  impl.RoleInfo (RoleInfo.java:updateAndGet(139)) - 62d41a72-c69a-4c51-8969-57edf65cfd32: start 62d41a72-c69a-4c51-8969-57edf65cfd32@group-DFAC8FC8CCEB-FollowerState
2022-07-02 07:23:30,646 [pool-844-thread-1] INFO  util.JmxRegister (JmxRegister.java:tryRegister(44)) - Successfully registered JMX Bean with object name Ratis:service=RaftServer,group=group-DFAC8FC8CCEB,id=62d41a72-c69a-4c51-8969-57edf65cfd32
2022-07-02 07:23:30,656 [Command processor thread] INFO  ratis.XceiverServerRatis (XceiverServerRatis.java:addGroup(765)) - Created group PipelineID=26fd7dc0-a09a-42e3-9f2f-dfac8fc8cceb
2022-07-02 07:23:30,752 [grpc-default-executor-0] INFO  server.RaftServer (RaftServerProxy.java:addNew(96)) - c36488b4-ebfd-4b41-ac5a-8203e4b42905: addNew group-DFAC8FC8CCEB:[62d41a72-c69a-4c51-8969-57edf65cfd32|rpc:10.1.0.20:44989|dataStream:|priority:0, c36488b4-ebfd-4b41-ac5a-8203e4b42905|rpc:10.1.0.20:40803|dataStream:|priority:0, d727aa53-777d-4565-b781-b847e62e7de2|rpc:10.1.0.20:38235|dataStream:|priority:1] returns group-DFAC8FC8CCEB:java.util.concurrent.CompletableFuture@4ad356f5[Not completed]
2022-07-02 07:23:30,754 [pool-867-thread-1] INFO  server.RaftServer$Division (RaftServerImpl.java:<init>(190)) - c36488b4-ebfd-4b41-ac5a-8203e4b42905: new RaftServerImpl for group-DFAC8FC8CCEB:[62d41a72-c69a-4c51-8969-57edf65cfd32|rpc:10.1.0.20:44989|dataStream:|priority:0, c36488b4-ebfd-4b41-ac5a-8203e4b42905|rpc:10.1.0.20:40803|dataStream:|priority:0, d727aa53-777d-4565-b781-b847e62e7de2|rpc:10.1.0.20:38235|dataStream:|priority:1] with ContainerStateMachine:uninitialized
2022-07-02 07:23:30,754 [pool-867-thread-1] INFO  server.RaftServerConfigKeys (ConfUtils.java:logGet(46)) - raft.server.rpc.timeout.min = 5s (custom)
2022-07-02 07:23:30,754 [pool-867-thread-1] INFO  server.RaftServerConfigKeys (ConfUtils.java:logGet(46)) - raft.server.rpc.timeout.max = 5200ms (custom)
2022-07-02 07:23:30,754 [pool-867-thread-1] INFO  server.RaftServerConfigKeys (ConfUtils.java:logGet(46)) - raft.server.rpc.sleep.time = 25ms (default)
2022-07-02 07:23:30,754 [pool-867-thread-1] INFO  server.RaftServerConfigKeys (ConfUtils.java:logGet(46)) - raft.server.rpc.slowness.timeout = 300s (custom)
2022-07-02 07:23:30,754 [pool-867-thread-1] INFO  server.RaftServerConfigKeys (ConfUtils.java:logGet(46)) - raft.server.leaderelection.leader.step-down.wait-time = 10s (default)
2022-07-02 07:23:30,754 [pool-867-thread-1] INFO  server.RaftServerConfigKeys (ConfUtils.java:logGet(46)) - raft.server.sleep.deviation.threshold = 300ms (default)
2022-07-02 07:23:30,754 [pool-867-thread-1] INFO  server.RaftServer$Division (ServerState.java:<init>(107)) - c36488b4-ebfd-4b41-ac5a-8203e4b42905@group-DFAC8FC8CCEB: ConfigurationManager, init=-1: [62d41a72-c69a-4c51-8969-57edf65cfd32|rpc:10.1.0.20:44989|dataStream:|priority:0, c36488b4-ebfd-4b41-ac5a-8203e4b42905|rpc:10.1.0.20:40803|dataStream:|priority:0, d727aa53-777d-4565-b781-b847e62e7de2|rpc:10.1.0.20:38235|dataStream:|priority:1], old=null, confs=<EMPTY_MAP>
2022-07-02 07:23:30,754 [pool-867-thread-1] INFO  server.RaftServerConfigKeys (ConfUtils.java:logGet(46)) - raft.server.storage.dir = [/home/runner/work/ozone/ozone/hadoop-ozone/integration-test/target/test-dir/MiniOzoneClusterImpl-0529b123-343e-47c8-b09a-e64196ae32df/datanode-1/data/ratis] (custom)
2022-07-02 07:23:30,755 [pool-867-thread-1] INFO  server.RaftServerConfigKeys (ConfUtils.java:logGet(46)) - raft.server.log.corruption.policy = EXCEPTION (default)
2022-07-02 07:23:30,755 [pool-867-thread-1] INFO  server.RaftServerConfigKeys (ConfUtils.java:logGet(46)) - raft.server.storage.free-space.min = 0MB (=0) (default)
2022-07-02 07:23:30,755 [pool-867-thread-1] INFO  storage.RaftStorageDirectory (RaftStorageDirectoryImpl.java:analyzeStorage(135)) - The storage directory /home/runner/work/ozone/ozone/hadoop-ozone/integration-test/target/test-dir/MiniOzoneClusterImpl-0529b123-343e-47c8-b09a-e64196ae32df/datanode-1/data/ratis/26fd7dc0-a09a-42e3-9f2f-dfac8fc8cceb does not exist. Creating ...
2022-07-02 07:23:30,764 [pool-867-thread-1] INFO  storage.RaftStorageDirectory (RaftStorageDirectoryImpl.java:tryLock(230)) - Lock on /home/runner/work/ozone/ozone/hadoop-ozone/integration-test/target/test-dir/MiniOzoneClusterImpl-0529b123-343e-47c8-b09a-e64196ae32df/datanode-1/data/ratis/26fd7dc0-a09a-42e3-9f2f-dfac8fc8cceb/in_use.lock acquired by nodename 16391@fv-az444-838
2022-07-02 07:23:30,766 [pool-867-thread-1] INFO  storage.RaftStorage (RaftStorageImpl.java:format(89)) - Storage directory /home/runner/work/ozone/ozone/hadoop-ozone/integration-test/target/test-dir/MiniOzoneClusterImpl-0529b123-343e-47c8-b09a-e64196ae32df/datanode-1/data/ratis/26fd7dc0-a09a-42e3-9f2f-dfac8fc8cceb has been successfully formatted.
2022-07-02 07:23:30,766 [pool-867-thread-1] INFO  ratis.ContainerStateMachine (ContainerStateMachine.java:loadSnapshot(236)) - group-DFAC8FC8CCEB: The snapshot info is null. Setting the last applied indexto:(t:0, i:~)
2022-07-02 07:23:30,766 [pool-867-thread-1] INFO  server.RaftServerConfigKeys (ConfUtils.java:logGet(46)) - raft.server.notification.no-leader.timeout = 300s (custom)
2022-07-02 07:23:30,766 [pool-867-thread-1] INFO  server.RaftServerConfigKeys (ConfUtils.java:logGet(46)) - raft.server.log.use.memory = false (default)
2022-07-02 07:23:30,766 [pool-867-thread-1] INFO  server.RaftServerConfigKeys (ConfUtils.java:logGet(46)) - raft.server.log.purge.gap = 1000000 (custom)
2022-07-02 07:23:30,766 [pool-867-thread-1] INFO  server.RaftServerConfigKeys (ConfUtils.java:logGet(46)) - raft.server.log.appender.buffer.byte-limit = 33554432 (custom)
2022-07-02 07:23:30,766 [pool-867-thread-1] INFO  server.RaftServerConfigKeys (ConfUtils.java:logGet(46)) - raft.server.log.statemachine.data.read.timeout = 1000ms (default)
2022-07-02 07:23:30,766 [pool-867-thread-1] INFO  server.RaftServerConfigKeys (ConfUtils.java:logGet(46)) - raft.server.log.segment.size.max = 1048576 (custom)
2022-07-02 07:23:30,767 [pool-867-thread-1] INFO  server.RaftServerConfigKeys (ConfUtils.java:logGet(46)) - raft.server.log.segment.cache.num.max = 2 (custom)
2022-07-02 07:23:30,767 [pool-867-thread-1] INFO  server.RaftServerConfigKeys (ConfUtils.java:logGet(46)) - raft.server.log.segment.cache.size.max = 200MB (=209715200) (default)
2022-07-02 07:23:30,767 [pool-867-thread-1] INFO  segmented.SegmentedRaftLogWorker (SegmentedRaftLogWorker.java:<init>(187)) - new c36488b4-ebfd-4b41-ac5a-8203e4b42905@group-DFAC8FC8CCEB-SegmentedRaftLogWorker for RaftStorageImpl:Storage Directory /home/runner/work/ozone/ozone/hadoop-ozone/integration-test/target/test-dir/MiniOzoneClusterImpl-0529b123-343e-47c8-b09a-e64196ae32df/datanode-1/data/ratis/26fd7dc0-a09a-42e3-9f2f-dfac8fc8cceb
2022-07-02 07:23:30,767 [pool-867-thread-1] INFO  server.RaftServerConfigKeys (ConfUtils.java:logGet(46)) - raft.server.log.queue.byte-limit = 4294967296 (custom)
2022-07-02 07:23:30,767 [pool-867-thread-1] INFO  server.RaftServerConfigKeys (ConfUtils.java:logGet(46)) - raft.server.log.queue.element-limit = 1024 (custom)
2022-07-02 07:23:30,767 [pool-867-thread-1] INFO  server.RaftServerConfigKeys (ConfUtils.java:logGet(46)) - raft.server.log.segment.size.max = 1048576 (custom)
2022-07-02 07:23:30,767 [pool-867-thread-1] INFO  server.RaftServerConfigKeys (ConfUtils.java:logGet(46)) - raft.server.log.preallocated.size = 16384 (custom)
2022-07-02 07:23:30,767 [pool-867-thread-1] INFO  server.RaftServerConfigKeys (ConfUtils.java:logGet(46)) - raft.server.log.force.sync.num = 128 (default)
2022-07-02 07:23:30,767 [pool-867-thread-1] INFO  server.RaftServerConfigKeys (ConfUtils.java:logGet(46)) - raft.server.log.statemachine.data.sync = true (default)
2022-07-02 07:23:30,767 [pool-867-thread-1] INFO  server.RaftServerConfigKeys (ConfUtils.java:logGet(46)) - raft.server.log.statemachine.data.sync.timeout = 10s (default)
2022-07-02 07:23:30,767 [pool-867-thread-1] INFO  server.RaftServerConfigKeys (ConfUtils.java:logGet(46)) - raft.server.log.statemachine.data.sync.timeout.retry = -1 (default)
2022-07-02 07:23:30,769 [pool-867-thread-1] INFO  server.RaftServerConfigKeys (ConfUtils.java:logGet(46)) - raft.server.log.write.buffer.size = 1048576 (custom)
2022-07-02 07:23:30,769 [pool-867-thread-1] INFO  server.RaftServerConfigKeys (ConfUtils.java:logGet(46)) - raft.server.log.unsafe-flush.enabled = false (default)
2022-07-02 07:23:30,769 [pool-867-thread-1] INFO  server.RaftServerConfigKeys (ConfUtils.java:logGet(46)) - raft.server.log.statemachine.data.caching.enabled = true (custom)
2022-07-02 07:23:30,769 [pool-867-thread-1] INFO  segmented.SegmentedRaftLogWorker (SegmentedRaftLogWorker.java:lambda$new$0(135)) - c36488b4-ebfd-4b41-ac5a-8203e4b42905@group-DFAC8FC8CCEB-SegmentedRaftLogWorker: flushIndex: setUnconditionally 0 -> -1
2022-07-02 07:23:30,770 [pool-867-thread-1] INFO  segmented.SegmentedRaftLogWorker (SegmentedRaftLogWorker.java:lambda$new$0(135)) - c36488b4-ebfd-4b41-ac5a-8203e4b42905@group-DFAC8FC8CCEB-SegmentedRaftLogWorker: safeCacheEvictIndex: setUnconditionally 0 -> -1
2022-07-02 07:23:30,799 [pool-867-thread-1] INFO  server.RaftServerConfigKeys (ConfUtils.java:logGet(46)) - raft.server.snapshot.auto.trigger.enabled = true (custom)
2022-07-02 07:23:30,799 [pool-867-thread-1] INFO  server.RaftServerConfigKeys (ConfUtils.java:logGet(46)) - raft.server.snapshot.auto.trigger.threshold = 10000 (custom)
2022-07-02 07:23:30,799 [pool-867-thread-1] INFO  server.RaftServerConfigKeys (ConfUtils.java:logGet(46)) - raft.server.snapshot.retention.file.num = 5 (custom)
2022-07-02 07:23:30,799 [pool-867-thread-1] INFO  server.RaftServerConfigKeys (ConfUtils.java:logGet(46)) - raft.server.log.purge.upto.snapshot.index = false (default)
2022-07-02 07:23:30,799 [pool-867-thread-1] INFO  server.RaftServerConfigKeys (ConfUtils.java:logGet(46)) - raft.server.retrycache.expirytime = 600000ms (custom)
2022-07-02 07:23:30,799 [pool-867-thread-1] INFO  server.RaftServerConfigKeys (ConfUtils.java:logGet(46)) - raft.server.retrycache.statistics.expirytime = 100μs (default)
2022-07-02 07:23:30,800 [pool-867-thread-1] INFO  server.RaftServerConfigKeys (ConfUtils.java:logGet(46)) - raft.server.log.appender.install.snapshot.enabled = false (custom)
2022-07-02 07:23:30,800 [pool-867-thread-1] INFO  server.RaftServerConfigKeys (ConfUtils.java:logGet(46)) - raft.server.threadpool.server.cached = true (default)
2022-07-02 07:23:30,801 [pool-867-thread-1] INFO  server.RaftServerConfigKeys (ConfUtils.java:logGet(46)) - raft.server.threadpool.server.size = 0 (default)
2022-07-02 07:23:30,801 [pool-867-thread-1] INFO  server.RaftServerConfigKeys (ConfUtils.java:logGet(46)) - raft.server.threadpool.client.cached = true (default)
2022-07-02 07:23:30,801 [pool-867-thread-1] INFO  server.RaftServerConfigKeys (ConfUtils.java:logGet(46)) - raft.server.threadpool.client.size = 0 (default)
2022-07-02 07:23:30,806 [pool-867-thread-1] INFO  server.RaftServer$Division (RaftServerImpl.java:start(310)) - c36488b4-ebfd-4b41-ac5a-8203e4b42905@group-DFAC8FC8CCEB: start as a follower, conf=-1: [62d41a72-c69a-4c51-8969-57edf65cfd32|rpc:10.1.0.20:44989|dataStream:|priority:0, c36488b4-ebfd-4b41-ac5a-8203e4b42905|rpc:10.1.0.20:40803|dataStream:|priority:0, d727aa53-777d-4565-b781-b847e62e7de2|rpc:10.1.0.20:38235|dataStream:|priority:1], old=null
2022-07-02 07:23:30,806 [pool-867-thread-1] INFO  server.RaftServer$Division (RaftServerImpl.java:setRole(299)) - c36488b4-ebfd-4b41-ac5a-8203e4b42905@group-DFAC8FC8CCEB: changes role from      null to FOLLOWER at term 0 for startAsFollower
2022-07-02 07:23:30,806 [pool-867-thread-1] INFO  impl.RoleInfo (RoleInfo.java:updateAndGet(139)) - c36488b4-ebfd-4b41-ac5a-8203e4b42905: start c36488b4-ebfd-4b41-ac5a-8203e4b42905@group-DFAC8FC8CCEB-FollowerState
2022-07-02 07:23:30,828 [Command processor thread] INFO  server.RaftServer (RaftServerProxy.java:addNew(96)) - d727aa53-777d-4565-b781-b847e62e7de2: addNew group-D00744449E9A:[d727aa53-777d-4565-b781-b847e62e7de2|rpc:10.1.0.20:38235|priority:1] returns group-D00744449E9A:java.util.concurrent.CompletableFuture@183a6854[Not completed]
2022-07-02 07:23:30,829 [pool-890-thread-1] INFO  server.RaftServer$Division (RaftServerImpl.java:<init>(190)) - d727aa53-777d-4565-b781-b847e62e7de2: new RaftServerImpl for group-D00744449E9A:[d727aa53-777d-4565-b781-b847e62e7de2|rpc:10.1.0.20:38235|priority:1] with ContainerStateMachine:uninitialized
2022-07-02 07:23:30,829 [pool-890-thread-1] INFO  server.RaftServerConfigKeys (ConfUtils.java:logGet(46)) - raft.server.rpc.timeout.min = 5s (custom)
2022-07-02 07:23:30,829 [pool-890-thread-1] INFO  server.RaftServerConfigKeys (ConfUtils.java:logGet(46)) - raft.server.rpc.timeout.max = 5200ms (custom)
2022-07-02 07:23:30,829 [pool-890-thread-1] INFO  server.RaftServerConfigKeys (ConfUtils.java:logGet(46)) - raft.server.rpc.sleep.time = 25ms (default)
2022-07-02 07:23:30,829 [pool-890-thread-1] INFO  server.RaftServerConfigKeys (ConfUtils.java:logGet(46)) - raft.server.rpc.slowness.timeout = 300s (custom)
2022-07-02 07:23:30,829 [pool-890-thread-1] INFO  server.RaftServerConfigKeys (ConfUtils.java:logGet(46)) - raft.server.leaderelection.leader.step-down.wait-time = 10s (default)
2022-07-02 07:23:30,829 [pool-890-thread-1] INFO  server.RaftServerConfigKeys (ConfUtils.java:logGet(46)) - raft.server.sleep.deviation.threshold = 300ms (default)
2022-07-02 07:23:30,829 [pool-890-thread-1] INFO  server.RaftServer$Division (ServerState.java:<init>(107)) - d727aa53-777d-4565-b781-b847e62e7de2@group-D00744449E9A: ConfigurationManager, init=-1: [d727aa53-777d-4565-b781-b847e62e7de2|rpc:10.1.0.20:38235|priority:1], old=null, confs=<EMPTY_MAP>
2022-07-02 07:23:30,829 [pool-890-thread-1] INFO  server.RaftServerConfigKeys (ConfUtils.java:logGet(46)) - raft.server.storage.dir = [/home/runner/work/ozone/ozone/hadoop-ozone/integration-test/target/test-dir/MiniOzoneClusterImpl-0529b123-343e-47c8-b09a-e64196ae32df/datanode-2/data/ratis] (custom)
2022-07-02 07:23:30,829 [pool-890-thread-1] INFO  server.RaftServerConfigKeys (ConfUtils.java:logGet(46)) - raft.server.log.corruption.policy = EXCEPTION (default)
2022-07-02 07:23:30,829 [pool-890-thread-1] INFO  server.RaftServerConfigKeys (ConfUtils.java:logGet(46)) - raft.server.storage.free-space.min = 0MB (=0) (default)
2022-07-02 07:23:30,830 [pool-890-thread-1] INFO  storage.RaftStorageDirectory (RaftStorageDirectoryImpl.java:analyzeStorage(135)) - The storage directory /home/runner/work/ozone/ozone/hadoop-ozone/integration-test/target/test-dir/MiniOzoneClusterImpl-0529b123-343e-47c8-b09a-e64196ae32df/datanode-2/data/ratis/25e6635a-2842-4efe-85e5-d00744449e9a does not exist. Creating ...
2022-07-02 07:23:30,830 [pool-867-thread-1] INFO  util.JmxRegister (JmxRegister.java:tryRegister(44)) - Successfully registered JMX Bean with object name Ratis:service=RaftServer,group=group-DFAC8FC8CCEB,id=c36488b4-ebfd-4b41-ac5a-8203e4b42905
2022-07-02 07:23:30,832 [pool-890-thread-1] INFO  storage.RaftStorageDirectory (RaftStorageDirectoryImpl.java:tryLock(230)) - Lock on /home/runner/work/ozone/ozone/hadoop-ozone/integration-test/target/test-dir/MiniOzoneClusterImpl-0529b123-343e-47c8-b09a-e64196ae32df/datanode-2/data/ratis/25e6635a-2842-4efe-85e5-d00744449e9a/in_use.lock acquired by nodename 16391@fv-az444-838
2022-07-02 07:23:30,834 [pool-890-thread-1] INFO  storage.RaftStorage (RaftStorageImpl.java:format(89)) - Storage directory /home/runner/work/ozone/ozone/hadoop-ozone/integration-test/target/test-dir/MiniOzoneClusterImpl-0529b123-343e-47c8-b09a-e64196ae32df/datanode-2/data/ratis/25e6635a-2842-4efe-85e5-d00744449e9a has been successfully formatted.
2022-07-02 07:23:30,848 [pool-890-thread-1] INFO  ratis.ContainerStateMachine (ContainerStateMachine.java:loadSnapshot(236)) - group-D00744449E9A: The snapshot info is null. Setting the last applied indexto:(t:0, i:~)
2022-07-02 07:23:30,848 [pool-890-thread-1] INFO  server.RaftServerConfigKeys (ConfUtils.java:logGet(46)) - raft.server.notification.no-leader.timeout = 300s (custom)
2022-07-02 07:23:30,848 [pool-890-thread-1] INFO  server.RaftServerConfigKeys (ConfUtils.java:logGet(46)) - raft.server.log.use.memory = false (default)
2022-07-02 07:23:30,848 [pool-890-thread-1] INFO  server.RaftServerConfigKeys (ConfUtils.java:logGet(46)) - raft.server.log.purge.gap = 1000000 (custom)
2022-07-02 07:23:30,848 [pool-890-thread-1] INFO  server.RaftServerConfigKeys (ConfUtils.java:logGet(46)) - raft.server.log.appender.buffer.byte-limit = 33554432 (custom)
2022-07-02 07:23:30,848 [pool-890-thread-1] INFO  server.RaftServerConfigKeys (ConfUtils.java:logGet(46)) - raft.server.log.statemachine.data.read.timeout = 1000ms (default)
2022-07-02 07:23:30,849 [pool-890-thread-1] INFO  server.RaftServerConfigKeys (ConfUtils.java:logGet(46)) - raft.server.log.segment.size.max = 1048576 (custom)
2022-07-02 07:23:30,849 [pool-890-thread-1] INFO  server.RaftServerConfigKeys (ConfUtils.java:logGet(46)) - raft.server.log.segment.cache.num.max = 2 (custom)
2022-07-02 07:23:30,849 [pool-890-thread-1] INFO  server.RaftServerConfigKeys (ConfUtils.java:logGet(46)) - raft.server.log.segment.cache.size.max = 200MB (=209715200) (default)
2022-07-02 07:23:30,849 [pool-890-thread-1] INFO  segmented.SegmentedRaftLogWorker (SegmentedRaftLogWorker.java:<init>(187)) - new d727aa53-777d-4565-b781-b847e62e7de2@group-D00744449E9A-SegmentedRaftLogWorker for RaftStorageImpl:Storage Directory /home/runner/work/ozone/ozone/hadoop-ozone/integration-test/target/test-dir/MiniOzoneClusterImpl-0529b123-343e-47c8-b09a-e64196ae32df/datanode-2/data/ratis/25e6635a-2842-4efe-85e5-d00744449e9a
2022-07-02 07:23:30,849 [pool-890-thread-1] INFO  server.RaftServerConfigKeys (ConfUtils.java:logGet(46)) - raft.server.log.queue.byte-limit = 4294967296 (custom)
2022-07-02 07:23:30,849 [pool-890-thread-1] INFO  server.RaftServerConfigKeys (ConfUtils.java:logGet(46)) - raft.server.log.queue.element-limit = 1024 (custom)
2022-07-02 07:23:30,849 [pool-890-thread-1] INFO  server.RaftServerConfigKeys (ConfUtils.java:logGet(46)) - raft.server.log.segment.size.max = 1048576 (custom)
2022-07-02 07:23:30,849 [pool-890-thread-1] INFO  server.RaftServerConfigKeys (ConfUtils.java:logGet(46)) - raft.server.log.preallocated.size = 16384 (custom)
2022-07-02 07:23:30,849 [pool-890-thread-1] INFO  server.RaftServerConfigKeys (ConfUtils.java:logGet(46)) - raft.server.log.force.sync.num = 128 (default)
2022-07-02 07:23:30,849 [pool-890-thread-1] INFO  server.RaftServerConfigKeys (ConfUtils.java:logGet(46)) - raft.server.log.statemachine.data.sync = true (default)
2022-07-02 07:23:30,849 [pool-890-thread-1] INFO  server.RaftServerConfigKeys (ConfUtils.java:logGet(46)) - raft.server.log.statemachine.data.sync.timeout = 10s (default)
2022-07-02 07:23:30,849 [pool-890-thread-1] INFO  server.RaftServerConfigKeys (ConfUtils.java:logGet(46)) - raft.server.log.statemachine.data.sync.timeout.retry = -1 (default)
2022-07-02 07:23:30,850 [EventQueue-PipelineReportForPipelineReportHandler] INFO  pipeline.PipelineManagerImpl (PipelineManagerImpl.java:openPipeline(358)) - Pipeline Pipeline[ Id: 25e6635a-2842-4efe-85e5-d00744449e9a, Nodes: d727aa53-777d-4565-b781-b847e62e7de2{ip: 10.1.0.20, host: fv-az444-838.dthhdds2jluu1c0oa55ndv1hsg.dx.internal.cloudapp.net, ports: [REPLICATION=34763, RATIS=38235, RATIS_ADMIN=38235, RATIS_SERVER=38235, STANDALONE=34017], networkLocation: /default-rack, certSerialId: null, persistedOpState: IN_SERVICE, persistedOpStateExpiryEpochSec: 0}, ReplicationConfig: RATIS/ONE, State:ALLOCATED, leaderId:d727aa53-777d-4565-b781-b847e62e7de2, CreationTimestamp2022-07-02T07:23:29.814Z[Etc/UTC]] moved to OPEN state
2022-07-02 07:23:30,851 [EventQueue-OpenPipelineForHealthyPipelineSafeModeRule] INFO  safemode.SCMSafeModeManager (HealthyPipelineSafeModeRule.java:process(124)) - SCM in safe mode. Healthy pipelines reported count is 0, required healthy pipeline reported count is 1
2022-07-02 07:23:30,860 [pool-890-thread-1] INFO  server.RaftServerConfigKeys (ConfUtils.java:logGet(46)) - raft.server.log.write.buffer.size = 1048576 (custom)
2022-07-02 07:23:30,861 [pool-890-thread-1] INFO  server.RaftServerConfigKeys (ConfUtils.java:logGet(46)) - raft.server.log.unsafe-flush.enabled = false (default)
2022-07-02 07:23:30,861 [pool-890-thread-1] INFO  server.RaftServerConfigKeys (ConfUtils.java:logGet(46)) - raft.server.log.statemachine.data.caching.enabled = true (custom)
2022-07-02 07:23:30,861 [pool-890-thread-1] INFO  segmented.SegmentedRaftLogWorker (SegmentedRaftLogWorker.java:lambda$new$0(135)) - d727aa53-777d-4565-b781-b847e62e7de2@group-D00744449E9A-SegmentedRaftLogWorker: flushIndex: setUnconditionally 0 -> -1
2022-07-02 07:23:30,861 [pool-890-thread-1] INFO  segmented.SegmentedRaftLogWorker (SegmentedRaftLogWorker.java:lambda$new$0(135)) - d727aa53-777d-4565-b781-b847e62e7de2@group-D00744449E9A-SegmentedRaftLogWorker: safeCacheEvictIndex: setUnconditionally 0 -> -1
2022-07-02 07:23:30,862 [pool-890-thread-1] INFO  server.RaftServerConfigKeys (ConfUtils.java:logGet(46)) - raft.server.snapshot.auto.trigger.enabled = true (custom)
2022-07-02 07:23:30,863 [pool-890-thread-1] INFO  server.RaftServerConfigKeys (ConfUtils.java:logGet(46)) - raft.server.snapshot.auto.trigger.threshold = 10000 (custom)
2022-07-02 07:23:30,863 [pool-890-thread-1] INFO  server.RaftServerConfigKeys (ConfUtils.java:logGet(46)) - raft.server.snapshot.retention.file.num = 5 (custom)
2022-07-02 07:23:30,863 [pool-890-thread-1] INFO  server.RaftServerConfigKeys (ConfUtils.java:logGet(46)) - raft.server.log.purge.upto.snapshot.index = false (default)
2022-07-02 07:23:30,863 [pool-890-thread-1] INFO  server.RaftServerConfigKeys (ConfUtils.java:logGet(46)) - raft.server.retrycache.expirytime = 600000ms (custom)
2022-07-02 07:23:30,863 [pool-890-thread-1] INFO  server.RaftServerConfigKeys (ConfUtils.java:logGet(46)) - raft.server.retrycache.statistics.expirytime = 100μs (default)
2022-07-02 07:23:30,866 [pool-890-thread-1] INFO  server.RaftServerConfigKeys (ConfUtils.java:logGet(46)) - raft.server.log.appender.install.snapshot.enabled = false (custom)
2022-07-02 07:23:30,866 [pool-890-thread-1] INFO  server.RaftServerConfigKeys (ConfUtils.java:logGet(46)) - raft.server.threadpool.server.cached = true (default)
2022-07-02 07:23:30,866 [pool-890-thread-1] INFO  server.RaftServerConfigKeys (ConfUtils.java:logGet(46)) - raft.server.threadpool.server.size = 0 (default)
2022-07-02 07:23:30,866 [pool-890-thread-1] INFO  server.RaftServerConfigKeys (ConfUtils.java:logGet(46)) - raft.server.threadpool.client.cached = true (default)
2022-07-02 07:23:30,866 [pool-890-thread-1] INFO  server.RaftServerConfigKeys (ConfUtils.java:logGet(46)) - raft.server.threadpool.client.size = 0 (default)
2022-07-02 07:23:30,866 [pool-890-thread-1] INFO  server.RaftServer$Division (RaftServerImpl.java:start(310)) - d727aa53-777d-4565-b781-b847e62e7de2@group-D00744449E9A: start as a follower, conf=-1: [d727aa53-777d-4565-b781-b847e62e7de2|rpc:10.1.0.20:38235|priority:1], old=null
2022-07-02 07:23:30,866 [pool-890-thread-1] INFO  server.RaftServer$Division (RaftServerImpl.java:setRole(299)) - d727aa53-777d-4565-b781-b847e62e7de2@group-D00744449E9A: changes role from      null to FOLLOWER at term 0 for startAsFollower
2022-07-02 07:23:30,866 [pool-890-thread-1] INFO  impl.RoleInfo (RoleInfo.java:updateAndGet(139)) - d727aa53-777d-4565-b781-b847e62e7de2: start d727aa53-777d-4565-b781-b847e62e7de2@group-D00744449E9A-FollowerState
2022-07-02 07:23:30,885 [pool-890-thread-1] INFO  util.JmxRegister (JmxRegister.java:tryRegister(44)) - Successfully registered JMX Bean with object name Ratis:service=RaftServer,group=group-D00744449E9A,id=d727aa53-777d-4565-b781-b847e62e7de2
2022-07-02 07:23:30,948 [Command processor thread] INFO  ratis.XceiverServerRatis (XceiverServerRatis.java:addGroup(765)) - Created group PipelineID=25e6635a-2842-4efe-85e5-d00744449e9a
2022-07-02 07:23:30,948 [Command processor thread] INFO  commandhandler.CreatePipelineCommandHandler (CreatePipelineCommandHandler.java:handle(113)) - Created Pipeline RATIS ONE PipelineID=25e6635a-2842-4efe-85e5-d00744449e9a.
2022-07-02 07:23:30,948 [Command processor thread] INFO  server.RaftServer (RaftServerProxy.java:addNew(96)) - d727aa53-777d-4565-b781-b847e62e7de2: addNew group-DFAC8FC8CCEB:[62d41a72-c69a-4c51-8969-57edf65cfd32|rpc:10.1.0.20:44989|priority:0, c36488b4-ebfd-4b41-ac5a-8203e4b42905|rpc:10.1.0.20:40803|priority:0, d727aa53-777d-4565-b781-b847e62e7de2|rpc:10.1.0.20:38235|priority:1] returns group-DFAC8FC8CCEB:java.util.concurrent.CompletableFuture@16fd9523[Not completed]
2022-07-02 07:23:30,994 [pool-890-thread-1] INFO  server.RaftServer$Division (RaftServerImpl.java:<init>(190)) - d727aa53-777d-4565-b781-b847e62e7de2: new RaftServerImpl for group-DFAC8FC8CCEB:[62d41a72-c69a-4c51-8969-57edf65cfd32|rpc:10.1.0.20:44989|priority:0, c36488b4-ebfd-4b41-ac5a-8203e4b42905|rpc:10.1.0.20:40803|priority:0, d727aa53-777d-4565-b781-b847e62e7de2|rpc:10.1.0.20:38235|priority:1] with ContainerStateMachine:uninitialized
2022-07-02 07:23:30,994 [pool-890-thread-1] INFO  server.RaftServerConfigKeys (ConfUtils.java:logGet(46)) - raft.server.rpc.timeout.min = 5s (custom)
2022-07-02 07:23:30,994 [pool-890-thread-1] INFO  server.RaftServerConfigKeys (ConfUtils.java:logGet(46)) - raft.server.rpc.timeout.max = 5200ms (custom)
2022-07-02 07:23:30,994 [pool-890-thread-1] INFO  server.RaftServerConfigKeys (ConfUtils.java:logGet(46)) - raft.server.rpc.sleep.time = 25ms (default)
2022-07-02 07:23:30,994 [pool-890-thread-1] INFO  server.RaftServerConfigKeys (ConfUtils.java:logGet(46)) - raft.server.rpc.slowness.timeout = 300s (custom)
2022-07-02 07:23:30,994 [pool-890-thread-1] INFO  server.RaftServerConfigKeys (ConfUtils.java:logGet(46)) - raft.server.leaderelection.leader.step-down.wait-time = 10s (default)
2022-07-02 07:23:30,994 [pool-890-thread-1] INFO  server.RaftServerConfigKeys (ConfUtils.java:logGet(46)) - raft.server.sleep.deviation.threshold = 300ms (default)
2022-07-02 07:23:30,994 [pool-890-thread-1] INFO  server.RaftServer$Division (ServerState.java:<init>(107)) - d727aa53-777d-4565-b781-b847e62e7de2@group-DFAC8FC8CCEB: ConfigurationManager, init=-1: [62d41a72-c69a-4c51-8969-57edf65cfd32|rpc:10.1.0.20:44989|priority:0, c36488b4-ebfd-4b41-ac5a-8203e4b42905|rpc:10.1.0.20:40803|priority:0, d727aa53-777d-4565-b781-b847e62e7de2|rpc:10.1.0.20:38235|priority:1], old=null, confs=<EMPTY_MAP>
2022-07-02 07:23:30,994 [pool-890-thread-1] INFO  server.RaftServerConfigKeys (ConfUtils.java:logGet(46)) - raft.server.storage.dir = [/home/runner/work/ozone/ozone/hadoop-ozone/integration-test/target/test-dir/MiniOzoneClusterImpl-0529b123-343e-47c8-b09a-e64196ae32df/datanode-2/data/ratis] (custom)
2022-07-02 07:23:30,994 [pool-890-thread-1] INFO  server.RaftServerConfigKeys (ConfUtils.java:logGet(46)) - raft.server.log.corruption.policy = EXCEPTION (default)
2022-07-02 07:23:30,994 [pool-890-thread-1] INFO  server.RaftServerConfigKeys (ConfUtils.java:logGet(46)) - raft.server.storage.free-space.min = 0MB (=0) (default)
2022-07-02 07:23:30,994 [pool-890-thread-1] INFO  storage.RaftStorageDirectory (RaftStorageDirectoryImpl.java:analyzeStorage(135)) - The storage directory /home/runner/work/ozone/ozone/hadoop-ozone/integration-test/target/test-dir/MiniOzoneClusterImpl-0529b123-343e-47c8-b09a-e64196ae32df/datanode-2/data/ratis/26fd7dc0-a09a-42e3-9f2f-dfac8fc8cceb does not exist. Creating ...
2022-07-02 07:23:30,997 [pool-890-thread-1] INFO  storage.RaftStorageDirectory (RaftStorageDirectoryImpl.java:tryLock(230)) - Lock on /home/runner/work/ozone/ozone/hadoop-ozone/integration-test/target/test-dir/MiniOzoneClusterImpl-0529b123-343e-47c8-b09a-e64196ae32df/datanode-2/data/ratis/26fd7dc0-a09a-42e3-9f2f-dfac8fc8cceb/in_use.lock acquired by nodename 16391@fv-az444-838
2022-07-02 07:23:30,998 [pool-890-thread-1] INFO  storage.RaftStorage (RaftStorageImpl.java:format(89)) - Storage directory /home/runner/work/ozone/ozone/hadoop-ozone/integration-test/target/test-dir/MiniOzoneClusterImpl-0529b123-343e-47c8-b09a-e64196ae32df/datanode-2/data/ratis/26fd7dc0-a09a-42e3-9f2f-dfac8fc8cceb has been successfully formatted.
2022-07-02 07:23:30,999 [pool-890-thread-1] INFO  ratis.ContainerStateMachine (ContainerStateMachine.java:loadSnapshot(236)) - group-DFAC8FC8CCEB: The snapshot info is null. Setting the last applied indexto:(t:0, i:~)
2022-07-02 07:23:30,999 [pool-890-thread-1] INFO  server.RaftServerConfigKeys (ConfUtils.java:logGet(46)) - raft.server.notification.no-leader.timeout = 300s (custom)
2022-07-02 07:23:30,999 [pool-890-thread-1] INFO  server.RaftServerConfigKeys (ConfUtils.java:logGet(46)) - raft.server.log.use.memory = false (default)
2022-07-02 07:23:30,999 [pool-890-thread-1] INFO  server.RaftServerConfigKeys (ConfUtils.java:logGet(46)) - raft.server.log.purge.gap = 1000000 (custom)
2022-07-02 07:23:30,999 [pool-890-thread-1] INFO  server.RaftServerConfigKeys (ConfUtils.java:logGet(46)) - raft.server.log.appender.buffer.byte-limit = 33554432 (custom)
2022-07-02 07:23:30,999 [pool-890-thread-1] INFO  server.RaftServerConfigKeys (ConfUtils.java:logGet(46)) - raft.server.log.statemachine.data.read.timeout = 1000ms (default)
2022-07-02 07:23:30,999 [pool-890-thread-1] INFO  server.RaftServerConfigKeys (ConfUtils.java:logGet(46)) - raft.server.log.segment.size.max = 1048576 (custom)
2022-07-02 07:23:31,000 [EventQueue-OpenPipelineForHealthyPipelineSafeModeRule] INFO  safemode.SCMSafeModeManager (HealthyPipelineSafeModeRule.java:process(124)) - SCM in safe mode. Healthy pipelines reported count is 0, required healthy pipeline reported count is 1
2022-07-02 07:23:31,000 [pool-890-thread-1] INFO  server.RaftServerConfigKeys (ConfUtils.java:logGet(46)) - raft.server.log.segment.cache.num.max = 2 (custom)
2022-07-02 07:23:31,000 [pool-890-thread-1] INFO  server.RaftServerConfigKeys (ConfUtils.java:logGet(46)) - raft.server.log.segment.cache.size.max = 200MB (=209715200) (default)
2022-07-02 07:23:31,000 [pool-890-thread-1] INFO  segmented.SegmentedRaftLogWorker (SegmentedRaftLogWorker.java:<init>(187)) - new d727aa53-777d-4565-b781-b847e62e7de2@group-DFAC8FC8CCEB-SegmentedRaftLogWorker for RaftStorageImpl:Storage Directory /home/runner/work/ozone/ozone/hadoop-ozone/integration-test/target/test-dir/MiniOzoneClusterImpl-0529b123-343e-47c8-b09a-e64196ae32df/datanode-2/data/ratis/26fd7dc0-a09a-42e3-9f2f-dfac8fc8cceb
2022-07-02 07:23:31,000 [pool-890-thread-1] INFO  server.RaftServerConfigKeys (ConfUtils.java:logGet(46)) - raft.server.log.queue.byte-limit = 4294967296 (custom)
2022-07-02 07:23:31,000 [pool-890-thread-1] INFO  server.RaftServerConfigKeys (ConfUtils.java:logGet(46)) - raft.server.log.queue.element-limit = 1024 (custom)
2022-07-02 07:23:31,000 [pool-890-thread-1] INFO  server.RaftServerConfigKeys (ConfUtils.java:logGet(46)) - raft.server.log.segment.size.max = 1048576 (custom)
2022-07-02 07:23:31,000 [pool-890-thread-1] INFO  server.RaftServerConfigKeys (ConfUtils.java:logGet(46)) - raft.server.log.preallocated.size = 16384 (custom)
2022-07-02 07:23:31,000 [pool-890-thread-1] INFO  server.RaftServerConfigKeys (ConfUtils.java:logGet(46)) - raft.server.log.force.sync.num = 128 (default)
2022-07-02 07:23:31,000 [pool-890-thread-1] INFO  server.RaftServerConfigKeys (ConfUtils.java:logGet(46)) - raft.server.log.statemachine.data.sync = true (default)
2022-07-02 07:23:31,000 [pool-890-thread-1] INFO  server.RaftServerConfigKeys (ConfUtils.java:logGet(46)) - raft.server.log.statemachine.data.sync.timeout = 10s (default)
2022-07-02 07:23:31,000 [pool-890-thread-1] INFO  server.RaftServerConfigKeys (ConfUtils.java:logGet(46)) - raft.server.log.statemachine.data.sync.timeout.retry = -1 (default)
2022-07-02 07:23:31,002 [pool-890-thread-1] INFO  server.RaftServerConfigKeys (ConfUtils.java:logGet(46)) - raft.server.log.write.buffer.size = 1048576 (custom)
2022-07-02 07:23:31,002 [pool-890-thread-1] INFO  server.RaftServerConfigKeys (ConfUtils.java:logGet(46)) - raft.server.log.unsafe-flush.enabled = false (default)
2022-07-02 07:23:31,002 [pool-890-thread-1] INFO  server.RaftServerConfigKeys (ConfUtils.java:logGet(46)) - raft.server.log.statemachine.data.caching.enabled = true (custom)
2022-07-02 07:23:31,003 [pool-890-thread-1] INFO  segmented.SegmentedRaftLogWorker (SegmentedRaftLogWorker.java:lambda$new$0(135)) - d727aa53-777d-4565-b781-b847e62e7de2@group-DFAC8FC8CCEB-SegmentedRaftLogWorker: flushIndex: setUnconditionally 0 -> -1
2022-07-02 07:23:31,003 [pool-890-thread-1] INFO  segmented.SegmentedRaftLogWorker (SegmentedRaftLogWorker.java:lambda$new$0(135)) - d727aa53-777d-4565-b781-b847e62e7de2@group-DFAC8FC8CCEB-SegmentedRaftLogWorker: safeCacheEvictIndex: setUnconditionally 0 -> -1
2022-07-02 07:23:31,024 [pool-890-thread-1] INFO  server.RaftServerConfigKeys (ConfUtils.java:logGet(46)) - raft.server.snapshot.auto.trigger.enabled = true (custom)
2022-07-02 07:23:31,024 [pool-890-thread-1] INFO  server.RaftServerConfigKeys (ConfUtils.java:logGet(46)) - raft.server.snapshot.auto.trigger.threshold = 10000 (custom)
2022-07-02 07:23:31,024 [pool-890-thread-1] INFO  server.RaftServerConfigKeys (ConfUtils.java:logGet(46)) - raft.server.snapshot.retention.file.num = 5 (custom)
2022-07-02 07:23:31,024 [pool-890-thread-1] INFO  server.RaftServerConfigKeys (ConfUtils.java:logGet(46)) - raft.server.log.purge.upto.snapshot.index = false (default)
2022-07-02 07:23:31,024 [pool-890-thread-1] INFO  server.RaftServerConfigKeys (ConfUtils.java:logGet(46)) - raft.server.retrycache.expirytime = 600000ms (custom)
2022-07-02 07:23:31,024 [pool-890-thread-1] INFO  server.RaftServerConfigKeys (ConfUtils.java:logGet(46)) - raft.server.retrycache.statistics.expirytime = 100μs (default)
2022-07-02 07:23:31,026 [pool-890-thread-1] INFO  server.RaftServerConfigKeys (ConfUtils.java:logGet(46)) - raft.server.log.appender.install.snapshot.enabled = false (custom)
2022-07-02 07:23:31,026 [pool-890-thread-1] INFO  server.RaftServerConfigKeys (ConfUtils.java:logGet(46)) - raft.server.threadpool.server.cached = true (default)
2022-07-02 07:23:31,026 [pool-890-thread-1] INFO  server.RaftServerConfigKeys (ConfUtils.java:logGet(46)) - raft.server.threadpool.server.size = 0 (default)
2022-07-02 07:23:31,026 [pool-890-thread-1] INFO  server.RaftServerConfigKeys (ConfUtils.java:logGet(46)) - raft.server.threadpool.client.cached = true (default)
2022-07-02 07:23:31,026 [pool-890-thread-1] INFO  server.RaftServerConfigKeys (ConfUtils.java:logGet(46)) - raft.server.threadpool.client.size = 0 (default)
2022-07-02 07:23:31,026 [pool-890-thread-1] INFO  server.RaftServer$Division (RaftServerImpl.java:start(310)) - d727aa53-777d-4565-b781-b847e62e7de2@group-DFAC8FC8CCEB: start as a follower, conf=-1: [62d41a72-c69a-4c51-8969-57edf65cfd32|rpc:10.1.0.20:44989|priority:0, c36488b4-ebfd-4b41-ac5a-8203e4b42905|rpc:10.1.0.20:40803|priority:0, d727aa53-777d-4565-b781-b847e62e7de2|rpc:10.1.0.20:38235|priority:1], old=null
2022-07-02 07:23:31,026 [pool-890-thread-1] INFO  server.RaftServer$Division (RaftServerImpl.java:setRole(299)) - d727aa53-777d-4565-b781-b847e62e7de2@group-DFAC8FC8CCEB: changes role from      null to FOLLOWER at term 0 for startAsFollower
2022-07-02 07:23:31,026 [pool-890-thread-1] INFO  impl.RoleInfo (RoleInfo.java:updateAndGet(139)) - d727aa53-777d-4565-b781-b847e62e7de2: start d727aa53-777d-4565-b781-b847e62e7de2@group-DFAC8FC8CCEB-FollowerState
2022-07-02 07:23:31,049 [pool-890-thread-1] INFO  util.JmxRegister (JmxRegister.java:tryRegister(44)) - Successfully registered JMX Bean with object name Ratis:service=RaftServer,group=group-DFAC8FC8CCEB,id=d727aa53-777d-4565-b781-b847e62e7de2
2022-07-02 07:23:31,090 [Command processor thread] INFO  server.RaftServer (RaftServerProxy.java:addNew(96)) - c36488b4-ebfd-4b41-ac5a-8203e4b42905: addNew group-92E86823610C:[c36488b4-ebfd-4b41-ac5a-8203e4b42905|rpc:10.1.0.20:40803|priority:1] returns group-92E86823610C:java.util.concurrent.CompletableFuture@19a71e6e[Not completed]
2022-07-02 07:23:31,091 [pool-867-thread-1] INFO  server.RaftServer$Division (RaftServerImpl.java:<init>(190)) - c36488b4-ebfd-4b41-ac5a-8203e4b42905: new RaftServerImpl for group-92E86823610C:[c36488b4-ebfd-4b41-ac5a-8203e4b42905|rpc:10.1.0.20:40803|priority:1] with ContainerStateMachine:uninitialized
2022-07-02 07:23:31,091 [pool-867-thread-1] INFO  server.RaftServerConfigKeys (ConfUtils.java:logGet(46)) - raft.server.rpc.timeout.min = 5s (custom)
2022-07-02 07:23:31,091 [pool-867-thread-1] INFO  server.RaftServerConfigKeys (ConfUtils.java:logGet(46)) - raft.server.rpc.timeout.max = 5200ms (custom)
2022-07-02 07:23:31,091 [pool-867-thread-1] INFO  server.RaftServerConfigKeys (ConfUtils.java:logGet(46)) - raft.server.rpc.sleep.time = 25ms (default)
2022-07-02 07:23:31,091 [pool-867-thread-1] INFO  server.RaftServerConfigKeys (ConfUtils.java:logGet(46)) - raft.server.rpc.slowness.timeout = 300s (custom)
2022-07-02 07:23:31,091 [pool-867-thread-1] INFO  server.RaftServerConfigKeys (ConfUtils.java:logGet(46)) - raft.server.leaderelection.leader.step-down.wait-time = 10s (default)
2022-07-02 07:23:31,091 [pool-867-thread-1] INFO  server.RaftServerConfigKeys (ConfUtils.java:logGet(46)) - raft.server.sleep.deviation.threshold = 300ms (default)
2022-07-02 07:23:31,091 [pool-867-thread-1] INFO  server.RaftServer$Division (ServerState.java:<init>(107)) - c36488b4-ebfd-4b41-ac5a-8203e4b42905@group-92E86823610C: ConfigurationManager, init=-1: [c36488b4-ebfd-4b41-ac5a-8203e4b42905|rpc:10.1.0.20:40803|priority:1], old=null, confs=<EMPTY_MAP>
2022-07-02 07:23:31,091 [pool-867-thread-1] INFO  server.RaftServerConfigKeys (ConfUtils.java:logGet(46)) - raft.server.storage.dir = [/home/runner/work/ozone/ozone/hadoop-ozone/integration-test/target/test-dir/MiniOzoneClusterImpl-0529b123-343e-47c8-b09a-e64196ae32df/datanode-1/data/ratis] (custom)
2022-07-02 07:23:31,091 [pool-867-thread-1] INFO  server.RaftServerConfigKeys (ConfUtils.java:logGet(46)) - raft.server.log.corruption.policy = EXCEPTION (default)
2022-07-02 07:23:31,091 [pool-867-thread-1] INFO  server.RaftServerConfigKeys (ConfUtils.java:logGet(46)) - raft.server.storage.free-space.min = 0MB (=0) (default)
2022-07-02 07:23:31,092 [pool-867-thread-1] INFO  storage.RaftStorageDirectory (RaftStorageDirectoryImpl.java:analyzeStorage(135)) - The storage directory /home/runner/work/ozone/ozone/hadoop-ozone/integration-test/target/test-dir/MiniOzoneClusterImpl-0529b123-343e-47c8-b09a-e64196ae32df/datanode-1/data/ratis/e5e28e8c-463c-4ff2-b41b-92e86823610c does not exist. Creating ...
2022-07-02 07:23:31,093 [Command processor thread] INFO  ratis.XceiverServerRatis (XceiverServerRatis.java:addGroup(765)) - Created group PipelineID=26fd7dc0-a09a-42e3-9f2f-dfac8fc8cceb
2022-07-02 07:23:31,096 [pool-867-thread-1] INFO  storage.RaftStorageDirectory (RaftStorageDirectoryImpl.java:tryLock(230)) - Lock on /home/runner/work/ozone/ozone/hadoop-ozone/integration-test/target/test-dir/MiniOzoneClusterImpl-0529b123-343e-47c8-b09a-e64196ae32df/datanode-1/data/ratis/e5e28e8c-463c-4ff2-b41b-92e86823610c/in_use.lock acquired by nodename 16391@fv-az444-838
2022-07-02 07:23:31,097 [pool-867-thread-1] INFO  storage.RaftStorage (RaftStorageImpl.java:format(89)) - Storage directory /home/runner/work/ozone/ozone/hadoop-ozone/integration-test/target/test-dir/MiniOzoneClusterImpl-0529b123-343e-47c8-b09a-e64196ae32df/datanode-1/data/ratis/e5e28e8c-463c-4ff2-b41b-92e86823610c has been successfully formatted.
2022-07-02 07:23:31,136 [Listener at 127.0.0.1/38259] INFO  ozone.MiniOzoneClusterImpl (MiniOzoneClusterImpl.java:lambda$waitForClusterToBeReady$0(223)) - Waiting for nodes to be ready. Got 3 of 5 DN Heartbeats.
2022-07-02 07:23:31,136 [Listener at 127.0.0.1/38259] INFO  ozone.MiniOzoneClusterImpl (MiniOzoneClusterImpl.java:lambda$waitForClusterToBeReady$0(226)) - Waiting for cluster to exit safe mode
2022-07-02 07:23:31,136 [Listener at 127.0.0.1/38259] INFO  ozone.MiniOzoneClusterImpl (MiniOzoneClusterImpl.java:lambda$waitForClusterToBeReady$0(228)) - SCM became leader
2022-07-02 07:23:31,139 [pool-867-thread-1] INFO  ratis.ContainerStateMachine (ContainerStateMachine.java:loadSnapshot(236)) - group-92E86823610C: The snapshot info is null. Setting the last applied indexto:(t:0, i:~)
2022-07-02 07:23:31,140 [pool-867-thread-1] INFO  server.RaftServerConfigKeys (ConfUtils.java:logGet(46)) - raft.server.notification.no-leader.timeout = 300s (custom)
2022-07-02 07:23:31,140 [pool-867-thread-1] INFO  server.RaftServerConfigKeys (ConfUtils.java:logGet(46)) - raft.server.log.use.memory = false (default)
2022-07-02 07:23:31,140 [pool-867-thread-1] INFO  server.RaftServerConfigKeys (ConfUtils.java:logGet(46)) - raft.server.log.purge.gap = 1000000 (custom)
2022-07-02 07:23:31,140 [pool-867-thread-1] INFO  server.RaftServerConfigKeys (ConfUtils.java:logGet(46)) - raft.server.log.appender.buffer.byte-limit = 33554432 (custom)
2022-07-02 07:23:31,140 [pool-867-thread-1] INFO  server.RaftServerConfigKeys (ConfUtils.java:logGet(46)) - raft.server.log.statemachine.data.read.timeout = 1000ms (default)
2022-07-02 07:23:31,140 [pool-867-thread-1] INFO  server.RaftServerConfigKeys (ConfUtils.java:logGet(46)) - raft.server.log.segment.size.max = 1048576 (custom)
2022-07-02 07:23:31,140 [EventQueue-PipelineReportForPipelineReportHandler] INFO  pipeline.PipelineManagerImpl (PipelineManagerImpl.java:openPipeline(358)) - Pipeline Pipeline[ Id: e5e28e8c-463c-4ff2-b41b-92e86823610c, Nodes: c36488b4-ebfd-4b41-ac5a-8203e4b42905{ip: 10.1.0.20, host: fv-az444-838.dthhdds2jluu1c0oa55ndv1hsg.dx.internal.cloudapp.net, ports: [REPLICATION=36535, RATIS=40803, RATIS_ADMIN=40803, RATIS_SERVER=40803, STANDALONE=41593], networkLocation: /default-rack, certSerialId: null, persistedOpState: IN_SERVICE, persistedOpStateExpiryEpochSec: 0}, ReplicationConfig: RATIS/ONE, State:ALLOCATED, leaderId:c36488b4-ebfd-4b41-ac5a-8203e4b42905, CreationTimestamp2022-07-02T07:23:28.216Z[Etc/UTC]] moved to OPEN state
2022-07-02 07:23:31,141 [pool-867-thread-1] INFO  server.RaftServerConfigKeys (ConfUtils.java:logGet(46)) - raft.server.log.segment.cache.num.max = 2 (custom)
2022-07-02 07:23:31,141 [pool-867-thread-1] INFO  server.RaftServerConfigKeys (ConfUtils.java:logGet(46)) - raft.server.log.segment.cache.size.max = 200MB (=209715200) (default)
2022-07-02 07:23:31,141 [pool-867-thread-1] INFO  segmented.SegmentedRaftLogWorker (SegmentedRaftLogWorker.java:<init>(187)) - new c36488b4-ebfd-4b41-ac5a-8203e4b42905@group-92E86823610C-SegmentedRaftLogWorker for RaftStorageImpl:Storage Directory /home/runner/work/ozone/ozone/hadoop-ozone/integration-test/target/test-dir/MiniOzoneClusterImpl-0529b123-343e-47c8-b09a-e64196ae32df/datanode-1/data/ratis/e5e28e8c-463c-4ff2-b41b-92e86823610c
2022-07-02 07:23:31,141 [pool-867-thread-1] INFO  server.RaftServerConfigKeys (ConfUtils.java:logGet(46)) - raft.server.log.queue.byte-limit = 4294967296 (custom)
2022-07-02 07:23:31,141 [pool-867-thread-1] INFO  server.RaftServerConfigKeys (ConfUtils.java:logGet(46)) - raft.server.log.queue.element-limit = 1024 (custom)
2022-07-02 07:23:31,141 [pool-867-thread-1] INFO  server.RaftServerConfigKeys (ConfUtils.java:logGet(46)) - raft.server.log.segment.size.max = 1048576 (custom)
2022-07-02 07:23:31,141 [pool-867-thread-1] INFO  server.RaftServerConfigKeys (ConfUtils.java:logGet(46)) - raft.server.log.preallocated.size = 16384 (custom)
2022-07-02 07:23:31,141 [EventQueue-OpenPipelineForHealthyPipelineSafeModeRule] INFO  safemode.SCMSafeModeManager (HealthyPipelineSafeModeRule.java:process(124)) - SCM in safe mode. Healthy pipelines reported count is 0, required healthy pipeline reported count is 1
2022-07-02 07:23:31,141 [pool-867-thread-1] INFO  server.RaftServerConfigKeys (ConfUtils.java:logGet(46)) - raft.server.log.force.sync.num = 128 (default)
2022-07-02 07:23:31,212 [pool-867-thread-1] INFO  server.RaftServerConfigKeys (ConfUtils.java:logGet(46)) - raft.server.log.statemachine.data.sync = true (default)
2022-07-02 07:23:31,212 [pool-867-thread-1] INFO  server.RaftServerConfigKeys (ConfUtils.java:logGet(46)) - raft.server.log.statemachine.data.sync.timeout = 10s (default)
2022-07-02 07:23:31,212 [pool-867-thread-1] INFO  server.RaftServerConfigKeys (ConfUtils.java:logGet(46)) - raft.server.log.statemachine.data.sync.timeout.retry = -1 (default)
2022-07-02 07:23:31,213 [pool-867-thread-1] INFO  server.RaftServerConfigKeys (ConfUtils.java:logGet(46)) - raft.server.log.write.buffer.size = 1048576 (custom)
2022-07-02 07:23:31,214 [pool-867-thread-1] INFO  server.RaftServerConfigKeys (ConfUtils.java:logGet(46)) - raft.server.log.unsafe-flush.enabled = false (default)
2022-07-02 07:23:31,214 [pool-867-thread-1] INFO  server.RaftServerConfigKeys (ConfUtils.java:logGet(46)) - raft.server.log.statemachine.data.caching.enabled = true (custom)
2022-07-02 07:23:31,214 [pool-867-thread-1] INFO  segmented.SegmentedRaftLogWorker (SegmentedRaftLogWorker.java:lambda$new$0(135)) - c36488b4-ebfd-4b41-ac5a-8203e4b42905@group-92E86823610C-SegmentedRaftLogWorker: flushIndex: setUnconditionally 0 -> -1
2022-07-02 07:23:31,214 [pool-867-thread-1] INFO  segmented.SegmentedRaftLogWorker (SegmentedRaftLogWorker.java:lambda$new$0(135)) - c36488b4-ebfd-4b41-ac5a-8203e4b42905@group-92E86823610C-SegmentedRaftLogWorker: safeCacheEvictIndex: setUnconditionally 0 -> -1
2022-07-02 07:23:31,221 [pool-867-thread-1] INFO  server.RaftServerConfigKeys (ConfUtils.java:logGet(46)) - raft.server.snapshot.auto.trigger.enabled = true (custom)
2022-07-02 07:23:31,221 [pool-867-thread-1] INFO  server.RaftServerConfigKeys (ConfUtils.java:logGet(46)) - raft.server.snapshot.auto.trigger.threshold = 10000 (custom)
2022-07-02 07:23:31,221 [pool-867-thread-1] INFO  server.RaftServerConfigKeys (ConfUtils.java:logGet(46)) - raft.server.snapshot.retention.file.num = 5 (custom)
2022-07-02 07:23:31,221 [pool-867-thread-1] INFO  server.RaftServerConfigKeys (ConfUtils.java:logGet(46)) - raft.server.log.purge.upto.snapshot.index = false (default)
2022-07-02 07:23:31,222 [pool-867-thread-1] INFO  server.RaftServerConfigKeys (ConfUtils.java:logGet(46)) - raft.server.retrycache.expirytime = 600000ms (custom)
2022-07-02 07:23:31,222 [pool-867-thread-1] INFO  server.RaftServerConfigKeys (ConfUtils.java:logGet(46)) - raft.server.retrycache.statistics.expirytime = 100μs (default)
2022-07-02 07:23:31,223 [pool-867-thread-1] INFO  server.RaftServerConfigKeys (ConfUtils.java:logGet(46)) - raft.server.log.appender.install.snapshot.enabled = false (custom)
2022-07-02 07:23:31,223 [pool-867-thread-1] INFO  server.RaftServerConfigKeys (ConfUtils.java:logGet(46)) - raft.server.threadpool.server.cached = true (default)
2022-07-02 07:23:31,223 [pool-867-thread-1] INFO  server.RaftServerConfigKeys (ConfUtils.java:logGet(46)) - raft.server.threadpool.server.size = 0 (default)
2022-07-02 07:23:31,223 [pool-867-thread-1] INFO  server.RaftServerConfigKeys (ConfUtils.java:logGet(46)) - raft.server.threadpool.client.cached = true (default)
2022-07-02 07:23:31,223 [pool-867-thread-1] INFO  server.RaftServerConfigKeys (ConfUtils.java:logGet(46)) - raft.server.threadpool.client.size = 0 (default)
2022-07-02 07:23:31,223 [pool-867-thread-1] INFO  server.RaftServer$Division (RaftServerImpl.java:start(310)) - c36488b4-ebfd-4b41-ac5a-8203e4b42905@group-92E86823610C: start as a follower, conf=-1: [c36488b4-ebfd-4b41-ac5a-8203e4b42905|rpc:10.1.0.20:40803|priority:1], old=null
2022-07-02 07:23:31,223 [pool-867-thread-1] INFO  server.RaftServer$Division (RaftServerImpl.java:setRole(299)) - c36488b4-ebfd-4b41-ac5a-8203e4b42905@group-92E86823610C: changes role from      null to FOLLOWER at term 0 for startAsFollower
2022-07-02 07:23:31,223 [pool-867-thread-1] INFO  impl.RoleInfo (RoleInfo.java:updateAndGet(139)) - c36488b4-ebfd-4b41-ac5a-8203e4b42905: start c36488b4-ebfd-4b41-ac5a-8203e4b42905@group-92E86823610C-FollowerState
2022-07-02 07:23:31,236 [pool-867-thread-1] INFO  util.JmxRegister (JmxRegister.java:tryRegister(44)) - Successfully registered JMX Bean with object name Ratis:service=RaftServer,group=group-92E86823610C,id=c36488b4-ebfd-4b41-ac5a-8203e4b42905
2022-07-02 07:23:31,326 [Command processor thread] INFO  commandhandler.CreatePipelineCommandHandler (CreatePipelineCommandHandler.java:handle(113)) - Created Pipeline RATIS THREE PipelineID=26fd7dc0-a09a-42e3-9f2f-dfac8fc8cceb.
2022-07-02 07:23:31,372 [Command processor thread] INFO  ratis.XceiverServerRatis (XceiverServerRatis.java:addGroup(765)) - Created group PipelineID=e5e28e8c-463c-4ff2-b41b-92e86823610c
2022-07-02 07:23:31,372 [Command processor thread] INFO  commandhandler.CreatePipelineCommandHandler (CreatePipelineCommandHandler.java:handle(113)) - Created Pipeline RATIS ONE PipelineID=e5e28e8c-463c-4ff2-b41b-92e86823610c.
2022-07-02 07:23:31,405 [IPC Server handler 2 on default port 37081] INFO  net.NetworkTopologyImpl (NetworkTopologyImpl.java:add(112)) - Added a new node: /default-rack/8ee9ea94-b7aa-4256-9521-78badb6f68ce
2022-07-02 07:23:31,405 [IPC Server handler 2 on default port 37081] INFO  node.SCMNodeManager (SCMNodeManager.java:register(397)) - Registered Data node : 8ee9ea94-b7aa-4256-9521-78badb6f68ce{ip: 10.1.0.20, host: fv-az444-838.dthhdds2jluu1c0oa55ndv1hsg.dx.internal.cloudapp.net, ports: [REPLICATION=44871, RATIS=42261, RATIS_ADMIN=42261, RATIS_SERVER=42261, STANDALONE=36669], networkLocation: /default-rack, certSerialId: null, persistedOpState: null, persistedOpStateExpiryEpochSec: 0}
2022-07-02 07:23:31,405 [EventQueue-NewNodeForNewNodeHandler] INFO  pipeline.BackgroundPipelineCreator (BackgroundPipelineCreator.java:notifyEventTriggered(275)) - trigger a one-shot run on RatisPipelineUtilsThread.
2022-07-02 07:23:31,436 [RatisPipelineUtilsThread - 0] INFO  pipeline.RatisPipelineProvider (RatisPipelineProvider.java:lambda$create$0(195)) - Sending CreatePipelineCommand for pipeline:PipelineID=ddd9f0bb-8c04-491f-a827-520d126b2a61 to datanode:8ee9ea94-b7aa-4256-9521-78badb6f68ce
2022-07-02 07:23:31,437 [RatisPipelineUtilsThread - 0] INFO  pipeline.PipelineStateManagerImpl (PipelineStateManagerImpl.java:addPipeline(101)) - Created pipeline Pipeline[ Id: ddd9f0bb-8c04-491f-a827-520d126b2a61, Nodes: 8ee9ea94-b7aa-4256-9521-78badb6f68ce{ip: 10.1.0.20, host: fv-az444-838.dthhdds2jluu1c0oa55ndv1hsg.dx.internal.cloudapp.net, ports: [REPLICATION=44871, RATIS=42261, RATIS_ADMIN=42261, RATIS_SERVER=42261, STANDALONE=36669], networkLocation: /default-rack, certSerialId: null, persistedOpState: IN_SERVICE, persistedOpStateExpiryEpochSec: 0}, ReplicationConfig: RATIS/ONE, State:ALLOCATED, leaderId:, CreationTimestamp2022-07-02T07:23:31.436Z[Etc/UTC]].
2022-07-02 07:23:31,465 [EndpointStateMachine task thread for /0.0.0.0:37081 - 0 ] INFO  volume.HddsVolume (HddsVolume.java:createDbStore(309)) - SchemaV3 db is created and loaded at /home/runner/work/ozone/ozone/hadoop-ozone/integration-test/target/test-dir/MiniOzoneClusterImpl-0529b123-343e-47c8-b09a-e64196ae32df/datanode-4/data-0/containers/hdds/0529b123-343e-47c8-b09a-e64196ae32df/DS-a7fb6bfa-df8c-4402-a3af-fa7b3a9c224f/container.db for volume DS-a7fb6bfa-df8c-4402-a3af-fa7b3a9c224f
2022-07-02 07:23:31,465 [EndpointStateMachine task thread for /0.0.0.0:37081 - 0 ] INFO  volume.HddsVolume (HddsVolume.java:closeDbStore(340)) - SchemaV3 db is stopped at /home/runner/work/ozone/ozone/hadoop-ozone/integration-test/target/test-dir/MiniOzoneClusterImpl-0529b123-343e-47c8-b09a-e64196ae32df/datanode-4/data-0/containers/hdds/0529b123-343e-47c8-b09a-e64196ae32df/DS-a7fb6bfa-df8c-4402-a3af-fa7b3a9c224f/container.db for volume DS-a7fb6bfa-df8c-4402-a3af-fa7b3a9c224f
2022-07-02 07:23:31,465 [EndpointStateMachine task thread for /0.0.0.0:37081 - 0 ] INFO  ozoneimpl.OzoneContainer (OzoneContainer.java:start(344)) - Attempting to start container services.
2022-07-02 07:23:31,465 [EndpointStateMachine task thread for /0.0.0.0:37081 - 0 ] INFO  ozoneimpl.OzoneContainer (OzoneContainer.java:startContainerScrub(279)) - Background container scanner has been disabled.
2022-07-02 07:23:31,479 [EndpointStateMachine task thread for /0.0.0.0:37081 - 0 ] INFO  replication.ReplicationServer (ReplicationServer.java:start(111)) - ReplicationServer is started using port 40817
2022-07-02 07:23:31,487 [EndpointStateMachine task thread for /0.0.0.0:37081 - 0 ] INFO  ratis.XceiverServerRatis (XceiverServerRatis.java:start(481)) - Starting XceiverServerRatis 5c96909e-6d7d-4877-8367-f30c632a1483
2022-07-02 07:23:31,507 [EndpointStateMachine task thread for /0.0.0.0:37081 - 0 ] INFO  server.RaftServer (RaftServerProxy.java:lambda$start$6(382)) - 5c96909e-6d7d-4877-8367-f30c632a1483: start RPC server
2022-07-02 07:23:31,538 [EndpointStateMachine task thread for /0.0.0.0:37081 - 0 ] INFO  server.GrpcService (GrpcService.java:startImpl(260)) - 5c96909e-6d7d-4877-8367-f30c632a1483: GrpcService started, listening on 39903
2022-07-02 07:23:31,538 [EndpointStateMachine task thread for /0.0.0.0:37081 - 0 ] INFO  ratis.XceiverServerRatis (XceiverServerRatis.java:getRealPort(502)) - XceiverServerRatis 5c96909e-6d7d-4877-8367-f30c632a1483 is started using port 39903 for RATIS
2022-07-02 07:23:31,539 [EndpointStateMachine task thread for /0.0.0.0:37081 - 0 ] INFO  ratis.XceiverServerRatis (XceiverServerRatis.java:getRealPort(502)) - XceiverServerRatis 5c96909e-6d7d-4877-8367-f30c632a1483 is started using port 39903 for RATIS_ADMIN
2022-07-02 07:23:31,539 [EndpointStateMachine task thread for /0.0.0.0:37081 - 0 ] INFO  ratis.XceiverServerRatis (XceiverServerRatis.java:getRealPort(502)) - XceiverServerRatis 5c96909e-6d7d-4877-8367-f30c632a1483 is started using port 39903 for RATIS_SERVER
2022-07-02 07:23:31,539 [org.apache.ratis.util.JvmPauseMonitor$$Lambda$611/1072797734@792a9961] INFO  util.JvmPauseMonitor (JvmPauseMonitor.java:run(103)) - JvmPauseMonitor-5c96909e-6d7d-4877-8367-f30c632a1483: Started
2022-07-02 07:23:31,609 [EndpointStateMachine task thread for /0.0.0.0:37081 - 0 ] INFO  server.XceiverServerGrpc (XceiverServerGrpc.java:start(180)) - XceiverServerGrpc 5c96909e-6d7d-4877-8367-f30c632a1483 is started using port 40513
2022-07-02 07:23:31,677 [Command processor thread] INFO  commandhandler.CreatePipelineCommandHandler (CreatePipelineCommandHandler.java:handle(113)) - Created Pipeline RATIS THREE PipelineID=26fd7dc0-a09a-42e3-9f2f-dfac8fc8cceb.
2022-07-02 07:23:32,136 [Listener at 127.0.0.1/38259] INFO  ozone.MiniOzoneClusterImpl (MiniOzoneClusterImpl.java:lambda$waitForClusterToBeReady$0(223)) - Waiting for nodes to be ready. Got 4 of 5 DN Heartbeats.
2022-07-02 07:23:32,137 [Listener at 127.0.0.1/38259] INFO  ozone.MiniOzoneClusterImpl (MiniOzoneClusterImpl.java:lambda$waitForClusterToBeReady$0(226)) - Waiting for cluster to exit safe mode
2022-07-02 07:23:32,137 [Listener at 127.0.0.1/38259] INFO  ozone.MiniOzoneClusterImpl (MiniOzoneClusterImpl.java:lambda$waitForClusterToBeReady$0(228)) - SCM became leader
2022-07-02 07:23:33,140 [Listener at 127.0.0.1/38259] INFO  ozone.MiniOzoneClusterImpl (MiniOzoneClusterImpl.java:lambda$waitForClusterToBeReady$0(223)) - Waiting for nodes to be ready. Got 4 of 5 DN Heartbeats.
2022-07-02 07:23:33,140 [Listener at 127.0.0.1/38259] INFO  ozone.MiniOzoneClusterImpl (MiniOzoneClusterImpl.java:lambda$waitForClusterToBeReady$0(226)) - Waiting for cluster to exit safe mode
2022-07-02 07:23:33,140 [Listener at 127.0.0.1/38259] INFO  ozone.MiniOzoneClusterImpl (MiniOzoneClusterImpl.java:lambda$waitForClusterToBeReady$0(228)) - SCM became leader
2022-07-02 07:23:33,164 [IPC Server handler 2 on default port 37081] INFO  net.NetworkTopologyImpl (NetworkTopologyImpl.java:add(112)) - Added a new node: /default-rack/5c96909e-6d7d-4877-8367-f30c632a1483
2022-07-02 07:23:33,164 [IPC Server handler 2 on default port 37081] INFO  node.SCMNodeManager (SCMNodeManager.java:register(397)) - Registered Data node : 5c96909e-6d7d-4877-8367-f30c632a1483{ip: 10.1.0.20, host: fv-az444-838.dthhdds2jluu1c0oa55ndv1hsg.dx.internal.cloudapp.net, ports: [REPLICATION=40817, RATIS=39903, RATIS_ADMIN=39903, RATIS_SERVER=39903, STANDALONE=40513], networkLocation: /default-rack, certSerialId: null, persistedOpState: null, persistedOpStateExpiryEpochSec: 0}
2022-07-02 07:23:33,164 [EventQueue-NewNodeForNewNodeHandler] INFO  pipeline.BackgroundPipelineCreator (BackgroundPipelineCreator.java:notifyEventTriggered(275)) - trigger a one-shot run on RatisPipelineUtilsThread.
2022-07-02 07:23:33,165 [RatisPipelineUtilsThread - 0] INFO  pipeline.RatisPipelineProvider (RatisPipelineProvider.java:lambda$create$0(195)) - Sending CreatePipelineCommand for pipeline:PipelineID=3729db80-01a4-4753-9d71-7588c3e5e828 to datanode:5c96909e-6d7d-4877-8367-f30c632a1483
2022-07-02 07:23:33,165 [RatisPipelineUtilsThread - 0] INFO  pipeline.PipelineStateManagerImpl (PipelineStateManagerImpl.java:addPipeline(101)) - Created pipeline Pipeline[ Id: 3729db80-01a4-4753-9d71-7588c3e5e828, Nodes: 5c96909e-6d7d-4877-8367-f30c632a1483{ip: 10.1.0.20, host: fv-az444-838.dthhdds2jluu1c0oa55ndv1hsg.dx.internal.cloudapp.net, ports: [REPLICATION=40817, RATIS=39903, RATIS_ADMIN=39903, RATIS_SERVER=39903, STANDALONE=40513], networkLocation: /default-rack, certSerialId: null, persistedOpState: IN_SERVICE, persistedOpStateExpiryEpochSec: 0}, ReplicationConfig: RATIS/ONE, State:ALLOCATED, leaderId:, CreationTimestamp2022-07-02T07:23:33.165Z[Etc/UTC]].
2022-07-02 07:23:34,144 [Listener at 127.0.0.1/38259] INFO  ozone.MiniOzoneClusterImpl (MiniOzoneClusterImpl.java:lambda$waitForClusterToBeReady$0(223)) - Nodes are ready. Got 5 of 5 DN Heartbeats.
2022-07-02 07:23:34,144 [Listener at 127.0.0.1/38259] INFO  ozone.MiniOzoneClusterImpl (MiniOzoneClusterImpl.java:lambda$waitForClusterToBeReady$0(226)) - Waiting for cluster to exit safe mode
2022-07-02 07:23:34,144 [Listener at 127.0.0.1/38259] INFO  ozone.MiniOzoneClusterImpl (MiniOzoneClusterImpl.java:lambda$waitForClusterToBeReady$0(228)) - SCM became leader
2022-07-02 07:23:34,408 [Command processor thread] INFO  server.RaftServer (RaftServerProxy.java:addNew(96)) - 8ee9ea94-b7aa-4256-9521-78badb6f68ce: addNew group-520D126B2A61:[8ee9ea94-b7aa-4256-9521-78badb6f68ce|rpc:10.1.0.20:42261|priority:1] returns group-520D126B2A61:java.util.concurrent.CompletableFuture@60f94549[Not completed]
2022-07-02 07:23:34,453 [pool-917-thread-1] INFO  server.RaftServer$Division (RaftServerImpl.java:<init>(190)) - 8ee9ea94-b7aa-4256-9521-78badb6f68ce: new RaftServerImpl for group-520D126B2A61:[8ee9ea94-b7aa-4256-9521-78badb6f68ce|rpc:10.1.0.20:42261|priority:1] with ContainerStateMachine:uninitialized
2022-07-02 07:23:34,453 [pool-917-thread-1] INFO  server.RaftServerConfigKeys (ConfUtils.java:logGet(46)) - raft.server.rpc.timeout.min = 5s (custom)
2022-07-02 07:23:34,453 [pool-917-thread-1] INFO  server.RaftServerConfigKeys (ConfUtils.java:logGet(46)) - raft.server.rpc.timeout.max = 5200ms (custom)
2022-07-02 07:23:34,453 [pool-917-thread-1] INFO  server.RaftServerConfigKeys (ConfUtils.java:logGet(46)) - raft.server.rpc.sleep.time = 25ms (default)
2022-07-02 07:23:34,453 [pool-917-thread-1] INFO  server.RaftServerConfigKeys (ConfUtils.java:logGet(46)) - raft.server.rpc.slowness.timeout = 300s (custom)
2022-07-02 07:23:34,454 [pool-917-thread-1] INFO  server.RaftServerConfigKeys (ConfUtils.java:logGet(46)) - raft.server.leaderelection.leader.step-down.wait-time = 10s (default)
2022-07-02 07:23:34,454 [pool-917-thread-1] INFO  server.RaftServerConfigKeys (ConfUtils.java:logGet(46)) - raft.server.sleep.deviation.threshold = 300ms (default)
2022-07-02 07:23:34,454 [pool-917-thread-1] INFO  server.RaftServer$Division (ServerState.java:<init>(107)) - 8ee9ea94-b7aa-4256-9521-78badb6f68ce@group-520D126B2A61: ConfigurationManager, init=-1: [8ee9ea94-b7aa-4256-9521-78badb6f68ce|rpc:10.1.0.20:42261|priority:1], old=null, confs=<EMPTY_MAP>
2022-07-02 07:23:34,454 [pool-917-thread-1] INFO  server.RaftServerConfigKeys (ConfUtils.java:logGet(46)) - raft.server.storage.dir = [/home/runner/work/ozone/ozone/hadoop-ozone/integration-test/target/test-dir/MiniOzoneClusterImpl-0529b123-343e-47c8-b09a-e64196ae32df/datanode-3/data/ratis] (custom)
2022-07-02 07:23:34,454 [pool-917-thread-1] INFO  server.RaftServerConfigKeys (ConfUtils.java:logGet(46)) - raft.server.log.corruption.policy = EXCEPTION (default)
2022-07-02 07:23:34,454 [pool-917-thread-1] INFO  server.RaftServerConfigKeys (ConfUtils.java:logGet(46)) - raft.server.storage.free-space.min = 0MB (=0) (default)
2022-07-02 07:23:34,454 [pool-917-thread-1] INFO  storage.RaftStorageDirectory (RaftStorageDirectoryImpl.java:analyzeStorage(135)) - The storage directory /home/runner/work/ozone/ozone/hadoop-ozone/integration-test/target/test-dir/MiniOzoneClusterImpl-0529b123-343e-47c8-b09a-e64196ae32df/datanode-3/data/ratis/ddd9f0bb-8c04-491f-a827-520d126b2a61 does not exist. Creating ...
2022-07-02 07:23:34,456 [pool-917-thread-1] INFO  storage.RaftStorageDirectory (RaftStorageDirectoryImpl.java:tryLock(230)) - Lock on /home/runner/work/ozone/ozone/hadoop-ozone/integration-test/target/test-dir/MiniOzoneClusterImpl-0529b123-343e-47c8-b09a-e64196ae32df/datanode-3/data/ratis/ddd9f0bb-8c04-491f-a827-520d126b2a61/in_use.lock acquired by nodename 16391@fv-az444-838
2022-07-02 07:23:34,459 [pool-917-thread-1] INFO  storage.RaftStorage (RaftStorageImpl.java:format(89)) - Storage directory /home/runner/work/ozone/ozone/hadoop-ozone/integration-test/target/test-dir/MiniOzoneClusterImpl-0529b123-343e-47c8-b09a-e64196ae32df/datanode-3/data/ratis/ddd9f0bb-8c04-491f-a827-520d126b2a61 has been successfully formatted.
2022-07-02 07:23:34,484 [pool-917-thread-1] INFO  ratis.ContainerStateMachine (ContainerStateMachine.java:loadSnapshot(236)) - group-520D126B2A61: The snapshot info is null. Setting the last applied indexto:(t:0, i:~)
2022-07-02 07:23:34,484 [pool-917-thread-1] INFO  server.RaftServerConfigKeys (ConfUtils.java:logGet(46)) - raft.server.notification.no-leader.timeout = 300s (custom)
2022-07-02 07:23:34,484 [pool-917-thread-1] INFO  server.RaftServerConfigKeys (ConfUtils.java:logGet(46)) - raft.server.log.use.memory = false (default)
2022-07-02 07:23:34,484 [pool-917-thread-1] INFO  server.RaftServerConfigKeys (ConfUtils.java:logGet(46)) - raft.server.log.purge.gap = 1000000 (custom)
2022-07-02 07:23:34,484 [pool-917-thread-1] INFO  server.RaftServerConfigKeys (ConfUtils.java:logGet(46)) - raft.server.log.appender.buffer.byte-limit = 33554432 (custom)
2022-07-02 07:23:34,484 [pool-917-thread-1] INFO  server.RaftServerConfigKeys (ConfUtils.java:logGet(46)) - raft.server.log.statemachine.data.read.timeout = 1000ms (default)
2022-07-02 07:23:34,485 [pool-917-thread-1] INFO  server.RaftServerConfigKeys (ConfUtils.java:logGet(46)) - raft.server.log.segment.size.max = 1048576 (custom)
2022-07-02 07:23:34,485 [pool-917-thread-1] INFO  server.RaftServerConfigKeys (ConfUtils.java:logGet(46)) - raft.server.log.segment.cache.num.max = 2 (custom)
2022-07-02 07:23:34,485 [pool-917-thread-1] INFO  server.RaftServerConfigKeys (ConfUtils.java:logGet(46)) - raft.server.log.segment.cache.size.max = 200MB (=209715200) (default)
2022-07-02 07:23:34,485 [pool-917-thread-1] INFO  segmented.SegmentedRaftLogWorker (SegmentedRaftLogWorker.java:<init>(187)) - new 8ee9ea94-b7aa-4256-9521-78badb6f68ce@group-520D126B2A61-SegmentedRaftLogWorker for RaftStorageImpl:Storage Directory /home/runner/work/ozone/ozone/hadoop-ozone/integration-test/target/test-dir/MiniOzoneClusterImpl-0529b123-343e-47c8-b09a-e64196ae32df/datanode-3/data/ratis/ddd9f0bb-8c04-491f-a827-520d126b2a61
2022-07-02 07:23:34,485 [pool-917-thread-1] INFO  server.RaftServerConfigKeys (ConfUtils.java:logGet(46)) - raft.server.log.queue.byte-limit = 4294967296 (custom)
2022-07-02 07:23:34,485 [pool-917-thread-1] INFO  server.RaftServerConfigKeys (ConfUtils.java:logGet(46)) - raft.server.log.queue.element-limit = 1024 (custom)
2022-07-02 07:23:34,485 [pool-917-thread-1] INFO  server.RaftServerConfigKeys (ConfUtils.java:logGet(46)) - raft.server.log.segment.size.max = 1048576 (custom)
2022-07-02 07:23:34,485 [pool-917-thread-1] INFO  server.RaftServerConfigKeys (ConfUtils.java:logGet(46)) - raft.server.log.preallocated.size = 16384 (custom)
2022-07-02 07:23:34,485 [pool-917-thread-1] INFO  server.RaftServerConfigKeys (ConfUtils.java:logGet(46)) - raft.server.log.force.sync.num = 128 (default)
2022-07-02 07:23:34,485 [pool-917-thread-1] INFO  server.RaftServerConfigKeys (ConfUtils.java:logGet(46)) - raft.server.log.statemachine.data.sync = true (default)
2022-07-02 07:23:34,485 [pool-917-thread-1] INFO  server.RaftServerConfigKeys (ConfUtils.java:logGet(46)) - raft.server.log.statemachine.data.sync.timeout = 10s (default)
2022-07-02 07:23:34,485 [pool-917-thread-1] INFO  server.RaftServerConfigKeys (ConfUtils.java:logGet(46)) - raft.server.log.statemachine.data.sync.timeout.retry = -1 (default)
2022-07-02 07:23:34,486 [pool-917-thread-1] INFO  server.RaftServerConfigKeys (ConfUtils.java:logGet(46)) - raft.server.log.write.buffer.size = 1048576 (custom)
2022-07-02 07:23:34,487 [pool-917-thread-1] INFO  server.RaftServerConfigKeys (ConfUtils.java:logGet(46)) - raft.server.log.unsafe-flush.enabled = false (default)
2022-07-02 07:23:34,487 [pool-917-thread-1] INFO  server.RaftServerConfigKeys (ConfUtils.java:logGet(46)) - raft.server.log.statemachine.data.caching.enabled = true (custom)
2022-07-02 07:23:34,488 [pool-917-thread-1] INFO  segmented.SegmentedRaftLogWorker (SegmentedRaftLogWorker.java:lambda$new$0(135)) - 8ee9ea94-b7aa-4256-9521-78badb6f68ce@group-520D126B2A61-SegmentedRaftLogWorker: flushIndex: setUnconditionally 0 -> -1
2022-07-02 07:23:34,488 [pool-917-thread-1] INFO  segmented.SegmentedRaftLogWorker (SegmentedRaftLogWorker.java:lambda$new$0(135)) - 8ee9ea94-b7aa-4256-9521-78badb6f68ce@group-520D126B2A61-SegmentedRaftLogWorker: safeCacheEvictIndex: setUnconditionally 0 -> -1
2022-07-02 07:23:34,498 [pool-917-thread-1] INFO  server.RaftServerConfigKeys (ConfUtils.java:logGet(46)) - raft.server.snapshot.auto.trigger.enabled = true (custom)
2022-07-02 07:23:34,498 [pool-917-thread-1] INFO  server.RaftServerConfigKeys (ConfUtils.java:logGet(46)) - raft.server.snapshot.auto.trigger.threshold = 10000 (custom)
2022-07-02 07:23:34,499 [pool-917-thread-1] INFO  server.RaftServerConfigKeys (ConfUtils.java:logGet(46)) - raft.server.snapshot.retention.file.num = 5 (custom)
2022-07-02 07:23:34,499 [pool-917-thread-1] INFO  server.RaftServerConfigKeys (ConfUtils.java:logGet(46)) - raft.server.log.purge.upto.snapshot.index = false (default)
2022-07-02 07:23:34,499 [pool-917-thread-1] INFO  server.RaftServerConfigKeys (ConfUtils.java:logGet(46)) - raft.server.retrycache.expirytime = 600000ms (custom)
2022-07-02 07:23:34,499 [pool-917-thread-1] INFO  server.RaftServerConfigKeys (ConfUtils.java:logGet(46)) - raft.server.retrycache.statistics.expirytime = 100μs (default)
2022-07-02 07:23:34,499 [EventQueue-PipelineReportForPipelineReportHandler] INFO  pipeline.PipelineManagerImpl (PipelineManagerImpl.java:openPipeline(358)) - Pipeline Pipeline[ Id: ddd9f0bb-8c04-491f-a827-520d126b2a61, Nodes: 8ee9ea94-b7aa-4256-9521-78badb6f68ce{ip: 10.1.0.20, host: fv-az444-838.dthhdds2jluu1c0oa55ndv1hsg.dx.internal.cloudapp.net, ports: [REPLICATION=44871, RATIS=42261, RATIS_ADMIN=42261, RATIS_SERVER=42261, STANDALONE=36669], networkLocation: /default-rack, certSerialId: null, persistedOpState: IN_SERVICE, persistedOpStateExpiryEpochSec: 0}, ReplicationConfig: RATIS/ONE, State:ALLOCATED, leaderId:8ee9ea94-b7aa-4256-9521-78badb6f68ce, CreationTimestamp2022-07-02T07:23:31.436Z[Etc/UTC]] moved to OPEN state
2022-07-02 07:23:34,500 [EventQueue-OpenPipelineForHealthyPipelineSafeModeRule] INFO  safemode.SCMSafeModeManager (HealthyPipelineSafeModeRule.java:process(124)) - SCM in safe mode. Healthy pipelines reported count is 0, required healthy pipeline reported count is 1
2022-07-02 07:23:34,500 [pool-917-thread-1] INFO  server.RaftServerConfigKeys (ConfUtils.java:logGet(46)) - raft.server.log.appender.install.snapshot.enabled = false (custom)
2022-07-02 07:23:34,500 [pool-917-thread-1] INFO  server.RaftServerConfigKeys (ConfUtils.java:logGet(46)) - raft.server.threadpool.server.cached = true (default)
2022-07-02 07:23:34,500 [pool-917-thread-1] INFO  server.RaftServerConfigKeys (ConfUtils.java:logGet(46)) - raft.server.threadpool.server.size = 0 (default)
2022-07-02 07:23:34,500 [pool-917-thread-1] INFO  server.RaftServerConfigKeys (ConfUtils.java:logGet(46)) - raft.server.threadpool.client.cached = true (default)
2022-07-02 07:23:34,500 [pool-917-thread-1] INFO  server.RaftServerConfigKeys (ConfUtils.java:logGet(46)) - raft.server.threadpool.client.size = 0 (default)
2022-07-02 07:23:34,501 [pool-917-thread-1] INFO  server.RaftServer$Division (RaftServerImpl.java:start(310)) - 8ee9ea94-b7aa-4256-9521-78badb6f68ce@group-520D126B2A61: start as a follower, conf=-1: [8ee9ea94-b7aa-4256-9521-78badb6f68ce|rpc:10.1.0.20:42261|priority:1], old=null
2022-07-02 07:23:34,501 [pool-917-thread-1] INFO  server.RaftServer$Division (RaftServerImpl.java:setRole(299)) - 8ee9ea94-b7aa-4256-9521-78badb6f68ce@group-520D126B2A61: changes role from      null to FOLLOWER at term 0 for startAsFollower
2022-07-02 07:23:34,501 [pool-917-thread-1] INFO  impl.RoleInfo (RoleInfo.java:updateAndGet(139)) - 8ee9ea94-b7aa-4256-9521-78badb6f68ce: start 8ee9ea94-b7aa-4256-9521-78badb6f68ce@group-520D126B2A61-FollowerState
2022-07-02 07:23:34,512 [pool-917-thread-1] INFO  util.JmxRegister (JmxRegister.java:tryRegister(44)) - Successfully registered JMX Bean with object name Ratis:service=RaftServer,group=group-520D126B2A61,id=8ee9ea94-b7aa-4256-9521-78badb6f68ce
2022-07-02 07:23:34,517 [Command processor thread] INFO  ratis.XceiverServerRatis (XceiverServerRatis.java:addGroup(765)) - Created group PipelineID=ddd9f0bb-8c04-491f-a827-520d126b2a61
2022-07-02 07:23:34,517 [Command processor thread] INFO  commandhandler.CreatePipelineCommandHandler (CreatePipelineCommandHandler.java:handle(113)) - Created Pipeline RATIS ONE PipelineID=ddd9f0bb-8c04-491f-a827-520d126b2a61.
2022-07-02 07:23:34,853 [62d41a72-c69a-4c51-8969-57edf65cfd32@group-F3DB0B2B3B31-FollowerState] INFO  impl.FollowerState (FollowerState.java:run(143)) - 62d41a72-c69a-4c51-8969-57edf65cfd32@group-F3DB0B2B3B31-FollowerState: change to CANDIDATE, lastRpcElapsedTime:5009607924ns, electionTimeout:5000ms
2022-07-02 07:23:34,854 [62d41a72-c69a-4c51-8969-57edf65cfd32@group-F3DB0B2B3B31-FollowerState] INFO  impl.RoleInfo (RoleInfo.java:shutdownFollowerState(110)) - 62d41a72-c69a-4c51-8969-57edf65cfd32: shutdown 62d41a72-c69a-4c51-8969-57edf65cfd32@group-F3DB0B2B3B31-FollowerState
2022-07-02 07:23:34,854 [62d41a72-c69a-4c51-8969-57edf65cfd32@group-F3DB0B2B3B31-FollowerState] INFO  server.RaftServer$Division (RaftServerImpl.java:setRole(299)) - 62d41a72-c69a-4c51-8969-57edf65cfd32@group-F3DB0B2B3B31: changes role from  FOLLOWER to CANDIDATE at term 0 for changeToCandidate
2022-07-02 07:23:34,854 [62d41a72-c69a-4c51-8969-57edf65cfd32@group-F3DB0B2B3B31-FollowerState] INFO  server.RaftServerConfigKeys (ConfUtils.java:logGet(46)) - raft.server.leaderelection.pre-vote = false (custom)
2022-07-02 07:23:34,854 [62d41a72-c69a-4c51-8969-57edf65cfd32@group-F3DB0B2B3B31-FollowerState] INFO  impl.RoleInfo (RoleInfo.java:updateAndGet(139)) - 62d41a72-c69a-4c51-8969-57edf65cfd32: start 62d41a72-c69a-4c51-8969-57edf65cfd32@group-F3DB0B2B3B31-LeaderElection34
2022-07-02 07:23:34,925 [62d41a72-c69a-4c51-8969-57edf65cfd32@group-F3DB0B2B3B31-LeaderElection34] INFO  impl.LeaderElection (LeaderElection.java:askForVotes(310)) - 62d41a72-c69a-4c51-8969-57edf65cfd32@group-F3DB0B2B3B31-LeaderElection34 ELECTION round 0: submit vote requests at term 1 for -1: [62d41a72-c69a-4c51-8969-57edf65cfd32|rpc:10.1.0.20:44989|priority:1], old=null
2022-07-02 07:23:34,926 [62d41a72-c69a-4c51-8969-57edf65cfd32@group-F3DB0B2B3B31-LeaderElection34] INFO  impl.LeaderElection (LeaderElection.java:askForVotes(312)) - 62d41a72-c69a-4c51-8969-57edf65cfd32@group-F3DB0B2B3B31-LeaderElection34 ELECTION round 0: result PASSED (term=1)
2022-07-02 07:23:34,926 [62d41a72-c69a-4c51-8969-57edf65cfd32@group-F3DB0B2B3B31-LeaderElection34] INFO  impl.RoleInfo (RoleInfo.java:shutdownLeaderElection(130)) - 62d41a72-c69a-4c51-8969-57edf65cfd32: shutdown 62d41a72-c69a-4c51-8969-57edf65cfd32@group-F3DB0B2B3B31-LeaderElection34
2022-07-02 07:23:34,926 [62d41a72-c69a-4c51-8969-57edf65cfd32@group-F3DB0B2B3B31-LeaderElection34] INFO  server.RaftServer$Division (RaftServerImpl.java:setRole(299)) - 62d41a72-c69a-4c51-8969-57edf65cfd32@group-F3DB0B2B3B31: changes role from CANDIDATE to LEADER at term 1 for changeToLeader
2022-07-02 07:23:34,926 [62d41a72-c69a-4c51-8969-57edf65cfd32@group-F3DB0B2B3B31-LeaderElection34] INFO  ratis.XceiverServerRatis (XceiverServerRatis.java:handleLeaderChangedNotification(863)) - Leader change notification received for group: group-F3DB0B2B3B31 with new leaderId: 62d41a72-c69a-4c51-8969-57edf65cfd32
2022-07-02 07:23:34,926 [62d41a72-c69a-4c51-8969-57edf65cfd32@group-F3DB0B2B3B31-LeaderElection34] INFO  server.RaftServer$Division (ServerState.java:setLeader(287)) - 62d41a72-c69a-4c51-8969-57edf65cfd32@group-F3DB0B2B3B31: change Leader from null to 62d41a72-c69a-4c51-8969-57edf65cfd32 at term 1 for becomeLeader, leader elected after 5088ms
2022-07-02 07:23:34,926 [62d41a72-c69a-4c51-8969-57edf65cfd32@group-F3DB0B2B3B31-LeaderElection34] INFO  server.RaftServerConfigKeys (ConfUtils.java:logGet(46)) - raft.server.staging.catchup.gap = 1000 (default)
2022-07-02 07:23:34,926 [62d41a72-c69a-4c51-8969-57edf65cfd32@group-F3DB0B2B3B31-LeaderElection34] INFO  server.RaftServerConfigKeys (ConfUtils.java:logGet(46)) - raft.server.write.element-limit = 1024 (custom)
2022-07-02 07:23:34,926 [62d41a72-c69a-4c51-8969-57edf65cfd32@group-F3DB0B2B3B31-LeaderElection34] INFO  server.RaftServerConfigKeys (ConfUtils.java:logGet(46)) - raft.server.write.byte-limit = 1024 M (=1073741824) (custom)
2022-07-02 07:23:34,927 [62d41a72-c69a-4c51-8969-57edf65cfd32@group-F3DB0B2B3B31-LeaderElection34] INFO  server.RaftServerConfigKeys (ConfUtils.java:logGet(46)) - raft.server.watch.timeout = 180s (custom)
2022-07-02 07:23:34,927 [62d41a72-c69a-4c51-8969-57edf65cfd32@group-F3DB0B2B3B31-LeaderElection34] INFO  server.RaftServerConfigKeys (ConfUtils.java:logGet(46)) - raft.server.watch.timeout.denomination = 1s (default)
2022-07-02 07:23:34,927 [EventQueue-OpenPipelineForHealthyPipelineSafeModeRule] INFO  safemode.SCMSafeModeManager (HealthyPipelineSafeModeRule.java:process(124)) - SCM in safe mode. Healthy pipelines reported count is 0, required healthy pipeline reported count is 1
2022-07-02 07:23:34,936 [62d41a72-c69a-4c51-8969-57edf65cfd32@group-F3DB0B2B3B31-LeaderElection34] INFO  server.RaftServerConfigKeys (ConfUtils.java:logGet(46)) - raft.server.watch.element-limit = 65536 (default)
2022-07-02 07:23:34,936 [62d41a72-c69a-4c51-8969-57edf65cfd32@group-F3DB0B2B3B31-LeaderElection34] INFO  server.RaftServerConfigKeys (ConfUtils.java:logGet(46)) - raft.server.write.element-limit = 1024 (custom)
2022-07-02 07:23:34,936 [62d41a72-c69a-4c51-8969-57edf65cfd32@group-F3DB0B2B3B31-LeaderElection34] INFO  server.RaftServerConfigKeys (ConfUtils.java:logGet(46)) - raft.server.write.follower.gap.ratio.max = -1.0 (default)
2022-07-02 07:23:34,936 [62d41a72-c69a-4c51-8969-57edf65cfd32@group-F3DB0B2B3B31-LeaderElection34] INFO  impl.RoleInfo (RoleInfo.java:updateAndGet(139)) - 62d41a72-c69a-4c51-8969-57edf65cfd32: start 62d41a72-c69a-4c51-8969-57edf65cfd32@group-F3DB0B2B3B31-LeaderStateImpl
2022-07-02 07:23:34,937 [62d41a72-c69a-4c51-8969-57edf65cfd32@group-F3DB0B2B3B31-LeaderElection34] INFO  segmented.SegmentedRaftLogWorker (SegmentedRaftLogWorker.java:startLogSegment(425)) - 62d41a72-c69a-4c51-8969-57edf65cfd32@group-F3DB0B2B3B31-SegmentedRaftLogWorker: Starting segment from index:0
2022-07-02 07:23:34,940 [62d41a72-c69a-4c51-8969-57edf65cfd32@group-F3DB0B2B3B31-SegmentedRaftLogWorker] INFO  segmented.SegmentedRaftLogWorker (SegmentedRaftLogWorker.java:execute(629)) - 62d41a72-c69a-4c51-8969-57edf65cfd32@group-F3DB0B2B3B31-SegmentedRaftLogWorker: created new log segment /home/runner/work/ozone/ozone/hadoop-ozone/integration-test/target/test-dir/MiniOzoneClusterImpl-0529b123-343e-47c8-b09a-e64196ae32df/datanode-0/data/ratis/90fa2573-04f9-483b-84ff-f3db0b2b3b31/current/log_inprogress_0
2022-07-02 07:23:34,957 [62d41a72-c69a-4c51-8969-57edf65cfd32@group-F3DB0B2B3B31-LeaderElection34] INFO  server.RaftServer$Division (ServerState.java:setRaftConf(393)) - 62d41a72-c69a-4c51-8969-57edf65cfd32@group-F3DB0B2B3B31: set configuration 0: [62d41a72-c69a-4c51-8969-57edf65cfd32|rpc:10.1.0.20:44989|dataStream:|priority:1], old=null
2022-07-02 07:23:35,153 [62d41a72-c69a-4c51-8969-57edf65cfd32@group-88C20260634D-FollowerState] INFO  impl.FollowerState (FollowerState.java:run(143)) - 62d41a72-c69a-4c51-8969-57edf65cfd32@group-88C20260634D-FollowerState: change to CANDIDATE, lastRpcElapsedTime:5226727857ns, electionTimeout:5197ms
2022-07-02 07:23:35,153 [Listener at 127.0.0.1/38259] INFO  ozone.MiniOzoneClusterImpl (MiniOzoneClusterImpl.java:lambda$waitForClusterToBeReady$0(223)) - Nodes are ready. Got 5 of 5 DN Heartbeats.
2022-07-02 07:23:35,153 [Listener at 127.0.0.1/38259] INFO  ozone.MiniOzoneClusterImpl (MiniOzoneClusterImpl.java:lambda$waitForClusterToBeReady$0(226)) - Waiting for cluster to exit safe mode
2022-07-02 07:23:35,153 [Listener at 127.0.0.1/38259] INFO  ozone.MiniOzoneClusterImpl (MiniOzoneClusterImpl.java:lambda$waitForClusterToBeReady$0(228)) - SCM became leader
2022-07-02 07:23:35,153 [62d41a72-c69a-4c51-8969-57edf65cfd32@group-88C20260634D-FollowerState] INFO  impl.RoleInfo (RoleInfo.java:shutdownFollowerState(110)) - 62d41a72-c69a-4c51-8969-57edf65cfd32: shutdown 62d41a72-c69a-4c51-8969-57edf65cfd32@group-88C20260634D-FollowerState
2022-07-02 07:23:35,159 [62d41a72-c69a-4c51-8969-57edf65cfd32@group-88C20260634D-FollowerState] INFO  server.RaftServer$Division (RaftServerImpl.java:setRole(299)) - 62d41a72-c69a-4c51-8969-57edf65cfd32@group-88C20260634D: changes role from  FOLLOWER to CANDIDATE at term 0 for changeToCandidate
2022-07-02 07:23:35,159 [62d41a72-c69a-4c51-8969-57edf65cfd32@group-88C20260634D-FollowerState] INFO  server.RaftServerConfigKeys (ConfUtils.java:logGet(46)) - raft.server.leaderelection.pre-vote = false (custom)
2022-07-02 07:23:35,159 [62d41a72-c69a-4c51-8969-57edf65cfd32@group-88C20260634D-FollowerState] INFO  impl.RoleInfo (RoleInfo.java:updateAndGet(139)) - 62d41a72-c69a-4c51-8969-57edf65cfd32: start 62d41a72-c69a-4c51-8969-57edf65cfd32@group-88C20260634D-LeaderElection35
2022-07-02 07:23:35,232 [62d41a72-c69a-4c51-8969-57edf65cfd32@group-88C20260634D-LeaderElection35] INFO  impl.LeaderElection (LeaderElection.java:askForVotes(310)) - 62d41a72-c69a-4c51-8969-57edf65cfd32@group-88C20260634D-LeaderElection35 ELECTION round 0: submit vote requests at term 1 for -1: [62d41a72-c69a-4c51-8969-57edf65cfd32|rpc:10.1.0.20:44989|priority:0, c36488b4-ebfd-4b41-ac5a-8203e4b42905|rpc:10.1.0.20:40803|priority:1, d727aa53-777d-4565-b781-b847e62e7de2|rpc:10.1.0.20:38235|priority:0], old=null
2022-07-02 07:23:35,261 [grpc-default-executor-1] INFO  server.RaftServer$Division (RaftServerImpl.java:requestVote(1152)) - c36488b4-ebfd-4b41-ac5a-8203e4b42905@group-88C20260634D: receive requestVote(ELECTION, 62d41a72-c69a-4c51-8969-57edf65cfd32, group-88C20260634D, 1, (t:0, i:0))
2022-07-02 07:23:35,261 [grpc-default-executor-1] INFO  impl.VoteContext (VoteContext.java:log(48)) - c36488b4-ebfd-4b41-ac5a-8203e4b42905@group-88C20260634D-FOLLOWER: reject ELECTION from 62d41a72-c69a-4c51-8969-57edf65cfd32: our priority 1 > candidate's priority 0
2022-07-02 07:23:35,261 [grpc-default-executor-1] INFO  server.RaftServer$Division (RaftServerImpl.java:setRole(299)) - c36488b4-ebfd-4b41-ac5a-8203e4b42905@group-88C20260634D: changes role from  FOLLOWER to FOLLOWER at term 1 for candidate:62d41a72-c69a-4c51-8969-57edf65cfd32
2022-07-02 07:23:35,261 [grpc-default-executor-1] INFO  impl.RoleInfo (RoleInfo.java:shutdownFollowerState(110)) - c36488b4-ebfd-4b41-ac5a-8203e4b42905: shutdown c36488b4-ebfd-4b41-ac5a-8203e4b42905@group-88C20260634D-FollowerState
2022-07-02 07:23:35,261 [grpc-default-executor-1] INFO  impl.RoleInfo (RoleInfo.java:updateAndGet(139)) - c36488b4-ebfd-4b41-ac5a-8203e4b42905: start c36488b4-ebfd-4b41-ac5a-8203e4b42905@group-88C20260634D-FollowerState
2022-07-02 07:23:35,261 [c36488b4-ebfd-4b41-ac5a-8203e4b42905@group-88C20260634D-FollowerState] INFO  impl.FollowerState (FollowerState.java:run(152)) - c36488b4-ebfd-4b41-ac5a-8203e4b42905@group-88C20260634D-FollowerState was interrupted
2022-07-02 07:23:35,263 [grpc-default-executor-1] INFO  server.RaftServer$Division (RaftServerImpl.java:requestVote(1184)) - c36488b4-ebfd-4b41-ac5a-8203e4b42905@group-88C20260634D replies to ELECTION vote request: 62d41a72-c69a-4c51-8969-57edf65cfd32<-c36488b4-ebfd-4b41-ac5a-8203e4b42905#0:FAIL-t1. Peer's state: c36488b4-ebfd-4b41-ac5a-8203e4b42905@group-88C20260634D:t1, leader=null, voted=null, raftlog=c36488b4-ebfd-4b41-ac5a-8203e4b42905@group-88C20260634D-SegmentedRaftLog:OPENED:c-1, conf=-1: [62d41a72-c69a-4c51-8969-57edf65cfd32|rpc:10.1.0.20:44989|dataStream:|priority:0, c36488b4-ebfd-4b41-ac5a-8203e4b42905|rpc:10.1.0.20:40803|dataStream:|priority:1, d727aa53-777d-4565-b781-b847e62e7de2|rpc:10.1.0.20:38235|dataStream:|priority:0], old=null
2022-07-02 07:23:35,272 [62d41a72-c69a-4c51-8969-57edf65cfd32@group-88C20260634D-LeaderElection35] INFO  impl.LeaderElection (LeaderElection.java:logAndReturn(90)) - 62d41a72-c69a-4c51-8969-57edf65cfd32@group-88C20260634D-LeaderElection35: ELECTION REJECTED received 1 response(s) and 0 exception(s):
2022-07-02 07:23:35,272 [62d41a72-c69a-4c51-8969-57edf65cfd32@group-88C20260634D-LeaderElection35] INFO  impl.LeaderElection (LeaderElection.java:logAndReturn(94)) -   Response 0: 62d41a72-c69a-4c51-8969-57edf65cfd32<-c36488b4-ebfd-4b41-ac5a-8203e4b42905#0:FAIL-t1
2022-07-02 07:23:35,272 [62d41a72-c69a-4c51-8969-57edf65cfd32@group-88C20260634D-LeaderElection35] INFO  impl.LeaderElection (LeaderElection.java:askForVotes(312)) - 62d41a72-c69a-4c51-8969-57edf65cfd32@group-88C20260634D-LeaderElection35 ELECTION round 0: result REJECTED
2022-07-02 07:23:35,272 [62d41a72-c69a-4c51-8969-57edf65cfd32@group-88C20260634D-LeaderElection35] INFO  server.RaftServer$Division (RaftServerImpl.java:setRole(299)) - 62d41a72-c69a-4c51-8969-57edf65cfd32@group-88C20260634D: changes role from CANDIDATE to FOLLOWER at term 1 for REJECTED
2022-07-02 07:23:35,272 [62d41a72-c69a-4c51-8969-57edf65cfd32@group-88C20260634D-LeaderElection35] INFO  impl.RoleInfo (RoleInfo.java:shutdownLeaderElection(130)) - 62d41a72-c69a-4c51-8969-57edf65cfd32: shutdown 62d41a72-c69a-4c51-8969-57edf65cfd32@group-88C20260634D-LeaderElection35
2022-07-02 07:23:35,272 [62d41a72-c69a-4c51-8969-57edf65cfd32@group-88C20260634D-LeaderElection35] INFO  impl.RoleInfo (RoleInfo.java:updateAndGet(139)) - 62d41a72-c69a-4c51-8969-57edf65cfd32: start 62d41a72-c69a-4c51-8969-57edf65cfd32@group-88C20260634D-FollowerState
2022-07-02 07:23:35,338 [grpc-default-executor-1] INFO  server.RaftServer$Division (RaftServerImpl.java:requestVote(1152)) - d727aa53-777d-4565-b781-b847e62e7de2@group-88C20260634D: receive requestVote(ELECTION, 62d41a72-c69a-4c51-8969-57edf65cfd32, group-88C20260634D, 1, (t:0, i:0))
2022-07-02 07:23:35,339 [grpc-default-executor-1] INFO  impl.VoteContext (VoteContext.java:log(48)) - d727aa53-777d-4565-b781-b847e62e7de2@group-88C20260634D-FOLLOWER: accept ELECTION from 62d41a72-c69a-4c51-8969-57edf65cfd32: our priority 0 <= candidate's priority 0
2022-07-02 07:23:35,339 [grpc-default-executor-1] INFO  server.RaftServer$Division (RaftServerImpl.java:setRole(299)) - d727aa53-777d-4565-b781-b847e62e7de2@group-88C20260634D: changes role from  FOLLOWER to FOLLOWER at term 1 for candidate:62d41a72-c69a-4c51-8969-57edf65cfd32
2022-07-02 07:23:35,339 [grpc-default-executor-1] INFO  impl.RoleInfo (RoleInfo.java:shutdownFollowerState(110)) - d727aa53-777d-4565-b781-b847e62e7de2: shutdown d727aa53-777d-4565-b781-b847e62e7de2@group-88C20260634D-FollowerState
2022-07-02 07:23:35,339 [grpc-default-executor-1] INFO  impl.RoleInfo (RoleInfo.java:updateAndGet(139)) - d727aa53-777d-4565-b781-b847e62e7de2: start d727aa53-777d-4565-b781-b847e62e7de2@group-88C20260634D-FollowerState
2022-07-02 07:23:35,339 [d727aa53-777d-4565-b781-b847e62e7de2@group-88C20260634D-FollowerState] INFO  impl.FollowerState (FollowerState.java:run(152)) - d727aa53-777d-4565-b781-b847e62e7de2@group-88C20260634D-FollowerState was interrupted
2022-07-02 07:23:35,387 [grpc-default-executor-1] INFO  server.RaftServer$Division (RaftServerImpl.java:requestVote(1184)) - d727aa53-777d-4565-b781-b847e62e7de2@group-88C20260634D replies to ELECTION vote request: 62d41a72-c69a-4c51-8969-57edf65cfd32<-d727aa53-777d-4565-b781-b847e62e7de2#0:OK-t1. Peer's state: d727aa53-777d-4565-b781-b847e62e7de2@group-88C20260634D:t1, leader=null, voted=62d41a72-c69a-4c51-8969-57edf65cfd32, raftlog=d727aa53-777d-4565-b781-b847e62e7de2@group-88C20260634D-SegmentedRaftLog:OPENED:c-1, conf=-1: [62d41a72-c69a-4c51-8969-57edf65cfd32|rpc:10.1.0.20:44989|dataStream:|priority:0, c36488b4-ebfd-4b41-ac5a-8203e4b42905|rpc:10.1.0.20:40803|dataStream:|priority:1, d727aa53-777d-4565-b781-b847e62e7de2|rpc:10.1.0.20:38235|dataStream:|priority:0], old=null
2022-07-02 07:23:35,729 [62d41a72-c69a-4c51-8969-57edf65cfd32@group-DFAC8FC8CCEB-FollowerState] INFO  impl.FollowerState (FollowerState.java:run(143)) - 62d41a72-c69a-4c51-8969-57edf65cfd32@group-DFAC8FC8CCEB-FollowerState: change to CANDIDATE, lastRpcElapsedTime:5094627575ns, electionTimeout:5082ms
2022-07-02 07:23:35,729 [62d41a72-c69a-4c51-8969-57edf65cfd32@group-DFAC8FC8CCEB-FollowerState] INFO  impl.RoleInfo (RoleInfo.java:shutdownFollowerState(110)) - 62d41a72-c69a-4c51-8969-57edf65cfd32: shutdown 62d41a72-c69a-4c51-8969-57edf65cfd32@group-DFAC8FC8CCEB-FollowerState
2022-07-02 07:23:35,729 [62d41a72-c69a-4c51-8969-57edf65cfd32@group-DFAC8FC8CCEB-FollowerState] INFO  server.RaftServer$Division (RaftServerImpl.java:setRole(299)) - 62d41a72-c69a-4c51-8969-57edf65cfd32@group-DFAC8FC8CCEB: changes role from  FOLLOWER to CANDIDATE at term 0 for changeToCandidate
2022-07-02 07:23:35,730 [62d41a72-c69a-4c51-8969-57edf65cfd32@group-DFAC8FC8CCEB-FollowerState] INFO  server.RaftServerConfigKeys (ConfUtils.java:logGet(46)) - raft.server.leaderelection.pre-vote = false (custom)
2022-07-02 07:23:35,730 [62d41a72-c69a-4c51-8969-57edf65cfd32@group-DFAC8FC8CCEB-FollowerState] INFO  impl.RoleInfo (RoleInfo.java:updateAndGet(139)) - 62d41a72-c69a-4c51-8969-57edf65cfd32: start 62d41a72-c69a-4c51-8969-57edf65cfd32@group-DFAC8FC8CCEB-LeaderElection36
2022-07-02 07:23:35,792 [62d41a72-c69a-4c51-8969-57edf65cfd32@group-DFAC8FC8CCEB-LeaderElection36] INFO  impl.LeaderElection (LeaderElection.java:askForVotes(310)) - 62d41a72-c69a-4c51-8969-57edf65cfd32@group-DFAC8FC8CCEB-LeaderElection36 ELECTION round 0: submit vote requests at term 1 for -1: [62d41a72-c69a-4c51-8969-57edf65cfd32|rpc:10.1.0.20:44989|priority:0, c36488b4-ebfd-4b41-ac5a-8203e4b42905|rpc:10.1.0.20:40803|priority:0, d727aa53-777d-4565-b781-b847e62e7de2|rpc:10.1.0.20:38235|priority:1], old=null
2022-07-02 07:23:35,819 [grpc-default-executor-1] INFO  server.RaftServer$Division (RaftServerImpl.java:requestVote(1152)) - c36488b4-ebfd-4b41-ac5a-8203e4b42905@group-DFAC8FC8CCEB: receive requestVote(ELECTION, 62d41a72-c69a-4c51-8969-57edf65cfd32, group-DFAC8FC8CCEB, 1, (t:0, i:0))
2022-07-02 07:23:35,819 [grpc-default-executor-1] INFO  impl.VoteContext (VoteContext.java:log(48)) - c36488b4-ebfd-4b41-ac5a-8203e4b42905@group-DFAC8FC8CCEB-FOLLOWER: accept ELECTION from 62d41a72-c69a-4c51-8969-57edf65cfd32: our priority 0 <= candidate's priority 0
2022-07-02 07:23:35,819 [grpc-default-executor-1] INFO  server.RaftServer$Division (RaftServerImpl.java:setRole(299)) - c36488b4-ebfd-4b41-ac5a-8203e4b42905@group-DFAC8FC8CCEB: changes role from  FOLLOWER to FOLLOWER at term 1 for candidate:62d41a72-c69a-4c51-8969-57edf65cfd32
2022-07-02 07:23:35,819 [grpc-default-executor-1] INFO  impl.RoleInfo (RoleInfo.java:shutdownFollowerState(110)) - c36488b4-ebfd-4b41-ac5a-8203e4b42905: shutdown c36488b4-ebfd-4b41-ac5a-8203e4b42905@group-DFAC8FC8CCEB-FollowerState
2022-07-02 07:23:35,819 [grpc-default-executor-1] INFO  impl.RoleInfo (RoleInfo.java:updateAndGet(139)) - c36488b4-ebfd-4b41-ac5a-8203e4b42905: start c36488b4-ebfd-4b41-ac5a-8203e4b42905@group-DFAC8FC8CCEB-FollowerState
2022-07-02 07:23:35,819 [c36488b4-ebfd-4b41-ac5a-8203e4b42905@group-DFAC8FC8CCEB-FollowerState] INFO  impl.FollowerState (FollowerState.java:run(152)) - c36488b4-ebfd-4b41-ac5a-8203e4b42905@group-DFAC8FC8CCEB-FollowerState was interrupted
2022-07-02 07:23:35,820 [grpc-default-executor-0] INFO  server.RaftServer$Division (RaftServerImpl.java:requestVote(1152)) - d727aa53-777d-4565-b781-b847e62e7de2@group-DFAC8FC8CCEB: receive requestVote(ELECTION, 62d41a72-c69a-4c51-8969-57edf65cfd32, group-DFAC8FC8CCEB, 1, (t:0, i:0))
2022-07-02 07:23:35,820 [grpc-default-executor-0] INFO  impl.VoteContext (VoteContext.java:log(48)) - d727aa53-777d-4565-b781-b847e62e7de2@group-DFAC8FC8CCEB-FOLLOWER: reject ELECTION from 62d41a72-c69a-4c51-8969-57edf65cfd32: our priority 1 > candidate's priority 0
2022-07-02 07:23:35,820 [grpc-default-executor-0] INFO  server.RaftServer$Division (RaftServerImpl.java:setRole(299)) - d727aa53-777d-4565-b781-b847e62e7de2@group-DFAC8FC8CCEB: changes role from  FOLLOWER to FOLLOWER at term 1 for candidate:62d41a72-c69a-4c51-8969-57edf65cfd32
2022-07-02 07:23:35,820 [grpc-default-executor-0] INFO  impl.RoleInfo (RoleInfo.java:shutdownFollowerState(110)) - d727aa53-777d-4565-b781-b847e62e7de2: shutdown d727aa53-777d-4565-b781-b847e62e7de2@group-DFAC8FC8CCEB-FollowerState
2022-07-02 07:23:35,821 [grpc-default-executor-1] INFO  server.RaftServer$Division (RaftServerImpl.java:requestVote(1184)) - c36488b4-ebfd-4b41-ac5a-8203e4b42905@group-DFAC8FC8CCEB replies to ELECTION vote request: 62d41a72-c69a-4c51-8969-57edf65cfd32<-c36488b4-ebfd-4b41-ac5a-8203e4b42905#0:OK-t1. Peer's state: c36488b4-ebfd-4b41-ac5a-8203e4b42905@group-DFAC8FC8CCEB:t1, leader=null, voted=62d41a72-c69a-4c51-8969-57edf65cfd32, raftlog=c36488b4-ebfd-4b41-ac5a-8203e4b42905@group-DFAC8FC8CCEB-SegmentedRaftLog:OPENED:c-1, conf=-1: [62d41a72-c69a-4c51-8969-57edf65cfd32|rpc:10.1.0.20:44989|dataStream:|priority:0, c36488b4-ebfd-4b41-ac5a-8203e4b42905|rpc:10.1.0.20:40803|dataStream:|priority:0, d727aa53-777d-4565-b781-b847e62e7de2|rpc:10.1.0.20:38235|dataStream:|priority:1], old=null
2022-07-02 07:23:35,851 [grpc-default-executor-0] INFO  impl.RoleInfo (RoleInfo.java:updateAndGet(139)) - d727aa53-777d-4565-b781-b847e62e7de2: start d727aa53-777d-4565-b781-b847e62e7de2@group-DFAC8FC8CCEB-FollowerState
2022-07-02 07:23:35,851 [d727aa53-777d-4565-b781-b847e62e7de2@group-DFAC8FC8CCEB-FollowerState] INFO  impl.FollowerState (FollowerState.java:run(152)) - d727aa53-777d-4565-b781-b847e62e7de2@group-DFAC8FC8CCEB-FollowerState was interrupted
2022-07-02 07:23:35,879 [grpc-default-executor-0] INFO  server.RaftServer$Division (RaftServerImpl.java:requestVote(1184)) - d727aa53-777d-4565-b781-b847e62e7de2@group-DFAC8FC8CCEB replies to ELECTION vote request: 62d41a72-c69a-4c51-8969-57edf65cfd32<-d727aa53-777d-4565-b781-b847e62e7de2#0:FAIL-t1. Peer's state: d727aa53-777d-4565-b781-b847e62e7de2@group-DFAC8FC8CCEB:t1, leader=null, voted=null, raftlog=d727aa53-777d-4565-b781-b847e62e7de2@group-DFAC8FC8CCEB-SegmentedRaftLog:OPENED:c-1, conf=-1: [62d41a72-c69a-4c51-8969-57edf65cfd32|rpc:10.1.0.20:44989|priority:0, c36488b4-ebfd-4b41-ac5a-8203e4b42905|rpc:10.1.0.20:40803|priority:0, d727aa53-777d-4565-b781-b847e62e7de2|rpc:10.1.0.20:38235|priority:1], old=null
2022-07-02 07:23:35,912 [62d41a72-c69a-4c51-8969-57edf65cfd32@group-DFAC8FC8CCEB-LeaderElection36] INFO  impl.LeaderElection (LeaderElection.java:logAndReturn(90)) - 62d41a72-c69a-4c51-8969-57edf65cfd32@group-DFAC8FC8CCEB-LeaderElection36: ELECTION REJECTED received 2 response(s) and 0 exception(s):
2022-07-02 07:23:35,912 [62d41a72-c69a-4c51-8969-57edf65cfd32@group-DFAC8FC8CCEB-LeaderElection36] INFO  impl.LeaderElection (LeaderElection.java:logAndReturn(94)) -   Response 0: 62d41a72-c69a-4c51-8969-57edf65cfd32<-c36488b4-ebfd-4b41-ac5a-8203e4b42905#0:OK-t1
2022-07-02 07:23:35,912 [62d41a72-c69a-4c51-8969-57edf65cfd32@group-DFAC8FC8CCEB-LeaderElection36] INFO  impl.LeaderElection (LeaderElection.java:logAndReturn(94)) -   Response 1: 62d41a72-c69a-4c51-8969-57edf65cfd32<-d727aa53-777d-4565-b781-b847e62e7de2#0:FAIL-t1
2022-07-02 07:23:35,913 [62d41a72-c69a-4c51-8969-57edf65cfd32@group-DFAC8FC8CCEB-LeaderElection36] INFO  impl.LeaderElection (LeaderElection.java:askForVotes(312)) - 62d41a72-c69a-4c51-8969-57edf65cfd32@group-DFAC8FC8CCEB-LeaderElection36 ELECTION round 0: result REJECTED
2022-07-02 07:23:35,913 [62d41a72-c69a-4c51-8969-57edf65cfd32@group-DFAC8FC8CCEB-LeaderElection36] INFO  server.RaftServer$Division (RaftServerImpl.java:setRole(299)) - 62d41a72-c69a-4c51-8969-57edf65cfd32@group-DFAC8FC8CCEB: changes role from CANDIDATE to FOLLOWER at term 1 for REJECTED
2022-07-02 07:23:35,913 [62d41a72-c69a-4c51-8969-57edf65cfd32@group-DFAC8FC8CCEB-LeaderElection36] INFO  impl.RoleInfo (RoleInfo.java:shutdownLeaderElection(130)) - 62d41a72-c69a-4c51-8969-57edf65cfd32: shutdown 62d41a72-c69a-4c51-8969-57edf65cfd32@group-DFAC8FC8CCEB-LeaderElection36
2022-07-02 07:23:35,913 [62d41a72-c69a-4c51-8969-57edf65cfd32@group-DFAC8FC8CCEB-LeaderElection36] INFO  impl.RoleInfo (RoleInfo.java:updateAndGet(139)) - 62d41a72-c69a-4c51-8969-57edf65cfd32: start 62d41a72-c69a-4c51-8969-57edf65cfd32@group-DFAC8FC8CCEB-FollowerState
2022-07-02 07:23:35,985 [d727aa53-777d-4565-b781-b847e62e7de2@group-D00744449E9A-FollowerState] INFO  impl.FollowerState (FollowerState.java:run(143)) - d727aa53-777d-4565-b781-b847e62e7de2@group-D00744449E9A-FollowerState: change to CANDIDATE, lastRpcElapsedTime:5119062226ns, electionTimeout:5033ms
2022-07-02 07:23:35,985 [d727aa53-777d-4565-b781-b847e62e7de2@group-D00744449E9A-FollowerState] INFO  impl.RoleInfo (RoleInfo.java:shutdownFollowerState(110)) - d727aa53-777d-4565-b781-b847e62e7de2: shutdown d727aa53-777d-4565-b781-b847e62e7de2@group-D00744449E9A-FollowerState
2022-07-02 07:23:35,986 [d727aa53-777d-4565-b781-b847e62e7de2@group-D00744449E9A-FollowerState] INFO  server.RaftServer$Division (RaftServerImpl.java:setRole(299)) - d727aa53-777d-4565-b781-b847e62e7de2@group-D00744449E9A: changes role from  FOLLOWER to CANDIDATE at term 0 for changeToCandidate
2022-07-02 07:23:35,986 [d727aa53-777d-4565-b781-b847e62e7de2@group-D00744449E9A-FollowerState] INFO  server.RaftServerConfigKeys (ConfUtils.java:logGet(46)) - raft.server.leaderelection.pre-vote = false (custom)
2022-07-02 07:23:35,986 [d727aa53-777d-4565-b781-b847e62e7de2@group-D00744449E9A-FollowerState] INFO  impl.RoleInfo (RoleInfo.java:updateAndGet(139)) - d727aa53-777d-4565-b781-b847e62e7de2: start d727aa53-777d-4565-b781-b847e62e7de2@group-D00744449E9A-LeaderElection37
2022-07-02 07:23:36,061 [d727aa53-777d-4565-b781-b847e62e7de2@group-D00744449E9A-LeaderElection37] INFO  impl.LeaderElection (LeaderElection.java:askForVotes(310)) - d727aa53-777d-4565-b781-b847e62e7de2@group-D00744449E9A-LeaderElection37 ELECTION round 0: submit vote requests at term 1 for -1: [d727aa53-777d-4565-b781-b847e62e7de2|rpc:10.1.0.20:38235|priority:1], old=null
2022-07-02 07:23:36,061 [d727aa53-777d-4565-b781-b847e62e7de2@group-D00744449E9A-LeaderElection37] INFO  impl.LeaderElection (LeaderElection.java:askForVotes(312)) - d727aa53-777d-4565-b781-b847e62e7de2@group-D00744449E9A-LeaderElection37 ELECTION round 0: result PASSED (term=1)
2022-07-02 07:23:36,061 [d727aa53-777d-4565-b781-b847e62e7de2@group-D00744449E9A-LeaderElection37] INFO  impl.RoleInfo (RoleInfo.java:shutdownLeaderElection(130)) - d727aa53-777d-4565-b781-b847e62e7de2: shutdown d727aa53-777d-4565-b781-b847e62e7de2@group-D00744449E9A-LeaderElection37
2022-07-02 07:23:36,061 [d727aa53-777d-4565-b781-b847e62e7de2@group-D00744449E9A-LeaderElection37] INFO  server.RaftServer$Division (RaftServerImpl.java:setRole(299)) - d727aa53-777d-4565-b781-b847e62e7de2@group-D00744449E9A: changes role from CANDIDATE to LEADER at term 1 for changeToLeader
2022-07-02 07:23:36,061 [d727aa53-777d-4565-b781-b847e62e7de2@group-D00744449E9A-LeaderElection37] INFO  ratis.XceiverServerRatis (XceiverServerRatis.java:handleLeaderChangedNotification(863)) - Leader change notification received for group: group-D00744449E9A with new leaderId: d727aa53-777d-4565-b781-b847e62e7de2
2022-07-02 07:23:36,061 [d727aa53-777d-4565-b781-b847e62e7de2@group-D00744449E9A-LeaderElection37] INFO  server.RaftServer$Division (ServerState.java:setLeader(287)) - d727aa53-777d-4565-b781-b847e62e7de2@group-D00744449E9A: change Leader from null to d727aa53-777d-4565-b781-b847e62e7de2 at term 1 for becomeLeader, leader elected after 5212ms
2022-07-02 07:23:36,061 [d727aa53-777d-4565-b781-b847e62e7de2@group-D00744449E9A-LeaderElection37] INFO  server.RaftServerConfigKeys (ConfUtils.java:logGet(46)) - raft.server.staging.catchup.gap = 1000 (default)
2022-07-02 07:23:36,062 [d727aa53-777d-4565-b781-b847e62e7de2@group-D00744449E9A-LeaderElection37] INFO  server.RaftServerConfigKeys (ConfUtils.java:logGet(46)) - raft.server.write.element-limit = 1024 (custom)
2022-07-02 07:23:36,062 [d727aa53-777d-4565-b781-b847e62e7de2@group-D00744449E9A-LeaderElection37] INFO  server.RaftServerConfigKeys (ConfUtils.java:logGet(46)) - raft.server.write.byte-limit = 1024 M (=1073741824) (custom)
2022-07-02 07:23:36,062 [d727aa53-777d-4565-b781-b847e62e7de2@group-D00744449E9A-LeaderElection37] INFO  server.RaftServerConfigKeys (ConfUtils.java:logGet(46)) - raft.server.watch.timeout = 180s (custom)
2022-07-02 07:23:36,062 [d727aa53-777d-4565-b781-b847e62e7de2@group-D00744449E9A-LeaderElection37] INFO  server.RaftServerConfigKeys (ConfUtils.java:logGet(46)) - raft.server.watch.timeout.denomination = 1s (default)
2022-07-02 07:23:36,062 [d727aa53-777d-4565-b781-b847e62e7de2@group-D00744449E9A-LeaderElection37] INFO  server.RaftServerConfigKeys (ConfUtils.java:logGet(46)) - raft.server.watch.element-limit = 65536 (default)
2022-07-02 07:23:36,062 [d727aa53-777d-4565-b781-b847e62e7de2@group-D00744449E9A-LeaderElection37] INFO  server.RaftServerConfigKeys (ConfUtils.java:logGet(46)) - raft.server.write.element-limit = 1024 (custom)
2022-07-02 07:23:36,062 [d727aa53-777d-4565-b781-b847e62e7de2@group-D00744449E9A-LeaderElection37] INFO  server.RaftServerConfigKeys (ConfUtils.java:logGet(46)) - raft.server.write.follower.gap.ratio.max = -1.0 (default)
2022-07-02 07:23:36,062 [d727aa53-777d-4565-b781-b847e62e7de2@group-D00744449E9A-LeaderElection37] INFO  impl.RoleInfo (RoleInfo.java:updateAndGet(139)) - d727aa53-777d-4565-b781-b847e62e7de2: start d727aa53-777d-4565-b781-b847e62e7de2@group-D00744449E9A-LeaderStateImpl
2022-07-02 07:23:36,063 [d727aa53-777d-4565-b781-b847e62e7de2@group-D00744449E9A-LeaderElection37] INFO  segmented.SegmentedRaftLogWorker (SegmentedRaftLogWorker.java:startLogSegment(425)) - d727aa53-777d-4565-b781-b847e62e7de2@group-D00744449E9A-SegmentedRaftLogWorker: Starting segment from index:0
2022-07-02 07:23:36,066 [EventQueue-OpenPipelineForHealthyPipelineSafeModeRule] INFO  safemode.SCMSafeModeManager (HealthyPipelineSafeModeRule.java:process(124)) - SCM in safe mode. Healthy pipelines reported count is 0, required healthy pipeline reported count is 1
2022-07-02 07:23:36,073 [d727aa53-777d-4565-b781-b847e62e7de2@group-D00744449E9A-SegmentedRaftLogWorker] INFO  segmented.SegmentedRaftLogWorker (SegmentedRaftLogWorker.java:execute(629)) - d727aa53-777d-4565-b781-b847e62e7de2@group-D00744449E9A-SegmentedRaftLogWorker: created new log segment /home/runner/work/ozone/ozone/hadoop-ozone/integration-test/target/test-dir/MiniOzoneClusterImpl-0529b123-343e-47c8-b09a-e64196ae32df/datanode-2/data/ratis/25e6635a-2842-4efe-85e5-d00744449e9a/current/log_inprogress_0
2022-07-02 07:23:36,101 [d727aa53-777d-4565-b781-b847e62e7de2@group-D00744449E9A-LeaderElection37] INFO  server.RaftServer$Division (ServerState.java:setRaftConf(393)) - d727aa53-777d-4565-b781-b847e62e7de2@group-D00744449E9A: set configuration 0: [d727aa53-777d-4565-b781-b847e62e7de2|rpc:10.1.0.20:38235|dataStream:|priority:1], old=null
2022-07-02 07:23:36,153 [Listener at 127.0.0.1/38259] INFO  ozone.MiniOzoneClusterImpl (MiniOzoneClusterImpl.java:lambda$waitForClusterToBeReady$0(223)) - Nodes are ready. Got 5 of 5 DN Heartbeats.
2022-07-02 07:23:36,154 [Listener at 127.0.0.1/38259] INFO  ozone.MiniOzoneClusterImpl (MiniOzoneClusterImpl.java:lambda$waitForClusterToBeReady$0(226)) - Waiting for cluster to exit safe mode
2022-07-02 07:23:36,154 [Listener at 127.0.0.1/38259] INFO  ozone.MiniOzoneClusterImpl (MiniOzoneClusterImpl.java:lambda$waitForClusterToBeReady$0(228)) - SCM became leader
2022-07-02 07:23:36,166 [Command processor thread] INFO  server.RaftServer (RaftServerProxy.java:addNew(96)) - 5c96909e-6d7d-4877-8367-f30c632a1483: addNew group-7588C3E5E828:[5c96909e-6d7d-4877-8367-f30c632a1483|rpc:10.1.0.20:39903|priority:1] returns group-7588C3E5E828:java.util.concurrent.CompletableFuture@652597e8[Not completed]
2022-07-02 07:23:36,167 [pool-948-thread-1] INFO  server.RaftServer$Division (RaftServerImpl.java:<init>(190)) - 5c96909e-6d7d-4877-8367-f30c632a1483: new RaftServerImpl for group-7588C3E5E828:[5c96909e-6d7d-4877-8367-f30c632a1483|rpc:10.1.0.20:39903|priority:1] with ContainerStateMachine:uninitialized
2022-07-02 07:23:36,167 [pool-948-thread-1] INFO  server.RaftServerConfigKeys (ConfUtils.java:logGet(46)) - raft.server.rpc.timeout.min = 5s (custom)
2022-07-02 07:23:36,167 [pool-948-thread-1] INFO  server.RaftServerConfigKeys (ConfUtils.java:logGet(46)) - raft.server.rpc.timeout.max = 5200ms (custom)
2022-07-02 07:23:36,167 [pool-948-thread-1] INFO  server.RaftServerConfigKeys (ConfUtils.java:logGet(46)) - raft.server.rpc.sleep.time = 25ms (default)
2022-07-02 07:23:36,167 [pool-948-thread-1] INFO  server.RaftServerConfigKeys (ConfUtils.java:logGet(46)) - raft.server.rpc.slowness.timeout = 300s (custom)
2022-07-02 07:23:36,167 [pool-948-thread-1] INFO  server.RaftServerConfigKeys (ConfUtils.java:logGet(46)) - raft.server.leaderelection.leader.step-down.wait-time = 10s (default)
2022-07-02 07:23:36,167 [pool-948-thread-1] INFO  server.RaftServerConfigKeys (ConfUtils.java:logGet(46)) - raft.server.sleep.deviation.threshold = 300ms (default)
2022-07-02 07:23:36,167 [pool-948-thread-1] INFO  server.RaftServer$Division (ServerState.java:<init>(107)) - 5c96909e-6d7d-4877-8367-f30c632a1483@group-7588C3E5E828: ConfigurationManager, init=-1: [5c96909e-6d7d-4877-8367-f30c632a1483|rpc:10.1.0.20:39903|priority:1], old=null, confs=<EMPTY_MAP>
2022-07-02 07:23:36,167 [pool-948-thread-1] INFO  server.RaftServerConfigKeys (ConfUtils.java:logGet(46)) - raft.server.storage.dir = [/home/runner/work/ozone/ozone/hadoop-ozone/integration-test/target/test-dir/MiniOzoneClusterImpl-0529b123-343e-47c8-b09a-e64196ae32df/datanode-4/data/ratis] (custom)
2022-07-02 07:23:36,167 [pool-948-thread-1] INFO  server.RaftServerConfigKeys (ConfUtils.java:logGet(46)) - raft.server.log.corruption.policy = EXCEPTION (default)
2022-07-02 07:23:36,167 [pool-948-thread-1] INFO  server.RaftServerConfigKeys (ConfUtils.java:logGet(46)) - raft.server.storage.free-space.min = 0MB (=0) (default)
2022-07-02 07:23:36,168 [pool-948-thread-1] INFO  storage.RaftStorageDirectory (RaftStorageDirectoryImpl.java:analyzeStorage(135)) - The storage directory /home/runner/work/ozone/ozone/hadoop-ozone/integration-test/target/test-dir/MiniOzoneClusterImpl-0529b123-343e-47c8-b09a-e64196ae32df/datanode-4/data/ratis/3729db80-01a4-4753-9d71-7588c3e5e828 does not exist. Creating ...
2022-07-02 07:23:36,169 [pool-948-thread-1] INFO  storage.RaftStorageDirectory (RaftStorageDirectoryImpl.java:tryLock(230)) - Lock on /home/runner/work/ozone/ozone/hadoop-ozone/integration-test/target/test-dir/MiniOzoneClusterImpl-0529b123-343e-47c8-b09a-e64196ae32df/datanode-4/data/ratis/3729db80-01a4-4753-9d71-7588c3e5e828/in_use.lock acquired by nodename 16391@fv-az444-838
2022-07-02 07:23:36,182 [pool-948-thread-1] INFO  storage.RaftStorage (RaftStorageImpl.java:format(89)) - Storage directory /home/runner/work/ozone/ozone/hadoop-ozone/integration-test/target/test-dir/MiniOzoneClusterImpl-0529b123-343e-47c8-b09a-e64196ae32df/datanode-4/data/ratis/3729db80-01a4-4753-9d71-7588c3e5e828 has been successfully formatted.
2022-07-02 07:23:36,187 [pool-948-thread-1] INFO  ratis.ContainerStateMachine (ContainerStateMachine.java:loadSnapshot(236)) - group-7588C3E5E828: The snapshot info is null. Setting the last applied indexto:(t:0, i:~)
2022-07-02 07:23:36,187 [pool-948-thread-1] INFO  server.RaftServerConfigKeys (ConfUtils.java:logGet(46)) - raft.server.notification.no-leader.timeout = 300s (custom)
2022-07-02 07:23:36,187 [pool-948-thread-1] INFO  server.RaftServerConfigKeys (ConfUtils.java:logGet(46)) - raft.server.log.use.memory = false (default)
2022-07-02 07:23:36,187 [pool-948-thread-1] INFO  server.RaftServerConfigKeys (ConfUtils.java:logGet(46)) - raft.server.log.purge.gap = 1000000 (custom)
2022-07-02 07:23:36,189 [pool-948-thread-1] INFO  server.RaftServerConfigKeys (ConfUtils.java:logGet(46)) - raft.server.log.appender.buffer.byte-limit = 33554432 (custom)
2022-07-02 07:23:36,190 [pool-948-thread-1] INFO  server.RaftServerConfigKeys (ConfUtils.java:logGet(46)) - raft.server.log.statemachine.data.read.timeout = 1000ms (default)
2022-07-02 07:23:36,190 [pool-948-thread-1] INFO  server.RaftServerConfigKeys (ConfUtils.java:logGet(46)) - raft.server.log.segment.size.max = 1048576 (custom)
2022-07-02 07:23:36,190 [pool-948-thread-1] INFO  server.RaftServerConfigKeys (ConfUtils.java:logGet(46)) - raft.server.log.segment.cache.num.max = 2 (custom)
2022-07-02 07:23:36,190 [pool-948-thread-1] INFO  server.RaftServerConfigKeys (ConfUtils.java:logGet(46)) - raft.server.log.segment.cache.size.max = 200MB (=209715200) (default)
2022-07-02 07:23:36,191 [pool-948-thread-1] INFO  segmented.SegmentedRaftLogWorker (SegmentedRaftLogWorker.java:<init>(187)) - new 5c96909e-6d7d-4877-8367-f30c632a1483@group-7588C3E5E828-SegmentedRaftLogWorker for RaftStorageImpl:Storage Directory /home/runner/work/ozone/ozone/hadoop-ozone/integration-test/target/test-dir/MiniOzoneClusterImpl-0529b123-343e-47c8-b09a-e64196ae32df/datanode-4/data/ratis/3729db80-01a4-4753-9d71-7588c3e5e828
2022-07-02 07:23:36,191 [pool-948-thread-1] INFO  server.RaftServerConfigKeys (ConfUtils.java:logGet(46)) - raft.server.log.queue.byte-limit = 4294967296 (custom)
2022-07-02 07:23:36,191 [pool-948-thread-1] INFO  server.RaftServerConfigKeys (ConfUtils.java:logGet(46)) - raft.server.log.queue.element-limit = 1024 (custom)
2022-07-02 07:23:36,191 [pool-948-thread-1] INFO  server.RaftServerConfigKeys (ConfUtils.java:logGet(46)) - raft.server.log.segment.size.max = 1048576 (custom)
2022-07-02 07:23:36,191 [pool-948-thread-1] INFO  server.RaftServerConfigKeys (ConfUtils.java:logGet(46)) - raft.server.log.preallocated.size = 16384 (custom)
2022-07-02 07:23:36,191 [pool-948-thread-1] INFO  server.RaftServerConfigKeys (ConfUtils.java:logGet(46)) - raft.server.log.force.sync.num = 128 (default)
2022-07-02 07:23:36,191 [pool-948-thread-1] INFO  server.RaftServerConfigKeys (ConfUtils.java:logGet(46)) - raft.server.log.statemachine.data.sync = true (default)
2022-07-02 07:23:36,191 [pool-948-thread-1] INFO  server.RaftServerConfigKeys (ConfUtils.java:logGet(46)) - raft.server.log.statemachine.data.sync.timeout = 10s (default)
2022-07-02 07:23:36,191 [pool-948-thread-1] INFO  server.RaftServerConfigKeys (ConfUtils.java:logGet(46)) - raft.server.log.statemachine.data.sync.timeout.retry = -1 (default)
2022-07-02 07:23:36,193 [pool-948-thread-1] INFO  server.RaftServerConfigKeys (ConfUtils.java:logGet(46)) - raft.server.log.write.buffer.size = 1048576 (custom)
2022-07-02 07:23:36,193 [pool-948-thread-1] INFO  server.RaftServerConfigKeys (ConfUtils.java:logGet(46)) - raft.server.log.unsafe-flush.enabled = false (default)
2022-07-02 07:23:36,194 [pool-948-thread-1] INFO  server.RaftServerConfigKeys (ConfUtils.java:logGet(46)) - raft.server.log.statemachine.data.caching.enabled = true (custom)
2022-07-02 07:23:36,194 [pool-948-thread-1] INFO  segmented.SegmentedRaftLogWorker (SegmentedRaftLogWorker.java:lambda$new$0(135)) - 5c96909e-6d7d-4877-8367-f30c632a1483@group-7588C3E5E828-SegmentedRaftLogWorker: flushIndex: setUnconditionally 0 -> -1
2022-07-02 07:23:36,194 [pool-948-thread-1] INFO  segmented.SegmentedRaftLogWorker (SegmentedRaftLogWorker.java:lambda$new$0(135)) - 5c96909e-6d7d-4877-8367-f30c632a1483@group-7588C3E5E828-SegmentedRaftLogWorker: safeCacheEvictIndex: setUnconditionally 0 -> -1
2022-07-02 07:23:36,220 [pool-948-thread-1] INFO  server.RaftServerConfigKeys (ConfUtils.java:logGet(46)) - raft.server.snapshot.auto.trigger.enabled = true (custom)
2022-07-02 07:23:36,220 [pool-948-thread-1] INFO  server.RaftServerConfigKeys (ConfUtils.java:logGet(46)) - raft.server.snapshot.auto.trigger.threshold = 10000 (custom)
2022-07-02 07:23:36,220 [pool-948-thread-1] INFO  server.RaftServerConfigKeys (ConfUtils.java:logGet(46)) - raft.server.snapshot.retention.file.num = 5 (custom)
2022-07-02 07:23:36,220 [pool-948-thread-1] INFO  server.RaftServerConfigKeys (ConfUtils.java:logGet(46)) - raft.server.log.purge.upto.snapshot.index = false (default)
2022-07-02 07:23:36,220 [pool-948-thread-1] INFO  server.RaftServerConfigKeys (ConfUtils.java:logGet(46)) - raft.server.retrycache.expirytime = 600000ms (custom)
2022-07-02 07:23:36,220 [pool-948-thread-1] INFO  server.RaftServerConfigKeys (ConfUtils.java:logGet(46)) - raft.server.retrycache.statistics.expirytime = 100μs (default)
2022-07-02 07:23:36,222 [pool-948-thread-1] INFO  server.RaftServerConfigKeys (ConfUtils.java:logGet(46)) - raft.server.log.appender.install.snapshot.enabled = false (custom)
2022-07-02 07:23:36,222 [pool-948-thread-1] INFO  server.RaftServerConfigKeys (ConfUtils.java:logGet(46)) - raft.server.threadpool.server.cached = true (default)
2022-07-02 07:23:36,222 [pool-948-thread-1] INFO  server.RaftServerConfigKeys (ConfUtils.java:logGet(46)) - raft.server.threadpool.server.size = 0 (default)
2022-07-02 07:23:36,222 [pool-948-thread-1] INFO  server.RaftServerConfigKeys (ConfUtils.java:logGet(46)) - raft.server.threadpool.client.cached = true (default)
2022-07-02 07:23:36,222 [pool-948-thread-1] INFO  server.RaftServerConfigKeys (ConfUtils.java:logGet(46)) - raft.server.threadpool.client.size = 0 (default)
2022-07-02 07:23:36,222 [pool-948-thread-1] INFO  server.RaftServer$Division (RaftServerImpl.java:start(310)) - 5c96909e-6d7d-4877-8367-f30c632a1483@group-7588C3E5E828: start as a follower, conf=-1: [5c96909e-6d7d-4877-8367-f30c632a1483|rpc:10.1.0.20:39903|priority:1], old=null
2022-07-02 07:23:36,222 [pool-948-thread-1] INFO  server.RaftServer$Division (RaftServerImpl.java:setRole(299)) - 5c96909e-6d7d-4877-8367-f30c632a1483@group-7588C3E5E828: changes role from      null to FOLLOWER at term 0 for startAsFollower
2022-07-02 07:23:36,222 [pool-948-thread-1] INFO  impl.RoleInfo (RoleInfo.java:updateAndGet(139)) - 5c96909e-6d7d-4877-8367-f30c632a1483: start 5c96909e-6d7d-4877-8367-f30c632a1483@group-7588C3E5E828-FollowerState
2022-07-02 07:23:36,240 [pool-948-thread-1] INFO  util.JmxRegister (JmxRegister.java:tryRegister(44)) - Successfully registered JMX Bean with object name Ratis:service=RaftServer,group=group-7588C3E5E828,id=5c96909e-6d7d-4877-8367-f30c632a1483
2022-07-02 07:23:36,249 [Command processor thread] INFO  ratis.XceiverServerRatis (XceiverServerRatis.java:addGroup(765)) - Created group PipelineID=3729db80-01a4-4753-9d71-7588c3e5e828
2022-07-02 07:23:36,249 [Command processor thread] INFO  commandhandler.CreatePipelineCommandHandler (CreatePipelineCommandHandler.java:handle(113)) - Created Pipeline RATIS ONE PipelineID=3729db80-01a4-4753-9d71-7588c3e5e828.
2022-07-02 07:23:36,267 [EventQueue-PipelineReportForPipelineReportHandler] INFO  pipeline.PipelineManagerImpl (PipelineManagerImpl.java:openPipeline(358)) - Pipeline Pipeline[ Id: 3729db80-01a4-4753-9d71-7588c3e5e828, Nodes: 5c96909e-6d7d-4877-8367-f30c632a1483{ip: 10.1.0.20, host: fv-az444-838.dthhdds2jluu1c0oa55ndv1hsg.dx.internal.cloudapp.net, ports: [REPLICATION=40817, RATIS=39903, RATIS_ADMIN=39903, RATIS_SERVER=39903, STANDALONE=40513], networkLocation: /default-rack, certSerialId: null, persistedOpState: IN_SERVICE, persistedOpStateExpiryEpochSec: 0}, ReplicationConfig: RATIS/ONE, State:ALLOCATED, leaderId:5c96909e-6d7d-4877-8367-f30c632a1483, CreationTimestamp2022-07-02T07:23:33.165Z[Etc/UTC]] moved to OPEN state
2022-07-02 07:23:36,267 [EventQueue-OpenPipelineForHealthyPipelineSafeModeRule] INFO  safemode.SCMSafeModeManager (HealthyPipelineSafeModeRule.java:process(124)) - SCM in safe mode. Healthy pipelines reported count is 0, required healthy pipeline reported count is 1
2022-07-02 07:23:36,298 [c36488b4-ebfd-4b41-ac5a-8203e4b42905@group-92E86823610C-FollowerState] INFO  impl.FollowerState (FollowerState.java:run(143)) - c36488b4-ebfd-4b41-ac5a-8203e4b42905@group-92E86823610C-FollowerState: change to CANDIDATE, lastRpcElapsedTime:5074655964ns, electionTimeout:5030ms
2022-07-02 07:23:36,298 [c36488b4-ebfd-4b41-ac5a-8203e4b42905@group-92E86823610C-FollowerState] INFO  impl.RoleInfo (RoleInfo.java:shutdownFollowerState(110)) - c36488b4-ebfd-4b41-ac5a-8203e4b42905: shutdown c36488b4-ebfd-4b41-ac5a-8203e4b42905@group-92E86823610C-FollowerState
2022-07-02 07:23:36,298 [c36488b4-ebfd-4b41-ac5a-8203e4b42905@group-92E86823610C-FollowerState] INFO  server.RaftServer$Division (RaftServerImpl.java:setRole(299)) - c36488b4-ebfd-4b41-ac5a-8203e4b42905@group-92E86823610C: changes role from  FOLLOWER to CANDIDATE at term 0 for changeToCandidate
2022-07-02 07:23:36,299 [c36488b4-ebfd-4b41-ac5a-8203e4b42905@group-92E86823610C-FollowerState] INFO  server.RaftServerConfigKeys (ConfUtils.java:logGet(46)) - raft.server.leaderelection.pre-vote = false (custom)
2022-07-02 07:23:36,299 [c36488b4-ebfd-4b41-ac5a-8203e4b42905@group-92E86823610C-FollowerState] INFO  impl.RoleInfo (RoleInfo.java:updateAndGet(139)) - c36488b4-ebfd-4b41-ac5a-8203e4b42905: start c36488b4-ebfd-4b41-ac5a-8203e4b42905@group-92E86823610C-LeaderElection38
2022-07-02 07:23:36,327 [c36488b4-ebfd-4b41-ac5a-8203e4b42905@group-92E86823610C-LeaderElection38] INFO  impl.LeaderElection (LeaderElection.java:askForVotes(310)) - c36488b4-ebfd-4b41-ac5a-8203e4b42905@group-92E86823610C-LeaderElection38 ELECTION round 0: submit vote requests at term 1 for -1: [c36488b4-ebfd-4b41-ac5a-8203e4b42905|rpc:10.1.0.20:40803|priority:1], old=null
2022-07-02 07:23:36,327 [c36488b4-ebfd-4b41-ac5a-8203e4b42905@group-92E86823610C-LeaderElection38] INFO  impl.LeaderElection (LeaderElection.java:askForVotes(312)) - c36488b4-ebfd-4b41-ac5a-8203e4b42905@group-92E86823610C-LeaderElection38 ELECTION round 0: result PASSED (term=1)
2022-07-02 07:23:36,327 [c36488b4-ebfd-4b41-ac5a-8203e4b42905@group-92E86823610C-LeaderElection38] INFO  impl.RoleInfo (RoleInfo.java:shutdownLeaderElection(130)) - c36488b4-ebfd-4b41-ac5a-8203e4b42905: shutdown c36488b4-ebfd-4b41-ac5a-8203e4b42905@group-92E86823610C-LeaderElection38
2022-07-02 07:23:36,327 [c36488b4-ebfd-4b41-ac5a-8203e4b42905@group-92E86823610C-LeaderElection38] INFO  server.RaftServer$Division (RaftServerImpl.java:setRole(299)) - c36488b4-ebfd-4b41-ac5a-8203e4b42905@group-92E86823610C: changes role from CANDIDATE to LEADER at term 1 for changeToLeader
2022-07-02 07:23:36,327 [c36488b4-ebfd-4b41-ac5a-8203e4b42905@group-92E86823610C-LeaderElection38] INFO  ratis.XceiverServerRatis (XceiverServerRatis.java:handleLeaderChangedNotification(863)) - Leader change notification received for group: group-92E86823610C with new leaderId: c36488b4-ebfd-4b41-ac5a-8203e4b42905
2022-07-02 07:23:36,327 [c36488b4-ebfd-4b41-ac5a-8203e4b42905@group-92E86823610C-LeaderElection38] INFO  server.RaftServer$Division (ServerState.java:setLeader(287)) - c36488b4-ebfd-4b41-ac5a-8203e4b42905@group-92E86823610C: change Leader from null to c36488b4-ebfd-4b41-ac5a-8203e4b42905 at term 1 for becomeLeader, leader elected after 5187ms
2022-07-02 07:23:36,327 [c36488b4-ebfd-4b41-ac5a-8203e4b42905@group-92E86823610C-LeaderElection38] INFO  server.RaftServerConfigKeys (ConfUtils.java:logGet(46)) - raft.server.staging.catchup.gap = 1000 (default)
2022-07-02 07:23:36,328 [c36488b4-ebfd-4b41-ac5a-8203e4b42905@group-92E86823610C-LeaderElection38] INFO  server.RaftServerConfigKeys (ConfUtils.java:logGet(46)) - raft.server.write.element-limit = 1024 (custom)
2022-07-02 07:23:36,328 [c36488b4-ebfd-4b41-ac5a-8203e4b42905@group-92E86823610C-LeaderElection38] INFO  server.RaftServerConfigKeys (ConfUtils.java:logGet(46)) - raft.server.write.byte-limit = 1024 M (=1073741824) (custom)
2022-07-02 07:23:36,328 [c36488b4-ebfd-4b41-ac5a-8203e4b42905@group-92E86823610C-LeaderElection38] INFO  server.RaftServerConfigKeys (ConfUtils.java:logGet(46)) - raft.server.watch.timeout = 180s (custom)
2022-07-02 07:23:36,328 [c36488b4-ebfd-4b41-ac5a-8203e4b42905@group-92E86823610C-LeaderElection38] INFO  server.RaftServerConfigKeys (ConfUtils.java:logGet(46)) - raft.server.watch.timeout.denomination = 1s (default)
2022-07-02 07:23:36,328 [c36488b4-ebfd-4b41-ac5a-8203e4b42905@group-92E86823610C-LeaderElection38] INFO  server.RaftServerConfigKeys (ConfUtils.java:logGet(46)) - raft.server.watch.element-limit = 65536 (default)
2022-07-02 07:23:36,329 [c36488b4-ebfd-4b41-ac5a-8203e4b42905@group-92E86823610C-LeaderElection38] INFO  server.RaftServerConfigKeys (ConfUtils.java:logGet(46)) - raft.server.write.element-limit = 1024 (custom)
2022-07-02 07:23:36,329 [c36488b4-ebfd-4b41-ac5a-8203e4b42905@group-92E86823610C-LeaderElection38] INFO  server.RaftServerConfigKeys (ConfUtils.java:logGet(46)) - raft.server.write.follower.gap.ratio.max = -1.0 (default)
2022-07-02 07:23:36,329 [c36488b4-ebfd-4b41-ac5a-8203e4b42905@group-92E86823610C-LeaderElection38] INFO  impl.RoleInfo (RoleInfo.java:updateAndGet(139)) - c36488b4-ebfd-4b41-ac5a-8203e4b42905: start c36488b4-ebfd-4b41-ac5a-8203e4b42905@group-92E86823610C-LeaderStateImpl
2022-07-02 07:23:36,329 [c36488b4-ebfd-4b41-ac5a-8203e4b42905@group-92E86823610C-LeaderElection38] INFO  segmented.SegmentedRaftLogWorker (SegmentedRaftLogWorker.java:startLogSegment(425)) - c36488b4-ebfd-4b41-ac5a-8203e4b42905@group-92E86823610C-SegmentedRaftLogWorker: Starting segment from index:0
2022-07-02 07:23:36,345 [c36488b4-ebfd-4b41-ac5a-8203e4b42905@group-92E86823610C-SegmentedRaftLogWorker] INFO  segmented.SegmentedRaftLogWorker (SegmentedRaftLogWorker.java:execute(629)) - c36488b4-ebfd-4b41-ac5a-8203e4b42905@group-92E86823610C-SegmentedRaftLogWorker: created new log segment /home/runner/work/ozone/ozone/hadoop-ozone/integration-test/target/test-dir/MiniOzoneClusterImpl-0529b123-343e-47c8-b09a-e64196ae32df/datanode-1/data/ratis/e5e28e8c-463c-4ff2-b41b-92e86823610c/current/log_inprogress_0
2022-07-02 07:23:36,346 [EventQueue-OpenPipelineForHealthyPipelineSafeModeRule] INFO  safemode.SCMSafeModeManager (HealthyPipelineSafeModeRule.java:process(124)) - SCM in safe mode. Healthy pipelines reported count is 0, required healthy pipeline reported count is 1
2022-07-02 07:23:36,357 [c36488b4-ebfd-4b41-ac5a-8203e4b42905@group-92E86823610C-LeaderElection38] INFO  server.RaftServer$Division (ServerState.java:setRaftConf(393)) - c36488b4-ebfd-4b41-ac5a-8203e4b42905@group-92E86823610C: set configuration 0: [c36488b4-ebfd-4b41-ac5a-8203e4b42905|rpc:10.1.0.20:40803|dataStream:|priority:1], old=null
2022-07-02 07:23:37,154 [Listener at 127.0.0.1/38259] INFO  ozone.MiniOzoneClusterImpl (MiniOzoneClusterImpl.java:lambda$waitForClusterToBeReady$0(223)) - Nodes are ready. Got 5 of 5 DN Heartbeats.
2022-07-02 07:23:37,154 [Listener at 127.0.0.1/38259] INFO  ozone.MiniOzoneClusterImpl (MiniOzoneClusterImpl.java:lambda$waitForClusterToBeReady$0(226)) - Waiting for cluster to exit safe mode
2022-07-02 07:23:37,154 [Listener at 127.0.0.1/38259] INFO  ozone.MiniOzoneClusterImpl (MiniOzoneClusterImpl.java:lambda$waitForClusterToBeReady$0(228)) - SCM became leader
2022-07-02 07:23:38,155 [Listener at 127.0.0.1/38259] INFO  ozone.MiniOzoneClusterImpl (MiniOzoneClusterImpl.java:lambda$waitForClusterToBeReady$0(223)) - Nodes are ready. Got 5 of 5 DN Heartbeats.
2022-07-02 07:23:38,155 [Listener at 127.0.0.1/38259] INFO  ozone.MiniOzoneClusterImpl (MiniOzoneClusterImpl.java:lambda$waitForClusterToBeReady$0(226)) - Waiting for cluster to exit safe mode
2022-07-02 07:23:38,155 [Listener at 127.0.0.1/38259] INFO  ozone.MiniOzoneClusterImpl (MiniOzoneClusterImpl.java:lambda$waitForClusterToBeReady$0(228)) - SCM became leader
2022-07-02 07:23:39,155 [Listener at 127.0.0.1/38259] INFO  ozone.MiniOzoneClusterImpl (MiniOzoneClusterImpl.java:lambda$waitForClusterToBeReady$0(223)) - Nodes are ready. Got 5 of 5 DN Heartbeats.
2022-07-02 07:23:39,155 [Listener at 127.0.0.1/38259] INFO  ozone.MiniOzoneClusterImpl (MiniOzoneClusterImpl.java:lambda$waitForClusterToBeReady$0(226)) - Waiting for cluster to exit safe mode
2022-07-02 07:23:39,156 [Listener at 127.0.0.1/38259] INFO  ozone.MiniOzoneClusterImpl (MiniOzoneClusterImpl.java:lambda$waitForClusterToBeReady$0(228)) - SCM became leader
2022-07-02 07:23:39,569 [8ee9ea94-b7aa-4256-9521-78badb6f68ce@group-520D126B2A61-FollowerState] INFO  impl.FollowerState (FollowerState.java:run(143)) - 8ee9ea94-b7aa-4256-9521-78badb6f68ce@group-520D126B2A61-FollowerState: change to CANDIDATE, lastRpcElapsedTime:5068080149ns, electionTimeout:5054ms
2022-07-02 07:23:39,569 [8ee9ea94-b7aa-4256-9521-78badb6f68ce@group-520D126B2A61-FollowerState] INFO  impl.RoleInfo (RoleInfo.java:shutdownFollowerState(110)) - 8ee9ea94-b7aa-4256-9521-78badb6f68ce: shutdown 8ee9ea94-b7aa-4256-9521-78badb6f68ce@group-520D126B2A61-FollowerState
2022-07-02 07:23:39,569 [8ee9ea94-b7aa-4256-9521-78badb6f68ce@group-520D126B2A61-FollowerState] INFO  server.RaftServer$Division (RaftServerImpl.java:setRole(299)) - 8ee9ea94-b7aa-4256-9521-78badb6f68ce@group-520D126B2A61: changes role from  FOLLOWER to CANDIDATE at term 0 for changeToCandidate
2022-07-02 07:23:39,569 [8ee9ea94-b7aa-4256-9521-78badb6f68ce@group-520D126B2A61-FollowerState] INFO  server.RaftServerConfigKeys (ConfUtils.java:logGet(46)) - raft.server.leaderelection.pre-vote = false (custom)
2022-07-02 07:23:39,569 [8ee9ea94-b7aa-4256-9521-78badb6f68ce@group-520D126B2A61-FollowerState] INFO  impl.RoleInfo (RoleInfo.java:updateAndGet(139)) - 8ee9ea94-b7aa-4256-9521-78badb6f68ce: start 8ee9ea94-b7aa-4256-9521-78badb6f68ce@group-520D126B2A61-LeaderElection39
2022-07-02 07:23:39,624 [8ee9ea94-b7aa-4256-9521-78badb6f68ce@group-520D126B2A61-LeaderElection39] INFO  impl.LeaderElection (LeaderElection.java:askForVotes(310)) - 8ee9ea94-b7aa-4256-9521-78badb6f68ce@group-520D126B2A61-LeaderElection39 ELECTION round 0: submit vote requests at term 1 for -1: [8ee9ea94-b7aa-4256-9521-78badb6f68ce|rpc:10.1.0.20:42261|priority:1], old=null
2022-07-02 07:23:39,624 [8ee9ea94-b7aa-4256-9521-78badb6f68ce@group-520D126B2A61-LeaderElection39] INFO  impl.LeaderElection (LeaderElection.java:askForVotes(312)) - 8ee9ea94-b7aa-4256-9521-78badb6f68ce@group-520D126B2A61-LeaderElection39 ELECTION round 0: result PASSED (term=1)
2022-07-02 07:23:39,624 [8ee9ea94-b7aa-4256-9521-78badb6f68ce@group-520D126B2A61-LeaderElection39] INFO  impl.RoleInfo (RoleInfo.java:shutdownLeaderElection(130)) - 8ee9ea94-b7aa-4256-9521-78badb6f68ce: shutdown 8ee9ea94-b7aa-4256-9521-78badb6f68ce@group-520D126B2A61-LeaderElection39
2022-07-02 07:23:39,624 [8ee9ea94-b7aa-4256-9521-78badb6f68ce@group-520D126B2A61-LeaderElection39] INFO  server.RaftServer$Division (RaftServerImpl.java:setRole(299)) - 8ee9ea94-b7aa-4256-9521-78badb6f68ce@group-520D126B2A61: changes role from CANDIDATE to LEADER at term 1 for changeToLeader
2022-07-02 07:23:39,624 [8ee9ea94-b7aa-4256-9521-78badb6f68ce@group-520D126B2A61-LeaderElection39] INFO  ratis.XceiverServerRatis (XceiverServerRatis.java:handleLeaderChangedNotification(863)) - Leader change notification received for group: group-520D126B2A61 with new leaderId: 8ee9ea94-b7aa-4256-9521-78badb6f68ce
2022-07-02 07:23:39,626 [EventQueue-OpenPipelineForHealthyPipelineSafeModeRule] INFO  safemode.SCMSafeModeManager (HealthyPipelineSafeModeRule.java:process(124)) - SCM in safe mode. Healthy pipelines reported count is 0, required healthy pipeline reported count is 1
2022-07-02 07:23:39,626 [8ee9ea94-b7aa-4256-9521-78badb6f68ce@group-520D126B2A61-LeaderElection39] INFO  server.RaftServer$Division (ServerState.java:setLeader(287)) - 8ee9ea94-b7aa-4256-9521-78badb6f68ce@group-520D126B2A61: change Leader from null to 8ee9ea94-b7aa-4256-9521-78badb6f68ce at term 1 for becomeLeader, leader elected after 5140ms
2022-07-02 07:23:39,626 [8ee9ea94-b7aa-4256-9521-78badb6f68ce@group-520D126B2A61-LeaderElection39] INFO  server.RaftServerConfigKeys (ConfUtils.java:logGet(46)) - raft.server.staging.catchup.gap = 1000 (default)
2022-07-02 07:23:39,626 [8ee9ea94-b7aa-4256-9521-78badb6f68ce@group-520D126B2A61-LeaderElection39] INFO  server.RaftServerConfigKeys (ConfUtils.java:logGet(46)) - raft.server.write.element-limit = 1024 (custom)
2022-07-02 07:23:39,626 [8ee9ea94-b7aa-4256-9521-78badb6f68ce@group-520D126B2A61-LeaderElection39] INFO  server.RaftServerConfigKeys (ConfUtils.java:logGet(46)) - raft.server.write.byte-limit = 1024 M (=1073741824) (custom)
2022-07-02 07:23:39,627 [8ee9ea94-b7aa-4256-9521-78badb6f68ce@group-520D126B2A61-LeaderElection39] INFO  server.RaftServerConfigKeys (ConfUtils.java:logGet(46)) - raft.server.watch.timeout = 180s (custom)
2022-07-02 07:23:39,627 [8ee9ea94-b7aa-4256-9521-78badb6f68ce@group-520D126B2A61-LeaderElection39] INFO  server.RaftServerConfigKeys (ConfUtils.java:logGet(46)) - raft.server.watch.timeout.denomination = 1s (default)
2022-07-02 07:23:39,627 [8ee9ea94-b7aa-4256-9521-78badb6f68ce@group-520D126B2A61-LeaderElection39] INFO  server.RaftServerConfigKeys (ConfUtils.java:logGet(46)) - raft.server.watch.element-limit = 65536 (default)
2022-07-02 07:23:39,627 [8ee9ea94-b7aa-4256-9521-78badb6f68ce@group-520D126B2A61-LeaderElection39] INFO  server.RaftServerConfigKeys (ConfUtils.java:logGet(46)) - raft.server.write.element-limit = 1024 (custom)
2022-07-02 07:23:39,627 [8ee9ea94-b7aa-4256-9521-78badb6f68ce@group-520D126B2A61-LeaderElection39] INFO  server.RaftServerConfigKeys (ConfUtils.java:logGet(46)) - raft.server.write.follower.gap.ratio.max = -1.0 (default)
2022-07-02 07:23:39,627 [8ee9ea94-b7aa-4256-9521-78badb6f68ce@group-520D126B2A61-LeaderElection39] INFO  impl.RoleInfo (RoleInfo.java:updateAndGet(139)) - 8ee9ea94-b7aa-4256-9521-78badb6f68ce: start 8ee9ea94-b7aa-4256-9521-78badb6f68ce@group-520D126B2A61-LeaderStateImpl
2022-07-02 07:23:39,636 [8ee9ea94-b7aa-4256-9521-78badb6f68ce@group-520D126B2A61-LeaderElection39] INFO  segmented.SegmentedRaftLogWorker (SegmentedRaftLogWorker.java:startLogSegment(425)) - 8ee9ea94-b7aa-4256-9521-78badb6f68ce@group-520D126B2A61-SegmentedRaftLogWorker: Starting segment from index:0
2022-07-02 07:23:39,641 [8ee9ea94-b7aa-4256-9521-78badb6f68ce@group-520D126B2A61-SegmentedRaftLogWorker] INFO  segmented.SegmentedRaftLogWorker (SegmentedRaftLogWorker.java:execute(629)) - 8ee9ea94-b7aa-4256-9521-78badb6f68ce@group-520D126B2A61-SegmentedRaftLogWorker: created new log segment /home/runner/work/ozone/ozone/hadoop-ozone/integration-test/target/test-dir/MiniOzoneClusterImpl-0529b123-343e-47c8-b09a-e64196ae32df/datanode-3/data/ratis/ddd9f0bb-8c04-491f-a827-520d126b2a61/current/log_inprogress_0
2022-07-02 07:23:39,668 [8ee9ea94-b7aa-4256-9521-78badb6f68ce@group-520D126B2A61-LeaderElection39] INFO  server.RaftServer$Division (ServerState.java:setRaftConf(393)) - 8ee9ea94-b7aa-4256-9521-78badb6f68ce@group-520D126B2A61: set configuration 0: [8ee9ea94-b7aa-4256-9521-78badb6f68ce|rpc:10.1.0.20:42261|dataStream:|priority:1], old=null
2022-07-02 07:23:40,156 [Listener at 127.0.0.1/38259] INFO  ozone.MiniOzoneClusterImpl (MiniOzoneClusterImpl.java:lambda$waitForClusterToBeReady$0(223)) - Nodes are ready. Got 5 of 5 DN Heartbeats.
2022-07-02 07:23:40,156 [Listener at 127.0.0.1/38259] INFO  ozone.MiniOzoneClusterImpl (MiniOzoneClusterImpl.java:lambda$waitForClusterToBeReady$0(226)) - Waiting for cluster to exit safe mode
2022-07-02 07:23:40,156 [Listener at 127.0.0.1/38259] INFO  ozone.MiniOzoneClusterImpl (MiniOzoneClusterImpl.java:lambda$waitForClusterToBeReady$0(228)) - SCM became leader
2022-07-02 07:23:40,356 [c36488b4-ebfd-4b41-ac5a-8203e4b42905@group-88C20260634D-FollowerState] INFO  impl.FollowerState (FollowerState.java:run(143)) - c36488b4-ebfd-4b41-ac5a-8203e4b42905@group-88C20260634D-FollowerState: change to CANDIDATE, lastRpcElapsedTime:5095104972ns, electionTimeout:5093ms
2022-07-02 07:23:40,357 [c36488b4-ebfd-4b41-ac5a-8203e4b42905@group-88C20260634D-FollowerState] INFO  impl.RoleInfo (RoleInfo.java:shutdownFollowerState(110)) - c36488b4-ebfd-4b41-ac5a-8203e4b42905: shutdown c36488b4-ebfd-4b41-ac5a-8203e4b42905@group-88C20260634D-FollowerState
2022-07-02 07:23:40,357 [c36488b4-ebfd-4b41-ac5a-8203e4b42905@group-88C20260634D-FollowerState] INFO  server.RaftServer$Division (RaftServerImpl.java:setRole(299)) - c36488b4-ebfd-4b41-ac5a-8203e4b42905@group-88C20260634D: changes role from  FOLLOWER to CANDIDATE at term 1 for changeToCandidate
2022-07-02 07:23:40,357 [c36488b4-ebfd-4b41-ac5a-8203e4b42905@group-88C20260634D-FollowerState] INFO  server.RaftServerConfigKeys (ConfUtils.java:logGet(46)) - raft.server.leaderelection.pre-vote = false (custom)
2022-07-02 07:23:40,357 [c36488b4-ebfd-4b41-ac5a-8203e4b42905@group-88C20260634D-FollowerState] INFO  impl.RoleInfo (RoleInfo.java:updateAndGet(139)) - c36488b4-ebfd-4b41-ac5a-8203e4b42905: start c36488b4-ebfd-4b41-ac5a-8203e4b42905@group-88C20260634D-LeaderElection40
2022-07-02 07:23:40,374 [62d41a72-c69a-4c51-8969-57edf65cfd32@group-88C20260634D-FollowerState] INFO  impl.FollowerState (FollowerState.java:run(143)) - 62d41a72-c69a-4c51-8969-57edf65cfd32@group-88C20260634D-FollowerState: change to CANDIDATE, lastRpcElapsedTime:5101558807ns, electionTimeout:5092ms
2022-07-02 07:23:40,374 [62d41a72-c69a-4c51-8969-57edf65cfd32@group-88C20260634D-FollowerState] INFO  impl.RoleInfo (RoleInfo.java:shutdownFollowerState(110)) - 62d41a72-c69a-4c51-8969-57edf65cfd32: shutdown 62d41a72-c69a-4c51-8969-57edf65cfd32@group-88C20260634D-FollowerState
2022-07-02 07:23:40,374 [62d41a72-c69a-4c51-8969-57edf65cfd32@group-88C20260634D-FollowerState] INFO  server.RaftServer$Division (RaftServerImpl.java:setRole(299)) - 62d41a72-c69a-4c51-8969-57edf65cfd32@group-88C20260634D: changes role from  FOLLOWER to CANDIDATE at term 1 for changeToCandidate
2022-07-02 07:23:40,374 [62d41a72-c69a-4c51-8969-57edf65cfd32@group-88C20260634D-FollowerState] INFO  server.RaftServerConfigKeys (ConfUtils.java:logGet(46)) - raft.server.leaderelection.pre-vote = false (custom)
2022-07-02 07:23:40,374 [62d41a72-c69a-4c51-8969-57edf65cfd32@group-88C20260634D-FollowerState] INFO  impl.RoleInfo (RoleInfo.java:updateAndGet(139)) - 62d41a72-c69a-4c51-8969-57edf65cfd32: start 62d41a72-c69a-4c51-8969-57edf65cfd32@group-88C20260634D-LeaderElection41
2022-07-02 07:23:40,413 [c36488b4-ebfd-4b41-ac5a-8203e4b42905@group-88C20260634D-LeaderElection40] INFO  impl.LeaderElection (LeaderElection.java:askForVotes(310)) - c36488b4-ebfd-4b41-ac5a-8203e4b42905@group-88C20260634D-LeaderElection40 ELECTION round 0: submit vote requests at term 2 for -1: [62d41a72-c69a-4c51-8969-57edf65cfd32|rpc:10.1.0.20:44989|dataStream:|priority:0, c36488b4-ebfd-4b41-ac5a-8203e4b42905|rpc:10.1.0.20:40803|dataStream:|priority:1, d727aa53-777d-4565-b781-b847e62e7de2|rpc:10.1.0.20:38235|dataStream:|priority:0], old=null
2022-07-02 07:23:40,413 [62d41a72-c69a-4c51-8969-57edf65cfd32@group-88C20260634D-LeaderElection41] INFO  impl.LeaderElection (LeaderElection.java:askForVotes(310)) - 62d41a72-c69a-4c51-8969-57edf65cfd32@group-88C20260634D-LeaderElection41 ELECTION round 0: submit vote requests at term 2 for -1: [62d41a72-c69a-4c51-8969-57edf65cfd32|rpc:10.1.0.20:44989|priority:0, c36488b4-ebfd-4b41-ac5a-8203e4b42905|rpc:10.1.0.20:40803|priority:1, d727aa53-777d-4565-b781-b847e62e7de2|rpc:10.1.0.20:38235|priority:0], old=null
2022-07-02 07:23:40,519 [grpc-default-executor-0] INFO  server.RaftServer$Division (RaftServerImpl.java:requestVote(1152)) - c36488b4-ebfd-4b41-ac5a-8203e4b42905@group-88C20260634D: receive requestVote(ELECTION, 62d41a72-c69a-4c51-8969-57edf65cfd32, group-88C20260634D, 2, (t:0, i:0))
2022-07-02 07:23:40,519 [grpc-default-executor-1] INFO  server.RaftServer$Division (RaftServerImpl.java:requestVote(1152)) - d727aa53-777d-4565-b781-b847e62e7de2@group-88C20260634D: receive requestVote(ELECTION, 62d41a72-c69a-4c51-8969-57edf65cfd32, group-88C20260634D, 2, (t:0, i:0))
2022-07-02 07:23:40,519 [grpc-default-executor-1] INFO  impl.VoteContext (VoteContext.java:log(48)) - d727aa53-777d-4565-b781-b847e62e7de2@group-88C20260634D-FOLLOWER: accept ELECTION from 62d41a72-c69a-4c51-8969-57edf65cfd32: our priority 0 <= candidate's priority 0
2022-07-02 07:23:40,519 [grpc-default-executor-1] INFO  server.RaftServer$Division (RaftServerImpl.java:setRole(299)) - d727aa53-777d-4565-b781-b847e62e7de2@group-88C20260634D: changes role from  FOLLOWER to FOLLOWER at term 2 for candidate:62d41a72-c69a-4c51-8969-57edf65cfd32
2022-07-02 07:23:40,519 [grpc-default-executor-1] INFO  impl.RoleInfo (RoleInfo.java:shutdownFollowerState(110)) - d727aa53-777d-4565-b781-b847e62e7de2: shutdown d727aa53-777d-4565-b781-b847e62e7de2@group-88C20260634D-FollowerState
2022-07-02 07:23:40,519 [grpc-default-executor-0] INFO  impl.VoteContext (VoteContext.java:log(48)) - c36488b4-ebfd-4b41-ac5a-8203e4b42905@group-88C20260634D-CANDIDATE: reject ELECTION from 62d41a72-c69a-4c51-8969-57edf65cfd32: already has voted for c36488b4-ebfd-4b41-ac5a-8203e4b42905 at current term 2
2022-07-02 07:23:40,532 [d727aa53-777d-4565-b781-b847e62e7de2@group-88C20260634D-FollowerState] INFO  impl.FollowerState (FollowerState.java:shouldRun(117)) - d727aa53-777d-4565-b781-b847e62e7de2@group-88C20260634D-FollowerState: Stopping now (isRunning? false, role = FOLLOWER)
2022-07-02 07:23:40,539 [grpc-default-executor-0] INFO  server.RaftServer$Division (RaftServerImpl.java:requestVote(1184)) - c36488b4-ebfd-4b41-ac5a-8203e4b42905@group-88C20260634D replies to ELECTION vote request: 62d41a72-c69a-4c51-8969-57edf65cfd32<-c36488b4-ebfd-4b41-ac5a-8203e4b42905#0:FAIL-t2. Peer's state: c36488b4-ebfd-4b41-ac5a-8203e4b42905@group-88C20260634D:t2, leader=null, voted=c36488b4-ebfd-4b41-ac5a-8203e4b42905, raftlog=c36488b4-ebfd-4b41-ac5a-8203e4b42905@group-88C20260634D-SegmentedRaftLog:OPENED:c-1, conf=-1: [62d41a72-c69a-4c51-8969-57edf65cfd32|rpc:10.1.0.20:44989|dataStream:|priority:0, c36488b4-ebfd-4b41-ac5a-8203e4b42905|rpc:10.1.0.20:40803|dataStream:|priority:1, d727aa53-777d-4565-b781-b847e62e7de2|rpc:10.1.0.20:38235|dataStream:|priority:0], old=null
2022-07-02 07:23:40,540 [62d41a72-c69a-4c51-8969-57edf65cfd32@group-88C20260634D-LeaderElection41] INFO  impl.LeaderElection (LeaderElection.java:logAndReturn(90)) - 62d41a72-c69a-4c51-8969-57edf65cfd32@group-88C20260634D-LeaderElection41: ELECTION REJECTED received 1 response(s) and 0 exception(s):
2022-07-02 07:23:40,540 [62d41a72-c69a-4c51-8969-57edf65cfd32@group-88C20260634D-LeaderElection41] INFO  impl.LeaderElection (LeaderElection.java:logAndReturn(94)) -   Response 0: 62d41a72-c69a-4c51-8969-57edf65cfd32<-c36488b4-ebfd-4b41-ac5a-8203e4b42905#0:FAIL-t2
2022-07-02 07:23:40,540 [62d41a72-c69a-4c51-8969-57edf65cfd32@group-88C20260634D-LeaderElection41] INFO  impl.LeaderElection (LeaderElection.java:askForVotes(312)) - 62d41a72-c69a-4c51-8969-57edf65cfd32@group-88C20260634D-LeaderElection41 ELECTION round 0: result REJECTED
2022-07-02 07:23:40,540 [62d41a72-c69a-4c51-8969-57edf65cfd32@group-88C20260634D-LeaderElection41] INFO  server.RaftServer$Division (RaftServerImpl.java:setRole(299)) - 62d41a72-c69a-4c51-8969-57edf65cfd32@group-88C20260634D: changes role from CANDIDATE to FOLLOWER at term 2 for REJECTED
2022-07-02 07:23:40,540 [62d41a72-c69a-4c51-8969-57edf65cfd32@group-88C20260634D-LeaderElection41] INFO  impl.RoleInfo (RoleInfo.java:shutdownLeaderElection(130)) - 62d41a72-c69a-4c51-8969-57edf65cfd32: shutdown 62d41a72-c69a-4c51-8969-57edf65cfd32@group-88C20260634D-LeaderElection41
2022-07-02 07:23:40,541 [62d41a72-c69a-4c51-8969-57edf65cfd32@group-88C20260634D-LeaderElection41] INFO  impl.RoleInfo (RoleInfo.java:updateAndGet(139)) - 62d41a72-c69a-4c51-8969-57edf65cfd32: start 62d41a72-c69a-4c51-8969-57edf65cfd32@group-88C20260634D-FollowerState
2022-07-02 07:23:40,558 [grpc-default-executor-1] INFO  impl.RoleInfo (RoleInfo.java:updateAndGet(139)) - d727aa53-777d-4565-b781-b847e62e7de2: start d727aa53-777d-4565-b781-b847e62e7de2@group-88C20260634D-FollowerState
2022-07-02 07:23:40,560 [grpc-default-executor-1] INFO  server.RaftServer$Division (RaftServerImpl.java:requestVote(1184)) - d727aa53-777d-4565-b781-b847e62e7de2@group-88C20260634D replies to ELECTION vote request: 62d41a72-c69a-4c51-8969-57edf65cfd32<-d727aa53-777d-4565-b781-b847e62e7de2#0:OK-t2. Peer's state: d727aa53-777d-4565-b781-b847e62e7de2@group-88C20260634D:t2, leader=null, voted=62d41a72-c69a-4c51-8969-57edf65cfd32, raftlog=d727aa53-777d-4565-b781-b847e62e7de2@group-88C20260634D-SegmentedRaftLog:OPENED:c-1, conf=-1: [62d41a72-c69a-4c51-8969-57edf65cfd32|rpc:10.1.0.20:44989|dataStream:|priority:0, c36488b4-ebfd-4b41-ac5a-8203e4b42905|rpc:10.1.0.20:40803|dataStream:|priority:1, d727aa53-777d-4565-b781-b847e62e7de2|rpc:10.1.0.20:38235|dataStream:|priority:0], old=null
2022-07-02 07:23:40,580 [grpc-default-executor-3] INFO  server.RaftServer$Division (RaftServerImpl.java:requestVote(1152)) - d727aa53-777d-4565-b781-b847e62e7de2@group-88C20260634D: receive requestVote(ELECTION, c36488b4-ebfd-4b41-ac5a-8203e4b42905, group-88C20260634D, 2, (t:0, i:0))
2022-07-02 07:23:40,580 [grpc-default-executor-2] INFO  server.RaftServer$Division (RaftServerImpl.java:requestVote(1152)) - 62d41a72-c69a-4c51-8969-57edf65cfd32@group-88C20260634D: receive requestVote(ELECTION, c36488b4-ebfd-4b41-ac5a-8203e4b42905, group-88C20260634D, 2, (t:0, i:0))
2022-07-02 07:23:40,580 [grpc-default-executor-2] INFO  impl.VoteContext (VoteContext.java:log(48)) - 62d41a72-c69a-4c51-8969-57edf65cfd32@group-88C20260634D-FOLLOWER: reject ELECTION from c36488b4-ebfd-4b41-ac5a-8203e4b42905: already has voted for 62d41a72-c69a-4c51-8969-57edf65cfd32 at current term 2
2022-07-02 07:23:40,580 [grpc-default-executor-2] INFO  server.RaftServer$Division (RaftServerImpl.java:requestVote(1184)) - 62d41a72-c69a-4c51-8969-57edf65cfd32@group-88C20260634D replies to ELECTION vote request: c36488b4-ebfd-4b41-ac5a-8203e4b42905<-62d41a72-c69a-4c51-8969-57edf65cfd32#0:FAIL-t2. Peer's state: 62d41a72-c69a-4c51-8969-57edf65cfd32@group-88C20260634D:t2, leader=null, voted=62d41a72-c69a-4c51-8969-57edf65cfd32, raftlog=62d41a72-c69a-4c51-8969-57edf65cfd32@group-88C20260634D-SegmentedRaftLog:OPENED:c-1, conf=-1: [62d41a72-c69a-4c51-8969-57edf65cfd32|rpc:10.1.0.20:44989|priority:0, c36488b4-ebfd-4b41-ac5a-8203e4b42905|rpc:10.1.0.20:40803|priority:1, d727aa53-777d-4565-b781-b847e62e7de2|rpc:10.1.0.20:38235|priority:0], old=null
2022-07-02 07:23:40,620 [grpc-default-executor-3] INFO  impl.VoteContext (VoteContext.java:log(48)) - d727aa53-777d-4565-b781-b847e62e7de2@group-88C20260634D-FOLLOWER: reject ELECTION from c36488b4-ebfd-4b41-ac5a-8203e4b42905: already has voted for 62d41a72-c69a-4c51-8969-57edf65cfd32 at current term 2
2022-07-02 07:23:40,620 [grpc-default-executor-3] INFO  server.RaftServer$Division (RaftServerImpl.java:requestVote(1184)) - d727aa53-777d-4565-b781-b847e62e7de2@group-88C20260634D replies to ELECTION vote request: c36488b4-ebfd-4b41-ac5a-8203e4b42905<-d727aa53-777d-4565-b781-b847e62e7de2#0:FAIL-t2. Peer's state: d727aa53-777d-4565-b781-b847e62e7de2@group-88C20260634D:t2, leader=null, voted=62d41a72-c69a-4c51-8969-57edf65cfd32, raftlog=d727aa53-777d-4565-b781-b847e62e7de2@group-88C20260634D-SegmentedRaftLog:OPENED:c-1, conf=-1: [62d41a72-c69a-4c51-8969-57edf65cfd32|rpc:10.1.0.20:44989|dataStream:|priority:0, c36488b4-ebfd-4b41-ac5a-8203e4b42905|rpc:10.1.0.20:40803|dataStream:|priority:1, d727aa53-777d-4565-b781-b847e62e7de2|rpc:10.1.0.20:38235|dataStream:|priority:0], old=null
2022-07-02 07:23:40,648 [c36488b4-ebfd-4b41-ac5a-8203e4b42905@group-88C20260634D-LeaderElection40] INFO  impl.LeaderElection (LeaderElection.java:logAndReturn(90)) - c36488b4-ebfd-4b41-ac5a-8203e4b42905@group-88C20260634D-LeaderElection40: ELECTION REJECTED received 2 response(s) and 0 exception(s):
2022-07-02 07:23:40,648 [c36488b4-ebfd-4b41-ac5a-8203e4b42905@group-88C20260634D-LeaderElection40] INFO  impl.LeaderElection (LeaderElection.java:logAndReturn(94)) -   Response 0: c36488b4-ebfd-4b41-ac5a-8203e4b42905<-62d41a72-c69a-4c51-8969-57edf65cfd32#0:FAIL-t2
2022-07-02 07:23:40,648 [c36488b4-ebfd-4b41-ac5a-8203e4b42905@group-88C20260634D-LeaderElection40] INFO  impl.LeaderElection (LeaderElection.java:logAndReturn(94)) -   Response 1: c36488b4-ebfd-4b41-ac5a-8203e4b42905<-d727aa53-777d-4565-b781-b847e62e7de2#0:FAIL-t2
2022-07-02 07:23:40,648 [c36488b4-ebfd-4b41-ac5a-8203e4b42905@group-88C20260634D-LeaderElection40] INFO  impl.LeaderElection (LeaderElection.java:askForVotes(312)) - c36488b4-ebfd-4b41-ac5a-8203e4b42905@group-88C20260634D-LeaderElection40 ELECTION round 0: result REJECTED
2022-07-02 07:23:40,648 [c36488b4-ebfd-4b41-ac5a-8203e4b42905@group-88C20260634D-LeaderElection40] INFO  server.RaftServer$Division (RaftServerImpl.java:setRole(299)) - c36488b4-ebfd-4b41-ac5a-8203e4b42905@group-88C20260634D: changes role from CANDIDATE to FOLLOWER at term 2 for REJECTED
2022-07-02 07:23:40,648 [c36488b4-ebfd-4b41-ac5a-8203e4b42905@group-88C20260634D-LeaderElection40] INFO  impl.RoleInfo (RoleInfo.java:shutdownLeaderElection(130)) - c36488b4-ebfd-4b41-ac5a-8203e4b42905: shutdown c36488b4-ebfd-4b41-ac5a-8203e4b42905@group-88C20260634D-LeaderElection40
2022-07-02 07:23:40,648 [c36488b4-ebfd-4b41-ac5a-8203e4b42905@group-88C20260634D-LeaderElection40] INFO  impl.RoleInfo (RoleInfo.java:updateAndGet(139)) - c36488b4-ebfd-4b41-ac5a-8203e4b42905: start c36488b4-ebfd-4b41-ac5a-8203e4b42905@group-88C20260634D-FollowerState
2022-07-02 07:23:40,847 [c36488b4-ebfd-4b41-ac5a-8203e4b42905@group-DFAC8FC8CCEB-FollowerState] INFO  impl.FollowerState (FollowerState.java:run(143)) - c36488b4-ebfd-4b41-ac5a-8203e4b42905@group-DFAC8FC8CCEB-FollowerState: change to CANDIDATE, lastRpcElapsedTime:5025903103ns, electionTimeout:5007ms
2022-07-02 07:23:40,847 [c36488b4-ebfd-4b41-ac5a-8203e4b42905@group-DFAC8FC8CCEB-FollowerState] INFO  impl.RoleInfo (RoleInfo.java:shutdownFollowerState(110)) - c36488b4-ebfd-4b41-ac5a-8203e4b42905: shutdown c36488b4-ebfd-4b41-ac5a-8203e4b42905@group-DFAC8FC8CCEB-FollowerState
2022-07-02 07:23:40,847 [c36488b4-ebfd-4b41-ac5a-8203e4b42905@group-DFAC8FC8CCEB-FollowerState] INFO  server.RaftServer$Division (RaftServerImpl.java:setRole(299)) - c36488b4-ebfd-4b41-ac5a-8203e4b42905@group-DFAC8FC8CCEB: changes role from  FOLLOWER to CANDIDATE at term 1 for changeToCandidate
2022-07-02 07:23:40,848 [c36488b4-ebfd-4b41-ac5a-8203e4b42905@group-DFAC8FC8CCEB-FollowerState] INFO  server.RaftServerConfigKeys (ConfUtils.java:logGet(46)) - raft.server.leaderelection.pre-vote = false (custom)
2022-07-02 07:23:40,848 [c36488b4-ebfd-4b41-ac5a-8203e4b42905@group-DFAC8FC8CCEB-FollowerState] INFO  impl.RoleInfo (RoleInfo.java:updateAndGet(139)) - c36488b4-ebfd-4b41-ac5a-8203e4b42905: start c36488b4-ebfd-4b41-ac5a-8203e4b42905@group-DFAC8FC8CCEB-LeaderElection42
2022-07-02 07:23:40,919 [d727aa53-777d-4565-b781-b847e62e7de2@group-DFAC8FC8CCEB-FollowerState] INFO  impl.FollowerState (FollowerState.java:run(143)) - d727aa53-777d-4565-b781-b847e62e7de2@group-DFAC8FC8CCEB-FollowerState: change to CANDIDATE, lastRpcElapsedTime:5068450617ns, electionTimeout:5041ms
2022-07-02 07:23:40,919 [d727aa53-777d-4565-b781-b847e62e7de2@group-DFAC8FC8CCEB-FollowerState] INFO  impl.RoleInfo (RoleInfo.java:shutdownFollowerState(110)) - d727aa53-777d-4565-b781-b847e62e7de2: shutdown d727aa53-777d-4565-b781-b847e62e7de2@group-DFAC8FC8CCEB-FollowerState
2022-07-02 07:23:40,920 [d727aa53-777d-4565-b781-b847e62e7de2@group-DFAC8FC8CCEB-FollowerState] INFO  server.RaftServer$Division (RaftServerImpl.java:setRole(299)) - d727aa53-777d-4565-b781-b847e62e7de2@group-DFAC8FC8CCEB: changes role from  FOLLOWER to CANDIDATE at term 1 for changeToCandidate
2022-07-02 07:23:40,920 [d727aa53-777d-4565-b781-b847e62e7de2@group-DFAC8FC8CCEB-FollowerState] INFO  server.RaftServerConfigKeys (ConfUtils.java:logGet(46)) - raft.server.leaderelection.pre-vote = false (custom)
2022-07-02 07:23:40,920 [d727aa53-777d-4565-b781-b847e62e7de2@group-DFAC8FC8CCEB-FollowerState] INFO  impl.RoleInfo (RoleInfo.java:updateAndGet(139)) - d727aa53-777d-4565-b781-b847e62e7de2: start d727aa53-777d-4565-b781-b847e62e7de2@group-DFAC8FC8CCEB-LeaderElection43
2022-07-02 07:23:40,988 [d727aa53-777d-4565-b781-b847e62e7de2@group-DFAC8FC8CCEB-LeaderElection43] INFO  impl.LeaderElection (LeaderElection.java:askForVotes(310)) - d727aa53-777d-4565-b781-b847e62e7de2@group-DFAC8FC8CCEB-LeaderElection43 ELECTION round 0: submit vote requests at term 2 for -1: [62d41a72-c69a-4c51-8969-57edf65cfd32|rpc:10.1.0.20:44989|priority:0, c36488b4-ebfd-4b41-ac5a-8203e4b42905|rpc:10.1.0.20:40803|priority:0, d727aa53-777d-4565-b781-b847e62e7de2|rpc:10.1.0.20:38235|priority:1], old=null
2022-07-02 07:23:40,988 [c36488b4-ebfd-4b41-ac5a-8203e4b42905@group-DFAC8FC8CCEB-LeaderElection42] INFO  impl.LeaderElection (LeaderElection.java:askForVotes(310)) - c36488b4-ebfd-4b41-ac5a-8203e4b42905@group-DFAC8FC8CCEB-LeaderElection42 ELECTION round 0: submit vote requests at term 2 for -1: [62d41a72-c69a-4c51-8969-57edf65cfd32|rpc:10.1.0.20:44989|dataStream:|priority:0, c36488b4-ebfd-4b41-ac5a-8203e4b42905|rpc:10.1.0.20:40803|dataStream:|priority:0, d727aa53-777d-4565-b781-b847e62e7de2|rpc:10.1.0.20:38235|dataStream:|priority:1], old=null
2022-07-02 07:23:41,065 [62d41a72-c69a-4c51-8969-57edf65cfd32@group-DFAC8FC8CCEB-FollowerState] INFO  impl.FollowerState (FollowerState.java:run(143)) - 62d41a72-c69a-4c51-8969-57edf65cfd32@group-DFAC8FC8CCEB-FollowerState: change to CANDIDATE, lastRpcElapsedTime:5151923360ns, electionTimeout:5116ms
2022-07-02 07:23:41,065 [62d41a72-c69a-4c51-8969-57edf65cfd32@group-DFAC8FC8CCEB-FollowerState] INFO  impl.RoleInfo (RoleInfo.java:shutdownFollowerState(110)) - 62d41a72-c69a-4c51-8969-57edf65cfd32: shutdown 62d41a72-c69a-4c51-8969-57edf65cfd32@group-DFAC8FC8CCEB-FollowerState
2022-07-02 07:23:41,065 [62d41a72-c69a-4c51-8969-57edf65cfd32@group-DFAC8FC8CCEB-FollowerState] INFO  server.RaftServer$Division (RaftServerImpl.java:setRole(299)) - 62d41a72-c69a-4c51-8969-57edf65cfd32@group-DFAC8FC8CCEB: changes role from  FOLLOWER to CANDIDATE at term 1 for changeToCandidate
2022-07-02 07:23:41,065 [62d41a72-c69a-4c51-8969-57edf65cfd32@group-DFAC8FC8CCEB-FollowerState] INFO  server.RaftServerConfigKeys (ConfUtils.java:logGet(46)) - raft.server.leaderelection.pre-vote = false (custom)
2022-07-02 07:23:41,065 [62d41a72-c69a-4c51-8969-57edf65cfd32@group-DFAC8FC8CCEB-FollowerState] INFO  impl.RoleInfo (RoleInfo.java:updateAndGet(139)) - 62d41a72-c69a-4c51-8969-57edf65cfd32: start 62d41a72-c69a-4c51-8969-57edf65cfd32@group-DFAC8FC8CCEB-LeaderElection44
2022-07-02 07:23:41,099 [62d41a72-c69a-4c51-8969-57edf65cfd32@group-DFAC8FC8CCEB-LeaderElection44] INFO  impl.LeaderElection (LeaderElection.java:askForVotes(310)) - 62d41a72-c69a-4c51-8969-57edf65cfd32@group-DFAC8FC8CCEB-LeaderElection44 ELECTION round 0: submit vote requests at term 2 for -1: [62d41a72-c69a-4c51-8969-57edf65cfd32|rpc:10.1.0.20:44989|priority:0, c36488b4-ebfd-4b41-ac5a-8203e4b42905|rpc:10.1.0.20:40803|priority:0, d727aa53-777d-4565-b781-b847e62e7de2|rpc:10.1.0.20:38235|priority:1], old=null
2022-07-02 07:23:41,145 [grpc-default-executor-2] INFO  server.RaftServer$Division (RaftServerImpl.java:requestVote(1152)) - 62d41a72-c69a-4c51-8969-57edf65cfd32@group-DFAC8FC8CCEB: receive requestVote(ELECTION, d727aa53-777d-4565-b781-b847e62e7de2, group-DFAC8FC8CCEB, 2, (t:0, i:0))
2022-07-02 07:23:41,146 [grpc-default-executor-1] INFO  server.RaftServer$Division (RaftServerImpl.java:requestVote(1152)) - 62d41a72-c69a-4c51-8969-57edf65cfd32@group-DFAC8FC8CCEB: receive requestVote(ELECTION, c36488b4-ebfd-4b41-ac5a-8203e4b42905, group-DFAC8FC8CCEB, 2, (t:0, i:0))
2022-07-02 07:23:41,146 [grpc-default-executor-3] INFO  server.RaftServer$Division (RaftServerImpl.java:requestVote(1152)) - d727aa53-777d-4565-b781-b847e62e7de2@group-DFAC8FC8CCEB: receive requestVote(ELECTION, c36488b4-ebfd-4b41-ac5a-8203e4b42905, group-DFAC8FC8CCEB, 2, (t:0, i:0))
2022-07-02 07:23:41,146 [grpc-default-executor-3] INFO  impl.VoteContext (VoteContext.java:log(48)) - d727aa53-777d-4565-b781-b847e62e7de2@group-DFAC8FC8CCEB-CANDIDATE: reject ELECTION from c36488b4-ebfd-4b41-ac5a-8203e4b42905: already has voted for d727aa53-777d-4565-b781-b847e62e7de2 at current term 2
2022-07-02 07:23:41,146 [grpc-default-executor-3] INFO  server.RaftServer$Division (RaftServerImpl.java:requestVote(1184)) - d727aa53-777d-4565-b781-b847e62e7de2@group-DFAC8FC8CCEB replies to ELECTION vote request: c36488b4-ebfd-4b41-ac5a-8203e4b42905<-d727aa53-777d-4565-b781-b847e62e7de2#0:FAIL-t2. Peer's state: d727aa53-777d-4565-b781-b847e62e7de2@group-DFAC8FC8CCEB:t2, leader=null, voted=d727aa53-777d-4565-b781-b847e62e7de2, raftlog=d727aa53-777d-4565-b781-b847e62e7de2@group-DFAC8FC8CCEB-SegmentedRaftLog:OPENED:c-1, conf=-1: [62d41a72-c69a-4c51-8969-57edf65cfd32|rpc:10.1.0.20:44989|priority:0, c36488b4-ebfd-4b41-ac5a-8203e4b42905|rpc:10.1.0.20:40803|priority:0, d727aa53-777d-4565-b781-b847e62e7de2|rpc:10.1.0.20:38235|priority:1], old=null
2022-07-02 07:23:41,146 [grpc-default-executor-2] INFO  impl.VoteContext (VoteContext.java:log(48)) - 62d41a72-c69a-4c51-8969-57edf65cfd32@group-DFAC8FC8CCEB-CANDIDATE: reject ELECTION from d727aa53-777d-4565-b781-b847e62e7de2: already has voted for 62d41a72-c69a-4c51-8969-57edf65cfd32 at current term 2
2022-07-02 07:23:41,146 [grpc-default-executor-2] INFO  server.RaftServer$Division (RaftServerImpl.java:requestVote(1184)) - 62d41a72-c69a-4c51-8969-57edf65cfd32@group-DFAC8FC8CCEB replies to ELECTION vote request: d727aa53-777d-4565-b781-b847e62e7de2<-62d41a72-c69a-4c51-8969-57edf65cfd32#0:FAIL-t2. Peer's state: 62d41a72-c69a-4c51-8969-57edf65cfd32@group-DFAC8FC8CCEB:t2, leader=null, voted=62d41a72-c69a-4c51-8969-57edf65cfd32, raftlog=62d41a72-c69a-4c51-8969-57edf65cfd32@group-DFAC8FC8CCEB-SegmentedRaftLog:OPENED:c-1, conf=-1: [62d41a72-c69a-4c51-8969-57edf65cfd32|rpc:10.1.0.20:44989|priority:0, c36488b4-ebfd-4b41-ac5a-8203e4b42905|rpc:10.1.0.20:40803|priority:0, d727aa53-777d-4565-b781-b847e62e7de2|rpc:10.1.0.20:38235|priority:1], old=null
2022-07-02 07:23:41,145 [grpc-default-executor-0] INFO  server.RaftServer$Division (RaftServerImpl.java:requestVote(1152)) - c36488b4-ebfd-4b41-ac5a-8203e4b42905@group-DFAC8FC8CCEB: receive requestVote(ELECTION, d727aa53-777d-4565-b781-b847e62e7de2, group-DFAC8FC8CCEB, 2, (t:0, i:0))
2022-07-02 07:23:41,147 [grpc-default-executor-0] INFO  impl.VoteContext (VoteContext.java:log(48)) - c36488b4-ebfd-4b41-ac5a-8203e4b42905@group-DFAC8FC8CCEB-CANDIDATE: reject ELECTION from d727aa53-777d-4565-b781-b847e62e7de2: already has voted for c36488b4-ebfd-4b41-ac5a-8203e4b42905 at current term 2
2022-07-02 07:23:41,147 [grpc-default-executor-0] INFO  server.RaftServer$Division (RaftServerImpl.java:requestVote(1184)) - c36488b4-ebfd-4b41-ac5a-8203e4b42905@group-DFAC8FC8CCEB replies to ELECTION vote request: d727aa53-777d-4565-b781-b847e62e7de2<-c36488b4-ebfd-4b41-ac5a-8203e4b42905#0:FAIL-t2. Peer's state: c36488b4-ebfd-4b41-ac5a-8203e4b42905@group-DFAC8FC8CCEB:t2, leader=null, voted=c36488b4-ebfd-4b41-ac5a-8203e4b42905, raftlog=c36488b4-ebfd-4b41-ac5a-8203e4b42905@group-DFAC8FC8CCEB-SegmentedRaftLog:OPENED:c-1, conf=-1: [62d41a72-c69a-4c51-8969-57edf65cfd32|rpc:10.1.0.20:44989|dataStream:|priority:0, c36488b4-ebfd-4b41-ac5a-8203e4b42905|rpc:10.1.0.20:40803|dataStream:|priority:0, d727aa53-777d-4565-b781-b847e62e7de2|rpc:10.1.0.20:38235|dataStream:|priority:1], old=null
2022-07-02 07:23:41,147 [grpc-default-executor-1] INFO  impl.VoteContext (VoteContext.java:log(48)) - 62d41a72-c69a-4c51-8969-57edf65cfd32@group-DFAC8FC8CCEB-CANDIDATE: reject ELECTION from c36488b4-ebfd-4b41-ac5a-8203e4b42905: already has voted for 62d41a72-c69a-4c51-8969-57edf65cfd32 at current term 2
2022-07-02 07:23:41,147 [grpc-default-executor-1] INFO  server.RaftServer$Division (RaftServerImpl.java:requestVote(1184)) - 62d41a72-c69a-4c51-8969-57edf65cfd32@group-DFAC8FC8CCEB replies to ELECTION vote request: c36488b4-ebfd-4b41-ac5a-8203e4b42905<-62d41a72-c69a-4c51-8969-57edf65cfd32#0:FAIL-t2. Peer's state: 62d41a72-c69a-4c51-8969-57edf65cfd32@group-DFAC8FC8CCEB:t2, leader=null, voted=62d41a72-c69a-4c51-8969-57edf65cfd32, raftlog=62d41a72-c69a-4c51-8969-57edf65cfd32@group-DFAC8FC8CCEB-SegmentedRaftLog:OPENED:c-1, conf=-1: [62d41a72-c69a-4c51-8969-57edf65cfd32|rpc:10.1.0.20:44989|priority:0, c36488b4-ebfd-4b41-ac5a-8203e4b42905|rpc:10.1.0.20:40803|priority:0, d727aa53-777d-4565-b781-b847e62e7de2|rpc:10.1.0.20:38235|priority:1], old=null
2022-07-02 07:23:41,156 [Listener at 127.0.0.1/38259] INFO  ozone.MiniOzoneClusterImpl (MiniOzoneClusterImpl.java:lambda$waitForClusterToBeReady$0(223)) - Nodes are ready. Got 5 of 5 DN Heartbeats.
2022-07-02 07:23:41,157 [Listener at 127.0.0.1/38259] INFO  ozone.MiniOzoneClusterImpl (MiniOzoneClusterImpl.java:lambda$waitForClusterToBeReady$0(226)) - Waiting for cluster to exit safe mode
2022-07-02 07:23:41,157 [Listener at 127.0.0.1/38259] INFO  ozone.MiniOzoneClusterImpl (MiniOzoneClusterImpl.java:lambda$waitForClusterToBeReady$0(228)) - SCM became leader
2022-07-02 07:23:41,225 [c36488b4-ebfd-4b41-ac5a-8203e4b42905@group-DFAC8FC8CCEB-LeaderElection42] INFO  impl.LeaderElection (LeaderElection.java:logAndReturn(90)) - c36488b4-ebfd-4b41-ac5a-8203e4b42905@group-DFAC8FC8CCEB-LeaderElection42: ELECTION REJECTED received 2 response(s) and 0 exception(s):
2022-07-02 07:23:41,225 [c36488b4-ebfd-4b41-ac5a-8203e4b42905@group-DFAC8FC8CCEB-LeaderElection42] INFO  impl.LeaderElection (LeaderElection.java:logAndReturn(94)) -   Response 0: c36488b4-ebfd-4b41-ac5a-8203e4b42905<-62d41a72-c69a-4c51-8969-57edf65cfd32#0:FAIL-t2
2022-07-02 07:23:41,225 [c36488b4-ebfd-4b41-ac5a-8203e4b42905@group-DFAC8FC8CCEB-LeaderElection42] INFO  impl.LeaderElection (LeaderElection.java:logAndReturn(94)) -   Response 1: c36488b4-ebfd-4b41-ac5a-8203e4b42905<-d727aa53-777d-4565-b781-b847e62e7de2#0:FAIL-t2
2022-07-02 07:23:41,225 [c36488b4-ebfd-4b41-ac5a-8203e4b42905@group-DFAC8FC8CCEB-LeaderElection42] INFO  impl.LeaderElection (LeaderElection.java:askForVotes(312)) - c36488b4-ebfd-4b41-ac5a-8203e4b42905@group-DFAC8FC8CCEB-LeaderElection42 ELECTION round 0: result REJECTED
2022-07-02 07:23:41,225 [c36488b4-ebfd-4b41-ac5a-8203e4b42905@group-DFAC8FC8CCEB-LeaderElection42] INFO  server.RaftServer$Division (RaftServerImpl.java:setRole(299)) - c36488b4-ebfd-4b41-ac5a-8203e4b42905@group-DFAC8FC8CCEB: changes role from CANDIDATE to FOLLOWER at term 2 for REJECTED
2022-07-02 07:23:41,225 [c36488b4-ebfd-4b41-ac5a-8203e4b42905@group-DFAC8FC8CCEB-LeaderElection42] INFO  impl.RoleInfo (RoleInfo.java:shutdownLeaderElection(130)) - c36488b4-ebfd-4b41-ac5a-8203e4b42905: shutdown c36488b4-ebfd-4b41-ac5a-8203e4b42905@group-DFAC8FC8CCEB-LeaderElection42
2022-07-02 07:23:41,225 [c36488b4-ebfd-4b41-ac5a-8203e4b42905@group-DFAC8FC8CCEB-LeaderElection42] INFO  impl.RoleInfo (RoleInfo.java:updateAndGet(139)) - c36488b4-ebfd-4b41-ac5a-8203e4b42905: start c36488b4-ebfd-4b41-ac5a-8203e4b42905@group-DFAC8FC8CCEB-FollowerState
2022-07-02 07:23:41,225 [d727aa53-777d-4565-b781-b847e62e7de2@group-DFAC8FC8CCEB-LeaderElection43] INFO  impl.LeaderElection (LeaderElection.java:logAndReturn(90)) - d727aa53-777d-4565-b781-b847e62e7de2@group-DFAC8FC8CCEB-LeaderElection43: ELECTION REJECTED received 2 response(s) and 0 exception(s):
2022-07-02 07:23:41,225 [d727aa53-777d-4565-b781-b847e62e7de2@group-DFAC8FC8CCEB-LeaderElection43] INFO  impl.LeaderElection (LeaderElection.java:logAndReturn(94)) -   Response 0: d727aa53-777d-4565-b781-b847e62e7de2<-62d41a72-c69a-4c51-8969-57edf65cfd32#0:FAIL-t2
2022-07-02 07:23:41,225 [d727aa53-777d-4565-b781-b847e62e7de2@group-DFAC8FC8CCEB-LeaderElection43] INFO  impl.LeaderElection (LeaderElection.java:logAndReturn(94)) -   Response 1: d727aa53-777d-4565-b781-b847e62e7de2<-c36488b4-ebfd-4b41-ac5a-8203e4b42905#0:FAIL-t2
2022-07-02 07:23:41,225 [grpc-default-executor-4] INFO  server.RaftServer$Division (RaftServerImpl.java:requestVote(1152)) - c36488b4-ebfd-4b41-ac5a-8203e4b42905@group-DFAC8FC8CCEB: receive requestVote(ELECTION, 62d41a72-c69a-4c51-8969-57edf65cfd32, group-DFAC8FC8CCEB, 2, (t:0, i:0))
2022-07-02 07:23:41,232 [grpc-default-executor-4] INFO  impl.VoteContext (VoteContext.java:log(48)) - c36488b4-ebfd-4b41-ac5a-8203e4b42905@group-DFAC8FC8CCEB-FOLLOWER: reject ELECTION from 62d41a72-c69a-4c51-8969-57edf65cfd32: already has voted for c36488b4-ebfd-4b41-ac5a-8203e4b42905 at current term 2
2022-07-02 07:23:41,232 [grpc-default-executor-4] INFO  server.RaftServer$Division (RaftServerImpl.java:requestVote(1184)) - c36488b4-ebfd-4b41-ac5a-8203e4b42905@group-DFAC8FC8CCEB replies to ELECTION vote request: 62d41a72-c69a-4c51-8969-57edf65cfd32<-c36488b4-ebfd-4b41-ac5a-8203e4b42905#0:FAIL-t2. Peer's state: c36488b4-ebfd-4b41-ac5a-8203e4b42905@group-DFAC8FC8CCEB:t2, leader=null, voted=c36488b4-ebfd-4b41-ac5a-8203e4b42905, raftlog=c36488b4-ebfd-4b41-ac5a-8203e4b42905@group-DFAC8FC8CCEB-SegmentedRaftLog:OPENED:c-1, conf=-1: [62d41a72-c69a-4c51-8969-57edf65cfd32|rpc:10.1.0.20:44989|dataStream:|priority:0, c36488b4-ebfd-4b41-ac5a-8203e4b42905|rpc:10.1.0.20:40803|dataStream:|priority:0, d727aa53-777d-4565-b781-b847e62e7de2|rpc:10.1.0.20:38235|dataStream:|priority:1], old=null
2022-07-02 07:23:41,254 [d727aa53-777d-4565-b781-b847e62e7de2@group-DFAC8FC8CCEB-LeaderElection43] INFO  impl.LeaderElection (LeaderElection.java:askForVotes(312)) - d727aa53-777d-4565-b781-b847e62e7de2@group-DFAC8FC8CCEB-LeaderElection43 ELECTION round 0: result REJECTED
2022-07-02 07:23:41,254 [d727aa53-777d-4565-b781-b847e62e7de2@group-DFAC8FC8CCEB-LeaderElection43] INFO  server.RaftServer$Division (RaftServerImpl.java:setRole(299)) - d727aa53-777d-4565-b781-b847e62e7de2@group-DFAC8FC8CCEB: changes role from CANDIDATE to FOLLOWER at term 2 for REJECTED
2022-07-02 07:23:41,254 [d727aa53-777d-4565-b781-b847e62e7de2@group-DFAC8FC8CCEB-LeaderElection43] INFO  impl.RoleInfo (RoleInfo.java:shutdownLeaderElection(130)) - d727aa53-777d-4565-b781-b847e62e7de2: shutdown d727aa53-777d-4565-b781-b847e62e7de2@group-DFAC8FC8CCEB-LeaderElection43
2022-07-02 07:23:41,254 [d727aa53-777d-4565-b781-b847e62e7de2@group-DFAC8FC8CCEB-LeaderElection43] INFO  impl.RoleInfo (RoleInfo.java:updateAndGet(139)) - d727aa53-777d-4565-b781-b847e62e7de2: start d727aa53-777d-4565-b781-b847e62e7de2@group-DFAC8FC8CCEB-FollowerState
2022-07-02 07:23:41,291 [grpc-default-executor-0] INFO  server.RaftServer$Division (RaftServerImpl.java:requestVote(1152)) - d727aa53-777d-4565-b781-b847e62e7de2@group-DFAC8FC8CCEB: receive requestVote(ELECTION, 62d41a72-c69a-4c51-8969-57edf65cfd32, group-DFAC8FC8CCEB, 2, (t:0, i:0))
2022-07-02 07:23:41,312 [grpc-default-executor-0] INFO  impl.VoteContext (VoteContext.java:log(48)) - d727aa53-777d-4565-b781-b847e62e7de2@group-DFAC8FC8CCEB-FOLLOWER: reject ELECTION from 62d41a72-c69a-4c51-8969-57edf65cfd32: already has voted for d727aa53-777d-4565-b781-b847e62e7de2 at current term 2
2022-07-02 07:23:41,313 [grpc-default-executor-0] INFO  server.RaftServer$Division (RaftServerImpl.java:requestVote(1184)) - d727aa53-777d-4565-b781-b847e62e7de2@group-DFAC8FC8CCEB replies to ELECTION vote request: 62d41a72-c69a-4c51-8969-57edf65cfd32<-d727aa53-777d-4565-b781-b847e62e7de2#0:FAIL-t2. Peer's state: d727aa53-777d-4565-b781-b847e62e7de2@group-DFAC8FC8CCEB:t2, leader=null, voted=d727aa53-777d-4565-b781-b847e62e7de2, raftlog=d727aa53-777d-4565-b781-b847e62e7de2@group-DFAC8FC8CCEB-SegmentedRaftLog:OPENED:c-1, conf=-1: [62d41a72-c69a-4c51-8969-57edf65cfd32|rpc:10.1.0.20:44989|priority:0, c36488b4-ebfd-4b41-ac5a-8203e4b42905|rpc:10.1.0.20:40803|priority:0, d727aa53-777d-4565-b781-b847e62e7de2|rpc:10.1.0.20:38235|priority:1], old=null
2022-07-02 07:23:41,352 [62d41a72-c69a-4c51-8969-57edf65cfd32@group-DFAC8FC8CCEB-LeaderElection44] INFO  impl.LeaderElection (LeaderElection.java:logAndReturn(90)) - 62d41a72-c69a-4c51-8969-57edf65cfd32@group-DFAC8FC8CCEB-LeaderElection44: ELECTION REJECTED received 2 response(s) and 0 exception(s):
2022-07-02 07:23:41,353 [62d41a72-c69a-4c51-8969-57edf65cfd32@group-DFAC8FC8CCEB-LeaderElection44] INFO  impl.LeaderElection (LeaderElection.java:logAndReturn(94)) -   Response 0: 62d41a72-c69a-4c51-8969-57edf65cfd32<-c36488b4-ebfd-4b41-ac5a-8203e4b42905#0:FAIL-t2
2022-07-02 07:23:41,353 [62d41a72-c69a-4c51-8969-57edf65cfd32@group-DFAC8FC8CCEB-LeaderElection44] INFO  impl.LeaderElection (LeaderElection.java:logAndReturn(94)) -   Response 1: 62d41a72-c69a-4c51-8969-57edf65cfd32<-d727aa53-777d-4565-b781-b847e62e7de2#0:FAIL-t2
2022-07-02 07:23:41,353 [62d41a72-c69a-4c51-8969-57edf65cfd32@group-DFAC8FC8CCEB-LeaderElection44] INFO  impl.LeaderElection (LeaderElection.java:askForVotes(312)) - 62d41a72-c69a-4c51-8969-57edf65cfd32@group-DFAC8FC8CCEB-LeaderElection44 ELECTION round 0: result REJECTED
2022-07-02 07:23:41,353 [62d41a72-c69a-4c51-8969-57edf65cfd32@group-DFAC8FC8CCEB-LeaderElection44] INFO  server.RaftServer$Division (RaftServerImpl.java:setRole(299)) - 62d41a72-c69a-4c51-8969-57edf65cfd32@group-DFAC8FC8CCEB: changes role from CANDIDATE to FOLLOWER at term 2 for REJECTED
2022-07-02 07:23:41,353 [62d41a72-c69a-4c51-8969-57edf65cfd32@group-DFAC8FC8CCEB-LeaderElection44] INFO  impl.RoleInfo (RoleInfo.java:shutdownLeaderElection(130)) - 62d41a72-c69a-4c51-8969-57edf65cfd32: shutdown 62d41a72-c69a-4c51-8969-57edf65cfd32@group-DFAC8FC8CCEB-LeaderElection44
2022-07-02 07:23:41,353 [62d41a72-c69a-4c51-8969-57edf65cfd32@group-DFAC8FC8CCEB-LeaderElection44] INFO  impl.RoleInfo (RoleInfo.java:updateAndGet(139)) - 62d41a72-c69a-4c51-8969-57edf65cfd32: start 62d41a72-c69a-4c51-8969-57edf65cfd32@group-DFAC8FC8CCEB-FollowerState
2022-07-02 07:23:41,379 [5c96909e-6d7d-4877-8367-f30c632a1483@group-7588C3E5E828-FollowerState] INFO  impl.FollowerState (FollowerState.java:run(143)) - 5c96909e-6d7d-4877-8367-f30c632a1483@group-7588C3E5E828-FollowerState: change to CANDIDATE, lastRpcElapsedTime:5156622469ns, electionTimeout:5138ms
2022-07-02 07:23:41,379 [5c96909e-6d7d-4877-8367-f30c632a1483@group-7588C3E5E828-FollowerState] INFO  impl.RoleInfo (RoleInfo.java:shutdownFollowerState(110)) - 5c96909e-6d7d-4877-8367-f30c632a1483: shutdown 5c96909e-6d7d-4877-8367-f30c632a1483@group-7588C3E5E828-FollowerState
2022-07-02 07:23:41,379 [5c96909e-6d7d-4877-8367-f30c632a1483@group-7588C3E5E828-FollowerState] INFO  server.RaftServer$Division (RaftServerImpl.java:setRole(299)) - 5c96909e-6d7d-4877-8367-f30c632a1483@group-7588C3E5E828: changes role from  FOLLOWER to CANDIDATE at term 0 for changeToCandidate
2022-07-02 07:23:41,379 [5c96909e-6d7d-4877-8367-f30c632a1483@group-7588C3E5E828-FollowerState] INFO  server.RaftServerConfigKeys (ConfUtils.java:logGet(46)) - raft.server.leaderelection.pre-vote = false (custom)
2022-07-02 07:23:41,379 [5c96909e-6d7d-4877-8367-f30c632a1483@group-7588C3E5E828-FollowerState] INFO  impl.RoleInfo (RoleInfo.java:updateAndGet(139)) - 5c96909e-6d7d-4877-8367-f30c632a1483: start 5c96909e-6d7d-4877-8367-f30c632a1483@group-7588C3E5E828-LeaderElection45
2022-07-02 07:23:41,420 [5c96909e-6d7d-4877-8367-f30c632a1483@group-7588C3E5E828-LeaderElection45] INFO  impl.LeaderElection (LeaderElection.java:askForVotes(310)) - 5c96909e-6d7d-4877-8367-f30c632a1483@group-7588C3E5E828-LeaderElection45 ELECTION round 0: submit vote requests at term 1 for -1: [5c96909e-6d7d-4877-8367-f30c632a1483|rpc:10.1.0.20:39903|priority:1], old=null
2022-07-02 07:23:41,420 [5c96909e-6d7d-4877-8367-f30c632a1483@group-7588C3E5E828-LeaderElection45] INFO  impl.LeaderElection (LeaderElection.java:askForVotes(312)) - 5c96909e-6d7d-4877-8367-f30c632a1483@group-7588C3E5E828-LeaderElection45 ELECTION round 0: result PASSED (term=1)
2022-07-02 07:23:41,420 [5c96909e-6d7d-4877-8367-f30c632a1483@group-7588C3E5E828-LeaderElection45] INFO  impl.RoleInfo (RoleInfo.java:shutdownLeaderElection(130)) - 5c96909e-6d7d-4877-8367-f30c632a1483: shutdown 5c96909e-6d7d-4877-8367-f30c632a1483@group-7588C3E5E828-LeaderElection45
2022-07-02 07:23:41,420 [5c96909e-6d7d-4877-8367-f30c632a1483@group-7588C3E5E828-LeaderElection45] INFO  server.RaftServer$Division (RaftServerImpl.java:setRole(299)) - 5c96909e-6d7d-4877-8367-f30c632a1483@group-7588C3E5E828: changes role from CANDIDATE to LEADER at term 1 for changeToLeader
2022-07-02 07:23:41,420 [5c96909e-6d7d-4877-8367-f30c632a1483@group-7588C3E5E828-LeaderElection45] INFO  ratis.XceiverServerRatis (XceiverServerRatis.java:handleLeaderChangedNotification(863)) - Leader change notification received for group: group-7588C3E5E828 with new leaderId: 5c96909e-6d7d-4877-8367-f30c632a1483
2022-07-02 07:23:41,420 [5c96909e-6d7d-4877-8367-f30c632a1483@group-7588C3E5E828-LeaderElection45] INFO  server.RaftServer$Division (ServerState.java:setLeader(287)) - 5c96909e-6d7d-4877-8367-f30c632a1483@group-7588C3E5E828: change Leader from null to 5c96909e-6d7d-4877-8367-f30c632a1483 at term 1 for becomeLeader, leader elected after 5233ms
2022-07-02 07:23:41,421 [5c96909e-6d7d-4877-8367-f30c632a1483@group-7588C3E5E828-LeaderElection45] INFO  server.RaftServerConfigKeys (ConfUtils.java:logGet(46)) - raft.server.staging.catchup.gap = 1000 (default)
2022-07-02 07:23:41,421 [5c96909e-6d7d-4877-8367-f30c632a1483@group-7588C3E5E828-LeaderElection45] INFO  server.RaftServerConfigKeys (ConfUtils.java:logGet(46)) - raft.server.write.element-limit = 1024 (custom)
2022-07-02 07:23:41,421 [5c96909e-6d7d-4877-8367-f30c632a1483@group-7588C3E5E828-LeaderElection45] INFO  server.RaftServerConfigKeys (ConfUtils.java:logGet(46)) - raft.server.write.byte-limit = 1024 M (=1073741824) (custom)
2022-07-02 07:23:41,421 [5c96909e-6d7d-4877-8367-f30c632a1483@group-7588C3E5E828-LeaderElection45] INFO  server.RaftServerConfigKeys (ConfUtils.java:logGet(46)) - raft.server.watch.timeout = 180s (custom)
2022-07-02 07:23:41,421 [5c96909e-6d7d-4877-8367-f30c632a1483@group-7588C3E5E828-LeaderElection45] INFO  server.RaftServerConfigKeys (ConfUtils.java:logGet(46)) - raft.server.watch.timeout.denomination = 1s (default)
2022-07-02 07:23:41,421 [5c96909e-6d7d-4877-8367-f30c632a1483@group-7588C3E5E828-LeaderElection45] INFO  server.RaftServerConfigKeys (ConfUtils.java:logGet(46)) - raft.server.watch.element-limit = 65536 (default)
2022-07-02 07:23:41,421 [5c96909e-6d7d-4877-8367-f30c632a1483@group-7588C3E5E828-LeaderElection45] INFO  server.RaftServerConfigKeys (ConfUtils.java:logGet(46)) - raft.server.write.element-limit = 1024 (custom)
2022-07-02 07:23:41,421 [5c96909e-6d7d-4877-8367-f30c632a1483@group-7588C3E5E828-LeaderElection45] INFO  server.RaftServerConfigKeys (ConfUtils.java:logGet(46)) - raft.server.write.follower.gap.ratio.max = -1.0 (default)
2022-07-02 07:23:41,421 [5c96909e-6d7d-4877-8367-f30c632a1483@group-7588C3E5E828-LeaderElection45] INFO  impl.RoleInfo (RoleInfo.java:updateAndGet(139)) - 5c96909e-6d7d-4877-8367-f30c632a1483: start 5c96909e-6d7d-4877-8367-f30c632a1483@group-7588C3E5E828-LeaderStateImpl
2022-07-02 07:23:41,422 [5c96909e-6d7d-4877-8367-f30c632a1483@group-7588C3E5E828-LeaderElection45] INFO  segmented.SegmentedRaftLogWorker (SegmentedRaftLogWorker.java:startLogSegment(425)) - 5c96909e-6d7d-4877-8367-f30c632a1483@group-7588C3E5E828-SegmentedRaftLogWorker: Starting segment from index:0
2022-07-02 07:23:41,448 [5c96909e-6d7d-4877-8367-f30c632a1483@group-7588C3E5E828-SegmentedRaftLogWorker] INFO  segmented.SegmentedRaftLogWorker (SegmentedRaftLogWorker.java:execute(629)) - 5c96909e-6d7d-4877-8367-f30c632a1483@group-7588C3E5E828-SegmentedRaftLogWorker: created new log segment /home/runner/work/ozone/ozone/hadoop-ozone/integration-test/target/test-dir/MiniOzoneClusterImpl-0529b123-343e-47c8-b09a-e64196ae32df/datanode-4/data/ratis/3729db80-01a4-4753-9d71-7588c3e5e828/current/log_inprogress_0
2022-07-02 07:23:41,449 [5c96909e-6d7d-4877-8367-f30c632a1483@group-7588C3E5E828-LeaderElection45] INFO  server.RaftServer$Division (ServerState.java:setRaftConf(393)) - 5c96909e-6d7d-4877-8367-f30c632a1483@group-7588C3E5E828: set configuration 0: [5c96909e-6d7d-4877-8367-f30c632a1483|rpc:10.1.0.20:39903|dataStream:|priority:1], old=null
2022-07-02 07:23:41,480 [EventQueue-OpenPipelineForHealthyPipelineSafeModeRule] INFO  safemode.SCMSafeModeManager (HealthyPipelineSafeModeRule.java:process(124)) - SCM in safe mode. Healthy pipelines reported count is 0, required healthy pipeline reported count is 1
2022-07-02 07:23:42,157 [Listener at 127.0.0.1/38259] INFO  ozone.MiniOzoneClusterImpl (MiniOzoneClusterImpl.java:lambda$waitForClusterToBeReady$0(223)) - Nodes are ready. Got 5 of 5 DN Heartbeats.
2022-07-02 07:23:42,157 [Listener at 127.0.0.1/38259] INFO  ozone.MiniOzoneClusterImpl (MiniOzoneClusterImpl.java:lambda$waitForClusterToBeReady$0(226)) - Waiting for cluster to exit safe mode
2022-07-02 07:23:42,157 [Listener at 127.0.0.1/38259] INFO  ozone.MiniOzoneClusterImpl (MiniOzoneClusterImpl.java:lambda$waitForClusterToBeReady$0(228)) - SCM became leader
2022-07-02 07:23:43,157 [Listener at 127.0.0.1/38259] INFO  ozone.MiniOzoneClusterImpl (MiniOzoneClusterImpl.java:lambda$waitForClusterToBeReady$0(223)) - Nodes are ready. Got 5 of 5 DN Heartbeats.
2022-07-02 07:23:43,158 [Listener at 127.0.0.1/38259] INFO  ozone.MiniOzoneClusterImpl (MiniOzoneClusterImpl.java:lambda$waitForClusterToBeReady$0(226)) - Waiting for cluster to exit safe mode
2022-07-02 07:23:43,158 [Listener at 127.0.0.1/38259] INFO  ozone.MiniOzoneClusterImpl (MiniOzoneClusterImpl.java:lambda$waitForClusterToBeReady$0(228)) - SCM became leader
2022-07-02 07:23:44,160 [Listener at 127.0.0.1/38259] INFO  ozone.MiniOzoneClusterImpl (MiniOzoneClusterImpl.java:lambda$waitForClusterToBeReady$0(223)) - Nodes are ready. Got 5 of 5 DN Heartbeats.
2022-07-02 07:23:44,160 [Listener at 127.0.0.1/38259] INFO  ozone.MiniOzoneClusterImpl (MiniOzoneClusterImpl.java:lambda$waitForClusterToBeReady$0(226)) - Waiting for cluster to exit safe mode
2022-07-02 07:23:44,160 [Listener at 127.0.0.1/38259] INFO  ozone.MiniOzoneClusterImpl (MiniOzoneClusterImpl.java:lambda$waitForClusterToBeReady$0(228)) - SCM became leader
2022-07-02 07:23:45,160 [Listener at 127.0.0.1/38259] INFO  ozone.MiniOzoneClusterImpl (MiniOzoneClusterImpl.java:lambda$waitForClusterToBeReady$0(223)) - Nodes are ready. Got 5 of 5 DN Heartbeats.
2022-07-02 07:23:45,161 [Listener at 127.0.0.1/38259] INFO  ozone.MiniOzoneClusterImpl (MiniOzoneClusterImpl.java:lambda$waitForClusterToBeReady$0(226)) - Waiting for cluster to exit safe mode
2022-07-02 07:23:45,161 [Listener at 127.0.0.1/38259] INFO  ozone.MiniOzoneClusterImpl (MiniOzoneClusterImpl.java:lambda$waitForClusterToBeReady$0(228)) - SCM became leader
2022-07-02 07:23:45,649 [62d41a72-c69a-4c51-8969-57edf65cfd32@group-88C20260634D-FollowerState] INFO  impl.FollowerState (FollowerState.java:run(143)) - 62d41a72-c69a-4c51-8969-57edf65cfd32@group-88C20260634D-FollowerState: change to CANDIDATE, lastRpcElapsedTime:5108012153ns, electionTimeout:5107ms
2022-07-02 07:23:45,649 [62d41a72-c69a-4c51-8969-57edf65cfd32@group-88C20260634D-FollowerState] INFO  impl.RoleInfo (RoleInfo.java:shutdownFollowerState(110)) - 62d41a72-c69a-4c51-8969-57edf65cfd32: shutdown 62d41a72-c69a-4c51-8969-57edf65cfd32@group-88C20260634D-FollowerState
2022-07-02 07:23:45,649 [62d41a72-c69a-4c51-8969-57edf65cfd32@group-88C20260634D-FollowerState] INFO  server.RaftServer$Division (RaftServerImpl.java:setRole(299)) - 62d41a72-c69a-4c51-8969-57edf65cfd32@group-88C20260634D: changes role from  FOLLOWER to CANDIDATE at term 2 for changeToCandidate
2022-07-02 07:23:45,649 [62d41a72-c69a-4c51-8969-57edf65cfd32@group-88C20260634D-FollowerState] INFO  server.RaftServerConfigKeys (ConfUtils.java:logGet(46)) - raft.server.leaderelection.pre-vote = false (custom)
2022-07-02 07:23:45,649 [62d41a72-c69a-4c51-8969-57edf65cfd32@group-88C20260634D-FollowerState] INFO  impl.RoleInfo (RoleInfo.java:updateAndGet(139)) - 62d41a72-c69a-4c51-8969-57edf65cfd32: start 62d41a72-c69a-4c51-8969-57edf65cfd32@group-88C20260634D-LeaderElection46
2022-07-02 07:23:45,688 [62d41a72-c69a-4c51-8969-57edf65cfd32@group-88C20260634D-LeaderElection46] INFO  impl.LeaderElection (LeaderElection.java:askForVotes(310)) - 62d41a72-c69a-4c51-8969-57edf65cfd32@group-88C20260634D-LeaderElection46 ELECTION round 0: submit vote requests at term 3 for -1: [62d41a72-c69a-4c51-8969-57edf65cfd32|rpc:10.1.0.20:44989|priority:0, c36488b4-ebfd-4b41-ac5a-8203e4b42905|rpc:10.1.0.20:40803|priority:1, d727aa53-777d-4565-b781-b847e62e7de2|rpc:10.1.0.20:38235|priority:0], old=null
2022-07-02 07:23:45,729 [grpc-default-executor-0] INFO  server.RaftServer$Division (RaftServerImpl.java:requestVote(1152)) - c36488b4-ebfd-4b41-ac5a-8203e4b42905@group-88C20260634D: receive requestVote(ELECTION, 62d41a72-c69a-4c51-8969-57edf65cfd32, group-88C20260634D, 3, (t:0, i:0))
2022-07-02 07:23:45,729 [grpc-default-executor-0] INFO  impl.VoteContext (VoteContext.java:log(48)) - c36488b4-ebfd-4b41-ac5a-8203e4b42905@group-88C20260634D-FOLLOWER: reject ELECTION from 62d41a72-c69a-4c51-8969-57edf65cfd32: our priority 1 > candidate's priority 0
2022-07-02 07:23:45,729 [grpc-default-executor-0] INFO  server.RaftServer$Division (RaftServerImpl.java:setRole(299)) - c36488b4-ebfd-4b41-ac5a-8203e4b42905@group-88C20260634D: changes role from  FOLLOWER to FOLLOWER at term 3 for candidate:62d41a72-c69a-4c51-8969-57edf65cfd32
2022-07-02 07:23:45,729 [grpc-default-executor-0] INFO  impl.RoleInfo (RoleInfo.java:shutdownFollowerState(110)) - c36488b4-ebfd-4b41-ac5a-8203e4b42905: shutdown c36488b4-ebfd-4b41-ac5a-8203e4b42905@group-88C20260634D-FollowerState
2022-07-02 07:23:45,729 [grpc-default-executor-0] INFO  impl.RoleInfo (RoleInfo.java:updateAndGet(139)) - c36488b4-ebfd-4b41-ac5a-8203e4b42905: start c36488b4-ebfd-4b41-ac5a-8203e4b42905@group-88C20260634D-FollowerState
2022-07-02 07:23:45,731 [grpc-default-executor-0] INFO  server.RaftServer$Division (RaftServerImpl.java:requestVote(1184)) - c36488b4-ebfd-4b41-ac5a-8203e4b42905@group-88C20260634D replies to ELECTION vote request: 62d41a72-c69a-4c51-8969-57edf65cfd32<-c36488b4-ebfd-4b41-ac5a-8203e4b42905#0:FAIL-t3. Peer's state: c36488b4-ebfd-4b41-ac5a-8203e4b42905@group-88C20260634D:t3, leader=null, voted=null, raftlog=c36488b4-ebfd-4b41-ac5a-8203e4b42905@group-88C20260634D-SegmentedRaftLog:OPENED:c-1, conf=-1: [62d41a72-c69a-4c51-8969-57edf65cfd32|rpc:10.1.0.20:44989|dataStream:|priority:0, c36488b4-ebfd-4b41-ac5a-8203e4b42905|rpc:10.1.0.20:40803|dataStream:|priority:1, d727aa53-777d-4565-b781-b847e62e7de2|rpc:10.1.0.20:38235|dataStream:|priority:0], old=null
2022-07-02 07:23:45,732 [62d41a72-c69a-4c51-8969-57edf65cfd32@group-88C20260634D-LeaderElection46] INFO  impl.LeaderElection (LeaderElection.java:logAndReturn(90)) - 62d41a72-c69a-4c51-8969-57edf65cfd32@group-88C20260634D-LeaderElection46: ELECTION REJECTED received 1 response(s) and 0 exception(s):
2022-07-02 07:23:45,732 [62d41a72-c69a-4c51-8969-57edf65cfd32@group-88C20260634D-LeaderElection46] INFO  impl.LeaderElection (LeaderElection.java:logAndReturn(94)) -   Response 0: 62d41a72-c69a-4c51-8969-57edf65cfd32<-c36488b4-ebfd-4b41-ac5a-8203e4b42905#0:FAIL-t3
2022-07-02 07:23:45,732 [62d41a72-c69a-4c51-8969-57edf65cfd32@group-88C20260634D-LeaderElection46] INFO  impl.LeaderElection (LeaderElection.java:askForVotes(312)) - 62d41a72-c69a-4c51-8969-57edf65cfd32@group-88C20260634D-LeaderElection46 ELECTION round 0: result REJECTED
2022-07-02 07:23:45,732 [62d41a72-c69a-4c51-8969-57edf65cfd32@group-88C20260634D-LeaderElection46] INFO  server.RaftServer$Division (RaftServerImpl.java:setRole(299)) - 62d41a72-c69a-4c51-8969-57edf65cfd32@group-88C20260634D: changes role from CANDIDATE to FOLLOWER at term 3 for REJECTED
2022-07-02 07:23:45,732 [62d41a72-c69a-4c51-8969-57edf65cfd32@group-88C20260634D-LeaderElection46] INFO  impl.RoleInfo (RoleInfo.java:shutdownLeaderElection(130)) - 62d41a72-c69a-4c51-8969-57edf65cfd32: shutdown 62d41a72-c69a-4c51-8969-57edf65cfd32@group-88C20260634D-LeaderElection46
2022-07-02 07:23:45,732 [62d41a72-c69a-4c51-8969-57edf65cfd32@group-88C20260634D-LeaderElection46] INFO  impl.RoleInfo (RoleInfo.java:updateAndGet(139)) - 62d41a72-c69a-4c51-8969-57edf65cfd32: start 62d41a72-c69a-4c51-8969-57edf65cfd32@group-88C20260634D-FollowerState
2022-07-02 07:23:45,736 [c36488b4-ebfd-4b41-ac5a-8203e4b42905@group-88C20260634D-FollowerState] INFO  impl.FollowerState (FollowerState.java:run(152)) - c36488b4-ebfd-4b41-ac5a-8203e4b42905@group-88C20260634D-FollowerState was interrupted
2022-07-02 07:23:45,778 [grpc-default-executor-0] INFO  server.RaftServer$Division (RaftServerImpl.java:requestVote(1152)) - d727aa53-777d-4565-b781-b847e62e7de2@group-88C20260634D: receive requestVote(ELECTION, 62d41a72-c69a-4c51-8969-57edf65cfd32, group-88C20260634D, 3, (t:0, i:0))
2022-07-02 07:23:45,778 [grpc-default-executor-0] INFO  impl.VoteContext (VoteContext.java:log(48)) - d727aa53-777d-4565-b781-b847e62e7de2@group-88C20260634D-FOLLOWER: accept ELECTION from 62d41a72-c69a-4c51-8969-57edf65cfd32: our priority 0 <= candidate's priority 0
2022-07-02 07:23:45,778 [grpc-default-executor-0] INFO  server.RaftServer$Division (RaftServerImpl.java:setRole(299)) - d727aa53-777d-4565-b781-b847e62e7de2@group-88C20260634D: changes role from  FOLLOWER to FOLLOWER at term 3 for candidate:62d41a72-c69a-4c51-8969-57edf65cfd32
2022-07-02 07:23:45,778 [grpc-default-executor-0] INFO  impl.RoleInfo (RoleInfo.java:shutdownFollowerState(110)) - d727aa53-777d-4565-b781-b847e62e7de2: shutdown d727aa53-777d-4565-b781-b847e62e7de2@group-88C20260634D-FollowerState
2022-07-02 07:23:45,778 [grpc-default-executor-0] INFO  impl.RoleInfo (RoleInfo.java:updateAndGet(139)) - d727aa53-777d-4565-b781-b847e62e7de2: start d727aa53-777d-4565-b781-b847e62e7de2@group-88C20260634D-FollowerState
2022-07-02 07:23:45,785 [grpc-default-executor-0] INFO  server.RaftServer$Division (RaftServerImpl.java:requestVote(1184)) - d727aa53-777d-4565-b781-b847e62e7de2@group-88C20260634D replies to ELECTION vote request: 62d41a72-c69a-4c51-8969-57edf65cfd32<-d727aa53-777d-4565-b781-b847e62e7de2#0:OK-t3. Peer's state: d727aa53-777d-4565-b781-b847e62e7de2@group-88C20260634D:t3, leader=null, voted=62d41a72-c69a-4c51-8969-57edf65cfd32, raftlog=d727aa53-777d-4565-b781-b847e62e7de2@group-88C20260634D-SegmentedRaftLog:OPENED:c-1, conf=-1: [62d41a72-c69a-4c51-8969-57edf65cfd32|rpc:10.1.0.20:44989|dataStream:|priority:0, c36488b4-ebfd-4b41-ac5a-8203e4b42905|rpc:10.1.0.20:40803|dataStream:|priority:1, d727aa53-777d-4565-b781-b847e62e7de2|rpc:10.1.0.20:38235|dataStream:|priority:0], old=null
2022-07-02 07:23:45,789 [d727aa53-777d-4565-b781-b847e62e7de2@group-88C20260634D-FollowerState] INFO  impl.FollowerState (FollowerState.java:shouldRun(117)) - d727aa53-777d-4565-b781-b847e62e7de2@group-88C20260634D-FollowerState: Stopping now (isRunning? false, role = FOLLOWER)
2022-07-02 07:23:46,161 [Listener at 127.0.0.1/38259] INFO  ozone.MiniOzoneClusterImpl (MiniOzoneClusterImpl.java:lambda$waitForClusterToBeReady$0(223)) - Nodes are ready. Got 5 of 5 DN Heartbeats.
2022-07-02 07:23:46,161 [Listener at 127.0.0.1/38259] INFO  ozone.MiniOzoneClusterImpl (MiniOzoneClusterImpl.java:lambda$waitForClusterToBeReady$0(226)) - Waiting for cluster to exit safe mode
2022-07-02 07:23:46,161 [Listener at 127.0.0.1/38259] INFO  ozone.MiniOzoneClusterImpl (MiniOzoneClusterImpl.java:lambda$waitForClusterToBeReady$0(228)) - SCM became leader
2022-07-02 07:23:46,301 [c36488b4-ebfd-4b41-ac5a-8203e4b42905@group-DFAC8FC8CCEB-FollowerState] INFO  impl.FollowerState (FollowerState.java:run(143)) - c36488b4-ebfd-4b41-ac5a-8203e4b42905@group-DFAC8FC8CCEB-FollowerState: change to CANDIDATE, lastRpcElapsedTime:5075861205ns, electionTimeout:5068ms
2022-07-02 07:23:46,301 [c36488b4-ebfd-4b41-ac5a-8203e4b42905@group-DFAC8FC8CCEB-FollowerState] INFO  impl.RoleInfo (RoleInfo.java:shutdownFollowerState(110)) - c36488b4-ebfd-4b41-ac5a-8203e4b42905: shutdown c36488b4-ebfd-4b41-ac5a-8203e4b42905@group-DFAC8FC8CCEB-FollowerState
2022-07-02 07:23:46,301 [c36488b4-ebfd-4b41-ac5a-8203e4b42905@group-DFAC8FC8CCEB-FollowerState] INFO  server.RaftServer$Division (RaftServerImpl.java:setRole(299)) - c36488b4-ebfd-4b41-ac5a-8203e4b42905@group-DFAC8FC8CCEB: changes role from  FOLLOWER to CANDIDATE at term 2 for changeToCandidate
2022-07-02 07:23:46,301 [c36488b4-ebfd-4b41-ac5a-8203e4b42905@group-DFAC8FC8CCEB-FollowerState] INFO  server.RaftServerConfigKeys (ConfUtils.java:logGet(46)) - raft.server.leaderelection.pre-vote = false (custom)
2022-07-02 07:23:46,301 [c36488b4-ebfd-4b41-ac5a-8203e4b42905@group-DFAC8FC8CCEB-FollowerState] INFO  impl.RoleInfo (RoleInfo.java:updateAndGet(139)) - c36488b4-ebfd-4b41-ac5a-8203e4b42905: start c36488b4-ebfd-4b41-ac5a-8203e4b42905@group-DFAC8FC8CCEB-LeaderElection47
2022-07-02 07:23:46,317 [c36488b4-ebfd-4b41-ac5a-8203e4b42905@group-DFAC8FC8CCEB-LeaderElection47] INFO  impl.LeaderElection (LeaderElection.java:askForVotes(310)) - c36488b4-ebfd-4b41-ac5a-8203e4b42905@group-DFAC8FC8CCEB-LeaderElection47 ELECTION round 0: submit vote requests at term 3 for -1: [62d41a72-c69a-4c51-8969-57edf65cfd32|rpc:10.1.0.20:44989|dataStream:|priority:0, c36488b4-ebfd-4b41-ac5a-8203e4b42905|rpc:10.1.0.20:40803|dataStream:|priority:0, d727aa53-777d-4565-b781-b847e62e7de2|rpc:10.1.0.20:38235|dataStream:|priority:1], old=null
2022-07-02 07:23:46,329 [grpc-default-executor-0] INFO  server.RaftServer$Division (RaftServerImpl.java:requestVote(1152)) - 62d41a72-c69a-4c51-8969-57edf65cfd32@group-DFAC8FC8CCEB: receive requestVote(ELECTION, c36488b4-ebfd-4b41-ac5a-8203e4b42905, group-DFAC8FC8CCEB, 3, (t:0, i:0))
2022-07-02 07:23:46,330 [grpc-default-executor-0] INFO  impl.VoteContext (VoteContext.java:log(48)) - 62d41a72-c69a-4c51-8969-57edf65cfd32@group-DFAC8FC8CCEB-FOLLOWER: accept ELECTION from c36488b4-ebfd-4b41-ac5a-8203e4b42905: our priority 0 <= candidate's priority 0
2022-07-02 07:23:46,330 [grpc-default-executor-0] INFO  server.RaftServer$Division (RaftServerImpl.java:setRole(299)) - 62d41a72-c69a-4c51-8969-57edf65cfd32@group-DFAC8FC8CCEB: changes role from  FOLLOWER to FOLLOWER at term 3 for candidate:c36488b4-ebfd-4b41-ac5a-8203e4b42905
2022-07-02 07:23:46,330 [grpc-default-executor-0] INFO  impl.RoleInfo (RoleInfo.java:shutdownFollowerState(110)) - 62d41a72-c69a-4c51-8969-57edf65cfd32: shutdown 62d41a72-c69a-4c51-8969-57edf65cfd32@group-DFAC8FC8CCEB-FollowerState
2022-07-02 07:23:46,330 [grpc-default-executor-0] INFO  impl.RoleInfo (RoleInfo.java:updateAndGet(139)) - 62d41a72-c69a-4c51-8969-57edf65cfd32: start 62d41a72-c69a-4c51-8969-57edf65cfd32@group-DFAC8FC8CCEB-FollowerState
2022-07-02 07:23:46,330 [62d41a72-c69a-4c51-8969-57edf65cfd32@group-DFAC8FC8CCEB-FollowerState] INFO  impl.FollowerState (FollowerState.java:run(152)) - 62d41a72-c69a-4c51-8969-57edf65cfd32@group-DFAC8FC8CCEB-FollowerState was interrupted
2022-07-02 07:23:46,336 [grpc-default-executor-0] INFO  server.RaftServer$Division (RaftServerImpl.java:requestVote(1184)) - 62d41a72-c69a-4c51-8969-57edf65cfd32@group-DFAC8FC8CCEB replies to ELECTION vote request: c36488b4-ebfd-4b41-ac5a-8203e4b42905<-62d41a72-c69a-4c51-8969-57edf65cfd32#0:OK-t3. Peer's state: 62d41a72-c69a-4c51-8969-57edf65cfd32@group-DFAC8FC8CCEB:t3, leader=null, voted=c36488b4-ebfd-4b41-ac5a-8203e4b42905, raftlog=62d41a72-c69a-4c51-8969-57edf65cfd32@group-DFAC8FC8CCEB-SegmentedRaftLog:OPENED:c-1, conf=-1: [62d41a72-c69a-4c51-8969-57edf65cfd32|rpc:10.1.0.20:44989|priority:0, c36488b4-ebfd-4b41-ac5a-8203e4b42905|rpc:10.1.0.20:40803|priority:0, d727aa53-777d-4565-b781-b847e62e7de2|rpc:10.1.0.20:38235|priority:1], old=null
2022-07-02 07:23:46,367 [grpc-default-executor-0] INFO  server.RaftServer$Division (RaftServerImpl.java:requestVote(1152)) - d727aa53-777d-4565-b781-b847e62e7de2@group-DFAC8FC8CCEB: receive requestVote(ELECTION, c36488b4-ebfd-4b41-ac5a-8203e4b42905, group-DFAC8FC8CCEB, 3, (t:0, i:0))
2022-07-02 07:23:46,367 [grpc-default-executor-0] INFO  impl.VoteContext (VoteContext.java:log(48)) - d727aa53-777d-4565-b781-b847e62e7de2@group-DFAC8FC8CCEB-FOLLOWER: reject ELECTION from c36488b4-ebfd-4b41-ac5a-8203e4b42905: our priority 1 > candidate's priority 0
2022-07-02 07:23:46,367 [grpc-default-executor-0] INFO  server.RaftServer$Division (RaftServerImpl.java:setRole(299)) - d727aa53-777d-4565-b781-b847e62e7de2@group-DFAC8FC8CCEB: changes role from  FOLLOWER to FOLLOWER at term 3 for candidate:c36488b4-ebfd-4b41-ac5a-8203e4b42905
2022-07-02 07:23:46,367 [grpc-default-executor-0] INFO  impl.RoleInfo (RoleInfo.java:shutdownFollowerState(110)) - d727aa53-777d-4565-b781-b847e62e7de2: shutdown d727aa53-777d-4565-b781-b847e62e7de2@group-DFAC8FC8CCEB-FollowerState
2022-07-02 07:23:46,367 [grpc-default-executor-0] INFO  impl.RoleInfo (RoleInfo.java:updateAndGet(139)) - d727aa53-777d-4565-b781-b847e62e7de2: start d727aa53-777d-4565-b781-b847e62e7de2@group-DFAC8FC8CCEB-FollowerState
2022-07-02 07:23:46,367 [d727aa53-777d-4565-b781-b847e62e7de2@group-DFAC8FC8CCEB-FollowerState] INFO  impl.FollowerState (FollowerState.java:run(152)) - d727aa53-777d-4565-b781-b847e62e7de2@group-DFAC8FC8CCEB-FollowerState was interrupted
2022-07-02 07:23:46,376 [grpc-default-executor-0] INFO  server.RaftServer$Division (RaftServerImpl.java:requestVote(1184)) - d727aa53-777d-4565-b781-b847e62e7de2@group-DFAC8FC8CCEB replies to ELECTION vote request: c36488b4-ebfd-4b41-ac5a-8203e4b42905<-d727aa53-777d-4565-b781-b847e62e7de2#0:FAIL-t3. Peer's state: d727aa53-777d-4565-b781-b847e62e7de2@group-DFAC8FC8CCEB:t3, leader=null, voted=null, raftlog=d727aa53-777d-4565-b781-b847e62e7de2@group-DFAC8FC8CCEB-SegmentedRaftLog:OPENED:c-1, conf=-1: [62d41a72-c69a-4c51-8969-57edf65cfd32|rpc:10.1.0.20:44989|priority:0, c36488b4-ebfd-4b41-ac5a-8203e4b42905|rpc:10.1.0.20:40803|priority:0, d727aa53-777d-4565-b781-b847e62e7de2|rpc:10.1.0.20:38235|priority:1], old=null
2022-07-02 07:23:46,387 [c36488b4-ebfd-4b41-ac5a-8203e4b42905@group-DFAC8FC8CCEB-LeaderElection47] INFO  impl.LeaderElection (LeaderElection.java:logAndReturn(90)) - c36488b4-ebfd-4b41-ac5a-8203e4b42905@group-DFAC8FC8CCEB-LeaderElection47: ELECTION REJECTED received 2 response(s) and 0 exception(s):
2022-07-02 07:23:46,387 [c36488b4-ebfd-4b41-ac5a-8203e4b42905@group-DFAC8FC8CCEB-LeaderElection47] INFO  impl.LeaderElection (LeaderElection.java:logAndReturn(94)) -   Response 0: c36488b4-ebfd-4b41-ac5a-8203e4b42905<-62d41a72-c69a-4c51-8969-57edf65cfd32#0:OK-t3
2022-07-02 07:23:46,387 [c36488b4-ebfd-4b41-ac5a-8203e4b42905@group-DFAC8FC8CCEB-LeaderElection47] INFO  impl.LeaderElection (LeaderElection.java:logAndReturn(94)) -   Response 1: c36488b4-ebfd-4b41-ac5a-8203e4b42905<-d727aa53-777d-4565-b781-b847e62e7de2#0:FAIL-t3
2022-07-02 07:23:46,387 [c36488b4-ebfd-4b41-ac5a-8203e4b42905@group-DFAC8FC8CCEB-LeaderElection47] INFO  impl.LeaderElection (LeaderElection.java:askForVotes(312)) - c36488b4-ebfd-4b41-ac5a-8203e4b42905@group-DFAC8FC8CCEB-LeaderElection47 ELECTION round 0: result REJECTED
2022-07-02 07:23:46,387 [c36488b4-ebfd-4b41-ac5a-8203e4b42905@group-DFAC8FC8CCEB-LeaderElection47] INFO  server.RaftServer$Division (RaftServerImpl.java:setRole(299)) - c36488b4-ebfd-4b41-ac5a-8203e4b42905@group-DFAC8FC8CCEB: changes role from CANDIDATE to FOLLOWER at term 3 for REJECTED
2022-07-02 07:23:46,387 [c36488b4-ebfd-4b41-ac5a-8203e4b42905@group-DFAC8FC8CCEB-LeaderElection47] INFO  impl.RoleInfo (RoleInfo.java:shutdownLeaderElection(130)) - c36488b4-ebfd-4b41-ac5a-8203e4b42905: shutdown c36488b4-ebfd-4b41-ac5a-8203e4b42905@group-DFAC8FC8CCEB-LeaderElection47
2022-07-02 07:23:46,387 [c36488b4-ebfd-4b41-ac5a-8203e4b42905@group-DFAC8FC8CCEB-LeaderElection47] INFO  impl.RoleInfo (RoleInfo.java:updateAndGet(139)) - c36488b4-ebfd-4b41-ac5a-8203e4b42905: start c36488b4-ebfd-4b41-ac5a-8203e4b42905@group-DFAC8FC8CCEB-FollowerState
2022-07-02 07:23:47,162 [Listener at 127.0.0.1/38259] INFO  ozone.MiniOzoneClusterImpl (MiniOzoneClusterImpl.java:lambda$waitForClusterToBeReady$0(223)) - Nodes are ready. Got 5 of 5 DN Heartbeats.
2022-07-02 07:23:47,162 [Listener at 127.0.0.1/38259] INFO  ozone.MiniOzoneClusterImpl (MiniOzoneClusterImpl.java:lambda$waitForClusterToBeReady$0(226)) - Waiting for cluster to exit safe mode
2022-07-02 07:23:47,162 [Listener at 127.0.0.1/38259] INFO  ozone.MiniOzoneClusterImpl (MiniOzoneClusterImpl.java:lambda$waitForClusterToBeReady$0(228)) - SCM became leader
2022-07-02 07:23:48,162 [Listener at 127.0.0.1/38259] INFO  ozone.MiniOzoneClusterImpl (MiniOzoneClusterImpl.java:lambda$waitForClusterToBeReady$0(223)) - Nodes are ready. Got 5 of 5 DN Heartbeats.
2022-07-02 07:23:48,162 [Listener at 127.0.0.1/38259] INFO  ozone.MiniOzoneClusterImpl (MiniOzoneClusterImpl.java:lambda$waitForClusterToBeReady$0(226)) - Waiting for cluster to exit safe mode
2022-07-02 07:23:48,162 [Listener at 127.0.0.1/38259] INFO  ozone.MiniOzoneClusterImpl (MiniOzoneClusterImpl.java:lambda$waitForClusterToBeReady$0(228)) - SCM became leader
2022-07-02 07:23:49,163 [Listener at 127.0.0.1/38259] INFO  ozone.MiniOzoneClusterImpl (MiniOzoneClusterImpl.java:lambda$waitForClusterToBeReady$0(223)) - Nodes are ready. Got 5 of 5 DN Heartbeats.
2022-07-02 07:23:49,163 [Listener at 127.0.0.1/38259] INFO  ozone.MiniOzoneClusterImpl (MiniOzoneClusterImpl.java:lambda$waitForClusterToBeReady$0(226)) - Waiting for cluster to exit safe mode
2022-07-02 07:23:49,163 [Listener at 127.0.0.1/38259] INFO  ozone.MiniOzoneClusterImpl (MiniOzoneClusterImpl.java:lambda$waitForClusterToBeReady$0(228)) - SCM became leader
2022-07-02 07:23:50,163 [Listener at 127.0.0.1/38259] INFO  ozone.MiniOzoneClusterImpl (MiniOzoneClusterImpl.java:lambda$waitForClusterToBeReady$0(223)) - Nodes are ready. Got 5 of 5 DN Heartbeats.
2022-07-02 07:23:50,163 [Listener at 127.0.0.1/38259] INFO  ozone.MiniOzoneClusterImpl (MiniOzoneClusterImpl.java:lambda$waitForClusterToBeReady$0(226)) - Waiting for cluster to exit safe mode
2022-07-02 07:23:50,164 [Listener at 127.0.0.1/38259] INFO  ozone.MiniOzoneClusterImpl (MiniOzoneClusterImpl.java:lambda$waitForClusterToBeReady$0(228)) - SCM became leader
2022-07-02 07:23:50,832 [62d41a72-c69a-4c51-8969-57edf65cfd32@group-88C20260634D-FollowerState] INFO  impl.FollowerState (FollowerState.java:run(143)) - 62d41a72-c69a-4c51-8969-57edf65cfd32@group-88C20260634D-FollowerState: change to CANDIDATE, lastRpcElapsedTime:5099989367ns, electionTimeout:5024ms
2022-07-02 07:23:50,832 [62d41a72-c69a-4c51-8969-57edf65cfd32@group-88C20260634D-FollowerState] INFO  impl.RoleInfo (RoleInfo.java:shutdownFollowerState(110)) - 62d41a72-c69a-4c51-8969-57edf65cfd32: shutdown 62d41a72-c69a-4c51-8969-57edf65cfd32@group-88C20260634D-FollowerState
2022-07-02 07:23:50,832 [62d41a72-c69a-4c51-8969-57edf65cfd32@group-88C20260634D-FollowerState] INFO  server.RaftServer$Division (RaftServerImpl.java:setRole(299)) - 62d41a72-c69a-4c51-8969-57edf65cfd32@group-88C20260634D: changes role from  FOLLOWER to CANDIDATE at term 3 for changeToCandidate
2022-07-02 07:23:50,834 [62d41a72-c69a-4c51-8969-57edf65cfd32@group-88C20260634D-FollowerState] INFO  server.RaftServerConfigKeys (ConfUtils.java:logGet(46)) - raft.server.leaderelection.pre-vote = false (custom)
2022-07-02 07:23:50,834 [62d41a72-c69a-4c51-8969-57edf65cfd32@group-88C20260634D-FollowerState] INFO  impl.RoleInfo (RoleInfo.java:updateAndGet(139)) - 62d41a72-c69a-4c51-8969-57edf65cfd32: start 62d41a72-c69a-4c51-8969-57edf65cfd32@group-88C20260634D-LeaderElection48
2022-07-02 07:23:50,852 [c36488b4-ebfd-4b41-ac5a-8203e4b42905@group-88C20260634D-FollowerState] INFO  impl.FollowerState (FollowerState.java:run(143)) - c36488b4-ebfd-4b41-ac5a-8203e4b42905@group-88C20260634D-FollowerState: change to CANDIDATE, lastRpcElapsedTime:5123015163ns, electionTimeout:5118ms
2022-07-02 07:23:50,852 [c36488b4-ebfd-4b41-ac5a-8203e4b42905@group-88C20260634D-FollowerState] INFO  impl.RoleInfo (RoleInfo.java:shutdownFollowerState(110)) - c36488b4-ebfd-4b41-ac5a-8203e4b42905: shutdown c36488b4-ebfd-4b41-ac5a-8203e4b42905@group-88C20260634D-FollowerState
2022-07-02 07:23:50,852 [c36488b4-ebfd-4b41-ac5a-8203e4b42905@group-88C20260634D-FollowerState] INFO  server.RaftServer$Division (RaftServerImpl.java:setRole(299)) - c36488b4-ebfd-4b41-ac5a-8203e4b42905@group-88C20260634D: changes role from  FOLLOWER to CANDIDATE at term 3 for changeToCandidate
2022-07-02 07:23:50,852 [c36488b4-ebfd-4b41-ac5a-8203e4b42905@group-88C20260634D-FollowerState] INFO  server.RaftServerConfigKeys (ConfUtils.java:logGet(46)) - raft.server.leaderelection.pre-vote = false (custom)
2022-07-02 07:23:50,852 [c36488b4-ebfd-4b41-ac5a-8203e4b42905@group-88C20260634D-FollowerState] INFO  impl.RoleInfo (RoleInfo.java:updateAndGet(139)) - c36488b4-ebfd-4b41-ac5a-8203e4b42905: start c36488b4-ebfd-4b41-ac5a-8203e4b42905@group-88C20260634D-LeaderElection49
2022-07-02 07:23:50,860 [62d41a72-c69a-4c51-8969-57edf65cfd32@group-88C20260634D-LeaderElection48] INFO  impl.LeaderElection (LeaderElection.java:askForVotes(310)) - 62d41a72-c69a-4c51-8969-57edf65cfd32@group-88C20260634D-LeaderElection48 ELECTION round 0: submit vote requests at term 4 for -1: [62d41a72-c69a-4c51-8969-57edf65cfd32|rpc:10.1.0.20:44989|priority:0, c36488b4-ebfd-4b41-ac5a-8203e4b42905|rpc:10.1.0.20:40803|priority:1, d727aa53-777d-4565-b781-b847e62e7de2|rpc:10.1.0.20:38235|priority:0], old=null
2022-07-02 07:23:50,865 [c36488b4-ebfd-4b41-ac5a-8203e4b42905@group-88C20260634D-LeaderElection49] INFO  impl.LeaderElection (LeaderElection.java:askForVotes(310)) - c36488b4-ebfd-4b41-ac5a-8203e4b42905@group-88C20260634D-LeaderElection49 ELECTION round 0: submit vote requests at term 4 for -1: [62d41a72-c69a-4c51-8969-57edf65cfd32|rpc:10.1.0.20:44989|dataStream:|priority:0, c36488b4-ebfd-4b41-ac5a-8203e4b42905|rpc:10.1.0.20:40803|dataStream:|priority:1, d727aa53-777d-4565-b781-b847e62e7de2|rpc:10.1.0.20:38235|dataStream:|priority:0], old=null
2022-07-02 07:23:50,869 [grpc-default-executor-0] INFO  server.RaftServer$Division (RaftServerImpl.java:requestVote(1152)) - c36488b4-ebfd-4b41-ac5a-8203e4b42905@group-88C20260634D: receive requestVote(ELECTION, 62d41a72-c69a-4c51-8969-57edf65cfd32, group-88C20260634D, 4, (t:0, i:0))
2022-07-02 07:23:50,869 [grpc-default-executor-0] INFO  impl.VoteContext (VoteContext.java:log(48)) - c36488b4-ebfd-4b41-ac5a-8203e4b42905@group-88C20260634D-CANDIDATE: reject ELECTION from 62d41a72-c69a-4c51-8969-57edf65cfd32: already has voted for c36488b4-ebfd-4b41-ac5a-8203e4b42905 at current term 4
2022-07-02 07:23:50,870 [grpc-default-executor-0] INFO  server.RaftServer$Division (RaftServerImpl.java:requestVote(1184)) - c36488b4-ebfd-4b41-ac5a-8203e4b42905@group-88C20260634D replies to ELECTION vote request: 62d41a72-c69a-4c51-8969-57edf65cfd32<-c36488b4-ebfd-4b41-ac5a-8203e4b42905#0:FAIL-t4. Peer's state: c36488b4-ebfd-4b41-ac5a-8203e4b42905@group-88C20260634D:t4, leader=null, voted=c36488b4-ebfd-4b41-ac5a-8203e4b42905, raftlog=c36488b4-ebfd-4b41-ac5a-8203e4b42905@group-88C20260634D-SegmentedRaftLog:OPENED:c-1, conf=-1: [62d41a72-c69a-4c51-8969-57edf65cfd32|rpc:10.1.0.20:44989|dataStream:|priority:0, c36488b4-ebfd-4b41-ac5a-8203e4b42905|rpc:10.1.0.20:40803|dataStream:|priority:1, d727aa53-777d-4565-b781-b847e62e7de2|rpc:10.1.0.20:38235|dataStream:|priority:0], old=null
2022-07-02 07:23:50,892 [62d41a72-c69a-4c51-8969-57edf65cfd32@group-88C20260634D-LeaderElection48] INFO  impl.LeaderElection (LeaderElection.java:logAndReturn(90)) - 62d41a72-c69a-4c51-8969-57edf65cfd32@group-88C20260634D-LeaderElection48: ELECTION REJECTED received 1 response(s) and 0 exception(s):
2022-07-02 07:23:50,892 [62d41a72-c69a-4c51-8969-57edf65cfd32@group-88C20260634D-LeaderElection48] INFO  impl.LeaderElection (LeaderElection.java:logAndReturn(94)) -   Response 0: 62d41a72-c69a-4c51-8969-57edf65cfd32<-c36488b4-ebfd-4b41-ac5a-8203e4b42905#0:FAIL-t4
2022-07-02 07:23:50,892 [62d41a72-c69a-4c51-8969-57edf65cfd32@group-88C20260634D-LeaderElection48] INFO  impl.LeaderElection (LeaderElection.java:askForVotes(312)) - 62d41a72-c69a-4c51-8969-57edf65cfd32@group-88C20260634D-LeaderElection48 ELECTION round 0: result REJECTED
2022-07-02 07:23:50,893 [62d41a72-c69a-4c51-8969-57edf65cfd32@group-88C20260634D-LeaderElection48] INFO  server.RaftServer$Division (RaftServerImpl.java:setRole(299)) - 62d41a72-c69a-4c51-8969-57edf65cfd32@group-88C20260634D: changes role from CANDIDATE to FOLLOWER at term 4 for REJECTED
2022-07-02 07:23:50,893 [62d41a72-c69a-4c51-8969-57edf65cfd32@group-88C20260634D-LeaderElection48] INFO  impl.RoleInfo (RoleInfo.java:shutdownLeaderElection(130)) - 62d41a72-c69a-4c51-8969-57edf65cfd32: shutdown 62d41a72-c69a-4c51-8969-57edf65cfd32@group-88C20260634D-LeaderElection48
2022-07-02 07:23:50,893 [62d41a72-c69a-4c51-8969-57edf65cfd32@group-88C20260634D-LeaderElection48] INFO  impl.RoleInfo (RoleInfo.java:updateAndGet(139)) - 62d41a72-c69a-4c51-8969-57edf65cfd32: start 62d41a72-c69a-4c51-8969-57edf65cfd32@group-88C20260634D-FollowerState
2022-07-02 07:23:50,920 [grpc-default-executor-0] INFO  server.RaftServer$Division (RaftServerImpl.java:requestVote(1152)) - d727aa53-777d-4565-b781-b847e62e7de2@group-88C20260634D: receive requestVote(ELECTION, 62d41a72-c69a-4c51-8969-57edf65cfd32, group-88C20260634D, 4, (t:0, i:0))
2022-07-02 07:23:50,920 [grpc-default-executor-0] INFO  impl.VoteContext (VoteContext.java:log(48)) - d727aa53-777d-4565-b781-b847e62e7de2@group-88C20260634D-FOLLOWER: accept ELECTION from 62d41a72-c69a-4c51-8969-57edf65cfd32: our priority 0 <= candidate's priority 0
2022-07-02 07:23:50,920 [grpc-default-executor-0] INFO  server.RaftServer$Division (RaftServerImpl.java:setRole(299)) - d727aa53-777d-4565-b781-b847e62e7de2@group-88C20260634D: changes role from  FOLLOWER to FOLLOWER at term 4 for candidate:62d41a72-c69a-4c51-8969-57edf65cfd32
2022-07-02 07:23:50,920 [grpc-default-executor-0] INFO  impl.RoleInfo (RoleInfo.java:shutdownFollowerState(110)) - d727aa53-777d-4565-b781-b847e62e7de2: shutdown d727aa53-777d-4565-b781-b847e62e7de2@group-88C20260634D-FollowerState
2022-07-02 07:23:50,920 [grpc-default-executor-0] INFO  impl.RoleInfo (RoleInfo.java:updateAndGet(139)) - d727aa53-777d-4565-b781-b847e62e7de2: start d727aa53-777d-4565-b781-b847e62e7de2@group-88C20260634D-FollowerState
2022-07-02 07:23:50,921 [grpc-default-executor-1] INFO  server.RaftServer$Division (RaftServerImpl.java:requestVote(1152)) - 62d41a72-c69a-4c51-8969-57edf65cfd32@group-88C20260634D: receive requestVote(ELECTION, c36488b4-ebfd-4b41-ac5a-8203e4b42905, group-88C20260634D, 4, (t:0, i:0))
2022-07-02 07:23:50,921 [grpc-default-executor-1] INFO  impl.VoteContext (VoteContext.java:log(48)) - 62d41a72-c69a-4c51-8969-57edf65cfd32@group-88C20260634D-FOLLOWER: reject ELECTION from c36488b4-ebfd-4b41-ac5a-8203e4b42905: already has voted for 62d41a72-c69a-4c51-8969-57edf65cfd32 at current term 4
2022-07-02 07:23:50,921 [grpc-default-executor-1] INFO  server.RaftServer$Division (RaftServerImpl.java:requestVote(1184)) - 62d41a72-c69a-4c51-8969-57edf65cfd32@group-88C20260634D replies to ELECTION vote request: c36488b4-ebfd-4b41-ac5a-8203e4b42905<-62d41a72-c69a-4c51-8969-57edf65cfd32#0:FAIL-t4. Peer's state: 62d41a72-c69a-4c51-8969-57edf65cfd32@group-88C20260634D:t4, leader=null, voted=62d41a72-c69a-4c51-8969-57edf65cfd32, raftlog=62d41a72-c69a-4c51-8969-57edf65cfd32@group-88C20260634D-SegmentedRaftLog:OPENED:c-1, conf=-1: [62d41a72-c69a-4c51-8969-57edf65cfd32|rpc:10.1.0.20:44989|priority:0, c36488b4-ebfd-4b41-ac5a-8203e4b42905|rpc:10.1.0.20:40803|priority:1, d727aa53-777d-4565-b781-b847e62e7de2|rpc:10.1.0.20:38235|priority:0], old=null
2022-07-02 07:23:50,921 [d727aa53-777d-4565-b781-b847e62e7de2@group-88C20260634D-FollowerState] INFO  impl.FollowerState (FollowerState.java:run(152)) - d727aa53-777d-4565-b781-b847e62e7de2@group-88C20260634D-FollowerState was interrupted
2022-07-02 07:23:50,921 [grpc-default-executor-4] INFO  server.RaftServer$Division (RaftServerImpl.java:requestVote(1152)) - d727aa53-777d-4565-b781-b847e62e7de2@group-88C20260634D: receive requestVote(ELECTION, c36488b4-ebfd-4b41-ac5a-8203e4b42905, group-88C20260634D, 4, (t:0, i:0))
2022-07-02 07:23:50,945 [grpc-default-executor-0] INFO  server.RaftServer$Division (RaftServerImpl.java:requestVote(1184)) - d727aa53-777d-4565-b781-b847e62e7de2@group-88C20260634D replies to ELECTION vote request: 62d41a72-c69a-4c51-8969-57edf65cfd32<-d727aa53-777d-4565-b781-b847e62e7de2#0:OK-t4. Peer's state: d727aa53-777d-4565-b781-b847e62e7de2@group-88C20260634D:t4, leader=null, voted=62d41a72-c69a-4c51-8969-57edf65cfd32, raftlog=d727aa53-777d-4565-b781-b847e62e7de2@group-88C20260634D-SegmentedRaftLog:OPENED:c-1, conf=-1: [62d41a72-c69a-4c51-8969-57edf65cfd32|rpc:10.1.0.20:44989|dataStream:|priority:0, c36488b4-ebfd-4b41-ac5a-8203e4b42905|rpc:10.1.0.20:40803|dataStream:|priority:1, d727aa53-777d-4565-b781-b847e62e7de2|rpc:10.1.0.20:38235|dataStream:|priority:0], old=null
2022-07-02 07:23:50,945 [grpc-default-executor-4] INFO  impl.VoteContext (VoteContext.java:log(48)) - d727aa53-777d-4565-b781-b847e62e7de2@group-88C20260634D-FOLLOWER: reject ELECTION from c36488b4-ebfd-4b41-ac5a-8203e4b42905: already has voted for 62d41a72-c69a-4c51-8969-57edf65cfd32 at current term 4
2022-07-02 07:23:50,945 [grpc-default-executor-4] INFO  server.RaftServer$Division (RaftServerImpl.java:requestVote(1184)) - d727aa53-777d-4565-b781-b847e62e7de2@group-88C20260634D replies to ELECTION vote request: c36488b4-ebfd-4b41-ac5a-8203e4b42905<-d727aa53-777d-4565-b781-b847e62e7de2#0:FAIL-t4. Peer's state: d727aa53-777d-4565-b781-b847e62e7de2@group-88C20260634D:t4, leader=null, voted=62d41a72-c69a-4c51-8969-57edf65cfd32, raftlog=d727aa53-777d-4565-b781-b847e62e7de2@group-88C20260634D-SegmentedRaftLog:OPENED:c-1, conf=-1: [62d41a72-c69a-4c51-8969-57edf65cfd32|rpc:10.1.0.20:44989|dataStream:|priority:0, c36488b4-ebfd-4b41-ac5a-8203e4b42905|rpc:10.1.0.20:40803|dataStream:|priority:1, d727aa53-777d-4565-b781-b847e62e7de2|rpc:10.1.0.20:38235|dataStream:|priority:0], old=null
2022-07-02 07:23:51,006 [c36488b4-ebfd-4b41-ac5a-8203e4b42905@group-88C20260634D-LeaderElection49] INFO  impl.LeaderElection (LeaderElection.java:logAndReturn(90)) - c36488b4-ebfd-4b41-ac5a-8203e4b42905@group-88C20260634D-LeaderElection49: ELECTION REJECTED received 2 response(s) and 0 exception(s):
2022-07-02 07:23:51,006 [c36488b4-ebfd-4b41-ac5a-8203e4b42905@group-88C20260634D-LeaderElection49] INFO  impl.LeaderElection (LeaderElection.java:logAndReturn(94)) -   Response 0: c36488b4-ebfd-4b41-ac5a-8203e4b42905<-62d41a72-c69a-4c51-8969-57edf65cfd32#0:FAIL-t4
2022-07-02 07:23:51,006 [c36488b4-ebfd-4b41-ac5a-8203e4b42905@group-88C20260634D-LeaderElection49] INFO  impl.LeaderElection (LeaderElection.java:logAndReturn(94)) -   Response 1: c36488b4-ebfd-4b41-ac5a-8203e4b42905<-d727aa53-777d-4565-b781-b847e62e7de2#0:FAIL-t4
2022-07-02 07:23:51,006 [c36488b4-ebfd-4b41-ac5a-8203e4b42905@group-88C20260634D-LeaderElection49] INFO  impl.LeaderElection (LeaderElection.java:askForVotes(312)) - c36488b4-ebfd-4b41-ac5a-8203e4b42905@group-88C20260634D-LeaderElection49 ELECTION round 0: result REJECTED
2022-07-02 07:23:51,006 [c36488b4-ebfd-4b41-ac5a-8203e4b42905@group-88C20260634D-LeaderElection49] INFO  server.RaftServer$Division (RaftServerImpl.java:setRole(299)) - c36488b4-ebfd-4b41-ac5a-8203e4b42905@group-88C20260634D: changes role from CANDIDATE to FOLLOWER at term 4 for REJECTED
2022-07-02 07:23:51,006 [c36488b4-ebfd-4b41-ac5a-8203e4b42905@group-88C20260634D-LeaderElection49] INFO  impl.RoleInfo (RoleInfo.java:shutdownLeaderElection(130)) - c36488b4-ebfd-4b41-ac5a-8203e4b42905: shutdown c36488b4-ebfd-4b41-ac5a-8203e4b42905@group-88C20260634D-LeaderElection49
2022-07-02 07:23:51,007 [c36488b4-ebfd-4b41-ac5a-8203e4b42905@group-88C20260634D-LeaderElection49] INFO  impl.RoleInfo (RoleInfo.java:updateAndGet(139)) - c36488b4-ebfd-4b41-ac5a-8203e4b42905: start c36488b4-ebfd-4b41-ac5a-8203e4b42905@group-88C20260634D-FollowerState
2022-07-02 07:23:51,164 [Listener at 127.0.0.1/38259] INFO  ozone.MiniOzoneClusterImpl (MiniOzoneClusterImpl.java:lambda$waitForClusterToBeReady$0(223)) - Nodes are ready. Got 5 of 5 DN Heartbeats.
2022-07-02 07:23:51,164 [Listener at 127.0.0.1/38259] INFO  ozone.MiniOzoneClusterImpl (MiniOzoneClusterImpl.java:lambda$waitForClusterToBeReady$0(226)) - Waiting for cluster to exit safe mode
2022-07-02 07:23:51,164 [Listener at 127.0.0.1/38259] INFO  ozone.MiniOzoneClusterImpl (MiniOzoneClusterImpl.java:lambda$waitForClusterToBeReady$0(228)) - SCM became leader
2022-07-02 07:23:51,509 [d727aa53-777d-4565-b781-b847e62e7de2@group-DFAC8FC8CCEB-FollowerState] INFO  impl.FollowerState (FollowerState.java:run(143)) - d727aa53-777d-4565-b781-b847e62e7de2@group-DFAC8FC8CCEB-FollowerState: change to CANDIDATE, lastRpcElapsedTime:5141883271ns, electionTimeout:5132ms
2022-07-02 07:23:51,509 [d727aa53-777d-4565-b781-b847e62e7de2@group-DFAC8FC8CCEB-FollowerState] INFO  impl.RoleInfo (RoleInfo.java:shutdownFollowerState(110)) - d727aa53-777d-4565-b781-b847e62e7de2: shutdown d727aa53-777d-4565-b781-b847e62e7de2@group-DFAC8FC8CCEB-FollowerState
2022-07-02 07:23:51,509 [d727aa53-777d-4565-b781-b847e62e7de2@group-DFAC8FC8CCEB-FollowerState] INFO  server.RaftServer$Division (RaftServerImpl.java:setRole(299)) - d727aa53-777d-4565-b781-b847e62e7de2@group-DFAC8FC8CCEB: changes role from  FOLLOWER to CANDIDATE at term 3 for changeToCandidate
2022-07-02 07:23:51,510 [d727aa53-777d-4565-b781-b847e62e7de2@group-DFAC8FC8CCEB-FollowerState] INFO  server.RaftServerConfigKeys (ConfUtils.java:logGet(46)) - raft.server.leaderelection.pre-vote = false (custom)
2022-07-02 07:23:51,510 [d727aa53-777d-4565-b781-b847e62e7de2@group-DFAC8FC8CCEB-FollowerState] INFO  impl.RoleInfo (RoleInfo.java:updateAndGet(139)) - d727aa53-777d-4565-b781-b847e62e7de2: start d727aa53-777d-4565-b781-b847e62e7de2@group-DFAC8FC8CCEB-LeaderElection50
2022-07-02 07:23:51,536 [d727aa53-777d-4565-b781-b847e62e7de2@group-DFAC8FC8CCEB-LeaderElection50] INFO  impl.LeaderElection (LeaderElection.java:askForVotes(310)) - d727aa53-777d-4565-b781-b847e62e7de2@group-DFAC8FC8CCEB-LeaderElection50 ELECTION round 0: submit vote requests at term 4 for -1: [62d41a72-c69a-4c51-8969-57edf65cfd32|rpc:10.1.0.20:44989|priority:0, c36488b4-ebfd-4b41-ac5a-8203e4b42905|rpc:10.1.0.20:40803|priority:0, d727aa53-777d-4565-b781-b847e62e7de2|rpc:10.1.0.20:38235|priority:1], old=null
2022-07-02 07:23:51,557 [grpc-default-executor-4] INFO  server.RaftServer$Division (RaftServerImpl.java:requestVote(1152)) - 62d41a72-c69a-4c51-8969-57edf65cfd32@group-DFAC8FC8CCEB: receive requestVote(ELECTION, d727aa53-777d-4565-b781-b847e62e7de2, group-DFAC8FC8CCEB, 4, (t:0, i:0))
2022-07-02 07:23:51,558 [grpc-default-executor-4] INFO  impl.VoteContext (VoteContext.java:log(48)) - 62d41a72-c69a-4c51-8969-57edf65cfd32@group-DFAC8FC8CCEB-FOLLOWER: accept ELECTION from d727aa53-777d-4565-b781-b847e62e7de2: our priority 0 <= candidate's priority 1
2022-07-02 07:23:51,558 [grpc-default-executor-4] INFO  server.RaftServer$Division (RaftServerImpl.java:setRole(299)) - 62d41a72-c69a-4c51-8969-57edf65cfd32@group-DFAC8FC8CCEB: changes role from  FOLLOWER to FOLLOWER at term 4 for candidate:d727aa53-777d-4565-b781-b847e62e7de2
2022-07-02 07:23:51,558 [grpc-default-executor-4] INFO  impl.RoleInfo (RoleInfo.java:shutdownFollowerState(110)) - 62d41a72-c69a-4c51-8969-57edf65cfd32: shutdown 62d41a72-c69a-4c51-8969-57edf65cfd32@group-DFAC8FC8CCEB-FollowerState
2022-07-02 07:23:51,558 [grpc-default-executor-4] INFO  impl.RoleInfo (RoleInfo.java:updateAndGet(139)) - 62d41a72-c69a-4c51-8969-57edf65cfd32: start 62d41a72-c69a-4c51-8969-57edf65cfd32@group-DFAC8FC8CCEB-FollowerState
2022-07-02 07:23:51,558 [62d41a72-c69a-4c51-8969-57edf65cfd32@group-DFAC8FC8CCEB-FollowerState] INFO  impl.FollowerState (FollowerState.java:run(152)) - 62d41a72-c69a-4c51-8969-57edf65cfd32@group-DFAC8FC8CCEB-FollowerState was interrupted
2022-07-02 07:23:51,568 [c36488b4-ebfd-4b41-ac5a-8203e4b42905@group-DFAC8FC8CCEB-FollowerState] INFO  impl.FollowerState (FollowerState.java:run(143)) - c36488b4-ebfd-4b41-ac5a-8203e4b42905@group-DFAC8FC8CCEB-FollowerState: change to CANDIDATE, lastRpcElapsedTime:5180775687ns, electionTimeout:5140ms
2022-07-02 07:23:51,568 [c36488b4-ebfd-4b41-ac5a-8203e4b42905@group-DFAC8FC8CCEB-FollowerState] INFO  impl.RoleInfo (RoleInfo.java:shutdownFollowerState(110)) - c36488b4-ebfd-4b41-ac5a-8203e4b42905: shutdown c36488b4-ebfd-4b41-ac5a-8203e4b42905@group-DFAC8FC8CCEB-FollowerState
2022-07-02 07:23:51,568 [c36488b4-ebfd-4b41-ac5a-8203e4b42905@group-DFAC8FC8CCEB-FollowerState] INFO  server.RaftServer$Division (RaftServerImpl.java:setRole(299)) - c36488b4-ebfd-4b41-ac5a-8203e4b42905@group-DFAC8FC8CCEB: changes role from  FOLLOWER to CANDIDATE at term 3 for changeToCandidate
2022-07-02 07:23:51,568 [c36488b4-ebfd-4b41-ac5a-8203e4b42905@group-DFAC8FC8CCEB-FollowerState] INFO  server.RaftServerConfigKeys (ConfUtils.java:logGet(46)) - raft.server.leaderelection.pre-vote = false (custom)
2022-07-02 07:23:51,568 [c36488b4-ebfd-4b41-ac5a-8203e4b42905@group-DFAC8FC8CCEB-FollowerState] INFO  impl.RoleInfo (RoleInfo.java:updateAndGet(139)) - c36488b4-ebfd-4b41-ac5a-8203e4b42905: start c36488b4-ebfd-4b41-ac5a-8203e4b42905@group-DFAC8FC8CCEB-LeaderElection51
2022-07-02 07:23:51,568 [grpc-default-executor-4] INFO  server.RaftServer$Division (RaftServerImpl.java:requestVote(1184)) - 62d41a72-c69a-4c51-8969-57edf65cfd32@group-DFAC8FC8CCEB replies to ELECTION vote request: d727aa53-777d-4565-b781-b847e62e7de2<-62d41a72-c69a-4c51-8969-57edf65cfd32#0:OK-t4. Peer's state: 62d41a72-c69a-4c51-8969-57edf65cfd32@group-DFAC8FC8CCEB:t4, leader=null, voted=d727aa53-777d-4565-b781-b847e62e7de2, raftlog=62d41a72-c69a-4c51-8969-57edf65cfd32@group-DFAC8FC8CCEB-SegmentedRaftLog:OPENED:c-1, conf=-1: [62d41a72-c69a-4c51-8969-57edf65cfd32|rpc:10.1.0.20:44989|priority:0, c36488b4-ebfd-4b41-ac5a-8203e4b42905|rpc:10.1.0.20:40803|priority:0, d727aa53-777d-4565-b781-b847e62e7de2|rpc:10.1.0.20:38235|priority:1], old=null
2022-07-02 07:23:51,609 [grpc-default-executor-4] INFO  server.RaftServer$Division (RaftServerImpl.java:requestVote(1152)) - c36488b4-ebfd-4b41-ac5a-8203e4b42905@group-DFAC8FC8CCEB: receive requestVote(ELECTION, d727aa53-777d-4565-b781-b847e62e7de2, group-DFAC8FC8CCEB, 4, (t:0, i:0))
2022-07-02 07:23:51,609 [grpc-default-executor-4] INFO  impl.VoteContext (VoteContext.java:log(48)) - c36488b4-ebfd-4b41-ac5a-8203e4b42905@group-DFAC8FC8CCEB-CANDIDATE: accept ELECTION from d727aa53-777d-4565-b781-b847e62e7de2: our priority 0 <= candidate's priority 1
2022-07-02 07:23:51,609 [grpc-default-executor-4] INFO  server.RaftServer$Division (RaftServerImpl.java:setRole(299)) - c36488b4-ebfd-4b41-ac5a-8203e4b42905@group-DFAC8FC8CCEB: changes role from CANDIDATE to FOLLOWER at term 4 for candidate:d727aa53-777d-4565-b781-b847e62e7de2
2022-07-02 07:23:51,609 [grpc-default-executor-4] INFO  impl.RoleInfo (RoleInfo.java:shutdownLeaderElection(130)) - c36488b4-ebfd-4b41-ac5a-8203e4b42905: shutdown c36488b4-ebfd-4b41-ac5a-8203e4b42905@group-DFAC8FC8CCEB-LeaderElection51
2022-07-02 07:23:51,609 [grpc-default-executor-4] INFO  impl.RoleInfo (RoleInfo.java:updateAndGet(139)) - c36488b4-ebfd-4b41-ac5a-8203e4b42905: start c36488b4-ebfd-4b41-ac5a-8203e4b42905@group-DFAC8FC8CCEB-FollowerState
2022-07-02 07:23:51,617 [c36488b4-ebfd-4b41-ac5a-8203e4b42905@group-DFAC8FC8CCEB-LeaderElection51] INFO  impl.LeaderElection (LeaderElection.java:run(231)) - c36488b4-ebfd-4b41-ac5a-8203e4b42905@group-DFAC8FC8CCEB-LeaderElection51: skip running since this is already CLOSING
2022-07-02 07:23:51,617 [d727aa53-777d-4565-b781-b847e62e7de2@group-DFAC8FC8CCEB-LeaderElection50] INFO  impl.LeaderElection (LeaderElection.java:logAndReturn(90)) - d727aa53-777d-4565-b781-b847e62e7de2@group-DFAC8FC8CCEB-LeaderElection50: ELECTION PASSED received 1 response(s) and 0 exception(s):
2022-07-02 07:23:51,617 [d727aa53-777d-4565-b781-b847e62e7de2@group-DFAC8FC8CCEB-LeaderElection50] INFO  impl.LeaderElection (LeaderElection.java:logAndReturn(94)) -   Response 0: d727aa53-777d-4565-b781-b847e62e7de2<-62d41a72-c69a-4c51-8969-57edf65cfd32#0:OK-t4
2022-07-02 07:23:51,617 [d727aa53-777d-4565-b781-b847e62e7de2@group-DFAC8FC8CCEB-LeaderElection50] INFO  impl.LeaderElection (LeaderElection.java:askForVotes(312)) - d727aa53-777d-4565-b781-b847e62e7de2@group-DFAC8FC8CCEB-LeaderElection50 ELECTION round 0: result PASSED
2022-07-02 07:23:51,617 [d727aa53-777d-4565-b781-b847e62e7de2@group-DFAC8FC8CCEB-LeaderElection50] INFO  impl.RoleInfo (RoleInfo.java:shutdownLeaderElection(130)) - d727aa53-777d-4565-b781-b847e62e7de2: shutdown d727aa53-777d-4565-b781-b847e62e7de2@group-DFAC8FC8CCEB-LeaderElection50
2022-07-02 07:23:51,617 [d727aa53-777d-4565-b781-b847e62e7de2@group-DFAC8FC8CCEB-LeaderElection50] INFO  server.RaftServer$Division (RaftServerImpl.java:setRole(299)) - d727aa53-777d-4565-b781-b847e62e7de2@group-DFAC8FC8CCEB: changes role from CANDIDATE to LEADER at term 4 for changeToLeader
2022-07-02 07:23:51,617 [d727aa53-777d-4565-b781-b847e62e7de2@group-DFAC8FC8CCEB-LeaderElection50] INFO  ratis.XceiverServerRatis (XceiverServerRatis.java:handleLeaderChangedNotification(863)) - Leader change notification received for group: group-DFAC8FC8CCEB with new leaderId: d727aa53-777d-4565-b781-b847e62e7de2
2022-07-02 07:23:51,617 [d727aa53-777d-4565-b781-b847e62e7de2@group-DFAC8FC8CCEB-LeaderElection50] INFO  server.RaftServer$Division (ServerState.java:setLeader(287)) - d727aa53-777d-4565-b781-b847e62e7de2@group-DFAC8FC8CCEB: change Leader from null to d727aa53-777d-4565-b781-b847e62e7de2 at term 4 for becomeLeader, leader elected after 20618ms
2022-07-02 07:23:51,617 [d727aa53-777d-4565-b781-b847e62e7de2@group-DFAC8FC8CCEB-LeaderElection50] INFO  server.RaftServerConfigKeys (ConfUtils.java:logGet(46)) - raft.server.staging.catchup.gap = 1000 (default)
2022-07-02 07:23:51,618 [d727aa53-777d-4565-b781-b847e62e7de2@group-DFAC8FC8CCEB-LeaderElection50] INFO  server.RaftServerConfigKeys (ConfUtils.java:logGet(46)) - raft.server.write.element-limit = 1024 (custom)
2022-07-02 07:23:51,618 [d727aa53-777d-4565-b781-b847e62e7de2@group-DFAC8FC8CCEB-LeaderElection50] INFO  server.RaftServerConfigKeys (ConfUtils.java:logGet(46)) - raft.server.write.byte-limit = 1024 M (=1073741824) (custom)
2022-07-02 07:23:51,618 [d727aa53-777d-4565-b781-b847e62e7de2@group-DFAC8FC8CCEB-LeaderElection50] INFO  server.RaftServerConfigKeys (ConfUtils.java:logGet(46)) - raft.server.watch.timeout = 180s (custom)
2022-07-02 07:23:51,618 [d727aa53-777d-4565-b781-b847e62e7de2@group-DFAC8FC8CCEB-LeaderElection50] INFO  server.RaftServerConfigKeys (ConfUtils.java:logGet(46)) - raft.server.watch.timeout.denomination = 1s (default)
2022-07-02 07:23:51,618 [d727aa53-777d-4565-b781-b847e62e7de2@group-DFAC8FC8CCEB-LeaderElection50] INFO  server.RaftServerConfigKeys (ConfUtils.java:logGet(46)) - raft.server.watch.element-limit = 65536 (default)
2022-07-02 07:23:51,618 [d727aa53-777d-4565-b781-b847e62e7de2@group-DFAC8FC8CCEB-LeaderElection50] INFO  server.RaftServerConfigKeys (ConfUtils.java:logGet(46)) - raft.server.write.element-limit = 1024 (custom)
2022-07-02 07:23:51,618 [d727aa53-777d-4565-b781-b847e62e7de2@group-DFAC8FC8CCEB-LeaderElection50] INFO  server.RaftServerConfigKeys (ConfUtils.java:logGet(46)) - raft.server.write.follower.gap.ratio.max = -1.0 (default)
2022-07-02 07:23:51,619 [d727aa53-777d-4565-b781-b847e62e7de2@group-DFAC8FC8CCEB-LeaderElection50] INFO  server.RaftServerConfigKeys (ConfUtils.java:logGet(46)) - raft.server.log.appender.snapshot.chunk.size.max = 16MB (=16777216) (default)
2022-07-02 07:23:51,619 [d727aa53-777d-4565-b781-b847e62e7de2@group-DFAC8FC8CCEB-LeaderElection50] INFO  server.RaftServerConfigKeys (ConfUtils.java:logGet(46)) - raft.server.log.appender.buffer.byte-limit = 33554432 (custom)
2022-07-02 07:23:51,620 [d727aa53-777d-4565-b781-b847e62e7de2@group-DFAC8FC8CCEB-LeaderElection50] INFO  server.RaftServerConfigKeys (ConfUtils.java:logGet(46)) - raft.server.log.appender.buffer.element-limit = 1 (custom)
2022-07-02 07:23:51,620 [d727aa53-777d-4565-b781-b847e62e7de2@group-DFAC8FC8CCEB-LeaderElection50] INFO  grpc.GrpcConfigKeys (ConfUtils.java:logGet(46)) - raft.grpc.server.leader.outstanding.appends.max = 128 (default)
2022-07-02 07:23:51,620 [d727aa53-777d-4565-b781-b847e62e7de2@group-DFAC8FC8CCEB-LeaderElection50] INFO  server.RaftServerConfigKeys (ConfUtils.java:logGet(46)) - raft.server.rpc.request.timeout = 60s (custom)
2022-07-02 07:23:51,620 [d727aa53-777d-4565-b781-b847e62e7de2@group-DFAC8FC8CCEB-LeaderElection50] INFO  server.RaftServerConfigKeys (ConfUtils.java:logGet(46)) - raft.server.log.appender.install.snapshot.enabled = false (custom)
2022-07-02 07:23:51,625 [EventQueue-PipelineReportForPipelineReportHandler] INFO  pipeline.PipelineManagerImpl (PipelineManagerImpl.java:openPipeline(358)) - Pipeline Pipeline[ Id: 26fd7dc0-a09a-42e3-9f2f-dfac8fc8cceb, Nodes: c36488b4-ebfd-4b41-ac5a-8203e4b42905{ip: 10.1.0.20, host: fv-az444-838.dthhdds2jluu1c0oa55ndv1hsg.dx.internal.cloudapp.net, ports: [REPLICATION=36535, RATIS=40803, RATIS_ADMIN=40803, RATIS_SERVER=40803, STANDALONE=41593], networkLocation: /default-rack, certSerialId: null, persistedOpState: IN_SERVICE, persistedOpStateExpiryEpochSec: 0}62d41a72-c69a-4c51-8969-57edf65cfd32{ip: 10.1.0.20, host: fv-az444-838.dthhdds2jluu1c0oa55ndv1hsg.dx.internal.cloudapp.net, ports: [REPLICATION=41289, RATIS=44989, RATIS_ADMIN=44989, RATIS_SERVER=44989, STANDALONE=37639], networkLocation: /default-rack, certSerialId: null, persistedOpState: IN_SERVICE, persistedOpStateExpiryEpochSec: 0}d727aa53-777d-4565-b781-b847e62e7de2{ip: 10.1.0.20, host: fv-az444-838.dthhdds2jluu1c0oa55ndv1hsg.dx.internal.cloudapp.net, ports: [REPLICATION=34763, RATIS=38235, RATIS_ADMIN=38235, RATIS_SERVER=38235, STANDALONE=34017], networkLocation: /default-rack, certSerialId: null, persistedOpState: IN_SERVICE, persistedOpStateExpiryEpochSec: 0}, ReplicationConfig: RATIS/THREE, State:ALLOCATED, leaderId:d727aa53-777d-4565-b781-b847e62e7de2, CreationTimestamp2022-07-02T07:23:29.815Z[Etc/UTC]] moved to OPEN state
2022-07-02 07:23:51,625 [EventQueue-OpenPipelineForHealthyPipelineSafeModeRule] INFO  safemode.SCMSafeModeManager (HealthyPipelineSafeModeRule.java:process(124)) - SCM in safe mode. Healthy pipelines reported count is 1, required healthy pipeline reported count is 1
2022-07-02 07:23:51,625 [EventQueue-OpenPipelineForHealthyPipelineSafeModeRule] INFO  safemode.SCMSafeModeManager (SCMSafeModeManager.java:validateSafeModeExitRules(204)) - HealthyPipelineSafeModeRule rule is successfully validated
2022-07-02 07:23:51,625 [EventQueue-OpenPipelineForHealthyPipelineSafeModeRule] INFO  safemode.SCMSafeModeManager (SCMSafeModeManager.java:validateSafeModeExitRules(219)) - ScmSafeModeManager, all rules are successfully validated
2022-07-02 07:23:51,625 [EventQueue-OpenPipelineForHealthyPipelineSafeModeRule] INFO  safemode.SCMSafeModeManager (SCMSafeModeManager.java:exitSafeMode(248)) - SCM exiting safe mode.
2022-07-02 07:23:51,626 [EventQueue-OpenPipelineForHealthyPipelineSafeModeRule] WARN  events.EventQueue (EventQueue.java:fireEvent(216)) - No event handler registered for event TypedEvent{payloadType=SafeModeStatus, name='Safe mode status'}
2022-07-02 07:23:51,626 [EventQueue-OpenPipelineForHealthyPipelineSafeModeRule] INFO  ha.SCMContext (SCMContext.java:updateSafeModeStatus(228)) - Update SafeModeStatus from SafeModeStatus{safeModeStatus=true, preCheckPassed=true} to SafeModeStatus{safeModeStatus=false, preCheckPassed=true}.
2022-07-02 07:23:51,626 [EventQueue-OpenPipelineForHealthyPipelineSafeModeRule] INFO  pipeline.BackgroundPipelineCreator (BackgroundPipelineCreator.java:notifyStatusChanged(253)) - Service BackgroundPipelineCreator transitions to RUNNING.
2022-07-02 07:23:51,626 [EventQueue-OpenPipelineForHealthyPipelineSafeModeRule] INFO  BackgroundPipelineScrubber (BackgroundSCMService.java:notifyStatusChanged(82)) - Service BackgroundPipelineScrubber transitions to RUNNING.
2022-07-02 07:23:51,626 [EventQueue-OpenPipelineForHealthyPipelineSafeModeRule] INFO  ExpiredContainerReplicaOpScrubber (BackgroundSCMService.java:notifyStatusChanged(82)) - Service ExpiredContainerReplicaOpScrubber transitions to RUNNING.
2022-07-02 07:23:51,626 [EventQueue-OpenPipelineForHealthyPipelineSafeModeRule] INFO  replication.ReplicationManager (ReplicationManager.java:notifyStatusChanged(428)) - Service ReplicationManager transitions to RUNNING.
2022-07-02 07:23:51,626 [EventQueue-OpenPipelineForHealthyPipelineSafeModeRule] WARN  balancer.ContainerBalancer (ContainerBalancer.java:shouldRun(894)) - Could not find persisted configuration for ContainerBalancer when checking if ContainerBalancer should run. ContainerBalancer should not run now.
2022-07-02 07:23:51,628 [grpc-default-executor-4] INFO  server.RaftServer$Division (RaftServerImpl.java:requestVote(1184)) - c36488b4-ebfd-4b41-ac5a-8203e4b42905@group-DFAC8FC8CCEB replies to ELECTION vote request: d727aa53-777d-4565-b781-b847e62e7de2<-c36488b4-ebfd-4b41-ac5a-8203e4b42905#0:OK-t4. Peer's state: c36488b4-ebfd-4b41-ac5a-8203e4b42905@group-DFAC8FC8CCEB:t4, leader=null, voted=d727aa53-777d-4565-b781-b847e62e7de2, raftlog=c36488b4-ebfd-4b41-ac5a-8203e4b42905@group-DFAC8FC8CCEB-SegmentedRaftLog:OPENED:c-1, conf=-1: [62d41a72-c69a-4c51-8969-57edf65cfd32|rpc:10.1.0.20:44989|dataStream:|priority:0, c36488b4-ebfd-4b41-ac5a-8203e4b42905|rpc:10.1.0.20:40803|dataStream:|priority:0, d727aa53-777d-4565-b781-b847e62e7de2|rpc:10.1.0.20:38235|dataStream:|priority:1], old=null
2022-07-02 07:23:51,677 [d727aa53-777d-4565-b781-b847e62e7de2@group-DFAC8FC8CCEB-LeaderElection50] INFO  server.RaftServerConfigKeys (ConfUtils.java:logGet(46)) - raft.server.log.appender.snapshot.chunk.size.max = 16MB (=16777216) (default)
2022-07-02 07:23:51,677 [d727aa53-777d-4565-b781-b847e62e7de2@group-DFAC8FC8CCEB-LeaderElection50] INFO  server.RaftServerConfigKeys (ConfUtils.java:logGet(46)) - raft.server.log.appender.buffer.byte-limit = 33554432 (custom)
2022-07-02 07:23:51,677 [d727aa53-777d-4565-b781-b847e62e7de2@group-DFAC8FC8CCEB-LeaderElection50] INFO  server.RaftServerConfigKeys (ConfUtils.java:logGet(46)) - raft.server.log.appender.buffer.element-limit = 1 (custom)
2022-07-02 07:23:51,677 [d727aa53-777d-4565-b781-b847e62e7de2@group-DFAC8FC8CCEB-LeaderElection50] INFO  grpc.GrpcConfigKeys (ConfUtils.java:logGet(46)) - raft.grpc.server.leader.outstanding.appends.max = 128 (default)
2022-07-02 07:23:51,677 [d727aa53-777d-4565-b781-b847e62e7de2@group-DFAC8FC8CCEB-LeaderElection50] INFO  server.RaftServerConfigKeys (ConfUtils.java:logGet(46)) - raft.server.rpc.request.timeout = 60s (custom)
2022-07-02 07:23:51,677 [d727aa53-777d-4565-b781-b847e62e7de2@group-DFAC8FC8CCEB-LeaderElection50] INFO  server.RaftServerConfigKeys (ConfUtils.java:logGet(46)) - raft.server.log.appender.install.snapshot.enabled = false (custom)
2022-07-02 07:23:51,678 [d727aa53-777d-4565-b781-b847e62e7de2@group-DFAC8FC8CCEB-LeaderElection50] INFO  impl.RoleInfo (RoleInfo.java:updateAndGet(139)) - d727aa53-777d-4565-b781-b847e62e7de2: start d727aa53-777d-4565-b781-b847e62e7de2@group-DFAC8FC8CCEB-LeaderStateImpl
2022-07-02 07:23:51,678 [d727aa53-777d-4565-b781-b847e62e7de2@group-DFAC8FC8CCEB-LeaderElection50] INFO  segmented.SegmentedRaftLogWorker (SegmentedRaftLogWorker.java:startLogSegment(425)) - d727aa53-777d-4565-b781-b847e62e7de2@group-DFAC8FC8CCEB-SegmentedRaftLogWorker: Starting segment from index:0
2022-07-02 07:23:51,680 [d727aa53-777d-4565-b781-b847e62e7de2@group-DFAC8FC8CCEB-SegmentedRaftLogWorker] INFO  segmented.SegmentedRaftLogWorker (SegmentedRaftLogWorker.java:execute(629)) - d727aa53-777d-4565-b781-b847e62e7de2@group-DFAC8FC8CCEB-SegmentedRaftLogWorker: created new log segment /home/runner/work/ozone/ozone/hadoop-ozone/integration-test/target/test-dir/MiniOzoneClusterImpl-0529b123-343e-47c8-b09a-e64196ae32df/datanode-2/data/ratis/26fd7dc0-a09a-42e3-9f2f-dfac8fc8cceb/current/log_inprogress_0
2022-07-02 07:23:51,688 [62d41a72-c69a-4c51-8969-57edf65cfd32-server-thread1] INFO  ratis.XceiverServerRatis (XceiverServerRatis.java:handleLeaderChangedNotification(863)) - Leader change notification received for group: group-DFAC8FC8CCEB with new leaderId: d727aa53-777d-4565-b781-b847e62e7de2
2022-07-02 07:23:51,688 [62d41a72-c69a-4c51-8969-57edf65cfd32-server-thread1] INFO  server.RaftServer$Division (ServerState.java:setLeader(287)) - 62d41a72-c69a-4c51-8969-57edf65cfd32@group-DFAC8FC8CCEB: change Leader from null to d727aa53-777d-4565-b781-b847e62e7de2 at term 4 for appendEntries, leader elected after 21077ms
2022-07-02 07:23:51,694 [d727aa53-777d-4565-b781-b847e62e7de2@group-DFAC8FC8CCEB-LeaderElection50] INFO  server.RaftServer$Division (ServerState.java:setRaftConf(393)) - d727aa53-777d-4565-b781-b847e62e7de2@group-DFAC8FC8CCEB: set configuration 0: [62d41a72-c69a-4c51-8969-57edf65cfd32|rpc:10.1.0.20:44989|dataStream:|priority:0, c36488b4-ebfd-4b41-ac5a-8203e4b42905|rpc:10.1.0.20:40803|dataStream:|priority:0, d727aa53-777d-4565-b781-b847e62e7de2|rpc:10.1.0.20:38235|dataStream:|priority:1], old=null
2022-07-02 07:23:51,704 [c36488b4-ebfd-4b41-ac5a-8203e4b42905-server-thread1] INFO  ratis.XceiverServerRatis (XceiverServerRatis.java:handleLeaderChangedNotification(863)) - Leader change notification received for group: group-DFAC8FC8CCEB with new leaderId: d727aa53-777d-4565-b781-b847e62e7de2
2022-07-02 07:23:51,704 [c36488b4-ebfd-4b41-ac5a-8203e4b42905-server-thread1] INFO  server.RaftServer$Division (ServerState.java:setLeader(287)) - c36488b4-ebfd-4b41-ac5a-8203e4b42905@group-DFAC8FC8CCEB: change Leader from null to d727aa53-777d-4565-b781-b847e62e7de2 at term 4 for appendEntries, leader elected after 20938ms
2022-07-02 07:23:51,787 [c36488b4-ebfd-4b41-ac5a-8203e4b42905-server-thread1] INFO  server.RaftServer$Division (ServerState.java:setRaftConf(393)) - c36488b4-ebfd-4b41-ac5a-8203e4b42905@group-DFAC8FC8CCEB: set configuration 0: [62d41a72-c69a-4c51-8969-57edf65cfd32|rpc:10.1.0.20:44989|dataStream:|priority:0, c36488b4-ebfd-4b41-ac5a-8203e4b42905|rpc:10.1.0.20:40803|dataStream:|priority:0, d727aa53-777d-4565-b781-b847e62e7de2|rpc:10.1.0.20:38235|dataStream:|priority:1], old=null
2022-07-02 07:23:51,787 [62d41a72-c69a-4c51-8969-57edf65cfd32-server-thread1] INFO  server.RaftServer$Division (ServerState.java:setRaftConf(393)) - 62d41a72-c69a-4c51-8969-57edf65cfd32@group-DFAC8FC8CCEB: set configuration 0: [62d41a72-c69a-4c51-8969-57edf65cfd32|rpc:10.1.0.20:44989|dataStream:|priority:0, c36488b4-ebfd-4b41-ac5a-8203e4b42905|rpc:10.1.0.20:40803|dataStream:|priority:0, d727aa53-777d-4565-b781-b847e62e7de2|rpc:10.1.0.20:38235|dataStream:|priority:1], old=null
2022-07-02 07:23:51,788 [c36488b4-ebfd-4b41-ac5a-8203e4b42905-server-thread1] INFO  segmented.SegmentedRaftLogWorker (SegmentedRaftLogWorker.java:startLogSegment(425)) - c36488b4-ebfd-4b41-ac5a-8203e4b42905@group-DFAC8FC8CCEB-SegmentedRaftLogWorker: Starting segment from index:0
2022-07-02 07:23:51,788 [62d41a72-c69a-4c51-8969-57edf65cfd32-server-thread1] INFO  segmented.SegmentedRaftLogWorker (SegmentedRaftLogWorker.java:startLogSegment(425)) - 62d41a72-c69a-4c51-8969-57edf65cfd32@group-DFAC8FC8CCEB-SegmentedRaftLogWorker: Starting segment from index:0
2022-07-02 07:23:51,790 [c36488b4-ebfd-4b41-ac5a-8203e4b42905@group-DFAC8FC8CCEB-SegmentedRaftLogWorker] INFO  segmented.SegmentedRaftLogWorker (SegmentedRaftLogWorker.java:execute(629)) - c36488b4-ebfd-4b41-ac5a-8203e4b42905@group-DFAC8FC8CCEB-SegmentedRaftLogWorker: created new log segment /home/runner/work/ozone/ozone/hadoop-ozone/integration-test/target/test-dir/MiniOzoneClusterImpl-0529b123-343e-47c8-b09a-e64196ae32df/datanode-1/data/ratis/26fd7dc0-a09a-42e3-9f2f-dfac8fc8cceb/current/log_inprogress_0
2022-07-02 07:23:51,793 [62d41a72-c69a-4c51-8969-57edf65cfd32@group-DFAC8FC8CCEB-SegmentedRaftLogWorker] INFO  segmented.SegmentedRaftLogWorker (SegmentedRaftLogWorker.java:execute(629)) - 62d41a72-c69a-4c51-8969-57edf65cfd32@group-DFAC8FC8CCEB-SegmentedRaftLogWorker: created new log segment /home/runner/work/ozone/ozone/hadoop-ozone/integration-test/target/test-dir/MiniOzoneClusterImpl-0529b123-343e-47c8-b09a-e64196ae32df/datanode-0/data/ratis/26fd7dc0-a09a-42e3-9f2f-dfac8fc8cceb/current/log_inprogress_0
2022-07-02 07:23:52,164 [Listener at 127.0.0.1/38259] INFO  ozone.MiniOzoneClusterImpl (MiniOzoneClusterImpl.java:lambda$waitForClusterToBeReady$0(223)) - Nodes are ready. Got 5 of 5 DN Heartbeats.
2022-07-02 07:23:52,165 [Listener at 127.0.0.1/38259] INFO  ozone.MiniOzoneClusterImpl (MiniOzoneClusterImpl.java:lambda$waitForClusterToBeReady$0(226)) - Cluster exits safe mode
2022-07-02 07:23:52,165 [Listener at 127.0.0.1/38259] INFO  ozone.MiniOzoneClusterImpl (MiniOzoneClusterImpl.java:lambda$waitForClusterToBeReady$0(228)) - SCM became leader
2022-07-02 07:23:52,226 [Time-limited test] INFO  rpc.RpcClient (RpcClient.java:createVolume(466)) - Creating Volume: volume60245, with user83112 as owner and space quota set to -1 bytes, counts quota set to -1
2022-07-02 07:23:52,277 [OM StateMachine ApplyTransaction Thread - 0] INFO  volume.OMVolumeCreateRequest (OMVolumeCreateRequest.java:validateAndUpdateCache(195)) - created volume:volume60245 for user:user83112
2022-07-02 07:23:52,340 [Time-limited test] INFO  rpc.RpcClient (RpcClient.java:createBucket(669)) - Creating Bucket: volume60245/bucket86621, with bucket layout LEGACY, runner as owner, Versioning false, Storage Type set to DISK and Encryption set to false 
2022-07-02 07:23:52,342 [OM StateMachine ApplyTransaction Thread - 0] INFO  bucket.OMBucketCreateRequest (OMBucketCreateRequest.java:validateAndUpdateCache(260)) - created bucket: bucket86621 of layout LEGACY in volume: volume60245
2022-07-02 07:23:52,405 [IPC Server handler 7 on default port 36837] INFO  ha.SequenceIdGenerator (SequenceIdGenerator.java:getNextId(127)) - Allocate a batch for containerId, change lastId from 0 to 1000.
2022-07-02 07:23:52,406 [IPC Server handler 7 on default port 36837] WARN  ha.SequenceIdGenerator (SequenceIdGenerator.java:allocateBatch(235)) - Failed to allocate a batch for localId, expected lastId is 0, actual lastId is 109611004723200000.
2022-07-02 07:23:52,407 [IPC Server handler 7 on default port 36837] INFO  ha.SequenceIdGenerator (SequenceIdGenerator.java:getNextId(127)) - Allocate a batch for localId, change lastId from 109611004723200000 to 109611004723201000.
07:23:52.456 [IPC Server handler 4 on default port 38259] ERROR OMAudit - user=runner | ip=127.0.0.1 | op=GET_FILE_STATUS {volume=volume60245, bucket=bucket86621, key=dir875/file1, dataSize=0, replicationConfig=null} | ret=FAILURE
org.apache.hadoop.ozone.om.exceptions.OMException: Unable to get file status: volume: volume60245 bucket: bucket86621 key: dir875/file1
	at org.apache.hadoop.ozone.om.KeyManagerImpl.getOzoneFileStatus(KeyManagerImpl.java:1311) ~[ozone-manager-1.3.0-SNAPSHOT.jar:?]
	at org.apache.hadoop.ozone.om.KeyManagerImpl.getFileStatus(KeyManagerImpl.java:1241) ~[ozone-manager-1.3.0-SNAPSHOT.jar:?]
	at org.apache.hadoop.ozone.om.OzoneManager.getFileStatus(OzoneManager.java:3419) ~[ozone-manager-1.3.0-SNAPSHOT.jar:?]
	at org.apache.hadoop.ozone.protocolPB.OzoneManagerRequestHandler.getOzoneFileStatus(OzoneManagerRequestHandler.java:871) ~[ozone-manager-1.3.0-SNAPSHOT.jar:?]
	at org.apache.hadoop.ozone.protocolPB.OzoneManagerRequestHandler.handleReadRequest(OzoneManagerRequestHandler.java:217) ~[ozone-manager-1.3.0-SNAPSHOT.jar:?]
	at org.apache.hadoop.ozone.protocolPB.OzoneManagerProtocolServerSideTranslatorPB.submitReadRequestToOM(OzoneManagerProtocolServerSideTranslatorPB.java:226) ~[ozone-manager-1.3.0-SNAPSHOT.jar:?]
	at org.apache.hadoop.ozone.protocolPB.OzoneManagerProtocolServerSideTranslatorPB.processRequest(OzoneManagerProtocolServerSideTranslatorPB.java:175) ~[ozone-manager-1.3.0-SNAPSHOT.jar:?]
	at org.apache.hadoop.hdds.server.OzoneProtocolMessageDispatcher.processRequest(OzoneProtocolMessageDispatcher.java:87) [hdds-server-framework-1.3.0-SNAPSHOT.jar:?]
	at org.apache.hadoop.ozone.protocolPB.OzoneManagerProtocolServerSideTranslatorPB.submitRequest(OzoneManagerProtocolServerSideTranslatorPB.java:147) [ozone-manager-1.3.0-SNAPSHOT.jar:?]
	at org.apache.hadoop.ozone.protocol.proto.OzoneManagerProtocolProtos$OzoneManagerService$2.callBlockingMethod(OzoneManagerProtocolProtos.java) [ozone-interface-client-1.3.0-SNAPSHOT.jar:?]
	at org.apache.hadoop.ipc.ProtobufRpcEngine$Server.processCall(ProtobufRpcEngine.java:466) [hadoop-common-3.3.1.jar:?]
	at org.apache.hadoop.ipc.ProtobufRpcEngine2$Server$ProtoBufRpcInvoker.call(ProtobufRpcEngine2.java:574) [hadoop-common-3.3.1.jar:?]
	at org.apache.hadoop.ipc.ProtobufRpcEngine2$Server$ProtoBufRpcInvoker.call(ProtobufRpcEngine2.java:552) [hadoop-common-3.3.1.jar:?]
	at org.apache.hadoop.ipc.RPC$Server.call(RPC.java:1093) [hadoop-common-3.3.1.jar:?]
	at org.apache.hadoop.ipc.Server$RpcCall.run(Server.java:1035) [hadoop-common-3.3.1.jar:?]
	at org.apache.hadoop.ipc.Server$RpcCall.run(Server.java:963) [hadoop-common-3.3.1.jar:?]
	at java.security.AccessController.doPrivileged(Native Method) ~[?:1.8.0_332]
	at javax.security.auth.Subject.doAs(Subject.java:422) [?:1.8.0_332]
	at org.apache.hadoop.security.UserGroupInformation.doAs(UserGroupInformation.java:1878) [hadoop-common-3.3.1.jar:?]
	at org.apache.hadoop.ipc.Server$Handler.run(Server.java:2966) [hadoop-common-3.3.1.jar:?]
]]></system-out>
  </testcase>
  <testcase name="testRenameFile" classname="TestRootedOzoneFileSystem" time="0.779">
    <system-out><![CDATA[2022-07-02 07:24:28,795 [Listener at 127.0.0.1/38259] INFO  ozone.MiniOzoneClusterImpl (MiniOzoneClusterImpl.java:shutdown(460)) - Shutting down the Mini Ozone Cluster
2022-07-02 07:24:28,796 [Listener at 127.0.0.1/38259] INFO  ozone.MiniOzoneClusterImpl (MiniOzoneClusterImpl.java:stop(475)) - Stopping the Mini Ozone Cluster
2022-07-02 07:24:28,796 [Listener at 127.0.0.1/38259] INFO  ozone.MiniOzoneClusterImpl (MiniOzoneClusterImpl.java:stopOM(557)) - Stopping the OzoneManager
2022-07-02 07:24:28,796 [Listener at 127.0.0.1/38259] INFO  om.OzoneManager (OzoneManager.java:stop(2020)) - om1[localhost:0]: Stopping Ozone Manager
2022-07-02 07:24:28,796 [Listener at 127.0.0.1/38259] INFO  ipc.Server (Server.java:stop(3414)) - Stopping server on 38259
2022-07-02 07:24:28,836 [IPC Server listener on 0] INFO  ipc.Server (Server.java:run(1376)) - Stopping IPC Server listener on 0
2022-07-02 07:24:28,836 [IPC Server Responder] INFO  ipc.Server (Server.java:run(1512)) - Stopping IPC Server Responder
2022-07-02 07:24:28,836 [Listener at 127.0.0.1/38259] INFO  server.RaftServer (RaftServerProxy.java:lambda$close$7(398)) - om1: close
2022-07-02 07:24:28,837 [Listener at 127.0.0.1/38259] INFO  server.RaftServer$Division (RaftServerImpl.java:lambda$close$4(434)) - om1@group-C5BA1605619E: shutdown
2022-07-02 07:24:28,837 [Listener at 127.0.0.1/38259] INFO  util.JmxRegister (JmxRegister.java:unregister(73)) - Successfully un-registered JMX Bean with object name Ratis:service=RaftServer,group=group-C5BA1605619E,id=om1
2022-07-02 07:24:28,837 [Listener at 127.0.0.1/38259] INFO  impl.RoleInfo (RoleInfo.java:shutdownLeaderState(93)) - om1: shutdown om1@group-C5BA1605619E-LeaderStateImpl
2022-07-02 07:24:28,837 [Listener at 127.0.0.1/38259] INFO  impl.PendingRequests (PendingRequests.java:sendNotLeaderResponses(282)) - om1@group-C5BA1605619E-PendingRequests: sendNotLeaderResponses
2022-07-02 07:24:28,844 [Listener at 127.0.0.1/38259] INFO  impl.StateMachineUpdater (StateMachineUpdater.java:stopAndJoin(153)) - om1@group-C5BA1605619E-StateMachineUpdater: set stopIndex = 6952
2022-07-02 07:24:28,844 [om1@group-C5BA1605619E-StateMachineUpdater] INFO  ratis.OzoneManagerStateMachine (OzoneManagerStateMachine.java:takeSnapshot(441)) - Current Snapshot Index (t:1, i:6952)
2022-07-02 07:24:28,845 [om1@group-C5BA1605619E-StateMachineUpdater] INFO  impl.StateMachineUpdater (StateMachineUpdater.java:takeSnapshot(287)) - om1@group-C5BA1605619E-StateMachineUpdater: Took a snapshot at index 6952
2022-07-02 07:24:28,845 [om1@group-C5BA1605619E-StateMachineUpdater] INFO  impl.StateMachineUpdater (StateMachineUpdater.java:lambda$new$0(92)) - om1@group-C5BA1605619E-StateMachineUpdater: snapshotIndex: updateIncreasingly -1 -> 6952
2022-07-02 07:24:28,845 [om1@group-C5BA1605619E-StateMachineUpdater] INFO  ratis.OzoneManagerStateMachine (OzoneManagerStateMachine.java:close(495)) - StateMachine has shutdown. Shutdown OzoneManager if not already shutdown.
2022-07-02 07:24:28,845 [om1@group-C5BA1605619E-StateMachineUpdater] INFO  ratis.OzoneManagerDoubleBuffer (OzoneManagerDoubleBuffer.java:stop(465)) - Stopping OMDoubleBuffer flush thread
2022-07-02 07:24:28,845 [OMDoubleBufferFlushThread] INFO  ratis.OzoneManagerDoubleBuffer (OzoneManagerDoubleBuffer.java:flushTransactions(385)) - OMDoubleBuffer flush thread OMDoubleBufferFlushThread is interrupted and will exit.
2022-07-02 07:24:28,856 [Listener at 127.0.0.1/38259] INFO  server.RaftServer$Division (ServerState.java:close(429)) - om1@group-C5BA1605619E: closes. applyIndex: 6952
2022-07-02 07:24:28,864 [om1@group-C5BA1605619E-SegmentedRaftLogWorker] INFO  segmented.SegmentedRaftLogWorker (SegmentedRaftLogWorker.java:run(336)) - om1@group-C5BA1605619E-SegmentedRaftLogWorker was interrupted, exiting. There are 0 tasks remaining in the queue.
2022-07-02 07:24:28,865 [Listener at 127.0.0.1/38259] INFO  segmented.SegmentedRaftLogWorker (SegmentedRaftLogWorker.java:close(246)) - om1@group-C5BA1605619E-SegmentedRaftLogWorker close()
2022-07-02 07:24:28,873 [Listener at 127.0.0.1/38259] INFO  server.GrpcService (GrpcService.java:closeImpl(269)) - om1: shutdown server with port 9872 now
2022-07-02 07:24:28,874 [Listener at 127.0.0.1/38259] INFO  server.GrpcService (GrpcService.java:closeImpl(278)) - om1: shutdown server with port 9872 successfully
2022-07-02 07:24:28,874 [org.apache.ratis.util.JvmPauseMonitor$$Lambda$611/1072797734@7cf62b6d] INFO  util.JvmPauseMonitor (JvmPauseMonitor.java:run(109)) - JvmPauseMonitor-om1: Stopped
2022-07-02 07:24:28,874 [Listener at 127.0.0.1/38259] INFO  ratis.OzoneManagerStateMachine (OzoneManagerStateMachine.java:close(495)) - StateMachine has shutdown. Shutdown OzoneManager if not already shutdown.
2022-07-02 07:24:28,874 [Listener at 127.0.0.1/38259] INFO  ratis.OzoneManagerDoubleBuffer (OzoneManagerDoubleBuffer.java:stop(477)) - OMDoubleBuffer flush thread is not running.
2022-07-02 07:24:28,874 [Listener at 127.0.0.1/38259] INFO  utils.BackgroundService (BackgroundService.java:shutdown(132)) - Shutting down service KeyDeletingService
2022-07-02 07:24:28,875 [Listener at 127.0.0.1/38259] INFO  utils.BackgroundService (BackgroundService.java:shutdown(132)) - Shutting down service DirectoryDeletingService
2022-07-02 07:24:28,876 [Listener at 127.0.0.1/38259] INFO  utils.BackgroundService (BackgroundService.java:shutdown(132)) - Shutting down service OpenKeyCleanupService
2022-07-02 07:24:28,881 [Listener at 127.0.0.1/38259] INFO  handler.ContextHandler (ContextHandler.java:doStop(1153)) - Stopped o.e.j.w.WebAppContext@3f9df28e{ozoneManager,/,null,STOPPED}{file:/home/runner/work/ozone/ozone/hadoop-ozone/integration-test/target/test-classes/webapps/ozoneManager}
2022-07-02 07:24:28,881 [Listener at 127.0.0.1/38259] INFO  server.AbstractConnector (AbstractConnector.java:doStop(381)) - Stopped ServerConnector@15307c1e{HTTP/1.1, (http/1.1)}{0.0.0.0:0}
2022-07-02 07:24:28,881 [Listener at 127.0.0.1/38259] INFO  server.session (HouseKeeper.java:stopScavenging(149)) - node0 Stopped scavenging
2022-07-02 07:24:28,881 [Listener at 127.0.0.1/38259] INFO  handler.ContextHandler (ContextHandler.java:doStop(1153)) - Stopped o.e.j.s.ServletContextHandler@75eb1713{static,/static,file:///home/runner/work/ozone/ozone/hadoop-ozone/integration-test/target/test-classes/webapps/static,STOPPED}
2022-07-02 07:24:28,882 [Listener at 127.0.0.1/38259] INFO  handler.ContextHandler (ContextHandler.java:doStop(1153)) - Stopped o.e.j.s.ServletContextHandler@44f13572{logs,/logs,file:///home/runner/work/ozone/ozone/hadoop-ozone/integration-test/target/log,STOPPED}
2022-07-02 07:24:28,912 [Trash Emptier] ERROR om.TrashPolicyOzone (TrashPolicyOzone.java:run(251)) - Error attempting to shutdown
java.lang.InterruptedException
	at java.util.concurrent.locks.AbstractQueuedSynchronizer$ConditionObject.awaitNanos(AbstractQueuedSynchronizer.java:2067)
	at java.util.concurrent.ThreadPoolExecutor.awaitTermination(ThreadPoolExecutor.java:1475)
	at org.apache.hadoop.ozone.om.TrashPolicyOzone$Emptier.run(TrashPolicyOzone.java:249)
	at java.lang.Thread.run(Thread.java:750)
2022-07-02 07:24:28,912 [Trash Emptier] ERROR util.ExitUtils (ExitUtils.java:terminate(133)) - Terminating with exit status -1: Thread[Trash Emptier,5,main] has thrown an uncaught exception
java.lang.UnsupportedOperationException: fs.getUri() not implemented in TrashOzoneFileSystem
	at org.apache.hadoop.ozone.om.TrashOzoneFileSystem.getUri(TrashOzoneFileSystem.java:126)
	at org.apache.hadoop.fs.FileSystem.close(FileSystem.java:2592)
	at org.apache.hadoop.ozone.om.TrashPolicyOzone$Emptier.run(TrashPolicyOzone.java:243)
	at java.lang.Thread.run(Thread.java:750)
2022-07-02 07:24:28,928 [Listener at 127.0.0.1/38259] INFO  ozone.MiniOzoneClusterImpl (MiniOzoneClusterImpl.java:stopDatanodes(534)) - Stopping the HddsDatanodes
2022-07-02 07:24:33,940 [Listener at 127.0.0.1/38259] INFO  ozoneimpl.OzoneContainer (OzoneContainer.java:stop(365)) - Attempting to stop container services.
2022-07-02 07:24:33,942 [Listener at 127.0.0.1/38259] INFO  server.RaftServer (RaftServerProxy.java:lambda$close$7(398)) - d727aa53-777d-4565-b781-b847e62e7de2: close
2022-07-02 07:24:33,942 [Listener at 127.0.0.1/38259] INFO  server.RaftServer$Division (RaftServerImpl.java:lambda$close$4(434)) - d727aa53-777d-4565-b781-b847e62e7de2@group-DFAC8FC8CCEB: shutdown
2022-07-02 07:24:33,943 [Listener at 127.0.0.1/38259] INFO  util.JmxRegister (JmxRegister.java:unregister(73)) - Successfully un-registered JMX Bean with object name Ratis:service=RaftServer,group=group-DFAC8FC8CCEB,id=d727aa53-777d-4565-b781-b847e62e7de2
2022-07-02 07:24:33,943 [Listener at 127.0.0.1/38259] INFO  impl.RoleInfo (RoleInfo.java:shutdownLeaderState(93)) - d727aa53-777d-4565-b781-b847e62e7de2: shutdown d727aa53-777d-4565-b781-b847e62e7de2@group-DFAC8FC8CCEB-LeaderStateImpl
2022-07-02 07:24:33,943 [d727aa53-777d-4565-b781-b847e62e7de2@group-DFAC8FC8CCEB->c36488b4-ebfd-4b41-ac5a-8203e4b42905-GrpcLogAppender-LogAppenderDaemon] WARN  server.GrpcLogAppender (GrpcLogAppender.java:mayWait(171)) - d727aa53-777d-4565-b781-b847e62e7de2@group-DFAC8FC8CCEB->c36488b4-ebfd-4b41-ac5a-8203e4b42905-GrpcLogAppender: Wait interrupted by java.lang.InterruptedException
2022-07-02 07:24:33,943 [d727aa53-777d-4565-b781-b847e62e7de2@group-DFAC8FC8CCEB->62d41a72-c69a-4c51-8969-57edf65cfd32-GrpcLogAppender-LogAppenderDaemon] WARN  server.GrpcLogAppender (GrpcLogAppender.java:mayWait(171)) - d727aa53-777d-4565-b781-b847e62e7de2@group-DFAC8FC8CCEB->62d41a72-c69a-4c51-8969-57edf65cfd32-GrpcLogAppender: Wait interrupted by java.lang.InterruptedException
2022-07-02 07:24:33,944 [grpc-default-executor-2] INFO  server.GrpcServerProtocolService (GrpcServerProtocolService.java:onCompleted(140)) - c36488b4-ebfd-4b41-ac5a-8203e4b42905: Completed APPEND_ENTRIES, lastRequest: d727aa53-777d-4565-b781-b847e62e7de2->c36488b4-ebfd-4b41-ac5a-8203e4b42905#958-t4,previous=(t:4, i:50),leaderCommit=49,initializing? true,entries: size=1, first=(t:4, i:51), METADATAENTRY(c:49)
2022-07-02 07:24:33,945 [grpc-default-executor-4] INFO  server.GrpcServerProtocolService (GrpcServerProtocolService.java:onCompleted(140)) - 62d41a72-c69a-4c51-8969-57edf65cfd32: Completed APPEND_ENTRIES, lastRequest: d727aa53-777d-4565-b781-b847e62e7de2->62d41a72-c69a-4c51-8969-57edf65cfd32#1068-t4,previous=(t:4, i:50),leaderCommit=49,initializing? true,entries: size=1, first=(t:4, i:51), METADATAENTRY(c:49)
2022-07-02 07:24:33,945 [grpc-default-executor-1] INFO  server.GrpcLogAppender (GrpcLogAppender.java:onCompleted(339)) - d727aa53-777d-4565-b781-b847e62e7de2@group-DFAC8FC8CCEB->c36488b4-ebfd-4b41-ac5a-8203e4b42905-AppendLogResponseHandler: follower responses appendEntries COMPLETED
2022-07-02 07:24:33,945 [grpc-default-executor-1] INFO  leader.FollowerInfo (FollowerInfoImpl.java:lambda$new$0(48)) - d727aa53-777d-4565-b781-b847e62e7de2@group-DFAC8FC8CCEB->c36488b4-ebfd-4b41-ac5a-8203e4b42905: nextIndex: updateUnconditionally 52 -> 51
2022-07-02 07:24:33,946 [ForkJoinPool.commonPool-worker-1] INFO  ozoneimpl.OzoneContainer (OzoneContainer.java:stop(365)) - Attempting to stop container services.
2022-07-02 07:24:33,946 [ForkJoinPool.commonPool-worker-1] INFO  server.RaftServer (RaftServerProxy.java:lambda$close$7(398)) - c36488b4-ebfd-4b41-ac5a-8203e4b42905: close
2022-07-02 07:24:33,946 [ForkJoinPool.commonPool-worker-1] INFO  server.RaftServer$Division (RaftServerImpl.java:lambda$close$4(434)) - c36488b4-ebfd-4b41-ac5a-8203e4b42905@group-DFAC8FC8CCEB: shutdown
2022-07-02 07:24:33,946 [ForkJoinPool.commonPool-worker-1] INFO  util.JmxRegister (JmxRegister.java:unregister(73)) - Successfully un-registered JMX Bean with object name Ratis:service=RaftServer,group=group-DFAC8FC8CCEB,id=c36488b4-ebfd-4b41-ac5a-8203e4b42905
2022-07-02 07:24:33,947 [ForkJoinPool.commonPool-worker-1] INFO  impl.RoleInfo (RoleInfo.java:shutdownFollowerState(110)) - c36488b4-ebfd-4b41-ac5a-8203e4b42905: shutdown c36488b4-ebfd-4b41-ac5a-8203e4b42905@group-DFAC8FC8CCEB-FollowerState
2022-07-02 07:24:33,947 [ForkJoinPool.commonPool-worker-1] INFO  impl.StateMachineUpdater (StateMachineUpdater.java:stopAndJoin(153)) - c36488b4-ebfd-4b41-ac5a-8203e4b42905@group-DFAC8FC8CCEB-StateMachineUpdater: set stopIndex = 51
2022-07-02 07:24:33,947 [c36488b4-ebfd-4b41-ac5a-8203e4b42905@group-DFAC8FC8CCEB-FollowerState] INFO  impl.FollowerState (FollowerState.java:run(152)) - c36488b4-ebfd-4b41-ac5a-8203e4b42905@group-DFAC8FC8CCEB-FollowerState was interrupted
2022-07-02 07:24:33,947 [c36488b4-ebfd-4b41-ac5a-8203e4b42905@group-DFAC8FC8CCEB-StateMachineUpdater] INFO  ratis.ContainerStateMachine (ContainerStateMachine.java:takeSnapshot(304)) - group-DFAC8FC8CCEB: Taking a snapshot at:(t:4, i:51) file /home/runner/work/ozone/ozone/hadoop-ozone/integration-test/target/test-dir/MiniOzoneClusterImpl-0529b123-343e-47c8-b09a-e64196ae32df/datanode-1/data/ratis/26fd7dc0-a09a-42e3-9f2f-dfac8fc8cceb/sm/snapshot.4_51
2022-07-02 07:24:33,943 [Listener at 127.0.0.1/38259] INFO  impl.PendingRequests (PendingRequests.java:sendNotLeaderResponses(282)) - d727aa53-777d-4565-b781-b847e62e7de2@group-DFAC8FC8CCEB-PendingRequests: sendNotLeaderResponses
2022-07-02 07:24:33,972 [grpc-default-executor-4] INFO  server.GrpcLogAppender (GrpcLogAppender.java:onCompleted(339)) - d727aa53-777d-4565-b781-b847e62e7de2@group-DFAC8FC8CCEB->62d41a72-c69a-4c51-8969-57edf65cfd32-AppendLogResponseHandler: follower responses appendEntries COMPLETED
2022-07-02 07:24:34,000 [grpc-default-executor-4] INFO  leader.FollowerInfo (FollowerInfoImpl.java:lambda$new$0(48)) - d727aa53-777d-4565-b781-b847e62e7de2@group-DFAC8FC8CCEB->62d41a72-c69a-4c51-8969-57edf65cfd32: nextIndex: updateUnconditionally 52 -> 51
2022-07-02 07:24:33,949 [c36488b4-ebfd-4b41-ac5a-8203e4b42905@group-DFAC8FC8CCEB-StateMachineUpdater] INFO  ratis.ContainerStateMachine (ContainerStateMachine.java:takeSnapshot(315)) - group-DFAC8FC8CCEB: Finished taking a snapshot at:(t:4, i:51) file:/home/runner/work/ozone/ozone/hadoop-ozone/integration-test/target/test-dir/MiniOzoneClusterImpl-0529b123-343e-47c8-b09a-e64196ae32df/datanode-1/data/ratis/26fd7dc0-a09a-42e3-9f2f-dfac8fc8cceb/sm/snapshot.4_51 took: 2 ms
2022-07-02 07:24:33,995 [d727aa53-777d-4565-b781-b847e62e7de2@group-DFAC8FC8CCEB-StateMachineUpdater] INFO  ratis.ContainerStateMachine (ContainerStateMachine.java:takeSnapshot(304)) - group-DFAC8FC8CCEB: Taking a snapshot at:(t:4, i:51) file /home/runner/work/ozone/ozone/hadoop-ozone/integration-test/target/test-dir/MiniOzoneClusterImpl-0529b123-343e-47c8-b09a-e64196ae32df/datanode-2/data/ratis/26fd7dc0-a09a-42e3-9f2f-dfac8fc8cceb/sm/snapshot.4_51
2022-07-02 07:24:34,000 [c36488b4-ebfd-4b41-ac5a-8203e4b42905@group-DFAC8FC8CCEB-StateMachineUpdater] INFO  impl.StateMachineUpdater (StateMachineUpdater.java:takeSnapshot(287)) - c36488b4-ebfd-4b41-ac5a-8203e4b42905@group-DFAC8FC8CCEB-StateMachineUpdater: Took a snapshot at index 51
2022-07-02 07:24:34,001 [c36488b4-ebfd-4b41-ac5a-8203e4b42905@group-DFAC8FC8CCEB-StateMachineUpdater] INFO  impl.StateMachineUpdater (StateMachineUpdater.java:lambda$new$0(92)) - c36488b4-ebfd-4b41-ac5a-8203e4b42905@group-DFAC8FC8CCEB-StateMachineUpdater: snapshotIndex: updateIncreasingly -1 -> 51
2022-07-02 07:24:34,001 [ForkJoinPool.commonPool-worker-1] INFO  server.RaftServer$Division (ServerState.java:close(429)) - c36488b4-ebfd-4b41-ac5a-8203e4b42905@group-DFAC8FC8CCEB: closes. applyIndex: 51
2022-07-02 07:24:34,002 [d727aa53-777d-4565-b781-b847e62e7de2@group-DFAC8FC8CCEB-StateMachineUpdater] INFO  ratis.ContainerStateMachine (ContainerStateMachine.java:takeSnapshot(315)) - group-DFAC8FC8CCEB: Finished taking a snapshot at:(t:4, i:51) file:/home/runner/work/ozone/ozone/hadoop-ozone/integration-test/target/test-dir/MiniOzoneClusterImpl-0529b123-343e-47c8-b09a-e64196ae32df/datanode-2/data/ratis/26fd7dc0-a09a-42e3-9f2f-dfac8fc8cceb/sm/snapshot.4_51 took: 7 ms
2022-07-02 07:24:34,002 [d727aa53-777d-4565-b781-b847e62e7de2@group-DFAC8FC8CCEB-StateMachineUpdater] INFO  impl.StateMachineUpdater (StateMachineUpdater.java:takeSnapshot(287)) - d727aa53-777d-4565-b781-b847e62e7de2@group-DFAC8FC8CCEB-StateMachineUpdater: Took a snapshot at index 51
2022-07-02 07:24:34,002 [d727aa53-777d-4565-b781-b847e62e7de2@group-DFAC8FC8CCEB-StateMachineUpdater] INFO  impl.StateMachineUpdater (StateMachineUpdater.java:lambda$new$0(92)) - d727aa53-777d-4565-b781-b847e62e7de2@group-DFAC8FC8CCEB-StateMachineUpdater: snapshotIndex: updateIncreasingly -1 -> 51
2022-07-02 07:24:34,002 [c36488b4-ebfd-4b41-ac5a-8203e4b42905@group-DFAC8FC8CCEB-SegmentedRaftLogWorker] INFO  segmented.SegmentedRaftLogWorker (SegmentedRaftLogWorker.java:run(336)) - c36488b4-ebfd-4b41-ac5a-8203e4b42905@group-DFAC8FC8CCEB-SegmentedRaftLogWorker was interrupted, exiting. There are 0 tasks remaining in the queue.
2022-07-02 07:24:34,004 [ForkJoinPool.commonPool-worker-1] INFO  segmented.SegmentedRaftLogWorker (SegmentedRaftLogWorker.java:close(246)) - c36488b4-ebfd-4b41-ac5a-8203e4b42905@group-DFAC8FC8CCEB-SegmentedRaftLogWorker close()
2022-07-02 07:24:33,995 [Listener at 127.0.0.1/38259] INFO  impl.StateMachineUpdater (StateMachineUpdater.java:stopAndJoin(153)) - d727aa53-777d-4565-b781-b847e62e7de2@group-DFAC8FC8CCEB-StateMachineUpdater: set stopIndex = 51
2022-07-02 07:24:34,005 [Listener at 127.0.0.1/38259] INFO  server.RaftServer$Division (ServerState.java:close(429)) - d727aa53-777d-4565-b781-b847e62e7de2@group-DFAC8FC8CCEB: closes. applyIndex: 51
2022-07-02 07:24:34,006 [d727aa53-777d-4565-b781-b847e62e7de2@group-DFAC8FC8CCEB-SegmentedRaftLogWorker] INFO  segmented.SegmentedRaftLogWorker (SegmentedRaftLogWorker.java:run(336)) - d727aa53-777d-4565-b781-b847e62e7de2@group-DFAC8FC8CCEB-SegmentedRaftLogWorker was interrupted, exiting. There are 0 tasks remaining in the queue.
2022-07-02 07:24:34,006 [Listener at 127.0.0.1/38259] INFO  segmented.SegmentedRaftLogWorker (SegmentedRaftLogWorker.java:close(246)) - d727aa53-777d-4565-b781-b847e62e7de2@group-DFAC8FC8CCEB-SegmentedRaftLogWorker close()
2022-07-02 07:24:34,009 [ForkJoinPool.commonPool-worker-1] INFO  server.RaftServer$Division (RaftServerImpl.java:lambda$close$4(434)) - c36488b4-ebfd-4b41-ac5a-8203e4b42905@group-88C20260634D: shutdown
2022-07-02 07:24:34,009 [ForkJoinPool.commonPool-worker-1] INFO  util.JmxRegister (JmxRegister.java:unregister(73)) - Successfully un-registered JMX Bean with object name Ratis:service=RaftServer,group=group-88C20260634D,id=c36488b4-ebfd-4b41-ac5a-8203e4b42905
2022-07-02 07:24:34,009 [ForkJoinPool.commonPool-worker-1] INFO  impl.RoleInfo (RoleInfo.java:shutdownLeaderState(93)) - c36488b4-ebfd-4b41-ac5a-8203e4b42905: shutdown c36488b4-ebfd-4b41-ac5a-8203e4b42905@group-88C20260634D-LeaderStateImpl
2022-07-02 07:24:34,009 [ForkJoinPool.commonPool-worker-1] INFO  impl.PendingRequests (PendingRequests.java:sendNotLeaderResponses(282)) - c36488b4-ebfd-4b41-ac5a-8203e4b42905@group-88C20260634D-PendingRequests: sendNotLeaderResponses
2022-07-02 07:24:34,010 [ForkJoinPool.commonPool-worker-1] INFO  impl.StateMachineUpdater (StateMachineUpdater.java:stopAndJoin(153)) - c36488b4-ebfd-4b41-ac5a-8203e4b42905@group-88C20260634D-StateMachineUpdater: set stopIndex = 0
2022-07-02 07:24:34,010 [c36488b4-ebfd-4b41-ac5a-8203e4b42905@group-88C20260634D->62d41a72-c69a-4c51-8969-57edf65cfd32-GrpcLogAppender-LogAppenderDaemon] WARN  server.GrpcLogAppender (GrpcLogAppender.java:mayWait(171)) - c36488b4-ebfd-4b41-ac5a-8203e4b42905@group-88C20260634D->62d41a72-c69a-4c51-8969-57edf65cfd32-GrpcLogAppender: Wait interrupted by java.lang.InterruptedException
2022-07-02 07:24:34,010 [c36488b4-ebfd-4b41-ac5a-8203e4b42905@group-88C20260634D-StateMachineUpdater] INFO  ratis.ContainerStateMachine (ContainerStateMachine.java:takeSnapshot(304)) - group-88C20260634D: Taking a snapshot at:(t:6, i:0) file /home/runner/work/ozone/ozone/hadoop-ozone/integration-test/target/test-dir/MiniOzoneClusterImpl-0529b123-343e-47c8-b09a-e64196ae32df/datanode-1/data/ratis/8b78d0ea-1399-4e19-a374-88c20260634d/sm/snapshot.6_0
2022-07-02 07:24:34,010 [c36488b4-ebfd-4b41-ac5a-8203e4b42905@group-88C20260634D->d727aa53-777d-4565-b781-b847e62e7de2-GrpcLogAppender-LogAppenderDaemon] WARN  server.GrpcLogAppender (GrpcLogAppender.java:mayWait(171)) - c36488b4-ebfd-4b41-ac5a-8203e4b42905@group-88C20260634D->d727aa53-777d-4565-b781-b847e62e7de2-GrpcLogAppender: Wait interrupted by java.lang.InterruptedException
2022-07-02 07:24:34,010 [grpc-default-executor-4] INFO  server.GrpcServerProtocolService (GrpcServerProtocolService.java:onCompleted(140)) - d727aa53-777d-4565-b781-b847e62e7de2: Completed APPEND_ENTRIES, lastRequest: c36488b4-ebfd-4b41-ac5a-8203e4b42905->d727aa53-777d-4565-b781-b847e62e7de2#1-t6,previous=(t:0, i:0),leaderCommit=-1,initializing? true,entries: size=1, first=(t:6, i:0), CONFIGURATIONENTRY
2022-07-02 07:24:34,011 [grpc-default-executor-1] INFO  server.GrpcLogAppender (GrpcLogAppender.java:onCompleted(339)) - c36488b4-ebfd-4b41-ac5a-8203e4b42905@group-88C20260634D->d727aa53-777d-4565-b781-b847e62e7de2-AppendLogResponseHandler: follower responses appendEntries COMPLETED
2022-07-02 07:24:34,011 [grpc-default-executor-1] INFO  leader.FollowerInfo (FollowerInfoImpl.java:lambda$new$0(48)) - c36488b4-ebfd-4b41-ac5a-8203e4b42905@group-88C20260634D->d727aa53-777d-4565-b781-b847e62e7de2: nextIndex: updateUnconditionally 1 -> 0
2022-07-02 07:24:34,011 [grpc-default-executor-4] INFO  server.GrpcServerProtocolService (GrpcServerProtocolService.java:onCompleted(140)) - 62d41a72-c69a-4c51-8969-57edf65cfd32: Completed APPEND_ENTRIES, lastRequest: c36488b4-ebfd-4b41-ac5a-8203e4b42905->62d41a72-c69a-4c51-8969-57edf65cfd32#1-t6,previous=(t:0, i:0),leaderCommit=-1,initializing? true,entries: size=1, first=(t:6, i:0), CONFIGURATIONENTRY
2022-07-02 07:24:34,011 [Listener at 127.0.0.1/38259] INFO  server.RaftServer$Division (RaftServerImpl.java:lambda$close$4(434)) - d727aa53-777d-4565-b781-b847e62e7de2@group-88C20260634D: shutdown
2022-07-02 07:24:34,012 [Listener at 127.0.0.1/38259] INFO  util.JmxRegister (JmxRegister.java:unregister(73)) - Successfully un-registered JMX Bean with object name Ratis:service=RaftServer,group=group-88C20260634D,id=d727aa53-777d-4565-b781-b847e62e7de2
2022-07-02 07:24:34,012 [Listener at 127.0.0.1/38259] INFO  impl.RoleInfo (RoleInfo.java:shutdownFollowerState(110)) - d727aa53-777d-4565-b781-b847e62e7de2: shutdown d727aa53-777d-4565-b781-b847e62e7de2@group-88C20260634D-FollowerState
2022-07-02 07:24:34,012 [grpc-default-executor-2] INFO  server.GrpcLogAppender (GrpcLogAppender.java:onCompleted(339)) - c36488b4-ebfd-4b41-ac5a-8203e4b42905@group-88C20260634D->62d41a72-c69a-4c51-8969-57edf65cfd32-AppendLogResponseHandler: follower responses appendEntries COMPLETED
2022-07-02 07:24:34,013 [d727aa53-777d-4565-b781-b847e62e7de2@group-88C20260634D-FollowerState] INFO  impl.FollowerState (FollowerState.java:run(152)) - d727aa53-777d-4565-b781-b847e62e7de2@group-88C20260634D-FollowerState was interrupted
2022-07-02 07:24:34,013 [d727aa53-777d-4565-b781-b847e62e7de2@group-88C20260634D-StateMachineUpdater] INFO  ratis.ContainerStateMachine (ContainerStateMachine.java:takeSnapshot(304)) - group-88C20260634D: Taking a snapshot at:(t:6, i:0) file /home/runner/work/ozone/ozone/hadoop-ozone/integration-test/target/test-dir/MiniOzoneClusterImpl-0529b123-343e-47c8-b09a-e64196ae32df/datanode-2/data/ratis/8b78d0ea-1399-4e19-a374-88c20260634d/sm/snapshot.6_0
2022-07-02 07:24:34,013 [Listener at 127.0.0.1/38259] INFO  impl.StateMachineUpdater (StateMachineUpdater.java:stopAndJoin(153)) - d727aa53-777d-4565-b781-b847e62e7de2@group-88C20260634D-StateMachineUpdater: set stopIndex = 0
2022-07-02 07:24:34,014 [grpc-default-executor-2] INFO  leader.FollowerInfo (FollowerInfoImpl.java:lambda$new$0(48)) - c36488b4-ebfd-4b41-ac5a-8203e4b42905@group-88C20260634D->62d41a72-c69a-4c51-8969-57edf65cfd32: nextIndex: updateUnconditionally 1 -> 0
2022-07-02 07:24:34,015 [c36488b4-ebfd-4b41-ac5a-8203e4b42905@group-88C20260634D-StateMachineUpdater] INFO  ratis.ContainerStateMachine (ContainerStateMachine.java:takeSnapshot(315)) - group-88C20260634D: Finished taking a snapshot at:(t:6, i:0) file:/home/runner/work/ozone/ozone/hadoop-ozone/integration-test/target/test-dir/MiniOzoneClusterImpl-0529b123-343e-47c8-b09a-e64196ae32df/datanode-1/data/ratis/8b78d0ea-1399-4e19-a374-88c20260634d/sm/snapshot.6_0 took: 5 ms
2022-07-02 07:24:34,015 [c36488b4-ebfd-4b41-ac5a-8203e4b42905@group-88C20260634D-StateMachineUpdater] INFO  impl.StateMachineUpdater (StateMachineUpdater.java:takeSnapshot(287)) - c36488b4-ebfd-4b41-ac5a-8203e4b42905@group-88C20260634D-StateMachineUpdater: Took a snapshot at index 0
2022-07-02 07:24:34,015 [c36488b4-ebfd-4b41-ac5a-8203e4b42905@group-88C20260634D-StateMachineUpdater] INFO  impl.StateMachineUpdater (StateMachineUpdater.java:lambda$new$0(92)) - c36488b4-ebfd-4b41-ac5a-8203e4b42905@group-88C20260634D-StateMachineUpdater: snapshotIndex: updateIncreasingly -1 -> 0
2022-07-02 07:24:34,015 [d727aa53-777d-4565-b781-b847e62e7de2@group-88C20260634D-StateMachineUpdater] INFO  ratis.ContainerStateMachine (ContainerStateMachine.java:takeSnapshot(315)) - group-88C20260634D: Finished taking a snapshot at:(t:6, i:0) file:/home/runner/work/ozone/ozone/hadoop-ozone/integration-test/target/test-dir/MiniOzoneClusterImpl-0529b123-343e-47c8-b09a-e64196ae32df/datanode-2/data/ratis/8b78d0ea-1399-4e19-a374-88c20260634d/sm/snapshot.6_0 took: 1 ms
2022-07-02 07:24:34,015 [d727aa53-777d-4565-b781-b847e62e7de2@group-88C20260634D-StateMachineUpdater] INFO  impl.StateMachineUpdater (StateMachineUpdater.java:takeSnapshot(287)) - d727aa53-777d-4565-b781-b847e62e7de2@group-88C20260634D-StateMachineUpdater: Took a snapshot at index 0
2022-07-02 07:24:34,015 [d727aa53-777d-4565-b781-b847e62e7de2@group-88C20260634D-StateMachineUpdater] INFO  impl.StateMachineUpdater (StateMachineUpdater.java:lambda$new$0(92)) - d727aa53-777d-4565-b781-b847e62e7de2@group-88C20260634D-StateMachineUpdater: snapshotIndex: updateIncreasingly -1 -> 0
2022-07-02 07:24:34,016 [ForkJoinPool.commonPool-worker-1] INFO  server.RaftServer$Division (ServerState.java:close(429)) - c36488b4-ebfd-4b41-ac5a-8203e4b42905@group-88C20260634D: closes. applyIndex: 0
2022-07-02 07:24:34,016 [c36488b4-ebfd-4b41-ac5a-8203e4b42905@group-88C20260634D-SegmentedRaftLogWorker] INFO  segmented.SegmentedRaftLogWorker (SegmentedRaftLogWorker.java:run(336)) - c36488b4-ebfd-4b41-ac5a-8203e4b42905@group-88C20260634D-SegmentedRaftLogWorker was interrupted, exiting. There are 0 tasks remaining in the queue.
2022-07-02 07:24:34,048 [Listener at 127.0.0.1/38259] INFO  server.RaftServer$Division (ServerState.java:close(429)) - d727aa53-777d-4565-b781-b847e62e7de2@group-88C20260634D: closes. applyIndex: 0
2022-07-02 07:24:34,048 [d727aa53-777d-4565-b781-b847e62e7de2@group-88C20260634D-SegmentedRaftLogWorker] INFO  segmented.SegmentedRaftLogWorker (SegmentedRaftLogWorker.java:run(336)) - d727aa53-777d-4565-b781-b847e62e7de2@group-88C20260634D-SegmentedRaftLogWorker was interrupted, exiting. There are 0 tasks remaining in the queue.
2022-07-02 07:24:34,048 [ForkJoinPool.commonPool-worker-1] INFO  segmented.SegmentedRaftLogWorker (SegmentedRaftLogWorker.java:close(246)) - c36488b4-ebfd-4b41-ac5a-8203e4b42905@group-88C20260634D-SegmentedRaftLogWorker close()
2022-07-02 07:24:34,048 [Listener at 127.0.0.1/38259] INFO  segmented.SegmentedRaftLogWorker (SegmentedRaftLogWorker.java:close(246)) - d727aa53-777d-4565-b781-b847e62e7de2@group-88C20260634D-SegmentedRaftLogWorker close()
2022-07-02 07:24:34,065 [ForkJoinPool.commonPool-worker-1] INFO  server.RaftServer$Division (RaftServerImpl.java:lambda$close$4(434)) - c36488b4-ebfd-4b41-ac5a-8203e4b42905@group-92E86823610C: shutdown
2022-07-02 07:24:34,065 [ForkJoinPool.commonPool-worker-1] INFO  util.JmxRegister (JmxRegister.java:unregister(73)) - Successfully un-registered JMX Bean with object name Ratis:service=RaftServer,group=group-92E86823610C,id=c36488b4-ebfd-4b41-ac5a-8203e4b42905
2022-07-02 07:24:34,065 [ForkJoinPool.commonPool-worker-1] INFO  impl.RoleInfo (RoleInfo.java:shutdownLeaderState(93)) - c36488b4-ebfd-4b41-ac5a-8203e4b42905: shutdown c36488b4-ebfd-4b41-ac5a-8203e4b42905@group-92E86823610C-LeaderStateImpl
2022-07-02 07:24:34,066 [ForkJoinPool.commonPool-worker-1] INFO  impl.PendingRequests (PendingRequests.java:sendNotLeaderResponses(282)) - c36488b4-ebfd-4b41-ac5a-8203e4b42905@group-92E86823610C-PendingRequests: sendNotLeaderResponses
2022-07-02 07:24:34,066 [ForkJoinPool.commonPool-worker-1] INFO  impl.StateMachineUpdater (StateMachineUpdater.java:stopAndJoin(153)) - c36488b4-ebfd-4b41-ac5a-8203e4b42905@group-92E86823610C-StateMachineUpdater: set stopIndex = 0
2022-07-02 07:24:34,068 [c36488b4-ebfd-4b41-ac5a-8203e4b42905@group-92E86823610C-StateMachineUpdater] INFO  ratis.ContainerStateMachine (ContainerStateMachine.java:takeSnapshot(304)) - group-92E86823610C: Taking a snapshot at:(t:1, i:0) file /home/runner/work/ozone/ozone/hadoop-ozone/integration-test/target/test-dir/MiniOzoneClusterImpl-0529b123-343e-47c8-b09a-e64196ae32df/datanode-1/data/ratis/e5e28e8c-463c-4ff2-b41b-92e86823610c/sm/snapshot.1_0
2022-07-02 07:24:34,069 [c36488b4-ebfd-4b41-ac5a-8203e4b42905@group-92E86823610C-StateMachineUpdater] INFO  ratis.ContainerStateMachine (ContainerStateMachine.java:takeSnapshot(315)) - group-92E86823610C: Finished taking a snapshot at:(t:1, i:0) file:/home/runner/work/ozone/ozone/hadoop-ozone/integration-test/target/test-dir/MiniOzoneClusterImpl-0529b123-343e-47c8-b09a-e64196ae32df/datanode-1/data/ratis/e5e28e8c-463c-4ff2-b41b-92e86823610c/sm/snapshot.1_0 took: 1 ms
2022-07-02 07:24:34,069 [c36488b4-ebfd-4b41-ac5a-8203e4b42905@group-92E86823610C-StateMachineUpdater] INFO  impl.StateMachineUpdater (StateMachineUpdater.java:takeSnapshot(287)) - c36488b4-ebfd-4b41-ac5a-8203e4b42905@group-92E86823610C-StateMachineUpdater: Took a snapshot at index 0
2022-07-02 07:24:34,069 [c36488b4-ebfd-4b41-ac5a-8203e4b42905@group-92E86823610C-StateMachineUpdater] INFO  impl.StateMachineUpdater (StateMachineUpdater.java:lambda$new$0(92)) - c36488b4-ebfd-4b41-ac5a-8203e4b42905@group-92E86823610C-StateMachineUpdater: snapshotIndex: updateIncreasingly -1 -> 0
2022-07-02 07:24:34,070 [ForkJoinPool.commonPool-worker-1] INFO  server.RaftServer$Division (ServerState.java:close(429)) - c36488b4-ebfd-4b41-ac5a-8203e4b42905@group-92E86823610C: closes. applyIndex: 0
2022-07-02 07:24:34,070 [c36488b4-ebfd-4b41-ac5a-8203e4b42905@group-92E86823610C-SegmentedRaftLogWorker] INFO  segmented.SegmentedRaftLogWorker (SegmentedRaftLogWorker.java:run(336)) - c36488b4-ebfd-4b41-ac5a-8203e4b42905@group-92E86823610C-SegmentedRaftLogWorker was interrupted, exiting. There are 0 tasks remaining in the queue.
2022-07-02 07:24:34,070 [ForkJoinPool.commonPool-worker-1] INFO  segmented.SegmentedRaftLogWorker (SegmentedRaftLogWorker.java:close(246)) - c36488b4-ebfd-4b41-ac5a-8203e4b42905@group-92E86823610C-SegmentedRaftLogWorker close()
2022-07-02 07:24:34,084 [ForkJoinPool.commonPool-worker-1] INFO  server.GrpcService (GrpcService.java:closeImpl(269)) - c36488b4-ebfd-4b41-ac5a-8203e4b42905: shutdown server with port 40803 now
2022-07-02 07:24:34,084 [Listener at 127.0.0.1/38259] INFO  server.RaftServer$Division (RaftServerImpl.java:lambda$close$4(434)) - d727aa53-777d-4565-b781-b847e62e7de2@group-D00744449E9A: shutdown
2022-07-02 07:24:34,084 [Listener at 127.0.0.1/38259] INFO  util.JmxRegister (JmxRegister.java:unregister(73)) - Successfully un-registered JMX Bean with object name Ratis:service=RaftServer,group=group-D00744449E9A,id=d727aa53-777d-4565-b781-b847e62e7de2
2022-07-02 07:24:34,084 [Listener at 127.0.0.1/38259] INFO  impl.RoleInfo (RoleInfo.java:shutdownLeaderState(93)) - d727aa53-777d-4565-b781-b847e62e7de2: shutdown d727aa53-777d-4565-b781-b847e62e7de2@group-D00744449E9A-LeaderStateImpl
2022-07-02 07:24:34,085 [Listener at 127.0.0.1/38259] INFO  impl.PendingRequests (PendingRequests.java:sendNotLeaderResponses(282)) - d727aa53-777d-4565-b781-b847e62e7de2@group-D00744449E9A-PendingRequests: sendNotLeaderResponses
2022-07-02 07:24:34,086 [Listener at 127.0.0.1/38259] INFO  impl.StateMachineUpdater (StateMachineUpdater.java:stopAndJoin(153)) - d727aa53-777d-4565-b781-b847e62e7de2@group-D00744449E9A-StateMachineUpdater: set stopIndex = 0
2022-07-02 07:24:34,086 [d727aa53-777d-4565-b781-b847e62e7de2@group-D00744449E9A-StateMachineUpdater] INFO  ratis.ContainerStateMachine (ContainerStateMachine.java:takeSnapshot(304)) - group-D00744449E9A: Taking a snapshot at:(t:1, i:0) file /home/runner/work/ozone/ozone/hadoop-ozone/integration-test/target/test-dir/MiniOzoneClusterImpl-0529b123-343e-47c8-b09a-e64196ae32df/datanode-2/data/ratis/25e6635a-2842-4efe-85e5-d00744449e9a/sm/snapshot.1_0
2022-07-02 07:24:34,087 [d727aa53-777d-4565-b781-b847e62e7de2@group-D00744449E9A-StateMachineUpdater] INFO  ratis.ContainerStateMachine (ContainerStateMachine.java:takeSnapshot(315)) - group-D00744449E9A: Finished taking a snapshot at:(t:1, i:0) file:/home/runner/work/ozone/ozone/hadoop-ozone/integration-test/target/test-dir/MiniOzoneClusterImpl-0529b123-343e-47c8-b09a-e64196ae32df/datanode-2/data/ratis/25e6635a-2842-4efe-85e5-d00744449e9a/sm/snapshot.1_0 took: 1 ms
2022-07-02 07:24:34,087 [d727aa53-777d-4565-b781-b847e62e7de2@group-D00744449E9A-StateMachineUpdater] INFO  impl.StateMachineUpdater (StateMachineUpdater.java:takeSnapshot(287)) - d727aa53-777d-4565-b781-b847e62e7de2@group-D00744449E9A-StateMachineUpdater: Took a snapshot at index 0
2022-07-02 07:24:34,087 [d727aa53-777d-4565-b781-b847e62e7de2@group-D00744449E9A-StateMachineUpdater] INFO  impl.StateMachineUpdater (StateMachineUpdater.java:lambda$new$0(92)) - d727aa53-777d-4565-b781-b847e62e7de2@group-D00744449E9A-StateMachineUpdater: snapshotIndex: updateIncreasingly -1 -> 0
2022-07-02 07:24:34,126 [Listener at 127.0.0.1/38259] INFO  server.RaftServer$Division (ServerState.java:close(429)) - d727aa53-777d-4565-b781-b847e62e7de2@group-D00744449E9A: closes. applyIndex: 0
2022-07-02 07:24:34,127 [d727aa53-777d-4565-b781-b847e62e7de2@group-D00744449E9A-SegmentedRaftLogWorker] INFO  segmented.SegmentedRaftLogWorker (SegmentedRaftLogWorker.java:run(336)) - d727aa53-777d-4565-b781-b847e62e7de2@group-D00744449E9A-SegmentedRaftLogWorker was interrupted, exiting. There are 0 tasks remaining in the queue.
2022-07-02 07:24:34,132 [Listener at 127.0.0.1/38259] INFO  segmented.SegmentedRaftLogWorker (SegmentedRaftLogWorker.java:close(246)) - d727aa53-777d-4565-b781-b847e62e7de2@group-D00744449E9A-SegmentedRaftLogWorker close()
2022-07-02 07:24:34,133 [Listener at 127.0.0.1/38259] INFO  server.GrpcService (GrpcService.java:closeImpl(269)) - d727aa53-777d-4565-b781-b847e62e7de2: shutdown server with port 38235 now
2022-07-02 07:24:34,176 [Listener at 127.0.0.1/38259] INFO  server.GrpcService (GrpcService.java:closeImpl(278)) - d727aa53-777d-4565-b781-b847e62e7de2: shutdown server with port 38235 successfully
2022-07-02 07:24:34,180 [grpc-default-executor-4] WARN  server.GrpcClientProtocolService (LogUtils.java:warn(122)) - 1-UnorderedRequestStreamObserver1: onError: org.apache.ratis.thirdparty.io.grpc.StatusRuntimeException: CANCELLED: client cancelled
2022-07-02 07:24:34,180 [org.apache.ratis.util.JvmPauseMonitor$$Lambda$611/1072797734@3d6ae19f] INFO  util.JvmPauseMonitor (JvmPauseMonitor.java:run(109)) - JvmPauseMonitor-d727aa53-777d-4565-b781-b847e62e7de2: Stopped
2022-07-02 07:24:34,182 [ForkJoinPool.commonPool-worker-1] INFO  server.GrpcService (GrpcService.java:closeImpl(278)) - c36488b4-ebfd-4b41-ac5a-8203e4b42905: shutdown server with port 40803 successfully
2022-07-02 07:24:34,215 [org.apache.ratis.util.JvmPauseMonitor$$Lambda$611/1072797734@56e4bc2c] INFO  util.JvmPauseMonitor (JvmPauseMonitor.java:run(109)) - JvmPauseMonitor-c36488b4-ebfd-4b41-ac5a-8203e4b42905: Stopped
2022-07-02 07:24:36,310 [Listener at 127.0.0.1/38259] INFO  utils.BackgroundService (BackgroundService.java:shutdown(132)) - Shutting down service BlockDeletingService
2022-07-02 07:24:36,354 [ForkJoinPool.commonPool-worker-1] INFO  utils.BackgroundService (BackgroundService.java:shutdown(132)) - Shutting down service BlockDeletingService
2022-07-02 07:24:37,307 [62d41a72-c69a-4c51-8969-57edf65cfd32@group-DFAC8FC8CCEB-FollowerState] INFO  impl.FollowerState (FollowerState.java:run(143)) - 62d41a72-c69a-4c51-8969-57edf65cfd32@group-DFAC8FC8CCEB-FollowerState: change to CANDIDATE, lastRpcElapsedTime:5806125040ns, electionTimeout:5066ms
2022-07-02 07:24:37,307 [62d41a72-c69a-4c51-8969-57edf65cfd32@group-DFAC8FC8CCEB-FollowerState] INFO  impl.RoleInfo (RoleInfo.java:shutdownFollowerState(110)) - 62d41a72-c69a-4c51-8969-57edf65cfd32: shutdown 62d41a72-c69a-4c51-8969-57edf65cfd32@group-DFAC8FC8CCEB-FollowerState
2022-07-02 07:24:37,307 [62d41a72-c69a-4c51-8969-57edf65cfd32@group-DFAC8FC8CCEB-FollowerState] INFO  server.RaftServer$Division (RaftServerImpl.java:setRole(299)) - 62d41a72-c69a-4c51-8969-57edf65cfd32@group-DFAC8FC8CCEB: changes role from  FOLLOWER to CANDIDATE at term 4 for changeToCandidate
2022-07-02 07:24:37,307 [62d41a72-c69a-4c51-8969-57edf65cfd32@group-DFAC8FC8CCEB-FollowerState] INFO  server.RaftServerConfigKeys (ConfUtils.java:logGet(46)) - raft.server.leaderelection.pre-vote = false (custom)
2022-07-02 07:24:37,307 [62d41a72-c69a-4c51-8969-57edf65cfd32@group-DFAC8FC8CCEB-FollowerState] INFO  impl.RoleInfo (RoleInfo.java:updateAndGet(139)) - 62d41a72-c69a-4c51-8969-57edf65cfd32: start 62d41a72-c69a-4c51-8969-57edf65cfd32@group-DFAC8FC8CCEB-LeaderElection55
2022-07-02 07:24:37,360 [62d41a72-c69a-4c51-8969-57edf65cfd32@group-DFAC8FC8CCEB-LeaderElection55] INFO  server.RaftServer$Division (ServerState.java:setLeader(287)) - 62d41a72-c69a-4c51-8969-57edf65cfd32@group-DFAC8FC8CCEB: change Leader from d727aa53-777d-4565-b781-b847e62e7de2 to null at term 4 for ELECTION
2022-07-02 07:24:37,363 [62d41a72-c69a-4c51-8969-57edf65cfd32@group-DFAC8FC8CCEB-LeaderElection55] INFO  impl.LeaderElection (LeaderElection.java:askForVotes(310)) - 62d41a72-c69a-4c51-8969-57edf65cfd32@group-DFAC8FC8CCEB-LeaderElection55 ELECTION round 0: submit vote requests at term 5 for 0: [62d41a72-c69a-4c51-8969-57edf65cfd32|rpc:10.1.0.20:44989|dataStream:|priority:0, c36488b4-ebfd-4b41-ac5a-8203e4b42905|rpc:10.1.0.20:40803|dataStream:|priority:0, d727aa53-777d-4565-b781-b847e62e7de2|rpc:10.1.0.20:38235|dataStream:|priority:1], old=null
2022-07-02 07:24:37,400 [62d41a72-c69a-4c51-8969-57edf65cfd32@group-DFAC8FC8CCEB-LeaderElection55] INFO  impl.LeaderElection (LogUtils.java:infoOrTrace(137)) - 62d41a72-c69a-4c51-8969-57edf65cfd32@group-DFAC8FC8CCEB-LeaderElection55 got exception when requesting votes: java.util.concurrent.ExecutionException: org.apache.ratis.thirdparty.io.grpc.StatusRuntimeException: UNAVAILABLE: io exception
2022-07-02 07:24:37,447 [62d41a72-c69a-4c51-8969-57edf65cfd32@group-DFAC8FC8CCEB-LeaderElection55] INFO  impl.LeaderElection (LogUtils.java:infoOrTrace(137)) - 62d41a72-c69a-4c51-8969-57edf65cfd32@group-DFAC8FC8CCEB-LeaderElection55 got exception when requesting votes: java.util.concurrent.ExecutionException: org.apache.ratis.thirdparty.io.grpc.StatusRuntimeException: UNAVAILABLE: io exception
2022-07-02 07:24:37,447 [62d41a72-c69a-4c51-8969-57edf65cfd32@group-DFAC8FC8CCEB-LeaderElection55] INFO  impl.LeaderElection (LeaderElection.java:logAndReturn(90)) - 62d41a72-c69a-4c51-8969-57edf65cfd32@group-DFAC8FC8CCEB-LeaderElection55: ELECTION REJECTED received 0 response(s) and 2 exception(s):
2022-07-02 07:24:37,447 [62d41a72-c69a-4c51-8969-57edf65cfd32@group-DFAC8FC8CCEB-LeaderElection55] INFO  impl.LeaderElection (LogUtils.java:infoOrTrace(137)) -   Exception 0: java.util.concurrent.ExecutionException: org.apache.ratis.thirdparty.io.grpc.StatusRuntimeException: UNAVAILABLE: io exception
2022-07-02 07:24:37,447 [62d41a72-c69a-4c51-8969-57edf65cfd32@group-DFAC8FC8CCEB-LeaderElection55] INFO  impl.LeaderElection (LogUtils.java:infoOrTrace(137)) -   Exception 1: java.util.concurrent.ExecutionException: org.apache.ratis.thirdparty.io.grpc.StatusRuntimeException: UNAVAILABLE: io exception
2022-07-02 07:24:37,447 [62d41a72-c69a-4c51-8969-57edf65cfd32@group-DFAC8FC8CCEB-LeaderElection55] INFO  impl.LeaderElection (LeaderElection.java:askForVotes(312)) - 62d41a72-c69a-4c51-8969-57edf65cfd32@group-DFAC8FC8CCEB-LeaderElection55 ELECTION round 0: result REJECTED
2022-07-02 07:24:37,447 [62d41a72-c69a-4c51-8969-57edf65cfd32@group-DFAC8FC8CCEB-LeaderElection55] INFO  server.RaftServer$Division (RaftServerImpl.java:setRole(299)) - 62d41a72-c69a-4c51-8969-57edf65cfd32@group-DFAC8FC8CCEB: changes role from CANDIDATE to FOLLOWER at term 5 for REJECTED
2022-07-02 07:24:37,447 [62d41a72-c69a-4c51-8969-57edf65cfd32@group-DFAC8FC8CCEB-LeaderElection55] INFO  impl.RoleInfo (RoleInfo.java:shutdownLeaderElection(130)) - 62d41a72-c69a-4c51-8969-57edf65cfd32: shutdown 62d41a72-c69a-4c51-8969-57edf65cfd32@group-DFAC8FC8CCEB-LeaderElection55
2022-07-02 07:24:37,447 [62d41a72-c69a-4c51-8969-57edf65cfd32@group-DFAC8FC8CCEB-LeaderElection55] INFO  impl.RoleInfo (RoleInfo.java:updateAndGet(139)) - 62d41a72-c69a-4c51-8969-57edf65cfd32: start 62d41a72-c69a-4c51-8969-57edf65cfd32@group-DFAC8FC8CCEB-FollowerState
2022-07-02 07:24:39,312 [Listener at 127.0.0.1/38259] INFO  statemachine.DatanodeStateMachine (DatanodeStateMachine.java:stopDaemon(580)) - Ozone container server stopped.
2022-07-02 07:24:39,352 [Listener at 127.0.0.1/38259] INFO  handler.ContextHandler (ContextHandler.java:doStop(1153)) - Stopped o.e.j.w.WebAppContext@5b9461d0{hddsDatanode,/,null,STOPPED}{jar:file:/home/runner/.m2/repository/org/apache/ozone/hdds-container-service/1.3.0-SNAPSHOT/hdds-container-service-1.3.0-SNAPSHOT.jar!/webapps/hddsDatanode}
2022-07-02 07:24:39,353 [Listener at 127.0.0.1/38259] INFO  server.AbstractConnector (AbstractConnector.java:doStop(381)) - Stopped ServerConnector@76824632{HTTP/1.1, (http/1.1)}{0.0.0.0:0}
2022-07-02 07:24:39,353 [Listener at 127.0.0.1/38259] INFO  server.session (HouseKeeper.java:stopScavenging(149)) - node0 Stopped scavenging
2022-07-02 07:24:39,353 [Listener at 127.0.0.1/38259] INFO  handler.ContextHandler (ContextHandler.java:doStop(1153)) - Stopped o.e.j.s.ServletContextHandler@6ab30883{static,/static,jar:file:/home/runner/.m2/repository/org/apache/ozone/hdds-container-service/1.3.0-SNAPSHOT/hdds-container-service-1.3.0-SNAPSHOT.jar!/webapps/static,STOPPED}
2022-07-02 07:24:39,357 [Listener at 127.0.0.1/38259] INFO  handler.ContextHandler (ContextHandler.java:doStop(1153)) - Stopped o.e.j.s.ServletContextHandler@282427ca{logs,/logs,file:///home/runner/work/ozone/ozone/hadoop-ozone/integration-test/target/log,STOPPED}
2022-07-02 07:24:39,372 [ForkJoinPool.commonPool-worker-1] INFO  statemachine.DatanodeStateMachine (DatanodeStateMachine.java:stopDaemon(580)) - Ozone container server stopped.
2022-07-02 07:24:39,428 [ForkJoinPool.commonPool-worker-1] INFO  handler.ContextHandler (ContextHandler.java:doStop(1153)) - Stopped o.e.j.w.WebAppContext@75aae221{hddsDatanode,/,null,STOPPED}{jar:file:/home/runner/.m2/repository/org/apache/ozone/hdds-container-service/1.3.0-SNAPSHOT/hdds-container-service-1.3.0-SNAPSHOT.jar!/webapps/hddsDatanode}
2022-07-02 07:24:39,429 [ForkJoinPool.commonPool-worker-1] INFO  server.AbstractConnector (AbstractConnector.java:doStop(381)) - Stopped ServerConnector@5a31737b{HTTP/1.1, (http/1.1)}{0.0.0.0:0}
2022-07-02 07:24:39,429 [ForkJoinPool.commonPool-worker-1] INFO  server.session (HouseKeeper.java:stopScavenging(149)) - node0 Stopped scavenging
2022-07-02 07:24:39,484 [ForkJoinPool.commonPool-worker-1] INFO  handler.ContextHandler (ContextHandler.java:doStop(1153)) - Stopped o.e.j.s.ServletContextHandler@125418c4{static,/static,jar:file:/home/runner/.m2/repository/org/apache/ozone/hdds-container-service/1.3.0-SNAPSHOT/hdds-container-service-1.3.0-SNAPSHOT.jar!/webapps/static,STOPPED}
2022-07-02 07:24:39,520 [ForkJoinPool.commonPool-worker-1] INFO  handler.ContextHandler (ContextHandler.java:doStop(1153)) - Stopped o.e.j.s.ServletContextHandler@1feed3f7{logs,/logs,file:///home/runner/work/ozone/ozone/hadoop-ozone/integration-test/target/log,STOPPED}
2022-07-02 07:24:42,052 [62d41a72-c69a-4c51-8969-57edf65cfd32@group-88C20260634D-FollowerState] INFO  impl.FollowerState (FollowerState.java:run(143)) - 62d41a72-c69a-4c51-8969-57edf65cfd32@group-88C20260634D-FollowerState: change to CANDIDATE, lastRpcElapsedTime:10121631713ns, electionTimeout:5158ms
2022-07-02 07:24:42,052 [62d41a72-c69a-4c51-8969-57edf65cfd32@group-88C20260634D-FollowerState] INFO  impl.RoleInfo (RoleInfo.java:shutdownFollowerState(110)) - 62d41a72-c69a-4c51-8969-57edf65cfd32: shutdown 62d41a72-c69a-4c51-8969-57edf65cfd32@group-88C20260634D-FollowerState
2022-07-02 07:24:42,052 [62d41a72-c69a-4c51-8969-57edf65cfd32@group-88C20260634D-FollowerState] INFO  server.RaftServer$Division (RaftServerImpl.java:setRole(299)) - 62d41a72-c69a-4c51-8969-57edf65cfd32@group-88C20260634D: changes role from  FOLLOWER to CANDIDATE at term 6 for changeToCandidate
2022-07-02 07:24:42,052 [62d41a72-c69a-4c51-8969-57edf65cfd32@group-88C20260634D-FollowerState] INFO  server.RaftServerConfigKeys (ConfUtils.java:logGet(46)) - raft.server.leaderelection.pre-vote = false (custom)
2022-07-02 07:24:42,052 [62d41a72-c69a-4c51-8969-57edf65cfd32@group-88C20260634D-FollowerState] INFO  impl.RoleInfo (RoleInfo.java:updateAndGet(139)) - 62d41a72-c69a-4c51-8969-57edf65cfd32: start 62d41a72-c69a-4c51-8969-57edf65cfd32@group-88C20260634D-LeaderElection56
2022-07-02 07:24:42,108 [62d41a72-c69a-4c51-8969-57edf65cfd32@group-88C20260634D-LeaderElection56] INFO  server.RaftServer$Division (ServerState.java:setLeader(287)) - 62d41a72-c69a-4c51-8969-57edf65cfd32@group-88C20260634D: change Leader from c36488b4-ebfd-4b41-ac5a-8203e4b42905 to null at term 6 for ELECTION
2022-07-02 07:24:42,120 [62d41a72-c69a-4c51-8969-57edf65cfd32@group-88C20260634D-LeaderElection56] INFO  impl.LeaderElection (LeaderElection.java:askForVotes(310)) - 62d41a72-c69a-4c51-8969-57edf65cfd32@group-88C20260634D-LeaderElection56 ELECTION round 0: submit vote requests at term 7 for 0: [62d41a72-c69a-4c51-8969-57edf65cfd32|rpc:10.1.0.20:44989|dataStream:|priority:0, c36488b4-ebfd-4b41-ac5a-8203e4b42905|rpc:10.1.0.20:40803|dataStream:|priority:1, d727aa53-777d-4565-b781-b847e62e7de2|rpc:10.1.0.20:38235|dataStream:|priority:0], old=null
2022-07-02 07:24:42,124 [62d41a72-c69a-4c51-8969-57edf65cfd32@group-88C20260634D-LeaderElection56] INFO  impl.LeaderElection (LogUtils.java:infoOrTrace(137)) - 62d41a72-c69a-4c51-8969-57edf65cfd32@group-88C20260634D-LeaderElection56 got exception when requesting votes: java.util.concurrent.ExecutionException: org.apache.ratis.thirdparty.io.grpc.StatusRuntimeException: UNAVAILABLE: io exception
2022-07-02 07:24:42,124 [62d41a72-c69a-4c51-8969-57edf65cfd32@group-88C20260634D-LeaderElection56] INFO  impl.LeaderElection (LogUtils.java:infoOrTrace(137)) - 62d41a72-c69a-4c51-8969-57edf65cfd32@group-88C20260634D-LeaderElection56 got exception when requesting votes: java.util.concurrent.ExecutionException: org.apache.ratis.thirdparty.io.grpc.StatusRuntimeException: UNAVAILABLE: io exception
2022-07-02 07:24:42,124 [62d41a72-c69a-4c51-8969-57edf65cfd32@group-88C20260634D-LeaderElection56] INFO  impl.LeaderElection (LeaderElection.java:logAndReturn(90)) - 62d41a72-c69a-4c51-8969-57edf65cfd32@group-88C20260634D-LeaderElection56: ELECTION REJECTED received 0 response(s) and 2 exception(s):
2022-07-02 07:24:42,124 [62d41a72-c69a-4c51-8969-57edf65cfd32@group-88C20260634D-LeaderElection56] INFO  impl.LeaderElection (LogUtils.java:infoOrTrace(137)) -   Exception 0: java.util.concurrent.ExecutionException: org.apache.ratis.thirdparty.io.grpc.StatusRuntimeException: UNAVAILABLE: io exception
2022-07-02 07:24:42,124 [62d41a72-c69a-4c51-8969-57edf65cfd32@group-88C20260634D-LeaderElection56] INFO  impl.LeaderElection (LogUtils.java:infoOrTrace(137)) -   Exception 1: java.util.concurrent.ExecutionException: org.apache.ratis.thirdparty.io.grpc.StatusRuntimeException: UNAVAILABLE: io exception
2022-07-02 07:24:42,124 [62d41a72-c69a-4c51-8969-57edf65cfd32@group-88C20260634D-LeaderElection56] INFO  impl.LeaderElection (LeaderElection.java:askForVotes(312)) - 62d41a72-c69a-4c51-8969-57edf65cfd32@group-88C20260634D-LeaderElection56 ELECTION round 0: result REJECTED
2022-07-02 07:24:42,124 [62d41a72-c69a-4c51-8969-57edf65cfd32@group-88C20260634D-LeaderElection56] INFO  server.RaftServer$Division (RaftServerImpl.java:setRole(299)) - 62d41a72-c69a-4c51-8969-57edf65cfd32@group-88C20260634D: changes role from CANDIDATE to FOLLOWER at term 7 for REJECTED
2022-07-02 07:24:42,124 [62d41a72-c69a-4c51-8969-57edf65cfd32@group-88C20260634D-LeaderElection56] INFO  impl.RoleInfo (RoleInfo.java:shutdownLeaderElection(130)) - 62d41a72-c69a-4c51-8969-57edf65cfd32: shutdown 62d41a72-c69a-4c51-8969-57edf65cfd32@group-88C20260634D-LeaderElection56
2022-07-02 07:24:42,124 [62d41a72-c69a-4c51-8969-57edf65cfd32@group-88C20260634D-LeaderElection56] INFO  impl.RoleInfo (RoleInfo.java:updateAndGet(139)) - 62d41a72-c69a-4c51-8969-57edf65cfd32: start 62d41a72-c69a-4c51-8969-57edf65cfd32@group-88C20260634D-FollowerState
2022-07-02 07:24:42,603 [62d41a72-c69a-4c51-8969-57edf65cfd32@group-DFAC8FC8CCEB-FollowerState] INFO  impl.FollowerState (FollowerState.java:run(143)) - 62d41a72-c69a-4c51-8969-57edf65cfd32@group-DFAC8FC8CCEB-FollowerState: change to CANDIDATE, lastRpcElapsedTime:5155452109ns, electionTimeout:5155ms
2022-07-02 07:24:42,603 [62d41a72-c69a-4c51-8969-57edf65cfd32@group-DFAC8FC8CCEB-FollowerState] INFO  impl.RoleInfo (RoleInfo.java:shutdownFollowerState(110)) - 62d41a72-c69a-4c51-8969-57edf65cfd32: shutdown 62d41a72-c69a-4c51-8969-57edf65cfd32@group-DFAC8FC8CCEB-FollowerState
2022-07-02 07:24:42,603 [62d41a72-c69a-4c51-8969-57edf65cfd32@group-DFAC8FC8CCEB-FollowerState] INFO  server.RaftServer$Division (RaftServerImpl.java:setRole(299)) - 62d41a72-c69a-4c51-8969-57edf65cfd32@group-DFAC8FC8CCEB: changes role from  FOLLOWER to CANDIDATE at term 5 for changeToCandidate
2022-07-02 07:24:42,603 [62d41a72-c69a-4c51-8969-57edf65cfd32@group-DFAC8FC8CCEB-FollowerState] INFO  server.RaftServerConfigKeys (ConfUtils.java:logGet(46)) - raft.server.leaderelection.pre-vote = false (custom)
2022-07-02 07:24:42,603 [62d41a72-c69a-4c51-8969-57edf65cfd32@group-DFAC8FC8CCEB-FollowerState] INFO  impl.RoleInfo (RoleInfo.java:updateAndGet(139)) - 62d41a72-c69a-4c51-8969-57edf65cfd32: start 62d41a72-c69a-4c51-8969-57edf65cfd32@group-DFAC8FC8CCEB-LeaderElection57
2022-07-02 07:24:42,652 [62d41a72-c69a-4c51-8969-57edf65cfd32@group-DFAC8FC8CCEB-LeaderElection57] INFO  impl.LeaderElection (LeaderElection.java:askForVotes(310)) - 62d41a72-c69a-4c51-8969-57edf65cfd32@group-DFAC8FC8CCEB-LeaderElection57 ELECTION round 0: submit vote requests at term 6 for 0: [62d41a72-c69a-4c51-8969-57edf65cfd32|rpc:10.1.0.20:44989|dataStream:|priority:0, c36488b4-ebfd-4b41-ac5a-8203e4b42905|rpc:10.1.0.20:40803|dataStream:|priority:0, d727aa53-777d-4565-b781-b847e62e7de2|rpc:10.1.0.20:38235|dataStream:|priority:1], old=null
2022-07-02 07:24:42,663 [62d41a72-c69a-4c51-8969-57edf65cfd32@group-DFAC8FC8CCEB-LeaderElection57] INFO  impl.LeaderElection (LogUtils.java:infoOrTrace(137)) - 62d41a72-c69a-4c51-8969-57edf65cfd32@group-DFAC8FC8CCEB-LeaderElection57 got exception when requesting votes: java.util.concurrent.ExecutionException: org.apache.ratis.thirdparty.io.grpc.StatusRuntimeException: UNAVAILABLE: io exception
2022-07-02 07:24:42,664 [62d41a72-c69a-4c51-8969-57edf65cfd32@group-DFAC8FC8CCEB-LeaderElection57] INFO  impl.LeaderElection (LogUtils.java:infoOrTrace(137)) - 62d41a72-c69a-4c51-8969-57edf65cfd32@group-DFAC8FC8CCEB-LeaderElection57 got exception when requesting votes: java.util.concurrent.ExecutionException: org.apache.ratis.thirdparty.io.grpc.StatusRuntimeException: UNAVAILABLE: io exception
2022-07-02 07:24:42,664 [62d41a72-c69a-4c51-8969-57edf65cfd32@group-DFAC8FC8CCEB-LeaderElection57] INFO  impl.LeaderElection (LeaderElection.java:logAndReturn(90)) - 62d41a72-c69a-4c51-8969-57edf65cfd32@group-DFAC8FC8CCEB-LeaderElection57: ELECTION REJECTED received 0 response(s) and 2 exception(s):
2022-07-02 07:24:42,664 [62d41a72-c69a-4c51-8969-57edf65cfd32@group-DFAC8FC8CCEB-LeaderElection57] INFO  impl.LeaderElection (LogUtils.java:infoOrTrace(137)) -   Exception 0: java.util.concurrent.ExecutionException: org.apache.ratis.thirdparty.io.grpc.StatusRuntimeException: UNAVAILABLE: io exception
2022-07-02 07:24:42,664 [62d41a72-c69a-4c51-8969-57edf65cfd32@group-DFAC8FC8CCEB-LeaderElection57] INFO  impl.LeaderElection (LogUtils.java:infoOrTrace(137)) -   Exception 1: java.util.concurrent.ExecutionException: org.apache.ratis.thirdparty.io.grpc.StatusRuntimeException: UNAVAILABLE: io exception
2022-07-02 07:24:42,664 [62d41a72-c69a-4c51-8969-57edf65cfd32@group-DFAC8FC8CCEB-LeaderElection57] INFO  impl.LeaderElection (LeaderElection.java:askForVotes(312)) - 62d41a72-c69a-4c51-8969-57edf65cfd32@group-DFAC8FC8CCEB-LeaderElection57 ELECTION round 0: result REJECTED
2022-07-02 07:24:42,664 [62d41a72-c69a-4c51-8969-57edf65cfd32@group-DFAC8FC8CCEB-LeaderElection57] INFO  server.RaftServer$Division (RaftServerImpl.java:setRole(299)) - 62d41a72-c69a-4c51-8969-57edf65cfd32@group-DFAC8FC8CCEB: changes role from CANDIDATE to FOLLOWER at term 6 for REJECTED
2022-07-02 07:24:42,664 [62d41a72-c69a-4c51-8969-57edf65cfd32@group-DFAC8FC8CCEB-LeaderElection57] INFO  impl.RoleInfo (RoleInfo.java:shutdownLeaderElection(130)) - 62d41a72-c69a-4c51-8969-57edf65cfd32: shutdown 62d41a72-c69a-4c51-8969-57edf65cfd32@group-DFAC8FC8CCEB-LeaderElection57
2022-07-02 07:24:42,664 [62d41a72-c69a-4c51-8969-57edf65cfd32@group-DFAC8FC8CCEB-LeaderElection57] INFO  impl.RoleInfo (RoleInfo.java:updateAndGet(139)) - 62d41a72-c69a-4c51-8969-57edf65cfd32: start 62d41a72-c69a-4c51-8969-57edf65cfd32@group-DFAC8FC8CCEB-FollowerState
2022-07-02 07:24:44,368 [Listener at 127.0.0.1/38259] INFO  ozoneimpl.OzoneContainer (OzoneContainer.java:stop(365)) - Attempting to stop container services.
2022-07-02 07:24:44,370 [Listener at 127.0.0.1/38259] INFO  server.RaftServer (RaftServerProxy.java:lambda$close$7(398)) - 5c96909e-6d7d-4877-8367-f30c632a1483: close
2022-07-02 07:24:44,370 [Listener at 127.0.0.1/38259] INFO  server.RaftServer$Division (RaftServerImpl.java:lambda$close$4(434)) - 5c96909e-6d7d-4877-8367-f30c632a1483@group-7588C3E5E828: shutdown
2022-07-02 07:24:44,370 [Listener at 127.0.0.1/38259] INFO  util.JmxRegister (JmxRegister.java:unregister(73)) - Successfully un-registered JMX Bean with object name Ratis:service=RaftServer,group=group-7588C3E5E828,id=5c96909e-6d7d-4877-8367-f30c632a1483
2022-07-02 07:24:44,371 [Listener at 127.0.0.1/38259] INFO  impl.RoleInfo (RoleInfo.java:shutdownLeaderState(93)) - 5c96909e-6d7d-4877-8367-f30c632a1483: shutdown 5c96909e-6d7d-4877-8367-f30c632a1483@group-7588C3E5E828-LeaderStateImpl
2022-07-02 07:24:44,371 [Listener at 127.0.0.1/38259] INFO  impl.PendingRequests (PendingRequests.java:sendNotLeaderResponses(282)) - 5c96909e-6d7d-4877-8367-f30c632a1483@group-7588C3E5E828-PendingRequests: sendNotLeaderResponses
2022-07-02 07:24:44,372 [5c96909e-6d7d-4877-8367-f30c632a1483@group-7588C3E5E828-StateMachineUpdater] INFO  ratis.ContainerStateMachine (ContainerStateMachine.java:takeSnapshot(304)) - group-7588C3E5E828: Taking a snapshot at:(t:1, i:0) file /home/runner/work/ozone/ozone/hadoop-ozone/integration-test/target/test-dir/MiniOzoneClusterImpl-0529b123-343e-47c8-b09a-e64196ae32df/datanode-4/data/ratis/3729db80-01a4-4753-9d71-7588c3e5e828/sm/snapshot.1_0
2022-07-02 07:24:44,372 [Listener at 127.0.0.1/38259] INFO  impl.StateMachineUpdater (StateMachineUpdater.java:stopAndJoin(153)) - 5c96909e-6d7d-4877-8367-f30c632a1483@group-7588C3E5E828-StateMachineUpdater: set stopIndex = 0
2022-07-02 07:24:44,374 [5c96909e-6d7d-4877-8367-f30c632a1483@group-7588C3E5E828-StateMachineUpdater] INFO  ratis.ContainerStateMachine (ContainerStateMachine.java:takeSnapshot(315)) - group-7588C3E5E828: Finished taking a snapshot at:(t:1, i:0) file:/home/runner/work/ozone/ozone/hadoop-ozone/integration-test/target/test-dir/MiniOzoneClusterImpl-0529b123-343e-47c8-b09a-e64196ae32df/datanode-4/data/ratis/3729db80-01a4-4753-9d71-7588c3e5e828/sm/snapshot.1_0 took: 2 ms
2022-07-02 07:24:44,374 [5c96909e-6d7d-4877-8367-f30c632a1483@group-7588C3E5E828-StateMachineUpdater] INFO  impl.StateMachineUpdater (StateMachineUpdater.java:takeSnapshot(287)) - 5c96909e-6d7d-4877-8367-f30c632a1483@group-7588C3E5E828-StateMachineUpdater: Took a snapshot at index 0
2022-07-02 07:24:44,374 [5c96909e-6d7d-4877-8367-f30c632a1483@group-7588C3E5E828-StateMachineUpdater] INFO  impl.StateMachineUpdater (StateMachineUpdater.java:lambda$new$0(92)) - 5c96909e-6d7d-4877-8367-f30c632a1483@group-7588C3E5E828-StateMachineUpdater: snapshotIndex: updateIncreasingly -1 -> 0
2022-07-02 07:24:44,374 [Listener at 127.0.0.1/38259] INFO  server.RaftServer$Division (ServerState.java:close(429)) - 5c96909e-6d7d-4877-8367-f30c632a1483@group-7588C3E5E828: closes. applyIndex: 0
2022-07-02 07:24:44,375 [5c96909e-6d7d-4877-8367-f30c632a1483@group-7588C3E5E828-SegmentedRaftLogWorker] INFO  segmented.SegmentedRaftLogWorker (SegmentedRaftLogWorker.java:run(336)) - 5c96909e-6d7d-4877-8367-f30c632a1483@group-7588C3E5E828-SegmentedRaftLogWorker was interrupted, exiting. There are 0 tasks remaining in the queue.
2022-07-02 07:24:44,375 [Listener at 127.0.0.1/38259] INFO  segmented.SegmentedRaftLogWorker (SegmentedRaftLogWorker.java:close(246)) - 5c96909e-6d7d-4877-8367-f30c632a1483@group-7588C3E5E828-SegmentedRaftLogWorker close()
2022-07-02 07:24:44,408 [Listener at 127.0.0.1/38259] INFO  server.GrpcService (GrpcService.java:closeImpl(269)) - 5c96909e-6d7d-4877-8367-f30c632a1483: shutdown server with port 39903 now
2022-07-02 07:24:44,409 [Listener at 127.0.0.1/38259] INFO  server.GrpcService (GrpcService.java:closeImpl(278)) - 5c96909e-6d7d-4877-8367-f30c632a1483: shutdown server with port 39903 successfully
2022-07-02 07:24:44,409 [org.apache.ratis.util.JvmPauseMonitor$$Lambda$611/1072797734@792a9961] INFO  util.JvmPauseMonitor (JvmPauseMonitor.java:run(109)) - JvmPauseMonitor-5c96909e-6d7d-4877-8367-f30c632a1483: Stopped
2022-07-02 07:24:44,522 [ForkJoinPool.commonPool-worker-1] INFO  ozoneimpl.OzoneContainer (OzoneContainer.java:stop(365)) - Attempting to stop container services.
2022-07-02 07:24:44,523 [ForkJoinPool.commonPool-worker-1] INFO  server.RaftServer (RaftServerProxy.java:lambda$close$7(398)) - 62d41a72-c69a-4c51-8969-57edf65cfd32: close
2022-07-02 07:24:44,523 [ForkJoinPool.commonPool-worker-1] INFO  server.RaftServer$Division (RaftServerImpl.java:lambda$close$4(434)) - 62d41a72-c69a-4c51-8969-57edf65cfd32@group-DFAC8FC8CCEB: shutdown
2022-07-02 07:24:44,523 [ForkJoinPool.commonPool-worker-1] INFO  util.JmxRegister (JmxRegister.java:unregister(73)) - Successfully un-registered JMX Bean with object name Ratis:service=RaftServer,group=group-DFAC8FC8CCEB,id=62d41a72-c69a-4c51-8969-57edf65cfd32
2022-07-02 07:24:44,524 [ForkJoinPool.commonPool-worker-1] INFO  impl.RoleInfo (RoleInfo.java:shutdownFollowerState(110)) - 62d41a72-c69a-4c51-8969-57edf65cfd32: shutdown 62d41a72-c69a-4c51-8969-57edf65cfd32@group-DFAC8FC8CCEB-FollowerState
2022-07-02 07:24:44,524 [ForkJoinPool.commonPool-worker-1] INFO  impl.StateMachineUpdater (StateMachineUpdater.java:stopAndJoin(153)) - 62d41a72-c69a-4c51-8969-57edf65cfd32@group-DFAC8FC8CCEB-StateMachineUpdater: set stopIndex = 51
2022-07-02 07:24:44,524 [62d41a72-c69a-4c51-8969-57edf65cfd32@group-DFAC8FC8CCEB-FollowerState] INFO  impl.FollowerState (FollowerState.java:run(152)) - 62d41a72-c69a-4c51-8969-57edf65cfd32@group-DFAC8FC8CCEB-FollowerState was interrupted
2022-07-02 07:24:44,549 [62d41a72-c69a-4c51-8969-57edf65cfd32@group-DFAC8FC8CCEB-StateMachineUpdater] INFO  ratis.ContainerStateMachine (ContainerStateMachine.java:takeSnapshot(304)) - group-DFAC8FC8CCEB: Taking a snapshot at:(t:4, i:51) file /home/runner/work/ozone/ozone/hadoop-ozone/integration-test/target/test-dir/MiniOzoneClusterImpl-0529b123-343e-47c8-b09a-e64196ae32df/datanode-0/data/ratis/26fd7dc0-a09a-42e3-9f2f-dfac8fc8cceb/sm/snapshot.4_51
2022-07-02 07:24:44,551 [62d41a72-c69a-4c51-8969-57edf65cfd32@group-DFAC8FC8CCEB-StateMachineUpdater] INFO  ratis.ContainerStateMachine (ContainerStateMachine.java:takeSnapshot(315)) - group-DFAC8FC8CCEB: Finished taking a snapshot at:(t:4, i:51) file:/home/runner/work/ozone/ozone/hadoop-ozone/integration-test/target/test-dir/MiniOzoneClusterImpl-0529b123-343e-47c8-b09a-e64196ae32df/datanode-0/data/ratis/26fd7dc0-a09a-42e3-9f2f-dfac8fc8cceb/sm/snapshot.4_51 took: 1 ms
2022-07-02 07:24:44,551 [62d41a72-c69a-4c51-8969-57edf65cfd32@group-DFAC8FC8CCEB-StateMachineUpdater] INFO  impl.StateMachineUpdater (StateMachineUpdater.java:takeSnapshot(287)) - 62d41a72-c69a-4c51-8969-57edf65cfd32@group-DFAC8FC8CCEB-StateMachineUpdater: Took a snapshot at index 51
2022-07-02 07:24:44,551 [62d41a72-c69a-4c51-8969-57edf65cfd32@group-DFAC8FC8CCEB-StateMachineUpdater] INFO  impl.StateMachineUpdater (StateMachineUpdater.java:lambda$new$0(92)) - 62d41a72-c69a-4c51-8969-57edf65cfd32@group-DFAC8FC8CCEB-StateMachineUpdater: snapshotIndex: updateIncreasingly -1 -> 51
2022-07-02 07:24:44,553 [ForkJoinPool.commonPool-worker-1] INFO  server.RaftServer$Division (ServerState.java:close(429)) - 62d41a72-c69a-4c51-8969-57edf65cfd32@group-DFAC8FC8CCEB: closes. applyIndex: 51
2022-07-02 07:24:44,556 [62d41a72-c69a-4c51-8969-57edf65cfd32@group-DFAC8FC8CCEB-SegmentedRaftLogWorker] INFO  segmented.SegmentedRaftLogWorker (SegmentedRaftLogWorker.java:run(336)) - 62d41a72-c69a-4c51-8969-57edf65cfd32@group-DFAC8FC8CCEB-SegmentedRaftLogWorker was interrupted, exiting. There are 0 tasks remaining in the queue.
2022-07-02 07:24:44,559 [ForkJoinPool.commonPool-worker-1] INFO  segmented.SegmentedRaftLogWorker (SegmentedRaftLogWorker.java:close(246)) - 62d41a72-c69a-4c51-8969-57edf65cfd32@group-DFAC8FC8CCEB-SegmentedRaftLogWorker close()
2022-07-02 07:24:44,562 [ForkJoinPool.commonPool-worker-1] INFO  server.RaftServer$Division (RaftServerImpl.java:lambda$close$4(434)) - 62d41a72-c69a-4c51-8969-57edf65cfd32@group-F3DB0B2B3B31: shutdown
2022-07-02 07:24:44,562 [ForkJoinPool.commonPool-worker-1] INFO  util.JmxRegister (JmxRegister.java:unregister(73)) - Successfully un-registered JMX Bean with object name Ratis:service=RaftServer,group=group-F3DB0B2B3B31,id=62d41a72-c69a-4c51-8969-57edf65cfd32
2022-07-02 07:24:44,562 [ForkJoinPool.commonPool-worker-1] INFO  impl.RoleInfo (RoleInfo.java:shutdownLeaderState(93)) - 62d41a72-c69a-4c51-8969-57edf65cfd32: shutdown 62d41a72-c69a-4c51-8969-57edf65cfd32@group-F3DB0B2B3B31-LeaderStateImpl
2022-07-02 07:24:44,562 [ForkJoinPool.commonPool-worker-1] INFO  impl.PendingRequests (PendingRequests.java:sendNotLeaderResponses(282)) - 62d41a72-c69a-4c51-8969-57edf65cfd32@group-F3DB0B2B3B31-PendingRequests: sendNotLeaderResponses
2022-07-02 07:24:44,563 [ForkJoinPool.commonPool-worker-1] INFO  impl.StateMachineUpdater (StateMachineUpdater.java:stopAndJoin(153)) - 62d41a72-c69a-4c51-8969-57edf65cfd32@group-F3DB0B2B3B31-StateMachineUpdater: set stopIndex = 0
2022-07-02 07:24:44,563 [62d41a72-c69a-4c51-8969-57edf65cfd32@group-F3DB0B2B3B31-StateMachineUpdater] INFO  ratis.ContainerStateMachine (ContainerStateMachine.java:takeSnapshot(304)) - group-F3DB0B2B3B31: Taking a snapshot at:(t:1, i:0) file /home/runner/work/ozone/ozone/hadoop-ozone/integration-test/target/test-dir/MiniOzoneClusterImpl-0529b123-343e-47c8-b09a-e64196ae32df/datanode-0/data/ratis/90fa2573-04f9-483b-84ff-f3db0b2b3b31/sm/snapshot.1_0
2022-07-02 07:24:44,564 [62d41a72-c69a-4c51-8969-57edf65cfd32@group-F3DB0B2B3B31-StateMachineUpdater] INFO  ratis.ContainerStateMachine (ContainerStateMachine.java:takeSnapshot(315)) - group-F3DB0B2B3B31: Finished taking a snapshot at:(t:1, i:0) file:/home/runner/work/ozone/ozone/hadoop-ozone/integration-test/target/test-dir/MiniOzoneClusterImpl-0529b123-343e-47c8-b09a-e64196ae32df/datanode-0/data/ratis/90fa2573-04f9-483b-84ff-f3db0b2b3b31/sm/snapshot.1_0 took: 1 ms
2022-07-02 07:24:44,564 [62d41a72-c69a-4c51-8969-57edf65cfd32@group-F3DB0B2B3B31-StateMachineUpdater] INFO  impl.StateMachineUpdater (StateMachineUpdater.java:takeSnapshot(287)) - 62d41a72-c69a-4c51-8969-57edf65cfd32@group-F3DB0B2B3B31-StateMachineUpdater: Took a snapshot at index 0
2022-07-02 07:24:44,564 [62d41a72-c69a-4c51-8969-57edf65cfd32@group-F3DB0B2B3B31-StateMachineUpdater] INFO  impl.StateMachineUpdater (StateMachineUpdater.java:lambda$new$0(92)) - 62d41a72-c69a-4c51-8969-57edf65cfd32@group-F3DB0B2B3B31-StateMachineUpdater: snapshotIndex: updateIncreasingly -1 -> 0
2022-07-02 07:24:44,565 [ForkJoinPool.commonPool-worker-1] INFO  server.RaftServer$Division (ServerState.java:close(429)) - 62d41a72-c69a-4c51-8969-57edf65cfd32@group-F3DB0B2B3B31: closes. applyIndex: 0
2022-07-02 07:24:44,567 [62d41a72-c69a-4c51-8969-57edf65cfd32@group-F3DB0B2B3B31-SegmentedRaftLogWorker] INFO  segmented.SegmentedRaftLogWorker (SegmentedRaftLogWorker.java:run(336)) - 62d41a72-c69a-4c51-8969-57edf65cfd32@group-F3DB0B2B3B31-SegmentedRaftLogWorker was interrupted, exiting. There are 0 tasks remaining in the queue.
2022-07-02 07:24:44,567 [ForkJoinPool.commonPool-worker-1] INFO  segmented.SegmentedRaftLogWorker (SegmentedRaftLogWorker.java:close(246)) - 62d41a72-c69a-4c51-8969-57edf65cfd32@group-F3DB0B2B3B31-SegmentedRaftLogWorker close()
2022-07-02 07:24:44,567 [ForkJoinPool.commonPool-worker-1] INFO  server.RaftServer$Division (RaftServerImpl.java:lambda$close$4(434)) - 62d41a72-c69a-4c51-8969-57edf65cfd32@group-88C20260634D: shutdown
2022-07-02 07:24:44,567 [ForkJoinPool.commonPool-worker-1] INFO  util.JmxRegister (JmxRegister.java:unregister(73)) - Successfully un-registered JMX Bean with object name Ratis:service=RaftServer,group=group-88C20260634D,id=62d41a72-c69a-4c51-8969-57edf65cfd32
2022-07-02 07:24:44,567 [ForkJoinPool.commonPool-worker-1] INFO  impl.RoleInfo (RoleInfo.java:shutdownFollowerState(110)) - 62d41a72-c69a-4c51-8969-57edf65cfd32: shutdown 62d41a72-c69a-4c51-8969-57edf65cfd32@group-88C20260634D-FollowerState
2022-07-02 07:24:44,568 [62d41a72-c69a-4c51-8969-57edf65cfd32@group-88C20260634D-FollowerState] INFO  impl.FollowerState (FollowerState.java:run(152)) - 62d41a72-c69a-4c51-8969-57edf65cfd32@group-88C20260634D-FollowerState was interrupted
2022-07-02 07:24:44,568 [ForkJoinPool.commonPool-worker-1] INFO  impl.StateMachineUpdater (StateMachineUpdater.java:stopAndJoin(153)) - 62d41a72-c69a-4c51-8969-57edf65cfd32@group-88C20260634D-StateMachineUpdater: set stopIndex = 0
2022-07-02 07:24:44,568 [62d41a72-c69a-4c51-8969-57edf65cfd32@group-88C20260634D-StateMachineUpdater] INFO  ratis.ContainerStateMachine (ContainerStateMachine.java:takeSnapshot(304)) - group-88C20260634D: Taking a snapshot at:(t:6, i:0) file /home/runner/work/ozone/ozone/hadoop-ozone/integration-test/target/test-dir/MiniOzoneClusterImpl-0529b123-343e-47c8-b09a-e64196ae32df/datanode-0/data/ratis/8b78d0ea-1399-4e19-a374-88c20260634d/sm/snapshot.6_0
2022-07-02 07:24:44,569 [62d41a72-c69a-4c51-8969-57edf65cfd32@group-88C20260634D-StateMachineUpdater] INFO  ratis.ContainerStateMachine (ContainerStateMachine.java:takeSnapshot(315)) - group-88C20260634D: Finished taking a snapshot at:(t:6, i:0) file:/home/runner/work/ozone/ozone/hadoop-ozone/integration-test/target/test-dir/MiniOzoneClusterImpl-0529b123-343e-47c8-b09a-e64196ae32df/datanode-0/data/ratis/8b78d0ea-1399-4e19-a374-88c20260634d/sm/snapshot.6_0 took: 1 ms
2022-07-02 07:24:44,569 [62d41a72-c69a-4c51-8969-57edf65cfd32@group-88C20260634D-StateMachineUpdater] INFO  impl.StateMachineUpdater (StateMachineUpdater.java:takeSnapshot(287)) - 62d41a72-c69a-4c51-8969-57edf65cfd32@group-88C20260634D-StateMachineUpdater: Took a snapshot at index 0
2022-07-02 07:24:44,569 [62d41a72-c69a-4c51-8969-57edf65cfd32@group-88C20260634D-StateMachineUpdater] INFO  impl.StateMachineUpdater (StateMachineUpdater.java:lambda$new$0(92)) - 62d41a72-c69a-4c51-8969-57edf65cfd32@group-88C20260634D-StateMachineUpdater: snapshotIndex: updateIncreasingly -1 -> 0
2022-07-02 07:24:44,569 [ForkJoinPool.commonPool-worker-1] INFO  server.RaftServer$Division (ServerState.java:close(429)) - 62d41a72-c69a-4c51-8969-57edf65cfd32@group-88C20260634D: closes. applyIndex: 0
2022-07-02 07:24:44,569 [62d41a72-c69a-4c51-8969-57edf65cfd32@group-88C20260634D-SegmentedRaftLogWorker] INFO  segmented.SegmentedRaftLogWorker (SegmentedRaftLogWorker.java:run(336)) - 62d41a72-c69a-4c51-8969-57edf65cfd32@group-88C20260634D-SegmentedRaftLogWorker was interrupted, exiting. There are 0 tasks remaining in the queue.
2022-07-02 07:24:44,570 [ForkJoinPool.commonPool-worker-1] INFO  segmented.SegmentedRaftLogWorker (SegmentedRaftLogWorker.java:close(246)) - 62d41a72-c69a-4c51-8969-57edf65cfd32@group-88C20260634D-SegmentedRaftLogWorker close()
2022-07-02 07:24:44,570 [ForkJoinPool.commonPool-worker-1] INFO  server.GrpcService (GrpcService.java:closeImpl(269)) - 62d41a72-c69a-4c51-8969-57edf65cfd32: shutdown server with port 44989 now
2022-07-02 07:24:44,616 [ForkJoinPool.commonPool-worker-1] INFO  server.GrpcService (GrpcService.java:closeImpl(278)) - 62d41a72-c69a-4c51-8969-57edf65cfd32: shutdown server with port 44989 successfully
2022-07-02 07:24:44,616 [org.apache.ratis.util.JvmPauseMonitor$$Lambda$611/1072797734@2302fa96] INFO  util.JvmPauseMonitor (JvmPauseMonitor.java:run(109)) - JvmPauseMonitor-62d41a72-c69a-4c51-8969-57edf65cfd32: Stopped
2022-07-02 07:24:46,473 [Listener at 127.0.0.1/38259] INFO  utils.BackgroundService (BackgroundService.java:shutdown(132)) - Shutting down service BlockDeletingService
2022-07-02 07:24:46,722 [ForkJoinPool.commonPool-worker-1] INFO  utils.BackgroundService (BackgroundService.java:shutdown(132)) - Shutting down service BlockDeletingService
2022-07-02 07:24:49,501 [Listener at 127.0.0.1/38259] INFO  statemachine.DatanodeStateMachine (DatanodeStateMachine.java:stopDaemon(580)) - Ozone container server stopped.
2022-07-02 07:24:49,516 [Listener at 127.0.0.1/38259] INFO  handler.ContextHandler (ContextHandler.java:doStop(1153)) - Stopped o.e.j.w.WebAppContext@15dadf44{hddsDatanode,/,null,STOPPED}{jar:file:/home/runner/.m2/repository/org/apache/ozone/hdds-container-service/1.3.0-SNAPSHOT/hdds-container-service-1.3.0-SNAPSHOT.jar!/webapps/hddsDatanode}
2022-07-02 07:24:49,558 [Listener at 127.0.0.1/38259] INFO  server.AbstractConnector (AbstractConnector.java:doStop(381)) - Stopped ServerConnector@3982d511{HTTP/1.1, (http/1.1)}{0.0.0.0:0}
2022-07-02 07:24:49,558 [Listener at 127.0.0.1/38259] INFO  server.session (HouseKeeper.java:stopScavenging(149)) - node0 Stopped scavenging
2022-07-02 07:24:49,559 [Listener at 127.0.0.1/38259] INFO  handler.ContextHandler (ContextHandler.java:doStop(1153)) - Stopped o.e.j.s.ServletContextHandler@1562ea4d{static,/static,jar:file:/home/runner/.m2/repository/org/apache/ozone/hdds-container-service/1.3.0-SNAPSHOT/hdds-container-service-1.3.0-SNAPSHOT.jar!/webapps/static,STOPPED}
2022-07-02 07:24:49,560 [Listener at 127.0.0.1/38259] INFO  handler.ContextHandler (ContextHandler.java:doStop(1153)) - Stopped o.e.j.s.ServletContextHandler@dfbc62{logs,/logs,file:///home/runner/work/ozone/ozone/hadoop-ozone/integration-test/target/log,STOPPED}
2022-07-02 07:24:49,742 [ForkJoinPool.commonPool-worker-1] INFO  statemachine.DatanodeStateMachine (DatanodeStateMachine.java:stopDaemon(580)) - Ozone container server stopped.
2022-07-02 07:24:49,816 [ForkJoinPool.commonPool-worker-1] INFO  handler.ContextHandler (ContextHandler.java:doStop(1153)) - Stopped o.e.j.w.WebAppContext@615ea202{hddsDatanode,/,null,STOPPED}{jar:file:/home/runner/.m2/repository/org/apache/ozone/hdds-container-service/1.3.0-SNAPSHOT/hdds-container-service-1.3.0-SNAPSHOT.jar!/webapps/hddsDatanode}
2022-07-02 07:24:49,820 [ForkJoinPool.commonPool-worker-1] INFO  server.AbstractConnector (AbstractConnector.java:doStop(381)) - Stopped ServerConnector@5c74dc1b{HTTP/1.1, (http/1.1)}{0.0.0.0:0}
2022-07-02 07:24:49,820 [ForkJoinPool.commonPool-worker-1] INFO  server.session (HouseKeeper.java:stopScavenging(149)) - node0 Stopped scavenging
2022-07-02 07:24:49,844 [ForkJoinPool.commonPool-worker-1] INFO  handler.ContextHandler (ContextHandler.java:doStop(1153)) - Stopped o.e.j.s.ServletContextHandler@3e94a4e4{static,/static,jar:file:/home/runner/.m2/repository/org/apache/ozone/hdds-container-service/1.3.0-SNAPSHOT/hdds-container-service-1.3.0-SNAPSHOT.jar!/webapps/static,STOPPED}
2022-07-02 07:24:49,845 [ForkJoinPool.commonPool-worker-1] INFO  handler.ContextHandler (ContextHandler.java:doStop(1153)) - Stopped o.e.j.s.ServletContextHandler@58982c11{logs,/logs,file:///home/runner/work/ozone/ozone/hadoop-ozone/integration-test/target/log,STOPPED}
2022-07-02 07:24:54,575 [Listener at 127.0.0.1/38259] INFO  ozoneimpl.OzoneContainer (OzoneContainer.java:stop(365)) - Attempting to stop container services.
2022-07-02 07:24:54,575 [Listener at 127.0.0.1/38259] INFO  server.RaftServer (RaftServerProxy.java:lambda$close$7(398)) - 8ee9ea94-b7aa-4256-9521-78badb6f68ce: close
2022-07-02 07:24:54,576 [Listener at 127.0.0.1/38259] INFO  server.RaftServer$Division (RaftServerImpl.java:lambda$close$4(434)) - 8ee9ea94-b7aa-4256-9521-78badb6f68ce@group-520D126B2A61: shutdown
2022-07-02 07:24:54,577 [Listener at 127.0.0.1/38259] INFO  util.JmxRegister (JmxRegister.java:unregister(73)) - Successfully un-registered JMX Bean with object name Ratis:service=RaftServer,group=group-520D126B2A61,id=8ee9ea94-b7aa-4256-9521-78badb6f68ce
2022-07-02 07:24:54,577 [Listener at 127.0.0.1/38259] INFO  impl.RoleInfo (RoleInfo.java:shutdownLeaderState(93)) - 8ee9ea94-b7aa-4256-9521-78badb6f68ce: shutdown 8ee9ea94-b7aa-4256-9521-78badb6f68ce@group-520D126B2A61-LeaderStateImpl
2022-07-02 07:24:54,577 [Listener at 127.0.0.1/38259] INFO  impl.PendingRequests (PendingRequests.java:sendNotLeaderResponses(282)) - 8ee9ea94-b7aa-4256-9521-78badb6f68ce@group-520D126B2A61-PendingRequests: sendNotLeaderResponses
2022-07-02 07:24:54,578 [8ee9ea94-b7aa-4256-9521-78badb6f68ce@group-520D126B2A61-StateMachineUpdater] INFO  ratis.ContainerStateMachine (ContainerStateMachine.java:takeSnapshot(304)) - group-520D126B2A61: Taking a snapshot at:(t:1, i:0) file /home/runner/work/ozone/ozone/hadoop-ozone/integration-test/target/test-dir/MiniOzoneClusterImpl-0529b123-343e-47c8-b09a-e64196ae32df/datanode-3/data/ratis/ddd9f0bb-8c04-491f-a827-520d126b2a61/sm/snapshot.1_0
2022-07-02 07:24:54,579 [Listener at 127.0.0.1/38259] INFO  impl.StateMachineUpdater (StateMachineUpdater.java:stopAndJoin(153)) - 8ee9ea94-b7aa-4256-9521-78badb6f68ce@group-520D126B2A61-StateMachineUpdater: set stopIndex = 0
2022-07-02 07:24:54,584 [8ee9ea94-b7aa-4256-9521-78badb6f68ce@group-520D126B2A61-StateMachineUpdater] INFO  ratis.ContainerStateMachine (ContainerStateMachine.java:takeSnapshot(315)) - group-520D126B2A61: Finished taking a snapshot at:(t:1, i:0) file:/home/runner/work/ozone/ozone/hadoop-ozone/integration-test/target/test-dir/MiniOzoneClusterImpl-0529b123-343e-47c8-b09a-e64196ae32df/datanode-3/data/ratis/ddd9f0bb-8c04-491f-a827-520d126b2a61/sm/snapshot.1_0 took: 6 ms
2022-07-02 07:24:54,584 [8ee9ea94-b7aa-4256-9521-78badb6f68ce@group-520D126B2A61-StateMachineUpdater] INFO  impl.StateMachineUpdater (StateMachineUpdater.java:takeSnapshot(287)) - 8ee9ea94-b7aa-4256-9521-78badb6f68ce@group-520D126B2A61-StateMachineUpdater: Took a snapshot at index 0
2022-07-02 07:24:54,584 [8ee9ea94-b7aa-4256-9521-78badb6f68ce@group-520D126B2A61-StateMachineUpdater] INFO  impl.StateMachineUpdater (StateMachineUpdater.java:lambda$new$0(92)) - 8ee9ea94-b7aa-4256-9521-78badb6f68ce@group-520D126B2A61-StateMachineUpdater: snapshotIndex: updateIncreasingly -1 -> 0
2022-07-02 07:24:54,585 [Listener at 127.0.0.1/38259] INFO  server.RaftServer$Division (ServerState.java:close(429)) - 8ee9ea94-b7aa-4256-9521-78badb6f68ce@group-520D126B2A61: closes. applyIndex: 0
2022-07-02 07:24:54,585 [8ee9ea94-b7aa-4256-9521-78badb6f68ce@group-520D126B2A61-SegmentedRaftLogWorker] INFO  segmented.SegmentedRaftLogWorker (SegmentedRaftLogWorker.java:run(336)) - 8ee9ea94-b7aa-4256-9521-78badb6f68ce@group-520D126B2A61-SegmentedRaftLogWorker was interrupted, exiting. There are 0 tasks remaining in the queue.
2022-07-02 07:24:54,589 [Listener at 127.0.0.1/38259] INFO  segmented.SegmentedRaftLogWorker (SegmentedRaftLogWorker.java:close(246)) - 8ee9ea94-b7aa-4256-9521-78badb6f68ce@group-520D126B2A61-SegmentedRaftLogWorker close()
2022-07-02 07:24:54,590 [Listener at 127.0.0.1/38259] INFO  server.GrpcService (GrpcService.java:closeImpl(269)) - 8ee9ea94-b7aa-4256-9521-78badb6f68ce: shutdown server with port 42261 now
2022-07-02 07:24:54,593 [Listener at 127.0.0.1/38259] INFO  server.GrpcService (GrpcService.java:closeImpl(278)) - 8ee9ea94-b7aa-4256-9521-78badb6f68ce: shutdown server with port 42261 successfully
2022-07-02 07:24:54,593 [org.apache.ratis.util.JvmPauseMonitor$$Lambda$611/1072797734@32d85264] INFO  util.JvmPauseMonitor (JvmPauseMonitor.java:run(109)) - JvmPauseMonitor-8ee9ea94-b7aa-4256-9521-78badb6f68ce: Stopped
2022-07-02 07:24:56,672 [Listener at 127.0.0.1/38259] INFO  utils.BackgroundService (BackgroundService.java:shutdown(132)) - Shutting down service BlockDeletingService
2022-07-02 07:24:59,740 [Listener at 127.0.0.1/38259] INFO  statemachine.DatanodeStateMachine (DatanodeStateMachine.java:stopDaemon(580)) - Ozone container server stopped.
2022-07-02 07:24:59,751 [Listener at 127.0.0.1/38259] INFO  handler.ContextHandler (ContextHandler.java:doStop(1153)) - Stopped o.e.j.w.WebAppContext@2104e947{hddsDatanode,/,null,STOPPED}{jar:file:/home/runner/.m2/repository/org/apache/ozone/hdds-container-service/1.3.0-SNAPSHOT/hdds-container-service-1.3.0-SNAPSHOT.jar!/webapps/hddsDatanode}
2022-07-02 07:24:59,760 [Listener at 127.0.0.1/38259] INFO  server.AbstractConnector (AbstractConnector.java:doStop(381)) - Stopped ServerConnector@7d399d58{HTTP/1.1, (http/1.1)}{0.0.0.0:0}
2022-07-02 07:24:59,760 [Listener at 127.0.0.1/38259] INFO  server.session (HouseKeeper.java:stopScavenging(149)) - node0 Stopped scavenging
2022-07-02 07:24:59,760 [Listener at 127.0.0.1/38259] INFO  handler.ContextHandler (ContextHandler.java:doStop(1153)) - Stopped o.e.j.s.ServletContextHandler@1fdc3182{static,/static,jar:file:/home/runner/.m2/repository/org/apache/ozone/hdds-container-service/1.3.0-SNAPSHOT/hdds-container-service-1.3.0-SNAPSHOT.jar!/webapps/static,STOPPED}
2022-07-02 07:24:59,760 [Listener at 127.0.0.1/38259] INFO  handler.ContextHandler (ContextHandler.java:doStop(1153)) - Stopped o.e.j.s.ServletContextHandler@768d49d5{logs,/logs,file:///home/runner/work/ozone/ozone/hadoop-ozone/integration-test/target/log,STOPPED}
2022-07-02 07:24:59,790 [Listener at 127.0.0.1/38259] INFO  ozone.MiniOzoneClusterImpl (MiniOzoneClusterImpl.java:stopSCM(549)) - Stopping the StorageContainerManager
2022-07-02 07:24:59,790 [Listener at 127.0.0.1/38259] INFO  server.StorageContainerManager (StorageContainerManager.java:stop(1514)) - Container Balancer is not running.
2022-07-02 07:24:59,790 [Listener at 127.0.0.1/38259] INFO  server.StorageContainerManager (StorageContainerManager.java:stop(1521)) - Stopping Replication Manager Service.
2022-07-02 07:24:59,790 [Listener at 127.0.0.1/38259] INFO  replication.ReplicationManager (ReplicationManager.java:stop(212)) - Stopping Replication Monitor Thread.
2022-07-02 07:24:59,790 [ReplicationMonitor] INFO  replication.ReplicationManager (ReplicationManager.java:run(322)) - Replication Monitor Thread is stopped
2022-07-02 07:24:59,791 [Listener at 127.0.0.1/38259] INFO  server.StorageContainerManager (StorageContainerManager.java:stop(1528)) - Stopping the Datanode Admin Monitor.
2022-07-02 07:24:59,791 [Listener at 127.0.0.1/38259] INFO  server.StorageContainerManager (StorageContainerManager.java:stop(1535)) - Stopping Lease Manager of the command watchers
2022-07-02 07:24:59,791 [Listener at 127.0.0.1/38259] INFO  server.StorageContainerManager (StorageContainerManager.java:stop(1542)) - Stopping datanode service RPC server
2022-07-02 07:24:59,800 [Listener at 127.0.0.1/38259] INFO  server.SCMDatanodeProtocolServer (SCMDatanodeProtocolServer.java:stop(408)) - Stopping the RPC server for DataNodes
2022-07-02 07:24:59,800 [Listener at 127.0.0.1/38259] INFO  ipc.Server (Server.java:stop(3414)) - Stopping server on 37081
2022-07-02 07:24:59,802 [IPC Server listener on 0] INFO  ipc.Server (Server.java:run(1376)) - Stopping IPC Server listener on 0
2022-07-02 07:24:59,840 [IPC Server Responder] INFO  ipc.Server (Server.java:run(1512)) - Stopping IPC Server Responder
2022-07-02 07:24:59,922 [SCM Heartbeat Processing Thread - 0] WARN  node.NodeStateManager (NodeStateManager.java:scheduleNextHealthCheck(870)) - Current Thread is interrupted, shutting down HB processing thread for Node Manager.
2022-07-02 07:24:59,922 [Listener at 127.0.0.1/38259] INFO  server.StorageContainerManager (StorageContainerManager.java:stop(1550)) - Stopping block service RPC server
2022-07-02 07:24:59,922 [Listener at 127.0.0.1/38259] INFO  server.SCMBlockProtocolServer (SCMBlockProtocolServer.java:stop(160)) - Stopping the RPC server for Block Protocol
2022-07-02 07:24:59,922 [Listener at 127.0.0.1/38259] INFO  ipc.Server (Server.java:stop(3414)) - Stopping server on 36837
2022-07-02 07:24:59,940 [Listener at 127.0.0.1/38259] INFO  server.StorageContainerManager (StorageContainerManager.java:stop(1557)) - Stopping the StorageContainerLocationProtocol RPC server
2022-07-02 07:24:59,940 [Listener at 127.0.0.1/38259] INFO  server.SCMClientProtocolServer (SCMClientProtocolServer.java:stop(178)) - Stopping the RPC server for Client Protocol
2022-07-02 07:24:59,940 [Listener at 127.0.0.1/38259] INFO  ipc.Server (Server.java:stop(3414)) - Stopping server on 33849
2022-07-02 07:24:59,940 [IPC Server Responder] INFO  ipc.Server (Server.java:run(1512)) - Stopping IPC Server Responder
2022-07-02 07:24:59,944 [IPC Server listener on 0] INFO  ipc.Server (Server.java:run(1376)) - Stopping IPC Server listener on 0
2022-07-02 07:24:59,947 [IPC Server Responder] INFO  ipc.Server (Server.java:run(1512)) - Stopping IPC Server Responder
2022-07-02 07:24:59,947 [Listener at 127.0.0.1/38259] INFO  server.StorageContainerManager (StorageContainerManager.java:stop(1564)) - Stopping Storage Container Manager HTTP server.
2022-07-02 07:24:59,948 [Listener at 127.0.0.1/38259] INFO  handler.ContextHandler (ContextHandler.java:doStop(1153)) - Stopped o.e.j.w.WebAppContext@78d10e03{scm,/,null,STOPPED}{file:/home/runner/work/ozone/ozone/hadoop-ozone/integration-test/target/test-classes/webapps/scm}
2022-07-02 07:24:59,948 [IPC Server listener on 0] INFO  ipc.Server (Server.java:run(1376)) - Stopping IPC Server listener on 0
2022-07-02 07:24:59,948 [Listener at 127.0.0.1/38259] INFO  server.AbstractConnector (AbstractConnector.java:doStop(381)) - Stopped ServerConnector@cc2089{HTTP/1.1, (http/1.1)}{0.0.0.0:0}
2022-07-02 07:24:59,948 [Listener at 127.0.0.1/38259] INFO  server.session (HouseKeeper.java:stopScavenging(149)) - node0 Stopped scavenging
2022-07-02 07:24:59,949 [Listener at 127.0.0.1/38259] INFO  handler.ContextHandler (ContextHandler.java:doStop(1153)) - Stopped o.e.j.s.ServletContextHandler@63c25f3a{static,/static,file:///home/runner/work/ozone/ozone/hadoop-ozone/integration-test/target/test-classes/webapps/static,STOPPED}
2022-07-02 07:24:59,949 [Listener at 127.0.0.1/38259] INFO  handler.ContextHandler (ContextHandler.java:doStop(1153)) - Stopped o.e.j.s.ServletContextHandler@7a084d61{logs,/logs,file:///home/runner/work/ozone/ozone/hadoop-ozone/integration-test/target/log,STOPPED}
2022-07-02 07:24:59,950 [Listener at 127.0.0.1/38259] INFO  server.StorageContainerManager (StorageContainerManager.java:stop(1575)) - Stopping Block Manager Service.
2022-07-02 07:24:59,950 [Listener at 127.0.0.1/38259] INFO  utils.BackgroundService (BackgroundService.java:shutdown(132)) - Shutting down service SCMBlockDeletingService
2022-07-02 07:24:59,950 [Listener at 127.0.0.1/38259] INFO  utils.BackgroundService (BackgroundService.java:shutdown(132)) - Shutting down service SCMBlockDeletingService
2022-07-02 07:24:59,953 [Listener at 127.0.0.1/38259] INFO  server.StorageContainerManager (StorageContainerManager.java:stop(1602)) - Stopping SCM Event Queue.
2022-07-02 07:24:59,972 [Listener at 127.0.0.1/38259] INFO  server.StorageContainerManager (StorageContainerManager.java:stop(1613)) - Stopping SCM HA services.
2022-07-02 07:24:59,972 [Listener at 127.0.0.1/38259] INFO  pipeline.BackgroundPipelineCreator (BackgroundPipelineCreator.java:stop(152)) - Stopping RatisPipelineUtilsThread.
2022-07-02 07:25:00,004 [RatisPipelineUtilsThread - 0] WARN  pipeline.BackgroundPipelineCreator (BackgroundPipelineCreator.java:run(179)) - RatisPipelineUtilsThread is interrupted.
2022-07-02 07:25:00,011 [BackgroundPipelineScrubberThread] WARN  BackgroundPipelineScrubber (BackgroundSCMService.java:run(110)) - BackgroundPipelineScrubber is interrupted, exit
2022-07-02 07:25:00,011 [Listener at 127.0.0.1/38259] INFO  BackgroundPipelineScrubber (BackgroundSCMService.java:stop(126)) - Stopping BackgroundPipelineScrubber Service.
2022-07-02 07:25:00,011 [Listener at 127.0.0.1/38259] INFO  server.StorageContainerManager (StorageContainerManager.java:stop(1623)) - Stopping SCM MetadataStore.
2022-07-02 07:25:00,014 [Listener at 127.0.0.1/38259] INFO  impl.MetricsSystemImpl (MetricsSystemImpl.java:stop(210)) - Stopping HddsDatanode metrics system...
2022-07-02 07:25:00,055 [prometheus] INFO  impl.MetricsSinkAdapter (MetricsSinkAdapter.java:publishMetricsFromQueue(141)) - prometheus thread interrupted.
2022-07-02 07:25:00,055 [Listener at 127.0.0.1/38259] INFO  impl.MetricsSystemImpl (MetricsSystemImpl.java:stop(216)) - HddsDatanode metrics system stopped.
2022-07-02 07:25:00,495 [Listener at 127.0.0.1/38259] WARN  server.ServerUtils (ServerUtils.java:getScmDbDir(148)) - ozone.scm.db.dirs is not configured. We recommend adding this setting. Falling back to ozone.metadata.dirs instead.
2022-07-02 07:25:00,532 [Listener at 127.0.0.1/38259] WARN  server.ServerUtils (ServerUtils.java:getScmDbDir(148)) - ozone.scm.db.dirs is not configured. We recommend adding this setting. Falling back to ozone.metadata.dirs instead.
2022-07-02 07:25:00,553 [Listener at 127.0.0.1/38259] INFO  ha.SCMHANodeDetails (SCMHANodeDetails.java:loadSCMHAConfig(209)) - ServiceID for StorageContainerManager is null
2022-07-02 07:25:00,553 [Listener at 127.0.0.1/38259] INFO  ha.SCMHANodeDetails (SCMHANodeDetails.java:loadSCMHAConfig(214)) - ozone.scm.default.service.id is not defined, falling back to ozone.scm.service.ids to find serviceID for StorageContainerManager if it is HA enabled cluster
2022-07-02 07:25:00,554 [Listener at 127.0.0.1/38259] WARN  utils.HAUtils (HAUtils.java:getMetaDir(342)) - ozone.scm.db.dirs is not configured. We recommend adding this setting. Falling back to ozone.metadata.dirs instead.
2022-07-02 07:25:00,556 [Listener at 127.0.0.1/38259] WARN  db.DBStoreBuilder (DBStoreBuilder.java:applyDBDefinition(145)) - ozone.scm.db.dirs is not configured. We recommend adding this setting. Falling back to ozone.metadata.dirs instead.
2022-07-02 07:25:01,202 [Listener at 127.0.0.1/38259] INFO  net.NodeSchemaLoader (NodeSchemaLoader.java:loadSchemaFromFile(129)) - Loading schema from [jar:file:/home/runner/.m2/repository/org/apache/ozone/hdds-common/1.3.0-SNAPSHOT/hdds-common-1.3.0-SNAPSHOT.jar!/network-topology-default.xml]
2022-07-02 07:25:01,202 [Listener at 127.0.0.1/38259] INFO  net.NodeSchemaLoader (NodeSchemaLoader.java:loadSchema(176)) - Loading network topology layer schema file
2022-07-02 07:25:01,229 [Listener at 127.0.0.1/38259] WARN  impl.MetricRegistriesImpl (MetricRegistriesImpl.java:addReporterRegistration(111)) - New reporters are added after registries were created. Some metrics will be missing from the reporter. Please add reporter before adding any new registry.
2022-07-02 07:25:01,229 [Listener at 127.0.0.1/38259] WARN  impl.MetricRegistriesImpl (MetricRegistriesImpl.java:addReporterRegistration(111)) - New reporters are added after registries were created. Some metrics will be missing from the reporter. Please add reporter before adding any new registry.
2022-07-02 07:25:01,230 [Listener at 127.0.0.1/38259] INFO  upgrade.AbstractLayoutVersionManager (AbstractLayoutVersionManager.java:init(82)) - Initializing Layout version manager with metadata layout = DATANODE_SCHEMA_V3 (version = 4), software layout = DATANODE_SCHEMA_V3 (version = 4)
2022-07-02 07:25:01,555 [Listener at 127.0.0.1/38259] INFO  reflections.Reflections (Reflections.java:scan(232)) - Reflections took 317 ms to scan 7 urls, producing 132 keys and 317 values 
2022-07-02 07:25:01,556 [Listener at 127.0.0.1/38259] INFO  ha.SequenceIdGenerator (SequenceIdGenerator.java:upgradeToSequenceId(347)) - upgrade localId to 109611004723200000
2022-07-02 07:25:01,556 [Listener at 127.0.0.1/38259] INFO  ha.SequenceIdGenerator (SequenceIdGenerator.java:upgradeToSequenceId(357)) - upgrade delTxnId to 0
2022-07-02 07:25:01,557 [Listener at 127.0.0.1/38259] INFO  ha.SequenceIdGenerator (SequenceIdGenerator.java:upgradeToSequenceId(374)) - upgrade containerId to 0
2022-07-02 07:25:01,557 [Listener at 127.0.0.1/38259] INFO  ha.SequenceIdGenerator (SequenceIdGenerator.java:<init>(218)) - Init the HA SequenceIdGenerator.
2022-07-02 07:25:01,557 [Listener at 127.0.0.1/38259] WARN  server.ServerUtils (ServerUtils.java:sanitizeUserArgs(73)) - ozone.scm.stale.node.interval value = 300000 is larger than max = 100000 based on the key value of ozone.scm.heartbeat.thread.interval, reset to the max value 100000.
2022-07-02 07:25:01,557 [Listener at 127.0.0.1/38259] WARN  server.ServerUtils (ServerUtils.java:sanitizeUserArgs(73)) - ozone.scm.stale.node.interval value = 300000 is larger than max = 100000 based on the key value of ozone.scm.heartbeat.thread.interval, reset to the max value 100000.
2022-07-02 07:25:01,566 [Listener at 127.0.0.1/38259] INFO  node.SCMNodeManager (SCMNodeManager.java:<init>(149)) - Entering startup safe mode.
2022-07-02 07:25:01,567 [Listener at 127.0.0.1/38259] INFO  algorithms.ContainerPlacementPolicyFactory (ContainerPlacementPolicyFactory.java:getPolicyInternal(86)) - Create container placement policy of type org.apache.hadoop.hdds.scm.container.placement.algorithms.SCMContainerPlacementRandom
2022-07-02 07:25:01,567 [Listener at 127.0.0.1/38259] INFO  pipeline.PipelineStateManagerImpl (PipelineStateManagerImpl.java:initialize(78)) - No pipeline exists in current db
2022-07-02 07:25:01,567 [Listener at 127.0.0.1/38259] INFO  algorithms.LeaderChoosePolicyFactory (LeaderChoosePolicyFactory.java:getPolicy(57)) - Create leader choose policy of type org.apache.hadoop.hdds.scm.pipeline.leader.choose.algorithms.MinLeaderCountChoosePolicy
2022-07-02 07:25:01,567 [Listener at 127.0.0.1/38259] INFO  algorithms.ContainerPlacementPolicyFactory (ContainerPlacementPolicyFactory.java:getPolicyInternal(86)) - Create container placement policy of type org.apache.hadoop.hdds.scm.container.placement.algorithms.SCMContainerPlacementRackScatter
2022-07-02 07:25:01,568 [Listener at 127.0.0.1/38259] INFO  pipeline.BackgroundPipelineCreator (BackgroundPipelineCreator.java:start(127)) - Starting RatisPipelineUtilsThread.
2022-07-02 07:25:01,568 [Listener at 127.0.0.1/38259] INFO  BackgroundPipelineScrubber (BackgroundSCMService.java:start(68)) - Starting BackgroundPipelineScrubber Service.
2022-07-02 07:25:01,568 [Listener at 127.0.0.1/38259] INFO  ha.SCMServiceManager (SCMServiceManager.java:register(42)) - Registering service BackgroundPipelineCreator.
2022-07-02 07:25:01,568 [Listener at 127.0.0.1/38259] INFO  ha.SCMServiceManager (SCMServiceManager.java:register(42)) - Registering service BackgroundPipelineScrubber.
2022-07-02 07:25:01,568 [Listener at 127.0.0.1/38259] INFO  ExpiredContainerReplicaOpScrubber (BackgroundSCMService.java:start(68)) - Starting ExpiredContainerReplicaOpScrubber Service.
2022-07-02 07:25:01,569 [Listener at 127.0.0.1/38259] INFO  ha.SCMServiceManager (SCMServiceManager.java:register(42)) - Registering service ExpiredContainerReplicaOpScrubber.
2022-07-02 07:25:01,570 [Listener at 127.0.0.1/38259] INFO  algorithms.PipelineChoosePolicyFactory (PipelineChoosePolicyFactory.java:createPipelineChoosePolicyFromClass(73)) - Create pipeline choose policy of type org.apache.hadoop.hdds.scm.pipeline.choose.algorithms.RandomPipelineChoosePolicy
2022-07-02 07:25:01,570 [Listener at 127.0.0.1/38259] INFO  ha.SCMServiceManager (SCMServiceManager.java:register(42)) - Registering service SCMBlockDeletingService.
2022-07-02 07:25:01,571 [Listener at 127.0.0.1/38259] INFO  replication.ReplicationManager (ReplicationManager.java:start(179)) - Starting Replication Monitor Thread.
2022-07-02 07:25:01,571 [Listener at 127.0.0.1/38259] INFO  ha.SCMServiceManager (SCMServiceManager.java:register(42)) - Registering service ReplicationManager.
2022-07-02 07:25:01,572 [Listener at 127.0.0.1/38259] INFO  safemode.ContainerSafeModeRule (ContainerSafeModeRule.java:<init>(89)) - containers with one replica threshold count 0
2022-07-02 07:25:01,572 [Listener at 127.0.0.1/38259] INFO  safemode.HealthyPipelineSafeModeRule (HealthyPipelineSafeModeRule.java:initializeRule(156)) - Total pipeline count is 0, healthy pipeline threshold count is 1
2022-07-02 07:25:01,572 [Listener at 127.0.0.1/38259] INFO  safemode.OneReplicaPipelineSafeModeRule (OneReplicaPipelineSafeModeRule.java:initializeRule(180)) - Total pipeline count is 0, pipeline's with at least one datanode reported threshold count is 0
2022-07-02 07:25:01,573 [Listener at 127.0.0.1/38259] INFO  ipc.CallQueueManager (CallQueueManager.java:<init>(90)) - Using callQueue: class java.util.concurrent.LinkedBlockingQueue, queueCapacity: 2000, scheduler: class org.apache.hadoop.ipc.DefaultRpcScheduler, ipcBackoff: false.
2022-07-02 07:25:01,574 [Socket Reader #1 for port 0] INFO  ipc.Server (Server.java:run(1265)) - Starting Socket Reader #1 for port 0
2022-07-02 07:25:01,575 [Listener at 0.0.0.0/36909] INFO  ipc.CallQueueManager (CallQueueManager.java:<init>(90)) - Using callQueue: class java.util.concurrent.LinkedBlockingQueue, queueCapacity: 2000, scheduler: class org.apache.hadoop.ipc.DefaultRpcScheduler, ipcBackoff: false.
2022-07-02 07:25:01,575 [Socket Reader #1 for port 0] INFO  ipc.Server (Server.java:run(1265)) - Starting Socket Reader #1 for port 0
2022-07-02 07:25:01,577 [ReplicationMonitor] INFO  replication.ReplicationManager (ReplicationManager.java:processAll(228)) - Replication Manager is not ready to run until 3000ms after safemode exit
2022-07-02 07:25:01,588 [Listener at 0.0.0.0/38501] INFO  ipc.CallQueueManager (CallQueueManager.java:<init>(90)) - Using callQueue: class java.util.concurrent.LinkedBlockingQueue, queueCapacity: 2000, scheduler: class org.apache.hadoop.ipc.DefaultRpcScheduler, ipcBackoff: false.
2022-07-02 07:25:01,613 [Socket Reader #1 for port 0] INFO  ipc.Server (Server.java:run(1265)) - Starting Socket Reader #1 for port 0
2022-07-02 07:25:01,746 [Listener at 0.0.0.0/34443] INFO  ha.SCMServiceManager (SCMServiceManager.java:register(42)) - Registering service ContainerBalancer.
2022-07-02 07:25:01,747 [Listener at 0.0.0.0/34443] INFO  server.StorageContainerManager (StorageContainerManager.java:<init>(401)) - 
Container Balancer status:
Key                            Value
Running                        false
Container Balancer Configuration values:
Key                                                Value
Threshold                                          10
Max Datanodes to Involve per Iteration(percent)    20
Max Size to Move per Iteration                     500GB
Max Size Entering Target per Iteration             26GB
Max Size Leaving Source per Iteration              26GB

2022-07-02 07:25:01,747 [Listener at 0.0.0.0/34443] WARN  events.EventQueue (EventQueue.java:fireEvent(216)) - No event handler registered for event TypedEvent{payloadType=SafeModeStatus, name='Safe mode status'}
2022-07-02 07:25:01,747 [Listener at 0.0.0.0/34443] INFO  ha.SCMContext (SCMContext.java:updateSafeModeStatus(228)) - Update SafeModeStatus from SafeModeStatus{safeModeStatus=true, preCheckPassed=false} to SafeModeStatus{safeModeStatus=true, preCheckPassed=false}.
2022-07-02 07:25:01,747 [Listener at 0.0.0.0/34443] INFO  server.StorageContainerManager (StorageContainerManager.java:start(1422)) - StorageContainerLocationProtocol RPC server is listening at /0.0.0.0:34443
2022-07-02 07:25:01,774 [Listener at 0.0.0.0/34443] WARN  impl.MetricsConfig (MetricsConfig.java:loadFirst(136)) - Cannot locate configuration: tried hadoop-metrics2-storagecontainermanager.properties,hadoop-metrics2.properties
2022-07-02 07:25:01,809 [Listener at 0.0.0.0/34443] INFO  impl.MetricsSystemImpl (MetricsSystemImpl.java:startTimer(378)) - Scheduled Metric snapshot period at 10 second(s).
2022-07-02 07:25:01,809 [Listener at 0.0.0.0/34443] INFO  impl.MetricsSystemImpl (MetricsSystemImpl.java:start(191)) - StorageContainerManager metrics system started
2022-07-02 07:25:01,939 [Listener at 0.0.0.0/34443] INFO  impl.MetricsSinkAdapter (MetricsSinkAdapter.java:start(204)) - Sink prometheus started
2022-07-02 07:25:01,939 [Listener at 0.0.0.0/34443] INFO  impl.MetricsSystemImpl (MetricsSystemImpl.java:registerSink(305)) - Registered sink prometheus
2022-07-02 07:25:02,066 [Listener at 0.0.0.0/34443] INFO  server.SCMClientProtocolServer (SCMClientProtocolServer.java:start(169)) - RPC server for Client  is listening at /0.0.0.0:34443
2022-07-02 07:25:02,067 [IPC Server Responder] INFO  ipc.Server (Server.java:run(1507)) - IPC Server Responder: starting
2022-07-02 07:25:02,067 [IPC Server listener on 0] INFO  ipc.Server (Server.java:run(1344)) - IPC Server listener on 0: starting
2022-07-02 07:25:02,068 [Listener at 0.0.0.0/34443] INFO  server.StorageContainerManager (StorageContainerManager.java:start(1437)) - ScmBlockLocationProtocol RPC server is listening at /0.0.0.0:38501
2022-07-02 07:25:02,069 [Listener at 0.0.0.0/34443] INFO  server.SCMBlockProtocolServer (SCMBlockProtocolServer.java:start(151)) - RPC server for Block Protocol is listening at /0.0.0.0:38501
2022-07-02 07:25:02,069 [IPC Server Responder] INFO  ipc.Server (Server.java:run(1507)) - IPC Server Responder: starting
2022-07-02 07:25:02,069 [IPC Server listener on 0] INFO  ipc.Server (Server.java:run(1344)) - IPC Server listener on 0: starting
2022-07-02 07:25:02,071 [Listener at 0.0.0.0/34443] INFO  server.SCMDatanodeProtocolServer (SCMDatanodeProtocolServer.java:start(185)) - ScmDatanodeProtocol RPC server for DataNodes is listening at /0.0.0.0:36909
2022-07-02 07:25:02,071 [IPC Server Responder] INFO  ipc.Server (Server.java:run(1507)) - IPC Server Responder: starting
2022-07-02 07:25:02,071 [IPC Server listener on 0] INFO  ipc.Server (Server.java:run(1344)) - IPC Server listener on 0: starting
2022-07-02 07:25:02,256 [org.apache.hadoop.util.JvmPauseMonitor$Monitor@4d38de02] INFO  util.JvmPauseMonitor (JvmPauseMonitor.java:run(188)) - Starting JVM pause monitor
2022-07-02 07:25:02,260 [Listener at 0.0.0.0/34443] INFO  http.BaseHttpServer (BaseHttpServer.java:newHttpServer2BuilderForOzone(209)) - Starting Web-server for scm at: http://0.0.0.0:0
2022-07-02 07:25:02,260 [Listener at 0.0.0.0/34443] INFO  http.BaseHttpServer (BaseHttpServer.java:<init>(107)) - Hadoop Security Enabled: false Ozone Security Enabled: false Ozone HTTP Security Enabled: false 
2022-07-02 07:25:02,262 [Listener at 0.0.0.0/34443] INFO  server.AuthenticationFilter (AuthenticationFilter.java:constructSecretProvider(240)) - Unable to initialize FileSignerSecretProvider, falling back to use random secrets.
2022-07-02 07:25:02,262 [Listener at 0.0.0.0/34443] WARN  http.HttpRequestLog (HttpRequestLog.java:getRequestLog(103)) - Jetty request log can only be enabled using Log4j
2022-07-02 07:25:02,263 [Listener at 0.0.0.0/34443] INFO  http.HttpServer2 (HttpServer2.java:addGlobalFilter(1029)) - Added global filter 'safety' (class=org.apache.hadoop.hdds.server.http.HttpServer2$QuotingInputFilter)
2022-07-02 07:25:02,264 [Listener at 0.0.0.0/34443] INFO  http.HttpServer2 (HttpServer2.java:addFilter(1005)) - Added filter static_user_filter (class=org.apache.hadoop.http.lib.StaticUserWebFilter$StaticUserFilter) to context scm
2022-07-02 07:25:02,264 [Listener at 0.0.0.0/34443] INFO  http.HttpServer2 (HttpServer2.java:addFilter(1013)) - Added filter static_user_filter (class=org.apache.hadoop.http.lib.StaticUserWebFilter$StaticUserFilter) to context static
2022-07-02 07:25:02,264 [Listener at 0.0.0.0/34443] INFO  http.HttpServer2 (HttpServer2.java:addFilter(1013)) - Added filter static_user_filter (class=org.apache.hadoop.http.lib.StaticUserWebFilter$StaticUserFilter) to context logs
2022-07-02 07:25:02,265 [Listener at 0.0.0.0/34443] INFO  http.HttpServer2 (HttpServer2.java:bindListener(1248)) - Jetty bound to port 35555
2022-07-02 07:25:02,265 [Listener at 0.0.0.0/34443] INFO  server.Server (Server.java:doStart(375)) - jetty-9.4.43.v20210629; built: 2021-06-30T11:07:22.254Z; git: 526006ecfa3af7f1a27ef3a288e2bef7ea9dd7e8; jvm 1.8.0_332-b09
2022-07-02 07:25:02,272 [Listener at 0.0.0.0/34443] INFO  server.session (DefaultSessionIdManager.java:doStart(334)) - DefaultSessionIdManager workerName=node0
2022-07-02 07:25:02,272 [Listener at 0.0.0.0/34443] INFO  server.session (DefaultSessionIdManager.java:doStart(339)) - No SessionScavenger set, using defaults
2022-07-02 07:25:02,272 [Listener at 0.0.0.0/34443] INFO  server.session (HouseKeeper.java:startScavenging(132)) - node0 Scavenging every 660000ms
2022-07-02 07:25:02,277 [Listener at 0.0.0.0/34443] INFO  handler.ContextHandler (ContextHandler.java:doStart(915)) - Started o.e.j.s.ServletContextHandler@6a96d1{logs,/logs,file:///home/runner/work/ozone/ozone/hadoop-ozone/integration-test/target/log,AVAILABLE}
2022-07-02 07:25:02,277 [Listener at 0.0.0.0/34443] INFO  handler.ContextHandler (ContextHandler.java:doStart(915)) - Started o.e.j.s.ServletContextHandler@cdfa38a{static,/static,file:///home/runner/work/ozone/ozone/hadoop-ozone/integration-test/target/test-classes/webapps/static,AVAILABLE}
2022-07-02 07:25:02,280 [Listener at 0.0.0.0/34443] INFO  handler.ContextHandler (ContextHandler.java:doStart(915)) - Started o.e.j.w.WebAppContext@76111797{scm,/,file:///home/runner/work/ozone/ozone/hadoop-ozone/integration-test/target/test-classes/webapps/scm/,AVAILABLE}{file:/home/runner/work/ozone/ozone/hadoop-ozone/integration-test/target/test-classes/webapps/scm}
2022-07-02 07:25:02,293 [Listener at 0.0.0.0/34443] INFO  server.AbstractConnector (AbstractConnector.java:doStart(331)) - Started ServerConnector@e549c60{HTTP/1.1, (http/1.1)}{0.0.0.0:35555}
2022-07-02 07:25:02,293 [Listener at 0.0.0.0/34443] INFO  server.Server (Server.java:doStart(415)) - Started @328903ms
2022-07-02 07:25:02,293 [Listener at 0.0.0.0/34443] WARN  impl.MetricsSystemImpl (MetricsSystemImpl.java:register(279)) - Sink prometheus already exists!
2022-07-02 07:25:02,300 [Listener at 0.0.0.0/34443] INFO  http.BaseHttpServer (BaseHttpServer.java:updateConnectorAddress(329)) - HTTP server of scm listening at http://0.0.0.0:35555
2022-07-02 07:25:02,300 [Listener at 0.0.0.0/34443] WARN  server.ServerUtils (ServerUtils.java:getDBPath(225)) - ozone.om.db.dirs is not configured. We recommend adding this setting. Falling back to ozone.metadata.dirs instead.
2022-07-02 07:25:02,305 [Listener at 0.0.0.0/34443] INFO  ha.OMHANodeDetails (OMHANodeDetails.java:loadOMHAConfig(115)) - ozone.om.internal.service.id is not defined, falling back to ozone.om.service.ids to find serviceID for OzoneManager if it is HA enabled cluster
2022-07-02 07:25:02,305 [Listener at 0.0.0.0/34443] INFO  ha.OMHANodeDetails (OMHANodeDetails.java:loadOMHAConfig(226)) - Configuration does not have ozone.om.address set. Falling back to the default OM address /127.0.0.1:0
2022-07-02 07:25:02,305 [Listener at 0.0.0.0/34443] INFO  ha.OMHANodeDetails (OMHANodeDetails.java:getOMNodeDetailsForNonHA(254)) - OM Service ID is not set. Setting it to the default ID: omServiceIdDefault
2022-07-02 07:25:02,305 [Listener at 0.0.0.0/34443] INFO  ha.OMHANodeDetails (OMHANodeDetails.java:getOMNodeDetailsForNonHA(261)) - OM Node ID is not set. Setting it to the default ID: om1
2022-07-02 07:25:02,305 [Listener at 0.0.0.0/34443] WARN  server.ServerUtils (ServerUtils.java:getDBPath(225)) - ozone.om.db.dirs is not configured. We recommend adding this setting. Falling back to ozone.metadata.dirs instead.
2022-07-02 07:25:02,306 [Listener at 0.0.0.0/34443] INFO  upgrade.AbstractLayoutVersionManager (AbstractLayoutVersionManager.java:init(82)) - Initializing Layout version manager with metadata layout = MULTITENANCY_SCHEMA (version = 3), software layout = MULTITENANCY_SCHEMA (version = 3)
2022-07-02 07:25:02,590 [Listener at 0.0.0.0/34443] INFO  reflections.Reflections (Reflections.java:scan(232)) - Reflections took 283 ms to scan 2 urls, producing 153 keys and 430 values [using 2 cores]
2022-07-02 07:25:02,590 [Listener at 0.0.0.0/34443] INFO  upgrade.OMLayoutVersionManager (OMLayoutVersionManager.java:lambda$0(115)) - Skipping Upgrade Action MockOmUpgradeAction since it has been finalized.
2022-07-02 07:25:02,591 [Listener at 0.0.0.0/34443] WARN  server.ServerUtils (ServerUtils.java:getDBPath(225)) - ozone.om.db.dirs is not configured. We recommend adding this setting. Falling back to ozone.metadata.dirs instead.
2022-07-02 07:25:02,591 [Listener at 0.0.0.0/34443] INFO  proxy.SCMBlockLocationFailoverProxyProvider (SCMBlockLocationFailoverProxyProvider.java:<init>(114)) - Created block location fail-over proxy with 1 nodes: [nodeId=scmNodeId,nodeAddress=/0.0.0.0:38501]
2022-07-02 07:25:02,593 [Listener at 0.0.0.0/34443] INFO  proxy.SCMBlockLocationFailoverProxyProvider (SCMBlockLocationFailoverProxyProvider.java:<init>(114)) - Created block location fail-over proxy with 1 nodes: [nodeId=scmNodeId,nodeAddress=/0.0.0.0:38501]
2022-07-02 07:25:02,641 [Listener at 0.0.0.0/34443] WARN  server.ServerUtils (ServerUtils.java:getDBPath(225)) - ozone.om.db.dirs is not configured. We recommend adding this setting. Falling back to ozone.metadata.dirs instead.
2022-07-02 07:25:02,642 [Listener at 0.0.0.0/34443] INFO  codec.OmKeyInfoCodec (OmKeyInfoCodec.java:<init>(49)) - OmKeyInfoCodec ignorePipeline = true
2022-07-02 07:25:02,642 [Listener at 0.0.0.0/34443] INFO  codec.RepeatedOmKeyInfoCodec (RepeatedOmKeyInfoCodec.java:<init>(41)) - RepeatedOmKeyInfoCodec ignorePipeline = true
2022-07-02 07:25:03,697 [Listener at 0.0.0.0/34443] INFO  om.OzoneManager (OzoneManager.java:instantiateServices(692)) - S3 Multi-Tenancy is disabled
2022-07-02 07:25:03,862 [Listener at 0.0.0.0/34443] INFO  om.OzoneManager (OzoneManager.java:addS3GVolumeToDB(4259)) - Created Volume s3v With Owner runner required for S3Gateway operations.
2022-07-02 07:25:03,863 [Listener at 0.0.0.0/34443] INFO  om.OzoneManager (OzoneManager.java:getRpcServer(1081)) - Creating RPC Server
2022-07-02 07:25:05,368 [Listener at 0.0.0.0/34443] INFO  reflections.Reflections (Reflections.java:scan(232)) - Reflections took 1504 ms to scan 19 urls, producing 66 keys and 4088 values [using 2 cores]
2022-07-02 07:25:05,369 [Listener at 0.0.0.0/34443] INFO  ipc.CallQueueManager (CallQueueManager.java:<init>(90)) - Using callQueue: class java.util.concurrent.LinkedBlockingQueue, queueCapacity: 2000, scheduler: class org.apache.hadoop.ipc.DefaultRpcScheduler, ipcBackoff: false.
2022-07-02 07:25:05,370 [Socket Reader #1 for port 0] INFO  ipc.Server (Server.java:run(1265)) - Starting Socket Reader #1 for port 0
2022-07-02 07:25:05,510 [Listener at 127.0.0.1/43657] INFO  impl.MetricsSystemImpl (MetricsSystemImpl.java:init(158)) - OzoneManager metrics system started (again)
2022-07-02 07:25:05,552 [Listener at 127.0.0.1/43657] INFO  om.OzoneManager (OzoneManager.java:start(1465)) - OzoneManager RPC server is listening at localhost/127.0.0.1:43657
2022-07-02 07:25:05,552 [Listener at 127.0.0.1/43657] INFO  om.OzoneManager (OzoneManager.java:start(1481)) - Version File has different layout version (3) than OM DB (null). That is expected if this OM has never been finalized to a newer layout version.
2022-07-02 07:25:05,588 [Listener at 127.0.0.1/43657] INFO  http.BaseHttpServer (BaseHttpServer.java:newHttpServer2BuilderForOzone(209)) - Starting Web-server for ozoneManager at: http://0.0.0.0:0
2022-07-02 07:25:05,589 [Listener at 127.0.0.1/43657] INFO  http.BaseHttpServer (BaseHttpServer.java:<init>(107)) - Hadoop Security Enabled: false Ozone Security Enabled: false Ozone HTTP Security Enabled: false 
2022-07-02 07:25:05,590 [Listener at 127.0.0.1/43657] INFO  server.AuthenticationFilter (AuthenticationFilter.java:constructSecretProvider(240)) - Unable to initialize FileSignerSecretProvider, falling back to use random secrets.
2022-07-02 07:25:05,590 [Listener at 127.0.0.1/43657] WARN  http.HttpRequestLog (HttpRequestLog.java:getRequestLog(103)) - Jetty request log can only be enabled using Log4j
2022-07-02 07:25:05,647 [Listener at 127.0.0.1/43657] INFO  http.HttpServer2 (HttpServer2.java:addGlobalFilter(1029)) - Added global filter 'safety' (class=org.apache.hadoop.hdds.server.http.HttpServer2$QuotingInputFilter)
2022-07-02 07:25:05,648 [Listener at 127.0.0.1/43657] INFO  http.HttpServer2 (HttpServer2.java:addFilter(1005)) - Added filter static_user_filter (class=org.apache.hadoop.http.lib.StaticUserWebFilter$StaticUserFilter) to context ozoneManager
2022-07-02 07:25:05,652 [Listener at 127.0.0.1/43657] INFO  http.HttpServer2 (HttpServer2.java:addFilter(1013)) - Added filter static_user_filter (class=org.apache.hadoop.http.lib.StaticUserWebFilter$StaticUserFilter) to context logs
2022-07-02 07:25:05,653 [Listener at 127.0.0.1/43657] INFO  http.HttpServer2 (HttpServer2.java:addFilter(1013)) - Added filter static_user_filter (class=org.apache.hadoop.http.lib.StaticUserWebFilter$StaticUserFilter) to context static
2022-07-02 07:25:05,653 [Listener at 127.0.0.1/43657] INFO  http.HttpServer2 (HttpServer2.java:bindListener(1248)) - Jetty bound to port 39875
2022-07-02 07:25:05,653 [Listener at 127.0.0.1/43657] INFO  server.Server (Server.java:doStart(375)) - jetty-9.4.43.v20210629; built: 2021-06-30T11:07:22.254Z; git: 526006ecfa3af7f1a27ef3a288e2bef7ea9dd7e8; jvm 1.8.0_332-b09
2022-07-02 07:25:05,718 [Listener at 127.0.0.1/43657] INFO  server.session (DefaultSessionIdManager.java:doStart(334)) - DefaultSessionIdManager workerName=node0
2022-07-02 07:25:05,718 [Listener at 127.0.0.1/43657] INFO  server.session (DefaultSessionIdManager.java:doStart(339)) - No SessionScavenger set, using defaults
2022-07-02 07:25:05,719 [Listener at 127.0.0.1/43657] INFO  server.session (HouseKeeper.java:startScavenging(132)) - node0 Scavenging every 600000ms
2022-07-02 07:25:05,719 [Listener at 127.0.0.1/43657] INFO  handler.ContextHandler (ContextHandler.java:doStart(915)) - Started o.e.j.s.ServletContextHandler@d101743{logs,/logs,file:///home/runner/work/ozone/ozone/hadoop-ozone/integration-test/target/log,AVAILABLE}
2022-07-02 07:25:05,720 [Listener at 127.0.0.1/43657] INFO  handler.ContextHandler (ContextHandler.java:doStart(915)) - Started o.e.j.s.ServletContextHandler@52016248{static,/static,file:///home/runner/work/ozone/ozone/hadoop-ozone/integration-test/target/test-classes/webapps/static,AVAILABLE}
2022-07-02 07:25:05,723 [Listener at 127.0.0.1/43657] INFO  handler.ContextHandler (ContextHandler.java:doStart(915)) - Started o.e.j.w.WebAppContext@33bfa37a{ozoneManager,/,file:///home/runner/work/ozone/ozone/hadoop-ozone/integration-test/target/test-classes/webapps/ozoneManager/,AVAILABLE}{file:/home/runner/work/ozone/ozone/hadoop-ozone/integration-test/target/test-classes/webapps/ozoneManager}
2022-07-02 07:25:05,800 [Listener at 127.0.0.1/43657] INFO  server.AbstractConnector (AbstractConnector.java:doStart(331)) - Started ServerConnector@4cb1f018{HTTP/1.1, (http/1.1)}{0.0.0.0:39875}
2022-07-02 07:25:05,800 [Listener at 127.0.0.1/43657] INFO  server.Server (Server.java:doStart(415)) - Started @332410ms
2022-07-02 07:25:05,801 [Listener at 127.0.0.1/43657] WARN  impl.MetricsSystemImpl (MetricsSystemImpl.java:register(279)) - Sink prometheus already exists!
2022-07-02 07:25:05,802 [Listener at 127.0.0.1/43657] INFO  http.BaseHttpServer (BaseHttpServer.java:updateConnectorAddress(329)) - HTTP server of ozoneManager listening at http://0.0.0.0:39875
2022-07-02 07:25:05,828 [IPC Server Responder] INFO  ipc.Server (Server.java:run(1507)) - IPC Server Responder: starting
2022-07-02 07:25:05,876 [IPC Server listener on 0] INFO  ipc.Server (Server.java:run(1344)) - IPC Server listener on 0: starting
2022-07-02 07:25:05,959 [Listener at 127.0.0.1/43657] INFO  om.TrashPolicyOzone (TrashPolicyOzone.java:<init>(178)) - Ozone Manager trash configuration: Deletion interval = 0 minutes, Emptier interval = 0 minutes.
2022-07-02 07:25:06,001 [org.apache.hadoop.util.JvmPauseMonitor$Monitor@1d60919f] INFO  util.JvmPauseMonitor (JvmPauseMonitor.java:run(188)) - Starting JVM pause monitor
2022-07-02 07:25:06,053 [Listener at 127.0.0.1/43657] WARN  impl.MetricRegistriesImpl (MetricRegistriesImpl.java:addReporterRegistration(111)) - New reporters are added after registries were created. Some metrics will be missing from the reporter. Please add reporter before adding any new registry.
2022-07-02 07:25:06,053 [Listener at 127.0.0.1/43657] WARN  impl.MetricRegistriesImpl (MetricRegistriesImpl.java:addReporterRegistration(111)) - New reporters are added after registries were created. Some metrics will be missing from the reporter. Please add reporter before adding any new registry.
2022-07-02 07:25:06,053 [Listener at 127.0.0.1/43657] INFO  impl.MetricsSystemImpl (MetricsSystemImpl.java:init(158)) - HddsDatanode metrics system started (again)
2022-07-02 07:25:06,113 [Listener at 127.0.0.1/43657] INFO  ozone.HddsDatanodeService (HddsDatanodeService.java:start(236)) - HddsDatanodeService host:fv-az444-838.dthhdds2jluu1c0oa55ndv1hsg.dx.internal.cloudapp.net ip:10.1.0.20
2022-07-02 07:25:06,206 [Listener at 127.0.0.1/43657] INFO  upgrade.AbstractLayoutVersionManager (AbstractLayoutVersionManager.java:init(82)) - Initializing Layout version manager with metadata layout = DATANODE_SCHEMA_V3 (version = 4), software layout = DATANODE_SCHEMA_V3 (version = 4)
2022-07-02 07:25:06,341 [Listener at 127.0.0.1/43657] INFO  reflections.Reflections (Reflections.java:scan(232)) - Reflections took 132 ms to scan 7 urls, producing 132 keys and 317 values 
2022-07-02 07:25:06,342 [Listener at 127.0.0.1/43657] INFO  statemachine.DatanodeStateMachine (DatanodeStateMachine.java:getEndPointTaskThreadPoolSize(237)) - Datanode State Machine Task Thread Pool size 2
2022-07-02 07:25:06,352 [Listener at 127.0.0.1/43657] INFO  volume.HddsVolume (HddsVolume.java:<init>(116)) - Creating HddsVolume: /home/runner/work/ozone/ozone/hadoop-ozone/integration-test/target/test-dir/MiniOzoneClusterImpl-61754a76-b51f-4318-8597-8262e590efb7/datanode-0/data-0/containers/hdds of storage type : DISK capacity : 9223372036854775807
2022-07-02 07:25:06,353 [Listener at 127.0.0.1/43657] INFO  volume.MutableVolumeSet (MutableVolumeSet.java:initializeVolumeSet(174)) - Added Volume : /home/runner/work/ozone/ozone/hadoop-ozone/integration-test/target/test-dir/MiniOzoneClusterImpl-61754a76-b51f-4318-8597-8262e590efb7/datanode-0/data-0/containers/hdds to VolumeSet
2022-07-02 07:25:06,353 [Listener at 127.0.0.1/43657] INFO  volume.ThrottledAsyncChecker (ThrottledAsyncChecker.java:schedule(141)) - Scheduling a check for /home/runner/work/ozone/ozone/hadoop-ozone/integration-test/target/test-dir/MiniOzoneClusterImpl-61754a76-b51f-4318-8597-8262e590efb7/datanode-0/data-0/containers/hdds
2022-07-02 07:25:06,354 [Listener at 127.0.0.1/43657] INFO  volume.StorageVolumeChecker (StorageVolumeChecker.java:checkAllVolumes(202)) - Scheduled health check for volume /home/runner/work/ozone/ozone/hadoop-ozone/integration-test/target/test-dir/MiniOzoneClusterImpl-61754a76-b51f-4318-8597-8262e590efb7/datanode-0/data-0/containers/hdds
2022-07-02 07:25:06,375 [Listener at 127.0.0.1/43657] INFO  volume.MutableVolumeSet (MutableVolumeSet.java:initializeVolumeSet(174)) - Added Volume : /home/runner/work/ozone/ozone/hadoop-ozone/integration-test/target/test-dir/MiniOzoneClusterImpl-61754a76-b51f-4318-8597-8262e590efb7/datanode-0/data/ratis to VolumeSet
2022-07-02 07:25:06,388 [Listener at 127.0.0.1/43657] INFO  volume.ThrottledAsyncChecker (ThrottledAsyncChecker.java:schedule(141)) - Scheduling a check for /home/runner/work/ozone/ozone/hadoop-ozone/integration-test/target/test-dir/MiniOzoneClusterImpl-61754a76-b51f-4318-8597-8262e590efb7/datanode-0/data/ratis
2022-07-02 07:25:06,388 [Listener at 127.0.0.1/43657] INFO  volume.StorageVolumeChecker (StorageVolumeChecker.java:checkAllVolumes(202)) - Scheduled health check for volume /home/runner/work/ozone/ozone/hadoop-ozone/integration-test/target/test-dir/MiniOzoneClusterImpl-61754a76-b51f-4318-8597-8262e590efb7/datanode-0/data/ratis
2022-07-02 07:25:06,444 [Thread-2201] INFO  ozoneimpl.ContainerReader (ContainerReader.java:readVolume(172)) - Finish verifying containers on volume /home/runner/work/ozone/ozone/hadoop-ozone/integration-test/target/test-dir/MiniOzoneClusterImpl-61754a76-b51f-4318-8597-8262e590efb7/datanode-0/data-0/containers/hdds
2022-07-02 07:25:06,444 [Listener at 127.0.0.1/43657] INFO  ozoneimpl.OzoneContainer (OzoneContainer.java:buildContainerSet(266)) - Build ContainerSet costs 0s
2022-07-02 07:25:06,446 [Listener at 127.0.0.1/43657] INFO  server.RaftServer (ConfUtils.java:logGet(46)) - raft.rpc.type = GRPC (default)
2022-07-02 07:25:06,446 [Listener at 127.0.0.1/43657] INFO  grpc.GrpcFactory (GrpcFactory.java:checkPooledByteBufAllocatorUseCacheForAllThreads(48)) - PERFORMANCE WARNING: useCacheForAllThreads is true that may cause Netty to create a lot garbage objects and, as a result, trigger GC.
	It is recommended to disable useCacheForAllThreads by setting -Dorg.apache.ratis.thirdparty.io.netty.allocator.useCacheForAllThreads=false in command line.
2022-07-02 07:25:06,446 [Listener at 127.0.0.1/43657] INFO  grpc.GrpcConfigKeys (ConfUtils.java:logGet(46)) - raft.grpc.admin.port = 0 (custom)
2022-07-02 07:25:06,446 [Listener at 127.0.0.1/43657] INFO  grpc.GrpcConfigKeys (ConfUtils.java:logGet(46)) - raft.grpc.client.port = 0 (custom)
2022-07-02 07:25:06,446 [Listener at 127.0.0.1/43657] INFO  grpc.GrpcConfigKeys (ConfUtils.java:logGet(46)) - raft.grpc.server.port = 0 (default)
2022-07-02 07:25:06,446 [Listener at 127.0.0.1/43657] INFO  server.GrpcService (ConfUtils.java:logGet(46)) - raft.grpc.message.size.max = 32MB (=33554432) (custom)
2022-07-02 07:25:06,446 [Listener at 127.0.0.1/43657] INFO  server.RaftServerConfigKeys (ConfUtils.java:logGet(46)) - raft.server.log.appender.buffer.byte-limit = 33554432 (custom)
2022-07-02 07:25:06,446 [Listener at 127.0.0.1/43657] INFO  server.GrpcService (ConfUtils.java:logGet(46)) - raft.grpc.flow.control.window = 5MB (=5242880) (custom)
2022-07-02 07:25:06,447 [Listener at 127.0.0.1/43657] INFO  server.RaftServerConfigKeys (ConfUtils.java:logGet(46)) - raft.server.rpc.request.timeout = 60s (custom)
2022-07-02 07:25:06,447 [Listener at 127.0.0.1/43657] INFO  grpc.GrpcConfigKeys (ConfUtils.java:logGet(46)) - raft.grpc.server.async.request.thread.pool.cached = true (default)
2022-07-02 07:25:06,447 [Listener at 127.0.0.1/43657] INFO  grpc.GrpcConfigKeys (ConfUtils.java:logGet(46)) - raft.grpc.server.async.request.thread.pool.size = 32 (default)
2022-07-02 07:25:06,449 [Listener at 127.0.0.1/43657] INFO  impl.DataStreamServerImpl (ConfUtils.java:logGet(46)) - raft.datastream.type = DISABLED (default)
2022-07-02 07:25:06,450 [Listener at 127.0.0.1/43657] INFO  server.RaftServerConfigKeys (ConfUtils.java:logGet(46)) - raft.server.threadpool.proxy.cached = true (default)
2022-07-02 07:25:06,450 [Listener at 127.0.0.1/43657] INFO  server.RaftServerConfigKeys (ConfUtils.java:logGet(46)) - raft.server.threadpool.proxy.size = 0 (default)
2022-07-02 07:25:06,450 [Listener at 127.0.0.1/43657] INFO  server.RaftServerConfigKeys (ConfUtils.java:logGet(46)) - raft.server.rpc.slowness.timeout = 300s (custom)
2022-07-02 07:25:06,450 [Listener at 127.0.0.1/43657] INFO  server.RaftServerConfigKeys (ConfUtils.java:logGet(46)) - raft.server.leaderelection.leader.step-down.wait-time = 10s (default)
2022-07-02 07:25:06,450 [Listener at 127.0.0.1/43657] INFO  server.RaftServerConfigKeys (ConfUtils.java:logGet(46)) - raft.server.storage.dir = [/home/runner/work/ozone/ozone/hadoop-ozone/integration-test/target/test-dir/MiniOzoneClusterImpl-61754a76-b51f-4318-8597-8262e590efb7/datanode-0/data/ratis] (custom)
2022-07-02 07:25:06,477 [Listener at 127.0.0.1/43657] INFO  server.XceiverServerGrpc (XceiverServerGrpc.java:<init>(132)) - GrpcServer channel type EpollServerSocketChannel
2022-07-02 07:25:06,481 [Listener at 127.0.0.1/43657] INFO  http.BaseHttpServer (BaseHttpServer.java:newHttpServer2BuilderForOzone(209)) - Starting Web-server for hddsDatanode at: http://0.0.0.0:0
2022-07-02 07:25:06,481 [Listener at 127.0.0.1/43657] INFO  http.BaseHttpServer (BaseHttpServer.java:<init>(107)) - Hadoop Security Enabled: false Ozone Security Enabled: false Ozone HTTP Security Enabled: false 
2022-07-02 07:25:06,482 [Listener at 127.0.0.1/43657] INFO  server.AuthenticationFilter (AuthenticationFilter.java:constructSecretProvider(240)) - Unable to initialize FileSignerSecretProvider, falling back to use random secrets.
2022-07-02 07:25:06,504 [Listener at 127.0.0.1/43657] WARN  http.HttpRequestLog (HttpRequestLog.java:getRequestLog(103)) - Jetty request log can only be enabled using Log4j
2022-07-02 07:25:06,505 [Listener at 127.0.0.1/43657] INFO  http.HttpServer2 (HttpServer2.java:addGlobalFilter(1029)) - Added global filter 'safety' (class=org.apache.hadoop.hdds.server.http.HttpServer2$QuotingInputFilter)
2022-07-02 07:25:06,506 [Listener at 127.0.0.1/43657] INFO  http.HttpServer2 (HttpServer2.java:addFilter(1005)) - Added filter static_user_filter (class=org.apache.hadoop.http.lib.StaticUserWebFilter$StaticUserFilter) to context hddsDatanode
2022-07-02 07:25:06,506 [Listener at 127.0.0.1/43657] INFO  http.HttpServer2 (HttpServer2.java:addFilter(1013)) - Added filter static_user_filter (class=org.apache.hadoop.http.lib.StaticUserWebFilter$StaticUserFilter) to context static
2022-07-02 07:25:06,506 [Listener at 127.0.0.1/43657] INFO  http.HttpServer2 (HttpServer2.java:addFilter(1013)) - Added filter static_user_filter (class=org.apache.hadoop.http.lib.StaticUserWebFilter$StaticUserFilter) to context logs
2022-07-02 07:25:06,522 [Listener at 127.0.0.1/43657] INFO  http.HttpServer2 (HttpServer2.java:bindListener(1248)) - Jetty bound to port 35647
2022-07-02 07:25:06,522 [Listener at 127.0.0.1/43657] INFO  server.Server (Server.java:doStart(375)) - jetty-9.4.43.v20210629; built: 2021-06-30T11:07:22.254Z; git: 526006ecfa3af7f1a27ef3a288e2bef7ea9dd7e8; jvm 1.8.0_332-b09
2022-07-02 07:25:06,623 [Listener at 127.0.0.1/43657] INFO  server.session (DefaultSessionIdManager.java:doStart(334)) - DefaultSessionIdManager workerName=node0
2022-07-02 07:25:06,623 [Listener at 127.0.0.1/43657] INFO  server.session (DefaultSessionIdManager.java:doStart(339)) - No SessionScavenger set, using defaults
2022-07-02 07:25:06,623 [Listener at 127.0.0.1/43657] INFO  server.session (HouseKeeper.java:startScavenging(132)) - node0 Scavenging every 600000ms
2022-07-02 07:25:06,624 [Listener at 127.0.0.1/43657] INFO  handler.ContextHandler (ContextHandler.java:doStart(915)) - Started o.e.j.s.ServletContextHandler@153000a{logs,/logs,file:///home/runner/work/ozone/ozone/hadoop-ozone/integration-test/target/log,AVAILABLE}
2022-07-02 07:25:06,624 [Listener at 127.0.0.1/43657] INFO  handler.ContextHandler (ContextHandler.java:doStart(915)) - Started o.e.j.s.ServletContextHandler@69f69592{static,/static,jar:file:/home/runner/.m2/repository/org/apache/ozone/hdds-container-service/1.3.0-SNAPSHOT/hdds-container-service-1.3.0-SNAPSHOT.jar!/webapps/static,AVAILABLE}
2022-07-02 07:25:07,338 [Listener at 127.0.0.1/43657] INFO  handler.ContextHandler (ContextHandler.java:doStart(915)) - Started o.e.j.w.WebAppContext@705910dc{hddsDatanode,/,file:///tmp/jetty-0_0_0_0-35647-hdds-container-service-1_3_0-SNAPSHOT_jar-_-any-2323502445058103753/webapp/,AVAILABLE}{jar:file:/home/runner/.m2/repository/org/apache/ozone/hdds-container-service/1.3.0-SNAPSHOT/hdds-container-service-1.3.0-SNAPSHOT.jar!/webapps/hddsDatanode}
2022-07-02 07:25:07,377 [Listener at 127.0.0.1/43657] INFO  server.AbstractConnector (AbstractConnector.java:doStart(331)) - Started ServerConnector@21b4fa63{HTTP/1.1, (http/1.1)}{0.0.0.0:35647}
2022-07-02 07:25:07,381 [Listener at 127.0.0.1/43657] INFO  server.Server (Server.java:doStart(415)) - Started @333991ms
2022-07-02 07:25:07,381 [Listener at 127.0.0.1/43657] WARN  impl.MetricsSystemImpl (MetricsSystemImpl.java:register(279)) - Sink prometheus already exists!
2022-07-02 07:25:07,383 [Listener at 127.0.0.1/43657] INFO  http.BaseHttpServer (BaseHttpServer.java:updateConnectorAddress(329)) - HTTP server of hddsDatanode listening at http://0.0.0.0:35647
2022-07-02 07:25:07,384 [Listener at 127.0.0.1/43657] WARN  impl.MetricRegistriesImpl (MetricRegistriesImpl.java:addReporterRegistration(111)) - New reporters are added after registries were created. Some metrics will be missing from the reporter. Please add reporter before adding any new registry.
2022-07-02 07:25:07,384 [Listener at 127.0.0.1/43657] WARN  impl.MetricRegistriesImpl (MetricRegistriesImpl.java:addReporterRegistration(111)) - New reporters are added after registries were created. Some metrics will be missing from the reporter. Please add reporter before adding any new registry.
2022-07-02 07:25:07,384 [Listener at 127.0.0.1/43657] INFO  impl.MetricsSystemImpl (MetricsSystemImpl.java:init(158)) - HddsDatanode metrics system started (again)
2022-07-02 07:25:07,397 [Datanode State Machine Daemon Thread] INFO  statemachine.DatanodeStateMachine (DatanodeStateMachine.java:lambda$startDaemon$0(492)) - Ozone container server started.
2022-07-02 07:25:07,476 [org.apache.hadoop.util.JvmPauseMonitor$Monitor@3624b0d9] INFO  util.JvmPauseMonitor (JvmPauseMonitor.java:run(188)) - Starting JVM pause monitor
2022-07-02 07:25:07,490 [Listener at 127.0.0.1/43657] INFO  ozone.HddsDatanodeService (HddsDatanodeService.java:start(236)) - HddsDatanodeService host:fv-az444-838.dthhdds2jluu1c0oa55ndv1hsg.dx.internal.cloudapp.net ip:10.1.0.20
2022-07-02 07:25:07,524 [Datanode State Machine Task Thread - 0] INFO  datanode.InitDatanodeState (InitDatanodeState.java:persistContainerDatanodeDetails(138)) - DatanodeDetails is persisted to /home/runner/work/ozone/ozone/hadoop-ozone/integration-test/target/test-dir/MiniOzoneClusterImpl-61754a76-b51f-4318-8597-8262e590efb7/datanode-0/meta/datanode.id
2022-07-02 07:25:07,656 [Listener at 127.0.0.1/43657] INFO  upgrade.AbstractLayoutVersionManager (AbstractLayoutVersionManager.java:init(82)) - Initializing Layout version manager with metadata layout = DATANODE_SCHEMA_V3 (version = 4), software layout = DATANODE_SCHEMA_V3 (version = 4)
2022-07-02 07:25:07,821 [Listener at 127.0.0.1/43657] INFO  reflections.Reflections (Reflections.java:scan(232)) - Reflections took 163 ms to scan 7 urls, producing 132 keys and 317 values 
2022-07-02 07:25:07,827 [Listener at 127.0.0.1/43657] INFO  statemachine.DatanodeStateMachine (DatanodeStateMachine.java:getEndPointTaskThreadPoolSize(237)) - Datanode State Machine Task Thread Pool size 2
2022-07-02 07:25:07,828 [Listener at 127.0.0.1/43657] INFO  volume.HddsVolume (HddsVolume.java:<init>(116)) - Creating HddsVolume: /home/runner/work/ozone/ozone/hadoop-ozone/integration-test/target/test-dir/MiniOzoneClusterImpl-61754a76-b51f-4318-8597-8262e590efb7/datanode-1/data-0/containers/hdds of storage type : DISK capacity : 9223372036854775807
2022-07-02 07:25:07,828 [Listener at 127.0.0.1/43657] INFO  volume.MutableVolumeSet (MutableVolumeSet.java:initializeVolumeSet(174)) - Added Volume : /home/runner/work/ozone/ozone/hadoop-ozone/integration-test/target/test-dir/MiniOzoneClusterImpl-61754a76-b51f-4318-8597-8262e590efb7/datanode-1/data-0/containers/hdds to VolumeSet
2022-07-02 07:25:07,829 [Listener at 127.0.0.1/43657] INFO  volume.ThrottledAsyncChecker (ThrottledAsyncChecker.java:schedule(141)) - Scheduling a check for /home/runner/work/ozone/ozone/hadoop-ozone/integration-test/target/test-dir/MiniOzoneClusterImpl-61754a76-b51f-4318-8597-8262e590efb7/datanode-1/data-0/containers/hdds
2022-07-02 07:25:07,829 [Listener at 127.0.0.1/43657] INFO  volume.StorageVolumeChecker (StorageVolumeChecker.java:checkAllVolumes(202)) - Scheduled health check for volume /home/runner/work/ozone/ozone/hadoop-ozone/integration-test/target/test-dir/MiniOzoneClusterImpl-61754a76-b51f-4318-8597-8262e590efb7/datanode-1/data-0/containers/hdds
2022-07-02 07:25:07,914 [Listener at 127.0.0.1/43657] INFO  volume.MutableVolumeSet (MutableVolumeSet.java:initializeVolumeSet(174)) - Added Volume : /home/runner/work/ozone/ozone/hadoop-ozone/integration-test/target/test-dir/MiniOzoneClusterImpl-61754a76-b51f-4318-8597-8262e590efb7/datanode-1/data/ratis to VolumeSet
2022-07-02 07:25:07,914 [Listener at 127.0.0.1/43657] INFO  volume.ThrottledAsyncChecker (ThrottledAsyncChecker.java:schedule(141)) - Scheduling a check for /home/runner/work/ozone/ozone/hadoop-ozone/integration-test/target/test-dir/MiniOzoneClusterImpl-61754a76-b51f-4318-8597-8262e590efb7/datanode-1/data/ratis
2022-07-02 07:25:07,922 [Listener at 127.0.0.1/43657] INFO  volume.StorageVolumeChecker (StorageVolumeChecker.java:checkAllVolumes(202)) - Scheduled health check for volume /home/runner/work/ozone/ozone/hadoop-ozone/integration-test/target/test-dir/MiniOzoneClusterImpl-61754a76-b51f-4318-8597-8262e590efb7/datanode-1/data/ratis
2022-07-02 07:25:07,984 [Thread-2214] INFO  ozoneimpl.ContainerReader (ContainerReader.java:readVolume(172)) - Finish verifying containers on volume /home/runner/work/ozone/ozone/hadoop-ozone/integration-test/target/test-dir/MiniOzoneClusterImpl-61754a76-b51f-4318-8597-8262e590efb7/datanode-1/data-0/containers/hdds
2022-07-02 07:25:07,985 [Listener at 127.0.0.1/43657] INFO  ozoneimpl.OzoneContainer (OzoneContainer.java:buildContainerSet(266)) - Build ContainerSet costs 0s
2022-07-02 07:25:07,987 [Listener at 127.0.0.1/43657] INFO  server.RaftServer (ConfUtils.java:logGet(46)) - raft.rpc.type = GRPC (default)
2022-07-02 07:25:07,987 [Listener at 127.0.0.1/43657] INFO  grpc.GrpcFactory (GrpcFactory.java:checkPooledByteBufAllocatorUseCacheForAllThreads(48)) - PERFORMANCE WARNING: useCacheForAllThreads is true that may cause Netty to create a lot garbage objects and, as a result, trigger GC.
	It is recommended to disable useCacheForAllThreads by setting -Dorg.apache.ratis.thirdparty.io.netty.allocator.useCacheForAllThreads=false in command line.
2022-07-02 07:25:07,987 [Listener at 127.0.0.1/43657] INFO  grpc.GrpcConfigKeys (ConfUtils.java:logGet(46)) - raft.grpc.admin.port = 0 (custom)
2022-07-02 07:25:07,988 [Listener at 127.0.0.1/43657] INFO  grpc.GrpcConfigKeys (ConfUtils.java:logGet(46)) - raft.grpc.client.port = 0 (custom)
2022-07-02 07:25:07,988 [Listener at 127.0.0.1/43657] INFO  grpc.GrpcConfigKeys (ConfUtils.java:logGet(46)) - raft.grpc.server.port = 0 (default)
2022-07-02 07:25:07,988 [Listener at 127.0.0.1/43657] INFO  server.GrpcService (ConfUtils.java:logGet(46)) - raft.grpc.message.size.max = 32MB (=33554432) (custom)
2022-07-02 07:25:07,988 [Listener at 127.0.0.1/43657] INFO  server.RaftServerConfigKeys (ConfUtils.java:logGet(46)) - raft.server.log.appender.buffer.byte-limit = 33554432 (custom)
2022-07-02 07:25:08,021 [Listener at 127.0.0.1/43657] INFO  server.GrpcService (ConfUtils.java:logGet(46)) - raft.grpc.flow.control.window = 5MB (=5242880) (custom)
2022-07-02 07:25:08,021 [Listener at 127.0.0.1/43657] INFO  server.RaftServerConfigKeys (ConfUtils.java:logGet(46)) - raft.server.rpc.request.timeout = 60s (custom)
2022-07-02 07:25:08,021 [Listener at 127.0.0.1/43657] INFO  grpc.GrpcConfigKeys (ConfUtils.java:logGet(46)) - raft.grpc.server.async.request.thread.pool.cached = true (default)
2022-07-02 07:25:08,022 [Listener at 127.0.0.1/43657] INFO  grpc.GrpcConfigKeys (ConfUtils.java:logGet(46)) - raft.grpc.server.async.request.thread.pool.size = 32 (default)
2022-07-02 07:25:08,051 [Listener at 127.0.0.1/43657] INFO  impl.DataStreamServerImpl (ConfUtils.java:logGet(46)) - raft.datastream.type = DISABLED (default)
2022-07-02 07:25:08,051 [Listener at 127.0.0.1/43657] INFO  server.RaftServerConfigKeys (ConfUtils.java:logGet(46)) - raft.server.threadpool.proxy.cached = true (default)
2022-07-02 07:25:08,051 [Listener at 127.0.0.1/43657] INFO  server.RaftServerConfigKeys (ConfUtils.java:logGet(46)) - raft.server.threadpool.proxy.size = 0 (default)
2022-07-02 07:25:08,051 [Listener at 127.0.0.1/43657] INFO  server.RaftServerConfigKeys (ConfUtils.java:logGet(46)) - raft.server.rpc.slowness.timeout = 300s (custom)
2022-07-02 07:25:08,051 [Listener at 127.0.0.1/43657] INFO  server.RaftServerConfigKeys (ConfUtils.java:logGet(46)) - raft.server.leaderelection.leader.step-down.wait-time = 10s (default)
2022-07-02 07:25:08,051 [Listener at 127.0.0.1/43657] INFO  server.RaftServerConfigKeys (ConfUtils.java:logGet(46)) - raft.server.storage.dir = [/home/runner/work/ozone/ozone/hadoop-ozone/integration-test/target/test-dir/MiniOzoneClusterImpl-61754a76-b51f-4318-8597-8262e590efb7/datanode-1/data/ratis] (custom)
2022-07-02 07:25:08,062 [Listener at 127.0.0.1/43657] INFO  server.XceiverServerGrpc (XceiverServerGrpc.java:<init>(132)) - GrpcServer channel type EpollServerSocketChannel
2022-07-02 07:25:08,096 [Listener at 127.0.0.1/43657] INFO  http.BaseHttpServer (BaseHttpServer.java:newHttpServer2BuilderForOzone(209)) - Starting Web-server for hddsDatanode at: http://0.0.0.0:0
2022-07-02 07:25:08,096 [Listener at 127.0.0.1/43657] INFO  http.BaseHttpServer (BaseHttpServer.java:<init>(107)) - Hadoop Security Enabled: false Ozone Security Enabled: false Ozone HTTP Security Enabled: false 
2022-07-02 07:25:08,097 [Listener at 127.0.0.1/43657] INFO  server.AuthenticationFilter (AuthenticationFilter.java:constructSecretProvider(240)) - Unable to initialize FileSignerSecretProvider, falling back to use random secrets.
2022-07-02 07:25:08,136 [Listener at 127.0.0.1/43657] WARN  http.HttpRequestLog (HttpRequestLog.java:getRequestLog(103)) - Jetty request log can only be enabled using Log4j
2022-07-02 07:25:08,137 [Listener at 127.0.0.1/43657] INFO  http.HttpServer2 (HttpServer2.java:addGlobalFilter(1029)) - Added global filter 'safety' (class=org.apache.hadoop.hdds.server.http.HttpServer2$QuotingInputFilter)
2022-07-02 07:25:08,138 [Listener at 127.0.0.1/43657] INFO  http.HttpServer2 (HttpServer2.java:addFilter(1005)) - Added filter static_user_filter (class=org.apache.hadoop.http.lib.StaticUserWebFilter$StaticUserFilter) to context hddsDatanode
2022-07-02 07:25:08,138 [Listener at 127.0.0.1/43657] INFO  http.HttpServer2 (HttpServer2.java:addFilter(1013)) - Added filter static_user_filter (class=org.apache.hadoop.http.lib.StaticUserWebFilter$StaticUserFilter) to context logs
2022-07-02 07:25:08,138 [Listener at 127.0.0.1/43657] INFO  http.HttpServer2 (HttpServer2.java:addFilter(1013)) - Added filter static_user_filter (class=org.apache.hadoop.http.lib.StaticUserWebFilter$StaticUserFilter) to context static
2022-07-02 07:25:08,139 [Listener at 127.0.0.1/43657] INFO  http.HttpServer2 (HttpServer2.java:bindListener(1248)) - Jetty bound to port 38585
2022-07-02 07:25:08,139 [Listener at 127.0.0.1/43657] INFO  server.Server (Server.java:doStart(375)) - jetty-9.4.43.v20210629; built: 2021-06-30T11:07:22.254Z; git: 526006ecfa3af7f1a27ef3a288e2bef7ea9dd7e8; jvm 1.8.0_332-b09
2022-07-02 07:25:08,252 [Listener at 127.0.0.1/43657] INFO  server.session (DefaultSessionIdManager.java:doStart(334)) - DefaultSessionIdManager workerName=node0
2022-07-02 07:25:08,253 [Listener at 127.0.0.1/43657] INFO  server.session (DefaultSessionIdManager.java:doStart(339)) - No SessionScavenger set, using defaults
2022-07-02 07:25:08,253 [Listener at 127.0.0.1/43657] INFO  server.session (HouseKeeper.java:startScavenging(132)) - node0 Scavenging every 600000ms
2022-07-02 07:25:08,260 [Listener at 127.0.0.1/43657] INFO  handler.ContextHandler (ContextHandler.java:doStart(915)) - Started o.e.j.s.ServletContextHandler@26cd0bbe{logs,/logs,file:///home/runner/work/ozone/ozone/hadoop-ozone/integration-test/target/log,AVAILABLE}
2022-07-02 07:25:08,261 [Listener at 127.0.0.1/43657] INFO  handler.ContextHandler (ContextHandler.java:doStart(915)) - Started o.e.j.s.ServletContextHandler@552f1814{static,/static,jar:file:/home/runner/.m2/repository/org/apache/ozone/hdds-container-service/1.3.0-SNAPSHOT/hdds-container-service-1.3.0-SNAPSHOT.jar!/webapps/static,AVAILABLE}
2022-07-02 07:25:09,021 [Listener at 127.0.0.1/43657] INFO  handler.ContextHandler (ContextHandler.java:doStart(915)) - Started o.e.j.w.WebAppContext@65082fd9{hddsDatanode,/,file:///tmp/jetty-0_0_0_0-38585-hdds-container-service-1_3_0-SNAPSHOT_jar-_-any-2754216248781034185/webapp/,AVAILABLE}{jar:file:/home/runner/.m2/repository/org/apache/ozone/hdds-container-service/1.3.0-SNAPSHOT/hdds-container-service-1.3.0-SNAPSHOT.jar!/webapps/hddsDatanode}
2022-07-02 07:25:09,023 [Listener at 127.0.0.1/43657] INFO  server.AbstractConnector (AbstractConnector.java:doStart(331)) - Started ServerConnector@4f017ca1{HTTP/1.1, (http/1.1)}{0.0.0.0:38585}
2022-07-02 07:25:09,023 [Listener at 127.0.0.1/43657] INFO  server.Server (Server.java:doStart(415)) - Started @335633ms
2022-07-02 07:25:09,023 [Listener at 127.0.0.1/43657] WARN  impl.MetricsSystemImpl (MetricsSystemImpl.java:register(279)) - Sink prometheus already exists!
2022-07-02 07:25:09,024 [Listener at 127.0.0.1/43657] INFO  http.BaseHttpServer (BaseHttpServer.java:updateConnectorAddress(329)) - HTTP server of hddsDatanode listening at http://0.0.0.0:38585
2022-07-02 07:25:09,040 [Listener at 127.0.0.1/43657] WARN  impl.MetricRegistriesImpl (MetricRegistriesImpl.java:addReporterRegistration(111)) - New reporters are added after registries were created. Some metrics will be missing from the reporter. Please add reporter before adding any new registry.
2022-07-02 07:25:09,040 [Listener at 127.0.0.1/43657] WARN  impl.MetricRegistriesImpl (MetricRegistriesImpl.java:addReporterRegistration(111)) - New reporters are added after registries were created. Some metrics will be missing from the reporter. Please add reporter before adding any new registry.
2022-07-02 07:25:09,040 [Listener at 127.0.0.1/43657] INFO  impl.MetricsSystemImpl (MetricsSystemImpl.java:init(158)) - HddsDatanode metrics system started (again)
2022-07-02 07:25:09,048 [Datanode State Machine Daemon Thread] INFO  statemachine.DatanodeStateMachine (DatanodeStateMachine.java:lambda$startDaemon$0(492)) - Ozone container server started.
2022-07-02 07:25:09,101 [Listener at 127.0.0.1/43657] INFO  ozone.HddsDatanodeService (HddsDatanodeService.java:start(236)) - HddsDatanodeService host:fv-az444-838.dthhdds2jluu1c0oa55ndv1hsg.dx.internal.cloudapp.net ip:10.1.0.20
2022-07-02 07:25:09,204 [Listener at 127.0.0.1/43657] INFO  upgrade.AbstractLayoutVersionManager (AbstractLayoutVersionManager.java:init(82)) - Initializing Layout version manager with metadata layout = DATANODE_SCHEMA_V3 (version = 4), software layout = DATANODE_SCHEMA_V3 (version = 4)
2022-07-02 07:25:09,240 [org.apache.hadoop.util.JvmPauseMonitor$Monitor@649ffa26] INFO  util.JvmPauseMonitor (JvmPauseMonitor.java:run(188)) - Starting JVM pause monitor
2022-07-02 07:25:09,277 [Datanode State Machine Task Thread - 0] INFO  datanode.InitDatanodeState (InitDatanodeState.java:persistContainerDatanodeDetails(138)) - DatanodeDetails is persisted to /home/runner/work/ozone/ozone/hadoop-ozone/integration-test/target/test-dir/MiniOzoneClusterImpl-61754a76-b51f-4318-8597-8262e590efb7/datanode-1/meta/datanode.id
2022-07-02 07:25:09,481 [Listener at 127.0.0.1/43657] INFO  reflections.Reflections (Reflections.java:scan(232)) - Reflections took 274 ms to scan 7 urls, producing 132 keys and 317 values 
2022-07-02 07:25:09,551 [Listener at 127.0.0.1/43657] INFO  statemachine.DatanodeStateMachine (DatanodeStateMachine.java:getEndPointTaskThreadPoolSize(237)) - Datanode State Machine Task Thread Pool size 2
2022-07-02 07:25:09,598 [Listener at 127.0.0.1/43657] INFO  volume.HddsVolume (HddsVolume.java:<init>(116)) - Creating HddsVolume: /home/runner/work/ozone/ozone/hadoop-ozone/integration-test/target/test-dir/MiniOzoneClusterImpl-61754a76-b51f-4318-8597-8262e590efb7/datanode-2/data-0/containers/hdds of storage type : DISK capacity : 9223372036854775807
2022-07-02 07:25:09,599 [Listener at 127.0.0.1/43657] INFO  volume.MutableVolumeSet (MutableVolumeSet.java:initializeVolumeSet(174)) - Added Volume : /home/runner/work/ozone/ozone/hadoop-ozone/integration-test/target/test-dir/MiniOzoneClusterImpl-61754a76-b51f-4318-8597-8262e590efb7/datanode-2/data-0/containers/hdds to VolumeSet
2022-07-02 07:25:09,599 [Listener at 127.0.0.1/43657] INFO  volume.ThrottledAsyncChecker (ThrottledAsyncChecker.java:schedule(141)) - Scheduling a check for /home/runner/work/ozone/ozone/hadoop-ozone/integration-test/target/test-dir/MiniOzoneClusterImpl-61754a76-b51f-4318-8597-8262e590efb7/datanode-2/data-0/containers/hdds
2022-07-02 07:25:09,632 [Listener at 127.0.0.1/43657] INFO  volume.StorageVolumeChecker (StorageVolumeChecker.java:checkAllVolumes(202)) - Scheduled health check for volume /home/runner/work/ozone/ozone/hadoop-ozone/integration-test/target/test-dir/MiniOzoneClusterImpl-61754a76-b51f-4318-8597-8262e590efb7/datanode-2/data-0/containers/hdds
2022-07-02 07:25:09,658 [Listener at 127.0.0.1/43657] INFO  volume.MutableVolumeSet (MutableVolumeSet.java:initializeVolumeSet(174)) - Added Volume : /home/runner/work/ozone/ozone/hadoop-ozone/integration-test/target/test-dir/MiniOzoneClusterImpl-61754a76-b51f-4318-8597-8262e590efb7/datanode-2/data/ratis to VolumeSet
2022-07-02 07:25:09,658 [Listener at 127.0.0.1/43657] INFO  volume.ThrottledAsyncChecker (ThrottledAsyncChecker.java:schedule(141)) - Scheduling a check for /home/runner/work/ozone/ozone/hadoop-ozone/integration-test/target/test-dir/MiniOzoneClusterImpl-61754a76-b51f-4318-8597-8262e590efb7/datanode-2/data/ratis
2022-07-02 07:25:09,659 [Listener at 127.0.0.1/43657] INFO  volume.StorageVolumeChecker (StorageVolumeChecker.java:checkAllVolumes(202)) - Scheduled health check for volume /home/runner/work/ozone/ozone/hadoop-ozone/integration-test/target/test-dir/MiniOzoneClusterImpl-61754a76-b51f-4318-8597-8262e590efb7/datanode-2/data/ratis
2022-07-02 07:25:09,749 [Thread-2228] INFO  ozoneimpl.ContainerReader (ContainerReader.java:readVolume(172)) - Finish verifying containers on volume /home/runner/work/ozone/ozone/hadoop-ozone/integration-test/target/test-dir/MiniOzoneClusterImpl-61754a76-b51f-4318-8597-8262e590efb7/datanode-2/data-0/containers/hdds
2022-07-02 07:25:09,749 [Listener at 127.0.0.1/43657] INFO  ozoneimpl.OzoneContainer (OzoneContainer.java:buildContainerSet(266)) - Build ContainerSet costs 0s
2022-07-02 07:25:09,751 [Listener at 127.0.0.1/43657] INFO  server.RaftServer (ConfUtils.java:logGet(46)) - raft.rpc.type = GRPC (default)
2022-07-02 07:25:09,751 [Listener at 127.0.0.1/43657] INFO  grpc.GrpcFactory (GrpcFactory.java:checkPooledByteBufAllocatorUseCacheForAllThreads(48)) - PERFORMANCE WARNING: useCacheForAllThreads is true that may cause Netty to create a lot garbage objects and, as a result, trigger GC.
	It is recommended to disable useCacheForAllThreads by setting -Dorg.apache.ratis.thirdparty.io.netty.allocator.useCacheForAllThreads=false in command line.
2022-07-02 07:25:09,751 [Listener at 127.0.0.1/43657] INFO  grpc.GrpcConfigKeys (ConfUtils.java:logGet(46)) - raft.grpc.admin.port = 0 (custom)
2022-07-02 07:25:09,751 [Listener at 127.0.0.1/43657] INFO  grpc.GrpcConfigKeys (ConfUtils.java:logGet(46)) - raft.grpc.client.port = 0 (custom)
2022-07-02 07:25:09,751 [Listener at 127.0.0.1/43657] INFO  grpc.GrpcConfigKeys (ConfUtils.java:logGet(46)) - raft.grpc.server.port = 0 (default)
2022-07-02 07:25:09,751 [Listener at 127.0.0.1/43657] INFO  server.GrpcService (ConfUtils.java:logGet(46)) - raft.grpc.message.size.max = 32MB (=33554432) (custom)
2022-07-02 07:25:09,751 [Listener at 127.0.0.1/43657] INFO  server.RaftServerConfigKeys (ConfUtils.java:logGet(46)) - raft.server.log.appender.buffer.byte-limit = 33554432 (custom)
2022-07-02 07:25:09,751 [Listener at 127.0.0.1/43657] INFO  server.GrpcService (ConfUtils.java:logGet(46)) - raft.grpc.flow.control.window = 5MB (=5242880) (custom)
2022-07-02 07:25:09,752 [Listener at 127.0.0.1/43657] INFO  server.RaftServerConfigKeys (ConfUtils.java:logGet(46)) - raft.server.rpc.request.timeout = 60s (custom)
2022-07-02 07:25:09,752 [Listener at 127.0.0.1/43657] INFO  grpc.GrpcConfigKeys (ConfUtils.java:logGet(46)) - raft.grpc.server.async.request.thread.pool.cached = true (default)
2022-07-02 07:25:09,752 [Listener at 127.0.0.1/43657] INFO  grpc.GrpcConfigKeys (ConfUtils.java:logGet(46)) - raft.grpc.server.async.request.thread.pool.size = 32 (default)
2022-07-02 07:25:09,792 [EndpointStateMachine task thread for /0.0.0.0:36909 - 0 ] INFO  volume.HddsVolume (HddsVolume.java:createDbStore(309)) - SchemaV3 db is created and loaded at /home/runner/work/ozone/ozone/hadoop-ozone/integration-test/target/test-dir/MiniOzoneClusterImpl-61754a76-b51f-4318-8597-8262e590efb7/datanode-0/data-0/containers/hdds/61754a76-b51f-4318-8597-8262e590efb7/DS-609ef2ba-b205-479b-8f53-27441846037b/container.db for volume DS-609ef2ba-b205-479b-8f53-27441846037b
2022-07-02 07:25:09,860 [EndpointStateMachine task thread for /0.0.0.0:36909 - 0 ] INFO  volume.HddsVolume (HddsVolume.java:closeDbStore(340)) - SchemaV3 db is stopped at /home/runner/work/ozone/ozone/hadoop-ozone/integration-test/target/test-dir/MiniOzoneClusterImpl-61754a76-b51f-4318-8597-8262e590efb7/datanode-0/data-0/containers/hdds/61754a76-b51f-4318-8597-8262e590efb7/DS-609ef2ba-b205-479b-8f53-27441846037b/container.db for volume DS-609ef2ba-b205-479b-8f53-27441846037b
2022-07-02 07:25:09,860 [EndpointStateMachine task thread for /0.0.0.0:36909 - 0 ] INFO  ozoneimpl.OzoneContainer (OzoneContainer.java:start(344)) - Attempting to start container services.
2022-07-02 07:25:09,860 [EndpointStateMachine task thread for /0.0.0.0:36909 - 0 ] INFO  ozoneimpl.OzoneContainer (OzoneContainer.java:startContainerScrub(279)) - Background container scanner has been disabled.
2022-07-02 07:25:09,877 [Listener at 127.0.0.1/43657] INFO  impl.DataStreamServerImpl (ConfUtils.java:logGet(46)) - raft.datastream.type = DISABLED (default)
2022-07-02 07:25:09,877 [Listener at 127.0.0.1/43657] INFO  server.RaftServerConfigKeys (ConfUtils.java:logGet(46)) - raft.server.threadpool.proxy.cached = true (default)
2022-07-02 07:25:09,877 [Listener at 127.0.0.1/43657] INFO  server.RaftServerConfigKeys (ConfUtils.java:logGet(46)) - raft.server.threadpool.proxy.size = 0 (default)
2022-07-02 07:25:09,878 [Listener at 127.0.0.1/43657] INFO  server.RaftServerConfigKeys (ConfUtils.java:logGet(46)) - raft.server.rpc.slowness.timeout = 300s (custom)
2022-07-02 07:25:09,878 [Listener at 127.0.0.1/43657] INFO  server.RaftServerConfigKeys (ConfUtils.java:logGet(46)) - raft.server.leaderelection.leader.step-down.wait-time = 10s (default)
2022-07-02 07:25:09,878 [Listener at 127.0.0.1/43657] INFO  server.RaftServerConfigKeys (ConfUtils.java:logGet(46)) - raft.server.storage.dir = [/home/runner/work/ozone/ozone/hadoop-ozone/integration-test/target/test-dir/MiniOzoneClusterImpl-61754a76-b51f-4318-8597-8262e590efb7/datanode-2/data/ratis] (custom)
2022-07-02 07:25:09,894 [Listener at 127.0.0.1/43657] INFO  server.XceiverServerGrpc (XceiverServerGrpc.java:<init>(132)) - GrpcServer channel type EpollServerSocketChannel
2022-07-02 07:25:09,943 [Listener at 127.0.0.1/43657] INFO  http.BaseHttpServer (BaseHttpServer.java:newHttpServer2BuilderForOzone(209)) - Starting Web-server for hddsDatanode at: http://0.0.0.0:0
2022-07-02 07:25:09,945 [EndpointStateMachine task thread for /0.0.0.0:36909 - 0 ] INFO  replication.ReplicationServer (ReplicationServer.java:start(111)) - ReplicationServer is started using port 38619
2022-07-02 07:25:09,949 [EndpointStateMachine task thread for /0.0.0.0:36909 - 0 ] INFO  ratis.XceiverServerRatis (XceiverServerRatis.java:start(481)) - Starting XceiverServerRatis df88482a-df69-428f-8950-05b0a5ebb4b0
2022-07-02 07:25:09,949 [EndpointStateMachine task thread for /0.0.0.0:36909 - 0 ] INFO  server.RaftServer (RaftServerProxy.java:lambda$start$6(382)) - df88482a-df69-428f-8950-05b0a5ebb4b0: start RPC server
2022-07-02 07:25:09,973 [EndpointStateMachine task thread for /0.0.0.0:36909 - 0 ] INFO  server.GrpcService (GrpcService.java:startImpl(260)) - df88482a-df69-428f-8950-05b0a5ebb4b0: GrpcService started, listening on 42229
2022-07-02 07:25:09,973 [EndpointStateMachine task thread for /0.0.0.0:36909 - 0 ] INFO  ratis.XceiverServerRatis (XceiverServerRatis.java:getRealPort(502)) - XceiverServerRatis df88482a-df69-428f-8950-05b0a5ebb4b0 is started using port 42229 for RATIS
2022-07-02 07:25:09,973 [EndpointStateMachine task thread for /0.0.0.0:36909 - 0 ] INFO  ratis.XceiverServerRatis (XceiverServerRatis.java:getRealPort(502)) - XceiverServerRatis df88482a-df69-428f-8950-05b0a5ebb4b0 is started using port 42229 for RATIS_ADMIN
2022-07-02 07:25:09,973 [EndpointStateMachine task thread for /0.0.0.0:36909 - 0 ] INFO  ratis.XceiverServerRatis (XceiverServerRatis.java:getRealPort(502)) - XceiverServerRatis df88482a-df69-428f-8950-05b0a5ebb4b0 is started using port 42229 for RATIS_SERVER
2022-07-02 07:25:09,974 [org.apache.ratis.util.JvmPauseMonitor$$Lambda$611/1072797734@37120dc2] INFO  util.JvmPauseMonitor (JvmPauseMonitor.java:run(103)) - JvmPauseMonitor-df88482a-df69-428f-8950-05b0a5ebb4b0: Started
2022-07-02 07:25:10,008 [Listener at 127.0.0.1/43657] INFO  http.BaseHttpServer (BaseHttpServer.java:<init>(107)) - Hadoop Security Enabled: false Ozone Security Enabled: false Ozone HTTP Security Enabled: false 
2022-07-02 07:25:10,049 [Listener at 127.0.0.1/43657] INFO  server.AuthenticationFilter (AuthenticationFilter.java:constructSecretProvider(240)) - Unable to initialize FileSignerSecretProvider, falling back to use random secrets.
2022-07-02 07:25:10,049 [EndpointStateMachine task thread for /0.0.0.0:36909 - 0 ] INFO  server.XceiverServerGrpc (XceiverServerGrpc.java:start(180)) - XceiverServerGrpc df88482a-df69-428f-8950-05b0a5ebb4b0 is started using port 35291
2022-07-02 07:25:10,049 [Listener at 127.0.0.1/43657] WARN  http.HttpRequestLog (HttpRequestLog.java:getRequestLog(103)) - Jetty request log can only be enabled using Log4j
2022-07-02 07:25:10,051 [Listener at 127.0.0.1/43657] INFO  http.HttpServer2 (HttpServer2.java:addGlobalFilter(1029)) - Added global filter 'safety' (class=org.apache.hadoop.hdds.server.http.HttpServer2$QuotingInputFilter)
2022-07-02 07:25:10,051 [Listener at 127.0.0.1/43657] INFO  http.HttpServer2 (HttpServer2.java:addFilter(1005)) - Added filter static_user_filter (class=org.apache.hadoop.http.lib.StaticUserWebFilter$StaticUserFilter) to context hddsDatanode
2022-07-02 07:25:10,051 [Listener at 127.0.0.1/43657] INFO  http.HttpServer2 (HttpServer2.java:addFilter(1013)) - Added filter static_user_filter (class=org.apache.hadoop.http.lib.StaticUserWebFilter$StaticUserFilter) to context static
2022-07-02 07:25:10,051 [Listener at 127.0.0.1/43657] INFO  http.HttpServer2 (HttpServer2.java:addFilter(1013)) - Added filter static_user_filter (class=org.apache.hadoop.http.lib.StaticUserWebFilter$StaticUserFilter) to context logs
2022-07-02 07:25:10,052 [Listener at 127.0.0.1/43657] INFO  http.HttpServer2 (HttpServer2.java:bindListener(1248)) - Jetty bound to port 40909
2022-07-02 07:25:10,052 [Listener at 127.0.0.1/43657] INFO  server.Server (Server.java:doStart(375)) - jetty-9.4.43.v20210629; built: 2021-06-30T11:07:22.254Z; git: 526006ecfa3af7f1a27ef3a288e2bef7ea9dd7e8; jvm 1.8.0_332-b09
2022-07-02 07:25:10,109 [Listener at 127.0.0.1/43657] INFO  server.session (DefaultSessionIdManager.java:doStart(334)) - DefaultSessionIdManager workerName=node0
2022-07-02 07:25:10,109 [Listener at 127.0.0.1/43657] INFO  server.session (DefaultSessionIdManager.java:doStart(339)) - No SessionScavenger set, using defaults
2022-07-02 07:25:10,110 [Listener at 127.0.0.1/43657] INFO  server.session (HouseKeeper.java:startScavenging(132)) - node0 Scavenging every 660000ms
2022-07-02 07:25:10,110 [Listener at 127.0.0.1/43657] INFO  handler.ContextHandler (ContextHandler.java:doStart(915)) - Started o.e.j.s.ServletContextHandler@51505ee8{logs,/logs,file:///home/runner/work/ozone/ozone/hadoop-ozone/integration-test/target/log,AVAILABLE}
2022-07-02 07:25:10,111 [Listener at 127.0.0.1/43657] INFO  handler.ContextHandler (ContextHandler.java:doStart(915)) - Started o.e.j.s.ServletContextHandler@45e93858{static,/static,jar:file:/home/runner/.m2/repository/org/apache/ozone/hdds-container-service/1.3.0-SNAPSHOT/hdds-container-service-1.3.0-SNAPSHOT.jar!/webapps/static,AVAILABLE}
2022-07-02 07:25:11,048 [Listener at 127.0.0.1/43657] INFO  handler.ContextHandler (ContextHandler.java:doStart(915)) - Started o.e.j.w.WebAppContext@138fb0e9{hddsDatanode,/,file:///tmp/jetty-0_0_0_0-40909-hdds-container-service-1_3_0-SNAPSHOT_jar-_-any-5014634753369530635/webapp/,AVAILABLE}{jar:file:/home/runner/.m2/repository/org/apache/ozone/hdds-container-service/1.3.0-SNAPSHOT/hdds-container-service-1.3.0-SNAPSHOT.jar!/webapps/hddsDatanode}
2022-07-02 07:25:11,072 [Listener at 127.0.0.1/43657] INFO  server.AbstractConnector (AbstractConnector.java:doStart(331)) - Started ServerConnector@6193f40e{HTTP/1.1, (http/1.1)}{0.0.0.0:40909}
2022-07-02 07:25:11,072 [Listener at 127.0.0.1/43657] INFO  server.Server (Server.java:doStart(415)) - Started @337682ms
2022-07-02 07:25:11,072 [Listener at 127.0.0.1/43657] WARN  impl.MetricsSystemImpl (MetricsSystemImpl.java:register(279)) - Sink prometheus already exists!
2022-07-02 07:25:11,073 [Listener at 127.0.0.1/43657] INFO  http.BaseHttpServer (BaseHttpServer.java:updateConnectorAddress(329)) - HTTP server of hddsDatanode listening at http://0.0.0.0:40909
2022-07-02 07:25:11,092 [Listener at 127.0.0.1/43657] WARN  impl.MetricRegistriesImpl (MetricRegistriesImpl.java:addReporterRegistration(111)) - New reporters are added after registries were created. Some metrics will be missing from the reporter. Please add reporter before adding any new registry.
2022-07-02 07:25:11,092 [Listener at 127.0.0.1/43657] WARN  impl.MetricRegistriesImpl (MetricRegistriesImpl.java:addReporterRegistration(111)) - New reporters are added after registries were created. Some metrics will be missing from the reporter. Please add reporter before adding any new registry.
2022-07-02 07:25:11,092 [Listener at 127.0.0.1/43657] INFO  impl.MetricsSystemImpl (MetricsSystemImpl.java:init(158)) - HddsDatanode metrics system started (again)
2022-07-02 07:25:11,106 [Datanode State Machine Daemon Thread] INFO  statemachine.DatanodeStateMachine (DatanodeStateMachine.java:lambda$startDaemon$0(492)) - Ozone container server started.
2022-07-02 07:25:11,108 [Listener at 127.0.0.1/43657] INFO  ozone.HddsDatanodeService (HddsDatanodeService.java:start(236)) - HddsDatanodeService host:fv-az444-838.dthhdds2jluu1c0oa55ndv1hsg.dx.internal.cloudapp.net ip:10.1.0.20
2022-07-02 07:25:11,164 [org.apache.hadoop.util.JvmPauseMonitor$Monitor@7ebc12b5] INFO  util.JvmPauseMonitor (JvmPauseMonitor.java:run(188)) - Starting JVM pause monitor
2022-07-02 07:25:11,152 [Datanode State Machine Task Thread - 0] INFO  datanode.InitDatanodeState (InitDatanodeState.java:persistContainerDatanodeDetails(138)) - DatanodeDetails is persisted to /home/runner/work/ozone/ozone/hadoop-ozone/integration-test/target/test-dir/MiniOzoneClusterImpl-61754a76-b51f-4318-8597-8262e590efb7/datanode-2/meta/datanode.id
2022-07-02 07:25:11,276 [Listener at 127.0.0.1/43657] INFO  upgrade.AbstractLayoutVersionManager (AbstractLayoutVersionManager.java:init(82)) - Initializing Layout version manager with metadata layout = DATANODE_SCHEMA_V3 (version = 4), software layout = DATANODE_SCHEMA_V3 (version = 4)
2022-07-02 07:25:11,481 [IPC Server handler 1 on default port 36909] INFO  net.NetworkTopologyImpl (NetworkTopologyImpl.java:add(112)) - Added a new node: /default-rack/df88482a-df69-428f-8950-05b0a5ebb4b0
2022-07-02 07:25:11,481 [IPC Server handler 1 on default port 36909] INFO  node.SCMNodeManager (SCMNodeManager.java:register(397)) - Registered Data node : df88482a-df69-428f-8950-05b0a5ebb4b0{ip: 10.1.0.20, host: fv-az444-838.dthhdds2jluu1c0oa55ndv1hsg.dx.internal.cloudapp.net, ports: [REPLICATION=38619, RATIS=42229, RATIS_ADMIN=42229, RATIS_SERVER=42229, STANDALONE=35291], networkLocation: /default-rack, certSerialId: null, persistedOpState: null, persistedOpStateExpiryEpochSec: 0}
2022-07-02 07:25:11,486 [EventQueue-NodeRegistrationContainerReportForDataNodeSafeModeRule] INFO  safemode.SCMSafeModeManager (DataNodeSafeModeRule.java:process(71)) - SCM in safe mode. 1 DataNodes registered, 3 required.
2022-07-02 07:25:11,488 [EventQueue-NodeRegistrationContainerReportForContainerSafeModeRule] INFO  safemode.SCMSafeModeManager (SCMSafeModeManager.java:validateSafeModeExitRules(204)) - ContainerSafeModeRule rule is successfully validated
2022-07-02 07:25:11,492 [EndpointStateMachine task thread for /0.0.0.0:36909 - 0 ] INFO  volume.HddsVolume (HddsVolume.java:createDbStore(309)) - SchemaV3 db is created and loaded at /home/runner/work/ozone/ozone/hadoop-ozone/integration-test/target/test-dir/MiniOzoneClusterImpl-61754a76-b51f-4318-8597-8262e590efb7/datanode-1/data-0/containers/hdds/61754a76-b51f-4318-8597-8262e590efb7/DS-7d8ac358-d15b-459e-b46b-2a75afa36aea/container.db for volume DS-7d8ac358-d15b-459e-b46b-2a75afa36aea
2022-07-02 07:25:11,530 [EventQueue-NewNodeForNewNodeHandler] INFO  pipeline.BackgroundPipelineCreator (BackgroundPipelineCreator.java:notifyEventTriggered(275)) - trigger a one-shot run on RatisPipelineUtilsThread.
2022-07-02 07:25:11,536 [EndpointStateMachine task thread for /0.0.0.0:36909 - 0 ] INFO  volume.HddsVolume (HddsVolume.java:closeDbStore(340)) - SchemaV3 db is stopped at /home/runner/work/ozone/ozone/hadoop-ozone/integration-test/target/test-dir/MiniOzoneClusterImpl-61754a76-b51f-4318-8597-8262e590efb7/datanode-1/data-0/containers/hdds/61754a76-b51f-4318-8597-8262e590efb7/DS-7d8ac358-d15b-459e-b46b-2a75afa36aea/container.db for volume DS-7d8ac358-d15b-459e-b46b-2a75afa36aea
2022-07-02 07:25:11,536 [EndpointStateMachine task thread for /0.0.0.0:36909 - 0 ] INFO  ozoneimpl.OzoneContainer (OzoneContainer.java:start(344)) - Attempting to start container services.
2022-07-02 07:25:11,537 [EndpointStateMachine task thread for /0.0.0.0:36909 - 0 ] INFO  ozoneimpl.OzoneContainer (OzoneContainer.java:startContainerScrub(279)) - Background container scanner has been disabled.
2022-07-02 07:25:11,537 [RatisPipelineUtilsThread - 0] INFO  pipeline.RatisPipelineProvider (RatisPipelineProvider.java:lambda$create$0(195)) - Sending CreatePipelineCommand for pipeline:PipelineID=cb362fa9-ca37-49ef-a696-bc4a560cc980 to datanode:df88482a-df69-428f-8950-05b0a5ebb4b0
2022-07-02 07:25:11,548 [RatisPipelineUtilsThread - 0] INFO  pipeline.PipelineStateManagerImpl (PipelineStateManagerImpl.java:addPipeline(101)) - Created pipeline Pipeline[ Id: cb362fa9-ca37-49ef-a696-bc4a560cc980, Nodes: df88482a-df69-428f-8950-05b0a5ebb4b0{ip: 10.1.0.20, host: fv-az444-838.dthhdds2jluu1c0oa55ndv1hsg.dx.internal.cloudapp.net, ports: [REPLICATION=38619, RATIS=42229, RATIS_ADMIN=42229, RATIS_SERVER=42229, STANDALONE=35291], networkLocation: /default-rack, certSerialId: null, persistedOpState: IN_SERVICE, persistedOpStateExpiryEpochSec: 0}, ReplicationConfig: RATIS/ONE, State:ALLOCATED, leaderId:, CreationTimestamp2022-07-02T07:25:11.537Z[Etc/UTC]].
2022-07-02 07:25:11,587 [EventQueue-PipelineReportForOneReplicaPipelineSafeModeRule] INFO  safemode.SCMSafeModeManager (SCMSafeModeManager.java:validateSafeModeExitRules(204)) - AtleastOneDatanodeReportedRule rule is successfully validated
2022-07-02 07:25:11,589 [EndpointStateMachine task thread for /0.0.0.0:36909 - 0 ] INFO  replication.ReplicationServer (ReplicationServer.java:start(111)) - ReplicationServer is started using port 41983
2022-07-02 07:25:11,590 [EndpointStateMachine task thread for /0.0.0.0:36909 - 0 ] INFO  ratis.XceiverServerRatis (XceiverServerRatis.java:start(481)) - Starting XceiverServerRatis 9caa7045-5a70-40e0-915a-de4f864b73cf
2022-07-02 07:25:11,592 [EndpointStateMachine task thread for /0.0.0.0:36909 - 0 ] INFO  server.RaftServer (RaftServerProxy.java:lambda$start$6(382)) - 9caa7045-5a70-40e0-915a-de4f864b73cf: start RPC server
2022-07-02 07:25:11,622 [EndpointStateMachine task thread for /0.0.0.0:36909 - 0 ] INFO  server.GrpcService (GrpcService.java:startImpl(260)) - 9caa7045-5a70-40e0-915a-de4f864b73cf: GrpcService started, listening on 33007
2022-07-02 07:25:11,622 [EndpointStateMachine task thread for /0.0.0.0:36909 - 0 ] INFO  ratis.XceiverServerRatis (XceiverServerRatis.java:getRealPort(502)) - XceiverServerRatis 9caa7045-5a70-40e0-915a-de4f864b73cf is started using port 33007 for RATIS
2022-07-02 07:25:11,622 [EndpointStateMachine task thread for /0.0.0.0:36909 - 0 ] INFO  ratis.XceiverServerRatis (XceiverServerRatis.java:getRealPort(502)) - XceiverServerRatis 9caa7045-5a70-40e0-915a-de4f864b73cf is started using port 33007 for RATIS_ADMIN
2022-07-02 07:25:11,622 [EndpointStateMachine task thread for /0.0.0.0:36909 - 0 ] INFO  ratis.XceiverServerRatis (XceiverServerRatis.java:getRealPort(502)) - XceiverServerRatis 9caa7045-5a70-40e0-915a-de4f864b73cf is started using port 33007 for RATIS_SERVER
2022-07-02 07:25:11,622 [org.apache.ratis.util.JvmPauseMonitor$$Lambda$611/1072797734@370c977a] INFO  util.JvmPauseMonitor (JvmPauseMonitor.java:run(103)) - JvmPauseMonitor-9caa7045-5a70-40e0-915a-de4f864b73cf: Started
2022-07-02 07:25:11,643 [Listener at 127.0.0.1/43657] INFO  reflections.Reflections (Reflections.java:scan(232)) - Reflections took 366 ms to scan 7 urls, producing 132 keys and 317 values 
2022-07-02 07:25:11,710 [Listener at 127.0.0.1/43657] INFO  statemachine.DatanodeStateMachine (DatanodeStateMachine.java:getEndPointTaskThreadPoolSize(237)) - Datanode State Machine Task Thread Pool size 2
2022-07-02 07:25:11,713 [Listener at 127.0.0.1/43657] INFO  volume.HddsVolume (HddsVolume.java:<init>(116)) - Creating HddsVolume: /home/runner/work/ozone/ozone/hadoop-ozone/integration-test/target/test-dir/MiniOzoneClusterImpl-61754a76-b51f-4318-8597-8262e590efb7/datanode-3/data-0/containers/hdds of storage type : DISK capacity : 9223372036854775807
2022-07-02 07:25:11,714 [Listener at 127.0.0.1/43657] INFO  volume.MutableVolumeSet (MutableVolumeSet.java:initializeVolumeSet(174)) - Added Volume : /home/runner/work/ozone/ozone/hadoop-ozone/integration-test/target/test-dir/MiniOzoneClusterImpl-61754a76-b51f-4318-8597-8262e590efb7/datanode-3/data-0/containers/hdds to VolumeSet
2022-07-02 07:25:11,714 [Listener at 127.0.0.1/43657] INFO  volume.ThrottledAsyncChecker (ThrottledAsyncChecker.java:schedule(141)) - Scheduling a check for /home/runner/work/ozone/ozone/hadoop-ozone/integration-test/target/test-dir/MiniOzoneClusterImpl-61754a76-b51f-4318-8597-8262e590efb7/datanode-3/data-0/containers/hdds
2022-07-02 07:25:11,715 [Listener at 127.0.0.1/43657] INFO  volume.StorageVolumeChecker (StorageVolumeChecker.java:checkAllVolumes(202)) - Scheduled health check for volume /home/runner/work/ozone/ozone/hadoop-ozone/integration-test/target/test-dir/MiniOzoneClusterImpl-61754a76-b51f-4318-8597-8262e590efb7/datanode-3/data-0/containers/hdds
2022-07-02 07:25:11,759 [EndpointStateMachine task thread for /0.0.0.0:36909 - 0 ] INFO  server.XceiverServerGrpc (XceiverServerGrpc.java:start(180)) - XceiverServerGrpc 9caa7045-5a70-40e0-915a-de4f864b73cf is started using port 40345
2022-07-02 07:25:11,815 [Listener at 127.0.0.1/43657] INFO  volume.MutableVolumeSet (MutableVolumeSet.java:initializeVolumeSet(174)) - Added Volume : /home/runner/work/ozone/ozone/hadoop-ozone/integration-test/target/test-dir/MiniOzoneClusterImpl-61754a76-b51f-4318-8597-8262e590efb7/datanode-3/data/ratis to VolumeSet
2022-07-02 07:25:11,815 [Listener at 127.0.0.1/43657] INFO  volume.ThrottledAsyncChecker (ThrottledAsyncChecker.java:schedule(141)) - Scheduling a check for /home/runner/work/ozone/ozone/hadoop-ozone/integration-test/target/test-dir/MiniOzoneClusterImpl-61754a76-b51f-4318-8597-8262e590efb7/datanode-3/data/ratis
2022-07-02 07:25:11,815 [Listener at 127.0.0.1/43657] INFO  volume.StorageVolumeChecker (StorageVolumeChecker.java:checkAllVolumes(202)) - Scheduled health check for volume /home/runner/work/ozone/ozone/hadoop-ozone/integration-test/target/test-dir/MiniOzoneClusterImpl-61754a76-b51f-4318-8597-8262e590efb7/datanode-3/data/ratis
2022-07-02 07:25:11,997 [Thread-2253] INFO  ozoneimpl.ContainerReader (ContainerReader.java:readVolume(172)) - Finish verifying containers on volume /home/runner/work/ozone/ozone/hadoop-ozone/integration-test/target/test-dir/MiniOzoneClusterImpl-61754a76-b51f-4318-8597-8262e590efb7/datanode-3/data-0/containers/hdds
2022-07-02 07:25:12,000 [Listener at 127.0.0.1/43657] INFO  ozoneimpl.OzoneContainer (OzoneContainer.java:buildContainerSet(266)) - Build ContainerSet costs 0s
2022-07-02 07:25:12,023 [Listener at 127.0.0.1/43657] INFO  server.RaftServer (ConfUtils.java:logGet(46)) - raft.rpc.type = GRPC (default)
2022-07-02 07:25:12,023 [Listener at 127.0.0.1/43657] INFO  grpc.GrpcFactory (GrpcFactory.java:checkPooledByteBufAllocatorUseCacheForAllThreads(48)) - PERFORMANCE WARNING: useCacheForAllThreads is true that may cause Netty to create a lot garbage objects and, as a result, trigger GC.
	It is recommended to disable useCacheForAllThreads by setting -Dorg.apache.ratis.thirdparty.io.netty.allocator.useCacheForAllThreads=false in command line.
2022-07-02 07:25:12,023 [Listener at 127.0.0.1/43657] INFO  grpc.GrpcConfigKeys (ConfUtils.java:logGet(46)) - raft.grpc.admin.port = 0 (custom)
2022-07-02 07:25:12,024 [Listener at 127.0.0.1/43657] INFO  grpc.GrpcConfigKeys (ConfUtils.java:logGet(46)) - raft.grpc.client.port = 0 (custom)
2022-07-02 07:25:12,024 [Listener at 127.0.0.1/43657] INFO  grpc.GrpcConfigKeys (ConfUtils.java:logGet(46)) - raft.grpc.server.port = 0 (default)
2022-07-02 07:25:12,024 [Listener at 127.0.0.1/43657] INFO  server.GrpcService (ConfUtils.java:logGet(46)) - raft.grpc.message.size.max = 32MB (=33554432) (custom)
2022-07-02 07:25:12,024 [Listener at 127.0.0.1/43657] INFO  server.RaftServerConfigKeys (ConfUtils.java:logGet(46)) - raft.server.log.appender.buffer.byte-limit = 33554432 (custom)
2022-07-02 07:25:12,024 [Listener at 127.0.0.1/43657] INFO  server.GrpcService (ConfUtils.java:logGet(46)) - raft.grpc.flow.control.window = 5MB (=5242880) (custom)
2022-07-02 07:25:12,024 [Listener at 127.0.0.1/43657] INFO  server.RaftServerConfigKeys (ConfUtils.java:logGet(46)) - raft.server.rpc.request.timeout = 60s (custom)
2022-07-02 07:25:12,024 [Listener at 127.0.0.1/43657] INFO  grpc.GrpcConfigKeys (ConfUtils.java:logGet(46)) - raft.grpc.server.async.request.thread.pool.cached = true (default)
2022-07-02 07:25:12,024 [Listener at 127.0.0.1/43657] INFO  grpc.GrpcConfigKeys (ConfUtils.java:logGet(46)) - raft.grpc.server.async.request.thread.pool.size = 32 (default)
2022-07-02 07:25:12,026 [Listener at 127.0.0.1/43657] INFO  impl.DataStreamServerImpl (ConfUtils.java:logGet(46)) - raft.datastream.type = DISABLED (default)
2022-07-02 07:25:12,026 [Listener at 127.0.0.1/43657] INFO  server.RaftServerConfigKeys (ConfUtils.java:logGet(46)) - raft.server.threadpool.proxy.cached = true (default)
2022-07-02 07:25:12,026 [Listener at 127.0.0.1/43657] INFO  server.RaftServerConfigKeys (ConfUtils.java:logGet(46)) - raft.server.threadpool.proxy.size = 0 (default)
2022-07-02 07:25:12,026 [Listener at 127.0.0.1/43657] INFO  server.RaftServerConfigKeys (ConfUtils.java:logGet(46)) - raft.server.rpc.slowness.timeout = 300s (custom)
2022-07-02 07:25:12,026 [Listener at 127.0.0.1/43657] INFO  server.RaftServerConfigKeys (ConfUtils.java:logGet(46)) - raft.server.leaderelection.leader.step-down.wait-time = 10s (default)
2022-07-02 07:25:12,026 [Listener at 127.0.0.1/43657] INFO  server.RaftServerConfigKeys (ConfUtils.java:logGet(46)) - raft.server.storage.dir = [/home/runner/work/ozone/ozone/hadoop-ozone/integration-test/target/test-dir/MiniOzoneClusterImpl-61754a76-b51f-4318-8597-8262e590efb7/datanode-3/data/ratis] (custom)
2022-07-02 07:25:12,031 [Listener at 127.0.0.1/43657] INFO  server.XceiverServerGrpc (XceiverServerGrpc.java:<init>(132)) - GrpcServer channel type EpollServerSocketChannel
2022-07-02 07:25:12,147 [Listener at 127.0.0.1/43657] INFO  http.BaseHttpServer (BaseHttpServer.java:newHttpServer2BuilderForOzone(209)) - Starting Web-server for hddsDatanode at: http://0.0.0.0:0
2022-07-02 07:25:12,147 [Listener at 127.0.0.1/43657] INFO  http.BaseHttpServer (BaseHttpServer.java:<init>(107)) - Hadoop Security Enabled: false Ozone Security Enabled: false Ozone HTTP Security Enabled: false 
2022-07-02 07:25:12,148 [Listener at 127.0.0.1/43657] INFO  server.AuthenticationFilter (AuthenticationFilter.java:constructSecretProvider(240)) - Unable to initialize FileSignerSecretProvider, falling back to use random secrets.
2022-07-02 07:25:12,156 [Listener at 127.0.0.1/43657] WARN  http.HttpRequestLog (HttpRequestLog.java:getRequestLog(103)) - Jetty request log can only be enabled using Log4j
2022-07-02 07:25:12,161 [Listener at 127.0.0.1/43657] INFO  http.HttpServer2 (HttpServer2.java:addGlobalFilter(1029)) - Added global filter 'safety' (class=org.apache.hadoop.hdds.server.http.HttpServer2$QuotingInputFilter)
2022-07-02 07:25:12,161 [Listener at 127.0.0.1/43657] INFO  http.HttpServer2 (HttpServer2.java:addFilter(1005)) - Added filter static_user_filter (class=org.apache.hadoop.http.lib.StaticUserWebFilter$StaticUserFilter) to context hddsDatanode
2022-07-02 07:25:12,161 [Listener at 127.0.0.1/43657] INFO  http.HttpServer2 (HttpServer2.java:addFilter(1013)) - Added filter static_user_filter (class=org.apache.hadoop.http.lib.StaticUserWebFilter$StaticUserFilter) to context static
2022-07-02 07:25:12,161 [Listener at 127.0.0.1/43657] INFO  http.HttpServer2 (HttpServer2.java:addFilter(1013)) - Added filter static_user_filter (class=org.apache.hadoop.http.lib.StaticUserWebFilter$StaticUserFilter) to context logs
2022-07-02 07:25:12,162 [Listener at 127.0.0.1/43657] INFO  http.HttpServer2 (HttpServer2.java:bindListener(1248)) - Jetty bound to port 45237
2022-07-02 07:25:12,162 [Listener at 127.0.0.1/43657] INFO  server.Server (Server.java:doStart(375)) - jetty-9.4.43.v20210629; built: 2021-06-30T11:07:22.254Z; git: 526006ecfa3af7f1a27ef3a288e2bef7ea9dd7e8; jvm 1.8.0_332-b09
2022-07-02 07:25:12,245 [Listener at 127.0.0.1/43657] INFO  server.session (DefaultSessionIdManager.java:doStart(334)) - DefaultSessionIdManager workerName=node0
2022-07-02 07:25:12,245 [Listener at 127.0.0.1/43657] INFO  server.session (DefaultSessionIdManager.java:doStart(339)) - No SessionScavenger set, using defaults
2022-07-02 07:25:12,245 [Listener at 127.0.0.1/43657] INFO  server.session (HouseKeeper.java:startScavenging(132)) - node0 Scavenging every 600000ms
2022-07-02 07:25:12,248 [Listener at 127.0.0.1/43657] INFO  handler.ContextHandler (ContextHandler.java:doStart(915)) - Started o.e.j.s.ServletContextHandler@365a0614{logs,/logs,file:///home/runner/work/ozone/ozone/hadoop-ozone/integration-test/target/log,AVAILABLE}
2022-07-02 07:25:12,248 [Listener at 127.0.0.1/43657] INFO  handler.ContextHandler (ContextHandler.java:doStart(915)) - Started o.e.j.s.ServletContextHandler@546d72d5{static,/static,jar:file:/home/runner/.m2/repository/org/apache/ozone/hdds-container-service/1.3.0-SNAPSHOT/hdds-container-service-1.3.0-SNAPSHOT.jar!/webapps/static,AVAILABLE}
2022-07-02 07:25:13,038 [Listener at 127.0.0.1/43657] INFO  handler.ContextHandler (ContextHandler.java:doStart(915)) - Started o.e.j.w.WebAppContext@1b8c10c0{hddsDatanode,/,file:///tmp/jetty-0_0_0_0-45237-hdds-container-service-1_3_0-SNAPSHOT_jar-_-any-3929427939701078822/webapp/,AVAILABLE}{jar:file:/home/runner/.m2/repository/org/apache/ozone/hdds-container-service/1.3.0-SNAPSHOT/hdds-container-service-1.3.0-SNAPSHOT.jar!/webapps/hddsDatanode}
2022-07-02 07:25:13,040 [Listener at 127.0.0.1/43657] INFO  server.AbstractConnector (AbstractConnector.java:doStart(331)) - Started ServerConnector@78c84e0b{HTTP/1.1, (http/1.1)}{0.0.0.0:45237}
2022-07-02 07:25:13,040 [Listener at 127.0.0.1/43657] INFO  server.Server (Server.java:doStart(415)) - Started @339650ms
2022-07-02 07:25:13,041 [Listener at 127.0.0.1/43657] WARN  impl.MetricsSystemImpl (MetricsSystemImpl.java:register(279)) - Sink prometheus already exists!
2022-07-02 07:25:13,041 [Listener at 127.0.0.1/43657] INFO  http.BaseHttpServer (BaseHttpServer.java:updateConnectorAddress(329)) - HTTP server of hddsDatanode listening at http://0.0.0.0:45237
2022-07-02 07:25:13,044 [Listener at 127.0.0.1/43657] WARN  impl.MetricRegistriesImpl (MetricRegistriesImpl.java:addReporterRegistration(111)) - New reporters are added after registries were created. Some metrics will be missing from the reporter. Please add reporter before adding any new registry.
2022-07-02 07:25:13,044 [Listener at 127.0.0.1/43657] WARN  impl.MetricRegistriesImpl (MetricRegistriesImpl.java:addReporterRegistration(111)) - New reporters are added after registries were created. Some metrics will be missing from the reporter. Please add reporter before adding any new registry.
2022-07-02 07:25:13,044 [Listener at 127.0.0.1/43657] INFO  impl.MetricsSystemImpl (MetricsSystemImpl.java:init(158)) - HddsDatanode metrics system started (again)
2022-07-02 07:25:13,068 [Datanode State Machine Daemon Thread] INFO  statemachine.DatanodeStateMachine (DatanodeStateMachine.java:lambda$startDaemon$0(492)) - Ozone container server started.
2022-07-02 07:25:13,171 [Listener at 127.0.0.1/43657] INFO  ozone.HddsDatanodeService (HddsDatanodeService.java:start(236)) - HddsDatanodeService host:fv-az444-838.dthhdds2jluu1c0oa55ndv1hsg.dx.internal.cloudapp.net ip:10.1.0.20
2022-07-02 07:25:13,180 [org.apache.hadoop.util.JvmPauseMonitor$Monitor@26b247b6] INFO  util.JvmPauseMonitor (JvmPauseMonitor.java:run(188)) - Starting JVM pause monitor
2022-07-02 07:25:13,225 [Datanode State Machine Task Thread - 0] INFO  datanode.InitDatanodeState (InitDatanodeState.java:persistContainerDatanodeDetails(138)) - DatanodeDetails is persisted to /home/runner/work/ozone/ozone/hadoop-ozone/integration-test/target/test-dir/MiniOzoneClusterImpl-61754a76-b51f-4318-8597-8262e590efb7/datanode-3/meta/datanode.id
2022-07-02 07:25:13,242 [IPC Server handler 0 on default port 36909] INFO  net.NetworkTopologyImpl (NetworkTopologyImpl.java:add(112)) - Added a new node: /default-rack/9caa7045-5a70-40e0-915a-de4f864b73cf
2022-07-02 07:25:13,242 [IPC Server handler 0 on default port 36909] INFO  node.SCMNodeManager (SCMNodeManager.java:register(397)) - Registered Data node : 9caa7045-5a70-40e0-915a-de4f864b73cf{ip: 10.1.0.20, host: fv-az444-838.dthhdds2jluu1c0oa55ndv1hsg.dx.internal.cloudapp.net, ports: [REPLICATION=41983, RATIS=33007, RATIS_ADMIN=33007, RATIS_SERVER=33007, STANDALONE=40345], networkLocation: /default-rack, certSerialId: null, persistedOpState: null, persistedOpStateExpiryEpochSec: 0}
2022-07-02 07:25:13,242 [EventQueue-NewNodeForNewNodeHandler] INFO  pipeline.BackgroundPipelineCreator (BackgroundPipelineCreator.java:notifyEventTriggered(275)) - trigger a one-shot run on RatisPipelineUtilsThread.
2022-07-02 07:25:13,242 [EventQueue-NodeRegistrationContainerReportForDataNodeSafeModeRule] INFO  safemode.SCMSafeModeManager (DataNodeSafeModeRule.java:process(71)) - SCM in safe mode. 2 DataNodes registered, 3 required.
2022-07-02 07:25:13,270 [RatisPipelineUtilsThread - 0] INFO  pipeline.RatisPipelineProvider (RatisPipelineProvider.java:lambda$create$0(195)) - Sending CreatePipelineCommand for pipeline:PipelineID=6464ba28-b05a-4a19-9631-6c0c8e5bfc1f to datanode:9caa7045-5a70-40e0-915a-de4f864b73cf
2022-07-02 07:25:13,271 [RatisPipelineUtilsThread - 0] INFO  pipeline.PipelineStateManagerImpl (PipelineStateManagerImpl.java:addPipeline(101)) - Created pipeline Pipeline[ Id: 6464ba28-b05a-4a19-9631-6c0c8e5bfc1f, Nodes: 9caa7045-5a70-40e0-915a-de4f864b73cf{ip: 10.1.0.20, host: fv-az444-838.dthhdds2jluu1c0oa55ndv1hsg.dx.internal.cloudapp.net, ports: [REPLICATION=41983, RATIS=33007, RATIS_ADMIN=33007, RATIS_SERVER=33007, STANDALONE=40345], networkLocation: /default-rack, certSerialId: null, persistedOpState: IN_SERVICE, persistedOpStateExpiryEpochSec: 0}, ReplicationConfig: RATIS/ONE, State:ALLOCATED, leaderId:, CreationTimestamp2022-07-02T07:25:13.270Z[Etc/UTC]].
2022-07-02 07:25:13,301 [Listener at 127.0.0.1/43657] INFO  upgrade.AbstractLayoutVersionManager (AbstractLayoutVersionManager.java:init(82)) - Initializing Layout version manager with metadata layout = DATANODE_SCHEMA_V3 (version = 4), software layout = DATANODE_SCHEMA_V3 (version = 4)
2022-07-02 07:25:13,341 [EndpointStateMachine task thread for /0.0.0.0:36909 - 0 ] INFO  volume.HddsVolume (HddsVolume.java:createDbStore(309)) - SchemaV3 db is created and loaded at /home/runner/work/ozone/ozone/hadoop-ozone/integration-test/target/test-dir/MiniOzoneClusterImpl-61754a76-b51f-4318-8597-8262e590efb7/datanode-2/data-0/containers/hdds/61754a76-b51f-4318-8597-8262e590efb7/DS-5245270f-e4f8-4536-8a3c-dc3f406ae622/container.db for volume DS-5245270f-e4f8-4536-8a3c-dc3f406ae622
2022-07-02 07:25:13,376 [EndpointStateMachine task thread for /0.0.0.0:36909 - 0 ] INFO  volume.HddsVolume (HddsVolume.java:closeDbStore(340)) - SchemaV3 db is stopped at /home/runner/work/ozone/ozone/hadoop-ozone/integration-test/target/test-dir/MiniOzoneClusterImpl-61754a76-b51f-4318-8597-8262e590efb7/datanode-2/data-0/containers/hdds/61754a76-b51f-4318-8597-8262e590efb7/DS-5245270f-e4f8-4536-8a3c-dc3f406ae622/container.db for volume DS-5245270f-e4f8-4536-8a3c-dc3f406ae622
2022-07-02 07:25:13,377 [EndpointStateMachine task thread for /0.0.0.0:36909 - 0 ] INFO  ozoneimpl.OzoneContainer (OzoneContainer.java:start(344)) - Attempting to start container services.
2022-07-02 07:25:13,377 [EndpointStateMachine task thread for /0.0.0.0:36909 - 0 ] INFO  ozoneimpl.OzoneContainer (OzoneContainer.java:startContainerScrub(279)) - Background container scanner has been disabled.
2022-07-02 07:25:13,408 [EndpointStateMachine task thread for /0.0.0.0:36909 - 0 ] INFO  replication.ReplicationServer (ReplicationServer.java:start(111)) - ReplicationServer is started using port 33395
2022-07-02 07:25:13,428 [EndpointStateMachine task thread for /0.0.0.0:36909 - 0 ] INFO  ratis.XceiverServerRatis (XceiverServerRatis.java:start(481)) - Starting XceiverServerRatis b3fa7f95-08ce-4cb9-ba7f-3dff0e499d93
2022-07-02 07:25:13,444 [EndpointStateMachine task thread for /0.0.0.0:36909 - 0 ] INFO  server.RaftServer (RaftServerProxy.java:lambda$start$6(382)) - b3fa7f95-08ce-4cb9-ba7f-3dff0e499d93: start RPC server
2022-07-02 07:25:13,463 [EndpointStateMachine task thread for /0.0.0.0:36909 - 0 ] INFO  server.GrpcService (GrpcService.java:startImpl(260)) - b3fa7f95-08ce-4cb9-ba7f-3dff0e499d93: GrpcService started, listening on 44337
2022-07-02 07:25:13,472 [EndpointStateMachine task thread for /0.0.0.0:36909 - 0 ] INFO  ratis.XceiverServerRatis (XceiverServerRatis.java:getRealPort(502)) - XceiverServerRatis b3fa7f95-08ce-4cb9-ba7f-3dff0e499d93 is started using port 44337 for RATIS
2022-07-02 07:25:13,472 [EndpointStateMachine task thread for /0.0.0.0:36909 - 0 ] INFO  ratis.XceiverServerRatis (XceiverServerRatis.java:getRealPort(502)) - XceiverServerRatis b3fa7f95-08ce-4cb9-ba7f-3dff0e499d93 is started using port 44337 for RATIS_ADMIN
2022-07-02 07:25:13,472 [EndpointStateMachine task thread for /0.0.0.0:36909 - 0 ] INFO  ratis.XceiverServerRatis (XceiverServerRatis.java:getRealPort(502)) - XceiverServerRatis b3fa7f95-08ce-4cb9-ba7f-3dff0e499d93 is started using port 44337 for RATIS_SERVER
2022-07-02 07:25:13,473 [org.apache.ratis.util.JvmPauseMonitor$$Lambda$611/1072797734@31e30c06] INFO  util.JvmPauseMonitor (JvmPauseMonitor.java:run(103)) - JvmPauseMonitor-b3fa7f95-08ce-4cb9-ba7f-3dff0e499d93: Started
2022-07-02 07:25:13,550 [EndpointStateMachine task thread for /0.0.0.0:36909 - 0 ] INFO  server.XceiverServerGrpc (XceiverServerGrpc.java:start(180)) - XceiverServerGrpc b3fa7f95-08ce-4cb9-ba7f-3dff0e499d93 is started using port 46731
2022-07-02 07:25:13,656 [Listener at 127.0.0.1/43657] INFO  reflections.Reflections (Reflections.java:scan(232)) - Reflections took 354 ms to scan 7 urls, producing 132 keys and 317 values 
2022-07-02 07:25:13,658 [Listener at 127.0.0.1/43657] INFO  statemachine.DatanodeStateMachine (DatanodeStateMachine.java:getEndPointTaskThreadPoolSize(237)) - Datanode State Machine Task Thread Pool size 2
2022-07-02 07:25:13,659 [Listener at 127.0.0.1/43657] INFO  volume.HddsVolume (HddsVolume.java:<init>(116)) - Creating HddsVolume: /home/runner/work/ozone/ozone/hadoop-ozone/integration-test/target/test-dir/MiniOzoneClusterImpl-61754a76-b51f-4318-8597-8262e590efb7/datanode-4/data-0/containers/hdds of storage type : DISK capacity : 9223372036854775807
2022-07-02 07:25:13,659 [Listener at 127.0.0.1/43657] INFO  volume.MutableVolumeSet (MutableVolumeSet.java:initializeVolumeSet(174)) - Added Volume : /home/runner/work/ozone/ozone/hadoop-ozone/integration-test/target/test-dir/MiniOzoneClusterImpl-61754a76-b51f-4318-8597-8262e590efb7/datanode-4/data-0/containers/hdds to VolumeSet
2022-07-02 07:25:13,659 [Listener at 127.0.0.1/43657] INFO  volume.ThrottledAsyncChecker (ThrottledAsyncChecker.java:schedule(141)) - Scheduling a check for /home/runner/work/ozone/ozone/hadoop-ozone/integration-test/target/test-dir/MiniOzoneClusterImpl-61754a76-b51f-4318-8597-8262e590efb7/datanode-4/data-0/containers/hdds
2022-07-02 07:25:13,660 [Listener at 127.0.0.1/43657] INFO  volume.StorageVolumeChecker (StorageVolumeChecker.java:checkAllVolumes(202)) - Scheduled health check for volume /home/runner/work/ozone/ozone/hadoop-ozone/integration-test/target/test-dir/MiniOzoneClusterImpl-61754a76-b51f-4318-8597-8262e590efb7/datanode-4/data-0/containers/hdds
2022-07-02 07:25:13,747 [Listener at 127.0.0.1/43657] INFO  volume.MutableVolumeSet (MutableVolumeSet.java:initializeVolumeSet(174)) - Added Volume : /home/runner/work/ozone/ozone/hadoop-ozone/integration-test/target/test-dir/MiniOzoneClusterImpl-61754a76-b51f-4318-8597-8262e590efb7/datanode-4/data/ratis to VolumeSet
2022-07-02 07:25:13,747 [Listener at 127.0.0.1/43657] INFO  volume.ThrottledAsyncChecker (ThrottledAsyncChecker.java:schedule(141)) - Scheduling a check for /home/runner/work/ozone/ozone/hadoop-ozone/integration-test/target/test-dir/MiniOzoneClusterImpl-61754a76-b51f-4318-8597-8262e590efb7/datanode-4/data/ratis
2022-07-02 07:25:13,748 [Listener at 127.0.0.1/43657] INFO  volume.StorageVolumeChecker (StorageVolumeChecker.java:checkAllVolumes(202)) - Scheduled health check for volume /home/runner/work/ozone/ozone/hadoop-ozone/integration-test/target/test-dir/MiniOzoneClusterImpl-61754a76-b51f-4318-8597-8262e590efb7/datanode-4/data/ratis
2022-07-02 07:25:13,760 [Thread-2270] INFO  ozoneimpl.ContainerReader (ContainerReader.java:readVolume(172)) - Finish verifying containers on volume /home/runner/work/ozone/ozone/hadoop-ozone/integration-test/target/test-dir/MiniOzoneClusterImpl-61754a76-b51f-4318-8597-8262e590efb7/datanode-4/data-0/containers/hdds
2022-07-02 07:25:13,760 [Listener at 127.0.0.1/43657] INFO  ozoneimpl.OzoneContainer (OzoneContainer.java:buildContainerSet(266)) - Build ContainerSet costs 0s
2022-07-02 07:25:13,762 [Listener at 127.0.0.1/43657] INFO  server.RaftServer (ConfUtils.java:logGet(46)) - raft.rpc.type = GRPC (default)
2022-07-02 07:25:13,762 [Listener at 127.0.0.1/43657] INFO  grpc.GrpcFactory (GrpcFactory.java:checkPooledByteBufAllocatorUseCacheForAllThreads(48)) - PERFORMANCE WARNING: useCacheForAllThreads is true that may cause Netty to create a lot garbage objects and, as a result, trigger GC.
	It is recommended to disable useCacheForAllThreads by setting -Dorg.apache.ratis.thirdparty.io.netty.allocator.useCacheForAllThreads=false in command line.
2022-07-02 07:25:13,762 [Listener at 127.0.0.1/43657] INFO  grpc.GrpcConfigKeys (ConfUtils.java:logGet(46)) - raft.grpc.admin.port = 0 (custom)
2022-07-02 07:25:13,762 [Listener at 127.0.0.1/43657] INFO  grpc.GrpcConfigKeys (ConfUtils.java:logGet(46)) - raft.grpc.client.port = 0 (custom)
2022-07-02 07:25:13,762 [Listener at 127.0.0.1/43657] INFO  grpc.GrpcConfigKeys (ConfUtils.java:logGet(46)) - raft.grpc.server.port = 0 (default)
2022-07-02 07:25:13,762 [Listener at 127.0.0.1/43657] INFO  server.GrpcService (ConfUtils.java:logGet(46)) - raft.grpc.message.size.max = 32MB (=33554432) (custom)
2022-07-02 07:25:13,763 [Listener at 127.0.0.1/43657] INFO  server.RaftServerConfigKeys (ConfUtils.java:logGet(46)) - raft.server.log.appender.buffer.byte-limit = 33554432 (custom)
2022-07-02 07:25:13,763 [Listener at 127.0.0.1/43657] INFO  server.GrpcService (ConfUtils.java:logGet(46)) - raft.grpc.flow.control.window = 5MB (=5242880) (custom)
2022-07-02 07:25:13,776 [Listener at 127.0.0.1/43657] INFO  server.RaftServerConfigKeys (ConfUtils.java:logGet(46)) - raft.server.rpc.request.timeout = 60s (custom)
2022-07-02 07:25:13,776 [Listener at 127.0.0.1/43657] INFO  grpc.GrpcConfigKeys (ConfUtils.java:logGet(46)) - raft.grpc.server.async.request.thread.pool.cached = true (default)
2022-07-02 07:25:13,776 [Listener at 127.0.0.1/43657] INFO  grpc.GrpcConfigKeys (ConfUtils.java:logGet(46)) - raft.grpc.server.async.request.thread.pool.size = 32 (default)
2022-07-02 07:25:13,778 [Listener at 127.0.0.1/43657] INFO  impl.DataStreamServerImpl (ConfUtils.java:logGet(46)) - raft.datastream.type = DISABLED (default)
2022-07-02 07:25:13,778 [Listener at 127.0.0.1/43657] INFO  server.RaftServerConfigKeys (ConfUtils.java:logGet(46)) - raft.server.threadpool.proxy.cached = true (default)
2022-07-02 07:25:13,778 [Listener at 127.0.0.1/43657] INFO  server.RaftServerConfigKeys (ConfUtils.java:logGet(46)) - raft.server.threadpool.proxy.size = 0 (default)
2022-07-02 07:25:13,778 [Listener at 127.0.0.1/43657] INFO  server.RaftServerConfigKeys (ConfUtils.java:logGet(46)) - raft.server.rpc.slowness.timeout = 300s (custom)
2022-07-02 07:25:13,778 [Listener at 127.0.0.1/43657] INFO  server.RaftServerConfigKeys (ConfUtils.java:logGet(46)) - raft.server.leaderelection.leader.step-down.wait-time = 10s (default)
2022-07-02 07:25:13,778 [Listener at 127.0.0.1/43657] INFO  server.RaftServerConfigKeys (ConfUtils.java:logGet(46)) - raft.server.storage.dir = [/home/runner/work/ozone/ozone/hadoop-ozone/integration-test/target/test-dir/MiniOzoneClusterImpl-61754a76-b51f-4318-8597-8262e590efb7/datanode-4/data/ratis] (custom)
2022-07-02 07:25:13,780 [Listener at 127.0.0.1/43657] INFO  server.XceiverServerGrpc (XceiverServerGrpc.java:<init>(132)) - GrpcServer channel type EpollServerSocketChannel
2022-07-02 07:25:13,825 [Listener at 127.0.0.1/43657] INFO  http.BaseHttpServer (BaseHttpServer.java:newHttpServer2BuilderForOzone(209)) - Starting Web-server for hddsDatanode at: http://0.0.0.0:0
2022-07-02 07:25:13,825 [Listener at 127.0.0.1/43657] INFO  http.BaseHttpServer (BaseHttpServer.java:<init>(107)) - Hadoop Security Enabled: false Ozone Security Enabled: false Ozone HTTP Security Enabled: false 
2022-07-02 07:25:13,826 [Listener at 127.0.0.1/43657] INFO  server.AuthenticationFilter (AuthenticationFilter.java:constructSecretProvider(240)) - Unable to initialize FileSignerSecretProvider, falling back to use random secrets.
2022-07-02 07:25:13,844 [Listener at 127.0.0.1/43657] WARN  http.HttpRequestLog (HttpRequestLog.java:getRequestLog(103)) - Jetty request log can only be enabled using Log4j
2022-07-02 07:25:13,850 [Listener at 127.0.0.1/43657] INFO  http.HttpServer2 (HttpServer2.java:addGlobalFilter(1029)) - Added global filter 'safety' (class=org.apache.hadoop.hdds.server.http.HttpServer2$QuotingInputFilter)
2022-07-02 07:25:13,851 [Listener at 127.0.0.1/43657] INFO  http.HttpServer2 (HttpServer2.java:addFilter(1005)) - Added filter static_user_filter (class=org.apache.hadoop.http.lib.StaticUserWebFilter$StaticUserFilter) to context hddsDatanode
2022-07-02 07:25:13,851 [Listener at 127.0.0.1/43657] INFO  http.HttpServer2 (HttpServer2.java:addFilter(1013)) - Added filter static_user_filter (class=org.apache.hadoop.http.lib.StaticUserWebFilter$StaticUserFilter) to context static
2022-07-02 07:25:13,851 [Listener at 127.0.0.1/43657] INFO  http.HttpServer2 (HttpServer2.java:addFilter(1013)) - Added filter static_user_filter (class=org.apache.hadoop.http.lib.StaticUserWebFilter$StaticUserFilter) to context logs
2022-07-02 07:25:13,852 [Listener at 127.0.0.1/43657] INFO  http.HttpServer2 (HttpServer2.java:bindListener(1248)) - Jetty bound to port 38373
2022-07-02 07:25:13,852 [Listener at 127.0.0.1/43657] INFO  server.Server (Server.java:doStart(375)) - jetty-9.4.43.v20210629; built: 2021-06-30T11:07:22.254Z; git: 526006ecfa3af7f1a27ef3a288e2bef7ea9dd7e8; jvm 1.8.0_332-b09
2022-07-02 07:25:14,018 [Listener at 127.0.0.1/43657] INFO  server.session (DefaultSessionIdManager.java:doStart(334)) - DefaultSessionIdManager workerName=node0
2022-07-02 07:25:14,018 [Listener at 127.0.0.1/43657] INFO  server.session (DefaultSessionIdManager.java:doStart(339)) - No SessionScavenger set, using defaults
2022-07-02 07:25:14,018 [Listener at 127.0.0.1/43657] INFO  server.session (HouseKeeper.java:startScavenging(132)) - node0 Scavenging every 660000ms
2022-07-02 07:25:14,019 [Listener at 127.0.0.1/43657] INFO  handler.ContextHandler (ContextHandler.java:doStart(915)) - Started o.e.j.s.ServletContextHandler@183bf445{logs,/logs,file:///home/runner/work/ozone/ozone/hadoop-ozone/integration-test/target/log,AVAILABLE}
2022-07-02 07:25:14,019 [Listener at 127.0.0.1/43657] INFO  handler.ContextHandler (ContextHandler.java:doStart(915)) - Started o.e.j.s.ServletContextHandler@5190c1c4{static,/static,jar:file:/home/runner/.m2/repository/org/apache/ozone/hdds-container-service/1.3.0-SNAPSHOT/hdds-container-service-1.3.0-SNAPSHOT.jar!/webapps/static,AVAILABLE}
2022-07-02 07:25:14,492 [Command processor thread] INFO  server.RaftServer (RaftServerProxy.java:addNew(96)) - df88482a-df69-428f-8950-05b0a5ebb4b0: addNew group-BC4A560CC980:[df88482a-df69-428f-8950-05b0a5ebb4b0|rpc:10.1.0.20:42229|priority:1] returns group-BC4A560CC980:java.util.concurrent.CompletableFuture@829998c[Not completed]
2022-07-02 07:25:14,493 [pool-1095-thread-1] INFO  server.RaftServer$Division (RaftServerImpl.java:<init>(190)) - df88482a-df69-428f-8950-05b0a5ebb4b0: new RaftServerImpl for group-BC4A560CC980:[df88482a-df69-428f-8950-05b0a5ebb4b0|rpc:10.1.0.20:42229|priority:1] with ContainerStateMachine:uninitialized
2022-07-02 07:25:14,493 [pool-1095-thread-1] INFO  server.RaftServerConfigKeys (ConfUtils.java:logGet(46)) - raft.server.rpc.timeout.min = 5s (custom)
2022-07-02 07:25:14,493 [pool-1095-thread-1] INFO  server.RaftServerConfigKeys (ConfUtils.java:logGet(46)) - raft.server.rpc.timeout.max = 5200ms (custom)
2022-07-02 07:25:14,493 [pool-1095-thread-1] INFO  server.RaftServerConfigKeys (ConfUtils.java:logGet(46)) - raft.server.rpc.sleep.time = 25ms (default)
2022-07-02 07:25:14,493 [pool-1095-thread-1] INFO  server.RaftServerConfigKeys (ConfUtils.java:logGet(46)) - raft.server.rpc.slowness.timeout = 300s (custom)
2022-07-02 07:25:14,494 [pool-1095-thread-1] INFO  server.RaftServerConfigKeys (ConfUtils.java:logGet(46)) - raft.server.leaderelection.leader.step-down.wait-time = 10s (default)
2022-07-02 07:25:14,494 [pool-1095-thread-1] INFO  server.RaftServerConfigKeys (ConfUtils.java:logGet(46)) - raft.server.sleep.deviation.threshold = 300ms (default)
2022-07-02 07:25:14,494 [pool-1095-thread-1] INFO  server.RaftServer$Division (ServerState.java:<init>(107)) - df88482a-df69-428f-8950-05b0a5ebb4b0@group-BC4A560CC980: ConfigurationManager, init=-1: [df88482a-df69-428f-8950-05b0a5ebb4b0|rpc:10.1.0.20:42229|priority:1], old=null, confs=<EMPTY_MAP>
2022-07-02 07:25:14,494 [pool-1095-thread-1] INFO  server.RaftServerConfigKeys (ConfUtils.java:logGet(46)) - raft.server.storage.dir = [/home/runner/work/ozone/ozone/hadoop-ozone/integration-test/target/test-dir/MiniOzoneClusterImpl-61754a76-b51f-4318-8597-8262e590efb7/datanode-0/data/ratis] (custom)
2022-07-02 07:25:14,494 [pool-1095-thread-1] INFO  server.RaftServerConfigKeys (ConfUtils.java:logGet(46)) - raft.server.log.corruption.policy = EXCEPTION (default)
2022-07-02 07:25:14,494 [pool-1095-thread-1] INFO  server.RaftServerConfigKeys (ConfUtils.java:logGet(46)) - raft.server.storage.free-space.min = 0MB (=0) (default)
2022-07-02 07:25:14,494 [pool-1095-thread-1] INFO  storage.RaftStorageDirectory (RaftStorageDirectoryImpl.java:analyzeStorage(135)) - The storage directory /home/runner/work/ozone/ozone/hadoop-ozone/integration-test/target/test-dir/MiniOzoneClusterImpl-61754a76-b51f-4318-8597-8262e590efb7/datanode-0/data/ratis/cb362fa9-ca37-49ef-a696-bc4a560cc980 does not exist. Creating ...
2022-07-02 07:25:14,528 [pool-1095-thread-1] INFO  storage.RaftStorageDirectory (RaftStorageDirectoryImpl.java:tryLock(230)) - Lock on /home/runner/work/ozone/ozone/hadoop-ozone/integration-test/target/test-dir/MiniOzoneClusterImpl-61754a76-b51f-4318-8597-8262e590efb7/datanode-0/data/ratis/cb362fa9-ca37-49ef-a696-bc4a560cc980/in_use.lock acquired by nodename 16391@fv-az444-838
2022-07-02 07:25:14,532 [pool-1095-thread-1] INFO  storage.RaftStorage (RaftStorageImpl.java:format(89)) - Storage directory /home/runner/work/ozone/ozone/hadoop-ozone/integration-test/target/test-dir/MiniOzoneClusterImpl-61754a76-b51f-4318-8597-8262e590efb7/datanode-0/data/ratis/cb362fa9-ca37-49ef-a696-bc4a560cc980 has been successfully formatted.
2022-07-02 07:25:14,568 [pool-1095-thread-1] INFO  ratis.ContainerStateMachine (ContainerStateMachine.java:loadSnapshot(236)) - group-BC4A560CC980: The snapshot info is null. Setting the last applied indexto:(t:0, i:~)
2022-07-02 07:25:14,571 [EventQueue-PipelineReportForPipelineReportHandler] INFO  pipeline.PipelineManagerImpl (PipelineManagerImpl.java:openPipeline(358)) - Pipeline Pipeline[ Id: cb362fa9-ca37-49ef-a696-bc4a560cc980, Nodes: df88482a-df69-428f-8950-05b0a5ebb4b0{ip: 10.1.0.20, host: fv-az444-838.dthhdds2jluu1c0oa55ndv1hsg.dx.internal.cloudapp.net, ports: [REPLICATION=38619, RATIS=42229, RATIS_ADMIN=42229, RATIS_SERVER=42229, STANDALONE=35291], networkLocation: /default-rack, certSerialId: null, persistedOpState: IN_SERVICE, persistedOpStateExpiryEpochSec: 0}, ReplicationConfig: RATIS/ONE, State:ALLOCATED, leaderId:df88482a-df69-428f-8950-05b0a5ebb4b0, CreationTimestamp2022-07-02T07:25:11.537Z[Etc/UTC]] moved to OPEN state
2022-07-02 07:25:14,617 [pool-1095-thread-1] INFO  server.RaftServerConfigKeys (ConfUtils.java:logGet(46)) - raft.server.notification.no-leader.timeout = 300s (custom)
2022-07-02 07:25:14,617 [pool-1095-thread-1] INFO  server.RaftServerConfigKeys (ConfUtils.java:logGet(46)) - raft.server.log.use.memory = false (default)
2022-07-02 07:25:14,617 [pool-1095-thread-1] INFO  server.RaftServerConfigKeys (ConfUtils.java:logGet(46)) - raft.server.log.purge.gap = 1000000 (custom)
2022-07-02 07:25:14,617 [pool-1095-thread-1] INFO  server.RaftServerConfigKeys (ConfUtils.java:logGet(46)) - raft.server.log.appender.buffer.byte-limit = 33554432 (custom)
2022-07-02 07:25:14,617 [pool-1095-thread-1] INFO  server.RaftServerConfigKeys (ConfUtils.java:logGet(46)) - raft.server.log.statemachine.data.read.timeout = 1000ms (default)
2022-07-02 07:25:14,617 [pool-1095-thread-1] INFO  server.RaftServerConfigKeys (ConfUtils.java:logGet(46)) - raft.server.log.segment.size.max = 1048576 (custom)
2022-07-02 07:25:14,618 [pool-1095-thread-1] INFO  server.RaftServerConfigKeys (ConfUtils.java:logGet(46)) - raft.server.log.segment.cache.num.max = 2 (custom)
2022-07-02 07:25:14,618 [pool-1095-thread-1] INFO  server.RaftServerConfigKeys (ConfUtils.java:logGet(46)) - raft.server.log.segment.cache.size.max = 200MB (=209715200) (default)
2022-07-02 07:25:14,618 [pool-1095-thread-1] INFO  segmented.SegmentedRaftLogWorker (SegmentedRaftLogWorker.java:<init>(187)) - new df88482a-df69-428f-8950-05b0a5ebb4b0@group-BC4A560CC980-SegmentedRaftLogWorker for RaftStorageImpl:Storage Directory /home/runner/work/ozone/ozone/hadoop-ozone/integration-test/target/test-dir/MiniOzoneClusterImpl-61754a76-b51f-4318-8597-8262e590efb7/datanode-0/data/ratis/cb362fa9-ca37-49ef-a696-bc4a560cc980
2022-07-02 07:25:14,618 [pool-1095-thread-1] INFO  server.RaftServerConfigKeys (ConfUtils.java:logGet(46)) - raft.server.log.queue.byte-limit = 4294967296 (custom)
2022-07-02 07:25:14,618 [pool-1095-thread-1] INFO  server.RaftServerConfigKeys (ConfUtils.java:logGet(46)) - raft.server.log.queue.element-limit = 1024 (custom)
2022-07-02 07:25:14,618 [pool-1095-thread-1] INFO  server.RaftServerConfigKeys (ConfUtils.java:logGet(46)) - raft.server.log.segment.size.max = 1048576 (custom)
2022-07-02 07:25:14,618 [pool-1095-thread-1] INFO  server.RaftServerConfigKeys (ConfUtils.java:logGet(46)) - raft.server.log.preallocated.size = 16384 (custom)
2022-07-02 07:25:14,618 [pool-1095-thread-1] INFO  server.RaftServerConfigKeys (ConfUtils.java:logGet(46)) - raft.server.log.force.sync.num = 128 (default)
2022-07-02 07:25:14,618 [pool-1095-thread-1] INFO  server.RaftServerConfigKeys (ConfUtils.java:logGet(46)) - raft.server.log.statemachine.data.sync = true (default)
2022-07-02 07:25:14,618 [pool-1095-thread-1] INFO  server.RaftServerConfigKeys (ConfUtils.java:logGet(46)) - raft.server.log.statemachine.data.sync.timeout = 10s (default)
2022-07-02 07:25:14,618 [pool-1095-thread-1] INFO  server.RaftServerConfigKeys (ConfUtils.java:logGet(46)) - raft.server.log.statemachine.data.sync.timeout.retry = -1 (default)
2022-07-02 07:25:14,619 [pool-1095-thread-1] INFO  server.RaftServerConfigKeys (ConfUtils.java:logGet(46)) - raft.server.log.write.buffer.size = 1048576 (custom)
2022-07-02 07:25:14,655 [pool-1095-thread-1] INFO  server.RaftServerConfigKeys (ConfUtils.java:logGet(46)) - raft.server.log.unsafe-flush.enabled = false (default)
2022-07-02 07:25:14,655 [pool-1095-thread-1] INFO  server.RaftServerConfigKeys (ConfUtils.java:logGet(46)) - raft.server.log.statemachine.data.caching.enabled = true (custom)
2022-07-02 07:25:14,655 [pool-1095-thread-1] INFO  segmented.SegmentedRaftLogWorker (SegmentedRaftLogWorker.java:lambda$new$0(135)) - df88482a-df69-428f-8950-05b0a5ebb4b0@group-BC4A560CC980-SegmentedRaftLogWorker: flushIndex: setUnconditionally 0 -> -1
2022-07-02 07:25:14,656 [pool-1095-thread-1] INFO  segmented.SegmentedRaftLogWorker (SegmentedRaftLogWorker.java:lambda$new$0(135)) - df88482a-df69-428f-8950-05b0a5ebb4b0@group-BC4A560CC980-SegmentedRaftLogWorker: safeCacheEvictIndex: setUnconditionally 0 -> -1
2022-07-02 07:25:14,659 [pool-1095-thread-1] INFO  server.RaftServerConfigKeys (ConfUtils.java:logGet(46)) - raft.server.snapshot.auto.trigger.enabled = true (custom)
2022-07-02 07:25:14,659 [pool-1095-thread-1] INFO  server.RaftServerConfigKeys (ConfUtils.java:logGet(46)) - raft.server.snapshot.auto.trigger.threshold = 10000 (custom)
2022-07-02 07:25:14,659 [pool-1095-thread-1] INFO  server.RaftServerConfigKeys (ConfUtils.java:logGet(46)) - raft.server.snapshot.retention.file.num = 5 (custom)
2022-07-02 07:25:14,659 [pool-1095-thread-1] INFO  server.RaftServerConfigKeys (ConfUtils.java:logGet(46)) - raft.server.log.purge.upto.snapshot.index = false (default)
2022-07-02 07:25:14,659 [pool-1095-thread-1] INFO  server.RaftServerConfigKeys (ConfUtils.java:logGet(46)) - raft.server.retrycache.expirytime = 600000ms (custom)
2022-07-02 07:25:14,659 [pool-1095-thread-1] INFO  server.RaftServerConfigKeys (ConfUtils.java:logGet(46)) - raft.server.retrycache.statistics.expirytime = 100μs (default)
2022-07-02 07:25:14,675 [EventQueue-OpenPipelineForHealthyPipelineSafeModeRule] INFO  safemode.SCMSafeModeManager (HealthyPipelineSafeModeRule.java:process(124)) - SCM in safe mode. Healthy pipelines reported count is 0, required healthy pipeline reported count is 1
2022-07-02 07:25:14,696 [pool-1095-thread-1] INFO  server.RaftServerConfigKeys (ConfUtils.java:logGet(46)) - raft.server.log.appender.install.snapshot.enabled = false (custom)
2022-07-02 07:25:14,696 [pool-1095-thread-1] INFO  server.RaftServerConfigKeys (ConfUtils.java:logGet(46)) - raft.server.threadpool.server.cached = true (default)
2022-07-02 07:25:14,696 [pool-1095-thread-1] INFO  server.RaftServerConfigKeys (ConfUtils.java:logGet(46)) - raft.server.threadpool.server.size = 0 (default)
2022-07-02 07:25:14,696 [pool-1095-thread-1] INFO  server.RaftServerConfigKeys (ConfUtils.java:logGet(46)) - raft.server.threadpool.client.cached = true (default)
2022-07-02 07:25:14,696 [pool-1095-thread-1] INFO  server.RaftServerConfigKeys (ConfUtils.java:logGet(46)) - raft.server.threadpool.client.size = 0 (default)
2022-07-02 07:25:14,700 [pool-1095-thread-1] INFO  server.RaftServer$Division (RaftServerImpl.java:start(310)) - df88482a-df69-428f-8950-05b0a5ebb4b0@group-BC4A560CC980: start as a follower, conf=-1: [df88482a-df69-428f-8950-05b0a5ebb4b0|rpc:10.1.0.20:42229|priority:1], old=null
2022-07-02 07:25:14,700 [pool-1095-thread-1] INFO  server.RaftServer$Division (RaftServerImpl.java:setRole(299)) - df88482a-df69-428f-8950-05b0a5ebb4b0@group-BC4A560CC980: changes role from      null to FOLLOWER at term 0 for startAsFollower
2022-07-02 07:25:14,700 [pool-1095-thread-1] INFO  impl.RoleInfo (RoleInfo.java:updateAndGet(139)) - df88482a-df69-428f-8950-05b0a5ebb4b0: start df88482a-df69-428f-8950-05b0a5ebb4b0@group-BC4A560CC980-FollowerState
2022-07-02 07:25:14,704 [pool-1095-thread-1] INFO  util.JmxRegister (JmxRegister.java:tryRegister(44)) - Successfully registered JMX Bean with object name Ratis:service=RaftServer,group=group-BC4A560CC980,id=df88482a-df69-428f-8950-05b0a5ebb4b0
2022-07-02 07:25:14,728 [Command processor thread] INFO  ratis.XceiverServerRatis (XceiverServerRatis.java:addGroup(765)) - Created group PipelineID=cb362fa9-ca37-49ef-a696-bc4a560cc980
2022-07-02 07:25:14,728 [Command processor thread] INFO  commandhandler.CreatePipelineCommandHandler (CreatePipelineCommandHandler.java:handle(113)) - Created Pipeline RATIS ONE PipelineID=cb362fa9-ca37-49ef-a696-bc4a560cc980.
2022-07-02 07:25:15,042 [Listener at 127.0.0.1/43657] INFO  handler.ContextHandler (ContextHandler.java:doStart(915)) - Started o.e.j.w.WebAppContext@536013c6{hddsDatanode,/,file:///tmp/jetty-0_0_0_0-38373-hdds-container-service-1_3_0-SNAPSHOT_jar-_-any-6840384060425007310/webapp/,AVAILABLE}{jar:file:/home/runner/.m2/repository/org/apache/ozone/hdds-container-service/1.3.0-SNAPSHOT/hdds-container-service-1.3.0-SNAPSHOT.jar!/webapps/hddsDatanode}
2022-07-02 07:25:15,052 [Listener at 127.0.0.1/43657] INFO  server.AbstractConnector (AbstractConnector.java:doStart(331)) - Started ServerConnector@b1d9567{HTTP/1.1, (http/1.1)}{0.0.0.0:38373}
2022-07-02 07:25:15,052 [Listener at 127.0.0.1/43657] INFO  server.Server (Server.java:doStart(415)) - Started @341662ms
2022-07-02 07:25:15,052 [Listener at 127.0.0.1/43657] WARN  impl.MetricsSystemImpl (MetricsSystemImpl.java:register(279)) - Sink prometheus already exists!
2022-07-02 07:25:15,068 [Listener at 127.0.0.1/43657] INFO  http.BaseHttpServer (BaseHttpServer.java:updateConnectorAddress(329)) - HTTP server of hddsDatanode listening at http://0.0.0.0:38373
2022-07-02 07:25:15,094 [Listener at 127.0.0.1/43657] INFO  ozone.MiniOzoneClusterImpl (MiniOzoneClusterImpl.java:lambda$waitForClusterToBeReady$0(223)) - Waiting for nodes to be ready. Got 2 of 5 DN Heartbeats.
2022-07-02 07:25:15,094 [Listener at 127.0.0.1/43657] INFO  ozone.MiniOzoneClusterImpl (MiniOzoneClusterImpl.java:lambda$waitForClusterToBeReady$0(226)) - Waiting for cluster to exit safe mode
2022-07-02 07:25:15,094 [Listener at 127.0.0.1/43657] INFO  ozone.MiniOzoneClusterImpl (MiniOzoneClusterImpl.java:lambda$waitForClusterToBeReady$0(228)) - SCM became leader
2022-07-02 07:25:15,100 [Datanode State Machine Daemon Thread] INFO  statemachine.DatanodeStateMachine (DatanodeStateMachine.java:lambda$startDaemon$0(492)) - Ozone container server started.
2022-07-02 07:25:15,140 [org.apache.hadoop.util.JvmPauseMonitor$Monitor@72735048] INFO  util.JvmPauseMonitor (JvmPauseMonitor.java:run(188)) - Starting JVM pause monitor
2022-07-02 07:25:15,146 [Datanode State Machine Task Thread - 0] INFO  datanode.InitDatanodeState (InitDatanodeState.java:persistContainerDatanodeDetails(138)) - DatanodeDetails is persisted to /home/runner/work/ozone/ozone/hadoop-ozone/integration-test/target/test-dir/MiniOzoneClusterImpl-61754a76-b51f-4318-8597-8262e590efb7/datanode-4/meta/datanode.id
2022-07-02 07:25:15,164 [IPC Server handler 7 on default port 36909] INFO  net.NetworkTopologyImpl (NetworkTopologyImpl.java:add(112)) - Added a new node: /default-rack/b3fa7f95-08ce-4cb9-ba7f-3dff0e499d93
2022-07-02 07:25:15,164 [IPC Server handler 7 on default port 36909] INFO  node.SCMNodeManager (SCMNodeManager.java:register(397)) - Registered Data node : b3fa7f95-08ce-4cb9-ba7f-3dff0e499d93{ip: 10.1.0.20, host: fv-az444-838.dthhdds2jluu1c0oa55ndv1hsg.dx.internal.cloudapp.net, ports: [REPLICATION=33395, RATIS=44337, RATIS_ADMIN=44337, RATIS_SERVER=44337, STANDALONE=46731], networkLocation: /default-rack, certSerialId: null, persistedOpState: null, persistedOpStateExpiryEpochSec: 0}
2022-07-02 07:25:15,165 [EventQueue-NewNodeForNewNodeHandler] INFO  pipeline.BackgroundPipelineCreator (BackgroundPipelineCreator.java:notifyEventTriggered(275)) - trigger a one-shot run on RatisPipelineUtilsThread.
2022-07-02 07:25:15,193 [EventQueue-NodeRegistrationContainerReportForDataNodeSafeModeRule] INFO  safemode.SCMSafeModeManager (DataNodeSafeModeRule.java:process(71)) - SCM in safe mode. 3 DataNodes registered, 3 required.
2022-07-02 07:25:15,193 [EventQueue-NodeRegistrationContainerReportForDataNodeSafeModeRule] INFO  safemode.SCMSafeModeManager (SCMSafeModeManager.java:validateSafeModeExitRules(204)) - DataNodeSafeModeRule rule is successfully validated
2022-07-02 07:25:15,193 [EventQueue-NodeRegistrationContainerReportForDataNodeSafeModeRule] INFO  safemode.SCMSafeModeManager (SCMSafeModeManager.java:completePreCheck(233)) - All SCM safe mode pre check rules have passed
2022-07-02 07:25:15,193 [EventQueue-NodeRegistrationContainerReportForDataNodeSafeModeRule] WARN  events.EventQueue (EventQueue.java:fireEvent(216)) - No event handler registered for event TypedEvent{payloadType=SafeModeStatus, name='Safe mode status'}
2022-07-02 07:25:15,193 [EventQueue-NodeRegistrationContainerReportForDataNodeSafeModeRule] INFO  ha.SCMContext (SCMContext.java:updateSafeModeStatus(228)) - Update SafeModeStatus from SafeModeStatus{safeModeStatus=true, preCheckPassed=false} to SafeModeStatus{safeModeStatus=true, preCheckPassed=true}.
2022-07-02 07:25:15,193 [EventQueue-NodeRegistrationContainerReportForDataNodeSafeModeRule] INFO  pipeline.BackgroundPipelineCreator (BackgroundPipelineCreator.java:notifyEventTriggered(275)) - trigger a one-shot run on RatisPipelineUtilsThread.
2022-07-02 07:25:15,197 [RatisPipelineUtilsThread - 0] INFO  pipeline.RatisPipelineProvider (RatisPipelineProvider.java:lambda$create$0(195)) - Sending CreatePipelineCommand for pipeline:PipelineID=0e084f84-8a1f-4b4e-9d5a-58ebe7dabc6f to datanode:b3fa7f95-08ce-4cb9-ba7f-3dff0e499d93
2022-07-02 07:25:15,198 [RatisPipelineUtilsThread - 0] INFO  pipeline.PipelineStateManagerImpl (PipelineStateManagerImpl.java:addPipeline(101)) - Created pipeline Pipeline[ Id: 0e084f84-8a1f-4b4e-9d5a-58ebe7dabc6f, Nodes: b3fa7f95-08ce-4cb9-ba7f-3dff0e499d93{ip: 10.1.0.20, host: fv-az444-838.dthhdds2jluu1c0oa55ndv1hsg.dx.internal.cloudapp.net, ports: [REPLICATION=33395, RATIS=44337, RATIS_ADMIN=44337, RATIS_SERVER=44337, STANDALONE=46731], networkLocation: /default-rack, certSerialId: null, persistedOpState: IN_SERVICE, persistedOpStateExpiryEpochSec: 0}, ReplicationConfig: RATIS/ONE, State:ALLOCATED, leaderId:, CreationTimestamp2022-07-02T07:25:15.197Z[Etc/UTC]].
2022-07-02 07:25:15,198 [RatisPipelineUtilsThread - 0] INFO  pipeline.RatisPipelineProvider (RatisPipelineProvider.java:lambda$create$0(195)) - Sending CreatePipelineCommand for pipeline:PipelineID=e97cfca6-08f0-4a6f-8225-12047813e660 to datanode:b3fa7f95-08ce-4cb9-ba7f-3dff0e499d93
2022-07-02 07:25:15,198 [RatisPipelineUtilsThread - 0] INFO  pipeline.RatisPipelineProvider (RatisPipelineProvider.java:lambda$create$0(195)) - Sending CreatePipelineCommand for pipeline:PipelineID=e97cfca6-08f0-4a6f-8225-12047813e660 to datanode:9caa7045-5a70-40e0-915a-de4f864b73cf
2022-07-02 07:25:15,198 [RatisPipelineUtilsThread - 0] INFO  pipeline.RatisPipelineProvider (RatisPipelineProvider.java:lambda$create$0(195)) - Sending CreatePipelineCommand for pipeline:PipelineID=e97cfca6-08f0-4a6f-8225-12047813e660 to datanode:df88482a-df69-428f-8950-05b0a5ebb4b0
2022-07-02 07:25:15,198 [RatisPipelineUtilsThread - 0] INFO  pipeline.PipelineStateManagerImpl (PipelineStateManagerImpl.java:addPipeline(101)) - Created pipeline Pipeline[ Id: e97cfca6-08f0-4a6f-8225-12047813e660, Nodes: b3fa7f95-08ce-4cb9-ba7f-3dff0e499d93{ip: 10.1.0.20, host: fv-az444-838.dthhdds2jluu1c0oa55ndv1hsg.dx.internal.cloudapp.net, ports: [REPLICATION=33395, RATIS=44337, RATIS_ADMIN=44337, RATIS_SERVER=44337, STANDALONE=46731], networkLocation: /default-rack, certSerialId: null, persistedOpState: IN_SERVICE, persistedOpStateExpiryEpochSec: 0}9caa7045-5a70-40e0-915a-de4f864b73cf{ip: 10.1.0.20, host: fv-az444-838.dthhdds2jluu1c0oa55ndv1hsg.dx.internal.cloudapp.net, ports: [REPLICATION=41983, RATIS=33007, RATIS_ADMIN=33007, RATIS_SERVER=33007, STANDALONE=40345], networkLocation: /default-rack, certSerialId: null, persistedOpState: IN_SERVICE, persistedOpStateExpiryEpochSec: 0}df88482a-df69-428f-8950-05b0a5ebb4b0{ip: 10.1.0.20, host: fv-az444-838.dthhdds2jluu1c0oa55ndv1hsg.dx.internal.cloudapp.net, ports: [REPLICATION=38619, RATIS=42229, RATIS_ADMIN=42229, RATIS_SERVER=42229, STANDALONE=35291], networkLocation: /default-rack, certSerialId: null, persistedOpState: IN_SERVICE, persistedOpStateExpiryEpochSec: 0}, ReplicationConfig: RATIS/THREE, State:ALLOCATED, leaderId:, CreationTimestamp2022-07-02T07:25:15.198Z[Etc/UTC]].
2022-07-02 07:25:15,199 [RatisPipelineUtilsThread - 0] INFO  pipeline.RatisPipelineProvider (RatisPipelineProvider.java:lambda$create$0(195)) - Sending CreatePipelineCommand for pipeline:PipelineID=fd376a5b-ef2d-4cdc-a791-8e2393e40596 to datanode:df88482a-df69-428f-8950-05b0a5ebb4b0
2022-07-02 07:25:15,199 [RatisPipelineUtilsThread - 0] INFO  pipeline.RatisPipelineProvider (RatisPipelineProvider.java:lambda$create$0(195)) - Sending CreatePipelineCommand for pipeline:PipelineID=fd376a5b-ef2d-4cdc-a791-8e2393e40596 to datanode:9caa7045-5a70-40e0-915a-de4f864b73cf
2022-07-02 07:25:15,199 [RatisPipelineUtilsThread - 0] INFO  pipeline.RatisPipelineProvider (RatisPipelineProvider.java:lambda$create$0(195)) - Sending CreatePipelineCommand for pipeline:PipelineID=fd376a5b-ef2d-4cdc-a791-8e2393e40596 to datanode:b3fa7f95-08ce-4cb9-ba7f-3dff0e499d93
2022-07-02 07:25:15,199 [RatisPipelineUtilsThread - 0] INFO  pipeline.PipelineStateManagerImpl (PipelineStateManagerImpl.java:addPipeline(101)) - Created pipeline Pipeline[ Id: fd376a5b-ef2d-4cdc-a791-8e2393e40596, Nodes: df88482a-df69-428f-8950-05b0a5ebb4b0{ip: 10.1.0.20, host: fv-az444-838.dthhdds2jluu1c0oa55ndv1hsg.dx.internal.cloudapp.net, ports: [REPLICATION=38619, RATIS=42229, RATIS_ADMIN=42229, RATIS_SERVER=42229, STANDALONE=35291], networkLocation: /default-rack, certSerialId: null, persistedOpState: IN_SERVICE, persistedOpStateExpiryEpochSec: 0}9caa7045-5a70-40e0-915a-de4f864b73cf{ip: 10.1.0.20, host: fv-az444-838.dthhdds2jluu1c0oa55ndv1hsg.dx.internal.cloudapp.net, ports: [REPLICATION=41983, RATIS=33007, RATIS_ADMIN=33007, RATIS_SERVER=33007, STANDALONE=40345], networkLocation: /default-rack, certSerialId: null, persistedOpState: IN_SERVICE, persistedOpStateExpiryEpochSec: 0}b3fa7f95-08ce-4cb9-ba7f-3dff0e499d93{ip: 10.1.0.20, host: fv-az444-838.dthhdds2jluu1c0oa55ndv1hsg.dx.internal.cloudapp.net, ports: [REPLICATION=33395, RATIS=44337, RATIS_ADMIN=44337, RATIS_SERVER=44337, STANDALONE=46731], networkLocation: /default-rack, certSerialId: null, persistedOpState: IN_SERVICE, persistedOpStateExpiryEpochSec: 0}, ReplicationConfig: RATIS/THREE, State:ALLOCATED, leaderId:, CreationTimestamp2022-07-02T07:25:15.199Z[Etc/UTC]].
2022-07-02 07:25:15,199 [RatisPipelineUtilsThread - 0] INFO  pipeline.PipelineManagerImpl (PipelineManagerImpl.java:recordMetricsForPipeline(780)) - Pipeline: PipelineID=fd376a5b-ef2d-4cdc-a791-8e2393e40596 contains same datanodes as previous pipelines: PipelineID=e97cfca6-08f0-4a6f-8225-12047813e660 nodeIds: df88482a-df69-428f-8950-05b0a5ebb4b0, 9caa7045-5a70-40e0-915a-de4f864b73cf, b3fa7f95-08ce-4cb9-ba7f-3dff0e499d93
2022-07-02 07:25:15,341 [EndpointStateMachine task thread for /0.0.0.0:36909 - 0 ] INFO  volume.HddsVolume (HddsVolume.java:createDbStore(309)) - SchemaV3 db is created and loaded at /home/runner/work/ozone/ozone/hadoop-ozone/integration-test/target/test-dir/MiniOzoneClusterImpl-61754a76-b51f-4318-8597-8262e590efb7/datanode-3/data-0/containers/hdds/61754a76-b51f-4318-8597-8262e590efb7/DS-8ee9fb4a-3cb4-4a34-b169-c2ac420436c0/container.db for volume DS-8ee9fb4a-3cb4-4a34-b169-c2ac420436c0
2022-07-02 07:25:15,341 [EndpointStateMachine task thread for /0.0.0.0:36909 - 0 ] INFO  volume.HddsVolume (HddsVolume.java:closeDbStore(340)) - SchemaV3 db is stopped at /home/runner/work/ozone/ozone/hadoop-ozone/integration-test/target/test-dir/MiniOzoneClusterImpl-61754a76-b51f-4318-8597-8262e590efb7/datanode-3/data-0/containers/hdds/61754a76-b51f-4318-8597-8262e590efb7/DS-8ee9fb4a-3cb4-4a34-b169-c2ac420436c0/container.db for volume DS-8ee9fb4a-3cb4-4a34-b169-c2ac420436c0
2022-07-02 07:25:15,341 [EndpointStateMachine task thread for /0.0.0.0:36909 - 0 ] INFO  ozoneimpl.OzoneContainer (OzoneContainer.java:start(344)) - Attempting to start container services.
2022-07-02 07:25:15,341 [EndpointStateMachine task thread for /0.0.0.0:36909 - 0 ] INFO  ozoneimpl.OzoneContainer (OzoneContainer.java:startContainerScrub(279)) - Background container scanner has been disabled.
2022-07-02 07:25:15,393 [EndpointStateMachine task thread for /0.0.0.0:36909 - 0 ] INFO  replication.ReplicationServer (ReplicationServer.java:start(111)) - ReplicationServer is started using port 39437
2022-07-02 07:25:15,394 [EndpointStateMachine task thread for /0.0.0.0:36909 - 0 ] INFO  ratis.XceiverServerRatis (XceiverServerRatis.java:start(481)) - Starting XceiverServerRatis 9dbfc124-a633-4049-88ff-e9b3a2f880bb
2022-07-02 07:25:15,398 [EndpointStateMachine task thread for /0.0.0.0:36909 - 0 ] INFO  server.RaftServer (RaftServerProxy.java:lambda$start$6(382)) - 9dbfc124-a633-4049-88ff-e9b3a2f880bb: start RPC server
2022-07-02 07:25:15,404 [EndpointStateMachine task thread for /0.0.0.0:36909 - 0 ] INFO  server.GrpcService (GrpcService.java:startImpl(260)) - 9dbfc124-a633-4049-88ff-e9b3a2f880bb: GrpcService started, listening on 34393
2022-07-02 07:25:15,406 [EndpointStateMachine task thread for /0.0.0.0:36909 - 0 ] INFO  ratis.XceiverServerRatis (XceiverServerRatis.java:getRealPort(502)) - XceiverServerRatis 9dbfc124-a633-4049-88ff-e9b3a2f880bb is started using port 34393 for RATIS
2022-07-02 07:25:15,406 [EndpointStateMachine task thread for /0.0.0.0:36909 - 0 ] INFO  ratis.XceiverServerRatis (XceiverServerRatis.java:getRealPort(502)) - XceiverServerRatis 9dbfc124-a633-4049-88ff-e9b3a2f880bb is started using port 34393 for RATIS_ADMIN
2022-07-02 07:25:15,406 [EndpointStateMachine task thread for /0.0.0.0:36909 - 0 ] INFO  ratis.XceiverServerRatis (XceiverServerRatis.java:getRealPort(502)) - XceiverServerRatis 9dbfc124-a633-4049-88ff-e9b3a2f880bb is started using port 34393 for RATIS_SERVER
2022-07-02 07:25:15,406 [org.apache.ratis.util.JvmPauseMonitor$$Lambda$611/1072797734@1f5739a3] INFO  util.JvmPauseMonitor (JvmPauseMonitor.java:run(103)) - JvmPauseMonitor-9dbfc124-a633-4049-88ff-e9b3a2f880bb: Started
2022-07-02 07:25:15,455 [EndpointStateMachine task thread for /0.0.0.0:36909 - 0 ] INFO  server.XceiverServerGrpc (XceiverServerGrpc.java:start(180)) - XceiverServerGrpc 9dbfc124-a633-4049-88ff-e9b3a2f880bb is started using port 33037
2022-07-02 07:25:16,095 [Listener at 127.0.0.1/43657] INFO  ozone.MiniOzoneClusterImpl (MiniOzoneClusterImpl.java:lambda$waitForClusterToBeReady$0(223)) - Waiting for nodes to be ready. Got 3 of 5 DN Heartbeats.
2022-07-02 07:25:16,095 [Listener at 127.0.0.1/43657] INFO  ozone.MiniOzoneClusterImpl (MiniOzoneClusterImpl.java:lambda$waitForClusterToBeReady$0(226)) - Waiting for cluster to exit safe mode
2022-07-02 07:25:16,095 [Listener at 127.0.0.1/43657] INFO  ozone.MiniOzoneClusterImpl (MiniOzoneClusterImpl.java:lambda$waitForClusterToBeReady$0(228)) - SCM became leader
2022-07-02 07:25:16,264 [Command processor thread] INFO  server.RaftServer (RaftServerProxy.java:addNew(96)) - 9caa7045-5a70-40e0-915a-de4f864b73cf: addNew group-6C0C8E5BFC1F:[9caa7045-5a70-40e0-915a-de4f864b73cf|rpc:10.1.0.20:33007|priority:1] returns group-6C0C8E5BFC1F:java.util.concurrent.CompletableFuture@e282431[Not completed]
2022-07-02 07:25:16,281 [pool-1118-thread-1] INFO  server.RaftServer$Division (RaftServerImpl.java:<init>(190)) - 9caa7045-5a70-40e0-915a-de4f864b73cf: new RaftServerImpl for group-6C0C8E5BFC1F:[9caa7045-5a70-40e0-915a-de4f864b73cf|rpc:10.1.0.20:33007|priority:1] with ContainerStateMachine:uninitialized
2022-07-02 07:25:16,281 [pool-1118-thread-1] INFO  server.RaftServerConfigKeys (ConfUtils.java:logGet(46)) - raft.server.rpc.timeout.min = 5s (custom)
2022-07-02 07:25:16,281 [pool-1118-thread-1] INFO  server.RaftServerConfigKeys (ConfUtils.java:logGet(46)) - raft.server.rpc.timeout.max = 5200ms (custom)
2022-07-02 07:25:16,281 [pool-1118-thread-1] INFO  server.RaftServerConfigKeys (ConfUtils.java:logGet(46)) - raft.server.rpc.sleep.time = 25ms (default)
2022-07-02 07:25:16,281 [pool-1118-thread-1] INFO  server.RaftServerConfigKeys (ConfUtils.java:logGet(46)) - raft.server.rpc.slowness.timeout = 300s (custom)
2022-07-02 07:25:16,281 [pool-1118-thread-1] INFO  server.RaftServerConfigKeys (ConfUtils.java:logGet(46)) - raft.server.leaderelection.leader.step-down.wait-time = 10s (default)
2022-07-02 07:25:16,282 [pool-1118-thread-1] INFO  server.RaftServerConfigKeys (ConfUtils.java:logGet(46)) - raft.server.sleep.deviation.threshold = 300ms (default)
2022-07-02 07:25:16,282 [pool-1118-thread-1] INFO  server.RaftServer$Division (ServerState.java:<init>(107)) - 9caa7045-5a70-40e0-915a-de4f864b73cf@group-6C0C8E5BFC1F: ConfigurationManager, init=-1: [9caa7045-5a70-40e0-915a-de4f864b73cf|rpc:10.1.0.20:33007|priority:1], old=null, confs=<EMPTY_MAP>
2022-07-02 07:25:16,282 [pool-1118-thread-1] INFO  server.RaftServerConfigKeys (ConfUtils.java:logGet(46)) - raft.server.storage.dir = [/home/runner/work/ozone/ozone/hadoop-ozone/integration-test/target/test-dir/MiniOzoneClusterImpl-61754a76-b51f-4318-8597-8262e590efb7/datanode-1/data/ratis] (custom)
2022-07-02 07:25:16,282 [pool-1118-thread-1] INFO  server.RaftServerConfigKeys (ConfUtils.java:logGet(46)) - raft.server.log.corruption.policy = EXCEPTION (default)
2022-07-02 07:25:16,282 [pool-1118-thread-1] INFO  server.RaftServerConfigKeys (ConfUtils.java:logGet(46)) - raft.server.storage.free-space.min = 0MB (=0) (default)
2022-07-02 07:25:16,282 [pool-1118-thread-1] INFO  storage.RaftStorageDirectory (RaftStorageDirectoryImpl.java:analyzeStorage(135)) - The storage directory /home/runner/work/ozone/ozone/hadoop-ozone/integration-test/target/test-dir/MiniOzoneClusterImpl-61754a76-b51f-4318-8597-8262e590efb7/datanode-1/data/ratis/6464ba28-b05a-4a19-9631-6c0c8e5bfc1f does not exist. Creating ...
2022-07-02 07:25:16,298 [pool-1118-thread-1] INFO  storage.RaftStorageDirectory (RaftStorageDirectoryImpl.java:tryLock(230)) - Lock on /home/runner/work/ozone/ozone/hadoop-ozone/integration-test/target/test-dir/MiniOzoneClusterImpl-61754a76-b51f-4318-8597-8262e590efb7/datanode-1/data/ratis/6464ba28-b05a-4a19-9631-6c0c8e5bfc1f/in_use.lock acquired by nodename 16391@fv-az444-838
2022-07-02 07:25:16,305 [pool-1118-thread-1] INFO  storage.RaftStorage (RaftStorageImpl.java:format(89)) - Storage directory /home/runner/work/ozone/ozone/hadoop-ozone/integration-test/target/test-dir/MiniOzoneClusterImpl-61754a76-b51f-4318-8597-8262e590efb7/datanode-1/data/ratis/6464ba28-b05a-4a19-9631-6c0c8e5bfc1f has been successfully formatted.
2022-07-02 07:25:16,314 [pool-1118-thread-1] INFO  ratis.ContainerStateMachine (ContainerStateMachine.java:loadSnapshot(236)) - group-6C0C8E5BFC1F: The snapshot info is null. Setting the last applied indexto:(t:0, i:~)
2022-07-02 07:25:16,315 [pool-1118-thread-1] INFO  server.RaftServerConfigKeys (ConfUtils.java:logGet(46)) - raft.server.notification.no-leader.timeout = 300s (custom)
2022-07-02 07:25:16,315 [pool-1118-thread-1] INFO  server.RaftServerConfigKeys (ConfUtils.java:logGet(46)) - raft.server.log.use.memory = false (default)
2022-07-02 07:25:16,315 [pool-1118-thread-1] INFO  server.RaftServerConfigKeys (ConfUtils.java:logGet(46)) - raft.server.log.purge.gap = 1000000 (custom)
2022-07-02 07:25:16,315 [pool-1118-thread-1] INFO  server.RaftServerConfigKeys (ConfUtils.java:logGet(46)) - raft.server.log.appender.buffer.byte-limit = 33554432 (custom)
2022-07-02 07:25:16,316 [pool-1118-thread-1] INFO  server.RaftServerConfigKeys (ConfUtils.java:logGet(46)) - raft.server.log.statemachine.data.read.timeout = 1000ms (default)
2022-07-02 07:25:16,316 [pool-1118-thread-1] INFO  server.RaftServerConfigKeys (ConfUtils.java:logGet(46)) - raft.server.log.segment.size.max = 1048576 (custom)
2022-07-02 07:25:16,316 [EventQueue-PipelineReportForPipelineReportHandler] INFO  pipeline.PipelineManagerImpl (PipelineManagerImpl.java:openPipeline(358)) - Pipeline Pipeline[ Id: 6464ba28-b05a-4a19-9631-6c0c8e5bfc1f, Nodes: 9caa7045-5a70-40e0-915a-de4f864b73cf{ip: 10.1.0.20, host: fv-az444-838.dthhdds2jluu1c0oa55ndv1hsg.dx.internal.cloudapp.net, ports: [REPLICATION=41983, RATIS=33007, RATIS_ADMIN=33007, RATIS_SERVER=33007, STANDALONE=40345], networkLocation: /default-rack, certSerialId: null, persistedOpState: IN_SERVICE, persistedOpStateExpiryEpochSec: 0}, ReplicationConfig: RATIS/ONE, State:ALLOCATED, leaderId:9caa7045-5a70-40e0-915a-de4f864b73cf, CreationTimestamp2022-07-02T07:25:13.270Z[Etc/UTC]] moved to OPEN state
2022-07-02 07:25:16,316 [EventQueue-OpenPipelineForHealthyPipelineSafeModeRule] INFO  safemode.SCMSafeModeManager (HealthyPipelineSafeModeRule.java:process(124)) - SCM in safe mode. Healthy pipelines reported count is 0, required healthy pipeline reported count is 1
2022-07-02 07:25:16,317 [pool-1118-thread-1] INFO  server.RaftServerConfigKeys (ConfUtils.java:logGet(46)) - raft.server.log.segment.cache.num.max = 2 (custom)
2022-07-02 07:25:16,317 [pool-1118-thread-1] INFO  server.RaftServerConfigKeys (ConfUtils.java:logGet(46)) - raft.server.log.segment.cache.size.max = 200MB (=209715200) (default)
2022-07-02 07:25:16,317 [pool-1118-thread-1] INFO  segmented.SegmentedRaftLogWorker (SegmentedRaftLogWorker.java:<init>(187)) - new 9caa7045-5a70-40e0-915a-de4f864b73cf@group-6C0C8E5BFC1F-SegmentedRaftLogWorker for RaftStorageImpl:Storage Directory /home/runner/work/ozone/ozone/hadoop-ozone/integration-test/target/test-dir/MiniOzoneClusterImpl-61754a76-b51f-4318-8597-8262e590efb7/datanode-1/data/ratis/6464ba28-b05a-4a19-9631-6c0c8e5bfc1f
2022-07-02 07:25:16,317 [pool-1118-thread-1] INFO  server.RaftServerConfigKeys (ConfUtils.java:logGet(46)) - raft.server.log.queue.byte-limit = 4294967296 (custom)
2022-07-02 07:25:16,317 [pool-1118-thread-1] INFO  server.RaftServerConfigKeys (ConfUtils.java:logGet(46)) - raft.server.log.queue.element-limit = 1024 (custom)
2022-07-02 07:25:16,317 [pool-1118-thread-1] INFO  server.RaftServerConfigKeys (ConfUtils.java:logGet(46)) - raft.server.log.segment.size.max = 1048576 (custom)
2022-07-02 07:25:16,317 [pool-1118-thread-1] INFO  server.RaftServerConfigKeys (ConfUtils.java:logGet(46)) - raft.server.log.preallocated.size = 16384 (custom)
2022-07-02 07:25:16,317 [pool-1118-thread-1] INFO  server.RaftServerConfigKeys (ConfUtils.java:logGet(46)) - raft.server.log.force.sync.num = 128 (default)
2022-07-02 07:25:16,317 [pool-1118-thread-1] INFO  server.RaftServerConfigKeys (ConfUtils.java:logGet(46)) - raft.server.log.statemachine.data.sync = true (default)
2022-07-02 07:25:16,317 [pool-1118-thread-1] INFO  server.RaftServerConfigKeys (ConfUtils.java:logGet(46)) - raft.server.log.statemachine.data.sync.timeout = 10s (default)
2022-07-02 07:25:16,317 [pool-1118-thread-1] INFO  server.RaftServerConfigKeys (ConfUtils.java:logGet(46)) - raft.server.log.statemachine.data.sync.timeout.retry = -1 (default)
2022-07-02 07:25:16,318 [pool-1118-thread-1] INFO  server.RaftServerConfigKeys (ConfUtils.java:logGet(46)) - raft.server.log.write.buffer.size = 1048576 (custom)
2022-07-02 07:25:16,319 [pool-1118-thread-1] INFO  server.RaftServerConfigKeys (ConfUtils.java:logGet(46)) - raft.server.log.unsafe-flush.enabled = false (default)
2022-07-02 07:25:16,319 [pool-1118-thread-1] INFO  server.RaftServerConfigKeys (ConfUtils.java:logGet(46)) - raft.server.log.statemachine.data.caching.enabled = true (custom)
2022-07-02 07:25:16,319 [pool-1118-thread-1] INFO  segmented.SegmentedRaftLogWorker (SegmentedRaftLogWorker.java:lambda$new$0(135)) - 9caa7045-5a70-40e0-915a-de4f864b73cf@group-6C0C8E5BFC1F-SegmentedRaftLogWorker: flushIndex: setUnconditionally 0 -> -1
2022-07-02 07:25:16,319 [pool-1118-thread-1] INFO  segmented.SegmentedRaftLogWorker (SegmentedRaftLogWorker.java:lambda$new$0(135)) - 9caa7045-5a70-40e0-915a-de4f864b73cf@group-6C0C8E5BFC1F-SegmentedRaftLogWorker: safeCacheEvictIndex: setUnconditionally 0 -> -1
2022-07-02 07:25:16,324 [pool-1118-thread-1] INFO  server.RaftServerConfigKeys (ConfUtils.java:logGet(46)) - raft.server.snapshot.auto.trigger.enabled = true (custom)
2022-07-02 07:25:16,324 [pool-1118-thread-1] INFO  server.RaftServerConfigKeys (ConfUtils.java:logGet(46)) - raft.server.snapshot.auto.trigger.threshold = 10000 (custom)
2022-07-02 07:25:16,324 [pool-1118-thread-1] INFO  server.RaftServerConfigKeys (ConfUtils.java:logGet(46)) - raft.server.snapshot.retention.file.num = 5 (custom)
2022-07-02 07:25:16,324 [pool-1118-thread-1] INFO  server.RaftServerConfigKeys (ConfUtils.java:logGet(46)) - raft.server.log.purge.upto.snapshot.index = false (default)
2022-07-02 07:25:16,324 [pool-1118-thread-1] INFO  server.RaftServerConfigKeys (ConfUtils.java:logGet(46)) - raft.server.retrycache.expirytime = 600000ms (custom)
2022-07-02 07:25:16,324 [pool-1118-thread-1] INFO  server.RaftServerConfigKeys (ConfUtils.java:logGet(46)) - raft.server.retrycache.statistics.expirytime = 100μs (default)
2022-07-02 07:25:16,326 [pool-1118-thread-1] INFO  server.RaftServerConfigKeys (ConfUtils.java:logGet(46)) - raft.server.log.appender.install.snapshot.enabled = false (custom)
2022-07-02 07:25:16,326 [pool-1118-thread-1] INFO  server.RaftServerConfigKeys (ConfUtils.java:logGet(46)) - raft.server.threadpool.server.cached = true (default)
2022-07-02 07:25:16,326 [pool-1118-thread-1] INFO  server.RaftServerConfigKeys (ConfUtils.java:logGet(46)) - raft.server.threadpool.server.size = 0 (default)
2022-07-02 07:25:16,326 [pool-1118-thread-1] INFO  server.RaftServerConfigKeys (ConfUtils.java:logGet(46)) - raft.server.threadpool.client.cached = true (default)
2022-07-02 07:25:16,326 [pool-1118-thread-1] INFO  server.RaftServerConfigKeys (ConfUtils.java:logGet(46)) - raft.server.threadpool.client.size = 0 (default)
2022-07-02 07:25:16,326 [pool-1118-thread-1] INFO  server.RaftServer$Division (RaftServerImpl.java:start(310)) - 9caa7045-5a70-40e0-915a-de4f864b73cf@group-6C0C8E5BFC1F: start as a follower, conf=-1: [9caa7045-5a70-40e0-915a-de4f864b73cf|rpc:10.1.0.20:33007|priority:1], old=null
2022-07-02 07:25:16,326 [pool-1118-thread-1] INFO  server.RaftServer$Division (RaftServerImpl.java:setRole(299)) - 9caa7045-5a70-40e0-915a-de4f864b73cf@group-6C0C8E5BFC1F: changes role from      null to FOLLOWER at term 0 for startAsFollower
2022-07-02 07:25:16,326 [pool-1118-thread-1] INFO  impl.RoleInfo (RoleInfo.java:updateAndGet(139)) - 9caa7045-5a70-40e0-915a-de4f864b73cf: start 9caa7045-5a70-40e0-915a-de4f864b73cf@group-6C0C8E5BFC1F-FollowerState
2022-07-02 07:25:16,332 [pool-1118-thread-1] INFO  util.JmxRegister (JmxRegister.java:tryRegister(44)) - Successfully registered JMX Bean with object name Ratis:service=RaftServer,group=group-6C0C8E5BFC1F,id=9caa7045-5a70-40e0-915a-de4f864b73cf
2022-07-02 07:25:16,335 [Command processor thread] INFO  ratis.XceiverServerRatis (XceiverServerRatis.java:addGroup(765)) - Created group PipelineID=6464ba28-b05a-4a19-9631-6c0c8e5bfc1f
2022-07-02 07:25:16,335 [Command processor thread] INFO  commandhandler.CreatePipelineCommandHandler (CreatePipelineCommandHandler.java:handle(113)) - Created Pipeline RATIS ONE PipelineID=6464ba28-b05a-4a19-9631-6c0c8e5bfc1f.
2022-07-02 07:25:16,336 [Command processor thread] INFO  server.RaftServer (RaftServerProxy.java:addNew(96)) - 9caa7045-5a70-40e0-915a-de4f864b73cf: addNew group-12047813E660:[9caa7045-5a70-40e0-915a-de4f864b73cf|rpc:10.1.0.20:33007|priority:0, df88482a-df69-428f-8950-05b0a5ebb4b0|rpc:10.1.0.20:42229|priority:0, b3fa7f95-08ce-4cb9-ba7f-3dff0e499d93|rpc:10.1.0.20:44337|priority:1] returns group-12047813E660:java.util.concurrent.CompletableFuture@a17a12c[Not completed]
2022-07-02 07:25:16,358 [pool-1118-thread-1] INFO  server.RaftServer$Division (RaftServerImpl.java:<init>(190)) - 9caa7045-5a70-40e0-915a-de4f864b73cf: new RaftServerImpl for group-12047813E660:[9caa7045-5a70-40e0-915a-de4f864b73cf|rpc:10.1.0.20:33007|priority:0, df88482a-df69-428f-8950-05b0a5ebb4b0|rpc:10.1.0.20:42229|priority:0, b3fa7f95-08ce-4cb9-ba7f-3dff0e499d93|rpc:10.1.0.20:44337|priority:1] with ContainerStateMachine:uninitialized
2022-07-02 07:25:16,358 [pool-1118-thread-1] INFO  server.RaftServerConfigKeys (ConfUtils.java:logGet(46)) - raft.server.rpc.timeout.min = 5s (custom)
2022-07-02 07:25:16,358 [pool-1118-thread-1] INFO  server.RaftServerConfigKeys (ConfUtils.java:logGet(46)) - raft.server.rpc.timeout.max = 5200ms (custom)
2022-07-02 07:25:16,358 [pool-1118-thread-1] INFO  server.RaftServerConfigKeys (ConfUtils.java:logGet(46)) - raft.server.rpc.sleep.time = 25ms (default)
2022-07-02 07:25:16,358 [pool-1118-thread-1] INFO  server.RaftServerConfigKeys (ConfUtils.java:logGet(46)) - raft.server.rpc.slowness.timeout = 300s (custom)
2022-07-02 07:25:16,358 [pool-1118-thread-1] INFO  server.RaftServerConfigKeys (ConfUtils.java:logGet(46)) - raft.server.leaderelection.leader.step-down.wait-time = 10s (default)
2022-07-02 07:25:16,358 [pool-1118-thread-1] INFO  server.RaftServerConfigKeys (ConfUtils.java:logGet(46)) - raft.server.sleep.deviation.threshold = 300ms (default)
2022-07-02 07:25:16,358 [pool-1118-thread-1] INFO  server.RaftServer$Division (ServerState.java:<init>(107)) - 9caa7045-5a70-40e0-915a-de4f864b73cf@group-12047813E660: ConfigurationManager, init=-1: [9caa7045-5a70-40e0-915a-de4f864b73cf|rpc:10.1.0.20:33007|priority:0, df88482a-df69-428f-8950-05b0a5ebb4b0|rpc:10.1.0.20:42229|priority:0, b3fa7f95-08ce-4cb9-ba7f-3dff0e499d93|rpc:10.1.0.20:44337|priority:1], old=null, confs=<EMPTY_MAP>
2022-07-02 07:25:16,358 [pool-1118-thread-1] INFO  server.RaftServerConfigKeys (ConfUtils.java:logGet(46)) - raft.server.storage.dir = [/home/runner/work/ozone/ozone/hadoop-ozone/integration-test/target/test-dir/MiniOzoneClusterImpl-61754a76-b51f-4318-8597-8262e590efb7/datanode-1/data/ratis] (custom)
2022-07-02 07:25:16,358 [pool-1118-thread-1] INFO  server.RaftServerConfigKeys (ConfUtils.java:logGet(46)) - raft.server.log.corruption.policy = EXCEPTION (default)
2022-07-02 07:25:16,358 [pool-1118-thread-1] INFO  server.RaftServerConfigKeys (ConfUtils.java:logGet(46)) - raft.server.storage.free-space.min = 0MB (=0) (default)
2022-07-02 07:25:16,358 [pool-1118-thread-1] INFO  storage.RaftStorageDirectory (RaftStorageDirectoryImpl.java:analyzeStorage(135)) - The storage directory /home/runner/work/ozone/ozone/hadoop-ozone/integration-test/target/test-dir/MiniOzoneClusterImpl-61754a76-b51f-4318-8597-8262e590efb7/datanode-1/data/ratis/e97cfca6-08f0-4a6f-8225-12047813e660 does not exist. Creating ...
2022-07-02 07:25:16,367 [pool-1118-thread-1] INFO  storage.RaftStorageDirectory (RaftStorageDirectoryImpl.java:tryLock(230)) - Lock on /home/runner/work/ozone/ozone/hadoop-ozone/integration-test/target/test-dir/MiniOzoneClusterImpl-61754a76-b51f-4318-8597-8262e590efb7/datanode-1/data/ratis/e97cfca6-08f0-4a6f-8225-12047813e660/in_use.lock acquired by nodename 16391@fv-az444-838
2022-07-02 07:25:16,376 [pool-1118-thread-1] INFO  storage.RaftStorage (RaftStorageImpl.java:format(89)) - Storage directory /home/runner/work/ozone/ozone/hadoop-ozone/integration-test/target/test-dir/MiniOzoneClusterImpl-61754a76-b51f-4318-8597-8262e590efb7/datanode-1/data/ratis/e97cfca6-08f0-4a6f-8225-12047813e660 has been successfully formatted.
2022-07-02 07:25:16,376 [pool-1118-thread-1] INFO  ratis.ContainerStateMachine (ContainerStateMachine.java:loadSnapshot(236)) - group-12047813E660: The snapshot info is null. Setting the last applied indexto:(t:0, i:~)
2022-07-02 07:25:16,389 [pool-1118-thread-1] INFO  server.RaftServerConfigKeys (ConfUtils.java:logGet(46)) - raft.server.notification.no-leader.timeout = 300s (custom)
2022-07-02 07:25:16,389 [pool-1118-thread-1] INFO  server.RaftServerConfigKeys (ConfUtils.java:logGet(46)) - raft.server.log.use.memory = false (default)
2022-07-02 07:25:16,389 [EventQueue-OpenPipelineForHealthyPipelineSafeModeRule] INFO  safemode.SCMSafeModeManager (HealthyPipelineSafeModeRule.java:process(124)) - SCM in safe mode. Healthy pipelines reported count is 0, required healthy pipeline reported count is 1
2022-07-02 07:25:16,389 [pool-1118-thread-1] INFO  server.RaftServerConfigKeys (ConfUtils.java:logGet(46)) - raft.server.log.purge.gap = 1000000 (custom)
2022-07-02 07:25:16,389 [pool-1118-thread-1] INFO  server.RaftServerConfigKeys (ConfUtils.java:logGet(46)) - raft.server.log.appender.buffer.byte-limit = 33554432 (custom)
2022-07-02 07:25:16,389 [pool-1118-thread-1] INFO  server.RaftServerConfigKeys (ConfUtils.java:logGet(46)) - raft.server.log.statemachine.data.read.timeout = 1000ms (default)
2022-07-02 07:25:16,389 [pool-1118-thread-1] INFO  server.RaftServerConfigKeys (ConfUtils.java:logGet(46)) - raft.server.log.segment.size.max = 1048576 (custom)
2022-07-02 07:25:16,390 [pool-1118-thread-1] INFO  server.RaftServerConfigKeys (ConfUtils.java:logGet(46)) - raft.server.log.segment.cache.num.max = 2 (custom)
2022-07-02 07:25:16,390 [pool-1118-thread-1] INFO  server.RaftServerConfigKeys (ConfUtils.java:logGet(46)) - raft.server.log.segment.cache.size.max = 200MB (=209715200) (default)
2022-07-02 07:25:16,390 [pool-1118-thread-1] INFO  segmented.SegmentedRaftLogWorker (SegmentedRaftLogWorker.java:<init>(187)) - new 9caa7045-5a70-40e0-915a-de4f864b73cf@group-12047813E660-SegmentedRaftLogWorker for RaftStorageImpl:Storage Directory /home/runner/work/ozone/ozone/hadoop-ozone/integration-test/target/test-dir/MiniOzoneClusterImpl-61754a76-b51f-4318-8597-8262e590efb7/datanode-1/data/ratis/e97cfca6-08f0-4a6f-8225-12047813e660
2022-07-02 07:25:16,390 [pool-1118-thread-1] INFO  server.RaftServerConfigKeys (ConfUtils.java:logGet(46)) - raft.server.log.queue.byte-limit = 4294967296 (custom)
2022-07-02 07:25:16,390 [pool-1118-thread-1] INFO  server.RaftServerConfigKeys (ConfUtils.java:logGet(46)) - raft.server.log.queue.element-limit = 1024 (custom)
2022-07-02 07:25:16,390 [pool-1118-thread-1] INFO  server.RaftServerConfigKeys (ConfUtils.java:logGet(46)) - raft.server.log.segment.size.max = 1048576 (custom)
2022-07-02 07:25:16,390 [pool-1118-thread-1] INFO  server.RaftServerConfigKeys (ConfUtils.java:logGet(46)) - raft.server.log.preallocated.size = 16384 (custom)
2022-07-02 07:25:16,390 [pool-1118-thread-1] INFO  server.RaftServerConfigKeys (ConfUtils.java:logGet(46)) - raft.server.log.force.sync.num = 128 (default)
2022-07-02 07:25:16,390 [pool-1118-thread-1] INFO  server.RaftServerConfigKeys (ConfUtils.java:logGet(46)) - raft.server.log.statemachine.data.sync = true (default)
2022-07-02 07:25:16,390 [pool-1118-thread-1] INFO  server.RaftServerConfigKeys (ConfUtils.java:logGet(46)) - raft.server.log.statemachine.data.sync.timeout = 10s (default)
2022-07-02 07:25:16,390 [pool-1118-thread-1] INFO  server.RaftServerConfigKeys (ConfUtils.java:logGet(46)) - raft.server.log.statemachine.data.sync.timeout.retry = -1 (default)
2022-07-02 07:25:16,392 [pool-1118-thread-1] INFO  server.RaftServerConfigKeys (ConfUtils.java:logGet(46)) - raft.server.log.write.buffer.size = 1048576 (custom)
2022-07-02 07:25:16,393 [pool-1118-thread-1] INFO  server.RaftServerConfigKeys (ConfUtils.java:logGet(46)) - raft.server.log.unsafe-flush.enabled = false (default)
2022-07-02 07:25:16,393 [pool-1118-thread-1] INFO  server.RaftServerConfigKeys (ConfUtils.java:logGet(46)) - raft.server.log.statemachine.data.caching.enabled = true (custom)
2022-07-02 07:25:16,393 [pool-1118-thread-1] INFO  segmented.SegmentedRaftLogWorker (SegmentedRaftLogWorker.java:lambda$new$0(135)) - 9caa7045-5a70-40e0-915a-de4f864b73cf@group-12047813E660-SegmentedRaftLogWorker: flushIndex: setUnconditionally 0 -> -1
2022-07-02 07:25:16,393 [pool-1118-thread-1] INFO  segmented.SegmentedRaftLogWorker (SegmentedRaftLogWorker.java:lambda$new$0(135)) - 9caa7045-5a70-40e0-915a-de4f864b73cf@group-12047813E660-SegmentedRaftLogWorker: safeCacheEvictIndex: setUnconditionally 0 -> -1
2022-07-02 07:25:16,404 [pool-1118-thread-1] INFO  server.RaftServerConfigKeys (ConfUtils.java:logGet(46)) - raft.server.snapshot.auto.trigger.enabled = true (custom)
2022-07-02 07:25:16,404 [pool-1118-thread-1] INFO  server.RaftServerConfigKeys (ConfUtils.java:logGet(46)) - raft.server.snapshot.auto.trigger.threshold = 10000 (custom)
2022-07-02 07:25:16,404 [pool-1118-thread-1] INFO  server.RaftServerConfigKeys (ConfUtils.java:logGet(46)) - raft.server.snapshot.retention.file.num = 5 (custom)
2022-07-02 07:25:16,404 [pool-1118-thread-1] INFO  server.RaftServerConfigKeys (ConfUtils.java:logGet(46)) - raft.server.log.purge.upto.snapshot.index = false (default)
2022-07-02 07:25:16,404 [pool-1118-thread-1] INFO  server.RaftServerConfigKeys (ConfUtils.java:logGet(46)) - raft.server.retrycache.expirytime = 600000ms (custom)
2022-07-02 07:25:16,404 [pool-1118-thread-1] INFO  server.RaftServerConfigKeys (ConfUtils.java:logGet(46)) - raft.server.retrycache.statistics.expirytime = 100μs (default)
2022-07-02 07:25:16,406 [pool-1118-thread-1] INFO  server.RaftServerConfigKeys (ConfUtils.java:logGet(46)) - raft.server.log.appender.install.snapshot.enabled = false (custom)
2022-07-02 07:25:16,406 [pool-1118-thread-1] INFO  server.RaftServerConfigKeys (ConfUtils.java:logGet(46)) - raft.server.threadpool.server.cached = true (default)
2022-07-02 07:25:16,406 [pool-1118-thread-1] INFO  server.RaftServerConfigKeys (ConfUtils.java:logGet(46)) - raft.server.threadpool.server.size = 0 (default)
2022-07-02 07:25:16,406 [pool-1118-thread-1] INFO  server.RaftServerConfigKeys (ConfUtils.java:logGet(46)) - raft.server.threadpool.client.cached = true (default)
2022-07-02 07:25:16,406 [pool-1118-thread-1] INFO  server.RaftServerConfigKeys (ConfUtils.java:logGet(46)) - raft.server.threadpool.client.size = 0 (default)
2022-07-02 07:25:16,406 [pool-1118-thread-1] INFO  server.RaftServer$Division (RaftServerImpl.java:start(310)) - 9caa7045-5a70-40e0-915a-de4f864b73cf@group-12047813E660: start as a follower, conf=-1: [9caa7045-5a70-40e0-915a-de4f864b73cf|rpc:10.1.0.20:33007|priority:0, df88482a-df69-428f-8950-05b0a5ebb4b0|rpc:10.1.0.20:42229|priority:0, b3fa7f95-08ce-4cb9-ba7f-3dff0e499d93|rpc:10.1.0.20:44337|priority:1], old=null
2022-07-02 07:25:16,407 [pool-1118-thread-1] INFO  server.RaftServer$Division (RaftServerImpl.java:setRole(299)) - 9caa7045-5a70-40e0-915a-de4f864b73cf@group-12047813E660: changes role from      null to FOLLOWER at term 0 for startAsFollower
2022-07-02 07:25:16,407 [pool-1118-thread-1] INFO  impl.RoleInfo (RoleInfo.java:updateAndGet(139)) - 9caa7045-5a70-40e0-915a-de4f864b73cf: start 9caa7045-5a70-40e0-915a-de4f864b73cf@group-12047813E660-FollowerState
2022-07-02 07:25:16,407 [pool-1118-thread-1] INFO  util.JmxRegister (JmxRegister.java:tryRegister(44)) - Successfully registered JMX Bean with object name Ratis:service=RaftServer,group=group-12047813E660,id=9caa7045-5a70-40e0-915a-de4f864b73cf
2022-07-02 07:25:16,408 [Command processor thread] INFO  ratis.XceiverServerRatis (XceiverServerRatis.java:addGroup(765)) - Created group PipelineID=e97cfca6-08f0-4a6f-8225-12047813e660
2022-07-02 07:25:16,460 [grpc-default-executor-0] INFO  server.RaftServer (RaftServerProxy.java:addNew(96)) - b3fa7f95-08ce-4cb9-ba7f-3dff0e499d93: addNew group-12047813E660:[9caa7045-5a70-40e0-915a-de4f864b73cf|rpc:10.1.0.20:33007|dataStream:|priority:0, df88482a-df69-428f-8950-05b0a5ebb4b0|rpc:10.1.0.20:42229|dataStream:|priority:0, b3fa7f95-08ce-4cb9-ba7f-3dff0e499d93|rpc:10.1.0.20:44337|dataStream:|priority:1] returns group-12047813E660:java.util.concurrent.CompletableFuture@14210b67[Not completed]
2022-07-02 07:25:16,497 [pool-1141-thread-1] INFO  server.RaftServer$Division (RaftServerImpl.java:<init>(190)) - b3fa7f95-08ce-4cb9-ba7f-3dff0e499d93: new RaftServerImpl for group-12047813E660:[9caa7045-5a70-40e0-915a-de4f864b73cf|rpc:10.1.0.20:33007|dataStream:|priority:0, df88482a-df69-428f-8950-05b0a5ebb4b0|rpc:10.1.0.20:42229|dataStream:|priority:0, b3fa7f95-08ce-4cb9-ba7f-3dff0e499d93|rpc:10.1.0.20:44337|dataStream:|priority:1] with ContainerStateMachine:uninitialized
2022-07-02 07:25:16,497 [pool-1141-thread-1] INFO  server.RaftServerConfigKeys (ConfUtils.java:logGet(46)) - raft.server.rpc.timeout.min = 5s (custom)
2022-07-02 07:25:16,497 [pool-1141-thread-1] INFO  server.RaftServerConfigKeys (ConfUtils.java:logGet(46)) - raft.server.rpc.timeout.max = 5200ms (custom)
2022-07-02 07:25:16,497 [pool-1141-thread-1] INFO  server.RaftServerConfigKeys (ConfUtils.java:logGet(46)) - raft.server.rpc.sleep.time = 25ms (default)
2022-07-02 07:25:16,497 [pool-1141-thread-1] INFO  server.RaftServerConfigKeys (ConfUtils.java:logGet(46)) - raft.server.rpc.slowness.timeout = 300s (custom)
2022-07-02 07:25:16,497 [pool-1141-thread-1] INFO  server.RaftServerConfigKeys (ConfUtils.java:logGet(46)) - raft.server.leaderelection.leader.step-down.wait-time = 10s (default)
2022-07-02 07:25:16,497 [pool-1141-thread-1] INFO  server.RaftServerConfigKeys (ConfUtils.java:logGet(46)) - raft.server.sleep.deviation.threshold = 300ms (default)
2022-07-02 07:25:16,497 [pool-1141-thread-1] INFO  server.RaftServer$Division (ServerState.java:<init>(107)) - b3fa7f95-08ce-4cb9-ba7f-3dff0e499d93@group-12047813E660: ConfigurationManager, init=-1: [9caa7045-5a70-40e0-915a-de4f864b73cf|rpc:10.1.0.20:33007|dataStream:|priority:0, df88482a-df69-428f-8950-05b0a5ebb4b0|rpc:10.1.0.20:42229|dataStream:|priority:0, b3fa7f95-08ce-4cb9-ba7f-3dff0e499d93|rpc:10.1.0.20:44337|dataStream:|priority:1], old=null, confs=<EMPTY_MAP>
2022-07-02 07:25:16,497 [pool-1141-thread-1] INFO  server.RaftServerConfigKeys (ConfUtils.java:logGet(46)) - raft.server.storage.dir = [/home/runner/work/ozone/ozone/hadoop-ozone/integration-test/target/test-dir/MiniOzoneClusterImpl-61754a76-b51f-4318-8597-8262e590efb7/datanode-2/data/ratis] (custom)
2022-07-02 07:25:16,497 [pool-1141-thread-1] INFO  server.RaftServerConfigKeys (ConfUtils.java:logGet(46)) - raft.server.log.corruption.policy = EXCEPTION (default)
2022-07-02 07:25:16,497 [pool-1141-thread-1] INFO  server.RaftServerConfigKeys (ConfUtils.java:logGet(46)) - raft.server.storage.free-space.min = 0MB (=0) (default)
2022-07-02 07:25:16,497 [pool-1141-thread-1] INFO  storage.RaftStorageDirectory (RaftStorageDirectoryImpl.java:analyzeStorage(135)) - The storage directory /home/runner/work/ozone/ozone/hadoop-ozone/integration-test/target/test-dir/MiniOzoneClusterImpl-61754a76-b51f-4318-8597-8262e590efb7/datanode-2/data/ratis/e97cfca6-08f0-4a6f-8225-12047813e660 does not exist. Creating ...
2022-07-02 07:25:16,500 [pool-1141-thread-1] INFO  storage.RaftStorageDirectory (RaftStorageDirectoryImpl.java:tryLock(230)) - Lock on /home/runner/work/ozone/ozone/hadoop-ozone/integration-test/target/test-dir/MiniOzoneClusterImpl-61754a76-b51f-4318-8597-8262e590efb7/datanode-2/data/ratis/e97cfca6-08f0-4a6f-8225-12047813e660/in_use.lock acquired by nodename 16391@fv-az444-838
2022-07-02 07:25:16,507 [pool-1141-thread-1] INFO  storage.RaftStorage (RaftStorageImpl.java:format(89)) - Storage directory /home/runner/work/ozone/ozone/hadoop-ozone/integration-test/target/test-dir/MiniOzoneClusterImpl-61754a76-b51f-4318-8597-8262e590efb7/datanode-2/data/ratis/e97cfca6-08f0-4a6f-8225-12047813e660 has been successfully formatted.
2022-07-02 07:25:16,507 [pool-1141-thread-1] INFO  ratis.ContainerStateMachine (ContainerStateMachine.java:loadSnapshot(236)) - group-12047813E660: The snapshot info is null. Setting the last applied indexto:(t:0, i:~)
2022-07-02 07:25:16,510 [pool-1141-thread-1] INFO  server.RaftServerConfigKeys (ConfUtils.java:logGet(46)) - raft.server.notification.no-leader.timeout = 300s (custom)
2022-07-02 07:25:16,510 [pool-1141-thread-1] INFO  server.RaftServerConfigKeys (ConfUtils.java:logGet(46)) - raft.server.log.use.memory = false (default)
2022-07-02 07:25:16,510 [pool-1141-thread-1] INFO  server.RaftServerConfigKeys (ConfUtils.java:logGet(46)) - raft.server.log.purge.gap = 1000000 (custom)
2022-07-02 07:25:16,510 [pool-1141-thread-1] INFO  server.RaftServerConfigKeys (ConfUtils.java:logGet(46)) - raft.server.log.appender.buffer.byte-limit = 33554432 (custom)
2022-07-02 07:25:16,510 [pool-1141-thread-1] INFO  server.RaftServerConfigKeys (ConfUtils.java:logGet(46)) - raft.server.log.statemachine.data.read.timeout = 1000ms (default)
2022-07-02 07:25:16,511 [pool-1141-thread-1] INFO  server.RaftServerConfigKeys (ConfUtils.java:logGet(46)) - raft.server.log.segment.size.max = 1048576 (custom)
2022-07-02 07:25:16,511 [pool-1141-thread-1] INFO  server.RaftServerConfigKeys (ConfUtils.java:logGet(46)) - raft.server.log.segment.cache.num.max = 2 (custom)
2022-07-02 07:25:16,511 [pool-1141-thread-1] INFO  server.RaftServerConfigKeys (ConfUtils.java:logGet(46)) - raft.server.log.segment.cache.size.max = 200MB (=209715200) (default)
2022-07-02 07:25:16,511 [pool-1141-thread-1] INFO  segmented.SegmentedRaftLogWorker (SegmentedRaftLogWorker.java:<init>(187)) - new b3fa7f95-08ce-4cb9-ba7f-3dff0e499d93@group-12047813E660-SegmentedRaftLogWorker for RaftStorageImpl:Storage Directory /home/runner/work/ozone/ozone/hadoop-ozone/integration-test/target/test-dir/MiniOzoneClusterImpl-61754a76-b51f-4318-8597-8262e590efb7/datanode-2/data/ratis/e97cfca6-08f0-4a6f-8225-12047813e660
2022-07-02 07:25:16,511 [pool-1141-thread-1] INFO  server.RaftServerConfigKeys (ConfUtils.java:logGet(46)) - raft.server.log.queue.byte-limit = 4294967296 (custom)
2022-07-02 07:25:16,511 [pool-1141-thread-1] INFO  server.RaftServerConfigKeys (ConfUtils.java:logGet(46)) - raft.server.log.queue.element-limit = 1024 (custom)
2022-07-02 07:25:16,511 [pool-1141-thread-1] INFO  server.RaftServerConfigKeys (ConfUtils.java:logGet(46)) - raft.server.log.segment.size.max = 1048576 (custom)
2022-07-02 07:25:16,511 [pool-1141-thread-1] INFO  server.RaftServerConfigKeys (ConfUtils.java:logGet(46)) - raft.server.log.preallocated.size = 16384 (custom)
2022-07-02 07:25:16,511 [pool-1141-thread-1] INFO  server.RaftServerConfigKeys (ConfUtils.java:logGet(46)) - raft.server.log.force.sync.num = 128 (default)
2022-07-02 07:25:16,512 [pool-1141-thread-1] INFO  server.RaftServerConfigKeys (ConfUtils.java:logGet(46)) - raft.server.log.statemachine.data.sync = true (default)
2022-07-02 07:25:16,512 [pool-1141-thread-1] INFO  server.RaftServerConfigKeys (ConfUtils.java:logGet(46)) - raft.server.log.statemachine.data.sync.timeout = 10s (default)
2022-07-02 07:25:16,512 [pool-1141-thread-1] INFO  server.RaftServerConfigKeys (ConfUtils.java:logGet(46)) - raft.server.log.statemachine.data.sync.timeout.retry = -1 (default)
2022-07-02 07:25:16,513 [pool-1141-thread-1] INFO  server.RaftServerConfigKeys (ConfUtils.java:logGet(46)) - raft.server.log.write.buffer.size = 1048576 (custom)
2022-07-02 07:25:16,513 [pool-1141-thread-1] INFO  server.RaftServerConfigKeys (ConfUtils.java:logGet(46)) - raft.server.log.unsafe-flush.enabled = false (default)
2022-07-02 07:25:16,513 [pool-1141-thread-1] INFO  server.RaftServerConfigKeys (ConfUtils.java:logGet(46)) - raft.server.log.statemachine.data.caching.enabled = true (custom)
2022-07-02 07:25:16,513 [pool-1141-thread-1] INFO  segmented.SegmentedRaftLogWorker (SegmentedRaftLogWorker.java:lambda$new$0(135)) - b3fa7f95-08ce-4cb9-ba7f-3dff0e499d93@group-12047813E660-SegmentedRaftLogWorker: flushIndex: setUnconditionally 0 -> -1
2022-07-02 07:25:16,513 [pool-1141-thread-1] INFO  segmented.SegmentedRaftLogWorker (SegmentedRaftLogWorker.java:lambda$new$0(135)) - b3fa7f95-08ce-4cb9-ba7f-3dff0e499d93@group-12047813E660-SegmentedRaftLogWorker: safeCacheEvictIndex: setUnconditionally 0 -> -1
2022-07-02 07:25:16,524 [pool-1141-thread-1] INFO  server.RaftServerConfigKeys (ConfUtils.java:logGet(46)) - raft.server.snapshot.auto.trigger.enabled = true (custom)
2022-07-02 07:25:16,524 [pool-1141-thread-1] INFO  server.RaftServerConfigKeys (ConfUtils.java:logGet(46)) - raft.server.snapshot.auto.trigger.threshold = 10000 (custom)
2022-07-02 07:25:16,524 [pool-1141-thread-1] INFO  server.RaftServerConfigKeys (ConfUtils.java:logGet(46)) - raft.server.snapshot.retention.file.num = 5 (custom)
2022-07-02 07:25:16,524 [pool-1141-thread-1] INFO  server.RaftServerConfigKeys (ConfUtils.java:logGet(46)) - raft.server.log.purge.upto.snapshot.index = false (default)
2022-07-02 07:25:16,524 [pool-1141-thread-1] INFO  server.RaftServerConfigKeys (ConfUtils.java:logGet(46)) - raft.server.retrycache.expirytime = 600000ms (custom)
2022-07-02 07:25:16,524 [pool-1141-thread-1] INFO  server.RaftServerConfigKeys (ConfUtils.java:logGet(46)) - raft.server.retrycache.statistics.expirytime = 100μs (default)
2022-07-02 07:25:16,526 [pool-1141-thread-1] INFO  server.RaftServerConfigKeys (ConfUtils.java:logGet(46)) - raft.server.log.appender.install.snapshot.enabled = false (custom)
2022-07-02 07:25:16,526 [pool-1141-thread-1] INFO  server.RaftServerConfigKeys (ConfUtils.java:logGet(46)) - raft.server.threadpool.server.cached = true (default)
2022-07-02 07:25:16,526 [pool-1141-thread-1] INFO  server.RaftServerConfigKeys (ConfUtils.java:logGet(46)) - raft.server.threadpool.server.size = 0 (default)
2022-07-02 07:25:16,526 [pool-1141-thread-1] INFO  server.RaftServerConfigKeys (ConfUtils.java:logGet(46)) - raft.server.threadpool.client.cached = true (default)
2022-07-02 07:25:16,526 [pool-1141-thread-1] INFO  server.RaftServerConfigKeys (ConfUtils.java:logGet(46)) - raft.server.threadpool.client.size = 0 (default)
2022-07-02 07:25:16,526 [pool-1141-thread-1] INFO  server.RaftServer$Division (RaftServerImpl.java:start(310)) - b3fa7f95-08ce-4cb9-ba7f-3dff0e499d93@group-12047813E660: start as a follower, conf=-1: [9caa7045-5a70-40e0-915a-de4f864b73cf|rpc:10.1.0.20:33007|dataStream:|priority:0, df88482a-df69-428f-8950-05b0a5ebb4b0|rpc:10.1.0.20:42229|dataStream:|priority:0, b3fa7f95-08ce-4cb9-ba7f-3dff0e499d93|rpc:10.1.0.20:44337|dataStream:|priority:1], old=null
2022-07-02 07:25:16,526 [pool-1141-thread-1] INFO  server.RaftServer$Division (RaftServerImpl.java:setRole(299)) - b3fa7f95-08ce-4cb9-ba7f-3dff0e499d93@group-12047813E660: changes role from      null to FOLLOWER at term 0 for startAsFollower
2022-07-02 07:25:16,526 [pool-1141-thread-1] INFO  impl.RoleInfo (RoleInfo.java:updateAndGet(139)) - b3fa7f95-08ce-4cb9-ba7f-3dff0e499d93: start b3fa7f95-08ce-4cb9-ba7f-3dff0e499d93@group-12047813E660-FollowerState
2022-07-02 07:25:16,559 [pool-1141-thread-1] INFO  util.JmxRegister (JmxRegister.java:tryRegister(44)) - Successfully registered JMX Bean with object name Ratis:service=RaftServer,group=group-12047813E660,id=b3fa7f95-08ce-4cb9-ba7f-3dff0e499d93
2022-07-02 07:25:16,569 [Command processor thread] INFO  server.RaftServer (RaftServerProxy.java:addNew(96)) - df88482a-df69-428f-8950-05b0a5ebb4b0: addNew group-12047813E660:[9caa7045-5a70-40e0-915a-de4f864b73cf|rpc:10.1.0.20:33007|priority:0, df88482a-df69-428f-8950-05b0a5ebb4b0|rpc:10.1.0.20:42229|priority:0, b3fa7f95-08ce-4cb9-ba7f-3dff0e499d93|rpc:10.1.0.20:44337|priority:1] returns group-12047813E660:java.util.concurrent.CompletableFuture@c160c51[Not completed]
2022-07-02 07:25:16,609 [pool-1095-thread-1] INFO  server.RaftServer$Division (RaftServerImpl.java:<init>(190)) - df88482a-df69-428f-8950-05b0a5ebb4b0: new RaftServerImpl for group-12047813E660:[9caa7045-5a70-40e0-915a-de4f864b73cf|rpc:10.1.0.20:33007|priority:0, df88482a-df69-428f-8950-05b0a5ebb4b0|rpc:10.1.0.20:42229|priority:0, b3fa7f95-08ce-4cb9-ba7f-3dff0e499d93|rpc:10.1.0.20:44337|priority:1] with ContainerStateMachine:uninitialized
2022-07-02 07:25:16,609 [pool-1095-thread-1] INFO  server.RaftServerConfigKeys (ConfUtils.java:logGet(46)) - raft.server.rpc.timeout.min = 5s (custom)
2022-07-02 07:25:16,609 [pool-1095-thread-1] INFO  server.RaftServerConfigKeys (ConfUtils.java:logGet(46)) - raft.server.rpc.timeout.max = 5200ms (custom)
2022-07-02 07:25:16,609 [pool-1095-thread-1] INFO  server.RaftServerConfigKeys (ConfUtils.java:logGet(46)) - raft.server.rpc.sleep.time = 25ms (default)
2022-07-02 07:25:16,609 [pool-1095-thread-1] INFO  server.RaftServerConfigKeys (ConfUtils.java:logGet(46)) - raft.server.rpc.slowness.timeout = 300s (custom)
2022-07-02 07:25:16,609 [pool-1095-thread-1] INFO  server.RaftServerConfigKeys (ConfUtils.java:logGet(46)) - raft.server.leaderelection.leader.step-down.wait-time = 10s (default)
2022-07-02 07:25:16,609 [pool-1095-thread-1] INFO  server.RaftServerConfigKeys (ConfUtils.java:logGet(46)) - raft.server.sleep.deviation.threshold = 300ms (default)
2022-07-02 07:25:16,609 [pool-1095-thread-1] INFO  server.RaftServer$Division (ServerState.java:<init>(107)) - df88482a-df69-428f-8950-05b0a5ebb4b0@group-12047813E660: ConfigurationManager, init=-1: [9caa7045-5a70-40e0-915a-de4f864b73cf|rpc:10.1.0.20:33007|priority:0, df88482a-df69-428f-8950-05b0a5ebb4b0|rpc:10.1.0.20:42229|priority:0, b3fa7f95-08ce-4cb9-ba7f-3dff0e499d93|rpc:10.1.0.20:44337|priority:1], old=null, confs=<EMPTY_MAP>
2022-07-02 07:25:16,609 [pool-1095-thread-1] INFO  server.RaftServerConfigKeys (ConfUtils.java:logGet(46)) - raft.server.storage.dir = [/home/runner/work/ozone/ozone/hadoop-ozone/integration-test/target/test-dir/MiniOzoneClusterImpl-61754a76-b51f-4318-8597-8262e590efb7/datanode-0/data/ratis] (custom)
2022-07-02 07:25:16,610 [pool-1095-thread-1] INFO  server.RaftServerConfigKeys (ConfUtils.java:logGet(46)) - raft.server.log.corruption.policy = EXCEPTION (default)
2022-07-02 07:25:16,610 [pool-1095-thread-1] INFO  server.RaftServerConfigKeys (ConfUtils.java:logGet(46)) - raft.server.storage.free-space.min = 0MB (=0) (default)
2022-07-02 07:25:16,610 [pool-1095-thread-1] INFO  storage.RaftStorageDirectory (RaftStorageDirectoryImpl.java:analyzeStorage(135)) - The storage directory /home/runner/work/ozone/ozone/hadoop-ozone/integration-test/target/test-dir/MiniOzoneClusterImpl-61754a76-b51f-4318-8597-8262e590efb7/datanode-0/data/ratis/e97cfca6-08f0-4a6f-8225-12047813e660 does not exist. Creating ...
2022-07-02 07:25:16,616 [pool-1095-thread-1] INFO  storage.RaftStorageDirectory (RaftStorageDirectoryImpl.java:tryLock(230)) - Lock on /home/runner/work/ozone/ozone/hadoop-ozone/integration-test/target/test-dir/MiniOzoneClusterImpl-61754a76-b51f-4318-8597-8262e590efb7/datanode-0/data/ratis/e97cfca6-08f0-4a6f-8225-12047813e660/in_use.lock acquired by nodename 16391@fv-az444-838
2022-07-02 07:25:16,620 [pool-1095-thread-1] INFO  storage.RaftStorage (RaftStorageImpl.java:format(89)) - Storage directory /home/runner/work/ozone/ozone/hadoop-ozone/integration-test/target/test-dir/MiniOzoneClusterImpl-61754a76-b51f-4318-8597-8262e590efb7/datanode-0/data/ratis/e97cfca6-08f0-4a6f-8225-12047813e660 has been successfully formatted.
2022-07-02 07:25:16,621 [pool-1095-thread-1] INFO  ratis.ContainerStateMachine (ContainerStateMachine.java:loadSnapshot(236)) - group-12047813E660: The snapshot info is null. Setting the last applied indexto:(t:0, i:~)
2022-07-02 07:25:16,622 [pool-1095-thread-1] INFO  server.RaftServerConfigKeys (ConfUtils.java:logGet(46)) - raft.server.notification.no-leader.timeout = 300s (custom)
2022-07-02 07:25:16,622 [pool-1095-thread-1] INFO  server.RaftServerConfigKeys (ConfUtils.java:logGet(46)) - raft.server.log.use.memory = false (default)
2022-07-02 07:25:16,622 [pool-1095-thread-1] INFO  server.RaftServerConfigKeys (ConfUtils.java:logGet(46)) - raft.server.log.purge.gap = 1000000 (custom)
2022-07-02 07:25:16,622 [pool-1095-thread-1] INFO  server.RaftServerConfigKeys (ConfUtils.java:logGet(46)) - raft.server.log.appender.buffer.byte-limit = 33554432 (custom)
2022-07-02 07:25:16,622 [pool-1095-thread-1] INFO  server.RaftServerConfigKeys (ConfUtils.java:logGet(46)) - raft.server.log.statemachine.data.read.timeout = 1000ms (default)
2022-07-02 07:25:16,622 [pool-1095-thread-1] INFO  server.RaftServerConfigKeys (ConfUtils.java:logGet(46)) - raft.server.log.segment.size.max = 1048576 (custom)
2022-07-02 07:25:16,623 [pool-1095-thread-1] INFO  server.RaftServerConfigKeys (ConfUtils.java:logGet(46)) - raft.server.log.segment.cache.num.max = 2 (custom)
2022-07-02 07:25:16,623 [pool-1095-thread-1] INFO  server.RaftServerConfigKeys (ConfUtils.java:logGet(46)) - raft.server.log.segment.cache.size.max = 200MB (=209715200) (default)
2022-07-02 07:25:16,623 [pool-1095-thread-1] INFO  segmented.SegmentedRaftLogWorker (SegmentedRaftLogWorker.java:<init>(187)) - new df88482a-df69-428f-8950-05b0a5ebb4b0@group-12047813E660-SegmentedRaftLogWorker for RaftStorageImpl:Storage Directory /home/runner/work/ozone/ozone/hadoop-ozone/integration-test/target/test-dir/MiniOzoneClusterImpl-61754a76-b51f-4318-8597-8262e590efb7/datanode-0/data/ratis/e97cfca6-08f0-4a6f-8225-12047813e660
2022-07-02 07:25:16,623 [pool-1095-thread-1] INFO  server.RaftServerConfigKeys (ConfUtils.java:logGet(46)) - raft.server.log.queue.byte-limit = 4294967296 (custom)
2022-07-02 07:25:16,623 [pool-1095-thread-1] INFO  server.RaftServerConfigKeys (ConfUtils.java:logGet(46)) - raft.server.log.queue.element-limit = 1024 (custom)
2022-07-02 07:25:16,623 [pool-1095-thread-1] INFO  server.RaftServerConfigKeys (ConfUtils.java:logGet(46)) - raft.server.log.segment.size.max = 1048576 (custom)
2022-07-02 07:25:16,623 [pool-1095-thread-1] INFO  server.RaftServerConfigKeys (ConfUtils.java:logGet(46)) - raft.server.log.preallocated.size = 16384 (custom)
2022-07-02 07:25:16,623 [pool-1095-thread-1] INFO  server.RaftServerConfigKeys (ConfUtils.java:logGet(46)) - raft.server.log.force.sync.num = 128 (default)
2022-07-02 07:25:16,623 [pool-1095-thread-1] INFO  server.RaftServerConfigKeys (ConfUtils.java:logGet(46)) - raft.server.log.statemachine.data.sync = true (default)
2022-07-02 07:25:16,623 [pool-1095-thread-1] INFO  server.RaftServerConfigKeys (ConfUtils.java:logGet(46)) - raft.server.log.statemachine.data.sync.timeout = 10s (default)
2022-07-02 07:25:16,623 [pool-1095-thread-1] INFO  server.RaftServerConfigKeys (ConfUtils.java:logGet(46)) - raft.server.log.statemachine.data.sync.timeout.retry = -1 (default)
2022-07-02 07:25:16,637 [pool-1095-thread-1] INFO  server.RaftServerConfigKeys (ConfUtils.java:logGet(46)) - raft.server.log.write.buffer.size = 1048576 (custom)
2022-07-02 07:25:16,637 [pool-1095-thread-1] INFO  server.RaftServerConfigKeys (ConfUtils.java:logGet(46)) - raft.server.log.unsafe-flush.enabled = false (default)
2022-07-02 07:25:16,637 [pool-1095-thread-1] INFO  server.RaftServerConfigKeys (ConfUtils.java:logGet(46)) - raft.server.log.statemachine.data.caching.enabled = true (custom)
2022-07-02 07:25:16,638 [pool-1095-thread-1] INFO  segmented.SegmentedRaftLogWorker (SegmentedRaftLogWorker.java:lambda$new$0(135)) - df88482a-df69-428f-8950-05b0a5ebb4b0@group-12047813E660-SegmentedRaftLogWorker: flushIndex: setUnconditionally 0 -> -1
2022-07-02 07:25:16,638 [pool-1095-thread-1] INFO  segmented.SegmentedRaftLogWorker (SegmentedRaftLogWorker.java:lambda$new$0(135)) - df88482a-df69-428f-8950-05b0a5ebb4b0@group-12047813E660-SegmentedRaftLogWorker: safeCacheEvictIndex: setUnconditionally 0 -> -1
2022-07-02 07:25:16,642 [pool-1095-thread-1] INFO  server.RaftServerConfigKeys (ConfUtils.java:logGet(46)) - raft.server.snapshot.auto.trigger.enabled = true (custom)
2022-07-02 07:25:16,642 [pool-1095-thread-1] INFO  server.RaftServerConfigKeys (ConfUtils.java:logGet(46)) - raft.server.snapshot.auto.trigger.threshold = 10000 (custom)
2022-07-02 07:25:16,642 [pool-1095-thread-1] INFO  server.RaftServerConfigKeys (ConfUtils.java:logGet(46)) - raft.server.snapshot.retention.file.num = 5 (custom)
2022-07-02 07:25:16,642 [pool-1095-thread-1] INFO  server.RaftServerConfigKeys (ConfUtils.java:logGet(46)) - raft.server.log.purge.upto.snapshot.index = false (default)
2022-07-02 07:25:16,642 [pool-1095-thread-1] INFO  server.RaftServerConfigKeys (ConfUtils.java:logGet(46)) - raft.server.retrycache.expirytime = 600000ms (custom)
2022-07-02 07:25:16,642 [pool-1095-thread-1] INFO  server.RaftServerConfigKeys (ConfUtils.java:logGet(46)) - raft.server.retrycache.statistics.expirytime = 100μs (default)
2022-07-02 07:25:16,660 [EventQueue-OpenPipelineForHealthyPipelineSafeModeRule] INFO  safemode.SCMSafeModeManager (HealthyPipelineSafeModeRule.java:process(124)) - SCM in safe mode. Healthy pipelines reported count is 0, required healthy pipeline reported count is 1
2022-07-02 07:25:16,712 [pool-1095-thread-1] INFO  server.RaftServerConfigKeys (ConfUtils.java:logGet(46)) - raft.server.log.appender.install.snapshot.enabled = false (custom)
2022-07-02 07:25:16,712 [pool-1095-thread-1] INFO  server.RaftServerConfigKeys (ConfUtils.java:logGet(46)) - raft.server.threadpool.server.cached = true (default)
2022-07-02 07:25:16,712 [pool-1095-thread-1] INFO  server.RaftServerConfigKeys (ConfUtils.java:logGet(46)) - raft.server.threadpool.server.size = 0 (default)
2022-07-02 07:25:16,712 [pool-1095-thread-1] INFO  server.RaftServerConfigKeys (ConfUtils.java:logGet(46)) - raft.server.threadpool.client.cached = true (default)
2022-07-02 07:25:16,712 [pool-1095-thread-1] INFO  server.RaftServerConfigKeys (ConfUtils.java:logGet(46)) - raft.server.threadpool.client.size = 0 (default)
2022-07-02 07:25:16,724 [pool-1095-thread-1] INFO  server.RaftServer$Division (RaftServerImpl.java:start(310)) - df88482a-df69-428f-8950-05b0a5ebb4b0@group-12047813E660: start as a follower, conf=-1: [9caa7045-5a70-40e0-915a-de4f864b73cf|rpc:10.1.0.20:33007|priority:0, df88482a-df69-428f-8950-05b0a5ebb4b0|rpc:10.1.0.20:42229|priority:0, b3fa7f95-08ce-4cb9-ba7f-3dff0e499d93|rpc:10.1.0.20:44337|priority:1], old=null
2022-07-02 07:25:16,724 [pool-1095-thread-1] INFO  server.RaftServer$Division (RaftServerImpl.java:setRole(299)) - df88482a-df69-428f-8950-05b0a5ebb4b0@group-12047813E660: changes role from      null to FOLLOWER at term 0 for startAsFollower
2022-07-02 07:25:16,751 [pool-1095-thread-1] INFO  impl.RoleInfo (RoleInfo.java:updateAndGet(139)) - df88482a-df69-428f-8950-05b0a5ebb4b0: start df88482a-df69-428f-8950-05b0a5ebb4b0@group-12047813E660-FollowerState
2022-07-02 07:25:16,764 [pool-1095-thread-1] INFO  util.JmxRegister (JmxRegister.java:tryRegister(44)) - Successfully registered JMX Bean with object name Ratis:service=RaftServer,group=group-12047813E660,id=df88482a-df69-428f-8950-05b0a5ebb4b0
2022-07-02 07:25:16,770 [Command processor thread] INFO  ratis.XceiverServerRatis (XceiverServerRatis.java:addGroup(765)) - Created group PipelineID=e97cfca6-08f0-4a6f-8225-12047813e660
2022-07-02 07:25:17,093 [Command processor thread] INFO  commandhandler.CreatePipelineCommandHandler (CreatePipelineCommandHandler.java:handle(113)) - Created Pipeline RATIS THREE PipelineID=e97cfca6-08f0-4a6f-8225-12047813e660.
2022-07-02 07:25:17,094 [Command processor thread] INFO  server.RaftServer (RaftServerProxy.java:addNew(96)) - 9caa7045-5a70-40e0-915a-de4f864b73cf: addNew group-8E2393E40596:[9caa7045-5a70-40e0-915a-de4f864b73cf|rpc:10.1.0.20:33007|priority:1, df88482a-df69-428f-8950-05b0a5ebb4b0|rpc:10.1.0.20:42229|priority:0, b3fa7f95-08ce-4cb9-ba7f-3dff0e499d93|rpc:10.1.0.20:44337|priority:0] returns group-8E2393E40596:java.util.concurrent.CompletableFuture@3ad9e0eb[Not completed]
2022-07-02 07:25:17,096 [Listener at 127.0.0.1/43657] INFO  ozone.MiniOzoneClusterImpl (MiniOzoneClusterImpl.java:lambda$waitForClusterToBeReady$0(223)) - Waiting for nodes to be ready. Got 3 of 5 DN Heartbeats.
2022-07-02 07:25:17,096 [Listener at 127.0.0.1/43657] INFO  ozone.MiniOzoneClusterImpl (MiniOzoneClusterImpl.java:lambda$waitForClusterToBeReady$0(226)) - Waiting for cluster to exit safe mode
2022-07-02 07:25:17,096 [Listener at 127.0.0.1/43657] INFO  ozone.MiniOzoneClusterImpl (MiniOzoneClusterImpl.java:lambda$waitForClusterToBeReady$0(228)) - SCM became leader
2022-07-02 07:25:17,114 [pool-1118-thread-1] INFO  server.RaftServer$Division (RaftServerImpl.java:<init>(190)) - 9caa7045-5a70-40e0-915a-de4f864b73cf: new RaftServerImpl for group-8E2393E40596:[9caa7045-5a70-40e0-915a-de4f864b73cf|rpc:10.1.0.20:33007|priority:1, df88482a-df69-428f-8950-05b0a5ebb4b0|rpc:10.1.0.20:42229|priority:0, b3fa7f95-08ce-4cb9-ba7f-3dff0e499d93|rpc:10.1.0.20:44337|priority:0] with ContainerStateMachine:uninitialized
2022-07-02 07:25:17,114 [pool-1118-thread-1] INFO  server.RaftServerConfigKeys (ConfUtils.java:logGet(46)) - raft.server.rpc.timeout.min = 5s (custom)
2022-07-02 07:25:17,114 [pool-1118-thread-1] INFO  server.RaftServerConfigKeys (ConfUtils.java:logGet(46)) - raft.server.rpc.timeout.max = 5200ms (custom)
2022-07-02 07:25:17,114 [pool-1118-thread-1] INFO  server.RaftServerConfigKeys (ConfUtils.java:logGet(46)) - raft.server.rpc.sleep.time = 25ms (default)
2022-07-02 07:25:17,114 [pool-1118-thread-1] INFO  server.RaftServerConfigKeys (ConfUtils.java:logGet(46)) - raft.server.rpc.slowness.timeout = 300s (custom)
2022-07-02 07:25:17,114 [pool-1118-thread-1] INFO  server.RaftServerConfigKeys (ConfUtils.java:logGet(46)) - raft.server.leaderelection.leader.step-down.wait-time = 10s (default)
2022-07-02 07:25:17,114 [pool-1118-thread-1] INFO  server.RaftServerConfigKeys (ConfUtils.java:logGet(46)) - raft.server.sleep.deviation.threshold = 300ms (default)
2022-07-02 07:25:17,114 [pool-1118-thread-1] INFO  server.RaftServer$Division (ServerState.java:<init>(107)) - 9caa7045-5a70-40e0-915a-de4f864b73cf@group-8E2393E40596: ConfigurationManager, init=-1: [9caa7045-5a70-40e0-915a-de4f864b73cf|rpc:10.1.0.20:33007|priority:1, df88482a-df69-428f-8950-05b0a5ebb4b0|rpc:10.1.0.20:42229|priority:0, b3fa7f95-08ce-4cb9-ba7f-3dff0e499d93|rpc:10.1.0.20:44337|priority:0], old=null, confs=<EMPTY_MAP>
2022-07-02 07:25:17,115 [pool-1118-thread-1] INFO  server.RaftServerConfigKeys (ConfUtils.java:logGet(46)) - raft.server.storage.dir = [/home/runner/work/ozone/ozone/hadoop-ozone/integration-test/target/test-dir/MiniOzoneClusterImpl-61754a76-b51f-4318-8597-8262e590efb7/datanode-1/data/ratis] (custom)
2022-07-02 07:25:17,115 [pool-1118-thread-1] INFO  server.RaftServerConfigKeys (ConfUtils.java:logGet(46)) - raft.server.log.corruption.policy = EXCEPTION (default)
2022-07-02 07:25:17,115 [pool-1118-thread-1] INFO  server.RaftServerConfigKeys (ConfUtils.java:logGet(46)) - raft.server.storage.free-space.min = 0MB (=0) (default)
2022-07-02 07:25:17,115 [pool-1118-thread-1] INFO  storage.RaftStorageDirectory (RaftStorageDirectoryImpl.java:analyzeStorage(135)) - The storage directory /home/runner/work/ozone/ozone/hadoop-ozone/integration-test/target/test-dir/MiniOzoneClusterImpl-61754a76-b51f-4318-8597-8262e590efb7/datanode-1/data/ratis/fd376a5b-ef2d-4cdc-a791-8e2393e40596 does not exist. Creating ...
2022-07-02 07:25:17,116 [pool-1118-thread-1] INFO  storage.RaftStorageDirectory (RaftStorageDirectoryImpl.java:tryLock(230)) - Lock on /home/runner/work/ozone/ozone/hadoop-ozone/integration-test/target/test-dir/MiniOzoneClusterImpl-61754a76-b51f-4318-8597-8262e590efb7/datanode-1/data/ratis/fd376a5b-ef2d-4cdc-a791-8e2393e40596/in_use.lock acquired by nodename 16391@fv-az444-838
2022-07-02 07:25:17,121 [pool-1118-thread-1] INFO  storage.RaftStorage (RaftStorageImpl.java:format(89)) - Storage directory /home/runner/work/ozone/ozone/hadoop-ozone/integration-test/target/test-dir/MiniOzoneClusterImpl-61754a76-b51f-4318-8597-8262e590efb7/datanode-1/data/ratis/fd376a5b-ef2d-4cdc-a791-8e2393e40596 has been successfully formatted.
2022-07-02 07:25:17,121 [pool-1118-thread-1] INFO  ratis.ContainerStateMachine (ContainerStateMachine.java:loadSnapshot(236)) - group-8E2393E40596: The snapshot info is null. Setting the last applied indexto:(t:0, i:~)
2022-07-02 07:25:17,121 [pool-1118-thread-1] INFO  server.RaftServerConfigKeys (ConfUtils.java:logGet(46)) - raft.server.notification.no-leader.timeout = 300s (custom)
2022-07-02 07:25:17,121 [pool-1118-thread-1] INFO  server.RaftServerConfigKeys (ConfUtils.java:logGet(46)) - raft.server.log.use.memory = false (default)
2022-07-02 07:25:17,121 [pool-1118-thread-1] INFO  server.RaftServerConfigKeys (ConfUtils.java:logGet(46)) - raft.server.log.purge.gap = 1000000 (custom)
2022-07-02 07:25:17,121 [pool-1118-thread-1] INFO  server.RaftServerConfigKeys (ConfUtils.java:logGet(46)) - raft.server.log.appender.buffer.byte-limit = 33554432 (custom)
2022-07-02 07:25:17,121 [pool-1118-thread-1] INFO  server.RaftServerConfigKeys (ConfUtils.java:logGet(46)) - raft.server.log.statemachine.data.read.timeout = 1000ms (default)
2022-07-02 07:25:17,121 [pool-1118-thread-1] INFO  server.RaftServerConfigKeys (ConfUtils.java:logGet(46)) - raft.server.log.segment.size.max = 1048576 (custom)
2022-07-02 07:25:17,122 [pool-1118-thread-1] INFO  server.RaftServerConfigKeys (ConfUtils.java:logGet(46)) - raft.server.log.segment.cache.num.max = 2 (custom)
2022-07-02 07:25:17,122 [pool-1118-thread-1] INFO  server.RaftServerConfigKeys (ConfUtils.java:logGet(46)) - raft.server.log.segment.cache.size.max = 200MB (=209715200) (default)
2022-07-02 07:25:17,122 [pool-1118-thread-1] INFO  segmented.SegmentedRaftLogWorker (SegmentedRaftLogWorker.java:<init>(187)) - new 9caa7045-5a70-40e0-915a-de4f864b73cf@group-8E2393E40596-SegmentedRaftLogWorker for RaftStorageImpl:Storage Directory /home/runner/work/ozone/ozone/hadoop-ozone/integration-test/target/test-dir/MiniOzoneClusterImpl-61754a76-b51f-4318-8597-8262e590efb7/datanode-1/data/ratis/fd376a5b-ef2d-4cdc-a791-8e2393e40596
2022-07-02 07:25:17,122 [pool-1118-thread-1] INFO  server.RaftServerConfigKeys (ConfUtils.java:logGet(46)) - raft.server.log.queue.byte-limit = 4294967296 (custom)
2022-07-02 07:25:17,122 [pool-1118-thread-1] INFO  server.RaftServerConfigKeys (ConfUtils.java:logGet(46)) - raft.server.log.queue.element-limit = 1024 (custom)
2022-07-02 07:25:17,122 [pool-1118-thread-1] INFO  server.RaftServerConfigKeys (ConfUtils.java:logGet(46)) - raft.server.log.segment.size.max = 1048576 (custom)
2022-07-02 07:25:17,122 [pool-1118-thread-1] INFO  server.RaftServerConfigKeys (ConfUtils.java:logGet(46)) - raft.server.log.preallocated.size = 16384 (custom)
2022-07-02 07:25:17,122 [pool-1118-thread-1] INFO  server.RaftServerConfigKeys (ConfUtils.java:logGet(46)) - raft.server.log.force.sync.num = 128 (default)
2022-07-02 07:25:17,122 [pool-1118-thread-1] INFO  server.RaftServerConfigKeys (ConfUtils.java:logGet(46)) - raft.server.log.statemachine.data.sync = true (default)
2022-07-02 07:25:17,122 [pool-1118-thread-1] INFO  server.RaftServerConfigKeys (ConfUtils.java:logGet(46)) - raft.server.log.statemachine.data.sync.timeout = 10s (default)
2022-07-02 07:25:17,122 [pool-1118-thread-1] INFO  server.RaftServerConfigKeys (ConfUtils.java:logGet(46)) - raft.server.log.statemachine.data.sync.timeout.retry = -1 (default)
2022-07-02 07:25:17,124 [EventQueue-OpenPipelineForHealthyPipelineSafeModeRule] INFO  safemode.SCMSafeModeManager (HealthyPipelineSafeModeRule.java:process(124)) - SCM in safe mode. Healthy pipelines reported count is 0, required healthy pipeline reported count is 1
2022-07-02 07:25:17,125 [pool-1118-thread-1] INFO  server.RaftServerConfigKeys (ConfUtils.java:logGet(46)) - raft.server.log.write.buffer.size = 1048576 (custom)
2022-07-02 07:25:17,125 [pool-1118-thread-1] INFO  server.RaftServerConfigKeys (ConfUtils.java:logGet(46)) - raft.server.log.unsafe-flush.enabled = false (default)
2022-07-02 07:25:17,125 [pool-1118-thread-1] INFO  server.RaftServerConfigKeys (ConfUtils.java:logGet(46)) - raft.server.log.statemachine.data.caching.enabled = true (custom)
2022-07-02 07:25:17,126 [pool-1118-thread-1] INFO  segmented.SegmentedRaftLogWorker (SegmentedRaftLogWorker.java:lambda$new$0(135)) - 9caa7045-5a70-40e0-915a-de4f864b73cf@group-8E2393E40596-SegmentedRaftLogWorker: flushIndex: setUnconditionally 0 -> -1
2022-07-02 07:25:17,126 [pool-1118-thread-1] INFO  segmented.SegmentedRaftLogWorker (SegmentedRaftLogWorker.java:lambda$new$0(135)) - 9caa7045-5a70-40e0-915a-de4f864b73cf@group-8E2393E40596-SegmentedRaftLogWorker: safeCacheEvictIndex: setUnconditionally 0 -> -1
2022-07-02 07:25:17,136 [pool-1118-thread-1] INFO  server.RaftServerConfigKeys (ConfUtils.java:logGet(46)) - raft.server.snapshot.auto.trigger.enabled = true (custom)
2022-07-02 07:25:17,136 [pool-1118-thread-1] INFO  server.RaftServerConfigKeys (ConfUtils.java:logGet(46)) - raft.server.snapshot.auto.trigger.threshold = 10000 (custom)
2022-07-02 07:25:17,136 [pool-1118-thread-1] INFO  server.RaftServerConfigKeys (ConfUtils.java:logGet(46)) - raft.server.snapshot.retention.file.num = 5 (custom)
2022-07-02 07:25:17,136 [pool-1118-thread-1] INFO  server.RaftServerConfigKeys (ConfUtils.java:logGet(46)) - raft.server.log.purge.upto.snapshot.index = false (default)
2022-07-02 07:25:17,136 [pool-1118-thread-1] INFO  server.RaftServerConfigKeys (ConfUtils.java:logGet(46)) - raft.server.retrycache.expirytime = 600000ms (custom)
2022-07-02 07:25:17,136 [pool-1118-thread-1] INFO  server.RaftServerConfigKeys (ConfUtils.java:logGet(46)) - raft.server.retrycache.statistics.expirytime = 100μs (default)
2022-07-02 07:25:17,182 [pool-1118-thread-1] INFO  server.RaftServerConfigKeys (ConfUtils.java:logGet(46)) - raft.server.log.appender.install.snapshot.enabled = false (custom)
2022-07-02 07:25:17,182 [pool-1118-thread-1] INFO  server.RaftServerConfigKeys (ConfUtils.java:logGet(46)) - raft.server.threadpool.server.cached = true (default)
2022-07-02 07:25:17,182 [pool-1118-thread-1] INFO  server.RaftServerConfigKeys (ConfUtils.java:logGet(46)) - raft.server.threadpool.server.size = 0 (default)
2022-07-02 07:25:17,182 [pool-1118-thread-1] INFO  server.RaftServerConfigKeys (ConfUtils.java:logGet(46)) - raft.server.threadpool.client.cached = true (default)
2022-07-02 07:25:17,182 [pool-1118-thread-1] INFO  server.RaftServerConfigKeys (ConfUtils.java:logGet(46)) - raft.server.threadpool.client.size = 0 (default)
2022-07-02 07:25:17,184 [pool-1118-thread-1] INFO  server.RaftServer$Division (RaftServerImpl.java:start(310)) - 9caa7045-5a70-40e0-915a-de4f864b73cf@group-8E2393E40596: start as a follower, conf=-1: [9caa7045-5a70-40e0-915a-de4f864b73cf|rpc:10.1.0.20:33007|priority:1, df88482a-df69-428f-8950-05b0a5ebb4b0|rpc:10.1.0.20:42229|priority:0, b3fa7f95-08ce-4cb9-ba7f-3dff0e499d93|rpc:10.1.0.20:44337|priority:0], old=null
2022-07-02 07:25:17,184 [pool-1118-thread-1] INFO  server.RaftServer$Division (RaftServerImpl.java:setRole(299)) - 9caa7045-5a70-40e0-915a-de4f864b73cf@group-8E2393E40596: changes role from      null to FOLLOWER at term 0 for startAsFollower
2022-07-02 07:25:17,184 [pool-1118-thread-1] INFO  impl.RoleInfo (RoleInfo.java:updateAndGet(139)) - 9caa7045-5a70-40e0-915a-de4f864b73cf: start 9caa7045-5a70-40e0-915a-de4f864b73cf@group-8E2393E40596-FollowerState
2022-07-02 07:25:17,200 [pool-1118-thread-1] INFO  util.JmxRegister (JmxRegister.java:tryRegister(44)) - Successfully registered JMX Bean with object name Ratis:service=RaftServer,group=group-8E2393E40596,id=9caa7045-5a70-40e0-915a-de4f864b73cf
2022-07-02 07:25:17,211 [Command processor thread] INFO  ratis.XceiverServerRatis (XceiverServerRatis.java:addGroup(765)) - Created group PipelineID=fd376a5b-ef2d-4cdc-a791-8e2393e40596
2022-07-02 07:25:17,226 [IPC Server handler 0 on default port 36909] INFO  net.NetworkTopologyImpl (NetworkTopologyImpl.java:add(112)) - Added a new node: /default-rack/9dbfc124-a633-4049-88ff-e9b3a2f880bb
2022-07-02 07:25:17,226 [IPC Server handler 0 on default port 36909] INFO  node.SCMNodeManager (SCMNodeManager.java:register(397)) - Registered Data node : 9dbfc124-a633-4049-88ff-e9b3a2f880bb{ip: 10.1.0.20, host: fv-az444-838.dthhdds2jluu1c0oa55ndv1hsg.dx.internal.cloudapp.net, ports: [REPLICATION=39437, RATIS=34393, RATIS_ADMIN=34393, RATIS_SERVER=34393, STANDALONE=33037], networkLocation: /default-rack, certSerialId: null, persistedOpState: null, persistedOpStateExpiryEpochSec: 0}
2022-07-02 07:25:17,226 [EventQueue-NewNodeForNewNodeHandler] INFO  pipeline.BackgroundPipelineCreator (BackgroundPipelineCreator.java:notifyEventTriggered(275)) - trigger a one-shot run on RatisPipelineUtilsThread.
2022-07-02 07:25:17,315 [grpc-default-executor-0] INFO  server.RaftServer (RaftServerProxy.java:addNew(96)) - df88482a-df69-428f-8950-05b0a5ebb4b0: addNew group-8E2393E40596:[9caa7045-5a70-40e0-915a-de4f864b73cf|rpc:10.1.0.20:33007|dataStream:|priority:1, df88482a-df69-428f-8950-05b0a5ebb4b0|rpc:10.1.0.20:42229|dataStream:|priority:0, b3fa7f95-08ce-4cb9-ba7f-3dff0e499d93|rpc:10.1.0.20:44337|dataStream:|priority:0] returns group-8E2393E40596:java.util.concurrent.CompletableFuture@26d9666c[Not completed]
2022-07-02 07:25:17,316 [pool-1095-thread-1] INFO  server.RaftServer$Division (RaftServerImpl.java:<init>(190)) - df88482a-df69-428f-8950-05b0a5ebb4b0: new RaftServerImpl for group-8E2393E40596:[9caa7045-5a70-40e0-915a-de4f864b73cf|rpc:10.1.0.20:33007|dataStream:|priority:1, df88482a-df69-428f-8950-05b0a5ebb4b0|rpc:10.1.0.20:42229|dataStream:|priority:0, b3fa7f95-08ce-4cb9-ba7f-3dff0e499d93|rpc:10.1.0.20:44337|dataStream:|priority:0] with ContainerStateMachine:uninitialized
2022-07-02 07:25:17,316 [pool-1095-thread-1] INFO  server.RaftServerConfigKeys (ConfUtils.java:logGet(46)) - raft.server.rpc.timeout.min = 5s (custom)
2022-07-02 07:25:17,316 [pool-1095-thread-1] INFO  server.RaftServerConfigKeys (ConfUtils.java:logGet(46)) - raft.server.rpc.timeout.max = 5200ms (custom)
2022-07-02 07:25:17,316 [pool-1095-thread-1] INFO  server.RaftServerConfigKeys (ConfUtils.java:logGet(46)) - raft.server.rpc.sleep.time = 25ms (default)
2022-07-02 07:25:17,316 [pool-1095-thread-1] INFO  server.RaftServerConfigKeys (ConfUtils.java:logGet(46)) - raft.server.rpc.slowness.timeout = 300s (custom)
2022-07-02 07:25:17,317 [pool-1095-thread-1] INFO  server.RaftServerConfigKeys (ConfUtils.java:logGet(46)) - raft.server.leaderelection.leader.step-down.wait-time = 10s (default)
2022-07-02 07:25:17,317 [pool-1095-thread-1] INFO  server.RaftServerConfigKeys (ConfUtils.java:logGet(46)) - raft.server.sleep.deviation.threshold = 300ms (default)
2022-07-02 07:25:17,317 [pool-1095-thread-1] INFO  server.RaftServer$Division (ServerState.java:<init>(107)) - df88482a-df69-428f-8950-05b0a5ebb4b0@group-8E2393E40596: ConfigurationManager, init=-1: [9caa7045-5a70-40e0-915a-de4f864b73cf|rpc:10.1.0.20:33007|dataStream:|priority:1, df88482a-df69-428f-8950-05b0a5ebb4b0|rpc:10.1.0.20:42229|dataStream:|priority:0, b3fa7f95-08ce-4cb9-ba7f-3dff0e499d93|rpc:10.1.0.20:44337|dataStream:|priority:0], old=null, confs=<EMPTY_MAP>
2022-07-02 07:25:17,317 [pool-1095-thread-1] INFO  server.RaftServerConfigKeys (ConfUtils.java:logGet(46)) - raft.server.storage.dir = [/home/runner/work/ozone/ozone/hadoop-ozone/integration-test/target/test-dir/MiniOzoneClusterImpl-61754a76-b51f-4318-8597-8262e590efb7/datanode-0/data/ratis] (custom)
2022-07-02 07:25:17,317 [pool-1095-thread-1] INFO  server.RaftServerConfigKeys (ConfUtils.java:logGet(46)) - raft.server.log.corruption.policy = EXCEPTION (default)
2022-07-02 07:25:17,317 [pool-1095-thread-1] INFO  server.RaftServerConfigKeys (ConfUtils.java:logGet(46)) - raft.server.storage.free-space.min = 0MB (=0) (default)
2022-07-02 07:25:17,317 [pool-1095-thread-1] INFO  storage.RaftStorageDirectory (RaftStorageDirectoryImpl.java:analyzeStorage(135)) - The storage directory /home/runner/work/ozone/ozone/hadoop-ozone/integration-test/target/test-dir/MiniOzoneClusterImpl-61754a76-b51f-4318-8597-8262e590efb7/datanode-0/data/ratis/fd376a5b-ef2d-4cdc-a791-8e2393e40596 does not exist. Creating ...
2022-07-02 07:25:17,319 [pool-1095-thread-1] INFO  storage.RaftStorageDirectory (RaftStorageDirectoryImpl.java:tryLock(230)) - Lock on /home/runner/work/ozone/ozone/hadoop-ozone/integration-test/target/test-dir/MiniOzoneClusterImpl-61754a76-b51f-4318-8597-8262e590efb7/datanode-0/data/ratis/fd376a5b-ef2d-4cdc-a791-8e2393e40596/in_use.lock acquired by nodename 16391@fv-az444-838
2022-07-02 07:25:17,320 [Command processor thread] INFO  commandhandler.CreatePipelineCommandHandler (CreatePipelineCommandHandler.java:handle(113)) - Created Pipeline RATIS THREE PipelineID=e97cfca6-08f0-4a6f-8225-12047813e660.
2022-07-02 07:25:17,324 [pool-1095-thread-1] INFO  storage.RaftStorage (RaftStorageImpl.java:format(89)) - Storage directory /home/runner/work/ozone/ozone/hadoop-ozone/integration-test/target/test-dir/MiniOzoneClusterImpl-61754a76-b51f-4318-8597-8262e590efb7/datanode-0/data/ratis/fd376a5b-ef2d-4cdc-a791-8e2393e40596 has been successfully formatted.
2022-07-02 07:25:17,325 [pool-1095-thread-1] INFO  ratis.ContainerStateMachine (ContainerStateMachine.java:loadSnapshot(236)) - group-8E2393E40596: The snapshot info is null. Setting the last applied indexto:(t:0, i:~)
2022-07-02 07:25:17,331 [EventQueue-OpenPipelineForHealthyPipelineSafeModeRule] INFO  safemode.SCMSafeModeManager (HealthyPipelineSafeModeRule.java:process(124)) - SCM in safe mode. Healthy pipelines reported count is 0, required healthy pipeline reported count is 1
2022-07-02 07:25:17,331 [pool-1095-thread-1] INFO  server.RaftServerConfigKeys (ConfUtils.java:logGet(46)) - raft.server.notification.no-leader.timeout = 300s (custom)
2022-07-02 07:25:17,331 [pool-1095-thread-1] INFO  server.RaftServerConfigKeys (ConfUtils.java:logGet(46)) - raft.server.log.use.memory = false (default)
2022-07-02 07:25:17,331 [pool-1095-thread-1] INFO  server.RaftServerConfigKeys (ConfUtils.java:logGet(46)) - raft.server.log.purge.gap = 1000000 (custom)
2022-07-02 07:25:17,331 [pool-1095-thread-1] INFO  server.RaftServerConfigKeys (ConfUtils.java:logGet(46)) - raft.server.log.appender.buffer.byte-limit = 33554432 (custom)
2022-07-02 07:25:17,331 [pool-1095-thread-1] INFO  server.RaftServerConfigKeys (ConfUtils.java:logGet(46)) - raft.server.log.statemachine.data.read.timeout = 1000ms (default)
2022-07-02 07:25:17,332 [pool-1095-thread-1] INFO  server.RaftServerConfigKeys (ConfUtils.java:logGet(46)) - raft.server.log.segment.size.max = 1048576 (custom)
2022-07-02 07:25:17,332 [pool-1095-thread-1] INFO  server.RaftServerConfigKeys (ConfUtils.java:logGet(46)) - raft.server.log.segment.cache.num.max = 2 (custom)
2022-07-02 07:25:17,332 [pool-1095-thread-1] INFO  server.RaftServerConfigKeys (ConfUtils.java:logGet(46)) - raft.server.log.segment.cache.size.max = 200MB (=209715200) (default)
2022-07-02 07:25:17,332 [pool-1095-thread-1] INFO  segmented.SegmentedRaftLogWorker (SegmentedRaftLogWorker.java:<init>(187)) - new df88482a-df69-428f-8950-05b0a5ebb4b0@group-8E2393E40596-SegmentedRaftLogWorker for RaftStorageImpl:Storage Directory /home/runner/work/ozone/ozone/hadoop-ozone/integration-test/target/test-dir/MiniOzoneClusterImpl-61754a76-b51f-4318-8597-8262e590efb7/datanode-0/data/ratis/fd376a5b-ef2d-4cdc-a791-8e2393e40596
2022-07-02 07:25:17,332 [pool-1095-thread-1] INFO  server.RaftServerConfigKeys (ConfUtils.java:logGet(46)) - raft.server.log.queue.byte-limit = 4294967296 (custom)
2022-07-02 07:25:17,333 [pool-1095-thread-1] INFO  server.RaftServerConfigKeys (ConfUtils.java:logGet(46)) - raft.server.log.queue.element-limit = 1024 (custom)
2022-07-02 07:25:17,333 [pool-1095-thread-1] INFO  server.RaftServerConfigKeys (ConfUtils.java:logGet(46)) - raft.server.log.segment.size.max = 1048576 (custom)
2022-07-02 07:25:17,333 [pool-1095-thread-1] INFO  server.RaftServerConfigKeys (ConfUtils.java:logGet(46)) - raft.server.log.preallocated.size = 16384 (custom)
2022-07-02 07:25:17,333 [pool-1095-thread-1] INFO  server.RaftServerConfigKeys (ConfUtils.java:logGet(46)) - raft.server.log.force.sync.num = 128 (default)
2022-07-02 07:25:17,333 [pool-1095-thread-1] INFO  server.RaftServerConfigKeys (ConfUtils.java:logGet(46)) - raft.server.log.statemachine.data.sync = true (default)
2022-07-02 07:25:17,333 [pool-1095-thread-1] INFO  server.RaftServerConfigKeys (ConfUtils.java:logGet(46)) - raft.server.log.statemachine.data.sync.timeout = 10s (default)
2022-07-02 07:25:17,333 [pool-1095-thread-1] INFO  server.RaftServerConfigKeys (ConfUtils.java:logGet(46)) - raft.server.log.statemachine.data.sync.timeout.retry = -1 (default)
2022-07-02 07:25:17,334 [pool-1095-thread-1] INFO  server.RaftServerConfigKeys (ConfUtils.java:logGet(46)) - raft.server.log.write.buffer.size = 1048576 (custom)
2022-07-02 07:25:17,335 [pool-1095-thread-1] INFO  server.RaftServerConfigKeys (ConfUtils.java:logGet(46)) - raft.server.log.unsafe-flush.enabled = false (default)
2022-07-02 07:25:17,335 [pool-1095-thread-1] INFO  server.RaftServerConfigKeys (ConfUtils.java:logGet(46)) - raft.server.log.statemachine.data.caching.enabled = true (custom)
2022-07-02 07:25:17,335 [pool-1095-thread-1] INFO  segmented.SegmentedRaftLogWorker (SegmentedRaftLogWorker.java:lambda$new$0(135)) - df88482a-df69-428f-8950-05b0a5ebb4b0@group-8E2393E40596-SegmentedRaftLogWorker: flushIndex: setUnconditionally 0 -> -1
2022-07-02 07:25:17,335 [pool-1095-thread-1] INFO  segmented.SegmentedRaftLogWorker (SegmentedRaftLogWorker.java:lambda$new$0(135)) - df88482a-df69-428f-8950-05b0a5ebb4b0@group-8E2393E40596-SegmentedRaftLogWorker: safeCacheEvictIndex: setUnconditionally 0 -> -1
2022-07-02 07:25:17,364 [pool-1095-thread-1] INFO  server.RaftServerConfigKeys (ConfUtils.java:logGet(46)) - raft.server.snapshot.auto.trigger.enabled = true (custom)
2022-07-02 07:25:17,364 [pool-1095-thread-1] INFO  server.RaftServerConfigKeys (ConfUtils.java:logGet(46)) - raft.server.snapshot.auto.trigger.threshold = 10000 (custom)
2022-07-02 07:25:17,364 [pool-1095-thread-1] INFO  server.RaftServerConfigKeys (ConfUtils.java:logGet(46)) - raft.server.snapshot.retention.file.num = 5 (custom)
2022-07-02 07:25:17,364 [pool-1095-thread-1] INFO  server.RaftServerConfigKeys (ConfUtils.java:logGet(46)) - raft.server.log.purge.upto.snapshot.index = false (default)
2022-07-02 07:25:17,364 [pool-1095-thread-1] INFO  server.RaftServerConfigKeys (ConfUtils.java:logGet(46)) - raft.server.retrycache.expirytime = 600000ms (custom)
2022-07-02 07:25:17,364 [pool-1095-thread-1] INFO  server.RaftServerConfigKeys (ConfUtils.java:logGet(46)) - raft.server.retrycache.statistics.expirytime = 100μs (default)
2022-07-02 07:25:17,366 [pool-1095-thread-1] INFO  server.RaftServerConfigKeys (ConfUtils.java:logGet(46)) - raft.server.log.appender.install.snapshot.enabled = false (custom)
2022-07-02 07:25:17,366 [pool-1095-thread-1] INFO  server.RaftServerConfigKeys (ConfUtils.java:logGet(46)) - raft.server.threadpool.server.cached = true (default)
2022-07-02 07:25:17,366 [pool-1095-thread-1] INFO  server.RaftServerConfigKeys (ConfUtils.java:logGet(46)) - raft.server.threadpool.server.size = 0 (default)
2022-07-02 07:25:17,366 [pool-1095-thread-1] INFO  server.RaftServerConfigKeys (ConfUtils.java:logGet(46)) - raft.server.threadpool.client.cached = true (default)
2022-07-02 07:25:17,366 [pool-1095-thread-1] INFO  server.RaftServerConfigKeys (ConfUtils.java:logGet(46)) - raft.server.threadpool.client.size = 0 (default)
2022-07-02 07:25:17,366 [pool-1095-thread-1] INFO  server.RaftServer$Division (RaftServerImpl.java:start(310)) - df88482a-df69-428f-8950-05b0a5ebb4b0@group-8E2393E40596: start as a follower, conf=-1: [9caa7045-5a70-40e0-915a-de4f864b73cf|rpc:10.1.0.20:33007|dataStream:|priority:1, df88482a-df69-428f-8950-05b0a5ebb4b0|rpc:10.1.0.20:42229|dataStream:|priority:0, b3fa7f95-08ce-4cb9-ba7f-3dff0e499d93|rpc:10.1.0.20:44337|dataStream:|priority:0], old=null
2022-07-02 07:25:17,366 [pool-1095-thread-1] INFO  server.RaftServer$Division (RaftServerImpl.java:setRole(299)) - df88482a-df69-428f-8950-05b0a5ebb4b0@group-8E2393E40596: changes role from      null to FOLLOWER at term 0 for startAsFollower
2022-07-02 07:25:17,366 [pool-1095-thread-1] INFO  impl.RoleInfo (RoleInfo.java:updateAndGet(139)) - df88482a-df69-428f-8950-05b0a5ebb4b0: start df88482a-df69-428f-8950-05b0a5ebb4b0@group-8E2393E40596-FollowerState
2022-07-02 07:25:17,376 [RatisPipelineUtilsThread - 0] INFO  pipeline.RatisPipelineProvider (RatisPipelineProvider.java:lambda$create$0(195)) - Sending CreatePipelineCommand for pipeline:PipelineID=b27a7bbb-82bc-45d2-96b0-bcc6231f1d68 to datanode:9dbfc124-a633-4049-88ff-e9b3a2f880bb
2022-07-02 07:25:17,376 [RatisPipelineUtilsThread - 0] INFO  pipeline.PipelineStateManagerImpl (PipelineStateManagerImpl.java:addPipeline(101)) - Created pipeline Pipeline[ Id: b27a7bbb-82bc-45d2-96b0-bcc6231f1d68, Nodes: 9dbfc124-a633-4049-88ff-e9b3a2f880bb{ip: 10.1.0.20, host: fv-az444-838.dthhdds2jluu1c0oa55ndv1hsg.dx.internal.cloudapp.net, ports: [REPLICATION=39437, RATIS=34393, RATIS_ADMIN=34393, RATIS_SERVER=34393, STANDALONE=33037], networkLocation: /default-rack, certSerialId: null, persistedOpState: IN_SERVICE, persistedOpStateExpiryEpochSec: 0}, ReplicationConfig: RATIS/ONE, State:ALLOCATED, leaderId:, CreationTimestamp2022-07-02T07:25:17.376Z[Etc/UTC]].
2022-07-02 07:25:17,428 [pool-1095-thread-1] INFO  util.JmxRegister (JmxRegister.java:tryRegister(44)) - Successfully registered JMX Bean with object name Ratis:service=RaftServer,group=group-8E2393E40596,id=df88482a-df69-428f-8950-05b0a5ebb4b0
2022-07-02 07:25:17,524 [EndpointStateMachine task thread for /0.0.0.0:36909 - 0 ] INFO  volume.HddsVolume (HddsVolume.java:createDbStore(309)) - SchemaV3 db is created and loaded at /home/runner/work/ozone/ozone/hadoop-ozone/integration-test/target/test-dir/MiniOzoneClusterImpl-61754a76-b51f-4318-8597-8262e590efb7/datanode-4/data-0/containers/hdds/61754a76-b51f-4318-8597-8262e590efb7/DS-3cf18ffe-abfb-4ba3-b783-c7955263dbd4/container.db for volume DS-3cf18ffe-abfb-4ba3-b783-c7955263dbd4
2022-07-02 07:25:17,525 [EndpointStateMachine task thread for /0.0.0.0:36909 - 0 ] INFO  volume.HddsVolume (HddsVolume.java:closeDbStore(340)) - SchemaV3 db is stopped at /home/runner/work/ozone/ozone/hadoop-ozone/integration-test/target/test-dir/MiniOzoneClusterImpl-61754a76-b51f-4318-8597-8262e590efb7/datanode-4/data-0/containers/hdds/61754a76-b51f-4318-8597-8262e590efb7/DS-3cf18ffe-abfb-4ba3-b783-c7955263dbd4/container.db for volume DS-3cf18ffe-abfb-4ba3-b783-c7955263dbd4
2022-07-02 07:25:17,525 [EndpointStateMachine task thread for /0.0.0.0:36909 - 0 ] INFO  ozoneimpl.OzoneContainer (OzoneContainer.java:start(344)) - Attempting to start container services.
2022-07-02 07:25:17,525 [EndpointStateMachine task thread for /0.0.0.0:36909 - 0 ] INFO  ozoneimpl.OzoneContainer (OzoneContainer.java:startContainerScrub(279)) - Background container scanner has been disabled.
2022-07-02 07:25:17,583 [EndpointStateMachine task thread for /0.0.0.0:36909 - 0 ] INFO  replication.ReplicationServer (ReplicationServer.java:start(111)) - ReplicationServer is started using port 38249
2022-07-02 07:25:17,584 [EndpointStateMachine task thread for /0.0.0.0:36909 - 0 ] INFO  ratis.XceiverServerRatis (XceiverServerRatis.java:start(481)) - Starting XceiverServerRatis 27197ae1-8142-4704-ad9d-7b85a0d84008
2022-07-02 07:25:17,596 [EndpointStateMachine task thread for /0.0.0.0:36909 - 0 ] INFO  server.RaftServer (RaftServerProxy.java:lambda$start$6(382)) - 27197ae1-8142-4704-ad9d-7b85a0d84008: start RPC server
2022-07-02 07:25:17,607 [EndpointStateMachine task thread for /0.0.0.0:36909 - 0 ] INFO  server.GrpcService (GrpcService.java:startImpl(260)) - 27197ae1-8142-4704-ad9d-7b85a0d84008: GrpcService started, listening on 39541
2022-07-02 07:25:17,615 [EndpointStateMachine task thread for /0.0.0.0:36909 - 0 ] INFO  ratis.XceiverServerRatis (XceiverServerRatis.java:getRealPort(502)) - XceiverServerRatis 27197ae1-8142-4704-ad9d-7b85a0d84008 is started using port 39541 for RATIS
2022-07-02 07:25:17,615 [EndpointStateMachine task thread for /0.0.0.0:36909 - 0 ] INFO  ratis.XceiverServerRatis (XceiverServerRatis.java:getRealPort(502)) - XceiverServerRatis 27197ae1-8142-4704-ad9d-7b85a0d84008 is started using port 39541 for RATIS_ADMIN
2022-07-02 07:25:17,615 [EndpointStateMachine task thread for /0.0.0.0:36909 - 0 ] INFO  ratis.XceiverServerRatis (XceiverServerRatis.java:getRealPort(502)) - XceiverServerRatis 27197ae1-8142-4704-ad9d-7b85a0d84008 is started using port 39541 for RATIS_SERVER
2022-07-02 07:25:17,616 [org.apache.ratis.util.JvmPauseMonitor$$Lambda$611/1072797734@4d26c698] INFO  util.JvmPauseMonitor (JvmPauseMonitor.java:run(103)) - JvmPauseMonitor-27197ae1-8142-4704-ad9d-7b85a0d84008: Started
2022-07-02 07:25:17,759 [grpc-default-executor-0] INFO  server.RaftServer (RaftServerProxy.java:addNew(96)) - b3fa7f95-08ce-4cb9-ba7f-3dff0e499d93: addNew group-8E2393E40596:[9caa7045-5a70-40e0-915a-de4f864b73cf|rpc:10.1.0.20:33007|dataStream:|priority:1, df88482a-df69-428f-8950-05b0a5ebb4b0|rpc:10.1.0.20:42229|dataStream:|priority:0, b3fa7f95-08ce-4cb9-ba7f-3dff0e499d93|rpc:10.1.0.20:44337|dataStream:|priority:0] returns group-8E2393E40596:java.util.concurrent.CompletableFuture@1f0e9b06[Not completed]
2022-07-02 07:25:17,761 [EndpointStateMachine task thread for /0.0.0.0:36909 - 0 ] INFO  server.XceiverServerGrpc (XceiverServerGrpc.java:start(180)) - XceiverServerGrpc 27197ae1-8142-4704-ad9d-7b85a0d84008 is started using port 34797
2022-07-02 07:25:17,801 [pool-1141-thread-1] INFO  server.RaftServer$Division (RaftServerImpl.java:<init>(190)) - b3fa7f95-08ce-4cb9-ba7f-3dff0e499d93: new RaftServerImpl for group-8E2393E40596:[9caa7045-5a70-40e0-915a-de4f864b73cf|rpc:10.1.0.20:33007|dataStream:|priority:1, df88482a-df69-428f-8950-05b0a5ebb4b0|rpc:10.1.0.20:42229|dataStream:|priority:0, b3fa7f95-08ce-4cb9-ba7f-3dff0e499d93|rpc:10.1.0.20:44337|dataStream:|priority:0] with ContainerStateMachine:uninitialized
2022-07-02 07:25:17,801 [pool-1141-thread-1] INFO  server.RaftServerConfigKeys (ConfUtils.java:logGet(46)) - raft.server.rpc.timeout.min = 5s (custom)
2022-07-02 07:25:17,801 [pool-1141-thread-1] INFO  server.RaftServerConfigKeys (ConfUtils.java:logGet(46)) - raft.server.rpc.timeout.max = 5200ms (custom)
2022-07-02 07:25:17,801 [pool-1141-thread-1] INFO  server.RaftServerConfigKeys (ConfUtils.java:logGet(46)) - raft.server.rpc.sleep.time = 25ms (default)
2022-07-02 07:25:17,801 [pool-1141-thread-1] INFO  server.RaftServerConfigKeys (ConfUtils.java:logGet(46)) - raft.server.rpc.slowness.timeout = 300s (custom)
2022-07-02 07:25:17,801 [pool-1141-thread-1] INFO  server.RaftServerConfigKeys (ConfUtils.java:logGet(46)) - raft.server.leaderelection.leader.step-down.wait-time = 10s (default)
2022-07-02 07:25:17,801 [pool-1141-thread-1] INFO  server.RaftServerConfigKeys (ConfUtils.java:logGet(46)) - raft.server.sleep.deviation.threshold = 300ms (default)
2022-07-02 07:25:17,801 [pool-1141-thread-1] INFO  server.RaftServer$Division (ServerState.java:<init>(107)) - b3fa7f95-08ce-4cb9-ba7f-3dff0e499d93@group-8E2393E40596: ConfigurationManager, init=-1: [9caa7045-5a70-40e0-915a-de4f864b73cf|rpc:10.1.0.20:33007|dataStream:|priority:1, df88482a-df69-428f-8950-05b0a5ebb4b0|rpc:10.1.0.20:42229|dataStream:|priority:0, b3fa7f95-08ce-4cb9-ba7f-3dff0e499d93|rpc:10.1.0.20:44337|dataStream:|priority:0], old=null, confs=<EMPTY_MAP>
2022-07-02 07:25:17,801 [pool-1141-thread-1] INFO  server.RaftServerConfigKeys (ConfUtils.java:logGet(46)) - raft.server.storage.dir = [/home/runner/work/ozone/ozone/hadoop-ozone/integration-test/target/test-dir/MiniOzoneClusterImpl-61754a76-b51f-4318-8597-8262e590efb7/datanode-2/data/ratis] (custom)
2022-07-02 07:25:17,801 [pool-1141-thread-1] INFO  server.RaftServerConfigKeys (ConfUtils.java:logGet(46)) - raft.server.log.corruption.policy = EXCEPTION (default)
2022-07-02 07:25:17,801 [pool-1141-thread-1] INFO  server.RaftServerConfigKeys (ConfUtils.java:logGet(46)) - raft.server.storage.free-space.min = 0MB (=0) (default)
2022-07-02 07:25:17,802 [pool-1141-thread-1] INFO  storage.RaftStorageDirectory (RaftStorageDirectoryImpl.java:analyzeStorage(135)) - The storage directory /home/runner/work/ozone/ozone/hadoop-ozone/integration-test/target/test-dir/MiniOzoneClusterImpl-61754a76-b51f-4318-8597-8262e590efb7/datanode-2/data/ratis/fd376a5b-ef2d-4cdc-a791-8e2393e40596 does not exist. Creating ...
2022-07-02 07:25:17,803 [pool-1141-thread-1] INFO  storage.RaftStorageDirectory (RaftStorageDirectoryImpl.java:tryLock(230)) - Lock on /home/runner/work/ozone/ozone/hadoop-ozone/integration-test/target/test-dir/MiniOzoneClusterImpl-61754a76-b51f-4318-8597-8262e590efb7/datanode-2/data/ratis/fd376a5b-ef2d-4cdc-a791-8e2393e40596/in_use.lock acquired by nodename 16391@fv-az444-838
2022-07-02 07:25:17,820 [pool-1141-thread-1] INFO  storage.RaftStorage (RaftStorageImpl.java:format(89)) - Storage directory /home/runner/work/ozone/ozone/hadoop-ozone/integration-test/target/test-dir/MiniOzoneClusterImpl-61754a76-b51f-4318-8597-8262e590efb7/datanode-2/data/ratis/fd376a5b-ef2d-4cdc-a791-8e2393e40596 has been successfully formatted.
2022-07-02 07:25:17,820 [pool-1141-thread-1] INFO  ratis.ContainerStateMachine (ContainerStateMachine.java:loadSnapshot(236)) - group-8E2393E40596: The snapshot info is null. Setting the last applied indexto:(t:0, i:~)
2022-07-02 07:25:17,820 [pool-1141-thread-1] INFO  server.RaftServerConfigKeys (ConfUtils.java:logGet(46)) - raft.server.notification.no-leader.timeout = 300s (custom)
2022-07-02 07:25:17,820 [pool-1141-thread-1] INFO  server.RaftServerConfigKeys (ConfUtils.java:logGet(46)) - raft.server.log.use.memory = false (default)
2022-07-02 07:25:17,821 [pool-1141-thread-1] INFO  server.RaftServerConfigKeys (ConfUtils.java:logGet(46)) - raft.server.log.purge.gap = 1000000 (custom)
2022-07-02 07:25:17,821 [pool-1141-thread-1] INFO  server.RaftServerConfigKeys (ConfUtils.java:logGet(46)) - raft.server.log.appender.buffer.byte-limit = 33554432 (custom)
2022-07-02 07:25:17,821 [pool-1141-thread-1] INFO  server.RaftServerConfigKeys (ConfUtils.java:logGet(46)) - raft.server.log.statemachine.data.read.timeout = 1000ms (default)
2022-07-02 07:25:17,821 [pool-1141-thread-1] INFO  server.RaftServerConfigKeys (ConfUtils.java:logGet(46)) - raft.server.log.segment.size.max = 1048576 (custom)
2022-07-02 07:25:17,821 [pool-1141-thread-1] INFO  server.RaftServerConfigKeys (ConfUtils.java:logGet(46)) - raft.server.log.segment.cache.num.max = 2 (custom)
2022-07-02 07:25:17,822 [pool-1141-thread-1] INFO  server.RaftServerConfigKeys (ConfUtils.java:logGet(46)) - raft.server.log.segment.cache.size.max = 200MB (=209715200) (default)
2022-07-02 07:25:17,822 [pool-1141-thread-1] INFO  segmented.SegmentedRaftLogWorker (SegmentedRaftLogWorker.java:<init>(187)) - new b3fa7f95-08ce-4cb9-ba7f-3dff0e499d93@group-8E2393E40596-SegmentedRaftLogWorker for RaftStorageImpl:Storage Directory /home/runner/work/ozone/ozone/hadoop-ozone/integration-test/target/test-dir/MiniOzoneClusterImpl-61754a76-b51f-4318-8597-8262e590efb7/datanode-2/data/ratis/fd376a5b-ef2d-4cdc-a791-8e2393e40596
2022-07-02 07:25:17,822 [pool-1141-thread-1] INFO  server.RaftServerConfigKeys (ConfUtils.java:logGet(46)) - raft.server.log.queue.byte-limit = 4294967296 (custom)
2022-07-02 07:25:17,822 [pool-1141-thread-1] INFO  server.RaftServerConfigKeys (ConfUtils.java:logGet(46)) - raft.server.log.queue.element-limit = 1024 (custom)
2022-07-02 07:25:17,822 [pool-1141-thread-1] INFO  server.RaftServerConfigKeys (ConfUtils.java:logGet(46)) - raft.server.log.segment.size.max = 1048576 (custom)
2022-07-02 07:25:17,822 [pool-1141-thread-1] INFO  server.RaftServerConfigKeys (ConfUtils.java:logGet(46)) - raft.server.log.preallocated.size = 16384 (custom)
2022-07-02 07:25:17,822 [pool-1141-thread-1] INFO  server.RaftServerConfigKeys (ConfUtils.java:logGet(46)) - raft.server.log.force.sync.num = 128 (default)
2022-07-02 07:25:17,822 [pool-1141-thread-1] INFO  server.RaftServerConfigKeys (ConfUtils.java:logGet(46)) - raft.server.log.statemachine.data.sync = true (default)
2022-07-02 07:25:17,822 [pool-1141-thread-1] INFO  server.RaftServerConfigKeys (ConfUtils.java:logGet(46)) - raft.server.log.statemachine.data.sync.timeout = 10s (default)
2022-07-02 07:25:17,822 [pool-1141-thread-1] INFO  server.RaftServerConfigKeys (ConfUtils.java:logGet(46)) - raft.server.log.statemachine.data.sync.timeout.retry = -1 (default)
2022-07-02 07:25:17,823 [pool-1141-thread-1] INFO  server.RaftServerConfigKeys (ConfUtils.java:logGet(46)) - raft.server.log.write.buffer.size = 1048576 (custom)
2022-07-02 07:25:17,848 [pool-1141-thread-1] INFO  server.RaftServerConfigKeys (ConfUtils.java:logGet(46)) - raft.server.log.unsafe-flush.enabled = false (default)
2022-07-02 07:25:17,848 [pool-1141-thread-1] INFO  server.RaftServerConfigKeys (ConfUtils.java:logGet(46)) - raft.server.log.statemachine.data.caching.enabled = true (custom)
2022-07-02 07:25:17,848 [pool-1141-thread-1] INFO  segmented.SegmentedRaftLogWorker (SegmentedRaftLogWorker.java:lambda$new$0(135)) - b3fa7f95-08ce-4cb9-ba7f-3dff0e499d93@group-8E2393E40596-SegmentedRaftLogWorker: flushIndex: setUnconditionally 0 -> -1
2022-07-02 07:25:17,848 [pool-1141-thread-1] INFO  segmented.SegmentedRaftLogWorker (SegmentedRaftLogWorker.java:lambda$new$0(135)) - b3fa7f95-08ce-4cb9-ba7f-3dff0e499d93@group-8E2393E40596-SegmentedRaftLogWorker: safeCacheEvictIndex: setUnconditionally 0 -> -1
2022-07-02 07:25:17,884 [pool-1141-thread-1] INFO  server.RaftServerConfigKeys (ConfUtils.java:logGet(46)) - raft.server.snapshot.auto.trigger.enabled = true (custom)
2022-07-02 07:25:17,884 [pool-1141-thread-1] INFO  server.RaftServerConfigKeys (ConfUtils.java:logGet(46)) - raft.server.snapshot.auto.trigger.threshold = 10000 (custom)
2022-07-02 07:25:17,884 [pool-1141-thread-1] INFO  server.RaftServerConfigKeys (ConfUtils.java:logGet(46)) - raft.server.snapshot.retention.file.num = 5 (custom)
2022-07-02 07:25:17,884 [pool-1141-thread-1] INFO  server.RaftServerConfigKeys (ConfUtils.java:logGet(46)) - raft.server.log.purge.upto.snapshot.index = false (default)
2022-07-02 07:25:17,884 [pool-1141-thread-1] INFO  server.RaftServerConfigKeys (ConfUtils.java:logGet(46)) - raft.server.retrycache.expirytime = 600000ms (custom)
2022-07-02 07:25:17,884 [pool-1141-thread-1] INFO  server.RaftServerConfigKeys (ConfUtils.java:logGet(46)) - raft.server.retrycache.statistics.expirytime = 100μs (default)
2022-07-02 07:25:17,886 [pool-1141-thread-1] INFO  server.RaftServerConfigKeys (ConfUtils.java:logGet(46)) - raft.server.log.appender.install.snapshot.enabled = false (custom)
2022-07-02 07:25:17,886 [pool-1141-thread-1] INFO  server.RaftServerConfigKeys (ConfUtils.java:logGet(46)) - raft.server.threadpool.server.cached = true (default)
2022-07-02 07:25:17,886 [pool-1141-thread-1] INFO  server.RaftServerConfigKeys (ConfUtils.java:logGet(46)) - raft.server.threadpool.server.size = 0 (default)
2022-07-02 07:25:17,886 [pool-1141-thread-1] INFO  server.RaftServerConfigKeys (ConfUtils.java:logGet(46)) - raft.server.threadpool.client.cached = true (default)
2022-07-02 07:25:17,887 [pool-1141-thread-1] INFO  server.RaftServerConfigKeys (ConfUtils.java:logGet(46)) - raft.server.threadpool.client.size = 0 (default)
2022-07-02 07:25:17,888 [pool-1141-thread-1] INFO  server.RaftServer$Division (RaftServerImpl.java:start(310)) - b3fa7f95-08ce-4cb9-ba7f-3dff0e499d93@group-8E2393E40596: start as a follower, conf=-1: [9caa7045-5a70-40e0-915a-de4f864b73cf|rpc:10.1.0.20:33007|dataStream:|priority:1, df88482a-df69-428f-8950-05b0a5ebb4b0|rpc:10.1.0.20:42229|dataStream:|priority:0, b3fa7f95-08ce-4cb9-ba7f-3dff0e499d93|rpc:10.1.0.20:44337|dataStream:|priority:0], old=null
2022-07-02 07:25:17,888 [pool-1141-thread-1] INFO  server.RaftServer$Division (RaftServerImpl.java:setRole(299)) - b3fa7f95-08ce-4cb9-ba7f-3dff0e499d93@group-8E2393E40596: changes role from      null to FOLLOWER at term 0 for startAsFollower
2022-07-02 07:25:17,888 [pool-1141-thread-1] INFO  impl.RoleInfo (RoleInfo.java:updateAndGet(139)) - b3fa7f95-08ce-4cb9-ba7f-3dff0e499d93: start b3fa7f95-08ce-4cb9-ba7f-3dff0e499d93@group-8E2393E40596-FollowerState
2022-07-02 07:25:17,891 [pool-1141-thread-1] INFO  util.JmxRegister (JmxRegister.java:tryRegister(44)) - Successfully registered JMX Bean with object name Ratis:service=RaftServer,group=group-8E2393E40596,id=b3fa7f95-08ce-4cb9-ba7f-3dff0e499d93
2022-07-02 07:25:17,996 [Command processor thread] INFO  commandhandler.CreatePipelineCommandHandler (CreatePipelineCommandHandler.java:handle(113)) - Created Pipeline RATIS THREE PipelineID=fd376a5b-ef2d-4cdc-a791-8e2393e40596.
2022-07-02 07:25:18,096 [Listener at 127.0.0.1/43657] INFO  ozone.MiniOzoneClusterImpl (MiniOzoneClusterImpl.java:lambda$waitForClusterToBeReady$0(223)) - Waiting for nodes to be ready. Got 4 of 5 DN Heartbeats.
2022-07-02 07:25:18,097 [Listener at 127.0.0.1/43657] INFO  ozone.MiniOzoneClusterImpl (MiniOzoneClusterImpl.java:lambda$waitForClusterToBeReady$0(226)) - Waiting for cluster to exit safe mode
2022-07-02 07:25:18,097 [Listener at 127.0.0.1/43657] INFO  ozone.MiniOzoneClusterImpl (MiniOzoneClusterImpl.java:lambda$waitForClusterToBeReady$0(228)) - SCM became leader
2022-07-02 07:25:18,133 [Command processor thread] INFO  server.RaftServer (RaftServerProxy.java:addNew(96)) - b3fa7f95-08ce-4cb9-ba7f-3dff0e499d93: addNew group-58EBE7DABC6F:[b3fa7f95-08ce-4cb9-ba7f-3dff0e499d93|rpc:10.1.0.20:44337|priority:1] returns group-58EBE7DABC6F:java.util.concurrent.CompletableFuture@6c47fc36[Not completed]
2022-07-02 07:25:18,134 [pool-1141-thread-1] INFO  server.RaftServer$Division (RaftServerImpl.java:<init>(190)) - b3fa7f95-08ce-4cb9-ba7f-3dff0e499d93: new RaftServerImpl for group-58EBE7DABC6F:[b3fa7f95-08ce-4cb9-ba7f-3dff0e499d93|rpc:10.1.0.20:44337|priority:1] with ContainerStateMachine:uninitialized
2022-07-02 07:25:18,134 [pool-1141-thread-1] INFO  server.RaftServerConfigKeys (ConfUtils.java:logGet(46)) - raft.server.rpc.timeout.min = 5s (custom)
2022-07-02 07:25:18,135 [pool-1141-thread-1] INFO  server.RaftServerConfigKeys (ConfUtils.java:logGet(46)) - raft.server.rpc.timeout.max = 5200ms (custom)
2022-07-02 07:25:18,135 [pool-1141-thread-1] INFO  server.RaftServerConfigKeys (ConfUtils.java:logGet(46)) - raft.server.rpc.sleep.time = 25ms (default)
2022-07-02 07:25:18,135 [pool-1141-thread-1] INFO  server.RaftServerConfigKeys (ConfUtils.java:logGet(46)) - raft.server.rpc.slowness.timeout = 300s (custom)
2022-07-02 07:25:18,135 [pool-1141-thread-1] INFO  server.RaftServerConfigKeys (ConfUtils.java:logGet(46)) - raft.server.leaderelection.leader.step-down.wait-time = 10s (default)
2022-07-02 07:25:18,135 [pool-1141-thread-1] INFO  server.RaftServerConfigKeys (ConfUtils.java:logGet(46)) - raft.server.sleep.deviation.threshold = 300ms (default)
2022-07-02 07:25:18,135 [pool-1141-thread-1] INFO  server.RaftServer$Division (ServerState.java:<init>(107)) - b3fa7f95-08ce-4cb9-ba7f-3dff0e499d93@group-58EBE7DABC6F: ConfigurationManager, init=-1: [b3fa7f95-08ce-4cb9-ba7f-3dff0e499d93|rpc:10.1.0.20:44337|priority:1], old=null, confs=<EMPTY_MAP>
2022-07-02 07:25:18,135 [pool-1141-thread-1] INFO  server.RaftServerConfigKeys (ConfUtils.java:logGet(46)) - raft.server.storage.dir = [/home/runner/work/ozone/ozone/hadoop-ozone/integration-test/target/test-dir/MiniOzoneClusterImpl-61754a76-b51f-4318-8597-8262e590efb7/datanode-2/data/ratis] (custom)
2022-07-02 07:25:18,135 [pool-1141-thread-1] INFO  server.RaftServerConfigKeys (ConfUtils.java:logGet(46)) - raft.server.log.corruption.policy = EXCEPTION (default)
2022-07-02 07:25:18,135 [pool-1141-thread-1] INFO  server.RaftServerConfigKeys (ConfUtils.java:logGet(46)) - raft.server.storage.free-space.min = 0MB (=0) (default)
2022-07-02 07:25:18,135 [pool-1141-thread-1] INFO  storage.RaftStorageDirectory (RaftStorageDirectoryImpl.java:analyzeStorage(135)) - The storage directory /home/runner/work/ozone/ozone/hadoop-ozone/integration-test/target/test-dir/MiniOzoneClusterImpl-61754a76-b51f-4318-8597-8262e590efb7/datanode-2/data/ratis/0e084f84-8a1f-4b4e-9d5a-58ebe7dabc6f does not exist. Creating ...
2022-07-02 07:25:18,142 [pool-1141-thread-1] INFO  storage.RaftStorageDirectory (RaftStorageDirectoryImpl.java:tryLock(230)) - Lock on /home/runner/work/ozone/ozone/hadoop-ozone/integration-test/target/test-dir/MiniOzoneClusterImpl-61754a76-b51f-4318-8597-8262e590efb7/datanode-2/data/ratis/0e084f84-8a1f-4b4e-9d5a-58ebe7dabc6f/in_use.lock acquired by nodename 16391@fv-az444-838
2022-07-02 07:25:18,143 [pool-1141-thread-1] INFO  storage.RaftStorage (RaftStorageImpl.java:format(89)) - Storage directory /home/runner/work/ozone/ozone/hadoop-ozone/integration-test/target/test-dir/MiniOzoneClusterImpl-61754a76-b51f-4318-8597-8262e590efb7/datanode-2/data/ratis/0e084f84-8a1f-4b4e-9d5a-58ebe7dabc6f has been successfully formatted.
2022-07-02 07:25:18,144 [pool-1141-thread-1] INFO  ratis.ContainerStateMachine (ContainerStateMachine.java:loadSnapshot(236)) - group-58EBE7DABC6F: The snapshot info is null. Setting the last applied indexto:(t:0, i:~)
2022-07-02 07:25:18,145 [pool-1141-thread-1] INFO  server.RaftServerConfigKeys (ConfUtils.java:logGet(46)) - raft.server.notification.no-leader.timeout = 300s (custom)
2022-07-02 07:25:18,145 [pool-1141-thread-1] INFO  server.RaftServerConfigKeys (ConfUtils.java:logGet(46)) - raft.server.log.use.memory = false (default)
2022-07-02 07:25:18,145 [pool-1141-thread-1] INFO  server.RaftServerConfigKeys (ConfUtils.java:logGet(46)) - raft.server.log.purge.gap = 1000000 (custom)
2022-07-02 07:25:18,145 [pool-1141-thread-1] INFO  server.RaftServerConfigKeys (ConfUtils.java:logGet(46)) - raft.server.log.appender.buffer.byte-limit = 33554432 (custom)
2022-07-02 07:25:18,145 [pool-1141-thread-1] INFO  server.RaftServerConfigKeys (ConfUtils.java:logGet(46)) - raft.server.log.statemachine.data.read.timeout = 1000ms (default)
2022-07-02 07:25:18,145 [pool-1141-thread-1] INFO  server.RaftServerConfigKeys (ConfUtils.java:logGet(46)) - raft.server.log.segment.size.max = 1048576 (custom)
2022-07-02 07:25:18,146 [pool-1141-thread-1] INFO  server.RaftServerConfigKeys (ConfUtils.java:logGet(46)) - raft.server.log.segment.cache.num.max = 2 (custom)
2022-07-02 07:25:18,146 [pool-1141-thread-1] INFO  server.RaftServerConfigKeys (ConfUtils.java:logGet(46)) - raft.server.log.segment.cache.size.max = 200MB (=209715200) (default)
2022-07-02 07:25:18,146 [pool-1141-thread-1] INFO  segmented.SegmentedRaftLogWorker (SegmentedRaftLogWorker.java:<init>(187)) - new b3fa7f95-08ce-4cb9-ba7f-3dff0e499d93@group-58EBE7DABC6F-SegmentedRaftLogWorker for RaftStorageImpl:Storage Directory /home/runner/work/ozone/ozone/hadoop-ozone/integration-test/target/test-dir/MiniOzoneClusterImpl-61754a76-b51f-4318-8597-8262e590efb7/datanode-2/data/ratis/0e084f84-8a1f-4b4e-9d5a-58ebe7dabc6f
2022-07-02 07:25:18,146 [pool-1141-thread-1] INFO  server.RaftServerConfigKeys (ConfUtils.java:logGet(46)) - raft.server.log.queue.byte-limit = 4294967296 (custom)
2022-07-02 07:25:18,146 [pool-1141-thread-1] INFO  server.RaftServerConfigKeys (ConfUtils.java:logGet(46)) - raft.server.log.queue.element-limit = 1024 (custom)
2022-07-02 07:25:18,146 [pool-1141-thread-1] INFO  server.RaftServerConfigKeys (ConfUtils.java:logGet(46)) - raft.server.log.segment.size.max = 1048576 (custom)
2022-07-02 07:25:18,146 [pool-1141-thread-1] INFO  server.RaftServerConfigKeys (ConfUtils.java:logGet(46)) - raft.server.log.preallocated.size = 16384 (custom)
2022-07-02 07:25:18,146 [pool-1141-thread-1] INFO  server.RaftServerConfigKeys (ConfUtils.java:logGet(46)) - raft.server.log.force.sync.num = 128 (default)
2022-07-02 07:25:18,146 [pool-1141-thread-1] INFO  server.RaftServerConfigKeys (ConfUtils.java:logGet(46)) - raft.server.log.statemachine.data.sync = true (default)
2022-07-02 07:25:18,146 [pool-1141-thread-1] INFO  server.RaftServerConfigKeys (ConfUtils.java:logGet(46)) - raft.server.log.statemachine.data.sync.timeout = 10s (default)
2022-07-02 07:25:18,146 [pool-1141-thread-1] INFO  server.RaftServerConfigKeys (ConfUtils.java:logGet(46)) - raft.server.log.statemachine.data.sync.timeout.retry = -1 (default)
2022-07-02 07:25:18,147 [pool-1141-thread-1] INFO  server.RaftServerConfigKeys (ConfUtils.java:logGet(46)) - raft.server.log.write.buffer.size = 1048576 (custom)
2022-07-02 07:25:18,148 [EventQueue-PipelineReportForPipelineReportHandler] INFO  pipeline.PipelineManagerImpl (PipelineManagerImpl.java:openPipeline(358)) - Pipeline Pipeline[ Id: 0e084f84-8a1f-4b4e-9d5a-58ebe7dabc6f, Nodes: b3fa7f95-08ce-4cb9-ba7f-3dff0e499d93{ip: 10.1.0.20, host: fv-az444-838.dthhdds2jluu1c0oa55ndv1hsg.dx.internal.cloudapp.net, ports: [REPLICATION=33395, RATIS=44337, RATIS_ADMIN=44337, RATIS_SERVER=44337, STANDALONE=46731], networkLocation: /default-rack, certSerialId: null, persistedOpState: IN_SERVICE, persistedOpStateExpiryEpochSec: 0}, ReplicationConfig: RATIS/ONE, State:ALLOCATED, leaderId:b3fa7f95-08ce-4cb9-ba7f-3dff0e499d93, CreationTimestamp2022-07-02T07:25:15.197Z[Etc/UTC]] moved to OPEN state
2022-07-02 07:25:18,152 [EventQueue-OpenPipelineForHealthyPipelineSafeModeRule] INFO  safemode.SCMSafeModeManager (HealthyPipelineSafeModeRule.java:process(124)) - SCM in safe mode. Healthy pipelines reported count is 0, required healthy pipeline reported count is 1
2022-07-02 07:25:18,152 [pool-1141-thread-1] INFO  server.RaftServerConfigKeys (ConfUtils.java:logGet(46)) - raft.server.log.unsafe-flush.enabled = false (default)
2022-07-02 07:25:18,153 [pool-1141-thread-1] INFO  server.RaftServerConfigKeys (ConfUtils.java:logGet(46)) - raft.server.log.statemachine.data.caching.enabled = true (custom)
2022-07-02 07:25:18,153 [pool-1141-thread-1] INFO  segmented.SegmentedRaftLogWorker (SegmentedRaftLogWorker.java:lambda$new$0(135)) - b3fa7f95-08ce-4cb9-ba7f-3dff0e499d93@group-58EBE7DABC6F-SegmentedRaftLogWorker: flushIndex: setUnconditionally 0 -> -1
2022-07-02 07:25:18,153 [pool-1141-thread-1] INFO  segmented.SegmentedRaftLogWorker (SegmentedRaftLogWorker.java:lambda$new$0(135)) - b3fa7f95-08ce-4cb9-ba7f-3dff0e499d93@group-58EBE7DABC6F-SegmentedRaftLogWorker: safeCacheEvictIndex: setUnconditionally 0 -> -1
2022-07-02 07:25:18,160 [pool-1141-thread-1] INFO  server.RaftServerConfigKeys (ConfUtils.java:logGet(46)) - raft.server.snapshot.auto.trigger.enabled = true (custom)
2022-07-02 07:25:18,160 [pool-1141-thread-1] INFO  server.RaftServerConfigKeys (ConfUtils.java:logGet(46)) - raft.server.snapshot.auto.trigger.threshold = 10000 (custom)
2022-07-02 07:25:18,160 [pool-1141-thread-1] INFO  server.RaftServerConfigKeys (ConfUtils.java:logGet(46)) - raft.server.snapshot.retention.file.num = 5 (custom)
2022-07-02 07:25:18,160 [pool-1141-thread-1] INFO  server.RaftServerConfigKeys (ConfUtils.java:logGet(46)) - raft.server.log.purge.upto.snapshot.index = false (default)
2022-07-02 07:25:18,160 [pool-1141-thread-1] INFO  server.RaftServerConfigKeys (ConfUtils.java:logGet(46)) - raft.server.retrycache.expirytime = 600000ms (custom)
2022-07-02 07:25:18,160 [pool-1141-thread-1] INFO  server.RaftServerConfigKeys (ConfUtils.java:logGet(46)) - raft.server.retrycache.statistics.expirytime = 100μs (default)
2022-07-02 07:25:18,162 [pool-1141-thread-1] INFO  server.RaftServerConfigKeys (ConfUtils.java:logGet(46)) - raft.server.log.appender.install.snapshot.enabled = false (custom)
2022-07-02 07:25:18,162 [pool-1141-thread-1] INFO  server.RaftServerConfigKeys (ConfUtils.java:logGet(46)) - raft.server.threadpool.server.cached = true (default)
2022-07-02 07:25:18,162 [pool-1141-thread-1] INFO  server.RaftServerConfigKeys (ConfUtils.java:logGet(46)) - raft.server.threadpool.server.size = 0 (default)
2022-07-02 07:25:18,162 [pool-1141-thread-1] INFO  server.RaftServerConfigKeys (ConfUtils.java:logGet(46)) - raft.server.threadpool.client.cached = true (default)
2022-07-02 07:25:18,162 [pool-1141-thread-1] INFO  server.RaftServerConfigKeys (ConfUtils.java:logGet(46)) - raft.server.threadpool.client.size = 0 (default)
2022-07-02 07:25:18,162 [pool-1141-thread-1] INFO  server.RaftServer$Division (RaftServerImpl.java:start(310)) - b3fa7f95-08ce-4cb9-ba7f-3dff0e499d93@group-58EBE7DABC6F: start as a follower, conf=-1: [b3fa7f95-08ce-4cb9-ba7f-3dff0e499d93|rpc:10.1.0.20:44337|priority:1], old=null
2022-07-02 07:25:18,162 [pool-1141-thread-1] INFO  server.RaftServer$Division (RaftServerImpl.java:setRole(299)) - b3fa7f95-08ce-4cb9-ba7f-3dff0e499d93@group-58EBE7DABC6F: changes role from      null to FOLLOWER at term 0 for startAsFollower
2022-07-02 07:25:18,162 [pool-1141-thread-1] INFO  impl.RoleInfo (RoleInfo.java:updateAndGet(139)) - b3fa7f95-08ce-4cb9-ba7f-3dff0e499d93: start b3fa7f95-08ce-4cb9-ba7f-3dff0e499d93@group-58EBE7DABC6F-FollowerState
2022-07-02 07:25:18,173 [pool-1141-thread-1] INFO  util.JmxRegister (JmxRegister.java:tryRegister(44)) - Successfully registered JMX Bean with object name Ratis:service=RaftServer,group=group-58EBE7DABC6F,id=b3fa7f95-08ce-4cb9-ba7f-3dff0e499d93
2022-07-02 07:25:18,184 [Command processor thread] INFO  ratis.XceiverServerRatis (XceiverServerRatis.java:addGroup(765)) - Created group PipelineID=0e084f84-8a1f-4b4e-9d5a-58ebe7dabc6f
2022-07-02 07:25:18,184 [Command processor thread] INFO  commandhandler.CreatePipelineCommandHandler (CreatePipelineCommandHandler.java:handle(113)) - Created Pipeline RATIS ONE PipelineID=0e084f84-8a1f-4b4e-9d5a-58ebe7dabc6f.
2022-07-02 07:25:19,100 [Listener at 127.0.0.1/43657] INFO  ozone.MiniOzoneClusterImpl (MiniOzoneClusterImpl.java:lambda$waitForClusterToBeReady$0(223)) - Waiting for nodes to be ready. Got 4 of 5 DN Heartbeats.
2022-07-02 07:25:19,100 [Listener at 127.0.0.1/43657] INFO  ozone.MiniOzoneClusterImpl (MiniOzoneClusterImpl.java:lambda$waitForClusterToBeReady$0(226)) - Waiting for cluster to exit safe mode
2022-07-02 07:25:19,100 [Listener at 127.0.0.1/43657] INFO  ozone.MiniOzoneClusterImpl (MiniOzoneClusterImpl.java:lambda$waitForClusterToBeReady$0(228)) - SCM became leader
2022-07-02 07:25:19,229 [IPC Server handler 1 on default port 36909] INFO  net.NetworkTopologyImpl (NetworkTopologyImpl.java:add(112)) - Added a new node: /default-rack/27197ae1-8142-4704-ad9d-7b85a0d84008
2022-07-02 07:25:19,229 [IPC Server handler 1 on default port 36909] INFO  node.SCMNodeManager (SCMNodeManager.java:register(397)) - Registered Data node : 27197ae1-8142-4704-ad9d-7b85a0d84008{ip: 10.1.0.20, host: fv-az444-838.dthhdds2jluu1c0oa55ndv1hsg.dx.internal.cloudapp.net, ports: [REPLICATION=38249, RATIS=39541, RATIS_ADMIN=39541, RATIS_SERVER=39541, STANDALONE=34797], networkLocation: /default-rack, certSerialId: null, persistedOpState: null, persistedOpStateExpiryEpochSec: 0}
2022-07-02 07:25:19,229 [EventQueue-NewNodeForNewNodeHandler] INFO  pipeline.BackgroundPipelineCreator (BackgroundPipelineCreator.java:notifyEventTriggered(275)) - trigger a one-shot run on RatisPipelineUtilsThread.
2022-07-02 07:25:19,230 [RatisPipelineUtilsThread - 0] INFO  pipeline.RatisPipelineProvider (RatisPipelineProvider.java:lambda$create$0(195)) - Sending CreatePipelineCommand for pipeline:PipelineID=88230449-8041-4ab7-bd84-b4833d54b916 to datanode:27197ae1-8142-4704-ad9d-7b85a0d84008
2022-07-02 07:25:19,230 [RatisPipelineUtilsThread - 0] INFO  pipeline.PipelineStateManagerImpl (PipelineStateManagerImpl.java:addPipeline(101)) - Created pipeline Pipeline[ Id: 88230449-8041-4ab7-bd84-b4833d54b916, Nodes: 27197ae1-8142-4704-ad9d-7b85a0d84008{ip: 10.1.0.20, host: fv-az444-838.dthhdds2jluu1c0oa55ndv1hsg.dx.internal.cloudapp.net, ports: [REPLICATION=38249, RATIS=39541, RATIS_ADMIN=39541, RATIS_SERVER=39541, STANDALONE=34797], networkLocation: /default-rack, certSerialId: null, persistedOpState: IN_SERVICE, persistedOpStateExpiryEpochSec: 0}, ReplicationConfig: RATIS/ONE, State:ALLOCATED, leaderId:, CreationTimestamp2022-07-02T07:25:19.230Z[Etc/UTC]].
2022-07-02 07:25:19,839 [df88482a-df69-428f-8950-05b0a5ebb4b0@group-BC4A560CC980-FollowerState] INFO  impl.FollowerState (FollowerState.java:run(143)) - df88482a-df69-428f-8950-05b0a5ebb4b0@group-BC4A560CC980-FollowerState: change to CANDIDATE, lastRpcElapsedTime:5138851369ns, electionTimeout:5134ms
2022-07-02 07:25:19,839 [df88482a-df69-428f-8950-05b0a5ebb4b0@group-BC4A560CC980-FollowerState] INFO  impl.RoleInfo (RoleInfo.java:shutdownFollowerState(110)) - df88482a-df69-428f-8950-05b0a5ebb4b0: shutdown df88482a-df69-428f-8950-05b0a5ebb4b0@group-BC4A560CC980-FollowerState
2022-07-02 07:25:19,839 [df88482a-df69-428f-8950-05b0a5ebb4b0@group-BC4A560CC980-FollowerState] INFO  server.RaftServer$Division (RaftServerImpl.java:setRole(299)) - df88482a-df69-428f-8950-05b0a5ebb4b0@group-BC4A560CC980: changes role from  FOLLOWER to CANDIDATE at term 0 for changeToCandidate
2022-07-02 07:25:19,839 [df88482a-df69-428f-8950-05b0a5ebb4b0@group-BC4A560CC980-FollowerState] INFO  server.RaftServerConfigKeys (ConfUtils.java:logGet(46)) - raft.server.leaderelection.pre-vote = false (custom)
2022-07-02 07:25:19,839 [df88482a-df69-428f-8950-05b0a5ebb4b0@group-BC4A560CC980-FollowerState] INFO  impl.RoleInfo (RoleInfo.java:updateAndGet(139)) - df88482a-df69-428f-8950-05b0a5ebb4b0: start df88482a-df69-428f-8950-05b0a5ebb4b0@group-BC4A560CC980-LeaderElection58
2022-07-02 07:25:19,932 [df88482a-df69-428f-8950-05b0a5ebb4b0@group-BC4A560CC980-LeaderElection58] INFO  impl.LeaderElection (LeaderElection.java:askForVotes(310)) - df88482a-df69-428f-8950-05b0a5ebb4b0@group-BC4A560CC980-LeaderElection58 ELECTION round 0: submit vote requests at term 1 for -1: [df88482a-df69-428f-8950-05b0a5ebb4b0|rpc:10.1.0.20:42229|priority:1], old=null
2022-07-02 07:25:19,932 [df88482a-df69-428f-8950-05b0a5ebb4b0@group-BC4A560CC980-LeaderElection58] INFO  impl.LeaderElection (LeaderElection.java:askForVotes(312)) - df88482a-df69-428f-8950-05b0a5ebb4b0@group-BC4A560CC980-LeaderElection58 ELECTION round 0: result PASSED (term=1)
2022-07-02 07:25:19,932 [df88482a-df69-428f-8950-05b0a5ebb4b0@group-BC4A560CC980-LeaderElection58] INFO  impl.RoleInfo (RoleInfo.java:shutdownLeaderElection(130)) - df88482a-df69-428f-8950-05b0a5ebb4b0: shutdown df88482a-df69-428f-8950-05b0a5ebb4b0@group-BC4A560CC980-LeaderElection58
2022-07-02 07:25:19,932 [df88482a-df69-428f-8950-05b0a5ebb4b0@group-BC4A560CC980-LeaderElection58] INFO  server.RaftServer$Division (RaftServerImpl.java:setRole(299)) - df88482a-df69-428f-8950-05b0a5ebb4b0@group-BC4A560CC980: changes role from CANDIDATE to LEADER at term 1 for changeToLeader
2022-07-02 07:25:19,932 [df88482a-df69-428f-8950-05b0a5ebb4b0@group-BC4A560CC980-LeaderElection58] INFO  ratis.XceiverServerRatis (XceiverServerRatis.java:handleLeaderChangedNotification(863)) - Leader change notification received for group: group-BC4A560CC980 with new leaderId: df88482a-df69-428f-8950-05b0a5ebb4b0
2022-07-02 07:25:19,933 [df88482a-df69-428f-8950-05b0a5ebb4b0@group-BC4A560CC980-LeaderElection58] INFO  server.RaftServer$Division (ServerState.java:setLeader(287)) - df88482a-df69-428f-8950-05b0a5ebb4b0@group-BC4A560CC980: change Leader from null to df88482a-df69-428f-8950-05b0a5ebb4b0 at term 1 for becomeLeader, leader elected after 5315ms
2022-07-02 07:25:19,933 [df88482a-df69-428f-8950-05b0a5ebb4b0@group-BC4A560CC980-LeaderElection58] INFO  server.RaftServerConfigKeys (ConfUtils.java:logGet(46)) - raft.server.staging.catchup.gap = 1000 (default)
2022-07-02 07:25:19,933 [df88482a-df69-428f-8950-05b0a5ebb4b0@group-BC4A560CC980-LeaderElection58] INFO  server.RaftServerConfigKeys (ConfUtils.java:logGet(46)) - raft.server.write.element-limit = 1024 (custom)
2022-07-02 07:25:19,933 [df88482a-df69-428f-8950-05b0a5ebb4b0@group-BC4A560CC980-LeaderElection58] INFO  server.RaftServerConfigKeys (ConfUtils.java:logGet(46)) - raft.server.write.byte-limit = 1024 M (=1073741824) (custom)
2022-07-02 07:25:19,933 [df88482a-df69-428f-8950-05b0a5ebb4b0@group-BC4A560CC980-LeaderElection58] INFO  server.RaftServerConfigKeys (ConfUtils.java:logGet(46)) - raft.server.watch.timeout = 180s (custom)
2022-07-02 07:25:19,933 [df88482a-df69-428f-8950-05b0a5ebb4b0@group-BC4A560CC980-LeaderElection58] INFO  server.RaftServerConfigKeys (ConfUtils.java:logGet(46)) - raft.server.watch.timeout.denomination = 1s (default)
2022-07-02 07:25:19,933 [df88482a-df69-428f-8950-05b0a5ebb4b0@group-BC4A560CC980-LeaderElection58] INFO  server.RaftServerConfigKeys (ConfUtils.java:logGet(46)) - raft.server.watch.element-limit = 65536 (default)
2022-07-02 07:25:19,936 [df88482a-df69-428f-8950-05b0a5ebb4b0@group-BC4A560CC980-LeaderElection58] INFO  server.RaftServerConfigKeys (ConfUtils.java:logGet(46)) - raft.server.write.element-limit = 1024 (custom)
2022-07-02 07:25:19,936 [df88482a-df69-428f-8950-05b0a5ebb4b0@group-BC4A560CC980-LeaderElection58] INFO  server.RaftServerConfigKeys (ConfUtils.java:logGet(46)) - raft.server.write.follower.gap.ratio.max = -1.0 (default)
2022-07-02 07:25:19,936 [df88482a-df69-428f-8950-05b0a5ebb4b0@group-BC4A560CC980-LeaderElection58] INFO  impl.RoleInfo (RoleInfo.java:updateAndGet(139)) - df88482a-df69-428f-8950-05b0a5ebb4b0: start df88482a-df69-428f-8950-05b0a5ebb4b0@group-BC4A560CC980-LeaderStateImpl
2022-07-02 07:25:19,936 [EventQueue-OpenPipelineForHealthyPipelineSafeModeRule] INFO  safemode.SCMSafeModeManager (HealthyPipelineSafeModeRule.java:process(124)) - SCM in safe mode. Healthy pipelines reported count is 0, required healthy pipeline reported count is 1
2022-07-02 07:25:19,936 [df88482a-df69-428f-8950-05b0a5ebb4b0@group-BC4A560CC980-LeaderElection58] INFO  segmented.SegmentedRaftLogWorker (SegmentedRaftLogWorker.java:startLogSegment(425)) - df88482a-df69-428f-8950-05b0a5ebb4b0@group-BC4A560CC980-SegmentedRaftLogWorker: Starting segment from index:0
2022-07-02 07:25:19,941 [df88482a-df69-428f-8950-05b0a5ebb4b0@group-BC4A560CC980-SegmentedRaftLogWorker] INFO  segmented.SegmentedRaftLogWorker (SegmentedRaftLogWorker.java:execute(629)) - df88482a-df69-428f-8950-05b0a5ebb4b0@group-BC4A560CC980-SegmentedRaftLogWorker: created new log segment /home/runner/work/ozone/ozone/hadoop-ozone/integration-test/target/test-dir/MiniOzoneClusterImpl-61754a76-b51f-4318-8597-8262e590efb7/datanode-0/data/ratis/cb362fa9-ca37-49ef-a696-bc4a560cc980/current/log_inprogress_0
2022-07-02 07:25:19,972 [df88482a-df69-428f-8950-05b0a5ebb4b0@group-BC4A560CC980-LeaderElection58] INFO  server.RaftServer$Division (ServerState.java:setRaftConf(393)) - df88482a-df69-428f-8950-05b0a5ebb4b0@group-BC4A560CC980: set configuration 0: [df88482a-df69-428f-8950-05b0a5ebb4b0|rpc:10.1.0.20:42229|dataStream:|priority:1], old=null
2022-07-02 07:25:20,103 [Listener at 127.0.0.1/43657] INFO  ozone.MiniOzoneClusterImpl (MiniOzoneClusterImpl.java:lambda$waitForClusterToBeReady$0(223)) - Nodes are ready. Got 5 of 5 DN Heartbeats.
2022-07-02 07:25:20,103 [Listener at 127.0.0.1/43657] INFO  ozone.MiniOzoneClusterImpl (MiniOzoneClusterImpl.java:lambda$waitForClusterToBeReady$0(226)) - Waiting for cluster to exit safe mode
2022-07-02 07:25:20,103 [Listener at 127.0.0.1/43657] INFO  ozone.MiniOzoneClusterImpl (MiniOzoneClusterImpl.java:lambda$waitForClusterToBeReady$0(228)) - SCM became leader
2022-07-02 07:25:20,182 [Command processor thread] INFO  server.RaftServer (RaftServerProxy.java:addNew(96)) - 9dbfc124-a633-4049-88ff-e9b3a2f880bb: addNew group-BCC6231F1D68:[9dbfc124-a633-4049-88ff-e9b3a2f880bb|rpc:10.1.0.20:34393|priority:1] returns group-BCC6231F1D68:java.util.concurrent.CompletableFuture@343533f8[Not completed]
2022-07-02 07:25:20,191 [pool-1173-thread-1] INFO  server.RaftServer$Division (RaftServerImpl.java:<init>(190)) - 9dbfc124-a633-4049-88ff-e9b3a2f880bb: new RaftServerImpl for group-BCC6231F1D68:[9dbfc124-a633-4049-88ff-e9b3a2f880bb|rpc:10.1.0.20:34393|priority:1] with ContainerStateMachine:uninitialized
2022-07-02 07:25:20,191 [pool-1173-thread-1] INFO  server.RaftServerConfigKeys (ConfUtils.java:logGet(46)) - raft.server.rpc.timeout.min = 5s (custom)
2022-07-02 07:25:20,191 [pool-1173-thread-1] INFO  server.RaftServerConfigKeys (ConfUtils.java:logGet(46)) - raft.server.rpc.timeout.max = 5200ms (custom)
2022-07-02 07:25:20,192 [pool-1173-thread-1] INFO  server.RaftServerConfigKeys (ConfUtils.java:logGet(46)) - raft.server.rpc.sleep.time = 25ms (default)
2022-07-02 07:25:20,192 [pool-1173-thread-1] INFO  server.RaftServerConfigKeys (ConfUtils.java:logGet(46)) - raft.server.rpc.slowness.timeout = 300s (custom)
2022-07-02 07:25:20,192 [pool-1173-thread-1] INFO  server.RaftServerConfigKeys (ConfUtils.java:logGet(46)) - raft.server.leaderelection.leader.step-down.wait-time = 10s (default)
2022-07-02 07:25:20,192 [pool-1173-thread-1] INFO  server.RaftServerConfigKeys (ConfUtils.java:logGet(46)) - raft.server.sleep.deviation.threshold = 300ms (default)
2022-07-02 07:25:20,192 [pool-1173-thread-1] INFO  server.RaftServer$Division (ServerState.java:<init>(107)) - 9dbfc124-a633-4049-88ff-e9b3a2f880bb@group-BCC6231F1D68: ConfigurationManager, init=-1: [9dbfc124-a633-4049-88ff-e9b3a2f880bb|rpc:10.1.0.20:34393|priority:1], old=null, confs=<EMPTY_MAP>
2022-07-02 07:25:20,192 [pool-1173-thread-1] INFO  server.RaftServerConfigKeys (ConfUtils.java:logGet(46)) - raft.server.storage.dir = [/home/runner/work/ozone/ozone/hadoop-ozone/integration-test/target/test-dir/MiniOzoneClusterImpl-61754a76-b51f-4318-8597-8262e590efb7/datanode-3/data/ratis] (custom)
2022-07-02 07:25:20,196 [pool-1173-thread-1] INFO  server.RaftServerConfigKeys (ConfUtils.java:logGet(46)) - raft.server.log.corruption.policy = EXCEPTION (default)
2022-07-02 07:25:20,196 [pool-1173-thread-1] INFO  server.RaftServerConfigKeys (ConfUtils.java:logGet(46)) - raft.server.storage.free-space.min = 0MB (=0) (default)
2022-07-02 07:25:20,197 [pool-1173-thread-1] INFO  storage.RaftStorageDirectory (RaftStorageDirectoryImpl.java:analyzeStorage(135)) - The storage directory /home/runner/work/ozone/ozone/hadoop-ozone/integration-test/target/test-dir/MiniOzoneClusterImpl-61754a76-b51f-4318-8597-8262e590efb7/datanode-3/data/ratis/b27a7bbb-82bc-45d2-96b0-bcc6231f1d68 does not exist. Creating ...
2022-07-02 07:25:20,214 [pool-1173-thread-1] INFO  storage.RaftStorageDirectory (RaftStorageDirectoryImpl.java:tryLock(230)) - Lock on /home/runner/work/ozone/ozone/hadoop-ozone/integration-test/target/test-dir/MiniOzoneClusterImpl-61754a76-b51f-4318-8597-8262e590efb7/datanode-3/data/ratis/b27a7bbb-82bc-45d2-96b0-bcc6231f1d68/in_use.lock acquired by nodename 16391@fv-az444-838
2022-07-02 07:25:20,215 [pool-1173-thread-1] INFO  storage.RaftStorage (RaftStorageImpl.java:format(89)) - Storage directory /home/runner/work/ozone/ozone/hadoop-ozone/integration-test/target/test-dir/MiniOzoneClusterImpl-61754a76-b51f-4318-8597-8262e590efb7/datanode-3/data/ratis/b27a7bbb-82bc-45d2-96b0-bcc6231f1d68 has been successfully formatted.
2022-07-02 07:25:20,256 [pool-1173-thread-1] INFO  ratis.ContainerStateMachine (ContainerStateMachine.java:loadSnapshot(236)) - group-BCC6231F1D68: The snapshot info is null. Setting the last applied indexto:(t:0, i:~)
2022-07-02 07:25:20,256 [pool-1173-thread-1] INFO  server.RaftServerConfigKeys (ConfUtils.java:logGet(46)) - raft.server.notification.no-leader.timeout = 300s (custom)
2022-07-02 07:25:20,256 [pool-1173-thread-1] INFO  server.RaftServerConfigKeys (ConfUtils.java:logGet(46)) - raft.server.log.use.memory = false (default)
2022-07-02 07:25:20,256 [pool-1173-thread-1] INFO  server.RaftServerConfigKeys (ConfUtils.java:logGet(46)) - raft.server.log.purge.gap = 1000000 (custom)
2022-07-02 07:25:20,256 [pool-1173-thread-1] INFO  server.RaftServerConfigKeys (ConfUtils.java:logGet(46)) - raft.server.log.appender.buffer.byte-limit = 33554432 (custom)
2022-07-02 07:25:20,256 [pool-1173-thread-1] INFO  server.RaftServerConfigKeys (ConfUtils.java:logGet(46)) - raft.server.log.statemachine.data.read.timeout = 1000ms (default)
2022-07-02 07:25:20,257 [pool-1173-thread-1] INFO  server.RaftServerConfigKeys (ConfUtils.java:logGet(46)) - raft.server.log.segment.size.max = 1048576 (custom)
2022-07-02 07:25:20,257 [pool-1173-thread-1] INFO  server.RaftServerConfigKeys (ConfUtils.java:logGet(46)) - raft.server.log.segment.cache.num.max = 2 (custom)
2022-07-02 07:25:20,257 [pool-1173-thread-1] INFO  server.RaftServerConfigKeys (ConfUtils.java:logGet(46)) - raft.server.log.segment.cache.size.max = 200MB (=209715200) (default)
2022-07-02 07:25:20,257 [pool-1173-thread-1] INFO  segmented.SegmentedRaftLogWorker (SegmentedRaftLogWorker.java:<init>(187)) - new 9dbfc124-a633-4049-88ff-e9b3a2f880bb@group-BCC6231F1D68-SegmentedRaftLogWorker for RaftStorageImpl:Storage Directory /home/runner/work/ozone/ozone/hadoop-ozone/integration-test/target/test-dir/MiniOzoneClusterImpl-61754a76-b51f-4318-8597-8262e590efb7/datanode-3/data/ratis/b27a7bbb-82bc-45d2-96b0-bcc6231f1d68
2022-07-02 07:25:20,257 [pool-1173-thread-1] INFO  server.RaftServerConfigKeys (ConfUtils.java:logGet(46)) - raft.server.log.queue.byte-limit = 4294967296 (custom)
2022-07-02 07:25:20,257 [pool-1173-thread-1] INFO  server.RaftServerConfigKeys (ConfUtils.java:logGet(46)) - raft.server.log.queue.element-limit = 1024 (custom)
2022-07-02 07:25:20,258 [pool-1173-thread-1] INFO  server.RaftServerConfigKeys (ConfUtils.java:logGet(46)) - raft.server.log.segment.size.max = 1048576 (custom)
2022-07-02 07:25:20,258 [EventQueue-PipelineReportForPipelineReportHandler] INFO  pipeline.PipelineManagerImpl (PipelineManagerImpl.java:openPipeline(358)) - Pipeline Pipeline[ Id: b27a7bbb-82bc-45d2-96b0-bcc6231f1d68, Nodes: 9dbfc124-a633-4049-88ff-e9b3a2f880bb{ip: 10.1.0.20, host: fv-az444-838.dthhdds2jluu1c0oa55ndv1hsg.dx.internal.cloudapp.net, ports: [REPLICATION=39437, RATIS=34393, RATIS_ADMIN=34393, RATIS_SERVER=34393, STANDALONE=33037], networkLocation: /default-rack, certSerialId: null, persistedOpState: IN_SERVICE, persistedOpStateExpiryEpochSec: 0}, ReplicationConfig: RATIS/ONE, State:ALLOCATED, leaderId:9dbfc124-a633-4049-88ff-e9b3a2f880bb, CreationTimestamp2022-07-02T07:25:17.376Z[Etc/UTC]] moved to OPEN state
2022-07-02 07:25:20,258 [EventQueue-OpenPipelineForHealthyPipelineSafeModeRule] INFO  safemode.SCMSafeModeManager (HealthyPipelineSafeModeRule.java:process(124)) - SCM in safe mode. Healthy pipelines reported count is 0, required healthy pipeline reported count is 1
2022-07-02 07:25:20,258 [pool-1173-thread-1] INFO  server.RaftServerConfigKeys (ConfUtils.java:logGet(46)) - raft.server.log.preallocated.size = 16384 (custom)
2022-07-02 07:25:20,264 [pool-1173-thread-1] INFO  server.RaftServerConfigKeys (ConfUtils.java:logGet(46)) - raft.server.log.force.sync.num = 128 (default)
2022-07-02 07:25:20,264 [pool-1173-thread-1] INFO  server.RaftServerConfigKeys (ConfUtils.java:logGet(46)) - raft.server.log.statemachine.data.sync = true (default)
2022-07-02 07:25:20,264 [pool-1173-thread-1] INFO  server.RaftServerConfigKeys (ConfUtils.java:logGet(46)) - raft.server.log.statemachine.data.sync.timeout = 10s (default)
2022-07-02 07:25:20,264 [pool-1173-thread-1] INFO  server.RaftServerConfigKeys (ConfUtils.java:logGet(46)) - raft.server.log.statemachine.data.sync.timeout.retry = -1 (default)
2022-07-02 07:25:20,266 [pool-1173-thread-1] INFO  server.RaftServerConfigKeys (ConfUtils.java:logGet(46)) - raft.server.log.write.buffer.size = 1048576 (custom)
2022-07-02 07:25:20,266 [pool-1173-thread-1] INFO  server.RaftServerConfigKeys (ConfUtils.java:logGet(46)) - raft.server.log.unsafe-flush.enabled = false (default)
2022-07-02 07:25:20,266 [pool-1173-thread-1] INFO  server.RaftServerConfigKeys (ConfUtils.java:logGet(46)) - raft.server.log.statemachine.data.caching.enabled = true (custom)
2022-07-02 07:25:20,267 [pool-1173-thread-1] INFO  segmented.SegmentedRaftLogWorker (SegmentedRaftLogWorker.java:lambda$new$0(135)) - 9dbfc124-a633-4049-88ff-e9b3a2f880bb@group-BCC6231F1D68-SegmentedRaftLogWorker: flushIndex: setUnconditionally 0 -> -1
2022-07-02 07:25:20,267 [pool-1173-thread-1] INFO  segmented.SegmentedRaftLogWorker (SegmentedRaftLogWorker.java:lambda$new$0(135)) - 9dbfc124-a633-4049-88ff-e9b3a2f880bb@group-BCC6231F1D68-SegmentedRaftLogWorker: safeCacheEvictIndex: setUnconditionally 0 -> -1
2022-07-02 07:25:20,289 [pool-1173-thread-1] INFO  server.RaftServerConfigKeys (ConfUtils.java:logGet(46)) - raft.server.snapshot.auto.trigger.enabled = true (custom)
2022-07-02 07:25:20,289 [pool-1173-thread-1] INFO  server.RaftServerConfigKeys (ConfUtils.java:logGet(46)) - raft.server.snapshot.auto.trigger.threshold = 10000 (custom)
2022-07-02 07:25:20,289 [pool-1173-thread-1] INFO  server.RaftServerConfigKeys (ConfUtils.java:logGet(46)) - raft.server.snapshot.retention.file.num = 5 (custom)
2022-07-02 07:25:20,289 [pool-1173-thread-1] INFO  server.RaftServerConfigKeys (ConfUtils.java:logGet(46)) - raft.server.log.purge.upto.snapshot.index = false (default)
2022-07-02 07:25:20,289 [pool-1173-thread-1] INFO  server.RaftServerConfigKeys (ConfUtils.java:logGet(46)) - raft.server.retrycache.expirytime = 600000ms (custom)
2022-07-02 07:25:20,289 [pool-1173-thread-1] INFO  server.RaftServerConfigKeys (ConfUtils.java:logGet(46)) - raft.server.retrycache.statistics.expirytime = 100μs (default)
2022-07-02 07:25:20,291 [pool-1173-thread-1] INFO  server.RaftServerConfigKeys (ConfUtils.java:logGet(46)) - raft.server.log.appender.install.snapshot.enabled = false (custom)
2022-07-02 07:25:20,291 [pool-1173-thread-1] INFO  server.RaftServerConfigKeys (ConfUtils.java:logGet(46)) - raft.server.threadpool.server.cached = true (default)
2022-07-02 07:25:20,291 [pool-1173-thread-1] INFO  server.RaftServerConfigKeys (ConfUtils.java:logGet(46)) - raft.server.threadpool.server.size = 0 (default)
2022-07-02 07:25:20,291 [pool-1173-thread-1] INFO  server.RaftServerConfigKeys (ConfUtils.java:logGet(46)) - raft.server.threadpool.client.cached = true (default)
2022-07-02 07:25:20,291 [pool-1173-thread-1] INFO  server.RaftServerConfigKeys (ConfUtils.java:logGet(46)) - raft.server.threadpool.client.size = 0 (default)
2022-07-02 07:25:20,291 [pool-1173-thread-1] INFO  server.RaftServer$Division (RaftServerImpl.java:start(310)) - 9dbfc124-a633-4049-88ff-e9b3a2f880bb@group-BCC6231F1D68: start as a follower, conf=-1: [9dbfc124-a633-4049-88ff-e9b3a2f880bb|rpc:10.1.0.20:34393|priority:1], old=null
2022-07-02 07:25:20,291 [pool-1173-thread-1] INFO  server.RaftServer$Division (RaftServerImpl.java:setRole(299)) - 9dbfc124-a633-4049-88ff-e9b3a2f880bb@group-BCC6231F1D68: changes role from      null to FOLLOWER at term 0 for startAsFollower
2022-07-02 07:25:20,291 [pool-1173-thread-1] INFO  impl.RoleInfo (RoleInfo.java:updateAndGet(139)) - 9dbfc124-a633-4049-88ff-e9b3a2f880bb: start 9dbfc124-a633-4049-88ff-e9b3a2f880bb@group-BCC6231F1D68-FollowerState
2022-07-02 07:25:20,292 [pool-1173-thread-1] INFO  util.JmxRegister (JmxRegister.java:tryRegister(44)) - Successfully registered JMX Bean with object name Ratis:service=RaftServer,group=group-BCC6231F1D68,id=9dbfc124-a633-4049-88ff-e9b3a2f880bb
2022-07-02 07:25:20,303 [Command processor thread] INFO  ratis.XceiverServerRatis (XceiverServerRatis.java:addGroup(765)) - Created group PipelineID=b27a7bbb-82bc-45d2-96b0-bcc6231f1d68
2022-07-02 07:25:20,303 [Command processor thread] INFO  commandhandler.CreatePipelineCommandHandler (CreatePipelineCommandHandler.java:handle(113)) - Created Pipeline RATIS ONE PipelineID=b27a7bbb-82bc-45d2-96b0-bcc6231f1d68.
2022-07-02 07:25:21,104 [Listener at 127.0.0.1/43657] INFO  ozone.MiniOzoneClusterImpl (MiniOzoneClusterImpl.java:lambda$waitForClusterToBeReady$0(223)) - Nodes are ready. Got 5 of 5 DN Heartbeats.
2022-07-02 07:25:21,104 [Listener at 127.0.0.1/43657] INFO  ozone.MiniOzoneClusterImpl (MiniOzoneClusterImpl.java:lambda$waitForClusterToBeReady$0(226)) - Waiting for cluster to exit safe mode
2022-07-02 07:25:21,104 [Listener at 127.0.0.1/43657] INFO  ozone.MiniOzoneClusterImpl (MiniOzoneClusterImpl.java:lambda$waitForClusterToBeReady$0(228)) - SCM became leader
2022-07-02 07:25:21,535 [9caa7045-5a70-40e0-915a-de4f864b73cf@group-6C0C8E5BFC1F-FollowerState] INFO  impl.FollowerState (FollowerState.java:run(143)) - 9caa7045-5a70-40e0-915a-de4f864b73cf@group-6C0C8E5BFC1F-FollowerState: change to CANDIDATE, lastRpcElapsedTime:5208472945ns, electionTimeout:5200ms
2022-07-02 07:25:21,535 [9caa7045-5a70-40e0-915a-de4f864b73cf@group-6C0C8E5BFC1F-FollowerState] INFO  impl.RoleInfo (RoleInfo.java:shutdownFollowerState(110)) - 9caa7045-5a70-40e0-915a-de4f864b73cf: shutdown 9caa7045-5a70-40e0-915a-de4f864b73cf@group-6C0C8E5BFC1F-FollowerState
2022-07-02 07:25:21,535 [9caa7045-5a70-40e0-915a-de4f864b73cf@group-6C0C8E5BFC1F-FollowerState] INFO  server.RaftServer$Division (RaftServerImpl.java:setRole(299)) - 9caa7045-5a70-40e0-915a-de4f864b73cf@group-6C0C8E5BFC1F: changes role from  FOLLOWER to CANDIDATE at term 0 for changeToCandidate
2022-07-02 07:25:21,535 [9caa7045-5a70-40e0-915a-de4f864b73cf@group-6C0C8E5BFC1F-FollowerState] INFO  server.RaftServerConfigKeys (ConfUtils.java:logGet(46)) - raft.server.leaderelection.pre-vote = false (custom)
2022-07-02 07:25:21,535 [9caa7045-5a70-40e0-915a-de4f864b73cf@group-6C0C8E5BFC1F-FollowerState] INFO  impl.RoleInfo (RoleInfo.java:updateAndGet(139)) - 9caa7045-5a70-40e0-915a-de4f864b73cf: start 9caa7045-5a70-40e0-915a-de4f864b73cf@group-6C0C8E5BFC1F-LeaderElection59
2022-07-02 07:25:21,559 [9caa7045-5a70-40e0-915a-de4f864b73cf@group-12047813E660-FollowerState] INFO  impl.FollowerState (FollowerState.java:run(143)) - 9caa7045-5a70-40e0-915a-de4f864b73cf@group-12047813E660-FollowerState: change to CANDIDATE, lastRpcElapsedTime:5152206609ns, electionTimeout:5151ms
2022-07-02 07:25:21,559 [9caa7045-5a70-40e0-915a-de4f864b73cf@group-12047813E660-FollowerState] INFO  impl.RoleInfo (RoleInfo.java:shutdownFollowerState(110)) - 9caa7045-5a70-40e0-915a-de4f864b73cf: shutdown 9caa7045-5a70-40e0-915a-de4f864b73cf@group-12047813E660-FollowerState
2022-07-02 07:25:21,559 [9caa7045-5a70-40e0-915a-de4f864b73cf@group-12047813E660-FollowerState] INFO  server.RaftServer$Division (RaftServerImpl.java:setRole(299)) - 9caa7045-5a70-40e0-915a-de4f864b73cf@group-12047813E660: changes role from  FOLLOWER to CANDIDATE at term 0 for changeToCandidate
2022-07-02 07:25:21,559 [9caa7045-5a70-40e0-915a-de4f864b73cf@group-12047813E660-FollowerState] INFO  server.RaftServerConfigKeys (ConfUtils.java:logGet(46)) - raft.server.leaderelection.pre-vote = false (custom)
2022-07-02 07:25:21,559 [9caa7045-5a70-40e0-915a-de4f864b73cf@group-12047813E660-FollowerState] INFO  impl.RoleInfo (RoleInfo.java:updateAndGet(139)) - 9caa7045-5a70-40e0-915a-de4f864b73cf: start 9caa7045-5a70-40e0-915a-de4f864b73cf@group-12047813E660-LeaderElection60
2022-07-02 07:25:21,650 [b3fa7f95-08ce-4cb9-ba7f-3dff0e499d93@group-12047813E660-FollowerState] INFO  impl.FollowerState (FollowerState.java:run(143)) - b3fa7f95-08ce-4cb9-ba7f-3dff0e499d93@group-12047813E660-FollowerState: change to CANDIDATE, lastRpcElapsedTime:5123764069ns, electionTimeout:5040ms
2022-07-02 07:25:21,651 [b3fa7f95-08ce-4cb9-ba7f-3dff0e499d93@group-12047813E660-FollowerState] INFO  impl.RoleInfo (RoleInfo.java:shutdownFollowerState(110)) - b3fa7f95-08ce-4cb9-ba7f-3dff0e499d93: shutdown b3fa7f95-08ce-4cb9-ba7f-3dff0e499d93@group-12047813E660-FollowerState
2022-07-02 07:25:21,651 [b3fa7f95-08ce-4cb9-ba7f-3dff0e499d93@group-12047813E660-FollowerState] INFO  server.RaftServer$Division (RaftServerImpl.java:setRole(299)) - b3fa7f95-08ce-4cb9-ba7f-3dff0e499d93@group-12047813E660: changes role from  FOLLOWER to CANDIDATE at term 0 for changeToCandidate
2022-07-02 07:25:21,651 [b3fa7f95-08ce-4cb9-ba7f-3dff0e499d93@group-12047813E660-FollowerState] INFO  server.RaftServerConfigKeys (ConfUtils.java:logGet(46)) - raft.server.leaderelection.pre-vote = false (custom)
2022-07-02 07:25:21,651 [b3fa7f95-08ce-4cb9-ba7f-3dff0e499d93@group-12047813E660-FollowerState] INFO  impl.RoleInfo (RoleInfo.java:updateAndGet(139)) - b3fa7f95-08ce-4cb9-ba7f-3dff0e499d93: start b3fa7f95-08ce-4cb9-ba7f-3dff0e499d93@group-12047813E660-LeaderElection61
2022-07-02 07:25:21,689 [9caa7045-5a70-40e0-915a-de4f864b73cf@group-6C0C8E5BFC1F-LeaderElection59] INFO  impl.LeaderElection (LeaderElection.java:askForVotes(310)) - 9caa7045-5a70-40e0-915a-de4f864b73cf@group-6C0C8E5BFC1F-LeaderElection59 ELECTION round 0: submit vote requests at term 1 for -1: [9caa7045-5a70-40e0-915a-de4f864b73cf|rpc:10.1.0.20:33007|priority:1], old=null
2022-07-02 07:25:21,689 [9caa7045-5a70-40e0-915a-de4f864b73cf@group-6C0C8E5BFC1F-LeaderElection59] INFO  impl.LeaderElection (LeaderElection.java:askForVotes(312)) - 9caa7045-5a70-40e0-915a-de4f864b73cf@group-6C0C8E5BFC1F-LeaderElection59 ELECTION round 0: result PASSED (term=1)
2022-07-02 07:25:21,689 [9caa7045-5a70-40e0-915a-de4f864b73cf@group-6C0C8E5BFC1F-LeaderElection59] INFO  impl.RoleInfo (RoleInfo.java:shutdownLeaderElection(130)) - 9caa7045-5a70-40e0-915a-de4f864b73cf: shutdown 9caa7045-5a70-40e0-915a-de4f864b73cf@group-6C0C8E5BFC1F-LeaderElection59
2022-07-02 07:25:21,690 [9caa7045-5a70-40e0-915a-de4f864b73cf@group-6C0C8E5BFC1F-LeaderElection59] INFO  server.RaftServer$Division (RaftServerImpl.java:setRole(299)) - 9caa7045-5a70-40e0-915a-de4f864b73cf@group-6C0C8E5BFC1F: changes role from CANDIDATE to LEADER at term 1 for changeToLeader
2022-07-02 07:25:21,690 [9caa7045-5a70-40e0-915a-de4f864b73cf@group-6C0C8E5BFC1F-LeaderElection59] INFO  ratis.XceiverServerRatis (XceiverServerRatis.java:handleLeaderChangedNotification(863)) - Leader change notification received for group: group-6C0C8E5BFC1F with new leaderId: 9caa7045-5a70-40e0-915a-de4f864b73cf
2022-07-02 07:25:21,690 [9caa7045-5a70-40e0-915a-de4f864b73cf@group-6C0C8E5BFC1F-LeaderElection59] INFO  server.RaftServer$Division (ServerState.java:setLeader(287)) - 9caa7045-5a70-40e0-915a-de4f864b73cf@group-6C0C8E5BFC1F: change Leader from null to 9caa7045-5a70-40e0-915a-de4f864b73cf at term 1 for becomeLeader, leader elected after 5374ms
2022-07-02 07:25:21,690 [9caa7045-5a70-40e0-915a-de4f864b73cf@group-6C0C8E5BFC1F-LeaderElection59] INFO  server.RaftServerConfigKeys (ConfUtils.java:logGet(46)) - raft.server.staging.catchup.gap = 1000 (default)
2022-07-02 07:25:21,690 [9caa7045-5a70-40e0-915a-de4f864b73cf@group-6C0C8E5BFC1F-LeaderElection59] INFO  server.RaftServerConfigKeys (ConfUtils.java:logGet(46)) - raft.server.write.element-limit = 1024 (custom)
2022-07-02 07:25:21,690 [9caa7045-5a70-40e0-915a-de4f864b73cf@group-6C0C8E5BFC1F-LeaderElection59] INFO  server.RaftServerConfigKeys (ConfUtils.java:logGet(46)) - raft.server.write.byte-limit = 1024 M (=1073741824) (custom)
2022-07-02 07:25:21,690 [9caa7045-5a70-40e0-915a-de4f864b73cf@group-6C0C8E5BFC1F-LeaderElection59] INFO  server.RaftServerConfigKeys (ConfUtils.java:logGet(46)) - raft.server.watch.timeout = 180s (custom)
2022-07-02 07:25:21,690 [9caa7045-5a70-40e0-915a-de4f864b73cf@group-6C0C8E5BFC1F-LeaderElection59] INFO  server.RaftServerConfigKeys (ConfUtils.java:logGet(46)) - raft.server.watch.timeout.denomination = 1s (default)
2022-07-02 07:25:21,691 [9caa7045-5a70-40e0-915a-de4f864b73cf@group-6C0C8E5BFC1F-LeaderElection59] INFO  server.RaftServerConfigKeys (ConfUtils.java:logGet(46)) - raft.server.watch.element-limit = 65536 (default)
2022-07-02 07:25:21,691 [9caa7045-5a70-40e0-915a-de4f864b73cf@group-6C0C8E5BFC1F-LeaderElection59] INFO  server.RaftServerConfigKeys (ConfUtils.java:logGet(46)) - raft.server.write.element-limit = 1024 (custom)
2022-07-02 07:25:21,691 [9caa7045-5a70-40e0-915a-de4f864b73cf@group-6C0C8E5BFC1F-LeaderElection59] INFO  server.RaftServerConfigKeys (ConfUtils.java:logGet(46)) - raft.server.write.follower.gap.ratio.max = -1.0 (default)
2022-07-02 07:25:21,691 [9caa7045-5a70-40e0-915a-de4f864b73cf@group-6C0C8E5BFC1F-LeaderElection59] INFO  impl.RoleInfo (RoleInfo.java:updateAndGet(139)) - 9caa7045-5a70-40e0-915a-de4f864b73cf: start 9caa7045-5a70-40e0-915a-de4f864b73cf@group-6C0C8E5BFC1F-LeaderStateImpl
2022-07-02 07:25:21,691 [9caa7045-5a70-40e0-915a-de4f864b73cf@group-6C0C8E5BFC1F-LeaderElection59] INFO  segmented.SegmentedRaftLogWorker (SegmentedRaftLogWorker.java:startLogSegment(425)) - 9caa7045-5a70-40e0-915a-de4f864b73cf@group-6C0C8E5BFC1F-SegmentedRaftLogWorker: Starting segment from index:0
2022-07-02 07:25:21,693 [EventQueue-OpenPipelineForHealthyPipelineSafeModeRule] INFO  safemode.SCMSafeModeManager (HealthyPipelineSafeModeRule.java:process(124)) - SCM in safe mode. Healthy pipelines reported count is 0, required healthy pipeline reported count is 1
2022-07-02 07:25:21,693 [9caa7045-5a70-40e0-915a-de4f864b73cf@group-12047813E660-LeaderElection60] INFO  impl.LeaderElection (LeaderElection.java:askForVotes(310)) - 9caa7045-5a70-40e0-915a-de4f864b73cf@group-12047813E660-LeaderElection60 ELECTION round 0: submit vote requests at term 1 for -1: [9caa7045-5a70-40e0-915a-de4f864b73cf|rpc:10.1.0.20:33007|priority:0, df88482a-df69-428f-8950-05b0a5ebb4b0|rpc:10.1.0.20:42229|priority:0, b3fa7f95-08ce-4cb9-ba7f-3dff0e499d93|rpc:10.1.0.20:44337|priority:1], old=null
2022-07-02 07:25:21,693 [9caa7045-5a70-40e0-915a-de4f864b73cf@group-6C0C8E5BFC1F-SegmentedRaftLogWorker] INFO  segmented.SegmentedRaftLogWorker (SegmentedRaftLogWorker.java:execute(629)) - 9caa7045-5a70-40e0-915a-de4f864b73cf@group-6C0C8E5BFC1F-SegmentedRaftLogWorker: created new log segment /home/runner/work/ozone/ozone/hadoop-ozone/integration-test/target/test-dir/MiniOzoneClusterImpl-61754a76-b51f-4318-8597-8262e590efb7/datanode-1/data/ratis/6464ba28-b05a-4a19-9631-6c0c8e5bfc1f/current/log_inprogress_0
2022-07-02 07:25:21,746 [9caa7045-5a70-40e0-915a-de4f864b73cf@group-6C0C8E5BFC1F-LeaderElection59] INFO  server.RaftServer$Division (ServerState.java:setRaftConf(393)) - 9caa7045-5a70-40e0-915a-de4f864b73cf@group-6C0C8E5BFC1F: set configuration 0: [9caa7045-5a70-40e0-915a-de4f864b73cf|rpc:10.1.0.20:33007|dataStream:|priority:1], old=null
2022-07-02 07:25:21,748 [b3fa7f95-08ce-4cb9-ba7f-3dff0e499d93@group-12047813E660-LeaderElection61] INFO  impl.LeaderElection (LeaderElection.java:askForVotes(310)) - b3fa7f95-08ce-4cb9-ba7f-3dff0e499d93@group-12047813E660-LeaderElection61 ELECTION round 0: submit vote requests at term 1 for -1: [9caa7045-5a70-40e0-915a-de4f864b73cf|rpc:10.1.0.20:33007|dataStream:|priority:0, df88482a-df69-428f-8950-05b0a5ebb4b0|rpc:10.1.0.20:42229|dataStream:|priority:0, b3fa7f95-08ce-4cb9-ba7f-3dff0e499d93|rpc:10.1.0.20:44337|dataStream:|priority:1], old=null
2022-07-02 07:25:21,910 [grpc-default-executor-0] INFO  server.RaftServer$Division (RaftServerImpl.java:requestVote(1152)) - 9caa7045-5a70-40e0-915a-de4f864b73cf@group-12047813E660: receive requestVote(ELECTION, b3fa7f95-08ce-4cb9-ba7f-3dff0e499d93, group-12047813E660, 1, (t:0, i:0))
2022-07-02 07:25:21,910 [grpc-default-executor-0] INFO  impl.VoteContext (VoteContext.java:log(48)) - 9caa7045-5a70-40e0-915a-de4f864b73cf@group-12047813E660-CANDIDATE: reject ELECTION from b3fa7f95-08ce-4cb9-ba7f-3dff0e499d93: already has voted for 9caa7045-5a70-40e0-915a-de4f864b73cf at current term 1
2022-07-02 07:25:21,911 [grpc-default-executor-0] INFO  server.RaftServer$Division (RaftServerImpl.java:requestVote(1184)) - 9caa7045-5a70-40e0-915a-de4f864b73cf@group-12047813E660 replies to ELECTION vote request: b3fa7f95-08ce-4cb9-ba7f-3dff0e499d93<-9caa7045-5a70-40e0-915a-de4f864b73cf#0:FAIL-t1. Peer's state: 9caa7045-5a70-40e0-915a-de4f864b73cf@group-12047813E660:t1, leader=null, voted=9caa7045-5a70-40e0-915a-de4f864b73cf, raftlog=9caa7045-5a70-40e0-915a-de4f864b73cf@group-12047813E660-SegmentedRaftLog:OPENED:c-1, conf=-1: [9caa7045-5a70-40e0-915a-de4f864b73cf|rpc:10.1.0.20:33007|priority:0, df88482a-df69-428f-8950-05b0a5ebb4b0|rpc:10.1.0.20:42229|priority:0, b3fa7f95-08ce-4cb9-ba7f-3dff0e499d93|rpc:10.1.0.20:44337|priority:1], old=null
2022-07-02 07:25:21,946 [grpc-default-executor-0] INFO  server.RaftServer$Division (RaftServerImpl.java:requestVote(1152)) - b3fa7f95-08ce-4cb9-ba7f-3dff0e499d93@group-12047813E660: receive requestVote(ELECTION, 9caa7045-5a70-40e0-915a-de4f864b73cf, group-12047813E660, 1, (t:0, i:0))
2022-07-02 07:25:21,946 [grpc-default-executor-0] INFO  impl.VoteContext (VoteContext.java:log(48)) - b3fa7f95-08ce-4cb9-ba7f-3dff0e499d93@group-12047813E660-CANDIDATE: reject ELECTION from 9caa7045-5a70-40e0-915a-de4f864b73cf: already has voted for b3fa7f95-08ce-4cb9-ba7f-3dff0e499d93 at current term 1
2022-07-02 07:25:21,946 [grpc-default-executor-0] INFO  server.RaftServer$Division (RaftServerImpl.java:requestVote(1184)) - b3fa7f95-08ce-4cb9-ba7f-3dff0e499d93@group-12047813E660 replies to ELECTION vote request: 9caa7045-5a70-40e0-915a-de4f864b73cf<-b3fa7f95-08ce-4cb9-ba7f-3dff0e499d93#0:FAIL-t1. Peer's state: b3fa7f95-08ce-4cb9-ba7f-3dff0e499d93@group-12047813E660:t1, leader=null, voted=b3fa7f95-08ce-4cb9-ba7f-3dff0e499d93, raftlog=b3fa7f95-08ce-4cb9-ba7f-3dff0e499d93@group-12047813E660-SegmentedRaftLog:OPENED:c-1, conf=-1: [9caa7045-5a70-40e0-915a-de4f864b73cf|rpc:10.1.0.20:33007|dataStream:|priority:0, df88482a-df69-428f-8950-05b0a5ebb4b0|rpc:10.1.0.20:42229|dataStream:|priority:0, b3fa7f95-08ce-4cb9-ba7f-3dff0e499d93|rpc:10.1.0.20:44337|dataStream:|priority:1], old=null
2022-07-02 07:25:21,947 [grpc-default-executor-1] INFO  server.RaftServer$Division (RaftServerImpl.java:requestVote(1152)) - df88482a-df69-428f-8950-05b0a5ebb4b0@group-12047813E660: receive requestVote(ELECTION, b3fa7f95-08ce-4cb9-ba7f-3dff0e499d93, group-12047813E660, 1, (t:0, i:0))
2022-07-02 07:25:21,947 [grpc-default-executor-1] INFO  impl.VoteContext (VoteContext.java:log(48)) - df88482a-df69-428f-8950-05b0a5ebb4b0@group-12047813E660-FOLLOWER: accept ELECTION from b3fa7f95-08ce-4cb9-ba7f-3dff0e499d93: our priority 0 <= candidate's priority 1
2022-07-02 07:25:21,947 [grpc-default-executor-1] INFO  server.RaftServer$Division (RaftServerImpl.java:setRole(299)) - df88482a-df69-428f-8950-05b0a5ebb4b0@group-12047813E660: changes role from  FOLLOWER to FOLLOWER at term 1 for candidate:b3fa7f95-08ce-4cb9-ba7f-3dff0e499d93
2022-07-02 07:25:21,947 [grpc-default-executor-1] INFO  impl.RoleInfo (RoleInfo.java:shutdownFollowerState(110)) - df88482a-df69-428f-8950-05b0a5ebb4b0: shutdown df88482a-df69-428f-8950-05b0a5ebb4b0@group-12047813E660-FollowerState
2022-07-02 07:25:22,001 [df88482a-df69-428f-8950-05b0a5ebb4b0@group-12047813E660-FollowerState] INFO  impl.FollowerState (FollowerState.java:run(152)) - df88482a-df69-428f-8950-05b0a5ebb4b0@group-12047813E660-FollowerState was interrupted
2022-07-02 07:25:22,002 [9caa7045-5a70-40e0-915a-de4f864b73cf@group-12047813E660-LeaderElection60] INFO  impl.LeaderElection (LeaderElection.java:logAndReturn(90)) - 9caa7045-5a70-40e0-915a-de4f864b73cf@group-12047813E660-LeaderElection60: ELECTION REJECTED received 1 response(s) and 0 exception(s):
2022-07-02 07:25:22,002 [9caa7045-5a70-40e0-915a-de4f864b73cf@group-12047813E660-LeaderElection60] INFO  impl.LeaderElection (LeaderElection.java:logAndReturn(94)) -   Response 0: 9caa7045-5a70-40e0-915a-de4f864b73cf<-b3fa7f95-08ce-4cb9-ba7f-3dff0e499d93#0:FAIL-t1
2022-07-02 07:25:22,002 [9caa7045-5a70-40e0-915a-de4f864b73cf@group-12047813E660-LeaderElection60] INFO  impl.LeaderElection (LeaderElection.java:askForVotes(312)) - 9caa7045-5a70-40e0-915a-de4f864b73cf@group-12047813E660-LeaderElection60 ELECTION round 0: result REJECTED
2022-07-02 07:25:22,002 [9caa7045-5a70-40e0-915a-de4f864b73cf@group-12047813E660-LeaderElection60] INFO  server.RaftServer$Division (RaftServerImpl.java:setRole(299)) - 9caa7045-5a70-40e0-915a-de4f864b73cf@group-12047813E660: changes role from CANDIDATE to FOLLOWER at term 1 for REJECTED
2022-07-02 07:25:22,002 [9caa7045-5a70-40e0-915a-de4f864b73cf@group-12047813E660-LeaderElection60] INFO  impl.RoleInfo (RoleInfo.java:shutdownLeaderElection(130)) - 9caa7045-5a70-40e0-915a-de4f864b73cf: shutdown 9caa7045-5a70-40e0-915a-de4f864b73cf@group-12047813E660-LeaderElection60
2022-07-02 07:25:22,002 [9caa7045-5a70-40e0-915a-de4f864b73cf@group-12047813E660-LeaderElection60] INFO  impl.RoleInfo (RoleInfo.java:updateAndGet(139)) - 9caa7045-5a70-40e0-915a-de4f864b73cf: start 9caa7045-5a70-40e0-915a-de4f864b73cf@group-12047813E660-FollowerState
2022-07-02 07:25:22,001 [grpc-default-executor-1] INFO  impl.RoleInfo (RoleInfo.java:updateAndGet(139)) - df88482a-df69-428f-8950-05b0a5ebb4b0: start df88482a-df69-428f-8950-05b0a5ebb4b0@group-12047813E660-FollowerState
2022-07-02 07:25:22,002 [grpc-default-executor-2] INFO  server.RaftServer$Division (RaftServerImpl.java:requestVote(1152)) - df88482a-df69-428f-8950-05b0a5ebb4b0@group-12047813E660: receive requestVote(ELECTION, 9caa7045-5a70-40e0-915a-de4f864b73cf, group-12047813E660, 1, (t:0, i:0))
2022-07-02 07:25:22,036 [grpc-default-executor-1] INFO  server.RaftServer$Division (RaftServerImpl.java:requestVote(1184)) - df88482a-df69-428f-8950-05b0a5ebb4b0@group-12047813E660 replies to ELECTION vote request: b3fa7f95-08ce-4cb9-ba7f-3dff0e499d93<-df88482a-df69-428f-8950-05b0a5ebb4b0#0:OK-t1. Peer's state: df88482a-df69-428f-8950-05b0a5ebb4b0@group-12047813E660:t1, leader=null, voted=b3fa7f95-08ce-4cb9-ba7f-3dff0e499d93, raftlog=df88482a-df69-428f-8950-05b0a5ebb4b0@group-12047813E660-SegmentedRaftLog:OPENED:c-1, conf=-1: [9caa7045-5a70-40e0-915a-de4f864b73cf|rpc:10.1.0.20:33007|priority:0, df88482a-df69-428f-8950-05b0a5ebb4b0|rpc:10.1.0.20:42229|priority:0, b3fa7f95-08ce-4cb9-ba7f-3dff0e499d93|rpc:10.1.0.20:44337|priority:1], old=null
2022-07-02 07:25:22,036 [grpc-default-executor-2] INFO  impl.VoteContext (VoteContext.java:log(48)) - df88482a-df69-428f-8950-05b0a5ebb4b0@group-12047813E660-FOLLOWER: reject ELECTION from 9caa7045-5a70-40e0-915a-de4f864b73cf: already has voted for b3fa7f95-08ce-4cb9-ba7f-3dff0e499d93 at current term 1
2022-07-02 07:25:22,036 [grpc-default-executor-2] INFO  server.RaftServer$Division (RaftServerImpl.java:requestVote(1184)) - df88482a-df69-428f-8950-05b0a5ebb4b0@group-12047813E660 replies to ELECTION vote request: 9caa7045-5a70-40e0-915a-de4f864b73cf<-df88482a-df69-428f-8950-05b0a5ebb4b0#0:FAIL-t1. Peer's state: df88482a-df69-428f-8950-05b0a5ebb4b0@group-12047813E660:t1, leader=null, voted=b3fa7f95-08ce-4cb9-ba7f-3dff0e499d93, raftlog=df88482a-df69-428f-8950-05b0a5ebb4b0@group-12047813E660-SegmentedRaftLog:OPENED:c-1, conf=-1: [9caa7045-5a70-40e0-915a-de4f864b73cf|rpc:10.1.0.20:33007|priority:0, df88482a-df69-428f-8950-05b0a5ebb4b0|rpc:10.1.0.20:42229|priority:0, b3fa7f95-08ce-4cb9-ba7f-3dff0e499d93|rpc:10.1.0.20:44337|priority:1], old=null
2022-07-02 07:25:22,042 [b3fa7f95-08ce-4cb9-ba7f-3dff0e499d93@group-12047813E660-LeaderElection61] INFO  impl.LeaderElection (LeaderElection.java:logAndReturn(90)) - b3fa7f95-08ce-4cb9-ba7f-3dff0e499d93@group-12047813E660-LeaderElection61: ELECTION PASSED received 2 response(s) and 0 exception(s):
2022-07-02 07:25:22,042 [b3fa7f95-08ce-4cb9-ba7f-3dff0e499d93@group-12047813E660-LeaderElection61] INFO  impl.LeaderElection (LeaderElection.java:logAndReturn(94)) -   Response 0: b3fa7f95-08ce-4cb9-ba7f-3dff0e499d93<-9caa7045-5a70-40e0-915a-de4f864b73cf#0:FAIL-t1
2022-07-02 07:25:22,042 [b3fa7f95-08ce-4cb9-ba7f-3dff0e499d93@group-12047813E660-LeaderElection61] INFO  impl.LeaderElection (LeaderElection.java:logAndReturn(94)) -   Response 1: b3fa7f95-08ce-4cb9-ba7f-3dff0e499d93<-df88482a-df69-428f-8950-05b0a5ebb4b0#0:OK-t1
2022-07-02 07:25:22,042 [b3fa7f95-08ce-4cb9-ba7f-3dff0e499d93@group-12047813E660-LeaderElection61] INFO  impl.LeaderElection (LeaderElection.java:askForVotes(312)) - b3fa7f95-08ce-4cb9-ba7f-3dff0e499d93@group-12047813E660-LeaderElection61 ELECTION round 0: result PASSED
2022-07-02 07:25:22,042 [b3fa7f95-08ce-4cb9-ba7f-3dff0e499d93@group-12047813E660-LeaderElection61] INFO  impl.RoleInfo (RoleInfo.java:shutdownLeaderElection(130)) - b3fa7f95-08ce-4cb9-ba7f-3dff0e499d93: shutdown b3fa7f95-08ce-4cb9-ba7f-3dff0e499d93@group-12047813E660-LeaderElection61
2022-07-02 07:25:22,042 [b3fa7f95-08ce-4cb9-ba7f-3dff0e499d93@group-12047813E660-LeaderElection61] INFO  server.RaftServer$Division (RaftServerImpl.java:setRole(299)) - b3fa7f95-08ce-4cb9-ba7f-3dff0e499d93@group-12047813E660: changes role from CANDIDATE to LEADER at term 1 for changeToLeader
2022-07-02 07:25:22,042 [b3fa7f95-08ce-4cb9-ba7f-3dff0e499d93@group-12047813E660-LeaderElection61] INFO  ratis.XceiverServerRatis (XceiverServerRatis.java:handleLeaderChangedNotification(863)) - Leader change notification received for group: group-12047813E660 with new leaderId: b3fa7f95-08ce-4cb9-ba7f-3dff0e499d93
2022-07-02 07:25:22,042 [b3fa7f95-08ce-4cb9-ba7f-3dff0e499d93@group-12047813E660-LeaderElection61] INFO  server.RaftServer$Division (ServerState.java:setLeader(287)) - b3fa7f95-08ce-4cb9-ba7f-3dff0e499d93@group-12047813E660: change Leader from null to b3fa7f95-08ce-4cb9-ba7f-3dff0e499d93 at term 1 for becomeLeader, leader elected after 5532ms
2022-07-02 07:25:22,042 [b3fa7f95-08ce-4cb9-ba7f-3dff0e499d93@group-12047813E660-LeaderElection61] INFO  server.RaftServerConfigKeys (ConfUtils.java:logGet(46)) - raft.server.staging.catchup.gap = 1000 (default)
2022-07-02 07:25:22,043 [b3fa7f95-08ce-4cb9-ba7f-3dff0e499d93@group-12047813E660-LeaderElection61] INFO  server.RaftServerConfigKeys (ConfUtils.java:logGet(46)) - raft.server.write.element-limit = 1024 (custom)
2022-07-02 07:25:22,043 [b3fa7f95-08ce-4cb9-ba7f-3dff0e499d93@group-12047813E660-LeaderElection61] INFO  server.RaftServerConfigKeys (ConfUtils.java:logGet(46)) - raft.server.write.byte-limit = 1024 M (=1073741824) (custom)
2022-07-02 07:25:22,043 [b3fa7f95-08ce-4cb9-ba7f-3dff0e499d93@group-12047813E660-LeaderElection61] INFO  server.RaftServerConfigKeys (ConfUtils.java:logGet(46)) - raft.server.watch.timeout = 180s (custom)
2022-07-02 07:25:22,043 [b3fa7f95-08ce-4cb9-ba7f-3dff0e499d93@group-12047813E660-LeaderElection61] INFO  server.RaftServerConfigKeys (ConfUtils.java:logGet(46)) - raft.server.watch.timeout.denomination = 1s (default)
2022-07-02 07:25:22,043 [b3fa7f95-08ce-4cb9-ba7f-3dff0e499d93@group-12047813E660-LeaderElection61] INFO  server.RaftServerConfigKeys (ConfUtils.java:logGet(46)) - raft.server.watch.element-limit = 65536 (default)
2022-07-02 07:25:22,043 [b3fa7f95-08ce-4cb9-ba7f-3dff0e499d93@group-12047813E660-LeaderElection61] INFO  server.RaftServerConfigKeys (ConfUtils.java:logGet(46)) - raft.server.write.element-limit = 1024 (custom)
2022-07-02 07:25:22,043 [b3fa7f95-08ce-4cb9-ba7f-3dff0e499d93@group-12047813E660-LeaderElection61] INFO  server.RaftServerConfigKeys (ConfUtils.java:logGet(46)) - raft.server.write.follower.gap.ratio.max = -1.0 (default)
2022-07-02 07:25:22,046 [b3fa7f95-08ce-4cb9-ba7f-3dff0e499d93@group-12047813E660-LeaderElection61] INFO  server.RaftServerConfigKeys (ConfUtils.java:logGet(46)) - raft.server.log.appender.snapshot.chunk.size.max = 16MB (=16777216) (default)
2022-07-02 07:25:22,046 [b3fa7f95-08ce-4cb9-ba7f-3dff0e499d93@group-12047813E660-LeaderElection61] INFO  server.RaftServerConfigKeys (ConfUtils.java:logGet(46)) - raft.server.log.appender.buffer.byte-limit = 33554432 (custom)
2022-07-02 07:25:22,046 [b3fa7f95-08ce-4cb9-ba7f-3dff0e499d93@group-12047813E660-LeaderElection61] INFO  server.RaftServerConfigKeys (ConfUtils.java:logGet(46)) - raft.server.log.appender.buffer.element-limit = 1 (custom)
2022-07-02 07:25:22,046 [b3fa7f95-08ce-4cb9-ba7f-3dff0e499d93@group-12047813E660-LeaderElection61] INFO  grpc.GrpcConfigKeys (ConfUtils.java:logGet(46)) - raft.grpc.server.leader.outstanding.appends.max = 128 (default)
2022-07-02 07:25:22,046 [b3fa7f95-08ce-4cb9-ba7f-3dff0e499d93@group-12047813E660-LeaderElection61] INFO  server.RaftServerConfigKeys (ConfUtils.java:logGet(46)) - raft.server.rpc.request.timeout = 60s (custom)
2022-07-02 07:25:22,046 [b3fa7f95-08ce-4cb9-ba7f-3dff0e499d93@group-12047813E660-LeaderElection61] INFO  server.RaftServerConfigKeys (ConfUtils.java:logGet(46)) - raft.server.log.appender.install.snapshot.enabled = false (custom)
2022-07-02 07:25:22,048 [b3fa7f95-08ce-4cb9-ba7f-3dff0e499d93@group-12047813E660-LeaderElection61] INFO  server.RaftServerConfigKeys (ConfUtils.java:logGet(46)) - raft.server.log.appender.snapshot.chunk.size.max = 16MB (=16777216) (default)
2022-07-02 07:25:22,048 [b3fa7f95-08ce-4cb9-ba7f-3dff0e499d93@group-12047813E660-LeaderElection61] INFO  server.RaftServerConfigKeys (ConfUtils.java:logGet(46)) - raft.server.log.appender.buffer.byte-limit = 33554432 (custom)
2022-07-02 07:25:22,048 [b3fa7f95-08ce-4cb9-ba7f-3dff0e499d93@group-12047813E660-LeaderElection61] INFO  server.RaftServerConfigKeys (ConfUtils.java:logGet(46)) - raft.server.log.appender.buffer.element-limit = 1 (custom)
2022-07-02 07:25:22,048 [b3fa7f95-08ce-4cb9-ba7f-3dff0e499d93@group-12047813E660-LeaderElection61] INFO  grpc.GrpcConfigKeys (ConfUtils.java:logGet(46)) - raft.grpc.server.leader.outstanding.appends.max = 128 (default)
2022-07-02 07:25:22,048 [b3fa7f95-08ce-4cb9-ba7f-3dff0e499d93@group-12047813E660-LeaderElection61] INFO  server.RaftServerConfigKeys (ConfUtils.java:logGet(46)) - raft.server.rpc.request.timeout = 60s (custom)
2022-07-02 07:25:22,048 [b3fa7f95-08ce-4cb9-ba7f-3dff0e499d93@group-12047813E660-LeaderElection61] INFO  server.RaftServerConfigKeys (ConfUtils.java:logGet(46)) - raft.server.log.appender.install.snapshot.enabled = false (custom)
2022-07-02 07:25:22,048 [EventQueue-PipelineReportForPipelineReportHandler] INFO  pipeline.PipelineManagerImpl (PipelineManagerImpl.java:openPipeline(358)) - Pipeline Pipeline[ Id: e97cfca6-08f0-4a6f-8225-12047813e660, Nodes: b3fa7f95-08ce-4cb9-ba7f-3dff0e499d93{ip: 10.1.0.20, host: fv-az444-838.dthhdds2jluu1c0oa55ndv1hsg.dx.internal.cloudapp.net, ports: [REPLICATION=33395, RATIS=44337, RATIS_ADMIN=44337, RATIS_SERVER=44337, STANDALONE=46731], networkLocation: /default-rack, certSerialId: null, persistedOpState: IN_SERVICE, persistedOpStateExpiryEpochSec: 0}9caa7045-5a70-40e0-915a-de4f864b73cf{ip: 10.1.0.20, host: fv-az444-838.dthhdds2jluu1c0oa55ndv1hsg.dx.internal.cloudapp.net, ports: [REPLICATION=41983, RATIS=33007, RATIS_ADMIN=33007, RATIS_SERVER=33007, STANDALONE=40345], networkLocation: /default-rack, certSerialId: null, persistedOpState: IN_SERVICE, persistedOpStateExpiryEpochSec: 0}df88482a-df69-428f-8950-05b0a5ebb4b0{ip: 10.1.0.20, host: fv-az444-838.dthhdds2jluu1c0oa55ndv1hsg.dx.internal.cloudapp.net, ports: [REPLICATION=38619, RATIS=42229, RATIS_ADMIN=42229, RATIS_SERVER=42229, STANDALONE=35291], networkLocation: /default-rack, certSerialId: null, persistedOpState: IN_SERVICE, persistedOpStateExpiryEpochSec: 0}, ReplicationConfig: RATIS/THREE, State:ALLOCATED, leaderId:b3fa7f95-08ce-4cb9-ba7f-3dff0e499d93, CreationTimestamp2022-07-02T07:25:15.198Z[Etc/UTC]] moved to OPEN state
2022-07-02 07:25:22,048 [b3fa7f95-08ce-4cb9-ba7f-3dff0e499d93@group-12047813E660-LeaderElection61] INFO  impl.RoleInfo (RoleInfo.java:updateAndGet(139)) - b3fa7f95-08ce-4cb9-ba7f-3dff0e499d93: start b3fa7f95-08ce-4cb9-ba7f-3dff0e499d93@group-12047813E660-LeaderStateImpl
2022-07-02 07:25:22,048 [EventQueue-OpenPipelineForHealthyPipelineSafeModeRule] INFO  safemode.SCMSafeModeManager (HealthyPipelineSafeModeRule.java:process(124)) - SCM in safe mode. Healthy pipelines reported count is 1, required healthy pipeline reported count is 1
2022-07-02 07:25:22,049 [EventQueue-OpenPipelineForHealthyPipelineSafeModeRule] INFO  safemode.SCMSafeModeManager (SCMSafeModeManager.java:validateSafeModeExitRules(204)) - HealthyPipelineSafeModeRule rule is successfully validated
2022-07-02 07:25:22,049 [EventQueue-OpenPipelineForHealthyPipelineSafeModeRule] INFO  safemode.SCMSafeModeManager (SCMSafeModeManager.java:validateSafeModeExitRules(219)) - ScmSafeModeManager, all rules are successfully validated
2022-07-02 07:25:22,049 [EventQueue-OpenPipelineForHealthyPipelineSafeModeRule] INFO  safemode.SCMSafeModeManager (SCMSafeModeManager.java:exitSafeMode(248)) - SCM exiting safe mode.
2022-07-02 07:25:22,049 [b3fa7f95-08ce-4cb9-ba7f-3dff0e499d93@group-12047813E660-LeaderElection61] INFO  segmented.SegmentedRaftLogWorker (SegmentedRaftLogWorker.java:startLogSegment(425)) - b3fa7f95-08ce-4cb9-ba7f-3dff0e499d93@group-12047813E660-SegmentedRaftLogWorker: Starting segment from index:0
2022-07-02 07:25:22,049 [EventQueue-OpenPipelineForHealthyPipelineSafeModeRule] WARN  events.EventQueue (EventQueue.java:fireEvent(216)) - No event handler registered for event TypedEvent{payloadType=SafeModeStatus, name='Safe mode status'}
2022-07-02 07:25:22,088 [EventQueue-OpenPipelineForHealthyPipelineSafeModeRule] INFO  ha.SCMContext (SCMContext.java:updateSafeModeStatus(228)) - Update SafeModeStatus from SafeModeStatus{safeModeStatus=true, preCheckPassed=true} to SafeModeStatus{safeModeStatus=false, preCheckPassed=true}.
2022-07-02 07:25:22,088 [EventQueue-OpenPipelineForHealthyPipelineSafeModeRule] INFO  pipeline.BackgroundPipelineCreator (BackgroundPipelineCreator.java:notifyStatusChanged(253)) - Service BackgroundPipelineCreator transitions to RUNNING.
2022-07-02 07:25:22,088 [EventQueue-OpenPipelineForHealthyPipelineSafeModeRule] INFO  BackgroundPipelineScrubber (BackgroundSCMService.java:notifyStatusChanged(82)) - Service BackgroundPipelineScrubber transitions to RUNNING.
2022-07-02 07:25:22,088 [EventQueue-OpenPipelineForHealthyPipelineSafeModeRule] INFO  ExpiredContainerReplicaOpScrubber (BackgroundSCMService.java:notifyStatusChanged(82)) - Service ExpiredContainerReplicaOpScrubber transitions to RUNNING.
2022-07-02 07:25:22,088 [EventQueue-OpenPipelineForHealthyPipelineSafeModeRule] INFO  replication.ReplicationManager (ReplicationManager.java:notifyStatusChanged(428)) - Service ReplicationManager transitions to RUNNING.
2022-07-02 07:25:22,088 [EventQueue-OpenPipelineForHealthyPipelineSafeModeRule] WARN  balancer.ContainerBalancer (ContainerBalancer.java:shouldRun(894)) - Could not find persisted configuration for ContainerBalancer when checking if ContainerBalancer should run. ContainerBalancer should not run now.
2022-07-02 07:25:22,090 [b3fa7f95-08ce-4cb9-ba7f-3dff0e499d93@group-12047813E660-SegmentedRaftLogWorker] INFO  segmented.SegmentedRaftLogWorker (SegmentedRaftLogWorker.java:execute(629)) - b3fa7f95-08ce-4cb9-ba7f-3dff0e499d93@group-12047813E660-SegmentedRaftLogWorker: created new log segment /home/runner/work/ozone/ozone/hadoop-ozone/integration-test/target/test-dir/MiniOzoneClusterImpl-61754a76-b51f-4318-8597-8262e590efb7/datanode-2/data/ratis/e97cfca6-08f0-4a6f-8225-12047813e660/current/log_inprogress_0
2022-07-02 07:25:22,108 [Listener at 127.0.0.1/43657] INFO  ozone.MiniOzoneClusterImpl (MiniOzoneClusterImpl.java:lambda$waitForClusterToBeReady$0(223)) - Nodes are ready. Got 5 of 5 DN Heartbeats.
2022-07-02 07:25:22,108 [Listener at 127.0.0.1/43657] INFO  ozone.MiniOzoneClusterImpl (MiniOzoneClusterImpl.java:lambda$waitForClusterToBeReady$0(226)) - Cluster exits safe mode
2022-07-02 07:25:22,108 [Listener at 127.0.0.1/43657] INFO  ozone.MiniOzoneClusterImpl (MiniOzoneClusterImpl.java:lambda$waitForClusterToBeReady$0(228)) - SCM became leader
2022-07-02 07:25:22,175 [b3fa7f95-08ce-4cb9-ba7f-3dff0e499d93@group-12047813E660-LeaderElection61] INFO  server.RaftServer$Division (ServerState.java:setRaftConf(393)) - b3fa7f95-08ce-4cb9-ba7f-3dff0e499d93@group-12047813E660: set configuration 0: [9caa7045-5a70-40e0-915a-de4f864b73cf|rpc:10.1.0.20:33007|dataStream:|priority:0, df88482a-df69-428f-8950-05b0a5ebb4b0|rpc:10.1.0.20:42229|dataStream:|priority:0, b3fa7f95-08ce-4cb9-ba7f-3dff0e499d93|rpc:10.1.0.20:44337|dataStream:|priority:1], old=null
2022-07-02 07:25:22,201 [9caa7045-5a70-40e0-915a-de4f864b73cf-server-thread1] INFO  ratis.XceiverServerRatis (XceiverServerRatis.java:handleLeaderChangedNotification(863)) - Leader change notification received for group: group-12047813E660 with new leaderId: b3fa7f95-08ce-4cb9-ba7f-3dff0e499d93
2022-07-02 07:25:22,201 [9caa7045-5a70-40e0-915a-de4f864b73cf-server-thread1] INFO  server.RaftServer$Division (ServerState.java:setLeader(287)) - 9caa7045-5a70-40e0-915a-de4f864b73cf@group-12047813E660: change Leader from null to b3fa7f95-08ce-4cb9-ba7f-3dff0e499d93 at term 1 for appendEntries, leader elected after 5812ms
2022-07-02 07:25:22,266 [df88482a-df69-428f-8950-05b0a5ebb4b0-server-thread1] INFO  ratis.XceiverServerRatis (XceiverServerRatis.java:handleLeaderChangedNotification(863)) - Leader change notification received for group: group-12047813E660 with new leaderId: b3fa7f95-08ce-4cb9-ba7f-3dff0e499d93
2022-07-02 07:25:22,268 [df88482a-df69-428f-8950-05b0a5ebb4b0-server-thread1] INFO  server.RaftServer$Division (ServerState.java:setLeader(287)) - df88482a-df69-428f-8950-05b0a5ebb4b0@group-12047813E660: change Leader from null to b3fa7f95-08ce-4cb9-ba7f-3dff0e499d93 at term 1 for appendEntries, leader elected after 5643ms
2022-07-02 07:25:22,277 [9caa7045-5a70-40e0-915a-de4f864b73cf@group-8E2393E40596-FollowerState] INFO  impl.FollowerState (FollowerState.java:run(143)) - 9caa7045-5a70-40e0-915a-de4f864b73cf@group-8E2393E40596-FollowerState: change to CANDIDATE, lastRpcElapsedTime:5093392891ns, electionTimeout:5076ms
2022-07-02 07:25:22,277 [9caa7045-5a70-40e0-915a-de4f864b73cf@group-8E2393E40596-FollowerState] INFO  impl.RoleInfo (RoleInfo.java:shutdownFollowerState(110)) - 9caa7045-5a70-40e0-915a-de4f864b73cf: shutdown 9caa7045-5a70-40e0-915a-de4f864b73cf@group-8E2393E40596-FollowerState
2022-07-02 07:25:22,277 [9caa7045-5a70-40e0-915a-de4f864b73cf@group-8E2393E40596-FollowerState] INFO  server.RaftServer$Division (RaftServerImpl.java:setRole(299)) - 9caa7045-5a70-40e0-915a-de4f864b73cf@group-8E2393E40596: changes role from  FOLLOWER to CANDIDATE at term 0 for changeToCandidate
2022-07-02 07:25:22,390 [9caa7045-5a70-40e0-915a-de4f864b73cf-server-thread1] INFO  server.RaftServer$Division (ServerState.java:setRaftConf(393)) - 9caa7045-5a70-40e0-915a-de4f864b73cf@group-12047813E660: set configuration 0: [9caa7045-5a70-40e0-915a-de4f864b73cf|rpc:10.1.0.20:33007|dataStream:|priority:0, df88482a-df69-428f-8950-05b0a5ebb4b0|rpc:10.1.0.20:42229|dataStream:|priority:0, b3fa7f95-08ce-4cb9-ba7f-3dff0e499d93|rpc:10.1.0.20:44337|dataStream:|priority:1], old=null
2022-07-02 07:25:22,390 [9caa7045-5a70-40e0-915a-de4f864b73cf-server-thread1] INFO  segmented.SegmentedRaftLogWorker (SegmentedRaftLogWorker.java:startLogSegment(425)) - 9caa7045-5a70-40e0-915a-de4f864b73cf@group-12047813E660-SegmentedRaftLogWorker: Starting segment from index:0
2022-07-02 07:25:22,394 [9caa7045-5a70-40e0-915a-de4f864b73cf@group-12047813E660-SegmentedRaftLogWorker] INFO  segmented.SegmentedRaftLogWorker (SegmentedRaftLogWorker.java:execute(629)) - 9caa7045-5a70-40e0-915a-de4f864b73cf@group-12047813E660-SegmentedRaftLogWorker: created new log segment /home/runner/work/ozone/ozone/hadoop-ozone/integration-test/target/test-dir/MiniOzoneClusterImpl-61754a76-b51f-4318-8597-8262e590efb7/datanode-1/data/ratis/e97cfca6-08f0-4a6f-8225-12047813e660/current/log_inprogress_0
2022-07-02 07:25:22,396 [Command processor thread] INFO  server.RaftServer (RaftServerProxy.java:addNew(96)) - 27197ae1-8142-4704-ad9d-7b85a0d84008: addNew group-B4833D54B916:[27197ae1-8142-4704-ad9d-7b85a0d84008|rpc:10.1.0.20:39541|priority:1] returns group-B4833D54B916:java.util.concurrent.CompletableFuture@1c02a0a4[Not completed]
2022-07-02 07:25:22,403 [pool-1200-thread-1] INFO  server.RaftServer$Division (RaftServerImpl.java:<init>(190)) - 27197ae1-8142-4704-ad9d-7b85a0d84008: new RaftServerImpl for group-B4833D54B916:[27197ae1-8142-4704-ad9d-7b85a0d84008|rpc:10.1.0.20:39541|priority:1] with ContainerStateMachine:uninitialized
2022-07-02 07:25:22,403 [pool-1200-thread-1] INFO  server.RaftServerConfigKeys (ConfUtils.java:logGet(46)) - raft.server.rpc.timeout.min = 5s (custom)
2022-07-02 07:25:22,403 [pool-1200-thread-1] INFO  server.RaftServerConfigKeys (ConfUtils.java:logGet(46)) - raft.server.rpc.timeout.max = 5200ms (custom)
2022-07-02 07:25:22,403 [pool-1200-thread-1] INFO  server.RaftServerConfigKeys (ConfUtils.java:logGet(46)) - raft.server.rpc.sleep.time = 25ms (default)
2022-07-02 07:25:22,403 [pool-1200-thread-1] INFO  server.RaftServerConfigKeys (ConfUtils.java:logGet(46)) - raft.server.rpc.slowness.timeout = 300s (custom)
2022-07-02 07:25:22,403 [pool-1200-thread-1] INFO  server.RaftServerConfigKeys (ConfUtils.java:logGet(46)) - raft.server.leaderelection.leader.step-down.wait-time = 10s (default)
2022-07-02 07:25:22,403 [pool-1200-thread-1] INFO  server.RaftServerConfigKeys (ConfUtils.java:logGet(46)) - raft.server.sleep.deviation.threshold = 300ms (default)
2022-07-02 07:25:22,403 [pool-1200-thread-1] INFO  server.RaftServer$Division (ServerState.java:<init>(107)) - 27197ae1-8142-4704-ad9d-7b85a0d84008@group-B4833D54B916: ConfigurationManager, init=-1: [27197ae1-8142-4704-ad9d-7b85a0d84008|rpc:10.1.0.20:39541|priority:1], old=null, confs=<EMPTY_MAP>
2022-07-02 07:25:22,403 [pool-1200-thread-1] INFO  server.RaftServerConfigKeys (ConfUtils.java:logGet(46)) - raft.server.storage.dir = [/home/runner/work/ozone/ozone/hadoop-ozone/integration-test/target/test-dir/MiniOzoneClusterImpl-61754a76-b51f-4318-8597-8262e590efb7/datanode-4/data/ratis] (custom)
2022-07-02 07:25:22,403 [pool-1200-thread-1] INFO  server.RaftServerConfigKeys (ConfUtils.java:logGet(46)) - raft.server.log.corruption.policy = EXCEPTION (default)
2022-07-02 07:25:22,403 [pool-1200-thread-1] INFO  server.RaftServerConfigKeys (ConfUtils.java:logGet(46)) - raft.server.storage.free-space.min = 0MB (=0) (default)
2022-07-02 07:25:22,403 [pool-1200-thread-1] INFO  storage.RaftStorageDirectory (RaftStorageDirectoryImpl.java:analyzeStorage(135)) - The storage directory /home/runner/work/ozone/ozone/hadoop-ozone/integration-test/target/test-dir/MiniOzoneClusterImpl-61754a76-b51f-4318-8597-8262e590efb7/datanode-4/data/ratis/88230449-8041-4ab7-bd84-b4833d54b916 does not exist. Creating ...
2022-07-02 07:25:22,412 [pool-1200-thread-1] INFO  storage.RaftStorageDirectory (RaftStorageDirectoryImpl.java:tryLock(230)) - Lock on /home/runner/work/ozone/ozone/hadoop-ozone/integration-test/target/test-dir/MiniOzoneClusterImpl-61754a76-b51f-4318-8597-8262e590efb7/datanode-4/data/ratis/88230449-8041-4ab7-bd84-b4833d54b916/in_use.lock acquired by nodename 16391@fv-az444-838
2022-07-02 07:25:22,428 [9caa7045-5a70-40e0-915a-de4f864b73cf@group-8E2393E40596-FollowerState] INFO  server.RaftServerConfigKeys (ConfUtils.java:logGet(46)) - raft.server.leaderelection.pre-vote = false (custom)
2022-07-02 07:25:22,428 [9caa7045-5a70-40e0-915a-de4f864b73cf@group-8E2393E40596-FollowerState] INFO  impl.RoleInfo (RoleInfo.java:updateAndGet(139)) - 9caa7045-5a70-40e0-915a-de4f864b73cf: start 9caa7045-5a70-40e0-915a-de4f864b73cf@group-8E2393E40596-LeaderElection62
2022-07-02 07:25:22,448 [pool-1200-thread-1] INFO  storage.RaftStorage (RaftStorageImpl.java:format(89)) - Storage directory /home/runner/work/ozone/ozone/hadoop-ozone/integration-test/target/test-dir/MiniOzoneClusterImpl-61754a76-b51f-4318-8597-8262e590efb7/datanode-4/data/ratis/88230449-8041-4ab7-bd84-b4833d54b916 has been successfully formatted.
2022-07-02 07:25:22,466 [df88482a-df69-428f-8950-05b0a5ebb4b0-server-thread1] INFO  server.RaftServer$Division (ServerState.java:setRaftConf(393)) - df88482a-df69-428f-8950-05b0a5ebb4b0@group-12047813E660: set configuration 0: [9caa7045-5a70-40e0-915a-de4f864b73cf|rpc:10.1.0.20:33007|dataStream:|priority:0, df88482a-df69-428f-8950-05b0a5ebb4b0|rpc:10.1.0.20:42229|dataStream:|priority:0, b3fa7f95-08ce-4cb9-ba7f-3dff0e499d93|rpc:10.1.0.20:44337|dataStream:|priority:1], old=null
2022-07-02 07:25:22,466 [df88482a-df69-428f-8950-05b0a5ebb4b0-server-thread1] INFO  segmented.SegmentedRaftLogWorker (SegmentedRaftLogWorker.java:startLogSegment(425)) - df88482a-df69-428f-8950-05b0a5ebb4b0@group-12047813E660-SegmentedRaftLogWorker: Starting segment from index:0
2022-07-02 07:25:22,466 [pool-1200-thread-1] INFO  ratis.ContainerStateMachine (ContainerStateMachine.java:loadSnapshot(236)) - group-B4833D54B916: The snapshot info is null. Setting the last applied indexto:(t:0, i:~)
2022-07-02 07:25:22,467 [pool-1200-thread-1] INFO  server.RaftServerConfigKeys (ConfUtils.java:logGet(46)) - raft.server.notification.no-leader.timeout = 300s (custom)
2022-07-02 07:25:22,467 [pool-1200-thread-1] INFO  server.RaftServerConfigKeys (ConfUtils.java:logGet(46)) - raft.server.log.use.memory = false (default)
2022-07-02 07:25:22,467 [pool-1200-thread-1] INFO  server.RaftServerConfigKeys (ConfUtils.java:logGet(46)) - raft.server.log.purge.gap = 1000000 (custom)
2022-07-02 07:25:22,467 [pool-1200-thread-1] INFO  server.RaftServerConfigKeys (ConfUtils.java:logGet(46)) - raft.server.log.appender.buffer.byte-limit = 33554432 (custom)
2022-07-02 07:25:22,467 [pool-1200-thread-1] INFO  server.RaftServerConfigKeys (ConfUtils.java:logGet(46)) - raft.server.log.statemachine.data.read.timeout = 1000ms (default)
2022-07-02 07:25:22,467 [pool-1200-thread-1] INFO  server.RaftServerConfigKeys (ConfUtils.java:logGet(46)) - raft.server.log.segment.size.max = 1048576 (custom)
2022-07-02 07:25:22,467 [df88482a-df69-428f-8950-05b0a5ebb4b0@group-12047813E660-SegmentedRaftLogWorker] INFO  segmented.SegmentedRaftLogWorker (SegmentedRaftLogWorker.java:execute(629)) - df88482a-df69-428f-8950-05b0a5ebb4b0@group-12047813E660-SegmentedRaftLogWorker: created new log segment /home/runner/work/ozone/ozone/hadoop-ozone/integration-test/target/test-dir/MiniOzoneClusterImpl-61754a76-b51f-4318-8597-8262e590efb7/datanode-0/data/ratis/e97cfca6-08f0-4a6f-8225-12047813e660/current/log_inprogress_0
2022-07-02 07:25:22,488 [9caa7045-5a70-40e0-915a-de4f864b73cf@group-8E2393E40596-LeaderElection62] INFO  impl.LeaderElection (LeaderElection.java:askForVotes(310)) - 9caa7045-5a70-40e0-915a-de4f864b73cf@group-8E2393E40596-LeaderElection62 ELECTION round 0: submit vote requests at term 1 for -1: [9caa7045-5a70-40e0-915a-de4f864b73cf|rpc:10.1.0.20:33007|priority:1, df88482a-df69-428f-8950-05b0a5ebb4b0|rpc:10.1.0.20:42229|priority:0, b3fa7f95-08ce-4cb9-ba7f-3dff0e499d93|rpc:10.1.0.20:44337|priority:0], old=null
2022-07-02 07:25:22,488 [EventQueue-PipelineReportForPipelineReportHandler] INFO  pipeline.PipelineManagerImpl (PipelineManagerImpl.java:openPipeline(358)) - Pipeline Pipeline[ Id: 88230449-8041-4ab7-bd84-b4833d54b916, Nodes: 27197ae1-8142-4704-ad9d-7b85a0d84008{ip: 10.1.0.20, host: fv-az444-838.dthhdds2jluu1c0oa55ndv1hsg.dx.internal.cloudapp.net, ports: [REPLICATION=38249, RATIS=39541, RATIS_ADMIN=39541, RATIS_SERVER=39541, STANDALONE=34797], networkLocation: /default-rack, certSerialId: null, persistedOpState: IN_SERVICE, persistedOpStateExpiryEpochSec: 0}, ReplicationConfig: RATIS/ONE, State:ALLOCATED, leaderId:27197ae1-8142-4704-ad9d-7b85a0d84008, CreationTimestamp2022-07-02T07:25:19.230Z[Etc/UTC]] moved to OPEN state
2022-07-02 07:25:22,492 [pool-1200-thread-1] INFO  server.RaftServerConfigKeys (ConfUtils.java:logGet(46)) - raft.server.log.segment.cache.num.max = 2 (custom)
2022-07-02 07:25:22,492 [pool-1200-thread-1] INFO  server.RaftServerConfigKeys (ConfUtils.java:logGet(46)) - raft.server.log.segment.cache.size.max = 200MB (=209715200) (default)
2022-07-02 07:25:22,493 [pool-1200-thread-1] INFO  segmented.SegmentedRaftLogWorker (SegmentedRaftLogWorker.java:<init>(187)) - new 27197ae1-8142-4704-ad9d-7b85a0d84008@group-B4833D54B916-SegmentedRaftLogWorker for RaftStorageImpl:Storage Directory /home/runner/work/ozone/ozone/hadoop-ozone/integration-test/target/test-dir/MiniOzoneClusterImpl-61754a76-b51f-4318-8597-8262e590efb7/datanode-4/data/ratis/88230449-8041-4ab7-bd84-b4833d54b916
2022-07-02 07:25:22,493 [pool-1200-thread-1] INFO  server.RaftServerConfigKeys (ConfUtils.java:logGet(46)) - raft.server.log.queue.byte-limit = 4294967296 (custom)
2022-07-02 07:25:22,493 [pool-1200-thread-1] INFO  server.RaftServerConfigKeys (ConfUtils.java:logGet(46)) - raft.server.log.queue.element-limit = 1024 (custom)
2022-07-02 07:25:22,493 [pool-1200-thread-1] INFO  server.RaftServerConfigKeys (ConfUtils.java:logGet(46)) - raft.server.log.segment.size.max = 1048576 (custom)
2022-07-02 07:25:22,493 [pool-1200-thread-1] INFO  server.RaftServerConfigKeys (ConfUtils.java:logGet(46)) - raft.server.log.preallocated.size = 16384 (custom)
2022-07-02 07:25:22,493 [pool-1200-thread-1] INFO  server.RaftServerConfigKeys (ConfUtils.java:logGet(46)) - raft.server.log.force.sync.num = 128 (default)
2022-07-02 07:25:22,493 [pool-1200-thread-1] INFO  server.RaftServerConfigKeys (ConfUtils.java:logGet(46)) - raft.server.log.statemachine.data.sync = true (default)
2022-07-02 07:25:22,493 [pool-1200-thread-1] INFO  server.RaftServerConfigKeys (ConfUtils.java:logGet(46)) - raft.server.log.statemachine.data.sync.timeout = 10s (default)
2022-07-02 07:25:22,493 [pool-1200-thread-1] INFO  server.RaftServerConfigKeys (ConfUtils.java:logGet(46)) - raft.server.log.statemachine.data.sync.timeout.retry = -1 (default)
2022-07-02 07:25:22,502 [pool-1200-thread-1] INFO  server.RaftServerConfigKeys (ConfUtils.java:logGet(46)) - raft.server.log.write.buffer.size = 1048576 (custom)
2022-07-02 07:25:22,502 [pool-1200-thread-1] INFO  server.RaftServerConfigKeys (ConfUtils.java:logGet(46)) - raft.server.log.unsafe-flush.enabled = false (default)
2022-07-02 07:25:22,502 [pool-1200-thread-1] INFO  server.RaftServerConfigKeys (ConfUtils.java:logGet(46)) - raft.server.log.statemachine.data.caching.enabled = true (custom)
2022-07-02 07:25:22,502 [pool-1200-thread-1] INFO  segmented.SegmentedRaftLogWorker (SegmentedRaftLogWorker.java:lambda$new$0(135)) - 27197ae1-8142-4704-ad9d-7b85a0d84008@group-B4833D54B916-SegmentedRaftLogWorker: flushIndex: setUnconditionally 0 -> -1
2022-07-02 07:25:22,502 [pool-1200-thread-1] INFO  segmented.SegmentedRaftLogWorker (SegmentedRaftLogWorker.java:lambda$new$0(135)) - 27197ae1-8142-4704-ad9d-7b85a0d84008@group-B4833D54B916-SegmentedRaftLogWorker: safeCacheEvictIndex: setUnconditionally 0 -> -1
2022-07-02 07:25:22,514 [pool-1200-thread-1] INFO  server.RaftServerConfigKeys (ConfUtils.java:logGet(46)) - raft.server.snapshot.auto.trigger.enabled = true (custom)
2022-07-02 07:25:22,514 [pool-1200-thread-1] INFO  server.RaftServerConfigKeys (ConfUtils.java:logGet(46)) - raft.server.snapshot.auto.trigger.threshold = 10000 (custom)
2022-07-02 07:25:22,515 [pool-1200-thread-1] INFO  server.RaftServerConfigKeys (ConfUtils.java:logGet(46)) - raft.server.snapshot.retention.file.num = 5 (custom)
2022-07-02 07:25:22,515 [pool-1200-thread-1] INFO  server.RaftServerConfigKeys (ConfUtils.java:logGet(46)) - raft.server.log.purge.upto.snapshot.index = false (default)
2022-07-02 07:25:22,518 [grpc-default-executor-0] INFO  server.RaftServer$Division (RaftServerImpl.java:requestVote(1152)) - df88482a-df69-428f-8950-05b0a5ebb4b0@group-8E2393E40596: receive requestVote(ELECTION, 9caa7045-5a70-40e0-915a-de4f864b73cf, group-8E2393E40596, 1, (t:0, i:0))
2022-07-02 07:25:22,518 [grpc-default-executor-0] INFO  impl.VoteContext (VoteContext.java:log(48)) - df88482a-df69-428f-8950-05b0a5ebb4b0@group-8E2393E40596-FOLLOWER: accept ELECTION from 9caa7045-5a70-40e0-915a-de4f864b73cf: our priority 0 <= candidate's priority 1
2022-07-02 07:25:22,518 [grpc-default-executor-0] INFO  server.RaftServer$Division (RaftServerImpl.java:setRole(299)) - df88482a-df69-428f-8950-05b0a5ebb4b0@group-8E2393E40596: changes role from  FOLLOWER to FOLLOWER at term 1 for candidate:9caa7045-5a70-40e0-915a-de4f864b73cf
2022-07-02 07:25:22,518 [grpc-default-executor-0] INFO  impl.RoleInfo (RoleInfo.java:shutdownFollowerState(110)) - df88482a-df69-428f-8950-05b0a5ebb4b0: shutdown df88482a-df69-428f-8950-05b0a5ebb4b0@group-8E2393E40596-FollowerState
2022-07-02 07:25:22,546 [grpc-default-executor-1] INFO  server.RaftServer$Division (RaftServerImpl.java:requestVote(1152)) - b3fa7f95-08ce-4cb9-ba7f-3dff0e499d93@group-8E2393E40596: receive requestVote(ELECTION, 9caa7045-5a70-40e0-915a-de4f864b73cf, group-8E2393E40596, 1, (t:0, i:0))
2022-07-02 07:25:22,546 [grpc-default-executor-1] INFO  impl.VoteContext (VoteContext.java:log(48)) - b3fa7f95-08ce-4cb9-ba7f-3dff0e499d93@group-8E2393E40596-FOLLOWER: accept ELECTION from 9caa7045-5a70-40e0-915a-de4f864b73cf: our priority 0 <= candidate's priority 1
2022-07-02 07:25:22,546 [grpc-default-executor-1] INFO  server.RaftServer$Division (RaftServerImpl.java:setRole(299)) - b3fa7f95-08ce-4cb9-ba7f-3dff0e499d93@group-8E2393E40596: changes role from  FOLLOWER to FOLLOWER at term 1 for candidate:9caa7045-5a70-40e0-915a-de4f864b73cf
2022-07-02 07:25:22,546 [grpc-default-executor-1] INFO  impl.RoleInfo (RoleInfo.java:shutdownFollowerState(110)) - b3fa7f95-08ce-4cb9-ba7f-3dff0e499d93: shutdown b3fa7f95-08ce-4cb9-ba7f-3dff0e499d93@group-8E2393E40596-FollowerState
2022-07-02 07:25:22,593 [df88482a-df69-428f-8950-05b0a5ebb4b0@group-8E2393E40596-FollowerState] INFO  impl.FollowerState (FollowerState.java:shouldRun(117)) - df88482a-df69-428f-8950-05b0a5ebb4b0@group-8E2393E40596-FollowerState: Stopping now (isRunning? false, role = FOLLOWER)
2022-07-02 07:25:22,625 [grpc-default-executor-1] INFO  impl.RoleInfo (RoleInfo.java:updateAndGet(139)) - b3fa7f95-08ce-4cb9-ba7f-3dff0e499d93: start b3fa7f95-08ce-4cb9-ba7f-3dff0e499d93@group-8E2393E40596-FollowerState
2022-07-02 07:25:22,625 [b3fa7f95-08ce-4cb9-ba7f-3dff0e499d93@group-8E2393E40596-FollowerState] INFO  impl.FollowerState (FollowerState.java:run(152)) - b3fa7f95-08ce-4cb9-ba7f-3dff0e499d93@group-8E2393E40596-FollowerState was interrupted
2022-07-02 07:25:22,632 [grpc-default-executor-0] INFO  impl.RoleInfo (RoleInfo.java:updateAndGet(139)) - df88482a-df69-428f-8950-05b0a5ebb4b0: start df88482a-df69-428f-8950-05b0a5ebb4b0@group-8E2393E40596-FollowerState
2022-07-02 07:25:22,633 [pool-1200-thread-1] INFO  server.RaftServerConfigKeys (ConfUtils.java:logGet(46)) - raft.server.retrycache.expirytime = 600000ms (custom)
2022-07-02 07:25:22,633 [pool-1200-thread-1] INFO  server.RaftServerConfigKeys (ConfUtils.java:logGet(46)) - raft.server.retrycache.statistics.expirytime = 100μs (default)
2022-07-02 07:25:22,634 [grpc-default-executor-0] INFO  server.RaftServer$Division (RaftServerImpl.java:requestVote(1184)) - df88482a-df69-428f-8950-05b0a5ebb4b0@group-8E2393E40596 replies to ELECTION vote request: 9caa7045-5a70-40e0-915a-de4f864b73cf<-df88482a-df69-428f-8950-05b0a5ebb4b0#0:OK-t1. Peer's state: df88482a-df69-428f-8950-05b0a5ebb4b0@group-8E2393E40596:t1, leader=null, voted=9caa7045-5a70-40e0-915a-de4f864b73cf, raftlog=df88482a-df69-428f-8950-05b0a5ebb4b0@group-8E2393E40596-SegmentedRaftLog:OPENED:c-1, conf=-1: [9caa7045-5a70-40e0-915a-de4f864b73cf|rpc:10.1.0.20:33007|dataStream:|priority:1, df88482a-df69-428f-8950-05b0a5ebb4b0|rpc:10.1.0.20:42229|dataStream:|priority:0, b3fa7f95-08ce-4cb9-ba7f-3dff0e499d93|rpc:10.1.0.20:44337|dataStream:|priority:0], old=null
2022-07-02 07:25:22,636 [pool-1200-thread-1] INFO  server.RaftServerConfigKeys (ConfUtils.java:logGet(46)) - raft.server.log.appender.install.snapshot.enabled = false (custom)
2022-07-02 07:25:22,636 [pool-1200-thread-1] INFO  server.RaftServerConfigKeys (ConfUtils.java:logGet(46)) - raft.server.threadpool.server.cached = true (default)
2022-07-02 07:25:22,636 [pool-1200-thread-1] INFO  server.RaftServerConfigKeys (ConfUtils.java:logGet(46)) - raft.server.threadpool.server.size = 0 (default)
2022-07-02 07:25:22,636 [pool-1200-thread-1] INFO  server.RaftServerConfigKeys (ConfUtils.java:logGet(46)) - raft.server.threadpool.client.cached = true (default)
2022-07-02 07:25:22,637 [pool-1200-thread-1] INFO  server.RaftServerConfigKeys (ConfUtils.java:logGet(46)) - raft.server.threadpool.client.size = 0 (default)
2022-07-02 07:25:22,637 [pool-1200-thread-1] INFO  server.RaftServer$Division (RaftServerImpl.java:start(310)) - 27197ae1-8142-4704-ad9d-7b85a0d84008@group-B4833D54B916: start as a follower, conf=-1: [27197ae1-8142-4704-ad9d-7b85a0d84008|rpc:10.1.0.20:39541|priority:1], old=null
2022-07-02 07:25:22,637 [pool-1200-thread-1] INFO  server.RaftServer$Division (RaftServerImpl.java:setRole(299)) - 27197ae1-8142-4704-ad9d-7b85a0d84008@group-B4833D54B916: changes role from      null to FOLLOWER at term 0 for startAsFollower
2022-07-02 07:25:22,637 [pool-1200-thread-1] INFO  impl.RoleInfo (RoleInfo.java:updateAndGet(139)) - 27197ae1-8142-4704-ad9d-7b85a0d84008: start 27197ae1-8142-4704-ad9d-7b85a0d84008@group-B4833D54B916-FollowerState
2022-07-02 07:25:22,633 [grpc-default-executor-1] INFO  server.RaftServer$Division (RaftServerImpl.java:requestVote(1184)) - b3fa7f95-08ce-4cb9-ba7f-3dff0e499d93@group-8E2393E40596 replies to ELECTION vote request: 9caa7045-5a70-40e0-915a-de4f864b73cf<-b3fa7f95-08ce-4cb9-ba7f-3dff0e499d93#0:OK-t1. Peer's state: b3fa7f95-08ce-4cb9-ba7f-3dff0e499d93@group-8E2393E40596:t1, leader=null, voted=9caa7045-5a70-40e0-915a-de4f864b73cf, raftlog=b3fa7f95-08ce-4cb9-ba7f-3dff0e499d93@group-8E2393E40596-SegmentedRaftLog:OPENED:c-1, conf=-1: [9caa7045-5a70-40e0-915a-de4f864b73cf|rpc:10.1.0.20:33007|dataStream:|priority:1, df88482a-df69-428f-8950-05b0a5ebb4b0|rpc:10.1.0.20:42229|dataStream:|priority:0, b3fa7f95-08ce-4cb9-ba7f-3dff0e499d93|rpc:10.1.0.20:44337|dataStream:|priority:0], old=null
2022-07-02 07:25:22,636 [9caa7045-5a70-40e0-915a-de4f864b73cf@group-8E2393E40596-LeaderElection62] INFO  impl.LeaderElection (LeaderElection.java:logAndReturn(90)) - 9caa7045-5a70-40e0-915a-de4f864b73cf@group-8E2393E40596-LeaderElection62: ELECTION PASSED received 1 response(s) and 0 exception(s):
2022-07-02 07:25:22,637 [9caa7045-5a70-40e0-915a-de4f864b73cf@group-8E2393E40596-LeaderElection62] INFO  impl.LeaderElection (LeaderElection.java:logAndReturn(94)) -   Response 0: 9caa7045-5a70-40e0-915a-de4f864b73cf<-df88482a-df69-428f-8950-05b0a5ebb4b0#0:OK-t1
2022-07-02 07:25:22,645 [pool-1200-thread-1] INFO  util.JmxRegister (JmxRegister.java:tryRegister(44)) - Successfully registered JMX Bean with object name Ratis:service=RaftServer,group=group-B4833D54B916,id=27197ae1-8142-4704-ad9d-7b85a0d84008
2022-07-02 07:25:22,713 [Command processor thread] INFO  ratis.XceiverServerRatis (XceiverServerRatis.java:addGroup(765)) - Created group PipelineID=88230449-8041-4ab7-bd84-b4833d54b916
2022-07-02 07:25:22,713 [Command processor thread] INFO  commandhandler.CreatePipelineCommandHandler (CreatePipelineCommandHandler.java:handle(113)) - Created Pipeline RATIS ONE PipelineID=88230449-8041-4ab7-bd84-b4833d54b916.
2022-07-02 07:25:22,749 [9caa7045-5a70-40e0-915a-de4f864b73cf@group-8E2393E40596-LeaderElection62] INFO  impl.LeaderElection (LeaderElection.java:askForVotes(312)) - 9caa7045-5a70-40e0-915a-de4f864b73cf@group-8E2393E40596-LeaderElection62 ELECTION round 0: result PASSED
2022-07-02 07:25:22,749 [9caa7045-5a70-40e0-915a-de4f864b73cf@group-8E2393E40596-LeaderElection62] INFO  impl.RoleInfo (RoleInfo.java:shutdownLeaderElection(130)) - 9caa7045-5a70-40e0-915a-de4f864b73cf: shutdown 9caa7045-5a70-40e0-915a-de4f864b73cf@group-8E2393E40596-LeaderElection62
2022-07-02 07:25:22,749 [9caa7045-5a70-40e0-915a-de4f864b73cf@group-8E2393E40596-LeaderElection62] INFO  server.RaftServer$Division (RaftServerImpl.java:setRole(299)) - 9caa7045-5a70-40e0-915a-de4f864b73cf@group-8E2393E40596: changes role from CANDIDATE to LEADER at term 1 for changeToLeader
2022-07-02 07:25:22,749 [9caa7045-5a70-40e0-915a-de4f864b73cf@group-8E2393E40596-LeaderElection62] INFO  ratis.XceiverServerRatis (XceiverServerRatis.java:handleLeaderChangedNotification(863)) - Leader change notification received for group: group-8E2393E40596 with new leaderId: 9caa7045-5a70-40e0-915a-de4f864b73cf
2022-07-02 07:25:22,749 [9caa7045-5a70-40e0-915a-de4f864b73cf@group-8E2393E40596-LeaderElection62] INFO  server.RaftServer$Division (ServerState.java:setLeader(287)) - 9caa7045-5a70-40e0-915a-de4f864b73cf@group-8E2393E40596: change Leader from null to 9caa7045-5a70-40e0-915a-de4f864b73cf at term 1 for becomeLeader, leader elected after 5627ms
2022-07-02 07:25:22,749 [9caa7045-5a70-40e0-915a-de4f864b73cf@group-8E2393E40596-LeaderElection62] INFO  server.RaftServerConfigKeys (ConfUtils.java:logGet(46)) - raft.server.staging.catchup.gap = 1000 (default)
2022-07-02 07:25:22,749 [9caa7045-5a70-40e0-915a-de4f864b73cf@group-8E2393E40596-LeaderElection62] INFO  server.RaftServerConfigKeys (ConfUtils.java:logGet(46)) - raft.server.write.element-limit = 1024 (custom)
2022-07-02 07:25:22,749 [9caa7045-5a70-40e0-915a-de4f864b73cf@group-8E2393E40596-LeaderElection62] INFO  server.RaftServerConfigKeys (ConfUtils.java:logGet(46)) - raft.server.write.byte-limit = 1024 M (=1073741824) (custom)
2022-07-02 07:25:22,750 [9caa7045-5a70-40e0-915a-de4f864b73cf@group-8E2393E40596-LeaderElection62] INFO  server.RaftServerConfigKeys (ConfUtils.java:logGet(46)) - raft.server.watch.timeout = 180s (custom)
2022-07-02 07:25:22,750 [9caa7045-5a70-40e0-915a-de4f864b73cf@group-8E2393E40596-LeaderElection62] INFO  server.RaftServerConfigKeys (ConfUtils.java:logGet(46)) - raft.server.watch.timeout.denomination = 1s (default)
2022-07-02 07:25:22,750 [9caa7045-5a70-40e0-915a-de4f864b73cf@group-8E2393E40596-LeaderElection62] INFO  server.RaftServerConfigKeys (ConfUtils.java:logGet(46)) - raft.server.watch.element-limit = 65536 (default)
2022-07-02 07:25:22,750 [9caa7045-5a70-40e0-915a-de4f864b73cf@group-8E2393E40596-LeaderElection62] INFO  server.RaftServerConfigKeys (ConfUtils.java:logGet(46)) - raft.server.write.element-limit = 1024 (custom)
2022-07-02 07:25:22,750 [9caa7045-5a70-40e0-915a-de4f864b73cf@group-8E2393E40596-LeaderElection62] INFO  server.RaftServerConfigKeys (ConfUtils.java:logGet(46)) - raft.server.write.follower.gap.ratio.max = -1.0 (default)
2022-07-02 07:25:22,751 [9caa7045-5a70-40e0-915a-de4f864b73cf@group-8E2393E40596-LeaderElection62] INFO  server.RaftServerConfigKeys (ConfUtils.java:logGet(46)) - raft.server.log.appender.snapshot.chunk.size.max = 16MB (=16777216) (default)
2022-07-02 07:25:22,751 [9caa7045-5a70-40e0-915a-de4f864b73cf@group-8E2393E40596-LeaderElection62] INFO  server.RaftServerConfigKeys (ConfUtils.java:logGet(46)) - raft.server.log.appender.buffer.byte-limit = 33554432 (custom)
2022-07-02 07:25:22,751 [9caa7045-5a70-40e0-915a-de4f864b73cf@group-8E2393E40596-LeaderElection62] INFO  server.RaftServerConfigKeys (ConfUtils.java:logGet(46)) - raft.server.log.appender.buffer.element-limit = 1 (custom)
2022-07-02 07:25:22,751 [9caa7045-5a70-40e0-915a-de4f864b73cf@group-8E2393E40596-LeaderElection62] INFO  grpc.GrpcConfigKeys (ConfUtils.java:logGet(46)) - raft.grpc.server.leader.outstanding.appends.max = 128 (default)
2022-07-02 07:25:22,752 [9caa7045-5a70-40e0-915a-de4f864b73cf@group-8E2393E40596-LeaderElection62] INFO  server.RaftServerConfigKeys (ConfUtils.java:logGet(46)) - raft.server.rpc.request.timeout = 60s (custom)
2022-07-02 07:25:22,752 [9caa7045-5a70-40e0-915a-de4f864b73cf@group-8E2393E40596-LeaderElection62] INFO  server.RaftServerConfigKeys (ConfUtils.java:logGet(46)) - raft.server.log.appender.install.snapshot.enabled = false (custom)
2022-07-02 07:25:22,761 [Time-limited test] INFO  rpc.RpcClient (RpcClient.java:createVolume(466)) - Creating Volume: volume81398, with user42325 as owner and space quota set to -1 bytes, counts quota set to -1
2022-07-02 07:25:22,770 [IPC Server handler 3 on default port 43657] INFO  volume.OMVolumeCreateRequest (OMVolumeCreateRequest.java:validateAndUpdateCache(195)) - created volume:volume81398 for user:user42325
2022-07-02 07:25:22,787 [9caa7045-5a70-40e0-915a-de4f864b73cf@group-8E2393E40596-LeaderElection62] INFO  server.RaftServerConfigKeys (ConfUtils.java:logGet(46)) - raft.server.log.appender.snapshot.chunk.size.max = 16MB (=16777216) (default)
2022-07-02 07:25:22,787 [9caa7045-5a70-40e0-915a-de4f864b73cf@group-8E2393E40596-LeaderElection62] INFO  server.RaftServerConfigKeys (ConfUtils.java:logGet(46)) - raft.server.log.appender.buffer.byte-limit = 33554432 (custom)
2022-07-02 07:25:22,787 [9caa7045-5a70-40e0-915a-de4f864b73cf@group-8E2393E40596-LeaderElection62] INFO  server.RaftServerConfigKeys (ConfUtils.java:logGet(46)) - raft.server.log.appender.buffer.element-limit = 1 (custom)
2022-07-02 07:25:22,787 [9caa7045-5a70-40e0-915a-de4f864b73cf@group-8E2393E40596-LeaderElection62] INFO  grpc.GrpcConfigKeys (ConfUtils.java:logGet(46)) - raft.grpc.server.leader.outstanding.appends.max = 128 (default)
2022-07-02 07:25:22,788 [9caa7045-5a70-40e0-915a-de4f864b73cf@group-8E2393E40596-LeaderElection62] INFO  server.RaftServerConfigKeys (ConfUtils.java:logGet(46)) - raft.server.rpc.request.timeout = 60s (custom)
2022-07-02 07:25:22,788 [9caa7045-5a70-40e0-915a-de4f864b73cf@group-8E2393E40596-LeaderElection62] INFO  server.RaftServerConfigKeys (ConfUtils.java:logGet(46)) - raft.server.log.appender.install.snapshot.enabled = false (custom)
2022-07-02 07:25:22,788 [9caa7045-5a70-40e0-915a-de4f864b73cf@group-8E2393E40596-LeaderElection62] INFO  impl.RoleInfo (RoleInfo.java:updateAndGet(139)) - 9caa7045-5a70-40e0-915a-de4f864b73cf: start 9caa7045-5a70-40e0-915a-de4f864b73cf@group-8E2393E40596-LeaderStateImpl
2022-07-02 07:25:22,788 [EventQueue-PipelineReportForPipelineReportHandler] INFO  pipeline.PipelineManagerImpl (PipelineManagerImpl.java:openPipeline(358)) - Pipeline Pipeline[ Id: fd376a5b-ef2d-4cdc-a791-8e2393e40596, Nodes: df88482a-df69-428f-8950-05b0a5ebb4b0{ip: 10.1.0.20, host: fv-az444-838.dthhdds2jluu1c0oa55ndv1hsg.dx.internal.cloudapp.net, ports: [REPLICATION=38619, RATIS=42229, RATIS_ADMIN=42229, RATIS_SERVER=42229, STANDALONE=35291], networkLocation: /default-rack, certSerialId: null, persistedOpState: IN_SERVICE, persistedOpStateExpiryEpochSec: 0}9caa7045-5a70-40e0-915a-de4f864b73cf{ip: 10.1.0.20, host: fv-az444-838.dthhdds2jluu1c0oa55ndv1hsg.dx.internal.cloudapp.net, ports: [REPLICATION=41983, RATIS=33007, RATIS_ADMIN=33007, RATIS_SERVER=33007, STANDALONE=40345], networkLocation: /default-rack, certSerialId: null, persistedOpState: IN_SERVICE, persistedOpStateExpiryEpochSec: 0}b3fa7f95-08ce-4cb9-ba7f-3dff0e499d93{ip: 10.1.0.20, host: fv-az444-838.dthhdds2jluu1c0oa55ndv1hsg.dx.internal.cloudapp.net, ports: [REPLICATION=33395, RATIS=44337, RATIS_ADMIN=44337, RATIS_SERVER=44337, STANDALONE=46731], networkLocation: /default-rack, certSerialId: null, persistedOpState: IN_SERVICE, persistedOpStateExpiryEpochSec: 0}, ReplicationConfig: RATIS/THREE, State:ALLOCATED, leaderId:9caa7045-5a70-40e0-915a-de4f864b73cf, CreationTimestamp2022-07-02T07:25:15.199Z[Etc/UTC]] moved to OPEN state
2022-07-02 07:25:22,789 [9caa7045-5a70-40e0-915a-de4f864b73cf@group-8E2393E40596-LeaderElection62] INFO  segmented.SegmentedRaftLogWorker (SegmentedRaftLogWorker.java:startLogSegment(425)) - 9caa7045-5a70-40e0-915a-de4f864b73cf@group-8E2393E40596-SegmentedRaftLogWorker: Starting segment from index:0
2022-07-02 07:25:22,790 [9caa7045-5a70-40e0-915a-de4f864b73cf@group-8E2393E40596-SegmentedRaftLogWorker] INFO  segmented.SegmentedRaftLogWorker (SegmentedRaftLogWorker.java:execute(629)) - 9caa7045-5a70-40e0-915a-de4f864b73cf@group-8E2393E40596-SegmentedRaftLogWorker: created new log segment /home/runner/work/ozone/ozone/hadoop-ozone/integration-test/target/test-dir/MiniOzoneClusterImpl-61754a76-b51f-4318-8597-8262e590efb7/datanode-1/data/ratis/fd376a5b-ef2d-4cdc-a791-8e2393e40596/current/log_inprogress_0
2022-07-02 07:25:22,907 [9caa7045-5a70-40e0-915a-de4f864b73cf@group-8E2393E40596-LeaderElection62] INFO  server.RaftServer$Division (ServerState.java:setRaftConf(393)) - 9caa7045-5a70-40e0-915a-de4f864b73cf@group-8E2393E40596: set configuration 0: [9caa7045-5a70-40e0-915a-de4f864b73cf|rpc:10.1.0.20:33007|dataStream:|priority:1, df88482a-df69-428f-8950-05b0a5ebb4b0|rpc:10.1.0.20:42229|dataStream:|priority:0, b3fa7f95-08ce-4cb9-ba7f-3dff0e499d93|rpc:10.1.0.20:44337|dataStream:|priority:0], old=null
2022-07-02 07:25:22,907 [b3fa7f95-08ce-4cb9-ba7f-3dff0e499d93-server-thread1] INFO  ratis.XceiverServerRatis (XceiverServerRatis.java:handleLeaderChangedNotification(863)) - Leader change notification received for group: group-8E2393E40596 with new leaderId: 9caa7045-5a70-40e0-915a-de4f864b73cf
2022-07-02 07:25:22,907 [b3fa7f95-08ce-4cb9-ba7f-3dff0e499d93-server-thread1] INFO  server.RaftServer$Division (ServerState.java:setLeader(287)) - b3fa7f95-08ce-4cb9-ba7f-3dff0e499d93@group-8E2393E40596: change Leader from null to 9caa7045-5a70-40e0-915a-de4f864b73cf at term 1 for appendEntries, leader elected after 5086ms
2022-07-02 07:25:22,968 [Time-limited test] INFO  rpc.RpcClient (RpcClient.java:createBucket(669)) - Creating Bucket: volume81398/bucket84365, with bucket layout LEGACY, runner as owner, Versioning false, Storage Type set to DISK and Encryption set to false 
2022-07-02 07:25:22,970 [IPC Server handler 5 on default port 43657] INFO  bucket.OMBucketCreateRequest (OMBucketCreateRequest.java:validateAndUpdateCache(260)) - created bucket: bucket84365 of layout LEGACY in volume: volume81398
2022-07-02 07:25:23,061 [IPC Server handler 16 on default port 38501] INFO  ha.SequenceIdGenerator (SequenceIdGenerator.java:getNextId(127)) - Allocate a batch for containerId, change lastId from 0 to 1000.
2022-07-02 07:25:23,061 [IPC Server handler 16 on default port 38501] WARN  ha.SequenceIdGenerator (SequenceIdGenerator.java:allocateBatch(235)) - Failed to allocate a batch for localId, expected lastId is 0, actual lastId is 109611004723200000.
2022-07-02 07:25:23,062 [IPC Server handler 16 on default port 38501] INFO  ha.SequenceIdGenerator (SequenceIdGenerator.java:getNextId(127)) - Allocate a batch for localId, change lastId from 109611004723200000 to 109611004723201000.
2022-07-02 07:25:23,081 [df88482a-df69-428f-8950-05b0a5ebb4b0-server-thread1] INFO  ratis.XceiverServerRatis (XceiverServerRatis.java:handleLeaderChangedNotification(863)) - Leader change notification received for group: group-8E2393E40596 with new leaderId: 9caa7045-5a70-40e0-915a-de4f864b73cf
2022-07-02 07:25:23,081 [b3fa7f95-08ce-4cb9-ba7f-3dff0e499d93-server-thread1] INFO  server.RaftServer$Division (ServerState.java:setRaftConf(393)) - b3fa7f95-08ce-4cb9-ba7f-3dff0e499d93@group-8E2393E40596: set configuration 0: [9caa7045-5a70-40e0-915a-de4f864b73cf|rpc:10.1.0.20:33007|dataStream:|priority:1, df88482a-df69-428f-8950-05b0a5ebb4b0|rpc:10.1.0.20:42229|dataStream:|priority:0, b3fa7f95-08ce-4cb9-ba7f-3dff0e499d93|rpc:10.1.0.20:44337|dataStream:|priority:0], old=null
2022-07-02 07:25:23,081 [df88482a-df69-428f-8950-05b0a5ebb4b0-server-thread1] INFO  server.RaftServer$Division (ServerState.java:setLeader(287)) - df88482a-df69-428f-8950-05b0a5ebb4b0@group-8E2393E40596: change Leader from null to 9caa7045-5a70-40e0-915a-de4f864b73cf at term 1 for appendEntries, leader elected after 5750ms
2022-07-02 07:25:23,082 [b3fa7f95-08ce-4cb9-ba7f-3dff0e499d93-server-thread1] INFO  segmented.SegmentedRaftLogWorker (SegmentedRaftLogWorker.java:startLogSegment(425)) - b3fa7f95-08ce-4cb9-ba7f-3dff0e499d93@group-8E2393E40596-SegmentedRaftLogWorker: Starting segment from index:0
2022-07-02 07:25:23,091 [df88482a-df69-428f-8950-05b0a5ebb4b0-server-thread1] INFO  server.RaftServer$Division (ServerState.java:setRaftConf(393)) - df88482a-df69-428f-8950-05b0a5ebb4b0@group-8E2393E40596: set configuration 0: [9caa7045-5a70-40e0-915a-de4f864b73cf|rpc:10.1.0.20:33007|dataStream:|priority:1, df88482a-df69-428f-8950-05b0a5ebb4b0|rpc:10.1.0.20:42229|dataStream:|priority:0, b3fa7f95-08ce-4cb9-ba7f-3dff0e499d93|rpc:10.1.0.20:44337|dataStream:|priority:0], old=null
2022-07-02 07:25:23,091 [df88482a-df69-428f-8950-05b0a5ebb4b0-server-thread1] INFO  segmented.SegmentedRaftLogWorker (SegmentedRaftLogWorker.java:startLogSegment(425)) - df88482a-df69-428f-8950-05b0a5ebb4b0@group-8E2393E40596-SegmentedRaftLogWorker: Starting segment from index:0
2022-07-02 07:25:23,093 [df88482a-df69-428f-8950-05b0a5ebb4b0@group-8E2393E40596-SegmentedRaftLogWorker] INFO  segmented.SegmentedRaftLogWorker (SegmentedRaftLogWorker.java:execute(629)) - df88482a-df69-428f-8950-05b0a5ebb4b0@group-8E2393E40596-SegmentedRaftLogWorker: created new log segment /home/runner/work/ozone/ozone/hadoop-ozone/integration-test/target/test-dir/MiniOzoneClusterImpl-61754a76-b51f-4318-8597-8262e590efb7/datanode-0/data/ratis/fd376a5b-ef2d-4cdc-a791-8e2393e40596/current/log_inprogress_0
2022-07-02 07:25:23,125 [b3fa7f95-08ce-4cb9-ba7f-3dff0e499d93@group-8E2393E40596-SegmentedRaftLogWorker] INFO  segmented.SegmentedRaftLogWorker (SegmentedRaftLogWorker.java:execute(629)) - b3fa7f95-08ce-4cb9-ba7f-3dff0e499d93@group-8E2393E40596-SegmentedRaftLogWorker: created new log segment /home/runner/work/ozone/ozone/hadoop-ozone/integration-test/target/test-dir/MiniOzoneClusterImpl-61754a76-b51f-4318-8597-8262e590efb7/datanode-2/data/ratis/fd376a5b-ef2d-4cdc-a791-8e2393e40596/current/log_inprogress_0
07:25:23.233 [IPC Server handler 4 on default port 43657] ERROR OMAudit - user=runner | ip=127.0.0.1 | op=GET_FILE_STATUS {volume=volume81398, bucket=bucket84365, key=dir553/file1, dataSize=0, replicationConfig=null} | ret=FAILURE
org.apache.hadoop.ozone.om.exceptions.OMException: Unable to get file status: volume: volume81398 bucket: bucket84365 key: dir553/file1
	at org.apache.hadoop.ozone.om.KeyManagerImpl.getOzoneFileStatus(KeyManagerImpl.java:1311) ~[ozone-manager-1.3.0-SNAPSHOT.jar:?]
	at org.apache.hadoop.ozone.om.KeyManagerImpl.getFileStatus(KeyManagerImpl.java:1241) ~[ozone-manager-1.3.0-SNAPSHOT.jar:?]
	at org.apache.hadoop.ozone.om.OzoneManager.getFileStatus(OzoneManager.java:3419) ~[ozone-manager-1.3.0-SNAPSHOT.jar:?]
	at org.apache.hadoop.ozone.protocolPB.OzoneManagerRequestHandler.getOzoneFileStatus(OzoneManagerRequestHandler.java:871) ~[ozone-manager-1.3.0-SNAPSHOT.jar:?]
	at org.apache.hadoop.ozone.protocolPB.OzoneManagerRequestHandler.handleReadRequest(OzoneManagerRequestHandler.java:217) ~[ozone-manager-1.3.0-SNAPSHOT.jar:?]
	at org.apache.hadoop.ozone.protocolPB.OzoneManagerProtocolServerSideTranslatorPB.submitRequestDirectlyToOM(OzoneManagerProtocolServerSideTranslatorPB.java:276) ~[ozone-manager-1.3.0-SNAPSHOT.jar:?]
	at org.apache.hadoop.ozone.protocolPB.OzoneManagerProtocolServerSideTranslatorPB.processRequest(OzoneManagerProtocolServerSideTranslatorPB.java:205) ~[ozone-manager-1.3.0-SNAPSHOT.jar:?]
	at org.apache.hadoop.hdds.server.OzoneProtocolMessageDispatcher.processRequest(OzoneProtocolMessageDispatcher.java:87) [hdds-server-framework-1.3.0-SNAPSHOT.jar:?]
	at org.apache.hadoop.ozone.protocolPB.OzoneManagerProtocolServerSideTranslatorPB.submitRequest(OzoneManagerProtocolServerSideTranslatorPB.java:147) [ozone-manager-1.3.0-SNAPSHOT.jar:?]
	at org.apache.hadoop.ozone.protocol.proto.OzoneManagerProtocolProtos$OzoneManagerService$2.callBlockingMethod(OzoneManagerProtocolProtos.java) [ozone-interface-client-1.3.0-SNAPSHOT.jar:?]
	at org.apache.hadoop.ipc.ProtobufRpcEngine$Server.processCall(ProtobufRpcEngine.java:466) [hadoop-common-3.3.1.jar:?]
	at org.apache.hadoop.ipc.ProtobufRpcEngine2$Server$ProtoBufRpcInvoker.call(ProtobufRpcEngine2.java:574) [hadoop-common-3.3.1.jar:?]
	at org.apache.hadoop.ipc.ProtobufRpcEngine2$Server$ProtoBufRpcInvoker.call(ProtobufRpcEngine2.java:552) [hadoop-common-3.3.1.jar:?]
	at org.apache.hadoop.ipc.RPC$Server.call(RPC.java:1093) [hadoop-common-3.3.1.jar:?]
	at org.apache.hadoop.ipc.Server$RpcCall.run(Server.java:1035) [hadoop-common-3.3.1.jar:?]
	at org.apache.hadoop.ipc.Server$RpcCall.run(Server.java:963) [hadoop-common-3.3.1.jar:?]
	at java.security.AccessController.doPrivileged(Native Method) ~[?:1.8.0_332]
	at javax.security.auth.Subject.doAs(Subject.java:422) [?:1.8.0_332]
	at org.apache.hadoop.security.UserGroupInformation.doAs(UserGroupInformation.java:1878) [hadoop-common-3.3.1.jar:?]
	at org.apache.hadoop.ipc.Server$Handler.run(Server.java:2966) [hadoop-common-3.3.1.jar:?]
]]></system-out>
  </testcase>
  <testcase name="testListStatusRootAndVolumeRecursive" classname="TestRootedOzoneFileSystem" time="1.441">
    <system-out><![CDATA[2022-07-02 07:19:57,422 [Time-limited test] INFO  rpc.RpcClient (RpcClient.java:createVolume(466)) - Creating Volume: volume93470, with user62701 as owner and space quota set to -1 bytes, counts quota set to -1
2022-07-02 07:19:57,426 [OM StateMachine ApplyTransaction Thread - 0] INFO  volume.OMVolumeCreateRequest (OMVolumeCreateRequest.java:validateAndUpdateCache(195)) - created volume:volume93470 for user:user62701
2022-07-02 07:19:57,430 [Time-limited test] INFO  rpc.RpcClient (RpcClient.java:createBucket(669)) - Creating Bucket: volume93470/bucket33060, with bucket layout LEGACY, runner as owner, Versioning false, Storage Type set to DISK and Encryption set to false 
2022-07-02 07:19:57,437 [OM StateMachine ApplyTransaction Thread - 0] INFO  bucket.OMBucketCreateRequest (OMBucketCreateRequest.java:validateAndUpdateCache(260)) - created bucket: bucket33060 of layout LEGACY in volume: volume93470
2022-07-02 07:19:57,452 [Time-limited test] INFO  rpc.RpcClient (RpcClient.java:createVolume(466)) - Creating Volume: volume-06716, with runner as owner and space quota set to -1 bytes, counts quota set to -1
2022-07-02 07:19:57,455 [OM StateMachine ApplyTransaction Thread - 0] INFO  volume.OMVolumeCreateRequest (OMVolumeCreateRequest.java:validateAndUpdateCache(195)) - created volume:volume-06716 for user:runner
2022-07-02 07:19:57,457 [Time-limited test] INFO  rpc.RpcClient (RpcClient.java:createBucket(669)) - Creating Bucket: volume-06716/bucket-70155, with bucket layout LEGACY, runner as owner, Versioning false, Storage Type set to DISK and Encryption set to false 
2022-07-02 07:19:57,461 [OM StateMachine ApplyTransaction Thread - 0] INFO  bucket.OMBucketCreateRequest (OMBucketCreateRequest.java:validateAndUpdateCache(260)) - created bucket: bucket-70155 of layout LEGACY in volume: volume-06716
2022-07-02 07:19:57,525 [Time-limited test] INFO  impl.MetricsSystemImpl (MetricsSystemImpl.java:init(158)) - XceiverClientMetrics metrics system started (again)
2022-07-02 07:19:58,097 [Time-limited test] INFO  rpc.RpcClient (RpcClient.java:createVolume(466)) - Creating Volume: volume-76296, with runner as owner and space quota set to -1 bytes, counts quota set to -1
2022-07-02 07:19:58,100 [OM StateMachine ApplyTransaction Thread - 0] INFO  volume.OMVolumeCreateRequest (OMVolumeCreateRequest.java:validateAndUpdateCache(195)) - created volume:volume-76296 for user:runner
2022-07-02 07:19:58,102 [Time-limited test] INFO  rpc.RpcClient (RpcClient.java:createBucket(669)) - Creating Bucket: volume-76296/bucket-03252, with bucket layout LEGACY, runner as owner, Versioning false, Storage Type set to DISK and Encryption set to false 
2022-07-02 07:19:58,105 [OM StateMachine ApplyTransaction Thread - 0] INFO  bucket.OMBucketCreateRequest (OMBucketCreateRequest.java:validateAndUpdateCache(260)) - created bucket: bucket-03252 of layout LEGACY in volume: volume-76296
]]></system-out>
  </testcase>
  <testcase name="testListStatusRootAndVolumeRecursive" classname="TestRootedOzoneFileSystem" time="1.032">
    <system-out><![CDATA[2022-07-02 07:21:09,029 [Time-limited test] INFO  rpc.RpcClient (RpcClient.java:createVolume(466)) - Creating Volume: volume90547, with user23851 as owner and space quota set to -1 bytes, counts quota set to -1
2022-07-02 07:21:09,031 [OM StateMachine ApplyTransaction Thread - 0] INFO  volume.OMVolumeCreateRequest (OMVolumeCreateRequest.java:validateAndUpdateCache(195)) - created volume:volume90547 for user:user23851
2022-07-02 07:21:09,032 [Time-limited test] INFO  rpc.RpcClient (RpcClient.java:createBucket(669)) - Creating Bucket: volume90547/bucket98131, with bucket layout LEGACY, runner as owner, Versioning false, Storage Type set to DISK and Encryption set to false 
2022-07-02 07:21:09,034 [OM StateMachine ApplyTransaction Thread - 0] INFO  bucket.OMBucketCreateRequest (OMBucketCreateRequest.java:validateAndUpdateCache(260)) - created bucket: bucket98131 of layout LEGACY in volume: volume90547
07:21:09.041 [IPC Server handler 13 on default port 42659] ERROR OMAudit - user=runner | ip=127.0.0.1 | op=READ_BUCKET {volume=volume-47654, bucket=bucket-65941} | ret=FAILURE
org.apache.hadoop.ozone.om.exceptions.OMException: Volume not found when getting bucket info
	at org.apache.hadoop.ozone.om.BucketManagerImpl.getBucketInfo(BucketManagerImpl.java:127) ~[ozone-manager-1.3.0-SNAPSHOT.jar:?]
	at org.apache.hadoop.ozone.om.OzoneManager.getBucketInfo(OzoneManager.java:2778) ~[ozone-manager-1.3.0-SNAPSHOT.jar:?]
	at org.apache.hadoop.ozone.protocolPB.OzoneManagerRequestHandler.infoBucket(OzoneManagerRequestHandler.java:464) ~[ozone-manager-1.3.0-SNAPSHOT.jar:?]
	at org.apache.hadoop.ozone.protocolPB.OzoneManagerRequestHandler.handleReadRequest(OzoneManagerRequestHandler.java:172) ~[ozone-manager-1.3.0-SNAPSHOT.jar:?]
	at org.apache.hadoop.ozone.protocolPB.OzoneManagerProtocolServerSideTranslatorPB.submitReadRequestToOM(OzoneManagerProtocolServerSideTranslatorPB.java:226) ~[ozone-manager-1.3.0-SNAPSHOT.jar:?]
	at org.apache.hadoop.ozone.protocolPB.OzoneManagerProtocolServerSideTranslatorPB.processRequest(OzoneManagerProtocolServerSideTranslatorPB.java:175) ~[ozone-manager-1.3.0-SNAPSHOT.jar:?]
	at org.apache.hadoop.hdds.server.OzoneProtocolMessageDispatcher.processRequest(OzoneProtocolMessageDispatcher.java:87) [hdds-server-framework-1.3.0-SNAPSHOT.jar:?]
	at org.apache.hadoop.ozone.protocolPB.OzoneManagerProtocolServerSideTranslatorPB.submitRequest(OzoneManagerProtocolServerSideTranslatorPB.java:147) [ozone-manager-1.3.0-SNAPSHOT.jar:?]
	at org.apache.hadoop.ozone.protocol.proto.OzoneManagerProtocolProtos$OzoneManagerService$2.callBlockingMethod(OzoneManagerProtocolProtos.java) [ozone-interface-client-1.3.0-SNAPSHOT.jar:?]
	at org.apache.hadoop.ipc.ProtobufRpcEngine$Server.processCall(ProtobufRpcEngine.java:466) [hadoop-common-3.3.1.jar:?]
	at org.apache.hadoop.ipc.ProtobufRpcEngine2$Server$ProtoBufRpcInvoker.call(ProtobufRpcEngine2.java:574) [hadoop-common-3.3.1.jar:?]
	at org.apache.hadoop.ipc.ProtobufRpcEngine2$Server$ProtoBufRpcInvoker.call(ProtobufRpcEngine2.java:552) [hadoop-common-3.3.1.jar:?]
	at org.apache.hadoop.ipc.RPC$Server.call(RPC.java:1093) [hadoop-common-3.3.1.jar:?]
	at org.apache.hadoop.ipc.Server$RpcCall.run(Server.java:1035) [hadoop-common-3.3.1.jar:?]
	at org.apache.hadoop.ipc.Server$RpcCall.run(Server.java:963) [hadoop-common-3.3.1.jar:?]
	at java.security.AccessController.doPrivileged(Native Method) ~[?:1.8.0_332]
	at javax.security.auth.Subject.doAs(Subject.java:422) [?:1.8.0_332]
	at org.apache.hadoop.security.UserGroupInformation.doAs(UserGroupInformation.java:1878) [hadoop-common-3.3.1.jar:?]
	at org.apache.hadoop.ipc.Server$Handler.run(Server.java:2966) [hadoop-common-3.3.1.jar:?]
2022-07-02 07:21:09,042 [Time-limited test] INFO  rpc.RpcClient (RpcClient.java:createVolume(466)) - Creating Volume: volume-47654, with runner as owner and space quota set to -1 bytes, counts quota set to -1
2022-07-02 07:21:09,044 [OM StateMachine ApplyTransaction Thread - 0] INFO  volume.OMVolumeCreateRequest (OMVolumeCreateRequest.java:validateAndUpdateCache(195)) - created volume:volume-47654 for user:runner
2022-07-02 07:21:09,045 [Time-limited test] INFO  rpc.RpcClient (RpcClient.java:createBucket(669)) - Creating Bucket: volume-47654/bucket-65941, with bucket layout LEGACY, runner as owner, Versioning false, Storage Type set to DISK and Encryption set to false 
2022-07-02 07:21:09,046 [OM StateMachine ApplyTransaction Thread - 0] INFO  bucket.OMBucketCreateRequest (OMBucketCreateRequest.java:validateAndUpdateCache(260)) - created bucket: bucket-65941 of layout LEGACY in volume: volume-47654
2022-07-02 07:21:09,197 [c9a01eed-2c14-4142-866b-b2e3b10906a9@group-E9B07A439104-FollowerState] INFO  impl.FollowerState (FollowerState.java:run(143)) - c9a01eed-2c14-4142-866b-b2e3b10906a9@group-E9B07A439104-FollowerState: change to CANDIDATE, lastRpcElapsedTime:5012877686ns, electionTimeout:5008ms
2022-07-02 07:21:09,198 [c9a01eed-2c14-4142-866b-b2e3b10906a9@group-E9B07A439104-FollowerState] INFO  impl.RoleInfo (RoleInfo.java:shutdownFollowerState(110)) - c9a01eed-2c14-4142-866b-b2e3b10906a9: shutdown c9a01eed-2c14-4142-866b-b2e3b10906a9@group-E9B07A439104-FollowerState
2022-07-02 07:21:09,198 [c9a01eed-2c14-4142-866b-b2e3b10906a9@group-E9B07A439104-FollowerState] INFO  server.RaftServer$Division (RaftServerImpl.java:setRole(299)) - c9a01eed-2c14-4142-866b-b2e3b10906a9@group-E9B07A439104: changes role from  FOLLOWER to CANDIDATE at term 0 for changeToCandidate
2022-07-02 07:21:09,198 [c9a01eed-2c14-4142-866b-b2e3b10906a9@group-E9B07A439104-FollowerState] INFO  server.RaftServerConfigKeys (ConfUtils.java:logGet(46)) - raft.server.leaderelection.pre-vote = false (custom)
2022-07-02 07:21:09,198 [c9a01eed-2c14-4142-866b-b2e3b10906a9@group-E9B07A439104-FollowerState] INFO  impl.RoleInfo (RoleInfo.java:updateAndGet(139)) - c9a01eed-2c14-4142-866b-b2e3b10906a9: start c9a01eed-2c14-4142-866b-b2e3b10906a9@group-E9B07A439104-LeaderElection17
2022-07-02 07:21:09,238 [c9a01eed-2c14-4142-866b-b2e3b10906a9@group-E9B07A439104-LeaderElection17] INFO  impl.LeaderElection (LeaderElection.java:askForVotes(310)) - c9a01eed-2c14-4142-866b-b2e3b10906a9@group-E9B07A439104-LeaderElection17 ELECTION round 0: submit vote requests at term 1 for -1: [c9a01eed-2c14-4142-866b-b2e3b10906a9|rpc:10.1.0.20:44461|priority:1], old=null
2022-07-02 07:21:09,238 [c9a01eed-2c14-4142-866b-b2e3b10906a9@group-E9B07A439104-LeaderElection17] INFO  impl.LeaderElection (LeaderElection.java:askForVotes(312)) - c9a01eed-2c14-4142-866b-b2e3b10906a9@group-E9B07A439104-LeaderElection17 ELECTION round 0: result PASSED (term=1)
2022-07-02 07:21:09,238 [c9a01eed-2c14-4142-866b-b2e3b10906a9@group-E9B07A439104-LeaderElection17] INFO  impl.RoleInfo (RoleInfo.java:shutdownLeaderElection(130)) - c9a01eed-2c14-4142-866b-b2e3b10906a9: shutdown c9a01eed-2c14-4142-866b-b2e3b10906a9@group-E9B07A439104-LeaderElection17
2022-07-02 07:21:09,238 [c9a01eed-2c14-4142-866b-b2e3b10906a9@group-E9B07A439104-LeaderElection17] INFO  server.RaftServer$Division (RaftServerImpl.java:setRole(299)) - c9a01eed-2c14-4142-866b-b2e3b10906a9@group-E9B07A439104: changes role from CANDIDATE to LEADER at term 1 for changeToLeader
2022-07-02 07:21:09,238 [c9a01eed-2c14-4142-866b-b2e3b10906a9@group-E9B07A439104-LeaderElection17] INFO  ratis.XceiverServerRatis (XceiverServerRatis.java:handleLeaderChangedNotification(863)) - Leader change notification received for group: group-E9B07A439104 with new leaderId: c9a01eed-2c14-4142-866b-b2e3b10906a9
2022-07-02 07:21:09,238 [c9a01eed-2c14-4142-866b-b2e3b10906a9@group-E9B07A439104-LeaderElection17] INFO  server.RaftServer$Division (ServerState.java:setLeader(287)) - c9a01eed-2c14-4142-866b-b2e3b10906a9@group-E9B07A439104: change Leader from null to c9a01eed-2c14-4142-866b-b2e3b10906a9 at term 1 for becomeLeader, leader elected after 5076ms
2022-07-02 07:21:09,239 [c9a01eed-2c14-4142-866b-b2e3b10906a9@group-E9B07A439104-LeaderElection17] INFO  server.RaftServerConfigKeys (ConfUtils.java:logGet(46)) - raft.server.staging.catchup.gap = 1000 (default)
2022-07-02 07:21:09,239 [c9a01eed-2c14-4142-866b-b2e3b10906a9@group-E9B07A439104-LeaderElection17] INFO  server.RaftServerConfigKeys (ConfUtils.java:logGet(46)) - raft.server.write.element-limit = 1024 (custom)
2022-07-02 07:21:09,239 [c9a01eed-2c14-4142-866b-b2e3b10906a9@group-E9B07A439104-LeaderElection17] INFO  server.RaftServerConfigKeys (ConfUtils.java:logGet(46)) - raft.server.write.byte-limit = 1024 M (=1073741824) (custom)
2022-07-02 07:21:09,240 [c9a01eed-2c14-4142-866b-b2e3b10906a9@group-E9B07A439104-LeaderElection17] INFO  server.RaftServerConfigKeys (ConfUtils.java:logGet(46)) - raft.server.watch.timeout = 180s (custom)
2022-07-02 07:21:09,240 [c9a01eed-2c14-4142-866b-b2e3b10906a9@group-E9B07A439104-LeaderElection17] INFO  server.RaftServerConfigKeys (ConfUtils.java:logGet(46)) - raft.server.watch.timeout.denomination = 1s (default)
2022-07-02 07:21:09,240 [c9a01eed-2c14-4142-866b-b2e3b10906a9@group-E9B07A439104-LeaderElection17] INFO  server.RaftServerConfigKeys (ConfUtils.java:logGet(46)) - raft.server.watch.element-limit = 65536 (default)
2022-07-02 07:21:09,240 [c9a01eed-2c14-4142-866b-b2e3b10906a9@group-E9B07A439104-LeaderElection17] INFO  server.RaftServerConfigKeys (ConfUtils.java:logGet(46)) - raft.server.write.element-limit = 1024 (custom)
2022-07-02 07:21:09,240 [c9a01eed-2c14-4142-866b-b2e3b10906a9@group-E9B07A439104-LeaderElection17] INFO  server.RaftServerConfigKeys (ConfUtils.java:logGet(46)) - raft.server.write.follower.gap.ratio.max = -1.0 (default)
2022-07-02 07:21:09,240 [c9a01eed-2c14-4142-866b-b2e3b10906a9@group-E9B07A439104-LeaderElection17] INFO  impl.RoleInfo (RoleInfo.java:updateAndGet(139)) - c9a01eed-2c14-4142-866b-b2e3b10906a9: start c9a01eed-2c14-4142-866b-b2e3b10906a9@group-E9B07A439104-LeaderStateImpl
2022-07-02 07:21:09,241 [c9a01eed-2c14-4142-866b-b2e3b10906a9@group-E9B07A439104-LeaderElection17] INFO  segmented.SegmentedRaftLogWorker (SegmentedRaftLogWorker.java:startLogSegment(425)) - c9a01eed-2c14-4142-866b-b2e3b10906a9@group-E9B07A439104-SegmentedRaftLogWorker: Starting segment from index:0
2022-07-02 07:21:09,242 [c9a01eed-2c14-4142-866b-b2e3b10906a9@group-E9B07A439104-SegmentedRaftLogWorker] INFO  segmented.SegmentedRaftLogWorker (SegmentedRaftLogWorker.java:execute(629)) - c9a01eed-2c14-4142-866b-b2e3b10906a9@group-E9B07A439104-SegmentedRaftLogWorker: created new log segment /home/runner/work/ozone/ozone/hadoop-ozone/integration-test/target/test-dir/MiniOzoneClusterImpl-774acf0e-96fd-4c7a-8fa4-f3d3d576173c/datanode-2/data/ratis/aa884d5f-22f4-49f1-8ff6-e9b07a439104/current/log_inprogress_0
2022-07-02 07:21:09,258 [c9a01eed-2c14-4142-866b-b2e3b10906a9@group-E9B07A439104-LeaderElection17] INFO  server.RaftServer$Division (ServerState.java:setRaftConf(393)) - c9a01eed-2c14-4142-866b-b2e3b10906a9@group-E9B07A439104: set configuration 0: [c9a01eed-2c14-4142-866b-b2e3b10906a9|rpc:10.1.0.20:44461|dataStream:|priority:1], old=null
07:21:09.513 [IPC Server handler 2 on default port 42659] ERROR OMAudit - user=runner | ip=127.0.0.1 | op=READ_BUCKET {volume=volume-82656, bucket=bucket-32600} | ret=FAILURE
org.apache.hadoop.ozone.om.exceptions.OMException: Volume not found when getting bucket info
	at org.apache.hadoop.ozone.om.BucketManagerImpl.getBucketInfo(BucketManagerImpl.java:127) ~[ozone-manager-1.3.0-SNAPSHOT.jar:?]
	at org.apache.hadoop.ozone.om.OzoneManager.getBucketInfo(OzoneManager.java:2778) ~[ozone-manager-1.3.0-SNAPSHOT.jar:?]
	at org.apache.hadoop.ozone.protocolPB.OzoneManagerRequestHandler.infoBucket(OzoneManagerRequestHandler.java:464) ~[ozone-manager-1.3.0-SNAPSHOT.jar:?]
	at org.apache.hadoop.ozone.protocolPB.OzoneManagerRequestHandler.handleReadRequest(OzoneManagerRequestHandler.java:172) ~[ozone-manager-1.3.0-SNAPSHOT.jar:?]
	at org.apache.hadoop.ozone.protocolPB.OzoneManagerProtocolServerSideTranslatorPB.submitReadRequestToOM(OzoneManagerProtocolServerSideTranslatorPB.java:226) ~[ozone-manager-1.3.0-SNAPSHOT.jar:?]
	at org.apache.hadoop.ozone.protocolPB.OzoneManagerProtocolServerSideTranslatorPB.processRequest(OzoneManagerProtocolServerSideTranslatorPB.java:175) ~[ozone-manager-1.3.0-SNAPSHOT.jar:?]
	at org.apache.hadoop.hdds.server.OzoneProtocolMessageDispatcher.processRequest(OzoneProtocolMessageDispatcher.java:87) [hdds-server-framework-1.3.0-SNAPSHOT.jar:?]
	at org.apache.hadoop.ozone.protocolPB.OzoneManagerProtocolServerSideTranslatorPB.submitRequest(OzoneManagerProtocolServerSideTranslatorPB.java:147) [ozone-manager-1.3.0-SNAPSHOT.jar:?]
	at org.apache.hadoop.ozone.protocol.proto.OzoneManagerProtocolProtos$OzoneManagerService$2.callBlockingMethod(OzoneManagerProtocolProtos.java) [ozone-interface-client-1.3.0-SNAPSHOT.jar:?]
	at org.apache.hadoop.ipc.ProtobufRpcEngine$Server.processCall(ProtobufRpcEngine.java:466) [hadoop-common-3.3.1.jar:?]
	at org.apache.hadoop.ipc.ProtobufRpcEngine2$Server$ProtoBufRpcInvoker.call(ProtobufRpcEngine2.java:574) [hadoop-common-3.3.1.jar:?]
	at org.apache.hadoop.ipc.ProtobufRpcEngine2$Server$ProtoBufRpcInvoker.call(ProtobufRpcEngine2.java:552) [hadoop-common-3.3.1.jar:?]
	at org.apache.hadoop.ipc.RPC$Server.call(RPC.java:1093) [hadoop-common-3.3.1.jar:?]
	at org.apache.hadoop.ipc.Server$RpcCall.run(Server.java:1035) [hadoop-common-3.3.1.jar:?]
	at org.apache.hadoop.ipc.Server$RpcCall.run(Server.java:963) [hadoop-common-3.3.1.jar:?]
	at java.security.AccessController.doPrivileged(Native Method) ~[?:1.8.0_332]
	at javax.security.auth.Subject.doAs(Subject.java:422) [?:1.8.0_332]
	at org.apache.hadoop.security.UserGroupInformation.doAs(UserGroupInformation.java:1878) [hadoop-common-3.3.1.jar:?]
	at org.apache.hadoop.ipc.Server$Handler.run(Server.java:2966) [hadoop-common-3.3.1.jar:?]
2022-07-02 07:21:09,514 [Time-limited test] INFO  rpc.RpcClient (RpcClient.java:createVolume(466)) - Creating Volume: volume-82656, with runner as owner and space quota set to -1 bytes, counts quota set to -1
2022-07-02 07:21:09,515 [OM StateMachine ApplyTransaction Thread - 0] INFO  volume.OMVolumeCreateRequest (OMVolumeCreateRequest.java:validateAndUpdateCache(195)) - created volume:volume-82656 for user:runner
2022-07-02 07:21:09,516 [Time-limited test] INFO  rpc.RpcClient (RpcClient.java:createBucket(669)) - Creating Bucket: volume-82656/bucket-32600, with bucket layout LEGACY, runner as owner, Versioning false, Storage Type set to DISK and Encryption set to false 
2022-07-02 07:21:09,517 [OM StateMachine ApplyTransaction Thread - 0] INFO  bucket.OMBucketCreateRequest (OMBucketCreateRequest.java:validateAndUpdateCache(260)) - created bucket: bucket-32600 of layout LEGACY in volume: volume-82656
]]></system-out>
  </testcase>
  <testcase name="testListStatusRootAndVolumeRecursive" classname="TestRootedOzoneFileSystem" time="1.324">
    <system-out><![CDATA[2022-07-02 07:22:19,999 [Time-limited test] INFO  rpc.RpcClient (RpcClient.java:createVolume(466)) - Creating Volume: volume13373, with user11573 as owner and space quota set to -1 bytes, counts quota set to -1
2022-07-02 07:22:20,011 [IPC Server handler 1 on default port 38347] INFO  volume.OMVolumeCreateRequest (OMVolumeCreateRequest.java:validateAndUpdateCache(195)) - created volume:volume13373 for user:user11573
2022-07-02 07:22:20,012 [Time-limited test] INFO  rpc.RpcClient (RpcClient.java:createBucket(669)) - Creating Bucket: volume13373/bucket24507, with bucket layout LEGACY, runner as owner, Versioning false, Storage Type set to DISK and Encryption set to false 
2022-07-02 07:22:20,013 [IPC Server handler 4 on default port 38347] INFO  bucket.OMBucketCreateRequest (OMBucketCreateRequest.java:validateAndUpdateCache(260)) - created bucket: bucket24507 of layout LEGACY in volume: volume13373
07:22:20.018 [IPC Server handler 6 on default port 38347] ERROR OMAudit - user=runner | ip=127.0.0.1 | op=READ_BUCKET {volume=volume-21058, bucket=bucket-02801} | ret=FAILURE
org.apache.hadoop.ozone.om.exceptions.OMException: Volume not found when getting bucket info
	at org.apache.hadoop.ozone.om.BucketManagerImpl.getBucketInfo(BucketManagerImpl.java:127) ~[ozone-manager-1.3.0-SNAPSHOT.jar:?]
	at org.apache.hadoop.ozone.om.OzoneManager.getBucketInfo(OzoneManager.java:2778) ~[ozone-manager-1.3.0-SNAPSHOT.jar:?]
	at org.apache.hadoop.ozone.protocolPB.OzoneManagerRequestHandler.infoBucket(OzoneManagerRequestHandler.java:464) ~[ozone-manager-1.3.0-SNAPSHOT.jar:?]
	at org.apache.hadoop.ozone.protocolPB.OzoneManagerRequestHandler.handleReadRequest(OzoneManagerRequestHandler.java:172) ~[ozone-manager-1.3.0-SNAPSHOT.jar:?]
	at org.apache.hadoop.ozone.protocolPB.OzoneManagerProtocolServerSideTranslatorPB.submitRequestDirectlyToOM(OzoneManagerProtocolServerSideTranslatorPB.java:276) ~[ozone-manager-1.3.0-SNAPSHOT.jar:?]
	at org.apache.hadoop.ozone.protocolPB.OzoneManagerProtocolServerSideTranslatorPB.processRequest(OzoneManagerProtocolServerSideTranslatorPB.java:205) ~[ozone-manager-1.3.0-SNAPSHOT.jar:?]
	at org.apache.hadoop.hdds.server.OzoneProtocolMessageDispatcher.processRequest(OzoneProtocolMessageDispatcher.java:87) [hdds-server-framework-1.3.0-SNAPSHOT.jar:?]
	at org.apache.hadoop.ozone.protocolPB.OzoneManagerProtocolServerSideTranslatorPB.submitRequest(OzoneManagerProtocolServerSideTranslatorPB.java:147) [ozone-manager-1.3.0-SNAPSHOT.jar:?]
	at org.apache.hadoop.ozone.protocol.proto.OzoneManagerProtocolProtos$OzoneManagerService$2.callBlockingMethod(OzoneManagerProtocolProtos.java) [ozone-interface-client-1.3.0-SNAPSHOT.jar:?]
	at org.apache.hadoop.ipc.ProtobufRpcEngine$Server.processCall(ProtobufRpcEngine.java:466) [hadoop-common-3.3.1.jar:?]
	at org.apache.hadoop.ipc.ProtobufRpcEngine2$Server$ProtoBufRpcInvoker.call(ProtobufRpcEngine2.java:574) [hadoop-common-3.3.1.jar:?]
	at org.apache.hadoop.ipc.ProtobufRpcEngine2$Server$ProtoBufRpcInvoker.call(ProtobufRpcEngine2.java:552) [hadoop-common-3.3.1.jar:?]
	at org.apache.hadoop.ipc.RPC$Server.call(RPC.java:1093) [hadoop-common-3.3.1.jar:?]
	at org.apache.hadoop.ipc.Server$RpcCall.run(Server.java:1035) [hadoop-common-3.3.1.jar:?]
	at org.apache.hadoop.ipc.Server$RpcCall.run(Server.java:963) [hadoop-common-3.3.1.jar:?]
	at java.security.AccessController.doPrivileged(Native Method) ~[?:1.8.0_332]
	at javax.security.auth.Subject.doAs(Subject.java:422) [?:1.8.0_332]
	at org.apache.hadoop.security.UserGroupInformation.doAs(UserGroupInformation.java:1878) [hadoop-common-3.3.1.jar:?]
	at org.apache.hadoop.ipc.Server$Handler.run(Server.java:2966) [hadoop-common-3.3.1.jar:?]
2022-07-02 07:22:20,019 [Time-limited test] INFO  rpc.RpcClient (RpcClient.java:createVolume(466)) - Creating Volume: volume-21058, with runner as owner and space quota set to -1 bytes, counts quota set to -1
2022-07-02 07:22:20,019 [IPC Server handler 8 on default port 38347] INFO  volume.OMVolumeCreateRequest (OMVolumeCreateRequest.java:validateAndUpdateCache(195)) - created volume:volume-21058 for user:runner
2022-07-02 07:22:20,020 [Time-limited test] INFO  rpc.RpcClient (RpcClient.java:createBucket(669)) - Creating Bucket: volume-21058/bucket-02801, with bucket layout LEGACY, runner as owner, Versioning false, Storage Type set to DISK and Encryption set to false 
2022-07-02 07:22:20,020 [IPC Server handler 7 on default port 38347] INFO  bucket.OMBucketCreateRequest (OMBucketCreateRequest.java:validateAndUpdateCache(260)) - created bucket: bucket-02801 of layout LEGACY in volume: volume-21058
2022-07-02 07:22:20,094 [85df8eb1-77a9-48e2-b795-4ce99b081c64@group-1EFF544401F8-FollowerState] INFO  impl.FollowerState (FollowerState.java:run(143)) - 85df8eb1-77a9-48e2-b795-4ce99b081c64@group-1EFF544401F8-FollowerState: change to CANDIDATE, lastRpcElapsedTime:5216568726ns, electionTimeout:5196ms
2022-07-02 07:22:20,095 [85df8eb1-77a9-48e2-b795-4ce99b081c64@group-1EFF544401F8-FollowerState] INFO  impl.RoleInfo (RoleInfo.java:shutdownFollowerState(110)) - 85df8eb1-77a9-48e2-b795-4ce99b081c64: shutdown 85df8eb1-77a9-48e2-b795-4ce99b081c64@group-1EFF544401F8-FollowerState
2022-07-02 07:22:20,095 [85df8eb1-77a9-48e2-b795-4ce99b081c64@group-1EFF544401F8-FollowerState] INFO  server.RaftServer$Division (RaftServerImpl.java:setRole(299)) - 85df8eb1-77a9-48e2-b795-4ce99b081c64@group-1EFF544401F8: changes role from  FOLLOWER to CANDIDATE at term 0 for changeToCandidate
2022-07-02 07:22:20,095 [85df8eb1-77a9-48e2-b795-4ce99b081c64@group-1EFF544401F8-FollowerState] INFO  server.RaftServerConfigKeys (ConfUtils.java:logGet(46)) - raft.server.leaderelection.pre-vote = false (custom)
2022-07-02 07:22:20,095 [85df8eb1-77a9-48e2-b795-4ce99b081c64@group-1EFF544401F8-FollowerState] INFO  impl.RoleInfo (RoleInfo.java:updateAndGet(139)) - 85df8eb1-77a9-48e2-b795-4ce99b081c64: start 85df8eb1-77a9-48e2-b795-4ce99b081c64@group-1EFF544401F8-LeaderElection27
2022-07-02 07:22:20,153 [85df8eb1-77a9-48e2-b795-4ce99b081c64@group-1EFF544401F8-LeaderElection27] INFO  impl.LeaderElection (LeaderElection.java:askForVotes(310)) - 85df8eb1-77a9-48e2-b795-4ce99b081c64@group-1EFF544401F8-LeaderElection27 ELECTION round 0: submit vote requests at term 1 for -1: [85df8eb1-77a9-48e2-b795-4ce99b081c64|rpc:10.1.0.20:33453|priority:1], old=null
2022-07-02 07:22:20,153 [85df8eb1-77a9-48e2-b795-4ce99b081c64@group-1EFF544401F8-LeaderElection27] INFO  impl.LeaderElection (LeaderElection.java:askForVotes(312)) - 85df8eb1-77a9-48e2-b795-4ce99b081c64@group-1EFF544401F8-LeaderElection27 ELECTION round 0: result PASSED (term=1)
2022-07-02 07:22:20,153 [85df8eb1-77a9-48e2-b795-4ce99b081c64@group-1EFF544401F8-LeaderElection27] INFO  impl.RoleInfo (RoleInfo.java:shutdownLeaderElection(130)) - 85df8eb1-77a9-48e2-b795-4ce99b081c64: shutdown 85df8eb1-77a9-48e2-b795-4ce99b081c64@group-1EFF544401F8-LeaderElection27
2022-07-02 07:22:20,153 [85df8eb1-77a9-48e2-b795-4ce99b081c64@group-1EFF544401F8-LeaderElection27] INFO  server.RaftServer$Division (RaftServerImpl.java:setRole(299)) - 85df8eb1-77a9-48e2-b795-4ce99b081c64@group-1EFF544401F8: changes role from CANDIDATE to LEADER at term 1 for changeToLeader
2022-07-02 07:22:20,153 [85df8eb1-77a9-48e2-b795-4ce99b081c64@group-1EFF544401F8-LeaderElection27] INFO  ratis.XceiverServerRatis (XceiverServerRatis.java:handleLeaderChangedNotification(863)) - Leader change notification received for group: group-1EFF544401F8 with new leaderId: 85df8eb1-77a9-48e2-b795-4ce99b081c64
2022-07-02 07:22:20,153 [85df8eb1-77a9-48e2-b795-4ce99b081c64@group-1EFF544401F8-LeaderElection27] INFO  server.RaftServer$Division (ServerState.java:setLeader(287)) - 85df8eb1-77a9-48e2-b795-4ce99b081c64@group-1EFF544401F8: change Leader from null to 85df8eb1-77a9-48e2-b795-4ce99b081c64 at term 1 for becomeLeader, leader elected after 5288ms
2022-07-02 07:22:20,153 [85df8eb1-77a9-48e2-b795-4ce99b081c64@group-1EFF544401F8-LeaderElection27] INFO  server.RaftServerConfigKeys (ConfUtils.java:logGet(46)) - raft.server.staging.catchup.gap = 1000 (default)
2022-07-02 07:22:20,153 [85df8eb1-77a9-48e2-b795-4ce99b081c64@group-1EFF544401F8-LeaderElection27] INFO  server.RaftServerConfigKeys (ConfUtils.java:logGet(46)) - raft.server.write.element-limit = 1024 (custom)
2022-07-02 07:22:20,153 [85df8eb1-77a9-48e2-b795-4ce99b081c64@group-1EFF544401F8-LeaderElection27] INFO  server.RaftServerConfigKeys (ConfUtils.java:logGet(46)) - raft.server.write.byte-limit = 1024 M (=1073741824) (custom)
2022-07-02 07:22:20,154 [85df8eb1-77a9-48e2-b795-4ce99b081c64@group-1EFF544401F8-LeaderElection27] INFO  server.RaftServerConfigKeys (ConfUtils.java:logGet(46)) - raft.server.watch.timeout = 180s (custom)
2022-07-02 07:22:20,154 [85df8eb1-77a9-48e2-b795-4ce99b081c64@group-1EFF544401F8-LeaderElection27] INFO  server.RaftServerConfigKeys (ConfUtils.java:logGet(46)) - raft.server.watch.timeout.denomination = 1s (default)
2022-07-02 07:22:20,154 [85df8eb1-77a9-48e2-b795-4ce99b081c64@group-1EFF544401F8-LeaderElection27] INFO  server.RaftServerConfigKeys (ConfUtils.java:logGet(46)) - raft.server.watch.element-limit = 65536 (default)
2022-07-02 07:22:20,154 [85df8eb1-77a9-48e2-b795-4ce99b081c64@group-1EFF544401F8-LeaderElection27] INFO  server.RaftServerConfigKeys (ConfUtils.java:logGet(46)) - raft.server.write.element-limit = 1024 (custom)
2022-07-02 07:22:20,154 [85df8eb1-77a9-48e2-b795-4ce99b081c64@group-1EFF544401F8-LeaderElection27] INFO  server.RaftServerConfigKeys (ConfUtils.java:logGet(46)) - raft.server.write.follower.gap.ratio.max = -1.0 (default)
2022-07-02 07:22:20,154 [85df8eb1-77a9-48e2-b795-4ce99b081c64@group-1EFF544401F8-LeaderElection27] INFO  impl.RoleInfo (RoleInfo.java:updateAndGet(139)) - 85df8eb1-77a9-48e2-b795-4ce99b081c64: start 85df8eb1-77a9-48e2-b795-4ce99b081c64@group-1EFF544401F8-LeaderStateImpl
2022-07-02 07:22:20,154 [85df8eb1-77a9-48e2-b795-4ce99b081c64@group-1EFF544401F8-LeaderElection27] INFO  segmented.SegmentedRaftLogWorker (SegmentedRaftLogWorker.java:startLogSegment(425)) - 85df8eb1-77a9-48e2-b795-4ce99b081c64@group-1EFF544401F8-SegmentedRaftLogWorker: Starting segment from index:0
2022-07-02 07:22:20,165 [85df8eb1-77a9-48e2-b795-4ce99b081c64@group-1EFF544401F8-SegmentedRaftLogWorker] INFO  segmented.SegmentedRaftLogWorker (SegmentedRaftLogWorker.java:execute(629)) - 85df8eb1-77a9-48e2-b795-4ce99b081c64@group-1EFF544401F8-SegmentedRaftLogWorker: created new log segment /home/runner/work/ozone/ozone/hadoop-ozone/integration-test/target/test-dir/MiniOzoneClusterImpl-2091899c-1ec3-4d3e-95df-d9e62105ac7a/datanode-1/data/ratis/9bf07b7f-b26a-4686-9302-1eff544401f8/current/log_inprogress_0
2022-07-02 07:22:20,177 [85df8eb1-77a9-48e2-b795-4ce99b081c64@group-1EFF544401F8-LeaderElection27] INFO  server.RaftServer$Division (ServerState.java:setRaftConf(393)) - 85df8eb1-77a9-48e2-b795-4ce99b081c64@group-1EFF544401F8: set configuration 0: [85df8eb1-77a9-48e2-b795-4ce99b081c64|rpc:10.1.0.20:33453|dataStream:|priority:1], old=null
07:22:20.599 [IPC Server handler 0 on default port 38347] ERROR OMAudit - user=runner | ip=127.0.0.1 | op=READ_BUCKET {volume=volume-08400, bucket=bucket-82213} | ret=FAILURE
org.apache.hadoop.ozone.om.exceptions.OMException: Volume not found when getting bucket info
	at org.apache.hadoop.ozone.om.BucketManagerImpl.getBucketInfo(BucketManagerImpl.java:127) ~[ozone-manager-1.3.0-SNAPSHOT.jar:?]
	at org.apache.hadoop.ozone.om.OzoneManager.getBucketInfo(OzoneManager.java:2778) ~[ozone-manager-1.3.0-SNAPSHOT.jar:?]
	at org.apache.hadoop.ozone.protocolPB.OzoneManagerRequestHandler.infoBucket(OzoneManagerRequestHandler.java:464) ~[ozone-manager-1.3.0-SNAPSHOT.jar:?]
	at org.apache.hadoop.ozone.protocolPB.OzoneManagerRequestHandler.handleReadRequest(OzoneManagerRequestHandler.java:172) ~[ozone-manager-1.3.0-SNAPSHOT.jar:?]
	at org.apache.hadoop.ozone.protocolPB.OzoneManagerProtocolServerSideTranslatorPB.submitRequestDirectlyToOM(OzoneManagerProtocolServerSideTranslatorPB.java:276) ~[ozone-manager-1.3.0-SNAPSHOT.jar:?]
	at org.apache.hadoop.ozone.protocolPB.OzoneManagerProtocolServerSideTranslatorPB.processRequest(OzoneManagerProtocolServerSideTranslatorPB.java:205) ~[ozone-manager-1.3.0-SNAPSHOT.jar:?]
	at org.apache.hadoop.hdds.server.OzoneProtocolMessageDispatcher.processRequest(OzoneProtocolMessageDispatcher.java:87) [hdds-server-framework-1.3.0-SNAPSHOT.jar:?]
	at org.apache.hadoop.ozone.protocolPB.OzoneManagerProtocolServerSideTranslatorPB.submitRequest(OzoneManagerProtocolServerSideTranslatorPB.java:147) [ozone-manager-1.3.0-SNAPSHOT.jar:?]
	at org.apache.hadoop.ozone.protocol.proto.OzoneManagerProtocolProtos$OzoneManagerService$2.callBlockingMethod(OzoneManagerProtocolProtos.java) [ozone-interface-client-1.3.0-SNAPSHOT.jar:?]
	at org.apache.hadoop.ipc.ProtobufRpcEngine$Server.processCall(ProtobufRpcEngine.java:466) [hadoop-common-3.3.1.jar:?]
	at org.apache.hadoop.ipc.ProtobufRpcEngine2$Server$ProtoBufRpcInvoker.call(ProtobufRpcEngine2.java:574) [hadoop-common-3.3.1.jar:?]
	at org.apache.hadoop.ipc.ProtobufRpcEngine2$Server$ProtoBufRpcInvoker.call(ProtobufRpcEngine2.java:552) [hadoop-common-3.3.1.jar:?]
	at org.apache.hadoop.ipc.RPC$Server.call(RPC.java:1093) [hadoop-common-3.3.1.jar:?]
	at org.apache.hadoop.ipc.Server$RpcCall.run(Server.java:1035) [hadoop-common-3.3.1.jar:?]
	at org.apache.hadoop.ipc.Server$RpcCall.run(Server.java:963) [hadoop-common-3.3.1.jar:?]
	at java.security.AccessController.doPrivileged(Native Method) ~[?:1.8.0_332]
	at javax.security.auth.Subject.doAs(Subject.java:422) [?:1.8.0_332]
	at org.apache.hadoop.security.UserGroupInformation.doAs(UserGroupInformation.java:1878) [hadoop-common-3.3.1.jar:?]
	at org.apache.hadoop.ipc.Server$Handler.run(Server.java:2966) [hadoop-common-3.3.1.jar:?]
2022-07-02 07:22:20,599 [Time-limited test] INFO  rpc.RpcClient (RpcClient.java:createVolume(466)) - Creating Volume: volume-08400, with runner as owner and space quota set to -1 bytes, counts quota set to -1
2022-07-02 07:22:20,600 [IPC Server handler 1 on default port 38347] INFO  volume.OMVolumeCreateRequest (OMVolumeCreateRequest.java:validateAndUpdateCache(195)) - created volume:volume-08400 for user:runner
2022-07-02 07:22:20,627 [Time-limited test] INFO  rpc.RpcClient (RpcClient.java:createBucket(669)) - Creating Bucket: volume-08400/bucket-82213, with bucket layout LEGACY, runner as owner, Versioning false, Storage Type set to DISK and Encryption set to false 
2022-07-02 07:22:20,627 [IPC Server handler 4 on default port 38347] INFO  bucket.OMBucketCreateRequest (OMBucketCreateRequest.java:validateAndUpdateCache(260)) - created bucket: bucket-82213 of layout LEGACY in volume: volume-08400
]]></system-out>
  </testcase>
  <testcase name="testListStatusRootAndVolumeRecursive" classname="TestRootedOzoneFileSystem" time="1.447">
    <system-out><![CDATA[2022-07-02 07:23:52,623 [Time-limited test] INFO  rpc.RpcClient (RpcClient.java:createVolume(466)) - Creating Volume: volume49478, with user69669 as owner and space quota set to -1 bytes, counts quota set to -1
2022-07-02 07:23:52,625 [OM StateMachine ApplyTransaction Thread - 0] INFO  volume.OMVolumeCreateRequest (OMVolumeCreateRequest.java:validateAndUpdateCache(195)) - created volume:volume49478 for user:user69669
2022-07-02 07:23:52,633 [Time-limited test] INFO  rpc.RpcClient (RpcClient.java:createBucket(669)) - Creating Bucket: volume49478/bucket55014, with bucket layout LEGACY, runner as owner, Versioning false, Storage Type set to DISK and Encryption set to false 
2022-07-02 07:23:52,634 [OM StateMachine ApplyTransaction Thread - 0] INFO  bucket.OMBucketCreateRequest (OMBucketCreateRequest.java:validateAndUpdateCache(260)) - created bucket: bucket55014 of layout LEGACY in volume: volume49478
07:23:52.639 [IPC Server handler 10 on default port 38259] ERROR OMAudit - user=runner | ip=127.0.0.1 | op=READ_BUCKET {volume=volume-95290, bucket=bucket-09587} | ret=FAILURE
org.apache.hadoop.ozone.om.exceptions.OMException: Volume not found when getting bucket info
	at org.apache.hadoop.ozone.om.BucketManagerImpl.getBucketInfo(BucketManagerImpl.java:127) ~[ozone-manager-1.3.0-SNAPSHOT.jar:?]
	at org.apache.hadoop.ozone.om.OzoneManager.getBucketInfo(OzoneManager.java:2778) ~[ozone-manager-1.3.0-SNAPSHOT.jar:?]
	at org.apache.hadoop.ozone.protocolPB.OzoneManagerRequestHandler.infoBucket(OzoneManagerRequestHandler.java:464) ~[ozone-manager-1.3.0-SNAPSHOT.jar:?]
	at org.apache.hadoop.ozone.protocolPB.OzoneManagerRequestHandler.handleReadRequest(OzoneManagerRequestHandler.java:172) ~[ozone-manager-1.3.0-SNAPSHOT.jar:?]
	at org.apache.hadoop.ozone.protocolPB.OzoneManagerProtocolServerSideTranslatorPB.submitReadRequestToOM(OzoneManagerProtocolServerSideTranslatorPB.java:226) ~[ozone-manager-1.3.0-SNAPSHOT.jar:?]
	at org.apache.hadoop.ozone.protocolPB.OzoneManagerProtocolServerSideTranslatorPB.processRequest(OzoneManagerProtocolServerSideTranslatorPB.java:175) ~[ozone-manager-1.3.0-SNAPSHOT.jar:?]
	at org.apache.hadoop.hdds.server.OzoneProtocolMessageDispatcher.processRequest(OzoneProtocolMessageDispatcher.java:87) [hdds-server-framework-1.3.0-SNAPSHOT.jar:?]
	at org.apache.hadoop.ozone.protocolPB.OzoneManagerProtocolServerSideTranslatorPB.submitRequest(OzoneManagerProtocolServerSideTranslatorPB.java:147) [ozone-manager-1.3.0-SNAPSHOT.jar:?]
	at org.apache.hadoop.ozone.protocol.proto.OzoneManagerProtocolProtos$OzoneManagerService$2.callBlockingMethod(OzoneManagerProtocolProtos.java) [ozone-interface-client-1.3.0-SNAPSHOT.jar:?]
	at org.apache.hadoop.ipc.ProtobufRpcEngine$Server.processCall(ProtobufRpcEngine.java:466) [hadoop-common-3.3.1.jar:?]
	at org.apache.hadoop.ipc.ProtobufRpcEngine2$Server$ProtoBufRpcInvoker.call(ProtobufRpcEngine2.java:574) [hadoop-common-3.3.1.jar:?]
	at org.apache.hadoop.ipc.ProtobufRpcEngine2$Server$ProtoBufRpcInvoker.call(ProtobufRpcEngine2.java:552) [hadoop-common-3.3.1.jar:?]
	at org.apache.hadoop.ipc.RPC$Server.call(RPC.java:1093) [hadoop-common-3.3.1.jar:?]
	at org.apache.hadoop.ipc.Server$RpcCall.run(Server.java:1035) [hadoop-common-3.3.1.jar:?]
	at org.apache.hadoop.ipc.Server$RpcCall.run(Server.java:963) [hadoop-common-3.3.1.jar:?]
	at java.security.AccessController.doPrivileged(Native Method) ~[?:1.8.0_332]
	at javax.security.auth.Subject.doAs(Subject.java:422) [?:1.8.0_332]
	at org.apache.hadoop.security.UserGroupInformation.doAs(UserGroupInformation.java:1878) [hadoop-common-3.3.1.jar:?]
	at org.apache.hadoop.ipc.Server$Handler.run(Server.java:2966) [hadoop-common-3.3.1.jar:?]
2022-07-02 07:23:52,639 [Time-limited test] INFO  rpc.RpcClient (RpcClient.java:createVolume(466)) - Creating Volume: volume-95290, with runner as owner and space quota set to -1 bytes, counts quota set to -1
2022-07-02 07:23:52,643 [OM StateMachine ApplyTransaction Thread - 0] INFO  volume.OMVolumeCreateRequest (OMVolumeCreateRequest.java:validateAndUpdateCache(195)) - created volume:volume-95290 for user:runner
2022-07-02 07:23:52,653 [Time-limited test] INFO  rpc.RpcClient (RpcClient.java:createBucket(669)) - Creating Bucket: volume-95290/bucket-09587, with bucket layout LEGACY, runner as owner, Versioning false, Storage Type set to DISK and Encryption set to false 
2022-07-02 07:23:52,654 [OM StateMachine ApplyTransaction Thread - 0] INFO  bucket.OMBucketCreateRequest (OMBucketCreateRequest.java:validateAndUpdateCache(260)) - created bucket: bucket-09587 of layout LEGACY in volume: volume-95290
07:23:53.267 [IPC Server handler 1 on default port 38259] ERROR OMAudit - user=runner | ip=127.0.0.1 | op=READ_BUCKET {volume=volume-62518, bucket=bucket-94342} | ret=FAILURE
org.apache.hadoop.ozone.om.exceptions.OMException: Volume not found when getting bucket info
	at org.apache.hadoop.ozone.om.BucketManagerImpl.getBucketInfo(BucketManagerImpl.java:127) ~[ozone-manager-1.3.0-SNAPSHOT.jar:?]
	at org.apache.hadoop.ozone.om.OzoneManager.getBucketInfo(OzoneManager.java:2778) ~[ozone-manager-1.3.0-SNAPSHOT.jar:?]
	at org.apache.hadoop.ozone.protocolPB.OzoneManagerRequestHandler.infoBucket(OzoneManagerRequestHandler.java:464) ~[ozone-manager-1.3.0-SNAPSHOT.jar:?]
	at org.apache.hadoop.ozone.protocolPB.OzoneManagerRequestHandler.handleReadRequest(OzoneManagerRequestHandler.java:172) ~[ozone-manager-1.3.0-SNAPSHOT.jar:?]
	at org.apache.hadoop.ozone.protocolPB.OzoneManagerProtocolServerSideTranslatorPB.submitReadRequestToOM(OzoneManagerProtocolServerSideTranslatorPB.java:226) ~[ozone-manager-1.3.0-SNAPSHOT.jar:?]
	at org.apache.hadoop.ozone.protocolPB.OzoneManagerProtocolServerSideTranslatorPB.processRequest(OzoneManagerProtocolServerSideTranslatorPB.java:175) ~[ozone-manager-1.3.0-SNAPSHOT.jar:?]
	at org.apache.hadoop.hdds.server.OzoneProtocolMessageDispatcher.processRequest(OzoneProtocolMessageDispatcher.java:87) [hdds-server-framework-1.3.0-SNAPSHOT.jar:?]
	at org.apache.hadoop.ozone.protocolPB.OzoneManagerProtocolServerSideTranslatorPB.submitRequest(OzoneManagerProtocolServerSideTranslatorPB.java:147) [ozone-manager-1.3.0-SNAPSHOT.jar:?]
	at org.apache.hadoop.ozone.protocol.proto.OzoneManagerProtocolProtos$OzoneManagerService$2.callBlockingMethod(OzoneManagerProtocolProtos.java) [ozone-interface-client-1.3.0-SNAPSHOT.jar:?]
	at org.apache.hadoop.ipc.ProtobufRpcEngine$Server.processCall(ProtobufRpcEngine.java:466) [hadoop-common-3.3.1.jar:?]
	at org.apache.hadoop.ipc.ProtobufRpcEngine2$Server$ProtoBufRpcInvoker.call(ProtobufRpcEngine2.java:574) [hadoop-common-3.3.1.jar:?]
	at org.apache.hadoop.ipc.ProtobufRpcEngine2$Server$ProtoBufRpcInvoker.call(ProtobufRpcEngine2.java:552) [hadoop-common-3.3.1.jar:?]
	at org.apache.hadoop.ipc.RPC$Server.call(RPC.java:1093) [hadoop-common-3.3.1.jar:?]
	at org.apache.hadoop.ipc.Server$RpcCall.run(Server.java:1035) [hadoop-common-3.3.1.jar:?]
	at org.apache.hadoop.ipc.Server$RpcCall.run(Server.java:963) [hadoop-common-3.3.1.jar:?]
	at java.security.AccessController.doPrivileged(Native Method) ~[?:1.8.0_332]
	at javax.security.auth.Subject.doAs(Subject.java:422) [?:1.8.0_332]
	at org.apache.hadoop.security.UserGroupInformation.doAs(UserGroupInformation.java:1878) [hadoop-common-3.3.1.jar:?]
	at org.apache.hadoop.ipc.Server$Handler.run(Server.java:2966) [hadoop-common-3.3.1.jar:?]
2022-07-02 07:23:53,267 [Time-limited test] INFO  rpc.RpcClient (RpcClient.java:createVolume(466)) - Creating Volume: volume-62518, with runner as owner and space quota set to -1 bytes, counts quota set to -1
2022-07-02 07:23:53,269 [OM StateMachine ApplyTransaction Thread - 0] INFO  volume.OMVolumeCreateRequest (OMVolumeCreateRequest.java:validateAndUpdateCache(195)) - created volume:volume-62518 for user:runner
2022-07-02 07:23:53,269 [Time-limited test] INFO  rpc.RpcClient (RpcClient.java:createBucket(669)) - Creating Bucket: volume-62518/bucket-94342, with bucket layout LEGACY, runner as owner, Versioning false, Storage Type set to DISK and Encryption set to false 
2022-07-02 07:23:53,270 [OM StateMachine ApplyTransaction Thread - 0] INFO  bucket.OMBucketCreateRequest (OMBucketCreateRequest.java:validateAndUpdateCache(260)) - created bucket: bucket-94342 of layout LEGACY in volume: volume-62518
]]></system-out>
  </testcase>
  <testcase name="testListStatusRootAndVolumeRecursive" classname="TestRootedOzoneFileSystem" time="2.205">
    <system-out><![CDATA[2022-07-02 07:25:23,353 [b3fa7f95-08ce-4cb9-ba7f-3dff0e499d93@group-58EBE7DABC6F-FollowerState] INFO  impl.FollowerState (FollowerState.java:run(143)) - b3fa7f95-08ce-4cb9-ba7f-3dff0e499d93@group-58EBE7DABC6F-FollowerState: change to CANDIDATE, lastRpcElapsedTime:5190708308ns, electionTimeout:5180ms
2022-07-02 07:25:23,353 [b3fa7f95-08ce-4cb9-ba7f-3dff0e499d93@group-58EBE7DABC6F-FollowerState] INFO  impl.RoleInfo (RoleInfo.java:shutdownFollowerState(110)) - b3fa7f95-08ce-4cb9-ba7f-3dff0e499d93: shutdown b3fa7f95-08ce-4cb9-ba7f-3dff0e499d93@group-58EBE7DABC6F-FollowerState
2022-07-02 07:25:23,354 [b3fa7f95-08ce-4cb9-ba7f-3dff0e499d93@group-58EBE7DABC6F-FollowerState] INFO  server.RaftServer$Division (RaftServerImpl.java:setRole(299)) - b3fa7f95-08ce-4cb9-ba7f-3dff0e499d93@group-58EBE7DABC6F: changes role from  FOLLOWER to CANDIDATE at term 0 for changeToCandidate
2022-07-02 07:25:23,354 [b3fa7f95-08ce-4cb9-ba7f-3dff0e499d93@group-58EBE7DABC6F-FollowerState] INFO  server.RaftServerConfigKeys (ConfUtils.java:logGet(46)) - raft.server.leaderelection.pre-vote = false (custom)
2022-07-02 07:25:23,354 [b3fa7f95-08ce-4cb9-ba7f-3dff0e499d93@group-58EBE7DABC6F-FollowerState] INFO  impl.RoleInfo (RoleInfo.java:updateAndGet(139)) - b3fa7f95-08ce-4cb9-ba7f-3dff0e499d93: start b3fa7f95-08ce-4cb9-ba7f-3dff0e499d93@group-58EBE7DABC6F-LeaderElection63
2022-07-02 07:25:23,478 [b3fa7f95-08ce-4cb9-ba7f-3dff0e499d93@group-58EBE7DABC6F-LeaderElection63] INFO  impl.LeaderElection (LeaderElection.java:askForVotes(310)) - b3fa7f95-08ce-4cb9-ba7f-3dff0e499d93@group-58EBE7DABC6F-LeaderElection63 ELECTION round 0: submit vote requests at term 1 for -1: [b3fa7f95-08ce-4cb9-ba7f-3dff0e499d93|rpc:10.1.0.20:44337|priority:1], old=null
2022-07-02 07:25:23,478 [b3fa7f95-08ce-4cb9-ba7f-3dff0e499d93@group-58EBE7DABC6F-LeaderElection63] INFO  impl.LeaderElection (LeaderElection.java:askForVotes(312)) - b3fa7f95-08ce-4cb9-ba7f-3dff0e499d93@group-58EBE7DABC6F-LeaderElection63 ELECTION round 0: result PASSED (term=1)
2022-07-02 07:25:23,478 [b3fa7f95-08ce-4cb9-ba7f-3dff0e499d93@group-58EBE7DABC6F-LeaderElection63] INFO  impl.RoleInfo (RoleInfo.java:shutdownLeaderElection(130)) - b3fa7f95-08ce-4cb9-ba7f-3dff0e499d93: shutdown b3fa7f95-08ce-4cb9-ba7f-3dff0e499d93@group-58EBE7DABC6F-LeaderElection63
2022-07-02 07:25:23,478 [b3fa7f95-08ce-4cb9-ba7f-3dff0e499d93@group-58EBE7DABC6F-LeaderElection63] INFO  server.RaftServer$Division (RaftServerImpl.java:setRole(299)) - b3fa7f95-08ce-4cb9-ba7f-3dff0e499d93@group-58EBE7DABC6F: changes role from CANDIDATE to LEADER at term 1 for changeToLeader
2022-07-02 07:25:23,478 [b3fa7f95-08ce-4cb9-ba7f-3dff0e499d93@group-58EBE7DABC6F-LeaderElection63] INFO  ratis.XceiverServerRatis (XceiverServerRatis.java:handleLeaderChangedNotification(863)) - Leader change notification received for group: group-58EBE7DABC6F with new leaderId: b3fa7f95-08ce-4cb9-ba7f-3dff0e499d93
2022-07-02 07:25:23,478 [b3fa7f95-08ce-4cb9-ba7f-3dff0e499d93@group-58EBE7DABC6F-LeaderElection63] INFO  server.RaftServer$Division (ServerState.java:setLeader(287)) - b3fa7f95-08ce-4cb9-ba7f-3dff0e499d93@group-58EBE7DABC6F: change Leader from null to b3fa7f95-08ce-4cb9-ba7f-3dff0e499d93 at term 1 for becomeLeader, leader elected after 5333ms
2022-07-02 07:25:23,478 [b3fa7f95-08ce-4cb9-ba7f-3dff0e499d93@group-58EBE7DABC6F-LeaderElection63] INFO  server.RaftServerConfigKeys (ConfUtils.java:logGet(46)) - raft.server.staging.catchup.gap = 1000 (default)
2022-07-02 07:25:23,479 [b3fa7f95-08ce-4cb9-ba7f-3dff0e499d93@group-58EBE7DABC6F-LeaderElection63] INFO  server.RaftServerConfigKeys (ConfUtils.java:logGet(46)) - raft.server.write.element-limit = 1024 (custom)
2022-07-02 07:25:23,479 [b3fa7f95-08ce-4cb9-ba7f-3dff0e499d93@group-58EBE7DABC6F-LeaderElection63] INFO  server.RaftServerConfigKeys (ConfUtils.java:logGet(46)) - raft.server.write.byte-limit = 1024 M (=1073741824) (custom)
2022-07-02 07:25:23,479 [b3fa7f95-08ce-4cb9-ba7f-3dff0e499d93@group-58EBE7DABC6F-LeaderElection63] INFO  server.RaftServerConfigKeys (ConfUtils.java:logGet(46)) - raft.server.watch.timeout = 180s (custom)
2022-07-02 07:25:23,479 [b3fa7f95-08ce-4cb9-ba7f-3dff0e499d93@group-58EBE7DABC6F-LeaderElection63] INFO  server.RaftServerConfigKeys (ConfUtils.java:logGet(46)) - raft.server.watch.timeout.denomination = 1s (default)
2022-07-02 07:25:23,479 [b3fa7f95-08ce-4cb9-ba7f-3dff0e499d93@group-58EBE7DABC6F-LeaderElection63] INFO  server.RaftServerConfigKeys (ConfUtils.java:logGet(46)) - raft.server.watch.element-limit = 65536 (default)
2022-07-02 07:25:23,479 [b3fa7f95-08ce-4cb9-ba7f-3dff0e499d93@group-58EBE7DABC6F-LeaderElection63] INFO  server.RaftServerConfigKeys (ConfUtils.java:logGet(46)) - raft.server.write.element-limit = 1024 (custom)
2022-07-02 07:25:23,479 [b3fa7f95-08ce-4cb9-ba7f-3dff0e499d93@group-58EBE7DABC6F-LeaderElection63] INFO  server.RaftServerConfigKeys (ConfUtils.java:logGet(46)) - raft.server.write.follower.gap.ratio.max = -1.0 (default)
2022-07-02 07:25:23,479 [b3fa7f95-08ce-4cb9-ba7f-3dff0e499d93@group-58EBE7DABC6F-LeaderElection63] INFO  impl.RoleInfo (RoleInfo.java:updateAndGet(139)) - b3fa7f95-08ce-4cb9-ba7f-3dff0e499d93: start b3fa7f95-08ce-4cb9-ba7f-3dff0e499d93@group-58EBE7DABC6F-LeaderStateImpl
2022-07-02 07:25:23,480 [b3fa7f95-08ce-4cb9-ba7f-3dff0e499d93@group-58EBE7DABC6F-LeaderElection63] INFO  segmented.SegmentedRaftLogWorker (SegmentedRaftLogWorker.java:startLogSegment(425)) - b3fa7f95-08ce-4cb9-ba7f-3dff0e499d93@group-58EBE7DABC6F-SegmentedRaftLogWorker: Starting segment from index:0
2022-07-02 07:25:23,482 [Time-limited test] INFO  rpc.RpcClient (RpcClient.java:createVolume(466)) - Creating Volume: volume48055, with user41525 as owner and space quota set to -1 bytes, counts quota set to -1
2022-07-02 07:25:23,485 [IPC Server handler 9 on default port 43657] INFO  volume.OMVolumeCreateRequest (OMVolumeCreateRequest.java:validateAndUpdateCache(195)) - created volume:volume48055 for user:user41525
2022-07-02 07:25:23,493 [b3fa7f95-08ce-4cb9-ba7f-3dff0e499d93@group-58EBE7DABC6F-LeaderElection63] INFO  server.RaftServer$Division (ServerState.java:setRaftConf(393)) - b3fa7f95-08ce-4cb9-ba7f-3dff0e499d93@group-58EBE7DABC6F: set configuration 0: [b3fa7f95-08ce-4cb9-ba7f-3dff0e499d93|rpc:10.1.0.20:44337|dataStream:|priority:1], old=null
2022-07-02 07:25:23,532 [b3fa7f95-08ce-4cb9-ba7f-3dff0e499d93@group-58EBE7DABC6F-SegmentedRaftLogWorker] INFO  segmented.SegmentedRaftLogWorker (SegmentedRaftLogWorker.java:execute(629)) - b3fa7f95-08ce-4cb9-ba7f-3dff0e499d93@group-58EBE7DABC6F-SegmentedRaftLogWorker: created new log segment /home/runner/work/ozone/ozone/hadoop-ozone/integration-test/target/test-dir/MiniOzoneClusterImpl-61754a76-b51f-4318-8597-8262e590efb7/datanode-2/data/ratis/0e084f84-8a1f-4b4e-9d5a-58ebe7dabc6f/current/log_inprogress_0
2022-07-02 07:25:23,545 [Time-limited test] INFO  rpc.RpcClient (RpcClient.java:createBucket(669)) - Creating Bucket: volume48055/bucket93667, with bucket layout LEGACY, runner as owner, Versioning false, Storage Type set to DISK and Encryption set to false 
2022-07-02 07:25:23,545 [IPC Server handler 12 on default port 43657] INFO  bucket.OMBucketCreateRequest (OMBucketCreateRequest.java:validateAndUpdateCache(260)) - created bucket: bucket93667 of layout LEGACY in volume: volume48055
07:25:23.552 [IPC Server handler 15 on default port 43657] ERROR OMAudit - user=runner | ip=127.0.0.1 | op=READ_BUCKET {volume=volume-65083, bucket=bucket-90675} | ret=FAILURE
org.apache.hadoop.ozone.om.exceptions.OMException: Volume not found when getting bucket info
	at org.apache.hadoop.ozone.om.BucketManagerImpl.getBucketInfo(BucketManagerImpl.java:127) ~[ozone-manager-1.3.0-SNAPSHOT.jar:?]
	at org.apache.hadoop.ozone.om.OzoneManager.getBucketInfo(OzoneManager.java:2778) ~[ozone-manager-1.3.0-SNAPSHOT.jar:?]
	at org.apache.hadoop.ozone.protocolPB.OzoneManagerRequestHandler.infoBucket(OzoneManagerRequestHandler.java:464) ~[ozone-manager-1.3.0-SNAPSHOT.jar:?]
	at org.apache.hadoop.ozone.protocolPB.OzoneManagerRequestHandler.handleReadRequest(OzoneManagerRequestHandler.java:172) ~[ozone-manager-1.3.0-SNAPSHOT.jar:?]
	at org.apache.hadoop.ozone.protocolPB.OzoneManagerProtocolServerSideTranslatorPB.submitRequestDirectlyToOM(OzoneManagerProtocolServerSideTranslatorPB.java:276) ~[ozone-manager-1.3.0-SNAPSHOT.jar:?]
	at org.apache.hadoop.ozone.protocolPB.OzoneManagerProtocolServerSideTranslatorPB.processRequest(OzoneManagerProtocolServerSideTranslatorPB.java:205) ~[ozone-manager-1.3.0-SNAPSHOT.jar:?]
	at org.apache.hadoop.hdds.server.OzoneProtocolMessageDispatcher.processRequest(OzoneProtocolMessageDispatcher.java:87) [hdds-server-framework-1.3.0-SNAPSHOT.jar:?]
	at org.apache.hadoop.ozone.protocolPB.OzoneManagerProtocolServerSideTranslatorPB.submitRequest(OzoneManagerProtocolServerSideTranslatorPB.java:147) [ozone-manager-1.3.0-SNAPSHOT.jar:?]
	at org.apache.hadoop.ozone.protocol.proto.OzoneManagerProtocolProtos$OzoneManagerService$2.callBlockingMethod(OzoneManagerProtocolProtos.java) [ozone-interface-client-1.3.0-SNAPSHOT.jar:?]
	at org.apache.hadoop.ipc.ProtobufRpcEngine$Server.processCall(ProtobufRpcEngine.java:466) [hadoop-common-3.3.1.jar:?]
	at org.apache.hadoop.ipc.ProtobufRpcEngine2$Server$ProtoBufRpcInvoker.call(ProtobufRpcEngine2.java:574) [hadoop-common-3.3.1.jar:?]
	at org.apache.hadoop.ipc.ProtobufRpcEngine2$Server$ProtoBufRpcInvoker.call(ProtobufRpcEngine2.java:552) [hadoop-common-3.3.1.jar:?]
	at org.apache.hadoop.ipc.RPC$Server.call(RPC.java:1093) [hadoop-common-3.3.1.jar:?]
	at org.apache.hadoop.ipc.Server$RpcCall.run(Server.java:1035) [hadoop-common-3.3.1.jar:?]
	at org.apache.hadoop.ipc.Server$RpcCall.run(Server.java:963) [hadoop-common-3.3.1.jar:?]
	at java.security.AccessController.doPrivileged(Native Method) ~[?:1.8.0_332]
	at javax.security.auth.Subject.doAs(Subject.java:422) [?:1.8.0_332]
	at org.apache.hadoop.security.UserGroupInformation.doAs(UserGroupInformation.java:1878) [hadoop-common-3.3.1.jar:?]
	at org.apache.hadoop.ipc.Server$Handler.run(Server.java:2966) [hadoop-common-3.3.1.jar:?]
2022-07-02 07:25:23,556 [Time-limited test] INFO  rpc.RpcClient (RpcClient.java:createVolume(466)) - Creating Volume: volume-65083, with runner as owner and space quota set to -1 bytes, counts quota set to -1
2022-07-02 07:25:23,557 [IPC Server handler 16 on default port 43657] INFO  volume.OMVolumeCreateRequest (OMVolumeCreateRequest.java:validateAndUpdateCache(195)) - created volume:volume-65083 for user:runner
2022-07-02 07:25:23,560 [Time-limited test] INFO  rpc.RpcClient (RpcClient.java:createBucket(669)) - Creating Bucket: volume-65083/bucket-90675, with bucket layout LEGACY, runner as owner, Versioning false, Storage Type set to DISK and Encryption set to false 
2022-07-02 07:25:23,561 [IPC Server handler 2 on default port 43657] INFO  bucket.OMBucketCreateRequest (OMBucketCreateRequest.java:validateAndUpdateCache(260)) - created bucket: bucket-90675 of layout LEGACY in volume: volume-65083
07:25:24.348 [IPC Server handler 12 on default port 43657] ERROR OMAudit - user=runner | ip=127.0.0.1 | op=READ_BUCKET {volume=volume-30115, bucket=bucket-87470} | ret=FAILURE
org.apache.hadoop.ozone.om.exceptions.OMException: Volume not found when getting bucket info
	at org.apache.hadoop.ozone.om.BucketManagerImpl.getBucketInfo(BucketManagerImpl.java:127) ~[ozone-manager-1.3.0-SNAPSHOT.jar:?]
	at org.apache.hadoop.ozone.om.OzoneManager.getBucketInfo(OzoneManager.java:2778) ~[ozone-manager-1.3.0-SNAPSHOT.jar:?]
	at org.apache.hadoop.ozone.protocolPB.OzoneManagerRequestHandler.infoBucket(OzoneManagerRequestHandler.java:464) ~[ozone-manager-1.3.0-SNAPSHOT.jar:?]
	at org.apache.hadoop.ozone.protocolPB.OzoneManagerRequestHandler.handleReadRequest(OzoneManagerRequestHandler.java:172) ~[ozone-manager-1.3.0-SNAPSHOT.jar:?]
	at org.apache.hadoop.ozone.protocolPB.OzoneManagerProtocolServerSideTranslatorPB.submitRequestDirectlyToOM(OzoneManagerProtocolServerSideTranslatorPB.java:276) ~[ozone-manager-1.3.0-SNAPSHOT.jar:?]
	at org.apache.hadoop.ozone.protocolPB.OzoneManagerProtocolServerSideTranslatorPB.processRequest(OzoneManagerProtocolServerSideTranslatorPB.java:205) ~[ozone-manager-1.3.0-SNAPSHOT.jar:?]
	at org.apache.hadoop.hdds.server.OzoneProtocolMessageDispatcher.processRequest(OzoneProtocolMessageDispatcher.java:87) [hdds-server-framework-1.3.0-SNAPSHOT.jar:?]
	at org.apache.hadoop.ozone.protocolPB.OzoneManagerProtocolServerSideTranslatorPB.submitRequest(OzoneManagerProtocolServerSideTranslatorPB.java:147) [ozone-manager-1.3.0-SNAPSHOT.jar:?]
	at org.apache.hadoop.ozone.protocol.proto.OzoneManagerProtocolProtos$OzoneManagerService$2.callBlockingMethod(OzoneManagerProtocolProtos.java) [ozone-interface-client-1.3.0-SNAPSHOT.jar:?]
	at org.apache.hadoop.ipc.ProtobufRpcEngine$Server.processCall(ProtobufRpcEngine.java:466) [hadoop-common-3.3.1.jar:?]
	at org.apache.hadoop.ipc.ProtobufRpcEngine2$Server$ProtoBufRpcInvoker.call(ProtobufRpcEngine2.java:574) [hadoop-common-3.3.1.jar:?]
	at org.apache.hadoop.ipc.ProtobufRpcEngine2$Server$ProtoBufRpcInvoker.call(ProtobufRpcEngine2.java:552) [hadoop-common-3.3.1.jar:?]
	at org.apache.hadoop.ipc.RPC$Server.call(RPC.java:1093) [hadoop-common-3.3.1.jar:?]
	at org.apache.hadoop.ipc.Server$RpcCall.run(Server.java:1035) [hadoop-common-3.3.1.jar:?]
	at org.apache.hadoop.ipc.Server$RpcCall.run(Server.java:963) [hadoop-common-3.3.1.jar:?]
	at java.security.AccessController.doPrivileged(Native Method) ~[?:1.8.0_332]
	at javax.security.auth.Subject.doAs(Subject.java:422) [?:1.8.0_332]
	at org.apache.hadoop.security.UserGroupInformation.doAs(UserGroupInformation.java:1878) [hadoop-common-3.3.1.jar:?]
	at org.apache.hadoop.ipc.Server$Handler.run(Server.java:2966) [hadoop-common-3.3.1.jar:?]
2022-07-02 07:25:24,349 [Time-limited test] INFO  rpc.RpcClient (RpcClient.java:createVolume(466)) - Creating Volume: volume-30115, with runner as owner and space quota set to -1 bytes, counts quota set to -1
2022-07-02 07:25:24,349 [IPC Server handler 13 on default port 43657] INFO  volume.OMVolumeCreateRequest (OMVolumeCreateRequest.java:validateAndUpdateCache(195)) - created volume:volume-30115 for user:runner
2022-07-02 07:25:24,350 [Time-limited test] INFO  rpc.RpcClient (RpcClient.java:createBucket(669)) - Creating Bucket: volume-30115/bucket-87470, with bucket layout LEGACY, runner as owner, Versioning false, Storage Type set to DISK and Encryption set to false 
2022-07-02 07:25:24,350 [IPC Server handler 15 on default port 43657] INFO  bucket.OMBucketCreateRequest (OMBucketCreateRequest.java:validateAndUpdateCache(260)) - created bucket: bucket-87470 of layout LEGACY in volume: volume-30115
2022-07-02 07:25:25,418 [9dbfc124-a633-4049-88ff-e9b3a2f880bb@group-BCC6231F1D68-FollowerState] INFO  impl.FollowerState (FollowerState.java:run(143)) - 9dbfc124-a633-4049-88ff-e9b3a2f880bb@group-BCC6231F1D68-FollowerState: change to CANDIDATE, lastRpcElapsedTime:5126681330ns, electionTimeout:5118ms
2022-07-02 07:25:25,418 [9dbfc124-a633-4049-88ff-e9b3a2f880bb@group-BCC6231F1D68-FollowerState] INFO  impl.RoleInfo (RoleInfo.java:shutdownFollowerState(110)) - 9dbfc124-a633-4049-88ff-e9b3a2f880bb: shutdown 9dbfc124-a633-4049-88ff-e9b3a2f880bb@group-BCC6231F1D68-FollowerState
2022-07-02 07:25:25,418 [9dbfc124-a633-4049-88ff-e9b3a2f880bb@group-BCC6231F1D68-FollowerState] INFO  server.RaftServer$Division (RaftServerImpl.java:setRole(299)) - 9dbfc124-a633-4049-88ff-e9b3a2f880bb@group-BCC6231F1D68: changes role from  FOLLOWER to CANDIDATE at term 0 for changeToCandidate
2022-07-02 07:25:25,419 [9dbfc124-a633-4049-88ff-e9b3a2f880bb@group-BCC6231F1D68-FollowerState] INFO  server.RaftServerConfigKeys (ConfUtils.java:logGet(46)) - raft.server.leaderelection.pre-vote = false (custom)
2022-07-02 07:25:25,419 [9dbfc124-a633-4049-88ff-e9b3a2f880bb@group-BCC6231F1D68-FollowerState] INFO  impl.RoleInfo (RoleInfo.java:updateAndGet(139)) - 9dbfc124-a633-4049-88ff-e9b3a2f880bb: start 9dbfc124-a633-4049-88ff-e9b3a2f880bb@group-BCC6231F1D68-LeaderElection64
2022-07-02 07:25:25,478 [9dbfc124-a633-4049-88ff-e9b3a2f880bb@group-BCC6231F1D68-LeaderElection64] INFO  impl.LeaderElection (LeaderElection.java:askForVotes(310)) - 9dbfc124-a633-4049-88ff-e9b3a2f880bb@group-BCC6231F1D68-LeaderElection64 ELECTION round 0: submit vote requests at term 1 for -1: [9dbfc124-a633-4049-88ff-e9b3a2f880bb|rpc:10.1.0.20:34393|priority:1], old=null
2022-07-02 07:25:25,478 [9dbfc124-a633-4049-88ff-e9b3a2f880bb@group-BCC6231F1D68-LeaderElection64] INFO  impl.LeaderElection (LeaderElection.java:askForVotes(312)) - 9dbfc124-a633-4049-88ff-e9b3a2f880bb@group-BCC6231F1D68-LeaderElection64 ELECTION round 0: result PASSED (term=1)
2022-07-02 07:25:25,478 [9dbfc124-a633-4049-88ff-e9b3a2f880bb@group-BCC6231F1D68-LeaderElection64] INFO  impl.RoleInfo (RoleInfo.java:shutdownLeaderElection(130)) - 9dbfc124-a633-4049-88ff-e9b3a2f880bb: shutdown 9dbfc124-a633-4049-88ff-e9b3a2f880bb@group-BCC6231F1D68-LeaderElection64
2022-07-02 07:25:25,478 [9dbfc124-a633-4049-88ff-e9b3a2f880bb@group-BCC6231F1D68-LeaderElection64] INFO  server.RaftServer$Division (RaftServerImpl.java:setRole(299)) - 9dbfc124-a633-4049-88ff-e9b3a2f880bb@group-BCC6231F1D68: changes role from CANDIDATE to LEADER at term 1 for changeToLeader
2022-07-02 07:25:25,478 [9dbfc124-a633-4049-88ff-e9b3a2f880bb@group-BCC6231F1D68-LeaderElection64] INFO  ratis.XceiverServerRatis (XceiverServerRatis.java:handleLeaderChangedNotification(863)) - Leader change notification received for group: group-BCC6231F1D68 with new leaderId: 9dbfc124-a633-4049-88ff-e9b3a2f880bb
2022-07-02 07:25:25,478 [9dbfc124-a633-4049-88ff-e9b3a2f880bb@group-BCC6231F1D68-LeaderElection64] INFO  server.RaftServer$Division (ServerState.java:setLeader(287)) - 9dbfc124-a633-4049-88ff-e9b3a2f880bb@group-BCC6231F1D68: change Leader from null to 9dbfc124-a633-4049-88ff-e9b3a2f880bb at term 1 for becomeLeader, leader elected after 5222ms
2022-07-02 07:25:25,478 [9dbfc124-a633-4049-88ff-e9b3a2f880bb@group-BCC6231F1D68-LeaderElection64] INFO  server.RaftServerConfigKeys (ConfUtils.java:logGet(46)) - raft.server.staging.catchup.gap = 1000 (default)
2022-07-02 07:25:25,479 [9dbfc124-a633-4049-88ff-e9b3a2f880bb@group-BCC6231F1D68-LeaderElection64] INFO  server.RaftServerConfigKeys (ConfUtils.java:logGet(46)) - raft.server.write.element-limit = 1024 (custom)
2022-07-02 07:25:25,479 [9dbfc124-a633-4049-88ff-e9b3a2f880bb@group-BCC6231F1D68-LeaderElection64] INFO  server.RaftServerConfigKeys (ConfUtils.java:logGet(46)) - raft.server.write.byte-limit = 1024 M (=1073741824) (custom)
2022-07-02 07:25:25,479 [9dbfc124-a633-4049-88ff-e9b3a2f880bb@group-BCC6231F1D68-LeaderElection64] INFO  server.RaftServerConfigKeys (ConfUtils.java:logGet(46)) - raft.server.watch.timeout = 180s (custom)
2022-07-02 07:25:25,479 [9dbfc124-a633-4049-88ff-e9b3a2f880bb@group-BCC6231F1D68-LeaderElection64] INFO  server.RaftServerConfigKeys (ConfUtils.java:logGet(46)) - raft.server.watch.timeout.denomination = 1s (default)
2022-07-02 07:25:25,479 [9dbfc124-a633-4049-88ff-e9b3a2f880bb@group-BCC6231F1D68-LeaderElection64] INFO  server.RaftServerConfigKeys (ConfUtils.java:logGet(46)) - raft.server.watch.element-limit = 65536 (default)
2022-07-02 07:25:25,483 [9dbfc124-a633-4049-88ff-e9b3a2f880bb@group-BCC6231F1D68-LeaderElection64] INFO  server.RaftServerConfigKeys (ConfUtils.java:logGet(46)) - raft.server.write.element-limit = 1024 (custom)
2022-07-02 07:25:25,486 [9dbfc124-a633-4049-88ff-e9b3a2f880bb@group-BCC6231F1D68-LeaderElection64] INFO  server.RaftServerConfigKeys (ConfUtils.java:logGet(46)) - raft.server.write.follower.gap.ratio.max = -1.0 (default)
2022-07-02 07:25:25,486 [9dbfc124-a633-4049-88ff-e9b3a2f880bb@group-BCC6231F1D68-LeaderElection64] INFO  impl.RoleInfo (RoleInfo.java:updateAndGet(139)) - 9dbfc124-a633-4049-88ff-e9b3a2f880bb: start 9dbfc124-a633-4049-88ff-e9b3a2f880bb@group-BCC6231F1D68-LeaderStateImpl
2022-07-02 07:25:25,486 [9dbfc124-a633-4049-88ff-e9b3a2f880bb@group-BCC6231F1D68-LeaderElection64] INFO  segmented.SegmentedRaftLogWorker (SegmentedRaftLogWorker.java:startLogSegment(425)) - 9dbfc124-a633-4049-88ff-e9b3a2f880bb@group-BCC6231F1D68-SegmentedRaftLogWorker: Starting segment from index:0
2022-07-02 07:25:25,488 [9dbfc124-a633-4049-88ff-e9b3a2f880bb@group-BCC6231F1D68-SegmentedRaftLogWorker] INFO  segmented.SegmentedRaftLogWorker (SegmentedRaftLogWorker.java:execute(629)) - 9dbfc124-a633-4049-88ff-e9b3a2f880bb@group-BCC6231F1D68-SegmentedRaftLogWorker: created new log segment /home/runner/work/ozone/ozone/hadoop-ozone/integration-test/target/test-dir/MiniOzoneClusterImpl-61754a76-b51f-4318-8597-8262e590efb7/datanode-3/data/ratis/b27a7bbb-82bc-45d2-96b0-bcc6231f1d68/current/log_inprogress_0
]]></system-out>
  </testcase>
  <testcase name="testTempMount" classname="TestRootedOzoneFileSystem" time="0.263">
    <system-out><![CDATA[2022-07-02 07:19:58,871 [Time-limited test] INFO  rpc.RpcClient (RpcClient.java:createVolume(466)) - Creating Volume: volume77712, with user73135 as owner and space quota set to -1 bytes, counts quota set to -1
2022-07-02 07:19:58,876 [OM StateMachine ApplyTransaction Thread - 0] INFO  volume.OMVolumeCreateRequest (OMVolumeCreateRequest.java:validateAndUpdateCache(195)) - created volume:volume77712 for user:user73135
2022-07-02 07:19:58,879 [Time-limited test] INFO  rpc.RpcClient (RpcClient.java:createBucket(669)) - Creating Bucket: volume77712/bucket80838, with bucket layout LEGACY, runner as owner, Versioning false, Storage Type set to DISK and Encryption set to false 
2022-07-02 07:19:58,882 [OM StateMachine ApplyTransaction Thread - 0] INFO  bucket.OMBucketCreateRequest (OMBucketCreateRequest.java:validateAndUpdateCache(260)) - created bucket: bucket80838 of layout LEGACY in volume: volume77712
2022-07-02 07:19:58,885 [Time-limited test] INFO  rpc.RpcClient (RpcClient.java:createVolume(466)) - Creating Volume: tmp, with runner as owner and space quota set to 9223372036854775807 bytes, counts quota set to 1000
2022-07-02 07:19:58,889 [OM StateMachine ApplyTransaction Thread - 0] INFO  volume.OMVolumeCreateRequest (OMVolumeCreateRequest.java:validateAndUpdateCache(195)) - created volume:tmp for user:runner
2022-07-02 07:19:58,896 [Time-limited test] INFO  rpc.RpcClient (RpcClient.java:createBucket(669)) - Creating Bucket: tmp/4bad0b8dd3074cd43f641c2ac22a3571, with bucket layout LEGACY, runner as owner, Versioning false, Storage Type set to DISK and Encryption set to false 
2022-07-02 07:19:58,899 [OM StateMachine ApplyTransaction Thread - 0] INFO  bucket.OMBucketCreateRequest (OMBucketCreateRequest.java:validateAndUpdateCache(260)) - created bucket: 4bad0b8dd3074cd43f641c2ac22a3571 of layout LEGACY in volume: tmp
]]></system-out>
  </testcase>
  <testcase name="testTempMount" classname="TestRootedOzoneFileSystem" time="0.324">
    <system-out><![CDATA[2022-07-02 07:21:10,048 [Time-limited test] INFO  rpc.RpcClient (RpcClient.java:createVolume(466)) - Creating Volume: volume42252, with user54603 as owner and space quota set to -1 bytes, counts quota set to -1
2022-07-02 07:21:10,050 [OM StateMachine ApplyTransaction Thread - 0] INFO  volume.OMVolumeCreateRequest (OMVolumeCreateRequest.java:validateAndUpdateCache(195)) - created volume:volume42252 for user:user54603
2022-07-02 07:21:10,051 [Time-limited test] INFO  rpc.RpcClient (RpcClient.java:createBucket(669)) - Creating Bucket: volume42252/bucket93891, with bucket layout LEGACY, runner as owner, Versioning false, Storage Type set to DISK and Encryption set to false 
2022-07-02 07:21:10,052 [OM StateMachine ApplyTransaction Thread - 0] INFO  bucket.OMBucketCreateRequest (OMBucketCreateRequest.java:validateAndUpdateCache(260)) - created bucket: bucket93891 of layout LEGACY in volume: volume42252
2022-07-02 07:21:10,053 [Time-limited test] INFO  rpc.RpcClient (RpcClient.java:createVolume(466)) - Creating Volume: tmp, with runner as owner and space quota set to 9223372036854775807 bytes, counts quota set to 1000
2022-07-02 07:21:10,055 [OM StateMachine ApplyTransaction Thread - 0] INFO  volume.OMVolumeCreateRequest (OMVolumeCreateRequest.java:validateAndUpdateCache(195)) - created volume:tmp for user:runner
07:21:10.056 [IPC Server handler 8 on default port 42659] ERROR OMAudit - user=runner | ip=127.0.0.1 | op=READ_BUCKET {volume=tmp, bucket=4bad0b8dd3074cd43f641c2ac22a3571} | ret=FAILURE
org.apache.hadoop.ozone.om.exceptions.OMException: Bucket not found
	at org.apache.hadoop.ozone.om.BucketManagerImpl.getBucketInfo(BucketManagerImpl.java:131) ~[ozone-manager-1.3.0-SNAPSHOT.jar:?]
	at org.apache.hadoop.ozone.om.OzoneManager.getBucketInfo(OzoneManager.java:2778) ~[ozone-manager-1.3.0-SNAPSHOT.jar:?]
	at org.apache.hadoop.ozone.protocolPB.OzoneManagerRequestHandler.infoBucket(OzoneManagerRequestHandler.java:464) ~[ozone-manager-1.3.0-SNAPSHOT.jar:?]
	at org.apache.hadoop.ozone.protocolPB.OzoneManagerRequestHandler.handleReadRequest(OzoneManagerRequestHandler.java:172) ~[ozone-manager-1.3.0-SNAPSHOT.jar:?]
	at org.apache.hadoop.ozone.protocolPB.OzoneManagerProtocolServerSideTranslatorPB.submitReadRequestToOM(OzoneManagerProtocolServerSideTranslatorPB.java:226) ~[ozone-manager-1.3.0-SNAPSHOT.jar:?]
	at org.apache.hadoop.ozone.protocolPB.OzoneManagerProtocolServerSideTranslatorPB.processRequest(OzoneManagerProtocolServerSideTranslatorPB.java:175) ~[ozone-manager-1.3.0-SNAPSHOT.jar:?]
	at org.apache.hadoop.hdds.server.OzoneProtocolMessageDispatcher.processRequest(OzoneProtocolMessageDispatcher.java:87) [hdds-server-framework-1.3.0-SNAPSHOT.jar:?]
	at org.apache.hadoop.ozone.protocolPB.OzoneManagerProtocolServerSideTranslatorPB.submitRequest(OzoneManagerProtocolServerSideTranslatorPB.java:147) [ozone-manager-1.3.0-SNAPSHOT.jar:?]
	at org.apache.hadoop.ozone.protocol.proto.OzoneManagerProtocolProtos$OzoneManagerService$2.callBlockingMethod(OzoneManagerProtocolProtos.java) [ozone-interface-client-1.3.0-SNAPSHOT.jar:?]
	at org.apache.hadoop.ipc.ProtobufRpcEngine$Server.processCall(ProtobufRpcEngine.java:466) [hadoop-common-3.3.1.jar:?]
	at org.apache.hadoop.ipc.ProtobufRpcEngine2$Server$ProtoBufRpcInvoker.call(ProtobufRpcEngine2.java:574) [hadoop-common-3.3.1.jar:?]
	at org.apache.hadoop.ipc.ProtobufRpcEngine2$Server$ProtoBufRpcInvoker.call(ProtobufRpcEngine2.java:552) [hadoop-common-3.3.1.jar:?]
	at org.apache.hadoop.ipc.RPC$Server.call(RPC.java:1093) [hadoop-common-3.3.1.jar:?]
	at org.apache.hadoop.ipc.Server$RpcCall.run(Server.java:1035) [hadoop-common-3.3.1.jar:?]
	at org.apache.hadoop.ipc.Server$RpcCall.run(Server.java:963) [hadoop-common-3.3.1.jar:?]
	at java.security.AccessController.doPrivileged(Native Method) ~[?:1.8.0_332]
	at javax.security.auth.Subject.doAs(Subject.java:422) [?:1.8.0_332]
	at org.apache.hadoop.security.UserGroupInformation.doAs(UserGroupInformation.java:1878) [hadoop-common-3.3.1.jar:?]
	at org.apache.hadoop.ipc.Server$Handler.run(Server.java:2966) [hadoop-common-3.3.1.jar:?]
07:21:10.057 [IPC Server handler 0 on default port 42659] ERROR OMAudit - user=runner | ip=127.0.0.1 | op=READ_BUCKET {volume=tmp, bucket=4bad0b8dd3074cd43f641c2ac22a3571} | ret=FAILURE
org.apache.hadoop.ozone.om.exceptions.OMException: Bucket not found
	at org.apache.hadoop.ozone.om.BucketManagerImpl.getBucketInfo(BucketManagerImpl.java:131) ~[ozone-manager-1.3.0-SNAPSHOT.jar:?]
	at org.apache.hadoop.ozone.om.OzoneManager.getBucketInfo(OzoneManager.java:2778) ~[ozone-manager-1.3.0-SNAPSHOT.jar:?]
	at org.apache.hadoop.ozone.protocolPB.OzoneManagerRequestHandler.infoBucket(OzoneManagerRequestHandler.java:464) ~[ozone-manager-1.3.0-SNAPSHOT.jar:?]
	at org.apache.hadoop.ozone.protocolPB.OzoneManagerRequestHandler.handleReadRequest(OzoneManagerRequestHandler.java:172) ~[ozone-manager-1.3.0-SNAPSHOT.jar:?]
	at org.apache.hadoop.ozone.protocolPB.OzoneManagerProtocolServerSideTranslatorPB.submitReadRequestToOM(OzoneManagerProtocolServerSideTranslatorPB.java:226) ~[ozone-manager-1.3.0-SNAPSHOT.jar:?]
	at org.apache.hadoop.ozone.protocolPB.OzoneManagerProtocolServerSideTranslatorPB.processRequest(OzoneManagerProtocolServerSideTranslatorPB.java:175) ~[ozone-manager-1.3.0-SNAPSHOT.jar:?]
	at org.apache.hadoop.hdds.server.OzoneProtocolMessageDispatcher.processRequest(OzoneProtocolMessageDispatcher.java:87) [hdds-server-framework-1.3.0-SNAPSHOT.jar:?]
	at org.apache.hadoop.ozone.protocolPB.OzoneManagerProtocolServerSideTranslatorPB.submitRequest(OzoneManagerProtocolServerSideTranslatorPB.java:147) [ozone-manager-1.3.0-SNAPSHOT.jar:?]
	at org.apache.hadoop.ozone.protocol.proto.OzoneManagerProtocolProtos$OzoneManagerService$2.callBlockingMethod(OzoneManagerProtocolProtos.java) [ozone-interface-client-1.3.0-SNAPSHOT.jar:?]
	at org.apache.hadoop.ipc.ProtobufRpcEngine$Server.processCall(ProtobufRpcEngine.java:466) [hadoop-common-3.3.1.jar:?]
	at org.apache.hadoop.ipc.ProtobufRpcEngine2$Server$ProtoBufRpcInvoker.call(ProtobufRpcEngine2.java:574) [hadoop-common-3.3.1.jar:?]
	at org.apache.hadoop.ipc.ProtobufRpcEngine2$Server$ProtoBufRpcInvoker.call(ProtobufRpcEngine2.java:552) [hadoop-common-3.3.1.jar:?]
	at org.apache.hadoop.ipc.RPC$Server.call(RPC.java:1093) [hadoop-common-3.3.1.jar:?]
	at org.apache.hadoop.ipc.Server$RpcCall.run(Server.java:1035) [hadoop-common-3.3.1.jar:?]
	at org.apache.hadoop.ipc.Server$RpcCall.run(Server.java:963) [hadoop-common-3.3.1.jar:?]
	at java.security.AccessController.doPrivileged(Native Method) ~[?:1.8.0_332]
	at javax.security.auth.Subject.doAs(Subject.java:422) [?:1.8.0_332]
	at org.apache.hadoop.security.UserGroupInformation.doAs(UserGroupInformation.java:1878) [hadoop-common-3.3.1.jar:?]
	at org.apache.hadoop.ipc.Server$Handler.run(Server.java:2966) [hadoop-common-3.3.1.jar:?]
2022-07-02 07:21:10,058 [Time-limited test] INFO  rpc.RpcClient (RpcClient.java:createBucket(669)) - Creating Bucket: tmp/4bad0b8dd3074cd43f641c2ac22a3571, with bucket layout LEGACY, runner as owner, Versioning false, Storage Type set to DISK and Encryption set to false 
2022-07-02 07:21:10,059 [OM StateMachine ApplyTransaction Thread - 0] INFO  bucket.OMBucketCreateRequest (OMBucketCreateRequest.java:validateAndUpdateCache(260)) - created bucket: 4bad0b8dd3074cd43f641c2ac22a3571 of layout LEGACY in volume: tmp
]]></system-out>
  </testcase>
  <testcase name="testTempMount" classname="TestRootedOzoneFileSystem" time="0.541">
    <system-out><![CDATA[2022-07-02 07:22:21,380 [Time-limited test] INFO  rpc.RpcClient (RpcClient.java:createVolume(466)) - Creating Volume: volume01778, with user21872 as owner and space quota set to -1 bytes, counts quota set to -1
2022-07-02 07:22:21,384 [IPC Server handler 14 on default port 38347] INFO  volume.OMVolumeCreateRequest (OMVolumeCreateRequest.java:validateAndUpdateCache(195)) - created volume:volume01778 for user:user21872
2022-07-02 07:22:21,385 [Time-limited test] INFO  rpc.RpcClient (RpcClient.java:createBucket(669)) - Creating Bucket: volume01778/bucket30583, with bucket layout LEGACY, runner as owner, Versioning false, Storage Type set to DISK and Encryption set to false 
2022-07-02 07:22:21,385 [IPC Server handler 19 on default port 38347] INFO  bucket.OMBucketCreateRequest (OMBucketCreateRequest.java:validateAndUpdateCache(260)) - created bucket: bucket30583 of layout LEGACY in volume: volume01778
2022-07-02 07:22:21,386 [Time-limited test] INFO  rpc.RpcClient (RpcClient.java:createVolume(466)) - Creating Volume: tmp, with runner as owner and space quota set to 9223372036854775807 bytes, counts quota set to 1000
2022-07-02 07:22:21,387 [IPC Server handler 0 on default port 38347] INFO  volume.OMVolumeCreateRequest (OMVolumeCreateRequest.java:validateAndUpdateCache(195)) - created volume:tmp for user:runner
07:22:21.392 [IPC Server handler 2 on default port 38347] ERROR OMAudit - user=runner | ip=127.0.0.1 | op=READ_BUCKET {volume=tmp, bucket=4bad0b8dd3074cd43f641c2ac22a3571} | ret=FAILURE
org.apache.hadoop.ozone.om.exceptions.OMException: Bucket not found
	at org.apache.hadoop.ozone.om.BucketManagerImpl.getBucketInfo(BucketManagerImpl.java:131) ~[ozone-manager-1.3.0-SNAPSHOT.jar:?]
	at org.apache.hadoop.ozone.om.OzoneManager.getBucketInfo(OzoneManager.java:2778) ~[ozone-manager-1.3.0-SNAPSHOT.jar:?]
	at org.apache.hadoop.ozone.protocolPB.OzoneManagerRequestHandler.infoBucket(OzoneManagerRequestHandler.java:464) ~[ozone-manager-1.3.0-SNAPSHOT.jar:?]
	at org.apache.hadoop.ozone.protocolPB.OzoneManagerRequestHandler.handleReadRequest(OzoneManagerRequestHandler.java:172) ~[ozone-manager-1.3.0-SNAPSHOT.jar:?]
	at org.apache.hadoop.ozone.protocolPB.OzoneManagerProtocolServerSideTranslatorPB.submitRequestDirectlyToOM(OzoneManagerProtocolServerSideTranslatorPB.java:276) ~[ozone-manager-1.3.0-SNAPSHOT.jar:?]
	at org.apache.hadoop.ozone.protocolPB.OzoneManagerProtocolServerSideTranslatorPB.processRequest(OzoneManagerProtocolServerSideTranslatorPB.java:205) ~[ozone-manager-1.3.0-SNAPSHOT.jar:?]
	at org.apache.hadoop.hdds.server.OzoneProtocolMessageDispatcher.processRequest(OzoneProtocolMessageDispatcher.java:87) [hdds-server-framework-1.3.0-SNAPSHOT.jar:?]
	at org.apache.hadoop.ozone.protocolPB.OzoneManagerProtocolServerSideTranslatorPB.submitRequest(OzoneManagerProtocolServerSideTranslatorPB.java:147) [ozone-manager-1.3.0-SNAPSHOT.jar:?]
	at org.apache.hadoop.ozone.protocol.proto.OzoneManagerProtocolProtos$OzoneManagerService$2.callBlockingMethod(OzoneManagerProtocolProtos.java) [ozone-interface-client-1.3.0-SNAPSHOT.jar:?]
	at org.apache.hadoop.ipc.ProtobufRpcEngine$Server.processCall(ProtobufRpcEngine.java:466) [hadoop-common-3.3.1.jar:?]
	at org.apache.hadoop.ipc.ProtobufRpcEngine2$Server$ProtoBufRpcInvoker.call(ProtobufRpcEngine2.java:574) [hadoop-common-3.3.1.jar:?]
	at org.apache.hadoop.ipc.ProtobufRpcEngine2$Server$ProtoBufRpcInvoker.call(ProtobufRpcEngine2.java:552) [hadoop-common-3.3.1.jar:?]
	at org.apache.hadoop.ipc.RPC$Server.call(RPC.java:1093) [hadoop-common-3.3.1.jar:?]
	at org.apache.hadoop.ipc.Server$RpcCall.run(Server.java:1035) [hadoop-common-3.3.1.jar:?]
	at org.apache.hadoop.ipc.Server$RpcCall.run(Server.java:963) [hadoop-common-3.3.1.jar:?]
	at java.security.AccessController.doPrivileged(Native Method) ~[?:1.8.0_332]
	at javax.security.auth.Subject.doAs(Subject.java:422) [?:1.8.0_332]
	at org.apache.hadoop.security.UserGroupInformation.doAs(UserGroupInformation.java:1878) [hadoop-common-3.3.1.jar:?]
	at org.apache.hadoop.ipc.Server$Handler.run(Server.java:2966) [hadoop-common-3.3.1.jar:?]
07:22:21.393 [IPC Server handler 4 on default port 38347] ERROR OMAudit - user=runner | ip=127.0.0.1 | op=READ_BUCKET {volume=tmp, bucket=4bad0b8dd3074cd43f641c2ac22a3571} | ret=FAILURE
org.apache.hadoop.ozone.om.exceptions.OMException: Bucket not found
	at org.apache.hadoop.ozone.om.BucketManagerImpl.getBucketInfo(BucketManagerImpl.java:131) ~[ozone-manager-1.3.0-SNAPSHOT.jar:?]
	at org.apache.hadoop.ozone.om.OzoneManager.getBucketInfo(OzoneManager.java:2778) ~[ozone-manager-1.3.0-SNAPSHOT.jar:?]
	at org.apache.hadoop.ozone.protocolPB.OzoneManagerRequestHandler.infoBucket(OzoneManagerRequestHandler.java:464) ~[ozone-manager-1.3.0-SNAPSHOT.jar:?]
	at org.apache.hadoop.ozone.protocolPB.OzoneManagerRequestHandler.handleReadRequest(OzoneManagerRequestHandler.java:172) ~[ozone-manager-1.3.0-SNAPSHOT.jar:?]
	at org.apache.hadoop.ozone.protocolPB.OzoneManagerProtocolServerSideTranslatorPB.submitRequestDirectlyToOM(OzoneManagerProtocolServerSideTranslatorPB.java:276) ~[ozone-manager-1.3.0-SNAPSHOT.jar:?]
	at org.apache.hadoop.ozone.protocolPB.OzoneManagerProtocolServerSideTranslatorPB.processRequest(OzoneManagerProtocolServerSideTranslatorPB.java:205) ~[ozone-manager-1.3.0-SNAPSHOT.jar:?]
	at org.apache.hadoop.hdds.server.OzoneProtocolMessageDispatcher.processRequest(OzoneProtocolMessageDispatcher.java:87) [hdds-server-framework-1.3.0-SNAPSHOT.jar:?]
	at org.apache.hadoop.ozone.protocolPB.OzoneManagerProtocolServerSideTranslatorPB.submitRequest(OzoneManagerProtocolServerSideTranslatorPB.java:147) [ozone-manager-1.3.0-SNAPSHOT.jar:?]
	at org.apache.hadoop.ozone.protocol.proto.OzoneManagerProtocolProtos$OzoneManagerService$2.callBlockingMethod(OzoneManagerProtocolProtos.java) [ozone-interface-client-1.3.0-SNAPSHOT.jar:?]
	at org.apache.hadoop.ipc.ProtobufRpcEngine$Server.processCall(ProtobufRpcEngine.java:466) [hadoop-common-3.3.1.jar:?]
	at org.apache.hadoop.ipc.ProtobufRpcEngine2$Server$ProtoBufRpcInvoker.call(ProtobufRpcEngine2.java:574) [hadoop-common-3.3.1.jar:?]
	at org.apache.hadoop.ipc.ProtobufRpcEngine2$Server$ProtoBufRpcInvoker.call(ProtobufRpcEngine2.java:552) [hadoop-common-3.3.1.jar:?]
	at org.apache.hadoop.ipc.RPC$Server.call(RPC.java:1093) [hadoop-common-3.3.1.jar:?]
	at org.apache.hadoop.ipc.Server$RpcCall.run(Server.java:1035) [hadoop-common-3.3.1.jar:?]
	at org.apache.hadoop.ipc.Server$RpcCall.run(Server.java:963) [hadoop-common-3.3.1.jar:?]
	at java.security.AccessController.doPrivileged(Native Method) ~[?:1.8.0_332]
	at javax.security.auth.Subject.doAs(Subject.java:422) [?:1.8.0_332]
	at org.apache.hadoop.security.UserGroupInformation.doAs(UserGroupInformation.java:1878) [hadoop-common-3.3.1.jar:?]
	at org.apache.hadoop.ipc.Server$Handler.run(Server.java:2966) [hadoop-common-3.3.1.jar:?]
2022-07-02 07:22:21,394 [Time-limited test] INFO  rpc.RpcClient (RpcClient.java:createBucket(669)) - Creating Bucket: tmp/4bad0b8dd3074cd43f641c2ac22a3571, with bucket layout LEGACY, runner as owner, Versioning false, Storage Type set to DISK and Encryption set to false 
2022-07-02 07:22:21,395 [IPC Server handler 5 on default port 38347] INFO  bucket.OMBucketCreateRequest (OMBucketCreateRequest.java:validateAndUpdateCache(260)) - created bucket: 4bad0b8dd3074cd43f641c2ac22a3571 of layout LEGACY in volume: tmp
]]></system-out>
  </testcase>
  <testcase name="testTempMount" classname="TestRootedOzoneFileSystem" time="0.456">
    <system-out><![CDATA[2022-07-02 07:23:54,010 [Time-limited test] INFO  rpc.RpcClient (RpcClient.java:createVolume(466)) - Creating Volume: volume93075, with user75185 as owner and space quota set to -1 bytes, counts quota set to -1
2022-07-02 07:23:54,013 [OM StateMachine ApplyTransaction Thread - 0] INFO  volume.OMVolumeCreateRequest (OMVolumeCreateRequest.java:validateAndUpdateCache(195)) - created volume:volume93075 for user:user75185
2022-07-02 07:23:54,014 [Time-limited test] INFO  rpc.RpcClient (RpcClient.java:createBucket(669)) - Creating Bucket: volume93075/bucket44415, with bucket layout LEGACY, runner as owner, Versioning false, Storage Type set to DISK and Encryption set to false 
2022-07-02 07:23:54,020 [OM StateMachine ApplyTransaction Thread - 0] INFO  bucket.OMBucketCreateRequest (OMBucketCreateRequest.java:validateAndUpdateCache(260)) - created bucket: bucket44415 of layout LEGACY in volume: volume93075
2022-07-02 07:23:54,025 [Time-limited test] INFO  rpc.RpcClient (RpcClient.java:createVolume(466)) - Creating Volume: tmp, with runner as owner and space quota set to 9223372036854775807 bytes, counts quota set to 1000
2022-07-02 07:23:54,027 [OM StateMachine ApplyTransaction Thread - 0] INFO  volume.OMVolumeCreateRequest (OMVolumeCreateRequest.java:validateAndUpdateCache(195)) - created volume:tmp for user:runner
07:23:54.028 [IPC Server handler 19 on default port 38259] ERROR OMAudit - user=runner | ip=127.0.0.1 | op=READ_BUCKET {volume=tmp, bucket=4bad0b8dd3074cd43f641c2ac22a3571} | ret=FAILURE
org.apache.hadoop.ozone.om.exceptions.OMException: Bucket not found
	at org.apache.hadoop.ozone.om.BucketManagerImpl.getBucketInfo(BucketManagerImpl.java:131) ~[ozone-manager-1.3.0-SNAPSHOT.jar:?]
	at org.apache.hadoop.ozone.om.OzoneManager.getBucketInfo(OzoneManager.java:2778) ~[ozone-manager-1.3.0-SNAPSHOT.jar:?]
	at org.apache.hadoop.ozone.protocolPB.OzoneManagerRequestHandler.infoBucket(OzoneManagerRequestHandler.java:464) ~[ozone-manager-1.3.0-SNAPSHOT.jar:?]
	at org.apache.hadoop.ozone.protocolPB.OzoneManagerRequestHandler.handleReadRequest(OzoneManagerRequestHandler.java:172) ~[ozone-manager-1.3.0-SNAPSHOT.jar:?]
	at org.apache.hadoop.ozone.protocolPB.OzoneManagerProtocolServerSideTranslatorPB.submitReadRequestToOM(OzoneManagerProtocolServerSideTranslatorPB.java:226) ~[ozone-manager-1.3.0-SNAPSHOT.jar:?]
	at org.apache.hadoop.ozone.protocolPB.OzoneManagerProtocolServerSideTranslatorPB.processRequest(OzoneManagerProtocolServerSideTranslatorPB.java:175) ~[ozone-manager-1.3.0-SNAPSHOT.jar:?]
	at org.apache.hadoop.hdds.server.OzoneProtocolMessageDispatcher.processRequest(OzoneProtocolMessageDispatcher.java:87) [hdds-server-framework-1.3.0-SNAPSHOT.jar:?]
	at org.apache.hadoop.ozone.protocolPB.OzoneManagerProtocolServerSideTranslatorPB.submitRequest(OzoneManagerProtocolServerSideTranslatorPB.java:147) [ozone-manager-1.3.0-SNAPSHOT.jar:?]
	at org.apache.hadoop.ozone.protocol.proto.OzoneManagerProtocolProtos$OzoneManagerService$2.callBlockingMethod(OzoneManagerProtocolProtos.java) [ozone-interface-client-1.3.0-SNAPSHOT.jar:?]
	at org.apache.hadoop.ipc.ProtobufRpcEngine$Server.processCall(ProtobufRpcEngine.java:466) [hadoop-common-3.3.1.jar:?]
	at org.apache.hadoop.ipc.ProtobufRpcEngine2$Server$ProtoBufRpcInvoker.call(ProtobufRpcEngine2.java:574) [hadoop-common-3.3.1.jar:?]
	at org.apache.hadoop.ipc.ProtobufRpcEngine2$Server$ProtoBufRpcInvoker.call(ProtobufRpcEngine2.java:552) [hadoop-common-3.3.1.jar:?]
	at org.apache.hadoop.ipc.RPC$Server.call(RPC.java:1093) [hadoop-common-3.3.1.jar:?]
	at org.apache.hadoop.ipc.Server$RpcCall.run(Server.java:1035) [hadoop-common-3.3.1.jar:?]
	at org.apache.hadoop.ipc.Server$RpcCall.run(Server.java:963) [hadoop-common-3.3.1.jar:?]
	at java.security.AccessController.doPrivileged(Native Method) ~[?:1.8.0_332]
	at javax.security.auth.Subject.doAs(Subject.java:422) [?:1.8.0_332]
	at org.apache.hadoop.security.UserGroupInformation.doAs(UserGroupInformation.java:1878) [hadoop-common-3.3.1.jar:?]
	at org.apache.hadoop.ipc.Server$Handler.run(Server.java:2966) [hadoop-common-3.3.1.jar:?]
07:23:54.028 [IPC Server handler 18 on default port 38259] ERROR OMAudit - user=runner | ip=127.0.0.1 | op=READ_BUCKET {volume=tmp, bucket=4bad0b8dd3074cd43f641c2ac22a3571} | ret=FAILURE
org.apache.hadoop.ozone.om.exceptions.OMException: Bucket not found
	at org.apache.hadoop.ozone.om.BucketManagerImpl.getBucketInfo(BucketManagerImpl.java:131) ~[ozone-manager-1.3.0-SNAPSHOT.jar:?]
	at org.apache.hadoop.ozone.om.OzoneManager.getBucketInfo(OzoneManager.java:2778) ~[ozone-manager-1.3.0-SNAPSHOT.jar:?]
	at org.apache.hadoop.ozone.protocolPB.OzoneManagerRequestHandler.infoBucket(OzoneManagerRequestHandler.java:464) ~[ozone-manager-1.3.0-SNAPSHOT.jar:?]
	at org.apache.hadoop.ozone.protocolPB.OzoneManagerRequestHandler.handleReadRequest(OzoneManagerRequestHandler.java:172) ~[ozone-manager-1.3.0-SNAPSHOT.jar:?]
	at org.apache.hadoop.ozone.protocolPB.OzoneManagerProtocolServerSideTranslatorPB.submitReadRequestToOM(OzoneManagerProtocolServerSideTranslatorPB.java:226) ~[ozone-manager-1.3.0-SNAPSHOT.jar:?]
	at org.apache.hadoop.ozone.protocolPB.OzoneManagerProtocolServerSideTranslatorPB.processRequest(OzoneManagerProtocolServerSideTranslatorPB.java:175) ~[ozone-manager-1.3.0-SNAPSHOT.jar:?]
	at org.apache.hadoop.hdds.server.OzoneProtocolMessageDispatcher.processRequest(OzoneProtocolMessageDispatcher.java:87) [hdds-server-framework-1.3.0-SNAPSHOT.jar:?]
	at org.apache.hadoop.ozone.protocolPB.OzoneManagerProtocolServerSideTranslatorPB.submitRequest(OzoneManagerProtocolServerSideTranslatorPB.java:147) [ozone-manager-1.3.0-SNAPSHOT.jar:?]
	at org.apache.hadoop.ozone.protocol.proto.OzoneManagerProtocolProtos$OzoneManagerService$2.callBlockingMethod(OzoneManagerProtocolProtos.java) [ozone-interface-client-1.3.0-SNAPSHOT.jar:?]
	at org.apache.hadoop.ipc.ProtobufRpcEngine$Server.processCall(ProtobufRpcEngine.java:466) [hadoop-common-3.3.1.jar:?]
	at org.apache.hadoop.ipc.ProtobufRpcEngine2$Server$ProtoBufRpcInvoker.call(ProtobufRpcEngine2.java:574) [hadoop-common-3.3.1.jar:?]
	at org.apache.hadoop.ipc.ProtobufRpcEngine2$Server$ProtoBufRpcInvoker.call(ProtobufRpcEngine2.java:552) [hadoop-common-3.3.1.jar:?]
	at org.apache.hadoop.ipc.RPC$Server.call(RPC.java:1093) [hadoop-common-3.3.1.jar:?]
	at org.apache.hadoop.ipc.Server$RpcCall.run(Server.java:1035) [hadoop-common-3.3.1.jar:?]
	at org.apache.hadoop.ipc.Server$RpcCall.run(Server.java:963) [hadoop-common-3.3.1.jar:?]
	at java.security.AccessController.doPrivileged(Native Method) ~[?:1.8.0_332]
	at javax.security.auth.Subject.doAs(Subject.java:422) [?:1.8.0_332]
	at org.apache.hadoop.security.UserGroupInformation.doAs(UserGroupInformation.java:1878) [hadoop-common-3.3.1.jar:?]
	at org.apache.hadoop.ipc.Server$Handler.run(Server.java:2966) [hadoop-common-3.3.1.jar:?]
2022-07-02 07:23:54,029 [Time-limited test] INFO  rpc.RpcClient (RpcClient.java:createBucket(669)) - Creating Bucket: tmp/4bad0b8dd3074cd43f641c2ac22a3571, with bucket layout LEGACY, runner as owner, Versioning false, Storage Type set to DISK and Encryption set to false 
2022-07-02 07:23:54,036 [OM StateMachine ApplyTransaction Thread - 0] INFO  bucket.OMBucketCreateRequest (OMBucketCreateRequest.java:validateAndUpdateCache(260)) - created bucket: 4bad0b8dd3074cd43f641c2ac22a3571 of layout LEGACY in volume: tmp
]]></system-out>
  </testcase>
  <testcase name="testTempMount" classname="TestRootedOzoneFileSystem" time="0.703">
    <system-out><![CDATA[2022-07-02 07:25:25,501 [9dbfc124-a633-4049-88ff-e9b3a2f880bb@group-BCC6231F1D68-LeaderElection64] INFO  server.RaftServer$Division (ServerState.java:setRaftConf(393)) - 9dbfc124-a633-4049-88ff-e9b3a2f880bb@group-BCC6231F1D68: set configuration 0: [9dbfc124-a633-4049-88ff-e9b3a2f880bb|rpc:10.1.0.20:34393|dataStream:|priority:1], old=null
2022-07-02 07:25:25,676 [Time-limited test] INFO  rpc.RpcClient (RpcClient.java:createVolume(466)) - Creating Volume: volume57572, with user34392 as owner and space quota set to -1 bytes, counts quota set to -1
2022-07-02 07:25:25,677 [IPC Server handler 3 on default port 43657] INFO  volume.OMVolumeCreateRequest (OMVolumeCreateRequest.java:validateAndUpdateCache(195)) - created volume:volume57572 for user:user34392
2022-07-02 07:25:25,688 [Time-limited test] INFO  rpc.RpcClient (RpcClient.java:createBucket(669)) - Creating Bucket: volume57572/bucket75713, with bucket layout LEGACY, runner as owner, Versioning false, Storage Type set to DISK and Encryption set to false 
2022-07-02 07:25:25,689 [IPC Server handler 5 on default port 43657] INFO  bucket.OMBucketCreateRequest (OMBucketCreateRequest.java:validateAndUpdateCache(260)) - created bucket: bucket75713 of layout LEGACY in volume: volume57572
2022-07-02 07:25:25,696 [Time-limited test] INFO  rpc.RpcClient (RpcClient.java:createVolume(466)) - Creating Volume: tmp, with runner as owner and space quota set to 9223372036854775807 bytes, counts quota set to 1000
2022-07-02 07:25:25,697 [IPC Server handler 7 on default port 43657] INFO  volume.OMVolumeCreateRequest (OMVolumeCreateRequest.java:validateAndUpdateCache(195)) - created volume:tmp for user:runner
07:25:25.700 [IPC Server handler 10 on default port 43657] ERROR OMAudit - user=runner | ip=127.0.0.1 | op=READ_BUCKET {volume=tmp, bucket=4bad0b8dd3074cd43f641c2ac22a3571} | ret=FAILURE
org.apache.hadoop.ozone.om.exceptions.OMException: Bucket not found
	at org.apache.hadoop.ozone.om.BucketManagerImpl.getBucketInfo(BucketManagerImpl.java:131) ~[ozone-manager-1.3.0-SNAPSHOT.jar:?]
	at org.apache.hadoop.ozone.om.OzoneManager.getBucketInfo(OzoneManager.java:2778) ~[ozone-manager-1.3.0-SNAPSHOT.jar:?]
	at org.apache.hadoop.ozone.protocolPB.OzoneManagerRequestHandler.infoBucket(OzoneManagerRequestHandler.java:464) ~[ozone-manager-1.3.0-SNAPSHOT.jar:?]
	at org.apache.hadoop.ozone.protocolPB.OzoneManagerRequestHandler.handleReadRequest(OzoneManagerRequestHandler.java:172) ~[ozone-manager-1.3.0-SNAPSHOT.jar:?]
	at org.apache.hadoop.ozone.protocolPB.OzoneManagerProtocolServerSideTranslatorPB.submitRequestDirectlyToOM(OzoneManagerProtocolServerSideTranslatorPB.java:276) ~[ozone-manager-1.3.0-SNAPSHOT.jar:?]
	at org.apache.hadoop.ozone.protocolPB.OzoneManagerProtocolServerSideTranslatorPB.processRequest(OzoneManagerProtocolServerSideTranslatorPB.java:205) ~[ozone-manager-1.3.0-SNAPSHOT.jar:?]
	at org.apache.hadoop.hdds.server.OzoneProtocolMessageDispatcher.processRequest(OzoneProtocolMessageDispatcher.java:87) [hdds-server-framework-1.3.0-SNAPSHOT.jar:?]
	at org.apache.hadoop.ozone.protocolPB.OzoneManagerProtocolServerSideTranslatorPB.submitRequest(OzoneManagerProtocolServerSideTranslatorPB.java:147) [ozone-manager-1.3.0-SNAPSHOT.jar:?]
	at org.apache.hadoop.ozone.protocol.proto.OzoneManagerProtocolProtos$OzoneManagerService$2.callBlockingMethod(OzoneManagerProtocolProtos.java) [ozone-interface-client-1.3.0-SNAPSHOT.jar:?]
	at org.apache.hadoop.ipc.ProtobufRpcEngine$Server.processCall(ProtobufRpcEngine.java:466) [hadoop-common-3.3.1.jar:?]
	at org.apache.hadoop.ipc.ProtobufRpcEngine2$Server$ProtoBufRpcInvoker.call(ProtobufRpcEngine2.java:574) [hadoop-common-3.3.1.jar:?]
	at org.apache.hadoop.ipc.ProtobufRpcEngine2$Server$ProtoBufRpcInvoker.call(ProtobufRpcEngine2.java:552) [hadoop-common-3.3.1.jar:?]
	at org.apache.hadoop.ipc.RPC$Server.call(RPC.java:1093) [hadoop-common-3.3.1.jar:?]
	at org.apache.hadoop.ipc.Server$RpcCall.run(Server.java:1035) [hadoop-common-3.3.1.jar:?]
	at org.apache.hadoop.ipc.Server$RpcCall.run(Server.java:963) [hadoop-common-3.3.1.jar:?]
	at java.security.AccessController.doPrivileged(Native Method) ~[?:1.8.0_332]
	at javax.security.auth.Subject.doAs(Subject.java:422) [?:1.8.0_332]
	at org.apache.hadoop.security.UserGroupInformation.doAs(UserGroupInformation.java:1878) [hadoop-common-3.3.1.jar:?]
	at org.apache.hadoop.ipc.Server$Handler.run(Server.java:2966) [hadoop-common-3.3.1.jar:?]
07:25:25.700 [IPC Server handler 12 on default port 43657] ERROR OMAudit - user=runner | ip=127.0.0.1 | op=READ_BUCKET {volume=tmp, bucket=4bad0b8dd3074cd43f641c2ac22a3571} | ret=FAILURE
org.apache.hadoop.ozone.om.exceptions.OMException: Bucket not found
	at org.apache.hadoop.ozone.om.BucketManagerImpl.getBucketInfo(BucketManagerImpl.java:131) ~[ozone-manager-1.3.0-SNAPSHOT.jar:?]
	at org.apache.hadoop.ozone.om.OzoneManager.getBucketInfo(OzoneManager.java:2778) ~[ozone-manager-1.3.0-SNAPSHOT.jar:?]
	at org.apache.hadoop.ozone.protocolPB.OzoneManagerRequestHandler.infoBucket(OzoneManagerRequestHandler.java:464) ~[ozone-manager-1.3.0-SNAPSHOT.jar:?]
	at org.apache.hadoop.ozone.protocolPB.OzoneManagerRequestHandler.handleReadRequest(OzoneManagerRequestHandler.java:172) ~[ozone-manager-1.3.0-SNAPSHOT.jar:?]
	at org.apache.hadoop.ozone.protocolPB.OzoneManagerProtocolServerSideTranslatorPB.submitRequestDirectlyToOM(OzoneManagerProtocolServerSideTranslatorPB.java:276) ~[ozone-manager-1.3.0-SNAPSHOT.jar:?]
	at org.apache.hadoop.ozone.protocolPB.OzoneManagerProtocolServerSideTranslatorPB.processRequest(OzoneManagerProtocolServerSideTranslatorPB.java:205) ~[ozone-manager-1.3.0-SNAPSHOT.jar:?]
	at org.apache.hadoop.hdds.server.OzoneProtocolMessageDispatcher.processRequest(OzoneProtocolMessageDispatcher.java:87) [hdds-server-framework-1.3.0-SNAPSHOT.jar:?]
	at org.apache.hadoop.ozone.protocolPB.OzoneManagerProtocolServerSideTranslatorPB.submitRequest(OzoneManagerProtocolServerSideTranslatorPB.java:147) [ozone-manager-1.3.0-SNAPSHOT.jar:?]
	at org.apache.hadoop.ozone.protocol.proto.OzoneManagerProtocolProtos$OzoneManagerService$2.callBlockingMethod(OzoneManagerProtocolProtos.java) [ozone-interface-client-1.3.0-SNAPSHOT.jar:?]
	at org.apache.hadoop.ipc.ProtobufRpcEngine$Server.processCall(ProtobufRpcEngine.java:466) [hadoop-common-3.3.1.jar:?]
	at org.apache.hadoop.ipc.ProtobufRpcEngine2$Server$ProtoBufRpcInvoker.call(ProtobufRpcEngine2.java:574) [hadoop-common-3.3.1.jar:?]
	at org.apache.hadoop.ipc.ProtobufRpcEngine2$Server$ProtoBufRpcInvoker.call(ProtobufRpcEngine2.java:552) [hadoop-common-3.3.1.jar:?]
	at org.apache.hadoop.ipc.RPC$Server.call(RPC.java:1093) [hadoop-common-3.3.1.jar:?]
	at org.apache.hadoop.ipc.Server$RpcCall.run(Server.java:1035) [hadoop-common-3.3.1.jar:?]
	at org.apache.hadoop.ipc.Server$RpcCall.run(Server.java:963) [hadoop-common-3.3.1.jar:?]
	at java.security.AccessController.doPrivileged(Native Method) ~[?:1.8.0_332]
	at javax.security.auth.Subject.doAs(Subject.java:422) [?:1.8.0_332]
	at org.apache.hadoop.security.UserGroupInformation.doAs(UserGroupInformation.java:1878) [hadoop-common-3.3.1.jar:?]
	at org.apache.hadoop.ipc.Server$Handler.run(Server.java:2966) [hadoop-common-3.3.1.jar:?]
2022-07-02 07:25:25,701 [Time-limited test] INFO  rpc.RpcClient (RpcClient.java:createBucket(669)) - Creating Bucket: tmp/4bad0b8dd3074cd43f641c2ac22a3571, with bucket layout LEGACY, runner as owner, Versioning false, Storage Type set to DISK and Encryption set to false 
2022-07-02 07:25:25,702 [IPC Server handler 14 on default port 43657] INFO  bucket.OMBucketCreateRequest (OMBucketCreateRequest.java:validateAndUpdateCache(260)) - created bucket: 4bad0b8dd3074cd43f641c2ac22a3571 of layout LEGACY in volume: tmp
]]></system-out>
  </testcase>
  <testcase name="testListStatusRootAndVolumeNonRecursive" classname="TestRootedOzoneFileSystem" time="0.414">
    <system-out><![CDATA[2022-07-02 07:19:59,135 [Time-limited test] INFO  rpc.RpcClient (RpcClient.java:createVolume(466)) - Creating Volume: volume31780, with user39056 as owner and space quota set to -1 bytes, counts quota set to -1
2022-07-02 07:19:59,139 [OM StateMachine ApplyTransaction Thread - 0] INFO  volume.OMVolumeCreateRequest (OMVolumeCreateRequest.java:validateAndUpdateCache(195)) - created volume:volume31780 for user:user39056
2022-07-02 07:19:59,146 [Time-limited test] INFO  rpc.RpcClient (RpcClient.java:createBucket(669)) - Creating Bucket: volume31780/bucket99593, with bucket layout LEGACY, runner as owner, Versioning false, Storage Type set to DISK and Encryption set to false 
2022-07-02 07:19:59,149 [OM StateMachine ApplyTransaction Thread - 0] INFO  bucket.OMBucketCreateRequest (OMBucketCreateRequest.java:validateAndUpdateCache(260)) - created bucket: bucket99593 of layout LEGACY in volume: volume31780
2022-07-02 07:19:59,158 [Time-limited test] INFO  rpc.RpcClient (RpcClient.java:createVolume(466)) - Creating Volume: volume-20843, with runner as owner and space quota set to -1 bytes, counts quota set to -1
2022-07-02 07:19:59,161 [OM StateMachine ApplyTransaction Thread - 0] INFO  volume.OMVolumeCreateRequest (OMVolumeCreateRequest.java:validateAndUpdateCache(195)) - created volume:volume-20843 for user:runner
2022-07-02 07:19:59,164 [Time-limited test] INFO  rpc.RpcClient (RpcClient.java:createBucket(669)) - Creating Bucket: volume-20843/bucket-90882, with bucket layout LEGACY, runner as owner, Versioning false, Storage Type set to DISK and Encryption set to false 
2022-07-02 07:19:59,167 [OM StateMachine ApplyTransaction Thread - 0] INFO  bucket.OMBucketCreateRequest (OMBucketCreateRequest.java:validateAndUpdateCache(260)) - created bucket: bucket-90882 of layout LEGACY in volume: volume-20843
2022-07-02 07:19:59,258 [Time-limited test] INFO  rpc.RpcClient (RpcClient.java:createVolume(466)) - Creating Volume: volume-81461, with runner as owner and space quota set to -1 bytes, counts quota set to -1
2022-07-02 07:19:59,260 [OM StateMachine ApplyTransaction Thread - 0] INFO  volume.OMVolumeCreateRequest (OMVolumeCreateRequest.java:validateAndUpdateCache(195)) - created volume:volume-81461 for user:runner
2022-07-02 07:19:59,262 [Time-limited test] INFO  rpc.RpcClient (RpcClient.java:createBucket(669)) - Creating Bucket: volume-81461/bucket-35320, with bucket layout LEGACY, runner as owner, Versioning false, Storage Type set to DISK and Encryption set to false 
2022-07-02 07:19:59,265 [OM StateMachine ApplyTransaction Thread - 0] INFO  bucket.OMBucketCreateRequest (OMBucketCreateRequest.java:validateAndUpdateCache(260)) - created bucket: bucket-35320 of layout LEGACY in volume: volume-81461
]]></system-out>
  </testcase>
  <testcase name="testListStatusRootAndVolumeNonRecursive" classname="TestRootedOzoneFileSystem" time="0.557">
    <system-out><![CDATA[2022-07-02 07:21:10,408 [Time-limited test] INFO  rpc.RpcClient (RpcClient.java:createVolume(466)) - Creating Volume: volume33523, with user43517 as owner and space quota set to -1 bytes, counts quota set to -1
2022-07-02 07:21:10,410 [OM StateMachine ApplyTransaction Thread - 0] INFO  volume.OMVolumeCreateRequest (OMVolumeCreateRequest.java:validateAndUpdateCache(195)) - created volume:volume33523 for user:user43517
2022-07-02 07:21:10,411 [Time-limited test] INFO  rpc.RpcClient (RpcClient.java:createBucket(669)) - Creating Bucket: volume33523/bucket51069, with bucket layout LEGACY, runner as owner, Versioning false, Storage Type set to DISK and Encryption set to false 
2022-07-02 07:21:10,413 [OM StateMachine ApplyTransaction Thread - 0] INFO  bucket.OMBucketCreateRequest (OMBucketCreateRequest.java:validateAndUpdateCache(260)) - created bucket: bucket51069 of layout LEGACY in volume: volume33523
07:21:10.415 [IPC Server handler 13 on default port 42659] ERROR OMAudit - user=runner | ip=127.0.0.1 | op=READ_BUCKET {volume=volume-66257, bucket=bucket-20839} | ret=FAILURE
org.apache.hadoop.ozone.om.exceptions.OMException: Volume not found when getting bucket info
	at org.apache.hadoop.ozone.om.BucketManagerImpl.getBucketInfo(BucketManagerImpl.java:127) ~[ozone-manager-1.3.0-SNAPSHOT.jar:?]
	at org.apache.hadoop.ozone.om.OzoneManager.getBucketInfo(OzoneManager.java:2778) ~[ozone-manager-1.3.0-SNAPSHOT.jar:?]
	at org.apache.hadoop.ozone.protocolPB.OzoneManagerRequestHandler.infoBucket(OzoneManagerRequestHandler.java:464) ~[ozone-manager-1.3.0-SNAPSHOT.jar:?]
	at org.apache.hadoop.ozone.protocolPB.OzoneManagerRequestHandler.handleReadRequest(OzoneManagerRequestHandler.java:172) ~[ozone-manager-1.3.0-SNAPSHOT.jar:?]
	at org.apache.hadoop.ozone.protocolPB.OzoneManagerProtocolServerSideTranslatorPB.submitReadRequestToOM(OzoneManagerProtocolServerSideTranslatorPB.java:226) ~[ozone-manager-1.3.0-SNAPSHOT.jar:?]
	at org.apache.hadoop.ozone.protocolPB.OzoneManagerProtocolServerSideTranslatorPB.processRequest(OzoneManagerProtocolServerSideTranslatorPB.java:175) ~[ozone-manager-1.3.0-SNAPSHOT.jar:?]
	at org.apache.hadoop.hdds.server.OzoneProtocolMessageDispatcher.processRequest(OzoneProtocolMessageDispatcher.java:87) [hdds-server-framework-1.3.0-SNAPSHOT.jar:?]
	at org.apache.hadoop.ozone.protocolPB.OzoneManagerProtocolServerSideTranslatorPB.submitRequest(OzoneManagerProtocolServerSideTranslatorPB.java:147) [ozone-manager-1.3.0-SNAPSHOT.jar:?]
	at org.apache.hadoop.ozone.protocol.proto.OzoneManagerProtocolProtos$OzoneManagerService$2.callBlockingMethod(OzoneManagerProtocolProtos.java) [ozone-interface-client-1.3.0-SNAPSHOT.jar:?]
	at org.apache.hadoop.ipc.ProtobufRpcEngine$Server.processCall(ProtobufRpcEngine.java:466) [hadoop-common-3.3.1.jar:?]
	at org.apache.hadoop.ipc.ProtobufRpcEngine2$Server$ProtoBufRpcInvoker.call(ProtobufRpcEngine2.java:574) [hadoop-common-3.3.1.jar:?]
	at org.apache.hadoop.ipc.ProtobufRpcEngine2$Server$ProtoBufRpcInvoker.call(ProtobufRpcEngine2.java:552) [hadoop-common-3.3.1.jar:?]
	at org.apache.hadoop.ipc.RPC$Server.call(RPC.java:1093) [hadoop-common-3.3.1.jar:?]
	at org.apache.hadoop.ipc.Server$RpcCall.run(Server.java:1035) [hadoop-common-3.3.1.jar:?]
	at org.apache.hadoop.ipc.Server$RpcCall.run(Server.java:963) [hadoop-common-3.3.1.jar:?]
	at java.security.AccessController.doPrivileged(Native Method) ~[?:1.8.0_332]
	at javax.security.auth.Subject.doAs(Subject.java:422) [?:1.8.0_332]
	at org.apache.hadoop.security.UserGroupInformation.doAs(UserGroupInformation.java:1878) [hadoop-common-3.3.1.jar:?]
	at org.apache.hadoop.ipc.Server$Handler.run(Server.java:2966) [hadoop-common-3.3.1.jar:?]
2022-07-02 07:21:10,415 [Time-limited test] INFO  rpc.RpcClient (RpcClient.java:createVolume(466)) - Creating Volume: volume-66257, with runner as owner and space quota set to -1 bytes, counts quota set to -1
2022-07-02 07:21:10,416 [OM StateMachine ApplyTransaction Thread - 0] INFO  volume.OMVolumeCreateRequest (OMVolumeCreateRequest.java:validateAndUpdateCache(195)) - created volume:volume-66257 for user:runner
2022-07-02 07:21:10,422 [Time-limited test] INFO  rpc.RpcClient (RpcClient.java:createBucket(669)) - Creating Bucket: volume-66257/bucket-20839, with bucket layout LEGACY, runner as owner, Versioning false, Storage Type set to DISK and Encryption set to false 
2022-07-02 07:21:10,423 [OM StateMachine ApplyTransaction Thread - 0] INFO  bucket.OMBucketCreateRequest (OMBucketCreateRequest.java:validateAndUpdateCache(260)) - created bucket: bucket-20839 of layout LEGACY in volume: volume-66257
07:21:10.603 [IPC Server handler 2 on default port 42659] ERROR OMAudit - user=runner | ip=127.0.0.1 | op=READ_BUCKET {volume=volume-22071, bucket=bucket-98556} | ret=FAILURE
org.apache.hadoop.ozone.om.exceptions.OMException: Volume not found when getting bucket info
	at org.apache.hadoop.ozone.om.BucketManagerImpl.getBucketInfo(BucketManagerImpl.java:127) ~[ozone-manager-1.3.0-SNAPSHOT.jar:?]
	at org.apache.hadoop.ozone.om.OzoneManager.getBucketInfo(OzoneManager.java:2778) ~[ozone-manager-1.3.0-SNAPSHOT.jar:?]
	at org.apache.hadoop.ozone.protocolPB.OzoneManagerRequestHandler.infoBucket(OzoneManagerRequestHandler.java:464) ~[ozone-manager-1.3.0-SNAPSHOT.jar:?]
	at org.apache.hadoop.ozone.protocolPB.OzoneManagerRequestHandler.handleReadRequest(OzoneManagerRequestHandler.java:172) ~[ozone-manager-1.3.0-SNAPSHOT.jar:?]
	at org.apache.hadoop.ozone.protocolPB.OzoneManagerProtocolServerSideTranslatorPB.submitReadRequestToOM(OzoneManagerProtocolServerSideTranslatorPB.java:226) ~[ozone-manager-1.3.0-SNAPSHOT.jar:?]
	at org.apache.hadoop.ozone.protocolPB.OzoneManagerProtocolServerSideTranslatorPB.processRequest(OzoneManagerProtocolServerSideTranslatorPB.java:175) ~[ozone-manager-1.3.0-SNAPSHOT.jar:?]
	at org.apache.hadoop.hdds.server.OzoneProtocolMessageDispatcher.processRequest(OzoneProtocolMessageDispatcher.java:87) [hdds-server-framework-1.3.0-SNAPSHOT.jar:?]
	at org.apache.hadoop.ozone.protocolPB.OzoneManagerProtocolServerSideTranslatorPB.submitRequest(OzoneManagerProtocolServerSideTranslatorPB.java:147) [ozone-manager-1.3.0-SNAPSHOT.jar:?]
	at org.apache.hadoop.ozone.protocol.proto.OzoneManagerProtocolProtos$OzoneManagerService$2.callBlockingMethod(OzoneManagerProtocolProtos.java) [ozone-interface-client-1.3.0-SNAPSHOT.jar:?]
	at org.apache.hadoop.ipc.ProtobufRpcEngine$Server.processCall(ProtobufRpcEngine.java:466) [hadoop-common-3.3.1.jar:?]
	at org.apache.hadoop.ipc.ProtobufRpcEngine2$Server$ProtoBufRpcInvoker.call(ProtobufRpcEngine2.java:574) [hadoop-common-3.3.1.jar:?]
	at org.apache.hadoop.ipc.ProtobufRpcEngine2$Server$ProtoBufRpcInvoker.call(ProtobufRpcEngine2.java:552) [hadoop-common-3.3.1.jar:?]
	at org.apache.hadoop.ipc.RPC$Server.call(RPC.java:1093) [hadoop-common-3.3.1.jar:?]
	at org.apache.hadoop.ipc.Server$RpcCall.run(Server.java:1035) [hadoop-common-3.3.1.jar:?]
	at org.apache.hadoop.ipc.Server$RpcCall.run(Server.java:963) [hadoop-common-3.3.1.jar:?]
	at java.security.AccessController.doPrivileged(Native Method) ~[?:1.8.0_332]
	at javax.security.auth.Subject.doAs(Subject.java:422) [?:1.8.0_332]
	at org.apache.hadoop.security.UserGroupInformation.doAs(UserGroupInformation.java:1878) [hadoop-common-3.3.1.jar:?]
	at org.apache.hadoop.ipc.Server$Handler.run(Server.java:2966) [hadoop-common-3.3.1.jar:?]
2022-07-02 07:21:10,603 [Time-limited test] INFO  rpc.RpcClient (RpcClient.java:createVolume(466)) - Creating Volume: volume-22071, with runner as owner and space quota set to -1 bytes, counts quota set to -1
2022-07-02 07:21:10,605 [OM StateMachine ApplyTransaction Thread - 0] INFO  volume.OMVolumeCreateRequest (OMVolumeCreateRequest.java:validateAndUpdateCache(195)) - created volume:volume-22071 for user:runner
2022-07-02 07:21:10,606 [Time-limited test] INFO  rpc.RpcClient (RpcClient.java:createBucket(669)) - Creating Bucket: volume-22071/bucket-98556, with bucket layout LEGACY, runner as owner, Versioning false, Storage Type set to DISK and Encryption set to false 
2022-07-02 07:21:10,607 [OM StateMachine ApplyTransaction Thread - 0] INFO  bucket.OMBucketCreateRequest (OMBucketCreateRequest.java:validateAndUpdateCache(260)) - created bucket: bucket-98556 of layout LEGACY in volume: volume-22071
2022-07-02 07:21:10,863 [9e85b174-a55c-4b71-8ba9-5ac009f49f1a@group-A0235C2E9160-FollowerState] INFO  impl.FollowerState (FollowerState.java:run(143)) - 9e85b174-a55c-4b71-8ba9-5ac009f49f1a@group-A0235C2E9160-FollowerState: change to CANDIDATE, lastRpcElapsedTime:5206382144ns, electionTimeout:5183ms
2022-07-02 07:21:10,863 [9e85b174-a55c-4b71-8ba9-5ac009f49f1a@group-A0235C2E9160-FollowerState] INFO  impl.RoleInfo (RoleInfo.java:shutdownFollowerState(110)) - 9e85b174-a55c-4b71-8ba9-5ac009f49f1a: shutdown 9e85b174-a55c-4b71-8ba9-5ac009f49f1a@group-A0235C2E9160-FollowerState
2022-07-02 07:21:10,863 [9e85b174-a55c-4b71-8ba9-5ac009f49f1a@group-A0235C2E9160-FollowerState] INFO  server.RaftServer$Division (RaftServerImpl.java:setRole(299)) - 9e85b174-a55c-4b71-8ba9-5ac009f49f1a@group-A0235C2E9160: changes role from  FOLLOWER to CANDIDATE at term 0 for changeToCandidate
2022-07-02 07:21:10,863 [9e85b174-a55c-4b71-8ba9-5ac009f49f1a@group-A0235C2E9160-FollowerState] INFO  server.RaftServerConfigKeys (ConfUtils.java:logGet(46)) - raft.server.leaderelection.pre-vote = false (custom)
2022-07-02 07:21:10,863 [9e85b174-a55c-4b71-8ba9-5ac009f49f1a@group-A0235C2E9160-FollowerState] INFO  impl.RoleInfo (RoleInfo.java:updateAndGet(139)) - 9e85b174-a55c-4b71-8ba9-5ac009f49f1a: start 9e85b174-a55c-4b71-8ba9-5ac009f49f1a@group-A0235C2E9160-LeaderElection18
]]></system-out>
  </testcase>
  <testcase name="testListStatusRootAndVolumeNonRecursive" classname="TestRootedOzoneFileSystem" time="0.742">
    <system-out><![CDATA[2022-07-02 07:22:21,928 [Time-limited test] INFO  rpc.RpcClient (RpcClient.java:createVolume(466)) - Creating Volume: volume35524, with user75591 as owner and space quota set to -1 bytes, counts quota set to -1
2022-07-02 07:22:21,932 [IPC Server handler 8 on default port 38347] INFO  volume.OMVolumeCreateRequest (OMVolumeCreateRequest.java:validateAndUpdateCache(195)) - created volume:volume35524 for user:user75591
2022-07-02 07:22:21,936 [Time-limited test] INFO  rpc.RpcClient (RpcClient.java:createBucket(669)) - Creating Bucket: volume35524/bucket15198, with bucket layout LEGACY, runner as owner, Versioning false, Storage Type set to DISK and Encryption set to false 
2022-07-02 07:22:21,936 [IPC Server handler 7 on default port 38347] INFO  bucket.OMBucketCreateRequest (OMBucketCreateRequest.java:validateAndUpdateCache(260)) - created bucket: bucket15198 of layout LEGACY in volume: volume35524
07:22:21.941 [IPC Server handler 12 on default port 38347] ERROR OMAudit - user=runner | ip=127.0.0.1 | op=READ_BUCKET {volume=volume-54941, bucket=bucket-99053} | ret=FAILURE
org.apache.hadoop.ozone.om.exceptions.OMException: Volume not found when getting bucket info
	at org.apache.hadoop.ozone.om.BucketManagerImpl.getBucketInfo(BucketManagerImpl.java:127) ~[ozone-manager-1.3.0-SNAPSHOT.jar:?]
	at org.apache.hadoop.ozone.om.OzoneManager.getBucketInfo(OzoneManager.java:2778) ~[ozone-manager-1.3.0-SNAPSHOT.jar:?]
	at org.apache.hadoop.ozone.protocolPB.OzoneManagerRequestHandler.infoBucket(OzoneManagerRequestHandler.java:464) ~[ozone-manager-1.3.0-SNAPSHOT.jar:?]
	at org.apache.hadoop.ozone.protocolPB.OzoneManagerRequestHandler.handleReadRequest(OzoneManagerRequestHandler.java:172) ~[ozone-manager-1.3.0-SNAPSHOT.jar:?]
	at org.apache.hadoop.ozone.protocolPB.OzoneManagerProtocolServerSideTranslatorPB.submitRequestDirectlyToOM(OzoneManagerProtocolServerSideTranslatorPB.java:276) ~[ozone-manager-1.3.0-SNAPSHOT.jar:?]
	at org.apache.hadoop.ozone.protocolPB.OzoneManagerProtocolServerSideTranslatorPB.processRequest(OzoneManagerProtocolServerSideTranslatorPB.java:205) ~[ozone-manager-1.3.0-SNAPSHOT.jar:?]
	at org.apache.hadoop.hdds.server.OzoneProtocolMessageDispatcher.processRequest(OzoneProtocolMessageDispatcher.java:87) [hdds-server-framework-1.3.0-SNAPSHOT.jar:?]
	at org.apache.hadoop.ozone.protocolPB.OzoneManagerProtocolServerSideTranslatorPB.submitRequest(OzoneManagerProtocolServerSideTranslatorPB.java:147) [ozone-manager-1.3.0-SNAPSHOT.jar:?]
	at org.apache.hadoop.ozone.protocol.proto.OzoneManagerProtocolProtos$OzoneManagerService$2.callBlockingMethod(OzoneManagerProtocolProtos.java) [ozone-interface-client-1.3.0-SNAPSHOT.jar:?]
	at org.apache.hadoop.ipc.ProtobufRpcEngine$Server.processCall(ProtobufRpcEngine.java:466) [hadoop-common-3.3.1.jar:?]
	at org.apache.hadoop.ipc.ProtobufRpcEngine2$Server$ProtoBufRpcInvoker.call(ProtobufRpcEngine2.java:574) [hadoop-common-3.3.1.jar:?]
	at org.apache.hadoop.ipc.ProtobufRpcEngine2$Server$ProtoBufRpcInvoker.call(ProtobufRpcEngine2.java:552) [hadoop-common-3.3.1.jar:?]
	at org.apache.hadoop.ipc.RPC$Server.call(RPC.java:1093) [hadoop-common-3.3.1.jar:?]
	at org.apache.hadoop.ipc.Server$RpcCall.run(Server.java:1035) [hadoop-common-3.3.1.jar:?]
	at org.apache.hadoop.ipc.Server$RpcCall.run(Server.java:963) [hadoop-common-3.3.1.jar:?]
	at java.security.AccessController.doPrivileged(Native Method) ~[?:1.8.0_332]
	at javax.security.auth.Subject.doAs(Subject.java:422) [?:1.8.0_332]
	at org.apache.hadoop.security.UserGroupInformation.doAs(UserGroupInformation.java:1878) [hadoop-common-3.3.1.jar:?]
	at org.apache.hadoop.ipc.Server$Handler.run(Server.java:2966) [hadoop-common-3.3.1.jar:?]
2022-07-02 07:22:21,942 [Time-limited test] INFO  rpc.RpcClient (RpcClient.java:createVolume(466)) - Creating Volume: volume-54941, with runner as owner and space quota set to -1 bytes, counts quota set to -1
2022-07-02 07:22:21,942 [IPC Server handler 11 on default port 38347] INFO  volume.OMVolumeCreateRequest (OMVolumeCreateRequest.java:validateAndUpdateCache(195)) - created volume:volume-54941 for user:runner
2022-07-02 07:22:21,943 [Time-limited test] INFO  rpc.RpcClient (RpcClient.java:createBucket(669)) - Creating Bucket: volume-54941/bucket-99053, with bucket layout LEGACY, runner as owner, Versioning false, Storage Type set to DISK and Encryption set to false 
2022-07-02 07:22:21,944 [IPC Server handler 13 on default port 38347] INFO  bucket.OMBucketCreateRequest (OMBucketCreateRequest.java:validateAndUpdateCache(260)) - created bucket: bucket-99053 of layout LEGACY in volume: volume-54941
07:22:22.124 [IPC Server handler 6 on default port 38347] ERROR OMAudit - user=runner | ip=127.0.0.1 | op=READ_BUCKET {volume=volume-12066, bucket=bucket-11846} | ret=FAILURE
org.apache.hadoop.ozone.om.exceptions.OMException: Volume not found when getting bucket info
	at org.apache.hadoop.ozone.om.BucketManagerImpl.getBucketInfo(BucketManagerImpl.java:127) ~[ozone-manager-1.3.0-SNAPSHOT.jar:?]
	at org.apache.hadoop.ozone.om.OzoneManager.getBucketInfo(OzoneManager.java:2778) ~[ozone-manager-1.3.0-SNAPSHOT.jar:?]
	at org.apache.hadoop.ozone.protocolPB.OzoneManagerRequestHandler.infoBucket(OzoneManagerRequestHandler.java:464) ~[ozone-manager-1.3.0-SNAPSHOT.jar:?]
	at org.apache.hadoop.ozone.protocolPB.OzoneManagerRequestHandler.handleReadRequest(OzoneManagerRequestHandler.java:172) ~[ozone-manager-1.3.0-SNAPSHOT.jar:?]
	at org.apache.hadoop.ozone.protocolPB.OzoneManagerProtocolServerSideTranslatorPB.submitRequestDirectlyToOM(OzoneManagerProtocolServerSideTranslatorPB.java:276) ~[ozone-manager-1.3.0-SNAPSHOT.jar:?]
	at org.apache.hadoop.ozone.protocolPB.OzoneManagerProtocolServerSideTranslatorPB.processRequest(OzoneManagerProtocolServerSideTranslatorPB.java:205) ~[ozone-manager-1.3.0-SNAPSHOT.jar:?]
	at org.apache.hadoop.hdds.server.OzoneProtocolMessageDispatcher.processRequest(OzoneProtocolMessageDispatcher.java:87) [hdds-server-framework-1.3.0-SNAPSHOT.jar:?]
	at org.apache.hadoop.ozone.protocolPB.OzoneManagerProtocolServerSideTranslatorPB.submitRequest(OzoneManagerProtocolServerSideTranslatorPB.java:147) [ozone-manager-1.3.0-SNAPSHOT.jar:?]
	at org.apache.hadoop.ozone.protocol.proto.OzoneManagerProtocolProtos$OzoneManagerService$2.callBlockingMethod(OzoneManagerProtocolProtos.java) [ozone-interface-client-1.3.0-SNAPSHOT.jar:?]
	at org.apache.hadoop.ipc.ProtobufRpcEngine$Server.processCall(ProtobufRpcEngine.java:466) [hadoop-common-3.3.1.jar:?]
	at org.apache.hadoop.ipc.ProtobufRpcEngine2$Server$ProtoBufRpcInvoker.call(ProtobufRpcEngine2.java:574) [hadoop-common-3.3.1.jar:?]
	at org.apache.hadoop.ipc.ProtobufRpcEngine2$Server$ProtoBufRpcInvoker.call(ProtobufRpcEngine2.java:552) [hadoop-common-3.3.1.jar:?]
	at org.apache.hadoop.ipc.RPC$Server.call(RPC.java:1093) [hadoop-common-3.3.1.jar:?]
	at org.apache.hadoop.ipc.Server$RpcCall.run(Server.java:1035) [hadoop-common-3.3.1.jar:?]
	at org.apache.hadoop.ipc.Server$RpcCall.run(Server.java:963) [hadoop-common-3.3.1.jar:?]
	at java.security.AccessController.doPrivileged(Native Method) ~[?:1.8.0_332]
	at javax.security.auth.Subject.doAs(Subject.java:422) [?:1.8.0_332]
	at org.apache.hadoop.security.UserGroupInformation.doAs(UserGroupInformation.java:1878) [hadoop-common-3.3.1.jar:?]
	at org.apache.hadoop.ipc.Server$Handler.run(Server.java:2966) [hadoop-common-3.3.1.jar:?]
2022-07-02 07:22:22,125 [Time-limited test] INFO  rpc.RpcClient (RpcClient.java:createVolume(466)) - Creating Volume: volume-12066, with runner as owner and space quota set to -1 bytes, counts quota set to -1
2022-07-02 07:22:22,125 [IPC Server handler 8 on default port 38347] INFO  volume.OMVolumeCreateRequest (OMVolumeCreateRequest.java:validateAndUpdateCache(195)) - created volume:volume-12066 for user:runner
2022-07-02 07:22:22,126 [Time-limited test] INFO  rpc.RpcClient (RpcClient.java:createBucket(669)) - Creating Bucket: volume-12066/bucket-11846, with bucket layout LEGACY, runner as owner, Versioning false, Storage Type set to DISK and Encryption set to false 
2022-07-02 07:22:22,127 [IPC Server handler 7 on default port 38347] INFO  bucket.OMBucketCreateRequest (OMBucketCreateRequest.java:validateAndUpdateCache(260)) - created bucket: bucket-11846 of layout LEGACY in volume: volume-12066
]]></system-out>
  </testcase>
  <testcase name="testListStatusRootAndVolumeNonRecursive" classname="TestRootedOzoneFileSystem" time="1.047">
    <system-out><![CDATA[2022-07-02 07:23:54,605 [Time-limited test] INFO  rpc.RpcClient (RpcClient.java:createVolume(466)) - Creating Volume: volume56378, with user41766 as owner and space quota set to -1 bytes, counts quota set to -1
2022-07-02 07:23:54,619 [OM StateMachine ApplyTransaction Thread - 0] INFO  volume.OMVolumeCreateRequest (OMVolumeCreateRequest.java:validateAndUpdateCache(195)) - created volume:volume56378 for user:user41766
2022-07-02 07:23:54,620 [Time-limited test] INFO  rpc.RpcClient (RpcClient.java:createBucket(669)) - Creating Bucket: volume56378/bucket64224, with bucket layout LEGACY, runner as owner, Versioning false, Storage Type set to DISK and Encryption set to false 
2022-07-02 07:23:54,622 [OM StateMachine ApplyTransaction Thread - 0] INFO  bucket.OMBucketCreateRequest (OMBucketCreateRequest.java:validateAndUpdateCache(260)) - created bucket: bucket64224 of layout LEGACY in volume: volume56378
07:23:54.624 [IPC Server handler 6 on default port 38259] ERROR OMAudit - user=runner | ip=127.0.0.1 | op=READ_BUCKET {volume=volume-90757, bucket=bucket-19458} | ret=FAILURE
org.apache.hadoop.ozone.om.exceptions.OMException: Volume not found when getting bucket info
	at org.apache.hadoop.ozone.om.BucketManagerImpl.getBucketInfo(BucketManagerImpl.java:127) ~[ozone-manager-1.3.0-SNAPSHOT.jar:?]
	at org.apache.hadoop.ozone.om.OzoneManager.getBucketInfo(OzoneManager.java:2778) ~[ozone-manager-1.3.0-SNAPSHOT.jar:?]
	at org.apache.hadoop.ozone.protocolPB.OzoneManagerRequestHandler.infoBucket(OzoneManagerRequestHandler.java:464) ~[ozone-manager-1.3.0-SNAPSHOT.jar:?]
	at org.apache.hadoop.ozone.protocolPB.OzoneManagerRequestHandler.handleReadRequest(OzoneManagerRequestHandler.java:172) ~[ozone-manager-1.3.0-SNAPSHOT.jar:?]
	at org.apache.hadoop.ozone.protocolPB.OzoneManagerProtocolServerSideTranslatorPB.submitReadRequestToOM(OzoneManagerProtocolServerSideTranslatorPB.java:226) ~[ozone-manager-1.3.0-SNAPSHOT.jar:?]
	at org.apache.hadoop.ozone.protocolPB.OzoneManagerProtocolServerSideTranslatorPB.processRequest(OzoneManagerProtocolServerSideTranslatorPB.java:175) ~[ozone-manager-1.3.0-SNAPSHOT.jar:?]
	at org.apache.hadoop.hdds.server.OzoneProtocolMessageDispatcher.processRequest(OzoneProtocolMessageDispatcher.java:87) [hdds-server-framework-1.3.0-SNAPSHOT.jar:?]
	at org.apache.hadoop.ozone.protocolPB.OzoneManagerProtocolServerSideTranslatorPB.submitRequest(OzoneManagerProtocolServerSideTranslatorPB.java:147) [ozone-manager-1.3.0-SNAPSHOT.jar:?]
	at org.apache.hadoop.ozone.protocol.proto.OzoneManagerProtocolProtos$OzoneManagerService$2.callBlockingMethod(OzoneManagerProtocolProtos.java) [ozone-interface-client-1.3.0-SNAPSHOT.jar:?]
	at org.apache.hadoop.ipc.ProtobufRpcEngine$Server.processCall(ProtobufRpcEngine.java:466) [hadoop-common-3.3.1.jar:?]
	at org.apache.hadoop.ipc.ProtobufRpcEngine2$Server$ProtoBufRpcInvoker.call(ProtobufRpcEngine2.java:574) [hadoop-common-3.3.1.jar:?]
	at org.apache.hadoop.ipc.ProtobufRpcEngine2$Server$ProtoBufRpcInvoker.call(ProtobufRpcEngine2.java:552) [hadoop-common-3.3.1.jar:?]
	at org.apache.hadoop.ipc.RPC$Server.call(RPC.java:1093) [hadoop-common-3.3.1.jar:?]
	at org.apache.hadoop.ipc.Server$RpcCall.run(Server.java:1035) [hadoop-common-3.3.1.jar:?]
	at org.apache.hadoop.ipc.Server$RpcCall.run(Server.java:963) [hadoop-common-3.3.1.jar:?]
	at java.security.AccessController.doPrivileged(Native Method) ~[?:1.8.0_332]
	at javax.security.auth.Subject.doAs(Subject.java:422) [?:1.8.0_332]
	at org.apache.hadoop.security.UserGroupInformation.doAs(UserGroupInformation.java:1878) [hadoop-common-3.3.1.jar:?]
	at org.apache.hadoop.ipc.Server$Handler.run(Server.java:2966) [hadoop-common-3.3.1.jar:?]
2022-07-02 07:23:54,624 [Time-limited test] INFO  rpc.RpcClient (RpcClient.java:createVolume(466)) - Creating Volume: volume-90757, with runner as owner and space quota set to -1 bytes, counts quota set to -1
2022-07-02 07:23:54,626 [OM StateMachine ApplyTransaction Thread - 0] INFO  volume.OMVolumeCreateRequest (OMVolumeCreateRequest.java:validateAndUpdateCache(195)) - created volume:volume-90757 for user:runner
2022-07-02 07:23:54,626 [Time-limited test] INFO  rpc.RpcClient (RpcClient.java:createBucket(669)) - Creating Bucket: volume-90757/bucket-19458, with bucket layout LEGACY, runner as owner, Versioning false, Storage Type set to DISK and Encryption set to false 
2022-07-02 07:23:54,627 [OM StateMachine ApplyTransaction Thread - 0] INFO  bucket.OMBucketCreateRequest (OMBucketCreateRequest.java:validateAndUpdateCache(260)) - created bucket: bucket-19458 of layout LEGACY in volume: volume-90757
07:23:54.997 [IPC Server handler 12 on default port 38259] ERROR OMAudit - user=runner | ip=127.0.0.1 | op=READ_BUCKET {volume=volume-89521, bucket=bucket-01757} | ret=FAILURE
org.apache.hadoop.ozone.om.exceptions.OMException: Volume not found when getting bucket info
	at org.apache.hadoop.ozone.om.BucketManagerImpl.getBucketInfo(BucketManagerImpl.java:127) ~[ozone-manager-1.3.0-SNAPSHOT.jar:?]
	at org.apache.hadoop.ozone.om.OzoneManager.getBucketInfo(OzoneManager.java:2778) ~[ozone-manager-1.3.0-SNAPSHOT.jar:?]
	at org.apache.hadoop.ozone.protocolPB.OzoneManagerRequestHandler.infoBucket(OzoneManagerRequestHandler.java:464) ~[ozone-manager-1.3.0-SNAPSHOT.jar:?]
	at org.apache.hadoop.ozone.protocolPB.OzoneManagerRequestHandler.handleReadRequest(OzoneManagerRequestHandler.java:172) ~[ozone-manager-1.3.0-SNAPSHOT.jar:?]
	at org.apache.hadoop.ozone.protocolPB.OzoneManagerProtocolServerSideTranslatorPB.submitReadRequestToOM(OzoneManagerProtocolServerSideTranslatorPB.java:226) ~[ozone-manager-1.3.0-SNAPSHOT.jar:?]
	at org.apache.hadoop.ozone.protocolPB.OzoneManagerProtocolServerSideTranslatorPB.processRequest(OzoneManagerProtocolServerSideTranslatorPB.java:175) ~[ozone-manager-1.3.0-SNAPSHOT.jar:?]
	at org.apache.hadoop.hdds.server.OzoneProtocolMessageDispatcher.processRequest(OzoneProtocolMessageDispatcher.java:87) [hdds-server-framework-1.3.0-SNAPSHOT.jar:?]
	at org.apache.hadoop.ozone.protocolPB.OzoneManagerProtocolServerSideTranslatorPB.submitRequest(OzoneManagerProtocolServerSideTranslatorPB.java:147) [ozone-manager-1.3.0-SNAPSHOT.jar:?]
	at org.apache.hadoop.ozone.protocol.proto.OzoneManagerProtocolProtos$OzoneManagerService$2.callBlockingMethod(OzoneManagerProtocolProtos.java) [ozone-interface-client-1.3.0-SNAPSHOT.jar:?]
	at org.apache.hadoop.ipc.ProtobufRpcEngine$Server.processCall(ProtobufRpcEngine.java:466) [hadoop-common-3.3.1.jar:?]
	at org.apache.hadoop.ipc.ProtobufRpcEngine2$Server$ProtoBufRpcInvoker.call(ProtobufRpcEngine2.java:574) [hadoop-common-3.3.1.jar:?]
	at org.apache.hadoop.ipc.ProtobufRpcEngine2$Server$ProtoBufRpcInvoker.call(ProtobufRpcEngine2.java:552) [hadoop-common-3.3.1.jar:?]
	at org.apache.hadoop.ipc.RPC$Server.call(RPC.java:1093) [hadoop-common-3.3.1.jar:?]
	at org.apache.hadoop.ipc.Server$RpcCall.run(Server.java:1035) [hadoop-common-3.3.1.jar:?]
	at org.apache.hadoop.ipc.Server$RpcCall.run(Server.java:963) [hadoop-common-3.3.1.jar:?]
	at java.security.AccessController.doPrivileged(Native Method) ~[?:1.8.0_332]
	at javax.security.auth.Subject.doAs(Subject.java:422) [?:1.8.0_332]
	at org.apache.hadoop.security.UserGroupInformation.doAs(UserGroupInformation.java:1878) [hadoop-common-3.3.1.jar:?]
	at org.apache.hadoop.ipc.Server$Handler.run(Server.java:2966) [hadoop-common-3.3.1.jar:?]
2022-07-02 07:23:54,998 [Time-limited test] INFO  rpc.RpcClient (RpcClient.java:createVolume(466)) - Creating Volume: volume-89521, with runner as owner and space quota set to -1 bytes, counts quota set to -1
2022-07-02 07:23:54,999 [OM StateMachine ApplyTransaction Thread - 0] INFO  volume.OMVolumeCreateRequest (OMVolumeCreateRequest.java:validateAndUpdateCache(195)) - created volume:volume-89521 for user:runner
2022-07-02 07:23:55,010 [Time-limited test] INFO  rpc.RpcClient (RpcClient.java:createBucket(669)) - Creating Bucket: volume-89521/bucket-01757, with bucket layout LEGACY, runner as owner, Versioning false, Storage Type set to DISK and Encryption set to false 
2022-07-02 07:23:55,048 [OM StateMachine ApplyTransaction Thread - 0] INFO  bucket.OMBucketCreateRequest (OMBucketCreateRequest.java:validateAndUpdateCache(260)) - created bucket: bucket-01757 of layout LEGACY in volume: volume-89521
]]></system-out>
  </testcase>
  <testcase name="testListStatusRootAndVolumeNonRecursive" classname="TestRootedOzoneFileSystem" time="0.697">
    <system-out><![CDATA[2022-07-02 07:25:26,335 [Time-limited test] INFO  rpc.RpcClient (RpcClient.java:createVolume(466)) - Creating Volume: volume93754, with user11222 as owner and space quota set to -1 bytes, counts quota set to -1
2022-07-02 07:25:26,336 [IPC Server handler 16 on default port 43657] INFO  volume.OMVolumeCreateRequest (OMVolumeCreateRequest.java:validateAndUpdateCache(195)) - created volume:volume93754 for user:user11222
2022-07-02 07:25:26,340 [Time-limited test] INFO  rpc.RpcClient (RpcClient.java:createBucket(669)) - Creating Bucket: volume93754/bucket61444, with bucket layout LEGACY, runner as owner, Versioning false, Storage Type set to DISK and Encryption set to false 
2022-07-02 07:25:26,341 [IPC Server handler 2 on default port 43657] INFO  bucket.OMBucketCreateRequest (OMBucketCreateRequest.java:validateAndUpdateCache(260)) - created bucket: bucket61444 of layout LEGACY in volume: volume93754
07:25:26.343 [IPC Server handler 8 on default port 43657] ERROR OMAudit - user=runner | ip=127.0.0.1 | op=READ_BUCKET {volume=volume-73728, bucket=bucket-85105} | ret=FAILURE
org.apache.hadoop.ozone.om.exceptions.OMException: Volume not found when getting bucket info
	at org.apache.hadoop.ozone.om.BucketManagerImpl.getBucketInfo(BucketManagerImpl.java:127) ~[ozone-manager-1.3.0-SNAPSHOT.jar:?]
	at org.apache.hadoop.ozone.om.OzoneManager.getBucketInfo(OzoneManager.java:2778) ~[ozone-manager-1.3.0-SNAPSHOT.jar:?]
	at org.apache.hadoop.ozone.protocolPB.OzoneManagerRequestHandler.infoBucket(OzoneManagerRequestHandler.java:464) ~[ozone-manager-1.3.0-SNAPSHOT.jar:?]
	at org.apache.hadoop.ozone.protocolPB.OzoneManagerRequestHandler.handleReadRequest(OzoneManagerRequestHandler.java:172) ~[ozone-manager-1.3.0-SNAPSHOT.jar:?]
	at org.apache.hadoop.ozone.protocolPB.OzoneManagerProtocolServerSideTranslatorPB.submitRequestDirectlyToOM(OzoneManagerProtocolServerSideTranslatorPB.java:276) ~[ozone-manager-1.3.0-SNAPSHOT.jar:?]
	at org.apache.hadoop.ozone.protocolPB.OzoneManagerProtocolServerSideTranslatorPB.processRequest(OzoneManagerProtocolServerSideTranslatorPB.java:205) ~[ozone-manager-1.3.0-SNAPSHOT.jar:?]
	at org.apache.hadoop.hdds.server.OzoneProtocolMessageDispatcher.processRequest(OzoneProtocolMessageDispatcher.java:87) [hdds-server-framework-1.3.0-SNAPSHOT.jar:?]
	at org.apache.hadoop.ozone.protocolPB.OzoneManagerProtocolServerSideTranslatorPB.submitRequest(OzoneManagerProtocolServerSideTranslatorPB.java:147) [ozone-manager-1.3.0-SNAPSHOT.jar:?]
	at org.apache.hadoop.ozone.protocol.proto.OzoneManagerProtocolProtos$OzoneManagerService$2.callBlockingMethod(OzoneManagerProtocolProtos.java) [ozone-interface-client-1.3.0-SNAPSHOT.jar:?]
	at org.apache.hadoop.ipc.ProtobufRpcEngine$Server.processCall(ProtobufRpcEngine.java:466) [hadoop-common-3.3.1.jar:?]
	at org.apache.hadoop.ipc.ProtobufRpcEngine2$Server$ProtoBufRpcInvoker.call(ProtobufRpcEngine2.java:574) [hadoop-common-3.3.1.jar:?]
	at org.apache.hadoop.ipc.ProtobufRpcEngine2$Server$ProtoBufRpcInvoker.call(ProtobufRpcEngine2.java:552) [hadoop-common-3.3.1.jar:?]
	at org.apache.hadoop.ipc.RPC$Server.call(RPC.java:1093) [hadoop-common-3.3.1.jar:?]
	at org.apache.hadoop.ipc.Server$RpcCall.run(Server.java:1035) [hadoop-common-3.3.1.jar:?]
	at org.apache.hadoop.ipc.Server$RpcCall.run(Server.java:963) [hadoop-common-3.3.1.jar:?]
	at java.security.AccessController.doPrivileged(Native Method) ~[?:1.8.0_332]
	at javax.security.auth.Subject.doAs(Subject.java:422) [?:1.8.0_332]
	at org.apache.hadoop.security.UserGroupInformation.doAs(UserGroupInformation.java:1878) [hadoop-common-3.3.1.jar:?]
	at org.apache.hadoop.ipc.Server$Handler.run(Server.java:2966) [hadoop-common-3.3.1.jar:?]
2022-07-02 07:25:26,343 [Time-limited test] INFO  rpc.RpcClient (RpcClient.java:createVolume(466)) - Creating Volume: volume-73728, with runner as owner and space quota set to -1 bytes, counts quota set to -1
2022-07-02 07:25:26,344 [IPC Server handler 18 on default port 43657] INFO  volume.OMVolumeCreateRequest (OMVolumeCreateRequest.java:validateAndUpdateCache(195)) - created volume:volume-73728 for user:runner
2022-07-02 07:25:26,345 [Time-limited test] INFO  rpc.RpcClient (RpcClient.java:createBucket(669)) - Creating Bucket: volume-73728/bucket-85105, with bucket layout LEGACY, runner as owner, Versioning false, Storage Type set to DISK and Encryption set to false 
2022-07-02 07:25:26,346 [IPC Server handler 11 on default port 43657] INFO  bucket.OMBucketCreateRequest (OMBucketCreateRequest.java:validateAndUpdateCache(260)) - created bucket: bucket-85105 of layout LEGACY in volume: volume-73728
07:25:26.644 [IPC Server handler 15 on default port 43657] ERROR OMAudit - user=runner | ip=127.0.0.1 | op=READ_BUCKET {volume=volume-10063, bucket=bucket-35859} | ret=FAILURE
org.apache.hadoop.ozone.om.exceptions.OMException: Volume not found when getting bucket info
	at org.apache.hadoop.ozone.om.BucketManagerImpl.getBucketInfo(BucketManagerImpl.java:127) ~[ozone-manager-1.3.0-SNAPSHOT.jar:?]
	at org.apache.hadoop.ozone.om.OzoneManager.getBucketInfo(OzoneManager.java:2778) ~[ozone-manager-1.3.0-SNAPSHOT.jar:?]
	at org.apache.hadoop.ozone.protocolPB.OzoneManagerRequestHandler.infoBucket(OzoneManagerRequestHandler.java:464) ~[ozone-manager-1.3.0-SNAPSHOT.jar:?]
	at org.apache.hadoop.ozone.protocolPB.OzoneManagerRequestHandler.handleReadRequest(OzoneManagerRequestHandler.java:172) ~[ozone-manager-1.3.0-SNAPSHOT.jar:?]
	at org.apache.hadoop.ozone.protocolPB.OzoneManagerProtocolServerSideTranslatorPB.submitRequestDirectlyToOM(OzoneManagerProtocolServerSideTranslatorPB.java:276) ~[ozone-manager-1.3.0-SNAPSHOT.jar:?]
	at org.apache.hadoop.ozone.protocolPB.OzoneManagerProtocolServerSideTranslatorPB.processRequest(OzoneManagerProtocolServerSideTranslatorPB.java:205) ~[ozone-manager-1.3.0-SNAPSHOT.jar:?]
	at org.apache.hadoop.hdds.server.OzoneProtocolMessageDispatcher.processRequest(OzoneProtocolMessageDispatcher.java:87) [hdds-server-framework-1.3.0-SNAPSHOT.jar:?]
	at org.apache.hadoop.ozone.protocolPB.OzoneManagerProtocolServerSideTranslatorPB.submitRequest(OzoneManagerProtocolServerSideTranslatorPB.java:147) [ozone-manager-1.3.0-SNAPSHOT.jar:?]
	at org.apache.hadoop.ozone.protocol.proto.OzoneManagerProtocolProtos$OzoneManagerService$2.callBlockingMethod(OzoneManagerProtocolProtos.java) [ozone-interface-client-1.3.0-SNAPSHOT.jar:?]
	at org.apache.hadoop.ipc.ProtobufRpcEngine$Server.processCall(ProtobufRpcEngine.java:466) [hadoop-common-3.3.1.jar:?]
	at org.apache.hadoop.ipc.ProtobufRpcEngine2$Server$ProtoBufRpcInvoker.call(ProtobufRpcEngine2.java:574) [hadoop-common-3.3.1.jar:?]
	at org.apache.hadoop.ipc.ProtobufRpcEngine2$Server$ProtoBufRpcInvoker.call(ProtobufRpcEngine2.java:552) [hadoop-common-3.3.1.jar:?]
	at org.apache.hadoop.ipc.RPC$Server.call(RPC.java:1093) [hadoop-common-3.3.1.jar:?]
	at org.apache.hadoop.ipc.Server$RpcCall.run(Server.java:1035) [hadoop-common-3.3.1.jar:?]
	at org.apache.hadoop.ipc.Server$RpcCall.run(Server.java:963) [hadoop-common-3.3.1.jar:?]
	at java.security.AccessController.doPrivileged(Native Method) ~[?:1.8.0_332]
	at javax.security.auth.Subject.doAs(Subject.java:422) [?:1.8.0_332]
	at org.apache.hadoop.security.UserGroupInformation.doAs(UserGroupInformation.java:1878) [hadoop-common-3.3.1.jar:?]
	at org.apache.hadoop.ipc.Server$Handler.run(Server.java:2966) [hadoop-common-3.3.1.jar:?]
2022-07-02 07:25:26,645 [Time-limited test] INFO  rpc.RpcClient (RpcClient.java:createVolume(466)) - Creating Volume: volume-10063, with runner as owner and space quota set to -1 bytes, counts quota set to -1
2022-07-02 07:25:26,650 [IPC Server handler 16 on default port 43657] INFO  volume.OMVolumeCreateRequest (OMVolumeCreateRequest.java:validateAndUpdateCache(195)) - created volume:volume-10063 for user:runner
2022-07-02 07:25:26,654 [Time-limited test] INFO  rpc.RpcClient (RpcClient.java:createBucket(669)) - Creating Bucket: volume-10063/bucket-35859, with bucket layout LEGACY, runner as owner, Versioning false, Storage Type set to DISK and Encryption set to false 
2022-07-02 07:25:26,655 [IPC Server handler 2 on default port 43657] INFO  bucket.OMBucketCreateRequest (OMBucketCreateRequest.java:validateAndUpdateCache(260)) - created bucket: bucket-35859 of layout LEGACY in volume: volume-10063
]]></system-out>
  </testcase>
  <testcase name="testDeleteVolumeAndBucket" classname="TestRootedOzoneFileSystem" time="0.119">
    <system-out><![CDATA[2022-07-02 07:19:59,542 [Time-limited test] INFO  rpc.RpcClient (RpcClient.java:createVolume(466)) - Creating Volume: volume32851, with user04526 as owner and space quota set to -1 bytes, counts quota set to -1
2022-07-02 07:19:59,550 [OM StateMachine ApplyTransaction Thread - 0] INFO  volume.OMVolumeCreateRequest (OMVolumeCreateRequest.java:validateAndUpdateCache(195)) - created volume:volume32851 for user:user04526
2022-07-02 07:19:59,553 [Time-limited test] INFO  rpc.RpcClient (RpcClient.java:createBucket(669)) - Creating Bucket: volume32851/bucket14186, with bucket layout LEGACY, runner as owner, Versioning false, Storage Type set to DISK and Encryption set to false 
2022-07-02 07:19:59,556 [OM StateMachine ApplyTransaction Thread - 0] INFO  bucket.OMBucketCreateRequest (OMBucketCreateRequest.java:validateAndUpdateCache(260)) - created bucket: bucket14186 of layout LEGACY in volume: volume32851
2022-07-02 07:19:59,560 [Time-limited test] INFO  rpc.RpcClient (RpcClient.java:createVolume(466)) - Creating Volume: volume-87029, with runner as owner and space quota set to -1 bytes, counts quota set to -1
2022-07-02 07:19:59,563 [OM StateMachine ApplyTransaction Thread - 0] INFO  volume.OMVolumeCreateRequest (OMVolumeCreateRequest.java:validateAndUpdateCache(195)) - created volume:volume-87029 for user:runner
2022-07-02 07:19:59,566 [Time-limited test] INFO  rpc.RpcClient (RpcClient.java:createBucket(669)) - Creating Bucket: volume-87029/bucket2, with bucket layout LEGACY, runner as owner, Versioning false, Storage Type set to DISK and Encryption set to false 
2022-07-02 07:19:59,569 [OM StateMachine ApplyTransaction Thread - 0] INFO  bucket.OMBucketCreateRequest (OMBucketCreateRequest.java:validateAndUpdateCache(260)) - created bucket: bucket2 of layout LEGACY in volume: volume-87029
07:19:59.576 [OM StateMachine ApplyTransaction Thread - 0] ERROR OMAudit - user=runner | ip=127.0.0.1 | op=DELETE_VOLUME {volume=volume-87029} | ret=FAILURE
org.apache.hadoop.ozone.om.exceptions.OMException: null
	at org.apache.hadoop.ozone.om.request.volume.OMVolumeDeleteRequest.validateAndUpdateCache(OMVolumeDeleteRequest.java:122) ~[ozone-manager-1.3.0-SNAPSHOT.jar:?]
	at org.apache.hadoop.ozone.protocolPB.OzoneManagerRequestHandler.handleWriteRequest(OzoneManagerRequestHandler.java:293) ~[ozone-manager-1.3.0-SNAPSHOT.jar:?]
	at org.apache.hadoop.ozone.om.ratis.OzoneManagerStateMachine.runCommand(OzoneManagerStateMachine.java:529) ~[ozone-manager-1.3.0-SNAPSHOT.jar:?]
	at org.apache.hadoop.ozone.om.ratis.OzoneManagerStateMachine.lambda$1(OzoneManagerStateMachine.java:324) ~[ozone-manager-1.3.0-SNAPSHOT.jar:?]
	at java.util.concurrent.CompletableFuture$AsyncSupply.run(CompletableFuture.java:1604) [?:1.8.0_332]
	at java.util.concurrent.ThreadPoolExecutor.runWorker(ThreadPoolExecutor.java:1149) [?:1.8.0_332]
	at java.util.concurrent.ThreadPoolExecutor$Worker.run(ThreadPoolExecutor.java:624) [?:1.8.0_332]
	at java.lang.Thread.run(Thread.java:750) [?:1.8.0_332]
2022-07-02 07:19:59,577 [OM StateMachine ApplyTransaction Thread - 0] ERROR volume.OMVolumeDeleteRequest (OMVolumeDeleteRequest.java:validateAndUpdateCache(170)) - Volume deletion failed for user:runner volume:volume-87029
VOLUME_NOT_EMPTY org.apache.hadoop.ozone.om.exceptions.OMException
	at org.apache.hadoop.ozone.om.request.volume.OMVolumeDeleteRequest.validateAndUpdateCache(OMVolumeDeleteRequest.java:122)
	at org.apache.hadoop.ozone.protocolPB.OzoneManagerRequestHandler.handleWriteRequest(OzoneManagerRequestHandler.java:293)
	at org.apache.hadoop.ozone.om.ratis.OzoneManagerStateMachine.runCommand(OzoneManagerStateMachine.java:529)
	at org.apache.hadoop.ozone.om.ratis.OzoneManagerStateMachine.lambda$1(OzoneManagerStateMachine.java:324)
	at java.util.concurrent.CompletableFuture$AsyncSupply.run(CompletableFuture.java:1604)
	at java.util.concurrent.ThreadPoolExecutor.runWorker(ThreadPoolExecutor.java:1149)
	at java.util.concurrent.ThreadPoolExecutor$Worker.run(ThreadPoolExecutor.java:624)
	at java.lang.Thread.run(Thread.java:750)
]]></system-out>
  </testcase>
  <testcase name="testDeleteVolumeAndBucket" classname="TestRootedOzoneFileSystem" time="0.206">
    <system-out><![CDATA[2022-07-02 07:21:10,919 [9e85b174-a55c-4b71-8ba9-5ac009f49f1a@group-A0235C2E9160-LeaderElection18] INFO  impl.LeaderElection (LeaderElection.java:askForVotes(310)) - 9e85b174-a55c-4b71-8ba9-5ac009f49f1a@group-A0235C2E9160-LeaderElection18 ELECTION round 0: submit vote requests at term 1 for -1: [9e85b174-a55c-4b71-8ba9-5ac009f49f1a|rpc:10.1.0.20:41643|priority:1], old=null
2022-07-02 07:21:10,919 [9e85b174-a55c-4b71-8ba9-5ac009f49f1a@group-A0235C2E9160-LeaderElection18] INFO  impl.LeaderElection (LeaderElection.java:askForVotes(312)) - 9e85b174-a55c-4b71-8ba9-5ac009f49f1a@group-A0235C2E9160-LeaderElection18 ELECTION round 0: result PASSED (term=1)
2022-07-02 07:21:10,919 [9e85b174-a55c-4b71-8ba9-5ac009f49f1a@group-A0235C2E9160-LeaderElection18] INFO  impl.RoleInfo (RoleInfo.java:shutdownLeaderElection(130)) - 9e85b174-a55c-4b71-8ba9-5ac009f49f1a: shutdown 9e85b174-a55c-4b71-8ba9-5ac009f49f1a@group-A0235C2E9160-LeaderElection18
2022-07-02 07:21:10,919 [9e85b174-a55c-4b71-8ba9-5ac009f49f1a@group-A0235C2E9160-LeaderElection18] INFO  server.RaftServer$Division (RaftServerImpl.java:setRole(299)) - 9e85b174-a55c-4b71-8ba9-5ac009f49f1a@group-A0235C2E9160: changes role from CANDIDATE to LEADER at term 1 for changeToLeader
2022-07-02 07:21:10,919 [9e85b174-a55c-4b71-8ba9-5ac009f49f1a@group-A0235C2E9160-LeaderElection18] INFO  ratis.XceiverServerRatis (XceiverServerRatis.java:handleLeaderChangedNotification(863)) - Leader change notification received for group: group-A0235C2E9160 with new leaderId: 9e85b174-a55c-4b71-8ba9-5ac009f49f1a
2022-07-02 07:21:10,919 [9e85b174-a55c-4b71-8ba9-5ac009f49f1a@group-A0235C2E9160-LeaderElection18] INFO  server.RaftServer$Division (ServerState.java:setLeader(287)) - 9e85b174-a55c-4b71-8ba9-5ac009f49f1a@group-A0235C2E9160: change Leader from null to 9e85b174-a55c-4b71-8ba9-5ac009f49f1a at term 1 for becomeLeader, leader elected after 5272ms
2022-07-02 07:21:10,919 [9e85b174-a55c-4b71-8ba9-5ac009f49f1a@group-A0235C2E9160-LeaderElection18] INFO  server.RaftServerConfigKeys (ConfUtils.java:logGet(46)) - raft.server.staging.catchup.gap = 1000 (default)
2022-07-02 07:21:10,920 [9e85b174-a55c-4b71-8ba9-5ac009f49f1a@group-A0235C2E9160-LeaderElection18] INFO  server.RaftServerConfigKeys (ConfUtils.java:logGet(46)) - raft.server.write.element-limit = 1024 (custom)
2022-07-02 07:21:10,920 [9e85b174-a55c-4b71-8ba9-5ac009f49f1a@group-A0235C2E9160-LeaderElection18] INFO  server.RaftServerConfigKeys (ConfUtils.java:logGet(46)) - raft.server.write.byte-limit = 1024 M (=1073741824) (custom)
2022-07-02 07:21:10,920 [9e85b174-a55c-4b71-8ba9-5ac009f49f1a@group-A0235C2E9160-LeaderElection18] INFO  server.RaftServerConfigKeys (ConfUtils.java:logGet(46)) - raft.server.watch.timeout = 180s (custom)
2022-07-02 07:21:10,920 [9e85b174-a55c-4b71-8ba9-5ac009f49f1a@group-A0235C2E9160-LeaderElection18] INFO  server.RaftServerConfigKeys (ConfUtils.java:logGet(46)) - raft.server.watch.timeout.denomination = 1s (default)
2022-07-02 07:21:10,920 [9e85b174-a55c-4b71-8ba9-5ac009f49f1a@group-A0235C2E9160-LeaderElection18] INFO  server.RaftServerConfigKeys (ConfUtils.java:logGet(46)) - raft.server.watch.element-limit = 65536 (default)
2022-07-02 07:21:10,920 [9e85b174-a55c-4b71-8ba9-5ac009f49f1a@group-A0235C2E9160-LeaderElection18] INFO  server.RaftServerConfigKeys (ConfUtils.java:logGet(46)) - raft.server.write.element-limit = 1024 (custom)
2022-07-02 07:21:10,920 [9e85b174-a55c-4b71-8ba9-5ac009f49f1a@group-A0235C2E9160-LeaderElection18] INFO  server.RaftServerConfigKeys (ConfUtils.java:logGet(46)) - raft.server.write.follower.gap.ratio.max = -1.0 (default)
2022-07-02 07:21:10,920 [9e85b174-a55c-4b71-8ba9-5ac009f49f1a@group-A0235C2E9160-LeaderElection18] INFO  impl.RoleInfo (RoleInfo.java:updateAndGet(139)) - 9e85b174-a55c-4b71-8ba9-5ac009f49f1a: start 9e85b174-a55c-4b71-8ba9-5ac009f49f1a@group-A0235C2E9160-LeaderStateImpl
2022-07-02 07:21:10,921 [9e85b174-a55c-4b71-8ba9-5ac009f49f1a@group-A0235C2E9160-LeaderElection18] INFO  segmented.SegmentedRaftLogWorker (SegmentedRaftLogWorker.java:startLogSegment(425)) - 9e85b174-a55c-4b71-8ba9-5ac009f49f1a@group-A0235C2E9160-SegmentedRaftLogWorker: Starting segment from index:0
2022-07-02 07:21:10,922 [9e85b174-a55c-4b71-8ba9-5ac009f49f1a@group-A0235C2E9160-SegmentedRaftLogWorker] INFO  segmented.SegmentedRaftLogWorker (SegmentedRaftLogWorker.java:execute(629)) - 9e85b174-a55c-4b71-8ba9-5ac009f49f1a@group-A0235C2E9160-SegmentedRaftLogWorker: created new log segment /home/runner/work/ozone/ozone/hadoop-ozone/integration-test/target/test-dir/MiniOzoneClusterImpl-774acf0e-96fd-4c7a-8fa4-f3d3d576173c/datanode-3/data/ratis/c4e31b57-d8e3-4275-8c84-a0235c2e9160/current/log_inprogress_0
2022-07-02 07:21:10,941 [9e85b174-a55c-4b71-8ba9-5ac009f49f1a@group-A0235C2E9160-LeaderElection18] INFO  server.RaftServer$Division (ServerState.java:setRaftConf(393)) - 9e85b174-a55c-4b71-8ba9-5ac009f49f1a@group-A0235C2E9160: set configuration 0: [9e85b174-a55c-4b71-8ba9-5ac009f49f1a|rpc:10.1.0.20:41643|dataStream:|priority:1], old=null
2022-07-02 07:21:11,036 [Time-limited test] INFO  rpc.RpcClient (RpcClient.java:createVolume(466)) - Creating Volume: volume20682, with user01814 as owner and space quota set to -1 bytes, counts quota set to -1
2022-07-02 07:21:11,038 [OM StateMachine ApplyTransaction Thread - 0] INFO  volume.OMVolumeCreateRequest (OMVolumeCreateRequest.java:validateAndUpdateCache(195)) - created volume:volume20682 for user:user01814
2022-07-02 07:21:11,039 [Time-limited test] INFO  rpc.RpcClient (RpcClient.java:createBucket(669)) - Creating Bucket: volume20682/bucket13342, with bucket layout LEGACY, runner as owner, Versioning false, Storage Type set to DISK and Encryption set to false 
2022-07-02 07:21:11,040 [OM StateMachine ApplyTransaction Thread - 0] INFO  bucket.OMBucketCreateRequest (OMBucketCreateRequest.java:validateAndUpdateCache(260)) - created bucket: bucket13342 of layout LEGACY in volume: volume20682
07:21:11.042 [IPC Server handler 8 on default port 42659] ERROR OMAudit - user=runner | ip=127.0.0.1 | op=READ_BUCKET {volume=volume-99535, bucket=bucket2} | ret=FAILURE
org.apache.hadoop.ozone.om.exceptions.OMException: Volume not found when getting bucket info
	at org.apache.hadoop.ozone.om.BucketManagerImpl.getBucketInfo(BucketManagerImpl.java:127) ~[ozone-manager-1.3.0-SNAPSHOT.jar:?]
	at org.apache.hadoop.ozone.om.OzoneManager.getBucketInfo(OzoneManager.java:2778) ~[ozone-manager-1.3.0-SNAPSHOT.jar:?]
	at org.apache.hadoop.ozone.protocolPB.OzoneManagerRequestHandler.infoBucket(OzoneManagerRequestHandler.java:464) ~[ozone-manager-1.3.0-SNAPSHOT.jar:?]
	at org.apache.hadoop.ozone.protocolPB.OzoneManagerRequestHandler.handleReadRequest(OzoneManagerRequestHandler.java:172) ~[ozone-manager-1.3.0-SNAPSHOT.jar:?]
	at org.apache.hadoop.ozone.protocolPB.OzoneManagerProtocolServerSideTranslatorPB.submitReadRequestToOM(OzoneManagerProtocolServerSideTranslatorPB.java:226) ~[ozone-manager-1.3.0-SNAPSHOT.jar:?]
	at org.apache.hadoop.ozone.protocolPB.OzoneManagerProtocolServerSideTranslatorPB.processRequest(OzoneManagerProtocolServerSideTranslatorPB.java:175) ~[ozone-manager-1.3.0-SNAPSHOT.jar:?]
	at org.apache.hadoop.hdds.server.OzoneProtocolMessageDispatcher.processRequest(OzoneProtocolMessageDispatcher.java:87) [hdds-server-framework-1.3.0-SNAPSHOT.jar:?]
	at org.apache.hadoop.ozone.protocolPB.OzoneManagerProtocolServerSideTranslatorPB.submitRequest(OzoneManagerProtocolServerSideTranslatorPB.java:147) [ozone-manager-1.3.0-SNAPSHOT.jar:?]
	at org.apache.hadoop.ozone.protocol.proto.OzoneManagerProtocolProtos$OzoneManagerService$2.callBlockingMethod(OzoneManagerProtocolProtos.java) [ozone-interface-client-1.3.0-SNAPSHOT.jar:?]
	at org.apache.hadoop.ipc.ProtobufRpcEngine$Server.processCall(ProtobufRpcEngine.java:466) [hadoop-common-3.3.1.jar:?]
	at org.apache.hadoop.ipc.ProtobufRpcEngine2$Server$ProtoBufRpcInvoker.call(ProtobufRpcEngine2.java:574) [hadoop-common-3.3.1.jar:?]
	at org.apache.hadoop.ipc.ProtobufRpcEngine2$Server$ProtoBufRpcInvoker.call(ProtobufRpcEngine2.java:552) [hadoop-common-3.3.1.jar:?]
	at org.apache.hadoop.ipc.RPC$Server.call(RPC.java:1093) [hadoop-common-3.3.1.jar:?]
	at org.apache.hadoop.ipc.Server$RpcCall.run(Server.java:1035) [hadoop-common-3.3.1.jar:?]
	at org.apache.hadoop.ipc.Server$RpcCall.run(Server.java:963) [hadoop-common-3.3.1.jar:?]
	at java.security.AccessController.doPrivileged(Native Method) ~[?:1.8.0_332]
	at javax.security.auth.Subject.doAs(Subject.java:422) [?:1.8.0_332]
	at org.apache.hadoop.security.UserGroupInformation.doAs(UserGroupInformation.java:1878) [hadoop-common-3.3.1.jar:?]
	at org.apache.hadoop.ipc.Server$Handler.run(Server.java:2966) [hadoop-common-3.3.1.jar:?]
2022-07-02 07:21:11,042 [Time-limited test] INFO  rpc.RpcClient (RpcClient.java:createVolume(466)) - Creating Volume: volume-99535, with runner as owner and space quota set to -1 bytes, counts quota set to -1
2022-07-02 07:21:11,043 [OM StateMachine ApplyTransaction Thread - 0] INFO  volume.OMVolumeCreateRequest (OMVolumeCreateRequest.java:validateAndUpdateCache(195)) - created volume:volume-99535 for user:runner
2022-07-02 07:21:11,044 [Time-limited test] INFO  rpc.RpcClient (RpcClient.java:createBucket(669)) - Creating Bucket: volume-99535/bucket2, with bucket layout LEGACY, runner as owner, Versioning false, Storage Type set to DISK and Encryption set to false 
2022-07-02 07:21:11,046 [OM StateMachine ApplyTransaction Thread - 0] INFO  bucket.OMBucketCreateRequest (OMBucketCreateRequest.java:validateAndUpdateCache(260)) - created bucket: bucket2 of layout LEGACY in volume: volume-99535
07:21:11.049 [OM StateMachine ApplyTransaction Thread - 0] ERROR OMAudit - user=runner | ip=127.0.0.1 | op=DELETE_VOLUME {volume=volume-99535} | ret=FAILURE
org.apache.hadoop.ozone.om.exceptions.OMException: null
	at org.apache.hadoop.ozone.om.request.volume.OMVolumeDeleteRequest.validateAndUpdateCache(OMVolumeDeleteRequest.java:122) ~[ozone-manager-1.3.0-SNAPSHOT.jar:?]
	at org.apache.hadoop.ozone.protocolPB.OzoneManagerRequestHandler.handleWriteRequest(OzoneManagerRequestHandler.java:293) ~[ozone-manager-1.3.0-SNAPSHOT.jar:?]
	at org.apache.hadoop.ozone.om.ratis.OzoneManagerStateMachine.runCommand(OzoneManagerStateMachine.java:529) ~[ozone-manager-1.3.0-SNAPSHOT.jar:?]
	at org.apache.hadoop.ozone.om.ratis.OzoneManagerStateMachine.lambda$1(OzoneManagerStateMachine.java:324) ~[ozone-manager-1.3.0-SNAPSHOT.jar:?]
	at java.util.concurrent.CompletableFuture$AsyncSupply.run(CompletableFuture.java:1604) [?:1.8.0_332]
	at java.util.concurrent.ThreadPoolExecutor.runWorker(ThreadPoolExecutor.java:1149) [?:1.8.0_332]
	at java.util.concurrent.ThreadPoolExecutor$Worker.run(ThreadPoolExecutor.java:624) [?:1.8.0_332]
	at java.lang.Thread.run(Thread.java:750) [?:1.8.0_332]
2022-07-02 07:21:11,049 [OM StateMachine ApplyTransaction Thread - 0] ERROR volume.OMVolumeDeleteRequest (OMVolumeDeleteRequest.java:validateAndUpdateCache(170)) - Volume deletion failed for user:runner volume:volume-99535
VOLUME_NOT_EMPTY org.apache.hadoop.ozone.om.exceptions.OMException
	at org.apache.hadoop.ozone.om.request.volume.OMVolumeDeleteRequest.validateAndUpdateCache(OMVolumeDeleteRequest.java:122)
	at org.apache.hadoop.ozone.protocolPB.OzoneManagerRequestHandler.handleWriteRequest(OzoneManagerRequestHandler.java:293)
	at org.apache.hadoop.ozone.om.ratis.OzoneManagerStateMachine.runCommand(OzoneManagerStateMachine.java:529)
	at org.apache.hadoop.ozone.om.ratis.OzoneManagerStateMachine.lambda$1(OzoneManagerStateMachine.java:324)
	at java.util.concurrent.CompletableFuture$AsyncSupply.run(CompletableFuture.java:1604)
	at java.util.concurrent.ThreadPoolExecutor.runWorker(ThreadPoolExecutor.java:1149)
	at java.util.concurrent.ThreadPoolExecutor$Worker.run(ThreadPoolExecutor.java:624)
	at java.lang.Thread.run(Thread.java:750)
07:21:11.068 [IPC Server handler 2 on default port 42659] ERROR OMAudit - user=runner | ip=127.0.0.1 | op=READ_VOLUME {volume=volume-99535} | ret=FAILURE
org.apache.hadoop.ozone.om.exceptions.OMException: Volume volume-99535 is not found
	at org.apache.hadoop.ozone.om.VolumeManagerImpl.getVolumeInfo(VolumeManagerImpl.java:74) ~[ozone-manager-1.3.0-SNAPSHOT.jar:?]
	at org.apache.hadoop.ozone.om.OzoneManager.getVolumeInfo(OzoneManager.java:2602) ~[ozone-manager-1.3.0-SNAPSHOT.jar:?]
	at org.apache.hadoop.ozone.protocolPB.OzoneManagerRequestHandler.infoVolume(OzoneManagerRequestHandler.java:390) ~[ozone-manager-1.3.0-SNAPSHOT.jar:?]
	at org.apache.hadoop.ozone.protocolPB.OzoneManagerRequestHandler.handleReadRequest(OzoneManagerRequestHandler.java:162) ~[ozone-manager-1.3.0-SNAPSHOT.jar:?]
	at org.apache.hadoop.ozone.protocolPB.OzoneManagerProtocolServerSideTranslatorPB.submitReadRequestToOM(OzoneManagerProtocolServerSideTranslatorPB.java:226) ~[ozone-manager-1.3.0-SNAPSHOT.jar:?]
	at org.apache.hadoop.ozone.protocolPB.OzoneManagerProtocolServerSideTranslatorPB.processRequest(OzoneManagerProtocolServerSideTranslatorPB.java:175) ~[ozone-manager-1.3.0-SNAPSHOT.jar:?]
	at org.apache.hadoop.hdds.server.OzoneProtocolMessageDispatcher.processRequest(OzoneProtocolMessageDispatcher.java:87) [hdds-server-framework-1.3.0-SNAPSHOT.jar:?]
	at org.apache.hadoop.ozone.protocolPB.OzoneManagerProtocolServerSideTranslatorPB.submitRequest(OzoneManagerProtocolServerSideTranslatorPB.java:147) [ozone-manager-1.3.0-SNAPSHOT.jar:?]
	at org.apache.hadoop.ozone.protocol.proto.OzoneManagerProtocolProtos$OzoneManagerService$2.callBlockingMethod(OzoneManagerProtocolProtos.java) [ozone-interface-client-1.3.0-SNAPSHOT.jar:?]
	at org.apache.hadoop.ipc.ProtobufRpcEngine$Server.processCall(ProtobufRpcEngine.java:466) [hadoop-common-3.3.1.jar:?]
	at org.apache.hadoop.ipc.ProtobufRpcEngine2$Server$ProtoBufRpcInvoker.call(ProtobufRpcEngine2.java:574) [hadoop-common-3.3.1.jar:?]
	at org.apache.hadoop.ipc.ProtobufRpcEngine2$Server$ProtoBufRpcInvoker.call(ProtobufRpcEngine2.java:552) [hadoop-common-3.3.1.jar:?]
	at org.apache.hadoop.ipc.RPC$Server.call(RPC.java:1093) [hadoop-common-3.3.1.jar:?]
	at org.apache.hadoop.ipc.Server$RpcCall.run(Server.java:1035) [hadoop-common-3.3.1.jar:?]
	at org.apache.hadoop.ipc.Server$RpcCall.run(Server.java:963) [hadoop-common-3.3.1.jar:?]
	at java.security.AccessController.doPrivileged(Native Method) ~[?:1.8.0_332]
	at javax.security.auth.Subject.doAs(Subject.java:422) [?:1.8.0_332]
	at org.apache.hadoop.security.UserGroupInformation.doAs(UserGroupInformation.java:1878) [hadoop-common-3.3.1.jar:?]
	at org.apache.hadoop.ipc.Server$Handler.run(Server.java:2966) [hadoop-common-3.3.1.jar:?]
]]></system-out>
  </testcase>
  <testcase name="testDeleteVolumeAndBucket" classname="TestRootedOzoneFileSystem" time="0.16">
    <system-out><![CDATA[2022-07-02 07:22:22,648 [Time-limited test] INFO  rpc.RpcClient (RpcClient.java:createVolume(466)) - Creating Volume: volume13270, with user25600 as owner and space quota set to -1 bytes, counts quota set to -1
2022-07-02 07:22:22,649 [IPC Server handler 17 on default port 38347] INFO  volume.OMVolumeCreateRequest (OMVolumeCreateRequest.java:validateAndUpdateCache(195)) - created volume:volume13270 for user:user25600
2022-07-02 07:22:22,650 [Time-limited test] INFO  rpc.RpcClient (RpcClient.java:createBucket(669)) - Creating Bucket: volume13270/bucket01938, with bucket layout LEGACY, runner as owner, Versioning false, Storage Type set to DISK and Encryption set to false 
2022-07-02 07:22:22,651 [IPC Server handler 18 on default port 38347] INFO  bucket.OMBucketCreateRequest (OMBucketCreateRequest.java:validateAndUpdateCache(260)) - created bucket: bucket01938 of layout LEGACY in volume: volume13270
07:22:22.657 [IPC Server handler 2 on default port 38347] ERROR OMAudit - user=runner | ip=127.0.0.1 | op=READ_BUCKET {volume=volume-04292, bucket=bucket2} | ret=FAILURE
org.apache.hadoop.ozone.om.exceptions.OMException: Volume not found when getting bucket info
	at org.apache.hadoop.ozone.om.BucketManagerImpl.getBucketInfo(BucketManagerImpl.java:127) ~[ozone-manager-1.3.0-SNAPSHOT.jar:?]
	at org.apache.hadoop.ozone.om.OzoneManager.getBucketInfo(OzoneManager.java:2778) ~[ozone-manager-1.3.0-SNAPSHOT.jar:?]
	at org.apache.hadoop.ozone.protocolPB.OzoneManagerRequestHandler.infoBucket(OzoneManagerRequestHandler.java:464) ~[ozone-manager-1.3.0-SNAPSHOT.jar:?]
	at org.apache.hadoop.ozone.protocolPB.OzoneManagerRequestHandler.handleReadRequest(OzoneManagerRequestHandler.java:172) ~[ozone-manager-1.3.0-SNAPSHOT.jar:?]
	at org.apache.hadoop.ozone.protocolPB.OzoneManagerProtocolServerSideTranslatorPB.submitRequestDirectlyToOM(OzoneManagerProtocolServerSideTranslatorPB.java:276) ~[ozone-manager-1.3.0-SNAPSHOT.jar:?]
	at org.apache.hadoop.ozone.protocolPB.OzoneManagerProtocolServerSideTranslatorPB.processRequest(OzoneManagerProtocolServerSideTranslatorPB.java:205) ~[ozone-manager-1.3.0-SNAPSHOT.jar:?]
	at org.apache.hadoop.hdds.server.OzoneProtocolMessageDispatcher.processRequest(OzoneProtocolMessageDispatcher.java:87) [hdds-server-framework-1.3.0-SNAPSHOT.jar:?]
	at org.apache.hadoop.ozone.protocolPB.OzoneManagerProtocolServerSideTranslatorPB.submitRequest(OzoneManagerProtocolServerSideTranslatorPB.java:147) [ozone-manager-1.3.0-SNAPSHOT.jar:?]
	at org.apache.hadoop.ozone.protocol.proto.OzoneManagerProtocolProtos$OzoneManagerService$2.callBlockingMethod(OzoneManagerProtocolProtos.java) [ozone-interface-client-1.3.0-SNAPSHOT.jar:?]
	at org.apache.hadoop.ipc.ProtobufRpcEngine$Server.processCall(ProtobufRpcEngine.java:466) [hadoop-common-3.3.1.jar:?]
	at org.apache.hadoop.ipc.ProtobufRpcEngine2$Server$ProtoBufRpcInvoker.call(ProtobufRpcEngine2.java:574) [hadoop-common-3.3.1.jar:?]
	at org.apache.hadoop.ipc.ProtobufRpcEngine2$Server$ProtoBufRpcInvoker.call(ProtobufRpcEngine2.java:552) [hadoop-common-3.3.1.jar:?]
	at org.apache.hadoop.ipc.RPC$Server.call(RPC.java:1093) [hadoop-common-3.3.1.jar:?]
	at org.apache.hadoop.ipc.Server$RpcCall.run(Server.java:1035) [hadoop-common-3.3.1.jar:?]
	at org.apache.hadoop.ipc.Server$RpcCall.run(Server.java:963) [hadoop-common-3.3.1.jar:?]
	at java.security.AccessController.doPrivileged(Native Method) ~[?:1.8.0_332]
	at javax.security.auth.Subject.doAs(Subject.java:422) [?:1.8.0_332]
	at org.apache.hadoop.security.UserGroupInformation.doAs(UserGroupInformation.java:1878) [hadoop-common-3.3.1.jar:?]
	at org.apache.hadoop.ipc.Server$Handler.run(Server.java:2966) [hadoop-common-3.3.1.jar:?]
2022-07-02 07:22:22,657 [Time-limited test] INFO  rpc.RpcClient (RpcClient.java:createVolume(466)) - Creating Volume: volume-04292, with runner as owner and space quota set to -1 bytes, counts quota set to -1
2022-07-02 07:22:22,658 [IPC Server handler 4 on default port 38347] INFO  volume.OMVolumeCreateRequest (OMVolumeCreateRequest.java:validateAndUpdateCache(195)) - created volume:volume-04292 for user:runner
2022-07-02 07:22:22,664 [Time-limited test] INFO  rpc.RpcClient (RpcClient.java:createBucket(669)) - Creating Bucket: volume-04292/bucket2, with bucket layout LEGACY, runner as owner, Versioning false, Storage Type set to DISK and Encryption set to false 
2022-07-02 07:22:22,666 [IPC Server handler 5 on default port 38347] INFO  bucket.OMBucketCreateRequest (OMBucketCreateRequest.java:validateAndUpdateCache(260)) - created bucket: bucket2 of layout LEGACY in volume: volume-04292
07:22:22.680 [IPC Server handler 10 on default port 38347] ERROR OMAudit - user=runner | ip=127.0.0.1 | op=DELETE_VOLUME {volume=volume-04292} | ret=FAILURE
org.apache.hadoop.ozone.om.exceptions.OMException: null
	at org.apache.hadoop.ozone.om.request.volume.OMVolumeDeleteRequest.validateAndUpdateCache(OMVolumeDeleteRequest.java:122) ~[ozone-manager-1.3.0-SNAPSHOT.jar:?]
	at org.apache.hadoop.ozone.protocolPB.OzoneManagerRequestHandler.handleWriteRequest(OzoneManagerRequestHandler.java:293) ~[ozone-manager-1.3.0-SNAPSHOT.jar:?]
	at org.apache.hadoop.ozone.protocolPB.OzoneManagerProtocolServerSideTranslatorPB.submitRequestDirectlyToOM(OzoneManagerProtocolServerSideTranslatorPB.java:282) ~[ozone-manager-1.3.0-SNAPSHOT.jar:?]
	at org.apache.hadoop.ozone.protocolPB.OzoneManagerProtocolServerSideTranslatorPB.processRequest(OzoneManagerProtocolServerSideTranslatorPB.java:205) ~[ozone-manager-1.3.0-SNAPSHOT.jar:?]
	at org.apache.hadoop.hdds.server.OzoneProtocolMessageDispatcher.processRequest(OzoneProtocolMessageDispatcher.java:87) [hdds-server-framework-1.3.0-SNAPSHOT.jar:?]
	at org.apache.hadoop.ozone.protocolPB.OzoneManagerProtocolServerSideTranslatorPB.submitRequest(OzoneManagerProtocolServerSideTranslatorPB.java:147) [ozone-manager-1.3.0-SNAPSHOT.jar:?]
	at org.apache.hadoop.ozone.protocol.proto.OzoneManagerProtocolProtos$OzoneManagerService$2.callBlockingMethod(OzoneManagerProtocolProtos.java) [ozone-interface-client-1.3.0-SNAPSHOT.jar:?]
	at org.apache.hadoop.ipc.ProtobufRpcEngine$Server.processCall(ProtobufRpcEngine.java:466) [hadoop-common-3.3.1.jar:?]
	at org.apache.hadoop.ipc.ProtobufRpcEngine2$Server$ProtoBufRpcInvoker.call(ProtobufRpcEngine2.java:574) [hadoop-common-3.3.1.jar:?]
	at org.apache.hadoop.ipc.ProtobufRpcEngine2$Server$ProtoBufRpcInvoker.call(ProtobufRpcEngine2.java:552) [hadoop-common-3.3.1.jar:?]
	at org.apache.hadoop.ipc.RPC$Server.call(RPC.java:1093) [hadoop-common-3.3.1.jar:?]
	at org.apache.hadoop.ipc.Server$RpcCall.run(Server.java:1035) [hadoop-common-3.3.1.jar:?]
	at org.apache.hadoop.ipc.Server$RpcCall.run(Server.java:963) [hadoop-common-3.3.1.jar:?]
	at java.security.AccessController.doPrivileged(Native Method) ~[?:1.8.0_332]
	at javax.security.auth.Subject.doAs(Subject.java:422) [?:1.8.0_332]
	at org.apache.hadoop.security.UserGroupInformation.doAs(UserGroupInformation.java:1878) [hadoop-common-3.3.1.jar:?]
	at org.apache.hadoop.ipc.Server$Handler.run(Server.java:2966) [hadoop-common-3.3.1.jar:?]
2022-07-02 07:22:22,681 [IPC Server handler 10 on default port 38347] ERROR volume.OMVolumeDeleteRequest (OMVolumeDeleteRequest.java:validateAndUpdateCache(170)) - Volume deletion failed for user:runner volume:volume-04292
VOLUME_NOT_EMPTY org.apache.hadoop.ozone.om.exceptions.OMException
	at org.apache.hadoop.ozone.om.request.volume.OMVolumeDeleteRequest.validateAndUpdateCache(OMVolumeDeleteRequest.java:122)
	at org.apache.hadoop.ozone.protocolPB.OzoneManagerRequestHandler.handleWriteRequest(OzoneManagerRequestHandler.java:293)
	at org.apache.hadoop.ozone.protocolPB.OzoneManagerProtocolServerSideTranslatorPB.submitRequestDirectlyToOM(OzoneManagerProtocolServerSideTranslatorPB.java:282)
	at org.apache.hadoop.ozone.protocolPB.OzoneManagerProtocolServerSideTranslatorPB.processRequest(OzoneManagerProtocolServerSideTranslatorPB.java:205)
	at org.apache.hadoop.hdds.server.OzoneProtocolMessageDispatcher.processRequest(OzoneProtocolMessageDispatcher.java:87)
	at org.apache.hadoop.ozone.protocolPB.OzoneManagerProtocolServerSideTranslatorPB.submitRequest(OzoneManagerProtocolServerSideTranslatorPB.java:147)
	at org.apache.hadoop.ozone.protocol.proto.OzoneManagerProtocolProtos$OzoneManagerService$2.callBlockingMethod(OzoneManagerProtocolProtos.java)
	at org.apache.hadoop.ipc.ProtobufRpcEngine$Server.processCall(ProtobufRpcEngine.java:466)
	at org.apache.hadoop.ipc.ProtobufRpcEngine2$Server$ProtoBufRpcInvoker.call(ProtobufRpcEngine2.java:574)
	at org.apache.hadoop.ipc.ProtobufRpcEngine2$Server$ProtoBufRpcInvoker.call(ProtobufRpcEngine2.java:552)
	at org.apache.hadoop.ipc.RPC$Server.call(RPC.java:1093)
	at org.apache.hadoop.ipc.Server$RpcCall.run(Server.java:1035)
	at org.apache.hadoop.ipc.Server$RpcCall.run(Server.java:963)
	at java.security.AccessController.doPrivileged(Native Method)
	at javax.security.auth.Subject.doAs(Subject.java:422)
	at org.apache.hadoop.security.UserGroupInformation.doAs(UserGroupInformation.java:1878)
	at org.apache.hadoop.ipc.Server$Handler.run(Server.java:2966)
07:22:22.689 [IPC Server handler 6 on default port 38347] ERROR OMAudit - user=runner | ip=127.0.0.1 | op=READ_VOLUME {volume=volume-04292} | ret=FAILURE
org.apache.hadoop.ozone.om.exceptions.OMException: Volume volume-04292 is not found
	at org.apache.hadoop.ozone.om.VolumeManagerImpl.getVolumeInfo(VolumeManagerImpl.java:74) ~[ozone-manager-1.3.0-SNAPSHOT.jar:?]
	at org.apache.hadoop.ozone.om.OzoneManager.getVolumeInfo(OzoneManager.java:2602) ~[ozone-manager-1.3.0-SNAPSHOT.jar:?]
	at org.apache.hadoop.ozone.protocolPB.OzoneManagerRequestHandler.infoVolume(OzoneManagerRequestHandler.java:390) ~[ozone-manager-1.3.0-SNAPSHOT.jar:?]
	at org.apache.hadoop.ozone.protocolPB.OzoneManagerRequestHandler.handleReadRequest(OzoneManagerRequestHandler.java:162) ~[ozone-manager-1.3.0-SNAPSHOT.jar:?]
	at org.apache.hadoop.ozone.protocolPB.OzoneManagerProtocolServerSideTranslatorPB.submitRequestDirectlyToOM(OzoneManagerProtocolServerSideTranslatorPB.java:276) ~[ozone-manager-1.3.0-SNAPSHOT.jar:?]
	at org.apache.hadoop.ozone.protocolPB.OzoneManagerProtocolServerSideTranslatorPB.processRequest(OzoneManagerProtocolServerSideTranslatorPB.java:205) ~[ozone-manager-1.3.0-SNAPSHOT.jar:?]
	at org.apache.hadoop.hdds.server.OzoneProtocolMessageDispatcher.processRequest(OzoneProtocolMessageDispatcher.java:87) [hdds-server-framework-1.3.0-SNAPSHOT.jar:?]
	at org.apache.hadoop.ozone.protocolPB.OzoneManagerProtocolServerSideTranslatorPB.submitRequest(OzoneManagerProtocolServerSideTranslatorPB.java:147) [ozone-manager-1.3.0-SNAPSHOT.jar:?]
	at org.apache.hadoop.ozone.protocol.proto.OzoneManagerProtocolProtos$OzoneManagerService$2.callBlockingMethod(OzoneManagerProtocolProtos.java) [ozone-interface-client-1.3.0-SNAPSHOT.jar:?]
	at org.apache.hadoop.ipc.ProtobufRpcEngine$Server.processCall(ProtobufRpcEngine.java:466) [hadoop-common-3.3.1.jar:?]
	at org.apache.hadoop.ipc.ProtobufRpcEngine2$Server$ProtoBufRpcInvoker.call(ProtobufRpcEngine2.java:574) [hadoop-common-3.3.1.jar:?]
	at org.apache.hadoop.ipc.ProtobufRpcEngine2$Server$ProtoBufRpcInvoker.call(ProtobufRpcEngine2.java:552) [hadoop-common-3.3.1.jar:?]
	at org.apache.hadoop.ipc.RPC$Server.call(RPC.java:1093) [hadoop-common-3.3.1.jar:?]
	at org.apache.hadoop.ipc.Server$RpcCall.run(Server.java:1035) [hadoop-common-3.3.1.jar:?]
	at org.apache.hadoop.ipc.Server$RpcCall.run(Server.java:963) [hadoop-common-3.3.1.jar:?]
	at java.security.AccessController.doPrivileged(Native Method) ~[?:1.8.0_332]
	at javax.security.auth.Subject.doAs(Subject.java:422) [?:1.8.0_332]
	at org.apache.hadoop.security.UserGroupInformation.doAs(UserGroupInformation.java:1878) [hadoop-common-3.3.1.jar:?]
	at org.apache.hadoop.ipc.Server$Handler.run(Server.java:2966) [hadoop-common-3.3.1.jar:?]
]]></system-out>
  </testcase>
  <testcase name="testDeleteVolumeAndBucket" classname="TestRootedOzoneFileSystem" time="0.288">
    <system-out><![CDATA[2022-07-02 07:23:55,606 [Time-limited test] INFO  rpc.RpcClient (RpcClient.java:createVolume(466)) - Creating Volume: volume84066, with user59319 as owner and space quota set to -1 bytes, counts quota set to -1
2022-07-02 07:23:55,609 [OM StateMachine ApplyTransaction Thread - 0] INFO  volume.OMVolumeCreateRequest (OMVolumeCreateRequest.java:validateAndUpdateCache(195)) - created volume:volume84066 for user:user59319
2022-07-02 07:23:55,611 [Time-limited test] INFO  rpc.RpcClient (RpcClient.java:createBucket(669)) - Creating Bucket: volume84066/bucket66818, with bucket layout LEGACY, runner as owner, Versioning false, Storage Type set to DISK and Encryption set to false 
2022-07-02 07:23:55,616 [OM StateMachine ApplyTransaction Thread - 0] INFO  bucket.OMBucketCreateRequest (OMBucketCreateRequest.java:validateAndUpdateCache(260)) - created bucket: bucket66818 of layout LEGACY in volume: volume84066
07:23:55.621 [IPC Server handler 19 on default port 38259] ERROR OMAudit - user=runner | ip=127.0.0.1 | op=READ_BUCKET {volume=volume-28782, bucket=bucket2} | ret=FAILURE
org.apache.hadoop.ozone.om.exceptions.OMException: Volume not found when getting bucket info
	at org.apache.hadoop.ozone.om.BucketManagerImpl.getBucketInfo(BucketManagerImpl.java:127) ~[ozone-manager-1.3.0-SNAPSHOT.jar:?]
	at org.apache.hadoop.ozone.om.OzoneManager.getBucketInfo(OzoneManager.java:2778) ~[ozone-manager-1.3.0-SNAPSHOT.jar:?]
	at org.apache.hadoop.ozone.protocolPB.OzoneManagerRequestHandler.infoBucket(OzoneManagerRequestHandler.java:464) ~[ozone-manager-1.3.0-SNAPSHOT.jar:?]
	at org.apache.hadoop.ozone.protocolPB.OzoneManagerRequestHandler.handleReadRequest(OzoneManagerRequestHandler.java:172) ~[ozone-manager-1.3.0-SNAPSHOT.jar:?]
	at org.apache.hadoop.ozone.protocolPB.OzoneManagerProtocolServerSideTranslatorPB.submitReadRequestToOM(OzoneManagerProtocolServerSideTranslatorPB.java:226) ~[ozone-manager-1.3.0-SNAPSHOT.jar:?]
	at org.apache.hadoop.ozone.protocolPB.OzoneManagerProtocolServerSideTranslatorPB.processRequest(OzoneManagerProtocolServerSideTranslatorPB.java:175) ~[ozone-manager-1.3.0-SNAPSHOT.jar:?]
	at org.apache.hadoop.hdds.server.OzoneProtocolMessageDispatcher.processRequest(OzoneProtocolMessageDispatcher.java:87) [hdds-server-framework-1.3.0-SNAPSHOT.jar:?]
	at org.apache.hadoop.ozone.protocolPB.OzoneManagerProtocolServerSideTranslatorPB.submitRequest(OzoneManagerProtocolServerSideTranslatorPB.java:147) [ozone-manager-1.3.0-SNAPSHOT.jar:?]
	at org.apache.hadoop.ozone.protocol.proto.OzoneManagerProtocolProtos$OzoneManagerService$2.callBlockingMethod(OzoneManagerProtocolProtos.java) [ozone-interface-client-1.3.0-SNAPSHOT.jar:?]
	at org.apache.hadoop.ipc.ProtobufRpcEngine$Server.processCall(ProtobufRpcEngine.java:466) [hadoop-common-3.3.1.jar:?]
	at org.apache.hadoop.ipc.ProtobufRpcEngine2$Server$ProtoBufRpcInvoker.call(ProtobufRpcEngine2.java:574) [hadoop-common-3.3.1.jar:?]
	at org.apache.hadoop.ipc.ProtobufRpcEngine2$Server$ProtoBufRpcInvoker.call(ProtobufRpcEngine2.java:552) [hadoop-common-3.3.1.jar:?]
	at org.apache.hadoop.ipc.RPC$Server.call(RPC.java:1093) [hadoop-common-3.3.1.jar:?]
	at org.apache.hadoop.ipc.Server$RpcCall.run(Server.java:1035) [hadoop-common-3.3.1.jar:?]
	at org.apache.hadoop.ipc.Server$RpcCall.run(Server.java:963) [hadoop-common-3.3.1.jar:?]
	at java.security.AccessController.doPrivileged(Native Method) ~[?:1.8.0_332]
	at javax.security.auth.Subject.doAs(Subject.java:422) [?:1.8.0_332]
	at org.apache.hadoop.security.UserGroupInformation.doAs(UserGroupInformation.java:1878) [hadoop-common-3.3.1.jar:?]
	at org.apache.hadoop.ipc.Server$Handler.run(Server.java:2966) [hadoop-common-3.3.1.jar:?]
2022-07-02 07:23:55,626 [Time-limited test] INFO  rpc.RpcClient (RpcClient.java:createVolume(466)) - Creating Volume: volume-28782, with runner as owner and space quota set to -1 bytes, counts quota set to -1
2022-07-02 07:23:55,628 [OM StateMachine ApplyTransaction Thread - 0] INFO  volume.OMVolumeCreateRequest (OMVolumeCreateRequest.java:validateAndUpdateCache(195)) - created volume:volume-28782 for user:runner
2022-07-02 07:23:55,629 [Time-limited test] INFO  rpc.RpcClient (RpcClient.java:createBucket(669)) - Creating Bucket: volume-28782/bucket2, with bucket layout LEGACY, runner as owner, Versioning false, Storage Type set to DISK and Encryption set to false 
2022-07-02 07:23:55,630 [OM StateMachine ApplyTransaction Thread - 0] INFO  bucket.OMBucketCreateRequest (OMBucketCreateRequest.java:validateAndUpdateCache(260)) - created bucket: bucket2 of layout LEGACY in volume: volume-28782
07:23:55.637 [OM StateMachine ApplyTransaction Thread - 0] ERROR OMAudit - user=runner | ip=127.0.0.1 | op=DELETE_VOLUME {volume=volume-28782} | ret=FAILURE
org.apache.hadoop.ozone.om.exceptions.OMException: null
	at org.apache.hadoop.ozone.om.request.volume.OMVolumeDeleteRequest.validateAndUpdateCache(OMVolumeDeleteRequest.java:122) ~[ozone-manager-1.3.0-SNAPSHOT.jar:?]
	at org.apache.hadoop.ozone.protocolPB.OzoneManagerRequestHandler.handleWriteRequest(OzoneManagerRequestHandler.java:293) ~[ozone-manager-1.3.0-SNAPSHOT.jar:?]
	at org.apache.hadoop.ozone.om.ratis.OzoneManagerStateMachine.runCommand(OzoneManagerStateMachine.java:529) ~[ozone-manager-1.3.0-SNAPSHOT.jar:?]
	at org.apache.hadoop.ozone.om.ratis.OzoneManagerStateMachine.lambda$1(OzoneManagerStateMachine.java:324) ~[ozone-manager-1.3.0-SNAPSHOT.jar:?]
	at java.util.concurrent.CompletableFuture$AsyncSupply.run(CompletableFuture.java:1604) [?:1.8.0_332]
	at java.util.concurrent.ThreadPoolExecutor.runWorker(ThreadPoolExecutor.java:1149) [?:1.8.0_332]
	at java.util.concurrent.ThreadPoolExecutor$Worker.run(ThreadPoolExecutor.java:624) [?:1.8.0_332]
	at java.lang.Thread.run(Thread.java:750) [?:1.8.0_332]
2022-07-02 07:23:55,637 [OM StateMachine ApplyTransaction Thread - 0] ERROR volume.OMVolumeDeleteRequest (OMVolumeDeleteRequest.java:validateAndUpdateCache(170)) - Volume deletion failed for user:runner volume:volume-28782
VOLUME_NOT_EMPTY org.apache.hadoop.ozone.om.exceptions.OMException
	at org.apache.hadoop.ozone.om.request.volume.OMVolumeDeleteRequest.validateAndUpdateCache(OMVolumeDeleteRequest.java:122)
	at org.apache.hadoop.ozone.protocolPB.OzoneManagerRequestHandler.handleWriteRequest(OzoneManagerRequestHandler.java:293)
	at org.apache.hadoop.ozone.om.ratis.OzoneManagerStateMachine.runCommand(OzoneManagerStateMachine.java:529)
	at org.apache.hadoop.ozone.om.ratis.OzoneManagerStateMachine.lambda$1(OzoneManagerStateMachine.java:324)
	at java.util.concurrent.CompletableFuture$AsyncSupply.run(CompletableFuture.java:1604)
	at java.util.concurrent.ThreadPoolExecutor.runWorker(ThreadPoolExecutor.java:1149)
	at java.util.concurrent.ThreadPoolExecutor$Worker.run(ThreadPoolExecutor.java:624)
	at java.lang.Thread.run(Thread.java:750)
07:23:55.693 [IPC Server handler 12 on default port 38259] ERROR OMAudit - user=runner | ip=127.0.0.1 | op=READ_VOLUME {volume=volume-28782} | ret=FAILURE
org.apache.hadoop.ozone.om.exceptions.OMException: Volume volume-28782 is not found
	at org.apache.hadoop.ozone.om.VolumeManagerImpl.getVolumeInfo(VolumeManagerImpl.java:74) ~[ozone-manager-1.3.0-SNAPSHOT.jar:?]
	at org.apache.hadoop.ozone.om.OzoneManager.getVolumeInfo(OzoneManager.java:2602) ~[ozone-manager-1.3.0-SNAPSHOT.jar:?]
	at org.apache.hadoop.ozone.protocolPB.OzoneManagerRequestHandler.infoVolume(OzoneManagerRequestHandler.java:390) ~[ozone-manager-1.3.0-SNAPSHOT.jar:?]
	at org.apache.hadoop.ozone.protocolPB.OzoneManagerRequestHandler.handleReadRequest(OzoneManagerRequestHandler.java:162) ~[ozone-manager-1.3.0-SNAPSHOT.jar:?]
	at org.apache.hadoop.ozone.protocolPB.OzoneManagerProtocolServerSideTranslatorPB.submitReadRequestToOM(OzoneManagerProtocolServerSideTranslatorPB.java:226) ~[ozone-manager-1.3.0-SNAPSHOT.jar:?]
	at org.apache.hadoop.ozone.protocolPB.OzoneManagerProtocolServerSideTranslatorPB.processRequest(OzoneManagerProtocolServerSideTranslatorPB.java:175) ~[ozone-manager-1.3.0-SNAPSHOT.jar:?]
	at org.apache.hadoop.hdds.server.OzoneProtocolMessageDispatcher.processRequest(OzoneProtocolMessageDispatcher.java:87) [hdds-server-framework-1.3.0-SNAPSHOT.jar:?]
	at org.apache.hadoop.ozone.protocolPB.OzoneManagerProtocolServerSideTranslatorPB.submitRequest(OzoneManagerProtocolServerSideTranslatorPB.java:147) [ozone-manager-1.3.0-SNAPSHOT.jar:?]
	at org.apache.hadoop.ozone.protocol.proto.OzoneManagerProtocolProtos$OzoneManagerService$2.callBlockingMethod(OzoneManagerProtocolProtos.java) [ozone-interface-client-1.3.0-SNAPSHOT.jar:?]
	at org.apache.hadoop.ipc.ProtobufRpcEngine$Server.processCall(ProtobufRpcEngine.java:466) [hadoop-common-3.3.1.jar:?]
	at org.apache.hadoop.ipc.ProtobufRpcEngine2$Server$ProtoBufRpcInvoker.call(ProtobufRpcEngine2.java:574) [hadoop-common-3.3.1.jar:?]
	at org.apache.hadoop.ipc.ProtobufRpcEngine2$Server$ProtoBufRpcInvoker.call(ProtobufRpcEngine2.java:552) [hadoop-common-3.3.1.jar:?]
	at org.apache.hadoop.ipc.RPC$Server.call(RPC.java:1093) [hadoop-common-3.3.1.jar:?]
	at org.apache.hadoop.ipc.Server$RpcCall.run(Server.java:1035) [hadoop-common-3.3.1.jar:?]
	at org.apache.hadoop.ipc.Server$RpcCall.run(Server.java:963) [hadoop-common-3.3.1.jar:?]
	at java.security.AccessController.doPrivileged(Native Method) ~[?:1.8.0_332]
	at javax.security.auth.Subject.doAs(Subject.java:422) [?:1.8.0_332]
	at org.apache.hadoop.security.UserGroupInformation.doAs(UserGroupInformation.java:1878) [hadoop-common-3.3.1.jar:?]
	at org.apache.hadoop.ipc.Server$Handler.run(Server.java:2966) [hadoop-common-3.3.1.jar:?]
]]></system-out>
  </testcase>
  <testcase name="testDeleteVolumeAndBucket" classname="TestRootedOzoneFileSystem" time="0.11">
    <system-out><![CDATA[2022-07-02 07:25:26,949 [Time-limited test] INFO  rpc.RpcClient (RpcClient.java:createVolume(466)) - Creating Volume: volume42218, with user24177 as owner and space quota set to -1 bytes, counts quota set to -1
2022-07-02 07:25:26,952 [IPC Server handler 4 on default port 43657] INFO  volume.OMVolumeCreateRequest (OMVolumeCreateRequest.java:validateAndUpdateCache(195)) - created volume:volume42218 for user:user24177
2022-07-02 07:25:26,953 [Time-limited test] INFO  rpc.RpcClient (RpcClient.java:createBucket(669)) - Creating Bucket: volume42218/bucket91116, with bucket layout LEGACY, runner as owner, Versioning false, Storage Type set to DISK and Encryption set to false 
2022-07-02 07:25:26,953 [IPC Server handler 6 on default port 43657] INFO  bucket.OMBucketCreateRequest (OMBucketCreateRequest.java:validateAndUpdateCache(260)) - created bucket: bucket91116 of layout LEGACY in volume: volume42218
07:25:26.956 [IPC Server handler 10 on default port 43657] ERROR OMAudit - user=runner | ip=127.0.0.1 | op=READ_BUCKET {volume=volume-89447, bucket=bucket2} | ret=FAILURE
org.apache.hadoop.ozone.om.exceptions.OMException: Volume not found when getting bucket info
	at org.apache.hadoop.ozone.om.BucketManagerImpl.getBucketInfo(BucketManagerImpl.java:127) ~[ozone-manager-1.3.0-SNAPSHOT.jar:?]
	at org.apache.hadoop.ozone.om.OzoneManager.getBucketInfo(OzoneManager.java:2778) ~[ozone-manager-1.3.0-SNAPSHOT.jar:?]
	at org.apache.hadoop.ozone.protocolPB.OzoneManagerRequestHandler.infoBucket(OzoneManagerRequestHandler.java:464) ~[ozone-manager-1.3.0-SNAPSHOT.jar:?]
	at org.apache.hadoop.ozone.protocolPB.OzoneManagerRequestHandler.handleReadRequest(OzoneManagerRequestHandler.java:172) ~[ozone-manager-1.3.0-SNAPSHOT.jar:?]
	at org.apache.hadoop.ozone.protocolPB.OzoneManagerProtocolServerSideTranslatorPB.submitRequestDirectlyToOM(OzoneManagerProtocolServerSideTranslatorPB.java:276) ~[ozone-manager-1.3.0-SNAPSHOT.jar:?]
	at org.apache.hadoop.ozone.protocolPB.OzoneManagerProtocolServerSideTranslatorPB.processRequest(OzoneManagerProtocolServerSideTranslatorPB.java:205) ~[ozone-manager-1.3.0-SNAPSHOT.jar:?]
	at org.apache.hadoop.hdds.server.OzoneProtocolMessageDispatcher.processRequest(OzoneProtocolMessageDispatcher.java:87) [hdds-server-framework-1.3.0-SNAPSHOT.jar:?]
	at org.apache.hadoop.ozone.protocolPB.OzoneManagerProtocolServerSideTranslatorPB.submitRequest(OzoneManagerProtocolServerSideTranslatorPB.java:147) [ozone-manager-1.3.0-SNAPSHOT.jar:?]
	at org.apache.hadoop.ozone.protocol.proto.OzoneManagerProtocolProtos$OzoneManagerService$2.callBlockingMethod(OzoneManagerProtocolProtos.java) [ozone-interface-client-1.3.0-SNAPSHOT.jar:?]
	at org.apache.hadoop.ipc.ProtobufRpcEngine$Server.processCall(ProtobufRpcEngine.java:466) [hadoop-common-3.3.1.jar:?]
	at org.apache.hadoop.ipc.ProtobufRpcEngine2$Server$ProtoBufRpcInvoker.call(ProtobufRpcEngine2.java:574) [hadoop-common-3.3.1.jar:?]
	at org.apache.hadoop.ipc.ProtobufRpcEngine2$Server$ProtoBufRpcInvoker.call(ProtobufRpcEngine2.java:552) [hadoop-common-3.3.1.jar:?]
	at org.apache.hadoop.ipc.RPC$Server.call(RPC.java:1093) [hadoop-common-3.3.1.jar:?]
	at org.apache.hadoop.ipc.Server$RpcCall.run(Server.java:1035) [hadoop-common-3.3.1.jar:?]
	at org.apache.hadoop.ipc.Server$RpcCall.run(Server.java:963) [hadoop-common-3.3.1.jar:?]
	at java.security.AccessController.doPrivileged(Native Method) ~[?:1.8.0_332]
	at javax.security.auth.Subject.doAs(Subject.java:422) [?:1.8.0_332]
	at org.apache.hadoop.security.UserGroupInformation.doAs(UserGroupInformation.java:1878) [hadoop-common-3.3.1.jar:?]
	at org.apache.hadoop.ipc.Server$Handler.run(Server.java:2966) [hadoop-common-3.3.1.jar:?]
2022-07-02 07:25:26,957 [Time-limited test] INFO  rpc.RpcClient (RpcClient.java:createVolume(466)) - Creating Volume: volume-89447, with runner as owner and space quota set to -1 bytes, counts quota set to -1
2022-07-02 07:25:26,958 [IPC Server handler 12 on default port 43657] INFO  volume.OMVolumeCreateRequest (OMVolumeCreateRequest.java:validateAndUpdateCache(195)) - created volume:volume-89447 for user:runner
2022-07-02 07:25:26,960 [Time-limited test] INFO  rpc.RpcClient (RpcClient.java:createBucket(669)) - Creating Bucket: volume-89447/bucket2, with bucket layout LEGACY, runner as owner, Versioning false, Storage Type set to DISK and Encryption set to false 
2022-07-02 07:25:26,961 [IPC Server handler 14 on default port 43657] INFO  bucket.OMBucketCreateRequest (OMBucketCreateRequest.java:validateAndUpdateCache(260)) - created bucket: bucket2 of layout LEGACY in volume: volume-89447
07:25:26.969 [IPC Server handler 1 on default port 43657] ERROR OMAudit - user=runner | ip=127.0.0.1 | op=DELETE_VOLUME {volume=volume-89447} | ret=FAILURE
org.apache.hadoop.ozone.om.exceptions.OMException: null
	at org.apache.hadoop.ozone.om.request.volume.OMVolumeDeleteRequest.validateAndUpdateCache(OMVolumeDeleteRequest.java:122) ~[ozone-manager-1.3.0-SNAPSHOT.jar:?]
	at org.apache.hadoop.ozone.protocolPB.OzoneManagerRequestHandler.handleWriteRequest(OzoneManagerRequestHandler.java:293) ~[ozone-manager-1.3.0-SNAPSHOT.jar:?]
	at org.apache.hadoop.ozone.protocolPB.OzoneManagerProtocolServerSideTranslatorPB.submitRequestDirectlyToOM(OzoneManagerProtocolServerSideTranslatorPB.java:282) ~[ozone-manager-1.3.0-SNAPSHOT.jar:?]
	at org.apache.hadoop.ozone.protocolPB.OzoneManagerProtocolServerSideTranslatorPB.processRequest(OzoneManagerProtocolServerSideTranslatorPB.java:205) ~[ozone-manager-1.3.0-SNAPSHOT.jar:?]
	at org.apache.hadoop.hdds.server.OzoneProtocolMessageDispatcher.processRequest(OzoneProtocolMessageDispatcher.java:87) [hdds-server-framework-1.3.0-SNAPSHOT.jar:?]
	at org.apache.hadoop.ozone.protocolPB.OzoneManagerProtocolServerSideTranslatorPB.submitRequest(OzoneManagerProtocolServerSideTranslatorPB.java:147) [ozone-manager-1.3.0-SNAPSHOT.jar:?]
	at org.apache.hadoop.ozone.protocol.proto.OzoneManagerProtocolProtos$OzoneManagerService$2.callBlockingMethod(OzoneManagerProtocolProtos.java) [ozone-interface-client-1.3.0-SNAPSHOT.jar:?]
	at org.apache.hadoop.ipc.ProtobufRpcEngine$Server.processCall(ProtobufRpcEngine.java:466) [hadoop-common-3.3.1.jar:?]
	at org.apache.hadoop.ipc.ProtobufRpcEngine2$Server$ProtoBufRpcInvoker.call(ProtobufRpcEngine2.java:574) [hadoop-common-3.3.1.jar:?]
	at org.apache.hadoop.ipc.ProtobufRpcEngine2$Server$ProtoBufRpcInvoker.call(ProtobufRpcEngine2.java:552) [hadoop-common-3.3.1.jar:?]
	at org.apache.hadoop.ipc.RPC$Server.call(RPC.java:1093) [hadoop-common-3.3.1.jar:?]
	at org.apache.hadoop.ipc.Server$RpcCall.run(Server.java:1035) [hadoop-common-3.3.1.jar:?]
	at org.apache.hadoop.ipc.Server$RpcCall.run(Server.java:963) [hadoop-common-3.3.1.jar:?]
	at java.security.AccessController.doPrivileged(Native Method) ~[?:1.8.0_332]
	at javax.security.auth.Subject.doAs(Subject.java:422) [?:1.8.0_332]
	at org.apache.hadoop.security.UserGroupInformation.doAs(UserGroupInformation.java:1878) [hadoop-common-3.3.1.jar:?]
	at org.apache.hadoop.ipc.Server$Handler.run(Server.java:2966) [hadoop-common-3.3.1.jar:?]
2022-07-02 07:25:26,969 [IPC Server handler 1 on default port 43657] ERROR volume.OMVolumeDeleteRequest (OMVolumeDeleteRequest.java:validateAndUpdateCache(170)) - Volume deletion failed for user:runner volume:volume-89447
VOLUME_NOT_EMPTY org.apache.hadoop.ozone.om.exceptions.OMException
	at org.apache.hadoop.ozone.om.request.volume.OMVolumeDeleteRequest.validateAndUpdateCache(OMVolumeDeleteRequest.java:122)
	at org.apache.hadoop.ozone.protocolPB.OzoneManagerRequestHandler.handleWriteRequest(OzoneManagerRequestHandler.java:293)
	at org.apache.hadoop.ozone.protocolPB.OzoneManagerProtocolServerSideTranslatorPB.submitRequestDirectlyToOM(OzoneManagerProtocolServerSideTranslatorPB.java:282)
	at org.apache.hadoop.ozone.protocolPB.OzoneManagerProtocolServerSideTranslatorPB.processRequest(OzoneManagerProtocolServerSideTranslatorPB.java:205)
	at org.apache.hadoop.hdds.server.OzoneProtocolMessageDispatcher.processRequest(OzoneProtocolMessageDispatcher.java:87)
	at org.apache.hadoop.ozone.protocolPB.OzoneManagerProtocolServerSideTranslatorPB.submitRequest(OzoneManagerProtocolServerSideTranslatorPB.java:147)
	at org.apache.hadoop.ozone.protocol.proto.OzoneManagerProtocolProtos$OzoneManagerService$2.callBlockingMethod(OzoneManagerProtocolProtos.java)
	at org.apache.hadoop.ipc.ProtobufRpcEngine$Server.processCall(ProtobufRpcEngine.java:466)
	at org.apache.hadoop.ipc.ProtobufRpcEngine2$Server$ProtoBufRpcInvoker.call(ProtobufRpcEngine2.java:574)
	at org.apache.hadoop.ipc.ProtobufRpcEngine2$Server$ProtoBufRpcInvoker.call(ProtobufRpcEngine2.java:552)
	at org.apache.hadoop.ipc.RPC$Server.call(RPC.java:1093)
	at org.apache.hadoop.ipc.Server$RpcCall.run(Server.java:1035)
	at org.apache.hadoop.ipc.Server$RpcCall.run(Server.java:963)
	at java.security.AccessController.doPrivileged(Native Method)
	at javax.security.auth.Subject.doAs(Subject.java:422)
	at org.apache.hadoop.security.UserGroupInformation.doAs(UserGroupInformation.java:1878)
	at org.apache.hadoop.ipc.Server$Handler.run(Server.java:2966)
07:25:26.994 [IPC Server handler 15 on default port 43657] ERROR OMAudit - user=runner | ip=127.0.0.1 | op=READ_VOLUME {volume=volume-89447} | ret=FAILURE
org.apache.hadoop.ozone.om.exceptions.OMException: Volume volume-89447 is not found
	at org.apache.hadoop.ozone.om.VolumeManagerImpl.getVolumeInfo(VolumeManagerImpl.java:74) ~[ozone-manager-1.3.0-SNAPSHOT.jar:?]
	at org.apache.hadoop.ozone.om.OzoneManager.getVolumeInfo(OzoneManager.java:2602) ~[ozone-manager-1.3.0-SNAPSHOT.jar:?]
	at org.apache.hadoop.ozone.protocolPB.OzoneManagerRequestHandler.infoVolume(OzoneManagerRequestHandler.java:390) ~[ozone-manager-1.3.0-SNAPSHOT.jar:?]
	at org.apache.hadoop.ozone.protocolPB.OzoneManagerRequestHandler.handleReadRequest(OzoneManagerRequestHandler.java:162) ~[ozone-manager-1.3.0-SNAPSHOT.jar:?]
	at org.apache.hadoop.ozone.protocolPB.OzoneManagerProtocolServerSideTranslatorPB.submitRequestDirectlyToOM(OzoneManagerProtocolServerSideTranslatorPB.java:276) ~[ozone-manager-1.3.0-SNAPSHOT.jar:?]
	at org.apache.hadoop.ozone.protocolPB.OzoneManagerProtocolServerSideTranslatorPB.processRequest(OzoneManagerProtocolServerSideTranslatorPB.java:205) ~[ozone-manager-1.3.0-SNAPSHOT.jar:?]
	at org.apache.hadoop.hdds.server.OzoneProtocolMessageDispatcher.processRequest(OzoneProtocolMessageDispatcher.java:87) [hdds-server-framework-1.3.0-SNAPSHOT.jar:?]
	at org.apache.hadoop.ozone.protocolPB.OzoneManagerProtocolServerSideTranslatorPB.submitRequest(OzoneManagerProtocolServerSideTranslatorPB.java:147) [ozone-manager-1.3.0-SNAPSHOT.jar:?]
	at org.apache.hadoop.ozone.protocol.proto.OzoneManagerProtocolProtos$OzoneManagerService$2.callBlockingMethod(OzoneManagerProtocolProtos.java) [ozone-interface-client-1.3.0-SNAPSHOT.jar:?]
	at org.apache.hadoop.ipc.ProtobufRpcEngine$Server.processCall(ProtobufRpcEngine.java:466) [hadoop-common-3.3.1.jar:?]
	at org.apache.hadoop.ipc.ProtobufRpcEngine2$Server$ProtoBufRpcInvoker.call(ProtobufRpcEngine2.java:574) [hadoop-common-3.3.1.jar:?]
	at org.apache.hadoop.ipc.ProtobufRpcEngine2$Server$ProtoBufRpcInvoker.call(ProtobufRpcEngine2.java:552) [hadoop-common-3.3.1.jar:?]
	at org.apache.hadoop.ipc.RPC$Server.call(RPC.java:1093) [hadoop-common-3.3.1.jar:?]
	at org.apache.hadoop.ipc.Server$RpcCall.run(Server.java:1035) [hadoop-common-3.3.1.jar:?]
	at org.apache.hadoop.ipc.Server$RpcCall.run(Server.java:963) [hadoop-common-3.3.1.jar:?]
	at java.security.AccessController.doPrivileged(Native Method) ~[?:1.8.0_332]
	at javax.security.auth.Subject.doAs(Subject.java:422) [?:1.8.0_332]
	at org.apache.hadoop.security.UserGroupInformation.doAs(UserGroupInformation.java:1878) [hadoop-common-3.3.1.jar:?]
	at org.apache.hadoop.ipc.Server$Handler.run(Server.java:2966) [hadoop-common-3.3.1.jar:?]
]]></system-out>
  </testcase>
  <testcase name="testRenameDirToItsOwnSubDir" classname="TestRootedOzoneFileSystem" time="0.106">
    <system-out><![CDATA[2022-07-02 07:19:59,671 [Time-limited test] INFO  rpc.RpcClient (RpcClient.java:createVolume(466)) - Creating Volume: volume67534, with user67056 as owner and space quota set to -1 bytes, counts quota set to -1
2022-07-02 07:19:59,674 [OM StateMachine ApplyTransaction Thread - 0] INFO  volume.OMVolumeCreateRequest (OMVolumeCreateRequest.java:validateAndUpdateCache(195)) - created volume:volume67534 for user:user67056
2022-07-02 07:19:59,681 [Time-limited test] INFO  rpc.RpcClient (RpcClient.java:createBucket(669)) - Creating Bucket: volume67534/bucket33744, with bucket layout LEGACY, runner as owner, Versioning false, Storage Type set to DISK and Encryption set to false 
2022-07-02 07:19:59,684 [OM StateMachine ApplyTransaction Thread - 0] INFO  bucket.OMBucketCreateRequest (OMBucketCreateRequest.java:validateAndUpdateCache(260)) - created bucket: bucket33744 of layout LEGACY in volume: volume67534
2022-07-02 07:19:59,690 [Time-limited test] INFO  ozone.TestRootedOzoneFileSystem (TestRootedOzoneFileSystem.java:testRenameDirToItsOwnSubDir(1565)) - Created dir1 /volume67534/bucket33744/root/dir1/sub_dir1
2022-07-02 07:19:59,690 [Time-limited test] INFO  ozone.TestRootedOzoneFileSystem (TestRootedOzoneFileSystem.java:testRenameDirToItsOwnSubDir(1568)) - Rename op-> source:/volume67534/bucket33744/root to destin:/volume67534/bucket33744/root/dir1/sub_dir1
]]></system-out>
  </testcase>
  <testcase name="testRenameDirToItsOwnSubDir" classname="TestRootedOzoneFileSystem" time="0.116">
    <system-out><![CDATA[2022-07-02 07:21:11,170 [Time-limited test] INFO  rpc.RpcClient (RpcClient.java:createVolume(466)) - Creating Volume: volume27749, with user91756 as owner and space quota set to -1 bytes, counts quota set to -1
2022-07-02 07:21:11,172 [OM StateMachine ApplyTransaction Thread - 0] INFO  volume.OMVolumeCreateRequest (OMVolumeCreateRequest.java:validateAndUpdateCache(195)) - created volume:volume27749 for user:user91756
2022-07-02 07:21:11,177 [Time-limited test] INFO  rpc.RpcClient (RpcClient.java:createBucket(669)) - Creating Bucket: volume27749/bucket90545, with bucket layout LEGACY, runner as owner, Versioning false, Storage Type set to DISK and Encryption set to false 
2022-07-02 07:21:11,178 [OM StateMachine ApplyTransaction Thread - 0] INFO  bucket.OMBucketCreateRequest (OMBucketCreateRequest.java:validateAndUpdateCache(260)) - created bucket: bucket90545 of layout LEGACY in volume: volume27749
2022-07-02 07:21:11,181 [Time-limited test] INFO  ozone.TestRootedOzoneFileSystem (TestRootedOzoneFileSystem.java:testRenameDirToItsOwnSubDir(1565)) - Created dir1 /volume27749/bucket90545/root/dir1/sub_dir1
2022-07-02 07:21:11,181 [Time-limited test] INFO  ozone.TestRootedOzoneFileSystem (TestRootedOzoneFileSystem.java:testRenameDirToItsOwnSubDir(1568)) - Rename op-> source:/volume27749/bucket90545/root to destin:/volume27749/bucket90545/root/dir1/sub_dir1
]]></system-out>
  </testcase>
  <testcase name="testRenameDirToItsOwnSubDir" classname="TestRootedOzoneFileSystem" time="0.149">
    <system-out><![CDATA[2022-07-02 07:22:22,799 [Time-limited test] INFO  rpc.RpcClient (RpcClient.java:createVolume(466)) - Creating Volume: volume83862, with user48201 as owner and space quota set to -1 bytes, counts quota set to -1
2022-07-02 07:22:22,803 [IPC Server handler 3 on default port 38347] INFO  volume.OMVolumeCreateRequest (OMVolumeCreateRequest.java:validateAndUpdateCache(195)) - created volume:volume83862 for user:user48201
2022-07-02 07:22:22,804 [Time-limited test] INFO  rpc.RpcClient (RpcClient.java:createBucket(669)) - Creating Bucket: volume83862/bucket19308, with bucket layout LEGACY, runner as owner, Versioning false, Storage Type set to DISK and Encryption set to false 
2022-07-02 07:22:22,804 [IPC Server handler 6 on default port 38347] INFO  bucket.OMBucketCreateRequest (OMBucketCreateRequest.java:validateAndUpdateCache(260)) - created bucket: bucket19308 of layout LEGACY in volume: volume83862
2022-07-02 07:22:22,807 [Time-limited test] INFO  ozone.TestRootedOzoneFileSystem (TestRootedOzoneFileSystem.java:testRenameDirToItsOwnSubDir(1565)) - Created dir1 /volume83862/bucket19308/root/dir1/sub_dir1
2022-07-02 07:22:22,807 [Time-limited test] INFO  ozone.TestRootedOzoneFileSystem (TestRootedOzoneFileSystem.java:testRenameDirToItsOwnSubDir(1568)) - Rename op-> source:/volume83862/bucket19308/root to destin:/volume83862/bucket19308/root/dir1/sub_dir1
]]></system-out>
  </testcase>
  <testcase name="testRenameDirToItsOwnSubDir" classname="TestRootedOzoneFileSystem" time="0.261">
    <system-out><![CDATA[2022-07-02 07:23:55,943 [Time-limited test] INFO  rpc.RpcClient (RpcClient.java:createVolume(466)) - Creating Volume: volume36334, with user14429 as owner and space quota set to -1 bytes, counts quota set to -1
2022-07-02 07:23:55,946 [OM StateMachine ApplyTransaction Thread - 0] INFO  volume.OMVolumeCreateRequest (OMVolumeCreateRequest.java:validateAndUpdateCache(195)) - created volume:volume36334 for user:user14429
2022-07-02 07:23:55,953 [Time-limited test] INFO  rpc.RpcClient (RpcClient.java:createBucket(669)) - Creating Bucket: volume36334/bucket92672, with bucket layout LEGACY, runner as owner, Versioning false, Storage Type set to DISK and Encryption set to false 
2022-07-02 07:23:55,954 [OM StateMachine ApplyTransaction Thread - 0] INFO  bucket.OMBucketCreateRequest (OMBucketCreateRequest.java:validateAndUpdateCache(260)) - created bucket: bucket92672 of layout LEGACY in volume: volume36334
2022-07-02 07:23:55,957 [Time-limited test] INFO  ozone.TestRootedOzoneFileSystem (TestRootedOzoneFileSystem.java:testRenameDirToItsOwnSubDir(1565)) - Created dir1 /volume36334/bucket92672/root/dir1/sub_dir1
2022-07-02 07:23:55,957 [Time-limited test] INFO  ozone.TestRootedOzoneFileSystem (TestRootedOzoneFileSystem.java:testRenameDirToItsOwnSubDir(1568)) - Rename op-> source:/volume36334/bucket92672/root to destin:/volume36334/bucket92672/root/dir1/sub_dir1
2022-07-02 07:23:55,965 [d727aa53-777d-4565-b781-b847e62e7de2@group-88C20260634D-FollowerState] INFO  impl.FollowerState (FollowerState.java:run(143)) - d727aa53-777d-4565-b781-b847e62e7de2@group-88C20260634D-FollowerState: change to CANDIDATE, lastRpcElapsedTime:5019702049ns, electionTimeout:5009ms
2022-07-02 07:23:55,965 [d727aa53-777d-4565-b781-b847e62e7de2@group-88C20260634D-FollowerState] INFO  impl.RoleInfo (RoleInfo.java:shutdownFollowerState(110)) - d727aa53-777d-4565-b781-b847e62e7de2: shutdown d727aa53-777d-4565-b781-b847e62e7de2@group-88C20260634D-FollowerState
2022-07-02 07:23:55,965 [d727aa53-777d-4565-b781-b847e62e7de2@group-88C20260634D-FollowerState] INFO  server.RaftServer$Division (RaftServerImpl.java:setRole(299)) - d727aa53-777d-4565-b781-b847e62e7de2@group-88C20260634D: changes role from  FOLLOWER to CANDIDATE at term 4 for changeToCandidate
2022-07-02 07:23:55,965 [d727aa53-777d-4565-b781-b847e62e7de2@group-88C20260634D-FollowerState] INFO  server.RaftServerConfigKeys (ConfUtils.java:logGet(46)) - raft.server.leaderelection.pre-vote = false (custom)
2022-07-02 07:23:55,965 [d727aa53-777d-4565-b781-b847e62e7de2@group-88C20260634D-FollowerState] INFO  impl.RoleInfo (RoleInfo.java:updateAndGet(139)) - d727aa53-777d-4565-b781-b847e62e7de2: start d727aa53-777d-4565-b781-b847e62e7de2@group-88C20260634D-LeaderElection52
]]></system-out>
  </testcase>
  <testcase name="testRenameDirToItsOwnSubDir" classname="TestRootedOzoneFileSystem" time="0.106">
    <system-out><![CDATA[2022-07-02 07:25:27,044 [Time-limited test] INFO  rpc.RpcClient (RpcClient.java:createVolume(466)) - Creating Volume: volume93400, with user20222 as owner and space quota set to -1 bytes, counts quota set to -1
2022-07-02 07:25:27,045 [IPC Server handler 13 on default port 43657] INFO  volume.OMVolumeCreateRequest (OMVolumeCreateRequest.java:validateAndUpdateCache(195)) - created volume:volume93400 for user:user20222
2022-07-02 07:25:27,048 [Time-limited test] INFO  rpc.RpcClient (RpcClient.java:createBucket(669)) - Creating Bucket: volume93400/bucket82033, with bucket layout LEGACY, runner as owner, Versioning false, Storage Type set to DISK and Encryption set to false 
2022-07-02 07:25:27,052 [IPC Server handler 15 on default port 43657] INFO  bucket.OMBucketCreateRequest (OMBucketCreateRequest.java:validateAndUpdateCache(260)) - created bucket: bucket82033 of layout LEGACY in volume: volume93400
2022-07-02 07:25:27,069 [Time-limited test] INFO  ozone.TestRootedOzoneFileSystem (TestRootedOzoneFileSystem.java:testRenameDirToItsOwnSubDir(1565)) - Created dir1 /volume93400/bucket82033/root/dir1/sub_dir1
2022-07-02 07:25:27,069 [Time-limited test] INFO  ozone.TestRootedOzoneFileSystem (TestRootedOzoneFileSystem.java:testRenameDirToItsOwnSubDir(1568)) - Rename op-> source:/volume93400/bucket82033/root to destin:/volume93400/bucket82033/root/dir1/sub_dir1
]]></system-out>
  </testcase>
  <testcase name="testOzoneFsServiceLoader" classname="TestRootedOzoneFileSystem" time="0.09">
    <system-out><![CDATA[2022-07-02 07:19:59,774 [Time-limited test] INFO  rpc.RpcClient (RpcClient.java:createVolume(466)) - Creating Volume: volume43964, with user92580 as owner and space quota set to -1 bytes, counts quota set to -1
2022-07-02 07:19:59,777 [OM StateMachine ApplyTransaction Thread - 0] INFO  volume.OMVolumeCreateRequest (OMVolumeCreateRequest.java:validateAndUpdateCache(195)) - created volume:volume43964 for user:user92580
2022-07-02 07:19:59,786 [Time-limited test] INFO  rpc.RpcClient (RpcClient.java:createBucket(669)) - Creating Bucket: volume43964/bucket42953, with bucket layout LEGACY, runner as owner, Versioning false, Storage Type set to DISK and Encryption set to false 
2022-07-02 07:19:59,788 [OM StateMachine ApplyTransaction Thread - 0] INFO  bucket.OMBucketCreateRequest (OMBucketCreateRequest.java:validateAndUpdateCache(260)) - created bucket: bucket42953 of layout LEGACY in volume: volume43964
]]></system-out>
  </testcase>
  <testcase name="testOzoneFsServiceLoader" classname="TestRootedOzoneFileSystem" time="0.223">
    <system-out><![CDATA[2022-07-02 07:21:11,255 [Time-limited test] INFO  rpc.RpcClient (RpcClient.java:createVolume(466)) - Creating Volume: volume17663, with user53605 as owner and space quota set to -1 bytes, counts quota set to -1
2022-07-02 07:21:11,269 [OM StateMachine ApplyTransaction Thread - 0] INFO  volume.OMVolumeCreateRequest (OMVolumeCreateRequest.java:validateAndUpdateCache(195)) - created volume:volume17663 for user:user53605
2022-07-02 07:21:11,271 [Time-limited test] INFO  rpc.RpcClient (RpcClient.java:createBucket(669)) - Creating Bucket: volume17663/bucket02945, with bucket layout LEGACY, runner as owner, Versioning false, Storage Type set to DISK and Encryption set to false 
2022-07-02 07:21:11,273 [OM StateMachine ApplyTransaction Thread - 0] INFO  bucket.OMBucketCreateRequest (OMBucketCreateRequest.java:validateAndUpdateCache(260)) - created bucket: bucket02945 of layout LEGACY in volume: volume17663
]]></system-out>
  </testcase>
  <testcase name="testOzoneFsServiceLoader" classname="TestRootedOzoneFileSystem" time="0.156">
    <system-out><![CDATA[2022-07-02 07:22:22,884 [b1084062-54e4-4f5e-9113-5676fdd37f8c@group-B0C30B0EF2F8-FollowerState] INFO  impl.FollowerState (FollowerState.java:run(143)) - b1084062-54e4-4f5e-9113-5676fdd37f8c@group-B0C30B0EF2F8-FollowerState: change to CANDIDATE, lastRpcElapsedTime:5138973877ns, electionTimeout:5120ms
2022-07-02 07:22:22,884 [b1084062-54e4-4f5e-9113-5676fdd37f8c@group-B0C30B0EF2F8-FollowerState] INFO  impl.RoleInfo (RoleInfo.java:shutdownFollowerState(110)) - b1084062-54e4-4f5e-9113-5676fdd37f8c: shutdown b1084062-54e4-4f5e-9113-5676fdd37f8c@group-B0C30B0EF2F8-FollowerState
2022-07-02 07:22:22,884 [b1084062-54e4-4f5e-9113-5676fdd37f8c@group-B0C30B0EF2F8-FollowerState] INFO  server.RaftServer$Division (RaftServerImpl.java:setRole(299)) - b1084062-54e4-4f5e-9113-5676fdd37f8c@group-B0C30B0EF2F8: changes role from  FOLLOWER to CANDIDATE at term 0 for changeToCandidate
2022-07-02 07:22:22,885 [b1084062-54e4-4f5e-9113-5676fdd37f8c@group-B0C30B0EF2F8-FollowerState] INFO  server.RaftServerConfigKeys (ConfUtils.java:logGet(46)) - raft.server.leaderelection.pre-vote = false (custom)
2022-07-02 07:22:22,885 [b1084062-54e4-4f5e-9113-5676fdd37f8c@group-B0C30B0EF2F8-FollowerState] INFO  impl.RoleInfo (RoleInfo.java:updateAndGet(139)) - b1084062-54e4-4f5e-9113-5676fdd37f8c: start b1084062-54e4-4f5e-9113-5676fdd37f8c@group-B0C30B0EF2F8-LeaderElection28
2022-07-02 07:22:22,910 [Time-limited test] INFO  rpc.RpcClient (RpcClient.java:createVolume(466)) - Creating Volume: volume71594, with user23110 as owner and space quota set to -1 bytes, counts quota set to -1
2022-07-02 07:22:22,918 [IPC Server handler 0 on default port 38347] INFO  volume.OMVolumeCreateRequest (OMVolumeCreateRequest.java:validateAndUpdateCache(195)) - created volume:volume71594 for user:user23110
2022-07-02 07:22:22,921 [b1084062-54e4-4f5e-9113-5676fdd37f8c@group-B0C30B0EF2F8-LeaderElection28] INFO  impl.LeaderElection (LeaderElection.java:askForVotes(310)) - b1084062-54e4-4f5e-9113-5676fdd37f8c@group-B0C30B0EF2F8-LeaderElection28 ELECTION round 0: submit vote requests at term 1 for -1: [b1084062-54e4-4f5e-9113-5676fdd37f8c|rpc:10.1.0.20:38501|priority:1], old=null
2022-07-02 07:22:22,921 [b1084062-54e4-4f5e-9113-5676fdd37f8c@group-B0C30B0EF2F8-LeaderElection28] INFO  impl.LeaderElection (LeaderElection.java:askForVotes(312)) - b1084062-54e4-4f5e-9113-5676fdd37f8c@group-B0C30B0EF2F8-LeaderElection28 ELECTION round 0: result PASSED (term=1)
2022-07-02 07:22:22,921 [b1084062-54e4-4f5e-9113-5676fdd37f8c@group-B0C30B0EF2F8-LeaderElection28] INFO  impl.RoleInfo (RoleInfo.java:shutdownLeaderElection(130)) - b1084062-54e4-4f5e-9113-5676fdd37f8c: shutdown b1084062-54e4-4f5e-9113-5676fdd37f8c@group-B0C30B0EF2F8-LeaderElection28
2022-07-02 07:22:22,921 [b1084062-54e4-4f5e-9113-5676fdd37f8c@group-B0C30B0EF2F8-LeaderElection28] INFO  server.RaftServer$Division (RaftServerImpl.java:setRole(299)) - b1084062-54e4-4f5e-9113-5676fdd37f8c@group-B0C30B0EF2F8: changes role from CANDIDATE to LEADER at term 1 for changeToLeader
2022-07-02 07:22:22,921 [b1084062-54e4-4f5e-9113-5676fdd37f8c@group-B0C30B0EF2F8-LeaderElection28] INFO  ratis.XceiverServerRatis (XceiverServerRatis.java:handleLeaderChangedNotification(863)) - Leader change notification received for group: group-B0C30B0EF2F8 with new leaderId: b1084062-54e4-4f5e-9113-5676fdd37f8c
2022-07-02 07:22:22,921 [b1084062-54e4-4f5e-9113-5676fdd37f8c@group-B0C30B0EF2F8-LeaderElection28] INFO  server.RaftServer$Division (ServerState.java:setLeader(287)) - b1084062-54e4-4f5e-9113-5676fdd37f8c@group-B0C30B0EF2F8: change Leader from null to b1084062-54e4-4f5e-9113-5676fdd37f8c at term 1 for becomeLeader, leader elected after 5202ms
2022-07-02 07:22:22,921 [b1084062-54e4-4f5e-9113-5676fdd37f8c@group-B0C30B0EF2F8-LeaderElection28] INFO  server.RaftServerConfigKeys (ConfUtils.java:logGet(46)) - raft.server.staging.catchup.gap = 1000 (default)
2022-07-02 07:22:22,922 [b1084062-54e4-4f5e-9113-5676fdd37f8c@group-B0C30B0EF2F8-LeaderElection28] INFO  server.RaftServerConfigKeys (ConfUtils.java:logGet(46)) - raft.server.write.element-limit = 1024 (custom)
2022-07-02 07:22:22,922 [b1084062-54e4-4f5e-9113-5676fdd37f8c@group-B0C30B0EF2F8-LeaderElection28] INFO  server.RaftServerConfigKeys (ConfUtils.java:logGet(46)) - raft.server.write.byte-limit = 1024 M (=1073741824) (custom)
2022-07-02 07:22:22,922 [b1084062-54e4-4f5e-9113-5676fdd37f8c@group-B0C30B0EF2F8-LeaderElection28] INFO  server.RaftServerConfigKeys (ConfUtils.java:logGet(46)) - raft.server.watch.timeout = 180s (custom)
2022-07-02 07:22:22,922 [b1084062-54e4-4f5e-9113-5676fdd37f8c@group-B0C30B0EF2F8-LeaderElection28] INFO  server.RaftServerConfigKeys (ConfUtils.java:logGet(46)) - raft.server.watch.timeout.denomination = 1s (default)
2022-07-02 07:22:22,922 [b1084062-54e4-4f5e-9113-5676fdd37f8c@group-B0C30B0EF2F8-LeaderElection28] INFO  server.RaftServerConfigKeys (ConfUtils.java:logGet(46)) - raft.server.watch.element-limit = 65536 (default)
2022-07-02 07:22:22,922 [b1084062-54e4-4f5e-9113-5676fdd37f8c@group-B0C30B0EF2F8-LeaderElection28] INFO  server.RaftServerConfigKeys (ConfUtils.java:logGet(46)) - raft.server.write.element-limit = 1024 (custom)
2022-07-02 07:22:22,922 [b1084062-54e4-4f5e-9113-5676fdd37f8c@group-B0C30B0EF2F8-LeaderElection28] INFO  server.RaftServerConfigKeys (ConfUtils.java:logGet(46)) - raft.server.write.follower.gap.ratio.max = -1.0 (default)
2022-07-02 07:22:22,925 [b1084062-54e4-4f5e-9113-5676fdd37f8c@group-B0C30B0EF2F8-LeaderElection28] INFO  impl.RoleInfo (RoleInfo.java:updateAndGet(139)) - b1084062-54e4-4f5e-9113-5676fdd37f8c: start b1084062-54e4-4f5e-9113-5676fdd37f8c@group-B0C30B0EF2F8-LeaderStateImpl
2022-07-02 07:22:22,926 [b1084062-54e4-4f5e-9113-5676fdd37f8c@group-B0C30B0EF2F8-LeaderElection28] INFO  segmented.SegmentedRaftLogWorker (SegmentedRaftLogWorker.java:startLogSegment(425)) - b1084062-54e4-4f5e-9113-5676fdd37f8c@group-B0C30B0EF2F8-SegmentedRaftLogWorker: Starting segment from index:0
2022-07-02 07:22:22,927 [b1084062-54e4-4f5e-9113-5676fdd37f8c@group-B0C30B0EF2F8-SegmentedRaftLogWorker] INFO  segmented.SegmentedRaftLogWorker (SegmentedRaftLogWorker.java:execute(629)) - b1084062-54e4-4f5e-9113-5676fdd37f8c@group-B0C30B0EF2F8-SegmentedRaftLogWorker: created new log segment /home/runner/work/ozone/ozone/hadoop-ozone/integration-test/target/test-dir/MiniOzoneClusterImpl-2091899c-1ec3-4d3e-95df-d9e62105ac7a/datanode-3/data/ratis/fc0cfa63-819a-43a8-b9ba-b0c30b0ef2f8/current/log_inprogress_0
2022-07-02 07:22:22,941 [b1084062-54e4-4f5e-9113-5676fdd37f8c@group-B0C30B0EF2F8-LeaderElection28] INFO  server.RaftServer$Division (ServerState.java:setRaftConf(393)) - b1084062-54e4-4f5e-9113-5676fdd37f8c@group-B0C30B0EF2F8: set configuration 0: [b1084062-54e4-4f5e-9113-5676fdd37f8c|rpc:10.1.0.20:38501|dataStream:|priority:1], old=null
2022-07-02 07:22:22,946 [Time-limited test] INFO  rpc.RpcClient (RpcClient.java:createBucket(669)) - Creating Bucket: volume71594/bucket25765, with bucket layout LEGACY, runner as owner, Versioning false, Storage Type set to DISK and Encryption set to false 
2022-07-02 07:22:22,947 [IPC Server handler 2 on default port 38347] INFO  bucket.OMBucketCreateRequest (OMBucketCreateRequest.java:validateAndUpdateCache(260)) - created bucket: bucket25765 of layout LEGACY in volume: volume71594
]]></system-out>
  </testcase>
  <testcase name="testOzoneFsServiceLoader" classname="TestRootedOzoneFileSystem" time="0.27">
    <system-out><![CDATA[2022-07-02 07:23:56,018 [d727aa53-777d-4565-b781-b847e62e7de2@group-88C20260634D-LeaderElection52] INFO  impl.LeaderElection (LeaderElection.java:askForVotes(310)) - d727aa53-777d-4565-b781-b847e62e7de2@group-88C20260634D-LeaderElection52 ELECTION round 0: submit vote requests at term 5 for -1: [62d41a72-c69a-4c51-8969-57edf65cfd32|rpc:10.1.0.20:44989|dataStream:|priority:0, c36488b4-ebfd-4b41-ac5a-8203e4b42905|rpc:10.1.0.20:40803|dataStream:|priority:1, d727aa53-777d-4565-b781-b847e62e7de2|rpc:10.1.0.20:38235|dataStream:|priority:0], old=null
2022-07-02 07:23:56,035 [grpc-default-executor-4] INFO  server.RaftServer$Division (RaftServerImpl.java:requestVote(1152)) - 62d41a72-c69a-4c51-8969-57edf65cfd32@group-88C20260634D: receive requestVote(ELECTION, d727aa53-777d-4565-b781-b847e62e7de2, group-88C20260634D, 5, (t:0, i:0))
2022-07-02 07:23:56,035 [grpc-default-executor-4] INFO  impl.VoteContext (VoteContext.java:log(48)) - 62d41a72-c69a-4c51-8969-57edf65cfd32@group-88C20260634D-FOLLOWER: accept ELECTION from d727aa53-777d-4565-b781-b847e62e7de2: our priority 0 <= candidate's priority 0
2022-07-02 07:23:56,035 [grpc-default-executor-4] INFO  server.RaftServer$Division (RaftServerImpl.java:setRole(299)) - 62d41a72-c69a-4c51-8969-57edf65cfd32@group-88C20260634D: changes role from  FOLLOWER to FOLLOWER at term 5 for candidate:d727aa53-777d-4565-b781-b847e62e7de2
2022-07-02 07:23:56,036 [grpc-default-executor-4] INFO  impl.RoleInfo (RoleInfo.java:shutdownFollowerState(110)) - 62d41a72-c69a-4c51-8969-57edf65cfd32: shutdown 62d41a72-c69a-4c51-8969-57edf65cfd32@group-88C20260634D-FollowerState
2022-07-02 07:23:56,036 [grpc-default-executor-4] INFO  impl.RoleInfo (RoleInfo.java:updateAndGet(139)) - 62d41a72-c69a-4c51-8969-57edf65cfd32: start 62d41a72-c69a-4c51-8969-57edf65cfd32@group-88C20260634D-FollowerState
2022-07-02 07:23:56,036 [62d41a72-c69a-4c51-8969-57edf65cfd32@group-88C20260634D-FollowerState] INFO  impl.FollowerState (FollowerState.java:run(152)) - 62d41a72-c69a-4c51-8969-57edf65cfd32@group-88C20260634D-FollowerState was interrupted
2022-07-02 07:23:56,090 [grpc-default-executor-4] INFO  server.RaftServer$Division (RaftServerImpl.java:requestVote(1184)) - 62d41a72-c69a-4c51-8969-57edf65cfd32@group-88C20260634D replies to ELECTION vote request: d727aa53-777d-4565-b781-b847e62e7de2<-62d41a72-c69a-4c51-8969-57edf65cfd32#0:OK-t5. Peer's state: 62d41a72-c69a-4c51-8969-57edf65cfd32@group-88C20260634D:t5, leader=null, voted=d727aa53-777d-4565-b781-b847e62e7de2, raftlog=62d41a72-c69a-4c51-8969-57edf65cfd32@group-88C20260634D-SegmentedRaftLog:OPENED:c-1, conf=-1: [62d41a72-c69a-4c51-8969-57edf65cfd32|rpc:10.1.0.20:44989|priority:0, c36488b4-ebfd-4b41-ac5a-8203e4b42905|rpc:10.1.0.20:40803|priority:1, d727aa53-777d-4565-b781-b847e62e7de2|rpc:10.1.0.20:38235|priority:0], old=null
2022-07-02 07:23:56,090 [grpc-default-executor-1] INFO  server.RaftServer$Division (RaftServerImpl.java:requestVote(1152)) - c36488b4-ebfd-4b41-ac5a-8203e4b42905@group-88C20260634D: receive requestVote(ELECTION, d727aa53-777d-4565-b781-b847e62e7de2, group-88C20260634D, 5, (t:0, i:0))
2022-07-02 07:23:56,090 [grpc-default-executor-1] INFO  impl.VoteContext (VoteContext.java:log(48)) - c36488b4-ebfd-4b41-ac5a-8203e4b42905@group-88C20260634D-FOLLOWER: reject ELECTION from d727aa53-777d-4565-b781-b847e62e7de2: our priority 1 > candidate's priority 0
2022-07-02 07:23:56,090 [grpc-default-executor-1] INFO  server.RaftServer$Division (RaftServerImpl.java:setRole(299)) - c36488b4-ebfd-4b41-ac5a-8203e4b42905@group-88C20260634D: changes role from  FOLLOWER to FOLLOWER at term 5 for candidate:d727aa53-777d-4565-b781-b847e62e7de2
2022-07-02 07:23:56,090 [grpc-default-executor-1] INFO  impl.RoleInfo (RoleInfo.java:shutdownFollowerState(110)) - c36488b4-ebfd-4b41-ac5a-8203e4b42905: shutdown c36488b4-ebfd-4b41-ac5a-8203e4b42905@group-88C20260634D-FollowerState
2022-07-02 07:23:56,090 [grpc-default-executor-1] INFO  impl.RoleInfo (RoleInfo.java:updateAndGet(139)) - c36488b4-ebfd-4b41-ac5a-8203e4b42905: start c36488b4-ebfd-4b41-ac5a-8203e4b42905@group-88C20260634D-FollowerState
2022-07-02 07:23:56,091 [c36488b4-ebfd-4b41-ac5a-8203e4b42905@group-88C20260634D-FollowerState] INFO  impl.FollowerState (FollowerState.java:run(152)) - c36488b4-ebfd-4b41-ac5a-8203e4b42905@group-88C20260634D-FollowerState was interrupted
2022-07-02 07:23:56,105 [grpc-default-executor-1] INFO  server.RaftServer$Division (RaftServerImpl.java:requestVote(1184)) - c36488b4-ebfd-4b41-ac5a-8203e4b42905@group-88C20260634D replies to ELECTION vote request: d727aa53-777d-4565-b781-b847e62e7de2<-c36488b4-ebfd-4b41-ac5a-8203e4b42905#0:FAIL-t5. Peer's state: c36488b4-ebfd-4b41-ac5a-8203e4b42905@group-88C20260634D:t5, leader=null, voted=null, raftlog=c36488b4-ebfd-4b41-ac5a-8203e4b42905@group-88C20260634D-SegmentedRaftLog:OPENED:c-1, conf=-1: [62d41a72-c69a-4c51-8969-57edf65cfd32|rpc:10.1.0.20:44989|dataStream:|priority:0, c36488b4-ebfd-4b41-ac5a-8203e4b42905|rpc:10.1.0.20:40803|dataStream:|priority:1, d727aa53-777d-4565-b781-b847e62e7de2|rpc:10.1.0.20:38235|dataStream:|priority:0], old=null
2022-07-02 07:23:56,106 [d727aa53-777d-4565-b781-b847e62e7de2@group-88C20260634D-LeaderElection52] INFO  impl.LeaderElection (LeaderElection.java:logAndReturn(90)) - d727aa53-777d-4565-b781-b847e62e7de2@group-88C20260634D-LeaderElection52: ELECTION REJECTED received 2 response(s) and 0 exception(s):
2022-07-02 07:23:56,106 [d727aa53-777d-4565-b781-b847e62e7de2@group-88C20260634D-LeaderElection52] INFO  impl.LeaderElection (LeaderElection.java:logAndReturn(94)) -   Response 0: d727aa53-777d-4565-b781-b847e62e7de2<-62d41a72-c69a-4c51-8969-57edf65cfd32#0:OK-t5
2022-07-02 07:23:56,106 [d727aa53-777d-4565-b781-b847e62e7de2@group-88C20260634D-LeaderElection52] INFO  impl.LeaderElection (LeaderElection.java:logAndReturn(94)) -   Response 1: d727aa53-777d-4565-b781-b847e62e7de2<-c36488b4-ebfd-4b41-ac5a-8203e4b42905#0:FAIL-t5
2022-07-02 07:23:56,106 [d727aa53-777d-4565-b781-b847e62e7de2@group-88C20260634D-LeaderElection52] INFO  impl.LeaderElection (LeaderElection.java:askForVotes(312)) - d727aa53-777d-4565-b781-b847e62e7de2@group-88C20260634D-LeaderElection52 ELECTION round 0: result REJECTED
2022-07-02 07:23:56,106 [d727aa53-777d-4565-b781-b847e62e7de2@group-88C20260634D-LeaderElection52] INFO  server.RaftServer$Division (RaftServerImpl.java:setRole(299)) - d727aa53-777d-4565-b781-b847e62e7de2@group-88C20260634D: changes role from CANDIDATE to FOLLOWER at term 5 for REJECTED
2022-07-02 07:23:56,106 [d727aa53-777d-4565-b781-b847e62e7de2@group-88C20260634D-LeaderElection52] INFO  impl.RoleInfo (RoleInfo.java:shutdownLeaderElection(130)) - d727aa53-777d-4565-b781-b847e62e7de2: shutdown d727aa53-777d-4565-b781-b847e62e7de2@group-88C20260634D-LeaderElection52
2022-07-02 07:23:56,106 [d727aa53-777d-4565-b781-b847e62e7de2@group-88C20260634D-LeaderElection52] INFO  impl.RoleInfo (RoleInfo.java:updateAndGet(139)) - d727aa53-777d-4565-b781-b847e62e7de2: start d727aa53-777d-4565-b781-b847e62e7de2@group-88C20260634D-FollowerState
2022-07-02 07:23:56,144 [Time-limited test] INFO  rpc.RpcClient (RpcClient.java:createVolume(466)) - Creating Volume: volume41581, with user37802 as owner and space quota set to -1 bytes, counts quota set to -1
2022-07-02 07:23:56,148 [OM StateMachine ApplyTransaction Thread - 0] INFO  volume.OMVolumeCreateRequest (OMVolumeCreateRequest.java:validateAndUpdateCache(195)) - created volume:volume41581 for user:user37802
2022-07-02 07:23:56,150 [Time-limited test] INFO  rpc.RpcClient (RpcClient.java:createBucket(669)) - Creating Bucket: volume41581/bucket37821, with bucket layout LEGACY, runner as owner, Versioning false, Storage Type set to DISK and Encryption set to false 
2022-07-02 07:23:56,151 [OM StateMachine ApplyTransaction Thread - 0] INFO  bucket.OMBucketCreateRequest (OMBucketCreateRequest.java:validateAndUpdateCache(260)) - created bucket: bucket37821 of layout LEGACY in volume: volume41581
]]></system-out>
  </testcase>
  <testcase name="testOzoneFsServiceLoader" classname="TestRootedOzoneFileSystem" time="0.273">
    <system-out><![CDATA[2022-07-02 07:25:27,193 [Time-limited test] INFO  rpc.RpcClient (RpcClient.java:createVolume(466)) - Creating Volume: volume80042, with user04224 as owner and space quota set to -1 bytes, counts quota set to -1
2022-07-02 07:25:27,194 [IPC Server handler 7 on default port 43657] INFO  volume.OMVolumeCreateRequest (OMVolumeCreateRequest.java:validateAndUpdateCache(195)) - created volume:volume80042 for user:user04224
2022-07-02 07:25:27,204 [Time-limited test] INFO  rpc.RpcClient (RpcClient.java:createBucket(669)) - Creating Bucket: volume80042/bucket74121, with bucket layout LEGACY, runner as owner, Versioning false, Storage Type set to DISK and Encryption set to false 
2022-07-02 07:25:27,206 [IPC Server handler 10 on default port 43657] INFO  bucket.OMBucketCreateRequest (OMBucketCreateRequest.java:validateAndUpdateCache(260)) - created bucket: bucket74121 of layout LEGACY in volume: volume80042
]]></system-out>
  </testcase>
  <testcase name="testBucketDefaultsShouldNotBeInheritedToFileForNonEC" classname="TestRootedOzoneFileSystem" time="0.217">
    <system-out><![CDATA[2022-07-02 07:19:59,854 [Time-limited test] INFO  rpc.RpcClient (RpcClient.java:createVolume(466)) - Creating Volume: volume04769, with user19859 as owner and space quota set to -1 bytes, counts quota set to -1
2022-07-02 07:19:59,860 [OM StateMachine ApplyTransaction Thread - 0] INFO  volume.OMVolumeCreateRequest (OMVolumeCreateRequest.java:validateAndUpdateCache(195)) - created volume:volume04769 for user:user19859
2022-07-02 07:19:59,863 [Time-limited test] INFO  rpc.RpcClient (RpcClient.java:createBucket(669)) - Creating Bucket: volume04769/bucket71995, with bucket layout LEGACY, runner as owner, Versioning false, Storage Type set to DISK and Encryption set to false 
2022-07-02 07:19:59,866 [OM StateMachine ApplyTransaction Thread - 0] INFO  bucket.OMBucketCreateRequest (OMBucketCreateRequest.java:validateAndUpdateCache(260)) - created bucket: bucket71995 of layout LEGACY in volume: volume04769
2022-07-02 07:19:59,898 [Time-limited test] INFO  rpc.RpcClient (RpcClient.java:createVolume(466)) - Creating Volume: 7ad33715-8fcd-4268-abdc-980ef0d02a34, with user73901 as owner and space quota set to -1 bytes, counts quota set to -1
2022-07-02 07:19:59,904 [OM StateMachine ApplyTransaction Thread - 0] INFO  volume.OMVolumeCreateRequest (OMVolumeCreateRequest.java:validateAndUpdateCache(195)) - created volume:7ad33715-8fcd-4268-abdc-980ef0d02a34 for user:user73901
2022-07-02 07:19:59,910 [Time-limited test] INFO  rpc.RpcClient (RpcClient.java:createBucket(669)) - Creating Bucket: 7ad33715-8fcd-4268-abdc-980ef0d02a34/ff82feba-c654-4686-80e1-33f972da230c, with bucket layout LEGACY, runner as owner, Versioning false, Storage Type set to DISK and Encryption set to false 
2022-07-02 07:19:59,921 [OM StateMachine ApplyTransaction Thread - 0] INFO  bucket.OMBucketCreateRequest (OMBucketCreateRequest.java:validateAndUpdateCache(260)) - created bucket: ff82feba-c654-4686-80e1-33f972da230c of layout LEGACY in volume: 7ad33715-8fcd-4268-abdc-980ef0d02a34
]]></system-out>
  </testcase>
  <testcase name="testBucketDefaultsShouldNotBeInheritedToFileForNonEC" classname="TestRootedOzoneFileSystem" time="0.332">
    <system-out><![CDATA[2022-07-02 07:21:11,484 [Time-limited test] INFO  rpc.RpcClient (RpcClient.java:createVolume(466)) - Creating Volume: volume73251, with user30958 as owner and space quota set to -1 bytes, counts quota set to -1
2022-07-02 07:21:11,490 [OM StateMachine ApplyTransaction Thread - 0] INFO  volume.OMVolumeCreateRequest (OMVolumeCreateRequest.java:validateAndUpdateCache(195)) - created volume:volume73251 for user:user30958
2022-07-02 07:21:11,491 [Time-limited test] INFO  rpc.RpcClient (RpcClient.java:createBucket(669)) - Creating Bucket: volume73251/bucket30534, with bucket layout LEGACY, runner as owner, Versioning false, Storage Type set to DISK and Encryption set to false 
2022-07-02 07:21:11,504 [OM StateMachine ApplyTransaction Thread - 0] INFO  bucket.OMBucketCreateRequest (OMBucketCreateRequest.java:validateAndUpdateCache(260)) - created bucket: bucket30534 of layout LEGACY in volume: volume73251
2022-07-02 07:21:11,582 [Time-limited test] INFO  rpc.RpcClient (RpcClient.java:createVolume(466)) - Creating Volume: 32c2aff5-663b-4727-93d7-dbfbe13cbd84, with user50134 as owner and space quota set to -1 bytes, counts quota set to -1
2022-07-02 07:21:11,584 [OM StateMachine ApplyTransaction Thread - 0] INFO  volume.OMVolumeCreateRequest (OMVolumeCreateRequest.java:validateAndUpdateCache(195)) - created volume:32c2aff5-663b-4727-93d7-dbfbe13cbd84 for user:user50134
2022-07-02 07:21:11,586 [Time-limited test] INFO  rpc.RpcClient (RpcClient.java:createBucket(669)) - Creating Bucket: 32c2aff5-663b-4727-93d7-dbfbe13cbd84/d86ad75c-4663-4319-833c-5df975457c62, with bucket layout LEGACY, runner as owner, Versioning false, Storage Type set to DISK and Encryption set to false 
2022-07-02 07:21:11,587 [OM StateMachine ApplyTransaction Thread - 0] INFO  bucket.OMBucketCreateRequest (OMBucketCreateRequest.java:validateAndUpdateCache(260)) - created bucket: d86ad75c-4663-4319-833c-5df975457c62 of layout LEGACY in volume: 32c2aff5-663b-4727-93d7-dbfbe13cbd84
]]></system-out>
  </testcase>
  <testcase name="testBucketDefaultsShouldNotBeInheritedToFileForNonEC" classname="TestRootedOzoneFileSystem" time="0.455">
    <system-out><![CDATA[2022-07-02 07:22:23,121 [Time-limited test] INFO  rpc.RpcClient (RpcClient.java:createVolume(466)) - Creating Volume: volume99679, with user96534 as owner and space quota set to -1 bytes, counts quota set to -1
2022-07-02 07:22:23,122 [IPC Server handler 1 on default port 38347] INFO  volume.OMVolumeCreateRequest (OMVolumeCreateRequest.java:validateAndUpdateCache(195)) - created volume:volume99679 for user:user96534
2022-07-02 07:22:23,125 [Time-limited test] INFO  rpc.RpcClient (RpcClient.java:createBucket(669)) - Creating Bucket: volume99679/bucket13483, with bucket layout LEGACY, runner as owner, Versioning false, Storage Type set to DISK and Encryption set to false 
2022-07-02 07:22:23,125 [IPC Server handler 4 on default port 38347] INFO  bucket.OMBucketCreateRequest (OMBucketCreateRequest.java:validateAndUpdateCache(260)) - created bucket: bucket13483 of layout LEGACY in volume: volume99679
2022-07-02 07:22:23,218 [Time-limited test] INFO  rpc.RpcClient (RpcClient.java:createVolume(466)) - Creating Volume: 701a3de9-77ea-47aa-a4d1-d07782aaebec, with user41385 as owner and space quota set to -1 bytes, counts quota set to -1
2022-07-02 07:22:23,219 [IPC Server handler 6 on default port 38347] INFO  volume.OMVolumeCreateRequest (OMVolumeCreateRequest.java:validateAndUpdateCache(195)) - created volume:701a3de9-77ea-47aa-a4d1-d07782aaebec for user:user41385
2022-07-02 07:22:23,224 [Time-limited test] INFO  rpc.RpcClient (RpcClient.java:createBucket(669)) - Creating Bucket: 701a3de9-77ea-47aa-a4d1-d07782aaebec/6ee13d82-807c-4a42-8eca-1444e536f2c9, with bucket layout LEGACY, runner as owner, Versioning false, Storage Type set to DISK and Encryption set to false 
2022-07-02 07:22:23,226 [IPC Server handler 9 on default port 38347] INFO  bucket.OMBucketCreateRequest (OMBucketCreateRequest.java:validateAndUpdateCache(260)) - created bucket: 6ee13d82-807c-4a42-8eca-1444e536f2c9 of layout LEGACY in volume: 701a3de9-77ea-47aa-a4d1-d07782aaebec
]]></system-out>
  </testcase>
  <testcase name="testBucketDefaultsShouldNotBeInheritedToFileForNonEC" classname="TestRootedOzoneFileSystem" time="0.645">
    <system-out><![CDATA[2022-07-02 07:23:56,350 [Time-limited test] INFO  rpc.RpcClient (RpcClient.java:createVolume(466)) - Creating Volume: volume91648, with user80200 as owner and space quota set to -1 bytes, counts quota set to -1
2022-07-02 07:23:56,365 [OM StateMachine ApplyTransaction Thread - 0] INFO  volume.OMVolumeCreateRequest (OMVolumeCreateRequest.java:validateAndUpdateCache(195)) - created volume:volume91648 for user:user80200
2022-07-02 07:23:56,385 [Time-limited test] INFO  rpc.RpcClient (RpcClient.java:createBucket(669)) - Creating Bucket: volume91648/bucket13222, with bucket layout LEGACY, runner as owner, Versioning false, Storage Type set to DISK and Encryption set to false 
2022-07-02 07:23:56,393 [OM StateMachine ApplyTransaction Thread - 0] INFO  bucket.OMBucketCreateRequest (OMBucketCreateRequest.java:validateAndUpdateCache(260)) - created bucket: bucket13222 of layout LEGACY in volume: volume91648
2022-07-02 07:23:56,499 [Time-limited test] INFO  rpc.RpcClient (RpcClient.java:createVolume(466)) - Creating Volume: 14d4a44b-1b2d-4b6d-9485-4f91b9388711, with user34377 as owner and space quota set to -1 bytes, counts quota set to -1
2022-07-02 07:23:56,529 [OM StateMachine ApplyTransaction Thread - 0] INFO  volume.OMVolumeCreateRequest (OMVolumeCreateRequest.java:validateAndUpdateCache(195)) - created volume:14d4a44b-1b2d-4b6d-9485-4f91b9388711 for user:user34377
2022-07-02 07:23:56,532 [Time-limited test] INFO  rpc.RpcClient (RpcClient.java:createBucket(669)) - Creating Bucket: 14d4a44b-1b2d-4b6d-9485-4f91b9388711/0e588c4a-90cb-4e8a-a5c5-b0e64fa911e1, with bucket layout LEGACY, runner as owner, Versioning false, Storage Type set to DISK and Encryption set to false 
2022-07-02 07:23:56,534 [OM StateMachine ApplyTransaction Thread - 0] INFO  bucket.OMBucketCreateRequest (OMBucketCreateRequest.java:validateAndUpdateCache(260)) - created bucket: 0e588c4a-90cb-4e8a-a5c5-b0e64fa911e1 of layout LEGACY in volume: 14d4a44b-1b2d-4b6d-9485-4f91b9388711
]]></system-out>
  </testcase>
  <testcase name="testBucketDefaultsShouldNotBeInheritedToFileForNonEC" classname="TestRootedOzoneFileSystem" time="0.757">
    <system-out><![CDATA[2022-07-02 07:25:27,448 [Time-limited test] INFO  rpc.RpcClient (RpcClient.java:createVolume(466)) - Creating Volume: volume21379, with user78598 as owner and space quota set to -1 bytes, counts quota set to -1
2022-07-02 07:25:27,448 [IPC Server handler 9 on default port 43657] INFO  volume.OMVolumeCreateRequest (OMVolumeCreateRequest.java:validateAndUpdateCache(195)) - created volume:volume21379 for user:user78598
2022-07-02 07:25:27,457 [Time-limited test] INFO  rpc.RpcClient (RpcClient.java:createBucket(669)) - Creating Bucket: volume21379/bucket90825, with bucket layout LEGACY, runner as owner, Versioning false, Storage Type set to DISK and Encryption set to false 
2022-07-02 07:25:27,457 [IPC Server handler 12 on default port 43657] INFO  bucket.OMBucketCreateRequest (OMBucketCreateRequest.java:validateAndUpdateCache(260)) - created bucket: bucket90825 of layout LEGACY in volume: volume21379
2022-07-02 07:25:27,623 [Time-limited test] INFO  rpc.RpcClient (RpcClient.java:createVolume(466)) - Creating Volume: 836a4c42-5eda-4cfc-9104-f7ec2e6d8fa2, with user02626 as owner and space quota set to -1 bytes, counts quota set to -1
2022-07-02 07:25:27,629 [IPC Server handler 15 on default port 43657] INFO  volume.OMVolumeCreateRequest (OMVolumeCreateRequest.java:validateAndUpdateCache(195)) - created volume:836a4c42-5eda-4cfc-9104-f7ec2e6d8fa2 for user:user02626
2022-07-02 07:25:27,632 [Time-limited test] INFO  rpc.RpcClient (RpcClient.java:createBucket(669)) - Creating Bucket: 836a4c42-5eda-4cfc-9104-f7ec2e6d8fa2/f01d2785-4938-4649-932a-4e5bb70c998f, with bucket layout LEGACY, runner as owner, Versioning false, Storage Type set to DISK and Encryption set to false 
2022-07-02 07:25:27,633 [IPC Server handler 17 on default port 43657] INFO  bucket.OMBucketCreateRequest (OMBucketCreateRequest.java:validateAndUpdateCache(260)) - created bucket: f01d2785-4938-4649-932a-4e5bb70c998f of layout LEGACY in volume: 836a4c42-5eda-4cfc-9104-f7ec2e6d8fa2
2022-07-02 07:25:27,779 [27197ae1-8142-4704-ad9d-7b85a0d84008@group-B4833D54B916-FollowerState] INFO  impl.FollowerState (FollowerState.java:run(143)) - 27197ae1-8142-4704-ad9d-7b85a0d84008@group-B4833D54B916-FollowerState: change to CANDIDATE, lastRpcElapsedTime:5142038126ns, electionTimeout:5127ms
2022-07-02 07:25:27,779 [27197ae1-8142-4704-ad9d-7b85a0d84008@group-B4833D54B916-FollowerState] INFO  impl.RoleInfo (RoleInfo.java:shutdownFollowerState(110)) - 27197ae1-8142-4704-ad9d-7b85a0d84008: shutdown 27197ae1-8142-4704-ad9d-7b85a0d84008@group-B4833D54B916-FollowerState
2022-07-02 07:25:27,779 [27197ae1-8142-4704-ad9d-7b85a0d84008@group-B4833D54B916-FollowerState] INFO  server.RaftServer$Division (RaftServerImpl.java:setRole(299)) - 27197ae1-8142-4704-ad9d-7b85a0d84008@group-B4833D54B916: changes role from  FOLLOWER to CANDIDATE at term 0 for changeToCandidate
2022-07-02 07:25:27,779 [27197ae1-8142-4704-ad9d-7b85a0d84008@group-B4833D54B916-FollowerState] INFO  server.RaftServerConfigKeys (ConfUtils.java:logGet(46)) - raft.server.leaderelection.pre-vote = false (custom)
2022-07-02 07:25:27,779 [27197ae1-8142-4704-ad9d-7b85a0d84008@group-B4833D54B916-FollowerState] INFO  impl.RoleInfo (RoleInfo.java:updateAndGet(139)) - 27197ae1-8142-4704-ad9d-7b85a0d84008: start 27197ae1-8142-4704-ad9d-7b85a0d84008@group-B4833D54B916-LeaderElection65
2022-07-02 07:25:27,798 [27197ae1-8142-4704-ad9d-7b85a0d84008@group-B4833D54B916-LeaderElection65] INFO  impl.LeaderElection (LeaderElection.java:askForVotes(310)) - 27197ae1-8142-4704-ad9d-7b85a0d84008@group-B4833D54B916-LeaderElection65 ELECTION round 0: submit vote requests at term 1 for -1: [27197ae1-8142-4704-ad9d-7b85a0d84008|rpc:10.1.0.20:39541|priority:1], old=null
2022-07-02 07:25:27,799 [27197ae1-8142-4704-ad9d-7b85a0d84008@group-B4833D54B916-LeaderElection65] INFO  impl.LeaderElection (LeaderElection.java:askForVotes(312)) - 27197ae1-8142-4704-ad9d-7b85a0d84008@group-B4833D54B916-LeaderElection65 ELECTION round 0: result PASSED (term=1)
2022-07-02 07:25:27,799 [27197ae1-8142-4704-ad9d-7b85a0d84008@group-B4833D54B916-LeaderElection65] INFO  impl.RoleInfo (RoleInfo.java:shutdownLeaderElection(130)) - 27197ae1-8142-4704-ad9d-7b85a0d84008: shutdown 27197ae1-8142-4704-ad9d-7b85a0d84008@group-B4833D54B916-LeaderElection65
2022-07-02 07:25:27,799 [27197ae1-8142-4704-ad9d-7b85a0d84008@group-B4833D54B916-LeaderElection65] INFO  server.RaftServer$Division (RaftServerImpl.java:setRole(299)) - 27197ae1-8142-4704-ad9d-7b85a0d84008@group-B4833D54B916: changes role from CANDIDATE to LEADER at term 1 for changeToLeader
2022-07-02 07:25:27,799 [27197ae1-8142-4704-ad9d-7b85a0d84008@group-B4833D54B916-LeaderElection65] INFO  ratis.XceiverServerRatis (XceiverServerRatis.java:handleLeaderChangedNotification(863)) - Leader change notification received for group: group-B4833D54B916 with new leaderId: 27197ae1-8142-4704-ad9d-7b85a0d84008
2022-07-02 07:25:27,799 [27197ae1-8142-4704-ad9d-7b85a0d84008@group-B4833D54B916-LeaderElection65] INFO  server.RaftServer$Division (ServerState.java:setLeader(287)) - 27197ae1-8142-4704-ad9d-7b85a0d84008@group-B4833D54B916: change Leader from null to 27197ae1-8142-4704-ad9d-7b85a0d84008 at term 1 for becomeLeader, leader elected after 5332ms
2022-07-02 07:25:27,799 [27197ae1-8142-4704-ad9d-7b85a0d84008@group-B4833D54B916-LeaderElection65] INFO  server.RaftServerConfigKeys (ConfUtils.java:logGet(46)) - raft.server.staging.catchup.gap = 1000 (default)
2022-07-02 07:25:27,799 [27197ae1-8142-4704-ad9d-7b85a0d84008@group-B4833D54B916-LeaderElection65] INFO  server.RaftServerConfigKeys (ConfUtils.java:logGet(46)) - raft.server.write.element-limit = 1024 (custom)
2022-07-02 07:25:27,799 [27197ae1-8142-4704-ad9d-7b85a0d84008@group-B4833D54B916-LeaderElection65] INFO  server.RaftServerConfigKeys (ConfUtils.java:logGet(46)) - raft.server.write.byte-limit = 1024 M (=1073741824) (custom)
2022-07-02 07:25:27,800 [27197ae1-8142-4704-ad9d-7b85a0d84008@group-B4833D54B916-LeaderElection65] INFO  server.RaftServerConfigKeys (ConfUtils.java:logGet(46)) - raft.server.watch.timeout = 180s (custom)
2022-07-02 07:25:27,800 [27197ae1-8142-4704-ad9d-7b85a0d84008@group-B4833D54B916-LeaderElection65] INFO  server.RaftServerConfigKeys (ConfUtils.java:logGet(46)) - raft.server.watch.timeout.denomination = 1s (default)
2022-07-02 07:25:27,800 [27197ae1-8142-4704-ad9d-7b85a0d84008@group-B4833D54B916-LeaderElection65] INFO  server.RaftServerConfigKeys (ConfUtils.java:logGet(46)) - raft.server.watch.element-limit = 65536 (default)
2022-07-02 07:25:27,800 [27197ae1-8142-4704-ad9d-7b85a0d84008@group-B4833D54B916-LeaderElection65] INFO  server.RaftServerConfigKeys (ConfUtils.java:logGet(46)) - raft.server.write.element-limit = 1024 (custom)
2022-07-02 07:25:27,800 [27197ae1-8142-4704-ad9d-7b85a0d84008@group-B4833D54B916-LeaderElection65] INFO  server.RaftServerConfigKeys (ConfUtils.java:logGet(46)) - raft.server.write.follower.gap.ratio.max = -1.0 (default)
2022-07-02 07:25:27,800 [27197ae1-8142-4704-ad9d-7b85a0d84008@group-B4833D54B916-LeaderElection65] INFO  impl.RoleInfo (RoleInfo.java:updateAndGet(139)) - 27197ae1-8142-4704-ad9d-7b85a0d84008: start 27197ae1-8142-4704-ad9d-7b85a0d84008@group-B4833D54B916-LeaderStateImpl
2022-07-02 07:25:27,800 [27197ae1-8142-4704-ad9d-7b85a0d84008@group-B4833D54B916-LeaderElection65] INFO  segmented.SegmentedRaftLogWorker (SegmentedRaftLogWorker.java:startLogSegment(425)) - 27197ae1-8142-4704-ad9d-7b85a0d84008@group-B4833D54B916-SegmentedRaftLogWorker: Starting segment from index:0
2022-07-02 07:25:27,802 [27197ae1-8142-4704-ad9d-7b85a0d84008@group-B4833D54B916-SegmentedRaftLogWorker] INFO  segmented.SegmentedRaftLogWorker (SegmentedRaftLogWorker.java:execute(629)) - 27197ae1-8142-4704-ad9d-7b85a0d84008@group-B4833D54B916-SegmentedRaftLogWorker: created new log segment /home/runner/work/ozone/ozone/hadoop-ozone/integration-test/target/test-dir/MiniOzoneClusterImpl-61754a76-b51f-4318-8597-8262e590efb7/datanode-4/data/ratis/88230449-8041-4ab7-bd84-b4833d54b916/current/log_inprogress_0
2022-07-02 07:25:27,812 [27197ae1-8142-4704-ad9d-7b85a0d84008@group-B4833D54B916-LeaderElection65] INFO  server.RaftServer$Division (ServerState.java:setRaftConf(393)) - 27197ae1-8142-4704-ad9d-7b85a0d84008@group-B4833D54B916: set configuration 0: [27197ae1-8142-4704-ad9d-7b85a0d84008|rpc:10.1.0.20:39541|dataStream:|priority:1], old=null
]]></system-out>
  </testcase>
  <testcase name="testTrash" classname="TestRootedOzoneFileSystem" time="0">
    <skipped/>
  </testcase>
  <testcase name="testTrash" classname="TestRootedOzoneFileSystem" time="0">
    <skipped/>
  </testcase>
  <testcase name="testTrash" classname="TestRootedOzoneFileSystem" time="0">
    <skipped/>
  </testcase>
  <testcase name="testTrash" classname="TestRootedOzoneFileSystem" time="0">
    <skipped/>
  </testcase>
  <testcase name="testTrash" classname="TestRootedOzoneFileSystem" time="0">
    <skipped/>
  </testcase>
  <testcase name="testRenameDestinationParentDoesntExist" classname="TestRootedOzoneFileSystem" time="0.123">
    <system-out><![CDATA[2022-07-02 07:20:00,083 [Time-limited test] INFO  rpc.RpcClient (RpcClient.java:createVolume(466)) - Creating Volume: volume63566, with user75622 as owner and space quota set to -1 bytes, counts quota set to -1
2022-07-02 07:20:00,088 [OM StateMachine ApplyTransaction Thread - 0] INFO  volume.OMVolumeCreateRequest (OMVolumeCreateRequest.java:validateAndUpdateCache(195)) - created volume:volume63566 for user:user75622
2022-07-02 07:20:00,090 [Time-limited test] INFO  rpc.RpcClient (RpcClient.java:createBucket(669)) - Creating Bucket: volume63566/bucket14994, with bucket layout LEGACY, runner as owner, Versioning false, Storage Type set to DISK and Encryption set to false 
2022-07-02 07:20:00,093 [OM StateMachine ApplyTransaction Thread - 0] INFO  bucket.OMBucketCreateRequest (OMBucketCreateRequest.java:validateAndUpdateCache(260)) - created bucket: bucket14994 of layout LEGACY in volume: volume63566
07:20:00.118 [IPC Server handler 8 on default port 41977] ERROR OMAudit - user=runner | ip=127.0.0.1 | op=GET_FILE_STATUS {volume=volume63566, bucket=bucket14994, key=root_dir/b/c, dataSize=0, replicationConfig=null} | ret=FAILURE
org.apache.hadoop.ozone.om.exceptions.OMException: Unable to get file status: volume: volume63566 bucket: bucket14994 key: root_dir/b/c
	at org.apache.hadoop.ozone.om.KeyManagerImpl.getOzoneFileStatus(KeyManagerImpl.java:1311) ~[ozone-manager-1.3.0-SNAPSHOT.jar:?]
	at org.apache.hadoop.ozone.om.KeyManagerImpl.getFileStatus(KeyManagerImpl.java:1241) ~[ozone-manager-1.3.0-SNAPSHOT.jar:?]
	at org.apache.hadoop.ozone.om.OzoneManager.getFileStatus(OzoneManager.java:3419) ~[ozone-manager-1.3.0-SNAPSHOT.jar:?]
	at org.apache.hadoop.ozone.protocolPB.OzoneManagerRequestHandler.getOzoneFileStatus(OzoneManagerRequestHandler.java:871) ~[ozone-manager-1.3.0-SNAPSHOT.jar:?]
	at org.apache.hadoop.ozone.protocolPB.OzoneManagerRequestHandler.handleReadRequest(OzoneManagerRequestHandler.java:217) ~[ozone-manager-1.3.0-SNAPSHOT.jar:?]
	at org.apache.hadoop.ozone.protocolPB.OzoneManagerProtocolServerSideTranslatorPB.submitReadRequestToOM(OzoneManagerProtocolServerSideTranslatorPB.java:226) ~[ozone-manager-1.3.0-SNAPSHOT.jar:?]
	at org.apache.hadoop.ozone.protocolPB.OzoneManagerProtocolServerSideTranslatorPB.processRequest(OzoneManagerProtocolServerSideTranslatorPB.java:175) ~[ozone-manager-1.3.0-SNAPSHOT.jar:?]
	at org.apache.hadoop.hdds.server.OzoneProtocolMessageDispatcher.processRequest(OzoneProtocolMessageDispatcher.java:87) [hdds-server-framework-1.3.0-SNAPSHOT.jar:?]
	at org.apache.hadoop.ozone.protocolPB.OzoneManagerProtocolServerSideTranslatorPB.submitRequest(OzoneManagerProtocolServerSideTranslatorPB.java:147) [ozone-manager-1.3.0-SNAPSHOT.jar:?]
	at org.apache.hadoop.ozone.protocol.proto.OzoneManagerProtocolProtos$OzoneManagerService$2.callBlockingMethod(OzoneManagerProtocolProtos.java) [ozone-interface-client-1.3.0-SNAPSHOT.jar:?]
	at org.apache.hadoop.ipc.ProtobufRpcEngine$Server.processCall(ProtobufRpcEngine.java:466) [hadoop-common-3.3.1.jar:?]
	at org.apache.hadoop.ipc.ProtobufRpcEngine2$Server$ProtoBufRpcInvoker.call(ProtobufRpcEngine2.java:574) [hadoop-common-3.3.1.jar:?]
	at org.apache.hadoop.ipc.ProtobufRpcEngine2$Server$ProtoBufRpcInvoker.call(ProtobufRpcEngine2.java:552) [hadoop-common-3.3.1.jar:?]
	at org.apache.hadoop.ipc.RPC$Server.call(RPC.java:1093) [hadoop-common-3.3.1.jar:?]
	at org.apache.hadoop.ipc.Server$RpcCall.run(Server.java:1035) [hadoop-common-3.3.1.jar:?]
	at org.apache.hadoop.ipc.Server$RpcCall.run(Server.java:963) [hadoop-common-3.3.1.jar:?]
	at java.security.AccessController.doPrivileged(Native Method) ~[?:1.8.0_332]
	at javax.security.auth.Subject.doAs(Subject.java:422) [?:1.8.0_332]
	at org.apache.hadoop.security.UserGroupInformation.doAs(UserGroupInformation.java:1878) [hadoop-common-3.3.1.jar:?]
	at org.apache.hadoop.ipc.Server$Handler.run(Server.java:2966) [hadoop-common-3.3.1.jar:?]
07:20:00.120 [IPC Server handler 13 on default port 41977] ERROR OMAudit - user=runner | ip=127.0.0.1 | op=GET_FILE_STATUS {volume=volume63566, bucket=bucket14994, key=root_dir/b, dataSize=0, replicationConfig=null} | ret=FAILURE
org.apache.hadoop.ozone.om.exceptions.OMException: Unable to get file status: volume: volume63566 bucket: bucket14994 key: root_dir/b
	at org.apache.hadoop.ozone.om.KeyManagerImpl.getOzoneFileStatus(KeyManagerImpl.java:1311) ~[ozone-manager-1.3.0-SNAPSHOT.jar:?]
	at org.apache.hadoop.ozone.om.KeyManagerImpl.getFileStatus(KeyManagerImpl.java:1241) ~[ozone-manager-1.3.0-SNAPSHOT.jar:?]
	at org.apache.hadoop.ozone.om.OzoneManager.getFileStatus(OzoneManager.java:3419) ~[ozone-manager-1.3.0-SNAPSHOT.jar:?]
	at org.apache.hadoop.ozone.protocolPB.OzoneManagerRequestHandler.getOzoneFileStatus(OzoneManagerRequestHandler.java:871) ~[ozone-manager-1.3.0-SNAPSHOT.jar:?]
	at org.apache.hadoop.ozone.protocolPB.OzoneManagerRequestHandler.handleReadRequest(OzoneManagerRequestHandler.java:217) ~[ozone-manager-1.3.0-SNAPSHOT.jar:?]
	at org.apache.hadoop.ozone.protocolPB.OzoneManagerProtocolServerSideTranslatorPB.submitReadRequestToOM(OzoneManagerProtocolServerSideTranslatorPB.java:226) ~[ozone-manager-1.3.0-SNAPSHOT.jar:?]
	at org.apache.hadoop.ozone.protocolPB.OzoneManagerProtocolServerSideTranslatorPB.processRequest(OzoneManagerProtocolServerSideTranslatorPB.java:175) ~[ozone-manager-1.3.0-SNAPSHOT.jar:?]
	at org.apache.hadoop.hdds.server.OzoneProtocolMessageDispatcher.processRequest(OzoneProtocolMessageDispatcher.java:87) [hdds-server-framework-1.3.0-SNAPSHOT.jar:?]
	at org.apache.hadoop.ozone.protocolPB.OzoneManagerProtocolServerSideTranslatorPB.submitRequest(OzoneManagerProtocolServerSideTranslatorPB.java:147) [ozone-manager-1.3.0-SNAPSHOT.jar:?]
	at org.apache.hadoop.ozone.protocol.proto.OzoneManagerProtocolProtos$OzoneManagerService$2.callBlockingMethod(OzoneManagerProtocolProtos.java) [ozone-interface-client-1.3.0-SNAPSHOT.jar:?]
	at org.apache.hadoop.ipc.ProtobufRpcEngine$Server.processCall(ProtobufRpcEngine.java:466) [hadoop-common-3.3.1.jar:?]
	at org.apache.hadoop.ipc.ProtobufRpcEngine2$Server$ProtoBufRpcInvoker.call(ProtobufRpcEngine2.java:574) [hadoop-common-3.3.1.jar:?]
	at org.apache.hadoop.ipc.ProtobufRpcEngine2$Server$ProtoBufRpcInvoker.call(ProtobufRpcEngine2.java:552) [hadoop-common-3.3.1.jar:?]
	at org.apache.hadoop.ipc.RPC$Server.call(RPC.java:1093) [hadoop-common-3.3.1.jar:?]
	at org.apache.hadoop.ipc.Server$RpcCall.run(Server.java:1035) [hadoop-common-3.3.1.jar:?]
	at org.apache.hadoop.ipc.Server$RpcCall.run(Server.java:963) [hadoop-common-3.3.1.jar:?]
	at java.security.AccessController.doPrivileged(Native Method) ~[?:1.8.0_332]
	at javax.security.auth.Subject.doAs(Subject.java:422) [?:1.8.0_332]
	at org.apache.hadoop.security.UserGroupInformation.doAs(UserGroupInformation.java:1878) [hadoop-common-3.3.1.jar:?]
	at org.apache.hadoop.ipc.Server$Handler.run(Server.java:2966) [hadoop-common-3.3.1.jar:?]
07:20:00.139 [IPC Server handler 19 on default port 41977] ERROR OMAudit - user=runner | ip=127.0.0.1 | op=GET_FILE_STATUS {volume=volume63566, bucket=bucket14994, key=root_dir/file1/c, dataSize=0, replicationConfig=null} | ret=FAILURE
org.apache.hadoop.ozone.om.exceptions.OMException: Unable to get file status: volume: volume63566 bucket: bucket14994 key: root_dir/file1/c
	at org.apache.hadoop.ozone.om.KeyManagerImpl.getOzoneFileStatus(KeyManagerImpl.java:1311) ~[ozone-manager-1.3.0-SNAPSHOT.jar:?]
	at org.apache.hadoop.ozone.om.KeyManagerImpl.getFileStatus(KeyManagerImpl.java:1241) ~[ozone-manager-1.3.0-SNAPSHOT.jar:?]
	at org.apache.hadoop.ozone.om.OzoneManager.getFileStatus(OzoneManager.java:3419) ~[ozone-manager-1.3.0-SNAPSHOT.jar:?]
	at org.apache.hadoop.ozone.protocolPB.OzoneManagerRequestHandler.getOzoneFileStatus(OzoneManagerRequestHandler.java:871) ~[ozone-manager-1.3.0-SNAPSHOT.jar:?]
	at org.apache.hadoop.ozone.protocolPB.OzoneManagerRequestHandler.handleReadRequest(OzoneManagerRequestHandler.java:217) ~[ozone-manager-1.3.0-SNAPSHOT.jar:?]
	at org.apache.hadoop.ozone.protocolPB.OzoneManagerProtocolServerSideTranslatorPB.submitReadRequestToOM(OzoneManagerProtocolServerSideTranslatorPB.java:226) ~[ozone-manager-1.3.0-SNAPSHOT.jar:?]
	at org.apache.hadoop.ozone.protocolPB.OzoneManagerProtocolServerSideTranslatorPB.processRequest(OzoneManagerProtocolServerSideTranslatorPB.java:175) ~[ozone-manager-1.3.0-SNAPSHOT.jar:?]
	at org.apache.hadoop.hdds.server.OzoneProtocolMessageDispatcher.processRequest(OzoneProtocolMessageDispatcher.java:87) [hdds-server-framework-1.3.0-SNAPSHOT.jar:?]
	at org.apache.hadoop.ozone.protocolPB.OzoneManagerProtocolServerSideTranslatorPB.submitRequest(OzoneManagerProtocolServerSideTranslatorPB.java:147) [ozone-manager-1.3.0-SNAPSHOT.jar:?]
	at org.apache.hadoop.ozone.protocol.proto.OzoneManagerProtocolProtos$OzoneManagerService$2.callBlockingMethod(OzoneManagerProtocolProtos.java) [ozone-interface-client-1.3.0-SNAPSHOT.jar:?]
	at org.apache.hadoop.ipc.ProtobufRpcEngine$Server.processCall(ProtobufRpcEngine.java:466) [hadoop-common-3.3.1.jar:?]
	at org.apache.hadoop.ipc.ProtobufRpcEngine2$Server$ProtoBufRpcInvoker.call(ProtobufRpcEngine2.java:574) [hadoop-common-3.3.1.jar:?]
	at org.apache.hadoop.ipc.ProtobufRpcEngine2$Server$ProtoBufRpcInvoker.call(ProtobufRpcEngine2.java:552) [hadoop-common-3.3.1.jar:?]
	at org.apache.hadoop.ipc.RPC$Server.call(RPC.java:1093) [hadoop-common-3.3.1.jar:?]
	at org.apache.hadoop.ipc.Server$RpcCall.run(Server.java:1035) [hadoop-common-3.3.1.jar:?]
	at org.apache.hadoop.ipc.Server$RpcCall.run(Server.java:963) [hadoop-common-3.3.1.jar:?]
	at java.security.AccessController.doPrivileged(Native Method) ~[?:1.8.0_332]
	at javax.security.auth.Subject.doAs(Subject.java:422) [?:1.8.0_332]
	at org.apache.hadoop.security.UserGroupInformation.doAs(UserGroupInformation.java:1878) [hadoop-common-3.3.1.jar:?]
	at org.apache.hadoop.ipc.Server$Handler.run(Server.java:2966) [hadoop-common-3.3.1.jar:?]
]]></system-out>
  </testcase>
  <testcase name="testRenameDestinationParentDoesntExist" classname="TestRootedOzoneFileSystem" time="0.116">
    <system-out><![CDATA[2022-07-02 07:21:11,829 [Time-limited test] INFO  rpc.RpcClient (RpcClient.java:createVolume(466)) - Creating Volume: volume73065, with user08704 as owner and space quota set to -1 bytes, counts quota set to -1
2022-07-02 07:21:11,831 [OM StateMachine ApplyTransaction Thread - 0] INFO  volume.OMVolumeCreateRequest (OMVolumeCreateRequest.java:validateAndUpdateCache(195)) - created volume:volume73065 for user:user08704
2022-07-02 07:21:11,834 [Time-limited test] INFO  rpc.RpcClient (RpcClient.java:createBucket(669)) - Creating Bucket: volume73065/bucket96225, with bucket layout LEGACY, runner as owner, Versioning false, Storage Type set to DISK and Encryption set to false 
2022-07-02 07:21:11,835 [OM StateMachine ApplyTransaction Thread - 0] INFO  bucket.OMBucketCreateRequest (OMBucketCreateRequest.java:validateAndUpdateCache(260)) - created bucket: bucket96225 of layout LEGACY in volume: volume73065
2022-07-02 07:21:11,840 [029081d1-a351-4e87-8ac8-9a9e5f881d63@group-00ABA8902F10-FollowerState] INFO  impl.FollowerState (FollowerState.java:run(143)) - 029081d1-a351-4e87-8ac8-9a9e5f881d63@group-00ABA8902F10-FollowerState: change to CANDIDATE, lastRpcElapsedTime:5099116353ns, electionTimeout:5095ms
2022-07-02 07:21:11,841 [029081d1-a351-4e87-8ac8-9a9e5f881d63@group-00ABA8902F10-FollowerState] INFO  impl.RoleInfo (RoleInfo.java:shutdownFollowerState(110)) - 029081d1-a351-4e87-8ac8-9a9e5f881d63: shutdown 029081d1-a351-4e87-8ac8-9a9e5f881d63@group-00ABA8902F10-FollowerState
2022-07-02 07:21:11,841 [029081d1-a351-4e87-8ac8-9a9e5f881d63@group-00ABA8902F10-FollowerState] INFO  server.RaftServer$Division (RaftServerImpl.java:setRole(299)) - 029081d1-a351-4e87-8ac8-9a9e5f881d63@group-00ABA8902F10: changes role from  FOLLOWER to CANDIDATE at term 0 for changeToCandidate
2022-07-02 07:21:11,841 [029081d1-a351-4e87-8ac8-9a9e5f881d63@group-00ABA8902F10-FollowerState] INFO  server.RaftServerConfigKeys (ConfUtils.java:logGet(46)) - raft.server.leaderelection.pre-vote = false (custom)
2022-07-02 07:21:11,841 [029081d1-a351-4e87-8ac8-9a9e5f881d63@group-00ABA8902F10-FollowerState] INFO  impl.RoleInfo (RoleInfo.java:updateAndGet(139)) - 029081d1-a351-4e87-8ac8-9a9e5f881d63: start 029081d1-a351-4e87-8ac8-9a9e5f881d63@group-00ABA8902F10-LeaderElection19
07:21:11.844 [IPC Server handler 8 on default port 42659] ERROR OMAudit - user=runner | ip=127.0.0.1 | op=GET_FILE_STATUS {volume=volume73065, bucket=bucket96225, key=root_dir/b/c, dataSize=0, replicationConfig=null} | ret=FAILURE
org.apache.hadoop.ozone.om.exceptions.OMException: Unable to get file status: volume: volume73065 bucket: bucket96225 key: root_dir/b/c
	at org.apache.hadoop.ozone.om.KeyManagerImpl.getOzoneFileStatus(KeyManagerImpl.java:1311) ~[ozone-manager-1.3.0-SNAPSHOT.jar:?]
	at org.apache.hadoop.ozone.om.KeyManagerImpl.getFileStatus(KeyManagerImpl.java:1241) ~[ozone-manager-1.3.0-SNAPSHOT.jar:?]
	at org.apache.hadoop.ozone.om.OzoneManager.getFileStatus(OzoneManager.java:3419) ~[ozone-manager-1.3.0-SNAPSHOT.jar:?]
	at org.apache.hadoop.ozone.protocolPB.OzoneManagerRequestHandler.getOzoneFileStatus(OzoneManagerRequestHandler.java:871) ~[ozone-manager-1.3.0-SNAPSHOT.jar:?]
	at org.apache.hadoop.ozone.protocolPB.OzoneManagerRequestHandler.handleReadRequest(OzoneManagerRequestHandler.java:217) ~[ozone-manager-1.3.0-SNAPSHOT.jar:?]
	at org.apache.hadoop.ozone.protocolPB.OzoneManagerProtocolServerSideTranslatorPB.submitReadRequestToOM(OzoneManagerProtocolServerSideTranslatorPB.java:226) ~[ozone-manager-1.3.0-SNAPSHOT.jar:?]
	at org.apache.hadoop.ozone.protocolPB.OzoneManagerProtocolServerSideTranslatorPB.processRequest(OzoneManagerProtocolServerSideTranslatorPB.java:175) ~[ozone-manager-1.3.0-SNAPSHOT.jar:?]
	at org.apache.hadoop.hdds.server.OzoneProtocolMessageDispatcher.processRequest(OzoneProtocolMessageDispatcher.java:87) [hdds-server-framework-1.3.0-SNAPSHOT.jar:?]
	at org.apache.hadoop.ozone.protocolPB.OzoneManagerProtocolServerSideTranslatorPB.submitRequest(OzoneManagerProtocolServerSideTranslatorPB.java:147) [ozone-manager-1.3.0-SNAPSHOT.jar:?]
	at org.apache.hadoop.ozone.protocol.proto.OzoneManagerProtocolProtos$OzoneManagerService$2.callBlockingMethod(OzoneManagerProtocolProtos.java) [ozone-interface-client-1.3.0-SNAPSHOT.jar:?]
	at org.apache.hadoop.ipc.ProtobufRpcEngine$Server.processCall(ProtobufRpcEngine.java:466) [hadoop-common-3.3.1.jar:?]
	at org.apache.hadoop.ipc.ProtobufRpcEngine2$Server$ProtoBufRpcInvoker.call(ProtobufRpcEngine2.java:574) [hadoop-common-3.3.1.jar:?]
	at org.apache.hadoop.ipc.ProtobufRpcEngine2$Server$ProtoBufRpcInvoker.call(ProtobufRpcEngine2.java:552) [hadoop-common-3.3.1.jar:?]
	at org.apache.hadoop.ipc.RPC$Server.call(RPC.java:1093) [hadoop-common-3.3.1.jar:?]
	at org.apache.hadoop.ipc.Server$RpcCall.run(Server.java:1035) [hadoop-common-3.3.1.jar:?]
	at org.apache.hadoop.ipc.Server$RpcCall.run(Server.java:963) [hadoop-common-3.3.1.jar:?]
	at java.security.AccessController.doPrivileged(Native Method) ~[?:1.8.0_332]
	at javax.security.auth.Subject.doAs(Subject.java:422) [?:1.8.0_332]
	at org.apache.hadoop.security.UserGroupInformation.doAs(UserGroupInformation.java:1878) [hadoop-common-3.3.1.jar:?]
	at org.apache.hadoop.ipc.Server$Handler.run(Server.java:2966) [hadoop-common-3.3.1.jar:?]
07:21:11.845 [IPC Server handler 1 on default port 42659] ERROR OMAudit - user=runner | ip=127.0.0.1 | op=GET_FILE_STATUS {volume=volume73065, bucket=bucket96225, key=root_dir/b, dataSize=0, replicationConfig=null} | ret=FAILURE
org.apache.hadoop.ozone.om.exceptions.OMException: Unable to get file status: volume: volume73065 bucket: bucket96225 key: root_dir/b
	at org.apache.hadoop.ozone.om.KeyManagerImpl.getOzoneFileStatus(KeyManagerImpl.java:1311) ~[ozone-manager-1.3.0-SNAPSHOT.jar:?]
	at org.apache.hadoop.ozone.om.KeyManagerImpl.getFileStatus(KeyManagerImpl.java:1241) ~[ozone-manager-1.3.0-SNAPSHOT.jar:?]
	at org.apache.hadoop.ozone.om.OzoneManager.getFileStatus(OzoneManager.java:3419) ~[ozone-manager-1.3.0-SNAPSHOT.jar:?]
	at org.apache.hadoop.ozone.protocolPB.OzoneManagerRequestHandler.getOzoneFileStatus(OzoneManagerRequestHandler.java:871) ~[ozone-manager-1.3.0-SNAPSHOT.jar:?]
	at org.apache.hadoop.ozone.protocolPB.OzoneManagerRequestHandler.handleReadRequest(OzoneManagerRequestHandler.java:217) ~[ozone-manager-1.3.0-SNAPSHOT.jar:?]
	at org.apache.hadoop.ozone.protocolPB.OzoneManagerProtocolServerSideTranslatorPB.submitReadRequestToOM(OzoneManagerProtocolServerSideTranslatorPB.java:226) ~[ozone-manager-1.3.0-SNAPSHOT.jar:?]
	at org.apache.hadoop.ozone.protocolPB.OzoneManagerProtocolServerSideTranslatorPB.processRequest(OzoneManagerProtocolServerSideTranslatorPB.java:175) ~[ozone-manager-1.3.0-SNAPSHOT.jar:?]
	at org.apache.hadoop.hdds.server.OzoneProtocolMessageDispatcher.processRequest(OzoneProtocolMessageDispatcher.java:87) [hdds-server-framework-1.3.0-SNAPSHOT.jar:?]
	at org.apache.hadoop.ozone.protocolPB.OzoneManagerProtocolServerSideTranslatorPB.submitRequest(OzoneManagerProtocolServerSideTranslatorPB.java:147) [ozone-manager-1.3.0-SNAPSHOT.jar:?]
	at org.apache.hadoop.ozone.protocol.proto.OzoneManagerProtocolProtos$OzoneManagerService$2.callBlockingMethod(OzoneManagerProtocolProtos.java) [ozone-interface-client-1.3.0-SNAPSHOT.jar:?]
	at org.apache.hadoop.ipc.ProtobufRpcEngine$Server.processCall(ProtobufRpcEngine.java:466) [hadoop-common-3.3.1.jar:?]
	at org.apache.hadoop.ipc.ProtobufRpcEngine2$Server$ProtoBufRpcInvoker.call(ProtobufRpcEngine2.java:574) [hadoop-common-3.3.1.jar:?]
	at org.apache.hadoop.ipc.ProtobufRpcEngine2$Server$ProtoBufRpcInvoker.call(ProtobufRpcEngine2.java:552) [hadoop-common-3.3.1.jar:?]
	at org.apache.hadoop.ipc.RPC$Server.call(RPC.java:1093) [hadoop-common-3.3.1.jar:?]
	at org.apache.hadoop.ipc.Server$RpcCall.run(Server.java:1035) [hadoop-common-3.3.1.jar:?]
	at org.apache.hadoop.ipc.Server$RpcCall.run(Server.java:963) [hadoop-common-3.3.1.jar:?]
	at java.security.AccessController.doPrivileged(Native Method) ~[?:1.8.0_332]
	at javax.security.auth.Subject.doAs(Subject.java:422) [?:1.8.0_332]
	at org.apache.hadoop.security.UserGroupInformation.doAs(UserGroupInformation.java:1878) [hadoop-common-3.3.1.jar:?]
	at org.apache.hadoop.ipc.Server$Handler.run(Server.java:2966) [hadoop-common-3.3.1.jar:?]
07:21:11.855 [IPC Server handler 13 on default port 42659] ERROR OMAudit - user=runner | ip=127.0.0.1 | op=GET_FILE_STATUS {volume=volume73065, bucket=bucket96225, key=root_dir/file1/c, dataSize=0, replicationConfig=null} | ret=FAILURE
org.apache.hadoop.ozone.om.exceptions.OMException: Unable to get file status: volume: volume73065 bucket: bucket96225 key: root_dir/file1/c
	at org.apache.hadoop.ozone.om.KeyManagerImpl.getOzoneFileStatus(KeyManagerImpl.java:1311) ~[ozone-manager-1.3.0-SNAPSHOT.jar:?]
	at org.apache.hadoop.ozone.om.KeyManagerImpl.getFileStatus(KeyManagerImpl.java:1241) ~[ozone-manager-1.3.0-SNAPSHOT.jar:?]
	at org.apache.hadoop.ozone.om.OzoneManager.getFileStatus(OzoneManager.java:3419) ~[ozone-manager-1.3.0-SNAPSHOT.jar:?]
	at org.apache.hadoop.ozone.protocolPB.OzoneManagerRequestHandler.getOzoneFileStatus(OzoneManagerRequestHandler.java:871) ~[ozone-manager-1.3.0-SNAPSHOT.jar:?]
	at org.apache.hadoop.ozone.protocolPB.OzoneManagerRequestHandler.handleReadRequest(OzoneManagerRequestHandler.java:217) ~[ozone-manager-1.3.0-SNAPSHOT.jar:?]
	at org.apache.hadoop.ozone.protocolPB.OzoneManagerProtocolServerSideTranslatorPB.submitReadRequestToOM(OzoneManagerProtocolServerSideTranslatorPB.java:226) ~[ozone-manager-1.3.0-SNAPSHOT.jar:?]
	at org.apache.hadoop.ozone.protocolPB.OzoneManagerProtocolServerSideTranslatorPB.processRequest(OzoneManagerProtocolServerSideTranslatorPB.java:175) ~[ozone-manager-1.3.0-SNAPSHOT.jar:?]
	at org.apache.hadoop.hdds.server.OzoneProtocolMessageDispatcher.processRequest(OzoneProtocolMessageDispatcher.java:87) [hdds-server-framework-1.3.0-SNAPSHOT.jar:?]
	at org.apache.hadoop.ozone.protocolPB.OzoneManagerProtocolServerSideTranslatorPB.submitRequest(OzoneManagerProtocolServerSideTranslatorPB.java:147) [ozone-manager-1.3.0-SNAPSHOT.jar:?]
	at org.apache.hadoop.ozone.protocol.proto.OzoneManagerProtocolProtos$OzoneManagerService$2.callBlockingMethod(OzoneManagerProtocolProtos.java) [ozone-interface-client-1.3.0-SNAPSHOT.jar:?]
	at org.apache.hadoop.ipc.ProtobufRpcEngine$Server.processCall(ProtobufRpcEngine.java:466) [hadoop-common-3.3.1.jar:?]
	at org.apache.hadoop.ipc.ProtobufRpcEngine2$Server$ProtoBufRpcInvoker.call(ProtobufRpcEngine2.java:574) [hadoop-common-3.3.1.jar:?]
	at org.apache.hadoop.ipc.ProtobufRpcEngine2$Server$ProtoBufRpcInvoker.call(ProtobufRpcEngine2.java:552) [hadoop-common-3.3.1.jar:?]
	at org.apache.hadoop.ipc.RPC$Server.call(RPC.java:1093) [hadoop-common-3.3.1.jar:?]
	at org.apache.hadoop.ipc.Server$RpcCall.run(Server.java:1035) [hadoop-common-3.3.1.jar:?]
	at org.apache.hadoop.ipc.Server$RpcCall.run(Server.java:963) [hadoop-common-3.3.1.jar:?]
	at java.security.AccessController.doPrivileged(Native Method) ~[?:1.8.0_332]
	at javax.security.auth.Subject.doAs(Subject.java:422) [?:1.8.0_332]
	at org.apache.hadoop.security.UserGroupInformation.doAs(UserGroupInformation.java:1878) [hadoop-common-3.3.1.jar:?]
	at org.apache.hadoop.ipc.Server$Handler.run(Server.java:2966) [hadoop-common-3.3.1.jar:?]
]]></system-out>
  </testcase>
  <testcase name="testRenameDestinationParentDoesntExist" classname="TestRootedOzoneFileSystem" time="0.169">
    <system-out><![CDATA[2022-07-02 07:22:23,583 [Time-limited test] INFO  rpc.RpcClient (RpcClient.java:createVolume(466)) - Creating Volume: volume75862, with user58599 as owner and space quota set to -1 bytes, counts quota set to -1
2022-07-02 07:22:23,584 [IPC Server handler 12 on default port 38347] INFO  volume.OMVolumeCreateRequest (OMVolumeCreateRequest.java:validateAndUpdateCache(195)) - created volume:volume75862 for user:user58599
2022-07-02 07:22:23,586 [Time-limited test] INFO  rpc.RpcClient (RpcClient.java:createBucket(669)) - Creating Bucket: volume75862/bucket10033, with bucket layout LEGACY, runner as owner, Versioning false, Storage Type set to DISK and Encryption set to false 
2022-07-02 07:22:23,587 [IPC Server handler 15 on default port 38347] INFO  bucket.OMBucketCreateRequest (OMBucketCreateRequest.java:validateAndUpdateCache(260)) - created bucket: bucket10033 of layout LEGACY in volume: volume75862
07:22:23.590 [IPC Server handler 2 on default port 38347] ERROR OMAudit - user=runner | ip=127.0.0.1 | op=GET_FILE_STATUS {volume=volume75862, bucket=bucket10033, key=root_dir/b/c, dataSize=0, replicationConfig=null} | ret=FAILURE
org.apache.hadoop.ozone.om.exceptions.OMException: Unable to get file status: volume: volume75862 bucket: bucket10033 key: root_dir/b/c
	at org.apache.hadoop.ozone.om.KeyManagerImpl.getOzoneFileStatus(KeyManagerImpl.java:1311) ~[ozone-manager-1.3.0-SNAPSHOT.jar:?]
	at org.apache.hadoop.ozone.om.KeyManagerImpl.getFileStatus(KeyManagerImpl.java:1241) ~[ozone-manager-1.3.0-SNAPSHOT.jar:?]
	at org.apache.hadoop.ozone.om.OzoneManager.getFileStatus(OzoneManager.java:3419) ~[ozone-manager-1.3.0-SNAPSHOT.jar:?]
	at org.apache.hadoop.ozone.protocolPB.OzoneManagerRequestHandler.getOzoneFileStatus(OzoneManagerRequestHandler.java:871) ~[ozone-manager-1.3.0-SNAPSHOT.jar:?]
	at org.apache.hadoop.ozone.protocolPB.OzoneManagerRequestHandler.handleReadRequest(OzoneManagerRequestHandler.java:217) ~[ozone-manager-1.3.0-SNAPSHOT.jar:?]
	at org.apache.hadoop.ozone.protocolPB.OzoneManagerProtocolServerSideTranslatorPB.submitRequestDirectlyToOM(OzoneManagerProtocolServerSideTranslatorPB.java:276) ~[ozone-manager-1.3.0-SNAPSHOT.jar:?]
	at org.apache.hadoop.ozone.protocolPB.OzoneManagerProtocolServerSideTranslatorPB.processRequest(OzoneManagerProtocolServerSideTranslatorPB.java:205) ~[ozone-manager-1.3.0-SNAPSHOT.jar:?]
	at org.apache.hadoop.hdds.server.OzoneProtocolMessageDispatcher.processRequest(OzoneProtocolMessageDispatcher.java:87) [hdds-server-framework-1.3.0-SNAPSHOT.jar:?]
	at org.apache.hadoop.ozone.protocolPB.OzoneManagerProtocolServerSideTranslatorPB.submitRequest(OzoneManagerProtocolServerSideTranslatorPB.java:147) [ozone-manager-1.3.0-SNAPSHOT.jar:?]
	at org.apache.hadoop.ozone.protocol.proto.OzoneManagerProtocolProtos$OzoneManagerService$2.callBlockingMethod(OzoneManagerProtocolProtos.java) [ozone-interface-client-1.3.0-SNAPSHOT.jar:?]
	at org.apache.hadoop.ipc.ProtobufRpcEngine$Server.processCall(ProtobufRpcEngine.java:466) [hadoop-common-3.3.1.jar:?]
	at org.apache.hadoop.ipc.ProtobufRpcEngine2$Server$ProtoBufRpcInvoker.call(ProtobufRpcEngine2.java:574) [hadoop-common-3.3.1.jar:?]
	at org.apache.hadoop.ipc.ProtobufRpcEngine2$Server$ProtoBufRpcInvoker.call(ProtobufRpcEngine2.java:552) [hadoop-common-3.3.1.jar:?]
	at org.apache.hadoop.ipc.RPC$Server.call(RPC.java:1093) [hadoop-common-3.3.1.jar:?]
	at org.apache.hadoop.ipc.Server$RpcCall.run(Server.java:1035) [hadoop-common-3.3.1.jar:?]
	at org.apache.hadoop.ipc.Server$RpcCall.run(Server.java:963) [hadoop-common-3.3.1.jar:?]
	at java.security.AccessController.doPrivileged(Native Method) ~[?:1.8.0_332]
	at javax.security.auth.Subject.doAs(Subject.java:422) [?:1.8.0_332]
	at org.apache.hadoop.security.UserGroupInformation.doAs(UserGroupInformation.java:1878) [hadoop-common-3.3.1.jar:?]
	at org.apache.hadoop.ipc.Server$Handler.run(Server.java:2966) [hadoop-common-3.3.1.jar:?]
07:22:23.591 [IPC Server handler 3 on default port 38347] ERROR OMAudit - user=runner | ip=127.0.0.1 | op=GET_FILE_STATUS {volume=volume75862, bucket=bucket10033, key=root_dir/b, dataSize=0, replicationConfig=null} | ret=FAILURE
org.apache.hadoop.ozone.om.exceptions.OMException: Unable to get file status: volume: volume75862 bucket: bucket10033 key: root_dir/b
	at org.apache.hadoop.ozone.om.KeyManagerImpl.getOzoneFileStatus(KeyManagerImpl.java:1311) ~[ozone-manager-1.3.0-SNAPSHOT.jar:?]
	at org.apache.hadoop.ozone.om.KeyManagerImpl.getFileStatus(KeyManagerImpl.java:1241) ~[ozone-manager-1.3.0-SNAPSHOT.jar:?]
	at org.apache.hadoop.ozone.om.OzoneManager.getFileStatus(OzoneManager.java:3419) ~[ozone-manager-1.3.0-SNAPSHOT.jar:?]
	at org.apache.hadoop.ozone.protocolPB.OzoneManagerRequestHandler.getOzoneFileStatus(OzoneManagerRequestHandler.java:871) ~[ozone-manager-1.3.0-SNAPSHOT.jar:?]
	at org.apache.hadoop.ozone.protocolPB.OzoneManagerRequestHandler.handleReadRequest(OzoneManagerRequestHandler.java:217) ~[ozone-manager-1.3.0-SNAPSHOT.jar:?]
	at org.apache.hadoop.ozone.protocolPB.OzoneManagerProtocolServerSideTranslatorPB.submitRequestDirectlyToOM(OzoneManagerProtocolServerSideTranslatorPB.java:276) ~[ozone-manager-1.3.0-SNAPSHOT.jar:?]
	at org.apache.hadoop.ozone.protocolPB.OzoneManagerProtocolServerSideTranslatorPB.processRequest(OzoneManagerProtocolServerSideTranslatorPB.java:205) ~[ozone-manager-1.3.0-SNAPSHOT.jar:?]
	at org.apache.hadoop.hdds.server.OzoneProtocolMessageDispatcher.processRequest(OzoneProtocolMessageDispatcher.java:87) [hdds-server-framework-1.3.0-SNAPSHOT.jar:?]
	at org.apache.hadoop.ozone.protocolPB.OzoneManagerProtocolServerSideTranslatorPB.submitRequest(OzoneManagerProtocolServerSideTranslatorPB.java:147) [ozone-manager-1.3.0-SNAPSHOT.jar:?]
	at org.apache.hadoop.ozone.protocol.proto.OzoneManagerProtocolProtos$OzoneManagerService$2.callBlockingMethod(OzoneManagerProtocolProtos.java) [ozone-interface-client-1.3.0-SNAPSHOT.jar:?]
	at org.apache.hadoop.ipc.ProtobufRpcEngine$Server.processCall(ProtobufRpcEngine.java:466) [hadoop-common-3.3.1.jar:?]
	at org.apache.hadoop.ipc.ProtobufRpcEngine2$Server$ProtoBufRpcInvoker.call(ProtobufRpcEngine2.java:574) [hadoop-common-3.3.1.jar:?]
	at org.apache.hadoop.ipc.ProtobufRpcEngine2$Server$ProtoBufRpcInvoker.call(ProtobufRpcEngine2.java:552) [hadoop-common-3.3.1.jar:?]
	at org.apache.hadoop.ipc.RPC$Server.call(RPC.java:1093) [hadoop-common-3.3.1.jar:?]
	at org.apache.hadoop.ipc.Server$RpcCall.run(Server.java:1035) [hadoop-common-3.3.1.jar:?]
	at org.apache.hadoop.ipc.Server$RpcCall.run(Server.java:963) [hadoop-common-3.3.1.jar:?]
	at java.security.AccessController.doPrivileged(Native Method) ~[?:1.8.0_332]
	at javax.security.auth.Subject.doAs(Subject.java:422) [?:1.8.0_332]
	at org.apache.hadoop.security.UserGroupInformation.doAs(UserGroupInformation.java:1878) [hadoop-common-3.3.1.jar:?]
	at org.apache.hadoop.ipc.Server$Handler.run(Server.java:2966) [hadoop-common-3.3.1.jar:?]
07:22:23.599 [IPC Server handler 12 on default port 38347] ERROR OMAudit - user=runner | ip=127.0.0.1 | op=GET_FILE_STATUS {volume=volume75862, bucket=bucket10033, key=root_dir/file1/c, dataSize=0, replicationConfig=null} | ret=FAILURE
org.apache.hadoop.ozone.om.exceptions.OMException: Unable to get file status: volume: volume75862 bucket: bucket10033 key: root_dir/file1/c
	at org.apache.hadoop.ozone.om.KeyManagerImpl.getOzoneFileStatus(KeyManagerImpl.java:1311) ~[ozone-manager-1.3.0-SNAPSHOT.jar:?]
	at org.apache.hadoop.ozone.om.KeyManagerImpl.getFileStatus(KeyManagerImpl.java:1241) ~[ozone-manager-1.3.0-SNAPSHOT.jar:?]
	at org.apache.hadoop.ozone.om.OzoneManager.getFileStatus(OzoneManager.java:3419) ~[ozone-manager-1.3.0-SNAPSHOT.jar:?]
	at org.apache.hadoop.ozone.protocolPB.OzoneManagerRequestHandler.getOzoneFileStatus(OzoneManagerRequestHandler.java:871) ~[ozone-manager-1.3.0-SNAPSHOT.jar:?]
	at org.apache.hadoop.ozone.protocolPB.OzoneManagerRequestHandler.handleReadRequest(OzoneManagerRequestHandler.java:217) ~[ozone-manager-1.3.0-SNAPSHOT.jar:?]
	at org.apache.hadoop.ozone.protocolPB.OzoneManagerProtocolServerSideTranslatorPB.submitRequestDirectlyToOM(OzoneManagerProtocolServerSideTranslatorPB.java:276) ~[ozone-manager-1.3.0-SNAPSHOT.jar:?]
	at org.apache.hadoop.ozone.protocolPB.OzoneManagerProtocolServerSideTranslatorPB.processRequest(OzoneManagerProtocolServerSideTranslatorPB.java:205) ~[ozone-manager-1.3.0-SNAPSHOT.jar:?]
	at org.apache.hadoop.hdds.server.OzoneProtocolMessageDispatcher.processRequest(OzoneProtocolMessageDispatcher.java:87) [hdds-server-framework-1.3.0-SNAPSHOT.jar:?]
	at org.apache.hadoop.ozone.protocolPB.OzoneManagerProtocolServerSideTranslatorPB.submitRequest(OzoneManagerProtocolServerSideTranslatorPB.java:147) [ozone-manager-1.3.0-SNAPSHOT.jar:?]
	at org.apache.hadoop.ozone.protocol.proto.OzoneManagerProtocolProtos$OzoneManagerService$2.callBlockingMethod(OzoneManagerProtocolProtos.java) [ozone-interface-client-1.3.0-SNAPSHOT.jar:?]
	at org.apache.hadoop.ipc.ProtobufRpcEngine$Server.processCall(ProtobufRpcEngine.java:466) [hadoop-common-3.3.1.jar:?]
	at org.apache.hadoop.ipc.ProtobufRpcEngine2$Server$ProtoBufRpcInvoker.call(ProtobufRpcEngine2.java:574) [hadoop-common-3.3.1.jar:?]
	at org.apache.hadoop.ipc.ProtobufRpcEngine2$Server$ProtoBufRpcInvoker.call(ProtobufRpcEngine2.java:552) [hadoop-common-3.3.1.jar:?]
	at org.apache.hadoop.ipc.RPC$Server.call(RPC.java:1093) [hadoop-common-3.3.1.jar:?]
	at org.apache.hadoop.ipc.Server$RpcCall.run(Server.java:1035) [hadoop-common-3.3.1.jar:?]
	at org.apache.hadoop.ipc.Server$RpcCall.run(Server.java:963) [hadoop-common-3.3.1.jar:?]
	at java.security.AccessController.doPrivileged(Native Method) ~[?:1.8.0_332]
	at javax.security.auth.Subject.doAs(Subject.java:422) [?:1.8.0_332]
	at org.apache.hadoop.security.UserGroupInformation.doAs(UserGroupInformation.java:1878) [hadoop-common-3.3.1.jar:?]
	at org.apache.hadoop.ipc.Server$Handler.run(Server.java:2966) [hadoop-common-3.3.1.jar:?]
]]></system-out>
  </testcase>
  <testcase name="testRenameDestinationParentDoesntExist" classname="TestRootedOzoneFileSystem" time="0.192">
    <system-out><![CDATA[2022-07-02 07:23:57,060 [Time-limited test] INFO  rpc.RpcClient (RpcClient.java:createVolume(466)) - Creating Volume: volume68486, with user34811 as owner and space quota set to -1 bytes, counts quota set to -1
2022-07-02 07:23:57,068 [OM StateMachine ApplyTransaction Thread - 0] INFO  volume.OMVolumeCreateRequest (OMVolumeCreateRequest.java:validateAndUpdateCache(195)) - created volume:volume68486 for user:user34811
2022-07-02 07:23:57,073 [Time-limited test] INFO  rpc.RpcClient (RpcClient.java:createBucket(669)) - Creating Bucket: volume68486/bucket50141, with bucket layout LEGACY, runner as owner, Versioning false, Storage Type set to DISK and Encryption set to false 
2022-07-02 07:23:57,075 [OM StateMachine ApplyTransaction Thread - 0] INFO  bucket.OMBucketCreateRequest (OMBucketCreateRequest.java:validateAndUpdateCache(260)) - created bucket: bucket50141 of layout LEGACY in volume: volume68486
07:23:57.080 [IPC Server handler 19 on default port 38259] ERROR OMAudit - user=runner | ip=127.0.0.1 | op=GET_FILE_STATUS {volume=volume68486, bucket=bucket50141, key=root_dir/b/c, dataSize=0, replicationConfig=null} | ret=FAILURE
org.apache.hadoop.ozone.om.exceptions.OMException: Unable to get file status: volume: volume68486 bucket: bucket50141 key: root_dir/b/c
	at org.apache.hadoop.ozone.om.KeyManagerImpl.getOzoneFileStatus(KeyManagerImpl.java:1311) ~[ozone-manager-1.3.0-SNAPSHOT.jar:?]
	at org.apache.hadoop.ozone.om.KeyManagerImpl.getFileStatus(KeyManagerImpl.java:1241) ~[ozone-manager-1.3.0-SNAPSHOT.jar:?]
	at org.apache.hadoop.ozone.om.OzoneManager.getFileStatus(OzoneManager.java:3419) ~[ozone-manager-1.3.0-SNAPSHOT.jar:?]
	at org.apache.hadoop.ozone.protocolPB.OzoneManagerRequestHandler.getOzoneFileStatus(OzoneManagerRequestHandler.java:871) ~[ozone-manager-1.3.0-SNAPSHOT.jar:?]
	at org.apache.hadoop.ozone.protocolPB.OzoneManagerRequestHandler.handleReadRequest(OzoneManagerRequestHandler.java:217) ~[ozone-manager-1.3.0-SNAPSHOT.jar:?]
	at org.apache.hadoop.ozone.protocolPB.OzoneManagerProtocolServerSideTranslatorPB.submitReadRequestToOM(OzoneManagerProtocolServerSideTranslatorPB.java:226) ~[ozone-manager-1.3.0-SNAPSHOT.jar:?]
	at org.apache.hadoop.ozone.protocolPB.OzoneManagerProtocolServerSideTranslatorPB.processRequest(OzoneManagerProtocolServerSideTranslatorPB.java:175) ~[ozone-manager-1.3.0-SNAPSHOT.jar:?]
	at org.apache.hadoop.hdds.server.OzoneProtocolMessageDispatcher.processRequest(OzoneProtocolMessageDispatcher.java:87) [hdds-server-framework-1.3.0-SNAPSHOT.jar:?]
	at org.apache.hadoop.ozone.protocolPB.OzoneManagerProtocolServerSideTranslatorPB.submitRequest(OzoneManagerProtocolServerSideTranslatorPB.java:147) [ozone-manager-1.3.0-SNAPSHOT.jar:?]
	at org.apache.hadoop.ozone.protocol.proto.OzoneManagerProtocolProtos$OzoneManagerService$2.callBlockingMethod(OzoneManagerProtocolProtos.java) [ozone-interface-client-1.3.0-SNAPSHOT.jar:?]
	at org.apache.hadoop.ipc.ProtobufRpcEngine$Server.processCall(ProtobufRpcEngine.java:466) [hadoop-common-3.3.1.jar:?]
	at org.apache.hadoop.ipc.ProtobufRpcEngine2$Server$ProtoBufRpcInvoker.call(ProtobufRpcEngine2.java:574) [hadoop-common-3.3.1.jar:?]
	at org.apache.hadoop.ipc.ProtobufRpcEngine2$Server$ProtoBufRpcInvoker.call(ProtobufRpcEngine2.java:552) [hadoop-common-3.3.1.jar:?]
	at org.apache.hadoop.ipc.RPC$Server.call(RPC.java:1093) [hadoop-common-3.3.1.jar:?]
	at org.apache.hadoop.ipc.Server$RpcCall.run(Server.java:1035) [hadoop-common-3.3.1.jar:?]
	at org.apache.hadoop.ipc.Server$RpcCall.run(Server.java:963) [hadoop-common-3.3.1.jar:?]
	at java.security.AccessController.doPrivileged(Native Method) ~[?:1.8.0_332]
	at javax.security.auth.Subject.doAs(Subject.java:422) [?:1.8.0_332]
	at org.apache.hadoop.security.UserGroupInformation.doAs(UserGroupInformation.java:1878) [hadoop-common-3.3.1.jar:?]
	at org.apache.hadoop.ipc.Server$Handler.run(Server.java:2966) [hadoop-common-3.3.1.jar:?]
07:23:57.082 [IPC Server handler 16 on default port 38259] ERROR OMAudit - user=runner | ip=127.0.0.1 | op=GET_FILE_STATUS {volume=volume68486, bucket=bucket50141, key=root_dir/b, dataSize=0, replicationConfig=null} | ret=FAILURE
org.apache.hadoop.ozone.om.exceptions.OMException: Unable to get file status: volume: volume68486 bucket: bucket50141 key: root_dir/b
	at org.apache.hadoop.ozone.om.KeyManagerImpl.getOzoneFileStatus(KeyManagerImpl.java:1311) ~[ozone-manager-1.3.0-SNAPSHOT.jar:?]
	at org.apache.hadoop.ozone.om.KeyManagerImpl.getFileStatus(KeyManagerImpl.java:1241) ~[ozone-manager-1.3.0-SNAPSHOT.jar:?]
	at org.apache.hadoop.ozone.om.OzoneManager.getFileStatus(OzoneManager.java:3419) ~[ozone-manager-1.3.0-SNAPSHOT.jar:?]
	at org.apache.hadoop.ozone.protocolPB.OzoneManagerRequestHandler.getOzoneFileStatus(OzoneManagerRequestHandler.java:871) ~[ozone-manager-1.3.0-SNAPSHOT.jar:?]
	at org.apache.hadoop.ozone.protocolPB.OzoneManagerRequestHandler.handleReadRequest(OzoneManagerRequestHandler.java:217) ~[ozone-manager-1.3.0-SNAPSHOT.jar:?]
	at org.apache.hadoop.ozone.protocolPB.OzoneManagerProtocolServerSideTranslatorPB.submitReadRequestToOM(OzoneManagerProtocolServerSideTranslatorPB.java:226) ~[ozone-manager-1.3.0-SNAPSHOT.jar:?]
	at org.apache.hadoop.ozone.protocolPB.OzoneManagerProtocolServerSideTranslatorPB.processRequest(OzoneManagerProtocolServerSideTranslatorPB.java:175) ~[ozone-manager-1.3.0-SNAPSHOT.jar:?]
	at org.apache.hadoop.hdds.server.OzoneProtocolMessageDispatcher.processRequest(OzoneProtocolMessageDispatcher.java:87) [hdds-server-framework-1.3.0-SNAPSHOT.jar:?]
	at org.apache.hadoop.ozone.protocolPB.OzoneManagerProtocolServerSideTranslatorPB.submitRequest(OzoneManagerProtocolServerSideTranslatorPB.java:147) [ozone-manager-1.3.0-SNAPSHOT.jar:?]
	at org.apache.hadoop.ozone.protocol.proto.OzoneManagerProtocolProtos$OzoneManagerService$2.callBlockingMethod(OzoneManagerProtocolProtos.java) [ozone-interface-client-1.3.0-SNAPSHOT.jar:?]
	at org.apache.hadoop.ipc.ProtobufRpcEngine$Server.processCall(ProtobufRpcEngine.java:466) [hadoop-common-3.3.1.jar:?]
	at org.apache.hadoop.ipc.ProtobufRpcEngine2$Server$ProtoBufRpcInvoker.call(ProtobufRpcEngine2.java:574) [hadoop-common-3.3.1.jar:?]
	at org.apache.hadoop.ipc.ProtobufRpcEngine2$Server$ProtoBufRpcInvoker.call(ProtobufRpcEngine2.java:552) [hadoop-common-3.3.1.jar:?]
	at org.apache.hadoop.ipc.RPC$Server.call(RPC.java:1093) [hadoop-common-3.3.1.jar:?]
	at org.apache.hadoop.ipc.Server$RpcCall.run(Server.java:1035) [hadoop-common-3.3.1.jar:?]
	at org.apache.hadoop.ipc.Server$RpcCall.run(Server.java:963) [hadoop-common-3.3.1.jar:?]
	at java.security.AccessController.doPrivileged(Native Method) ~[?:1.8.0_332]
	at javax.security.auth.Subject.doAs(Subject.java:422) [?:1.8.0_332]
	at org.apache.hadoop.security.UserGroupInformation.doAs(UserGroupInformation.java:1878) [hadoop-common-3.3.1.jar:?]
	at org.apache.hadoop.ipc.Server$Handler.run(Server.java:2966) [hadoop-common-3.3.1.jar:?]
07:23:57.096 [IPC Server handler 6 on default port 38259] ERROR OMAudit - user=runner | ip=127.0.0.1 | op=GET_FILE_STATUS {volume=volume68486, bucket=bucket50141, key=root_dir/file1/c, dataSize=0, replicationConfig=null} | ret=FAILURE
org.apache.hadoop.ozone.om.exceptions.OMException: Unable to get file status: volume: volume68486 bucket: bucket50141 key: root_dir/file1/c
	at org.apache.hadoop.ozone.om.KeyManagerImpl.getOzoneFileStatus(KeyManagerImpl.java:1311) ~[ozone-manager-1.3.0-SNAPSHOT.jar:?]
	at org.apache.hadoop.ozone.om.KeyManagerImpl.getFileStatus(KeyManagerImpl.java:1241) ~[ozone-manager-1.3.0-SNAPSHOT.jar:?]
	at org.apache.hadoop.ozone.om.OzoneManager.getFileStatus(OzoneManager.java:3419) ~[ozone-manager-1.3.0-SNAPSHOT.jar:?]
	at org.apache.hadoop.ozone.protocolPB.OzoneManagerRequestHandler.getOzoneFileStatus(OzoneManagerRequestHandler.java:871) ~[ozone-manager-1.3.0-SNAPSHOT.jar:?]
	at org.apache.hadoop.ozone.protocolPB.OzoneManagerRequestHandler.handleReadRequest(OzoneManagerRequestHandler.java:217) ~[ozone-manager-1.3.0-SNAPSHOT.jar:?]
	at org.apache.hadoop.ozone.protocolPB.OzoneManagerProtocolServerSideTranslatorPB.submitReadRequestToOM(OzoneManagerProtocolServerSideTranslatorPB.java:226) ~[ozone-manager-1.3.0-SNAPSHOT.jar:?]
	at org.apache.hadoop.ozone.protocolPB.OzoneManagerProtocolServerSideTranslatorPB.processRequest(OzoneManagerProtocolServerSideTranslatorPB.java:175) ~[ozone-manager-1.3.0-SNAPSHOT.jar:?]
	at org.apache.hadoop.hdds.server.OzoneProtocolMessageDispatcher.processRequest(OzoneProtocolMessageDispatcher.java:87) [hdds-server-framework-1.3.0-SNAPSHOT.jar:?]
	at org.apache.hadoop.ozone.protocolPB.OzoneManagerProtocolServerSideTranslatorPB.submitRequest(OzoneManagerProtocolServerSideTranslatorPB.java:147) [ozone-manager-1.3.0-SNAPSHOT.jar:?]
	at org.apache.hadoop.ozone.protocol.proto.OzoneManagerProtocolProtos$OzoneManagerService$2.callBlockingMethod(OzoneManagerProtocolProtos.java) [ozone-interface-client-1.3.0-SNAPSHOT.jar:?]
	at org.apache.hadoop.ipc.ProtobufRpcEngine$Server.processCall(ProtobufRpcEngine.java:466) [hadoop-common-3.3.1.jar:?]
	at org.apache.hadoop.ipc.ProtobufRpcEngine2$Server$ProtoBufRpcInvoker.call(ProtobufRpcEngine2.java:574) [hadoop-common-3.3.1.jar:?]
	at org.apache.hadoop.ipc.ProtobufRpcEngine2$Server$ProtoBufRpcInvoker.call(ProtobufRpcEngine2.java:552) [hadoop-common-3.3.1.jar:?]
	at org.apache.hadoop.ipc.RPC$Server.call(RPC.java:1093) [hadoop-common-3.3.1.jar:?]
	at org.apache.hadoop.ipc.Server$RpcCall.run(Server.java:1035) [hadoop-common-3.3.1.jar:?]
	at org.apache.hadoop.ipc.Server$RpcCall.run(Server.java:963) [hadoop-common-3.3.1.jar:?]
	at java.security.AccessController.doPrivileged(Native Method) ~[?:1.8.0_332]
	at javax.security.auth.Subject.doAs(Subject.java:422) [?:1.8.0_332]
	at org.apache.hadoop.security.UserGroupInformation.doAs(UserGroupInformation.java:1878) [hadoop-common-3.3.1.jar:?]
	at org.apache.hadoop.ipc.Server$Handler.run(Server.java:2966) [hadoop-common-3.3.1.jar:?]
]]></system-out>
  </testcase>
  <testcase name="testRenameDestinationParentDoesntExist" classname="TestRootedOzoneFileSystem" time="0.186">
    <system-out><![CDATA[2022-07-02 07:25:28,249 [Time-limited test] INFO  rpc.RpcClient (RpcClient.java:createVolume(466)) - Creating Volume: volume19875, with user22527 as owner and space quota set to -1 bytes, counts quota set to -1
2022-07-02 07:25:28,250 [IPC Server handler 8 on default port 43657] INFO  volume.OMVolumeCreateRequest (OMVolumeCreateRequest.java:validateAndUpdateCache(195)) - created volume:volume19875 for user:user22527
2022-07-02 07:25:28,265 [Time-limited test] INFO  rpc.RpcClient (RpcClient.java:createBucket(669)) - Creating Bucket: volume19875/bucket88725, with bucket layout LEGACY, runner as owner, Versioning false, Storage Type set to DISK and Encryption set to false 
2022-07-02 07:25:28,266 [IPC Server handler 19 on default port 43657] INFO  bucket.OMBucketCreateRequest (OMBucketCreateRequest.java:validateAndUpdateCache(260)) - created bucket: bucket88725 of layout LEGACY in volume: volume19875
07:25:28.280 [IPC Server handler 10 on default port 43657] ERROR OMAudit - user=runner | ip=127.0.0.1 | op=GET_FILE_STATUS {volume=volume19875, bucket=bucket88725, key=root_dir/b/c, dataSize=0, replicationConfig=null} | ret=FAILURE
org.apache.hadoop.ozone.om.exceptions.OMException: Unable to get file status: volume: volume19875 bucket: bucket88725 key: root_dir/b/c
	at org.apache.hadoop.ozone.om.KeyManagerImpl.getOzoneFileStatus(KeyManagerImpl.java:1311) ~[ozone-manager-1.3.0-SNAPSHOT.jar:?]
	at org.apache.hadoop.ozone.om.KeyManagerImpl.getFileStatus(KeyManagerImpl.java:1241) ~[ozone-manager-1.3.0-SNAPSHOT.jar:?]
	at org.apache.hadoop.ozone.om.OzoneManager.getFileStatus(OzoneManager.java:3419) ~[ozone-manager-1.3.0-SNAPSHOT.jar:?]
	at org.apache.hadoop.ozone.protocolPB.OzoneManagerRequestHandler.getOzoneFileStatus(OzoneManagerRequestHandler.java:871) ~[ozone-manager-1.3.0-SNAPSHOT.jar:?]
	at org.apache.hadoop.ozone.protocolPB.OzoneManagerRequestHandler.handleReadRequest(OzoneManagerRequestHandler.java:217) ~[ozone-manager-1.3.0-SNAPSHOT.jar:?]
	at org.apache.hadoop.ozone.protocolPB.OzoneManagerProtocolServerSideTranslatorPB.submitRequestDirectlyToOM(OzoneManagerProtocolServerSideTranslatorPB.java:276) ~[ozone-manager-1.3.0-SNAPSHOT.jar:?]
	at org.apache.hadoop.ozone.protocolPB.OzoneManagerProtocolServerSideTranslatorPB.processRequest(OzoneManagerProtocolServerSideTranslatorPB.java:205) ~[ozone-manager-1.3.0-SNAPSHOT.jar:?]
	at org.apache.hadoop.hdds.server.OzoneProtocolMessageDispatcher.processRequest(OzoneProtocolMessageDispatcher.java:87) [hdds-server-framework-1.3.0-SNAPSHOT.jar:?]
	at org.apache.hadoop.ozone.protocolPB.OzoneManagerProtocolServerSideTranslatorPB.submitRequest(OzoneManagerProtocolServerSideTranslatorPB.java:147) [ozone-manager-1.3.0-SNAPSHOT.jar:?]
	at org.apache.hadoop.ozone.protocol.proto.OzoneManagerProtocolProtos$OzoneManagerService$2.callBlockingMethod(OzoneManagerProtocolProtos.java) [ozone-interface-client-1.3.0-SNAPSHOT.jar:?]
	at org.apache.hadoop.ipc.ProtobufRpcEngine$Server.processCall(ProtobufRpcEngine.java:466) [hadoop-common-3.3.1.jar:?]
	at org.apache.hadoop.ipc.ProtobufRpcEngine2$Server$ProtoBufRpcInvoker.call(ProtobufRpcEngine2.java:574) [hadoop-common-3.3.1.jar:?]
	at org.apache.hadoop.ipc.ProtobufRpcEngine2$Server$ProtoBufRpcInvoker.call(ProtobufRpcEngine2.java:552) [hadoop-common-3.3.1.jar:?]
	at org.apache.hadoop.ipc.RPC$Server.call(RPC.java:1093) [hadoop-common-3.3.1.jar:?]
	at org.apache.hadoop.ipc.Server$RpcCall.run(Server.java:1035) [hadoop-common-3.3.1.jar:?]
	at org.apache.hadoop.ipc.Server$RpcCall.run(Server.java:963) [hadoop-common-3.3.1.jar:?]
	at java.security.AccessController.doPrivileged(Native Method) ~[?:1.8.0_332]
	at javax.security.auth.Subject.doAs(Subject.java:422) [?:1.8.0_332]
	at org.apache.hadoop.security.UserGroupInformation.doAs(UserGroupInformation.java:1878) [hadoop-common-3.3.1.jar:?]
	at org.apache.hadoop.ipc.Server$Handler.run(Server.java:2966) [hadoop-common-3.3.1.jar:?]
07:25:28.288 [IPC Server handler 13 on default port 43657] ERROR OMAudit - user=runner | ip=127.0.0.1 | op=GET_FILE_STATUS {volume=volume19875, bucket=bucket88725, key=root_dir/b, dataSize=0, replicationConfig=null} | ret=FAILURE
org.apache.hadoop.ozone.om.exceptions.OMException: Unable to get file status: volume: volume19875 bucket: bucket88725 key: root_dir/b
	at org.apache.hadoop.ozone.om.KeyManagerImpl.getOzoneFileStatus(KeyManagerImpl.java:1311) ~[ozone-manager-1.3.0-SNAPSHOT.jar:?]
	at org.apache.hadoop.ozone.om.KeyManagerImpl.getFileStatus(KeyManagerImpl.java:1241) ~[ozone-manager-1.3.0-SNAPSHOT.jar:?]
	at org.apache.hadoop.ozone.om.OzoneManager.getFileStatus(OzoneManager.java:3419) ~[ozone-manager-1.3.0-SNAPSHOT.jar:?]
	at org.apache.hadoop.ozone.protocolPB.OzoneManagerRequestHandler.getOzoneFileStatus(OzoneManagerRequestHandler.java:871) ~[ozone-manager-1.3.0-SNAPSHOT.jar:?]
	at org.apache.hadoop.ozone.protocolPB.OzoneManagerRequestHandler.handleReadRequest(OzoneManagerRequestHandler.java:217) ~[ozone-manager-1.3.0-SNAPSHOT.jar:?]
	at org.apache.hadoop.ozone.protocolPB.OzoneManagerProtocolServerSideTranslatorPB.submitRequestDirectlyToOM(OzoneManagerProtocolServerSideTranslatorPB.java:276) ~[ozone-manager-1.3.0-SNAPSHOT.jar:?]
	at org.apache.hadoop.ozone.protocolPB.OzoneManagerProtocolServerSideTranslatorPB.processRequest(OzoneManagerProtocolServerSideTranslatorPB.java:205) ~[ozone-manager-1.3.0-SNAPSHOT.jar:?]
	at org.apache.hadoop.hdds.server.OzoneProtocolMessageDispatcher.processRequest(OzoneProtocolMessageDispatcher.java:87) [hdds-server-framework-1.3.0-SNAPSHOT.jar:?]
	at org.apache.hadoop.ozone.protocolPB.OzoneManagerProtocolServerSideTranslatorPB.submitRequest(OzoneManagerProtocolServerSideTranslatorPB.java:147) [ozone-manager-1.3.0-SNAPSHOT.jar:?]
	at org.apache.hadoop.ozone.protocol.proto.OzoneManagerProtocolProtos$OzoneManagerService$2.callBlockingMethod(OzoneManagerProtocolProtos.java) [ozone-interface-client-1.3.0-SNAPSHOT.jar:?]
	at org.apache.hadoop.ipc.ProtobufRpcEngine$Server.processCall(ProtobufRpcEngine.java:466) [hadoop-common-3.3.1.jar:?]
	at org.apache.hadoop.ipc.ProtobufRpcEngine2$Server$ProtoBufRpcInvoker.call(ProtobufRpcEngine2.java:574) [hadoop-common-3.3.1.jar:?]
	at org.apache.hadoop.ipc.ProtobufRpcEngine2$Server$ProtoBufRpcInvoker.call(ProtobufRpcEngine2.java:552) [hadoop-common-3.3.1.jar:?]
	at org.apache.hadoop.ipc.RPC$Server.call(RPC.java:1093) [hadoop-common-3.3.1.jar:?]
	at org.apache.hadoop.ipc.Server$RpcCall.run(Server.java:1035) [hadoop-common-3.3.1.jar:?]
	at org.apache.hadoop.ipc.Server$RpcCall.run(Server.java:963) [hadoop-common-3.3.1.jar:?]
	at java.security.AccessController.doPrivileged(Native Method) ~[?:1.8.0_332]
	at javax.security.auth.Subject.doAs(Subject.java:422) [?:1.8.0_332]
	at org.apache.hadoop.security.UserGroupInformation.doAs(UserGroupInformation.java:1878) [hadoop-common-3.3.1.jar:?]
	at org.apache.hadoop.ipc.Server$Handler.run(Server.java:2966) [hadoop-common-3.3.1.jar:?]
07:25:28.297 [IPC Server handler 8 on default port 43657] ERROR OMAudit - user=runner | ip=127.0.0.1 | op=GET_FILE_STATUS {volume=volume19875, bucket=bucket88725, key=root_dir/file1/c, dataSize=0, replicationConfig=null} | ret=FAILURE
org.apache.hadoop.ozone.om.exceptions.OMException: Unable to get file status: volume: volume19875 bucket: bucket88725 key: root_dir/file1/c
	at org.apache.hadoop.ozone.om.KeyManagerImpl.getOzoneFileStatus(KeyManagerImpl.java:1311) ~[ozone-manager-1.3.0-SNAPSHOT.jar:?]
	at org.apache.hadoop.ozone.om.KeyManagerImpl.getFileStatus(KeyManagerImpl.java:1241) ~[ozone-manager-1.3.0-SNAPSHOT.jar:?]
	at org.apache.hadoop.ozone.om.OzoneManager.getFileStatus(OzoneManager.java:3419) ~[ozone-manager-1.3.0-SNAPSHOT.jar:?]
	at org.apache.hadoop.ozone.protocolPB.OzoneManagerRequestHandler.getOzoneFileStatus(OzoneManagerRequestHandler.java:871) ~[ozone-manager-1.3.0-SNAPSHOT.jar:?]
	at org.apache.hadoop.ozone.protocolPB.OzoneManagerRequestHandler.handleReadRequest(OzoneManagerRequestHandler.java:217) ~[ozone-manager-1.3.0-SNAPSHOT.jar:?]
	at org.apache.hadoop.ozone.protocolPB.OzoneManagerProtocolServerSideTranslatorPB.submitRequestDirectlyToOM(OzoneManagerProtocolServerSideTranslatorPB.java:276) ~[ozone-manager-1.3.0-SNAPSHOT.jar:?]
	at org.apache.hadoop.ozone.protocolPB.OzoneManagerProtocolServerSideTranslatorPB.processRequest(OzoneManagerProtocolServerSideTranslatorPB.java:205) ~[ozone-manager-1.3.0-SNAPSHOT.jar:?]
	at org.apache.hadoop.hdds.server.OzoneProtocolMessageDispatcher.processRequest(OzoneProtocolMessageDispatcher.java:87) [hdds-server-framework-1.3.0-SNAPSHOT.jar:?]
	at org.apache.hadoop.ozone.protocolPB.OzoneManagerProtocolServerSideTranslatorPB.submitRequest(OzoneManagerProtocolServerSideTranslatorPB.java:147) [ozone-manager-1.3.0-SNAPSHOT.jar:?]
	at org.apache.hadoop.ozone.protocol.proto.OzoneManagerProtocolProtos$OzoneManagerService$2.callBlockingMethod(OzoneManagerProtocolProtos.java) [ozone-interface-client-1.3.0-SNAPSHOT.jar:?]
	at org.apache.hadoop.ipc.ProtobufRpcEngine$Server.processCall(ProtobufRpcEngine.java:466) [hadoop-common-3.3.1.jar:?]
	at org.apache.hadoop.ipc.ProtobufRpcEngine2$Server$ProtoBufRpcInvoker.call(ProtobufRpcEngine2.java:574) [hadoop-common-3.3.1.jar:?]
	at org.apache.hadoop.ipc.ProtobufRpcEngine2$Server$ProtoBufRpcInvoker.call(ProtobufRpcEngine2.java:552) [hadoop-common-3.3.1.jar:?]
	at org.apache.hadoop.ipc.RPC$Server.call(RPC.java:1093) [hadoop-common-3.3.1.jar:?]
	at org.apache.hadoop.ipc.Server$RpcCall.run(Server.java:1035) [hadoop-common-3.3.1.jar:?]
	at org.apache.hadoop.ipc.Server$RpcCall.run(Server.java:963) [hadoop-common-3.3.1.jar:?]
	at java.security.AccessController.doPrivileged(Native Method) ~[?:1.8.0_332]
	at javax.security.auth.Subject.doAs(Subject.java:422) [?:1.8.0_332]
	at org.apache.hadoop.security.UserGroupInformation.doAs(UserGroupInformation.java:1878) [hadoop-common-3.3.1.jar:?]
	at org.apache.hadoop.ipc.Server$Handler.run(Server.java:2966) [hadoop-common-3.3.1.jar:?]
]]></system-out>
  </testcase>
  <testcase name="testGetFileStatusRoot" classname="TestRootedOzoneFileSystem" time="0.068">
    <system-out><![CDATA[2022-07-02 07:20:00,203 [Time-limited test] INFO  rpc.RpcClient (RpcClient.java:createVolume(466)) - Creating Volume: volume51188, with user62502 as owner and space quota set to -1 bytes, counts quota set to -1
2022-07-02 07:20:00,206 [OM StateMachine ApplyTransaction Thread - 0] INFO  volume.OMVolumeCreateRequest (OMVolumeCreateRequest.java:validateAndUpdateCache(195)) - created volume:volume51188 for user:user62502
2022-07-02 07:20:00,209 [Time-limited test] INFO  rpc.RpcClient (RpcClient.java:createBucket(669)) - Creating Bucket: volume51188/bucket66678, with bucket layout LEGACY, runner as owner, Versioning false, Storage Type set to DISK and Encryption set to false 
2022-07-02 07:20:00,212 [OM StateMachine ApplyTransaction Thread - 0] INFO  bucket.OMBucketCreateRequest (OMBucketCreateRequest.java:validateAndUpdateCache(260)) - created bucket: bucket66678 of layout LEGACY in volume: volume51188
]]></system-out>
  </testcase>
  <testcase name="testGetFileStatusRoot" classname="TestRootedOzoneFileSystem" time="0.089">
    <system-out><![CDATA[2022-07-02 07:21:11,891 [029081d1-a351-4e87-8ac8-9a9e5f881d63@group-00ABA8902F10-LeaderElection19] INFO  impl.LeaderElection (LeaderElection.java:askForVotes(310)) - 029081d1-a351-4e87-8ac8-9a9e5f881d63@group-00ABA8902F10-LeaderElection19 ELECTION round 0: submit vote requests at term 1 for -1: [029081d1-a351-4e87-8ac8-9a9e5f881d63|rpc:10.1.0.20:34471|priority:1], old=null
2022-07-02 07:21:11,891 [029081d1-a351-4e87-8ac8-9a9e5f881d63@group-00ABA8902F10-LeaderElection19] INFO  impl.LeaderElection (LeaderElection.java:askForVotes(312)) - 029081d1-a351-4e87-8ac8-9a9e5f881d63@group-00ABA8902F10-LeaderElection19 ELECTION round 0: result PASSED (term=1)
2022-07-02 07:21:11,891 [029081d1-a351-4e87-8ac8-9a9e5f881d63@group-00ABA8902F10-LeaderElection19] INFO  impl.RoleInfo (RoleInfo.java:shutdownLeaderElection(130)) - 029081d1-a351-4e87-8ac8-9a9e5f881d63: shutdown 029081d1-a351-4e87-8ac8-9a9e5f881d63@group-00ABA8902F10-LeaderElection19
2022-07-02 07:21:11,891 [029081d1-a351-4e87-8ac8-9a9e5f881d63@group-00ABA8902F10-LeaderElection19] INFO  server.RaftServer$Division (RaftServerImpl.java:setRole(299)) - 029081d1-a351-4e87-8ac8-9a9e5f881d63@group-00ABA8902F10: changes role from CANDIDATE to LEADER at term 1 for changeToLeader
2022-07-02 07:21:11,891 [029081d1-a351-4e87-8ac8-9a9e5f881d63@group-00ABA8902F10-LeaderElection19] INFO  ratis.XceiverServerRatis (XceiverServerRatis.java:handleLeaderChangedNotification(863)) - Leader change notification received for group: group-00ABA8902F10 with new leaderId: 029081d1-a351-4e87-8ac8-9a9e5f881d63
2022-07-02 07:21:11,900 [029081d1-a351-4e87-8ac8-9a9e5f881d63@group-00ABA8902F10-LeaderElection19] INFO  server.RaftServer$Division (ServerState.java:setLeader(287)) - 029081d1-a351-4e87-8ac8-9a9e5f881d63@group-00ABA8902F10: change Leader from null to 029081d1-a351-4e87-8ac8-9a9e5f881d63 at term 1 for becomeLeader, leader elected after 5162ms
2022-07-02 07:21:11,900 [029081d1-a351-4e87-8ac8-9a9e5f881d63@group-00ABA8902F10-LeaderElection19] INFO  server.RaftServerConfigKeys (ConfUtils.java:logGet(46)) - raft.server.staging.catchup.gap = 1000 (default)
2022-07-02 07:21:11,900 [029081d1-a351-4e87-8ac8-9a9e5f881d63@group-00ABA8902F10-LeaderElection19] INFO  server.RaftServerConfigKeys (ConfUtils.java:logGet(46)) - raft.server.write.element-limit = 1024 (custom)
2022-07-02 07:21:11,900 [029081d1-a351-4e87-8ac8-9a9e5f881d63@group-00ABA8902F10-LeaderElection19] INFO  server.RaftServerConfigKeys (ConfUtils.java:logGet(46)) - raft.server.write.byte-limit = 1024 M (=1073741824) (custom)
2022-07-02 07:21:11,901 [029081d1-a351-4e87-8ac8-9a9e5f881d63@group-00ABA8902F10-LeaderElection19] INFO  server.RaftServerConfigKeys (ConfUtils.java:logGet(46)) - raft.server.watch.timeout = 180s (custom)
2022-07-02 07:21:11,901 [029081d1-a351-4e87-8ac8-9a9e5f881d63@group-00ABA8902F10-LeaderElection19] INFO  server.RaftServerConfigKeys (ConfUtils.java:logGet(46)) - raft.server.watch.timeout.denomination = 1s (default)
2022-07-02 07:21:11,902 [029081d1-a351-4e87-8ac8-9a9e5f881d63@group-00ABA8902F10-LeaderElection19] INFO  server.RaftServerConfigKeys (ConfUtils.java:logGet(46)) - raft.server.watch.element-limit = 65536 (default)
2022-07-02 07:21:11,902 [029081d1-a351-4e87-8ac8-9a9e5f881d63@group-00ABA8902F10-LeaderElection19] INFO  server.RaftServerConfigKeys (ConfUtils.java:logGet(46)) - raft.server.write.element-limit = 1024 (custom)
2022-07-02 07:21:11,902 [029081d1-a351-4e87-8ac8-9a9e5f881d63@group-00ABA8902F10-LeaderElection19] INFO  server.RaftServerConfigKeys (ConfUtils.java:logGet(46)) - raft.server.write.follower.gap.ratio.max = -1.0 (default)
2022-07-02 07:21:11,902 [029081d1-a351-4e87-8ac8-9a9e5f881d63@group-00ABA8902F10-LeaderElection19] INFO  impl.RoleInfo (RoleInfo.java:updateAndGet(139)) - 029081d1-a351-4e87-8ac8-9a9e5f881d63: start 029081d1-a351-4e87-8ac8-9a9e5f881d63@group-00ABA8902F10-LeaderStateImpl
2022-07-02 07:21:11,902 [029081d1-a351-4e87-8ac8-9a9e5f881d63@group-00ABA8902F10-LeaderElection19] INFO  segmented.SegmentedRaftLogWorker (SegmentedRaftLogWorker.java:startLogSegment(425)) - 029081d1-a351-4e87-8ac8-9a9e5f881d63@group-00ABA8902F10-SegmentedRaftLogWorker: Starting segment from index:0
2022-07-02 07:21:11,909 [029081d1-a351-4e87-8ac8-9a9e5f881d63@group-00ABA8902F10-SegmentedRaftLogWorker] INFO  segmented.SegmentedRaftLogWorker (SegmentedRaftLogWorker.java:execute(629)) - 029081d1-a351-4e87-8ac8-9a9e5f881d63@group-00ABA8902F10-SegmentedRaftLogWorker: created new log segment /home/runner/work/ozone/ozone/hadoop-ozone/integration-test/target/test-dir/MiniOzoneClusterImpl-774acf0e-96fd-4c7a-8fa4-f3d3d576173c/datanode-4/data/ratis/02d668e1-58c9-41b4-9992-00aba8902f10/current/log_inprogress_0
2022-07-02 07:21:11,930 [029081d1-a351-4e87-8ac8-9a9e5f881d63@group-00ABA8902F10-LeaderElection19] INFO  server.RaftServer$Division (ServerState.java:setRaftConf(393)) - 029081d1-a351-4e87-8ac8-9a9e5f881d63@group-00ABA8902F10: set configuration 0: [029081d1-a351-4e87-8ac8-9a9e5f881d63|rpc:10.1.0.20:34471|dataStream:|priority:1], old=null
2022-07-02 07:21:11,937 [Time-limited test] INFO  rpc.RpcClient (RpcClient.java:createVolume(466)) - Creating Volume: volume53366, with user87618 as owner and space quota set to -1 bytes, counts quota set to -1
2022-07-02 07:21:11,940 [OM StateMachine ApplyTransaction Thread - 0] INFO  volume.OMVolumeCreateRequest (OMVolumeCreateRequest.java:validateAndUpdateCache(195)) - created volume:volume53366 for user:user87618
2022-07-02 07:21:11,941 [Time-limited test] INFO  rpc.RpcClient (RpcClient.java:createBucket(669)) - Creating Bucket: volume53366/bucket49989, with bucket layout LEGACY, runner as owner, Versioning false, Storage Type set to DISK and Encryption set to false 
2022-07-02 07:21:11,943 [OM StateMachine ApplyTransaction Thread - 0] INFO  bucket.OMBucketCreateRequest (OMBucketCreateRequest.java:validateAndUpdateCache(260)) - created bucket: bucket49989 of layout LEGACY in volume: volume53366
]]></system-out>
  </testcase>
  <testcase name="testGetFileStatusRoot" classname="TestRootedOzoneFileSystem" time="0.117">
    <system-out><![CDATA[2022-07-02 07:22:23,718 [Time-limited test] INFO  rpc.RpcClient (RpcClient.java:createVolume(466)) - Creating Volume: volume10958, with user12597 as owner and space quota set to -1 bytes, counts quota set to -1
2022-07-02 07:22:23,719 [IPC Server handler 15 on default port 38347] INFO  volume.OMVolumeCreateRequest (OMVolumeCreateRequest.java:validateAndUpdateCache(195)) - created volume:volume10958 for user:user12597
2022-07-02 07:22:23,720 [Time-limited test] INFO  rpc.RpcClient (RpcClient.java:createBucket(669)) - Creating Bucket: volume10958/bucket05774, with bucket layout LEGACY, runner as owner, Versioning false, Storage Type set to DISK and Encryption set to false 
2022-07-02 07:22:23,721 [IPC Server handler 14 on default port 38347] INFO  bucket.OMBucketCreateRequest (OMBucketCreateRequest.java:validateAndUpdateCache(260)) - created bucket: bucket05774 of layout LEGACY in volume: volume10958
]]></system-out>
  </testcase>
  <testcase name="testGetFileStatusRoot" classname="TestRootedOzoneFileSystem" time="0.146">
    <system-out><![CDATA[2022-07-02 07:23:57,236 [Time-limited test] INFO  rpc.RpcClient (RpcClient.java:createVolume(466)) - Creating Volume: volume17164, with user93704 as owner and space quota set to -1 bytes, counts quota set to -1
2022-07-02 07:23:57,238 [OM StateMachine ApplyTransaction Thread - 0] INFO  volume.OMVolumeCreateRequest (OMVolumeCreateRequest.java:validateAndUpdateCache(195)) - created volume:volume17164 for user:user93704
2022-07-02 07:23:57,239 [Time-limited test] INFO  rpc.RpcClient (RpcClient.java:createBucket(669)) - Creating Bucket: volume17164/bucket05837, with bucket layout LEGACY, runner as owner, Versioning false, Storage Type set to DISK and Encryption set to false 
2022-07-02 07:23:57,240 [OM StateMachine ApplyTransaction Thread - 0] INFO  bucket.OMBucketCreateRequest (OMBucketCreateRequest.java:validateAndUpdateCache(260)) - created bucket: bucket05837 of layout LEGACY in volume: volume17164
]]></system-out>
  </testcase>
  <testcase name="testGetFileStatusRoot" classname="TestRootedOzoneFileSystem" time="0.042">
    <system-out><![CDATA[2022-07-02 07:25:28,352 [Time-limited test] INFO  rpc.RpcClient (RpcClient.java:createVolume(466)) - Creating Volume: volume97804, with user80536 as owner and space quota set to -1 bytes, counts quota set to -1
2022-07-02 07:25:28,353 [IPC Server handler 19 on default port 43657] INFO  volume.OMVolumeCreateRequest (OMVolumeCreateRequest.java:validateAndUpdateCache(195)) - created volume:volume97804 for user:user80536
2022-07-02 07:25:28,354 [Time-limited test] INFO  rpc.RpcClient (RpcClient.java:createBucket(669)) - Creating Bucket: volume97804/bucket65589, with bucket layout LEGACY, runner as owner, Versioning false, Storage Type set to DISK and Encryption set to false 
2022-07-02 07:25:28,355 [IPC Server handler 3 on default port 43657] INFO  bucket.OMBucketCreateRequest (OMBucketCreateRequest.java:validateAndUpdateCache(260)) - created bucket: bucket65589 of layout LEGACY in volume: volume97804
]]></system-out>
  </testcase>
  <testcase name="testCreateWithInvalidPaths" classname="TestRootedOzoneFileSystem" time="0.066">
    <system-out><![CDATA[2022-07-02 07:20:00,267 [Time-limited test] INFO  rpc.RpcClient (RpcClient.java:createVolume(466)) - Creating Volume: volume30432, with user29463 as owner and space quota set to -1 bytes, counts quota set to -1
2022-07-02 07:20:00,271 [OM StateMachine ApplyTransaction Thread - 0] INFO  volume.OMVolumeCreateRequest (OMVolumeCreateRequest.java:validateAndUpdateCache(195)) - created volume:volume30432 for user:user29463
2022-07-02 07:20:00,274 [Time-limited test] INFO  rpc.RpcClient (RpcClient.java:createBucket(669)) - Creating Bucket: volume30432/bucket23660, with bucket layout LEGACY, runner as owner, Versioning false, Storage Type set to DISK and Encryption set to false 
2022-07-02 07:20:00,277 [OM StateMachine ApplyTransaction Thread - 0] INFO  bucket.OMBucketCreateRequest (OMBucketCreateRequest.java:validateAndUpdateCache(260)) - created bucket: bucket23660 of layout LEGACY in volume: volume30432
]]></system-out>
  </testcase>
  <testcase name="testCreateWithInvalidPaths" classname="TestRootedOzoneFileSystem" time="0.137">
    <system-out><![CDATA[2022-07-02 07:21:12,073 [Time-limited test] INFO  rpc.RpcClient (RpcClient.java:createVolume(466)) - Creating Volume: volume93972, with user82495 as owner and space quota set to -1 bytes, counts quota set to -1
2022-07-02 07:21:12,080 [OM StateMachine ApplyTransaction Thread - 0] INFO  volume.OMVolumeCreateRequest (OMVolumeCreateRequest.java:validateAndUpdateCache(195)) - created volume:volume93972 for user:user82495
2022-07-02 07:21:12,082 [Time-limited test] INFO  rpc.RpcClient (RpcClient.java:createBucket(669)) - Creating Bucket: volume93972/bucket41368, with bucket layout LEGACY, runner as owner, Versioning false, Storage Type set to DISK and Encryption set to false 
2022-07-02 07:21:12,084 [OM StateMachine ApplyTransaction Thread - 0] INFO  bucket.OMBucketCreateRequest (OMBucketCreateRequest.java:validateAndUpdateCache(260)) - created bucket: bucket41368 of layout LEGACY in volume: volume93972
]]></system-out>
  </testcase>
  <testcase name="testCreateWithInvalidPaths" classname="TestRootedOzoneFileSystem" time="0.133">
    <system-out><![CDATA[2022-07-02 07:22:23,863 [Time-limited test] INFO  rpc.RpcClient (RpcClient.java:createVolume(466)) - Creating Volume: volume60783, with user15388 as owner and space quota set to -1 bytes, counts quota set to -1
2022-07-02 07:22:23,864 [IPC Server handler 13 on default port 38347] INFO  volume.OMVolumeCreateRequest (OMVolumeCreateRequest.java:validateAndUpdateCache(195)) - created volume:volume60783 for user:user15388
2022-07-02 07:22:23,867 [Time-limited test] INFO  rpc.RpcClient (RpcClient.java:createBucket(669)) - Creating Bucket: volume60783/bucket73269, with bucket layout LEGACY, runner as owner, Versioning false, Storage Type set to DISK and Encryption set to false 
2022-07-02 07:22:23,867 [IPC Server handler 17 on default port 38347] INFO  bucket.OMBucketCreateRequest (OMBucketCreateRequest.java:validateAndUpdateCache(260)) - created bucket: bucket73269 of layout LEGACY in volume: volume60783
]]></system-out>
  </testcase>
  <testcase name="testCreateWithInvalidPaths" classname="TestRootedOzoneFileSystem" time="0.176">
    <system-out><![CDATA[2022-07-02 07:23:57,386 [Time-limited test] INFO  rpc.RpcClient (RpcClient.java:createVolume(466)) - Creating Volume: volume57952, with user82150 as owner and space quota set to -1 bytes, counts quota set to -1
2022-07-02 07:23:57,390 [OM StateMachine ApplyTransaction Thread - 0] INFO  volume.OMVolumeCreateRequest (OMVolumeCreateRequest.java:validateAndUpdateCache(195)) - created volume:volume57952 for user:user82150
2022-07-02 07:23:57,406 [Time-limited test] INFO  rpc.RpcClient (RpcClient.java:createBucket(669)) - Creating Bucket: volume57952/bucket56788, with bucket layout LEGACY, runner as owner, Versioning false, Storage Type set to DISK and Encryption set to false 
2022-07-02 07:23:57,409 [OM StateMachine ApplyTransaction Thread - 0] INFO  bucket.OMBucketCreateRequest (OMBucketCreateRequest.java:validateAndUpdateCache(260)) - created bucket: bucket56788 of layout LEGACY in volume: volume57952
]]></system-out>
  </testcase>
  <testcase name="testCreateWithInvalidPaths" classname="TestRootedOzoneFileSystem" time="0.215">
    <system-out><![CDATA[2022-07-02 07:25:28,562 [Time-limited test] INFO  rpc.RpcClient (RpcClient.java:createVolume(466)) - Creating Volume: volume64179, with user71281 as owner and space quota set to -1 bytes, counts quota set to -1
2022-07-02 07:25:28,563 [IPC Server handler 11 on default port 43657] INFO  volume.OMVolumeCreateRequest (OMVolumeCreateRequest.java:validateAndUpdateCache(195)) - created volume:volume64179 for user:user71281
2022-07-02 07:25:28,568 [Time-limited test] INFO  rpc.RpcClient (RpcClient.java:createBucket(669)) - Creating Bucket: volume64179/bucket61803, with bucket layout LEGACY, runner as owner, Versioning false, Storage Type set to DISK and Encryption set to false 
2022-07-02 07:25:28,573 [IPC Server handler 4 on default port 43657] INFO  bucket.OMBucketCreateRequest (OMBucketCreateRequest.java:validateAndUpdateCache(260)) - created bucket: bucket61803 of layout LEGACY in volume: volume64179
]]></system-out>
  </testcase>
  <testcase name="testDeleteEmptyVolume" classname="TestRootedOzoneFileSystem" time="0.09">
    <system-out><![CDATA[2022-07-02 07:20:00,338 [Time-limited test] INFO  rpc.RpcClient (RpcClient.java:createVolume(466)) - Creating Volume: volume25893, with user54392 as owner and space quota set to -1 bytes, counts quota set to -1
2022-07-02 07:20:00,347 [OM StateMachine ApplyTransaction Thread - 0] INFO  volume.OMVolumeCreateRequest (OMVolumeCreateRequest.java:validateAndUpdateCache(195)) - created volume:volume25893 for user:user54392
2022-07-02 07:20:00,350 [Time-limited test] INFO  rpc.RpcClient (RpcClient.java:createBucket(669)) - Creating Bucket: volume25893/bucket39661, with bucket layout LEGACY, runner as owner, Versioning false, Storage Type set to DISK and Encryption set to false 
2022-07-02 07:20:00,353 [OM StateMachine ApplyTransaction Thread - 0] INFO  bucket.OMBucketCreateRequest (OMBucketCreateRequest.java:validateAndUpdateCache(260)) - created bucket: bucket39661 of layout LEGACY in volume: volume25893
2022-07-02 07:20:00,356 [Time-limited test] INFO  rpc.RpcClient (RpcClient.java:createVolume(466)) - Creating Volume: volume-47983, with runner as owner and space quota set to -1 bytes, counts quota set to -1
2022-07-02 07:20:00,358 [OM StateMachine ApplyTransaction Thread - 0] INFO  volume.OMVolumeCreateRequest (OMVolumeCreateRequest.java:validateAndUpdateCache(195)) - created volume:volume-47983 for user:runner
]]></system-out>
  </testcase>
  <testcase name="testDeleteEmptyVolume" classname="TestRootedOzoneFileSystem" time="0.13">
    <system-out><![CDATA[2022-07-02 07:21:12,195 [Time-limited test] INFO  rpc.RpcClient (RpcClient.java:createVolume(466)) - Creating Volume: volume77385, with user34861 as owner and space quota set to -1 bytes, counts quota set to -1
2022-07-02 07:21:12,200 [OM StateMachine ApplyTransaction Thread - 0] INFO  volume.OMVolumeCreateRequest (OMVolumeCreateRequest.java:validateAndUpdateCache(195)) - created volume:volume77385 for user:user34861
2022-07-02 07:21:12,204 [Time-limited test] INFO  rpc.RpcClient (RpcClient.java:createBucket(669)) - Creating Bucket: volume77385/bucket33646, with bucket layout LEGACY, runner as owner, Versioning false, Storage Type set to DISK and Encryption set to false 
2022-07-02 07:21:12,206 [OM StateMachine ApplyTransaction Thread - 0] INFO  bucket.OMBucketCreateRequest (OMBucketCreateRequest.java:validateAndUpdateCache(260)) - created bucket: bucket33646 of layout LEGACY in volume: volume77385
2022-07-02 07:21:12,209 [Time-limited test] INFO  rpc.RpcClient (RpcClient.java:createVolume(466)) - Creating Volume: volume-08405, with runner as owner and space quota set to -1 bytes, counts quota set to -1
2022-07-02 07:21:12,210 [OM StateMachine ApplyTransaction Thread - 0] INFO  volume.OMVolumeCreateRequest (OMVolumeCreateRequest.java:validateAndUpdateCache(195)) - created volume:volume-08405 for user:runner
07:21:12.213 [IPC Server handler 19 on default port 42659] ERROR OMAudit - user=runner | ip=127.0.0.1 | op=READ_VOLUME {volume=volume-08405} | ret=FAILURE
org.apache.hadoop.ozone.om.exceptions.OMException: Volume volume-08405 is not found
	at org.apache.hadoop.ozone.om.VolumeManagerImpl.getVolumeInfo(VolumeManagerImpl.java:74) ~[ozone-manager-1.3.0-SNAPSHOT.jar:?]
	at org.apache.hadoop.ozone.om.OzoneManager.getVolumeInfo(OzoneManager.java:2602) ~[ozone-manager-1.3.0-SNAPSHOT.jar:?]
	at org.apache.hadoop.ozone.protocolPB.OzoneManagerRequestHandler.infoVolume(OzoneManagerRequestHandler.java:390) ~[ozone-manager-1.3.0-SNAPSHOT.jar:?]
	at org.apache.hadoop.ozone.protocolPB.OzoneManagerRequestHandler.handleReadRequest(OzoneManagerRequestHandler.java:162) ~[ozone-manager-1.3.0-SNAPSHOT.jar:?]
	at org.apache.hadoop.ozone.protocolPB.OzoneManagerProtocolServerSideTranslatorPB.submitReadRequestToOM(OzoneManagerProtocolServerSideTranslatorPB.java:226) ~[ozone-manager-1.3.0-SNAPSHOT.jar:?]
	at org.apache.hadoop.ozone.protocolPB.OzoneManagerProtocolServerSideTranslatorPB.processRequest(OzoneManagerProtocolServerSideTranslatorPB.java:175) ~[ozone-manager-1.3.0-SNAPSHOT.jar:?]
	at org.apache.hadoop.hdds.server.OzoneProtocolMessageDispatcher.processRequest(OzoneProtocolMessageDispatcher.java:87) [hdds-server-framework-1.3.0-SNAPSHOT.jar:?]
	at org.apache.hadoop.ozone.protocolPB.OzoneManagerProtocolServerSideTranslatorPB.submitRequest(OzoneManagerProtocolServerSideTranslatorPB.java:147) [ozone-manager-1.3.0-SNAPSHOT.jar:?]
	at org.apache.hadoop.ozone.protocol.proto.OzoneManagerProtocolProtos$OzoneManagerService$2.callBlockingMethod(OzoneManagerProtocolProtos.java) [ozone-interface-client-1.3.0-SNAPSHOT.jar:?]
	at org.apache.hadoop.ipc.ProtobufRpcEngine$Server.processCall(ProtobufRpcEngine.java:466) [hadoop-common-3.3.1.jar:?]
	at org.apache.hadoop.ipc.ProtobufRpcEngine2$Server$ProtoBufRpcInvoker.call(ProtobufRpcEngine2.java:574) [hadoop-common-3.3.1.jar:?]
	at org.apache.hadoop.ipc.ProtobufRpcEngine2$Server$ProtoBufRpcInvoker.call(ProtobufRpcEngine2.java:552) [hadoop-common-3.3.1.jar:?]
	at org.apache.hadoop.ipc.RPC$Server.call(RPC.java:1093) [hadoop-common-3.3.1.jar:?]
	at org.apache.hadoop.ipc.Server$RpcCall.run(Server.java:1035) [hadoop-common-3.3.1.jar:?]
	at org.apache.hadoop.ipc.Server$RpcCall.run(Server.java:963) [hadoop-common-3.3.1.jar:?]
	at java.security.AccessController.doPrivileged(Native Method) ~[?:1.8.0_332]
	at javax.security.auth.Subject.doAs(Subject.java:422) [?:1.8.0_332]
	at org.apache.hadoop.security.UserGroupInformation.doAs(UserGroupInformation.java:1878) [hadoop-common-3.3.1.jar:?]
	at org.apache.hadoop.ipc.Server$Handler.run(Server.java:2966) [hadoop-common-3.3.1.jar:?]
]]></system-out>
  </testcase>
  <testcase name="testDeleteEmptyVolume" classname="TestRootedOzoneFileSystem" time="0.131">
    <system-out><![CDATA[2022-07-02 07:22:23,979 [Time-limited test] INFO  rpc.RpcClient (RpcClient.java:createVolume(466)) - Creating Volume: volume27396, with user58555 as owner and space quota set to -1 bytes, counts quota set to -1
2022-07-02 07:22:23,980 [IPC Server handler 14 on default port 38347] INFO  volume.OMVolumeCreateRequest (OMVolumeCreateRequest.java:validateAndUpdateCache(195)) - created volume:volume27396 for user:user58555
2022-07-02 07:22:23,981 [Time-limited test] INFO  rpc.RpcClient (RpcClient.java:createBucket(669)) - Creating Bucket: volume27396/bucket92233, with bucket layout LEGACY, runner as owner, Versioning false, Storage Type set to DISK and Encryption set to false 
2022-07-02 07:22:23,981 [IPC Server handler 19 on default port 38347] INFO  bucket.OMBucketCreateRequest (OMBucketCreateRequest.java:validateAndUpdateCache(260)) - created bucket: bucket92233 of layout LEGACY in volume: volume27396
2022-07-02 07:22:23,983 [Time-limited test] INFO  rpc.RpcClient (RpcClient.java:createVolume(466)) - Creating Volume: volume-34691, with runner as owner and space quota set to -1 bytes, counts quota set to -1
2022-07-02 07:22:23,984 [IPC Server handler 1 on default port 38347] INFO  volume.OMVolumeCreateRequest (OMVolumeCreateRequest.java:validateAndUpdateCache(195)) - created volume:volume-34691 for user:runner
07:22:23.986 [IPC Server handler 5 on default port 38347] ERROR OMAudit - user=runner | ip=127.0.0.1 | op=READ_VOLUME {volume=volume-34691} | ret=FAILURE
org.apache.hadoop.ozone.om.exceptions.OMException: Volume volume-34691 is not found
	at org.apache.hadoop.ozone.om.VolumeManagerImpl.getVolumeInfo(VolumeManagerImpl.java:74) ~[ozone-manager-1.3.0-SNAPSHOT.jar:?]
	at org.apache.hadoop.ozone.om.OzoneManager.getVolumeInfo(OzoneManager.java:2602) ~[ozone-manager-1.3.0-SNAPSHOT.jar:?]
	at org.apache.hadoop.ozone.protocolPB.OzoneManagerRequestHandler.infoVolume(OzoneManagerRequestHandler.java:390) ~[ozone-manager-1.3.0-SNAPSHOT.jar:?]
	at org.apache.hadoop.ozone.protocolPB.OzoneManagerRequestHandler.handleReadRequest(OzoneManagerRequestHandler.java:162) ~[ozone-manager-1.3.0-SNAPSHOT.jar:?]
	at org.apache.hadoop.ozone.protocolPB.OzoneManagerProtocolServerSideTranslatorPB.submitRequestDirectlyToOM(OzoneManagerProtocolServerSideTranslatorPB.java:276) ~[ozone-manager-1.3.0-SNAPSHOT.jar:?]
	at org.apache.hadoop.ozone.protocolPB.OzoneManagerProtocolServerSideTranslatorPB.processRequest(OzoneManagerProtocolServerSideTranslatorPB.java:205) ~[ozone-manager-1.3.0-SNAPSHOT.jar:?]
	at org.apache.hadoop.hdds.server.OzoneProtocolMessageDispatcher.processRequest(OzoneProtocolMessageDispatcher.java:87) [hdds-server-framework-1.3.0-SNAPSHOT.jar:?]
	at org.apache.hadoop.ozone.protocolPB.OzoneManagerProtocolServerSideTranslatorPB.submitRequest(OzoneManagerProtocolServerSideTranslatorPB.java:147) [ozone-manager-1.3.0-SNAPSHOT.jar:?]
	at org.apache.hadoop.ozone.protocol.proto.OzoneManagerProtocolProtos$OzoneManagerService$2.callBlockingMethod(OzoneManagerProtocolProtos.java) [ozone-interface-client-1.3.0-SNAPSHOT.jar:?]
	at org.apache.hadoop.ipc.ProtobufRpcEngine$Server.processCall(ProtobufRpcEngine.java:466) [hadoop-common-3.3.1.jar:?]
	at org.apache.hadoop.ipc.ProtobufRpcEngine2$Server$ProtoBufRpcInvoker.call(ProtobufRpcEngine2.java:574) [hadoop-common-3.3.1.jar:?]
	at org.apache.hadoop.ipc.ProtobufRpcEngine2$Server$ProtoBufRpcInvoker.call(ProtobufRpcEngine2.java:552) [hadoop-common-3.3.1.jar:?]
	at org.apache.hadoop.ipc.RPC$Server.call(RPC.java:1093) [hadoop-common-3.3.1.jar:?]
	at org.apache.hadoop.ipc.Server$RpcCall.run(Server.java:1035) [hadoop-common-3.3.1.jar:?]
	at org.apache.hadoop.ipc.Server$RpcCall.run(Server.java:963) [hadoop-common-3.3.1.jar:?]
	at java.security.AccessController.doPrivileged(Native Method) ~[?:1.8.0_332]
	at javax.security.auth.Subject.doAs(Subject.java:422) [?:1.8.0_332]
	at org.apache.hadoop.security.UserGroupInformation.doAs(UserGroupInformation.java:1878) [hadoop-common-3.3.1.jar:?]
	at org.apache.hadoop.ipc.Server$Handler.run(Server.java:2966) [hadoop-common-3.3.1.jar:?]
]]></system-out>
  </testcase>
  <testcase name="testDeleteEmptyVolume" classname="TestRootedOzoneFileSystem" time="0.236">
    <system-out><![CDATA[2022-07-02 07:23:57,610 [Time-limited test] INFO  rpc.RpcClient (RpcClient.java:createVolume(466)) - Creating Volume: volume34512, with user21543 as owner and space quota set to -1 bytes, counts quota set to -1
2022-07-02 07:23:57,617 [OM StateMachine ApplyTransaction Thread - 0] INFO  volume.OMVolumeCreateRequest (OMVolumeCreateRequest.java:validateAndUpdateCache(195)) - created volume:volume34512 for user:user21543
2022-07-02 07:23:57,618 [Time-limited test] INFO  rpc.RpcClient (RpcClient.java:createBucket(669)) - Creating Bucket: volume34512/bucket12737, with bucket layout LEGACY, runner as owner, Versioning false, Storage Type set to DISK and Encryption set to false 
2022-07-02 07:23:57,619 [OM StateMachine ApplyTransaction Thread - 0] INFO  bucket.OMBucketCreateRequest (OMBucketCreateRequest.java:validateAndUpdateCache(260)) - created bucket: bucket12737 of layout LEGACY in volume: volume34512
2022-07-02 07:23:57,622 [Time-limited test] INFO  rpc.RpcClient (RpcClient.java:createVolume(466)) - Creating Volume: volume-98741, with runner as owner and space quota set to -1 bytes, counts quota set to -1
2022-07-02 07:23:57,623 [OM StateMachine ApplyTransaction Thread - 0] INFO  volume.OMVolumeCreateRequest (OMVolumeCreateRequest.java:validateAndUpdateCache(195)) - created volume:volume-98741 for user:runner
07:23:57.646 [IPC Server handler 15 on default port 38259] ERROR OMAudit - user=runner | ip=127.0.0.1 | op=READ_VOLUME {volume=volume-98741} | ret=FAILURE
org.apache.hadoop.ozone.om.exceptions.OMException: Volume volume-98741 is not found
	at org.apache.hadoop.ozone.om.VolumeManagerImpl.getVolumeInfo(VolumeManagerImpl.java:74) ~[ozone-manager-1.3.0-SNAPSHOT.jar:?]
	at org.apache.hadoop.ozone.om.OzoneManager.getVolumeInfo(OzoneManager.java:2602) ~[ozone-manager-1.3.0-SNAPSHOT.jar:?]
	at org.apache.hadoop.ozone.protocolPB.OzoneManagerRequestHandler.infoVolume(OzoneManagerRequestHandler.java:390) ~[ozone-manager-1.3.0-SNAPSHOT.jar:?]
	at org.apache.hadoop.ozone.protocolPB.OzoneManagerRequestHandler.handleReadRequest(OzoneManagerRequestHandler.java:162) ~[ozone-manager-1.3.0-SNAPSHOT.jar:?]
	at org.apache.hadoop.ozone.protocolPB.OzoneManagerProtocolServerSideTranslatorPB.submitReadRequestToOM(OzoneManagerProtocolServerSideTranslatorPB.java:226) ~[ozone-manager-1.3.0-SNAPSHOT.jar:?]
	at org.apache.hadoop.ozone.protocolPB.OzoneManagerProtocolServerSideTranslatorPB.processRequest(OzoneManagerProtocolServerSideTranslatorPB.java:175) ~[ozone-manager-1.3.0-SNAPSHOT.jar:?]
	at org.apache.hadoop.hdds.server.OzoneProtocolMessageDispatcher.processRequest(OzoneProtocolMessageDispatcher.java:87) [hdds-server-framework-1.3.0-SNAPSHOT.jar:?]
	at org.apache.hadoop.ozone.protocolPB.OzoneManagerProtocolServerSideTranslatorPB.submitRequest(OzoneManagerProtocolServerSideTranslatorPB.java:147) [ozone-manager-1.3.0-SNAPSHOT.jar:?]
	at org.apache.hadoop.ozone.protocol.proto.OzoneManagerProtocolProtos$OzoneManagerService$2.callBlockingMethod(OzoneManagerProtocolProtos.java) [ozone-interface-client-1.3.0-SNAPSHOT.jar:?]
	at org.apache.hadoop.ipc.ProtobufRpcEngine$Server.processCall(ProtobufRpcEngine.java:466) [hadoop-common-3.3.1.jar:?]
	at org.apache.hadoop.ipc.ProtobufRpcEngine2$Server$ProtoBufRpcInvoker.call(ProtobufRpcEngine2.java:574) [hadoop-common-3.3.1.jar:?]
	at org.apache.hadoop.ipc.ProtobufRpcEngine2$Server$ProtoBufRpcInvoker.call(ProtobufRpcEngine2.java:552) [hadoop-common-3.3.1.jar:?]
	at org.apache.hadoop.ipc.RPC$Server.call(RPC.java:1093) [hadoop-common-3.3.1.jar:?]
	at org.apache.hadoop.ipc.Server$RpcCall.run(Server.java:1035) [hadoop-common-3.3.1.jar:?]
	at org.apache.hadoop.ipc.Server$RpcCall.run(Server.java:963) [hadoop-common-3.3.1.jar:?]
	at java.security.AccessController.doPrivileged(Native Method) ~[?:1.8.0_332]
	at javax.security.auth.Subject.doAs(Subject.java:422) [?:1.8.0_332]
	at org.apache.hadoop.security.UserGroupInformation.doAs(UserGroupInformation.java:1878) [hadoop-common-3.3.1.jar:?]
	at org.apache.hadoop.ipc.Server$Handler.run(Server.java:2966) [hadoop-common-3.3.1.jar:?]
]]></system-out>
  </testcase>
  <testcase name="testDeleteEmptyVolume" classname="TestRootedOzoneFileSystem" time="0.146">
    <system-out><![CDATA[2022-07-02 07:25:28,690 [Time-limited test] INFO  rpc.RpcClient (RpcClient.java:createVolume(466)) - Creating Volume: volume24393, with user25468 as owner and space quota set to -1 bytes, counts quota set to -1
2022-07-02 07:25:28,692 [IPC Server handler 3 on default port 43657] INFO  volume.OMVolumeCreateRequest (OMVolumeCreateRequest.java:validateAndUpdateCache(195)) - created volume:volume24393 for user:user25468
2022-07-02 07:25:28,699 [Time-limited test] INFO  rpc.RpcClient (RpcClient.java:createBucket(669)) - Creating Bucket: volume24393/bucket32881, with bucket layout LEGACY, runner as owner, Versioning false, Storage Type set to DISK and Encryption set to false 
2022-07-02 07:25:28,703 [IPC Server handler 5 on default port 43657] INFO  bucket.OMBucketCreateRequest (OMBucketCreateRequest.java:validateAndUpdateCache(260)) - created bucket: bucket32881 of layout LEGACY in volume: volume24393
2022-07-02 07:25:28,705 [Time-limited test] INFO  rpc.RpcClient (RpcClient.java:createVolume(466)) - Creating Volume: volume-03805, with runner as owner and space quota set to -1 bytes, counts quota set to -1
2022-07-02 07:25:28,707 [IPC Server handler 9 on default port 43657] INFO  volume.OMVolumeCreateRequest (OMVolumeCreateRequest.java:validateAndUpdateCache(195)) - created volume:volume-03805 for user:runner
07:25:28.716 [IPC Server handler 14 on default port 43657] ERROR OMAudit - user=runner | ip=127.0.0.1 | op=READ_VOLUME {volume=volume-03805} | ret=FAILURE
org.apache.hadoop.ozone.om.exceptions.OMException: Volume volume-03805 is not found
	at org.apache.hadoop.ozone.om.VolumeManagerImpl.getVolumeInfo(VolumeManagerImpl.java:74) ~[ozone-manager-1.3.0-SNAPSHOT.jar:?]
	at org.apache.hadoop.ozone.om.OzoneManager.getVolumeInfo(OzoneManager.java:2602) ~[ozone-manager-1.3.0-SNAPSHOT.jar:?]
	at org.apache.hadoop.ozone.protocolPB.OzoneManagerRequestHandler.infoVolume(OzoneManagerRequestHandler.java:390) ~[ozone-manager-1.3.0-SNAPSHOT.jar:?]
	at org.apache.hadoop.ozone.protocolPB.OzoneManagerRequestHandler.handleReadRequest(OzoneManagerRequestHandler.java:162) ~[ozone-manager-1.3.0-SNAPSHOT.jar:?]
	at org.apache.hadoop.ozone.protocolPB.OzoneManagerProtocolServerSideTranslatorPB.submitRequestDirectlyToOM(OzoneManagerProtocolServerSideTranslatorPB.java:276) ~[ozone-manager-1.3.0-SNAPSHOT.jar:?]
	at org.apache.hadoop.ozone.protocolPB.OzoneManagerProtocolServerSideTranslatorPB.processRequest(OzoneManagerProtocolServerSideTranslatorPB.java:205) ~[ozone-manager-1.3.0-SNAPSHOT.jar:?]
	at org.apache.hadoop.hdds.server.OzoneProtocolMessageDispatcher.processRequest(OzoneProtocolMessageDispatcher.java:87) [hdds-server-framework-1.3.0-SNAPSHOT.jar:?]
	at org.apache.hadoop.ozone.protocolPB.OzoneManagerProtocolServerSideTranslatorPB.submitRequest(OzoneManagerProtocolServerSideTranslatorPB.java:147) [ozone-manager-1.3.0-SNAPSHOT.jar:?]
	at org.apache.hadoop.ozone.protocol.proto.OzoneManagerProtocolProtos$OzoneManagerService$2.callBlockingMethod(OzoneManagerProtocolProtos.java) [ozone-interface-client-1.3.0-SNAPSHOT.jar:?]
	at org.apache.hadoop.ipc.ProtobufRpcEngine$Server.processCall(ProtobufRpcEngine.java:466) [hadoop-common-3.3.1.jar:?]
	at org.apache.hadoop.ipc.ProtobufRpcEngine2$Server$ProtoBufRpcInvoker.call(ProtobufRpcEngine2.java:574) [hadoop-common-3.3.1.jar:?]
	at org.apache.hadoop.ipc.ProtobufRpcEngine2$Server$ProtoBufRpcInvoker.call(ProtobufRpcEngine2.java:552) [hadoop-common-3.3.1.jar:?]
	at org.apache.hadoop.ipc.RPC$Server.call(RPC.java:1093) [hadoop-common-3.3.1.jar:?]
	at org.apache.hadoop.ipc.Server$RpcCall.run(Server.java:1035) [hadoop-common-3.3.1.jar:?]
	at org.apache.hadoop.ipc.Server$RpcCall.run(Server.java:963) [hadoop-common-3.3.1.jar:?]
	at java.security.AccessController.doPrivileged(Native Method) ~[?:1.8.0_332]
	at javax.security.auth.Subject.doAs(Subject.java:422) [?:1.8.0_332]
	at org.apache.hadoop.security.UserGroupInformation.doAs(UserGroupInformation.java:1878) [hadoop-common-3.3.1.jar:?]
	at org.apache.hadoop.ipc.Server$Handler.run(Server.java:2966) [hadoop-common-3.3.1.jar:?]
]]></system-out>
  </testcase>
  <testcase name="testListStatusRootAndVolumeContinuation" classname="TestRootedOzoneFileSystem" time="0">
    <skipped type="org.junit.AssumptionViolatedException"><![CDATA[org.junit.AssumptionViolatedException: FS Path is enabled. Skipping this test as it is not tuned for FS Path yet
	at org.junit.Assume.assumeTrue(Assume.java:68)
	at org.apache.hadoop.fs.ozone.TestRootedOzoneFileSystem.testListStatusRootAndVolumeContinuation(TestRootedOzoneFileSystem.java:912)
	at sun.reflect.NativeMethodAccessorImpl.invoke0(Native Method)
	at sun.reflect.NativeMethodAccessorImpl.invoke(NativeMethodAccessorImpl.java:62)
	at sun.reflect.DelegatingMethodAccessorImpl.invoke(DelegatingMethodAccessorImpl.java:43)
	at java.lang.reflect.Method.invoke(Method.java:498)
	at org.junit.runners.model.FrameworkMethod$1.runReflectiveCall(FrameworkMethod.java:59)
	at org.junit.internal.runners.model.ReflectiveCallable.run(ReflectiveCallable.java:12)
	at org.junit.runners.model.FrameworkMethod.invokeExplosively(FrameworkMethod.java:56)
	at org.junit.internal.runners.statements.InvokeMethod.evaluate(InvokeMethod.java:17)
	at org.junit.internal.runners.statements.RunBefores.evaluate(RunBefores.java:26)
	at org.junit.internal.runners.statements.RunAfters.evaluate(RunAfters.java:27)
	at org.junit.internal.runners.statements.FailOnTimeout$CallableStatement.call(FailOnTimeout.java:288)
	at org.junit.internal.runners.statements.FailOnTimeout$CallableStatement.call(FailOnTimeout.java:282)
	at java.util.concurrent.FutureTask.run(FutureTask.java:266)
	at java.lang.Thread.run(Thread.java:750)
]]></skipped>
    <system-out><![CDATA[2022-07-02 07:20:00,437 [Time-limited test] INFO  rpc.RpcClient (RpcClient.java:createVolume(466)) - Creating Volume: volume86133, with user28810 as owner and space quota set to -1 bytes, counts quota set to -1
2022-07-02 07:20:00,440 [OM StateMachine ApplyTransaction Thread - 0] INFO  volume.OMVolumeCreateRequest (OMVolumeCreateRequest.java:validateAndUpdateCache(195)) - created volume:volume86133 for user:user28810
2022-07-02 07:20:00,443 [Time-limited test] INFO  rpc.RpcClient (RpcClient.java:createBucket(669)) - Creating Bucket: volume86133/bucket85202, with bucket layout LEGACY, runner as owner, Versioning false, Storage Type set to DISK and Encryption set to false 
2022-07-02 07:20:00,445 [OM StateMachine ApplyTransaction Thread - 0] INFO  bucket.OMBucketCreateRequest (OMBucketCreateRequest.java:validateAndUpdateCache(260)) - created bucket: bucket85202 of layout LEGACY in volume: volume86133
]]></system-out>
  </testcase>
  <testcase name="testListStatusRootAndVolumeContinuation" classname="TestRootedOzoneFileSystem" time="0">
    <skipped type="org.junit.AssumptionViolatedException"><![CDATA[org.junit.AssumptionViolatedException: FS Path is enabled. Skipping this test as it is not tuned for FS Path yet
	at org.junit.Assume.assumeTrue(Assume.java:68)
	at org.apache.hadoop.fs.ozone.TestRootedOzoneFileSystem.testListStatusRootAndVolumeContinuation(TestRootedOzoneFileSystem.java:912)
	at sun.reflect.NativeMethodAccessorImpl.invoke0(Native Method)
	at sun.reflect.NativeMethodAccessorImpl.invoke(NativeMethodAccessorImpl.java:62)
	at sun.reflect.DelegatingMethodAccessorImpl.invoke(DelegatingMethodAccessorImpl.java:43)
	at java.lang.reflect.Method.invoke(Method.java:498)
	at org.junit.runners.model.FrameworkMethod$1.runReflectiveCall(FrameworkMethod.java:59)
	at org.junit.internal.runners.model.ReflectiveCallable.run(ReflectiveCallable.java:12)
	at org.junit.runners.model.FrameworkMethod.invokeExplosively(FrameworkMethod.java:56)
	at org.junit.internal.runners.statements.InvokeMethod.evaluate(InvokeMethod.java:17)
	at org.junit.internal.runners.statements.RunBefores.evaluate(RunBefores.java:26)
	at org.junit.internal.runners.statements.RunAfters.evaluate(RunAfters.java:27)
	at org.junit.internal.runners.statements.FailOnTimeout$CallableStatement.call(FailOnTimeout.java:288)
	at org.junit.internal.runners.statements.FailOnTimeout$CallableStatement.call(FailOnTimeout.java:282)
	at java.util.concurrent.FutureTask.run(FutureTask.java:266)
	at java.lang.Thread.run(Thread.java:750)
]]></skipped>
    <system-out><![CDATA[2022-07-02 07:21:12,301 [Time-limited test] INFO  rpc.RpcClient (RpcClient.java:createVolume(466)) - Creating Volume: volume77843, with user11122 as owner and space quota set to -1 bytes, counts quota set to -1
2022-07-02 07:21:12,306 [OM StateMachine ApplyTransaction Thread - 0] INFO  volume.OMVolumeCreateRequest (OMVolumeCreateRequest.java:validateAndUpdateCache(195)) - created volume:volume77843 for user:user11122
2022-07-02 07:21:12,307 [Time-limited test] INFO  rpc.RpcClient (RpcClient.java:createBucket(669)) - Creating Bucket: volume77843/bucket86902, with bucket layout LEGACY, runner as owner, Versioning false, Storage Type set to DISK and Encryption set to false 
2022-07-02 07:21:12,312 [OM StateMachine ApplyTransaction Thread - 0] INFO  bucket.OMBucketCreateRequest (OMBucketCreateRequest.java:validateAndUpdateCache(260)) - created bucket: bucket86902 of layout LEGACY in volume: volume77843
]]></system-out>
  </testcase>
  <testcase name="testListStatusRootAndVolumeContinuation" classname="TestRootedOzoneFileSystem" time="0">
    <skipped type="org.junit.AssumptionViolatedException"><![CDATA[org.junit.AssumptionViolatedException: FS Path is enabled. Skipping this test as it is not tuned for FS Path yet
	at org.junit.Assume.assumeTrue(Assume.java:68)
	at org.apache.hadoop.fs.ozone.TestRootedOzoneFileSystem.testListStatusRootAndVolumeContinuation(TestRootedOzoneFileSystem.java:912)
	at sun.reflect.NativeMethodAccessorImpl.invoke0(Native Method)
	at sun.reflect.NativeMethodAccessorImpl.invoke(NativeMethodAccessorImpl.java:62)
	at sun.reflect.DelegatingMethodAccessorImpl.invoke(DelegatingMethodAccessorImpl.java:43)
	at java.lang.reflect.Method.invoke(Method.java:498)
	at org.junit.runners.model.FrameworkMethod$1.runReflectiveCall(FrameworkMethod.java:59)
	at org.junit.internal.runners.model.ReflectiveCallable.run(ReflectiveCallable.java:12)
	at org.junit.runners.model.FrameworkMethod.invokeExplosively(FrameworkMethod.java:56)
	at org.junit.internal.runners.statements.InvokeMethod.evaluate(InvokeMethod.java:17)
	at org.junit.internal.runners.statements.RunBefores.evaluate(RunBefores.java:26)
	at org.junit.internal.runners.statements.RunAfters.evaluate(RunAfters.java:27)
	at org.junit.internal.runners.statements.FailOnTimeout$CallableStatement.call(FailOnTimeout.java:288)
	at org.junit.internal.runners.statements.FailOnTimeout$CallableStatement.call(FailOnTimeout.java:282)
	at java.util.concurrent.FutureTask.run(FutureTask.java:266)
	at java.lang.Thread.run(Thread.java:750)
]]></skipped>
    <system-out><![CDATA[2022-07-02 07:22:24,116 [Time-limited test] INFO  rpc.RpcClient (RpcClient.java:createVolume(466)) - Creating Volume: volume50612, with user78232 as owner and space quota set to -1 bytes, counts quota set to -1
2022-07-02 07:22:24,118 [IPC Server handler 4 on default port 38347] INFO  volume.OMVolumeCreateRequest (OMVolumeCreateRequest.java:validateAndUpdateCache(195)) - created volume:volume50612 for user:user78232
2022-07-02 07:22:24,119 [Time-limited test] INFO  rpc.RpcClient (RpcClient.java:createBucket(669)) - Creating Bucket: volume50612/bucket30675, with bucket layout LEGACY, runner as owner, Versioning false, Storage Type set to DISK and Encryption set to false 
2022-07-02 07:22:24,120 [IPC Server handler 5 on default port 38347] INFO  bucket.OMBucketCreateRequest (OMBucketCreateRequest.java:validateAndUpdateCache(260)) - created bucket: bucket30675 of layout LEGACY in volume: volume50612
]]></system-out>
  </testcase>
  <testcase name="testListStatusRootAndVolumeContinuation" classname="TestRootedOzoneFileSystem" time="1.422">
    <system-out><![CDATA[2022-07-02 07:23:57,806 [Time-limited test] INFO  rpc.RpcClient (RpcClient.java:createVolume(466)) - Creating Volume: volume39899, with user01050 as owner and space quota set to -1 bytes, counts quota set to -1
2022-07-02 07:23:57,808 [OM StateMachine ApplyTransaction Thread - 0] INFO  volume.OMVolumeCreateRequest (OMVolumeCreateRequest.java:validateAndUpdateCache(195)) - created volume:volume39899 for user:user01050
2022-07-02 07:23:57,827 [Time-limited test] INFO  rpc.RpcClient (RpcClient.java:createBucket(669)) - Creating Bucket: volume39899/bucket50101, with bucket layout LEGACY, runner as owner, Versioning false, Storage Type set to DISK and Encryption set to false 
2022-07-02 07:23:57,829 [OM StateMachine ApplyTransaction Thread - 0] INFO  bucket.OMBucketCreateRequest (OMBucketCreateRequest.java:validateAndUpdateCache(260)) - created bucket: bucket50101 of layout LEGACY in volume: volume39899
07:23:57.831 [IPC Server handler 9 on default port 38259] ERROR OMAudit - user=runner | ip=127.0.0.1 | op=READ_BUCKET {volume=volume-05056, bucket=bucket-74365} | ret=FAILURE
org.apache.hadoop.ozone.om.exceptions.OMException: Volume not found when getting bucket info
	at org.apache.hadoop.ozone.om.BucketManagerImpl.getBucketInfo(BucketManagerImpl.java:127) ~[ozone-manager-1.3.0-SNAPSHOT.jar:?]
	at org.apache.hadoop.ozone.om.OzoneManager.getBucketInfo(OzoneManager.java:2778) ~[ozone-manager-1.3.0-SNAPSHOT.jar:?]
	at org.apache.hadoop.ozone.protocolPB.OzoneManagerRequestHandler.infoBucket(OzoneManagerRequestHandler.java:464) ~[ozone-manager-1.3.0-SNAPSHOT.jar:?]
	at org.apache.hadoop.ozone.protocolPB.OzoneManagerRequestHandler.handleReadRequest(OzoneManagerRequestHandler.java:172) ~[ozone-manager-1.3.0-SNAPSHOT.jar:?]
	at org.apache.hadoop.ozone.protocolPB.OzoneManagerProtocolServerSideTranslatorPB.submitReadRequestToOM(OzoneManagerProtocolServerSideTranslatorPB.java:226) ~[ozone-manager-1.3.0-SNAPSHOT.jar:?]
	at org.apache.hadoop.ozone.protocolPB.OzoneManagerProtocolServerSideTranslatorPB.processRequest(OzoneManagerProtocolServerSideTranslatorPB.java:175) ~[ozone-manager-1.3.0-SNAPSHOT.jar:?]
	at org.apache.hadoop.hdds.server.OzoneProtocolMessageDispatcher.processRequest(OzoneProtocolMessageDispatcher.java:87) [hdds-server-framework-1.3.0-SNAPSHOT.jar:?]
	at org.apache.hadoop.ozone.protocolPB.OzoneManagerProtocolServerSideTranslatorPB.submitRequest(OzoneManagerProtocolServerSideTranslatorPB.java:147) [ozone-manager-1.3.0-SNAPSHOT.jar:?]
	at org.apache.hadoop.ozone.protocol.proto.OzoneManagerProtocolProtos$OzoneManagerService$2.callBlockingMethod(OzoneManagerProtocolProtos.java) [ozone-interface-client-1.3.0-SNAPSHOT.jar:?]
	at org.apache.hadoop.ipc.ProtobufRpcEngine$Server.processCall(ProtobufRpcEngine.java:466) [hadoop-common-3.3.1.jar:?]
	at org.apache.hadoop.ipc.ProtobufRpcEngine2$Server$ProtoBufRpcInvoker.call(ProtobufRpcEngine2.java:574) [hadoop-common-3.3.1.jar:?]
	at org.apache.hadoop.ipc.ProtobufRpcEngine2$Server$ProtoBufRpcInvoker.call(ProtobufRpcEngine2.java:552) [hadoop-common-3.3.1.jar:?]
	at org.apache.hadoop.ipc.RPC$Server.call(RPC.java:1093) [hadoop-common-3.3.1.jar:?]
	at org.apache.hadoop.ipc.Server$RpcCall.run(Server.java:1035) [hadoop-common-3.3.1.jar:?]
	at org.apache.hadoop.ipc.Server$RpcCall.run(Server.java:963) [hadoop-common-3.3.1.jar:?]
	at java.security.AccessController.doPrivileged(Native Method) ~[?:1.8.0_332]
	at javax.security.auth.Subject.doAs(Subject.java:422) [?:1.8.0_332]
	at org.apache.hadoop.security.UserGroupInformation.doAs(UserGroupInformation.java:1878) [hadoop-common-3.3.1.jar:?]
	at org.apache.hadoop.ipc.Server$Handler.run(Server.java:2966) [hadoop-common-3.3.1.jar:?]
2022-07-02 07:23:57,831 [Time-limited test] INFO  rpc.RpcClient (RpcClient.java:createVolume(466)) - Creating Volume: volume-05056, with runner as owner and space quota set to -1 bytes, counts quota set to -1
2022-07-02 07:23:57,833 [OM StateMachine ApplyTransaction Thread - 0] INFO  volume.OMVolumeCreateRequest (OMVolumeCreateRequest.java:validateAndUpdateCache(195)) - created volume:volume-05056 for user:runner
2022-07-02 07:23:57,834 [Time-limited test] INFO  rpc.RpcClient (RpcClient.java:createBucket(669)) - Creating Bucket: volume-05056/bucket-74365, with bucket layout LEGACY, runner as owner, Versioning false, Storage Type set to DISK and Encryption set to false 
2022-07-02 07:23:57,835 [OM StateMachine ApplyTransaction Thread - 0] INFO  bucket.OMBucketCreateRequest (OMBucketCreateRequest.java:validateAndUpdateCache(260)) - created bucket: bucket-74365 of layout LEGACY in volume: volume-05056
07:23:58.083 [IPC Server handler 19 on default port 38259] ERROR OMAudit - user=runner | ip=127.0.0.1 | op=READ_BUCKET {volume=volume-22996, bucket=bucket-36932} | ret=FAILURE
org.apache.hadoop.ozone.om.exceptions.OMException: Volume not found when getting bucket info
	at org.apache.hadoop.ozone.om.BucketManagerImpl.getBucketInfo(BucketManagerImpl.java:127) ~[ozone-manager-1.3.0-SNAPSHOT.jar:?]
	at org.apache.hadoop.ozone.om.OzoneManager.getBucketInfo(OzoneManager.java:2778) ~[ozone-manager-1.3.0-SNAPSHOT.jar:?]
	at org.apache.hadoop.ozone.protocolPB.OzoneManagerRequestHandler.infoBucket(OzoneManagerRequestHandler.java:464) ~[ozone-manager-1.3.0-SNAPSHOT.jar:?]
	at org.apache.hadoop.ozone.protocolPB.OzoneManagerRequestHandler.handleReadRequest(OzoneManagerRequestHandler.java:172) ~[ozone-manager-1.3.0-SNAPSHOT.jar:?]
	at org.apache.hadoop.ozone.protocolPB.OzoneManagerProtocolServerSideTranslatorPB.submitReadRequestToOM(OzoneManagerProtocolServerSideTranslatorPB.java:226) ~[ozone-manager-1.3.0-SNAPSHOT.jar:?]
	at org.apache.hadoop.ozone.protocolPB.OzoneManagerProtocolServerSideTranslatorPB.processRequest(OzoneManagerProtocolServerSideTranslatorPB.java:175) ~[ozone-manager-1.3.0-SNAPSHOT.jar:?]
	at org.apache.hadoop.hdds.server.OzoneProtocolMessageDispatcher.processRequest(OzoneProtocolMessageDispatcher.java:87) [hdds-server-framework-1.3.0-SNAPSHOT.jar:?]
	at org.apache.hadoop.ozone.protocolPB.OzoneManagerProtocolServerSideTranslatorPB.submitRequest(OzoneManagerProtocolServerSideTranslatorPB.java:147) [ozone-manager-1.3.0-SNAPSHOT.jar:?]
	at org.apache.hadoop.ozone.protocol.proto.OzoneManagerProtocolProtos$OzoneManagerService$2.callBlockingMethod(OzoneManagerProtocolProtos.java) [ozone-interface-client-1.3.0-SNAPSHOT.jar:?]
	at org.apache.hadoop.ipc.ProtobufRpcEngine$Server.processCall(ProtobufRpcEngine.java:466) [hadoop-common-3.3.1.jar:?]
	at org.apache.hadoop.ipc.ProtobufRpcEngine2$Server$ProtoBufRpcInvoker.call(ProtobufRpcEngine2.java:574) [hadoop-common-3.3.1.jar:?]
	at org.apache.hadoop.ipc.ProtobufRpcEngine2$Server$ProtoBufRpcInvoker.call(ProtobufRpcEngine2.java:552) [hadoop-common-3.3.1.jar:?]
	at org.apache.hadoop.ipc.RPC$Server.call(RPC.java:1093) [hadoop-common-3.3.1.jar:?]
	at org.apache.hadoop.ipc.Server$RpcCall.run(Server.java:1035) [hadoop-common-3.3.1.jar:?]
	at org.apache.hadoop.ipc.Server$RpcCall.run(Server.java:963) [hadoop-common-3.3.1.jar:?]
	at java.security.AccessController.doPrivileged(Native Method) ~[?:1.8.0_332]
	at javax.security.auth.Subject.doAs(Subject.java:422) [?:1.8.0_332]
	at org.apache.hadoop.security.UserGroupInformation.doAs(UserGroupInformation.java:1878) [hadoop-common-3.3.1.jar:?]
	at org.apache.hadoop.ipc.Server$Handler.run(Server.java:2966) [hadoop-common-3.3.1.jar:?]
2022-07-02 07:23:58,083 [Time-limited test] INFO  rpc.RpcClient (RpcClient.java:createVolume(466)) - Creating Volume: volume-22996, with runner as owner and space quota set to -1 bytes, counts quota set to -1
2022-07-02 07:23:58,085 [OM StateMachine ApplyTransaction Thread - 0] INFO  volume.OMVolumeCreateRequest (OMVolumeCreateRequest.java:validateAndUpdateCache(195)) - created volume:volume-22996 for user:runner
2022-07-02 07:23:58,086 [Time-limited test] INFO  rpc.RpcClient (RpcClient.java:createBucket(669)) - Creating Bucket: volume-22996/bucket-36932, with bucket layout LEGACY, runner as owner, Versioning false, Storage Type set to DISK and Encryption set to false 
2022-07-02 07:23:58,087 [OM StateMachine ApplyTransaction Thread - 0] INFO  bucket.OMBucketCreateRequest (OMBucketCreateRequest.java:validateAndUpdateCache(260)) - created bucket: bucket-36932 of layout LEGACY in volume: volume-22996
07:23:58.322 [IPC Server handler 7 on default port 38259] ERROR OMAudit - user=runner | ip=127.0.0.1 | op=READ_BUCKET {volume=volume-36266, bucket=bucket-84062} | ret=FAILURE
org.apache.hadoop.ozone.om.exceptions.OMException: Volume not found when getting bucket info
	at org.apache.hadoop.ozone.om.BucketManagerImpl.getBucketInfo(BucketManagerImpl.java:127) ~[ozone-manager-1.3.0-SNAPSHOT.jar:?]
	at org.apache.hadoop.ozone.om.OzoneManager.getBucketInfo(OzoneManager.java:2778) ~[ozone-manager-1.3.0-SNAPSHOT.jar:?]
	at org.apache.hadoop.ozone.protocolPB.OzoneManagerRequestHandler.infoBucket(OzoneManagerRequestHandler.java:464) ~[ozone-manager-1.3.0-SNAPSHOT.jar:?]
	at org.apache.hadoop.ozone.protocolPB.OzoneManagerRequestHandler.handleReadRequest(OzoneManagerRequestHandler.java:172) ~[ozone-manager-1.3.0-SNAPSHOT.jar:?]
	at org.apache.hadoop.ozone.protocolPB.OzoneManagerProtocolServerSideTranslatorPB.submitReadRequestToOM(OzoneManagerProtocolServerSideTranslatorPB.java:226) ~[ozone-manager-1.3.0-SNAPSHOT.jar:?]
	at org.apache.hadoop.ozone.protocolPB.OzoneManagerProtocolServerSideTranslatorPB.processRequest(OzoneManagerProtocolServerSideTranslatorPB.java:175) ~[ozone-manager-1.3.0-SNAPSHOT.jar:?]
	at org.apache.hadoop.hdds.server.OzoneProtocolMessageDispatcher.processRequest(OzoneProtocolMessageDispatcher.java:87) [hdds-server-framework-1.3.0-SNAPSHOT.jar:?]
	at org.apache.hadoop.ozone.protocolPB.OzoneManagerProtocolServerSideTranslatorPB.submitRequest(OzoneManagerProtocolServerSideTranslatorPB.java:147) [ozone-manager-1.3.0-SNAPSHOT.jar:?]
	at org.apache.hadoop.ozone.protocol.proto.OzoneManagerProtocolProtos$OzoneManagerService$2.callBlockingMethod(OzoneManagerProtocolProtos.java) [ozone-interface-client-1.3.0-SNAPSHOT.jar:?]
	at org.apache.hadoop.ipc.ProtobufRpcEngine$Server.processCall(ProtobufRpcEngine.java:466) [hadoop-common-3.3.1.jar:?]
	at org.apache.hadoop.ipc.ProtobufRpcEngine2$Server$ProtoBufRpcInvoker.call(ProtobufRpcEngine2.java:574) [hadoop-common-3.3.1.jar:?]
	at org.apache.hadoop.ipc.ProtobufRpcEngine2$Server$ProtoBufRpcInvoker.call(ProtobufRpcEngine2.java:552) [hadoop-common-3.3.1.jar:?]
	at org.apache.hadoop.ipc.RPC$Server.call(RPC.java:1093) [hadoop-common-3.3.1.jar:?]
	at org.apache.hadoop.ipc.Server$RpcCall.run(Server.java:1035) [hadoop-common-3.3.1.jar:?]
	at org.apache.hadoop.ipc.Server$RpcCall.run(Server.java:963) [hadoop-common-3.3.1.jar:?]
	at java.security.AccessController.doPrivileged(Native Method) ~[?:1.8.0_332]
	at javax.security.auth.Subject.doAs(Subject.java:422) [?:1.8.0_332]
	at org.apache.hadoop.security.UserGroupInformation.doAs(UserGroupInformation.java:1878) [hadoop-common-3.3.1.jar:?]
	at org.apache.hadoop.ipc.Server$Handler.run(Server.java:2966) [hadoop-common-3.3.1.jar:?]
2022-07-02 07:23:58,322 [Time-limited test] INFO  rpc.RpcClient (RpcClient.java:createVolume(466)) - Creating Volume: volume-36266, with runner as owner and space quota set to -1 bytes, counts quota set to -1
2022-07-02 07:23:58,328 [OM StateMachine ApplyTransaction Thread - 0] INFO  volume.OMVolumeCreateRequest (OMVolumeCreateRequest.java:validateAndUpdateCache(195)) - created volume:volume-36266 for user:runner
2022-07-02 07:23:58,329 [Time-limited test] INFO  rpc.RpcClient (RpcClient.java:createBucket(669)) - Creating Bucket: volume-36266/bucket-84062, with bucket layout LEGACY, runner as owner, Versioning false, Storage Type set to DISK and Encryption set to false 
2022-07-02 07:23:58,336 [OM StateMachine ApplyTransaction Thread - 0] INFO  bucket.OMBucketCreateRequest (OMBucketCreateRequest.java:validateAndUpdateCache(260)) - created bucket: bucket-84062 of layout LEGACY in volume: volume-36266
07:23:58.576 [IPC Server handler 0 on default port 38259] ERROR OMAudit - user=runner | ip=127.0.0.1 | op=READ_BUCKET {volume=volume-30672, bucket=bucket-68299} | ret=FAILURE
org.apache.hadoop.ozone.om.exceptions.OMException: Volume not found when getting bucket info
	at org.apache.hadoop.ozone.om.BucketManagerImpl.getBucketInfo(BucketManagerImpl.java:127) ~[ozone-manager-1.3.0-SNAPSHOT.jar:?]
	at org.apache.hadoop.ozone.om.OzoneManager.getBucketInfo(OzoneManager.java:2778) ~[ozone-manager-1.3.0-SNAPSHOT.jar:?]
	at org.apache.hadoop.ozone.protocolPB.OzoneManagerRequestHandler.infoBucket(OzoneManagerRequestHandler.java:464) ~[ozone-manager-1.3.0-SNAPSHOT.jar:?]
	at org.apache.hadoop.ozone.protocolPB.OzoneManagerRequestHandler.handleReadRequest(OzoneManagerRequestHandler.java:172) ~[ozone-manager-1.3.0-SNAPSHOT.jar:?]
	at org.apache.hadoop.ozone.protocolPB.OzoneManagerProtocolServerSideTranslatorPB.submitReadRequestToOM(OzoneManagerProtocolServerSideTranslatorPB.java:226) ~[ozone-manager-1.3.0-SNAPSHOT.jar:?]
	at org.apache.hadoop.ozone.protocolPB.OzoneManagerProtocolServerSideTranslatorPB.processRequest(OzoneManagerProtocolServerSideTranslatorPB.java:175) ~[ozone-manager-1.3.0-SNAPSHOT.jar:?]
	at org.apache.hadoop.hdds.server.OzoneProtocolMessageDispatcher.processRequest(OzoneProtocolMessageDispatcher.java:87) [hdds-server-framework-1.3.0-SNAPSHOT.jar:?]
	at org.apache.hadoop.ozone.protocolPB.OzoneManagerProtocolServerSideTranslatorPB.submitRequest(OzoneManagerProtocolServerSideTranslatorPB.java:147) [ozone-manager-1.3.0-SNAPSHOT.jar:?]
	at org.apache.hadoop.ozone.protocol.proto.OzoneManagerProtocolProtos$OzoneManagerService$2.callBlockingMethod(OzoneManagerProtocolProtos.java) [ozone-interface-client-1.3.0-SNAPSHOT.jar:?]
	at org.apache.hadoop.ipc.ProtobufRpcEngine$Server.processCall(ProtobufRpcEngine.java:466) [hadoop-common-3.3.1.jar:?]
	at org.apache.hadoop.ipc.ProtobufRpcEngine2$Server$ProtoBufRpcInvoker.call(ProtobufRpcEngine2.java:574) [hadoop-common-3.3.1.jar:?]
	at org.apache.hadoop.ipc.ProtobufRpcEngine2$Server$ProtoBufRpcInvoker.call(ProtobufRpcEngine2.java:552) [hadoop-common-3.3.1.jar:?]
	at org.apache.hadoop.ipc.RPC$Server.call(RPC.java:1093) [hadoop-common-3.3.1.jar:?]
	at org.apache.hadoop.ipc.Server$RpcCall.run(Server.java:1035) [hadoop-common-3.3.1.jar:?]
	at org.apache.hadoop.ipc.Server$RpcCall.run(Server.java:963) [hadoop-common-3.3.1.jar:?]
	at java.security.AccessController.doPrivileged(Native Method) ~[?:1.8.0_332]
	at javax.security.auth.Subject.doAs(Subject.java:422) [?:1.8.0_332]
	at org.apache.hadoop.security.UserGroupInformation.doAs(UserGroupInformation.java:1878) [hadoop-common-3.3.1.jar:?]
	at org.apache.hadoop.ipc.Server$Handler.run(Server.java:2966) [hadoop-common-3.3.1.jar:?]
2022-07-02 07:23:58,576 [Time-limited test] INFO  rpc.RpcClient (RpcClient.java:createVolume(466)) - Creating Volume: volume-30672, with runner as owner and space quota set to -1 bytes, counts quota set to -1
2022-07-02 07:23:58,577 [OM StateMachine ApplyTransaction Thread - 0] INFO  volume.OMVolumeCreateRequest (OMVolumeCreateRequest.java:validateAndUpdateCache(195)) - created volume:volume-30672 for user:runner
2022-07-02 07:23:58,578 [Time-limited test] INFO  rpc.RpcClient (RpcClient.java:createBucket(669)) - Creating Bucket: volume-30672/bucket-68299, with bucket layout LEGACY, runner as owner, Versioning false, Storage Type set to DISK and Encryption set to false 
2022-07-02 07:23:58,580 [OM StateMachine ApplyTransaction Thread - 0] INFO  bucket.OMBucketCreateRequest (OMBucketCreateRequest.java:validateAndUpdateCache(260)) - created bucket: bucket-68299 of layout LEGACY in volume: volume-30672
07:23:58.762 [IPC Server handler 16 on default port 38259] ERROR OMAudit - user=runner | ip=127.0.0.1 | op=READ_BUCKET {volume=volume-89338, bucket=bucket-34639} | ret=FAILURE
org.apache.hadoop.ozone.om.exceptions.OMException: Volume not found when getting bucket info
	at org.apache.hadoop.ozone.om.BucketManagerImpl.getBucketInfo(BucketManagerImpl.java:127) ~[ozone-manager-1.3.0-SNAPSHOT.jar:?]
	at org.apache.hadoop.ozone.om.OzoneManager.getBucketInfo(OzoneManager.java:2778) ~[ozone-manager-1.3.0-SNAPSHOT.jar:?]
	at org.apache.hadoop.ozone.protocolPB.OzoneManagerRequestHandler.infoBucket(OzoneManagerRequestHandler.java:464) ~[ozone-manager-1.3.0-SNAPSHOT.jar:?]
	at org.apache.hadoop.ozone.protocolPB.OzoneManagerRequestHandler.handleReadRequest(OzoneManagerRequestHandler.java:172) ~[ozone-manager-1.3.0-SNAPSHOT.jar:?]
	at org.apache.hadoop.ozone.protocolPB.OzoneManagerProtocolServerSideTranslatorPB.submitReadRequestToOM(OzoneManagerProtocolServerSideTranslatorPB.java:226) ~[ozone-manager-1.3.0-SNAPSHOT.jar:?]
	at org.apache.hadoop.ozone.protocolPB.OzoneManagerProtocolServerSideTranslatorPB.processRequest(OzoneManagerProtocolServerSideTranslatorPB.java:175) ~[ozone-manager-1.3.0-SNAPSHOT.jar:?]
	at org.apache.hadoop.hdds.server.OzoneProtocolMessageDispatcher.processRequest(OzoneProtocolMessageDispatcher.java:87) [hdds-server-framework-1.3.0-SNAPSHOT.jar:?]
	at org.apache.hadoop.ozone.protocolPB.OzoneManagerProtocolServerSideTranslatorPB.submitRequest(OzoneManagerProtocolServerSideTranslatorPB.java:147) [ozone-manager-1.3.0-SNAPSHOT.jar:?]
	at org.apache.hadoop.ozone.protocol.proto.OzoneManagerProtocolProtos$OzoneManagerService$2.callBlockingMethod(OzoneManagerProtocolProtos.java) [ozone-interface-client-1.3.0-SNAPSHOT.jar:?]
	at org.apache.hadoop.ipc.ProtobufRpcEngine$Server.processCall(ProtobufRpcEngine.java:466) [hadoop-common-3.3.1.jar:?]
	at org.apache.hadoop.ipc.ProtobufRpcEngine2$Server$ProtoBufRpcInvoker.call(ProtobufRpcEngine2.java:574) [hadoop-common-3.3.1.jar:?]
	at org.apache.hadoop.ipc.ProtobufRpcEngine2$Server$ProtoBufRpcInvoker.call(ProtobufRpcEngine2.java:552) [hadoop-common-3.3.1.jar:?]
	at org.apache.hadoop.ipc.RPC$Server.call(RPC.java:1093) [hadoop-common-3.3.1.jar:?]
	at org.apache.hadoop.ipc.Server$RpcCall.run(Server.java:1035) [hadoop-common-3.3.1.jar:?]
	at org.apache.hadoop.ipc.Server$RpcCall.run(Server.java:963) [hadoop-common-3.3.1.jar:?]
	at java.security.AccessController.doPrivileged(Native Method) ~[?:1.8.0_332]
	at javax.security.auth.Subject.doAs(Subject.java:422) [?:1.8.0_332]
	at org.apache.hadoop.security.UserGroupInformation.doAs(UserGroupInformation.java:1878) [hadoop-common-3.3.1.jar:?]
	at org.apache.hadoop.ipc.Server$Handler.run(Server.java:2966) [hadoop-common-3.3.1.jar:?]
2022-07-02 07:23:58,763 [Time-limited test] INFO  rpc.RpcClient (RpcClient.java:createVolume(466)) - Creating Volume: volume-89338, with runner as owner and space quota set to -1 bytes, counts quota set to -1
2022-07-02 07:23:58,764 [OM StateMachine ApplyTransaction Thread - 0] INFO  volume.OMVolumeCreateRequest (OMVolumeCreateRequest.java:validateAndUpdateCache(195)) - created volume:volume-89338 for user:runner
2022-07-02 07:23:58,780 [Time-limited test] INFO  rpc.RpcClient (RpcClient.java:createBucket(669)) - Creating Bucket: volume-89338/bucket-34639, with bucket layout LEGACY, runner as owner, Versioning false, Storage Type set to DISK and Encryption set to false 
2022-07-02 07:23:58,782 [OM StateMachine ApplyTransaction Thread - 0] INFO  bucket.OMBucketCreateRequest (OMBucketCreateRequest.java:validateAndUpdateCache(260)) - created bucket: bucket-34639 of layout LEGACY in volume: volume-89338
]]></system-out>
  </testcase>
  <testcase name="testListStatusRootAndVolumeContinuation" classname="TestRootedOzoneFileSystem" time="1.527">
    <system-out><![CDATA[2022-07-02 07:25:29,028 [Time-limited test] INFO  rpc.RpcClient (RpcClient.java:createVolume(466)) - Creating Volume: volume17108, with user46664 as owner and space quota set to -1 bytes, counts quota set to -1
2022-07-02 07:25:29,036 [IPC Server handler 12 on default port 43657] INFO  volume.OMVolumeCreateRequest (OMVolumeCreateRequest.java:validateAndUpdateCache(195)) - created volume:volume17108 for user:user46664
2022-07-02 07:25:29,044 [Time-limited test] INFO  rpc.RpcClient (RpcClient.java:createBucket(669)) - Creating Bucket: volume17108/bucket63741, with bucket layout LEGACY, runner as owner, Versioning false, Storage Type set to DISK and Encryption set to false 
2022-07-02 07:25:29,049 [IPC Server handler 14 on default port 43657] INFO  bucket.OMBucketCreateRequest (OMBucketCreateRequest.java:validateAndUpdateCache(260)) - created bucket: bucket63741 of layout LEGACY in volume: volume17108
07:25:29.050 [IPC Server handler 17 on default port 43657] ERROR OMAudit - user=runner | ip=127.0.0.1 | op=READ_BUCKET {volume=volume-33398, bucket=bucket-90721} | ret=FAILURE
org.apache.hadoop.ozone.om.exceptions.OMException: Volume not found when getting bucket info
	at org.apache.hadoop.ozone.om.BucketManagerImpl.getBucketInfo(BucketManagerImpl.java:127) ~[ozone-manager-1.3.0-SNAPSHOT.jar:?]
	at org.apache.hadoop.ozone.om.OzoneManager.getBucketInfo(OzoneManager.java:2778) ~[ozone-manager-1.3.0-SNAPSHOT.jar:?]
	at org.apache.hadoop.ozone.protocolPB.OzoneManagerRequestHandler.infoBucket(OzoneManagerRequestHandler.java:464) ~[ozone-manager-1.3.0-SNAPSHOT.jar:?]
	at org.apache.hadoop.ozone.protocolPB.OzoneManagerRequestHandler.handleReadRequest(OzoneManagerRequestHandler.java:172) ~[ozone-manager-1.3.0-SNAPSHOT.jar:?]
	at org.apache.hadoop.ozone.protocolPB.OzoneManagerProtocolServerSideTranslatorPB.submitRequestDirectlyToOM(OzoneManagerProtocolServerSideTranslatorPB.java:276) ~[ozone-manager-1.3.0-SNAPSHOT.jar:?]
	at org.apache.hadoop.ozone.protocolPB.OzoneManagerProtocolServerSideTranslatorPB.processRequest(OzoneManagerProtocolServerSideTranslatorPB.java:205) ~[ozone-manager-1.3.0-SNAPSHOT.jar:?]
	at org.apache.hadoop.hdds.server.OzoneProtocolMessageDispatcher.processRequest(OzoneProtocolMessageDispatcher.java:87) [hdds-server-framework-1.3.0-SNAPSHOT.jar:?]
	at org.apache.hadoop.ozone.protocolPB.OzoneManagerProtocolServerSideTranslatorPB.submitRequest(OzoneManagerProtocolServerSideTranslatorPB.java:147) [ozone-manager-1.3.0-SNAPSHOT.jar:?]
	at org.apache.hadoop.ozone.protocol.proto.OzoneManagerProtocolProtos$OzoneManagerService$2.callBlockingMethod(OzoneManagerProtocolProtos.java) [ozone-interface-client-1.3.0-SNAPSHOT.jar:?]
	at org.apache.hadoop.ipc.ProtobufRpcEngine$Server.processCall(ProtobufRpcEngine.java:466) [hadoop-common-3.3.1.jar:?]
	at org.apache.hadoop.ipc.ProtobufRpcEngine2$Server$ProtoBufRpcInvoker.call(ProtobufRpcEngine2.java:574) [hadoop-common-3.3.1.jar:?]
	at org.apache.hadoop.ipc.ProtobufRpcEngine2$Server$ProtoBufRpcInvoker.call(ProtobufRpcEngine2.java:552) [hadoop-common-3.3.1.jar:?]
	at org.apache.hadoop.ipc.RPC$Server.call(RPC.java:1093) [hadoop-common-3.3.1.jar:?]
	at org.apache.hadoop.ipc.Server$RpcCall.run(Server.java:1035) [hadoop-common-3.3.1.jar:?]
	at org.apache.hadoop.ipc.Server$RpcCall.run(Server.java:963) [hadoop-common-3.3.1.jar:?]
	at java.security.AccessController.doPrivileged(Native Method) ~[?:1.8.0_332]
	at javax.security.auth.Subject.doAs(Subject.java:422) [?:1.8.0_332]
	at org.apache.hadoop.security.UserGroupInformation.doAs(UserGroupInformation.java:1878) [hadoop-common-3.3.1.jar:?]
	at org.apache.hadoop.ipc.Server$Handler.run(Server.java:2966) [hadoop-common-3.3.1.jar:?]
2022-07-02 07:25:29,051 [Time-limited test] INFO  rpc.RpcClient (RpcClient.java:createVolume(466)) - Creating Volume: volume-33398, with runner as owner and space quota set to -1 bytes, counts quota set to -1
2022-07-02 07:25:29,051 [IPC Server handler 2 on default port 43657] INFO  volume.OMVolumeCreateRequest (OMVolumeCreateRequest.java:validateAndUpdateCache(195)) - created volume:volume-33398 for user:runner
2022-07-02 07:25:29,052 [Time-limited test] INFO  rpc.RpcClient (RpcClient.java:createBucket(669)) - Creating Bucket: volume-33398/bucket-90721, with bucket layout LEGACY, runner as owner, Versioning false, Storage Type set to DISK and Encryption set to false 
2022-07-02 07:25:29,053 [IPC Server handler 0 on default port 43657] INFO  bucket.OMBucketCreateRequest (OMBucketCreateRequest.java:validateAndUpdateCache(260)) - created bucket: bucket-90721 of layout LEGACY in volume: volume-33398
07:25:29.296 [IPC Server handler 10 on default port 43657] ERROR OMAudit - user=runner | ip=127.0.0.1 | op=READ_BUCKET {volume=volume-77692, bucket=bucket-86820} | ret=FAILURE
org.apache.hadoop.ozone.om.exceptions.OMException: Volume not found when getting bucket info
	at org.apache.hadoop.ozone.om.BucketManagerImpl.getBucketInfo(BucketManagerImpl.java:127) ~[ozone-manager-1.3.0-SNAPSHOT.jar:?]
	at org.apache.hadoop.ozone.om.OzoneManager.getBucketInfo(OzoneManager.java:2778) ~[ozone-manager-1.3.0-SNAPSHOT.jar:?]
	at org.apache.hadoop.ozone.protocolPB.OzoneManagerRequestHandler.infoBucket(OzoneManagerRequestHandler.java:464) ~[ozone-manager-1.3.0-SNAPSHOT.jar:?]
	at org.apache.hadoop.ozone.protocolPB.OzoneManagerRequestHandler.handleReadRequest(OzoneManagerRequestHandler.java:172) ~[ozone-manager-1.3.0-SNAPSHOT.jar:?]
	at org.apache.hadoop.ozone.protocolPB.OzoneManagerProtocolServerSideTranslatorPB.submitRequestDirectlyToOM(OzoneManagerProtocolServerSideTranslatorPB.java:276) ~[ozone-manager-1.3.0-SNAPSHOT.jar:?]
	at org.apache.hadoop.ozone.protocolPB.OzoneManagerProtocolServerSideTranslatorPB.processRequest(OzoneManagerProtocolServerSideTranslatorPB.java:205) ~[ozone-manager-1.3.0-SNAPSHOT.jar:?]
	at org.apache.hadoop.hdds.server.OzoneProtocolMessageDispatcher.processRequest(OzoneProtocolMessageDispatcher.java:87) [hdds-server-framework-1.3.0-SNAPSHOT.jar:?]
	at org.apache.hadoop.ozone.protocolPB.OzoneManagerProtocolServerSideTranslatorPB.submitRequest(OzoneManagerProtocolServerSideTranslatorPB.java:147) [ozone-manager-1.3.0-SNAPSHOT.jar:?]
	at org.apache.hadoop.ozone.protocol.proto.OzoneManagerProtocolProtos$OzoneManagerService$2.callBlockingMethod(OzoneManagerProtocolProtos.java) [ozone-interface-client-1.3.0-SNAPSHOT.jar:?]
	at org.apache.hadoop.ipc.ProtobufRpcEngine$Server.processCall(ProtobufRpcEngine.java:466) [hadoop-common-3.3.1.jar:?]
	at org.apache.hadoop.ipc.ProtobufRpcEngine2$Server$ProtoBufRpcInvoker.call(ProtobufRpcEngine2.java:574) [hadoop-common-3.3.1.jar:?]
	at org.apache.hadoop.ipc.ProtobufRpcEngine2$Server$ProtoBufRpcInvoker.call(ProtobufRpcEngine2.java:552) [hadoop-common-3.3.1.jar:?]
	at org.apache.hadoop.ipc.RPC$Server.call(RPC.java:1093) [hadoop-common-3.3.1.jar:?]
	at org.apache.hadoop.ipc.Server$RpcCall.run(Server.java:1035) [hadoop-common-3.3.1.jar:?]
	at org.apache.hadoop.ipc.Server$RpcCall.run(Server.java:963) [hadoop-common-3.3.1.jar:?]
	at java.security.AccessController.doPrivileged(Native Method) ~[?:1.8.0_332]
	at javax.security.auth.Subject.doAs(Subject.java:422) [?:1.8.0_332]
	at org.apache.hadoop.security.UserGroupInformation.doAs(UserGroupInformation.java:1878) [hadoop-common-3.3.1.jar:?]
	at org.apache.hadoop.ipc.Server$Handler.run(Server.java:2966) [hadoop-common-3.3.1.jar:?]
2022-07-02 07:25:29,296 [Time-limited test] INFO  rpc.RpcClient (RpcClient.java:createVolume(466)) - Creating Volume: volume-77692, with runner as owner and space quota set to -1 bytes, counts quota set to -1
2022-07-02 07:25:29,297 [IPC Server handler 12 on default port 43657] INFO  volume.OMVolumeCreateRequest (OMVolumeCreateRequest.java:validateAndUpdateCache(195)) - created volume:volume-77692 for user:runner
2022-07-02 07:25:29,298 [Time-limited test] INFO  rpc.RpcClient (RpcClient.java:createBucket(669)) - Creating Bucket: volume-77692/bucket-86820, with bucket layout LEGACY, runner as owner, Versioning false, Storage Type set to DISK and Encryption set to false 
2022-07-02 07:25:29,298 [IPC Server handler 14 on default port 43657] INFO  bucket.OMBucketCreateRequest (OMBucketCreateRequest.java:validateAndUpdateCache(260)) - created bucket: bucket-86820 of layout LEGACY in volume: volume-77692
07:25:29.488 [IPC Server handler 3 on default port 43657] ERROR OMAudit - user=runner | ip=127.0.0.1 | op=READ_BUCKET {volume=volume-32833, bucket=bucket-56913} | ret=FAILURE
org.apache.hadoop.ozone.om.exceptions.OMException: Volume not found when getting bucket info
	at org.apache.hadoop.ozone.om.BucketManagerImpl.getBucketInfo(BucketManagerImpl.java:127) ~[ozone-manager-1.3.0-SNAPSHOT.jar:?]
	at org.apache.hadoop.ozone.om.OzoneManager.getBucketInfo(OzoneManager.java:2778) ~[ozone-manager-1.3.0-SNAPSHOT.jar:?]
	at org.apache.hadoop.ozone.protocolPB.OzoneManagerRequestHandler.infoBucket(OzoneManagerRequestHandler.java:464) ~[ozone-manager-1.3.0-SNAPSHOT.jar:?]
	at org.apache.hadoop.ozone.protocolPB.OzoneManagerRequestHandler.handleReadRequest(OzoneManagerRequestHandler.java:172) ~[ozone-manager-1.3.0-SNAPSHOT.jar:?]
	at org.apache.hadoop.ozone.protocolPB.OzoneManagerProtocolServerSideTranslatorPB.submitRequestDirectlyToOM(OzoneManagerProtocolServerSideTranslatorPB.java:276) ~[ozone-manager-1.3.0-SNAPSHOT.jar:?]
	at org.apache.hadoop.ozone.protocolPB.OzoneManagerProtocolServerSideTranslatorPB.processRequest(OzoneManagerProtocolServerSideTranslatorPB.java:205) ~[ozone-manager-1.3.0-SNAPSHOT.jar:?]
	at org.apache.hadoop.hdds.server.OzoneProtocolMessageDispatcher.processRequest(OzoneProtocolMessageDispatcher.java:87) [hdds-server-framework-1.3.0-SNAPSHOT.jar:?]
	at org.apache.hadoop.ozone.protocolPB.OzoneManagerProtocolServerSideTranslatorPB.submitRequest(OzoneManagerProtocolServerSideTranslatorPB.java:147) [ozone-manager-1.3.0-SNAPSHOT.jar:?]
	at org.apache.hadoop.ozone.protocol.proto.OzoneManagerProtocolProtos$OzoneManagerService$2.callBlockingMethod(OzoneManagerProtocolProtos.java) [ozone-interface-client-1.3.0-SNAPSHOT.jar:?]
	at org.apache.hadoop.ipc.ProtobufRpcEngine$Server.processCall(ProtobufRpcEngine.java:466) [hadoop-common-3.3.1.jar:?]
	at org.apache.hadoop.ipc.ProtobufRpcEngine2$Server$ProtoBufRpcInvoker.call(ProtobufRpcEngine2.java:574) [hadoop-common-3.3.1.jar:?]
	at org.apache.hadoop.ipc.ProtobufRpcEngine2$Server$ProtoBufRpcInvoker.call(ProtobufRpcEngine2.java:552) [hadoop-common-3.3.1.jar:?]
	at org.apache.hadoop.ipc.RPC$Server.call(RPC.java:1093) [hadoop-common-3.3.1.jar:?]
	at org.apache.hadoop.ipc.Server$RpcCall.run(Server.java:1035) [hadoop-common-3.3.1.jar:?]
	at org.apache.hadoop.ipc.Server$RpcCall.run(Server.java:963) [hadoop-common-3.3.1.jar:?]
	at java.security.AccessController.doPrivileged(Native Method) ~[?:1.8.0_332]
	at javax.security.auth.Subject.doAs(Subject.java:422) [?:1.8.0_332]
	at org.apache.hadoop.security.UserGroupInformation.doAs(UserGroupInformation.java:1878) [hadoop-common-3.3.1.jar:?]
	at org.apache.hadoop.ipc.Server$Handler.run(Server.java:2966) [hadoop-common-3.3.1.jar:?]
2022-07-02 07:25:29,489 [Time-limited test] INFO  rpc.RpcClient (RpcClient.java:createVolume(466)) - Creating Volume: volume-32833, with runner as owner and space quota set to -1 bytes, counts quota set to -1
2022-07-02 07:25:29,489 [IPC Server handler 4 on default port 43657] INFO  volume.OMVolumeCreateRequest (OMVolumeCreateRequest.java:validateAndUpdateCache(195)) - created volume:volume-32833 for user:runner
2022-07-02 07:25:29,495 [Time-limited test] INFO  rpc.RpcClient (RpcClient.java:createBucket(669)) - Creating Bucket: volume-32833/bucket-56913, with bucket layout LEGACY, runner as owner, Versioning false, Storage Type set to DISK and Encryption set to false 
2022-07-02 07:25:29,496 [IPC Server handler 6 on default port 43657] INFO  bucket.OMBucketCreateRequest (OMBucketCreateRequest.java:validateAndUpdateCache(260)) - created bucket: bucket-56913 of layout LEGACY in volume: volume-32833
07:25:29.777 [IPC Server handler 1 on default port 43657] ERROR OMAudit - user=runner | ip=127.0.0.1 | op=READ_BUCKET {volume=volume-57436, bucket=bucket-05196} | ret=FAILURE
org.apache.hadoop.ozone.om.exceptions.OMException: Volume not found when getting bucket info
	at org.apache.hadoop.ozone.om.BucketManagerImpl.getBucketInfo(BucketManagerImpl.java:127) ~[ozone-manager-1.3.0-SNAPSHOT.jar:?]
	at org.apache.hadoop.ozone.om.OzoneManager.getBucketInfo(OzoneManager.java:2778) ~[ozone-manager-1.3.0-SNAPSHOT.jar:?]
	at org.apache.hadoop.ozone.protocolPB.OzoneManagerRequestHandler.infoBucket(OzoneManagerRequestHandler.java:464) ~[ozone-manager-1.3.0-SNAPSHOT.jar:?]
	at org.apache.hadoop.ozone.protocolPB.OzoneManagerRequestHandler.handleReadRequest(OzoneManagerRequestHandler.java:172) ~[ozone-manager-1.3.0-SNAPSHOT.jar:?]
	at org.apache.hadoop.ozone.protocolPB.OzoneManagerProtocolServerSideTranslatorPB.submitRequestDirectlyToOM(OzoneManagerProtocolServerSideTranslatorPB.java:276) ~[ozone-manager-1.3.0-SNAPSHOT.jar:?]
	at org.apache.hadoop.ozone.protocolPB.OzoneManagerProtocolServerSideTranslatorPB.processRequest(OzoneManagerProtocolServerSideTranslatorPB.java:205) ~[ozone-manager-1.3.0-SNAPSHOT.jar:?]
	at org.apache.hadoop.hdds.server.OzoneProtocolMessageDispatcher.processRequest(OzoneProtocolMessageDispatcher.java:87) [hdds-server-framework-1.3.0-SNAPSHOT.jar:?]
	at org.apache.hadoop.ozone.protocolPB.OzoneManagerProtocolServerSideTranslatorPB.submitRequest(OzoneManagerProtocolServerSideTranslatorPB.java:147) [ozone-manager-1.3.0-SNAPSHOT.jar:?]
	at org.apache.hadoop.ozone.protocol.proto.OzoneManagerProtocolProtos$OzoneManagerService$2.callBlockingMethod(OzoneManagerProtocolProtos.java) [ozone-interface-client-1.3.0-SNAPSHOT.jar:?]
	at org.apache.hadoop.ipc.ProtobufRpcEngine$Server.processCall(ProtobufRpcEngine.java:466) [hadoop-common-3.3.1.jar:?]
	at org.apache.hadoop.ipc.ProtobufRpcEngine2$Server$ProtoBufRpcInvoker.call(ProtobufRpcEngine2.java:574) [hadoop-common-3.3.1.jar:?]
	at org.apache.hadoop.ipc.ProtobufRpcEngine2$Server$ProtoBufRpcInvoker.call(ProtobufRpcEngine2.java:552) [hadoop-common-3.3.1.jar:?]
	at org.apache.hadoop.ipc.RPC$Server.call(RPC.java:1093) [hadoop-common-3.3.1.jar:?]
	at org.apache.hadoop.ipc.Server$RpcCall.run(Server.java:1035) [hadoop-common-3.3.1.jar:?]
	at org.apache.hadoop.ipc.Server$RpcCall.run(Server.java:963) [hadoop-common-3.3.1.jar:?]
	at java.security.AccessController.doPrivileged(Native Method) ~[?:1.8.0_332]
	at javax.security.auth.Subject.doAs(Subject.java:422) [?:1.8.0_332]
	at org.apache.hadoop.security.UserGroupInformation.doAs(UserGroupInformation.java:1878) [hadoop-common-3.3.1.jar:?]
	at org.apache.hadoop.ipc.Server$Handler.run(Server.java:2966) [hadoop-common-3.3.1.jar:?]
2022-07-02 07:25:29,777 [Time-limited test] INFO  rpc.RpcClient (RpcClient.java:createVolume(466)) - Creating Volume: volume-57436, with runner as owner and space quota set to -1 bytes, counts quota set to -1
2022-07-02 07:25:29,778 [IPC Server handler 0 on default port 43657] INFO  volume.OMVolumeCreateRequest (OMVolumeCreateRequest.java:validateAndUpdateCache(195)) - created volume:volume-57436 for user:runner
2022-07-02 07:25:29,784 [Time-limited test] INFO  rpc.RpcClient (RpcClient.java:createBucket(669)) - Creating Bucket: volume-57436/bucket-05196, with bucket layout LEGACY, runner as owner, Versioning false, Storage Type set to DISK and Encryption set to false 
2022-07-02 07:25:29,785 [IPC Server handler 18 on default port 43657] INFO  bucket.OMBucketCreateRequest (OMBucketCreateRequest.java:validateAndUpdateCache(260)) - created bucket: bucket-05196 of layout LEGACY in volume: volume-57436
07:25:29.900 [IPC Server handler 13 on default port 43657] ERROR OMAudit - user=runner | ip=127.0.0.1 | op=READ_BUCKET {volume=volume-51963, bucket=bucket-61041} | ret=FAILURE
org.apache.hadoop.ozone.om.exceptions.OMException: Volume not found when getting bucket info
	at org.apache.hadoop.ozone.om.BucketManagerImpl.getBucketInfo(BucketManagerImpl.java:127) ~[ozone-manager-1.3.0-SNAPSHOT.jar:?]
	at org.apache.hadoop.ozone.om.OzoneManager.getBucketInfo(OzoneManager.java:2778) ~[ozone-manager-1.3.0-SNAPSHOT.jar:?]
	at org.apache.hadoop.ozone.protocolPB.OzoneManagerRequestHandler.infoBucket(OzoneManagerRequestHandler.java:464) ~[ozone-manager-1.3.0-SNAPSHOT.jar:?]
	at org.apache.hadoop.ozone.protocolPB.OzoneManagerRequestHandler.handleReadRequest(OzoneManagerRequestHandler.java:172) ~[ozone-manager-1.3.0-SNAPSHOT.jar:?]
	at org.apache.hadoop.ozone.protocolPB.OzoneManagerProtocolServerSideTranslatorPB.submitRequestDirectlyToOM(OzoneManagerProtocolServerSideTranslatorPB.java:276) ~[ozone-manager-1.3.0-SNAPSHOT.jar:?]
	at org.apache.hadoop.ozone.protocolPB.OzoneManagerProtocolServerSideTranslatorPB.processRequest(OzoneManagerProtocolServerSideTranslatorPB.java:205) ~[ozone-manager-1.3.0-SNAPSHOT.jar:?]
	at org.apache.hadoop.hdds.server.OzoneProtocolMessageDispatcher.processRequest(OzoneProtocolMessageDispatcher.java:87) [hdds-server-framework-1.3.0-SNAPSHOT.jar:?]
	at org.apache.hadoop.ozone.protocolPB.OzoneManagerProtocolServerSideTranslatorPB.submitRequest(OzoneManagerProtocolServerSideTranslatorPB.java:147) [ozone-manager-1.3.0-SNAPSHOT.jar:?]
	at org.apache.hadoop.ozone.protocol.proto.OzoneManagerProtocolProtos$OzoneManagerService$2.callBlockingMethod(OzoneManagerProtocolProtos.java) [ozone-interface-client-1.3.0-SNAPSHOT.jar:?]
	at org.apache.hadoop.ipc.ProtobufRpcEngine$Server.processCall(ProtobufRpcEngine.java:466) [hadoop-common-3.3.1.jar:?]
	at org.apache.hadoop.ipc.ProtobufRpcEngine2$Server$ProtoBufRpcInvoker.call(ProtobufRpcEngine2.java:574) [hadoop-common-3.3.1.jar:?]
	at org.apache.hadoop.ipc.ProtobufRpcEngine2$Server$ProtoBufRpcInvoker.call(ProtobufRpcEngine2.java:552) [hadoop-common-3.3.1.jar:?]
	at org.apache.hadoop.ipc.RPC$Server.call(RPC.java:1093) [hadoop-common-3.3.1.jar:?]
	at org.apache.hadoop.ipc.Server$RpcCall.run(Server.java:1035) [hadoop-common-3.3.1.jar:?]
	at org.apache.hadoop.ipc.Server$RpcCall.run(Server.java:963) [hadoop-common-3.3.1.jar:?]
	at java.security.AccessController.doPrivileged(Native Method) ~[?:1.8.0_332]
	at javax.security.auth.Subject.doAs(Subject.java:422) [?:1.8.0_332]
	at org.apache.hadoop.security.UserGroupInformation.doAs(UserGroupInformation.java:1878) [hadoop-common-3.3.1.jar:?]
	at org.apache.hadoop.ipc.Server$Handler.run(Server.java:2966) [hadoop-common-3.3.1.jar:?]
2022-07-02 07:25:29,901 [Time-limited test] INFO  rpc.RpcClient (RpcClient.java:createVolume(466)) - Creating Volume: volume-51963, with runner as owner and space quota set to -1 bytes, counts quota set to -1
2022-07-02 07:25:29,901 [IPC Server handler 14 on default port 43657] INFO  volume.OMVolumeCreateRequest (OMVolumeCreateRequest.java:validateAndUpdateCache(195)) - created volume:volume-51963 for user:runner
2022-07-02 07:25:29,920 [Time-limited test] INFO  rpc.RpcClient (RpcClient.java:createBucket(669)) - Creating Bucket: volume-51963/bucket-61041, with bucket layout LEGACY, runner as owner, Versioning false, Storage Type set to DISK and Encryption set to false 
2022-07-02 07:25:29,921 [IPC Server handler 16 on default port 43657] INFO  bucket.OMBucketCreateRequest (OMBucketCreateRequest.java:validateAndUpdateCache(260)) - created bucket: bucket-61041 of layout LEGACY in volume: volume-51963
]]></system-out>
  </testcase>
  <testcase name="testDeleteVolumeBucketAndKey" classname="TestRootedOzoneFileSystem" time="0.178">
    <system-out><![CDATA[2022-07-02 07:20:00,510 [Time-limited test] INFO  rpc.RpcClient (RpcClient.java:createVolume(466)) - Creating Volume: volume65323, with user08945 as owner and space quota set to -1 bytes, counts quota set to -1
2022-07-02 07:20:00,514 [OM StateMachine ApplyTransaction Thread - 0] INFO  volume.OMVolumeCreateRequest (OMVolumeCreateRequest.java:validateAndUpdateCache(195)) - created volume:volume65323 for user:user08945
2022-07-02 07:20:00,519 [Time-limited test] INFO  rpc.RpcClient (RpcClient.java:createBucket(669)) - Creating Bucket: volume65323/bucket66133, with bucket layout LEGACY, runner as owner, Versioning false, Storage Type set to DISK and Encryption set to false 
2022-07-02 07:20:00,529 [OM StateMachine ApplyTransaction Thread - 0] INFO  bucket.OMBucketCreateRequest (OMBucketCreateRequest.java:validateAndUpdateCache(260)) - created bucket: bucket66133 of layout LEGACY in volume: volume65323
2022-07-02 07:20:00,533 [Time-limited test] INFO  rpc.RpcClient (RpcClient.java:createVolume(466)) - Creating Volume: volume-68420, with runner as owner and space quota set to -1 bytes, counts quota set to -1
2022-07-02 07:20:00,536 [OM StateMachine ApplyTransaction Thread - 0] INFO  volume.OMVolumeCreateRequest (OMVolumeCreateRequest.java:validateAndUpdateCache(195)) - created volume:volume-68420 for user:runner
2022-07-02 07:20:00,538 [Time-limited test] INFO  rpc.RpcClient (RpcClient.java:createBucket(669)) - Creating Bucket: volume-68420/bucket3, with bucket layout LEGACY, runner as owner, Versioning false, Storage Type set to DISK and Encryption set to false 
2022-07-02 07:20:00,540 [OM StateMachine ApplyTransaction Thread - 0] INFO  bucket.OMBucketCreateRequest (OMBucketCreateRequest.java:validateAndUpdateCache(260)) - created bucket: bucket3 of layout LEGACY in volume: volume-68420
07:20:00.548 [OM StateMachine ApplyTransaction Thread - 0] ERROR OMAudit - user=runner | ip=127.0.0.1 | op=DELETE_VOLUME {volume=volume-68420} | ret=FAILURE
org.apache.hadoop.ozone.om.exceptions.OMException: null
	at org.apache.hadoop.ozone.om.request.volume.OMVolumeDeleteRequest.validateAndUpdateCache(OMVolumeDeleteRequest.java:122) ~[ozone-manager-1.3.0-SNAPSHOT.jar:?]
	at org.apache.hadoop.ozone.protocolPB.OzoneManagerRequestHandler.handleWriteRequest(OzoneManagerRequestHandler.java:293) ~[ozone-manager-1.3.0-SNAPSHOT.jar:?]
	at org.apache.hadoop.ozone.om.ratis.OzoneManagerStateMachine.runCommand(OzoneManagerStateMachine.java:529) ~[ozone-manager-1.3.0-SNAPSHOT.jar:?]
	at org.apache.hadoop.ozone.om.ratis.OzoneManagerStateMachine.lambda$1(OzoneManagerStateMachine.java:324) ~[ozone-manager-1.3.0-SNAPSHOT.jar:?]
	at java.util.concurrent.CompletableFuture$AsyncSupply.run(CompletableFuture.java:1604) [?:1.8.0_332]
	at java.util.concurrent.ThreadPoolExecutor.runWorker(ThreadPoolExecutor.java:1149) [?:1.8.0_332]
	at java.util.concurrent.ThreadPoolExecutor$Worker.run(ThreadPoolExecutor.java:624) [?:1.8.0_332]
	at java.lang.Thread.run(Thread.java:750) [?:1.8.0_332]
2022-07-02 07:20:00,548 [OM StateMachine ApplyTransaction Thread - 0] ERROR volume.OMVolumeDeleteRequest (OMVolumeDeleteRequest.java:validateAndUpdateCache(170)) - Volume deletion failed for user:runner volume:volume-68420
VOLUME_NOT_EMPTY org.apache.hadoop.ozone.om.exceptions.OMException
	at org.apache.hadoop.ozone.om.request.volume.OMVolumeDeleteRequest.validateAndUpdateCache(OMVolumeDeleteRequest.java:122)
	at org.apache.hadoop.ozone.protocolPB.OzoneManagerRequestHandler.handleWriteRequest(OzoneManagerRequestHandler.java:293)
	at org.apache.hadoop.ozone.om.ratis.OzoneManagerStateMachine.runCommand(OzoneManagerStateMachine.java:529)
	at org.apache.hadoop.ozone.om.ratis.OzoneManagerStateMachine.lambda$1(OzoneManagerStateMachine.java:324)
	at java.util.concurrent.CompletableFuture$AsyncSupply.run(CompletableFuture.java:1604)
	at java.util.concurrent.ThreadPoolExecutor.runWorker(ThreadPoolExecutor.java:1149)
	at java.util.concurrent.ThreadPoolExecutor$Worker.run(ThreadPoolExecutor.java:624)
	at java.lang.Thread.run(Thread.java:750)
2022-07-02 07:20:00,598 [Time-limited test] INFO  rpc.RpcClient (RpcClient.java:createVolume(466)) - Creating Volume: volume-68420, with runner as owner and space quota set to -1 bytes, counts quota set to -1
2022-07-02 07:20:00,600 [OM StateMachine ApplyTransaction Thread - 0] INFO  volume.OMVolumeCreateRequest (OMVolumeCreateRequest.java:validateAndUpdateCache(195)) - created volume:volume-68420 for user:runner
2022-07-02 07:20:00,602 [Time-limited test] INFO  rpc.RpcClient (RpcClient.java:createBucket(669)) - Creating Bucket: volume-68420/bucket3, with bucket layout LEGACY, runner as owner, Versioning false, Storage Type set to DISK and Encryption set to false 
2022-07-02 07:20:00,604 [OM StateMachine ApplyTransaction Thread - 0] INFO  bucket.OMBucketCreateRequest (OMBucketCreateRequest.java:validateAndUpdateCache(260)) - created bucket: bucket3 of layout LEGACY in volume: volume-68420
]]></system-out>
  </testcase>
  <testcase name="testDeleteVolumeBucketAndKey" classname="TestRootedOzoneFileSystem" time="0.155">
    <system-out><![CDATA[2022-07-02 07:21:12,414 [Time-limited test] INFO  rpc.RpcClient (RpcClient.java:createVolume(466)) - Creating Volume: volume18222, with user90700 as owner and space quota set to -1 bytes, counts quota set to -1
2022-07-02 07:21:12,416 [OM StateMachine ApplyTransaction Thread - 0] INFO  volume.OMVolumeCreateRequest (OMVolumeCreateRequest.java:validateAndUpdateCache(195)) - created volume:volume18222 for user:user90700
2022-07-02 07:21:12,417 [Time-limited test] INFO  rpc.RpcClient (RpcClient.java:createBucket(669)) - Creating Bucket: volume18222/bucket07659, with bucket layout LEGACY, runner as owner, Versioning false, Storage Type set to DISK and Encryption set to false 
2022-07-02 07:21:12,419 [OM StateMachine ApplyTransaction Thread - 0] INFO  bucket.OMBucketCreateRequest (OMBucketCreateRequest.java:validateAndUpdateCache(260)) - created bucket: bucket07659 of layout LEGACY in volume: volume18222
07:21:12.420 [IPC Server handler 16 on default port 42659] ERROR OMAudit - user=runner | ip=127.0.0.1 | op=READ_BUCKET {volume=volume-59630, bucket=bucket3} | ret=FAILURE
org.apache.hadoop.ozone.om.exceptions.OMException: Volume not found when getting bucket info
	at org.apache.hadoop.ozone.om.BucketManagerImpl.getBucketInfo(BucketManagerImpl.java:127) ~[ozone-manager-1.3.0-SNAPSHOT.jar:?]
	at org.apache.hadoop.ozone.om.OzoneManager.getBucketInfo(OzoneManager.java:2778) ~[ozone-manager-1.3.0-SNAPSHOT.jar:?]
	at org.apache.hadoop.ozone.protocolPB.OzoneManagerRequestHandler.infoBucket(OzoneManagerRequestHandler.java:464) ~[ozone-manager-1.3.0-SNAPSHOT.jar:?]
	at org.apache.hadoop.ozone.protocolPB.OzoneManagerRequestHandler.handleReadRequest(OzoneManagerRequestHandler.java:172) ~[ozone-manager-1.3.0-SNAPSHOT.jar:?]
	at org.apache.hadoop.ozone.protocolPB.OzoneManagerProtocolServerSideTranslatorPB.submitReadRequestToOM(OzoneManagerProtocolServerSideTranslatorPB.java:226) ~[ozone-manager-1.3.0-SNAPSHOT.jar:?]
	at org.apache.hadoop.ozone.protocolPB.OzoneManagerProtocolServerSideTranslatorPB.processRequest(OzoneManagerProtocolServerSideTranslatorPB.java:175) ~[ozone-manager-1.3.0-SNAPSHOT.jar:?]
	at org.apache.hadoop.hdds.server.OzoneProtocolMessageDispatcher.processRequest(OzoneProtocolMessageDispatcher.java:87) [hdds-server-framework-1.3.0-SNAPSHOT.jar:?]
	at org.apache.hadoop.ozone.protocolPB.OzoneManagerProtocolServerSideTranslatorPB.submitRequest(OzoneManagerProtocolServerSideTranslatorPB.java:147) [ozone-manager-1.3.0-SNAPSHOT.jar:?]
	at org.apache.hadoop.ozone.protocol.proto.OzoneManagerProtocolProtos$OzoneManagerService$2.callBlockingMethod(OzoneManagerProtocolProtos.java) [ozone-interface-client-1.3.0-SNAPSHOT.jar:?]
	at org.apache.hadoop.ipc.ProtobufRpcEngine$Server.processCall(ProtobufRpcEngine.java:466) [hadoop-common-3.3.1.jar:?]
	at org.apache.hadoop.ipc.ProtobufRpcEngine2$Server$ProtoBufRpcInvoker.call(ProtobufRpcEngine2.java:574) [hadoop-common-3.3.1.jar:?]
	at org.apache.hadoop.ipc.ProtobufRpcEngine2$Server$ProtoBufRpcInvoker.call(ProtobufRpcEngine2.java:552) [hadoop-common-3.3.1.jar:?]
	at org.apache.hadoop.ipc.RPC$Server.call(RPC.java:1093) [hadoop-common-3.3.1.jar:?]
	at org.apache.hadoop.ipc.Server$RpcCall.run(Server.java:1035) [hadoop-common-3.3.1.jar:?]
	at org.apache.hadoop.ipc.Server$RpcCall.run(Server.java:963) [hadoop-common-3.3.1.jar:?]
	at java.security.AccessController.doPrivileged(Native Method) ~[?:1.8.0_332]
	at javax.security.auth.Subject.doAs(Subject.java:422) [?:1.8.0_332]
	at org.apache.hadoop.security.UserGroupInformation.doAs(UserGroupInformation.java:1878) [hadoop-common-3.3.1.jar:?]
	at org.apache.hadoop.ipc.Server$Handler.run(Server.java:2966) [hadoop-common-3.3.1.jar:?]
2022-07-02 07:21:12,421 [Time-limited test] INFO  rpc.RpcClient (RpcClient.java:createVolume(466)) - Creating Volume: volume-59630, with runner as owner and space quota set to -1 bytes, counts quota set to -1
2022-07-02 07:21:12,422 [OM StateMachine ApplyTransaction Thread - 0] INFO  volume.OMVolumeCreateRequest (OMVolumeCreateRequest.java:validateAndUpdateCache(195)) - created volume:volume-59630 for user:runner
2022-07-02 07:21:12,424 [Time-limited test] INFO  rpc.RpcClient (RpcClient.java:createBucket(669)) - Creating Bucket: volume-59630/bucket3, with bucket layout LEGACY, runner as owner, Versioning false, Storage Type set to DISK and Encryption set to false 
2022-07-02 07:21:12,425 [OM StateMachine ApplyTransaction Thread - 0] INFO  bucket.OMBucketCreateRequest (OMBucketCreateRequest.java:validateAndUpdateCache(260)) - created bucket: bucket3 of layout LEGACY in volume: volume-59630
07:21:12.429 [OM StateMachine ApplyTransaction Thread - 0] ERROR OMAudit - user=runner | ip=127.0.0.1 | op=DELETE_VOLUME {volume=volume-59630} | ret=FAILURE
org.apache.hadoop.ozone.om.exceptions.OMException: null
	at org.apache.hadoop.ozone.om.request.volume.OMVolumeDeleteRequest.validateAndUpdateCache(OMVolumeDeleteRequest.java:122) ~[ozone-manager-1.3.0-SNAPSHOT.jar:?]
	at org.apache.hadoop.ozone.protocolPB.OzoneManagerRequestHandler.handleWriteRequest(OzoneManagerRequestHandler.java:293) ~[ozone-manager-1.3.0-SNAPSHOT.jar:?]
	at org.apache.hadoop.ozone.om.ratis.OzoneManagerStateMachine.runCommand(OzoneManagerStateMachine.java:529) ~[ozone-manager-1.3.0-SNAPSHOT.jar:?]
	at org.apache.hadoop.ozone.om.ratis.OzoneManagerStateMachine.lambda$1(OzoneManagerStateMachine.java:324) ~[ozone-manager-1.3.0-SNAPSHOT.jar:?]
	at java.util.concurrent.CompletableFuture$AsyncSupply.run(CompletableFuture.java:1604) [?:1.8.0_332]
	at java.util.concurrent.ThreadPoolExecutor.runWorker(ThreadPoolExecutor.java:1149) [?:1.8.0_332]
	at java.util.concurrent.ThreadPoolExecutor$Worker.run(ThreadPoolExecutor.java:624) [?:1.8.0_332]
	at java.lang.Thread.run(Thread.java:750) [?:1.8.0_332]
2022-07-02 07:21:12,429 [OM StateMachine ApplyTransaction Thread - 0] ERROR volume.OMVolumeDeleteRequest (OMVolumeDeleteRequest.java:validateAndUpdateCache(170)) - Volume deletion failed for user:runner volume:volume-59630
VOLUME_NOT_EMPTY org.apache.hadoop.ozone.om.exceptions.OMException
	at org.apache.hadoop.ozone.om.request.volume.OMVolumeDeleteRequest.validateAndUpdateCache(OMVolumeDeleteRequest.java:122)
	at org.apache.hadoop.ozone.protocolPB.OzoneManagerRequestHandler.handleWriteRequest(OzoneManagerRequestHandler.java:293)
	at org.apache.hadoop.ozone.om.ratis.OzoneManagerStateMachine.runCommand(OzoneManagerStateMachine.java:529)
	at org.apache.hadoop.ozone.om.ratis.OzoneManagerStateMachine.lambda$1(OzoneManagerStateMachine.java:324)
	at java.util.concurrent.CompletableFuture$AsyncSupply.run(CompletableFuture.java:1604)
	at java.util.concurrent.ThreadPoolExecutor.runWorker(ThreadPoolExecutor.java:1149)
	at java.util.concurrent.ThreadPoolExecutor$Worker.run(ThreadPoolExecutor.java:624)
	at java.lang.Thread.run(Thread.java:750)
07:21:12.450 [IPC Server handler 5 on default port 42659] ERROR OMAudit - user=runner | ip=127.0.0.1 | op=READ_VOLUME {volume=volume-59630} | ret=FAILURE
org.apache.hadoop.ozone.om.exceptions.OMException: Volume volume-59630 is not found
	at org.apache.hadoop.ozone.om.VolumeManagerImpl.getVolumeInfo(VolumeManagerImpl.java:74) ~[ozone-manager-1.3.0-SNAPSHOT.jar:?]
	at org.apache.hadoop.ozone.om.OzoneManager.getVolumeInfo(OzoneManager.java:2602) ~[ozone-manager-1.3.0-SNAPSHOT.jar:?]
	at org.apache.hadoop.ozone.protocolPB.OzoneManagerRequestHandler.infoVolume(OzoneManagerRequestHandler.java:390) ~[ozone-manager-1.3.0-SNAPSHOT.jar:?]
	at org.apache.hadoop.ozone.protocolPB.OzoneManagerRequestHandler.handleReadRequest(OzoneManagerRequestHandler.java:162) ~[ozone-manager-1.3.0-SNAPSHOT.jar:?]
	at org.apache.hadoop.ozone.protocolPB.OzoneManagerProtocolServerSideTranslatorPB.submitReadRequestToOM(OzoneManagerProtocolServerSideTranslatorPB.java:226) ~[ozone-manager-1.3.0-SNAPSHOT.jar:?]
	at org.apache.hadoop.ozone.protocolPB.OzoneManagerProtocolServerSideTranslatorPB.processRequest(OzoneManagerProtocolServerSideTranslatorPB.java:175) ~[ozone-manager-1.3.0-SNAPSHOT.jar:?]
	at org.apache.hadoop.hdds.server.OzoneProtocolMessageDispatcher.processRequest(OzoneProtocolMessageDispatcher.java:87) [hdds-server-framework-1.3.0-SNAPSHOT.jar:?]
	at org.apache.hadoop.ozone.protocolPB.OzoneManagerProtocolServerSideTranslatorPB.submitRequest(OzoneManagerProtocolServerSideTranslatorPB.java:147) [ozone-manager-1.3.0-SNAPSHOT.jar:?]
	at org.apache.hadoop.ozone.protocol.proto.OzoneManagerProtocolProtos$OzoneManagerService$2.callBlockingMethod(OzoneManagerProtocolProtos.java) [ozone-interface-client-1.3.0-SNAPSHOT.jar:?]
	at org.apache.hadoop.ipc.ProtobufRpcEngine$Server.processCall(ProtobufRpcEngine.java:466) [hadoop-common-3.3.1.jar:?]
	at org.apache.hadoop.ipc.ProtobufRpcEngine2$Server$ProtoBufRpcInvoker.call(ProtobufRpcEngine2.java:574) [hadoop-common-3.3.1.jar:?]
	at org.apache.hadoop.ipc.ProtobufRpcEngine2$Server$ProtoBufRpcInvoker.call(ProtobufRpcEngine2.java:552) [hadoop-common-3.3.1.jar:?]
	at org.apache.hadoop.ipc.RPC$Server.call(RPC.java:1093) [hadoop-common-3.3.1.jar:?]
	at org.apache.hadoop.ipc.Server$RpcCall.run(Server.java:1035) [hadoop-common-3.3.1.jar:?]
	at org.apache.hadoop.ipc.Server$RpcCall.run(Server.java:963) [hadoop-common-3.3.1.jar:?]
	at java.security.AccessController.doPrivileged(Native Method) ~[?:1.8.0_332]
	at javax.security.auth.Subject.doAs(Subject.java:422) [?:1.8.0_332]
	at org.apache.hadoop.security.UserGroupInformation.doAs(UserGroupInformation.java:1878) [hadoop-common-3.3.1.jar:?]
	at org.apache.hadoop.ipc.Server$Handler.run(Server.java:2966) [hadoop-common-3.3.1.jar:?]
07:21:12.452 [IPC Server handler 4 on default port 42659] ERROR OMAudit - user=runner | ip=127.0.0.1 | op=READ_BUCKET {volume=volume-59630, bucket=bucket3} | ret=FAILURE
org.apache.hadoop.ozone.om.exceptions.OMException: Volume not found when getting bucket info
	at org.apache.hadoop.ozone.om.BucketManagerImpl.getBucketInfo(BucketManagerImpl.java:127) ~[ozone-manager-1.3.0-SNAPSHOT.jar:?]
	at org.apache.hadoop.ozone.om.OzoneManager.getBucketInfo(OzoneManager.java:2778) ~[ozone-manager-1.3.0-SNAPSHOT.jar:?]
	at org.apache.hadoop.ozone.protocolPB.OzoneManagerRequestHandler.infoBucket(OzoneManagerRequestHandler.java:464) ~[ozone-manager-1.3.0-SNAPSHOT.jar:?]
	at org.apache.hadoop.ozone.protocolPB.OzoneManagerRequestHandler.handleReadRequest(OzoneManagerRequestHandler.java:172) ~[ozone-manager-1.3.0-SNAPSHOT.jar:?]
	at org.apache.hadoop.ozone.protocolPB.OzoneManagerProtocolServerSideTranslatorPB.submitReadRequestToOM(OzoneManagerProtocolServerSideTranslatorPB.java:226) ~[ozone-manager-1.3.0-SNAPSHOT.jar:?]
	at org.apache.hadoop.ozone.protocolPB.OzoneManagerProtocolServerSideTranslatorPB.processRequest(OzoneManagerProtocolServerSideTranslatorPB.java:175) ~[ozone-manager-1.3.0-SNAPSHOT.jar:?]
	at org.apache.hadoop.hdds.server.OzoneProtocolMessageDispatcher.processRequest(OzoneProtocolMessageDispatcher.java:87) [hdds-server-framework-1.3.0-SNAPSHOT.jar:?]
	at org.apache.hadoop.ozone.protocolPB.OzoneManagerProtocolServerSideTranslatorPB.submitRequest(OzoneManagerProtocolServerSideTranslatorPB.java:147) [ozone-manager-1.3.0-SNAPSHOT.jar:?]
	at org.apache.hadoop.ozone.protocol.proto.OzoneManagerProtocolProtos$OzoneManagerService$2.callBlockingMethod(OzoneManagerProtocolProtos.java) [ozone-interface-client-1.3.0-SNAPSHOT.jar:?]
	at org.apache.hadoop.ipc.ProtobufRpcEngine$Server.processCall(ProtobufRpcEngine.java:466) [hadoop-common-3.3.1.jar:?]
	at org.apache.hadoop.ipc.ProtobufRpcEngine2$Server$ProtoBufRpcInvoker.call(ProtobufRpcEngine2.java:574) [hadoop-common-3.3.1.jar:?]
	at org.apache.hadoop.ipc.ProtobufRpcEngine2$Server$ProtoBufRpcInvoker.call(ProtobufRpcEngine2.java:552) [hadoop-common-3.3.1.jar:?]
	at org.apache.hadoop.ipc.RPC$Server.call(RPC.java:1093) [hadoop-common-3.3.1.jar:?]
	at org.apache.hadoop.ipc.Server$RpcCall.run(Server.java:1035) [hadoop-common-3.3.1.jar:?]
	at org.apache.hadoop.ipc.Server$RpcCall.run(Server.java:963) [hadoop-common-3.3.1.jar:?]
	at java.security.AccessController.doPrivileged(Native Method) ~[?:1.8.0_332]
	at javax.security.auth.Subject.doAs(Subject.java:422) [?:1.8.0_332]
	at org.apache.hadoop.security.UserGroupInformation.doAs(UserGroupInformation.java:1878) [hadoop-common-3.3.1.jar:?]
	at org.apache.hadoop.ipc.Server$Handler.run(Server.java:2966) [hadoop-common-3.3.1.jar:?]
2022-07-02 07:21:12,452 [Time-limited test] INFO  rpc.RpcClient (RpcClient.java:createVolume(466)) - Creating Volume: volume-59630, with runner as owner and space quota set to -1 bytes, counts quota set to -1
2022-07-02 07:21:12,462 [OM StateMachine ApplyTransaction Thread - 0] INFO  volume.OMVolumeCreateRequest (OMVolumeCreateRequest.java:validateAndUpdateCache(195)) - created volume:volume-59630 for user:runner
2022-07-02 07:21:12,463 [Time-limited test] INFO  rpc.RpcClient (RpcClient.java:createBucket(669)) - Creating Bucket: volume-59630/bucket3, with bucket layout LEGACY, runner as owner, Versioning false, Storage Type set to DISK and Encryption set to false 
2022-07-02 07:21:12,465 [OM StateMachine ApplyTransaction Thread - 0] INFO  bucket.OMBucketCreateRequest (OMBucketCreateRequest.java:validateAndUpdateCache(260)) - created bucket: bucket3 of layout LEGACY in volume: volume-59630
07:21:12.477 [IPC Server handler 7 on default port 42659] ERROR OMAudit - user=runner | ip=127.0.0.1 | op=READ_VOLUME {volume=volume-59630} | ret=FAILURE
org.apache.hadoop.ozone.om.exceptions.OMException: Volume volume-59630 is not found
	at org.apache.hadoop.ozone.om.VolumeManagerImpl.getVolumeInfo(VolumeManagerImpl.java:74) ~[ozone-manager-1.3.0-SNAPSHOT.jar:?]
	at org.apache.hadoop.ozone.om.OzoneManager.getVolumeInfo(OzoneManager.java:2602) ~[ozone-manager-1.3.0-SNAPSHOT.jar:?]
	at org.apache.hadoop.ozone.protocolPB.OzoneManagerRequestHandler.infoVolume(OzoneManagerRequestHandler.java:390) ~[ozone-manager-1.3.0-SNAPSHOT.jar:?]
	at org.apache.hadoop.ozone.protocolPB.OzoneManagerRequestHandler.handleReadRequest(OzoneManagerRequestHandler.java:162) ~[ozone-manager-1.3.0-SNAPSHOT.jar:?]
	at org.apache.hadoop.ozone.protocolPB.OzoneManagerProtocolServerSideTranslatorPB.submitReadRequestToOM(OzoneManagerProtocolServerSideTranslatorPB.java:226) ~[ozone-manager-1.3.0-SNAPSHOT.jar:?]
	at org.apache.hadoop.ozone.protocolPB.OzoneManagerProtocolServerSideTranslatorPB.processRequest(OzoneManagerProtocolServerSideTranslatorPB.java:175) ~[ozone-manager-1.3.0-SNAPSHOT.jar:?]
	at org.apache.hadoop.hdds.server.OzoneProtocolMessageDispatcher.processRequest(OzoneProtocolMessageDispatcher.java:87) [hdds-server-framework-1.3.0-SNAPSHOT.jar:?]
	at org.apache.hadoop.ozone.protocolPB.OzoneManagerProtocolServerSideTranslatorPB.submitRequest(OzoneManagerProtocolServerSideTranslatorPB.java:147) [ozone-manager-1.3.0-SNAPSHOT.jar:?]
	at org.apache.hadoop.ozone.protocol.proto.OzoneManagerProtocolProtos$OzoneManagerService$2.callBlockingMethod(OzoneManagerProtocolProtos.java) [ozone-interface-client-1.3.0-SNAPSHOT.jar:?]
	at org.apache.hadoop.ipc.ProtobufRpcEngine$Server.processCall(ProtobufRpcEngine.java:466) [hadoop-common-3.3.1.jar:?]
	at org.apache.hadoop.ipc.ProtobufRpcEngine2$Server$ProtoBufRpcInvoker.call(ProtobufRpcEngine2.java:574) [hadoop-common-3.3.1.jar:?]
	at org.apache.hadoop.ipc.ProtobufRpcEngine2$Server$ProtoBufRpcInvoker.call(ProtobufRpcEngine2.java:552) [hadoop-common-3.3.1.jar:?]
	at org.apache.hadoop.ipc.RPC$Server.call(RPC.java:1093) [hadoop-common-3.3.1.jar:?]
	at org.apache.hadoop.ipc.Server$RpcCall.run(Server.java:1035) [hadoop-common-3.3.1.jar:?]
	at org.apache.hadoop.ipc.Server$RpcCall.run(Server.java:963) [hadoop-common-3.3.1.jar:?]
	at java.security.AccessController.doPrivileged(Native Method) ~[?:1.8.0_332]
	at javax.security.auth.Subject.doAs(Subject.java:422) [?:1.8.0_332]
	at org.apache.hadoop.security.UserGroupInformation.doAs(UserGroupInformation.java:1878) [hadoop-common-3.3.1.jar:?]
	at org.apache.hadoop.ipc.Server$Handler.run(Server.java:2966) [hadoop-common-3.3.1.jar:?]
]]></system-out>
  </testcase>
  <testcase name="testDeleteVolumeBucketAndKey" classname="TestRootedOzoneFileSystem" time="0.208">
    <system-out><![CDATA[2022-07-02 07:22:24,222 [Time-limited test] INFO  rpc.RpcClient (RpcClient.java:createVolume(466)) - Creating Volume: volume86690, with user08338 as owner and space quota set to -1 bytes, counts quota set to -1
2022-07-02 07:22:24,225 [IPC Server handler 3 on default port 38347] INFO  volume.OMVolumeCreateRequest (OMVolumeCreateRequest.java:validateAndUpdateCache(195)) - created volume:volume86690 for user:user08338
2022-07-02 07:22:24,226 [Time-limited test] INFO  rpc.RpcClient (RpcClient.java:createBucket(669)) - Creating Bucket: volume86690/bucket31624, with bucket layout LEGACY, runner as owner, Versioning false, Storage Type set to DISK and Encryption set to false 
2022-07-02 07:22:24,226 [IPC Server handler 6 on default port 38347] INFO  bucket.OMBucketCreateRequest (OMBucketCreateRequest.java:validateAndUpdateCache(260)) - created bucket: bucket31624 of layout LEGACY in volume: volume86690
07:22:24.232 [IPC Server handler 7 on default port 38347] ERROR OMAudit - user=runner | ip=127.0.0.1 | op=READ_BUCKET {volume=volume-87987, bucket=bucket3} | ret=FAILURE
org.apache.hadoop.ozone.om.exceptions.OMException: Volume not found when getting bucket info
	at org.apache.hadoop.ozone.om.BucketManagerImpl.getBucketInfo(BucketManagerImpl.java:127) ~[ozone-manager-1.3.0-SNAPSHOT.jar:?]
	at org.apache.hadoop.ozone.om.OzoneManager.getBucketInfo(OzoneManager.java:2778) ~[ozone-manager-1.3.0-SNAPSHOT.jar:?]
	at org.apache.hadoop.ozone.protocolPB.OzoneManagerRequestHandler.infoBucket(OzoneManagerRequestHandler.java:464) ~[ozone-manager-1.3.0-SNAPSHOT.jar:?]
	at org.apache.hadoop.ozone.protocolPB.OzoneManagerRequestHandler.handleReadRequest(OzoneManagerRequestHandler.java:172) ~[ozone-manager-1.3.0-SNAPSHOT.jar:?]
	at org.apache.hadoop.ozone.protocolPB.OzoneManagerProtocolServerSideTranslatorPB.submitRequestDirectlyToOM(OzoneManagerProtocolServerSideTranslatorPB.java:276) ~[ozone-manager-1.3.0-SNAPSHOT.jar:?]
	at org.apache.hadoop.ozone.protocolPB.OzoneManagerProtocolServerSideTranslatorPB.processRequest(OzoneManagerProtocolServerSideTranslatorPB.java:205) ~[ozone-manager-1.3.0-SNAPSHOT.jar:?]
	at org.apache.hadoop.hdds.server.OzoneProtocolMessageDispatcher.processRequest(OzoneProtocolMessageDispatcher.java:87) [hdds-server-framework-1.3.0-SNAPSHOT.jar:?]
	at org.apache.hadoop.ozone.protocolPB.OzoneManagerProtocolServerSideTranslatorPB.submitRequest(OzoneManagerProtocolServerSideTranslatorPB.java:147) [ozone-manager-1.3.0-SNAPSHOT.jar:?]
	at org.apache.hadoop.ozone.protocol.proto.OzoneManagerProtocolProtos$OzoneManagerService$2.callBlockingMethod(OzoneManagerProtocolProtos.java) [ozone-interface-client-1.3.0-SNAPSHOT.jar:?]
	at org.apache.hadoop.ipc.ProtobufRpcEngine$Server.processCall(ProtobufRpcEngine.java:466) [hadoop-common-3.3.1.jar:?]
	at org.apache.hadoop.ipc.ProtobufRpcEngine2$Server$ProtoBufRpcInvoker.call(ProtobufRpcEngine2.java:574) [hadoop-common-3.3.1.jar:?]
	at org.apache.hadoop.ipc.ProtobufRpcEngine2$Server$ProtoBufRpcInvoker.call(ProtobufRpcEngine2.java:552) [hadoop-common-3.3.1.jar:?]
	at org.apache.hadoop.ipc.RPC$Server.call(RPC.java:1093) [hadoop-common-3.3.1.jar:?]
	at org.apache.hadoop.ipc.Server$RpcCall.run(Server.java:1035) [hadoop-common-3.3.1.jar:?]
	at org.apache.hadoop.ipc.Server$RpcCall.run(Server.java:963) [hadoop-common-3.3.1.jar:?]
	at java.security.AccessController.doPrivileged(Native Method) ~[?:1.8.0_332]
	at javax.security.auth.Subject.doAs(Subject.java:422) [?:1.8.0_332]
	at org.apache.hadoop.security.UserGroupInformation.doAs(UserGroupInformation.java:1878) [hadoop-common-3.3.1.jar:?]
	at org.apache.hadoop.ipc.Server$Handler.run(Server.java:2966) [hadoop-common-3.3.1.jar:?]
2022-07-02 07:22:24,233 [Time-limited test] INFO  rpc.RpcClient (RpcClient.java:createVolume(466)) - Creating Volume: volume-87987, with runner as owner and space quota set to -1 bytes, counts quota set to -1
2022-07-02 07:22:24,233 [IPC Server handler 10 on default port 38347] INFO  volume.OMVolumeCreateRequest (OMVolumeCreateRequest.java:validateAndUpdateCache(195)) - created volume:volume-87987 for user:runner
2022-07-02 07:22:24,235 [Time-limited test] INFO  rpc.RpcClient (RpcClient.java:createBucket(669)) - Creating Bucket: volume-87987/bucket3, with bucket layout LEGACY, runner as owner, Versioning false, Storage Type set to DISK and Encryption set to false 
2022-07-02 07:22:24,235 [IPC Server handler 12 on default port 38347] INFO  bucket.OMBucketCreateRequest (OMBucketCreateRequest.java:validateAndUpdateCache(260)) - created bucket: bucket3 of layout LEGACY in volume: volume-87987
07:22:24.237 [IPC Server handler 14 on default port 38347] ERROR OMAudit - user=runner | ip=127.0.0.1 | op=DELETE_VOLUME {volume=volume-87987} | ret=FAILURE
org.apache.hadoop.ozone.om.exceptions.OMException: null
	at org.apache.hadoop.ozone.om.request.volume.OMVolumeDeleteRequest.validateAndUpdateCache(OMVolumeDeleteRequest.java:122) ~[ozone-manager-1.3.0-SNAPSHOT.jar:?]
	at org.apache.hadoop.ozone.protocolPB.OzoneManagerRequestHandler.handleWriteRequest(OzoneManagerRequestHandler.java:293) ~[ozone-manager-1.3.0-SNAPSHOT.jar:?]
	at org.apache.hadoop.ozone.protocolPB.OzoneManagerProtocolServerSideTranslatorPB.submitRequestDirectlyToOM(OzoneManagerProtocolServerSideTranslatorPB.java:282) ~[ozone-manager-1.3.0-SNAPSHOT.jar:?]
	at org.apache.hadoop.ozone.protocolPB.OzoneManagerProtocolServerSideTranslatorPB.processRequest(OzoneManagerProtocolServerSideTranslatorPB.java:205) ~[ozone-manager-1.3.0-SNAPSHOT.jar:?]
	at org.apache.hadoop.hdds.server.OzoneProtocolMessageDispatcher.processRequest(OzoneProtocolMessageDispatcher.java:87) [hdds-server-framework-1.3.0-SNAPSHOT.jar:?]
	at org.apache.hadoop.ozone.protocolPB.OzoneManagerProtocolServerSideTranslatorPB.submitRequest(OzoneManagerProtocolServerSideTranslatorPB.java:147) [ozone-manager-1.3.0-SNAPSHOT.jar:?]
	at org.apache.hadoop.ozone.protocol.proto.OzoneManagerProtocolProtos$OzoneManagerService$2.callBlockingMethod(OzoneManagerProtocolProtos.java) [ozone-interface-client-1.3.0-SNAPSHOT.jar:?]
	at org.apache.hadoop.ipc.ProtobufRpcEngine$Server.processCall(ProtobufRpcEngine.java:466) [hadoop-common-3.3.1.jar:?]
	at org.apache.hadoop.ipc.ProtobufRpcEngine2$Server$ProtoBufRpcInvoker.call(ProtobufRpcEngine2.java:574) [hadoop-common-3.3.1.jar:?]
	at org.apache.hadoop.ipc.ProtobufRpcEngine2$Server$ProtoBufRpcInvoker.call(ProtobufRpcEngine2.java:552) [hadoop-common-3.3.1.jar:?]
	at org.apache.hadoop.ipc.RPC$Server.call(RPC.java:1093) [hadoop-common-3.3.1.jar:?]
	at org.apache.hadoop.ipc.Server$RpcCall.run(Server.java:1035) [hadoop-common-3.3.1.jar:?]
	at org.apache.hadoop.ipc.Server$RpcCall.run(Server.java:963) [hadoop-common-3.3.1.jar:?]
	at java.security.AccessController.doPrivileged(Native Method) ~[?:1.8.0_332]
	at javax.security.auth.Subject.doAs(Subject.java:422) [?:1.8.0_332]
	at org.apache.hadoop.security.UserGroupInformation.doAs(UserGroupInformation.java:1878) [hadoop-common-3.3.1.jar:?]
	at org.apache.hadoop.ipc.Server$Handler.run(Server.java:2966) [hadoop-common-3.3.1.jar:?]
2022-07-02 07:22:24,238 [IPC Server handler 14 on default port 38347] ERROR volume.OMVolumeDeleteRequest (OMVolumeDeleteRequest.java:validateAndUpdateCache(170)) - Volume deletion failed for user:runner volume:volume-87987
VOLUME_NOT_EMPTY org.apache.hadoop.ozone.om.exceptions.OMException
	at org.apache.hadoop.ozone.om.request.volume.OMVolumeDeleteRequest.validateAndUpdateCache(OMVolumeDeleteRequest.java:122)
	at org.apache.hadoop.ozone.protocolPB.OzoneManagerRequestHandler.handleWriteRequest(OzoneManagerRequestHandler.java:293)
	at org.apache.hadoop.ozone.protocolPB.OzoneManagerProtocolServerSideTranslatorPB.submitRequestDirectlyToOM(OzoneManagerProtocolServerSideTranslatorPB.java:282)
	at org.apache.hadoop.ozone.protocolPB.OzoneManagerProtocolServerSideTranslatorPB.processRequest(OzoneManagerProtocolServerSideTranslatorPB.java:205)
	at org.apache.hadoop.hdds.server.OzoneProtocolMessageDispatcher.processRequest(OzoneProtocolMessageDispatcher.java:87)
	at org.apache.hadoop.ozone.protocolPB.OzoneManagerProtocolServerSideTranslatorPB.submitRequest(OzoneManagerProtocolServerSideTranslatorPB.java:147)
	at org.apache.hadoop.ozone.protocol.proto.OzoneManagerProtocolProtos$OzoneManagerService$2.callBlockingMethod(OzoneManagerProtocolProtos.java)
	at org.apache.hadoop.ipc.ProtobufRpcEngine$Server.processCall(ProtobufRpcEngine.java:466)
	at org.apache.hadoop.ipc.ProtobufRpcEngine2$Server$ProtoBufRpcInvoker.call(ProtobufRpcEngine2.java:574)
	at org.apache.hadoop.ipc.ProtobufRpcEngine2$Server$ProtoBufRpcInvoker.call(ProtobufRpcEngine2.java:552)
	at org.apache.hadoop.ipc.RPC$Server.call(RPC.java:1093)
	at org.apache.hadoop.ipc.Server$RpcCall.run(Server.java:1035)
	at org.apache.hadoop.ipc.Server$RpcCall.run(Server.java:963)
	at java.security.AccessController.doPrivileged(Native Method)
	at javax.security.auth.Subject.doAs(Subject.java:422)
	at org.apache.hadoop.security.UserGroupInformation.doAs(UserGroupInformation.java:1878)
	at org.apache.hadoop.ipc.Server$Handler.run(Server.java:2966)
07:22:24.309 [IPC Server handler 14 on default port 38347] ERROR OMAudit - user=runner | ip=127.0.0.1 | op=READ_VOLUME {volume=volume-87987} | ret=FAILURE
org.apache.hadoop.ozone.om.exceptions.OMException: Volume volume-87987 is not found
	at org.apache.hadoop.ozone.om.VolumeManagerImpl.getVolumeInfo(VolumeManagerImpl.java:74) ~[ozone-manager-1.3.0-SNAPSHOT.jar:?]
	at org.apache.hadoop.ozone.om.OzoneManager.getVolumeInfo(OzoneManager.java:2602) ~[ozone-manager-1.3.0-SNAPSHOT.jar:?]
	at org.apache.hadoop.ozone.protocolPB.OzoneManagerRequestHandler.infoVolume(OzoneManagerRequestHandler.java:390) ~[ozone-manager-1.3.0-SNAPSHOT.jar:?]
	at org.apache.hadoop.ozone.protocolPB.OzoneManagerRequestHandler.handleReadRequest(OzoneManagerRequestHandler.java:162) ~[ozone-manager-1.3.0-SNAPSHOT.jar:?]
	at org.apache.hadoop.ozone.protocolPB.OzoneManagerProtocolServerSideTranslatorPB.submitRequestDirectlyToOM(OzoneManagerProtocolServerSideTranslatorPB.java:276) ~[ozone-manager-1.3.0-SNAPSHOT.jar:?]
	at org.apache.hadoop.ozone.protocolPB.OzoneManagerProtocolServerSideTranslatorPB.processRequest(OzoneManagerProtocolServerSideTranslatorPB.java:205) ~[ozone-manager-1.3.0-SNAPSHOT.jar:?]
	at org.apache.hadoop.hdds.server.OzoneProtocolMessageDispatcher.processRequest(OzoneProtocolMessageDispatcher.java:87) [hdds-server-framework-1.3.0-SNAPSHOT.jar:?]
	at org.apache.hadoop.ozone.protocolPB.OzoneManagerProtocolServerSideTranslatorPB.submitRequest(OzoneManagerProtocolServerSideTranslatorPB.java:147) [ozone-manager-1.3.0-SNAPSHOT.jar:?]
	at org.apache.hadoop.ozone.protocol.proto.OzoneManagerProtocolProtos$OzoneManagerService$2.callBlockingMethod(OzoneManagerProtocolProtos.java) [ozone-interface-client-1.3.0-SNAPSHOT.jar:?]
	at org.apache.hadoop.ipc.ProtobufRpcEngine$Server.processCall(ProtobufRpcEngine.java:466) [hadoop-common-3.3.1.jar:?]
	at org.apache.hadoop.ipc.ProtobufRpcEngine2$Server$ProtoBufRpcInvoker.call(ProtobufRpcEngine2.java:574) [hadoop-common-3.3.1.jar:?]
	at org.apache.hadoop.ipc.ProtobufRpcEngine2$Server$ProtoBufRpcInvoker.call(ProtobufRpcEngine2.java:552) [hadoop-common-3.3.1.jar:?]
	at org.apache.hadoop.ipc.RPC$Server.call(RPC.java:1093) [hadoop-common-3.3.1.jar:?]
	at org.apache.hadoop.ipc.Server$RpcCall.run(Server.java:1035) [hadoop-common-3.3.1.jar:?]
	at org.apache.hadoop.ipc.Server$RpcCall.run(Server.java:963) [hadoop-common-3.3.1.jar:?]
	at java.security.AccessController.doPrivileged(Native Method) ~[?:1.8.0_332]
	at javax.security.auth.Subject.doAs(Subject.java:422) [?:1.8.0_332]
	at org.apache.hadoop.security.UserGroupInformation.doAs(UserGroupInformation.java:1878) [hadoop-common-3.3.1.jar:?]
	at org.apache.hadoop.ipc.Server$Handler.run(Server.java:2966) [hadoop-common-3.3.1.jar:?]
07:22:24.310 [IPC Server handler 17 on default port 38347] ERROR OMAudit - user=runner | ip=127.0.0.1 | op=READ_BUCKET {volume=volume-87987, bucket=bucket3} | ret=FAILURE
org.apache.hadoop.ozone.om.exceptions.OMException: Volume not found when getting bucket info
	at org.apache.hadoop.ozone.om.BucketManagerImpl.getBucketInfo(BucketManagerImpl.java:127) ~[ozone-manager-1.3.0-SNAPSHOT.jar:?]
	at org.apache.hadoop.ozone.om.OzoneManager.getBucketInfo(OzoneManager.java:2778) ~[ozone-manager-1.3.0-SNAPSHOT.jar:?]
	at org.apache.hadoop.ozone.protocolPB.OzoneManagerRequestHandler.infoBucket(OzoneManagerRequestHandler.java:464) ~[ozone-manager-1.3.0-SNAPSHOT.jar:?]
	at org.apache.hadoop.ozone.protocolPB.OzoneManagerRequestHandler.handleReadRequest(OzoneManagerRequestHandler.java:172) ~[ozone-manager-1.3.0-SNAPSHOT.jar:?]
	at org.apache.hadoop.ozone.protocolPB.OzoneManagerProtocolServerSideTranslatorPB.submitRequestDirectlyToOM(OzoneManagerProtocolServerSideTranslatorPB.java:276) ~[ozone-manager-1.3.0-SNAPSHOT.jar:?]
	at org.apache.hadoop.ozone.protocolPB.OzoneManagerProtocolServerSideTranslatorPB.processRequest(OzoneManagerProtocolServerSideTranslatorPB.java:205) ~[ozone-manager-1.3.0-SNAPSHOT.jar:?]
	at org.apache.hadoop.hdds.server.OzoneProtocolMessageDispatcher.processRequest(OzoneProtocolMessageDispatcher.java:87) [hdds-server-framework-1.3.0-SNAPSHOT.jar:?]
	at org.apache.hadoop.ozone.protocolPB.OzoneManagerProtocolServerSideTranslatorPB.submitRequest(OzoneManagerProtocolServerSideTranslatorPB.java:147) [ozone-manager-1.3.0-SNAPSHOT.jar:?]
	at org.apache.hadoop.ozone.protocol.proto.OzoneManagerProtocolProtos$OzoneManagerService$2.callBlockingMethod(OzoneManagerProtocolProtos.java) [ozone-interface-client-1.3.0-SNAPSHOT.jar:?]
	at org.apache.hadoop.ipc.ProtobufRpcEngine$Server.processCall(ProtobufRpcEngine.java:466) [hadoop-common-3.3.1.jar:?]
	at org.apache.hadoop.ipc.ProtobufRpcEngine2$Server$ProtoBufRpcInvoker.call(ProtobufRpcEngine2.java:574) [hadoop-common-3.3.1.jar:?]
	at org.apache.hadoop.ipc.ProtobufRpcEngine2$Server$ProtoBufRpcInvoker.call(ProtobufRpcEngine2.java:552) [hadoop-common-3.3.1.jar:?]
	at org.apache.hadoop.ipc.RPC$Server.call(RPC.java:1093) [hadoop-common-3.3.1.jar:?]
	at org.apache.hadoop.ipc.Server$RpcCall.run(Server.java:1035) [hadoop-common-3.3.1.jar:?]
	at org.apache.hadoop.ipc.Server$RpcCall.run(Server.java:963) [hadoop-common-3.3.1.jar:?]
	at java.security.AccessController.doPrivileged(Native Method) ~[?:1.8.0_332]
	at javax.security.auth.Subject.doAs(Subject.java:422) [?:1.8.0_332]
	at org.apache.hadoop.security.UserGroupInformation.doAs(UserGroupInformation.java:1878) [hadoop-common-3.3.1.jar:?]
	at org.apache.hadoop.ipc.Server$Handler.run(Server.java:2966) [hadoop-common-3.3.1.jar:?]
2022-07-02 07:22:24,311 [Time-limited test] INFO  rpc.RpcClient (RpcClient.java:createVolume(466)) - Creating Volume: volume-87987, with runner as owner and space quota set to -1 bytes, counts quota set to -1
2022-07-02 07:22:24,315 [IPC Server handler 19 on default port 38347] INFO  volume.OMVolumeCreateRequest (OMVolumeCreateRequest.java:validateAndUpdateCache(195)) - created volume:volume-87987 for user:runner
2022-07-02 07:22:24,316 [Time-limited test] INFO  rpc.RpcClient (RpcClient.java:createBucket(669)) - Creating Bucket: volume-87987/bucket3, with bucket layout LEGACY, runner as owner, Versioning false, Storage Type set to DISK and Encryption set to false 
2022-07-02 07:22:24,317 [IPC Server handler 0 on default port 38347] INFO  bucket.OMBucketCreateRequest (OMBucketCreateRequest.java:validateAndUpdateCache(260)) - created bucket: bucket3 of layout LEGACY in volume: volume-87987
07:22:24.335 [IPC Server handler 1 on default port 38347] ERROR OMAudit - user=runner | ip=127.0.0.1 | op=READ_VOLUME {volume=volume-87987} | ret=FAILURE
org.apache.hadoop.ozone.om.exceptions.OMException: Volume volume-87987 is not found
	at org.apache.hadoop.ozone.om.VolumeManagerImpl.getVolumeInfo(VolumeManagerImpl.java:74) ~[ozone-manager-1.3.0-SNAPSHOT.jar:?]
	at org.apache.hadoop.ozone.om.OzoneManager.getVolumeInfo(OzoneManager.java:2602) ~[ozone-manager-1.3.0-SNAPSHOT.jar:?]
	at org.apache.hadoop.ozone.protocolPB.OzoneManagerRequestHandler.infoVolume(OzoneManagerRequestHandler.java:390) ~[ozone-manager-1.3.0-SNAPSHOT.jar:?]
	at org.apache.hadoop.ozone.protocolPB.OzoneManagerRequestHandler.handleReadRequest(OzoneManagerRequestHandler.java:162) ~[ozone-manager-1.3.0-SNAPSHOT.jar:?]
	at org.apache.hadoop.ozone.protocolPB.OzoneManagerProtocolServerSideTranslatorPB.submitRequestDirectlyToOM(OzoneManagerProtocolServerSideTranslatorPB.java:276) ~[ozone-manager-1.3.0-SNAPSHOT.jar:?]
	at org.apache.hadoop.ozone.protocolPB.OzoneManagerProtocolServerSideTranslatorPB.processRequest(OzoneManagerProtocolServerSideTranslatorPB.java:205) ~[ozone-manager-1.3.0-SNAPSHOT.jar:?]
	at org.apache.hadoop.hdds.server.OzoneProtocolMessageDispatcher.processRequest(OzoneProtocolMessageDispatcher.java:87) [hdds-server-framework-1.3.0-SNAPSHOT.jar:?]
	at org.apache.hadoop.ozone.protocolPB.OzoneManagerProtocolServerSideTranslatorPB.submitRequest(OzoneManagerProtocolServerSideTranslatorPB.java:147) [ozone-manager-1.3.0-SNAPSHOT.jar:?]
	at org.apache.hadoop.ozone.protocol.proto.OzoneManagerProtocolProtos$OzoneManagerService$2.callBlockingMethod(OzoneManagerProtocolProtos.java) [ozone-interface-client-1.3.0-SNAPSHOT.jar:?]
	at org.apache.hadoop.ipc.ProtobufRpcEngine$Server.processCall(ProtobufRpcEngine.java:466) [hadoop-common-3.3.1.jar:?]
	at org.apache.hadoop.ipc.ProtobufRpcEngine2$Server$ProtoBufRpcInvoker.call(ProtobufRpcEngine2.java:574) [hadoop-common-3.3.1.jar:?]
	at org.apache.hadoop.ipc.ProtobufRpcEngine2$Server$ProtoBufRpcInvoker.call(ProtobufRpcEngine2.java:552) [hadoop-common-3.3.1.jar:?]
	at org.apache.hadoop.ipc.RPC$Server.call(RPC.java:1093) [hadoop-common-3.3.1.jar:?]
	at org.apache.hadoop.ipc.Server$RpcCall.run(Server.java:1035) [hadoop-common-3.3.1.jar:?]
	at org.apache.hadoop.ipc.Server$RpcCall.run(Server.java:963) [hadoop-common-3.3.1.jar:?]
	at java.security.AccessController.doPrivileged(Native Method) ~[?:1.8.0_332]
	at javax.security.auth.Subject.doAs(Subject.java:422) [?:1.8.0_332]
	at org.apache.hadoop.security.UserGroupInformation.doAs(UserGroupInformation.java:1878) [hadoop-common-3.3.1.jar:?]
	at org.apache.hadoop.ipc.Server$Handler.run(Server.java:2966) [hadoop-common-3.3.1.jar:?]
]]></system-out>
  </testcase>
  <testcase name="testDeleteVolumeBucketAndKey" classname="TestRootedOzoneFileSystem" time="0.262">
    <system-out><![CDATA[2022-07-02 07:23:59,213 [Time-limited test] INFO  rpc.RpcClient (RpcClient.java:createVolume(466)) - Creating Volume: volume49679, with user41639 as owner and space quota set to -1 bytes, counts quota set to -1
2022-07-02 07:23:59,226 [OM StateMachine ApplyTransaction Thread - 0] INFO  volume.OMVolumeCreateRequest (OMVolumeCreateRequest.java:validateAndUpdateCache(195)) - created volume:volume49679 for user:user41639
2022-07-02 07:23:59,227 [Time-limited test] INFO  rpc.RpcClient (RpcClient.java:createBucket(669)) - Creating Bucket: volume49679/bucket95357, with bucket layout LEGACY, runner as owner, Versioning false, Storage Type set to DISK and Encryption set to false 
2022-07-02 07:23:59,232 [OM StateMachine ApplyTransaction Thread - 0] INFO  bucket.OMBucketCreateRequest (OMBucketCreateRequest.java:validateAndUpdateCache(260)) - created bucket: bucket95357 of layout LEGACY in volume: volume49679
07:23:59.234 [IPC Server handler 13 on default port 38259] ERROR OMAudit - user=runner | ip=127.0.0.1 | op=READ_BUCKET {volume=volume-26577, bucket=bucket3} | ret=FAILURE
org.apache.hadoop.ozone.om.exceptions.OMException: Volume not found when getting bucket info
	at org.apache.hadoop.ozone.om.BucketManagerImpl.getBucketInfo(BucketManagerImpl.java:127) ~[ozone-manager-1.3.0-SNAPSHOT.jar:?]
	at org.apache.hadoop.ozone.om.OzoneManager.getBucketInfo(OzoneManager.java:2778) ~[ozone-manager-1.3.0-SNAPSHOT.jar:?]
	at org.apache.hadoop.ozone.protocolPB.OzoneManagerRequestHandler.infoBucket(OzoneManagerRequestHandler.java:464) ~[ozone-manager-1.3.0-SNAPSHOT.jar:?]
	at org.apache.hadoop.ozone.protocolPB.OzoneManagerRequestHandler.handleReadRequest(OzoneManagerRequestHandler.java:172) ~[ozone-manager-1.3.0-SNAPSHOT.jar:?]
	at org.apache.hadoop.ozone.protocolPB.OzoneManagerProtocolServerSideTranslatorPB.submitReadRequestToOM(OzoneManagerProtocolServerSideTranslatorPB.java:226) ~[ozone-manager-1.3.0-SNAPSHOT.jar:?]
	at org.apache.hadoop.ozone.protocolPB.OzoneManagerProtocolServerSideTranslatorPB.processRequest(OzoneManagerProtocolServerSideTranslatorPB.java:175) ~[ozone-manager-1.3.0-SNAPSHOT.jar:?]
	at org.apache.hadoop.hdds.server.OzoneProtocolMessageDispatcher.processRequest(OzoneProtocolMessageDispatcher.java:87) [hdds-server-framework-1.3.0-SNAPSHOT.jar:?]
	at org.apache.hadoop.ozone.protocolPB.OzoneManagerProtocolServerSideTranslatorPB.submitRequest(OzoneManagerProtocolServerSideTranslatorPB.java:147) [ozone-manager-1.3.0-SNAPSHOT.jar:?]
	at org.apache.hadoop.ozone.protocol.proto.OzoneManagerProtocolProtos$OzoneManagerService$2.callBlockingMethod(OzoneManagerProtocolProtos.java) [ozone-interface-client-1.3.0-SNAPSHOT.jar:?]
	at org.apache.hadoop.ipc.ProtobufRpcEngine$Server.processCall(ProtobufRpcEngine.java:466) [hadoop-common-3.3.1.jar:?]
	at org.apache.hadoop.ipc.ProtobufRpcEngine2$Server$ProtoBufRpcInvoker.call(ProtobufRpcEngine2.java:574) [hadoop-common-3.3.1.jar:?]
	at org.apache.hadoop.ipc.ProtobufRpcEngine2$Server$ProtoBufRpcInvoker.call(ProtobufRpcEngine2.java:552) [hadoop-common-3.3.1.jar:?]
	at org.apache.hadoop.ipc.RPC$Server.call(RPC.java:1093) [hadoop-common-3.3.1.jar:?]
	at org.apache.hadoop.ipc.Server$RpcCall.run(Server.java:1035) [hadoop-common-3.3.1.jar:?]
	at org.apache.hadoop.ipc.Server$RpcCall.run(Server.java:963) [hadoop-common-3.3.1.jar:?]
	at java.security.AccessController.doPrivileged(Native Method) ~[?:1.8.0_332]
	at javax.security.auth.Subject.doAs(Subject.java:422) [?:1.8.0_332]
	at org.apache.hadoop.security.UserGroupInformation.doAs(UserGroupInformation.java:1878) [hadoop-common-3.3.1.jar:?]
	at org.apache.hadoop.ipc.Server$Handler.run(Server.java:2966) [hadoop-common-3.3.1.jar:?]
2022-07-02 07:23:59,235 [Time-limited test] INFO  rpc.RpcClient (RpcClient.java:createVolume(466)) - Creating Volume: volume-26577, with runner as owner and space quota set to -1 bytes, counts quota set to -1
2022-07-02 07:23:59,237 [OM StateMachine ApplyTransaction Thread - 0] INFO  volume.OMVolumeCreateRequest (OMVolumeCreateRequest.java:validateAndUpdateCache(195)) - created volume:volume-26577 for user:runner
2022-07-02 07:23:59,237 [Time-limited test] INFO  rpc.RpcClient (RpcClient.java:createBucket(669)) - Creating Bucket: volume-26577/bucket3, with bucket layout LEGACY, runner as owner, Versioning false, Storage Type set to DISK and Encryption set to false 
2022-07-02 07:23:59,239 [OM StateMachine ApplyTransaction Thread - 0] INFO  bucket.OMBucketCreateRequest (OMBucketCreateRequest.java:validateAndUpdateCache(260)) - created bucket: bucket3 of layout LEGACY in volume: volume-26577
07:23:59.244 [OM StateMachine ApplyTransaction Thread - 0] ERROR OMAudit - user=runner | ip=127.0.0.1 | op=DELETE_VOLUME {volume=volume-26577} | ret=FAILURE
org.apache.hadoop.ozone.om.exceptions.OMException: null
	at org.apache.hadoop.ozone.om.request.volume.OMVolumeDeleteRequest.validateAndUpdateCache(OMVolumeDeleteRequest.java:122) ~[ozone-manager-1.3.0-SNAPSHOT.jar:?]
	at org.apache.hadoop.ozone.protocolPB.OzoneManagerRequestHandler.handleWriteRequest(OzoneManagerRequestHandler.java:293) ~[ozone-manager-1.3.0-SNAPSHOT.jar:?]
	at org.apache.hadoop.ozone.om.ratis.OzoneManagerStateMachine.runCommand(OzoneManagerStateMachine.java:529) ~[ozone-manager-1.3.0-SNAPSHOT.jar:?]
	at org.apache.hadoop.ozone.om.ratis.OzoneManagerStateMachine.lambda$1(OzoneManagerStateMachine.java:324) ~[ozone-manager-1.3.0-SNAPSHOT.jar:?]
	at java.util.concurrent.CompletableFuture$AsyncSupply.run(CompletableFuture.java:1604) [?:1.8.0_332]
	at java.util.concurrent.ThreadPoolExecutor.runWorker(ThreadPoolExecutor.java:1149) [?:1.8.0_332]
	at java.util.concurrent.ThreadPoolExecutor$Worker.run(ThreadPoolExecutor.java:624) [?:1.8.0_332]
	at java.lang.Thread.run(Thread.java:750) [?:1.8.0_332]
2022-07-02 07:23:59,245 [OM StateMachine ApplyTransaction Thread - 0] ERROR volume.OMVolumeDeleteRequest (OMVolumeDeleteRequest.java:validateAndUpdateCache(170)) - Volume deletion failed for user:runner volume:volume-26577
VOLUME_NOT_EMPTY org.apache.hadoop.ozone.om.exceptions.OMException
	at org.apache.hadoop.ozone.om.request.volume.OMVolumeDeleteRequest.validateAndUpdateCache(OMVolumeDeleteRequest.java:122)
	at org.apache.hadoop.ozone.protocolPB.OzoneManagerRequestHandler.handleWriteRequest(OzoneManagerRequestHandler.java:293)
	at org.apache.hadoop.ozone.om.ratis.OzoneManagerStateMachine.runCommand(OzoneManagerStateMachine.java:529)
	at org.apache.hadoop.ozone.om.ratis.OzoneManagerStateMachine.lambda$1(OzoneManagerStateMachine.java:324)
	at java.util.concurrent.CompletableFuture$AsyncSupply.run(CompletableFuture.java:1604)
	at java.util.concurrent.ThreadPoolExecutor.runWorker(ThreadPoolExecutor.java:1149)
	at java.util.concurrent.ThreadPoolExecutor$Worker.run(ThreadPoolExecutor.java:624)
	at java.lang.Thread.run(Thread.java:750)
07:23:59.273 [IPC Server handler 10 on default port 38259] ERROR OMAudit - user=runner | ip=127.0.0.1 | op=READ_VOLUME {volume=volume-26577} | ret=FAILURE
org.apache.hadoop.ozone.om.exceptions.OMException: Volume volume-26577 is not found
	at org.apache.hadoop.ozone.om.VolumeManagerImpl.getVolumeInfo(VolumeManagerImpl.java:74) ~[ozone-manager-1.3.0-SNAPSHOT.jar:?]
	at org.apache.hadoop.ozone.om.OzoneManager.getVolumeInfo(OzoneManager.java:2602) ~[ozone-manager-1.3.0-SNAPSHOT.jar:?]
	at org.apache.hadoop.ozone.protocolPB.OzoneManagerRequestHandler.infoVolume(OzoneManagerRequestHandler.java:390) ~[ozone-manager-1.3.0-SNAPSHOT.jar:?]
	at org.apache.hadoop.ozone.protocolPB.OzoneManagerRequestHandler.handleReadRequest(OzoneManagerRequestHandler.java:162) ~[ozone-manager-1.3.0-SNAPSHOT.jar:?]
	at org.apache.hadoop.ozone.protocolPB.OzoneManagerProtocolServerSideTranslatorPB.submitReadRequestToOM(OzoneManagerProtocolServerSideTranslatorPB.java:226) ~[ozone-manager-1.3.0-SNAPSHOT.jar:?]
	at org.apache.hadoop.ozone.protocolPB.OzoneManagerProtocolServerSideTranslatorPB.processRequest(OzoneManagerProtocolServerSideTranslatorPB.java:175) ~[ozone-manager-1.3.0-SNAPSHOT.jar:?]
	at org.apache.hadoop.hdds.server.OzoneProtocolMessageDispatcher.processRequest(OzoneProtocolMessageDispatcher.java:87) [hdds-server-framework-1.3.0-SNAPSHOT.jar:?]
	at org.apache.hadoop.ozone.protocolPB.OzoneManagerProtocolServerSideTranslatorPB.submitRequest(OzoneManagerProtocolServerSideTranslatorPB.java:147) [ozone-manager-1.3.0-SNAPSHOT.jar:?]
	at org.apache.hadoop.ozone.protocol.proto.OzoneManagerProtocolProtos$OzoneManagerService$2.callBlockingMethod(OzoneManagerProtocolProtos.java) [ozone-interface-client-1.3.0-SNAPSHOT.jar:?]
	at org.apache.hadoop.ipc.ProtobufRpcEngine$Server.processCall(ProtobufRpcEngine.java:466) [hadoop-common-3.3.1.jar:?]
	at org.apache.hadoop.ipc.ProtobufRpcEngine2$Server$ProtoBufRpcInvoker.call(ProtobufRpcEngine2.java:574) [hadoop-common-3.3.1.jar:?]
	at org.apache.hadoop.ipc.ProtobufRpcEngine2$Server$ProtoBufRpcInvoker.call(ProtobufRpcEngine2.java:552) [hadoop-common-3.3.1.jar:?]
	at org.apache.hadoop.ipc.RPC$Server.call(RPC.java:1093) [hadoop-common-3.3.1.jar:?]
	at org.apache.hadoop.ipc.Server$RpcCall.run(Server.java:1035) [hadoop-common-3.3.1.jar:?]
	at org.apache.hadoop.ipc.Server$RpcCall.run(Server.java:963) [hadoop-common-3.3.1.jar:?]
	at java.security.AccessController.doPrivileged(Native Method) ~[?:1.8.0_332]
	at javax.security.auth.Subject.doAs(Subject.java:422) [?:1.8.0_332]
	at org.apache.hadoop.security.UserGroupInformation.doAs(UserGroupInformation.java:1878) [hadoop-common-3.3.1.jar:?]
	at org.apache.hadoop.ipc.Server$Handler.run(Server.java:2966) [hadoop-common-3.3.1.jar:?]
07:23:59.283 [IPC Server handler 9 on default port 38259] ERROR OMAudit - user=runner | ip=127.0.0.1 | op=READ_BUCKET {volume=volume-26577, bucket=bucket3} | ret=FAILURE
org.apache.hadoop.ozone.om.exceptions.OMException: Volume not found when getting bucket info
	at org.apache.hadoop.ozone.om.BucketManagerImpl.getBucketInfo(BucketManagerImpl.java:127) ~[ozone-manager-1.3.0-SNAPSHOT.jar:?]
	at org.apache.hadoop.ozone.om.OzoneManager.getBucketInfo(OzoneManager.java:2778) ~[ozone-manager-1.3.0-SNAPSHOT.jar:?]
	at org.apache.hadoop.ozone.protocolPB.OzoneManagerRequestHandler.infoBucket(OzoneManagerRequestHandler.java:464) ~[ozone-manager-1.3.0-SNAPSHOT.jar:?]
	at org.apache.hadoop.ozone.protocolPB.OzoneManagerRequestHandler.handleReadRequest(OzoneManagerRequestHandler.java:172) ~[ozone-manager-1.3.0-SNAPSHOT.jar:?]
	at org.apache.hadoop.ozone.protocolPB.OzoneManagerProtocolServerSideTranslatorPB.submitReadRequestToOM(OzoneManagerProtocolServerSideTranslatorPB.java:226) ~[ozone-manager-1.3.0-SNAPSHOT.jar:?]
	at org.apache.hadoop.ozone.protocolPB.OzoneManagerProtocolServerSideTranslatorPB.processRequest(OzoneManagerProtocolServerSideTranslatorPB.java:175) ~[ozone-manager-1.3.0-SNAPSHOT.jar:?]
	at org.apache.hadoop.hdds.server.OzoneProtocolMessageDispatcher.processRequest(OzoneProtocolMessageDispatcher.java:87) [hdds-server-framework-1.3.0-SNAPSHOT.jar:?]
	at org.apache.hadoop.ozone.protocolPB.OzoneManagerProtocolServerSideTranslatorPB.submitRequest(OzoneManagerProtocolServerSideTranslatorPB.java:147) [ozone-manager-1.3.0-SNAPSHOT.jar:?]
	at org.apache.hadoop.ozone.protocol.proto.OzoneManagerProtocolProtos$OzoneManagerService$2.callBlockingMethod(OzoneManagerProtocolProtos.java) [ozone-interface-client-1.3.0-SNAPSHOT.jar:?]
	at org.apache.hadoop.ipc.ProtobufRpcEngine$Server.processCall(ProtobufRpcEngine.java:466) [hadoop-common-3.3.1.jar:?]
	at org.apache.hadoop.ipc.ProtobufRpcEngine2$Server$ProtoBufRpcInvoker.call(ProtobufRpcEngine2.java:574) [hadoop-common-3.3.1.jar:?]
	at org.apache.hadoop.ipc.ProtobufRpcEngine2$Server$ProtoBufRpcInvoker.call(ProtobufRpcEngine2.java:552) [hadoop-common-3.3.1.jar:?]
	at org.apache.hadoop.ipc.RPC$Server.call(RPC.java:1093) [hadoop-common-3.3.1.jar:?]
	at org.apache.hadoop.ipc.Server$RpcCall.run(Server.java:1035) [hadoop-common-3.3.1.jar:?]
	at org.apache.hadoop.ipc.Server$RpcCall.run(Server.java:963) [hadoop-common-3.3.1.jar:?]
	at java.security.AccessController.doPrivileged(Native Method) ~[?:1.8.0_332]
	at javax.security.auth.Subject.doAs(Subject.java:422) [?:1.8.0_332]
	at org.apache.hadoop.security.UserGroupInformation.doAs(UserGroupInformation.java:1878) [hadoop-common-3.3.1.jar:?]
	at org.apache.hadoop.ipc.Server$Handler.run(Server.java:2966) [hadoop-common-3.3.1.jar:?]
2022-07-02 07:23:59,288 [Time-limited test] INFO  rpc.RpcClient (RpcClient.java:createVolume(466)) - Creating Volume: volume-26577, with runner as owner and space quota set to -1 bytes, counts quota set to -1
2022-07-02 07:23:59,289 [OM StateMachine ApplyTransaction Thread - 0] INFO  volume.OMVolumeCreateRequest (OMVolumeCreateRequest.java:validateAndUpdateCache(195)) - created volume:volume-26577 for user:runner
2022-07-02 07:23:59,291 [Time-limited test] INFO  rpc.RpcClient (RpcClient.java:createBucket(669)) - Creating Bucket: volume-26577/bucket3, with bucket layout LEGACY, runner as owner, Versioning false, Storage Type set to DISK and Encryption set to false 
2022-07-02 07:23:59,292 [OM StateMachine ApplyTransaction Thread - 0] INFO  bucket.OMBucketCreateRequest (OMBucketCreateRequest.java:validateAndUpdateCache(260)) - created bucket: bucket3 of layout LEGACY in volume: volume-26577
07:23:59.312 [IPC Server handler 6 on default port 38259] ERROR OMAudit - user=runner | ip=127.0.0.1 | op=READ_VOLUME {volume=volume-26577} | ret=FAILURE
org.apache.hadoop.ozone.om.exceptions.OMException: Volume volume-26577 is not found
	at org.apache.hadoop.ozone.om.VolumeManagerImpl.getVolumeInfo(VolumeManagerImpl.java:74) ~[ozone-manager-1.3.0-SNAPSHOT.jar:?]
	at org.apache.hadoop.ozone.om.OzoneManager.getVolumeInfo(OzoneManager.java:2602) ~[ozone-manager-1.3.0-SNAPSHOT.jar:?]
	at org.apache.hadoop.ozone.protocolPB.OzoneManagerRequestHandler.infoVolume(OzoneManagerRequestHandler.java:390) ~[ozone-manager-1.3.0-SNAPSHOT.jar:?]
	at org.apache.hadoop.ozone.protocolPB.OzoneManagerRequestHandler.handleReadRequest(OzoneManagerRequestHandler.java:162) ~[ozone-manager-1.3.0-SNAPSHOT.jar:?]
	at org.apache.hadoop.ozone.protocolPB.OzoneManagerProtocolServerSideTranslatorPB.submitReadRequestToOM(OzoneManagerProtocolServerSideTranslatorPB.java:226) ~[ozone-manager-1.3.0-SNAPSHOT.jar:?]
	at org.apache.hadoop.ozone.protocolPB.OzoneManagerProtocolServerSideTranslatorPB.processRequest(OzoneManagerProtocolServerSideTranslatorPB.java:175) ~[ozone-manager-1.3.0-SNAPSHOT.jar:?]
	at org.apache.hadoop.hdds.server.OzoneProtocolMessageDispatcher.processRequest(OzoneProtocolMessageDispatcher.java:87) [hdds-server-framework-1.3.0-SNAPSHOT.jar:?]
	at org.apache.hadoop.ozone.protocolPB.OzoneManagerProtocolServerSideTranslatorPB.submitRequest(OzoneManagerProtocolServerSideTranslatorPB.java:147) [ozone-manager-1.3.0-SNAPSHOT.jar:?]
	at org.apache.hadoop.ozone.protocol.proto.OzoneManagerProtocolProtos$OzoneManagerService$2.callBlockingMethod(OzoneManagerProtocolProtos.java) [ozone-interface-client-1.3.0-SNAPSHOT.jar:?]
	at org.apache.hadoop.ipc.ProtobufRpcEngine$Server.processCall(ProtobufRpcEngine.java:466) [hadoop-common-3.3.1.jar:?]
	at org.apache.hadoop.ipc.ProtobufRpcEngine2$Server$ProtoBufRpcInvoker.call(ProtobufRpcEngine2.java:574) [hadoop-common-3.3.1.jar:?]
	at org.apache.hadoop.ipc.ProtobufRpcEngine2$Server$ProtoBufRpcInvoker.call(ProtobufRpcEngine2.java:552) [hadoop-common-3.3.1.jar:?]
	at org.apache.hadoop.ipc.RPC$Server.call(RPC.java:1093) [hadoop-common-3.3.1.jar:?]
	at org.apache.hadoop.ipc.Server$RpcCall.run(Server.java:1035) [hadoop-common-3.3.1.jar:?]
	at org.apache.hadoop.ipc.Server$RpcCall.run(Server.java:963) [hadoop-common-3.3.1.jar:?]
	at java.security.AccessController.doPrivileged(Native Method) ~[?:1.8.0_332]
	at javax.security.auth.Subject.doAs(Subject.java:422) [?:1.8.0_332]
	at org.apache.hadoop.security.UserGroupInformation.doAs(UserGroupInformation.java:1878) [hadoop-common-3.3.1.jar:?]
	at org.apache.hadoop.ipc.Server$Handler.run(Server.java:2966) [hadoop-common-3.3.1.jar:?]
]]></system-out>
  </testcase>
  <testcase name="testDeleteVolumeBucketAndKey" classname="TestRootedOzoneFileSystem" time="0.212">
    <system-out><![CDATA[2022-07-02 07:25:30,357 [Time-limited test] INFO  rpc.RpcClient (RpcClient.java:createVolume(466)) - Creating Volume: volume84266, with user40750 as owner and space quota set to -1 bytes, counts quota set to -1
2022-07-02 07:25:30,358 [IPC Server handler 11 on default port 43657] INFO  volume.OMVolumeCreateRequest (OMVolumeCreateRequest.java:validateAndUpdateCache(195)) - created volume:volume84266 for user:user40750
2022-07-02 07:25:30,359 [Time-limited test] INFO  rpc.RpcClient (RpcClient.java:createBucket(669)) - Creating Bucket: volume84266/bucket27066, with bucket layout LEGACY, runner as owner, Versioning false, Storage Type set to DISK and Encryption set to false 
2022-07-02 07:25:30,359 [IPC Server handler 4 on default port 43657] INFO  bucket.OMBucketCreateRequest (OMBucketCreateRequest.java:validateAndUpdateCache(260)) - created bucket: bucket27066 of layout LEGACY in volume: volume84266
07:25:30.372 [IPC Server handler 7 on default port 43657] ERROR OMAudit - user=runner | ip=127.0.0.1 | op=READ_BUCKET {volume=volume-53924, bucket=bucket3} | ret=FAILURE
org.apache.hadoop.ozone.om.exceptions.OMException: Volume not found when getting bucket info
	at org.apache.hadoop.ozone.om.BucketManagerImpl.getBucketInfo(BucketManagerImpl.java:127) ~[ozone-manager-1.3.0-SNAPSHOT.jar:?]
	at org.apache.hadoop.ozone.om.OzoneManager.getBucketInfo(OzoneManager.java:2778) ~[ozone-manager-1.3.0-SNAPSHOT.jar:?]
	at org.apache.hadoop.ozone.protocolPB.OzoneManagerRequestHandler.infoBucket(OzoneManagerRequestHandler.java:464) ~[ozone-manager-1.3.0-SNAPSHOT.jar:?]
	at org.apache.hadoop.ozone.protocolPB.OzoneManagerRequestHandler.handleReadRequest(OzoneManagerRequestHandler.java:172) ~[ozone-manager-1.3.0-SNAPSHOT.jar:?]
	at org.apache.hadoop.ozone.protocolPB.OzoneManagerProtocolServerSideTranslatorPB.submitRequestDirectlyToOM(OzoneManagerProtocolServerSideTranslatorPB.java:276) ~[ozone-manager-1.3.0-SNAPSHOT.jar:?]
	at org.apache.hadoop.ozone.protocolPB.OzoneManagerProtocolServerSideTranslatorPB.processRequest(OzoneManagerProtocolServerSideTranslatorPB.java:205) ~[ozone-manager-1.3.0-SNAPSHOT.jar:?]
	at org.apache.hadoop.hdds.server.OzoneProtocolMessageDispatcher.processRequest(OzoneProtocolMessageDispatcher.java:87) [hdds-server-framework-1.3.0-SNAPSHOT.jar:?]
	at org.apache.hadoop.ozone.protocolPB.OzoneManagerProtocolServerSideTranslatorPB.submitRequest(OzoneManagerProtocolServerSideTranslatorPB.java:147) [ozone-manager-1.3.0-SNAPSHOT.jar:?]
	at org.apache.hadoop.ozone.protocol.proto.OzoneManagerProtocolProtos$OzoneManagerService$2.callBlockingMethod(OzoneManagerProtocolProtos.java) [ozone-interface-client-1.3.0-SNAPSHOT.jar:?]
	at org.apache.hadoop.ipc.ProtobufRpcEngine$Server.processCall(ProtobufRpcEngine.java:466) [hadoop-common-3.3.1.jar:?]
	at org.apache.hadoop.ipc.ProtobufRpcEngine2$Server$ProtoBufRpcInvoker.call(ProtobufRpcEngine2.java:574) [hadoop-common-3.3.1.jar:?]
	at org.apache.hadoop.ipc.ProtobufRpcEngine2$Server$ProtoBufRpcInvoker.call(ProtobufRpcEngine2.java:552) [hadoop-common-3.3.1.jar:?]
	at org.apache.hadoop.ipc.RPC$Server.call(RPC.java:1093) [hadoop-common-3.3.1.jar:?]
	at org.apache.hadoop.ipc.Server$RpcCall.run(Server.java:1035) [hadoop-common-3.3.1.jar:?]
	at org.apache.hadoop.ipc.Server$RpcCall.run(Server.java:963) [hadoop-common-3.3.1.jar:?]
	at java.security.AccessController.doPrivileged(Native Method) ~[?:1.8.0_332]
	at javax.security.auth.Subject.doAs(Subject.java:422) [?:1.8.0_332]
	at org.apache.hadoop.security.UserGroupInformation.doAs(UserGroupInformation.java:1878) [hadoop-common-3.3.1.jar:?]
	at org.apache.hadoop.ipc.Server$Handler.run(Server.java:2966) [hadoop-common-3.3.1.jar:?]
2022-07-02 07:25:30,373 [Time-limited test] INFO  rpc.RpcClient (RpcClient.java:createVolume(466)) - Creating Volume: volume-53924, with runner as owner and space quota set to -1 bytes, counts quota set to -1
2022-07-02 07:25:30,380 [IPC Server handler 9 on default port 43657] INFO  volume.OMVolumeCreateRequest (OMVolumeCreateRequest.java:validateAndUpdateCache(195)) - created volume:volume-53924 for user:runner
2022-07-02 07:25:30,381 [Time-limited test] INFO  rpc.RpcClient (RpcClient.java:createBucket(669)) - Creating Bucket: volume-53924/bucket3, with bucket layout LEGACY, runner as owner, Versioning false, Storage Type set to DISK and Encryption set to false 
2022-07-02 07:25:30,381 [IPC Server handler 12 on default port 43657] INFO  bucket.OMBucketCreateRequest (OMBucketCreateRequest.java:validateAndUpdateCache(260)) - created bucket: bucket3 of layout LEGACY in volume: volume-53924
07:25:30.386 [IPC Server handler 16 on default port 43657] ERROR OMAudit - user=runner | ip=127.0.0.1 | op=DELETE_VOLUME {volume=volume-53924} | ret=FAILURE
org.apache.hadoop.ozone.om.exceptions.OMException: null
	at org.apache.hadoop.ozone.om.request.volume.OMVolumeDeleteRequest.validateAndUpdateCache(OMVolumeDeleteRequest.java:122) ~[ozone-manager-1.3.0-SNAPSHOT.jar:?]
	at org.apache.hadoop.ozone.protocolPB.OzoneManagerRequestHandler.handleWriteRequest(OzoneManagerRequestHandler.java:293) ~[ozone-manager-1.3.0-SNAPSHOT.jar:?]
	at org.apache.hadoop.ozone.protocolPB.OzoneManagerProtocolServerSideTranslatorPB.submitRequestDirectlyToOM(OzoneManagerProtocolServerSideTranslatorPB.java:282) ~[ozone-manager-1.3.0-SNAPSHOT.jar:?]
	at org.apache.hadoop.ozone.protocolPB.OzoneManagerProtocolServerSideTranslatorPB.processRequest(OzoneManagerProtocolServerSideTranslatorPB.java:205) ~[ozone-manager-1.3.0-SNAPSHOT.jar:?]
	at org.apache.hadoop.hdds.server.OzoneProtocolMessageDispatcher.processRequest(OzoneProtocolMessageDispatcher.java:87) [hdds-server-framework-1.3.0-SNAPSHOT.jar:?]
	at org.apache.hadoop.ozone.protocolPB.OzoneManagerProtocolServerSideTranslatorPB.submitRequest(OzoneManagerProtocolServerSideTranslatorPB.java:147) [ozone-manager-1.3.0-SNAPSHOT.jar:?]
	at org.apache.hadoop.ozone.protocol.proto.OzoneManagerProtocolProtos$OzoneManagerService$2.callBlockingMethod(OzoneManagerProtocolProtos.java) [ozone-interface-client-1.3.0-SNAPSHOT.jar:?]
	at org.apache.hadoop.ipc.ProtobufRpcEngine$Server.processCall(ProtobufRpcEngine.java:466) [hadoop-common-3.3.1.jar:?]
	at org.apache.hadoop.ipc.ProtobufRpcEngine2$Server$ProtoBufRpcInvoker.call(ProtobufRpcEngine2.java:574) [hadoop-common-3.3.1.jar:?]
	at org.apache.hadoop.ipc.ProtobufRpcEngine2$Server$ProtoBufRpcInvoker.call(ProtobufRpcEngine2.java:552) [hadoop-common-3.3.1.jar:?]
	at org.apache.hadoop.ipc.RPC$Server.call(RPC.java:1093) [hadoop-common-3.3.1.jar:?]
	at org.apache.hadoop.ipc.Server$RpcCall.run(Server.java:1035) [hadoop-common-3.3.1.jar:?]
	at org.apache.hadoop.ipc.Server$RpcCall.run(Server.java:963) [hadoop-common-3.3.1.jar:?]
	at java.security.AccessController.doPrivileged(Native Method) ~[?:1.8.0_332]
	at javax.security.auth.Subject.doAs(Subject.java:422) [?:1.8.0_332]
	at org.apache.hadoop.security.UserGroupInformation.doAs(UserGroupInformation.java:1878) [hadoop-common-3.3.1.jar:?]
	at org.apache.hadoop.ipc.Server$Handler.run(Server.java:2966) [hadoop-common-3.3.1.jar:?]
2022-07-02 07:25:30,386 [IPC Server handler 16 on default port 43657] ERROR volume.OMVolumeDeleteRequest (OMVolumeDeleteRequest.java:validateAndUpdateCache(170)) - Volume deletion failed for user:runner volume:volume-53924
VOLUME_NOT_EMPTY org.apache.hadoop.ozone.om.exceptions.OMException
	at org.apache.hadoop.ozone.om.request.volume.OMVolumeDeleteRequest.validateAndUpdateCache(OMVolumeDeleteRequest.java:122)
	at org.apache.hadoop.ozone.protocolPB.OzoneManagerRequestHandler.handleWriteRequest(OzoneManagerRequestHandler.java:293)
	at org.apache.hadoop.ozone.protocolPB.OzoneManagerProtocolServerSideTranslatorPB.submitRequestDirectlyToOM(OzoneManagerProtocolServerSideTranslatorPB.java:282)
	at org.apache.hadoop.ozone.protocolPB.OzoneManagerProtocolServerSideTranslatorPB.processRequest(OzoneManagerProtocolServerSideTranslatorPB.java:205)
	at org.apache.hadoop.hdds.server.OzoneProtocolMessageDispatcher.processRequest(OzoneProtocolMessageDispatcher.java:87)
	at org.apache.hadoop.ozone.protocolPB.OzoneManagerProtocolServerSideTranslatorPB.submitRequest(OzoneManagerProtocolServerSideTranslatorPB.java:147)
	at org.apache.hadoop.ozone.protocol.proto.OzoneManagerProtocolProtos$OzoneManagerService$2.callBlockingMethod(OzoneManagerProtocolProtos.java)
	at org.apache.hadoop.ipc.ProtobufRpcEngine$Server.processCall(ProtobufRpcEngine.java:466)
	at org.apache.hadoop.ipc.ProtobufRpcEngine2$Server$ProtoBufRpcInvoker.call(ProtobufRpcEngine2.java:574)
	at org.apache.hadoop.ipc.ProtobufRpcEngine2$Server$ProtoBufRpcInvoker.call(ProtobufRpcEngine2.java:552)
	at org.apache.hadoop.ipc.RPC$Server.call(RPC.java:1093)
	at org.apache.hadoop.ipc.Server$RpcCall.run(Server.java:1035)
	at org.apache.hadoop.ipc.Server$RpcCall.run(Server.java:963)
	at java.security.AccessController.doPrivileged(Native Method)
	at javax.security.auth.Subject.doAs(Subject.java:422)
	at org.apache.hadoop.security.UserGroupInformation.doAs(UserGroupInformation.java:1878)
	at org.apache.hadoop.ipc.Server$Handler.run(Server.java:2966)
07:25:30.449 [IPC Server handler 16 on default port 43657] ERROR OMAudit - user=runner | ip=127.0.0.1 | op=READ_VOLUME {volume=volume-53924} | ret=FAILURE
org.apache.hadoop.ozone.om.exceptions.OMException: Volume volume-53924 is not found
	at org.apache.hadoop.ozone.om.VolumeManagerImpl.getVolumeInfo(VolumeManagerImpl.java:74) ~[ozone-manager-1.3.0-SNAPSHOT.jar:?]
	at org.apache.hadoop.ozone.om.OzoneManager.getVolumeInfo(OzoneManager.java:2602) ~[ozone-manager-1.3.0-SNAPSHOT.jar:?]
	at org.apache.hadoop.ozone.protocolPB.OzoneManagerRequestHandler.infoVolume(OzoneManagerRequestHandler.java:390) ~[ozone-manager-1.3.0-SNAPSHOT.jar:?]
	at org.apache.hadoop.ozone.protocolPB.OzoneManagerRequestHandler.handleReadRequest(OzoneManagerRequestHandler.java:162) ~[ozone-manager-1.3.0-SNAPSHOT.jar:?]
	at org.apache.hadoop.ozone.protocolPB.OzoneManagerProtocolServerSideTranslatorPB.submitRequestDirectlyToOM(OzoneManagerProtocolServerSideTranslatorPB.java:276) ~[ozone-manager-1.3.0-SNAPSHOT.jar:?]
	at org.apache.hadoop.ozone.protocolPB.OzoneManagerProtocolServerSideTranslatorPB.processRequest(OzoneManagerProtocolServerSideTranslatorPB.java:205) ~[ozone-manager-1.3.0-SNAPSHOT.jar:?]
	at org.apache.hadoop.hdds.server.OzoneProtocolMessageDispatcher.processRequest(OzoneProtocolMessageDispatcher.java:87) [hdds-server-framework-1.3.0-SNAPSHOT.jar:?]
	at org.apache.hadoop.ozone.protocolPB.OzoneManagerProtocolServerSideTranslatorPB.submitRequest(OzoneManagerProtocolServerSideTranslatorPB.java:147) [ozone-manager-1.3.0-SNAPSHOT.jar:?]
	at org.apache.hadoop.ozone.protocol.proto.OzoneManagerProtocolProtos$OzoneManagerService$2.callBlockingMethod(OzoneManagerProtocolProtos.java) [ozone-interface-client-1.3.0-SNAPSHOT.jar:?]
	at org.apache.hadoop.ipc.ProtobufRpcEngine$Server.processCall(ProtobufRpcEngine.java:466) [hadoop-common-3.3.1.jar:?]
	at org.apache.hadoop.ipc.ProtobufRpcEngine2$Server$ProtoBufRpcInvoker.call(ProtobufRpcEngine2.java:574) [hadoop-common-3.3.1.jar:?]
	at org.apache.hadoop.ipc.ProtobufRpcEngine2$Server$ProtoBufRpcInvoker.call(ProtobufRpcEngine2.java:552) [hadoop-common-3.3.1.jar:?]
	at org.apache.hadoop.ipc.RPC$Server.call(RPC.java:1093) [hadoop-common-3.3.1.jar:?]
	at org.apache.hadoop.ipc.Server$RpcCall.run(Server.java:1035) [hadoop-common-3.3.1.jar:?]
	at org.apache.hadoop.ipc.Server$RpcCall.run(Server.java:963) [hadoop-common-3.3.1.jar:?]
	at java.security.AccessController.doPrivileged(Native Method) ~[?:1.8.0_332]
	at javax.security.auth.Subject.doAs(Subject.java:422) [?:1.8.0_332]
	at org.apache.hadoop.security.UserGroupInformation.doAs(UserGroupInformation.java:1878) [hadoop-common-3.3.1.jar:?]
	at org.apache.hadoop.ipc.Server$Handler.run(Server.java:2966) [hadoop-common-3.3.1.jar:?]
07:25:30.452 [IPC Server handler 17 on default port 43657] ERROR OMAudit - user=runner | ip=127.0.0.1 | op=READ_BUCKET {volume=volume-53924, bucket=bucket3} | ret=FAILURE
org.apache.hadoop.ozone.om.exceptions.OMException: Volume not found when getting bucket info
	at org.apache.hadoop.ozone.om.BucketManagerImpl.getBucketInfo(BucketManagerImpl.java:127) ~[ozone-manager-1.3.0-SNAPSHOT.jar:?]
	at org.apache.hadoop.ozone.om.OzoneManager.getBucketInfo(OzoneManager.java:2778) ~[ozone-manager-1.3.0-SNAPSHOT.jar:?]
	at org.apache.hadoop.ozone.protocolPB.OzoneManagerRequestHandler.infoBucket(OzoneManagerRequestHandler.java:464) ~[ozone-manager-1.3.0-SNAPSHOT.jar:?]
	at org.apache.hadoop.ozone.protocolPB.OzoneManagerRequestHandler.handleReadRequest(OzoneManagerRequestHandler.java:172) ~[ozone-manager-1.3.0-SNAPSHOT.jar:?]
	at org.apache.hadoop.ozone.protocolPB.OzoneManagerProtocolServerSideTranslatorPB.submitRequestDirectlyToOM(OzoneManagerProtocolServerSideTranslatorPB.java:276) ~[ozone-manager-1.3.0-SNAPSHOT.jar:?]
	at org.apache.hadoop.ozone.protocolPB.OzoneManagerProtocolServerSideTranslatorPB.processRequest(OzoneManagerProtocolServerSideTranslatorPB.java:205) ~[ozone-manager-1.3.0-SNAPSHOT.jar:?]
	at org.apache.hadoop.hdds.server.OzoneProtocolMessageDispatcher.processRequest(OzoneProtocolMessageDispatcher.java:87) [hdds-server-framework-1.3.0-SNAPSHOT.jar:?]
	at org.apache.hadoop.ozone.protocolPB.OzoneManagerProtocolServerSideTranslatorPB.submitRequest(OzoneManagerProtocolServerSideTranslatorPB.java:147) [ozone-manager-1.3.0-SNAPSHOT.jar:?]
	at org.apache.hadoop.ozone.protocol.proto.OzoneManagerProtocolProtos$OzoneManagerService$2.callBlockingMethod(OzoneManagerProtocolProtos.java) [ozone-interface-client-1.3.0-SNAPSHOT.jar:?]
	at org.apache.hadoop.ipc.ProtobufRpcEngine$Server.processCall(ProtobufRpcEngine.java:466) [hadoop-common-3.3.1.jar:?]
	at org.apache.hadoop.ipc.ProtobufRpcEngine2$Server$ProtoBufRpcInvoker.call(ProtobufRpcEngine2.java:574) [hadoop-common-3.3.1.jar:?]
	at org.apache.hadoop.ipc.ProtobufRpcEngine2$Server$ProtoBufRpcInvoker.call(ProtobufRpcEngine2.java:552) [hadoop-common-3.3.1.jar:?]
	at org.apache.hadoop.ipc.RPC$Server.call(RPC.java:1093) [hadoop-common-3.3.1.jar:?]
	at org.apache.hadoop.ipc.Server$RpcCall.run(Server.java:1035) [hadoop-common-3.3.1.jar:?]
	at org.apache.hadoop.ipc.Server$RpcCall.run(Server.java:963) [hadoop-common-3.3.1.jar:?]
	at java.security.AccessController.doPrivileged(Native Method) ~[?:1.8.0_332]
	at javax.security.auth.Subject.doAs(Subject.java:422) [?:1.8.0_332]
	at org.apache.hadoop.security.UserGroupInformation.doAs(UserGroupInformation.java:1878) [hadoop-common-3.3.1.jar:?]
	at org.apache.hadoop.ipc.Server$Handler.run(Server.java:2966) [hadoop-common-3.3.1.jar:?]
2022-07-02 07:25:30,453 [Time-limited test] INFO  rpc.RpcClient (RpcClient.java:createVolume(466)) - Creating Volume: volume-53924, with runner as owner and space quota set to -1 bytes, counts quota set to -1
2022-07-02 07:25:30,453 [IPC Server handler 2 on default port 43657] INFO  volume.OMVolumeCreateRequest (OMVolumeCreateRequest.java:validateAndUpdateCache(195)) - created volume:volume-53924 for user:runner
2022-07-02 07:25:30,454 [Time-limited test] INFO  rpc.RpcClient (RpcClient.java:createBucket(669)) - Creating Bucket: volume-53924/bucket3, with bucket layout LEGACY, runner as owner, Versioning false, Storage Type set to DISK and Encryption set to false 
2022-07-02 07:25:30,454 [IPC Server handler 0 on default port 43657] INFO  bucket.OMBucketCreateRequest (OMBucketCreateRequest.java:validateAndUpdateCache(260)) - created bucket: bucket3 of layout LEGACY in volume: volume-53924
07:25:30.461 [IPC Server handler 8 on default port 43657] ERROR OMAudit - user=runner | ip=127.0.0.1 | op=READ_VOLUME {volume=volume-53924} | ret=FAILURE
org.apache.hadoop.ozone.om.exceptions.OMException: Volume volume-53924 is not found
	at org.apache.hadoop.ozone.om.VolumeManagerImpl.getVolumeInfo(VolumeManagerImpl.java:74) ~[ozone-manager-1.3.0-SNAPSHOT.jar:?]
	at org.apache.hadoop.ozone.om.OzoneManager.getVolumeInfo(OzoneManager.java:2602) ~[ozone-manager-1.3.0-SNAPSHOT.jar:?]
	at org.apache.hadoop.ozone.protocolPB.OzoneManagerRequestHandler.infoVolume(OzoneManagerRequestHandler.java:390) ~[ozone-manager-1.3.0-SNAPSHOT.jar:?]
	at org.apache.hadoop.ozone.protocolPB.OzoneManagerRequestHandler.handleReadRequest(OzoneManagerRequestHandler.java:162) ~[ozone-manager-1.3.0-SNAPSHOT.jar:?]
	at org.apache.hadoop.ozone.protocolPB.OzoneManagerProtocolServerSideTranslatorPB.submitRequestDirectlyToOM(OzoneManagerProtocolServerSideTranslatorPB.java:276) ~[ozone-manager-1.3.0-SNAPSHOT.jar:?]
	at org.apache.hadoop.ozone.protocolPB.OzoneManagerProtocolServerSideTranslatorPB.processRequest(OzoneManagerProtocolServerSideTranslatorPB.java:205) ~[ozone-manager-1.3.0-SNAPSHOT.jar:?]
	at org.apache.hadoop.hdds.server.OzoneProtocolMessageDispatcher.processRequest(OzoneProtocolMessageDispatcher.java:87) [hdds-server-framework-1.3.0-SNAPSHOT.jar:?]
	at org.apache.hadoop.ozone.protocolPB.OzoneManagerProtocolServerSideTranslatorPB.submitRequest(OzoneManagerProtocolServerSideTranslatorPB.java:147) [ozone-manager-1.3.0-SNAPSHOT.jar:?]
	at org.apache.hadoop.ozone.protocol.proto.OzoneManagerProtocolProtos$OzoneManagerService$2.callBlockingMethod(OzoneManagerProtocolProtos.java) [ozone-interface-client-1.3.0-SNAPSHOT.jar:?]
	at org.apache.hadoop.ipc.ProtobufRpcEngine$Server.processCall(ProtobufRpcEngine.java:466) [hadoop-common-3.3.1.jar:?]
	at org.apache.hadoop.ipc.ProtobufRpcEngine2$Server$ProtoBufRpcInvoker.call(ProtobufRpcEngine2.java:574) [hadoop-common-3.3.1.jar:?]
	at org.apache.hadoop.ipc.ProtobufRpcEngine2$Server$ProtoBufRpcInvoker.call(ProtobufRpcEngine2.java:552) [hadoop-common-3.3.1.jar:?]
	at org.apache.hadoop.ipc.RPC$Server.call(RPC.java:1093) [hadoop-common-3.3.1.jar:?]
	at org.apache.hadoop.ipc.Server$RpcCall.run(Server.java:1035) [hadoop-common-3.3.1.jar:?]
	at org.apache.hadoop.ipc.Server$RpcCall.run(Server.java:963) [hadoop-common-3.3.1.jar:?]
	at java.security.AccessController.doPrivileged(Native Method) ~[?:1.8.0_332]
	at javax.security.auth.Subject.doAs(Subject.java:422) [?:1.8.0_332]
	at org.apache.hadoop.security.UserGroupInformation.doAs(UserGroupInformation.java:1878) [hadoop-common-3.3.1.jar:?]
	at org.apache.hadoop.ipc.Server$Handler.run(Server.java:2966) [hadoop-common-3.3.1.jar:?]
]]></system-out>
  </testcase>
  <testcase name="testRenameToParentDir" classname="TestRootedOzoneFileSystem" time="0.139">
    <system-out><![CDATA[2022-07-02 07:20:00,685 [Time-limited test] INFO  rpc.RpcClient (RpcClient.java:createVolume(466)) - Creating Volume: volume43272, with user53762 as owner and space quota set to -1 bytes, counts quota set to -1
2022-07-02 07:20:00,690 [OM StateMachine ApplyTransaction Thread - 0] INFO  volume.OMVolumeCreateRequest (OMVolumeCreateRequest.java:validateAndUpdateCache(195)) - created volume:volume43272 for user:user53762
2022-07-02 07:20:00,694 [Time-limited test] INFO  rpc.RpcClient (RpcClient.java:createBucket(669)) - Creating Bucket: volume43272/bucket17459, with bucket layout LEGACY, runner as owner, Versioning false, Storage Type set to DISK and Encryption set to false 
2022-07-02 07:20:00,696 [OM StateMachine ApplyTransaction Thread - 0] INFO  bucket.OMBucketCreateRequest (OMBucketCreateRequest.java:validateAndUpdateCache(260)) - created bucket: bucket17459 of layout LEGACY in volume: volume43272
07:20:00.722 [IPC Server handler 1 on default port 41977] ERROR OMAudit - user=runner | ip=127.0.0.1 | op=LIST_STATUS {volume=volume43272, bucket=bucket17459, key=root_dir/dir2, dataSize=0, replicationConfig=null} | ret=FAILURE
org.apache.hadoop.ozone.om.exceptions.OMException: Unable to get file status: volume: volume43272 bucket: bucket17459 key: root_dir/dir2
	at org.apache.hadoop.ozone.om.KeyManagerImpl.getOzoneFileStatus(KeyManagerImpl.java:1311) ~[ozone-manager-1.3.0-SNAPSHOT.jar:?]
	at org.apache.hadoop.ozone.om.KeyManagerImpl.getFileStatus(KeyManagerImpl.java:1241) ~[ozone-manager-1.3.0-SNAPSHOT.jar:?]
	at org.apache.hadoop.ozone.om.KeyManagerImpl.listStatus(KeyManagerImpl.java:1565) ~[ozone-manager-1.3.0-SNAPSHOT.jar:?]
	at org.apache.hadoop.ozone.om.OzoneManager.listStatus(OzoneManager.java:3497) ~[ozone-manager-1.3.0-SNAPSHOT.jar:?]
	at org.apache.hadoop.ozone.protocolPB.OzoneManagerRequestHandler.listStatus(OzoneManagerRequestHandler.java:1028) ~[ozone-manager-1.3.0-SNAPSHOT.jar:?]
	at org.apache.hadoop.ozone.protocolPB.OzoneManagerRequestHandler.handleReadRequest(OzoneManagerRequestHandler.java:228) ~[ozone-manager-1.3.0-SNAPSHOT.jar:?]
	at org.apache.hadoop.ozone.protocolPB.OzoneManagerProtocolServerSideTranslatorPB.submitReadRequestToOM(OzoneManagerProtocolServerSideTranslatorPB.java:226) ~[ozone-manager-1.3.0-SNAPSHOT.jar:?]
	at org.apache.hadoop.ozone.protocolPB.OzoneManagerProtocolServerSideTranslatorPB.processRequest(OzoneManagerProtocolServerSideTranslatorPB.java:175) ~[ozone-manager-1.3.0-SNAPSHOT.jar:?]
	at org.apache.hadoop.hdds.server.OzoneProtocolMessageDispatcher.processRequest(OzoneProtocolMessageDispatcher.java:87) [hdds-server-framework-1.3.0-SNAPSHOT.jar:?]
	at org.apache.hadoop.ozone.protocolPB.OzoneManagerProtocolServerSideTranslatorPB.submitRequest(OzoneManagerProtocolServerSideTranslatorPB.java:147) [ozone-manager-1.3.0-SNAPSHOT.jar:?]
	at org.apache.hadoop.ozone.protocol.proto.OzoneManagerProtocolProtos$OzoneManagerService$2.callBlockingMethod(OzoneManagerProtocolProtos.java) [ozone-interface-client-1.3.0-SNAPSHOT.jar:?]
	at org.apache.hadoop.ipc.ProtobufRpcEngine$Server.processCall(ProtobufRpcEngine.java:466) [hadoop-common-3.3.1.jar:?]
	at org.apache.hadoop.ipc.ProtobufRpcEngine2$Server$ProtoBufRpcInvoker.call(ProtobufRpcEngine2.java:574) [hadoop-common-3.3.1.jar:?]
	at org.apache.hadoop.ipc.ProtobufRpcEngine2$Server$ProtoBufRpcInvoker.call(ProtobufRpcEngine2.java:552) [hadoop-common-3.3.1.jar:?]
	at org.apache.hadoop.ipc.RPC$Server.call(RPC.java:1093) [hadoop-common-3.3.1.jar:?]
	at org.apache.hadoop.ipc.Server$RpcCall.run(Server.java:1035) [hadoop-common-3.3.1.jar:?]
	at org.apache.hadoop.ipc.Server$RpcCall.run(Server.java:963) [hadoop-common-3.3.1.jar:?]
	at java.security.AccessController.doPrivileged(Native Method) ~[?:1.8.0_332]
	at javax.security.auth.Subject.doAs(Subject.java:422) [?:1.8.0_332]
	at org.apache.hadoop.security.UserGroupInformation.doAs(UserGroupInformation.java:1878) [hadoop-common-3.3.1.jar:?]
	at org.apache.hadoop.ipc.Server$Handler.run(Server.java:2966) [hadoop-common-3.3.1.jar:?]
07:20:00.744 [IPC Server handler 19 on default port 41977] ERROR OMAudit - user=runner | ip=127.0.0.1 | op=LIST_STATUS {volume=volume43272, bucket=bucket17459, key=root_dir/file2, dataSize=0, replicationConfig=null} | ret=FAILURE
org.apache.hadoop.ozone.om.exceptions.OMException: Unable to get file status: volume: volume43272 bucket: bucket17459 key: root_dir/file2
	at org.apache.hadoop.ozone.om.KeyManagerImpl.getOzoneFileStatus(KeyManagerImpl.java:1311) ~[ozone-manager-1.3.0-SNAPSHOT.jar:?]
	at org.apache.hadoop.ozone.om.KeyManagerImpl.getFileStatus(KeyManagerImpl.java:1241) ~[ozone-manager-1.3.0-SNAPSHOT.jar:?]
	at org.apache.hadoop.ozone.om.KeyManagerImpl.listStatus(KeyManagerImpl.java:1565) ~[ozone-manager-1.3.0-SNAPSHOT.jar:?]
	at org.apache.hadoop.ozone.om.OzoneManager.listStatus(OzoneManager.java:3497) ~[ozone-manager-1.3.0-SNAPSHOT.jar:?]
	at org.apache.hadoop.ozone.protocolPB.OzoneManagerRequestHandler.listStatus(OzoneManagerRequestHandler.java:1028) ~[ozone-manager-1.3.0-SNAPSHOT.jar:?]
	at org.apache.hadoop.ozone.protocolPB.OzoneManagerRequestHandler.handleReadRequest(OzoneManagerRequestHandler.java:228) ~[ozone-manager-1.3.0-SNAPSHOT.jar:?]
	at org.apache.hadoop.ozone.protocolPB.OzoneManagerProtocolServerSideTranslatorPB.submitReadRequestToOM(OzoneManagerProtocolServerSideTranslatorPB.java:226) ~[ozone-manager-1.3.0-SNAPSHOT.jar:?]
	at org.apache.hadoop.ozone.protocolPB.OzoneManagerProtocolServerSideTranslatorPB.processRequest(OzoneManagerProtocolServerSideTranslatorPB.java:175) ~[ozone-manager-1.3.0-SNAPSHOT.jar:?]
	at org.apache.hadoop.hdds.server.OzoneProtocolMessageDispatcher.processRequest(OzoneProtocolMessageDispatcher.java:87) [hdds-server-framework-1.3.0-SNAPSHOT.jar:?]
	at org.apache.hadoop.ozone.protocolPB.OzoneManagerProtocolServerSideTranslatorPB.submitRequest(OzoneManagerProtocolServerSideTranslatorPB.java:147) [ozone-manager-1.3.0-SNAPSHOT.jar:?]
	at org.apache.hadoop.ozone.protocol.proto.OzoneManagerProtocolProtos$OzoneManagerService$2.callBlockingMethod(OzoneManagerProtocolProtos.java) [ozone-interface-client-1.3.0-SNAPSHOT.jar:?]
	at org.apache.hadoop.ipc.ProtobufRpcEngine$Server.processCall(ProtobufRpcEngine.java:466) [hadoop-common-3.3.1.jar:?]
	at org.apache.hadoop.ipc.ProtobufRpcEngine2$Server$ProtoBufRpcInvoker.call(ProtobufRpcEngine2.java:574) [hadoop-common-3.3.1.jar:?]
	at org.apache.hadoop.ipc.ProtobufRpcEngine2$Server$ProtoBufRpcInvoker.call(ProtobufRpcEngine2.java:552) [hadoop-common-3.3.1.jar:?]
	at org.apache.hadoop.ipc.RPC$Server.call(RPC.java:1093) [hadoop-common-3.3.1.jar:?]
	at org.apache.hadoop.ipc.Server$RpcCall.run(Server.java:1035) [hadoop-common-3.3.1.jar:?]
	at org.apache.hadoop.ipc.Server$RpcCall.run(Server.java:963) [hadoop-common-3.3.1.jar:?]
	at java.security.AccessController.doPrivileged(Native Method) ~[?:1.8.0_332]
	at javax.security.auth.Subject.doAs(Subject.java:422) [?:1.8.0_332]
	at org.apache.hadoop.security.UserGroupInformation.doAs(UserGroupInformation.java:1878) [hadoop-common-3.3.1.jar:?]
	at org.apache.hadoop.ipc.Server$Handler.run(Server.java:2966) [hadoop-common-3.3.1.jar:?]
07:20:00.762 [IPC Server handler 13 on default port 41977] ERROR OMAudit - user=runner | ip=127.0.0.1 | op=GET_FILE_STATUS {volume=volume43272, bucket=bucket17459, key=root_dir/dir1/file2, dataSize=0, replicationConfig=null} | ret=FAILURE
org.apache.hadoop.ozone.om.exceptions.OMException: Unable to get file status: volume: volume43272 bucket: bucket17459 key: root_dir/dir1/file2
	at org.apache.hadoop.ozone.om.KeyManagerImpl.getOzoneFileStatus(KeyManagerImpl.java:1311) ~[ozone-manager-1.3.0-SNAPSHOT.jar:?]
	at org.apache.hadoop.ozone.om.KeyManagerImpl.getFileStatus(KeyManagerImpl.java:1241) ~[ozone-manager-1.3.0-SNAPSHOT.jar:?]
	at org.apache.hadoop.ozone.om.OzoneManager.getFileStatus(OzoneManager.java:3419) ~[ozone-manager-1.3.0-SNAPSHOT.jar:?]
	at org.apache.hadoop.ozone.protocolPB.OzoneManagerRequestHandler.getOzoneFileStatus(OzoneManagerRequestHandler.java:871) ~[ozone-manager-1.3.0-SNAPSHOT.jar:?]
	at org.apache.hadoop.ozone.protocolPB.OzoneManagerRequestHandler.handleReadRequest(OzoneManagerRequestHandler.java:217) ~[ozone-manager-1.3.0-SNAPSHOT.jar:?]
	at org.apache.hadoop.ozone.protocolPB.OzoneManagerProtocolServerSideTranslatorPB.submitReadRequestToOM(OzoneManagerProtocolServerSideTranslatorPB.java:226) ~[ozone-manager-1.3.0-SNAPSHOT.jar:?]
	at org.apache.hadoop.ozone.protocolPB.OzoneManagerProtocolServerSideTranslatorPB.processRequest(OzoneManagerProtocolServerSideTranslatorPB.java:175) ~[ozone-manager-1.3.0-SNAPSHOT.jar:?]
	at org.apache.hadoop.hdds.server.OzoneProtocolMessageDispatcher.processRequest(OzoneProtocolMessageDispatcher.java:87) [hdds-server-framework-1.3.0-SNAPSHOT.jar:?]
	at org.apache.hadoop.ozone.protocolPB.OzoneManagerProtocolServerSideTranslatorPB.submitRequest(OzoneManagerProtocolServerSideTranslatorPB.java:147) [ozone-manager-1.3.0-SNAPSHOT.jar:?]
	at org.apache.hadoop.ozone.protocol.proto.OzoneManagerProtocolProtos$OzoneManagerService$2.callBlockingMethod(OzoneManagerProtocolProtos.java) [ozone-interface-client-1.3.0-SNAPSHOT.jar:?]
	at org.apache.hadoop.ipc.ProtobufRpcEngine$Server.processCall(ProtobufRpcEngine.java:466) [hadoop-common-3.3.1.jar:?]
	at org.apache.hadoop.ipc.ProtobufRpcEngine2$Server$ProtoBufRpcInvoker.call(ProtobufRpcEngine2.java:574) [hadoop-common-3.3.1.jar:?]
	at org.apache.hadoop.ipc.ProtobufRpcEngine2$Server$ProtoBufRpcInvoker.call(ProtobufRpcEngine2.java:552) [hadoop-common-3.3.1.jar:?]
	at org.apache.hadoop.ipc.RPC$Server.call(RPC.java:1093) [hadoop-common-3.3.1.jar:?]
	at org.apache.hadoop.ipc.Server$RpcCall.run(Server.java:1035) [hadoop-common-3.3.1.jar:?]
	at org.apache.hadoop.ipc.Server$RpcCall.run(Server.java:963) [hadoop-common-3.3.1.jar:?]
	at java.security.AccessController.doPrivileged(Native Method) ~[?:1.8.0_332]
	at javax.security.auth.Subject.doAs(Subject.java:422) [?:1.8.0_332]
	at org.apache.hadoop.security.UserGroupInformation.doAs(UserGroupInformation.java:1878) [hadoop-common-3.3.1.jar:?]
	at org.apache.hadoop.ipc.Server$Handler.run(Server.java:2966) [hadoop-common-3.3.1.jar:?]
2022-07-02 07:20:00,762 [Time-limited test] WARN  ozone.BasicRootedOzoneFileSystem (BasicRootedOzoneFileSystem.java:delete(572)) - delete: Path does not exist: /volume43272/bucket17459/root_dir/dir1/file2
07:20:00.764 [IPC Server handler 10 on default port 41977] ERROR OMAudit - user=runner | ip=127.0.0.1 | op=GET_FILE_STATUS {volume=volume43272, bucket=bucket17459, key=root_dir/dir1/dir2, dataSize=0, replicationConfig=null} | ret=FAILURE
org.apache.hadoop.ozone.om.exceptions.OMException: Unable to get file status: volume: volume43272 bucket: bucket17459 key: root_dir/dir1/dir2
	at org.apache.hadoop.ozone.om.KeyManagerImpl.getOzoneFileStatus(KeyManagerImpl.java:1311) ~[ozone-manager-1.3.0-SNAPSHOT.jar:?]
	at org.apache.hadoop.ozone.om.KeyManagerImpl.getFileStatus(KeyManagerImpl.java:1241) ~[ozone-manager-1.3.0-SNAPSHOT.jar:?]
	at org.apache.hadoop.ozone.om.OzoneManager.getFileStatus(OzoneManager.java:3419) ~[ozone-manager-1.3.0-SNAPSHOT.jar:?]
	at org.apache.hadoop.ozone.protocolPB.OzoneManagerRequestHandler.getOzoneFileStatus(OzoneManagerRequestHandler.java:871) ~[ozone-manager-1.3.0-SNAPSHOT.jar:?]
	at org.apache.hadoop.ozone.protocolPB.OzoneManagerRequestHandler.handleReadRequest(OzoneManagerRequestHandler.java:217) ~[ozone-manager-1.3.0-SNAPSHOT.jar:?]
	at org.apache.hadoop.ozone.protocolPB.OzoneManagerProtocolServerSideTranslatorPB.submitReadRequestToOM(OzoneManagerProtocolServerSideTranslatorPB.java:226) ~[ozone-manager-1.3.0-SNAPSHOT.jar:?]
	at org.apache.hadoop.ozone.protocolPB.OzoneManagerProtocolServerSideTranslatorPB.processRequest(OzoneManagerProtocolServerSideTranslatorPB.java:175) ~[ozone-manager-1.3.0-SNAPSHOT.jar:?]
	at org.apache.hadoop.hdds.server.OzoneProtocolMessageDispatcher.processRequest(OzoneProtocolMessageDispatcher.java:87) [hdds-server-framework-1.3.0-SNAPSHOT.jar:?]
	at org.apache.hadoop.ozone.protocolPB.OzoneManagerProtocolServerSideTranslatorPB.submitRequest(OzoneManagerProtocolServerSideTranslatorPB.java:147) [ozone-manager-1.3.0-SNAPSHOT.jar:?]
	at org.apache.hadoop.ozone.protocol.proto.OzoneManagerProtocolProtos$OzoneManagerService$2.callBlockingMethod(OzoneManagerProtocolProtos.java) [ozone-interface-client-1.3.0-SNAPSHOT.jar:?]
	at org.apache.hadoop.ipc.ProtobufRpcEngine$Server.processCall(ProtobufRpcEngine.java:466) [hadoop-common-3.3.1.jar:?]
	at org.apache.hadoop.ipc.ProtobufRpcEngine2$Server$ProtoBufRpcInvoker.call(ProtobufRpcEngine2.java:574) [hadoop-common-3.3.1.jar:?]
	at org.apache.hadoop.ipc.ProtobufRpcEngine2$Server$ProtoBufRpcInvoker.call(ProtobufRpcEngine2.java:552) [hadoop-common-3.3.1.jar:?]
	at org.apache.hadoop.ipc.RPC$Server.call(RPC.java:1093) [hadoop-common-3.3.1.jar:?]
	at org.apache.hadoop.ipc.Server$RpcCall.run(Server.java:1035) [hadoop-common-3.3.1.jar:?]
	at org.apache.hadoop.ipc.Server$RpcCall.run(Server.java:963) [hadoop-common-3.3.1.jar:?]
	at java.security.AccessController.doPrivileged(Native Method) ~[?:1.8.0_332]
	at javax.security.auth.Subject.doAs(Subject.java:422) [?:1.8.0_332]
	at org.apache.hadoop.security.UserGroupInformation.doAs(UserGroupInformation.java:1878) [hadoop-common-3.3.1.jar:?]
	at org.apache.hadoop.ipc.Server$Handler.run(Server.java:2966) [hadoop-common-3.3.1.jar:?]
2022-07-02 07:20:00,765 [Time-limited test] WARN  ozone.BasicRootedOzoneFileSystem (BasicRootedOzoneFileSystem.java:delete(572)) - delete: Path does not exist: /volume43272/bucket17459/root_dir/dir1/dir2
]]></system-out>
  </testcase>
  <testcase name="testRenameToParentDir" classname="TestRootedOzoneFileSystem" time="0.154">
    <system-out><![CDATA[2022-07-02 07:21:12,575 [Time-limited test] INFO  rpc.RpcClient (RpcClient.java:createVolume(466)) - Creating Volume: volume29515, with user54999 as owner and space quota set to -1 bytes, counts quota set to -1
2022-07-02 07:21:12,577 [OM StateMachine ApplyTransaction Thread - 0] INFO  volume.OMVolumeCreateRequest (OMVolumeCreateRequest.java:validateAndUpdateCache(195)) - created volume:volume29515 for user:user54999
2022-07-02 07:21:12,578 [Time-limited test] INFO  rpc.RpcClient (RpcClient.java:createBucket(669)) - Creating Bucket: volume29515/bucket39666, with bucket layout LEGACY, runner as owner, Versioning false, Storage Type set to DISK and Encryption set to false 
2022-07-02 07:21:12,579 [OM StateMachine ApplyTransaction Thread - 0] INFO  bucket.OMBucketCreateRequest (OMBucketCreateRequest.java:validateAndUpdateCache(260)) - created bucket: bucket39666 of layout LEGACY in volume: volume29515
07:21:12.602 [IPC Server handler 10 on default port 42659] ERROR OMAudit - user=runner | ip=127.0.0.1 | op=LIST_STATUS {volume=volume29515, bucket=bucket39666, key=root_dir/dir2, dataSize=0, replicationConfig=null} | ret=FAILURE
org.apache.hadoop.ozone.om.exceptions.OMException: Unable to get file status: volume: volume29515 bucket: bucket39666 key: root_dir/dir2
	at org.apache.hadoop.ozone.om.KeyManagerImpl.getOzoneFileStatus(KeyManagerImpl.java:1311) ~[ozone-manager-1.3.0-SNAPSHOT.jar:?]
	at org.apache.hadoop.ozone.om.KeyManagerImpl.getFileStatus(KeyManagerImpl.java:1241) ~[ozone-manager-1.3.0-SNAPSHOT.jar:?]
	at org.apache.hadoop.ozone.om.KeyManagerImpl.listStatus(KeyManagerImpl.java:1565) ~[ozone-manager-1.3.0-SNAPSHOT.jar:?]
	at org.apache.hadoop.ozone.om.OzoneManager.listStatus(OzoneManager.java:3497) ~[ozone-manager-1.3.0-SNAPSHOT.jar:?]
	at org.apache.hadoop.ozone.protocolPB.OzoneManagerRequestHandler.listStatus(OzoneManagerRequestHandler.java:1028) ~[ozone-manager-1.3.0-SNAPSHOT.jar:?]
	at org.apache.hadoop.ozone.protocolPB.OzoneManagerRequestHandler.handleReadRequest(OzoneManagerRequestHandler.java:228) ~[ozone-manager-1.3.0-SNAPSHOT.jar:?]
	at org.apache.hadoop.ozone.protocolPB.OzoneManagerProtocolServerSideTranslatorPB.submitReadRequestToOM(OzoneManagerProtocolServerSideTranslatorPB.java:226) ~[ozone-manager-1.3.0-SNAPSHOT.jar:?]
	at org.apache.hadoop.ozone.protocolPB.OzoneManagerProtocolServerSideTranslatorPB.processRequest(OzoneManagerProtocolServerSideTranslatorPB.java:175) ~[ozone-manager-1.3.0-SNAPSHOT.jar:?]
	at org.apache.hadoop.hdds.server.OzoneProtocolMessageDispatcher.processRequest(OzoneProtocolMessageDispatcher.java:87) [hdds-server-framework-1.3.0-SNAPSHOT.jar:?]
	at org.apache.hadoop.ozone.protocolPB.OzoneManagerProtocolServerSideTranslatorPB.submitRequest(OzoneManagerProtocolServerSideTranslatorPB.java:147) [ozone-manager-1.3.0-SNAPSHOT.jar:?]
	at org.apache.hadoop.ozone.protocol.proto.OzoneManagerProtocolProtos$OzoneManagerService$2.callBlockingMethod(OzoneManagerProtocolProtos.java) [ozone-interface-client-1.3.0-SNAPSHOT.jar:?]
	at org.apache.hadoop.ipc.ProtobufRpcEngine$Server.processCall(ProtobufRpcEngine.java:466) [hadoop-common-3.3.1.jar:?]
	at org.apache.hadoop.ipc.ProtobufRpcEngine2$Server$ProtoBufRpcInvoker.call(ProtobufRpcEngine2.java:574) [hadoop-common-3.3.1.jar:?]
	at org.apache.hadoop.ipc.ProtobufRpcEngine2$Server$ProtoBufRpcInvoker.call(ProtobufRpcEngine2.java:552) [hadoop-common-3.3.1.jar:?]
	at org.apache.hadoop.ipc.RPC$Server.call(RPC.java:1093) [hadoop-common-3.3.1.jar:?]
	at org.apache.hadoop.ipc.Server$RpcCall.run(Server.java:1035) [hadoop-common-3.3.1.jar:?]
	at org.apache.hadoop.ipc.Server$RpcCall.run(Server.java:963) [hadoop-common-3.3.1.jar:?]
	at java.security.AccessController.doPrivileged(Native Method) ~[?:1.8.0_332]
	at javax.security.auth.Subject.doAs(Subject.java:422) [?:1.8.0_332]
	at org.apache.hadoop.security.UserGroupInformation.doAs(UserGroupInformation.java:1878) [hadoop-common-3.3.1.jar:?]
	at org.apache.hadoop.ipc.Server$Handler.run(Server.java:2966) [hadoop-common-3.3.1.jar:?]
07:21:12.614 [IPC Server handler 13 on default port 42659] ERROR OMAudit - user=runner | ip=127.0.0.1 | op=LIST_STATUS {volume=volume29515, bucket=bucket39666, key=root_dir/file2, dataSize=0, replicationConfig=null} | ret=FAILURE
org.apache.hadoop.ozone.om.exceptions.OMException: Unable to get file status: volume: volume29515 bucket: bucket39666 key: root_dir/file2
	at org.apache.hadoop.ozone.om.KeyManagerImpl.getOzoneFileStatus(KeyManagerImpl.java:1311) ~[ozone-manager-1.3.0-SNAPSHOT.jar:?]
	at org.apache.hadoop.ozone.om.KeyManagerImpl.getFileStatus(KeyManagerImpl.java:1241) ~[ozone-manager-1.3.0-SNAPSHOT.jar:?]
	at org.apache.hadoop.ozone.om.KeyManagerImpl.listStatus(KeyManagerImpl.java:1565) ~[ozone-manager-1.3.0-SNAPSHOT.jar:?]
	at org.apache.hadoop.ozone.om.OzoneManager.listStatus(OzoneManager.java:3497) ~[ozone-manager-1.3.0-SNAPSHOT.jar:?]
	at org.apache.hadoop.ozone.protocolPB.OzoneManagerRequestHandler.listStatus(OzoneManagerRequestHandler.java:1028) ~[ozone-manager-1.3.0-SNAPSHOT.jar:?]
	at org.apache.hadoop.ozone.protocolPB.OzoneManagerRequestHandler.handleReadRequest(OzoneManagerRequestHandler.java:228) ~[ozone-manager-1.3.0-SNAPSHOT.jar:?]
	at org.apache.hadoop.ozone.protocolPB.OzoneManagerProtocolServerSideTranslatorPB.submitReadRequestToOM(OzoneManagerProtocolServerSideTranslatorPB.java:226) ~[ozone-manager-1.3.0-SNAPSHOT.jar:?]
	at org.apache.hadoop.ozone.protocolPB.OzoneManagerProtocolServerSideTranslatorPB.processRequest(OzoneManagerProtocolServerSideTranslatorPB.java:175) ~[ozone-manager-1.3.0-SNAPSHOT.jar:?]
	at org.apache.hadoop.hdds.server.OzoneProtocolMessageDispatcher.processRequest(OzoneProtocolMessageDispatcher.java:87) [hdds-server-framework-1.3.0-SNAPSHOT.jar:?]
	at org.apache.hadoop.ozone.protocolPB.OzoneManagerProtocolServerSideTranslatorPB.submitRequest(OzoneManagerProtocolServerSideTranslatorPB.java:147) [ozone-manager-1.3.0-SNAPSHOT.jar:?]
	at org.apache.hadoop.ozone.protocol.proto.OzoneManagerProtocolProtos$OzoneManagerService$2.callBlockingMethod(OzoneManagerProtocolProtos.java) [ozone-interface-client-1.3.0-SNAPSHOT.jar:?]
	at org.apache.hadoop.ipc.ProtobufRpcEngine$Server.processCall(ProtobufRpcEngine.java:466) [hadoop-common-3.3.1.jar:?]
	at org.apache.hadoop.ipc.ProtobufRpcEngine2$Server$ProtoBufRpcInvoker.call(ProtobufRpcEngine2.java:574) [hadoop-common-3.3.1.jar:?]
	at org.apache.hadoop.ipc.ProtobufRpcEngine2$Server$ProtoBufRpcInvoker.call(ProtobufRpcEngine2.java:552) [hadoop-common-3.3.1.jar:?]
	at org.apache.hadoop.ipc.RPC$Server.call(RPC.java:1093) [hadoop-common-3.3.1.jar:?]
	at org.apache.hadoop.ipc.Server$RpcCall.run(Server.java:1035) [hadoop-common-3.3.1.jar:?]
	at org.apache.hadoop.ipc.Server$RpcCall.run(Server.java:963) [hadoop-common-3.3.1.jar:?]
	at java.security.AccessController.doPrivileged(Native Method) ~[?:1.8.0_332]
	at javax.security.auth.Subject.doAs(Subject.java:422) [?:1.8.0_332]
	at org.apache.hadoop.security.UserGroupInformation.doAs(UserGroupInformation.java:1878) [hadoop-common-3.3.1.jar:?]
	at org.apache.hadoop.ipc.Server$Handler.run(Server.java:2966) [hadoop-common-3.3.1.jar:?]
07:21:12.621 [IPC Server handler 1 on default port 42659] ERROR OMAudit - user=runner | ip=127.0.0.1 | op=GET_FILE_STATUS {volume=volume29515, bucket=bucket39666, key=root_dir/dir1/file2, dataSize=0, replicationConfig=null} | ret=FAILURE
org.apache.hadoop.ozone.om.exceptions.OMException: Unable to get file status: volume: volume29515 bucket: bucket39666 key: root_dir/dir1/file2
	at org.apache.hadoop.ozone.om.KeyManagerImpl.getOzoneFileStatus(KeyManagerImpl.java:1311) ~[ozone-manager-1.3.0-SNAPSHOT.jar:?]
	at org.apache.hadoop.ozone.om.KeyManagerImpl.getFileStatus(KeyManagerImpl.java:1241) ~[ozone-manager-1.3.0-SNAPSHOT.jar:?]
	at org.apache.hadoop.ozone.om.OzoneManager.getFileStatus(OzoneManager.java:3419) ~[ozone-manager-1.3.0-SNAPSHOT.jar:?]
	at org.apache.hadoop.ozone.protocolPB.OzoneManagerRequestHandler.getOzoneFileStatus(OzoneManagerRequestHandler.java:871) ~[ozone-manager-1.3.0-SNAPSHOT.jar:?]
	at org.apache.hadoop.ozone.protocolPB.OzoneManagerRequestHandler.handleReadRequest(OzoneManagerRequestHandler.java:217) ~[ozone-manager-1.3.0-SNAPSHOT.jar:?]
	at org.apache.hadoop.ozone.protocolPB.OzoneManagerProtocolServerSideTranslatorPB.submitReadRequestToOM(OzoneManagerProtocolServerSideTranslatorPB.java:226) ~[ozone-manager-1.3.0-SNAPSHOT.jar:?]
	at org.apache.hadoop.ozone.protocolPB.OzoneManagerProtocolServerSideTranslatorPB.processRequest(OzoneManagerProtocolServerSideTranslatorPB.java:175) ~[ozone-manager-1.3.0-SNAPSHOT.jar:?]
	at org.apache.hadoop.hdds.server.OzoneProtocolMessageDispatcher.processRequest(OzoneProtocolMessageDispatcher.java:87) [hdds-server-framework-1.3.0-SNAPSHOT.jar:?]
	at org.apache.hadoop.ozone.protocolPB.OzoneManagerProtocolServerSideTranslatorPB.submitRequest(OzoneManagerProtocolServerSideTranslatorPB.java:147) [ozone-manager-1.3.0-SNAPSHOT.jar:?]
	at org.apache.hadoop.ozone.protocol.proto.OzoneManagerProtocolProtos$OzoneManagerService$2.callBlockingMethod(OzoneManagerProtocolProtos.java) [ozone-interface-client-1.3.0-SNAPSHOT.jar:?]
	at org.apache.hadoop.ipc.ProtobufRpcEngine$Server.processCall(ProtobufRpcEngine.java:466) [hadoop-common-3.3.1.jar:?]
	at org.apache.hadoop.ipc.ProtobufRpcEngine2$Server$ProtoBufRpcInvoker.call(ProtobufRpcEngine2.java:574) [hadoop-common-3.3.1.jar:?]
	at org.apache.hadoop.ipc.ProtobufRpcEngine2$Server$ProtoBufRpcInvoker.call(ProtobufRpcEngine2.java:552) [hadoop-common-3.3.1.jar:?]
	at org.apache.hadoop.ipc.RPC$Server.call(RPC.java:1093) [hadoop-common-3.3.1.jar:?]
	at org.apache.hadoop.ipc.Server$RpcCall.run(Server.java:1035) [hadoop-common-3.3.1.jar:?]
	at org.apache.hadoop.ipc.Server$RpcCall.run(Server.java:963) [hadoop-common-3.3.1.jar:?]
	at java.security.AccessController.doPrivileged(Native Method) ~[?:1.8.0_332]
	at javax.security.auth.Subject.doAs(Subject.java:422) [?:1.8.0_332]
	at org.apache.hadoop.security.UserGroupInformation.doAs(UserGroupInformation.java:1878) [hadoop-common-3.3.1.jar:?]
	at org.apache.hadoop.ipc.Server$Handler.run(Server.java:2966) [hadoop-common-3.3.1.jar:?]
2022-07-02 07:21:12,621 [Time-limited test] WARN  ozone.BasicRootedOzoneFileSystem (BasicRootedOzoneFileSystem.java:delete(572)) - delete: Path does not exist: /volume29515/bucket39666/root_dir/dir1/file2
07:21:12.622 [IPC Server handler 2 on default port 42659] ERROR OMAudit - user=runner | ip=127.0.0.1 | op=GET_FILE_STATUS {volume=volume29515, bucket=bucket39666, key=root_dir/dir1/dir2, dataSize=0, replicationConfig=null} | ret=FAILURE
org.apache.hadoop.ozone.om.exceptions.OMException: Unable to get file status: volume: volume29515 bucket: bucket39666 key: root_dir/dir1/dir2
	at org.apache.hadoop.ozone.om.KeyManagerImpl.getOzoneFileStatus(KeyManagerImpl.java:1311) ~[ozone-manager-1.3.0-SNAPSHOT.jar:?]
	at org.apache.hadoop.ozone.om.KeyManagerImpl.getFileStatus(KeyManagerImpl.java:1241) ~[ozone-manager-1.3.0-SNAPSHOT.jar:?]
	at org.apache.hadoop.ozone.om.OzoneManager.getFileStatus(OzoneManager.java:3419) ~[ozone-manager-1.3.0-SNAPSHOT.jar:?]
	at org.apache.hadoop.ozone.protocolPB.OzoneManagerRequestHandler.getOzoneFileStatus(OzoneManagerRequestHandler.java:871) ~[ozone-manager-1.3.0-SNAPSHOT.jar:?]
	at org.apache.hadoop.ozone.protocolPB.OzoneManagerRequestHandler.handleReadRequest(OzoneManagerRequestHandler.java:217) ~[ozone-manager-1.3.0-SNAPSHOT.jar:?]
	at org.apache.hadoop.ozone.protocolPB.OzoneManagerProtocolServerSideTranslatorPB.submitReadRequestToOM(OzoneManagerProtocolServerSideTranslatorPB.java:226) ~[ozone-manager-1.3.0-SNAPSHOT.jar:?]
	at org.apache.hadoop.ozone.protocolPB.OzoneManagerProtocolServerSideTranslatorPB.processRequest(OzoneManagerProtocolServerSideTranslatorPB.java:175) ~[ozone-manager-1.3.0-SNAPSHOT.jar:?]
	at org.apache.hadoop.hdds.server.OzoneProtocolMessageDispatcher.processRequest(OzoneProtocolMessageDispatcher.java:87) [hdds-server-framework-1.3.0-SNAPSHOT.jar:?]
	at org.apache.hadoop.ozone.protocolPB.OzoneManagerProtocolServerSideTranslatorPB.submitRequest(OzoneManagerProtocolServerSideTranslatorPB.java:147) [ozone-manager-1.3.0-SNAPSHOT.jar:?]
	at org.apache.hadoop.ozone.protocol.proto.OzoneManagerProtocolProtos$OzoneManagerService$2.callBlockingMethod(OzoneManagerProtocolProtos.java) [ozone-interface-client-1.3.0-SNAPSHOT.jar:?]
	at org.apache.hadoop.ipc.ProtobufRpcEngine$Server.processCall(ProtobufRpcEngine.java:466) [hadoop-common-3.3.1.jar:?]
	at org.apache.hadoop.ipc.ProtobufRpcEngine2$Server$ProtoBufRpcInvoker.call(ProtobufRpcEngine2.java:574) [hadoop-common-3.3.1.jar:?]
	at org.apache.hadoop.ipc.ProtobufRpcEngine2$Server$ProtoBufRpcInvoker.call(ProtobufRpcEngine2.java:552) [hadoop-common-3.3.1.jar:?]
	at org.apache.hadoop.ipc.RPC$Server.call(RPC.java:1093) [hadoop-common-3.3.1.jar:?]
	at org.apache.hadoop.ipc.Server$RpcCall.run(Server.java:1035) [hadoop-common-3.3.1.jar:?]
	at org.apache.hadoop.ipc.Server$RpcCall.run(Server.java:963) [hadoop-common-3.3.1.jar:?]
	at java.security.AccessController.doPrivileged(Native Method) ~[?:1.8.0_332]
	at javax.security.auth.Subject.doAs(Subject.java:422) [?:1.8.0_332]
	at org.apache.hadoop.security.UserGroupInformation.doAs(UserGroupInformation.java:1878) [hadoop-common-3.3.1.jar:?]
	at org.apache.hadoop.ipc.Server$Handler.run(Server.java:2966) [hadoop-common-3.3.1.jar:?]
2022-07-02 07:21:12,622 [Time-limited test] WARN  ozone.BasicRootedOzoneFileSystem (BasicRootedOzoneFileSystem.java:delete(572)) - delete: Path does not exist: /volume29515/bucket39666/root_dir/dir1/dir2
]]></system-out>
  </testcase>
  <testcase name="testRenameToParentDir" classname="TestRootedOzoneFileSystem" time="0.215">
    <system-out><![CDATA[2022-07-02 07:22:24,474 [Time-limited test] INFO  rpc.RpcClient (RpcClient.java:createVolume(466)) - Creating Volume: volume17556, with user15095 as owner and space quota set to -1 bytes, counts quota set to -1
2022-07-02 07:22:24,476 [IPC Server handler 18 on default port 38347] INFO  volume.OMVolumeCreateRequest (OMVolumeCreateRequest.java:validateAndUpdateCache(195)) - created volume:volume17556 for user:user15095
2022-07-02 07:22:24,483 [Time-limited test] INFO  rpc.RpcClient (RpcClient.java:createBucket(669)) - Creating Bucket: volume17556/bucket04366, with bucket layout LEGACY, runner as owner, Versioning false, Storage Type set to DISK and Encryption set to false 
2022-07-02 07:22:24,484 [eb920e94-4431-4986-848f-491e170389c2@group-92E053219BA8-FollowerState] INFO  impl.FollowerState (FollowerState.java:run(143)) - eb920e94-4431-4986-848f-491e170389c2@group-92E053219BA8-FollowerState: change to CANDIDATE, lastRpcElapsedTime:5122655045ns, electionTimeout:5099ms
2022-07-02 07:22:24,484 [eb920e94-4431-4986-848f-491e170389c2@group-92E053219BA8-FollowerState] INFO  impl.RoleInfo (RoleInfo.java:shutdownFollowerState(110)) - eb920e94-4431-4986-848f-491e170389c2: shutdown eb920e94-4431-4986-848f-491e170389c2@group-92E053219BA8-FollowerState
2022-07-02 07:22:24,484 [eb920e94-4431-4986-848f-491e170389c2@group-92E053219BA8-FollowerState] INFO  server.RaftServer$Division (RaftServerImpl.java:setRole(299)) - eb920e94-4431-4986-848f-491e170389c2@group-92E053219BA8: changes role from  FOLLOWER to CANDIDATE at term 0 for changeToCandidate
2022-07-02 07:22:24,484 [eb920e94-4431-4986-848f-491e170389c2@group-92E053219BA8-FollowerState] INFO  server.RaftServerConfigKeys (ConfUtils.java:logGet(46)) - raft.server.leaderelection.pre-vote = false (custom)
2022-07-02 07:22:24,484 [eb920e94-4431-4986-848f-491e170389c2@group-92E053219BA8-FollowerState] INFO  impl.RoleInfo (RoleInfo.java:updateAndGet(139)) - eb920e94-4431-4986-848f-491e170389c2: start eb920e94-4431-4986-848f-491e170389c2@group-92E053219BA8-LeaderElection29
2022-07-02 07:22:24,488 [IPC Server handler 1 on default port 38347] INFO  bucket.OMBucketCreateRequest (OMBucketCreateRequest.java:validateAndUpdateCache(260)) - created bucket: bucket04366 of layout LEGACY in volume: volume17556
07:22:24.500 [IPC Server handler 15 on default port 38347] ERROR OMAudit - user=runner | ip=127.0.0.1 | op=LIST_STATUS {volume=volume17556, bucket=bucket04366, key=root_dir/dir2, dataSize=0, replicationConfig=null} | ret=FAILURE
org.apache.hadoop.ozone.om.exceptions.OMException: Unable to get file status: volume: volume17556 bucket: bucket04366 key: root_dir/dir2
	at org.apache.hadoop.ozone.om.KeyManagerImpl.getOzoneFileStatus(KeyManagerImpl.java:1311) ~[ozone-manager-1.3.0-SNAPSHOT.jar:?]
	at org.apache.hadoop.ozone.om.KeyManagerImpl.getFileStatus(KeyManagerImpl.java:1241) ~[ozone-manager-1.3.0-SNAPSHOT.jar:?]
	at org.apache.hadoop.ozone.om.KeyManagerImpl.listStatus(KeyManagerImpl.java:1565) ~[ozone-manager-1.3.0-SNAPSHOT.jar:?]
	at org.apache.hadoop.ozone.om.OzoneManager.listStatus(OzoneManager.java:3497) ~[ozone-manager-1.3.0-SNAPSHOT.jar:?]
	at org.apache.hadoop.ozone.protocolPB.OzoneManagerRequestHandler.listStatus(OzoneManagerRequestHandler.java:1028) ~[ozone-manager-1.3.0-SNAPSHOT.jar:?]
	at org.apache.hadoop.ozone.protocolPB.OzoneManagerRequestHandler.handleReadRequest(OzoneManagerRequestHandler.java:228) ~[ozone-manager-1.3.0-SNAPSHOT.jar:?]
	at org.apache.hadoop.ozone.protocolPB.OzoneManagerProtocolServerSideTranslatorPB.submitRequestDirectlyToOM(OzoneManagerProtocolServerSideTranslatorPB.java:276) ~[ozone-manager-1.3.0-SNAPSHOT.jar:?]
	at org.apache.hadoop.ozone.protocolPB.OzoneManagerProtocolServerSideTranslatorPB.processRequest(OzoneManagerProtocolServerSideTranslatorPB.java:205) ~[ozone-manager-1.3.0-SNAPSHOT.jar:?]
	at org.apache.hadoop.hdds.server.OzoneProtocolMessageDispatcher.processRequest(OzoneProtocolMessageDispatcher.java:87) [hdds-server-framework-1.3.0-SNAPSHOT.jar:?]
	at org.apache.hadoop.ozone.protocolPB.OzoneManagerProtocolServerSideTranslatorPB.submitRequest(OzoneManagerProtocolServerSideTranslatorPB.java:147) [ozone-manager-1.3.0-SNAPSHOT.jar:?]
	at org.apache.hadoop.ozone.protocol.proto.OzoneManagerProtocolProtos$OzoneManagerService$2.callBlockingMethod(OzoneManagerProtocolProtos.java) [ozone-interface-client-1.3.0-SNAPSHOT.jar:?]
	at org.apache.hadoop.ipc.ProtobufRpcEngine$Server.processCall(ProtobufRpcEngine.java:466) [hadoop-common-3.3.1.jar:?]
	at org.apache.hadoop.ipc.ProtobufRpcEngine2$Server$ProtoBufRpcInvoker.call(ProtobufRpcEngine2.java:574) [hadoop-common-3.3.1.jar:?]
	at org.apache.hadoop.ipc.ProtobufRpcEngine2$Server$ProtoBufRpcInvoker.call(ProtobufRpcEngine2.java:552) [hadoop-common-3.3.1.jar:?]
	at org.apache.hadoop.ipc.RPC$Server.call(RPC.java:1093) [hadoop-common-3.3.1.jar:?]
	at org.apache.hadoop.ipc.Server$RpcCall.run(Server.java:1035) [hadoop-common-3.3.1.jar:?]
	at org.apache.hadoop.ipc.Server$RpcCall.run(Server.java:963) [hadoop-common-3.3.1.jar:?]
	at java.security.AccessController.doPrivileged(Native Method) ~[?:1.8.0_332]
	at javax.security.auth.Subject.doAs(Subject.java:422) [?:1.8.0_332]
	at org.apache.hadoop.security.UserGroupInformation.doAs(UserGroupInformation.java:1878) [hadoop-common-3.3.1.jar:?]
	at org.apache.hadoop.ipc.Server$Handler.run(Server.java:2966) [hadoop-common-3.3.1.jar:?]
07:22:24.509 [IPC Server handler 12 on default port 38347] ERROR OMAudit - user=runner | ip=127.0.0.1 | op=LIST_STATUS {volume=volume17556, bucket=bucket04366, key=root_dir/file2, dataSize=0, replicationConfig=null} | ret=FAILURE
org.apache.hadoop.ozone.om.exceptions.OMException: Unable to get file status: volume: volume17556 bucket: bucket04366 key: root_dir/file2
	at org.apache.hadoop.ozone.om.KeyManagerImpl.getOzoneFileStatus(KeyManagerImpl.java:1311) ~[ozone-manager-1.3.0-SNAPSHOT.jar:?]
	at org.apache.hadoop.ozone.om.KeyManagerImpl.getFileStatus(KeyManagerImpl.java:1241) ~[ozone-manager-1.3.0-SNAPSHOT.jar:?]
	at org.apache.hadoop.ozone.om.KeyManagerImpl.listStatus(KeyManagerImpl.java:1565) ~[ozone-manager-1.3.0-SNAPSHOT.jar:?]
	at org.apache.hadoop.ozone.om.OzoneManager.listStatus(OzoneManager.java:3497) ~[ozone-manager-1.3.0-SNAPSHOT.jar:?]
	at org.apache.hadoop.ozone.protocolPB.OzoneManagerRequestHandler.listStatus(OzoneManagerRequestHandler.java:1028) ~[ozone-manager-1.3.0-SNAPSHOT.jar:?]
	at org.apache.hadoop.ozone.protocolPB.OzoneManagerRequestHandler.handleReadRequest(OzoneManagerRequestHandler.java:228) ~[ozone-manager-1.3.0-SNAPSHOT.jar:?]
	at org.apache.hadoop.ozone.protocolPB.OzoneManagerProtocolServerSideTranslatorPB.submitRequestDirectlyToOM(OzoneManagerProtocolServerSideTranslatorPB.java:276) ~[ozone-manager-1.3.0-SNAPSHOT.jar:?]
	at org.apache.hadoop.ozone.protocolPB.OzoneManagerProtocolServerSideTranslatorPB.processRequest(OzoneManagerProtocolServerSideTranslatorPB.java:205) ~[ozone-manager-1.3.0-SNAPSHOT.jar:?]
	at org.apache.hadoop.hdds.server.OzoneProtocolMessageDispatcher.processRequest(OzoneProtocolMessageDispatcher.java:87) [hdds-server-framework-1.3.0-SNAPSHOT.jar:?]
	at org.apache.hadoop.ozone.protocolPB.OzoneManagerProtocolServerSideTranslatorPB.submitRequest(OzoneManagerProtocolServerSideTranslatorPB.java:147) [ozone-manager-1.3.0-SNAPSHOT.jar:?]
	at org.apache.hadoop.ozone.protocol.proto.OzoneManagerProtocolProtos$OzoneManagerService$2.callBlockingMethod(OzoneManagerProtocolProtos.java) [ozone-interface-client-1.3.0-SNAPSHOT.jar:?]
	at org.apache.hadoop.ipc.ProtobufRpcEngine$Server.processCall(ProtobufRpcEngine.java:466) [hadoop-common-3.3.1.jar:?]
	at org.apache.hadoop.ipc.ProtobufRpcEngine2$Server$ProtoBufRpcInvoker.call(ProtobufRpcEngine2.java:574) [hadoop-common-3.3.1.jar:?]
	at org.apache.hadoop.ipc.ProtobufRpcEngine2$Server$ProtoBufRpcInvoker.call(ProtobufRpcEngine2.java:552) [hadoop-common-3.3.1.jar:?]
	at org.apache.hadoop.ipc.RPC$Server.call(RPC.java:1093) [hadoop-common-3.3.1.jar:?]
	at org.apache.hadoop.ipc.Server$RpcCall.run(Server.java:1035) [hadoop-common-3.3.1.jar:?]
	at org.apache.hadoop.ipc.Server$RpcCall.run(Server.java:963) [hadoop-common-3.3.1.jar:?]
	at java.security.AccessController.doPrivileged(Native Method) ~[?:1.8.0_332]
	at javax.security.auth.Subject.doAs(Subject.java:422) [?:1.8.0_332]
	at org.apache.hadoop.security.UserGroupInformation.doAs(UserGroupInformation.java:1878) [hadoop-common-3.3.1.jar:?]
	at org.apache.hadoop.ipc.Server$Handler.run(Server.java:2966) [hadoop-common-3.3.1.jar:?]
07:22:24.544 [IPC Server handler 3 on default port 38347] ERROR OMAudit - user=runner | ip=127.0.0.1 | op=GET_FILE_STATUS {volume=volume17556, bucket=bucket04366, key=root_dir/dir1/file2, dataSize=0, replicationConfig=null} | ret=FAILURE
org.apache.hadoop.ozone.om.exceptions.OMException: Unable to get file status: volume: volume17556 bucket: bucket04366 key: root_dir/dir1/file2
	at org.apache.hadoop.ozone.om.KeyManagerImpl.getOzoneFileStatus(KeyManagerImpl.java:1311) ~[ozone-manager-1.3.0-SNAPSHOT.jar:?]
	at org.apache.hadoop.ozone.om.KeyManagerImpl.getFileStatus(KeyManagerImpl.java:1241) ~[ozone-manager-1.3.0-SNAPSHOT.jar:?]
	at org.apache.hadoop.ozone.om.OzoneManager.getFileStatus(OzoneManager.java:3419) ~[ozone-manager-1.3.0-SNAPSHOT.jar:?]
	at org.apache.hadoop.ozone.protocolPB.OzoneManagerRequestHandler.getOzoneFileStatus(OzoneManagerRequestHandler.java:871) ~[ozone-manager-1.3.0-SNAPSHOT.jar:?]
	at org.apache.hadoop.ozone.protocolPB.OzoneManagerRequestHandler.handleReadRequest(OzoneManagerRequestHandler.java:217) ~[ozone-manager-1.3.0-SNAPSHOT.jar:?]
	at org.apache.hadoop.ozone.protocolPB.OzoneManagerProtocolServerSideTranslatorPB.submitRequestDirectlyToOM(OzoneManagerProtocolServerSideTranslatorPB.java:276) ~[ozone-manager-1.3.0-SNAPSHOT.jar:?]
	at org.apache.hadoop.ozone.protocolPB.OzoneManagerProtocolServerSideTranslatorPB.processRequest(OzoneManagerProtocolServerSideTranslatorPB.java:205) ~[ozone-manager-1.3.0-SNAPSHOT.jar:?]
	at org.apache.hadoop.hdds.server.OzoneProtocolMessageDispatcher.processRequest(OzoneProtocolMessageDispatcher.java:87) [hdds-server-framework-1.3.0-SNAPSHOT.jar:?]
	at org.apache.hadoop.ozone.protocolPB.OzoneManagerProtocolServerSideTranslatorPB.submitRequest(OzoneManagerProtocolServerSideTranslatorPB.java:147) [ozone-manager-1.3.0-SNAPSHOT.jar:?]
	at org.apache.hadoop.ozone.protocol.proto.OzoneManagerProtocolProtos$OzoneManagerService$2.callBlockingMethod(OzoneManagerProtocolProtos.java) [ozone-interface-client-1.3.0-SNAPSHOT.jar:?]
	at org.apache.hadoop.ipc.ProtobufRpcEngine$Server.processCall(ProtobufRpcEngine.java:466) [hadoop-common-3.3.1.jar:?]
	at org.apache.hadoop.ipc.ProtobufRpcEngine2$Server$ProtoBufRpcInvoker.call(ProtobufRpcEngine2.java:574) [hadoop-common-3.3.1.jar:?]
	at org.apache.hadoop.ipc.ProtobufRpcEngine2$Server$ProtoBufRpcInvoker.call(ProtobufRpcEngine2.java:552) [hadoop-common-3.3.1.jar:?]
	at org.apache.hadoop.ipc.RPC$Server.call(RPC.java:1093) [hadoop-common-3.3.1.jar:?]
	at org.apache.hadoop.ipc.Server$RpcCall.run(Server.java:1035) [hadoop-common-3.3.1.jar:?]
	at org.apache.hadoop.ipc.Server$RpcCall.run(Server.java:963) [hadoop-common-3.3.1.jar:?]
	at java.security.AccessController.doPrivileged(Native Method) ~[?:1.8.0_332]
	at javax.security.auth.Subject.doAs(Subject.java:422) [?:1.8.0_332]
	at org.apache.hadoop.security.UserGroupInformation.doAs(UserGroupInformation.java:1878) [hadoop-common-3.3.1.jar:?]
	at org.apache.hadoop.ipc.Server$Handler.run(Server.java:2966) [hadoop-common-3.3.1.jar:?]
2022-07-02 07:22:24,544 [Time-limited test] WARN  ozone.BasicRootedOzoneFileSystem (BasicRootedOzoneFileSystem.java:delete(572)) - delete: Path does not exist: /volume17556/bucket04366/root_dir/dir1/file2
07:22:24.545 [IPC Server handler 6 on default port 38347] ERROR OMAudit - user=runner | ip=127.0.0.1 | op=GET_FILE_STATUS {volume=volume17556, bucket=bucket04366, key=root_dir/dir1/dir2, dataSize=0, replicationConfig=null} | ret=FAILURE
org.apache.hadoop.ozone.om.exceptions.OMException: Unable to get file status: volume: volume17556 bucket: bucket04366 key: root_dir/dir1/dir2
	at org.apache.hadoop.ozone.om.KeyManagerImpl.getOzoneFileStatus(KeyManagerImpl.java:1311) ~[ozone-manager-1.3.0-SNAPSHOT.jar:?]
	at org.apache.hadoop.ozone.om.KeyManagerImpl.getFileStatus(KeyManagerImpl.java:1241) ~[ozone-manager-1.3.0-SNAPSHOT.jar:?]
	at org.apache.hadoop.ozone.om.OzoneManager.getFileStatus(OzoneManager.java:3419) ~[ozone-manager-1.3.0-SNAPSHOT.jar:?]
	at org.apache.hadoop.ozone.protocolPB.OzoneManagerRequestHandler.getOzoneFileStatus(OzoneManagerRequestHandler.java:871) ~[ozone-manager-1.3.0-SNAPSHOT.jar:?]
	at org.apache.hadoop.ozone.protocolPB.OzoneManagerRequestHandler.handleReadRequest(OzoneManagerRequestHandler.java:217) ~[ozone-manager-1.3.0-SNAPSHOT.jar:?]
	at org.apache.hadoop.ozone.protocolPB.OzoneManagerProtocolServerSideTranslatorPB.submitRequestDirectlyToOM(OzoneManagerProtocolServerSideTranslatorPB.java:276) ~[ozone-manager-1.3.0-SNAPSHOT.jar:?]
	at org.apache.hadoop.ozone.protocolPB.OzoneManagerProtocolServerSideTranslatorPB.processRequest(OzoneManagerProtocolServerSideTranslatorPB.java:205) ~[ozone-manager-1.3.0-SNAPSHOT.jar:?]
	at org.apache.hadoop.hdds.server.OzoneProtocolMessageDispatcher.processRequest(OzoneProtocolMessageDispatcher.java:87) [hdds-server-framework-1.3.0-SNAPSHOT.jar:?]
	at org.apache.hadoop.ozone.protocolPB.OzoneManagerProtocolServerSideTranslatorPB.submitRequest(OzoneManagerProtocolServerSideTranslatorPB.java:147) [ozone-manager-1.3.0-SNAPSHOT.jar:?]
	at org.apache.hadoop.ozone.protocol.proto.OzoneManagerProtocolProtos$OzoneManagerService$2.callBlockingMethod(OzoneManagerProtocolProtos.java) [ozone-interface-client-1.3.0-SNAPSHOT.jar:?]
	at org.apache.hadoop.ipc.ProtobufRpcEngine$Server.processCall(ProtobufRpcEngine.java:466) [hadoop-common-3.3.1.jar:?]
	at org.apache.hadoop.ipc.ProtobufRpcEngine2$Server$ProtoBufRpcInvoker.call(ProtobufRpcEngine2.java:574) [hadoop-common-3.3.1.jar:?]
	at org.apache.hadoop.ipc.ProtobufRpcEngine2$Server$ProtoBufRpcInvoker.call(ProtobufRpcEngine2.java:552) [hadoop-common-3.3.1.jar:?]
	at org.apache.hadoop.ipc.RPC$Server.call(RPC.java:1093) [hadoop-common-3.3.1.jar:?]
	at org.apache.hadoop.ipc.Server$RpcCall.run(Server.java:1035) [hadoop-common-3.3.1.jar:?]
	at org.apache.hadoop.ipc.Server$RpcCall.run(Server.java:963) [hadoop-common-3.3.1.jar:?]
	at java.security.AccessController.doPrivileged(Native Method) ~[?:1.8.0_332]
	at javax.security.auth.Subject.doAs(Subject.java:422) [?:1.8.0_332]
	at org.apache.hadoop.security.UserGroupInformation.doAs(UserGroupInformation.java:1878) [hadoop-common-3.3.1.jar:?]
	at org.apache.hadoop.ipc.Server$Handler.run(Server.java:2966) [hadoop-common-3.3.1.jar:?]
2022-07-02 07:22:24,545 [Time-limited test] WARN  ozone.BasicRootedOzoneFileSystem (BasicRootedOzoneFileSystem.java:delete(572)) - delete: Path does not exist: /volume17556/bucket04366/root_dir/dir1/dir2
]]></system-out>
  </testcase>
  <testcase name="testRenameToParentDir" classname="TestRootedOzoneFileSystem" time="0.308">
    <system-out><![CDATA[2022-07-02 07:23:59,567 [Time-limited test] INFO  rpc.RpcClient (RpcClient.java:createVolume(466)) - Creating Volume: volume54459, with user59915 as owner and space quota set to -1 bytes, counts quota set to -1
2022-07-02 07:23:59,584 [OM StateMachine ApplyTransaction Thread - 0] INFO  volume.OMVolumeCreateRequest (OMVolumeCreateRequest.java:validateAndUpdateCache(195)) - created volume:volume54459 for user:user59915
2022-07-02 07:23:59,596 [Time-limited test] INFO  rpc.RpcClient (RpcClient.java:createBucket(669)) - Creating Bucket: volume54459/bucket70241, with bucket layout LEGACY, runner as owner, Versioning false, Storage Type set to DISK and Encryption set to false 
2022-07-02 07:23:59,598 [OM StateMachine ApplyTransaction Thread - 0] INFO  bucket.OMBucketCreateRequest (OMBucketCreateRequest.java:validateAndUpdateCache(260)) - created bucket: bucket70241 of layout LEGACY in volume: volume54459
07:23:59.616 [IPC Server handler 15 on default port 38259] ERROR OMAudit - user=runner | ip=127.0.0.1 | op=LIST_STATUS {volume=volume54459, bucket=bucket70241, key=root_dir/dir2, dataSize=0, replicationConfig=null} | ret=FAILURE
org.apache.hadoop.ozone.om.exceptions.OMException: Unable to get file status: volume: volume54459 bucket: bucket70241 key: root_dir/dir2
	at org.apache.hadoop.ozone.om.KeyManagerImpl.getOzoneFileStatus(KeyManagerImpl.java:1311) ~[ozone-manager-1.3.0-SNAPSHOT.jar:?]
	at org.apache.hadoop.ozone.om.KeyManagerImpl.getFileStatus(KeyManagerImpl.java:1241) ~[ozone-manager-1.3.0-SNAPSHOT.jar:?]
	at org.apache.hadoop.ozone.om.KeyManagerImpl.listStatus(KeyManagerImpl.java:1565) ~[ozone-manager-1.3.0-SNAPSHOT.jar:?]
	at org.apache.hadoop.ozone.om.OzoneManager.listStatus(OzoneManager.java:3497) ~[ozone-manager-1.3.0-SNAPSHOT.jar:?]
	at org.apache.hadoop.ozone.protocolPB.OzoneManagerRequestHandler.listStatus(OzoneManagerRequestHandler.java:1028) ~[ozone-manager-1.3.0-SNAPSHOT.jar:?]
	at org.apache.hadoop.ozone.protocolPB.OzoneManagerRequestHandler.handleReadRequest(OzoneManagerRequestHandler.java:228) ~[ozone-manager-1.3.0-SNAPSHOT.jar:?]
	at org.apache.hadoop.ozone.protocolPB.OzoneManagerProtocolServerSideTranslatorPB.submitReadRequestToOM(OzoneManagerProtocolServerSideTranslatorPB.java:226) ~[ozone-manager-1.3.0-SNAPSHOT.jar:?]
	at org.apache.hadoop.ozone.protocolPB.OzoneManagerProtocolServerSideTranslatorPB.processRequest(OzoneManagerProtocolServerSideTranslatorPB.java:175) ~[ozone-manager-1.3.0-SNAPSHOT.jar:?]
	at org.apache.hadoop.hdds.server.OzoneProtocolMessageDispatcher.processRequest(OzoneProtocolMessageDispatcher.java:87) [hdds-server-framework-1.3.0-SNAPSHOT.jar:?]
	at org.apache.hadoop.ozone.protocolPB.OzoneManagerProtocolServerSideTranslatorPB.submitRequest(OzoneManagerProtocolServerSideTranslatorPB.java:147) [ozone-manager-1.3.0-SNAPSHOT.jar:?]
	at org.apache.hadoop.ozone.protocol.proto.OzoneManagerProtocolProtos$OzoneManagerService$2.callBlockingMethod(OzoneManagerProtocolProtos.java) [ozone-interface-client-1.3.0-SNAPSHOT.jar:?]
	at org.apache.hadoop.ipc.ProtobufRpcEngine$Server.processCall(ProtobufRpcEngine.java:466) [hadoop-common-3.3.1.jar:?]
	at org.apache.hadoop.ipc.ProtobufRpcEngine2$Server$ProtoBufRpcInvoker.call(ProtobufRpcEngine2.java:574) [hadoop-common-3.3.1.jar:?]
	at org.apache.hadoop.ipc.ProtobufRpcEngine2$Server$ProtoBufRpcInvoker.call(ProtobufRpcEngine2.java:552) [hadoop-common-3.3.1.jar:?]
	at org.apache.hadoop.ipc.RPC$Server.call(RPC.java:1093) [hadoop-common-3.3.1.jar:?]
	at org.apache.hadoop.ipc.Server$RpcCall.run(Server.java:1035) [hadoop-common-3.3.1.jar:?]
	at org.apache.hadoop.ipc.Server$RpcCall.run(Server.java:963) [hadoop-common-3.3.1.jar:?]
	at java.security.AccessController.doPrivileged(Native Method) ~[?:1.8.0_332]
	at javax.security.auth.Subject.doAs(Subject.java:422) [?:1.8.0_332]
	at org.apache.hadoop.security.UserGroupInformation.doAs(UserGroupInformation.java:1878) [hadoop-common-3.3.1.jar:?]
	at org.apache.hadoop.ipc.Server$Handler.run(Server.java:2966) [hadoop-common-3.3.1.jar:?]
07:23:59.624 [IPC Server handler 18 on default port 38259] ERROR OMAudit - user=runner | ip=127.0.0.1 | op=LIST_STATUS {volume=volume54459, bucket=bucket70241, key=root_dir/file2, dataSize=0, replicationConfig=null} | ret=FAILURE
org.apache.hadoop.ozone.om.exceptions.OMException: Unable to get file status: volume: volume54459 bucket: bucket70241 key: root_dir/file2
	at org.apache.hadoop.ozone.om.KeyManagerImpl.getOzoneFileStatus(KeyManagerImpl.java:1311) ~[ozone-manager-1.3.0-SNAPSHOT.jar:?]
	at org.apache.hadoop.ozone.om.KeyManagerImpl.getFileStatus(KeyManagerImpl.java:1241) ~[ozone-manager-1.3.0-SNAPSHOT.jar:?]
	at org.apache.hadoop.ozone.om.KeyManagerImpl.listStatus(KeyManagerImpl.java:1565) ~[ozone-manager-1.3.0-SNAPSHOT.jar:?]
	at org.apache.hadoop.ozone.om.OzoneManager.listStatus(OzoneManager.java:3497) ~[ozone-manager-1.3.0-SNAPSHOT.jar:?]
	at org.apache.hadoop.ozone.protocolPB.OzoneManagerRequestHandler.listStatus(OzoneManagerRequestHandler.java:1028) ~[ozone-manager-1.3.0-SNAPSHOT.jar:?]
	at org.apache.hadoop.ozone.protocolPB.OzoneManagerRequestHandler.handleReadRequest(OzoneManagerRequestHandler.java:228) ~[ozone-manager-1.3.0-SNAPSHOT.jar:?]
	at org.apache.hadoop.ozone.protocolPB.OzoneManagerProtocolServerSideTranslatorPB.submitReadRequestToOM(OzoneManagerProtocolServerSideTranslatorPB.java:226) ~[ozone-manager-1.3.0-SNAPSHOT.jar:?]
	at org.apache.hadoop.ozone.protocolPB.OzoneManagerProtocolServerSideTranslatorPB.processRequest(OzoneManagerProtocolServerSideTranslatorPB.java:175) ~[ozone-manager-1.3.0-SNAPSHOT.jar:?]
	at org.apache.hadoop.hdds.server.OzoneProtocolMessageDispatcher.processRequest(OzoneProtocolMessageDispatcher.java:87) [hdds-server-framework-1.3.0-SNAPSHOT.jar:?]
	at org.apache.hadoop.ozone.protocolPB.OzoneManagerProtocolServerSideTranslatorPB.submitRequest(OzoneManagerProtocolServerSideTranslatorPB.java:147) [ozone-manager-1.3.0-SNAPSHOT.jar:?]
	at org.apache.hadoop.ozone.protocol.proto.OzoneManagerProtocolProtos$OzoneManagerService$2.callBlockingMethod(OzoneManagerProtocolProtos.java) [ozone-interface-client-1.3.0-SNAPSHOT.jar:?]
	at org.apache.hadoop.ipc.ProtobufRpcEngine$Server.processCall(ProtobufRpcEngine.java:466) [hadoop-common-3.3.1.jar:?]
	at org.apache.hadoop.ipc.ProtobufRpcEngine2$Server$ProtoBufRpcInvoker.call(ProtobufRpcEngine2.java:574) [hadoop-common-3.3.1.jar:?]
	at org.apache.hadoop.ipc.ProtobufRpcEngine2$Server$ProtoBufRpcInvoker.call(ProtobufRpcEngine2.java:552) [hadoop-common-3.3.1.jar:?]
	at org.apache.hadoop.ipc.RPC$Server.call(RPC.java:1093) [hadoop-common-3.3.1.jar:?]
	at org.apache.hadoop.ipc.Server$RpcCall.run(Server.java:1035) [hadoop-common-3.3.1.jar:?]
	at org.apache.hadoop.ipc.Server$RpcCall.run(Server.java:963) [hadoop-common-3.3.1.jar:?]
	at java.security.AccessController.doPrivileged(Native Method) ~[?:1.8.0_332]
	at javax.security.auth.Subject.doAs(Subject.java:422) [?:1.8.0_332]
	at org.apache.hadoop.security.UserGroupInformation.doAs(UserGroupInformation.java:1878) [hadoop-common-3.3.1.jar:?]
	at org.apache.hadoop.ipc.Server$Handler.run(Server.java:2966) [hadoop-common-3.3.1.jar:?]
07:23:59.630 [IPC Server handler 3 on default port 38259] ERROR OMAudit - user=runner | ip=127.0.0.1 | op=GET_FILE_STATUS {volume=volume54459, bucket=bucket70241, key=root_dir/dir1/file2, dataSize=0, replicationConfig=null} | ret=FAILURE
org.apache.hadoop.ozone.om.exceptions.OMException: Unable to get file status: volume: volume54459 bucket: bucket70241 key: root_dir/dir1/file2
	at org.apache.hadoop.ozone.om.KeyManagerImpl.getOzoneFileStatus(KeyManagerImpl.java:1311) ~[ozone-manager-1.3.0-SNAPSHOT.jar:?]
	at org.apache.hadoop.ozone.om.KeyManagerImpl.getFileStatus(KeyManagerImpl.java:1241) ~[ozone-manager-1.3.0-SNAPSHOT.jar:?]
	at org.apache.hadoop.ozone.om.OzoneManager.getFileStatus(OzoneManager.java:3419) ~[ozone-manager-1.3.0-SNAPSHOT.jar:?]
	at org.apache.hadoop.ozone.protocolPB.OzoneManagerRequestHandler.getOzoneFileStatus(OzoneManagerRequestHandler.java:871) ~[ozone-manager-1.3.0-SNAPSHOT.jar:?]
	at org.apache.hadoop.ozone.protocolPB.OzoneManagerRequestHandler.handleReadRequest(OzoneManagerRequestHandler.java:217) ~[ozone-manager-1.3.0-SNAPSHOT.jar:?]
	at org.apache.hadoop.ozone.protocolPB.OzoneManagerProtocolServerSideTranslatorPB.submitReadRequestToOM(OzoneManagerProtocolServerSideTranslatorPB.java:226) ~[ozone-manager-1.3.0-SNAPSHOT.jar:?]
	at org.apache.hadoop.ozone.protocolPB.OzoneManagerProtocolServerSideTranslatorPB.processRequest(OzoneManagerProtocolServerSideTranslatorPB.java:175) ~[ozone-manager-1.3.0-SNAPSHOT.jar:?]
	at org.apache.hadoop.hdds.server.OzoneProtocolMessageDispatcher.processRequest(OzoneProtocolMessageDispatcher.java:87) [hdds-server-framework-1.3.0-SNAPSHOT.jar:?]
	at org.apache.hadoop.ozone.protocolPB.OzoneManagerProtocolServerSideTranslatorPB.submitRequest(OzoneManagerProtocolServerSideTranslatorPB.java:147) [ozone-manager-1.3.0-SNAPSHOT.jar:?]
	at org.apache.hadoop.ozone.protocol.proto.OzoneManagerProtocolProtos$OzoneManagerService$2.callBlockingMethod(OzoneManagerProtocolProtos.java) [ozone-interface-client-1.3.0-SNAPSHOT.jar:?]
	at org.apache.hadoop.ipc.ProtobufRpcEngine$Server.processCall(ProtobufRpcEngine.java:466) [hadoop-common-3.3.1.jar:?]
	at org.apache.hadoop.ipc.ProtobufRpcEngine2$Server$ProtoBufRpcInvoker.call(ProtobufRpcEngine2.java:574) [hadoop-common-3.3.1.jar:?]
	at org.apache.hadoop.ipc.ProtobufRpcEngine2$Server$ProtoBufRpcInvoker.call(ProtobufRpcEngine2.java:552) [hadoop-common-3.3.1.jar:?]
	at org.apache.hadoop.ipc.RPC$Server.call(RPC.java:1093) [hadoop-common-3.3.1.jar:?]
	at org.apache.hadoop.ipc.Server$RpcCall.run(Server.java:1035) [hadoop-common-3.3.1.jar:?]
	at org.apache.hadoop.ipc.Server$RpcCall.run(Server.java:963) [hadoop-common-3.3.1.jar:?]
	at java.security.AccessController.doPrivileged(Native Method) ~[?:1.8.0_332]
	at javax.security.auth.Subject.doAs(Subject.java:422) [?:1.8.0_332]
	at org.apache.hadoop.security.UserGroupInformation.doAs(UserGroupInformation.java:1878) [hadoop-common-3.3.1.jar:?]
	at org.apache.hadoop.ipc.Server$Handler.run(Server.java:2966) [hadoop-common-3.3.1.jar:?]
2022-07-02 07:23:59,630 [Time-limited test] WARN  ozone.BasicRootedOzoneFileSystem (BasicRootedOzoneFileSystem.java:delete(572)) - delete: Path does not exist: /volume54459/bucket70241/root_dir/dir1/file2
07:23:59.631 [IPC Server handler 2 on default port 38259] ERROR OMAudit - user=runner | ip=127.0.0.1 | op=GET_FILE_STATUS {volume=volume54459, bucket=bucket70241, key=root_dir/dir1/dir2, dataSize=0, replicationConfig=null} | ret=FAILURE
org.apache.hadoop.ozone.om.exceptions.OMException: Unable to get file status: volume: volume54459 bucket: bucket70241 key: root_dir/dir1/dir2
	at org.apache.hadoop.ozone.om.KeyManagerImpl.getOzoneFileStatus(KeyManagerImpl.java:1311) ~[ozone-manager-1.3.0-SNAPSHOT.jar:?]
	at org.apache.hadoop.ozone.om.KeyManagerImpl.getFileStatus(KeyManagerImpl.java:1241) ~[ozone-manager-1.3.0-SNAPSHOT.jar:?]
	at org.apache.hadoop.ozone.om.OzoneManager.getFileStatus(OzoneManager.java:3419) ~[ozone-manager-1.3.0-SNAPSHOT.jar:?]
	at org.apache.hadoop.ozone.protocolPB.OzoneManagerRequestHandler.getOzoneFileStatus(OzoneManagerRequestHandler.java:871) ~[ozone-manager-1.3.0-SNAPSHOT.jar:?]
	at org.apache.hadoop.ozone.protocolPB.OzoneManagerRequestHandler.handleReadRequest(OzoneManagerRequestHandler.java:217) ~[ozone-manager-1.3.0-SNAPSHOT.jar:?]
	at org.apache.hadoop.ozone.protocolPB.OzoneManagerProtocolServerSideTranslatorPB.submitReadRequestToOM(OzoneManagerProtocolServerSideTranslatorPB.java:226) ~[ozone-manager-1.3.0-SNAPSHOT.jar:?]
	at org.apache.hadoop.ozone.protocolPB.OzoneManagerProtocolServerSideTranslatorPB.processRequest(OzoneManagerProtocolServerSideTranslatorPB.java:175) ~[ozone-manager-1.3.0-SNAPSHOT.jar:?]
	at org.apache.hadoop.hdds.server.OzoneProtocolMessageDispatcher.processRequest(OzoneProtocolMessageDispatcher.java:87) [hdds-server-framework-1.3.0-SNAPSHOT.jar:?]
	at org.apache.hadoop.ozone.protocolPB.OzoneManagerProtocolServerSideTranslatorPB.submitRequest(OzoneManagerProtocolServerSideTranslatorPB.java:147) [ozone-manager-1.3.0-SNAPSHOT.jar:?]
	at org.apache.hadoop.ozone.protocol.proto.OzoneManagerProtocolProtos$OzoneManagerService$2.callBlockingMethod(OzoneManagerProtocolProtos.java) [ozone-interface-client-1.3.0-SNAPSHOT.jar:?]
	at org.apache.hadoop.ipc.ProtobufRpcEngine$Server.processCall(ProtobufRpcEngine.java:466) [hadoop-common-3.3.1.jar:?]
	at org.apache.hadoop.ipc.ProtobufRpcEngine2$Server$ProtoBufRpcInvoker.call(ProtobufRpcEngine2.java:574) [hadoop-common-3.3.1.jar:?]
	at org.apache.hadoop.ipc.ProtobufRpcEngine2$Server$ProtoBufRpcInvoker.call(ProtobufRpcEngine2.java:552) [hadoop-common-3.3.1.jar:?]
	at org.apache.hadoop.ipc.RPC$Server.call(RPC.java:1093) [hadoop-common-3.3.1.jar:?]
	at org.apache.hadoop.ipc.Server$RpcCall.run(Server.java:1035) [hadoop-common-3.3.1.jar:?]
	at org.apache.hadoop.ipc.Server$RpcCall.run(Server.java:963) [hadoop-common-3.3.1.jar:?]
	at java.security.AccessController.doPrivileged(Native Method) ~[?:1.8.0_332]
	at javax.security.auth.Subject.doAs(Subject.java:422) [?:1.8.0_332]
	at org.apache.hadoop.security.UserGroupInformation.doAs(UserGroupInformation.java:1878) [hadoop-common-3.3.1.jar:?]
	at org.apache.hadoop.ipc.Server$Handler.run(Server.java:2966) [hadoop-common-3.3.1.jar:?]
2022-07-02 07:23:59,631 [Time-limited test] WARN  ozone.BasicRootedOzoneFileSystem (BasicRootedOzoneFileSystem.java:delete(572)) - delete: Path does not exist: /volume54459/bucket70241/root_dir/dir1/dir2
]]></system-out>
  </testcase>
  <testcase name="testRenameToParentDir" classname="TestRootedOzoneFileSystem" time="0.24">
    <system-out><![CDATA[2022-07-02 07:25:30,611 [Time-limited test] INFO  rpc.RpcClient (RpcClient.java:createVolume(466)) - Creating Volume: volume58907, with user25350 as owner and space quota set to -1 bytes, counts quota set to -1
2022-07-02 07:25:30,612 [IPC Server handler 1 on default port 43657] INFO  volume.OMVolumeCreateRequest (OMVolumeCreateRequest.java:validateAndUpdateCache(195)) - created volume:volume58907 for user:user25350
2022-07-02 07:25:30,640 [Time-limited test] INFO  rpc.RpcClient (RpcClient.java:createBucket(669)) - Creating Bucket: volume58907/bucket83537, with bucket layout LEGACY, runner as owner, Versioning false, Storage Type set to DISK and Encryption set to false 
2022-07-02 07:25:30,642 [IPC Server handler 8 on default port 43657] INFO  bucket.OMBucketCreateRequest (OMBucketCreateRequest.java:validateAndUpdateCache(260)) - created bucket: bucket83537 of layout LEGACY in volume: volume58907
07:25:30.656 [IPC Server handler 14 on default port 43657] ERROR OMAudit - user=runner | ip=127.0.0.1 | op=LIST_STATUS {volume=volume58907, bucket=bucket83537, key=root_dir/dir2, dataSize=0, replicationConfig=null} | ret=FAILURE
org.apache.hadoop.ozone.om.exceptions.OMException: Unable to get file status: volume: volume58907 bucket: bucket83537 key: root_dir/dir2
	at org.apache.hadoop.ozone.om.KeyManagerImpl.getOzoneFileStatus(KeyManagerImpl.java:1311) ~[ozone-manager-1.3.0-SNAPSHOT.jar:?]
	at org.apache.hadoop.ozone.om.KeyManagerImpl.getFileStatus(KeyManagerImpl.java:1241) ~[ozone-manager-1.3.0-SNAPSHOT.jar:?]
	at org.apache.hadoop.ozone.om.KeyManagerImpl.listStatus(KeyManagerImpl.java:1565) ~[ozone-manager-1.3.0-SNAPSHOT.jar:?]
	at org.apache.hadoop.ozone.om.OzoneManager.listStatus(OzoneManager.java:3497) ~[ozone-manager-1.3.0-SNAPSHOT.jar:?]
	at org.apache.hadoop.ozone.protocolPB.OzoneManagerRequestHandler.listStatus(OzoneManagerRequestHandler.java:1028) ~[ozone-manager-1.3.0-SNAPSHOT.jar:?]
	at org.apache.hadoop.ozone.protocolPB.OzoneManagerRequestHandler.handleReadRequest(OzoneManagerRequestHandler.java:228) ~[ozone-manager-1.3.0-SNAPSHOT.jar:?]
	at org.apache.hadoop.ozone.protocolPB.OzoneManagerProtocolServerSideTranslatorPB.submitRequestDirectlyToOM(OzoneManagerProtocolServerSideTranslatorPB.java:276) ~[ozone-manager-1.3.0-SNAPSHOT.jar:?]
	at org.apache.hadoop.ozone.protocolPB.OzoneManagerProtocolServerSideTranslatorPB.processRequest(OzoneManagerProtocolServerSideTranslatorPB.java:205) ~[ozone-manager-1.3.0-SNAPSHOT.jar:?]
	at org.apache.hadoop.hdds.server.OzoneProtocolMessageDispatcher.processRequest(OzoneProtocolMessageDispatcher.java:87) [hdds-server-framework-1.3.0-SNAPSHOT.jar:?]
	at org.apache.hadoop.ozone.protocolPB.OzoneManagerProtocolServerSideTranslatorPB.submitRequest(OzoneManagerProtocolServerSideTranslatorPB.java:147) [ozone-manager-1.3.0-SNAPSHOT.jar:?]
	at org.apache.hadoop.ozone.protocol.proto.OzoneManagerProtocolProtos$OzoneManagerService$2.callBlockingMethod(OzoneManagerProtocolProtos.java) [ozone-interface-client-1.3.0-SNAPSHOT.jar:?]
	at org.apache.hadoop.ipc.ProtobufRpcEngine$Server.processCall(ProtobufRpcEngine.java:466) [hadoop-common-3.3.1.jar:?]
	at org.apache.hadoop.ipc.ProtobufRpcEngine2$Server$ProtoBufRpcInvoker.call(ProtobufRpcEngine2.java:574) [hadoop-common-3.3.1.jar:?]
	at org.apache.hadoop.ipc.ProtobufRpcEngine2$Server$ProtoBufRpcInvoker.call(ProtobufRpcEngine2.java:552) [hadoop-common-3.3.1.jar:?]
	at org.apache.hadoop.ipc.RPC$Server.call(RPC.java:1093) [hadoop-common-3.3.1.jar:?]
	at org.apache.hadoop.ipc.Server$RpcCall.run(Server.java:1035) [hadoop-common-3.3.1.jar:?]
	at org.apache.hadoop.ipc.Server$RpcCall.run(Server.java:963) [hadoop-common-3.3.1.jar:?]
	at java.security.AccessController.doPrivileged(Native Method) ~[?:1.8.0_332]
	at javax.security.auth.Subject.doAs(Subject.java:422) [?:1.8.0_332]
	at org.apache.hadoop.security.UserGroupInformation.doAs(UserGroupInformation.java:1878) [hadoop-common-3.3.1.jar:?]
	at org.apache.hadoop.ipc.Server$Handler.run(Server.java:2966) [hadoop-common-3.3.1.jar:?]
07:25:30.666 [IPC Server handler 12 on default port 43657] ERROR OMAudit - user=runner | ip=127.0.0.1 | op=LIST_STATUS {volume=volume58907, bucket=bucket83537, key=root_dir/file2, dataSize=0, replicationConfig=null} | ret=FAILURE
org.apache.hadoop.ozone.om.exceptions.OMException: Unable to get file status: volume: volume58907 bucket: bucket83537 key: root_dir/file2
	at org.apache.hadoop.ozone.om.KeyManagerImpl.getOzoneFileStatus(KeyManagerImpl.java:1311) ~[ozone-manager-1.3.0-SNAPSHOT.jar:?]
	at org.apache.hadoop.ozone.om.KeyManagerImpl.getFileStatus(KeyManagerImpl.java:1241) ~[ozone-manager-1.3.0-SNAPSHOT.jar:?]
	at org.apache.hadoop.ozone.om.KeyManagerImpl.listStatus(KeyManagerImpl.java:1565) ~[ozone-manager-1.3.0-SNAPSHOT.jar:?]
	at org.apache.hadoop.ozone.om.OzoneManager.listStatus(OzoneManager.java:3497) ~[ozone-manager-1.3.0-SNAPSHOT.jar:?]
	at org.apache.hadoop.ozone.protocolPB.OzoneManagerRequestHandler.listStatus(OzoneManagerRequestHandler.java:1028) ~[ozone-manager-1.3.0-SNAPSHOT.jar:?]
	at org.apache.hadoop.ozone.protocolPB.OzoneManagerRequestHandler.handleReadRequest(OzoneManagerRequestHandler.java:228) ~[ozone-manager-1.3.0-SNAPSHOT.jar:?]
	at org.apache.hadoop.ozone.protocolPB.OzoneManagerProtocolServerSideTranslatorPB.submitRequestDirectlyToOM(OzoneManagerProtocolServerSideTranslatorPB.java:276) ~[ozone-manager-1.3.0-SNAPSHOT.jar:?]
	at org.apache.hadoop.ozone.protocolPB.OzoneManagerProtocolServerSideTranslatorPB.processRequest(OzoneManagerProtocolServerSideTranslatorPB.java:205) ~[ozone-manager-1.3.0-SNAPSHOT.jar:?]
	at org.apache.hadoop.hdds.server.OzoneProtocolMessageDispatcher.processRequest(OzoneProtocolMessageDispatcher.java:87) [hdds-server-framework-1.3.0-SNAPSHOT.jar:?]
	at org.apache.hadoop.ozone.protocolPB.OzoneManagerProtocolServerSideTranslatorPB.submitRequest(OzoneManagerProtocolServerSideTranslatorPB.java:147) [ozone-manager-1.3.0-SNAPSHOT.jar:?]
	at org.apache.hadoop.ozone.protocol.proto.OzoneManagerProtocolProtos$OzoneManagerService$2.callBlockingMethod(OzoneManagerProtocolProtos.java) [ozone-interface-client-1.3.0-SNAPSHOT.jar:?]
	at org.apache.hadoop.ipc.ProtobufRpcEngine$Server.processCall(ProtobufRpcEngine.java:466) [hadoop-common-3.3.1.jar:?]
	at org.apache.hadoop.ipc.ProtobufRpcEngine2$Server$ProtoBufRpcInvoker.call(ProtobufRpcEngine2.java:574) [hadoop-common-3.3.1.jar:?]
	at org.apache.hadoop.ipc.ProtobufRpcEngine2$Server$ProtoBufRpcInvoker.call(ProtobufRpcEngine2.java:552) [hadoop-common-3.3.1.jar:?]
	at org.apache.hadoop.ipc.RPC$Server.call(RPC.java:1093) [hadoop-common-3.3.1.jar:?]
	at org.apache.hadoop.ipc.Server$RpcCall.run(Server.java:1035) [hadoop-common-3.3.1.jar:?]
	at org.apache.hadoop.ipc.Server$RpcCall.run(Server.java:963) [hadoop-common-3.3.1.jar:?]
	at java.security.AccessController.doPrivileged(Native Method) ~[?:1.8.0_332]
	at javax.security.auth.Subject.doAs(Subject.java:422) [?:1.8.0_332]
	at org.apache.hadoop.security.UserGroupInformation.doAs(UserGroupInformation.java:1878) [hadoop-common-3.3.1.jar:?]
	at org.apache.hadoop.ipc.Server$Handler.run(Server.java:2966) [hadoop-common-3.3.1.jar:?]
07:25:30.692 [IPC Server handler 11 on default port 43657] ERROR OMAudit - user=runner | ip=127.0.0.1 | op=GET_FILE_STATUS {volume=volume58907, bucket=bucket83537, key=root_dir/dir1/file2, dataSize=0, replicationConfig=null} | ret=FAILURE
org.apache.hadoop.ozone.om.exceptions.OMException: Unable to get file status: volume: volume58907 bucket: bucket83537 key: root_dir/dir1/file2
	at org.apache.hadoop.ozone.om.KeyManagerImpl.getOzoneFileStatus(KeyManagerImpl.java:1311) ~[ozone-manager-1.3.0-SNAPSHOT.jar:?]
	at org.apache.hadoop.ozone.om.KeyManagerImpl.getFileStatus(KeyManagerImpl.java:1241) ~[ozone-manager-1.3.0-SNAPSHOT.jar:?]
	at org.apache.hadoop.ozone.om.OzoneManager.getFileStatus(OzoneManager.java:3419) ~[ozone-manager-1.3.0-SNAPSHOT.jar:?]
	at org.apache.hadoop.ozone.protocolPB.OzoneManagerRequestHandler.getOzoneFileStatus(OzoneManagerRequestHandler.java:871) ~[ozone-manager-1.3.0-SNAPSHOT.jar:?]
	at org.apache.hadoop.ozone.protocolPB.OzoneManagerRequestHandler.handleReadRequest(OzoneManagerRequestHandler.java:217) ~[ozone-manager-1.3.0-SNAPSHOT.jar:?]
	at org.apache.hadoop.ozone.protocolPB.OzoneManagerProtocolServerSideTranslatorPB.submitRequestDirectlyToOM(OzoneManagerProtocolServerSideTranslatorPB.java:276) ~[ozone-manager-1.3.0-SNAPSHOT.jar:?]
	at org.apache.hadoop.ozone.protocolPB.OzoneManagerProtocolServerSideTranslatorPB.processRequest(OzoneManagerProtocolServerSideTranslatorPB.java:205) ~[ozone-manager-1.3.0-SNAPSHOT.jar:?]
	at org.apache.hadoop.hdds.server.OzoneProtocolMessageDispatcher.processRequest(OzoneProtocolMessageDispatcher.java:87) [hdds-server-framework-1.3.0-SNAPSHOT.jar:?]
	at org.apache.hadoop.ozone.protocolPB.OzoneManagerProtocolServerSideTranslatorPB.submitRequest(OzoneManagerProtocolServerSideTranslatorPB.java:147) [ozone-manager-1.3.0-SNAPSHOT.jar:?]
	at org.apache.hadoop.ozone.protocol.proto.OzoneManagerProtocolProtos$OzoneManagerService$2.callBlockingMethod(OzoneManagerProtocolProtos.java) [ozone-interface-client-1.3.0-SNAPSHOT.jar:?]
	at org.apache.hadoop.ipc.ProtobufRpcEngine$Server.processCall(ProtobufRpcEngine.java:466) [hadoop-common-3.3.1.jar:?]
	at org.apache.hadoop.ipc.ProtobufRpcEngine2$Server$ProtoBufRpcInvoker.call(ProtobufRpcEngine2.java:574) [hadoop-common-3.3.1.jar:?]
	at org.apache.hadoop.ipc.ProtobufRpcEngine2$Server$ProtoBufRpcInvoker.call(ProtobufRpcEngine2.java:552) [hadoop-common-3.3.1.jar:?]
	at org.apache.hadoop.ipc.RPC$Server.call(RPC.java:1093) [hadoop-common-3.3.1.jar:?]
	at org.apache.hadoop.ipc.Server$RpcCall.run(Server.java:1035) [hadoop-common-3.3.1.jar:?]
	at org.apache.hadoop.ipc.Server$RpcCall.run(Server.java:963) [hadoop-common-3.3.1.jar:?]
	at java.security.AccessController.doPrivileged(Native Method) ~[?:1.8.0_332]
	at javax.security.auth.Subject.doAs(Subject.java:422) [?:1.8.0_332]
	at org.apache.hadoop.security.UserGroupInformation.doAs(UserGroupInformation.java:1878) [hadoop-common-3.3.1.jar:?]
	at org.apache.hadoop.ipc.Server$Handler.run(Server.java:2966) [hadoop-common-3.3.1.jar:?]
2022-07-02 07:25:30,693 [Time-limited test] WARN  ozone.BasicRootedOzoneFileSystem (BasicRootedOzoneFileSystem.java:delete(572)) - delete: Path does not exist: /volume58907/bucket83537/root_dir/dir1/file2
07:25:30.696 [IPC Server handler 4 on default port 43657] ERROR OMAudit - user=runner | ip=127.0.0.1 | op=GET_FILE_STATUS {volume=volume58907, bucket=bucket83537, key=root_dir/dir1/dir2, dataSize=0, replicationConfig=null} | ret=FAILURE
org.apache.hadoop.ozone.om.exceptions.OMException: Unable to get file status: volume: volume58907 bucket: bucket83537 key: root_dir/dir1/dir2
	at org.apache.hadoop.ozone.om.KeyManagerImpl.getOzoneFileStatus(KeyManagerImpl.java:1311) ~[ozone-manager-1.3.0-SNAPSHOT.jar:?]
	at org.apache.hadoop.ozone.om.KeyManagerImpl.getFileStatus(KeyManagerImpl.java:1241) ~[ozone-manager-1.3.0-SNAPSHOT.jar:?]
	at org.apache.hadoop.ozone.om.OzoneManager.getFileStatus(OzoneManager.java:3419) ~[ozone-manager-1.3.0-SNAPSHOT.jar:?]
	at org.apache.hadoop.ozone.protocolPB.OzoneManagerRequestHandler.getOzoneFileStatus(OzoneManagerRequestHandler.java:871) ~[ozone-manager-1.3.0-SNAPSHOT.jar:?]
	at org.apache.hadoop.ozone.protocolPB.OzoneManagerRequestHandler.handleReadRequest(OzoneManagerRequestHandler.java:217) ~[ozone-manager-1.3.0-SNAPSHOT.jar:?]
	at org.apache.hadoop.ozone.protocolPB.OzoneManagerProtocolServerSideTranslatorPB.submitRequestDirectlyToOM(OzoneManagerProtocolServerSideTranslatorPB.java:276) ~[ozone-manager-1.3.0-SNAPSHOT.jar:?]
	at org.apache.hadoop.ozone.protocolPB.OzoneManagerProtocolServerSideTranslatorPB.processRequest(OzoneManagerProtocolServerSideTranslatorPB.java:205) ~[ozone-manager-1.3.0-SNAPSHOT.jar:?]
	at org.apache.hadoop.hdds.server.OzoneProtocolMessageDispatcher.processRequest(OzoneProtocolMessageDispatcher.java:87) [hdds-server-framework-1.3.0-SNAPSHOT.jar:?]
	at org.apache.hadoop.ozone.protocolPB.OzoneManagerProtocolServerSideTranslatorPB.submitRequest(OzoneManagerProtocolServerSideTranslatorPB.java:147) [ozone-manager-1.3.0-SNAPSHOT.jar:?]
	at org.apache.hadoop.ozone.protocol.proto.OzoneManagerProtocolProtos$OzoneManagerService$2.callBlockingMethod(OzoneManagerProtocolProtos.java) [ozone-interface-client-1.3.0-SNAPSHOT.jar:?]
	at org.apache.hadoop.ipc.ProtobufRpcEngine$Server.processCall(ProtobufRpcEngine.java:466) [hadoop-common-3.3.1.jar:?]
	at org.apache.hadoop.ipc.ProtobufRpcEngine2$Server$ProtoBufRpcInvoker.call(ProtobufRpcEngine2.java:574) [hadoop-common-3.3.1.jar:?]
	at org.apache.hadoop.ipc.ProtobufRpcEngine2$Server$ProtoBufRpcInvoker.call(ProtobufRpcEngine2.java:552) [hadoop-common-3.3.1.jar:?]
	at org.apache.hadoop.ipc.RPC$Server.call(RPC.java:1093) [hadoop-common-3.3.1.jar:?]
	at org.apache.hadoop.ipc.Server$RpcCall.run(Server.java:1035) [hadoop-common-3.3.1.jar:?]
	at org.apache.hadoop.ipc.Server$RpcCall.run(Server.java:963) [hadoop-common-3.3.1.jar:?]
	at java.security.AccessController.doPrivileged(Native Method) ~[?:1.8.0_332]
	at javax.security.auth.Subject.doAs(Subject.java:422) [?:1.8.0_332]
	at org.apache.hadoop.security.UserGroupInformation.doAs(UserGroupInformation.java:1878) [hadoop-common-3.3.1.jar:?]
	at org.apache.hadoop.ipc.Server$Handler.run(Server.java:2966) [hadoop-common-3.3.1.jar:?]
2022-07-02 07:25:30,697 [Time-limited test] WARN  ozone.BasicRootedOzoneFileSystem (BasicRootedOzoneFileSystem.java:delete(572)) - delete: Path does not exist: /volume58907/bucket83537/root_dir/dir1/dir2
]]></system-out>
  </testcase>
  <testcase name="testMkdirNonExistentVolumeBucket" classname="TestRootedOzoneFileSystem" time="0.081">
    <system-out><![CDATA[2022-07-02 07:20:00,834 [Time-limited test] INFO  rpc.RpcClient (RpcClient.java:createVolume(466)) - Creating Volume: volume77047, with user96998 as owner and space quota set to -1 bytes, counts quota set to -1
2022-07-02 07:20:00,837 [OM StateMachine ApplyTransaction Thread - 0] INFO  volume.OMVolumeCreateRequest (OMVolumeCreateRequest.java:validateAndUpdateCache(195)) - created volume:volume77047 for user:user96998
2022-07-02 07:20:00,839 [Time-limited test] INFO  rpc.RpcClient (RpcClient.java:createBucket(669)) - Creating Bucket: volume77047/bucket06456, with bucket layout LEGACY, runner as owner, Versioning false, Storage Type set to DISK and Encryption set to false 
2022-07-02 07:20:00,842 [OM StateMachine ApplyTransaction Thread - 0] INFO  bucket.OMBucketCreateRequest (OMBucketCreateRequest.java:validateAndUpdateCache(260)) - created bucket: bucket06456 of layout LEGACY in volume: volume77047
2022-07-02 07:20:00,845 [Time-limited test] INFO  rpc.RpcClient (RpcClient.java:createVolume(466)) - Creating Volume: volume-06817, with runner as owner and space quota set to -1 bytes, counts quota set to -1
2022-07-02 07:20:00,848 [OM StateMachine ApplyTransaction Thread - 0] INFO  volume.OMVolumeCreateRequest (OMVolumeCreateRequest.java:validateAndUpdateCache(195)) - created volume:volume-06817 for user:runner
2022-07-02 07:20:00,850 [Time-limited test] INFO  rpc.RpcClient (RpcClient.java:createBucket(669)) - Creating Bucket: volume-06817/bucket-49313, with bucket layout LEGACY, runner as owner, Versioning false, Storage Type set to DISK and Encryption set to false 
2022-07-02 07:20:00,853 [OM StateMachine ApplyTransaction Thread - 0] INFO  bucket.OMBucketCreateRequest (OMBucketCreateRequest.java:validateAndUpdateCache(260)) - created bucket: bucket-49313 of layout LEGACY in volume: volume-06817
]]></system-out>
  </testcase>
  <testcase name="testMkdirNonExistentVolumeBucket" classname="TestRootedOzoneFileSystem" time="0.159">
    <system-out><![CDATA[2022-07-02 07:21:12,745 [Time-limited test] INFO  rpc.RpcClient (RpcClient.java:createVolume(466)) - Creating Volume: volume22470, with user34757 as owner and space quota set to -1 bytes, counts quota set to -1
2022-07-02 07:21:12,747 [OM StateMachine ApplyTransaction Thread - 0] INFO  volume.OMVolumeCreateRequest (OMVolumeCreateRequest.java:validateAndUpdateCache(195)) - created volume:volume22470 for user:user34757
2022-07-02 07:21:12,748 [Time-limited test] INFO  rpc.RpcClient (RpcClient.java:createBucket(669)) - Creating Bucket: volume22470/bucket79361, with bucket layout LEGACY, runner as owner, Versioning false, Storage Type set to DISK and Encryption set to false 
2022-07-02 07:21:12,750 [OM StateMachine ApplyTransaction Thread - 0] INFO  bucket.OMBucketCreateRequest (OMBucketCreateRequest.java:validateAndUpdateCache(260)) - created bucket: bucket79361 of layout LEGACY in volume: volume22470
07:21:12.751 [IPC Server handler 7 on default port 42659] ERROR OMAudit - user=runner | ip=127.0.0.1 | op=READ_BUCKET {volume=volume-31926, bucket=bucket-56824} | ret=FAILURE
org.apache.hadoop.ozone.om.exceptions.OMException: Volume not found when getting bucket info
	at org.apache.hadoop.ozone.om.BucketManagerImpl.getBucketInfo(BucketManagerImpl.java:127) ~[ozone-manager-1.3.0-SNAPSHOT.jar:?]
	at org.apache.hadoop.ozone.om.OzoneManager.getBucketInfo(OzoneManager.java:2778) ~[ozone-manager-1.3.0-SNAPSHOT.jar:?]
	at org.apache.hadoop.ozone.protocolPB.OzoneManagerRequestHandler.infoBucket(OzoneManagerRequestHandler.java:464) ~[ozone-manager-1.3.0-SNAPSHOT.jar:?]
	at org.apache.hadoop.ozone.protocolPB.OzoneManagerRequestHandler.handleReadRequest(OzoneManagerRequestHandler.java:172) ~[ozone-manager-1.3.0-SNAPSHOT.jar:?]
	at org.apache.hadoop.ozone.protocolPB.OzoneManagerProtocolServerSideTranslatorPB.submitReadRequestToOM(OzoneManagerProtocolServerSideTranslatorPB.java:226) ~[ozone-manager-1.3.0-SNAPSHOT.jar:?]
	at org.apache.hadoop.ozone.protocolPB.OzoneManagerProtocolServerSideTranslatorPB.processRequest(OzoneManagerProtocolServerSideTranslatorPB.java:175) ~[ozone-manager-1.3.0-SNAPSHOT.jar:?]
	at org.apache.hadoop.hdds.server.OzoneProtocolMessageDispatcher.processRequest(OzoneProtocolMessageDispatcher.java:87) [hdds-server-framework-1.3.0-SNAPSHOT.jar:?]
	at org.apache.hadoop.ozone.protocolPB.OzoneManagerProtocolServerSideTranslatorPB.submitRequest(OzoneManagerProtocolServerSideTranslatorPB.java:147) [ozone-manager-1.3.0-SNAPSHOT.jar:?]
	at org.apache.hadoop.ozone.protocol.proto.OzoneManagerProtocolProtos$OzoneManagerService$2.callBlockingMethod(OzoneManagerProtocolProtos.java) [ozone-interface-client-1.3.0-SNAPSHOT.jar:?]
	at org.apache.hadoop.ipc.ProtobufRpcEngine$Server.processCall(ProtobufRpcEngine.java:466) [hadoop-common-3.3.1.jar:?]
	at org.apache.hadoop.ipc.ProtobufRpcEngine2$Server$ProtoBufRpcInvoker.call(ProtobufRpcEngine2.java:574) [hadoop-common-3.3.1.jar:?]
	at org.apache.hadoop.ipc.ProtobufRpcEngine2$Server$ProtoBufRpcInvoker.call(ProtobufRpcEngine2.java:552) [hadoop-common-3.3.1.jar:?]
	at org.apache.hadoop.ipc.RPC$Server.call(RPC.java:1093) [hadoop-common-3.3.1.jar:?]
	at org.apache.hadoop.ipc.Server$RpcCall.run(Server.java:1035) [hadoop-common-3.3.1.jar:?]
	at org.apache.hadoop.ipc.Server$RpcCall.run(Server.java:963) [hadoop-common-3.3.1.jar:?]
	at java.security.AccessController.doPrivileged(Native Method) ~[?:1.8.0_332]
	at javax.security.auth.Subject.doAs(Subject.java:422) [?:1.8.0_332]
	at org.apache.hadoop.security.UserGroupInformation.doAs(UserGroupInformation.java:1878) [hadoop-common-3.3.1.jar:?]
	at org.apache.hadoop.ipc.Server$Handler.run(Server.java:2966) [hadoop-common-3.3.1.jar:?]
2022-07-02 07:21:12,752 [Time-limited test] INFO  rpc.RpcClient (RpcClient.java:createVolume(466)) - Creating Volume: volume-31926, with runner as owner and space quota set to -1 bytes, counts quota set to -1
2022-07-02 07:21:12,753 [OM StateMachine ApplyTransaction Thread - 0] INFO  volume.OMVolumeCreateRequest (OMVolumeCreateRequest.java:validateAndUpdateCache(195)) - created volume:volume-31926 for user:runner
2022-07-02 07:21:12,754 [Time-limited test] INFO  rpc.RpcClient (RpcClient.java:createBucket(669)) - Creating Bucket: volume-31926/bucket-56824, with bucket layout LEGACY, runner as owner, Versioning false, Storage Type set to DISK and Encryption set to false 
2022-07-02 07:21:12,755 [OM StateMachine ApplyTransaction Thread - 0] INFO  bucket.OMBucketCreateRequest (OMBucketCreateRequest.java:validateAndUpdateCache(260)) - created bucket: bucket-56824 of layout LEGACY in volume: volume-31926
2022-07-02 07:21:12,762 [c9a01eed-2c14-4142-866b-b2e3b10906a9@group-246C4D1B62E2-FollowerState] INFO  impl.FollowerState (FollowerState.java:run(143)) - c9a01eed-2c14-4142-866b-b2e3b10906a9@group-246C4D1B62E2-FollowerState: change to CANDIDATE, lastRpcElapsedTime:5121713349ns, electionTimeout:5098ms
2022-07-02 07:21:12,763 [c9a01eed-2c14-4142-866b-b2e3b10906a9@group-246C4D1B62E2-FollowerState] INFO  impl.RoleInfo (RoleInfo.java:shutdownFollowerState(110)) - c9a01eed-2c14-4142-866b-b2e3b10906a9: shutdown c9a01eed-2c14-4142-866b-b2e3b10906a9@group-246C4D1B62E2-FollowerState
2022-07-02 07:21:12,763 [c9a01eed-2c14-4142-866b-b2e3b10906a9@group-246C4D1B62E2-FollowerState] INFO  server.RaftServer$Division (RaftServerImpl.java:setRole(299)) - c9a01eed-2c14-4142-866b-b2e3b10906a9@group-246C4D1B62E2: changes role from  FOLLOWER to CANDIDATE at term 1 for changeToCandidate
2022-07-02 07:21:12,763 [c9a01eed-2c14-4142-866b-b2e3b10906a9@group-246C4D1B62E2-FollowerState] INFO  server.RaftServerConfigKeys (ConfUtils.java:logGet(46)) - raft.server.leaderelection.pre-vote = false (custom)
2022-07-02 07:21:12,763 [c9a01eed-2c14-4142-866b-b2e3b10906a9@group-246C4D1B62E2-FollowerState] INFO  impl.RoleInfo (RoleInfo.java:updateAndGet(139)) - c9a01eed-2c14-4142-866b-b2e3b10906a9: start c9a01eed-2c14-4142-866b-b2e3b10906a9@group-246C4D1B62E2-LeaderElection20
]]></system-out>
  </testcase>
  <testcase name="testMkdirNonExistentVolumeBucket" classname="TestRootedOzoneFileSystem" time="0.145">
    <system-out><![CDATA[2022-07-02 07:22:24,565 [eb920e94-4431-4986-848f-491e170389c2@group-92E053219BA8-LeaderElection29] INFO  impl.LeaderElection (LeaderElection.java:askForVotes(310)) - eb920e94-4431-4986-848f-491e170389c2@group-92E053219BA8-LeaderElection29 ELECTION round 0: submit vote requests at term 1 for -1: [eb920e94-4431-4986-848f-491e170389c2|rpc:10.1.0.20:46637|priority:1], old=null
2022-07-02 07:22:24,565 [eb920e94-4431-4986-848f-491e170389c2@group-92E053219BA8-LeaderElection29] INFO  impl.LeaderElection (LeaderElection.java:askForVotes(312)) - eb920e94-4431-4986-848f-491e170389c2@group-92E053219BA8-LeaderElection29 ELECTION round 0: result PASSED (term=1)
2022-07-02 07:22:24,565 [eb920e94-4431-4986-848f-491e170389c2@group-92E053219BA8-LeaderElection29] INFO  impl.RoleInfo (RoleInfo.java:shutdownLeaderElection(130)) - eb920e94-4431-4986-848f-491e170389c2: shutdown eb920e94-4431-4986-848f-491e170389c2@group-92E053219BA8-LeaderElection29
2022-07-02 07:22:24,565 [eb920e94-4431-4986-848f-491e170389c2@group-92E053219BA8-LeaderElection29] INFO  server.RaftServer$Division (RaftServerImpl.java:setRole(299)) - eb920e94-4431-4986-848f-491e170389c2@group-92E053219BA8: changes role from CANDIDATE to LEADER at term 1 for changeToLeader
2022-07-02 07:22:24,565 [eb920e94-4431-4986-848f-491e170389c2@group-92E053219BA8-LeaderElection29] INFO  ratis.XceiverServerRatis (XceiverServerRatis.java:handleLeaderChangedNotification(863)) - Leader change notification received for group: group-92E053219BA8 with new leaderId: eb920e94-4431-4986-848f-491e170389c2
2022-07-02 07:22:24,565 [eb920e94-4431-4986-848f-491e170389c2@group-92E053219BA8-LeaderElection29] INFO  server.RaftServer$Division (ServerState.java:setLeader(287)) - eb920e94-4431-4986-848f-491e170389c2@group-92E053219BA8: change Leader from null to eb920e94-4431-4986-848f-491e170389c2 at term 1 for becomeLeader, leader elected after 5280ms
2022-07-02 07:22:24,565 [eb920e94-4431-4986-848f-491e170389c2@group-92E053219BA8-LeaderElection29] INFO  server.RaftServerConfigKeys (ConfUtils.java:logGet(46)) - raft.server.staging.catchup.gap = 1000 (default)
2022-07-02 07:22:24,566 [eb920e94-4431-4986-848f-491e170389c2@group-92E053219BA8-LeaderElection29] INFO  server.RaftServerConfigKeys (ConfUtils.java:logGet(46)) - raft.server.write.element-limit = 1024 (custom)
2022-07-02 07:22:24,566 [eb920e94-4431-4986-848f-491e170389c2@group-92E053219BA8-LeaderElection29] INFO  server.RaftServerConfigKeys (ConfUtils.java:logGet(46)) - raft.server.write.byte-limit = 1024 M (=1073741824) (custom)
2022-07-02 07:22:24,566 [eb920e94-4431-4986-848f-491e170389c2@group-92E053219BA8-LeaderElection29] INFO  server.RaftServerConfigKeys (ConfUtils.java:logGet(46)) - raft.server.watch.timeout = 180s (custom)
2022-07-02 07:22:24,566 [eb920e94-4431-4986-848f-491e170389c2@group-92E053219BA8-LeaderElection29] INFO  server.RaftServerConfigKeys (ConfUtils.java:logGet(46)) - raft.server.watch.timeout.denomination = 1s (default)
2022-07-02 07:22:24,566 [eb920e94-4431-4986-848f-491e170389c2@group-92E053219BA8-LeaderElection29] INFO  server.RaftServerConfigKeys (ConfUtils.java:logGet(46)) - raft.server.watch.element-limit = 65536 (default)
2022-07-02 07:22:24,567 [eb920e94-4431-4986-848f-491e170389c2@group-92E053219BA8-LeaderElection29] INFO  server.RaftServerConfigKeys (ConfUtils.java:logGet(46)) - raft.server.write.element-limit = 1024 (custom)
2022-07-02 07:22:24,567 [eb920e94-4431-4986-848f-491e170389c2@group-92E053219BA8-LeaderElection29] INFO  server.RaftServerConfigKeys (ConfUtils.java:logGet(46)) - raft.server.write.follower.gap.ratio.max = -1.0 (default)
2022-07-02 07:22:24,567 [eb920e94-4431-4986-848f-491e170389c2@group-92E053219BA8-LeaderElection29] INFO  impl.RoleInfo (RoleInfo.java:updateAndGet(139)) - eb920e94-4431-4986-848f-491e170389c2: start eb920e94-4431-4986-848f-491e170389c2@group-92E053219BA8-LeaderStateImpl
2022-07-02 07:22:24,568 [eb920e94-4431-4986-848f-491e170389c2@group-92E053219BA8-LeaderElection29] INFO  segmented.SegmentedRaftLogWorker (SegmentedRaftLogWorker.java:startLogSegment(425)) - eb920e94-4431-4986-848f-491e170389c2@group-92E053219BA8-SegmentedRaftLogWorker: Starting segment from index:0
2022-07-02 07:22:24,585 [eb920e94-4431-4986-848f-491e170389c2@group-92E053219BA8-SegmentedRaftLogWorker] INFO  segmented.SegmentedRaftLogWorker (SegmentedRaftLogWorker.java:execute(629)) - eb920e94-4431-4986-848f-491e170389c2@group-92E053219BA8-SegmentedRaftLogWorker: created new log segment /home/runner/work/ozone/ozone/hadoop-ozone/integration-test/target/test-dir/MiniOzoneClusterImpl-2091899c-1ec3-4d3e-95df-d9e62105ac7a/datanode-4/data/ratis/5bd33b1f-dbd7-4253-9906-92e053219ba8/current/log_inprogress_0
2022-07-02 07:22:24,626 [eb920e94-4431-4986-848f-491e170389c2@group-92E053219BA8-LeaderElection29] INFO  server.RaftServer$Division (ServerState.java:setRaftConf(393)) - eb920e94-4431-4986-848f-491e170389c2@group-92E053219BA8: set configuration 0: [eb920e94-4431-4986-848f-491e170389c2|rpc:10.1.0.20:46637|dataStream:|priority:1], old=null
2022-07-02 07:22:24,674 [Time-limited test] INFO  rpc.RpcClient (RpcClient.java:createVolume(466)) - Creating Volume: volume68713, with user86300 as owner and space quota set to -1 bytes, counts quota set to -1
2022-07-02 07:22:24,675 [IPC Server handler 14 on default port 38347] INFO  volume.OMVolumeCreateRequest (OMVolumeCreateRequest.java:validateAndUpdateCache(195)) - created volume:volume68713 for user:user86300
2022-07-02 07:22:24,676 [Time-limited test] INFO  rpc.RpcClient (RpcClient.java:createBucket(669)) - Creating Bucket: volume68713/bucket20663, with bucket layout LEGACY, runner as owner, Versioning false, Storage Type set to DISK and Encryption set to false 
2022-07-02 07:22:24,680 [IPC Server handler 19 on default port 38347] INFO  bucket.OMBucketCreateRequest (OMBucketCreateRequest.java:validateAndUpdateCache(260)) - created bucket: bucket20663 of layout LEGACY in volume: volume68713
07:22:24.681 [IPC Server handler 1 on default port 38347] ERROR OMAudit - user=runner | ip=127.0.0.1 | op=READ_BUCKET {volume=volume-71509, bucket=bucket-67212} | ret=FAILURE
org.apache.hadoop.ozone.om.exceptions.OMException: Volume not found when getting bucket info
	at org.apache.hadoop.ozone.om.BucketManagerImpl.getBucketInfo(BucketManagerImpl.java:127) ~[ozone-manager-1.3.0-SNAPSHOT.jar:?]
	at org.apache.hadoop.ozone.om.OzoneManager.getBucketInfo(OzoneManager.java:2778) ~[ozone-manager-1.3.0-SNAPSHOT.jar:?]
	at org.apache.hadoop.ozone.protocolPB.OzoneManagerRequestHandler.infoBucket(OzoneManagerRequestHandler.java:464) ~[ozone-manager-1.3.0-SNAPSHOT.jar:?]
	at org.apache.hadoop.ozone.protocolPB.OzoneManagerRequestHandler.handleReadRequest(OzoneManagerRequestHandler.java:172) ~[ozone-manager-1.3.0-SNAPSHOT.jar:?]
	at org.apache.hadoop.ozone.protocolPB.OzoneManagerProtocolServerSideTranslatorPB.submitRequestDirectlyToOM(OzoneManagerProtocolServerSideTranslatorPB.java:276) ~[ozone-manager-1.3.0-SNAPSHOT.jar:?]
	at org.apache.hadoop.ozone.protocolPB.OzoneManagerProtocolServerSideTranslatorPB.processRequest(OzoneManagerProtocolServerSideTranslatorPB.java:205) ~[ozone-manager-1.3.0-SNAPSHOT.jar:?]
	at org.apache.hadoop.hdds.server.OzoneProtocolMessageDispatcher.processRequest(OzoneProtocolMessageDispatcher.java:87) [hdds-server-framework-1.3.0-SNAPSHOT.jar:?]
	at org.apache.hadoop.ozone.protocolPB.OzoneManagerProtocolServerSideTranslatorPB.submitRequest(OzoneManagerProtocolServerSideTranslatorPB.java:147) [ozone-manager-1.3.0-SNAPSHOT.jar:?]
	at org.apache.hadoop.ozone.protocol.proto.OzoneManagerProtocolProtos$OzoneManagerService$2.callBlockingMethod(OzoneManagerProtocolProtos.java) [ozone-interface-client-1.3.0-SNAPSHOT.jar:?]
	at org.apache.hadoop.ipc.ProtobufRpcEngine$Server.processCall(ProtobufRpcEngine.java:466) [hadoop-common-3.3.1.jar:?]
	at org.apache.hadoop.ipc.ProtobufRpcEngine2$Server$ProtoBufRpcInvoker.call(ProtobufRpcEngine2.java:574) [hadoop-common-3.3.1.jar:?]
	at org.apache.hadoop.ipc.ProtobufRpcEngine2$Server$ProtoBufRpcInvoker.call(ProtobufRpcEngine2.java:552) [hadoop-common-3.3.1.jar:?]
	at org.apache.hadoop.ipc.RPC$Server.call(RPC.java:1093) [hadoop-common-3.3.1.jar:?]
	at org.apache.hadoop.ipc.Server$RpcCall.run(Server.java:1035) [hadoop-common-3.3.1.jar:?]
	at org.apache.hadoop.ipc.Server$RpcCall.run(Server.java:963) [hadoop-common-3.3.1.jar:?]
	at java.security.AccessController.doPrivileged(Native Method) ~[?:1.8.0_332]
	at javax.security.auth.Subject.doAs(Subject.java:422) [?:1.8.0_332]
	at org.apache.hadoop.security.UserGroupInformation.doAs(UserGroupInformation.java:1878) [hadoop-common-3.3.1.jar:?]
	at org.apache.hadoop.ipc.Server$Handler.run(Server.java:2966) [hadoop-common-3.3.1.jar:?]
2022-07-02 07:22:24,682 [Time-limited test] INFO  rpc.RpcClient (RpcClient.java:createVolume(466)) - Creating Volume: volume-71509, with runner as owner and space quota set to -1 bytes, counts quota set to -1
2022-07-02 07:22:24,683 [IPC Server handler 2 on default port 38347] INFO  volume.OMVolumeCreateRequest (OMVolumeCreateRequest.java:validateAndUpdateCache(195)) - created volume:volume-71509 for user:runner
2022-07-02 07:22:24,684 [Time-limited test] INFO  rpc.RpcClient (RpcClient.java:createBucket(669)) - Creating Bucket: volume-71509/bucket-67212, with bucket layout LEGACY, runner as owner, Versioning false, Storage Type set to DISK and Encryption set to false 
2022-07-02 07:22:24,685 [IPC Server handler 3 on default port 38347] INFO  bucket.OMBucketCreateRequest (OMBucketCreateRequest.java:validateAndUpdateCache(260)) - created bucket: bucket-67212 of layout LEGACY in volume: volume-71509
]]></system-out>
  </testcase>
  <testcase name="testMkdirNonExistentVolumeBucket" classname="TestRootedOzoneFileSystem" time="0.169">
    <system-out><![CDATA[2022-07-02 07:23:59,800 [Time-limited test] INFO  rpc.RpcClient (RpcClient.java:createVolume(466)) - Creating Volume: volume30948, with user76973 as owner and space quota set to -1 bytes, counts quota set to -1
2022-07-02 07:23:59,802 [OM StateMachine ApplyTransaction Thread - 0] INFO  volume.OMVolumeCreateRequest (OMVolumeCreateRequest.java:validateAndUpdateCache(195)) - created volume:volume30948 for user:user76973
2022-07-02 07:23:59,802 [Time-limited test] INFO  rpc.RpcClient (RpcClient.java:createBucket(669)) - Creating Bucket: volume30948/bucket01822, with bucket layout LEGACY, runner as owner, Versioning false, Storage Type set to DISK and Encryption set to false 
2022-07-02 07:23:59,804 [OM StateMachine ApplyTransaction Thread - 0] INFO  bucket.OMBucketCreateRequest (OMBucketCreateRequest.java:validateAndUpdateCache(260)) - created bucket: bucket01822 of layout LEGACY in volume: volume30948
07:23:59.810 [IPC Server handler 6 on default port 38259] ERROR OMAudit - user=runner | ip=127.0.0.1 | op=READ_BUCKET {volume=volume-31590, bucket=bucket-89596} | ret=FAILURE
org.apache.hadoop.ozone.om.exceptions.OMException: Volume not found when getting bucket info
	at org.apache.hadoop.ozone.om.BucketManagerImpl.getBucketInfo(BucketManagerImpl.java:127) ~[ozone-manager-1.3.0-SNAPSHOT.jar:?]
	at org.apache.hadoop.ozone.om.OzoneManager.getBucketInfo(OzoneManager.java:2778) ~[ozone-manager-1.3.0-SNAPSHOT.jar:?]
	at org.apache.hadoop.ozone.protocolPB.OzoneManagerRequestHandler.infoBucket(OzoneManagerRequestHandler.java:464) ~[ozone-manager-1.3.0-SNAPSHOT.jar:?]
	at org.apache.hadoop.ozone.protocolPB.OzoneManagerRequestHandler.handleReadRequest(OzoneManagerRequestHandler.java:172) ~[ozone-manager-1.3.0-SNAPSHOT.jar:?]
	at org.apache.hadoop.ozone.protocolPB.OzoneManagerProtocolServerSideTranslatorPB.submitReadRequestToOM(OzoneManagerProtocolServerSideTranslatorPB.java:226) ~[ozone-manager-1.3.0-SNAPSHOT.jar:?]
	at org.apache.hadoop.ozone.protocolPB.OzoneManagerProtocolServerSideTranslatorPB.processRequest(OzoneManagerProtocolServerSideTranslatorPB.java:175) ~[ozone-manager-1.3.0-SNAPSHOT.jar:?]
	at org.apache.hadoop.hdds.server.OzoneProtocolMessageDispatcher.processRequest(OzoneProtocolMessageDispatcher.java:87) [hdds-server-framework-1.3.0-SNAPSHOT.jar:?]
	at org.apache.hadoop.ozone.protocolPB.OzoneManagerProtocolServerSideTranslatorPB.submitRequest(OzoneManagerProtocolServerSideTranslatorPB.java:147) [ozone-manager-1.3.0-SNAPSHOT.jar:?]
	at org.apache.hadoop.ozone.protocol.proto.OzoneManagerProtocolProtos$OzoneManagerService$2.callBlockingMethod(OzoneManagerProtocolProtos.java) [ozone-interface-client-1.3.0-SNAPSHOT.jar:?]
	at org.apache.hadoop.ipc.ProtobufRpcEngine$Server.processCall(ProtobufRpcEngine.java:466) [hadoop-common-3.3.1.jar:?]
	at org.apache.hadoop.ipc.ProtobufRpcEngine2$Server$ProtoBufRpcInvoker.call(ProtobufRpcEngine2.java:574) [hadoop-common-3.3.1.jar:?]
	at org.apache.hadoop.ipc.ProtobufRpcEngine2$Server$ProtoBufRpcInvoker.call(ProtobufRpcEngine2.java:552) [hadoop-common-3.3.1.jar:?]
	at org.apache.hadoop.ipc.RPC$Server.call(RPC.java:1093) [hadoop-common-3.3.1.jar:?]
	at org.apache.hadoop.ipc.Server$RpcCall.run(Server.java:1035) [hadoop-common-3.3.1.jar:?]
	at org.apache.hadoop.ipc.Server$RpcCall.run(Server.java:963) [hadoop-common-3.3.1.jar:?]
	at java.security.AccessController.doPrivileged(Native Method) ~[?:1.8.0_332]
	at javax.security.auth.Subject.doAs(Subject.java:422) [?:1.8.0_332]
	at org.apache.hadoop.security.UserGroupInformation.doAs(UserGroupInformation.java:1878) [hadoop-common-3.3.1.jar:?]
	at org.apache.hadoop.ipc.Server$Handler.run(Server.java:2966) [hadoop-common-3.3.1.jar:?]
2022-07-02 07:23:59,810 [Time-limited test] INFO  rpc.RpcClient (RpcClient.java:createVolume(466)) - Creating Volume: volume-31590, with runner as owner and space quota set to -1 bytes, counts quota set to -1
2022-07-02 07:23:59,817 [OM StateMachine ApplyTransaction Thread - 0] INFO  volume.OMVolumeCreateRequest (OMVolumeCreateRequest.java:validateAndUpdateCache(195)) - created volume:volume-31590 for user:runner
2022-07-02 07:23:59,818 [Time-limited test] INFO  rpc.RpcClient (RpcClient.java:createBucket(669)) - Creating Bucket: volume-31590/bucket-89596, with bucket layout LEGACY, runner as owner, Versioning false, Storage Type set to DISK and Encryption set to false 
2022-07-02 07:23:59,819 [OM StateMachine ApplyTransaction Thread - 0] INFO  bucket.OMBucketCreateRequest (OMBucketCreateRequest.java:validateAndUpdateCache(260)) - created bucket: bucket-89596 of layout LEGACY in volume: volume-31590
]]></system-out>
  </testcase>
  <testcase name="testMkdirNonExistentVolumeBucket" classname="TestRootedOzoneFileSystem" time="0.22">
    <system-out><![CDATA[2022-07-02 07:25:30,901 [Time-limited test] INFO  rpc.RpcClient (RpcClient.java:createVolume(466)) - Creating Volume: volume81601, with user21728 as owner and space quota set to -1 bytes, counts quota set to -1
2022-07-02 07:25:30,902 [IPC Server handler 16 on default port 43657] INFO  volume.OMVolumeCreateRequest (OMVolumeCreateRequest.java:validateAndUpdateCache(195)) - created volume:volume81601 for user:user21728
2022-07-02 07:25:30,908 [Time-limited test] INFO  rpc.RpcClient (RpcClient.java:createBucket(669)) - Creating Bucket: volume81601/bucket33170, with bucket layout LEGACY, runner as owner, Versioning false, Storage Type set to DISK and Encryption set to false 
2022-07-02 07:25:30,909 [IPC Server handler 2 on default port 43657] INFO  bucket.OMBucketCreateRequest (OMBucketCreateRequest.java:validateAndUpdateCache(260)) - created bucket: bucket33170 of layout LEGACY in volume: volume81601
07:25:30.910 [IPC Server handler 8 on default port 43657] ERROR OMAudit - user=runner | ip=127.0.0.1 | op=READ_BUCKET {volume=volume-34245, bucket=bucket-82832} | ret=FAILURE
org.apache.hadoop.ozone.om.exceptions.OMException: Volume not found when getting bucket info
	at org.apache.hadoop.ozone.om.BucketManagerImpl.getBucketInfo(BucketManagerImpl.java:127) ~[ozone-manager-1.3.0-SNAPSHOT.jar:?]
	at org.apache.hadoop.ozone.om.OzoneManager.getBucketInfo(OzoneManager.java:2778) ~[ozone-manager-1.3.0-SNAPSHOT.jar:?]
	at org.apache.hadoop.ozone.protocolPB.OzoneManagerRequestHandler.infoBucket(OzoneManagerRequestHandler.java:464) ~[ozone-manager-1.3.0-SNAPSHOT.jar:?]
	at org.apache.hadoop.ozone.protocolPB.OzoneManagerRequestHandler.handleReadRequest(OzoneManagerRequestHandler.java:172) ~[ozone-manager-1.3.0-SNAPSHOT.jar:?]
	at org.apache.hadoop.ozone.protocolPB.OzoneManagerProtocolServerSideTranslatorPB.submitRequestDirectlyToOM(OzoneManagerProtocolServerSideTranslatorPB.java:276) ~[ozone-manager-1.3.0-SNAPSHOT.jar:?]
	at org.apache.hadoop.ozone.protocolPB.OzoneManagerProtocolServerSideTranslatorPB.processRequest(OzoneManagerProtocolServerSideTranslatorPB.java:205) ~[ozone-manager-1.3.0-SNAPSHOT.jar:?]
	at org.apache.hadoop.hdds.server.OzoneProtocolMessageDispatcher.processRequest(OzoneProtocolMessageDispatcher.java:87) [hdds-server-framework-1.3.0-SNAPSHOT.jar:?]
	at org.apache.hadoop.ozone.protocolPB.OzoneManagerProtocolServerSideTranslatorPB.submitRequest(OzoneManagerProtocolServerSideTranslatorPB.java:147) [ozone-manager-1.3.0-SNAPSHOT.jar:?]
	at org.apache.hadoop.ozone.protocol.proto.OzoneManagerProtocolProtos$OzoneManagerService$2.callBlockingMethod(OzoneManagerProtocolProtos.java) [ozone-interface-client-1.3.0-SNAPSHOT.jar:?]
	at org.apache.hadoop.ipc.ProtobufRpcEngine$Server.processCall(ProtobufRpcEngine.java:466) [hadoop-common-3.3.1.jar:?]
	at org.apache.hadoop.ipc.ProtobufRpcEngine2$Server$ProtoBufRpcInvoker.call(ProtobufRpcEngine2.java:574) [hadoop-common-3.3.1.jar:?]
	at org.apache.hadoop.ipc.ProtobufRpcEngine2$Server$ProtoBufRpcInvoker.call(ProtobufRpcEngine2.java:552) [hadoop-common-3.3.1.jar:?]
	at org.apache.hadoop.ipc.RPC$Server.call(RPC.java:1093) [hadoop-common-3.3.1.jar:?]
	at org.apache.hadoop.ipc.Server$RpcCall.run(Server.java:1035) [hadoop-common-3.3.1.jar:?]
	at org.apache.hadoop.ipc.Server$RpcCall.run(Server.java:963) [hadoop-common-3.3.1.jar:?]
	at java.security.AccessController.doPrivileged(Native Method) ~[?:1.8.0_332]
	at javax.security.auth.Subject.doAs(Subject.java:422) [?:1.8.0_332]
	at org.apache.hadoop.security.UserGroupInformation.doAs(UserGroupInformation.java:1878) [hadoop-common-3.3.1.jar:?]
	at org.apache.hadoop.ipc.Server$Handler.run(Server.java:2966) [hadoop-common-3.3.1.jar:?]
2022-07-02 07:25:30,911 [Time-limited test] INFO  rpc.RpcClient (RpcClient.java:createVolume(466)) - Creating Volume: volume-34245, with runner as owner and space quota set to -1 bytes, counts quota set to -1
2022-07-02 07:25:30,912 [IPC Server handler 18 on default port 43657] INFO  volume.OMVolumeCreateRequest (OMVolumeCreateRequest.java:validateAndUpdateCache(195)) - created volume:volume-34245 for user:runner
2022-07-02 07:25:30,912 [Time-limited test] INFO  rpc.RpcClient (RpcClient.java:createBucket(669)) - Creating Bucket: volume-34245/bucket-82832, with bucket layout LEGACY, runner as owner, Versioning false, Storage Type set to DISK and Encryption set to false 
2022-07-02 07:25:30,913 [IPC Server handler 11 on default port 43657] INFO  bucket.OMBucketCreateRequest (OMBucketCreateRequest.java:validateAndUpdateCache(260)) - created bucket: bucket-82832 of layout LEGACY in volume: volume-34245
]]></system-out>
  </testcase>
  <testcase name="testFailToDeleteRoot" classname="TestRootedOzoneFileSystem" time="0.054">
    <system-out><![CDATA[2022-07-02 07:20:00,907 [Time-limited test] INFO  rpc.RpcClient (RpcClient.java:createVolume(466)) - Creating Volume: volume39075, with user83769 as owner and space quota set to -1 bytes, counts quota set to -1
2022-07-02 07:20:00,909 [OM StateMachine ApplyTransaction Thread - 0] INFO  volume.OMVolumeCreateRequest (OMVolumeCreateRequest.java:validateAndUpdateCache(195)) - created volume:volume39075 for user:user83769
2022-07-02 07:20:00,913 [Time-limited test] INFO  rpc.RpcClient (RpcClient.java:createBucket(669)) - Creating Bucket: volume39075/bucket40338, with bucket layout LEGACY, runner as owner, Versioning false, Storage Type set to DISK and Encryption set to false 
2022-07-02 07:20:00,917 [OM StateMachine ApplyTransaction Thread - 0] INFO  bucket.OMBucketCreateRequest (OMBucketCreateRequest.java:validateAndUpdateCache(260)) - created bucket: bucket40338 of layout LEGACY in volume: volume39075
2022-07-02 07:20:00,919 [Time-limited test] WARN  ozone.BasicRootedOzoneFileSystem (BasicRootedOzoneFileSystem.java:delete(591)) - delete: OFS does not support rm root. To wipe the cluster, please re-init OM instead.
2022-07-02 07:20:00,919 [Time-limited test] WARN  ozone.BasicRootedOzoneFileSystem (BasicRootedOzoneFileSystem.java:delete(591)) - delete: OFS does not support rm root. To wipe the cluster, please re-init OM instead.
]]></system-out>
  </testcase>
  <testcase name="testFailToDeleteRoot" classname="TestRootedOzoneFileSystem" time="0.184">
    <system-out><![CDATA[2022-07-02 07:21:12,822 [c9a01eed-2c14-4142-866b-b2e3b10906a9@group-246C4D1B62E2-LeaderElection20] INFO  impl.LeaderElection (LeaderElection.java:askForVotes(310)) - c9a01eed-2c14-4142-866b-b2e3b10906a9@group-246C4D1B62E2-LeaderElection20 ELECTION round 0: submit vote requests at term 2 for -1: [1b8544ae-5af5-4df4-b279-24215a24e61f|rpc:10.1.0.20:40747|dataStream:|priority:0, cfe57530-fe42-4aeb-89ca-3dd0b37fa566|rpc:10.1.0.20:46557|dataStream:|priority:0, c9a01eed-2c14-4142-866b-b2e3b10906a9|rpc:10.1.0.20:44461|dataStream:|priority:1], old=null
2022-07-02 07:21:12,857 [grpc-default-executor-0] INFO  server.RaftServer$Division (RaftServerImpl.java:requestVote(1152)) - 1b8544ae-5af5-4df4-b279-24215a24e61f@group-246C4D1B62E2: receive requestVote(ELECTION, c9a01eed-2c14-4142-866b-b2e3b10906a9, group-246C4D1B62E2, 2, (t:0, i:0))
2022-07-02 07:21:12,857 [grpc-default-executor-0] INFO  impl.VoteContext (VoteContext.java:log(48)) - 1b8544ae-5af5-4df4-b279-24215a24e61f@group-246C4D1B62E2-FOLLOWER: accept ELECTION from c9a01eed-2c14-4142-866b-b2e3b10906a9: our priority 0 <= candidate's priority 1
2022-07-02 07:21:12,857 [grpc-default-executor-0] INFO  server.RaftServer$Division (RaftServerImpl.java:setRole(299)) - 1b8544ae-5af5-4df4-b279-24215a24e61f@group-246C4D1B62E2: changes role from  FOLLOWER to FOLLOWER at term 2 for candidate:c9a01eed-2c14-4142-866b-b2e3b10906a9
2022-07-02 07:21:12,858 [grpc-default-executor-0] INFO  impl.RoleInfo (RoleInfo.java:shutdownFollowerState(110)) - 1b8544ae-5af5-4df4-b279-24215a24e61f: shutdown 1b8544ae-5af5-4df4-b279-24215a24e61f@group-246C4D1B62E2-FollowerState
2022-07-02 07:21:12,858 [grpc-default-executor-0] INFO  impl.RoleInfo (RoleInfo.java:updateAndGet(139)) - 1b8544ae-5af5-4df4-b279-24215a24e61f: start 1b8544ae-5af5-4df4-b279-24215a24e61f@group-246C4D1B62E2-FollowerState
2022-07-02 07:21:12,857 [grpc-default-executor-2] INFO  server.RaftServer$Division (RaftServerImpl.java:requestVote(1152)) - cfe57530-fe42-4aeb-89ca-3dd0b37fa566@group-246C4D1B62E2: receive requestVote(ELECTION, c9a01eed-2c14-4142-866b-b2e3b10906a9, group-246C4D1B62E2, 2, (t:0, i:0))
2022-07-02 07:21:12,858 [grpc-default-executor-2] INFO  impl.VoteContext (VoteContext.java:log(48)) - cfe57530-fe42-4aeb-89ca-3dd0b37fa566@group-246C4D1B62E2-FOLLOWER: accept ELECTION from c9a01eed-2c14-4142-866b-b2e3b10906a9: our priority 0 <= candidate's priority 1
2022-07-02 07:21:12,858 [grpc-default-executor-2] INFO  server.RaftServer$Division (RaftServerImpl.java:setRole(299)) - cfe57530-fe42-4aeb-89ca-3dd0b37fa566@group-246C4D1B62E2: changes role from  FOLLOWER to FOLLOWER at term 2 for candidate:c9a01eed-2c14-4142-866b-b2e3b10906a9
2022-07-02 07:21:12,858 [grpc-default-executor-2] INFO  impl.RoleInfo (RoleInfo.java:shutdownFollowerState(110)) - cfe57530-fe42-4aeb-89ca-3dd0b37fa566: shutdown cfe57530-fe42-4aeb-89ca-3dd0b37fa566@group-246C4D1B62E2-FollowerState
2022-07-02 07:21:12,858 [1b8544ae-5af5-4df4-b279-24215a24e61f@group-246C4D1B62E2-FollowerState] INFO  impl.FollowerState (FollowerState.java:run(152)) - 1b8544ae-5af5-4df4-b279-24215a24e61f@group-246C4D1B62E2-FollowerState was interrupted
2022-07-02 07:21:12,863 [grpc-default-executor-0] INFO  server.RaftServer$Division (RaftServerImpl.java:requestVote(1184)) - 1b8544ae-5af5-4df4-b279-24215a24e61f@group-246C4D1B62E2 replies to ELECTION vote request: c9a01eed-2c14-4142-866b-b2e3b10906a9<-1b8544ae-5af5-4df4-b279-24215a24e61f#0:OK-t2. Peer's state: 1b8544ae-5af5-4df4-b279-24215a24e61f@group-246C4D1B62E2:t2, leader=null, voted=c9a01eed-2c14-4142-866b-b2e3b10906a9, raftlog=1b8544ae-5af5-4df4-b279-24215a24e61f@group-246C4D1B62E2-SegmentedRaftLog:OPENED:c-1, conf=-1: [1b8544ae-5af5-4df4-b279-24215a24e61f|rpc:10.1.0.20:40747|priority:0, cfe57530-fe42-4aeb-89ca-3dd0b37fa566|rpc:10.1.0.20:46557|priority:0, c9a01eed-2c14-4142-866b-b2e3b10906a9|rpc:10.1.0.20:44461|priority:1], old=null
2022-07-02 07:21:12,864 [c9a01eed-2c14-4142-866b-b2e3b10906a9@group-246C4D1B62E2-LeaderElection20] INFO  impl.LeaderElection (LeaderElection.java:logAndReturn(90)) - c9a01eed-2c14-4142-866b-b2e3b10906a9@group-246C4D1B62E2-LeaderElection20: ELECTION PASSED received 1 response(s) and 0 exception(s):
2022-07-02 07:21:12,864 [c9a01eed-2c14-4142-866b-b2e3b10906a9@group-246C4D1B62E2-LeaderElection20] INFO  impl.LeaderElection (LeaderElection.java:logAndReturn(94)) -   Response 0: c9a01eed-2c14-4142-866b-b2e3b10906a9<-1b8544ae-5af5-4df4-b279-24215a24e61f#0:OK-t2
2022-07-02 07:21:12,864 [c9a01eed-2c14-4142-866b-b2e3b10906a9@group-246C4D1B62E2-LeaderElection20] INFO  impl.LeaderElection (LeaderElection.java:askForVotes(312)) - c9a01eed-2c14-4142-866b-b2e3b10906a9@group-246C4D1B62E2-LeaderElection20 ELECTION round 0: result PASSED
2022-07-02 07:21:12,864 [c9a01eed-2c14-4142-866b-b2e3b10906a9@group-246C4D1B62E2-LeaderElection20] INFO  impl.RoleInfo (RoleInfo.java:shutdownLeaderElection(130)) - c9a01eed-2c14-4142-866b-b2e3b10906a9: shutdown c9a01eed-2c14-4142-866b-b2e3b10906a9@group-246C4D1B62E2-LeaderElection20
2022-07-02 07:21:12,864 [c9a01eed-2c14-4142-866b-b2e3b10906a9@group-246C4D1B62E2-LeaderElection20] INFO  server.RaftServer$Division (RaftServerImpl.java:setRole(299)) - c9a01eed-2c14-4142-866b-b2e3b10906a9@group-246C4D1B62E2: changes role from CANDIDATE to LEADER at term 2 for changeToLeader
2022-07-02 07:21:12,864 [c9a01eed-2c14-4142-866b-b2e3b10906a9@group-246C4D1B62E2-LeaderElection20] INFO  ratis.XceiverServerRatis (XceiverServerRatis.java:handleLeaderChangedNotification(863)) - Leader change notification received for group: group-246C4D1B62E2 with new leaderId: c9a01eed-2c14-4142-866b-b2e3b10906a9
2022-07-02 07:21:12,865 [c9a01eed-2c14-4142-866b-b2e3b10906a9@group-246C4D1B62E2-LeaderElection20] INFO  server.RaftServer$Division (ServerState.java:setLeader(287)) - c9a01eed-2c14-4142-866b-b2e3b10906a9@group-246C4D1B62E2: change Leader from null to c9a01eed-2c14-4142-866b-b2e3b10906a9 at term 2 for becomeLeader, leader elected after 10174ms
2022-07-02 07:21:12,865 [c9a01eed-2c14-4142-866b-b2e3b10906a9@group-246C4D1B62E2-LeaderElection20] INFO  server.RaftServerConfigKeys (ConfUtils.java:logGet(46)) - raft.server.staging.catchup.gap = 1000 (default)
2022-07-02 07:21:12,865 [c9a01eed-2c14-4142-866b-b2e3b10906a9@group-246C4D1B62E2-LeaderElection20] INFO  server.RaftServerConfigKeys (ConfUtils.java:logGet(46)) - raft.server.write.element-limit = 1024 (custom)
2022-07-02 07:21:12,865 [c9a01eed-2c14-4142-866b-b2e3b10906a9@group-246C4D1B62E2-LeaderElection20] INFO  server.RaftServerConfigKeys (ConfUtils.java:logGet(46)) - raft.server.write.byte-limit = 1024 M (=1073741824) (custom)
2022-07-02 07:21:12,865 [c9a01eed-2c14-4142-866b-b2e3b10906a9@group-246C4D1B62E2-LeaderElection20] INFO  server.RaftServerConfigKeys (ConfUtils.java:logGet(46)) - raft.server.watch.timeout = 180s (custom)
2022-07-02 07:21:12,865 [c9a01eed-2c14-4142-866b-b2e3b10906a9@group-246C4D1B62E2-LeaderElection20] INFO  server.RaftServerConfigKeys (ConfUtils.java:logGet(46)) - raft.server.watch.timeout.denomination = 1s (default)
2022-07-02 07:21:12,865 [c9a01eed-2c14-4142-866b-b2e3b10906a9@group-246C4D1B62E2-LeaderElection20] INFO  server.RaftServerConfigKeys (ConfUtils.java:logGet(46)) - raft.server.watch.element-limit = 65536 (default)
2022-07-02 07:21:12,865 [c9a01eed-2c14-4142-866b-b2e3b10906a9@group-246C4D1B62E2-LeaderElection20] INFO  server.RaftServerConfigKeys (ConfUtils.java:logGet(46)) - raft.server.write.element-limit = 1024 (custom)
2022-07-02 07:21:12,866 [c9a01eed-2c14-4142-866b-b2e3b10906a9@group-246C4D1B62E2-LeaderElection20] INFO  server.RaftServerConfigKeys (ConfUtils.java:logGet(46)) - raft.server.write.follower.gap.ratio.max = -1.0 (default)
2022-07-02 07:21:12,866 [c9a01eed-2c14-4142-866b-b2e3b10906a9@group-246C4D1B62E2-LeaderElection20] INFO  server.RaftServerConfigKeys (ConfUtils.java:logGet(46)) - raft.server.log.appender.snapshot.chunk.size.max = 16MB (=16777216) (default)
2022-07-02 07:21:12,866 [c9a01eed-2c14-4142-866b-b2e3b10906a9@group-246C4D1B62E2-LeaderElection20] INFO  server.RaftServerConfigKeys (ConfUtils.java:logGet(46)) - raft.server.log.appender.buffer.byte-limit = 33554432 (custom)
2022-07-02 07:21:12,866 [c9a01eed-2c14-4142-866b-b2e3b10906a9@group-246C4D1B62E2-LeaderElection20] INFO  server.RaftServerConfigKeys (ConfUtils.java:logGet(46)) - raft.server.log.appender.buffer.element-limit = 1 (custom)
2022-07-02 07:21:12,866 [c9a01eed-2c14-4142-866b-b2e3b10906a9@group-246C4D1B62E2-LeaderElection20] INFO  grpc.GrpcConfigKeys (ConfUtils.java:logGet(46)) - raft.grpc.server.leader.outstanding.appends.max = 128 (default)
2022-07-02 07:21:12,866 [c9a01eed-2c14-4142-866b-b2e3b10906a9@group-246C4D1B62E2-LeaderElection20] INFO  server.RaftServerConfigKeys (ConfUtils.java:logGet(46)) - raft.server.rpc.request.timeout = 60s (custom)
2022-07-02 07:21:12,867 [c9a01eed-2c14-4142-866b-b2e3b10906a9@group-246C4D1B62E2-LeaderElection20] INFO  server.RaftServerConfigKeys (ConfUtils.java:logGet(46)) - raft.server.log.appender.install.snapshot.enabled = false (custom)
2022-07-02 07:21:12,867 [c9a01eed-2c14-4142-866b-b2e3b10906a9@group-246C4D1B62E2-LeaderElection20] INFO  server.RaftServerConfigKeys (ConfUtils.java:logGet(46)) - raft.server.log.appender.snapshot.chunk.size.max = 16MB (=16777216) (default)
2022-07-02 07:21:12,868 [c9a01eed-2c14-4142-866b-b2e3b10906a9@group-246C4D1B62E2-LeaderElection20] INFO  server.RaftServerConfigKeys (ConfUtils.java:logGet(46)) - raft.server.log.appender.buffer.byte-limit = 33554432 (custom)
2022-07-02 07:21:12,868 [c9a01eed-2c14-4142-866b-b2e3b10906a9@group-246C4D1B62E2-LeaderElection20] INFO  server.RaftServerConfigKeys (ConfUtils.java:logGet(46)) - raft.server.log.appender.buffer.element-limit = 1 (custom)
2022-07-02 07:21:12,868 [c9a01eed-2c14-4142-866b-b2e3b10906a9@group-246C4D1B62E2-LeaderElection20] INFO  grpc.GrpcConfigKeys (ConfUtils.java:logGet(46)) - raft.grpc.server.leader.outstanding.appends.max = 128 (default)
2022-07-02 07:21:12,868 [c9a01eed-2c14-4142-866b-b2e3b10906a9@group-246C4D1B62E2-LeaderElection20] INFO  server.RaftServerConfigKeys (ConfUtils.java:logGet(46)) - raft.server.rpc.request.timeout = 60s (custom)
2022-07-02 07:21:12,868 [c9a01eed-2c14-4142-866b-b2e3b10906a9@group-246C4D1B62E2-LeaderElection20] INFO  server.RaftServerConfigKeys (ConfUtils.java:logGet(46)) - raft.server.log.appender.install.snapshot.enabled = false (custom)
2022-07-02 07:21:12,869 [EventQueue-PipelineReportForPipelineReportHandler] INFO  pipeline.PipelineManagerImpl (PipelineManagerImpl.java:openPipeline(358)) - Pipeline Pipeline[ Id: 27530ee2-d46e-4259-908b-246c4d1b62e2, Nodes: 1b8544ae-5af5-4df4-b279-24215a24e61f{ip: 10.1.0.20, host: fv-az444-838.dthhdds2jluu1c0oa55ndv1hsg.dx.internal.cloudapp.net, ports: [REPLICATION=37741, RATIS=40747, RATIS_ADMIN=40747, RATIS_SERVER=40747, STANDALONE=43095], networkLocation: /default-rack, certSerialId: null, persistedOpState: IN_SERVICE, persistedOpStateExpiryEpochSec: 0}cfe57530-fe42-4aeb-89ca-3dd0b37fa566{ip: 10.1.0.20, host: fv-az444-838.dthhdds2jluu1c0oa55ndv1hsg.dx.internal.cloudapp.net, ports: [REPLICATION=33153, RATIS=46557, RATIS_ADMIN=46557, RATIS_SERVER=46557, STANDALONE=39487], networkLocation: /default-rack, certSerialId: null, persistedOpState: IN_SERVICE, persistedOpStateExpiryEpochSec: 0}c9a01eed-2c14-4142-866b-b2e3b10906a9{ip: 10.1.0.20, host: fv-az444-838.dthhdds2jluu1c0oa55ndv1hsg.dx.internal.cloudapp.net, ports: [REPLICATION=40609, RATIS=44461, RATIS_ADMIN=44461, RATIS_SERVER=44461, STANDALONE=41307], networkLocation: /default-rack, certSerialId: null, persistedOpState: IN_SERVICE, persistedOpStateExpiryEpochSec: 0}, ReplicationConfig: RATIS/THREE, State:ALLOCATED, leaderId:c9a01eed-2c14-4142-866b-b2e3b10906a9, CreationTimestamp2022-07-02T07:21:01.163Z[Etc/UTC]] moved to OPEN state
2022-07-02 07:21:12,870 [c9a01eed-2c14-4142-866b-b2e3b10906a9@group-246C4D1B62E2-LeaderElection20] INFO  impl.RoleInfo (RoleInfo.java:updateAndGet(139)) - c9a01eed-2c14-4142-866b-b2e3b10906a9: start c9a01eed-2c14-4142-866b-b2e3b10906a9@group-246C4D1B62E2-LeaderStateImpl
2022-07-02 07:21:12,871 [c9a01eed-2c14-4142-866b-b2e3b10906a9@group-246C4D1B62E2-LeaderElection20] INFO  segmented.SegmentedRaftLogWorker (SegmentedRaftLogWorker.java:startLogSegment(425)) - c9a01eed-2c14-4142-866b-b2e3b10906a9@group-246C4D1B62E2-SegmentedRaftLogWorker: Starting segment from index:0
2022-07-02 07:21:12,871 [cfe57530-fe42-4aeb-89ca-3dd0b37fa566@group-246C4D1B62E2-FollowerState] INFO  impl.FollowerState (FollowerState.java:shouldRun(117)) - cfe57530-fe42-4aeb-89ca-3dd0b37fa566@group-246C4D1B62E2-FollowerState: Stopping now (isRunning? false, role = FOLLOWER)
2022-07-02 07:21:12,877 [c9a01eed-2c14-4142-866b-b2e3b10906a9@group-246C4D1B62E2-SegmentedRaftLogWorker] INFO  segmented.SegmentedRaftLogWorker (SegmentedRaftLogWorker.java:execute(629)) - c9a01eed-2c14-4142-866b-b2e3b10906a9@group-246C4D1B62E2-SegmentedRaftLogWorker: created new log segment /home/runner/work/ozone/ozone/hadoop-ozone/integration-test/target/test-dir/MiniOzoneClusterImpl-774acf0e-96fd-4c7a-8fa4-f3d3d576173c/datanode-2/data/ratis/27530ee2-d46e-4259-908b-246c4d1b62e2/current/log_inprogress_0
2022-07-02 07:21:12,897 [c9a01eed-2c14-4142-866b-b2e3b10906a9@group-246C4D1B62E2-LeaderElection20] INFO  server.RaftServer$Division (ServerState.java:setRaftConf(393)) - c9a01eed-2c14-4142-866b-b2e3b10906a9@group-246C4D1B62E2: set configuration 0: [1b8544ae-5af5-4df4-b279-24215a24e61f|rpc:10.1.0.20:40747|dataStream:|priority:0, cfe57530-fe42-4aeb-89ca-3dd0b37fa566|rpc:10.1.0.20:46557|dataStream:|priority:0, c9a01eed-2c14-4142-866b-b2e3b10906a9|rpc:10.1.0.20:44461|dataStream:|priority:1], old=null
2022-07-02 07:21:12,909 [grpc-default-executor-2] INFO  impl.RoleInfo (RoleInfo.java:updateAndGet(139)) - cfe57530-fe42-4aeb-89ca-3dd0b37fa566: start cfe57530-fe42-4aeb-89ca-3dd0b37fa566@group-246C4D1B62E2-FollowerState
2022-07-02 07:21:12,912 [grpc-default-executor-2] INFO  server.RaftServer$Division (RaftServerImpl.java:requestVote(1184)) - cfe57530-fe42-4aeb-89ca-3dd0b37fa566@group-246C4D1B62E2 replies to ELECTION vote request: c9a01eed-2c14-4142-866b-b2e3b10906a9<-cfe57530-fe42-4aeb-89ca-3dd0b37fa566#0:OK-t2. Peer's state: cfe57530-fe42-4aeb-89ca-3dd0b37fa566@group-246C4D1B62E2:t2, leader=null, voted=c9a01eed-2c14-4142-866b-b2e3b10906a9, raftlog=cfe57530-fe42-4aeb-89ca-3dd0b37fa566@group-246C4D1B62E2-SegmentedRaftLog:OPENED:c-1, conf=-1: [1b8544ae-5af5-4df4-b279-24215a24e61f|rpc:10.1.0.20:40747|dataStream:|priority:0, cfe57530-fe42-4aeb-89ca-3dd0b37fa566|rpc:10.1.0.20:46557|dataStream:|priority:0, c9a01eed-2c14-4142-866b-b2e3b10906a9|rpc:10.1.0.20:44461|dataStream:|priority:1], old=null
2022-07-02 07:21:12,918 [1b8544ae-5af5-4df4-b279-24215a24e61f-server-thread1] INFO  ratis.XceiverServerRatis (XceiverServerRatis.java:handleLeaderChangedNotification(863)) - Leader change notification received for group: group-246C4D1B62E2 with new leaderId: c9a01eed-2c14-4142-866b-b2e3b10906a9
2022-07-02 07:21:12,918 [1b8544ae-5af5-4df4-b279-24215a24e61f-server-thread1] INFO  server.RaftServer$Division (ServerState.java:setLeader(287)) - 1b8544ae-5af5-4df4-b279-24215a24e61f@group-246C4D1B62E2: change Leader from null to c9a01eed-2c14-4142-866b-b2e3b10906a9 at term 2 for appendEntries, leader elected after 10564ms
2022-07-02 07:21:12,919 [cfe57530-fe42-4aeb-89ca-3dd0b37fa566-server-thread1] INFO  ratis.XceiverServerRatis (XceiverServerRatis.java:handleLeaderChangedNotification(863)) - Leader change notification received for group: group-246C4D1B62E2 with new leaderId: c9a01eed-2c14-4142-866b-b2e3b10906a9
2022-07-02 07:21:12,919 [cfe57530-fe42-4aeb-89ca-3dd0b37fa566-server-thread1] INFO  server.RaftServer$Division (ServerState.java:setLeader(287)) - cfe57530-fe42-4aeb-89ca-3dd0b37fa566@group-246C4D1B62E2: change Leader from null to c9a01eed-2c14-4142-866b-b2e3b10906a9 at term 2 for appendEntries, leader elected after 10395ms
2022-07-02 07:21:12,920 [cfe57530-fe42-4aeb-89ca-3dd0b37fa566-server-thread1] INFO  server.RaftServer$Division (ServerState.java:setRaftConf(393)) - cfe57530-fe42-4aeb-89ca-3dd0b37fa566@group-246C4D1B62E2: set configuration 0: [1b8544ae-5af5-4df4-b279-24215a24e61f|rpc:10.1.0.20:40747|dataStream:|priority:0, cfe57530-fe42-4aeb-89ca-3dd0b37fa566|rpc:10.1.0.20:46557|dataStream:|priority:0, c9a01eed-2c14-4142-866b-b2e3b10906a9|rpc:10.1.0.20:44461|dataStream:|priority:1], old=null
2022-07-02 07:21:12,920 [cfe57530-fe42-4aeb-89ca-3dd0b37fa566-server-thread1] INFO  segmented.SegmentedRaftLogWorker (SegmentedRaftLogWorker.java:startLogSegment(425)) - cfe57530-fe42-4aeb-89ca-3dd0b37fa566@group-246C4D1B62E2-SegmentedRaftLogWorker: Starting segment from index:0
2022-07-02 07:21:12,922 [cfe57530-fe42-4aeb-89ca-3dd0b37fa566@group-246C4D1B62E2-SegmentedRaftLogWorker] INFO  segmented.SegmentedRaftLogWorker (SegmentedRaftLogWorker.java:execute(629)) - cfe57530-fe42-4aeb-89ca-3dd0b37fa566@group-246C4D1B62E2-SegmentedRaftLogWorker: created new log segment /home/runner/work/ozone/ozone/hadoop-ozone/integration-test/target/test-dir/MiniOzoneClusterImpl-774acf0e-96fd-4c7a-8fa4-f3d3d576173c/datanode-1/data/ratis/27530ee2-d46e-4259-908b-246c4d1b62e2/current/log_inprogress_0
2022-07-02 07:21:12,962 [1b8544ae-5af5-4df4-b279-24215a24e61f-server-thread1] INFO  server.RaftServer$Division (ServerState.java:setRaftConf(393)) - 1b8544ae-5af5-4df4-b279-24215a24e61f@group-246C4D1B62E2: set configuration 0: [1b8544ae-5af5-4df4-b279-24215a24e61f|rpc:10.1.0.20:40747|dataStream:|priority:0, cfe57530-fe42-4aeb-89ca-3dd0b37fa566|rpc:10.1.0.20:46557|dataStream:|priority:0, c9a01eed-2c14-4142-866b-b2e3b10906a9|rpc:10.1.0.20:44461|dataStream:|priority:1], old=null
2022-07-02 07:21:12,962 [1b8544ae-5af5-4df4-b279-24215a24e61f-server-thread1] INFO  segmented.SegmentedRaftLogWorker (SegmentedRaftLogWorker.java:startLogSegment(425)) - 1b8544ae-5af5-4df4-b279-24215a24e61f@group-246C4D1B62E2-SegmentedRaftLogWorker: Starting segment from index:0
2022-07-02 07:21:12,964 [Time-limited test] INFO  rpc.RpcClient (RpcClient.java:createVolume(466)) - Creating Volume: volume20355, with user84155 as owner and space quota set to -1 bytes, counts quota set to -1
2022-07-02 07:21:12,966 [OM StateMachine ApplyTransaction Thread - 0] INFO  volume.OMVolumeCreateRequest (OMVolumeCreateRequest.java:validateAndUpdateCache(195)) - created volume:volume20355 for user:user84155
2022-07-02 07:21:12,968 [1b8544ae-5af5-4df4-b279-24215a24e61f@group-246C4D1B62E2-SegmentedRaftLogWorker] INFO  segmented.SegmentedRaftLogWorker (SegmentedRaftLogWorker.java:execute(629)) - 1b8544ae-5af5-4df4-b279-24215a24e61f@group-246C4D1B62E2-SegmentedRaftLogWorker: created new log segment /home/runner/work/ozone/ozone/hadoop-ozone/integration-test/target/test-dir/MiniOzoneClusterImpl-774acf0e-96fd-4c7a-8fa4-f3d3d576173c/datanode-0/data/ratis/27530ee2-d46e-4259-908b-246c4d1b62e2/current/log_inprogress_0
2022-07-02 07:21:12,968 [Time-limited test] INFO  rpc.RpcClient (RpcClient.java:createBucket(669)) - Creating Bucket: volume20355/bucket09965, with bucket layout LEGACY, runner as owner, Versioning false, Storage Type set to DISK and Encryption set to false 
2022-07-02 07:21:12,970 [OM StateMachine ApplyTransaction Thread - 0] INFO  bucket.OMBucketCreateRequest (OMBucketCreateRequest.java:validateAndUpdateCache(260)) - created bucket: bucket09965 of layout LEGACY in volume: volume20355
2022-07-02 07:21:12,971 [Time-limited test] WARN  ozone.BasicRootedOzoneFileSystem (BasicRootedOzoneFileSystem.java:delete(591)) - delete: OFS does not support rm root. To wipe the cluster, please re-init OM instead.
2022-07-02 07:21:12,971 [Time-limited test] WARN  ozone.BasicRootedOzoneFileSystem (BasicRootedOzoneFileSystem.java:delete(591)) - delete: OFS does not support rm root. To wipe the cluster, please re-init OM instead.
]]></system-out>
  </testcase>
  <testcase name="testFailToDeleteRoot" classname="TestRootedOzoneFileSystem" time="0.11">
    <system-out><![CDATA[2022-07-02 07:22:24,782 [Time-limited test] INFO  rpc.RpcClient (RpcClient.java:createVolume(466)) - Creating Volume: volume90280, with user47450 as owner and space quota set to -1 bytes, counts quota set to -1
2022-07-02 07:22:24,788 [IPC Server handler 8 on default port 38347] INFO  volume.OMVolumeCreateRequest (OMVolumeCreateRequest.java:validateAndUpdateCache(195)) - created volume:volume90280 for user:user47450
2022-07-02 07:22:24,796 [Time-limited test] INFO  rpc.RpcClient (RpcClient.java:createBucket(669)) - Creating Bucket: volume90280/bucket96315, with bucket layout LEGACY, runner as owner, Versioning false, Storage Type set to DISK and Encryption set to false 
2022-07-02 07:22:24,800 [IPC Server handler 7 on default port 38347] INFO  bucket.OMBucketCreateRequest (OMBucketCreateRequest.java:validateAndUpdateCache(260)) - created bucket: bucket96315 of layout LEGACY in volume: volume90280
2022-07-02 07:22:24,804 [Time-limited test] WARN  ozone.BasicRootedOzoneFileSystem (BasicRootedOzoneFileSystem.java:delete(591)) - delete: OFS does not support rm root. To wipe the cluster, please re-init OM instead.
2022-07-02 07:22:24,804 [Time-limited test] WARN  ozone.BasicRootedOzoneFileSystem (BasicRootedOzoneFileSystem.java:delete(591)) - delete: OFS does not support rm root. To wipe the cluster, please re-init OM instead.
]]></system-out>
  </testcase>
  <testcase name="testFailToDeleteRoot" classname="TestRootedOzoneFileSystem" time="0.196">
    <system-out><![CDATA[2022-07-02 07:23:59,997 [Time-limited test] INFO  rpc.RpcClient (RpcClient.java:createVolume(466)) - Creating Volume: volume02847, with user06554 as owner and space quota set to -1 bytes, counts quota set to -1
2022-07-02 07:24:00,004 [OM StateMachine ApplyTransaction Thread - 0] INFO  volume.OMVolumeCreateRequest (OMVolumeCreateRequest.java:validateAndUpdateCache(195)) - created volume:volume02847 for user:user06554
2022-07-02 07:24:00,016 [Time-limited test] INFO  rpc.RpcClient (RpcClient.java:createBucket(669)) - Creating Bucket: volume02847/bucket22570, with bucket layout LEGACY, runner as owner, Versioning false, Storage Type set to DISK and Encryption set to false 
2022-07-02 07:24:00,018 [OM StateMachine ApplyTransaction Thread - 0] INFO  bucket.OMBucketCreateRequest (OMBucketCreateRequest.java:validateAndUpdateCache(260)) - created bucket: bucket22570 of layout LEGACY in volume: volume02847
2022-07-02 07:24:00,019 [Time-limited test] WARN  ozone.BasicRootedOzoneFileSystem (BasicRootedOzoneFileSystem.java:delete(591)) - delete: OFS does not support rm root. To wipe the cluster, please re-init OM instead.
2022-07-02 07:24:00,019 [Time-limited test] WARN  ozone.BasicRootedOzoneFileSystem (BasicRootedOzoneFileSystem.java:delete(591)) - delete: OFS does not support rm root. To wipe the cluster, please re-init OM instead.
]]></system-out>
  </testcase>
  <testcase name="testFailToDeleteRoot" classname="TestRootedOzoneFileSystem" time="0.333">
    <system-out><![CDATA[2022-07-02 07:25:31,228 [Time-limited test] INFO  rpc.RpcClient (RpcClient.java:createVolume(466)) - Creating Volume: volume67934, with user46159 as owner and space quota set to -1 bytes, counts quota set to -1
2022-07-02 07:25:31,229 [IPC Server handler 5 on default port 43657] INFO  volume.OMVolumeCreateRequest (OMVolumeCreateRequest.java:validateAndUpdateCache(195)) - created volume:volume67934 for user:user46159
2022-07-02 07:25:31,230 [Time-limited test] INFO  rpc.RpcClient (RpcClient.java:createBucket(669)) - Creating Bucket: volume67934/bucket31360, with bucket layout LEGACY, runner as owner, Versioning false, Storage Type set to DISK and Encryption set to false 
2022-07-02 07:25:31,231 [IPC Server handler 7 on default port 43657] INFO  bucket.OMBucketCreateRequest (OMBucketCreateRequest.java:validateAndUpdateCache(260)) - created bucket: bucket31360 of layout LEGACY in volume: volume67934
2022-07-02 07:25:31,232 [Time-limited test] WARN  ozone.BasicRootedOzoneFileSystem (BasicRootedOzoneFileSystem.java:delete(591)) - delete: OFS does not support rm root. To wipe the cluster, please re-init OM instead.
2022-07-02 07:25:31,232 [Time-limited test] WARN  ozone.BasicRootedOzoneFileSystem (BasicRootedOzoneFileSystem.java:delete(591)) - delete: OFS does not support rm root. To wipe the cluster, please re-init OM instead.
]]></system-out>
  </testcase>
  <testcase name="testListStatusOnSubDirs" classname="TestRootedOzoneFileSystem" time="0.15">
    <system-out><![CDATA[2022-07-02 07:20:00,983 [Time-limited test] INFO  rpc.RpcClient (RpcClient.java:createVolume(466)) - Creating Volume: volume85819, with user44719 as owner and space quota set to -1 bytes, counts quota set to -1
2022-07-02 07:20:00,992 [OM StateMachine ApplyTransaction Thread - 0] INFO  volume.OMVolumeCreateRequest (OMVolumeCreateRequest.java:validateAndUpdateCache(195)) - created volume:volume85819 for user:user44719
2022-07-02 07:20:00,995 [Time-limited test] INFO  rpc.RpcClient (RpcClient.java:createBucket(669)) - Creating Bucket: volume85819/bucket33222, with bucket layout LEGACY, runner as owner, Versioning false, Storage Type set to DISK and Encryption set to false 
2022-07-02 07:20:00,998 [OM StateMachine ApplyTransaction Thread - 0] INFO  bucket.OMBucketCreateRequest (OMBucketCreateRequest.java:validateAndUpdateCache(260)) - created bucket: bucket33222 of layout LEGACY in volume: volume85819
]]></system-out>
  </testcase>
  <testcase name="testListStatusOnSubDirs" classname="TestRootedOzoneFileSystem" time="0.143">
    <system-out><![CDATA[2022-07-02 07:21:13,074 [Time-limited test] INFO  rpc.RpcClient (RpcClient.java:createVolume(466)) - Creating Volume: volume63566, with user43855 as owner and space quota set to -1 bytes, counts quota set to -1
2022-07-02 07:21:13,076 [OM StateMachine ApplyTransaction Thread - 0] INFO  volume.OMVolumeCreateRequest (OMVolumeCreateRequest.java:validateAndUpdateCache(195)) - created volume:volume63566 for user:user43855
2022-07-02 07:21:13,077 [Time-limited test] INFO  rpc.RpcClient (RpcClient.java:createBucket(669)) - Creating Bucket: volume63566/bucket31365, with bucket layout LEGACY, runner as owner, Versioning false, Storage Type set to DISK and Encryption set to false 
2022-07-02 07:21:13,078 [OM StateMachine ApplyTransaction Thread - 0] INFO  bucket.OMBucketCreateRequest (OMBucketCreateRequest.java:validateAndUpdateCache(260)) - created bucket: bucket31365 of layout LEGACY in volume: volume63566
]]></system-out>
  </testcase>
  <testcase name="testListStatusOnSubDirs" classname="TestRootedOzoneFileSystem" time="0.249">
    <system-out><![CDATA[2022-07-02 07:22:24,862 [c8c7f6e9-7147-4113-9ab5-2be4ccc0fabe@group-D4572DC721BA-FollowerState] INFO  impl.FollowerState (FollowerState.java:run(143)) - c8c7f6e9-7147-4113-9ab5-2be4ccc0fabe@group-D4572DC721BA-FollowerState: change to CANDIDATE, lastRpcElapsedTime:5115933524ns, electionTimeout:5114ms
2022-07-02 07:22:24,862 [c8c7f6e9-7147-4113-9ab5-2be4ccc0fabe@group-D4572DC721BA-FollowerState] INFO  impl.RoleInfo (RoleInfo.java:shutdownFollowerState(110)) - c8c7f6e9-7147-4113-9ab5-2be4ccc0fabe: shutdown c8c7f6e9-7147-4113-9ab5-2be4ccc0fabe@group-D4572DC721BA-FollowerState
2022-07-02 07:22:24,862 [c8c7f6e9-7147-4113-9ab5-2be4ccc0fabe@group-D4572DC721BA-FollowerState] INFO  server.RaftServer$Division (RaftServerImpl.java:setRole(299)) - c8c7f6e9-7147-4113-9ab5-2be4ccc0fabe@group-D4572DC721BA: changes role from  FOLLOWER to CANDIDATE at term 1 for changeToCandidate
2022-07-02 07:22:24,876 [c8c7f6e9-7147-4113-9ab5-2be4ccc0fabe@group-D4572DC721BA-FollowerState] INFO  server.RaftServerConfigKeys (ConfUtils.java:logGet(46)) - raft.server.leaderelection.pre-vote = false (custom)
2022-07-02 07:22:24,876 [c8c7f6e9-7147-4113-9ab5-2be4ccc0fabe@group-D4572DC721BA-FollowerState] INFO  impl.RoleInfo (RoleInfo.java:updateAndGet(139)) - c8c7f6e9-7147-4113-9ab5-2be4ccc0fabe: start c8c7f6e9-7147-4113-9ab5-2be4ccc0fabe@group-D4572DC721BA-LeaderElection30
2022-07-02 07:22:24,921 [Time-limited test] INFO  rpc.RpcClient (RpcClient.java:createVolume(466)) - Creating Volume: volume20713, with user41958 as owner and space quota set to -1 bytes, counts quota set to -1
2022-07-02 07:22:24,922 [IPC Server handler 9 on default port 38347] INFO  volume.OMVolumeCreateRequest (OMVolumeCreateRequest.java:validateAndUpdateCache(195)) - created volume:volume20713 for user:user41958
2022-07-02 07:22:24,926 [c8c7f6e9-7147-4113-9ab5-2be4ccc0fabe@group-D4572DC721BA-LeaderElection30] INFO  impl.LeaderElection (LeaderElection.java:askForVotes(310)) - c8c7f6e9-7147-4113-9ab5-2be4ccc0fabe@group-D4572DC721BA-LeaderElection30 ELECTION round 0: submit vote requests at term 2 for -1: [8384da11-bc81-4aa4-8438-a9cb526b8e6b|rpc:10.1.0.20:41153|priority:0, c8c7f6e9-7147-4113-9ab5-2be4ccc0fabe|rpc:10.1.0.20:43257|priority:1, 85df8eb1-77a9-48e2-b795-4ce99b081c64|rpc:10.1.0.20:33453|priority:0], old=null
2022-07-02 07:22:24,933 [Time-limited test] INFO  rpc.RpcClient (RpcClient.java:createBucket(669)) - Creating Bucket: volume20713/bucket02582, with bucket layout LEGACY, runner as owner, Versioning false, Storage Type set to DISK and Encryption set to false 
2022-07-02 07:22:24,933 [IPC Server handler 10 on default port 38347] INFO  bucket.OMBucketCreateRequest (OMBucketCreateRequest.java:validateAndUpdateCache(260)) - created bucket: bucket02582 of layout LEGACY in volume: volume20713
2022-07-02 07:22:24,968 [85df8eb1-77a9-48e2-b795-4ce99b081c64@group-D4572DC721BA-FollowerState] INFO  impl.FollowerState (FollowerState.java:run(143)) - 85df8eb1-77a9-48e2-b795-4ce99b081c64@group-D4572DC721BA-FollowerState: change to CANDIDATE, lastRpcElapsedTime:5192857779ns, electionTimeout:5180ms
2022-07-02 07:22:24,969 [85df8eb1-77a9-48e2-b795-4ce99b081c64@group-D4572DC721BA-FollowerState] INFO  impl.RoleInfo (RoleInfo.java:shutdownFollowerState(110)) - 85df8eb1-77a9-48e2-b795-4ce99b081c64: shutdown 85df8eb1-77a9-48e2-b795-4ce99b081c64@group-D4572DC721BA-FollowerState
2022-07-02 07:22:24,969 [85df8eb1-77a9-48e2-b795-4ce99b081c64@group-D4572DC721BA-FollowerState] INFO  server.RaftServer$Division (RaftServerImpl.java:setRole(299)) - 85df8eb1-77a9-48e2-b795-4ce99b081c64@group-D4572DC721BA: changes role from  FOLLOWER to CANDIDATE at term 1 for changeToCandidate
2022-07-02 07:22:24,969 [85df8eb1-77a9-48e2-b795-4ce99b081c64@group-D4572DC721BA-FollowerState] INFO  server.RaftServerConfigKeys (ConfUtils.java:logGet(46)) - raft.server.leaderelection.pre-vote = false (custom)
2022-07-02 07:22:24,970 [85df8eb1-77a9-48e2-b795-4ce99b081c64@group-D4572DC721BA-FollowerState] INFO  impl.RoleInfo (RoleInfo.java:updateAndGet(139)) - 85df8eb1-77a9-48e2-b795-4ce99b081c64: start 85df8eb1-77a9-48e2-b795-4ce99b081c64@group-D4572DC721BA-LeaderElection31
2022-07-02 07:22:24,982 [grpc-default-executor-2] INFO  server.RaftServer$Division (RaftServerImpl.java:requestVote(1152)) - 85df8eb1-77a9-48e2-b795-4ce99b081c64@group-D4572DC721BA: receive requestVote(ELECTION, c8c7f6e9-7147-4113-9ab5-2be4ccc0fabe, group-D4572DC721BA, 2, (t:0, i:0))
2022-07-02 07:22:24,982 [grpc-default-executor-3] INFO  server.RaftServer$Division (RaftServerImpl.java:requestVote(1152)) - 8384da11-bc81-4aa4-8438-a9cb526b8e6b@group-D4572DC721BA: receive requestVote(ELECTION, c8c7f6e9-7147-4113-9ab5-2be4ccc0fabe, group-D4572DC721BA, 2, (t:0, i:0))
2022-07-02 07:22:24,988 [grpc-default-executor-3] INFO  impl.VoteContext (VoteContext.java:log(48)) - 8384da11-bc81-4aa4-8438-a9cb526b8e6b@group-D4572DC721BA-FOLLOWER: accept ELECTION from c8c7f6e9-7147-4113-9ab5-2be4ccc0fabe: our priority 0 <= candidate's priority 1
2022-07-02 07:22:24,988 [grpc-default-executor-3] INFO  server.RaftServer$Division (RaftServerImpl.java:setRole(299)) - 8384da11-bc81-4aa4-8438-a9cb526b8e6b@group-D4572DC721BA: changes role from  FOLLOWER to FOLLOWER at term 2 for candidate:c8c7f6e9-7147-4113-9ab5-2be4ccc0fabe
2022-07-02 07:22:24,988 [grpc-default-executor-3] INFO  impl.RoleInfo (RoleInfo.java:shutdownFollowerState(110)) - 8384da11-bc81-4aa4-8438-a9cb526b8e6b: shutdown 8384da11-bc81-4aa4-8438-a9cb526b8e6b@group-D4572DC721BA-FollowerState
2022-07-02 07:22:24,988 [grpc-default-executor-3] INFO  impl.RoleInfo (RoleInfo.java:updateAndGet(139)) - 8384da11-bc81-4aa4-8438-a9cb526b8e6b: start 8384da11-bc81-4aa4-8438-a9cb526b8e6b@group-D4572DC721BA-FollowerState
2022-07-02 07:22:24,988 [8384da11-bc81-4aa4-8438-a9cb526b8e6b@group-D4572DC721BA-FollowerState] INFO  impl.FollowerState (FollowerState.java:run(152)) - 8384da11-bc81-4aa4-8438-a9cb526b8e6b@group-D4572DC721BA-FollowerState was interrupted
2022-07-02 07:22:24,990 [grpc-default-executor-3] INFO  server.RaftServer$Division (RaftServerImpl.java:requestVote(1184)) - 8384da11-bc81-4aa4-8438-a9cb526b8e6b@group-D4572DC721BA replies to ELECTION vote request: c8c7f6e9-7147-4113-9ab5-2be4ccc0fabe<-8384da11-bc81-4aa4-8438-a9cb526b8e6b#0:OK-t2. Peer's state: 8384da11-bc81-4aa4-8438-a9cb526b8e6b@group-D4572DC721BA:t2, leader=null, voted=c8c7f6e9-7147-4113-9ab5-2be4ccc0fabe, raftlog=8384da11-bc81-4aa4-8438-a9cb526b8e6b@group-D4572DC721BA-SegmentedRaftLog:OPENED:c-1, conf=-1: [8384da11-bc81-4aa4-8438-a9cb526b8e6b|rpc:10.1.0.20:41153|priority:0, c8c7f6e9-7147-4113-9ab5-2be4ccc0fabe|rpc:10.1.0.20:43257|priority:1, 85df8eb1-77a9-48e2-b795-4ce99b081c64|rpc:10.1.0.20:33453|priority:0], old=null
2022-07-02 07:22:24,992 [c8c7f6e9-7147-4113-9ab5-2be4ccc0fabe@group-D4572DC721BA-LeaderElection30] INFO  impl.LeaderElection (LeaderElection.java:logAndReturn(90)) - c8c7f6e9-7147-4113-9ab5-2be4ccc0fabe@group-D4572DC721BA-LeaderElection30: ELECTION PASSED received 1 response(s) and 0 exception(s):
2022-07-02 07:22:24,992 [c8c7f6e9-7147-4113-9ab5-2be4ccc0fabe@group-D4572DC721BA-LeaderElection30] INFO  impl.LeaderElection (LeaderElection.java:logAndReturn(94)) -   Response 0: c8c7f6e9-7147-4113-9ab5-2be4ccc0fabe<-8384da11-bc81-4aa4-8438-a9cb526b8e6b#0:OK-t2
2022-07-02 07:22:24,993 [c8c7f6e9-7147-4113-9ab5-2be4ccc0fabe@group-D4572DC721BA-LeaderElection30] INFO  impl.LeaderElection (LeaderElection.java:askForVotes(312)) - c8c7f6e9-7147-4113-9ab5-2be4ccc0fabe@group-D4572DC721BA-LeaderElection30 ELECTION round 0: result PASSED
2022-07-02 07:22:24,993 [c8c7f6e9-7147-4113-9ab5-2be4ccc0fabe@group-D4572DC721BA-LeaderElection30] INFO  impl.RoleInfo (RoleInfo.java:shutdownLeaderElection(130)) - c8c7f6e9-7147-4113-9ab5-2be4ccc0fabe: shutdown c8c7f6e9-7147-4113-9ab5-2be4ccc0fabe@group-D4572DC721BA-LeaderElection30
2022-07-02 07:22:24,993 [c8c7f6e9-7147-4113-9ab5-2be4ccc0fabe@group-D4572DC721BA-LeaderElection30] INFO  server.RaftServer$Division (RaftServerImpl.java:setRole(299)) - c8c7f6e9-7147-4113-9ab5-2be4ccc0fabe@group-D4572DC721BA: changes role from CANDIDATE to LEADER at term 2 for changeToLeader
2022-07-02 07:22:24,993 [c8c7f6e9-7147-4113-9ab5-2be4ccc0fabe@group-D4572DC721BA-LeaderElection30] INFO  ratis.XceiverServerRatis (XceiverServerRatis.java:handleLeaderChangedNotification(863)) - Leader change notification received for group: group-D4572DC721BA with new leaderId: c8c7f6e9-7147-4113-9ab5-2be4ccc0fabe
2022-07-02 07:22:24,993 [c8c7f6e9-7147-4113-9ab5-2be4ccc0fabe@group-D4572DC721BA-LeaderElection30] INFO  server.RaftServer$Division (ServerState.java:setLeader(287)) - c8c7f6e9-7147-4113-9ab5-2be4ccc0fabe@group-D4572DC721BA: change Leader from null to c8c7f6e9-7147-4113-9ab5-2be4ccc0fabe at term 2 for becomeLeader, leader elected after 10810ms
2022-07-02 07:22:24,993 [c8c7f6e9-7147-4113-9ab5-2be4ccc0fabe@group-D4572DC721BA-LeaderElection30] INFO  server.RaftServerConfigKeys (ConfUtils.java:logGet(46)) - raft.server.staging.catchup.gap = 1000 (default)
2022-07-02 07:22:24,993 [c8c7f6e9-7147-4113-9ab5-2be4ccc0fabe@group-D4572DC721BA-LeaderElection30] INFO  server.RaftServerConfigKeys (ConfUtils.java:logGet(46)) - raft.server.write.element-limit = 1024 (custom)
2022-07-02 07:22:24,993 [c8c7f6e9-7147-4113-9ab5-2be4ccc0fabe@group-D4572DC721BA-LeaderElection30] INFO  server.RaftServerConfigKeys (ConfUtils.java:logGet(46)) - raft.server.write.byte-limit = 1024 M (=1073741824) (custom)
2022-07-02 07:22:24,993 [c8c7f6e9-7147-4113-9ab5-2be4ccc0fabe@group-D4572DC721BA-LeaderElection30] INFO  server.RaftServerConfigKeys (ConfUtils.java:logGet(46)) - raft.server.watch.timeout = 180s (custom)
2022-07-02 07:22:24,994 [c8c7f6e9-7147-4113-9ab5-2be4ccc0fabe@group-D4572DC721BA-LeaderElection30] INFO  server.RaftServerConfigKeys (ConfUtils.java:logGet(46)) - raft.server.watch.timeout.denomination = 1s (default)
2022-07-02 07:22:24,994 [c8c7f6e9-7147-4113-9ab5-2be4ccc0fabe@group-D4572DC721BA-LeaderElection30] INFO  server.RaftServerConfigKeys (ConfUtils.java:logGet(46)) - raft.server.watch.element-limit = 65536 (default)
2022-07-02 07:22:24,994 [c8c7f6e9-7147-4113-9ab5-2be4ccc0fabe@group-D4572DC721BA-LeaderElection30] INFO  server.RaftServerConfigKeys (ConfUtils.java:logGet(46)) - raft.server.write.element-limit = 1024 (custom)
2022-07-02 07:22:24,994 [c8c7f6e9-7147-4113-9ab5-2be4ccc0fabe@group-D4572DC721BA-LeaderElection30] INFO  server.RaftServerConfigKeys (ConfUtils.java:logGet(46)) - raft.server.write.follower.gap.ratio.max = -1.0 (default)
2022-07-02 07:22:24,994 [c8c7f6e9-7147-4113-9ab5-2be4ccc0fabe@group-D4572DC721BA-LeaderElection30] INFO  server.RaftServerConfigKeys (ConfUtils.java:logGet(46)) - raft.server.log.appender.snapshot.chunk.size.max = 16MB (=16777216) (default)
2022-07-02 07:22:24,994 [c8c7f6e9-7147-4113-9ab5-2be4ccc0fabe@group-D4572DC721BA-LeaderElection30] INFO  server.RaftServerConfigKeys (ConfUtils.java:logGet(46)) - raft.server.log.appender.buffer.byte-limit = 33554432 (custom)
2022-07-02 07:22:24,995 [c8c7f6e9-7147-4113-9ab5-2be4ccc0fabe@group-D4572DC721BA-LeaderElection30] INFO  server.RaftServerConfigKeys (ConfUtils.java:logGet(46)) - raft.server.log.appender.buffer.element-limit = 1 (custom)
2022-07-02 07:22:24,995 [c8c7f6e9-7147-4113-9ab5-2be4ccc0fabe@group-D4572DC721BA-LeaderElection30] INFO  grpc.GrpcConfigKeys (ConfUtils.java:logGet(46)) - raft.grpc.server.leader.outstanding.appends.max = 128 (default)
2022-07-02 07:22:24,995 [c8c7f6e9-7147-4113-9ab5-2be4ccc0fabe@group-D4572DC721BA-LeaderElection30] INFO  server.RaftServerConfigKeys (ConfUtils.java:logGet(46)) - raft.server.rpc.request.timeout = 60s (custom)
2022-07-02 07:22:24,995 [c8c7f6e9-7147-4113-9ab5-2be4ccc0fabe@group-D4572DC721BA-LeaderElection30] INFO  server.RaftServerConfigKeys (ConfUtils.java:logGet(46)) - raft.server.log.appender.install.snapshot.enabled = false (custom)
2022-07-02 07:22:24,996 [c8c7f6e9-7147-4113-9ab5-2be4ccc0fabe@group-D4572DC721BA-LeaderElection30] INFO  server.RaftServerConfigKeys (ConfUtils.java:logGet(46)) - raft.server.log.appender.snapshot.chunk.size.max = 16MB (=16777216) (default)
2022-07-02 07:22:24,996 [c8c7f6e9-7147-4113-9ab5-2be4ccc0fabe@group-D4572DC721BA-LeaderElection30] INFO  server.RaftServerConfigKeys (ConfUtils.java:logGet(46)) - raft.server.log.appender.buffer.byte-limit = 33554432 (custom)
2022-07-02 07:22:24,996 [c8c7f6e9-7147-4113-9ab5-2be4ccc0fabe@group-D4572DC721BA-LeaderElection30] INFO  server.RaftServerConfigKeys (ConfUtils.java:logGet(46)) - raft.server.log.appender.buffer.element-limit = 1 (custom)
2022-07-02 07:22:24,996 [c8c7f6e9-7147-4113-9ab5-2be4ccc0fabe@group-D4572DC721BA-LeaderElection30] INFO  grpc.GrpcConfigKeys (ConfUtils.java:logGet(46)) - raft.grpc.server.leader.outstanding.appends.max = 128 (default)
2022-07-02 07:22:24,997 [c8c7f6e9-7147-4113-9ab5-2be4ccc0fabe@group-D4572DC721BA-LeaderElection30] INFO  server.RaftServerConfigKeys (ConfUtils.java:logGet(46)) - raft.server.rpc.request.timeout = 60s (custom)
2022-07-02 07:22:24,997 [EventQueue-PipelineReportForPipelineReportHandler] INFO  pipeline.PipelineManagerImpl (PipelineManagerImpl.java:openPipeline(358)) - Pipeline Pipeline[ Id: ae62c9d3-ca9c-4617-85c0-d4572dc721ba, Nodes: c8c7f6e9-7147-4113-9ab5-2be4ccc0fabe{ip: 10.1.0.20, host: fv-az444-838.dthhdds2jluu1c0oa55ndv1hsg.dx.internal.cloudapp.net, ports: [REPLICATION=41829, RATIS=43257, RATIS_ADMIN=43257, RATIS_SERVER=43257, STANDALONE=33961], networkLocation: /default-rack, certSerialId: null, persistedOpState: IN_SERVICE, persistedOpStateExpiryEpochSec: 0}85df8eb1-77a9-48e2-b795-4ce99b081c64{ip: 10.1.0.20, host: fv-az444-838.dthhdds2jluu1c0oa55ndv1hsg.dx.internal.cloudapp.net, ports: [REPLICATION=33195, RATIS=33453, RATIS_ADMIN=33453, RATIS_SERVER=33453, STANDALONE=40055], networkLocation: /default-rack, certSerialId: null, persistedOpState: IN_SERVICE, persistedOpStateExpiryEpochSec: 0}8384da11-bc81-4aa4-8438-a9cb526b8e6b{ip: 10.1.0.20, host: fv-az444-838.dthhdds2jluu1c0oa55ndv1hsg.dx.internal.cloudapp.net, ports: [REPLICATION=33083, RATIS=41153, RATIS_ADMIN=41153, RATIS_SERVER=41153, STANDALONE=39651], networkLocation: /default-rack, certSerialId: null, persistedOpState: IN_SERVICE, persistedOpStateExpiryEpochSec: 0}, ReplicationConfig: RATIS/THREE, State:ALLOCATED, leaderId:c8c7f6e9-7147-4113-9ab5-2be4ccc0fabe, CreationTimestamp2022-07-02T07:22:12.997Z[Etc/UTC]] moved to OPEN state
2022-07-02 07:22:24,997 [c8c7f6e9-7147-4113-9ab5-2be4ccc0fabe@group-D4572DC721BA-LeaderElection30] INFO  server.RaftServerConfigKeys (ConfUtils.java:logGet(46)) - raft.server.log.appender.install.snapshot.enabled = false (custom)
2022-07-02 07:22:24,998 [c8c7f6e9-7147-4113-9ab5-2be4ccc0fabe@group-D4572DC721BA-LeaderElection30] INFO  impl.RoleInfo (RoleInfo.java:updateAndGet(139)) - c8c7f6e9-7147-4113-9ab5-2be4ccc0fabe: start c8c7f6e9-7147-4113-9ab5-2be4ccc0fabe@group-D4572DC721BA-LeaderStateImpl
2022-07-02 07:22:24,998 [c8c7f6e9-7147-4113-9ab5-2be4ccc0fabe@group-D4572DC721BA-LeaderElection30] INFO  segmented.SegmentedRaftLogWorker (SegmentedRaftLogWorker.java:startLogSegment(425)) - c8c7f6e9-7147-4113-9ab5-2be4ccc0fabe@group-D4572DC721BA-SegmentedRaftLogWorker: Starting segment from index:0
2022-07-02 07:22:24,999 [c8c7f6e9-7147-4113-9ab5-2be4ccc0fabe@group-D4572DC721BA-SegmentedRaftLogWorker] INFO  segmented.SegmentedRaftLogWorker (SegmentedRaftLogWorker.java:execute(629)) - c8c7f6e9-7147-4113-9ab5-2be4ccc0fabe@group-D4572DC721BA-SegmentedRaftLogWorker: created new log segment /home/runner/work/ozone/ozone/hadoop-ozone/integration-test/target/test-dir/MiniOzoneClusterImpl-2091899c-1ec3-4d3e-95df-d9e62105ac7a/datanode-2/data/ratis/ae62c9d3-ca9c-4617-85c0-d4572dc721ba/current/log_inprogress_0
2022-07-02 07:22:25,018 [85df8eb1-77a9-48e2-b795-4ce99b081c64@group-D4572DC721BA-LeaderElection31] INFO  impl.LeaderElection (LeaderElection.java:askForVotes(310)) - 85df8eb1-77a9-48e2-b795-4ce99b081c64@group-D4572DC721BA-LeaderElection31 ELECTION round 0: submit vote requests at term 2 for -1: [8384da11-bc81-4aa4-8438-a9cb526b8e6b|rpc:10.1.0.20:41153|dataStream:|priority:0, c8c7f6e9-7147-4113-9ab5-2be4ccc0fabe|rpc:10.1.0.20:43257|dataStream:|priority:1, 85df8eb1-77a9-48e2-b795-4ce99b081c64|rpc:10.1.0.20:33453|dataStream:|priority:0], old=null
2022-07-02 07:22:25,019 [grpc-default-executor-2] INFO  impl.VoteContext (VoteContext.java:log(48)) - 85df8eb1-77a9-48e2-b795-4ce99b081c64@group-D4572DC721BA-CANDIDATE: reject ELECTION from c8c7f6e9-7147-4113-9ab5-2be4ccc0fabe: already has voted for 85df8eb1-77a9-48e2-b795-4ce99b081c64 at current term 2
2022-07-02 07:22:25,019 [grpc-default-executor-2] INFO  server.RaftServer$Division (RaftServerImpl.java:requestVote(1184)) - 85df8eb1-77a9-48e2-b795-4ce99b081c64@group-D4572DC721BA replies to ELECTION vote request: c8c7f6e9-7147-4113-9ab5-2be4ccc0fabe<-85df8eb1-77a9-48e2-b795-4ce99b081c64#0:FAIL-t2. Peer's state: 85df8eb1-77a9-48e2-b795-4ce99b081c64@group-D4572DC721BA:t2, leader=null, voted=85df8eb1-77a9-48e2-b795-4ce99b081c64, raftlog=85df8eb1-77a9-48e2-b795-4ce99b081c64@group-D4572DC721BA-SegmentedRaftLog:OPENED:c-1, conf=-1: [8384da11-bc81-4aa4-8438-a9cb526b8e6b|rpc:10.1.0.20:41153|dataStream:|priority:0, c8c7f6e9-7147-4113-9ab5-2be4ccc0fabe|rpc:10.1.0.20:43257|dataStream:|priority:1, 85df8eb1-77a9-48e2-b795-4ce99b081c64|rpc:10.1.0.20:33453|dataStream:|priority:0], old=null
]]></system-out>
  </testcase>
  <testcase name="testListStatusOnSubDirs" classname="TestRootedOzoneFileSystem" time="0.354">
    <system-out><![CDATA[2022-07-02 07:24:00,306 [Time-limited test] INFO  rpc.RpcClient (RpcClient.java:createVolume(466)) - Creating Volume: volume68425, with user36057 as owner and space quota set to -1 bytes, counts quota set to -1
2022-07-02 07:24:00,309 [OM StateMachine ApplyTransaction Thread - 0] INFO  volume.OMVolumeCreateRequest (OMVolumeCreateRequest.java:validateAndUpdateCache(195)) - created volume:volume68425 for user:user36057
2022-07-02 07:24:00,310 [Time-limited test] INFO  rpc.RpcClient (RpcClient.java:createBucket(669)) - Creating Bucket: volume68425/bucket93963, with bucket layout LEGACY, runner as owner, Versioning false, Storage Type set to DISK and Encryption set to false 
2022-07-02 07:24:00,320 [OM StateMachine ApplyTransaction Thread - 0] INFO  bucket.OMBucketCreateRequest (OMBucketCreateRequest.java:validateAndUpdateCache(260)) - created bucket: bucket93963 of layout LEGACY in volume: volume68425
]]></system-out>
  </testcase>
  <testcase name="testListStatusOnSubDirs" classname="TestRootedOzoneFileSystem" time="0.153">
    <system-out><![CDATA[2022-07-02 07:25:31,339 [Time-limited test] INFO  rpc.RpcClient (RpcClient.java:createVolume(466)) - Creating Volume: volume28166, with user98558 as owner and space quota set to -1 bytes, counts quota set to -1
2022-07-02 07:25:31,339 [IPC Server handler 6 on default port 43657] INFO  volume.OMVolumeCreateRequest (OMVolumeCreateRequest.java:validateAndUpdateCache(195)) - created volume:volume28166 for user:user98558
2022-07-02 07:25:31,345 [Time-limited test] INFO  rpc.RpcClient (RpcClient.java:createBucket(669)) - Creating Bucket: volume28166/bucket04435, with bucket layout LEGACY, runner as owner, Versioning false, Storage Type set to DISK and Encryption set to false 
2022-07-02 07:25:31,345 [IPC Server handler 9 on default port 43657] INFO  bucket.OMBucketCreateRequest (OMBucketCreateRequest.java:validateAndUpdateCache(260)) - created bucket: bucket04435 of layout LEGACY in volume: volume28166
]]></system-out>
  </testcase>
  <testcase name="testListStatus" classname="TestRootedOzoneFileSystem" time="0.139">
    <system-out><![CDATA[2022-07-02 07:20:01,123 [Time-limited test] INFO  rpc.RpcClient (RpcClient.java:createVolume(466)) - Creating Volume: volume88044, with user55519 as owner and space quota set to -1 bytes, counts quota set to -1
2022-07-02 07:20:01,129 [OM StateMachine ApplyTransaction Thread - 0] INFO  volume.OMVolumeCreateRequest (OMVolumeCreateRequest.java:validateAndUpdateCache(195)) - created volume:volume88044 for user:user55519
2022-07-02 07:20:01,131 [Time-limited test] INFO  rpc.RpcClient (RpcClient.java:createBucket(669)) - Creating Bucket: volume88044/bucket54079, with bucket layout LEGACY, runner as owner, Versioning false, Storage Type set to DISK and Encryption set to false 
2022-07-02 07:20:01,135 [OM StateMachine ApplyTransaction Thread - 0] INFO  bucket.OMBucketCreateRequest (OMBucketCreateRequest.java:validateAndUpdateCache(260)) - created bucket: bucket54079 of layout LEGACY in volume: volume88044
]]></system-out>
  </testcase>
  <testcase name="testListStatus" classname="TestRootedOzoneFileSystem" time="0.175">
    <system-out><![CDATA[2022-07-02 07:21:13,234 [Time-limited test] INFO  rpc.RpcClient (RpcClient.java:createVolume(466)) - Creating Volume: volume94100, with user65419 as owner and space quota set to -1 bytes, counts quota set to -1
2022-07-02 07:21:13,236 [OM StateMachine ApplyTransaction Thread - 0] INFO  volume.OMVolumeCreateRequest (OMVolumeCreateRequest.java:validateAndUpdateCache(195)) - created volume:volume94100 for user:user65419
2022-07-02 07:21:13,237 [Time-limited test] INFO  rpc.RpcClient (RpcClient.java:createBucket(669)) - Creating Bucket: volume94100/bucket64487, with bucket layout LEGACY, runner as owner, Versioning false, Storage Type set to DISK and Encryption set to false 
2022-07-02 07:21:13,239 [OM StateMachine ApplyTransaction Thread - 0] INFO  bucket.OMBucketCreateRequest (OMBucketCreateRequest.java:validateAndUpdateCache(260)) - created bucket: bucket64487 of layout LEGACY in volume: volume94100
]]></system-out>
  </testcase>
  <testcase name="testListStatus" classname="TestRootedOzoneFileSystem" time="0.368">
    <system-out><![CDATA[2022-07-02 07:22:25,084 [c8c7f6e9-7147-4113-9ab5-2be4ccc0fabe@group-D4572DC721BA-LeaderElection30] INFO  server.RaftServer$Division (ServerState.java:setRaftConf(393)) - c8c7f6e9-7147-4113-9ab5-2be4ccc0fabe@group-D4572DC721BA: set configuration 0: [8384da11-bc81-4aa4-8438-a9cb526b8e6b|rpc:10.1.0.20:41153|dataStream:|priority:0, c8c7f6e9-7147-4113-9ab5-2be4ccc0fabe|rpc:10.1.0.20:43257|dataStream:|priority:1, 85df8eb1-77a9-48e2-b795-4ce99b081c64|rpc:10.1.0.20:33453|dataStream:|priority:0], old=null
2022-07-02 07:22:25,084 [grpc-default-executor-2] INFO  server.RaftServer$Division (RaftServerImpl.java:requestVote(1152)) - 8384da11-bc81-4aa4-8438-a9cb526b8e6b@group-D4572DC721BA: receive requestVote(ELECTION, 85df8eb1-77a9-48e2-b795-4ce99b081c64, group-D4572DC721BA, 2, (t:0, i:0))
2022-07-02 07:22:25,084 [grpc-default-executor-2] INFO  impl.VoteContext (VoteContext.java:log(48)) - 8384da11-bc81-4aa4-8438-a9cb526b8e6b@group-D4572DC721BA-FOLLOWER: reject ELECTION from 85df8eb1-77a9-48e2-b795-4ce99b081c64: already has voted for c8c7f6e9-7147-4113-9ab5-2be4ccc0fabe at current term 2
2022-07-02 07:22:25,084 [grpc-default-executor-2] INFO  server.RaftServer$Division (RaftServerImpl.java:requestVote(1184)) - 8384da11-bc81-4aa4-8438-a9cb526b8e6b@group-D4572DC721BA replies to ELECTION vote request: 85df8eb1-77a9-48e2-b795-4ce99b081c64<-8384da11-bc81-4aa4-8438-a9cb526b8e6b#0:FAIL-t2. Peer's state: 8384da11-bc81-4aa4-8438-a9cb526b8e6b@group-D4572DC721BA:t2, leader=null, voted=c8c7f6e9-7147-4113-9ab5-2be4ccc0fabe, raftlog=8384da11-bc81-4aa4-8438-a9cb526b8e6b@group-D4572DC721BA-SegmentedRaftLog:OPENED:c-1, conf=-1: [8384da11-bc81-4aa4-8438-a9cb526b8e6b|rpc:10.1.0.20:41153|priority:0, c8c7f6e9-7147-4113-9ab5-2be4ccc0fabe|rpc:10.1.0.20:43257|priority:1, 85df8eb1-77a9-48e2-b795-4ce99b081c64|rpc:10.1.0.20:33453|priority:0], old=null
2022-07-02 07:22:25,088 [grpc-default-executor-1] INFO  server.RaftServer$Division (RaftServerImpl.java:requestVote(1152)) - c8c7f6e9-7147-4113-9ab5-2be4ccc0fabe@group-D4572DC721BA: receive requestVote(ELECTION, 85df8eb1-77a9-48e2-b795-4ce99b081c64, group-D4572DC721BA, 2, (t:0, i:0))
2022-07-02 07:22:25,088 [grpc-default-executor-1] INFO  impl.VoteContext (VoteContext.java:log(48)) - c8c7f6e9-7147-4113-9ab5-2be4ccc0fabe@group-D4572DC721BA-LEADER: reject ELECTION from 85df8eb1-77a9-48e2-b795-4ce99b081c64: already has voted for c8c7f6e9-7147-4113-9ab5-2be4ccc0fabe at current term 2
2022-07-02 07:22:25,088 [grpc-default-executor-1] INFO  server.RaftServer$Division (RaftServerImpl.java:requestVote(1184)) - c8c7f6e9-7147-4113-9ab5-2be4ccc0fabe@group-D4572DC721BA replies to ELECTION vote request: 85df8eb1-77a9-48e2-b795-4ce99b081c64<-c8c7f6e9-7147-4113-9ab5-2be4ccc0fabe#0:FAIL-t2. Peer's state: c8c7f6e9-7147-4113-9ab5-2be4ccc0fabe@group-D4572DC721BA:t2, leader=c8c7f6e9-7147-4113-9ab5-2be4ccc0fabe, voted=c8c7f6e9-7147-4113-9ab5-2be4ccc0fabe, raftlog=c8c7f6e9-7147-4113-9ab5-2be4ccc0fabe@group-D4572DC721BA-SegmentedRaftLog:OPENED:c0, conf=0: [8384da11-bc81-4aa4-8438-a9cb526b8e6b|rpc:10.1.0.20:41153|dataStream:|priority:0, c8c7f6e9-7147-4113-9ab5-2be4ccc0fabe|rpc:10.1.0.20:43257|dataStream:|priority:1, 85df8eb1-77a9-48e2-b795-4ce99b081c64|rpc:10.1.0.20:33453|dataStream:|priority:0], old=null
2022-07-02 07:22:25,097 [85df8eb1-77a9-48e2-b795-4ce99b081c64-server-thread1] INFO  server.RaftServer$Division (RaftServerImpl.java:setRole(299)) - 85df8eb1-77a9-48e2-b795-4ce99b081c64@group-D4572DC721BA: changes role from CANDIDATE to FOLLOWER at term 2 for appendEntries
2022-07-02 07:22:25,104 [85df8eb1-77a9-48e2-b795-4ce99b081c64-server-thread1] INFO  impl.RoleInfo (RoleInfo.java:shutdownLeaderElection(130)) - 85df8eb1-77a9-48e2-b795-4ce99b081c64: shutdown 85df8eb1-77a9-48e2-b795-4ce99b081c64@group-D4572DC721BA-LeaderElection31
2022-07-02 07:22:25,104 [85df8eb1-77a9-48e2-b795-4ce99b081c64-server-thread1] INFO  impl.RoleInfo (RoleInfo.java:updateAndGet(139)) - 85df8eb1-77a9-48e2-b795-4ce99b081c64: start 85df8eb1-77a9-48e2-b795-4ce99b081c64@group-D4572DC721BA-FollowerState
2022-07-02 07:22:25,116 [85df8eb1-77a9-48e2-b795-4ce99b081c64-server-thread1] INFO  ratis.XceiverServerRatis (XceiverServerRatis.java:handleLeaderChangedNotification(863)) - Leader change notification received for group: group-D4572DC721BA with new leaderId: c8c7f6e9-7147-4113-9ab5-2be4ccc0fabe
2022-07-02 07:22:25,116 [85df8eb1-77a9-48e2-b795-4ce99b081c64-server-thread1] INFO  server.RaftServer$Division (ServerState.java:setLeader(287)) - 85df8eb1-77a9-48e2-b795-4ce99b081c64@group-D4572DC721BA: change Leader from null to c8c7f6e9-7147-4113-9ab5-2be4ccc0fabe at term 2 for appendEntries, leader elected after 10770ms
2022-07-02 07:22:25,123 [8384da11-bc81-4aa4-8438-a9cb526b8e6b-server-thread1] INFO  ratis.XceiverServerRatis (XceiverServerRatis.java:handleLeaderChangedNotification(863)) - Leader change notification received for group: group-D4572DC721BA with new leaderId: c8c7f6e9-7147-4113-9ab5-2be4ccc0fabe
2022-07-02 07:22:25,123 [8384da11-bc81-4aa4-8438-a9cb526b8e6b-server-thread1] INFO  server.RaftServer$Division (ServerState.java:setLeader(287)) - 8384da11-bc81-4aa4-8438-a9cb526b8e6b@group-D4572DC721BA: change Leader from null to c8c7f6e9-7147-4113-9ab5-2be4ccc0fabe at term 2 for appendEntries, leader elected after 10605ms
2022-07-02 07:22:25,159 [85df8eb1-77a9-48e2-b795-4ce99b081c64@group-D4572DC721BA-LeaderElection31] INFO  impl.LeaderElection (LeaderElection.java:logAndReturn(90)) - 85df8eb1-77a9-48e2-b795-4ce99b081c64@group-D4572DC721BA-LeaderElection31: ELECTION REJECTED received 2 response(s) and 0 exception(s):
2022-07-02 07:22:25,159 [85df8eb1-77a9-48e2-b795-4ce99b081c64@group-D4572DC721BA-LeaderElection31] INFO  impl.LeaderElection (LeaderElection.java:logAndReturn(94)) -   Response 0: 85df8eb1-77a9-48e2-b795-4ce99b081c64<-8384da11-bc81-4aa4-8438-a9cb526b8e6b#0:FAIL-t2
2022-07-02 07:22:25,159 [85df8eb1-77a9-48e2-b795-4ce99b081c64@group-D4572DC721BA-LeaderElection31] INFO  impl.LeaderElection (LeaderElection.java:logAndReturn(94)) -   Response 1: 85df8eb1-77a9-48e2-b795-4ce99b081c64<-c8c7f6e9-7147-4113-9ab5-2be4ccc0fabe#0:FAIL-t2
2022-07-02 07:22:25,159 [85df8eb1-77a9-48e2-b795-4ce99b081c64@group-D4572DC721BA-LeaderElection31] INFO  impl.LeaderElection (LeaderElection.java:askForVotes(312)) - 85df8eb1-77a9-48e2-b795-4ce99b081c64@group-D4572DC721BA-LeaderElection31 ELECTION round 0: result REJECTED
2022-07-02 07:22:25,199 [8384da11-bc81-4aa4-8438-a9cb526b8e6b-server-thread1] INFO  server.RaftServer$Division (ServerState.java:setRaftConf(393)) - 8384da11-bc81-4aa4-8438-a9cb526b8e6b@group-D4572DC721BA: set configuration 0: [8384da11-bc81-4aa4-8438-a9cb526b8e6b|rpc:10.1.0.20:41153|dataStream:|priority:0, c8c7f6e9-7147-4113-9ab5-2be4ccc0fabe|rpc:10.1.0.20:43257|dataStream:|priority:1, 85df8eb1-77a9-48e2-b795-4ce99b081c64|rpc:10.1.0.20:33453|dataStream:|priority:0], old=null
2022-07-02 07:22:25,199 [85df8eb1-77a9-48e2-b795-4ce99b081c64-server-thread1] INFO  server.RaftServer$Division (ServerState.java:setRaftConf(393)) - 85df8eb1-77a9-48e2-b795-4ce99b081c64@group-D4572DC721BA: set configuration 0: [8384da11-bc81-4aa4-8438-a9cb526b8e6b|rpc:10.1.0.20:41153|dataStream:|priority:0, c8c7f6e9-7147-4113-9ab5-2be4ccc0fabe|rpc:10.1.0.20:43257|dataStream:|priority:1, 85df8eb1-77a9-48e2-b795-4ce99b081c64|rpc:10.1.0.20:33453|dataStream:|priority:0], old=null
2022-07-02 07:22:25,199 [8384da11-bc81-4aa4-8438-a9cb526b8e6b-server-thread1] INFO  segmented.SegmentedRaftLogWorker (SegmentedRaftLogWorker.java:startLogSegment(425)) - 8384da11-bc81-4aa4-8438-a9cb526b8e6b@group-D4572DC721BA-SegmentedRaftLogWorker: Starting segment from index:0
2022-07-02 07:22:25,199 [85df8eb1-77a9-48e2-b795-4ce99b081c64-server-thread1] INFO  segmented.SegmentedRaftLogWorker (SegmentedRaftLogWorker.java:startLogSegment(425)) - 85df8eb1-77a9-48e2-b795-4ce99b081c64@group-D4572DC721BA-SegmentedRaftLogWorker: Starting segment from index:0
2022-07-02 07:22:25,205 [85df8eb1-77a9-48e2-b795-4ce99b081c64@group-D4572DC721BA-SegmentedRaftLogWorker] INFO  segmented.SegmentedRaftLogWorker (SegmentedRaftLogWorker.java:execute(629)) - 85df8eb1-77a9-48e2-b795-4ce99b081c64@group-D4572DC721BA-SegmentedRaftLogWorker: created new log segment /home/runner/work/ozone/ozone/hadoop-ozone/integration-test/target/test-dir/MiniOzoneClusterImpl-2091899c-1ec3-4d3e-95df-d9e62105ac7a/datanode-1/data/ratis/ae62c9d3-ca9c-4617-85c0-d4572dc721ba/current/log_inprogress_0
2022-07-02 07:22:25,208 [8384da11-bc81-4aa4-8438-a9cb526b8e6b@group-D4572DC721BA-SegmentedRaftLogWorker] INFO  segmented.SegmentedRaftLogWorker (SegmentedRaftLogWorker.java:execute(629)) - 8384da11-bc81-4aa4-8438-a9cb526b8e6b@group-D4572DC721BA-SegmentedRaftLogWorker: created new log segment /home/runner/work/ozone/ozone/hadoop-ozone/integration-test/target/test-dir/MiniOzoneClusterImpl-2091899c-1ec3-4d3e-95df-d9e62105ac7a/datanode-0/data/ratis/ae62c9d3-ca9c-4617-85c0-d4572dc721ba/current/log_inprogress_0
2022-07-02 07:22:25,315 [Time-limited test] INFO  rpc.RpcClient (RpcClient.java:createVolume(466)) - Creating Volume: volume80353, with user73707 as owner and space quota set to -1 bytes, counts quota set to -1
2022-07-02 07:22:25,316 [IPC Server handler 3 on default port 38347] INFO  volume.OMVolumeCreateRequest (OMVolumeCreateRequest.java:validateAndUpdateCache(195)) - created volume:volume80353 for user:user73707
2022-07-02 07:22:25,324 [Time-limited test] INFO  rpc.RpcClient (RpcClient.java:createBucket(669)) - Creating Bucket: volume80353/bucket61445, with bucket layout LEGACY, runner as owner, Versioning false, Storage Type set to DISK and Encryption set to false 
2022-07-02 07:22:25,325 [IPC Server handler 6 on default port 38347] INFO  bucket.OMBucketCreateRequest (OMBucketCreateRequest.java:validateAndUpdateCache(260)) - created bucket: bucket61445 of layout LEGACY in volume: volume80353
]]></system-out>
  </testcase>
  <testcase name="testListStatus" classname="TestRootedOzoneFileSystem" time="0.203">
    <system-out><![CDATA[2022-07-02 07:24:00,495 [Time-limited test] INFO  rpc.RpcClient (RpcClient.java:createVolume(466)) - Creating Volume: volume10612, with user69204 as owner and space quota set to -1 bytes, counts quota set to -1
2022-07-02 07:24:00,507 [OM StateMachine ApplyTransaction Thread - 0] INFO  volume.OMVolumeCreateRequest (OMVolumeCreateRequest.java:validateAndUpdateCache(195)) - created volume:volume10612 for user:user69204
2022-07-02 07:24:00,508 [Time-limited test] INFO  rpc.RpcClient (RpcClient.java:createBucket(669)) - Creating Bucket: volume10612/bucket90503, with bucket layout LEGACY, runner as owner, Versioning false, Storage Type set to DISK and Encryption set to false 
2022-07-02 07:24:00,513 [OM StateMachine ApplyTransaction Thread - 0] INFO  bucket.OMBucketCreateRequest (OMBucketCreateRequest.java:validateAndUpdateCache(260)) - created bucket: bucket90503 of layout LEGACY in volume: volume10612
]]></system-out>
  </testcase>
  <testcase name="testListStatus" classname="TestRootedOzoneFileSystem" time="0.171">
    <system-out><![CDATA[2022-07-02 07:25:31,500 [Time-limited test] INFO  rpc.RpcClient (RpcClient.java:createVolume(466)) - Creating Volume: volume38993, with user58091 as owner and space quota set to -1 bytes, counts quota set to -1
2022-07-02 07:25:31,502 [IPC Server handler 11 on default port 43657] INFO  volume.OMVolumeCreateRequest (OMVolumeCreateRequest.java:validateAndUpdateCache(195)) - created volume:volume38993 for user:user58091
2022-07-02 07:25:31,505 [Time-limited test] INFO  rpc.RpcClient (RpcClient.java:createBucket(669)) - Creating Bucket: volume38993/bucket33057, with bucket layout LEGACY, runner as owner, Versioning false, Storage Type set to DISK and Encryption set to false 
2022-07-02 07:25:31,507 [IPC Server handler 4 on default port 43657] INFO  bucket.OMBucketCreateRequest (OMBucketCreateRequest.java:validateAndUpdateCache(260)) - created bucket: bucket33057 of layout LEGACY in volume: volume38993
]]></system-out>
  </testcase>
  <testcase name="testGetTrashRoots" classname="TestRootedOzoneFileSystem" time="0.85">
    <system-out><![CDATA[2022-07-02 07:20:01,249 [Time-limited test] INFO  rpc.RpcClient (RpcClient.java:createVolume(466)) - Creating Volume: volume93803, with user92658 as owner and space quota set to -1 bytes, counts quota set to -1
2022-07-02 07:20:01,251 [OM StateMachine ApplyTransaction Thread - 0] INFO  volume.OMVolumeCreateRequest (OMVolumeCreateRequest.java:validateAndUpdateCache(195)) - created volume:volume93803 for user:user92658
2022-07-02 07:20:01,254 [Time-limited test] INFO  rpc.RpcClient (RpcClient.java:createBucket(669)) - Creating Bucket: volume93803/bucket96256, with bucket layout LEGACY, runner as owner, Versioning false, Storage Type set to DISK and Encryption set to false 
2022-07-02 07:20:01,257 [OM StateMachine ApplyTransaction Thread - 0] INFO  bucket.OMBucketCreateRequest (OMBucketCreateRequest.java:validateAndUpdateCache(260)) - created bucket: bucket96256 of layout LEGACY in volume: volume93803
07:20:01.275 [IPC Server handler 15 on default port 41977] ERROR OMAudit - user=runner | ip=127.0.0.1 | op=GET_FILE_STATUS {volume=7ad33715-8fcd-4268-abdc-980ef0d02a34, bucket=ff82feba-c654-4686-80e1-33f972da230c, key=.Trash/runner, dataSize=0, replicationConfig=null} | ret=FAILURE
org.apache.hadoop.ozone.om.exceptions.OMException: Unable to get file status: volume: 7ad33715-8fcd-4268-abdc-980ef0d02a34 bucket: ff82feba-c654-4686-80e1-33f972da230c key: .Trash/runner
	at org.apache.hadoop.ozone.om.KeyManagerImpl.getOzoneFileStatus(KeyManagerImpl.java:1311) ~[ozone-manager-1.3.0-SNAPSHOT.jar:?]
	at org.apache.hadoop.ozone.om.KeyManagerImpl.getFileStatus(KeyManagerImpl.java:1241) ~[ozone-manager-1.3.0-SNAPSHOT.jar:?]
	at org.apache.hadoop.ozone.om.OzoneManager.getFileStatus(OzoneManager.java:3419) ~[ozone-manager-1.3.0-SNAPSHOT.jar:?]
	at org.apache.hadoop.ozone.protocolPB.OzoneManagerRequestHandler.getOzoneFileStatus(OzoneManagerRequestHandler.java:871) ~[ozone-manager-1.3.0-SNAPSHOT.jar:?]
	at org.apache.hadoop.ozone.protocolPB.OzoneManagerRequestHandler.handleReadRequest(OzoneManagerRequestHandler.java:217) ~[ozone-manager-1.3.0-SNAPSHOT.jar:?]
	at org.apache.hadoop.ozone.protocolPB.OzoneManagerProtocolServerSideTranslatorPB.submitReadRequestToOM(OzoneManagerProtocolServerSideTranslatorPB.java:226) ~[ozone-manager-1.3.0-SNAPSHOT.jar:?]
	at org.apache.hadoop.ozone.protocolPB.OzoneManagerProtocolServerSideTranslatorPB.processRequest(OzoneManagerProtocolServerSideTranslatorPB.java:175) ~[ozone-manager-1.3.0-SNAPSHOT.jar:?]
	at org.apache.hadoop.hdds.server.OzoneProtocolMessageDispatcher.processRequest(OzoneProtocolMessageDispatcher.java:87) [hdds-server-framework-1.3.0-SNAPSHOT.jar:?]
	at org.apache.hadoop.ozone.protocolPB.OzoneManagerProtocolServerSideTranslatorPB.submitRequest(OzoneManagerProtocolServerSideTranslatorPB.java:147) [ozone-manager-1.3.0-SNAPSHOT.jar:?]
	at org.apache.hadoop.ozone.protocol.proto.OzoneManagerProtocolProtos$OzoneManagerService$2.callBlockingMethod(OzoneManagerProtocolProtos.java) [ozone-interface-client-1.3.0-SNAPSHOT.jar:?]
	at org.apache.hadoop.ipc.ProtobufRpcEngine$Server.processCall(ProtobufRpcEngine.java:466) [hadoop-common-3.3.1.jar:?]
	at org.apache.hadoop.ipc.ProtobufRpcEngine2$Server$ProtoBufRpcInvoker.call(ProtobufRpcEngine2.java:574) [hadoop-common-3.3.1.jar:?]
	at org.apache.hadoop.ipc.ProtobufRpcEngine2$Server$ProtoBufRpcInvoker.call(ProtobufRpcEngine2.java:552) [hadoop-common-3.3.1.jar:?]
	at org.apache.hadoop.ipc.RPC$Server.call(RPC.java:1093) [hadoop-common-3.3.1.jar:?]
	at org.apache.hadoop.ipc.Server$RpcCall.run(Server.java:1035) [hadoop-common-3.3.1.jar:?]
	at org.apache.hadoop.ipc.Server$RpcCall.run(Server.java:963) [hadoop-common-3.3.1.jar:?]
	at java.security.AccessController.doPrivileged(Native Method) ~[?:1.8.0_332]
	at javax.security.auth.Subject.doAs(Subject.java:422) [?:1.8.0_332]
	at org.apache.hadoop.security.UserGroupInformation.doAs(UserGroupInformation.java:1878) [hadoop-common-3.3.1.jar:?]
	at org.apache.hadoop.ipc.Server$Handler.run(Server.java:2966) [hadoop-common-3.3.1.jar:?]
07:20:01.280 [IPC Server handler 19 on default port 41977] ERROR OMAudit - user=runner | ip=127.0.0.1 | op=GET_FILE_STATUS {volume=volume93803, bucket=bucket96256, key=.Trash/runner, dataSize=0, replicationConfig=null} | ret=FAILURE
org.apache.hadoop.ozone.om.exceptions.OMException: Unable to get file status: volume: volume93803 bucket: bucket96256 key: .Trash/runner
	at org.apache.hadoop.ozone.om.KeyManagerImpl.getOzoneFileStatus(KeyManagerImpl.java:1311) ~[ozone-manager-1.3.0-SNAPSHOT.jar:?]
	at org.apache.hadoop.ozone.om.KeyManagerImpl.getFileStatus(KeyManagerImpl.java:1241) ~[ozone-manager-1.3.0-SNAPSHOT.jar:?]
	at org.apache.hadoop.ozone.om.OzoneManager.getFileStatus(OzoneManager.java:3419) ~[ozone-manager-1.3.0-SNAPSHOT.jar:?]
	at org.apache.hadoop.ozone.protocolPB.OzoneManagerRequestHandler.getOzoneFileStatus(OzoneManagerRequestHandler.java:871) ~[ozone-manager-1.3.0-SNAPSHOT.jar:?]
	at org.apache.hadoop.ozone.protocolPB.OzoneManagerRequestHandler.handleReadRequest(OzoneManagerRequestHandler.java:217) ~[ozone-manager-1.3.0-SNAPSHOT.jar:?]
	at org.apache.hadoop.ozone.protocolPB.OzoneManagerProtocolServerSideTranslatorPB.submitReadRequestToOM(OzoneManagerProtocolServerSideTranslatorPB.java:226) ~[ozone-manager-1.3.0-SNAPSHOT.jar:?]
	at org.apache.hadoop.ozone.protocolPB.OzoneManagerProtocolServerSideTranslatorPB.processRequest(OzoneManagerProtocolServerSideTranslatorPB.java:175) ~[ozone-manager-1.3.0-SNAPSHOT.jar:?]
	at org.apache.hadoop.hdds.server.OzoneProtocolMessageDispatcher.processRequest(OzoneProtocolMessageDispatcher.java:87) [hdds-server-framework-1.3.0-SNAPSHOT.jar:?]
	at org.apache.hadoop.ozone.protocolPB.OzoneManagerProtocolServerSideTranslatorPB.submitRequest(OzoneManagerProtocolServerSideTranslatorPB.java:147) [ozone-manager-1.3.0-SNAPSHOT.jar:?]
	at org.apache.hadoop.ozone.protocol.proto.OzoneManagerProtocolProtos$OzoneManagerService$2.callBlockingMethod(OzoneManagerProtocolProtos.java) [ozone-interface-client-1.3.0-SNAPSHOT.jar:?]
	at org.apache.hadoop.ipc.ProtobufRpcEngine$Server.processCall(ProtobufRpcEngine.java:466) [hadoop-common-3.3.1.jar:?]
	at org.apache.hadoop.ipc.ProtobufRpcEngine2$Server$ProtoBufRpcInvoker.call(ProtobufRpcEngine2.java:574) [hadoop-common-3.3.1.jar:?]
	at org.apache.hadoop.ipc.ProtobufRpcEngine2$Server$ProtoBufRpcInvoker.call(ProtobufRpcEngine2.java:552) [hadoop-common-3.3.1.jar:?]
	at org.apache.hadoop.ipc.RPC$Server.call(RPC.java:1093) [hadoop-common-3.3.1.jar:?]
	at org.apache.hadoop.ipc.Server$RpcCall.run(Server.java:1035) [hadoop-common-3.3.1.jar:?]
	at org.apache.hadoop.ipc.Server$RpcCall.run(Server.java:963) [hadoop-common-3.3.1.jar:?]
	at java.security.AccessController.doPrivileged(Native Method) ~[?:1.8.0_332]
	at javax.security.auth.Subject.doAs(Subject.java:422) [?:1.8.0_332]
	at org.apache.hadoop.security.UserGroupInformation.doAs(UserGroupInformation.java:1878) [hadoop-common-3.3.1.jar:?]
	at org.apache.hadoop.ipc.Server$Handler.run(Server.java:2966) [hadoop-common-3.3.1.jar:?]
07:20:01.286 [IPC Server handler 5 on default port 41977] ERROR OMAudit - user=runner | ip=127.0.0.1 | op=GET_FILE_STATUS {volume=7ad33715-8fcd-4268-abdc-980ef0d02a34, bucket=ff82feba-c654-4686-80e1-33f972da230c, key=.Trash, dataSize=0, replicationConfig=null} | ret=FAILURE
org.apache.hadoop.ozone.om.exceptions.OMException: Unable to get file status: volume: 7ad33715-8fcd-4268-abdc-980ef0d02a34 bucket: ff82feba-c654-4686-80e1-33f972da230c key: .Trash
	at org.apache.hadoop.ozone.om.KeyManagerImpl.getOzoneFileStatus(KeyManagerImpl.java:1311) ~[ozone-manager-1.3.0-SNAPSHOT.jar:?]
	at org.apache.hadoop.ozone.om.KeyManagerImpl.getFileStatus(KeyManagerImpl.java:1241) ~[ozone-manager-1.3.0-SNAPSHOT.jar:?]
	at org.apache.hadoop.ozone.om.OzoneManager.getFileStatus(OzoneManager.java:3419) ~[ozone-manager-1.3.0-SNAPSHOT.jar:?]
	at org.apache.hadoop.ozone.protocolPB.OzoneManagerRequestHandler.getOzoneFileStatus(OzoneManagerRequestHandler.java:871) ~[ozone-manager-1.3.0-SNAPSHOT.jar:?]
	at org.apache.hadoop.ozone.protocolPB.OzoneManagerRequestHandler.handleReadRequest(OzoneManagerRequestHandler.java:217) ~[ozone-manager-1.3.0-SNAPSHOT.jar:?]
	at org.apache.hadoop.ozone.protocolPB.OzoneManagerProtocolServerSideTranslatorPB.submitReadRequestToOM(OzoneManagerProtocolServerSideTranslatorPB.java:226) ~[ozone-manager-1.3.0-SNAPSHOT.jar:?]
	at org.apache.hadoop.ozone.protocolPB.OzoneManagerProtocolServerSideTranslatorPB.processRequest(OzoneManagerProtocolServerSideTranslatorPB.java:175) ~[ozone-manager-1.3.0-SNAPSHOT.jar:?]
	at org.apache.hadoop.hdds.server.OzoneProtocolMessageDispatcher.processRequest(OzoneProtocolMessageDispatcher.java:87) [hdds-server-framework-1.3.0-SNAPSHOT.jar:?]
	at org.apache.hadoop.ozone.protocolPB.OzoneManagerProtocolServerSideTranslatorPB.submitRequest(OzoneManagerProtocolServerSideTranslatorPB.java:147) [ozone-manager-1.3.0-SNAPSHOT.jar:?]
	at org.apache.hadoop.ozone.protocol.proto.OzoneManagerProtocolProtos$OzoneManagerService$2.callBlockingMethod(OzoneManagerProtocolProtos.java) [ozone-interface-client-1.3.0-SNAPSHOT.jar:?]
	at org.apache.hadoop.ipc.ProtobufRpcEngine$Server.processCall(ProtobufRpcEngine.java:466) [hadoop-common-3.3.1.jar:?]
	at org.apache.hadoop.ipc.ProtobufRpcEngine2$Server$ProtoBufRpcInvoker.call(ProtobufRpcEngine2.java:574) [hadoop-common-3.3.1.jar:?]
	at org.apache.hadoop.ipc.ProtobufRpcEngine2$Server$ProtoBufRpcInvoker.call(ProtobufRpcEngine2.java:552) [hadoop-common-3.3.1.jar:?]
	at org.apache.hadoop.ipc.RPC$Server.call(RPC.java:1093) [hadoop-common-3.3.1.jar:?]
	at org.apache.hadoop.ipc.Server$RpcCall.run(Server.java:1035) [hadoop-common-3.3.1.jar:?]
	at org.apache.hadoop.ipc.Server$RpcCall.run(Server.java:963) [hadoop-common-3.3.1.jar:?]
	at java.security.AccessController.doPrivileged(Native Method) ~[?:1.8.0_332]
	at javax.security.auth.Subject.doAs(Subject.java:422) [?:1.8.0_332]
	at org.apache.hadoop.security.UserGroupInformation.doAs(UserGroupInformation.java:1878) [hadoop-common-3.3.1.jar:?]
	at org.apache.hadoop.ipc.Server$Handler.run(Server.java:2966) [hadoop-common-3.3.1.jar:?]
07:20:01.290 [IPC Server handler 12 on default port 41977] ERROR OMAudit - user=runner | ip=127.0.0.1 | op=GET_FILE_STATUS {volume=volume93803, bucket=bucket96256, key=.Trash, dataSize=0, replicationConfig=null} | ret=FAILURE
org.apache.hadoop.ozone.om.exceptions.OMException: Unable to get file status: volume: volume93803 bucket: bucket96256 key: .Trash
	at org.apache.hadoop.ozone.om.KeyManagerImpl.getOzoneFileStatus(KeyManagerImpl.java:1311) ~[ozone-manager-1.3.0-SNAPSHOT.jar:?]
	at org.apache.hadoop.ozone.om.KeyManagerImpl.getFileStatus(KeyManagerImpl.java:1241) ~[ozone-manager-1.3.0-SNAPSHOT.jar:?]
	at org.apache.hadoop.ozone.om.OzoneManager.getFileStatus(OzoneManager.java:3419) ~[ozone-manager-1.3.0-SNAPSHOT.jar:?]
	at org.apache.hadoop.ozone.protocolPB.OzoneManagerRequestHandler.getOzoneFileStatus(OzoneManagerRequestHandler.java:871) ~[ozone-manager-1.3.0-SNAPSHOT.jar:?]
	at org.apache.hadoop.ozone.protocolPB.OzoneManagerRequestHandler.handleReadRequest(OzoneManagerRequestHandler.java:217) ~[ozone-manager-1.3.0-SNAPSHOT.jar:?]
	at org.apache.hadoop.ozone.protocolPB.OzoneManagerProtocolServerSideTranslatorPB.submitReadRequestToOM(OzoneManagerProtocolServerSideTranslatorPB.java:226) ~[ozone-manager-1.3.0-SNAPSHOT.jar:?]
	at org.apache.hadoop.ozone.protocolPB.OzoneManagerProtocolServerSideTranslatorPB.processRequest(OzoneManagerProtocolServerSideTranslatorPB.java:175) ~[ozone-manager-1.3.0-SNAPSHOT.jar:?]
	at org.apache.hadoop.hdds.server.OzoneProtocolMessageDispatcher.processRequest(OzoneProtocolMessageDispatcher.java:87) [hdds-server-framework-1.3.0-SNAPSHOT.jar:?]
	at org.apache.hadoop.ozone.protocolPB.OzoneManagerProtocolServerSideTranslatorPB.submitRequest(OzoneManagerProtocolServerSideTranslatorPB.java:147) [ozone-manager-1.3.0-SNAPSHOT.jar:?]
	at org.apache.hadoop.ozone.protocol.proto.OzoneManagerProtocolProtos$OzoneManagerService$2.callBlockingMethod(OzoneManagerProtocolProtos.java) [ozone-interface-client-1.3.0-SNAPSHOT.jar:?]
	at org.apache.hadoop.ipc.ProtobufRpcEngine$Server.processCall(ProtobufRpcEngine.java:466) [hadoop-common-3.3.1.jar:?]
	at org.apache.hadoop.ipc.ProtobufRpcEngine2$Server$ProtoBufRpcInvoker.call(ProtobufRpcEngine2.java:574) [hadoop-common-3.3.1.jar:?]
	at org.apache.hadoop.ipc.ProtobufRpcEngine2$Server$ProtoBufRpcInvoker.call(ProtobufRpcEngine2.java:552) [hadoop-common-3.3.1.jar:?]
	at org.apache.hadoop.ipc.RPC$Server.call(RPC.java:1093) [hadoop-common-3.3.1.jar:?]
	at org.apache.hadoop.ipc.Server$RpcCall.run(Server.java:1035) [hadoop-common-3.3.1.jar:?]
	at org.apache.hadoop.ipc.Server$RpcCall.run(Server.java:963) [hadoop-common-3.3.1.jar:?]
	at java.security.AccessController.doPrivileged(Native Method) ~[?:1.8.0_332]
	at javax.security.auth.Subject.doAs(Subject.java:422) [?:1.8.0_332]
	at org.apache.hadoop.security.UserGroupInformation.doAs(UserGroupInformation.java:1878) [hadoop-common-3.3.1.jar:?]
	at org.apache.hadoop.ipc.Server$Handler.run(Server.java:2966) [hadoop-common-3.3.1.jar:?]
07:20:01.305 [IPC Server handler 17 on default port 41977] ERROR OMAudit - user=runner | ip=127.0.0.1 | op=GET_FILE_STATUS {volume=7ad33715-8fcd-4268-abdc-980ef0d02a34, bucket=ff82feba-c654-4686-80e1-33f972da230c, key=.Trash/runner, dataSize=0, replicationConfig=null} | ret=FAILURE
org.apache.hadoop.ozone.om.exceptions.OMException: Unable to get file status: volume: 7ad33715-8fcd-4268-abdc-980ef0d02a34 bucket: ff82feba-c654-4686-80e1-33f972da230c key: .Trash/runner
	at org.apache.hadoop.ozone.om.KeyManagerImpl.getOzoneFileStatus(KeyManagerImpl.java:1311) ~[ozone-manager-1.3.0-SNAPSHOT.jar:?]
	at org.apache.hadoop.ozone.om.KeyManagerImpl.getFileStatus(KeyManagerImpl.java:1241) ~[ozone-manager-1.3.0-SNAPSHOT.jar:?]
	at org.apache.hadoop.ozone.om.OzoneManager.getFileStatus(OzoneManager.java:3419) ~[ozone-manager-1.3.0-SNAPSHOT.jar:?]
	at org.apache.hadoop.ozone.protocolPB.OzoneManagerRequestHandler.getOzoneFileStatus(OzoneManagerRequestHandler.java:871) ~[ozone-manager-1.3.0-SNAPSHOT.jar:?]
	at org.apache.hadoop.ozone.protocolPB.OzoneManagerRequestHandler.handleReadRequest(OzoneManagerRequestHandler.java:217) ~[ozone-manager-1.3.0-SNAPSHOT.jar:?]
	at org.apache.hadoop.ozone.protocolPB.OzoneManagerProtocolServerSideTranslatorPB.submitReadRequestToOM(OzoneManagerProtocolServerSideTranslatorPB.java:226) ~[ozone-manager-1.3.0-SNAPSHOT.jar:?]
	at org.apache.hadoop.ozone.protocolPB.OzoneManagerProtocolServerSideTranslatorPB.processRequest(OzoneManagerProtocolServerSideTranslatorPB.java:175) ~[ozone-manager-1.3.0-SNAPSHOT.jar:?]
	at org.apache.hadoop.hdds.server.OzoneProtocolMessageDispatcher.processRequest(OzoneProtocolMessageDispatcher.java:87) [hdds-server-framework-1.3.0-SNAPSHOT.jar:?]
	at org.apache.hadoop.ozone.protocolPB.OzoneManagerProtocolServerSideTranslatorPB.submitRequest(OzoneManagerProtocolServerSideTranslatorPB.java:147) [ozone-manager-1.3.0-SNAPSHOT.jar:?]
	at org.apache.hadoop.ozone.protocol.proto.OzoneManagerProtocolProtos$OzoneManagerService$2.callBlockingMethod(OzoneManagerProtocolProtos.java) [ozone-interface-client-1.3.0-SNAPSHOT.jar:?]
	at org.apache.hadoop.ipc.ProtobufRpcEngine$Server.processCall(ProtobufRpcEngine.java:466) [hadoop-common-3.3.1.jar:?]
	at org.apache.hadoop.ipc.ProtobufRpcEngine2$Server$ProtoBufRpcInvoker.call(ProtobufRpcEngine2.java:574) [hadoop-common-3.3.1.jar:?]
	at org.apache.hadoop.ipc.ProtobufRpcEngine2$Server$ProtoBufRpcInvoker.call(ProtobufRpcEngine2.java:552) [hadoop-common-3.3.1.jar:?]
	at org.apache.hadoop.ipc.RPC$Server.call(RPC.java:1093) [hadoop-common-3.3.1.jar:?]
	at org.apache.hadoop.ipc.Server$RpcCall.run(Server.java:1035) [hadoop-common-3.3.1.jar:?]
	at org.apache.hadoop.ipc.Server$RpcCall.run(Server.java:963) [hadoop-common-3.3.1.jar:?]
	at java.security.AccessController.doPrivileged(Native Method) ~[?:1.8.0_332]
	at javax.security.auth.Subject.doAs(Subject.java:422) [?:1.8.0_332]
	at org.apache.hadoop.security.UserGroupInformation.doAs(UserGroupInformation.java:1878) [hadoop-common-3.3.1.jar:?]
	at org.apache.hadoop.ipc.Server$Handler.run(Server.java:2966) [hadoop-common-3.3.1.jar:?]
07:20:01.325 [IPC Server handler 10 on default port 41977] ERROR OMAudit - user=runner | ip=127.0.0.1 | op=GET_FILE_STATUS {volume=7ad33715-8fcd-4268-abdc-980ef0d02a34, bucket=ff82feba-c654-4686-80e1-33f972da230c, key=.Trash, dataSize=0, replicationConfig=null} | ret=FAILURE
org.apache.hadoop.ozone.om.exceptions.OMException: Unable to get file status: volume: 7ad33715-8fcd-4268-abdc-980ef0d02a34 bucket: ff82feba-c654-4686-80e1-33f972da230c key: .Trash
	at org.apache.hadoop.ozone.om.KeyManagerImpl.getOzoneFileStatus(KeyManagerImpl.java:1311) ~[ozone-manager-1.3.0-SNAPSHOT.jar:?]
	at org.apache.hadoop.ozone.om.KeyManagerImpl.getFileStatus(KeyManagerImpl.java:1241) ~[ozone-manager-1.3.0-SNAPSHOT.jar:?]
	at org.apache.hadoop.ozone.om.OzoneManager.getFileStatus(OzoneManager.java:3419) ~[ozone-manager-1.3.0-SNAPSHOT.jar:?]
	at org.apache.hadoop.ozone.protocolPB.OzoneManagerRequestHandler.getOzoneFileStatus(OzoneManagerRequestHandler.java:871) ~[ozone-manager-1.3.0-SNAPSHOT.jar:?]
	at org.apache.hadoop.ozone.protocolPB.OzoneManagerRequestHandler.handleReadRequest(OzoneManagerRequestHandler.java:217) ~[ozone-manager-1.3.0-SNAPSHOT.jar:?]
	at org.apache.hadoop.ozone.protocolPB.OzoneManagerProtocolServerSideTranslatorPB.submitReadRequestToOM(OzoneManagerProtocolServerSideTranslatorPB.java:226) ~[ozone-manager-1.3.0-SNAPSHOT.jar:?]
	at org.apache.hadoop.ozone.protocolPB.OzoneManagerProtocolServerSideTranslatorPB.processRequest(OzoneManagerProtocolServerSideTranslatorPB.java:175) ~[ozone-manager-1.3.0-SNAPSHOT.jar:?]
	at org.apache.hadoop.hdds.server.OzoneProtocolMessageDispatcher.processRequest(OzoneProtocolMessageDispatcher.java:87) [hdds-server-framework-1.3.0-SNAPSHOT.jar:?]
	at org.apache.hadoop.ozone.protocolPB.OzoneManagerProtocolServerSideTranslatorPB.submitRequest(OzoneManagerProtocolServerSideTranslatorPB.java:147) [ozone-manager-1.3.0-SNAPSHOT.jar:?]
	at org.apache.hadoop.ozone.protocol.proto.OzoneManagerProtocolProtos$OzoneManagerService$2.callBlockingMethod(OzoneManagerProtocolProtos.java) [ozone-interface-client-1.3.0-SNAPSHOT.jar:?]
	at org.apache.hadoop.ipc.ProtobufRpcEngine$Server.processCall(ProtobufRpcEngine.java:466) [hadoop-common-3.3.1.jar:?]
	at org.apache.hadoop.ipc.ProtobufRpcEngine2$Server$ProtoBufRpcInvoker.call(ProtobufRpcEngine2.java:574) [hadoop-common-3.3.1.jar:?]
	at org.apache.hadoop.ipc.ProtobufRpcEngine2$Server$ProtoBufRpcInvoker.call(ProtobufRpcEngine2.java:552) [hadoop-common-3.3.1.jar:?]
	at org.apache.hadoop.ipc.RPC$Server.call(RPC.java:1093) [hadoop-common-3.3.1.jar:?]
	at org.apache.hadoop.ipc.Server$RpcCall.run(Server.java:1035) [hadoop-common-3.3.1.jar:?]
	at org.apache.hadoop.ipc.Server$RpcCall.run(Server.java:963) [hadoop-common-3.3.1.jar:?]
	at java.security.AccessController.doPrivileged(Native Method) ~[?:1.8.0_332]
	at javax.security.auth.Subject.doAs(Subject.java:422) [?:1.8.0_332]
	at org.apache.hadoop.security.UserGroupInformation.doAs(UserGroupInformation.java:1878) [hadoop-common-3.3.1.jar:?]
	at org.apache.hadoop.ipc.Server$Handler.run(Server.java:2966) [hadoop-common-3.3.1.jar:?]
07:20:01.345 [IPC Server handler 12 on default port 41977] ERROR OMAudit - user=runner | ip=127.0.0.1 | op=GET_FILE_STATUS {volume=7ad33715-8fcd-4268-abdc-980ef0d02a34, bucket=ff82feba-c654-4686-80e1-33f972da230c, key=.Trash/runner, dataSize=0, replicationConfig=null} | ret=FAILURE
org.apache.hadoop.ozone.om.exceptions.OMException: Unable to get file status: volume: 7ad33715-8fcd-4268-abdc-980ef0d02a34 bucket: ff82feba-c654-4686-80e1-33f972da230c key: .Trash/runner
	at org.apache.hadoop.ozone.om.KeyManagerImpl.getOzoneFileStatus(KeyManagerImpl.java:1311) ~[ozone-manager-1.3.0-SNAPSHOT.jar:?]
	at org.apache.hadoop.ozone.om.KeyManagerImpl.getFileStatus(KeyManagerImpl.java:1241) ~[ozone-manager-1.3.0-SNAPSHOT.jar:?]
	at org.apache.hadoop.ozone.om.OzoneManager.getFileStatus(OzoneManager.java:3419) ~[ozone-manager-1.3.0-SNAPSHOT.jar:?]
	at org.apache.hadoop.ozone.protocolPB.OzoneManagerRequestHandler.getOzoneFileStatus(OzoneManagerRequestHandler.java:871) ~[ozone-manager-1.3.0-SNAPSHOT.jar:?]
	at org.apache.hadoop.ozone.protocolPB.OzoneManagerRequestHandler.handleReadRequest(OzoneManagerRequestHandler.java:217) ~[ozone-manager-1.3.0-SNAPSHOT.jar:?]
	at org.apache.hadoop.ozone.protocolPB.OzoneManagerProtocolServerSideTranslatorPB.submitReadRequestToOM(OzoneManagerProtocolServerSideTranslatorPB.java:226) ~[ozone-manager-1.3.0-SNAPSHOT.jar:?]
	at org.apache.hadoop.ozone.protocolPB.OzoneManagerProtocolServerSideTranslatorPB.processRequest(OzoneManagerProtocolServerSideTranslatorPB.java:175) ~[ozone-manager-1.3.0-SNAPSHOT.jar:?]
	at org.apache.hadoop.hdds.server.OzoneProtocolMessageDispatcher.processRequest(OzoneProtocolMessageDispatcher.java:87) [hdds-server-framework-1.3.0-SNAPSHOT.jar:?]
	at org.apache.hadoop.ozone.protocolPB.OzoneManagerProtocolServerSideTranslatorPB.submitRequest(OzoneManagerProtocolServerSideTranslatorPB.java:147) [ozone-manager-1.3.0-SNAPSHOT.jar:?]
	at org.apache.hadoop.ozone.protocol.proto.OzoneManagerProtocolProtos$OzoneManagerService$2.callBlockingMethod(OzoneManagerProtocolProtos.java) [ozone-interface-client-1.3.0-SNAPSHOT.jar:?]
	at org.apache.hadoop.ipc.ProtobufRpcEngine$Server.processCall(ProtobufRpcEngine.java:466) [hadoop-common-3.3.1.jar:?]
	at org.apache.hadoop.ipc.ProtobufRpcEngine2$Server$ProtoBufRpcInvoker.call(ProtobufRpcEngine2.java:574) [hadoop-common-3.3.1.jar:?]
	at org.apache.hadoop.ipc.ProtobufRpcEngine2$Server$ProtoBufRpcInvoker.call(ProtobufRpcEngine2.java:552) [hadoop-common-3.3.1.jar:?]
	at org.apache.hadoop.ipc.RPC$Server.call(RPC.java:1093) [hadoop-common-3.3.1.jar:?]
	at org.apache.hadoop.ipc.Server$RpcCall.run(Server.java:1035) [hadoop-common-3.3.1.jar:?]
	at org.apache.hadoop.ipc.Server$RpcCall.run(Server.java:963) [hadoop-common-3.3.1.jar:?]
	at java.security.AccessController.doPrivileged(Native Method) ~[?:1.8.0_332]
	at javax.security.auth.Subject.doAs(Subject.java:422) [?:1.8.0_332]
	at org.apache.hadoop.security.UserGroupInformation.doAs(UserGroupInformation.java:1878) [hadoop-common-3.3.1.jar:?]
	at org.apache.hadoop.ipc.Server$Handler.run(Server.java:2966) [hadoop-common-3.3.1.jar:?]
07:20:01.364 [IPC Server handler 5 on default port 41977] ERROR OMAudit - user=runner | ip=127.0.0.1 | op=GET_FILE_STATUS {volume=7ad33715-8fcd-4268-abdc-980ef0d02a34, bucket=ff82feba-c654-4686-80e1-33f972da230c, key=.Trash, dataSize=0, replicationConfig=null} | ret=FAILURE
org.apache.hadoop.ozone.om.exceptions.OMException: Unable to get file status: volume: 7ad33715-8fcd-4268-abdc-980ef0d02a34 bucket: ff82feba-c654-4686-80e1-33f972da230c key: .Trash
	at org.apache.hadoop.ozone.om.KeyManagerImpl.getOzoneFileStatus(KeyManagerImpl.java:1311) ~[ozone-manager-1.3.0-SNAPSHOT.jar:?]
	at org.apache.hadoop.ozone.om.KeyManagerImpl.getFileStatus(KeyManagerImpl.java:1241) ~[ozone-manager-1.3.0-SNAPSHOT.jar:?]
	at org.apache.hadoop.ozone.om.OzoneManager.getFileStatus(OzoneManager.java:3419) ~[ozone-manager-1.3.0-SNAPSHOT.jar:?]
	at org.apache.hadoop.ozone.protocolPB.OzoneManagerRequestHandler.getOzoneFileStatus(OzoneManagerRequestHandler.java:871) ~[ozone-manager-1.3.0-SNAPSHOT.jar:?]
	at org.apache.hadoop.ozone.protocolPB.OzoneManagerRequestHandler.handleReadRequest(OzoneManagerRequestHandler.java:217) ~[ozone-manager-1.3.0-SNAPSHOT.jar:?]
	at org.apache.hadoop.ozone.protocolPB.OzoneManagerProtocolServerSideTranslatorPB.submitReadRequestToOM(OzoneManagerProtocolServerSideTranslatorPB.java:226) ~[ozone-manager-1.3.0-SNAPSHOT.jar:?]
	at org.apache.hadoop.ozone.protocolPB.OzoneManagerProtocolServerSideTranslatorPB.processRequest(OzoneManagerProtocolServerSideTranslatorPB.java:175) ~[ozone-manager-1.3.0-SNAPSHOT.jar:?]
	at org.apache.hadoop.hdds.server.OzoneProtocolMessageDispatcher.processRequest(OzoneProtocolMessageDispatcher.java:87) [hdds-server-framework-1.3.0-SNAPSHOT.jar:?]
	at org.apache.hadoop.ozone.protocolPB.OzoneManagerProtocolServerSideTranslatorPB.submitRequest(OzoneManagerProtocolServerSideTranslatorPB.java:147) [ozone-manager-1.3.0-SNAPSHOT.jar:?]
	at org.apache.hadoop.ozone.protocol.proto.OzoneManagerProtocolProtos$OzoneManagerService$2.callBlockingMethod(OzoneManagerProtocolProtos.java) [ozone-interface-client-1.3.0-SNAPSHOT.jar:?]
	at org.apache.hadoop.ipc.ProtobufRpcEngine$Server.processCall(ProtobufRpcEngine.java:466) [hadoop-common-3.3.1.jar:?]
	at org.apache.hadoop.ipc.ProtobufRpcEngine2$Server$ProtoBufRpcInvoker.call(ProtobufRpcEngine2.java:574) [hadoop-common-3.3.1.jar:?]
	at org.apache.hadoop.ipc.ProtobufRpcEngine2$Server$ProtoBufRpcInvoker.call(ProtobufRpcEngine2.java:552) [hadoop-common-3.3.1.jar:?]
	at org.apache.hadoop.ipc.RPC$Server.call(RPC.java:1093) [hadoop-common-3.3.1.jar:?]
	at org.apache.hadoop.ipc.Server$RpcCall.run(Server.java:1035) [hadoop-common-3.3.1.jar:?]
	at org.apache.hadoop.ipc.Server$RpcCall.run(Server.java:963) [hadoop-common-3.3.1.jar:?]
	at java.security.AccessController.doPrivileged(Native Method) ~[?:1.8.0_332]
	at javax.security.auth.Subject.doAs(Subject.java:422) [?:1.8.0_332]
	at org.apache.hadoop.security.UserGroupInformation.doAs(UserGroupInformation.java:1878) [hadoop-common-3.3.1.jar:?]
	at org.apache.hadoop.ipc.Server$Handler.run(Server.java:2966) [hadoop-common-3.3.1.jar:?]
2022-07-02 07:20:01,378 [Time-limited test] INFO  rpc.RpcClient (RpcClient.java:createBucket(669)) - Creating Bucket: volume93803/trashroottest2, with bucket layout LEGACY, runner as owner, Versioning false, Storage Type set to DISK and Encryption set to false 
2022-07-02 07:20:01,380 [OM StateMachine ApplyTransaction Thread - 0] INFO  bucket.OMBucketCreateRequest (OMBucketCreateRequest.java:validateAndUpdateCache(260)) - created bucket: trashroottest2 of layout LEGACY in volume: volume93803
07:20:01.441 [IPC Server handler 9 on default port 41977] ERROR OMAudit - user=runner | ip=127.0.0.1 | op=GET_FILE_STATUS {volume=7ad33715-8fcd-4268-abdc-980ef0d02a34, bucket=ff82feba-c654-4686-80e1-33f972da230c, key=.Trash/runner, dataSize=0, replicationConfig=null} | ret=FAILURE
org.apache.hadoop.ozone.om.exceptions.OMException: Unable to get file status: volume: 7ad33715-8fcd-4268-abdc-980ef0d02a34 bucket: ff82feba-c654-4686-80e1-33f972da230c key: .Trash/runner
	at org.apache.hadoop.ozone.om.KeyManagerImpl.getOzoneFileStatus(KeyManagerImpl.java:1311) ~[ozone-manager-1.3.0-SNAPSHOT.jar:?]
	at org.apache.hadoop.ozone.om.KeyManagerImpl.getFileStatus(KeyManagerImpl.java:1241) ~[ozone-manager-1.3.0-SNAPSHOT.jar:?]
	at org.apache.hadoop.ozone.om.OzoneManager.getFileStatus(OzoneManager.java:3419) ~[ozone-manager-1.3.0-SNAPSHOT.jar:?]
	at org.apache.hadoop.ozone.protocolPB.OzoneManagerRequestHandler.getOzoneFileStatus(OzoneManagerRequestHandler.java:871) ~[ozone-manager-1.3.0-SNAPSHOT.jar:?]
	at org.apache.hadoop.ozone.protocolPB.OzoneManagerRequestHandler.handleReadRequest(OzoneManagerRequestHandler.java:217) ~[ozone-manager-1.3.0-SNAPSHOT.jar:?]
	at org.apache.hadoop.ozone.protocolPB.OzoneManagerProtocolServerSideTranslatorPB.submitReadRequestToOM(OzoneManagerProtocolServerSideTranslatorPB.java:226) ~[ozone-manager-1.3.0-SNAPSHOT.jar:?]
	at org.apache.hadoop.ozone.protocolPB.OzoneManagerProtocolServerSideTranslatorPB.processRequest(OzoneManagerProtocolServerSideTranslatorPB.java:175) ~[ozone-manager-1.3.0-SNAPSHOT.jar:?]
	at org.apache.hadoop.hdds.server.OzoneProtocolMessageDispatcher.processRequest(OzoneProtocolMessageDispatcher.java:87) [hdds-server-framework-1.3.0-SNAPSHOT.jar:?]
	at org.apache.hadoop.ozone.protocolPB.OzoneManagerProtocolServerSideTranslatorPB.submitRequest(OzoneManagerProtocolServerSideTranslatorPB.java:147) [ozone-manager-1.3.0-SNAPSHOT.jar:?]
	at org.apache.hadoop.ozone.protocol.proto.OzoneManagerProtocolProtos$OzoneManagerService$2.callBlockingMethod(OzoneManagerProtocolProtos.java) [ozone-interface-client-1.3.0-SNAPSHOT.jar:?]
	at org.apache.hadoop.ipc.ProtobufRpcEngine$Server.processCall(ProtobufRpcEngine.java:466) [hadoop-common-3.3.1.jar:?]
	at org.apache.hadoop.ipc.ProtobufRpcEngine2$Server$ProtoBufRpcInvoker.call(ProtobufRpcEngine2.java:574) [hadoop-common-3.3.1.jar:?]
	at org.apache.hadoop.ipc.ProtobufRpcEngine2$Server$ProtoBufRpcInvoker.call(ProtobufRpcEngine2.java:552) [hadoop-common-3.3.1.jar:?]
	at org.apache.hadoop.ipc.RPC$Server.call(RPC.java:1093) [hadoop-common-3.3.1.jar:?]
	at org.apache.hadoop.ipc.Server$RpcCall.run(Server.java:1035) [hadoop-common-3.3.1.jar:?]
	at org.apache.hadoop.ipc.Server$RpcCall.run(Server.java:963) [hadoop-common-3.3.1.jar:?]
	at java.security.AccessController.doPrivileged(Native Method) ~[?:1.8.0_332]
	at javax.security.auth.Subject.doAs(Subject.java:422) [?:1.8.0_332]
	at org.apache.hadoop.security.UserGroupInformation.doAs(UserGroupInformation.java:1878) [hadoop-common-3.3.1.jar:?]
	at org.apache.hadoop.ipc.Server$Handler.run(Server.java:2966) [hadoop-common-3.3.1.jar:?]
07:20:01.468 [IPC Server handler 5 on default port 41977] ERROR OMAudit - user=runner | ip=127.0.0.1 | op=GET_FILE_STATUS {volume=7ad33715-8fcd-4268-abdc-980ef0d02a34, bucket=ff82feba-c654-4686-80e1-33f972da230c, key=.Trash, dataSize=0, replicationConfig=null} | ret=FAILURE
org.apache.hadoop.ozone.om.exceptions.OMException: Unable to get file status: volume: 7ad33715-8fcd-4268-abdc-980ef0d02a34 bucket: ff82feba-c654-4686-80e1-33f972da230c key: .Trash
	at org.apache.hadoop.ozone.om.KeyManagerImpl.getOzoneFileStatus(KeyManagerImpl.java:1311) ~[ozone-manager-1.3.0-SNAPSHOT.jar:?]
	at org.apache.hadoop.ozone.om.KeyManagerImpl.getFileStatus(KeyManagerImpl.java:1241) ~[ozone-manager-1.3.0-SNAPSHOT.jar:?]
	at org.apache.hadoop.ozone.om.OzoneManager.getFileStatus(OzoneManager.java:3419) ~[ozone-manager-1.3.0-SNAPSHOT.jar:?]
	at org.apache.hadoop.ozone.protocolPB.OzoneManagerRequestHandler.getOzoneFileStatus(OzoneManagerRequestHandler.java:871) ~[ozone-manager-1.3.0-SNAPSHOT.jar:?]
	at org.apache.hadoop.ozone.protocolPB.OzoneManagerRequestHandler.handleReadRequest(OzoneManagerRequestHandler.java:217) ~[ozone-manager-1.3.0-SNAPSHOT.jar:?]
	at org.apache.hadoop.ozone.protocolPB.OzoneManagerProtocolServerSideTranslatorPB.submitReadRequestToOM(OzoneManagerProtocolServerSideTranslatorPB.java:226) ~[ozone-manager-1.3.0-SNAPSHOT.jar:?]
	at org.apache.hadoop.ozone.protocolPB.OzoneManagerProtocolServerSideTranslatorPB.processRequest(OzoneManagerProtocolServerSideTranslatorPB.java:175) ~[ozone-manager-1.3.0-SNAPSHOT.jar:?]
	at org.apache.hadoop.hdds.server.OzoneProtocolMessageDispatcher.processRequest(OzoneProtocolMessageDispatcher.java:87) [hdds-server-framework-1.3.0-SNAPSHOT.jar:?]
	at org.apache.hadoop.ozone.protocolPB.OzoneManagerProtocolServerSideTranslatorPB.submitRequest(OzoneManagerProtocolServerSideTranslatorPB.java:147) [ozone-manager-1.3.0-SNAPSHOT.jar:?]
	at org.apache.hadoop.ozone.protocol.proto.OzoneManagerProtocolProtos$OzoneManagerService$2.callBlockingMethod(OzoneManagerProtocolProtos.java) [ozone-interface-client-1.3.0-SNAPSHOT.jar:?]
	at org.apache.hadoop.ipc.ProtobufRpcEngine$Server.processCall(ProtobufRpcEngine.java:466) [hadoop-common-3.3.1.jar:?]
	at org.apache.hadoop.ipc.ProtobufRpcEngine2$Server$ProtoBufRpcInvoker.call(ProtobufRpcEngine2.java:574) [hadoop-common-3.3.1.jar:?]
	at org.apache.hadoop.ipc.ProtobufRpcEngine2$Server$ProtoBufRpcInvoker.call(ProtobufRpcEngine2.java:552) [hadoop-common-3.3.1.jar:?]
	at org.apache.hadoop.ipc.RPC$Server.call(RPC.java:1093) [hadoop-common-3.3.1.jar:?]
	at org.apache.hadoop.ipc.Server$RpcCall.run(Server.java:1035) [hadoop-common-3.3.1.jar:?]
	at org.apache.hadoop.ipc.Server$RpcCall.run(Server.java:963) [hadoop-common-3.3.1.jar:?]
	at java.security.AccessController.doPrivileged(Native Method) ~[?:1.8.0_332]
	at javax.security.auth.Subject.doAs(Subject.java:422) [?:1.8.0_332]
	at org.apache.hadoop.security.UserGroupInformation.doAs(UserGroupInformation.java:1878) [hadoop-common-3.3.1.jar:?]
	at org.apache.hadoop.ipc.Server$Handler.run(Server.java:2966) [hadoop-common-3.3.1.jar:?]
07:20:01.514 [IPC Server handler 18 on default port 41977] ERROR OMAudit - user=runner | ip=127.0.0.1 | op=GET_FILE_STATUS {volume=7ad33715-8fcd-4268-abdc-980ef0d02a34, bucket=ff82feba-c654-4686-80e1-33f972da230c, key=.Trash/runner, dataSize=0, replicationConfig=null} | ret=FAILURE
org.apache.hadoop.ozone.om.exceptions.OMException: Unable to get file status: volume: 7ad33715-8fcd-4268-abdc-980ef0d02a34 bucket: ff82feba-c654-4686-80e1-33f972da230c key: .Trash/runner
	at org.apache.hadoop.ozone.om.KeyManagerImpl.getOzoneFileStatus(KeyManagerImpl.java:1311) ~[ozone-manager-1.3.0-SNAPSHOT.jar:?]
	at org.apache.hadoop.ozone.om.KeyManagerImpl.getFileStatus(KeyManagerImpl.java:1241) ~[ozone-manager-1.3.0-SNAPSHOT.jar:?]
	at org.apache.hadoop.ozone.om.OzoneManager.getFileStatus(OzoneManager.java:3419) ~[ozone-manager-1.3.0-SNAPSHOT.jar:?]
	at org.apache.hadoop.ozone.protocolPB.OzoneManagerRequestHandler.getOzoneFileStatus(OzoneManagerRequestHandler.java:871) ~[ozone-manager-1.3.0-SNAPSHOT.jar:?]
	at org.apache.hadoop.ozone.protocolPB.OzoneManagerRequestHandler.handleReadRequest(OzoneManagerRequestHandler.java:217) ~[ozone-manager-1.3.0-SNAPSHOT.jar:?]
	at org.apache.hadoop.ozone.protocolPB.OzoneManagerProtocolServerSideTranslatorPB.submitReadRequestToOM(OzoneManagerProtocolServerSideTranslatorPB.java:226) ~[ozone-manager-1.3.0-SNAPSHOT.jar:?]
	at org.apache.hadoop.ozone.protocolPB.OzoneManagerProtocolServerSideTranslatorPB.processRequest(OzoneManagerProtocolServerSideTranslatorPB.java:175) ~[ozone-manager-1.3.0-SNAPSHOT.jar:?]
	at org.apache.hadoop.hdds.server.OzoneProtocolMessageDispatcher.processRequest(OzoneProtocolMessageDispatcher.java:87) [hdds-server-framework-1.3.0-SNAPSHOT.jar:?]
	at org.apache.hadoop.ozone.protocolPB.OzoneManagerProtocolServerSideTranslatorPB.submitRequest(OzoneManagerProtocolServerSideTranslatorPB.java:147) [ozone-manager-1.3.0-SNAPSHOT.jar:?]
	at org.apache.hadoop.ozone.protocol.proto.OzoneManagerProtocolProtos$OzoneManagerService$2.callBlockingMethod(OzoneManagerProtocolProtos.java) [ozone-interface-client-1.3.0-SNAPSHOT.jar:?]
	at org.apache.hadoop.ipc.ProtobufRpcEngine$Server.processCall(ProtobufRpcEngine.java:466) [hadoop-common-3.3.1.jar:?]
	at org.apache.hadoop.ipc.ProtobufRpcEngine2$Server$ProtoBufRpcInvoker.call(ProtobufRpcEngine2.java:574) [hadoop-common-3.3.1.jar:?]
	at org.apache.hadoop.ipc.ProtobufRpcEngine2$Server$ProtoBufRpcInvoker.call(ProtobufRpcEngine2.java:552) [hadoop-common-3.3.1.jar:?]
	at org.apache.hadoop.ipc.RPC$Server.call(RPC.java:1093) [hadoop-common-3.3.1.jar:?]
	at org.apache.hadoop.ipc.Server$RpcCall.run(Server.java:1035) [hadoop-common-3.3.1.jar:?]
	at org.apache.hadoop.ipc.Server$RpcCall.run(Server.java:963) [hadoop-common-3.3.1.jar:?]
	at java.security.AccessController.doPrivileged(Native Method) ~[?:1.8.0_332]
	at javax.security.auth.Subject.doAs(Subject.java:422) [?:1.8.0_332]
	at org.apache.hadoop.security.UserGroupInformation.doAs(UserGroupInformation.java:1878) [hadoop-common-3.3.1.jar:?]
	at org.apache.hadoop.ipc.Server$Handler.run(Server.java:2966) [hadoop-common-3.3.1.jar:?]
07:20:01.533 [IPC Server handler 14 on default port 41977] ERROR OMAudit - user=runner | ip=127.0.0.1 | op=GET_FILE_STATUS {volume=7ad33715-8fcd-4268-abdc-980ef0d02a34, bucket=ff82feba-c654-4686-80e1-33f972da230c, key=.Trash, dataSize=0, replicationConfig=null} | ret=FAILURE
org.apache.hadoop.ozone.om.exceptions.OMException: Unable to get file status: volume: 7ad33715-8fcd-4268-abdc-980ef0d02a34 bucket: ff82feba-c654-4686-80e1-33f972da230c key: .Trash
	at org.apache.hadoop.ozone.om.KeyManagerImpl.getOzoneFileStatus(KeyManagerImpl.java:1311) ~[ozone-manager-1.3.0-SNAPSHOT.jar:?]
	at org.apache.hadoop.ozone.om.KeyManagerImpl.getFileStatus(KeyManagerImpl.java:1241) ~[ozone-manager-1.3.0-SNAPSHOT.jar:?]
	at org.apache.hadoop.ozone.om.OzoneManager.getFileStatus(OzoneManager.java:3419) ~[ozone-manager-1.3.0-SNAPSHOT.jar:?]
	at org.apache.hadoop.ozone.protocolPB.OzoneManagerRequestHandler.getOzoneFileStatus(OzoneManagerRequestHandler.java:871) ~[ozone-manager-1.3.0-SNAPSHOT.jar:?]
	at org.apache.hadoop.ozone.protocolPB.OzoneManagerRequestHandler.handleReadRequest(OzoneManagerRequestHandler.java:217) ~[ozone-manager-1.3.0-SNAPSHOT.jar:?]
	at org.apache.hadoop.ozone.protocolPB.OzoneManagerProtocolServerSideTranslatorPB.submitReadRequestToOM(OzoneManagerProtocolServerSideTranslatorPB.java:226) ~[ozone-manager-1.3.0-SNAPSHOT.jar:?]
	at org.apache.hadoop.ozone.protocolPB.OzoneManagerProtocolServerSideTranslatorPB.processRequest(OzoneManagerProtocolServerSideTranslatorPB.java:175) ~[ozone-manager-1.3.0-SNAPSHOT.jar:?]
	at org.apache.hadoop.hdds.server.OzoneProtocolMessageDispatcher.processRequest(OzoneProtocolMessageDispatcher.java:87) [hdds-server-framework-1.3.0-SNAPSHOT.jar:?]
	at org.apache.hadoop.ozone.protocolPB.OzoneManagerProtocolServerSideTranslatorPB.submitRequest(OzoneManagerProtocolServerSideTranslatorPB.java:147) [ozone-manager-1.3.0-SNAPSHOT.jar:?]
	at org.apache.hadoop.ozone.protocol.proto.OzoneManagerProtocolProtos$OzoneManagerService$2.callBlockingMethod(OzoneManagerProtocolProtos.java) [ozone-interface-client-1.3.0-SNAPSHOT.jar:?]
	at org.apache.hadoop.ipc.ProtobufRpcEngine$Server.processCall(ProtobufRpcEngine.java:466) [hadoop-common-3.3.1.jar:?]
	at org.apache.hadoop.ipc.ProtobufRpcEngine2$Server$ProtoBufRpcInvoker.call(ProtobufRpcEngine2.java:574) [hadoop-common-3.3.1.jar:?]
	at org.apache.hadoop.ipc.ProtobufRpcEngine2$Server$ProtoBufRpcInvoker.call(ProtobufRpcEngine2.java:552) [hadoop-common-3.3.1.jar:?]
	at org.apache.hadoop.ipc.RPC$Server.call(RPC.java:1093) [hadoop-common-3.3.1.jar:?]
	at org.apache.hadoop.ipc.Server$RpcCall.run(Server.java:1035) [hadoop-common-3.3.1.jar:?]
	at org.apache.hadoop.ipc.Server$RpcCall.run(Server.java:963) [hadoop-common-3.3.1.jar:?]
	at java.security.AccessController.doPrivileged(Native Method) ~[?:1.8.0_332]
	at javax.security.auth.Subject.doAs(Subject.java:422) [?:1.8.0_332]
	at org.apache.hadoop.security.UserGroupInformation.doAs(UserGroupInformation.java:1878) [hadoop-common-3.3.1.jar:?]
	at org.apache.hadoop.ipc.Server$Handler.run(Server.java:2966) [hadoop-common-3.3.1.jar:?]
2022-07-02 07:20:01,580 [Time-limited test] INFO  rpc.RpcClient (RpcClient.java:createVolume(466)) - Creating Volume: volume86107, with user50710 as owner and space quota set to -1 bytes, counts quota set to -1
2022-07-02 07:20:01,583 [OM StateMachine ApplyTransaction Thread - 0] INFO  volume.OMVolumeCreateRequest (OMVolumeCreateRequest.java:validateAndUpdateCache(195)) - created volume:volume86107 for user:user50710
2022-07-02 07:20:01,586 [Time-limited test] INFO  rpc.RpcClient (RpcClient.java:createBucket(669)) - Creating Bucket: volume86107/bucket56624, with bucket layout LEGACY, runner as owner, Versioning false, Storage Type set to DISK and Encryption set to false 
2022-07-02 07:20:01,591 [OM StateMachine ApplyTransaction Thread - 0] INFO  bucket.OMBucketCreateRequest (OMBucketCreateRequest.java:validateAndUpdateCache(260)) - created bucket: bucket56624 of layout LEGACY in volume: volume86107
07:20:01.603 [IPC Server handler 8 on default port 41977] ERROR OMAudit - user=runner | ip=127.0.0.1 | op=GET_FILE_STATUS {volume=7ad33715-8fcd-4268-abdc-980ef0d02a34, bucket=ff82feba-c654-4686-80e1-33f972da230c, key=.Trash/runner, dataSize=0, replicationConfig=null} | ret=FAILURE
org.apache.hadoop.ozone.om.exceptions.OMException: Unable to get file status: volume: 7ad33715-8fcd-4268-abdc-980ef0d02a34 bucket: ff82feba-c654-4686-80e1-33f972da230c key: .Trash/runner
	at org.apache.hadoop.ozone.om.KeyManagerImpl.getOzoneFileStatus(KeyManagerImpl.java:1311) ~[ozone-manager-1.3.0-SNAPSHOT.jar:?]
	at org.apache.hadoop.ozone.om.KeyManagerImpl.getFileStatus(KeyManagerImpl.java:1241) ~[ozone-manager-1.3.0-SNAPSHOT.jar:?]
	at org.apache.hadoop.ozone.om.OzoneManager.getFileStatus(OzoneManager.java:3419) ~[ozone-manager-1.3.0-SNAPSHOT.jar:?]
	at org.apache.hadoop.ozone.protocolPB.OzoneManagerRequestHandler.getOzoneFileStatus(OzoneManagerRequestHandler.java:871) ~[ozone-manager-1.3.0-SNAPSHOT.jar:?]
	at org.apache.hadoop.ozone.protocolPB.OzoneManagerRequestHandler.handleReadRequest(OzoneManagerRequestHandler.java:217) ~[ozone-manager-1.3.0-SNAPSHOT.jar:?]
	at org.apache.hadoop.ozone.protocolPB.OzoneManagerProtocolServerSideTranslatorPB.submitReadRequestToOM(OzoneManagerProtocolServerSideTranslatorPB.java:226) ~[ozone-manager-1.3.0-SNAPSHOT.jar:?]
	at org.apache.hadoop.ozone.protocolPB.OzoneManagerProtocolServerSideTranslatorPB.processRequest(OzoneManagerProtocolServerSideTranslatorPB.java:175) ~[ozone-manager-1.3.0-SNAPSHOT.jar:?]
	at org.apache.hadoop.hdds.server.OzoneProtocolMessageDispatcher.processRequest(OzoneProtocolMessageDispatcher.java:87) [hdds-server-framework-1.3.0-SNAPSHOT.jar:?]
	at org.apache.hadoop.ozone.protocolPB.OzoneManagerProtocolServerSideTranslatorPB.submitRequest(OzoneManagerProtocolServerSideTranslatorPB.java:147) [ozone-manager-1.3.0-SNAPSHOT.jar:?]
	at org.apache.hadoop.ozone.protocol.proto.OzoneManagerProtocolProtos$OzoneManagerService$2.callBlockingMethod(OzoneManagerProtocolProtos.java) [ozone-interface-client-1.3.0-SNAPSHOT.jar:?]
	at org.apache.hadoop.ipc.ProtobufRpcEngine$Server.processCall(ProtobufRpcEngine.java:466) [hadoop-common-3.3.1.jar:?]
	at org.apache.hadoop.ipc.ProtobufRpcEngine2$Server$ProtoBufRpcInvoker.call(ProtobufRpcEngine2.java:574) [hadoop-common-3.3.1.jar:?]
	at org.apache.hadoop.ipc.ProtobufRpcEngine2$Server$ProtoBufRpcInvoker.call(ProtobufRpcEngine2.java:552) [hadoop-common-3.3.1.jar:?]
	at org.apache.hadoop.ipc.RPC$Server.call(RPC.java:1093) [hadoop-common-3.3.1.jar:?]
	at org.apache.hadoop.ipc.Server$RpcCall.run(Server.java:1035) [hadoop-common-3.3.1.jar:?]
	at org.apache.hadoop.ipc.Server$RpcCall.run(Server.java:963) [hadoop-common-3.3.1.jar:?]
	at java.security.AccessController.doPrivileged(Native Method) ~[?:1.8.0_332]
	at javax.security.auth.Subject.doAs(Subject.java:422) [?:1.8.0_332]
	at org.apache.hadoop.security.UserGroupInformation.doAs(UserGroupInformation.java:1878) [hadoop-common-3.3.1.jar:?]
	at org.apache.hadoop.ipc.Server$Handler.run(Server.java:2966) [hadoop-common-3.3.1.jar:?]
07:20:01.630 [IPC Server handler 17 on default port 41977] ERROR OMAudit - user=runner | ip=127.0.0.1 | op=GET_FILE_STATUS {volume=7ad33715-8fcd-4268-abdc-980ef0d02a34, bucket=ff82feba-c654-4686-80e1-33f972da230c, key=.Trash, dataSize=0, replicationConfig=null} | ret=FAILURE
org.apache.hadoop.ozone.om.exceptions.OMException: Unable to get file status: volume: 7ad33715-8fcd-4268-abdc-980ef0d02a34 bucket: ff82feba-c654-4686-80e1-33f972da230c key: .Trash
	at org.apache.hadoop.ozone.om.KeyManagerImpl.getOzoneFileStatus(KeyManagerImpl.java:1311) ~[ozone-manager-1.3.0-SNAPSHOT.jar:?]
	at org.apache.hadoop.ozone.om.KeyManagerImpl.getFileStatus(KeyManagerImpl.java:1241) ~[ozone-manager-1.3.0-SNAPSHOT.jar:?]
	at org.apache.hadoop.ozone.om.OzoneManager.getFileStatus(OzoneManager.java:3419) ~[ozone-manager-1.3.0-SNAPSHOT.jar:?]
	at org.apache.hadoop.ozone.protocolPB.OzoneManagerRequestHandler.getOzoneFileStatus(OzoneManagerRequestHandler.java:871) ~[ozone-manager-1.3.0-SNAPSHOT.jar:?]
	at org.apache.hadoop.ozone.protocolPB.OzoneManagerRequestHandler.handleReadRequest(OzoneManagerRequestHandler.java:217) ~[ozone-manager-1.3.0-SNAPSHOT.jar:?]
	at org.apache.hadoop.ozone.protocolPB.OzoneManagerProtocolServerSideTranslatorPB.submitReadRequestToOM(OzoneManagerProtocolServerSideTranslatorPB.java:226) ~[ozone-manager-1.3.0-SNAPSHOT.jar:?]
	at org.apache.hadoop.ozone.protocolPB.OzoneManagerProtocolServerSideTranslatorPB.processRequest(OzoneManagerProtocolServerSideTranslatorPB.java:175) ~[ozone-manager-1.3.0-SNAPSHOT.jar:?]
	at org.apache.hadoop.hdds.server.OzoneProtocolMessageDispatcher.processRequest(OzoneProtocolMessageDispatcher.java:87) [hdds-server-framework-1.3.0-SNAPSHOT.jar:?]
	at org.apache.hadoop.ozone.protocolPB.OzoneManagerProtocolServerSideTranslatorPB.submitRequest(OzoneManagerProtocolServerSideTranslatorPB.java:147) [ozone-manager-1.3.0-SNAPSHOT.jar:?]
	at org.apache.hadoop.ozone.protocol.proto.OzoneManagerProtocolProtos$OzoneManagerService$2.callBlockingMethod(OzoneManagerProtocolProtos.java) [ozone-interface-client-1.3.0-SNAPSHOT.jar:?]
	at org.apache.hadoop.ipc.ProtobufRpcEngine$Server.processCall(ProtobufRpcEngine.java:466) [hadoop-common-3.3.1.jar:?]
	at org.apache.hadoop.ipc.ProtobufRpcEngine2$Server$ProtoBufRpcInvoker.call(ProtobufRpcEngine2.java:574) [hadoop-common-3.3.1.jar:?]
	at org.apache.hadoop.ipc.ProtobufRpcEngine2$Server$ProtoBufRpcInvoker.call(ProtobufRpcEngine2.java:552) [hadoop-common-3.3.1.jar:?]
	at org.apache.hadoop.ipc.RPC$Server.call(RPC.java:1093) [hadoop-common-3.3.1.jar:?]
	at org.apache.hadoop.ipc.Server$RpcCall.run(Server.java:1035) [hadoop-common-3.3.1.jar:?]
	at org.apache.hadoop.ipc.Server$RpcCall.run(Server.java:963) [hadoop-common-3.3.1.jar:?]
	at java.security.AccessController.doPrivileged(Native Method) ~[?:1.8.0_332]
	at javax.security.auth.Subject.doAs(Subject.java:422) [?:1.8.0_332]
	at org.apache.hadoop.security.UserGroupInformation.doAs(UserGroupInformation.java:1878) [hadoop-common-3.3.1.jar:?]
	at org.apache.hadoop.ipc.Server$Handler.run(Server.java:2966) [hadoop-common-3.3.1.jar:?]
07:20:01.665 [IPC Server handler 13 on default port 41977] ERROR OMAudit - user=runner | ip=127.0.0.1 | op=GET_FILE_STATUS {volume=7ad33715-8fcd-4268-abdc-980ef0d02a34, bucket=ff82feba-c654-4686-80e1-33f972da230c, key=.Trash/runner, dataSize=0, replicationConfig=null} | ret=FAILURE
org.apache.hadoop.ozone.om.exceptions.OMException: Unable to get file status: volume: 7ad33715-8fcd-4268-abdc-980ef0d02a34 bucket: ff82feba-c654-4686-80e1-33f972da230c key: .Trash/runner
	at org.apache.hadoop.ozone.om.KeyManagerImpl.getOzoneFileStatus(KeyManagerImpl.java:1311) ~[ozone-manager-1.3.0-SNAPSHOT.jar:?]
	at org.apache.hadoop.ozone.om.KeyManagerImpl.getFileStatus(KeyManagerImpl.java:1241) ~[ozone-manager-1.3.0-SNAPSHOT.jar:?]
	at org.apache.hadoop.ozone.om.OzoneManager.getFileStatus(OzoneManager.java:3419) ~[ozone-manager-1.3.0-SNAPSHOT.jar:?]
	at org.apache.hadoop.ozone.protocolPB.OzoneManagerRequestHandler.getOzoneFileStatus(OzoneManagerRequestHandler.java:871) ~[ozone-manager-1.3.0-SNAPSHOT.jar:?]
	at org.apache.hadoop.ozone.protocolPB.OzoneManagerRequestHandler.handleReadRequest(OzoneManagerRequestHandler.java:217) ~[ozone-manager-1.3.0-SNAPSHOT.jar:?]
	at org.apache.hadoop.ozone.protocolPB.OzoneManagerProtocolServerSideTranslatorPB.submitReadRequestToOM(OzoneManagerProtocolServerSideTranslatorPB.java:226) ~[ozone-manager-1.3.0-SNAPSHOT.jar:?]
	at org.apache.hadoop.ozone.protocolPB.OzoneManagerProtocolServerSideTranslatorPB.processRequest(OzoneManagerProtocolServerSideTranslatorPB.java:175) ~[ozone-manager-1.3.0-SNAPSHOT.jar:?]
	at org.apache.hadoop.hdds.server.OzoneProtocolMessageDispatcher.processRequest(OzoneProtocolMessageDispatcher.java:87) [hdds-server-framework-1.3.0-SNAPSHOT.jar:?]
	at org.apache.hadoop.ozone.protocolPB.OzoneManagerProtocolServerSideTranslatorPB.submitRequest(OzoneManagerProtocolServerSideTranslatorPB.java:147) [ozone-manager-1.3.0-SNAPSHOT.jar:?]
	at org.apache.hadoop.ozone.protocol.proto.OzoneManagerProtocolProtos$OzoneManagerService$2.callBlockingMethod(OzoneManagerProtocolProtos.java) [ozone-interface-client-1.3.0-SNAPSHOT.jar:?]
	at org.apache.hadoop.ipc.ProtobufRpcEngine$Server.processCall(ProtobufRpcEngine.java:466) [hadoop-common-3.3.1.jar:?]
	at org.apache.hadoop.ipc.ProtobufRpcEngine2$Server$ProtoBufRpcInvoker.call(ProtobufRpcEngine2.java:574) [hadoop-common-3.3.1.jar:?]
	at org.apache.hadoop.ipc.ProtobufRpcEngine2$Server$ProtoBufRpcInvoker.call(ProtobufRpcEngine2.java:552) [hadoop-common-3.3.1.jar:?]
	at org.apache.hadoop.ipc.RPC$Server.call(RPC.java:1093) [hadoop-common-3.3.1.jar:?]
	at org.apache.hadoop.ipc.Server$RpcCall.run(Server.java:1035) [hadoop-common-3.3.1.jar:?]
	at org.apache.hadoop.ipc.Server$RpcCall.run(Server.java:963) [hadoop-common-3.3.1.jar:?]
	at java.security.AccessController.doPrivileged(Native Method) ~[?:1.8.0_332]
	at javax.security.auth.Subject.doAs(Subject.java:422) [?:1.8.0_332]
	at org.apache.hadoop.security.UserGroupInformation.doAs(UserGroupInformation.java:1878) [hadoop-common-3.3.1.jar:?]
	at org.apache.hadoop.ipc.Server$Handler.run(Server.java:2966) [hadoop-common-3.3.1.jar:?]
07:20:01.714 [IPC Server handler 0 on default port 41977] ERROR OMAudit - user=runner | ip=127.0.0.1 | op=GET_FILE_STATUS {volume=7ad33715-8fcd-4268-abdc-980ef0d02a34, bucket=ff82feba-c654-4686-80e1-33f972da230c, key=.Trash, dataSize=0, replicationConfig=null} | ret=FAILURE
org.apache.hadoop.ozone.om.exceptions.OMException: Unable to get file status: volume: 7ad33715-8fcd-4268-abdc-980ef0d02a34 bucket: ff82feba-c654-4686-80e1-33f972da230c key: .Trash
	at org.apache.hadoop.ozone.om.KeyManagerImpl.getOzoneFileStatus(KeyManagerImpl.java:1311) ~[ozone-manager-1.3.0-SNAPSHOT.jar:?]
	at org.apache.hadoop.ozone.om.KeyManagerImpl.getFileStatus(KeyManagerImpl.java:1241) ~[ozone-manager-1.3.0-SNAPSHOT.jar:?]
	at org.apache.hadoop.ozone.om.OzoneManager.getFileStatus(OzoneManager.java:3419) ~[ozone-manager-1.3.0-SNAPSHOT.jar:?]
	at org.apache.hadoop.ozone.protocolPB.OzoneManagerRequestHandler.getOzoneFileStatus(OzoneManagerRequestHandler.java:871) ~[ozone-manager-1.3.0-SNAPSHOT.jar:?]
	at org.apache.hadoop.ozone.protocolPB.OzoneManagerRequestHandler.handleReadRequest(OzoneManagerRequestHandler.java:217) ~[ozone-manager-1.3.0-SNAPSHOT.jar:?]
	at org.apache.hadoop.ozone.protocolPB.OzoneManagerProtocolServerSideTranslatorPB.submitReadRequestToOM(OzoneManagerProtocolServerSideTranslatorPB.java:226) ~[ozone-manager-1.3.0-SNAPSHOT.jar:?]
	at org.apache.hadoop.ozone.protocolPB.OzoneManagerProtocolServerSideTranslatorPB.processRequest(OzoneManagerProtocolServerSideTranslatorPB.java:175) ~[ozone-manager-1.3.0-SNAPSHOT.jar:?]
	at org.apache.hadoop.hdds.server.OzoneProtocolMessageDispatcher.processRequest(OzoneProtocolMessageDispatcher.java:87) [hdds-server-framework-1.3.0-SNAPSHOT.jar:?]
	at org.apache.hadoop.ozone.protocolPB.OzoneManagerProtocolServerSideTranslatorPB.submitRequest(OzoneManagerProtocolServerSideTranslatorPB.java:147) [ozone-manager-1.3.0-SNAPSHOT.jar:?]
	at org.apache.hadoop.ozone.protocol.proto.OzoneManagerProtocolProtos$OzoneManagerService$2.callBlockingMethod(OzoneManagerProtocolProtos.java) [ozone-interface-client-1.3.0-SNAPSHOT.jar:?]
	at org.apache.hadoop.ipc.ProtobufRpcEngine$Server.processCall(ProtobufRpcEngine.java:466) [hadoop-common-3.3.1.jar:?]
	at org.apache.hadoop.ipc.ProtobufRpcEngine2$Server$ProtoBufRpcInvoker.call(ProtobufRpcEngine2.java:574) [hadoop-common-3.3.1.jar:?]
	at org.apache.hadoop.ipc.ProtobufRpcEngine2$Server$ProtoBufRpcInvoker.call(ProtobufRpcEngine2.java:552) [hadoop-common-3.3.1.jar:?]
	at org.apache.hadoop.ipc.RPC$Server.call(RPC.java:1093) [hadoop-common-3.3.1.jar:?]
	at org.apache.hadoop.ipc.Server$RpcCall.run(Server.java:1035) [hadoop-common-3.3.1.jar:?]
	at org.apache.hadoop.ipc.Server$RpcCall.run(Server.java:963) [hadoop-common-3.3.1.jar:?]
	at java.security.AccessController.doPrivileged(Native Method) ~[?:1.8.0_332]
	at javax.security.auth.Subject.doAs(Subject.java:422) [?:1.8.0_332]
	at org.apache.hadoop.security.UserGroupInformation.doAs(UserGroupInformation.java:1878) [hadoop-common-3.3.1.jar:?]
	at org.apache.hadoop.ipc.Server$Handler.run(Server.java:2966) [hadoop-common-3.3.1.jar:?]
2022-07-02 07:20:01,759 [419d88b6-03c8-4180-a8b8-c3be8294e19d@group-F47CE1271F7E-FollowerState] INFO  impl.FollowerState (FollowerState.java:run(143)) - 419d88b6-03c8-4180-a8b8-c3be8294e19d@group-F47CE1271F7E-FollowerState: change to CANDIDATE, lastRpcElapsedTime:5097582163ns, electionTimeout:5088ms
2022-07-02 07:20:01,759 [419d88b6-03c8-4180-a8b8-c3be8294e19d@group-F47CE1271F7E-FollowerState] INFO  impl.RoleInfo (RoleInfo.java:shutdownFollowerState(110)) - 419d88b6-03c8-4180-a8b8-c3be8294e19d: shutdown 419d88b6-03c8-4180-a8b8-c3be8294e19d@group-F47CE1271F7E-FollowerState
2022-07-02 07:20:01,759 [419d88b6-03c8-4180-a8b8-c3be8294e19d@group-F47CE1271F7E-FollowerState] INFO  server.RaftServer$Division (RaftServerImpl.java:setRole(299)) - 419d88b6-03c8-4180-a8b8-c3be8294e19d@group-F47CE1271F7E: changes role from  FOLLOWER to CANDIDATE at term 1 for changeToCandidate
2022-07-02 07:20:01,759 [419d88b6-03c8-4180-a8b8-c3be8294e19d@group-F47CE1271F7E-FollowerState] INFO  server.RaftServerConfigKeys (ConfUtils.java:logGet(46)) - raft.server.leaderelection.pre-vote = false (custom)
2022-07-02 07:20:01,759 [419d88b6-03c8-4180-a8b8-c3be8294e19d@group-F47CE1271F7E-FollowerState] INFO  impl.RoleInfo (RoleInfo.java:updateAndGet(139)) - 419d88b6-03c8-4180-a8b8-c3be8294e19d: start 419d88b6-03c8-4180-a8b8-c3be8294e19d@group-F47CE1271F7E-LeaderElection9
2022-07-02 07:20:01,764 [419d88b6-03c8-4180-a8b8-c3be8294e19d@group-F47CE1271F7E-LeaderElection9] INFO  impl.LeaderElection (LeaderElection.java:askForVotes(310)) - 419d88b6-03c8-4180-a8b8-c3be8294e19d@group-F47CE1271F7E-LeaderElection9 ELECTION round 0: submit vote requests at term 2 for -1: [da23fa89-fa7d-4455-a39d-25ada925c5c4|rpc:10.1.0.20:43027|priority:0, 419d88b6-03c8-4180-a8b8-c3be8294e19d|rpc:10.1.0.20:37557|priority:1, 86df6d00-7043-4e9f-8d75-9ddb09551a86|rpc:10.1.0.20:35185|priority:0], old=null
07:20:01.798 [IPC Server handler 5 on default port 41977] ERROR OMAudit - user=runner | ip=127.0.0.1 | op=GET_FILE_STATUS {volume=7ad33715-8fcd-4268-abdc-980ef0d02a34, bucket=ff82feba-c654-4686-80e1-33f972da230c, key=.Trash/runner, dataSize=0, replicationConfig=null} | ret=FAILURE
org.apache.hadoop.ozone.om.exceptions.OMException: Unable to get file status: volume: 7ad33715-8fcd-4268-abdc-980ef0d02a34 bucket: ff82feba-c654-4686-80e1-33f972da230c key: .Trash/runner
	at org.apache.hadoop.ozone.om.KeyManagerImpl.getOzoneFileStatus(KeyManagerImpl.java:1311) ~[ozone-manager-1.3.0-SNAPSHOT.jar:?]
	at org.apache.hadoop.ozone.om.KeyManagerImpl.getFileStatus(KeyManagerImpl.java:1241) ~[ozone-manager-1.3.0-SNAPSHOT.jar:?]
	at org.apache.hadoop.ozone.om.OzoneManager.getFileStatus(OzoneManager.java:3419) ~[ozone-manager-1.3.0-SNAPSHOT.jar:?]
	at org.apache.hadoop.ozone.protocolPB.OzoneManagerRequestHandler.getOzoneFileStatus(OzoneManagerRequestHandler.java:871) ~[ozone-manager-1.3.0-SNAPSHOT.jar:?]
	at org.apache.hadoop.ozone.protocolPB.OzoneManagerRequestHandler.handleReadRequest(OzoneManagerRequestHandler.java:217) ~[ozone-manager-1.3.0-SNAPSHOT.jar:?]
	at org.apache.hadoop.ozone.protocolPB.OzoneManagerProtocolServerSideTranslatorPB.submitReadRequestToOM(OzoneManagerProtocolServerSideTranslatorPB.java:226) ~[ozone-manager-1.3.0-SNAPSHOT.jar:?]
	at org.apache.hadoop.ozone.protocolPB.OzoneManagerProtocolServerSideTranslatorPB.processRequest(OzoneManagerProtocolServerSideTranslatorPB.java:175) ~[ozone-manager-1.3.0-SNAPSHOT.jar:?]
	at org.apache.hadoop.hdds.server.OzoneProtocolMessageDispatcher.processRequest(OzoneProtocolMessageDispatcher.java:87) [hdds-server-framework-1.3.0-SNAPSHOT.jar:?]
	at org.apache.hadoop.ozone.protocolPB.OzoneManagerProtocolServerSideTranslatorPB.submitRequest(OzoneManagerProtocolServerSideTranslatorPB.java:147) [ozone-manager-1.3.0-SNAPSHOT.jar:?]
	at org.apache.hadoop.ozone.protocol.proto.OzoneManagerProtocolProtos$OzoneManagerService$2.callBlockingMethod(OzoneManagerProtocolProtos.java) [ozone-interface-client-1.3.0-SNAPSHOT.jar:?]
	at org.apache.hadoop.ipc.ProtobufRpcEngine$Server.processCall(ProtobufRpcEngine.java:466) [hadoop-common-3.3.1.jar:?]
	at org.apache.hadoop.ipc.ProtobufRpcEngine2$Server$ProtoBufRpcInvoker.call(ProtobufRpcEngine2.java:574) [hadoop-common-3.3.1.jar:?]
	at org.apache.hadoop.ipc.ProtobufRpcEngine2$Server$ProtoBufRpcInvoker.call(ProtobufRpcEngine2.java:552) [hadoop-common-3.3.1.jar:?]
	at org.apache.hadoop.ipc.RPC$Server.call(RPC.java:1093) [hadoop-common-3.3.1.jar:?]
	at org.apache.hadoop.ipc.Server$RpcCall.run(Server.java:1035) [hadoop-common-3.3.1.jar:?]
	at org.apache.hadoop.ipc.Server$RpcCall.run(Server.java:963) [hadoop-common-3.3.1.jar:?]
	at java.security.AccessController.doPrivileged(Native Method) ~[?:1.8.0_332]
	at javax.security.auth.Subject.doAs(Subject.java:422) [?:1.8.0_332]
	at org.apache.hadoop.security.UserGroupInformation.doAs(UserGroupInformation.java:1878) [hadoop-common-3.3.1.jar:?]
	at org.apache.hadoop.ipc.Server$Handler.run(Server.java:2966) [hadoop-common-3.3.1.jar:?]
2022-07-02 07:20:01,802 [grpc-default-executor-1] INFO  server.RaftServer$Division (RaftServerImpl.java:requestVote(1152)) - da23fa89-fa7d-4455-a39d-25ada925c5c4@group-F47CE1271F7E: receive requestVote(ELECTION, 419d88b6-03c8-4180-a8b8-c3be8294e19d, group-F47CE1271F7E, 2, (t:0, i:0))
2022-07-02 07:20:01,802 [grpc-default-executor-1] INFO  impl.VoteContext (VoteContext.java:log(48)) - da23fa89-fa7d-4455-a39d-25ada925c5c4@group-F47CE1271F7E-FOLLOWER: accept ELECTION from 419d88b6-03c8-4180-a8b8-c3be8294e19d: our priority 0 <= candidate's priority 1
2022-07-02 07:20:01,802 [grpc-default-executor-1] INFO  server.RaftServer$Division (RaftServerImpl.java:setRole(299)) - da23fa89-fa7d-4455-a39d-25ada925c5c4@group-F47CE1271F7E: changes role from  FOLLOWER to FOLLOWER at term 2 for candidate:419d88b6-03c8-4180-a8b8-c3be8294e19d
2022-07-02 07:20:01,802 [grpc-default-executor-1] INFO  impl.RoleInfo (RoleInfo.java:shutdownFollowerState(110)) - da23fa89-fa7d-4455-a39d-25ada925c5c4: shutdown da23fa89-fa7d-4455-a39d-25ada925c5c4@group-F47CE1271F7E-FollowerState
2022-07-02 07:20:01,802 [grpc-default-executor-1] INFO  impl.RoleInfo (RoleInfo.java:updateAndGet(139)) - da23fa89-fa7d-4455-a39d-25ada925c5c4: start da23fa89-fa7d-4455-a39d-25ada925c5c4@group-F47CE1271F7E-FollowerState
2022-07-02 07:20:01,803 [da23fa89-fa7d-4455-a39d-25ada925c5c4@group-F47CE1271F7E-FollowerState] INFO  impl.FollowerState (FollowerState.java:run(152)) - da23fa89-fa7d-4455-a39d-25ada925c5c4@group-F47CE1271F7E-FollowerState was interrupted
07:20:01.803 [IPC Server handler 12 on default port 41977] ERROR OMAudit - user=runner | ip=127.0.0.1 | op=GET_FILE_STATUS {volume=volume86107, bucket=bucket56624, key=.Trash/runner, dataSize=0, replicationConfig=null} | ret=FAILURE
org.apache.hadoop.ozone.om.exceptions.OMException: Unable to get file status: volume: volume86107 bucket: bucket56624 key: .Trash/runner
	at org.apache.hadoop.ozone.om.KeyManagerImpl.getOzoneFileStatus(KeyManagerImpl.java:1311) ~[ozone-manager-1.3.0-SNAPSHOT.jar:?]
	at org.apache.hadoop.ozone.om.KeyManagerImpl.getFileStatus(KeyManagerImpl.java:1241) ~[ozone-manager-1.3.0-SNAPSHOT.jar:?]
	at org.apache.hadoop.ozone.om.OzoneManager.getFileStatus(OzoneManager.java:3419) ~[ozone-manager-1.3.0-SNAPSHOT.jar:?]
	at org.apache.hadoop.ozone.protocolPB.OzoneManagerRequestHandler.getOzoneFileStatus(OzoneManagerRequestHandler.java:871) ~[ozone-manager-1.3.0-SNAPSHOT.jar:?]
	at org.apache.hadoop.ozone.protocolPB.OzoneManagerRequestHandler.handleReadRequest(OzoneManagerRequestHandler.java:217) ~[ozone-manager-1.3.0-SNAPSHOT.jar:?]
	at org.apache.hadoop.ozone.protocolPB.OzoneManagerProtocolServerSideTranslatorPB.submitReadRequestToOM(OzoneManagerProtocolServerSideTranslatorPB.java:226) ~[ozone-manager-1.3.0-SNAPSHOT.jar:?]
	at org.apache.hadoop.ozone.protocolPB.OzoneManagerProtocolServerSideTranslatorPB.processRequest(OzoneManagerProtocolServerSideTranslatorPB.java:175) ~[ozone-manager-1.3.0-SNAPSHOT.jar:?]
	at org.apache.hadoop.hdds.server.OzoneProtocolMessageDispatcher.processRequest(OzoneProtocolMessageDispatcher.java:87) [hdds-server-framework-1.3.0-SNAPSHOT.jar:?]
	at org.apache.hadoop.ozone.protocolPB.OzoneManagerProtocolServerSideTranslatorPB.submitRequest(OzoneManagerProtocolServerSideTranslatorPB.java:147) [ozone-manager-1.3.0-SNAPSHOT.jar:?]
	at org.apache.hadoop.ozone.protocol.proto.OzoneManagerProtocolProtos$OzoneManagerService$2.callBlockingMethod(OzoneManagerProtocolProtos.java) [ozone-interface-client-1.3.0-SNAPSHOT.jar:?]
	at org.apache.hadoop.ipc.ProtobufRpcEngine$Server.processCall(ProtobufRpcEngine.java:466) [hadoop-common-3.3.1.jar:?]
	at org.apache.hadoop.ipc.ProtobufRpcEngine2$Server$ProtoBufRpcInvoker.call(ProtobufRpcEngine2.java:574) [hadoop-common-3.3.1.jar:?]
	at org.apache.hadoop.ipc.ProtobufRpcEngine2$Server$ProtoBufRpcInvoker.call(ProtobufRpcEngine2.java:552) [hadoop-common-3.3.1.jar:?]
	at org.apache.hadoop.ipc.RPC$Server.call(RPC.java:1093) [hadoop-common-3.3.1.jar:?]
	at org.apache.hadoop.ipc.Server$RpcCall.run(Server.java:1035) [hadoop-common-3.3.1.jar:?]
	at org.apache.hadoop.ipc.Server$RpcCall.run(Server.java:963) [hadoop-common-3.3.1.jar:?]
	at java.security.AccessController.doPrivileged(Native Method) ~[?:1.8.0_332]
	at javax.security.auth.Subject.doAs(Subject.java:422) [?:1.8.0_332]
	at org.apache.hadoop.security.UserGroupInformation.doAs(UserGroupInformation.java:1878) [hadoop-common-3.3.1.jar:?]
	at org.apache.hadoop.ipc.Server$Handler.run(Server.java:2966) [hadoop-common-3.3.1.jar:?]
2022-07-02 07:20:01,808 [grpc-default-executor-1] INFO  server.RaftServer$Division (RaftServerImpl.java:requestVote(1184)) - da23fa89-fa7d-4455-a39d-25ada925c5c4@group-F47CE1271F7E replies to ELECTION vote request: 419d88b6-03c8-4180-a8b8-c3be8294e19d<-da23fa89-fa7d-4455-a39d-25ada925c5c4#0:OK-t2. Peer's state: da23fa89-fa7d-4455-a39d-25ada925c5c4@group-F47CE1271F7E:t2, leader=null, voted=419d88b6-03c8-4180-a8b8-c3be8294e19d, raftlog=da23fa89-fa7d-4455-a39d-25ada925c5c4@group-F47CE1271F7E-SegmentedRaftLog:OPENED:c-1, conf=-1: [da23fa89-fa7d-4455-a39d-25ada925c5c4|rpc:10.1.0.20:43027|priority:0, 419d88b6-03c8-4180-a8b8-c3be8294e19d|rpc:10.1.0.20:37557|priority:1, 86df6d00-7043-4e9f-8d75-9ddb09551a86|rpc:10.1.0.20:35185|priority:0], old=null
2022-07-02 07:20:01,811 [419d88b6-03c8-4180-a8b8-c3be8294e19d@group-F47CE1271F7E-LeaderElection9] INFO  impl.LeaderElection (LeaderElection.java:logAndReturn(90)) - 419d88b6-03c8-4180-a8b8-c3be8294e19d@group-F47CE1271F7E-LeaderElection9: ELECTION PASSED received 1 response(s) and 0 exception(s):
2022-07-02 07:20:01,811 [419d88b6-03c8-4180-a8b8-c3be8294e19d@group-F47CE1271F7E-LeaderElection9] INFO  impl.LeaderElection (LeaderElection.java:logAndReturn(94)) -   Response 0: 419d88b6-03c8-4180-a8b8-c3be8294e19d<-da23fa89-fa7d-4455-a39d-25ada925c5c4#0:OK-t2
2022-07-02 07:20:01,811 [419d88b6-03c8-4180-a8b8-c3be8294e19d@group-F47CE1271F7E-LeaderElection9] INFO  impl.LeaderElection (LeaderElection.java:askForVotes(312)) - 419d88b6-03c8-4180-a8b8-c3be8294e19d@group-F47CE1271F7E-LeaderElection9 ELECTION round 0: result PASSED
2022-07-02 07:20:01,811 [419d88b6-03c8-4180-a8b8-c3be8294e19d@group-F47CE1271F7E-LeaderElection9] INFO  impl.RoleInfo (RoleInfo.java:shutdownLeaderElection(130)) - 419d88b6-03c8-4180-a8b8-c3be8294e19d: shutdown 419d88b6-03c8-4180-a8b8-c3be8294e19d@group-F47CE1271F7E-LeaderElection9
2022-07-02 07:20:01,811 [419d88b6-03c8-4180-a8b8-c3be8294e19d@group-F47CE1271F7E-LeaderElection9] INFO  server.RaftServer$Division (RaftServerImpl.java:setRole(299)) - 419d88b6-03c8-4180-a8b8-c3be8294e19d@group-F47CE1271F7E: changes role from CANDIDATE to LEADER at term 2 for changeToLeader
2022-07-02 07:20:01,811 [419d88b6-03c8-4180-a8b8-c3be8294e19d@group-F47CE1271F7E-LeaderElection9] INFO  ratis.XceiverServerRatis (XceiverServerRatis.java:handleLeaderChangedNotification(863)) - Leader change notification received for group: group-F47CE1271F7E with new leaderId: 419d88b6-03c8-4180-a8b8-c3be8294e19d
2022-07-02 07:20:01,812 [grpc-default-executor-1] INFO  server.RaftServer$Division (RaftServerImpl.java:requestVote(1152)) - 86df6d00-7043-4e9f-8d75-9ddb09551a86@group-F47CE1271F7E: receive requestVote(ELECTION, 419d88b6-03c8-4180-a8b8-c3be8294e19d, group-F47CE1271F7E, 2, (t:0, i:0))
2022-07-02 07:20:01,813 [grpc-default-executor-1] INFO  impl.VoteContext (VoteContext.java:log(48)) - 86df6d00-7043-4e9f-8d75-9ddb09551a86@group-F47CE1271F7E-FOLLOWER: accept ELECTION from 419d88b6-03c8-4180-a8b8-c3be8294e19d: our priority 0 <= candidate's priority 1
2022-07-02 07:20:01,814 [grpc-default-executor-1] INFO  server.RaftServer$Division (RaftServerImpl.java:setRole(299)) - 86df6d00-7043-4e9f-8d75-9ddb09551a86@group-F47CE1271F7E: changes role from  FOLLOWER to FOLLOWER at term 2 for candidate:419d88b6-03c8-4180-a8b8-c3be8294e19d
2022-07-02 07:20:01,814 [grpc-default-executor-1] INFO  impl.RoleInfo (RoleInfo.java:shutdownFollowerState(110)) - 86df6d00-7043-4e9f-8d75-9ddb09551a86: shutdown 86df6d00-7043-4e9f-8d75-9ddb09551a86@group-F47CE1271F7E-FollowerState
2022-07-02 07:20:01,814 [grpc-default-executor-1] INFO  impl.RoleInfo (RoleInfo.java:updateAndGet(139)) - 86df6d00-7043-4e9f-8d75-9ddb09551a86: start 86df6d00-7043-4e9f-8d75-9ddb09551a86@group-F47CE1271F7E-FollowerState
2022-07-02 07:20:01,814 [86df6d00-7043-4e9f-8d75-9ddb09551a86@group-F47CE1271F7E-FollowerState] INFO  impl.FollowerState (FollowerState.java:run(152)) - 86df6d00-7043-4e9f-8d75-9ddb09551a86@group-F47CE1271F7E-FollowerState was interrupted
2022-07-02 07:20:01,817 [419d88b6-03c8-4180-a8b8-c3be8294e19d@group-F47CE1271F7E-LeaderElection9] INFO  server.RaftServer$Division (ServerState.java:setLeader(287)) - 419d88b6-03c8-4180-a8b8-c3be8294e19d@group-F47CE1271F7E: change Leader from null to 419d88b6-03c8-4180-a8b8-c3be8294e19d at term 2 for becomeLeader, leader elected after 10298ms
2022-07-02 07:20:01,818 [419d88b6-03c8-4180-a8b8-c3be8294e19d@group-F47CE1271F7E-LeaderElection9] INFO  server.RaftServerConfigKeys (ConfUtils.java:logGet(46)) - raft.server.staging.catchup.gap = 1000 (default)
2022-07-02 07:20:01,818 [419d88b6-03c8-4180-a8b8-c3be8294e19d@group-F47CE1271F7E-LeaderElection9] INFO  server.RaftServerConfigKeys (ConfUtils.java:logGet(46)) - raft.server.write.element-limit = 1024 (custom)
2022-07-02 07:20:01,818 [419d88b6-03c8-4180-a8b8-c3be8294e19d@group-F47CE1271F7E-LeaderElection9] INFO  server.RaftServerConfigKeys (ConfUtils.java:logGet(46)) - raft.server.write.byte-limit = 1024 M (=1073741824) (custom)
2022-07-02 07:20:01,818 [419d88b6-03c8-4180-a8b8-c3be8294e19d@group-F47CE1271F7E-LeaderElection9] INFO  server.RaftServerConfigKeys (ConfUtils.java:logGet(46)) - raft.server.watch.timeout = 180s (custom)
2022-07-02 07:20:01,818 [419d88b6-03c8-4180-a8b8-c3be8294e19d@group-F47CE1271F7E-LeaderElection9] INFO  server.RaftServerConfigKeys (ConfUtils.java:logGet(46)) - raft.server.watch.timeout.denomination = 1s (default)
2022-07-02 07:20:01,818 [419d88b6-03c8-4180-a8b8-c3be8294e19d@group-F47CE1271F7E-LeaderElection9] INFO  server.RaftServerConfigKeys (ConfUtils.java:logGet(46)) - raft.server.watch.element-limit = 65536 (default)
2022-07-02 07:20:01,818 [419d88b6-03c8-4180-a8b8-c3be8294e19d@group-F47CE1271F7E-LeaderElection9] INFO  server.RaftServerConfigKeys (ConfUtils.java:logGet(46)) - raft.server.write.element-limit = 1024 (custom)
2022-07-02 07:20:01,818 [419d88b6-03c8-4180-a8b8-c3be8294e19d@group-F47CE1271F7E-LeaderElection9] INFO  server.RaftServerConfigKeys (ConfUtils.java:logGet(46)) - raft.server.write.follower.gap.ratio.max = -1.0 (default)
2022-07-02 07:20:01,819 [419d88b6-03c8-4180-a8b8-c3be8294e19d@group-F47CE1271F7E-LeaderElection9] INFO  server.RaftServerConfigKeys (ConfUtils.java:logGet(46)) - raft.server.log.appender.snapshot.chunk.size.max = 16MB (=16777216) (default)
2022-07-02 07:20:01,819 [419d88b6-03c8-4180-a8b8-c3be8294e19d@group-F47CE1271F7E-LeaderElection9] INFO  server.RaftServerConfigKeys (ConfUtils.java:logGet(46)) - raft.server.log.appender.buffer.byte-limit = 33554432 (custom)
2022-07-02 07:20:01,819 [419d88b6-03c8-4180-a8b8-c3be8294e19d@group-F47CE1271F7E-LeaderElection9] INFO  server.RaftServerConfigKeys (ConfUtils.java:logGet(46)) - raft.server.log.appender.buffer.element-limit = 1 (custom)
2022-07-02 07:20:01,820 [EventQueue-PipelineReportForPipelineReportHandler] INFO  pipeline.PipelineManagerImpl (PipelineManagerImpl.java:openPipeline(358)) - Pipeline Pipeline[ Id: b2f6f3fc-880e-4014-b867-f47ce1271f7e, Nodes: 86df6d00-7043-4e9f-8d75-9ddb09551a86{ip: 10.1.0.20, host: fv-az444-838.dthhdds2jluu1c0oa55ndv1hsg.dx.internal.cloudapp.net, ports: [REPLICATION=33381, RATIS=35185, RATIS_ADMIN=35185, RATIS_SERVER=35185, STANDALONE=46517], networkLocation: /default-rack, certSerialId: null, persistedOpState: IN_SERVICE, persistedOpStateExpiryEpochSec: 0}419d88b6-03c8-4180-a8b8-c3be8294e19d{ip: 10.1.0.20, host: fv-az444-838.dthhdds2jluu1c0oa55ndv1hsg.dx.internal.cloudapp.net, ports: [REPLICATION=40195, RATIS=37557, RATIS_ADMIN=37557, RATIS_SERVER=37557, STANDALONE=33565], networkLocation: /default-rack, certSerialId: null, persistedOpState: IN_SERVICE, persistedOpStateExpiryEpochSec: 0}da23fa89-fa7d-4455-a39d-25ada925c5c4{ip: 10.1.0.20, host: fv-az444-838.dthhdds2jluu1c0oa55ndv1hsg.dx.internal.cloudapp.net, ports: [REPLICATION=44721, RATIS=43027, RATIS_ADMIN=43027, RATIS_SERVER=43027, STANDALONE=42523], networkLocation: /default-rack, certSerialId: null, persistedOpState: IN_SERVICE, persistedOpStateExpiryEpochSec: 0}, ReplicationConfig: RATIS/THREE, State:ALLOCATED, leaderId:419d88b6-03c8-4180-a8b8-c3be8294e19d, CreationTimestamp2022-07-02T07:19:48.440Z[Etc/UTC]] moved to OPEN state
2022-07-02 07:20:01,825 [grpc-default-executor-1] INFO  server.RaftServer$Division (RaftServerImpl.java:requestVote(1184)) - 86df6d00-7043-4e9f-8d75-9ddb09551a86@group-F47CE1271F7E replies to ELECTION vote request: 419d88b6-03c8-4180-a8b8-c3be8294e19d<-86df6d00-7043-4e9f-8d75-9ddb09551a86#0:OK-t2. Peer's state: 86df6d00-7043-4e9f-8d75-9ddb09551a86@group-F47CE1271F7E:t2, leader=null, voted=419d88b6-03c8-4180-a8b8-c3be8294e19d, raftlog=86df6d00-7043-4e9f-8d75-9ddb09551a86@group-F47CE1271F7E-SegmentedRaftLog:OPENED:c-1, conf=-1: [da23fa89-fa7d-4455-a39d-25ada925c5c4|rpc:10.1.0.20:43027|dataStream:|priority:0, 419d88b6-03c8-4180-a8b8-c3be8294e19d|rpc:10.1.0.20:37557|dataStream:|priority:1, 86df6d00-7043-4e9f-8d75-9ddb09551a86|rpc:10.1.0.20:35185|dataStream:|priority:0], old=null
2022-07-02 07:20:01,819 [419d88b6-03c8-4180-a8b8-c3be8294e19d@group-F47CE1271F7E-LeaderElection9] INFO  grpc.GrpcConfigKeys (ConfUtils.java:logGet(46)) - raft.grpc.server.leader.outstanding.appends.max = 128 (default)
2022-07-02 07:20:01,828 [419d88b6-03c8-4180-a8b8-c3be8294e19d@group-F47CE1271F7E-LeaderElection9] INFO  server.RaftServerConfigKeys (ConfUtils.java:logGet(46)) - raft.server.rpc.request.timeout = 60s (custom)
2022-07-02 07:20:01,828 [419d88b6-03c8-4180-a8b8-c3be8294e19d@group-F47CE1271F7E-LeaderElection9] INFO  server.RaftServerConfigKeys (ConfUtils.java:logGet(46)) - raft.server.log.appender.install.snapshot.enabled = false (custom)
2022-07-02 07:20:01,829 [419d88b6-03c8-4180-a8b8-c3be8294e19d@group-F47CE1271F7E-LeaderElection9] INFO  server.RaftServerConfigKeys (ConfUtils.java:logGet(46)) - raft.server.log.appender.snapshot.chunk.size.max = 16MB (=16777216) (default)
2022-07-02 07:20:01,829 [419d88b6-03c8-4180-a8b8-c3be8294e19d@group-F47CE1271F7E-LeaderElection9] INFO  server.RaftServerConfigKeys (ConfUtils.java:logGet(46)) - raft.server.log.appender.buffer.byte-limit = 33554432 (custom)
2022-07-02 07:20:01,829 [419d88b6-03c8-4180-a8b8-c3be8294e19d@group-F47CE1271F7E-LeaderElection9] INFO  server.RaftServerConfigKeys (ConfUtils.java:logGet(46)) - raft.server.log.appender.buffer.element-limit = 1 (custom)
2022-07-02 07:20:01,832 [419d88b6-03c8-4180-a8b8-c3be8294e19d@group-F47CE1271F7E-LeaderElection9] INFO  grpc.GrpcConfigKeys (ConfUtils.java:logGet(46)) - raft.grpc.server.leader.outstanding.appends.max = 128 (default)
2022-07-02 07:20:01,832 [419d88b6-03c8-4180-a8b8-c3be8294e19d@group-F47CE1271F7E-LeaderElection9] INFO  server.RaftServerConfigKeys (ConfUtils.java:logGet(46)) - raft.server.rpc.request.timeout = 60s (custom)
2022-07-02 07:20:01,832 [419d88b6-03c8-4180-a8b8-c3be8294e19d@group-F47CE1271F7E-LeaderElection9] INFO  server.RaftServerConfigKeys (ConfUtils.java:logGet(46)) - raft.server.log.appender.install.snapshot.enabled = false (custom)
2022-07-02 07:20:01,833 [419d88b6-03c8-4180-a8b8-c3be8294e19d@group-F47CE1271F7E-LeaderElection9] INFO  impl.RoleInfo (RoleInfo.java:updateAndGet(139)) - 419d88b6-03c8-4180-a8b8-c3be8294e19d: start 419d88b6-03c8-4180-a8b8-c3be8294e19d@group-F47CE1271F7E-LeaderStateImpl
2022-07-02 07:20:01,833 [419d88b6-03c8-4180-a8b8-c3be8294e19d@group-F47CE1271F7E-LeaderElection9] INFO  segmented.SegmentedRaftLogWorker (SegmentedRaftLogWorker.java:startLogSegment(425)) - 419d88b6-03c8-4180-a8b8-c3be8294e19d@group-F47CE1271F7E-SegmentedRaftLogWorker: Starting segment from index:0
2022-07-02 07:20:01,834 [419d88b6-03c8-4180-a8b8-c3be8294e19d@group-F47CE1271F7E-SegmentedRaftLogWorker] INFO  segmented.SegmentedRaftLogWorker (SegmentedRaftLogWorker.java:execute(629)) - 419d88b6-03c8-4180-a8b8-c3be8294e19d@group-F47CE1271F7E-SegmentedRaftLogWorker: created new log segment /home/runner/work/ozone/ozone/hadoop-ozone/integration-test/target/test-dir/MiniOzoneClusterImpl-2384df39-2793-4e2f-8252-b182c7f166b5/datanode-2/data/ratis/b2f6f3fc-880e-4014-b867-f47ce1271f7e/current/log_inprogress_0
07:20:01.852 [IPC Server handler 12 on default port 41977] ERROR OMAudit - user=runner | ip=127.0.0.1 | op=GET_FILE_STATUS {volume=7ad33715-8fcd-4268-abdc-980ef0d02a34, bucket=ff82feba-c654-4686-80e1-33f972da230c, key=.Trash, dataSize=0, replicationConfig=null} | ret=FAILURE
org.apache.hadoop.ozone.om.exceptions.OMException: Unable to get file status: volume: 7ad33715-8fcd-4268-abdc-980ef0d02a34 bucket: ff82feba-c654-4686-80e1-33f972da230c key: .Trash
	at org.apache.hadoop.ozone.om.KeyManagerImpl.getOzoneFileStatus(KeyManagerImpl.java:1311) ~[ozone-manager-1.3.0-SNAPSHOT.jar:?]
	at org.apache.hadoop.ozone.om.KeyManagerImpl.getFileStatus(KeyManagerImpl.java:1241) ~[ozone-manager-1.3.0-SNAPSHOT.jar:?]
	at org.apache.hadoop.ozone.om.OzoneManager.getFileStatus(OzoneManager.java:3419) ~[ozone-manager-1.3.0-SNAPSHOT.jar:?]
	at org.apache.hadoop.ozone.protocolPB.OzoneManagerRequestHandler.getOzoneFileStatus(OzoneManagerRequestHandler.java:871) ~[ozone-manager-1.3.0-SNAPSHOT.jar:?]
	at org.apache.hadoop.ozone.protocolPB.OzoneManagerRequestHandler.handleReadRequest(OzoneManagerRequestHandler.java:217) ~[ozone-manager-1.3.0-SNAPSHOT.jar:?]
	at org.apache.hadoop.ozone.protocolPB.OzoneManagerProtocolServerSideTranslatorPB.submitReadRequestToOM(OzoneManagerProtocolServerSideTranslatorPB.java:226) ~[ozone-manager-1.3.0-SNAPSHOT.jar:?]
	at org.apache.hadoop.ozone.protocolPB.OzoneManagerProtocolServerSideTranslatorPB.processRequest(OzoneManagerProtocolServerSideTranslatorPB.java:175) ~[ozone-manager-1.3.0-SNAPSHOT.jar:?]
	at org.apache.hadoop.hdds.server.OzoneProtocolMessageDispatcher.processRequest(OzoneProtocolMessageDispatcher.java:87) [hdds-server-framework-1.3.0-SNAPSHOT.jar:?]
	at org.apache.hadoop.ozone.protocolPB.OzoneManagerProtocolServerSideTranslatorPB.submitRequest(OzoneManagerProtocolServerSideTranslatorPB.java:147) [ozone-manager-1.3.0-SNAPSHOT.jar:?]
	at org.apache.hadoop.ozone.protocol.proto.OzoneManagerProtocolProtos$OzoneManagerService$2.callBlockingMethod(OzoneManagerProtocolProtos.java) [ozone-interface-client-1.3.0-SNAPSHOT.jar:?]
	at org.apache.hadoop.ipc.ProtobufRpcEngine$Server.processCall(ProtobufRpcEngine.java:466) [hadoop-common-3.3.1.jar:?]
	at org.apache.hadoop.ipc.ProtobufRpcEngine2$Server$ProtoBufRpcInvoker.call(ProtobufRpcEngine2.java:574) [hadoop-common-3.3.1.jar:?]
	at org.apache.hadoop.ipc.ProtobufRpcEngine2$Server$ProtoBufRpcInvoker.call(ProtobufRpcEngine2.java:552) [hadoop-common-3.3.1.jar:?]
	at org.apache.hadoop.ipc.RPC$Server.call(RPC.java:1093) [hadoop-common-3.3.1.jar:?]
	at org.apache.hadoop.ipc.Server$RpcCall.run(Server.java:1035) [hadoop-common-3.3.1.jar:?]
	at org.apache.hadoop.ipc.Server$RpcCall.run(Server.java:963) [hadoop-common-3.3.1.jar:?]
	at java.security.AccessController.doPrivileged(Native Method) ~[?:1.8.0_332]
	at javax.security.auth.Subject.doAs(Subject.java:422) [?:1.8.0_332]
	at org.apache.hadoop.security.UserGroupInformation.doAs(UserGroupInformation.java:1878) [hadoop-common-3.3.1.jar:?]
	at org.apache.hadoop.ipc.Server$Handler.run(Server.java:2966) [hadoop-common-3.3.1.jar:?]
2022-07-02 07:20:01,854 [419d88b6-03c8-4180-a8b8-c3be8294e19d@group-F47CE1271F7E-LeaderElection9] INFO  server.RaftServer$Division (ServerState.java:setRaftConf(393)) - 419d88b6-03c8-4180-a8b8-c3be8294e19d@group-F47CE1271F7E: set configuration 0: [da23fa89-fa7d-4455-a39d-25ada925c5c4|rpc:10.1.0.20:43027|dataStream:|priority:0, 419d88b6-03c8-4180-a8b8-c3be8294e19d|rpc:10.1.0.20:37557|dataStream:|priority:1, 86df6d00-7043-4e9f-8d75-9ddb09551a86|rpc:10.1.0.20:35185|dataStream:|priority:0], old=null
2022-07-02 07:20:01,857 [da23fa89-fa7d-4455-a39d-25ada925c5c4-server-thread1] INFO  ratis.XceiverServerRatis (XceiverServerRatis.java:handleLeaderChangedNotification(863)) - Leader change notification received for group: group-F47CE1271F7E with new leaderId: 419d88b6-03c8-4180-a8b8-c3be8294e19d
2022-07-02 07:20:01,857 [da23fa89-fa7d-4455-a39d-25ada925c5c4-server-thread1] INFO  server.RaftServer$Division (ServerState.java:setLeader(287)) - da23fa89-fa7d-4455-a39d-25ada925c5c4@group-F47CE1271F7E: change Leader from null to 419d88b6-03c8-4180-a8b8-c3be8294e19d at term 2 for appendEntries, leader elected after 10292ms
07:20:01.862 [IPC Server handler 16 on default port 41977] ERROR OMAudit - user=runner | ip=127.0.0.1 | op=GET_FILE_STATUS {volume=volume86107, bucket=bucket56624, key=.Trash, dataSize=0, replicationConfig=null} | ret=FAILURE
org.apache.hadoop.ozone.om.exceptions.OMException: Unable to get file status: volume: volume86107 bucket: bucket56624 key: .Trash
	at org.apache.hadoop.ozone.om.KeyManagerImpl.getOzoneFileStatus(KeyManagerImpl.java:1311) ~[ozone-manager-1.3.0-SNAPSHOT.jar:?]
	at org.apache.hadoop.ozone.om.KeyManagerImpl.getFileStatus(KeyManagerImpl.java:1241) ~[ozone-manager-1.3.0-SNAPSHOT.jar:?]
	at org.apache.hadoop.ozone.om.OzoneManager.getFileStatus(OzoneManager.java:3419) ~[ozone-manager-1.3.0-SNAPSHOT.jar:?]
	at org.apache.hadoop.ozone.protocolPB.OzoneManagerRequestHandler.getOzoneFileStatus(OzoneManagerRequestHandler.java:871) ~[ozone-manager-1.3.0-SNAPSHOT.jar:?]
	at org.apache.hadoop.ozone.protocolPB.OzoneManagerRequestHandler.handleReadRequest(OzoneManagerRequestHandler.java:217) ~[ozone-manager-1.3.0-SNAPSHOT.jar:?]
	at org.apache.hadoop.ozone.protocolPB.OzoneManagerProtocolServerSideTranslatorPB.submitReadRequestToOM(OzoneManagerProtocolServerSideTranslatorPB.java:226) ~[ozone-manager-1.3.0-SNAPSHOT.jar:?]
	at org.apache.hadoop.ozone.protocolPB.OzoneManagerProtocolServerSideTranslatorPB.processRequest(OzoneManagerProtocolServerSideTranslatorPB.java:175) ~[ozone-manager-1.3.0-SNAPSHOT.jar:?]
	at org.apache.hadoop.hdds.server.OzoneProtocolMessageDispatcher.processRequest(OzoneProtocolMessageDispatcher.java:87) [hdds-server-framework-1.3.0-SNAPSHOT.jar:?]
	at org.apache.hadoop.ozone.protocolPB.OzoneManagerProtocolServerSideTranslatorPB.submitRequest(OzoneManagerProtocolServerSideTranslatorPB.java:147) [ozone-manager-1.3.0-SNAPSHOT.jar:?]
	at org.apache.hadoop.ozone.protocol.proto.OzoneManagerProtocolProtos$OzoneManagerService$2.callBlockingMethod(OzoneManagerProtocolProtos.java) [ozone-interface-client-1.3.0-SNAPSHOT.jar:?]
	at org.apache.hadoop.ipc.ProtobufRpcEngine$Server.processCall(ProtobufRpcEngine.java:466) [hadoop-common-3.3.1.jar:?]
	at org.apache.hadoop.ipc.ProtobufRpcEngine2$Server$ProtoBufRpcInvoker.call(ProtobufRpcEngine2.java:574) [hadoop-common-3.3.1.jar:?]
	at org.apache.hadoop.ipc.ProtobufRpcEngine2$Server$ProtoBufRpcInvoker.call(ProtobufRpcEngine2.java:552) [hadoop-common-3.3.1.jar:?]
	at org.apache.hadoop.ipc.RPC$Server.call(RPC.java:1093) [hadoop-common-3.3.1.jar:?]
	at org.apache.hadoop.ipc.Server$RpcCall.run(Server.java:1035) [hadoop-common-3.3.1.jar:?]
	at org.apache.hadoop.ipc.Server$RpcCall.run(Server.java:963) [hadoop-common-3.3.1.jar:?]
	at java.security.AccessController.doPrivileged(Native Method) ~[?:1.8.0_332]
	at javax.security.auth.Subject.doAs(Subject.java:422) [?:1.8.0_332]
	at org.apache.hadoop.security.UserGroupInformation.doAs(UserGroupInformation.java:1878) [hadoop-common-3.3.1.jar:?]
	at org.apache.hadoop.ipc.Server$Handler.run(Server.java:2966) [hadoop-common-3.3.1.jar:?]
2022-07-02 07:20:01,876 [86df6d00-7043-4e9f-8d75-9ddb09551a86-server-thread1] INFO  ratis.XceiverServerRatis (XceiverServerRatis.java:handleLeaderChangedNotification(863)) - Leader change notification received for group: group-F47CE1271F7E with new leaderId: 419d88b6-03c8-4180-a8b8-c3be8294e19d
2022-07-02 07:20:01,876 [86df6d00-7043-4e9f-8d75-9ddb09551a86-server-thread1] INFO  server.RaftServer$Division (ServerState.java:setLeader(287)) - 86df6d00-7043-4e9f-8d75-9ddb09551a86@group-F47CE1271F7E: change Leader from null to 419d88b6-03c8-4180-a8b8-c3be8294e19d at term 2 for appendEntries, leader elected after 10305ms
2022-07-02 07:20:01,890 [da23fa89-fa7d-4455-a39d-25ada925c5c4-server-thread1] INFO  server.RaftServer$Division (ServerState.java:setRaftConf(393)) - da23fa89-fa7d-4455-a39d-25ada925c5c4@group-F47CE1271F7E: set configuration 0: [da23fa89-fa7d-4455-a39d-25ada925c5c4|rpc:10.1.0.20:43027|dataStream:|priority:0, 419d88b6-03c8-4180-a8b8-c3be8294e19d|rpc:10.1.0.20:37557|dataStream:|priority:1, 86df6d00-7043-4e9f-8d75-9ddb09551a86|rpc:10.1.0.20:35185|dataStream:|priority:0], old=null
2022-07-02 07:20:01,890 [da23fa89-fa7d-4455-a39d-25ada925c5c4-server-thread1] INFO  segmented.SegmentedRaftLogWorker (SegmentedRaftLogWorker.java:startLogSegment(425)) - da23fa89-fa7d-4455-a39d-25ada925c5c4@group-F47CE1271F7E-SegmentedRaftLogWorker: Starting segment from index:0
2022-07-02 07:20:01,894 [da23fa89-fa7d-4455-a39d-25ada925c5c4@group-F47CE1271F7E-SegmentedRaftLogWorker] INFO  segmented.SegmentedRaftLogWorker (SegmentedRaftLogWorker.java:execute(629)) - da23fa89-fa7d-4455-a39d-25ada925c5c4@group-F47CE1271F7E-SegmentedRaftLogWorker: created new log segment /home/runner/work/ozone/ozone/hadoop-ozone/integration-test/target/test-dir/MiniOzoneClusterImpl-2384df39-2793-4e2f-8252-b182c7f166b5/datanode-0/data/ratis/b2f6f3fc-880e-4014-b867-f47ce1271f7e/current/log_inprogress_0
2022-07-02 07:20:01,894 [86df6d00-7043-4e9f-8d75-9ddb09551a86-server-thread1] INFO  server.RaftServer$Division (ServerState.java:setRaftConf(393)) - 86df6d00-7043-4e9f-8d75-9ddb09551a86@group-F47CE1271F7E: set configuration 0: [da23fa89-fa7d-4455-a39d-25ada925c5c4|rpc:10.1.0.20:43027|dataStream:|priority:0, 419d88b6-03c8-4180-a8b8-c3be8294e19d|rpc:10.1.0.20:37557|dataStream:|priority:1, 86df6d00-7043-4e9f-8d75-9ddb09551a86|rpc:10.1.0.20:35185|dataStream:|priority:0], old=null
2022-07-02 07:20:01,895 [86df6d00-7043-4e9f-8d75-9ddb09551a86-server-thread1] INFO  segmented.SegmentedRaftLogWorker (SegmentedRaftLogWorker.java:startLogSegment(425)) - 86df6d00-7043-4e9f-8d75-9ddb09551a86@group-F47CE1271F7E-SegmentedRaftLogWorker: Starting segment from index:0
2022-07-02 07:20:01,897 [86df6d00-7043-4e9f-8d75-9ddb09551a86@group-F47CE1271F7E-SegmentedRaftLogWorker] INFO  segmented.SegmentedRaftLogWorker (SegmentedRaftLogWorker.java:execute(629)) - 86df6d00-7043-4e9f-8d75-9ddb09551a86@group-F47CE1271F7E-SegmentedRaftLogWorker: created new log segment /home/runner/work/ozone/ozone/hadoop-ozone/integration-test/target/test-dir/MiniOzoneClusterImpl-2384df39-2793-4e2f-8252-b182c7f166b5/datanode-1/data/ratis/b2f6f3fc-880e-4014-b867-f47ce1271f7e/current/log_inprogress_0
07:20:01.915 [IPC Server handler 8 on default port 41977] ERROR OMAudit - user=runner | ip=127.0.0.1 | op=GET_FILE_STATUS {volume=7ad33715-8fcd-4268-abdc-980ef0d02a34, bucket=ff82feba-c654-4686-80e1-33f972da230c, key=.Trash/runner, dataSize=0, replicationConfig=null} | ret=FAILURE
org.apache.hadoop.ozone.om.exceptions.OMException: Unable to get file status: volume: 7ad33715-8fcd-4268-abdc-980ef0d02a34 bucket: ff82feba-c654-4686-80e1-33f972da230c key: .Trash/runner
	at org.apache.hadoop.ozone.om.KeyManagerImpl.getOzoneFileStatus(KeyManagerImpl.java:1311) ~[ozone-manager-1.3.0-SNAPSHOT.jar:?]
	at org.apache.hadoop.ozone.om.KeyManagerImpl.getFileStatus(KeyManagerImpl.java:1241) ~[ozone-manager-1.3.0-SNAPSHOT.jar:?]
	at org.apache.hadoop.ozone.om.OzoneManager.getFileStatus(OzoneManager.java:3419) ~[ozone-manager-1.3.0-SNAPSHOT.jar:?]
	at org.apache.hadoop.ozone.protocolPB.OzoneManagerRequestHandler.getOzoneFileStatus(OzoneManagerRequestHandler.java:871) ~[ozone-manager-1.3.0-SNAPSHOT.jar:?]
	at org.apache.hadoop.ozone.protocolPB.OzoneManagerRequestHandler.handleReadRequest(OzoneManagerRequestHandler.java:217) ~[ozone-manager-1.3.0-SNAPSHOT.jar:?]
	at org.apache.hadoop.ozone.protocolPB.OzoneManagerProtocolServerSideTranslatorPB.submitReadRequestToOM(OzoneManagerProtocolServerSideTranslatorPB.java:226) ~[ozone-manager-1.3.0-SNAPSHOT.jar:?]
	at org.apache.hadoop.ozone.protocolPB.OzoneManagerProtocolServerSideTranslatorPB.processRequest(OzoneManagerProtocolServerSideTranslatorPB.java:175) ~[ozone-manager-1.3.0-SNAPSHOT.jar:?]
	at org.apache.hadoop.hdds.server.OzoneProtocolMessageDispatcher.processRequest(OzoneProtocolMessageDispatcher.java:87) [hdds-server-framework-1.3.0-SNAPSHOT.jar:?]
	at org.apache.hadoop.ozone.protocolPB.OzoneManagerProtocolServerSideTranslatorPB.submitRequest(OzoneManagerProtocolServerSideTranslatorPB.java:147) [ozone-manager-1.3.0-SNAPSHOT.jar:?]
	at org.apache.hadoop.ozone.protocol.proto.OzoneManagerProtocolProtos$OzoneManagerService$2.callBlockingMethod(OzoneManagerProtocolProtos.java) [ozone-interface-client-1.3.0-SNAPSHOT.jar:?]
	at org.apache.hadoop.ipc.ProtobufRpcEngine$Server.processCall(ProtobufRpcEngine.java:466) [hadoop-common-3.3.1.jar:?]
	at org.apache.hadoop.ipc.ProtobufRpcEngine2$Server$ProtoBufRpcInvoker.call(ProtobufRpcEngine2.java:574) [hadoop-common-3.3.1.jar:?]
	at org.apache.hadoop.ipc.ProtobufRpcEngine2$Server$ProtoBufRpcInvoker.call(ProtobufRpcEngine2.java:552) [hadoop-common-3.3.1.jar:?]
	at org.apache.hadoop.ipc.RPC$Server.call(RPC.java:1093) [hadoop-common-3.3.1.jar:?]
	at org.apache.hadoop.ipc.Server$RpcCall.run(Server.java:1035) [hadoop-common-3.3.1.jar:?]
	at org.apache.hadoop.ipc.Server$RpcCall.run(Server.java:963) [hadoop-common-3.3.1.jar:?]
	at java.security.AccessController.doPrivileged(Native Method) ~[?:1.8.0_332]
	at javax.security.auth.Subject.doAs(Subject.java:422) [?:1.8.0_332]
	at org.apache.hadoop.security.UserGroupInformation.doAs(UserGroupInformation.java:1878) [hadoop-common-3.3.1.jar:?]
	at org.apache.hadoop.ipc.Server$Handler.run(Server.java:2966) [hadoop-common-3.3.1.jar:?]
07:20:01.919 [IPC Server handler 15 on default port 41977] ERROR OMAudit - user=runner | ip=127.0.0.1 | op=GET_FILE_STATUS {volume=volume86107, bucket=bucket56624, key=.Trash/runner, dataSize=0, replicationConfig=null} | ret=FAILURE
org.apache.hadoop.ozone.om.exceptions.OMException: Unable to get file status: volume: volume86107 bucket: bucket56624 key: .Trash/runner
	at org.apache.hadoop.ozone.om.KeyManagerImpl.getOzoneFileStatus(KeyManagerImpl.java:1311) ~[ozone-manager-1.3.0-SNAPSHOT.jar:?]
	at org.apache.hadoop.ozone.om.KeyManagerImpl.getFileStatus(KeyManagerImpl.java:1241) ~[ozone-manager-1.3.0-SNAPSHOT.jar:?]
	at org.apache.hadoop.ozone.om.OzoneManager.getFileStatus(OzoneManager.java:3419) ~[ozone-manager-1.3.0-SNAPSHOT.jar:?]
	at org.apache.hadoop.ozone.protocolPB.OzoneManagerRequestHandler.getOzoneFileStatus(OzoneManagerRequestHandler.java:871) ~[ozone-manager-1.3.0-SNAPSHOT.jar:?]
	at org.apache.hadoop.ozone.protocolPB.OzoneManagerRequestHandler.handleReadRequest(OzoneManagerRequestHandler.java:217) ~[ozone-manager-1.3.0-SNAPSHOT.jar:?]
	at org.apache.hadoop.ozone.protocolPB.OzoneManagerProtocolServerSideTranslatorPB.submitReadRequestToOM(OzoneManagerProtocolServerSideTranslatorPB.java:226) ~[ozone-manager-1.3.0-SNAPSHOT.jar:?]
	at org.apache.hadoop.ozone.protocolPB.OzoneManagerProtocolServerSideTranslatorPB.processRequest(OzoneManagerProtocolServerSideTranslatorPB.java:175) ~[ozone-manager-1.3.0-SNAPSHOT.jar:?]
	at org.apache.hadoop.hdds.server.OzoneProtocolMessageDispatcher.processRequest(OzoneProtocolMessageDispatcher.java:87) [hdds-server-framework-1.3.0-SNAPSHOT.jar:?]
	at org.apache.hadoop.ozone.protocolPB.OzoneManagerProtocolServerSideTranslatorPB.submitRequest(OzoneManagerProtocolServerSideTranslatorPB.java:147) [ozone-manager-1.3.0-SNAPSHOT.jar:?]
	at org.apache.hadoop.ozone.protocol.proto.OzoneManagerProtocolProtos$OzoneManagerService$2.callBlockingMethod(OzoneManagerProtocolProtos.java) [ozone-interface-client-1.3.0-SNAPSHOT.jar:?]
	at org.apache.hadoop.ipc.ProtobufRpcEngine$Server.processCall(ProtobufRpcEngine.java:466) [hadoop-common-3.3.1.jar:?]
	at org.apache.hadoop.ipc.ProtobufRpcEngine2$Server$ProtoBufRpcInvoker.call(ProtobufRpcEngine2.java:574) [hadoop-common-3.3.1.jar:?]
	at org.apache.hadoop.ipc.ProtobufRpcEngine2$Server$ProtoBufRpcInvoker.call(ProtobufRpcEngine2.java:552) [hadoop-common-3.3.1.jar:?]
	at org.apache.hadoop.ipc.RPC$Server.call(RPC.java:1093) [hadoop-common-3.3.1.jar:?]
	at org.apache.hadoop.ipc.Server$RpcCall.run(Server.java:1035) [hadoop-common-3.3.1.jar:?]
	at org.apache.hadoop.ipc.Server$RpcCall.run(Server.java:963) [hadoop-common-3.3.1.jar:?]
	at java.security.AccessController.doPrivileged(Native Method) ~[?:1.8.0_332]
	at javax.security.auth.Subject.doAs(Subject.java:422) [?:1.8.0_332]
	at org.apache.hadoop.security.UserGroupInformation.doAs(UserGroupInformation.java:1878) [hadoop-common-3.3.1.jar:?]
	at org.apache.hadoop.ipc.Server$Handler.run(Server.java:2966) [hadoop-common-3.3.1.jar:?]
07:20:01.927 [IPC Server handler 3 on default port 41977] ERROR OMAudit - user=runner | ip=127.0.0.1 | op=GET_FILE_STATUS {volume=volume93803, bucket=trashroottest2, key=.Trash/runner, dataSize=0, replicationConfig=null} | ret=FAILURE
org.apache.hadoop.ozone.om.exceptions.OMException: Unable to get file status: volume: volume93803 bucket: trashroottest2 key: .Trash/runner
	at org.apache.hadoop.ozone.om.KeyManagerImpl.getOzoneFileStatus(KeyManagerImpl.java:1311) ~[ozone-manager-1.3.0-SNAPSHOT.jar:?]
	at org.apache.hadoop.ozone.om.KeyManagerImpl.getFileStatus(KeyManagerImpl.java:1241) ~[ozone-manager-1.3.0-SNAPSHOT.jar:?]
	at org.apache.hadoop.ozone.om.OzoneManager.getFileStatus(OzoneManager.java:3419) ~[ozone-manager-1.3.0-SNAPSHOT.jar:?]
	at org.apache.hadoop.ozone.protocolPB.OzoneManagerRequestHandler.getOzoneFileStatus(OzoneManagerRequestHandler.java:871) ~[ozone-manager-1.3.0-SNAPSHOT.jar:?]
	at org.apache.hadoop.ozone.protocolPB.OzoneManagerRequestHandler.handleReadRequest(OzoneManagerRequestHandler.java:217) ~[ozone-manager-1.3.0-SNAPSHOT.jar:?]
	at org.apache.hadoop.ozone.protocolPB.OzoneManagerProtocolServerSideTranslatorPB.submitReadRequestToOM(OzoneManagerProtocolServerSideTranslatorPB.java:226) ~[ozone-manager-1.3.0-SNAPSHOT.jar:?]
	at org.apache.hadoop.ozone.protocolPB.OzoneManagerProtocolServerSideTranslatorPB.processRequest(OzoneManagerProtocolServerSideTranslatorPB.java:175) ~[ozone-manager-1.3.0-SNAPSHOT.jar:?]
	at org.apache.hadoop.hdds.server.OzoneProtocolMessageDispatcher.processRequest(OzoneProtocolMessageDispatcher.java:87) [hdds-server-framework-1.3.0-SNAPSHOT.jar:?]
	at org.apache.hadoop.ozone.protocolPB.OzoneManagerProtocolServerSideTranslatorPB.submitRequest(OzoneManagerProtocolServerSideTranslatorPB.java:147) [ozone-manager-1.3.0-SNAPSHOT.jar:?]
	at org.apache.hadoop.ozone.protocol.proto.OzoneManagerProtocolProtos$OzoneManagerService$2.callBlockingMethod(OzoneManagerProtocolProtos.java) [ozone-interface-client-1.3.0-SNAPSHOT.jar:?]
	at org.apache.hadoop.ipc.ProtobufRpcEngine$Server.processCall(ProtobufRpcEngine.java:466) [hadoop-common-3.3.1.jar:?]
	at org.apache.hadoop.ipc.ProtobufRpcEngine2$Server$ProtoBufRpcInvoker.call(ProtobufRpcEngine2.java:574) [hadoop-common-3.3.1.jar:?]
	at org.apache.hadoop.ipc.ProtobufRpcEngine2$Server$ProtoBufRpcInvoker.call(ProtobufRpcEngine2.java:552) [hadoop-common-3.3.1.jar:?]
	at org.apache.hadoop.ipc.RPC$Server.call(RPC.java:1093) [hadoop-common-3.3.1.jar:?]
	at org.apache.hadoop.ipc.Server$RpcCall.run(Server.java:1035) [hadoop-common-3.3.1.jar:?]
	at org.apache.hadoop.ipc.Server$RpcCall.run(Server.java:963) [hadoop-common-3.3.1.jar:?]
	at java.security.AccessController.doPrivileged(Native Method) ~[?:1.8.0_332]
	at javax.security.auth.Subject.doAs(Subject.java:422) [?:1.8.0_332]
	at org.apache.hadoop.security.UserGroupInformation.doAs(UserGroupInformation.java:1878) [hadoop-common-3.3.1.jar:?]
	at org.apache.hadoop.ipc.Server$Handler.run(Server.java:2966) [hadoop-common-3.3.1.jar:?]
07:20:01.934 [IPC Server handler 12 on default port 41977] ERROR OMAudit - user=runner | ip=127.0.0.1 | op=GET_FILE_STATUS {volume=7ad33715-8fcd-4268-abdc-980ef0d02a34, bucket=ff82feba-c654-4686-80e1-33f972da230c, key=.Trash, dataSize=0, replicationConfig=null} | ret=FAILURE
org.apache.hadoop.ozone.om.exceptions.OMException: Unable to get file status: volume: 7ad33715-8fcd-4268-abdc-980ef0d02a34 bucket: ff82feba-c654-4686-80e1-33f972da230c key: .Trash
	at org.apache.hadoop.ozone.om.KeyManagerImpl.getOzoneFileStatus(KeyManagerImpl.java:1311) ~[ozone-manager-1.3.0-SNAPSHOT.jar:?]
	at org.apache.hadoop.ozone.om.KeyManagerImpl.getFileStatus(KeyManagerImpl.java:1241) ~[ozone-manager-1.3.0-SNAPSHOT.jar:?]
	at org.apache.hadoop.ozone.om.OzoneManager.getFileStatus(OzoneManager.java:3419) ~[ozone-manager-1.3.0-SNAPSHOT.jar:?]
	at org.apache.hadoop.ozone.protocolPB.OzoneManagerRequestHandler.getOzoneFileStatus(OzoneManagerRequestHandler.java:871) ~[ozone-manager-1.3.0-SNAPSHOT.jar:?]
	at org.apache.hadoop.ozone.protocolPB.OzoneManagerRequestHandler.handleReadRequest(OzoneManagerRequestHandler.java:217) ~[ozone-manager-1.3.0-SNAPSHOT.jar:?]
	at org.apache.hadoop.ozone.protocolPB.OzoneManagerProtocolServerSideTranslatorPB.submitReadRequestToOM(OzoneManagerProtocolServerSideTranslatorPB.java:226) ~[ozone-manager-1.3.0-SNAPSHOT.jar:?]
	at org.apache.hadoop.ozone.protocolPB.OzoneManagerProtocolServerSideTranslatorPB.processRequest(OzoneManagerProtocolServerSideTranslatorPB.java:175) ~[ozone-manager-1.3.0-SNAPSHOT.jar:?]
	at org.apache.hadoop.hdds.server.OzoneProtocolMessageDispatcher.processRequest(OzoneProtocolMessageDispatcher.java:87) [hdds-server-framework-1.3.0-SNAPSHOT.jar:?]
	at org.apache.hadoop.ozone.protocolPB.OzoneManagerProtocolServerSideTranslatorPB.submitRequest(OzoneManagerProtocolServerSideTranslatorPB.java:147) [ozone-manager-1.3.0-SNAPSHOT.jar:?]
	at org.apache.hadoop.ozone.protocol.proto.OzoneManagerProtocolProtos$OzoneManagerService$2.callBlockingMethod(OzoneManagerProtocolProtos.java) [ozone-interface-client-1.3.0-SNAPSHOT.jar:?]
	at org.apache.hadoop.ipc.ProtobufRpcEngine$Server.processCall(ProtobufRpcEngine.java:466) [hadoop-common-3.3.1.jar:?]
	at org.apache.hadoop.ipc.ProtobufRpcEngine2$Server$ProtoBufRpcInvoker.call(ProtobufRpcEngine2.java:574) [hadoop-common-3.3.1.jar:?]
	at org.apache.hadoop.ipc.ProtobufRpcEngine2$Server$ProtoBufRpcInvoker.call(ProtobufRpcEngine2.java:552) [hadoop-common-3.3.1.jar:?]
	at org.apache.hadoop.ipc.RPC$Server.call(RPC.java:1093) [hadoop-common-3.3.1.jar:?]
	at org.apache.hadoop.ipc.Server$RpcCall.run(Server.java:1035) [hadoop-common-3.3.1.jar:?]
	at org.apache.hadoop.ipc.Server$RpcCall.run(Server.java:963) [hadoop-common-3.3.1.jar:?]
	at java.security.AccessController.doPrivileged(Native Method) ~[?:1.8.0_332]
	at javax.security.auth.Subject.doAs(Subject.java:422) [?:1.8.0_332]
	at org.apache.hadoop.security.UserGroupInformation.doAs(UserGroupInformation.java:1878) [hadoop-common-3.3.1.jar:?]
	at org.apache.hadoop.ipc.Server$Handler.run(Server.java:2966) [hadoop-common-3.3.1.jar:?]
07:20:01.938 [IPC Server handler 16 on default port 41977] ERROR OMAudit - user=runner | ip=127.0.0.1 | op=GET_FILE_STATUS {volume=volume86107, bucket=bucket56624, key=.Trash, dataSize=0, replicationConfig=null} | ret=FAILURE
org.apache.hadoop.ozone.om.exceptions.OMException: Unable to get file status: volume: volume86107 bucket: bucket56624 key: .Trash
	at org.apache.hadoop.ozone.om.KeyManagerImpl.getOzoneFileStatus(KeyManagerImpl.java:1311) ~[ozone-manager-1.3.0-SNAPSHOT.jar:?]
	at org.apache.hadoop.ozone.om.KeyManagerImpl.getFileStatus(KeyManagerImpl.java:1241) ~[ozone-manager-1.3.0-SNAPSHOT.jar:?]
	at org.apache.hadoop.ozone.om.OzoneManager.getFileStatus(OzoneManager.java:3419) ~[ozone-manager-1.3.0-SNAPSHOT.jar:?]
	at org.apache.hadoop.ozone.protocolPB.OzoneManagerRequestHandler.getOzoneFileStatus(OzoneManagerRequestHandler.java:871) ~[ozone-manager-1.3.0-SNAPSHOT.jar:?]
	at org.apache.hadoop.ozone.protocolPB.OzoneManagerRequestHandler.handleReadRequest(OzoneManagerRequestHandler.java:217) ~[ozone-manager-1.3.0-SNAPSHOT.jar:?]
	at org.apache.hadoop.ozone.protocolPB.OzoneManagerProtocolServerSideTranslatorPB.submitReadRequestToOM(OzoneManagerProtocolServerSideTranslatorPB.java:226) ~[ozone-manager-1.3.0-SNAPSHOT.jar:?]
	at org.apache.hadoop.ozone.protocolPB.OzoneManagerProtocolServerSideTranslatorPB.processRequest(OzoneManagerProtocolServerSideTranslatorPB.java:175) ~[ozone-manager-1.3.0-SNAPSHOT.jar:?]
	at org.apache.hadoop.hdds.server.OzoneProtocolMessageDispatcher.processRequest(OzoneProtocolMessageDispatcher.java:87) [hdds-server-framework-1.3.0-SNAPSHOT.jar:?]
	at org.apache.hadoop.ozone.protocolPB.OzoneManagerProtocolServerSideTranslatorPB.submitRequest(OzoneManagerProtocolServerSideTranslatorPB.java:147) [ozone-manager-1.3.0-SNAPSHOT.jar:?]
	at org.apache.hadoop.ozone.protocol.proto.OzoneManagerProtocolProtos$OzoneManagerService$2.callBlockingMethod(OzoneManagerProtocolProtos.java) [ozone-interface-client-1.3.0-SNAPSHOT.jar:?]
	at org.apache.hadoop.ipc.ProtobufRpcEngine$Server.processCall(ProtobufRpcEngine.java:466) [hadoop-common-3.3.1.jar:?]
	at org.apache.hadoop.ipc.ProtobufRpcEngine2$Server$ProtoBufRpcInvoker.call(ProtobufRpcEngine2.java:574) [hadoop-common-3.3.1.jar:?]
	at org.apache.hadoop.ipc.ProtobufRpcEngine2$Server$ProtoBufRpcInvoker.call(ProtobufRpcEngine2.java:552) [hadoop-common-3.3.1.jar:?]
	at org.apache.hadoop.ipc.RPC$Server.call(RPC.java:1093) [hadoop-common-3.3.1.jar:?]
	at org.apache.hadoop.ipc.Server$RpcCall.run(Server.java:1035) [hadoop-common-3.3.1.jar:?]
	at org.apache.hadoop.ipc.Server$RpcCall.run(Server.java:963) [hadoop-common-3.3.1.jar:?]
	at java.security.AccessController.doPrivileged(Native Method) ~[?:1.8.0_332]
	at javax.security.auth.Subject.doAs(Subject.java:422) [?:1.8.0_332]
	at org.apache.hadoop.security.UserGroupInformation.doAs(UserGroupInformation.java:1878) [hadoop-common-3.3.1.jar:?]
	at org.apache.hadoop.ipc.Server$Handler.run(Server.java:2966) [hadoop-common-3.3.1.jar:?]
07:20:01.948 [IPC Server handler 7 on default port 41977] ERROR OMAudit - user=runner | ip=127.0.0.1 | op=GET_FILE_STATUS {volume=volume93803, bucket=trashroottest2, key=.Trash, dataSize=0, replicationConfig=null} | ret=FAILURE
org.apache.hadoop.ozone.om.exceptions.OMException: Unable to get file status: volume: volume93803 bucket: trashroottest2 key: .Trash
	at org.apache.hadoop.ozone.om.KeyManagerImpl.getOzoneFileStatus(KeyManagerImpl.java:1311) ~[ozone-manager-1.3.0-SNAPSHOT.jar:?]
	at org.apache.hadoop.ozone.om.KeyManagerImpl.getFileStatus(KeyManagerImpl.java:1241) ~[ozone-manager-1.3.0-SNAPSHOT.jar:?]
	at org.apache.hadoop.ozone.om.OzoneManager.getFileStatus(OzoneManager.java:3419) ~[ozone-manager-1.3.0-SNAPSHOT.jar:?]
	at org.apache.hadoop.ozone.protocolPB.OzoneManagerRequestHandler.getOzoneFileStatus(OzoneManagerRequestHandler.java:871) ~[ozone-manager-1.3.0-SNAPSHOT.jar:?]
	at org.apache.hadoop.ozone.protocolPB.OzoneManagerRequestHandler.handleReadRequest(OzoneManagerRequestHandler.java:217) ~[ozone-manager-1.3.0-SNAPSHOT.jar:?]
	at org.apache.hadoop.ozone.protocolPB.OzoneManagerProtocolServerSideTranslatorPB.submitReadRequestToOM(OzoneManagerProtocolServerSideTranslatorPB.java:226) ~[ozone-manager-1.3.0-SNAPSHOT.jar:?]
	at org.apache.hadoop.ozone.protocolPB.OzoneManagerProtocolServerSideTranslatorPB.processRequest(OzoneManagerProtocolServerSideTranslatorPB.java:175) ~[ozone-manager-1.3.0-SNAPSHOT.jar:?]
	at org.apache.hadoop.hdds.server.OzoneProtocolMessageDispatcher.processRequest(OzoneProtocolMessageDispatcher.java:87) [hdds-server-framework-1.3.0-SNAPSHOT.jar:?]
	at org.apache.hadoop.ozone.protocolPB.OzoneManagerProtocolServerSideTranslatorPB.submitRequest(OzoneManagerProtocolServerSideTranslatorPB.java:147) [ozone-manager-1.3.0-SNAPSHOT.jar:?]
	at org.apache.hadoop.ozone.protocol.proto.OzoneManagerProtocolProtos$OzoneManagerService$2.callBlockingMethod(OzoneManagerProtocolProtos.java) [ozone-interface-client-1.3.0-SNAPSHOT.jar:?]
	at org.apache.hadoop.ipc.ProtobufRpcEngine$Server.processCall(ProtobufRpcEngine.java:466) [hadoop-common-3.3.1.jar:?]
	at org.apache.hadoop.ipc.ProtobufRpcEngine2$Server$ProtoBufRpcInvoker.call(ProtobufRpcEngine2.java:574) [hadoop-common-3.3.1.jar:?]
	at org.apache.hadoop.ipc.ProtobufRpcEngine2$Server$ProtoBufRpcInvoker.call(ProtobufRpcEngine2.java:552) [hadoop-common-3.3.1.jar:?]
	at org.apache.hadoop.ipc.RPC$Server.call(RPC.java:1093) [hadoop-common-3.3.1.jar:?]
	at org.apache.hadoop.ipc.Server$RpcCall.run(Server.java:1035) [hadoop-common-3.3.1.jar:?]
	at org.apache.hadoop.ipc.Server$RpcCall.run(Server.java:963) [hadoop-common-3.3.1.jar:?]
	at java.security.AccessController.doPrivileged(Native Method) ~[?:1.8.0_332]
	at javax.security.auth.Subject.doAs(Subject.java:422) [?:1.8.0_332]
	at org.apache.hadoop.security.UserGroupInformation.doAs(UserGroupInformation.java:1878) [hadoop-common-3.3.1.jar:?]
	at org.apache.hadoop.ipc.Server$Handler.run(Server.java:2966) [hadoop-common-3.3.1.jar:?]
07:20:01.965 [IPC Server handler 5 on default port 41977] ERROR OMAudit - user=runner | ip=127.0.0.1 | op=GET_FILE_STATUS {volume=7ad33715-8fcd-4268-abdc-980ef0d02a34, bucket=ff82feba-c654-4686-80e1-33f972da230c, key=.Trash/runner, dataSize=0, replicationConfig=null} | ret=FAILURE
org.apache.hadoop.ozone.om.exceptions.OMException: Unable to get file status: volume: 7ad33715-8fcd-4268-abdc-980ef0d02a34 bucket: ff82feba-c654-4686-80e1-33f972da230c key: .Trash/runner
	at org.apache.hadoop.ozone.om.KeyManagerImpl.getOzoneFileStatus(KeyManagerImpl.java:1311) ~[ozone-manager-1.3.0-SNAPSHOT.jar:?]
	at org.apache.hadoop.ozone.om.KeyManagerImpl.getFileStatus(KeyManagerImpl.java:1241) ~[ozone-manager-1.3.0-SNAPSHOT.jar:?]
	at org.apache.hadoop.ozone.om.OzoneManager.getFileStatus(OzoneManager.java:3419) ~[ozone-manager-1.3.0-SNAPSHOT.jar:?]
	at org.apache.hadoop.ozone.protocolPB.OzoneManagerRequestHandler.getOzoneFileStatus(OzoneManagerRequestHandler.java:871) ~[ozone-manager-1.3.0-SNAPSHOT.jar:?]
	at org.apache.hadoop.ozone.protocolPB.OzoneManagerRequestHandler.handleReadRequest(OzoneManagerRequestHandler.java:217) ~[ozone-manager-1.3.0-SNAPSHOT.jar:?]
	at org.apache.hadoop.ozone.protocolPB.OzoneManagerProtocolServerSideTranslatorPB.submitReadRequestToOM(OzoneManagerProtocolServerSideTranslatorPB.java:226) ~[ozone-manager-1.3.0-SNAPSHOT.jar:?]
	at org.apache.hadoop.ozone.protocolPB.OzoneManagerProtocolServerSideTranslatorPB.processRequest(OzoneManagerProtocolServerSideTranslatorPB.java:175) ~[ozone-manager-1.3.0-SNAPSHOT.jar:?]
	at org.apache.hadoop.hdds.server.OzoneProtocolMessageDispatcher.processRequest(OzoneProtocolMessageDispatcher.java:87) [hdds-server-framework-1.3.0-SNAPSHOT.jar:?]
	at org.apache.hadoop.ozone.protocolPB.OzoneManagerProtocolServerSideTranslatorPB.submitRequest(OzoneManagerProtocolServerSideTranslatorPB.java:147) [ozone-manager-1.3.0-SNAPSHOT.jar:?]
	at org.apache.hadoop.ozone.protocol.proto.OzoneManagerProtocolProtos$OzoneManagerService$2.callBlockingMethod(OzoneManagerProtocolProtos.java) [ozone-interface-client-1.3.0-SNAPSHOT.jar:?]
	at org.apache.hadoop.ipc.ProtobufRpcEngine$Server.processCall(ProtobufRpcEngine.java:466) [hadoop-common-3.3.1.jar:?]
	at org.apache.hadoop.ipc.ProtobufRpcEngine2$Server$ProtoBufRpcInvoker.call(ProtobufRpcEngine2.java:574) [hadoop-common-3.3.1.jar:?]
	at org.apache.hadoop.ipc.ProtobufRpcEngine2$Server$ProtoBufRpcInvoker.call(ProtobufRpcEngine2.java:552) [hadoop-common-3.3.1.jar:?]
	at org.apache.hadoop.ipc.RPC$Server.call(RPC.java:1093) [hadoop-common-3.3.1.jar:?]
	at org.apache.hadoop.ipc.Server$RpcCall.run(Server.java:1035) [hadoop-common-3.3.1.jar:?]
	at org.apache.hadoop.ipc.Server$RpcCall.run(Server.java:963) [hadoop-common-3.3.1.jar:?]
	at java.security.AccessController.doPrivileged(Native Method) ~[?:1.8.0_332]
	at javax.security.auth.Subject.doAs(Subject.java:422) [?:1.8.0_332]
	at org.apache.hadoop.security.UserGroupInformation.doAs(UserGroupInformation.java:1878) [hadoop-common-3.3.1.jar:?]
	at org.apache.hadoop.ipc.Server$Handler.run(Server.java:2966) [hadoop-common-3.3.1.jar:?]
07:20:01.969 [IPC Server handler 12 on default port 41977] ERROR OMAudit - user=runner | ip=127.0.0.1 | op=GET_FILE_STATUS {volume=volume86107, bucket=bucket56624, key=.Trash/runner, dataSize=0, replicationConfig=null} | ret=FAILURE
org.apache.hadoop.ozone.om.exceptions.OMException: Unable to get file status: volume: volume86107 bucket: bucket56624 key: .Trash/runner
	at org.apache.hadoop.ozone.om.KeyManagerImpl.getOzoneFileStatus(KeyManagerImpl.java:1311) ~[ozone-manager-1.3.0-SNAPSHOT.jar:?]
	at org.apache.hadoop.ozone.om.KeyManagerImpl.getFileStatus(KeyManagerImpl.java:1241) ~[ozone-manager-1.3.0-SNAPSHOT.jar:?]
	at org.apache.hadoop.ozone.om.OzoneManager.getFileStatus(OzoneManager.java:3419) ~[ozone-manager-1.3.0-SNAPSHOT.jar:?]
	at org.apache.hadoop.ozone.protocolPB.OzoneManagerRequestHandler.getOzoneFileStatus(OzoneManagerRequestHandler.java:871) ~[ozone-manager-1.3.0-SNAPSHOT.jar:?]
	at org.apache.hadoop.ozone.protocolPB.OzoneManagerRequestHandler.handleReadRequest(OzoneManagerRequestHandler.java:217) ~[ozone-manager-1.3.0-SNAPSHOT.jar:?]
	at org.apache.hadoop.ozone.protocolPB.OzoneManagerProtocolServerSideTranslatorPB.submitReadRequestToOM(OzoneManagerProtocolServerSideTranslatorPB.java:226) ~[ozone-manager-1.3.0-SNAPSHOT.jar:?]
	at org.apache.hadoop.ozone.protocolPB.OzoneManagerProtocolServerSideTranslatorPB.processRequest(OzoneManagerProtocolServerSideTranslatorPB.java:175) ~[ozone-manager-1.3.0-SNAPSHOT.jar:?]
	at org.apache.hadoop.hdds.server.OzoneProtocolMessageDispatcher.processRequest(OzoneProtocolMessageDispatcher.java:87) [hdds-server-framework-1.3.0-SNAPSHOT.jar:?]
	at org.apache.hadoop.ozone.protocolPB.OzoneManagerProtocolServerSideTranslatorPB.submitRequest(OzoneManagerProtocolServerSideTranslatorPB.java:147) [ozone-manager-1.3.0-SNAPSHOT.jar:?]
	at org.apache.hadoop.ozone.protocol.proto.OzoneManagerProtocolProtos$OzoneManagerService$2.callBlockingMethod(OzoneManagerProtocolProtos.java) [ozone-interface-client-1.3.0-SNAPSHOT.jar:?]
	at org.apache.hadoop.ipc.ProtobufRpcEngine$Server.processCall(ProtobufRpcEngine.java:466) [hadoop-common-3.3.1.jar:?]
	at org.apache.hadoop.ipc.ProtobufRpcEngine2$Server$ProtoBufRpcInvoker.call(ProtobufRpcEngine2.java:574) [hadoop-common-3.3.1.jar:?]
	at org.apache.hadoop.ipc.ProtobufRpcEngine2$Server$ProtoBufRpcInvoker.call(ProtobufRpcEngine2.java:552) [hadoop-common-3.3.1.jar:?]
	at org.apache.hadoop.ipc.RPC$Server.call(RPC.java:1093) [hadoop-common-3.3.1.jar:?]
	at org.apache.hadoop.ipc.Server$RpcCall.run(Server.java:1035) [hadoop-common-3.3.1.jar:?]
	at org.apache.hadoop.ipc.Server$RpcCall.run(Server.java:963) [hadoop-common-3.3.1.jar:?]
	at java.security.AccessController.doPrivileged(Native Method) ~[?:1.8.0_332]
	at javax.security.auth.Subject.doAs(Subject.java:422) [?:1.8.0_332]
	at org.apache.hadoop.security.UserGroupInformation.doAs(UserGroupInformation.java:1878) [hadoop-common-3.3.1.jar:?]
	at org.apache.hadoop.ipc.Server$Handler.run(Server.java:2966) [hadoop-common-3.3.1.jar:?]
07:20:01.979 [IPC Server handler 0 on default port 41977] ERROR OMAudit - user=runner | ip=127.0.0.1 | op=GET_FILE_STATUS {volume=volume93803, bucket=trashroottest2, key=.Trash/runner, dataSize=0, replicationConfig=null} | ret=FAILURE
org.apache.hadoop.ozone.om.exceptions.OMException: Unable to get file status: volume: volume93803 bucket: trashroottest2 key: .Trash/runner
	at org.apache.hadoop.ozone.om.KeyManagerImpl.getOzoneFileStatus(KeyManagerImpl.java:1311) ~[ozone-manager-1.3.0-SNAPSHOT.jar:?]
	at org.apache.hadoop.ozone.om.KeyManagerImpl.getFileStatus(KeyManagerImpl.java:1241) ~[ozone-manager-1.3.0-SNAPSHOT.jar:?]
	at org.apache.hadoop.ozone.om.OzoneManager.getFileStatus(OzoneManager.java:3419) ~[ozone-manager-1.3.0-SNAPSHOT.jar:?]
	at org.apache.hadoop.ozone.protocolPB.OzoneManagerRequestHandler.getOzoneFileStatus(OzoneManagerRequestHandler.java:871) ~[ozone-manager-1.3.0-SNAPSHOT.jar:?]
	at org.apache.hadoop.ozone.protocolPB.OzoneManagerRequestHandler.handleReadRequest(OzoneManagerRequestHandler.java:217) ~[ozone-manager-1.3.0-SNAPSHOT.jar:?]
	at org.apache.hadoop.ozone.protocolPB.OzoneManagerProtocolServerSideTranslatorPB.submitReadRequestToOM(OzoneManagerProtocolServerSideTranslatorPB.java:226) ~[ozone-manager-1.3.0-SNAPSHOT.jar:?]
	at org.apache.hadoop.ozone.protocolPB.OzoneManagerProtocolServerSideTranslatorPB.processRequest(OzoneManagerProtocolServerSideTranslatorPB.java:175) ~[ozone-manager-1.3.0-SNAPSHOT.jar:?]
	at org.apache.hadoop.hdds.server.OzoneProtocolMessageDispatcher.processRequest(OzoneProtocolMessageDispatcher.java:87) [hdds-server-framework-1.3.0-SNAPSHOT.jar:?]
	at org.apache.hadoop.ozone.protocolPB.OzoneManagerProtocolServerSideTranslatorPB.submitRequest(OzoneManagerProtocolServerSideTranslatorPB.java:147) [ozone-manager-1.3.0-SNAPSHOT.jar:?]
	at org.apache.hadoop.ozone.protocol.proto.OzoneManagerProtocolProtos$OzoneManagerService$2.callBlockingMethod(OzoneManagerProtocolProtos.java) [ozone-interface-client-1.3.0-SNAPSHOT.jar:?]
	at org.apache.hadoop.ipc.ProtobufRpcEngine$Server.processCall(ProtobufRpcEngine.java:466) [hadoop-common-3.3.1.jar:?]
	at org.apache.hadoop.ipc.ProtobufRpcEngine2$Server$ProtoBufRpcInvoker.call(ProtobufRpcEngine2.java:574) [hadoop-common-3.3.1.jar:?]
	at org.apache.hadoop.ipc.ProtobufRpcEngine2$Server$ProtoBufRpcInvoker.call(ProtobufRpcEngine2.java:552) [hadoop-common-3.3.1.jar:?]
	at org.apache.hadoop.ipc.RPC$Server.call(RPC.java:1093) [hadoop-common-3.3.1.jar:?]
	at org.apache.hadoop.ipc.Server$RpcCall.run(Server.java:1035) [hadoop-common-3.3.1.jar:?]
	at org.apache.hadoop.ipc.Server$RpcCall.run(Server.java:963) [hadoop-common-3.3.1.jar:?]
	at java.security.AccessController.doPrivileged(Native Method) ~[?:1.8.0_332]
	at javax.security.auth.Subject.doAs(Subject.java:422) [?:1.8.0_332]
	at org.apache.hadoop.security.UserGroupInformation.doAs(UserGroupInformation.java:1878) [hadoop-common-3.3.1.jar:?]
	at org.apache.hadoop.ipc.Server$Handler.run(Server.java:2966) [hadoop-common-3.3.1.jar:?]
07:20:01.984 [IPC Server handler 9 on default port 41977] ERROR OMAudit - user=runner | ip=127.0.0.1 | op=GET_FILE_STATUS {volume=7ad33715-8fcd-4268-abdc-980ef0d02a34, bucket=ff82feba-c654-4686-80e1-33f972da230c, key=.Trash, dataSize=0, replicationConfig=null} | ret=FAILURE
org.apache.hadoop.ozone.om.exceptions.OMException: Unable to get file status: volume: 7ad33715-8fcd-4268-abdc-980ef0d02a34 bucket: ff82feba-c654-4686-80e1-33f972da230c key: .Trash
	at org.apache.hadoop.ozone.om.KeyManagerImpl.getOzoneFileStatus(KeyManagerImpl.java:1311) ~[ozone-manager-1.3.0-SNAPSHOT.jar:?]
	at org.apache.hadoop.ozone.om.KeyManagerImpl.getFileStatus(KeyManagerImpl.java:1241) ~[ozone-manager-1.3.0-SNAPSHOT.jar:?]
	at org.apache.hadoop.ozone.om.OzoneManager.getFileStatus(OzoneManager.java:3419) ~[ozone-manager-1.3.0-SNAPSHOT.jar:?]
	at org.apache.hadoop.ozone.protocolPB.OzoneManagerRequestHandler.getOzoneFileStatus(OzoneManagerRequestHandler.java:871) ~[ozone-manager-1.3.0-SNAPSHOT.jar:?]
	at org.apache.hadoop.ozone.protocolPB.OzoneManagerRequestHandler.handleReadRequest(OzoneManagerRequestHandler.java:217) ~[ozone-manager-1.3.0-SNAPSHOT.jar:?]
	at org.apache.hadoop.ozone.protocolPB.OzoneManagerProtocolServerSideTranslatorPB.submitReadRequestToOM(OzoneManagerProtocolServerSideTranslatorPB.java:226) ~[ozone-manager-1.3.0-SNAPSHOT.jar:?]
	at org.apache.hadoop.ozone.protocolPB.OzoneManagerProtocolServerSideTranslatorPB.processRequest(OzoneManagerProtocolServerSideTranslatorPB.java:175) ~[ozone-manager-1.3.0-SNAPSHOT.jar:?]
	at org.apache.hadoop.hdds.server.OzoneProtocolMessageDispatcher.processRequest(OzoneProtocolMessageDispatcher.java:87) [hdds-server-framework-1.3.0-SNAPSHOT.jar:?]
	at org.apache.hadoop.ozone.protocolPB.OzoneManagerProtocolServerSideTranslatorPB.submitRequest(OzoneManagerProtocolServerSideTranslatorPB.java:147) [ozone-manager-1.3.0-SNAPSHOT.jar:?]
	at org.apache.hadoop.ozone.protocol.proto.OzoneManagerProtocolProtos$OzoneManagerService$2.callBlockingMethod(OzoneManagerProtocolProtos.java) [ozone-interface-client-1.3.0-SNAPSHOT.jar:?]
	at org.apache.hadoop.ipc.ProtobufRpcEngine$Server.processCall(ProtobufRpcEngine.java:466) [hadoop-common-3.3.1.jar:?]
	at org.apache.hadoop.ipc.ProtobufRpcEngine2$Server$ProtoBufRpcInvoker.call(ProtobufRpcEngine2.java:574) [hadoop-common-3.3.1.jar:?]
	at org.apache.hadoop.ipc.ProtobufRpcEngine2$Server$ProtoBufRpcInvoker.call(ProtobufRpcEngine2.java:552) [hadoop-common-3.3.1.jar:?]
	at org.apache.hadoop.ipc.RPC$Server.call(RPC.java:1093) [hadoop-common-3.3.1.jar:?]
	at org.apache.hadoop.ipc.Server$RpcCall.run(Server.java:1035) [hadoop-common-3.3.1.jar:?]
	at org.apache.hadoop.ipc.Server$RpcCall.run(Server.java:963) [hadoop-common-3.3.1.jar:?]
	at java.security.AccessController.doPrivileged(Native Method) ~[?:1.8.0_332]
	at javax.security.auth.Subject.doAs(Subject.java:422) [?:1.8.0_332]
	at org.apache.hadoop.security.UserGroupInformation.doAs(UserGroupInformation.java:1878) [hadoop-common-3.3.1.jar:?]
	at org.apache.hadoop.ipc.Server$Handler.run(Server.java:2966) [hadoop-common-3.3.1.jar:?]
07:20:01.988 [IPC Server handler 13 on default port 41977] ERROR OMAudit - user=runner | ip=127.0.0.1 | op=GET_FILE_STATUS {volume=volume86107, bucket=bucket56624, key=.Trash, dataSize=0, replicationConfig=null} | ret=FAILURE
org.apache.hadoop.ozone.om.exceptions.OMException: Unable to get file status: volume: volume86107 bucket: bucket56624 key: .Trash
	at org.apache.hadoop.ozone.om.KeyManagerImpl.getOzoneFileStatus(KeyManagerImpl.java:1311) ~[ozone-manager-1.3.0-SNAPSHOT.jar:?]
	at org.apache.hadoop.ozone.om.KeyManagerImpl.getFileStatus(KeyManagerImpl.java:1241) ~[ozone-manager-1.3.0-SNAPSHOT.jar:?]
	at org.apache.hadoop.ozone.om.OzoneManager.getFileStatus(OzoneManager.java:3419) ~[ozone-manager-1.3.0-SNAPSHOT.jar:?]
	at org.apache.hadoop.ozone.protocolPB.OzoneManagerRequestHandler.getOzoneFileStatus(OzoneManagerRequestHandler.java:871) ~[ozone-manager-1.3.0-SNAPSHOT.jar:?]
	at org.apache.hadoop.ozone.protocolPB.OzoneManagerRequestHandler.handleReadRequest(OzoneManagerRequestHandler.java:217) ~[ozone-manager-1.3.0-SNAPSHOT.jar:?]
	at org.apache.hadoop.ozone.protocolPB.OzoneManagerProtocolServerSideTranslatorPB.submitReadRequestToOM(OzoneManagerProtocolServerSideTranslatorPB.java:226) ~[ozone-manager-1.3.0-SNAPSHOT.jar:?]
	at org.apache.hadoop.ozone.protocolPB.OzoneManagerProtocolServerSideTranslatorPB.processRequest(OzoneManagerProtocolServerSideTranslatorPB.java:175) ~[ozone-manager-1.3.0-SNAPSHOT.jar:?]
	at org.apache.hadoop.hdds.server.OzoneProtocolMessageDispatcher.processRequest(OzoneProtocolMessageDispatcher.java:87) [hdds-server-framework-1.3.0-SNAPSHOT.jar:?]
	at org.apache.hadoop.ozone.protocolPB.OzoneManagerProtocolServerSideTranslatorPB.submitRequest(OzoneManagerProtocolServerSideTranslatorPB.java:147) [ozone-manager-1.3.0-SNAPSHOT.jar:?]
	at org.apache.hadoop.ozone.protocol.proto.OzoneManagerProtocolProtos$OzoneManagerService$2.callBlockingMethod(OzoneManagerProtocolProtos.java) [ozone-interface-client-1.3.0-SNAPSHOT.jar:?]
	at org.apache.hadoop.ipc.ProtobufRpcEngine$Server.processCall(ProtobufRpcEngine.java:466) [hadoop-common-3.3.1.jar:?]
	at org.apache.hadoop.ipc.ProtobufRpcEngine2$Server$ProtoBufRpcInvoker.call(ProtobufRpcEngine2.java:574) [hadoop-common-3.3.1.jar:?]
	at org.apache.hadoop.ipc.ProtobufRpcEngine2$Server$ProtoBufRpcInvoker.call(ProtobufRpcEngine2.java:552) [hadoop-common-3.3.1.jar:?]
	at org.apache.hadoop.ipc.RPC$Server.call(RPC.java:1093) [hadoop-common-3.3.1.jar:?]
	at org.apache.hadoop.ipc.Server$RpcCall.run(Server.java:1035) [hadoop-common-3.3.1.jar:?]
	at org.apache.hadoop.ipc.Server$RpcCall.run(Server.java:963) [hadoop-common-3.3.1.jar:?]
	at java.security.AccessController.doPrivileged(Native Method) ~[?:1.8.0_332]
	at javax.security.auth.Subject.doAs(Subject.java:422) [?:1.8.0_332]
	at org.apache.hadoop.security.UserGroupInformation.doAs(UserGroupInformation.java:1878) [hadoop-common-3.3.1.jar:?]
	at org.apache.hadoop.ipc.Server$Handler.run(Server.java:2966) [hadoop-common-3.3.1.jar:?]
07:20:01.997 [IPC Server handler 1 on default port 41977] ERROR OMAudit - user=runner | ip=127.0.0.1 | op=GET_FILE_STATUS {volume=volume93803, bucket=trashroottest2, key=.Trash, dataSize=0, replicationConfig=null} | ret=FAILURE
org.apache.hadoop.ozone.om.exceptions.OMException: Unable to get file status: volume: volume93803 bucket: trashroottest2 key: .Trash
	at org.apache.hadoop.ozone.om.KeyManagerImpl.getOzoneFileStatus(KeyManagerImpl.java:1311) ~[ozone-manager-1.3.0-SNAPSHOT.jar:?]
	at org.apache.hadoop.ozone.om.KeyManagerImpl.getFileStatus(KeyManagerImpl.java:1241) ~[ozone-manager-1.3.0-SNAPSHOT.jar:?]
	at org.apache.hadoop.ozone.om.OzoneManager.getFileStatus(OzoneManager.java:3419) ~[ozone-manager-1.3.0-SNAPSHOT.jar:?]
	at org.apache.hadoop.ozone.protocolPB.OzoneManagerRequestHandler.getOzoneFileStatus(OzoneManagerRequestHandler.java:871) ~[ozone-manager-1.3.0-SNAPSHOT.jar:?]
	at org.apache.hadoop.ozone.protocolPB.OzoneManagerRequestHandler.handleReadRequest(OzoneManagerRequestHandler.java:217) ~[ozone-manager-1.3.0-SNAPSHOT.jar:?]
	at org.apache.hadoop.ozone.protocolPB.OzoneManagerProtocolServerSideTranslatorPB.submitReadRequestToOM(OzoneManagerProtocolServerSideTranslatorPB.java:226) ~[ozone-manager-1.3.0-SNAPSHOT.jar:?]
	at org.apache.hadoop.ozone.protocolPB.OzoneManagerProtocolServerSideTranslatorPB.processRequest(OzoneManagerProtocolServerSideTranslatorPB.java:175) ~[ozone-manager-1.3.0-SNAPSHOT.jar:?]
	at org.apache.hadoop.hdds.server.OzoneProtocolMessageDispatcher.processRequest(OzoneProtocolMessageDispatcher.java:87) [hdds-server-framework-1.3.0-SNAPSHOT.jar:?]
	at org.apache.hadoop.ozone.protocolPB.OzoneManagerProtocolServerSideTranslatorPB.submitRequest(OzoneManagerProtocolServerSideTranslatorPB.java:147) [ozone-manager-1.3.0-SNAPSHOT.jar:?]
	at org.apache.hadoop.ozone.protocol.proto.OzoneManagerProtocolProtos$OzoneManagerService$2.callBlockingMethod(OzoneManagerProtocolProtos.java) [ozone-interface-client-1.3.0-SNAPSHOT.jar:?]
	at org.apache.hadoop.ipc.ProtobufRpcEngine$Server.processCall(ProtobufRpcEngine.java:466) [hadoop-common-3.3.1.jar:?]
	at org.apache.hadoop.ipc.ProtobufRpcEngine2$Server$ProtoBufRpcInvoker.call(ProtobufRpcEngine2.java:574) [hadoop-common-3.3.1.jar:?]
	at org.apache.hadoop.ipc.ProtobufRpcEngine2$Server$ProtoBufRpcInvoker.call(ProtobufRpcEngine2.java:552) [hadoop-common-3.3.1.jar:?]
	at org.apache.hadoop.ipc.RPC$Server.call(RPC.java:1093) [hadoop-common-3.3.1.jar:?]
	at org.apache.hadoop.ipc.Server$RpcCall.run(Server.java:1035) [hadoop-common-3.3.1.jar:?]
	at org.apache.hadoop.ipc.Server$RpcCall.run(Server.java:963) [hadoop-common-3.3.1.jar:?]
	at java.security.AccessController.doPrivileged(Native Method) ~[?:1.8.0_332]
	at javax.security.auth.Subject.doAs(Subject.java:422) [?:1.8.0_332]
	at org.apache.hadoop.security.UserGroupInformation.doAs(UserGroupInformation.java:1878) [hadoop-common-3.3.1.jar:?]
	at org.apache.hadoop.ipc.Server$Handler.run(Server.java:2966) [hadoop-common-3.3.1.jar:?]
07:20:02.025 [IPC Server handler 2 on default port 41977] ERROR OMAudit - user=runner | ip=127.0.0.1 | op=GET_FILE_STATUS {volume=7ad33715-8fcd-4268-abdc-980ef0d02a34, bucket=ff82feba-c654-4686-80e1-33f972da230c, key=.Trash/runner, dataSize=0, replicationConfig=null} | ret=FAILURE
org.apache.hadoop.ozone.om.exceptions.OMException: Unable to get file status: volume: 7ad33715-8fcd-4268-abdc-980ef0d02a34 bucket: ff82feba-c654-4686-80e1-33f972da230c key: .Trash/runner
	at org.apache.hadoop.ozone.om.KeyManagerImpl.getOzoneFileStatus(KeyManagerImpl.java:1311) ~[ozone-manager-1.3.0-SNAPSHOT.jar:?]
	at org.apache.hadoop.ozone.om.KeyManagerImpl.getFileStatus(KeyManagerImpl.java:1241) ~[ozone-manager-1.3.0-SNAPSHOT.jar:?]
	at org.apache.hadoop.ozone.om.OzoneManager.getFileStatus(OzoneManager.java:3419) ~[ozone-manager-1.3.0-SNAPSHOT.jar:?]
	at org.apache.hadoop.ozone.protocolPB.OzoneManagerRequestHandler.getOzoneFileStatus(OzoneManagerRequestHandler.java:871) ~[ozone-manager-1.3.0-SNAPSHOT.jar:?]
	at org.apache.hadoop.ozone.protocolPB.OzoneManagerRequestHandler.handleReadRequest(OzoneManagerRequestHandler.java:217) ~[ozone-manager-1.3.0-SNAPSHOT.jar:?]
	at org.apache.hadoop.ozone.protocolPB.OzoneManagerProtocolServerSideTranslatorPB.submitReadRequestToOM(OzoneManagerProtocolServerSideTranslatorPB.java:226) ~[ozone-manager-1.3.0-SNAPSHOT.jar:?]
	at org.apache.hadoop.ozone.protocolPB.OzoneManagerProtocolServerSideTranslatorPB.processRequest(OzoneManagerProtocolServerSideTranslatorPB.java:175) ~[ozone-manager-1.3.0-SNAPSHOT.jar:?]
	at org.apache.hadoop.hdds.server.OzoneProtocolMessageDispatcher.processRequest(OzoneProtocolMessageDispatcher.java:87) [hdds-server-framework-1.3.0-SNAPSHOT.jar:?]
	at org.apache.hadoop.ozone.protocolPB.OzoneManagerProtocolServerSideTranslatorPB.submitRequest(OzoneManagerProtocolServerSideTranslatorPB.java:147) [ozone-manager-1.3.0-SNAPSHOT.jar:?]
	at org.apache.hadoop.ozone.protocol.proto.OzoneManagerProtocolProtos$OzoneManagerService$2.callBlockingMethod(OzoneManagerProtocolProtos.java) [ozone-interface-client-1.3.0-SNAPSHOT.jar:?]
	at org.apache.hadoop.ipc.ProtobufRpcEngine$Server.processCall(ProtobufRpcEngine.java:466) [hadoop-common-3.3.1.jar:?]
	at org.apache.hadoop.ipc.ProtobufRpcEngine2$Server$ProtoBufRpcInvoker.call(ProtobufRpcEngine2.java:574) [hadoop-common-3.3.1.jar:?]
	at org.apache.hadoop.ipc.ProtobufRpcEngine2$Server$ProtoBufRpcInvoker.call(ProtobufRpcEngine2.java:552) [hadoop-common-3.3.1.jar:?]
	at org.apache.hadoop.ipc.RPC$Server.call(RPC.java:1093) [hadoop-common-3.3.1.jar:?]
	at org.apache.hadoop.ipc.Server$RpcCall.run(Server.java:1035) [hadoop-common-3.3.1.jar:?]
	at org.apache.hadoop.ipc.Server$RpcCall.run(Server.java:963) [hadoop-common-3.3.1.jar:?]
	at java.security.AccessController.doPrivileged(Native Method) ~[?:1.8.0_332]
	at javax.security.auth.Subject.doAs(Subject.java:422) [?:1.8.0_332]
	at org.apache.hadoop.security.UserGroupInformation.doAs(UserGroupInformation.java:1878) [hadoop-common-3.3.1.jar:?]
	at org.apache.hadoop.ipc.Server$Handler.run(Server.java:2966) [hadoop-common-3.3.1.jar:?]
07:20:02.029 [IPC Server handler 7 on default port 41977] ERROR OMAudit - user=runner | ip=127.0.0.1 | op=GET_FILE_STATUS {volume=volume93803, bucket=bucket96256, key=.Trash/runner, dataSize=0, replicationConfig=null} | ret=FAILURE
org.apache.hadoop.ozone.om.exceptions.OMException: Unable to get file status: volume: volume93803 bucket: bucket96256 key: .Trash/runner
	at org.apache.hadoop.ozone.om.KeyManagerImpl.getOzoneFileStatus(KeyManagerImpl.java:1311) ~[ozone-manager-1.3.0-SNAPSHOT.jar:?]
	at org.apache.hadoop.ozone.om.KeyManagerImpl.getFileStatus(KeyManagerImpl.java:1241) ~[ozone-manager-1.3.0-SNAPSHOT.jar:?]
	at org.apache.hadoop.ozone.om.OzoneManager.getFileStatus(OzoneManager.java:3419) ~[ozone-manager-1.3.0-SNAPSHOT.jar:?]
	at org.apache.hadoop.ozone.protocolPB.OzoneManagerRequestHandler.getOzoneFileStatus(OzoneManagerRequestHandler.java:871) ~[ozone-manager-1.3.0-SNAPSHOT.jar:?]
	at org.apache.hadoop.ozone.protocolPB.OzoneManagerRequestHandler.handleReadRequest(OzoneManagerRequestHandler.java:217) ~[ozone-manager-1.3.0-SNAPSHOT.jar:?]
	at org.apache.hadoop.ozone.protocolPB.OzoneManagerProtocolServerSideTranslatorPB.submitReadRequestToOM(OzoneManagerProtocolServerSideTranslatorPB.java:226) ~[ozone-manager-1.3.0-SNAPSHOT.jar:?]
	at org.apache.hadoop.ozone.protocolPB.OzoneManagerProtocolServerSideTranslatorPB.processRequest(OzoneManagerProtocolServerSideTranslatorPB.java:175) ~[ozone-manager-1.3.0-SNAPSHOT.jar:?]
	at org.apache.hadoop.hdds.server.OzoneProtocolMessageDispatcher.processRequest(OzoneProtocolMessageDispatcher.java:87) [hdds-server-framework-1.3.0-SNAPSHOT.jar:?]
	at org.apache.hadoop.ozone.protocolPB.OzoneManagerProtocolServerSideTranslatorPB.submitRequest(OzoneManagerProtocolServerSideTranslatorPB.java:147) [ozone-manager-1.3.0-SNAPSHOT.jar:?]
	at org.apache.hadoop.ozone.protocol.proto.OzoneManagerProtocolProtos$OzoneManagerService$2.callBlockingMethod(OzoneManagerProtocolProtos.java) [ozone-interface-client-1.3.0-SNAPSHOT.jar:?]
	at org.apache.hadoop.ipc.ProtobufRpcEngine$Server.processCall(ProtobufRpcEngine.java:466) [hadoop-common-3.3.1.jar:?]
	at org.apache.hadoop.ipc.ProtobufRpcEngine2$Server$ProtoBufRpcInvoker.call(ProtobufRpcEngine2.java:574) [hadoop-common-3.3.1.jar:?]
	at org.apache.hadoop.ipc.ProtobufRpcEngine2$Server$ProtoBufRpcInvoker.call(ProtobufRpcEngine2.java:552) [hadoop-common-3.3.1.jar:?]
	at org.apache.hadoop.ipc.RPC$Server.call(RPC.java:1093) [hadoop-common-3.3.1.jar:?]
	at org.apache.hadoop.ipc.Server$RpcCall.run(Server.java:1035) [hadoop-common-3.3.1.jar:?]
	at org.apache.hadoop.ipc.Server$RpcCall.run(Server.java:963) [hadoop-common-3.3.1.jar:?]
	at java.security.AccessController.doPrivileged(Native Method) ~[?:1.8.0_332]
	at javax.security.auth.Subject.doAs(Subject.java:422) [?:1.8.0_332]
	at org.apache.hadoop.security.UserGroupInformation.doAs(UserGroupInformation.java:1878) [hadoop-common-3.3.1.jar:?]
	at org.apache.hadoop.ipc.Server$Handler.run(Server.java:2966) [hadoop-common-3.3.1.jar:?]
07:20:02.036 [IPC Server handler 10 on default port 41977] ERROR OMAudit - user=runner | ip=127.0.0.1 | op=GET_FILE_STATUS {volume=7ad33715-8fcd-4268-abdc-980ef0d02a34, bucket=ff82feba-c654-4686-80e1-33f972da230c, key=.Trash, dataSize=0, replicationConfig=null} | ret=FAILURE
org.apache.hadoop.ozone.om.exceptions.OMException: Unable to get file status: volume: 7ad33715-8fcd-4268-abdc-980ef0d02a34 bucket: ff82feba-c654-4686-80e1-33f972da230c key: .Trash
	at org.apache.hadoop.ozone.om.KeyManagerImpl.getOzoneFileStatus(KeyManagerImpl.java:1311) ~[ozone-manager-1.3.0-SNAPSHOT.jar:?]
	at org.apache.hadoop.ozone.om.KeyManagerImpl.getFileStatus(KeyManagerImpl.java:1241) ~[ozone-manager-1.3.0-SNAPSHOT.jar:?]
	at org.apache.hadoop.ozone.om.OzoneManager.getFileStatus(OzoneManager.java:3419) ~[ozone-manager-1.3.0-SNAPSHOT.jar:?]
	at org.apache.hadoop.ozone.protocolPB.OzoneManagerRequestHandler.getOzoneFileStatus(OzoneManagerRequestHandler.java:871) ~[ozone-manager-1.3.0-SNAPSHOT.jar:?]
	at org.apache.hadoop.ozone.protocolPB.OzoneManagerRequestHandler.handleReadRequest(OzoneManagerRequestHandler.java:217) ~[ozone-manager-1.3.0-SNAPSHOT.jar:?]
	at org.apache.hadoop.ozone.protocolPB.OzoneManagerProtocolServerSideTranslatorPB.submitReadRequestToOM(OzoneManagerProtocolServerSideTranslatorPB.java:226) ~[ozone-manager-1.3.0-SNAPSHOT.jar:?]
	at org.apache.hadoop.ozone.protocolPB.OzoneManagerProtocolServerSideTranslatorPB.processRequest(OzoneManagerProtocolServerSideTranslatorPB.java:175) ~[ozone-manager-1.3.0-SNAPSHOT.jar:?]
	at org.apache.hadoop.hdds.server.OzoneProtocolMessageDispatcher.processRequest(OzoneProtocolMessageDispatcher.java:87) [hdds-server-framework-1.3.0-SNAPSHOT.jar:?]
	at org.apache.hadoop.ozone.protocolPB.OzoneManagerProtocolServerSideTranslatorPB.submitRequest(OzoneManagerProtocolServerSideTranslatorPB.java:147) [ozone-manager-1.3.0-SNAPSHOT.jar:?]
	at org.apache.hadoop.ozone.protocol.proto.OzoneManagerProtocolProtos$OzoneManagerService$2.callBlockingMethod(OzoneManagerProtocolProtos.java) [ozone-interface-client-1.3.0-SNAPSHOT.jar:?]
	at org.apache.hadoop.ipc.ProtobufRpcEngine$Server.processCall(ProtobufRpcEngine.java:466) [hadoop-common-3.3.1.jar:?]
	at org.apache.hadoop.ipc.ProtobufRpcEngine2$Server$ProtoBufRpcInvoker.call(ProtobufRpcEngine2.java:574) [hadoop-common-3.3.1.jar:?]
	at org.apache.hadoop.ipc.ProtobufRpcEngine2$Server$ProtoBufRpcInvoker.call(ProtobufRpcEngine2.java:552) [hadoop-common-3.3.1.jar:?]
	at org.apache.hadoop.ipc.RPC$Server.call(RPC.java:1093) [hadoop-common-3.3.1.jar:?]
	at org.apache.hadoop.ipc.Server$RpcCall.run(Server.java:1035) [hadoop-common-3.3.1.jar:?]
	at org.apache.hadoop.ipc.Server$RpcCall.run(Server.java:963) [hadoop-common-3.3.1.jar:?]
	at java.security.AccessController.doPrivileged(Native Method) ~[?:1.8.0_332]
	at javax.security.auth.Subject.doAs(Subject.java:422) [?:1.8.0_332]
	at org.apache.hadoop.security.UserGroupInformation.doAs(UserGroupInformation.java:1878) [hadoop-common-3.3.1.jar:?]
	at org.apache.hadoop.ipc.Server$Handler.run(Server.java:2966) [hadoop-common-3.3.1.jar:?]
]]></system-out>
  </testcase>
  <testcase name="testGetTrashRoots" classname="TestRootedOzoneFileSystem" time="0.938">
    <system-out><![CDATA[2022-07-02 07:21:13,421 [Time-limited test] INFO  rpc.RpcClient (RpcClient.java:createVolume(466)) - Creating Volume: volume49526, with user96781 as owner and space quota set to -1 bytes, counts quota set to -1
2022-07-02 07:21:13,424 [OM StateMachine ApplyTransaction Thread - 0] INFO  volume.OMVolumeCreateRequest (OMVolumeCreateRequest.java:validateAndUpdateCache(195)) - created volume:volume49526 for user:user96781
2022-07-02 07:21:13,426 [Time-limited test] INFO  rpc.RpcClient (RpcClient.java:createBucket(669)) - Creating Bucket: volume49526/bucket79386, with bucket layout LEGACY, runner as owner, Versioning false, Storage Type set to DISK and Encryption set to false 
2022-07-02 07:21:13,428 [OM StateMachine ApplyTransaction Thread - 0] INFO  bucket.OMBucketCreateRequest (OMBucketCreateRequest.java:validateAndUpdateCache(260)) - created bucket: bucket79386 of layout LEGACY in volume: volume49526
07:21:13.433 [IPC Server handler 17 on default port 42659] ERROR OMAudit - user=runner | ip=127.0.0.1 | op=GET_FILE_STATUS {volume=volume49526, bucket=bucket79386, key=.Trash/runner, dataSize=0, replicationConfig=null} | ret=FAILURE
org.apache.hadoop.ozone.om.exceptions.OMException: Unable to get file status: volume: volume49526 bucket: bucket79386 key: .Trash/runner
	at org.apache.hadoop.ozone.om.KeyManagerImpl.getOzoneFileStatus(KeyManagerImpl.java:1311) ~[ozone-manager-1.3.0-SNAPSHOT.jar:?]
	at org.apache.hadoop.ozone.om.KeyManagerImpl.getFileStatus(KeyManagerImpl.java:1241) ~[ozone-manager-1.3.0-SNAPSHOT.jar:?]
	at org.apache.hadoop.ozone.om.OzoneManager.getFileStatus(OzoneManager.java:3419) ~[ozone-manager-1.3.0-SNAPSHOT.jar:?]
	at org.apache.hadoop.ozone.protocolPB.OzoneManagerRequestHandler.getOzoneFileStatus(OzoneManagerRequestHandler.java:871) ~[ozone-manager-1.3.0-SNAPSHOT.jar:?]
	at org.apache.hadoop.ozone.protocolPB.OzoneManagerRequestHandler.handleReadRequest(OzoneManagerRequestHandler.java:217) ~[ozone-manager-1.3.0-SNAPSHOT.jar:?]
	at org.apache.hadoop.ozone.protocolPB.OzoneManagerProtocolServerSideTranslatorPB.submitReadRequestToOM(OzoneManagerProtocolServerSideTranslatorPB.java:226) ~[ozone-manager-1.3.0-SNAPSHOT.jar:?]
	at org.apache.hadoop.ozone.protocolPB.OzoneManagerProtocolServerSideTranslatorPB.processRequest(OzoneManagerProtocolServerSideTranslatorPB.java:175) ~[ozone-manager-1.3.0-SNAPSHOT.jar:?]
	at org.apache.hadoop.hdds.server.OzoneProtocolMessageDispatcher.processRequest(OzoneProtocolMessageDispatcher.java:87) [hdds-server-framework-1.3.0-SNAPSHOT.jar:?]
	at org.apache.hadoop.ozone.protocolPB.OzoneManagerProtocolServerSideTranslatorPB.submitRequest(OzoneManagerProtocolServerSideTranslatorPB.java:147) [ozone-manager-1.3.0-SNAPSHOT.jar:?]
	at org.apache.hadoop.ozone.protocol.proto.OzoneManagerProtocolProtos$OzoneManagerService$2.callBlockingMethod(OzoneManagerProtocolProtos.java) [ozone-interface-client-1.3.0-SNAPSHOT.jar:?]
	at org.apache.hadoop.ipc.ProtobufRpcEngine$Server.processCall(ProtobufRpcEngine.java:466) [hadoop-common-3.3.1.jar:?]
	at org.apache.hadoop.ipc.ProtobufRpcEngine2$Server$ProtoBufRpcInvoker.call(ProtobufRpcEngine2.java:574) [hadoop-common-3.3.1.jar:?]
	at org.apache.hadoop.ipc.ProtobufRpcEngine2$Server$ProtoBufRpcInvoker.call(ProtobufRpcEngine2.java:552) [hadoop-common-3.3.1.jar:?]
	at org.apache.hadoop.ipc.RPC$Server.call(RPC.java:1093) [hadoop-common-3.3.1.jar:?]
	at org.apache.hadoop.ipc.Server$RpcCall.run(Server.java:1035) [hadoop-common-3.3.1.jar:?]
	at org.apache.hadoop.ipc.Server$RpcCall.run(Server.java:963) [hadoop-common-3.3.1.jar:?]
	at java.security.AccessController.doPrivileged(Native Method) ~[?:1.8.0_332]
	at javax.security.auth.Subject.doAs(Subject.java:422) [?:1.8.0_332]
	at org.apache.hadoop.security.UserGroupInformation.doAs(UserGroupInformation.java:1878) [hadoop-common-3.3.1.jar:?]
	at org.apache.hadoop.ipc.Server$Handler.run(Server.java:2966) [hadoop-common-3.3.1.jar:?]
07:21:13.444 [IPC Server handler 10 on default port 42659] ERROR OMAudit - user=runner | ip=127.0.0.1 | op=GET_FILE_STATUS {volume=32c2aff5-663b-4727-93d7-dbfbe13cbd84, bucket=d86ad75c-4663-4319-833c-5df975457c62, key=.Trash, dataSize=0, replicationConfig=null} | ret=FAILURE
org.apache.hadoop.ozone.om.exceptions.OMException: Unable to get file status: volume: 32c2aff5-663b-4727-93d7-dbfbe13cbd84 bucket: d86ad75c-4663-4319-833c-5df975457c62 key: .Trash
	at org.apache.hadoop.ozone.om.KeyManagerImpl.getOzoneFileStatus(KeyManagerImpl.java:1311) ~[ozone-manager-1.3.0-SNAPSHOT.jar:?]
	at org.apache.hadoop.ozone.om.KeyManagerImpl.getFileStatus(KeyManagerImpl.java:1241) ~[ozone-manager-1.3.0-SNAPSHOT.jar:?]
	at org.apache.hadoop.ozone.om.OzoneManager.getFileStatus(OzoneManager.java:3419) ~[ozone-manager-1.3.0-SNAPSHOT.jar:?]
	at org.apache.hadoop.ozone.protocolPB.OzoneManagerRequestHandler.getOzoneFileStatus(OzoneManagerRequestHandler.java:871) ~[ozone-manager-1.3.0-SNAPSHOT.jar:?]
	at org.apache.hadoop.ozone.protocolPB.OzoneManagerRequestHandler.handleReadRequest(OzoneManagerRequestHandler.java:217) ~[ozone-manager-1.3.0-SNAPSHOT.jar:?]
	at org.apache.hadoop.ozone.protocolPB.OzoneManagerProtocolServerSideTranslatorPB.submitReadRequestToOM(OzoneManagerProtocolServerSideTranslatorPB.java:226) ~[ozone-manager-1.3.0-SNAPSHOT.jar:?]
	at org.apache.hadoop.ozone.protocolPB.OzoneManagerProtocolServerSideTranslatorPB.processRequest(OzoneManagerProtocolServerSideTranslatorPB.java:175) ~[ozone-manager-1.3.0-SNAPSHOT.jar:?]
	at org.apache.hadoop.hdds.server.OzoneProtocolMessageDispatcher.processRequest(OzoneProtocolMessageDispatcher.java:87) [hdds-server-framework-1.3.0-SNAPSHOT.jar:?]
	at org.apache.hadoop.ozone.protocolPB.OzoneManagerProtocolServerSideTranslatorPB.submitRequest(OzoneManagerProtocolServerSideTranslatorPB.java:147) [ozone-manager-1.3.0-SNAPSHOT.jar:?]
	at org.apache.hadoop.ozone.protocol.proto.OzoneManagerProtocolProtos$OzoneManagerService$2.callBlockingMethod(OzoneManagerProtocolProtos.java) [ozone-interface-client-1.3.0-SNAPSHOT.jar:?]
	at org.apache.hadoop.ipc.ProtobufRpcEngine$Server.processCall(ProtobufRpcEngine.java:466) [hadoop-common-3.3.1.jar:?]
	at org.apache.hadoop.ipc.ProtobufRpcEngine2$Server$ProtoBufRpcInvoker.call(ProtobufRpcEngine2.java:574) [hadoop-common-3.3.1.jar:?]
	at org.apache.hadoop.ipc.ProtobufRpcEngine2$Server$ProtoBufRpcInvoker.call(ProtobufRpcEngine2.java:552) [hadoop-common-3.3.1.jar:?]
	at org.apache.hadoop.ipc.RPC$Server.call(RPC.java:1093) [hadoop-common-3.3.1.jar:?]
	at org.apache.hadoop.ipc.Server$RpcCall.run(Server.java:1035) [hadoop-common-3.3.1.jar:?]
	at org.apache.hadoop.ipc.Server$RpcCall.run(Server.java:963) [hadoop-common-3.3.1.jar:?]
	at java.security.AccessController.doPrivileged(Native Method) ~[?:1.8.0_332]
	at javax.security.auth.Subject.doAs(Subject.java:422) [?:1.8.0_332]
	at org.apache.hadoop.security.UserGroupInformation.doAs(UserGroupInformation.java:1878) [hadoop-common-3.3.1.jar:?]
	at org.apache.hadoop.ipc.Server$Handler.run(Server.java:2966) [hadoop-common-3.3.1.jar:?]
07:21:13.447 [IPC Server handler 12 on default port 42659] ERROR OMAudit - user=runner | ip=127.0.0.1 | op=GET_FILE_STATUS {volume=volume49526, bucket=bucket79386, key=.Trash, dataSize=0, replicationConfig=null} | ret=FAILURE
org.apache.hadoop.ozone.om.exceptions.OMException: Unable to get file status: volume: volume49526 bucket: bucket79386 key: .Trash
	at org.apache.hadoop.ozone.om.KeyManagerImpl.getOzoneFileStatus(KeyManagerImpl.java:1311) ~[ozone-manager-1.3.0-SNAPSHOT.jar:?]
	at org.apache.hadoop.ozone.om.KeyManagerImpl.getFileStatus(KeyManagerImpl.java:1241) ~[ozone-manager-1.3.0-SNAPSHOT.jar:?]
	at org.apache.hadoop.ozone.om.OzoneManager.getFileStatus(OzoneManager.java:3419) ~[ozone-manager-1.3.0-SNAPSHOT.jar:?]
	at org.apache.hadoop.ozone.protocolPB.OzoneManagerRequestHandler.getOzoneFileStatus(OzoneManagerRequestHandler.java:871) ~[ozone-manager-1.3.0-SNAPSHOT.jar:?]
	at org.apache.hadoop.ozone.protocolPB.OzoneManagerRequestHandler.handleReadRequest(OzoneManagerRequestHandler.java:217) ~[ozone-manager-1.3.0-SNAPSHOT.jar:?]
	at org.apache.hadoop.ozone.protocolPB.OzoneManagerProtocolServerSideTranslatorPB.submitReadRequestToOM(OzoneManagerProtocolServerSideTranslatorPB.java:226) ~[ozone-manager-1.3.0-SNAPSHOT.jar:?]
	at org.apache.hadoop.ozone.protocolPB.OzoneManagerProtocolServerSideTranslatorPB.processRequest(OzoneManagerProtocolServerSideTranslatorPB.java:175) ~[ozone-manager-1.3.0-SNAPSHOT.jar:?]
	at org.apache.hadoop.hdds.server.OzoneProtocolMessageDispatcher.processRequest(OzoneProtocolMessageDispatcher.java:87) [hdds-server-framework-1.3.0-SNAPSHOT.jar:?]
	at org.apache.hadoop.ozone.protocolPB.OzoneManagerProtocolServerSideTranslatorPB.submitRequest(OzoneManagerProtocolServerSideTranslatorPB.java:147) [ozone-manager-1.3.0-SNAPSHOT.jar:?]
	at org.apache.hadoop.ozone.protocol.proto.OzoneManagerProtocolProtos$OzoneManagerService$2.callBlockingMethod(OzoneManagerProtocolProtos.java) [ozone-interface-client-1.3.0-SNAPSHOT.jar:?]
	at org.apache.hadoop.ipc.ProtobufRpcEngine$Server.processCall(ProtobufRpcEngine.java:466) [hadoop-common-3.3.1.jar:?]
	at org.apache.hadoop.ipc.ProtobufRpcEngine2$Server$ProtoBufRpcInvoker.call(ProtobufRpcEngine2.java:574) [hadoop-common-3.3.1.jar:?]
	at org.apache.hadoop.ipc.ProtobufRpcEngine2$Server$ProtoBufRpcInvoker.call(ProtobufRpcEngine2.java:552) [hadoop-common-3.3.1.jar:?]
	at org.apache.hadoop.ipc.RPC$Server.call(RPC.java:1093) [hadoop-common-3.3.1.jar:?]
	at org.apache.hadoop.ipc.Server$RpcCall.run(Server.java:1035) [hadoop-common-3.3.1.jar:?]
	at org.apache.hadoop.ipc.Server$RpcCall.run(Server.java:963) [hadoop-common-3.3.1.jar:?]
	at java.security.AccessController.doPrivileged(Native Method) ~[?:1.8.0_332]
	at javax.security.auth.Subject.doAs(Subject.java:422) [?:1.8.0_332]
	at org.apache.hadoop.security.UserGroupInformation.doAs(UserGroupInformation.java:1878) [hadoop-common-3.3.1.jar:?]
	at org.apache.hadoop.ipc.Server$Handler.run(Server.java:2966) [hadoop-common-3.3.1.jar:?]
07:21:13.459 [IPC Server handler 6 on default port 42659] ERROR OMAudit - user=runner | ip=127.0.0.1 | op=GET_FILE_STATUS {volume=32c2aff5-663b-4727-93d7-dbfbe13cbd84, bucket=d86ad75c-4663-4319-833c-5df975457c62, key=.Trash, dataSize=0, replicationConfig=null} | ret=FAILURE
org.apache.hadoop.ozone.om.exceptions.OMException: Unable to get file status: volume: 32c2aff5-663b-4727-93d7-dbfbe13cbd84 bucket: d86ad75c-4663-4319-833c-5df975457c62 key: .Trash
	at org.apache.hadoop.ozone.om.KeyManagerImpl.getOzoneFileStatus(KeyManagerImpl.java:1311) ~[ozone-manager-1.3.0-SNAPSHOT.jar:?]
	at org.apache.hadoop.ozone.om.KeyManagerImpl.getFileStatus(KeyManagerImpl.java:1241) ~[ozone-manager-1.3.0-SNAPSHOT.jar:?]
	at org.apache.hadoop.ozone.om.OzoneManager.getFileStatus(OzoneManager.java:3419) ~[ozone-manager-1.3.0-SNAPSHOT.jar:?]
	at org.apache.hadoop.ozone.protocolPB.OzoneManagerRequestHandler.getOzoneFileStatus(OzoneManagerRequestHandler.java:871) ~[ozone-manager-1.3.0-SNAPSHOT.jar:?]
	at org.apache.hadoop.ozone.protocolPB.OzoneManagerRequestHandler.handleReadRequest(OzoneManagerRequestHandler.java:217) ~[ozone-manager-1.3.0-SNAPSHOT.jar:?]
	at org.apache.hadoop.ozone.protocolPB.OzoneManagerProtocolServerSideTranslatorPB.submitReadRequestToOM(OzoneManagerProtocolServerSideTranslatorPB.java:226) ~[ozone-manager-1.3.0-SNAPSHOT.jar:?]
	at org.apache.hadoop.ozone.protocolPB.OzoneManagerProtocolServerSideTranslatorPB.processRequest(OzoneManagerProtocolServerSideTranslatorPB.java:175) ~[ozone-manager-1.3.0-SNAPSHOT.jar:?]
	at org.apache.hadoop.hdds.server.OzoneProtocolMessageDispatcher.processRequest(OzoneProtocolMessageDispatcher.java:87) [hdds-server-framework-1.3.0-SNAPSHOT.jar:?]
	at org.apache.hadoop.ozone.protocolPB.OzoneManagerProtocolServerSideTranslatorPB.submitRequest(OzoneManagerProtocolServerSideTranslatorPB.java:147) [ozone-manager-1.3.0-SNAPSHOT.jar:?]
	at org.apache.hadoop.ozone.protocol.proto.OzoneManagerProtocolProtos$OzoneManagerService$2.callBlockingMethod(OzoneManagerProtocolProtos.java) [ozone-interface-client-1.3.0-SNAPSHOT.jar:?]
	at org.apache.hadoop.ipc.ProtobufRpcEngine$Server.processCall(ProtobufRpcEngine.java:466) [hadoop-common-3.3.1.jar:?]
	at org.apache.hadoop.ipc.ProtobufRpcEngine2$Server$ProtoBufRpcInvoker.call(ProtobufRpcEngine2.java:574) [hadoop-common-3.3.1.jar:?]
	at org.apache.hadoop.ipc.ProtobufRpcEngine2$Server$ProtoBufRpcInvoker.call(ProtobufRpcEngine2.java:552) [hadoop-common-3.3.1.jar:?]
	at org.apache.hadoop.ipc.RPC$Server.call(RPC.java:1093) [hadoop-common-3.3.1.jar:?]
	at org.apache.hadoop.ipc.Server$RpcCall.run(Server.java:1035) [hadoop-common-3.3.1.jar:?]
	at org.apache.hadoop.ipc.Server$RpcCall.run(Server.java:963) [hadoop-common-3.3.1.jar:?]
	at java.security.AccessController.doPrivileged(Native Method) ~[?:1.8.0_332]
	at javax.security.auth.Subject.doAs(Subject.java:422) [?:1.8.0_332]
	at org.apache.hadoop.security.UserGroupInformation.doAs(UserGroupInformation.java:1878) [hadoop-common-3.3.1.jar:?]
	at org.apache.hadoop.ipc.Server$Handler.run(Server.java:2966) [hadoop-common-3.3.1.jar:?]
07:21:13.476 [IPC Server handler 2 on default port 42659] ERROR OMAudit - user=runner | ip=127.0.0.1 | op=GET_FILE_STATUS {volume=32c2aff5-663b-4727-93d7-dbfbe13cbd84, bucket=d86ad75c-4663-4319-833c-5df975457c62, key=.Trash, dataSize=0, replicationConfig=null} | ret=FAILURE
org.apache.hadoop.ozone.om.exceptions.OMException: Unable to get file status: volume: 32c2aff5-663b-4727-93d7-dbfbe13cbd84 bucket: d86ad75c-4663-4319-833c-5df975457c62 key: .Trash
	at org.apache.hadoop.ozone.om.KeyManagerImpl.getOzoneFileStatus(KeyManagerImpl.java:1311) ~[ozone-manager-1.3.0-SNAPSHOT.jar:?]
	at org.apache.hadoop.ozone.om.KeyManagerImpl.getFileStatus(KeyManagerImpl.java:1241) ~[ozone-manager-1.3.0-SNAPSHOT.jar:?]
	at org.apache.hadoop.ozone.om.OzoneManager.getFileStatus(OzoneManager.java:3419) ~[ozone-manager-1.3.0-SNAPSHOT.jar:?]
	at org.apache.hadoop.ozone.protocolPB.OzoneManagerRequestHandler.getOzoneFileStatus(OzoneManagerRequestHandler.java:871) ~[ozone-manager-1.3.0-SNAPSHOT.jar:?]
	at org.apache.hadoop.ozone.protocolPB.OzoneManagerRequestHandler.handleReadRequest(OzoneManagerRequestHandler.java:217) ~[ozone-manager-1.3.0-SNAPSHOT.jar:?]
	at org.apache.hadoop.ozone.protocolPB.OzoneManagerProtocolServerSideTranslatorPB.submitReadRequestToOM(OzoneManagerProtocolServerSideTranslatorPB.java:226) ~[ozone-manager-1.3.0-SNAPSHOT.jar:?]
	at org.apache.hadoop.ozone.protocolPB.OzoneManagerProtocolServerSideTranslatorPB.processRequest(OzoneManagerProtocolServerSideTranslatorPB.java:175) ~[ozone-manager-1.3.0-SNAPSHOT.jar:?]
	at org.apache.hadoop.hdds.server.OzoneProtocolMessageDispatcher.processRequest(OzoneProtocolMessageDispatcher.java:87) [hdds-server-framework-1.3.0-SNAPSHOT.jar:?]
	at org.apache.hadoop.ozone.protocolPB.OzoneManagerProtocolServerSideTranslatorPB.submitRequest(OzoneManagerProtocolServerSideTranslatorPB.java:147) [ozone-manager-1.3.0-SNAPSHOT.jar:?]
	at org.apache.hadoop.ozone.protocol.proto.OzoneManagerProtocolProtos$OzoneManagerService$2.callBlockingMethod(OzoneManagerProtocolProtos.java) [ozone-interface-client-1.3.0-SNAPSHOT.jar:?]
	at org.apache.hadoop.ipc.ProtobufRpcEngine$Server.processCall(ProtobufRpcEngine.java:466) [hadoop-common-3.3.1.jar:?]
	at org.apache.hadoop.ipc.ProtobufRpcEngine2$Server$ProtoBufRpcInvoker.call(ProtobufRpcEngine2.java:574) [hadoop-common-3.3.1.jar:?]
	at org.apache.hadoop.ipc.ProtobufRpcEngine2$Server$ProtoBufRpcInvoker.call(ProtobufRpcEngine2.java:552) [hadoop-common-3.3.1.jar:?]
	at org.apache.hadoop.ipc.RPC$Server.call(RPC.java:1093) [hadoop-common-3.3.1.jar:?]
	at org.apache.hadoop.ipc.Server$RpcCall.run(Server.java:1035) [hadoop-common-3.3.1.jar:?]
	at org.apache.hadoop.ipc.Server$RpcCall.run(Server.java:963) [hadoop-common-3.3.1.jar:?]
	at java.security.AccessController.doPrivileged(Native Method) ~[?:1.8.0_332]
	at javax.security.auth.Subject.doAs(Subject.java:422) [?:1.8.0_332]
	at org.apache.hadoop.security.UserGroupInformation.doAs(UserGroupInformation.java:1878) [hadoop-common-3.3.1.jar:?]
	at org.apache.hadoop.ipc.Server$Handler.run(Server.java:2966) [hadoop-common-3.3.1.jar:?]
2022-07-02 07:21:13,495 [Time-limited test] INFO  rpc.RpcClient (RpcClient.java:createBucket(669)) - Creating Bucket: volume49526/trashroottest2, with bucket layout LEGACY, runner as owner, Versioning false, Storage Type set to DISK and Encryption set to false 
2022-07-02 07:21:13,496 [OM StateMachine ApplyTransaction Thread - 0] INFO  bucket.OMBucketCreateRequest (OMBucketCreateRequest.java:validateAndUpdateCache(260)) - created bucket: trashroottest2 of layout LEGACY in volume: volume49526
07:21:13.901 [IPC Server handler 8 on default port 42659] ERROR OMAudit - user=runner | ip=127.0.0.1 | op=GET_FILE_STATUS {volume=32c2aff5-663b-4727-93d7-dbfbe13cbd84, bucket=d86ad75c-4663-4319-833c-5df975457c62, key=.Trash, dataSize=0, replicationConfig=null} | ret=FAILURE
org.apache.hadoop.ozone.om.exceptions.OMException: Unable to get file status: volume: 32c2aff5-663b-4727-93d7-dbfbe13cbd84 bucket: d86ad75c-4663-4319-833c-5df975457c62 key: .Trash
	at org.apache.hadoop.ozone.om.KeyManagerImpl.getOzoneFileStatus(KeyManagerImpl.java:1311) ~[ozone-manager-1.3.0-SNAPSHOT.jar:?]
	at org.apache.hadoop.ozone.om.KeyManagerImpl.getFileStatus(KeyManagerImpl.java:1241) ~[ozone-manager-1.3.0-SNAPSHOT.jar:?]
	at org.apache.hadoop.ozone.om.OzoneManager.getFileStatus(OzoneManager.java:3419) ~[ozone-manager-1.3.0-SNAPSHOT.jar:?]
	at org.apache.hadoop.ozone.protocolPB.OzoneManagerRequestHandler.getOzoneFileStatus(OzoneManagerRequestHandler.java:871) ~[ozone-manager-1.3.0-SNAPSHOT.jar:?]
	at org.apache.hadoop.ozone.protocolPB.OzoneManagerRequestHandler.handleReadRequest(OzoneManagerRequestHandler.java:217) ~[ozone-manager-1.3.0-SNAPSHOT.jar:?]
	at org.apache.hadoop.ozone.protocolPB.OzoneManagerProtocolServerSideTranslatorPB.submitReadRequestToOM(OzoneManagerProtocolServerSideTranslatorPB.java:226) ~[ozone-manager-1.3.0-SNAPSHOT.jar:?]
	at org.apache.hadoop.ozone.protocolPB.OzoneManagerProtocolServerSideTranslatorPB.processRequest(OzoneManagerProtocolServerSideTranslatorPB.java:175) ~[ozone-manager-1.3.0-SNAPSHOT.jar:?]
	at org.apache.hadoop.hdds.server.OzoneProtocolMessageDispatcher.processRequest(OzoneProtocolMessageDispatcher.java:87) [hdds-server-framework-1.3.0-SNAPSHOT.jar:?]
	at org.apache.hadoop.ozone.protocolPB.OzoneManagerProtocolServerSideTranslatorPB.submitRequest(OzoneManagerProtocolServerSideTranslatorPB.java:147) [ozone-manager-1.3.0-SNAPSHOT.jar:?]
	at org.apache.hadoop.ozone.protocol.proto.OzoneManagerProtocolProtos$OzoneManagerService$2.callBlockingMethod(OzoneManagerProtocolProtos.java) [ozone-interface-client-1.3.0-SNAPSHOT.jar:?]
	at org.apache.hadoop.ipc.ProtobufRpcEngine$Server.processCall(ProtobufRpcEngine.java:466) [hadoop-common-3.3.1.jar:?]
	at org.apache.hadoop.ipc.ProtobufRpcEngine2$Server$ProtoBufRpcInvoker.call(ProtobufRpcEngine2.java:574) [hadoop-common-3.3.1.jar:?]
	at org.apache.hadoop.ipc.ProtobufRpcEngine2$Server$ProtoBufRpcInvoker.call(ProtobufRpcEngine2.java:552) [hadoop-common-3.3.1.jar:?]
	at org.apache.hadoop.ipc.RPC$Server.call(RPC.java:1093) [hadoop-common-3.3.1.jar:?]
	at org.apache.hadoop.ipc.Server$RpcCall.run(Server.java:1035) [hadoop-common-3.3.1.jar:?]
	at org.apache.hadoop.ipc.Server$RpcCall.run(Server.java:963) [hadoop-common-3.3.1.jar:?]
	at java.security.AccessController.doPrivileged(Native Method) ~[?:1.8.0_332]
	at javax.security.auth.Subject.doAs(Subject.java:422) [?:1.8.0_332]
	at org.apache.hadoop.security.UserGroupInformation.doAs(UserGroupInformation.java:1878) [hadoop-common-3.3.1.jar:?]
	at org.apache.hadoop.ipc.Server$Handler.run(Server.java:2966) [hadoop-common-3.3.1.jar:?]
07:21:13.936 [IPC Server handler 15 on default port 42659] ERROR OMAudit - user=runner | ip=127.0.0.1 | op=GET_FILE_STATUS {volume=32c2aff5-663b-4727-93d7-dbfbe13cbd84, bucket=d86ad75c-4663-4319-833c-5df975457c62, key=.Trash, dataSize=0, replicationConfig=null} | ret=FAILURE
org.apache.hadoop.ozone.om.exceptions.OMException: Unable to get file status: volume: 32c2aff5-663b-4727-93d7-dbfbe13cbd84 bucket: d86ad75c-4663-4319-833c-5df975457c62 key: .Trash
	at org.apache.hadoop.ozone.om.KeyManagerImpl.getOzoneFileStatus(KeyManagerImpl.java:1311) ~[ozone-manager-1.3.0-SNAPSHOT.jar:?]
	at org.apache.hadoop.ozone.om.KeyManagerImpl.getFileStatus(KeyManagerImpl.java:1241) ~[ozone-manager-1.3.0-SNAPSHOT.jar:?]
	at org.apache.hadoop.ozone.om.OzoneManager.getFileStatus(OzoneManager.java:3419) ~[ozone-manager-1.3.0-SNAPSHOT.jar:?]
	at org.apache.hadoop.ozone.protocolPB.OzoneManagerRequestHandler.getOzoneFileStatus(OzoneManagerRequestHandler.java:871) ~[ozone-manager-1.3.0-SNAPSHOT.jar:?]
	at org.apache.hadoop.ozone.protocolPB.OzoneManagerRequestHandler.handleReadRequest(OzoneManagerRequestHandler.java:217) ~[ozone-manager-1.3.0-SNAPSHOT.jar:?]
	at org.apache.hadoop.ozone.protocolPB.OzoneManagerProtocolServerSideTranslatorPB.submitReadRequestToOM(OzoneManagerProtocolServerSideTranslatorPB.java:226) ~[ozone-manager-1.3.0-SNAPSHOT.jar:?]
	at org.apache.hadoop.ozone.protocolPB.OzoneManagerProtocolServerSideTranslatorPB.processRequest(OzoneManagerProtocolServerSideTranslatorPB.java:175) ~[ozone-manager-1.3.0-SNAPSHOT.jar:?]
	at org.apache.hadoop.hdds.server.OzoneProtocolMessageDispatcher.processRequest(OzoneProtocolMessageDispatcher.java:87) [hdds-server-framework-1.3.0-SNAPSHOT.jar:?]
	at org.apache.hadoop.ozone.protocolPB.OzoneManagerProtocolServerSideTranslatorPB.submitRequest(OzoneManagerProtocolServerSideTranslatorPB.java:147) [ozone-manager-1.3.0-SNAPSHOT.jar:?]
	at org.apache.hadoop.ozone.protocol.proto.OzoneManagerProtocolProtos$OzoneManagerService$2.callBlockingMethod(OzoneManagerProtocolProtos.java) [ozone-interface-client-1.3.0-SNAPSHOT.jar:?]
	at org.apache.hadoop.ipc.ProtobufRpcEngine$Server.processCall(ProtobufRpcEngine.java:466) [hadoop-common-3.3.1.jar:?]
	at org.apache.hadoop.ipc.ProtobufRpcEngine2$Server$ProtoBufRpcInvoker.call(ProtobufRpcEngine2.java:574) [hadoop-common-3.3.1.jar:?]
	at org.apache.hadoop.ipc.ProtobufRpcEngine2$Server$ProtoBufRpcInvoker.call(ProtobufRpcEngine2.java:552) [hadoop-common-3.3.1.jar:?]
	at org.apache.hadoop.ipc.RPC$Server.call(RPC.java:1093) [hadoop-common-3.3.1.jar:?]
	at org.apache.hadoop.ipc.Server$RpcCall.run(Server.java:1035) [hadoop-common-3.3.1.jar:?]
	at org.apache.hadoop.ipc.Server$RpcCall.run(Server.java:963) [hadoop-common-3.3.1.jar:?]
	at java.security.AccessController.doPrivileged(Native Method) ~[?:1.8.0_332]
	at javax.security.auth.Subject.doAs(Subject.java:422) [?:1.8.0_332]
	at org.apache.hadoop.security.UserGroupInformation.doAs(UserGroupInformation.java:1878) [hadoop-common-3.3.1.jar:?]
	at org.apache.hadoop.ipc.Server$Handler.run(Server.java:2966) [hadoop-common-3.3.1.jar:?]
2022-07-02 07:21:14,022 [Time-limited test] INFO  rpc.RpcClient (RpcClient.java:createVolume(466)) - Creating Volume: volume14904, with user09236 as owner and space quota set to -1 bytes, counts quota set to -1
2022-07-02 07:21:14,027 [OM StateMachine ApplyTransaction Thread - 0] INFO  volume.OMVolumeCreateRequest (OMVolumeCreateRequest.java:validateAndUpdateCache(195)) - created volume:volume14904 for user:user09236
2022-07-02 07:21:14,032 [Time-limited test] INFO  rpc.RpcClient (RpcClient.java:createBucket(669)) - Creating Bucket: volume14904/bucket75618, with bucket layout LEGACY, runner as owner, Versioning false, Storage Type set to DISK and Encryption set to false 
2022-07-02 07:21:14,034 [OM StateMachine ApplyTransaction Thread - 0] INFO  bucket.OMBucketCreateRequest (OMBucketCreateRequest.java:validateAndUpdateCache(260)) - created bucket: bucket75618 of layout LEGACY in volume: volume14904
07:21:14.064 [IPC Server handler 18 on default port 42659] ERROR OMAudit - user=runner | ip=127.0.0.1 | op=GET_FILE_STATUS {volume=32c2aff5-663b-4727-93d7-dbfbe13cbd84, bucket=d86ad75c-4663-4319-833c-5df975457c62, key=.Trash, dataSize=0, replicationConfig=null} | ret=FAILURE
org.apache.hadoop.ozone.om.exceptions.OMException: Unable to get file status: volume: 32c2aff5-663b-4727-93d7-dbfbe13cbd84 bucket: d86ad75c-4663-4319-833c-5df975457c62 key: .Trash
	at org.apache.hadoop.ozone.om.KeyManagerImpl.getOzoneFileStatus(KeyManagerImpl.java:1311) ~[ozone-manager-1.3.0-SNAPSHOT.jar:?]
	at org.apache.hadoop.ozone.om.KeyManagerImpl.getFileStatus(KeyManagerImpl.java:1241) ~[ozone-manager-1.3.0-SNAPSHOT.jar:?]
	at org.apache.hadoop.ozone.om.OzoneManager.getFileStatus(OzoneManager.java:3419) ~[ozone-manager-1.3.0-SNAPSHOT.jar:?]
	at org.apache.hadoop.ozone.protocolPB.OzoneManagerRequestHandler.getOzoneFileStatus(OzoneManagerRequestHandler.java:871) ~[ozone-manager-1.3.0-SNAPSHOT.jar:?]
	at org.apache.hadoop.ozone.protocolPB.OzoneManagerRequestHandler.handleReadRequest(OzoneManagerRequestHandler.java:217) ~[ozone-manager-1.3.0-SNAPSHOT.jar:?]
	at org.apache.hadoop.ozone.protocolPB.OzoneManagerProtocolServerSideTranslatorPB.submitReadRequestToOM(OzoneManagerProtocolServerSideTranslatorPB.java:226) ~[ozone-manager-1.3.0-SNAPSHOT.jar:?]
	at org.apache.hadoop.ozone.protocolPB.OzoneManagerProtocolServerSideTranslatorPB.processRequest(OzoneManagerProtocolServerSideTranslatorPB.java:175) ~[ozone-manager-1.3.0-SNAPSHOT.jar:?]
	at org.apache.hadoop.hdds.server.OzoneProtocolMessageDispatcher.processRequest(OzoneProtocolMessageDispatcher.java:87) [hdds-server-framework-1.3.0-SNAPSHOT.jar:?]
	at org.apache.hadoop.ozone.protocolPB.OzoneManagerProtocolServerSideTranslatorPB.submitRequest(OzoneManagerProtocolServerSideTranslatorPB.java:147) [ozone-manager-1.3.0-SNAPSHOT.jar:?]
	at org.apache.hadoop.ozone.protocol.proto.OzoneManagerProtocolProtos$OzoneManagerService$2.callBlockingMethod(OzoneManagerProtocolProtos.java) [ozone-interface-client-1.3.0-SNAPSHOT.jar:?]
	at org.apache.hadoop.ipc.ProtobufRpcEngine$Server.processCall(ProtobufRpcEngine.java:466) [hadoop-common-3.3.1.jar:?]
	at org.apache.hadoop.ipc.ProtobufRpcEngine2$Server$ProtoBufRpcInvoker.call(ProtobufRpcEngine2.java:574) [hadoop-common-3.3.1.jar:?]
	at org.apache.hadoop.ipc.ProtobufRpcEngine2$Server$ProtoBufRpcInvoker.call(ProtobufRpcEngine2.java:552) [hadoop-common-3.3.1.jar:?]
	at org.apache.hadoop.ipc.RPC$Server.call(RPC.java:1093) [hadoop-common-3.3.1.jar:?]
	at org.apache.hadoop.ipc.Server$RpcCall.run(Server.java:1035) [hadoop-common-3.3.1.jar:?]
	at org.apache.hadoop.ipc.Server$RpcCall.run(Server.java:963) [hadoop-common-3.3.1.jar:?]
	at java.security.AccessController.doPrivileged(Native Method) ~[?:1.8.0_332]
	at javax.security.auth.Subject.doAs(Subject.java:422) [?:1.8.0_332]
	at org.apache.hadoop.security.UserGroupInformation.doAs(UserGroupInformation.java:1878) [hadoop-common-3.3.1.jar:?]
	at org.apache.hadoop.ipc.Server$Handler.run(Server.java:2966) [hadoop-common-3.3.1.jar:?]
07:21:14.086 [IPC Server handler 19 on default port 42659] ERROR OMAudit - user=runner | ip=127.0.0.1 | op=GET_FILE_STATUS {volume=32c2aff5-663b-4727-93d7-dbfbe13cbd84, bucket=d86ad75c-4663-4319-833c-5df975457c62, key=.Trash, dataSize=0, replicationConfig=null} | ret=FAILURE
org.apache.hadoop.ozone.om.exceptions.OMException: Unable to get file status: volume: 32c2aff5-663b-4727-93d7-dbfbe13cbd84 bucket: d86ad75c-4663-4319-833c-5df975457c62 key: .Trash
	at org.apache.hadoop.ozone.om.KeyManagerImpl.getOzoneFileStatus(KeyManagerImpl.java:1311) ~[ozone-manager-1.3.0-SNAPSHOT.jar:?]
	at org.apache.hadoop.ozone.om.KeyManagerImpl.getFileStatus(KeyManagerImpl.java:1241) ~[ozone-manager-1.3.0-SNAPSHOT.jar:?]
	at org.apache.hadoop.ozone.om.OzoneManager.getFileStatus(OzoneManager.java:3419) ~[ozone-manager-1.3.0-SNAPSHOT.jar:?]
	at org.apache.hadoop.ozone.protocolPB.OzoneManagerRequestHandler.getOzoneFileStatus(OzoneManagerRequestHandler.java:871) ~[ozone-manager-1.3.0-SNAPSHOT.jar:?]
	at org.apache.hadoop.ozone.protocolPB.OzoneManagerRequestHandler.handleReadRequest(OzoneManagerRequestHandler.java:217) ~[ozone-manager-1.3.0-SNAPSHOT.jar:?]
	at org.apache.hadoop.ozone.protocolPB.OzoneManagerProtocolServerSideTranslatorPB.submitReadRequestToOM(OzoneManagerProtocolServerSideTranslatorPB.java:226) ~[ozone-manager-1.3.0-SNAPSHOT.jar:?]
	at org.apache.hadoop.ozone.protocolPB.OzoneManagerProtocolServerSideTranslatorPB.processRequest(OzoneManagerProtocolServerSideTranslatorPB.java:175) ~[ozone-manager-1.3.0-SNAPSHOT.jar:?]
	at org.apache.hadoop.hdds.server.OzoneProtocolMessageDispatcher.processRequest(OzoneProtocolMessageDispatcher.java:87) [hdds-server-framework-1.3.0-SNAPSHOT.jar:?]
	at org.apache.hadoop.ozone.protocolPB.OzoneManagerProtocolServerSideTranslatorPB.submitRequest(OzoneManagerProtocolServerSideTranslatorPB.java:147) [ozone-manager-1.3.0-SNAPSHOT.jar:?]
	at org.apache.hadoop.ozone.protocol.proto.OzoneManagerProtocolProtos$OzoneManagerService$2.callBlockingMethod(OzoneManagerProtocolProtos.java) [ozone-interface-client-1.3.0-SNAPSHOT.jar:?]
	at org.apache.hadoop.ipc.ProtobufRpcEngine$Server.processCall(ProtobufRpcEngine.java:466) [hadoop-common-3.3.1.jar:?]
	at org.apache.hadoop.ipc.ProtobufRpcEngine2$Server$ProtoBufRpcInvoker.call(ProtobufRpcEngine2.java:574) [hadoop-common-3.3.1.jar:?]
	at org.apache.hadoop.ipc.ProtobufRpcEngine2$Server$ProtoBufRpcInvoker.call(ProtobufRpcEngine2.java:552) [hadoop-common-3.3.1.jar:?]
	at org.apache.hadoop.ipc.RPC$Server.call(RPC.java:1093) [hadoop-common-3.3.1.jar:?]
	at org.apache.hadoop.ipc.Server$RpcCall.run(Server.java:1035) [hadoop-common-3.3.1.jar:?]
	at org.apache.hadoop.ipc.Server$RpcCall.run(Server.java:963) [hadoop-common-3.3.1.jar:?]
	at java.security.AccessController.doPrivileged(Native Method) ~[?:1.8.0_332]
	at javax.security.auth.Subject.doAs(Subject.java:422) [?:1.8.0_332]
	at org.apache.hadoop.security.UserGroupInformation.doAs(UserGroupInformation.java:1878) [hadoop-common-3.3.1.jar:?]
	at org.apache.hadoop.ipc.Server$Handler.run(Server.java:2966) [hadoop-common-3.3.1.jar:?]
07:21:14.108 [IPC Server handler 15 on default port 42659] ERROR OMAudit - user=runner | ip=127.0.0.1 | op=GET_FILE_STATUS {volume=volume14904, bucket=bucket75618, key=.Trash/runner, dataSize=0, replicationConfig=null} | ret=FAILURE
org.apache.hadoop.ozone.om.exceptions.OMException: Unable to get file status: volume: volume14904 bucket: bucket75618 key: .Trash/runner
	at org.apache.hadoop.ozone.om.KeyManagerImpl.getOzoneFileStatus(KeyManagerImpl.java:1311) ~[ozone-manager-1.3.0-SNAPSHOT.jar:?]
	at org.apache.hadoop.ozone.om.KeyManagerImpl.getFileStatus(KeyManagerImpl.java:1241) ~[ozone-manager-1.3.0-SNAPSHOT.jar:?]
	at org.apache.hadoop.ozone.om.OzoneManager.getFileStatus(OzoneManager.java:3419) ~[ozone-manager-1.3.0-SNAPSHOT.jar:?]
	at org.apache.hadoop.ozone.protocolPB.OzoneManagerRequestHandler.getOzoneFileStatus(OzoneManagerRequestHandler.java:871) ~[ozone-manager-1.3.0-SNAPSHOT.jar:?]
	at org.apache.hadoop.ozone.protocolPB.OzoneManagerRequestHandler.handleReadRequest(OzoneManagerRequestHandler.java:217) ~[ozone-manager-1.3.0-SNAPSHOT.jar:?]
	at org.apache.hadoop.ozone.protocolPB.OzoneManagerProtocolServerSideTranslatorPB.submitReadRequestToOM(OzoneManagerProtocolServerSideTranslatorPB.java:226) ~[ozone-manager-1.3.0-SNAPSHOT.jar:?]
	at org.apache.hadoop.ozone.protocolPB.OzoneManagerProtocolServerSideTranslatorPB.processRequest(OzoneManagerProtocolServerSideTranslatorPB.java:175) ~[ozone-manager-1.3.0-SNAPSHOT.jar:?]
	at org.apache.hadoop.hdds.server.OzoneProtocolMessageDispatcher.processRequest(OzoneProtocolMessageDispatcher.java:87) [hdds-server-framework-1.3.0-SNAPSHOT.jar:?]
	at org.apache.hadoop.ozone.protocolPB.OzoneManagerProtocolServerSideTranslatorPB.submitRequest(OzoneManagerProtocolServerSideTranslatorPB.java:147) [ozone-manager-1.3.0-SNAPSHOT.jar:?]
	at org.apache.hadoop.ozone.protocol.proto.OzoneManagerProtocolProtos$OzoneManagerService$2.callBlockingMethod(OzoneManagerProtocolProtos.java) [ozone-interface-client-1.3.0-SNAPSHOT.jar:?]
	at org.apache.hadoop.ipc.ProtobufRpcEngine$Server.processCall(ProtobufRpcEngine.java:466) [hadoop-common-3.3.1.jar:?]
	at org.apache.hadoop.ipc.ProtobufRpcEngine2$Server$ProtoBufRpcInvoker.call(ProtobufRpcEngine2.java:574) [hadoop-common-3.3.1.jar:?]
	at org.apache.hadoop.ipc.ProtobufRpcEngine2$Server$ProtoBufRpcInvoker.call(ProtobufRpcEngine2.java:552) [hadoop-common-3.3.1.jar:?]
	at org.apache.hadoop.ipc.RPC$Server.call(RPC.java:1093) [hadoop-common-3.3.1.jar:?]
	at org.apache.hadoop.ipc.Server$RpcCall.run(Server.java:1035) [hadoop-common-3.3.1.jar:?]
	at org.apache.hadoop.ipc.Server$RpcCall.run(Server.java:963) [hadoop-common-3.3.1.jar:?]
	at java.security.AccessController.doPrivileged(Native Method) ~[?:1.8.0_332]
	at javax.security.auth.Subject.doAs(Subject.java:422) [?:1.8.0_332]
	at org.apache.hadoop.security.UserGroupInformation.doAs(UserGroupInformation.java:1878) [hadoop-common-3.3.1.jar:?]
	at org.apache.hadoop.ipc.Server$Handler.run(Server.java:2966) [hadoop-common-3.3.1.jar:?]
07:21:14.116 [IPC Server handler 14 on default port 42659] ERROR OMAudit - user=runner | ip=127.0.0.1 | op=GET_FILE_STATUS {volume=32c2aff5-663b-4727-93d7-dbfbe13cbd84, bucket=d86ad75c-4663-4319-833c-5df975457c62, key=.Trash, dataSize=0, replicationConfig=null} | ret=FAILURE
org.apache.hadoop.ozone.om.exceptions.OMException: Unable to get file status: volume: 32c2aff5-663b-4727-93d7-dbfbe13cbd84 bucket: d86ad75c-4663-4319-833c-5df975457c62 key: .Trash
	at org.apache.hadoop.ozone.om.KeyManagerImpl.getOzoneFileStatus(KeyManagerImpl.java:1311) ~[ozone-manager-1.3.0-SNAPSHOT.jar:?]
	at org.apache.hadoop.ozone.om.KeyManagerImpl.getFileStatus(KeyManagerImpl.java:1241) ~[ozone-manager-1.3.0-SNAPSHOT.jar:?]
	at org.apache.hadoop.ozone.om.OzoneManager.getFileStatus(OzoneManager.java:3419) ~[ozone-manager-1.3.0-SNAPSHOT.jar:?]
	at org.apache.hadoop.ozone.protocolPB.OzoneManagerRequestHandler.getOzoneFileStatus(OzoneManagerRequestHandler.java:871) ~[ozone-manager-1.3.0-SNAPSHOT.jar:?]
	at org.apache.hadoop.ozone.protocolPB.OzoneManagerRequestHandler.handleReadRequest(OzoneManagerRequestHandler.java:217) ~[ozone-manager-1.3.0-SNAPSHOT.jar:?]
	at org.apache.hadoop.ozone.protocolPB.OzoneManagerProtocolServerSideTranslatorPB.submitReadRequestToOM(OzoneManagerProtocolServerSideTranslatorPB.java:226) ~[ozone-manager-1.3.0-SNAPSHOT.jar:?]
	at org.apache.hadoop.ozone.protocolPB.OzoneManagerProtocolServerSideTranslatorPB.processRequest(OzoneManagerProtocolServerSideTranslatorPB.java:175) ~[ozone-manager-1.3.0-SNAPSHOT.jar:?]
	at org.apache.hadoop.hdds.server.OzoneProtocolMessageDispatcher.processRequest(OzoneProtocolMessageDispatcher.java:87) [hdds-server-framework-1.3.0-SNAPSHOT.jar:?]
	at org.apache.hadoop.ozone.protocolPB.OzoneManagerProtocolServerSideTranslatorPB.submitRequest(OzoneManagerProtocolServerSideTranslatorPB.java:147) [ozone-manager-1.3.0-SNAPSHOT.jar:?]
	at org.apache.hadoop.ozone.protocol.proto.OzoneManagerProtocolProtos$OzoneManagerService$2.callBlockingMethod(OzoneManagerProtocolProtos.java) [ozone-interface-client-1.3.0-SNAPSHOT.jar:?]
	at org.apache.hadoop.ipc.ProtobufRpcEngine$Server.processCall(ProtobufRpcEngine.java:466) [hadoop-common-3.3.1.jar:?]
	at org.apache.hadoop.ipc.ProtobufRpcEngine2$Server$ProtoBufRpcInvoker.call(ProtobufRpcEngine2.java:574) [hadoop-common-3.3.1.jar:?]
	at org.apache.hadoop.ipc.ProtobufRpcEngine2$Server$ProtoBufRpcInvoker.call(ProtobufRpcEngine2.java:552) [hadoop-common-3.3.1.jar:?]
	at org.apache.hadoop.ipc.RPC$Server.call(RPC.java:1093) [hadoop-common-3.3.1.jar:?]
	at org.apache.hadoop.ipc.Server$RpcCall.run(Server.java:1035) [hadoop-common-3.3.1.jar:?]
	at org.apache.hadoop.ipc.Server$RpcCall.run(Server.java:963) [hadoop-common-3.3.1.jar:?]
	at java.security.AccessController.doPrivileged(Native Method) ~[?:1.8.0_332]
	at javax.security.auth.Subject.doAs(Subject.java:422) [?:1.8.0_332]
	at org.apache.hadoop.security.UserGroupInformation.doAs(UserGroupInformation.java:1878) [hadoop-common-3.3.1.jar:?]
	at org.apache.hadoop.ipc.Server$Handler.run(Server.java:2966) [hadoop-common-3.3.1.jar:?]
07:21:14.119 [IPC Server handler 5 on default port 42659] ERROR OMAudit - user=runner | ip=127.0.0.1 | op=GET_FILE_STATUS {volume=volume14904, bucket=bucket75618, key=.Trash, dataSize=0, replicationConfig=null} | ret=FAILURE
org.apache.hadoop.ozone.om.exceptions.OMException: Unable to get file status: volume: volume14904 bucket: bucket75618 key: .Trash
	at org.apache.hadoop.ozone.om.KeyManagerImpl.getOzoneFileStatus(KeyManagerImpl.java:1311) ~[ozone-manager-1.3.0-SNAPSHOT.jar:?]
	at org.apache.hadoop.ozone.om.KeyManagerImpl.getFileStatus(KeyManagerImpl.java:1241) ~[ozone-manager-1.3.0-SNAPSHOT.jar:?]
	at org.apache.hadoop.ozone.om.OzoneManager.getFileStatus(OzoneManager.java:3419) ~[ozone-manager-1.3.0-SNAPSHOT.jar:?]
	at org.apache.hadoop.ozone.protocolPB.OzoneManagerRequestHandler.getOzoneFileStatus(OzoneManagerRequestHandler.java:871) ~[ozone-manager-1.3.0-SNAPSHOT.jar:?]
	at org.apache.hadoop.ozone.protocolPB.OzoneManagerRequestHandler.handleReadRequest(OzoneManagerRequestHandler.java:217) ~[ozone-manager-1.3.0-SNAPSHOT.jar:?]
	at org.apache.hadoop.ozone.protocolPB.OzoneManagerProtocolServerSideTranslatorPB.submitReadRequestToOM(OzoneManagerProtocolServerSideTranslatorPB.java:226) ~[ozone-manager-1.3.0-SNAPSHOT.jar:?]
	at org.apache.hadoop.ozone.protocolPB.OzoneManagerProtocolServerSideTranslatorPB.processRequest(OzoneManagerProtocolServerSideTranslatorPB.java:175) ~[ozone-manager-1.3.0-SNAPSHOT.jar:?]
	at org.apache.hadoop.hdds.server.OzoneProtocolMessageDispatcher.processRequest(OzoneProtocolMessageDispatcher.java:87) [hdds-server-framework-1.3.0-SNAPSHOT.jar:?]
	at org.apache.hadoop.ozone.protocolPB.OzoneManagerProtocolServerSideTranslatorPB.submitRequest(OzoneManagerProtocolServerSideTranslatorPB.java:147) [ozone-manager-1.3.0-SNAPSHOT.jar:?]
	at org.apache.hadoop.ozone.protocol.proto.OzoneManagerProtocolProtos$OzoneManagerService$2.callBlockingMethod(OzoneManagerProtocolProtos.java) [ozone-interface-client-1.3.0-SNAPSHOT.jar:?]
	at org.apache.hadoop.ipc.ProtobufRpcEngine$Server.processCall(ProtobufRpcEngine.java:466) [hadoop-common-3.3.1.jar:?]
	at org.apache.hadoop.ipc.ProtobufRpcEngine2$Server$ProtoBufRpcInvoker.call(ProtobufRpcEngine2.java:574) [hadoop-common-3.3.1.jar:?]
	at org.apache.hadoop.ipc.ProtobufRpcEngine2$Server$ProtoBufRpcInvoker.call(ProtobufRpcEngine2.java:552) [hadoop-common-3.3.1.jar:?]
	at org.apache.hadoop.ipc.RPC$Server.call(RPC.java:1093) [hadoop-common-3.3.1.jar:?]
	at org.apache.hadoop.ipc.Server$RpcCall.run(Server.java:1035) [hadoop-common-3.3.1.jar:?]
	at org.apache.hadoop.ipc.Server$RpcCall.run(Server.java:963) [hadoop-common-3.3.1.jar:?]
	at java.security.AccessController.doPrivileged(Native Method) ~[?:1.8.0_332]
	at javax.security.auth.Subject.doAs(Subject.java:422) [?:1.8.0_332]
	at org.apache.hadoop.security.UserGroupInformation.doAs(UserGroupInformation.java:1878) [hadoop-common-3.3.1.jar:?]
	at org.apache.hadoop.ipc.Server$Handler.run(Server.java:2966) [hadoop-common-3.3.1.jar:?]
07:21:14.138 [IPC Server handler 15 on default port 42659] ERROR OMAudit - user=runner | ip=127.0.0.1 | op=GET_FILE_STATUS {volume=volume14904, bucket=bucket75618, key=.Trash/runner, dataSize=0, replicationConfig=null} | ret=FAILURE
org.apache.hadoop.ozone.om.exceptions.OMException: Unable to get file status: volume: volume14904 bucket: bucket75618 key: .Trash/runner
	at org.apache.hadoop.ozone.om.KeyManagerImpl.getOzoneFileStatus(KeyManagerImpl.java:1311) ~[ozone-manager-1.3.0-SNAPSHOT.jar:?]
	at org.apache.hadoop.ozone.om.KeyManagerImpl.getFileStatus(KeyManagerImpl.java:1241) ~[ozone-manager-1.3.0-SNAPSHOT.jar:?]
	at org.apache.hadoop.ozone.om.OzoneManager.getFileStatus(OzoneManager.java:3419) ~[ozone-manager-1.3.0-SNAPSHOT.jar:?]
	at org.apache.hadoop.ozone.protocolPB.OzoneManagerRequestHandler.getOzoneFileStatus(OzoneManagerRequestHandler.java:871) ~[ozone-manager-1.3.0-SNAPSHOT.jar:?]
	at org.apache.hadoop.ozone.protocolPB.OzoneManagerRequestHandler.handleReadRequest(OzoneManagerRequestHandler.java:217) ~[ozone-manager-1.3.0-SNAPSHOT.jar:?]
	at org.apache.hadoop.ozone.protocolPB.OzoneManagerProtocolServerSideTranslatorPB.submitReadRequestToOM(OzoneManagerProtocolServerSideTranslatorPB.java:226) ~[ozone-manager-1.3.0-SNAPSHOT.jar:?]
	at org.apache.hadoop.ozone.protocolPB.OzoneManagerProtocolServerSideTranslatorPB.processRequest(OzoneManagerProtocolServerSideTranslatorPB.java:175) ~[ozone-manager-1.3.0-SNAPSHOT.jar:?]
	at org.apache.hadoop.hdds.server.OzoneProtocolMessageDispatcher.processRequest(OzoneProtocolMessageDispatcher.java:87) [hdds-server-framework-1.3.0-SNAPSHOT.jar:?]
	at org.apache.hadoop.ozone.protocolPB.OzoneManagerProtocolServerSideTranslatorPB.submitRequest(OzoneManagerProtocolServerSideTranslatorPB.java:147) [ozone-manager-1.3.0-SNAPSHOT.jar:?]
	at org.apache.hadoop.ozone.protocol.proto.OzoneManagerProtocolProtos$OzoneManagerService$2.callBlockingMethod(OzoneManagerProtocolProtos.java) [ozone-interface-client-1.3.0-SNAPSHOT.jar:?]
	at org.apache.hadoop.ipc.ProtobufRpcEngine$Server.processCall(ProtobufRpcEngine.java:466) [hadoop-common-3.3.1.jar:?]
	at org.apache.hadoop.ipc.ProtobufRpcEngine2$Server$ProtoBufRpcInvoker.call(ProtobufRpcEngine2.java:574) [hadoop-common-3.3.1.jar:?]
	at org.apache.hadoop.ipc.ProtobufRpcEngine2$Server$ProtoBufRpcInvoker.call(ProtobufRpcEngine2.java:552) [hadoop-common-3.3.1.jar:?]
	at org.apache.hadoop.ipc.RPC$Server.call(RPC.java:1093) [hadoop-common-3.3.1.jar:?]
	at org.apache.hadoop.ipc.Server$RpcCall.run(Server.java:1035) [hadoop-common-3.3.1.jar:?]
	at org.apache.hadoop.ipc.Server$RpcCall.run(Server.java:963) [hadoop-common-3.3.1.jar:?]
	at java.security.AccessController.doPrivileged(Native Method) ~[?:1.8.0_332]
	at javax.security.auth.Subject.doAs(Subject.java:422) [?:1.8.0_332]
	at org.apache.hadoop.security.UserGroupInformation.doAs(UserGroupInformation.java:1878) [hadoop-common-3.3.1.jar:?]
	at org.apache.hadoop.ipc.Server$Handler.run(Server.java:2966) [hadoop-common-3.3.1.jar:?]
07:21:14.146 [IPC Server handler 7 on default port 42659] ERROR OMAudit - user=runner | ip=127.0.0.1 | op=GET_FILE_STATUS {volume=volume49526, bucket=trashroottest2, key=.Trash/runner, dataSize=0, replicationConfig=null} | ret=FAILURE
org.apache.hadoop.ozone.om.exceptions.OMException: Unable to get file status: volume: volume49526 bucket: trashroottest2 key: .Trash/runner
	at org.apache.hadoop.ozone.om.KeyManagerImpl.getOzoneFileStatus(KeyManagerImpl.java:1311) ~[ozone-manager-1.3.0-SNAPSHOT.jar:?]
	at org.apache.hadoop.ozone.om.KeyManagerImpl.getFileStatus(KeyManagerImpl.java:1241) ~[ozone-manager-1.3.0-SNAPSHOT.jar:?]
	at org.apache.hadoop.ozone.om.OzoneManager.getFileStatus(OzoneManager.java:3419) ~[ozone-manager-1.3.0-SNAPSHOT.jar:?]
	at org.apache.hadoop.ozone.protocolPB.OzoneManagerRequestHandler.getOzoneFileStatus(OzoneManagerRequestHandler.java:871) ~[ozone-manager-1.3.0-SNAPSHOT.jar:?]
	at org.apache.hadoop.ozone.protocolPB.OzoneManagerRequestHandler.handleReadRequest(OzoneManagerRequestHandler.java:217) ~[ozone-manager-1.3.0-SNAPSHOT.jar:?]
	at org.apache.hadoop.ozone.protocolPB.OzoneManagerProtocolServerSideTranslatorPB.submitReadRequestToOM(OzoneManagerProtocolServerSideTranslatorPB.java:226) ~[ozone-manager-1.3.0-SNAPSHOT.jar:?]
	at org.apache.hadoop.ozone.protocolPB.OzoneManagerProtocolServerSideTranslatorPB.processRequest(OzoneManagerProtocolServerSideTranslatorPB.java:175) ~[ozone-manager-1.3.0-SNAPSHOT.jar:?]
	at org.apache.hadoop.hdds.server.OzoneProtocolMessageDispatcher.processRequest(OzoneProtocolMessageDispatcher.java:87) [hdds-server-framework-1.3.0-SNAPSHOT.jar:?]
	at org.apache.hadoop.ozone.protocolPB.OzoneManagerProtocolServerSideTranslatorPB.submitRequest(OzoneManagerProtocolServerSideTranslatorPB.java:147) [ozone-manager-1.3.0-SNAPSHOT.jar:?]
	at org.apache.hadoop.ozone.protocol.proto.OzoneManagerProtocolProtos$OzoneManagerService$2.callBlockingMethod(OzoneManagerProtocolProtos.java) [ozone-interface-client-1.3.0-SNAPSHOT.jar:?]
	at org.apache.hadoop.ipc.ProtobufRpcEngine$Server.processCall(ProtobufRpcEngine.java:466) [hadoop-common-3.3.1.jar:?]
	at org.apache.hadoop.ipc.ProtobufRpcEngine2$Server$ProtoBufRpcInvoker.call(ProtobufRpcEngine2.java:574) [hadoop-common-3.3.1.jar:?]
	at org.apache.hadoop.ipc.ProtobufRpcEngine2$Server$ProtoBufRpcInvoker.call(ProtobufRpcEngine2.java:552) [hadoop-common-3.3.1.jar:?]
	at org.apache.hadoop.ipc.RPC$Server.call(RPC.java:1093) [hadoop-common-3.3.1.jar:?]
	at org.apache.hadoop.ipc.Server$RpcCall.run(Server.java:1035) [hadoop-common-3.3.1.jar:?]
	at org.apache.hadoop.ipc.Server$RpcCall.run(Server.java:963) [hadoop-common-3.3.1.jar:?]
	at java.security.AccessController.doPrivileged(Native Method) ~[?:1.8.0_332]
	at javax.security.auth.Subject.doAs(Subject.java:422) [?:1.8.0_332]
	at org.apache.hadoop.security.UserGroupInformation.doAs(UserGroupInformation.java:1878) [hadoop-common-3.3.1.jar:?]
	at org.apache.hadoop.ipc.Server$Handler.run(Server.java:2966) [hadoop-common-3.3.1.jar:?]
07:21:14.149 [IPC Server handler 18 on default port 42659] ERROR OMAudit - user=runner | ip=127.0.0.1 | op=GET_FILE_STATUS {volume=32c2aff5-663b-4727-93d7-dbfbe13cbd84, bucket=d86ad75c-4663-4319-833c-5df975457c62, key=.Trash, dataSize=0, replicationConfig=null} | ret=FAILURE
org.apache.hadoop.ozone.om.exceptions.OMException: Unable to get file status: volume: 32c2aff5-663b-4727-93d7-dbfbe13cbd84 bucket: d86ad75c-4663-4319-833c-5df975457c62 key: .Trash
	at org.apache.hadoop.ozone.om.KeyManagerImpl.getOzoneFileStatus(KeyManagerImpl.java:1311) ~[ozone-manager-1.3.0-SNAPSHOT.jar:?]
	at org.apache.hadoop.ozone.om.KeyManagerImpl.getFileStatus(KeyManagerImpl.java:1241) ~[ozone-manager-1.3.0-SNAPSHOT.jar:?]
	at org.apache.hadoop.ozone.om.OzoneManager.getFileStatus(OzoneManager.java:3419) ~[ozone-manager-1.3.0-SNAPSHOT.jar:?]
	at org.apache.hadoop.ozone.protocolPB.OzoneManagerRequestHandler.getOzoneFileStatus(OzoneManagerRequestHandler.java:871) ~[ozone-manager-1.3.0-SNAPSHOT.jar:?]
	at org.apache.hadoop.ozone.protocolPB.OzoneManagerRequestHandler.handleReadRequest(OzoneManagerRequestHandler.java:217) ~[ozone-manager-1.3.0-SNAPSHOT.jar:?]
	at org.apache.hadoop.ozone.protocolPB.OzoneManagerProtocolServerSideTranslatorPB.submitReadRequestToOM(OzoneManagerProtocolServerSideTranslatorPB.java:226) ~[ozone-manager-1.3.0-SNAPSHOT.jar:?]
	at org.apache.hadoop.ozone.protocolPB.OzoneManagerProtocolServerSideTranslatorPB.processRequest(OzoneManagerProtocolServerSideTranslatorPB.java:175) ~[ozone-manager-1.3.0-SNAPSHOT.jar:?]
	at org.apache.hadoop.hdds.server.OzoneProtocolMessageDispatcher.processRequest(OzoneProtocolMessageDispatcher.java:87) [hdds-server-framework-1.3.0-SNAPSHOT.jar:?]
	at org.apache.hadoop.ozone.protocolPB.OzoneManagerProtocolServerSideTranslatorPB.submitRequest(OzoneManagerProtocolServerSideTranslatorPB.java:147) [ozone-manager-1.3.0-SNAPSHOT.jar:?]
	at org.apache.hadoop.ozone.protocol.proto.OzoneManagerProtocolProtos$OzoneManagerService$2.callBlockingMethod(OzoneManagerProtocolProtos.java) [ozone-interface-client-1.3.0-SNAPSHOT.jar:?]
	at org.apache.hadoop.ipc.ProtobufRpcEngine$Server.processCall(ProtobufRpcEngine.java:466) [hadoop-common-3.3.1.jar:?]
	at org.apache.hadoop.ipc.ProtobufRpcEngine2$Server$ProtoBufRpcInvoker.call(ProtobufRpcEngine2.java:574) [hadoop-common-3.3.1.jar:?]
	at org.apache.hadoop.ipc.ProtobufRpcEngine2$Server$ProtoBufRpcInvoker.call(ProtobufRpcEngine2.java:552) [hadoop-common-3.3.1.jar:?]
	at org.apache.hadoop.ipc.RPC$Server.call(RPC.java:1093) [hadoop-common-3.3.1.jar:?]
	at org.apache.hadoop.ipc.Server$RpcCall.run(Server.java:1035) [hadoop-common-3.3.1.jar:?]
	at org.apache.hadoop.ipc.Server$RpcCall.run(Server.java:963) [hadoop-common-3.3.1.jar:?]
	at java.security.AccessController.doPrivileged(Native Method) ~[?:1.8.0_332]
	at javax.security.auth.Subject.doAs(Subject.java:422) [?:1.8.0_332]
	at org.apache.hadoop.security.UserGroupInformation.doAs(UserGroupInformation.java:1878) [hadoop-common-3.3.1.jar:?]
	at org.apache.hadoop.ipc.Server$Handler.run(Server.java:2966) [hadoop-common-3.3.1.jar:?]
07:21:14.151 [IPC Server handler 13 on default port 42659] ERROR OMAudit - user=runner | ip=127.0.0.1 | op=GET_FILE_STATUS {volume=volume14904, bucket=bucket75618, key=.Trash, dataSize=0, replicationConfig=null} | ret=FAILURE
org.apache.hadoop.ozone.om.exceptions.OMException: Unable to get file status: volume: volume14904 bucket: bucket75618 key: .Trash
	at org.apache.hadoop.ozone.om.KeyManagerImpl.getOzoneFileStatus(KeyManagerImpl.java:1311) ~[ozone-manager-1.3.0-SNAPSHOT.jar:?]
	at org.apache.hadoop.ozone.om.KeyManagerImpl.getFileStatus(KeyManagerImpl.java:1241) ~[ozone-manager-1.3.0-SNAPSHOT.jar:?]
	at org.apache.hadoop.ozone.om.OzoneManager.getFileStatus(OzoneManager.java:3419) ~[ozone-manager-1.3.0-SNAPSHOT.jar:?]
	at org.apache.hadoop.ozone.protocolPB.OzoneManagerRequestHandler.getOzoneFileStatus(OzoneManagerRequestHandler.java:871) ~[ozone-manager-1.3.0-SNAPSHOT.jar:?]
	at org.apache.hadoop.ozone.protocolPB.OzoneManagerRequestHandler.handleReadRequest(OzoneManagerRequestHandler.java:217) ~[ozone-manager-1.3.0-SNAPSHOT.jar:?]
	at org.apache.hadoop.ozone.protocolPB.OzoneManagerProtocolServerSideTranslatorPB.submitReadRequestToOM(OzoneManagerProtocolServerSideTranslatorPB.java:226) ~[ozone-manager-1.3.0-SNAPSHOT.jar:?]
	at org.apache.hadoop.ozone.protocolPB.OzoneManagerProtocolServerSideTranslatorPB.processRequest(OzoneManagerProtocolServerSideTranslatorPB.java:175) ~[ozone-manager-1.3.0-SNAPSHOT.jar:?]
	at org.apache.hadoop.hdds.server.OzoneProtocolMessageDispatcher.processRequest(OzoneProtocolMessageDispatcher.java:87) [hdds-server-framework-1.3.0-SNAPSHOT.jar:?]
	at org.apache.hadoop.ozone.protocolPB.OzoneManagerProtocolServerSideTranslatorPB.submitRequest(OzoneManagerProtocolServerSideTranslatorPB.java:147) [ozone-manager-1.3.0-SNAPSHOT.jar:?]
	at org.apache.hadoop.ozone.protocol.proto.OzoneManagerProtocolProtos$OzoneManagerService$2.callBlockingMethod(OzoneManagerProtocolProtos.java) [ozone-interface-client-1.3.0-SNAPSHOT.jar:?]
	at org.apache.hadoop.ipc.ProtobufRpcEngine$Server.processCall(ProtobufRpcEngine.java:466) [hadoop-common-3.3.1.jar:?]
	at org.apache.hadoop.ipc.ProtobufRpcEngine2$Server$ProtoBufRpcInvoker.call(ProtobufRpcEngine2.java:574) [hadoop-common-3.3.1.jar:?]
	at org.apache.hadoop.ipc.ProtobufRpcEngine2$Server$ProtoBufRpcInvoker.call(ProtobufRpcEngine2.java:552) [hadoop-common-3.3.1.jar:?]
	at org.apache.hadoop.ipc.RPC$Server.call(RPC.java:1093) [hadoop-common-3.3.1.jar:?]
	at org.apache.hadoop.ipc.Server$RpcCall.run(Server.java:1035) [hadoop-common-3.3.1.jar:?]
	at org.apache.hadoop.ipc.Server$RpcCall.run(Server.java:963) [hadoop-common-3.3.1.jar:?]
	at java.security.AccessController.doPrivileged(Native Method) ~[?:1.8.0_332]
	at javax.security.auth.Subject.doAs(Subject.java:422) [?:1.8.0_332]
	at org.apache.hadoop.security.UserGroupInformation.doAs(UserGroupInformation.java:1878) [hadoop-common-3.3.1.jar:?]
	at org.apache.hadoop.ipc.Server$Handler.run(Server.java:2966) [hadoop-common-3.3.1.jar:?]
07:21:14.161 [IPC Server handler 1 on default port 42659] ERROR OMAudit - user=runner | ip=127.0.0.1 | op=GET_FILE_STATUS {volume=volume49526, bucket=trashroottest2, key=.Trash, dataSize=0, replicationConfig=null} | ret=FAILURE
org.apache.hadoop.ozone.om.exceptions.OMException: Unable to get file status: volume: volume49526 bucket: trashroottest2 key: .Trash
	at org.apache.hadoop.ozone.om.KeyManagerImpl.getOzoneFileStatus(KeyManagerImpl.java:1311) ~[ozone-manager-1.3.0-SNAPSHOT.jar:?]
	at org.apache.hadoop.ozone.om.KeyManagerImpl.getFileStatus(KeyManagerImpl.java:1241) ~[ozone-manager-1.3.0-SNAPSHOT.jar:?]
	at org.apache.hadoop.ozone.om.OzoneManager.getFileStatus(OzoneManager.java:3419) ~[ozone-manager-1.3.0-SNAPSHOT.jar:?]
	at org.apache.hadoop.ozone.protocolPB.OzoneManagerRequestHandler.getOzoneFileStatus(OzoneManagerRequestHandler.java:871) ~[ozone-manager-1.3.0-SNAPSHOT.jar:?]
	at org.apache.hadoop.ozone.protocolPB.OzoneManagerRequestHandler.handleReadRequest(OzoneManagerRequestHandler.java:217) ~[ozone-manager-1.3.0-SNAPSHOT.jar:?]
	at org.apache.hadoop.ozone.protocolPB.OzoneManagerProtocolServerSideTranslatorPB.submitReadRequestToOM(OzoneManagerProtocolServerSideTranslatorPB.java:226) ~[ozone-manager-1.3.0-SNAPSHOT.jar:?]
	at org.apache.hadoop.ozone.protocolPB.OzoneManagerProtocolServerSideTranslatorPB.processRequest(OzoneManagerProtocolServerSideTranslatorPB.java:175) ~[ozone-manager-1.3.0-SNAPSHOT.jar:?]
	at org.apache.hadoop.hdds.server.OzoneProtocolMessageDispatcher.processRequest(OzoneProtocolMessageDispatcher.java:87) [hdds-server-framework-1.3.0-SNAPSHOT.jar:?]
	at org.apache.hadoop.ozone.protocolPB.OzoneManagerProtocolServerSideTranslatorPB.submitRequest(OzoneManagerProtocolServerSideTranslatorPB.java:147) [ozone-manager-1.3.0-SNAPSHOT.jar:?]
	at org.apache.hadoop.ozone.protocol.proto.OzoneManagerProtocolProtos$OzoneManagerService$2.callBlockingMethod(OzoneManagerProtocolProtos.java) [ozone-interface-client-1.3.0-SNAPSHOT.jar:?]
	at org.apache.hadoop.ipc.ProtobufRpcEngine$Server.processCall(ProtobufRpcEngine.java:466) [hadoop-common-3.3.1.jar:?]
	at org.apache.hadoop.ipc.ProtobufRpcEngine2$Server$ProtoBufRpcInvoker.call(ProtobufRpcEngine2.java:574) [hadoop-common-3.3.1.jar:?]
	at org.apache.hadoop.ipc.ProtobufRpcEngine2$Server$ProtoBufRpcInvoker.call(ProtobufRpcEngine2.java:552) [hadoop-common-3.3.1.jar:?]
	at org.apache.hadoop.ipc.RPC$Server.call(RPC.java:1093) [hadoop-common-3.3.1.jar:?]
	at org.apache.hadoop.ipc.Server$RpcCall.run(Server.java:1035) [hadoop-common-3.3.1.jar:?]
	at org.apache.hadoop.ipc.Server$RpcCall.run(Server.java:963) [hadoop-common-3.3.1.jar:?]
	at java.security.AccessController.doPrivileged(Native Method) ~[?:1.8.0_332]
	at javax.security.auth.Subject.doAs(Subject.java:422) [?:1.8.0_332]
	at org.apache.hadoop.security.UserGroupInformation.doAs(UserGroupInformation.java:1878) [hadoop-common-3.3.1.jar:?]
	at org.apache.hadoop.ipc.Server$Handler.run(Server.java:2966) [hadoop-common-3.3.1.jar:?]
07:21:14.172 [IPC Server handler 8 on default port 42659] ERROR OMAudit - user=runner | ip=127.0.0.1 | op=GET_FILE_STATUS {volume=volume14904, bucket=bucket75618, key=.Trash/runner, dataSize=0, replicationConfig=null} | ret=FAILURE
org.apache.hadoop.ozone.om.exceptions.OMException: Unable to get file status: volume: volume14904 bucket: bucket75618 key: .Trash/runner
	at org.apache.hadoop.ozone.om.KeyManagerImpl.getOzoneFileStatus(KeyManagerImpl.java:1311) ~[ozone-manager-1.3.0-SNAPSHOT.jar:?]
	at org.apache.hadoop.ozone.om.KeyManagerImpl.getFileStatus(KeyManagerImpl.java:1241) ~[ozone-manager-1.3.0-SNAPSHOT.jar:?]
	at org.apache.hadoop.ozone.om.OzoneManager.getFileStatus(OzoneManager.java:3419) ~[ozone-manager-1.3.0-SNAPSHOT.jar:?]
	at org.apache.hadoop.ozone.protocolPB.OzoneManagerRequestHandler.getOzoneFileStatus(OzoneManagerRequestHandler.java:871) ~[ozone-manager-1.3.0-SNAPSHOT.jar:?]
	at org.apache.hadoop.ozone.protocolPB.OzoneManagerRequestHandler.handleReadRequest(OzoneManagerRequestHandler.java:217) ~[ozone-manager-1.3.0-SNAPSHOT.jar:?]
	at org.apache.hadoop.ozone.protocolPB.OzoneManagerProtocolServerSideTranslatorPB.submitReadRequestToOM(OzoneManagerProtocolServerSideTranslatorPB.java:226) ~[ozone-manager-1.3.0-SNAPSHOT.jar:?]
	at org.apache.hadoop.ozone.protocolPB.OzoneManagerProtocolServerSideTranslatorPB.processRequest(OzoneManagerProtocolServerSideTranslatorPB.java:175) ~[ozone-manager-1.3.0-SNAPSHOT.jar:?]
	at org.apache.hadoop.hdds.server.OzoneProtocolMessageDispatcher.processRequest(OzoneProtocolMessageDispatcher.java:87) [hdds-server-framework-1.3.0-SNAPSHOT.jar:?]
	at org.apache.hadoop.ozone.protocolPB.OzoneManagerProtocolServerSideTranslatorPB.submitRequest(OzoneManagerProtocolServerSideTranslatorPB.java:147) [ozone-manager-1.3.0-SNAPSHOT.jar:?]
	at org.apache.hadoop.ozone.protocol.proto.OzoneManagerProtocolProtos$OzoneManagerService$2.callBlockingMethod(OzoneManagerProtocolProtos.java) [ozone-interface-client-1.3.0-SNAPSHOT.jar:?]
	at org.apache.hadoop.ipc.ProtobufRpcEngine$Server.processCall(ProtobufRpcEngine.java:466) [hadoop-common-3.3.1.jar:?]
	at org.apache.hadoop.ipc.ProtobufRpcEngine2$Server$ProtoBufRpcInvoker.call(ProtobufRpcEngine2.java:574) [hadoop-common-3.3.1.jar:?]
	at org.apache.hadoop.ipc.ProtobufRpcEngine2$Server$ProtoBufRpcInvoker.call(ProtobufRpcEngine2.java:552) [hadoop-common-3.3.1.jar:?]
	at org.apache.hadoop.ipc.RPC$Server.call(RPC.java:1093) [hadoop-common-3.3.1.jar:?]
	at org.apache.hadoop.ipc.Server$RpcCall.run(Server.java:1035) [hadoop-common-3.3.1.jar:?]
	at org.apache.hadoop.ipc.Server$RpcCall.run(Server.java:963) [hadoop-common-3.3.1.jar:?]
	at java.security.AccessController.doPrivileged(Native Method) ~[?:1.8.0_332]
	at javax.security.auth.Subject.doAs(Subject.java:422) [?:1.8.0_332]
	at org.apache.hadoop.security.UserGroupInformation.doAs(UserGroupInformation.java:1878) [hadoop-common-3.3.1.jar:?]
	at org.apache.hadoop.ipc.Server$Handler.run(Server.java:2966) [hadoop-common-3.3.1.jar:?]
07:21:14.177 [IPC Server handler 11 on default port 42659] ERROR OMAudit - user=runner | ip=127.0.0.1 | op=GET_FILE_STATUS {volume=volume49526, bucket=trashroottest2, key=.Trash/runner, dataSize=0, replicationConfig=null} | ret=FAILURE
org.apache.hadoop.ozone.om.exceptions.OMException: Unable to get file status: volume: volume49526 bucket: trashroottest2 key: .Trash/runner
	at org.apache.hadoop.ozone.om.KeyManagerImpl.getOzoneFileStatus(KeyManagerImpl.java:1311) ~[ozone-manager-1.3.0-SNAPSHOT.jar:?]
	at org.apache.hadoop.ozone.om.KeyManagerImpl.getFileStatus(KeyManagerImpl.java:1241) ~[ozone-manager-1.3.0-SNAPSHOT.jar:?]
	at org.apache.hadoop.ozone.om.OzoneManager.getFileStatus(OzoneManager.java:3419) ~[ozone-manager-1.3.0-SNAPSHOT.jar:?]
	at org.apache.hadoop.ozone.protocolPB.OzoneManagerRequestHandler.getOzoneFileStatus(OzoneManagerRequestHandler.java:871) ~[ozone-manager-1.3.0-SNAPSHOT.jar:?]
	at org.apache.hadoop.ozone.protocolPB.OzoneManagerRequestHandler.handleReadRequest(OzoneManagerRequestHandler.java:217) ~[ozone-manager-1.3.0-SNAPSHOT.jar:?]
	at org.apache.hadoop.ozone.protocolPB.OzoneManagerProtocolServerSideTranslatorPB.submitReadRequestToOM(OzoneManagerProtocolServerSideTranslatorPB.java:226) ~[ozone-manager-1.3.0-SNAPSHOT.jar:?]
	at org.apache.hadoop.ozone.protocolPB.OzoneManagerProtocolServerSideTranslatorPB.processRequest(OzoneManagerProtocolServerSideTranslatorPB.java:175) ~[ozone-manager-1.3.0-SNAPSHOT.jar:?]
	at org.apache.hadoop.hdds.server.OzoneProtocolMessageDispatcher.processRequest(OzoneProtocolMessageDispatcher.java:87) [hdds-server-framework-1.3.0-SNAPSHOT.jar:?]
	at org.apache.hadoop.ozone.protocolPB.OzoneManagerProtocolServerSideTranslatorPB.submitRequest(OzoneManagerProtocolServerSideTranslatorPB.java:147) [ozone-manager-1.3.0-SNAPSHOT.jar:?]
	at org.apache.hadoop.ozone.protocol.proto.OzoneManagerProtocolProtos$OzoneManagerService$2.callBlockingMethod(OzoneManagerProtocolProtos.java) [ozone-interface-client-1.3.0-SNAPSHOT.jar:?]
	at org.apache.hadoop.ipc.ProtobufRpcEngine$Server.processCall(ProtobufRpcEngine.java:466) [hadoop-common-3.3.1.jar:?]
	at org.apache.hadoop.ipc.ProtobufRpcEngine2$Server$ProtoBufRpcInvoker.call(ProtobufRpcEngine2.java:574) [hadoop-common-3.3.1.jar:?]
	at org.apache.hadoop.ipc.ProtobufRpcEngine2$Server$ProtoBufRpcInvoker.call(ProtobufRpcEngine2.java:552) [hadoop-common-3.3.1.jar:?]
	at org.apache.hadoop.ipc.RPC$Server.call(RPC.java:1093) [hadoop-common-3.3.1.jar:?]
	at org.apache.hadoop.ipc.Server$RpcCall.run(Server.java:1035) [hadoop-common-3.3.1.jar:?]
	at org.apache.hadoop.ipc.Server$RpcCall.run(Server.java:963) [hadoop-common-3.3.1.jar:?]
	at java.security.AccessController.doPrivileged(Native Method) ~[?:1.8.0_332]
	at javax.security.auth.Subject.doAs(Subject.java:422) [?:1.8.0_332]
	at org.apache.hadoop.security.UserGroupInformation.doAs(UserGroupInformation.java:1878) [hadoop-common-3.3.1.jar:?]
	at org.apache.hadoop.ipc.Server$Handler.run(Server.java:2966) [hadoop-common-3.3.1.jar:?]
07:21:14.187 [IPC Server handler 12 on default port 42659] ERROR OMAudit - user=runner | ip=127.0.0.1 | op=GET_FILE_STATUS {volume=32c2aff5-663b-4727-93d7-dbfbe13cbd84, bucket=d86ad75c-4663-4319-833c-5df975457c62, key=.Trash, dataSize=0, replicationConfig=null} | ret=FAILURE
org.apache.hadoop.ozone.om.exceptions.OMException: Unable to get file status: volume: 32c2aff5-663b-4727-93d7-dbfbe13cbd84 bucket: d86ad75c-4663-4319-833c-5df975457c62 key: .Trash
	at org.apache.hadoop.ozone.om.KeyManagerImpl.getOzoneFileStatus(KeyManagerImpl.java:1311) ~[ozone-manager-1.3.0-SNAPSHOT.jar:?]
	at org.apache.hadoop.ozone.om.KeyManagerImpl.getFileStatus(KeyManagerImpl.java:1241) ~[ozone-manager-1.3.0-SNAPSHOT.jar:?]
	at org.apache.hadoop.ozone.om.OzoneManager.getFileStatus(OzoneManager.java:3419) ~[ozone-manager-1.3.0-SNAPSHOT.jar:?]
	at org.apache.hadoop.ozone.protocolPB.OzoneManagerRequestHandler.getOzoneFileStatus(OzoneManagerRequestHandler.java:871) ~[ozone-manager-1.3.0-SNAPSHOT.jar:?]
	at org.apache.hadoop.ozone.protocolPB.OzoneManagerRequestHandler.handleReadRequest(OzoneManagerRequestHandler.java:217) ~[ozone-manager-1.3.0-SNAPSHOT.jar:?]
	at org.apache.hadoop.ozone.protocolPB.OzoneManagerProtocolServerSideTranslatorPB.submitReadRequestToOM(OzoneManagerProtocolServerSideTranslatorPB.java:226) ~[ozone-manager-1.3.0-SNAPSHOT.jar:?]
	at org.apache.hadoop.ozone.protocolPB.OzoneManagerProtocolServerSideTranslatorPB.processRequest(OzoneManagerProtocolServerSideTranslatorPB.java:175) ~[ozone-manager-1.3.0-SNAPSHOT.jar:?]
	at org.apache.hadoop.hdds.server.OzoneProtocolMessageDispatcher.processRequest(OzoneProtocolMessageDispatcher.java:87) [hdds-server-framework-1.3.0-SNAPSHOT.jar:?]
	at org.apache.hadoop.ozone.protocolPB.OzoneManagerProtocolServerSideTranslatorPB.submitRequest(OzoneManagerProtocolServerSideTranslatorPB.java:147) [ozone-manager-1.3.0-SNAPSHOT.jar:?]
	at org.apache.hadoop.ozone.protocol.proto.OzoneManagerProtocolProtos$OzoneManagerService$2.callBlockingMethod(OzoneManagerProtocolProtos.java) [ozone-interface-client-1.3.0-SNAPSHOT.jar:?]
	at org.apache.hadoop.ipc.ProtobufRpcEngine$Server.processCall(ProtobufRpcEngine.java:466) [hadoop-common-3.3.1.jar:?]
	at org.apache.hadoop.ipc.ProtobufRpcEngine2$Server$ProtoBufRpcInvoker.call(ProtobufRpcEngine2.java:574) [hadoop-common-3.3.1.jar:?]
	at org.apache.hadoop.ipc.ProtobufRpcEngine2$Server$ProtoBufRpcInvoker.call(ProtobufRpcEngine2.java:552) [hadoop-common-3.3.1.jar:?]
	at org.apache.hadoop.ipc.RPC$Server.call(RPC.java:1093) [hadoop-common-3.3.1.jar:?]
	at org.apache.hadoop.ipc.Server$RpcCall.run(Server.java:1035) [hadoop-common-3.3.1.jar:?]
	at org.apache.hadoop.ipc.Server$RpcCall.run(Server.java:963) [hadoop-common-3.3.1.jar:?]
	at java.security.AccessController.doPrivileged(Native Method) ~[?:1.8.0_332]
	at javax.security.auth.Subject.doAs(Subject.java:422) [?:1.8.0_332]
	at org.apache.hadoop.security.UserGroupInformation.doAs(UserGroupInformation.java:1878) [hadoop-common-3.3.1.jar:?]
	at org.apache.hadoop.ipc.Server$Handler.run(Server.java:2966) [hadoop-common-3.3.1.jar:?]
07:21:14.194 [IPC Server handler 1 on default port 42659] ERROR OMAudit - user=runner | ip=127.0.0.1 | op=GET_FILE_STATUS {volume=volume14904, bucket=bucket75618, key=.Trash, dataSize=0, replicationConfig=null} | ret=FAILURE
org.apache.hadoop.ozone.om.exceptions.OMException: Unable to get file status: volume: volume14904 bucket: bucket75618 key: .Trash
	at org.apache.hadoop.ozone.om.KeyManagerImpl.getOzoneFileStatus(KeyManagerImpl.java:1311) ~[ozone-manager-1.3.0-SNAPSHOT.jar:?]
	at org.apache.hadoop.ozone.om.KeyManagerImpl.getFileStatus(KeyManagerImpl.java:1241) ~[ozone-manager-1.3.0-SNAPSHOT.jar:?]
	at org.apache.hadoop.ozone.om.OzoneManager.getFileStatus(OzoneManager.java:3419) ~[ozone-manager-1.3.0-SNAPSHOT.jar:?]
	at org.apache.hadoop.ozone.protocolPB.OzoneManagerRequestHandler.getOzoneFileStatus(OzoneManagerRequestHandler.java:871) ~[ozone-manager-1.3.0-SNAPSHOT.jar:?]
	at org.apache.hadoop.ozone.protocolPB.OzoneManagerRequestHandler.handleReadRequest(OzoneManagerRequestHandler.java:217) ~[ozone-manager-1.3.0-SNAPSHOT.jar:?]
	at org.apache.hadoop.ozone.protocolPB.OzoneManagerProtocolServerSideTranslatorPB.submitReadRequestToOM(OzoneManagerProtocolServerSideTranslatorPB.java:226) ~[ozone-manager-1.3.0-SNAPSHOT.jar:?]
	at org.apache.hadoop.ozone.protocolPB.OzoneManagerProtocolServerSideTranslatorPB.processRequest(OzoneManagerProtocolServerSideTranslatorPB.java:175) ~[ozone-manager-1.3.0-SNAPSHOT.jar:?]
	at org.apache.hadoop.hdds.server.OzoneProtocolMessageDispatcher.processRequest(OzoneProtocolMessageDispatcher.java:87) [hdds-server-framework-1.3.0-SNAPSHOT.jar:?]
	at org.apache.hadoop.ozone.protocolPB.OzoneManagerProtocolServerSideTranslatorPB.submitRequest(OzoneManagerProtocolServerSideTranslatorPB.java:147) [ozone-manager-1.3.0-SNAPSHOT.jar:?]
	at org.apache.hadoop.ozone.protocol.proto.OzoneManagerProtocolProtos$OzoneManagerService$2.callBlockingMethod(OzoneManagerProtocolProtos.java) [ozone-interface-client-1.3.0-SNAPSHOT.jar:?]
	at org.apache.hadoop.ipc.ProtobufRpcEngine$Server.processCall(ProtobufRpcEngine.java:466) [hadoop-common-3.3.1.jar:?]
	at org.apache.hadoop.ipc.ProtobufRpcEngine2$Server$ProtoBufRpcInvoker.call(ProtobufRpcEngine2.java:574) [hadoop-common-3.3.1.jar:?]
	at org.apache.hadoop.ipc.ProtobufRpcEngine2$Server$ProtoBufRpcInvoker.call(ProtobufRpcEngine2.java:552) [hadoop-common-3.3.1.jar:?]
	at org.apache.hadoop.ipc.RPC$Server.call(RPC.java:1093) [hadoop-common-3.3.1.jar:?]
	at org.apache.hadoop.ipc.Server$RpcCall.run(Server.java:1035) [hadoop-common-3.3.1.jar:?]
	at org.apache.hadoop.ipc.Server$RpcCall.run(Server.java:963) [hadoop-common-3.3.1.jar:?]
	at java.security.AccessController.doPrivileged(Native Method) ~[?:1.8.0_332]
	at javax.security.auth.Subject.doAs(Subject.java:422) [?:1.8.0_332]
	at org.apache.hadoop.security.UserGroupInformation.doAs(UserGroupInformation.java:1878) [hadoop-common-3.3.1.jar:?]
	at org.apache.hadoop.ipc.Server$Handler.run(Server.java:2966) [hadoop-common-3.3.1.jar:?]
07:21:14.198 [IPC Server handler 10 on default port 42659] ERROR OMAudit - user=runner | ip=127.0.0.1 | op=GET_FILE_STATUS {volume=volume49526, bucket=trashroottest2, key=.Trash, dataSize=0, replicationConfig=null} | ret=FAILURE
org.apache.hadoop.ozone.om.exceptions.OMException: Unable to get file status: volume: volume49526 bucket: trashroottest2 key: .Trash
	at org.apache.hadoop.ozone.om.KeyManagerImpl.getOzoneFileStatus(KeyManagerImpl.java:1311) ~[ozone-manager-1.3.0-SNAPSHOT.jar:?]
	at org.apache.hadoop.ozone.om.KeyManagerImpl.getFileStatus(KeyManagerImpl.java:1241) ~[ozone-manager-1.3.0-SNAPSHOT.jar:?]
	at org.apache.hadoop.ozone.om.OzoneManager.getFileStatus(OzoneManager.java:3419) ~[ozone-manager-1.3.0-SNAPSHOT.jar:?]
	at org.apache.hadoop.ozone.protocolPB.OzoneManagerRequestHandler.getOzoneFileStatus(OzoneManagerRequestHandler.java:871) ~[ozone-manager-1.3.0-SNAPSHOT.jar:?]
	at org.apache.hadoop.ozone.protocolPB.OzoneManagerRequestHandler.handleReadRequest(OzoneManagerRequestHandler.java:217) ~[ozone-manager-1.3.0-SNAPSHOT.jar:?]
	at org.apache.hadoop.ozone.protocolPB.OzoneManagerProtocolServerSideTranslatorPB.submitReadRequestToOM(OzoneManagerProtocolServerSideTranslatorPB.java:226) ~[ozone-manager-1.3.0-SNAPSHOT.jar:?]
	at org.apache.hadoop.ozone.protocolPB.OzoneManagerProtocolServerSideTranslatorPB.processRequest(OzoneManagerProtocolServerSideTranslatorPB.java:175) ~[ozone-manager-1.3.0-SNAPSHOT.jar:?]
	at org.apache.hadoop.hdds.server.OzoneProtocolMessageDispatcher.processRequest(OzoneProtocolMessageDispatcher.java:87) [hdds-server-framework-1.3.0-SNAPSHOT.jar:?]
	at org.apache.hadoop.ozone.protocolPB.OzoneManagerProtocolServerSideTranslatorPB.submitRequest(OzoneManagerProtocolServerSideTranslatorPB.java:147) [ozone-manager-1.3.0-SNAPSHOT.jar:?]
	at org.apache.hadoop.ozone.protocol.proto.OzoneManagerProtocolProtos$OzoneManagerService$2.callBlockingMethod(OzoneManagerProtocolProtos.java) [ozone-interface-client-1.3.0-SNAPSHOT.jar:?]
	at org.apache.hadoop.ipc.ProtobufRpcEngine$Server.processCall(ProtobufRpcEngine.java:466) [hadoop-common-3.3.1.jar:?]
	at org.apache.hadoop.ipc.ProtobufRpcEngine2$Server$ProtoBufRpcInvoker.call(ProtobufRpcEngine2.java:574) [hadoop-common-3.3.1.jar:?]
	at org.apache.hadoop.ipc.ProtobufRpcEngine2$Server$ProtoBufRpcInvoker.call(ProtobufRpcEngine2.java:552) [hadoop-common-3.3.1.jar:?]
	at org.apache.hadoop.ipc.RPC$Server.call(RPC.java:1093) [hadoop-common-3.3.1.jar:?]
	at org.apache.hadoop.ipc.Server$RpcCall.run(Server.java:1035) [hadoop-common-3.3.1.jar:?]
	at org.apache.hadoop.ipc.Server$RpcCall.run(Server.java:963) [hadoop-common-3.3.1.jar:?]
	at java.security.AccessController.doPrivileged(Native Method) ~[?:1.8.0_332]
	at javax.security.auth.Subject.doAs(Subject.java:422) [?:1.8.0_332]
	at org.apache.hadoop.security.UserGroupInformation.doAs(UserGroupInformation.java:1878) [hadoop-common-3.3.1.jar:?]
	at org.apache.hadoop.ipc.Server$Handler.run(Server.java:2966) [hadoop-common-3.3.1.jar:?]
07:21:14.213 [IPC Server handler 5 on default port 42659] ERROR OMAudit - user=runner | ip=127.0.0.1 | op=GET_FILE_STATUS {volume=volume49526, bucket=bucket79386, key=.Trash/runner, dataSize=0, replicationConfig=null} | ret=FAILURE
org.apache.hadoop.ozone.om.exceptions.OMException: Unable to get file status: volume: volume49526 bucket: bucket79386 key: .Trash/runner
	at org.apache.hadoop.ozone.om.KeyManagerImpl.getOzoneFileStatus(KeyManagerImpl.java:1311) ~[ozone-manager-1.3.0-SNAPSHOT.jar:?]
	at org.apache.hadoop.ozone.om.KeyManagerImpl.getFileStatus(KeyManagerImpl.java:1241) ~[ozone-manager-1.3.0-SNAPSHOT.jar:?]
	at org.apache.hadoop.ozone.om.OzoneManager.getFileStatus(OzoneManager.java:3419) ~[ozone-manager-1.3.0-SNAPSHOT.jar:?]
	at org.apache.hadoop.ozone.protocolPB.OzoneManagerRequestHandler.getOzoneFileStatus(OzoneManagerRequestHandler.java:871) ~[ozone-manager-1.3.0-SNAPSHOT.jar:?]
	at org.apache.hadoop.ozone.protocolPB.OzoneManagerRequestHandler.handleReadRequest(OzoneManagerRequestHandler.java:217) ~[ozone-manager-1.3.0-SNAPSHOT.jar:?]
	at org.apache.hadoop.ozone.protocolPB.OzoneManagerProtocolServerSideTranslatorPB.submitReadRequestToOM(OzoneManagerProtocolServerSideTranslatorPB.java:226) ~[ozone-manager-1.3.0-SNAPSHOT.jar:?]
	at org.apache.hadoop.ozone.protocolPB.OzoneManagerProtocolServerSideTranslatorPB.processRequest(OzoneManagerProtocolServerSideTranslatorPB.java:175) ~[ozone-manager-1.3.0-SNAPSHOT.jar:?]
	at org.apache.hadoop.hdds.server.OzoneProtocolMessageDispatcher.processRequest(OzoneProtocolMessageDispatcher.java:87) [hdds-server-framework-1.3.0-SNAPSHOT.jar:?]
	at org.apache.hadoop.ozone.protocolPB.OzoneManagerProtocolServerSideTranslatorPB.submitRequest(OzoneManagerProtocolServerSideTranslatorPB.java:147) [ozone-manager-1.3.0-SNAPSHOT.jar:?]
	at org.apache.hadoop.ozone.protocol.proto.OzoneManagerProtocolProtos$OzoneManagerService$2.callBlockingMethod(OzoneManagerProtocolProtos.java) [ozone-interface-client-1.3.0-SNAPSHOT.jar:?]
	at org.apache.hadoop.ipc.ProtobufRpcEngine$Server.processCall(ProtobufRpcEngine.java:466) [hadoop-common-3.3.1.jar:?]
	at org.apache.hadoop.ipc.ProtobufRpcEngine2$Server$ProtoBufRpcInvoker.call(ProtobufRpcEngine2.java:574) [hadoop-common-3.3.1.jar:?]
	at org.apache.hadoop.ipc.ProtobufRpcEngine2$Server$ProtoBufRpcInvoker.call(ProtobufRpcEngine2.java:552) [hadoop-common-3.3.1.jar:?]
	at org.apache.hadoop.ipc.RPC$Server.call(RPC.java:1093) [hadoop-common-3.3.1.jar:?]
	at org.apache.hadoop.ipc.Server$RpcCall.run(Server.java:1035) [hadoop-common-3.3.1.jar:?]
	at org.apache.hadoop.ipc.Server$RpcCall.run(Server.java:963) [hadoop-common-3.3.1.jar:?]
	at java.security.AccessController.doPrivileged(Native Method) ~[?:1.8.0_332]
	at javax.security.auth.Subject.doAs(Subject.java:422) [?:1.8.0_332]
	at org.apache.hadoop.security.UserGroupInformation.doAs(UserGroupInformation.java:1878) [hadoop-common-3.3.1.jar:?]
	at org.apache.hadoop.ipc.Server$Handler.run(Server.java:2966) [hadoop-common-3.3.1.jar:?]
07:21:14.216 [IPC Server handler 8 on default port 42659] ERROR OMAudit - user=runner | ip=127.0.0.1 | op=GET_FILE_STATUS {volume=32c2aff5-663b-4727-93d7-dbfbe13cbd84, bucket=d86ad75c-4663-4319-833c-5df975457c62, key=.Trash, dataSize=0, replicationConfig=null} | ret=FAILURE
org.apache.hadoop.ozone.om.exceptions.OMException: Unable to get file status: volume: 32c2aff5-663b-4727-93d7-dbfbe13cbd84 bucket: d86ad75c-4663-4319-833c-5df975457c62 key: .Trash
	at org.apache.hadoop.ozone.om.KeyManagerImpl.getOzoneFileStatus(KeyManagerImpl.java:1311) ~[ozone-manager-1.3.0-SNAPSHOT.jar:?]
	at org.apache.hadoop.ozone.om.KeyManagerImpl.getFileStatus(KeyManagerImpl.java:1241) ~[ozone-manager-1.3.0-SNAPSHOT.jar:?]
	at org.apache.hadoop.ozone.om.OzoneManager.getFileStatus(OzoneManager.java:3419) ~[ozone-manager-1.3.0-SNAPSHOT.jar:?]
	at org.apache.hadoop.ozone.protocolPB.OzoneManagerRequestHandler.getOzoneFileStatus(OzoneManagerRequestHandler.java:871) ~[ozone-manager-1.3.0-SNAPSHOT.jar:?]
	at org.apache.hadoop.ozone.protocolPB.OzoneManagerRequestHandler.handleReadRequest(OzoneManagerRequestHandler.java:217) ~[ozone-manager-1.3.0-SNAPSHOT.jar:?]
	at org.apache.hadoop.ozone.protocolPB.OzoneManagerProtocolServerSideTranslatorPB.submitReadRequestToOM(OzoneManagerProtocolServerSideTranslatorPB.java:226) ~[ozone-manager-1.3.0-SNAPSHOT.jar:?]
	at org.apache.hadoop.ozone.protocolPB.OzoneManagerProtocolServerSideTranslatorPB.processRequest(OzoneManagerProtocolServerSideTranslatorPB.java:175) ~[ozone-manager-1.3.0-SNAPSHOT.jar:?]
	at org.apache.hadoop.hdds.server.OzoneProtocolMessageDispatcher.processRequest(OzoneProtocolMessageDispatcher.java:87) [hdds-server-framework-1.3.0-SNAPSHOT.jar:?]
	at org.apache.hadoop.ozone.protocolPB.OzoneManagerProtocolServerSideTranslatorPB.submitRequest(OzoneManagerProtocolServerSideTranslatorPB.java:147) [ozone-manager-1.3.0-SNAPSHOT.jar:?]
	at org.apache.hadoop.ozone.protocol.proto.OzoneManagerProtocolProtos$OzoneManagerService$2.callBlockingMethod(OzoneManagerProtocolProtos.java) [ozone-interface-client-1.3.0-SNAPSHOT.jar:?]
	at org.apache.hadoop.ipc.ProtobufRpcEngine$Server.processCall(ProtobufRpcEngine.java:466) [hadoop-common-3.3.1.jar:?]
	at org.apache.hadoop.ipc.ProtobufRpcEngine2$Server$ProtoBufRpcInvoker.call(ProtobufRpcEngine2.java:574) [hadoop-common-3.3.1.jar:?]
	at org.apache.hadoop.ipc.ProtobufRpcEngine2$Server$ProtoBufRpcInvoker.call(ProtobufRpcEngine2.java:552) [hadoop-common-3.3.1.jar:?]
	at org.apache.hadoop.ipc.RPC$Server.call(RPC.java:1093) [hadoop-common-3.3.1.jar:?]
	at org.apache.hadoop.ipc.Server$RpcCall.run(Server.java:1035) [hadoop-common-3.3.1.jar:?]
	at org.apache.hadoop.ipc.Server$RpcCall.run(Server.java:963) [hadoop-common-3.3.1.jar:?]
	at java.security.AccessController.doPrivileged(Native Method) ~[?:1.8.0_332]
	at javax.security.auth.Subject.doAs(Subject.java:422) [?:1.8.0_332]
	at org.apache.hadoop.security.UserGroupInformation.doAs(UserGroupInformation.java:1878) [hadoop-common-3.3.1.jar:?]
	at org.apache.hadoop.ipc.Server$Handler.run(Server.java:2966) [hadoop-common-3.3.1.jar:?]
]]></system-out>
  </testcase>
  <testcase name="testGetTrashRoots" classname="TestRootedOzoneFileSystem" time="0.816">
    <system-out><![CDATA[2022-07-02 07:22:25,536 [Time-limited test] INFO  rpc.RpcClient (RpcClient.java:createVolume(466)) - Creating Volume: volume16180, with user64864 as owner and space quota set to -1 bytes, counts quota set to -1
2022-07-02 07:22:25,539 [IPC Server handler 19 on default port 38347] INFO  volume.OMVolumeCreateRequest (OMVolumeCreateRequest.java:validateAndUpdateCache(195)) - created volume:volume16180 for user:user64864
2022-07-02 07:22:25,548 [Time-limited test] INFO  rpc.RpcClient (RpcClient.java:createBucket(669)) - Creating Bucket: volume16180/bucket64178, with bucket layout LEGACY, runner as owner, Versioning false, Storage Type set to DISK and Encryption set to false 
2022-07-02 07:22:25,553 [IPC Server handler 0 on default port 38347] INFO  bucket.OMBucketCreateRequest (OMBucketCreateRequest.java:validateAndUpdateCache(260)) - created bucket: bucket64178 of layout LEGACY in volume: volume16180
07:22:25.565 [IPC Server handler 9 on default port 38347] ERROR OMAudit - user=runner | ip=127.0.0.1 | op=GET_FILE_STATUS {volume=volume16180, bucket=bucket64178, key=.Trash/runner, dataSize=0, replicationConfig=null} | ret=FAILURE
org.apache.hadoop.ozone.om.exceptions.OMException: Unable to get file status: volume: volume16180 bucket: bucket64178 key: .Trash/runner
	at org.apache.hadoop.ozone.om.KeyManagerImpl.getOzoneFileStatus(KeyManagerImpl.java:1311) ~[ozone-manager-1.3.0-SNAPSHOT.jar:?]
	at org.apache.hadoop.ozone.om.KeyManagerImpl.getFileStatus(KeyManagerImpl.java:1241) ~[ozone-manager-1.3.0-SNAPSHOT.jar:?]
	at org.apache.hadoop.ozone.om.OzoneManager.getFileStatus(OzoneManager.java:3419) ~[ozone-manager-1.3.0-SNAPSHOT.jar:?]
	at org.apache.hadoop.ozone.protocolPB.OzoneManagerRequestHandler.getOzoneFileStatus(OzoneManagerRequestHandler.java:871) ~[ozone-manager-1.3.0-SNAPSHOT.jar:?]
	at org.apache.hadoop.ozone.protocolPB.OzoneManagerRequestHandler.handleReadRequest(OzoneManagerRequestHandler.java:217) ~[ozone-manager-1.3.0-SNAPSHOT.jar:?]
	at org.apache.hadoop.ozone.protocolPB.OzoneManagerProtocolServerSideTranslatorPB.submitRequestDirectlyToOM(OzoneManagerProtocolServerSideTranslatorPB.java:276) ~[ozone-manager-1.3.0-SNAPSHOT.jar:?]
	at org.apache.hadoop.ozone.protocolPB.OzoneManagerProtocolServerSideTranslatorPB.processRequest(OzoneManagerProtocolServerSideTranslatorPB.java:205) ~[ozone-manager-1.3.0-SNAPSHOT.jar:?]
	at org.apache.hadoop.hdds.server.OzoneProtocolMessageDispatcher.processRequest(OzoneProtocolMessageDispatcher.java:87) [hdds-server-framework-1.3.0-SNAPSHOT.jar:?]
	at org.apache.hadoop.ozone.protocolPB.OzoneManagerProtocolServerSideTranslatorPB.submitRequest(OzoneManagerProtocolServerSideTranslatorPB.java:147) [ozone-manager-1.3.0-SNAPSHOT.jar:?]
	at org.apache.hadoop.ozone.protocol.proto.OzoneManagerProtocolProtos$OzoneManagerService$2.callBlockingMethod(OzoneManagerProtocolProtos.java) [ozone-interface-client-1.3.0-SNAPSHOT.jar:?]
	at org.apache.hadoop.ipc.ProtobufRpcEngine$Server.processCall(ProtobufRpcEngine.java:466) [hadoop-common-3.3.1.jar:?]
	at org.apache.hadoop.ipc.ProtobufRpcEngine2$Server$ProtoBufRpcInvoker.call(ProtobufRpcEngine2.java:574) [hadoop-common-3.3.1.jar:?]
	at org.apache.hadoop.ipc.ProtobufRpcEngine2$Server$ProtoBufRpcInvoker.call(ProtobufRpcEngine2.java:552) [hadoop-common-3.3.1.jar:?]
	at org.apache.hadoop.ipc.RPC$Server.call(RPC.java:1093) [hadoop-common-3.3.1.jar:?]
	at org.apache.hadoop.ipc.Server$RpcCall.run(Server.java:1035) [hadoop-common-3.3.1.jar:?]
	at org.apache.hadoop.ipc.Server$RpcCall.run(Server.java:963) [hadoop-common-3.3.1.jar:?]
	at java.security.AccessController.doPrivileged(Native Method) ~[?:1.8.0_332]
	at javax.security.auth.Subject.doAs(Subject.java:422) [?:1.8.0_332]
	at org.apache.hadoop.security.UserGroupInformation.doAs(UserGroupInformation.java:1878) [hadoop-common-3.3.1.jar:?]
	at org.apache.hadoop.ipc.Server$Handler.run(Server.java:2966) [hadoop-common-3.3.1.jar:?]
07:22:25.568 [IPC Server handler 15 on default port 38347] ERROR OMAudit - user=runner | ip=127.0.0.1 | op=GET_FILE_STATUS {volume=701a3de9-77ea-47aa-a4d1-d07782aaebec, bucket=6ee13d82-807c-4a42-8eca-1444e536f2c9, key=.Trash, dataSize=0, replicationConfig=null} | ret=FAILURE
org.apache.hadoop.ozone.om.exceptions.OMException: Unable to get file status: volume: 701a3de9-77ea-47aa-a4d1-d07782aaebec bucket: 6ee13d82-807c-4a42-8eca-1444e536f2c9 key: .Trash
	at org.apache.hadoop.ozone.om.KeyManagerImpl.getOzoneFileStatus(KeyManagerImpl.java:1311) ~[ozone-manager-1.3.0-SNAPSHOT.jar:?]
	at org.apache.hadoop.ozone.om.KeyManagerImpl.getFileStatus(KeyManagerImpl.java:1241) ~[ozone-manager-1.3.0-SNAPSHOT.jar:?]
	at org.apache.hadoop.ozone.om.OzoneManager.getFileStatus(OzoneManager.java:3419) ~[ozone-manager-1.3.0-SNAPSHOT.jar:?]
	at org.apache.hadoop.ozone.protocolPB.OzoneManagerRequestHandler.getOzoneFileStatus(OzoneManagerRequestHandler.java:871) ~[ozone-manager-1.3.0-SNAPSHOT.jar:?]
	at org.apache.hadoop.ozone.protocolPB.OzoneManagerRequestHandler.handleReadRequest(OzoneManagerRequestHandler.java:217) ~[ozone-manager-1.3.0-SNAPSHOT.jar:?]
	at org.apache.hadoop.ozone.protocolPB.OzoneManagerProtocolServerSideTranslatorPB.submitRequestDirectlyToOM(OzoneManagerProtocolServerSideTranslatorPB.java:276) ~[ozone-manager-1.3.0-SNAPSHOT.jar:?]
	at org.apache.hadoop.ozone.protocolPB.OzoneManagerProtocolServerSideTranslatorPB.processRequest(OzoneManagerProtocolServerSideTranslatorPB.java:205) ~[ozone-manager-1.3.0-SNAPSHOT.jar:?]
	at org.apache.hadoop.hdds.server.OzoneProtocolMessageDispatcher.processRequest(OzoneProtocolMessageDispatcher.java:87) [hdds-server-framework-1.3.0-SNAPSHOT.jar:?]
	at org.apache.hadoop.ozone.protocolPB.OzoneManagerProtocolServerSideTranslatorPB.submitRequest(OzoneManagerProtocolServerSideTranslatorPB.java:147) [ozone-manager-1.3.0-SNAPSHOT.jar:?]
	at org.apache.hadoop.ozone.protocol.proto.OzoneManagerProtocolProtos$OzoneManagerService$2.callBlockingMethod(OzoneManagerProtocolProtos.java) [ozone-interface-client-1.3.0-SNAPSHOT.jar:?]
	at org.apache.hadoop.ipc.ProtobufRpcEngine$Server.processCall(ProtobufRpcEngine.java:466) [hadoop-common-3.3.1.jar:?]
	at org.apache.hadoop.ipc.ProtobufRpcEngine2$Server$ProtoBufRpcInvoker.call(ProtobufRpcEngine2.java:574) [hadoop-common-3.3.1.jar:?]
	at org.apache.hadoop.ipc.ProtobufRpcEngine2$Server$ProtoBufRpcInvoker.call(ProtobufRpcEngine2.java:552) [hadoop-common-3.3.1.jar:?]
	at org.apache.hadoop.ipc.RPC$Server.call(RPC.java:1093) [hadoop-common-3.3.1.jar:?]
	at org.apache.hadoop.ipc.Server$RpcCall.run(Server.java:1035) [hadoop-common-3.3.1.jar:?]
	at org.apache.hadoop.ipc.Server$RpcCall.run(Server.java:963) [hadoop-common-3.3.1.jar:?]
	at java.security.AccessController.doPrivileged(Native Method) ~[?:1.8.0_332]
	at javax.security.auth.Subject.doAs(Subject.java:422) [?:1.8.0_332]
	at org.apache.hadoop.security.UserGroupInformation.doAs(UserGroupInformation.java:1878) [hadoop-common-3.3.1.jar:?]
	at org.apache.hadoop.ipc.Server$Handler.run(Server.java:2966) [hadoop-common-3.3.1.jar:?]
07:22:25.571 [IPC Server handler 18 on default port 38347] ERROR OMAudit - user=runner | ip=127.0.0.1 | op=GET_FILE_STATUS {volume=volume16180, bucket=bucket64178, key=.Trash, dataSize=0, replicationConfig=null} | ret=FAILURE
org.apache.hadoop.ozone.om.exceptions.OMException: Unable to get file status: volume: volume16180 bucket: bucket64178 key: .Trash
	at org.apache.hadoop.ozone.om.KeyManagerImpl.getOzoneFileStatus(KeyManagerImpl.java:1311) ~[ozone-manager-1.3.0-SNAPSHOT.jar:?]
	at org.apache.hadoop.ozone.om.KeyManagerImpl.getFileStatus(KeyManagerImpl.java:1241) ~[ozone-manager-1.3.0-SNAPSHOT.jar:?]
	at org.apache.hadoop.ozone.om.OzoneManager.getFileStatus(OzoneManager.java:3419) ~[ozone-manager-1.3.0-SNAPSHOT.jar:?]
	at org.apache.hadoop.ozone.protocolPB.OzoneManagerRequestHandler.getOzoneFileStatus(OzoneManagerRequestHandler.java:871) ~[ozone-manager-1.3.0-SNAPSHOT.jar:?]
	at org.apache.hadoop.ozone.protocolPB.OzoneManagerRequestHandler.handleReadRequest(OzoneManagerRequestHandler.java:217) ~[ozone-manager-1.3.0-SNAPSHOT.jar:?]
	at org.apache.hadoop.ozone.protocolPB.OzoneManagerProtocolServerSideTranslatorPB.submitRequestDirectlyToOM(OzoneManagerProtocolServerSideTranslatorPB.java:276) ~[ozone-manager-1.3.0-SNAPSHOT.jar:?]
	at org.apache.hadoop.ozone.protocolPB.OzoneManagerProtocolServerSideTranslatorPB.processRequest(OzoneManagerProtocolServerSideTranslatorPB.java:205) ~[ozone-manager-1.3.0-SNAPSHOT.jar:?]
	at org.apache.hadoop.hdds.server.OzoneProtocolMessageDispatcher.processRequest(OzoneProtocolMessageDispatcher.java:87) [hdds-server-framework-1.3.0-SNAPSHOT.jar:?]
	at org.apache.hadoop.ozone.protocolPB.OzoneManagerProtocolServerSideTranslatorPB.submitRequest(OzoneManagerProtocolServerSideTranslatorPB.java:147) [ozone-manager-1.3.0-SNAPSHOT.jar:?]
	at org.apache.hadoop.ozone.protocol.proto.OzoneManagerProtocolProtos$OzoneManagerService$2.callBlockingMethod(OzoneManagerProtocolProtos.java) [ozone-interface-client-1.3.0-SNAPSHOT.jar:?]
	at org.apache.hadoop.ipc.ProtobufRpcEngine$Server.processCall(ProtobufRpcEngine.java:466) [hadoop-common-3.3.1.jar:?]
	at org.apache.hadoop.ipc.ProtobufRpcEngine2$Server$ProtoBufRpcInvoker.call(ProtobufRpcEngine2.java:574) [hadoop-common-3.3.1.jar:?]
	at org.apache.hadoop.ipc.ProtobufRpcEngine2$Server$ProtoBufRpcInvoker.call(ProtobufRpcEngine2.java:552) [hadoop-common-3.3.1.jar:?]
	at org.apache.hadoop.ipc.RPC$Server.call(RPC.java:1093) [hadoop-common-3.3.1.jar:?]
	at org.apache.hadoop.ipc.Server$RpcCall.run(Server.java:1035) [hadoop-common-3.3.1.jar:?]
	at org.apache.hadoop.ipc.Server$RpcCall.run(Server.java:963) [hadoop-common-3.3.1.jar:?]
	at java.security.AccessController.doPrivileged(Native Method) ~[?:1.8.0_332]
	at javax.security.auth.Subject.doAs(Subject.java:422) [?:1.8.0_332]
	at org.apache.hadoop.security.UserGroupInformation.doAs(UserGroupInformation.java:1878) [hadoop-common-3.3.1.jar:?]
	at org.apache.hadoop.ipc.Server$Handler.run(Server.java:2966) [hadoop-common-3.3.1.jar:?]
07:22:25.578 [IPC Server handler 19 on default port 38347] ERROR OMAudit - user=runner | ip=127.0.0.1 | op=GET_FILE_STATUS {volume=701a3de9-77ea-47aa-a4d1-d07782aaebec, bucket=6ee13d82-807c-4a42-8eca-1444e536f2c9, key=.Trash, dataSize=0, replicationConfig=null} | ret=FAILURE
org.apache.hadoop.ozone.om.exceptions.OMException: Unable to get file status: volume: 701a3de9-77ea-47aa-a4d1-d07782aaebec bucket: 6ee13d82-807c-4a42-8eca-1444e536f2c9 key: .Trash
	at org.apache.hadoop.ozone.om.KeyManagerImpl.getOzoneFileStatus(KeyManagerImpl.java:1311) ~[ozone-manager-1.3.0-SNAPSHOT.jar:?]
	at org.apache.hadoop.ozone.om.KeyManagerImpl.getFileStatus(KeyManagerImpl.java:1241) ~[ozone-manager-1.3.0-SNAPSHOT.jar:?]
	at org.apache.hadoop.ozone.om.OzoneManager.getFileStatus(OzoneManager.java:3419) ~[ozone-manager-1.3.0-SNAPSHOT.jar:?]
	at org.apache.hadoop.ozone.protocolPB.OzoneManagerRequestHandler.getOzoneFileStatus(OzoneManagerRequestHandler.java:871) ~[ozone-manager-1.3.0-SNAPSHOT.jar:?]
	at org.apache.hadoop.ozone.protocolPB.OzoneManagerRequestHandler.handleReadRequest(OzoneManagerRequestHandler.java:217) ~[ozone-manager-1.3.0-SNAPSHOT.jar:?]
	at org.apache.hadoop.ozone.protocolPB.OzoneManagerProtocolServerSideTranslatorPB.submitRequestDirectlyToOM(OzoneManagerProtocolServerSideTranslatorPB.java:276) ~[ozone-manager-1.3.0-SNAPSHOT.jar:?]
	at org.apache.hadoop.ozone.protocolPB.OzoneManagerProtocolServerSideTranslatorPB.processRequest(OzoneManagerProtocolServerSideTranslatorPB.java:205) ~[ozone-manager-1.3.0-SNAPSHOT.jar:?]
	at org.apache.hadoop.hdds.server.OzoneProtocolMessageDispatcher.processRequest(OzoneProtocolMessageDispatcher.java:87) [hdds-server-framework-1.3.0-SNAPSHOT.jar:?]
	at org.apache.hadoop.ozone.protocolPB.OzoneManagerProtocolServerSideTranslatorPB.submitRequest(OzoneManagerProtocolServerSideTranslatorPB.java:147) [ozone-manager-1.3.0-SNAPSHOT.jar:?]
	at org.apache.hadoop.ozone.protocol.proto.OzoneManagerProtocolProtos$OzoneManagerService$2.callBlockingMethod(OzoneManagerProtocolProtos.java) [ozone-interface-client-1.3.0-SNAPSHOT.jar:?]
	at org.apache.hadoop.ipc.ProtobufRpcEngine$Server.processCall(ProtobufRpcEngine.java:466) [hadoop-common-3.3.1.jar:?]
	at org.apache.hadoop.ipc.ProtobufRpcEngine2$Server$ProtoBufRpcInvoker.call(ProtobufRpcEngine2.java:574) [hadoop-common-3.3.1.jar:?]
	at org.apache.hadoop.ipc.ProtobufRpcEngine2$Server$ProtoBufRpcInvoker.call(ProtobufRpcEngine2.java:552) [hadoop-common-3.3.1.jar:?]
	at org.apache.hadoop.ipc.RPC$Server.call(RPC.java:1093) [hadoop-common-3.3.1.jar:?]
	at org.apache.hadoop.ipc.Server$RpcCall.run(Server.java:1035) [hadoop-common-3.3.1.jar:?]
	at org.apache.hadoop.ipc.Server$RpcCall.run(Server.java:963) [hadoop-common-3.3.1.jar:?]
	at java.security.AccessController.doPrivileged(Native Method) ~[?:1.8.0_332]
	at javax.security.auth.Subject.doAs(Subject.java:422) [?:1.8.0_332]
	at org.apache.hadoop.security.UserGroupInformation.doAs(UserGroupInformation.java:1878) [hadoop-common-3.3.1.jar:?]
	at org.apache.hadoop.ipc.Server$Handler.run(Server.java:2966) [hadoop-common-3.3.1.jar:?]
07:22:25.592 [IPC Server handler 6 on default port 38347] ERROR OMAudit - user=runner | ip=127.0.0.1 | op=GET_FILE_STATUS {volume=701a3de9-77ea-47aa-a4d1-d07782aaebec, bucket=6ee13d82-807c-4a42-8eca-1444e536f2c9, key=.Trash, dataSize=0, replicationConfig=null} | ret=FAILURE
org.apache.hadoop.ozone.om.exceptions.OMException: Unable to get file status: volume: 701a3de9-77ea-47aa-a4d1-d07782aaebec bucket: 6ee13d82-807c-4a42-8eca-1444e536f2c9 key: .Trash
	at org.apache.hadoop.ozone.om.KeyManagerImpl.getOzoneFileStatus(KeyManagerImpl.java:1311) ~[ozone-manager-1.3.0-SNAPSHOT.jar:?]
	at org.apache.hadoop.ozone.om.KeyManagerImpl.getFileStatus(KeyManagerImpl.java:1241) ~[ozone-manager-1.3.0-SNAPSHOT.jar:?]
	at org.apache.hadoop.ozone.om.OzoneManager.getFileStatus(OzoneManager.java:3419) ~[ozone-manager-1.3.0-SNAPSHOT.jar:?]
	at org.apache.hadoop.ozone.protocolPB.OzoneManagerRequestHandler.getOzoneFileStatus(OzoneManagerRequestHandler.java:871) ~[ozone-manager-1.3.0-SNAPSHOT.jar:?]
	at org.apache.hadoop.ozone.protocolPB.OzoneManagerRequestHandler.handleReadRequest(OzoneManagerRequestHandler.java:217) ~[ozone-manager-1.3.0-SNAPSHOT.jar:?]
	at org.apache.hadoop.ozone.protocolPB.OzoneManagerProtocolServerSideTranslatorPB.submitRequestDirectlyToOM(OzoneManagerProtocolServerSideTranslatorPB.java:276) ~[ozone-manager-1.3.0-SNAPSHOT.jar:?]
	at org.apache.hadoop.ozone.protocolPB.OzoneManagerProtocolServerSideTranslatorPB.processRequest(OzoneManagerProtocolServerSideTranslatorPB.java:205) ~[ozone-manager-1.3.0-SNAPSHOT.jar:?]
	at org.apache.hadoop.hdds.server.OzoneProtocolMessageDispatcher.processRequest(OzoneProtocolMessageDispatcher.java:87) [hdds-server-framework-1.3.0-SNAPSHOT.jar:?]
	at org.apache.hadoop.ozone.protocolPB.OzoneManagerProtocolServerSideTranslatorPB.submitRequest(OzoneManagerProtocolServerSideTranslatorPB.java:147) [ozone-manager-1.3.0-SNAPSHOT.jar:?]
	at org.apache.hadoop.ozone.protocol.proto.OzoneManagerProtocolProtos$OzoneManagerService$2.callBlockingMethod(OzoneManagerProtocolProtos.java) [ozone-interface-client-1.3.0-SNAPSHOT.jar:?]
	at org.apache.hadoop.ipc.ProtobufRpcEngine$Server.processCall(ProtobufRpcEngine.java:466) [hadoop-common-3.3.1.jar:?]
	at org.apache.hadoop.ipc.ProtobufRpcEngine2$Server$ProtoBufRpcInvoker.call(ProtobufRpcEngine2.java:574) [hadoop-common-3.3.1.jar:?]
	at org.apache.hadoop.ipc.ProtobufRpcEngine2$Server$ProtoBufRpcInvoker.call(ProtobufRpcEngine2.java:552) [hadoop-common-3.3.1.jar:?]
	at org.apache.hadoop.ipc.RPC$Server.call(RPC.java:1093) [hadoop-common-3.3.1.jar:?]
	at org.apache.hadoop.ipc.Server$RpcCall.run(Server.java:1035) [hadoop-common-3.3.1.jar:?]
	at org.apache.hadoop.ipc.Server$RpcCall.run(Server.java:963) [hadoop-common-3.3.1.jar:?]
	at java.security.AccessController.doPrivileged(Native Method) ~[?:1.8.0_332]
	at javax.security.auth.Subject.doAs(Subject.java:422) [?:1.8.0_332]
	at org.apache.hadoop.security.UserGroupInformation.doAs(UserGroupInformation.java:1878) [hadoop-common-3.3.1.jar:?]
	at org.apache.hadoop.ipc.Server$Handler.run(Server.java:2966) [hadoop-common-3.3.1.jar:?]
2022-07-02 07:22:25,600 [Time-limited test] INFO  rpc.RpcClient (RpcClient.java:createBucket(669)) - Creating Bucket: volume16180/trashroottest2, with bucket layout LEGACY, runner as owner, Versioning false, Storage Type set to DISK and Encryption set to false 
2022-07-02 07:22:25,602 [IPC Server handler 0 on default port 38347] INFO  bucket.OMBucketCreateRequest (OMBucketCreateRequest.java:validateAndUpdateCache(260)) - created bucket: trashroottest2 of layout LEGACY in volume: volume16180
07:22:25.786 [IPC Server handler 2 on default port 38347] ERROR OMAudit - user=runner | ip=127.0.0.1 | op=GET_FILE_STATUS {volume=701a3de9-77ea-47aa-a4d1-d07782aaebec, bucket=6ee13d82-807c-4a42-8eca-1444e536f2c9, key=.Trash, dataSize=0, replicationConfig=null} | ret=FAILURE
org.apache.hadoop.ozone.om.exceptions.OMException: Unable to get file status: volume: 701a3de9-77ea-47aa-a4d1-d07782aaebec bucket: 6ee13d82-807c-4a42-8eca-1444e536f2c9 key: .Trash
	at org.apache.hadoop.ozone.om.KeyManagerImpl.getOzoneFileStatus(KeyManagerImpl.java:1311) ~[ozone-manager-1.3.0-SNAPSHOT.jar:?]
	at org.apache.hadoop.ozone.om.KeyManagerImpl.getFileStatus(KeyManagerImpl.java:1241) ~[ozone-manager-1.3.0-SNAPSHOT.jar:?]
	at org.apache.hadoop.ozone.om.OzoneManager.getFileStatus(OzoneManager.java:3419) ~[ozone-manager-1.3.0-SNAPSHOT.jar:?]
	at org.apache.hadoop.ozone.protocolPB.OzoneManagerRequestHandler.getOzoneFileStatus(OzoneManagerRequestHandler.java:871) ~[ozone-manager-1.3.0-SNAPSHOT.jar:?]
	at org.apache.hadoop.ozone.protocolPB.OzoneManagerRequestHandler.handleReadRequest(OzoneManagerRequestHandler.java:217) ~[ozone-manager-1.3.0-SNAPSHOT.jar:?]
	at org.apache.hadoop.ozone.protocolPB.OzoneManagerProtocolServerSideTranslatorPB.submitRequestDirectlyToOM(OzoneManagerProtocolServerSideTranslatorPB.java:276) ~[ozone-manager-1.3.0-SNAPSHOT.jar:?]
	at org.apache.hadoop.ozone.protocolPB.OzoneManagerProtocolServerSideTranslatorPB.processRequest(OzoneManagerProtocolServerSideTranslatorPB.java:205) ~[ozone-manager-1.3.0-SNAPSHOT.jar:?]
	at org.apache.hadoop.hdds.server.OzoneProtocolMessageDispatcher.processRequest(OzoneProtocolMessageDispatcher.java:87) [hdds-server-framework-1.3.0-SNAPSHOT.jar:?]
	at org.apache.hadoop.ozone.protocolPB.OzoneManagerProtocolServerSideTranslatorPB.submitRequest(OzoneManagerProtocolServerSideTranslatorPB.java:147) [ozone-manager-1.3.0-SNAPSHOT.jar:?]
	at org.apache.hadoop.ozone.protocol.proto.OzoneManagerProtocolProtos$OzoneManagerService$2.callBlockingMethod(OzoneManagerProtocolProtos.java) [ozone-interface-client-1.3.0-SNAPSHOT.jar:?]
	at org.apache.hadoop.ipc.ProtobufRpcEngine$Server.processCall(ProtobufRpcEngine.java:466) [hadoop-common-3.3.1.jar:?]
	at org.apache.hadoop.ipc.ProtobufRpcEngine2$Server$ProtoBufRpcInvoker.call(ProtobufRpcEngine2.java:574) [hadoop-common-3.3.1.jar:?]
	at org.apache.hadoop.ipc.ProtobufRpcEngine2$Server$ProtoBufRpcInvoker.call(ProtobufRpcEngine2.java:552) [hadoop-common-3.3.1.jar:?]
	at org.apache.hadoop.ipc.RPC$Server.call(RPC.java:1093) [hadoop-common-3.3.1.jar:?]
	at org.apache.hadoop.ipc.Server$RpcCall.run(Server.java:1035) [hadoop-common-3.3.1.jar:?]
	at org.apache.hadoop.ipc.Server$RpcCall.run(Server.java:963) [hadoop-common-3.3.1.jar:?]
	at java.security.AccessController.doPrivileged(Native Method) ~[?:1.8.0_332]
	at javax.security.auth.Subject.doAs(Subject.java:422) [?:1.8.0_332]
	at org.apache.hadoop.security.UserGroupInformation.doAs(UserGroupInformation.java:1878) [hadoop-common-3.3.1.jar:?]
	at org.apache.hadoop.ipc.Server$Handler.run(Server.java:2966) [hadoop-common-3.3.1.jar:?]
07:22:25.827 [IPC Server handler 10 on default port 38347] ERROR OMAudit - user=runner | ip=127.0.0.1 | op=GET_FILE_STATUS {volume=701a3de9-77ea-47aa-a4d1-d07782aaebec, bucket=6ee13d82-807c-4a42-8eca-1444e536f2c9, key=.Trash, dataSize=0, replicationConfig=null} | ret=FAILURE
org.apache.hadoop.ozone.om.exceptions.OMException: Unable to get file status: volume: 701a3de9-77ea-47aa-a4d1-d07782aaebec bucket: 6ee13d82-807c-4a42-8eca-1444e536f2c9 key: .Trash
	at org.apache.hadoop.ozone.om.KeyManagerImpl.getOzoneFileStatus(KeyManagerImpl.java:1311) ~[ozone-manager-1.3.0-SNAPSHOT.jar:?]
	at org.apache.hadoop.ozone.om.KeyManagerImpl.getFileStatus(KeyManagerImpl.java:1241) ~[ozone-manager-1.3.0-SNAPSHOT.jar:?]
	at org.apache.hadoop.ozone.om.OzoneManager.getFileStatus(OzoneManager.java:3419) ~[ozone-manager-1.3.0-SNAPSHOT.jar:?]
	at org.apache.hadoop.ozone.protocolPB.OzoneManagerRequestHandler.getOzoneFileStatus(OzoneManagerRequestHandler.java:871) ~[ozone-manager-1.3.0-SNAPSHOT.jar:?]
	at org.apache.hadoop.ozone.protocolPB.OzoneManagerRequestHandler.handleReadRequest(OzoneManagerRequestHandler.java:217) ~[ozone-manager-1.3.0-SNAPSHOT.jar:?]
	at org.apache.hadoop.ozone.protocolPB.OzoneManagerProtocolServerSideTranslatorPB.submitRequestDirectlyToOM(OzoneManagerProtocolServerSideTranslatorPB.java:276) ~[ozone-manager-1.3.0-SNAPSHOT.jar:?]
	at org.apache.hadoop.ozone.protocolPB.OzoneManagerProtocolServerSideTranslatorPB.processRequest(OzoneManagerProtocolServerSideTranslatorPB.java:205) ~[ozone-manager-1.3.0-SNAPSHOT.jar:?]
	at org.apache.hadoop.hdds.server.OzoneProtocolMessageDispatcher.processRequest(OzoneProtocolMessageDispatcher.java:87) [hdds-server-framework-1.3.0-SNAPSHOT.jar:?]
	at org.apache.hadoop.ozone.protocolPB.OzoneManagerProtocolServerSideTranslatorPB.submitRequest(OzoneManagerProtocolServerSideTranslatorPB.java:147) [ozone-manager-1.3.0-SNAPSHOT.jar:?]
	at org.apache.hadoop.ozone.protocol.proto.OzoneManagerProtocolProtos$OzoneManagerService$2.callBlockingMethod(OzoneManagerProtocolProtos.java) [ozone-interface-client-1.3.0-SNAPSHOT.jar:?]
	at org.apache.hadoop.ipc.ProtobufRpcEngine$Server.processCall(ProtobufRpcEngine.java:466) [hadoop-common-3.3.1.jar:?]
	at org.apache.hadoop.ipc.ProtobufRpcEngine2$Server$ProtoBufRpcInvoker.call(ProtobufRpcEngine2.java:574) [hadoop-common-3.3.1.jar:?]
	at org.apache.hadoop.ipc.ProtobufRpcEngine2$Server$ProtoBufRpcInvoker.call(ProtobufRpcEngine2.java:552) [hadoop-common-3.3.1.jar:?]
	at org.apache.hadoop.ipc.RPC$Server.call(RPC.java:1093) [hadoop-common-3.3.1.jar:?]
	at org.apache.hadoop.ipc.Server$RpcCall.run(Server.java:1035) [hadoop-common-3.3.1.jar:?]
	at org.apache.hadoop.ipc.Server$RpcCall.run(Server.java:963) [hadoop-common-3.3.1.jar:?]
	at java.security.AccessController.doPrivileged(Native Method) ~[?:1.8.0_332]
	at javax.security.auth.Subject.doAs(Subject.java:422) [?:1.8.0_332]
	at org.apache.hadoop.security.UserGroupInformation.doAs(UserGroupInformation.java:1878) [hadoop-common-3.3.1.jar:?]
	at org.apache.hadoop.ipc.Server$Handler.run(Server.java:2966) [hadoop-common-3.3.1.jar:?]
2022-07-02 07:22:25,932 [Time-limited test] INFO  rpc.RpcClient (RpcClient.java:createVolume(466)) - Creating Volume: volume86364, with user72113 as owner and space quota set to -1 bytes, counts quota set to -1
2022-07-02 07:22:25,933 [IPC Server handler 16 on default port 38347] INFO  volume.OMVolumeCreateRequest (OMVolumeCreateRequest.java:validateAndUpdateCache(195)) - created volume:volume86364 for user:user72113
2022-07-02 07:22:25,935 [Time-limited test] INFO  rpc.RpcClient (RpcClient.java:createBucket(669)) - Creating Bucket: volume86364/bucket09357, with bucket layout LEGACY, runner as owner, Versioning false, Storage Type set to DISK and Encryption set to false 
2022-07-02 07:22:25,943 [IPC Server handler 11 on default port 38347] INFO  bucket.OMBucketCreateRequest (OMBucketCreateRequest.java:validateAndUpdateCache(260)) - created bucket: bucket09357 of layout LEGACY in volume: volume86364
07:22:25.974 [IPC Server handler 8 on default port 38347] ERROR OMAudit - user=runner | ip=127.0.0.1 | op=GET_FILE_STATUS {volume=701a3de9-77ea-47aa-a4d1-d07782aaebec, bucket=6ee13d82-807c-4a42-8eca-1444e536f2c9, key=.Trash, dataSize=0, replicationConfig=null} | ret=FAILURE
org.apache.hadoop.ozone.om.exceptions.OMException: Unable to get file status: volume: 701a3de9-77ea-47aa-a4d1-d07782aaebec bucket: 6ee13d82-807c-4a42-8eca-1444e536f2c9 key: .Trash
	at org.apache.hadoop.ozone.om.KeyManagerImpl.getOzoneFileStatus(KeyManagerImpl.java:1311) ~[ozone-manager-1.3.0-SNAPSHOT.jar:?]
	at org.apache.hadoop.ozone.om.KeyManagerImpl.getFileStatus(KeyManagerImpl.java:1241) ~[ozone-manager-1.3.0-SNAPSHOT.jar:?]
	at org.apache.hadoop.ozone.om.OzoneManager.getFileStatus(OzoneManager.java:3419) ~[ozone-manager-1.3.0-SNAPSHOT.jar:?]
	at org.apache.hadoop.ozone.protocolPB.OzoneManagerRequestHandler.getOzoneFileStatus(OzoneManagerRequestHandler.java:871) ~[ozone-manager-1.3.0-SNAPSHOT.jar:?]
	at org.apache.hadoop.ozone.protocolPB.OzoneManagerRequestHandler.handleReadRequest(OzoneManagerRequestHandler.java:217) ~[ozone-manager-1.3.0-SNAPSHOT.jar:?]
	at org.apache.hadoop.ozone.protocolPB.OzoneManagerProtocolServerSideTranslatorPB.submitRequestDirectlyToOM(OzoneManagerProtocolServerSideTranslatorPB.java:276) ~[ozone-manager-1.3.0-SNAPSHOT.jar:?]
	at org.apache.hadoop.ozone.protocolPB.OzoneManagerProtocolServerSideTranslatorPB.processRequest(OzoneManagerProtocolServerSideTranslatorPB.java:205) ~[ozone-manager-1.3.0-SNAPSHOT.jar:?]
	at org.apache.hadoop.hdds.server.OzoneProtocolMessageDispatcher.processRequest(OzoneProtocolMessageDispatcher.java:87) [hdds-server-framework-1.3.0-SNAPSHOT.jar:?]
	at org.apache.hadoop.ozone.protocolPB.OzoneManagerProtocolServerSideTranslatorPB.submitRequest(OzoneManagerProtocolServerSideTranslatorPB.java:147) [ozone-manager-1.3.0-SNAPSHOT.jar:?]
	at org.apache.hadoop.ozone.protocol.proto.OzoneManagerProtocolProtos$OzoneManagerService$2.callBlockingMethod(OzoneManagerProtocolProtos.java) [ozone-interface-client-1.3.0-SNAPSHOT.jar:?]
	at org.apache.hadoop.ipc.ProtobufRpcEngine$Server.processCall(ProtobufRpcEngine.java:466) [hadoop-common-3.3.1.jar:?]
	at org.apache.hadoop.ipc.ProtobufRpcEngine2$Server$ProtoBufRpcInvoker.call(ProtobufRpcEngine2.java:574) [hadoop-common-3.3.1.jar:?]
	at org.apache.hadoop.ipc.ProtobufRpcEngine2$Server$ProtoBufRpcInvoker.call(ProtobufRpcEngine2.java:552) [hadoop-common-3.3.1.jar:?]
	at org.apache.hadoop.ipc.RPC$Server.call(RPC.java:1093) [hadoop-common-3.3.1.jar:?]
	at org.apache.hadoop.ipc.Server$RpcCall.run(Server.java:1035) [hadoop-common-3.3.1.jar:?]
	at org.apache.hadoop.ipc.Server$RpcCall.run(Server.java:963) [hadoop-common-3.3.1.jar:?]
	at java.security.AccessController.doPrivileged(Native Method) ~[?:1.8.0_332]
	at javax.security.auth.Subject.doAs(Subject.java:422) [?:1.8.0_332]
	at org.apache.hadoop.security.UserGroupInformation.doAs(UserGroupInformation.java:1878) [hadoop-common-3.3.1.jar:?]
	at org.apache.hadoop.ipc.Server$Handler.run(Server.java:2966) [hadoop-common-3.3.1.jar:?]
07:22:26.040 [IPC Server handler 5 on default port 38347] ERROR OMAudit - user=runner | ip=127.0.0.1 | op=GET_FILE_STATUS {volume=701a3de9-77ea-47aa-a4d1-d07782aaebec, bucket=6ee13d82-807c-4a42-8eca-1444e536f2c9, key=.Trash, dataSize=0, replicationConfig=null} | ret=FAILURE
org.apache.hadoop.ozone.om.exceptions.OMException: Unable to get file status: volume: 701a3de9-77ea-47aa-a4d1-d07782aaebec bucket: 6ee13d82-807c-4a42-8eca-1444e536f2c9 key: .Trash
	at org.apache.hadoop.ozone.om.KeyManagerImpl.getOzoneFileStatus(KeyManagerImpl.java:1311) ~[ozone-manager-1.3.0-SNAPSHOT.jar:?]
	at org.apache.hadoop.ozone.om.KeyManagerImpl.getFileStatus(KeyManagerImpl.java:1241) ~[ozone-manager-1.3.0-SNAPSHOT.jar:?]
	at org.apache.hadoop.ozone.om.OzoneManager.getFileStatus(OzoneManager.java:3419) ~[ozone-manager-1.3.0-SNAPSHOT.jar:?]
	at org.apache.hadoop.ozone.protocolPB.OzoneManagerRequestHandler.getOzoneFileStatus(OzoneManagerRequestHandler.java:871) ~[ozone-manager-1.3.0-SNAPSHOT.jar:?]
	at org.apache.hadoop.ozone.protocolPB.OzoneManagerRequestHandler.handleReadRequest(OzoneManagerRequestHandler.java:217) ~[ozone-manager-1.3.0-SNAPSHOT.jar:?]
	at org.apache.hadoop.ozone.protocolPB.OzoneManagerProtocolServerSideTranslatorPB.submitRequestDirectlyToOM(OzoneManagerProtocolServerSideTranslatorPB.java:276) ~[ozone-manager-1.3.0-SNAPSHOT.jar:?]
	at org.apache.hadoop.ozone.protocolPB.OzoneManagerProtocolServerSideTranslatorPB.processRequest(OzoneManagerProtocolServerSideTranslatorPB.java:205) ~[ozone-manager-1.3.0-SNAPSHOT.jar:?]
	at org.apache.hadoop.hdds.server.OzoneProtocolMessageDispatcher.processRequest(OzoneProtocolMessageDispatcher.java:87) [hdds-server-framework-1.3.0-SNAPSHOT.jar:?]
	at org.apache.hadoop.ozone.protocolPB.OzoneManagerProtocolServerSideTranslatorPB.submitRequest(OzoneManagerProtocolServerSideTranslatorPB.java:147) [ozone-manager-1.3.0-SNAPSHOT.jar:?]
	at org.apache.hadoop.ozone.protocol.proto.OzoneManagerProtocolProtos$OzoneManagerService$2.callBlockingMethod(OzoneManagerProtocolProtos.java) [ozone-interface-client-1.3.0-SNAPSHOT.jar:?]
	at org.apache.hadoop.ipc.ProtobufRpcEngine$Server.processCall(ProtobufRpcEngine.java:466) [hadoop-common-3.3.1.jar:?]
	at org.apache.hadoop.ipc.ProtobufRpcEngine2$Server$ProtoBufRpcInvoker.call(ProtobufRpcEngine2.java:574) [hadoop-common-3.3.1.jar:?]
	at org.apache.hadoop.ipc.ProtobufRpcEngine2$Server$ProtoBufRpcInvoker.call(ProtobufRpcEngine2.java:552) [hadoop-common-3.3.1.jar:?]
	at org.apache.hadoop.ipc.RPC$Server.call(RPC.java:1093) [hadoop-common-3.3.1.jar:?]
	at org.apache.hadoop.ipc.Server$RpcCall.run(Server.java:1035) [hadoop-common-3.3.1.jar:?]
	at org.apache.hadoop.ipc.Server$RpcCall.run(Server.java:963) [hadoop-common-3.3.1.jar:?]
	at java.security.AccessController.doPrivileged(Native Method) ~[?:1.8.0_332]
	at javax.security.auth.Subject.doAs(Subject.java:422) [?:1.8.0_332]
	at org.apache.hadoop.security.UserGroupInformation.doAs(UserGroupInformation.java:1878) [hadoop-common-3.3.1.jar:?]
	at org.apache.hadoop.ipc.Server$Handler.run(Server.java:2966) [hadoop-common-3.3.1.jar:?]
07:22:26.061 [IPC Server handler 10 on default port 38347] ERROR OMAudit - user=runner | ip=127.0.0.1 | op=GET_FILE_STATUS {volume=volume86364, bucket=bucket09357, key=.Trash/runner, dataSize=0, replicationConfig=null} | ret=FAILURE
org.apache.hadoop.ozone.om.exceptions.OMException: Unable to get file status: volume: volume86364 bucket: bucket09357 key: .Trash/runner
	at org.apache.hadoop.ozone.om.KeyManagerImpl.getOzoneFileStatus(KeyManagerImpl.java:1311) ~[ozone-manager-1.3.0-SNAPSHOT.jar:?]
	at org.apache.hadoop.ozone.om.KeyManagerImpl.getFileStatus(KeyManagerImpl.java:1241) ~[ozone-manager-1.3.0-SNAPSHOT.jar:?]
	at org.apache.hadoop.ozone.om.OzoneManager.getFileStatus(OzoneManager.java:3419) ~[ozone-manager-1.3.0-SNAPSHOT.jar:?]
	at org.apache.hadoop.ozone.protocolPB.OzoneManagerRequestHandler.getOzoneFileStatus(OzoneManagerRequestHandler.java:871) ~[ozone-manager-1.3.0-SNAPSHOT.jar:?]
	at org.apache.hadoop.ozone.protocolPB.OzoneManagerRequestHandler.handleReadRequest(OzoneManagerRequestHandler.java:217) ~[ozone-manager-1.3.0-SNAPSHOT.jar:?]
	at org.apache.hadoop.ozone.protocolPB.OzoneManagerProtocolServerSideTranslatorPB.submitRequestDirectlyToOM(OzoneManagerProtocolServerSideTranslatorPB.java:276) ~[ozone-manager-1.3.0-SNAPSHOT.jar:?]
	at org.apache.hadoop.ozone.protocolPB.OzoneManagerProtocolServerSideTranslatorPB.processRequest(OzoneManagerProtocolServerSideTranslatorPB.java:205) ~[ozone-manager-1.3.0-SNAPSHOT.jar:?]
	at org.apache.hadoop.hdds.server.OzoneProtocolMessageDispatcher.processRequest(OzoneProtocolMessageDispatcher.java:87) [hdds-server-framework-1.3.0-SNAPSHOT.jar:?]
	at org.apache.hadoop.ozone.protocolPB.OzoneManagerProtocolServerSideTranslatorPB.submitRequest(OzoneManagerProtocolServerSideTranslatorPB.java:147) [ozone-manager-1.3.0-SNAPSHOT.jar:?]
	at org.apache.hadoop.ozone.protocol.proto.OzoneManagerProtocolProtos$OzoneManagerService$2.callBlockingMethod(OzoneManagerProtocolProtos.java) [ozone-interface-client-1.3.0-SNAPSHOT.jar:?]
	at org.apache.hadoop.ipc.ProtobufRpcEngine$Server.processCall(ProtobufRpcEngine.java:466) [hadoop-common-3.3.1.jar:?]
	at org.apache.hadoop.ipc.ProtobufRpcEngine2$Server$ProtoBufRpcInvoker.call(ProtobufRpcEngine2.java:574) [hadoop-common-3.3.1.jar:?]
	at org.apache.hadoop.ipc.ProtobufRpcEngine2$Server$ProtoBufRpcInvoker.call(ProtobufRpcEngine2.java:552) [hadoop-common-3.3.1.jar:?]
	at org.apache.hadoop.ipc.RPC$Server.call(RPC.java:1093) [hadoop-common-3.3.1.jar:?]
	at org.apache.hadoop.ipc.Server$RpcCall.run(Server.java:1035) [hadoop-common-3.3.1.jar:?]
	at org.apache.hadoop.ipc.Server$RpcCall.run(Server.java:963) [hadoop-common-3.3.1.jar:?]
	at java.security.AccessController.doPrivileged(Native Method) ~[?:1.8.0_332]
	at javax.security.auth.Subject.doAs(Subject.java:422) [?:1.8.0_332]
	at org.apache.hadoop.security.UserGroupInformation.doAs(UserGroupInformation.java:1878) [hadoop-common-3.3.1.jar:?]
	at org.apache.hadoop.ipc.Server$Handler.run(Server.java:2966) [hadoop-common-3.3.1.jar:?]
07:22:26.081 [IPC Server handler 16 on default port 38347] ERROR OMAudit - user=runner | ip=127.0.0.1 | op=GET_FILE_STATUS {volume=701a3de9-77ea-47aa-a4d1-d07782aaebec, bucket=6ee13d82-807c-4a42-8eca-1444e536f2c9, key=.Trash, dataSize=0, replicationConfig=null} | ret=FAILURE
org.apache.hadoop.ozone.om.exceptions.OMException: Unable to get file status: volume: 701a3de9-77ea-47aa-a4d1-d07782aaebec bucket: 6ee13d82-807c-4a42-8eca-1444e536f2c9 key: .Trash
	at org.apache.hadoop.ozone.om.KeyManagerImpl.getOzoneFileStatus(KeyManagerImpl.java:1311) ~[ozone-manager-1.3.0-SNAPSHOT.jar:?]
	at org.apache.hadoop.ozone.om.KeyManagerImpl.getFileStatus(KeyManagerImpl.java:1241) ~[ozone-manager-1.3.0-SNAPSHOT.jar:?]
	at org.apache.hadoop.ozone.om.OzoneManager.getFileStatus(OzoneManager.java:3419) ~[ozone-manager-1.3.0-SNAPSHOT.jar:?]
	at org.apache.hadoop.ozone.protocolPB.OzoneManagerRequestHandler.getOzoneFileStatus(OzoneManagerRequestHandler.java:871) ~[ozone-manager-1.3.0-SNAPSHOT.jar:?]
	at org.apache.hadoop.ozone.protocolPB.OzoneManagerRequestHandler.handleReadRequest(OzoneManagerRequestHandler.java:217) ~[ozone-manager-1.3.0-SNAPSHOT.jar:?]
	at org.apache.hadoop.ozone.protocolPB.OzoneManagerProtocolServerSideTranslatorPB.submitRequestDirectlyToOM(OzoneManagerProtocolServerSideTranslatorPB.java:276) ~[ozone-manager-1.3.0-SNAPSHOT.jar:?]
	at org.apache.hadoop.ozone.protocolPB.OzoneManagerProtocolServerSideTranslatorPB.processRequest(OzoneManagerProtocolServerSideTranslatorPB.java:205) ~[ozone-manager-1.3.0-SNAPSHOT.jar:?]
	at org.apache.hadoop.hdds.server.OzoneProtocolMessageDispatcher.processRequest(OzoneProtocolMessageDispatcher.java:87) [hdds-server-framework-1.3.0-SNAPSHOT.jar:?]
	at org.apache.hadoop.ozone.protocolPB.OzoneManagerProtocolServerSideTranslatorPB.submitRequest(OzoneManagerProtocolServerSideTranslatorPB.java:147) [ozone-manager-1.3.0-SNAPSHOT.jar:?]
	at org.apache.hadoop.ozone.protocol.proto.OzoneManagerProtocolProtos$OzoneManagerService$2.callBlockingMethod(OzoneManagerProtocolProtos.java) [ozone-interface-client-1.3.0-SNAPSHOT.jar:?]
	at org.apache.hadoop.ipc.ProtobufRpcEngine$Server.processCall(ProtobufRpcEngine.java:466) [hadoop-common-3.3.1.jar:?]
	at org.apache.hadoop.ipc.ProtobufRpcEngine2$Server$ProtoBufRpcInvoker.call(ProtobufRpcEngine2.java:574) [hadoop-common-3.3.1.jar:?]
	at org.apache.hadoop.ipc.ProtobufRpcEngine2$Server$ProtoBufRpcInvoker.call(ProtobufRpcEngine2.java:552) [hadoop-common-3.3.1.jar:?]
	at org.apache.hadoop.ipc.RPC$Server.call(RPC.java:1093) [hadoop-common-3.3.1.jar:?]
	at org.apache.hadoop.ipc.Server$RpcCall.run(Server.java:1035) [hadoop-common-3.3.1.jar:?]
	at org.apache.hadoop.ipc.Server$RpcCall.run(Server.java:963) [hadoop-common-3.3.1.jar:?]
	at java.security.AccessController.doPrivileged(Native Method) ~[?:1.8.0_332]
	at javax.security.auth.Subject.doAs(Subject.java:422) [?:1.8.0_332]
	at org.apache.hadoop.security.UserGroupInformation.doAs(UserGroupInformation.java:1878) [hadoop-common-3.3.1.jar:?]
	at org.apache.hadoop.ipc.Server$Handler.run(Server.java:2966) [hadoop-common-3.3.1.jar:?]
07:22:26.089 [IPC Server handler 12 on default port 38347] ERROR OMAudit - user=runner | ip=127.0.0.1 | op=GET_FILE_STATUS {volume=volume86364, bucket=bucket09357, key=.Trash, dataSize=0, replicationConfig=null} | ret=FAILURE
org.apache.hadoop.ozone.om.exceptions.OMException: Unable to get file status: volume: volume86364 bucket: bucket09357 key: .Trash
	at org.apache.hadoop.ozone.om.KeyManagerImpl.getOzoneFileStatus(KeyManagerImpl.java:1311) ~[ozone-manager-1.3.0-SNAPSHOT.jar:?]
	at org.apache.hadoop.ozone.om.KeyManagerImpl.getFileStatus(KeyManagerImpl.java:1241) ~[ozone-manager-1.3.0-SNAPSHOT.jar:?]
	at org.apache.hadoop.ozone.om.OzoneManager.getFileStatus(OzoneManager.java:3419) ~[ozone-manager-1.3.0-SNAPSHOT.jar:?]
	at org.apache.hadoop.ozone.protocolPB.OzoneManagerRequestHandler.getOzoneFileStatus(OzoneManagerRequestHandler.java:871) ~[ozone-manager-1.3.0-SNAPSHOT.jar:?]
	at org.apache.hadoop.ozone.protocolPB.OzoneManagerRequestHandler.handleReadRequest(OzoneManagerRequestHandler.java:217) ~[ozone-manager-1.3.0-SNAPSHOT.jar:?]
	at org.apache.hadoop.ozone.protocolPB.OzoneManagerProtocolServerSideTranslatorPB.submitRequestDirectlyToOM(OzoneManagerProtocolServerSideTranslatorPB.java:276) ~[ozone-manager-1.3.0-SNAPSHOT.jar:?]
	at org.apache.hadoop.ozone.protocolPB.OzoneManagerProtocolServerSideTranslatorPB.processRequest(OzoneManagerProtocolServerSideTranslatorPB.java:205) ~[ozone-manager-1.3.0-SNAPSHOT.jar:?]
	at org.apache.hadoop.hdds.server.OzoneProtocolMessageDispatcher.processRequest(OzoneProtocolMessageDispatcher.java:87) [hdds-server-framework-1.3.0-SNAPSHOT.jar:?]
	at org.apache.hadoop.ozone.protocolPB.OzoneManagerProtocolServerSideTranslatorPB.submitRequest(OzoneManagerProtocolServerSideTranslatorPB.java:147) [ozone-manager-1.3.0-SNAPSHOT.jar:?]
	at org.apache.hadoop.ozone.protocol.proto.OzoneManagerProtocolProtos$OzoneManagerService$2.callBlockingMethod(OzoneManagerProtocolProtos.java) [ozone-interface-client-1.3.0-SNAPSHOT.jar:?]
	at org.apache.hadoop.ipc.ProtobufRpcEngine$Server.processCall(ProtobufRpcEngine.java:466) [hadoop-common-3.3.1.jar:?]
	at org.apache.hadoop.ipc.ProtobufRpcEngine2$Server$ProtoBufRpcInvoker.call(ProtobufRpcEngine2.java:574) [hadoop-common-3.3.1.jar:?]
	at org.apache.hadoop.ipc.ProtobufRpcEngine2$Server$ProtoBufRpcInvoker.call(ProtobufRpcEngine2.java:552) [hadoop-common-3.3.1.jar:?]
	at org.apache.hadoop.ipc.RPC$Server.call(RPC.java:1093) [hadoop-common-3.3.1.jar:?]
	at org.apache.hadoop.ipc.Server$RpcCall.run(Server.java:1035) [hadoop-common-3.3.1.jar:?]
	at org.apache.hadoop.ipc.Server$RpcCall.run(Server.java:963) [hadoop-common-3.3.1.jar:?]
	at java.security.AccessController.doPrivileged(Native Method) ~[?:1.8.0_332]
	at javax.security.auth.Subject.doAs(Subject.java:422) [?:1.8.0_332]
	at org.apache.hadoop.security.UserGroupInformation.doAs(UserGroupInformation.java:1878) [hadoop-common-3.3.1.jar:?]
	at org.apache.hadoop.ipc.Server$Handler.run(Server.java:2966) [hadoop-common-3.3.1.jar:?]
07:22:26.121 [IPC Server handler 10 on default port 38347] ERROR OMAudit - user=runner | ip=127.0.0.1 | op=GET_FILE_STATUS {volume=volume86364, bucket=bucket09357, key=.Trash/runner, dataSize=0, replicationConfig=null} | ret=FAILURE
org.apache.hadoop.ozone.om.exceptions.OMException: Unable to get file status: volume: volume86364 bucket: bucket09357 key: .Trash/runner
	at org.apache.hadoop.ozone.om.KeyManagerImpl.getOzoneFileStatus(KeyManagerImpl.java:1311) ~[ozone-manager-1.3.0-SNAPSHOT.jar:?]
	at org.apache.hadoop.ozone.om.KeyManagerImpl.getFileStatus(KeyManagerImpl.java:1241) ~[ozone-manager-1.3.0-SNAPSHOT.jar:?]
	at org.apache.hadoop.ozone.om.OzoneManager.getFileStatus(OzoneManager.java:3419) ~[ozone-manager-1.3.0-SNAPSHOT.jar:?]
	at org.apache.hadoop.ozone.protocolPB.OzoneManagerRequestHandler.getOzoneFileStatus(OzoneManagerRequestHandler.java:871) ~[ozone-manager-1.3.0-SNAPSHOT.jar:?]
	at org.apache.hadoop.ozone.protocolPB.OzoneManagerRequestHandler.handleReadRequest(OzoneManagerRequestHandler.java:217) ~[ozone-manager-1.3.0-SNAPSHOT.jar:?]
	at org.apache.hadoop.ozone.protocolPB.OzoneManagerProtocolServerSideTranslatorPB.submitRequestDirectlyToOM(OzoneManagerProtocolServerSideTranslatorPB.java:276) ~[ozone-manager-1.3.0-SNAPSHOT.jar:?]
	at org.apache.hadoop.ozone.protocolPB.OzoneManagerProtocolServerSideTranslatorPB.processRequest(OzoneManagerProtocolServerSideTranslatorPB.java:205) ~[ozone-manager-1.3.0-SNAPSHOT.jar:?]
	at org.apache.hadoop.hdds.server.OzoneProtocolMessageDispatcher.processRequest(OzoneProtocolMessageDispatcher.java:87) [hdds-server-framework-1.3.0-SNAPSHOT.jar:?]
	at org.apache.hadoop.ozone.protocolPB.OzoneManagerProtocolServerSideTranslatorPB.submitRequest(OzoneManagerProtocolServerSideTranslatorPB.java:147) [ozone-manager-1.3.0-SNAPSHOT.jar:?]
	at org.apache.hadoop.ozone.protocol.proto.OzoneManagerProtocolProtos$OzoneManagerService$2.callBlockingMethod(OzoneManagerProtocolProtos.java) [ozone-interface-client-1.3.0-SNAPSHOT.jar:?]
	at org.apache.hadoop.ipc.ProtobufRpcEngine$Server.processCall(ProtobufRpcEngine.java:466) [hadoop-common-3.3.1.jar:?]
	at org.apache.hadoop.ipc.ProtobufRpcEngine2$Server$ProtoBufRpcInvoker.call(ProtobufRpcEngine2.java:574) [hadoop-common-3.3.1.jar:?]
	at org.apache.hadoop.ipc.ProtobufRpcEngine2$Server$ProtoBufRpcInvoker.call(ProtobufRpcEngine2.java:552) [hadoop-common-3.3.1.jar:?]
	at org.apache.hadoop.ipc.RPC$Server.call(RPC.java:1093) [hadoop-common-3.3.1.jar:?]
	at org.apache.hadoop.ipc.Server$RpcCall.run(Server.java:1035) [hadoop-common-3.3.1.jar:?]
	at org.apache.hadoop.ipc.Server$RpcCall.run(Server.java:963) [hadoop-common-3.3.1.jar:?]
	at java.security.AccessController.doPrivileged(Native Method) ~[?:1.8.0_332]
	at javax.security.auth.Subject.doAs(Subject.java:422) [?:1.8.0_332]
	at org.apache.hadoop.security.UserGroupInformation.doAs(UserGroupInformation.java:1878) [hadoop-common-3.3.1.jar:?]
	at org.apache.hadoop.ipc.Server$Handler.run(Server.java:2966) [hadoop-common-3.3.1.jar:?]
07:22:26.126 [IPC Server handler 1 on default port 38347] ERROR OMAudit - user=runner | ip=127.0.0.1 | op=GET_FILE_STATUS {volume=volume16180, bucket=trashroottest2, key=.Trash/runner, dataSize=0, replicationConfig=null} | ret=FAILURE
org.apache.hadoop.ozone.om.exceptions.OMException: Unable to get file status: volume: volume16180 bucket: trashroottest2 key: .Trash/runner
	at org.apache.hadoop.ozone.om.KeyManagerImpl.getOzoneFileStatus(KeyManagerImpl.java:1311) ~[ozone-manager-1.3.0-SNAPSHOT.jar:?]
	at org.apache.hadoop.ozone.om.KeyManagerImpl.getFileStatus(KeyManagerImpl.java:1241) ~[ozone-manager-1.3.0-SNAPSHOT.jar:?]
	at org.apache.hadoop.ozone.om.OzoneManager.getFileStatus(OzoneManager.java:3419) ~[ozone-manager-1.3.0-SNAPSHOT.jar:?]
	at org.apache.hadoop.ozone.protocolPB.OzoneManagerRequestHandler.getOzoneFileStatus(OzoneManagerRequestHandler.java:871) ~[ozone-manager-1.3.0-SNAPSHOT.jar:?]
	at org.apache.hadoop.ozone.protocolPB.OzoneManagerRequestHandler.handleReadRequest(OzoneManagerRequestHandler.java:217) ~[ozone-manager-1.3.0-SNAPSHOT.jar:?]
	at org.apache.hadoop.ozone.protocolPB.OzoneManagerProtocolServerSideTranslatorPB.submitRequestDirectlyToOM(OzoneManagerProtocolServerSideTranslatorPB.java:276) ~[ozone-manager-1.3.0-SNAPSHOT.jar:?]
	at org.apache.hadoop.ozone.protocolPB.OzoneManagerProtocolServerSideTranslatorPB.processRequest(OzoneManagerProtocolServerSideTranslatorPB.java:205) ~[ozone-manager-1.3.0-SNAPSHOT.jar:?]
	at org.apache.hadoop.hdds.server.OzoneProtocolMessageDispatcher.processRequest(OzoneProtocolMessageDispatcher.java:87) [hdds-server-framework-1.3.0-SNAPSHOT.jar:?]
	at org.apache.hadoop.ozone.protocolPB.OzoneManagerProtocolServerSideTranslatorPB.submitRequest(OzoneManagerProtocolServerSideTranslatorPB.java:147) [ozone-manager-1.3.0-SNAPSHOT.jar:?]
	at org.apache.hadoop.ozone.protocol.proto.OzoneManagerProtocolProtos$OzoneManagerService$2.callBlockingMethod(OzoneManagerProtocolProtos.java) [ozone-interface-client-1.3.0-SNAPSHOT.jar:?]
	at org.apache.hadoop.ipc.ProtobufRpcEngine$Server.processCall(ProtobufRpcEngine.java:466) [hadoop-common-3.3.1.jar:?]
	at org.apache.hadoop.ipc.ProtobufRpcEngine2$Server$ProtoBufRpcInvoker.call(ProtobufRpcEngine2.java:574) [hadoop-common-3.3.1.jar:?]
	at org.apache.hadoop.ipc.ProtobufRpcEngine2$Server$ProtoBufRpcInvoker.call(ProtobufRpcEngine2.java:552) [hadoop-common-3.3.1.jar:?]
	at org.apache.hadoop.ipc.RPC$Server.call(RPC.java:1093) [hadoop-common-3.3.1.jar:?]
	at org.apache.hadoop.ipc.Server$RpcCall.run(Server.java:1035) [hadoop-common-3.3.1.jar:?]
	at org.apache.hadoop.ipc.Server$RpcCall.run(Server.java:963) [hadoop-common-3.3.1.jar:?]
	at java.security.AccessController.doPrivileged(Native Method) ~[?:1.8.0_332]
	at javax.security.auth.Subject.doAs(Subject.java:422) [?:1.8.0_332]
	at org.apache.hadoop.security.UserGroupInformation.doAs(UserGroupInformation.java:1878) [hadoop-common-3.3.1.jar:?]
	at org.apache.hadoop.ipc.Server$Handler.run(Server.java:2966) [hadoop-common-3.3.1.jar:?]
07:22:26.129 [IPC Server handler 8 on default port 38347] ERROR OMAudit - user=runner | ip=127.0.0.1 | op=GET_FILE_STATUS {volume=701a3de9-77ea-47aa-a4d1-d07782aaebec, bucket=6ee13d82-807c-4a42-8eca-1444e536f2c9, key=.Trash, dataSize=0, replicationConfig=null} | ret=FAILURE
org.apache.hadoop.ozone.om.exceptions.OMException: Unable to get file status: volume: 701a3de9-77ea-47aa-a4d1-d07782aaebec bucket: 6ee13d82-807c-4a42-8eca-1444e536f2c9 key: .Trash
	at org.apache.hadoop.ozone.om.KeyManagerImpl.getOzoneFileStatus(KeyManagerImpl.java:1311) ~[ozone-manager-1.3.0-SNAPSHOT.jar:?]
	at org.apache.hadoop.ozone.om.KeyManagerImpl.getFileStatus(KeyManagerImpl.java:1241) ~[ozone-manager-1.3.0-SNAPSHOT.jar:?]
	at org.apache.hadoop.ozone.om.OzoneManager.getFileStatus(OzoneManager.java:3419) ~[ozone-manager-1.3.0-SNAPSHOT.jar:?]
	at org.apache.hadoop.ozone.protocolPB.OzoneManagerRequestHandler.getOzoneFileStatus(OzoneManagerRequestHandler.java:871) ~[ozone-manager-1.3.0-SNAPSHOT.jar:?]
	at org.apache.hadoop.ozone.protocolPB.OzoneManagerRequestHandler.handleReadRequest(OzoneManagerRequestHandler.java:217) ~[ozone-manager-1.3.0-SNAPSHOT.jar:?]
	at org.apache.hadoop.ozone.protocolPB.OzoneManagerProtocolServerSideTranslatorPB.submitRequestDirectlyToOM(OzoneManagerProtocolServerSideTranslatorPB.java:276) ~[ozone-manager-1.3.0-SNAPSHOT.jar:?]
	at org.apache.hadoop.ozone.protocolPB.OzoneManagerProtocolServerSideTranslatorPB.processRequest(OzoneManagerProtocolServerSideTranslatorPB.java:205) ~[ozone-manager-1.3.0-SNAPSHOT.jar:?]
	at org.apache.hadoop.hdds.server.OzoneProtocolMessageDispatcher.processRequest(OzoneProtocolMessageDispatcher.java:87) [hdds-server-framework-1.3.0-SNAPSHOT.jar:?]
	at org.apache.hadoop.ozone.protocolPB.OzoneManagerProtocolServerSideTranslatorPB.submitRequest(OzoneManagerProtocolServerSideTranslatorPB.java:147) [ozone-manager-1.3.0-SNAPSHOT.jar:?]
	at org.apache.hadoop.ozone.protocol.proto.OzoneManagerProtocolProtos$OzoneManagerService$2.callBlockingMethod(OzoneManagerProtocolProtos.java) [ozone-interface-client-1.3.0-SNAPSHOT.jar:?]
	at org.apache.hadoop.ipc.ProtobufRpcEngine$Server.processCall(ProtobufRpcEngine.java:466) [hadoop-common-3.3.1.jar:?]
	at org.apache.hadoop.ipc.ProtobufRpcEngine2$Server$ProtoBufRpcInvoker.call(ProtobufRpcEngine2.java:574) [hadoop-common-3.3.1.jar:?]
	at org.apache.hadoop.ipc.ProtobufRpcEngine2$Server$ProtoBufRpcInvoker.call(ProtobufRpcEngine2.java:552) [hadoop-common-3.3.1.jar:?]
	at org.apache.hadoop.ipc.RPC$Server.call(RPC.java:1093) [hadoop-common-3.3.1.jar:?]
	at org.apache.hadoop.ipc.Server$RpcCall.run(Server.java:1035) [hadoop-common-3.3.1.jar:?]
	at org.apache.hadoop.ipc.Server$RpcCall.run(Server.java:963) [hadoop-common-3.3.1.jar:?]
	at java.security.AccessController.doPrivileged(Native Method) ~[?:1.8.0_332]
	at javax.security.auth.Subject.doAs(Subject.java:422) [?:1.8.0_332]
	at org.apache.hadoop.security.UserGroupInformation.doAs(UserGroupInformation.java:1878) [hadoop-common-3.3.1.jar:?]
	at org.apache.hadoop.ipc.Server$Handler.run(Server.java:2966) [hadoop-common-3.3.1.jar:?]
07:22:26.135 [IPC Server handler 0 on default port 38347] ERROR OMAudit - user=runner | ip=127.0.0.1 | op=GET_FILE_STATUS {volume=volume16180, bucket=trashroottest2, key=.Trash, dataSize=0, replicationConfig=null} | ret=FAILURE
org.apache.hadoop.ozone.om.exceptions.OMException: Unable to get file status: volume: volume16180 bucket: trashroottest2 key: .Trash
	at org.apache.hadoop.ozone.om.KeyManagerImpl.getOzoneFileStatus(KeyManagerImpl.java:1311) ~[ozone-manager-1.3.0-SNAPSHOT.jar:?]
	at org.apache.hadoop.ozone.om.KeyManagerImpl.getFileStatus(KeyManagerImpl.java:1241) ~[ozone-manager-1.3.0-SNAPSHOT.jar:?]
	at org.apache.hadoop.ozone.om.OzoneManager.getFileStatus(OzoneManager.java:3419) ~[ozone-manager-1.3.0-SNAPSHOT.jar:?]
	at org.apache.hadoop.ozone.protocolPB.OzoneManagerRequestHandler.getOzoneFileStatus(OzoneManagerRequestHandler.java:871) ~[ozone-manager-1.3.0-SNAPSHOT.jar:?]
	at org.apache.hadoop.ozone.protocolPB.OzoneManagerRequestHandler.handleReadRequest(OzoneManagerRequestHandler.java:217) ~[ozone-manager-1.3.0-SNAPSHOT.jar:?]
	at org.apache.hadoop.ozone.protocolPB.OzoneManagerProtocolServerSideTranslatorPB.submitRequestDirectlyToOM(OzoneManagerProtocolServerSideTranslatorPB.java:276) ~[ozone-manager-1.3.0-SNAPSHOT.jar:?]
	at org.apache.hadoop.ozone.protocolPB.OzoneManagerProtocolServerSideTranslatorPB.processRequest(OzoneManagerProtocolServerSideTranslatorPB.java:205) ~[ozone-manager-1.3.0-SNAPSHOT.jar:?]
	at org.apache.hadoop.hdds.server.OzoneProtocolMessageDispatcher.processRequest(OzoneProtocolMessageDispatcher.java:87) [hdds-server-framework-1.3.0-SNAPSHOT.jar:?]
	at org.apache.hadoop.ozone.protocolPB.OzoneManagerProtocolServerSideTranslatorPB.submitRequest(OzoneManagerProtocolServerSideTranslatorPB.java:147) [ozone-manager-1.3.0-SNAPSHOT.jar:?]
	at org.apache.hadoop.ozone.protocol.proto.OzoneManagerProtocolProtos$OzoneManagerService$2.callBlockingMethod(OzoneManagerProtocolProtos.java) [ozone-interface-client-1.3.0-SNAPSHOT.jar:?]
	at org.apache.hadoop.ipc.ProtobufRpcEngine$Server.processCall(ProtobufRpcEngine.java:466) [hadoop-common-3.3.1.jar:?]
	at org.apache.hadoop.ipc.ProtobufRpcEngine2$Server$ProtoBufRpcInvoker.call(ProtobufRpcEngine2.java:574) [hadoop-common-3.3.1.jar:?]
	at org.apache.hadoop.ipc.ProtobufRpcEngine2$Server$ProtoBufRpcInvoker.call(ProtobufRpcEngine2.java:552) [hadoop-common-3.3.1.jar:?]
	at org.apache.hadoop.ipc.RPC$Server.call(RPC.java:1093) [hadoop-common-3.3.1.jar:?]
	at org.apache.hadoop.ipc.Server$RpcCall.run(Server.java:1035) [hadoop-common-3.3.1.jar:?]
	at org.apache.hadoop.ipc.Server$RpcCall.run(Server.java:963) [hadoop-common-3.3.1.jar:?]
	at java.security.AccessController.doPrivileged(Native Method) ~[?:1.8.0_332]
	at javax.security.auth.Subject.doAs(Subject.java:422) [?:1.8.0_332]
	at org.apache.hadoop.security.UserGroupInformation.doAs(UserGroupInformation.java:1878) [hadoop-common-3.3.1.jar:?]
	at org.apache.hadoop.ipc.Server$Handler.run(Server.java:2966) [hadoop-common-3.3.1.jar:?]
07:22:26.139 [IPC Server handler 3 on default port 38347] ERROR OMAudit - user=runner | ip=127.0.0.1 | op=GET_FILE_STATUS {volume=volume86364, bucket=bucket09357, key=.Trash, dataSize=0, replicationConfig=null} | ret=FAILURE
org.apache.hadoop.ozone.om.exceptions.OMException: Unable to get file status: volume: volume86364 bucket: bucket09357 key: .Trash
	at org.apache.hadoop.ozone.om.KeyManagerImpl.getOzoneFileStatus(KeyManagerImpl.java:1311) ~[ozone-manager-1.3.0-SNAPSHOT.jar:?]
	at org.apache.hadoop.ozone.om.KeyManagerImpl.getFileStatus(KeyManagerImpl.java:1241) ~[ozone-manager-1.3.0-SNAPSHOT.jar:?]
	at org.apache.hadoop.ozone.om.OzoneManager.getFileStatus(OzoneManager.java:3419) ~[ozone-manager-1.3.0-SNAPSHOT.jar:?]
	at org.apache.hadoop.ozone.protocolPB.OzoneManagerRequestHandler.getOzoneFileStatus(OzoneManagerRequestHandler.java:871) ~[ozone-manager-1.3.0-SNAPSHOT.jar:?]
	at org.apache.hadoop.ozone.protocolPB.OzoneManagerRequestHandler.handleReadRequest(OzoneManagerRequestHandler.java:217) ~[ozone-manager-1.3.0-SNAPSHOT.jar:?]
	at org.apache.hadoop.ozone.protocolPB.OzoneManagerProtocolServerSideTranslatorPB.submitRequestDirectlyToOM(OzoneManagerProtocolServerSideTranslatorPB.java:276) ~[ozone-manager-1.3.0-SNAPSHOT.jar:?]
	at org.apache.hadoop.ozone.protocolPB.OzoneManagerProtocolServerSideTranslatorPB.processRequest(OzoneManagerProtocolServerSideTranslatorPB.java:205) ~[ozone-manager-1.3.0-SNAPSHOT.jar:?]
	at org.apache.hadoop.hdds.server.OzoneProtocolMessageDispatcher.processRequest(OzoneProtocolMessageDispatcher.java:87) [hdds-server-framework-1.3.0-SNAPSHOT.jar:?]
	at org.apache.hadoop.ozone.protocolPB.OzoneManagerProtocolServerSideTranslatorPB.submitRequest(OzoneManagerProtocolServerSideTranslatorPB.java:147) [ozone-manager-1.3.0-SNAPSHOT.jar:?]
	at org.apache.hadoop.ozone.protocol.proto.OzoneManagerProtocolProtos$OzoneManagerService$2.callBlockingMethod(OzoneManagerProtocolProtos.java) [ozone-interface-client-1.3.0-SNAPSHOT.jar:?]
	at org.apache.hadoop.ipc.ProtobufRpcEngine$Server.processCall(ProtobufRpcEngine.java:466) [hadoop-common-3.3.1.jar:?]
	at org.apache.hadoop.ipc.ProtobufRpcEngine2$Server$ProtoBufRpcInvoker.call(ProtobufRpcEngine2.java:574) [hadoop-common-3.3.1.jar:?]
	at org.apache.hadoop.ipc.ProtobufRpcEngine2$Server$ProtoBufRpcInvoker.call(ProtobufRpcEngine2.java:552) [hadoop-common-3.3.1.jar:?]
	at org.apache.hadoop.ipc.RPC$Server.call(RPC.java:1093) [hadoop-common-3.3.1.jar:?]
	at org.apache.hadoop.ipc.Server$RpcCall.run(Server.java:1035) [hadoop-common-3.3.1.jar:?]
	at org.apache.hadoop.ipc.Server$RpcCall.run(Server.java:963) [hadoop-common-3.3.1.jar:?]
	at java.security.AccessController.doPrivileged(Native Method) ~[?:1.8.0_332]
	at javax.security.auth.Subject.doAs(Subject.java:422) [?:1.8.0_332]
	at org.apache.hadoop.security.UserGroupInformation.doAs(UserGroupInformation.java:1878) [hadoop-common-3.3.1.jar:?]
	at org.apache.hadoop.ipc.Server$Handler.run(Server.java:2966) [hadoop-common-3.3.1.jar:?]
07:22:26.157 [IPC Server handler 2 on default port 38347] ERROR OMAudit - user=runner | ip=127.0.0.1 | op=GET_FILE_STATUS {volume=volume86364, bucket=bucket09357, key=.Trash/runner, dataSize=0, replicationConfig=null} | ret=FAILURE
org.apache.hadoop.ozone.om.exceptions.OMException: Unable to get file status: volume: volume86364 bucket: bucket09357 key: .Trash/runner
	at org.apache.hadoop.ozone.om.KeyManagerImpl.getOzoneFileStatus(KeyManagerImpl.java:1311) ~[ozone-manager-1.3.0-SNAPSHOT.jar:?]
	at org.apache.hadoop.ozone.om.KeyManagerImpl.getFileStatus(KeyManagerImpl.java:1241) ~[ozone-manager-1.3.0-SNAPSHOT.jar:?]
	at org.apache.hadoop.ozone.om.OzoneManager.getFileStatus(OzoneManager.java:3419) ~[ozone-manager-1.3.0-SNAPSHOT.jar:?]
	at org.apache.hadoop.ozone.protocolPB.OzoneManagerRequestHandler.getOzoneFileStatus(OzoneManagerRequestHandler.java:871) ~[ozone-manager-1.3.0-SNAPSHOT.jar:?]
	at org.apache.hadoop.ozone.protocolPB.OzoneManagerRequestHandler.handleReadRequest(OzoneManagerRequestHandler.java:217) ~[ozone-manager-1.3.0-SNAPSHOT.jar:?]
	at org.apache.hadoop.ozone.protocolPB.OzoneManagerProtocolServerSideTranslatorPB.submitRequestDirectlyToOM(OzoneManagerProtocolServerSideTranslatorPB.java:276) ~[ozone-manager-1.3.0-SNAPSHOT.jar:?]
	at org.apache.hadoop.ozone.protocolPB.OzoneManagerProtocolServerSideTranslatorPB.processRequest(OzoneManagerProtocolServerSideTranslatorPB.java:205) ~[ozone-manager-1.3.0-SNAPSHOT.jar:?]
	at org.apache.hadoop.hdds.server.OzoneProtocolMessageDispatcher.processRequest(OzoneProtocolMessageDispatcher.java:87) [hdds-server-framework-1.3.0-SNAPSHOT.jar:?]
	at org.apache.hadoop.ozone.protocolPB.OzoneManagerProtocolServerSideTranslatorPB.submitRequest(OzoneManagerProtocolServerSideTranslatorPB.java:147) [ozone-manager-1.3.0-SNAPSHOT.jar:?]
	at org.apache.hadoop.ozone.protocol.proto.OzoneManagerProtocolProtos$OzoneManagerService$2.callBlockingMethod(OzoneManagerProtocolProtos.java) [ozone-interface-client-1.3.0-SNAPSHOT.jar:?]
	at org.apache.hadoop.ipc.ProtobufRpcEngine$Server.processCall(ProtobufRpcEngine.java:466) [hadoop-common-3.3.1.jar:?]
	at org.apache.hadoop.ipc.ProtobufRpcEngine2$Server$ProtoBufRpcInvoker.call(ProtobufRpcEngine2.java:574) [hadoop-common-3.3.1.jar:?]
	at org.apache.hadoop.ipc.ProtobufRpcEngine2$Server$ProtoBufRpcInvoker.call(ProtobufRpcEngine2.java:552) [hadoop-common-3.3.1.jar:?]
	at org.apache.hadoop.ipc.RPC$Server.call(RPC.java:1093) [hadoop-common-3.3.1.jar:?]
	at org.apache.hadoop.ipc.Server$RpcCall.run(Server.java:1035) [hadoop-common-3.3.1.jar:?]
	at org.apache.hadoop.ipc.Server$RpcCall.run(Server.java:963) [hadoop-common-3.3.1.jar:?]
	at java.security.AccessController.doPrivileged(Native Method) ~[?:1.8.0_332]
	at javax.security.auth.Subject.doAs(Subject.java:422) [?:1.8.0_332]
	at org.apache.hadoop.security.UserGroupInformation.doAs(UserGroupInformation.java:1878) [hadoop-common-3.3.1.jar:?]
	at org.apache.hadoop.ipc.Server$Handler.run(Server.java:2966) [hadoop-common-3.3.1.jar:?]
07:22:26.165 [IPC Server handler 11 on default port 38347] ERROR OMAudit - user=runner | ip=127.0.0.1 | op=GET_FILE_STATUS {volume=volume16180, bucket=trashroottest2, key=.Trash/runner, dataSize=0, replicationConfig=null} | ret=FAILURE
org.apache.hadoop.ozone.om.exceptions.OMException: Unable to get file status: volume: volume16180 bucket: trashroottest2 key: .Trash/runner
	at org.apache.hadoop.ozone.om.KeyManagerImpl.getOzoneFileStatus(KeyManagerImpl.java:1311) ~[ozone-manager-1.3.0-SNAPSHOT.jar:?]
	at org.apache.hadoop.ozone.om.KeyManagerImpl.getFileStatus(KeyManagerImpl.java:1241) ~[ozone-manager-1.3.0-SNAPSHOT.jar:?]
	at org.apache.hadoop.ozone.om.OzoneManager.getFileStatus(OzoneManager.java:3419) ~[ozone-manager-1.3.0-SNAPSHOT.jar:?]
	at org.apache.hadoop.ozone.protocolPB.OzoneManagerRequestHandler.getOzoneFileStatus(OzoneManagerRequestHandler.java:871) ~[ozone-manager-1.3.0-SNAPSHOT.jar:?]
	at org.apache.hadoop.ozone.protocolPB.OzoneManagerRequestHandler.handleReadRequest(OzoneManagerRequestHandler.java:217) ~[ozone-manager-1.3.0-SNAPSHOT.jar:?]
	at org.apache.hadoop.ozone.protocolPB.OzoneManagerProtocolServerSideTranslatorPB.submitRequestDirectlyToOM(OzoneManagerProtocolServerSideTranslatorPB.java:276) ~[ozone-manager-1.3.0-SNAPSHOT.jar:?]
	at org.apache.hadoop.ozone.protocolPB.OzoneManagerProtocolServerSideTranslatorPB.processRequest(OzoneManagerProtocolServerSideTranslatorPB.java:205) ~[ozone-manager-1.3.0-SNAPSHOT.jar:?]
	at org.apache.hadoop.hdds.server.OzoneProtocolMessageDispatcher.processRequest(OzoneProtocolMessageDispatcher.java:87) [hdds-server-framework-1.3.0-SNAPSHOT.jar:?]
	at org.apache.hadoop.ozone.protocolPB.OzoneManagerProtocolServerSideTranslatorPB.submitRequest(OzoneManagerProtocolServerSideTranslatorPB.java:147) [ozone-manager-1.3.0-SNAPSHOT.jar:?]
	at org.apache.hadoop.ozone.protocol.proto.OzoneManagerProtocolProtos$OzoneManagerService$2.callBlockingMethod(OzoneManagerProtocolProtos.java) [ozone-interface-client-1.3.0-SNAPSHOT.jar:?]
	at org.apache.hadoop.ipc.ProtobufRpcEngine$Server.processCall(ProtobufRpcEngine.java:466) [hadoop-common-3.3.1.jar:?]
	at org.apache.hadoop.ipc.ProtobufRpcEngine2$Server$ProtoBufRpcInvoker.call(ProtobufRpcEngine2.java:574) [hadoop-common-3.3.1.jar:?]
	at org.apache.hadoop.ipc.ProtobufRpcEngine2$Server$ProtoBufRpcInvoker.call(ProtobufRpcEngine2.java:552) [hadoop-common-3.3.1.jar:?]
	at org.apache.hadoop.ipc.RPC$Server.call(RPC.java:1093) [hadoop-common-3.3.1.jar:?]
	at org.apache.hadoop.ipc.Server$RpcCall.run(Server.java:1035) [hadoop-common-3.3.1.jar:?]
	at org.apache.hadoop.ipc.Server$RpcCall.run(Server.java:963) [hadoop-common-3.3.1.jar:?]
	at java.security.AccessController.doPrivileged(Native Method) ~[?:1.8.0_332]
	at javax.security.auth.Subject.doAs(Subject.java:422) [?:1.8.0_332]
	at org.apache.hadoop.security.UserGroupInformation.doAs(UserGroupInformation.java:1878) [hadoop-common-3.3.1.jar:?]
	at org.apache.hadoop.ipc.Server$Handler.run(Server.java:2966) [hadoop-common-3.3.1.jar:?]
07:22:26.170 [IPC Server handler 18 on default port 38347] ERROR OMAudit - user=runner | ip=127.0.0.1 | op=GET_FILE_STATUS {volume=701a3de9-77ea-47aa-a4d1-d07782aaebec, bucket=6ee13d82-807c-4a42-8eca-1444e536f2c9, key=.Trash, dataSize=0, replicationConfig=null} | ret=FAILURE
org.apache.hadoop.ozone.om.exceptions.OMException: Unable to get file status: volume: 701a3de9-77ea-47aa-a4d1-d07782aaebec bucket: 6ee13d82-807c-4a42-8eca-1444e536f2c9 key: .Trash
	at org.apache.hadoop.ozone.om.KeyManagerImpl.getOzoneFileStatus(KeyManagerImpl.java:1311) ~[ozone-manager-1.3.0-SNAPSHOT.jar:?]
	at org.apache.hadoop.ozone.om.KeyManagerImpl.getFileStatus(KeyManagerImpl.java:1241) ~[ozone-manager-1.3.0-SNAPSHOT.jar:?]
	at org.apache.hadoop.ozone.om.OzoneManager.getFileStatus(OzoneManager.java:3419) ~[ozone-manager-1.3.0-SNAPSHOT.jar:?]
	at org.apache.hadoop.ozone.protocolPB.OzoneManagerRequestHandler.getOzoneFileStatus(OzoneManagerRequestHandler.java:871) ~[ozone-manager-1.3.0-SNAPSHOT.jar:?]
	at org.apache.hadoop.ozone.protocolPB.OzoneManagerRequestHandler.handleReadRequest(OzoneManagerRequestHandler.java:217) ~[ozone-manager-1.3.0-SNAPSHOT.jar:?]
	at org.apache.hadoop.ozone.protocolPB.OzoneManagerProtocolServerSideTranslatorPB.submitRequestDirectlyToOM(OzoneManagerProtocolServerSideTranslatorPB.java:276) ~[ozone-manager-1.3.0-SNAPSHOT.jar:?]
	at org.apache.hadoop.ozone.protocolPB.OzoneManagerProtocolServerSideTranslatorPB.processRequest(OzoneManagerProtocolServerSideTranslatorPB.java:205) ~[ozone-manager-1.3.0-SNAPSHOT.jar:?]
	at org.apache.hadoop.hdds.server.OzoneProtocolMessageDispatcher.processRequest(OzoneProtocolMessageDispatcher.java:87) [hdds-server-framework-1.3.0-SNAPSHOT.jar:?]
	at org.apache.hadoop.ozone.protocolPB.OzoneManagerProtocolServerSideTranslatorPB.submitRequest(OzoneManagerProtocolServerSideTranslatorPB.java:147) [ozone-manager-1.3.0-SNAPSHOT.jar:?]
	at org.apache.hadoop.ozone.protocol.proto.OzoneManagerProtocolProtos$OzoneManagerService$2.callBlockingMethod(OzoneManagerProtocolProtos.java) [ozone-interface-client-1.3.0-SNAPSHOT.jar:?]
	at org.apache.hadoop.ipc.ProtobufRpcEngine$Server.processCall(ProtobufRpcEngine.java:466) [hadoop-common-3.3.1.jar:?]
	at org.apache.hadoop.ipc.ProtobufRpcEngine2$Server$ProtoBufRpcInvoker.call(ProtobufRpcEngine2.java:574) [hadoop-common-3.3.1.jar:?]
	at org.apache.hadoop.ipc.ProtobufRpcEngine2$Server$ProtoBufRpcInvoker.call(ProtobufRpcEngine2.java:552) [hadoop-common-3.3.1.jar:?]
	at org.apache.hadoop.ipc.RPC$Server.call(RPC.java:1093) [hadoop-common-3.3.1.jar:?]
	at org.apache.hadoop.ipc.Server$RpcCall.run(Server.java:1035) [hadoop-common-3.3.1.jar:?]
	at org.apache.hadoop.ipc.Server$RpcCall.run(Server.java:963) [hadoop-common-3.3.1.jar:?]
	at java.security.AccessController.doPrivileged(Native Method) ~[?:1.8.0_332]
	at javax.security.auth.Subject.doAs(Subject.java:422) [?:1.8.0_332]
	at org.apache.hadoop.security.UserGroupInformation.doAs(UserGroupInformation.java:1878) [hadoop-common-3.3.1.jar:?]
	at org.apache.hadoop.ipc.Server$Handler.run(Server.java:2966) [hadoop-common-3.3.1.jar:?]
07:22:26.176 [IPC Server handler 10 on default port 38347] ERROR OMAudit - user=runner | ip=127.0.0.1 | op=GET_FILE_STATUS {volume=volume16180, bucket=trashroottest2, key=.Trash, dataSize=0, replicationConfig=null} | ret=FAILURE
org.apache.hadoop.ozone.om.exceptions.OMException: Unable to get file status: volume: volume16180 bucket: trashroottest2 key: .Trash
	at org.apache.hadoop.ozone.om.KeyManagerImpl.getOzoneFileStatus(KeyManagerImpl.java:1311) ~[ozone-manager-1.3.0-SNAPSHOT.jar:?]
	at org.apache.hadoop.ozone.om.KeyManagerImpl.getFileStatus(KeyManagerImpl.java:1241) ~[ozone-manager-1.3.0-SNAPSHOT.jar:?]
	at org.apache.hadoop.ozone.om.OzoneManager.getFileStatus(OzoneManager.java:3419) ~[ozone-manager-1.3.0-SNAPSHOT.jar:?]
	at org.apache.hadoop.ozone.protocolPB.OzoneManagerRequestHandler.getOzoneFileStatus(OzoneManagerRequestHandler.java:871) ~[ozone-manager-1.3.0-SNAPSHOT.jar:?]
	at org.apache.hadoop.ozone.protocolPB.OzoneManagerRequestHandler.handleReadRequest(OzoneManagerRequestHandler.java:217) ~[ozone-manager-1.3.0-SNAPSHOT.jar:?]
	at org.apache.hadoop.ozone.protocolPB.OzoneManagerProtocolServerSideTranslatorPB.submitRequestDirectlyToOM(OzoneManagerProtocolServerSideTranslatorPB.java:276) ~[ozone-manager-1.3.0-SNAPSHOT.jar:?]
	at org.apache.hadoop.ozone.protocolPB.OzoneManagerProtocolServerSideTranslatorPB.processRequest(OzoneManagerProtocolServerSideTranslatorPB.java:205) ~[ozone-manager-1.3.0-SNAPSHOT.jar:?]
	at org.apache.hadoop.hdds.server.OzoneProtocolMessageDispatcher.processRequest(OzoneProtocolMessageDispatcher.java:87) [hdds-server-framework-1.3.0-SNAPSHOT.jar:?]
	at org.apache.hadoop.ozone.protocolPB.OzoneManagerProtocolServerSideTranslatorPB.submitRequest(OzoneManagerProtocolServerSideTranslatorPB.java:147) [ozone-manager-1.3.0-SNAPSHOT.jar:?]
	at org.apache.hadoop.ozone.protocol.proto.OzoneManagerProtocolProtos$OzoneManagerService$2.callBlockingMethod(OzoneManagerProtocolProtos.java) [ozone-interface-client-1.3.0-SNAPSHOT.jar:?]
	at org.apache.hadoop.ipc.ProtobufRpcEngine$Server.processCall(ProtobufRpcEngine.java:466) [hadoop-common-3.3.1.jar:?]
	at org.apache.hadoop.ipc.ProtobufRpcEngine2$Server$ProtoBufRpcInvoker.call(ProtobufRpcEngine2.java:574) [hadoop-common-3.3.1.jar:?]
	at org.apache.hadoop.ipc.ProtobufRpcEngine2$Server$ProtoBufRpcInvoker.call(ProtobufRpcEngine2.java:552) [hadoop-common-3.3.1.jar:?]
	at org.apache.hadoop.ipc.RPC$Server.call(RPC.java:1093) [hadoop-common-3.3.1.jar:?]
	at org.apache.hadoop.ipc.Server$RpcCall.run(Server.java:1035) [hadoop-common-3.3.1.jar:?]
	at org.apache.hadoop.ipc.Server$RpcCall.run(Server.java:963) [hadoop-common-3.3.1.jar:?]
	at java.security.AccessController.doPrivileged(Native Method) ~[?:1.8.0_332]
	at javax.security.auth.Subject.doAs(Subject.java:422) [?:1.8.0_332]
	at org.apache.hadoop.security.UserGroupInformation.doAs(UserGroupInformation.java:1878) [hadoop-common-3.3.1.jar:?]
	at org.apache.hadoop.ipc.Server$Handler.run(Server.java:2966) [hadoop-common-3.3.1.jar:?]
07:22:26.177 [IPC Server handler 15 on default port 38347] ERROR OMAudit - user=runner | ip=127.0.0.1 | op=GET_FILE_STATUS {volume=volume86364, bucket=bucket09357, key=.Trash, dataSize=0, replicationConfig=null} | ret=FAILURE
org.apache.hadoop.ozone.om.exceptions.OMException: Unable to get file status: volume: volume86364 bucket: bucket09357 key: .Trash
	at org.apache.hadoop.ozone.om.KeyManagerImpl.getOzoneFileStatus(KeyManagerImpl.java:1311) ~[ozone-manager-1.3.0-SNAPSHOT.jar:?]
	at org.apache.hadoop.ozone.om.KeyManagerImpl.getFileStatus(KeyManagerImpl.java:1241) ~[ozone-manager-1.3.0-SNAPSHOT.jar:?]
	at org.apache.hadoop.ozone.om.OzoneManager.getFileStatus(OzoneManager.java:3419) ~[ozone-manager-1.3.0-SNAPSHOT.jar:?]
	at org.apache.hadoop.ozone.protocolPB.OzoneManagerRequestHandler.getOzoneFileStatus(OzoneManagerRequestHandler.java:871) ~[ozone-manager-1.3.0-SNAPSHOT.jar:?]
	at org.apache.hadoop.ozone.protocolPB.OzoneManagerRequestHandler.handleReadRequest(OzoneManagerRequestHandler.java:217) ~[ozone-manager-1.3.0-SNAPSHOT.jar:?]
	at org.apache.hadoop.ozone.protocolPB.OzoneManagerProtocolServerSideTranslatorPB.submitRequestDirectlyToOM(OzoneManagerProtocolServerSideTranslatorPB.java:276) ~[ozone-manager-1.3.0-SNAPSHOT.jar:?]
	at org.apache.hadoop.ozone.protocolPB.OzoneManagerProtocolServerSideTranslatorPB.processRequest(OzoneManagerProtocolServerSideTranslatorPB.java:205) ~[ozone-manager-1.3.0-SNAPSHOT.jar:?]
	at org.apache.hadoop.hdds.server.OzoneProtocolMessageDispatcher.processRequest(OzoneProtocolMessageDispatcher.java:87) [hdds-server-framework-1.3.0-SNAPSHOT.jar:?]
	at org.apache.hadoop.ozone.protocolPB.OzoneManagerProtocolServerSideTranslatorPB.submitRequest(OzoneManagerProtocolServerSideTranslatorPB.java:147) [ozone-manager-1.3.0-SNAPSHOT.jar:?]
	at org.apache.hadoop.ozone.protocol.proto.OzoneManagerProtocolProtos$OzoneManagerService$2.callBlockingMethod(OzoneManagerProtocolProtos.java) [ozone-interface-client-1.3.0-SNAPSHOT.jar:?]
	at org.apache.hadoop.ipc.ProtobufRpcEngine$Server.processCall(ProtobufRpcEngine.java:466) [hadoop-common-3.3.1.jar:?]
	at org.apache.hadoop.ipc.ProtobufRpcEngine2$Server$ProtoBufRpcInvoker.call(ProtobufRpcEngine2.java:574) [hadoop-common-3.3.1.jar:?]
	at org.apache.hadoop.ipc.ProtobufRpcEngine2$Server$ProtoBufRpcInvoker.call(ProtobufRpcEngine2.java:552) [hadoop-common-3.3.1.jar:?]
	at org.apache.hadoop.ipc.RPC$Server.call(RPC.java:1093) [hadoop-common-3.3.1.jar:?]
	at org.apache.hadoop.ipc.Server$RpcCall.run(Server.java:1035) [hadoop-common-3.3.1.jar:?]
	at org.apache.hadoop.ipc.Server$RpcCall.run(Server.java:963) [hadoop-common-3.3.1.jar:?]
	at java.security.AccessController.doPrivileged(Native Method) ~[?:1.8.0_332]
	at javax.security.auth.Subject.doAs(Subject.java:422) [?:1.8.0_332]
	at org.apache.hadoop.security.UserGroupInformation.doAs(UserGroupInformation.java:1878) [hadoop-common-3.3.1.jar:?]
	at org.apache.hadoop.ipc.Server$Handler.run(Server.java:2966) [hadoop-common-3.3.1.jar:?]
07:22:26.211 [IPC Server handler 14 on default port 38347] ERROR OMAudit - user=runner | ip=127.0.0.1 | op=GET_FILE_STATUS {volume=volume16180, bucket=bucket64178, key=.Trash/runner, dataSize=0, replicationConfig=null} | ret=FAILURE
org.apache.hadoop.ozone.om.exceptions.OMException: Unable to get file status: volume: volume16180 bucket: bucket64178 key: .Trash/runner
	at org.apache.hadoop.ozone.om.KeyManagerImpl.getOzoneFileStatus(KeyManagerImpl.java:1311) ~[ozone-manager-1.3.0-SNAPSHOT.jar:?]
	at org.apache.hadoop.ozone.om.KeyManagerImpl.getFileStatus(KeyManagerImpl.java:1241) ~[ozone-manager-1.3.0-SNAPSHOT.jar:?]
	at org.apache.hadoop.ozone.om.OzoneManager.getFileStatus(OzoneManager.java:3419) ~[ozone-manager-1.3.0-SNAPSHOT.jar:?]
	at org.apache.hadoop.ozone.protocolPB.OzoneManagerRequestHandler.getOzoneFileStatus(OzoneManagerRequestHandler.java:871) ~[ozone-manager-1.3.0-SNAPSHOT.jar:?]
	at org.apache.hadoop.ozone.protocolPB.OzoneManagerRequestHandler.handleReadRequest(OzoneManagerRequestHandler.java:217) ~[ozone-manager-1.3.0-SNAPSHOT.jar:?]
	at org.apache.hadoop.ozone.protocolPB.OzoneManagerProtocolServerSideTranslatorPB.submitRequestDirectlyToOM(OzoneManagerProtocolServerSideTranslatorPB.java:276) ~[ozone-manager-1.3.0-SNAPSHOT.jar:?]
	at org.apache.hadoop.ozone.protocolPB.OzoneManagerProtocolServerSideTranslatorPB.processRequest(OzoneManagerProtocolServerSideTranslatorPB.java:205) ~[ozone-manager-1.3.0-SNAPSHOT.jar:?]
	at org.apache.hadoop.hdds.server.OzoneProtocolMessageDispatcher.processRequest(OzoneProtocolMessageDispatcher.java:87) [hdds-server-framework-1.3.0-SNAPSHOT.jar:?]
	at org.apache.hadoop.ozone.protocolPB.OzoneManagerProtocolServerSideTranslatorPB.submitRequest(OzoneManagerProtocolServerSideTranslatorPB.java:147) [ozone-manager-1.3.0-SNAPSHOT.jar:?]
	at org.apache.hadoop.ozone.protocol.proto.OzoneManagerProtocolProtos$OzoneManagerService$2.callBlockingMethod(OzoneManagerProtocolProtos.java) [ozone-interface-client-1.3.0-SNAPSHOT.jar:?]
	at org.apache.hadoop.ipc.ProtobufRpcEngine$Server.processCall(ProtobufRpcEngine.java:466) [hadoop-common-3.3.1.jar:?]
	at org.apache.hadoop.ipc.ProtobufRpcEngine2$Server$ProtoBufRpcInvoker.call(ProtobufRpcEngine2.java:574) [hadoop-common-3.3.1.jar:?]
	at org.apache.hadoop.ipc.ProtobufRpcEngine2$Server$ProtoBufRpcInvoker.call(ProtobufRpcEngine2.java:552) [hadoop-common-3.3.1.jar:?]
	at org.apache.hadoop.ipc.RPC$Server.call(RPC.java:1093) [hadoop-common-3.3.1.jar:?]
	at org.apache.hadoop.ipc.Server$RpcCall.run(Server.java:1035) [hadoop-common-3.3.1.jar:?]
	at org.apache.hadoop.ipc.Server$RpcCall.run(Server.java:963) [hadoop-common-3.3.1.jar:?]
	at java.security.AccessController.doPrivileged(Native Method) ~[?:1.8.0_332]
	at javax.security.auth.Subject.doAs(Subject.java:422) [?:1.8.0_332]
	at org.apache.hadoop.security.UserGroupInformation.doAs(UserGroupInformation.java:1878) [hadoop-common-3.3.1.jar:?]
	at org.apache.hadoop.ipc.Server$Handler.run(Server.java:2966) [hadoop-common-3.3.1.jar:?]
07:22:26.215 [IPC Server handler 2 on default port 38347] ERROR OMAudit - user=runner | ip=127.0.0.1 | op=GET_FILE_STATUS {volume=701a3de9-77ea-47aa-a4d1-d07782aaebec, bucket=6ee13d82-807c-4a42-8eca-1444e536f2c9, key=.Trash, dataSize=0, replicationConfig=null} | ret=FAILURE
org.apache.hadoop.ozone.om.exceptions.OMException: Unable to get file status: volume: 701a3de9-77ea-47aa-a4d1-d07782aaebec bucket: 6ee13d82-807c-4a42-8eca-1444e536f2c9 key: .Trash
	at org.apache.hadoop.ozone.om.KeyManagerImpl.getOzoneFileStatus(KeyManagerImpl.java:1311) ~[ozone-manager-1.3.0-SNAPSHOT.jar:?]
	at org.apache.hadoop.ozone.om.KeyManagerImpl.getFileStatus(KeyManagerImpl.java:1241) ~[ozone-manager-1.3.0-SNAPSHOT.jar:?]
	at org.apache.hadoop.ozone.om.OzoneManager.getFileStatus(OzoneManager.java:3419) ~[ozone-manager-1.3.0-SNAPSHOT.jar:?]
	at org.apache.hadoop.ozone.protocolPB.OzoneManagerRequestHandler.getOzoneFileStatus(OzoneManagerRequestHandler.java:871) ~[ozone-manager-1.3.0-SNAPSHOT.jar:?]
	at org.apache.hadoop.ozone.protocolPB.OzoneManagerRequestHandler.handleReadRequest(OzoneManagerRequestHandler.java:217) ~[ozone-manager-1.3.0-SNAPSHOT.jar:?]
	at org.apache.hadoop.ozone.protocolPB.OzoneManagerProtocolServerSideTranslatorPB.submitRequestDirectlyToOM(OzoneManagerProtocolServerSideTranslatorPB.java:276) ~[ozone-manager-1.3.0-SNAPSHOT.jar:?]
	at org.apache.hadoop.ozone.protocolPB.OzoneManagerProtocolServerSideTranslatorPB.processRequest(OzoneManagerProtocolServerSideTranslatorPB.java:205) ~[ozone-manager-1.3.0-SNAPSHOT.jar:?]
	at org.apache.hadoop.hdds.server.OzoneProtocolMessageDispatcher.processRequest(OzoneProtocolMessageDispatcher.java:87) [hdds-server-framework-1.3.0-SNAPSHOT.jar:?]
	at org.apache.hadoop.ozone.protocolPB.OzoneManagerProtocolServerSideTranslatorPB.submitRequest(OzoneManagerProtocolServerSideTranslatorPB.java:147) [ozone-manager-1.3.0-SNAPSHOT.jar:?]
	at org.apache.hadoop.ozone.protocol.proto.OzoneManagerProtocolProtos$OzoneManagerService$2.callBlockingMethod(OzoneManagerProtocolProtos.java) [ozone-interface-client-1.3.0-SNAPSHOT.jar:?]
	at org.apache.hadoop.ipc.ProtobufRpcEngine$Server.processCall(ProtobufRpcEngine.java:466) [hadoop-common-3.3.1.jar:?]
	at org.apache.hadoop.ipc.ProtobufRpcEngine2$Server$ProtoBufRpcInvoker.call(ProtobufRpcEngine2.java:574) [hadoop-common-3.3.1.jar:?]
	at org.apache.hadoop.ipc.ProtobufRpcEngine2$Server$ProtoBufRpcInvoker.call(ProtobufRpcEngine2.java:552) [hadoop-common-3.3.1.jar:?]
	at org.apache.hadoop.ipc.RPC$Server.call(RPC.java:1093) [hadoop-common-3.3.1.jar:?]
	at org.apache.hadoop.ipc.Server$RpcCall.run(Server.java:1035) [hadoop-common-3.3.1.jar:?]
	at org.apache.hadoop.ipc.Server$RpcCall.run(Server.java:963) [hadoop-common-3.3.1.jar:?]
	at java.security.AccessController.doPrivileged(Native Method) ~[?:1.8.0_332]
	at javax.security.auth.Subject.doAs(Subject.java:422) [?:1.8.0_332]
	at org.apache.hadoop.security.UserGroupInformation.doAs(UserGroupInformation.java:1878) [hadoop-common-3.3.1.jar:?]
	at org.apache.hadoop.ipc.Server$Handler.run(Server.java:2966) [hadoop-common-3.3.1.jar:?]
]]></system-out>
  </testcase>
  <testcase name="testGetTrashRoots" classname="TestRootedOzoneFileSystem" time="1.406">
    <system-out><![CDATA[2022-07-02 07:24:00,751 [Time-limited test] INFO  rpc.RpcClient (RpcClient.java:createVolume(466)) - Creating Volume: volume65423, with user76481 as owner and space quota set to -1 bytes, counts quota set to -1
2022-07-02 07:24:00,756 [OM StateMachine ApplyTransaction Thread - 0] INFO  volume.OMVolumeCreateRequest (OMVolumeCreateRequest.java:validateAndUpdateCache(195)) - created volume:volume65423 for user:user76481
2022-07-02 07:24:00,758 [Time-limited test] INFO  rpc.RpcClient (RpcClient.java:createBucket(669)) - Creating Bucket: volume65423/bucket47141, with bucket layout LEGACY, runner as owner, Versioning false, Storage Type set to DISK and Encryption set to false 
2022-07-02 07:24:00,761 [OM StateMachine ApplyTransaction Thread - 0] INFO  bucket.OMBucketCreateRequest (OMBucketCreateRequest.java:validateAndUpdateCache(260)) - created bucket: bucket47141 of layout LEGACY in volume: volume65423
07:24:00.778 [IPC Server handler 4 on default port 38259] ERROR OMAudit - user=runner | ip=127.0.0.1 | op=GET_FILE_STATUS {volume=volume65423, bucket=bucket47141, key=.Trash/runner, dataSize=0, replicationConfig=null} | ret=FAILURE
org.apache.hadoop.ozone.om.exceptions.OMException: Unable to get file status: volume: volume65423 bucket: bucket47141 key: .Trash/runner
	at org.apache.hadoop.ozone.om.KeyManagerImpl.getOzoneFileStatus(KeyManagerImpl.java:1311) ~[ozone-manager-1.3.0-SNAPSHOT.jar:?]
	at org.apache.hadoop.ozone.om.KeyManagerImpl.getFileStatus(KeyManagerImpl.java:1241) ~[ozone-manager-1.3.0-SNAPSHOT.jar:?]
	at org.apache.hadoop.ozone.om.OzoneManager.getFileStatus(OzoneManager.java:3419) ~[ozone-manager-1.3.0-SNAPSHOT.jar:?]
	at org.apache.hadoop.ozone.protocolPB.OzoneManagerRequestHandler.getOzoneFileStatus(OzoneManagerRequestHandler.java:871) ~[ozone-manager-1.3.0-SNAPSHOT.jar:?]
	at org.apache.hadoop.ozone.protocolPB.OzoneManagerRequestHandler.handleReadRequest(OzoneManagerRequestHandler.java:217) ~[ozone-manager-1.3.0-SNAPSHOT.jar:?]
	at org.apache.hadoop.ozone.protocolPB.OzoneManagerProtocolServerSideTranslatorPB.submitReadRequestToOM(OzoneManagerProtocolServerSideTranslatorPB.java:226) ~[ozone-manager-1.3.0-SNAPSHOT.jar:?]
	at org.apache.hadoop.ozone.protocolPB.OzoneManagerProtocolServerSideTranslatorPB.processRequest(OzoneManagerProtocolServerSideTranslatorPB.java:175) ~[ozone-manager-1.3.0-SNAPSHOT.jar:?]
	at org.apache.hadoop.hdds.server.OzoneProtocolMessageDispatcher.processRequest(OzoneProtocolMessageDispatcher.java:87) [hdds-server-framework-1.3.0-SNAPSHOT.jar:?]
	at org.apache.hadoop.ozone.protocolPB.OzoneManagerProtocolServerSideTranslatorPB.submitRequest(OzoneManagerProtocolServerSideTranslatorPB.java:147) [ozone-manager-1.3.0-SNAPSHOT.jar:?]
	at org.apache.hadoop.ozone.protocol.proto.OzoneManagerProtocolProtos$OzoneManagerService$2.callBlockingMethod(OzoneManagerProtocolProtos.java) [ozone-interface-client-1.3.0-SNAPSHOT.jar:?]
	at org.apache.hadoop.ipc.ProtobufRpcEngine$Server.processCall(ProtobufRpcEngine.java:466) [hadoop-common-3.3.1.jar:?]
	at org.apache.hadoop.ipc.ProtobufRpcEngine2$Server$ProtoBufRpcInvoker.call(ProtobufRpcEngine2.java:574) [hadoop-common-3.3.1.jar:?]
	at org.apache.hadoop.ipc.ProtobufRpcEngine2$Server$ProtoBufRpcInvoker.call(ProtobufRpcEngine2.java:552) [hadoop-common-3.3.1.jar:?]
	at org.apache.hadoop.ipc.RPC$Server.call(RPC.java:1093) [hadoop-common-3.3.1.jar:?]
	at org.apache.hadoop.ipc.Server$RpcCall.run(Server.java:1035) [hadoop-common-3.3.1.jar:?]
	at org.apache.hadoop.ipc.Server$RpcCall.run(Server.java:963) [hadoop-common-3.3.1.jar:?]
	at java.security.AccessController.doPrivileged(Native Method) ~[?:1.8.0_332]
	at javax.security.auth.Subject.doAs(Subject.java:422) [?:1.8.0_332]
	at org.apache.hadoop.security.UserGroupInformation.doAs(UserGroupInformation.java:1878) [hadoop-common-3.3.1.jar:?]
	at org.apache.hadoop.ipc.Server$Handler.run(Server.java:2966) [hadoop-common-3.3.1.jar:?]
07:24:00.783 [IPC Server handler 15 on default port 38259] ERROR OMAudit - user=runner | ip=127.0.0.1 | op=GET_FILE_STATUS {volume=14d4a44b-1b2d-4b6d-9485-4f91b9388711, bucket=0e588c4a-90cb-4e8a-a5c5-b0e64fa911e1, key=.Trash, dataSize=0, replicationConfig=null} | ret=FAILURE
org.apache.hadoop.ozone.om.exceptions.OMException: Unable to get file status: volume: 14d4a44b-1b2d-4b6d-9485-4f91b9388711 bucket: 0e588c4a-90cb-4e8a-a5c5-b0e64fa911e1 key: .Trash
	at org.apache.hadoop.ozone.om.KeyManagerImpl.getOzoneFileStatus(KeyManagerImpl.java:1311) ~[ozone-manager-1.3.0-SNAPSHOT.jar:?]
	at org.apache.hadoop.ozone.om.KeyManagerImpl.getFileStatus(KeyManagerImpl.java:1241) ~[ozone-manager-1.3.0-SNAPSHOT.jar:?]
	at org.apache.hadoop.ozone.om.OzoneManager.getFileStatus(OzoneManager.java:3419) ~[ozone-manager-1.3.0-SNAPSHOT.jar:?]
	at org.apache.hadoop.ozone.protocolPB.OzoneManagerRequestHandler.getOzoneFileStatus(OzoneManagerRequestHandler.java:871) ~[ozone-manager-1.3.0-SNAPSHOT.jar:?]
	at org.apache.hadoop.ozone.protocolPB.OzoneManagerRequestHandler.handleReadRequest(OzoneManagerRequestHandler.java:217) ~[ozone-manager-1.3.0-SNAPSHOT.jar:?]
	at org.apache.hadoop.ozone.protocolPB.OzoneManagerProtocolServerSideTranslatorPB.submitReadRequestToOM(OzoneManagerProtocolServerSideTranslatorPB.java:226) ~[ozone-manager-1.3.0-SNAPSHOT.jar:?]
	at org.apache.hadoop.ozone.protocolPB.OzoneManagerProtocolServerSideTranslatorPB.processRequest(OzoneManagerProtocolServerSideTranslatorPB.java:175) ~[ozone-manager-1.3.0-SNAPSHOT.jar:?]
	at org.apache.hadoop.hdds.server.OzoneProtocolMessageDispatcher.processRequest(OzoneProtocolMessageDispatcher.java:87) [hdds-server-framework-1.3.0-SNAPSHOT.jar:?]
	at org.apache.hadoop.ozone.protocolPB.OzoneManagerProtocolServerSideTranslatorPB.submitRequest(OzoneManagerProtocolServerSideTranslatorPB.java:147) [ozone-manager-1.3.0-SNAPSHOT.jar:?]
	at org.apache.hadoop.ozone.protocol.proto.OzoneManagerProtocolProtos$OzoneManagerService$2.callBlockingMethod(OzoneManagerProtocolProtos.java) [ozone-interface-client-1.3.0-SNAPSHOT.jar:?]
	at org.apache.hadoop.ipc.ProtobufRpcEngine$Server.processCall(ProtobufRpcEngine.java:466) [hadoop-common-3.3.1.jar:?]
	at org.apache.hadoop.ipc.ProtobufRpcEngine2$Server$ProtoBufRpcInvoker.call(ProtobufRpcEngine2.java:574) [hadoop-common-3.3.1.jar:?]
	at org.apache.hadoop.ipc.ProtobufRpcEngine2$Server$ProtoBufRpcInvoker.call(ProtobufRpcEngine2.java:552) [hadoop-common-3.3.1.jar:?]
	at org.apache.hadoop.ipc.RPC$Server.call(RPC.java:1093) [hadoop-common-3.3.1.jar:?]
	at org.apache.hadoop.ipc.Server$RpcCall.run(Server.java:1035) [hadoop-common-3.3.1.jar:?]
	at org.apache.hadoop.ipc.Server$RpcCall.run(Server.java:963) [hadoop-common-3.3.1.jar:?]
	at java.security.AccessController.doPrivileged(Native Method) ~[?:1.8.0_332]
	at javax.security.auth.Subject.doAs(Subject.java:422) [?:1.8.0_332]
	at org.apache.hadoop.security.UserGroupInformation.doAs(UserGroupInformation.java:1878) [hadoop-common-3.3.1.jar:?]
	at org.apache.hadoop.ipc.Server$Handler.run(Server.java:2966) [hadoop-common-3.3.1.jar:?]
07:24:00.792 [IPC Server handler 0 on default port 38259] ERROR OMAudit - user=runner | ip=127.0.0.1 | op=GET_FILE_STATUS {volume=volume65423, bucket=bucket47141, key=.Trash, dataSize=0, replicationConfig=null} | ret=FAILURE
org.apache.hadoop.ozone.om.exceptions.OMException: Unable to get file status: volume: volume65423 bucket: bucket47141 key: .Trash
	at org.apache.hadoop.ozone.om.KeyManagerImpl.getOzoneFileStatus(KeyManagerImpl.java:1311) ~[ozone-manager-1.3.0-SNAPSHOT.jar:?]
	at org.apache.hadoop.ozone.om.KeyManagerImpl.getFileStatus(KeyManagerImpl.java:1241) ~[ozone-manager-1.3.0-SNAPSHOT.jar:?]
	at org.apache.hadoop.ozone.om.OzoneManager.getFileStatus(OzoneManager.java:3419) ~[ozone-manager-1.3.0-SNAPSHOT.jar:?]
	at org.apache.hadoop.ozone.protocolPB.OzoneManagerRequestHandler.getOzoneFileStatus(OzoneManagerRequestHandler.java:871) ~[ozone-manager-1.3.0-SNAPSHOT.jar:?]
	at org.apache.hadoop.ozone.protocolPB.OzoneManagerRequestHandler.handleReadRequest(OzoneManagerRequestHandler.java:217) ~[ozone-manager-1.3.0-SNAPSHOT.jar:?]
	at org.apache.hadoop.ozone.protocolPB.OzoneManagerProtocolServerSideTranslatorPB.submitReadRequestToOM(OzoneManagerProtocolServerSideTranslatorPB.java:226) ~[ozone-manager-1.3.0-SNAPSHOT.jar:?]
	at org.apache.hadoop.ozone.protocolPB.OzoneManagerProtocolServerSideTranslatorPB.processRequest(OzoneManagerProtocolServerSideTranslatorPB.java:175) ~[ozone-manager-1.3.0-SNAPSHOT.jar:?]
	at org.apache.hadoop.hdds.server.OzoneProtocolMessageDispatcher.processRequest(OzoneProtocolMessageDispatcher.java:87) [hdds-server-framework-1.3.0-SNAPSHOT.jar:?]
	at org.apache.hadoop.ozone.protocolPB.OzoneManagerProtocolServerSideTranslatorPB.submitRequest(OzoneManagerProtocolServerSideTranslatorPB.java:147) [ozone-manager-1.3.0-SNAPSHOT.jar:?]
	at org.apache.hadoop.ozone.protocol.proto.OzoneManagerProtocolProtos$OzoneManagerService$2.callBlockingMethod(OzoneManagerProtocolProtos.java) [ozone-interface-client-1.3.0-SNAPSHOT.jar:?]
	at org.apache.hadoop.ipc.ProtobufRpcEngine$Server.processCall(ProtobufRpcEngine.java:466) [hadoop-common-3.3.1.jar:?]
	at org.apache.hadoop.ipc.ProtobufRpcEngine2$Server$ProtoBufRpcInvoker.call(ProtobufRpcEngine2.java:574) [hadoop-common-3.3.1.jar:?]
	at org.apache.hadoop.ipc.ProtobufRpcEngine2$Server$ProtoBufRpcInvoker.call(ProtobufRpcEngine2.java:552) [hadoop-common-3.3.1.jar:?]
	at org.apache.hadoop.ipc.RPC$Server.call(RPC.java:1093) [hadoop-common-3.3.1.jar:?]
	at org.apache.hadoop.ipc.Server$RpcCall.run(Server.java:1035) [hadoop-common-3.3.1.jar:?]
	at org.apache.hadoop.ipc.Server$RpcCall.run(Server.java:963) [hadoop-common-3.3.1.jar:?]
	at java.security.AccessController.doPrivileged(Native Method) ~[?:1.8.0_332]
	at javax.security.auth.Subject.doAs(Subject.java:422) [?:1.8.0_332]
	at org.apache.hadoop.security.UserGroupInformation.doAs(UserGroupInformation.java:1878) [hadoop-common-3.3.1.jar:?]
	at org.apache.hadoop.ipc.Server$Handler.run(Server.java:2966) [hadoop-common-3.3.1.jar:?]
07:24:00.812 [IPC Server handler 14 on default port 38259] ERROR OMAudit - user=runner | ip=127.0.0.1 | op=GET_FILE_STATUS {volume=14d4a44b-1b2d-4b6d-9485-4f91b9388711, bucket=0e588c4a-90cb-4e8a-a5c5-b0e64fa911e1, key=.Trash, dataSize=0, replicationConfig=null} | ret=FAILURE
org.apache.hadoop.ozone.om.exceptions.OMException: Unable to get file status: volume: 14d4a44b-1b2d-4b6d-9485-4f91b9388711 bucket: 0e588c4a-90cb-4e8a-a5c5-b0e64fa911e1 key: .Trash
	at org.apache.hadoop.ozone.om.KeyManagerImpl.getOzoneFileStatus(KeyManagerImpl.java:1311) ~[ozone-manager-1.3.0-SNAPSHOT.jar:?]
	at org.apache.hadoop.ozone.om.KeyManagerImpl.getFileStatus(KeyManagerImpl.java:1241) ~[ozone-manager-1.3.0-SNAPSHOT.jar:?]
	at org.apache.hadoop.ozone.om.OzoneManager.getFileStatus(OzoneManager.java:3419) ~[ozone-manager-1.3.0-SNAPSHOT.jar:?]
	at org.apache.hadoop.ozone.protocolPB.OzoneManagerRequestHandler.getOzoneFileStatus(OzoneManagerRequestHandler.java:871) ~[ozone-manager-1.3.0-SNAPSHOT.jar:?]
	at org.apache.hadoop.ozone.protocolPB.OzoneManagerRequestHandler.handleReadRequest(OzoneManagerRequestHandler.java:217) ~[ozone-manager-1.3.0-SNAPSHOT.jar:?]
	at org.apache.hadoop.ozone.protocolPB.OzoneManagerProtocolServerSideTranslatorPB.submitReadRequestToOM(OzoneManagerProtocolServerSideTranslatorPB.java:226) ~[ozone-manager-1.3.0-SNAPSHOT.jar:?]
	at org.apache.hadoop.ozone.protocolPB.OzoneManagerProtocolServerSideTranslatorPB.processRequest(OzoneManagerProtocolServerSideTranslatorPB.java:175) ~[ozone-manager-1.3.0-SNAPSHOT.jar:?]
	at org.apache.hadoop.hdds.server.OzoneProtocolMessageDispatcher.processRequest(OzoneProtocolMessageDispatcher.java:87) [hdds-server-framework-1.3.0-SNAPSHOT.jar:?]
	at org.apache.hadoop.ozone.protocolPB.OzoneManagerProtocolServerSideTranslatorPB.submitRequest(OzoneManagerProtocolServerSideTranslatorPB.java:147) [ozone-manager-1.3.0-SNAPSHOT.jar:?]
	at org.apache.hadoop.ozone.protocol.proto.OzoneManagerProtocolProtos$OzoneManagerService$2.callBlockingMethod(OzoneManagerProtocolProtos.java) [ozone-interface-client-1.3.0-SNAPSHOT.jar:?]
	at org.apache.hadoop.ipc.ProtobufRpcEngine$Server.processCall(ProtobufRpcEngine.java:466) [hadoop-common-3.3.1.jar:?]
	at org.apache.hadoop.ipc.ProtobufRpcEngine2$Server$ProtoBufRpcInvoker.call(ProtobufRpcEngine2.java:574) [hadoop-common-3.3.1.jar:?]
	at org.apache.hadoop.ipc.ProtobufRpcEngine2$Server$ProtoBufRpcInvoker.call(ProtobufRpcEngine2.java:552) [hadoop-common-3.3.1.jar:?]
	at org.apache.hadoop.ipc.RPC$Server.call(RPC.java:1093) [hadoop-common-3.3.1.jar:?]
	at org.apache.hadoop.ipc.Server$RpcCall.run(Server.java:1035) [hadoop-common-3.3.1.jar:?]
	at org.apache.hadoop.ipc.Server$RpcCall.run(Server.java:963) [hadoop-common-3.3.1.jar:?]
	at java.security.AccessController.doPrivileged(Native Method) ~[?:1.8.0_332]
	at javax.security.auth.Subject.doAs(Subject.java:422) [?:1.8.0_332]
	at org.apache.hadoop.security.UserGroupInformation.doAs(UserGroupInformation.java:1878) [hadoop-common-3.3.1.jar:?]
	at org.apache.hadoop.ipc.Server$Handler.run(Server.java:2966) [hadoop-common-3.3.1.jar:?]
07:24:00.838 [IPC Server handler 2 on default port 38259] ERROR OMAudit - user=runner | ip=127.0.0.1 | op=GET_FILE_STATUS {volume=14d4a44b-1b2d-4b6d-9485-4f91b9388711, bucket=0e588c4a-90cb-4e8a-a5c5-b0e64fa911e1, key=.Trash, dataSize=0, replicationConfig=null} | ret=FAILURE
org.apache.hadoop.ozone.om.exceptions.OMException: Unable to get file status: volume: 14d4a44b-1b2d-4b6d-9485-4f91b9388711 bucket: 0e588c4a-90cb-4e8a-a5c5-b0e64fa911e1 key: .Trash
	at org.apache.hadoop.ozone.om.KeyManagerImpl.getOzoneFileStatus(KeyManagerImpl.java:1311) ~[ozone-manager-1.3.0-SNAPSHOT.jar:?]
	at org.apache.hadoop.ozone.om.KeyManagerImpl.getFileStatus(KeyManagerImpl.java:1241) ~[ozone-manager-1.3.0-SNAPSHOT.jar:?]
	at org.apache.hadoop.ozone.om.OzoneManager.getFileStatus(OzoneManager.java:3419) ~[ozone-manager-1.3.0-SNAPSHOT.jar:?]
	at org.apache.hadoop.ozone.protocolPB.OzoneManagerRequestHandler.getOzoneFileStatus(OzoneManagerRequestHandler.java:871) ~[ozone-manager-1.3.0-SNAPSHOT.jar:?]
	at org.apache.hadoop.ozone.protocolPB.OzoneManagerRequestHandler.handleReadRequest(OzoneManagerRequestHandler.java:217) ~[ozone-manager-1.3.0-SNAPSHOT.jar:?]
	at org.apache.hadoop.ozone.protocolPB.OzoneManagerProtocolServerSideTranslatorPB.submitReadRequestToOM(OzoneManagerProtocolServerSideTranslatorPB.java:226) ~[ozone-manager-1.3.0-SNAPSHOT.jar:?]
	at org.apache.hadoop.ozone.protocolPB.OzoneManagerProtocolServerSideTranslatorPB.processRequest(OzoneManagerProtocolServerSideTranslatorPB.java:175) ~[ozone-manager-1.3.0-SNAPSHOT.jar:?]
	at org.apache.hadoop.hdds.server.OzoneProtocolMessageDispatcher.processRequest(OzoneProtocolMessageDispatcher.java:87) [hdds-server-framework-1.3.0-SNAPSHOT.jar:?]
	at org.apache.hadoop.ozone.protocolPB.OzoneManagerProtocolServerSideTranslatorPB.submitRequest(OzoneManagerProtocolServerSideTranslatorPB.java:147) [ozone-manager-1.3.0-SNAPSHOT.jar:?]
	at org.apache.hadoop.ozone.protocol.proto.OzoneManagerProtocolProtos$OzoneManagerService$2.callBlockingMethod(OzoneManagerProtocolProtos.java) [ozone-interface-client-1.3.0-SNAPSHOT.jar:?]
	at org.apache.hadoop.ipc.ProtobufRpcEngine$Server.processCall(ProtobufRpcEngine.java:466) [hadoop-common-3.3.1.jar:?]
	at org.apache.hadoop.ipc.ProtobufRpcEngine2$Server$ProtoBufRpcInvoker.call(ProtobufRpcEngine2.java:574) [hadoop-common-3.3.1.jar:?]
	at org.apache.hadoop.ipc.ProtobufRpcEngine2$Server$ProtoBufRpcInvoker.call(ProtobufRpcEngine2.java:552) [hadoop-common-3.3.1.jar:?]
	at org.apache.hadoop.ipc.RPC$Server.call(RPC.java:1093) [hadoop-common-3.3.1.jar:?]
	at org.apache.hadoop.ipc.Server$RpcCall.run(Server.java:1035) [hadoop-common-3.3.1.jar:?]
	at org.apache.hadoop.ipc.Server$RpcCall.run(Server.java:963) [hadoop-common-3.3.1.jar:?]
	at java.security.AccessController.doPrivileged(Native Method) ~[?:1.8.0_332]
	at javax.security.auth.Subject.doAs(Subject.java:422) [?:1.8.0_332]
	at org.apache.hadoop.security.UserGroupInformation.doAs(UserGroupInformation.java:1878) [hadoop-common-3.3.1.jar:?]
	at org.apache.hadoop.ipc.Server$Handler.run(Server.java:2966) [hadoop-common-3.3.1.jar:?]
2022-07-02 07:24:00,883 [Time-limited test] INFO  rpc.RpcClient (RpcClient.java:createBucket(669)) - Creating Bucket: volume65423/trashroottest2, with bucket layout LEGACY, runner as owner, Versioning false, Storage Type set to DISK and Encryption set to false 
2022-07-02 07:24:00,905 [OM StateMachine ApplyTransaction Thread - 0] INFO  bucket.OMBucketCreateRequest (OMBucketCreateRequest.java:validateAndUpdateCache(260)) - created bucket: trashroottest2 of layout LEGACY in volume: volume65423
07:24:01.095 [IPC Server handler 5 on default port 38259] ERROR OMAudit - user=runner | ip=127.0.0.1 | op=GET_FILE_STATUS {volume=14d4a44b-1b2d-4b6d-9485-4f91b9388711, bucket=0e588c4a-90cb-4e8a-a5c5-b0e64fa911e1, key=.Trash, dataSize=0, replicationConfig=null} | ret=FAILURE
org.apache.hadoop.ozone.om.exceptions.OMException: Unable to get file status: volume: 14d4a44b-1b2d-4b6d-9485-4f91b9388711 bucket: 0e588c4a-90cb-4e8a-a5c5-b0e64fa911e1 key: .Trash
	at org.apache.hadoop.ozone.om.KeyManagerImpl.getOzoneFileStatus(KeyManagerImpl.java:1311) ~[ozone-manager-1.3.0-SNAPSHOT.jar:?]
	at org.apache.hadoop.ozone.om.KeyManagerImpl.getFileStatus(KeyManagerImpl.java:1241) ~[ozone-manager-1.3.0-SNAPSHOT.jar:?]
	at org.apache.hadoop.ozone.om.OzoneManager.getFileStatus(OzoneManager.java:3419) ~[ozone-manager-1.3.0-SNAPSHOT.jar:?]
	at org.apache.hadoop.ozone.protocolPB.OzoneManagerRequestHandler.getOzoneFileStatus(OzoneManagerRequestHandler.java:871) ~[ozone-manager-1.3.0-SNAPSHOT.jar:?]
	at org.apache.hadoop.ozone.protocolPB.OzoneManagerRequestHandler.handleReadRequest(OzoneManagerRequestHandler.java:217) ~[ozone-manager-1.3.0-SNAPSHOT.jar:?]
	at org.apache.hadoop.ozone.protocolPB.OzoneManagerProtocolServerSideTranslatorPB.submitReadRequestToOM(OzoneManagerProtocolServerSideTranslatorPB.java:226) ~[ozone-manager-1.3.0-SNAPSHOT.jar:?]
	at org.apache.hadoop.ozone.protocolPB.OzoneManagerProtocolServerSideTranslatorPB.processRequest(OzoneManagerProtocolServerSideTranslatorPB.java:175) ~[ozone-manager-1.3.0-SNAPSHOT.jar:?]
	at org.apache.hadoop.hdds.server.OzoneProtocolMessageDispatcher.processRequest(OzoneProtocolMessageDispatcher.java:87) [hdds-server-framework-1.3.0-SNAPSHOT.jar:?]
	at org.apache.hadoop.ozone.protocolPB.OzoneManagerProtocolServerSideTranslatorPB.submitRequest(OzoneManagerProtocolServerSideTranslatorPB.java:147) [ozone-manager-1.3.0-SNAPSHOT.jar:?]
	at org.apache.hadoop.ozone.protocol.proto.OzoneManagerProtocolProtos$OzoneManagerService$2.callBlockingMethod(OzoneManagerProtocolProtos.java) [ozone-interface-client-1.3.0-SNAPSHOT.jar:?]
	at org.apache.hadoop.ipc.ProtobufRpcEngine$Server.processCall(ProtobufRpcEngine.java:466) [hadoop-common-3.3.1.jar:?]
	at org.apache.hadoop.ipc.ProtobufRpcEngine2$Server$ProtoBufRpcInvoker.call(ProtobufRpcEngine2.java:574) [hadoop-common-3.3.1.jar:?]
	at org.apache.hadoop.ipc.ProtobufRpcEngine2$Server$ProtoBufRpcInvoker.call(ProtobufRpcEngine2.java:552) [hadoop-common-3.3.1.jar:?]
	at org.apache.hadoop.ipc.RPC$Server.call(RPC.java:1093) [hadoop-common-3.3.1.jar:?]
	at org.apache.hadoop.ipc.Server$RpcCall.run(Server.java:1035) [hadoop-common-3.3.1.jar:?]
	at org.apache.hadoop.ipc.Server$RpcCall.run(Server.java:963) [hadoop-common-3.3.1.jar:?]
	at java.security.AccessController.doPrivileged(Native Method) ~[?:1.8.0_332]
	at javax.security.auth.Subject.doAs(Subject.java:422) [?:1.8.0_332]
	at org.apache.hadoop.security.UserGroupInformation.doAs(UserGroupInformation.java:1878) [hadoop-common-3.3.1.jar:?]
	at org.apache.hadoop.ipc.Server$Handler.run(Server.java:2966) [hadoop-common-3.3.1.jar:?]
07:24:01.154 [IPC Server handler 1 on default port 38259] ERROR OMAudit - user=runner | ip=127.0.0.1 | op=GET_FILE_STATUS {volume=14d4a44b-1b2d-4b6d-9485-4f91b9388711, bucket=0e588c4a-90cb-4e8a-a5c5-b0e64fa911e1, key=.Trash, dataSize=0, replicationConfig=null} | ret=FAILURE
org.apache.hadoop.ozone.om.exceptions.OMException: Unable to get file status: volume: 14d4a44b-1b2d-4b6d-9485-4f91b9388711 bucket: 0e588c4a-90cb-4e8a-a5c5-b0e64fa911e1 key: .Trash
	at org.apache.hadoop.ozone.om.KeyManagerImpl.getOzoneFileStatus(KeyManagerImpl.java:1311) ~[ozone-manager-1.3.0-SNAPSHOT.jar:?]
	at org.apache.hadoop.ozone.om.KeyManagerImpl.getFileStatus(KeyManagerImpl.java:1241) ~[ozone-manager-1.3.0-SNAPSHOT.jar:?]
	at org.apache.hadoop.ozone.om.OzoneManager.getFileStatus(OzoneManager.java:3419) ~[ozone-manager-1.3.0-SNAPSHOT.jar:?]
	at org.apache.hadoop.ozone.protocolPB.OzoneManagerRequestHandler.getOzoneFileStatus(OzoneManagerRequestHandler.java:871) ~[ozone-manager-1.3.0-SNAPSHOT.jar:?]
	at org.apache.hadoop.ozone.protocolPB.OzoneManagerRequestHandler.handleReadRequest(OzoneManagerRequestHandler.java:217) ~[ozone-manager-1.3.0-SNAPSHOT.jar:?]
	at org.apache.hadoop.ozone.protocolPB.OzoneManagerProtocolServerSideTranslatorPB.submitReadRequestToOM(OzoneManagerProtocolServerSideTranslatorPB.java:226) ~[ozone-manager-1.3.0-SNAPSHOT.jar:?]
	at org.apache.hadoop.ozone.protocolPB.OzoneManagerProtocolServerSideTranslatorPB.processRequest(OzoneManagerProtocolServerSideTranslatorPB.java:175) ~[ozone-manager-1.3.0-SNAPSHOT.jar:?]
	at org.apache.hadoop.hdds.server.OzoneProtocolMessageDispatcher.processRequest(OzoneProtocolMessageDispatcher.java:87) [hdds-server-framework-1.3.0-SNAPSHOT.jar:?]
	at org.apache.hadoop.ozone.protocolPB.OzoneManagerProtocolServerSideTranslatorPB.submitRequest(OzoneManagerProtocolServerSideTranslatorPB.java:147) [ozone-manager-1.3.0-SNAPSHOT.jar:?]
	at org.apache.hadoop.ozone.protocol.proto.OzoneManagerProtocolProtos$OzoneManagerService$2.callBlockingMethod(OzoneManagerProtocolProtos.java) [ozone-interface-client-1.3.0-SNAPSHOT.jar:?]
	at org.apache.hadoop.ipc.ProtobufRpcEngine$Server.processCall(ProtobufRpcEngine.java:466) [hadoop-common-3.3.1.jar:?]
	at org.apache.hadoop.ipc.ProtobufRpcEngine2$Server$ProtoBufRpcInvoker.call(ProtobufRpcEngine2.java:574) [hadoop-common-3.3.1.jar:?]
	at org.apache.hadoop.ipc.ProtobufRpcEngine2$Server$ProtoBufRpcInvoker.call(ProtobufRpcEngine2.java:552) [hadoop-common-3.3.1.jar:?]
	at org.apache.hadoop.ipc.RPC$Server.call(RPC.java:1093) [hadoop-common-3.3.1.jar:?]
	at org.apache.hadoop.ipc.Server$RpcCall.run(Server.java:1035) [hadoop-common-3.3.1.jar:?]
	at org.apache.hadoop.ipc.Server$RpcCall.run(Server.java:963) [hadoop-common-3.3.1.jar:?]
	at java.security.AccessController.doPrivileged(Native Method) ~[?:1.8.0_332]
	at javax.security.auth.Subject.doAs(Subject.java:422) [?:1.8.0_332]
	at org.apache.hadoop.security.UserGroupInformation.doAs(UserGroupInformation.java:1878) [hadoop-common-3.3.1.jar:?]
	at org.apache.hadoop.ipc.Server$Handler.run(Server.java:2966) [hadoop-common-3.3.1.jar:?]
2022-07-02 07:24:01,162 [d727aa53-777d-4565-b781-b847e62e7de2@group-88C20260634D-FollowerState] INFO  impl.FollowerState (FollowerState.java:run(143)) - d727aa53-777d-4565-b781-b847e62e7de2@group-88C20260634D-FollowerState: change to CANDIDATE, lastRpcElapsedTime:5055072642ns, electionTimeout:5024ms
2022-07-02 07:24:01,162 [d727aa53-777d-4565-b781-b847e62e7de2@group-88C20260634D-FollowerState] INFO  impl.RoleInfo (RoleInfo.java:shutdownFollowerState(110)) - d727aa53-777d-4565-b781-b847e62e7de2: shutdown d727aa53-777d-4565-b781-b847e62e7de2@group-88C20260634D-FollowerState
2022-07-02 07:24:01,162 [d727aa53-777d-4565-b781-b847e62e7de2@group-88C20260634D-FollowerState] INFO  server.RaftServer$Division (RaftServerImpl.java:setRole(299)) - d727aa53-777d-4565-b781-b847e62e7de2@group-88C20260634D: changes role from  FOLLOWER to CANDIDATE at term 5 for changeToCandidate
2022-07-02 07:24:01,162 [d727aa53-777d-4565-b781-b847e62e7de2@group-88C20260634D-FollowerState] INFO  server.RaftServerConfigKeys (ConfUtils.java:logGet(46)) - raft.server.leaderelection.pre-vote = false (custom)
2022-07-02 07:24:01,162 [d727aa53-777d-4565-b781-b847e62e7de2@group-88C20260634D-FollowerState] INFO  impl.RoleInfo (RoleInfo.java:updateAndGet(139)) - d727aa53-777d-4565-b781-b847e62e7de2: start d727aa53-777d-4565-b781-b847e62e7de2@group-88C20260634D-LeaderElection53
2022-07-02 07:24:01,170 [c36488b4-ebfd-4b41-ac5a-8203e4b42905@group-88C20260634D-FollowerState] INFO  impl.FollowerState (FollowerState.java:run(143)) - c36488b4-ebfd-4b41-ac5a-8203e4b42905@group-88C20260634D-FollowerState: change to CANDIDATE, lastRpcElapsedTime:5079479504ns, electionTimeout:5065ms
2022-07-02 07:24:01,176 [c36488b4-ebfd-4b41-ac5a-8203e4b42905@group-88C20260634D-FollowerState] INFO  impl.RoleInfo (RoleInfo.java:shutdownFollowerState(110)) - c36488b4-ebfd-4b41-ac5a-8203e4b42905: shutdown c36488b4-ebfd-4b41-ac5a-8203e4b42905@group-88C20260634D-FollowerState
2022-07-02 07:24:01,176 [c36488b4-ebfd-4b41-ac5a-8203e4b42905@group-88C20260634D-FollowerState] INFO  server.RaftServer$Division (RaftServerImpl.java:setRole(299)) - c36488b4-ebfd-4b41-ac5a-8203e4b42905@group-88C20260634D: changes role from  FOLLOWER to CANDIDATE at term 5 for changeToCandidate
2022-07-02 07:24:01,176 [c36488b4-ebfd-4b41-ac5a-8203e4b42905@group-88C20260634D-FollowerState] INFO  server.RaftServerConfigKeys (ConfUtils.java:logGet(46)) - raft.server.leaderelection.pre-vote = false (custom)
2022-07-02 07:24:01,176 [c36488b4-ebfd-4b41-ac5a-8203e4b42905@group-88C20260634D-FollowerState] INFO  impl.RoleInfo (RoleInfo.java:updateAndGet(139)) - c36488b4-ebfd-4b41-ac5a-8203e4b42905: start c36488b4-ebfd-4b41-ac5a-8203e4b42905@group-88C20260634D-LeaderElection54
2022-07-02 07:24:01,176 [d727aa53-777d-4565-b781-b847e62e7de2@group-88C20260634D-LeaderElection53] INFO  impl.LeaderElection (LeaderElection.java:askForVotes(310)) - d727aa53-777d-4565-b781-b847e62e7de2@group-88C20260634D-LeaderElection53 ELECTION round 0: submit vote requests at term 6 for -1: [62d41a72-c69a-4c51-8969-57edf65cfd32|rpc:10.1.0.20:44989|dataStream:|priority:0, c36488b4-ebfd-4b41-ac5a-8203e4b42905|rpc:10.1.0.20:40803|dataStream:|priority:1, d727aa53-777d-4565-b781-b847e62e7de2|rpc:10.1.0.20:38235|dataStream:|priority:0], old=null
2022-07-02 07:24:01,249 [c36488b4-ebfd-4b41-ac5a-8203e4b42905@group-88C20260634D-LeaderElection54] INFO  impl.LeaderElection (LeaderElection.java:askForVotes(310)) - c36488b4-ebfd-4b41-ac5a-8203e4b42905@group-88C20260634D-LeaderElection54 ELECTION round 0: submit vote requests at term 6 for -1: [62d41a72-c69a-4c51-8969-57edf65cfd32|rpc:10.1.0.20:44989|dataStream:|priority:0, c36488b4-ebfd-4b41-ac5a-8203e4b42905|rpc:10.1.0.20:40803|dataStream:|priority:1, d727aa53-777d-4565-b781-b847e62e7de2|rpc:10.1.0.20:38235|dataStream:|priority:0], old=null
2022-07-02 07:24:01,260 [grpc-default-executor-0] INFO  server.RaftServer$Division (RaftServerImpl.java:requestVote(1152)) - 62d41a72-c69a-4c51-8969-57edf65cfd32@group-88C20260634D: receive requestVote(ELECTION, c36488b4-ebfd-4b41-ac5a-8203e4b42905, group-88C20260634D, 6, (t:0, i:0))
2022-07-02 07:24:01,260 [grpc-default-executor-0] INFO  impl.VoteContext (VoteContext.java:log(48)) - 62d41a72-c69a-4c51-8969-57edf65cfd32@group-88C20260634D-FOLLOWER: accept ELECTION from c36488b4-ebfd-4b41-ac5a-8203e4b42905: our priority 0 <= candidate's priority 1
2022-07-02 07:24:01,260 [grpc-default-executor-0] INFO  server.RaftServer$Division (RaftServerImpl.java:setRole(299)) - 62d41a72-c69a-4c51-8969-57edf65cfd32@group-88C20260634D: changes role from  FOLLOWER to FOLLOWER at term 6 for candidate:c36488b4-ebfd-4b41-ac5a-8203e4b42905
2022-07-02 07:24:01,260 [grpc-default-executor-0] INFO  impl.RoleInfo (RoleInfo.java:shutdownFollowerState(110)) - 62d41a72-c69a-4c51-8969-57edf65cfd32: shutdown 62d41a72-c69a-4c51-8969-57edf65cfd32@group-88C20260634D-FollowerState
2022-07-02 07:24:01,260 [grpc-default-executor-0] INFO  impl.RoleInfo (RoleInfo.java:updateAndGet(139)) - 62d41a72-c69a-4c51-8969-57edf65cfd32: start 62d41a72-c69a-4c51-8969-57edf65cfd32@group-88C20260634D-FollowerState
2022-07-02 07:24:01,261 [62d41a72-c69a-4c51-8969-57edf65cfd32@group-88C20260634D-FollowerState] INFO  impl.FollowerState (FollowerState.java:run(152)) - 62d41a72-c69a-4c51-8969-57edf65cfd32@group-88C20260634D-FollowerState was interrupted
2022-07-02 07:24:01,271 [grpc-default-executor-0] INFO  server.RaftServer$Division (RaftServerImpl.java:requestVote(1184)) - 62d41a72-c69a-4c51-8969-57edf65cfd32@group-88C20260634D replies to ELECTION vote request: c36488b4-ebfd-4b41-ac5a-8203e4b42905<-62d41a72-c69a-4c51-8969-57edf65cfd32#0:OK-t6. Peer's state: 62d41a72-c69a-4c51-8969-57edf65cfd32@group-88C20260634D:t6, leader=null, voted=c36488b4-ebfd-4b41-ac5a-8203e4b42905, raftlog=62d41a72-c69a-4c51-8969-57edf65cfd32@group-88C20260634D-SegmentedRaftLog:OPENED:c-1, conf=-1: [62d41a72-c69a-4c51-8969-57edf65cfd32|rpc:10.1.0.20:44989|priority:0, c36488b4-ebfd-4b41-ac5a-8203e4b42905|rpc:10.1.0.20:40803|priority:1, d727aa53-777d-4565-b781-b847e62e7de2|rpc:10.1.0.20:38235|priority:0], old=null
2022-07-02 07:24:01,273 [c36488b4-ebfd-4b41-ac5a-8203e4b42905@group-88C20260634D-LeaderElection54] INFO  impl.LeaderElection (LeaderElection.java:logAndReturn(90)) - c36488b4-ebfd-4b41-ac5a-8203e4b42905@group-88C20260634D-LeaderElection54: ELECTION PASSED received 1 response(s) and 0 exception(s):
2022-07-02 07:24:01,273 [c36488b4-ebfd-4b41-ac5a-8203e4b42905@group-88C20260634D-LeaderElection54] INFO  impl.LeaderElection (LeaderElection.java:logAndReturn(94)) -   Response 0: c36488b4-ebfd-4b41-ac5a-8203e4b42905<-62d41a72-c69a-4c51-8969-57edf65cfd32#0:OK-t6
2022-07-02 07:24:01,273 [c36488b4-ebfd-4b41-ac5a-8203e4b42905@group-88C20260634D-LeaderElection54] INFO  impl.LeaderElection (LeaderElection.java:askForVotes(312)) - c36488b4-ebfd-4b41-ac5a-8203e4b42905@group-88C20260634D-LeaderElection54 ELECTION round 0: result PASSED
2022-07-02 07:24:01,273 [c36488b4-ebfd-4b41-ac5a-8203e4b42905@group-88C20260634D-LeaderElection54] INFO  impl.RoleInfo (RoleInfo.java:shutdownLeaderElection(130)) - c36488b4-ebfd-4b41-ac5a-8203e4b42905: shutdown c36488b4-ebfd-4b41-ac5a-8203e4b42905@group-88C20260634D-LeaderElection54
2022-07-02 07:24:01,274 [c36488b4-ebfd-4b41-ac5a-8203e4b42905@group-88C20260634D-LeaderElection54] INFO  server.RaftServer$Division (RaftServerImpl.java:setRole(299)) - c36488b4-ebfd-4b41-ac5a-8203e4b42905@group-88C20260634D: changes role from CANDIDATE to LEADER at term 6 for changeToLeader
2022-07-02 07:24:01,274 [c36488b4-ebfd-4b41-ac5a-8203e4b42905@group-88C20260634D-LeaderElection54] INFO  ratis.XceiverServerRatis (XceiverServerRatis.java:handleLeaderChangedNotification(863)) - Leader change notification received for group: group-88C20260634D with new leaderId: c36488b4-ebfd-4b41-ac5a-8203e4b42905
2022-07-02 07:24:01,274 [c36488b4-ebfd-4b41-ac5a-8203e4b42905@group-88C20260634D-LeaderElection54] INFO  server.RaftServer$Division (ServerState.java:setLeader(287)) - c36488b4-ebfd-4b41-ac5a-8203e4b42905@group-88C20260634D: change Leader from null to c36488b4-ebfd-4b41-ac5a-8203e4b42905 at term 6 for becomeLeader, leader elected after 30803ms
2022-07-02 07:24:01,274 [c36488b4-ebfd-4b41-ac5a-8203e4b42905@group-88C20260634D-LeaderElection54] INFO  server.RaftServerConfigKeys (ConfUtils.java:logGet(46)) - raft.server.staging.catchup.gap = 1000 (default)
2022-07-02 07:24:01,274 [c36488b4-ebfd-4b41-ac5a-8203e4b42905@group-88C20260634D-LeaderElection54] INFO  server.RaftServerConfigKeys (ConfUtils.java:logGet(46)) - raft.server.write.element-limit = 1024 (custom)
2022-07-02 07:24:01,274 [c36488b4-ebfd-4b41-ac5a-8203e4b42905@group-88C20260634D-LeaderElection54] INFO  server.RaftServerConfigKeys (ConfUtils.java:logGet(46)) - raft.server.write.byte-limit = 1024 M (=1073741824) (custom)
2022-07-02 07:24:01,274 [c36488b4-ebfd-4b41-ac5a-8203e4b42905@group-88C20260634D-LeaderElection54] INFO  server.RaftServerConfigKeys (ConfUtils.java:logGet(46)) - raft.server.watch.timeout = 180s (custom)
2022-07-02 07:24:01,274 [c36488b4-ebfd-4b41-ac5a-8203e4b42905@group-88C20260634D-LeaderElection54] INFO  server.RaftServerConfigKeys (ConfUtils.java:logGet(46)) - raft.server.watch.timeout.denomination = 1s (default)
2022-07-02 07:24:01,275 [c36488b4-ebfd-4b41-ac5a-8203e4b42905@group-88C20260634D-LeaderElection54] INFO  server.RaftServerConfigKeys (ConfUtils.java:logGet(46)) - raft.server.watch.element-limit = 65536 (default)
2022-07-02 07:24:01,275 [c36488b4-ebfd-4b41-ac5a-8203e4b42905@group-88C20260634D-LeaderElection54] INFO  server.RaftServerConfigKeys (ConfUtils.java:logGet(46)) - raft.server.write.element-limit = 1024 (custom)
2022-07-02 07:24:01,275 [c36488b4-ebfd-4b41-ac5a-8203e4b42905@group-88C20260634D-LeaderElection54] INFO  server.RaftServerConfigKeys (ConfUtils.java:logGet(46)) - raft.server.write.follower.gap.ratio.max = -1.0 (default)
2022-07-02 07:24:01,275 [c36488b4-ebfd-4b41-ac5a-8203e4b42905@group-88C20260634D-LeaderElection54] INFO  server.RaftServerConfigKeys (ConfUtils.java:logGet(46)) - raft.server.log.appender.snapshot.chunk.size.max = 16MB (=16777216) (default)
2022-07-02 07:24:01,276 [c36488b4-ebfd-4b41-ac5a-8203e4b42905@group-88C20260634D-LeaderElection54] INFO  server.RaftServerConfigKeys (ConfUtils.java:logGet(46)) - raft.server.log.appender.buffer.byte-limit = 33554432 (custom)
2022-07-02 07:24:01,276 [c36488b4-ebfd-4b41-ac5a-8203e4b42905@group-88C20260634D-LeaderElection54] INFO  server.RaftServerConfigKeys (ConfUtils.java:logGet(46)) - raft.server.log.appender.buffer.element-limit = 1 (custom)
2022-07-02 07:24:01,276 [c36488b4-ebfd-4b41-ac5a-8203e4b42905@group-88C20260634D-LeaderElection54] INFO  grpc.GrpcConfigKeys (ConfUtils.java:logGet(46)) - raft.grpc.server.leader.outstanding.appends.max = 128 (default)
2022-07-02 07:24:01,279 [EventQueue-PipelineReportForPipelineReportHandler] INFO  pipeline.PipelineManagerImpl (PipelineManagerImpl.java:openPipeline(358)) - Pipeline Pipeline[ Id: 8b78d0ea-1399-4e19-a374-88c20260634d, Nodes: d727aa53-777d-4565-b781-b847e62e7de2{ip: 10.1.0.20, host: fv-az444-838.dthhdds2jluu1c0oa55ndv1hsg.dx.internal.cloudapp.net, ports: [REPLICATION=34763, RATIS=38235, RATIS_ADMIN=38235, RATIS_SERVER=38235, STANDALONE=34017], networkLocation: /default-rack, certSerialId: null, persistedOpState: IN_SERVICE, persistedOpStateExpiryEpochSec: 0}62d41a72-c69a-4c51-8969-57edf65cfd32{ip: 10.1.0.20, host: fv-az444-838.dthhdds2jluu1c0oa55ndv1hsg.dx.internal.cloudapp.net, ports: [REPLICATION=41289, RATIS=44989, RATIS_ADMIN=44989, RATIS_SERVER=44989, STANDALONE=37639], networkLocation: /default-rack, certSerialId: null, persistedOpState: IN_SERVICE, persistedOpStateExpiryEpochSec: 0}c36488b4-ebfd-4b41-ac5a-8203e4b42905{ip: 10.1.0.20, host: fv-az444-838.dthhdds2jluu1c0oa55ndv1hsg.dx.internal.cloudapp.net, ports: [REPLICATION=36535, RATIS=40803, RATIS_ADMIN=40803, RATIS_SERVER=40803, STANDALONE=41593], networkLocation: /default-rack, certSerialId: null, persistedOpState: IN_SERVICE, persistedOpStateExpiryEpochSec: 0}, ReplicationConfig: RATIS/THREE, State:ALLOCATED, leaderId:c36488b4-ebfd-4b41-ac5a-8203e4b42905, CreationTimestamp2022-07-02T07:23:29.814Z[Etc/UTC]] moved to OPEN state
2022-07-02 07:24:01,292 [c36488b4-ebfd-4b41-ac5a-8203e4b42905@group-88C20260634D-LeaderElection54] INFO  server.RaftServerConfigKeys (ConfUtils.java:logGet(46)) - raft.server.rpc.request.timeout = 60s (custom)
2022-07-02 07:24:01,293 [c36488b4-ebfd-4b41-ac5a-8203e4b42905@group-88C20260634D-LeaderElection54] INFO  server.RaftServerConfigKeys (ConfUtils.java:logGet(46)) - raft.server.log.appender.install.snapshot.enabled = false (custom)
2022-07-02 07:24:01,296 [c36488b4-ebfd-4b41-ac5a-8203e4b42905@group-88C20260634D-LeaderElection54] INFO  server.RaftServerConfigKeys (ConfUtils.java:logGet(46)) - raft.server.log.appender.snapshot.chunk.size.max = 16MB (=16777216) (default)
2022-07-02 07:24:01,296 [c36488b4-ebfd-4b41-ac5a-8203e4b42905@group-88C20260634D-LeaderElection54] INFO  server.RaftServerConfigKeys (ConfUtils.java:logGet(46)) - raft.server.log.appender.buffer.byte-limit = 33554432 (custom)
2022-07-02 07:24:01,296 [c36488b4-ebfd-4b41-ac5a-8203e4b42905@group-88C20260634D-LeaderElection54] INFO  server.RaftServerConfigKeys (ConfUtils.java:logGet(46)) - raft.server.log.appender.buffer.element-limit = 1 (custom)
2022-07-02 07:24:01,338 [c36488b4-ebfd-4b41-ac5a-8203e4b42905@group-88C20260634D-LeaderElection54] INFO  grpc.GrpcConfigKeys (ConfUtils.java:logGet(46)) - raft.grpc.server.leader.outstanding.appends.max = 128 (default)
2022-07-02 07:24:01,338 [c36488b4-ebfd-4b41-ac5a-8203e4b42905@group-88C20260634D-LeaderElection54] INFO  server.RaftServerConfigKeys (ConfUtils.java:logGet(46)) - raft.server.rpc.request.timeout = 60s (custom)
2022-07-02 07:24:01,338 [c36488b4-ebfd-4b41-ac5a-8203e4b42905@group-88C20260634D-LeaderElection54] INFO  server.RaftServerConfigKeys (ConfUtils.java:logGet(46)) - raft.server.log.appender.install.snapshot.enabled = false (custom)
2022-07-02 07:24:01,338 [c36488b4-ebfd-4b41-ac5a-8203e4b42905@group-88C20260634D-LeaderElection54] INFO  impl.RoleInfo (RoleInfo.java:updateAndGet(139)) - c36488b4-ebfd-4b41-ac5a-8203e4b42905: start c36488b4-ebfd-4b41-ac5a-8203e4b42905@group-88C20260634D-LeaderStateImpl
2022-07-02 07:24:01,338 [c36488b4-ebfd-4b41-ac5a-8203e4b42905@group-88C20260634D-LeaderElection54] INFO  segmented.SegmentedRaftLogWorker (SegmentedRaftLogWorker.java:startLogSegment(425)) - c36488b4-ebfd-4b41-ac5a-8203e4b42905@group-88C20260634D-SegmentedRaftLogWorker: Starting segment from index:0
2022-07-02 07:24:01,340 [c36488b4-ebfd-4b41-ac5a-8203e4b42905@group-88C20260634D-SegmentedRaftLogWorker] INFO  segmented.SegmentedRaftLogWorker (SegmentedRaftLogWorker.java:execute(629)) - c36488b4-ebfd-4b41-ac5a-8203e4b42905@group-88C20260634D-SegmentedRaftLogWorker: created new log segment /home/runner/work/ozone/ozone/hadoop-ozone/integration-test/target/test-dir/MiniOzoneClusterImpl-0529b123-343e-47c8-b09a-e64196ae32df/datanode-1/data/ratis/8b78d0ea-1399-4e19-a374-88c20260634d/current/log_inprogress_0
2022-07-02 07:24:01,385 [c36488b4-ebfd-4b41-ac5a-8203e4b42905@group-88C20260634D-LeaderElection54] INFO  server.RaftServer$Division (ServerState.java:setRaftConf(393)) - c36488b4-ebfd-4b41-ac5a-8203e4b42905@group-88C20260634D: set configuration 0: [62d41a72-c69a-4c51-8969-57edf65cfd32|rpc:10.1.0.20:44989|dataStream:|priority:0, c36488b4-ebfd-4b41-ac5a-8203e4b42905|rpc:10.1.0.20:40803|dataStream:|priority:1, d727aa53-777d-4565-b781-b847e62e7de2|rpc:10.1.0.20:38235|dataStream:|priority:0], old=null
2022-07-02 07:24:01,404 [grpc-default-executor-0] INFO  server.RaftServer$Division (RaftServerImpl.java:requestVote(1152)) - d727aa53-777d-4565-b781-b847e62e7de2@group-88C20260634D: receive requestVote(ELECTION, c36488b4-ebfd-4b41-ac5a-8203e4b42905, group-88C20260634D, 6, (t:0, i:0))
2022-07-02 07:24:01,404 [grpc-default-executor-0] INFO  impl.VoteContext (VoteContext.java:log(48)) - d727aa53-777d-4565-b781-b847e62e7de2@group-88C20260634D-CANDIDATE: reject ELECTION from c36488b4-ebfd-4b41-ac5a-8203e4b42905: already has voted for d727aa53-777d-4565-b781-b847e62e7de2 at current term 6
2022-07-02 07:24:01,404 [grpc-default-executor-0] INFO  server.RaftServer$Division (RaftServerImpl.java:requestVote(1184)) - d727aa53-777d-4565-b781-b847e62e7de2@group-88C20260634D replies to ELECTION vote request: c36488b4-ebfd-4b41-ac5a-8203e4b42905<-d727aa53-777d-4565-b781-b847e62e7de2#0:FAIL-t6. Peer's state: d727aa53-777d-4565-b781-b847e62e7de2@group-88C20260634D:t6, leader=null, voted=d727aa53-777d-4565-b781-b847e62e7de2, raftlog=d727aa53-777d-4565-b781-b847e62e7de2@group-88C20260634D-SegmentedRaftLog:OPENED:c-1, conf=-1: [62d41a72-c69a-4c51-8969-57edf65cfd32|rpc:10.1.0.20:44989|dataStream:|priority:0, c36488b4-ebfd-4b41-ac5a-8203e4b42905|rpc:10.1.0.20:40803|dataStream:|priority:1, d727aa53-777d-4565-b781-b847e62e7de2|rpc:10.1.0.20:38235|dataStream:|priority:0], old=null
2022-07-02 07:24:01,405 [grpc-default-executor-1] INFO  server.RaftServer$Division (RaftServerImpl.java:requestVote(1152)) - 62d41a72-c69a-4c51-8969-57edf65cfd32@group-88C20260634D: receive requestVote(ELECTION, d727aa53-777d-4565-b781-b847e62e7de2, group-88C20260634D, 6, (t:0, i:0))
2022-07-02 07:24:01,405 [grpc-default-executor-1] INFO  impl.VoteContext (VoteContext.java:log(48)) - 62d41a72-c69a-4c51-8969-57edf65cfd32@group-88C20260634D-FOLLOWER: reject ELECTION from d727aa53-777d-4565-b781-b847e62e7de2: already has voted for c36488b4-ebfd-4b41-ac5a-8203e4b42905 at current term 6
2022-07-02 07:24:01,405 [grpc-default-executor-1] INFO  server.RaftServer$Division (RaftServerImpl.java:requestVote(1184)) - 62d41a72-c69a-4c51-8969-57edf65cfd32@group-88C20260634D replies to ELECTION vote request: d727aa53-777d-4565-b781-b847e62e7de2<-62d41a72-c69a-4c51-8969-57edf65cfd32#0:FAIL-t6. Peer's state: 62d41a72-c69a-4c51-8969-57edf65cfd32@group-88C20260634D:t6, leader=null, voted=c36488b4-ebfd-4b41-ac5a-8203e4b42905, raftlog=62d41a72-c69a-4c51-8969-57edf65cfd32@group-88C20260634D-SegmentedRaftLog:OPENED:c-1, conf=-1: [62d41a72-c69a-4c51-8969-57edf65cfd32|rpc:10.1.0.20:44989|priority:0, c36488b4-ebfd-4b41-ac5a-8203e4b42905|rpc:10.1.0.20:40803|priority:1, d727aa53-777d-4565-b781-b847e62e7de2|rpc:10.1.0.20:38235|priority:0], old=null
2022-07-02 07:24:01,406 [grpc-default-executor-4] INFO  server.RaftServer$Division (RaftServerImpl.java:requestVote(1152)) - c36488b4-ebfd-4b41-ac5a-8203e4b42905@group-88C20260634D: receive requestVote(ELECTION, d727aa53-777d-4565-b781-b847e62e7de2, group-88C20260634D, 6, (t:0, i:0))
2022-07-02 07:24:01,459 [62d41a72-c69a-4c51-8969-57edf65cfd32-server-thread1] INFO  ratis.XceiverServerRatis (XceiverServerRatis.java:handleLeaderChangedNotification(863)) - Leader change notification received for group: group-88C20260634D with new leaderId: c36488b4-ebfd-4b41-ac5a-8203e4b42905
2022-07-02 07:24:01,459 [62d41a72-c69a-4c51-8969-57edf65cfd32-server-thread1] INFO  server.RaftServer$Division (ServerState.java:setLeader(287)) - 62d41a72-c69a-4c51-8969-57edf65cfd32@group-88C20260634D: change Leader from null to c36488b4-ebfd-4b41-ac5a-8203e4b42905 at term 6 for appendEntries, leader elected after 31562ms
2022-07-02 07:24:01,464 [grpc-default-executor-4] INFO  impl.VoteContext (VoteContext.java:log(48)) - c36488b4-ebfd-4b41-ac5a-8203e4b42905@group-88C20260634D-LEADER: reject ELECTION from d727aa53-777d-4565-b781-b847e62e7de2: already has voted for c36488b4-ebfd-4b41-ac5a-8203e4b42905 at current term 6
2022-07-02 07:24:01,464 [grpc-default-executor-4] INFO  server.RaftServer$Division (RaftServerImpl.java:requestVote(1184)) - c36488b4-ebfd-4b41-ac5a-8203e4b42905@group-88C20260634D replies to ELECTION vote request: d727aa53-777d-4565-b781-b847e62e7de2<-c36488b4-ebfd-4b41-ac5a-8203e4b42905#0:FAIL-t6. Peer's state: c36488b4-ebfd-4b41-ac5a-8203e4b42905@group-88C20260634D:t6, leader=c36488b4-ebfd-4b41-ac5a-8203e4b42905, voted=c36488b4-ebfd-4b41-ac5a-8203e4b42905, raftlog=c36488b4-ebfd-4b41-ac5a-8203e4b42905@group-88C20260634D-SegmentedRaftLog:OPENED:c0, conf=0: [62d41a72-c69a-4c51-8969-57edf65cfd32|rpc:10.1.0.20:44989|dataStream:|priority:0, c36488b4-ebfd-4b41-ac5a-8203e4b42905|rpc:10.1.0.20:40803|dataStream:|priority:1, d727aa53-777d-4565-b781-b847e62e7de2|rpc:10.1.0.20:38235|dataStream:|priority:0], old=null
2022-07-02 07:24:01,465 [d727aa53-777d-4565-b781-b847e62e7de2@group-88C20260634D-LeaderElection53] INFO  impl.LeaderElection (LeaderElection.java:logAndReturn(90)) - d727aa53-777d-4565-b781-b847e62e7de2@group-88C20260634D-LeaderElection53: ELECTION REJECTED received 2 response(s) and 0 exception(s):
2022-07-02 07:24:01,465 [d727aa53-777d-4565-b781-b847e62e7de2@group-88C20260634D-LeaderElection53] INFO  impl.LeaderElection (LeaderElection.java:logAndReturn(94)) -   Response 0: d727aa53-777d-4565-b781-b847e62e7de2<-62d41a72-c69a-4c51-8969-57edf65cfd32#0:FAIL-t6
2022-07-02 07:24:01,465 [d727aa53-777d-4565-b781-b847e62e7de2@group-88C20260634D-LeaderElection53] INFO  impl.LeaderElection (LeaderElection.java:logAndReturn(94)) -   Response 1: d727aa53-777d-4565-b781-b847e62e7de2<-c36488b4-ebfd-4b41-ac5a-8203e4b42905#0:FAIL-t6
2022-07-02 07:24:01,465 [d727aa53-777d-4565-b781-b847e62e7de2@group-88C20260634D-LeaderElection53] INFO  impl.LeaderElection (LeaderElection.java:askForVotes(312)) - d727aa53-777d-4565-b781-b847e62e7de2@group-88C20260634D-LeaderElection53 ELECTION round 0: result REJECTED
2022-07-02 07:24:01,466 [d727aa53-777d-4565-b781-b847e62e7de2@group-88C20260634D-LeaderElection53] INFO  server.RaftServer$Division (RaftServerImpl.java:setRole(299)) - d727aa53-777d-4565-b781-b847e62e7de2@group-88C20260634D: changes role from CANDIDATE to FOLLOWER at term 6 for REJECTED
2022-07-02 07:24:01,466 [d727aa53-777d-4565-b781-b847e62e7de2@group-88C20260634D-LeaderElection53] INFO  impl.RoleInfo (RoleInfo.java:shutdownLeaderElection(130)) - d727aa53-777d-4565-b781-b847e62e7de2: shutdown d727aa53-777d-4565-b781-b847e62e7de2@group-88C20260634D-LeaderElection53
2022-07-02 07:24:01,466 [d727aa53-777d-4565-b781-b847e62e7de2@group-88C20260634D-LeaderElection53] INFO  impl.RoleInfo (RoleInfo.java:updateAndGet(139)) - d727aa53-777d-4565-b781-b847e62e7de2: start d727aa53-777d-4565-b781-b847e62e7de2@group-88C20260634D-FollowerState
2022-07-02 07:24:01,488 [62d41a72-c69a-4c51-8969-57edf65cfd32-server-thread1] INFO  server.RaftServer$Division (ServerState.java:setRaftConf(393)) - 62d41a72-c69a-4c51-8969-57edf65cfd32@group-88C20260634D: set configuration 0: [62d41a72-c69a-4c51-8969-57edf65cfd32|rpc:10.1.0.20:44989|dataStream:|priority:0, c36488b4-ebfd-4b41-ac5a-8203e4b42905|rpc:10.1.0.20:40803|dataStream:|priority:1, d727aa53-777d-4565-b781-b847e62e7de2|rpc:10.1.0.20:38235|dataStream:|priority:0], old=null
2022-07-02 07:24:01,489 [62d41a72-c69a-4c51-8969-57edf65cfd32-server-thread1] INFO  segmented.SegmentedRaftLogWorker (SegmentedRaftLogWorker.java:startLogSegment(425)) - 62d41a72-c69a-4c51-8969-57edf65cfd32@group-88C20260634D-SegmentedRaftLogWorker: Starting segment from index:0
2022-07-02 07:24:01,500 [62d41a72-c69a-4c51-8969-57edf65cfd32@group-88C20260634D-SegmentedRaftLogWorker] INFO  segmented.SegmentedRaftLogWorker (SegmentedRaftLogWorker.java:execute(629)) - 62d41a72-c69a-4c51-8969-57edf65cfd32@group-88C20260634D-SegmentedRaftLogWorker: created new log segment /home/runner/work/ozone/ozone/hadoop-ozone/integration-test/target/test-dir/MiniOzoneClusterImpl-0529b123-343e-47c8-b09a-e64196ae32df/datanode-0/data/ratis/8b78d0ea-1399-4e19-a374-88c20260634d/current/log_inprogress_0
2022-07-02 07:24:01,509 [d727aa53-777d-4565-b781-b847e62e7de2-server-thread1] INFO  ratis.XceiverServerRatis (XceiverServerRatis.java:handleLeaderChangedNotification(863)) - Leader change notification received for group: group-88C20260634D with new leaderId: c36488b4-ebfd-4b41-ac5a-8203e4b42905
2022-07-02 07:24:01,509 [d727aa53-777d-4565-b781-b847e62e7de2-server-thread1] INFO  server.RaftServer$Division (ServerState.java:setLeader(287)) - d727aa53-777d-4565-b781-b847e62e7de2@group-88C20260634D: change Leader from null to c36488b4-ebfd-4b41-ac5a-8203e4b42905 at term 6 for appendEntries, leader elected after 31335ms
2022-07-02 07:24:01,584 [Time-limited test] INFO  rpc.RpcClient (RpcClient.java:createVolume(466)) - Creating Volume: volume26832, with user01909 as owner and space quota set to -1 bytes, counts quota set to -1
2022-07-02 07:24:01,592 [OM StateMachine ApplyTransaction Thread - 0] INFO  volume.OMVolumeCreateRequest (OMVolumeCreateRequest.java:validateAndUpdateCache(195)) - created volume:volume26832 for user:user01909
2022-07-02 07:24:01,593 [Time-limited test] INFO  rpc.RpcClient (RpcClient.java:createBucket(669)) - Creating Bucket: volume26832/bucket95604, with bucket layout LEGACY, runner as owner, Versioning false, Storage Type set to DISK and Encryption set to false 
2022-07-02 07:24:01,603 [OM StateMachine ApplyTransaction Thread - 0] INFO  bucket.OMBucketCreateRequest (OMBucketCreateRequest.java:validateAndUpdateCache(260)) - created bucket: bucket95604 of layout LEGACY in volume: volume26832
2022-07-02 07:24:01,609 [d727aa53-777d-4565-b781-b847e62e7de2-server-thread1] INFO  server.RaftServer$Division (ServerState.java:setRaftConf(393)) - d727aa53-777d-4565-b781-b847e62e7de2@group-88C20260634D: set configuration 0: [62d41a72-c69a-4c51-8969-57edf65cfd32|rpc:10.1.0.20:44989|dataStream:|priority:0, c36488b4-ebfd-4b41-ac5a-8203e4b42905|rpc:10.1.0.20:40803|dataStream:|priority:1, d727aa53-777d-4565-b781-b847e62e7de2|rpc:10.1.0.20:38235|dataStream:|priority:0], old=null
2022-07-02 07:24:01,609 [d727aa53-777d-4565-b781-b847e62e7de2-server-thread1] INFO  segmented.SegmentedRaftLogWorker (SegmentedRaftLogWorker.java:startLogSegment(425)) - d727aa53-777d-4565-b781-b847e62e7de2@group-88C20260634D-SegmentedRaftLogWorker: Starting segment from index:0
2022-07-02 07:24:01,612 [d727aa53-777d-4565-b781-b847e62e7de2@group-88C20260634D-SegmentedRaftLogWorker] INFO  segmented.SegmentedRaftLogWorker (SegmentedRaftLogWorker.java:execute(629)) - d727aa53-777d-4565-b781-b847e62e7de2@group-88C20260634D-SegmentedRaftLogWorker: created new log segment /home/runner/work/ozone/ozone/hadoop-ozone/integration-test/target/test-dir/MiniOzoneClusterImpl-0529b123-343e-47c8-b09a-e64196ae32df/datanode-2/data/ratis/8b78d0ea-1399-4e19-a374-88c20260634d/current/log_inprogress_0
07:24:01.685 [IPC Server handler 4 on default port 38259] ERROR OMAudit - user=runner | ip=127.0.0.1 | op=GET_FILE_STATUS {volume=14d4a44b-1b2d-4b6d-9485-4f91b9388711, bucket=0e588c4a-90cb-4e8a-a5c5-b0e64fa911e1, key=.Trash, dataSize=0, replicationConfig=null} | ret=FAILURE
org.apache.hadoop.ozone.om.exceptions.OMException: Unable to get file status: volume: 14d4a44b-1b2d-4b6d-9485-4f91b9388711 bucket: 0e588c4a-90cb-4e8a-a5c5-b0e64fa911e1 key: .Trash
	at org.apache.hadoop.ozone.om.KeyManagerImpl.getOzoneFileStatus(KeyManagerImpl.java:1311) ~[ozone-manager-1.3.0-SNAPSHOT.jar:?]
	at org.apache.hadoop.ozone.om.KeyManagerImpl.getFileStatus(KeyManagerImpl.java:1241) ~[ozone-manager-1.3.0-SNAPSHOT.jar:?]
	at org.apache.hadoop.ozone.om.OzoneManager.getFileStatus(OzoneManager.java:3419) ~[ozone-manager-1.3.0-SNAPSHOT.jar:?]
	at org.apache.hadoop.ozone.protocolPB.OzoneManagerRequestHandler.getOzoneFileStatus(OzoneManagerRequestHandler.java:871) ~[ozone-manager-1.3.0-SNAPSHOT.jar:?]
	at org.apache.hadoop.ozone.protocolPB.OzoneManagerRequestHandler.handleReadRequest(OzoneManagerRequestHandler.java:217) ~[ozone-manager-1.3.0-SNAPSHOT.jar:?]
	at org.apache.hadoop.ozone.protocolPB.OzoneManagerProtocolServerSideTranslatorPB.submitReadRequestToOM(OzoneManagerProtocolServerSideTranslatorPB.java:226) ~[ozone-manager-1.3.0-SNAPSHOT.jar:?]
	at org.apache.hadoop.ozone.protocolPB.OzoneManagerProtocolServerSideTranslatorPB.processRequest(OzoneManagerProtocolServerSideTranslatorPB.java:175) ~[ozone-manager-1.3.0-SNAPSHOT.jar:?]
	at org.apache.hadoop.hdds.server.OzoneProtocolMessageDispatcher.processRequest(OzoneProtocolMessageDispatcher.java:87) [hdds-server-framework-1.3.0-SNAPSHOT.jar:?]
	at org.apache.hadoop.ozone.protocolPB.OzoneManagerProtocolServerSideTranslatorPB.submitRequest(OzoneManagerProtocolServerSideTranslatorPB.java:147) [ozone-manager-1.3.0-SNAPSHOT.jar:?]
	at org.apache.hadoop.ozone.protocol.proto.OzoneManagerProtocolProtos$OzoneManagerService$2.callBlockingMethod(OzoneManagerProtocolProtos.java) [ozone-interface-client-1.3.0-SNAPSHOT.jar:?]
	at org.apache.hadoop.ipc.ProtobufRpcEngine$Server.processCall(ProtobufRpcEngine.java:466) [hadoop-common-3.3.1.jar:?]
	at org.apache.hadoop.ipc.ProtobufRpcEngine2$Server$ProtoBufRpcInvoker.call(ProtobufRpcEngine2.java:574) [hadoop-common-3.3.1.jar:?]
	at org.apache.hadoop.ipc.ProtobufRpcEngine2$Server$ProtoBufRpcInvoker.call(ProtobufRpcEngine2.java:552) [hadoop-common-3.3.1.jar:?]
	at org.apache.hadoop.ipc.RPC$Server.call(RPC.java:1093) [hadoop-common-3.3.1.jar:?]
	at org.apache.hadoop.ipc.Server$RpcCall.run(Server.java:1035) [hadoop-common-3.3.1.jar:?]
	at org.apache.hadoop.ipc.Server$RpcCall.run(Server.java:963) [hadoop-common-3.3.1.jar:?]
	at java.security.AccessController.doPrivileged(Native Method) ~[?:1.8.0_332]
	at javax.security.auth.Subject.doAs(Subject.java:422) [?:1.8.0_332]
	at org.apache.hadoop.security.UserGroupInformation.doAs(UserGroupInformation.java:1878) [hadoop-common-3.3.1.jar:?]
	at org.apache.hadoop.ipc.Server$Handler.run(Server.java:2966) [hadoop-common-3.3.1.jar:?]
07:24:01.740 [IPC Server handler 7 on default port 38259] ERROR OMAudit - user=runner | ip=127.0.0.1 | op=GET_FILE_STATUS {volume=14d4a44b-1b2d-4b6d-9485-4f91b9388711, bucket=0e588c4a-90cb-4e8a-a5c5-b0e64fa911e1, key=.Trash, dataSize=0, replicationConfig=null} | ret=FAILURE
org.apache.hadoop.ozone.om.exceptions.OMException: Unable to get file status: volume: 14d4a44b-1b2d-4b6d-9485-4f91b9388711 bucket: 0e588c4a-90cb-4e8a-a5c5-b0e64fa911e1 key: .Trash
	at org.apache.hadoop.ozone.om.KeyManagerImpl.getOzoneFileStatus(KeyManagerImpl.java:1311) ~[ozone-manager-1.3.0-SNAPSHOT.jar:?]
	at org.apache.hadoop.ozone.om.KeyManagerImpl.getFileStatus(KeyManagerImpl.java:1241) ~[ozone-manager-1.3.0-SNAPSHOT.jar:?]
	at org.apache.hadoop.ozone.om.OzoneManager.getFileStatus(OzoneManager.java:3419) ~[ozone-manager-1.3.0-SNAPSHOT.jar:?]
	at org.apache.hadoop.ozone.protocolPB.OzoneManagerRequestHandler.getOzoneFileStatus(OzoneManagerRequestHandler.java:871) ~[ozone-manager-1.3.0-SNAPSHOT.jar:?]
	at org.apache.hadoop.ozone.protocolPB.OzoneManagerRequestHandler.handleReadRequest(OzoneManagerRequestHandler.java:217) ~[ozone-manager-1.3.0-SNAPSHOT.jar:?]
	at org.apache.hadoop.ozone.protocolPB.OzoneManagerProtocolServerSideTranslatorPB.submitReadRequestToOM(OzoneManagerProtocolServerSideTranslatorPB.java:226) ~[ozone-manager-1.3.0-SNAPSHOT.jar:?]
	at org.apache.hadoop.ozone.protocolPB.OzoneManagerProtocolServerSideTranslatorPB.processRequest(OzoneManagerProtocolServerSideTranslatorPB.java:175) ~[ozone-manager-1.3.0-SNAPSHOT.jar:?]
	at org.apache.hadoop.hdds.server.OzoneProtocolMessageDispatcher.processRequest(OzoneProtocolMessageDispatcher.java:87) [hdds-server-framework-1.3.0-SNAPSHOT.jar:?]
	at org.apache.hadoop.ozone.protocolPB.OzoneManagerProtocolServerSideTranslatorPB.submitRequest(OzoneManagerProtocolServerSideTranslatorPB.java:147) [ozone-manager-1.3.0-SNAPSHOT.jar:?]
	at org.apache.hadoop.ozone.protocol.proto.OzoneManagerProtocolProtos$OzoneManagerService$2.callBlockingMethod(OzoneManagerProtocolProtos.java) [ozone-interface-client-1.3.0-SNAPSHOT.jar:?]
	at org.apache.hadoop.ipc.ProtobufRpcEngine$Server.processCall(ProtobufRpcEngine.java:466) [hadoop-common-3.3.1.jar:?]
	at org.apache.hadoop.ipc.ProtobufRpcEngine2$Server$ProtoBufRpcInvoker.call(ProtobufRpcEngine2.java:574) [hadoop-common-3.3.1.jar:?]
	at org.apache.hadoop.ipc.ProtobufRpcEngine2$Server$ProtoBufRpcInvoker.call(ProtobufRpcEngine2.java:552) [hadoop-common-3.3.1.jar:?]
	at org.apache.hadoop.ipc.RPC$Server.call(RPC.java:1093) [hadoop-common-3.3.1.jar:?]
	at org.apache.hadoop.ipc.Server$RpcCall.run(Server.java:1035) [hadoop-common-3.3.1.jar:?]
	at org.apache.hadoop.ipc.Server$RpcCall.run(Server.java:963) [hadoop-common-3.3.1.jar:?]
	at java.security.AccessController.doPrivileged(Native Method) ~[?:1.8.0_332]
	at javax.security.auth.Subject.doAs(Subject.java:422) [?:1.8.0_332]
	at org.apache.hadoop.security.UserGroupInformation.doAs(UserGroupInformation.java:1878) [hadoop-common-3.3.1.jar:?]
	at org.apache.hadoop.ipc.Server$Handler.run(Server.java:2966) [hadoop-common-3.3.1.jar:?]
07:24:01.781 [IPC Server handler 7 on default port 38259] ERROR OMAudit - user=runner | ip=127.0.0.1 | op=GET_FILE_STATUS {volume=volume26832, bucket=bucket95604, key=.Trash/runner, dataSize=0, replicationConfig=null} | ret=FAILURE
org.apache.hadoop.ozone.om.exceptions.OMException: Unable to get file status: volume: volume26832 bucket: bucket95604 key: .Trash/runner
	at org.apache.hadoop.ozone.om.KeyManagerImpl.getOzoneFileStatus(KeyManagerImpl.java:1311) ~[ozone-manager-1.3.0-SNAPSHOT.jar:?]
	at org.apache.hadoop.ozone.om.KeyManagerImpl.getFileStatus(KeyManagerImpl.java:1241) ~[ozone-manager-1.3.0-SNAPSHOT.jar:?]
	at org.apache.hadoop.ozone.om.OzoneManager.getFileStatus(OzoneManager.java:3419) ~[ozone-manager-1.3.0-SNAPSHOT.jar:?]
	at org.apache.hadoop.ozone.protocolPB.OzoneManagerRequestHandler.getOzoneFileStatus(OzoneManagerRequestHandler.java:871) ~[ozone-manager-1.3.0-SNAPSHOT.jar:?]
	at org.apache.hadoop.ozone.protocolPB.OzoneManagerRequestHandler.handleReadRequest(OzoneManagerRequestHandler.java:217) ~[ozone-manager-1.3.0-SNAPSHOT.jar:?]
	at org.apache.hadoop.ozone.protocolPB.OzoneManagerProtocolServerSideTranslatorPB.submitReadRequestToOM(OzoneManagerProtocolServerSideTranslatorPB.java:226) ~[ozone-manager-1.3.0-SNAPSHOT.jar:?]
	at org.apache.hadoop.ozone.protocolPB.OzoneManagerProtocolServerSideTranslatorPB.processRequest(OzoneManagerProtocolServerSideTranslatorPB.java:175) ~[ozone-manager-1.3.0-SNAPSHOT.jar:?]
	at org.apache.hadoop.hdds.server.OzoneProtocolMessageDispatcher.processRequest(OzoneProtocolMessageDispatcher.java:87) [hdds-server-framework-1.3.0-SNAPSHOT.jar:?]
	at org.apache.hadoop.ozone.protocolPB.OzoneManagerProtocolServerSideTranslatorPB.submitRequest(OzoneManagerProtocolServerSideTranslatorPB.java:147) [ozone-manager-1.3.0-SNAPSHOT.jar:?]
	at org.apache.hadoop.ozone.protocol.proto.OzoneManagerProtocolProtos$OzoneManagerService$2.callBlockingMethod(OzoneManagerProtocolProtos.java) [ozone-interface-client-1.3.0-SNAPSHOT.jar:?]
	at org.apache.hadoop.ipc.ProtobufRpcEngine$Server.processCall(ProtobufRpcEngine.java:466) [hadoop-common-3.3.1.jar:?]
	at org.apache.hadoop.ipc.ProtobufRpcEngine2$Server$ProtoBufRpcInvoker.call(ProtobufRpcEngine2.java:574) [hadoop-common-3.3.1.jar:?]
	at org.apache.hadoop.ipc.ProtobufRpcEngine2$Server$ProtoBufRpcInvoker.call(ProtobufRpcEngine2.java:552) [hadoop-common-3.3.1.jar:?]
	at org.apache.hadoop.ipc.RPC$Server.call(RPC.java:1093) [hadoop-common-3.3.1.jar:?]
	at org.apache.hadoop.ipc.Server$RpcCall.run(Server.java:1035) [hadoop-common-3.3.1.jar:?]
	at org.apache.hadoop.ipc.Server$RpcCall.run(Server.java:963) [hadoop-common-3.3.1.jar:?]
	at java.security.AccessController.doPrivileged(Native Method) ~[?:1.8.0_332]
	at javax.security.auth.Subject.doAs(Subject.java:422) [?:1.8.0_332]
	at org.apache.hadoop.security.UserGroupInformation.doAs(UserGroupInformation.java:1878) [hadoop-common-3.3.1.jar:?]
	at org.apache.hadoop.ipc.Server$Handler.run(Server.java:2966) [hadoop-common-3.3.1.jar:?]
07:24:01.784 [IPC Server handler 19 on default port 38259] ERROR OMAudit - user=runner | ip=127.0.0.1 | op=GET_FILE_STATUS {volume=14d4a44b-1b2d-4b6d-9485-4f91b9388711, bucket=0e588c4a-90cb-4e8a-a5c5-b0e64fa911e1, key=.Trash, dataSize=0, replicationConfig=null} | ret=FAILURE
org.apache.hadoop.ozone.om.exceptions.OMException: Unable to get file status: volume: 14d4a44b-1b2d-4b6d-9485-4f91b9388711 bucket: 0e588c4a-90cb-4e8a-a5c5-b0e64fa911e1 key: .Trash
	at org.apache.hadoop.ozone.om.KeyManagerImpl.getOzoneFileStatus(KeyManagerImpl.java:1311) ~[ozone-manager-1.3.0-SNAPSHOT.jar:?]
	at org.apache.hadoop.ozone.om.KeyManagerImpl.getFileStatus(KeyManagerImpl.java:1241) ~[ozone-manager-1.3.0-SNAPSHOT.jar:?]
	at org.apache.hadoop.ozone.om.OzoneManager.getFileStatus(OzoneManager.java:3419) ~[ozone-manager-1.3.0-SNAPSHOT.jar:?]
	at org.apache.hadoop.ozone.protocolPB.OzoneManagerRequestHandler.getOzoneFileStatus(OzoneManagerRequestHandler.java:871) ~[ozone-manager-1.3.0-SNAPSHOT.jar:?]
	at org.apache.hadoop.ozone.protocolPB.OzoneManagerRequestHandler.handleReadRequest(OzoneManagerRequestHandler.java:217) ~[ozone-manager-1.3.0-SNAPSHOT.jar:?]
	at org.apache.hadoop.ozone.protocolPB.OzoneManagerProtocolServerSideTranslatorPB.submitReadRequestToOM(OzoneManagerProtocolServerSideTranslatorPB.java:226) ~[ozone-manager-1.3.0-SNAPSHOT.jar:?]
	at org.apache.hadoop.ozone.protocolPB.OzoneManagerProtocolServerSideTranslatorPB.processRequest(OzoneManagerProtocolServerSideTranslatorPB.java:175) ~[ozone-manager-1.3.0-SNAPSHOT.jar:?]
	at org.apache.hadoop.hdds.server.OzoneProtocolMessageDispatcher.processRequest(OzoneProtocolMessageDispatcher.java:87) [hdds-server-framework-1.3.0-SNAPSHOT.jar:?]
	at org.apache.hadoop.ozone.protocolPB.OzoneManagerProtocolServerSideTranslatorPB.submitRequest(OzoneManagerProtocolServerSideTranslatorPB.java:147) [ozone-manager-1.3.0-SNAPSHOT.jar:?]
	at org.apache.hadoop.ozone.protocol.proto.OzoneManagerProtocolProtos$OzoneManagerService$2.callBlockingMethod(OzoneManagerProtocolProtos.java) [ozone-interface-client-1.3.0-SNAPSHOT.jar:?]
	at org.apache.hadoop.ipc.ProtobufRpcEngine$Server.processCall(ProtobufRpcEngine.java:466) [hadoop-common-3.3.1.jar:?]
	at org.apache.hadoop.ipc.ProtobufRpcEngine2$Server$ProtoBufRpcInvoker.call(ProtobufRpcEngine2.java:574) [hadoop-common-3.3.1.jar:?]
	at org.apache.hadoop.ipc.ProtobufRpcEngine2$Server$ProtoBufRpcInvoker.call(ProtobufRpcEngine2.java:552) [hadoop-common-3.3.1.jar:?]
	at org.apache.hadoop.ipc.RPC$Server.call(RPC.java:1093) [hadoop-common-3.3.1.jar:?]
	at org.apache.hadoop.ipc.Server$RpcCall.run(Server.java:1035) [hadoop-common-3.3.1.jar:?]
	at org.apache.hadoop.ipc.Server$RpcCall.run(Server.java:963) [hadoop-common-3.3.1.jar:?]
	at java.security.AccessController.doPrivileged(Native Method) ~[?:1.8.0_332]
	at javax.security.auth.Subject.doAs(Subject.java:422) [?:1.8.0_332]
	at org.apache.hadoop.security.UserGroupInformation.doAs(UserGroupInformation.java:1878) [hadoop-common-3.3.1.jar:?]
	at org.apache.hadoop.ipc.Server$Handler.run(Server.java:2966) [hadoop-common-3.3.1.jar:?]
07:24:01.786 [IPC Server handler 10 on default port 38259] ERROR OMAudit - user=runner | ip=127.0.0.1 | op=GET_FILE_STATUS {volume=volume26832, bucket=bucket95604, key=.Trash, dataSize=0, replicationConfig=null} | ret=FAILURE
org.apache.hadoop.ozone.om.exceptions.OMException: Unable to get file status: volume: volume26832 bucket: bucket95604 key: .Trash
	at org.apache.hadoop.ozone.om.KeyManagerImpl.getOzoneFileStatus(KeyManagerImpl.java:1311) ~[ozone-manager-1.3.0-SNAPSHOT.jar:?]
	at org.apache.hadoop.ozone.om.KeyManagerImpl.getFileStatus(KeyManagerImpl.java:1241) ~[ozone-manager-1.3.0-SNAPSHOT.jar:?]
	at org.apache.hadoop.ozone.om.OzoneManager.getFileStatus(OzoneManager.java:3419) ~[ozone-manager-1.3.0-SNAPSHOT.jar:?]
	at org.apache.hadoop.ozone.protocolPB.OzoneManagerRequestHandler.getOzoneFileStatus(OzoneManagerRequestHandler.java:871) ~[ozone-manager-1.3.0-SNAPSHOT.jar:?]
	at org.apache.hadoop.ozone.protocolPB.OzoneManagerRequestHandler.handleReadRequest(OzoneManagerRequestHandler.java:217) ~[ozone-manager-1.3.0-SNAPSHOT.jar:?]
	at org.apache.hadoop.ozone.protocolPB.OzoneManagerProtocolServerSideTranslatorPB.submitReadRequestToOM(OzoneManagerProtocolServerSideTranslatorPB.java:226) ~[ozone-manager-1.3.0-SNAPSHOT.jar:?]
	at org.apache.hadoop.ozone.protocolPB.OzoneManagerProtocolServerSideTranslatorPB.processRequest(OzoneManagerProtocolServerSideTranslatorPB.java:175) ~[ozone-manager-1.3.0-SNAPSHOT.jar:?]
	at org.apache.hadoop.hdds.server.OzoneProtocolMessageDispatcher.processRequest(OzoneProtocolMessageDispatcher.java:87) [hdds-server-framework-1.3.0-SNAPSHOT.jar:?]
	at org.apache.hadoop.ozone.protocolPB.OzoneManagerProtocolServerSideTranslatorPB.submitRequest(OzoneManagerProtocolServerSideTranslatorPB.java:147) [ozone-manager-1.3.0-SNAPSHOT.jar:?]
	at org.apache.hadoop.ozone.protocol.proto.OzoneManagerProtocolProtos$OzoneManagerService$2.callBlockingMethod(OzoneManagerProtocolProtos.java) [ozone-interface-client-1.3.0-SNAPSHOT.jar:?]
	at org.apache.hadoop.ipc.ProtobufRpcEngine$Server.processCall(ProtobufRpcEngine.java:466) [hadoop-common-3.3.1.jar:?]
	at org.apache.hadoop.ipc.ProtobufRpcEngine2$Server$ProtoBufRpcInvoker.call(ProtobufRpcEngine2.java:574) [hadoop-common-3.3.1.jar:?]
	at org.apache.hadoop.ipc.ProtobufRpcEngine2$Server$ProtoBufRpcInvoker.call(ProtobufRpcEngine2.java:552) [hadoop-common-3.3.1.jar:?]
	at org.apache.hadoop.ipc.RPC$Server.call(RPC.java:1093) [hadoop-common-3.3.1.jar:?]
	at org.apache.hadoop.ipc.Server$RpcCall.run(Server.java:1035) [hadoop-common-3.3.1.jar:?]
	at org.apache.hadoop.ipc.Server$RpcCall.run(Server.java:963) [hadoop-common-3.3.1.jar:?]
	at java.security.AccessController.doPrivileged(Native Method) ~[?:1.8.0_332]
	at javax.security.auth.Subject.doAs(Subject.java:422) [?:1.8.0_332]
	at org.apache.hadoop.security.UserGroupInformation.doAs(UserGroupInformation.java:1878) [hadoop-common-3.3.1.jar:?]
	at org.apache.hadoop.ipc.Server$Handler.run(Server.java:2966) [hadoop-common-3.3.1.jar:?]
07:24:01.810 [IPC Server handler 10 on default port 38259] ERROR OMAudit - user=runner | ip=127.0.0.1 | op=GET_FILE_STATUS {volume=volume65423, bucket=trashroottest2, key=.Trash/runner, dataSize=0, replicationConfig=null} | ret=FAILURE
org.apache.hadoop.ozone.om.exceptions.OMException: Unable to get file status: volume: volume65423 bucket: trashroottest2 key: .Trash/runner
	at org.apache.hadoop.ozone.om.KeyManagerImpl.getOzoneFileStatus(KeyManagerImpl.java:1311) ~[ozone-manager-1.3.0-SNAPSHOT.jar:?]
	at org.apache.hadoop.ozone.om.KeyManagerImpl.getFileStatus(KeyManagerImpl.java:1241) ~[ozone-manager-1.3.0-SNAPSHOT.jar:?]
	at org.apache.hadoop.ozone.om.OzoneManager.getFileStatus(OzoneManager.java:3419) ~[ozone-manager-1.3.0-SNAPSHOT.jar:?]
	at org.apache.hadoop.ozone.protocolPB.OzoneManagerRequestHandler.getOzoneFileStatus(OzoneManagerRequestHandler.java:871) ~[ozone-manager-1.3.0-SNAPSHOT.jar:?]
	at org.apache.hadoop.ozone.protocolPB.OzoneManagerRequestHandler.handleReadRequest(OzoneManagerRequestHandler.java:217) ~[ozone-manager-1.3.0-SNAPSHOT.jar:?]
	at org.apache.hadoop.ozone.protocolPB.OzoneManagerProtocolServerSideTranslatorPB.submitReadRequestToOM(OzoneManagerProtocolServerSideTranslatorPB.java:226) ~[ozone-manager-1.3.0-SNAPSHOT.jar:?]
	at org.apache.hadoop.ozone.protocolPB.OzoneManagerProtocolServerSideTranslatorPB.processRequest(OzoneManagerProtocolServerSideTranslatorPB.java:175) ~[ozone-manager-1.3.0-SNAPSHOT.jar:?]
	at org.apache.hadoop.hdds.server.OzoneProtocolMessageDispatcher.processRequest(OzoneProtocolMessageDispatcher.java:87) [hdds-server-framework-1.3.0-SNAPSHOT.jar:?]
	at org.apache.hadoop.ozone.protocolPB.OzoneManagerProtocolServerSideTranslatorPB.submitRequest(OzoneManagerProtocolServerSideTranslatorPB.java:147) [ozone-manager-1.3.0-SNAPSHOT.jar:?]
	at org.apache.hadoop.ozone.protocol.proto.OzoneManagerProtocolProtos$OzoneManagerService$2.callBlockingMethod(OzoneManagerProtocolProtos.java) [ozone-interface-client-1.3.0-SNAPSHOT.jar:?]
	at org.apache.hadoop.ipc.ProtobufRpcEngine$Server.processCall(ProtobufRpcEngine.java:466) [hadoop-common-3.3.1.jar:?]
	at org.apache.hadoop.ipc.ProtobufRpcEngine2$Server$ProtoBufRpcInvoker.call(ProtobufRpcEngine2.java:574) [hadoop-common-3.3.1.jar:?]
	at org.apache.hadoop.ipc.ProtobufRpcEngine2$Server$ProtoBufRpcInvoker.call(ProtobufRpcEngine2.java:552) [hadoop-common-3.3.1.jar:?]
	at org.apache.hadoop.ipc.RPC$Server.call(RPC.java:1093) [hadoop-common-3.3.1.jar:?]
	at org.apache.hadoop.ipc.Server$RpcCall.run(Server.java:1035) [hadoop-common-3.3.1.jar:?]
	at org.apache.hadoop.ipc.Server$RpcCall.run(Server.java:963) [hadoop-common-3.3.1.jar:?]
	at java.security.AccessController.doPrivileged(Native Method) ~[?:1.8.0_332]
	at javax.security.auth.Subject.doAs(Subject.java:422) [?:1.8.0_332]
	at org.apache.hadoop.security.UserGroupInformation.doAs(UserGroupInformation.java:1878) [hadoop-common-3.3.1.jar:?]
	at org.apache.hadoop.ipc.Server$Handler.run(Server.java:2966) [hadoop-common-3.3.1.jar:?]
07:24:01.812 [IPC Server handler 6 on default port 38259] ERROR OMAudit - user=runner | ip=127.0.0.1 | op=GET_FILE_STATUS {volume=volume26832, bucket=bucket95604, key=.Trash/runner, dataSize=0, replicationConfig=null} | ret=FAILURE
org.apache.hadoop.ozone.om.exceptions.OMException: Unable to get file status: volume: volume26832 bucket: bucket95604 key: .Trash/runner
	at org.apache.hadoop.ozone.om.KeyManagerImpl.getOzoneFileStatus(KeyManagerImpl.java:1311) ~[ozone-manager-1.3.0-SNAPSHOT.jar:?]
	at org.apache.hadoop.ozone.om.KeyManagerImpl.getFileStatus(KeyManagerImpl.java:1241) ~[ozone-manager-1.3.0-SNAPSHOT.jar:?]
	at org.apache.hadoop.ozone.om.OzoneManager.getFileStatus(OzoneManager.java:3419) ~[ozone-manager-1.3.0-SNAPSHOT.jar:?]
	at org.apache.hadoop.ozone.protocolPB.OzoneManagerRequestHandler.getOzoneFileStatus(OzoneManagerRequestHandler.java:871) ~[ozone-manager-1.3.0-SNAPSHOT.jar:?]
	at org.apache.hadoop.ozone.protocolPB.OzoneManagerRequestHandler.handleReadRequest(OzoneManagerRequestHandler.java:217) ~[ozone-manager-1.3.0-SNAPSHOT.jar:?]
	at org.apache.hadoop.ozone.protocolPB.OzoneManagerProtocolServerSideTranslatorPB.submitReadRequestToOM(OzoneManagerProtocolServerSideTranslatorPB.java:226) ~[ozone-manager-1.3.0-SNAPSHOT.jar:?]
	at org.apache.hadoop.ozone.protocolPB.OzoneManagerProtocolServerSideTranslatorPB.processRequest(OzoneManagerProtocolServerSideTranslatorPB.java:175) ~[ozone-manager-1.3.0-SNAPSHOT.jar:?]
	at org.apache.hadoop.hdds.server.OzoneProtocolMessageDispatcher.processRequest(OzoneProtocolMessageDispatcher.java:87) [hdds-server-framework-1.3.0-SNAPSHOT.jar:?]
	at org.apache.hadoop.ozone.protocolPB.OzoneManagerProtocolServerSideTranslatorPB.submitRequest(OzoneManagerProtocolServerSideTranslatorPB.java:147) [ozone-manager-1.3.0-SNAPSHOT.jar:?]
	at org.apache.hadoop.ozone.protocol.proto.OzoneManagerProtocolProtos$OzoneManagerService$2.callBlockingMethod(OzoneManagerProtocolProtos.java) [ozone-interface-client-1.3.0-SNAPSHOT.jar:?]
	at org.apache.hadoop.ipc.ProtobufRpcEngine$Server.processCall(ProtobufRpcEngine.java:466) [hadoop-common-3.3.1.jar:?]
	at org.apache.hadoop.ipc.ProtobufRpcEngine2$Server$ProtoBufRpcInvoker.call(ProtobufRpcEngine2.java:574) [hadoop-common-3.3.1.jar:?]
	at org.apache.hadoop.ipc.ProtobufRpcEngine2$Server$ProtoBufRpcInvoker.call(ProtobufRpcEngine2.java:552) [hadoop-common-3.3.1.jar:?]
	at org.apache.hadoop.ipc.RPC$Server.call(RPC.java:1093) [hadoop-common-3.3.1.jar:?]
	at org.apache.hadoop.ipc.Server$RpcCall.run(Server.java:1035) [hadoop-common-3.3.1.jar:?]
	at org.apache.hadoop.ipc.Server$RpcCall.run(Server.java:963) [hadoop-common-3.3.1.jar:?]
	at java.security.AccessController.doPrivileged(Native Method) ~[?:1.8.0_332]
	at javax.security.auth.Subject.doAs(Subject.java:422) [?:1.8.0_332]
	at org.apache.hadoop.security.UserGroupInformation.doAs(UserGroupInformation.java:1878) [hadoop-common-3.3.1.jar:?]
	at org.apache.hadoop.ipc.Server$Handler.run(Server.java:2966) [hadoop-common-3.3.1.jar:?]
07:24:01.816 [IPC Server handler 4 on default port 38259] ERROR OMAudit - user=runner | ip=127.0.0.1 | op=GET_FILE_STATUS {volume=14d4a44b-1b2d-4b6d-9485-4f91b9388711, bucket=0e588c4a-90cb-4e8a-a5c5-b0e64fa911e1, key=.Trash, dataSize=0, replicationConfig=null} | ret=FAILURE
org.apache.hadoop.ozone.om.exceptions.OMException: Unable to get file status: volume: 14d4a44b-1b2d-4b6d-9485-4f91b9388711 bucket: 0e588c4a-90cb-4e8a-a5c5-b0e64fa911e1 key: .Trash
	at org.apache.hadoop.ozone.om.KeyManagerImpl.getOzoneFileStatus(KeyManagerImpl.java:1311) ~[ozone-manager-1.3.0-SNAPSHOT.jar:?]
	at org.apache.hadoop.ozone.om.KeyManagerImpl.getFileStatus(KeyManagerImpl.java:1241) ~[ozone-manager-1.3.0-SNAPSHOT.jar:?]
	at org.apache.hadoop.ozone.om.OzoneManager.getFileStatus(OzoneManager.java:3419) ~[ozone-manager-1.3.0-SNAPSHOT.jar:?]
	at org.apache.hadoop.ozone.protocolPB.OzoneManagerRequestHandler.getOzoneFileStatus(OzoneManagerRequestHandler.java:871) ~[ozone-manager-1.3.0-SNAPSHOT.jar:?]
	at org.apache.hadoop.ozone.protocolPB.OzoneManagerRequestHandler.handleReadRequest(OzoneManagerRequestHandler.java:217) ~[ozone-manager-1.3.0-SNAPSHOT.jar:?]
	at org.apache.hadoop.ozone.protocolPB.OzoneManagerProtocolServerSideTranslatorPB.submitReadRequestToOM(OzoneManagerProtocolServerSideTranslatorPB.java:226) ~[ozone-manager-1.3.0-SNAPSHOT.jar:?]
	at org.apache.hadoop.ozone.protocolPB.OzoneManagerProtocolServerSideTranslatorPB.processRequest(OzoneManagerProtocolServerSideTranslatorPB.java:175) ~[ozone-manager-1.3.0-SNAPSHOT.jar:?]
	at org.apache.hadoop.hdds.server.OzoneProtocolMessageDispatcher.processRequest(OzoneProtocolMessageDispatcher.java:87) [hdds-server-framework-1.3.0-SNAPSHOT.jar:?]
	at org.apache.hadoop.ozone.protocolPB.OzoneManagerProtocolServerSideTranslatorPB.submitRequest(OzoneManagerProtocolServerSideTranslatorPB.java:147) [ozone-manager-1.3.0-SNAPSHOT.jar:?]
	at org.apache.hadoop.ozone.protocol.proto.OzoneManagerProtocolProtos$OzoneManagerService$2.callBlockingMethod(OzoneManagerProtocolProtos.java) [ozone-interface-client-1.3.0-SNAPSHOT.jar:?]
	at org.apache.hadoop.ipc.ProtobufRpcEngine$Server.processCall(ProtobufRpcEngine.java:466) [hadoop-common-3.3.1.jar:?]
	at org.apache.hadoop.ipc.ProtobufRpcEngine2$Server$ProtoBufRpcInvoker.call(ProtobufRpcEngine2.java:574) [hadoop-common-3.3.1.jar:?]
	at org.apache.hadoop.ipc.ProtobufRpcEngine2$Server$ProtoBufRpcInvoker.call(ProtobufRpcEngine2.java:552) [hadoop-common-3.3.1.jar:?]
	at org.apache.hadoop.ipc.RPC$Server.call(RPC.java:1093) [hadoop-common-3.3.1.jar:?]
	at org.apache.hadoop.ipc.Server$RpcCall.run(Server.java:1035) [hadoop-common-3.3.1.jar:?]
	at org.apache.hadoop.ipc.Server$RpcCall.run(Server.java:963) [hadoop-common-3.3.1.jar:?]
	at java.security.AccessController.doPrivileged(Native Method) ~[?:1.8.0_332]
	at javax.security.auth.Subject.doAs(Subject.java:422) [?:1.8.0_332]
	at org.apache.hadoop.security.UserGroupInformation.doAs(UserGroupInformation.java:1878) [hadoop-common-3.3.1.jar:?]
	at org.apache.hadoop.ipc.Server$Handler.run(Server.java:2966) [hadoop-common-3.3.1.jar:?]
07:24:01.824 [IPC Server handler 18 on default port 38259] ERROR OMAudit - user=runner | ip=127.0.0.1 | op=GET_FILE_STATUS {volume=volume26832, bucket=bucket95604, key=.Trash, dataSize=0, replicationConfig=null} | ret=FAILURE
org.apache.hadoop.ozone.om.exceptions.OMException: Unable to get file status: volume: volume26832 bucket: bucket95604 key: .Trash
	at org.apache.hadoop.ozone.om.KeyManagerImpl.getOzoneFileStatus(KeyManagerImpl.java:1311) ~[ozone-manager-1.3.0-SNAPSHOT.jar:?]
	at org.apache.hadoop.ozone.om.KeyManagerImpl.getFileStatus(KeyManagerImpl.java:1241) ~[ozone-manager-1.3.0-SNAPSHOT.jar:?]
	at org.apache.hadoop.ozone.om.OzoneManager.getFileStatus(OzoneManager.java:3419) ~[ozone-manager-1.3.0-SNAPSHOT.jar:?]
	at org.apache.hadoop.ozone.protocolPB.OzoneManagerRequestHandler.getOzoneFileStatus(OzoneManagerRequestHandler.java:871) ~[ozone-manager-1.3.0-SNAPSHOT.jar:?]
	at org.apache.hadoop.ozone.protocolPB.OzoneManagerRequestHandler.handleReadRequest(OzoneManagerRequestHandler.java:217) ~[ozone-manager-1.3.0-SNAPSHOT.jar:?]
	at org.apache.hadoop.ozone.protocolPB.OzoneManagerProtocolServerSideTranslatorPB.submitReadRequestToOM(OzoneManagerProtocolServerSideTranslatorPB.java:226) ~[ozone-manager-1.3.0-SNAPSHOT.jar:?]
	at org.apache.hadoop.ozone.protocolPB.OzoneManagerProtocolServerSideTranslatorPB.processRequest(OzoneManagerProtocolServerSideTranslatorPB.java:175) ~[ozone-manager-1.3.0-SNAPSHOT.jar:?]
	at org.apache.hadoop.hdds.server.OzoneProtocolMessageDispatcher.processRequest(OzoneProtocolMessageDispatcher.java:87) [hdds-server-framework-1.3.0-SNAPSHOT.jar:?]
	at org.apache.hadoop.ozone.protocolPB.OzoneManagerProtocolServerSideTranslatorPB.submitRequest(OzoneManagerProtocolServerSideTranslatorPB.java:147) [ozone-manager-1.3.0-SNAPSHOT.jar:?]
	at org.apache.hadoop.ozone.protocol.proto.OzoneManagerProtocolProtos$OzoneManagerService$2.callBlockingMethod(OzoneManagerProtocolProtos.java) [ozone-interface-client-1.3.0-SNAPSHOT.jar:?]
	at org.apache.hadoop.ipc.ProtobufRpcEngine$Server.processCall(ProtobufRpcEngine.java:466) [hadoop-common-3.3.1.jar:?]
	at org.apache.hadoop.ipc.ProtobufRpcEngine2$Server$ProtoBufRpcInvoker.call(ProtobufRpcEngine2.java:574) [hadoop-common-3.3.1.jar:?]
	at org.apache.hadoop.ipc.ProtobufRpcEngine2$Server$ProtoBufRpcInvoker.call(ProtobufRpcEngine2.java:552) [hadoop-common-3.3.1.jar:?]
	at org.apache.hadoop.ipc.RPC$Server.call(RPC.java:1093) [hadoop-common-3.3.1.jar:?]
	at org.apache.hadoop.ipc.Server$RpcCall.run(Server.java:1035) [hadoop-common-3.3.1.jar:?]
	at org.apache.hadoop.ipc.Server$RpcCall.run(Server.java:963) [hadoop-common-3.3.1.jar:?]
	at java.security.AccessController.doPrivileged(Native Method) ~[?:1.8.0_332]
	at javax.security.auth.Subject.doAs(Subject.java:422) [?:1.8.0_332]
	at org.apache.hadoop.security.UserGroupInformation.doAs(UserGroupInformation.java:1878) [hadoop-common-3.3.1.jar:?]
	at org.apache.hadoop.ipc.Server$Handler.run(Server.java:2966) [hadoop-common-3.3.1.jar:?]
07:24:01.830 [IPC Server handler 3 on default port 38259] ERROR OMAudit - user=runner | ip=127.0.0.1 | op=GET_FILE_STATUS {volume=volume65423, bucket=trashroottest2, key=.Trash, dataSize=0, replicationConfig=null} | ret=FAILURE
org.apache.hadoop.ozone.om.exceptions.OMException: Unable to get file status: volume: volume65423 bucket: trashroottest2 key: .Trash
	at org.apache.hadoop.ozone.om.KeyManagerImpl.getOzoneFileStatus(KeyManagerImpl.java:1311) ~[ozone-manager-1.3.0-SNAPSHOT.jar:?]
	at org.apache.hadoop.ozone.om.KeyManagerImpl.getFileStatus(KeyManagerImpl.java:1241) ~[ozone-manager-1.3.0-SNAPSHOT.jar:?]
	at org.apache.hadoop.ozone.om.OzoneManager.getFileStatus(OzoneManager.java:3419) ~[ozone-manager-1.3.0-SNAPSHOT.jar:?]
	at org.apache.hadoop.ozone.protocolPB.OzoneManagerRequestHandler.getOzoneFileStatus(OzoneManagerRequestHandler.java:871) ~[ozone-manager-1.3.0-SNAPSHOT.jar:?]
	at org.apache.hadoop.ozone.protocolPB.OzoneManagerRequestHandler.handleReadRequest(OzoneManagerRequestHandler.java:217) ~[ozone-manager-1.3.0-SNAPSHOT.jar:?]
	at org.apache.hadoop.ozone.protocolPB.OzoneManagerProtocolServerSideTranslatorPB.submitReadRequestToOM(OzoneManagerProtocolServerSideTranslatorPB.java:226) ~[ozone-manager-1.3.0-SNAPSHOT.jar:?]
	at org.apache.hadoop.ozone.protocolPB.OzoneManagerProtocolServerSideTranslatorPB.processRequest(OzoneManagerProtocolServerSideTranslatorPB.java:175) ~[ozone-manager-1.3.0-SNAPSHOT.jar:?]
	at org.apache.hadoop.hdds.server.OzoneProtocolMessageDispatcher.processRequest(OzoneProtocolMessageDispatcher.java:87) [hdds-server-framework-1.3.0-SNAPSHOT.jar:?]
	at org.apache.hadoop.ozone.protocolPB.OzoneManagerProtocolServerSideTranslatorPB.submitRequest(OzoneManagerProtocolServerSideTranslatorPB.java:147) [ozone-manager-1.3.0-SNAPSHOT.jar:?]
	at org.apache.hadoop.ozone.protocol.proto.OzoneManagerProtocolProtos$OzoneManagerService$2.callBlockingMethod(OzoneManagerProtocolProtos.java) [ozone-interface-client-1.3.0-SNAPSHOT.jar:?]
	at org.apache.hadoop.ipc.ProtobufRpcEngine$Server.processCall(ProtobufRpcEngine.java:466) [hadoop-common-3.3.1.jar:?]
	at org.apache.hadoop.ipc.ProtobufRpcEngine2$Server$ProtoBufRpcInvoker.call(ProtobufRpcEngine2.java:574) [hadoop-common-3.3.1.jar:?]
	at org.apache.hadoop.ipc.ProtobufRpcEngine2$Server$ProtoBufRpcInvoker.call(ProtobufRpcEngine2.java:552) [hadoop-common-3.3.1.jar:?]
	at org.apache.hadoop.ipc.RPC$Server.call(RPC.java:1093) [hadoop-common-3.3.1.jar:?]
	at org.apache.hadoop.ipc.Server$RpcCall.run(Server.java:1035) [hadoop-common-3.3.1.jar:?]
	at org.apache.hadoop.ipc.Server$RpcCall.run(Server.java:963) [hadoop-common-3.3.1.jar:?]
	at java.security.AccessController.doPrivileged(Native Method) ~[?:1.8.0_332]
	at javax.security.auth.Subject.doAs(Subject.java:422) [?:1.8.0_332]
	at org.apache.hadoop.security.UserGroupInformation.doAs(UserGroupInformation.java:1878) [hadoop-common-3.3.1.jar:?]
	at org.apache.hadoop.ipc.Server$Handler.run(Server.java:2966) [hadoop-common-3.3.1.jar:?]
07:24:01.865 [IPC Server handler 11 on default port 38259] ERROR OMAudit - user=runner | ip=127.0.0.1 | op=GET_FILE_STATUS {volume=volume65423, bucket=trashroottest2, key=.Trash/runner, dataSize=0, replicationConfig=null} | ret=FAILURE
org.apache.hadoop.ozone.om.exceptions.OMException: Unable to get file status: volume: volume65423 bucket: trashroottest2 key: .Trash/runner
	at org.apache.hadoop.ozone.om.KeyManagerImpl.getOzoneFileStatus(KeyManagerImpl.java:1311) ~[ozone-manager-1.3.0-SNAPSHOT.jar:?]
	at org.apache.hadoop.ozone.om.KeyManagerImpl.getFileStatus(KeyManagerImpl.java:1241) ~[ozone-manager-1.3.0-SNAPSHOT.jar:?]
	at org.apache.hadoop.ozone.om.OzoneManager.getFileStatus(OzoneManager.java:3419) ~[ozone-manager-1.3.0-SNAPSHOT.jar:?]
	at org.apache.hadoop.ozone.protocolPB.OzoneManagerRequestHandler.getOzoneFileStatus(OzoneManagerRequestHandler.java:871) ~[ozone-manager-1.3.0-SNAPSHOT.jar:?]
	at org.apache.hadoop.ozone.protocolPB.OzoneManagerRequestHandler.handleReadRequest(OzoneManagerRequestHandler.java:217) ~[ozone-manager-1.3.0-SNAPSHOT.jar:?]
	at org.apache.hadoop.ozone.protocolPB.OzoneManagerProtocolServerSideTranslatorPB.submitReadRequestToOM(OzoneManagerProtocolServerSideTranslatorPB.java:226) ~[ozone-manager-1.3.0-SNAPSHOT.jar:?]
	at org.apache.hadoop.ozone.protocolPB.OzoneManagerProtocolServerSideTranslatorPB.processRequest(OzoneManagerProtocolServerSideTranslatorPB.java:175) ~[ozone-manager-1.3.0-SNAPSHOT.jar:?]
	at org.apache.hadoop.hdds.server.OzoneProtocolMessageDispatcher.processRequest(OzoneProtocolMessageDispatcher.java:87) [hdds-server-framework-1.3.0-SNAPSHOT.jar:?]
	at org.apache.hadoop.ozone.protocolPB.OzoneManagerProtocolServerSideTranslatorPB.submitRequest(OzoneManagerProtocolServerSideTranslatorPB.java:147) [ozone-manager-1.3.0-SNAPSHOT.jar:?]
	at org.apache.hadoop.ozone.protocol.proto.OzoneManagerProtocolProtos$OzoneManagerService$2.callBlockingMethod(OzoneManagerProtocolProtos.java) [ozone-interface-client-1.3.0-SNAPSHOT.jar:?]
	at org.apache.hadoop.ipc.ProtobufRpcEngine$Server.processCall(ProtobufRpcEngine.java:466) [hadoop-common-3.3.1.jar:?]
	at org.apache.hadoop.ipc.ProtobufRpcEngine2$Server$ProtoBufRpcInvoker.call(ProtobufRpcEngine2.java:574) [hadoop-common-3.3.1.jar:?]
	at org.apache.hadoop.ipc.ProtobufRpcEngine2$Server$ProtoBufRpcInvoker.call(ProtobufRpcEngine2.java:552) [hadoop-common-3.3.1.jar:?]
	at org.apache.hadoop.ipc.RPC$Server.call(RPC.java:1093) [hadoop-common-3.3.1.jar:?]
	at org.apache.hadoop.ipc.Server$RpcCall.run(Server.java:1035) [hadoop-common-3.3.1.jar:?]
	at org.apache.hadoop.ipc.Server$RpcCall.run(Server.java:963) [hadoop-common-3.3.1.jar:?]
	at java.security.AccessController.doPrivileged(Native Method) ~[?:1.8.0_332]
	at javax.security.auth.Subject.doAs(Subject.java:422) [?:1.8.0_332]
	at org.apache.hadoop.security.UserGroupInformation.doAs(UserGroupInformation.java:1878) [hadoop-common-3.3.1.jar:?]
	at org.apache.hadoop.ipc.Server$Handler.run(Server.java:2966) [hadoop-common-3.3.1.jar:?]
07:24:01.881 [IPC Server handler 16 on default port 38259] ERROR OMAudit - user=runner | ip=127.0.0.1 | op=GET_FILE_STATUS {volume=volume26832, bucket=bucket95604, key=.Trash/runner, dataSize=0, replicationConfig=null} | ret=FAILURE
org.apache.hadoop.ozone.om.exceptions.OMException: Unable to get file status: volume: volume26832 bucket: bucket95604 key: .Trash/runner
	at org.apache.hadoop.ozone.om.KeyManagerImpl.getOzoneFileStatus(KeyManagerImpl.java:1311) ~[ozone-manager-1.3.0-SNAPSHOT.jar:?]
	at org.apache.hadoop.ozone.om.KeyManagerImpl.getFileStatus(KeyManagerImpl.java:1241) ~[ozone-manager-1.3.0-SNAPSHOT.jar:?]
	at org.apache.hadoop.ozone.om.OzoneManager.getFileStatus(OzoneManager.java:3419) ~[ozone-manager-1.3.0-SNAPSHOT.jar:?]
	at org.apache.hadoop.ozone.protocolPB.OzoneManagerRequestHandler.getOzoneFileStatus(OzoneManagerRequestHandler.java:871) ~[ozone-manager-1.3.0-SNAPSHOT.jar:?]
	at org.apache.hadoop.ozone.protocolPB.OzoneManagerRequestHandler.handleReadRequest(OzoneManagerRequestHandler.java:217) ~[ozone-manager-1.3.0-SNAPSHOT.jar:?]
	at org.apache.hadoop.ozone.protocolPB.OzoneManagerProtocolServerSideTranslatorPB.submitReadRequestToOM(OzoneManagerProtocolServerSideTranslatorPB.java:226) ~[ozone-manager-1.3.0-SNAPSHOT.jar:?]
	at org.apache.hadoop.ozone.protocolPB.OzoneManagerProtocolServerSideTranslatorPB.processRequest(OzoneManagerProtocolServerSideTranslatorPB.java:175) ~[ozone-manager-1.3.0-SNAPSHOT.jar:?]
	at org.apache.hadoop.hdds.server.OzoneProtocolMessageDispatcher.processRequest(OzoneProtocolMessageDispatcher.java:87) [hdds-server-framework-1.3.0-SNAPSHOT.jar:?]
	at org.apache.hadoop.ozone.protocolPB.OzoneManagerProtocolServerSideTranslatorPB.submitRequest(OzoneManagerProtocolServerSideTranslatorPB.java:147) [ozone-manager-1.3.0-SNAPSHOT.jar:?]
	at org.apache.hadoop.ozone.protocol.proto.OzoneManagerProtocolProtos$OzoneManagerService$2.callBlockingMethod(OzoneManagerProtocolProtos.java) [ozone-interface-client-1.3.0-SNAPSHOT.jar:?]
	at org.apache.hadoop.ipc.ProtobufRpcEngine$Server.processCall(ProtobufRpcEngine.java:466) [hadoop-common-3.3.1.jar:?]
	at org.apache.hadoop.ipc.ProtobufRpcEngine2$Server$ProtoBufRpcInvoker.call(ProtobufRpcEngine2.java:574) [hadoop-common-3.3.1.jar:?]
	at org.apache.hadoop.ipc.ProtobufRpcEngine2$Server$ProtoBufRpcInvoker.call(ProtobufRpcEngine2.java:552) [hadoop-common-3.3.1.jar:?]
	at org.apache.hadoop.ipc.RPC$Server.call(RPC.java:1093) [hadoop-common-3.3.1.jar:?]
	at org.apache.hadoop.ipc.Server$RpcCall.run(Server.java:1035) [hadoop-common-3.3.1.jar:?]
	at org.apache.hadoop.ipc.Server$RpcCall.run(Server.java:963) [hadoop-common-3.3.1.jar:?]
	at java.security.AccessController.doPrivileged(Native Method) ~[?:1.8.0_332]
	at javax.security.auth.Subject.doAs(Subject.java:422) [?:1.8.0_332]
	at org.apache.hadoop.security.UserGroupInformation.doAs(UserGroupInformation.java:1878) [hadoop-common-3.3.1.jar:?]
	at org.apache.hadoop.ipc.Server$Handler.run(Server.java:2966) [hadoop-common-3.3.1.jar:?]
07:24:01.892 [IPC Server handler 0 on default port 38259] ERROR OMAudit - user=runner | ip=127.0.0.1 | op=GET_FILE_STATUS {volume=14d4a44b-1b2d-4b6d-9485-4f91b9388711, bucket=0e588c4a-90cb-4e8a-a5c5-b0e64fa911e1, key=.Trash, dataSize=0, replicationConfig=null} | ret=FAILURE
org.apache.hadoop.ozone.om.exceptions.OMException: Unable to get file status: volume: 14d4a44b-1b2d-4b6d-9485-4f91b9388711 bucket: 0e588c4a-90cb-4e8a-a5c5-b0e64fa911e1 key: .Trash
	at org.apache.hadoop.ozone.om.KeyManagerImpl.getOzoneFileStatus(KeyManagerImpl.java:1311) ~[ozone-manager-1.3.0-SNAPSHOT.jar:?]
	at org.apache.hadoop.ozone.om.KeyManagerImpl.getFileStatus(KeyManagerImpl.java:1241) ~[ozone-manager-1.3.0-SNAPSHOT.jar:?]
	at org.apache.hadoop.ozone.om.OzoneManager.getFileStatus(OzoneManager.java:3419) ~[ozone-manager-1.3.0-SNAPSHOT.jar:?]
	at org.apache.hadoop.ozone.protocolPB.OzoneManagerRequestHandler.getOzoneFileStatus(OzoneManagerRequestHandler.java:871) ~[ozone-manager-1.3.0-SNAPSHOT.jar:?]
	at org.apache.hadoop.ozone.protocolPB.OzoneManagerRequestHandler.handleReadRequest(OzoneManagerRequestHandler.java:217) ~[ozone-manager-1.3.0-SNAPSHOT.jar:?]
	at org.apache.hadoop.ozone.protocolPB.OzoneManagerProtocolServerSideTranslatorPB.submitReadRequestToOM(OzoneManagerProtocolServerSideTranslatorPB.java:226) ~[ozone-manager-1.3.0-SNAPSHOT.jar:?]
	at org.apache.hadoop.ozone.protocolPB.OzoneManagerProtocolServerSideTranslatorPB.processRequest(OzoneManagerProtocolServerSideTranslatorPB.java:175) ~[ozone-manager-1.3.0-SNAPSHOT.jar:?]
	at org.apache.hadoop.hdds.server.OzoneProtocolMessageDispatcher.processRequest(OzoneProtocolMessageDispatcher.java:87) [hdds-server-framework-1.3.0-SNAPSHOT.jar:?]
	at org.apache.hadoop.ozone.protocolPB.OzoneManagerProtocolServerSideTranslatorPB.submitRequest(OzoneManagerProtocolServerSideTranslatorPB.java:147) [ozone-manager-1.3.0-SNAPSHOT.jar:?]
	at org.apache.hadoop.ozone.protocol.proto.OzoneManagerProtocolProtos$OzoneManagerService$2.callBlockingMethod(OzoneManagerProtocolProtos.java) [ozone-interface-client-1.3.0-SNAPSHOT.jar:?]
	at org.apache.hadoop.ipc.ProtobufRpcEngine$Server.processCall(ProtobufRpcEngine.java:466) [hadoop-common-3.3.1.jar:?]
	at org.apache.hadoop.ipc.ProtobufRpcEngine2$Server$ProtoBufRpcInvoker.call(ProtobufRpcEngine2.java:574) [hadoop-common-3.3.1.jar:?]
	at org.apache.hadoop.ipc.ProtobufRpcEngine2$Server$ProtoBufRpcInvoker.call(ProtobufRpcEngine2.java:552) [hadoop-common-3.3.1.jar:?]
	at org.apache.hadoop.ipc.RPC$Server.call(RPC.java:1093) [hadoop-common-3.3.1.jar:?]
	at org.apache.hadoop.ipc.Server$RpcCall.run(Server.java:1035) [hadoop-common-3.3.1.jar:?]
	at org.apache.hadoop.ipc.Server$RpcCall.run(Server.java:963) [hadoop-common-3.3.1.jar:?]
	at java.security.AccessController.doPrivileged(Native Method) ~[?:1.8.0_332]
	at javax.security.auth.Subject.doAs(Subject.java:422) [?:1.8.0_332]
	at org.apache.hadoop.security.UserGroupInformation.doAs(UserGroupInformation.java:1878) [hadoop-common-3.3.1.jar:?]
	at org.apache.hadoop.ipc.Server$Handler.run(Server.java:2966) [hadoop-common-3.3.1.jar:?]
07:24:01.898 [IPC Server handler 3 on default port 38259] ERROR OMAudit - user=runner | ip=127.0.0.1 | op=GET_FILE_STATUS {volume=volume26832, bucket=bucket95604, key=.Trash, dataSize=0, replicationConfig=null} | ret=FAILURE
org.apache.hadoop.ozone.om.exceptions.OMException: Unable to get file status: volume: volume26832 bucket: bucket95604 key: .Trash
	at org.apache.hadoop.ozone.om.KeyManagerImpl.getOzoneFileStatus(KeyManagerImpl.java:1311) ~[ozone-manager-1.3.0-SNAPSHOT.jar:?]
	at org.apache.hadoop.ozone.om.KeyManagerImpl.getFileStatus(KeyManagerImpl.java:1241) ~[ozone-manager-1.3.0-SNAPSHOT.jar:?]
	at org.apache.hadoop.ozone.om.OzoneManager.getFileStatus(OzoneManager.java:3419) ~[ozone-manager-1.3.0-SNAPSHOT.jar:?]
	at org.apache.hadoop.ozone.protocolPB.OzoneManagerRequestHandler.getOzoneFileStatus(OzoneManagerRequestHandler.java:871) ~[ozone-manager-1.3.0-SNAPSHOT.jar:?]
	at org.apache.hadoop.ozone.protocolPB.OzoneManagerRequestHandler.handleReadRequest(OzoneManagerRequestHandler.java:217) ~[ozone-manager-1.3.0-SNAPSHOT.jar:?]
	at org.apache.hadoop.ozone.protocolPB.OzoneManagerProtocolServerSideTranslatorPB.submitReadRequestToOM(OzoneManagerProtocolServerSideTranslatorPB.java:226) ~[ozone-manager-1.3.0-SNAPSHOT.jar:?]
	at org.apache.hadoop.ozone.protocolPB.OzoneManagerProtocolServerSideTranslatorPB.processRequest(OzoneManagerProtocolServerSideTranslatorPB.java:175) ~[ozone-manager-1.3.0-SNAPSHOT.jar:?]
	at org.apache.hadoop.hdds.server.OzoneProtocolMessageDispatcher.processRequest(OzoneProtocolMessageDispatcher.java:87) [hdds-server-framework-1.3.0-SNAPSHOT.jar:?]
	at org.apache.hadoop.ozone.protocolPB.OzoneManagerProtocolServerSideTranslatorPB.submitRequest(OzoneManagerProtocolServerSideTranslatorPB.java:147) [ozone-manager-1.3.0-SNAPSHOT.jar:?]
	at org.apache.hadoop.ozone.protocol.proto.OzoneManagerProtocolProtos$OzoneManagerService$2.callBlockingMethod(OzoneManagerProtocolProtos.java) [ozone-interface-client-1.3.0-SNAPSHOT.jar:?]
	at org.apache.hadoop.ipc.ProtobufRpcEngine$Server.processCall(ProtobufRpcEngine.java:466) [hadoop-common-3.3.1.jar:?]
	at org.apache.hadoop.ipc.ProtobufRpcEngine2$Server$ProtoBufRpcInvoker.call(ProtobufRpcEngine2.java:574) [hadoop-common-3.3.1.jar:?]
	at org.apache.hadoop.ipc.ProtobufRpcEngine2$Server$ProtoBufRpcInvoker.call(ProtobufRpcEngine2.java:552) [hadoop-common-3.3.1.jar:?]
	at org.apache.hadoop.ipc.RPC$Server.call(RPC.java:1093) [hadoop-common-3.3.1.jar:?]
	at org.apache.hadoop.ipc.Server$RpcCall.run(Server.java:1035) [hadoop-common-3.3.1.jar:?]
	at org.apache.hadoop.ipc.Server$RpcCall.run(Server.java:963) [hadoop-common-3.3.1.jar:?]
	at java.security.AccessController.doPrivileged(Native Method) ~[?:1.8.0_332]
	at javax.security.auth.Subject.doAs(Subject.java:422) [?:1.8.0_332]
	at org.apache.hadoop.security.UserGroupInformation.doAs(UserGroupInformation.java:1878) [hadoop-common-3.3.1.jar:?]
	at org.apache.hadoop.ipc.Server$Handler.run(Server.java:2966) [hadoop-common-3.3.1.jar:?]
07:24:01.908 [IPC Server handler 15 on default port 38259] ERROR OMAudit - user=runner | ip=127.0.0.1 | op=GET_FILE_STATUS {volume=volume65423, bucket=trashroottest2, key=.Trash, dataSize=0, replicationConfig=null} | ret=FAILURE
org.apache.hadoop.ozone.om.exceptions.OMException: Unable to get file status: volume: volume65423 bucket: trashroottest2 key: .Trash
	at org.apache.hadoop.ozone.om.KeyManagerImpl.getOzoneFileStatus(KeyManagerImpl.java:1311) ~[ozone-manager-1.3.0-SNAPSHOT.jar:?]
	at org.apache.hadoop.ozone.om.KeyManagerImpl.getFileStatus(KeyManagerImpl.java:1241) ~[ozone-manager-1.3.0-SNAPSHOT.jar:?]
	at org.apache.hadoop.ozone.om.OzoneManager.getFileStatus(OzoneManager.java:3419) ~[ozone-manager-1.3.0-SNAPSHOT.jar:?]
	at org.apache.hadoop.ozone.protocolPB.OzoneManagerRequestHandler.getOzoneFileStatus(OzoneManagerRequestHandler.java:871) ~[ozone-manager-1.3.0-SNAPSHOT.jar:?]
	at org.apache.hadoop.ozone.protocolPB.OzoneManagerRequestHandler.handleReadRequest(OzoneManagerRequestHandler.java:217) ~[ozone-manager-1.3.0-SNAPSHOT.jar:?]
	at org.apache.hadoop.ozone.protocolPB.OzoneManagerProtocolServerSideTranslatorPB.submitReadRequestToOM(OzoneManagerProtocolServerSideTranslatorPB.java:226) ~[ozone-manager-1.3.0-SNAPSHOT.jar:?]
	at org.apache.hadoop.ozone.protocolPB.OzoneManagerProtocolServerSideTranslatorPB.processRequest(OzoneManagerProtocolServerSideTranslatorPB.java:175) ~[ozone-manager-1.3.0-SNAPSHOT.jar:?]
	at org.apache.hadoop.hdds.server.OzoneProtocolMessageDispatcher.processRequest(OzoneProtocolMessageDispatcher.java:87) [hdds-server-framework-1.3.0-SNAPSHOT.jar:?]
	at org.apache.hadoop.ozone.protocolPB.OzoneManagerProtocolServerSideTranslatorPB.submitRequest(OzoneManagerProtocolServerSideTranslatorPB.java:147) [ozone-manager-1.3.0-SNAPSHOT.jar:?]
	at org.apache.hadoop.ozone.protocol.proto.OzoneManagerProtocolProtos$OzoneManagerService$2.callBlockingMethod(OzoneManagerProtocolProtos.java) [ozone-interface-client-1.3.0-SNAPSHOT.jar:?]
	at org.apache.hadoop.ipc.ProtobufRpcEngine$Server.processCall(ProtobufRpcEngine.java:466) [hadoop-common-3.3.1.jar:?]
	at org.apache.hadoop.ipc.ProtobufRpcEngine2$Server$ProtoBufRpcInvoker.call(ProtobufRpcEngine2.java:574) [hadoop-common-3.3.1.jar:?]
	at org.apache.hadoop.ipc.ProtobufRpcEngine2$Server$ProtoBufRpcInvoker.call(ProtobufRpcEngine2.java:552) [hadoop-common-3.3.1.jar:?]
	at org.apache.hadoop.ipc.RPC$Server.call(RPC.java:1093) [hadoop-common-3.3.1.jar:?]
	at org.apache.hadoop.ipc.Server$RpcCall.run(Server.java:1035) [hadoop-common-3.3.1.jar:?]
	at org.apache.hadoop.ipc.Server$RpcCall.run(Server.java:963) [hadoop-common-3.3.1.jar:?]
	at java.security.AccessController.doPrivileged(Native Method) ~[?:1.8.0_332]
	at javax.security.auth.Subject.doAs(Subject.java:422) [?:1.8.0_332]
	at org.apache.hadoop.security.UserGroupInformation.doAs(UserGroupInformation.java:1878) [hadoop-common-3.3.1.jar:?]
	at org.apache.hadoop.ipc.Server$Handler.run(Server.java:2966) [hadoop-common-3.3.1.jar:?]
07:24:01.963 [IPC Server handler 12 on default port 38259] ERROR OMAudit - user=runner | ip=127.0.0.1 | op=GET_FILE_STATUS {volume=volume65423, bucket=bucket47141, key=.Trash/runner, dataSize=0, replicationConfig=null} | ret=FAILURE
org.apache.hadoop.ozone.om.exceptions.OMException: Unable to get file status: volume: volume65423 bucket: bucket47141 key: .Trash/runner
	at org.apache.hadoop.ozone.om.KeyManagerImpl.getOzoneFileStatus(KeyManagerImpl.java:1311) ~[ozone-manager-1.3.0-SNAPSHOT.jar:?]
	at org.apache.hadoop.ozone.om.KeyManagerImpl.getFileStatus(KeyManagerImpl.java:1241) ~[ozone-manager-1.3.0-SNAPSHOT.jar:?]
	at org.apache.hadoop.ozone.om.OzoneManager.getFileStatus(OzoneManager.java:3419) ~[ozone-manager-1.3.0-SNAPSHOT.jar:?]
	at org.apache.hadoop.ozone.protocolPB.OzoneManagerRequestHandler.getOzoneFileStatus(OzoneManagerRequestHandler.java:871) ~[ozone-manager-1.3.0-SNAPSHOT.jar:?]
	at org.apache.hadoop.ozone.protocolPB.OzoneManagerRequestHandler.handleReadRequest(OzoneManagerRequestHandler.java:217) ~[ozone-manager-1.3.0-SNAPSHOT.jar:?]
	at org.apache.hadoop.ozone.protocolPB.OzoneManagerProtocolServerSideTranslatorPB.submitReadRequestToOM(OzoneManagerProtocolServerSideTranslatorPB.java:226) ~[ozone-manager-1.3.0-SNAPSHOT.jar:?]
	at org.apache.hadoop.ozone.protocolPB.OzoneManagerProtocolServerSideTranslatorPB.processRequest(OzoneManagerProtocolServerSideTranslatorPB.java:175) ~[ozone-manager-1.3.0-SNAPSHOT.jar:?]
	at org.apache.hadoop.hdds.server.OzoneProtocolMessageDispatcher.processRequest(OzoneProtocolMessageDispatcher.java:87) [hdds-server-framework-1.3.0-SNAPSHOT.jar:?]
	at org.apache.hadoop.ozone.protocolPB.OzoneManagerProtocolServerSideTranslatorPB.submitRequest(OzoneManagerProtocolServerSideTranslatorPB.java:147) [ozone-manager-1.3.0-SNAPSHOT.jar:?]
	at org.apache.hadoop.ozone.protocol.proto.OzoneManagerProtocolProtos$OzoneManagerService$2.callBlockingMethod(OzoneManagerProtocolProtos.java) [ozone-interface-client-1.3.0-SNAPSHOT.jar:?]
	at org.apache.hadoop.ipc.ProtobufRpcEngine$Server.processCall(ProtobufRpcEngine.java:466) [hadoop-common-3.3.1.jar:?]
	at org.apache.hadoop.ipc.ProtobufRpcEngine2$Server$ProtoBufRpcInvoker.call(ProtobufRpcEngine2.java:574) [hadoop-common-3.3.1.jar:?]
	at org.apache.hadoop.ipc.ProtobufRpcEngine2$Server$ProtoBufRpcInvoker.call(ProtobufRpcEngine2.java:552) [hadoop-common-3.3.1.jar:?]
	at org.apache.hadoop.ipc.RPC$Server.call(RPC.java:1093) [hadoop-common-3.3.1.jar:?]
	at org.apache.hadoop.ipc.Server$RpcCall.run(Server.java:1035) [hadoop-common-3.3.1.jar:?]
	at org.apache.hadoop.ipc.Server$RpcCall.run(Server.java:963) [hadoop-common-3.3.1.jar:?]
	at java.security.AccessController.doPrivileged(Native Method) ~[?:1.8.0_332]
	at javax.security.auth.Subject.doAs(Subject.java:422) [?:1.8.0_332]
	at org.apache.hadoop.security.UserGroupInformation.doAs(UserGroupInformation.java:1878) [hadoop-common-3.3.1.jar:?]
	at org.apache.hadoop.ipc.Server$Handler.run(Server.java:2966) [hadoop-common-3.3.1.jar:?]
07:24:01.967 [IPC Server handler 5 on default port 38259] ERROR OMAudit - user=runner | ip=127.0.0.1 | op=GET_FILE_STATUS {volume=14d4a44b-1b2d-4b6d-9485-4f91b9388711, bucket=0e588c4a-90cb-4e8a-a5c5-b0e64fa911e1, key=.Trash, dataSize=0, replicationConfig=null} | ret=FAILURE
org.apache.hadoop.ozone.om.exceptions.OMException: Unable to get file status: volume: 14d4a44b-1b2d-4b6d-9485-4f91b9388711 bucket: 0e588c4a-90cb-4e8a-a5c5-b0e64fa911e1 key: .Trash
	at org.apache.hadoop.ozone.om.KeyManagerImpl.getOzoneFileStatus(KeyManagerImpl.java:1311) ~[ozone-manager-1.3.0-SNAPSHOT.jar:?]
	at org.apache.hadoop.ozone.om.KeyManagerImpl.getFileStatus(KeyManagerImpl.java:1241) ~[ozone-manager-1.3.0-SNAPSHOT.jar:?]
	at org.apache.hadoop.ozone.om.OzoneManager.getFileStatus(OzoneManager.java:3419) ~[ozone-manager-1.3.0-SNAPSHOT.jar:?]
	at org.apache.hadoop.ozone.protocolPB.OzoneManagerRequestHandler.getOzoneFileStatus(OzoneManagerRequestHandler.java:871) ~[ozone-manager-1.3.0-SNAPSHOT.jar:?]
	at org.apache.hadoop.ozone.protocolPB.OzoneManagerRequestHandler.handleReadRequest(OzoneManagerRequestHandler.java:217) ~[ozone-manager-1.3.0-SNAPSHOT.jar:?]
	at org.apache.hadoop.ozone.protocolPB.OzoneManagerProtocolServerSideTranslatorPB.submitReadRequestToOM(OzoneManagerProtocolServerSideTranslatorPB.java:226) ~[ozone-manager-1.3.0-SNAPSHOT.jar:?]
	at org.apache.hadoop.ozone.protocolPB.OzoneManagerProtocolServerSideTranslatorPB.processRequest(OzoneManagerProtocolServerSideTranslatorPB.java:175) ~[ozone-manager-1.3.0-SNAPSHOT.jar:?]
	at org.apache.hadoop.hdds.server.OzoneProtocolMessageDispatcher.processRequest(OzoneProtocolMessageDispatcher.java:87) [hdds-server-framework-1.3.0-SNAPSHOT.jar:?]
	at org.apache.hadoop.ozone.protocolPB.OzoneManagerProtocolServerSideTranslatorPB.submitRequest(OzoneManagerProtocolServerSideTranslatorPB.java:147) [ozone-manager-1.3.0-SNAPSHOT.jar:?]
	at org.apache.hadoop.ozone.protocol.proto.OzoneManagerProtocolProtos$OzoneManagerService$2.callBlockingMethod(OzoneManagerProtocolProtos.java) [ozone-interface-client-1.3.0-SNAPSHOT.jar:?]
	at org.apache.hadoop.ipc.ProtobufRpcEngine$Server.processCall(ProtobufRpcEngine.java:466) [hadoop-common-3.3.1.jar:?]
	at org.apache.hadoop.ipc.ProtobufRpcEngine2$Server$ProtoBufRpcInvoker.call(ProtobufRpcEngine2.java:574) [hadoop-common-3.3.1.jar:?]
	at org.apache.hadoop.ipc.ProtobufRpcEngine2$Server$ProtoBufRpcInvoker.call(ProtobufRpcEngine2.java:552) [hadoop-common-3.3.1.jar:?]
	at org.apache.hadoop.ipc.RPC$Server.call(RPC.java:1093) [hadoop-common-3.3.1.jar:?]
	at org.apache.hadoop.ipc.Server$RpcCall.run(Server.java:1035) [hadoop-common-3.3.1.jar:?]
	at org.apache.hadoop.ipc.Server$RpcCall.run(Server.java:963) [hadoop-common-3.3.1.jar:?]
	at java.security.AccessController.doPrivileged(Native Method) ~[?:1.8.0_332]
	at javax.security.auth.Subject.doAs(Subject.java:422) [?:1.8.0_332]
	at org.apache.hadoop.security.UserGroupInformation.doAs(UserGroupInformation.java:1878) [hadoop-common-3.3.1.jar:?]
	at org.apache.hadoop.ipc.Server$Handler.run(Server.java:2966) [hadoop-common-3.3.1.jar:?]
]]></system-out>
  </testcase>
  <testcase name="testGetTrashRoots" classname="TestRootedOzoneFileSystem" time="1.415">
    <system-out><![CDATA[2022-07-02 07:25:31,731 [Time-limited test] INFO  rpc.RpcClient (RpcClient.java:createVolume(466)) - Creating Volume: volume79544, with user72512 as owner and space quota set to -1 bytes, counts quota set to -1
2022-07-02 07:25:31,732 [IPC Server handler 2 on default port 43657] INFO  volume.OMVolumeCreateRequest (OMVolumeCreateRequest.java:validateAndUpdateCache(195)) - created volume:volume79544 for user:user72512
2022-07-02 07:25:31,734 [Time-limited test] INFO  rpc.RpcClient (RpcClient.java:createBucket(669)) - Creating Bucket: volume79544/bucket27491, with bucket layout LEGACY, runner as owner, Versioning false, Storage Type set to DISK and Encryption set to false 
2022-07-02 07:25:31,735 [IPC Server handler 0 on default port 43657] INFO  bucket.OMBucketCreateRequest (OMBucketCreateRequest.java:validateAndUpdateCache(260)) - created bucket: bucket27491 of layout LEGACY in volume: volume79544
07:25:31.738 [IPC Server handler 5 on default port 43657] ERROR OMAudit - user=runner | ip=127.0.0.1 | op=GET_FILE_STATUS {volume=volume79544, bucket=bucket27491, key=.Trash/runner, dataSize=0, replicationConfig=null} | ret=FAILURE
org.apache.hadoop.ozone.om.exceptions.OMException: Unable to get file status: volume: volume79544 bucket: bucket27491 key: .Trash/runner
	at org.apache.hadoop.ozone.om.KeyManagerImpl.getOzoneFileStatus(KeyManagerImpl.java:1311) ~[ozone-manager-1.3.0-SNAPSHOT.jar:?]
	at org.apache.hadoop.ozone.om.KeyManagerImpl.getFileStatus(KeyManagerImpl.java:1241) ~[ozone-manager-1.3.0-SNAPSHOT.jar:?]
	at org.apache.hadoop.ozone.om.OzoneManager.getFileStatus(OzoneManager.java:3419) ~[ozone-manager-1.3.0-SNAPSHOT.jar:?]
	at org.apache.hadoop.ozone.protocolPB.OzoneManagerRequestHandler.getOzoneFileStatus(OzoneManagerRequestHandler.java:871) ~[ozone-manager-1.3.0-SNAPSHOT.jar:?]
	at org.apache.hadoop.ozone.protocolPB.OzoneManagerRequestHandler.handleReadRequest(OzoneManagerRequestHandler.java:217) ~[ozone-manager-1.3.0-SNAPSHOT.jar:?]
	at org.apache.hadoop.ozone.protocolPB.OzoneManagerProtocolServerSideTranslatorPB.submitRequestDirectlyToOM(OzoneManagerProtocolServerSideTranslatorPB.java:276) ~[ozone-manager-1.3.0-SNAPSHOT.jar:?]
	at org.apache.hadoop.ozone.protocolPB.OzoneManagerProtocolServerSideTranslatorPB.processRequest(OzoneManagerProtocolServerSideTranslatorPB.java:205) ~[ozone-manager-1.3.0-SNAPSHOT.jar:?]
	at org.apache.hadoop.hdds.server.OzoneProtocolMessageDispatcher.processRequest(OzoneProtocolMessageDispatcher.java:87) [hdds-server-framework-1.3.0-SNAPSHOT.jar:?]
	at org.apache.hadoop.ozone.protocolPB.OzoneManagerProtocolServerSideTranslatorPB.submitRequest(OzoneManagerProtocolServerSideTranslatorPB.java:147) [ozone-manager-1.3.0-SNAPSHOT.jar:?]
	at org.apache.hadoop.ozone.protocol.proto.OzoneManagerProtocolProtos$OzoneManagerService$2.callBlockingMethod(OzoneManagerProtocolProtos.java) [ozone-interface-client-1.3.0-SNAPSHOT.jar:?]
	at org.apache.hadoop.ipc.ProtobufRpcEngine$Server.processCall(ProtobufRpcEngine.java:466) [hadoop-common-3.3.1.jar:?]
	at org.apache.hadoop.ipc.ProtobufRpcEngine2$Server$ProtoBufRpcInvoker.call(ProtobufRpcEngine2.java:574) [hadoop-common-3.3.1.jar:?]
	at org.apache.hadoop.ipc.ProtobufRpcEngine2$Server$ProtoBufRpcInvoker.call(ProtobufRpcEngine2.java:552) [hadoop-common-3.3.1.jar:?]
	at org.apache.hadoop.ipc.RPC$Server.call(RPC.java:1093) [hadoop-common-3.3.1.jar:?]
	at org.apache.hadoop.ipc.Server$RpcCall.run(Server.java:1035) [hadoop-common-3.3.1.jar:?]
	at org.apache.hadoop.ipc.Server$RpcCall.run(Server.java:963) [hadoop-common-3.3.1.jar:?]
	at java.security.AccessController.doPrivileged(Native Method) ~[?:1.8.0_332]
	at javax.security.auth.Subject.doAs(Subject.java:422) [?:1.8.0_332]
	at org.apache.hadoop.security.UserGroupInformation.doAs(UserGroupInformation.java:1878) [hadoop-common-3.3.1.jar:?]
	at org.apache.hadoop.ipc.Server$Handler.run(Server.java:2966) [hadoop-common-3.3.1.jar:?]
07:25:31.741 [IPC Server handler 14 on default port 43657] ERROR OMAudit - user=runner | ip=127.0.0.1 | op=GET_FILE_STATUS {volume=836a4c42-5eda-4cfc-9104-f7ec2e6d8fa2, bucket=f01d2785-4938-4649-932a-4e5bb70c998f, key=.Trash, dataSize=0, replicationConfig=null} | ret=FAILURE
org.apache.hadoop.ozone.om.exceptions.OMException: Unable to get file status: volume: 836a4c42-5eda-4cfc-9104-f7ec2e6d8fa2 bucket: f01d2785-4938-4649-932a-4e5bb70c998f key: .Trash
	at org.apache.hadoop.ozone.om.KeyManagerImpl.getOzoneFileStatus(KeyManagerImpl.java:1311) ~[ozone-manager-1.3.0-SNAPSHOT.jar:?]
	at org.apache.hadoop.ozone.om.KeyManagerImpl.getFileStatus(KeyManagerImpl.java:1241) ~[ozone-manager-1.3.0-SNAPSHOT.jar:?]
	at org.apache.hadoop.ozone.om.OzoneManager.getFileStatus(OzoneManager.java:3419) ~[ozone-manager-1.3.0-SNAPSHOT.jar:?]
	at org.apache.hadoop.ozone.protocolPB.OzoneManagerRequestHandler.getOzoneFileStatus(OzoneManagerRequestHandler.java:871) ~[ozone-manager-1.3.0-SNAPSHOT.jar:?]
	at org.apache.hadoop.ozone.protocolPB.OzoneManagerRequestHandler.handleReadRequest(OzoneManagerRequestHandler.java:217) ~[ozone-manager-1.3.0-SNAPSHOT.jar:?]
	at org.apache.hadoop.ozone.protocolPB.OzoneManagerProtocolServerSideTranslatorPB.submitRequestDirectlyToOM(OzoneManagerProtocolServerSideTranslatorPB.java:276) ~[ozone-manager-1.3.0-SNAPSHOT.jar:?]
	at org.apache.hadoop.ozone.protocolPB.OzoneManagerProtocolServerSideTranslatorPB.processRequest(OzoneManagerProtocolServerSideTranslatorPB.java:205) ~[ozone-manager-1.3.0-SNAPSHOT.jar:?]
	at org.apache.hadoop.hdds.server.OzoneProtocolMessageDispatcher.processRequest(OzoneProtocolMessageDispatcher.java:87) [hdds-server-framework-1.3.0-SNAPSHOT.jar:?]
	at org.apache.hadoop.ozone.protocolPB.OzoneManagerProtocolServerSideTranslatorPB.submitRequest(OzoneManagerProtocolServerSideTranslatorPB.java:147) [ozone-manager-1.3.0-SNAPSHOT.jar:?]
	at org.apache.hadoop.ozone.protocol.proto.OzoneManagerProtocolProtos$OzoneManagerService$2.callBlockingMethod(OzoneManagerProtocolProtos.java) [ozone-interface-client-1.3.0-SNAPSHOT.jar:?]
	at org.apache.hadoop.ipc.ProtobufRpcEngine$Server.processCall(ProtobufRpcEngine.java:466) [hadoop-common-3.3.1.jar:?]
	at org.apache.hadoop.ipc.ProtobufRpcEngine2$Server$ProtoBufRpcInvoker.call(ProtobufRpcEngine2.java:574) [hadoop-common-3.3.1.jar:?]
	at org.apache.hadoop.ipc.ProtobufRpcEngine2$Server$ProtoBufRpcInvoker.call(ProtobufRpcEngine2.java:552) [hadoop-common-3.3.1.jar:?]
	at org.apache.hadoop.ipc.RPC$Server.call(RPC.java:1093) [hadoop-common-3.3.1.jar:?]
	at org.apache.hadoop.ipc.Server$RpcCall.run(Server.java:1035) [hadoop-common-3.3.1.jar:?]
	at org.apache.hadoop.ipc.Server$RpcCall.run(Server.java:963) [hadoop-common-3.3.1.jar:?]
	at java.security.AccessController.doPrivileged(Native Method) ~[?:1.8.0_332]
	at javax.security.auth.Subject.doAs(Subject.java:422) [?:1.8.0_332]
	at org.apache.hadoop.security.UserGroupInformation.doAs(UserGroupInformation.java:1878) [hadoop-common-3.3.1.jar:?]
	at org.apache.hadoop.ipc.Server$Handler.run(Server.java:2966) [hadoop-common-3.3.1.jar:?]
07:25:31.776 [IPC Server handler 1 on default port 43657] ERROR OMAudit - user=runner | ip=127.0.0.1 | op=GET_FILE_STATUS {volume=volume79544, bucket=bucket27491, key=.Trash, dataSize=0, replicationConfig=null} | ret=FAILURE
org.apache.hadoop.ozone.om.exceptions.OMException: Unable to get file status: volume: volume79544 bucket: bucket27491 key: .Trash
	at org.apache.hadoop.ozone.om.KeyManagerImpl.getOzoneFileStatus(KeyManagerImpl.java:1311) ~[ozone-manager-1.3.0-SNAPSHOT.jar:?]
	at org.apache.hadoop.ozone.om.KeyManagerImpl.getFileStatus(KeyManagerImpl.java:1241) ~[ozone-manager-1.3.0-SNAPSHOT.jar:?]
	at org.apache.hadoop.ozone.om.OzoneManager.getFileStatus(OzoneManager.java:3419) ~[ozone-manager-1.3.0-SNAPSHOT.jar:?]
	at org.apache.hadoop.ozone.protocolPB.OzoneManagerRequestHandler.getOzoneFileStatus(OzoneManagerRequestHandler.java:871) ~[ozone-manager-1.3.0-SNAPSHOT.jar:?]
	at org.apache.hadoop.ozone.protocolPB.OzoneManagerRequestHandler.handleReadRequest(OzoneManagerRequestHandler.java:217) ~[ozone-manager-1.3.0-SNAPSHOT.jar:?]
	at org.apache.hadoop.ozone.protocolPB.OzoneManagerProtocolServerSideTranslatorPB.submitRequestDirectlyToOM(OzoneManagerProtocolServerSideTranslatorPB.java:276) ~[ozone-manager-1.3.0-SNAPSHOT.jar:?]
	at org.apache.hadoop.ozone.protocolPB.OzoneManagerProtocolServerSideTranslatorPB.processRequest(OzoneManagerProtocolServerSideTranslatorPB.java:205) ~[ozone-manager-1.3.0-SNAPSHOT.jar:?]
	at org.apache.hadoop.hdds.server.OzoneProtocolMessageDispatcher.processRequest(OzoneProtocolMessageDispatcher.java:87) [hdds-server-framework-1.3.0-SNAPSHOT.jar:?]
	at org.apache.hadoop.ozone.protocolPB.OzoneManagerProtocolServerSideTranslatorPB.submitRequest(OzoneManagerProtocolServerSideTranslatorPB.java:147) [ozone-manager-1.3.0-SNAPSHOT.jar:?]
	at org.apache.hadoop.ozone.protocol.proto.OzoneManagerProtocolProtos$OzoneManagerService$2.callBlockingMethod(OzoneManagerProtocolProtos.java) [ozone-interface-client-1.3.0-SNAPSHOT.jar:?]
	at org.apache.hadoop.ipc.ProtobufRpcEngine$Server.processCall(ProtobufRpcEngine.java:466) [hadoop-common-3.3.1.jar:?]
	at org.apache.hadoop.ipc.ProtobufRpcEngine2$Server$ProtoBufRpcInvoker.call(ProtobufRpcEngine2.java:574) [hadoop-common-3.3.1.jar:?]
	at org.apache.hadoop.ipc.ProtobufRpcEngine2$Server$ProtoBufRpcInvoker.call(ProtobufRpcEngine2.java:552) [hadoop-common-3.3.1.jar:?]
	at org.apache.hadoop.ipc.RPC$Server.call(RPC.java:1093) [hadoop-common-3.3.1.jar:?]
	at org.apache.hadoop.ipc.Server$RpcCall.run(Server.java:1035) [hadoop-common-3.3.1.jar:?]
	at org.apache.hadoop.ipc.Server$RpcCall.run(Server.java:963) [hadoop-common-3.3.1.jar:?]
	at java.security.AccessController.doPrivileged(Native Method) ~[?:1.8.0_332]
	at javax.security.auth.Subject.doAs(Subject.java:422) [?:1.8.0_332]
	at org.apache.hadoop.security.UserGroupInformation.doAs(UserGroupInformation.java:1878) [hadoop-common-3.3.1.jar:?]
	at org.apache.hadoop.ipc.Server$Handler.run(Server.java:2966) [hadoop-common-3.3.1.jar:?]
07:25:31.805 [IPC Server handler 2 on default port 43657] ERROR OMAudit - user=runner | ip=127.0.0.1 | op=GET_FILE_STATUS {volume=836a4c42-5eda-4cfc-9104-f7ec2e6d8fa2, bucket=f01d2785-4938-4649-932a-4e5bb70c998f, key=.Trash, dataSize=0, replicationConfig=null} | ret=FAILURE
org.apache.hadoop.ozone.om.exceptions.OMException: Unable to get file status: volume: 836a4c42-5eda-4cfc-9104-f7ec2e6d8fa2 bucket: f01d2785-4938-4649-932a-4e5bb70c998f key: .Trash
	at org.apache.hadoop.ozone.om.KeyManagerImpl.getOzoneFileStatus(KeyManagerImpl.java:1311) ~[ozone-manager-1.3.0-SNAPSHOT.jar:?]
	at org.apache.hadoop.ozone.om.KeyManagerImpl.getFileStatus(KeyManagerImpl.java:1241) ~[ozone-manager-1.3.0-SNAPSHOT.jar:?]
	at org.apache.hadoop.ozone.om.OzoneManager.getFileStatus(OzoneManager.java:3419) ~[ozone-manager-1.3.0-SNAPSHOT.jar:?]
	at org.apache.hadoop.ozone.protocolPB.OzoneManagerRequestHandler.getOzoneFileStatus(OzoneManagerRequestHandler.java:871) ~[ozone-manager-1.3.0-SNAPSHOT.jar:?]
	at org.apache.hadoop.ozone.protocolPB.OzoneManagerRequestHandler.handleReadRequest(OzoneManagerRequestHandler.java:217) ~[ozone-manager-1.3.0-SNAPSHOT.jar:?]
	at org.apache.hadoop.ozone.protocolPB.OzoneManagerProtocolServerSideTranslatorPB.submitRequestDirectlyToOM(OzoneManagerProtocolServerSideTranslatorPB.java:276) ~[ozone-manager-1.3.0-SNAPSHOT.jar:?]
	at org.apache.hadoop.ozone.protocolPB.OzoneManagerProtocolServerSideTranslatorPB.processRequest(OzoneManagerProtocolServerSideTranslatorPB.java:205) ~[ozone-manager-1.3.0-SNAPSHOT.jar:?]
	at org.apache.hadoop.hdds.server.OzoneProtocolMessageDispatcher.processRequest(OzoneProtocolMessageDispatcher.java:87) [hdds-server-framework-1.3.0-SNAPSHOT.jar:?]
	at org.apache.hadoop.ozone.protocolPB.OzoneManagerProtocolServerSideTranslatorPB.submitRequest(OzoneManagerProtocolServerSideTranslatorPB.java:147) [ozone-manager-1.3.0-SNAPSHOT.jar:?]
	at org.apache.hadoop.ozone.protocol.proto.OzoneManagerProtocolProtos$OzoneManagerService$2.callBlockingMethod(OzoneManagerProtocolProtos.java) [ozone-interface-client-1.3.0-SNAPSHOT.jar:?]
	at org.apache.hadoop.ipc.ProtobufRpcEngine$Server.processCall(ProtobufRpcEngine.java:466) [hadoop-common-3.3.1.jar:?]
	at org.apache.hadoop.ipc.ProtobufRpcEngine2$Server$ProtoBufRpcInvoker.call(ProtobufRpcEngine2.java:574) [hadoop-common-3.3.1.jar:?]
	at org.apache.hadoop.ipc.ProtobufRpcEngine2$Server$ProtoBufRpcInvoker.call(ProtobufRpcEngine2.java:552) [hadoop-common-3.3.1.jar:?]
	at org.apache.hadoop.ipc.RPC$Server.call(RPC.java:1093) [hadoop-common-3.3.1.jar:?]
	at org.apache.hadoop.ipc.Server$RpcCall.run(Server.java:1035) [hadoop-common-3.3.1.jar:?]
	at org.apache.hadoop.ipc.Server$RpcCall.run(Server.java:963) [hadoop-common-3.3.1.jar:?]
	at java.security.AccessController.doPrivileged(Native Method) ~[?:1.8.0_332]
	at javax.security.auth.Subject.doAs(Subject.java:422) [?:1.8.0_332]
	at org.apache.hadoop.security.UserGroupInformation.doAs(UserGroupInformation.java:1878) [hadoop-common-3.3.1.jar:?]
	at org.apache.hadoop.ipc.Server$Handler.run(Server.java:2966) [hadoop-common-3.3.1.jar:?]
07:25:31.879 [IPC Server handler 4 on default port 43657] ERROR OMAudit - user=runner | ip=127.0.0.1 | op=GET_FILE_STATUS {volume=836a4c42-5eda-4cfc-9104-f7ec2e6d8fa2, bucket=f01d2785-4938-4649-932a-4e5bb70c998f, key=.Trash, dataSize=0, replicationConfig=null} | ret=FAILURE
org.apache.hadoop.ozone.om.exceptions.OMException: Unable to get file status: volume: 836a4c42-5eda-4cfc-9104-f7ec2e6d8fa2 bucket: f01d2785-4938-4649-932a-4e5bb70c998f key: .Trash
	at org.apache.hadoop.ozone.om.KeyManagerImpl.getOzoneFileStatus(KeyManagerImpl.java:1311) ~[ozone-manager-1.3.0-SNAPSHOT.jar:?]
	at org.apache.hadoop.ozone.om.KeyManagerImpl.getFileStatus(KeyManagerImpl.java:1241) ~[ozone-manager-1.3.0-SNAPSHOT.jar:?]
	at org.apache.hadoop.ozone.om.OzoneManager.getFileStatus(OzoneManager.java:3419) ~[ozone-manager-1.3.0-SNAPSHOT.jar:?]
	at org.apache.hadoop.ozone.protocolPB.OzoneManagerRequestHandler.getOzoneFileStatus(OzoneManagerRequestHandler.java:871) ~[ozone-manager-1.3.0-SNAPSHOT.jar:?]
	at org.apache.hadoop.ozone.protocolPB.OzoneManagerRequestHandler.handleReadRequest(OzoneManagerRequestHandler.java:217) ~[ozone-manager-1.3.0-SNAPSHOT.jar:?]
	at org.apache.hadoop.ozone.protocolPB.OzoneManagerProtocolServerSideTranslatorPB.submitRequestDirectlyToOM(OzoneManagerProtocolServerSideTranslatorPB.java:276) ~[ozone-manager-1.3.0-SNAPSHOT.jar:?]
	at org.apache.hadoop.ozone.protocolPB.OzoneManagerProtocolServerSideTranslatorPB.processRequest(OzoneManagerProtocolServerSideTranslatorPB.java:205) ~[ozone-manager-1.3.0-SNAPSHOT.jar:?]
	at org.apache.hadoop.hdds.server.OzoneProtocolMessageDispatcher.processRequest(OzoneProtocolMessageDispatcher.java:87) [hdds-server-framework-1.3.0-SNAPSHOT.jar:?]
	at org.apache.hadoop.ozone.protocolPB.OzoneManagerProtocolServerSideTranslatorPB.submitRequest(OzoneManagerProtocolServerSideTranslatorPB.java:147) [ozone-manager-1.3.0-SNAPSHOT.jar:?]
	at org.apache.hadoop.ozone.protocol.proto.OzoneManagerProtocolProtos$OzoneManagerService$2.callBlockingMethod(OzoneManagerProtocolProtos.java) [ozone-interface-client-1.3.0-SNAPSHOT.jar:?]
	at org.apache.hadoop.ipc.ProtobufRpcEngine$Server.processCall(ProtobufRpcEngine.java:466) [hadoop-common-3.3.1.jar:?]
	at org.apache.hadoop.ipc.ProtobufRpcEngine2$Server$ProtoBufRpcInvoker.call(ProtobufRpcEngine2.java:574) [hadoop-common-3.3.1.jar:?]
	at org.apache.hadoop.ipc.ProtobufRpcEngine2$Server$ProtoBufRpcInvoker.call(ProtobufRpcEngine2.java:552) [hadoop-common-3.3.1.jar:?]
	at org.apache.hadoop.ipc.RPC$Server.call(RPC.java:1093) [hadoop-common-3.3.1.jar:?]
	at org.apache.hadoop.ipc.Server$RpcCall.run(Server.java:1035) [hadoop-common-3.3.1.jar:?]
	at org.apache.hadoop.ipc.Server$RpcCall.run(Server.java:963) [hadoop-common-3.3.1.jar:?]
	at java.security.AccessController.doPrivileged(Native Method) ~[?:1.8.0_332]
	at javax.security.auth.Subject.doAs(Subject.java:422) [?:1.8.0_332]
	at org.apache.hadoop.security.UserGroupInformation.doAs(UserGroupInformation.java:1878) [hadoop-common-3.3.1.jar:?]
	at org.apache.hadoop.ipc.Server$Handler.run(Server.java:2966) [hadoop-common-3.3.1.jar:?]
2022-07-02 07:25:31,890 [Time-limited test] INFO  rpc.RpcClient (RpcClient.java:createBucket(669)) - Creating Bucket: volume79544/trashroottest2, with bucket layout LEGACY, runner as owner, Versioning false, Storage Type set to DISK and Encryption set to false 
2022-07-02 07:25:31,902 [IPC Server handler 0 on default port 43657] INFO  bucket.OMBucketCreateRequest (OMBucketCreateRequest.java:validateAndUpdateCache(260)) - created bucket: trashroottest2 of layout LEGACY in volume: volume79544
07:25:32.337 [IPC Server handler 18 on default port 43657] ERROR OMAudit - user=runner | ip=127.0.0.1 | op=GET_FILE_STATUS {volume=836a4c42-5eda-4cfc-9104-f7ec2e6d8fa2, bucket=f01d2785-4938-4649-932a-4e5bb70c998f, key=.Trash, dataSize=0, replicationConfig=null} | ret=FAILURE
org.apache.hadoop.ozone.om.exceptions.OMException: Unable to get file status: volume: 836a4c42-5eda-4cfc-9104-f7ec2e6d8fa2 bucket: f01d2785-4938-4649-932a-4e5bb70c998f key: .Trash
	at org.apache.hadoop.ozone.om.KeyManagerImpl.getOzoneFileStatus(KeyManagerImpl.java:1311) ~[ozone-manager-1.3.0-SNAPSHOT.jar:?]
	at org.apache.hadoop.ozone.om.KeyManagerImpl.getFileStatus(KeyManagerImpl.java:1241) ~[ozone-manager-1.3.0-SNAPSHOT.jar:?]
	at org.apache.hadoop.ozone.om.OzoneManager.getFileStatus(OzoneManager.java:3419) ~[ozone-manager-1.3.0-SNAPSHOT.jar:?]
	at org.apache.hadoop.ozone.protocolPB.OzoneManagerRequestHandler.getOzoneFileStatus(OzoneManagerRequestHandler.java:871) ~[ozone-manager-1.3.0-SNAPSHOT.jar:?]
	at org.apache.hadoop.ozone.protocolPB.OzoneManagerRequestHandler.handleReadRequest(OzoneManagerRequestHandler.java:217) ~[ozone-manager-1.3.0-SNAPSHOT.jar:?]
	at org.apache.hadoop.ozone.protocolPB.OzoneManagerProtocolServerSideTranslatorPB.submitRequestDirectlyToOM(OzoneManagerProtocolServerSideTranslatorPB.java:276) ~[ozone-manager-1.3.0-SNAPSHOT.jar:?]
	at org.apache.hadoop.ozone.protocolPB.OzoneManagerProtocolServerSideTranslatorPB.processRequest(OzoneManagerProtocolServerSideTranslatorPB.java:205) ~[ozone-manager-1.3.0-SNAPSHOT.jar:?]
	at org.apache.hadoop.hdds.server.OzoneProtocolMessageDispatcher.processRequest(OzoneProtocolMessageDispatcher.java:87) [hdds-server-framework-1.3.0-SNAPSHOT.jar:?]
	at org.apache.hadoop.ozone.protocolPB.OzoneManagerProtocolServerSideTranslatorPB.submitRequest(OzoneManagerProtocolServerSideTranslatorPB.java:147) [ozone-manager-1.3.0-SNAPSHOT.jar:?]
	at org.apache.hadoop.ozone.protocol.proto.OzoneManagerProtocolProtos$OzoneManagerService$2.callBlockingMethod(OzoneManagerProtocolProtos.java) [ozone-interface-client-1.3.0-SNAPSHOT.jar:?]
	at org.apache.hadoop.ipc.ProtobufRpcEngine$Server.processCall(ProtobufRpcEngine.java:466) [hadoop-common-3.3.1.jar:?]
	at org.apache.hadoop.ipc.ProtobufRpcEngine2$Server$ProtoBufRpcInvoker.call(ProtobufRpcEngine2.java:574) [hadoop-common-3.3.1.jar:?]
	at org.apache.hadoop.ipc.ProtobufRpcEngine2$Server$ProtoBufRpcInvoker.call(ProtobufRpcEngine2.java:552) [hadoop-common-3.3.1.jar:?]
	at org.apache.hadoop.ipc.RPC$Server.call(RPC.java:1093) [hadoop-common-3.3.1.jar:?]
	at org.apache.hadoop.ipc.Server$RpcCall.run(Server.java:1035) [hadoop-common-3.3.1.jar:?]
	at org.apache.hadoop.ipc.Server$RpcCall.run(Server.java:963) [hadoop-common-3.3.1.jar:?]
	at java.security.AccessController.doPrivileged(Native Method) ~[?:1.8.0_332]
	at javax.security.auth.Subject.doAs(Subject.java:422) [?:1.8.0_332]
	at org.apache.hadoop.security.UserGroupInformation.doAs(UserGroupInformation.java:1878) [hadoop-common-3.3.1.jar:?]
	at org.apache.hadoop.ipc.Server$Handler.run(Server.java:2966) [hadoop-common-3.3.1.jar:?]
07:25:32.415 [IPC Server handler 9 on default port 43657] ERROR OMAudit - user=runner | ip=127.0.0.1 | op=GET_FILE_STATUS {volume=836a4c42-5eda-4cfc-9104-f7ec2e6d8fa2, bucket=f01d2785-4938-4649-932a-4e5bb70c998f, key=.Trash, dataSize=0, replicationConfig=null} | ret=FAILURE
org.apache.hadoop.ozone.om.exceptions.OMException: Unable to get file status: volume: 836a4c42-5eda-4cfc-9104-f7ec2e6d8fa2 bucket: f01d2785-4938-4649-932a-4e5bb70c998f key: .Trash
	at org.apache.hadoop.ozone.om.KeyManagerImpl.getOzoneFileStatus(KeyManagerImpl.java:1311) ~[ozone-manager-1.3.0-SNAPSHOT.jar:?]
	at org.apache.hadoop.ozone.om.KeyManagerImpl.getFileStatus(KeyManagerImpl.java:1241) ~[ozone-manager-1.3.0-SNAPSHOT.jar:?]
	at org.apache.hadoop.ozone.om.OzoneManager.getFileStatus(OzoneManager.java:3419) ~[ozone-manager-1.3.0-SNAPSHOT.jar:?]
	at org.apache.hadoop.ozone.protocolPB.OzoneManagerRequestHandler.getOzoneFileStatus(OzoneManagerRequestHandler.java:871) ~[ozone-manager-1.3.0-SNAPSHOT.jar:?]
	at org.apache.hadoop.ozone.protocolPB.OzoneManagerRequestHandler.handleReadRequest(OzoneManagerRequestHandler.java:217) ~[ozone-manager-1.3.0-SNAPSHOT.jar:?]
	at org.apache.hadoop.ozone.protocolPB.OzoneManagerProtocolServerSideTranslatorPB.submitRequestDirectlyToOM(OzoneManagerProtocolServerSideTranslatorPB.java:276) ~[ozone-manager-1.3.0-SNAPSHOT.jar:?]
	at org.apache.hadoop.ozone.protocolPB.OzoneManagerProtocolServerSideTranslatorPB.processRequest(OzoneManagerProtocolServerSideTranslatorPB.java:205) ~[ozone-manager-1.3.0-SNAPSHOT.jar:?]
	at org.apache.hadoop.hdds.server.OzoneProtocolMessageDispatcher.processRequest(OzoneProtocolMessageDispatcher.java:87) [hdds-server-framework-1.3.0-SNAPSHOT.jar:?]
	at org.apache.hadoop.ozone.protocolPB.OzoneManagerProtocolServerSideTranslatorPB.submitRequest(OzoneManagerProtocolServerSideTranslatorPB.java:147) [ozone-manager-1.3.0-SNAPSHOT.jar:?]
	at org.apache.hadoop.ozone.protocol.proto.OzoneManagerProtocolProtos$OzoneManagerService$2.callBlockingMethod(OzoneManagerProtocolProtos.java) [ozone-interface-client-1.3.0-SNAPSHOT.jar:?]
	at org.apache.hadoop.ipc.ProtobufRpcEngine$Server.processCall(ProtobufRpcEngine.java:466) [hadoop-common-3.3.1.jar:?]
	at org.apache.hadoop.ipc.ProtobufRpcEngine2$Server$ProtoBufRpcInvoker.call(ProtobufRpcEngine2.java:574) [hadoop-common-3.3.1.jar:?]
	at org.apache.hadoop.ipc.ProtobufRpcEngine2$Server$ProtoBufRpcInvoker.call(ProtobufRpcEngine2.java:552) [hadoop-common-3.3.1.jar:?]
	at org.apache.hadoop.ipc.RPC$Server.call(RPC.java:1093) [hadoop-common-3.3.1.jar:?]
	at org.apache.hadoop.ipc.Server$RpcCall.run(Server.java:1035) [hadoop-common-3.3.1.jar:?]
	at org.apache.hadoop.ipc.Server$RpcCall.run(Server.java:963) [hadoop-common-3.3.1.jar:?]
	at java.security.AccessController.doPrivileged(Native Method) ~[?:1.8.0_332]
	at javax.security.auth.Subject.doAs(Subject.java:422) [?:1.8.0_332]
	at org.apache.hadoop.security.UserGroupInformation.doAs(UserGroupInformation.java:1878) [hadoop-common-3.3.1.jar:?]
	at org.apache.hadoop.ipc.Server$Handler.run(Server.java:2966) [hadoop-common-3.3.1.jar:?]
2022-07-02 07:25:32,642 [Time-limited test] INFO  rpc.RpcClient (RpcClient.java:createVolume(466)) - Creating Volume: volume78289, with user22356 as owner and space quota set to -1 bytes, counts quota set to -1
2022-07-02 07:25:32,643 [IPC Server handler 10 on default port 43657] INFO  volume.OMVolumeCreateRequest (OMVolumeCreateRequest.java:validateAndUpdateCache(195)) - created volume:volume78289 for user:user22356
2022-07-02 07:25:32,645 [Time-limited test] INFO  rpc.RpcClient (RpcClient.java:createBucket(669)) - Creating Bucket: volume78289/bucket96973, with bucket layout LEGACY, runner as owner, Versioning false, Storage Type set to DISK and Encryption set to false 
2022-07-02 07:25:32,645 [IPC Server handler 13 on default port 43657] INFO  bucket.OMBucketCreateRequest (OMBucketCreateRequest.java:validateAndUpdateCache(260)) - created bucket: bucket96973 of layout LEGACY in volume: volume78289
07:25:32.662 [IPC Server handler 5 on default port 43657] ERROR OMAudit - user=runner | ip=127.0.0.1 | op=GET_FILE_STATUS {volume=836a4c42-5eda-4cfc-9104-f7ec2e6d8fa2, bucket=f01d2785-4938-4649-932a-4e5bb70c998f, key=.Trash, dataSize=0, replicationConfig=null} | ret=FAILURE
org.apache.hadoop.ozone.om.exceptions.OMException: Unable to get file status: volume: 836a4c42-5eda-4cfc-9104-f7ec2e6d8fa2 bucket: f01d2785-4938-4649-932a-4e5bb70c998f key: .Trash
	at org.apache.hadoop.ozone.om.KeyManagerImpl.getOzoneFileStatus(KeyManagerImpl.java:1311) ~[ozone-manager-1.3.0-SNAPSHOT.jar:?]
	at org.apache.hadoop.ozone.om.KeyManagerImpl.getFileStatus(KeyManagerImpl.java:1241) ~[ozone-manager-1.3.0-SNAPSHOT.jar:?]
	at org.apache.hadoop.ozone.om.OzoneManager.getFileStatus(OzoneManager.java:3419) ~[ozone-manager-1.3.0-SNAPSHOT.jar:?]
	at org.apache.hadoop.ozone.protocolPB.OzoneManagerRequestHandler.getOzoneFileStatus(OzoneManagerRequestHandler.java:871) ~[ozone-manager-1.3.0-SNAPSHOT.jar:?]
	at org.apache.hadoop.ozone.protocolPB.OzoneManagerRequestHandler.handleReadRequest(OzoneManagerRequestHandler.java:217) ~[ozone-manager-1.3.0-SNAPSHOT.jar:?]
	at org.apache.hadoop.ozone.protocolPB.OzoneManagerProtocolServerSideTranslatorPB.submitRequestDirectlyToOM(OzoneManagerProtocolServerSideTranslatorPB.java:276) ~[ozone-manager-1.3.0-SNAPSHOT.jar:?]
	at org.apache.hadoop.ozone.protocolPB.OzoneManagerProtocolServerSideTranslatorPB.processRequest(OzoneManagerProtocolServerSideTranslatorPB.java:205) ~[ozone-manager-1.3.0-SNAPSHOT.jar:?]
	at org.apache.hadoop.hdds.server.OzoneProtocolMessageDispatcher.processRequest(OzoneProtocolMessageDispatcher.java:87) [hdds-server-framework-1.3.0-SNAPSHOT.jar:?]
	at org.apache.hadoop.ozone.protocolPB.OzoneManagerProtocolServerSideTranslatorPB.submitRequest(OzoneManagerProtocolServerSideTranslatorPB.java:147) [ozone-manager-1.3.0-SNAPSHOT.jar:?]
	at org.apache.hadoop.ozone.protocol.proto.OzoneManagerProtocolProtos$OzoneManagerService$2.callBlockingMethod(OzoneManagerProtocolProtos.java) [ozone-interface-client-1.3.0-SNAPSHOT.jar:?]
	at org.apache.hadoop.ipc.ProtobufRpcEngine$Server.processCall(ProtobufRpcEngine.java:466) [hadoop-common-3.3.1.jar:?]
	at org.apache.hadoop.ipc.ProtobufRpcEngine2$Server$ProtoBufRpcInvoker.call(ProtobufRpcEngine2.java:574) [hadoop-common-3.3.1.jar:?]
	at org.apache.hadoop.ipc.ProtobufRpcEngine2$Server$ProtoBufRpcInvoker.call(ProtobufRpcEngine2.java:552) [hadoop-common-3.3.1.jar:?]
	at org.apache.hadoop.ipc.RPC$Server.call(RPC.java:1093) [hadoop-common-3.3.1.jar:?]
	at org.apache.hadoop.ipc.Server$RpcCall.run(Server.java:1035) [hadoop-common-3.3.1.jar:?]
	at org.apache.hadoop.ipc.Server$RpcCall.run(Server.java:963) [hadoop-common-3.3.1.jar:?]
	at java.security.AccessController.doPrivileged(Native Method) ~[?:1.8.0_332]
	at javax.security.auth.Subject.doAs(Subject.java:422) [?:1.8.0_332]
	at org.apache.hadoop.security.UserGroupInformation.doAs(UserGroupInformation.java:1878) [hadoop-common-3.3.1.jar:?]
	at org.apache.hadoop.ipc.Server$Handler.run(Server.java:2966) [hadoop-common-3.3.1.jar:?]
07:25:32.723 [IPC Server handler 3 on default port 43657] ERROR OMAudit - user=runner | ip=127.0.0.1 | op=GET_FILE_STATUS {volume=836a4c42-5eda-4cfc-9104-f7ec2e6d8fa2, bucket=f01d2785-4938-4649-932a-4e5bb70c998f, key=.Trash, dataSize=0, replicationConfig=null} | ret=FAILURE
org.apache.hadoop.ozone.om.exceptions.OMException: Unable to get file status: volume: 836a4c42-5eda-4cfc-9104-f7ec2e6d8fa2 bucket: f01d2785-4938-4649-932a-4e5bb70c998f key: .Trash
	at org.apache.hadoop.ozone.om.KeyManagerImpl.getOzoneFileStatus(KeyManagerImpl.java:1311) ~[ozone-manager-1.3.0-SNAPSHOT.jar:?]
	at org.apache.hadoop.ozone.om.KeyManagerImpl.getFileStatus(KeyManagerImpl.java:1241) ~[ozone-manager-1.3.0-SNAPSHOT.jar:?]
	at org.apache.hadoop.ozone.om.OzoneManager.getFileStatus(OzoneManager.java:3419) ~[ozone-manager-1.3.0-SNAPSHOT.jar:?]
	at org.apache.hadoop.ozone.protocolPB.OzoneManagerRequestHandler.getOzoneFileStatus(OzoneManagerRequestHandler.java:871) ~[ozone-manager-1.3.0-SNAPSHOT.jar:?]
	at org.apache.hadoop.ozone.protocolPB.OzoneManagerRequestHandler.handleReadRequest(OzoneManagerRequestHandler.java:217) ~[ozone-manager-1.3.0-SNAPSHOT.jar:?]
	at org.apache.hadoop.ozone.protocolPB.OzoneManagerProtocolServerSideTranslatorPB.submitRequestDirectlyToOM(OzoneManagerProtocolServerSideTranslatorPB.java:276) ~[ozone-manager-1.3.0-SNAPSHOT.jar:?]
	at org.apache.hadoop.ozone.protocolPB.OzoneManagerProtocolServerSideTranslatorPB.processRequest(OzoneManagerProtocolServerSideTranslatorPB.java:205) ~[ozone-manager-1.3.0-SNAPSHOT.jar:?]
	at org.apache.hadoop.hdds.server.OzoneProtocolMessageDispatcher.processRequest(OzoneProtocolMessageDispatcher.java:87) [hdds-server-framework-1.3.0-SNAPSHOT.jar:?]
	at org.apache.hadoop.ozone.protocolPB.OzoneManagerProtocolServerSideTranslatorPB.submitRequest(OzoneManagerProtocolServerSideTranslatorPB.java:147) [ozone-manager-1.3.0-SNAPSHOT.jar:?]
	at org.apache.hadoop.ozone.protocol.proto.OzoneManagerProtocolProtos$OzoneManagerService$2.callBlockingMethod(OzoneManagerProtocolProtos.java) [ozone-interface-client-1.3.0-SNAPSHOT.jar:?]
	at org.apache.hadoop.ipc.ProtobufRpcEngine$Server.processCall(ProtobufRpcEngine.java:466) [hadoop-common-3.3.1.jar:?]
	at org.apache.hadoop.ipc.ProtobufRpcEngine2$Server$ProtoBufRpcInvoker.call(ProtobufRpcEngine2.java:574) [hadoop-common-3.3.1.jar:?]
	at org.apache.hadoop.ipc.ProtobufRpcEngine2$Server$ProtoBufRpcInvoker.call(ProtobufRpcEngine2.java:552) [hadoop-common-3.3.1.jar:?]
	at org.apache.hadoop.ipc.RPC$Server.call(RPC.java:1093) [hadoop-common-3.3.1.jar:?]
	at org.apache.hadoop.ipc.Server$RpcCall.run(Server.java:1035) [hadoop-common-3.3.1.jar:?]
	at org.apache.hadoop.ipc.Server$RpcCall.run(Server.java:963) [hadoop-common-3.3.1.jar:?]
	at java.security.AccessController.doPrivileged(Native Method) ~[?:1.8.0_332]
	at javax.security.auth.Subject.doAs(Subject.java:422) [?:1.8.0_332]
	at org.apache.hadoop.security.UserGroupInformation.doAs(UserGroupInformation.java:1878) [hadoop-common-3.3.1.jar:?]
	at org.apache.hadoop.ipc.Server$Handler.run(Server.java:2966) [hadoop-common-3.3.1.jar:?]
07:25:32.796 [IPC Server handler 11 on default port 43657] ERROR OMAudit - user=runner | ip=127.0.0.1 | op=GET_FILE_STATUS {volume=volume78289, bucket=bucket96973, key=.Trash/runner, dataSize=0, replicationConfig=null} | ret=FAILURE
org.apache.hadoop.ozone.om.exceptions.OMException: Unable to get file status: volume: volume78289 bucket: bucket96973 key: .Trash/runner
	at org.apache.hadoop.ozone.om.KeyManagerImpl.getOzoneFileStatus(KeyManagerImpl.java:1311) ~[ozone-manager-1.3.0-SNAPSHOT.jar:?]
	at org.apache.hadoop.ozone.om.KeyManagerImpl.getFileStatus(KeyManagerImpl.java:1241) ~[ozone-manager-1.3.0-SNAPSHOT.jar:?]
	at org.apache.hadoop.ozone.om.OzoneManager.getFileStatus(OzoneManager.java:3419) ~[ozone-manager-1.3.0-SNAPSHOT.jar:?]
	at org.apache.hadoop.ozone.protocolPB.OzoneManagerRequestHandler.getOzoneFileStatus(OzoneManagerRequestHandler.java:871) ~[ozone-manager-1.3.0-SNAPSHOT.jar:?]
	at org.apache.hadoop.ozone.protocolPB.OzoneManagerRequestHandler.handleReadRequest(OzoneManagerRequestHandler.java:217) ~[ozone-manager-1.3.0-SNAPSHOT.jar:?]
	at org.apache.hadoop.ozone.protocolPB.OzoneManagerProtocolServerSideTranslatorPB.submitRequestDirectlyToOM(OzoneManagerProtocolServerSideTranslatorPB.java:276) ~[ozone-manager-1.3.0-SNAPSHOT.jar:?]
	at org.apache.hadoop.ozone.protocolPB.OzoneManagerProtocolServerSideTranslatorPB.processRequest(OzoneManagerProtocolServerSideTranslatorPB.java:205) ~[ozone-manager-1.3.0-SNAPSHOT.jar:?]
	at org.apache.hadoop.hdds.server.OzoneProtocolMessageDispatcher.processRequest(OzoneProtocolMessageDispatcher.java:87) [hdds-server-framework-1.3.0-SNAPSHOT.jar:?]
	at org.apache.hadoop.ozone.protocolPB.OzoneManagerProtocolServerSideTranslatorPB.submitRequest(OzoneManagerProtocolServerSideTranslatorPB.java:147) [ozone-manager-1.3.0-SNAPSHOT.jar:?]
	at org.apache.hadoop.ozone.protocol.proto.OzoneManagerProtocolProtos$OzoneManagerService$2.callBlockingMethod(OzoneManagerProtocolProtos.java) [ozone-interface-client-1.3.0-SNAPSHOT.jar:?]
	at org.apache.hadoop.ipc.ProtobufRpcEngine$Server.processCall(ProtobufRpcEngine.java:466) [hadoop-common-3.3.1.jar:?]
	at org.apache.hadoop.ipc.ProtobufRpcEngine2$Server$ProtoBufRpcInvoker.call(ProtobufRpcEngine2.java:574) [hadoop-common-3.3.1.jar:?]
	at org.apache.hadoop.ipc.ProtobufRpcEngine2$Server$ProtoBufRpcInvoker.call(ProtobufRpcEngine2.java:552) [hadoop-common-3.3.1.jar:?]
	at org.apache.hadoop.ipc.RPC$Server.call(RPC.java:1093) [hadoop-common-3.3.1.jar:?]
	at org.apache.hadoop.ipc.Server$RpcCall.run(Server.java:1035) [hadoop-common-3.3.1.jar:?]
	at org.apache.hadoop.ipc.Server$RpcCall.run(Server.java:963) [hadoop-common-3.3.1.jar:?]
	at java.security.AccessController.doPrivileged(Native Method) ~[?:1.8.0_332]
	at javax.security.auth.Subject.doAs(Subject.java:422) [?:1.8.0_332]
	at org.apache.hadoop.security.UserGroupInformation.doAs(UserGroupInformation.java:1878) [hadoop-common-3.3.1.jar:?]
	at org.apache.hadoop.ipc.Server$Handler.run(Server.java:2966) [hadoop-common-3.3.1.jar:?]
07:25:32.799 [IPC Server handler 10 on default port 43657] ERROR OMAudit - user=runner | ip=127.0.0.1 | op=GET_FILE_STATUS {volume=836a4c42-5eda-4cfc-9104-f7ec2e6d8fa2, bucket=f01d2785-4938-4649-932a-4e5bb70c998f, key=.Trash, dataSize=0, replicationConfig=null} | ret=FAILURE
org.apache.hadoop.ozone.om.exceptions.OMException: Unable to get file status: volume: 836a4c42-5eda-4cfc-9104-f7ec2e6d8fa2 bucket: f01d2785-4938-4649-932a-4e5bb70c998f key: .Trash
	at org.apache.hadoop.ozone.om.KeyManagerImpl.getOzoneFileStatus(KeyManagerImpl.java:1311) ~[ozone-manager-1.3.0-SNAPSHOT.jar:?]
	at org.apache.hadoop.ozone.om.KeyManagerImpl.getFileStatus(KeyManagerImpl.java:1241) ~[ozone-manager-1.3.0-SNAPSHOT.jar:?]
	at org.apache.hadoop.ozone.om.OzoneManager.getFileStatus(OzoneManager.java:3419) ~[ozone-manager-1.3.0-SNAPSHOT.jar:?]
	at org.apache.hadoop.ozone.protocolPB.OzoneManagerRequestHandler.getOzoneFileStatus(OzoneManagerRequestHandler.java:871) ~[ozone-manager-1.3.0-SNAPSHOT.jar:?]
	at org.apache.hadoop.ozone.protocolPB.OzoneManagerRequestHandler.handleReadRequest(OzoneManagerRequestHandler.java:217) ~[ozone-manager-1.3.0-SNAPSHOT.jar:?]
	at org.apache.hadoop.ozone.protocolPB.OzoneManagerProtocolServerSideTranslatorPB.submitRequestDirectlyToOM(OzoneManagerProtocolServerSideTranslatorPB.java:276) ~[ozone-manager-1.3.0-SNAPSHOT.jar:?]
	at org.apache.hadoop.ozone.protocolPB.OzoneManagerProtocolServerSideTranslatorPB.processRequest(OzoneManagerProtocolServerSideTranslatorPB.java:205) ~[ozone-manager-1.3.0-SNAPSHOT.jar:?]
	at org.apache.hadoop.hdds.server.OzoneProtocolMessageDispatcher.processRequest(OzoneProtocolMessageDispatcher.java:87) [hdds-server-framework-1.3.0-SNAPSHOT.jar:?]
	at org.apache.hadoop.ozone.protocolPB.OzoneManagerProtocolServerSideTranslatorPB.submitRequest(OzoneManagerProtocolServerSideTranslatorPB.java:147) [ozone-manager-1.3.0-SNAPSHOT.jar:?]
	at org.apache.hadoop.ozone.protocol.proto.OzoneManagerProtocolProtos$OzoneManagerService$2.callBlockingMethod(OzoneManagerProtocolProtos.java) [ozone-interface-client-1.3.0-SNAPSHOT.jar:?]
	at org.apache.hadoop.ipc.ProtobufRpcEngine$Server.processCall(ProtobufRpcEngine.java:466) [hadoop-common-3.3.1.jar:?]
	at org.apache.hadoop.ipc.ProtobufRpcEngine2$Server$ProtoBufRpcInvoker.call(ProtobufRpcEngine2.java:574) [hadoop-common-3.3.1.jar:?]
	at org.apache.hadoop.ipc.ProtobufRpcEngine2$Server$ProtoBufRpcInvoker.call(ProtobufRpcEngine2.java:552) [hadoop-common-3.3.1.jar:?]
	at org.apache.hadoop.ipc.RPC$Server.call(RPC.java:1093) [hadoop-common-3.3.1.jar:?]
	at org.apache.hadoop.ipc.Server$RpcCall.run(Server.java:1035) [hadoop-common-3.3.1.jar:?]
	at org.apache.hadoop.ipc.Server$RpcCall.run(Server.java:963) [hadoop-common-3.3.1.jar:?]
	at java.security.AccessController.doPrivileged(Native Method) ~[?:1.8.0_332]
	at javax.security.auth.Subject.doAs(Subject.java:422) [?:1.8.0_332]
	at org.apache.hadoop.security.UserGroupInformation.doAs(UserGroupInformation.java:1878) [hadoop-common-3.3.1.jar:?]
	at org.apache.hadoop.ipc.Server$Handler.run(Server.java:2966) [hadoop-common-3.3.1.jar:?]
07:25:32.801 [IPC Server handler 16 on default port 43657] ERROR OMAudit - user=runner | ip=127.0.0.1 | op=GET_FILE_STATUS {volume=volume78289, bucket=bucket96973, key=.Trash, dataSize=0, replicationConfig=null} | ret=FAILURE
org.apache.hadoop.ozone.om.exceptions.OMException: Unable to get file status: volume: volume78289 bucket: bucket96973 key: .Trash
	at org.apache.hadoop.ozone.om.KeyManagerImpl.getOzoneFileStatus(KeyManagerImpl.java:1311) ~[ozone-manager-1.3.0-SNAPSHOT.jar:?]
	at org.apache.hadoop.ozone.om.KeyManagerImpl.getFileStatus(KeyManagerImpl.java:1241) ~[ozone-manager-1.3.0-SNAPSHOT.jar:?]
	at org.apache.hadoop.ozone.om.OzoneManager.getFileStatus(OzoneManager.java:3419) ~[ozone-manager-1.3.0-SNAPSHOT.jar:?]
	at org.apache.hadoop.ozone.protocolPB.OzoneManagerRequestHandler.getOzoneFileStatus(OzoneManagerRequestHandler.java:871) ~[ozone-manager-1.3.0-SNAPSHOT.jar:?]
	at org.apache.hadoop.ozone.protocolPB.OzoneManagerRequestHandler.handleReadRequest(OzoneManagerRequestHandler.java:217) ~[ozone-manager-1.3.0-SNAPSHOT.jar:?]
	at org.apache.hadoop.ozone.protocolPB.OzoneManagerProtocolServerSideTranslatorPB.submitRequestDirectlyToOM(OzoneManagerProtocolServerSideTranslatorPB.java:276) ~[ozone-manager-1.3.0-SNAPSHOT.jar:?]
	at org.apache.hadoop.ozone.protocolPB.OzoneManagerProtocolServerSideTranslatorPB.processRequest(OzoneManagerProtocolServerSideTranslatorPB.java:205) ~[ozone-manager-1.3.0-SNAPSHOT.jar:?]
	at org.apache.hadoop.hdds.server.OzoneProtocolMessageDispatcher.processRequest(OzoneProtocolMessageDispatcher.java:87) [hdds-server-framework-1.3.0-SNAPSHOT.jar:?]
	at org.apache.hadoop.ozone.protocolPB.OzoneManagerProtocolServerSideTranslatorPB.submitRequest(OzoneManagerProtocolServerSideTranslatorPB.java:147) [ozone-manager-1.3.0-SNAPSHOT.jar:?]
	at org.apache.hadoop.ozone.protocol.proto.OzoneManagerProtocolProtos$OzoneManagerService$2.callBlockingMethod(OzoneManagerProtocolProtos.java) [ozone-interface-client-1.3.0-SNAPSHOT.jar:?]
	at org.apache.hadoop.ipc.ProtobufRpcEngine$Server.processCall(ProtobufRpcEngine.java:466) [hadoop-common-3.3.1.jar:?]
	at org.apache.hadoop.ipc.ProtobufRpcEngine2$Server$ProtoBufRpcInvoker.call(ProtobufRpcEngine2.java:574) [hadoop-common-3.3.1.jar:?]
	at org.apache.hadoop.ipc.ProtobufRpcEngine2$Server$ProtoBufRpcInvoker.call(ProtobufRpcEngine2.java:552) [hadoop-common-3.3.1.jar:?]
	at org.apache.hadoop.ipc.RPC$Server.call(RPC.java:1093) [hadoop-common-3.3.1.jar:?]
	at org.apache.hadoop.ipc.Server$RpcCall.run(Server.java:1035) [hadoop-common-3.3.1.jar:?]
	at org.apache.hadoop.ipc.Server$RpcCall.run(Server.java:963) [hadoop-common-3.3.1.jar:?]
	at java.security.AccessController.doPrivileged(Native Method) ~[?:1.8.0_332]
	at javax.security.auth.Subject.doAs(Subject.java:422) [?:1.8.0_332]
	at org.apache.hadoop.security.UserGroupInformation.doAs(UserGroupInformation.java:1878) [hadoop-common-3.3.1.jar:?]
	at org.apache.hadoop.ipc.Server$Handler.run(Server.java:2966) [hadoop-common-3.3.1.jar:?]
07:25:32.838 [IPC Server handler 16 on default port 43657] ERROR OMAudit - user=runner | ip=127.0.0.1 | op=GET_FILE_STATUS {volume=volume79544, bucket=trashroottest2, key=.Trash/runner, dataSize=0, replicationConfig=null} | ret=FAILURE
org.apache.hadoop.ozone.om.exceptions.OMException: Unable to get file status: volume: volume79544 bucket: trashroottest2 key: .Trash/runner
	at org.apache.hadoop.ozone.om.KeyManagerImpl.getOzoneFileStatus(KeyManagerImpl.java:1311) ~[ozone-manager-1.3.0-SNAPSHOT.jar:?]
	at org.apache.hadoop.ozone.om.KeyManagerImpl.getFileStatus(KeyManagerImpl.java:1241) ~[ozone-manager-1.3.0-SNAPSHOT.jar:?]
	at org.apache.hadoop.ozone.om.OzoneManager.getFileStatus(OzoneManager.java:3419) ~[ozone-manager-1.3.0-SNAPSHOT.jar:?]
	at org.apache.hadoop.ozone.protocolPB.OzoneManagerRequestHandler.getOzoneFileStatus(OzoneManagerRequestHandler.java:871) ~[ozone-manager-1.3.0-SNAPSHOT.jar:?]
	at org.apache.hadoop.ozone.protocolPB.OzoneManagerRequestHandler.handleReadRequest(OzoneManagerRequestHandler.java:217) ~[ozone-manager-1.3.0-SNAPSHOT.jar:?]
	at org.apache.hadoop.ozone.protocolPB.OzoneManagerProtocolServerSideTranslatorPB.submitRequestDirectlyToOM(OzoneManagerProtocolServerSideTranslatorPB.java:276) ~[ozone-manager-1.3.0-SNAPSHOT.jar:?]
	at org.apache.hadoop.ozone.protocolPB.OzoneManagerProtocolServerSideTranslatorPB.processRequest(OzoneManagerProtocolServerSideTranslatorPB.java:205) ~[ozone-manager-1.3.0-SNAPSHOT.jar:?]
	at org.apache.hadoop.hdds.server.OzoneProtocolMessageDispatcher.processRequest(OzoneProtocolMessageDispatcher.java:87) [hdds-server-framework-1.3.0-SNAPSHOT.jar:?]
	at org.apache.hadoop.ozone.protocolPB.OzoneManagerProtocolServerSideTranslatorPB.submitRequest(OzoneManagerProtocolServerSideTranslatorPB.java:147) [ozone-manager-1.3.0-SNAPSHOT.jar:?]
	at org.apache.hadoop.ozone.protocol.proto.OzoneManagerProtocolProtos$OzoneManagerService$2.callBlockingMethod(OzoneManagerProtocolProtos.java) [ozone-interface-client-1.3.0-SNAPSHOT.jar:?]
	at org.apache.hadoop.ipc.ProtobufRpcEngine$Server.processCall(ProtobufRpcEngine.java:466) [hadoop-common-3.3.1.jar:?]
	at org.apache.hadoop.ipc.ProtobufRpcEngine2$Server$ProtoBufRpcInvoker.call(ProtobufRpcEngine2.java:574) [hadoop-common-3.3.1.jar:?]
	at org.apache.hadoop.ipc.ProtobufRpcEngine2$Server$ProtoBufRpcInvoker.call(ProtobufRpcEngine2.java:552) [hadoop-common-3.3.1.jar:?]
	at org.apache.hadoop.ipc.RPC$Server.call(RPC.java:1093) [hadoop-common-3.3.1.jar:?]
	at org.apache.hadoop.ipc.Server$RpcCall.run(Server.java:1035) [hadoop-common-3.3.1.jar:?]
	at org.apache.hadoop.ipc.Server$RpcCall.run(Server.java:963) [hadoop-common-3.3.1.jar:?]
	at java.security.AccessController.doPrivileged(Native Method) ~[?:1.8.0_332]
	at javax.security.auth.Subject.doAs(Subject.java:422) [?:1.8.0_332]
	at org.apache.hadoop.security.UserGroupInformation.doAs(UserGroupInformation.java:1878) [hadoop-common-3.3.1.jar:?]
	at org.apache.hadoop.ipc.Server$Handler.run(Server.java:2966) [hadoop-common-3.3.1.jar:?]
07:25:32.840 [IPC Server handler 0 on default port 43657] ERROR OMAudit - user=runner | ip=127.0.0.1 | op=GET_FILE_STATUS {volume=volume78289, bucket=bucket96973, key=.Trash/runner, dataSize=0, replicationConfig=null} | ret=FAILURE
org.apache.hadoop.ozone.om.exceptions.OMException: Unable to get file status: volume: volume78289 bucket: bucket96973 key: .Trash/runner
	at org.apache.hadoop.ozone.om.KeyManagerImpl.getOzoneFileStatus(KeyManagerImpl.java:1311) ~[ozone-manager-1.3.0-SNAPSHOT.jar:?]
	at org.apache.hadoop.ozone.om.KeyManagerImpl.getFileStatus(KeyManagerImpl.java:1241) ~[ozone-manager-1.3.0-SNAPSHOT.jar:?]
	at org.apache.hadoop.ozone.om.OzoneManager.getFileStatus(OzoneManager.java:3419) ~[ozone-manager-1.3.0-SNAPSHOT.jar:?]
	at org.apache.hadoop.ozone.protocolPB.OzoneManagerRequestHandler.getOzoneFileStatus(OzoneManagerRequestHandler.java:871) ~[ozone-manager-1.3.0-SNAPSHOT.jar:?]
	at org.apache.hadoop.ozone.protocolPB.OzoneManagerRequestHandler.handleReadRequest(OzoneManagerRequestHandler.java:217) ~[ozone-manager-1.3.0-SNAPSHOT.jar:?]
	at org.apache.hadoop.ozone.protocolPB.OzoneManagerProtocolServerSideTranslatorPB.submitRequestDirectlyToOM(OzoneManagerProtocolServerSideTranslatorPB.java:276) ~[ozone-manager-1.3.0-SNAPSHOT.jar:?]
	at org.apache.hadoop.ozone.protocolPB.OzoneManagerProtocolServerSideTranslatorPB.processRequest(OzoneManagerProtocolServerSideTranslatorPB.java:205) ~[ozone-manager-1.3.0-SNAPSHOT.jar:?]
	at org.apache.hadoop.hdds.server.OzoneProtocolMessageDispatcher.processRequest(OzoneProtocolMessageDispatcher.java:87) [hdds-server-framework-1.3.0-SNAPSHOT.jar:?]
	at org.apache.hadoop.ozone.protocolPB.OzoneManagerProtocolServerSideTranslatorPB.submitRequest(OzoneManagerProtocolServerSideTranslatorPB.java:147) [ozone-manager-1.3.0-SNAPSHOT.jar:?]
	at org.apache.hadoop.ozone.protocol.proto.OzoneManagerProtocolProtos$OzoneManagerService$2.callBlockingMethod(OzoneManagerProtocolProtos.java) [ozone-interface-client-1.3.0-SNAPSHOT.jar:?]
	at org.apache.hadoop.ipc.ProtobufRpcEngine$Server.processCall(ProtobufRpcEngine.java:466) [hadoop-common-3.3.1.jar:?]
	at org.apache.hadoop.ipc.ProtobufRpcEngine2$Server$ProtoBufRpcInvoker.call(ProtobufRpcEngine2.java:574) [hadoop-common-3.3.1.jar:?]
	at org.apache.hadoop.ipc.ProtobufRpcEngine2$Server$ProtoBufRpcInvoker.call(ProtobufRpcEngine2.java:552) [hadoop-common-3.3.1.jar:?]
	at org.apache.hadoop.ipc.RPC$Server.call(RPC.java:1093) [hadoop-common-3.3.1.jar:?]
	at org.apache.hadoop.ipc.Server$RpcCall.run(Server.java:1035) [hadoop-common-3.3.1.jar:?]
	at org.apache.hadoop.ipc.Server$RpcCall.run(Server.java:963) [hadoop-common-3.3.1.jar:?]
	at java.security.AccessController.doPrivileged(Native Method) ~[?:1.8.0_332]
	at javax.security.auth.Subject.doAs(Subject.java:422) [?:1.8.0_332]
	at org.apache.hadoop.security.UserGroupInformation.doAs(UserGroupInformation.java:1878) [hadoop-common-3.3.1.jar:?]
	at org.apache.hadoop.ipc.Server$Handler.run(Server.java:2966) [hadoop-common-3.3.1.jar:?]
07:25:32.843 [IPC Server handler 5 on default port 43657] ERROR OMAudit - user=runner | ip=127.0.0.1 | op=GET_FILE_STATUS {volume=836a4c42-5eda-4cfc-9104-f7ec2e6d8fa2, bucket=f01d2785-4938-4649-932a-4e5bb70c998f, key=.Trash, dataSize=0, replicationConfig=null} | ret=FAILURE
org.apache.hadoop.ozone.om.exceptions.OMException: Unable to get file status: volume: 836a4c42-5eda-4cfc-9104-f7ec2e6d8fa2 bucket: f01d2785-4938-4649-932a-4e5bb70c998f key: .Trash
	at org.apache.hadoop.ozone.om.KeyManagerImpl.getOzoneFileStatus(KeyManagerImpl.java:1311) ~[ozone-manager-1.3.0-SNAPSHOT.jar:?]
	at org.apache.hadoop.ozone.om.KeyManagerImpl.getFileStatus(KeyManagerImpl.java:1241) ~[ozone-manager-1.3.0-SNAPSHOT.jar:?]
	at org.apache.hadoop.ozone.om.OzoneManager.getFileStatus(OzoneManager.java:3419) ~[ozone-manager-1.3.0-SNAPSHOT.jar:?]
	at org.apache.hadoop.ozone.protocolPB.OzoneManagerRequestHandler.getOzoneFileStatus(OzoneManagerRequestHandler.java:871) ~[ozone-manager-1.3.0-SNAPSHOT.jar:?]
	at org.apache.hadoop.ozone.protocolPB.OzoneManagerRequestHandler.handleReadRequest(OzoneManagerRequestHandler.java:217) ~[ozone-manager-1.3.0-SNAPSHOT.jar:?]
	at org.apache.hadoop.ozone.protocolPB.OzoneManagerProtocolServerSideTranslatorPB.submitRequestDirectlyToOM(OzoneManagerProtocolServerSideTranslatorPB.java:276) ~[ozone-manager-1.3.0-SNAPSHOT.jar:?]
	at org.apache.hadoop.ozone.protocolPB.OzoneManagerProtocolServerSideTranslatorPB.processRequest(OzoneManagerProtocolServerSideTranslatorPB.java:205) ~[ozone-manager-1.3.0-SNAPSHOT.jar:?]
	at org.apache.hadoop.hdds.server.OzoneProtocolMessageDispatcher.processRequest(OzoneProtocolMessageDispatcher.java:87) [hdds-server-framework-1.3.0-SNAPSHOT.jar:?]
	at org.apache.hadoop.ozone.protocolPB.OzoneManagerProtocolServerSideTranslatorPB.submitRequest(OzoneManagerProtocolServerSideTranslatorPB.java:147) [ozone-manager-1.3.0-SNAPSHOT.jar:?]
	at org.apache.hadoop.ozone.protocol.proto.OzoneManagerProtocolProtos$OzoneManagerService$2.callBlockingMethod(OzoneManagerProtocolProtos.java) [ozone-interface-client-1.3.0-SNAPSHOT.jar:?]
	at org.apache.hadoop.ipc.ProtobufRpcEngine$Server.processCall(ProtobufRpcEngine.java:466) [hadoop-common-3.3.1.jar:?]
	at org.apache.hadoop.ipc.ProtobufRpcEngine2$Server$ProtoBufRpcInvoker.call(ProtobufRpcEngine2.java:574) [hadoop-common-3.3.1.jar:?]
	at org.apache.hadoop.ipc.ProtobufRpcEngine2$Server$ProtoBufRpcInvoker.call(ProtobufRpcEngine2.java:552) [hadoop-common-3.3.1.jar:?]
	at org.apache.hadoop.ipc.RPC$Server.call(RPC.java:1093) [hadoop-common-3.3.1.jar:?]
	at org.apache.hadoop.ipc.Server$RpcCall.run(Server.java:1035) [hadoop-common-3.3.1.jar:?]
	at org.apache.hadoop.ipc.Server$RpcCall.run(Server.java:963) [hadoop-common-3.3.1.jar:?]
	at java.security.AccessController.doPrivileged(Native Method) ~[?:1.8.0_332]
	at javax.security.auth.Subject.doAs(Subject.java:422) [?:1.8.0_332]
	at org.apache.hadoop.security.UserGroupInformation.doAs(UserGroupInformation.java:1878) [hadoop-common-3.3.1.jar:?]
	at org.apache.hadoop.ipc.Server$Handler.run(Server.java:2966) [hadoop-common-3.3.1.jar:?]
07:25:32.845 [IPC Server handler 12 on default port 43657] ERROR OMAudit - user=runner | ip=127.0.0.1 | op=GET_FILE_STATUS {volume=volume78289, bucket=bucket96973, key=.Trash, dataSize=0, replicationConfig=null} | ret=FAILURE
org.apache.hadoop.ozone.om.exceptions.OMException: Unable to get file status: volume: volume78289 bucket: bucket96973 key: .Trash
	at org.apache.hadoop.ozone.om.KeyManagerImpl.getOzoneFileStatus(KeyManagerImpl.java:1311) ~[ozone-manager-1.3.0-SNAPSHOT.jar:?]
	at org.apache.hadoop.ozone.om.KeyManagerImpl.getFileStatus(KeyManagerImpl.java:1241) ~[ozone-manager-1.3.0-SNAPSHOT.jar:?]
	at org.apache.hadoop.ozone.om.OzoneManager.getFileStatus(OzoneManager.java:3419) ~[ozone-manager-1.3.0-SNAPSHOT.jar:?]
	at org.apache.hadoop.ozone.protocolPB.OzoneManagerRequestHandler.getOzoneFileStatus(OzoneManagerRequestHandler.java:871) ~[ozone-manager-1.3.0-SNAPSHOT.jar:?]
	at org.apache.hadoop.ozone.protocolPB.OzoneManagerRequestHandler.handleReadRequest(OzoneManagerRequestHandler.java:217) ~[ozone-manager-1.3.0-SNAPSHOT.jar:?]
	at org.apache.hadoop.ozone.protocolPB.OzoneManagerProtocolServerSideTranslatorPB.submitRequestDirectlyToOM(OzoneManagerProtocolServerSideTranslatorPB.java:276) ~[ozone-manager-1.3.0-SNAPSHOT.jar:?]
	at org.apache.hadoop.ozone.protocolPB.OzoneManagerProtocolServerSideTranslatorPB.processRequest(OzoneManagerProtocolServerSideTranslatorPB.java:205) ~[ozone-manager-1.3.0-SNAPSHOT.jar:?]
	at org.apache.hadoop.hdds.server.OzoneProtocolMessageDispatcher.processRequest(OzoneProtocolMessageDispatcher.java:87) [hdds-server-framework-1.3.0-SNAPSHOT.jar:?]
	at org.apache.hadoop.ozone.protocolPB.OzoneManagerProtocolServerSideTranslatorPB.submitRequest(OzoneManagerProtocolServerSideTranslatorPB.java:147) [ozone-manager-1.3.0-SNAPSHOT.jar:?]
	at org.apache.hadoop.ozone.protocol.proto.OzoneManagerProtocolProtos$OzoneManagerService$2.callBlockingMethod(OzoneManagerProtocolProtos.java) [ozone-interface-client-1.3.0-SNAPSHOT.jar:?]
	at org.apache.hadoop.ipc.ProtobufRpcEngine$Server.processCall(ProtobufRpcEngine.java:466) [hadoop-common-3.3.1.jar:?]
	at org.apache.hadoop.ipc.ProtobufRpcEngine2$Server$ProtoBufRpcInvoker.call(ProtobufRpcEngine2.java:574) [hadoop-common-3.3.1.jar:?]
	at org.apache.hadoop.ipc.ProtobufRpcEngine2$Server$ProtoBufRpcInvoker.call(ProtobufRpcEngine2.java:552) [hadoop-common-3.3.1.jar:?]
	at org.apache.hadoop.ipc.RPC$Server.call(RPC.java:1093) [hadoop-common-3.3.1.jar:?]
	at org.apache.hadoop.ipc.Server$RpcCall.run(Server.java:1035) [hadoop-common-3.3.1.jar:?]
	at org.apache.hadoop.ipc.Server$RpcCall.run(Server.java:963) [hadoop-common-3.3.1.jar:?]
	at java.security.AccessController.doPrivileged(Native Method) ~[?:1.8.0_332]
	at javax.security.auth.Subject.doAs(Subject.java:422) [?:1.8.0_332]
	at org.apache.hadoop.security.UserGroupInformation.doAs(UserGroupInformation.java:1878) [hadoop-common-3.3.1.jar:?]
	at org.apache.hadoop.ipc.Server$Handler.run(Server.java:2966) [hadoop-common-3.3.1.jar:?]
07:25:32.852 [IPC Server handler 11 on default port 43657] ERROR OMAudit - user=runner | ip=127.0.0.1 | op=GET_FILE_STATUS {volume=volume79544, bucket=trashroottest2, key=.Trash, dataSize=0, replicationConfig=null} | ret=FAILURE
org.apache.hadoop.ozone.om.exceptions.OMException: Unable to get file status: volume: volume79544 bucket: trashroottest2 key: .Trash
	at org.apache.hadoop.ozone.om.KeyManagerImpl.getOzoneFileStatus(KeyManagerImpl.java:1311) ~[ozone-manager-1.3.0-SNAPSHOT.jar:?]
	at org.apache.hadoop.ozone.om.KeyManagerImpl.getFileStatus(KeyManagerImpl.java:1241) ~[ozone-manager-1.3.0-SNAPSHOT.jar:?]
	at org.apache.hadoop.ozone.om.OzoneManager.getFileStatus(OzoneManager.java:3419) ~[ozone-manager-1.3.0-SNAPSHOT.jar:?]
	at org.apache.hadoop.ozone.protocolPB.OzoneManagerRequestHandler.getOzoneFileStatus(OzoneManagerRequestHandler.java:871) ~[ozone-manager-1.3.0-SNAPSHOT.jar:?]
	at org.apache.hadoop.ozone.protocolPB.OzoneManagerRequestHandler.handleReadRequest(OzoneManagerRequestHandler.java:217) ~[ozone-manager-1.3.0-SNAPSHOT.jar:?]
	at org.apache.hadoop.ozone.protocolPB.OzoneManagerProtocolServerSideTranslatorPB.submitRequestDirectlyToOM(OzoneManagerProtocolServerSideTranslatorPB.java:276) ~[ozone-manager-1.3.0-SNAPSHOT.jar:?]
	at org.apache.hadoop.ozone.protocolPB.OzoneManagerProtocolServerSideTranslatorPB.processRequest(OzoneManagerProtocolServerSideTranslatorPB.java:205) ~[ozone-manager-1.3.0-SNAPSHOT.jar:?]
	at org.apache.hadoop.hdds.server.OzoneProtocolMessageDispatcher.processRequest(OzoneProtocolMessageDispatcher.java:87) [hdds-server-framework-1.3.0-SNAPSHOT.jar:?]
	at org.apache.hadoop.ozone.protocolPB.OzoneManagerProtocolServerSideTranslatorPB.submitRequest(OzoneManagerProtocolServerSideTranslatorPB.java:147) [ozone-manager-1.3.0-SNAPSHOT.jar:?]
	at org.apache.hadoop.ozone.protocol.proto.OzoneManagerProtocolProtos$OzoneManagerService$2.callBlockingMethod(OzoneManagerProtocolProtos.java) [ozone-interface-client-1.3.0-SNAPSHOT.jar:?]
	at org.apache.hadoop.ipc.ProtobufRpcEngine$Server.processCall(ProtobufRpcEngine.java:466) [hadoop-common-3.3.1.jar:?]
	at org.apache.hadoop.ipc.ProtobufRpcEngine2$Server$ProtoBufRpcInvoker.call(ProtobufRpcEngine2.java:574) [hadoop-common-3.3.1.jar:?]
	at org.apache.hadoop.ipc.ProtobufRpcEngine2$Server$ProtoBufRpcInvoker.call(ProtobufRpcEngine2.java:552) [hadoop-common-3.3.1.jar:?]
	at org.apache.hadoop.ipc.RPC$Server.call(RPC.java:1093) [hadoop-common-3.3.1.jar:?]
	at org.apache.hadoop.ipc.Server$RpcCall.run(Server.java:1035) [hadoop-common-3.3.1.jar:?]
	at org.apache.hadoop.ipc.Server$RpcCall.run(Server.java:963) [hadoop-common-3.3.1.jar:?]
	at java.security.AccessController.doPrivileged(Native Method) ~[?:1.8.0_332]
	at javax.security.auth.Subject.doAs(Subject.java:422) [?:1.8.0_332]
	at org.apache.hadoop.security.UserGroupInformation.doAs(UserGroupInformation.java:1878) [hadoop-common-3.3.1.jar:?]
	at org.apache.hadoop.ipc.Server$Handler.run(Server.java:2966) [hadoop-common-3.3.1.jar:?]
07:25:32.880 [IPC Server handler 6 on default port 43657] ERROR OMAudit - user=runner | ip=127.0.0.1 | op=GET_FILE_STATUS {volume=volume79544, bucket=trashroottest2, key=.Trash/runner, dataSize=0, replicationConfig=null} | ret=FAILURE
org.apache.hadoop.ozone.om.exceptions.OMException: Unable to get file status: volume: volume79544 bucket: trashroottest2 key: .Trash/runner
	at org.apache.hadoop.ozone.om.KeyManagerImpl.getOzoneFileStatus(KeyManagerImpl.java:1311) ~[ozone-manager-1.3.0-SNAPSHOT.jar:?]
	at org.apache.hadoop.ozone.om.KeyManagerImpl.getFileStatus(KeyManagerImpl.java:1241) ~[ozone-manager-1.3.0-SNAPSHOT.jar:?]
	at org.apache.hadoop.ozone.om.OzoneManager.getFileStatus(OzoneManager.java:3419) ~[ozone-manager-1.3.0-SNAPSHOT.jar:?]
	at org.apache.hadoop.ozone.protocolPB.OzoneManagerRequestHandler.getOzoneFileStatus(OzoneManagerRequestHandler.java:871) ~[ozone-manager-1.3.0-SNAPSHOT.jar:?]
	at org.apache.hadoop.ozone.protocolPB.OzoneManagerRequestHandler.handleReadRequest(OzoneManagerRequestHandler.java:217) ~[ozone-manager-1.3.0-SNAPSHOT.jar:?]
	at org.apache.hadoop.ozone.protocolPB.OzoneManagerProtocolServerSideTranslatorPB.submitRequestDirectlyToOM(OzoneManagerProtocolServerSideTranslatorPB.java:276) ~[ozone-manager-1.3.0-SNAPSHOT.jar:?]
	at org.apache.hadoop.ozone.protocolPB.OzoneManagerProtocolServerSideTranslatorPB.processRequest(OzoneManagerProtocolServerSideTranslatorPB.java:205) ~[ozone-manager-1.3.0-SNAPSHOT.jar:?]
	at org.apache.hadoop.hdds.server.OzoneProtocolMessageDispatcher.processRequest(OzoneProtocolMessageDispatcher.java:87) [hdds-server-framework-1.3.0-SNAPSHOT.jar:?]
	at org.apache.hadoop.ozone.protocolPB.OzoneManagerProtocolServerSideTranslatorPB.submitRequest(OzoneManagerProtocolServerSideTranslatorPB.java:147) [ozone-manager-1.3.0-SNAPSHOT.jar:?]
	at org.apache.hadoop.ozone.protocol.proto.OzoneManagerProtocolProtos$OzoneManagerService$2.callBlockingMethod(OzoneManagerProtocolProtos.java) [ozone-interface-client-1.3.0-SNAPSHOT.jar:?]
	at org.apache.hadoop.ipc.ProtobufRpcEngine$Server.processCall(ProtobufRpcEngine.java:466) [hadoop-common-3.3.1.jar:?]
	at org.apache.hadoop.ipc.ProtobufRpcEngine2$Server$ProtoBufRpcInvoker.call(ProtobufRpcEngine2.java:574) [hadoop-common-3.3.1.jar:?]
	at org.apache.hadoop.ipc.ProtobufRpcEngine2$Server$ProtoBufRpcInvoker.call(ProtobufRpcEngine2.java:552) [hadoop-common-3.3.1.jar:?]
	at org.apache.hadoop.ipc.RPC$Server.call(RPC.java:1093) [hadoop-common-3.3.1.jar:?]
	at org.apache.hadoop.ipc.Server$RpcCall.run(Server.java:1035) [hadoop-common-3.3.1.jar:?]
	at org.apache.hadoop.ipc.Server$RpcCall.run(Server.java:963) [hadoop-common-3.3.1.jar:?]
	at java.security.AccessController.doPrivileged(Native Method) ~[?:1.8.0_332]
	at javax.security.auth.Subject.doAs(Subject.java:422) [?:1.8.0_332]
	at org.apache.hadoop.security.UserGroupInformation.doAs(UserGroupInformation.java:1878) [hadoop-common-3.3.1.jar:?]
	at org.apache.hadoop.ipc.Server$Handler.run(Server.java:2966) [hadoop-common-3.3.1.jar:?]
07:25:32.881 [IPC Server handler 12 on default port 43657] ERROR OMAudit - user=runner | ip=127.0.0.1 | op=GET_FILE_STATUS {volume=volume78289, bucket=bucket96973, key=.Trash/runner, dataSize=0, replicationConfig=null} | ret=FAILURE
org.apache.hadoop.ozone.om.exceptions.OMException: Unable to get file status: volume: volume78289 bucket: bucket96973 key: .Trash/runner
	at org.apache.hadoop.ozone.om.KeyManagerImpl.getOzoneFileStatus(KeyManagerImpl.java:1311) ~[ozone-manager-1.3.0-SNAPSHOT.jar:?]
	at org.apache.hadoop.ozone.om.KeyManagerImpl.getFileStatus(KeyManagerImpl.java:1241) ~[ozone-manager-1.3.0-SNAPSHOT.jar:?]
	at org.apache.hadoop.ozone.om.OzoneManager.getFileStatus(OzoneManager.java:3419) ~[ozone-manager-1.3.0-SNAPSHOT.jar:?]
	at org.apache.hadoop.ozone.protocolPB.OzoneManagerRequestHandler.getOzoneFileStatus(OzoneManagerRequestHandler.java:871) ~[ozone-manager-1.3.0-SNAPSHOT.jar:?]
	at org.apache.hadoop.ozone.protocolPB.OzoneManagerRequestHandler.handleReadRequest(OzoneManagerRequestHandler.java:217) ~[ozone-manager-1.3.0-SNAPSHOT.jar:?]
	at org.apache.hadoop.ozone.protocolPB.OzoneManagerProtocolServerSideTranslatorPB.submitRequestDirectlyToOM(OzoneManagerProtocolServerSideTranslatorPB.java:276) ~[ozone-manager-1.3.0-SNAPSHOT.jar:?]
	at org.apache.hadoop.ozone.protocolPB.OzoneManagerProtocolServerSideTranslatorPB.processRequest(OzoneManagerProtocolServerSideTranslatorPB.java:205) ~[ozone-manager-1.3.0-SNAPSHOT.jar:?]
	at org.apache.hadoop.hdds.server.OzoneProtocolMessageDispatcher.processRequest(OzoneProtocolMessageDispatcher.java:87) [hdds-server-framework-1.3.0-SNAPSHOT.jar:?]
	at org.apache.hadoop.ozone.protocolPB.OzoneManagerProtocolServerSideTranslatorPB.submitRequest(OzoneManagerProtocolServerSideTranslatorPB.java:147) [ozone-manager-1.3.0-SNAPSHOT.jar:?]
	at org.apache.hadoop.ozone.protocol.proto.OzoneManagerProtocolProtos$OzoneManagerService$2.callBlockingMethod(OzoneManagerProtocolProtos.java) [ozone-interface-client-1.3.0-SNAPSHOT.jar:?]
	at org.apache.hadoop.ipc.ProtobufRpcEngine$Server.processCall(ProtobufRpcEngine.java:466) [hadoop-common-3.3.1.jar:?]
	at org.apache.hadoop.ipc.ProtobufRpcEngine2$Server$ProtoBufRpcInvoker.call(ProtobufRpcEngine2.java:574) [hadoop-common-3.3.1.jar:?]
	at org.apache.hadoop.ipc.ProtobufRpcEngine2$Server$ProtoBufRpcInvoker.call(ProtobufRpcEngine2.java:552) [hadoop-common-3.3.1.jar:?]
	at org.apache.hadoop.ipc.RPC$Server.call(RPC.java:1093) [hadoop-common-3.3.1.jar:?]
	at org.apache.hadoop.ipc.Server$RpcCall.run(Server.java:1035) [hadoop-common-3.3.1.jar:?]
	at org.apache.hadoop.ipc.Server$RpcCall.run(Server.java:963) [hadoop-common-3.3.1.jar:?]
	at java.security.AccessController.doPrivileged(Native Method) ~[?:1.8.0_332]
	at javax.security.auth.Subject.doAs(Subject.java:422) [?:1.8.0_332]
	at org.apache.hadoop.security.UserGroupInformation.doAs(UserGroupInformation.java:1878) [hadoop-common-3.3.1.jar:?]
	at org.apache.hadoop.ipc.Server$Handler.run(Server.java:2966) [hadoop-common-3.3.1.jar:?]
07:25:32.896 [IPC Server handler 1 on default port 43657] ERROR OMAudit - user=runner | ip=127.0.0.1 | op=GET_FILE_STATUS {volume=836a4c42-5eda-4cfc-9104-f7ec2e6d8fa2, bucket=f01d2785-4938-4649-932a-4e5bb70c998f, key=.Trash, dataSize=0, replicationConfig=null} | ret=FAILURE
org.apache.hadoop.ozone.om.exceptions.OMException: Unable to get file status: volume: 836a4c42-5eda-4cfc-9104-f7ec2e6d8fa2 bucket: f01d2785-4938-4649-932a-4e5bb70c998f key: .Trash
	at org.apache.hadoop.ozone.om.KeyManagerImpl.getOzoneFileStatus(KeyManagerImpl.java:1311) ~[ozone-manager-1.3.0-SNAPSHOT.jar:?]
	at org.apache.hadoop.ozone.om.KeyManagerImpl.getFileStatus(KeyManagerImpl.java:1241) ~[ozone-manager-1.3.0-SNAPSHOT.jar:?]
	at org.apache.hadoop.ozone.om.OzoneManager.getFileStatus(OzoneManager.java:3419) ~[ozone-manager-1.3.0-SNAPSHOT.jar:?]
	at org.apache.hadoop.ozone.protocolPB.OzoneManagerRequestHandler.getOzoneFileStatus(OzoneManagerRequestHandler.java:871) ~[ozone-manager-1.3.0-SNAPSHOT.jar:?]
	at org.apache.hadoop.ozone.protocolPB.OzoneManagerRequestHandler.handleReadRequest(OzoneManagerRequestHandler.java:217) ~[ozone-manager-1.3.0-SNAPSHOT.jar:?]
	at org.apache.hadoop.ozone.protocolPB.OzoneManagerProtocolServerSideTranslatorPB.submitRequestDirectlyToOM(OzoneManagerProtocolServerSideTranslatorPB.java:276) ~[ozone-manager-1.3.0-SNAPSHOT.jar:?]
	at org.apache.hadoop.ozone.protocolPB.OzoneManagerProtocolServerSideTranslatorPB.processRequest(OzoneManagerProtocolServerSideTranslatorPB.java:205) ~[ozone-manager-1.3.0-SNAPSHOT.jar:?]
	at org.apache.hadoop.hdds.server.OzoneProtocolMessageDispatcher.processRequest(OzoneProtocolMessageDispatcher.java:87) [hdds-server-framework-1.3.0-SNAPSHOT.jar:?]
	at org.apache.hadoop.ozone.protocolPB.OzoneManagerProtocolServerSideTranslatorPB.submitRequest(OzoneManagerProtocolServerSideTranslatorPB.java:147) [ozone-manager-1.3.0-SNAPSHOT.jar:?]
	at org.apache.hadoop.ozone.protocol.proto.OzoneManagerProtocolProtos$OzoneManagerService$2.callBlockingMethod(OzoneManagerProtocolProtos.java) [ozone-interface-client-1.3.0-SNAPSHOT.jar:?]
	at org.apache.hadoop.ipc.ProtobufRpcEngine$Server.processCall(ProtobufRpcEngine.java:466) [hadoop-common-3.3.1.jar:?]
	at org.apache.hadoop.ipc.ProtobufRpcEngine2$Server$ProtoBufRpcInvoker.call(ProtobufRpcEngine2.java:574) [hadoop-common-3.3.1.jar:?]
	at org.apache.hadoop.ipc.ProtobufRpcEngine2$Server$ProtoBufRpcInvoker.call(ProtobufRpcEngine2.java:552) [hadoop-common-3.3.1.jar:?]
	at org.apache.hadoop.ipc.RPC$Server.call(RPC.java:1093) [hadoop-common-3.3.1.jar:?]
	at org.apache.hadoop.ipc.Server$RpcCall.run(Server.java:1035) [hadoop-common-3.3.1.jar:?]
	at org.apache.hadoop.ipc.Server$RpcCall.run(Server.java:963) [hadoop-common-3.3.1.jar:?]
	at java.security.AccessController.doPrivileged(Native Method) ~[?:1.8.0_332]
	at javax.security.auth.Subject.doAs(Subject.java:422) [?:1.8.0_332]
	at org.apache.hadoop.security.UserGroupInformation.doAs(UserGroupInformation.java:1878) [hadoop-common-3.3.1.jar:?]
	at org.apache.hadoop.ipc.Server$Handler.run(Server.java:2966) [hadoop-common-3.3.1.jar:?]
07:25:32.905 [IPC Server handler 11 on default port 43657] ERROR OMAudit - user=runner | ip=127.0.0.1 | op=GET_FILE_STATUS {volume=volume78289, bucket=bucket96973, key=.Trash, dataSize=0, replicationConfig=null} | ret=FAILURE
org.apache.hadoop.ozone.om.exceptions.OMException: Unable to get file status: volume: volume78289 bucket: bucket96973 key: .Trash
	at org.apache.hadoop.ozone.om.KeyManagerImpl.getOzoneFileStatus(KeyManagerImpl.java:1311) ~[ozone-manager-1.3.0-SNAPSHOT.jar:?]
	at org.apache.hadoop.ozone.om.KeyManagerImpl.getFileStatus(KeyManagerImpl.java:1241) ~[ozone-manager-1.3.0-SNAPSHOT.jar:?]
	at org.apache.hadoop.ozone.om.OzoneManager.getFileStatus(OzoneManager.java:3419) ~[ozone-manager-1.3.0-SNAPSHOT.jar:?]
	at org.apache.hadoop.ozone.protocolPB.OzoneManagerRequestHandler.getOzoneFileStatus(OzoneManagerRequestHandler.java:871) ~[ozone-manager-1.3.0-SNAPSHOT.jar:?]
	at org.apache.hadoop.ozone.protocolPB.OzoneManagerRequestHandler.handleReadRequest(OzoneManagerRequestHandler.java:217) ~[ozone-manager-1.3.0-SNAPSHOT.jar:?]
	at org.apache.hadoop.ozone.protocolPB.OzoneManagerProtocolServerSideTranslatorPB.submitRequestDirectlyToOM(OzoneManagerProtocolServerSideTranslatorPB.java:276) ~[ozone-manager-1.3.0-SNAPSHOT.jar:?]
	at org.apache.hadoop.ozone.protocolPB.OzoneManagerProtocolServerSideTranslatorPB.processRequest(OzoneManagerProtocolServerSideTranslatorPB.java:205) ~[ozone-manager-1.3.0-SNAPSHOT.jar:?]
	at org.apache.hadoop.hdds.server.OzoneProtocolMessageDispatcher.processRequest(OzoneProtocolMessageDispatcher.java:87) [hdds-server-framework-1.3.0-SNAPSHOT.jar:?]
	at org.apache.hadoop.ozone.protocolPB.OzoneManagerProtocolServerSideTranslatorPB.submitRequest(OzoneManagerProtocolServerSideTranslatorPB.java:147) [ozone-manager-1.3.0-SNAPSHOT.jar:?]
	at org.apache.hadoop.ozone.protocol.proto.OzoneManagerProtocolProtos$OzoneManagerService$2.callBlockingMethod(OzoneManagerProtocolProtos.java) [ozone-interface-client-1.3.0-SNAPSHOT.jar:?]
	at org.apache.hadoop.ipc.ProtobufRpcEngine$Server.processCall(ProtobufRpcEngine.java:466) [hadoop-common-3.3.1.jar:?]
	at org.apache.hadoop.ipc.ProtobufRpcEngine2$Server$ProtoBufRpcInvoker.call(ProtobufRpcEngine2.java:574) [hadoop-common-3.3.1.jar:?]
	at org.apache.hadoop.ipc.ProtobufRpcEngine2$Server$ProtoBufRpcInvoker.call(ProtobufRpcEngine2.java:552) [hadoop-common-3.3.1.jar:?]
	at org.apache.hadoop.ipc.RPC$Server.call(RPC.java:1093) [hadoop-common-3.3.1.jar:?]
	at org.apache.hadoop.ipc.Server$RpcCall.run(Server.java:1035) [hadoop-common-3.3.1.jar:?]
	at org.apache.hadoop.ipc.Server$RpcCall.run(Server.java:963) [hadoop-common-3.3.1.jar:?]
	at java.security.AccessController.doPrivileged(Native Method) ~[?:1.8.0_332]
	at javax.security.auth.Subject.doAs(Subject.java:422) [?:1.8.0_332]
	at org.apache.hadoop.security.UserGroupInformation.doAs(UserGroupInformation.java:1878) [hadoop-common-3.3.1.jar:?]
	at org.apache.hadoop.ipc.Server$Handler.run(Server.java:2966) [hadoop-common-3.3.1.jar:?]
07:25:32.910 [IPC Server handler 14 on default port 43657] ERROR OMAudit - user=runner | ip=127.0.0.1 | op=GET_FILE_STATUS {volume=volume79544, bucket=trashroottest2, key=.Trash, dataSize=0, replicationConfig=null} | ret=FAILURE
org.apache.hadoop.ozone.om.exceptions.OMException: Unable to get file status: volume: volume79544 bucket: trashroottest2 key: .Trash
	at org.apache.hadoop.ozone.om.KeyManagerImpl.getOzoneFileStatus(KeyManagerImpl.java:1311) ~[ozone-manager-1.3.0-SNAPSHOT.jar:?]
	at org.apache.hadoop.ozone.om.KeyManagerImpl.getFileStatus(KeyManagerImpl.java:1241) ~[ozone-manager-1.3.0-SNAPSHOT.jar:?]
	at org.apache.hadoop.ozone.om.OzoneManager.getFileStatus(OzoneManager.java:3419) ~[ozone-manager-1.3.0-SNAPSHOT.jar:?]
	at org.apache.hadoop.ozone.protocolPB.OzoneManagerRequestHandler.getOzoneFileStatus(OzoneManagerRequestHandler.java:871) ~[ozone-manager-1.3.0-SNAPSHOT.jar:?]
	at org.apache.hadoop.ozone.protocolPB.OzoneManagerRequestHandler.handleReadRequest(OzoneManagerRequestHandler.java:217) ~[ozone-manager-1.3.0-SNAPSHOT.jar:?]
	at org.apache.hadoop.ozone.protocolPB.OzoneManagerProtocolServerSideTranslatorPB.submitRequestDirectlyToOM(OzoneManagerProtocolServerSideTranslatorPB.java:276) ~[ozone-manager-1.3.0-SNAPSHOT.jar:?]
	at org.apache.hadoop.ozone.protocolPB.OzoneManagerProtocolServerSideTranslatorPB.processRequest(OzoneManagerProtocolServerSideTranslatorPB.java:205) ~[ozone-manager-1.3.0-SNAPSHOT.jar:?]
	at org.apache.hadoop.hdds.server.OzoneProtocolMessageDispatcher.processRequest(OzoneProtocolMessageDispatcher.java:87) [hdds-server-framework-1.3.0-SNAPSHOT.jar:?]
	at org.apache.hadoop.ozone.protocolPB.OzoneManagerProtocolServerSideTranslatorPB.submitRequest(OzoneManagerProtocolServerSideTranslatorPB.java:147) [ozone-manager-1.3.0-SNAPSHOT.jar:?]
	at org.apache.hadoop.ozone.protocol.proto.OzoneManagerProtocolProtos$OzoneManagerService$2.callBlockingMethod(OzoneManagerProtocolProtos.java) [ozone-interface-client-1.3.0-SNAPSHOT.jar:?]
	at org.apache.hadoop.ipc.ProtobufRpcEngine$Server.processCall(ProtobufRpcEngine.java:466) [hadoop-common-3.3.1.jar:?]
	at org.apache.hadoop.ipc.ProtobufRpcEngine2$Server$ProtoBufRpcInvoker.call(ProtobufRpcEngine2.java:574) [hadoop-common-3.3.1.jar:?]
	at org.apache.hadoop.ipc.ProtobufRpcEngine2$Server$ProtoBufRpcInvoker.call(ProtobufRpcEngine2.java:552) [hadoop-common-3.3.1.jar:?]
	at org.apache.hadoop.ipc.RPC$Server.call(RPC.java:1093) [hadoop-common-3.3.1.jar:?]
	at org.apache.hadoop.ipc.Server$RpcCall.run(Server.java:1035) [hadoop-common-3.3.1.jar:?]
	at org.apache.hadoop.ipc.Server$RpcCall.run(Server.java:963) [hadoop-common-3.3.1.jar:?]
	at java.security.AccessController.doPrivileged(Native Method) ~[?:1.8.0_332]
	at javax.security.auth.Subject.doAs(Subject.java:422) [?:1.8.0_332]
	at org.apache.hadoop.security.UserGroupInformation.doAs(UserGroupInformation.java:1878) [hadoop-common-3.3.1.jar:?]
	at org.apache.hadoop.ipc.Server$Handler.run(Server.java:2966) [hadoop-common-3.3.1.jar:?]
07:25:32.929 [IPC Server handler 15 on default port 43657] ERROR OMAudit - user=runner | ip=127.0.0.1 | op=GET_FILE_STATUS {volume=volume79544, bucket=bucket27491, key=.Trash/runner, dataSize=0, replicationConfig=null} | ret=FAILURE
org.apache.hadoop.ozone.om.exceptions.OMException: Unable to get file status: volume: volume79544 bucket: bucket27491 key: .Trash/runner
	at org.apache.hadoop.ozone.om.KeyManagerImpl.getOzoneFileStatus(KeyManagerImpl.java:1311) ~[ozone-manager-1.3.0-SNAPSHOT.jar:?]
	at org.apache.hadoop.ozone.om.KeyManagerImpl.getFileStatus(KeyManagerImpl.java:1241) ~[ozone-manager-1.3.0-SNAPSHOT.jar:?]
	at org.apache.hadoop.ozone.om.OzoneManager.getFileStatus(OzoneManager.java:3419) ~[ozone-manager-1.3.0-SNAPSHOT.jar:?]
	at org.apache.hadoop.ozone.protocolPB.OzoneManagerRequestHandler.getOzoneFileStatus(OzoneManagerRequestHandler.java:871) ~[ozone-manager-1.3.0-SNAPSHOT.jar:?]
	at org.apache.hadoop.ozone.protocolPB.OzoneManagerRequestHandler.handleReadRequest(OzoneManagerRequestHandler.java:217) ~[ozone-manager-1.3.0-SNAPSHOT.jar:?]
	at org.apache.hadoop.ozone.protocolPB.OzoneManagerProtocolServerSideTranslatorPB.submitRequestDirectlyToOM(OzoneManagerProtocolServerSideTranslatorPB.java:276) ~[ozone-manager-1.3.0-SNAPSHOT.jar:?]
	at org.apache.hadoop.ozone.protocolPB.OzoneManagerProtocolServerSideTranslatorPB.processRequest(OzoneManagerProtocolServerSideTranslatorPB.java:205) ~[ozone-manager-1.3.0-SNAPSHOT.jar:?]
	at org.apache.hadoop.hdds.server.OzoneProtocolMessageDispatcher.processRequest(OzoneProtocolMessageDispatcher.java:87) [hdds-server-framework-1.3.0-SNAPSHOT.jar:?]
	at org.apache.hadoop.ozone.protocolPB.OzoneManagerProtocolServerSideTranslatorPB.submitRequest(OzoneManagerProtocolServerSideTranslatorPB.java:147) [ozone-manager-1.3.0-SNAPSHOT.jar:?]
	at org.apache.hadoop.ozone.protocol.proto.OzoneManagerProtocolProtos$OzoneManagerService$2.callBlockingMethod(OzoneManagerProtocolProtos.java) [ozone-interface-client-1.3.0-SNAPSHOT.jar:?]
	at org.apache.hadoop.ipc.ProtobufRpcEngine$Server.processCall(ProtobufRpcEngine.java:466) [hadoop-common-3.3.1.jar:?]
	at org.apache.hadoop.ipc.ProtobufRpcEngine2$Server$ProtoBufRpcInvoker.call(ProtobufRpcEngine2.java:574) [hadoop-common-3.3.1.jar:?]
	at org.apache.hadoop.ipc.ProtobufRpcEngine2$Server$ProtoBufRpcInvoker.call(ProtobufRpcEngine2.java:552) [hadoop-common-3.3.1.jar:?]
	at org.apache.hadoop.ipc.RPC$Server.call(RPC.java:1093) [hadoop-common-3.3.1.jar:?]
	at org.apache.hadoop.ipc.Server$RpcCall.run(Server.java:1035) [hadoop-common-3.3.1.jar:?]
	at org.apache.hadoop.ipc.Server$RpcCall.run(Server.java:963) [hadoop-common-3.3.1.jar:?]
	at java.security.AccessController.doPrivileged(Native Method) ~[?:1.8.0_332]
	at javax.security.auth.Subject.doAs(Subject.java:422) [?:1.8.0_332]
	at org.apache.hadoop.security.UserGroupInformation.doAs(UserGroupInformation.java:1878) [hadoop-common-3.3.1.jar:?]
	at org.apache.hadoop.ipc.Server$Handler.run(Server.java:2966) [hadoop-common-3.3.1.jar:?]
07:25:32.933 [IPC Server handler 18 on default port 43657] ERROR OMAudit - user=runner | ip=127.0.0.1 | op=GET_FILE_STATUS {volume=836a4c42-5eda-4cfc-9104-f7ec2e6d8fa2, bucket=f01d2785-4938-4649-932a-4e5bb70c998f, key=.Trash, dataSize=0, replicationConfig=null} | ret=FAILURE
org.apache.hadoop.ozone.om.exceptions.OMException: Unable to get file status: volume: 836a4c42-5eda-4cfc-9104-f7ec2e6d8fa2 bucket: f01d2785-4938-4649-932a-4e5bb70c998f key: .Trash
	at org.apache.hadoop.ozone.om.KeyManagerImpl.getOzoneFileStatus(KeyManagerImpl.java:1311) ~[ozone-manager-1.3.0-SNAPSHOT.jar:?]
	at org.apache.hadoop.ozone.om.KeyManagerImpl.getFileStatus(KeyManagerImpl.java:1241) ~[ozone-manager-1.3.0-SNAPSHOT.jar:?]
	at org.apache.hadoop.ozone.om.OzoneManager.getFileStatus(OzoneManager.java:3419) ~[ozone-manager-1.3.0-SNAPSHOT.jar:?]
	at org.apache.hadoop.ozone.protocolPB.OzoneManagerRequestHandler.getOzoneFileStatus(OzoneManagerRequestHandler.java:871) ~[ozone-manager-1.3.0-SNAPSHOT.jar:?]
	at org.apache.hadoop.ozone.protocolPB.OzoneManagerRequestHandler.handleReadRequest(OzoneManagerRequestHandler.java:217) ~[ozone-manager-1.3.0-SNAPSHOT.jar:?]
	at org.apache.hadoop.ozone.protocolPB.OzoneManagerProtocolServerSideTranslatorPB.submitRequestDirectlyToOM(OzoneManagerProtocolServerSideTranslatorPB.java:276) ~[ozone-manager-1.3.0-SNAPSHOT.jar:?]
	at org.apache.hadoop.ozone.protocolPB.OzoneManagerProtocolServerSideTranslatorPB.processRequest(OzoneManagerProtocolServerSideTranslatorPB.java:205) ~[ozone-manager-1.3.0-SNAPSHOT.jar:?]
	at org.apache.hadoop.hdds.server.OzoneProtocolMessageDispatcher.processRequest(OzoneProtocolMessageDispatcher.java:87) [hdds-server-framework-1.3.0-SNAPSHOT.jar:?]
	at org.apache.hadoop.ozone.protocolPB.OzoneManagerProtocolServerSideTranslatorPB.submitRequest(OzoneManagerProtocolServerSideTranslatorPB.java:147) [ozone-manager-1.3.0-SNAPSHOT.jar:?]
	at org.apache.hadoop.ozone.protocol.proto.OzoneManagerProtocolProtos$OzoneManagerService$2.callBlockingMethod(OzoneManagerProtocolProtos.java) [ozone-interface-client-1.3.0-SNAPSHOT.jar:?]
	at org.apache.hadoop.ipc.ProtobufRpcEngine$Server.processCall(ProtobufRpcEngine.java:466) [hadoop-common-3.3.1.jar:?]
	at org.apache.hadoop.ipc.ProtobufRpcEngine2$Server$ProtoBufRpcInvoker.call(ProtobufRpcEngine2.java:574) [hadoop-common-3.3.1.jar:?]
	at org.apache.hadoop.ipc.ProtobufRpcEngine2$Server$ProtoBufRpcInvoker.call(ProtobufRpcEngine2.java:552) [hadoop-common-3.3.1.jar:?]
	at org.apache.hadoop.ipc.RPC$Server.call(RPC.java:1093) [hadoop-common-3.3.1.jar:?]
	at org.apache.hadoop.ipc.Server$RpcCall.run(Server.java:1035) [hadoop-common-3.3.1.jar:?]
	at org.apache.hadoop.ipc.Server$RpcCall.run(Server.java:963) [hadoop-common-3.3.1.jar:?]
	at java.security.AccessController.doPrivileged(Native Method) ~[?:1.8.0_332]
	at javax.security.auth.Subject.doAs(Subject.java:422) [?:1.8.0_332]
	at org.apache.hadoop.security.UserGroupInformation.doAs(UserGroupInformation.java:1878) [hadoop-common-3.3.1.jar:?]
	at org.apache.hadoop.ipc.Server$Handler.run(Server.java:2966) [hadoop-common-3.3.1.jar:?]
]]></system-out>
  </testcase>
  <testcase name="testCreateDoesNotAddParentDirKeys" classname="TestRootedOzoneFileSystem" time="0.123">
    <system-out><![CDATA[2022-07-02 07:20:02,099 [Time-limited test] INFO  rpc.RpcClient (RpcClient.java:createVolume(466)) - Creating Volume: volume78432, with user49078 as owner and space quota set to -1 bytes, counts quota set to -1
2022-07-02 07:20:02,102 [OM StateMachine ApplyTransaction Thread - 0] INFO  volume.OMVolumeCreateRequest (OMVolumeCreateRequest.java:validateAndUpdateCache(195)) - created volume:volume78432 for user:user49078
2022-07-02 07:20:02,106 [Time-limited test] INFO  rpc.RpcClient (RpcClient.java:createBucket(669)) - Creating Bucket: volume78432/bucket42962, with bucket layout LEGACY, runner as owner, Versioning false, Storage Type set to DISK and Encryption set to false 
2022-07-02 07:20:02,108 [OM StateMachine ApplyTransaction Thread - 0] INFO  bucket.OMBucketCreateRequest (OMBucketCreateRequest.java:validateAndUpdateCache(260)) - created bucket: bucket42962 of layout LEGACY in volume: volume78432
07:20:02.162 [IPC Server handler 7 on default port 41977] ERROR OMAudit - user=runner | ip=127.0.0.1 | op=READ_KEY {volume=volume78432, bucket=bucket42962, key=testCreateDoesNotAddParentDirKeys/parent/, dataSize=0, replicationConfig=null} | ret=FAILURE
org.apache.hadoop.ozone.om.exceptions.OMException: Key:testCreateDoesNotAddParentDirKeys/parent not found
	at org.apache.hadoop.ozone.om.KeyManagerImpl.lookupKey(KeyManagerImpl.java:399) ~[ozone-manager-1.3.0-SNAPSHOT.jar:?]
	at org.apache.hadoop.ozone.om.OzoneManager.lookupKey(OzoneManager.java:2817) ~[ozone-manager-1.3.0-SNAPSHOT.jar:?]
	at org.apache.hadoop.ozone.protocolPB.OzoneManagerRequestHandler.lookupKey(OzoneManagerRequestHandler.java:484) ~[ozone-manager-1.3.0-SNAPSHOT.jar:?]
	at org.apache.hadoop.ozone.protocolPB.OzoneManagerRequestHandler.handleReadRequest(OzoneManagerRequestHandler.java:182) ~[ozone-manager-1.3.0-SNAPSHOT.jar:?]
	at org.apache.hadoop.ozone.protocolPB.OzoneManagerProtocolServerSideTranslatorPB.submitReadRequestToOM(OzoneManagerProtocolServerSideTranslatorPB.java:226) ~[ozone-manager-1.3.0-SNAPSHOT.jar:?]
	at org.apache.hadoop.ozone.protocolPB.OzoneManagerProtocolServerSideTranslatorPB.processRequest(OzoneManagerProtocolServerSideTranslatorPB.java:175) ~[ozone-manager-1.3.0-SNAPSHOT.jar:?]
	at org.apache.hadoop.hdds.server.OzoneProtocolMessageDispatcher.processRequest(OzoneProtocolMessageDispatcher.java:87) [hdds-server-framework-1.3.0-SNAPSHOT.jar:?]
	at org.apache.hadoop.ozone.protocolPB.OzoneManagerProtocolServerSideTranslatorPB.submitRequest(OzoneManagerProtocolServerSideTranslatorPB.java:147) [ozone-manager-1.3.0-SNAPSHOT.jar:?]
	at org.apache.hadoop.ozone.protocol.proto.OzoneManagerProtocolProtos$OzoneManagerService$2.callBlockingMethod(OzoneManagerProtocolProtos.java) [ozone-interface-client-1.3.0-SNAPSHOT.jar:?]
	at org.apache.hadoop.ipc.ProtobufRpcEngine$Server.processCall(ProtobufRpcEngine.java:466) [hadoop-common-3.3.1.jar:?]
	at org.apache.hadoop.ipc.ProtobufRpcEngine2$Server$ProtoBufRpcInvoker.call(ProtobufRpcEngine2.java:574) [hadoop-common-3.3.1.jar:?]
	at org.apache.hadoop.ipc.ProtobufRpcEngine2$Server$ProtoBufRpcInvoker.call(ProtobufRpcEngine2.java:552) [hadoop-common-3.3.1.jar:?]
	at org.apache.hadoop.ipc.RPC$Server.call(RPC.java:1093) [hadoop-common-3.3.1.jar:?]
	at org.apache.hadoop.ipc.Server$RpcCall.run(Server.java:1035) [hadoop-common-3.3.1.jar:?]
	at org.apache.hadoop.ipc.Server$RpcCall.run(Server.java:963) [hadoop-common-3.3.1.jar:?]
	at java.security.AccessController.doPrivileged(Native Method) ~[?:1.8.0_332]
	at javax.security.auth.Subject.doAs(Subject.java:422) [?:1.8.0_332]
	at org.apache.hadoop.security.UserGroupInformation.doAs(UserGroupInformation.java:1878) [hadoop-common-3.3.1.jar:?]
	at org.apache.hadoop.ipc.Server$Handler.run(Server.java:2966) [hadoop-common-3.3.1.jar:?]
]]></system-out>
  </testcase>
  <testcase name="testCreateDoesNotAddParentDirKeys" classname="TestRootedOzoneFileSystem" time="0.17">
    <system-out><![CDATA[2022-07-02 07:21:14,353 [Time-limited test] INFO  rpc.RpcClient (RpcClient.java:createVolume(466)) - Creating Volume: volume13174, with user81797 as owner and space quota set to -1 bytes, counts quota set to -1
2022-07-02 07:21:14,355 [OM StateMachine ApplyTransaction Thread - 0] INFO  volume.OMVolumeCreateRequest (OMVolumeCreateRequest.java:validateAndUpdateCache(195)) - created volume:volume13174 for user:user81797
2022-07-02 07:21:14,356 [Time-limited test] INFO  rpc.RpcClient (RpcClient.java:createBucket(669)) - Creating Bucket: volume13174/bucket27551, with bucket layout LEGACY, runner as owner, Versioning false, Storage Type set to DISK and Encryption set to false 
2022-07-02 07:21:14,358 [OM StateMachine ApplyTransaction Thread - 0] INFO  bucket.OMBucketCreateRequest (OMBucketCreateRequest.java:validateAndUpdateCache(260)) - created bucket: bucket27551 of layout LEGACY in volume: volume13174
07:21:14.387 [IPC Server handler 5 on default port 42659] ERROR OMAudit - user=runner | ip=127.0.0.1 | op=READ_KEY {volume=volume13174, bucket=bucket27551, key=testCreateDoesNotAddParentDirKeys/parent/, dataSize=0, replicationConfig=null} | ret=FAILURE
org.apache.hadoop.ozone.om.exceptions.OMException: Key:testCreateDoesNotAddParentDirKeys/parent not found
	at org.apache.hadoop.ozone.om.KeyManagerImpl.lookupKey(KeyManagerImpl.java:399) ~[ozone-manager-1.3.0-SNAPSHOT.jar:?]
	at org.apache.hadoop.ozone.om.OzoneManager.lookupKey(OzoneManager.java:2817) ~[ozone-manager-1.3.0-SNAPSHOT.jar:?]
	at org.apache.hadoop.ozone.protocolPB.OzoneManagerRequestHandler.lookupKey(OzoneManagerRequestHandler.java:484) ~[ozone-manager-1.3.0-SNAPSHOT.jar:?]
	at org.apache.hadoop.ozone.protocolPB.OzoneManagerRequestHandler.handleReadRequest(OzoneManagerRequestHandler.java:182) ~[ozone-manager-1.3.0-SNAPSHOT.jar:?]
	at org.apache.hadoop.ozone.protocolPB.OzoneManagerProtocolServerSideTranslatorPB.submitReadRequestToOM(OzoneManagerProtocolServerSideTranslatorPB.java:226) ~[ozone-manager-1.3.0-SNAPSHOT.jar:?]
	at org.apache.hadoop.ozone.protocolPB.OzoneManagerProtocolServerSideTranslatorPB.processRequest(OzoneManagerProtocolServerSideTranslatorPB.java:175) ~[ozone-manager-1.3.0-SNAPSHOT.jar:?]
	at org.apache.hadoop.hdds.server.OzoneProtocolMessageDispatcher.processRequest(OzoneProtocolMessageDispatcher.java:87) [hdds-server-framework-1.3.0-SNAPSHOT.jar:?]
	at org.apache.hadoop.ozone.protocolPB.OzoneManagerProtocolServerSideTranslatorPB.submitRequest(OzoneManagerProtocolServerSideTranslatorPB.java:147) [ozone-manager-1.3.0-SNAPSHOT.jar:?]
	at org.apache.hadoop.ozone.protocol.proto.OzoneManagerProtocolProtos$OzoneManagerService$2.callBlockingMethod(OzoneManagerProtocolProtos.java) [ozone-interface-client-1.3.0-SNAPSHOT.jar:?]
	at org.apache.hadoop.ipc.ProtobufRpcEngine$Server.processCall(ProtobufRpcEngine.java:466) [hadoop-common-3.3.1.jar:?]
	at org.apache.hadoop.ipc.ProtobufRpcEngine2$Server$ProtoBufRpcInvoker.call(ProtobufRpcEngine2.java:574) [hadoop-common-3.3.1.jar:?]
	at org.apache.hadoop.ipc.ProtobufRpcEngine2$Server$ProtoBufRpcInvoker.call(ProtobufRpcEngine2.java:552) [hadoop-common-3.3.1.jar:?]
	at org.apache.hadoop.ipc.RPC$Server.call(RPC.java:1093) [hadoop-common-3.3.1.jar:?]
	at org.apache.hadoop.ipc.Server$RpcCall.run(Server.java:1035) [hadoop-common-3.3.1.jar:?]
	at org.apache.hadoop.ipc.Server$RpcCall.run(Server.java:963) [hadoop-common-3.3.1.jar:?]
	at java.security.AccessController.doPrivileged(Native Method) ~[?:1.8.0_332]
	at javax.security.auth.Subject.doAs(Subject.java:422) [?:1.8.0_332]
	at org.apache.hadoop.security.UserGroupInformation.doAs(UserGroupInformation.java:1878) [hadoop-common-3.3.1.jar:?]
	at org.apache.hadoop.ipc.Server$Handler.run(Server.java:2966) [hadoop-common-3.3.1.jar:?]
]]></system-out>
  </testcase>
  <testcase name="testCreateDoesNotAddParentDirKeys" classname="TestRootedOzoneFileSystem" time="0.125">
    <system-out><![CDATA[2022-07-02 07:22:26,313 [Time-limited test] INFO  rpc.RpcClient (RpcClient.java:createVolume(466)) - Creating Volume: volume29615, with user75334 as owner and space quota set to -1 bytes, counts quota set to -1
2022-07-02 07:22:26,316 [IPC Server handler 2 on default port 38347] INFO  volume.OMVolumeCreateRequest (OMVolumeCreateRequest.java:validateAndUpdateCache(195)) - created volume:volume29615 for user:user75334
2022-07-02 07:22:26,318 [Time-limited test] INFO  rpc.RpcClient (RpcClient.java:createBucket(669)) - Creating Bucket: volume29615/bucket37694, with bucket layout LEGACY, runner as owner, Versioning false, Storage Type set to DISK and Encryption set to false 
2022-07-02 07:22:26,318 [IPC Server handler 3 on default port 38347] INFO  bucket.OMBucketCreateRequest (OMBucketCreateRequest.java:validateAndUpdateCache(260)) - created bucket: bucket37694 of layout LEGACY in volume: volume29615
07:22:26.349 [IPC Server handler 14 on default port 38347] ERROR OMAudit - user=runner | ip=127.0.0.1 | op=READ_KEY {volume=volume29615, bucket=bucket37694, key=testCreateDoesNotAddParentDirKeys/parent/, dataSize=0, replicationConfig=null} | ret=FAILURE
org.apache.hadoop.ozone.om.exceptions.OMException: Key:testCreateDoesNotAddParentDirKeys/parent not found
	at org.apache.hadoop.ozone.om.KeyManagerImpl.lookupKey(KeyManagerImpl.java:399) ~[ozone-manager-1.3.0-SNAPSHOT.jar:?]
	at org.apache.hadoop.ozone.om.OzoneManager.lookupKey(OzoneManager.java:2817) ~[ozone-manager-1.3.0-SNAPSHOT.jar:?]
	at org.apache.hadoop.ozone.protocolPB.OzoneManagerRequestHandler.lookupKey(OzoneManagerRequestHandler.java:484) ~[ozone-manager-1.3.0-SNAPSHOT.jar:?]
	at org.apache.hadoop.ozone.protocolPB.OzoneManagerRequestHandler.handleReadRequest(OzoneManagerRequestHandler.java:182) ~[ozone-manager-1.3.0-SNAPSHOT.jar:?]
	at org.apache.hadoop.ozone.protocolPB.OzoneManagerProtocolServerSideTranslatorPB.submitRequestDirectlyToOM(OzoneManagerProtocolServerSideTranslatorPB.java:276) ~[ozone-manager-1.3.0-SNAPSHOT.jar:?]
	at org.apache.hadoop.ozone.protocolPB.OzoneManagerProtocolServerSideTranslatorPB.processRequest(OzoneManagerProtocolServerSideTranslatorPB.java:205) ~[ozone-manager-1.3.0-SNAPSHOT.jar:?]
	at org.apache.hadoop.hdds.server.OzoneProtocolMessageDispatcher.processRequest(OzoneProtocolMessageDispatcher.java:87) [hdds-server-framework-1.3.0-SNAPSHOT.jar:?]
	at org.apache.hadoop.ozone.protocolPB.OzoneManagerProtocolServerSideTranslatorPB.submitRequest(OzoneManagerProtocolServerSideTranslatorPB.java:147) [ozone-manager-1.3.0-SNAPSHOT.jar:?]
	at org.apache.hadoop.ozone.protocol.proto.OzoneManagerProtocolProtos$OzoneManagerService$2.callBlockingMethod(OzoneManagerProtocolProtos.java) [ozone-interface-client-1.3.0-SNAPSHOT.jar:?]
	at org.apache.hadoop.ipc.ProtobufRpcEngine$Server.processCall(ProtobufRpcEngine.java:466) [hadoop-common-3.3.1.jar:?]
	at org.apache.hadoop.ipc.ProtobufRpcEngine2$Server$ProtoBufRpcInvoker.call(ProtobufRpcEngine2.java:574) [hadoop-common-3.3.1.jar:?]
	at org.apache.hadoop.ipc.ProtobufRpcEngine2$Server$ProtoBufRpcInvoker.call(ProtobufRpcEngine2.java:552) [hadoop-common-3.3.1.jar:?]
	at org.apache.hadoop.ipc.RPC$Server.call(RPC.java:1093) [hadoop-common-3.3.1.jar:?]
	at org.apache.hadoop.ipc.Server$RpcCall.run(Server.java:1035) [hadoop-common-3.3.1.jar:?]
	at org.apache.hadoop.ipc.Server$RpcCall.run(Server.java:963) [hadoop-common-3.3.1.jar:?]
	at java.security.AccessController.doPrivileged(Native Method) ~[?:1.8.0_332]
	at javax.security.auth.Subject.doAs(Subject.java:422) [?:1.8.0_332]
	at org.apache.hadoop.security.UserGroupInformation.doAs(UserGroupInformation.java:1878) [hadoop-common-3.3.1.jar:?]
	at org.apache.hadoop.ipc.Server$Handler.run(Server.java:2966) [hadoop-common-3.3.1.jar:?]
]]></system-out>
  </testcase>
  <testcase name="testCreateDoesNotAddParentDirKeys" classname="TestRootedOzoneFileSystem" time="0.278">
    <system-out><![CDATA[2022-07-02 07:24:02,089 [Time-limited test] INFO  rpc.RpcClient (RpcClient.java:createVolume(466)) - Creating Volume: volume37001, with user01741 as owner and space quota set to -1 bytes, counts quota set to -1
2022-07-02 07:24:02,091 [OM StateMachine ApplyTransaction Thread - 0] INFO  volume.OMVolumeCreateRequest (OMVolumeCreateRequest.java:validateAndUpdateCache(195)) - created volume:volume37001 for user:user01741
2022-07-02 07:24:02,114 [Time-limited test] INFO  rpc.RpcClient (RpcClient.java:createBucket(669)) - Creating Bucket: volume37001/bucket58973, with bucket layout LEGACY, runner as owner, Versioning false, Storage Type set to DISK and Encryption set to false 
2022-07-02 07:24:02,168 [OM StateMachine ApplyTransaction Thread - 0] INFO  bucket.OMBucketCreateRequest (OMBucketCreateRequest.java:validateAndUpdateCache(260)) - created bucket: bucket58973 of layout LEGACY in volume: volume37001
]]></system-out>
  </testcase>
  <testcase name="testCreateDoesNotAddParentDirKeys" classname="TestRootedOzoneFileSystem" time="0.287">
    <system-out><![CDATA[2022-07-02 07:25:33,129 [Time-limited test] INFO  rpc.RpcClient (RpcClient.java:createVolume(466)) - Creating Volume: volume46699, with user78563 as owner and space quota set to -1 bytes, counts quota set to -1
2022-07-02 07:25:33,140 [IPC Server handler 18 on default port 43657] INFO  volume.OMVolumeCreateRequest (OMVolumeCreateRequest.java:validateAndUpdateCache(195)) - created volume:volume46699 for user:user78563
2022-07-02 07:25:33,144 [Time-limited test] INFO  rpc.RpcClient (RpcClient.java:createBucket(669)) - Creating Bucket: volume46699/bucket63657, with bucket layout LEGACY, runner as owner, Versioning false, Storage Type set to DISK and Encryption set to false 
2022-07-02 07:25:33,145 [IPC Server handler 11 on default port 43657] INFO  bucket.OMBucketCreateRequest (OMBucketCreateRequest.java:validateAndUpdateCache(260)) - created bucket: bucket63657 of layout LEGACY in volume: volume46699
]]></system-out>
  </testcase>
  <testcase name="testMkdirNonExistentVolume" classname="TestRootedOzoneFileSystem" time="0.064">
    <system-out><![CDATA[2022-07-02 07:20:02,229 [Time-limited test] INFO  rpc.RpcClient (RpcClient.java:createVolume(466)) - Creating Volume: volume80163, with user67930 as owner and space quota set to -1 bytes, counts quota set to -1
2022-07-02 07:20:02,231 [OM StateMachine ApplyTransaction Thread - 0] INFO  volume.OMVolumeCreateRequest (OMVolumeCreateRequest.java:validateAndUpdateCache(195)) - created volume:volume80163 for user:user67930
2022-07-02 07:20:02,236 [Time-limited test] INFO  rpc.RpcClient (RpcClient.java:createBucket(669)) - Creating Bucket: volume80163/bucket15907, with bucket layout LEGACY, runner as owner, Versioning false, Storage Type set to DISK and Encryption set to false 
2022-07-02 07:20:02,239 [OM StateMachine ApplyTransaction Thread - 0] INFO  bucket.OMBucketCreateRequest (OMBucketCreateRequest.java:validateAndUpdateCache(260)) - created bucket: bucket15907 of layout LEGACY in volume: volume80163
2022-07-02 07:20:02,242 [Time-limited test] INFO  rpc.RpcClient (RpcClient.java:createVolume(466)) - Creating Volume: volume-20452, with runner as owner and space quota set to -1 bytes, counts quota set to -1
2022-07-02 07:20:02,244 [OM StateMachine ApplyTransaction Thread - 0] INFO  volume.OMVolumeCreateRequest (OMVolumeCreateRequest.java:validateAndUpdateCache(195)) - created volume:volume-20452 for user:runner
]]></system-out>
  </testcase>
  <testcase name="testMkdirNonExistentVolume" classname="TestRootedOzoneFileSystem" time="0.131">
    <system-out><![CDATA[2022-07-02 07:21:14,515 [Time-limited test] INFO  rpc.RpcClient (RpcClient.java:createVolume(466)) - Creating Volume: volume63032, with user90461 as owner and space quota set to -1 bytes, counts quota set to -1
2022-07-02 07:21:14,524 [OM StateMachine ApplyTransaction Thread - 0] INFO  volume.OMVolumeCreateRequest (OMVolumeCreateRequest.java:validateAndUpdateCache(195)) - created volume:volume63032 for user:user90461
2022-07-02 07:21:14,526 [Time-limited test] INFO  rpc.RpcClient (RpcClient.java:createBucket(669)) - Creating Bucket: volume63032/bucket95013, with bucket layout LEGACY, runner as owner, Versioning false, Storage Type set to DISK and Encryption set to false 
2022-07-02 07:21:14,527 [OM StateMachine ApplyTransaction Thread - 0] INFO  bucket.OMBucketCreateRequest (OMBucketCreateRequest.java:validateAndUpdateCache(260)) - created bucket: bucket95013 of layout LEGACY in volume: volume63032
2022-07-02 07:21:14,529 [Time-limited test] INFO  rpc.RpcClient (RpcClient.java:createVolume(466)) - Creating Volume: volume-15179, with runner as owner and space quota set to -1 bytes, counts quota set to -1
2022-07-02 07:21:14,531 [OM StateMachine ApplyTransaction Thread - 0] INFO  volume.OMVolumeCreateRequest (OMVolumeCreateRequest.java:validateAndUpdateCache(195)) - created volume:volume-15179 for user:runner
]]></system-out>
  </testcase>
  <testcase name="testMkdirNonExistentVolume" classname="TestRootedOzoneFileSystem" time="0.111">
    <system-out><![CDATA[2022-07-02 07:22:26,460 [Time-limited test] INFO  rpc.RpcClient (RpcClient.java:createVolume(466)) - Creating Volume: volume05085, with user18995 as owner and space quota set to -1 bytes, counts quota set to -1
2022-07-02 07:22:26,461 [IPC Server handler 10 on default port 38347] INFO  volume.OMVolumeCreateRequest (OMVolumeCreateRequest.java:validateAndUpdateCache(195)) - created volume:volume05085 for user:user18995
2022-07-02 07:22:26,462 [Time-limited test] INFO  rpc.RpcClient (RpcClient.java:createBucket(669)) - Creating Bucket: volume05085/bucket40689, with bucket layout LEGACY, runner as owner, Versioning false, Storage Type set to DISK and Encryption set to false 
2022-07-02 07:22:26,462 [IPC Server handler 12 on default port 38347] INFO  bucket.OMBucketCreateRequest (OMBucketCreateRequest.java:validateAndUpdateCache(260)) - created bucket: bucket40689 of layout LEGACY in volume: volume05085
2022-07-02 07:22:26,464 [Time-limited test] INFO  rpc.RpcClient (RpcClient.java:createVolume(466)) - Creating Volume: volume-86269, with runner as owner and space quota set to -1 bytes, counts quota set to -1
2022-07-02 07:22:26,466 [IPC Server handler 13 on default port 38347] INFO  volume.OMVolumeCreateRequest (OMVolumeCreateRequest.java:validateAndUpdateCache(195)) - created volume:volume-86269 for user:runner
]]></system-out>
  </testcase>
  <testcase name="testMkdirNonExistentVolume" classname="TestRootedOzoneFileSystem" time="0.183">
    <system-out><![CDATA[2022-07-02 07:24:02,413 [Time-limited test] INFO  rpc.RpcClient (RpcClient.java:createVolume(466)) - Creating Volume: volume55367, with user41696 as owner and space quota set to -1 bytes, counts quota set to -1
2022-07-02 07:24:02,415 [OM StateMachine ApplyTransaction Thread - 0] INFO  volume.OMVolumeCreateRequest (OMVolumeCreateRequest.java:validateAndUpdateCache(195)) - created volume:volume55367 for user:user41696
2022-07-02 07:24:02,416 [Time-limited test] INFO  rpc.RpcClient (RpcClient.java:createBucket(669)) - Creating Bucket: volume55367/bucket05714, with bucket layout LEGACY, runner as owner, Versioning false, Storage Type set to DISK and Encryption set to false 
2022-07-02 07:24:02,417 [OM StateMachine ApplyTransaction Thread - 0] INFO  bucket.OMBucketCreateRequest (OMBucketCreateRequest.java:validateAndUpdateCache(260)) - created bucket: bucket05714 of layout LEGACY in volume: volume55367
2022-07-02 07:24:02,419 [Time-limited test] INFO  rpc.RpcClient (RpcClient.java:createVolume(466)) - Creating Volume: volume-79128, with runner as owner and space quota set to -1 bytes, counts quota set to -1
2022-07-02 07:24:02,428 [OM StateMachine ApplyTransaction Thread - 0] INFO  volume.OMVolumeCreateRequest (OMVolumeCreateRequest.java:validateAndUpdateCache(195)) - created volume:volume-79128 for user:runner
]]></system-out>
  </testcase>
  <testcase name="testMkdirNonExistentVolume" classname="TestRootedOzoneFileSystem" time="0.177">
    <system-out><![CDATA[2022-07-02 07:25:33,435 [Time-limited test] INFO  rpc.RpcClient (RpcClient.java:createVolume(466)) - Creating Volume: volume21825, with user37910 as owner and space quota set to -1 bytes, counts quota set to -1
2022-07-02 07:25:33,436 [IPC Server handler 9 on default port 43657] INFO  volume.OMVolumeCreateRequest (OMVolumeCreateRequest.java:validateAndUpdateCache(195)) - created volume:volume21825 for user:user37910
2022-07-02 07:25:33,447 [Time-limited test] INFO  rpc.RpcClient (RpcClient.java:createBucket(669)) - Creating Bucket: volume21825/bucket26277, with bucket layout LEGACY, runner as owner, Versioning false, Storage Type set to DISK and Encryption set to false 
2022-07-02 07:25:33,448 [IPC Server handler 12 on default port 43657] INFO  bucket.OMBucketCreateRequest (OMBucketCreateRequest.java:validateAndUpdateCache(260)) - created bucket: bucket26277 of layout LEGACY in volume: volume21825
2022-07-02 07:25:33,451 [Time-limited test] INFO  rpc.RpcClient (RpcClient.java:createVolume(466)) - Creating Volume: volume-39522, with runner as owner and space quota set to -1 bytes, counts quota set to -1
2022-07-02 07:25:33,452 [IPC Server handler 15 on default port 43657] INFO  volume.OMVolumeCreateRequest (OMVolumeCreateRequest.java:validateAndUpdateCache(195)) - created volume:volume-39522 for user:runner
]]></system-out>
  </testcase>
  <testcase name="testDeleteCreatesFakeParentDir" classname="TestRootedOzoneFileSystem" time="0">
    <skipped type="org.junit.AssumptionViolatedException"><![CDATA[org.junit.AssumptionViolatedException: FS Path is enabled. Skipping this test as it is not tuned for FS Path yet
	at org.junit.Assume.assumeTrue(Assume.java:68)
	at org.apache.hadoop.fs.ozone.TestRootedOzoneFileSystem.testDeleteCreatesFakeParentDir(TestRootedOzoneFileSystem.java:318)
	at sun.reflect.NativeMethodAccessorImpl.invoke0(Native Method)
	at sun.reflect.NativeMethodAccessorImpl.invoke(NativeMethodAccessorImpl.java:62)
	at sun.reflect.DelegatingMethodAccessorImpl.invoke(DelegatingMethodAccessorImpl.java:43)
	at java.lang.reflect.Method.invoke(Method.java:498)
	at org.junit.runners.model.FrameworkMethod$1.runReflectiveCall(FrameworkMethod.java:59)
	at org.junit.internal.runners.model.ReflectiveCallable.run(ReflectiveCallable.java:12)
	at org.junit.runners.model.FrameworkMethod.invokeExplosively(FrameworkMethod.java:56)
	at org.junit.internal.runners.statements.InvokeMethod.evaluate(InvokeMethod.java:17)
	at org.junit.internal.runners.statements.RunBefores.evaluate(RunBefores.java:26)
	at org.junit.internal.runners.statements.RunAfters.evaluate(RunAfters.java:27)
	at org.junit.internal.runners.statements.FailOnTimeout$CallableStatement.call(FailOnTimeout.java:288)
	at org.junit.internal.runners.statements.FailOnTimeout$CallableStatement.call(FailOnTimeout.java:282)
	at java.util.concurrent.FutureTask.run(FutureTask.java:266)
	at java.lang.Thread.run(Thread.java:750)
]]></skipped>
    <system-out><![CDATA[2022-07-02 07:20:02,291 [Time-limited test] INFO  rpc.RpcClient (RpcClient.java:createVolume(466)) - Creating Volume: volume34729, with user64347 as owner and space quota set to -1 bytes, counts quota set to -1
2022-07-02 07:20:02,296 [OM StateMachine ApplyTransaction Thread - 0] INFO  volume.OMVolumeCreateRequest (OMVolumeCreateRequest.java:validateAndUpdateCache(195)) - created volume:volume34729 for user:user64347
2022-07-02 07:20:02,299 [Time-limited test] INFO  rpc.RpcClient (RpcClient.java:createBucket(669)) - Creating Bucket: volume34729/bucket04202, with bucket layout LEGACY, runner as owner, Versioning false, Storage Type set to DISK and Encryption set to false 
2022-07-02 07:20:02,302 [OM StateMachine ApplyTransaction Thread - 0] INFO  bucket.OMBucketCreateRequest (OMBucketCreateRequest.java:validateAndUpdateCache(260)) - created bucket: bucket04202 of layout LEGACY in volume: volume34729
]]></system-out>
  </testcase>
  <testcase name="testDeleteCreatesFakeParentDir" classname="TestRootedOzoneFileSystem" time="0">
    <skipped type="org.junit.AssumptionViolatedException"><![CDATA[org.junit.AssumptionViolatedException: FS Path is enabled. Skipping this test as it is not tuned for FS Path yet
	at org.junit.Assume.assumeTrue(Assume.java:68)
	at org.apache.hadoop.fs.ozone.TestRootedOzoneFileSystem.testDeleteCreatesFakeParentDir(TestRootedOzoneFileSystem.java:318)
	at sun.reflect.NativeMethodAccessorImpl.invoke0(Native Method)
	at sun.reflect.NativeMethodAccessorImpl.invoke(NativeMethodAccessorImpl.java:62)
	at sun.reflect.DelegatingMethodAccessorImpl.invoke(DelegatingMethodAccessorImpl.java:43)
	at java.lang.reflect.Method.invoke(Method.java:498)
	at org.junit.runners.model.FrameworkMethod$1.runReflectiveCall(FrameworkMethod.java:59)
	at org.junit.internal.runners.model.ReflectiveCallable.run(ReflectiveCallable.java:12)
	at org.junit.runners.model.FrameworkMethod.invokeExplosively(FrameworkMethod.java:56)
	at org.junit.internal.runners.statements.InvokeMethod.evaluate(InvokeMethod.java:17)
	at org.junit.internal.runners.statements.RunBefores.evaluate(RunBefores.java:26)
	at org.junit.internal.runners.statements.RunAfters.evaluate(RunAfters.java:27)
	at org.junit.internal.runners.statements.FailOnTimeout$CallableStatement.call(FailOnTimeout.java:288)
	at org.junit.internal.runners.statements.FailOnTimeout$CallableStatement.call(FailOnTimeout.java:282)
	at java.util.concurrent.FutureTask.run(FutureTask.java:266)
	at java.lang.Thread.run(Thread.java:750)
]]></skipped>
    <system-out><![CDATA[2022-07-02 07:21:14,634 [Time-limited test] INFO  rpc.RpcClient (RpcClient.java:createVolume(466)) - Creating Volume: volume20477, with user44868 as owner and space quota set to -1 bytes, counts quota set to -1
2022-07-02 07:21:14,636 [OM StateMachine ApplyTransaction Thread - 0] INFO  volume.OMVolumeCreateRequest (OMVolumeCreateRequest.java:validateAndUpdateCache(195)) - created volume:volume20477 for user:user44868
2022-07-02 07:21:14,638 [Time-limited test] INFO  rpc.RpcClient (RpcClient.java:createBucket(669)) - Creating Bucket: volume20477/bucket60013, with bucket layout LEGACY, runner as owner, Versioning false, Storage Type set to DISK and Encryption set to false 
2022-07-02 07:21:14,641 [OM StateMachine ApplyTransaction Thread - 0] INFO  bucket.OMBucketCreateRequest (OMBucketCreateRequest.java:validateAndUpdateCache(260)) - created bucket: bucket60013 of layout LEGACY in volume: volume20477
]]></system-out>
  </testcase>
  <testcase name="testDeleteCreatesFakeParentDir" classname="TestRootedOzoneFileSystem" time="0">
    <skipped type="org.junit.AssumptionViolatedException"><![CDATA[org.junit.AssumptionViolatedException: FS Path is enabled. Skipping this test as it is not tuned for FS Path yet
	at org.junit.Assume.assumeTrue(Assume.java:68)
	at org.apache.hadoop.fs.ozone.TestRootedOzoneFileSystem.testDeleteCreatesFakeParentDir(TestRootedOzoneFileSystem.java:318)
	at sun.reflect.NativeMethodAccessorImpl.invoke0(Native Method)
	at sun.reflect.NativeMethodAccessorImpl.invoke(NativeMethodAccessorImpl.java:62)
	at sun.reflect.DelegatingMethodAccessorImpl.invoke(DelegatingMethodAccessorImpl.java:43)
	at java.lang.reflect.Method.invoke(Method.java:498)
	at org.junit.runners.model.FrameworkMethod$1.runReflectiveCall(FrameworkMethod.java:59)
	at org.junit.internal.runners.model.ReflectiveCallable.run(ReflectiveCallable.java:12)
	at org.junit.runners.model.FrameworkMethod.invokeExplosively(FrameworkMethod.java:56)
	at org.junit.internal.runners.statements.InvokeMethod.evaluate(InvokeMethod.java:17)
	at org.junit.internal.runners.statements.RunBefores.evaluate(RunBefores.java:26)
	at org.junit.internal.runners.statements.RunAfters.evaluate(RunAfters.java:27)
	at org.junit.internal.runners.statements.FailOnTimeout$CallableStatement.call(FailOnTimeout.java:288)
	at org.junit.internal.runners.statements.FailOnTimeout$CallableStatement.call(FailOnTimeout.java:282)
	at java.util.concurrent.FutureTask.run(FutureTask.java:266)
	at java.lang.Thread.run(Thread.java:750)
]]></skipped>
    <system-out><![CDATA[2022-07-02 07:22:26,587 [Time-limited test] INFO  rpc.RpcClient (RpcClient.java:createVolume(466)) - Creating Volume: volume49896, with user94079 as owner and space quota set to -1 bytes, counts quota set to -1
2022-07-02 07:22:26,588 [IPC Server handler 13 on default port 38347] INFO  volume.OMVolumeCreateRequest (OMVolumeCreateRequest.java:validateAndUpdateCache(195)) - created volume:volume49896 for user:user94079
2022-07-02 07:22:26,591 [Time-limited test] INFO  rpc.RpcClient (RpcClient.java:createBucket(669)) - Creating Bucket: volume49896/bucket51284, with bucket layout LEGACY, runner as owner, Versioning false, Storage Type set to DISK and Encryption set to false 
2022-07-02 07:22:26,591 [IPC Server handler 17 on default port 38347] INFO  bucket.OMBucketCreateRequest (OMBucketCreateRequest.java:validateAndUpdateCache(260)) - created bucket: bucket51284 of layout LEGACY in volume: volume49896
]]></system-out>
  </testcase>
  <testcase name="testDeleteCreatesFakeParentDir" classname="TestRootedOzoneFileSystem" time="0.222">
    <system-out><![CDATA[2022-07-02 07:24:02,553 [Time-limited test] INFO  rpc.RpcClient (RpcClient.java:createVolume(466)) - Creating Volume: volume18120, with user50946 as owner and space quota set to -1 bytes, counts quota set to -1
2022-07-02 07:24:02,561 [OM StateMachine ApplyTransaction Thread - 0] INFO  volume.OMVolumeCreateRequest (OMVolumeCreateRequest.java:validateAndUpdateCache(195)) - created volume:volume18120 for user:user50946
2022-07-02 07:24:02,563 [Time-limited test] INFO  rpc.RpcClient (RpcClient.java:createBucket(669)) - Creating Bucket: volume18120/bucket88693, with bucket layout LEGACY, runner as owner, Versioning false, Storage Type set to DISK and Encryption set to false 
2022-07-02 07:24:02,564 [OM StateMachine ApplyTransaction Thread - 0] INFO  bucket.OMBucketCreateRequest (OMBucketCreateRequest.java:validateAndUpdateCache(260)) - created bucket: bucket88693 of layout LEGACY in volume: volume18120
]]></system-out>
  </testcase>
  <testcase name="testDeleteCreatesFakeParentDir" classname="TestRootedOzoneFileSystem" time="0.23">
    <system-out><![CDATA[2022-07-02 07:25:33,549 [Time-limited test] INFO  rpc.RpcClient (RpcClient.java:createVolume(466)) - Creating Volume: volume14933, with user42917 as owner and space quota set to -1 bytes, counts quota set to -1
2022-07-02 07:25:33,549 [IPC Server handler 15 on default port 43657] INFO  volume.OMVolumeCreateRequest (OMVolumeCreateRequest.java:validateAndUpdateCache(195)) - created volume:volume14933 for user:user42917
2022-07-02 07:25:33,550 [Time-limited test] INFO  rpc.RpcClient (RpcClient.java:createBucket(669)) - Creating Bucket: volume14933/bucket27740, with bucket layout LEGACY, runner as owner, Versioning false, Storage Type set to DISK and Encryption set to false 
2022-07-02 07:25:33,550 [IPC Server handler 17 on default port 43657] INFO  bucket.OMBucketCreateRequest (OMBucketCreateRequest.java:validateAndUpdateCache(260)) - created bucket: bucket27740 of layout LEGACY in volume: volume14933
]]></system-out>
  </testcase>
  <testcase name="testNonExplicitlyCreatedPathExistsAfterItsLeafsWereRemoved" classname="TestRootedOzoneFileSystem" time="0.137">
    <system-out><![CDATA[2022-07-02 07:20:02,362 [Time-limited test] INFO  rpc.RpcClient (RpcClient.java:createVolume(466)) - Creating Volume: volume28432, with user68224 as owner and space quota set to -1 bytes, counts quota set to -1
2022-07-02 07:20:02,373 [OM StateMachine ApplyTransaction Thread - 0] INFO  volume.OMVolumeCreateRequest (OMVolumeCreateRequest.java:validateAndUpdateCache(195)) - created volume:volume28432 for user:user68224
2022-07-02 07:20:02,379 [Time-limited test] INFO  rpc.RpcClient (RpcClient.java:createBucket(669)) - Creating Bucket: volume28432/bucket34919, with bucket layout LEGACY, runner as owner, Versioning false, Storage Type set to DISK and Encryption set to false 
2022-07-02 07:20:02,382 [OM StateMachine ApplyTransaction Thread - 0] INFO  bucket.OMBucketCreateRequest (OMBucketCreateRequest.java:validateAndUpdateCache(260)) - created bucket: bucket34919 of layout LEGACY in volume: volume28432
07:20:02.407 [IPC Server handler 1 on default port 41977] ERROR OMAudit - user=runner | ip=127.0.0.1 | op=GET_FILE_STATUS {volume=volume28432, bucket=bucket34919, key=target/leaf, dataSize=0, replicationConfig=null} | ret=FAILURE
org.apache.hadoop.ozone.om.exceptions.OMException: Unable to get file status: volume: volume28432 bucket: bucket34919 key: target/leaf
	at org.apache.hadoop.ozone.om.KeyManagerImpl.getOzoneFileStatus(KeyManagerImpl.java:1311) ~[ozone-manager-1.3.0-SNAPSHOT.jar:?]
	at org.apache.hadoop.ozone.om.KeyManagerImpl.getFileStatus(KeyManagerImpl.java:1241) ~[ozone-manager-1.3.0-SNAPSHOT.jar:?]
	at org.apache.hadoop.ozone.om.OzoneManager.getFileStatus(OzoneManager.java:3419) ~[ozone-manager-1.3.0-SNAPSHOT.jar:?]
	at org.apache.hadoop.ozone.protocolPB.OzoneManagerRequestHandler.getOzoneFileStatus(OzoneManagerRequestHandler.java:871) ~[ozone-manager-1.3.0-SNAPSHOT.jar:?]
	at org.apache.hadoop.ozone.protocolPB.OzoneManagerRequestHandler.handleReadRequest(OzoneManagerRequestHandler.java:217) ~[ozone-manager-1.3.0-SNAPSHOT.jar:?]
	at org.apache.hadoop.ozone.protocolPB.OzoneManagerProtocolServerSideTranslatorPB.submitReadRequestToOM(OzoneManagerProtocolServerSideTranslatorPB.java:226) ~[ozone-manager-1.3.0-SNAPSHOT.jar:?]
	at org.apache.hadoop.ozone.protocolPB.OzoneManagerProtocolServerSideTranslatorPB.processRequest(OzoneManagerProtocolServerSideTranslatorPB.java:175) ~[ozone-manager-1.3.0-SNAPSHOT.jar:?]
	at org.apache.hadoop.hdds.server.OzoneProtocolMessageDispatcher.processRequest(OzoneProtocolMessageDispatcher.java:87) [hdds-server-framework-1.3.0-SNAPSHOT.jar:?]
	at org.apache.hadoop.ozone.protocolPB.OzoneManagerProtocolServerSideTranslatorPB.submitRequest(OzoneManagerProtocolServerSideTranslatorPB.java:147) [ozone-manager-1.3.0-SNAPSHOT.jar:?]
	at org.apache.hadoop.ozone.protocol.proto.OzoneManagerProtocolProtos$OzoneManagerService$2.callBlockingMethod(OzoneManagerProtocolProtos.java) [ozone-interface-client-1.3.0-SNAPSHOT.jar:?]
	at org.apache.hadoop.ipc.ProtobufRpcEngine$Server.processCall(ProtobufRpcEngine.java:466) [hadoop-common-3.3.1.jar:?]
	at org.apache.hadoop.ipc.ProtobufRpcEngine2$Server$ProtoBufRpcInvoker.call(ProtobufRpcEngine2.java:574) [hadoop-common-3.3.1.jar:?]
	at org.apache.hadoop.ipc.ProtobufRpcEngine2$Server$ProtoBufRpcInvoker.call(ProtobufRpcEngine2.java:552) [hadoop-common-3.3.1.jar:?]
	at org.apache.hadoop.ipc.RPC$Server.call(RPC.java:1093) [hadoop-common-3.3.1.jar:?]
	at org.apache.hadoop.ipc.Server$RpcCall.run(Server.java:1035) [hadoop-common-3.3.1.jar:?]
	at org.apache.hadoop.ipc.Server$RpcCall.run(Server.java:963) [hadoop-common-3.3.1.jar:?]
	at java.security.AccessController.doPrivileged(Native Method) ~[?:1.8.0_332]
	at javax.security.auth.Subject.doAs(Subject.java:422) [?:1.8.0_332]
	at org.apache.hadoop.security.UserGroupInformation.doAs(UserGroupInformation.java:1878) [hadoop-common-3.3.1.jar:?]
	at org.apache.hadoop.ipc.Server$Handler.run(Server.java:2966) [hadoop-common-3.3.1.jar:?]
]]></system-out>
  </testcase>
  <testcase name="testNonExplicitlyCreatedPathExistsAfterItsLeafsWereRemoved" classname="TestRootedOzoneFileSystem" time="0.118">
    <system-out><![CDATA[2022-07-02 07:21:14,724 [Time-limited test] INFO  rpc.RpcClient (RpcClient.java:createVolume(466)) - Creating Volume: volume89078, with user99451 as owner and space quota set to -1 bytes, counts quota set to -1
2022-07-02 07:21:14,726 [OM StateMachine ApplyTransaction Thread - 0] INFO  volume.OMVolumeCreateRequest (OMVolumeCreateRequest.java:validateAndUpdateCache(195)) - created volume:volume89078 for user:user99451
2022-07-02 07:21:14,732 [Time-limited test] INFO  rpc.RpcClient (RpcClient.java:createBucket(669)) - Creating Bucket: volume89078/bucket51255, with bucket layout LEGACY, runner as owner, Versioning false, Storage Type set to DISK and Encryption set to false 
2022-07-02 07:21:14,734 [OM StateMachine ApplyTransaction Thread - 0] INFO  bucket.OMBucketCreateRequest (OMBucketCreateRequest.java:validateAndUpdateCache(260)) - created bucket: bucket51255 of layout LEGACY in volume: volume89078
07:21:14.742 [IPC Server handler 15 on default port 42659] ERROR OMAudit - user=runner | ip=127.0.0.1 | op=GET_FILE_STATUS {volume=volume89078, bucket=bucket51255, key=target/leaf, dataSize=0, replicationConfig=null} | ret=FAILURE
org.apache.hadoop.ozone.om.exceptions.OMException: Unable to get file status: volume: volume89078 bucket: bucket51255 key: target/leaf
	at org.apache.hadoop.ozone.om.KeyManagerImpl.getOzoneFileStatus(KeyManagerImpl.java:1311) ~[ozone-manager-1.3.0-SNAPSHOT.jar:?]
	at org.apache.hadoop.ozone.om.KeyManagerImpl.getFileStatus(KeyManagerImpl.java:1241) ~[ozone-manager-1.3.0-SNAPSHOT.jar:?]
	at org.apache.hadoop.ozone.om.OzoneManager.getFileStatus(OzoneManager.java:3419) ~[ozone-manager-1.3.0-SNAPSHOT.jar:?]
	at org.apache.hadoop.ozone.protocolPB.OzoneManagerRequestHandler.getOzoneFileStatus(OzoneManagerRequestHandler.java:871) ~[ozone-manager-1.3.0-SNAPSHOT.jar:?]
	at org.apache.hadoop.ozone.protocolPB.OzoneManagerRequestHandler.handleReadRequest(OzoneManagerRequestHandler.java:217) ~[ozone-manager-1.3.0-SNAPSHOT.jar:?]
	at org.apache.hadoop.ozone.protocolPB.OzoneManagerProtocolServerSideTranslatorPB.submitReadRequestToOM(OzoneManagerProtocolServerSideTranslatorPB.java:226) ~[ozone-manager-1.3.0-SNAPSHOT.jar:?]
	at org.apache.hadoop.ozone.protocolPB.OzoneManagerProtocolServerSideTranslatorPB.processRequest(OzoneManagerProtocolServerSideTranslatorPB.java:175) ~[ozone-manager-1.3.0-SNAPSHOT.jar:?]
	at org.apache.hadoop.hdds.server.OzoneProtocolMessageDispatcher.processRequest(OzoneProtocolMessageDispatcher.java:87) [hdds-server-framework-1.3.0-SNAPSHOT.jar:?]
	at org.apache.hadoop.ozone.protocolPB.OzoneManagerProtocolServerSideTranslatorPB.submitRequest(OzoneManagerProtocolServerSideTranslatorPB.java:147) [ozone-manager-1.3.0-SNAPSHOT.jar:?]
	at org.apache.hadoop.ozone.protocol.proto.OzoneManagerProtocolProtos$OzoneManagerService$2.callBlockingMethod(OzoneManagerProtocolProtos.java) [ozone-interface-client-1.3.0-SNAPSHOT.jar:?]
	at org.apache.hadoop.ipc.ProtobufRpcEngine$Server.processCall(ProtobufRpcEngine.java:466) [hadoop-common-3.3.1.jar:?]
	at org.apache.hadoop.ipc.ProtobufRpcEngine2$Server$ProtoBufRpcInvoker.call(ProtobufRpcEngine2.java:574) [hadoop-common-3.3.1.jar:?]
	at org.apache.hadoop.ipc.ProtobufRpcEngine2$Server$ProtoBufRpcInvoker.call(ProtobufRpcEngine2.java:552) [hadoop-common-3.3.1.jar:?]
	at org.apache.hadoop.ipc.RPC$Server.call(RPC.java:1093) [hadoop-common-3.3.1.jar:?]
	at org.apache.hadoop.ipc.Server$RpcCall.run(Server.java:1035) [hadoop-common-3.3.1.jar:?]
	at org.apache.hadoop.ipc.Server$RpcCall.run(Server.java:963) [hadoop-common-3.3.1.jar:?]
	at java.security.AccessController.doPrivileged(Native Method) ~[?:1.8.0_332]
	at javax.security.auth.Subject.doAs(Subject.java:422) [?:1.8.0_332]
	at org.apache.hadoop.security.UserGroupInformation.doAs(UserGroupInformation.java:1878) [hadoop-common-3.3.1.jar:?]
	at org.apache.hadoop.ipc.Server$Handler.run(Server.java:2966) [hadoop-common-3.3.1.jar:?]
]]></system-out>
  </testcase>
  <testcase name="testNonExplicitlyCreatedPathExistsAfterItsLeafsWereRemoved" classname="TestRootedOzoneFileSystem" time="0.146">
    <system-out><![CDATA[2022-07-02 07:22:26,704 [Time-limited test] INFO  rpc.RpcClient (RpcClient.java:createVolume(466)) - Creating Volume: volume30803, with user37128 as owner and space quota set to -1 bytes, counts quota set to -1
2022-07-02 07:22:26,705 [IPC Server handler 14 on default port 38347] INFO  volume.OMVolumeCreateRequest (OMVolumeCreateRequest.java:validateAndUpdateCache(195)) - created volume:volume30803 for user:user37128
2022-07-02 07:22:26,706 [Time-limited test] INFO  rpc.RpcClient (RpcClient.java:createBucket(669)) - Creating Bucket: volume30803/bucket79267, with bucket layout LEGACY, runner as owner, Versioning false, Storage Type set to DISK and Encryption set to false 
2022-07-02 07:22:26,706 [IPC Server handler 19 on default port 38347] INFO  bucket.OMBucketCreateRequest (OMBucketCreateRequest.java:validateAndUpdateCache(260)) - created bucket: bucket79267 of layout LEGACY in volume: volume30803
07:22:26.730 [IPC Server handler 10 on default port 38347] ERROR OMAudit - user=runner | ip=127.0.0.1 | op=GET_FILE_STATUS {volume=volume30803, bucket=bucket79267, key=target/leaf, dataSize=0, replicationConfig=null} | ret=FAILURE
org.apache.hadoop.ozone.om.exceptions.OMException: Unable to get file status: volume: volume30803 bucket: bucket79267 key: target/leaf
	at org.apache.hadoop.ozone.om.KeyManagerImpl.getOzoneFileStatus(KeyManagerImpl.java:1311) ~[ozone-manager-1.3.0-SNAPSHOT.jar:?]
	at org.apache.hadoop.ozone.om.KeyManagerImpl.getFileStatus(KeyManagerImpl.java:1241) ~[ozone-manager-1.3.0-SNAPSHOT.jar:?]
	at org.apache.hadoop.ozone.om.OzoneManager.getFileStatus(OzoneManager.java:3419) ~[ozone-manager-1.3.0-SNAPSHOT.jar:?]
	at org.apache.hadoop.ozone.protocolPB.OzoneManagerRequestHandler.getOzoneFileStatus(OzoneManagerRequestHandler.java:871) ~[ozone-manager-1.3.0-SNAPSHOT.jar:?]
	at org.apache.hadoop.ozone.protocolPB.OzoneManagerRequestHandler.handleReadRequest(OzoneManagerRequestHandler.java:217) ~[ozone-manager-1.3.0-SNAPSHOT.jar:?]
	at org.apache.hadoop.ozone.protocolPB.OzoneManagerProtocolServerSideTranslatorPB.submitRequestDirectlyToOM(OzoneManagerProtocolServerSideTranslatorPB.java:276) ~[ozone-manager-1.3.0-SNAPSHOT.jar:?]
	at org.apache.hadoop.ozone.protocolPB.OzoneManagerProtocolServerSideTranslatorPB.processRequest(OzoneManagerProtocolServerSideTranslatorPB.java:205) ~[ozone-manager-1.3.0-SNAPSHOT.jar:?]
	at org.apache.hadoop.hdds.server.OzoneProtocolMessageDispatcher.processRequest(OzoneProtocolMessageDispatcher.java:87) [hdds-server-framework-1.3.0-SNAPSHOT.jar:?]
	at org.apache.hadoop.ozone.protocolPB.OzoneManagerProtocolServerSideTranslatorPB.submitRequest(OzoneManagerProtocolServerSideTranslatorPB.java:147) [ozone-manager-1.3.0-SNAPSHOT.jar:?]
	at org.apache.hadoop.ozone.protocol.proto.OzoneManagerProtocolProtos$OzoneManagerService$2.callBlockingMethod(OzoneManagerProtocolProtos.java) [ozone-interface-client-1.3.0-SNAPSHOT.jar:?]
	at org.apache.hadoop.ipc.ProtobufRpcEngine$Server.processCall(ProtobufRpcEngine.java:466) [hadoop-common-3.3.1.jar:?]
	at org.apache.hadoop.ipc.ProtobufRpcEngine2$Server$ProtoBufRpcInvoker.call(ProtobufRpcEngine2.java:574) [hadoop-common-3.3.1.jar:?]
	at org.apache.hadoop.ipc.ProtobufRpcEngine2$Server$ProtoBufRpcInvoker.call(ProtobufRpcEngine2.java:552) [hadoop-common-3.3.1.jar:?]
	at org.apache.hadoop.ipc.RPC$Server.call(RPC.java:1093) [hadoop-common-3.3.1.jar:?]
	at org.apache.hadoop.ipc.Server$RpcCall.run(Server.java:1035) [hadoop-common-3.3.1.jar:?]
	at org.apache.hadoop.ipc.Server$RpcCall.run(Server.java:963) [hadoop-common-3.3.1.jar:?]
	at java.security.AccessController.doPrivileged(Native Method) ~[?:1.8.0_332]
	at javax.security.auth.Subject.doAs(Subject.java:422) [?:1.8.0_332]
	at org.apache.hadoop.security.UserGroupInformation.doAs(UserGroupInformation.java:1878) [hadoop-common-3.3.1.jar:?]
	at org.apache.hadoop.ipc.Server$Handler.run(Server.java:2966) [hadoop-common-3.3.1.jar:?]
]]></system-out>
  </testcase>
  <testcase name="testNonExplicitlyCreatedPathExistsAfterItsLeafsWereRemoved" classname="TestRootedOzoneFileSystem" time="0.263">
    <system-out><![CDATA[2022-07-02 07:24:02,872 [Time-limited test] INFO  rpc.RpcClient (RpcClient.java:createVolume(466)) - Creating Volume: volume88155, with user02431 as owner and space quota set to -1 bytes, counts quota set to -1
2022-07-02 07:24:02,877 [OM StateMachine ApplyTransaction Thread - 0] INFO  volume.OMVolumeCreateRequest (OMVolumeCreateRequest.java:validateAndUpdateCache(195)) - created volume:volume88155 for user:user02431
2022-07-02 07:24:02,878 [Time-limited test] INFO  rpc.RpcClient (RpcClient.java:createBucket(669)) - Creating Bucket: volume88155/bucket89199, with bucket layout LEGACY, runner as owner, Versioning false, Storage Type set to DISK and Encryption set to false 
2022-07-02 07:24:02,879 [OM StateMachine ApplyTransaction Thread - 0] INFO  bucket.OMBucketCreateRequest (OMBucketCreateRequest.java:validateAndUpdateCache(260)) - created bucket: bucket89199 of layout LEGACY in volume: volume88155
07:24:02.887 [IPC Server handler 0 on default port 38259] ERROR OMAudit - user=runner | ip=127.0.0.1 | op=GET_FILE_STATUS {volume=volume88155, bucket=bucket89199, key=target/leaf, dataSize=0, replicationConfig=null} | ret=FAILURE
org.apache.hadoop.ozone.om.exceptions.OMException: Unable to get file status: volume: volume88155 bucket: bucket89199 key: target/leaf
	at org.apache.hadoop.ozone.om.KeyManagerImpl.getOzoneFileStatus(KeyManagerImpl.java:1311) ~[ozone-manager-1.3.0-SNAPSHOT.jar:?]
	at org.apache.hadoop.ozone.om.KeyManagerImpl.getFileStatus(KeyManagerImpl.java:1241) ~[ozone-manager-1.3.0-SNAPSHOT.jar:?]
	at org.apache.hadoop.ozone.om.OzoneManager.getFileStatus(OzoneManager.java:3419) ~[ozone-manager-1.3.0-SNAPSHOT.jar:?]
	at org.apache.hadoop.ozone.protocolPB.OzoneManagerRequestHandler.getOzoneFileStatus(OzoneManagerRequestHandler.java:871) ~[ozone-manager-1.3.0-SNAPSHOT.jar:?]
	at org.apache.hadoop.ozone.protocolPB.OzoneManagerRequestHandler.handleReadRequest(OzoneManagerRequestHandler.java:217) ~[ozone-manager-1.3.0-SNAPSHOT.jar:?]
	at org.apache.hadoop.ozone.protocolPB.OzoneManagerProtocolServerSideTranslatorPB.submitReadRequestToOM(OzoneManagerProtocolServerSideTranslatorPB.java:226) ~[ozone-manager-1.3.0-SNAPSHOT.jar:?]
	at org.apache.hadoop.ozone.protocolPB.OzoneManagerProtocolServerSideTranslatorPB.processRequest(OzoneManagerProtocolServerSideTranslatorPB.java:175) ~[ozone-manager-1.3.0-SNAPSHOT.jar:?]
	at org.apache.hadoop.hdds.server.OzoneProtocolMessageDispatcher.processRequest(OzoneProtocolMessageDispatcher.java:87) [hdds-server-framework-1.3.0-SNAPSHOT.jar:?]
	at org.apache.hadoop.ozone.protocolPB.OzoneManagerProtocolServerSideTranslatorPB.submitRequest(OzoneManagerProtocolServerSideTranslatorPB.java:147) [ozone-manager-1.3.0-SNAPSHOT.jar:?]
	at org.apache.hadoop.ozone.protocol.proto.OzoneManagerProtocolProtos$OzoneManagerService$2.callBlockingMethod(OzoneManagerProtocolProtos.java) [ozone-interface-client-1.3.0-SNAPSHOT.jar:?]
	at org.apache.hadoop.ipc.ProtobufRpcEngine$Server.processCall(ProtobufRpcEngine.java:466) [hadoop-common-3.3.1.jar:?]
	at org.apache.hadoop.ipc.ProtobufRpcEngine2$Server$ProtoBufRpcInvoker.call(ProtobufRpcEngine2.java:574) [hadoop-common-3.3.1.jar:?]
	at org.apache.hadoop.ipc.ProtobufRpcEngine2$Server$ProtoBufRpcInvoker.call(ProtobufRpcEngine2.java:552) [hadoop-common-3.3.1.jar:?]
	at org.apache.hadoop.ipc.RPC$Server.call(RPC.java:1093) [hadoop-common-3.3.1.jar:?]
	at org.apache.hadoop.ipc.Server$RpcCall.run(Server.java:1035) [hadoop-common-3.3.1.jar:?]
	at org.apache.hadoop.ipc.Server$RpcCall.run(Server.java:963) [hadoop-common-3.3.1.jar:?]
	at java.security.AccessController.doPrivileged(Native Method) ~[?:1.8.0_332]
	at javax.security.auth.Subject.doAs(Subject.java:422) [?:1.8.0_332]
	at org.apache.hadoop.security.UserGroupInformation.doAs(UserGroupInformation.java:1878) [hadoop-common-3.3.1.jar:?]
	at org.apache.hadoop.ipc.Server$Handler.run(Server.java:2966) [hadoop-common-3.3.1.jar:?]
]]></system-out>
  </testcase>
  <testcase name="testNonExplicitlyCreatedPathExistsAfterItsLeafsWereRemoved" classname="TestRootedOzoneFileSystem" time="0.213">
    <system-out><![CDATA[2022-07-02 07:25:33,794 [Time-limited test] INFO  rpc.RpcClient (RpcClient.java:createVolume(466)) - Creating Volume: volume79083, with user40960 as owner and space quota set to -1 bytes, counts quota set to -1
2022-07-02 07:25:33,794 [IPC Server handler 3 on default port 43657] INFO  volume.OMVolumeCreateRequest (OMVolumeCreateRequest.java:validateAndUpdateCache(195)) - created volume:volume79083 for user:user40960
2022-07-02 07:25:33,796 [Time-limited test] INFO  rpc.RpcClient (RpcClient.java:createBucket(669)) - Creating Bucket: volume79083/bucket87162, with bucket layout LEGACY, runner as owner, Versioning false, Storage Type set to DISK and Encryption set to false 
2022-07-02 07:25:33,797 [IPC Server handler 5 on default port 43657] INFO  bucket.OMBucketCreateRequest (OMBucketCreateRequest.java:validateAndUpdateCache(260)) - created bucket: bucket87162 of layout LEGACY in volume: volume79083
07:25:33.861 [IPC Server handler 1 on default port 43657] ERROR OMAudit - user=runner | ip=127.0.0.1 | op=GET_FILE_STATUS {volume=volume79083, bucket=bucket87162, key=target/leaf, dataSize=0, replicationConfig=null} | ret=FAILURE
org.apache.hadoop.ozone.om.exceptions.OMException: Unable to get file status: volume: volume79083 bucket: bucket87162 key: target/leaf
	at org.apache.hadoop.ozone.om.KeyManagerImpl.getOzoneFileStatus(KeyManagerImpl.java:1311) ~[ozone-manager-1.3.0-SNAPSHOT.jar:?]
	at org.apache.hadoop.ozone.om.KeyManagerImpl.getFileStatus(KeyManagerImpl.java:1241) ~[ozone-manager-1.3.0-SNAPSHOT.jar:?]
	at org.apache.hadoop.ozone.om.OzoneManager.getFileStatus(OzoneManager.java:3419) ~[ozone-manager-1.3.0-SNAPSHOT.jar:?]
	at org.apache.hadoop.ozone.protocolPB.OzoneManagerRequestHandler.getOzoneFileStatus(OzoneManagerRequestHandler.java:871) ~[ozone-manager-1.3.0-SNAPSHOT.jar:?]
	at org.apache.hadoop.ozone.protocolPB.OzoneManagerRequestHandler.handleReadRequest(OzoneManagerRequestHandler.java:217) ~[ozone-manager-1.3.0-SNAPSHOT.jar:?]
	at org.apache.hadoop.ozone.protocolPB.OzoneManagerProtocolServerSideTranslatorPB.submitRequestDirectlyToOM(OzoneManagerProtocolServerSideTranslatorPB.java:276) ~[ozone-manager-1.3.0-SNAPSHOT.jar:?]
	at org.apache.hadoop.ozone.protocolPB.OzoneManagerProtocolServerSideTranslatorPB.processRequest(OzoneManagerProtocolServerSideTranslatorPB.java:205) ~[ozone-manager-1.3.0-SNAPSHOT.jar:?]
	at org.apache.hadoop.hdds.server.OzoneProtocolMessageDispatcher.processRequest(OzoneProtocolMessageDispatcher.java:87) [hdds-server-framework-1.3.0-SNAPSHOT.jar:?]
	at org.apache.hadoop.ozone.protocolPB.OzoneManagerProtocolServerSideTranslatorPB.submitRequest(OzoneManagerProtocolServerSideTranslatorPB.java:147) [ozone-manager-1.3.0-SNAPSHOT.jar:?]
	at org.apache.hadoop.ozone.protocol.proto.OzoneManagerProtocolProtos$OzoneManagerService$2.callBlockingMethod(OzoneManagerProtocolProtos.java) [ozone-interface-client-1.3.0-SNAPSHOT.jar:?]
	at org.apache.hadoop.ipc.ProtobufRpcEngine$Server.processCall(ProtobufRpcEngine.java:466) [hadoop-common-3.3.1.jar:?]
	at org.apache.hadoop.ipc.ProtobufRpcEngine2$Server$ProtoBufRpcInvoker.call(ProtobufRpcEngine2.java:574) [hadoop-common-3.3.1.jar:?]
	at org.apache.hadoop.ipc.ProtobufRpcEngine2$Server$ProtoBufRpcInvoker.call(ProtobufRpcEngine2.java:552) [hadoop-common-3.3.1.jar:?]
	at org.apache.hadoop.ipc.RPC$Server.call(RPC.java:1093) [hadoop-common-3.3.1.jar:?]
	at org.apache.hadoop.ipc.Server$RpcCall.run(Server.java:1035) [hadoop-common-3.3.1.jar:?]
	at org.apache.hadoop.ipc.Server$RpcCall.run(Server.java:963) [hadoop-common-3.3.1.jar:?]
	at java.security.AccessController.doPrivileged(Native Method) ~[?:1.8.0_332]
	at javax.security.auth.Subject.doAs(Subject.java:422) [?:1.8.0_332]
	at org.apache.hadoop.security.UserGroupInformation.doAs(UserGroupInformation.java:1878) [hadoop-common-3.3.1.jar:?]
	at org.apache.hadoop.ipc.Server$Handler.run(Server.java:2966) [hadoop-common-3.3.1.jar:?]
]]></system-out>
  </testcase>
  <testcase name="testFileDelete" classname="TestRootedOzoneFileSystem" time="0.307">
    <system-out><![CDATA[2022-07-02 07:20:02,485 [Time-limited test] INFO  rpc.RpcClient (RpcClient.java:createVolume(466)) - Creating Volume: volume67317, with user48554 as owner and space quota set to -1 bytes, counts quota set to -1
2022-07-02 07:20:02,488 [OM StateMachine ApplyTransaction Thread - 0] INFO  volume.OMVolumeCreateRequest (OMVolumeCreateRequest.java:validateAndUpdateCache(195)) - created volume:volume67317 for user:user48554
2022-07-02 07:20:02,491 [Time-limited test] INFO  rpc.RpcClient (RpcClient.java:createBucket(669)) - Creating Bucket: volume67317/bucket62473, with bucket layout LEGACY, runner as owner, Versioning false, Storage Type set to DISK and Encryption set to false 
2022-07-02 07:20:02,496 [OM StateMachine ApplyTransaction Thread - 0] INFO  bucket.OMBucketCreateRequest (OMBucketCreateRequest.java:validateAndUpdateCache(260)) - created bucket: bucket62473 of layout LEGACY in volume: volume67317
07:20:02.686 [IPC Server handler 11 on default port 41977] ERROR OMAudit - user=runner | ip=127.0.0.1 | op=GET_FILE_STATUS {volume=volume67317, bucket=bucket62473, key=testBatchDelete, dataSize=0, replicationConfig=null} | ret=FAILURE
org.apache.hadoop.ozone.om.exceptions.OMException: Unable to get file status: volume: volume67317 bucket: bucket62473 key: testBatchDelete
	at org.apache.hadoop.ozone.om.KeyManagerImpl.getOzoneFileStatus(KeyManagerImpl.java:1311) ~[ozone-manager-1.3.0-SNAPSHOT.jar:?]
	at org.apache.hadoop.ozone.om.KeyManagerImpl.getFileStatus(KeyManagerImpl.java:1241) ~[ozone-manager-1.3.0-SNAPSHOT.jar:?]
	at org.apache.hadoop.ozone.om.OzoneManager.getFileStatus(OzoneManager.java:3419) ~[ozone-manager-1.3.0-SNAPSHOT.jar:?]
	at org.apache.hadoop.ozone.protocolPB.OzoneManagerRequestHandler.getOzoneFileStatus(OzoneManagerRequestHandler.java:871) ~[ozone-manager-1.3.0-SNAPSHOT.jar:?]
	at org.apache.hadoop.ozone.protocolPB.OzoneManagerRequestHandler.handleReadRequest(OzoneManagerRequestHandler.java:217) ~[ozone-manager-1.3.0-SNAPSHOT.jar:?]
	at org.apache.hadoop.ozone.protocolPB.OzoneManagerProtocolServerSideTranslatorPB.submitReadRequestToOM(OzoneManagerProtocolServerSideTranslatorPB.java:226) ~[ozone-manager-1.3.0-SNAPSHOT.jar:?]
	at org.apache.hadoop.ozone.protocolPB.OzoneManagerProtocolServerSideTranslatorPB.processRequest(OzoneManagerProtocolServerSideTranslatorPB.java:175) ~[ozone-manager-1.3.0-SNAPSHOT.jar:?]
	at org.apache.hadoop.hdds.server.OzoneProtocolMessageDispatcher.processRequest(OzoneProtocolMessageDispatcher.java:87) [hdds-server-framework-1.3.0-SNAPSHOT.jar:?]
	at org.apache.hadoop.ozone.protocolPB.OzoneManagerProtocolServerSideTranslatorPB.submitRequest(OzoneManagerProtocolServerSideTranslatorPB.java:147) [ozone-manager-1.3.0-SNAPSHOT.jar:?]
	at org.apache.hadoop.ozone.protocol.proto.OzoneManagerProtocolProtos$OzoneManagerService$2.callBlockingMethod(OzoneManagerProtocolProtos.java) [ozone-interface-client-1.3.0-SNAPSHOT.jar:?]
	at org.apache.hadoop.ipc.ProtobufRpcEngine$Server.processCall(ProtobufRpcEngine.java:466) [hadoop-common-3.3.1.jar:?]
	at org.apache.hadoop.ipc.ProtobufRpcEngine2$Server$ProtoBufRpcInvoker.call(ProtobufRpcEngine2.java:574) [hadoop-common-3.3.1.jar:?]
	at org.apache.hadoop.ipc.ProtobufRpcEngine2$Server$ProtoBufRpcInvoker.call(ProtobufRpcEngine2.java:552) [hadoop-common-3.3.1.jar:?]
	at org.apache.hadoop.ipc.RPC$Server.call(RPC.java:1093) [hadoop-common-3.3.1.jar:?]
	at org.apache.hadoop.ipc.Server$RpcCall.run(Server.java:1035) [hadoop-common-3.3.1.jar:?]
	at org.apache.hadoop.ipc.Server$RpcCall.run(Server.java:963) [hadoop-common-3.3.1.jar:?]
	at java.security.AccessController.doPrivileged(Native Method) ~[?:1.8.0_332]
	at javax.security.auth.Subject.doAs(Subject.java:422) [?:1.8.0_332]
	at org.apache.hadoop.security.UserGroupInformation.doAs(UserGroupInformation.java:1878) [hadoop-common-3.3.1.jar:?]
	at org.apache.hadoop.ipc.Server$Handler.run(Server.java:2966) [hadoop-common-3.3.1.jar:?]
07:20:02.696 [IPC Server handler 15 on default port 41977] ERROR OMAudit - user=runner | ip=127.0.0.1 | op=GET_FILE_STATUS {volume=volume67317, bucket=bucket62473, key=testBatchDelete/parent/child0, dataSize=0, replicationConfig=null} | ret=FAILURE
org.apache.hadoop.ozone.om.exceptions.OMException: Unable to get file status: volume: volume67317 bucket: bucket62473 key: testBatchDelete/parent/child0
	at org.apache.hadoop.ozone.om.KeyManagerImpl.getOzoneFileStatus(KeyManagerImpl.java:1311) ~[ozone-manager-1.3.0-SNAPSHOT.jar:?]
	at org.apache.hadoop.ozone.om.KeyManagerImpl.getFileStatus(KeyManagerImpl.java:1241) ~[ozone-manager-1.3.0-SNAPSHOT.jar:?]
	at org.apache.hadoop.ozone.om.OzoneManager.getFileStatus(OzoneManager.java:3419) ~[ozone-manager-1.3.0-SNAPSHOT.jar:?]
	at org.apache.hadoop.ozone.protocolPB.OzoneManagerRequestHandler.getOzoneFileStatus(OzoneManagerRequestHandler.java:871) ~[ozone-manager-1.3.0-SNAPSHOT.jar:?]
	at org.apache.hadoop.ozone.protocolPB.OzoneManagerRequestHandler.handleReadRequest(OzoneManagerRequestHandler.java:217) ~[ozone-manager-1.3.0-SNAPSHOT.jar:?]
	at org.apache.hadoop.ozone.protocolPB.OzoneManagerProtocolServerSideTranslatorPB.submitReadRequestToOM(OzoneManagerProtocolServerSideTranslatorPB.java:226) ~[ozone-manager-1.3.0-SNAPSHOT.jar:?]
	at org.apache.hadoop.ozone.protocolPB.OzoneManagerProtocolServerSideTranslatorPB.processRequest(OzoneManagerProtocolServerSideTranslatorPB.java:175) ~[ozone-manager-1.3.0-SNAPSHOT.jar:?]
	at org.apache.hadoop.hdds.server.OzoneProtocolMessageDispatcher.processRequest(OzoneProtocolMessageDispatcher.java:87) [hdds-server-framework-1.3.0-SNAPSHOT.jar:?]
	at org.apache.hadoop.ozone.protocolPB.OzoneManagerProtocolServerSideTranslatorPB.submitRequest(OzoneManagerProtocolServerSideTranslatorPB.java:147) [ozone-manager-1.3.0-SNAPSHOT.jar:?]
	at org.apache.hadoop.ozone.protocol.proto.OzoneManagerProtocolProtos$OzoneManagerService$2.callBlockingMethod(OzoneManagerProtocolProtos.java) [ozone-interface-client-1.3.0-SNAPSHOT.jar:?]
	at org.apache.hadoop.ipc.ProtobufRpcEngine$Server.processCall(ProtobufRpcEngine.java:466) [hadoop-common-3.3.1.jar:?]
	at org.apache.hadoop.ipc.ProtobufRpcEngine2$Server$ProtoBufRpcInvoker.call(ProtobufRpcEngine2.java:574) [hadoop-common-3.3.1.jar:?]
	at org.apache.hadoop.ipc.ProtobufRpcEngine2$Server$ProtoBufRpcInvoker.call(ProtobufRpcEngine2.java:552) [hadoop-common-3.3.1.jar:?]
	at org.apache.hadoop.ipc.RPC$Server.call(RPC.java:1093) [hadoop-common-3.3.1.jar:?]
	at org.apache.hadoop.ipc.Server$RpcCall.run(Server.java:1035) [hadoop-common-3.3.1.jar:?]
	at org.apache.hadoop.ipc.Server$RpcCall.run(Server.java:963) [hadoop-common-3.3.1.jar:?]
	at java.security.AccessController.doPrivileged(Native Method) ~[?:1.8.0_332]
	at javax.security.auth.Subject.doAs(Subject.java:422) [?:1.8.0_332]
	at org.apache.hadoop.security.UserGroupInformation.doAs(UserGroupInformation.java:1878) [hadoop-common-3.3.1.jar:?]
	at org.apache.hadoop.ipc.Server$Handler.run(Server.java:2966) [hadoop-common-3.3.1.jar:?]
07:20:02.698 [IPC Server handler 18 on default port 41977] ERROR OMAudit - user=runner | ip=127.0.0.1 | op=GET_FILE_STATUS {volume=volume67317, bucket=bucket62473, key=testBatchDelete/parent/childFolder/child0, dataSize=0, replicationConfig=null} | ret=FAILURE
org.apache.hadoop.ozone.om.exceptions.OMException: Unable to get file status: volume: volume67317 bucket: bucket62473 key: testBatchDelete/parent/childFolder/child0
	at org.apache.hadoop.ozone.om.KeyManagerImpl.getOzoneFileStatus(KeyManagerImpl.java:1311) ~[ozone-manager-1.3.0-SNAPSHOT.jar:?]
	at org.apache.hadoop.ozone.om.KeyManagerImpl.getFileStatus(KeyManagerImpl.java:1241) ~[ozone-manager-1.3.0-SNAPSHOT.jar:?]
	at org.apache.hadoop.ozone.om.OzoneManager.getFileStatus(OzoneManager.java:3419) ~[ozone-manager-1.3.0-SNAPSHOT.jar:?]
	at org.apache.hadoop.ozone.protocolPB.OzoneManagerRequestHandler.getOzoneFileStatus(OzoneManagerRequestHandler.java:871) ~[ozone-manager-1.3.0-SNAPSHOT.jar:?]
	at org.apache.hadoop.ozone.protocolPB.OzoneManagerRequestHandler.handleReadRequest(OzoneManagerRequestHandler.java:217) ~[ozone-manager-1.3.0-SNAPSHOT.jar:?]
	at org.apache.hadoop.ozone.protocolPB.OzoneManagerProtocolServerSideTranslatorPB.submitReadRequestToOM(OzoneManagerProtocolServerSideTranslatorPB.java:226) ~[ozone-manager-1.3.0-SNAPSHOT.jar:?]
	at org.apache.hadoop.ozone.protocolPB.OzoneManagerProtocolServerSideTranslatorPB.processRequest(OzoneManagerProtocolServerSideTranslatorPB.java:175) ~[ozone-manager-1.3.0-SNAPSHOT.jar:?]
	at org.apache.hadoop.hdds.server.OzoneProtocolMessageDispatcher.processRequest(OzoneProtocolMessageDispatcher.java:87) [hdds-server-framework-1.3.0-SNAPSHOT.jar:?]
	at org.apache.hadoop.ozone.protocolPB.OzoneManagerProtocolServerSideTranslatorPB.submitRequest(OzoneManagerProtocolServerSideTranslatorPB.java:147) [ozone-manager-1.3.0-SNAPSHOT.jar:?]
	at org.apache.hadoop.ozone.protocol.proto.OzoneManagerProtocolProtos$OzoneManagerService$2.callBlockingMethod(OzoneManagerProtocolProtos.java) [ozone-interface-client-1.3.0-SNAPSHOT.jar:?]
	at org.apache.hadoop.ipc.ProtobufRpcEngine$Server.processCall(ProtobufRpcEngine.java:466) [hadoop-common-3.3.1.jar:?]
	at org.apache.hadoop.ipc.ProtobufRpcEngine2$Server$ProtoBufRpcInvoker.call(ProtobufRpcEngine2.java:574) [hadoop-common-3.3.1.jar:?]
	at org.apache.hadoop.ipc.ProtobufRpcEngine2$Server$ProtoBufRpcInvoker.call(ProtobufRpcEngine2.java:552) [hadoop-common-3.3.1.jar:?]
	at org.apache.hadoop.ipc.RPC$Server.call(RPC.java:1093) [hadoop-common-3.3.1.jar:?]
	at org.apache.hadoop.ipc.Server$RpcCall.run(Server.java:1035) [hadoop-common-3.3.1.jar:?]
	at org.apache.hadoop.ipc.Server$RpcCall.run(Server.java:963) [hadoop-common-3.3.1.jar:?]
	at java.security.AccessController.doPrivileged(Native Method) ~[?:1.8.0_332]
	at javax.security.auth.Subject.doAs(Subject.java:422) [?:1.8.0_332]
	at org.apache.hadoop.security.UserGroupInformation.doAs(UserGroupInformation.java:1878) [hadoop-common-3.3.1.jar:?]
	at org.apache.hadoop.ipc.Server$Handler.run(Server.java:2966) [hadoop-common-3.3.1.jar:?]
07:20:02.709 [IPC Server handler 17 on default port 41977] ERROR OMAudit - user=runner | ip=127.0.0.1 | op=GET_FILE_STATUS {volume=volume67317, bucket=bucket62473, key=testBatchDelete/parent/child1, dataSize=0, replicationConfig=null} | ret=FAILURE
org.apache.hadoop.ozone.om.exceptions.OMException: Unable to get file status: volume: volume67317 bucket: bucket62473 key: testBatchDelete/parent/child1
	at org.apache.hadoop.ozone.om.KeyManagerImpl.getOzoneFileStatus(KeyManagerImpl.java:1311) ~[ozone-manager-1.3.0-SNAPSHOT.jar:?]
	at org.apache.hadoop.ozone.om.KeyManagerImpl.getFileStatus(KeyManagerImpl.java:1241) ~[ozone-manager-1.3.0-SNAPSHOT.jar:?]
	at org.apache.hadoop.ozone.om.OzoneManager.getFileStatus(OzoneManager.java:3419) ~[ozone-manager-1.3.0-SNAPSHOT.jar:?]
	at org.apache.hadoop.ozone.protocolPB.OzoneManagerRequestHandler.getOzoneFileStatus(OzoneManagerRequestHandler.java:871) ~[ozone-manager-1.3.0-SNAPSHOT.jar:?]
	at org.apache.hadoop.ozone.protocolPB.OzoneManagerRequestHandler.handleReadRequest(OzoneManagerRequestHandler.java:217) ~[ozone-manager-1.3.0-SNAPSHOT.jar:?]
	at org.apache.hadoop.ozone.protocolPB.OzoneManagerProtocolServerSideTranslatorPB.submitReadRequestToOM(OzoneManagerProtocolServerSideTranslatorPB.java:226) ~[ozone-manager-1.3.0-SNAPSHOT.jar:?]
	at org.apache.hadoop.ozone.protocolPB.OzoneManagerProtocolServerSideTranslatorPB.processRequest(OzoneManagerProtocolServerSideTranslatorPB.java:175) ~[ozone-manager-1.3.0-SNAPSHOT.jar:?]
	at org.apache.hadoop.hdds.server.OzoneProtocolMessageDispatcher.processRequest(OzoneProtocolMessageDispatcher.java:87) [hdds-server-framework-1.3.0-SNAPSHOT.jar:?]
	at org.apache.hadoop.ozone.protocolPB.OzoneManagerProtocolServerSideTranslatorPB.submitRequest(OzoneManagerProtocolServerSideTranslatorPB.java:147) [ozone-manager-1.3.0-SNAPSHOT.jar:?]
	at org.apache.hadoop.ozone.protocol.proto.OzoneManagerProtocolProtos$OzoneManagerService$2.callBlockingMethod(OzoneManagerProtocolProtos.java) [ozone-interface-client-1.3.0-SNAPSHOT.jar:?]
	at org.apache.hadoop.ipc.ProtobufRpcEngine$Server.processCall(ProtobufRpcEngine.java:466) [hadoop-common-3.3.1.jar:?]
	at org.apache.hadoop.ipc.ProtobufRpcEngine2$Server$ProtoBufRpcInvoker.call(ProtobufRpcEngine2.java:574) [hadoop-common-3.3.1.jar:?]
	at org.apache.hadoop.ipc.ProtobufRpcEngine2$Server$ProtoBufRpcInvoker.call(ProtobufRpcEngine2.java:552) [hadoop-common-3.3.1.jar:?]
	at org.apache.hadoop.ipc.RPC$Server.call(RPC.java:1093) [hadoop-common-3.3.1.jar:?]
	at org.apache.hadoop.ipc.Server$RpcCall.run(Server.java:1035) [hadoop-common-3.3.1.jar:?]
	at org.apache.hadoop.ipc.Server$RpcCall.run(Server.java:963) [hadoop-common-3.3.1.jar:?]
	at java.security.AccessController.doPrivileged(Native Method) ~[?:1.8.0_332]
	at javax.security.auth.Subject.doAs(Subject.java:422) [?:1.8.0_332]
	at org.apache.hadoop.security.UserGroupInformation.doAs(UserGroupInformation.java:1878) [hadoop-common-3.3.1.jar:?]
	at org.apache.hadoop.ipc.Server$Handler.run(Server.java:2966) [hadoop-common-3.3.1.jar:?]
07:20:02.721 [IPC Server handler 0 on default port 41977] ERROR OMAudit - user=runner | ip=127.0.0.1 | op=GET_FILE_STATUS {volume=volume67317, bucket=bucket62473, key=testBatchDelete/parent/childFolder/child1, dataSize=0, replicationConfig=null} | ret=FAILURE
org.apache.hadoop.ozone.om.exceptions.OMException: Unable to get file status: volume: volume67317 bucket: bucket62473 key: testBatchDelete/parent/childFolder/child1
	at org.apache.hadoop.ozone.om.KeyManagerImpl.getOzoneFileStatus(KeyManagerImpl.java:1311) ~[ozone-manager-1.3.0-SNAPSHOT.jar:?]
	at org.apache.hadoop.ozone.om.KeyManagerImpl.getFileStatus(KeyManagerImpl.java:1241) ~[ozone-manager-1.3.0-SNAPSHOT.jar:?]
	at org.apache.hadoop.ozone.om.OzoneManager.getFileStatus(OzoneManager.java:3419) ~[ozone-manager-1.3.0-SNAPSHOT.jar:?]
	at org.apache.hadoop.ozone.protocolPB.OzoneManagerRequestHandler.getOzoneFileStatus(OzoneManagerRequestHandler.java:871) ~[ozone-manager-1.3.0-SNAPSHOT.jar:?]
	at org.apache.hadoop.ozone.protocolPB.OzoneManagerRequestHandler.handleReadRequest(OzoneManagerRequestHandler.java:217) ~[ozone-manager-1.3.0-SNAPSHOT.jar:?]
	at org.apache.hadoop.ozone.protocolPB.OzoneManagerProtocolServerSideTranslatorPB.submitReadRequestToOM(OzoneManagerProtocolServerSideTranslatorPB.java:226) ~[ozone-manager-1.3.0-SNAPSHOT.jar:?]
	at org.apache.hadoop.ozone.protocolPB.OzoneManagerProtocolServerSideTranslatorPB.processRequest(OzoneManagerProtocolServerSideTranslatorPB.java:175) ~[ozone-manager-1.3.0-SNAPSHOT.jar:?]
	at org.apache.hadoop.hdds.server.OzoneProtocolMessageDispatcher.processRequest(OzoneProtocolMessageDispatcher.java:87) [hdds-server-framework-1.3.0-SNAPSHOT.jar:?]
	at org.apache.hadoop.ozone.protocolPB.OzoneManagerProtocolServerSideTranslatorPB.submitRequest(OzoneManagerProtocolServerSideTranslatorPB.java:147) [ozone-manager-1.3.0-SNAPSHOT.jar:?]
	at org.apache.hadoop.ozone.protocol.proto.OzoneManagerProtocolProtos$OzoneManagerService$2.callBlockingMethod(OzoneManagerProtocolProtos.java) [ozone-interface-client-1.3.0-SNAPSHOT.jar:?]
	at org.apache.hadoop.ipc.ProtobufRpcEngine$Server.processCall(ProtobufRpcEngine.java:466) [hadoop-common-3.3.1.jar:?]
	at org.apache.hadoop.ipc.ProtobufRpcEngine2$Server$ProtoBufRpcInvoker.call(ProtobufRpcEngine2.java:574) [hadoop-common-3.3.1.jar:?]
	at org.apache.hadoop.ipc.ProtobufRpcEngine2$Server$ProtoBufRpcInvoker.call(ProtobufRpcEngine2.java:552) [hadoop-common-3.3.1.jar:?]
	at org.apache.hadoop.ipc.RPC$Server.call(RPC.java:1093) [hadoop-common-3.3.1.jar:?]
	at org.apache.hadoop.ipc.Server$RpcCall.run(Server.java:1035) [hadoop-common-3.3.1.jar:?]
	at org.apache.hadoop.ipc.Server$RpcCall.run(Server.java:963) [hadoop-common-3.3.1.jar:?]
	at java.security.AccessController.doPrivileged(Native Method) ~[?:1.8.0_332]
	at javax.security.auth.Subject.doAs(Subject.java:422) [?:1.8.0_332]
	at org.apache.hadoop.security.UserGroupInformation.doAs(UserGroupInformation.java:1878) [hadoop-common-3.3.1.jar:?]
	at org.apache.hadoop.ipc.Server$Handler.run(Server.java:2966) [hadoop-common-3.3.1.jar:?]
07:20:02.723 [IPC Server handler 2 on default port 41977] ERROR OMAudit - user=runner | ip=127.0.0.1 | op=GET_FILE_STATUS {volume=volume67317, bucket=bucket62473, key=testBatchDelete/parent/child2, dataSize=0, replicationConfig=null} | ret=FAILURE
org.apache.hadoop.ozone.om.exceptions.OMException: Unable to get file status: volume: volume67317 bucket: bucket62473 key: testBatchDelete/parent/child2
	at org.apache.hadoop.ozone.om.KeyManagerImpl.getOzoneFileStatus(KeyManagerImpl.java:1311) ~[ozone-manager-1.3.0-SNAPSHOT.jar:?]
	at org.apache.hadoop.ozone.om.KeyManagerImpl.getFileStatus(KeyManagerImpl.java:1241) ~[ozone-manager-1.3.0-SNAPSHOT.jar:?]
	at org.apache.hadoop.ozone.om.OzoneManager.getFileStatus(OzoneManager.java:3419) ~[ozone-manager-1.3.0-SNAPSHOT.jar:?]
	at org.apache.hadoop.ozone.protocolPB.OzoneManagerRequestHandler.getOzoneFileStatus(OzoneManagerRequestHandler.java:871) ~[ozone-manager-1.3.0-SNAPSHOT.jar:?]
	at org.apache.hadoop.ozone.protocolPB.OzoneManagerRequestHandler.handleReadRequest(OzoneManagerRequestHandler.java:217) ~[ozone-manager-1.3.0-SNAPSHOT.jar:?]
	at org.apache.hadoop.ozone.protocolPB.OzoneManagerProtocolServerSideTranslatorPB.submitReadRequestToOM(OzoneManagerProtocolServerSideTranslatorPB.java:226) ~[ozone-manager-1.3.0-SNAPSHOT.jar:?]
	at org.apache.hadoop.ozone.protocolPB.OzoneManagerProtocolServerSideTranslatorPB.processRequest(OzoneManagerProtocolServerSideTranslatorPB.java:175) ~[ozone-manager-1.3.0-SNAPSHOT.jar:?]
	at org.apache.hadoop.hdds.server.OzoneProtocolMessageDispatcher.processRequest(OzoneProtocolMessageDispatcher.java:87) [hdds-server-framework-1.3.0-SNAPSHOT.jar:?]
	at org.apache.hadoop.ozone.protocolPB.OzoneManagerProtocolServerSideTranslatorPB.submitRequest(OzoneManagerProtocolServerSideTranslatorPB.java:147) [ozone-manager-1.3.0-SNAPSHOT.jar:?]
	at org.apache.hadoop.ozone.protocol.proto.OzoneManagerProtocolProtos$OzoneManagerService$2.callBlockingMethod(OzoneManagerProtocolProtos.java) [ozone-interface-client-1.3.0-SNAPSHOT.jar:?]
	at org.apache.hadoop.ipc.ProtobufRpcEngine$Server.processCall(ProtobufRpcEngine.java:466) [hadoop-common-3.3.1.jar:?]
	at org.apache.hadoop.ipc.ProtobufRpcEngine2$Server$ProtoBufRpcInvoker.call(ProtobufRpcEngine2.java:574) [hadoop-common-3.3.1.jar:?]
	at org.apache.hadoop.ipc.ProtobufRpcEngine2$Server$ProtoBufRpcInvoker.call(ProtobufRpcEngine2.java:552) [hadoop-common-3.3.1.jar:?]
	at org.apache.hadoop.ipc.RPC$Server.call(RPC.java:1093) [hadoop-common-3.3.1.jar:?]
	at org.apache.hadoop.ipc.Server$RpcCall.run(Server.java:1035) [hadoop-common-3.3.1.jar:?]
	at org.apache.hadoop.ipc.Server$RpcCall.run(Server.java:963) [hadoop-common-3.3.1.jar:?]
	at java.security.AccessController.doPrivileged(Native Method) ~[?:1.8.0_332]
	at javax.security.auth.Subject.doAs(Subject.java:422) [?:1.8.0_332]
	at org.apache.hadoop.security.UserGroupInformation.doAs(UserGroupInformation.java:1878) [hadoop-common-3.3.1.jar:?]
	at org.apache.hadoop.ipc.Server$Handler.run(Server.java:2966) [hadoop-common-3.3.1.jar:?]
07:20:02.726 [IPC Server handler 3 on default port 41977] ERROR OMAudit - user=runner | ip=127.0.0.1 | op=GET_FILE_STATUS {volume=volume67317, bucket=bucket62473, key=testBatchDelete/parent/childFolder/child2, dataSize=0, replicationConfig=null} | ret=FAILURE
org.apache.hadoop.ozone.om.exceptions.OMException: Unable to get file status: volume: volume67317 bucket: bucket62473 key: testBatchDelete/parent/childFolder/child2
	at org.apache.hadoop.ozone.om.KeyManagerImpl.getOzoneFileStatus(KeyManagerImpl.java:1311) ~[ozone-manager-1.3.0-SNAPSHOT.jar:?]
	at org.apache.hadoop.ozone.om.KeyManagerImpl.getFileStatus(KeyManagerImpl.java:1241) ~[ozone-manager-1.3.0-SNAPSHOT.jar:?]
	at org.apache.hadoop.ozone.om.OzoneManager.getFileStatus(OzoneManager.java:3419) ~[ozone-manager-1.3.0-SNAPSHOT.jar:?]
	at org.apache.hadoop.ozone.protocolPB.OzoneManagerRequestHandler.getOzoneFileStatus(OzoneManagerRequestHandler.java:871) ~[ozone-manager-1.3.0-SNAPSHOT.jar:?]
	at org.apache.hadoop.ozone.protocolPB.OzoneManagerRequestHandler.handleReadRequest(OzoneManagerRequestHandler.java:217) ~[ozone-manager-1.3.0-SNAPSHOT.jar:?]
	at org.apache.hadoop.ozone.protocolPB.OzoneManagerProtocolServerSideTranslatorPB.submitReadRequestToOM(OzoneManagerProtocolServerSideTranslatorPB.java:226) ~[ozone-manager-1.3.0-SNAPSHOT.jar:?]
	at org.apache.hadoop.ozone.protocolPB.OzoneManagerProtocolServerSideTranslatorPB.processRequest(OzoneManagerProtocolServerSideTranslatorPB.java:175) ~[ozone-manager-1.3.0-SNAPSHOT.jar:?]
	at org.apache.hadoop.hdds.server.OzoneProtocolMessageDispatcher.processRequest(OzoneProtocolMessageDispatcher.java:87) [hdds-server-framework-1.3.0-SNAPSHOT.jar:?]
	at org.apache.hadoop.ozone.protocolPB.OzoneManagerProtocolServerSideTranslatorPB.submitRequest(OzoneManagerProtocolServerSideTranslatorPB.java:147) [ozone-manager-1.3.0-SNAPSHOT.jar:?]
	at org.apache.hadoop.ozone.protocol.proto.OzoneManagerProtocolProtos$OzoneManagerService$2.callBlockingMethod(OzoneManagerProtocolProtos.java) [ozone-interface-client-1.3.0-SNAPSHOT.jar:?]
	at org.apache.hadoop.ipc.ProtobufRpcEngine$Server.processCall(ProtobufRpcEngine.java:466) [hadoop-common-3.3.1.jar:?]
	at org.apache.hadoop.ipc.ProtobufRpcEngine2$Server$ProtoBufRpcInvoker.call(ProtobufRpcEngine2.java:574) [hadoop-common-3.3.1.jar:?]
	at org.apache.hadoop.ipc.ProtobufRpcEngine2$Server$ProtoBufRpcInvoker.call(ProtobufRpcEngine2.java:552) [hadoop-common-3.3.1.jar:?]
	at org.apache.hadoop.ipc.RPC$Server.call(RPC.java:1093) [hadoop-common-3.3.1.jar:?]
	at org.apache.hadoop.ipc.Server$RpcCall.run(Server.java:1035) [hadoop-common-3.3.1.jar:?]
	at org.apache.hadoop.ipc.Server$RpcCall.run(Server.java:963) [hadoop-common-3.3.1.jar:?]
	at java.security.AccessController.doPrivileged(Native Method) ~[?:1.8.0_332]
	at javax.security.auth.Subject.doAs(Subject.java:422) [?:1.8.0_332]
	at org.apache.hadoop.security.UserGroupInformation.doAs(UserGroupInformation.java:1878) [hadoop-common-3.3.1.jar:?]
	at org.apache.hadoop.ipc.Server$Handler.run(Server.java:2966) [hadoop-common-3.3.1.jar:?]
07:20:02.729 [IPC Server handler 9 on default port 41977] ERROR OMAudit - user=runner | ip=127.0.0.1 | op=GET_FILE_STATUS {volume=volume67317, bucket=bucket62473, key=testBatchDelete/parent/child3, dataSize=0, replicationConfig=null} | ret=FAILURE
org.apache.hadoop.ozone.om.exceptions.OMException: Unable to get file status: volume: volume67317 bucket: bucket62473 key: testBatchDelete/parent/child3
	at org.apache.hadoop.ozone.om.KeyManagerImpl.getOzoneFileStatus(KeyManagerImpl.java:1311) ~[ozone-manager-1.3.0-SNAPSHOT.jar:?]
	at org.apache.hadoop.ozone.om.KeyManagerImpl.getFileStatus(KeyManagerImpl.java:1241) ~[ozone-manager-1.3.0-SNAPSHOT.jar:?]
	at org.apache.hadoop.ozone.om.OzoneManager.getFileStatus(OzoneManager.java:3419) ~[ozone-manager-1.3.0-SNAPSHOT.jar:?]
	at org.apache.hadoop.ozone.protocolPB.OzoneManagerRequestHandler.getOzoneFileStatus(OzoneManagerRequestHandler.java:871) ~[ozone-manager-1.3.0-SNAPSHOT.jar:?]
	at org.apache.hadoop.ozone.protocolPB.OzoneManagerRequestHandler.handleReadRequest(OzoneManagerRequestHandler.java:217) ~[ozone-manager-1.3.0-SNAPSHOT.jar:?]
	at org.apache.hadoop.ozone.protocolPB.OzoneManagerProtocolServerSideTranslatorPB.submitReadRequestToOM(OzoneManagerProtocolServerSideTranslatorPB.java:226) ~[ozone-manager-1.3.0-SNAPSHOT.jar:?]
	at org.apache.hadoop.ozone.protocolPB.OzoneManagerProtocolServerSideTranslatorPB.processRequest(OzoneManagerProtocolServerSideTranslatorPB.java:175) ~[ozone-manager-1.3.0-SNAPSHOT.jar:?]
	at org.apache.hadoop.hdds.server.OzoneProtocolMessageDispatcher.processRequest(OzoneProtocolMessageDispatcher.java:87) [hdds-server-framework-1.3.0-SNAPSHOT.jar:?]
	at org.apache.hadoop.ozone.protocolPB.OzoneManagerProtocolServerSideTranslatorPB.submitRequest(OzoneManagerProtocolServerSideTranslatorPB.java:147) [ozone-manager-1.3.0-SNAPSHOT.jar:?]
	at org.apache.hadoop.ozone.protocol.proto.OzoneManagerProtocolProtos$OzoneManagerService$2.callBlockingMethod(OzoneManagerProtocolProtos.java) [ozone-interface-client-1.3.0-SNAPSHOT.jar:?]
	at org.apache.hadoop.ipc.ProtobufRpcEngine$Server.processCall(ProtobufRpcEngine.java:466) [hadoop-common-3.3.1.jar:?]
	at org.apache.hadoop.ipc.ProtobufRpcEngine2$Server$ProtoBufRpcInvoker.call(ProtobufRpcEngine2.java:574) [hadoop-common-3.3.1.jar:?]
	at org.apache.hadoop.ipc.ProtobufRpcEngine2$Server$ProtoBufRpcInvoker.call(ProtobufRpcEngine2.java:552) [hadoop-common-3.3.1.jar:?]
	at org.apache.hadoop.ipc.RPC$Server.call(RPC.java:1093) [hadoop-common-3.3.1.jar:?]
	at org.apache.hadoop.ipc.Server$RpcCall.run(Server.java:1035) [hadoop-common-3.3.1.jar:?]
	at org.apache.hadoop.ipc.Server$RpcCall.run(Server.java:963) [hadoop-common-3.3.1.jar:?]
	at java.security.AccessController.doPrivileged(Native Method) ~[?:1.8.0_332]
	at javax.security.auth.Subject.doAs(Subject.java:422) [?:1.8.0_332]
	at org.apache.hadoop.security.UserGroupInformation.doAs(UserGroupInformation.java:1878) [hadoop-common-3.3.1.jar:?]
	at org.apache.hadoop.ipc.Server$Handler.run(Server.java:2966) [hadoop-common-3.3.1.jar:?]
07:20:02.731 [IPC Server handler 6 on default port 41977] ERROR OMAudit - user=runner | ip=127.0.0.1 | op=GET_FILE_STATUS {volume=volume67317, bucket=bucket62473, key=testBatchDelete/parent/childFolder/child3, dataSize=0, replicationConfig=null} | ret=FAILURE
org.apache.hadoop.ozone.om.exceptions.OMException: Unable to get file status: volume: volume67317 bucket: bucket62473 key: testBatchDelete/parent/childFolder/child3
	at org.apache.hadoop.ozone.om.KeyManagerImpl.getOzoneFileStatus(KeyManagerImpl.java:1311) ~[ozone-manager-1.3.0-SNAPSHOT.jar:?]
	at org.apache.hadoop.ozone.om.KeyManagerImpl.getFileStatus(KeyManagerImpl.java:1241) ~[ozone-manager-1.3.0-SNAPSHOT.jar:?]
	at org.apache.hadoop.ozone.om.OzoneManager.getFileStatus(OzoneManager.java:3419) ~[ozone-manager-1.3.0-SNAPSHOT.jar:?]
	at org.apache.hadoop.ozone.protocolPB.OzoneManagerRequestHandler.getOzoneFileStatus(OzoneManagerRequestHandler.java:871) ~[ozone-manager-1.3.0-SNAPSHOT.jar:?]
	at org.apache.hadoop.ozone.protocolPB.OzoneManagerRequestHandler.handleReadRequest(OzoneManagerRequestHandler.java:217) ~[ozone-manager-1.3.0-SNAPSHOT.jar:?]
	at org.apache.hadoop.ozone.protocolPB.OzoneManagerProtocolServerSideTranslatorPB.submitReadRequestToOM(OzoneManagerProtocolServerSideTranslatorPB.java:226) ~[ozone-manager-1.3.0-SNAPSHOT.jar:?]
	at org.apache.hadoop.ozone.protocolPB.OzoneManagerProtocolServerSideTranslatorPB.processRequest(OzoneManagerProtocolServerSideTranslatorPB.java:175) ~[ozone-manager-1.3.0-SNAPSHOT.jar:?]
	at org.apache.hadoop.hdds.server.OzoneProtocolMessageDispatcher.processRequest(OzoneProtocolMessageDispatcher.java:87) [hdds-server-framework-1.3.0-SNAPSHOT.jar:?]
	at org.apache.hadoop.ozone.protocolPB.OzoneManagerProtocolServerSideTranslatorPB.submitRequest(OzoneManagerProtocolServerSideTranslatorPB.java:147) [ozone-manager-1.3.0-SNAPSHOT.jar:?]
	at org.apache.hadoop.ozone.protocol.proto.OzoneManagerProtocolProtos$OzoneManagerService$2.callBlockingMethod(OzoneManagerProtocolProtos.java) [ozone-interface-client-1.3.0-SNAPSHOT.jar:?]
	at org.apache.hadoop.ipc.ProtobufRpcEngine$Server.processCall(ProtobufRpcEngine.java:466) [hadoop-common-3.3.1.jar:?]
	at org.apache.hadoop.ipc.ProtobufRpcEngine2$Server$ProtoBufRpcInvoker.call(ProtobufRpcEngine2.java:574) [hadoop-common-3.3.1.jar:?]
	at org.apache.hadoop.ipc.ProtobufRpcEngine2$Server$ProtoBufRpcInvoker.call(ProtobufRpcEngine2.java:552) [hadoop-common-3.3.1.jar:?]
	at org.apache.hadoop.ipc.RPC$Server.call(RPC.java:1093) [hadoop-common-3.3.1.jar:?]
	at org.apache.hadoop.ipc.Server$RpcCall.run(Server.java:1035) [hadoop-common-3.3.1.jar:?]
	at org.apache.hadoop.ipc.Server$RpcCall.run(Server.java:963) [hadoop-common-3.3.1.jar:?]
	at java.security.AccessController.doPrivileged(Native Method) ~[?:1.8.0_332]
	at javax.security.auth.Subject.doAs(Subject.java:422) [?:1.8.0_332]
	at org.apache.hadoop.security.UserGroupInformation.doAs(UserGroupInformation.java:1878) [hadoop-common-3.3.1.jar:?]
	at org.apache.hadoop.ipc.Server$Handler.run(Server.java:2966) [hadoop-common-3.3.1.jar:?]
07:20:02.733 [IPC Server handler 12 on default port 41977] ERROR OMAudit - user=runner | ip=127.0.0.1 | op=GET_FILE_STATUS {volume=volume67317, bucket=bucket62473, key=testBatchDelete/parent/child4, dataSize=0, replicationConfig=null} | ret=FAILURE
org.apache.hadoop.ozone.om.exceptions.OMException: Unable to get file status: volume: volume67317 bucket: bucket62473 key: testBatchDelete/parent/child4
	at org.apache.hadoop.ozone.om.KeyManagerImpl.getOzoneFileStatus(KeyManagerImpl.java:1311) ~[ozone-manager-1.3.0-SNAPSHOT.jar:?]
	at org.apache.hadoop.ozone.om.KeyManagerImpl.getFileStatus(KeyManagerImpl.java:1241) ~[ozone-manager-1.3.0-SNAPSHOT.jar:?]
	at org.apache.hadoop.ozone.om.OzoneManager.getFileStatus(OzoneManager.java:3419) ~[ozone-manager-1.3.0-SNAPSHOT.jar:?]
	at org.apache.hadoop.ozone.protocolPB.OzoneManagerRequestHandler.getOzoneFileStatus(OzoneManagerRequestHandler.java:871) ~[ozone-manager-1.3.0-SNAPSHOT.jar:?]
	at org.apache.hadoop.ozone.protocolPB.OzoneManagerRequestHandler.handleReadRequest(OzoneManagerRequestHandler.java:217) ~[ozone-manager-1.3.0-SNAPSHOT.jar:?]
	at org.apache.hadoop.ozone.protocolPB.OzoneManagerProtocolServerSideTranslatorPB.submitReadRequestToOM(OzoneManagerProtocolServerSideTranslatorPB.java:226) ~[ozone-manager-1.3.0-SNAPSHOT.jar:?]
	at org.apache.hadoop.ozone.protocolPB.OzoneManagerProtocolServerSideTranslatorPB.processRequest(OzoneManagerProtocolServerSideTranslatorPB.java:175) ~[ozone-manager-1.3.0-SNAPSHOT.jar:?]
	at org.apache.hadoop.hdds.server.OzoneProtocolMessageDispatcher.processRequest(OzoneProtocolMessageDispatcher.java:87) [hdds-server-framework-1.3.0-SNAPSHOT.jar:?]
	at org.apache.hadoop.ozone.protocolPB.OzoneManagerProtocolServerSideTranslatorPB.submitRequest(OzoneManagerProtocolServerSideTranslatorPB.java:147) [ozone-manager-1.3.0-SNAPSHOT.jar:?]
	at org.apache.hadoop.ozone.protocol.proto.OzoneManagerProtocolProtos$OzoneManagerService$2.callBlockingMethod(OzoneManagerProtocolProtos.java) [ozone-interface-client-1.3.0-SNAPSHOT.jar:?]
	at org.apache.hadoop.ipc.ProtobufRpcEngine$Server.processCall(ProtobufRpcEngine.java:466) [hadoop-common-3.3.1.jar:?]
	at org.apache.hadoop.ipc.ProtobufRpcEngine2$Server$ProtoBufRpcInvoker.call(ProtobufRpcEngine2.java:574) [hadoop-common-3.3.1.jar:?]
	at org.apache.hadoop.ipc.ProtobufRpcEngine2$Server$ProtoBufRpcInvoker.call(ProtobufRpcEngine2.java:552) [hadoop-common-3.3.1.jar:?]
	at org.apache.hadoop.ipc.RPC$Server.call(RPC.java:1093) [hadoop-common-3.3.1.jar:?]
	at org.apache.hadoop.ipc.Server$RpcCall.run(Server.java:1035) [hadoop-common-3.3.1.jar:?]
	at org.apache.hadoop.ipc.Server$RpcCall.run(Server.java:963) [hadoop-common-3.3.1.jar:?]
	at java.security.AccessController.doPrivileged(Native Method) ~[?:1.8.0_332]
	at javax.security.auth.Subject.doAs(Subject.java:422) [?:1.8.0_332]
	at org.apache.hadoop.security.UserGroupInformation.doAs(UserGroupInformation.java:1878) [hadoop-common-3.3.1.jar:?]
	at org.apache.hadoop.ipc.Server$Handler.run(Server.java:2966) [hadoop-common-3.3.1.jar:?]
07:20:02.735 [IPC Server handler 11 on default port 41977] ERROR OMAudit - user=runner | ip=127.0.0.1 | op=GET_FILE_STATUS {volume=volume67317, bucket=bucket62473, key=testBatchDelete/parent/childFolder/child4, dataSize=0, replicationConfig=null} | ret=FAILURE
org.apache.hadoop.ozone.om.exceptions.OMException: Unable to get file status: volume: volume67317 bucket: bucket62473 key: testBatchDelete/parent/childFolder/child4
	at org.apache.hadoop.ozone.om.KeyManagerImpl.getOzoneFileStatus(KeyManagerImpl.java:1311) ~[ozone-manager-1.3.0-SNAPSHOT.jar:?]
	at org.apache.hadoop.ozone.om.KeyManagerImpl.getFileStatus(KeyManagerImpl.java:1241) ~[ozone-manager-1.3.0-SNAPSHOT.jar:?]
	at org.apache.hadoop.ozone.om.OzoneManager.getFileStatus(OzoneManager.java:3419) ~[ozone-manager-1.3.0-SNAPSHOT.jar:?]
	at org.apache.hadoop.ozone.protocolPB.OzoneManagerRequestHandler.getOzoneFileStatus(OzoneManagerRequestHandler.java:871) ~[ozone-manager-1.3.0-SNAPSHOT.jar:?]
	at org.apache.hadoop.ozone.protocolPB.OzoneManagerRequestHandler.handleReadRequest(OzoneManagerRequestHandler.java:217) ~[ozone-manager-1.3.0-SNAPSHOT.jar:?]
	at org.apache.hadoop.ozone.protocolPB.OzoneManagerProtocolServerSideTranslatorPB.submitReadRequestToOM(OzoneManagerProtocolServerSideTranslatorPB.java:226) ~[ozone-manager-1.3.0-SNAPSHOT.jar:?]
	at org.apache.hadoop.ozone.protocolPB.OzoneManagerProtocolServerSideTranslatorPB.processRequest(OzoneManagerProtocolServerSideTranslatorPB.java:175) ~[ozone-manager-1.3.0-SNAPSHOT.jar:?]
	at org.apache.hadoop.hdds.server.OzoneProtocolMessageDispatcher.processRequest(OzoneProtocolMessageDispatcher.java:87) [hdds-server-framework-1.3.0-SNAPSHOT.jar:?]
	at org.apache.hadoop.ozone.protocolPB.OzoneManagerProtocolServerSideTranslatorPB.submitRequest(OzoneManagerProtocolServerSideTranslatorPB.java:147) [ozone-manager-1.3.0-SNAPSHOT.jar:?]
	at org.apache.hadoop.ozone.protocol.proto.OzoneManagerProtocolProtos$OzoneManagerService$2.callBlockingMethod(OzoneManagerProtocolProtos.java) [ozone-interface-client-1.3.0-SNAPSHOT.jar:?]
	at org.apache.hadoop.ipc.ProtobufRpcEngine$Server.processCall(ProtobufRpcEngine.java:466) [hadoop-common-3.3.1.jar:?]
	at org.apache.hadoop.ipc.ProtobufRpcEngine2$Server$ProtoBufRpcInvoker.call(ProtobufRpcEngine2.java:574) [hadoop-common-3.3.1.jar:?]
	at org.apache.hadoop.ipc.ProtobufRpcEngine2$Server$ProtoBufRpcInvoker.call(ProtobufRpcEngine2.java:552) [hadoop-common-3.3.1.jar:?]
	at org.apache.hadoop.ipc.RPC$Server.call(RPC.java:1093) [hadoop-common-3.3.1.jar:?]
	at org.apache.hadoop.ipc.Server$RpcCall.run(Server.java:1035) [hadoop-common-3.3.1.jar:?]
	at org.apache.hadoop.ipc.Server$RpcCall.run(Server.java:963) [hadoop-common-3.3.1.jar:?]
	at java.security.AccessController.doPrivileged(Native Method) ~[?:1.8.0_332]
	at javax.security.auth.Subject.doAs(Subject.java:422) [?:1.8.0_332]
	at org.apache.hadoop.security.UserGroupInformation.doAs(UserGroupInformation.java:1878) [hadoop-common-3.3.1.jar:?]
	at org.apache.hadoop.ipc.Server$Handler.run(Server.java:2966) [hadoop-common-3.3.1.jar:?]
07:20:02.737 [IPC Server handler 15 on default port 41977] ERROR OMAudit - user=runner | ip=127.0.0.1 | op=GET_FILE_STATUS {volume=volume67317, bucket=bucket62473, key=testBatchDelete/parent/child5, dataSize=0, replicationConfig=null} | ret=FAILURE
org.apache.hadoop.ozone.om.exceptions.OMException: Unable to get file status: volume: volume67317 bucket: bucket62473 key: testBatchDelete/parent/child5
	at org.apache.hadoop.ozone.om.KeyManagerImpl.getOzoneFileStatus(KeyManagerImpl.java:1311) ~[ozone-manager-1.3.0-SNAPSHOT.jar:?]
	at org.apache.hadoop.ozone.om.KeyManagerImpl.getFileStatus(KeyManagerImpl.java:1241) ~[ozone-manager-1.3.0-SNAPSHOT.jar:?]
	at org.apache.hadoop.ozone.om.OzoneManager.getFileStatus(OzoneManager.java:3419) ~[ozone-manager-1.3.0-SNAPSHOT.jar:?]
	at org.apache.hadoop.ozone.protocolPB.OzoneManagerRequestHandler.getOzoneFileStatus(OzoneManagerRequestHandler.java:871) ~[ozone-manager-1.3.0-SNAPSHOT.jar:?]
	at org.apache.hadoop.ozone.protocolPB.OzoneManagerRequestHandler.handleReadRequest(OzoneManagerRequestHandler.java:217) ~[ozone-manager-1.3.0-SNAPSHOT.jar:?]
	at org.apache.hadoop.ozone.protocolPB.OzoneManagerProtocolServerSideTranslatorPB.submitReadRequestToOM(OzoneManagerProtocolServerSideTranslatorPB.java:226) ~[ozone-manager-1.3.0-SNAPSHOT.jar:?]
	at org.apache.hadoop.ozone.protocolPB.OzoneManagerProtocolServerSideTranslatorPB.processRequest(OzoneManagerProtocolServerSideTranslatorPB.java:175) ~[ozone-manager-1.3.0-SNAPSHOT.jar:?]
	at org.apache.hadoop.hdds.server.OzoneProtocolMessageDispatcher.processRequest(OzoneProtocolMessageDispatcher.java:87) [hdds-server-framework-1.3.0-SNAPSHOT.jar:?]
	at org.apache.hadoop.ozone.protocolPB.OzoneManagerProtocolServerSideTranslatorPB.submitRequest(OzoneManagerProtocolServerSideTranslatorPB.java:147) [ozone-manager-1.3.0-SNAPSHOT.jar:?]
	at org.apache.hadoop.ozone.protocol.proto.OzoneManagerProtocolProtos$OzoneManagerService$2.callBlockingMethod(OzoneManagerProtocolProtos.java) [ozone-interface-client-1.3.0-SNAPSHOT.jar:?]
	at org.apache.hadoop.ipc.ProtobufRpcEngine$Server.processCall(ProtobufRpcEngine.java:466) [hadoop-common-3.3.1.jar:?]
	at org.apache.hadoop.ipc.ProtobufRpcEngine2$Server$ProtoBufRpcInvoker.call(ProtobufRpcEngine2.java:574) [hadoop-common-3.3.1.jar:?]
	at org.apache.hadoop.ipc.ProtobufRpcEngine2$Server$ProtoBufRpcInvoker.call(ProtobufRpcEngine2.java:552) [hadoop-common-3.3.1.jar:?]
	at org.apache.hadoop.ipc.RPC$Server.call(RPC.java:1093) [hadoop-common-3.3.1.jar:?]
	at org.apache.hadoop.ipc.Server$RpcCall.run(Server.java:1035) [hadoop-common-3.3.1.jar:?]
	at org.apache.hadoop.ipc.Server$RpcCall.run(Server.java:963) [hadoop-common-3.3.1.jar:?]
	at java.security.AccessController.doPrivileged(Native Method) ~[?:1.8.0_332]
	at javax.security.auth.Subject.doAs(Subject.java:422) [?:1.8.0_332]
	at org.apache.hadoop.security.UserGroupInformation.doAs(UserGroupInformation.java:1878) [hadoop-common-3.3.1.jar:?]
	at org.apache.hadoop.ipc.Server$Handler.run(Server.java:2966) [hadoop-common-3.3.1.jar:?]
07:20:02.739 [IPC Server handler 18 on default port 41977] ERROR OMAudit - user=runner | ip=127.0.0.1 | op=GET_FILE_STATUS {volume=volume67317, bucket=bucket62473, key=testBatchDelete/parent/childFolder/child5, dataSize=0, replicationConfig=null} | ret=FAILURE
org.apache.hadoop.ozone.om.exceptions.OMException: Unable to get file status: volume: volume67317 bucket: bucket62473 key: testBatchDelete/parent/childFolder/child5
	at org.apache.hadoop.ozone.om.KeyManagerImpl.getOzoneFileStatus(KeyManagerImpl.java:1311) ~[ozone-manager-1.3.0-SNAPSHOT.jar:?]
	at org.apache.hadoop.ozone.om.KeyManagerImpl.getFileStatus(KeyManagerImpl.java:1241) ~[ozone-manager-1.3.0-SNAPSHOT.jar:?]
	at org.apache.hadoop.ozone.om.OzoneManager.getFileStatus(OzoneManager.java:3419) ~[ozone-manager-1.3.0-SNAPSHOT.jar:?]
	at org.apache.hadoop.ozone.protocolPB.OzoneManagerRequestHandler.getOzoneFileStatus(OzoneManagerRequestHandler.java:871) ~[ozone-manager-1.3.0-SNAPSHOT.jar:?]
	at org.apache.hadoop.ozone.protocolPB.OzoneManagerRequestHandler.handleReadRequest(OzoneManagerRequestHandler.java:217) ~[ozone-manager-1.3.0-SNAPSHOT.jar:?]
	at org.apache.hadoop.ozone.protocolPB.OzoneManagerProtocolServerSideTranslatorPB.submitReadRequestToOM(OzoneManagerProtocolServerSideTranslatorPB.java:226) ~[ozone-manager-1.3.0-SNAPSHOT.jar:?]
	at org.apache.hadoop.ozone.protocolPB.OzoneManagerProtocolServerSideTranslatorPB.processRequest(OzoneManagerProtocolServerSideTranslatorPB.java:175) ~[ozone-manager-1.3.0-SNAPSHOT.jar:?]
	at org.apache.hadoop.hdds.server.OzoneProtocolMessageDispatcher.processRequest(OzoneProtocolMessageDispatcher.java:87) [hdds-server-framework-1.3.0-SNAPSHOT.jar:?]
	at org.apache.hadoop.ozone.protocolPB.OzoneManagerProtocolServerSideTranslatorPB.submitRequest(OzoneManagerProtocolServerSideTranslatorPB.java:147) [ozone-manager-1.3.0-SNAPSHOT.jar:?]
	at org.apache.hadoop.ozone.protocol.proto.OzoneManagerProtocolProtos$OzoneManagerService$2.callBlockingMethod(OzoneManagerProtocolProtos.java) [ozone-interface-client-1.3.0-SNAPSHOT.jar:?]
	at org.apache.hadoop.ipc.ProtobufRpcEngine$Server.processCall(ProtobufRpcEngine.java:466) [hadoop-common-3.3.1.jar:?]
	at org.apache.hadoop.ipc.ProtobufRpcEngine2$Server$ProtoBufRpcInvoker.call(ProtobufRpcEngine2.java:574) [hadoop-common-3.3.1.jar:?]
	at org.apache.hadoop.ipc.ProtobufRpcEngine2$Server$ProtoBufRpcInvoker.call(ProtobufRpcEngine2.java:552) [hadoop-common-3.3.1.jar:?]
	at org.apache.hadoop.ipc.RPC$Server.call(RPC.java:1093) [hadoop-common-3.3.1.jar:?]
	at org.apache.hadoop.ipc.Server$RpcCall.run(Server.java:1035) [hadoop-common-3.3.1.jar:?]
	at org.apache.hadoop.ipc.Server$RpcCall.run(Server.java:963) [hadoop-common-3.3.1.jar:?]
	at java.security.AccessController.doPrivileged(Native Method) ~[?:1.8.0_332]
	at javax.security.auth.Subject.doAs(Subject.java:422) [?:1.8.0_332]
	at org.apache.hadoop.security.UserGroupInformation.doAs(UserGroupInformation.java:1878) [hadoop-common-3.3.1.jar:?]
	at org.apache.hadoop.ipc.Server$Handler.run(Server.java:2966) [hadoop-common-3.3.1.jar:?]
07:20:02.741 [IPC Server handler 17 on default port 41977] ERROR OMAudit - user=runner | ip=127.0.0.1 | op=GET_FILE_STATUS {volume=volume67317, bucket=bucket62473, key=testBatchDelete/parent/child6, dataSize=0, replicationConfig=null} | ret=FAILURE
org.apache.hadoop.ozone.om.exceptions.OMException: Unable to get file status: volume: volume67317 bucket: bucket62473 key: testBatchDelete/parent/child6
	at org.apache.hadoop.ozone.om.KeyManagerImpl.getOzoneFileStatus(KeyManagerImpl.java:1311) ~[ozone-manager-1.3.0-SNAPSHOT.jar:?]
	at org.apache.hadoop.ozone.om.KeyManagerImpl.getFileStatus(KeyManagerImpl.java:1241) ~[ozone-manager-1.3.0-SNAPSHOT.jar:?]
	at org.apache.hadoop.ozone.om.OzoneManager.getFileStatus(OzoneManager.java:3419) ~[ozone-manager-1.3.0-SNAPSHOT.jar:?]
	at org.apache.hadoop.ozone.protocolPB.OzoneManagerRequestHandler.getOzoneFileStatus(OzoneManagerRequestHandler.java:871) ~[ozone-manager-1.3.0-SNAPSHOT.jar:?]
	at org.apache.hadoop.ozone.protocolPB.OzoneManagerRequestHandler.handleReadRequest(OzoneManagerRequestHandler.java:217) ~[ozone-manager-1.3.0-SNAPSHOT.jar:?]
	at org.apache.hadoop.ozone.protocolPB.OzoneManagerProtocolServerSideTranslatorPB.submitReadRequestToOM(OzoneManagerProtocolServerSideTranslatorPB.java:226) ~[ozone-manager-1.3.0-SNAPSHOT.jar:?]
	at org.apache.hadoop.ozone.protocolPB.OzoneManagerProtocolServerSideTranslatorPB.processRequest(OzoneManagerProtocolServerSideTranslatorPB.java:175) ~[ozone-manager-1.3.0-SNAPSHOT.jar:?]
	at org.apache.hadoop.hdds.server.OzoneProtocolMessageDispatcher.processRequest(OzoneProtocolMessageDispatcher.java:87) [hdds-server-framework-1.3.0-SNAPSHOT.jar:?]
	at org.apache.hadoop.ozone.protocolPB.OzoneManagerProtocolServerSideTranslatorPB.submitRequest(OzoneManagerProtocolServerSideTranslatorPB.java:147) [ozone-manager-1.3.0-SNAPSHOT.jar:?]
	at org.apache.hadoop.ozone.protocol.proto.OzoneManagerProtocolProtos$OzoneManagerService$2.callBlockingMethod(OzoneManagerProtocolProtos.java) [ozone-interface-client-1.3.0-SNAPSHOT.jar:?]
	at org.apache.hadoop.ipc.ProtobufRpcEngine$Server.processCall(ProtobufRpcEngine.java:466) [hadoop-common-3.3.1.jar:?]
	at org.apache.hadoop.ipc.ProtobufRpcEngine2$Server$ProtoBufRpcInvoker.call(ProtobufRpcEngine2.java:574) [hadoop-common-3.3.1.jar:?]
	at org.apache.hadoop.ipc.ProtobufRpcEngine2$Server$ProtoBufRpcInvoker.call(ProtobufRpcEngine2.java:552) [hadoop-common-3.3.1.jar:?]
	at org.apache.hadoop.ipc.RPC$Server.call(RPC.java:1093) [hadoop-common-3.3.1.jar:?]
	at org.apache.hadoop.ipc.Server$RpcCall.run(Server.java:1035) [hadoop-common-3.3.1.jar:?]
	at org.apache.hadoop.ipc.Server$RpcCall.run(Server.java:963) [hadoop-common-3.3.1.jar:?]
	at java.security.AccessController.doPrivileged(Native Method) ~[?:1.8.0_332]
	at javax.security.auth.Subject.doAs(Subject.java:422) [?:1.8.0_332]
	at org.apache.hadoop.security.UserGroupInformation.doAs(UserGroupInformation.java:1878) [hadoop-common-3.3.1.jar:?]
	at org.apache.hadoop.ipc.Server$Handler.run(Server.java:2966) [hadoop-common-3.3.1.jar:?]
07:20:02.742 [IPC Server handler 0 on default port 41977] ERROR OMAudit - user=runner | ip=127.0.0.1 | op=GET_FILE_STATUS {volume=volume67317, bucket=bucket62473, key=testBatchDelete/parent/childFolder/child6, dataSize=0, replicationConfig=null} | ret=FAILURE
org.apache.hadoop.ozone.om.exceptions.OMException: Unable to get file status: volume: volume67317 bucket: bucket62473 key: testBatchDelete/parent/childFolder/child6
	at org.apache.hadoop.ozone.om.KeyManagerImpl.getOzoneFileStatus(KeyManagerImpl.java:1311) ~[ozone-manager-1.3.0-SNAPSHOT.jar:?]
	at org.apache.hadoop.ozone.om.KeyManagerImpl.getFileStatus(KeyManagerImpl.java:1241) ~[ozone-manager-1.3.0-SNAPSHOT.jar:?]
	at org.apache.hadoop.ozone.om.OzoneManager.getFileStatus(OzoneManager.java:3419) ~[ozone-manager-1.3.0-SNAPSHOT.jar:?]
	at org.apache.hadoop.ozone.protocolPB.OzoneManagerRequestHandler.getOzoneFileStatus(OzoneManagerRequestHandler.java:871) ~[ozone-manager-1.3.0-SNAPSHOT.jar:?]
	at org.apache.hadoop.ozone.protocolPB.OzoneManagerRequestHandler.handleReadRequest(OzoneManagerRequestHandler.java:217) ~[ozone-manager-1.3.0-SNAPSHOT.jar:?]
	at org.apache.hadoop.ozone.protocolPB.OzoneManagerProtocolServerSideTranslatorPB.submitReadRequestToOM(OzoneManagerProtocolServerSideTranslatorPB.java:226) ~[ozone-manager-1.3.0-SNAPSHOT.jar:?]
	at org.apache.hadoop.ozone.protocolPB.OzoneManagerProtocolServerSideTranslatorPB.processRequest(OzoneManagerProtocolServerSideTranslatorPB.java:175) ~[ozone-manager-1.3.0-SNAPSHOT.jar:?]
	at org.apache.hadoop.hdds.server.OzoneProtocolMessageDispatcher.processRequest(OzoneProtocolMessageDispatcher.java:87) [hdds-server-framework-1.3.0-SNAPSHOT.jar:?]
	at org.apache.hadoop.ozone.protocolPB.OzoneManagerProtocolServerSideTranslatorPB.submitRequest(OzoneManagerProtocolServerSideTranslatorPB.java:147) [ozone-manager-1.3.0-SNAPSHOT.jar:?]
	at org.apache.hadoop.ozone.protocol.proto.OzoneManagerProtocolProtos$OzoneManagerService$2.callBlockingMethod(OzoneManagerProtocolProtos.java) [ozone-interface-client-1.3.0-SNAPSHOT.jar:?]
	at org.apache.hadoop.ipc.ProtobufRpcEngine$Server.processCall(ProtobufRpcEngine.java:466) [hadoop-common-3.3.1.jar:?]
	at org.apache.hadoop.ipc.ProtobufRpcEngine2$Server$ProtoBufRpcInvoker.call(ProtobufRpcEngine2.java:574) [hadoop-common-3.3.1.jar:?]
	at org.apache.hadoop.ipc.ProtobufRpcEngine2$Server$ProtoBufRpcInvoker.call(ProtobufRpcEngine2.java:552) [hadoop-common-3.3.1.jar:?]
	at org.apache.hadoop.ipc.RPC$Server.call(RPC.java:1093) [hadoop-common-3.3.1.jar:?]
	at org.apache.hadoop.ipc.Server$RpcCall.run(Server.java:1035) [hadoop-common-3.3.1.jar:?]
	at org.apache.hadoop.ipc.Server$RpcCall.run(Server.java:963) [hadoop-common-3.3.1.jar:?]
	at java.security.AccessController.doPrivileged(Native Method) ~[?:1.8.0_332]
	at javax.security.auth.Subject.doAs(Subject.java:422) [?:1.8.0_332]
	at org.apache.hadoop.security.UserGroupInformation.doAs(UserGroupInformation.java:1878) [hadoop-common-3.3.1.jar:?]
	at org.apache.hadoop.ipc.Server$Handler.run(Server.java:2966) [hadoop-common-3.3.1.jar:?]
07:20:02.745 [IPC Server handler 2 on default port 41977] ERROR OMAudit - user=runner | ip=127.0.0.1 | op=GET_FILE_STATUS {volume=volume67317, bucket=bucket62473, key=testBatchDelete/parent/child7, dataSize=0, replicationConfig=null} | ret=FAILURE
org.apache.hadoop.ozone.om.exceptions.OMException: Unable to get file status: volume: volume67317 bucket: bucket62473 key: testBatchDelete/parent/child7
	at org.apache.hadoop.ozone.om.KeyManagerImpl.getOzoneFileStatus(KeyManagerImpl.java:1311) ~[ozone-manager-1.3.0-SNAPSHOT.jar:?]
	at org.apache.hadoop.ozone.om.KeyManagerImpl.getFileStatus(KeyManagerImpl.java:1241) ~[ozone-manager-1.3.0-SNAPSHOT.jar:?]
	at org.apache.hadoop.ozone.om.OzoneManager.getFileStatus(OzoneManager.java:3419) ~[ozone-manager-1.3.0-SNAPSHOT.jar:?]
	at org.apache.hadoop.ozone.protocolPB.OzoneManagerRequestHandler.getOzoneFileStatus(OzoneManagerRequestHandler.java:871) ~[ozone-manager-1.3.0-SNAPSHOT.jar:?]
	at org.apache.hadoop.ozone.protocolPB.OzoneManagerRequestHandler.handleReadRequest(OzoneManagerRequestHandler.java:217) ~[ozone-manager-1.3.0-SNAPSHOT.jar:?]
	at org.apache.hadoop.ozone.protocolPB.OzoneManagerProtocolServerSideTranslatorPB.submitReadRequestToOM(OzoneManagerProtocolServerSideTranslatorPB.java:226) ~[ozone-manager-1.3.0-SNAPSHOT.jar:?]
	at org.apache.hadoop.ozone.protocolPB.OzoneManagerProtocolServerSideTranslatorPB.processRequest(OzoneManagerProtocolServerSideTranslatorPB.java:175) ~[ozone-manager-1.3.0-SNAPSHOT.jar:?]
	at org.apache.hadoop.hdds.server.OzoneProtocolMessageDispatcher.processRequest(OzoneProtocolMessageDispatcher.java:87) [hdds-server-framework-1.3.0-SNAPSHOT.jar:?]
	at org.apache.hadoop.ozone.protocolPB.OzoneManagerProtocolServerSideTranslatorPB.submitRequest(OzoneManagerProtocolServerSideTranslatorPB.java:147) [ozone-manager-1.3.0-SNAPSHOT.jar:?]
	at org.apache.hadoop.ozone.protocol.proto.OzoneManagerProtocolProtos$OzoneManagerService$2.callBlockingMethod(OzoneManagerProtocolProtos.java) [ozone-interface-client-1.3.0-SNAPSHOT.jar:?]
	at org.apache.hadoop.ipc.ProtobufRpcEngine$Server.processCall(ProtobufRpcEngine.java:466) [hadoop-common-3.3.1.jar:?]
	at org.apache.hadoop.ipc.ProtobufRpcEngine2$Server$ProtoBufRpcInvoker.call(ProtobufRpcEngine2.java:574) [hadoop-common-3.3.1.jar:?]
	at org.apache.hadoop.ipc.ProtobufRpcEngine2$Server$ProtoBufRpcInvoker.call(ProtobufRpcEngine2.java:552) [hadoop-common-3.3.1.jar:?]
	at org.apache.hadoop.ipc.RPC$Server.call(RPC.java:1093) [hadoop-common-3.3.1.jar:?]
	at org.apache.hadoop.ipc.Server$RpcCall.run(Server.java:1035) [hadoop-common-3.3.1.jar:?]
	at org.apache.hadoop.ipc.Server$RpcCall.run(Server.java:963) [hadoop-common-3.3.1.jar:?]
	at java.security.AccessController.doPrivileged(Native Method) ~[?:1.8.0_332]
	at javax.security.auth.Subject.doAs(Subject.java:422) [?:1.8.0_332]
	at org.apache.hadoop.security.UserGroupInformation.doAs(UserGroupInformation.java:1878) [hadoop-common-3.3.1.jar:?]
	at org.apache.hadoop.ipc.Server$Handler.run(Server.java:2966) [hadoop-common-3.3.1.jar:?]
07:20:02.749 [IPC Server handler 3 on default port 41977] ERROR OMAudit - user=runner | ip=127.0.0.1 | op=GET_FILE_STATUS {volume=volume67317, bucket=bucket62473, key=testBatchDelete/parent/childFolder/child7, dataSize=0, replicationConfig=null} | ret=FAILURE
org.apache.hadoop.ozone.om.exceptions.OMException: Unable to get file status: volume: volume67317 bucket: bucket62473 key: testBatchDelete/parent/childFolder/child7
	at org.apache.hadoop.ozone.om.KeyManagerImpl.getOzoneFileStatus(KeyManagerImpl.java:1311) ~[ozone-manager-1.3.0-SNAPSHOT.jar:?]
	at org.apache.hadoop.ozone.om.KeyManagerImpl.getFileStatus(KeyManagerImpl.java:1241) ~[ozone-manager-1.3.0-SNAPSHOT.jar:?]
	at org.apache.hadoop.ozone.om.OzoneManager.getFileStatus(OzoneManager.java:3419) ~[ozone-manager-1.3.0-SNAPSHOT.jar:?]
	at org.apache.hadoop.ozone.protocolPB.OzoneManagerRequestHandler.getOzoneFileStatus(OzoneManagerRequestHandler.java:871) ~[ozone-manager-1.3.0-SNAPSHOT.jar:?]
	at org.apache.hadoop.ozone.protocolPB.OzoneManagerRequestHandler.handleReadRequest(OzoneManagerRequestHandler.java:217) ~[ozone-manager-1.3.0-SNAPSHOT.jar:?]
	at org.apache.hadoop.ozone.protocolPB.OzoneManagerProtocolServerSideTranslatorPB.submitReadRequestToOM(OzoneManagerProtocolServerSideTranslatorPB.java:226) ~[ozone-manager-1.3.0-SNAPSHOT.jar:?]
	at org.apache.hadoop.ozone.protocolPB.OzoneManagerProtocolServerSideTranslatorPB.processRequest(OzoneManagerProtocolServerSideTranslatorPB.java:175) ~[ozone-manager-1.3.0-SNAPSHOT.jar:?]
	at org.apache.hadoop.hdds.server.OzoneProtocolMessageDispatcher.processRequest(OzoneProtocolMessageDispatcher.java:87) [hdds-server-framework-1.3.0-SNAPSHOT.jar:?]
	at org.apache.hadoop.ozone.protocolPB.OzoneManagerProtocolServerSideTranslatorPB.submitRequest(OzoneManagerProtocolServerSideTranslatorPB.java:147) [ozone-manager-1.3.0-SNAPSHOT.jar:?]
	at org.apache.hadoop.ozone.protocol.proto.OzoneManagerProtocolProtos$OzoneManagerService$2.callBlockingMethod(OzoneManagerProtocolProtos.java) [ozone-interface-client-1.3.0-SNAPSHOT.jar:?]
	at org.apache.hadoop.ipc.ProtobufRpcEngine$Server.processCall(ProtobufRpcEngine.java:466) [hadoop-common-3.3.1.jar:?]
	at org.apache.hadoop.ipc.ProtobufRpcEngine2$Server$ProtoBufRpcInvoker.call(ProtobufRpcEngine2.java:574) [hadoop-common-3.3.1.jar:?]
	at org.apache.hadoop.ipc.ProtobufRpcEngine2$Server$ProtoBufRpcInvoker.call(ProtobufRpcEngine2.java:552) [hadoop-common-3.3.1.jar:?]
	at org.apache.hadoop.ipc.RPC$Server.call(RPC.java:1093) [hadoop-common-3.3.1.jar:?]
	at org.apache.hadoop.ipc.Server$RpcCall.run(Server.java:1035) [hadoop-common-3.3.1.jar:?]
	at org.apache.hadoop.ipc.Server$RpcCall.run(Server.java:963) [hadoop-common-3.3.1.jar:?]
	at java.security.AccessController.doPrivileged(Native Method) ~[?:1.8.0_332]
	at javax.security.auth.Subject.doAs(Subject.java:422) [?:1.8.0_332]
	at org.apache.hadoop.security.UserGroupInformation.doAs(UserGroupInformation.java:1878) [hadoop-common-3.3.1.jar:?]
	at org.apache.hadoop.ipc.Server$Handler.run(Server.java:2966) [hadoop-common-3.3.1.jar:?]
07:20:02.752 [IPC Server handler 9 on default port 41977] ERROR OMAudit - user=runner | ip=127.0.0.1 | op=GET_FILE_STATUS {volume=volume67317, bucket=bucket62473, key=testBatchDelete/parent, dataSize=0, replicationConfig=null} | ret=FAILURE
org.apache.hadoop.ozone.om.exceptions.OMException: Unable to get file status: volume: volume67317 bucket: bucket62473 key: testBatchDelete/parent
	at org.apache.hadoop.ozone.om.KeyManagerImpl.getOzoneFileStatus(KeyManagerImpl.java:1311) ~[ozone-manager-1.3.0-SNAPSHOT.jar:?]
	at org.apache.hadoop.ozone.om.KeyManagerImpl.getFileStatus(KeyManagerImpl.java:1241) ~[ozone-manager-1.3.0-SNAPSHOT.jar:?]
	at org.apache.hadoop.ozone.om.OzoneManager.getFileStatus(OzoneManager.java:3419) ~[ozone-manager-1.3.0-SNAPSHOT.jar:?]
	at org.apache.hadoop.ozone.protocolPB.OzoneManagerRequestHandler.getOzoneFileStatus(OzoneManagerRequestHandler.java:871) ~[ozone-manager-1.3.0-SNAPSHOT.jar:?]
	at org.apache.hadoop.ozone.protocolPB.OzoneManagerRequestHandler.handleReadRequest(OzoneManagerRequestHandler.java:217) ~[ozone-manager-1.3.0-SNAPSHOT.jar:?]
	at org.apache.hadoop.ozone.protocolPB.OzoneManagerProtocolServerSideTranslatorPB.submitReadRequestToOM(OzoneManagerProtocolServerSideTranslatorPB.java:226) ~[ozone-manager-1.3.0-SNAPSHOT.jar:?]
	at org.apache.hadoop.ozone.protocolPB.OzoneManagerProtocolServerSideTranslatorPB.processRequest(OzoneManagerProtocolServerSideTranslatorPB.java:175) ~[ozone-manager-1.3.0-SNAPSHOT.jar:?]
	at org.apache.hadoop.hdds.server.OzoneProtocolMessageDispatcher.processRequest(OzoneProtocolMessageDispatcher.java:87) [hdds-server-framework-1.3.0-SNAPSHOT.jar:?]
	at org.apache.hadoop.ozone.protocolPB.OzoneManagerProtocolServerSideTranslatorPB.submitRequest(OzoneManagerProtocolServerSideTranslatorPB.java:147) [ozone-manager-1.3.0-SNAPSHOT.jar:?]
	at org.apache.hadoop.ozone.protocol.proto.OzoneManagerProtocolProtos$OzoneManagerService$2.callBlockingMethod(OzoneManagerProtocolProtos.java) [ozone-interface-client-1.3.0-SNAPSHOT.jar:?]
	at org.apache.hadoop.ipc.ProtobufRpcEngine$Server.processCall(ProtobufRpcEngine.java:466) [hadoop-common-3.3.1.jar:?]
	at org.apache.hadoop.ipc.ProtobufRpcEngine2$Server$ProtoBufRpcInvoker.call(ProtobufRpcEngine2.java:574) [hadoop-common-3.3.1.jar:?]
	at org.apache.hadoop.ipc.ProtobufRpcEngine2$Server$ProtoBufRpcInvoker.call(ProtobufRpcEngine2.java:552) [hadoop-common-3.3.1.jar:?]
	at org.apache.hadoop.ipc.RPC$Server.call(RPC.java:1093) [hadoop-common-3.3.1.jar:?]
	at org.apache.hadoop.ipc.Server$RpcCall.run(Server.java:1035) [hadoop-common-3.3.1.jar:?]
	at org.apache.hadoop.ipc.Server$RpcCall.run(Server.java:963) [hadoop-common-3.3.1.jar:?]
	at java.security.AccessController.doPrivileged(Native Method) ~[?:1.8.0_332]
	at javax.security.auth.Subject.doAs(Subject.java:422) [?:1.8.0_332]
	at org.apache.hadoop.security.UserGroupInformation.doAs(UserGroupInformation.java:1878) [hadoop-common-3.3.1.jar:?]
	at org.apache.hadoop.ipc.Server$Handler.run(Server.java:2966) [hadoop-common-3.3.1.jar:?]
2022-07-02 07:20:02,753 [Time-limited test] WARN  ozone.BasicRootedOzoneFileSystem (BasicRootedOzoneFileSystem.java:delete(572)) - delete: Path does not exist: /volume67317/bucket62473/testBatchDelete/parent
]]></system-out>
  </testcase>
  <testcase name="testFileDelete" classname="TestRootedOzoneFileSystem" time="0.259">
    <system-out><![CDATA[2022-07-02 07:21:14,854 [Time-limited test] INFO  rpc.RpcClient (RpcClient.java:createVolume(466)) - Creating Volume: volume70399, with user88759 as owner and space quota set to -1 bytes, counts quota set to -1
2022-07-02 07:21:14,856 [OM StateMachine ApplyTransaction Thread - 0] INFO  volume.OMVolumeCreateRequest (OMVolumeCreateRequest.java:validateAndUpdateCache(195)) - created volume:volume70399 for user:user88759
2022-07-02 07:21:14,859 [Time-limited test] INFO  rpc.RpcClient (RpcClient.java:createBucket(669)) - Creating Bucket: volume70399/bucket00626, with bucket layout LEGACY, runner as owner, Versioning false, Storage Type set to DISK and Encryption set to false 
2022-07-02 07:21:14,861 [OM StateMachine ApplyTransaction Thread - 0] INFO  bucket.OMBucketCreateRequest (OMBucketCreateRequest.java:validateAndUpdateCache(260)) - created bucket: bucket00626 of layout LEGACY in volume: volume70399
07:21:15.000 [IPC Server handler 7 on default port 42659] ERROR OMAudit - user=runner | ip=127.0.0.1 | op=GET_FILE_STATUS {volume=volume70399, bucket=bucket00626, key=testBatchDelete, dataSize=0, replicationConfig=null} | ret=FAILURE
org.apache.hadoop.ozone.om.exceptions.OMException: Unable to get file status: volume: volume70399 bucket: bucket00626 key: testBatchDelete
	at org.apache.hadoop.ozone.om.KeyManagerImpl.getOzoneFileStatus(KeyManagerImpl.java:1311) ~[ozone-manager-1.3.0-SNAPSHOT.jar:?]
	at org.apache.hadoop.ozone.om.KeyManagerImpl.getFileStatus(KeyManagerImpl.java:1241) ~[ozone-manager-1.3.0-SNAPSHOT.jar:?]
	at org.apache.hadoop.ozone.om.OzoneManager.getFileStatus(OzoneManager.java:3419) ~[ozone-manager-1.3.0-SNAPSHOT.jar:?]
	at org.apache.hadoop.ozone.protocolPB.OzoneManagerRequestHandler.getOzoneFileStatus(OzoneManagerRequestHandler.java:871) ~[ozone-manager-1.3.0-SNAPSHOT.jar:?]
	at org.apache.hadoop.ozone.protocolPB.OzoneManagerRequestHandler.handleReadRequest(OzoneManagerRequestHandler.java:217) ~[ozone-manager-1.3.0-SNAPSHOT.jar:?]
	at org.apache.hadoop.ozone.protocolPB.OzoneManagerProtocolServerSideTranslatorPB.submitReadRequestToOM(OzoneManagerProtocolServerSideTranslatorPB.java:226) ~[ozone-manager-1.3.0-SNAPSHOT.jar:?]
	at org.apache.hadoop.ozone.protocolPB.OzoneManagerProtocolServerSideTranslatorPB.processRequest(OzoneManagerProtocolServerSideTranslatorPB.java:175) ~[ozone-manager-1.3.0-SNAPSHOT.jar:?]
	at org.apache.hadoop.hdds.server.OzoneProtocolMessageDispatcher.processRequest(OzoneProtocolMessageDispatcher.java:87) [hdds-server-framework-1.3.0-SNAPSHOT.jar:?]
	at org.apache.hadoop.ozone.protocolPB.OzoneManagerProtocolServerSideTranslatorPB.submitRequest(OzoneManagerProtocolServerSideTranslatorPB.java:147) [ozone-manager-1.3.0-SNAPSHOT.jar:?]
	at org.apache.hadoop.ozone.protocol.proto.OzoneManagerProtocolProtos$OzoneManagerService$2.callBlockingMethod(OzoneManagerProtocolProtos.java) [ozone-interface-client-1.3.0-SNAPSHOT.jar:?]
	at org.apache.hadoop.ipc.ProtobufRpcEngine$Server.processCall(ProtobufRpcEngine.java:466) [hadoop-common-3.3.1.jar:?]
	at org.apache.hadoop.ipc.ProtobufRpcEngine2$Server$ProtoBufRpcInvoker.call(ProtobufRpcEngine2.java:574) [hadoop-common-3.3.1.jar:?]
	at org.apache.hadoop.ipc.ProtobufRpcEngine2$Server$ProtoBufRpcInvoker.call(ProtobufRpcEngine2.java:552) [hadoop-common-3.3.1.jar:?]
	at org.apache.hadoop.ipc.RPC$Server.call(RPC.java:1093) [hadoop-common-3.3.1.jar:?]
	at org.apache.hadoop.ipc.Server$RpcCall.run(Server.java:1035) [hadoop-common-3.3.1.jar:?]
	at org.apache.hadoop.ipc.Server$RpcCall.run(Server.java:963) [hadoop-common-3.3.1.jar:?]
	at java.security.AccessController.doPrivileged(Native Method) ~[?:1.8.0_332]
	at javax.security.auth.Subject.doAs(Subject.java:422) [?:1.8.0_332]
	at org.apache.hadoop.security.UserGroupInformation.doAs(UserGroupInformation.java:1878) [hadoop-common-3.3.1.jar:?]
	at org.apache.hadoop.ipc.Server$Handler.run(Server.java:2966) [hadoop-common-3.3.1.jar:?]
07:21:15.001 [IPC Server handler 0 on default port 42659] ERROR OMAudit - user=runner | ip=127.0.0.1 | op=GET_FILE_STATUS {volume=volume70399, bucket=bucket00626, key=testBatchDelete/parent/child0, dataSize=0, replicationConfig=null} | ret=FAILURE
org.apache.hadoop.ozone.om.exceptions.OMException: Unable to get file status: volume: volume70399 bucket: bucket00626 key: testBatchDelete/parent/child0
	at org.apache.hadoop.ozone.om.KeyManagerImpl.getOzoneFileStatus(KeyManagerImpl.java:1311) ~[ozone-manager-1.3.0-SNAPSHOT.jar:?]
	at org.apache.hadoop.ozone.om.KeyManagerImpl.getFileStatus(KeyManagerImpl.java:1241) ~[ozone-manager-1.3.0-SNAPSHOT.jar:?]
	at org.apache.hadoop.ozone.om.OzoneManager.getFileStatus(OzoneManager.java:3419) ~[ozone-manager-1.3.0-SNAPSHOT.jar:?]
	at org.apache.hadoop.ozone.protocolPB.OzoneManagerRequestHandler.getOzoneFileStatus(OzoneManagerRequestHandler.java:871) ~[ozone-manager-1.3.0-SNAPSHOT.jar:?]
	at org.apache.hadoop.ozone.protocolPB.OzoneManagerRequestHandler.handleReadRequest(OzoneManagerRequestHandler.java:217) ~[ozone-manager-1.3.0-SNAPSHOT.jar:?]
	at org.apache.hadoop.ozone.protocolPB.OzoneManagerProtocolServerSideTranslatorPB.submitReadRequestToOM(OzoneManagerProtocolServerSideTranslatorPB.java:226) ~[ozone-manager-1.3.0-SNAPSHOT.jar:?]
	at org.apache.hadoop.ozone.protocolPB.OzoneManagerProtocolServerSideTranslatorPB.processRequest(OzoneManagerProtocolServerSideTranslatorPB.java:175) ~[ozone-manager-1.3.0-SNAPSHOT.jar:?]
	at org.apache.hadoop.hdds.server.OzoneProtocolMessageDispatcher.processRequest(OzoneProtocolMessageDispatcher.java:87) [hdds-server-framework-1.3.0-SNAPSHOT.jar:?]
	at org.apache.hadoop.ozone.protocolPB.OzoneManagerProtocolServerSideTranslatorPB.submitRequest(OzoneManagerProtocolServerSideTranslatorPB.java:147) [ozone-manager-1.3.0-SNAPSHOT.jar:?]
	at org.apache.hadoop.ozone.protocol.proto.OzoneManagerProtocolProtos$OzoneManagerService$2.callBlockingMethod(OzoneManagerProtocolProtos.java) [ozone-interface-client-1.3.0-SNAPSHOT.jar:?]
	at org.apache.hadoop.ipc.ProtobufRpcEngine$Server.processCall(ProtobufRpcEngine.java:466) [hadoop-common-3.3.1.jar:?]
	at org.apache.hadoop.ipc.ProtobufRpcEngine2$Server$ProtoBufRpcInvoker.call(ProtobufRpcEngine2.java:574) [hadoop-common-3.3.1.jar:?]
	at org.apache.hadoop.ipc.ProtobufRpcEngine2$Server$ProtoBufRpcInvoker.call(ProtobufRpcEngine2.java:552) [hadoop-common-3.3.1.jar:?]
	at org.apache.hadoop.ipc.RPC$Server.call(RPC.java:1093) [hadoop-common-3.3.1.jar:?]
	at org.apache.hadoop.ipc.Server$RpcCall.run(Server.java:1035) [hadoop-common-3.3.1.jar:?]
	at org.apache.hadoop.ipc.Server$RpcCall.run(Server.java:963) [hadoop-common-3.3.1.jar:?]
	at java.security.AccessController.doPrivileged(Native Method) ~[?:1.8.0_332]
	at javax.security.auth.Subject.doAs(Subject.java:422) [?:1.8.0_332]
	at org.apache.hadoop.security.UserGroupInformation.doAs(UserGroupInformation.java:1878) [hadoop-common-3.3.1.jar:?]
	at org.apache.hadoop.ipc.Server$Handler.run(Server.java:2966) [hadoop-common-3.3.1.jar:?]
07:21:15.002 [IPC Server handler 19 on default port 42659] ERROR OMAudit - user=runner | ip=127.0.0.1 | op=GET_FILE_STATUS {volume=volume70399, bucket=bucket00626, key=testBatchDelete/parent/childFolder/child0, dataSize=0, replicationConfig=null} | ret=FAILURE
org.apache.hadoop.ozone.om.exceptions.OMException: Unable to get file status: volume: volume70399 bucket: bucket00626 key: testBatchDelete/parent/childFolder/child0
	at org.apache.hadoop.ozone.om.KeyManagerImpl.getOzoneFileStatus(KeyManagerImpl.java:1311) ~[ozone-manager-1.3.0-SNAPSHOT.jar:?]
	at org.apache.hadoop.ozone.om.KeyManagerImpl.getFileStatus(KeyManagerImpl.java:1241) ~[ozone-manager-1.3.0-SNAPSHOT.jar:?]
	at org.apache.hadoop.ozone.om.OzoneManager.getFileStatus(OzoneManager.java:3419) ~[ozone-manager-1.3.0-SNAPSHOT.jar:?]
	at org.apache.hadoop.ozone.protocolPB.OzoneManagerRequestHandler.getOzoneFileStatus(OzoneManagerRequestHandler.java:871) ~[ozone-manager-1.3.0-SNAPSHOT.jar:?]
	at org.apache.hadoop.ozone.protocolPB.OzoneManagerRequestHandler.handleReadRequest(OzoneManagerRequestHandler.java:217) ~[ozone-manager-1.3.0-SNAPSHOT.jar:?]
	at org.apache.hadoop.ozone.protocolPB.OzoneManagerProtocolServerSideTranslatorPB.submitReadRequestToOM(OzoneManagerProtocolServerSideTranslatorPB.java:226) ~[ozone-manager-1.3.0-SNAPSHOT.jar:?]
	at org.apache.hadoop.ozone.protocolPB.OzoneManagerProtocolServerSideTranslatorPB.processRequest(OzoneManagerProtocolServerSideTranslatorPB.java:175) ~[ozone-manager-1.3.0-SNAPSHOT.jar:?]
	at org.apache.hadoop.hdds.server.OzoneProtocolMessageDispatcher.processRequest(OzoneProtocolMessageDispatcher.java:87) [hdds-server-framework-1.3.0-SNAPSHOT.jar:?]
	at org.apache.hadoop.ozone.protocolPB.OzoneManagerProtocolServerSideTranslatorPB.submitRequest(OzoneManagerProtocolServerSideTranslatorPB.java:147) [ozone-manager-1.3.0-SNAPSHOT.jar:?]
	at org.apache.hadoop.ozone.protocol.proto.OzoneManagerProtocolProtos$OzoneManagerService$2.callBlockingMethod(OzoneManagerProtocolProtos.java) [ozone-interface-client-1.3.0-SNAPSHOT.jar:?]
	at org.apache.hadoop.ipc.ProtobufRpcEngine$Server.processCall(ProtobufRpcEngine.java:466) [hadoop-common-3.3.1.jar:?]
	at org.apache.hadoop.ipc.ProtobufRpcEngine2$Server$ProtoBufRpcInvoker.call(ProtobufRpcEngine2.java:574) [hadoop-common-3.3.1.jar:?]
	at org.apache.hadoop.ipc.ProtobufRpcEngine2$Server$ProtoBufRpcInvoker.call(ProtobufRpcEngine2.java:552) [hadoop-common-3.3.1.jar:?]
	at org.apache.hadoop.ipc.RPC$Server.call(RPC.java:1093) [hadoop-common-3.3.1.jar:?]
	at org.apache.hadoop.ipc.Server$RpcCall.run(Server.java:1035) [hadoop-common-3.3.1.jar:?]
	at org.apache.hadoop.ipc.Server$RpcCall.run(Server.java:963) [hadoop-common-3.3.1.jar:?]
	at java.security.AccessController.doPrivileged(Native Method) ~[?:1.8.0_332]
	at javax.security.auth.Subject.doAs(Subject.java:422) [?:1.8.0_332]
	at org.apache.hadoop.security.UserGroupInformation.doAs(UserGroupInformation.java:1878) [hadoop-common-3.3.1.jar:?]
	at org.apache.hadoop.ipc.Server$Handler.run(Server.java:2966) [hadoop-common-3.3.1.jar:?]
07:21:15.003 [IPC Server handler 18 on default port 42659] ERROR OMAudit - user=runner | ip=127.0.0.1 | op=GET_FILE_STATUS {volume=volume70399, bucket=bucket00626, key=testBatchDelete/parent/child1, dataSize=0, replicationConfig=null} | ret=FAILURE
org.apache.hadoop.ozone.om.exceptions.OMException: Unable to get file status: volume: volume70399 bucket: bucket00626 key: testBatchDelete/parent/child1
	at org.apache.hadoop.ozone.om.KeyManagerImpl.getOzoneFileStatus(KeyManagerImpl.java:1311) ~[ozone-manager-1.3.0-SNAPSHOT.jar:?]
	at org.apache.hadoop.ozone.om.KeyManagerImpl.getFileStatus(KeyManagerImpl.java:1241) ~[ozone-manager-1.3.0-SNAPSHOT.jar:?]
	at org.apache.hadoop.ozone.om.OzoneManager.getFileStatus(OzoneManager.java:3419) ~[ozone-manager-1.3.0-SNAPSHOT.jar:?]
	at org.apache.hadoop.ozone.protocolPB.OzoneManagerRequestHandler.getOzoneFileStatus(OzoneManagerRequestHandler.java:871) ~[ozone-manager-1.3.0-SNAPSHOT.jar:?]
	at org.apache.hadoop.ozone.protocolPB.OzoneManagerRequestHandler.handleReadRequest(OzoneManagerRequestHandler.java:217) ~[ozone-manager-1.3.0-SNAPSHOT.jar:?]
	at org.apache.hadoop.ozone.protocolPB.OzoneManagerProtocolServerSideTranslatorPB.submitReadRequestToOM(OzoneManagerProtocolServerSideTranslatorPB.java:226) ~[ozone-manager-1.3.0-SNAPSHOT.jar:?]
	at org.apache.hadoop.ozone.protocolPB.OzoneManagerProtocolServerSideTranslatorPB.processRequest(OzoneManagerProtocolServerSideTranslatorPB.java:175) ~[ozone-manager-1.3.0-SNAPSHOT.jar:?]
	at org.apache.hadoop.hdds.server.OzoneProtocolMessageDispatcher.processRequest(OzoneProtocolMessageDispatcher.java:87) [hdds-server-framework-1.3.0-SNAPSHOT.jar:?]
	at org.apache.hadoop.ozone.protocolPB.OzoneManagerProtocolServerSideTranslatorPB.submitRequest(OzoneManagerProtocolServerSideTranslatorPB.java:147) [ozone-manager-1.3.0-SNAPSHOT.jar:?]
	at org.apache.hadoop.ozone.protocol.proto.OzoneManagerProtocolProtos$OzoneManagerService$2.callBlockingMethod(OzoneManagerProtocolProtos.java) [ozone-interface-client-1.3.0-SNAPSHOT.jar:?]
	at org.apache.hadoop.ipc.ProtobufRpcEngine$Server.processCall(ProtobufRpcEngine.java:466) [hadoop-common-3.3.1.jar:?]
	at org.apache.hadoop.ipc.ProtobufRpcEngine2$Server$ProtoBufRpcInvoker.call(ProtobufRpcEngine2.java:574) [hadoop-common-3.3.1.jar:?]
	at org.apache.hadoop.ipc.ProtobufRpcEngine2$Server$ProtoBufRpcInvoker.call(ProtobufRpcEngine2.java:552) [hadoop-common-3.3.1.jar:?]
	at org.apache.hadoop.ipc.RPC$Server.call(RPC.java:1093) [hadoop-common-3.3.1.jar:?]
	at org.apache.hadoop.ipc.Server$RpcCall.run(Server.java:1035) [hadoop-common-3.3.1.jar:?]
	at org.apache.hadoop.ipc.Server$RpcCall.run(Server.java:963) [hadoop-common-3.3.1.jar:?]
	at java.security.AccessController.doPrivileged(Native Method) ~[?:1.8.0_332]
	at javax.security.auth.Subject.doAs(Subject.java:422) [?:1.8.0_332]
	at org.apache.hadoop.security.UserGroupInformation.doAs(UserGroupInformation.java:1878) [hadoop-common-3.3.1.jar:?]
	at org.apache.hadoop.ipc.Server$Handler.run(Server.java:2966) [hadoop-common-3.3.1.jar:?]
07:21:15.004 [IPC Server handler 16 on default port 42659] ERROR OMAudit - user=runner | ip=127.0.0.1 | op=GET_FILE_STATUS {volume=volume70399, bucket=bucket00626, key=testBatchDelete/parent/childFolder/child1, dataSize=0, replicationConfig=null} | ret=FAILURE
org.apache.hadoop.ozone.om.exceptions.OMException: Unable to get file status: volume: volume70399 bucket: bucket00626 key: testBatchDelete/parent/childFolder/child1
	at org.apache.hadoop.ozone.om.KeyManagerImpl.getOzoneFileStatus(KeyManagerImpl.java:1311) ~[ozone-manager-1.3.0-SNAPSHOT.jar:?]
	at org.apache.hadoop.ozone.om.KeyManagerImpl.getFileStatus(KeyManagerImpl.java:1241) ~[ozone-manager-1.3.0-SNAPSHOT.jar:?]
	at org.apache.hadoop.ozone.om.OzoneManager.getFileStatus(OzoneManager.java:3419) ~[ozone-manager-1.3.0-SNAPSHOT.jar:?]
	at org.apache.hadoop.ozone.protocolPB.OzoneManagerRequestHandler.getOzoneFileStatus(OzoneManagerRequestHandler.java:871) ~[ozone-manager-1.3.0-SNAPSHOT.jar:?]
	at org.apache.hadoop.ozone.protocolPB.OzoneManagerRequestHandler.handleReadRequest(OzoneManagerRequestHandler.java:217) ~[ozone-manager-1.3.0-SNAPSHOT.jar:?]
	at org.apache.hadoop.ozone.protocolPB.OzoneManagerProtocolServerSideTranslatorPB.submitReadRequestToOM(OzoneManagerProtocolServerSideTranslatorPB.java:226) ~[ozone-manager-1.3.0-SNAPSHOT.jar:?]
	at org.apache.hadoop.ozone.protocolPB.OzoneManagerProtocolServerSideTranslatorPB.processRequest(OzoneManagerProtocolServerSideTranslatorPB.java:175) ~[ozone-manager-1.3.0-SNAPSHOT.jar:?]
	at org.apache.hadoop.hdds.server.OzoneProtocolMessageDispatcher.processRequest(OzoneProtocolMessageDispatcher.java:87) [hdds-server-framework-1.3.0-SNAPSHOT.jar:?]
	at org.apache.hadoop.ozone.protocolPB.OzoneManagerProtocolServerSideTranslatorPB.submitRequest(OzoneManagerProtocolServerSideTranslatorPB.java:147) [ozone-manager-1.3.0-SNAPSHOT.jar:?]
	at org.apache.hadoop.ozone.protocol.proto.OzoneManagerProtocolProtos$OzoneManagerService$2.callBlockingMethod(OzoneManagerProtocolProtos.java) [ozone-interface-client-1.3.0-SNAPSHOT.jar:?]
	at org.apache.hadoop.ipc.ProtobufRpcEngine$Server.processCall(ProtobufRpcEngine.java:466) [hadoop-common-3.3.1.jar:?]
	at org.apache.hadoop.ipc.ProtobufRpcEngine2$Server$ProtoBufRpcInvoker.call(ProtobufRpcEngine2.java:574) [hadoop-common-3.3.1.jar:?]
	at org.apache.hadoop.ipc.ProtobufRpcEngine2$Server$ProtoBufRpcInvoker.call(ProtobufRpcEngine2.java:552) [hadoop-common-3.3.1.jar:?]
	at org.apache.hadoop.ipc.RPC$Server.call(RPC.java:1093) [hadoop-common-3.3.1.jar:?]
	at org.apache.hadoop.ipc.Server$RpcCall.run(Server.java:1035) [hadoop-common-3.3.1.jar:?]
	at org.apache.hadoop.ipc.Server$RpcCall.run(Server.java:963) [hadoop-common-3.3.1.jar:?]
	at java.security.AccessController.doPrivileged(Native Method) ~[?:1.8.0_332]
	at javax.security.auth.Subject.doAs(Subject.java:422) [?:1.8.0_332]
	at org.apache.hadoop.security.UserGroupInformation.doAs(UserGroupInformation.java:1878) [hadoop-common-3.3.1.jar:?]
	at org.apache.hadoop.ipc.Server$Handler.run(Server.java:2966) [hadoop-common-3.3.1.jar:?]
07:21:15.005 [IPC Server handler 14 on default port 42659] ERROR OMAudit - user=runner | ip=127.0.0.1 | op=GET_FILE_STATUS {volume=volume70399, bucket=bucket00626, key=testBatchDelete/parent/child2, dataSize=0, replicationConfig=null} | ret=FAILURE
org.apache.hadoop.ozone.om.exceptions.OMException: Unable to get file status: volume: volume70399 bucket: bucket00626 key: testBatchDelete/parent/child2
	at org.apache.hadoop.ozone.om.KeyManagerImpl.getOzoneFileStatus(KeyManagerImpl.java:1311) ~[ozone-manager-1.3.0-SNAPSHOT.jar:?]
	at org.apache.hadoop.ozone.om.KeyManagerImpl.getFileStatus(KeyManagerImpl.java:1241) ~[ozone-manager-1.3.0-SNAPSHOT.jar:?]
	at org.apache.hadoop.ozone.om.OzoneManager.getFileStatus(OzoneManager.java:3419) ~[ozone-manager-1.3.0-SNAPSHOT.jar:?]
	at org.apache.hadoop.ozone.protocolPB.OzoneManagerRequestHandler.getOzoneFileStatus(OzoneManagerRequestHandler.java:871) ~[ozone-manager-1.3.0-SNAPSHOT.jar:?]
	at org.apache.hadoop.ozone.protocolPB.OzoneManagerRequestHandler.handleReadRequest(OzoneManagerRequestHandler.java:217) ~[ozone-manager-1.3.0-SNAPSHOT.jar:?]
	at org.apache.hadoop.ozone.protocolPB.OzoneManagerProtocolServerSideTranslatorPB.submitReadRequestToOM(OzoneManagerProtocolServerSideTranslatorPB.java:226) ~[ozone-manager-1.3.0-SNAPSHOT.jar:?]
	at org.apache.hadoop.ozone.protocolPB.OzoneManagerProtocolServerSideTranslatorPB.processRequest(OzoneManagerProtocolServerSideTranslatorPB.java:175) ~[ozone-manager-1.3.0-SNAPSHOT.jar:?]
	at org.apache.hadoop.hdds.server.OzoneProtocolMessageDispatcher.processRequest(OzoneProtocolMessageDispatcher.java:87) [hdds-server-framework-1.3.0-SNAPSHOT.jar:?]
	at org.apache.hadoop.ozone.protocolPB.OzoneManagerProtocolServerSideTranslatorPB.submitRequest(OzoneManagerProtocolServerSideTranslatorPB.java:147) [ozone-manager-1.3.0-SNAPSHOT.jar:?]
	at org.apache.hadoop.ozone.protocol.proto.OzoneManagerProtocolProtos$OzoneManagerService$2.callBlockingMethod(OzoneManagerProtocolProtos.java) [ozone-interface-client-1.3.0-SNAPSHOT.jar:?]
	at org.apache.hadoop.ipc.ProtobufRpcEngine$Server.processCall(ProtobufRpcEngine.java:466) [hadoop-common-3.3.1.jar:?]
	at org.apache.hadoop.ipc.ProtobufRpcEngine2$Server$ProtoBufRpcInvoker.call(ProtobufRpcEngine2.java:574) [hadoop-common-3.3.1.jar:?]
	at org.apache.hadoop.ipc.ProtobufRpcEngine2$Server$ProtoBufRpcInvoker.call(ProtobufRpcEngine2.java:552) [hadoop-common-3.3.1.jar:?]
	at org.apache.hadoop.ipc.RPC$Server.call(RPC.java:1093) [hadoop-common-3.3.1.jar:?]
	at org.apache.hadoop.ipc.Server$RpcCall.run(Server.java:1035) [hadoop-common-3.3.1.jar:?]
	at org.apache.hadoop.ipc.Server$RpcCall.run(Server.java:963) [hadoop-common-3.3.1.jar:?]
	at java.security.AccessController.doPrivileged(Native Method) ~[?:1.8.0_332]
	at javax.security.auth.Subject.doAs(Subject.java:422) [?:1.8.0_332]
	at org.apache.hadoop.security.UserGroupInformation.doAs(UserGroupInformation.java:1878) [hadoop-common-3.3.1.jar:?]
	at org.apache.hadoop.ipc.Server$Handler.run(Server.java:2966) [hadoop-common-3.3.1.jar:?]
07:21:15.006 [IPC Server handler 11 on default port 42659] ERROR OMAudit - user=runner | ip=127.0.0.1 | op=GET_FILE_STATUS {volume=volume70399, bucket=bucket00626, key=testBatchDelete/parent/childFolder/child2, dataSize=0, replicationConfig=null} | ret=FAILURE
org.apache.hadoop.ozone.om.exceptions.OMException: Unable to get file status: volume: volume70399 bucket: bucket00626 key: testBatchDelete/parent/childFolder/child2
	at org.apache.hadoop.ozone.om.KeyManagerImpl.getOzoneFileStatus(KeyManagerImpl.java:1311) ~[ozone-manager-1.3.0-SNAPSHOT.jar:?]
	at org.apache.hadoop.ozone.om.KeyManagerImpl.getFileStatus(KeyManagerImpl.java:1241) ~[ozone-manager-1.3.0-SNAPSHOT.jar:?]
	at org.apache.hadoop.ozone.om.OzoneManager.getFileStatus(OzoneManager.java:3419) ~[ozone-manager-1.3.0-SNAPSHOT.jar:?]
	at org.apache.hadoop.ozone.protocolPB.OzoneManagerRequestHandler.getOzoneFileStatus(OzoneManagerRequestHandler.java:871) ~[ozone-manager-1.3.0-SNAPSHOT.jar:?]
	at org.apache.hadoop.ozone.protocolPB.OzoneManagerRequestHandler.handleReadRequest(OzoneManagerRequestHandler.java:217) ~[ozone-manager-1.3.0-SNAPSHOT.jar:?]
	at org.apache.hadoop.ozone.protocolPB.OzoneManagerProtocolServerSideTranslatorPB.submitReadRequestToOM(OzoneManagerProtocolServerSideTranslatorPB.java:226) ~[ozone-manager-1.3.0-SNAPSHOT.jar:?]
	at org.apache.hadoop.ozone.protocolPB.OzoneManagerProtocolServerSideTranslatorPB.processRequest(OzoneManagerProtocolServerSideTranslatorPB.java:175) ~[ozone-manager-1.3.0-SNAPSHOT.jar:?]
	at org.apache.hadoop.hdds.server.OzoneProtocolMessageDispatcher.processRequest(OzoneProtocolMessageDispatcher.java:87) [hdds-server-framework-1.3.0-SNAPSHOT.jar:?]
	at org.apache.hadoop.ozone.protocolPB.OzoneManagerProtocolServerSideTranslatorPB.submitRequest(OzoneManagerProtocolServerSideTranslatorPB.java:147) [ozone-manager-1.3.0-SNAPSHOT.jar:?]
	at org.apache.hadoop.ozone.protocol.proto.OzoneManagerProtocolProtos$OzoneManagerService$2.callBlockingMethod(OzoneManagerProtocolProtos.java) [ozone-interface-client-1.3.0-SNAPSHOT.jar:?]
	at org.apache.hadoop.ipc.ProtobufRpcEngine$Server.processCall(ProtobufRpcEngine.java:466) [hadoop-common-3.3.1.jar:?]
	at org.apache.hadoop.ipc.ProtobufRpcEngine2$Server$ProtoBufRpcInvoker.call(ProtobufRpcEngine2.java:574) [hadoop-common-3.3.1.jar:?]
	at org.apache.hadoop.ipc.ProtobufRpcEngine2$Server$ProtoBufRpcInvoker.call(ProtobufRpcEngine2.java:552) [hadoop-common-3.3.1.jar:?]
	at org.apache.hadoop.ipc.RPC$Server.call(RPC.java:1093) [hadoop-common-3.3.1.jar:?]
	at org.apache.hadoop.ipc.Server$RpcCall.run(Server.java:1035) [hadoop-common-3.3.1.jar:?]
	at org.apache.hadoop.ipc.Server$RpcCall.run(Server.java:963) [hadoop-common-3.3.1.jar:?]
	at java.security.AccessController.doPrivileged(Native Method) ~[?:1.8.0_332]
	at javax.security.auth.Subject.doAs(Subject.java:422) [?:1.8.0_332]
	at org.apache.hadoop.security.UserGroupInformation.doAs(UserGroupInformation.java:1878) [hadoop-common-3.3.1.jar:?]
	at org.apache.hadoop.ipc.Server$Handler.run(Server.java:2966) [hadoop-common-3.3.1.jar:?]
07:21:15.007 [IPC Server handler 3 on default port 42659] ERROR OMAudit - user=runner | ip=127.0.0.1 | op=GET_FILE_STATUS {volume=volume70399, bucket=bucket00626, key=testBatchDelete/parent/child3, dataSize=0, replicationConfig=null} | ret=FAILURE
org.apache.hadoop.ozone.om.exceptions.OMException: Unable to get file status: volume: volume70399 bucket: bucket00626 key: testBatchDelete/parent/child3
	at org.apache.hadoop.ozone.om.KeyManagerImpl.getOzoneFileStatus(KeyManagerImpl.java:1311) ~[ozone-manager-1.3.0-SNAPSHOT.jar:?]
	at org.apache.hadoop.ozone.om.KeyManagerImpl.getFileStatus(KeyManagerImpl.java:1241) ~[ozone-manager-1.3.0-SNAPSHOT.jar:?]
	at org.apache.hadoop.ozone.om.OzoneManager.getFileStatus(OzoneManager.java:3419) ~[ozone-manager-1.3.0-SNAPSHOT.jar:?]
	at org.apache.hadoop.ozone.protocolPB.OzoneManagerRequestHandler.getOzoneFileStatus(OzoneManagerRequestHandler.java:871) ~[ozone-manager-1.3.0-SNAPSHOT.jar:?]
	at org.apache.hadoop.ozone.protocolPB.OzoneManagerRequestHandler.handleReadRequest(OzoneManagerRequestHandler.java:217) ~[ozone-manager-1.3.0-SNAPSHOT.jar:?]
	at org.apache.hadoop.ozone.protocolPB.OzoneManagerProtocolServerSideTranslatorPB.submitReadRequestToOM(OzoneManagerProtocolServerSideTranslatorPB.java:226) ~[ozone-manager-1.3.0-SNAPSHOT.jar:?]
	at org.apache.hadoop.ozone.protocolPB.OzoneManagerProtocolServerSideTranslatorPB.processRequest(OzoneManagerProtocolServerSideTranslatorPB.java:175) ~[ozone-manager-1.3.0-SNAPSHOT.jar:?]
	at org.apache.hadoop.hdds.server.OzoneProtocolMessageDispatcher.processRequest(OzoneProtocolMessageDispatcher.java:87) [hdds-server-framework-1.3.0-SNAPSHOT.jar:?]
	at org.apache.hadoop.ozone.protocolPB.OzoneManagerProtocolServerSideTranslatorPB.submitRequest(OzoneManagerProtocolServerSideTranslatorPB.java:147) [ozone-manager-1.3.0-SNAPSHOT.jar:?]
	at org.apache.hadoop.ozone.protocol.proto.OzoneManagerProtocolProtos$OzoneManagerService$2.callBlockingMethod(OzoneManagerProtocolProtos.java) [ozone-interface-client-1.3.0-SNAPSHOT.jar:?]
	at org.apache.hadoop.ipc.ProtobufRpcEngine$Server.processCall(ProtobufRpcEngine.java:466) [hadoop-common-3.3.1.jar:?]
	at org.apache.hadoop.ipc.ProtobufRpcEngine2$Server$ProtoBufRpcInvoker.call(ProtobufRpcEngine2.java:574) [hadoop-common-3.3.1.jar:?]
	at org.apache.hadoop.ipc.ProtobufRpcEngine2$Server$ProtoBufRpcInvoker.call(ProtobufRpcEngine2.java:552) [hadoop-common-3.3.1.jar:?]
	at org.apache.hadoop.ipc.RPC$Server.call(RPC.java:1093) [hadoop-common-3.3.1.jar:?]
	at org.apache.hadoop.ipc.Server$RpcCall.run(Server.java:1035) [hadoop-common-3.3.1.jar:?]
	at org.apache.hadoop.ipc.Server$RpcCall.run(Server.java:963) [hadoop-common-3.3.1.jar:?]
	at java.security.AccessController.doPrivileged(Native Method) ~[?:1.8.0_332]
	at javax.security.auth.Subject.doAs(Subject.java:422) [?:1.8.0_332]
	at org.apache.hadoop.security.UserGroupInformation.doAs(UserGroupInformation.java:1878) [hadoop-common-3.3.1.jar:?]
	at org.apache.hadoop.ipc.Server$Handler.run(Server.java:2966) [hadoop-common-3.3.1.jar:?]
07:21:15.009 [IPC Server handler 4 on default port 42659] ERROR OMAudit - user=runner | ip=127.0.0.1 | op=GET_FILE_STATUS {volume=volume70399, bucket=bucket00626, key=testBatchDelete/parent/childFolder/child3, dataSize=0, replicationConfig=null} | ret=FAILURE
org.apache.hadoop.ozone.om.exceptions.OMException: Unable to get file status: volume: volume70399 bucket: bucket00626 key: testBatchDelete/parent/childFolder/child3
	at org.apache.hadoop.ozone.om.KeyManagerImpl.getOzoneFileStatus(KeyManagerImpl.java:1311) ~[ozone-manager-1.3.0-SNAPSHOT.jar:?]
	at org.apache.hadoop.ozone.om.KeyManagerImpl.getFileStatus(KeyManagerImpl.java:1241) ~[ozone-manager-1.3.0-SNAPSHOT.jar:?]
	at org.apache.hadoop.ozone.om.OzoneManager.getFileStatus(OzoneManager.java:3419) ~[ozone-manager-1.3.0-SNAPSHOT.jar:?]
	at org.apache.hadoop.ozone.protocolPB.OzoneManagerRequestHandler.getOzoneFileStatus(OzoneManagerRequestHandler.java:871) ~[ozone-manager-1.3.0-SNAPSHOT.jar:?]
	at org.apache.hadoop.ozone.protocolPB.OzoneManagerRequestHandler.handleReadRequest(OzoneManagerRequestHandler.java:217) ~[ozone-manager-1.3.0-SNAPSHOT.jar:?]
	at org.apache.hadoop.ozone.protocolPB.OzoneManagerProtocolServerSideTranslatorPB.submitReadRequestToOM(OzoneManagerProtocolServerSideTranslatorPB.java:226) ~[ozone-manager-1.3.0-SNAPSHOT.jar:?]
	at org.apache.hadoop.ozone.protocolPB.OzoneManagerProtocolServerSideTranslatorPB.processRequest(OzoneManagerProtocolServerSideTranslatorPB.java:175) ~[ozone-manager-1.3.0-SNAPSHOT.jar:?]
	at org.apache.hadoop.hdds.server.OzoneProtocolMessageDispatcher.processRequest(OzoneProtocolMessageDispatcher.java:87) [hdds-server-framework-1.3.0-SNAPSHOT.jar:?]
	at org.apache.hadoop.ozone.protocolPB.OzoneManagerProtocolServerSideTranslatorPB.submitRequest(OzoneManagerProtocolServerSideTranslatorPB.java:147) [ozone-manager-1.3.0-SNAPSHOT.jar:?]
	at org.apache.hadoop.ozone.protocol.proto.OzoneManagerProtocolProtos$OzoneManagerService$2.callBlockingMethod(OzoneManagerProtocolProtos.java) [ozone-interface-client-1.3.0-SNAPSHOT.jar:?]
	at org.apache.hadoop.ipc.ProtobufRpcEngine$Server.processCall(ProtobufRpcEngine.java:466) [hadoop-common-3.3.1.jar:?]
	at org.apache.hadoop.ipc.ProtobufRpcEngine2$Server$ProtoBufRpcInvoker.call(ProtobufRpcEngine2.java:574) [hadoop-common-3.3.1.jar:?]
	at org.apache.hadoop.ipc.ProtobufRpcEngine2$Server$ProtoBufRpcInvoker.call(ProtobufRpcEngine2.java:552) [hadoop-common-3.3.1.jar:?]
	at org.apache.hadoop.ipc.RPC$Server.call(RPC.java:1093) [hadoop-common-3.3.1.jar:?]
	at org.apache.hadoop.ipc.Server$RpcCall.run(Server.java:1035) [hadoop-common-3.3.1.jar:?]
	at org.apache.hadoop.ipc.Server$RpcCall.run(Server.java:963) [hadoop-common-3.3.1.jar:?]
	at java.security.AccessController.doPrivileged(Native Method) ~[?:1.8.0_332]
	at javax.security.auth.Subject.doAs(Subject.java:422) [?:1.8.0_332]
	at org.apache.hadoop.security.UserGroupInformation.doAs(UserGroupInformation.java:1878) [hadoop-common-3.3.1.jar:?]
	at org.apache.hadoop.ipc.Server$Handler.run(Server.java:2966) [hadoop-common-3.3.1.jar:?]
07:21:15.010 [IPC Server handler 12 on default port 42659] ERROR OMAudit - user=runner | ip=127.0.0.1 | op=GET_FILE_STATUS {volume=volume70399, bucket=bucket00626, key=testBatchDelete/parent/child4, dataSize=0, replicationConfig=null} | ret=FAILURE
org.apache.hadoop.ozone.om.exceptions.OMException: Unable to get file status: volume: volume70399 bucket: bucket00626 key: testBatchDelete/parent/child4
	at org.apache.hadoop.ozone.om.KeyManagerImpl.getOzoneFileStatus(KeyManagerImpl.java:1311) ~[ozone-manager-1.3.0-SNAPSHOT.jar:?]
	at org.apache.hadoop.ozone.om.KeyManagerImpl.getFileStatus(KeyManagerImpl.java:1241) ~[ozone-manager-1.3.0-SNAPSHOT.jar:?]
	at org.apache.hadoop.ozone.om.OzoneManager.getFileStatus(OzoneManager.java:3419) ~[ozone-manager-1.3.0-SNAPSHOT.jar:?]
	at org.apache.hadoop.ozone.protocolPB.OzoneManagerRequestHandler.getOzoneFileStatus(OzoneManagerRequestHandler.java:871) ~[ozone-manager-1.3.0-SNAPSHOT.jar:?]
	at org.apache.hadoop.ozone.protocolPB.OzoneManagerRequestHandler.handleReadRequest(OzoneManagerRequestHandler.java:217) ~[ozone-manager-1.3.0-SNAPSHOT.jar:?]
	at org.apache.hadoop.ozone.protocolPB.OzoneManagerProtocolServerSideTranslatorPB.submitReadRequestToOM(OzoneManagerProtocolServerSideTranslatorPB.java:226) ~[ozone-manager-1.3.0-SNAPSHOT.jar:?]
	at org.apache.hadoop.ozone.protocolPB.OzoneManagerProtocolServerSideTranslatorPB.processRequest(OzoneManagerProtocolServerSideTranslatorPB.java:175) ~[ozone-manager-1.3.0-SNAPSHOT.jar:?]
	at org.apache.hadoop.hdds.server.OzoneProtocolMessageDispatcher.processRequest(OzoneProtocolMessageDispatcher.java:87) [hdds-server-framework-1.3.0-SNAPSHOT.jar:?]
	at org.apache.hadoop.ozone.protocolPB.OzoneManagerProtocolServerSideTranslatorPB.submitRequest(OzoneManagerProtocolServerSideTranslatorPB.java:147) [ozone-manager-1.3.0-SNAPSHOT.jar:?]
	at org.apache.hadoop.ozone.protocol.proto.OzoneManagerProtocolProtos$OzoneManagerService$2.callBlockingMethod(OzoneManagerProtocolProtos.java) [ozone-interface-client-1.3.0-SNAPSHOT.jar:?]
	at org.apache.hadoop.ipc.ProtobufRpcEngine$Server.processCall(ProtobufRpcEngine.java:466) [hadoop-common-3.3.1.jar:?]
	at org.apache.hadoop.ipc.ProtobufRpcEngine2$Server$ProtoBufRpcInvoker.call(ProtobufRpcEngine2.java:574) [hadoop-common-3.3.1.jar:?]
	at org.apache.hadoop.ipc.ProtobufRpcEngine2$Server$ProtoBufRpcInvoker.call(ProtobufRpcEngine2.java:552) [hadoop-common-3.3.1.jar:?]
	at org.apache.hadoop.ipc.RPC$Server.call(RPC.java:1093) [hadoop-common-3.3.1.jar:?]
	at org.apache.hadoop.ipc.Server$RpcCall.run(Server.java:1035) [hadoop-common-3.3.1.jar:?]
	at org.apache.hadoop.ipc.Server$RpcCall.run(Server.java:963) [hadoop-common-3.3.1.jar:?]
	at java.security.AccessController.doPrivileged(Native Method) ~[?:1.8.0_332]
	at javax.security.auth.Subject.doAs(Subject.java:422) [?:1.8.0_332]
	at org.apache.hadoop.security.UserGroupInformation.doAs(UserGroupInformation.java:1878) [hadoop-common-3.3.1.jar:?]
	at org.apache.hadoop.ipc.Server$Handler.run(Server.java:2966) [hadoop-common-3.3.1.jar:?]
07:21:15.011 [IPC Server handler 7 on default port 42659] ERROR OMAudit - user=runner | ip=127.0.0.1 | op=GET_FILE_STATUS {volume=volume70399, bucket=bucket00626, key=testBatchDelete/parent/childFolder/child4, dataSize=0, replicationConfig=null} | ret=FAILURE
org.apache.hadoop.ozone.om.exceptions.OMException: Unable to get file status: volume: volume70399 bucket: bucket00626 key: testBatchDelete/parent/childFolder/child4
	at org.apache.hadoop.ozone.om.KeyManagerImpl.getOzoneFileStatus(KeyManagerImpl.java:1311) ~[ozone-manager-1.3.0-SNAPSHOT.jar:?]
	at org.apache.hadoop.ozone.om.KeyManagerImpl.getFileStatus(KeyManagerImpl.java:1241) ~[ozone-manager-1.3.0-SNAPSHOT.jar:?]
	at org.apache.hadoop.ozone.om.OzoneManager.getFileStatus(OzoneManager.java:3419) ~[ozone-manager-1.3.0-SNAPSHOT.jar:?]
	at org.apache.hadoop.ozone.protocolPB.OzoneManagerRequestHandler.getOzoneFileStatus(OzoneManagerRequestHandler.java:871) ~[ozone-manager-1.3.0-SNAPSHOT.jar:?]
	at org.apache.hadoop.ozone.protocolPB.OzoneManagerRequestHandler.handleReadRequest(OzoneManagerRequestHandler.java:217) ~[ozone-manager-1.3.0-SNAPSHOT.jar:?]
	at org.apache.hadoop.ozone.protocolPB.OzoneManagerProtocolServerSideTranslatorPB.submitReadRequestToOM(OzoneManagerProtocolServerSideTranslatorPB.java:226) ~[ozone-manager-1.3.0-SNAPSHOT.jar:?]
	at org.apache.hadoop.ozone.protocolPB.OzoneManagerProtocolServerSideTranslatorPB.processRequest(OzoneManagerProtocolServerSideTranslatorPB.java:175) ~[ozone-manager-1.3.0-SNAPSHOT.jar:?]
	at org.apache.hadoop.hdds.server.OzoneProtocolMessageDispatcher.processRequest(OzoneProtocolMessageDispatcher.java:87) [hdds-server-framework-1.3.0-SNAPSHOT.jar:?]
	at org.apache.hadoop.ozone.protocolPB.OzoneManagerProtocolServerSideTranslatorPB.submitRequest(OzoneManagerProtocolServerSideTranslatorPB.java:147) [ozone-manager-1.3.0-SNAPSHOT.jar:?]
	at org.apache.hadoop.ozone.protocol.proto.OzoneManagerProtocolProtos$OzoneManagerService$2.callBlockingMethod(OzoneManagerProtocolProtos.java) [ozone-interface-client-1.3.0-SNAPSHOT.jar:?]
	at org.apache.hadoop.ipc.ProtobufRpcEngine$Server.processCall(ProtobufRpcEngine.java:466) [hadoop-common-3.3.1.jar:?]
	at org.apache.hadoop.ipc.ProtobufRpcEngine2$Server$ProtoBufRpcInvoker.call(ProtobufRpcEngine2.java:574) [hadoop-common-3.3.1.jar:?]
	at org.apache.hadoop.ipc.ProtobufRpcEngine2$Server$ProtoBufRpcInvoker.call(ProtobufRpcEngine2.java:552) [hadoop-common-3.3.1.jar:?]
	at org.apache.hadoop.ipc.RPC$Server.call(RPC.java:1093) [hadoop-common-3.3.1.jar:?]
	at org.apache.hadoop.ipc.Server$RpcCall.run(Server.java:1035) [hadoop-common-3.3.1.jar:?]
	at org.apache.hadoop.ipc.Server$RpcCall.run(Server.java:963) [hadoop-common-3.3.1.jar:?]
	at java.security.AccessController.doPrivileged(Native Method) ~[?:1.8.0_332]
	at javax.security.auth.Subject.doAs(Subject.java:422) [?:1.8.0_332]
	at org.apache.hadoop.security.UserGroupInformation.doAs(UserGroupInformation.java:1878) [hadoop-common-3.3.1.jar:?]
	at org.apache.hadoop.ipc.Server$Handler.run(Server.java:2966) [hadoop-common-3.3.1.jar:?]
07:21:15.012 [IPC Server handler 0 on default port 42659] ERROR OMAudit - user=runner | ip=127.0.0.1 | op=GET_FILE_STATUS {volume=volume70399, bucket=bucket00626, key=testBatchDelete/parent/child5, dataSize=0, replicationConfig=null} | ret=FAILURE
org.apache.hadoop.ozone.om.exceptions.OMException: Unable to get file status: volume: volume70399 bucket: bucket00626 key: testBatchDelete/parent/child5
	at org.apache.hadoop.ozone.om.KeyManagerImpl.getOzoneFileStatus(KeyManagerImpl.java:1311) ~[ozone-manager-1.3.0-SNAPSHOT.jar:?]
	at org.apache.hadoop.ozone.om.KeyManagerImpl.getFileStatus(KeyManagerImpl.java:1241) ~[ozone-manager-1.3.0-SNAPSHOT.jar:?]
	at org.apache.hadoop.ozone.om.OzoneManager.getFileStatus(OzoneManager.java:3419) ~[ozone-manager-1.3.0-SNAPSHOT.jar:?]
	at org.apache.hadoop.ozone.protocolPB.OzoneManagerRequestHandler.getOzoneFileStatus(OzoneManagerRequestHandler.java:871) ~[ozone-manager-1.3.0-SNAPSHOT.jar:?]
	at org.apache.hadoop.ozone.protocolPB.OzoneManagerRequestHandler.handleReadRequest(OzoneManagerRequestHandler.java:217) ~[ozone-manager-1.3.0-SNAPSHOT.jar:?]
	at org.apache.hadoop.ozone.protocolPB.OzoneManagerProtocolServerSideTranslatorPB.submitReadRequestToOM(OzoneManagerProtocolServerSideTranslatorPB.java:226) ~[ozone-manager-1.3.0-SNAPSHOT.jar:?]
	at org.apache.hadoop.ozone.protocolPB.OzoneManagerProtocolServerSideTranslatorPB.processRequest(OzoneManagerProtocolServerSideTranslatorPB.java:175) ~[ozone-manager-1.3.0-SNAPSHOT.jar:?]
	at org.apache.hadoop.hdds.server.OzoneProtocolMessageDispatcher.processRequest(OzoneProtocolMessageDispatcher.java:87) [hdds-server-framework-1.3.0-SNAPSHOT.jar:?]
	at org.apache.hadoop.ozone.protocolPB.OzoneManagerProtocolServerSideTranslatorPB.submitRequest(OzoneManagerProtocolServerSideTranslatorPB.java:147) [ozone-manager-1.3.0-SNAPSHOT.jar:?]
	at org.apache.hadoop.ozone.protocol.proto.OzoneManagerProtocolProtos$OzoneManagerService$2.callBlockingMethod(OzoneManagerProtocolProtos.java) [ozone-interface-client-1.3.0-SNAPSHOT.jar:?]
	at org.apache.hadoop.ipc.ProtobufRpcEngine$Server.processCall(ProtobufRpcEngine.java:466) [hadoop-common-3.3.1.jar:?]
	at org.apache.hadoop.ipc.ProtobufRpcEngine2$Server$ProtoBufRpcInvoker.call(ProtobufRpcEngine2.java:574) [hadoop-common-3.3.1.jar:?]
	at org.apache.hadoop.ipc.ProtobufRpcEngine2$Server$ProtoBufRpcInvoker.call(ProtobufRpcEngine2.java:552) [hadoop-common-3.3.1.jar:?]
	at org.apache.hadoop.ipc.RPC$Server.call(RPC.java:1093) [hadoop-common-3.3.1.jar:?]
	at org.apache.hadoop.ipc.Server$RpcCall.run(Server.java:1035) [hadoop-common-3.3.1.jar:?]
	at org.apache.hadoop.ipc.Server$RpcCall.run(Server.java:963) [hadoop-common-3.3.1.jar:?]
	at java.security.AccessController.doPrivileged(Native Method) ~[?:1.8.0_332]
	at javax.security.auth.Subject.doAs(Subject.java:422) [?:1.8.0_332]
	at org.apache.hadoop.security.UserGroupInformation.doAs(UserGroupInformation.java:1878) [hadoop-common-3.3.1.jar:?]
	at org.apache.hadoop.ipc.Server$Handler.run(Server.java:2966) [hadoop-common-3.3.1.jar:?]
07:21:15.013 [IPC Server handler 19 on default port 42659] ERROR OMAudit - user=runner | ip=127.0.0.1 | op=GET_FILE_STATUS {volume=volume70399, bucket=bucket00626, key=testBatchDelete/parent/childFolder/child5, dataSize=0, replicationConfig=null} | ret=FAILURE
org.apache.hadoop.ozone.om.exceptions.OMException: Unable to get file status: volume: volume70399 bucket: bucket00626 key: testBatchDelete/parent/childFolder/child5
	at org.apache.hadoop.ozone.om.KeyManagerImpl.getOzoneFileStatus(KeyManagerImpl.java:1311) ~[ozone-manager-1.3.0-SNAPSHOT.jar:?]
	at org.apache.hadoop.ozone.om.KeyManagerImpl.getFileStatus(KeyManagerImpl.java:1241) ~[ozone-manager-1.3.0-SNAPSHOT.jar:?]
	at org.apache.hadoop.ozone.om.OzoneManager.getFileStatus(OzoneManager.java:3419) ~[ozone-manager-1.3.0-SNAPSHOT.jar:?]
	at org.apache.hadoop.ozone.protocolPB.OzoneManagerRequestHandler.getOzoneFileStatus(OzoneManagerRequestHandler.java:871) ~[ozone-manager-1.3.0-SNAPSHOT.jar:?]
	at org.apache.hadoop.ozone.protocolPB.OzoneManagerRequestHandler.handleReadRequest(OzoneManagerRequestHandler.java:217) ~[ozone-manager-1.3.0-SNAPSHOT.jar:?]
	at org.apache.hadoop.ozone.protocolPB.OzoneManagerProtocolServerSideTranslatorPB.submitReadRequestToOM(OzoneManagerProtocolServerSideTranslatorPB.java:226) ~[ozone-manager-1.3.0-SNAPSHOT.jar:?]
	at org.apache.hadoop.ozone.protocolPB.OzoneManagerProtocolServerSideTranslatorPB.processRequest(OzoneManagerProtocolServerSideTranslatorPB.java:175) ~[ozone-manager-1.3.0-SNAPSHOT.jar:?]
	at org.apache.hadoop.hdds.server.OzoneProtocolMessageDispatcher.processRequest(OzoneProtocolMessageDispatcher.java:87) [hdds-server-framework-1.3.0-SNAPSHOT.jar:?]
	at org.apache.hadoop.ozone.protocolPB.OzoneManagerProtocolServerSideTranslatorPB.submitRequest(OzoneManagerProtocolServerSideTranslatorPB.java:147) [ozone-manager-1.3.0-SNAPSHOT.jar:?]
	at org.apache.hadoop.ozone.protocol.proto.OzoneManagerProtocolProtos$OzoneManagerService$2.callBlockingMethod(OzoneManagerProtocolProtos.java) [ozone-interface-client-1.3.0-SNAPSHOT.jar:?]
	at org.apache.hadoop.ipc.ProtobufRpcEngine$Server.processCall(ProtobufRpcEngine.java:466) [hadoop-common-3.3.1.jar:?]
	at org.apache.hadoop.ipc.ProtobufRpcEngine2$Server$ProtoBufRpcInvoker.call(ProtobufRpcEngine2.java:574) [hadoop-common-3.3.1.jar:?]
	at org.apache.hadoop.ipc.ProtobufRpcEngine2$Server$ProtoBufRpcInvoker.call(ProtobufRpcEngine2.java:552) [hadoop-common-3.3.1.jar:?]
	at org.apache.hadoop.ipc.RPC$Server.call(RPC.java:1093) [hadoop-common-3.3.1.jar:?]
	at org.apache.hadoop.ipc.Server$RpcCall.run(Server.java:1035) [hadoop-common-3.3.1.jar:?]
	at org.apache.hadoop.ipc.Server$RpcCall.run(Server.java:963) [hadoop-common-3.3.1.jar:?]
	at java.security.AccessController.doPrivileged(Native Method) ~[?:1.8.0_332]
	at javax.security.auth.Subject.doAs(Subject.java:422) [?:1.8.0_332]
	at org.apache.hadoop.security.UserGroupInformation.doAs(UserGroupInformation.java:1878) [hadoop-common-3.3.1.jar:?]
	at org.apache.hadoop.ipc.Server$Handler.run(Server.java:2966) [hadoop-common-3.3.1.jar:?]
07:21:15.014 [IPC Server handler 18 on default port 42659] ERROR OMAudit - user=runner | ip=127.0.0.1 | op=GET_FILE_STATUS {volume=volume70399, bucket=bucket00626, key=testBatchDelete/parent/child6, dataSize=0, replicationConfig=null} | ret=FAILURE
org.apache.hadoop.ozone.om.exceptions.OMException: Unable to get file status: volume: volume70399 bucket: bucket00626 key: testBatchDelete/parent/child6
	at org.apache.hadoop.ozone.om.KeyManagerImpl.getOzoneFileStatus(KeyManagerImpl.java:1311) ~[ozone-manager-1.3.0-SNAPSHOT.jar:?]
	at org.apache.hadoop.ozone.om.KeyManagerImpl.getFileStatus(KeyManagerImpl.java:1241) ~[ozone-manager-1.3.0-SNAPSHOT.jar:?]
	at org.apache.hadoop.ozone.om.OzoneManager.getFileStatus(OzoneManager.java:3419) ~[ozone-manager-1.3.0-SNAPSHOT.jar:?]
	at org.apache.hadoop.ozone.protocolPB.OzoneManagerRequestHandler.getOzoneFileStatus(OzoneManagerRequestHandler.java:871) ~[ozone-manager-1.3.0-SNAPSHOT.jar:?]
	at org.apache.hadoop.ozone.protocolPB.OzoneManagerRequestHandler.handleReadRequest(OzoneManagerRequestHandler.java:217) ~[ozone-manager-1.3.0-SNAPSHOT.jar:?]
	at org.apache.hadoop.ozone.protocolPB.OzoneManagerProtocolServerSideTranslatorPB.submitReadRequestToOM(OzoneManagerProtocolServerSideTranslatorPB.java:226) ~[ozone-manager-1.3.0-SNAPSHOT.jar:?]
	at org.apache.hadoop.ozone.protocolPB.OzoneManagerProtocolServerSideTranslatorPB.processRequest(OzoneManagerProtocolServerSideTranslatorPB.java:175) ~[ozone-manager-1.3.0-SNAPSHOT.jar:?]
	at org.apache.hadoop.hdds.server.OzoneProtocolMessageDispatcher.processRequest(OzoneProtocolMessageDispatcher.java:87) [hdds-server-framework-1.3.0-SNAPSHOT.jar:?]
	at org.apache.hadoop.ozone.protocolPB.OzoneManagerProtocolServerSideTranslatorPB.submitRequest(OzoneManagerProtocolServerSideTranslatorPB.java:147) [ozone-manager-1.3.0-SNAPSHOT.jar:?]
	at org.apache.hadoop.ozone.protocol.proto.OzoneManagerProtocolProtos$OzoneManagerService$2.callBlockingMethod(OzoneManagerProtocolProtos.java) [ozone-interface-client-1.3.0-SNAPSHOT.jar:?]
	at org.apache.hadoop.ipc.ProtobufRpcEngine$Server.processCall(ProtobufRpcEngine.java:466) [hadoop-common-3.3.1.jar:?]
	at org.apache.hadoop.ipc.ProtobufRpcEngine2$Server$ProtoBufRpcInvoker.call(ProtobufRpcEngine2.java:574) [hadoop-common-3.3.1.jar:?]
	at org.apache.hadoop.ipc.ProtobufRpcEngine2$Server$ProtoBufRpcInvoker.call(ProtobufRpcEngine2.java:552) [hadoop-common-3.3.1.jar:?]
	at org.apache.hadoop.ipc.RPC$Server.call(RPC.java:1093) [hadoop-common-3.3.1.jar:?]
	at org.apache.hadoop.ipc.Server$RpcCall.run(Server.java:1035) [hadoop-common-3.3.1.jar:?]
	at org.apache.hadoop.ipc.Server$RpcCall.run(Server.java:963) [hadoop-common-3.3.1.jar:?]
	at java.security.AccessController.doPrivileged(Native Method) ~[?:1.8.0_332]
	at javax.security.auth.Subject.doAs(Subject.java:422) [?:1.8.0_332]
	at org.apache.hadoop.security.UserGroupInformation.doAs(UserGroupInformation.java:1878) [hadoop-common-3.3.1.jar:?]
	at org.apache.hadoop.ipc.Server$Handler.run(Server.java:2966) [hadoop-common-3.3.1.jar:?]
07:21:15.015 [IPC Server handler 16 on default port 42659] ERROR OMAudit - user=runner | ip=127.0.0.1 | op=GET_FILE_STATUS {volume=volume70399, bucket=bucket00626, key=testBatchDelete/parent/childFolder/child6, dataSize=0, replicationConfig=null} | ret=FAILURE
org.apache.hadoop.ozone.om.exceptions.OMException: Unable to get file status: volume: volume70399 bucket: bucket00626 key: testBatchDelete/parent/childFolder/child6
	at org.apache.hadoop.ozone.om.KeyManagerImpl.getOzoneFileStatus(KeyManagerImpl.java:1311) ~[ozone-manager-1.3.0-SNAPSHOT.jar:?]
	at org.apache.hadoop.ozone.om.KeyManagerImpl.getFileStatus(KeyManagerImpl.java:1241) ~[ozone-manager-1.3.0-SNAPSHOT.jar:?]
	at org.apache.hadoop.ozone.om.OzoneManager.getFileStatus(OzoneManager.java:3419) ~[ozone-manager-1.3.0-SNAPSHOT.jar:?]
	at org.apache.hadoop.ozone.protocolPB.OzoneManagerRequestHandler.getOzoneFileStatus(OzoneManagerRequestHandler.java:871) ~[ozone-manager-1.3.0-SNAPSHOT.jar:?]
	at org.apache.hadoop.ozone.protocolPB.OzoneManagerRequestHandler.handleReadRequest(OzoneManagerRequestHandler.java:217) ~[ozone-manager-1.3.0-SNAPSHOT.jar:?]
	at org.apache.hadoop.ozone.protocolPB.OzoneManagerProtocolServerSideTranslatorPB.submitReadRequestToOM(OzoneManagerProtocolServerSideTranslatorPB.java:226) ~[ozone-manager-1.3.0-SNAPSHOT.jar:?]
	at org.apache.hadoop.ozone.protocolPB.OzoneManagerProtocolServerSideTranslatorPB.processRequest(OzoneManagerProtocolServerSideTranslatorPB.java:175) ~[ozone-manager-1.3.0-SNAPSHOT.jar:?]
	at org.apache.hadoop.hdds.server.OzoneProtocolMessageDispatcher.processRequest(OzoneProtocolMessageDispatcher.java:87) [hdds-server-framework-1.3.0-SNAPSHOT.jar:?]
	at org.apache.hadoop.ozone.protocolPB.OzoneManagerProtocolServerSideTranslatorPB.submitRequest(OzoneManagerProtocolServerSideTranslatorPB.java:147) [ozone-manager-1.3.0-SNAPSHOT.jar:?]
	at org.apache.hadoop.ozone.protocol.proto.OzoneManagerProtocolProtos$OzoneManagerService$2.callBlockingMethod(OzoneManagerProtocolProtos.java) [ozone-interface-client-1.3.0-SNAPSHOT.jar:?]
	at org.apache.hadoop.ipc.ProtobufRpcEngine$Server.processCall(ProtobufRpcEngine.java:466) [hadoop-common-3.3.1.jar:?]
	at org.apache.hadoop.ipc.ProtobufRpcEngine2$Server$ProtoBufRpcInvoker.call(ProtobufRpcEngine2.java:574) [hadoop-common-3.3.1.jar:?]
	at org.apache.hadoop.ipc.ProtobufRpcEngine2$Server$ProtoBufRpcInvoker.call(ProtobufRpcEngine2.java:552) [hadoop-common-3.3.1.jar:?]
	at org.apache.hadoop.ipc.RPC$Server.call(RPC.java:1093) [hadoop-common-3.3.1.jar:?]
	at org.apache.hadoop.ipc.Server$RpcCall.run(Server.java:1035) [hadoop-common-3.3.1.jar:?]
	at org.apache.hadoop.ipc.Server$RpcCall.run(Server.java:963) [hadoop-common-3.3.1.jar:?]
	at java.security.AccessController.doPrivileged(Native Method) ~[?:1.8.0_332]
	at javax.security.auth.Subject.doAs(Subject.java:422) [?:1.8.0_332]
	at org.apache.hadoop.security.UserGroupInformation.doAs(UserGroupInformation.java:1878) [hadoop-common-3.3.1.jar:?]
	at org.apache.hadoop.ipc.Server$Handler.run(Server.java:2966) [hadoop-common-3.3.1.jar:?]
07:21:15.016 [IPC Server handler 14 on default port 42659] ERROR OMAudit - user=runner | ip=127.0.0.1 | op=GET_FILE_STATUS {volume=volume70399, bucket=bucket00626, key=testBatchDelete/parent/child7, dataSize=0, replicationConfig=null} | ret=FAILURE
org.apache.hadoop.ozone.om.exceptions.OMException: Unable to get file status: volume: volume70399 bucket: bucket00626 key: testBatchDelete/parent/child7
	at org.apache.hadoop.ozone.om.KeyManagerImpl.getOzoneFileStatus(KeyManagerImpl.java:1311) ~[ozone-manager-1.3.0-SNAPSHOT.jar:?]
	at org.apache.hadoop.ozone.om.KeyManagerImpl.getFileStatus(KeyManagerImpl.java:1241) ~[ozone-manager-1.3.0-SNAPSHOT.jar:?]
	at org.apache.hadoop.ozone.om.OzoneManager.getFileStatus(OzoneManager.java:3419) ~[ozone-manager-1.3.0-SNAPSHOT.jar:?]
	at org.apache.hadoop.ozone.protocolPB.OzoneManagerRequestHandler.getOzoneFileStatus(OzoneManagerRequestHandler.java:871) ~[ozone-manager-1.3.0-SNAPSHOT.jar:?]
	at org.apache.hadoop.ozone.protocolPB.OzoneManagerRequestHandler.handleReadRequest(OzoneManagerRequestHandler.java:217) ~[ozone-manager-1.3.0-SNAPSHOT.jar:?]
	at org.apache.hadoop.ozone.protocolPB.OzoneManagerProtocolServerSideTranslatorPB.submitReadRequestToOM(OzoneManagerProtocolServerSideTranslatorPB.java:226) ~[ozone-manager-1.3.0-SNAPSHOT.jar:?]
	at org.apache.hadoop.ozone.protocolPB.OzoneManagerProtocolServerSideTranslatorPB.processRequest(OzoneManagerProtocolServerSideTranslatorPB.java:175) ~[ozone-manager-1.3.0-SNAPSHOT.jar:?]
	at org.apache.hadoop.hdds.server.OzoneProtocolMessageDispatcher.processRequest(OzoneProtocolMessageDispatcher.java:87) [hdds-server-framework-1.3.0-SNAPSHOT.jar:?]
	at org.apache.hadoop.ozone.protocolPB.OzoneManagerProtocolServerSideTranslatorPB.submitRequest(OzoneManagerProtocolServerSideTranslatorPB.java:147) [ozone-manager-1.3.0-SNAPSHOT.jar:?]
	at org.apache.hadoop.ozone.protocol.proto.OzoneManagerProtocolProtos$OzoneManagerService$2.callBlockingMethod(OzoneManagerProtocolProtos.java) [ozone-interface-client-1.3.0-SNAPSHOT.jar:?]
	at org.apache.hadoop.ipc.ProtobufRpcEngine$Server.processCall(ProtobufRpcEngine.java:466) [hadoop-common-3.3.1.jar:?]
	at org.apache.hadoop.ipc.ProtobufRpcEngine2$Server$ProtoBufRpcInvoker.call(ProtobufRpcEngine2.java:574) [hadoop-common-3.3.1.jar:?]
	at org.apache.hadoop.ipc.ProtobufRpcEngine2$Server$ProtoBufRpcInvoker.call(ProtobufRpcEngine2.java:552) [hadoop-common-3.3.1.jar:?]
	at org.apache.hadoop.ipc.RPC$Server.call(RPC.java:1093) [hadoop-common-3.3.1.jar:?]
	at org.apache.hadoop.ipc.Server$RpcCall.run(Server.java:1035) [hadoop-common-3.3.1.jar:?]
	at org.apache.hadoop.ipc.Server$RpcCall.run(Server.java:963) [hadoop-common-3.3.1.jar:?]
	at java.security.AccessController.doPrivileged(Native Method) ~[?:1.8.0_332]
	at javax.security.auth.Subject.doAs(Subject.java:422) [?:1.8.0_332]
	at org.apache.hadoop.security.UserGroupInformation.doAs(UserGroupInformation.java:1878) [hadoop-common-3.3.1.jar:?]
	at org.apache.hadoop.ipc.Server$Handler.run(Server.java:2966) [hadoop-common-3.3.1.jar:?]
07:21:15.019 [IPC Server handler 11 on default port 42659] ERROR OMAudit - user=runner | ip=127.0.0.1 | op=GET_FILE_STATUS {volume=volume70399, bucket=bucket00626, key=testBatchDelete/parent/childFolder/child7, dataSize=0, replicationConfig=null} | ret=FAILURE
org.apache.hadoop.ozone.om.exceptions.OMException: Unable to get file status: volume: volume70399 bucket: bucket00626 key: testBatchDelete/parent/childFolder/child7
	at org.apache.hadoop.ozone.om.KeyManagerImpl.getOzoneFileStatus(KeyManagerImpl.java:1311) ~[ozone-manager-1.3.0-SNAPSHOT.jar:?]
	at org.apache.hadoop.ozone.om.KeyManagerImpl.getFileStatus(KeyManagerImpl.java:1241) ~[ozone-manager-1.3.0-SNAPSHOT.jar:?]
	at org.apache.hadoop.ozone.om.OzoneManager.getFileStatus(OzoneManager.java:3419) ~[ozone-manager-1.3.0-SNAPSHOT.jar:?]
	at org.apache.hadoop.ozone.protocolPB.OzoneManagerRequestHandler.getOzoneFileStatus(OzoneManagerRequestHandler.java:871) ~[ozone-manager-1.3.0-SNAPSHOT.jar:?]
	at org.apache.hadoop.ozone.protocolPB.OzoneManagerRequestHandler.handleReadRequest(OzoneManagerRequestHandler.java:217) ~[ozone-manager-1.3.0-SNAPSHOT.jar:?]
	at org.apache.hadoop.ozone.protocolPB.OzoneManagerProtocolServerSideTranslatorPB.submitReadRequestToOM(OzoneManagerProtocolServerSideTranslatorPB.java:226) ~[ozone-manager-1.3.0-SNAPSHOT.jar:?]
	at org.apache.hadoop.ozone.protocolPB.OzoneManagerProtocolServerSideTranslatorPB.processRequest(OzoneManagerProtocolServerSideTranslatorPB.java:175) ~[ozone-manager-1.3.0-SNAPSHOT.jar:?]
	at org.apache.hadoop.hdds.server.OzoneProtocolMessageDispatcher.processRequest(OzoneProtocolMessageDispatcher.java:87) [hdds-server-framework-1.3.0-SNAPSHOT.jar:?]
	at org.apache.hadoop.ozone.protocolPB.OzoneManagerProtocolServerSideTranslatorPB.submitRequest(OzoneManagerProtocolServerSideTranslatorPB.java:147) [ozone-manager-1.3.0-SNAPSHOT.jar:?]
	at org.apache.hadoop.ozone.protocol.proto.OzoneManagerProtocolProtos$OzoneManagerService$2.callBlockingMethod(OzoneManagerProtocolProtos.java) [ozone-interface-client-1.3.0-SNAPSHOT.jar:?]
	at org.apache.hadoop.ipc.ProtobufRpcEngine$Server.processCall(ProtobufRpcEngine.java:466) [hadoop-common-3.3.1.jar:?]
	at org.apache.hadoop.ipc.ProtobufRpcEngine2$Server$ProtoBufRpcInvoker.call(ProtobufRpcEngine2.java:574) [hadoop-common-3.3.1.jar:?]
	at org.apache.hadoop.ipc.ProtobufRpcEngine2$Server$ProtoBufRpcInvoker.call(ProtobufRpcEngine2.java:552) [hadoop-common-3.3.1.jar:?]
	at org.apache.hadoop.ipc.RPC$Server.call(RPC.java:1093) [hadoop-common-3.3.1.jar:?]
	at org.apache.hadoop.ipc.Server$RpcCall.run(Server.java:1035) [hadoop-common-3.3.1.jar:?]
	at org.apache.hadoop.ipc.Server$RpcCall.run(Server.java:963) [hadoop-common-3.3.1.jar:?]
	at java.security.AccessController.doPrivileged(Native Method) ~[?:1.8.0_332]
	at javax.security.auth.Subject.doAs(Subject.java:422) [?:1.8.0_332]
	at org.apache.hadoop.security.UserGroupInformation.doAs(UserGroupInformation.java:1878) [hadoop-common-3.3.1.jar:?]
	at org.apache.hadoop.ipc.Server$Handler.run(Server.java:2966) [hadoop-common-3.3.1.jar:?]
07:21:15.020 [IPC Server handler 3 on default port 42659] ERROR OMAudit - user=runner | ip=127.0.0.1 | op=GET_FILE_STATUS {volume=volume70399, bucket=bucket00626, key=testBatchDelete/parent, dataSize=0, replicationConfig=null} | ret=FAILURE
org.apache.hadoop.ozone.om.exceptions.OMException: Unable to get file status: volume: volume70399 bucket: bucket00626 key: testBatchDelete/parent
	at org.apache.hadoop.ozone.om.KeyManagerImpl.getOzoneFileStatus(KeyManagerImpl.java:1311) ~[ozone-manager-1.3.0-SNAPSHOT.jar:?]
	at org.apache.hadoop.ozone.om.KeyManagerImpl.getFileStatus(KeyManagerImpl.java:1241) ~[ozone-manager-1.3.0-SNAPSHOT.jar:?]
	at org.apache.hadoop.ozone.om.OzoneManager.getFileStatus(OzoneManager.java:3419) ~[ozone-manager-1.3.0-SNAPSHOT.jar:?]
	at org.apache.hadoop.ozone.protocolPB.OzoneManagerRequestHandler.getOzoneFileStatus(OzoneManagerRequestHandler.java:871) ~[ozone-manager-1.3.0-SNAPSHOT.jar:?]
	at org.apache.hadoop.ozone.protocolPB.OzoneManagerRequestHandler.handleReadRequest(OzoneManagerRequestHandler.java:217) ~[ozone-manager-1.3.0-SNAPSHOT.jar:?]
	at org.apache.hadoop.ozone.protocolPB.OzoneManagerProtocolServerSideTranslatorPB.submitReadRequestToOM(OzoneManagerProtocolServerSideTranslatorPB.java:226) ~[ozone-manager-1.3.0-SNAPSHOT.jar:?]
	at org.apache.hadoop.ozone.protocolPB.OzoneManagerProtocolServerSideTranslatorPB.processRequest(OzoneManagerProtocolServerSideTranslatorPB.java:175) ~[ozone-manager-1.3.0-SNAPSHOT.jar:?]
	at org.apache.hadoop.hdds.server.OzoneProtocolMessageDispatcher.processRequest(OzoneProtocolMessageDispatcher.java:87) [hdds-server-framework-1.3.0-SNAPSHOT.jar:?]
	at org.apache.hadoop.ozone.protocolPB.OzoneManagerProtocolServerSideTranslatorPB.submitRequest(OzoneManagerProtocolServerSideTranslatorPB.java:147) [ozone-manager-1.3.0-SNAPSHOT.jar:?]
	at org.apache.hadoop.ozone.protocol.proto.OzoneManagerProtocolProtos$OzoneManagerService$2.callBlockingMethod(OzoneManagerProtocolProtos.java) [ozone-interface-client-1.3.0-SNAPSHOT.jar:?]
	at org.apache.hadoop.ipc.ProtobufRpcEngine$Server.processCall(ProtobufRpcEngine.java:466) [hadoop-common-3.3.1.jar:?]
	at org.apache.hadoop.ipc.ProtobufRpcEngine2$Server$ProtoBufRpcInvoker.call(ProtobufRpcEngine2.java:574) [hadoop-common-3.3.1.jar:?]
	at org.apache.hadoop.ipc.ProtobufRpcEngine2$Server$ProtoBufRpcInvoker.call(ProtobufRpcEngine2.java:552) [hadoop-common-3.3.1.jar:?]
	at org.apache.hadoop.ipc.RPC$Server.call(RPC.java:1093) [hadoop-common-3.3.1.jar:?]
	at org.apache.hadoop.ipc.Server$RpcCall.run(Server.java:1035) [hadoop-common-3.3.1.jar:?]
	at org.apache.hadoop.ipc.Server$RpcCall.run(Server.java:963) [hadoop-common-3.3.1.jar:?]
	at java.security.AccessController.doPrivileged(Native Method) ~[?:1.8.0_332]
	at javax.security.auth.Subject.doAs(Subject.java:422) [?:1.8.0_332]
	at org.apache.hadoop.security.UserGroupInformation.doAs(UserGroupInformation.java:1878) [hadoop-common-3.3.1.jar:?]
	at org.apache.hadoop.ipc.Server$Handler.run(Server.java:2966) [hadoop-common-3.3.1.jar:?]
2022-07-02 07:21:15,021 [Time-limited test] WARN  ozone.BasicRootedOzoneFileSystem (BasicRootedOzoneFileSystem.java:delete(572)) - delete: Path does not exist: /volume70399/bucket00626/testBatchDelete/parent
]]></system-out>
  </testcase>
  <testcase name="testFileDelete" classname="TestRootedOzoneFileSystem" time="0.243">
    <system-out><![CDATA[2022-07-02 07:22:26,838 [Time-limited test] INFO  rpc.RpcClient (RpcClient.java:createVolume(466)) - Creating Volume: volume93372, with user65440 as owner and space quota set to -1 bytes, counts quota set to -1
2022-07-02 07:22:26,840 [IPC Server handler 8 on default port 38347] INFO  volume.OMVolumeCreateRequest (OMVolumeCreateRequest.java:validateAndUpdateCache(195)) - created volume:volume93372 for user:user65440
2022-07-02 07:22:26,853 [Time-limited test] INFO  rpc.RpcClient (RpcClient.java:createBucket(669)) - Creating Bucket: volume93372/bucket84028, with bucket layout LEGACY, runner as owner, Versioning false, Storage Type set to DISK and Encryption set to false 
2022-07-02 07:22:26,853 [IPC Server handler 7 on default port 38347] INFO  bucket.OMBucketCreateRequest (OMBucketCreateRequest.java:validateAndUpdateCache(260)) - created bucket: bucket84028 of layout LEGACY in volume: volume93372
07:22:26.969 [IPC Server handler 1 on default port 38347] ERROR OMAudit - user=runner | ip=127.0.0.1 | op=GET_FILE_STATUS {volume=volume93372, bucket=bucket84028, key=testBatchDelete, dataSize=0, replicationConfig=null} | ret=FAILURE
org.apache.hadoop.ozone.om.exceptions.OMException: Unable to get file status: volume: volume93372 bucket: bucket84028 key: testBatchDelete
	at org.apache.hadoop.ozone.om.KeyManagerImpl.getOzoneFileStatus(KeyManagerImpl.java:1311) ~[ozone-manager-1.3.0-SNAPSHOT.jar:?]
	at org.apache.hadoop.ozone.om.KeyManagerImpl.getFileStatus(KeyManagerImpl.java:1241) ~[ozone-manager-1.3.0-SNAPSHOT.jar:?]
	at org.apache.hadoop.ozone.om.OzoneManager.getFileStatus(OzoneManager.java:3419) ~[ozone-manager-1.3.0-SNAPSHOT.jar:?]
	at org.apache.hadoop.ozone.protocolPB.OzoneManagerRequestHandler.getOzoneFileStatus(OzoneManagerRequestHandler.java:871) ~[ozone-manager-1.3.0-SNAPSHOT.jar:?]
	at org.apache.hadoop.ozone.protocolPB.OzoneManagerRequestHandler.handleReadRequest(OzoneManagerRequestHandler.java:217) ~[ozone-manager-1.3.0-SNAPSHOT.jar:?]
	at org.apache.hadoop.ozone.protocolPB.OzoneManagerProtocolServerSideTranslatorPB.submitRequestDirectlyToOM(OzoneManagerProtocolServerSideTranslatorPB.java:276) ~[ozone-manager-1.3.0-SNAPSHOT.jar:?]
	at org.apache.hadoop.ozone.protocolPB.OzoneManagerProtocolServerSideTranslatorPB.processRequest(OzoneManagerProtocolServerSideTranslatorPB.java:205) ~[ozone-manager-1.3.0-SNAPSHOT.jar:?]
	at org.apache.hadoop.hdds.server.OzoneProtocolMessageDispatcher.processRequest(OzoneProtocolMessageDispatcher.java:87) [hdds-server-framework-1.3.0-SNAPSHOT.jar:?]
	at org.apache.hadoop.ozone.protocolPB.OzoneManagerProtocolServerSideTranslatorPB.submitRequest(OzoneManagerProtocolServerSideTranslatorPB.java:147) [ozone-manager-1.3.0-SNAPSHOT.jar:?]
	at org.apache.hadoop.ozone.protocol.proto.OzoneManagerProtocolProtos$OzoneManagerService$2.callBlockingMethod(OzoneManagerProtocolProtos.java) [ozone-interface-client-1.3.0-SNAPSHOT.jar:?]
	at org.apache.hadoop.ipc.ProtobufRpcEngine$Server.processCall(ProtobufRpcEngine.java:466) [hadoop-common-3.3.1.jar:?]
	at org.apache.hadoop.ipc.ProtobufRpcEngine2$Server$ProtoBufRpcInvoker.call(ProtobufRpcEngine2.java:574) [hadoop-common-3.3.1.jar:?]
	at org.apache.hadoop.ipc.ProtobufRpcEngine2$Server$ProtoBufRpcInvoker.call(ProtobufRpcEngine2.java:552) [hadoop-common-3.3.1.jar:?]
	at org.apache.hadoop.ipc.RPC$Server.call(RPC.java:1093) [hadoop-common-3.3.1.jar:?]
	at org.apache.hadoop.ipc.Server$RpcCall.run(Server.java:1035) [hadoop-common-3.3.1.jar:?]
	at org.apache.hadoop.ipc.Server$RpcCall.run(Server.java:963) [hadoop-common-3.3.1.jar:?]
	at java.security.AccessController.doPrivileged(Native Method) ~[?:1.8.0_332]
	at javax.security.auth.Subject.doAs(Subject.java:422) [?:1.8.0_332]
	at org.apache.hadoop.security.UserGroupInformation.doAs(UserGroupInformation.java:1878) [hadoop-common-3.3.1.jar:?]
	at org.apache.hadoop.ipc.Server$Handler.run(Server.java:2966) [hadoop-common-3.3.1.jar:?]
07:22:26.970 [IPC Server handler 4 on default port 38347] ERROR OMAudit - user=runner | ip=127.0.0.1 | op=GET_FILE_STATUS {volume=volume93372, bucket=bucket84028, key=testBatchDelete/parent/child0, dataSize=0, replicationConfig=null} | ret=FAILURE
org.apache.hadoop.ozone.om.exceptions.OMException: Unable to get file status: volume: volume93372 bucket: bucket84028 key: testBatchDelete/parent/child0
	at org.apache.hadoop.ozone.om.KeyManagerImpl.getOzoneFileStatus(KeyManagerImpl.java:1311) ~[ozone-manager-1.3.0-SNAPSHOT.jar:?]
	at org.apache.hadoop.ozone.om.KeyManagerImpl.getFileStatus(KeyManagerImpl.java:1241) ~[ozone-manager-1.3.0-SNAPSHOT.jar:?]
	at org.apache.hadoop.ozone.om.OzoneManager.getFileStatus(OzoneManager.java:3419) ~[ozone-manager-1.3.0-SNAPSHOT.jar:?]
	at org.apache.hadoop.ozone.protocolPB.OzoneManagerRequestHandler.getOzoneFileStatus(OzoneManagerRequestHandler.java:871) ~[ozone-manager-1.3.0-SNAPSHOT.jar:?]
	at org.apache.hadoop.ozone.protocolPB.OzoneManagerRequestHandler.handleReadRequest(OzoneManagerRequestHandler.java:217) ~[ozone-manager-1.3.0-SNAPSHOT.jar:?]
	at org.apache.hadoop.ozone.protocolPB.OzoneManagerProtocolServerSideTranslatorPB.submitRequestDirectlyToOM(OzoneManagerProtocolServerSideTranslatorPB.java:276) ~[ozone-manager-1.3.0-SNAPSHOT.jar:?]
	at org.apache.hadoop.ozone.protocolPB.OzoneManagerProtocolServerSideTranslatorPB.processRequest(OzoneManagerProtocolServerSideTranslatorPB.java:205) ~[ozone-manager-1.3.0-SNAPSHOT.jar:?]
	at org.apache.hadoop.hdds.server.OzoneProtocolMessageDispatcher.processRequest(OzoneProtocolMessageDispatcher.java:87) [hdds-server-framework-1.3.0-SNAPSHOT.jar:?]
	at org.apache.hadoop.ozone.protocolPB.OzoneManagerProtocolServerSideTranslatorPB.submitRequest(OzoneManagerProtocolServerSideTranslatorPB.java:147) [ozone-manager-1.3.0-SNAPSHOT.jar:?]
	at org.apache.hadoop.ozone.protocol.proto.OzoneManagerProtocolProtos$OzoneManagerService$2.callBlockingMethod(OzoneManagerProtocolProtos.java) [ozone-interface-client-1.3.0-SNAPSHOT.jar:?]
	at org.apache.hadoop.ipc.ProtobufRpcEngine$Server.processCall(ProtobufRpcEngine.java:466) [hadoop-common-3.3.1.jar:?]
	at org.apache.hadoop.ipc.ProtobufRpcEngine2$Server$ProtoBufRpcInvoker.call(ProtobufRpcEngine2.java:574) [hadoop-common-3.3.1.jar:?]
	at org.apache.hadoop.ipc.ProtobufRpcEngine2$Server$ProtoBufRpcInvoker.call(ProtobufRpcEngine2.java:552) [hadoop-common-3.3.1.jar:?]
	at org.apache.hadoop.ipc.RPC$Server.call(RPC.java:1093) [hadoop-common-3.3.1.jar:?]
	at org.apache.hadoop.ipc.Server$RpcCall.run(Server.java:1035) [hadoop-common-3.3.1.jar:?]
	at org.apache.hadoop.ipc.Server$RpcCall.run(Server.java:963) [hadoop-common-3.3.1.jar:?]
	at java.security.AccessController.doPrivileged(Native Method) ~[?:1.8.0_332]
	at javax.security.auth.Subject.doAs(Subject.java:422) [?:1.8.0_332]
	at org.apache.hadoop.security.UserGroupInformation.doAs(UserGroupInformation.java:1878) [hadoop-common-3.3.1.jar:?]
	at org.apache.hadoop.ipc.Server$Handler.run(Server.java:2966) [hadoop-common-3.3.1.jar:?]
07:22:26.972 [IPC Server handler 5 on default port 38347] ERROR OMAudit - user=runner | ip=127.0.0.1 | op=GET_FILE_STATUS {volume=volume93372, bucket=bucket84028, key=testBatchDelete/parent/childFolder/child0, dataSize=0, replicationConfig=null} | ret=FAILURE
org.apache.hadoop.ozone.om.exceptions.OMException: Unable to get file status: volume: volume93372 bucket: bucket84028 key: testBatchDelete/parent/childFolder/child0
	at org.apache.hadoop.ozone.om.KeyManagerImpl.getOzoneFileStatus(KeyManagerImpl.java:1311) ~[ozone-manager-1.3.0-SNAPSHOT.jar:?]
	at org.apache.hadoop.ozone.om.KeyManagerImpl.getFileStatus(KeyManagerImpl.java:1241) ~[ozone-manager-1.3.0-SNAPSHOT.jar:?]
	at org.apache.hadoop.ozone.om.OzoneManager.getFileStatus(OzoneManager.java:3419) ~[ozone-manager-1.3.0-SNAPSHOT.jar:?]
	at org.apache.hadoop.ozone.protocolPB.OzoneManagerRequestHandler.getOzoneFileStatus(OzoneManagerRequestHandler.java:871) ~[ozone-manager-1.3.0-SNAPSHOT.jar:?]
	at org.apache.hadoop.ozone.protocolPB.OzoneManagerRequestHandler.handleReadRequest(OzoneManagerRequestHandler.java:217) ~[ozone-manager-1.3.0-SNAPSHOT.jar:?]
	at org.apache.hadoop.ozone.protocolPB.OzoneManagerProtocolServerSideTranslatorPB.submitRequestDirectlyToOM(OzoneManagerProtocolServerSideTranslatorPB.java:276) ~[ozone-manager-1.3.0-SNAPSHOT.jar:?]
	at org.apache.hadoop.ozone.protocolPB.OzoneManagerProtocolServerSideTranslatorPB.processRequest(OzoneManagerProtocolServerSideTranslatorPB.java:205) ~[ozone-manager-1.3.0-SNAPSHOT.jar:?]
	at org.apache.hadoop.hdds.server.OzoneProtocolMessageDispatcher.processRequest(OzoneProtocolMessageDispatcher.java:87) [hdds-server-framework-1.3.0-SNAPSHOT.jar:?]
	at org.apache.hadoop.ozone.protocolPB.OzoneManagerProtocolServerSideTranslatorPB.submitRequest(OzoneManagerProtocolServerSideTranslatorPB.java:147) [ozone-manager-1.3.0-SNAPSHOT.jar:?]
	at org.apache.hadoop.ozone.protocol.proto.OzoneManagerProtocolProtos$OzoneManagerService$2.callBlockingMethod(OzoneManagerProtocolProtos.java) [ozone-interface-client-1.3.0-SNAPSHOT.jar:?]
	at org.apache.hadoop.ipc.ProtobufRpcEngine$Server.processCall(ProtobufRpcEngine.java:466) [hadoop-common-3.3.1.jar:?]
	at org.apache.hadoop.ipc.ProtobufRpcEngine2$Server$ProtoBufRpcInvoker.call(ProtobufRpcEngine2.java:574) [hadoop-common-3.3.1.jar:?]
	at org.apache.hadoop.ipc.ProtobufRpcEngine2$Server$ProtoBufRpcInvoker.call(ProtobufRpcEngine2.java:552) [hadoop-common-3.3.1.jar:?]
	at org.apache.hadoop.ipc.RPC$Server.call(RPC.java:1093) [hadoop-common-3.3.1.jar:?]
	at org.apache.hadoop.ipc.Server$RpcCall.run(Server.java:1035) [hadoop-common-3.3.1.jar:?]
	at org.apache.hadoop.ipc.Server$RpcCall.run(Server.java:963) [hadoop-common-3.3.1.jar:?]
	at java.security.AccessController.doPrivileged(Native Method) ~[?:1.8.0_332]
	at javax.security.auth.Subject.doAs(Subject.java:422) [?:1.8.0_332]
	at org.apache.hadoop.security.UserGroupInformation.doAs(UserGroupInformation.java:1878) [hadoop-common-3.3.1.jar:?]
	at org.apache.hadoop.ipc.Server$Handler.run(Server.java:2966) [hadoop-common-3.3.1.jar:?]
07:22:26.973 [IPC Server handler 8 on default port 38347] ERROR OMAudit - user=runner | ip=127.0.0.1 | op=GET_FILE_STATUS {volume=volume93372, bucket=bucket84028, key=testBatchDelete/parent/child1, dataSize=0, replicationConfig=null} | ret=FAILURE
org.apache.hadoop.ozone.om.exceptions.OMException: Unable to get file status: volume: volume93372 bucket: bucket84028 key: testBatchDelete/parent/child1
	at org.apache.hadoop.ozone.om.KeyManagerImpl.getOzoneFileStatus(KeyManagerImpl.java:1311) ~[ozone-manager-1.3.0-SNAPSHOT.jar:?]
	at org.apache.hadoop.ozone.om.KeyManagerImpl.getFileStatus(KeyManagerImpl.java:1241) ~[ozone-manager-1.3.0-SNAPSHOT.jar:?]
	at org.apache.hadoop.ozone.om.OzoneManager.getFileStatus(OzoneManager.java:3419) ~[ozone-manager-1.3.0-SNAPSHOT.jar:?]
	at org.apache.hadoop.ozone.protocolPB.OzoneManagerRequestHandler.getOzoneFileStatus(OzoneManagerRequestHandler.java:871) ~[ozone-manager-1.3.0-SNAPSHOT.jar:?]
	at org.apache.hadoop.ozone.protocolPB.OzoneManagerRequestHandler.handleReadRequest(OzoneManagerRequestHandler.java:217) ~[ozone-manager-1.3.0-SNAPSHOT.jar:?]
	at org.apache.hadoop.ozone.protocolPB.OzoneManagerProtocolServerSideTranslatorPB.submitRequestDirectlyToOM(OzoneManagerProtocolServerSideTranslatorPB.java:276) ~[ozone-manager-1.3.0-SNAPSHOT.jar:?]
	at org.apache.hadoop.ozone.protocolPB.OzoneManagerProtocolServerSideTranslatorPB.processRequest(OzoneManagerProtocolServerSideTranslatorPB.java:205) ~[ozone-manager-1.3.0-SNAPSHOT.jar:?]
	at org.apache.hadoop.hdds.server.OzoneProtocolMessageDispatcher.processRequest(OzoneProtocolMessageDispatcher.java:87) [hdds-server-framework-1.3.0-SNAPSHOT.jar:?]
	at org.apache.hadoop.ozone.protocolPB.OzoneManagerProtocolServerSideTranslatorPB.submitRequest(OzoneManagerProtocolServerSideTranslatorPB.java:147) [ozone-manager-1.3.0-SNAPSHOT.jar:?]
	at org.apache.hadoop.ozone.protocol.proto.OzoneManagerProtocolProtos$OzoneManagerService$2.callBlockingMethod(OzoneManagerProtocolProtos.java) [ozone-interface-client-1.3.0-SNAPSHOT.jar:?]
	at org.apache.hadoop.ipc.ProtobufRpcEngine$Server.processCall(ProtobufRpcEngine.java:466) [hadoop-common-3.3.1.jar:?]
	at org.apache.hadoop.ipc.ProtobufRpcEngine2$Server$ProtoBufRpcInvoker.call(ProtobufRpcEngine2.java:574) [hadoop-common-3.3.1.jar:?]
	at org.apache.hadoop.ipc.ProtobufRpcEngine2$Server$ProtoBufRpcInvoker.call(ProtobufRpcEngine2.java:552) [hadoop-common-3.3.1.jar:?]
	at org.apache.hadoop.ipc.RPC$Server.call(RPC.java:1093) [hadoop-common-3.3.1.jar:?]
	at org.apache.hadoop.ipc.Server$RpcCall.run(Server.java:1035) [hadoop-common-3.3.1.jar:?]
	at org.apache.hadoop.ipc.Server$RpcCall.run(Server.java:963) [hadoop-common-3.3.1.jar:?]
	at java.security.AccessController.doPrivileged(Native Method) ~[?:1.8.0_332]
	at javax.security.auth.Subject.doAs(Subject.java:422) [?:1.8.0_332]
	at org.apache.hadoop.security.UserGroupInformation.doAs(UserGroupInformation.java:1878) [hadoop-common-3.3.1.jar:?]
	at org.apache.hadoop.ipc.Server$Handler.run(Server.java:2966) [hadoop-common-3.3.1.jar:?]
07:22:26.974 [IPC Server handler 7 on default port 38347] ERROR OMAudit - user=runner | ip=127.0.0.1 | op=GET_FILE_STATUS {volume=volume93372, bucket=bucket84028, key=testBatchDelete/parent/childFolder/child1, dataSize=0, replicationConfig=null} | ret=FAILURE
org.apache.hadoop.ozone.om.exceptions.OMException: Unable to get file status: volume: volume93372 bucket: bucket84028 key: testBatchDelete/parent/childFolder/child1
	at org.apache.hadoop.ozone.om.KeyManagerImpl.getOzoneFileStatus(KeyManagerImpl.java:1311) ~[ozone-manager-1.3.0-SNAPSHOT.jar:?]
	at org.apache.hadoop.ozone.om.KeyManagerImpl.getFileStatus(KeyManagerImpl.java:1241) ~[ozone-manager-1.3.0-SNAPSHOT.jar:?]
	at org.apache.hadoop.ozone.om.OzoneManager.getFileStatus(OzoneManager.java:3419) ~[ozone-manager-1.3.0-SNAPSHOT.jar:?]
	at org.apache.hadoop.ozone.protocolPB.OzoneManagerRequestHandler.getOzoneFileStatus(OzoneManagerRequestHandler.java:871) ~[ozone-manager-1.3.0-SNAPSHOT.jar:?]
	at org.apache.hadoop.ozone.protocolPB.OzoneManagerRequestHandler.handleReadRequest(OzoneManagerRequestHandler.java:217) ~[ozone-manager-1.3.0-SNAPSHOT.jar:?]
	at org.apache.hadoop.ozone.protocolPB.OzoneManagerProtocolServerSideTranslatorPB.submitRequestDirectlyToOM(OzoneManagerProtocolServerSideTranslatorPB.java:276) ~[ozone-manager-1.3.0-SNAPSHOT.jar:?]
	at org.apache.hadoop.ozone.protocolPB.OzoneManagerProtocolServerSideTranslatorPB.processRequest(OzoneManagerProtocolServerSideTranslatorPB.java:205) ~[ozone-manager-1.3.0-SNAPSHOT.jar:?]
	at org.apache.hadoop.hdds.server.OzoneProtocolMessageDispatcher.processRequest(OzoneProtocolMessageDispatcher.java:87) [hdds-server-framework-1.3.0-SNAPSHOT.jar:?]
	at org.apache.hadoop.ozone.protocolPB.OzoneManagerProtocolServerSideTranslatorPB.submitRequest(OzoneManagerProtocolServerSideTranslatorPB.java:147) [ozone-manager-1.3.0-SNAPSHOT.jar:?]
	at org.apache.hadoop.ozone.protocol.proto.OzoneManagerProtocolProtos$OzoneManagerService$2.callBlockingMethod(OzoneManagerProtocolProtos.java) [ozone-interface-client-1.3.0-SNAPSHOT.jar:?]
	at org.apache.hadoop.ipc.ProtobufRpcEngine$Server.processCall(ProtobufRpcEngine.java:466) [hadoop-common-3.3.1.jar:?]
	at org.apache.hadoop.ipc.ProtobufRpcEngine2$Server$ProtoBufRpcInvoker.call(ProtobufRpcEngine2.java:574) [hadoop-common-3.3.1.jar:?]
	at org.apache.hadoop.ipc.ProtobufRpcEngine2$Server$ProtoBufRpcInvoker.call(ProtobufRpcEngine2.java:552) [hadoop-common-3.3.1.jar:?]
	at org.apache.hadoop.ipc.RPC$Server.call(RPC.java:1093) [hadoop-common-3.3.1.jar:?]
	at org.apache.hadoop.ipc.Server$RpcCall.run(Server.java:1035) [hadoop-common-3.3.1.jar:?]
	at org.apache.hadoop.ipc.Server$RpcCall.run(Server.java:963) [hadoop-common-3.3.1.jar:?]
	at java.security.AccessController.doPrivileged(Native Method) ~[?:1.8.0_332]
	at javax.security.auth.Subject.doAs(Subject.java:422) [?:1.8.0_332]
	at org.apache.hadoop.security.UserGroupInformation.doAs(UserGroupInformation.java:1878) [hadoop-common-3.3.1.jar:?]
	at org.apache.hadoop.ipc.Server$Handler.run(Server.java:2966) [hadoop-common-3.3.1.jar:?]
07:22:26.980 [IPC Server handler 16 on default port 38347] ERROR OMAudit - user=runner | ip=127.0.0.1 | op=GET_FILE_STATUS {volume=volume93372, bucket=bucket84028, key=testBatchDelete/parent/child2, dataSize=0, replicationConfig=null} | ret=FAILURE
org.apache.hadoop.ozone.om.exceptions.OMException: Unable to get file status: volume: volume93372 bucket: bucket84028 key: testBatchDelete/parent/child2
	at org.apache.hadoop.ozone.om.KeyManagerImpl.getOzoneFileStatus(KeyManagerImpl.java:1311) ~[ozone-manager-1.3.0-SNAPSHOT.jar:?]
	at org.apache.hadoop.ozone.om.KeyManagerImpl.getFileStatus(KeyManagerImpl.java:1241) ~[ozone-manager-1.3.0-SNAPSHOT.jar:?]
	at org.apache.hadoop.ozone.om.OzoneManager.getFileStatus(OzoneManager.java:3419) ~[ozone-manager-1.3.0-SNAPSHOT.jar:?]
	at org.apache.hadoop.ozone.protocolPB.OzoneManagerRequestHandler.getOzoneFileStatus(OzoneManagerRequestHandler.java:871) ~[ozone-manager-1.3.0-SNAPSHOT.jar:?]
	at org.apache.hadoop.ozone.protocolPB.OzoneManagerRequestHandler.handleReadRequest(OzoneManagerRequestHandler.java:217) ~[ozone-manager-1.3.0-SNAPSHOT.jar:?]
	at org.apache.hadoop.ozone.protocolPB.OzoneManagerProtocolServerSideTranslatorPB.submitRequestDirectlyToOM(OzoneManagerProtocolServerSideTranslatorPB.java:276) ~[ozone-manager-1.3.0-SNAPSHOT.jar:?]
	at org.apache.hadoop.ozone.protocolPB.OzoneManagerProtocolServerSideTranslatorPB.processRequest(OzoneManagerProtocolServerSideTranslatorPB.java:205) ~[ozone-manager-1.3.0-SNAPSHOT.jar:?]
	at org.apache.hadoop.hdds.server.OzoneProtocolMessageDispatcher.processRequest(OzoneProtocolMessageDispatcher.java:87) [hdds-server-framework-1.3.0-SNAPSHOT.jar:?]
	at org.apache.hadoop.ozone.protocolPB.OzoneManagerProtocolServerSideTranslatorPB.submitRequest(OzoneManagerProtocolServerSideTranslatorPB.java:147) [ozone-manager-1.3.0-SNAPSHOT.jar:?]
	at org.apache.hadoop.ozone.protocol.proto.OzoneManagerProtocolProtos$OzoneManagerService$2.callBlockingMethod(OzoneManagerProtocolProtos.java) [ozone-interface-client-1.3.0-SNAPSHOT.jar:?]
	at org.apache.hadoop.ipc.ProtobufRpcEngine$Server.processCall(ProtobufRpcEngine.java:466) [hadoop-common-3.3.1.jar:?]
	at org.apache.hadoop.ipc.ProtobufRpcEngine2$Server$ProtoBufRpcInvoker.call(ProtobufRpcEngine2.java:574) [hadoop-common-3.3.1.jar:?]
	at org.apache.hadoop.ipc.ProtobufRpcEngine2$Server$ProtoBufRpcInvoker.call(ProtobufRpcEngine2.java:552) [hadoop-common-3.3.1.jar:?]
	at org.apache.hadoop.ipc.RPC$Server.call(RPC.java:1093) [hadoop-common-3.3.1.jar:?]
	at org.apache.hadoop.ipc.Server$RpcCall.run(Server.java:1035) [hadoop-common-3.3.1.jar:?]
	at org.apache.hadoop.ipc.Server$RpcCall.run(Server.java:963) [hadoop-common-3.3.1.jar:?]
	at java.security.AccessController.doPrivileged(Native Method) ~[?:1.8.0_332]
	at javax.security.auth.Subject.doAs(Subject.java:422) [?:1.8.0_332]
	at org.apache.hadoop.security.UserGroupInformation.doAs(UserGroupInformation.java:1878) [hadoop-common-3.3.1.jar:?]
	at org.apache.hadoop.ipc.Server$Handler.run(Server.java:2966) [hadoop-common-3.3.1.jar:?]
07:22:26.981 [IPC Server handler 11 on default port 38347] ERROR OMAudit - user=runner | ip=127.0.0.1 | op=GET_FILE_STATUS {volume=volume93372, bucket=bucket84028, key=testBatchDelete/parent/childFolder/child2, dataSize=0, replicationConfig=null} | ret=FAILURE
org.apache.hadoop.ozone.om.exceptions.OMException: Unable to get file status: volume: volume93372 bucket: bucket84028 key: testBatchDelete/parent/childFolder/child2
	at org.apache.hadoop.ozone.om.KeyManagerImpl.getOzoneFileStatus(KeyManagerImpl.java:1311) ~[ozone-manager-1.3.0-SNAPSHOT.jar:?]
	at org.apache.hadoop.ozone.om.KeyManagerImpl.getFileStatus(KeyManagerImpl.java:1241) ~[ozone-manager-1.3.0-SNAPSHOT.jar:?]
	at org.apache.hadoop.ozone.om.OzoneManager.getFileStatus(OzoneManager.java:3419) ~[ozone-manager-1.3.0-SNAPSHOT.jar:?]
	at org.apache.hadoop.ozone.protocolPB.OzoneManagerRequestHandler.getOzoneFileStatus(OzoneManagerRequestHandler.java:871) ~[ozone-manager-1.3.0-SNAPSHOT.jar:?]
	at org.apache.hadoop.ozone.protocolPB.OzoneManagerRequestHandler.handleReadRequest(OzoneManagerRequestHandler.java:217) ~[ozone-manager-1.3.0-SNAPSHOT.jar:?]
	at org.apache.hadoop.ozone.protocolPB.OzoneManagerProtocolServerSideTranslatorPB.submitRequestDirectlyToOM(OzoneManagerProtocolServerSideTranslatorPB.java:276) ~[ozone-manager-1.3.0-SNAPSHOT.jar:?]
	at org.apache.hadoop.ozone.protocolPB.OzoneManagerProtocolServerSideTranslatorPB.processRequest(OzoneManagerProtocolServerSideTranslatorPB.java:205) ~[ozone-manager-1.3.0-SNAPSHOT.jar:?]
	at org.apache.hadoop.hdds.server.OzoneProtocolMessageDispatcher.processRequest(OzoneProtocolMessageDispatcher.java:87) [hdds-server-framework-1.3.0-SNAPSHOT.jar:?]
	at org.apache.hadoop.ozone.protocolPB.OzoneManagerProtocolServerSideTranslatorPB.submitRequest(OzoneManagerProtocolServerSideTranslatorPB.java:147) [ozone-manager-1.3.0-SNAPSHOT.jar:?]
	at org.apache.hadoop.ozone.protocol.proto.OzoneManagerProtocolProtos$OzoneManagerService$2.callBlockingMethod(OzoneManagerProtocolProtos.java) [ozone-interface-client-1.3.0-SNAPSHOT.jar:?]
	at org.apache.hadoop.ipc.ProtobufRpcEngine$Server.processCall(ProtobufRpcEngine.java:466) [hadoop-common-3.3.1.jar:?]
	at org.apache.hadoop.ipc.ProtobufRpcEngine2$Server$ProtoBufRpcInvoker.call(ProtobufRpcEngine2.java:574) [hadoop-common-3.3.1.jar:?]
	at org.apache.hadoop.ipc.ProtobufRpcEngine2$Server$ProtoBufRpcInvoker.call(ProtobufRpcEngine2.java:552) [hadoop-common-3.3.1.jar:?]
	at org.apache.hadoop.ipc.RPC$Server.call(RPC.java:1093) [hadoop-common-3.3.1.jar:?]
	at org.apache.hadoop.ipc.Server$RpcCall.run(Server.java:1035) [hadoop-common-3.3.1.jar:?]
	at org.apache.hadoop.ipc.Server$RpcCall.run(Server.java:963) [hadoop-common-3.3.1.jar:?]
	at java.security.AccessController.doPrivileged(Native Method) ~[?:1.8.0_332]
	at javax.security.auth.Subject.doAs(Subject.java:422) [?:1.8.0_332]
	at org.apache.hadoop.security.UserGroupInformation.doAs(UserGroupInformation.java:1878) [hadoop-common-3.3.1.jar:?]
	at org.apache.hadoop.ipc.Server$Handler.run(Server.java:2966) [hadoop-common-3.3.1.jar:?]
07:22:26.982 [IPC Server handler 13 on default port 38347] ERROR OMAudit - user=runner | ip=127.0.0.1 | op=GET_FILE_STATUS {volume=volume93372, bucket=bucket84028, key=testBatchDelete/parent/child3, dataSize=0, replicationConfig=null} | ret=FAILURE
org.apache.hadoop.ozone.om.exceptions.OMException: Unable to get file status: volume: volume93372 bucket: bucket84028 key: testBatchDelete/parent/child3
	at org.apache.hadoop.ozone.om.KeyManagerImpl.getOzoneFileStatus(KeyManagerImpl.java:1311) ~[ozone-manager-1.3.0-SNAPSHOT.jar:?]
	at org.apache.hadoop.ozone.om.KeyManagerImpl.getFileStatus(KeyManagerImpl.java:1241) ~[ozone-manager-1.3.0-SNAPSHOT.jar:?]
	at org.apache.hadoop.ozone.om.OzoneManager.getFileStatus(OzoneManager.java:3419) ~[ozone-manager-1.3.0-SNAPSHOT.jar:?]
	at org.apache.hadoop.ozone.protocolPB.OzoneManagerRequestHandler.getOzoneFileStatus(OzoneManagerRequestHandler.java:871) ~[ozone-manager-1.3.0-SNAPSHOT.jar:?]
	at org.apache.hadoop.ozone.protocolPB.OzoneManagerRequestHandler.handleReadRequest(OzoneManagerRequestHandler.java:217) ~[ozone-manager-1.3.0-SNAPSHOT.jar:?]
	at org.apache.hadoop.ozone.protocolPB.OzoneManagerProtocolServerSideTranslatorPB.submitRequestDirectlyToOM(OzoneManagerProtocolServerSideTranslatorPB.java:276) ~[ozone-manager-1.3.0-SNAPSHOT.jar:?]
	at org.apache.hadoop.ozone.protocolPB.OzoneManagerProtocolServerSideTranslatorPB.processRequest(OzoneManagerProtocolServerSideTranslatorPB.java:205) ~[ozone-manager-1.3.0-SNAPSHOT.jar:?]
	at org.apache.hadoop.hdds.server.OzoneProtocolMessageDispatcher.processRequest(OzoneProtocolMessageDispatcher.java:87) [hdds-server-framework-1.3.0-SNAPSHOT.jar:?]
	at org.apache.hadoop.ozone.protocolPB.OzoneManagerProtocolServerSideTranslatorPB.submitRequest(OzoneManagerProtocolServerSideTranslatorPB.java:147) [ozone-manager-1.3.0-SNAPSHOT.jar:?]
	at org.apache.hadoop.ozone.protocol.proto.OzoneManagerProtocolProtos$OzoneManagerService$2.callBlockingMethod(OzoneManagerProtocolProtos.java) [ozone-interface-client-1.3.0-SNAPSHOT.jar:?]
	at org.apache.hadoop.ipc.ProtobufRpcEngine$Server.processCall(ProtobufRpcEngine.java:466) [hadoop-common-3.3.1.jar:?]
	at org.apache.hadoop.ipc.ProtobufRpcEngine2$Server$ProtoBufRpcInvoker.call(ProtobufRpcEngine2.java:574) [hadoop-common-3.3.1.jar:?]
	at org.apache.hadoop.ipc.ProtobufRpcEngine2$Server$ProtoBufRpcInvoker.call(ProtobufRpcEngine2.java:552) [hadoop-common-3.3.1.jar:?]
	at org.apache.hadoop.ipc.RPC$Server.call(RPC.java:1093) [hadoop-common-3.3.1.jar:?]
	at org.apache.hadoop.ipc.Server$RpcCall.run(Server.java:1035) [hadoop-common-3.3.1.jar:?]
	at org.apache.hadoop.ipc.Server$RpcCall.run(Server.java:963) [hadoop-common-3.3.1.jar:?]
	at java.security.AccessController.doPrivileged(Native Method) ~[?:1.8.0_332]
	at javax.security.auth.Subject.doAs(Subject.java:422) [?:1.8.0_332]
	at org.apache.hadoop.security.UserGroupInformation.doAs(UserGroupInformation.java:1878) [hadoop-common-3.3.1.jar:?]
	at org.apache.hadoop.ipc.Server$Handler.run(Server.java:2966) [hadoop-common-3.3.1.jar:?]
07:22:26.984 [IPC Server handler 17 on default port 38347] ERROR OMAudit - user=runner | ip=127.0.0.1 | op=GET_FILE_STATUS {volume=volume93372, bucket=bucket84028, key=testBatchDelete/parent/childFolder/child3, dataSize=0, replicationConfig=null} | ret=FAILURE
org.apache.hadoop.ozone.om.exceptions.OMException: Unable to get file status: volume: volume93372 bucket: bucket84028 key: testBatchDelete/parent/childFolder/child3
	at org.apache.hadoop.ozone.om.KeyManagerImpl.getOzoneFileStatus(KeyManagerImpl.java:1311) ~[ozone-manager-1.3.0-SNAPSHOT.jar:?]
	at org.apache.hadoop.ozone.om.KeyManagerImpl.getFileStatus(KeyManagerImpl.java:1241) ~[ozone-manager-1.3.0-SNAPSHOT.jar:?]
	at org.apache.hadoop.ozone.om.OzoneManager.getFileStatus(OzoneManager.java:3419) ~[ozone-manager-1.3.0-SNAPSHOT.jar:?]
	at org.apache.hadoop.ozone.protocolPB.OzoneManagerRequestHandler.getOzoneFileStatus(OzoneManagerRequestHandler.java:871) ~[ozone-manager-1.3.0-SNAPSHOT.jar:?]
	at org.apache.hadoop.ozone.protocolPB.OzoneManagerRequestHandler.handleReadRequest(OzoneManagerRequestHandler.java:217) ~[ozone-manager-1.3.0-SNAPSHOT.jar:?]
	at org.apache.hadoop.ozone.protocolPB.OzoneManagerProtocolServerSideTranslatorPB.submitRequestDirectlyToOM(OzoneManagerProtocolServerSideTranslatorPB.java:276) ~[ozone-manager-1.3.0-SNAPSHOT.jar:?]
	at org.apache.hadoop.ozone.protocolPB.OzoneManagerProtocolServerSideTranslatorPB.processRequest(OzoneManagerProtocolServerSideTranslatorPB.java:205) ~[ozone-manager-1.3.0-SNAPSHOT.jar:?]
	at org.apache.hadoop.hdds.server.OzoneProtocolMessageDispatcher.processRequest(OzoneProtocolMessageDispatcher.java:87) [hdds-server-framework-1.3.0-SNAPSHOT.jar:?]
	at org.apache.hadoop.ozone.protocolPB.OzoneManagerProtocolServerSideTranslatorPB.submitRequest(OzoneManagerProtocolServerSideTranslatorPB.java:147) [ozone-manager-1.3.0-SNAPSHOT.jar:?]
	at org.apache.hadoop.ozone.protocol.proto.OzoneManagerProtocolProtos$OzoneManagerService$2.callBlockingMethod(OzoneManagerProtocolProtos.java) [ozone-interface-client-1.3.0-SNAPSHOT.jar:?]
	at org.apache.hadoop.ipc.ProtobufRpcEngine$Server.processCall(ProtobufRpcEngine.java:466) [hadoop-common-3.3.1.jar:?]
	at org.apache.hadoop.ipc.ProtobufRpcEngine2$Server$ProtoBufRpcInvoker.call(ProtobufRpcEngine2.java:574) [hadoop-common-3.3.1.jar:?]
	at org.apache.hadoop.ipc.ProtobufRpcEngine2$Server$ProtoBufRpcInvoker.call(ProtobufRpcEngine2.java:552) [hadoop-common-3.3.1.jar:?]
	at org.apache.hadoop.ipc.RPC$Server.call(RPC.java:1093) [hadoop-common-3.3.1.jar:?]
	at org.apache.hadoop.ipc.Server$RpcCall.run(Server.java:1035) [hadoop-common-3.3.1.jar:?]
	at org.apache.hadoop.ipc.Server$RpcCall.run(Server.java:963) [hadoop-common-3.3.1.jar:?]
	at java.security.AccessController.doPrivileged(Native Method) ~[?:1.8.0_332]
	at javax.security.auth.Subject.doAs(Subject.java:422) [?:1.8.0_332]
	at org.apache.hadoop.security.UserGroupInformation.doAs(UserGroupInformation.java:1878) [hadoop-common-3.3.1.jar:?]
	at org.apache.hadoop.ipc.Server$Handler.run(Server.java:2966) [hadoop-common-3.3.1.jar:?]
07:22:26.985 [IPC Server handler 18 on default port 38347] ERROR OMAudit - user=runner | ip=127.0.0.1 | op=GET_FILE_STATUS {volume=volume93372, bucket=bucket84028, key=testBatchDelete/parent/child4, dataSize=0, replicationConfig=null} | ret=FAILURE
org.apache.hadoop.ozone.om.exceptions.OMException: Unable to get file status: volume: volume93372 bucket: bucket84028 key: testBatchDelete/parent/child4
	at org.apache.hadoop.ozone.om.KeyManagerImpl.getOzoneFileStatus(KeyManagerImpl.java:1311) ~[ozone-manager-1.3.0-SNAPSHOT.jar:?]
	at org.apache.hadoop.ozone.om.KeyManagerImpl.getFileStatus(KeyManagerImpl.java:1241) ~[ozone-manager-1.3.0-SNAPSHOT.jar:?]
	at org.apache.hadoop.ozone.om.OzoneManager.getFileStatus(OzoneManager.java:3419) ~[ozone-manager-1.3.0-SNAPSHOT.jar:?]
	at org.apache.hadoop.ozone.protocolPB.OzoneManagerRequestHandler.getOzoneFileStatus(OzoneManagerRequestHandler.java:871) ~[ozone-manager-1.3.0-SNAPSHOT.jar:?]
	at org.apache.hadoop.ozone.protocolPB.OzoneManagerRequestHandler.handleReadRequest(OzoneManagerRequestHandler.java:217) ~[ozone-manager-1.3.0-SNAPSHOT.jar:?]
	at org.apache.hadoop.ozone.protocolPB.OzoneManagerProtocolServerSideTranslatorPB.submitRequestDirectlyToOM(OzoneManagerProtocolServerSideTranslatorPB.java:276) ~[ozone-manager-1.3.0-SNAPSHOT.jar:?]
	at org.apache.hadoop.ozone.protocolPB.OzoneManagerProtocolServerSideTranslatorPB.processRequest(OzoneManagerProtocolServerSideTranslatorPB.java:205) ~[ozone-manager-1.3.0-SNAPSHOT.jar:?]
	at org.apache.hadoop.hdds.server.OzoneProtocolMessageDispatcher.processRequest(OzoneProtocolMessageDispatcher.java:87) [hdds-server-framework-1.3.0-SNAPSHOT.jar:?]
	at org.apache.hadoop.ozone.protocolPB.OzoneManagerProtocolServerSideTranslatorPB.submitRequest(OzoneManagerProtocolServerSideTranslatorPB.java:147) [ozone-manager-1.3.0-SNAPSHOT.jar:?]
	at org.apache.hadoop.ozone.protocol.proto.OzoneManagerProtocolProtos$OzoneManagerService$2.callBlockingMethod(OzoneManagerProtocolProtos.java) [ozone-interface-client-1.3.0-SNAPSHOT.jar:?]
	at org.apache.hadoop.ipc.ProtobufRpcEngine$Server.processCall(ProtobufRpcEngine.java:466) [hadoop-common-3.3.1.jar:?]
	at org.apache.hadoop.ipc.ProtobufRpcEngine2$Server$ProtoBufRpcInvoker.call(ProtobufRpcEngine2.java:574) [hadoop-common-3.3.1.jar:?]
	at org.apache.hadoop.ipc.ProtobufRpcEngine2$Server$ProtoBufRpcInvoker.call(ProtobufRpcEngine2.java:552) [hadoop-common-3.3.1.jar:?]
	at org.apache.hadoop.ipc.RPC$Server.call(RPC.java:1093) [hadoop-common-3.3.1.jar:?]
	at org.apache.hadoop.ipc.Server$RpcCall.run(Server.java:1035) [hadoop-common-3.3.1.jar:?]
	at org.apache.hadoop.ipc.Server$RpcCall.run(Server.java:963) [hadoop-common-3.3.1.jar:?]
	at java.security.AccessController.doPrivileged(Native Method) ~[?:1.8.0_332]
	at javax.security.auth.Subject.doAs(Subject.java:422) [?:1.8.0_332]
	at org.apache.hadoop.security.UserGroupInformation.doAs(UserGroupInformation.java:1878) [hadoop-common-3.3.1.jar:?]
	at org.apache.hadoop.ipc.Server$Handler.run(Server.java:2966) [hadoop-common-3.3.1.jar:?]
07:22:26.985 [IPC Server handler 1 on default port 38347] ERROR OMAudit - user=runner | ip=127.0.0.1 | op=GET_FILE_STATUS {volume=volume93372, bucket=bucket84028, key=testBatchDelete/parent/childFolder/child4, dataSize=0, replicationConfig=null} | ret=FAILURE
org.apache.hadoop.ozone.om.exceptions.OMException: Unable to get file status: volume: volume93372 bucket: bucket84028 key: testBatchDelete/parent/childFolder/child4
	at org.apache.hadoop.ozone.om.KeyManagerImpl.getOzoneFileStatus(KeyManagerImpl.java:1311) ~[ozone-manager-1.3.0-SNAPSHOT.jar:?]
	at org.apache.hadoop.ozone.om.KeyManagerImpl.getFileStatus(KeyManagerImpl.java:1241) ~[ozone-manager-1.3.0-SNAPSHOT.jar:?]
	at org.apache.hadoop.ozone.om.OzoneManager.getFileStatus(OzoneManager.java:3419) ~[ozone-manager-1.3.0-SNAPSHOT.jar:?]
	at org.apache.hadoop.ozone.protocolPB.OzoneManagerRequestHandler.getOzoneFileStatus(OzoneManagerRequestHandler.java:871) ~[ozone-manager-1.3.0-SNAPSHOT.jar:?]
	at org.apache.hadoop.ozone.protocolPB.OzoneManagerRequestHandler.handleReadRequest(OzoneManagerRequestHandler.java:217) ~[ozone-manager-1.3.0-SNAPSHOT.jar:?]
	at org.apache.hadoop.ozone.protocolPB.OzoneManagerProtocolServerSideTranslatorPB.submitRequestDirectlyToOM(OzoneManagerProtocolServerSideTranslatorPB.java:276) ~[ozone-manager-1.3.0-SNAPSHOT.jar:?]
	at org.apache.hadoop.ozone.protocolPB.OzoneManagerProtocolServerSideTranslatorPB.processRequest(OzoneManagerProtocolServerSideTranslatorPB.java:205) ~[ozone-manager-1.3.0-SNAPSHOT.jar:?]
	at org.apache.hadoop.hdds.server.OzoneProtocolMessageDispatcher.processRequest(OzoneProtocolMessageDispatcher.java:87) [hdds-server-framework-1.3.0-SNAPSHOT.jar:?]
	at org.apache.hadoop.ozone.protocolPB.OzoneManagerProtocolServerSideTranslatorPB.submitRequest(OzoneManagerProtocolServerSideTranslatorPB.java:147) [ozone-manager-1.3.0-SNAPSHOT.jar:?]
	at org.apache.hadoop.ozone.protocol.proto.OzoneManagerProtocolProtos$OzoneManagerService$2.callBlockingMethod(OzoneManagerProtocolProtos.java) [ozone-interface-client-1.3.0-SNAPSHOT.jar:?]
	at org.apache.hadoop.ipc.ProtobufRpcEngine$Server.processCall(ProtobufRpcEngine.java:466) [hadoop-common-3.3.1.jar:?]
	at org.apache.hadoop.ipc.ProtobufRpcEngine2$Server$ProtoBufRpcInvoker.call(ProtobufRpcEngine2.java:574) [hadoop-common-3.3.1.jar:?]
	at org.apache.hadoop.ipc.ProtobufRpcEngine2$Server$ProtoBufRpcInvoker.call(ProtobufRpcEngine2.java:552) [hadoop-common-3.3.1.jar:?]
	at org.apache.hadoop.ipc.RPC$Server.call(RPC.java:1093) [hadoop-common-3.3.1.jar:?]
	at org.apache.hadoop.ipc.Server$RpcCall.run(Server.java:1035) [hadoop-common-3.3.1.jar:?]
	at org.apache.hadoop.ipc.Server$RpcCall.run(Server.java:963) [hadoop-common-3.3.1.jar:?]
	at java.security.AccessController.doPrivileged(Native Method) ~[?:1.8.0_332]
	at javax.security.auth.Subject.doAs(Subject.java:422) [?:1.8.0_332]
	at org.apache.hadoop.security.UserGroupInformation.doAs(UserGroupInformation.java:1878) [hadoop-common-3.3.1.jar:?]
	at org.apache.hadoop.ipc.Server$Handler.run(Server.java:2966) [hadoop-common-3.3.1.jar:?]
07:22:26.986 [IPC Server handler 4 on default port 38347] ERROR OMAudit - user=runner | ip=127.0.0.1 | op=GET_FILE_STATUS {volume=volume93372, bucket=bucket84028, key=testBatchDelete/parent/child5, dataSize=0, replicationConfig=null} | ret=FAILURE
org.apache.hadoop.ozone.om.exceptions.OMException: Unable to get file status: volume: volume93372 bucket: bucket84028 key: testBatchDelete/parent/child5
	at org.apache.hadoop.ozone.om.KeyManagerImpl.getOzoneFileStatus(KeyManagerImpl.java:1311) ~[ozone-manager-1.3.0-SNAPSHOT.jar:?]
	at org.apache.hadoop.ozone.om.KeyManagerImpl.getFileStatus(KeyManagerImpl.java:1241) ~[ozone-manager-1.3.0-SNAPSHOT.jar:?]
	at org.apache.hadoop.ozone.om.OzoneManager.getFileStatus(OzoneManager.java:3419) ~[ozone-manager-1.3.0-SNAPSHOT.jar:?]
	at org.apache.hadoop.ozone.protocolPB.OzoneManagerRequestHandler.getOzoneFileStatus(OzoneManagerRequestHandler.java:871) ~[ozone-manager-1.3.0-SNAPSHOT.jar:?]
	at org.apache.hadoop.ozone.protocolPB.OzoneManagerRequestHandler.handleReadRequest(OzoneManagerRequestHandler.java:217) ~[ozone-manager-1.3.0-SNAPSHOT.jar:?]
	at org.apache.hadoop.ozone.protocolPB.OzoneManagerProtocolServerSideTranslatorPB.submitRequestDirectlyToOM(OzoneManagerProtocolServerSideTranslatorPB.java:276) ~[ozone-manager-1.3.0-SNAPSHOT.jar:?]
	at org.apache.hadoop.ozone.protocolPB.OzoneManagerProtocolServerSideTranslatorPB.processRequest(OzoneManagerProtocolServerSideTranslatorPB.java:205) ~[ozone-manager-1.3.0-SNAPSHOT.jar:?]
	at org.apache.hadoop.hdds.server.OzoneProtocolMessageDispatcher.processRequest(OzoneProtocolMessageDispatcher.java:87) [hdds-server-framework-1.3.0-SNAPSHOT.jar:?]
	at org.apache.hadoop.ozone.protocolPB.OzoneManagerProtocolServerSideTranslatorPB.submitRequest(OzoneManagerProtocolServerSideTranslatorPB.java:147) [ozone-manager-1.3.0-SNAPSHOT.jar:?]
	at org.apache.hadoop.ozone.protocol.proto.OzoneManagerProtocolProtos$OzoneManagerService$2.callBlockingMethod(OzoneManagerProtocolProtos.java) [ozone-interface-client-1.3.0-SNAPSHOT.jar:?]
	at org.apache.hadoop.ipc.ProtobufRpcEngine$Server.processCall(ProtobufRpcEngine.java:466) [hadoop-common-3.3.1.jar:?]
	at org.apache.hadoop.ipc.ProtobufRpcEngine2$Server$ProtoBufRpcInvoker.call(ProtobufRpcEngine2.java:574) [hadoop-common-3.3.1.jar:?]
	at org.apache.hadoop.ipc.ProtobufRpcEngine2$Server$ProtoBufRpcInvoker.call(ProtobufRpcEngine2.java:552) [hadoop-common-3.3.1.jar:?]
	at org.apache.hadoop.ipc.RPC$Server.call(RPC.java:1093) [hadoop-common-3.3.1.jar:?]
	at org.apache.hadoop.ipc.Server$RpcCall.run(Server.java:1035) [hadoop-common-3.3.1.jar:?]
	at org.apache.hadoop.ipc.Server$RpcCall.run(Server.java:963) [hadoop-common-3.3.1.jar:?]
	at java.security.AccessController.doPrivileged(Native Method) ~[?:1.8.0_332]
	at javax.security.auth.Subject.doAs(Subject.java:422) [?:1.8.0_332]
	at org.apache.hadoop.security.UserGroupInformation.doAs(UserGroupInformation.java:1878) [hadoop-common-3.3.1.jar:?]
	at org.apache.hadoop.ipc.Server$Handler.run(Server.java:2966) [hadoop-common-3.3.1.jar:?]
07:22:26.987 [IPC Server handler 5 on default port 38347] ERROR OMAudit - user=runner | ip=127.0.0.1 | op=GET_FILE_STATUS {volume=volume93372, bucket=bucket84028, key=testBatchDelete/parent/childFolder/child5, dataSize=0, replicationConfig=null} | ret=FAILURE
org.apache.hadoop.ozone.om.exceptions.OMException: Unable to get file status: volume: volume93372 bucket: bucket84028 key: testBatchDelete/parent/childFolder/child5
	at org.apache.hadoop.ozone.om.KeyManagerImpl.getOzoneFileStatus(KeyManagerImpl.java:1311) ~[ozone-manager-1.3.0-SNAPSHOT.jar:?]
	at org.apache.hadoop.ozone.om.KeyManagerImpl.getFileStatus(KeyManagerImpl.java:1241) ~[ozone-manager-1.3.0-SNAPSHOT.jar:?]
	at org.apache.hadoop.ozone.om.OzoneManager.getFileStatus(OzoneManager.java:3419) ~[ozone-manager-1.3.0-SNAPSHOT.jar:?]
	at org.apache.hadoop.ozone.protocolPB.OzoneManagerRequestHandler.getOzoneFileStatus(OzoneManagerRequestHandler.java:871) ~[ozone-manager-1.3.0-SNAPSHOT.jar:?]
	at org.apache.hadoop.ozone.protocolPB.OzoneManagerRequestHandler.handleReadRequest(OzoneManagerRequestHandler.java:217) ~[ozone-manager-1.3.0-SNAPSHOT.jar:?]
	at org.apache.hadoop.ozone.protocolPB.OzoneManagerProtocolServerSideTranslatorPB.submitRequestDirectlyToOM(OzoneManagerProtocolServerSideTranslatorPB.java:276) ~[ozone-manager-1.3.0-SNAPSHOT.jar:?]
	at org.apache.hadoop.ozone.protocolPB.OzoneManagerProtocolServerSideTranslatorPB.processRequest(OzoneManagerProtocolServerSideTranslatorPB.java:205) ~[ozone-manager-1.3.0-SNAPSHOT.jar:?]
	at org.apache.hadoop.hdds.server.OzoneProtocolMessageDispatcher.processRequest(OzoneProtocolMessageDispatcher.java:87) [hdds-server-framework-1.3.0-SNAPSHOT.jar:?]
	at org.apache.hadoop.ozone.protocolPB.OzoneManagerProtocolServerSideTranslatorPB.submitRequest(OzoneManagerProtocolServerSideTranslatorPB.java:147) [ozone-manager-1.3.0-SNAPSHOT.jar:?]
	at org.apache.hadoop.ozone.protocol.proto.OzoneManagerProtocolProtos$OzoneManagerService$2.callBlockingMethod(OzoneManagerProtocolProtos.java) [ozone-interface-client-1.3.0-SNAPSHOT.jar:?]
	at org.apache.hadoop.ipc.ProtobufRpcEngine$Server.processCall(ProtobufRpcEngine.java:466) [hadoop-common-3.3.1.jar:?]
	at org.apache.hadoop.ipc.ProtobufRpcEngine2$Server$ProtoBufRpcInvoker.call(ProtobufRpcEngine2.java:574) [hadoop-common-3.3.1.jar:?]
	at org.apache.hadoop.ipc.ProtobufRpcEngine2$Server$ProtoBufRpcInvoker.call(ProtobufRpcEngine2.java:552) [hadoop-common-3.3.1.jar:?]
	at org.apache.hadoop.ipc.RPC$Server.call(RPC.java:1093) [hadoop-common-3.3.1.jar:?]
	at org.apache.hadoop.ipc.Server$RpcCall.run(Server.java:1035) [hadoop-common-3.3.1.jar:?]
	at org.apache.hadoop.ipc.Server$RpcCall.run(Server.java:963) [hadoop-common-3.3.1.jar:?]
	at java.security.AccessController.doPrivileged(Native Method) ~[?:1.8.0_332]
	at javax.security.auth.Subject.doAs(Subject.java:422) [?:1.8.0_332]
	at org.apache.hadoop.security.UserGroupInformation.doAs(UserGroupInformation.java:1878) [hadoop-common-3.3.1.jar:?]
	at org.apache.hadoop.ipc.Server$Handler.run(Server.java:2966) [hadoop-common-3.3.1.jar:?]
07:22:26.988 [IPC Server handler 8 on default port 38347] ERROR OMAudit - user=runner | ip=127.0.0.1 | op=GET_FILE_STATUS {volume=volume93372, bucket=bucket84028, key=testBatchDelete/parent/child6, dataSize=0, replicationConfig=null} | ret=FAILURE
org.apache.hadoop.ozone.om.exceptions.OMException: Unable to get file status: volume: volume93372 bucket: bucket84028 key: testBatchDelete/parent/child6
	at org.apache.hadoop.ozone.om.KeyManagerImpl.getOzoneFileStatus(KeyManagerImpl.java:1311) ~[ozone-manager-1.3.0-SNAPSHOT.jar:?]
	at org.apache.hadoop.ozone.om.KeyManagerImpl.getFileStatus(KeyManagerImpl.java:1241) ~[ozone-manager-1.3.0-SNAPSHOT.jar:?]
	at org.apache.hadoop.ozone.om.OzoneManager.getFileStatus(OzoneManager.java:3419) ~[ozone-manager-1.3.0-SNAPSHOT.jar:?]
	at org.apache.hadoop.ozone.protocolPB.OzoneManagerRequestHandler.getOzoneFileStatus(OzoneManagerRequestHandler.java:871) ~[ozone-manager-1.3.0-SNAPSHOT.jar:?]
	at org.apache.hadoop.ozone.protocolPB.OzoneManagerRequestHandler.handleReadRequest(OzoneManagerRequestHandler.java:217) ~[ozone-manager-1.3.0-SNAPSHOT.jar:?]
	at org.apache.hadoop.ozone.protocolPB.OzoneManagerProtocolServerSideTranslatorPB.submitRequestDirectlyToOM(OzoneManagerProtocolServerSideTranslatorPB.java:276) ~[ozone-manager-1.3.0-SNAPSHOT.jar:?]
	at org.apache.hadoop.ozone.protocolPB.OzoneManagerProtocolServerSideTranslatorPB.processRequest(OzoneManagerProtocolServerSideTranslatorPB.java:205) ~[ozone-manager-1.3.0-SNAPSHOT.jar:?]
	at org.apache.hadoop.hdds.server.OzoneProtocolMessageDispatcher.processRequest(OzoneProtocolMessageDispatcher.java:87) [hdds-server-framework-1.3.0-SNAPSHOT.jar:?]
	at org.apache.hadoop.ozone.protocolPB.OzoneManagerProtocolServerSideTranslatorPB.submitRequest(OzoneManagerProtocolServerSideTranslatorPB.java:147) [ozone-manager-1.3.0-SNAPSHOT.jar:?]
	at org.apache.hadoop.ozone.protocol.proto.OzoneManagerProtocolProtos$OzoneManagerService$2.callBlockingMethod(OzoneManagerProtocolProtos.java) [ozone-interface-client-1.3.0-SNAPSHOT.jar:?]
	at org.apache.hadoop.ipc.ProtobufRpcEngine$Server.processCall(ProtobufRpcEngine.java:466) [hadoop-common-3.3.1.jar:?]
	at org.apache.hadoop.ipc.ProtobufRpcEngine2$Server$ProtoBufRpcInvoker.call(ProtobufRpcEngine2.java:574) [hadoop-common-3.3.1.jar:?]
	at org.apache.hadoop.ipc.ProtobufRpcEngine2$Server$ProtoBufRpcInvoker.call(ProtobufRpcEngine2.java:552) [hadoop-common-3.3.1.jar:?]
	at org.apache.hadoop.ipc.RPC$Server.call(RPC.java:1093) [hadoop-common-3.3.1.jar:?]
	at org.apache.hadoop.ipc.Server$RpcCall.run(Server.java:1035) [hadoop-common-3.3.1.jar:?]
	at org.apache.hadoop.ipc.Server$RpcCall.run(Server.java:963) [hadoop-common-3.3.1.jar:?]
	at java.security.AccessController.doPrivileged(Native Method) ~[?:1.8.0_332]
	at javax.security.auth.Subject.doAs(Subject.java:422) [?:1.8.0_332]
	at org.apache.hadoop.security.UserGroupInformation.doAs(UserGroupInformation.java:1878) [hadoop-common-3.3.1.jar:?]
	at org.apache.hadoop.ipc.Server$Handler.run(Server.java:2966) [hadoop-common-3.3.1.jar:?]
07:22:26.989 [IPC Server handler 7 on default port 38347] ERROR OMAudit - user=runner | ip=127.0.0.1 | op=GET_FILE_STATUS {volume=volume93372, bucket=bucket84028, key=testBatchDelete/parent/childFolder/child6, dataSize=0, replicationConfig=null} | ret=FAILURE
org.apache.hadoop.ozone.om.exceptions.OMException: Unable to get file status: volume: volume93372 bucket: bucket84028 key: testBatchDelete/parent/childFolder/child6
	at org.apache.hadoop.ozone.om.KeyManagerImpl.getOzoneFileStatus(KeyManagerImpl.java:1311) ~[ozone-manager-1.3.0-SNAPSHOT.jar:?]
	at org.apache.hadoop.ozone.om.KeyManagerImpl.getFileStatus(KeyManagerImpl.java:1241) ~[ozone-manager-1.3.0-SNAPSHOT.jar:?]
	at org.apache.hadoop.ozone.om.OzoneManager.getFileStatus(OzoneManager.java:3419) ~[ozone-manager-1.3.0-SNAPSHOT.jar:?]
	at org.apache.hadoop.ozone.protocolPB.OzoneManagerRequestHandler.getOzoneFileStatus(OzoneManagerRequestHandler.java:871) ~[ozone-manager-1.3.0-SNAPSHOT.jar:?]
	at org.apache.hadoop.ozone.protocolPB.OzoneManagerRequestHandler.handleReadRequest(OzoneManagerRequestHandler.java:217) ~[ozone-manager-1.3.0-SNAPSHOT.jar:?]
	at org.apache.hadoop.ozone.protocolPB.OzoneManagerProtocolServerSideTranslatorPB.submitRequestDirectlyToOM(OzoneManagerProtocolServerSideTranslatorPB.java:276) ~[ozone-manager-1.3.0-SNAPSHOT.jar:?]
	at org.apache.hadoop.ozone.protocolPB.OzoneManagerProtocolServerSideTranslatorPB.processRequest(OzoneManagerProtocolServerSideTranslatorPB.java:205) ~[ozone-manager-1.3.0-SNAPSHOT.jar:?]
	at org.apache.hadoop.hdds.server.OzoneProtocolMessageDispatcher.processRequest(OzoneProtocolMessageDispatcher.java:87) [hdds-server-framework-1.3.0-SNAPSHOT.jar:?]
	at org.apache.hadoop.ozone.protocolPB.OzoneManagerProtocolServerSideTranslatorPB.submitRequest(OzoneManagerProtocolServerSideTranslatorPB.java:147) [ozone-manager-1.3.0-SNAPSHOT.jar:?]
	at org.apache.hadoop.ozone.protocol.proto.OzoneManagerProtocolProtos$OzoneManagerService$2.callBlockingMethod(OzoneManagerProtocolProtos.java) [ozone-interface-client-1.3.0-SNAPSHOT.jar:?]
	at org.apache.hadoop.ipc.ProtobufRpcEngine$Server.processCall(ProtobufRpcEngine.java:466) [hadoop-common-3.3.1.jar:?]
	at org.apache.hadoop.ipc.ProtobufRpcEngine2$Server$ProtoBufRpcInvoker.call(ProtobufRpcEngine2.java:574) [hadoop-common-3.3.1.jar:?]
	at org.apache.hadoop.ipc.ProtobufRpcEngine2$Server$ProtoBufRpcInvoker.call(ProtobufRpcEngine2.java:552) [hadoop-common-3.3.1.jar:?]
	at org.apache.hadoop.ipc.RPC$Server.call(RPC.java:1093) [hadoop-common-3.3.1.jar:?]
	at org.apache.hadoop.ipc.Server$RpcCall.run(Server.java:1035) [hadoop-common-3.3.1.jar:?]
	at org.apache.hadoop.ipc.Server$RpcCall.run(Server.java:963) [hadoop-common-3.3.1.jar:?]
	at java.security.AccessController.doPrivileged(Native Method) ~[?:1.8.0_332]
	at javax.security.auth.Subject.doAs(Subject.java:422) [?:1.8.0_332]
	at org.apache.hadoop.security.UserGroupInformation.doAs(UserGroupInformation.java:1878) [hadoop-common-3.3.1.jar:?]
	at org.apache.hadoop.ipc.Server$Handler.run(Server.java:2966) [hadoop-common-3.3.1.jar:?]
07:22:26.990 [IPC Server handler 16 on default port 38347] ERROR OMAudit - user=runner | ip=127.0.0.1 | op=GET_FILE_STATUS {volume=volume93372, bucket=bucket84028, key=testBatchDelete/parent/child7, dataSize=0, replicationConfig=null} | ret=FAILURE
org.apache.hadoop.ozone.om.exceptions.OMException: Unable to get file status: volume: volume93372 bucket: bucket84028 key: testBatchDelete/parent/child7
	at org.apache.hadoop.ozone.om.KeyManagerImpl.getOzoneFileStatus(KeyManagerImpl.java:1311) ~[ozone-manager-1.3.0-SNAPSHOT.jar:?]
	at org.apache.hadoop.ozone.om.KeyManagerImpl.getFileStatus(KeyManagerImpl.java:1241) ~[ozone-manager-1.3.0-SNAPSHOT.jar:?]
	at org.apache.hadoop.ozone.om.OzoneManager.getFileStatus(OzoneManager.java:3419) ~[ozone-manager-1.3.0-SNAPSHOT.jar:?]
	at org.apache.hadoop.ozone.protocolPB.OzoneManagerRequestHandler.getOzoneFileStatus(OzoneManagerRequestHandler.java:871) ~[ozone-manager-1.3.0-SNAPSHOT.jar:?]
	at org.apache.hadoop.ozone.protocolPB.OzoneManagerRequestHandler.handleReadRequest(OzoneManagerRequestHandler.java:217) ~[ozone-manager-1.3.0-SNAPSHOT.jar:?]
	at org.apache.hadoop.ozone.protocolPB.OzoneManagerProtocolServerSideTranslatorPB.submitRequestDirectlyToOM(OzoneManagerProtocolServerSideTranslatorPB.java:276) ~[ozone-manager-1.3.0-SNAPSHOT.jar:?]
	at org.apache.hadoop.ozone.protocolPB.OzoneManagerProtocolServerSideTranslatorPB.processRequest(OzoneManagerProtocolServerSideTranslatorPB.java:205) ~[ozone-manager-1.3.0-SNAPSHOT.jar:?]
	at org.apache.hadoop.hdds.server.OzoneProtocolMessageDispatcher.processRequest(OzoneProtocolMessageDispatcher.java:87) [hdds-server-framework-1.3.0-SNAPSHOT.jar:?]
	at org.apache.hadoop.ozone.protocolPB.OzoneManagerProtocolServerSideTranslatorPB.submitRequest(OzoneManagerProtocolServerSideTranslatorPB.java:147) [ozone-manager-1.3.0-SNAPSHOT.jar:?]
	at org.apache.hadoop.ozone.protocol.proto.OzoneManagerProtocolProtos$OzoneManagerService$2.callBlockingMethod(OzoneManagerProtocolProtos.java) [ozone-interface-client-1.3.0-SNAPSHOT.jar:?]
	at org.apache.hadoop.ipc.ProtobufRpcEngine$Server.processCall(ProtobufRpcEngine.java:466) [hadoop-common-3.3.1.jar:?]
	at org.apache.hadoop.ipc.ProtobufRpcEngine2$Server$ProtoBufRpcInvoker.call(ProtobufRpcEngine2.java:574) [hadoop-common-3.3.1.jar:?]
	at org.apache.hadoop.ipc.ProtobufRpcEngine2$Server$ProtoBufRpcInvoker.call(ProtobufRpcEngine2.java:552) [hadoop-common-3.3.1.jar:?]
	at org.apache.hadoop.ipc.RPC$Server.call(RPC.java:1093) [hadoop-common-3.3.1.jar:?]
	at org.apache.hadoop.ipc.Server$RpcCall.run(Server.java:1035) [hadoop-common-3.3.1.jar:?]
	at org.apache.hadoop.ipc.Server$RpcCall.run(Server.java:963) [hadoop-common-3.3.1.jar:?]
	at java.security.AccessController.doPrivileged(Native Method) ~[?:1.8.0_332]
	at javax.security.auth.Subject.doAs(Subject.java:422) [?:1.8.0_332]
	at org.apache.hadoop.security.UserGroupInformation.doAs(UserGroupInformation.java:1878) [hadoop-common-3.3.1.jar:?]
	at org.apache.hadoop.ipc.Server$Handler.run(Server.java:2966) [hadoop-common-3.3.1.jar:?]
07:22:26.993 [IPC Server handler 11 on default port 38347] ERROR OMAudit - user=runner | ip=127.0.0.1 | op=GET_FILE_STATUS {volume=volume93372, bucket=bucket84028, key=testBatchDelete/parent/childFolder/child7, dataSize=0, replicationConfig=null} | ret=FAILURE
org.apache.hadoop.ozone.om.exceptions.OMException: Unable to get file status: volume: volume93372 bucket: bucket84028 key: testBatchDelete/parent/childFolder/child7
	at org.apache.hadoop.ozone.om.KeyManagerImpl.getOzoneFileStatus(KeyManagerImpl.java:1311) ~[ozone-manager-1.3.0-SNAPSHOT.jar:?]
	at org.apache.hadoop.ozone.om.KeyManagerImpl.getFileStatus(KeyManagerImpl.java:1241) ~[ozone-manager-1.3.0-SNAPSHOT.jar:?]
	at org.apache.hadoop.ozone.om.OzoneManager.getFileStatus(OzoneManager.java:3419) ~[ozone-manager-1.3.0-SNAPSHOT.jar:?]
	at org.apache.hadoop.ozone.protocolPB.OzoneManagerRequestHandler.getOzoneFileStatus(OzoneManagerRequestHandler.java:871) ~[ozone-manager-1.3.0-SNAPSHOT.jar:?]
	at org.apache.hadoop.ozone.protocolPB.OzoneManagerRequestHandler.handleReadRequest(OzoneManagerRequestHandler.java:217) ~[ozone-manager-1.3.0-SNAPSHOT.jar:?]
	at org.apache.hadoop.ozone.protocolPB.OzoneManagerProtocolServerSideTranslatorPB.submitRequestDirectlyToOM(OzoneManagerProtocolServerSideTranslatorPB.java:276) ~[ozone-manager-1.3.0-SNAPSHOT.jar:?]
	at org.apache.hadoop.ozone.protocolPB.OzoneManagerProtocolServerSideTranslatorPB.processRequest(OzoneManagerProtocolServerSideTranslatorPB.java:205) ~[ozone-manager-1.3.0-SNAPSHOT.jar:?]
	at org.apache.hadoop.hdds.server.OzoneProtocolMessageDispatcher.processRequest(OzoneProtocolMessageDispatcher.java:87) [hdds-server-framework-1.3.0-SNAPSHOT.jar:?]
	at org.apache.hadoop.ozone.protocolPB.OzoneManagerProtocolServerSideTranslatorPB.submitRequest(OzoneManagerProtocolServerSideTranslatorPB.java:147) [ozone-manager-1.3.0-SNAPSHOT.jar:?]
	at org.apache.hadoop.ozone.protocol.proto.OzoneManagerProtocolProtos$OzoneManagerService$2.callBlockingMethod(OzoneManagerProtocolProtos.java) [ozone-interface-client-1.3.0-SNAPSHOT.jar:?]
	at org.apache.hadoop.ipc.ProtobufRpcEngine$Server.processCall(ProtobufRpcEngine.java:466) [hadoop-common-3.3.1.jar:?]
	at org.apache.hadoop.ipc.ProtobufRpcEngine2$Server$ProtoBufRpcInvoker.call(ProtobufRpcEngine2.java:574) [hadoop-common-3.3.1.jar:?]
	at org.apache.hadoop.ipc.ProtobufRpcEngine2$Server$ProtoBufRpcInvoker.call(ProtobufRpcEngine2.java:552) [hadoop-common-3.3.1.jar:?]
	at org.apache.hadoop.ipc.RPC$Server.call(RPC.java:1093) [hadoop-common-3.3.1.jar:?]
	at org.apache.hadoop.ipc.Server$RpcCall.run(Server.java:1035) [hadoop-common-3.3.1.jar:?]
	at org.apache.hadoop.ipc.Server$RpcCall.run(Server.java:963) [hadoop-common-3.3.1.jar:?]
	at java.security.AccessController.doPrivileged(Native Method) ~[?:1.8.0_332]
	at javax.security.auth.Subject.doAs(Subject.java:422) [?:1.8.0_332]
	at org.apache.hadoop.security.UserGroupInformation.doAs(UserGroupInformation.java:1878) [hadoop-common-3.3.1.jar:?]
	at org.apache.hadoop.ipc.Server$Handler.run(Server.java:2966) [hadoop-common-3.3.1.jar:?]
07:22:26.994 [IPC Server handler 13 on default port 38347] ERROR OMAudit - user=runner | ip=127.0.0.1 | op=GET_FILE_STATUS {volume=volume93372, bucket=bucket84028, key=testBatchDelete/parent, dataSize=0, replicationConfig=null} | ret=FAILURE
org.apache.hadoop.ozone.om.exceptions.OMException: Unable to get file status: volume: volume93372 bucket: bucket84028 key: testBatchDelete/parent
	at org.apache.hadoop.ozone.om.KeyManagerImpl.getOzoneFileStatus(KeyManagerImpl.java:1311) ~[ozone-manager-1.3.0-SNAPSHOT.jar:?]
	at org.apache.hadoop.ozone.om.KeyManagerImpl.getFileStatus(KeyManagerImpl.java:1241) ~[ozone-manager-1.3.0-SNAPSHOT.jar:?]
	at org.apache.hadoop.ozone.om.OzoneManager.getFileStatus(OzoneManager.java:3419) ~[ozone-manager-1.3.0-SNAPSHOT.jar:?]
	at org.apache.hadoop.ozone.protocolPB.OzoneManagerRequestHandler.getOzoneFileStatus(OzoneManagerRequestHandler.java:871) ~[ozone-manager-1.3.0-SNAPSHOT.jar:?]
	at org.apache.hadoop.ozone.protocolPB.OzoneManagerRequestHandler.handleReadRequest(OzoneManagerRequestHandler.java:217) ~[ozone-manager-1.3.0-SNAPSHOT.jar:?]
	at org.apache.hadoop.ozone.protocolPB.OzoneManagerProtocolServerSideTranslatorPB.submitRequestDirectlyToOM(OzoneManagerProtocolServerSideTranslatorPB.java:276) ~[ozone-manager-1.3.0-SNAPSHOT.jar:?]
	at org.apache.hadoop.ozone.protocolPB.OzoneManagerProtocolServerSideTranslatorPB.processRequest(OzoneManagerProtocolServerSideTranslatorPB.java:205) ~[ozone-manager-1.3.0-SNAPSHOT.jar:?]
	at org.apache.hadoop.hdds.server.OzoneProtocolMessageDispatcher.processRequest(OzoneProtocolMessageDispatcher.java:87) [hdds-server-framework-1.3.0-SNAPSHOT.jar:?]
	at org.apache.hadoop.ozone.protocolPB.OzoneManagerProtocolServerSideTranslatorPB.submitRequest(OzoneManagerProtocolServerSideTranslatorPB.java:147) [ozone-manager-1.3.0-SNAPSHOT.jar:?]
	at org.apache.hadoop.ozone.protocol.proto.OzoneManagerProtocolProtos$OzoneManagerService$2.callBlockingMethod(OzoneManagerProtocolProtos.java) [ozone-interface-client-1.3.0-SNAPSHOT.jar:?]
	at org.apache.hadoop.ipc.ProtobufRpcEngine$Server.processCall(ProtobufRpcEngine.java:466) [hadoop-common-3.3.1.jar:?]
	at org.apache.hadoop.ipc.ProtobufRpcEngine2$Server$ProtoBufRpcInvoker.call(ProtobufRpcEngine2.java:574) [hadoop-common-3.3.1.jar:?]
	at org.apache.hadoop.ipc.ProtobufRpcEngine2$Server$ProtoBufRpcInvoker.call(ProtobufRpcEngine2.java:552) [hadoop-common-3.3.1.jar:?]
	at org.apache.hadoop.ipc.RPC$Server.call(RPC.java:1093) [hadoop-common-3.3.1.jar:?]
	at org.apache.hadoop.ipc.Server$RpcCall.run(Server.java:1035) [hadoop-common-3.3.1.jar:?]
	at org.apache.hadoop.ipc.Server$RpcCall.run(Server.java:963) [hadoop-common-3.3.1.jar:?]
	at java.security.AccessController.doPrivileged(Native Method) ~[?:1.8.0_332]
	at javax.security.auth.Subject.doAs(Subject.java:422) [?:1.8.0_332]
	at org.apache.hadoop.security.UserGroupInformation.doAs(UserGroupInformation.java:1878) [hadoop-common-3.3.1.jar:?]
	at org.apache.hadoop.ipc.Server$Handler.run(Server.java:2966) [hadoop-common-3.3.1.jar:?]
2022-07-02 07:22:26,995 [Time-limited test] WARN  ozone.BasicRootedOzoneFileSystem (BasicRootedOzoneFileSystem.java:delete(572)) - delete: Path does not exist: /volume93372/bucket84028/testBatchDelete/parent
2022-07-02 07:22:27,001 [Trash Emptier] WARN  om.TrashPolicyOzone (TrashPolicyOzone.java:run(239)) - RuntimeException during Trash.Emptier.run(): 
java.lang.NullPointerException
	at org.apache.hadoop.ozone.om.TrashOzoneFileSystem.getTrashRoots(TrashOzoneFileSystem.java:312)
	at org.apache.hadoop.ozone.om.TrashPolicyOzone$Emptier.run(TrashPolicyOzone.java:214)
	at java.lang.Thread.run(Thread.java:750)
]]></system-out>
  </testcase>
  <testcase name="testFileDelete" classname="TestRootedOzoneFileSystem" time="0.374">
    <system-out><![CDATA[2022-07-02 07:24:03,073 [Time-limited test] INFO  rpc.RpcClient (RpcClient.java:createVolume(466)) - Creating Volume: volume59534, with user81021 as owner and space quota set to -1 bytes, counts quota set to -1
2022-07-02 07:24:03,075 [OM StateMachine ApplyTransaction Thread - 0] INFO  volume.OMVolumeCreateRequest (OMVolumeCreateRequest.java:validateAndUpdateCache(195)) - created volume:volume59534 for user:user81021
2022-07-02 07:24:03,076 [Time-limited test] INFO  rpc.RpcClient (RpcClient.java:createBucket(669)) - Creating Bucket: volume59534/bucket57310, with bucket layout LEGACY, runner as owner, Versioning false, Storage Type set to DISK and Encryption set to false 
2022-07-02 07:24:03,080 [OM StateMachine ApplyTransaction Thread - 0] INFO  bucket.OMBucketCreateRequest (OMBucketCreateRequest.java:validateAndUpdateCache(260)) - created bucket: bucket57310 of layout LEGACY in volume: volume59534
07:24:03.249 [IPC Server handler 1 on default port 38259] ERROR OMAudit - user=runner | ip=127.0.0.1 | op=GET_FILE_STATUS {volume=volume59534, bucket=bucket57310, key=testBatchDelete, dataSize=0, replicationConfig=null} | ret=FAILURE
org.apache.hadoop.ozone.om.exceptions.OMException: Unable to get file status: volume: volume59534 bucket: bucket57310 key: testBatchDelete
	at org.apache.hadoop.ozone.om.KeyManagerImpl.getOzoneFileStatus(KeyManagerImpl.java:1311) ~[ozone-manager-1.3.0-SNAPSHOT.jar:?]
	at org.apache.hadoop.ozone.om.KeyManagerImpl.getFileStatus(KeyManagerImpl.java:1241) ~[ozone-manager-1.3.0-SNAPSHOT.jar:?]
	at org.apache.hadoop.ozone.om.OzoneManager.getFileStatus(OzoneManager.java:3419) ~[ozone-manager-1.3.0-SNAPSHOT.jar:?]
	at org.apache.hadoop.ozone.protocolPB.OzoneManagerRequestHandler.getOzoneFileStatus(OzoneManagerRequestHandler.java:871) ~[ozone-manager-1.3.0-SNAPSHOT.jar:?]
	at org.apache.hadoop.ozone.protocolPB.OzoneManagerRequestHandler.handleReadRequest(OzoneManagerRequestHandler.java:217) ~[ozone-manager-1.3.0-SNAPSHOT.jar:?]
	at org.apache.hadoop.ozone.protocolPB.OzoneManagerProtocolServerSideTranslatorPB.submitReadRequestToOM(OzoneManagerProtocolServerSideTranslatorPB.java:226) ~[ozone-manager-1.3.0-SNAPSHOT.jar:?]
	at org.apache.hadoop.ozone.protocolPB.OzoneManagerProtocolServerSideTranslatorPB.processRequest(OzoneManagerProtocolServerSideTranslatorPB.java:175) ~[ozone-manager-1.3.0-SNAPSHOT.jar:?]
	at org.apache.hadoop.hdds.server.OzoneProtocolMessageDispatcher.processRequest(OzoneProtocolMessageDispatcher.java:87) [hdds-server-framework-1.3.0-SNAPSHOT.jar:?]
	at org.apache.hadoop.ozone.protocolPB.OzoneManagerProtocolServerSideTranslatorPB.submitRequest(OzoneManagerProtocolServerSideTranslatorPB.java:147) [ozone-manager-1.3.0-SNAPSHOT.jar:?]
	at org.apache.hadoop.ozone.protocol.proto.OzoneManagerProtocolProtos$OzoneManagerService$2.callBlockingMethod(OzoneManagerProtocolProtos.java) [ozone-interface-client-1.3.0-SNAPSHOT.jar:?]
	at org.apache.hadoop.ipc.ProtobufRpcEngine$Server.processCall(ProtobufRpcEngine.java:466) [hadoop-common-3.3.1.jar:?]
	at org.apache.hadoop.ipc.ProtobufRpcEngine2$Server$ProtoBufRpcInvoker.call(ProtobufRpcEngine2.java:574) [hadoop-common-3.3.1.jar:?]
	at org.apache.hadoop.ipc.ProtobufRpcEngine2$Server$ProtoBufRpcInvoker.call(ProtobufRpcEngine2.java:552) [hadoop-common-3.3.1.jar:?]
	at org.apache.hadoop.ipc.RPC$Server.call(RPC.java:1093) [hadoop-common-3.3.1.jar:?]
	at org.apache.hadoop.ipc.Server$RpcCall.run(Server.java:1035) [hadoop-common-3.3.1.jar:?]
	at org.apache.hadoop.ipc.Server$RpcCall.run(Server.java:963) [hadoop-common-3.3.1.jar:?]
	at java.security.AccessController.doPrivileged(Native Method) ~[?:1.8.0_332]
	at javax.security.auth.Subject.doAs(Subject.java:422) [?:1.8.0_332]
	at org.apache.hadoop.security.UserGroupInformation.doAs(UserGroupInformation.java:1878) [hadoop-common-3.3.1.jar:?]
	at org.apache.hadoop.ipc.Server$Handler.run(Server.java:2966) [hadoop-common-3.3.1.jar:?]
07:24:03.256 [IPC Server handler 18 on default port 38259] ERROR OMAudit - user=runner | ip=127.0.0.1 | op=GET_FILE_STATUS {volume=volume59534, bucket=bucket57310, key=testBatchDelete/parent/child0, dataSize=0, replicationConfig=null} | ret=FAILURE
org.apache.hadoop.ozone.om.exceptions.OMException: Unable to get file status: volume: volume59534 bucket: bucket57310 key: testBatchDelete/parent/child0
	at org.apache.hadoop.ozone.om.KeyManagerImpl.getOzoneFileStatus(KeyManagerImpl.java:1311) ~[ozone-manager-1.3.0-SNAPSHOT.jar:?]
	at org.apache.hadoop.ozone.om.KeyManagerImpl.getFileStatus(KeyManagerImpl.java:1241) ~[ozone-manager-1.3.0-SNAPSHOT.jar:?]
	at org.apache.hadoop.ozone.om.OzoneManager.getFileStatus(OzoneManager.java:3419) ~[ozone-manager-1.3.0-SNAPSHOT.jar:?]
	at org.apache.hadoop.ozone.protocolPB.OzoneManagerRequestHandler.getOzoneFileStatus(OzoneManagerRequestHandler.java:871) ~[ozone-manager-1.3.0-SNAPSHOT.jar:?]
	at org.apache.hadoop.ozone.protocolPB.OzoneManagerRequestHandler.handleReadRequest(OzoneManagerRequestHandler.java:217) ~[ozone-manager-1.3.0-SNAPSHOT.jar:?]
	at org.apache.hadoop.ozone.protocolPB.OzoneManagerProtocolServerSideTranslatorPB.submitReadRequestToOM(OzoneManagerProtocolServerSideTranslatorPB.java:226) ~[ozone-manager-1.3.0-SNAPSHOT.jar:?]
	at org.apache.hadoop.ozone.protocolPB.OzoneManagerProtocolServerSideTranslatorPB.processRequest(OzoneManagerProtocolServerSideTranslatorPB.java:175) ~[ozone-manager-1.3.0-SNAPSHOT.jar:?]
	at org.apache.hadoop.hdds.server.OzoneProtocolMessageDispatcher.processRequest(OzoneProtocolMessageDispatcher.java:87) [hdds-server-framework-1.3.0-SNAPSHOT.jar:?]
	at org.apache.hadoop.ozone.protocolPB.OzoneManagerProtocolServerSideTranslatorPB.submitRequest(OzoneManagerProtocolServerSideTranslatorPB.java:147) [ozone-manager-1.3.0-SNAPSHOT.jar:?]
	at org.apache.hadoop.ozone.protocol.proto.OzoneManagerProtocolProtos$OzoneManagerService$2.callBlockingMethod(OzoneManagerProtocolProtos.java) [ozone-interface-client-1.3.0-SNAPSHOT.jar:?]
	at org.apache.hadoop.ipc.ProtobufRpcEngine$Server.processCall(ProtobufRpcEngine.java:466) [hadoop-common-3.3.1.jar:?]
	at org.apache.hadoop.ipc.ProtobufRpcEngine2$Server$ProtoBufRpcInvoker.call(ProtobufRpcEngine2.java:574) [hadoop-common-3.3.1.jar:?]
	at org.apache.hadoop.ipc.ProtobufRpcEngine2$Server$ProtoBufRpcInvoker.call(ProtobufRpcEngine2.java:552) [hadoop-common-3.3.1.jar:?]
	at org.apache.hadoop.ipc.RPC$Server.call(RPC.java:1093) [hadoop-common-3.3.1.jar:?]
	at org.apache.hadoop.ipc.Server$RpcCall.run(Server.java:1035) [hadoop-common-3.3.1.jar:?]
	at org.apache.hadoop.ipc.Server$RpcCall.run(Server.java:963) [hadoop-common-3.3.1.jar:?]
	at java.security.AccessController.doPrivileged(Native Method) ~[?:1.8.0_332]
	at javax.security.auth.Subject.doAs(Subject.java:422) [?:1.8.0_332]
	at org.apache.hadoop.security.UserGroupInformation.doAs(UserGroupInformation.java:1878) [hadoop-common-3.3.1.jar:?]
	at org.apache.hadoop.ipc.Server$Handler.run(Server.java:2966) [hadoop-common-3.3.1.jar:?]
07:24:03.261 [IPC Server handler 15 on default port 38259] ERROR OMAudit - user=runner | ip=127.0.0.1 | op=GET_FILE_STATUS {volume=volume59534, bucket=bucket57310, key=testBatchDelete/parent/childFolder/child0, dataSize=0, replicationConfig=null} | ret=FAILURE
org.apache.hadoop.ozone.om.exceptions.OMException: Unable to get file status: volume: volume59534 bucket: bucket57310 key: testBatchDelete/parent/childFolder/child0
	at org.apache.hadoop.ozone.om.KeyManagerImpl.getOzoneFileStatus(KeyManagerImpl.java:1311) ~[ozone-manager-1.3.0-SNAPSHOT.jar:?]
	at org.apache.hadoop.ozone.om.KeyManagerImpl.getFileStatus(KeyManagerImpl.java:1241) ~[ozone-manager-1.3.0-SNAPSHOT.jar:?]
	at org.apache.hadoop.ozone.om.OzoneManager.getFileStatus(OzoneManager.java:3419) ~[ozone-manager-1.3.0-SNAPSHOT.jar:?]
	at org.apache.hadoop.ozone.protocolPB.OzoneManagerRequestHandler.getOzoneFileStatus(OzoneManagerRequestHandler.java:871) ~[ozone-manager-1.3.0-SNAPSHOT.jar:?]
	at org.apache.hadoop.ozone.protocolPB.OzoneManagerRequestHandler.handleReadRequest(OzoneManagerRequestHandler.java:217) ~[ozone-manager-1.3.0-SNAPSHOT.jar:?]
	at org.apache.hadoop.ozone.protocolPB.OzoneManagerProtocolServerSideTranslatorPB.submitReadRequestToOM(OzoneManagerProtocolServerSideTranslatorPB.java:226) ~[ozone-manager-1.3.0-SNAPSHOT.jar:?]
	at org.apache.hadoop.ozone.protocolPB.OzoneManagerProtocolServerSideTranslatorPB.processRequest(OzoneManagerProtocolServerSideTranslatorPB.java:175) ~[ozone-manager-1.3.0-SNAPSHOT.jar:?]
	at org.apache.hadoop.hdds.server.OzoneProtocolMessageDispatcher.processRequest(OzoneProtocolMessageDispatcher.java:87) [hdds-server-framework-1.3.0-SNAPSHOT.jar:?]
	at org.apache.hadoop.ozone.protocolPB.OzoneManagerProtocolServerSideTranslatorPB.submitRequest(OzoneManagerProtocolServerSideTranslatorPB.java:147) [ozone-manager-1.3.0-SNAPSHOT.jar:?]
	at org.apache.hadoop.ozone.protocol.proto.OzoneManagerProtocolProtos$OzoneManagerService$2.callBlockingMethod(OzoneManagerProtocolProtos.java) [ozone-interface-client-1.3.0-SNAPSHOT.jar:?]
	at org.apache.hadoop.ipc.ProtobufRpcEngine$Server.processCall(ProtobufRpcEngine.java:466) [hadoop-common-3.3.1.jar:?]
	at org.apache.hadoop.ipc.ProtobufRpcEngine2$Server$ProtoBufRpcInvoker.call(ProtobufRpcEngine2.java:574) [hadoop-common-3.3.1.jar:?]
	at org.apache.hadoop.ipc.ProtobufRpcEngine2$Server$ProtoBufRpcInvoker.call(ProtobufRpcEngine2.java:552) [hadoop-common-3.3.1.jar:?]
	at org.apache.hadoop.ipc.RPC$Server.call(RPC.java:1093) [hadoop-common-3.3.1.jar:?]
	at org.apache.hadoop.ipc.Server$RpcCall.run(Server.java:1035) [hadoop-common-3.3.1.jar:?]
	at org.apache.hadoop.ipc.Server$RpcCall.run(Server.java:963) [hadoop-common-3.3.1.jar:?]
	at java.security.AccessController.doPrivileged(Native Method) ~[?:1.8.0_332]
	at javax.security.auth.Subject.doAs(Subject.java:422) [?:1.8.0_332]
	at org.apache.hadoop.security.UserGroupInformation.doAs(UserGroupInformation.java:1878) [hadoop-common-3.3.1.jar:?]
	at org.apache.hadoop.ipc.Server$Handler.run(Server.java:2966) [hadoop-common-3.3.1.jar:?]
07:24:03.277 [IPC Server handler 10 on default port 38259] ERROR OMAudit - user=runner | ip=127.0.0.1 | op=GET_FILE_STATUS {volume=volume59534, bucket=bucket57310, key=testBatchDelete/parent/child1, dataSize=0, replicationConfig=null} | ret=FAILURE
org.apache.hadoop.ozone.om.exceptions.OMException: Unable to get file status: volume: volume59534 bucket: bucket57310 key: testBatchDelete/parent/child1
	at org.apache.hadoop.ozone.om.KeyManagerImpl.getOzoneFileStatus(KeyManagerImpl.java:1311) ~[ozone-manager-1.3.0-SNAPSHOT.jar:?]
	at org.apache.hadoop.ozone.om.KeyManagerImpl.getFileStatus(KeyManagerImpl.java:1241) ~[ozone-manager-1.3.0-SNAPSHOT.jar:?]
	at org.apache.hadoop.ozone.om.OzoneManager.getFileStatus(OzoneManager.java:3419) ~[ozone-manager-1.3.0-SNAPSHOT.jar:?]
	at org.apache.hadoop.ozone.protocolPB.OzoneManagerRequestHandler.getOzoneFileStatus(OzoneManagerRequestHandler.java:871) ~[ozone-manager-1.3.0-SNAPSHOT.jar:?]
	at org.apache.hadoop.ozone.protocolPB.OzoneManagerRequestHandler.handleReadRequest(OzoneManagerRequestHandler.java:217) ~[ozone-manager-1.3.0-SNAPSHOT.jar:?]
	at org.apache.hadoop.ozone.protocolPB.OzoneManagerProtocolServerSideTranslatorPB.submitReadRequestToOM(OzoneManagerProtocolServerSideTranslatorPB.java:226) ~[ozone-manager-1.3.0-SNAPSHOT.jar:?]
	at org.apache.hadoop.ozone.protocolPB.OzoneManagerProtocolServerSideTranslatorPB.processRequest(OzoneManagerProtocolServerSideTranslatorPB.java:175) ~[ozone-manager-1.3.0-SNAPSHOT.jar:?]
	at org.apache.hadoop.hdds.server.OzoneProtocolMessageDispatcher.processRequest(OzoneProtocolMessageDispatcher.java:87) [hdds-server-framework-1.3.0-SNAPSHOT.jar:?]
	at org.apache.hadoop.ozone.protocolPB.OzoneManagerProtocolServerSideTranslatorPB.submitRequest(OzoneManagerProtocolServerSideTranslatorPB.java:147) [ozone-manager-1.3.0-SNAPSHOT.jar:?]
	at org.apache.hadoop.ozone.protocol.proto.OzoneManagerProtocolProtos$OzoneManagerService$2.callBlockingMethod(OzoneManagerProtocolProtos.java) [ozone-interface-client-1.3.0-SNAPSHOT.jar:?]
	at org.apache.hadoop.ipc.ProtobufRpcEngine$Server.processCall(ProtobufRpcEngine.java:466) [hadoop-common-3.3.1.jar:?]
	at org.apache.hadoop.ipc.ProtobufRpcEngine2$Server$ProtoBufRpcInvoker.call(ProtobufRpcEngine2.java:574) [hadoop-common-3.3.1.jar:?]
	at org.apache.hadoop.ipc.ProtobufRpcEngine2$Server$ProtoBufRpcInvoker.call(ProtobufRpcEngine2.java:552) [hadoop-common-3.3.1.jar:?]
	at org.apache.hadoop.ipc.RPC$Server.call(RPC.java:1093) [hadoop-common-3.3.1.jar:?]
	at org.apache.hadoop.ipc.Server$RpcCall.run(Server.java:1035) [hadoop-common-3.3.1.jar:?]
	at org.apache.hadoop.ipc.Server$RpcCall.run(Server.java:963) [hadoop-common-3.3.1.jar:?]
	at java.security.AccessController.doPrivileged(Native Method) ~[?:1.8.0_332]
	at javax.security.auth.Subject.doAs(Subject.java:422) [?:1.8.0_332]
	at org.apache.hadoop.security.UserGroupInformation.doAs(UserGroupInformation.java:1878) [hadoop-common-3.3.1.jar:?]
	at org.apache.hadoop.ipc.Server$Handler.run(Server.java:2966) [hadoop-common-3.3.1.jar:?]
07:24:03.281 [IPC Server handler 14 on default port 38259] ERROR OMAudit - user=runner | ip=127.0.0.1 | op=GET_FILE_STATUS {volume=volume59534, bucket=bucket57310, key=testBatchDelete/parent/childFolder/child1, dataSize=0, replicationConfig=null} | ret=FAILURE
org.apache.hadoop.ozone.om.exceptions.OMException: Unable to get file status: volume: volume59534 bucket: bucket57310 key: testBatchDelete/parent/childFolder/child1
	at org.apache.hadoop.ozone.om.KeyManagerImpl.getOzoneFileStatus(KeyManagerImpl.java:1311) ~[ozone-manager-1.3.0-SNAPSHOT.jar:?]
	at org.apache.hadoop.ozone.om.KeyManagerImpl.getFileStatus(KeyManagerImpl.java:1241) ~[ozone-manager-1.3.0-SNAPSHOT.jar:?]
	at org.apache.hadoop.ozone.om.OzoneManager.getFileStatus(OzoneManager.java:3419) ~[ozone-manager-1.3.0-SNAPSHOT.jar:?]
	at org.apache.hadoop.ozone.protocolPB.OzoneManagerRequestHandler.getOzoneFileStatus(OzoneManagerRequestHandler.java:871) ~[ozone-manager-1.3.0-SNAPSHOT.jar:?]
	at org.apache.hadoop.ozone.protocolPB.OzoneManagerRequestHandler.handleReadRequest(OzoneManagerRequestHandler.java:217) ~[ozone-manager-1.3.0-SNAPSHOT.jar:?]
	at org.apache.hadoop.ozone.protocolPB.OzoneManagerProtocolServerSideTranslatorPB.submitReadRequestToOM(OzoneManagerProtocolServerSideTranslatorPB.java:226) ~[ozone-manager-1.3.0-SNAPSHOT.jar:?]
	at org.apache.hadoop.ozone.protocolPB.OzoneManagerProtocolServerSideTranslatorPB.processRequest(OzoneManagerProtocolServerSideTranslatorPB.java:175) ~[ozone-manager-1.3.0-SNAPSHOT.jar:?]
	at org.apache.hadoop.hdds.server.OzoneProtocolMessageDispatcher.processRequest(OzoneProtocolMessageDispatcher.java:87) [hdds-server-framework-1.3.0-SNAPSHOT.jar:?]
	at org.apache.hadoop.ozone.protocolPB.OzoneManagerProtocolServerSideTranslatorPB.submitRequest(OzoneManagerProtocolServerSideTranslatorPB.java:147) [ozone-manager-1.3.0-SNAPSHOT.jar:?]
	at org.apache.hadoop.ozone.protocol.proto.OzoneManagerProtocolProtos$OzoneManagerService$2.callBlockingMethod(OzoneManagerProtocolProtos.java) [ozone-interface-client-1.3.0-SNAPSHOT.jar:?]
	at org.apache.hadoop.ipc.ProtobufRpcEngine$Server.processCall(ProtobufRpcEngine.java:466) [hadoop-common-3.3.1.jar:?]
	at org.apache.hadoop.ipc.ProtobufRpcEngine2$Server$ProtoBufRpcInvoker.call(ProtobufRpcEngine2.java:574) [hadoop-common-3.3.1.jar:?]
	at org.apache.hadoop.ipc.ProtobufRpcEngine2$Server$ProtoBufRpcInvoker.call(ProtobufRpcEngine2.java:552) [hadoop-common-3.3.1.jar:?]
	at org.apache.hadoop.ipc.RPC$Server.call(RPC.java:1093) [hadoop-common-3.3.1.jar:?]
	at org.apache.hadoop.ipc.Server$RpcCall.run(Server.java:1035) [hadoop-common-3.3.1.jar:?]
	at org.apache.hadoop.ipc.Server$RpcCall.run(Server.java:963) [hadoop-common-3.3.1.jar:?]
	at java.security.AccessController.doPrivileged(Native Method) ~[?:1.8.0_332]
	at javax.security.auth.Subject.doAs(Subject.java:422) [?:1.8.0_332]
	at org.apache.hadoop.security.UserGroupInformation.doAs(UserGroupInformation.java:1878) [hadoop-common-3.3.1.jar:?]
	at org.apache.hadoop.ipc.Server$Handler.run(Server.java:2966) [hadoop-common-3.3.1.jar:?]
07:24:03.282 [IPC Server handler 8 on default port 38259] ERROR OMAudit - user=runner | ip=127.0.0.1 | op=GET_FILE_STATUS {volume=volume59534, bucket=bucket57310, key=testBatchDelete/parent/child2, dataSize=0, replicationConfig=null} | ret=FAILURE
org.apache.hadoop.ozone.om.exceptions.OMException: Unable to get file status: volume: volume59534 bucket: bucket57310 key: testBatchDelete/parent/child2
	at org.apache.hadoop.ozone.om.KeyManagerImpl.getOzoneFileStatus(KeyManagerImpl.java:1311) ~[ozone-manager-1.3.0-SNAPSHOT.jar:?]
	at org.apache.hadoop.ozone.om.KeyManagerImpl.getFileStatus(KeyManagerImpl.java:1241) ~[ozone-manager-1.3.0-SNAPSHOT.jar:?]
	at org.apache.hadoop.ozone.om.OzoneManager.getFileStatus(OzoneManager.java:3419) ~[ozone-manager-1.3.0-SNAPSHOT.jar:?]
	at org.apache.hadoop.ozone.protocolPB.OzoneManagerRequestHandler.getOzoneFileStatus(OzoneManagerRequestHandler.java:871) ~[ozone-manager-1.3.0-SNAPSHOT.jar:?]
	at org.apache.hadoop.ozone.protocolPB.OzoneManagerRequestHandler.handleReadRequest(OzoneManagerRequestHandler.java:217) ~[ozone-manager-1.3.0-SNAPSHOT.jar:?]
	at org.apache.hadoop.ozone.protocolPB.OzoneManagerProtocolServerSideTranslatorPB.submitReadRequestToOM(OzoneManagerProtocolServerSideTranslatorPB.java:226) ~[ozone-manager-1.3.0-SNAPSHOT.jar:?]
	at org.apache.hadoop.ozone.protocolPB.OzoneManagerProtocolServerSideTranslatorPB.processRequest(OzoneManagerProtocolServerSideTranslatorPB.java:175) ~[ozone-manager-1.3.0-SNAPSHOT.jar:?]
	at org.apache.hadoop.hdds.server.OzoneProtocolMessageDispatcher.processRequest(OzoneProtocolMessageDispatcher.java:87) [hdds-server-framework-1.3.0-SNAPSHOT.jar:?]
	at org.apache.hadoop.ozone.protocolPB.OzoneManagerProtocolServerSideTranslatorPB.submitRequest(OzoneManagerProtocolServerSideTranslatorPB.java:147) [ozone-manager-1.3.0-SNAPSHOT.jar:?]
	at org.apache.hadoop.ozone.protocol.proto.OzoneManagerProtocolProtos$OzoneManagerService$2.callBlockingMethod(OzoneManagerProtocolProtos.java) [ozone-interface-client-1.3.0-SNAPSHOT.jar:?]
	at org.apache.hadoop.ipc.ProtobufRpcEngine$Server.processCall(ProtobufRpcEngine.java:466) [hadoop-common-3.3.1.jar:?]
	at org.apache.hadoop.ipc.ProtobufRpcEngine2$Server$ProtoBufRpcInvoker.call(ProtobufRpcEngine2.java:574) [hadoop-common-3.3.1.jar:?]
	at org.apache.hadoop.ipc.ProtobufRpcEngine2$Server$ProtoBufRpcInvoker.call(ProtobufRpcEngine2.java:552) [hadoop-common-3.3.1.jar:?]
	at org.apache.hadoop.ipc.RPC$Server.call(RPC.java:1093) [hadoop-common-3.3.1.jar:?]
	at org.apache.hadoop.ipc.Server$RpcCall.run(Server.java:1035) [hadoop-common-3.3.1.jar:?]
	at org.apache.hadoop.ipc.Server$RpcCall.run(Server.java:963) [hadoop-common-3.3.1.jar:?]
	at java.security.AccessController.doPrivileged(Native Method) ~[?:1.8.0_332]
	at javax.security.auth.Subject.doAs(Subject.java:422) [?:1.8.0_332]
	at org.apache.hadoop.security.UserGroupInformation.doAs(UserGroupInformation.java:1878) [hadoop-common-3.3.1.jar:?]
	at org.apache.hadoop.ipc.Server$Handler.run(Server.java:2966) [hadoop-common-3.3.1.jar:?]
07:24:03.283 [IPC Server handler 5 on default port 38259] ERROR OMAudit - user=runner | ip=127.0.0.1 | op=GET_FILE_STATUS {volume=volume59534, bucket=bucket57310, key=testBatchDelete/parent/childFolder/child2, dataSize=0, replicationConfig=null} | ret=FAILURE
org.apache.hadoop.ozone.om.exceptions.OMException: Unable to get file status: volume: volume59534 bucket: bucket57310 key: testBatchDelete/parent/childFolder/child2
	at org.apache.hadoop.ozone.om.KeyManagerImpl.getOzoneFileStatus(KeyManagerImpl.java:1311) ~[ozone-manager-1.3.0-SNAPSHOT.jar:?]
	at org.apache.hadoop.ozone.om.KeyManagerImpl.getFileStatus(KeyManagerImpl.java:1241) ~[ozone-manager-1.3.0-SNAPSHOT.jar:?]
	at org.apache.hadoop.ozone.om.OzoneManager.getFileStatus(OzoneManager.java:3419) ~[ozone-manager-1.3.0-SNAPSHOT.jar:?]
	at org.apache.hadoop.ozone.protocolPB.OzoneManagerRequestHandler.getOzoneFileStatus(OzoneManagerRequestHandler.java:871) ~[ozone-manager-1.3.0-SNAPSHOT.jar:?]
	at org.apache.hadoop.ozone.protocolPB.OzoneManagerRequestHandler.handleReadRequest(OzoneManagerRequestHandler.java:217) ~[ozone-manager-1.3.0-SNAPSHOT.jar:?]
	at org.apache.hadoop.ozone.protocolPB.OzoneManagerProtocolServerSideTranslatorPB.submitReadRequestToOM(OzoneManagerProtocolServerSideTranslatorPB.java:226) ~[ozone-manager-1.3.0-SNAPSHOT.jar:?]
	at org.apache.hadoop.ozone.protocolPB.OzoneManagerProtocolServerSideTranslatorPB.processRequest(OzoneManagerProtocolServerSideTranslatorPB.java:175) ~[ozone-manager-1.3.0-SNAPSHOT.jar:?]
	at org.apache.hadoop.hdds.server.OzoneProtocolMessageDispatcher.processRequest(OzoneProtocolMessageDispatcher.java:87) [hdds-server-framework-1.3.0-SNAPSHOT.jar:?]
	at org.apache.hadoop.ozone.protocolPB.OzoneManagerProtocolServerSideTranslatorPB.submitRequest(OzoneManagerProtocolServerSideTranslatorPB.java:147) [ozone-manager-1.3.0-SNAPSHOT.jar:?]
	at org.apache.hadoop.ozone.protocol.proto.OzoneManagerProtocolProtos$OzoneManagerService$2.callBlockingMethod(OzoneManagerProtocolProtos.java) [ozone-interface-client-1.3.0-SNAPSHOT.jar:?]
	at org.apache.hadoop.ipc.ProtobufRpcEngine$Server.processCall(ProtobufRpcEngine.java:466) [hadoop-common-3.3.1.jar:?]
	at org.apache.hadoop.ipc.ProtobufRpcEngine2$Server$ProtoBufRpcInvoker.call(ProtobufRpcEngine2.java:574) [hadoop-common-3.3.1.jar:?]
	at org.apache.hadoop.ipc.ProtobufRpcEngine2$Server$ProtoBufRpcInvoker.call(ProtobufRpcEngine2.java:552) [hadoop-common-3.3.1.jar:?]
	at org.apache.hadoop.ipc.RPC$Server.call(RPC.java:1093) [hadoop-common-3.3.1.jar:?]
	at org.apache.hadoop.ipc.Server$RpcCall.run(Server.java:1035) [hadoop-common-3.3.1.jar:?]
	at org.apache.hadoop.ipc.Server$RpcCall.run(Server.java:963) [hadoop-common-3.3.1.jar:?]
	at java.security.AccessController.doPrivileged(Native Method) ~[?:1.8.0_332]
	at javax.security.auth.Subject.doAs(Subject.java:422) [?:1.8.0_332]
	at org.apache.hadoop.security.UserGroupInformation.doAs(UserGroupInformation.java:1878) [hadoop-common-3.3.1.jar:?]
	at org.apache.hadoop.ipc.Server$Handler.run(Server.java:2966) [hadoop-common-3.3.1.jar:?]
07:24:03.284 [IPC Server handler 3 on default port 38259] ERROR OMAudit - user=runner | ip=127.0.0.1 | op=GET_FILE_STATUS {volume=volume59534, bucket=bucket57310, key=testBatchDelete/parent/child3, dataSize=0, replicationConfig=null} | ret=FAILURE
org.apache.hadoop.ozone.om.exceptions.OMException: Unable to get file status: volume: volume59534 bucket: bucket57310 key: testBatchDelete/parent/child3
	at org.apache.hadoop.ozone.om.KeyManagerImpl.getOzoneFileStatus(KeyManagerImpl.java:1311) ~[ozone-manager-1.3.0-SNAPSHOT.jar:?]
	at org.apache.hadoop.ozone.om.KeyManagerImpl.getFileStatus(KeyManagerImpl.java:1241) ~[ozone-manager-1.3.0-SNAPSHOT.jar:?]
	at org.apache.hadoop.ozone.om.OzoneManager.getFileStatus(OzoneManager.java:3419) ~[ozone-manager-1.3.0-SNAPSHOT.jar:?]
	at org.apache.hadoop.ozone.protocolPB.OzoneManagerRequestHandler.getOzoneFileStatus(OzoneManagerRequestHandler.java:871) ~[ozone-manager-1.3.0-SNAPSHOT.jar:?]
	at org.apache.hadoop.ozone.protocolPB.OzoneManagerRequestHandler.handleReadRequest(OzoneManagerRequestHandler.java:217) ~[ozone-manager-1.3.0-SNAPSHOT.jar:?]
	at org.apache.hadoop.ozone.protocolPB.OzoneManagerProtocolServerSideTranslatorPB.submitReadRequestToOM(OzoneManagerProtocolServerSideTranslatorPB.java:226) ~[ozone-manager-1.3.0-SNAPSHOT.jar:?]
	at org.apache.hadoop.ozone.protocolPB.OzoneManagerProtocolServerSideTranslatorPB.processRequest(OzoneManagerProtocolServerSideTranslatorPB.java:175) ~[ozone-manager-1.3.0-SNAPSHOT.jar:?]
	at org.apache.hadoop.hdds.server.OzoneProtocolMessageDispatcher.processRequest(OzoneProtocolMessageDispatcher.java:87) [hdds-server-framework-1.3.0-SNAPSHOT.jar:?]
	at org.apache.hadoop.ozone.protocolPB.OzoneManagerProtocolServerSideTranslatorPB.submitRequest(OzoneManagerProtocolServerSideTranslatorPB.java:147) [ozone-manager-1.3.0-SNAPSHOT.jar:?]
	at org.apache.hadoop.ozone.protocol.proto.OzoneManagerProtocolProtos$OzoneManagerService$2.callBlockingMethod(OzoneManagerProtocolProtos.java) [ozone-interface-client-1.3.0-SNAPSHOT.jar:?]
	at org.apache.hadoop.ipc.ProtobufRpcEngine$Server.processCall(ProtobufRpcEngine.java:466) [hadoop-common-3.3.1.jar:?]
	at org.apache.hadoop.ipc.ProtobufRpcEngine2$Server$ProtoBufRpcInvoker.call(ProtobufRpcEngine2.java:574) [hadoop-common-3.3.1.jar:?]
	at org.apache.hadoop.ipc.ProtobufRpcEngine2$Server$ProtoBufRpcInvoker.call(ProtobufRpcEngine2.java:552) [hadoop-common-3.3.1.jar:?]
	at org.apache.hadoop.ipc.RPC$Server.call(RPC.java:1093) [hadoop-common-3.3.1.jar:?]
	at org.apache.hadoop.ipc.Server$RpcCall.run(Server.java:1035) [hadoop-common-3.3.1.jar:?]
	at org.apache.hadoop.ipc.Server$RpcCall.run(Server.java:963) [hadoop-common-3.3.1.jar:?]
	at java.security.AccessController.doPrivileged(Native Method) ~[?:1.8.0_332]
	at javax.security.auth.Subject.doAs(Subject.java:422) [?:1.8.0_332]
	at org.apache.hadoop.security.UserGroupInformation.doAs(UserGroupInformation.java:1878) [hadoop-common-3.3.1.jar:?]
	at org.apache.hadoop.ipc.Server$Handler.run(Server.java:2966) [hadoop-common-3.3.1.jar:?]
07:24:03.285 [IPC Server handler 2 on default port 38259] ERROR OMAudit - user=runner | ip=127.0.0.1 | op=GET_FILE_STATUS {volume=volume59534, bucket=bucket57310, key=testBatchDelete/parent/childFolder/child3, dataSize=0, replicationConfig=null} | ret=FAILURE
org.apache.hadoop.ozone.om.exceptions.OMException: Unable to get file status: volume: volume59534 bucket: bucket57310 key: testBatchDelete/parent/childFolder/child3
	at org.apache.hadoop.ozone.om.KeyManagerImpl.getOzoneFileStatus(KeyManagerImpl.java:1311) ~[ozone-manager-1.3.0-SNAPSHOT.jar:?]
	at org.apache.hadoop.ozone.om.KeyManagerImpl.getFileStatus(KeyManagerImpl.java:1241) ~[ozone-manager-1.3.0-SNAPSHOT.jar:?]
	at org.apache.hadoop.ozone.om.OzoneManager.getFileStatus(OzoneManager.java:3419) ~[ozone-manager-1.3.0-SNAPSHOT.jar:?]
	at org.apache.hadoop.ozone.protocolPB.OzoneManagerRequestHandler.getOzoneFileStatus(OzoneManagerRequestHandler.java:871) ~[ozone-manager-1.3.0-SNAPSHOT.jar:?]
	at org.apache.hadoop.ozone.protocolPB.OzoneManagerRequestHandler.handleReadRequest(OzoneManagerRequestHandler.java:217) ~[ozone-manager-1.3.0-SNAPSHOT.jar:?]
	at org.apache.hadoop.ozone.protocolPB.OzoneManagerProtocolServerSideTranslatorPB.submitReadRequestToOM(OzoneManagerProtocolServerSideTranslatorPB.java:226) ~[ozone-manager-1.3.0-SNAPSHOT.jar:?]
	at org.apache.hadoop.ozone.protocolPB.OzoneManagerProtocolServerSideTranslatorPB.processRequest(OzoneManagerProtocolServerSideTranslatorPB.java:175) ~[ozone-manager-1.3.0-SNAPSHOT.jar:?]
	at org.apache.hadoop.hdds.server.OzoneProtocolMessageDispatcher.processRequest(OzoneProtocolMessageDispatcher.java:87) [hdds-server-framework-1.3.0-SNAPSHOT.jar:?]
	at org.apache.hadoop.ozone.protocolPB.OzoneManagerProtocolServerSideTranslatorPB.submitRequest(OzoneManagerProtocolServerSideTranslatorPB.java:147) [ozone-manager-1.3.0-SNAPSHOT.jar:?]
	at org.apache.hadoop.ozone.protocol.proto.OzoneManagerProtocolProtos$OzoneManagerService$2.callBlockingMethod(OzoneManagerProtocolProtos.java) [ozone-interface-client-1.3.0-SNAPSHOT.jar:?]
	at org.apache.hadoop.ipc.ProtobufRpcEngine$Server.processCall(ProtobufRpcEngine.java:466) [hadoop-common-3.3.1.jar:?]
	at org.apache.hadoop.ipc.ProtobufRpcEngine2$Server$ProtoBufRpcInvoker.call(ProtobufRpcEngine2.java:574) [hadoop-common-3.3.1.jar:?]
	at org.apache.hadoop.ipc.ProtobufRpcEngine2$Server$ProtoBufRpcInvoker.call(ProtobufRpcEngine2.java:552) [hadoop-common-3.3.1.jar:?]
	at org.apache.hadoop.ipc.RPC$Server.call(RPC.java:1093) [hadoop-common-3.3.1.jar:?]
	at org.apache.hadoop.ipc.Server$RpcCall.run(Server.java:1035) [hadoop-common-3.3.1.jar:?]
	at org.apache.hadoop.ipc.Server$RpcCall.run(Server.java:963) [hadoop-common-3.3.1.jar:?]
	at java.security.AccessController.doPrivileged(Native Method) ~[?:1.8.0_332]
	at javax.security.auth.Subject.doAs(Subject.java:422) [?:1.8.0_332]
	at org.apache.hadoop.security.UserGroupInformation.doAs(UserGroupInformation.java:1878) [hadoop-common-3.3.1.jar:?]
	at org.apache.hadoop.ipc.Server$Handler.run(Server.java:2966) [hadoop-common-3.3.1.jar:?]
07:24:03.289 [IPC Server handler 11 on default port 38259] ERROR OMAudit - user=runner | ip=127.0.0.1 | op=GET_FILE_STATUS {volume=volume59534, bucket=bucket57310, key=testBatchDelete/parent/child4, dataSize=0, replicationConfig=null} | ret=FAILURE
org.apache.hadoop.ozone.om.exceptions.OMException: Unable to get file status: volume: volume59534 bucket: bucket57310 key: testBatchDelete/parent/child4
	at org.apache.hadoop.ozone.om.KeyManagerImpl.getOzoneFileStatus(KeyManagerImpl.java:1311) ~[ozone-manager-1.3.0-SNAPSHOT.jar:?]
	at org.apache.hadoop.ozone.om.KeyManagerImpl.getFileStatus(KeyManagerImpl.java:1241) ~[ozone-manager-1.3.0-SNAPSHOT.jar:?]
	at org.apache.hadoop.ozone.om.OzoneManager.getFileStatus(OzoneManager.java:3419) ~[ozone-manager-1.3.0-SNAPSHOT.jar:?]
	at org.apache.hadoop.ozone.protocolPB.OzoneManagerRequestHandler.getOzoneFileStatus(OzoneManagerRequestHandler.java:871) ~[ozone-manager-1.3.0-SNAPSHOT.jar:?]
	at org.apache.hadoop.ozone.protocolPB.OzoneManagerRequestHandler.handleReadRequest(OzoneManagerRequestHandler.java:217) ~[ozone-manager-1.3.0-SNAPSHOT.jar:?]
	at org.apache.hadoop.ozone.protocolPB.OzoneManagerProtocolServerSideTranslatorPB.submitReadRequestToOM(OzoneManagerProtocolServerSideTranslatorPB.java:226) ~[ozone-manager-1.3.0-SNAPSHOT.jar:?]
	at org.apache.hadoop.ozone.protocolPB.OzoneManagerProtocolServerSideTranslatorPB.processRequest(OzoneManagerProtocolServerSideTranslatorPB.java:175) ~[ozone-manager-1.3.0-SNAPSHOT.jar:?]
	at org.apache.hadoop.hdds.server.OzoneProtocolMessageDispatcher.processRequest(OzoneProtocolMessageDispatcher.java:87) [hdds-server-framework-1.3.0-SNAPSHOT.jar:?]
	at org.apache.hadoop.ozone.protocolPB.OzoneManagerProtocolServerSideTranslatorPB.submitRequest(OzoneManagerProtocolServerSideTranslatorPB.java:147) [ozone-manager-1.3.0-SNAPSHOT.jar:?]
	at org.apache.hadoop.ozone.protocol.proto.OzoneManagerProtocolProtos$OzoneManagerService$2.callBlockingMethod(OzoneManagerProtocolProtos.java) [ozone-interface-client-1.3.0-SNAPSHOT.jar:?]
	at org.apache.hadoop.ipc.ProtobufRpcEngine$Server.processCall(ProtobufRpcEngine.java:466) [hadoop-common-3.3.1.jar:?]
	at org.apache.hadoop.ipc.ProtobufRpcEngine2$Server$ProtoBufRpcInvoker.call(ProtobufRpcEngine2.java:574) [hadoop-common-3.3.1.jar:?]
	at org.apache.hadoop.ipc.ProtobufRpcEngine2$Server$ProtoBufRpcInvoker.call(ProtobufRpcEngine2.java:552) [hadoop-common-3.3.1.jar:?]
	at org.apache.hadoop.ipc.RPC$Server.call(RPC.java:1093) [hadoop-common-3.3.1.jar:?]
	at org.apache.hadoop.ipc.Server$RpcCall.run(Server.java:1035) [hadoop-common-3.3.1.jar:?]
	at org.apache.hadoop.ipc.Server$RpcCall.run(Server.java:963) [hadoop-common-3.3.1.jar:?]
	at java.security.AccessController.doPrivileged(Native Method) ~[?:1.8.0_332]
	at javax.security.auth.Subject.doAs(Subject.java:422) [?:1.8.0_332]
	at org.apache.hadoop.security.UserGroupInformation.doAs(UserGroupInformation.java:1878) [hadoop-common-3.3.1.jar:?]
	at org.apache.hadoop.ipc.Server$Handler.run(Server.java:2966) [hadoop-common-3.3.1.jar:?]
07:24:03.290 [IPC Server handler 1 on default port 38259] ERROR OMAudit - user=runner | ip=127.0.0.1 | op=GET_FILE_STATUS {volume=volume59534, bucket=bucket57310, key=testBatchDelete/parent/childFolder/child4, dataSize=0, replicationConfig=null} | ret=FAILURE
org.apache.hadoop.ozone.om.exceptions.OMException: Unable to get file status: volume: volume59534 bucket: bucket57310 key: testBatchDelete/parent/childFolder/child4
	at org.apache.hadoop.ozone.om.KeyManagerImpl.getOzoneFileStatus(KeyManagerImpl.java:1311) ~[ozone-manager-1.3.0-SNAPSHOT.jar:?]
	at org.apache.hadoop.ozone.om.KeyManagerImpl.getFileStatus(KeyManagerImpl.java:1241) ~[ozone-manager-1.3.0-SNAPSHOT.jar:?]
	at org.apache.hadoop.ozone.om.OzoneManager.getFileStatus(OzoneManager.java:3419) ~[ozone-manager-1.3.0-SNAPSHOT.jar:?]
	at org.apache.hadoop.ozone.protocolPB.OzoneManagerRequestHandler.getOzoneFileStatus(OzoneManagerRequestHandler.java:871) ~[ozone-manager-1.3.0-SNAPSHOT.jar:?]
	at org.apache.hadoop.ozone.protocolPB.OzoneManagerRequestHandler.handleReadRequest(OzoneManagerRequestHandler.java:217) ~[ozone-manager-1.3.0-SNAPSHOT.jar:?]
	at org.apache.hadoop.ozone.protocolPB.OzoneManagerProtocolServerSideTranslatorPB.submitReadRequestToOM(OzoneManagerProtocolServerSideTranslatorPB.java:226) ~[ozone-manager-1.3.0-SNAPSHOT.jar:?]
	at org.apache.hadoop.ozone.protocolPB.OzoneManagerProtocolServerSideTranslatorPB.processRequest(OzoneManagerProtocolServerSideTranslatorPB.java:175) ~[ozone-manager-1.3.0-SNAPSHOT.jar:?]
	at org.apache.hadoop.hdds.server.OzoneProtocolMessageDispatcher.processRequest(OzoneProtocolMessageDispatcher.java:87) [hdds-server-framework-1.3.0-SNAPSHOT.jar:?]
	at org.apache.hadoop.ozone.protocolPB.OzoneManagerProtocolServerSideTranslatorPB.submitRequest(OzoneManagerProtocolServerSideTranslatorPB.java:147) [ozone-manager-1.3.0-SNAPSHOT.jar:?]
	at org.apache.hadoop.ozone.protocol.proto.OzoneManagerProtocolProtos$OzoneManagerService$2.callBlockingMethod(OzoneManagerProtocolProtos.java) [ozone-interface-client-1.3.0-SNAPSHOT.jar:?]
	at org.apache.hadoop.ipc.ProtobufRpcEngine$Server.processCall(ProtobufRpcEngine.java:466) [hadoop-common-3.3.1.jar:?]
	at org.apache.hadoop.ipc.ProtobufRpcEngine2$Server$ProtoBufRpcInvoker.call(ProtobufRpcEngine2.java:574) [hadoop-common-3.3.1.jar:?]
	at org.apache.hadoop.ipc.ProtobufRpcEngine2$Server$ProtoBufRpcInvoker.call(ProtobufRpcEngine2.java:552) [hadoop-common-3.3.1.jar:?]
	at org.apache.hadoop.ipc.RPC$Server.call(RPC.java:1093) [hadoop-common-3.3.1.jar:?]
	at org.apache.hadoop.ipc.Server$RpcCall.run(Server.java:1035) [hadoop-common-3.3.1.jar:?]
	at org.apache.hadoop.ipc.Server$RpcCall.run(Server.java:963) [hadoop-common-3.3.1.jar:?]
	at java.security.AccessController.doPrivileged(Native Method) ~[?:1.8.0_332]
	at javax.security.auth.Subject.doAs(Subject.java:422) [?:1.8.0_332]
	at org.apache.hadoop.security.UserGroupInformation.doAs(UserGroupInformation.java:1878) [hadoop-common-3.3.1.jar:?]
	at org.apache.hadoop.ipc.Server$Handler.run(Server.java:2966) [hadoop-common-3.3.1.jar:?]
07:24:03.291 [IPC Server handler 18 on default port 38259] ERROR OMAudit - user=runner | ip=127.0.0.1 | op=GET_FILE_STATUS {volume=volume59534, bucket=bucket57310, key=testBatchDelete/parent/child5, dataSize=0, replicationConfig=null} | ret=FAILURE
org.apache.hadoop.ozone.om.exceptions.OMException: Unable to get file status: volume: volume59534 bucket: bucket57310 key: testBatchDelete/parent/child5
	at org.apache.hadoop.ozone.om.KeyManagerImpl.getOzoneFileStatus(KeyManagerImpl.java:1311) ~[ozone-manager-1.3.0-SNAPSHOT.jar:?]
	at org.apache.hadoop.ozone.om.KeyManagerImpl.getFileStatus(KeyManagerImpl.java:1241) ~[ozone-manager-1.3.0-SNAPSHOT.jar:?]
	at org.apache.hadoop.ozone.om.OzoneManager.getFileStatus(OzoneManager.java:3419) ~[ozone-manager-1.3.0-SNAPSHOT.jar:?]
	at org.apache.hadoop.ozone.protocolPB.OzoneManagerRequestHandler.getOzoneFileStatus(OzoneManagerRequestHandler.java:871) ~[ozone-manager-1.3.0-SNAPSHOT.jar:?]
	at org.apache.hadoop.ozone.protocolPB.OzoneManagerRequestHandler.handleReadRequest(OzoneManagerRequestHandler.java:217) ~[ozone-manager-1.3.0-SNAPSHOT.jar:?]
	at org.apache.hadoop.ozone.protocolPB.OzoneManagerProtocolServerSideTranslatorPB.submitReadRequestToOM(OzoneManagerProtocolServerSideTranslatorPB.java:226) ~[ozone-manager-1.3.0-SNAPSHOT.jar:?]
	at org.apache.hadoop.ozone.protocolPB.OzoneManagerProtocolServerSideTranslatorPB.processRequest(OzoneManagerProtocolServerSideTranslatorPB.java:175) ~[ozone-manager-1.3.0-SNAPSHOT.jar:?]
	at org.apache.hadoop.hdds.server.OzoneProtocolMessageDispatcher.processRequest(OzoneProtocolMessageDispatcher.java:87) [hdds-server-framework-1.3.0-SNAPSHOT.jar:?]
	at org.apache.hadoop.ozone.protocolPB.OzoneManagerProtocolServerSideTranslatorPB.submitRequest(OzoneManagerProtocolServerSideTranslatorPB.java:147) [ozone-manager-1.3.0-SNAPSHOT.jar:?]
	at org.apache.hadoop.ozone.protocol.proto.OzoneManagerProtocolProtos$OzoneManagerService$2.callBlockingMethod(OzoneManagerProtocolProtos.java) [ozone-interface-client-1.3.0-SNAPSHOT.jar:?]
	at org.apache.hadoop.ipc.ProtobufRpcEngine$Server.processCall(ProtobufRpcEngine.java:466) [hadoop-common-3.3.1.jar:?]
	at org.apache.hadoop.ipc.ProtobufRpcEngine2$Server$ProtoBufRpcInvoker.call(ProtobufRpcEngine2.java:574) [hadoop-common-3.3.1.jar:?]
	at org.apache.hadoop.ipc.ProtobufRpcEngine2$Server$ProtoBufRpcInvoker.call(ProtobufRpcEngine2.java:552) [hadoop-common-3.3.1.jar:?]
	at org.apache.hadoop.ipc.RPC$Server.call(RPC.java:1093) [hadoop-common-3.3.1.jar:?]
	at org.apache.hadoop.ipc.Server$RpcCall.run(Server.java:1035) [hadoop-common-3.3.1.jar:?]
	at org.apache.hadoop.ipc.Server$RpcCall.run(Server.java:963) [hadoop-common-3.3.1.jar:?]
	at java.security.AccessController.doPrivileged(Native Method) ~[?:1.8.0_332]
	at javax.security.auth.Subject.doAs(Subject.java:422) [?:1.8.0_332]
	at org.apache.hadoop.security.UserGroupInformation.doAs(UserGroupInformation.java:1878) [hadoop-common-3.3.1.jar:?]
	at org.apache.hadoop.ipc.Server$Handler.run(Server.java:2966) [hadoop-common-3.3.1.jar:?]
07:24:03.292 [IPC Server handler 15 on default port 38259] ERROR OMAudit - user=runner | ip=127.0.0.1 | op=GET_FILE_STATUS {volume=volume59534, bucket=bucket57310, key=testBatchDelete/parent/childFolder/child5, dataSize=0, replicationConfig=null} | ret=FAILURE
org.apache.hadoop.ozone.om.exceptions.OMException: Unable to get file status: volume: volume59534 bucket: bucket57310 key: testBatchDelete/parent/childFolder/child5
	at org.apache.hadoop.ozone.om.KeyManagerImpl.getOzoneFileStatus(KeyManagerImpl.java:1311) ~[ozone-manager-1.3.0-SNAPSHOT.jar:?]
	at org.apache.hadoop.ozone.om.KeyManagerImpl.getFileStatus(KeyManagerImpl.java:1241) ~[ozone-manager-1.3.0-SNAPSHOT.jar:?]
	at org.apache.hadoop.ozone.om.OzoneManager.getFileStatus(OzoneManager.java:3419) ~[ozone-manager-1.3.0-SNAPSHOT.jar:?]
	at org.apache.hadoop.ozone.protocolPB.OzoneManagerRequestHandler.getOzoneFileStatus(OzoneManagerRequestHandler.java:871) ~[ozone-manager-1.3.0-SNAPSHOT.jar:?]
	at org.apache.hadoop.ozone.protocolPB.OzoneManagerRequestHandler.handleReadRequest(OzoneManagerRequestHandler.java:217) ~[ozone-manager-1.3.0-SNAPSHOT.jar:?]
	at org.apache.hadoop.ozone.protocolPB.OzoneManagerProtocolServerSideTranslatorPB.submitReadRequestToOM(OzoneManagerProtocolServerSideTranslatorPB.java:226) ~[ozone-manager-1.3.0-SNAPSHOT.jar:?]
	at org.apache.hadoop.ozone.protocolPB.OzoneManagerProtocolServerSideTranslatorPB.processRequest(OzoneManagerProtocolServerSideTranslatorPB.java:175) ~[ozone-manager-1.3.0-SNAPSHOT.jar:?]
	at org.apache.hadoop.hdds.server.OzoneProtocolMessageDispatcher.processRequest(OzoneProtocolMessageDispatcher.java:87) [hdds-server-framework-1.3.0-SNAPSHOT.jar:?]
	at org.apache.hadoop.ozone.protocolPB.OzoneManagerProtocolServerSideTranslatorPB.submitRequest(OzoneManagerProtocolServerSideTranslatorPB.java:147) [ozone-manager-1.3.0-SNAPSHOT.jar:?]
	at org.apache.hadoop.ozone.protocol.proto.OzoneManagerProtocolProtos$OzoneManagerService$2.callBlockingMethod(OzoneManagerProtocolProtos.java) [ozone-interface-client-1.3.0-SNAPSHOT.jar:?]
	at org.apache.hadoop.ipc.ProtobufRpcEngine$Server.processCall(ProtobufRpcEngine.java:466) [hadoop-common-3.3.1.jar:?]
	at org.apache.hadoop.ipc.ProtobufRpcEngine2$Server$ProtoBufRpcInvoker.call(ProtobufRpcEngine2.java:574) [hadoop-common-3.3.1.jar:?]
	at org.apache.hadoop.ipc.ProtobufRpcEngine2$Server$ProtoBufRpcInvoker.call(ProtobufRpcEngine2.java:552) [hadoop-common-3.3.1.jar:?]
	at org.apache.hadoop.ipc.RPC$Server.call(RPC.java:1093) [hadoop-common-3.3.1.jar:?]
	at org.apache.hadoop.ipc.Server$RpcCall.run(Server.java:1035) [hadoop-common-3.3.1.jar:?]
	at org.apache.hadoop.ipc.Server$RpcCall.run(Server.java:963) [hadoop-common-3.3.1.jar:?]
	at java.security.AccessController.doPrivileged(Native Method) ~[?:1.8.0_332]
	at javax.security.auth.Subject.doAs(Subject.java:422) [?:1.8.0_332]
	at org.apache.hadoop.security.UserGroupInformation.doAs(UserGroupInformation.java:1878) [hadoop-common-3.3.1.jar:?]
	at org.apache.hadoop.ipc.Server$Handler.run(Server.java:2966) [hadoop-common-3.3.1.jar:?]
07:24:03.293 [IPC Server handler 10 on default port 38259] ERROR OMAudit - user=runner | ip=127.0.0.1 | op=GET_FILE_STATUS {volume=volume59534, bucket=bucket57310, key=testBatchDelete/parent/child6, dataSize=0, replicationConfig=null} | ret=FAILURE
org.apache.hadoop.ozone.om.exceptions.OMException: Unable to get file status: volume: volume59534 bucket: bucket57310 key: testBatchDelete/parent/child6
	at org.apache.hadoop.ozone.om.KeyManagerImpl.getOzoneFileStatus(KeyManagerImpl.java:1311) ~[ozone-manager-1.3.0-SNAPSHOT.jar:?]
	at org.apache.hadoop.ozone.om.KeyManagerImpl.getFileStatus(KeyManagerImpl.java:1241) ~[ozone-manager-1.3.0-SNAPSHOT.jar:?]
	at org.apache.hadoop.ozone.om.OzoneManager.getFileStatus(OzoneManager.java:3419) ~[ozone-manager-1.3.0-SNAPSHOT.jar:?]
	at org.apache.hadoop.ozone.protocolPB.OzoneManagerRequestHandler.getOzoneFileStatus(OzoneManagerRequestHandler.java:871) ~[ozone-manager-1.3.0-SNAPSHOT.jar:?]
	at org.apache.hadoop.ozone.protocolPB.OzoneManagerRequestHandler.handleReadRequest(OzoneManagerRequestHandler.java:217) ~[ozone-manager-1.3.0-SNAPSHOT.jar:?]
	at org.apache.hadoop.ozone.protocolPB.OzoneManagerProtocolServerSideTranslatorPB.submitReadRequestToOM(OzoneManagerProtocolServerSideTranslatorPB.java:226) ~[ozone-manager-1.3.0-SNAPSHOT.jar:?]
	at org.apache.hadoop.ozone.protocolPB.OzoneManagerProtocolServerSideTranslatorPB.processRequest(OzoneManagerProtocolServerSideTranslatorPB.java:175) ~[ozone-manager-1.3.0-SNAPSHOT.jar:?]
	at org.apache.hadoop.hdds.server.OzoneProtocolMessageDispatcher.processRequest(OzoneProtocolMessageDispatcher.java:87) [hdds-server-framework-1.3.0-SNAPSHOT.jar:?]
	at org.apache.hadoop.ozone.protocolPB.OzoneManagerProtocolServerSideTranslatorPB.submitRequest(OzoneManagerProtocolServerSideTranslatorPB.java:147) [ozone-manager-1.3.0-SNAPSHOT.jar:?]
	at org.apache.hadoop.ozone.protocol.proto.OzoneManagerProtocolProtos$OzoneManagerService$2.callBlockingMethod(OzoneManagerProtocolProtos.java) [ozone-interface-client-1.3.0-SNAPSHOT.jar:?]
	at org.apache.hadoop.ipc.ProtobufRpcEngine$Server.processCall(ProtobufRpcEngine.java:466) [hadoop-common-3.3.1.jar:?]
	at org.apache.hadoop.ipc.ProtobufRpcEngine2$Server$ProtoBufRpcInvoker.call(ProtobufRpcEngine2.java:574) [hadoop-common-3.3.1.jar:?]
	at org.apache.hadoop.ipc.ProtobufRpcEngine2$Server$ProtoBufRpcInvoker.call(ProtobufRpcEngine2.java:552) [hadoop-common-3.3.1.jar:?]
	at org.apache.hadoop.ipc.RPC$Server.call(RPC.java:1093) [hadoop-common-3.3.1.jar:?]
	at org.apache.hadoop.ipc.Server$RpcCall.run(Server.java:1035) [hadoop-common-3.3.1.jar:?]
	at org.apache.hadoop.ipc.Server$RpcCall.run(Server.java:963) [hadoop-common-3.3.1.jar:?]
	at java.security.AccessController.doPrivileged(Native Method) ~[?:1.8.0_332]
	at javax.security.auth.Subject.doAs(Subject.java:422) [?:1.8.0_332]
	at org.apache.hadoop.security.UserGroupInformation.doAs(UserGroupInformation.java:1878) [hadoop-common-3.3.1.jar:?]
	at org.apache.hadoop.ipc.Server$Handler.run(Server.java:2966) [hadoop-common-3.3.1.jar:?]
07:24:03.294 [IPC Server handler 14 on default port 38259] ERROR OMAudit - user=runner | ip=127.0.0.1 | op=GET_FILE_STATUS {volume=volume59534, bucket=bucket57310, key=testBatchDelete/parent/childFolder/child6, dataSize=0, replicationConfig=null} | ret=FAILURE
org.apache.hadoop.ozone.om.exceptions.OMException: Unable to get file status: volume: volume59534 bucket: bucket57310 key: testBatchDelete/parent/childFolder/child6
	at org.apache.hadoop.ozone.om.KeyManagerImpl.getOzoneFileStatus(KeyManagerImpl.java:1311) ~[ozone-manager-1.3.0-SNAPSHOT.jar:?]
	at org.apache.hadoop.ozone.om.KeyManagerImpl.getFileStatus(KeyManagerImpl.java:1241) ~[ozone-manager-1.3.0-SNAPSHOT.jar:?]
	at org.apache.hadoop.ozone.om.OzoneManager.getFileStatus(OzoneManager.java:3419) ~[ozone-manager-1.3.0-SNAPSHOT.jar:?]
	at org.apache.hadoop.ozone.protocolPB.OzoneManagerRequestHandler.getOzoneFileStatus(OzoneManagerRequestHandler.java:871) ~[ozone-manager-1.3.0-SNAPSHOT.jar:?]
	at org.apache.hadoop.ozone.protocolPB.OzoneManagerRequestHandler.handleReadRequest(OzoneManagerRequestHandler.java:217) ~[ozone-manager-1.3.0-SNAPSHOT.jar:?]
	at org.apache.hadoop.ozone.protocolPB.OzoneManagerProtocolServerSideTranslatorPB.submitReadRequestToOM(OzoneManagerProtocolServerSideTranslatorPB.java:226) ~[ozone-manager-1.3.0-SNAPSHOT.jar:?]
	at org.apache.hadoop.ozone.protocolPB.OzoneManagerProtocolServerSideTranslatorPB.processRequest(OzoneManagerProtocolServerSideTranslatorPB.java:175) ~[ozone-manager-1.3.0-SNAPSHOT.jar:?]
	at org.apache.hadoop.hdds.server.OzoneProtocolMessageDispatcher.processRequest(OzoneProtocolMessageDispatcher.java:87) [hdds-server-framework-1.3.0-SNAPSHOT.jar:?]
	at org.apache.hadoop.ozone.protocolPB.OzoneManagerProtocolServerSideTranslatorPB.submitRequest(OzoneManagerProtocolServerSideTranslatorPB.java:147) [ozone-manager-1.3.0-SNAPSHOT.jar:?]
	at org.apache.hadoop.ozone.protocol.proto.OzoneManagerProtocolProtos$OzoneManagerService$2.callBlockingMethod(OzoneManagerProtocolProtos.java) [ozone-interface-client-1.3.0-SNAPSHOT.jar:?]
	at org.apache.hadoop.ipc.ProtobufRpcEngine$Server.processCall(ProtobufRpcEngine.java:466) [hadoop-common-3.3.1.jar:?]
	at org.apache.hadoop.ipc.ProtobufRpcEngine2$Server$ProtoBufRpcInvoker.call(ProtobufRpcEngine2.java:574) [hadoop-common-3.3.1.jar:?]
	at org.apache.hadoop.ipc.ProtobufRpcEngine2$Server$ProtoBufRpcInvoker.call(ProtobufRpcEngine2.java:552) [hadoop-common-3.3.1.jar:?]
	at org.apache.hadoop.ipc.RPC$Server.call(RPC.java:1093) [hadoop-common-3.3.1.jar:?]
	at org.apache.hadoop.ipc.Server$RpcCall.run(Server.java:1035) [hadoop-common-3.3.1.jar:?]
	at org.apache.hadoop.ipc.Server$RpcCall.run(Server.java:963) [hadoop-common-3.3.1.jar:?]
	at java.security.AccessController.doPrivileged(Native Method) ~[?:1.8.0_332]
	at javax.security.auth.Subject.doAs(Subject.java:422) [?:1.8.0_332]
	at org.apache.hadoop.security.UserGroupInformation.doAs(UserGroupInformation.java:1878) [hadoop-common-3.3.1.jar:?]
	at org.apache.hadoop.ipc.Server$Handler.run(Server.java:2966) [hadoop-common-3.3.1.jar:?]
07:24:03.295 [IPC Server handler 8 on default port 38259] ERROR OMAudit - user=runner | ip=127.0.0.1 | op=GET_FILE_STATUS {volume=volume59534, bucket=bucket57310, key=testBatchDelete/parent/child7, dataSize=0, replicationConfig=null} | ret=FAILURE
org.apache.hadoop.ozone.om.exceptions.OMException: Unable to get file status: volume: volume59534 bucket: bucket57310 key: testBatchDelete/parent/child7
	at org.apache.hadoop.ozone.om.KeyManagerImpl.getOzoneFileStatus(KeyManagerImpl.java:1311) ~[ozone-manager-1.3.0-SNAPSHOT.jar:?]
	at org.apache.hadoop.ozone.om.KeyManagerImpl.getFileStatus(KeyManagerImpl.java:1241) ~[ozone-manager-1.3.0-SNAPSHOT.jar:?]
	at org.apache.hadoop.ozone.om.OzoneManager.getFileStatus(OzoneManager.java:3419) ~[ozone-manager-1.3.0-SNAPSHOT.jar:?]
	at org.apache.hadoop.ozone.protocolPB.OzoneManagerRequestHandler.getOzoneFileStatus(OzoneManagerRequestHandler.java:871) ~[ozone-manager-1.3.0-SNAPSHOT.jar:?]
	at org.apache.hadoop.ozone.protocolPB.OzoneManagerRequestHandler.handleReadRequest(OzoneManagerRequestHandler.java:217) ~[ozone-manager-1.3.0-SNAPSHOT.jar:?]
	at org.apache.hadoop.ozone.protocolPB.OzoneManagerProtocolServerSideTranslatorPB.submitReadRequestToOM(OzoneManagerProtocolServerSideTranslatorPB.java:226) ~[ozone-manager-1.3.0-SNAPSHOT.jar:?]
	at org.apache.hadoop.ozone.protocolPB.OzoneManagerProtocolServerSideTranslatorPB.processRequest(OzoneManagerProtocolServerSideTranslatorPB.java:175) ~[ozone-manager-1.3.0-SNAPSHOT.jar:?]
	at org.apache.hadoop.hdds.server.OzoneProtocolMessageDispatcher.processRequest(OzoneProtocolMessageDispatcher.java:87) [hdds-server-framework-1.3.0-SNAPSHOT.jar:?]
	at org.apache.hadoop.ozone.protocolPB.OzoneManagerProtocolServerSideTranslatorPB.submitRequest(OzoneManagerProtocolServerSideTranslatorPB.java:147) [ozone-manager-1.3.0-SNAPSHOT.jar:?]
	at org.apache.hadoop.ozone.protocol.proto.OzoneManagerProtocolProtos$OzoneManagerService$2.callBlockingMethod(OzoneManagerProtocolProtos.java) [ozone-interface-client-1.3.0-SNAPSHOT.jar:?]
	at org.apache.hadoop.ipc.ProtobufRpcEngine$Server.processCall(ProtobufRpcEngine.java:466) [hadoop-common-3.3.1.jar:?]
	at org.apache.hadoop.ipc.ProtobufRpcEngine2$Server$ProtoBufRpcInvoker.call(ProtobufRpcEngine2.java:574) [hadoop-common-3.3.1.jar:?]
	at org.apache.hadoop.ipc.ProtobufRpcEngine2$Server$ProtoBufRpcInvoker.call(ProtobufRpcEngine2.java:552) [hadoop-common-3.3.1.jar:?]
	at org.apache.hadoop.ipc.RPC$Server.call(RPC.java:1093) [hadoop-common-3.3.1.jar:?]
	at org.apache.hadoop.ipc.Server$RpcCall.run(Server.java:1035) [hadoop-common-3.3.1.jar:?]
	at org.apache.hadoop.ipc.Server$RpcCall.run(Server.java:963) [hadoop-common-3.3.1.jar:?]
	at java.security.AccessController.doPrivileged(Native Method) ~[?:1.8.0_332]
	at javax.security.auth.Subject.doAs(Subject.java:422) [?:1.8.0_332]
	at org.apache.hadoop.security.UserGroupInformation.doAs(UserGroupInformation.java:1878) [hadoop-common-3.3.1.jar:?]
	at org.apache.hadoop.ipc.Server$Handler.run(Server.java:2966) [hadoop-common-3.3.1.jar:?]
07:24:03.299 [IPC Server handler 5 on default port 38259] ERROR OMAudit - user=runner | ip=127.0.0.1 | op=GET_FILE_STATUS {volume=volume59534, bucket=bucket57310, key=testBatchDelete/parent/childFolder/child7, dataSize=0, replicationConfig=null} | ret=FAILURE
org.apache.hadoop.ozone.om.exceptions.OMException: Unable to get file status: volume: volume59534 bucket: bucket57310 key: testBatchDelete/parent/childFolder/child7
	at org.apache.hadoop.ozone.om.KeyManagerImpl.getOzoneFileStatus(KeyManagerImpl.java:1311) ~[ozone-manager-1.3.0-SNAPSHOT.jar:?]
	at org.apache.hadoop.ozone.om.KeyManagerImpl.getFileStatus(KeyManagerImpl.java:1241) ~[ozone-manager-1.3.0-SNAPSHOT.jar:?]
	at org.apache.hadoop.ozone.om.OzoneManager.getFileStatus(OzoneManager.java:3419) ~[ozone-manager-1.3.0-SNAPSHOT.jar:?]
	at org.apache.hadoop.ozone.protocolPB.OzoneManagerRequestHandler.getOzoneFileStatus(OzoneManagerRequestHandler.java:871) ~[ozone-manager-1.3.0-SNAPSHOT.jar:?]
	at org.apache.hadoop.ozone.protocolPB.OzoneManagerRequestHandler.handleReadRequest(OzoneManagerRequestHandler.java:217) ~[ozone-manager-1.3.0-SNAPSHOT.jar:?]
	at org.apache.hadoop.ozone.protocolPB.OzoneManagerProtocolServerSideTranslatorPB.submitReadRequestToOM(OzoneManagerProtocolServerSideTranslatorPB.java:226) ~[ozone-manager-1.3.0-SNAPSHOT.jar:?]
	at org.apache.hadoop.ozone.protocolPB.OzoneManagerProtocolServerSideTranslatorPB.processRequest(OzoneManagerProtocolServerSideTranslatorPB.java:175) ~[ozone-manager-1.3.0-SNAPSHOT.jar:?]
	at org.apache.hadoop.hdds.server.OzoneProtocolMessageDispatcher.processRequest(OzoneProtocolMessageDispatcher.java:87) [hdds-server-framework-1.3.0-SNAPSHOT.jar:?]
	at org.apache.hadoop.ozone.protocolPB.OzoneManagerProtocolServerSideTranslatorPB.submitRequest(OzoneManagerProtocolServerSideTranslatorPB.java:147) [ozone-manager-1.3.0-SNAPSHOT.jar:?]
	at org.apache.hadoop.ozone.protocol.proto.OzoneManagerProtocolProtos$OzoneManagerService$2.callBlockingMethod(OzoneManagerProtocolProtos.java) [ozone-interface-client-1.3.0-SNAPSHOT.jar:?]
	at org.apache.hadoop.ipc.ProtobufRpcEngine$Server.processCall(ProtobufRpcEngine.java:466) [hadoop-common-3.3.1.jar:?]
	at org.apache.hadoop.ipc.ProtobufRpcEngine2$Server$ProtoBufRpcInvoker.call(ProtobufRpcEngine2.java:574) [hadoop-common-3.3.1.jar:?]
	at org.apache.hadoop.ipc.ProtobufRpcEngine2$Server$ProtoBufRpcInvoker.call(ProtobufRpcEngine2.java:552) [hadoop-common-3.3.1.jar:?]
	at org.apache.hadoop.ipc.RPC$Server.call(RPC.java:1093) [hadoop-common-3.3.1.jar:?]
	at org.apache.hadoop.ipc.Server$RpcCall.run(Server.java:1035) [hadoop-common-3.3.1.jar:?]
	at org.apache.hadoop.ipc.Server$RpcCall.run(Server.java:963) [hadoop-common-3.3.1.jar:?]
	at java.security.AccessController.doPrivileged(Native Method) ~[?:1.8.0_332]
	at javax.security.auth.Subject.doAs(Subject.java:422) [?:1.8.0_332]
	at org.apache.hadoop.security.UserGroupInformation.doAs(UserGroupInformation.java:1878) [hadoop-common-3.3.1.jar:?]
	at org.apache.hadoop.ipc.Server$Handler.run(Server.java:2966) [hadoop-common-3.3.1.jar:?]
07:24:03.299 [IPC Server handler 3 on default port 38259] ERROR OMAudit - user=runner | ip=127.0.0.1 | op=GET_FILE_STATUS {volume=volume59534, bucket=bucket57310, key=testBatchDelete/parent, dataSize=0, replicationConfig=null} | ret=FAILURE
org.apache.hadoop.ozone.om.exceptions.OMException: Unable to get file status: volume: volume59534 bucket: bucket57310 key: testBatchDelete/parent
	at org.apache.hadoop.ozone.om.KeyManagerImpl.getOzoneFileStatus(KeyManagerImpl.java:1311) ~[ozone-manager-1.3.0-SNAPSHOT.jar:?]
	at org.apache.hadoop.ozone.om.KeyManagerImpl.getFileStatus(KeyManagerImpl.java:1241) ~[ozone-manager-1.3.0-SNAPSHOT.jar:?]
	at org.apache.hadoop.ozone.om.OzoneManager.getFileStatus(OzoneManager.java:3419) ~[ozone-manager-1.3.0-SNAPSHOT.jar:?]
	at org.apache.hadoop.ozone.protocolPB.OzoneManagerRequestHandler.getOzoneFileStatus(OzoneManagerRequestHandler.java:871) ~[ozone-manager-1.3.0-SNAPSHOT.jar:?]
	at org.apache.hadoop.ozone.protocolPB.OzoneManagerRequestHandler.handleReadRequest(OzoneManagerRequestHandler.java:217) ~[ozone-manager-1.3.0-SNAPSHOT.jar:?]
	at org.apache.hadoop.ozone.protocolPB.OzoneManagerProtocolServerSideTranslatorPB.submitReadRequestToOM(OzoneManagerProtocolServerSideTranslatorPB.java:226) ~[ozone-manager-1.3.0-SNAPSHOT.jar:?]
	at org.apache.hadoop.ozone.protocolPB.OzoneManagerProtocolServerSideTranslatorPB.processRequest(OzoneManagerProtocolServerSideTranslatorPB.java:175) ~[ozone-manager-1.3.0-SNAPSHOT.jar:?]
	at org.apache.hadoop.hdds.server.OzoneProtocolMessageDispatcher.processRequest(OzoneProtocolMessageDispatcher.java:87) [hdds-server-framework-1.3.0-SNAPSHOT.jar:?]
	at org.apache.hadoop.ozone.protocolPB.OzoneManagerProtocolServerSideTranslatorPB.submitRequest(OzoneManagerProtocolServerSideTranslatorPB.java:147) [ozone-manager-1.3.0-SNAPSHOT.jar:?]
	at org.apache.hadoop.ozone.protocol.proto.OzoneManagerProtocolProtos$OzoneManagerService$2.callBlockingMethod(OzoneManagerProtocolProtos.java) [ozone-interface-client-1.3.0-SNAPSHOT.jar:?]
	at org.apache.hadoop.ipc.ProtobufRpcEngine$Server.processCall(ProtobufRpcEngine.java:466) [hadoop-common-3.3.1.jar:?]
	at org.apache.hadoop.ipc.ProtobufRpcEngine2$Server$ProtoBufRpcInvoker.call(ProtobufRpcEngine2.java:574) [hadoop-common-3.3.1.jar:?]
	at org.apache.hadoop.ipc.ProtobufRpcEngine2$Server$ProtoBufRpcInvoker.call(ProtobufRpcEngine2.java:552) [hadoop-common-3.3.1.jar:?]
	at org.apache.hadoop.ipc.RPC$Server.call(RPC.java:1093) [hadoop-common-3.3.1.jar:?]
	at org.apache.hadoop.ipc.Server$RpcCall.run(Server.java:1035) [hadoop-common-3.3.1.jar:?]
	at org.apache.hadoop.ipc.Server$RpcCall.run(Server.java:963) [hadoop-common-3.3.1.jar:?]
	at java.security.AccessController.doPrivileged(Native Method) ~[?:1.8.0_332]
	at javax.security.auth.Subject.doAs(Subject.java:422) [?:1.8.0_332]
	at org.apache.hadoop.security.UserGroupInformation.doAs(UserGroupInformation.java:1878) [hadoop-common-3.3.1.jar:?]
	at org.apache.hadoop.ipc.Server$Handler.run(Server.java:2966) [hadoop-common-3.3.1.jar:?]
2022-07-02 07:24:03,300 [Time-limited test] WARN  ozone.BasicRootedOzoneFileSystem (BasicRootedOzoneFileSystem.java:delete(572)) - delete: Path does not exist: /volume59534/bucket57310/testBatchDelete/parent
]]></system-out>
  </testcase>
  <testcase name="testFileDelete" classname="TestRootedOzoneFileSystem" time="0.427">
    <system-out><![CDATA[2022-07-02 07:25:34,088 [Time-limited test] INFO  rpc.RpcClient (RpcClient.java:createVolume(466)) - Creating Volume: volume60763, with user04794 as owner and space quota set to -1 bytes, counts quota set to -1
2022-07-02 07:25:34,092 [IPC Server handler 16 on default port 43657] INFO  volume.OMVolumeCreateRequest (OMVolumeCreateRequest.java:validateAndUpdateCache(195)) - created volume:volume60763 for user:user04794
2022-07-02 07:25:34,097 [Time-limited test] INFO  rpc.RpcClient (RpcClient.java:createBucket(669)) - Creating Bucket: volume60763/bucket70510, with bucket layout LEGACY, runner as owner, Versioning false, Storage Type set to DISK and Encryption set to false 
2022-07-02 07:25:34,097 [IPC Server handler 2 on default port 43657] INFO  bucket.OMBucketCreateRequest (OMBucketCreateRequest.java:validateAndUpdateCache(260)) - created bucket: bucket70510 of layout LEGACY in volume: volume60763
07:25:34.269 [IPC Server handler 9 on default port 43657] ERROR OMAudit - user=runner | ip=127.0.0.1 | op=GET_FILE_STATUS {volume=volume60763, bucket=bucket70510, key=testBatchDelete, dataSize=0, replicationConfig=null} | ret=FAILURE
org.apache.hadoop.ozone.om.exceptions.OMException: Unable to get file status: volume: volume60763 bucket: bucket70510 key: testBatchDelete
	at org.apache.hadoop.ozone.om.KeyManagerImpl.getOzoneFileStatus(KeyManagerImpl.java:1311) ~[ozone-manager-1.3.0-SNAPSHOT.jar:?]
	at org.apache.hadoop.ozone.om.KeyManagerImpl.getFileStatus(KeyManagerImpl.java:1241) ~[ozone-manager-1.3.0-SNAPSHOT.jar:?]
	at org.apache.hadoop.ozone.om.OzoneManager.getFileStatus(OzoneManager.java:3419) ~[ozone-manager-1.3.0-SNAPSHOT.jar:?]
	at org.apache.hadoop.ozone.protocolPB.OzoneManagerRequestHandler.getOzoneFileStatus(OzoneManagerRequestHandler.java:871) ~[ozone-manager-1.3.0-SNAPSHOT.jar:?]
	at org.apache.hadoop.ozone.protocolPB.OzoneManagerRequestHandler.handleReadRequest(OzoneManagerRequestHandler.java:217) ~[ozone-manager-1.3.0-SNAPSHOT.jar:?]
	at org.apache.hadoop.ozone.protocolPB.OzoneManagerProtocolServerSideTranslatorPB.submitRequestDirectlyToOM(OzoneManagerProtocolServerSideTranslatorPB.java:276) ~[ozone-manager-1.3.0-SNAPSHOT.jar:?]
	at org.apache.hadoop.ozone.protocolPB.OzoneManagerProtocolServerSideTranslatorPB.processRequest(OzoneManagerProtocolServerSideTranslatorPB.java:205) ~[ozone-manager-1.3.0-SNAPSHOT.jar:?]
	at org.apache.hadoop.hdds.server.OzoneProtocolMessageDispatcher.processRequest(OzoneProtocolMessageDispatcher.java:87) [hdds-server-framework-1.3.0-SNAPSHOT.jar:?]
	at org.apache.hadoop.ozone.protocolPB.OzoneManagerProtocolServerSideTranslatorPB.submitRequest(OzoneManagerProtocolServerSideTranslatorPB.java:147) [ozone-manager-1.3.0-SNAPSHOT.jar:?]
	at org.apache.hadoop.ozone.protocol.proto.OzoneManagerProtocolProtos$OzoneManagerService$2.callBlockingMethod(OzoneManagerProtocolProtos.java) [ozone-interface-client-1.3.0-SNAPSHOT.jar:?]
	at org.apache.hadoop.ipc.ProtobufRpcEngine$Server.processCall(ProtobufRpcEngine.java:466) [hadoop-common-3.3.1.jar:?]
	at org.apache.hadoop.ipc.ProtobufRpcEngine2$Server$ProtoBufRpcInvoker.call(ProtobufRpcEngine2.java:574) [hadoop-common-3.3.1.jar:?]
	at org.apache.hadoop.ipc.ProtobufRpcEngine2$Server$ProtoBufRpcInvoker.call(ProtobufRpcEngine2.java:552) [hadoop-common-3.3.1.jar:?]
	at org.apache.hadoop.ipc.RPC$Server.call(RPC.java:1093) [hadoop-common-3.3.1.jar:?]
	at org.apache.hadoop.ipc.Server$RpcCall.run(Server.java:1035) [hadoop-common-3.3.1.jar:?]
	at org.apache.hadoop.ipc.Server$RpcCall.run(Server.java:963) [hadoop-common-3.3.1.jar:?]
	at java.security.AccessController.doPrivileged(Native Method) ~[?:1.8.0_332]
	at javax.security.auth.Subject.doAs(Subject.java:422) [?:1.8.0_332]
	at org.apache.hadoop.security.UserGroupInformation.doAs(UserGroupInformation.java:1878) [hadoop-common-3.3.1.jar:?]
	at org.apache.hadoop.ipc.Server$Handler.run(Server.java:2966) [hadoop-common-3.3.1.jar:?]
07:25:34.270 [IPC Server handler 12 on default port 43657] ERROR OMAudit - user=runner | ip=127.0.0.1 | op=GET_FILE_STATUS {volume=volume60763, bucket=bucket70510, key=testBatchDelete/parent/child0, dataSize=0, replicationConfig=null} | ret=FAILURE
org.apache.hadoop.ozone.om.exceptions.OMException: Unable to get file status: volume: volume60763 bucket: bucket70510 key: testBatchDelete/parent/child0
	at org.apache.hadoop.ozone.om.KeyManagerImpl.getOzoneFileStatus(KeyManagerImpl.java:1311) ~[ozone-manager-1.3.0-SNAPSHOT.jar:?]
	at org.apache.hadoop.ozone.om.KeyManagerImpl.getFileStatus(KeyManagerImpl.java:1241) ~[ozone-manager-1.3.0-SNAPSHOT.jar:?]
	at org.apache.hadoop.ozone.om.OzoneManager.getFileStatus(OzoneManager.java:3419) ~[ozone-manager-1.3.0-SNAPSHOT.jar:?]
	at org.apache.hadoop.ozone.protocolPB.OzoneManagerRequestHandler.getOzoneFileStatus(OzoneManagerRequestHandler.java:871) ~[ozone-manager-1.3.0-SNAPSHOT.jar:?]
	at org.apache.hadoop.ozone.protocolPB.OzoneManagerRequestHandler.handleReadRequest(OzoneManagerRequestHandler.java:217) ~[ozone-manager-1.3.0-SNAPSHOT.jar:?]
	at org.apache.hadoop.ozone.protocolPB.OzoneManagerProtocolServerSideTranslatorPB.submitRequestDirectlyToOM(OzoneManagerProtocolServerSideTranslatorPB.java:276) ~[ozone-manager-1.3.0-SNAPSHOT.jar:?]
	at org.apache.hadoop.ozone.protocolPB.OzoneManagerProtocolServerSideTranslatorPB.processRequest(OzoneManagerProtocolServerSideTranslatorPB.java:205) ~[ozone-manager-1.3.0-SNAPSHOT.jar:?]
	at org.apache.hadoop.hdds.server.OzoneProtocolMessageDispatcher.processRequest(OzoneProtocolMessageDispatcher.java:87) [hdds-server-framework-1.3.0-SNAPSHOT.jar:?]
	at org.apache.hadoop.ozone.protocolPB.OzoneManagerProtocolServerSideTranslatorPB.submitRequest(OzoneManagerProtocolServerSideTranslatorPB.java:147) [ozone-manager-1.3.0-SNAPSHOT.jar:?]
	at org.apache.hadoop.ozone.protocol.proto.OzoneManagerProtocolProtos$OzoneManagerService$2.callBlockingMethod(OzoneManagerProtocolProtos.java) [ozone-interface-client-1.3.0-SNAPSHOT.jar:?]
	at org.apache.hadoop.ipc.ProtobufRpcEngine$Server.processCall(ProtobufRpcEngine.java:466) [hadoop-common-3.3.1.jar:?]
	at org.apache.hadoop.ipc.ProtobufRpcEngine2$Server$ProtoBufRpcInvoker.call(ProtobufRpcEngine2.java:574) [hadoop-common-3.3.1.jar:?]
	at org.apache.hadoop.ipc.ProtobufRpcEngine2$Server$ProtoBufRpcInvoker.call(ProtobufRpcEngine2.java:552) [hadoop-common-3.3.1.jar:?]
	at org.apache.hadoop.ipc.RPC$Server.call(RPC.java:1093) [hadoop-common-3.3.1.jar:?]
	at org.apache.hadoop.ipc.Server$RpcCall.run(Server.java:1035) [hadoop-common-3.3.1.jar:?]
	at org.apache.hadoop.ipc.Server$RpcCall.run(Server.java:963) [hadoop-common-3.3.1.jar:?]
	at java.security.AccessController.doPrivileged(Native Method) ~[?:1.8.0_332]
	at javax.security.auth.Subject.doAs(Subject.java:422) [?:1.8.0_332]
	at org.apache.hadoop.security.UserGroupInformation.doAs(UserGroupInformation.java:1878) [hadoop-common-3.3.1.jar:?]
	at org.apache.hadoop.ipc.Server$Handler.run(Server.java:2966) [hadoop-common-3.3.1.jar:?]
07:25:34.271 [IPC Server handler 14 on default port 43657] ERROR OMAudit - user=runner | ip=127.0.0.1 | op=GET_FILE_STATUS {volume=volume60763, bucket=bucket70510, key=testBatchDelete/parent/childFolder/child0, dataSize=0, replicationConfig=null} | ret=FAILURE
org.apache.hadoop.ozone.om.exceptions.OMException: Unable to get file status: volume: volume60763 bucket: bucket70510 key: testBatchDelete/parent/childFolder/child0
	at org.apache.hadoop.ozone.om.KeyManagerImpl.getOzoneFileStatus(KeyManagerImpl.java:1311) ~[ozone-manager-1.3.0-SNAPSHOT.jar:?]
	at org.apache.hadoop.ozone.om.KeyManagerImpl.getFileStatus(KeyManagerImpl.java:1241) ~[ozone-manager-1.3.0-SNAPSHOT.jar:?]
	at org.apache.hadoop.ozone.om.OzoneManager.getFileStatus(OzoneManager.java:3419) ~[ozone-manager-1.3.0-SNAPSHOT.jar:?]
	at org.apache.hadoop.ozone.protocolPB.OzoneManagerRequestHandler.getOzoneFileStatus(OzoneManagerRequestHandler.java:871) ~[ozone-manager-1.3.0-SNAPSHOT.jar:?]
	at org.apache.hadoop.ozone.protocolPB.OzoneManagerRequestHandler.handleReadRequest(OzoneManagerRequestHandler.java:217) ~[ozone-manager-1.3.0-SNAPSHOT.jar:?]
	at org.apache.hadoop.ozone.protocolPB.OzoneManagerProtocolServerSideTranslatorPB.submitRequestDirectlyToOM(OzoneManagerProtocolServerSideTranslatorPB.java:276) ~[ozone-manager-1.3.0-SNAPSHOT.jar:?]
	at org.apache.hadoop.ozone.protocolPB.OzoneManagerProtocolServerSideTranslatorPB.processRequest(OzoneManagerProtocolServerSideTranslatorPB.java:205) ~[ozone-manager-1.3.0-SNAPSHOT.jar:?]
	at org.apache.hadoop.hdds.server.OzoneProtocolMessageDispatcher.processRequest(OzoneProtocolMessageDispatcher.java:87) [hdds-server-framework-1.3.0-SNAPSHOT.jar:?]
	at org.apache.hadoop.ozone.protocolPB.OzoneManagerProtocolServerSideTranslatorPB.submitRequest(OzoneManagerProtocolServerSideTranslatorPB.java:147) [ozone-manager-1.3.0-SNAPSHOT.jar:?]
	at org.apache.hadoop.ozone.protocol.proto.OzoneManagerProtocolProtos$OzoneManagerService$2.callBlockingMethod(OzoneManagerProtocolProtos.java) [ozone-interface-client-1.3.0-SNAPSHOT.jar:?]
	at org.apache.hadoop.ipc.ProtobufRpcEngine$Server.processCall(ProtobufRpcEngine.java:466) [hadoop-common-3.3.1.jar:?]
	at org.apache.hadoop.ipc.ProtobufRpcEngine2$Server$ProtoBufRpcInvoker.call(ProtobufRpcEngine2.java:574) [hadoop-common-3.3.1.jar:?]
	at org.apache.hadoop.ipc.ProtobufRpcEngine2$Server$ProtoBufRpcInvoker.call(ProtobufRpcEngine2.java:552) [hadoop-common-3.3.1.jar:?]
	at org.apache.hadoop.ipc.RPC$Server.call(RPC.java:1093) [hadoop-common-3.3.1.jar:?]
	at org.apache.hadoop.ipc.Server$RpcCall.run(Server.java:1035) [hadoop-common-3.3.1.jar:?]
	at org.apache.hadoop.ipc.Server$RpcCall.run(Server.java:963) [hadoop-common-3.3.1.jar:?]
	at java.security.AccessController.doPrivileged(Native Method) ~[?:1.8.0_332]
	at javax.security.auth.Subject.doAs(Subject.java:422) [?:1.8.0_332]
	at org.apache.hadoop.security.UserGroupInformation.doAs(UserGroupInformation.java:1878) [hadoop-common-3.3.1.jar:?]
	at org.apache.hadoop.ipc.Server$Handler.run(Server.java:2966) [hadoop-common-3.3.1.jar:?]
07:25:34.272 [IPC Server handler 16 on default port 43657] ERROR OMAudit - user=runner | ip=127.0.0.1 | op=GET_FILE_STATUS {volume=volume60763, bucket=bucket70510, key=testBatchDelete/parent/child1, dataSize=0, replicationConfig=null} | ret=FAILURE
org.apache.hadoop.ozone.om.exceptions.OMException: Unable to get file status: volume: volume60763 bucket: bucket70510 key: testBatchDelete/parent/child1
	at org.apache.hadoop.ozone.om.KeyManagerImpl.getOzoneFileStatus(KeyManagerImpl.java:1311) ~[ozone-manager-1.3.0-SNAPSHOT.jar:?]
	at org.apache.hadoop.ozone.om.KeyManagerImpl.getFileStatus(KeyManagerImpl.java:1241) ~[ozone-manager-1.3.0-SNAPSHOT.jar:?]
	at org.apache.hadoop.ozone.om.OzoneManager.getFileStatus(OzoneManager.java:3419) ~[ozone-manager-1.3.0-SNAPSHOT.jar:?]
	at org.apache.hadoop.ozone.protocolPB.OzoneManagerRequestHandler.getOzoneFileStatus(OzoneManagerRequestHandler.java:871) ~[ozone-manager-1.3.0-SNAPSHOT.jar:?]
	at org.apache.hadoop.ozone.protocolPB.OzoneManagerRequestHandler.handleReadRequest(OzoneManagerRequestHandler.java:217) ~[ozone-manager-1.3.0-SNAPSHOT.jar:?]
	at org.apache.hadoop.ozone.protocolPB.OzoneManagerProtocolServerSideTranslatorPB.submitRequestDirectlyToOM(OzoneManagerProtocolServerSideTranslatorPB.java:276) ~[ozone-manager-1.3.0-SNAPSHOT.jar:?]
	at org.apache.hadoop.ozone.protocolPB.OzoneManagerProtocolServerSideTranslatorPB.processRequest(OzoneManagerProtocolServerSideTranslatorPB.java:205) ~[ozone-manager-1.3.0-SNAPSHOT.jar:?]
	at org.apache.hadoop.hdds.server.OzoneProtocolMessageDispatcher.processRequest(OzoneProtocolMessageDispatcher.java:87) [hdds-server-framework-1.3.0-SNAPSHOT.jar:?]
	at org.apache.hadoop.ozone.protocolPB.OzoneManagerProtocolServerSideTranslatorPB.submitRequest(OzoneManagerProtocolServerSideTranslatorPB.java:147) [ozone-manager-1.3.0-SNAPSHOT.jar:?]
	at org.apache.hadoop.ozone.protocol.proto.OzoneManagerProtocolProtos$OzoneManagerService$2.callBlockingMethod(OzoneManagerProtocolProtos.java) [ozone-interface-client-1.3.0-SNAPSHOT.jar:?]
	at org.apache.hadoop.ipc.ProtobufRpcEngine$Server.processCall(ProtobufRpcEngine.java:466) [hadoop-common-3.3.1.jar:?]
	at org.apache.hadoop.ipc.ProtobufRpcEngine2$Server$ProtoBufRpcInvoker.call(ProtobufRpcEngine2.java:574) [hadoop-common-3.3.1.jar:?]
	at org.apache.hadoop.ipc.ProtobufRpcEngine2$Server$ProtoBufRpcInvoker.call(ProtobufRpcEngine2.java:552) [hadoop-common-3.3.1.jar:?]
	at org.apache.hadoop.ipc.RPC$Server.call(RPC.java:1093) [hadoop-common-3.3.1.jar:?]
	at org.apache.hadoop.ipc.Server$RpcCall.run(Server.java:1035) [hadoop-common-3.3.1.jar:?]
	at org.apache.hadoop.ipc.Server$RpcCall.run(Server.java:963) [hadoop-common-3.3.1.jar:?]
	at java.security.AccessController.doPrivileged(Native Method) ~[?:1.8.0_332]
	at javax.security.auth.Subject.doAs(Subject.java:422) [?:1.8.0_332]
	at org.apache.hadoop.security.UserGroupInformation.doAs(UserGroupInformation.java:1878) [hadoop-common-3.3.1.jar:?]
	at org.apache.hadoop.ipc.Server$Handler.run(Server.java:2966) [hadoop-common-3.3.1.jar:?]
07:25:34.273 [IPC Server handler 2 on default port 43657] ERROR OMAudit - user=runner | ip=127.0.0.1 | op=GET_FILE_STATUS {volume=volume60763, bucket=bucket70510, key=testBatchDelete/parent/childFolder/child1, dataSize=0, replicationConfig=null} | ret=FAILURE
org.apache.hadoop.ozone.om.exceptions.OMException: Unable to get file status: volume: volume60763 bucket: bucket70510 key: testBatchDelete/parent/childFolder/child1
	at org.apache.hadoop.ozone.om.KeyManagerImpl.getOzoneFileStatus(KeyManagerImpl.java:1311) ~[ozone-manager-1.3.0-SNAPSHOT.jar:?]
	at org.apache.hadoop.ozone.om.KeyManagerImpl.getFileStatus(KeyManagerImpl.java:1241) ~[ozone-manager-1.3.0-SNAPSHOT.jar:?]
	at org.apache.hadoop.ozone.om.OzoneManager.getFileStatus(OzoneManager.java:3419) ~[ozone-manager-1.3.0-SNAPSHOT.jar:?]
	at org.apache.hadoop.ozone.protocolPB.OzoneManagerRequestHandler.getOzoneFileStatus(OzoneManagerRequestHandler.java:871) ~[ozone-manager-1.3.0-SNAPSHOT.jar:?]
	at org.apache.hadoop.ozone.protocolPB.OzoneManagerRequestHandler.handleReadRequest(OzoneManagerRequestHandler.java:217) ~[ozone-manager-1.3.0-SNAPSHOT.jar:?]
	at org.apache.hadoop.ozone.protocolPB.OzoneManagerProtocolServerSideTranslatorPB.submitRequestDirectlyToOM(OzoneManagerProtocolServerSideTranslatorPB.java:276) ~[ozone-manager-1.3.0-SNAPSHOT.jar:?]
	at org.apache.hadoop.ozone.protocolPB.OzoneManagerProtocolServerSideTranslatorPB.processRequest(OzoneManagerProtocolServerSideTranslatorPB.java:205) ~[ozone-manager-1.3.0-SNAPSHOT.jar:?]
	at org.apache.hadoop.hdds.server.OzoneProtocolMessageDispatcher.processRequest(OzoneProtocolMessageDispatcher.java:87) [hdds-server-framework-1.3.0-SNAPSHOT.jar:?]
	at org.apache.hadoop.ozone.protocolPB.OzoneManagerProtocolServerSideTranslatorPB.submitRequest(OzoneManagerProtocolServerSideTranslatorPB.java:147) [ozone-manager-1.3.0-SNAPSHOT.jar:?]
	at org.apache.hadoop.ozone.protocol.proto.OzoneManagerProtocolProtos$OzoneManagerService$2.callBlockingMethod(OzoneManagerProtocolProtos.java) [ozone-interface-client-1.3.0-SNAPSHOT.jar:?]
	at org.apache.hadoop.ipc.ProtobufRpcEngine$Server.processCall(ProtobufRpcEngine.java:466) [hadoop-common-3.3.1.jar:?]
	at org.apache.hadoop.ipc.ProtobufRpcEngine2$Server$ProtoBufRpcInvoker.call(ProtobufRpcEngine2.java:574) [hadoop-common-3.3.1.jar:?]
	at org.apache.hadoop.ipc.ProtobufRpcEngine2$Server$ProtoBufRpcInvoker.call(ProtobufRpcEngine2.java:552) [hadoop-common-3.3.1.jar:?]
	at org.apache.hadoop.ipc.RPC$Server.call(RPC.java:1093) [hadoop-common-3.3.1.jar:?]
	at org.apache.hadoop.ipc.Server$RpcCall.run(Server.java:1035) [hadoop-common-3.3.1.jar:?]
	at org.apache.hadoop.ipc.Server$RpcCall.run(Server.java:963) [hadoop-common-3.3.1.jar:?]
	at java.security.AccessController.doPrivileged(Native Method) ~[?:1.8.0_332]
	at javax.security.auth.Subject.doAs(Subject.java:422) [?:1.8.0_332]
	at org.apache.hadoop.security.UserGroupInformation.doAs(UserGroupInformation.java:1878) [hadoop-common-3.3.1.jar:?]
	at org.apache.hadoop.ipc.Server$Handler.run(Server.java:2966) [hadoop-common-3.3.1.jar:?]
07:25:34.274 [IPC Server handler 0 on default port 43657] ERROR OMAudit - user=runner | ip=127.0.0.1 | op=GET_FILE_STATUS {volume=volume60763, bucket=bucket70510, key=testBatchDelete/parent/child2, dataSize=0, replicationConfig=null} | ret=FAILURE
org.apache.hadoop.ozone.om.exceptions.OMException: Unable to get file status: volume: volume60763 bucket: bucket70510 key: testBatchDelete/parent/child2
	at org.apache.hadoop.ozone.om.KeyManagerImpl.getOzoneFileStatus(KeyManagerImpl.java:1311) ~[ozone-manager-1.3.0-SNAPSHOT.jar:?]
	at org.apache.hadoop.ozone.om.KeyManagerImpl.getFileStatus(KeyManagerImpl.java:1241) ~[ozone-manager-1.3.0-SNAPSHOT.jar:?]
	at org.apache.hadoop.ozone.om.OzoneManager.getFileStatus(OzoneManager.java:3419) ~[ozone-manager-1.3.0-SNAPSHOT.jar:?]
	at org.apache.hadoop.ozone.protocolPB.OzoneManagerRequestHandler.getOzoneFileStatus(OzoneManagerRequestHandler.java:871) ~[ozone-manager-1.3.0-SNAPSHOT.jar:?]
	at org.apache.hadoop.ozone.protocolPB.OzoneManagerRequestHandler.handleReadRequest(OzoneManagerRequestHandler.java:217) ~[ozone-manager-1.3.0-SNAPSHOT.jar:?]
	at org.apache.hadoop.ozone.protocolPB.OzoneManagerProtocolServerSideTranslatorPB.submitRequestDirectlyToOM(OzoneManagerProtocolServerSideTranslatorPB.java:276) ~[ozone-manager-1.3.0-SNAPSHOT.jar:?]
	at org.apache.hadoop.ozone.protocolPB.OzoneManagerProtocolServerSideTranslatorPB.processRequest(OzoneManagerProtocolServerSideTranslatorPB.java:205) ~[ozone-manager-1.3.0-SNAPSHOT.jar:?]
	at org.apache.hadoop.hdds.server.OzoneProtocolMessageDispatcher.processRequest(OzoneProtocolMessageDispatcher.java:87) [hdds-server-framework-1.3.0-SNAPSHOT.jar:?]
	at org.apache.hadoop.ozone.protocolPB.OzoneManagerProtocolServerSideTranslatorPB.submitRequest(OzoneManagerProtocolServerSideTranslatorPB.java:147) [ozone-manager-1.3.0-SNAPSHOT.jar:?]
	at org.apache.hadoop.ozone.protocol.proto.OzoneManagerProtocolProtos$OzoneManagerService$2.callBlockingMethod(OzoneManagerProtocolProtos.java) [ozone-interface-client-1.3.0-SNAPSHOT.jar:?]
	at org.apache.hadoop.ipc.ProtobufRpcEngine$Server.processCall(ProtobufRpcEngine.java:466) [hadoop-common-3.3.1.jar:?]
	at org.apache.hadoop.ipc.ProtobufRpcEngine2$Server$ProtoBufRpcInvoker.call(ProtobufRpcEngine2.java:574) [hadoop-common-3.3.1.jar:?]
	at org.apache.hadoop.ipc.ProtobufRpcEngine2$Server$ProtoBufRpcInvoker.call(ProtobufRpcEngine2.java:552) [hadoop-common-3.3.1.jar:?]
	at org.apache.hadoop.ipc.RPC$Server.call(RPC.java:1093) [hadoop-common-3.3.1.jar:?]
	at org.apache.hadoop.ipc.Server$RpcCall.run(Server.java:1035) [hadoop-common-3.3.1.jar:?]
	at org.apache.hadoop.ipc.Server$RpcCall.run(Server.java:963) [hadoop-common-3.3.1.jar:?]
	at java.security.AccessController.doPrivileged(Native Method) ~[?:1.8.0_332]
	at javax.security.auth.Subject.doAs(Subject.java:422) [?:1.8.0_332]
	at org.apache.hadoop.security.UserGroupInformation.doAs(UserGroupInformation.java:1878) [hadoop-common-3.3.1.jar:?]
	at org.apache.hadoop.ipc.Server$Handler.run(Server.java:2966) [hadoop-common-3.3.1.jar:?]
07:25:34.275 [IPC Server handler 18 on default port 43657] ERROR OMAudit - user=runner | ip=127.0.0.1 | op=GET_FILE_STATUS {volume=volume60763, bucket=bucket70510, key=testBatchDelete/parent/childFolder/child2, dataSize=0, replicationConfig=null} | ret=FAILURE
org.apache.hadoop.ozone.om.exceptions.OMException: Unable to get file status: volume: volume60763 bucket: bucket70510 key: testBatchDelete/parent/childFolder/child2
	at org.apache.hadoop.ozone.om.KeyManagerImpl.getOzoneFileStatus(KeyManagerImpl.java:1311) ~[ozone-manager-1.3.0-SNAPSHOT.jar:?]
	at org.apache.hadoop.ozone.om.KeyManagerImpl.getFileStatus(KeyManagerImpl.java:1241) ~[ozone-manager-1.3.0-SNAPSHOT.jar:?]
	at org.apache.hadoop.ozone.om.OzoneManager.getFileStatus(OzoneManager.java:3419) ~[ozone-manager-1.3.0-SNAPSHOT.jar:?]
	at org.apache.hadoop.ozone.protocolPB.OzoneManagerRequestHandler.getOzoneFileStatus(OzoneManagerRequestHandler.java:871) ~[ozone-manager-1.3.0-SNAPSHOT.jar:?]
	at org.apache.hadoop.ozone.protocolPB.OzoneManagerRequestHandler.handleReadRequest(OzoneManagerRequestHandler.java:217) ~[ozone-manager-1.3.0-SNAPSHOT.jar:?]
	at org.apache.hadoop.ozone.protocolPB.OzoneManagerProtocolServerSideTranslatorPB.submitRequestDirectlyToOM(OzoneManagerProtocolServerSideTranslatorPB.java:276) ~[ozone-manager-1.3.0-SNAPSHOT.jar:?]
	at org.apache.hadoop.ozone.protocolPB.OzoneManagerProtocolServerSideTranslatorPB.processRequest(OzoneManagerProtocolServerSideTranslatorPB.java:205) ~[ozone-manager-1.3.0-SNAPSHOT.jar:?]
	at org.apache.hadoop.hdds.server.OzoneProtocolMessageDispatcher.processRequest(OzoneProtocolMessageDispatcher.java:87) [hdds-server-framework-1.3.0-SNAPSHOT.jar:?]
	at org.apache.hadoop.ozone.protocolPB.OzoneManagerProtocolServerSideTranslatorPB.submitRequest(OzoneManagerProtocolServerSideTranslatorPB.java:147) [ozone-manager-1.3.0-SNAPSHOT.jar:?]
	at org.apache.hadoop.ozone.protocol.proto.OzoneManagerProtocolProtos$OzoneManagerService$2.callBlockingMethod(OzoneManagerProtocolProtos.java) [ozone-interface-client-1.3.0-SNAPSHOT.jar:?]
	at org.apache.hadoop.ipc.ProtobufRpcEngine$Server.processCall(ProtobufRpcEngine.java:466) [hadoop-common-3.3.1.jar:?]
	at org.apache.hadoop.ipc.ProtobufRpcEngine2$Server$ProtoBufRpcInvoker.call(ProtobufRpcEngine2.java:574) [hadoop-common-3.3.1.jar:?]
	at org.apache.hadoop.ipc.ProtobufRpcEngine2$Server$ProtoBufRpcInvoker.call(ProtobufRpcEngine2.java:552) [hadoop-common-3.3.1.jar:?]
	at org.apache.hadoop.ipc.RPC$Server.call(RPC.java:1093) [hadoop-common-3.3.1.jar:?]
	at org.apache.hadoop.ipc.Server$RpcCall.run(Server.java:1035) [hadoop-common-3.3.1.jar:?]
	at org.apache.hadoop.ipc.Server$RpcCall.run(Server.java:963) [hadoop-common-3.3.1.jar:?]
	at java.security.AccessController.doPrivileged(Native Method) ~[?:1.8.0_332]
	at javax.security.auth.Subject.doAs(Subject.java:422) [?:1.8.0_332]
	at org.apache.hadoop.security.UserGroupInformation.doAs(UserGroupInformation.java:1878) [hadoop-common-3.3.1.jar:?]
	at org.apache.hadoop.ipc.Server$Handler.run(Server.java:2966) [hadoop-common-3.3.1.jar:?]
07:25:34.276 [IPC Server handler 11 on default port 43657] ERROR OMAudit - user=runner | ip=127.0.0.1 | op=GET_FILE_STATUS {volume=volume60763, bucket=bucket70510, key=testBatchDelete/parent/child3, dataSize=0, replicationConfig=null} | ret=FAILURE
org.apache.hadoop.ozone.om.exceptions.OMException: Unable to get file status: volume: volume60763 bucket: bucket70510 key: testBatchDelete/parent/child3
	at org.apache.hadoop.ozone.om.KeyManagerImpl.getOzoneFileStatus(KeyManagerImpl.java:1311) ~[ozone-manager-1.3.0-SNAPSHOT.jar:?]
	at org.apache.hadoop.ozone.om.KeyManagerImpl.getFileStatus(KeyManagerImpl.java:1241) ~[ozone-manager-1.3.0-SNAPSHOT.jar:?]
	at org.apache.hadoop.ozone.om.OzoneManager.getFileStatus(OzoneManager.java:3419) ~[ozone-manager-1.3.0-SNAPSHOT.jar:?]
	at org.apache.hadoop.ozone.protocolPB.OzoneManagerRequestHandler.getOzoneFileStatus(OzoneManagerRequestHandler.java:871) ~[ozone-manager-1.3.0-SNAPSHOT.jar:?]
	at org.apache.hadoop.ozone.protocolPB.OzoneManagerRequestHandler.handleReadRequest(OzoneManagerRequestHandler.java:217) ~[ozone-manager-1.3.0-SNAPSHOT.jar:?]
	at org.apache.hadoop.ozone.protocolPB.OzoneManagerProtocolServerSideTranslatorPB.submitRequestDirectlyToOM(OzoneManagerProtocolServerSideTranslatorPB.java:276) ~[ozone-manager-1.3.0-SNAPSHOT.jar:?]
	at org.apache.hadoop.ozone.protocolPB.OzoneManagerProtocolServerSideTranslatorPB.processRequest(OzoneManagerProtocolServerSideTranslatorPB.java:205) ~[ozone-manager-1.3.0-SNAPSHOT.jar:?]
	at org.apache.hadoop.hdds.server.OzoneProtocolMessageDispatcher.processRequest(OzoneProtocolMessageDispatcher.java:87) [hdds-server-framework-1.3.0-SNAPSHOT.jar:?]
	at org.apache.hadoop.ozone.protocolPB.OzoneManagerProtocolServerSideTranslatorPB.submitRequest(OzoneManagerProtocolServerSideTranslatorPB.java:147) [ozone-manager-1.3.0-SNAPSHOT.jar:?]
	at org.apache.hadoop.ozone.protocol.proto.OzoneManagerProtocolProtos$OzoneManagerService$2.callBlockingMethod(OzoneManagerProtocolProtos.java) [ozone-interface-client-1.3.0-SNAPSHOT.jar:?]
	at org.apache.hadoop.ipc.ProtobufRpcEngine$Server.processCall(ProtobufRpcEngine.java:466) [hadoop-common-3.3.1.jar:?]
	at org.apache.hadoop.ipc.ProtobufRpcEngine2$Server$ProtoBufRpcInvoker.call(ProtobufRpcEngine2.java:574) [hadoop-common-3.3.1.jar:?]
	at org.apache.hadoop.ipc.ProtobufRpcEngine2$Server$ProtoBufRpcInvoker.call(ProtobufRpcEngine2.java:552) [hadoop-common-3.3.1.jar:?]
	at org.apache.hadoop.ipc.RPC$Server.call(RPC.java:1093) [hadoop-common-3.3.1.jar:?]
	at org.apache.hadoop.ipc.Server$RpcCall.run(Server.java:1035) [hadoop-common-3.3.1.jar:?]
	at org.apache.hadoop.ipc.Server$RpcCall.run(Server.java:963) [hadoop-common-3.3.1.jar:?]
	at java.security.AccessController.doPrivileged(Native Method) ~[?:1.8.0_332]
	at javax.security.auth.Subject.doAs(Subject.java:422) [?:1.8.0_332]
	at org.apache.hadoop.security.UserGroupInformation.doAs(UserGroupInformation.java:1878) [hadoop-common-3.3.1.jar:?]
	at org.apache.hadoop.ipc.Server$Handler.run(Server.java:2966) [hadoop-common-3.3.1.jar:?]
07:25:34.277 [IPC Server handler 4 on default port 43657] ERROR OMAudit - user=runner | ip=127.0.0.1 | op=GET_FILE_STATUS {volume=volume60763, bucket=bucket70510, key=testBatchDelete/parent/childFolder/child3, dataSize=0, replicationConfig=null} | ret=FAILURE
org.apache.hadoop.ozone.om.exceptions.OMException: Unable to get file status: volume: volume60763 bucket: bucket70510 key: testBatchDelete/parent/childFolder/child3
	at org.apache.hadoop.ozone.om.KeyManagerImpl.getOzoneFileStatus(KeyManagerImpl.java:1311) ~[ozone-manager-1.3.0-SNAPSHOT.jar:?]
	at org.apache.hadoop.ozone.om.KeyManagerImpl.getFileStatus(KeyManagerImpl.java:1241) ~[ozone-manager-1.3.0-SNAPSHOT.jar:?]
	at org.apache.hadoop.ozone.om.OzoneManager.getFileStatus(OzoneManager.java:3419) ~[ozone-manager-1.3.0-SNAPSHOT.jar:?]
	at org.apache.hadoop.ozone.protocolPB.OzoneManagerRequestHandler.getOzoneFileStatus(OzoneManagerRequestHandler.java:871) ~[ozone-manager-1.3.0-SNAPSHOT.jar:?]
	at org.apache.hadoop.ozone.protocolPB.OzoneManagerRequestHandler.handleReadRequest(OzoneManagerRequestHandler.java:217) ~[ozone-manager-1.3.0-SNAPSHOT.jar:?]
	at org.apache.hadoop.ozone.protocolPB.OzoneManagerProtocolServerSideTranslatorPB.submitRequestDirectlyToOM(OzoneManagerProtocolServerSideTranslatorPB.java:276) ~[ozone-manager-1.3.0-SNAPSHOT.jar:?]
	at org.apache.hadoop.ozone.protocolPB.OzoneManagerProtocolServerSideTranslatorPB.processRequest(OzoneManagerProtocolServerSideTranslatorPB.java:205) ~[ozone-manager-1.3.0-SNAPSHOT.jar:?]
	at org.apache.hadoop.hdds.server.OzoneProtocolMessageDispatcher.processRequest(OzoneProtocolMessageDispatcher.java:87) [hdds-server-framework-1.3.0-SNAPSHOT.jar:?]
	at org.apache.hadoop.ozone.protocolPB.OzoneManagerProtocolServerSideTranslatorPB.submitRequest(OzoneManagerProtocolServerSideTranslatorPB.java:147) [ozone-manager-1.3.0-SNAPSHOT.jar:?]
	at org.apache.hadoop.ozone.protocol.proto.OzoneManagerProtocolProtos$OzoneManagerService$2.callBlockingMethod(OzoneManagerProtocolProtos.java) [ozone-interface-client-1.3.0-SNAPSHOT.jar:?]
	at org.apache.hadoop.ipc.ProtobufRpcEngine$Server.processCall(ProtobufRpcEngine.java:466) [hadoop-common-3.3.1.jar:?]
	at org.apache.hadoop.ipc.ProtobufRpcEngine2$Server$ProtoBufRpcInvoker.call(ProtobufRpcEngine2.java:574) [hadoop-common-3.3.1.jar:?]
	at org.apache.hadoop.ipc.ProtobufRpcEngine2$Server$ProtoBufRpcInvoker.call(ProtobufRpcEngine2.java:552) [hadoop-common-3.3.1.jar:?]
	at org.apache.hadoop.ipc.RPC$Server.call(RPC.java:1093) [hadoop-common-3.3.1.jar:?]
	at org.apache.hadoop.ipc.Server$RpcCall.run(Server.java:1035) [hadoop-common-3.3.1.jar:?]
	at org.apache.hadoop.ipc.Server$RpcCall.run(Server.java:963) [hadoop-common-3.3.1.jar:?]
	at java.security.AccessController.doPrivileged(Native Method) ~[?:1.8.0_332]
	at javax.security.auth.Subject.doAs(Subject.java:422) [?:1.8.0_332]
	at org.apache.hadoop.security.UserGroupInformation.doAs(UserGroupInformation.java:1878) [hadoop-common-3.3.1.jar:?]
	at org.apache.hadoop.ipc.Server$Handler.run(Server.java:2966) [hadoop-common-3.3.1.jar:?]
07:25:34.278 [IPC Server handler 6 on default port 43657] ERROR OMAudit - user=runner | ip=127.0.0.1 | op=GET_FILE_STATUS {volume=volume60763, bucket=bucket70510, key=testBatchDelete/parent/child4, dataSize=0, replicationConfig=null} | ret=FAILURE
org.apache.hadoop.ozone.om.exceptions.OMException: Unable to get file status: volume: volume60763 bucket: bucket70510 key: testBatchDelete/parent/child4
	at org.apache.hadoop.ozone.om.KeyManagerImpl.getOzoneFileStatus(KeyManagerImpl.java:1311) ~[ozone-manager-1.3.0-SNAPSHOT.jar:?]
	at org.apache.hadoop.ozone.om.KeyManagerImpl.getFileStatus(KeyManagerImpl.java:1241) ~[ozone-manager-1.3.0-SNAPSHOT.jar:?]
	at org.apache.hadoop.ozone.om.OzoneManager.getFileStatus(OzoneManager.java:3419) ~[ozone-manager-1.3.0-SNAPSHOT.jar:?]
	at org.apache.hadoop.ozone.protocolPB.OzoneManagerRequestHandler.getOzoneFileStatus(OzoneManagerRequestHandler.java:871) ~[ozone-manager-1.3.0-SNAPSHOT.jar:?]
	at org.apache.hadoop.ozone.protocolPB.OzoneManagerRequestHandler.handleReadRequest(OzoneManagerRequestHandler.java:217) ~[ozone-manager-1.3.0-SNAPSHOT.jar:?]
	at org.apache.hadoop.ozone.protocolPB.OzoneManagerProtocolServerSideTranslatorPB.submitRequestDirectlyToOM(OzoneManagerProtocolServerSideTranslatorPB.java:276) ~[ozone-manager-1.3.0-SNAPSHOT.jar:?]
	at org.apache.hadoop.ozone.protocolPB.OzoneManagerProtocolServerSideTranslatorPB.processRequest(OzoneManagerProtocolServerSideTranslatorPB.java:205) ~[ozone-manager-1.3.0-SNAPSHOT.jar:?]
	at org.apache.hadoop.hdds.server.OzoneProtocolMessageDispatcher.processRequest(OzoneProtocolMessageDispatcher.java:87) [hdds-server-framework-1.3.0-SNAPSHOT.jar:?]
	at org.apache.hadoop.ozone.protocolPB.OzoneManagerProtocolServerSideTranslatorPB.submitRequest(OzoneManagerProtocolServerSideTranslatorPB.java:147) [ozone-manager-1.3.0-SNAPSHOT.jar:?]
	at org.apache.hadoop.ozone.protocol.proto.OzoneManagerProtocolProtos$OzoneManagerService$2.callBlockingMethod(OzoneManagerProtocolProtos.java) [ozone-interface-client-1.3.0-SNAPSHOT.jar:?]
	at org.apache.hadoop.ipc.ProtobufRpcEngine$Server.processCall(ProtobufRpcEngine.java:466) [hadoop-common-3.3.1.jar:?]
	at org.apache.hadoop.ipc.ProtobufRpcEngine2$Server$ProtoBufRpcInvoker.call(ProtobufRpcEngine2.java:574) [hadoop-common-3.3.1.jar:?]
	at org.apache.hadoop.ipc.ProtobufRpcEngine2$Server$ProtoBufRpcInvoker.call(ProtobufRpcEngine2.java:552) [hadoop-common-3.3.1.jar:?]
	at org.apache.hadoop.ipc.RPC$Server.call(RPC.java:1093) [hadoop-common-3.3.1.jar:?]
	at org.apache.hadoop.ipc.Server$RpcCall.run(Server.java:1035) [hadoop-common-3.3.1.jar:?]
	at org.apache.hadoop.ipc.Server$RpcCall.run(Server.java:963) [hadoop-common-3.3.1.jar:?]
	at java.security.AccessController.doPrivileged(Native Method) ~[?:1.8.0_332]
	at javax.security.auth.Subject.doAs(Subject.java:422) [?:1.8.0_332]
	at org.apache.hadoop.security.UserGroupInformation.doAs(UserGroupInformation.java:1878) [hadoop-common-3.3.1.jar:?]
	at org.apache.hadoop.ipc.Server$Handler.run(Server.java:2966) [hadoop-common-3.3.1.jar:?]
07:25:34.279 [IPC Server handler 9 on default port 43657] ERROR OMAudit - user=runner | ip=127.0.0.1 | op=GET_FILE_STATUS {volume=volume60763, bucket=bucket70510, key=testBatchDelete/parent/childFolder/child4, dataSize=0, replicationConfig=null} | ret=FAILURE
org.apache.hadoop.ozone.om.exceptions.OMException: Unable to get file status: volume: volume60763 bucket: bucket70510 key: testBatchDelete/parent/childFolder/child4
	at org.apache.hadoop.ozone.om.KeyManagerImpl.getOzoneFileStatus(KeyManagerImpl.java:1311) ~[ozone-manager-1.3.0-SNAPSHOT.jar:?]
	at org.apache.hadoop.ozone.om.KeyManagerImpl.getFileStatus(KeyManagerImpl.java:1241) ~[ozone-manager-1.3.0-SNAPSHOT.jar:?]
	at org.apache.hadoop.ozone.om.OzoneManager.getFileStatus(OzoneManager.java:3419) ~[ozone-manager-1.3.0-SNAPSHOT.jar:?]
	at org.apache.hadoop.ozone.protocolPB.OzoneManagerRequestHandler.getOzoneFileStatus(OzoneManagerRequestHandler.java:871) ~[ozone-manager-1.3.0-SNAPSHOT.jar:?]
	at org.apache.hadoop.ozone.protocolPB.OzoneManagerRequestHandler.handleReadRequest(OzoneManagerRequestHandler.java:217) ~[ozone-manager-1.3.0-SNAPSHOT.jar:?]
	at org.apache.hadoop.ozone.protocolPB.OzoneManagerProtocolServerSideTranslatorPB.submitRequestDirectlyToOM(OzoneManagerProtocolServerSideTranslatorPB.java:276) ~[ozone-manager-1.3.0-SNAPSHOT.jar:?]
	at org.apache.hadoop.ozone.protocolPB.OzoneManagerProtocolServerSideTranslatorPB.processRequest(OzoneManagerProtocolServerSideTranslatorPB.java:205) ~[ozone-manager-1.3.0-SNAPSHOT.jar:?]
	at org.apache.hadoop.hdds.server.OzoneProtocolMessageDispatcher.processRequest(OzoneProtocolMessageDispatcher.java:87) [hdds-server-framework-1.3.0-SNAPSHOT.jar:?]
	at org.apache.hadoop.ozone.protocolPB.OzoneManagerProtocolServerSideTranslatorPB.submitRequest(OzoneManagerProtocolServerSideTranslatorPB.java:147) [ozone-manager-1.3.0-SNAPSHOT.jar:?]
	at org.apache.hadoop.ozone.protocol.proto.OzoneManagerProtocolProtos$OzoneManagerService$2.callBlockingMethod(OzoneManagerProtocolProtos.java) [ozone-interface-client-1.3.0-SNAPSHOT.jar:?]
	at org.apache.hadoop.ipc.ProtobufRpcEngine$Server.processCall(ProtobufRpcEngine.java:466) [hadoop-common-3.3.1.jar:?]
	at org.apache.hadoop.ipc.ProtobufRpcEngine2$Server$ProtoBufRpcInvoker.call(ProtobufRpcEngine2.java:574) [hadoop-common-3.3.1.jar:?]
	at org.apache.hadoop.ipc.ProtobufRpcEngine2$Server$ProtoBufRpcInvoker.call(ProtobufRpcEngine2.java:552) [hadoop-common-3.3.1.jar:?]
	at org.apache.hadoop.ipc.RPC$Server.call(RPC.java:1093) [hadoop-common-3.3.1.jar:?]
	at org.apache.hadoop.ipc.Server$RpcCall.run(Server.java:1035) [hadoop-common-3.3.1.jar:?]
	at org.apache.hadoop.ipc.Server$RpcCall.run(Server.java:963) [hadoop-common-3.3.1.jar:?]
	at java.security.AccessController.doPrivileged(Native Method) ~[?:1.8.0_332]
	at javax.security.auth.Subject.doAs(Subject.java:422) [?:1.8.0_332]
	at org.apache.hadoop.security.UserGroupInformation.doAs(UserGroupInformation.java:1878) [hadoop-common-3.3.1.jar:?]
	at org.apache.hadoop.ipc.Server$Handler.run(Server.java:2966) [hadoop-common-3.3.1.jar:?]
07:25:34.280 [IPC Server handler 12 on default port 43657] ERROR OMAudit - user=runner | ip=127.0.0.1 | op=GET_FILE_STATUS {volume=volume60763, bucket=bucket70510, key=testBatchDelete/parent/child5, dataSize=0, replicationConfig=null} | ret=FAILURE
org.apache.hadoop.ozone.om.exceptions.OMException: Unable to get file status: volume: volume60763 bucket: bucket70510 key: testBatchDelete/parent/child5
	at org.apache.hadoop.ozone.om.KeyManagerImpl.getOzoneFileStatus(KeyManagerImpl.java:1311) ~[ozone-manager-1.3.0-SNAPSHOT.jar:?]
	at org.apache.hadoop.ozone.om.KeyManagerImpl.getFileStatus(KeyManagerImpl.java:1241) ~[ozone-manager-1.3.0-SNAPSHOT.jar:?]
	at org.apache.hadoop.ozone.om.OzoneManager.getFileStatus(OzoneManager.java:3419) ~[ozone-manager-1.3.0-SNAPSHOT.jar:?]
	at org.apache.hadoop.ozone.protocolPB.OzoneManagerRequestHandler.getOzoneFileStatus(OzoneManagerRequestHandler.java:871) ~[ozone-manager-1.3.0-SNAPSHOT.jar:?]
	at org.apache.hadoop.ozone.protocolPB.OzoneManagerRequestHandler.handleReadRequest(OzoneManagerRequestHandler.java:217) ~[ozone-manager-1.3.0-SNAPSHOT.jar:?]
	at org.apache.hadoop.ozone.protocolPB.OzoneManagerProtocolServerSideTranslatorPB.submitRequestDirectlyToOM(OzoneManagerProtocolServerSideTranslatorPB.java:276) ~[ozone-manager-1.3.0-SNAPSHOT.jar:?]
	at org.apache.hadoop.ozone.protocolPB.OzoneManagerProtocolServerSideTranslatorPB.processRequest(OzoneManagerProtocolServerSideTranslatorPB.java:205) ~[ozone-manager-1.3.0-SNAPSHOT.jar:?]
	at org.apache.hadoop.hdds.server.OzoneProtocolMessageDispatcher.processRequest(OzoneProtocolMessageDispatcher.java:87) [hdds-server-framework-1.3.0-SNAPSHOT.jar:?]
	at org.apache.hadoop.ozone.protocolPB.OzoneManagerProtocolServerSideTranslatorPB.submitRequest(OzoneManagerProtocolServerSideTranslatorPB.java:147) [ozone-manager-1.3.0-SNAPSHOT.jar:?]
	at org.apache.hadoop.ozone.protocol.proto.OzoneManagerProtocolProtos$OzoneManagerService$2.callBlockingMethod(OzoneManagerProtocolProtos.java) [ozone-interface-client-1.3.0-SNAPSHOT.jar:?]
	at org.apache.hadoop.ipc.ProtobufRpcEngine$Server.processCall(ProtobufRpcEngine.java:466) [hadoop-common-3.3.1.jar:?]
	at org.apache.hadoop.ipc.ProtobufRpcEngine2$Server$ProtoBufRpcInvoker.call(ProtobufRpcEngine2.java:574) [hadoop-common-3.3.1.jar:?]
	at org.apache.hadoop.ipc.ProtobufRpcEngine2$Server$ProtoBufRpcInvoker.call(ProtobufRpcEngine2.java:552) [hadoop-common-3.3.1.jar:?]
	at org.apache.hadoop.ipc.RPC$Server.call(RPC.java:1093) [hadoop-common-3.3.1.jar:?]
	at org.apache.hadoop.ipc.Server$RpcCall.run(Server.java:1035) [hadoop-common-3.3.1.jar:?]
	at org.apache.hadoop.ipc.Server$RpcCall.run(Server.java:963) [hadoop-common-3.3.1.jar:?]
	at java.security.AccessController.doPrivileged(Native Method) ~[?:1.8.0_332]
	at javax.security.auth.Subject.doAs(Subject.java:422) [?:1.8.0_332]
	at org.apache.hadoop.security.UserGroupInformation.doAs(UserGroupInformation.java:1878) [hadoop-common-3.3.1.jar:?]
	at org.apache.hadoop.ipc.Server$Handler.run(Server.java:2966) [hadoop-common-3.3.1.jar:?]
07:25:34.290 [IPC Server handler 14 on default port 43657] ERROR OMAudit - user=runner | ip=127.0.0.1 | op=GET_FILE_STATUS {volume=volume60763, bucket=bucket70510, key=testBatchDelete/parent/childFolder/child5, dataSize=0, replicationConfig=null} | ret=FAILURE
org.apache.hadoop.ozone.om.exceptions.OMException: Unable to get file status: volume: volume60763 bucket: bucket70510 key: testBatchDelete/parent/childFolder/child5
	at org.apache.hadoop.ozone.om.KeyManagerImpl.getOzoneFileStatus(KeyManagerImpl.java:1311) ~[ozone-manager-1.3.0-SNAPSHOT.jar:?]
	at org.apache.hadoop.ozone.om.KeyManagerImpl.getFileStatus(KeyManagerImpl.java:1241) ~[ozone-manager-1.3.0-SNAPSHOT.jar:?]
	at org.apache.hadoop.ozone.om.OzoneManager.getFileStatus(OzoneManager.java:3419) ~[ozone-manager-1.3.0-SNAPSHOT.jar:?]
	at org.apache.hadoop.ozone.protocolPB.OzoneManagerRequestHandler.getOzoneFileStatus(OzoneManagerRequestHandler.java:871) ~[ozone-manager-1.3.0-SNAPSHOT.jar:?]
	at org.apache.hadoop.ozone.protocolPB.OzoneManagerRequestHandler.handleReadRequest(OzoneManagerRequestHandler.java:217) ~[ozone-manager-1.3.0-SNAPSHOT.jar:?]
	at org.apache.hadoop.ozone.protocolPB.OzoneManagerProtocolServerSideTranslatorPB.submitRequestDirectlyToOM(OzoneManagerProtocolServerSideTranslatorPB.java:276) ~[ozone-manager-1.3.0-SNAPSHOT.jar:?]
	at org.apache.hadoop.ozone.protocolPB.OzoneManagerProtocolServerSideTranslatorPB.processRequest(OzoneManagerProtocolServerSideTranslatorPB.java:205) ~[ozone-manager-1.3.0-SNAPSHOT.jar:?]
	at org.apache.hadoop.hdds.server.OzoneProtocolMessageDispatcher.processRequest(OzoneProtocolMessageDispatcher.java:87) [hdds-server-framework-1.3.0-SNAPSHOT.jar:?]
	at org.apache.hadoop.ozone.protocolPB.OzoneManagerProtocolServerSideTranslatorPB.submitRequest(OzoneManagerProtocolServerSideTranslatorPB.java:147) [ozone-manager-1.3.0-SNAPSHOT.jar:?]
	at org.apache.hadoop.ozone.protocol.proto.OzoneManagerProtocolProtos$OzoneManagerService$2.callBlockingMethod(OzoneManagerProtocolProtos.java) [ozone-interface-client-1.3.0-SNAPSHOT.jar:?]
	at org.apache.hadoop.ipc.ProtobufRpcEngine$Server.processCall(ProtobufRpcEngine.java:466) [hadoop-common-3.3.1.jar:?]
	at org.apache.hadoop.ipc.ProtobufRpcEngine2$Server$ProtoBufRpcInvoker.call(ProtobufRpcEngine2.java:574) [hadoop-common-3.3.1.jar:?]
	at org.apache.hadoop.ipc.ProtobufRpcEngine2$Server$ProtoBufRpcInvoker.call(ProtobufRpcEngine2.java:552) [hadoop-common-3.3.1.jar:?]
	at org.apache.hadoop.ipc.RPC$Server.call(RPC.java:1093) [hadoop-common-3.3.1.jar:?]
	at org.apache.hadoop.ipc.Server$RpcCall.run(Server.java:1035) [hadoop-common-3.3.1.jar:?]
	at org.apache.hadoop.ipc.Server$RpcCall.run(Server.java:963) [hadoop-common-3.3.1.jar:?]
	at java.security.AccessController.doPrivileged(Native Method) ~[?:1.8.0_332]
	at javax.security.auth.Subject.doAs(Subject.java:422) [?:1.8.0_332]
	at org.apache.hadoop.security.UserGroupInformation.doAs(UserGroupInformation.java:1878) [hadoop-common-3.3.1.jar:?]
	at org.apache.hadoop.ipc.Server$Handler.run(Server.java:2966) [hadoop-common-3.3.1.jar:?]
07:25:34.305 [IPC Server handler 16 on default port 43657] ERROR OMAudit - user=runner | ip=127.0.0.1 | op=GET_FILE_STATUS {volume=volume60763, bucket=bucket70510, key=testBatchDelete/parent/child6, dataSize=0, replicationConfig=null} | ret=FAILURE
org.apache.hadoop.ozone.om.exceptions.OMException: Unable to get file status: volume: volume60763 bucket: bucket70510 key: testBatchDelete/parent/child6
	at org.apache.hadoop.ozone.om.KeyManagerImpl.getOzoneFileStatus(KeyManagerImpl.java:1311) ~[ozone-manager-1.3.0-SNAPSHOT.jar:?]
	at org.apache.hadoop.ozone.om.KeyManagerImpl.getFileStatus(KeyManagerImpl.java:1241) ~[ozone-manager-1.3.0-SNAPSHOT.jar:?]
	at org.apache.hadoop.ozone.om.OzoneManager.getFileStatus(OzoneManager.java:3419) ~[ozone-manager-1.3.0-SNAPSHOT.jar:?]
	at org.apache.hadoop.ozone.protocolPB.OzoneManagerRequestHandler.getOzoneFileStatus(OzoneManagerRequestHandler.java:871) ~[ozone-manager-1.3.0-SNAPSHOT.jar:?]
	at org.apache.hadoop.ozone.protocolPB.OzoneManagerRequestHandler.handleReadRequest(OzoneManagerRequestHandler.java:217) ~[ozone-manager-1.3.0-SNAPSHOT.jar:?]
	at org.apache.hadoop.ozone.protocolPB.OzoneManagerProtocolServerSideTranslatorPB.submitRequestDirectlyToOM(OzoneManagerProtocolServerSideTranslatorPB.java:276) ~[ozone-manager-1.3.0-SNAPSHOT.jar:?]
	at org.apache.hadoop.ozone.protocolPB.OzoneManagerProtocolServerSideTranslatorPB.processRequest(OzoneManagerProtocolServerSideTranslatorPB.java:205) ~[ozone-manager-1.3.0-SNAPSHOT.jar:?]
	at org.apache.hadoop.hdds.server.OzoneProtocolMessageDispatcher.processRequest(OzoneProtocolMessageDispatcher.java:87) [hdds-server-framework-1.3.0-SNAPSHOT.jar:?]
	at org.apache.hadoop.ozone.protocolPB.OzoneManagerProtocolServerSideTranslatorPB.submitRequest(OzoneManagerProtocolServerSideTranslatorPB.java:147) [ozone-manager-1.3.0-SNAPSHOT.jar:?]
	at org.apache.hadoop.ozone.protocol.proto.OzoneManagerProtocolProtos$OzoneManagerService$2.callBlockingMethod(OzoneManagerProtocolProtos.java) [ozone-interface-client-1.3.0-SNAPSHOT.jar:?]
	at org.apache.hadoop.ipc.ProtobufRpcEngine$Server.processCall(ProtobufRpcEngine.java:466) [hadoop-common-3.3.1.jar:?]
	at org.apache.hadoop.ipc.ProtobufRpcEngine2$Server$ProtoBufRpcInvoker.call(ProtobufRpcEngine2.java:574) [hadoop-common-3.3.1.jar:?]
	at org.apache.hadoop.ipc.ProtobufRpcEngine2$Server$ProtoBufRpcInvoker.call(ProtobufRpcEngine2.java:552) [hadoop-common-3.3.1.jar:?]
	at org.apache.hadoop.ipc.RPC$Server.call(RPC.java:1093) [hadoop-common-3.3.1.jar:?]
	at org.apache.hadoop.ipc.Server$RpcCall.run(Server.java:1035) [hadoop-common-3.3.1.jar:?]
	at org.apache.hadoop.ipc.Server$RpcCall.run(Server.java:963) [hadoop-common-3.3.1.jar:?]
	at java.security.AccessController.doPrivileged(Native Method) ~[?:1.8.0_332]
	at javax.security.auth.Subject.doAs(Subject.java:422) [?:1.8.0_332]
	at org.apache.hadoop.security.UserGroupInformation.doAs(UserGroupInformation.java:1878) [hadoop-common-3.3.1.jar:?]
	at org.apache.hadoop.ipc.Server$Handler.run(Server.java:2966) [hadoop-common-3.3.1.jar:?]
07:25:34.306 [IPC Server handler 2 on default port 43657] ERROR OMAudit - user=runner | ip=127.0.0.1 | op=GET_FILE_STATUS {volume=volume60763, bucket=bucket70510, key=testBatchDelete/parent/childFolder/child6, dataSize=0, replicationConfig=null} | ret=FAILURE
org.apache.hadoop.ozone.om.exceptions.OMException: Unable to get file status: volume: volume60763 bucket: bucket70510 key: testBatchDelete/parent/childFolder/child6
	at org.apache.hadoop.ozone.om.KeyManagerImpl.getOzoneFileStatus(KeyManagerImpl.java:1311) ~[ozone-manager-1.3.0-SNAPSHOT.jar:?]
	at org.apache.hadoop.ozone.om.KeyManagerImpl.getFileStatus(KeyManagerImpl.java:1241) ~[ozone-manager-1.3.0-SNAPSHOT.jar:?]
	at org.apache.hadoop.ozone.om.OzoneManager.getFileStatus(OzoneManager.java:3419) ~[ozone-manager-1.3.0-SNAPSHOT.jar:?]
	at org.apache.hadoop.ozone.protocolPB.OzoneManagerRequestHandler.getOzoneFileStatus(OzoneManagerRequestHandler.java:871) ~[ozone-manager-1.3.0-SNAPSHOT.jar:?]
	at org.apache.hadoop.ozone.protocolPB.OzoneManagerRequestHandler.handleReadRequest(OzoneManagerRequestHandler.java:217) ~[ozone-manager-1.3.0-SNAPSHOT.jar:?]
	at org.apache.hadoop.ozone.protocolPB.OzoneManagerProtocolServerSideTranslatorPB.submitRequestDirectlyToOM(OzoneManagerProtocolServerSideTranslatorPB.java:276) ~[ozone-manager-1.3.0-SNAPSHOT.jar:?]
	at org.apache.hadoop.ozone.protocolPB.OzoneManagerProtocolServerSideTranslatorPB.processRequest(OzoneManagerProtocolServerSideTranslatorPB.java:205) ~[ozone-manager-1.3.0-SNAPSHOT.jar:?]
	at org.apache.hadoop.hdds.server.OzoneProtocolMessageDispatcher.processRequest(OzoneProtocolMessageDispatcher.java:87) [hdds-server-framework-1.3.0-SNAPSHOT.jar:?]
	at org.apache.hadoop.ozone.protocolPB.OzoneManagerProtocolServerSideTranslatorPB.submitRequest(OzoneManagerProtocolServerSideTranslatorPB.java:147) [ozone-manager-1.3.0-SNAPSHOT.jar:?]
	at org.apache.hadoop.ozone.protocol.proto.OzoneManagerProtocolProtos$OzoneManagerService$2.callBlockingMethod(OzoneManagerProtocolProtos.java) [ozone-interface-client-1.3.0-SNAPSHOT.jar:?]
	at org.apache.hadoop.ipc.ProtobufRpcEngine$Server.processCall(ProtobufRpcEngine.java:466) [hadoop-common-3.3.1.jar:?]
	at org.apache.hadoop.ipc.ProtobufRpcEngine2$Server$ProtoBufRpcInvoker.call(ProtobufRpcEngine2.java:574) [hadoop-common-3.3.1.jar:?]
	at org.apache.hadoop.ipc.ProtobufRpcEngine2$Server$ProtoBufRpcInvoker.call(ProtobufRpcEngine2.java:552) [hadoop-common-3.3.1.jar:?]
	at org.apache.hadoop.ipc.RPC$Server.call(RPC.java:1093) [hadoop-common-3.3.1.jar:?]
	at org.apache.hadoop.ipc.Server$RpcCall.run(Server.java:1035) [hadoop-common-3.3.1.jar:?]
	at org.apache.hadoop.ipc.Server$RpcCall.run(Server.java:963) [hadoop-common-3.3.1.jar:?]
	at java.security.AccessController.doPrivileged(Native Method) ~[?:1.8.0_332]
	at javax.security.auth.Subject.doAs(Subject.java:422) [?:1.8.0_332]
	at org.apache.hadoop.security.UserGroupInformation.doAs(UserGroupInformation.java:1878) [hadoop-common-3.3.1.jar:?]
	at org.apache.hadoop.ipc.Server$Handler.run(Server.java:2966) [hadoop-common-3.3.1.jar:?]
07:25:34.312 [IPC Server handler 0 on default port 43657] ERROR OMAudit - user=runner | ip=127.0.0.1 | op=GET_FILE_STATUS {volume=volume60763, bucket=bucket70510, key=testBatchDelete/parent/child7, dataSize=0, replicationConfig=null} | ret=FAILURE
org.apache.hadoop.ozone.om.exceptions.OMException: Unable to get file status: volume: volume60763 bucket: bucket70510 key: testBatchDelete/parent/child7
	at org.apache.hadoop.ozone.om.KeyManagerImpl.getOzoneFileStatus(KeyManagerImpl.java:1311) ~[ozone-manager-1.3.0-SNAPSHOT.jar:?]
	at org.apache.hadoop.ozone.om.KeyManagerImpl.getFileStatus(KeyManagerImpl.java:1241) ~[ozone-manager-1.3.0-SNAPSHOT.jar:?]
	at org.apache.hadoop.ozone.om.OzoneManager.getFileStatus(OzoneManager.java:3419) ~[ozone-manager-1.3.0-SNAPSHOT.jar:?]
	at org.apache.hadoop.ozone.protocolPB.OzoneManagerRequestHandler.getOzoneFileStatus(OzoneManagerRequestHandler.java:871) ~[ozone-manager-1.3.0-SNAPSHOT.jar:?]
	at org.apache.hadoop.ozone.protocolPB.OzoneManagerRequestHandler.handleReadRequest(OzoneManagerRequestHandler.java:217) ~[ozone-manager-1.3.0-SNAPSHOT.jar:?]
	at org.apache.hadoop.ozone.protocolPB.OzoneManagerProtocolServerSideTranslatorPB.submitRequestDirectlyToOM(OzoneManagerProtocolServerSideTranslatorPB.java:276) ~[ozone-manager-1.3.0-SNAPSHOT.jar:?]
	at org.apache.hadoop.ozone.protocolPB.OzoneManagerProtocolServerSideTranslatorPB.processRequest(OzoneManagerProtocolServerSideTranslatorPB.java:205) ~[ozone-manager-1.3.0-SNAPSHOT.jar:?]
	at org.apache.hadoop.hdds.server.OzoneProtocolMessageDispatcher.processRequest(OzoneProtocolMessageDispatcher.java:87) [hdds-server-framework-1.3.0-SNAPSHOT.jar:?]
	at org.apache.hadoop.ozone.protocolPB.OzoneManagerProtocolServerSideTranslatorPB.submitRequest(OzoneManagerProtocolServerSideTranslatorPB.java:147) [ozone-manager-1.3.0-SNAPSHOT.jar:?]
	at org.apache.hadoop.ozone.protocol.proto.OzoneManagerProtocolProtos$OzoneManagerService$2.callBlockingMethod(OzoneManagerProtocolProtos.java) [ozone-interface-client-1.3.0-SNAPSHOT.jar:?]
	at org.apache.hadoop.ipc.ProtobufRpcEngine$Server.processCall(ProtobufRpcEngine.java:466) [hadoop-common-3.3.1.jar:?]
	at org.apache.hadoop.ipc.ProtobufRpcEngine2$Server$ProtoBufRpcInvoker.call(ProtobufRpcEngine2.java:574) [hadoop-common-3.3.1.jar:?]
	at org.apache.hadoop.ipc.ProtobufRpcEngine2$Server$ProtoBufRpcInvoker.call(ProtobufRpcEngine2.java:552) [hadoop-common-3.3.1.jar:?]
	at org.apache.hadoop.ipc.RPC$Server.call(RPC.java:1093) [hadoop-common-3.3.1.jar:?]
	at org.apache.hadoop.ipc.Server$RpcCall.run(Server.java:1035) [hadoop-common-3.3.1.jar:?]
	at org.apache.hadoop.ipc.Server$RpcCall.run(Server.java:963) [hadoop-common-3.3.1.jar:?]
	at java.security.AccessController.doPrivileged(Native Method) ~[?:1.8.0_332]
	at javax.security.auth.Subject.doAs(Subject.java:422) [?:1.8.0_332]
	at org.apache.hadoop.security.UserGroupInformation.doAs(UserGroupInformation.java:1878) [hadoop-common-3.3.1.jar:?]
	at org.apache.hadoop.ipc.Server$Handler.run(Server.java:2966) [hadoop-common-3.3.1.jar:?]
07:25:34.317 [IPC Server handler 18 on default port 43657] ERROR OMAudit - user=runner | ip=127.0.0.1 | op=GET_FILE_STATUS {volume=volume60763, bucket=bucket70510, key=testBatchDelete/parent/childFolder/child7, dataSize=0, replicationConfig=null} | ret=FAILURE
org.apache.hadoop.ozone.om.exceptions.OMException: Unable to get file status: volume: volume60763 bucket: bucket70510 key: testBatchDelete/parent/childFolder/child7
	at org.apache.hadoop.ozone.om.KeyManagerImpl.getOzoneFileStatus(KeyManagerImpl.java:1311) ~[ozone-manager-1.3.0-SNAPSHOT.jar:?]
	at org.apache.hadoop.ozone.om.KeyManagerImpl.getFileStatus(KeyManagerImpl.java:1241) ~[ozone-manager-1.3.0-SNAPSHOT.jar:?]
	at org.apache.hadoop.ozone.om.OzoneManager.getFileStatus(OzoneManager.java:3419) ~[ozone-manager-1.3.0-SNAPSHOT.jar:?]
	at org.apache.hadoop.ozone.protocolPB.OzoneManagerRequestHandler.getOzoneFileStatus(OzoneManagerRequestHandler.java:871) ~[ozone-manager-1.3.0-SNAPSHOT.jar:?]
	at org.apache.hadoop.ozone.protocolPB.OzoneManagerRequestHandler.handleReadRequest(OzoneManagerRequestHandler.java:217) ~[ozone-manager-1.3.0-SNAPSHOT.jar:?]
	at org.apache.hadoop.ozone.protocolPB.OzoneManagerProtocolServerSideTranslatorPB.submitRequestDirectlyToOM(OzoneManagerProtocolServerSideTranslatorPB.java:276) ~[ozone-manager-1.3.0-SNAPSHOT.jar:?]
	at org.apache.hadoop.ozone.protocolPB.OzoneManagerProtocolServerSideTranslatorPB.processRequest(OzoneManagerProtocolServerSideTranslatorPB.java:205) ~[ozone-manager-1.3.0-SNAPSHOT.jar:?]
	at org.apache.hadoop.hdds.server.OzoneProtocolMessageDispatcher.processRequest(OzoneProtocolMessageDispatcher.java:87) [hdds-server-framework-1.3.0-SNAPSHOT.jar:?]
	at org.apache.hadoop.ozone.protocolPB.OzoneManagerProtocolServerSideTranslatorPB.submitRequest(OzoneManagerProtocolServerSideTranslatorPB.java:147) [ozone-manager-1.3.0-SNAPSHOT.jar:?]
	at org.apache.hadoop.ozone.protocol.proto.OzoneManagerProtocolProtos$OzoneManagerService$2.callBlockingMethod(OzoneManagerProtocolProtos.java) [ozone-interface-client-1.3.0-SNAPSHOT.jar:?]
	at org.apache.hadoop.ipc.ProtobufRpcEngine$Server.processCall(ProtobufRpcEngine.java:466) [hadoop-common-3.3.1.jar:?]
	at org.apache.hadoop.ipc.ProtobufRpcEngine2$Server$ProtoBufRpcInvoker.call(ProtobufRpcEngine2.java:574) [hadoop-common-3.3.1.jar:?]
	at org.apache.hadoop.ipc.ProtobufRpcEngine2$Server$ProtoBufRpcInvoker.call(ProtobufRpcEngine2.java:552) [hadoop-common-3.3.1.jar:?]
	at org.apache.hadoop.ipc.RPC$Server.call(RPC.java:1093) [hadoop-common-3.3.1.jar:?]
	at org.apache.hadoop.ipc.Server$RpcCall.run(Server.java:1035) [hadoop-common-3.3.1.jar:?]
	at org.apache.hadoop.ipc.Server$RpcCall.run(Server.java:963) [hadoop-common-3.3.1.jar:?]
	at java.security.AccessController.doPrivileged(Native Method) ~[?:1.8.0_332]
	at javax.security.auth.Subject.doAs(Subject.java:422) [?:1.8.0_332]
	at org.apache.hadoop.security.UserGroupInformation.doAs(UserGroupInformation.java:1878) [hadoop-common-3.3.1.jar:?]
	at org.apache.hadoop.ipc.Server$Handler.run(Server.java:2966) [hadoop-common-3.3.1.jar:?]
07:25:34.318 [IPC Server handler 11 on default port 43657] ERROR OMAudit - user=runner | ip=127.0.0.1 | op=GET_FILE_STATUS {volume=volume60763, bucket=bucket70510, key=testBatchDelete/parent, dataSize=0, replicationConfig=null} | ret=FAILURE
org.apache.hadoop.ozone.om.exceptions.OMException: Unable to get file status: volume: volume60763 bucket: bucket70510 key: testBatchDelete/parent
	at org.apache.hadoop.ozone.om.KeyManagerImpl.getOzoneFileStatus(KeyManagerImpl.java:1311) ~[ozone-manager-1.3.0-SNAPSHOT.jar:?]
	at org.apache.hadoop.ozone.om.KeyManagerImpl.getFileStatus(KeyManagerImpl.java:1241) ~[ozone-manager-1.3.0-SNAPSHOT.jar:?]
	at org.apache.hadoop.ozone.om.OzoneManager.getFileStatus(OzoneManager.java:3419) ~[ozone-manager-1.3.0-SNAPSHOT.jar:?]
	at org.apache.hadoop.ozone.protocolPB.OzoneManagerRequestHandler.getOzoneFileStatus(OzoneManagerRequestHandler.java:871) ~[ozone-manager-1.3.0-SNAPSHOT.jar:?]
	at org.apache.hadoop.ozone.protocolPB.OzoneManagerRequestHandler.handleReadRequest(OzoneManagerRequestHandler.java:217) ~[ozone-manager-1.3.0-SNAPSHOT.jar:?]
	at org.apache.hadoop.ozone.protocolPB.OzoneManagerProtocolServerSideTranslatorPB.submitRequestDirectlyToOM(OzoneManagerProtocolServerSideTranslatorPB.java:276) ~[ozone-manager-1.3.0-SNAPSHOT.jar:?]
	at org.apache.hadoop.ozone.protocolPB.OzoneManagerProtocolServerSideTranslatorPB.processRequest(OzoneManagerProtocolServerSideTranslatorPB.java:205) ~[ozone-manager-1.3.0-SNAPSHOT.jar:?]
	at org.apache.hadoop.hdds.server.OzoneProtocolMessageDispatcher.processRequest(OzoneProtocolMessageDispatcher.java:87) [hdds-server-framework-1.3.0-SNAPSHOT.jar:?]
	at org.apache.hadoop.ozone.protocolPB.OzoneManagerProtocolServerSideTranslatorPB.submitRequest(OzoneManagerProtocolServerSideTranslatorPB.java:147) [ozone-manager-1.3.0-SNAPSHOT.jar:?]
	at org.apache.hadoop.ozone.protocol.proto.OzoneManagerProtocolProtos$OzoneManagerService$2.callBlockingMethod(OzoneManagerProtocolProtos.java) [ozone-interface-client-1.3.0-SNAPSHOT.jar:?]
	at org.apache.hadoop.ipc.ProtobufRpcEngine$Server.processCall(ProtobufRpcEngine.java:466) [hadoop-common-3.3.1.jar:?]
	at org.apache.hadoop.ipc.ProtobufRpcEngine2$Server$ProtoBufRpcInvoker.call(ProtobufRpcEngine2.java:574) [hadoop-common-3.3.1.jar:?]
	at org.apache.hadoop.ipc.ProtobufRpcEngine2$Server$ProtoBufRpcInvoker.call(ProtobufRpcEngine2.java:552) [hadoop-common-3.3.1.jar:?]
	at org.apache.hadoop.ipc.RPC$Server.call(RPC.java:1093) [hadoop-common-3.3.1.jar:?]
	at org.apache.hadoop.ipc.Server$RpcCall.run(Server.java:1035) [hadoop-common-3.3.1.jar:?]
	at org.apache.hadoop.ipc.Server$RpcCall.run(Server.java:963) [hadoop-common-3.3.1.jar:?]
	at java.security.AccessController.doPrivileged(Native Method) ~[?:1.8.0_332]
	at javax.security.auth.Subject.doAs(Subject.java:422) [?:1.8.0_332]
	at org.apache.hadoop.security.UserGroupInformation.doAs(UserGroupInformation.java:1878) [hadoop-common-3.3.1.jar:?]
	at org.apache.hadoop.ipc.Server$Handler.run(Server.java:2966) [hadoop-common-3.3.1.jar:?]
2022-07-02 07:25:34,319 [Time-limited test] WARN  ozone.BasicRootedOzoneFileSystem (BasicRootedOzoneFileSystem.java:delete(572)) - delete: Path does not exist: /volume60763/bucket70510/testBatchDelete/parent
]]></system-out>
  </testcase>
  <testcase name="testRenameToTrashEnabled" classname="TestRootedOzoneFileSystem" time="0.278">
    <failure type="java.lang.AssertionError"><![CDATA[java.lang.AssertionError
	at org.junit.Assert.fail(Assert.java:87)
	at org.junit.Assert.assertTrue(Assert.java:42)
	at org.junit.Assert.assertTrue(Assert.java:53)
	at org.apache.hadoop.fs.ozone.TestRootedOzoneFileSystem.testRenameToTrashEnabled(TestRootedOzoneFileSystem.java:1286)
	at sun.reflect.NativeMethodAccessorImpl.invoke0(Native Method)
	at sun.reflect.NativeMethodAccessorImpl.invoke(NativeMethodAccessorImpl.java:62)
	at sun.reflect.DelegatingMethodAccessorImpl.invoke(DelegatingMethodAccessorImpl.java:43)
	at java.lang.reflect.Method.invoke(Method.java:498)
	at org.junit.runners.model.FrameworkMethod$1.runReflectiveCall(FrameworkMethod.java:59)
	at org.junit.internal.runners.model.ReflectiveCallable.run(ReflectiveCallable.java:12)
	at org.junit.runners.model.FrameworkMethod.invokeExplosively(FrameworkMethod.java:56)
	at org.junit.internal.runners.statements.InvokeMethod.evaluate(InvokeMethod.java:17)
	at org.junit.internal.runners.statements.RunBefores.evaluate(RunBefores.java:26)
	at org.junit.internal.runners.statements.RunAfters.evaluate(RunAfters.java:27)
	at org.junit.internal.runners.statements.FailOnTimeout$CallableStatement.call(FailOnTimeout.java:288)
	at org.junit.internal.runners.statements.FailOnTimeout$CallableStatement.call(FailOnTimeout.java:282)
	at java.util.concurrent.FutureTask.run(FutureTask.java:266)
	at java.lang.Thread.run(Thread.java:750)
]]></failure>
    <system-out><![CDATA[2022-07-02 07:20:02,791 [Time-limited test] INFO  rpc.RpcClient (RpcClient.java:createVolume(466)) - Creating Volume: volume73284, with user28719 as owner and space quota set to -1 bytes, counts quota set to -1
2022-07-02 07:20:02,793 [OM StateMachine ApplyTransaction Thread - 0] INFO  volume.OMVolumeCreateRequest (OMVolumeCreateRequest.java:validateAndUpdateCache(195)) - created volume:volume73284 for user:user28719
2022-07-02 07:20:02,795 [Time-limited test] INFO  rpc.RpcClient (RpcClient.java:createBucket(669)) - Creating Bucket: volume73284/bucket13121, with bucket layout LEGACY, runner as owner, Versioning false, Storage Type set to DISK and Encryption set to false 
2022-07-02 07:20:02,799 [OM StateMachine ApplyTransaction Thread - 0] INFO  bucket.OMBucketCreateRequest (OMBucketCreateRequest.java:validateAndUpdateCache(260)) - created bucket: bucket13121 of layout LEGACY in volume: volume73284
07:20:02.985 [IPC Server handler 17 on default port 41977] ERROR OMAudit - user=runner | ip=127.0.0.1 | op=GET_FILE_STATUS {volume=volume73284, bucket=bucket13121, key=.Trash/runner/Current/volume73284/bucket13121/testKey2, dataSize=0, replicationConfig=null} | ret=FAILURE
org.apache.hadoop.ozone.om.exceptions.OMException: Unable to get file status: volume: volume73284 bucket: bucket13121 key: .Trash/runner/Current/volume73284/bucket13121/testKey2
	at org.apache.hadoop.ozone.om.KeyManagerImpl.getOzoneFileStatus(KeyManagerImpl.java:1311) ~[ozone-manager-1.3.0-SNAPSHOT.jar:?]
	at org.apache.hadoop.ozone.om.KeyManagerImpl.getFileStatus(KeyManagerImpl.java:1241) ~[ozone-manager-1.3.0-SNAPSHOT.jar:?]
	at org.apache.hadoop.ozone.om.OzoneManager.getFileStatus(OzoneManager.java:3419) ~[ozone-manager-1.3.0-SNAPSHOT.jar:?]
	at org.apache.hadoop.ozone.protocolPB.OzoneManagerRequestHandler.getOzoneFileStatus(OzoneManagerRequestHandler.java:871) ~[ozone-manager-1.3.0-SNAPSHOT.jar:?]
	at org.apache.hadoop.ozone.protocolPB.OzoneManagerRequestHandler.handleReadRequest(OzoneManagerRequestHandler.java:217) ~[ozone-manager-1.3.0-SNAPSHOT.jar:?]
	at org.apache.hadoop.ozone.protocolPB.OzoneManagerProtocolServerSideTranslatorPB.submitReadRequestToOM(OzoneManagerProtocolServerSideTranslatorPB.java:226) ~[ozone-manager-1.3.0-SNAPSHOT.jar:?]
	at org.apache.hadoop.ozone.protocolPB.OzoneManagerProtocolServerSideTranslatorPB.processRequest(OzoneManagerProtocolServerSideTranslatorPB.java:175) ~[ozone-manager-1.3.0-SNAPSHOT.jar:?]
	at org.apache.hadoop.hdds.server.OzoneProtocolMessageDispatcher.processRequest(OzoneProtocolMessageDispatcher.java:87) [hdds-server-framework-1.3.0-SNAPSHOT.jar:?]
	at org.apache.hadoop.ozone.protocolPB.OzoneManagerProtocolServerSideTranslatorPB.submitRequest(OzoneManagerProtocolServerSideTranslatorPB.java:147) [ozone-manager-1.3.0-SNAPSHOT.jar:?]
	at org.apache.hadoop.ozone.protocol.proto.OzoneManagerProtocolProtos$OzoneManagerService$2.callBlockingMethod(OzoneManagerProtocolProtos.java) [ozone-interface-client-1.3.0-SNAPSHOT.jar:?]
	at org.apache.hadoop.ipc.ProtobufRpcEngine$Server.processCall(ProtobufRpcEngine.java:466) [hadoop-common-3.3.1.jar:?]
	at org.apache.hadoop.ipc.ProtobufRpcEngine2$Server$ProtoBufRpcInvoker.call(ProtobufRpcEngine2.java:574) [hadoop-common-3.3.1.jar:?]
	at org.apache.hadoop.ipc.ProtobufRpcEngine2$Server$ProtoBufRpcInvoker.call(ProtobufRpcEngine2.java:552) [hadoop-common-3.3.1.jar:?]
	at org.apache.hadoop.ipc.RPC$Server.call(RPC.java:1093) [hadoop-common-3.3.1.jar:?]
	at org.apache.hadoop.ipc.Server$RpcCall.run(Server.java:1035) [hadoop-common-3.3.1.jar:?]
	at org.apache.hadoop.ipc.Server$RpcCall.run(Server.java:963) [hadoop-common-3.3.1.jar:?]
	at java.security.AccessController.doPrivileged(Native Method) ~[?:1.8.0_332]
	at javax.security.auth.Subject.doAs(Subject.java:422) [?:1.8.0_332]
	at org.apache.hadoop.security.UserGroupInformation.doAs(UserGroupInformation.java:1878) [hadoop-common-3.3.1.jar:?]
	at org.apache.hadoop.ipc.Server$Handler.run(Server.java:2966) [hadoop-common-3.3.1.jar:?]
07:20:02.994 [IPC Server handler 4 on default port 41977] ERROR OMAudit - user=runner | ip=127.0.0.1 | op=GET_FILE_STATUS {volume=volume73284, bucket=bucket13121, key=.Trash/runner/Current/volume73284/bucket13121/testKey2, dataSize=0, replicationConfig=null} | ret=FAILURE
org.apache.hadoop.ozone.om.exceptions.OMException: Unable to get file status: volume: volume73284 bucket: bucket13121 key: .Trash/runner/Current/volume73284/bucket13121/testKey2
	at org.apache.hadoop.ozone.om.KeyManagerImpl.getOzoneFileStatus(KeyManagerImpl.java:1311) ~[ozone-manager-1.3.0-SNAPSHOT.jar:?]
	at org.apache.hadoop.ozone.om.KeyManagerImpl.getFileStatus(KeyManagerImpl.java:1241) ~[ozone-manager-1.3.0-SNAPSHOT.jar:?]
	at org.apache.hadoop.ozone.om.OzoneManager.getFileStatus(OzoneManager.java:3419) ~[ozone-manager-1.3.0-SNAPSHOT.jar:?]
	at org.apache.hadoop.ozone.protocolPB.OzoneManagerRequestHandler.getOzoneFileStatus(OzoneManagerRequestHandler.java:871) ~[ozone-manager-1.3.0-SNAPSHOT.jar:?]
	at org.apache.hadoop.ozone.protocolPB.OzoneManagerRequestHandler.handleReadRequest(OzoneManagerRequestHandler.java:217) ~[ozone-manager-1.3.0-SNAPSHOT.jar:?]
	at org.apache.hadoop.ozone.protocolPB.OzoneManagerProtocolServerSideTranslatorPB.submitReadRequestToOM(OzoneManagerProtocolServerSideTranslatorPB.java:226) ~[ozone-manager-1.3.0-SNAPSHOT.jar:?]
	at org.apache.hadoop.ozone.protocolPB.OzoneManagerProtocolServerSideTranslatorPB.processRequest(OzoneManagerProtocolServerSideTranslatorPB.java:175) ~[ozone-manager-1.3.0-SNAPSHOT.jar:?]
	at org.apache.hadoop.hdds.server.OzoneProtocolMessageDispatcher.processRequest(OzoneProtocolMessageDispatcher.java:87) [hdds-server-framework-1.3.0-SNAPSHOT.jar:?]
	at org.apache.hadoop.ozone.protocolPB.OzoneManagerProtocolServerSideTranslatorPB.submitRequest(OzoneManagerProtocolServerSideTranslatorPB.java:147) [ozone-manager-1.3.0-SNAPSHOT.jar:?]
	at org.apache.hadoop.ozone.protocol.proto.OzoneManagerProtocolProtos$OzoneManagerService$2.callBlockingMethod(OzoneManagerProtocolProtos.java) [ozone-interface-client-1.3.0-SNAPSHOT.jar:?]
	at org.apache.hadoop.ipc.ProtobufRpcEngine$Server.processCall(ProtobufRpcEngine.java:466) [hadoop-common-3.3.1.jar:?]
	at org.apache.hadoop.ipc.ProtobufRpcEngine2$Server$ProtoBufRpcInvoker.call(ProtobufRpcEngine2.java:574) [hadoop-common-3.3.1.jar:?]
	at org.apache.hadoop.ipc.ProtobufRpcEngine2$Server$ProtoBufRpcInvoker.call(ProtobufRpcEngine2.java:552) [hadoop-common-3.3.1.jar:?]
	at org.apache.hadoop.ipc.RPC$Server.call(RPC.java:1093) [hadoop-common-3.3.1.jar:?]
	at org.apache.hadoop.ipc.Server$RpcCall.run(Server.java:1035) [hadoop-common-3.3.1.jar:?]
	at org.apache.hadoop.ipc.Server$RpcCall.run(Server.java:963) [hadoop-common-3.3.1.jar:?]
	at java.security.AccessController.doPrivileged(Native Method) ~[?:1.8.0_332]
	at javax.security.auth.Subject.doAs(Subject.java:422) [?:1.8.0_332]
	at org.apache.hadoop.security.UserGroupInformation.doAs(UserGroupInformation.java:1878) [hadoop-common-3.3.1.jar:?]
	at org.apache.hadoop.ipc.Server$Handler.run(Server.java:2966) [hadoop-common-3.3.1.jar:?]
2022-07-02 07:20:03,018 [Time-limited test] INFO  fs.TrashPolicyDefault (TrashPolicyDefault.java:moveToTrash(188)) - Moved: '/volume73284/bucket13121/testKey2' to trash at: ofs:/volume73284/bucket13121/.Trash/runner/Current/volume73284/bucket13121/testKey2
07:20:03.021 [IPC Server handler 16 on default port 41977] ERROR OMAudit - user=runner | ip=127.0.0.1 | op=GET_FILE_STATUS {volume=volume73284, bucket=bucket13121, key=.Trash/runner/Current, dataSize=0, replicationConfig=null} | ret=FAILURE
org.apache.hadoop.ozone.om.exceptions.OMException: Unable to get file status: volume: volume73284 bucket: bucket13121 key: .Trash/runner/Current
	at org.apache.hadoop.ozone.om.KeyManagerImpl.getOzoneFileStatus(KeyManagerImpl.java:1311) ~[ozone-manager-1.3.0-SNAPSHOT.jar:?]
	at org.apache.hadoop.ozone.om.KeyManagerImpl.getFileStatus(KeyManagerImpl.java:1241) ~[ozone-manager-1.3.0-SNAPSHOT.jar:?]
	at org.apache.hadoop.ozone.om.OzoneManager.getFileStatus(OzoneManager.java:3419) ~[ozone-manager-1.3.0-SNAPSHOT.jar:?]
	at org.apache.hadoop.ozone.protocolPB.OzoneManagerRequestHandler.getOzoneFileStatus(OzoneManagerRequestHandler.java:871) ~[ozone-manager-1.3.0-SNAPSHOT.jar:?]
	at org.apache.hadoop.ozone.protocolPB.OzoneManagerRequestHandler.handleReadRequest(OzoneManagerRequestHandler.java:217) ~[ozone-manager-1.3.0-SNAPSHOT.jar:?]
	at org.apache.hadoop.ozone.protocolPB.OzoneManagerProtocolServerSideTranslatorPB.submitReadRequestToOM(OzoneManagerProtocolServerSideTranslatorPB.java:226) ~[ozone-manager-1.3.0-SNAPSHOT.jar:?]
	at org.apache.hadoop.ozone.protocolPB.OzoneManagerProtocolServerSideTranslatorPB.processRequest(OzoneManagerProtocolServerSideTranslatorPB.java:175) ~[ozone-manager-1.3.0-SNAPSHOT.jar:?]
	at org.apache.hadoop.hdds.server.OzoneProtocolMessageDispatcher.processRequest(OzoneProtocolMessageDispatcher.java:87) [hdds-server-framework-1.3.0-SNAPSHOT.jar:?]
	at org.apache.hadoop.ozone.protocolPB.OzoneManagerProtocolServerSideTranslatorPB.submitRequest(OzoneManagerProtocolServerSideTranslatorPB.java:147) [ozone-manager-1.3.0-SNAPSHOT.jar:?]
	at org.apache.hadoop.ozone.protocol.proto.OzoneManagerProtocolProtos$OzoneManagerService$2.callBlockingMethod(OzoneManagerProtocolProtos.java) [ozone-interface-client-1.3.0-SNAPSHOT.jar:?]
	at org.apache.hadoop.ipc.ProtobufRpcEngine$Server.processCall(ProtobufRpcEngine.java:466) [hadoop-common-3.3.1.jar:?]
	at org.apache.hadoop.ipc.ProtobufRpcEngine2$Server$ProtoBufRpcInvoker.call(ProtobufRpcEngine2.java:574) [hadoop-common-3.3.1.jar:?]
	at org.apache.hadoop.ipc.ProtobufRpcEngine2$Server$ProtoBufRpcInvoker.call(ProtobufRpcEngine2.java:552) [hadoop-common-3.3.1.jar:?]
	at org.apache.hadoop.ipc.RPC$Server.call(RPC.java:1093) [hadoop-common-3.3.1.jar:?]
	at org.apache.hadoop.ipc.Server$RpcCall.run(Server.java:1035) [hadoop-common-3.3.1.jar:?]
	at org.apache.hadoop.ipc.Server$RpcCall.run(Server.java:963) [hadoop-common-3.3.1.jar:?]
	at java.security.AccessController.doPrivileged(Native Method) ~[?:1.8.0_332]
	at javax.security.auth.Subject.doAs(Subject.java:422) [?:1.8.0_332]
	at org.apache.hadoop.security.UserGroupInformation.doAs(UserGroupInformation.java:1878) [hadoop-common-3.3.1.jar:?]
	at org.apache.hadoop.ipc.Server$Handler.run(Server.java:2966) [hadoop-common-3.3.1.jar:?]
]]></system-out>
  </testcase>
  <testcase name="testRenameToTrashEnabled" classname="TestRootedOzoneFileSystem" time="0.277">
    <system-out><![CDATA[2022-07-02 07:21:15,103 [Time-limited test] INFO  rpc.RpcClient (RpcClient.java:createVolume(466)) - Creating Volume: volume43312, with user08118 as owner and space quota set to -1 bytes, counts quota set to -1
2022-07-02 07:21:15,107 [OM StateMachine ApplyTransaction Thread - 0] INFO  volume.OMVolumeCreateRequest (OMVolumeCreateRequest.java:validateAndUpdateCache(195)) - created volume:volume43312 for user:user08118
2022-07-02 07:21:15,108 [Time-limited test] INFO  rpc.RpcClient (RpcClient.java:createBucket(669)) - Creating Bucket: volume43312/bucket38763, with bucket layout LEGACY, runner as owner, Versioning false, Storage Type set to DISK and Encryption set to false 
2022-07-02 07:21:15,109 [OM StateMachine ApplyTransaction Thread - 0] INFO  bucket.OMBucketCreateRequest (OMBucketCreateRequest.java:validateAndUpdateCache(260)) - created bucket: bucket38763 of layout LEGACY in volume: volume43312
07:21:15.276 [IPC Server handler 18 on default port 42659] ERROR OMAudit - user=runner | ip=127.0.0.1 | op=GET_FILE_STATUS {volume=volume43312, bucket=bucket38763, key=.Trash/runner/Current/volume43312/bucket38763/testKey2, dataSize=0, replicationConfig=null} | ret=FAILURE
org.apache.hadoop.ozone.om.exceptions.OMException: Unable to get file status: volume: volume43312 bucket: bucket38763 key: .Trash/runner/Current/volume43312/bucket38763/testKey2
	at org.apache.hadoop.ozone.om.KeyManagerImpl.getOzoneFileStatus(KeyManagerImpl.java:1311) ~[ozone-manager-1.3.0-SNAPSHOT.jar:?]
	at org.apache.hadoop.ozone.om.KeyManagerImpl.getFileStatus(KeyManagerImpl.java:1241) ~[ozone-manager-1.3.0-SNAPSHOT.jar:?]
	at org.apache.hadoop.ozone.om.OzoneManager.getFileStatus(OzoneManager.java:3419) ~[ozone-manager-1.3.0-SNAPSHOT.jar:?]
	at org.apache.hadoop.ozone.protocolPB.OzoneManagerRequestHandler.getOzoneFileStatus(OzoneManagerRequestHandler.java:871) ~[ozone-manager-1.3.0-SNAPSHOT.jar:?]
	at org.apache.hadoop.ozone.protocolPB.OzoneManagerRequestHandler.handleReadRequest(OzoneManagerRequestHandler.java:217) ~[ozone-manager-1.3.0-SNAPSHOT.jar:?]
	at org.apache.hadoop.ozone.protocolPB.OzoneManagerProtocolServerSideTranslatorPB.submitReadRequestToOM(OzoneManagerProtocolServerSideTranslatorPB.java:226) ~[ozone-manager-1.3.0-SNAPSHOT.jar:?]
	at org.apache.hadoop.ozone.protocolPB.OzoneManagerProtocolServerSideTranslatorPB.processRequest(OzoneManagerProtocolServerSideTranslatorPB.java:175) ~[ozone-manager-1.3.0-SNAPSHOT.jar:?]
	at org.apache.hadoop.hdds.server.OzoneProtocolMessageDispatcher.processRequest(OzoneProtocolMessageDispatcher.java:87) [hdds-server-framework-1.3.0-SNAPSHOT.jar:?]
	at org.apache.hadoop.ozone.protocolPB.OzoneManagerProtocolServerSideTranslatorPB.submitRequest(OzoneManagerProtocolServerSideTranslatorPB.java:147) [ozone-manager-1.3.0-SNAPSHOT.jar:?]
	at org.apache.hadoop.ozone.protocol.proto.OzoneManagerProtocolProtos$OzoneManagerService$2.callBlockingMethod(OzoneManagerProtocolProtos.java) [ozone-interface-client-1.3.0-SNAPSHOT.jar:?]
	at org.apache.hadoop.ipc.ProtobufRpcEngine$Server.processCall(ProtobufRpcEngine.java:466) [hadoop-common-3.3.1.jar:?]
	at org.apache.hadoop.ipc.ProtobufRpcEngine2$Server$ProtoBufRpcInvoker.call(ProtobufRpcEngine2.java:574) [hadoop-common-3.3.1.jar:?]
	at org.apache.hadoop.ipc.ProtobufRpcEngine2$Server$ProtoBufRpcInvoker.call(ProtobufRpcEngine2.java:552) [hadoop-common-3.3.1.jar:?]
	at org.apache.hadoop.ipc.RPC$Server.call(RPC.java:1093) [hadoop-common-3.3.1.jar:?]
	at org.apache.hadoop.ipc.Server$RpcCall.run(Server.java:1035) [hadoop-common-3.3.1.jar:?]
	at org.apache.hadoop.ipc.Server$RpcCall.run(Server.java:963) [hadoop-common-3.3.1.jar:?]
	at java.security.AccessController.doPrivileged(Native Method) ~[?:1.8.0_332]
	at javax.security.auth.Subject.doAs(Subject.java:422) [?:1.8.0_332]
	at org.apache.hadoop.security.UserGroupInformation.doAs(UserGroupInformation.java:1878) [hadoop-common-3.3.1.jar:?]
	at org.apache.hadoop.ipc.Server$Handler.run(Server.java:2966) [hadoop-common-3.3.1.jar:?]
07:21:15.280 [IPC Server handler 13 on default port 42659] ERROR OMAudit - user=runner | ip=127.0.0.1 | op=GET_FILE_STATUS {volume=volume43312, bucket=bucket38763, key=.Trash/runner/Current/volume43312/bucket38763/testKey2, dataSize=0, replicationConfig=null} | ret=FAILURE
org.apache.hadoop.ozone.om.exceptions.OMException: Unable to get file status: volume: volume43312 bucket: bucket38763 key: .Trash/runner/Current/volume43312/bucket38763/testKey2
	at org.apache.hadoop.ozone.om.KeyManagerImpl.getOzoneFileStatus(KeyManagerImpl.java:1311) ~[ozone-manager-1.3.0-SNAPSHOT.jar:?]
	at org.apache.hadoop.ozone.om.KeyManagerImpl.getFileStatus(KeyManagerImpl.java:1241) ~[ozone-manager-1.3.0-SNAPSHOT.jar:?]
	at org.apache.hadoop.ozone.om.OzoneManager.getFileStatus(OzoneManager.java:3419) ~[ozone-manager-1.3.0-SNAPSHOT.jar:?]
	at org.apache.hadoop.ozone.protocolPB.OzoneManagerRequestHandler.getOzoneFileStatus(OzoneManagerRequestHandler.java:871) ~[ozone-manager-1.3.0-SNAPSHOT.jar:?]
	at org.apache.hadoop.ozone.protocolPB.OzoneManagerRequestHandler.handleReadRequest(OzoneManagerRequestHandler.java:217) ~[ozone-manager-1.3.0-SNAPSHOT.jar:?]
	at org.apache.hadoop.ozone.protocolPB.OzoneManagerProtocolServerSideTranslatorPB.submitReadRequestToOM(OzoneManagerProtocolServerSideTranslatorPB.java:226) ~[ozone-manager-1.3.0-SNAPSHOT.jar:?]
	at org.apache.hadoop.ozone.protocolPB.OzoneManagerProtocolServerSideTranslatorPB.processRequest(OzoneManagerProtocolServerSideTranslatorPB.java:175) ~[ozone-manager-1.3.0-SNAPSHOT.jar:?]
	at org.apache.hadoop.hdds.server.OzoneProtocolMessageDispatcher.processRequest(OzoneProtocolMessageDispatcher.java:87) [hdds-server-framework-1.3.0-SNAPSHOT.jar:?]
	at org.apache.hadoop.ozone.protocolPB.OzoneManagerProtocolServerSideTranslatorPB.submitRequest(OzoneManagerProtocolServerSideTranslatorPB.java:147) [ozone-manager-1.3.0-SNAPSHOT.jar:?]
	at org.apache.hadoop.ozone.protocol.proto.OzoneManagerProtocolProtos$OzoneManagerService$2.callBlockingMethod(OzoneManagerProtocolProtos.java) [ozone-interface-client-1.3.0-SNAPSHOT.jar:?]
	at org.apache.hadoop.ipc.ProtobufRpcEngine$Server.processCall(ProtobufRpcEngine.java:466) [hadoop-common-3.3.1.jar:?]
	at org.apache.hadoop.ipc.ProtobufRpcEngine2$Server$ProtoBufRpcInvoker.call(ProtobufRpcEngine2.java:574) [hadoop-common-3.3.1.jar:?]
	at org.apache.hadoop.ipc.ProtobufRpcEngine2$Server$ProtoBufRpcInvoker.call(ProtobufRpcEngine2.java:552) [hadoop-common-3.3.1.jar:?]
	at org.apache.hadoop.ipc.RPC$Server.call(RPC.java:1093) [hadoop-common-3.3.1.jar:?]
	at org.apache.hadoop.ipc.Server$RpcCall.run(Server.java:1035) [hadoop-common-3.3.1.jar:?]
	at org.apache.hadoop.ipc.Server$RpcCall.run(Server.java:963) [hadoop-common-3.3.1.jar:?]
	at java.security.AccessController.doPrivileged(Native Method) ~[?:1.8.0_332]
	at javax.security.auth.Subject.doAs(Subject.java:422) [?:1.8.0_332]
	at org.apache.hadoop.security.UserGroupInformation.doAs(UserGroupInformation.java:1878) [hadoop-common-3.3.1.jar:?]
	at org.apache.hadoop.ipc.Server$Handler.run(Server.java:2966) [hadoop-common-3.3.1.jar:?]
2022-07-02 07:21:15,286 [Time-limited test] INFO  fs.TrashPolicyDefault (TrashPolicyDefault.java:moveToTrash(188)) - Moved: '/volume43312/bucket38763/testKey2' to trash at: ofs:/volume43312/bucket38763/.Trash/runner/Current/volume43312/bucket38763/testKey2
]]></system-out>
  </testcase>
  <testcase name="testRenameToTrashEnabled" classname="TestRootedOzoneFileSystem" time="0.358">
    <system-out><![CDATA[2022-07-02 07:22:27,108 [Time-limited test] INFO  rpc.RpcClient (RpcClient.java:createVolume(466)) - Creating Volume: volume45129, with user66916 as owner and space quota set to -1 bytes, counts quota set to -1
2022-07-02 07:22:27,109 [IPC Server handler 11 on default port 38347] INFO  volume.OMVolumeCreateRequest (OMVolumeCreateRequest.java:validateAndUpdateCache(195)) - created volume:volume45129 for user:user66916
2022-07-02 07:22:27,110 [Time-limited test] INFO  rpc.RpcClient (RpcClient.java:createBucket(669)) - Creating Bucket: volume45129/bucket66804, with bucket layout LEGACY, runner as owner, Versioning false, Storage Type set to DISK and Encryption set to false 
2022-07-02 07:22:27,111 [IPC Server handler 13 on default port 38347] INFO  bucket.OMBucketCreateRequest (OMBucketCreateRequest.java:validateAndUpdateCache(260)) - created bucket: bucket66804 of layout LEGACY in volume: volume45129
07:22:27.295 [IPC Server handler 8 on default port 38347] ERROR OMAudit - user=runner | ip=127.0.0.1 | op=GET_FILE_STATUS {volume=volume45129, bucket=bucket66804, key=.Trash/runner/Current/volume45129/bucket66804/testKey2, dataSize=0, replicationConfig=null} | ret=FAILURE
org.apache.hadoop.ozone.om.exceptions.OMException: Unable to get file status: volume: volume45129 bucket: bucket66804 key: .Trash/runner/Current/volume45129/bucket66804/testKey2
	at org.apache.hadoop.ozone.om.KeyManagerImpl.getOzoneFileStatus(KeyManagerImpl.java:1311) ~[ozone-manager-1.3.0-SNAPSHOT.jar:?]
	at org.apache.hadoop.ozone.om.KeyManagerImpl.getFileStatus(KeyManagerImpl.java:1241) ~[ozone-manager-1.3.0-SNAPSHOT.jar:?]
	at org.apache.hadoop.ozone.om.OzoneManager.getFileStatus(OzoneManager.java:3419) ~[ozone-manager-1.3.0-SNAPSHOT.jar:?]
	at org.apache.hadoop.ozone.protocolPB.OzoneManagerRequestHandler.getOzoneFileStatus(OzoneManagerRequestHandler.java:871) ~[ozone-manager-1.3.0-SNAPSHOT.jar:?]
	at org.apache.hadoop.ozone.protocolPB.OzoneManagerRequestHandler.handleReadRequest(OzoneManagerRequestHandler.java:217) ~[ozone-manager-1.3.0-SNAPSHOT.jar:?]
	at org.apache.hadoop.ozone.protocolPB.OzoneManagerProtocolServerSideTranslatorPB.submitRequestDirectlyToOM(OzoneManagerProtocolServerSideTranslatorPB.java:276) ~[ozone-manager-1.3.0-SNAPSHOT.jar:?]
	at org.apache.hadoop.ozone.protocolPB.OzoneManagerProtocolServerSideTranslatorPB.processRequest(OzoneManagerProtocolServerSideTranslatorPB.java:205) ~[ozone-manager-1.3.0-SNAPSHOT.jar:?]
	at org.apache.hadoop.hdds.server.OzoneProtocolMessageDispatcher.processRequest(OzoneProtocolMessageDispatcher.java:87) [hdds-server-framework-1.3.0-SNAPSHOT.jar:?]
	at org.apache.hadoop.ozone.protocolPB.OzoneManagerProtocolServerSideTranslatorPB.submitRequest(OzoneManagerProtocolServerSideTranslatorPB.java:147) [ozone-manager-1.3.0-SNAPSHOT.jar:?]
	at org.apache.hadoop.ozone.protocol.proto.OzoneManagerProtocolProtos$OzoneManagerService$2.callBlockingMethod(OzoneManagerProtocolProtos.java) [ozone-interface-client-1.3.0-SNAPSHOT.jar:?]
	at org.apache.hadoop.ipc.ProtobufRpcEngine$Server.processCall(ProtobufRpcEngine.java:466) [hadoop-common-3.3.1.jar:?]
	at org.apache.hadoop.ipc.ProtobufRpcEngine2$Server$ProtoBufRpcInvoker.call(ProtobufRpcEngine2.java:574) [hadoop-common-3.3.1.jar:?]
	at org.apache.hadoop.ipc.ProtobufRpcEngine2$Server$ProtoBufRpcInvoker.call(ProtobufRpcEngine2.java:552) [hadoop-common-3.3.1.jar:?]
	at org.apache.hadoop.ipc.RPC$Server.call(RPC.java:1093) [hadoop-common-3.3.1.jar:?]
	at org.apache.hadoop.ipc.Server$RpcCall.run(Server.java:1035) [hadoop-common-3.3.1.jar:?]
	at org.apache.hadoop.ipc.Server$RpcCall.run(Server.java:963) [hadoop-common-3.3.1.jar:?]
	at java.security.AccessController.doPrivileged(Native Method) ~[?:1.8.0_332]
	at javax.security.auth.Subject.doAs(Subject.java:422) [?:1.8.0_332]
	at org.apache.hadoop.security.UserGroupInformation.doAs(UserGroupInformation.java:1878) [hadoop-common-3.3.1.jar:?]
	at org.apache.hadoop.ipc.Server$Handler.run(Server.java:2966) [hadoop-common-3.3.1.jar:?]
07:22:27.329 [IPC Server handler 12 on default port 38347] ERROR OMAudit - user=runner | ip=127.0.0.1 | op=GET_FILE_STATUS {volume=volume45129, bucket=bucket66804, key=.Trash/runner/Current/volume45129/bucket66804/testKey2, dataSize=0, replicationConfig=null} | ret=FAILURE
org.apache.hadoop.ozone.om.exceptions.OMException: Unable to get file status: volume: volume45129 bucket: bucket66804 key: .Trash/runner/Current/volume45129/bucket66804/testKey2
	at org.apache.hadoop.ozone.om.KeyManagerImpl.getOzoneFileStatus(KeyManagerImpl.java:1311) ~[ozone-manager-1.3.0-SNAPSHOT.jar:?]
	at org.apache.hadoop.ozone.om.KeyManagerImpl.getFileStatus(KeyManagerImpl.java:1241) ~[ozone-manager-1.3.0-SNAPSHOT.jar:?]
	at org.apache.hadoop.ozone.om.OzoneManager.getFileStatus(OzoneManager.java:3419) ~[ozone-manager-1.3.0-SNAPSHOT.jar:?]
	at org.apache.hadoop.ozone.protocolPB.OzoneManagerRequestHandler.getOzoneFileStatus(OzoneManagerRequestHandler.java:871) ~[ozone-manager-1.3.0-SNAPSHOT.jar:?]
	at org.apache.hadoop.ozone.protocolPB.OzoneManagerRequestHandler.handleReadRequest(OzoneManagerRequestHandler.java:217) ~[ozone-manager-1.3.0-SNAPSHOT.jar:?]
	at org.apache.hadoop.ozone.protocolPB.OzoneManagerProtocolServerSideTranslatorPB.submitRequestDirectlyToOM(OzoneManagerProtocolServerSideTranslatorPB.java:276) ~[ozone-manager-1.3.0-SNAPSHOT.jar:?]
	at org.apache.hadoop.ozone.protocolPB.OzoneManagerProtocolServerSideTranslatorPB.processRequest(OzoneManagerProtocolServerSideTranslatorPB.java:205) ~[ozone-manager-1.3.0-SNAPSHOT.jar:?]
	at org.apache.hadoop.hdds.server.OzoneProtocolMessageDispatcher.processRequest(OzoneProtocolMessageDispatcher.java:87) [hdds-server-framework-1.3.0-SNAPSHOT.jar:?]
	at org.apache.hadoop.ozone.protocolPB.OzoneManagerProtocolServerSideTranslatorPB.submitRequest(OzoneManagerProtocolServerSideTranslatorPB.java:147) [ozone-manager-1.3.0-SNAPSHOT.jar:?]
	at org.apache.hadoop.ozone.protocol.proto.OzoneManagerProtocolProtos$OzoneManagerService$2.callBlockingMethod(OzoneManagerProtocolProtos.java) [ozone-interface-client-1.3.0-SNAPSHOT.jar:?]
	at org.apache.hadoop.ipc.ProtobufRpcEngine$Server.processCall(ProtobufRpcEngine.java:466) [hadoop-common-3.3.1.jar:?]
	at org.apache.hadoop.ipc.ProtobufRpcEngine2$Server$ProtoBufRpcInvoker.call(ProtobufRpcEngine2.java:574) [hadoop-common-3.3.1.jar:?]
	at org.apache.hadoop.ipc.ProtobufRpcEngine2$Server$ProtoBufRpcInvoker.call(ProtobufRpcEngine2.java:552) [hadoop-common-3.3.1.jar:?]
	at org.apache.hadoop.ipc.RPC$Server.call(RPC.java:1093) [hadoop-common-3.3.1.jar:?]
	at org.apache.hadoop.ipc.Server$RpcCall.run(Server.java:1035) [hadoop-common-3.3.1.jar:?]
	at org.apache.hadoop.ipc.Server$RpcCall.run(Server.java:963) [hadoop-common-3.3.1.jar:?]
	at java.security.AccessController.doPrivileged(Native Method) ~[?:1.8.0_332]
	at javax.security.auth.Subject.doAs(Subject.java:422) [?:1.8.0_332]
	at org.apache.hadoop.security.UserGroupInformation.doAs(UserGroupInformation.java:1878) [hadoop-common-3.3.1.jar:?]
	at org.apache.hadoop.ipc.Server$Handler.run(Server.java:2966) [hadoop-common-3.3.1.jar:?]
2022-07-02 07:22:27,334 [Time-limited test] INFO  fs.TrashPolicyDefault (TrashPolicyDefault.java:moveToTrash(188)) - Moved: '/volume45129/bucket66804/testKey2' to trash at: ofs:/volume45129/bucket66804/.Trash/runner/Current/volume45129/bucket66804/testKey2
]]></system-out>
  </testcase>
  <testcase name="testRenameToTrashEnabled" classname="TestRootedOzoneFileSystem" time="0.404">
    <system-out><![CDATA[2022-07-02 07:24:03,460 [Time-limited test] INFO  rpc.RpcClient (RpcClient.java:createVolume(466)) - Creating Volume: volume67109, with user26686 as owner and space quota set to -1 bytes, counts quota set to -1
2022-07-02 07:24:03,470 [OM StateMachine ApplyTransaction Thread - 0] INFO  volume.OMVolumeCreateRequest (OMVolumeCreateRequest.java:validateAndUpdateCache(195)) - created volume:volume67109 for user:user26686
2022-07-02 07:24:03,480 [Time-limited test] INFO  rpc.RpcClient (RpcClient.java:createBucket(669)) - Creating Bucket: volume67109/bucket63819, with bucket layout LEGACY, runner as owner, Versioning false, Storage Type set to DISK and Encryption set to false 
2022-07-02 07:24:03,500 [OM StateMachine ApplyTransaction Thread - 0] INFO  bucket.OMBucketCreateRequest (OMBucketCreateRequest.java:validateAndUpdateCache(260)) - created bucket: bucket63819 of layout LEGACY in volume: volume67109
07:24:03.676 [IPC Server handler 10 on default port 38259] ERROR OMAudit - user=runner | ip=127.0.0.1 | op=GET_FILE_STATUS {volume=volume67109, bucket=bucket63819, key=.Trash/runner/Current/volume67109/bucket63819/testKey2, dataSize=0, replicationConfig=null} | ret=FAILURE
org.apache.hadoop.ozone.om.exceptions.OMException: Unable to get file status: volume: volume67109 bucket: bucket63819 key: .Trash/runner/Current/volume67109/bucket63819/testKey2
	at org.apache.hadoop.ozone.om.KeyManagerImpl.getOzoneFileStatus(KeyManagerImpl.java:1311) ~[ozone-manager-1.3.0-SNAPSHOT.jar:?]
	at org.apache.hadoop.ozone.om.KeyManagerImpl.getFileStatus(KeyManagerImpl.java:1241) ~[ozone-manager-1.3.0-SNAPSHOT.jar:?]
	at org.apache.hadoop.ozone.om.OzoneManager.getFileStatus(OzoneManager.java:3419) ~[ozone-manager-1.3.0-SNAPSHOT.jar:?]
	at org.apache.hadoop.ozone.protocolPB.OzoneManagerRequestHandler.getOzoneFileStatus(OzoneManagerRequestHandler.java:871) ~[ozone-manager-1.3.0-SNAPSHOT.jar:?]
	at org.apache.hadoop.ozone.protocolPB.OzoneManagerRequestHandler.handleReadRequest(OzoneManagerRequestHandler.java:217) ~[ozone-manager-1.3.0-SNAPSHOT.jar:?]
	at org.apache.hadoop.ozone.protocolPB.OzoneManagerProtocolServerSideTranslatorPB.submitReadRequestToOM(OzoneManagerProtocolServerSideTranslatorPB.java:226) ~[ozone-manager-1.3.0-SNAPSHOT.jar:?]
	at org.apache.hadoop.ozone.protocolPB.OzoneManagerProtocolServerSideTranslatorPB.processRequest(OzoneManagerProtocolServerSideTranslatorPB.java:175) ~[ozone-manager-1.3.0-SNAPSHOT.jar:?]
	at org.apache.hadoop.hdds.server.OzoneProtocolMessageDispatcher.processRequest(OzoneProtocolMessageDispatcher.java:87) [hdds-server-framework-1.3.0-SNAPSHOT.jar:?]
	at org.apache.hadoop.ozone.protocolPB.OzoneManagerProtocolServerSideTranslatorPB.submitRequest(OzoneManagerProtocolServerSideTranslatorPB.java:147) [ozone-manager-1.3.0-SNAPSHOT.jar:?]
	at org.apache.hadoop.ozone.protocol.proto.OzoneManagerProtocolProtos$OzoneManagerService$2.callBlockingMethod(OzoneManagerProtocolProtos.java) [ozone-interface-client-1.3.0-SNAPSHOT.jar:?]
	at org.apache.hadoop.ipc.ProtobufRpcEngine$Server.processCall(ProtobufRpcEngine.java:466) [hadoop-common-3.3.1.jar:?]
	at org.apache.hadoop.ipc.ProtobufRpcEngine2$Server$ProtoBufRpcInvoker.call(ProtobufRpcEngine2.java:574) [hadoop-common-3.3.1.jar:?]
	at org.apache.hadoop.ipc.ProtobufRpcEngine2$Server$ProtoBufRpcInvoker.call(ProtobufRpcEngine2.java:552) [hadoop-common-3.3.1.jar:?]
	at org.apache.hadoop.ipc.RPC$Server.call(RPC.java:1093) [hadoop-common-3.3.1.jar:?]
	at org.apache.hadoop.ipc.Server$RpcCall.run(Server.java:1035) [hadoop-common-3.3.1.jar:?]
	at org.apache.hadoop.ipc.Server$RpcCall.run(Server.java:963) [hadoop-common-3.3.1.jar:?]
	at java.security.AccessController.doPrivileged(Native Method) ~[?:1.8.0_332]
	at javax.security.auth.Subject.doAs(Subject.java:422) [?:1.8.0_332]
	at org.apache.hadoop.security.UserGroupInformation.doAs(UserGroupInformation.java:1878) [hadoop-common-3.3.1.jar:?]
	at org.apache.hadoop.ipc.Server$Handler.run(Server.java:2966) [hadoop-common-3.3.1.jar:?]
07:24:03.679 [IPC Server handler 6 on default port 38259] ERROR OMAudit - user=runner | ip=127.0.0.1 | op=GET_FILE_STATUS {volume=volume67109, bucket=bucket63819, key=.Trash/runner/Current/volume67109/bucket63819/testKey2, dataSize=0, replicationConfig=null} | ret=FAILURE
org.apache.hadoop.ozone.om.exceptions.OMException: Unable to get file status: volume: volume67109 bucket: bucket63819 key: .Trash/runner/Current/volume67109/bucket63819/testKey2
	at org.apache.hadoop.ozone.om.KeyManagerImpl.getOzoneFileStatus(KeyManagerImpl.java:1311) ~[ozone-manager-1.3.0-SNAPSHOT.jar:?]
	at org.apache.hadoop.ozone.om.KeyManagerImpl.getFileStatus(KeyManagerImpl.java:1241) ~[ozone-manager-1.3.0-SNAPSHOT.jar:?]
	at org.apache.hadoop.ozone.om.OzoneManager.getFileStatus(OzoneManager.java:3419) ~[ozone-manager-1.3.0-SNAPSHOT.jar:?]
	at org.apache.hadoop.ozone.protocolPB.OzoneManagerRequestHandler.getOzoneFileStatus(OzoneManagerRequestHandler.java:871) ~[ozone-manager-1.3.0-SNAPSHOT.jar:?]
	at org.apache.hadoop.ozone.protocolPB.OzoneManagerRequestHandler.handleReadRequest(OzoneManagerRequestHandler.java:217) ~[ozone-manager-1.3.0-SNAPSHOT.jar:?]
	at org.apache.hadoop.ozone.protocolPB.OzoneManagerProtocolServerSideTranslatorPB.submitReadRequestToOM(OzoneManagerProtocolServerSideTranslatorPB.java:226) ~[ozone-manager-1.3.0-SNAPSHOT.jar:?]
	at org.apache.hadoop.ozone.protocolPB.OzoneManagerProtocolServerSideTranslatorPB.processRequest(OzoneManagerProtocolServerSideTranslatorPB.java:175) ~[ozone-manager-1.3.0-SNAPSHOT.jar:?]
	at org.apache.hadoop.hdds.server.OzoneProtocolMessageDispatcher.processRequest(OzoneProtocolMessageDispatcher.java:87) [hdds-server-framework-1.3.0-SNAPSHOT.jar:?]
	at org.apache.hadoop.ozone.protocolPB.OzoneManagerProtocolServerSideTranslatorPB.submitRequest(OzoneManagerProtocolServerSideTranslatorPB.java:147) [ozone-manager-1.3.0-SNAPSHOT.jar:?]
	at org.apache.hadoop.ozone.protocol.proto.OzoneManagerProtocolProtos$OzoneManagerService$2.callBlockingMethod(OzoneManagerProtocolProtos.java) [ozone-interface-client-1.3.0-SNAPSHOT.jar:?]
	at org.apache.hadoop.ipc.ProtobufRpcEngine$Server.processCall(ProtobufRpcEngine.java:466) [hadoop-common-3.3.1.jar:?]
	at org.apache.hadoop.ipc.ProtobufRpcEngine2$Server$ProtoBufRpcInvoker.call(ProtobufRpcEngine2.java:574) [hadoop-common-3.3.1.jar:?]
	at org.apache.hadoop.ipc.ProtobufRpcEngine2$Server$ProtoBufRpcInvoker.call(ProtobufRpcEngine2.java:552) [hadoop-common-3.3.1.jar:?]
	at org.apache.hadoop.ipc.RPC$Server.call(RPC.java:1093) [hadoop-common-3.3.1.jar:?]
	at org.apache.hadoop.ipc.Server$RpcCall.run(Server.java:1035) [hadoop-common-3.3.1.jar:?]
	at org.apache.hadoop.ipc.Server$RpcCall.run(Server.java:963) [hadoop-common-3.3.1.jar:?]
	at java.security.AccessController.doPrivileged(Native Method) ~[?:1.8.0_332]
	at javax.security.auth.Subject.doAs(Subject.java:422) [?:1.8.0_332]
	at org.apache.hadoop.security.UserGroupInformation.doAs(UserGroupInformation.java:1878) [hadoop-common-3.3.1.jar:?]
	at org.apache.hadoop.ipc.Server$Handler.run(Server.java:2966) [hadoop-common-3.3.1.jar:?]
2022-07-02 07:24:03,685 [Time-limited test] INFO  fs.TrashPolicyDefault (TrashPolicyDefault.java:moveToTrash(188)) - Moved: '/volume67109/bucket63819/testKey2' to trash at: ofs:/volume67109/bucket63819/.Trash/runner/Current/volume67109/bucket63819/testKey2
]]></system-out>
  </testcase>
  <testcase name="testRenameToTrashEnabled" classname="TestRootedOzoneFileSystem" time="0.476">
    <system-out><![CDATA[2022-07-02 07:25:34,428 [Time-limited test] INFO  rpc.RpcClient (RpcClient.java:createVolume(466)) - Creating Volume: volume38568, with user23290 as owner and space quota set to -1 bytes, counts quota set to -1
2022-07-02 07:25:34,429 [IPC Server handler 18 on default port 43657] INFO  volume.OMVolumeCreateRequest (OMVolumeCreateRequest.java:validateAndUpdateCache(195)) - created volume:volume38568 for user:user23290
2022-07-02 07:25:34,430 [Time-limited test] INFO  rpc.RpcClient (RpcClient.java:createBucket(669)) - Creating Bucket: volume38568/bucket42164, with bucket layout LEGACY, runner as owner, Versioning false, Storage Type set to DISK and Encryption set to false 
2022-07-02 07:25:34,430 [IPC Server handler 11 on default port 43657] INFO  bucket.OMBucketCreateRequest (OMBucketCreateRequest.java:validateAndUpdateCache(260)) - created bucket: bucket42164 of layout LEGACY in volume: volume38568
07:25:34.756 [IPC Server handler 16 on default port 43657] ERROR OMAudit - user=runner | ip=127.0.0.1 | op=GET_FILE_STATUS {volume=volume38568, bucket=bucket42164, key=.Trash/runner/Current/volume38568/bucket42164/testKey2, dataSize=0, replicationConfig=null} | ret=FAILURE
org.apache.hadoop.ozone.om.exceptions.OMException: Unable to get file status: volume: volume38568 bucket: bucket42164 key: .Trash/runner/Current/volume38568/bucket42164/testKey2
	at org.apache.hadoop.ozone.om.KeyManagerImpl.getOzoneFileStatus(KeyManagerImpl.java:1311) ~[ozone-manager-1.3.0-SNAPSHOT.jar:?]
	at org.apache.hadoop.ozone.om.KeyManagerImpl.getFileStatus(KeyManagerImpl.java:1241) ~[ozone-manager-1.3.0-SNAPSHOT.jar:?]
	at org.apache.hadoop.ozone.om.OzoneManager.getFileStatus(OzoneManager.java:3419) ~[ozone-manager-1.3.0-SNAPSHOT.jar:?]
	at org.apache.hadoop.ozone.protocolPB.OzoneManagerRequestHandler.getOzoneFileStatus(OzoneManagerRequestHandler.java:871) ~[ozone-manager-1.3.0-SNAPSHOT.jar:?]
	at org.apache.hadoop.ozone.protocolPB.OzoneManagerRequestHandler.handleReadRequest(OzoneManagerRequestHandler.java:217) ~[ozone-manager-1.3.0-SNAPSHOT.jar:?]
	at org.apache.hadoop.ozone.protocolPB.OzoneManagerProtocolServerSideTranslatorPB.submitRequestDirectlyToOM(OzoneManagerProtocolServerSideTranslatorPB.java:276) ~[ozone-manager-1.3.0-SNAPSHOT.jar:?]
	at org.apache.hadoop.ozone.protocolPB.OzoneManagerProtocolServerSideTranslatorPB.processRequest(OzoneManagerProtocolServerSideTranslatorPB.java:205) ~[ozone-manager-1.3.0-SNAPSHOT.jar:?]
	at org.apache.hadoop.hdds.server.OzoneProtocolMessageDispatcher.processRequest(OzoneProtocolMessageDispatcher.java:87) [hdds-server-framework-1.3.0-SNAPSHOT.jar:?]
	at org.apache.hadoop.ozone.protocolPB.OzoneManagerProtocolServerSideTranslatorPB.submitRequest(OzoneManagerProtocolServerSideTranslatorPB.java:147) [ozone-manager-1.3.0-SNAPSHOT.jar:?]
	at org.apache.hadoop.ozone.protocol.proto.OzoneManagerProtocolProtos$OzoneManagerService$2.callBlockingMethod(OzoneManagerProtocolProtos.java) [ozone-interface-client-1.3.0-SNAPSHOT.jar:?]
	at org.apache.hadoop.ipc.ProtobufRpcEngine$Server.processCall(ProtobufRpcEngine.java:466) [hadoop-common-3.3.1.jar:?]
	at org.apache.hadoop.ipc.ProtobufRpcEngine2$Server$ProtoBufRpcInvoker.call(ProtobufRpcEngine2.java:574) [hadoop-common-3.3.1.jar:?]
	at org.apache.hadoop.ipc.ProtobufRpcEngine2$Server$ProtoBufRpcInvoker.call(ProtobufRpcEngine2.java:552) [hadoop-common-3.3.1.jar:?]
	at org.apache.hadoop.ipc.RPC$Server.call(RPC.java:1093) [hadoop-common-3.3.1.jar:?]
	at org.apache.hadoop.ipc.Server$RpcCall.run(Server.java:1035) [hadoop-common-3.3.1.jar:?]
	at org.apache.hadoop.ipc.Server$RpcCall.run(Server.java:963) [hadoop-common-3.3.1.jar:?]
	at java.security.AccessController.doPrivileged(Native Method) ~[?:1.8.0_332]
	at javax.security.auth.Subject.doAs(Subject.java:422) [?:1.8.0_332]
	at org.apache.hadoop.security.UserGroupInformation.doAs(UserGroupInformation.java:1878) [hadoop-common-3.3.1.jar:?]
	at org.apache.hadoop.ipc.Server$Handler.run(Server.java:2966) [hadoop-common-3.3.1.jar:?]
07:25:34.761 [IPC Server handler 8 on default port 43657] ERROR OMAudit - user=runner | ip=127.0.0.1 | op=GET_FILE_STATUS {volume=volume38568, bucket=bucket42164, key=.Trash/runner/Current/volume38568/bucket42164/testKey2, dataSize=0, replicationConfig=null} | ret=FAILURE
org.apache.hadoop.ozone.om.exceptions.OMException: Unable to get file status: volume: volume38568 bucket: bucket42164 key: .Trash/runner/Current/volume38568/bucket42164/testKey2
	at org.apache.hadoop.ozone.om.KeyManagerImpl.getOzoneFileStatus(KeyManagerImpl.java:1311) ~[ozone-manager-1.3.0-SNAPSHOT.jar:?]
	at org.apache.hadoop.ozone.om.KeyManagerImpl.getFileStatus(KeyManagerImpl.java:1241) ~[ozone-manager-1.3.0-SNAPSHOT.jar:?]
	at org.apache.hadoop.ozone.om.OzoneManager.getFileStatus(OzoneManager.java:3419) ~[ozone-manager-1.3.0-SNAPSHOT.jar:?]
	at org.apache.hadoop.ozone.protocolPB.OzoneManagerRequestHandler.getOzoneFileStatus(OzoneManagerRequestHandler.java:871) ~[ozone-manager-1.3.0-SNAPSHOT.jar:?]
	at org.apache.hadoop.ozone.protocolPB.OzoneManagerRequestHandler.handleReadRequest(OzoneManagerRequestHandler.java:217) ~[ozone-manager-1.3.0-SNAPSHOT.jar:?]
	at org.apache.hadoop.ozone.protocolPB.OzoneManagerProtocolServerSideTranslatorPB.submitRequestDirectlyToOM(OzoneManagerProtocolServerSideTranslatorPB.java:276) ~[ozone-manager-1.3.0-SNAPSHOT.jar:?]
	at org.apache.hadoop.ozone.protocolPB.OzoneManagerProtocolServerSideTranslatorPB.processRequest(OzoneManagerProtocolServerSideTranslatorPB.java:205) ~[ozone-manager-1.3.0-SNAPSHOT.jar:?]
	at org.apache.hadoop.hdds.server.OzoneProtocolMessageDispatcher.processRequest(OzoneProtocolMessageDispatcher.java:87) [hdds-server-framework-1.3.0-SNAPSHOT.jar:?]
	at org.apache.hadoop.ozone.protocolPB.OzoneManagerProtocolServerSideTranslatorPB.submitRequest(OzoneManagerProtocolServerSideTranslatorPB.java:147) [ozone-manager-1.3.0-SNAPSHOT.jar:?]
	at org.apache.hadoop.ozone.protocol.proto.OzoneManagerProtocolProtos$OzoneManagerService$2.callBlockingMethod(OzoneManagerProtocolProtos.java) [ozone-interface-client-1.3.0-SNAPSHOT.jar:?]
	at org.apache.hadoop.ipc.ProtobufRpcEngine$Server.processCall(ProtobufRpcEngine.java:466) [hadoop-common-3.3.1.jar:?]
	at org.apache.hadoop.ipc.ProtobufRpcEngine2$Server$ProtoBufRpcInvoker.call(ProtobufRpcEngine2.java:574) [hadoop-common-3.3.1.jar:?]
	at org.apache.hadoop.ipc.ProtobufRpcEngine2$Server$ProtoBufRpcInvoker.call(ProtobufRpcEngine2.java:552) [hadoop-common-3.3.1.jar:?]
	at org.apache.hadoop.ipc.RPC$Server.call(RPC.java:1093) [hadoop-common-3.3.1.jar:?]
	at org.apache.hadoop.ipc.Server$RpcCall.run(Server.java:1035) [hadoop-common-3.3.1.jar:?]
	at org.apache.hadoop.ipc.Server$RpcCall.run(Server.java:963) [hadoop-common-3.3.1.jar:?]
	at java.security.AccessController.doPrivileged(Native Method) ~[?:1.8.0_332]
	at javax.security.auth.Subject.doAs(Subject.java:422) [?:1.8.0_332]
	at org.apache.hadoop.security.UserGroupInformation.doAs(UserGroupInformation.java:1878) [hadoop-common-3.3.1.jar:?]
	at org.apache.hadoop.ipc.Server$Handler.run(Server.java:2966) [hadoop-common-3.3.1.jar:?]
2022-07-02 07:25:34,793 [Time-limited test] INFO  fs.TrashPolicyDefault (TrashPolicyDefault.java:moveToTrash(188)) - Moved: '/volume38568/bucket42164/testKey2' to trash at: ofs:/volume38568/bucket42164/.Trash/runner/Current/volume38568/bucket42164/testKey2
]]></system-out>
  </testcase>
  <testcase name="testMkdirOnNonExistentVolumeBucketDir" classname="TestRootedOzoneFileSystem" time="0">
    <skipped type="org.junit.AssumptionViolatedException"><![CDATA[org.junit.AssumptionViolatedException: FS Path is enabled. Skipping this test as it is not tuned for FS Path yet
	at org.junit.Assume.assumeTrue(Assume.java:68)
	at org.apache.hadoop.fs.ozone.TestRootedOzoneFileSystem.testMkdirOnNonExistentVolumeBucketDir(TestRootedOzoneFileSystem.java:421)
	at sun.reflect.NativeMethodAccessorImpl.invoke0(Native Method)
	at sun.reflect.NativeMethodAccessorImpl.invoke(NativeMethodAccessorImpl.java:62)
	at sun.reflect.DelegatingMethodAccessorImpl.invoke(DelegatingMethodAccessorImpl.java:43)
	at java.lang.reflect.Method.invoke(Method.java:498)
	at org.junit.runners.model.FrameworkMethod$1.runReflectiveCall(FrameworkMethod.java:59)
	at org.junit.internal.runners.model.ReflectiveCallable.run(ReflectiveCallable.java:12)
	at org.junit.runners.model.FrameworkMethod.invokeExplosively(FrameworkMethod.java:56)
	at org.junit.internal.runners.statements.InvokeMethod.evaluate(InvokeMethod.java:17)
	at org.junit.internal.runners.statements.RunBefores.evaluate(RunBefores.java:26)
	at org.junit.internal.runners.statements.RunAfters.evaluate(RunAfters.java:27)
	at org.junit.internal.runners.statements.FailOnTimeout$CallableStatement.call(FailOnTimeout.java:288)
	at org.junit.internal.runners.statements.FailOnTimeout$CallableStatement.call(FailOnTimeout.java:282)
	at java.util.concurrent.FutureTask.run(FutureTask.java:266)
	at java.lang.Thread.run(Thread.java:750)
]]></skipped>
    <system-out><![CDATA[2022-07-02 07:20:03,089 [Time-limited test] INFO  rpc.RpcClient (RpcClient.java:createVolume(466)) - Creating Volume: volume34886, with user89899 as owner and space quota set to -1 bytes, counts quota set to -1
2022-07-02 07:20:03,100 [OM StateMachine ApplyTransaction Thread - 0] INFO  volume.OMVolumeCreateRequest (OMVolumeCreateRequest.java:validateAndUpdateCache(195)) - created volume:volume34886 for user:user89899
2022-07-02 07:20:03,104 [Time-limited test] INFO  rpc.RpcClient (RpcClient.java:createBucket(669)) - Creating Bucket: volume34886/bucket44412, with bucket layout LEGACY, runner as owner, Versioning false, Storage Type set to DISK and Encryption set to false 
2022-07-02 07:20:03,107 [OM StateMachine ApplyTransaction Thread - 0] INFO  bucket.OMBucketCreateRequest (OMBucketCreateRequest.java:validateAndUpdateCache(260)) - created bucket: bucket44412 of layout LEGACY in volume: volume34886
]]></system-out>
  </testcase>
  <testcase name="testMkdirOnNonExistentVolumeBucketDir" classname="TestRootedOzoneFileSystem" time="0">
    <skipped type="org.junit.AssumptionViolatedException"><![CDATA[org.junit.AssumptionViolatedException: FS Path is enabled. Skipping this test as it is not tuned for FS Path yet
	at org.junit.Assume.assumeTrue(Assume.java:68)
	at org.apache.hadoop.fs.ozone.TestRootedOzoneFileSystem.testMkdirOnNonExistentVolumeBucketDir(TestRootedOzoneFileSystem.java:421)
	at sun.reflect.NativeMethodAccessorImpl.invoke0(Native Method)
	at sun.reflect.NativeMethodAccessorImpl.invoke(NativeMethodAccessorImpl.java:62)
	at sun.reflect.DelegatingMethodAccessorImpl.invoke(DelegatingMethodAccessorImpl.java:43)
	at java.lang.reflect.Method.invoke(Method.java:498)
	at org.junit.runners.model.FrameworkMethod$1.runReflectiveCall(FrameworkMethod.java:59)
	at org.junit.internal.runners.model.ReflectiveCallable.run(ReflectiveCallable.java:12)
	at org.junit.runners.model.FrameworkMethod.invokeExplosively(FrameworkMethod.java:56)
	at org.junit.internal.runners.statements.InvokeMethod.evaluate(InvokeMethod.java:17)
	at org.junit.internal.runners.statements.RunBefores.evaluate(RunBefores.java:26)
	at org.junit.internal.runners.statements.RunAfters.evaluate(RunAfters.java:27)
	at org.junit.internal.runners.statements.FailOnTimeout$CallableStatement.call(FailOnTimeout.java:288)
	at org.junit.internal.runners.statements.FailOnTimeout$CallableStatement.call(FailOnTimeout.java:282)
	at java.util.concurrent.FutureTask.run(FutureTask.java:266)
	at java.lang.Thread.run(Thread.java:750)
]]></skipped>
    <system-out><![CDATA[2022-07-02 07:21:15,364 [Time-limited test] INFO  rpc.RpcClient (RpcClient.java:createVolume(466)) - Creating Volume: volume00955, with user43978 as owner and space quota set to -1 bytes, counts quota set to -1
2022-07-02 07:21:15,366 [OM StateMachine ApplyTransaction Thread - 0] INFO  volume.OMVolumeCreateRequest (OMVolumeCreateRequest.java:validateAndUpdateCache(195)) - created volume:volume00955 for user:user43978
2022-07-02 07:21:15,367 [Time-limited test] INFO  rpc.RpcClient (RpcClient.java:createBucket(669)) - Creating Bucket: volume00955/bucket24259, with bucket layout LEGACY, runner as owner, Versioning false, Storage Type set to DISK and Encryption set to false 
2022-07-02 07:21:15,371 [OM StateMachine ApplyTransaction Thread - 0] INFO  bucket.OMBucketCreateRequest (OMBucketCreateRequest.java:validateAndUpdateCache(260)) - created bucket: bucket24259 of layout LEGACY in volume: volume00955
]]></system-out>
  </testcase>
  <testcase name="testMkdirOnNonExistentVolumeBucketDir" classname="TestRootedOzoneFileSystem" time="0">
    <skipped type="org.junit.AssumptionViolatedException"><![CDATA[org.junit.AssumptionViolatedException: FS Path is enabled. Skipping this test as it is not tuned for FS Path yet
	at org.junit.Assume.assumeTrue(Assume.java:68)
	at org.apache.hadoop.fs.ozone.TestRootedOzoneFileSystem.testMkdirOnNonExistentVolumeBucketDir(TestRootedOzoneFileSystem.java:421)
	at sun.reflect.NativeMethodAccessorImpl.invoke0(Native Method)
	at sun.reflect.NativeMethodAccessorImpl.invoke(NativeMethodAccessorImpl.java:62)
	at sun.reflect.DelegatingMethodAccessorImpl.invoke(DelegatingMethodAccessorImpl.java:43)
	at java.lang.reflect.Method.invoke(Method.java:498)
	at org.junit.runners.model.FrameworkMethod$1.runReflectiveCall(FrameworkMethod.java:59)
	at org.junit.internal.runners.model.ReflectiveCallable.run(ReflectiveCallable.java:12)
	at org.junit.runners.model.FrameworkMethod.invokeExplosively(FrameworkMethod.java:56)
	at org.junit.internal.runners.statements.InvokeMethod.evaluate(InvokeMethod.java:17)
	at org.junit.internal.runners.statements.RunBefores.evaluate(RunBefores.java:26)
	at org.junit.internal.runners.statements.RunAfters.evaluate(RunAfters.java:27)
	at org.junit.internal.runners.statements.FailOnTimeout$CallableStatement.call(FailOnTimeout.java:288)
	at org.junit.internal.runners.statements.FailOnTimeout$CallableStatement.call(FailOnTimeout.java:282)
	at java.util.concurrent.FutureTask.run(FutureTask.java:266)
	at java.lang.Thread.run(Thread.java:750)
]]></skipped>
    <system-out><![CDATA[2022-07-02 07:22:27,457 [Time-limited test] INFO  rpc.RpcClient (RpcClient.java:createVolume(466)) - Creating Volume: volume82612, with user03938 as owner and space quota set to -1 bytes, counts quota set to -1
2022-07-02 07:22:27,458 [IPC Server handler 17 on default port 38347] INFO  volume.OMVolumeCreateRequest (OMVolumeCreateRequest.java:validateAndUpdateCache(195)) - created volume:volume82612 for user:user03938
2022-07-02 07:22:27,459 [Time-limited test] INFO  rpc.RpcClient (RpcClient.java:createBucket(669)) - Creating Bucket: volume82612/bucket01138, with bucket layout LEGACY, runner as owner, Versioning false, Storage Type set to DISK and Encryption set to false 
2022-07-02 07:22:27,460 [IPC Server handler 18 on default port 38347] INFO  bucket.OMBucketCreateRequest (OMBucketCreateRequest.java:validateAndUpdateCache(260)) - created bucket: bucket01138 of layout LEGACY in volume: volume82612
]]></system-out>
  </testcase>
  <testcase name="testMkdirOnNonExistentVolumeBucketDir" classname="TestRootedOzoneFileSystem" time="0.17">
    <system-out><![CDATA[2022-07-02 07:24:03,819 [Time-limited test] INFO  rpc.RpcClient (RpcClient.java:createVolume(466)) - Creating Volume: volume14791, with user86245 as owner and space quota set to -1 bytes, counts quota set to -1
2022-07-02 07:24:03,824 [OM StateMachine ApplyTransaction Thread - 0] INFO  volume.OMVolumeCreateRequest (OMVolumeCreateRequest.java:validateAndUpdateCache(195)) - created volume:volume14791 for user:user86245
2022-07-02 07:24:03,827 [Time-limited test] INFO  rpc.RpcClient (RpcClient.java:createBucket(669)) - Creating Bucket: volume14791/bucket96690, with bucket layout LEGACY, runner as owner, Versioning false, Storage Type set to DISK and Encryption set to false 
2022-07-02 07:24:03,828 [OM StateMachine ApplyTransaction Thread - 0] INFO  bucket.OMBucketCreateRequest (OMBucketCreateRequest.java:validateAndUpdateCache(260)) - created bucket: bucket96690 of layout LEGACY in volume: volume14791
07:24:03.831 [IPC Server handler 19 on default port 38259] ERROR OMAudit - user=runner | ip=127.0.0.1 | op=READ_BUCKET {volume=volume-16920, bucket=bucket-50587} | ret=FAILURE
org.apache.hadoop.ozone.om.exceptions.OMException: Volume not found when getting bucket info
	at org.apache.hadoop.ozone.om.BucketManagerImpl.getBucketInfo(BucketManagerImpl.java:127) ~[ozone-manager-1.3.0-SNAPSHOT.jar:?]
	at org.apache.hadoop.ozone.om.OzoneManager.getBucketInfo(OzoneManager.java:2778) ~[ozone-manager-1.3.0-SNAPSHOT.jar:?]
	at org.apache.hadoop.ozone.protocolPB.OzoneManagerRequestHandler.infoBucket(OzoneManagerRequestHandler.java:464) ~[ozone-manager-1.3.0-SNAPSHOT.jar:?]
	at org.apache.hadoop.ozone.protocolPB.OzoneManagerRequestHandler.handleReadRequest(OzoneManagerRequestHandler.java:172) ~[ozone-manager-1.3.0-SNAPSHOT.jar:?]
	at org.apache.hadoop.ozone.protocolPB.OzoneManagerProtocolServerSideTranslatorPB.submitReadRequestToOM(OzoneManagerProtocolServerSideTranslatorPB.java:226) ~[ozone-manager-1.3.0-SNAPSHOT.jar:?]
	at org.apache.hadoop.ozone.protocolPB.OzoneManagerProtocolServerSideTranslatorPB.processRequest(OzoneManagerProtocolServerSideTranslatorPB.java:175) ~[ozone-manager-1.3.0-SNAPSHOT.jar:?]
	at org.apache.hadoop.hdds.server.OzoneProtocolMessageDispatcher.processRequest(OzoneProtocolMessageDispatcher.java:87) [hdds-server-framework-1.3.0-SNAPSHOT.jar:?]
	at org.apache.hadoop.ozone.protocolPB.OzoneManagerProtocolServerSideTranslatorPB.submitRequest(OzoneManagerProtocolServerSideTranslatorPB.java:147) [ozone-manager-1.3.0-SNAPSHOT.jar:?]
	at org.apache.hadoop.ozone.protocol.proto.OzoneManagerProtocolProtos$OzoneManagerService$2.callBlockingMethod(OzoneManagerProtocolProtos.java) [ozone-interface-client-1.3.0-SNAPSHOT.jar:?]
	at org.apache.hadoop.ipc.ProtobufRpcEngine$Server.processCall(ProtobufRpcEngine.java:466) [hadoop-common-3.3.1.jar:?]
	at org.apache.hadoop.ipc.ProtobufRpcEngine2$Server$ProtoBufRpcInvoker.call(ProtobufRpcEngine2.java:574) [hadoop-common-3.3.1.jar:?]
	at org.apache.hadoop.ipc.ProtobufRpcEngine2$Server$ProtoBufRpcInvoker.call(ProtobufRpcEngine2.java:552) [hadoop-common-3.3.1.jar:?]
	at org.apache.hadoop.ipc.RPC$Server.call(RPC.java:1093) [hadoop-common-3.3.1.jar:?]
	at org.apache.hadoop.ipc.Server$RpcCall.run(Server.java:1035) [hadoop-common-3.3.1.jar:?]
	at org.apache.hadoop.ipc.Server$RpcCall.run(Server.java:963) [hadoop-common-3.3.1.jar:?]
	at java.security.AccessController.doPrivileged(Native Method) ~[?:1.8.0_332]
	at javax.security.auth.Subject.doAs(Subject.java:422) [?:1.8.0_332]
	at org.apache.hadoop.security.UserGroupInformation.doAs(UserGroupInformation.java:1878) [hadoop-common-3.3.1.jar:?]
	at org.apache.hadoop.ipc.Server$Handler.run(Server.java:2966) [hadoop-common-3.3.1.jar:?]
2022-07-02 07:24:03,832 [Time-limited test] INFO  rpc.RpcClient (RpcClient.java:createVolume(466)) - Creating Volume: volume-16920, with runner as owner and space quota set to -1 bytes, counts quota set to -1
2022-07-02 07:24:03,834 [OM StateMachine ApplyTransaction Thread - 0] INFO  volume.OMVolumeCreateRequest (OMVolumeCreateRequest.java:validateAndUpdateCache(195)) - created volume:volume-16920 for user:runner
2022-07-02 07:24:03,836 [Time-limited test] INFO  rpc.RpcClient (RpcClient.java:createBucket(669)) - Creating Bucket: volume-16920/bucket-50587, with bucket layout LEGACY, runner as owner, Versioning false, Storage Type set to DISK and Encryption set to false 
2022-07-02 07:24:03,837 [OM StateMachine ApplyTransaction Thread - 0] INFO  bucket.OMBucketCreateRequest (OMBucketCreateRequest.java:validateAndUpdateCache(260)) - created bucket: bucket-50587 of layout LEGACY in volume: volume-16920
]]></system-out>
  </testcase>
  <testcase name="testMkdirOnNonExistentVolumeBucketDir" classname="TestRootedOzoneFileSystem" time="0.172">
    <system-out><![CDATA[2022-07-02 07:25:34,887 [Time-limited test] INFO  rpc.RpcClient (RpcClient.java:createVolume(466)) - Creating Volume: volume94842, with user13372 as owner and space quota set to -1 bytes, counts quota set to -1
2022-07-02 07:25:34,887 [IPC Server handler 4 on default port 43657] INFO  volume.OMVolumeCreateRequest (OMVolumeCreateRequest.java:validateAndUpdateCache(195)) - created volume:volume94842 for user:user13372
2022-07-02 07:25:34,905 [Time-limited test] INFO  rpc.RpcClient (RpcClient.java:createBucket(669)) - Creating Bucket: volume94842/bucket66414, with bucket layout LEGACY, runner as owner, Versioning false, Storage Type set to DISK and Encryption set to false 
2022-07-02 07:25:34,912 [IPC Server handler 6 on default port 43657] INFO  bucket.OMBucketCreateRequest (OMBucketCreateRequest.java:validateAndUpdateCache(260)) - created bucket: bucket66414 of layout LEGACY in volume: volume94842
07:25:34.923 [IPC Server handler 10 on default port 43657] ERROR OMAudit - user=runner | ip=127.0.0.1 | op=READ_BUCKET {volume=volume-50615, bucket=bucket-64318} | ret=FAILURE
org.apache.hadoop.ozone.om.exceptions.OMException: Volume not found when getting bucket info
	at org.apache.hadoop.ozone.om.BucketManagerImpl.getBucketInfo(BucketManagerImpl.java:127) ~[ozone-manager-1.3.0-SNAPSHOT.jar:?]
	at org.apache.hadoop.ozone.om.OzoneManager.getBucketInfo(OzoneManager.java:2778) ~[ozone-manager-1.3.0-SNAPSHOT.jar:?]
	at org.apache.hadoop.ozone.protocolPB.OzoneManagerRequestHandler.infoBucket(OzoneManagerRequestHandler.java:464) ~[ozone-manager-1.3.0-SNAPSHOT.jar:?]
	at org.apache.hadoop.ozone.protocolPB.OzoneManagerRequestHandler.handleReadRequest(OzoneManagerRequestHandler.java:172) ~[ozone-manager-1.3.0-SNAPSHOT.jar:?]
	at org.apache.hadoop.ozone.protocolPB.OzoneManagerProtocolServerSideTranslatorPB.submitRequestDirectlyToOM(OzoneManagerProtocolServerSideTranslatorPB.java:276) ~[ozone-manager-1.3.0-SNAPSHOT.jar:?]
	at org.apache.hadoop.ozone.protocolPB.OzoneManagerProtocolServerSideTranslatorPB.processRequest(OzoneManagerProtocolServerSideTranslatorPB.java:205) ~[ozone-manager-1.3.0-SNAPSHOT.jar:?]
	at org.apache.hadoop.hdds.server.OzoneProtocolMessageDispatcher.processRequest(OzoneProtocolMessageDispatcher.java:87) [hdds-server-framework-1.3.0-SNAPSHOT.jar:?]
	at org.apache.hadoop.ozone.protocolPB.OzoneManagerProtocolServerSideTranslatorPB.submitRequest(OzoneManagerProtocolServerSideTranslatorPB.java:147) [ozone-manager-1.3.0-SNAPSHOT.jar:?]
	at org.apache.hadoop.ozone.protocol.proto.OzoneManagerProtocolProtos$OzoneManagerService$2.callBlockingMethod(OzoneManagerProtocolProtos.java) [ozone-interface-client-1.3.0-SNAPSHOT.jar:?]
	at org.apache.hadoop.ipc.ProtobufRpcEngine$Server.processCall(ProtobufRpcEngine.java:466) [hadoop-common-3.3.1.jar:?]
	at org.apache.hadoop.ipc.ProtobufRpcEngine2$Server$ProtoBufRpcInvoker.call(ProtobufRpcEngine2.java:574) [hadoop-common-3.3.1.jar:?]
	at org.apache.hadoop.ipc.ProtobufRpcEngine2$Server$ProtoBufRpcInvoker.call(ProtobufRpcEngine2.java:552) [hadoop-common-3.3.1.jar:?]
	at org.apache.hadoop.ipc.RPC$Server.call(RPC.java:1093) [hadoop-common-3.3.1.jar:?]
	at org.apache.hadoop.ipc.Server$RpcCall.run(Server.java:1035) [hadoop-common-3.3.1.jar:?]
	at org.apache.hadoop.ipc.Server$RpcCall.run(Server.java:963) [hadoop-common-3.3.1.jar:?]
	at java.security.AccessController.doPrivileged(Native Method) ~[?:1.8.0_332]
	at javax.security.auth.Subject.doAs(Subject.java:422) [?:1.8.0_332]
	at org.apache.hadoop.security.UserGroupInformation.doAs(UserGroupInformation.java:1878) [hadoop-common-3.3.1.jar:?]
	at org.apache.hadoop.ipc.Server$Handler.run(Server.java:2966) [hadoop-common-3.3.1.jar:?]
2022-07-02 07:25:34,923 [Time-limited test] INFO  rpc.RpcClient (RpcClient.java:createVolume(466)) - Creating Volume: volume-50615, with runner as owner and space quota set to -1 bytes, counts quota set to -1
2022-07-02 07:25:34,928 [IPC Server handler 12 on default port 43657] INFO  volume.OMVolumeCreateRequest (OMVolumeCreateRequest.java:validateAndUpdateCache(195)) - created volume:volume-50615 for user:runner
2022-07-02 07:25:34,933 [Time-limited test] INFO  rpc.RpcClient (RpcClient.java:createBucket(669)) - Creating Bucket: volume-50615/bucket-64318, with bucket layout LEGACY, runner as owner, Versioning false, Storage Type set to DISK and Encryption set to false 
2022-07-02 07:25:34,934 [IPC Server handler 14 on default port 43657] INFO  bucket.OMBucketCreateRequest (OMBucketCreateRequest.java:validateAndUpdateCache(260)) - created bucket: bucket-64318 of layout LEGACY in volume: volume-50615
]]></system-out>
  </testcase>
  <testcase name="testListStatusOnLargeDirectory" classname="TestRootedOzoneFileSystem" time="15.84">
    <system-out><![CDATA[2022-07-02 07:20:03,154 [Time-limited test] INFO  rpc.RpcClient (RpcClient.java:createVolume(466)) - Creating Volume: volume86242, with user40266 as owner and space quota set to -1 bytes, counts quota set to -1
2022-07-02 07:20:03,156 [OM StateMachine ApplyTransaction Thread - 0] INFO  volume.OMVolumeCreateRequest (OMVolumeCreateRequest.java:validateAndUpdateCache(195)) - created volume:volume86242 for user:user40266
2022-07-02 07:20:03,163 [Time-limited test] INFO  rpc.RpcClient (RpcClient.java:createBucket(669)) - Creating Bucket: volume86242/bucket60407, with bucket layout LEGACY, runner as owner, Versioning false, Storage Type set to DISK and Encryption set to false 
2022-07-02 07:20:03,165 [OM StateMachine ApplyTransaction Thread - 0] INFO  bucket.OMBucketCreateRequest (OMBucketCreateRequest.java:validateAndUpdateCache(260)) - created bucket: bucket60407 of layout LEGACY in volume: volume86242
]]></system-out>
  </testcase>
  <testcase name="testListStatusOnLargeDirectory" classname="TestRootedOzoneFileSystem" time="12.985">
    <system-out><![CDATA[2022-07-02 07:21:15,442 [Time-limited test] INFO  rpc.RpcClient (RpcClient.java:createVolume(466)) - Creating Volume: volume76410, with user09991 as owner and space quota set to -1 bytes, counts quota set to -1
2022-07-02 07:21:15,450 [OM StateMachine ApplyTransaction Thread - 0] INFO  volume.OMVolumeCreateRequest (OMVolumeCreateRequest.java:validateAndUpdateCache(195)) - created volume:volume76410 for user:user09991
2022-07-02 07:21:15,451 [Time-limited test] INFO  rpc.RpcClient (RpcClient.java:createBucket(669)) - Creating Bucket: volume76410/bucket38767, with bucket layout LEGACY, runner as owner, Versioning false, Storage Type set to DISK and Encryption set to false 
2022-07-02 07:21:15,460 [OM StateMachine ApplyTransaction Thread - 0] INFO  bucket.OMBucketCreateRequest (OMBucketCreateRequest.java:validateAndUpdateCache(260)) - created bucket: bucket38767 of layout LEGACY in volume: volume76410
]]></system-out>
  </testcase>
  <testcase name="testListStatusOnLargeDirectory" classname="TestRootedOzoneFileSystem" time="14.969">
    <system-out><![CDATA[2022-07-02 07:22:27,609 [Time-limited test] INFO  rpc.RpcClient (RpcClient.java:createVolume(466)) - Creating Volume: volume64868, with user42532 as owner and space quota set to -1 bytes, counts quota set to -1
2022-07-02 07:22:27,610 [IPC Server handler 19 on default port 38347] INFO  volume.OMVolumeCreateRequest (OMVolumeCreateRequest.java:validateAndUpdateCache(195)) - created volume:volume64868 for user:user42532
2022-07-02 07:22:27,611 [Time-limited test] INFO  rpc.RpcClient (RpcClient.java:createBucket(669)) - Creating Bucket: volume64868/bucket73685, with bucket layout LEGACY, runner as owner, Versioning false, Storage Type set to DISK and Encryption set to false 
2022-07-02 07:22:27,611 [IPC Server handler 0 on default port 38347] INFO  bucket.OMBucketCreateRequest (OMBucketCreateRequest.java:validateAndUpdateCache(260)) - created bucket: bucket73685 of layout LEGACY in volume: volume64868
]]></system-out>
  </testcase>
  <testcase name="testListStatusOnLargeDirectory" classname="TestRootedOzoneFileSystem" time="23.292">
    <system-out><![CDATA[2022-07-02 07:24:04,092 [Time-limited test] INFO  rpc.RpcClient (RpcClient.java:createVolume(466)) - Creating Volume: volume61199, with user17412 as owner and space quota set to -1 bytes, counts quota set to -1
2022-07-02 07:24:04,099 [OM StateMachine ApplyTransaction Thread - 0] INFO  volume.OMVolumeCreateRequest (OMVolumeCreateRequest.java:validateAndUpdateCache(195)) - created volume:volume61199 for user:user17412
2022-07-02 07:24:04,100 [Time-limited test] INFO  rpc.RpcClient (RpcClient.java:createBucket(669)) - Creating Bucket: volume61199/bucket50974, with bucket layout LEGACY, runner as owner, Versioning false, Storage Type set to DISK and Encryption set to false 
2022-07-02 07:24:04,102 [OM StateMachine ApplyTransaction Thread - 0] INFO  bucket.OMBucketCreateRequest (OMBucketCreateRequest.java:validateAndUpdateCache(260)) - created bucket: bucket50974 of layout LEGACY in volume: volume61199
2022-07-02 07:24:20,494 [IPC Server handler 16 on default port 36837] INFO  ha.SequenceIdGenerator (SequenceIdGenerator.java:getNextId(127)) - Allocate a batch for delTxnId, change lastId from 0 to 1000.
]]></system-out>
  </testcase>
  <testcase name="testListStatusOnLargeDirectory" classname="TestRootedOzoneFileSystem" time="23.226">
    <system-out><![CDATA[2022-07-02 07:25:35,071 [Time-limited test] INFO  rpc.RpcClient (RpcClient.java:createVolume(466)) - Creating Volume: volume08389, with user54845 as owner and space quota set to -1 bytes, counts quota set to -1
2022-07-02 07:25:35,072 [IPC Server handler 13 on default port 43657] INFO  volume.OMVolumeCreateRequest (OMVolumeCreateRequest.java:validateAndUpdateCache(195)) - created volume:volume08389 for user:user54845
2022-07-02 07:25:35,073 [Time-limited test] INFO  rpc.RpcClient (RpcClient.java:createBucket(669)) - Creating Bucket: volume08389/bucket94407, with bucket layout LEGACY, runner as owner, Versioning false, Storage Type set to DISK and Encryption set to false 
2022-07-02 07:25:35,074 [IPC Server handler 15 on default port 43657] INFO  bucket.OMBucketCreateRequest (OMBucketCreateRequest.java:validateAndUpdateCache(260)) - created bucket: bucket94407 of layout LEGACY in volume: volume08389
]]></system-out>
  </testcase>
  <testcase name="testRenameToDifferentBucket" classname="TestRootedOzoneFileSystem" time="0.099">
    <system-out><![CDATA[2022-07-02 07:20:19,030 [Time-limited test] INFO  rpc.RpcClient (RpcClient.java:createVolume(466)) - Creating Volume: volume41508, with user55013 as owner and space quota set to -1 bytes, counts quota set to -1
2022-07-02 07:20:19,032 [OM StateMachine ApplyTransaction Thread - 0] INFO  volume.OMVolumeCreateRequest (OMVolumeCreateRequest.java:validateAndUpdateCache(195)) - created volume:volume41508 for user:user55013
2022-07-02 07:20:19,035 [Time-limited test] INFO  rpc.RpcClient (RpcClient.java:createBucket(669)) - Creating Bucket: volume41508/bucket37429, with bucket layout LEGACY, runner as owner, Versioning false, Storage Type set to DISK and Encryption set to false 
2022-07-02 07:20:19,037 [OM StateMachine ApplyTransaction Thread - 0] INFO  bucket.OMBucketCreateRequest (OMBucketCreateRequest.java:validateAndUpdateCache(260)) - created bucket: bucket37429 of layout LEGACY in volume: volume41508
]]></system-out>
  </testcase>
  <testcase name="testRenameToDifferentBucket" classname="TestRootedOzoneFileSystem" time="0.12">
    <system-out><![CDATA[2022-07-02 07:21:28,455 [Time-limited test] INFO  rpc.RpcClient (RpcClient.java:createVolume(466)) - Creating Volume: volume67363, with user73296 as owner and space quota set to -1 bytes, counts quota set to -1
2022-07-02 07:21:28,460 [OM StateMachine ApplyTransaction Thread - 0] INFO  volume.OMVolumeCreateRequest (OMVolumeCreateRequest.java:validateAndUpdateCache(195)) - created volume:volume67363 for user:user73296
2022-07-02 07:21:28,461 [Time-limited test] INFO  rpc.RpcClient (RpcClient.java:createBucket(669)) - Creating Bucket: volume67363/bucket58755, with bucket layout LEGACY, runner as owner, Versioning false, Storage Type set to DISK and Encryption set to false 
2022-07-02 07:21:28,463 [OM StateMachine ApplyTransaction Thread - 0] INFO  bucket.OMBucketCreateRequest (OMBucketCreateRequest.java:validateAndUpdateCache(260)) - created bucket: bucket58755 of layout LEGACY in volume: volume67363
]]></system-out>
  </testcase>
  <testcase name="testRenameToDifferentBucket" classname="TestRootedOzoneFileSystem" time="0.192">
    <system-out><![CDATA[2022-07-02 07:22:42,567 [Time-limited test] INFO  rpc.RpcClient (RpcClient.java:createVolume(466)) - Creating Volume: volume32160, with user40546 as owner and space quota set to -1 bytes, counts quota set to -1
2022-07-02 07:22:42,568 [IPC Server handler 8 on default port 38347] INFO  volume.OMVolumeCreateRequest (OMVolumeCreateRequest.java:validateAndUpdateCache(195)) - created volume:volume32160 for user:user40546
2022-07-02 07:22:42,577 [Time-limited test] INFO  rpc.RpcClient (RpcClient.java:createBucket(669)) - Creating Bucket: volume32160/bucket00026, with bucket layout LEGACY, runner as owner, Versioning false, Storage Type set to DISK and Encryption set to false 
2022-07-02 07:22:42,578 [IPC Server handler 7 on default port 38347] INFO  bucket.OMBucketCreateRequest (OMBucketCreateRequest.java:validateAndUpdateCache(260)) - created bucket: bucket00026 of layout LEGACY in volume: volume32160
]]></system-out>
  </testcase>
  <testcase name="testRenameToDifferentBucket" classname="TestRootedOzoneFileSystem" time="0.214">
    <system-out><![CDATA[2022-07-02 07:24:27,322 [Time-limited test] INFO  rpc.RpcClient (RpcClient.java:createVolume(466)) - Creating Volume: volume24084, with user28740 as owner and space quota set to -1 bytes, counts quota set to -1
2022-07-02 07:24:27,333 [OM StateMachine ApplyTransaction Thread - 0] INFO  volume.OMVolumeCreateRequest (OMVolumeCreateRequest.java:validateAndUpdateCache(195)) - created volume:volume24084 for user:user28740
2022-07-02 07:24:27,334 [Time-limited test] INFO  rpc.RpcClient (RpcClient.java:createBucket(669)) - Creating Bucket: volume24084/bucket21920, with bucket layout LEGACY, runner as owner, Versioning false, Storage Type set to DISK and Encryption set to false 
2022-07-02 07:24:27,335 [OM StateMachine ApplyTransaction Thread - 0] INFO  bucket.OMBucketCreateRequest (OMBucketCreateRequest.java:validateAndUpdateCache(260)) - created bucket: bucket21920 of layout LEGACY in volume: volume24084
]]></system-out>
  </testcase>
  <testcase name="testRenameToDifferentBucket" classname="TestRootedOzoneFileSystem" time="0.221">
    <system-out><![CDATA[2022-07-02 07:25:58,343 [Time-limited test] INFO  rpc.RpcClient (RpcClient.java:createVolume(466)) - Creating Volume: volume69821, with user24743 as owner and space quota set to -1 bytes, counts quota set to -1
2022-07-02 07:25:58,345 [IPC Server handler 18 on default port 43657] INFO  volume.OMVolumeCreateRequest (OMVolumeCreateRequest.java:validateAndUpdateCache(195)) - created volume:volume69821 for user:user24743
2022-07-02 07:25:58,368 [Time-limited test] INFO  rpc.RpcClient (RpcClient.java:createBucket(669)) - Creating Bucket: volume69821/bucket83806, with bucket layout LEGACY, runner as owner, Versioning false, Storage Type set to DISK and Encryption set to false 
2022-07-02 07:25:58,368 [IPC Server handler 11 on default port 43657] INFO  bucket.OMBucketCreateRequest (OMBucketCreateRequest.java:validateAndUpdateCache(260)) - created bucket: bucket83806 of layout LEGACY in volume: volume69821
]]></system-out>
  </testcase>
  <testcase name="testBucketDefaultsShouldBeInheritedToFileForEC" classname="TestRootedOzoneFileSystem" time="0.507">
    <system-out><![CDATA[2022-07-02 07:20:19,102 [Time-limited test] INFO  rpc.RpcClient (RpcClient.java:createVolume(466)) - Creating Volume: volume92882, with user98418 as owner and space quota set to -1 bytes, counts quota set to -1
2022-07-02 07:20:19,104 [OM StateMachine ApplyTransaction Thread - 0] INFO  volume.OMVolumeCreateRequest (OMVolumeCreateRequest.java:validateAndUpdateCache(195)) - created volume:volume92882 for user:user98418
2022-07-02 07:20:19,109 [Time-limited test] INFO  rpc.RpcClient (RpcClient.java:createBucket(669)) - Creating Bucket: volume92882/bucket73394, with bucket layout LEGACY, runner as owner, Versioning false, Storage Type set to DISK and Encryption set to false 
2022-07-02 07:20:19,111 [OM StateMachine ApplyTransaction Thread - 0] INFO  bucket.OMBucketCreateRequest (OMBucketCreateRequest.java:validateAndUpdateCache(260)) - created bucket: bucket73394 of layout LEGACY in volume: volume92882
2022-07-02 07:20:19,136 [Time-limited test] INFO  rpc.RpcClient (RpcClient.java:createVolume(466)) - Creating Volume: 1133be07-ebf3-428b-a26a-6f6cc8cffdab, with user16654 as owner and space quota set to -1 bytes, counts quota set to -1
2022-07-02 07:20:19,138 [OM StateMachine ApplyTransaction Thread - 0] INFO  volume.OMVolumeCreateRequest (OMVolumeCreateRequest.java:validateAndUpdateCache(195)) - created volume:1133be07-ebf3-428b-a26a-6f6cc8cffdab for user:user16654
2022-07-02 07:20:19,139 [Time-limited test] INFO  rpc.RpcClient (RpcClient.java:createBucket(669)) - Creating Bucket: 1133be07-ebf3-428b-a26a-6f6cc8cffdab/b874c84e-37b0-465c-9c3c-8b7b8962c83b, with bucket layout LEGACY, runner as owner, Versioning false, Storage Type set to DISK and Encryption set to false 
2022-07-02 07:20:19,143 [OM StateMachine ApplyTransaction Thread - 0] INFO  bucket.OMBucketCreateRequest (OMBucketCreateRequest.java:validateAndUpdateCache(260)) - created bucket: b874c84e-37b0-465c-9c3c-8b7b8962c83b of layout LEGACY in volume: 1133be07-ebf3-428b-a26a-6f6cc8cffdab
2022-07-02 07:20:19,152 [IPC Server handler 16 on default port 34439] INFO  pipeline.PipelineStateManagerImpl (PipelineStateManagerImpl.java:addPipeline(101)) - Created pipeline Pipeline[ Id: ce092e54-7e7f-4009-a280-a0d5de1eb970, Nodes: bb33d066-413c-4901-a976-4b69639dfedd{ip: 10.1.0.20, host: fv-az444-838.dthhdds2jluu1c0oa55ndv1hsg.dx.internal.cloudapp.net, ports: [REPLICATION=45107, RATIS=44635, RATIS_ADMIN=44635, RATIS_SERVER=44635, STANDALONE=43467], networkLocation: /default-rack, certSerialId: null, persistedOpState: null, persistedOpStateExpiryEpochSec: 0}dc0e6785-2ef3-43a4-ac1a-d32fe23dc755{ip: 10.1.0.20, host: fv-az444-838.dthhdds2jluu1c0oa55ndv1hsg.dx.internal.cloudapp.net, ports: [REPLICATION=41063, RATIS=39655, RATIS_ADMIN=39655, RATIS_SERVER=39655, STANDALONE=41315], networkLocation: /default-rack, certSerialId: null, persistedOpState: null, persistedOpStateExpiryEpochSec: 0}da23fa89-fa7d-4455-a39d-25ada925c5c4{ip: 10.1.0.20, host: fv-az444-838.dthhdds2jluu1c0oa55ndv1hsg.dx.internal.cloudapp.net, ports: [REPLICATION=44721, RATIS=43027, RATIS_ADMIN=43027, RATIS_SERVER=43027, STANDALONE=42523], networkLocation: /default-rack, certSerialId: null, persistedOpState: null, persistedOpStateExpiryEpochSec: 0}419d88b6-03c8-4180-a8b8-c3be8294e19d{ip: 10.1.0.20, host: fv-az444-838.dthhdds2jluu1c0oa55ndv1hsg.dx.internal.cloudapp.net, ports: [REPLICATION=40195, RATIS=37557, RATIS_ADMIN=37557, RATIS_SERVER=37557, STANDALONE=33565], networkLocation: /default-rack, certSerialId: null, persistedOpState: null, persistedOpStateExpiryEpochSec: 0}86df6d00-7043-4e9f-8d75-9ddb09551a86{ip: 10.1.0.20, host: fv-az444-838.dthhdds2jluu1c0oa55ndv1hsg.dx.internal.cloudapp.net, ports: [REPLICATION=33381, RATIS=35185, RATIS_ADMIN=35185, RATIS_SERVER=35185, STANDALONE=46517], networkLocation: /default-rack, certSerialId: null, persistedOpState: null, persistedOpStateExpiryEpochSec: 0}, ReplicationConfig: EC/ECReplicationConfig{data=3, parity=2, ecChunkSize=1024, codec=rs}, State:ALLOCATED, leaderId:, CreationTimestamp2022-07-02T07:20:19.151Z[Etc/UTC]].
2022-07-02 07:20:19,153 [IPC Server handler 16 on default port 34439] INFO  pipeline.PipelineManagerImpl (PipelineManagerImpl.java:openPipeline(358)) - Pipeline Pipeline[ Id: ce092e54-7e7f-4009-a280-a0d5de1eb970, Nodes: bb33d066-413c-4901-a976-4b69639dfedd{ip: 10.1.0.20, host: fv-az444-838.dthhdds2jluu1c0oa55ndv1hsg.dx.internal.cloudapp.net, ports: [REPLICATION=45107, RATIS=44635, RATIS_ADMIN=44635, RATIS_SERVER=44635, STANDALONE=43467], networkLocation: /default-rack, certSerialId: null, persistedOpState: null, persistedOpStateExpiryEpochSec: 0}dc0e6785-2ef3-43a4-ac1a-d32fe23dc755{ip: 10.1.0.20, host: fv-az444-838.dthhdds2jluu1c0oa55ndv1hsg.dx.internal.cloudapp.net, ports: [REPLICATION=41063, RATIS=39655, RATIS_ADMIN=39655, RATIS_SERVER=39655, STANDALONE=41315], networkLocation: /default-rack, certSerialId: null, persistedOpState: null, persistedOpStateExpiryEpochSec: 0}da23fa89-fa7d-4455-a39d-25ada925c5c4{ip: 10.1.0.20, host: fv-az444-838.dthhdds2jluu1c0oa55ndv1hsg.dx.internal.cloudapp.net, ports: [REPLICATION=44721, RATIS=43027, RATIS_ADMIN=43027, RATIS_SERVER=43027, STANDALONE=42523], networkLocation: /default-rack, certSerialId: null, persistedOpState: null, persistedOpStateExpiryEpochSec: 0}419d88b6-03c8-4180-a8b8-c3be8294e19d{ip: 10.1.0.20, host: fv-az444-838.dthhdds2jluu1c0oa55ndv1hsg.dx.internal.cloudapp.net, ports: [REPLICATION=40195, RATIS=37557, RATIS_ADMIN=37557, RATIS_SERVER=37557, STANDALONE=33565], networkLocation: /default-rack, certSerialId: null, persistedOpState: null, persistedOpStateExpiryEpochSec: 0}86df6d00-7043-4e9f-8d75-9ddb09551a86{ip: 10.1.0.20, host: fv-az444-838.dthhdds2jluu1c0oa55ndv1hsg.dx.internal.cloudapp.net, ports: [REPLICATION=33381, RATIS=35185, RATIS_ADMIN=35185, RATIS_SERVER=35185, STANDALONE=46517], networkLocation: /default-rack, certSerialId: null, persistedOpState: null, persistedOpStateExpiryEpochSec: 0}, ReplicationConfig: EC/ECReplicationConfig{data=3, parity=2, ecChunkSize=1024, codec=rs}, State:ALLOCATED, leaderId:, CreationTimestamp2022-07-02T07:20:19.151Z[Etc/UTC]] moved to OPEN state
2022-07-02 07:20:19,213 [Time-limited test] WARN  erasurecode.ErasureCodeNative (ErasureCodeNative.java:<clinit>(55)) - ISA-L support is not available in your platform... using builtin-java codec where applicable
]]></system-out>
  </testcase>
  <testcase name="testBucketDefaultsShouldBeInheritedToFileForEC" classname="TestRootedOzoneFileSystem" time="0.752">
    <system-out><![CDATA[2022-07-02 07:21:28,586 [Time-limited test] INFO  rpc.RpcClient (RpcClient.java:createVolume(466)) - Creating Volume: volume84645, with user34416 as owner and space quota set to -1 bytes, counts quota set to -1
2022-07-02 07:21:28,592 [OM StateMachine ApplyTransaction Thread - 0] INFO  volume.OMVolumeCreateRequest (OMVolumeCreateRequest.java:validateAndUpdateCache(195)) - created volume:volume84645 for user:user34416
2022-07-02 07:21:28,593 [Time-limited test] INFO  rpc.RpcClient (RpcClient.java:createBucket(669)) - Creating Bucket: volume84645/bucket21891, with bucket layout LEGACY, runner as owner, Versioning false, Storage Type set to DISK and Encryption set to false 
2022-07-02 07:21:28,595 [OM StateMachine ApplyTransaction Thread - 0] INFO  bucket.OMBucketCreateRequest (OMBucketCreateRequest.java:validateAndUpdateCache(260)) - created bucket: bucket21891 of layout LEGACY in volume: volume84645
2022-07-02 07:21:28,651 [Time-limited test] INFO  rpc.RpcClient (RpcClient.java:createVolume(466)) - Creating Volume: 559e459a-461f-421e-b42d-ac67a97d126f, with user33674 as owner and space quota set to -1 bytes, counts quota set to -1
2022-07-02 07:21:28,654 [OM StateMachine ApplyTransaction Thread - 0] INFO  volume.OMVolumeCreateRequest (OMVolumeCreateRequest.java:validateAndUpdateCache(195)) - created volume:559e459a-461f-421e-b42d-ac67a97d126f for user:user33674
2022-07-02 07:21:28,655 [Time-limited test] INFO  rpc.RpcClient (RpcClient.java:createBucket(669)) - Creating Bucket: 559e459a-461f-421e-b42d-ac67a97d126f/24f1b505-3e38-4b5d-97bc-ef9961608b23, with bucket layout LEGACY, runner as owner, Versioning false, Storage Type set to DISK and Encryption set to false 
2022-07-02 07:21:28,657 [OM StateMachine ApplyTransaction Thread - 0] INFO  bucket.OMBucketCreateRequest (OMBucketCreateRequest.java:validateAndUpdateCache(260)) - created bucket: 24f1b505-3e38-4b5d-97bc-ef9961608b23 of layout LEGACY in volume: 559e459a-461f-421e-b42d-ac67a97d126f
2022-07-02 07:21:28,675 [IPC Server handler 0 on default port 42335] INFO  pipeline.PipelineStateManagerImpl (PipelineStateManagerImpl.java:addPipeline(101)) - Created pipeline Pipeline[ Id: 8b2a827f-c6fb-4ebc-b423-d546cb72eaf7, Nodes: 1b8544ae-5af5-4df4-b279-24215a24e61f{ip: 10.1.0.20, host: fv-az444-838.dthhdds2jluu1c0oa55ndv1hsg.dx.internal.cloudapp.net, ports: [REPLICATION=37741, RATIS=40747, RATIS_ADMIN=40747, RATIS_SERVER=40747, STANDALONE=43095], networkLocation: /default-rack, certSerialId: null, persistedOpState: null, persistedOpStateExpiryEpochSec: 0}c9a01eed-2c14-4142-866b-b2e3b10906a9{ip: 10.1.0.20, host: fv-az444-838.dthhdds2jluu1c0oa55ndv1hsg.dx.internal.cloudapp.net, ports: [REPLICATION=40609, RATIS=44461, RATIS_ADMIN=44461, RATIS_SERVER=44461, STANDALONE=41307], networkLocation: /default-rack, certSerialId: null, persistedOpState: null, persistedOpStateExpiryEpochSec: 0}cfe57530-fe42-4aeb-89ca-3dd0b37fa566{ip: 10.1.0.20, host: fv-az444-838.dthhdds2jluu1c0oa55ndv1hsg.dx.internal.cloudapp.net, ports: [REPLICATION=33153, RATIS=46557, RATIS_ADMIN=46557, RATIS_SERVER=46557, STANDALONE=39487], networkLocation: /default-rack, certSerialId: null, persistedOpState: null, persistedOpStateExpiryEpochSec: 0}029081d1-a351-4e87-8ac8-9a9e5f881d63{ip: 10.1.0.20, host: fv-az444-838.dthhdds2jluu1c0oa55ndv1hsg.dx.internal.cloudapp.net, ports: [REPLICATION=40571, RATIS=34471, RATIS_ADMIN=34471, RATIS_SERVER=34471, STANDALONE=38683], networkLocation: /default-rack, certSerialId: null, persistedOpState: null, persistedOpStateExpiryEpochSec: 0}9e85b174-a55c-4b71-8ba9-5ac009f49f1a{ip: 10.1.0.20, host: fv-az444-838.dthhdds2jluu1c0oa55ndv1hsg.dx.internal.cloudapp.net, ports: [REPLICATION=34551, RATIS=41643, RATIS_ADMIN=41643, RATIS_SERVER=41643, STANDALONE=40693], networkLocation: /default-rack, certSerialId: null, persistedOpState: null, persistedOpStateExpiryEpochSec: 0}, ReplicationConfig: EC/ECReplicationConfig{data=3, parity=2, ecChunkSize=1024, codec=rs}, State:ALLOCATED, leaderId:, CreationTimestamp2022-07-02T07:21:28.673Z[Etc/UTC]].
2022-07-02 07:21:28,677 [IPC Server handler 0 on default port 42335] INFO  pipeline.PipelineManagerImpl (PipelineManagerImpl.java:openPipeline(358)) - Pipeline Pipeline[ Id: 8b2a827f-c6fb-4ebc-b423-d546cb72eaf7, Nodes: 1b8544ae-5af5-4df4-b279-24215a24e61f{ip: 10.1.0.20, host: fv-az444-838.dthhdds2jluu1c0oa55ndv1hsg.dx.internal.cloudapp.net, ports: [REPLICATION=37741, RATIS=40747, RATIS_ADMIN=40747, RATIS_SERVER=40747, STANDALONE=43095], networkLocation: /default-rack, certSerialId: null, persistedOpState: null, persistedOpStateExpiryEpochSec: 0}c9a01eed-2c14-4142-866b-b2e3b10906a9{ip: 10.1.0.20, host: fv-az444-838.dthhdds2jluu1c0oa55ndv1hsg.dx.internal.cloudapp.net, ports: [REPLICATION=40609, RATIS=44461, RATIS_ADMIN=44461, RATIS_SERVER=44461, STANDALONE=41307], networkLocation: /default-rack, certSerialId: null, persistedOpState: null, persistedOpStateExpiryEpochSec: 0}cfe57530-fe42-4aeb-89ca-3dd0b37fa566{ip: 10.1.0.20, host: fv-az444-838.dthhdds2jluu1c0oa55ndv1hsg.dx.internal.cloudapp.net, ports: [REPLICATION=33153, RATIS=46557, RATIS_ADMIN=46557, RATIS_SERVER=46557, STANDALONE=39487], networkLocation: /default-rack, certSerialId: null, persistedOpState: null, persistedOpStateExpiryEpochSec: 0}029081d1-a351-4e87-8ac8-9a9e5f881d63{ip: 10.1.0.20, host: fv-az444-838.dthhdds2jluu1c0oa55ndv1hsg.dx.internal.cloudapp.net, ports: [REPLICATION=40571, RATIS=34471, RATIS_ADMIN=34471, RATIS_SERVER=34471, STANDALONE=38683], networkLocation: /default-rack, certSerialId: null, persistedOpState: null, persistedOpStateExpiryEpochSec: 0}9e85b174-a55c-4b71-8ba9-5ac009f49f1a{ip: 10.1.0.20, host: fv-az444-838.dthhdds2jluu1c0oa55ndv1hsg.dx.internal.cloudapp.net, ports: [REPLICATION=34551, RATIS=41643, RATIS_ADMIN=41643, RATIS_SERVER=41643, STANDALONE=40693], networkLocation: /default-rack, certSerialId: null, persistedOpState: null, persistedOpStateExpiryEpochSec: 0}, ReplicationConfig: EC/ECReplicationConfig{data=3, parity=2, ecChunkSize=1024, codec=rs}, State:ALLOCATED, leaderId:, CreationTimestamp2022-07-02T07:21:28.673Z[Etc/UTC]] moved to OPEN state
]]></system-out>
  </testcase>
  <testcase name="testBucketDefaultsShouldBeInheritedToFileForEC" classname="TestRootedOzoneFileSystem" time="0.995">
    <system-out><![CDATA[2022-07-02 07:22:42,745 [Time-limited test] INFO  rpc.RpcClient (RpcClient.java:createVolume(466)) - Creating Volume: volume34921, with user67022 as owner and space quota set to -1 bytes, counts quota set to -1
2022-07-02 07:22:42,746 [IPC Server handler 19 on default port 38347] INFO  volume.OMVolumeCreateRequest (OMVolumeCreateRequest.java:validateAndUpdateCache(195)) - created volume:volume34921 for user:user67022
2022-07-02 07:22:42,749 [Time-limited test] INFO  rpc.RpcClient (RpcClient.java:createBucket(669)) - Creating Bucket: volume34921/bucket39053, with bucket layout LEGACY, runner as owner, Versioning false, Storage Type set to DISK and Encryption set to false 
2022-07-02 07:22:42,749 [IPC Server handler 0 on default port 38347] INFO  bucket.OMBucketCreateRequest (OMBucketCreateRequest.java:validateAndUpdateCache(260)) - created bucket: bucket39053 of layout LEGACY in volume: volume34921
2022-07-02 07:22:42,855 [Time-limited test] INFO  rpc.RpcClient (RpcClient.java:createVolume(466)) - Creating Volume: 0c6ef70a-955e-418f-b3d7-eecb52a85686, with user80454 as owner and space quota set to -1 bytes, counts quota set to -1
2022-07-02 07:22:42,856 [IPC Server handler 4 on default port 38347] INFO  volume.OMVolumeCreateRequest (OMVolumeCreateRequest.java:validateAndUpdateCache(195)) - created volume:0c6ef70a-955e-418f-b3d7-eecb52a85686 for user:user80454
2022-07-02 07:22:42,857 [Time-limited test] INFO  rpc.RpcClient (RpcClient.java:createBucket(669)) - Creating Bucket: 0c6ef70a-955e-418f-b3d7-eecb52a85686/48c48a06-0941-423f-93c0-bc7429d01f95, with bucket layout LEGACY, runner as owner, Versioning false, Storage Type set to DISK and Encryption set to false 
2022-07-02 07:22:42,858 [IPC Server handler 5 on default port 38347] INFO  bucket.OMBucketCreateRequest (OMBucketCreateRequest.java:validateAndUpdateCache(260)) - created bucket: 48c48a06-0941-423f-93c0-bc7429d01f95 of layout LEGACY in volume: 0c6ef70a-955e-418f-b3d7-eecb52a85686
2022-07-02 07:22:42,885 [IPC Server handler 0 on default port 41987] INFO  pipeline.PipelineStateManagerImpl (PipelineStateManagerImpl.java:addPipeline(101)) - Created pipeline Pipeline[ Id: fd12a202-e079-498f-a68d-cf3a355a57f3, Nodes: eb920e94-4431-4986-848f-491e170389c2{ip: 10.1.0.20, host: fv-az444-838.dthhdds2jluu1c0oa55ndv1hsg.dx.internal.cloudapp.net, ports: [REPLICATION=40543, RATIS=46637, RATIS_ADMIN=46637, RATIS_SERVER=46637, STANDALONE=43895], networkLocation: /default-rack, certSerialId: null, persistedOpState: null, persistedOpStateExpiryEpochSec: 0}8384da11-bc81-4aa4-8438-a9cb526b8e6b{ip: 10.1.0.20, host: fv-az444-838.dthhdds2jluu1c0oa55ndv1hsg.dx.internal.cloudapp.net, ports: [REPLICATION=33083, RATIS=41153, RATIS_ADMIN=41153, RATIS_SERVER=41153, STANDALONE=39651], networkLocation: /default-rack, certSerialId: null, persistedOpState: null, persistedOpStateExpiryEpochSec: 0}85df8eb1-77a9-48e2-b795-4ce99b081c64{ip: 10.1.0.20, host: fv-az444-838.dthhdds2jluu1c0oa55ndv1hsg.dx.internal.cloudapp.net, ports: [REPLICATION=33195, RATIS=33453, RATIS_ADMIN=33453, RATIS_SERVER=33453, STANDALONE=40055], networkLocation: /default-rack, certSerialId: null, persistedOpState: null, persistedOpStateExpiryEpochSec: 0}b1084062-54e4-4f5e-9113-5676fdd37f8c{ip: 10.1.0.20, host: fv-az444-838.dthhdds2jluu1c0oa55ndv1hsg.dx.internal.cloudapp.net, ports: [REPLICATION=38859, RATIS=38501, RATIS_ADMIN=38501, RATIS_SERVER=38501, STANDALONE=39555], networkLocation: /default-rack, certSerialId: null, persistedOpState: null, persistedOpStateExpiryEpochSec: 0}c8c7f6e9-7147-4113-9ab5-2be4ccc0fabe{ip: 10.1.0.20, host: fv-az444-838.dthhdds2jluu1c0oa55ndv1hsg.dx.internal.cloudapp.net, ports: [REPLICATION=41829, RATIS=43257, RATIS_ADMIN=43257, RATIS_SERVER=43257, STANDALONE=33961], networkLocation: /default-rack, certSerialId: null, persistedOpState: null, persistedOpStateExpiryEpochSec: 0}, ReplicationConfig: EC/ECReplicationConfig{data=3, parity=2, ecChunkSize=1024, codec=rs}, State:ALLOCATED, leaderId:, CreationTimestamp2022-07-02T07:22:42.881Z[Etc/UTC]].
2022-07-02 07:22:42,886 [IPC Server handler 0 on default port 41987] INFO  pipeline.PipelineManagerImpl (PipelineManagerImpl.java:openPipeline(358)) - Pipeline Pipeline[ Id: fd12a202-e079-498f-a68d-cf3a355a57f3, Nodes: eb920e94-4431-4986-848f-491e170389c2{ip: 10.1.0.20, host: fv-az444-838.dthhdds2jluu1c0oa55ndv1hsg.dx.internal.cloudapp.net, ports: [REPLICATION=40543, RATIS=46637, RATIS_ADMIN=46637, RATIS_SERVER=46637, STANDALONE=43895], networkLocation: /default-rack, certSerialId: null, persistedOpState: null, persistedOpStateExpiryEpochSec: 0}8384da11-bc81-4aa4-8438-a9cb526b8e6b{ip: 10.1.0.20, host: fv-az444-838.dthhdds2jluu1c0oa55ndv1hsg.dx.internal.cloudapp.net, ports: [REPLICATION=33083, RATIS=41153, RATIS_ADMIN=41153, RATIS_SERVER=41153, STANDALONE=39651], networkLocation: /default-rack, certSerialId: null, persistedOpState: null, persistedOpStateExpiryEpochSec: 0}85df8eb1-77a9-48e2-b795-4ce99b081c64{ip: 10.1.0.20, host: fv-az444-838.dthhdds2jluu1c0oa55ndv1hsg.dx.internal.cloudapp.net, ports: [REPLICATION=33195, RATIS=33453, RATIS_ADMIN=33453, RATIS_SERVER=33453, STANDALONE=40055], networkLocation: /default-rack, certSerialId: null, persistedOpState: null, persistedOpStateExpiryEpochSec: 0}b1084062-54e4-4f5e-9113-5676fdd37f8c{ip: 10.1.0.20, host: fv-az444-838.dthhdds2jluu1c0oa55ndv1hsg.dx.internal.cloudapp.net, ports: [REPLICATION=38859, RATIS=38501, RATIS_ADMIN=38501, RATIS_SERVER=38501, STANDALONE=39555], networkLocation: /default-rack, certSerialId: null, persistedOpState: null, persistedOpStateExpiryEpochSec: 0}c8c7f6e9-7147-4113-9ab5-2be4ccc0fabe{ip: 10.1.0.20, host: fv-az444-838.dthhdds2jluu1c0oa55ndv1hsg.dx.internal.cloudapp.net, ports: [REPLICATION=41829, RATIS=43257, RATIS_ADMIN=43257, RATIS_SERVER=43257, STANDALONE=33961], networkLocation: /default-rack, certSerialId: null, persistedOpState: null, persistedOpStateExpiryEpochSec: 0}, ReplicationConfig: EC/ECReplicationConfig{data=3, parity=2, ecChunkSize=1024, codec=rs}, State:ALLOCATED, leaderId:, CreationTimestamp2022-07-02T07:22:42.881Z[Etc/UTC]] moved to OPEN state
]]></system-out>
  </testcase>
  <testcase name="testBucketDefaultsShouldBeInheritedToFileForEC" classname="TestRootedOzoneFileSystem" time="1.07">
    <system-out><![CDATA[2022-07-02 07:24:27,526 [Time-limited test] INFO  rpc.RpcClient (RpcClient.java:createVolume(466)) - Creating Volume: volume41124, with user50266 as owner and space quota set to -1 bytes, counts quota set to -1
2022-07-02 07:24:27,541 [OM StateMachine ApplyTransaction Thread - 0] INFO  volume.OMVolumeCreateRequest (OMVolumeCreateRequest.java:validateAndUpdateCache(195)) - created volume:volume41124 for user:user50266
2022-07-02 07:24:27,542 [Time-limited test] INFO  rpc.RpcClient (RpcClient.java:createBucket(669)) - Creating Bucket: volume41124/bucket00860, with bucket layout LEGACY, runner as owner, Versioning false, Storage Type set to DISK and Encryption set to false 
2022-07-02 07:24:27,543 [OM StateMachine ApplyTransaction Thread - 0] INFO  bucket.OMBucketCreateRequest (OMBucketCreateRequest.java:validateAndUpdateCache(260)) - created bucket: bucket00860 of layout LEGACY in volume: volume41124
2022-07-02 07:24:27,642 [Time-limited test] INFO  rpc.RpcClient (RpcClient.java:createVolume(466)) - Creating Volume: d5879f59-cda4-40f6-8e24-b912a3c0bf20, with user69995 as owner and space quota set to -1 bytes, counts quota set to -1
2022-07-02 07:24:27,644 [OM StateMachine ApplyTransaction Thread - 0] INFO  volume.OMVolumeCreateRequest (OMVolumeCreateRequest.java:validateAndUpdateCache(195)) - created volume:d5879f59-cda4-40f6-8e24-b912a3c0bf20 for user:user69995
2022-07-02 07:24:27,656 [Time-limited test] INFO  rpc.RpcClient (RpcClient.java:createBucket(669)) - Creating Bucket: d5879f59-cda4-40f6-8e24-b912a3c0bf20/ea6612de-03c2-4e47-97a2-070c231c1578, with bucket layout LEGACY, runner as owner, Versioning false, Storage Type set to DISK and Encryption set to false 
2022-07-02 07:24:27,664 [OM StateMachine ApplyTransaction Thread - 0] INFO  bucket.OMBucketCreateRequest (OMBucketCreateRequest.java:validateAndUpdateCache(260)) - created bucket: ea6612de-03c2-4e47-97a2-070c231c1578 of layout LEGACY in volume: d5879f59-cda4-40f6-8e24-b912a3c0bf20
2022-07-02 07:24:27,671 [IPC Server handler 16 on default port 36837] INFO  pipeline.PipelineStateManagerImpl (PipelineStateManagerImpl.java:addPipeline(101)) - Created pipeline Pipeline[ Id: cefd0995-61ff-45a5-b6e4-03e5bc9f201d, Nodes: 8ee9ea94-b7aa-4256-9521-78badb6f68ce{ip: 10.1.0.20, host: fv-az444-838.dthhdds2jluu1c0oa55ndv1hsg.dx.internal.cloudapp.net, ports: [REPLICATION=44871, RATIS=42261, RATIS_ADMIN=42261, RATIS_SERVER=42261, STANDALONE=36669], networkLocation: /default-rack, certSerialId: null, persistedOpState: null, persistedOpStateExpiryEpochSec: 0}c36488b4-ebfd-4b41-ac5a-8203e4b42905{ip: 10.1.0.20, host: fv-az444-838.dthhdds2jluu1c0oa55ndv1hsg.dx.internal.cloudapp.net, ports: [REPLICATION=36535, RATIS=40803, RATIS_ADMIN=40803, RATIS_SERVER=40803, STANDALONE=41593], networkLocation: /default-rack, certSerialId: null, persistedOpState: null, persistedOpStateExpiryEpochSec: 0}62d41a72-c69a-4c51-8969-57edf65cfd32{ip: 10.1.0.20, host: fv-az444-838.dthhdds2jluu1c0oa55ndv1hsg.dx.internal.cloudapp.net, ports: [REPLICATION=41289, RATIS=44989, RATIS_ADMIN=44989, RATIS_SERVER=44989, STANDALONE=37639], networkLocation: /default-rack, certSerialId: null, persistedOpState: null, persistedOpStateExpiryEpochSec: 0}d727aa53-777d-4565-b781-b847e62e7de2{ip: 10.1.0.20, host: fv-az444-838.dthhdds2jluu1c0oa55ndv1hsg.dx.internal.cloudapp.net, ports: [REPLICATION=34763, RATIS=38235, RATIS_ADMIN=38235, RATIS_SERVER=38235, STANDALONE=34017], networkLocation: /default-rack, certSerialId: null, persistedOpState: null, persistedOpStateExpiryEpochSec: 0}5c96909e-6d7d-4877-8367-f30c632a1483{ip: 10.1.0.20, host: fv-az444-838.dthhdds2jluu1c0oa55ndv1hsg.dx.internal.cloudapp.net, ports: [REPLICATION=40817, RATIS=39903, RATIS_ADMIN=39903, RATIS_SERVER=39903, STANDALONE=40513], networkLocation: /default-rack, certSerialId: null, persistedOpState: null, persistedOpStateExpiryEpochSec: 0}, ReplicationConfig: EC/ECReplicationConfig{data=3, parity=2, ecChunkSize=1024, codec=rs}, State:ALLOCATED, leaderId:, CreationTimestamp2022-07-02T07:24:27.669Z[Etc/UTC]].
2022-07-02 07:24:27,671 [IPC Server handler 16 on default port 36837] INFO  pipeline.PipelineManagerImpl (PipelineManagerImpl.java:openPipeline(358)) - Pipeline Pipeline[ Id: cefd0995-61ff-45a5-b6e4-03e5bc9f201d, Nodes: 8ee9ea94-b7aa-4256-9521-78badb6f68ce{ip: 10.1.0.20, host: fv-az444-838.dthhdds2jluu1c0oa55ndv1hsg.dx.internal.cloudapp.net, ports: [REPLICATION=44871, RATIS=42261, RATIS_ADMIN=42261, RATIS_SERVER=42261, STANDALONE=36669], networkLocation: /default-rack, certSerialId: null, persistedOpState: null, persistedOpStateExpiryEpochSec: 0}c36488b4-ebfd-4b41-ac5a-8203e4b42905{ip: 10.1.0.20, host: fv-az444-838.dthhdds2jluu1c0oa55ndv1hsg.dx.internal.cloudapp.net, ports: [REPLICATION=36535, RATIS=40803, RATIS_ADMIN=40803, RATIS_SERVER=40803, STANDALONE=41593], networkLocation: /default-rack, certSerialId: null, persistedOpState: null, persistedOpStateExpiryEpochSec: 0}62d41a72-c69a-4c51-8969-57edf65cfd32{ip: 10.1.0.20, host: fv-az444-838.dthhdds2jluu1c0oa55ndv1hsg.dx.internal.cloudapp.net, ports: [REPLICATION=41289, RATIS=44989, RATIS_ADMIN=44989, RATIS_SERVER=44989, STANDALONE=37639], networkLocation: /default-rack, certSerialId: null, persistedOpState: null, persistedOpStateExpiryEpochSec: 0}d727aa53-777d-4565-b781-b847e62e7de2{ip: 10.1.0.20, host: fv-az444-838.dthhdds2jluu1c0oa55ndv1hsg.dx.internal.cloudapp.net, ports: [REPLICATION=34763, RATIS=38235, RATIS_ADMIN=38235, RATIS_SERVER=38235, STANDALONE=34017], networkLocation: /default-rack, certSerialId: null, persistedOpState: null, persistedOpStateExpiryEpochSec: 0}5c96909e-6d7d-4877-8367-f30c632a1483{ip: 10.1.0.20, host: fv-az444-838.dthhdds2jluu1c0oa55ndv1hsg.dx.internal.cloudapp.net, ports: [REPLICATION=40817, RATIS=39903, RATIS_ADMIN=39903, RATIS_SERVER=39903, STANDALONE=40513], networkLocation: /default-rack, certSerialId: null, persistedOpState: null, persistedOpStateExpiryEpochSec: 0}, ReplicationConfig: EC/ECReplicationConfig{data=3, parity=2, ecChunkSize=1024, codec=rs}, State:ALLOCATED, leaderId:, CreationTimestamp2022-07-02T07:24:27.669Z[Etc/UTC]] moved to OPEN state
]]></system-out>
  </testcase>
  <testcase name="testBucketDefaultsShouldBeInheritedToFileForEC" classname="TestRootedOzoneFileSystem" time="1.078">
    <system-out><![CDATA[2022-07-02 07:25:58,658 [Time-limited test] INFO  rpc.RpcClient (RpcClient.java:createVolume(466)) - Creating Volume: volume84521, with user48575 as owner and space quota set to -1 bytes, counts quota set to -1
2022-07-02 07:25:58,659 [IPC Server handler 13 on default port 43657] INFO  volume.OMVolumeCreateRequest (OMVolumeCreateRequest.java:validateAndUpdateCache(195)) - created volume:volume84521 for user:user48575
2022-07-02 07:25:58,660 [Time-limited test] INFO  rpc.RpcClient (RpcClient.java:createBucket(669)) - Creating Bucket: volume84521/bucket63538, with bucket layout LEGACY, runner as owner, Versioning false, Storage Type set to DISK and Encryption set to false 
2022-07-02 07:25:58,662 [IPC Server handler 15 on default port 43657] INFO  bucket.OMBucketCreateRequest (OMBucketCreateRequest.java:validateAndUpdateCache(260)) - created bucket: bucket63538 of layout LEGACY in volume: volume84521
2022-07-02 07:25:58,772 [Time-limited test] INFO  rpc.RpcClient (RpcClient.java:createVolume(466)) - Creating Volume: eb659cd6-d62f-472d-a4fd-bb487905b4e8, with user69441 as owner and space quota set to -1 bytes, counts quota set to -1
2022-07-02 07:25:58,773 [IPC Server handler 2 on default port 43657] INFO  volume.OMVolumeCreateRequest (OMVolumeCreateRequest.java:validateAndUpdateCache(195)) - created volume:eb659cd6-d62f-472d-a4fd-bb487905b4e8 for user:user69441
2022-07-02 07:25:58,788 [Time-limited test] INFO  rpc.RpcClient (RpcClient.java:createBucket(669)) - Creating Bucket: eb659cd6-d62f-472d-a4fd-bb487905b4e8/f78c634f-b467-4268-b95f-a248800a6aad, with bucket layout LEGACY, runner as owner, Versioning false, Storage Type set to DISK and Encryption set to false 
2022-07-02 07:25:58,791 [IPC Server handler 0 on default port 43657] INFO  bucket.OMBucketCreateRequest (OMBucketCreateRequest.java:validateAndUpdateCache(260)) - created bucket: f78c634f-b467-4268-b95f-a248800a6aad of layout LEGACY in volume: eb659cd6-d62f-472d-a4fd-bb487905b4e8
2022-07-02 07:25:58,851 [IPC Server handler 6 on default port 38501] INFO  pipeline.PipelineStateManagerImpl (PipelineStateManagerImpl.java:addPipeline(101)) - Created pipeline Pipeline[ Id: a8583ab5-a6fb-4fcf-807b-b692635e10a7, Nodes: b3fa7f95-08ce-4cb9-ba7f-3dff0e499d93{ip: 10.1.0.20, host: fv-az444-838.dthhdds2jluu1c0oa55ndv1hsg.dx.internal.cloudapp.net, ports: [REPLICATION=33395, RATIS=44337, RATIS_ADMIN=44337, RATIS_SERVER=44337, STANDALONE=46731], networkLocation: /default-rack, certSerialId: null, persistedOpState: null, persistedOpStateExpiryEpochSec: 0}27197ae1-8142-4704-ad9d-7b85a0d84008{ip: 10.1.0.20, host: fv-az444-838.dthhdds2jluu1c0oa55ndv1hsg.dx.internal.cloudapp.net, ports: [REPLICATION=38249, RATIS=39541, RATIS_ADMIN=39541, RATIS_SERVER=39541, STANDALONE=34797], networkLocation: /default-rack, certSerialId: null, persistedOpState: null, persistedOpStateExpiryEpochSec: 0}9caa7045-5a70-40e0-915a-de4f864b73cf{ip: 10.1.0.20, host: fv-az444-838.dthhdds2jluu1c0oa55ndv1hsg.dx.internal.cloudapp.net, ports: [REPLICATION=41983, RATIS=33007, RATIS_ADMIN=33007, RATIS_SERVER=33007, STANDALONE=40345], networkLocation: /default-rack, certSerialId: null, persistedOpState: null, persistedOpStateExpiryEpochSec: 0}df88482a-df69-428f-8950-05b0a5ebb4b0{ip: 10.1.0.20, host: fv-az444-838.dthhdds2jluu1c0oa55ndv1hsg.dx.internal.cloudapp.net, ports: [REPLICATION=38619, RATIS=42229, RATIS_ADMIN=42229, RATIS_SERVER=42229, STANDALONE=35291], networkLocation: /default-rack, certSerialId: null, persistedOpState: null, persistedOpStateExpiryEpochSec: 0}9dbfc124-a633-4049-88ff-e9b3a2f880bb{ip: 10.1.0.20, host: fv-az444-838.dthhdds2jluu1c0oa55ndv1hsg.dx.internal.cloudapp.net, ports: [REPLICATION=39437, RATIS=34393, RATIS_ADMIN=34393, RATIS_SERVER=34393, STANDALONE=33037], networkLocation: /default-rack, certSerialId: null, persistedOpState: null, persistedOpStateExpiryEpochSec: 0}, ReplicationConfig: EC/ECReplicationConfig{data=3, parity=2, ecChunkSize=1024, codec=rs}, State:ALLOCATED, leaderId:, CreationTimestamp2022-07-02T07:25:58.848Z[Etc/UTC]].
2022-07-02 07:25:58,851 [IPC Server handler 6 on default port 38501] INFO  pipeline.PipelineManagerImpl (PipelineManagerImpl.java:openPipeline(358)) - Pipeline Pipeline[ Id: a8583ab5-a6fb-4fcf-807b-b692635e10a7, Nodes: b3fa7f95-08ce-4cb9-ba7f-3dff0e499d93{ip: 10.1.0.20, host: fv-az444-838.dthhdds2jluu1c0oa55ndv1hsg.dx.internal.cloudapp.net, ports: [REPLICATION=33395, RATIS=44337, RATIS_ADMIN=44337, RATIS_SERVER=44337, STANDALONE=46731], networkLocation: /default-rack, certSerialId: null, persistedOpState: null, persistedOpStateExpiryEpochSec: 0}27197ae1-8142-4704-ad9d-7b85a0d84008{ip: 10.1.0.20, host: fv-az444-838.dthhdds2jluu1c0oa55ndv1hsg.dx.internal.cloudapp.net, ports: [REPLICATION=38249, RATIS=39541, RATIS_ADMIN=39541, RATIS_SERVER=39541, STANDALONE=34797], networkLocation: /default-rack, certSerialId: null, persistedOpState: null, persistedOpStateExpiryEpochSec: 0}9caa7045-5a70-40e0-915a-de4f864b73cf{ip: 10.1.0.20, host: fv-az444-838.dthhdds2jluu1c0oa55ndv1hsg.dx.internal.cloudapp.net, ports: [REPLICATION=41983, RATIS=33007, RATIS_ADMIN=33007, RATIS_SERVER=33007, STANDALONE=40345], networkLocation: /default-rack, certSerialId: null, persistedOpState: null, persistedOpStateExpiryEpochSec: 0}df88482a-df69-428f-8950-05b0a5ebb4b0{ip: 10.1.0.20, host: fv-az444-838.dthhdds2jluu1c0oa55ndv1hsg.dx.internal.cloudapp.net, ports: [REPLICATION=38619, RATIS=42229, RATIS_ADMIN=42229, RATIS_SERVER=42229, STANDALONE=35291], networkLocation: /default-rack, certSerialId: null, persistedOpState: null, persistedOpStateExpiryEpochSec: 0}9dbfc124-a633-4049-88ff-e9b3a2f880bb{ip: 10.1.0.20, host: fv-az444-838.dthhdds2jluu1c0oa55ndv1hsg.dx.internal.cloudapp.net, ports: [REPLICATION=39437, RATIS=34393, RATIS_ADMIN=34393, RATIS_SERVER=34393, STANDALONE=33037], networkLocation: /default-rack, certSerialId: null, persistedOpState: null, persistedOpStateExpiryEpochSec: 0}, ReplicationConfig: EC/ECReplicationConfig{data=3, parity=2, ecChunkSize=1024, codec=rs}, State:ALLOCATED, leaderId:, CreationTimestamp2022-07-02T07:25:58.848Z[Etc/UTC]] moved to OPEN state
]]></system-out>
  </testcase>
  <testcase name="testListStatusInBucket" classname="TestRootedOzoneFileSystem" time="0.067">
    <system-out><![CDATA[2022-07-02 07:20:19,595 [Time-limited test] INFO  rpc.RpcClient (RpcClient.java:createVolume(466)) - Creating Volume: volume06826, with user84515 as owner and space quota set to -1 bytes, counts quota set to -1
2022-07-02 07:20:19,597 [OM StateMachine ApplyTransaction Thread - 0] INFO  volume.OMVolumeCreateRequest (OMVolumeCreateRequest.java:validateAndUpdateCache(195)) - created volume:volume06826 for user:user84515
2022-07-02 07:20:19,603 [Time-limited test] INFO  rpc.RpcClient (RpcClient.java:createBucket(669)) - Creating Bucket: volume06826/bucket21936, with bucket layout LEGACY, runner as owner, Versioning false, Storage Type set to DISK and Encryption set to false 
2022-07-02 07:20:19,604 [OM StateMachine ApplyTransaction Thread - 0] INFO  bucket.OMBucketCreateRequest (OMBucketCreateRequest.java:validateAndUpdateCache(260)) - created bucket: bucket21936 of layout LEGACY in volume: volume06826
]]></system-out>
  </testcase>
  <testcase name="testListStatusInBucket" classname="TestRootedOzoneFileSystem" time="0.085">
    <system-out><![CDATA[2022-07-02 07:21:29,301 [Time-limited test] INFO  rpc.RpcClient (RpcClient.java:createVolume(466)) - Creating Volume: volume92067, with user84910 as owner and space quota set to -1 bytes, counts quota set to -1
2022-07-02 07:21:29,303 [OM StateMachine ApplyTransaction Thread - 0] INFO  volume.OMVolumeCreateRequest (OMVolumeCreateRequest.java:validateAndUpdateCache(195)) - created volume:volume92067 for user:user84910
2022-07-02 07:21:29,304 [Time-limited test] INFO  rpc.RpcClient (RpcClient.java:createBucket(669)) - Creating Bucket: volume92067/bucket60112, with bucket layout LEGACY, runner as owner, Versioning false, Storage Type set to DISK and Encryption set to false 
2022-07-02 07:21:29,305 [OM StateMachine ApplyTransaction Thread - 0] INFO  bucket.OMBucketCreateRequest (OMBucketCreateRequest.java:validateAndUpdateCache(260)) - created bucket: bucket60112 of layout LEGACY in volume: volume92067
]]></system-out>
  </testcase>
  <testcase name="testListStatusInBucket" classname="TestRootedOzoneFileSystem" time="0.14">
    <system-out><![CDATA[2022-07-02 07:22:43,730 [Time-limited test] INFO  rpc.RpcClient (RpcClient.java:createVolume(466)) - Creating Volume: volume21269, with user54189 as owner and space quota set to -1 bytes, counts quota set to -1
2022-07-02 07:22:43,731 [IPC Server handler 7 on default port 38347] INFO  volume.OMVolumeCreateRequest (OMVolumeCreateRequest.java:validateAndUpdateCache(195)) - created volume:volume21269 for user:user54189
2022-07-02 07:22:43,732 [Time-limited test] INFO  rpc.RpcClient (RpcClient.java:createBucket(669)) - Creating Bucket: volume21269/bucket05379, with bucket layout LEGACY, runner as owner, Versioning false, Storage Type set to DISK and Encryption set to false 
2022-07-02 07:22:43,736 [IPC Server handler 16 on default port 38347] INFO  bucket.OMBucketCreateRequest (OMBucketCreateRequest.java:validateAndUpdateCache(260)) - created bucket: bucket05379 of layout LEGACY in volume: volume21269
]]></system-out>
  </testcase>
  <testcase name="testListStatusInBucket" classname="TestRootedOzoneFileSystem" time="0.15">
    <system-out><![CDATA[2022-07-02 07:24:28,556 [Time-limited test] INFO  rpc.RpcClient (RpcClient.java:createVolume(466)) - Creating Volume: volume04574, with user84786 as owner and space quota set to -1 bytes, counts quota set to -1
2022-07-02 07:24:28,568 [OM StateMachine ApplyTransaction Thread - 0] INFO  volume.OMVolumeCreateRequest (OMVolumeCreateRequest.java:validateAndUpdateCache(195)) - created volume:volume04574 for user:user84786
2022-07-02 07:24:28,569 [Time-limited test] INFO  rpc.RpcClient (RpcClient.java:createBucket(669)) - Creating Bucket: volume04574/bucket48886, with bucket layout LEGACY, runner as owner, Versioning false, Storage Type set to DISK and Encryption set to false 
2022-07-02 07:24:28,570 [OM StateMachine ApplyTransaction Thread - 0] INFO  bucket.OMBucketCreateRequest (OMBucketCreateRequest.java:validateAndUpdateCache(260)) - created bucket: bucket48886 of layout LEGACY in volume: volume04574
]]></system-out>
  </testcase>
  <testcase name="testListStatusInBucket" classname="TestRootedOzoneFileSystem" time="0.206">
    <system-out><![CDATA[2022-07-02 07:25:59,645 [Time-limited test] INFO  rpc.RpcClient (RpcClient.java:createVolume(466)) - Creating Volume: volume49080, with user59727 as owner and space quota set to -1 bytes, counts quota set to -1
2022-07-02 07:25:59,646 [IPC Server handler 11 on default port 43657] INFO  volume.OMVolumeCreateRequest (OMVolumeCreateRequest.java:validateAndUpdateCache(195)) - created volume:volume49080 for user:user59727
2022-07-02 07:25:59,660 [Time-limited test] INFO  rpc.RpcClient (RpcClient.java:createBucket(669)) - Creating Bucket: volume49080/bucket47074, with bucket layout LEGACY, runner as owner, Versioning false, Storage Type set to DISK and Encryption set to false 
2022-07-02 07:25:59,661 [IPC Server handler 13 on default port 43657] INFO  bucket.OMBucketCreateRequest (OMBucketCreateRequest.java:validateAndUpdateCache(260)) - created bucket: bucket47074 of layout LEGACY in volume: volume49080
]]></system-out>
  </testcase>
  <testcase name="testRenameFileToDir" classname="TestRootedOzoneFileSystem" time="0.062">
    <system-out><![CDATA[2022-07-02 07:20:19,661 [Time-limited test] INFO  rpc.RpcClient (RpcClient.java:createVolume(466)) - Creating Volume: volume05514, with user65863 as owner and space quota set to -1 bytes, counts quota set to -1
2022-07-02 07:20:19,665 [OM StateMachine ApplyTransaction Thread - 0] INFO  volume.OMVolumeCreateRequest (OMVolumeCreateRequest.java:validateAndUpdateCache(195)) - created volume:volume05514 for user:user65863
2022-07-02 07:20:19,666 [Time-limited test] INFO  rpc.RpcClient (RpcClient.java:createBucket(669)) - Creating Bucket: volume05514/bucket56702, with bucket layout LEGACY, runner as owner, Versioning false, Storage Type set to DISK and Encryption set to false 
2022-07-02 07:20:19,668 [OM StateMachine ApplyTransaction Thread - 0] INFO  bucket.OMBucketCreateRequest (OMBucketCreateRequest.java:validateAndUpdateCache(260)) - created bucket: bucket56702 of layout LEGACY in volume: volume05514
07:20:19.685 [IPC Server handler 18 on default port 41977] ERROR OMAudit - user=runner | ip=127.0.0.1 | op=LIST_STATUS {volume=volume05514, bucket=bucket56702, key=a/b/c/file1, dataSize=0, replicationConfig=null} | ret=FAILURE
org.apache.hadoop.ozone.om.exceptions.OMException: Unable to get file status: volume: volume05514 bucket: bucket56702 key: a/b/c/file1
	at org.apache.hadoop.ozone.om.KeyManagerImpl.getOzoneFileStatus(KeyManagerImpl.java:1311) ~[ozone-manager-1.3.0-SNAPSHOT.jar:?]
	at org.apache.hadoop.ozone.om.KeyManagerImpl.getFileStatus(KeyManagerImpl.java:1241) ~[ozone-manager-1.3.0-SNAPSHOT.jar:?]
	at org.apache.hadoop.ozone.om.KeyManagerImpl.listStatus(KeyManagerImpl.java:1565) ~[ozone-manager-1.3.0-SNAPSHOT.jar:?]
	at org.apache.hadoop.ozone.om.OzoneManager.listStatus(OzoneManager.java:3497) ~[ozone-manager-1.3.0-SNAPSHOT.jar:?]
	at org.apache.hadoop.ozone.protocolPB.OzoneManagerRequestHandler.listStatus(OzoneManagerRequestHandler.java:1028) ~[ozone-manager-1.3.0-SNAPSHOT.jar:?]
	at org.apache.hadoop.ozone.protocolPB.OzoneManagerRequestHandler.handleReadRequest(OzoneManagerRequestHandler.java:228) ~[ozone-manager-1.3.0-SNAPSHOT.jar:?]
	at org.apache.hadoop.ozone.protocolPB.OzoneManagerProtocolServerSideTranslatorPB.submitReadRequestToOM(OzoneManagerProtocolServerSideTranslatorPB.java:226) ~[ozone-manager-1.3.0-SNAPSHOT.jar:?]
	at org.apache.hadoop.ozone.protocolPB.OzoneManagerProtocolServerSideTranslatorPB.processRequest(OzoneManagerProtocolServerSideTranslatorPB.java:175) ~[ozone-manager-1.3.0-SNAPSHOT.jar:?]
	at org.apache.hadoop.hdds.server.OzoneProtocolMessageDispatcher.processRequest(OzoneProtocolMessageDispatcher.java:87) [hdds-server-framework-1.3.0-SNAPSHOT.jar:?]
	at org.apache.hadoop.ozone.protocolPB.OzoneManagerProtocolServerSideTranslatorPB.submitRequest(OzoneManagerProtocolServerSideTranslatorPB.java:147) [ozone-manager-1.3.0-SNAPSHOT.jar:?]
	at org.apache.hadoop.ozone.protocol.proto.OzoneManagerProtocolProtos$OzoneManagerService$2.callBlockingMethod(OzoneManagerProtocolProtos.java) [ozone-interface-client-1.3.0-SNAPSHOT.jar:?]
	at org.apache.hadoop.ipc.ProtobufRpcEngine$Server.processCall(ProtobufRpcEngine.java:466) [hadoop-common-3.3.1.jar:?]
	at org.apache.hadoop.ipc.ProtobufRpcEngine2$Server$ProtoBufRpcInvoker.call(ProtobufRpcEngine2.java:574) [hadoop-common-3.3.1.jar:?]
	at org.apache.hadoop.ipc.ProtobufRpcEngine2$Server$ProtoBufRpcInvoker.call(ProtobufRpcEngine2.java:552) [hadoop-common-3.3.1.jar:?]
	at org.apache.hadoop.ipc.RPC$Server.call(RPC.java:1093) [hadoop-common-3.3.1.jar:?]
	at org.apache.hadoop.ipc.Server$RpcCall.run(Server.java:1035) [hadoop-common-3.3.1.jar:?]
	at org.apache.hadoop.ipc.Server$RpcCall.run(Server.java:963) [hadoop-common-3.3.1.jar:?]
	at java.security.AccessController.doPrivileged(Native Method) ~[?:1.8.0_332]
	at javax.security.auth.Subject.doAs(Subject.java:422) [?:1.8.0_332]
	at org.apache.hadoop.security.UserGroupInformation.doAs(UserGroupInformation.java:1878) [hadoop-common-3.3.1.jar:?]
	at org.apache.hadoop.ipc.Server$Handler.run(Server.java:2966) [hadoop-common-3.3.1.jar:?]
]]></system-out>
  </testcase>
  <testcase name="testRenameFileToDir" classname="TestRootedOzoneFileSystem" time="0.131">
    <system-out><![CDATA[2022-07-02 07:21:29,418 [Time-limited test] INFO  rpc.RpcClient (RpcClient.java:createVolume(466)) - Creating Volume: volume27122, with user23598 as owner and space quota set to -1 bytes, counts quota set to -1
2022-07-02 07:21:29,424 [OM StateMachine ApplyTransaction Thread - 0] INFO  volume.OMVolumeCreateRequest (OMVolumeCreateRequest.java:validateAndUpdateCache(195)) - created volume:volume27122 for user:user23598
2022-07-02 07:21:29,426 [Time-limited test] INFO  rpc.RpcClient (RpcClient.java:createBucket(669)) - Creating Bucket: volume27122/bucket75493, with bucket layout LEGACY, runner as owner, Versioning false, Storage Type set to DISK and Encryption set to false 
2022-07-02 07:21:29,428 [OM StateMachine ApplyTransaction Thread - 0] INFO  bucket.OMBucketCreateRequest (OMBucketCreateRequest.java:validateAndUpdateCache(260)) - created bucket: bucket75493 of layout LEGACY in volume: volume27122
07:21:29.443 [IPC Server handler 4 on default port 42659] ERROR OMAudit - user=runner | ip=127.0.0.1 | op=LIST_STATUS {volume=volume27122, bucket=bucket75493, key=a/b/c/file1, dataSize=0, replicationConfig=null} | ret=FAILURE
org.apache.hadoop.ozone.om.exceptions.OMException: Unable to get file status: volume: volume27122 bucket: bucket75493 key: a/b/c/file1
	at org.apache.hadoop.ozone.om.KeyManagerImpl.getOzoneFileStatus(KeyManagerImpl.java:1311) ~[ozone-manager-1.3.0-SNAPSHOT.jar:?]
	at org.apache.hadoop.ozone.om.KeyManagerImpl.getFileStatus(KeyManagerImpl.java:1241) ~[ozone-manager-1.3.0-SNAPSHOT.jar:?]
	at org.apache.hadoop.ozone.om.KeyManagerImpl.listStatus(KeyManagerImpl.java:1565) ~[ozone-manager-1.3.0-SNAPSHOT.jar:?]
	at org.apache.hadoop.ozone.om.OzoneManager.listStatus(OzoneManager.java:3497) ~[ozone-manager-1.3.0-SNAPSHOT.jar:?]
	at org.apache.hadoop.ozone.protocolPB.OzoneManagerRequestHandler.listStatus(OzoneManagerRequestHandler.java:1028) ~[ozone-manager-1.3.0-SNAPSHOT.jar:?]
	at org.apache.hadoop.ozone.protocolPB.OzoneManagerRequestHandler.handleReadRequest(OzoneManagerRequestHandler.java:228) ~[ozone-manager-1.3.0-SNAPSHOT.jar:?]
	at org.apache.hadoop.ozone.protocolPB.OzoneManagerProtocolServerSideTranslatorPB.submitReadRequestToOM(OzoneManagerProtocolServerSideTranslatorPB.java:226) ~[ozone-manager-1.3.0-SNAPSHOT.jar:?]
	at org.apache.hadoop.ozone.protocolPB.OzoneManagerProtocolServerSideTranslatorPB.processRequest(OzoneManagerProtocolServerSideTranslatorPB.java:175) ~[ozone-manager-1.3.0-SNAPSHOT.jar:?]
	at org.apache.hadoop.hdds.server.OzoneProtocolMessageDispatcher.processRequest(OzoneProtocolMessageDispatcher.java:87) [hdds-server-framework-1.3.0-SNAPSHOT.jar:?]
	at org.apache.hadoop.ozone.protocolPB.OzoneManagerProtocolServerSideTranslatorPB.submitRequest(OzoneManagerProtocolServerSideTranslatorPB.java:147) [ozone-manager-1.3.0-SNAPSHOT.jar:?]
	at org.apache.hadoop.ozone.protocol.proto.OzoneManagerProtocolProtos$OzoneManagerService$2.callBlockingMethod(OzoneManagerProtocolProtos.java) [ozone-interface-client-1.3.0-SNAPSHOT.jar:?]
	at org.apache.hadoop.ipc.ProtobufRpcEngine$Server.processCall(ProtobufRpcEngine.java:466) [hadoop-common-3.3.1.jar:?]
	at org.apache.hadoop.ipc.ProtobufRpcEngine2$Server$ProtoBufRpcInvoker.call(ProtobufRpcEngine2.java:574) [hadoop-common-3.3.1.jar:?]
	at org.apache.hadoop.ipc.ProtobufRpcEngine2$Server$ProtoBufRpcInvoker.call(ProtobufRpcEngine2.java:552) [hadoop-common-3.3.1.jar:?]
	at org.apache.hadoop.ipc.RPC$Server.call(RPC.java:1093) [hadoop-common-3.3.1.jar:?]
	at org.apache.hadoop.ipc.Server$RpcCall.run(Server.java:1035) [hadoop-common-3.3.1.jar:?]
	at org.apache.hadoop.ipc.Server$RpcCall.run(Server.java:963) [hadoop-common-3.3.1.jar:?]
	at java.security.AccessController.doPrivileged(Native Method) ~[?:1.8.0_332]
	at javax.security.auth.Subject.doAs(Subject.java:422) [?:1.8.0_332]
	at org.apache.hadoop.security.UserGroupInformation.doAs(UserGroupInformation.java:1878) [hadoop-common-3.3.1.jar:?]
	at org.apache.hadoop.ipc.Server$Handler.run(Server.java:2966) [hadoop-common-3.3.1.jar:?]
]]></system-out>
  </testcase>
  <testcase name="testRenameFileToDir" classname="TestRootedOzoneFileSystem" time="0.127">
    <system-out><![CDATA[2022-07-02 07:22:43,866 [Time-limited test] INFO  rpc.RpcClient (RpcClient.java:createVolume(466)) - Creating Volume: volume99016, with user31814 as owner and space quota set to -1 bytes, counts quota set to -1
2022-07-02 07:22:43,867 [IPC Server handler 0 on default port 38347] INFO  volume.OMVolumeCreateRequest (OMVolumeCreateRequest.java:validateAndUpdateCache(195)) - created volume:volume99016 for user:user31814
2022-07-02 07:22:43,868 [Time-limited test] INFO  rpc.RpcClient (RpcClient.java:createBucket(669)) - Creating Bucket: volume99016/bucket29500, with bucket layout LEGACY, runner as owner, Versioning false, Storage Type set to DISK and Encryption set to false 
2022-07-02 07:22:43,869 [IPC Server handler 2 on default port 38347] INFO  bucket.OMBucketCreateRequest (OMBucketCreateRequest.java:validateAndUpdateCache(260)) - created bucket: bucket29500 of layout LEGACY in volume: volume99016
07:22:43.889 [IPC Server handler 17 on default port 38347] ERROR OMAudit - user=runner | ip=127.0.0.1 | op=LIST_STATUS {volume=volume99016, bucket=bucket29500, key=a/b/c/file1, dataSize=0, replicationConfig=null} | ret=FAILURE
org.apache.hadoop.ozone.om.exceptions.OMException: Unable to get file status: volume: volume99016 bucket: bucket29500 key: a/b/c/file1
	at org.apache.hadoop.ozone.om.KeyManagerImpl.getOzoneFileStatus(KeyManagerImpl.java:1311) ~[ozone-manager-1.3.0-SNAPSHOT.jar:?]
	at org.apache.hadoop.ozone.om.KeyManagerImpl.getFileStatus(KeyManagerImpl.java:1241) ~[ozone-manager-1.3.0-SNAPSHOT.jar:?]
	at org.apache.hadoop.ozone.om.KeyManagerImpl.listStatus(KeyManagerImpl.java:1565) ~[ozone-manager-1.3.0-SNAPSHOT.jar:?]
	at org.apache.hadoop.ozone.om.OzoneManager.listStatus(OzoneManager.java:3497) ~[ozone-manager-1.3.0-SNAPSHOT.jar:?]
	at org.apache.hadoop.ozone.protocolPB.OzoneManagerRequestHandler.listStatus(OzoneManagerRequestHandler.java:1028) ~[ozone-manager-1.3.0-SNAPSHOT.jar:?]
	at org.apache.hadoop.ozone.protocolPB.OzoneManagerRequestHandler.handleReadRequest(OzoneManagerRequestHandler.java:228) ~[ozone-manager-1.3.0-SNAPSHOT.jar:?]
	at org.apache.hadoop.ozone.protocolPB.OzoneManagerProtocolServerSideTranslatorPB.submitRequestDirectlyToOM(OzoneManagerProtocolServerSideTranslatorPB.java:276) ~[ozone-manager-1.3.0-SNAPSHOT.jar:?]
	at org.apache.hadoop.ozone.protocolPB.OzoneManagerProtocolServerSideTranslatorPB.processRequest(OzoneManagerProtocolServerSideTranslatorPB.java:205) ~[ozone-manager-1.3.0-SNAPSHOT.jar:?]
	at org.apache.hadoop.hdds.server.OzoneProtocolMessageDispatcher.processRequest(OzoneProtocolMessageDispatcher.java:87) [hdds-server-framework-1.3.0-SNAPSHOT.jar:?]
	at org.apache.hadoop.ozone.protocolPB.OzoneManagerProtocolServerSideTranslatorPB.submitRequest(OzoneManagerProtocolServerSideTranslatorPB.java:147) [ozone-manager-1.3.0-SNAPSHOT.jar:?]
	at org.apache.hadoop.ozone.protocol.proto.OzoneManagerProtocolProtos$OzoneManagerService$2.callBlockingMethod(OzoneManagerProtocolProtos.java) [ozone-interface-client-1.3.0-SNAPSHOT.jar:?]
	at org.apache.hadoop.ipc.ProtobufRpcEngine$Server.processCall(ProtobufRpcEngine.java:466) [hadoop-common-3.3.1.jar:?]
	at org.apache.hadoop.ipc.ProtobufRpcEngine2$Server$ProtoBufRpcInvoker.call(ProtobufRpcEngine2.java:574) [hadoop-common-3.3.1.jar:?]
	at org.apache.hadoop.ipc.ProtobufRpcEngine2$Server$ProtoBufRpcInvoker.call(ProtobufRpcEngine2.java:552) [hadoop-common-3.3.1.jar:?]
	at org.apache.hadoop.ipc.RPC$Server.call(RPC.java:1093) [hadoop-common-3.3.1.jar:?]
	at org.apache.hadoop.ipc.Server$RpcCall.run(Server.java:1035) [hadoop-common-3.3.1.jar:?]
	at org.apache.hadoop.ipc.Server$RpcCall.run(Server.java:963) [hadoop-common-3.3.1.jar:?]
	at java.security.AccessController.doPrivileged(Native Method) ~[?:1.8.0_332]
	at javax.security.auth.Subject.doAs(Subject.java:422) [?:1.8.0_332]
	at org.apache.hadoop.security.UserGroupInformation.doAs(UserGroupInformation.java:1878) [hadoop-common-3.3.1.jar:?]
	at org.apache.hadoop.ipc.Server$Handler.run(Server.java:2966) [hadoop-common-3.3.1.jar:?]
]]></system-out>
  </testcase>
  <testcase name="testRenameFileToDir" classname="TestRootedOzoneFileSystem" time="0.176">
    <system-out><![CDATA[2022-07-02 07:24:28,754 [Time-limited test] INFO  rpc.RpcClient (RpcClient.java:createVolume(466)) - Creating Volume: volume18109, with user41009 as owner and space quota set to -1 bytes, counts quota set to -1
2022-07-02 07:24:28,759 [OM StateMachine ApplyTransaction Thread - 0] INFO  volume.OMVolumeCreateRequest (OMVolumeCreateRequest.java:validateAndUpdateCache(195)) - created volume:volume18109 for user:user41009
2022-07-02 07:24:28,761 [Time-limited test] INFO  rpc.RpcClient (RpcClient.java:createBucket(669)) - Creating Bucket: volume18109/bucket92740, with bucket layout LEGACY, runner as owner, Versioning false, Storage Type set to DISK and Encryption set to false 
2022-07-02 07:24:28,765 [OM StateMachine ApplyTransaction Thread - 0] INFO  bucket.OMBucketCreateRequest (OMBucketCreateRequest.java:validateAndUpdateCache(260)) - created bucket: bucket92740 of layout LEGACY in volume: volume18109
07:24:28.776 [IPC Server handler 8 on default port 38259] ERROR OMAudit - user=runner | ip=127.0.0.1 | op=LIST_STATUS {volume=volume18109, bucket=bucket92740, key=a/b/c/file1, dataSize=0, replicationConfig=null} | ret=FAILURE
org.apache.hadoop.ozone.om.exceptions.OMException: Unable to get file status: volume: volume18109 bucket: bucket92740 key: a/b/c/file1
	at org.apache.hadoop.ozone.om.KeyManagerImpl.getOzoneFileStatus(KeyManagerImpl.java:1311) ~[ozone-manager-1.3.0-SNAPSHOT.jar:?]
	at org.apache.hadoop.ozone.om.KeyManagerImpl.getFileStatus(KeyManagerImpl.java:1241) ~[ozone-manager-1.3.0-SNAPSHOT.jar:?]
	at org.apache.hadoop.ozone.om.KeyManagerImpl.listStatus(KeyManagerImpl.java:1565) ~[ozone-manager-1.3.0-SNAPSHOT.jar:?]
	at org.apache.hadoop.ozone.om.OzoneManager.listStatus(OzoneManager.java:3497) ~[ozone-manager-1.3.0-SNAPSHOT.jar:?]
	at org.apache.hadoop.ozone.protocolPB.OzoneManagerRequestHandler.listStatus(OzoneManagerRequestHandler.java:1028) ~[ozone-manager-1.3.0-SNAPSHOT.jar:?]
	at org.apache.hadoop.ozone.protocolPB.OzoneManagerRequestHandler.handleReadRequest(OzoneManagerRequestHandler.java:228) ~[ozone-manager-1.3.0-SNAPSHOT.jar:?]
	at org.apache.hadoop.ozone.protocolPB.OzoneManagerProtocolServerSideTranslatorPB.submitReadRequestToOM(OzoneManagerProtocolServerSideTranslatorPB.java:226) ~[ozone-manager-1.3.0-SNAPSHOT.jar:?]
	at org.apache.hadoop.ozone.protocolPB.OzoneManagerProtocolServerSideTranslatorPB.processRequest(OzoneManagerProtocolServerSideTranslatorPB.java:175) ~[ozone-manager-1.3.0-SNAPSHOT.jar:?]
	at org.apache.hadoop.hdds.server.OzoneProtocolMessageDispatcher.processRequest(OzoneProtocolMessageDispatcher.java:87) [hdds-server-framework-1.3.0-SNAPSHOT.jar:?]
	at org.apache.hadoop.ozone.protocolPB.OzoneManagerProtocolServerSideTranslatorPB.submitRequest(OzoneManagerProtocolServerSideTranslatorPB.java:147) [ozone-manager-1.3.0-SNAPSHOT.jar:?]
	at org.apache.hadoop.ozone.protocol.proto.OzoneManagerProtocolProtos$OzoneManagerService$2.callBlockingMethod(OzoneManagerProtocolProtos.java) [ozone-interface-client-1.3.0-SNAPSHOT.jar:?]
	at org.apache.hadoop.ipc.ProtobufRpcEngine$Server.processCall(ProtobufRpcEngine.java:466) [hadoop-common-3.3.1.jar:?]
	at org.apache.hadoop.ipc.ProtobufRpcEngine2$Server$ProtoBufRpcInvoker.call(ProtobufRpcEngine2.java:574) [hadoop-common-3.3.1.jar:?]
	at org.apache.hadoop.ipc.ProtobufRpcEngine2$Server$ProtoBufRpcInvoker.call(ProtobufRpcEngine2.java:552) [hadoop-common-3.3.1.jar:?]
	at org.apache.hadoop.ipc.RPC$Server.call(RPC.java:1093) [hadoop-common-3.3.1.jar:?]
	at org.apache.hadoop.ipc.Server$RpcCall.run(Server.java:1035) [hadoop-common-3.3.1.jar:?]
	at org.apache.hadoop.ipc.Server$RpcCall.run(Server.java:963) [hadoop-common-3.3.1.jar:?]
	at java.security.AccessController.doPrivileged(Native Method) ~[?:1.8.0_332]
	at javax.security.auth.Subject.doAs(Subject.java:422) [?:1.8.0_332]
	at org.apache.hadoop.security.UserGroupInformation.doAs(UserGroupInformation.java:1878) [hadoop-common-3.3.1.jar:?]
	at org.apache.hadoop.ipc.Server$Handler.run(Server.java:2966) [hadoop-common-3.3.1.jar:?]
]]></system-out>
  </testcase>
  <testcase name="testRenameFileToDir" classname="TestRootedOzoneFileSystem" time="0.16">
    <system-out><![CDATA[2022-07-02 07:25:59,834 [Time-limited test] INFO  rpc.RpcClient (RpcClient.java:createVolume(466)) - Creating Volume: volume35043, with user84922 as owner and space quota set to -1 bytes, counts quota set to -1
2022-07-02 07:25:59,837 [IPC Server handler 18 on default port 43657] INFO  volume.OMVolumeCreateRequest (OMVolumeCreateRequest.java:validateAndUpdateCache(195)) - created volume:volume35043 for user:user84922
2022-07-02 07:25:59,840 [Time-limited test] INFO  rpc.RpcClient (RpcClient.java:createBucket(669)) - Creating Bucket: volume35043/bucket53103, with bucket layout LEGACY, runner as owner, Versioning false, Storage Type set to DISK and Encryption set to false 
2022-07-02 07:25:59,841 [IPC Server handler 7 on default port 43657] INFO  bucket.OMBucketCreateRequest (OMBucketCreateRequest.java:validateAndUpdateCache(260)) - created bucket: bucket53103 of layout LEGACY in volume: volume35043
07:25:59.849 [IPC Server handler 1 on default port 43657] ERROR OMAudit - user=runner | ip=127.0.0.1 | op=LIST_STATUS {volume=volume35043, bucket=bucket53103, key=a/b/c/file1, dataSize=0, replicationConfig=null} | ret=FAILURE
org.apache.hadoop.ozone.om.exceptions.OMException: Unable to get file status: volume: volume35043 bucket: bucket53103 key: a/b/c/file1
	at org.apache.hadoop.ozone.om.KeyManagerImpl.getOzoneFileStatus(KeyManagerImpl.java:1311) ~[ozone-manager-1.3.0-SNAPSHOT.jar:?]
	at org.apache.hadoop.ozone.om.KeyManagerImpl.getFileStatus(KeyManagerImpl.java:1241) ~[ozone-manager-1.3.0-SNAPSHOT.jar:?]
	at org.apache.hadoop.ozone.om.KeyManagerImpl.listStatus(KeyManagerImpl.java:1565) ~[ozone-manager-1.3.0-SNAPSHOT.jar:?]
	at org.apache.hadoop.ozone.om.OzoneManager.listStatus(OzoneManager.java:3497) ~[ozone-manager-1.3.0-SNAPSHOT.jar:?]
	at org.apache.hadoop.ozone.protocolPB.OzoneManagerRequestHandler.listStatus(OzoneManagerRequestHandler.java:1028) ~[ozone-manager-1.3.0-SNAPSHOT.jar:?]
	at org.apache.hadoop.ozone.protocolPB.OzoneManagerRequestHandler.handleReadRequest(OzoneManagerRequestHandler.java:228) ~[ozone-manager-1.3.0-SNAPSHOT.jar:?]
	at org.apache.hadoop.ozone.protocolPB.OzoneManagerProtocolServerSideTranslatorPB.submitRequestDirectlyToOM(OzoneManagerProtocolServerSideTranslatorPB.java:276) ~[ozone-manager-1.3.0-SNAPSHOT.jar:?]
	at org.apache.hadoop.ozone.protocolPB.OzoneManagerProtocolServerSideTranslatorPB.processRequest(OzoneManagerProtocolServerSideTranslatorPB.java:205) ~[ozone-manager-1.3.0-SNAPSHOT.jar:?]
	at org.apache.hadoop.hdds.server.OzoneProtocolMessageDispatcher.processRequest(OzoneProtocolMessageDispatcher.java:87) [hdds-server-framework-1.3.0-SNAPSHOT.jar:?]
	at org.apache.hadoop.ozone.protocolPB.OzoneManagerProtocolServerSideTranslatorPB.submitRequest(OzoneManagerProtocolServerSideTranslatorPB.java:147) [ozone-manager-1.3.0-SNAPSHOT.jar:?]
	at org.apache.hadoop.ozone.protocol.proto.OzoneManagerProtocolProtos$OzoneManagerService$2.callBlockingMethod(OzoneManagerProtocolProtos.java) [ozone-interface-client-1.3.0-SNAPSHOT.jar:?]
	at org.apache.hadoop.ipc.ProtobufRpcEngine$Server.processCall(ProtobufRpcEngine.java:466) [hadoop-common-3.3.1.jar:?]
	at org.apache.hadoop.ipc.ProtobufRpcEngine2$Server$ProtoBufRpcInvoker.call(ProtobufRpcEngine2.java:574) [hadoop-common-3.3.1.jar:?]
	at org.apache.hadoop.ipc.ProtobufRpcEngine2$Server$ProtoBufRpcInvoker.call(ProtobufRpcEngine2.java:552) [hadoop-common-3.3.1.jar:?]
	at org.apache.hadoop.ipc.RPC$Server.call(RPC.java:1093) [hadoop-common-3.3.1.jar:?]
	at org.apache.hadoop.ipc.Server$RpcCall.run(Server.java:1035) [hadoop-common-3.3.1.jar:?]
	at org.apache.hadoop.ipc.Server$RpcCall.run(Server.java:963) [hadoop-common-3.3.1.jar:?]
	at java.security.AccessController.doPrivileged(Native Method) ~[?:1.8.0_332]
	at javax.security.auth.Subject.doAs(Subject.java:422) [?:1.8.0_332]
	at org.apache.hadoop.security.UserGroupInformation.doAs(UserGroupInformation.java:1878) [hadoop-common-3.3.1.jar:?]
	at org.apache.hadoop.ipc.Server$Handler.run(Server.java:2966) [hadoop-common-3.3.1.jar:?]
]]></system-out>
  </testcase>
</testsuite>