<?xml version="1.0" encoding="UTF-8"?>
<testsuite xmlns:xsi="http://www.w3.org/2001/XMLSchema-instance" xsi:noNamespaceSchemaLocation="https://maven.apache.org/surefire/maven-surefire-plugin/xsd/surefire-test-report-3.0.xsd" version="3.0" name="org.apache.hadoop.ozone.client.rpc.TestOzoneRpcClient" time="91.012" tests="103" errors="0" skipped="0" failures="1">
  <properties>
    <property name="awt.toolkit" value="sun.awt.X11.XToolkit"/>
    <property name="file.encoding.pkg" value="sun.io"/>
    <property name="java.specification.version" value="1.8"/>
    <property name="sun.cpu.isalist" value=""/>
    <property name="sun.jnu.encoding" value="UTF-8"/>
    <property name="java.class.path" value="/home/runner/work/ozone/ozone/hadoop-ozone/integration-test/target/test-classes:/home/runner/work/ozone/ozone/hadoop-ozone/integration-test/target/classes:/home/runner/.m2/repository/org/apache/ozone/ozone-common/1.3.0-SNAPSHOT/ozone-common-1.3.0-SNAPSHOT.jar:/home/runner/.m2/repository/io/grpc/grpc-netty/1.44.0/grpc-netty-1.44.0.jar:/home/runner/.m2/repository/io/grpc/grpc-core/1.44.0/grpc-core-1.44.0.jar:/home/runner/.m2/repository/com/google/android/annotations/4.1.1.4/annotations-4.1.1.4.jar:/home/runner/.m2/repository/org/codehaus/mojo/animal-sniffer-annotations/1.19/animal-sniffer-annotations-1.19.jar:/home/runner/.m2/repository/com/google/errorprone/error_prone_annotations/2.2.0/error_prone_annotations-2.2.0.jar:/home/runner/.m2/repository/io/perfmark/perfmark-api/0.23.0/perfmark-api-0.23.0.jar:/home/runner/.m2/repository/io/netty/netty-codec-http2/4.1.74.Final/netty-codec-http2-4.1.74.Final.jar:/home/runner/.m2/repository/io/netty/netty-common/4.1.74.Final/netty-common-4.1.74.Final.jar:/home/runner/.m2/repository/io/netty/netty-buffer/4.1.74.Final/netty-buffer-4.1.74.Final.jar:/home/runner/.m2/repository/io/netty/netty-codec-http/4.1.74.Final/netty-codec-http-4.1.74.Final.jar:/home/runner/.m2/repository/io/netty/netty-handler-proxy/4.1.74.Final/netty-handler-proxy-4.1.74.Final.jar:/home/runner/.m2/repository/io/netty/netty-codec-socks/4.1.74.Final/netty-codec-socks-4.1.74.Final.jar:/home/runner/.m2/repository/io/netty/netty-tcnative-boringssl-static/2.0.48.Final/netty-tcnative-boringssl-static-2.0.48.Final.jar:/home/runner/.m2/repository/io/netty/netty-tcnative-classes/2.0.48.Final/netty-tcnative-classes-2.0.48.Final.jar:/home/runner/.m2/repository/io/netty/netty-tcnative/2.0.48.Final/netty-tcnative-2.0.48.Final.jar:/home/runner/.m2/repository/org/apache/commons/commons-compress/1.21/commons-compress-1.21.jar:/home/runner/.m2/repository/org/apache/ozone/hdds-common/1.3.0-SNAPSHOT/hdds-common-1.3.0-SNAPSHOT.jar:/home/runner/.m2/repository/org/apache/ozone/hdds-client/1.3.0-SNAPSHOT/hdds-client-1.3.0-SNAPSHOT.jar:/home/runner/.m2/repository/org/apache/ozone/ozone-interface-client/1.3.0-SNAPSHOT/ozone-interface-client-1.3.0-SNAPSHOT.jar:/home/runner/.m2/repository/org/apache/ozone/hdds-test-utils/1.3.0-SNAPSHOT/hdds-test-utils-1.3.0-SNAPSHOT.jar:/home/runner/.m2/repository/com/google/guava/guava/31.1-jre/guava-31.1-jre.jar:/home/runner/.m2/repository/com/google/guava/failureaccess/1.0.1/failureaccess-1.0.1.jar:/home/runner/.m2/repository/com/google/guava/listenablefuture/9999.0-empty-to-avoid-conflict-with-guava/listenablefuture-9999.0-empty-to-avoid-conflict-with-guava.jar:/home/runner/.m2/repository/com/google/code/findbugs/jsr305/3.0.0/jsr305-3.0.0.jar:/home/runner/.m2/repository/org/checkerframework/checker-qual/3.12.0/checker-qual-3.12.0.jar:/home/runner/.m2/repository/com/google/j2objc/j2objc-annotations/1.3/j2objc-annotations-1.3.jar:/home/runner/.m2/repository/commons-io/commons-io/2.11.0/commons-io-2.11.0.jar:/home/runner/.m2/repository/commons-logging/commons-logging/1.2/commons-logging-1.2.jar:/home/runner/.m2/repository/log4j/log4j/1.2.17/log4j-1.2.17.jar:/home/runner/.m2/repository/org/slf4j/slf4j-api/1.7.30/slf4j-api-1.7.30.jar:/home/runner/.m2/repository/org/apache/ozone/hdds-server-scm/1.3.0-SNAPSHOT/hdds-server-scm-1.3.0-SNAPSHOT.jar:/home/runner/.m2/repository/org/apache/ozone/hdds-container-service/1.3.0-SNAPSHOT/hdds-container-service-1.3.0-SNAPSHOT.jar:/home/runner/.m2/repository/org/apache/ozone/hdds-hadoop-dependency-server/1.3.0-SNAPSHOT/hdds-hadoop-dependency-server-1.3.0-SNAPSHOT.jar:/home/runner/.m2/repository/org/apache/hadoop/hadoop-hdfs/3.3.1/hadoop-hdfs-3.3.1.jar:/home/runner/.m2/repository/org/apache/ozone/hdds-server-framework/1.3.0-SNAPSHOT/hdds-server-framework-1.3.0-SNAPSHOT.jar:/home/runner/.m2/repository/org/apache/ozone/hdds-interface-server/1.3.0-SNAPSHOT/hdds-interface-server-1.3.0-SNAPSHOT.jar:/home/runner/.m2/repository/org/apache/logging/log4j/log4j-core/2.17.1/log4j-core-2.17.1.jar:/home/runner/.m2/repository/com/lmax/disruptor/3.4.2/disruptor-3.4.2.jar:/home/runner/.m2/repository/org/eclipse/jetty/jetty-servlet/9.4.43.v20210629/jetty-servlet-9.4.43.v20210629.jar:/home/runner/.m2/repository/org/eclipse/jetty/jetty-security/9.4.43.v20210629/jetty-security-9.4.43.v20210629.jar:/home/runner/.m2/repository/org/rocksdb/rocksdbjni/6.29.5/rocksdbjni-6.29.5.jar:/home/runner/.m2/repository/io/prometheus/simpleclient_dropwizard/0.7.0/simpleclient_dropwizard-0.7.0.jar:/home/runner/.m2/repository/io/prometheus/simpleclient/0.7.0/simpleclient-0.7.0.jar:/home/runner/.m2/repository/io/prometheus/simpleclient_common/0.7.0/simpleclient_common-0.7.0.jar:/home/runner/.m2/repository/io/dropwizard/metrics/metrics-core/3.2.4/metrics-core-3.2.4.jar:/home/runner/.m2/repository/org/apache/hadoop/hadoop-hdfs-client/3.3.1/hadoop-hdfs-client-3.3.1.jar:/home/runner/.m2/repository/org/bouncycastle/bcprov-jdk15on/1.67/bcprov-jdk15on-1.67.jar:/home/runner/.m2/repository/com/google/protobuf/protobuf-java/2.5.0/protobuf-java-2.5.0.jar:/home/runner/.m2/repository/org/apache/ozone/ozone-manager/1.3.0-SNAPSHOT/ozone-manager-1.3.0-SNAPSHOT.jar:/home/runner/.m2/repository/org/aspectj/aspectjrt/1.9.7/aspectjrt-1.9.7.jar:/home/runner/.m2/repository/org/aspectj/aspectjweaver/1.9.7/aspectjweaver-1.9.7.jar:/home/runner/.m2/repository/org/apache/ozone/hdds-interface-client/1.3.0-SNAPSHOT/hdds-interface-client-1.3.0-SNAPSHOT.jar:/home/runner/.m2/repository/org/apache/hadoop/thirdparty/hadoop-shaded-protobuf_3_7/1.1.1/hadoop-shaded-protobuf_3_7-1.1.1.jar:/home/runner/.m2/repository/org/apache/ozone/ozone-interface-storage/1.3.0-SNAPSHOT/ozone-interface-storage-1.3.0-SNAPSHOT.jar:/home/runner/.m2/repository/org/reflections/reflections/0.9.11/reflections-0.9.11.jar:/home/runner/.m2/repository/com/sun/jersey/jersey-client/1.19/jersey-client-1.19.jar:/home/runner/.m2/repository/org/apache/ranger/ranger-intg/3.0.0-SNAPSHOT/ranger-intg-3.0.0-SNAPSHOT.jar:/home/runner/.m2/repository/org/apache/ranger/ranger-plugins-common/3.0.0-SNAPSHOT/ranger-plugins-common-3.0.0-SNAPSHOT.jar:/home/runner/.m2/repository/commons-lang/commons-lang/2.6/commons-lang-2.6.jar:/home/runner/.m2/repository/org/codehaus/jackson/jackson-jaxrs/1.9.13/jackson-jaxrs-1.9.13.jar:/home/runner/.m2/repository/org/apache/ranger/ranger-plugins-cred/3.0.0-SNAPSHOT/ranger-plugins-cred-3.0.0-SNAPSHOT.jar:/home/runner/.m2/repository/org/apache/ranger/ranger-plugins-audit/3.0.0-SNAPSHOT/ranger-plugins-audit-3.0.0-SNAPSHOT.jar:/home/runner/.m2/repository/org/apache/kafka/kafka-clients/2.8.1/kafka-clients-2.8.1.jar:/home/runner/.m2/repository/com/github/luben/zstd-jni/1.4.9-1/zstd-jni-1.4.9-1.jar:/home/runner/.m2/repository/org/apache/solr/solr-solrj/8.6.3/solr-solrj-8.6.3.jar:/home/runner/.m2/repository/org/eclipse/jetty/jetty-client/9.4.44.v20210927/jetty-client-9.4.44.v20210927.jar:/home/runner/.m2/repository/org/apache/httpcomponents/httpmime/4.5.13/httpmime-4.5.13.jar:/home/runner/.m2/repository/org/apache/httpcomponents/httpcore-nio/4.4.14/httpcore-nio-4.4.14.jar:/home/runner/.m2/repository/org/apache/httpcomponents/httpasyncclient/4.1.4/httpasyncclient-4.1.4.jar:/home/runner/.m2/repository/com/carrotsearch/hppc/0.8.0/hppc-0.8.0.jar:/home/runner/.m2/repository/org/apache/hive/hive-storage-api/2.7.2/hive-storage-api-2.7.2.jar:/home/runner/.m2/repository/org/apache/orc/orc-core/1.5.8/orc-core-1.5.8.jar:/home/runner/.m2/repository/com/amazonaws/aws-java-sdk-bundle/1.12.125/aws-java-sdk-bundle-1.12.125.jar:/home/runner/.m2/repository/net/java/dev/jna/jna/5.2.0/jna-5.2.0.jar:/home/runner/.m2/repository/net/java/dev/jna/jna-platform/5.2.0/jna-platform-5.2.0.jar:/home/runner/.m2/repository/com/kstruct/gethostname4j/0.0.2/gethostname4j-0.0.2.jar:/home/runner/.m2/repository/org/apache/ranger/ranger-plugin-classloader/3.0.0-SNAPSHOT/ranger-plugin-classloader-3.0.0-SNAPSHOT.jar:/home/runner/.m2/repository/org/apache/hadoop/hadoop-minikdc/3.3.1/hadoop-minikdc-3.3.1.jar:/home/runner/.m2/repository/org/apache/kerby/kerb-simplekdc/1.0.1/kerb-simplekdc-1.0.1.jar:/home/runner/.m2/repository/org/apache/kerby/kerb-client/1.0.1/kerb-client-1.0.1.jar:/home/runner/.m2/repository/org/apache/kerby/kerby-config/1.0.1/kerby-config-1.0.1.jar:/home/runner/.m2/repository/org/apache/kerby/kerb-common/1.0.1/kerb-common-1.0.1.jar:/home/runner/.m2/repository/org/apache/kerby/kerb-crypto/1.0.1/kerb-crypto-1.0.1.jar:/home/runner/.m2/repository/org/apache/kerby/kerb-util/1.0.1/kerb-util-1.0.1.jar:/home/runner/.m2/repository/org/apache/kerby/token-provider/1.0.1/token-provider-1.0.1.jar:/home/runner/.m2/repository/org/apache/kerby/kerb-admin/1.0.1/kerb-admin-1.0.1.jar:/home/runner/.m2/repository/org/apache/kerby/kerb-server/1.0.1/kerb-server-1.0.1.jar:/home/runner/.m2/repository/org/apache/kerby/kerb-identity/1.0.1/kerb-identity-1.0.1.jar:/home/runner/.m2/repository/org/apache/kerby/kerby-xdr/1.0.1/kerby-xdr-1.0.1.jar:/home/runner/.m2/repository/org/slf4j/slf4j-log4j12/1.7.30/slf4j-log4j12-1.7.30.jar:/home/runner/.m2/repository/org/apache/ozone/ozone-s3gateway/1.3.0-SNAPSHOT/ozone-s3gateway-1.3.0-SNAPSHOT.jar:/home/runner/.m2/repository/org/javassist/javassist/3.21.0-GA/javassist-3.21.0-GA.jar:/home/runner/.m2/repository/org/jboss/weld/servlet/weld-servlet/2.4.7.Final/weld-servlet-2.4.7.Final.jar:/home/runner/.m2/repository/org/glassfish/jersey/containers/jersey-container-servlet-core/2.33/jersey-container-servlet-core-2.33.jar:/home/runner/.m2/repository/org/glassfish/hk2/external/jakarta.inject/2.6.1/jakarta.inject-2.6.1.jar:/home/runner/.m2/repository/org/glassfish/jersey/core/jersey-common/2.33/jersey-common-2.33.jar:/home/runner/.m2/repository/jakarta/ws/rs/jakarta.ws.rs-api/2.1.6/jakarta.ws.rs-api-2.1.6.jar:/home/runner/.m2/repository/org/glassfish/jersey/ext/cdi/jersey-cdi1x/2.33/jersey-cdi1x-2.33.jar:/home/runner/.m2/repository/org/glassfish/jersey/inject/jersey-hk2/2.33/jersey-hk2-2.33.jar:/home/runner/.m2/repository/org/glassfish/hk2/hk2-locator/2.6.1/hk2-locator-2.6.1.jar:/home/runner/.m2/repository/org/glassfish/jersey/media/jersey-media-jaxb/2.33/jersey-media-jaxb-2.33.jar:/home/runner/.m2/repository/org/glassfish/hk2/osgi-resource-locator/1.0.3/osgi-resource-locator-1.0.3.jar:/home/runner/.m2/repository/org/glassfish/hk2/hk2-api/2.5.0/hk2-api-2.5.0.jar:/home/runner/.m2/repository/org/glassfish/hk2/hk2-utils/2.5.0/hk2-utils-2.5.0.jar:/home/runner/.m2/repository/org/glassfish/hk2/external/aopalliance-repackaged/2.5.0/aopalliance-repackaged-2.5.0.jar:/home/runner/.m2/repository/com/fasterxml/jackson/dataformat/jackson-dataformat-xml/2.13.2/jackson-dataformat-xml-2.13.2.jar:/home/runner/.m2/repository/com/fasterxml/jackson/core/jackson-core/2.13.2/jackson-core-2.13.2.jar:/home/runner/.m2/repository/org/codehaus/woodstox/stax2-api/3.1.4/stax2-api-3.1.4.jar:/home/runner/.m2/repository/com/fasterxml/woodstox/woodstox-core/5.0.3/woodstox-core-5.0.3.jar:/home/runner/.m2/repository/com/fasterxml/jackson/module/jackson-module-jaxb-annotations/2.13.2/jackson-module-jaxb-annotations-2.13.2.jar:/home/runner/.m2/repository/jakarta/xml/bind/jakarta.xml.bind-api/2.3.3/jakarta.xml.bind-api-2.3.3.jar:/home/runner/.m2/repository/jakarta/activation/jakarta.activation-api/1.2.1/jakarta.activation-api-1.2.1.jar:/home/runner/.m2/repository/javax/enterprise/cdi-api/1.2/cdi-api-1.2.jar:/home/runner/.m2/repository/javax/el/javax.el-api/3.0.0/javax.el-api-3.0.0.jar:/home/runner/.m2/repository/javax/interceptor/javax.interceptor-api/1.2/javax.interceptor-api-1.2.jar:/home/runner/.m2/repository/javax/inject/javax.inject/1/javax.inject-1.jar:/home/runner/.m2/repository/javax/xml/bind/jaxb-api/2.3.0/jaxb-api-2.3.0.jar:/home/runner/.m2/repository/org/glassfish/jaxb/jaxb-runtime/2.3.0.1/jaxb-runtime-2.3.0.1.jar:/home/runner/.m2/repository/org/glassfish/jaxb/jaxb-core/2.3.0.1/jaxb-core-2.3.0.1.jar:/home/runner/.m2/repository/org/glassfish/jaxb/txw2/2.3.0.1/txw2-2.3.0.1.jar:/home/runner/.m2/repository/com/sun/istack/istack-commons-runtime/3.0.5/istack-commons-runtime-3.0.5.jar:/home/runner/.m2/repository/org/jvnet/staxex/stax-ex/1.7.8/stax-ex-1.7.8.jar:/home/runner/.m2/repository/com/sun/xml/fastinfoset/FastInfoset/1.2.13/FastInfoset-1.2.13.jar:/home/runner/.m2/repository/javax/activation/activation/1.1.1/activation-1.1.1.jar:/home/runner/.m2/repository/io/grpc/grpc-protobuf/1.44.0/grpc-protobuf-1.44.0.jar:/home/runner/.m2/repository/io/grpc/grpc-api/1.44.0/grpc-api-1.44.0.jar:/home/runner/.m2/repository/io/grpc/grpc-context/1.44.0/grpc-context-1.44.0.jar:/home/runner/.m2/repository/com/google/api/grpc/proto-google-common-protos/2.0.1/proto-google-common-protos-2.0.1.jar:/home/runner/.m2/repository/io/grpc/grpc-protobuf-lite/1.44.0/grpc-protobuf-lite-1.44.0.jar:/home/runner/.m2/repository/io/grpc/grpc-stub/1.44.0/grpc-stub-1.44.0.jar:/home/runner/.m2/repository/io/netty/netty-transport/4.1.74.Final/netty-transport-4.1.74.Final.jar:/home/runner/.m2/repository/io/netty/netty-resolver/4.1.74.Final/netty-resolver-4.1.74.Final.jar:/home/runner/.m2/repository/org/apache/ozone/ozone-csi/1.3.0-SNAPSHOT/ozone-csi-1.3.0-SNAPSHOT.jar:/home/runner/.m2/repository/com/google/protobuf/protobuf-java-util/3.19.2/protobuf-java-util-3.19.2.jar:/home/runner/.m2/repository/com/google/code/gson/gson/2.8.9/gson-2.8.9.jar:/home/runner/.m2/repository/org/apache/ozone/hdds-config/1.3.0-SNAPSHOT/hdds-config-1.3.0-SNAPSHOT.jar:/home/runner/.m2/repository/io/netty/netty-transport-native-epoll/4.1.74.Final/netty-transport-native-epoll-4.1.74.Final-linux-x86_64.jar:/home/runner/.m2/repository/io/netty/netty-transport-classes-epoll/4.1.74.Final/netty-transport-classes-epoll-4.1.74.Final.jar:/home/runner/.m2/repository/io/netty/netty-transport-native-unix-common/4.1.74.Final/netty-transport-native-unix-common-4.1.74.Final.jar:/home/runner/.m2/repository/org/apache/ozone/ozone-recon/1.3.0-SNAPSHOT/ozone-recon-1.3.0-SNAPSHOT.jar:/home/runner/.m2/repository/org/apache/ozone/ozone-reconcodegen/1.3.0-SNAPSHOT/ozone-reconcodegen-1.3.0-SNAPSHOT.jar:/home/runner/.m2/repository/com/google/inject/extensions/guice-multibindings/4.0/guice-multibindings-4.0.jar:/home/runner/.m2/repository/com/google/inject/guice/4.0/guice-4.0.jar:/home/runner/.m2/repository/aopalliance/aopalliance/1.0/aopalliance-1.0.jar:/home/runner/.m2/repository/com/google/inject/extensions/guice-assistedinject/4.0/guice-assistedinject-4.0.jar:/home/runner/.m2/repository/com/google/inject/extensions/guice-servlet/4.0/guice-servlet-4.0.jar:/home/runner/.m2/repository/org/glassfish/jersey/containers/jersey-container-servlet/2.33/jersey-container-servlet-2.33.jar:/home/runner/.m2/repository/org/glassfish/hk2/guice-bridge/2.5.0/guice-bridge-2.5.0.jar:/home/runner/.m2/repository/org/glassfish/jersey/core/jersey-server/2.33/jersey-server-2.33.jar:/home/runner/.m2/repository/org/glassfish/jersey/core/jersey-client/2.33/jersey-client-2.33.jar:/home/runner/.m2/repository/jakarta/annotation/jakarta.annotation-api/1.3.5/jakarta.annotation-api-1.3.5.jar:/home/runner/.m2/repository/jakarta/validation/jakarta.validation-api/2.0.2/jakarta.validation-api-2.0.2.jar:/home/runner/.m2/repository/org/glassfish/jersey/media/jersey-media-json-jackson/2.33/jersey-media-json-jackson-2.33.jar:/home/runner/.m2/repository/org/glassfish/jersey/ext/jersey-entity-filtering/2.33/jersey-entity-filtering-2.33.jar:/home/runner/.m2/repository/org/jooq/jooq/3.11.10/jooq-3.11.10.jar:/home/runner/.m2/repository/org/jooq/jooq-meta/3.11.10/jooq-meta-3.11.10.jar:/home/runner/.m2/repository/org/jooq/jooq-codegen/3.11.10/jooq-codegen-3.11.10.jar:/home/runner/.m2/repository/com/jolbox/bonecp/0.8.0.RELEASE/bonecp-0.8.0.RELEASE.jar:/home/runner/.m2/repository/org/apache/derby/derby/10.14.2.0/derby-10.14.2.0.jar:/home/runner/.m2/repository/org/xerial/sqlite-jdbc/3.25.2/sqlite-jdbc-3.25.2.jar:/home/runner/.m2/repository/org/springframework/spring-jdbc/5.2.20.RELEASE/spring-jdbc-5.2.20.RELEASE.jar:/home/runner/.m2/repository/org/springframework/spring-beans/5.2.20.RELEASE/spring-beans-5.2.20.RELEASE.jar:/home/runner/.m2/repository/org/springframework/spring-core/5.2.20.RELEASE/spring-core-5.2.20.RELEASE.jar:/home/runner/.m2/repository/org/springframework/spring-jcl/5.2.20.RELEASE/spring-jcl-5.2.20.RELEASE.jar:/home/runner/.m2/repository/org/springframework/spring-tx/5.2.20.RELEASE/spring-tx-5.2.20.RELEASE.jar:/home/runner/.m2/repository/org/apache/ozone/ozone-client/1.3.0-SNAPSHOT/ozone-client-1.3.0-SNAPSHOT.jar:/home/runner/.m2/repository/org/apache/ozone/hdds-erasurecode/1.3.0-SNAPSHOT/hdds-erasurecode-1.3.0-SNAPSHOT.jar:/home/runner/.m2/repository/com/github/spotbugs/spotbugs-annotations/3.1.12/spotbugs-annotations-3.1.12.jar:/home/runner/.m2/repository/org/apache/ozone/ozone-filesystem/1.3.0-SNAPSHOT/ozone-filesystem-1.3.0-SNAPSHOT.jar:/home/runner/.m2/repository/org/apache/ozone/ozone-filesystem-common/1.3.0-SNAPSHOT/ozone-filesystem-common-1.3.0-SNAPSHOT.jar:/home/runner/.m2/repository/org/apache/ozone/ozone-tools/1.3.0-SNAPSHOT/ozone-tools-1.3.0-SNAPSHOT.jar:/home/runner/.m2/repository/org/apache/ratis/ratis-tools/2.3.0/ratis-tools-2.3.0.jar:/home/runner/.m2/repository/com/amazonaws/aws-java-sdk-core/1.12.124/aws-java-sdk-core-1.12.124.jar:/home/runner/.m2/repository/org/apache/httpcomponents/httpclient/4.5.13/httpclient-4.5.13.jar:/home/runner/.m2/repository/org/apache/httpcomponents/httpcore/4.4.13/httpcore-4.4.13.jar:/home/runner/.m2/repository/software/amazon/ion/ion-java/1.0.2/ion-java-1.0.2.jar:/home/runner/.m2/repository/com/fasterxml/jackson/dataformat/jackson-dataformat-cbor/2.13.2/jackson-dataformat-cbor-2.13.2.jar:/home/runner/.m2/repository/joda-time/joda-time/2.8.1/joda-time-2.8.1.jar:/home/runner/.m2/repository/com/amazonaws/aws-java-sdk-s3/1.12.124/aws-java-sdk-s3-1.12.124.jar:/home/runner/.m2/repository/com/amazonaws/aws-java-sdk-kms/1.12.124/aws-java-sdk-kms-1.12.124.jar:/home/runner/.m2/repository/com/amazonaws/jmespath-java/1.12.124/jmespath-java-1.12.124.jar:/home/runner/.m2/repository/org/kohsuke/metainf-services/metainf-services/1.8/metainf-services-1.8.jar:/home/runner/.m2/repository/org/apache/ozone/hdds-tools/1.3.0-SNAPSHOT/hdds-tools-1.3.0-SNAPSHOT.jar:/home/runner/.m2/repository/commons-cli/commons-cli/1.2/commons-cli-1.2.jar:/home/runner/.m2/repository/org/apache/commons/commons-lang3/3.7/commons-lang3-3.7.jar:/home/runner/.m2/repository/org/apache/ozone/ozone-manager/1.3.0-SNAPSHOT/ozone-manager-1.3.0-SNAPSHOT-tests.jar:/home/runner/.m2/repository/org/apache/ozone/hdds-common/1.3.0-SNAPSHOT/hdds-common-1.3.0-SNAPSHOT-tests.jar:/home/runner/.m2/repository/org/apache/ozone/hdds-hadoop-dependency-client/1.3.0-SNAPSHOT/hdds-hadoop-dependency-client-1.3.0-SNAPSHOT.jar:/home/runner/.m2/repository/info/picocli/picocli/4.6.1/picocli-4.6.1.jar:/home/runner/.m2/repository/com/fasterxml/jackson/core/jackson-annotations/2.13.2/jackson-annotations-2.13.2.jar:/home/runner/.m2/repository/com/fasterxml/jackson/datatype/jackson-datatype-jsr310/2.13.2/jackson-datatype-jsr310-2.13.2.jar:/home/runner/.m2/repository/javax/annotation/javax.annotation-api/1.2/javax.annotation-api-1.2.jar:/home/runner/.m2/repository/org/apache/ratis/ratis-server/2.3.0/ratis-server-2.3.0.jar:/home/runner/.m2/repository/org/apache/ratis/ratis-client/2.3.0/ratis-client-2.3.0.jar:/home/runner/.m2/repository/org/apache/ratis/ratis-server-api/2.3.0/ratis-server-api-2.3.0.jar:/home/runner/.m2/repository/org/apache/ratis/ratis-metrics/2.3.0/ratis-metrics-2.3.0.jar:/home/runner/.m2/repository/org/apache/ratis/ratis-netty/2.3.0/ratis-netty-2.3.0.jar:/home/runner/.m2/repository/org/apache/ratis/ratis-grpc/2.3.0/ratis-grpc-2.3.0.jar:/home/runner/.m2/repository/org/apache/logging/log4j/log4j-api/2.17.1/log4j-api-2.17.1.jar:/home/runner/.m2/repository/org/apache/commons/commons-pool2/2.6.0/commons-pool2-2.6.0.jar:/home/runner/.m2/repository/org/bouncycastle/bcpkix-jdk15on/1.67/bcpkix-jdk15on-1.67.jar:/home/runner/.m2/repository/commons-validator/commons-validator/1.6/commons-validator-1.6.jar:/home/runner/.m2/repository/commons-beanutils/commons-beanutils/1.9.4/commons-beanutils-1.9.4.jar:/home/runner/.m2/repository/commons-digester/commons-digester/1.8.1/commons-digester-1.8.1.jar:/home/runner/.m2/repository/commons-collections/commons-collections/3.2.2/commons-collections-3.2.2.jar:/home/runner/.m2/repository/io/jaegertracing/jaeger-client/1.6.0/jaeger-client-1.6.0.jar:/home/runner/.m2/repository/io/jaegertracing/jaeger-thrift/1.6.0/jaeger-thrift-1.6.0.jar:/home/runner/.m2/repository/org/apache/thrift/libthrift/0.14.1/libthrift-0.14.1.jar:/home/runner/.m2/repository/com/squareup/okhttp3/okhttp/4.9.0/okhttp-4.9.0.jar:/home/runner/.m2/repository/com/squareup/okio/okio/2.8.0/okio-2.8.0.jar:/home/runner/.m2/repository/io/jaegertracing/jaeger-core/1.6.0/jaeger-core-1.6.0.jar:/home/runner/.m2/repository/io/jaegertracing/jaeger-tracerresolver/1.6.0/jaeger-tracerresolver-1.6.0.jar:/home/runner/.m2/repository/io/opentracing/contrib/opentracing-tracerresolver/0.1.8/opentracing-tracerresolver-0.1.8.jar:/home/runner/.m2/repository/org/jetbrains/kotlin/kotlin-stdlib/1.6.21/kotlin-stdlib-1.6.21.jar:/home/runner/.m2/repository/org/jetbrains/kotlin/kotlin-stdlib-common/1.6.21/kotlin-stdlib-common-1.6.21.jar:/home/runner/.m2/repository/org/jetbrains/annotations/13.0/annotations-13.0.jar:/home/runner/.m2/repository/io/opentracing/opentracing-util/0.33.0/opentracing-util-0.33.0.jar:/home/runner/.m2/repository/io/opentracing/opentracing-api/0.33.0/opentracing-api-0.33.0.jar:/home/runner/.m2/repository/io/opentracing/opentracing-noop/0.33.0/opentracing-noop-0.33.0.jar:/home/runner/.m2/repository/org/yaml/snakeyaml/1.26/snakeyaml-1.26.jar:/home/runner/.m2/repository/org/apache/ozone/hdds-interface-admin/1.3.0-SNAPSHOT/hdds-interface-admin-1.3.0-SNAPSHOT.jar:/home/runner/.m2/repository/junit/junit/4.13.1/junit-4.13.1.jar:/home/runner/.m2/repository/org/hamcrest/hamcrest-core/1.3/hamcrest-core-1.3.jar:/home/runner/.m2/repository/org/junit/jupiter/junit-jupiter-api/5.8.2/junit-jupiter-api-5.8.2.jar:/home/runner/.m2/repository/org/opentest4j/opentest4j/1.2.0/opentest4j-1.2.0.jar:/home/runner/.m2/repository/org/junit/platform/junit-platform-commons/1.8.2/junit-platform-commons-1.8.2.jar:/home/runner/.m2/repository/org/apiguardian/apiguardian-api/1.1.2/apiguardian-api-1.1.2.jar:/home/runner/.m2/repository/org/junit/jupiter/junit-jupiter-params/5.8.2/junit-jupiter-params-5.8.2.jar:/home/runner/.m2/repository/org/junit/jupiter/junit-jupiter-migrationsupport/5.8.2/junit-jupiter-migrationsupport-5.8.2.jar:/home/runner/.m2/repository/org/junit/jupiter/junit-jupiter-engine/5.8.2/junit-jupiter-engine-5.8.2.jar:/home/runner/.m2/repository/org/junit/platform/junit-platform-engine/1.8.2/junit-platform-engine-1.8.2.jar:/home/runner/.m2/repository/org/junit/vintage/junit-vintage-engine/5.8.2/junit-vintage-engine-5.8.2.jar:/home/runner/.m2/repository/org/junit/platform/junit-platform-launcher/1.8.2/junit-platform-launcher-1.8.2.jar:/home/runner/.m2/repository/org/mockito/mockito-core/2.28.2/mockito-core-2.28.2.jar:/home/runner/.m2/repository/net/bytebuddy/byte-buddy/1.9.10/byte-buddy-1.9.10.jar:/home/runner/.m2/repository/net/bytebuddy/byte-buddy-agent/1.9.10/byte-buddy-agent-1.9.10.jar:/home/runner/.m2/repository/org/objenesis/objenesis/1.0/objenesis-1.0.jar:/home/runner/.m2/repository/org/apache/hadoop/hadoop-kms/3.3.1/hadoop-kms-3.3.1.jar:/home/runner/.m2/repository/org/apache/hadoop/hadoop-auth/3.3.1/hadoop-auth-3.3.1.jar:/home/runner/.m2/repository/com/nimbusds/nimbus-jose-jwt/7.9/nimbus-jose-jwt-7.9.jar:/home/runner/.m2/repository/com/github/stephenc/jcip/jcip-annotations/1.0-1/jcip-annotations-1.0-1.jar:/home/runner/.m2/repository/net/minidev/json-smart/2.4.7/json-smart-2.4.7.jar:/home/runner/.m2/repository/net/minidev/accessors-smart/2.4.7/accessors-smart-2.4.7.jar:/home/runner/.m2/repository/org/ow2/asm/asm/5.0.4/asm-5.0.4.jar:/home/runner/.m2/repository/org/apache/zookeeper/zookeeper/3.5.6/zookeeper-3.5.6.jar:/home/runner/.m2/repository/org/apache/zookeeper/zookeeper-jute/3.5.6/zookeeper-jute-3.5.6.jar:/home/runner/.m2/repository/org/apache/yetus/audience-annotations/0.5.0/audience-annotations-0.5.0.jar:/home/runner/.m2/repository/org/apache/curator/curator-framework/4.2.0/curator-framework-4.2.0.jar:/home/runner/.m2/repository/org/apache/hadoop/thirdparty/hadoop-shaded-guava/1.1.1/hadoop-shaded-guava-1.1.1.jar:/home/runner/.m2/repository/com/sun/jersey/jersey-core/1.19/jersey-core-1.19.jar:/home/runner/.m2/repository/javax/ws/rs/jsr311-api/1.1.1/jsr311-api-1.1.1.jar:/home/runner/.m2/repository/com/sun/jersey/jersey-server/1.19/jersey-server-1.19.jar:/home/runner/.m2/repository/javax/servlet/javax.servlet-api/3.1.0/javax.servlet-api-3.1.0.jar:/home/runner/.m2/repository/org/eclipse/jetty/jetty-server/9.4.43.v20210629/jetty-server-9.4.43.v20210629.jar:/home/runner/.m2/repository/org/eclipse/jetty/jetty-http/9.4.43.v20210629/jetty-http-9.4.43.v20210629.jar:/home/runner/.m2/repository/org/eclipse/jetty/jetty-io/9.4.43.v20210629/jetty-io-9.4.43.v20210629.jar:/home/runner/.m2/repository/org/eclipse/jetty/jetty-webapp/9.4.43.v20210629/jetty-webapp-9.4.43.v20210629.jar:/home/runner/.m2/repository/org/eclipse/jetty/jetty-xml/9.4.43.v20210629/jetty-xml-9.4.43.v20210629.jar:/home/runner/.m2/repository/org/apache/hadoop/hadoop-common/3.3.1/hadoop-common-3.3.1.jar:/home/runner/.m2/repository/org/apache/commons/commons-math3/3.1.1/commons-math3-3.1.1.jar:/home/runner/.m2/repository/commons-net/commons-net/3.6/commons-net-3.6.jar:/home/runner/.m2/repository/com/sun/jersey/jersey-servlet/1.19/jersey-servlet-1.19.jar:/home/runner/.m2/repository/com/sun/jersey/jersey-json/1.19/jersey-json-1.19.jar:/home/runner/.m2/repository/org/codehaus/jettison/jettison/1.1/jettison-1.1.jar:/home/runner/.m2/repository/com/sun/xml/bind/jaxb-impl/2.2.3-1/jaxb-impl-2.2.3-1.jar:/home/runner/.m2/repository/org/codehaus/jackson/jackson-xc/1.9.2/jackson-xc-1.9.2.jar:/home/runner/.m2/repository/org/apache/commons/commons-configuration2/2.1.1/commons-configuration2-2.1.1.jar:/home/runner/.m2/repository/org/apache/commons/commons-text/1.4/commons-text-1.4.jar:/home/runner/.m2/repository/com/google/re2j/re2j/1.1/re2j-1.1.jar:/home/runner/.m2/repository/com/jcraft/jsch/0.1.54/jsch-0.1.54.jar:/home/runner/.m2/repository/org/apache/curator/curator-client/4.2.0/curator-client-4.2.0.jar:/home/runner/.m2/repository/org/apache/curator/curator-recipes/4.2.0/curator-recipes-4.2.0.jar:/home/runner/.m2/repository/org/apache/kerby/kerb-core/1.0.1/kerb-core-1.0.1.jar:/home/runner/.m2/repository/org/apache/kerby/kerby-pkix/1.0.1/kerby-pkix-1.0.1.jar:/home/runner/.m2/repository/org/apache/kerby/kerby-asn1/1.0.1/kerby-asn1-1.0.1.jar:/home/runner/.m2/repository/org/apache/kerby/kerby-util/1.0.1/kerby-util-1.0.1.jar:/home/runner/.m2/repository/dnsjava/dnsjava/2.1.7/dnsjava-2.1.7.jar:/home/runner/.m2/repository/org/xerial/snappy/snappy-java/1.1.8.2/snappy-java-1.1.8.2.jar:/home/runner/.m2/repository/org/slf4j/jul-to-slf4j/1.7.30/jul-to-slf4j-1.7.30.jar:/home/runner/.m2/repository/org/eclipse/jetty/jetty-util/9.4.43.v20210629/jetty-util-9.4.43.v20210629.jar:/home/runner/.m2/repository/com/fasterxml/jackson/core/jackson-databind/2.13.2.2/jackson-databind-2.13.2.2.jar:/home/runner/.m2/repository/org/apache/hadoop/hadoop-kms/3.3.1/hadoop-kms-3.3.1-tests.jar:/home/runner/.m2/repository/org/apache/ozone/hdds-server-scm/1.3.0-SNAPSHOT/hdds-server-scm-1.3.0-SNAPSHOT-tests.jar:/home/runner/.m2/repository/org/apache/ozone/hdds-container-service/1.3.0-SNAPSHOT/hdds-container-service-1.3.0-SNAPSHOT-tests.jar:/home/runner/.m2/repository/commons-codec/commons-codec/1.11/commons-codec-1.11.jar:/home/runner/.m2/repository/io/netty/netty-codec/4.1.74.Final/netty-codec-4.1.74.Final.jar:/home/runner/.m2/repository/io/netty/netty-handler/4.1.74.Final/netty-handler-4.1.74.Final.jar:/home/runner/.m2/repository/org/apache/ozone/hdds-hadoop-dependency-test/1.3.0-SNAPSHOT/hdds-hadoop-dependency-test-1.3.0-SNAPSHOT.jar:/home/runner/.m2/repository/org/apache/hadoop/hadoop-common/3.3.1/hadoop-common-3.3.1-tests.jar:/home/runner/.m2/repository/org/assertj/assertj-core/3.12.2/assertj-core-3.12.2.jar:/home/runner/.m2/repository/org/apache/hadoop/hadoop-hdfs/3.3.1/hadoop-hdfs-3.3.1-tests.jar:/home/runner/.m2/repository/org/eclipse/jetty/jetty-util-ajax/9.4.43.v20210629/jetty-util-ajax-9.4.43.v20210629.jar:/home/runner/.m2/repository/commons-daemon/commons-daemon/1.0.13/commons-daemon-1.0.13.jar:/home/runner/.m2/repository/io/netty/netty/3.10.6.Final/netty-3.10.6.Final.jar:/home/runner/.m2/repository/io/netty/netty-all/4.1.74.Final/netty-all-4.1.74.Final.jar:/home/runner/.m2/repository/io/netty/netty-codec-dns/4.1.74.Final/netty-codec-dns-4.1.74.Final.jar:/home/runner/.m2/repository/io/netty/netty-codec-haproxy/4.1.74.Final/netty-codec-haproxy-4.1.74.Final.jar:/home/runner/.m2/repository/io/netty/netty-codec-memcache/4.1.74.Final/netty-codec-memcache-4.1.74.Final.jar:/home/runner/.m2/repository/io/netty/netty-codec-mqtt/4.1.74.Final/netty-codec-mqtt-4.1.74.Final.jar:/home/runner/.m2/repository/io/netty/netty-codec-redis/4.1.74.Final/netty-codec-redis-4.1.74.Final.jar:/home/runner/.m2/repository/io/netty/netty-codec-smtp/4.1.74.Final/netty-codec-smtp-4.1.74.Final.jar:/home/runner/.m2/repository/io/netty/netty-codec-stomp/4.1.74.Final/netty-codec-stomp-4.1.74.Final.jar:/home/runner/.m2/repository/io/netty/netty-codec-xml/4.1.74.Final/netty-codec-xml-4.1.74.Final.jar:/home/runner/.m2/repository/io/netty/netty-resolver-dns/4.1.74.Final/netty-resolver-dns-4.1.74.Final.jar:/home/runner/.m2/repository/io/netty/netty-transport-rxtx/4.1.74.Final/netty-transport-rxtx-4.1.74.Final.jar:/home/runner/.m2/repository/io/netty/netty-transport-sctp/4.1.74.Final/netty-transport-sctp-4.1.74.Final.jar:/home/runner/.m2/repository/io/netty/netty-transport-udt/4.1.74.Final/netty-transport-udt-4.1.74.Final.jar:/home/runner/.m2/repository/io/netty/netty-transport-classes-kqueue/4.1.74.Final/netty-transport-classes-kqueue-4.1.74.Final.jar:/home/runner/.m2/repository/io/netty/netty-resolver-dns-classes-macos/4.1.74.Final/netty-resolver-dns-classes-macos-4.1.74.Final.jar:/home/runner/.m2/repository/io/netty/netty-transport-native-epoll/4.1.74.Final/netty-transport-native-epoll-4.1.74.Final-linux-aarch_64.jar:/home/runner/.m2/repository/io/netty/netty-transport-native-kqueue/4.1.74.Final/netty-transport-native-kqueue-4.1.74.Final-osx-x86_64.jar:/home/runner/.m2/repository/io/netty/netty-transport-native-kqueue/4.1.74.Final/netty-transport-native-kqueue-4.1.74.Final-osx-aarch_64.jar:/home/runner/.m2/repository/io/netty/netty-resolver-dns-native-macos/4.1.74.Final/netty-resolver-dns-native-macos-4.1.74.Final-osx-x86_64.jar:/home/runner/.m2/repository/io/netty/netty-resolver-dns-native-macos/4.1.74.Final/netty-resolver-dns-native-macos-4.1.74.Final-osx-aarch_64.jar:/home/runner/.m2/repository/org/apache/htrace/htrace-core4/4.1.0-incubating/htrace-core4-4.1.0-incubating.jar:/home/runner/.m2/repository/org/fusesource/leveldbjni/leveldbjni-all/1.8/leveldbjni-all-1.8.jar:/home/runner/.m2/repository/org/apache/hadoop/hadoop-distcp/3.3.1/hadoop-distcp-3.3.1.jar:/home/runner/.m2/repository/org/apache/hadoop/hadoop-mapreduce-client-jobclient/3.3.1/hadoop-mapreduce-client-jobclient-3.3.1.jar:/home/runner/.m2/repository/org/apache/hadoop/hadoop-mapreduce-client-common/3.3.1/hadoop-mapreduce-client-common-3.3.1.jar:/home/runner/.m2/repository/org/apache/hadoop/hadoop-yarn-common/3.3.1/hadoop-yarn-common-3.3.1.jar:/home/runner/.m2/repository/org/apache/hadoop/hadoop-yarn-api/3.3.1/hadoop-yarn-api-3.3.1.jar:/home/runner/.m2/repository/com/sun/jersey/contribs/jersey-guice/1.19/jersey-guice-1.19.jar:/home/runner/.m2/repository/com/fasterxml/jackson/jaxrs/jackson-jaxrs-json-provider/2.13.2/jackson-jaxrs-json-provider-2.13.2.jar:/home/runner/.m2/repository/com/fasterxml/jackson/jaxrs/jackson-jaxrs-base/2.13.2/jackson-jaxrs-base-2.13.2.jar:/home/runner/.m2/repository/org/apache/hadoop/hadoop-yarn-client/3.3.1/hadoop-yarn-client-3.3.1.jar:/home/runner/.m2/repository/org/eclipse/jetty/websocket/websocket-client/9.4.40.v20210413/websocket-client-9.4.40.v20210413.jar:/home/runner/.m2/repository/org/eclipse/jetty/websocket/websocket-common/9.4.40.v20210413/websocket-common-9.4.40.v20210413.jar:/home/runner/.m2/repository/org/eclipse/jetty/websocket/websocket-api/9.4.40.v20210413/websocket-api-9.4.40.v20210413.jar:/home/runner/.m2/repository/org/jline/jline/3.9.0/jline-3.9.0.jar:/home/runner/.m2/repository/org/apache/hadoop/hadoop-mapreduce-client-core/3.3.1/hadoop-mapreduce-client-core-3.3.1.jar:/home/runner/.m2/repository/org/apache/avro/avro/1.7.7/avro-1.7.7.jar:/home/runner/.m2/repository/org/codehaus/jackson/jackson-core-asl/1.9.13/jackson-core-asl-1.9.13.jar:/home/runner/.m2/repository/org/codehaus/jackson/jackson-mapper-asl/1.9.13/jackson-mapper-asl-1.9.13.jar:/home/runner/.m2/repository/com/thoughtworks/paranamer/paranamer/2.3/paranamer-2.3.jar:/home/runner/.m2/repository/org/apache/hadoop/hadoop-annotations/3.3.1/hadoop-annotations-3.3.1.jar:/usr/lib/jvm/temurin-8-jdk-amd64/jre/../lib/tools.jar:/home/runner/.m2/repository/org/apache/hadoop/hadoop-distcp/3.3.1/hadoop-distcp-3.3.1-tests.jar:/home/runner/.m2/repository/org/apache/ratis/ratis-common/2.3.0/ratis-common-2.3.0.jar:/home/runner/.m2/repository/org/apache/ratis/ratis-thirdparty-misc/1.0.0/ratis-thirdparty-misc-1.0.0.jar:/home/runner/.m2/repository/org/apache/ratis/ratis-proto/2.3.0/ratis-proto-2.3.0.jar:/home/runner/.m2/repository/org/apache/ozone/ozone-annotation-processing/1.3.0-SNAPSHOT/ozone-annotation-processing-1.3.0-SNAPSHOT.jar:"/>
    <property name="java.vm.vendor" value="Temurin"/>
    <property name="sun.arch.data.model" value="64"/>
    <property name="test.build.dir" value="/home/runner/work/ozone/ozone/hadoop-ozone/integration-test/target/test-dir"/>
    <property name="test.cache.data" value=""/>
    <property name="java.vendor.url" value="https://adoptium.net/"/>
    <property name="user.timezone" value="Etc/UTC"/>
    <property name="java.vm.specification.version" value="1.8"/>
    <property name="os.name" value="Linux"/>
    <property name="test.build.data" value="/home/runner/work/ozone/ozone/hadoop-ozone/integration-test/target/test-dir"/>
    <property name="sun.java.launcher" value="SUN_STANDARD"/>
    <property name="sun.boot.library.path" value="/usr/lib/jvm/temurin-8-jdk-amd64/jre/lib/amd64"/>
    <property name="sun.java.command" value="/home/runner/work/ozone/ozone/hadoop-ozone/integration-test/target/surefire/surefirebooter1584538783882823799.jar /home/runner/work/ozone/ozone/hadoop-ozone/integration-test/target/surefire 2022-06-24T01-38-44_678-jvmRun1 surefire473045412583346740tmp surefire_0492818129976740408tmp"/>
    <property name="surefire.test.class.path" value="/home/runner/work/ozone/ozone/hadoop-ozone/integration-test/target/test-classes:/home/runner/work/ozone/ozone/hadoop-ozone/integration-test/target/classes:/home/runner/.m2/repository/org/apache/ozone/ozone-common/1.3.0-SNAPSHOT/ozone-common-1.3.0-SNAPSHOT.jar:/home/runner/.m2/repository/io/grpc/grpc-netty/1.44.0/grpc-netty-1.44.0.jar:/home/runner/.m2/repository/io/grpc/grpc-core/1.44.0/grpc-core-1.44.0.jar:/home/runner/.m2/repository/com/google/android/annotations/4.1.1.4/annotations-4.1.1.4.jar:/home/runner/.m2/repository/org/codehaus/mojo/animal-sniffer-annotations/1.19/animal-sniffer-annotations-1.19.jar:/home/runner/.m2/repository/com/google/errorprone/error_prone_annotations/2.2.0/error_prone_annotations-2.2.0.jar:/home/runner/.m2/repository/io/perfmark/perfmark-api/0.23.0/perfmark-api-0.23.0.jar:/home/runner/.m2/repository/io/netty/netty-codec-http2/4.1.74.Final/netty-codec-http2-4.1.74.Final.jar:/home/runner/.m2/repository/io/netty/netty-common/4.1.74.Final/netty-common-4.1.74.Final.jar:/home/runner/.m2/repository/io/netty/netty-buffer/4.1.74.Final/netty-buffer-4.1.74.Final.jar:/home/runner/.m2/repository/io/netty/netty-codec-http/4.1.74.Final/netty-codec-http-4.1.74.Final.jar:/home/runner/.m2/repository/io/netty/netty-handler-proxy/4.1.74.Final/netty-handler-proxy-4.1.74.Final.jar:/home/runner/.m2/repository/io/netty/netty-codec-socks/4.1.74.Final/netty-codec-socks-4.1.74.Final.jar:/home/runner/.m2/repository/io/netty/netty-tcnative-boringssl-static/2.0.48.Final/netty-tcnative-boringssl-static-2.0.48.Final.jar:/home/runner/.m2/repository/io/netty/netty-tcnative-classes/2.0.48.Final/netty-tcnative-classes-2.0.48.Final.jar:/home/runner/.m2/repository/io/netty/netty-tcnative/2.0.48.Final/netty-tcnative-2.0.48.Final.jar:/home/runner/.m2/repository/org/apache/commons/commons-compress/1.21/commons-compress-1.21.jar:/home/runner/.m2/repository/org/apache/ozone/hdds-common/1.3.0-SNAPSHOT/hdds-common-1.3.0-SNAPSHOT.jar:/home/runner/.m2/repository/org/apache/ozone/hdds-client/1.3.0-SNAPSHOT/hdds-client-1.3.0-SNAPSHOT.jar:/home/runner/.m2/repository/org/apache/ozone/ozone-interface-client/1.3.0-SNAPSHOT/ozone-interface-client-1.3.0-SNAPSHOT.jar:/home/runner/.m2/repository/org/apache/ozone/hdds-test-utils/1.3.0-SNAPSHOT/hdds-test-utils-1.3.0-SNAPSHOT.jar:/home/runner/.m2/repository/com/google/guava/guava/31.1-jre/guava-31.1-jre.jar:/home/runner/.m2/repository/com/google/guava/failureaccess/1.0.1/failureaccess-1.0.1.jar:/home/runner/.m2/repository/com/google/guava/listenablefuture/9999.0-empty-to-avoid-conflict-with-guava/listenablefuture-9999.0-empty-to-avoid-conflict-with-guava.jar:/home/runner/.m2/repository/com/google/code/findbugs/jsr305/3.0.0/jsr305-3.0.0.jar:/home/runner/.m2/repository/org/checkerframework/checker-qual/3.12.0/checker-qual-3.12.0.jar:/home/runner/.m2/repository/com/google/j2objc/j2objc-annotations/1.3/j2objc-annotations-1.3.jar:/home/runner/.m2/repository/commons-io/commons-io/2.11.0/commons-io-2.11.0.jar:/home/runner/.m2/repository/commons-logging/commons-logging/1.2/commons-logging-1.2.jar:/home/runner/.m2/repository/log4j/log4j/1.2.17/log4j-1.2.17.jar:/home/runner/.m2/repository/org/slf4j/slf4j-api/1.7.30/slf4j-api-1.7.30.jar:/home/runner/.m2/repository/org/apache/ozone/hdds-server-scm/1.3.0-SNAPSHOT/hdds-server-scm-1.3.0-SNAPSHOT.jar:/home/runner/.m2/repository/org/apache/ozone/hdds-container-service/1.3.0-SNAPSHOT/hdds-container-service-1.3.0-SNAPSHOT.jar:/home/runner/.m2/repository/org/apache/ozone/hdds-hadoop-dependency-server/1.3.0-SNAPSHOT/hdds-hadoop-dependency-server-1.3.0-SNAPSHOT.jar:/home/runner/.m2/repository/org/apache/hadoop/hadoop-hdfs/3.3.1/hadoop-hdfs-3.3.1.jar:/home/runner/.m2/repository/org/apache/ozone/hdds-server-framework/1.3.0-SNAPSHOT/hdds-server-framework-1.3.0-SNAPSHOT.jar:/home/runner/.m2/repository/org/apache/ozone/hdds-interface-server/1.3.0-SNAPSHOT/hdds-interface-server-1.3.0-SNAPSHOT.jar:/home/runner/.m2/repository/org/apache/logging/log4j/log4j-core/2.17.1/log4j-core-2.17.1.jar:/home/runner/.m2/repository/com/lmax/disruptor/3.4.2/disruptor-3.4.2.jar:/home/runner/.m2/repository/org/eclipse/jetty/jetty-servlet/9.4.43.v20210629/jetty-servlet-9.4.43.v20210629.jar:/home/runner/.m2/repository/org/eclipse/jetty/jetty-security/9.4.43.v20210629/jetty-security-9.4.43.v20210629.jar:/home/runner/.m2/repository/org/rocksdb/rocksdbjni/6.29.5/rocksdbjni-6.29.5.jar:/home/runner/.m2/repository/io/prometheus/simpleclient_dropwizard/0.7.0/simpleclient_dropwizard-0.7.0.jar:/home/runner/.m2/repository/io/prometheus/simpleclient/0.7.0/simpleclient-0.7.0.jar:/home/runner/.m2/repository/io/prometheus/simpleclient_common/0.7.0/simpleclient_common-0.7.0.jar:/home/runner/.m2/repository/io/dropwizard/metrics/metrics-core/3.2.4/metrics-core-3.2.4.jar:/home/runner/.m2/repository/org/apache/hadoop/hadoop-hdfs-client/3.3.1/hadoop-hdfs-client-3.3.1.jar:/home/runner/.m2/repository/org/bouncycastle/bcprov-jdk15on/1.67/bcprov-jdk15on-1.67.jar:/home/runner/.m2/repository/com/google/protobuf/protobuf-java/2.5.0/protobuf-java-2.5.0.jar:/home/runner/.m2/repository/org/apache/ozone/ozone-manager/1.3.0-SNAPSHOT/ozone-manager-1.3.0-SNAPSHOT.jar:/home/runner/.m2/repository/org/aspectj/aspectjrt/1.9.7/aspectjrt-1.9.7.jar:/home/runner/.m2/repository/org/aspectj/aspectjweaver/1.9.7/aspectjweaver-1.9.7.jar:/home/runner/.m2/repository/org/apache/ozone/hdds-interface-client/1.3.0-SNAPSHOT/hdds-interface-client-1.3.0-SNAPSHOT.jar:/home/runner/.m2/repository/org/apache/hadoop/thirdparty/hadoop-shaded-protobuf_3_7/1.1.1/hadoop-shaded-protobuf_3_7-1.1.1.jar:/home/runner/.m2/repository/org/apache/ozone/ozone-interface-storage/1.3.0-SNAPSHOT/ozone-interface-storage-1.3.0-SNAPSHOT.jar:/home/runner/.m2/repository/org/reflections/reflections/0.9.11/reflections-0.9.11.jar:/home/runner/.m2/repository/com/sun/jersey/jersey-client/1.19/jersey-client-1.19.jar:/home/runner/.m2/repository/org/apache/ranger/ranger-intg/3.0.0-SNAPSHOT/ranger-intg-3.0.0-SNAPSHOT.jar:/home/runner/.m2/repository/org/apache/ranger/ranger-plugins-common/3.0.0-SNAPSHOT/ranger-plugins-common-3.0.0-SNAPSHOT.jar:/home/runner/.m2/repository/commons-lang/commons-lang/2.6/commons-lang-2.6.jar:/home/runner/.m2/repository/org/codehaus/jackson/jackson-jaxrs/1.9.13/jackson-jaxrs-1.9.13.jar:/home/runner/.m2/repository/org/apache/ranger/ranger-plugins-cred/3.0.0-SNAPSHOT/ranger-plugins-cred-3.0.0-SNAPSHOT.jar:/home/runner/.m2/repository/org/apache/ranger/ranger-plugins-audit/3.0.0-SNAPSHOT/ranger-plugins-audit-3.0.0-SNAPSHOT.jar:/home/runner/.m2/repository/org/apache/kafka/kafka-clients/2.8.1/kafka-clients-2.8.1.jar:/home/runner/.m2/repository/com/github/luben/zstd-jni/1.4.9-1/zstd-jni-1.4.9-1.jar:/home/runner/.m2/repository/org/apache/solr/solr-solrj/8.6.3/solr-solrj-8.6.3.jar:/home/runner/.m2/repository/org/eclipse/jetty/jetty-client/9.4.44.v20210927/jetty-client-9.4.44.v20210927.jar:/home/runner/.m2/repository/org/apache/httpcomponents/httpmime/4.5.13/httpmime-4.5.13.jar:/home/runner/.m2/repository/org/apache/httpcomponents/httpcore-nio/4.4.14/httpcore-nio-4.4.14.jar:/home/runner/.m2/repository/org/apache/httpcomponents/httpasyncclient/4.1.4/httpasyncclient-4.1.4.jar:/home/runner/.m2/repository/com/carrotsearch/hppc/0.8.0/hppc-0.8.0.jar:/home/runner/.m2/repository/org/apache/hive/hive-storage-api/2.7.2/hive-storage-api-2.7.2.jar:/home/runner/.m2/repository/org/apache/orc/orc-core/1.5.8/orc-core-1.5.8.jar:/home/runner/.m2/repository/com/amazonaws/aws-java-sdk-bundle/1.12.125/aws-java-sdk-bundle-1.12.125.jar:/home/runner/.m2/repository/net/java/dev/jna/jna/5.2.0/jna-5.2.0.jar:/home/runner/.m2/repository/net/java/dev/jna/jna-platform/5.2.0/jna-platform-5.2.0.jar:/home/runner/.m2/repository/com/kstruct/gethostname4j/0.0.2/gethostname4j-0.0.2.jar:/home/runner/.m2/repository/org/apache/ranger/ranger-plugin-classloader/3.0.0-SNAPSHOT/ranger-plugin-classloader-3.0.0-SNAPSHOT.jar:/home/runner/.m2/repository/org/apache/hadoop/hadoop-minikdc/3.3.1/hadoop-minikdc-3.3.1.jar:/home/runner/.m2/repository/org/apache/kerby/kerb-simplekdc/1.0.1/kerb-simplekdc-1.0.1.jar:/home/runner/.m2/repository/org/apache/kerby/kerb-client/1.0.1/kerb-client-1.0.1.jar:/home/runner/.m2/repository/org/apache/kerby/kerby-config/1.0.1/kerby-config-1.0.1.jar:/home/runner/.m2/repository/org/apache/kerby/kerb-common/1.0.1/kerb-common-1.0.1.jar:/home/runner/.m2/repository/org/apache/kerby/kerb-crypto/1.0.1/kerb-crypto-1.0.1.jar:/home/runner/.m2/repository/org/apache/kerby/kerb-util/1.0.1/kerb-util-1.0.1.jar:/home/runner/.m2/repository/org/apache/kerby/token-provider/1.0.1/token-provider-1.0.1.jar:/home/runner/.m2/repository/org/apache/kerby/kerb-admin/1.0.1/kerb-admin-1.0.1.jar:/home/runner/.m2/repository/org/apache/kerby/kerb-server/1.0.1/kerb-server-1.0.1.jar:/home/runner/.m2/repository/org/apache/kerby/kerb-identity/1.0.1/kerb-identity-1.0.1.jar:/home/runner/.m2/repository/org/apache/kerby/kerby-xdr/1.0.1/kerby-xdr-1.0.1.jar:/home/runner/.m2/repository/org/slf4j/slf4j-log4j12/1.7.30/slf4j-log4j12-1.7.30.jar:/home/runner/.m2/repository/org/apache/ozone/ozone-s3gateway/1.3.0-SNAPSHOT/ozone-s3gateway-1.3.0-SNAPSHOT.jar:/home/runner/.m2/repository/org/javassist/javassist/3.21.0-GA/javassist-3.21.0-GA.jar:/home/runner/.m2/repository/org/jboss/weld/servlet/weld-servlet/2.4.7.Final/weld-servlet-2.4.7.Final.jar:/home/runner/.m2/repository/org/glassfish/jersey/containers/jersey-container-servlet-core/2.33/jersey-container-servlet-core-2.33.jar:/home/runner/.m2/repository/org/glassfish/hk2/external/jakarta.inject/2.6.1/jakarta.inject-2.6.1.jar:/home/runner/.m2/repository/org/glassfish/jersey/core/jersey-common/2.33/jersey-common-2.33.jar:/home/runner/.m2/repository/jakarta/ws/rs/jakarta.ws.rs-api/2.1.6/jakarta.ws.rs-api-2.1.6.jar:/home/runner/.m2/repository/org/glassfish/jersey/ext/cdi/jersey-cdi1x/2.33/jersey-cdi1x-2.33.jar:/home/runner/.m2/repository/org/glassfish/jersey/inject/jersey-hk2/2.33/jersey-hk2-2.33.jar:/home/runner/.m2/repository/org/glassfish/hk2/hk2-locator/2.6.1/hk2-locator-2.6.1.jar:/home/runner/.m2/repository/org/glassfish/jersey/media/jersey-media-jaxb/2.33/jersey-media-jaxb-2.33.jar:/home/runner/.m2/repository/org/glassfish/hk2/osgi-resource-locator/1.0.3/osgi-resource-locator-1.0.3.jar:/home/runner/.m2/repository/org/glassfish/hk2/hk2-api/2.5.0/hk2-api-2.5.0.jar:/home/runner/.m2/repository/org/glassfish/hk2/hk2-utils/2.5.0/hk2-utils-2.5.0.jar:/home/runner/.m2/repository/org/glassfish/hk2/external/aopalliance-repackaged/2.5.0/aopalliance-repackaged-2.5.0.jar:/home/runner/.m2/repository/com/fasterxml/jackson/dataformat/jackson-dataformat-xml/2.13.2/jackson-dataformat-xml-2.13.2.jar:/home/runner/.m2/repository/com/fasterxml/jackson/core/jackson-core/2.13.2/jackson-core-2.13.2.jar:/home/runner/.m2/repository/org/codehaus/woodstox/stax2-api/3.1.4/stax2-api-3.1.4.jar:/home/runner/.m2/repository/com/fasterxml/woodstox/woodstox-core/5.0.3/woodstox-core-5.0.3.jar:/home/runner/.m2/repository/com/fasterxml/jackson/module/jackson-module-jaxb-annotations/2.13.2/jackson-module-jaxb-annotations-2.13.2.jar:/home/runner/.m2/repository/jakarta/xml/bind/jakarta.xml.bind-api/2.3.3/jakarta.xml.bind-api-2.3.3.jar:/home/runner/.m2/repository/jakarta/activation/jakarta.activation-api/1.2.1/jakarta.activation-api-1.2.1.jar:/home/runner/.m2/repository/javax/enterprise/cdi-api/1.2/cdi-api-1.2.jar:/home/runner/.m2/repository/javax/el/javax.el-api/3.0.0/javax.el-api-3.0.0.jar:/home/runner/.m2/repository/javax/interceptor/javax.interceptor-api/1.2/javax.interceptor-api-1.2.jar:/home/runner/.m2/repository/javax/inject/javax.inject/1/javax.inject-1.jar:/home/runner/.m2/repository/javax/xml/bind/jaxb-api/2.3.0/jaxb-api-2.3.0.jar:/home/runner/.m2/repository/org/glassfish/jaxb/jaxb-runtime/2.3.0.1/jaxb-runtime-2.3.0.1.jar:/home/runner/.m2/repository/org/glassfish/jaxb/jaxb-core/2.3.0.1/jaxb-core-2.3.0.1.jar:/home/runner/.m2/repository/org/glassfish/jaxb/txw2/2.3.0.1/txw2-2.3.0.1.jar:/home/runner/.m2/repository/com/sun/istack/istack-commons-runtime/3.0.5/istack-commons-runtime-3.0.5.jar:/home/runner/.m2/repository/org/jvnet/staxex/stax-ex/1.7.8/stax-ex-1.7.8.jar:/home/runner/.m2/repository/com/sun/xml/fastinfoset/FastInfoset/1.2.13/FastInfoset-1.2.13.jar:/home/runner/.m2/repository/javax/activation/activation/1.1.1/activation-1.1.1.jar:/home/runner/.m2/repository/io/grpc/grpc-protobuf/1.44.0/grpc-protobuf-1.44.0.jar:/home/runner/.m2/repository/io/grpc/grpc-api/1.44.0/grpc-api-1.44.0.jar:/home/runner/.m2/repository/io/grpc/grpc-context/1.44.0/grpc-context-1.44.0.jar:/home/runner/.m2/repository/com/google/api/grpc/proto-google-common-protos/2.0.1/proto-google-common-protos-2.0.1.jar:/home/runner/.m2/repository/io/grpc/grpc-protobuf-lite/1.44.0/grpc-protobuf-lite-1.44.0.jar:/home/runner/.m2/repository/io/grpc/grpc-stub/1.44.0/grpc-stub-1.44.0.jar:/home/runner/.m2/repository/io/netty/netty-transport/4.1.74.Final/netty-transport-4.1.74.Final.jar:/home/runner/.m2/repository/io/netty/netty-resolver/4.1.74.Final/netty-resolver-4.1.74.Final.jar:/home/runner/.m2/repository/org/apache/ozone/ozone-csi/1.3.0-SNAPSHOT/ozone-csi-1.3.0-SNAPSHOT.jar:/home/runner/.m2/repository/com/google/protobuf/protobuf-java-util/3.19.2/protobuf-java-util-3.19.2.jar:/home/runner/.m2/repository/com/google/code/gson/gson/2.8.9/gson-2.8.9.jar:/home/runner/.m2/repository/org/apache/ozone/hdds-config/1.3.0-SNAPSHOT/hdds-config-1.3.0-SNAPSHOT.jar:/home/runner/.m2/repository/io/netty/netty-transport-native-epoll/4.1.74.Final/netty-transport-native-epoll-4.1.74.Final-linux-x86_64.jar:/home/runner/.m2/repository/io/netty/netty-transport-classes-epoll/4.1.74.Final/netty-transport-classes-epoll-4.1.74.Final.jar:/home/runner/.m2/repository/io/netty/netty-transport-native-unix-common/4.1.74.Final/netty-transport-native-unix-common-4.1.74.Final.jar:/home/runner/.m2/repository/org/apache/ozone/ozone-recon/1.3.0-SNAPSHOT/ozone-recon-1.3.0-SNAPSHOT.jar:/home/runner/.m2/repository/org/apache/ozone/ozone-reconcodegen/1.3.0-SNAPSHOT/ozone-reconcodegen-1.3.0-SNAPSHOT.jar:/home/runner/.m2/repository/com/google/inject/extensions/guice-multibindings/4.0/guice-multibindings-4.0.jar:/home/runner/.m2/repository/com/google/inject/guice/4.0/guice-4.0.jar:/home/runner/.m2/repository/aopalliance/aopalliance/1.0/aopalliance-1.0.jar:/home/runner/.m2/repository/com/google/inject/extensions/guice-assistedinject/4.0/guice-assistedinject-4.0.jar:/home/runner/.m2/repository/com/google/inject/extensions/guice-servlet/4.0/guice-servlet-4.0.jar:/home/runner/.m2/repository/org/glassfish/jersey/containers/jersey-container-servlet/2.33/jersey-container-servlet-2.33.jar:/home/runner/.m2/repository/org/glassfish/hk2/guice-bridge/2.5.0/guice-bridge-2.5.0.jar:/home/runner/.m2/repository/org/glassfish/jersey/core/jersey-server/2.33/jersey-server-2.33.jar:/home/runner/.m2/repository/org/glassfish/jersey/core/jersey-client/2.33/jersey-client-2.33.jar:/home/runner/.m2/repository/jakarta/annotation/jakarta.annotation-api/1.3.5/jakarta.annotation-api-1.3.5.jar:/home/runner/.m2/repository/jakarta/validation/jakarta.validation-api/2.0.2/jakarta.validation-api-2.0.2.jar:/home/runner/.m2/repository/org/glassfish/jersey/media/jersey-media-json-jackson/2.33/jersey-media-json-jackson-2.33.jar:/home/runner/.m2/repository/org/glassfish/jersey/ext/jersey-entity-filtering/2.33/jersey-entity-filtering-2.33.jar:/home/runner/.m2/repository/org/jooq/jooq/3.11.10/jooq-3.11.10.jar:/home/runner/.m2/repository/org/jooq/jooq-meta/3.11.10/jooq-meta-3.11.10.jar:/home/runner/.m2/repository/org/jooq/jooq-codegen/3.11.10/jooq-codegen-3.11.10.jar:/home/runner/.m2/repository/com/jolbox/bonecp/0.8.0.RELEASE/bonecp-0.8.0.RELEASE.jar:/home/runner/.m2/repository/org/apache/derby/derby/10.14.2.0/derby-10.14.2.0.jar:/home/runner/.m2/repository/org/xerial/sqlite-jdbc/3.25.2/sqlite-jdbc-3.25.2.jar:/home/runner/.m2/repository/org/springframework/spring-jdbc/5.2.20.RELEASE/spring-jdbc-5.2.20.RELEASE.jar:/home/runner/.m2/repository/org/springframework/spring-beans/5.2.20.RELEASE/spring-beans-5.2.20.RELEASE.jar:/home/runner/.m2/repository/org/springframework/spring-core/5.2.20.RELEASE/spring-core-5.2.20.RELEASE.jar:/home/runner/.m2/repository/org/springframework/spring-jcl/5.2.20.RELEASE/spring-jcl-5.2.20.RELEASE.jar:/home/runner/.m2/repository/org/springframework/spring-tx/5.2.20.RELEASE/spring-tx-5.2.20.RELEASE.jar:/home/runner/.m2/repository/org/apache/ozone/ozone-client/1.3.0-SNAPSHOT/ozone-client-1.3.0-SNAPSHOT.jar:/home/runner/.m2/repository/org/apache/ozone/hdds-erasurecode/1.3.0-SNAPSHOT/hdds-erasurecode-1.3.0-SNAPSHOT.jar:/home/runner/.m2/repository/com/github/spotbugs/spotbugs-annotations/3.1.12/spotbugs-annotations-3.1.12.jar:/home/runner/.m2/repository/org/apache/ozone/ozone-filesystem/1.3.0-SNAPSHOT/ozone-filesystem-1.3.0-SNAPSHOT.jar:/home/runner/.m2/repository/org/apache/ozone/ozone-filesystem-common/1.3.0-SNAPSHOT/ozone-filesystem-common-1.3.0-SNAPSHOT.jar:/home/runner/.m2/repository/org/apache/ozone/ozone-tools/1.3.0-SNAPSHOT/ozone-tools-1.3.0-SNAPSHOT.jar:/home/runner/.m2/repository/org/apache/ratis/ratis-tools/2.3.0/ratis-tools-2.3.0.jar:/home/runner/.m2/repository/com/amazonaws/aws-java-sdk-core/1.12.124/aws-java-sdk-core-1.12.124.jar:/home/runner/.m2/repository/org/apache/httpcomponents/httpclient/4.5.13/httpclient-4.5.13.jar:/home/runner/.m2/repository/org/apache/httpcomponents/httpcore/4.4.13/httpcore-4.4.13.jar:/home/runner/.m2/repository/software/amazon/ion/ion-java/1.0.2/ion-java-1.0.2.jar:/home/runner/.m2/repository/com/fasterxml/jackson/dataformat/jackson-dataformat-cbor/2.13.2/jackson-dataformat-cbor-2.13.2.jar:/home/runner/.m2/repository/joda-time/joda-time/2.8.1/joda-time-2.8.1.jar:/home/runner/.m2/repository/com/amazonaws/aws-java-sdk-s3/1.12.124/aws-java-sdk-s3-1.12.124.jar:/home/runner/.m2/repository/com/amazonaws/aws-java-sdk-kms/1.12.124/aws-java-sdk-kms-1.12.124.jar:/home/runner/.m2/repository/com/amazonaws/jmespath-java/1.12.124/jmespath-java-1.12.124.jar:/home/runner/.m2/repository/org/kohsuke/metainf-services/metainf-services/1.8/metainf-services-1.8.jar:/home/runner/.m2/repository/org/apache/ozone/hdds-tools/1.3.0-SNAPSHOT/hdds-tools-1.3.0-SNAPSHOT.jar:/home/runner/.m2/repository/commons-cli/commons-cli/1.2/commons-cli-1.2.jar:/home/runner/.m2/repository/org/apache/commons/commons-lang3/3.7/commons-lang3-3.7.jar:/home/runner/.m2/repository/org/apache/ozone/ozone-manager/1.3.0-SNAPSHOT/ozone-manager-1.3.0-SNAPSHOT-tests.jar:/home/runner/.m2/repository/org/apache/ozone/hdds-common/1.3.0-SNAPSHOT/hdds-common-1.3.0-SNAPSHOT-tests.jar:/home/runner/.m2/repository/org/apache/ozone/hdds-hadoop-dependency-client/1.3.0-SNAPSHOT/hdds-hadoop-dependency-client-1.3.0-SNAPSHOT.jar:/home/runner/.m2/repository/info/picocli/picocli/4.6.1/picocli-4.6.1.jar:/home/runner/.m2/repository/com/fasterxml/jackson/core/jackson-annotations/2.13.2/jackson-annotations-2.13.2.jar:/home/runner/.m2/repository/com/fasterxml/jackson/datatype/jackson-datatype-jsr310/2.13.2/jackson-datatype-jsr310-2.13.2.jar:/home/runner/.m2/repository/javax/annotation/javax.annotation-api/1.2/javax.annotation-api-1.2.jar:/home/runner/.m2/repository/org/apache/ratis/ratis-server/2.3.0/ratis-server-2.3.0.jar:/home/runner/.m2/repository/org/apache/ratis/ratis-client/2.3.0/ratis-client-2.3.0.jar:/home/runner/.m2/repository/org/apache/ratis/ratis-server-api/2.3.0/ratis-server-api-2.3.0.jar:/home/runner/.m2/repository/org/apache/ratis/ratis-metrics/2.3.0/ratis-metrics-2.3.0.jar:/home/runner/.m2/repository/org/apache/ratis/ratis-netty/2.3.0/ratis-netty-2.3.0.jar:/home/runner/.m2/repository/org/apache/ratis/ratis-grpc/2.3.0/ratis-grpc-2.3.0.jar:/home/runner/.m2/repository/org/apache/logging/log4j/log4j-api/2.17.1/log4j-api-2.17.1.jar:/home/runner/.m2/repository/org/apache/commons/commons-pool2/2.6.0/commons-pool2-2.6.0.jar:/home/runner/.m2/repository/org/bouncycastle/bcpkix-jdk15on/1.67/bcpkix-jdk15on-1.67.jar:/home/runner/.m2/repository/commons-validator/commons-validator/1.6/commons-validator-1.6.jar:/home/runner/.m2/repository/commons-beanutils/commons-beanutils/1.9.4/commons-beanutils-1.9.4.jar:/home/runner/.m2/repository/commons-digester/commons-digester/1.8.1/commons-digester-1.8.1.jar:/home/runner/.m2/repository/commons-collections/commons-collections/3.2.2/commons-collections-3.2.2.jar:/home/runner/.m2/repository/io/jaegertracing/jaeger-client/1.6.0/jaeger-client-1.6.0.jar:/home/runner/.m2/repository/io/jaegertracing/jaeger-thrift/1.6.0/jaeger-thrift-1.6.0.jar:/home/runner/.m2/repository/org/apache/thrift/libthrift/0.14.1/libthrift-0.14.1.jar:/home/runner/.m2/repository/com/squareup/okhttp3/okhttp/4.9.0/okhttp-4.9.0.jar:/home/runner/.m2/repository/com/squareup/okio/okio/2.8.0/okio-2.8.0.jar:/home/runner/.m2/repository/io/jaegertracing/jaeger-core/1.6.0/jaeger-core-1.6.0.jar:/home/runner/.m2/repository/io/jaegertracing/jaeger-tracerresolver/1.6.0/jaeger-tracerresolver-1.6.0.jar:/home/runner/.m2/repository/io/opentracing/contrib/opentracing-tracerresolver/0.1.8/opentracing-tracerresolver-0.1.8.jar:/home/runner/.m2/repository/org/jetbrains/kotlin/kotlin-stdlib/1.6.21/kotlin-stdlib-1.6.21.jar:/home/runner/.m2/repository/org/jetbrains/kotlin/kotlin-stdlib-common/1.6.21/kotlin-stdlib-common-1.6.21.jar:/home/runner/.m2/repository/org/jetbrains/annotations/13.0/annotations-13.0.jar:/home/runner/.m2/repository/io/opentracing/opentracing-util/0.33.0/opentracing-util-0.33.0.jar:/home/runner/.m2/repository/io/opentracing/opentracing-api/0.33.0/opentracing-api-0.33.0.jar:/home/runner/.m2/repository/io/opentracing/opentracing-noop/0.33.0/opentracing-noop-0.33.0.jar:/home/runner/.m2/repository/org/yaml/snakeyaml/1.26/snakeyaml-1.26.jar:/home/runner/.m2/repository/org/apache/ozone/hdds-interface-admin/1.3.0-SNAPSHOT/hdds-interface-admin-1.3.0-SNAPSHOT.jar:/home/runner/.m2/repository/junit/junit/4.13.1/junit-4.13.1.jar:/home/runner/.m2/repository/org/hamcrest/hamcrest-core/1.3/hamcrest-core-1.3.jar:/home/runner/.m2/repository/org/junit/jupiter/junit-jupiter-api/5.8.2/junit-jupiter-api-5.8.2.jar:/home/runner/.m2/repository/org/opentest4j/opentest4j/1.2.0/opentest4j-1.2.0.jar:/home/runner/.m2/repository/org/junit/platform/junit-platform-commons/1.8.2/junit-platform-commons-1.8.2.jar:/home/runner/.m2/repository/org/apiguardian/apiguardian-api/1.1.2/apiguardian-api-1.1.2.jar:/home/runner/.m2/repository/org/junit/jupiter/junit-jupiter-params/5.8.2/junit-jupiter-params-5.8.2.jar:/home/runner/.m2/repository/org/junit/jupiter/junit-jupiter-migrationsupport/5.8.2/junit-jupiter-migrationsupport-5.8.2.jar:/home/runner/.m2/repository/org/junit/jupiter/junit-jupiter-engine/5.8.2/junit-jupiter-engine-5.8.2.jar:/home/runner/.m2/repository/org/junit/platform/junit-platform-engine/1.8.2/junit-platform-engine-1.8.2.jar:/home/runner/.m2/repository/org/junit/vintage/junit-vintage-engine/5.8.2/junit-vintage-engine-5.8.2.jar:/home/runner/.m2/repository/org/junit/platform/junit-platform-launcher/1.8.2/junit-platform-launcher-1.8.2.jar:/home/runner/.m2/repository/org/mockito/mockito-core/2.28.2/mockito-core-2.28.2.jar:/home/runner/.m2/repository/net/bytebuddy/byte-buddy/1.9.10/byte-buddy-1.9.10.jar:/home/runner/.m2/repository/net/bytebuddy/byte-buddy-agent/1.9.10/byte-buddy-agent-1.9.10.jar:/home/runner/.m2/repository/org/objenesis/objenesis/1.0/objenesis-1.0.jar:/home/runner/.m2/repository/org/apache/hadoop/hadoop-kms/3.3.1/hadoop-kms-3.3.1.jar:/home/runner/.m2/repository/org/apache/hadoop/hadoop-auth/3.3.1/hadoop-auth-3.3.1.jar:/home/runner/.m2/repository/com/nimbusds/nimbus-jose-jwt/7.9/nimbus-jose-jwt-7.9.jar:/home/runner/.m2/repository/com/github/stephenc/jcip/jcip-annotations/1.0-1/jcip-annotations-1.0-1.jar:/home/runner/.m2/repository/net/minidev/json-smart/2.4.7/json-smart-2.4.7.jar:/home/runner/.m2/repository/net/minidev/accessors-smart/2.4.7/accessors-smart-2.4.7.jar:/home/runner/.m2/repository/org/ow2/asm/asm/5.0.4/asm-5.0.4.jar:/home/runner/.m2/repository/org/apache/zookeeper/zookeeper/3.5.6/zookeeper-3.5.6.jar:/home/runner/.m2/repository/org/apache/zookeeper/zookeeper-jute/3.5.6/zookeeper-jute-3.5.6.jar:/home/runner/.m2/repository/org/apache/yetus/audience-annotations/0.5.0/audience-annotations-0.5.0.jar:/home/runner/.m2/repository/org/apache/curator/curator-framework/4.2.0/curator-framework-4.2.0.jar:/home/runner/.m2/repository/org/apache/hadoop/thirdparty/hadoop-shaded-guava/1.1.1/hadoop-shaded-guava-1.1.1.jar:/home/runner/.m2/repository/com/sun/jersey/jersey-core/1.19/jersey-core-1.19.jar:/home/runner/.m2/repository/javax/ws/rs/jsr311-api/1.1.1/jsr311-api-1.1.1.jar:/home/runner/.m2/repository/com/sun/jersey/jersey-server/1.19/jersey-server-1.19.jar:/home/runner/.m2/repository/javax/servlet/javax.servlet-api/3.1.0/javax.servlet-api-3.1.0.jar:/home/runner/.m2/repository/org/eclipse/jetty/jetty-server/9.4.43.v20210629/jetty-server-9.4.43.v20210629.jar:/home/runner/.m2/repository/org/eclipse/jetty/jetty-http/9.4.43.v20210629/jetty-http-9.4.43.v20210629.jar:/home/runner/.m2/repository/org/eclipse/jetty/jetty-io/9.4.43.v20210629/jetty-io-9.4.43.v20210629.jar:/home/runner/.m2/repository/org/eclipse/jetty/jetty-webapp/9.4.43.v20210629/jetty-webapp-9.4.43.v20210629.jar:/home/runner/.m2/repository/org/eclipse/jetty/jetty-xml/9.4.43.v20210629/jetty-xml-9.4.43.v20210629.jar:/home/runner/.m2/repository/org/apache/hadoop/hadoop-common/3.3.1/hadoop-common-3.3.1.jar:/home/runner/.m2/repository/org/apache/commons/commons-math3/3.1.1/commons-math3-3.1.1.jar:/home/runner/.m2/repository/commons-net/commons-net/3.6/commons-net-3.6.jar:/home/runner/.m2/repository/com/sun/jersey/jersey-servlet/1.19/jersey-servlet-1.19.jar:/home/runner/.m2/repository/com/sun/jersey/jersey-json/1.19/jersey-json-1.19.jar:/home/runner/.m2/repository/org/codehaus/jettison/jettison/1.1/jettison-1.1.jar:/home/runner/.m2/repository/com/sun/xml/bind/jaxb-impl/2.2.3-1/jaxb-impl-2.2.3-1.jar:/home/runner/.m2/repository/org/codehaus/jackson/jackson-xc/1.9.2/jackson-xc-1.9.2.jar:/home/runner/.m2/repository/org/apache/commons/commons-configuration2/2.1.1/commons-configuration2-2.1.1.jar:/home/runner/.m2/repository/org/apache/commons/commons-text/1.4/commons-text-1.4.jar:/home/runner/.m2/repository/com/google/re2j/re2j/1.1/re2j-1.1.jar:/home/runner/.m2/repository/com/jcraft/jsch/0.1.54/jsch-0.1.54.jar:/home/runner/.m2/repository/org/apache/curator/curator-client/4.2.0/curator-client-4.2.0.jar:/home/runner/.m2/repository/org/apache/curator/curator-recipes/4.2.0/curator-recipes-4.2.0.jar:/home/runner/.m2/repository/org/apache/kerby/kerb-core/1.0.1/kerb-core-1.0.1.jar:/home/runner/.m2/repository/org/apache/kerby/kerby-pkix/1.0.1/kerby-pkix-1.0.1.jar:/home/runner/.m2/repository/org/apache/kerby/kerby-asn1/1.0.1/kerby-asn1-1.0.1.jar:/home/runner/.m2/repository/org/apache/kerby/kerby-util/1.0.1/kerby-util-1.0.1.jar:/home/runner/.m2/repository/dnsjava/dnsjava/2.1.7/dnsjava-2.1.7.jar:/home/runner/.m2/repository/org/xerial/snappy/snappy-java/1.1.8.2/snappy-java-1.1.8.2.jar:/home/runner/.m2/repository/org/slf4j/jul-to-slf4j/1.7.30/jul-to-slf4j-1.7.30.jar:/home/runner/.m2/repository/org/eclipse/jetty/jetty-util/9.4.43.v20210629/jetty-util-9.4.43.v20210629.jar:/home/runner/.m2/repository/com/fasterxml/jackson/core/jackson-databind/2.13.2.2/jackson-databind-2.13.2.2.jar:/home/runner/.m2/repository/org/apache/hadoop/hadoop-kms/3.3.1/hadoop-kms-3.3.1-tests.jar:/home/runner/.m2/repository/org/apache/ozone/hdds-server-scm/1.3.0-SNAPSHOT/hdds-server-scm-1.3.0-SNAPSHOT-tests.jar:/home/runner/.m2/repository/org/apache/ozone/hdds-container-service/1.3.0-SNAPSHOT/hdds-container-service-1.3.0-SNAPSHOT-tests.jar:/home/runner/.m2/repository/commons-codec/commons-codec/1.11/commons-codec-1.11.jar:/home/runner/.m2/repository/io/netty/netty-codec/4.1.74.Final/netty-codec-4.1.74.Final.jar:/home/runner/.m2/repository/io/netty/netty-handler/4.1.74.Final/netty-handler-4.1.74.Final.jar:/home/runner/.m2/repository/org/apache/ozone/hdds-hadoop-dependency-test/1.3.0-SNAPSHOT/hdds-hadoop-dependency-test-1.3.0-SNAPSHOT.jar:/home/runner/.m2/repository/org/apache/hadoop/hadoop-common/3.3.1/hadoop-common-3.3.1-tests.jar:/home/runner/.m2/repository/org/assertj/assertj-core/3.12.2/assertj-core-3.12.2.jar:/home/runner/.m2/repository/org/apache/hadoop/hadoop-hdfs/3.3.1/hadoop-hdfs-3.3.1-tests.jar:/home/runner/.m2/repository/org/eclipse/jetty/jetty-util-ajax/9.4.43.v20210629/jetty-util-ajax-9.4.43.v20210629.jar:/home/runner/.m2/repository/commons-daemon/commons-daemon/1.0.13/commons-daemon-1.0.13.jar:/home/runner/.m2/repository/io/netty/netty/3.10.6.Final/netty-3.10.6.Final.jar:/home/runner/.m2/repository/io/netty/netty-all/4.1.74.Final/netty-all-4.1.74.Final.jar:/home/runner/.m2/repository/io/netty/netty-codec-dns/4.1.74.Final/netty-codec-dns-4.1.74.Final.jar:/home/runner/.m2/repository/io/netty/netty-codec-haproxy/4.1.74.Final/netty-codec-haproxy-4.1.74.Final.jar:/home/runner/.m2/repository/io/netty/netty-codec-memcache/4.1.74.Final/netty-codec-memcache-4.1.74.Final.jar:/home/runner/.m2/repository/io/netty/netty-codec-mqtt/4.1.74.Final/netty-codec-mqtt-4.1.74.Final.jar:/home/runner/.m2/repository/io/netty/netty-codec-redis/4.1.74.Final/netty-codec-redis-4.1.74.Final.jar:/home/runner/.m2/repository/io/netty/netty-codec-smtp/4.1.74.Final/netty-codec-smtp-4.1.74.Final.jar:/home/runner/.m2/repository/io/netty/netty-codec-stomp/4.1.74.Final/netty-codec-stomp-4.1.74.Final.jar:/home/runner/.m2/repository/io/netty/netty-codec-xml/4.1.74.Final/netty-codec-xml-4.1.74.Final.jar:/home/runner/.m2/repository/io/netty/netty-resolver-dns/4.1.74.Final/netty-resolver-dns-4.1.74.Final.jar:/home/runner/.m2/repository/io/netty/netty-transport-rxtx/4.1.74.Final/netty-transport-rxtx-4.1.74.Final.jar:/home/runner/.m2/repository/io/netty/netty-transport-sctp/4.1.74.Final/netty-transport-sctp-4.1.74.Final.jar:/home/runner/.m2/repository/io/netty/netty-transport-udt/4.1.74.Final/netty-transport-udt-4.1.74.Final.jar:/home/runner/.m2/repository/io/netty/netty-transport-classes-kqueue/4.1.74.Final/netty-transport-classes-kqueue-4.1.74.Final.jar:/home/runner/.m2/repository/io/netty/netty-resolver-dns-classes-macos/4.1.74.Final/netty-resolver-dns-classes-macos-4.1.74.Final.jar:/home/runner/.m2/repository/io/netty/netty-transport-native-epoll/4.1.74.Final/netty-transport-native-epoll-4.1.74.Final-linux-aarch_64.jar:/home/runner/.m2/repository/io/netty/netty-transport-native-kqueue/4.1.74.Final/netty-transport-native-kqueue-4.1.74.Final-osx-x86_64.jar:/home/runner/.m2/repository/io/netty/netty-transport-native-kqueue/4.1.74.Final/netty-transport-native-kqueue-4.1.74.Final-osx-aarch_64.jar:/home/runner/.m2/repository/io/netty/netty-resolver-dns-native-macos/4.1.74.Final/netty-resolver-dns-native-macos-4.1.74.Final-osx-x86_64.jar:/home/runner/.m2/repository/io/netty/netty-resolver-dns-native-macos/4.1.74.Final/netty-resolver-dns-native-macos-4.1.74.Final-osx-aarch_64.jar:/home/runner/.m2/repository/org/apache/htrace/htrace-core4/4.1.0-incubating/htrace-core4-4.1.0-incubating.jar:/home/runner/.m2/repository/org/fusesource/leveldbjni/leveldbjni-all/1.8/leveldbjni-all-1.8.jar:/home/runner/.m2/repository/org/apache/hadoop/hadoop-distcp/3.3.1/hadoop-distcp-3.3.1.jar:/home/runner/.m2/repository/org/apache/hadoop/hadoop-mapreduce-client-jobclient/3.3.1/hadoop-mapreduce-client-jobclient-3.3.1.jar:/home/runner/.m2/repository/org/apache/hadoop/hadoop-mapreduce-client-common/3.3.1/hadoop-mapreduce-client-common-3.3.1.jar:/home/runner/.m2/repository/org/apache/hadoop/hadoop-yarn-common/3.3.1/hadoop-yarn-common-3.3.1.jar:/home/runner/.m2/repository/org/apache/hadoop/hadoop-yarn-api/3.3.1/hadoop-yarn-api-3.3.1.jar:/home/runner/.m2/repository/com/sun/jersey/contribs/jersey-guice/1.19/jersey-guice-1.19.jar:/home/runner/.m2/repository/com/fasterxml/jackson/jaxrs/jackson-jaxrs-json-provider/2.13.2/jackson-jaxrs-json-provider-2.13.2.jar:/home/runner/.m2/repository/com/fasterxml/jackson/jaxrs/jackson-jaxrs-base/2.13.2/jackson-jaxrs-base-2.13.2.jar:/home/runner/.m2/repository/org/apache/hadoop/hadoop-yarn-client/3.3.1/hadoop-yarn-client-3.3.1.jar:/home/runner/.m2/repository/org/eclipse/jetty/websocket/websocket-client/9.4.40.v20210413/websocket-client-9.4.40.v20210413.jar:/home/runner/.m2/repository/org/eclipse/jetty/websocket/websocket-common/9.4.40.v20210413/websocket-common-9.4.40.v20210413.jar:/home/runner/.m2/repository/org/eclipse/jetty/websocket/websocket-api/9.4.40.v20210413/websocket-api-9.4.40.v20210413.jar:/home/runner/.m2/repository/org/jline/jline/3.9.0/jline-3.9.0.jar:/home/runner/.m2/repository/org/apache/hadoop/hadoop-mapreduce-client-core/3.3.1/hadoop-mapreduce-client-core-3.3.1.jar:/home/runner/.m2/repository/org/apache/avro/avro/1.7.7/avro-1.7.7.jar:/home/runner/.m2/repository/org/codehaus/jackson/jackson-core-asl/1.9.13/jackson-core-asl-1.9.13.jar:/home/runner/.m2/repository/org/codehaus/jackson/jackson-mapper-asl/1.9.13/jackson-mapper-asl-1.9.13.jar:/home/runner/.m2/repository/com/thoughtworks/paranamer/paranamer/2.3/paranamer-2.3.jar:/home/runner/.m2/repository/org/apache/hadoop/hadoop-annotations/3.3.1/hadoop-annotations-3.3.1.jar:/usr/lib/jvm/temurin-8-jdk-amd64/jre/../lib/tools.jar:/home/runner/.m2/repository/org/apache/hadoop/hadoop-distcp/3.3.1/hadoop-distcp-3.3.1-tests.jar:/home/runner/.m2/repository/org/apache/ratis/ratis-common/2.3.0/ratis-common-2.3.0.jar:/home/runner/.m2/repository/org/apache/ratis/ratis-thirdparty-misc/1.0.0/ratis-thirdparty-misc-1.0.0.jar:/home/runner/.m2/repository/org/apache/ratis/ratis-proto/2.3.0/ratis-proto-2.3.0.jar:/home/runner/.m2/repository/org/apache/ozone/ozone-annotation-processing/1.3.0-SNAPSHOT/ozone-annotation-processing-1.3.0-SNAPSHOT.jar:"/>
    <property name="sun.cpu.endian" value="little"/>
    <property name="user.home" value="/home/runner"/>
    <property name="user.language" value="en"/>
    <property name="java.specification.vendor" value="Oracle Corporation"/>
    <property name="java.home" value="/usr/lib/jvm/temurin-8-jdk-amd64/jre"/>
    <property name="java.security.krb5.conf" value="/home/runner/work/ozone/ozone/hadoop-ozone/integration-test/target/test-classes/krb5.conf"/>
    <property name="basedir" value="/home/runner/work/ozone/ozone/hadoop-ozone/integration-test"/>
    <property name="file.separator" value="/"/>
    <property name="line.separator" value="&#10;"/>
    <property name="java.vm.specification.vendor" value="Oracle Corporation"/>
    <property name="java.specification.name" value="Java Platform API Specification"/>
    <property name="java.awt.graphicsenv" value="sun.awt.X11GraphicsEnvironment"/>
    <property name="skip.installnpx" value="true"/>
    <property name="surefire.real.class.path" value="/home/runner/work/ozone/ozone/hadoop-ozone/integration-test/target/surefire/surefirebooter1584538783882823799.jar:/home/runner/.m2/repository/org/jacoco/org.jacoco.agent/0.8.5/org.jacoco.agent-0.8.5-runtime.jar"/>
    <property name="hadoop.log.dir" value="/home/runner/work/ozone/ozone/hadoop-ozone/integration-test/target/log"/>
    <property name="sun.boot.class.path" value="/usr/lib/jvm/temurin-8-jdk-amd64/jre/lib/resources.jar:/usr/lib/jvm/temurin-8-jdk-amd64/jre/lib/rt.jar:/usr/lib/jvm/temurin-8-jdk-amd64/jre/lib/sunrsasign.jar:/usr/lib/jvm/temurin-8-jdk-amd64/jre/lib/jsse.jar:/usr/lib/jvm/temurin-8-jdk-amd64/jre/lib/jce.jar:/usr/lib/jvm/temurin-8-jdk-amd64/jre/lib/charsets.jar:/usr/lib/jvm/temurin-8-jdk-amd64/jre/lib/jfr.jar:/usr/lib/jvm/temurin-8-jdk-amd64/jre/classes"/>
    <property name="sun.management.compiler" value="HotSpot 64-Bit Tiered Compilers"/>
    <property name="skip.npx" value="true"/>
    <property name="java.runtime.version" value="1.8.0_332-b09"/>
    <property name="java.net.preferIPv4Stack" value="true"/>
    <property name="user.name" value="runner"/>
    <property name="path.separator" value=":"/>
    <property name="java.security.egd" value="file:///dev/urandom"/>
    <property name="os.version" value="5.4.0-1085-azure"/>
    <property name="java.endorsed.dirs" value="/usr/lib/jvm/temurin-8-jdk-amd64/jre/lib/endorsed"/>
    <property name="java.runtime.name" value="OpenJDK Runtime Environment"/>
    <property name="file.encoding" value="UTF-8"/>
    <property name="java.vm.name" value="OpenJDK 64-Bit Server VM"/>
    <property name="test.build.webapps" value=""/>
    <property name="localRepository" value="/home/runner/.m2/repository"/>
    <property name="jetty.git.hash" value="526006ecfa3af7f1a27ef3a288e2bef7ea9dd7e8"/>
    <property name="java.vendor.url.bug" value="https://github.com/adoptium/adoptium-support/issues"/>
    <property name="java.io.tmpdir" value="/tmp"/>
    <property name="require.test.libhadoop" value=""/>
    <property name="java.version" value="1.8.0_332"/>
    <property name="user.dir" value="/home/runner/work/ozone/ozone/hadoop-ozone/integration-test"/>
    <property name="os.arch" value="amd64"/>
    <property name="java.vm.specification.name" value="Java Virtual Machine Specification"/>
    <property name="test.build.classes" value="/home/runner/work/ozone/ozone/hadoop-ozone/integration-test/target/test-classes"/>
    <property name="java.awt.printerjob" value="sun.print.PSPrinterJob"/>
    <property name="sun.os.patch.level" value="unknown"/>
    <property name="hadoop.tmp.dir" value="/home/runner/work/ozone/ozone/hadoop-ozone/integration-test/target/tmp"/>
    <property name="java.library.path" value="/usr/java/packages/lib/amd64:/usr/lib64:/lib64:/lib:/usr/lib"/>
    <property name="java.vm.info" value="mixed mode"/>
    <property name="java.vendor" value="Temurin"/>
    <property name="java.vm.version" value="25.332-b09"/>
    <property name="java.ext.dirs" value="/usr/lib/jvm/temurin-8-jdk-amd64/jre/lib/ext:/usr/java/packages/lib/ext"/>
    <property name="sun.io.unicode.encoding" value="UnicodeLittle"/>
    <property name="java.class.version" value="52.0"/>
  </properties>
  <testcase name="bucketUsedBytesOverWrite(BucketLayout)[1]" classname="org.apache.hadoop.ozone.client.rpc.TestOzoneRpcClient" time="0.854">
    <system-out><![CDATA[2022-06-24 01:38:48,781 [main] WARN  server.ServerUtils (ServerUtils.java:getScmDbDir(148)) - ozone.scm.db.dirs is not configured. We recommend adding this setting. Falling back to ozone.metadata.dirs instead.
2022-06-24 01:38:48,889 [main] WARN  server.ServerUtils (ServerUtils.java:getScmDbDir(148)) - ozone.scm.db.dirs is not configured. We recommend adding this setting. Falling back to ozone.metadata.dirs instead.
2022-06-24 01:38:48,893 [main] INFO  ha.SCMHANodeDetails (SCMHANodeDetails.java:loadSCMHAConfig(209)) - ServiceID for StorageContainerManager is null
2022-06-24 01:38:48,907 [main] WARN  ha.SCMHANodeDetails (SCMHANodeDetails.java:validateSCMHAConfig(182)) - Invalid config ozone.scm.ratis.enable. The config was not specified, but the default value true conflicts with the expected config value false. Falling back to the expected value. Current State of SCM: SCM is running in Non-HA without Ratis Ratis SCM -> Non Ratis SCM or Non HA SCM -> HA SCM is not supported
2022-06-24 01:38:48,909 [main] INFO  ha.SCMHANodeDetails (SCMHANodeDetails.java:loadSCMHAConfig(214)) - ozone.scm.default.service.id is not defined, falling back to ozone.scm.service.ids to find serviceID for StorageContainerManager if it is HA enabled cluster
2022-06-24 01:38:49,641 [main] WARN  utils.HAUtils (HAUtils.java:getMetaDir(342)) - ozone.scm.db.dirs is not configured. We recommend adding this setting. Falling back to ozone.metadata.dirs instead.
2022-06-24 01:38:49,788 [main] WARN  db.DBStoreBuilder (DBStoreBuilder.java:applyDBDefinition(145)) - ozone.scm.db.dirs is not configured. We recommend adding this setting. Falling back to ozone.metadata.dirs instead.
2022-06-24 01:38:50,043 [main] INFO  net.NodeSchemaLoader (NodeSchemaLoader.java:loadSchemaFromFile(129)) - Loading schema from [jar:file:/home/runner/.m2/repository/org/apache/ozone/hdds-common/1.3.0-SNAPSHOT/hdds-common-1.3.0-SNAPSHOT.jar!/network-topology-default.xml]
2022-06-24 01:38:50,045 [main] INFO  net.NodeSchemaLoader (NodeSchemaLoader.java:loadSchema(176)) - Loading network topology layer schema file
2022-06-24 01:38:50,099 [main] INFO  metrics.MetricRegistries (MetricRegistriesLoader.java:load(64)) - Loaded MetricRegistries class org.apache.ratis.metrics.impl.MetricRegistriesImpl
2022-06-24 01:38:50,106 [main] INFO  upgrade.AbstractLayoutVersionManager (AbstractLayoutVersionManager.java:init(82)) - Initializing Layout version manager with metadata layout = DATANODE_SCHEMA_V3 (version = 4), software layout = DATANODE_SCHEMA_V3 (version = 4)
2022-06-24 01:38:50,417 [main] INFO  reflections.Reflections (Reflections.java:scan(232)) - Reflections took 187 ms to scan 7 urls, producing 131 keys and 316 values 
2022-06-24 01:38:50,526 [main] INFO  ha.SequenceIdGenerator (SequenceIdGenerator.java:upgradeToSequenceId(347)) - upgrade localId to 109611004723200000
2022-06-24 01:38:50,527 [main] INFO  ha.SequenceIdGenerator (SequenceIdGenerator.java:upgradeToSequenceId(357)) - upgrade delTxnId to 0
2022-06-24 01:38:50,531 [main] INFO  ha.SequenceIdGenerator (SequenceIdGenerator.java:upgradeToSequenceId(374)) - upgrade containerId to 0
2022-06-24 01:38:50,538 [main] INFO  ha.SequenceIdGenerator (SequenceIdGenerator.java:<init>(218)) - Init the HA SequenceIdGenerator.
2022-06-24 01:38:50,607 [main] INFO  node.SCMNodeManager (SCMNodeManager.java:<init>(149)) - Entering startup safe mode.
2022-06-24 01:38:50,711 [main] INFO  algorithms.ContainerPlacementPolicyFactory (ContainerPlacementPolicyFactory.java:getPolicyInternal(86)) - Create container placement policy of type org.apache.hadoop.hdds.scm.container.placement.algorithms.SCMContainerPlacementRandom
2022-06-24 01:38:50,722 [main] INFO  pipeline.PipelineStateManagerImpl (PipelineStateManagerImpl.java:initialize(78)) - No pipeline exists in current db
2022-06-24 01:38:50,764 [main] INFO  algorithms.LeaderChoosePolicyFactory (LeaderChoosePolicyFactory.java:getPolicy(57)) - Create leader choose policy of type org.apache.hadoop.hdds.scm.pipeline.leader.choose.algorithms.MinLeaderCountChoosePolicy
2022-06-24 01:38:50,764 [main] INFO  algorithms.ContainerPlacementPolicyFactory (ContainerPlacementPolicyFactory.java:getPolicyInternal(86)) - Create container placement policy of type org.apache.hadoop.hdds.scm.container.placement.algorithms.SCMContainerPlacementRackScatter
2022-06-24 01:38:50,775 [main] INFO  pipeline.BackgroundPipelineCreator (BackgroundPipelineCreator.java:start(127)) - Starting RatisPipelineUtilsThread.
2022-06-24 01:38:50,780 [main] INFO  BackgroundPipelineScrubber (BackgroundSCMService.java:start(68)) - Starting BackgroundPipelineScrubber Service.
2022-06-24 01:38:50,781 [main] INFO  ha.SCMServiceManager (SCMServiceManager.java:register(42)) - Registering service BackgroundPipelineCreator.
2022-06-24 01:38:50,781 [main] INFO  ha.SCMServiceManager (SCMServiceManager.java:register(42)) - Registering service BackgroundPipelineScrubber.
2022-06-24 01:38:50,789 [main] INFO  ExpiredContainerReplicaOpScrubber (BackgroundSCMService.java:start(68)) - Starting ExpiredContainerReplicaOpScrubber Service.
2022-06-24 01:38:50,789 [main] INFO  ha.SCMServiceManager (SCMServiceManager.java:register(42)) - Registering service ExpiredContainerReplicaOpScrubber.
2022-06-24 01:38:50,824 [main] INFO  algorithms.PipelineChoosePolicyFactory (PipelineChoosePolicyFactory.java:createPipelineChoosePolicyFromClass(73)) - Create pipeline choose policy of type org.apache.hadoop.hdds.scm.pipeline.choose.algorithms.RandomPipelineChoosePolicy
2022-06-24 01:38:50,849 [main] INFO  ha.SCMServiceManager (SCMServiceManager.java:register(42)) - Registering service SCMBlockDeletingService.
2022-06-24 01:38:50,894 [main] INFO  ha.SCMServiceManager (SCMServiceManager.java:register(42)) - Registering service ReplicationManager.
2022-06-24 01:38:50,894 [main] INFO  replication.ReplicationManager (ReplicationManager.java:start(179)) - Starting Replication Monitor Thread.
2022-06-24 01:38:50,905 [ReplicationMonitor] INFO  replication.ReplicationManager (ReplicationManager.java:processAll(228)) - Replication Manager is not ready to run until 3000ms after safemode exit
2022-06-24 01:38:50,913 [main] INFO  safemode.ContainerSafeModeRule (ContainerSafeModeRule.java:<init>(89)) - containers with one replica threshold count 0
2022-06-24 01:38:50,924 [main] INFO  safemode.HealthyPipelineSafeModeRule (HealthyPipelineSafeModeRule.java:initializeRule(156)) - Total pipeline count is 0, healthy pipeline threshold count is 1
2022-06-24 01:38:50,928 [main] INFO  safemode.OneReplicaPipelineSafeModeRule (OneReplicaPipelineSafeModeRule.java:initializeRule(180)) - Total pipeline count is 0, pipeline's with at least one datanode reported threshold count is 0
2022-06-24 01:38:51,322 [main] INFO  audit.AuditLogger (AuditLogger.java:refreshDebugCmdSet(120)) - Refresh DebugCmdSet for SCMAudit to [].
2022-06-24 01:38:51,359 [main] INFO  ipc.CallQueueManager (CallQueueManager.java:<init>(90)) - Using callQueue: class java.util.concurrent.LinkedBlockingQueue, queueCapacity: 2000, scheduler: class org.apache.hadoop.ipc.DefaultRpcScheduler, ipcBackoff: false.
2022-06-24 01:38:51,418 [Socket Reader #1 for port 0] INFO  ipc.Server (Server.java:run(1265)) - Starting Socket Reader #1 for port 0
2022-06-24 01:38:51,486 [Listener at 0.0.0.0/38449] INFO  audit.AuditLogger (AuditLogger.java:refreshDebugCmdSet(120)) - Refresh DebugCmdSet for SCMAudit to [].
2022-06-24 01:38:51,493 [Listener at 0.0.0.0/38449] INFO  ipc.CallQueueManager (CallQueueManager.java:<init>(90)) - Using callQueue: class java.util.concurrent.LinkedBlockingQueue, queueCapacity: 2000, scheduler: class org.apache.hadoop.ipc.DefaultRpcScheduler, ipcBackoff: false.
2022-06-24 01:38:51,494 [Socket Reader #1 for port 0] INFO  ipc.Server (Server.java:run(1265)) - Starting Socket Reader #1 for port 0
2022-06-24 01:38:51,530 [Listener at 0.0.0.0/44843] INFO  audit.AuditLogger (AuditLogger.java:refreshDebugCmdSet(120)) - Refresh DebugCmdSet for SCMAudit to [].
2022-06-24 01:38:51,543 [Listener at 0.0.0.0/44843] INFO  ipc.CallQueueManager (CallQueueManager.java:<init>(90)) - Using callQueue: class java.util.concurrent.LinkedBlockingQueue, queueCapacity: 2000, scheduler: class org.apache.hadoop.ipc.DefaultRpcScheduler, ipcBackoff: false.
2022-06-24 01:38:51,546 [Socket Reader #1 for port 0] INFO  ipc.Server (Server.java:run(1265)) - Starting Socket Reader #1 for port 0
2022-06-24 01:38:51,626 [Listener at 0.0.0.0/45617] INFO  ha.SCMServiceManager (SCMServiceManager.java:register(42)) - Registering service ContainerBalancer.
2022-06-24 01:38:51,627 [Listener at 0.0.0.0/45617] INFO  server.StorageContainerManager (StorageContainerManager.java:<init>(400)) - 
Container Balancer status:
Key                            Value
Running                        false
Container Balancer Configuration values:
Key                                                Value
Threshold                                          10
Max Datanodes to Involve per Iteration(percent)    20
Max Size to Move per Iteration                     500GB
Max Size Entering Target per Iteration             26GB
Max Size Leaving Source per Iteration              26GB

2022-06-24 01:38:51,627 [Listener at 0.0.0.0/45617] WARN  events.EventQueue (EventQueue.java:fireEvent(216)) - No event handler registered for event TypedEvent{payloadType=SafeModeStatus, name='Safe mode status'}
2022-06-24 01:38:51,628 [Listener at 0.0.0.0/45617] INFO  ha.SCMContext (SCMContext.java:updateSafeModeStatus(228)) - Update SafeModeStatus from SafeModeStatus{safeModeStatus=true, preCheckPassed=false} to SafeModeStatus{safeModeStatus=true, preCheckPassed=false}.
2022-06-24 01:38:51,636 [Listener at 0.0.0.0/45617] INFO  server.StorageContainerManager (StorageContainerManager.java:start(1418)) - StorageContainerLocationProtocol RPC server is listening at /0.0.0.0:45617
2022-06-24 01:38:51,820 [Listener at 0.0.0.0/45617] WARN  impl.MetricsConfig (MetricsConfig.java:loadFirst(136)) - Cannot locate configuration: tried hadoop-metrics2-storagecontainermanager.properties,hadoop-metrics2.properties
2022-06-24 01:38:51,844 [Listener at 0.0.0.0/45617] INFO  impl.MetricsSystemImpl (MetricsSystemImpl.java:startTimer(378)) - Scheduled Metric snapshot period at 10 second(s).
2022-06-24 01:38:51,845 [Listener at 0.0.0.0/45617] INFO  impl.MetricsSystemImpl (MetricsSystemImpl.java:start(191)) - StorageContainerManager metrics system started
2022-06-24 01:38:52,137 [Listener at 0.0.0.0/45617] INFO  server.SCMClientProtocolServer (SCMClientProtocolServer.java:start(169)) - RPC server for Client  is listening at /0.0.0.0:45617
2022-06-24 01:38:52,140 [IPC Server Responder] INFO  ipc.Server (Server.java:run(1507)) - IPC Server Responder: starting
2022-06-24 01:38:52,142 [IPC Server listener on 0] INFO  ipc.Server (Server.java:run(1344)) - IPC Server listener on 0: starting
2022-06-24 01:38:52,163 [Listener at 0.0.0.0/45617] INFO  server.StorageContainerManager (StorageContainerManager.java:start(1433)) - ScmBlockLocationProtocol RPC server is listening at /0.0.0.0:44843
2022-06-24 01:38:52,164 [Listener at 0.0.0.0/45617] INFO  server.SCMBlockProtocolServer (SCMBlockProtocolServer.java:start(151)) - RPC server for Block Protocol is listening at /0.0.0.0:44843
2022-06-24 01:38:52,165 [IPC Server Responder] INFO  ipc.Server (Server.java:run(1507)) - IPC Server Responder: starting
2022-06-24 01:38:52,166 [IPC Server listener on 0] INFO  ipc.Server (Server.java:run(1344)) - IPC Server listener on 0: starting
2022-06-24 01:38:52,171 [Listener at 0.0.0.0/45617] INFO  server.SCMDatanodeProtocolServer (SCMDatanodeProtocolServer.java:start(183)) - ScmDatanodeProtocol RPC server for DataNodes is listening at /0.0.0.0:38449
2022-06-24 01:38:52,172 [IPC Server Responder] INFO  ipc.Server (Server.java:run(1507)) - IPC Server Responder: starting
2022-06-24 01:38:52,172 [IPC Server listener on 0] INFO  ipc.Server (Server.java:run(1344)) - IPC Server listener on 0: starting
2022-06-24 01:38:52,211 [org.apache.hadoop.util.JvmPauseMonitor$Monitor@7f97e963] INFO  util.JvmPauseMonitor (JvmPauseMonitor.java:run(188)) - Starting JVM pause monitor
2022-06-24 01:38:52,222 [Listener at 0.0.0.0/45617] INFO  http.BaseHttpServer (BaseHttpServer.java:newHttpServer2BuilderForOzone(209)) - Starting Web-server for scm at: http://0.0.0.0:0
2022-06-24 01:38:52,226 [Listener at 0.0.0.0/45617] INFO  http.BaseHttpServer (BaseHttpServer.java:<init>(107)) - Hadoop Security Enabled: false Ozone Security Enabled: false Ozone HTTP Security Enabled: false 
2022-06-24 01:38:52,264 [Listener at 0.0.0.0/45617] INFO  util.log (Log.java:initialized(170)) - Logging initialized @5697ms to org.eclipse.jetty.util.log.Slf4jLog
2022-06-24 01:38:52,407 [Listener at 0.0.0.0/45617] INFO  server.AuthenticationFilter (AuthenticationFilter.java:constructSecretProvider(240)) - Unable to initialize FileSignerSecretProvider, falling back to use random secrets.
2022-06-24 01:38:52,415 [Listener at 0.0.0.0/45617] WARN  http.HttpRequestLog (HttpRequestLog.java:getRequestLog(103)) - Jetty request log can only be enabled using Log4j
2022-06-24 01:38:52,426 [Listener at 0.0.0.0/45617] INFO  http.HttpServer2 (HttpServer2.java:addGlobalFilter(1029)) - Added global filter 'safety' (class=org.apache.hadoop.hdds.server.http.HttpServer2$QuotingInputFilter)
2022-06-24 01:38:52,430 [Listener at 0.0.0.0/45617] INFO  http.HttpServer2 (HttpServer2.java:addFilter(1005)) - Added filter static_user_filter (class=org.apache.hadoop.http.lib.StaticUserWebFilter$StaticUserFilter) to context scm
2022-06-24 01:38:52,431 [Listener at 0.0.0.0/45617] INFO  http.HttpServer2 (HttpServer2.java:addFilter(1013)) - Added filter static_user_filter (class=org.apache.hadoop.http.lib.StaticUserWebFilter$StaticUserFilter) to context logs
2022-06-24 01:38:52,431 [Listener at 0.0.0.0/45617] INFO  http.HttpServer2 (HttpServer2.java:addFilter(1013)) - Added filter static_user_filter (class=org.apache.hadoop.http.lib.StaticUserWebFilter$StaticUserFilter) to context static
2022-06-24 01:38:52,483 [Listener at 0.0.0.0/45617] INFO  http.HttpServer2 (HttpServer2.java:bindListener(1248)) - Jetty bound to port 44409
2022-06-24 01:38:52,485 [Listener at 0.0.0.0/45617] INFO  server.Server (Server.java:doStart(375)) - jetty-9.4.43.v20210629; built: 2021-06-30T11:07:22.254Z; git: 526006ecfa3af7f1a27ef3a288e2bef7ea9dd7e8; jvm 1.8.0_332-b09
2022-06-24 01:38:52,526 [Listener at 0.0.0.0/45617] INFO  server.session (DefaultSessionIdManager.java:doStart(334)) - DefaultSessionIdManager workerName=node0
2022-06-24 01:38:52,526 [Listener at 0.0.0.0/45617] INFO  server.session (DefaultSessionIdManager.java:doStart(339)) - No SessionScavenger set, using defaults
2022-06-24 01:38:52,528 [Listener at 0.0.0.0/45617] INFO  server.session (HouseKeeper.java:startScavenging(132)) - node0 Scavenging every 600000ms
2022-06-24 01:38:52,543 [Listener at 0.0.0.0/45617] INFO  handler.ContextHandler (ContextHandler.java:doStart(915)) - Started o.e.j.s.ServletContextHandler@a1c4f69{logs,/logs,file:///home/runner/work/ozone/ozone/hadoop-ozone/integration-test/target/log,AVAILABLE}
2022-06-24 01:38:52,544 [Listener at 0.0.0.0/45617] INFO  handler.ContextHandler (ContextHandler.java:doStart(915)) - Started o.e.j.s.ServletContextHandler@44bb6856{static,/static,file:///home/runner/work/ozone/ozone/hadoop-ozone/integration-test/target/test-classes/webapps/static,AVAILABLE}
2022-06-24 01:38:52,595 [Listener at 0.0.0.0/45617] INFO  handler.ContextHandler (ContextHandler.java:doStart(915)) - Started o.e.j.w.WebAppContext@381d7c4c{scm,/,file:///home/runner/work/ozone/ozone/hadoop-ozone/integration-test/target/test-classes/webapps/scm/,AVAILABLE}{file:/home/runner/work/ozone/ozone/hadoop-ozone/integration-test/target/test-classes/webapps/scm}
2022-06-24 01:38:52,608 [Listener at 0.0.0.0/45617] INFO  server.AbstractConnector (AbstractConnector.java:doStart(331)) - Started ServerConnector@49314684{HTTP/1.1, (http/1.1)}{0.0.0.0:44409}
2022-06-24 01:38:52,609 [Listener at 0.0.0.0/45617] INFO  server.Server (Server.java:doStart(415)) - Started @6043ms
2022-06-24 01:38:52,611 [Listener at 0.0.0.0/45617] INFO  impl.MetricsSinkAdapter (MetricsSinkAdapter.java:start(204)) - Sink prometheus started
2022-06-24 01:38:52,612 [Listener at 0.0.0.0/45617] INFO  impl.MetricsSystemImpl (MetricsSystemImpl.java:registerSink(305)) - Registered sink prometheus
2022-06-24 01:38:52,613 [Listener at 0.0.0.0/45617] INFO  http.BaseHttpServer (BaseHttpServer.java:updateConnectorAddress(329)) - HTTP server of scm listening at http://0.0.0.0:44409
2022-06-24 01:38:52,615 [Listener at 0.0.0.0/45617] WARN  server.ServerUtils (ServerUtils.java:getDBPath(225)) - ozone.om.db.dirs is not configured. We recommend adding this setting. Falling back to ozone.metadata.dirs instead.
2022-06-24 01:38:52,661 [Listener at 0.0.0.0/45617] INFO  audit.AuditLogger (AuditLogger.java:refreshDebugCmdSet(120)) - Refresh DebugCmdSet for OMAudit to [].
2022-06-24 01:38:52,777 [Listener at 0.0.0.0/45617] INFO  ha.OMHANodeDetails (OMHANodeDetails.java:loadOMHAConfig(115)) - ozone.om.internal.service.id is not defined, falling back to ozone.om.service.ids to find serviceID for OzoneManager if it is HA enabled cluster
2022-06-24 01:38:52,780 [Listener at 0.0.0.0/45617] INFO  ha.OMHANodeDetails (OMHANodeDetails.java:loadOMHAConfig(226)) - Configuration does not have ozone.om.address set. Falling back to the default OM address /127.0.0.1:0
2022-06-24 01:38:52,780 [Listener at 0.0.0.0/45617] INFO  ha.OMHANodeDetails (OMHANodeDetails.java:getOMNodeDetailsForNonHA(254)) - OM Service ID is not set. Setting it to the default ID: omServiceIdDefault
2022-06-24 01:38:52,781 [Listener at 0.0.0.0/45617] INFO  ha.OMHANodeDetails (OMHANodeDetails.java:getOMNodeDetailsForNonHA(261)) - OM Node ID is not set. Setting it to the default ID: om1
2022-06-24 01:38:52,785 [Listener at 0.0.0.0/45617] WARN  server.ServerUtils (ServerUtils.java:getDBPath(225)) - ozone.om.db.dirs is not configured. We recommend adding this setting. Falling back to ozone.metadata.dirs instead.
2022-06-24 01:38:52,787 [Listener at 0.0.0.0/45617] INFO  upgrade.AbstractLayoutVersionManager (AbstractLayoutVersionManager.java:init(82)) - Initializing Layout version manager with metadata layout = MULTITENANCY_SCHEMA (version = 3), software layout = MULTITENANCY_SCHEMA (version = 3)
2022-06-24 01:38:52,892 [Listener at 0.0.0.0/45617] INFO  reflections.Reflections (Reflections.java:scan(232)) - Reflections took 99 ms to scan 2 urls, producing 152 keys and 428 values [using 2 cores]
2022-06-24 01:38:52,897 [Listener at 0.0.0.0/45617] INFO  upgrade.OMLayoutVersionManager (OMLayoutVersionManager.java:lambda$0(115)) - Skipping Upgrade Action MockOmUpgradeAction since it has been finalized.
2022-06-24 01:38:52,899 [Listener at 0.0.0.0/45617] WARN  server.ServerUtils (ServerUtils.java:getDBPath(225)) - ozone.om.db.dirs is not configured. We recommend adding this setting. Falling back to ozone.metadata.dirs instead.
2022-06-24 01:38:53,087 [Listener at 0.0.0.0/45617] INFO  proxy.SCMBlockLocationFailoverProxyProvider (SCMBlockLocationFailoverProxyProvider.java:<init>(114)) - Created block location fail-over proxy with 1 nodes: [nodeId=scmNodeId,nodeAddress=/0.0.0.0:44843]
2022-06-24 01:38:53,116 [Listener at 0.0.0.0/45617] INFO  proxy.SCMBlockLocationFailoverProxyProvider (SCMBlockLocationFailoverProxyProvider.java:<init>(114)) - Created block location fail-over proxy with 1 nodes: [nodeId=scmNodeId,nodeAddress=/0.0.0.0:44843]
2022-06-24 01:38:53,410 [Listener at 0.0.0.0/45617] WARN  server.ServerUtils (ServerUtils.java:getDBPath(225)) - ozone.om.db.dirs is not configured. We recommend adding this setting. Falling back to ozone.metadata.dirs instead.
2022-06-24 01:38:53,417 [Listener at 0.0.0.0/45617] INFO  codec.OmKeyInfoCodec (OmKeyInfoCodec.java:<init>(49)) - OmKeyInfoCodec ignorePipeline = true
2022-06-24 01:38:53,419 [Listener at 0.0.0.0/45617] INFO  codec.RepeatedOmKeyInfoCodec (RepeatedOmKeyInfoCodec.java:<init>(41)) - RepeatedOmKeyInfoCodec ignorePipeline = true
2022-06-24 01:38:53,641 [Listener at 0.0.0.0/45617] INFO  om.OzoneManager (OzoneManager.java:instantiateServices(692)) - S3 Multi-Tenancy is disabled
2022-06-24 01:38:53,729 [Listener at 0.0.0.0/45617] INFO  om.OzoneManager (OzoneManager.java:addS3GVolumeToDB(4259)) - Created Volume s3v With Owner runner required for S3Gateway operations.
2022-06-24 01:38:53,807 [Listener at 0.0.0.0/45617] WARN  server.ServerUtils (ServerUtils.java:getDefaultRatisDirectory(237)) - Storage directory for Ratis is not configured. It is a good idea to map this to an SSD disk. Falling back to ozone.metadata.dirs
2022-06-24 01:38:53,807 [Listener at 0.0.0.0/45617] WARN  utils.OzoneManagerRatisUtils (OzoneManagerRatisUtils.java:getOMRatisSnapshotDirectory(431)) - ozone.om.ratis.snapshot.dir is not configured. Falling back to ozone.metadata.dirs config
2022-06-24 01:38:53,831 [Listener at 0.0.0.0/45617] WARN  server.ServerUtils (ServerUtils.java:getDefaultRatisDirectory(237)) - Storage directory for Ratis is not configured. It is a good idea to map this to an SSD disk. Falling back to ozone.metadata.dirs
2022-06-24 01:38:53,865 [Listener at 0.0.0.0/45617] INFO  ratis.OzoneManagerRatisServer (OzoneManagerRatisServer.java:<init>(159)) - Instantiating OM Ratis server with groupID: omServiceIdDefault and peers: localhost:9872
2022-06-24 01:38:53,876 [Listener at 0.0.0.0/45617] INFO  ratis.OzoneManagerStateMachine (OzoneManagerStateMachine.java:loadSnapshotInfoFromDB(632)) - LastAppliedIndex is set from TransactionInfo from OM DB as (t:0, i:~)
2022-06-24 01:38:53,939 [Listener at 0.0.0.0/45617] INFO  server.RaftServer (ConfUtils.java:logGet(46)) - raft.rpc.type = GRPC (default)
2022-06-24 01:38:54,038 [Listener at 0.0.0.0/45617] INFO  grpc.GrpcFactory (GrpcFactory.java:checkPooledByteBufAllocatorUseCacheForAllThreads(48)) - PERFORMANCE WARNING: useCacheForAllThreads is true that may cause Netty to create a lot garbage objects and, as a result, trigger GC.
	It is recommended to disable useCacheForAllThreads by setting -Dorg.apache.ratis.thirdparty.io.netty.allocator.useCacheForAllThreads=false in command line.
2022-06-24 01:38:54,043 [Listener at 0.0.0.0/45617] INFO  grpc.GrpcConfigKeys (ConfUtils.java:logGet(46)) - raft.grpc.admin.port = -1 (default)
2022-06-24 01:38:54,043 [Listener at 0.0.0.0/45617] INFO  grpc.GrpcConfigKeys (ConfUtils.java:logGet(46)) - raft.grpc.server.port = 9872 (custom)
2022-06-24 01:38:54,044 [Listener at 0.0.0.0/45617] INFO  grpc.GrpcConfigKeys (ConfUtils.java:logGet(46)) - raft.grpc.client.port = -1 (default)
2022-06-24 01:38:54,044 [Listener at 0.0.0.0/45617] INFO  grpc.GrpcConfigKeys (ConfUtils.java:logGet(46)) - raft.grpc.server.port = 9872 (custom)
2022-06-24 01:38:54,045 [Listener at 0.0.0.0/45617] INFO  grpc.GrpcConfigKeys (ConfUtils.java:logGet(46)) - raft.grpc.server.port = 9872 (custom)
2022-06-24 01:38:54,045 [Listener at 0.0.0.0/45617] INFO  server.GrpcService (ConfUtils.java:logGet(46)) - raft.grpc.message.size.max = 33554432 (custom)
2022-06-24 01:38:54,047 [Listener at 0.0.0.0/45617] INFO  server.RaftServerConfigKeys (ConfUtils.java:logGet(46)) - raft.server.log.appender.buffer.byte-limit = 33554432 (custom)
2022-06-24 01:38:54,048 [Listener at 0.0.0.0/45617] INFO  server.GrpcService (ConfUtils.java:logGet(46)) - raft.grpc.flow.control.window = 1MB (=1048576) (default)
2022-06-24 01:38:54,049 [Listener at 0.0.0.0/45617] INFO  server.RaftServerConfigKeys (ConfUtils.java:logGet(46)) - raft.server.rpc.request.timeout = 3000ms (default)
2022-06-24 01:38:54,069 [Listener at 0.0.0.0/45617] INFO  grpc.GrpcConfigKeys (ConfUtils.java:logGet(46)) - raft.grpc.server.async.request.thread.pool.cached = true (default)
2022-06-24 01:38:54,070 [Listener at 0.0.0.0/45617] INFO  grpc.GrpcConfigKeys (ConfUtils.java:logGet(46)) - raft.grpc.server.async.request.thread.pool.size = 32 (default)
2022-06-24 01:38:54,440 [Listener at 0.0.0.0/45617] INFO  impl.DataStreamServerImpl (ConfUtils.java:logGet(46)) - raft.datastream.type = DISABLED (default)
2022-06-24 01:38:54,444 [Listener at 0.0.0.0/45617] INFO  server.RaftServerConfigKeys (ConfUtils.java:logGet(46)) - raft.server.threadpool.proxy.cached = true (default)
2022-06-24 01:38:54,444 [Listener at 0.0.0.0/45617] INFO  server.RaftServerConfigKeys (ConfUtils.java:logGet(46)) - raft.server.threadpool.proxy.size = 0 (default)
2022-06-24 01:38:54,445 [Listener at 0.0.0.0/45617] INFO  server.RaftServerConfigKeys (ConfUtils.java:logGet(46)) - raft.server.rpc.slowness.timeout = 120s (custom)
2022-06-24 01:38:54,445 [Listener at 0.0.0.0/45617] INFO  server.RaftServerConfigKeys (ConfUtils.java:logGet(46)) - raft.server.leaderelection.leader.step-down.wait-time = 10s (default)
2022-06-24 01:38:54,449 [Listener at 0.0.0.0/45617] INFO  server.RaftServerConfigKeys (ConfUtils.java:logGet(46)) - raft.server.storage.dir = [/home/runner/work/ozone/ozone/hadoop-ozone/integration-test/target/test-dir/MiniOzoneClusterImpl-c155f79f-1502-4c37-8e24-0bbcb716cadf/ozone-meta/ratis] (custom)
2022-06-24 01:38:54,458 [Listener at 0.0.0.0/45617] INFO  server.RaftServer (RaftServerProxy.java:addNew(96)) - om1: addNew group-C5BA1605619E:[om1|rpc:localhost:9872|priority:0] returns group-C5BA1605619E:java.util.concurrent.CompletableFuture@88432f5[Not completed]
2022-06-24 01:38:54,458 [Listener at 0.0.0.0/45617] INFO  om.OzoneManager (OzoneManager.java:initializeRatisServer(1961)) - OzoneManager Ratis server initialized at port 9872
2022-06-24 01:38:54,474 [Listener at 0.0.0.0/45617] INFO  om.OzoneManager (OzoneManager.java:getRpcServer(1081)) - Creating RPC Server
2022-06-24 01:38:54,495 [pool-55-thread-1] INFO  server.RaftServer$Division (RaftServerImpl.java:<init>(190)) - om1: new RaftServerImpl for group-C5BA1605619E:[om1|rpc:localhost:9872|priority:0] with OzoneManagerStateMachine:uninitialized
2022-06-24 01:38:54,499 [pool-55-thread-1] INFO  server.RaftServerConfigKeys (ConfUtils.java:logGet(46)) - raft.server.rpc.timeout.min = 1s (custom)
2022-06-24 01:38:54,499 [pool-55-thread-1] INFO  server.RaftServerConfigKeys (ConfUtils.java:logGet(46)) - raft.server.rpc.timeout.max = 1200ms (custom)
2022-06-24 01:38:54,499 [pool-55-thread-1] INFO  server.RaftServerConfigKeys (ConfUtils.java:logGet(46)) - raft.server.rpc.sleep.time = 25ms (default)
2022-06-24 01:38:54,500 [pool-55-thread-1] INFO  server.RaftServerConfigKeys (ConfUtils.java:logGet(46)) - raft.server.rpc.slowness.timeout = 120s (custom)
2022-06-24 01:38:54,500 [pool-55-thread-1] INFO  server.RaftServerConfigKeys (ConfUtils.java:logGet(46)) - raft.server.leaderelection.leader.step-down.wait-time = 10s (default)
2022-06-24 01:38:54,500 [pool-55-thread-1] INFO  server.RaftServerConfigKeys (ConfUtils.java:logGet(46)) - raft.server.sleep.deviation.threshold = 300ms (default)
2022-06-24 01:38:54,526 [pool-55-thread-1] INFO  server.RaftServer$Division (ServerState.java:<init>(107)) - om1@group-C5BA1605619E: ConfigurationManager, init=-1: [om1|rpc:localhost:9872|priority:0], old=null, confs=<EMPTY_MAP>
2022-06-24 01:38:54,527 [pool-55-thread-1] INFO  server.RaftServerConfigKeys (ConfUtils.java:logGet(46)) - raft.server.storage.dir = [/home/runner/work/ozone/ozone/hadoop-ozone/integration-test/target/test-dir/MiniOzoneClusterImpl-c155f79f-1502-4c37-8e24-0bbcb716cadf/ozone-meta/ratis] (custom)
2022-06-24 01:38:54,534 [pool-55-thread-1] INFO  server.RaftServerConfigKeys (ConfUtils.java:logGet(46)) - raft.server.log.corruption.policy = EXCEPTION (default)
2022-06-24 01:38:54,534 [pool-55-thread-1] INFO  server.RaftServerConfigKeys (ConfUtils.java:logGet(46)) - raft.server.storage.free-space.min = 0MB (=0) (default)
2022-06-24 01:38:54,544 [pool-55-thread-1] INFO  storage.RaftStorageDirectory (RaftStorageDirectoryImpl.java:analyzeStorage(135)) - The storage directory /home/runner/work/ozone/ozone/hadoop-ozone/integration-test/target/test-dir/MiniOzoneClusterImpl-c155f79f-1502-4c37-8e24-0bbcb716cadf/ozone-meta/ratis/bf265839-605b-3f16-9796-c5ba1605619e does not exist. Creating ...
2022-06-24 01:38:54,558 [pool-55-thread-1] INFO  storage.RaftStorageDirectory (RaftStorageDirectoryImpl.java:tryLock(230)) - Lock on /home/runner/work/ozone/ozone/hadoop-ozone/integration-test/target/test-dir/MiniOzoneClusterImpl-c155f79f-1502-4c37-8e24-0bbcb716cadf/ozone-meta/ratis/bf265839-605b-3f16-9796-c5ba1605619e/in_use.lock acquired by nodename 2905@fv-az66-546
2022-06-24 01:38:54,567 [pool-55-thread-1] INFO  storage.RaftStorage (RaftStorageImpl.java:format(89)) - Storage directory /home/runner/work/ozone/ozone/hadoop-ozone/integration-test/target/test-dir/MiniOzoneClusterImpl-c155f79f-1502-4c37-8e24-0bbcb716cadf/ozone-meta/ratis/bf265839-605b-3f16-9796-c5ba1605619e has been successfully formatted.
2022-06-24 01:38:54,572 [pool-55-thread-1] INFO  server.RaftServerConfigKeys (ConfUtils.java:logGet(46)) - raft.server.notification.no-leader.timeout = 120s (custom)
2022-06-24 01:38:54,574 [pool-55-thread-1] INFO  server.RaftServerConfigKeys (ConfUtils.java:logGet(46)) - raft.server.log.use.memory = false (default)
2022-06-24 01:38:54,584 [pool-55-thread-1] INFO  server.RaftServerConfigKeys (ConfUtils.java:logGet(46)) - raft.server.log.purge.gap = 1000000 (custom)
2022-06-24 01:38:54,585 [pool-55-thread-1] INFO  server.RaftServerConfigKeys (ConfUtils.java:logGet(46)) - raft.server.log.appender.buffer.byte-limit = 33554432 (custom)
2022-06-24 01:38:54,588 [pool-55-thread-1] INFO  server.RaftServerConfigKeys (ConfUtils.java:logGet(46)) - raft.server.log.statemachine.data.read.timeout = 1000ms (default)
2022-06-24 01:38:54,643 [pool-55-thread-1] INFO  server.RaftServerConfigKeys (ConfUtils.java:logGet(46)) - raft.server.log.segment.size.max = 4194304 (custom)
2022-06-24 01:38:54,673 [pool-55-thread-1] INFO  server.RaftServerConfigKeys (ConfUtils.java:logGet(46)) - raft.server.log.segment.cache.num.max = 2 (custom)
2022-06-24 01:38:54,674 [pool-55-thread-1] INFO  server.RaftServerConfigKeys (ConfUtils.java:logGet(46)) - raft.server.log.segment.cache.size.max = 200MB (=209715200) (default)
2022-06-24 01:38:54,690 [pool-55-thread-1] INFO  segmented.SegmentedRaftLogWorker (SegmentedRaftLogWorker.java:<init>(187)) - new om1@group-C5BA1605619E-SegmentedRaftLogWorker for RaftStorageImpl:Storage Directory /home/runner/work/ozone/ozone/hadoop-ozone/integration-test/target/test-dir/MiniOzoneClusterImpl-c155f79f-1502-4c37-8e24-0bbcb716cadf/ozone-meta/ratis/bf265839-605b-3f16-9796-c5ba1605619e
2022-06-24 01:38:54,690 [pool-55-thread-1] INFO  server.RaftServerConfigKeys (ConfUtils.java:logGet(46)) - raft.server.log.queue.byte-limit = 64MB (=67108864) (default)
2022-06-24 01:38:54,691 [pool-55-thread-1] INFO  server.RaftServerConfigKeys (ConfUtils.java:logGet(46)) - raft.server.log.queue.element-limit = 4096 (default)
2022-06-24 01:38:54,692 [pool-55-thread-1] INFO  server.RaftServerConfigKeys (ConfUtils.java:logGet(46)) - raft.server.log.segment.size.max = 4194304 (custom)
2022-06-24 01:38:54,692 [pool-55-thread-1] INFO  server.RaftServerConfigKeys (ConfUtils.java:logGet(46)) - raft.server.log.preallocated.size = 4194304 (custom)
2022-06-24 01:38:54,692 [pool-55-thread-1] INFO  server.RaftServerConfigKeys (ConfUtils.java:logGet(46)) - raft.server.log.force.sync.num = 128 (default)
2022-06-24 01:38:54,694 [pool-55-thread-1] INFO  server.RaftServerConfigKeys (ConfUtils.java:logGet(46)) - raft.server.log.statemachine.data.sync = true (default)
2022-06-24 01:38:54,694 [pool-55-thread-1] INFO  server.RaftServerConfigKeys (ConfUtils.java:logGet(46)) - raft.server.log.statemachine.data.sync.timeout = 10s (default)
2022-06-24 01:38:54,695 [pool-55-thread-1] INFO  server.RaftServerConfigKeys (ConfUtils.java:logGet(46)) - raft.server.log.statemachine.data.sync.timeout.retry = -1 (default)
2022-06-24 01:38:54,714 [pool-55-thread-1] INFO  server.RaftServerConfigKeys (ConfUtils.java:logGet(46)) - raft.server.log.write.buffer.size = 64KB (=65536) (default)
2022-06-24 01:38:54,715 [pool-55-thread-1] INFO  server.RaftServerConfigKeys (ConfUtils.java:logGet(46)) - raft.server.log.unsafe-flush.enabled = false (default)
2022-06-24 01:38:54,715 [pool-55-thread-1] INFO  server.RaftServerConfigKeys (ConfUtils.java:logGet(46)) - raft.server.log.statemachine.data.caching.enabled = false (default)
2022-06-24 01:38:54,743 [pool-55-thread-1] INFO  segmented.SegmentedRaftLogWorker (SegmentedRaftLogWorker.java:lambda$new$0(135)) - om1@group-C5BA1605619E-SegmentedRaftLogWorker: flushIndex: setUnconditionally 0 -> -1
2022-06-24 01:38:54,743 [pool-55-thread-1] INFO  segmented.SegmentedRaftLogWorker (SegmentedRaftLogWorker.java:lambda$new$0(135)) - om1@group-C5BA1605619E-SegmentedRaftLogWorker: safeCacheEvictIndex: setUnconditionally 0 -> -1
2022-06-24 01:38:54,786 [pool-55-thread-1] INFO  server.RaftServerConfigKeys (ConfUtils.java:logGet(46)) - raft.server.snapshot.auto.trigger.enabled = true (custom)
2022-06-24 01:38:54,787 [pool-55-thread-1] INFO  server.RaftServerConfigKeys (ConfUtils.java:logGet(46)) - raft.server.snapshot.auto.trigger.threshold = 400000 (default)
2022-06-24 01:38:54,787 [pool-55-thread-1] INFO  server.RaftServerConfigKeys (ConfUtils.java:logGet(46)) - raft.server.snapshot.retention.file.num = -1 (default)
2022-06-24 01:38:54,788 [pool-55-thread-1] INFO  server.RaftServerConfigKeys (ConfUtils.java:logGet(46)) - raft.server.log.purge.upto.snapshot.index = true (custom)
2022-06-24 01:38:54,799 [pool-55-thread-1] INFO  server.RaftServerConfigKeys (ConfUtils.java:logGet(46)) - raft.server.retrycache.expirytime = 300s (custom)
2022-06-24 01:38:54,799 [pool-55-thread-1] INFO  server.RaftServerConfigKeys (ConfUtils.java:logGet(46)) - raft.server.retrycache.statistics.expirytime = 100μs (default)
2022-06-24 01:38:54,952 [pool-55-thread-1] INFO  server.RaftServerConfigKeys (ConfUtils.java:logGet(46)) - raft.server.log.appender.install.snapshot.enabled = false (custom)
2022-06-24 01:38:54,953 [pool-55-thread-1] INFO  server.RaftServerConfigKeys (ConfUtils.java:logGet(46)) - raft.server.threadpool.server.cached = true (default)
2022-06-24 01:38:54,953 [pool-55-thread-1] INFO  server.RaftServerConfigKeys (ConfUtils.java:logGet(46)) - raft.server.threadpool.server.size = 0 (default)
2022-06-24 01:38:54,953 [pool-55-thread-1] INFO  server.RaftServerConfigKeys (ConfUtils.java:logGet(46)) - raft.server.threadpool.client.cached = true (default)
2022-06-24 01:38:54,954 [pool-55-thread-1] INFO  server.RaftServerConfigKeys (ConfUtils.java:logGet(46)) - raft.server.threadpool.client.size = 0 (default)
2022-06-24 01:38:55,357 [Listener at 0.0.0.0/45617] INFO  reflections.Reflections (Reflections.java:scan(232)) - Reflections took 778 ms to scan 19 urls, producing 66 keys and 4064 values [using 2 cores]
2022-06-24 01:38:55,674 [Listener at 0.0.0.0/45617] INFO  ipc.CallQueueManager (CallQueueManager.java:<init>(90)) - Using callQueue: class java.util.concurrent.LinkedBlockingQueue, queueCapacity: 2000, scheduler: class org.apache.hadoop.ipc.DefaultRpcScheduler, ipcBackoff: false.
2022-06-24 01:38:55,675 [Socket Reader #1 for port 0] INFO  ipc.Server (Server.java:run(1265)) - Starting Socket Reader #1 for port 0
2022-06-24 01:38:55,707 [Listener at 127.0.0.1/44735] INFO  impl.MetricsSystemImpl (MetricsSystemImpl.java:init(158)) - OzoneManager metrics system started (again)
2022-06-24 01:38:55,719 [Listener at 127.0.0.1/44735] INFO  om.OzoneManager (OzoneManager.java:start(1465)) - OzoneManager RPC server is listening at localhost/127.0.0.1:44735
2022-06-24 01:38:55,720 [Listener at 127.0.0.1/44735] INFO  ratis.OzoneManagerRatisServer (OzoneManagerRatisServer.java:start(554)) - Starting OzoneManagerRatisServer om1 at port 9872
2022-06-24 01:38:55,723 [om1-impl-thread1] INFO  server.RaftServer$Division (RaftServerImpl.java:start(310)) - om1@group-C5BA1605619E: start as a follower, conf=-1: [om1|rpc:localhost:9872|priority:0], old=null
2022-06-24 01:38:55,724 [om1-impl-thread1] INFO  server.RaftServer$Division (RaftServerImpl.java:setRole(299)) - om1@group-C5BA1605619E: changes role from      null to FOLLOWER at term 0 for startAsFollower
2022-06-24 01:38:55,725 [om1-impl-thread1] INFO  impl.RoleInfo (RoleInfo.java:updateAndGet(139)) - om1: start om1@group-C5BA1605619E-FollowerState
2022-06-24 01:38:55,727 [om1-impl-thread1] INFO  util.JmxRegister (JmxRegister.java:tryRegister(44)) - Successfully registered JMX Bean with object name Ratis:service=RaftServer,group=group-C5BA1605619E,id=om1
2022-06-24 01:38:55,734 [Listener at 127.0.0.1/44735] INFO  server.RaftServer (RaftServerProxy.java:lambda$start$6(382)) - om1: start RPC server
2022-06-24 01:38:55,811 [Listener at 127.0.0.1/44735] INFO  server.GrpcService (GrpcService.java:startImpl(260)) - om1: GrpcService started, listening on 9872
2022-06-24 01:38:55,814 [Listener at 127.0.0.1/44735] INFO  om.OzoneManager (OzoneManager.java:start(1481)) - Version File has different layout version (3) than OM DB (null). That is expected if this OM has never been finalized to a newer layout version.
2022-06-24 01:38:55,816 [org.apache.ratis.util.JvmPauseMonitor$$Lambda$701/1321602506@8eebc81] INFO  util.JvmPauseMonitor (JvmPauseMonitor.java:run(103)) - JvmPauseMonitor-om1: Started
2022-06-24 01:38:55,826 [Listener at 127.0.0.1/44735] INFO  http.BaseHttpServer (BaseHttpServer.java:newHttpServer2BuilderForOzone(209)) - Starting Web-server for ozoneManager at: http://0.0.0.0:0
2022-06-24 01:38:55,827 [Listener at 127.0.0.1/44735] INFO  http.BaseHttpServer (BaseHttpServer.java:<init>(107)) - Hadoop Security Enabled: false Ozone Security Enabled: false Ozone HTTP Security Enabled: false 
2022-06-24 01:38:55,829 [Listener at 127.0.0.1/44735] INFO  server.AuthenticationFilter (AuthenticationFilter.java:constructSecretProvider(240)) - Unable to initialize FileSignerSecretProvider, falling back to use random secrets.
2022-06-24 01:38:55,834 [Listener at 127.0.0.1/44735] WARN  http.HttpRequestLog (HttpRequestLog.java:getRequestLog(103)) - Jetty request log can only be enabled using Log4j
2022-06-24 01:38:55,836 [Listener at 127.0.0.1/44735] INFO  http.HttpServer2 (HttpServer2.java:addGlobalFilter(1029)) - Added global filter 'safety' (class=org.apache.hadoop.hdds.server.http.HttpServer2$QuotingInputFilter)
2022-06-24 01:38:55,837 [Listener at 127.0.0.1/44735] INFO  http.HttpServer2 (HttpServer2.java:addFilter(1005)) - Added filter static_user_filter (class=org.apache.hadoop.http.lib.StaticUserWebFilter$StaticUserFilter) to context ozoneManager
2022-06-24 01:38:55,837 [Listener at 127.0.0.1/44735] INFO  http.HttpServer2 (HttpServer2.java:addFilter(1013)) - Added filter static_user_filter (class=org.apache.hadoop.http.lib.StaticUserWebFilter$StaticUserFilter) to context logs
2022-06-24 01:38:55,838 [Listener at 127.0.0.1/44735] INFO  http.HttpServer2 (HttpServer2.java:addFilter(1013)) - Added filter static_user_filter (class=org.apache.hadoop.http.lib.StaticUserWebFilter$StaticUserFilter) to context static
2022-06-24 01:38:55,845 [Listener at 127.0.0.1/44735] INFO  http.HttpServer2 (HttpServer2.java:bindListener(1248)) - Jetty bound to port 32853
2022-06-24 01:38:55,845 [Listener at 127.0.0.1/44735] INFO  server.Server (Server.java:doStart(375)) - jetty-9.4.43.v20210629; built: 2021-06-30T11:07:22.254Z; git: 526006ecfa3af7f1a27ef3a288e2bef7ea9dd7e8; jvm 1.8.0_332-b09
2022-06-24 01:38:55,848 [Listener at 127.0.0.1/44735] INFO  server.session (DefaultSessionIdManager.java:doStart(334)) - DefaultSessionIdManager workerName=node0
2022-06-24 01:38:55,848 [Listener at 127.0.0.1/44735] INFO  server.session (DefaultSessionIdManager.java:doStart(339)) - No SessionScavenger set, using defaults
2022-06-24 01:38:55,849 [Listener at 127.0.0.1/44735] INFO  server.session (HouseKeeper.java:startScavenging(132)) - node0 Scavenging every 600000ms
2022-06-24 01:38:55,850 [Listener at 127.0.0.1/44735] INFO  handler.ContextHandler (ContextHandler.java:doStart(915)) - Started o.e.j.s.ServletContextHandler@6c13260b{logs,/logs,file:///home/runner/work/ozone/ozone/hadoop-ozone/integration-test/target/log,AVAILABLE}
2022-06-24 01:38:55,851 [Listener at 127.0.0.1/44735] INFO  handler.ContextHandler (ContextHandler.java:doStart(915)) - Started o.e.j.s.ServletContextHandler@7870946d{static,/static,file:///home/runner/work/ozone/ozone/hadoop-ozone/integration-test/target/test-classes/webapps/static,AVAILABLE}
2022-06-24 01:38:55,857 [Listener at 127.0.0.1/44735] INFO  handler.ContextHandler (ContextHandler.java:doStart(915)) - Started o.e.j.w.WebAppContext@62f5d080{ozoneManager,/,file:///home/runner/work/ozone/ozone/hadoop-ozone/integration-test/target/test-classes/webapps/ozoneManager/,AVAILABLE}{file:/home/runner/work/ozone/ozone/hadoop-ozone/integration-test/target/test-classes/webapps/ozoneManager}
2022-06-24 01:38:55,867 [Listener at 127.0.0.1/44735] INFO  server.AbstractConnector (AbstractConnector.java:doStart(331)) - Started ServerConnector@1676d8e7{HTTP/1.1, (http/1.1)}{0.0.0.0:32853}
2022-06-24 01:38:55,868 [Listener at 127.0.0.1/44735] INFO  server.Server (Server.java:doStart(415)) - Started @9302ms
2022-06-24 01:38:55,869 [Listener at 127.0.0.1/44735] WARN  impl.MetricsSystemImpl (MetricsSystemImpl.java:register(279)) - Sink prometheus already exists!
2022-06-24 01:38:55,870 [Listener at 127.0.0.1/44735] INFO  http.BaseHttpServer (BaseHttpServer.java:updateConnectorAddress(329)) - HTTP server of ozoneManager listening at http://0.0.0.0:32853
2022-06-24 01:38:55,875 [IPC Server Responder] INFO  ipc.Server (Server.java:run(1507)) - IPC Server Responder: starting
2022-06-24 01:38:55,878 [IPC Server listener on 0] INFO  ipc.Server (Server.java:run(1344)) - IPC Server listener on 0: starting
2022-06-24 01:38:55,904 [Listener at 127.0.0.1/44735] INFO  om.OzoneManager (OzoneManager.java:startTrashEmptier(1905)) - Trash Interval set to 0. Files deleted won't move to trash
2022-06-24 01:38:55,914 [org.apache.hadoop.util.JvmPauseMonitor$Monitor@f45efe8] INFO  util.JvmPauseMonitor (JvmPauseMonitor.java:run(188)) - Starting JVM pause monitor
2022-06-24 01:38:56,101 [Listener at 127.0.0.1/44735] WARN  impl.MetricRegistriesImpl (MetricRegistriesImpl.java:addReporterRegistration(111)) - New reporters are added after registries were created. Some metrics will be missing from the reporter. Please add reporter before adding any new registry.
2022-06-24 01:38:56,102 [Listener at 127.0.0.1/44735] WARN  impl.MetricRegistriesImpl (MetricRegistriesImpl.java:addReporterRegistration(111)) - New reporters are added after registries were created. Some metrics will be missing from the reporter. Please add reporter before adding any new registry.
2022-06-24 01:38:56,102 [Listener at 127.0.0.1/44735] INFO  impl.MetricsSystemImpl (MetricsSystemImpl.java:init(158)) - HddsDatanode metrics system started (again)
2022-06-24 01:38:56,122 [Listener at 127.0.0.1/44735] INFO  ozone.HddsDatanodeService (HddsDatanodeService.java:start(236)) - HddsDatanodeService host:fv-az66-546.vwcdieab4koerntclszyavmfxa.dx.internal.cloudapp.net ip:10.1.0.17
2022-06-24 01:38:56,166 [Listener at 127.0.0.1/44735] INFO  upgrade.AbstractLayoutVersionManager (AbstractLayoutVersionManager.java:init(82)) - Initializing Layout version manager with metadata layout = DATANODE_SCHEMA_V3 (version = 4), software layout = DATANODE_SCHEMA_V3 (version = 4)
2022-06-24 01:38:56,222 [Listener at 127.0.0.1/44735] INFO  reflections.Reflections (Reflections.java:scan(232)) - Reflections took 54 ms to scan 7 urls, producing 131 keys and 316 values 
2022-06-24 01:38:56,227 [Listener at 127.0.0.1/44735] INFO  statemachine.DatanodeStateMachine (DatanodeStateMachine.java:getEndPointTaskThreadPoolSize(237)) - Datanode State Machine Task Thread Pool size 2
2022-06-24 01:38:56,289 [Listener at 127.0.0.1/44735] INFO  volume.HddsVolume (HddsVolume.java:<init>(116)) - Creating HddsVolume: /home/runner/work/ozone/ozone/hadoop-ozone/integration-test/target/test-dir/MiniOzoneClusterImpl-c155f79f-1502-4c37-8e24-0bbcb716cadf/datanode-0/data-0/containers/hdds of storage type : DISK capacity : 9223372036854775807
2022-06-24 01:38:56,292 [Listener at 127.0.0.1/44735] INFO  volume.MutableVolumeSet (MutableVolumeSet.java:initializeVolumeSet(174)) - Added Volume : /home/runner/work/ozone/ozone/hadoop-ozone/integration-test/target/test-dir/MiniOzoneClusterImpl-c155f79f-1502-4c37-8e24-0bbcb716cadf/datanode-0/data-0/containers/hdds to VolumeSet
2022-06-24 01:38:56,293 [Listener at 127.0.0.1/44735] INFO  volume.ThrottledAsyncChecker (ThrottledAsyncChecker.java:schedule(141)) - Scheduling a check for /home/runner/work/ozone/ozone/hadoop-ozone/integration-test/target/test-dir/MiniOzoneClusterImpl-c155f79f-1502-4c37-8e24-0bbcb716cadf/datanode-0/data-0/containers/hdds
2022-06-24 01:38:56,319 [Listener at 127.0.0.1/44735] INFO  volume.StorageVolumeChecker (StorageVolumeChecker.java:checkAllVolumes(202)) - Scheduled health check for volume /home/runner/work/ozone/ozone/hadoop-ozone/integration-test/target/test-dir/MiniOzoneClusterImpl-c155f79f-1502-4c37-8e24-0bbcb716cadf/datanode-0/data-0/containers/hdds
2022-06-24 01:38:56,343 [Listener at 127.0.0.1/44735] INFO  volume.MutableVolumeSet (MutableVolumeSet.java:initializeVolumeSet(174)) - Added Volume : /home/runner/work/ozone/ozone/hadoop-ozone/integration-test/target/test-dir/MiniOzoneClusterImpl-c155f79f-1502-4c37-8e24-0bbcb716cadf/datanode-0/data/ratis to VolumeSet
2022-06-24 01:38:56,343 [Listener at 127.0.0.1/44735] INFO  volume.ThrottledAsyncChecker (ThrottledAsyncChecker.java:schedule(141)) - Scheduling a check for /home/runner/work/ozone/ozone/hadoop-ozone/integration-test/target/test-dir/MiniOzoneClusterImpl-c155f79f-1502-4c37-8e24-0bbcb716cadf/datanode-0/data/ratis
2022-06-24 01:38:56,344 [Listener at 127.0.0.1/44735] INFO  volume.StorageVolumeChecker (StorageVolumeChecker.java:checkAllVolumes(202)) - Scheduled health check for volume /home/runner/work/ozone/ozone/hadoop-ozone/integration-test/target/test-dir/MiniOzoneClusterImpl-c155f79f-1502-4c37-8e24-0bbcb716cadf/datanode-0/data/ratis
2022-06-24 01:38:56,371 [Thread-134] INFO  ozoneimpl.ContainerReader (ContainerReader.java:readVolume(172)) - Finish verifying containers on volume /home/runner/work/ozone/ozone/hadoop-ozone/integration-test/target/test-dir/MiniOzoneClusterImpl-c155f79f-1502-4c37-8e24-0bbcb716cadf/datanode-0/data-0/containers/hdds
2022-06-24 01:38:56,371 [Listener at 127.0.0.1/44735] INFO  ozoneimpl.OzoneContainer (OzoneContainer.java:buildContainerSet(266)) - Build ContainerSet costs 0s
2022-06-24 01:38:56,433 [Listener at 127.0.0.1/44735] INFO  audit.AuditLogger (AuditLogger.java:refreshDebugCmdSet(120)) - Refresh DebugCmdSet for DNAudit to [].
2022-06-24 01:38:56,477 [Listener at 127.0.0.1/44735] INFO  server.RaftServer (ConfUtils.java:logGet(46)) - raft.rpc.type = GRPC (default)
2022-06-24 01:38:56,477 [Listener at 127.0.0.1/44735] INFO  grpc.GrpcFactory (GrpcFactory.java:checkPooledByteBufAllocatorUseCacheForAllThreads(48)) - PERFORMANCE WARNING: useCacheForAllThreads is true that may cause Netty to create a lot garbage objects and, as a result, trigger GC.
	It is recommended to disable useCacheForAllThreads by setting -Dorg.apache.ratis.thirdparty.io.netty.allocator.useCacheForAllThreads=false in command line.
2022-06-24 01:38:56,477 [Listener at 127.0.0.1/44735] INFO  grpc.GrpcConfigKeys (ConfUtils.java:logGet(46)) - raft.grpc.admin.port = 0 (custom)
2022-06-24 01:38:56,478 [Listener at 127.0.0.1/44735] INFO  grpc.GrpcConfigKeys (ConfUtils.java:logGet(46)) - raft.grpc.client.port = 0 (custom)
2022-06-24 01:38:56,478 [Listener at 127.0.0.1/44735] INFO  grpc.GrpcConfigKeys (ConfUtils.java:logGet(46)) - raft.grpc.server.port = 0 (default)
2022-06-24 01:38:56,479 [Listener at 127.0.0.1/44735] INFO  server.GrpcService (ConfUtils.java:logGet(46)) - raft.grpc.message.size.max = 32MB (=33554432) (custom)
2022-06-24 01:38:56,479 [Listener at 127.0.0.1/44735] INFO  server.RaftServerConfigKeys (ConfUtils.java:logGet(46)) - raft.server.log.appender.buffer.byte-limit = 33554432 (custom)
2022-06-24 01:38:56,479 [Listener at 127.0.0.1/44735] INFO  server.GrpcService (ConfUtils.java:logGet(46)) - raft.grpc.flow.control.window = 5MB (=5242880) (custom)
2022-06-24 01:38:56,479 [Listener at 127.0.0.1/44735] INFO  server.RaftServerConfigKeys (ConfUtils.java:logGet(46)) - raft.server.rpc.request.timeout = 60s (custom)
2022-06-24 01:38:56,480 [Listener at 127.0.0.1/44735] INFO  grpc.GrpcConfigKeys (ConfUtils.java:logGet(46)) - raft.grpc.server.async.request.thread.pool.cached = true (default)
2022-06-24 01:38:56,480 [Listener at 127.0.0.1/44735] INFO  grpc.GrpcConfigKeys (ConfUtils.java:logGet(46)) - raft.grpc.server.async.request.thread.pool.size = 32 (default)
2022-06-24 01:38:56,485 [Listener at 127.0.0.1/44735] INFO  impl.DataStreamServerImpl (ConfUtils.java:logGet(46)) - raft.datastream.type = DISABLED (default)
2022-06-24 01:38:56,486 [Listener at 127.0.0.1/44735] INFO  server.RaftServerConfigKeys (ConfUtils.java:logGet(46)) - raft.server.threadpool.proxy.cached = true (default)
2022-06-24 01:38:56,486 [Listener at 127.0.0.1/44735] INFO  server.RaftServerConfigKeys (ConfUtils.java:logGet(46)) - raft.server.threadpool.proxy.size = 0 (default)
2022-06-24 01:38:56,487 [Listener at 127.0.0.1/44735] INFO  server.RaftServerConfigKeys (ConfUtils.java:logGet(46)) - raft.server.rpc.slowness.timeout = 300s (custom)
2022-06-24 01:38:56,487 [Listener at 127.0.0.1/44735] INFO  server.RaftServerConfigKeys (ConfUtils.java:logGet(46)) - raft.server.leaderelection.leader.step-down.wait-time = 10s (default)
2022-06-24 01:38:56,488 [Listener at 127.0.0.1/44735] INFO  server.RaftServerConfigKeys (ConfUtils.java:logGet(46)) - raft.server.storage.dir = [/home/runner/work/ozone/ozone/hadoop-ozone/integration-test/target/test-dir/MiniOzoneClusterImpl-c155f79f-1502-4c37-8e24-0bbcb716cadf/datanode-0/data/ratis] (custom)
2022-06-24 01:38:56,511 [Listener at 127.0.0.1/44735] INFO  server.XceiverServerGrpc (XceiverServerGrpc.java:<init>(132)) - GrpcServer channel type EpollServerSocketChannel
2022-06-24 01:38:56,590 [Listener at 127.0.0.1/44735] INFO  http.BaseHttpServer (BaseHttpServer.java:newHttpServer2BuilderForOzone(209)) - Starting Web-server for hddsDatanode at: http://0.0.0.0:0
2022-06-24 01:38:56,592 [Listener at 127.0.0.1/44735] INFO  http.BaseHttpServer (BaseHttpServer.java:<init>(107)) - Hadoop Security Enabled: false Ozone Security Enabled: false Ozone HTTP Security Enabled: false 
2022-06-24 01:38:56,596 [Listener at 127.0.0.1/44735] INFO  server.AuthenticationFilter (AuthenticationFilter.java:constructSecretProvider(240)) - Unable to initialize FileSignerSecretProvider, falling back to use random secrets.
2022-06-24 01:38:56,596 [Listener at 127.0.0.1/44735] WARN  http.HttpRequestLog (HttpRequestLog.java:getRequestLog(103)) - Jetty request log can only be enabled using Log4j
2022-06-24 01:38:56,598 [Listener at 127.0.0.1/44735] INFO  http.HttpServer2 (HttpServer2.java:addGlobalFilter(1029)) - Added global filter 'safety' (class=org.apache.hadoop.hdds.server.http.HttpServer2$QuotingInputFilter)
2022-06-24 01:38:56,599 [Listener at 127.0.0.1/44735] INFO  http.HttpServer2 (HttpServer2.java:addFilter(1005)) - Added filter static_user_filter (class=org.apache.hadoop.http.lib.StaticUserWebFilter$StaticUserFilter) to context hddsDatanode
2022-06-24 01:38:56,599 [Listener at 127.0.0.1/44735] INFO  http.HttpServer2 (HttpServer2.java:addFilter(1013)) - Added filter static_user_filter (class=org.apache.hadoop.http.lib.StaticUserWebFilter$StaticUserFilter) to context static
2022-06-24 01:38:56,600 [Listener at 127.0.0.1/44735] INFO  http.HttpServer2 (HttpServer2.java:addFilter(1013)) - Added filter static_user_filter (class=org.apache.hadoop.http.lib.StaticUserWebFilter$StaticUserFilter) to context logs
2022-06-24 01:38:56,600 [Listener at 127.0.0.1/44735] INFO  http.HttpServer2 (HttpServer2.java:bindListener(1248)) - Jetty bound to port 40743
2022-06-24 01:38:56,601 [Listener at 127.0.0.1/44735] INFO  server.Server (Server.java:doStart(375)) - jetty-9.4.43.v20210629; built: 2021-06-30T11:07:22.254Z; git: 526006ecfa3af7f1a27ef3a288e2bef7ea9dd7e8; jvm 1.8.0_332-b09
2022-06-24 01:38:56,605 [Listener at 127.0.0.1/44735] INFO  server.session (DefaultSessionIdManager.java:doStart(334)) - DefaultSessionIdManager workerName=node0
2022-06-24 01:38:56,605 [Listener at 127.0.0.1/44735] INFO  server.session (DefaultSessionIdManager.java:doStart(339)) - No SessionScavenger set, using defaults
2022-06-24 01:38:56,606 [Listener at 127.0.0.1/44735] INFO  server.session (HouseKeeper.java:startScavenging(132)) - node0 Scavenging every 600000ms
2022-06-24 01:38:56,607 [Listener at 127.0.0.1/44735] INFO  handler.ContextHandler (ContextHandler.java:doStart(915)) - Started o.e.j.s.ServletContextHandler@76dc7bdb{logs,/logs,file:///home/runner/work/ozone/ozone/hadoop-ozone/integration-test/target/log,AVAILABLE}
2022-06-24 01:38:56,607 [Listener at 127.0.0.1/44735] INFO  handler.ContextHandler (ContextHandler.java:doStart(915)) - Started o.e.j.s.ServletContextHandler@47d74366{static,/static,jar:file:/home/runner/.m2/repository/org/apache/ozone/hdds-container-service/1.3.0-SNAPSHOT/hdds-container-service-1.3.0-SNAPSHOT.jar!/webapps/static,AVAILABLE}
2022-06-24 01:38:56,839 [Listener at 127.0.0.1/44735] INFO  handler.ContextHandler (ContextHandler.java:doStart(915)) - Started o.e.j.w.WebAppContext@43567fca{hddsDatanode,/,file:///tmp/jetty-0_0_0_0-40743-hdds-container-service-1_3_0-SNAPSHOT_jar-_-any-6733861759194411655/webapp/,AVAILABLE}{jar:file:/home/runner/.m2/repository/org/apache/ozone/hdds-container-service/1.3.0-SNAPSHOT/hdds-container-service-1.3.0-SNAPSHOT.jar!/webapps/hddsDatanode}
2022-06-24 01:38:56,841 [Listener at 127.0.0.1/44735] INFO  server.AbstractConnector (AbstractConnector.java:doStart(331)) - Started ServerConnector@9fbac3f{HTTP/1.1, (http/1.1)}{0.0.0.0:40743}
2022-06-24 01:38:56,841 [Listener at 127.0.0.1/44735] INFO  server.Server (Server.java:doStart(415)) - Started @10275ms
2022-06-24 01:38:56,841 [Listener at 127.0.0.1/44735] WARN  impl.MetricsSystemImpl (MetricsSystemImpl.java:register(279)) - Sink prometheus already exists!
2022-06-24 01:38:56,843 [Listener at 127.0.0.1/44735] INFO  http.BaseHttpServer (BaseHttpServer.java:updateConnectorAddress(329)) - HTTP server of hddsDatanode listening at http://0.0.0.0:40743
2022-06-24 01:38:56,846 [Listener at 127.0.0.1/44735] WARN  impl.MetricRegistriesImpl (MetricRegistriesImpl.java:addReporterRegistration(111)) - New reporters are added after registries were created. Some metrics will be missing from the reporter. Please add reporter before adding any new registry.
2022-06-24 01:38:56,846 [Listener at 127.0.0.1/44735] WARN  impl.MetricRegistriesImpl (MetricRegistriesImpl.java:addReporterRegistration(111)) - New reporters are added after registries were created. Some metrics will be missing from the reporter. Please add reporter before adding any new registry.
2022-06-24 01:38:56,847 [Listener at 127.0.0.1/44735] INFO  impl.MetricsSystemImpl (MetricsSystemImpl.java:init(158)) - HddsDatanode metrics system started (again)
2022-06-24 01:38:56,850 [Datanode State Machine Daemon Thread] INFO  statemachine.DatanodeStateMachine (DatanodeStateMachine.java:lambda$startDaemon$0(492)) - Ozone container server started.
2022-06-24 01:38:56,872 [org.apache.hadoop.util.JvmPauseMonitor$Monitor@6578985b] INFO  util.JvmPauseMonitor (JvmPauseMonitor.java:run(188)) - Starting JVM pause monitor
2022-06-24 01:38:56,876 [Listener at 127.0.0.1/44735] INFO  ozone.HddsDatanodeService (HddsDatanodeService.java:start(236)) - HddsDatanodeService host:fv-az66-546.vwcdieab4koerntclszyavmfxa.dx.internal.cloudapp.net ip:10.1.0.17
2022-06-24 01:38:56,925 [om1@group-C5BA1605619E-FollowerState] INFO  impl.FollowerState (FollowerState.java:run(143)) - om1@group-C5BA1605619E-FollowerState: change to CANDIDATE, lastRpcElapsedTime:1200159094ns, electionTimeout:1184ms
2022-06-24 01:38:56,926 [om1@group-C5BA1605619E-FollowerState] INFO  impl.RoleInfo (RoleInfo.java:shutdownFollowerState(110)) - om1: shutdown om1@group-C5BA1605619E-FollowerState
2022-06-24 01:38:56,927 [om1@group-C5BA1605619E-FollowerState] INFO  server.RaftServer$Division (RaftServerImpl.java:setRole(299)) - om1@group-C5BA1605619E: changes role from  FOLLOWER to CANDIDATE at term 0 for changeToCandidate
2022-06-24 01:38:56,930 [om1@group-C5BA1605619E-FollowerState] INFO  server.RaftServerConfigKeys (ConfUtils.java:logGet(46)) - raft.server.leaderelection.pre-vote = false (custom)
2022-06-24 01:38:56,930 [om1@group-C5BA1605619E-FollowerState] INFO  impl.RoleInfo (RoleInfo.java:updateAndGet(139)) - om1: start om1@group-C5BA1605619E-LeaderElection1
2022-06-24 01:38:56,941 [Listener at 127.0.0.1/44735] INFO  upgrade.AbstractLayoutVersionManager (AbstractLayoutVersionManager.java:init(82)) - Initializing Layout version manager with metadata layout = DATANODE_SCHEMA_V3 (version = 4), software layout = DATANODE_SCHEMA_V3 (version = 4)
2022-06-24 01:38:56,959 [om1@group-C5BA1605619E-LeaderElection1] INFO  impl.LeaderElection (LeaderElection.java:askForVotes(310)) - om1@group-C5BA1605619E-LeaderElection1 ELECTION round 0: submit vote requests at term 1 for -1: [om1|rpc:localhost:9872|priority:0], old=null
2022-06-24 01:38:56,960 [om1@group-C5BA1605619E-LeaderElection1] INFO  impl.LeaderElection (LeaderElection.java:askForVotes(312)) - om1@group-C5BA1605619E-LeaderElection1 ELECTION round 0: result PASSED (term=1)
2022-06-24 01:38:56,961 [om1@group-C5BA1605619E-LeaderElection1] INFO  impl.RoleInfo (RoleInfo.java:shutdownLeaderElection(130)) - om1: shutdown om1@group-C5BA1605619E-LeaderElection1
2022-06-24 01:38:56,972 [om1@group-C5BA1605619E-LeaderElection1] INFO  server.RaftServer$Division (RaftServerImpl.java:setRole(299)) - om1@group-C5BA1605619E: changes role from CANDIDATE to LEADER at term 1 for changeToLeader
2022-06-24 01:38:56,972 [om1@group-C5BA1605619E-LeaderElection1] INFO  server.RaftServer$Division (ServerState.java:setLeader(287)) - om1@group-C5BA1605619E: change Leader from null to om1 at term 1 for becomeLeader, leader elected after 2399ms
2022-06-24 01:38:56,984 [om1@group-C5BA1605619E-LeaderElection1] INFO  server.RaftServerConfigKeys (ConfUtils.java:logGet(46)) - raft.server.staging.catchup.gap = 1000 (default)
2022-06-24 01:38:56,993 [om1@group-C5BA1605619E-LeaderElection1] INFO  server.RaftServerConfigKeys (ConfUtils.java:logGet(46)) - raft.server.write.element-limit = 4096 (default)
2022-06-24 01:38:56,993 [om1@group-C5BA1605619E-LeaderElection1] INFO  server.RaftServerConfigKeys (ConfUtils.java:logGet(46)) - raft.server.write.byte-limit = 64MB (=67108864) (default)
2022-06-24 01:38:57,014 [om1@group-C5BA1605619E-LeaderElection1] INFO  server.RaftServerConfigKeys (ConfUtils.java:logGet(46)) - raft.server.watch.timeout = 10s (default)
2022-06-24 01:38:57,015 [om1@group-C5BA1605619E-LeaderElection1] INFO  server.RaftServerConfigKeys (ConfUtils.java:logGet(46)) - raft.server.watch.timeout.denomination = 1s (default)
2022-06-24 01:38:57,015 [om1@group-C5BA1605619E-LeaderElection1] INFO  server.RaftServerConfigKeys (ConfUtils.java:logGet(46)) - raft.server.watch.element-limit = 65536 (default)
2022-06-24 01:38:57,040 [om1@group-C5BA1605619E-LeaderElection1] INFO  server.RaftServerConfigKeys (ConfUtils.java:logGet(46)) - raft.server.write.element-limit = 4096 (default)
2022-06-24 01:38:57,049 [om1@group-C5BA1605619E-LeaderElection1] INFO  server.RaftServerConfigKeys (ConfUtils.java:logGet(46)) - raft.server.write.follower.gap.ratio.max = -1.0 (default)
2022-06-24 01:38:57,062 [om1@group-C5BA1605619E-LeaderElection1] INFO  impl.RoleInfo (RoleInfo.java:updateAndGet(139)) - om1: start om1@group-C5BA1605619E-LeaderStateImpl
2022-06-24 01:38:57,071 [Datanode State Machine Task Thread - 0] INFO  datanode.InitDatanodeState (InitDatanodeState.java:persistContainerDatanodeDetails(138)) - DatanodeDetails is persisted to /home/runner/work/ozone/ozone/hadoop-ozone/integration-test/target/test-dir/MiniOzoneClusterImpl-c155f79f-1502-4c37-8e24-0bbcb716cadf/datanode-0/meta/datanode.id
2022-06-24 01:38:57,087 [Listener at 127.0.0.1/44735] INFO  reflections.Reflections (Reflections.java:scan(232)) - Reflections took 136 ms to scan 7 urls, producing 131 keys and 316 values 
2022-06-24 01:38:57,089 [Listener at 127.0.0.1/44735] INFO  statemachine.DatanodeStateMachine (DatanodeStateMachine.java:getEndPointTaskThreadPoolSize(237)) - Datanode State Machine Task Thread Pool size 2
2022-06-24 01:38:57,100 [Listener at 127.0.0.1/44735] INFO  volume.HddsVolume (HddsVolume.java:<init>(116)) - Creating HddsVolume: /home/runner/work/ozone/ozone/hadoop-ozone/integration-test/target/test-dir/MiniOzoneClusterImpl-c155f79f-1502-4c37-8e24-0bbcb716cadf/datanode-1/data-0/containers/hdds of storage type : DISK capacity : 9223372036854775807
2022-06-24 01:38:57,101 [Listener at 127.0.0.1/44735] INFO  volume.MutableVolumeSet (MutableVolumeSet.java:initializeVolumeSet(174)) - Added Volume : /home/runner/work/ozone/ozone/hadoop-ozone/integration-test/target/test-dir/MiniOzoneClusterImpl-c155f79f-1502-4c37-8e24-0bbcb716cadf/datanode-1/data-0/containers/hdds to VolumeSet
2022-06-24 01:38:57,101 [Listener at 127.0.0.1/44735] INFO  volume.ThrottledAsyncChecker (ThrottledAsyncChecker.java:schedule(141)) - Scheduling a check for /home/runner/work/ozone/ozone/hadoop-ozone/integration-test/target/test-dir/MiniOzoneClusterImpl-c155f79f-1502-4c37-8e24-0bbcb716cadf/datanode-1/data-0/containers/hdds
2022-06-24 01:38:57,110 [Listener at 127.0.0.1/44735] INFO  volume.StorageVolumeChecker (StorageVolumeChecker.java:checkAllVolumes(202)) - Scheduled health check for volume /home/runner/work/ozone/ozone/hadoop-ozone/integration-test/target/test-dir/MiniOzoneClusterImpl-c155f79f-1502-4c37-8e24-0bbcb716cadf/datanode-1/data-0/containers/hdds
2022-06-24 01:38:57,141 [Listener at 127.0.0.1/44735] INFO  volume.MutableVolumeSet (MutableVolumeSet.java:initializeVolumeSet(174)) - Added Volume : /home/runner/work/ozone/ozone/hadoop-ozone/integration-test/target/test-dir/MiniOzoneClusterImpl-c155f79f-1502-4c37-8e24-0bbcb716cadf/datanode-1/data/ratis to VolumeSet
2022-06-24 01:38:57,136 [om1@group-C5BA1605619E-LeaderElection1] INFO  segmented.SegmentedRaftLogWorker (SegmentedRaftLogWorker.java:startLogSegment(425)) - om1@group-C5BA1605619E-SegmentedRaftLogWorker: Starting segment from index:0
2022-06-24 01:38:57,151 [Listener at 127.0.0.1/44735] INFO  volume.ThrottledAsyncChecker (ThrottledAsyncChecker.java:schedule(141)) - Scheduling a check for /home/runner/work/ozone/ozone/hadoop-ozone/integration-test/target/test-dir/MiniOzoneClusterImpl-c155f79f-1502-4c37-8e24-0bbcb716cadf/datanode-1/data/ratis
2022-06-24 01:38:57,152 [Listener at 127.0.0.1/44735] INFO  volume.StorageVolumeChecker (StorageVolumeChecker.java:checkAllVolumes(202)) - Scheduled health check for volume /home/runner/work/ozone/ozone/hadoop-ozone/integration-test/target/test-dir/MiniOzoneClusterImpl-c155f79f-1502-4c37-8e24-0bbcb716cadf/datanode-1/data/ratis
2022-06-24 01:38:57,190 [Thread-149] INFO  ozoneimpl.ContainerReader (ContainerReader.java:readVolume(172)) - Finish verifying containers on volume /home/runner/work/ozone/ozone/hadoop-ozone/integration-test/target/test-dir/MiniOzoneClusterImpl-c155f79f-1502-4c37-8e24-0bbcb716cadf/datanode-1/data-0/containers/hdds
2022-06-24 01:38:57,195 [Listener at 127.0.0.1/44735] INFO  ozoneimpl.OzoneContainer (OzoneContainer.java:buildContainerSet(266)) - Build ContainerSet costs 0s
2022-06-24 01:38:57,199 [Listener at 127.0.0.1/44735] INFO  server.RaftServer (ConfUtils.java:logGet(46)) - raft.rpc.type = GRPC (default)
2022-06-24 01:38:57,199 [Listener at 127.0.0.1/44735] INFO  grpc.GrpcFactory (GrpcFactory.java:checkPooledByteBufAllocatorUseCacheForAllThreads(48)) - PERFORMANCE WARNING: useCacheForAllThreads is true that may cause Netty to create a lot garbage objects and, as a result, trigger GC.
	It is recommended to disable useCacheForAllThreads by setting -Dorg.apache.ratis.thirdparty.io.netty.allocator.useCacheForAllThreads=false in command line.
2022-06-24 01:38:57,199 [Listener at 127.0.0.1/44735] INFO  grpc.GrpcConfigKeys (ConfUtils.java:logGet(46)) - raft.grpc.admin.port = 0 (custom)
2022-06-24 01:38:57,200 [Listener at 127.0.0.1/44735] INFO  grpc.GrpcConfigKeys (ConfUtils.java:logGet(46)) - raft.grpc.client.port = 0 (custom)
2022-06-24 01:38:57,200 [Listener at 127.0.0.1/44735] INFO  grpc.GrpcConfigKeys (ConfUtils.java:logGet(46)) - raft.grpc.server.port = 0 (default)
2022-06-24 01:38:57,200 [Listener at 127.0.0.1/44735] INFO  server.GrpcService (ConfUtils.java:logGet(46)) - raft.grpc.message.size.max = 32MB (=33554432) (custom)
2022-06-24 01:38:57,200 [Listener at 127.0.0.1/44735] INFO  server.RaftServerConfigKeys (ConfUtils.java:logGet(46)) - raft.server.log.appender.buffer.byte-limit = 33554432 (custom)
2022-06-24 01:38:57,201 [Listener at 127.0.0.1/44735] INFO  server.GrpcService (ConfUtils.java:logGet(46)) - raft.grpc.flow.control.window = 5MB (=5242880) (custom)
2022-06-24 01:38:57,201 [Listener at 127.0.0.1/44735] INFO  server.RaftServerConfigKeys (ConfUtils.java:logGet(46)) - raft.server.rpc.request.timeout = 60s (custom)
2022-06-24 01:38:57,204 [om1@group-C5BA1605619E-LeaderElection1] INFO  server.RaftServer$Division (ServerState.java:setRaftConf(393)) - om1@group-C5BA1605619E: set configuration 0: [om1|rpc:localhost:9872|admin:|client:|dataStream:|priority:0], old=null
2022-06-24 01:38:57,205 [Listener at 127.0.0.1/44735] INFO  grpc.GrpcConfigKeys (ConfUtils.java:logGet(46)) - raft.grpc.server.async.request.thread.pool.cached = true (default)
2022-06-24 01:38:57,205 [Listener at 127.0.0.1/44735] INFO  grpc.GrpcConfigKeys (ConfUtils.java:logGet(46)) - raft.grpc.server.async.request.thread.pool.size = 32 (default)
2022-06-24 01:38:57,208 [Listener at 127.0.0.1/44735] INFO  impl.DataStreamServerImpl (ConfUtils.java:logGet(46)) - raft.datastream.type = DISABLED (default)
2022-06-24 01:38:57,209 [Listener at 127.0.0.1/44735] INFO  server.RaftServerConfigKeys (ConfUtils.java:logGet(46)) - raft.server.threadpool.proxy.cached = true (default)
2022-06-24 01:38:57,209 [Listener at 127.0.0.1/44735] INFO  server.RaftServerConfigKeys (ConfUtils.java:logGet(46)) - raft.server.threadpool.proxy.size = 0 (default)
2022-06-24 01:38:57,209 [Listener at 127.0.0.1/44735] INFO  server.RaftServerConfigKeys (ConfUtils.java:logGet(46)) - raft.server.rpc.slowness.timeout = 300s (custom)
2022-06-24 01:38:57,209 [Listener at 127.0.0.1/44735] INFO  server.RaftServerConfigKeys (ConfUtils.java:logGet(46)) - raft.server.leaderelection.leader.step-down.wait-time = 10s (default)
2022-06-24 01:38:57,210 [Listener at 127.0.0.1/44735] INFO  server.RaftServerConfigKeys (ConfUtils.java:logGet(46)) - raft.server.storage.dir = [/home/runner/work/ozone/ozone/hadoop-ozone/integration-test/target/test-dir/MiniOzoneClusterImpl-c155f79f-1502-4c37-8e24-0bbcb716cadf/datanode-1/data/ratis] (custom)
2022-06-24 01:38:57,224 [Listener at 127.0.0.1/44735] INFO  server.XceiverServerGrpc (XceiverServerGrpc.java:<init>(132)) - GrpcServer channel type EpollServerSocketChannel
2022-06-24 01:38:57,239 [Listener at 127.0.0.1/44735] INFO  http.BaseHttpServer (BaseHttpServer.java:newHttpServer2BuilderForOzone(209)) - Starting Web-server for hddsDatanode at: http://0.0.0.0:0
2022-06-24 01:38:57,239 [Listener at 127.0.0.1/44735] INFO  http.BaseHttpServer (BaseHttpServer.java:<init>(107)) - Hadoop Security Enabled: false Ozone Security Enabled: false Ozone HTTP Security Enabled: false 
2022-06-24 01:38:57,241 [Listener at 127.0.0.1/44735] INFO  server.AuthenticationFilter (AuthenticationFilter.java:constructSecretProvider(240)) - Unable to initialize FileSignerSecretProvider, falling back to use random secrets.
2022-06-24 01:38:57,246 [Listener at 127.0.0.1/44735] WARN  http.HttpRequestLog (HttpRequestLog.java:getRequestLog(103)) - Jetty request log can only be enabled using Log4j
2022-06-24 01:38:57,248 [Listener at 127.0.0.1/44735] INFO  http.HttpServer2 (HttpServer2.java:addGlobalFilter(1029)) - Added global filter 'safety' (class=org.apache.hadoop.hdds.server.http.HttpServer2$QuotingInputFilter)
2022-06-24 01:38:57,249 [Listener at 127.0.0.1/44735] INFO  http.HttpServer2 (HttpServer2.java:addFilter(1005)) - Added filter static_user_filter (class=org.apache.hadoop.http.lib.StaticUserWebFilter$StaticUserFilter) to context hddsDatanode
2022-06-24 01:38:57,249 [Listener at 127.0.0.1/44735] INFO  http.HttpServer2 (HttpServer2.java:addFilter(1013)) - Added filter static_user_filter (class=org.apache.hadoop.http.lib.StaticUserWebFilter$StaticUserFilter) to context logs
2022-06-24 01:38:57,249 [Listener at 127.0.0.1/44735] INFO  http.HttpServer2 (HttpServer2.java:addFilter(1013)) - Added filter static_user_filter (class=org.apache.hadoop.http.lib.StaticUserWebFilter$StaticUserFilter) to context static
2022-06-24 01:38:57,250 [Listener at 127.0.0.1/44735] INFO  http.HttpServer2 (HttpServer2.java:bindListener(1248)) - Jetty bound to port 43267
2022-06-24 01:38:57,251 [Listener at 127.0.0.1/44735] INFO  server.Server (Server.java:doStart(375)) - jetty-9.4.43.v20210629; built: 2021-06-30T11:07:22.254Z; git: 526006ecfa3af7f1a27ef3a288e2bef7ea9dd7e8; jvm 1.8.0_332-b09
2022-06-24 01:38:57,262 [Listener at 127.0.0.1/44735] INFO  server.session (DefaultSessionIdManager.java:doStart(334)) - DefaultSessionIdManager workerName=node0
2022-06-24 01:38:57,262 [Listener at 127.0.0.1/44735] INFO  server.session (DefaultSessionIdManager.java:doStart(339)) - No SessionScavenger set, using defaults
2022-06-24 01:38:57,263 [Listener at 127.0.0.1/44735] INFO  server.session (HouseKeeper.java:startScavenging(132)) - node0 Scavenging every 600000ms
2022-06-24 01:38:57,270 [Listener at 127.0.0.1/44735] INFO  handler.ContextHandler (ContextHandler.java:doStart(915)) - Started o.e.j.s.ServletContextHandler@51a6748f{logs,/logs,file:///home/runner/work/ozone/ozone/hadoop-ozone/integration-test/target/log,AVAILABLE}
2022-06-24 01:38:57,271 [Listener at 127.0.0.1/44735] INFO  handler.ContextHandler (ContextHandler.java:doStart(915)) - Started o.e.j.s.ServletContextHandler@4eb8d146{static,/static,jar:file:/home/runner/.m2/repository/org/apache/ozone/hdds-container-service/1.3.0-SNAPSHOT/hdds-container-service-1.3.0-SNAPSHOT.jar!/webapps/static,AVAILABLE}
2022-06-24 01:38:57,316 [om1@group-C5BA1605619E-SegmentedRaftLogWorker] INFO  segmented.SegmentedRaftLogWorker (SegmentedRaftLogWorker.java:execute(629)) - om1@group-C5BA1605619E-SegmentedRaftLogWorker: created new log segment /home/runner/work/ozone/ozone/hadoop-ozone/integration-test/target/test-dir/MiniOzoneClusterImpl-c155f79f-1502-4c37-8e24-0bbcb716cadf/ozone-meta/ratis/bf265839-605b-3f16-9796-c5ba1605619e/current/log_inprogress_0
2022-06-24 01:38:57,498 [om1@group-C5BA1605619E-StateMachineUpdater] INFO  ratis.OzoneManagerStateMachine (OzoneManagerStateMachine.java:notifyConfigurationChanged(192)) - Received Configuration change notification from Ratis. New Peer list:
[id: "om1"
address: "localhost:9872"
]
2022-06-24 01:38:57,535 [Listener at 127.0.0.1/44735] INFO  handler.ContextHandler (ContextHandler.java:doStart(915)) - Started o.e.j.w.WebAppContext@79c29761{hddsDatanode,/,file:///tmp/jetty-0_0_0_0-43267-hdds-container-service-1_3_0-SNAPSHOT_jar-_-any-1817649719884399009/webapp/,AVAILABLE}{jar:file:/home/runner/.m2/repository/org/apache/ozone/hdds-container-service/1.3.0-SNAPSHOT/hdds-container-service-1.3.0-SNAPSHOT.jar!/webapps/hddsDatanode}
2022-06-24 01:38:57,539 [Listener at 127.0.0.1/44735] INFO  server.AbstractConnector (AbstractConnector.java:doStart(331)) - Started ServerConnector@58a1014f{HTTP/1.1, (http/1.1)}{0.0.0.0:43267}
2022-06-24 01:38:57,539 [Listener at 127.0.0.1/44735] INFO  server.Server (Server.java:doStart(415)) - Started @10972ms
2022-06-24 01:38:57,539 [Listener at 127.0.0.1/44735] WARN  impl.MetricsSystemImpl (MetricsSystemImpl.java:register(279)) - Sink prometheus already exists!
2022-06-24 01:38:57,540 [Listener at 127.0.0.1/44735] INFO  http.BaseHttpServer (BaseHttpServer.java:updateConnectorAddress(329)) - HTTP server of hddsDatanode listening at http://0.0.0.0:43267
2022-06-24 01:38:57,545 [Datanode State Machine Daemon Thread] INFO  statemachine.DatanodeStateMachine (DatanodeStateMachine.java:lambda$startDaemon$0(492)) - Ozone container server started.
2022-06-24 01:38:57,550 [Listener at 127.0.0.1/44735] WARN  impl.MetricRegistriesImpl (MetricRegistriesImpl.java:addReporterRegistration(111)) - New reporters are added after registries were created. Some metrics will be missing from the reporter. Please add reporter before adding any new registry.
2022-06-24 01:38:57,550 [Listener at 127.0.0.1/44735] WARN  impl.MetricRegistriesImpl (MetricRegistriesImpl.java:addReporterRegistration(111)) - New reporters are added after registries were created. Some metrics will be missing from the reporter. Please add reporter before adding any new registry.
2022-06-24 01:38:57,551 [Listener at 127.0.0.1/44735] INFO  impl.MetricsSystemImpl (MetricsSystemImpl.java:init(158)) - HddsDatanode metrics system started (again)
2022-06-24 01:38:57,564 [Listener at 127.0.0.1/44735] INFO  ozone.HddsDatanodeService (HddsDatanodeService.java:start(236)) - HddsDatanodeService host:fv-az66-546.vwcdieab4koerntclszyavmfxa.dx.internal.cloudapp.net ip:10.1.0.17
2022-06-24 01:38:57,572 [org.apache.hadoop.util.JvmPauseMonitor$Monitor@9594c3a] INFO  util.JvmPauseMonitor (JvmPauseMonitor.java:run(188)) - Starting JVM pause monitor
2022-06-24 01:38:57,587 [Datanode State Machine Task Thread - 0] INFO  datanode.InitDatanodeState (InitDatanodeState.java:persistContainerDatanodeDetails(138)) - DatanodeDetails is persisted to /home/runner/work/ozone/ozone/hadoop-ozone/integration-test/target/test-dir/MiniOzoneClusterImpl-c155f79f-1502-4c37-8e24-0bbcb716cadf/datanode-1/meta/datanode.id
2022-06-24 01:38:57,597 [Listener at 127.0.0.1/44735] INFO  upgrade.AbstractLayoutVersionManager (AbstractLayoutVersionManager.java:init(82)) - Initializing Layout version manager with metadata layout = DATANODE_SCHEMA_V3 (version = 4), software layout = DATANODE_SCHEMA_V3 (version = 4)
2022-06-24 01:38:57,649 [Listener at 127.0.0.1/44735] INFO  reflections.Reflections (Reflections.java:scan(232)) - Reflections took 50 ms to scan 7 urls, producing 131 keys and 316 values 
2022-06-24 01:38:57,652 [Listener at 127.0.0.1/44735] INFO  statemachine.DatanodeStateMachine (DatanodeStateMachine.java:getEndPointTaskThreadPoolSize(237)) - Datanode State Machine Task Thread Pool size 2
2022-06-24 01:38:57,655 [Listener at 127.0.0.1/44735] INFO  volume.HddsVolume (HddsVolume.java:<init>(116)) - Creating HddsVolume: /home/runner/work/ozone/ozone/hadoop-ozone/integration-test/target/test-dir/MiniOzoneClusterImpl-c155f79f-1502-4c37-8e24-0bbcb716cadf/datanode-2/data-0/containers/hdds of storage type : DISK capacity : 9223372036854775807
2022-06-24 01:38:57,655 [Listener at 127.0.0.1/44735] INFO  volume.MutableVolumeSet (MutableVolumeSet.java:initializeVolumeSet(174)) - Added Volume : /home/runner/work/ozone/ozone/hadoop-ozone/integration-test/target/test-dir/MiniOzoneClusterImpl-c155f79f-1502-4c37-8e24-0bbcb716cadf/datanode-2/data-0/containers/hdds to VolumeSet
2022-06-24 01:38:57,655 [Listener at 127.0.0.1/44735] INFO  volume.ThrottledAsyncChecker (ThrottledAsyncChecker.java:schedule(141)) - Scheduling a check for /home/runner/work/ozone/ozone/hadoop-ozone/integration-test/target/test-dir/MiniOzoneClusterImpl-c155f79f-1502-4c37-8e24-0bbcb716cadf/datanode-2/data-0/containers/hdds
2022-06-24 01:38:57,662 [Listener at 127.0.0.1/44735] INFO  volume.StorageVolumeChecker (StorageVolumeChecker.java:checkAllVolumes(202)) - Scheduled health check for volume /home/runner/work/ozone/ozone/hadoop-ozone/integration-test/target/test-dir/MiniOzoneClusterImpl-c155f79f-1502-4c37-8e24-0bbcb716cadf/datanode-2/data-0/containers/hdds
2022-06-24 01:38:57,674 [Listener at 127.0.0.1/44735] INFO  volume.MutableVolumeSet (MutableVolumeSet.java:initializeVolumeSet(174)) - Added Volume : /home/runner/work/ozone/ozone/hadoop-ozone/integration-test/target/test-dir/MiniOzoneClusterImpl-c155f79f-1502-4c37-8e24-0bbcb716cadf/datanode-2/data/ratis to VolumeSet
2022-06-24 01:38:57,675 [Listener at 127.0.0.1/44735] INFO  volume.ThrottledAsyncChecker (ThrottledAsyncChecker.java:schedule(141)) - Scheduling a check for /home/runner/work/ozone/ozone/hadoop-ozone/integration-test/target/test-dir/MiniOzoneClusterImpl-c155f79f-1502-4c37-8e24-0bbcb716cadf/datanode-2/data/ratis
2022-06-24 01:38:57,675 [Listener at 127.0.0.1/44735] INFO  volume.StorageVolumeChecker (StorageVolumeChecker.java:checkAllVolumes(202)) - Scheduled health check for volume /home/runner/work/ozone/ozone/hadoop-ozone/integration-test/target/test-dir/MiniOzoneClusterImpl-c155f79f-1502-4c37-8e24-0bbcb716cadf/datanode-2/data/ratis
2022-06-24 01:38:57,686 [Thread-162] INFO  ozoneimpl.ContainerReader (ContainerReader.java:readVolume(172)) - Finish verifying containers on volume /home/runner/work/ozone/ozone/hadoop-ozone/integration-test/target/test-dir/MiniOzoneClusterImpl-c155f79f-1502-4c37-8e24-0bbcb716cadf/datanode-2/data-0/containers/hdds
2022-06-24 01:38:57,687 [Listener at 127.0.0.1/44735] INFO  ozoneimpl.OzoneContainer (OzoneContainer.java:buildContainerSet(266)) - Build ContainerSet costs 0s
2022-06-24 01:38:57,690 [Listener at 127.0.0.1/44735] INFO  server.RaftServer (ConfUtils.java:logGet(46)) - raft.rpc.type = GRPC (default)
2022-06-24 01:38:57,690 [Listener at 127.0.0.1/44735] INFO  grpc.GrpcFactory (GrpcFactory.java:checkPooledByteBufAllocatorUseCacheForAllThreads(48)) - PERFORMANCE WARNING: useCacheForAllThreads is true that may cause Netty to create a lot garbage objects and, as a result, trigger GC.
	It is recommended to disable useCacheForAllThreads by setting -Dorg.apache.ratis.thirdparty.io.netty.allocator.useCacheForAllThreads=false in command line.
2022-06-24 01:38:57,691 [Listener at 127.0.0.1/44735] INFO  grpc.GrpcConfigKeys (ConfUtils.java:logGet(46)) - raft.grpc.admin.port = 0 (custom)
2022-06-24 01:38:57,691 [Listener at 127.0.0.1/44735] INFO  grpc.GrpcConfigKeys (ConfUtils.java:logGet(46)) - raft.grpc.client.port = 0 (custom)
2022-06-24 01:38:57,691 [Listener at 127.0.0.1/44735] INFO  grpc.GrpcConfigKeys (ConfUtils.java:logGet(46)) - raft.grpc.server.port = 0 (default)
2022-06-24 01:38:57,691 [Listener at 127.0.0.1/44735] INFO  server.GrpcService (ConfUtils.java:logGet(46)) - raft.grpc.message.size.max = 32MB (=33554432) (custom)
2022-06-24 01:38:57,691 [Listener at 127.0.0.1/44735] INFO  server.RaftServerConfigKeys (ConfUtils.java:logGet(46)) - raft.server.log.appender.buffer.byte-limit = 33554432 (custom)
2022-06-24 01:38:57,692 [Listener at 127.0.0.1/44735] INFO  server.GrpcService (ConfUtils.java:logGet(46)) - raft.grpc.flow.control.window = 5MB (=5242880) (custom)
2022-06-24 01:38:57,692 [Listener at 127.0.0.1/44735] INFO  server.RaftServerConfigKeys (ConfUtils.java:logGet(46)) - raft.server.rpc.request.timeout = 60s (custom)
2022-06-24 01:38:57,692 [Listener at 127.0.0.1/44735] INFO  grpc.GrpcConfigKeys (ConfUtils.java:logGet(46)) - raft.grpc.server.async.request.thread.pool.cached = true (default)
2022-06-24 01:38:57,693 [Listener at 127.0.0.1/44735] INFO  grpc.GrpcConfigKeys (ConfUtils.java:logGet(46)) - raft.grpc.server.async.request.thread.pool.size = 32 (default)
2022-06-24 01:38:57,694 [Listener at 127.0.0.1/44735] INFO  impl.DataStreamServerImpl (ConfUtils.java:logGet(46)) - raft.datastream.type = DISABLED (default)
2022-06-24 01:38:57,694 [Listener at 127.0.0.1/44735] INFO  server.RaftServerConfigKeys (ConfUtils.java:logGet(46)) - raft.server.threadpool.proxy.cached = true (default)
2022-06-24 01:38:57,695 [Listener at 127.0.0.1/44735] INFO  server.RaftServerConfigKeys (ConfUtils.java:logGet(46)) - raft.server.threadpool.proxy.size = 0 (default)
2022-06-24 01:38:57,695 [Listener at 127.0.0.1/44735] INFO  server.RaftServerConfigKeys (ConfUtils.java:logGet(46)) - raft.server.rpc.slowness.timeout = 300s (custom)
2022-06-24 01:38:57,695 [Listener at 127.0.0.1/44735] INFO  server.RaftServerConfigKeys (ConfUtils.java:logGet(46)) - raft.server.leaderelection.leader.step-down.wait-time = 10s (default)
2022-06-24 01:38:57,695 [Listener at 127.0.0.1/44735] INFO  server.RaftServerConfigKeys (ConfUtils.java:logGet(46)) - raft.server.storage.dir = [/home/runner/work/ozone/ozone/hadoop-ozone/integration-test/target/test-dir/MiniOzoneClusterImpl-c155f79f-1502-4c37-8e24-0bbcb716cadf/datanode-2/data/ratis] (custom)
2022-06-24 01:38:57,700 [Listener at 127.0.0.1/44735] INFO  server.XceiverServerGrpc (XceiverServerGrpc.java:<init>(132)) - GrpcServer channel type EpollServerSocketChannel
2022-06-24 01:38:57,704 [Listener at 127.0.0.1/44735] INFO  http.BaseHttpServer (BaseHttpServer.java:newHttpServer2BuilderForOzone(209)) - Starting Web-server for hddsDatanode at: http://0.0.0.0:0
2022-06-24 01:38:57,704 [Listener at 127.0.0.1/44735] INFO  http.BaseHttpServer (BaseHttpServer.java:<init>(107)) - Hadoop Security Enabled: false Ozone Security Enabled: false Ozone HTTP Security Enabled: false 
2022-06-24 01:38:57,706 [Listener at 127.0.0.1/44735] INFO  server.AuthenticationFilter (AuthenticationFilter.java:constructSecretProvider(240)) - Unable to initialize FileSignerSecretProvider, falling back to use random secrets.
2022-06-24 01:38:57,719 [Listener at 127.0.0.1/44735] WARN  http.HttpRequestLog (HttpRequestLog.java:getRequestLog(103)) - Jetty request log can only be enabled using Log4j
2022-06-24 01:38:57,720 [Listener at 127.0.0.1/44735] INFO  http.HttpServer2 (HttpServer2.java:addGlobalFilter(1029)) - Added global filter 'safety' (class=org.apache.hadoop.hdds.server.http.HttpServer2$QuotingInputFilter)
2022-06-24 01:38:57,721 [Listener at 127.0.0.1/44735] INFO  http.HttpServer2 (HttpServer2.java:addFilter(1005)) - Added filter static_user_filter (class=org.apache.hadoop.http.lib.StaticUserWebFilter$StaticUserFilter) to context hddsDatanode
2022-06-24 01:38:57,721 [Listener at 127.0.0.1/44735] INFO  http.HttpServer2 (HttpServer2.java:addFilter(1013)) - Added filter static_user_filter (class=org.apache.hadoop.http.lib.StaticUserWebFilter$StaticUserFilter) to context static
2022-06-24 01:38:57,722 [Listener at 127.0.0.1/44735] INFO  http.HttpServer2 (HttpServer2.java:addFilter(1013)) - Added filter static_user_filter (class=org.apache.hadoop.http.lib.StaticUserWebFilter$StaticUserFilter) to context logs
2022-06-24 01:38:57,723 [Listener at 127.0.0.1/44735] INFO  http.HttpServer2 (HttpServer2.java:bindListener(1248)) - Jetty bound to port 43879
2022-06-24 01:38:57,723 [Listener at 127.0.0.1/44735] INFO  server.Server (Server.java:doStart(375)) - jetty-9.4.43.v20210629; built: 2021-06-30T11:07:22.254Z; git: 526006ecfa3af7f1a27ef3a288e2bef7ea9dd7e8; jvm 1.8.0_332-b09
2022-06-24 01:38:57,728 [Listener at 127.0.0.1/44735] INFO  server.session (DefaultSessionIdManager.java:doStart(334)) - DefaultSessionIdManager workerName=node0
2022-06-24 01:38:57,728 [Listener at 127.0.0.1/44735] INFO  server.session (DefaultSessionIdManager.java:doStart(339)) - No SessionScavenger set, using defaults
2022-06-24 01:38:57,728 [Listener at 127.0.0.1/44735] INFO  server.session (HouseKeeper.java:startScavenging(132)) - node0 Scavenging every 660000ms
2022-06-24 01:38:57,730 [Listener at 127.0.0.1/44735] INFO  handler.ContextHandler (ContextHandler.java:doStart(915)) - Started o.e.j.s.ServletContextHandler@2256f141{logs,/logs,file:///home/runner/work/ozone/ozone/hadoop-ozone/integration-test/target/log,AVAILABLE}
2022-06-24 01:38:57,731 [Listener at 127.0.0.1/44735] INFO  handler.ContextHandler (ContextHandler.java:doStart(915)) - Started o.e.j.s.ServletContextHandler@6b366254{static,/static,jar:file:/home/runner/.m2/repository/org/apache/ozone/hdds-container-service/1.3.0-SNAPSHOT/hdds-container-service-1.3.0-SNAPSHOT.jar!/webapps/static,AVAILABLE}
2022-06-24 01:38:57,932 [Listener at 127.0.0.1/44735] INFO  handler.ContextHandler (ContextHandler.java:doStart(915)) - Started o.e.j.w.WebAppContext@2d6b3785{hddsDatanode,/,file:///tmp/jetty-0_0_0_0-43879-hdds-container-service-1_3_0-SNAPSHOT_jar-_-any-43526788095286498/webapp/,AVAILABLE}{jar:file:/home/runner/.m2/repository/org/apache/ozone/hdds-container-service/1.3.0-SNAPSHOT/hdds-container-service-1.3.0-SNAPSHOT.jar!/webapps/hddsDatanode}
2022-06-24 01:38:57,934 [Listener at 127.0.0.1/44735] INFO  server.AbstractConnector (AbstractConnector.java:doStart(331)) - Started ServerConnector@208ac9b8{HTTP/1.1, (http/1.1)}{0.0.0.0:43879}
2022-06-24 01:38:57,934 [Listener at 127.0.0.1/44735] INFO  server.Server (Server.java:doStart(415)) - Started @11368ms
2022-06-24 01:38:57,934 [Listener at 127.0.0.1/44735] WARN  impl.MetricsSystemImpl (MetricsSystemImpl.java:register(279)) - Sink prometheus already exists!
2022-06-24 01:38:57,935 [Listener at 127.0.0.1/44735] INFO  http.BaseHttpServer (BaseHttpServer.java:updateConnectorAddress(329)) - HTTP server of hddsDatanode listening at http://0.0.0.0:43879
2022-06-24 01:38:57,938 [Listener at 127.0.0.1/44735] WARN  impl.MetricRegistriesImpl (MetricRegistriesImpl.java:addReporterRegistration(111)) - New reporters are added after registries were created. Some metrics will be missing from the reporter. Please add reporter before adding any new registry.
2022-06-24 01:38:57,938 [Listener at 127.0.0.1/44735] WARN  impl.MetricRegistriesImpl (MetricRegistriesImpl.java:addReporterRegistration(111)) - New reporters are added after registries were created. Some metrics will be missing from the reporter. Please add reporter before adding any new registry.
2022-06-24 01:38:57,938 [Listener at 127.0.0.1/44735] INFO  impl.MetricsSystemImpl (MetricsSystemImpl.java:init(158)) - HddsDatanode metrics system started (again)
2022-06-24 01:38:57,939 [Datanode State Machine Daemon Thread] INFO  statemachine.DatanodeStateMachine (DatanodeStateMachine.java:lambda$startDaemon$0(492)) - Ozone container server started.
2022-06-24 01:38:57,951 [org.apache.hadoop.util.JvmPauseMonitor$Monitor@2136bf06] INFO  util.JvmPauseMonitor (JvmPauseMonitor.java:run(188)) - Starting JVM pause monitor
2022-06-24 01:38:57,956 [Listener at 127.0.0.1/44735] INFO  ozone.HddsDatanodeService (HddsDatanodeService.java:start(236)) - HddsDatanodeService host:fv-az66-546.vwcdieab4koerntclszyavmfxa.dx.internal.cloudapp.net ip:10.1.0.17
2022-06-24 01:38:57,960 [Datanode State Machine Task Thread - 0] INFO  datanode.InitDatanodeState (InitDatanodeState.java:persistContainerDatanodeDetails(138)) - DatanodeDetails is persisted to /home/runner/work/ozone/ozone/hadoop-ozone/integration-test/target/test-dir/MiniOzoneClusterImpl-c155f79f-1502-4c37-8e24-0bbcb716cadf/datanode-2/meta/datanode.id
2022-06-24 01:38:57,987 [Listener at 127.0.0.1/44735] INFO  upgrade.AbstractLayoutVersionManager (AbstractLayoutVersionManager.java:init(82)) - Initializing Layout version manager with metadata layout = DATANODE_SCHEMA_V3 (version = 4), software layout = DATANODE_SCHEMA_V3 (version = 4)
2022-06-24 01:38:58,035 [Listener at 127.0.0.1/44735] INFO  reflections.Reflections (Reflections.java:scan(232)) - Reflections took 46 ms to scan 7 urls, producing 131 keys and 316 values 
2022-06-24 01:38:58,037 [Listener at 127.0.0.1/44735] INFO  statemachine.DatanodeStateMachine (DatanodeStateMachine.java:getEndPointTaskThreadPoolSize(237)) - Datanode State Machine Task Thread Pool size 2
2022-06-24 01:38:58,042 [Listener at 127.0.0.1/44735] INFO  volume.HddsVolume (HddsVolume.java:<init>(116)) - Creating HddsVolume: /home/runner/work/ozone/ozone/hadoop-ozone/integration-test/target/test-dir/MiniOzoneClusterImpl-c155f79f-1502-4c37-8e24-0bbcb716cadf/datanode-3/data-0/containers/hdds of storage type : DISK capacity : 9223372036854775807
2022-06-24 01:38:58,042 [Listener at 127.0.0.1/44735] INFO  volume.MutableVolumeSet (MutableVolumeSet.java:initializeVolumeSet(174)) - Added Volume : /home/runner/work/ozone/ozone/hadoop-ozone/integration-test/target/test-dir/MiniOzoneClusterImpl-c155f79f-1502-4c37-8e24-0bbcb716cadf/datanode-3/data-0/containers/hdds to VolumeSet
2022-06-24 01:38:58,043 [Listener at 127.0.0.1/44735] INFO  volume.ThrottledAsyncChecker (ThrottledAsyncChecker.java:schedule(141)) - Scheduling a check for /home/runner/work/ozone/ozone/hadoop-ozone/integration-test/target/test-dir/MiniOzoneClusterImpl-c155f79f-1502-4c37-8e24-0bbcb716cadf/datanode-3/data-0/containers/hdds
2022-06-24 01:38:58,044 [Listener at 127.0.0.1/44735] INFO  volume.StorageVolumeChecker (StorageVolumeChecker.java:checkAllVolumes(202)) - Scheduled health check for volume /home/runner/work/ozone/ozone/hadoop-ozone/integration-test/target/test-dir/MiniOzoneClusterImpl-c155f79f-1502-4c37-8e24-0bbcb716cadf/datanode-3/data-0/containers/hdds
2022-06-24 01:38:58,061 [Listener at 127.0.0.1/44735] INFO  volume.MutableVolumeSet (MutableVolumeSet.java:initializeVolumeSet(174)) - Added Volume : /home/runner/work/ozone/ozone/hadoop-ozone/integration-test/target/test-dir/MiniOzoneClusterImpl-c155f79f-1502-4c37-8e24-0bbcb716cadf/datanode-3/data/ratis to VolumeSet
2022-06-24 01:38:58,061 [Listener at 127.0.0.1/44735] INFO  volume.ThrottledAsyncChecker (ThrottledAsyncChecker.java:schedule(141)) - Scheduling a check for /home/runner/work/ozone/ozone/hadoop-ozone/integration-test/target/test-dir/MiniOzoneClusterImpl-c155f79f-1502-4c37-8e24-0bbcb716cadf/datanode-3/data/ratis
2022-06-24 01:38:58,062 [Listener at 127.0.0.1/44735] INFO  volume.StorageVolumeChecker (StorageVolumeChecker.java:checkAllVolumes(202)) - Scheduled health check for volume /home/runner/work/ozone/ozone/hadoop-ozone/integration-test/target/test-dir/MiniOzoneClusterImpl-c155f79f-1502-4c37-8e24-0bbcb716cadf/datanode-3/data/ratis
2022-06-24 01:38:58,076 [Thread-175] INFO  ozoneimpl.ContainerReader (ContainerReader.java:readVolume(172)) - Finish verifying containers on volume /home/runner/work/ozone/ozone/hadoop-ozone/integration-test/target/test-dir/MiniOzoneClusterImpl-c155f79f-1502-4c37-8e24-0bbcb716cadf/datanode-3/data-0/containers/hdds
2022-06-24 01:38:58,076 [Listener at 127.0.0.1/44735] INFO  ozoneimpl.OzoneContainer (OzoneContainer.java:buildContainerSet(266)) - Build ContainerSet costs 0s
2022-06-24 01:38:58,081 [Listener at 127.0.0.1/44735] INFO  server.RaftServer (ConfUtils.java:logGet(46)) - raft.rpc.type = GRPC (default)
2022-06-24 01:38:58,081 [Listener at 127.0.0.1/44735] INFO  grpc.GrpcFactory (GrpcFactory.java:checkPooledByteBufAllocatorUseCacheForAllThreads(48)) - PERFORMANCE WARNING: useCacheForAllThreads is true that may cause Netty to create a lot garbage objects and, as a result, trigger GC.
	It is recommended to disable useCacheForAllThreads by setting -Dorg.apache.ratis.thirdparty.io.netty.allocator.useCacheForAllThreads=false in command line.
2022-06-24 01:38:58,081 [Listener at 127.0.0.1/44735] INFO  grpc.GrpcConfigKeys (ConfUtils.java:logGet(46)) - raft.grpc.admin.port = 0 (custom)
2022-06-24 01:38:58,081 [Listener at 127.0.0.1/44735] INFO  grpc.GrpcConfigKeys (ConfUtils.java:logGet(46)) - raft.grpc.client.port = 0 (custom)
2022-06-24 01:38:58,081 [Listener at 127.0.0.1/44735] INFO  grpc.GrpcConfigKeys (ConfUtils.java:logGet(46)) - raft.grpc.server.port = 0 (default)
2022-06-24 01:38:58,082 [Listener at 127.0.0.1/44735] INFO  server.GrpcService (ConfUtils.java:logGet(46)) - raft.grpc.message.size.max = 32MB (=33554432) (custom)
2022-06-24 01:38:58,082 [Listener at 127.0.0.1/44735] INFO  server.RaftServerConfigKeys (ConfUtils.java:logGet(46)) - raft.server.log.appender.buffer.byte-limit = 33554432 (custom)
2022-06-24 01:38:58,082 [Listener at 127.0.0.1/44735] INFO  server.GrpcService (ConfUtils.java:logGet(46)) - raft.grpc.flow.control.window = 5MB (=5242880) (custom)
2022-06-24 01:38:58,082 [Listener at 127.0.0.1/44735] INFO  server.RaftServerConfigKeys (ConfUtils.java:logGet(46)) - raft.server.rpc.request.timeout = 60s (custom)
2022-06-24 01:38:58,083 [Listener at 127.0.0.1/44735] INFO  grpc.GrpcConfigKeys (ConfUtils.java:logGet(46)) - raft.grpc.server.async.request.thread.pool.cached = true (default)
2022-06-24 01:38:58,083 [Listener at 127.0.0.1/44735] INFO  grpc.GrpcConfigKeys (ConfUtils.java:logGet(46)) - raft.grpc.server.async.request.thread.pool.size = 32 (default)
2022-06-24 01:38:58,084 [Listener at 127.0.0.1/44735] INFO  impl.DataStreamServerImpl (ConfUtils.java:logGet(46)) - raft.datastream.type = DISABLED (default)
2022-06-24 01:38:58,085 [Listener at 127.0.0.1/44735] INFO  server.RaftServerConfigKeys (ConfUtils.java:logGet(46)) - raft.server.threadpool.proxy.cached = true (default)
2022-06-24 01:38:58,085 [Listener at 127.0.0.1/44735] INFO  server.RaftServerConfigKeys (ConfUtils.java:logGet(46)) - raft.server.threadpool.proxy.size = 0 (default)
2022-06-24 01:38:58,085 [Listener at 127.0.0.1/44735] INFO  server.RaftServerConfigKeys (ConfUtils.java:logGet(46)) - raft.server.rpc.slowness.timeout = 300s (custom)
2022-06-24 01:38:58,085 [Listener at 127.0.0.1/44735] INFO  server.RaftServerConfigKeys (ConfUtils.java:logGet(46)) - raft.server.leaderelection.leader.step-down.wait-time = 10s (default)
2022-06-24 01:38:58,085 [Listener at 127.0.0.1/44735] INFO  server.RaftServerConfigKeys (ConfUtils.java:logGet(46)) - raft.server.storage.dir = [/home/runner/work/ozone/ozone/hadoop-ozone/integration-test/target/test-dir/MiniOzoneClusterImpl-c155f79f-1502-4c37-8e24-0bbcb716cadf/datanode-3/data/ratis] (custom)
2022-06-24 01:38:58,088 [Listener at 127.0.0.1/44735] INFO  server.XceiverServerGrpc (XceiverServerGrpc.java:<init>(132)) - GrpcServer channel type EpollServerSocketChannel
2022-06-24 01:38:58,092 [Listener at 127.0.0.1/44735] INFO  http.BaseHttpServer (BaseHttpServer.java:newHttpServer2BuilderForOzone(209)) - Starting Web-server for hddsDatanode at: http://0.0.0.0:0
2022-06-24 01:38:58,092 [Listener at 127.0.0.1/44735] INFO  http.BaseHttpServer (BaseHttpServer.java:<init>(107)) - Hadoop Security Enabled: false Ozone Security Enabled: false Ozone HTTP Security Enabled: false 
2022-06-24 01:38:58,094 [Listener at 127.0.0.1/44735] INFO  server.AuthenticationFilter (AuthenticationFilter.java:constructSecretProvider(240)) - Unable to initialize FileSignerSecretProvider, falling back to use random secrets.
2022-06-24 01:38:58,094 [Listener at 127.0.0.1/44735] WARN  http.HttpRequestLog (HttpRequestLog.java:getRequestLog(103)) - Jetty request log can only be enabled using Log4j
2022-06-24 01:38:58,096 [Listener at 127.0.0.1/44735] INFO  http.HttpServer2 (HttpServer2.java:addGlobalFilter(1029)) - Added global filter 'safety' (class=org.apache.hadoop.hdds.server.http.HttpServer2$QuotingInputFilter)
2022-06-24 01:38:58,097 [Listener at 127.0.0.1/44735] INFO  http.HttpServer2 (HttpServer2.java:addFilter(1005)) - Added filter static_user_filter (class=org.apache.hadoop.http.lib.StaticUserWebFilter$StaticUserFilter) to context hddsDatanode
2022-06-24 01:38:58,097 [Listener at 127.0.0.1/44735] INFO  http.HttpServer2 (HttpServer2.java:addFilter(1013)) - Added filter static_user_filter (class=org.apache.hadoop.http.lib.StaticUserWebFilter$StaticUserFilter) to context logs
2022-06-24 01:38:58,097 [Listener at 127.0.0.1/44735] INFO  http.HttpServer2 (HttpServer2.java:addFilter(1013)) - Added filter static_user_filter (class=org.apache.hadoop.http.lib.StaticUserWebFilter$StaticUserFilter) to context static
2022-06-24 01:38:58,098 [Listener at 127.0.0.1/44735] INFO  http.HttpServer2 (HttpServer2.java:bindListener(1248)) - Jetty bound to port 36009
2022-06-24 01:38:58,098 [Listener at 127.0.0.1/44735] INFO  server.Server (Server.java:doStart(375)) - jetty-9.4.43.v20210629; built: 2021-06-30T11:07:22.254Z; git: 526006ecfa3af7f1a27ef3a288e2bef7ea9dd7e8; jvm 1.8.0_332-b09
2022-06-24 01:38:58,102 [Listener at 127.0.0.1/44735] INFO  server.session (DefaultSessionIdManager.java:doStart(334)) - DefaultSessionIdManager workerName=node0
2022-06-24 01:38:58,102 [Listener at 127.0.0.1/44735] INFO  server.session (DefaultSessionIdManager.java:doStart(339)) - No SessionScavenger set, using defaults
2022-06-24 01:38:58,103 [Listener at 127.0.0.1/44735] INFO  server.session (HouseKeeper.java:startScavenging(132)) - node0 Scavenging every 660000ms
2022-06-24 01:38:58,104 [Listener at 127.0.0.1/44735] INFO  handler.ContextHandler (ContextHandler.java:doStart(915)) - Started o.e.j.s.ServletContextHandler@2b9f0fee{logs,/logs,file:///home/runner/work/ozone/ozone/hadoop-ozone/integration-test/target/log,AVAILABLE}
2022-06-24 01:38:58,105 [Listener at 127.0.0.1/44735] INFO  handler.ContextHandler (ContextHandler.java:doStart(915)) - Started o.e.j.s.ServletContextHandler@16c2eaa3{static,/static,jar:file:/home/runner/.m2/repository/org/apache/ozone/hdds-container-service/1.3.0-SNAPSHOT/hdds-container-service-1.3.0-SNAPSHOT.jar!/webapps/static,AVAILABLE}
2022-06-24 01:38:58,309 [Listener at 127.0.0.1/44735] INFO  handler.ContextHandler (ContextHandler.java:doStart(915)) - Started o.e.j.w.WebAppContext@3eb022c2{hddsDatanode,/,file:///tmp/jetty-0_0_0_0-36009-hdds-container-service-1_3_0-SNAPSHOT_jar-_-any-8256480894881527391/webapp/,AVAILABLE}{jar:file:/home/runner/.m2/repository/org/apache/ozone/hdds-container-service/1.3.0-SNAPSHOT/hdds-container-service-1.3.0-SNAPSHOT.jar!/webapps/hddsDatanode}
2022-06-24 01:38:58,311 [Listener at 127.0.0.1/44735] INFO  server.AbstractConnector (AbstractConnector.java:doStart(331)) - Started ServerConnector@4b5497bf{HTTP/1.1, (http/1.1)}{0.0.0.0:36009}
2022-06-24 01:38:58,311 [Listener at 127.0.0.1/44735] INFO  server.Server (Server.java:doStart(415)) - Started @11744ms
2022-06-24 01:38:58,311 [Listener at 127.0.0.1/44735] WARN  impl.MetricsSystemImpl (MetricsSystemImpl.java:register(279)) - Sink prometheus already exists!
2022-06-24 01:38:58,312 [Listener at 127.0.0.1/44735] INFO  http.BaseHttpServer (BaseHttpServer.java:updateConnectorAddress(329)) - HTTP server of hddsDatanode listening at http://0.0.0.0:36009
2022-06-24 01:38:58,316 [Datanode State Machine Daemon Thread] INFO  statemachine.DatanodeStateMachine (DatanodeStateMachine.java:lambda$startDaemon$0(492)) - Ozone container server started.
2022-06-24 01:38:58,316 [Listener at 127.0.0.1/44735] WARN  impl.MetricRegistriesImpl (MetricRegistriesImpl.java:addReporterRegistration(111)) - New reporters are added after registries were created. Some metrics will be missing from the reporter. Please add reporter before adding any new registry.
2022-06-24 01:38:58,318 [Listener at 127.0.0.1/44735] WARN  impl.MetricRegistriesImpl (MetricRegistriesImpl.java:addReporterRegistration(111)) - New reporters are added after registries were created. Some metrics will be missing from the reporter. Please add reporter before adding any new registry.
2022-06-24 01:38:58,318 [Listener at 127.0.0.1/44735] INFO  impl.MetricsSystemImpl (MetricsSystemImpl.java:init(158)) - HddsDatanode metrics system started (again)
2022-06-24 01:38:58,326 [org.apache.hadoop.util.JvmPauseMonitor$Monitor@63f57c5b] INFO  util.JvmPauseMonitor (JvmPauseMonitor.java:run(188)) - Starting JVM pause monitor
2022-06-24 01:38:58,331 [Listener at 127.0.0.1/44735] INFO  ozone.HddsDatanodeService (HddsDatanodeService.java:start(236)) - HddsDatanodeService host:fv-az66-546.vwcdieab4koerntclszyavmfxa.dx.internal.cloudapp.net ip:10.1.0.17
2022-06-24 01:38:58,336 [Datanode State Machine Task Thread - 0] INFO  datanode.InitDatanodeState (InitDatanodeState.java:persistContainerDatanodeDetails(138)) - DatanodeDetails is persisted to /home/runner/work/ozone/ozone/hadoop-ozone/integration-test/target/test-dir/MiniOzoneClusterImpl-c155f79f-1502-4c37-8e24-0bbcb716cadf/datanode-3/meta/datanode.id
2022-06-24 01:38:58,358 [Listener at 127.0.0.1/44735] INFO  upgrade.AbstractLayoutVersionManager (AbstractLayoutVersionManager.java:init(82)) - Initializing Layout version manager with metadata layout = DATANODE_SCHEMA_V3 (version = 4), software layout = DATANODE_SCHEMA_V3 (version = 4)
2022-06-24 01:38:58,407 [Listener at 127.0.0.1/44735] INFO  reflections.Reflections (Reflections.java:scan(232)) - Reflections took 47 ms to scan 7 urls, producing 131 keys and 316 values 
2022-06-24 01:38:58,409 [Listener at 127.0.0.1/44735] INFO  statemachine.DatanodeStateMachine (DatanodeStateMachine.java:getEndPointTaskThreadPoolSize(237)) - Datanode State Machine Task Thread Pool size 2
2022-06-24 01:38:58,415 [Listener at 127.0.0.1/44735] INFO  volume.HddsVolume (HddsVolume.java:<init>(116)) - Creating HddsVolume: /home/runner/work/ozone/ozone/hadoop-ozone/integration-test/target/test-dir/MiniOzoneClusterImpl-c155f79f-1502-4c37-8e24-0bbcb716cadf/datanode-4/data-0/containers/hdds of storage type : DISK capacity : 9223372036854775807
2022-06-24 01:38:58,415 [Listener at 127.0.0.1/44735] INFO  volume.MutableVolumeSet (MutableVolumeSet.java:initializeVolumeSet(174)) - Added Volume : /home/runner/work/ozone/ozone/hadoop-ozone/integration-test/target/test-dir/MiniOzoneClusterImpl-c155f79f-1502-4c37-8e24-0bbcb716cadf/datanode-4/data-0/containers/hdds to VolumeSet
2022-06-24 01:38:58,416 [Listener at 127.0.0.1/44735] INFO  volume.ThrottledAsyncChecker (ThrottledAsyncChecker.java:schedule(141)) - Scheduling a check for /home/runner/work/ozone/ozone/hadoop-ozone/integration-test/target/test-dir/MiniOzoneClusterImpl-c155f79f-1502-4c37-8e24-0bbcb716cadf/datanode-4/data-0/containers/hdds
2022-06-24 01:38:58,417 [Listener at 127.0.0.1/44735] INFO  volume.StorageVolumeChecker (StorageVolumeChecker.java:checkAllVolumes(202)) - Scheduled health check for volume /home/runner/work/ozone/ozone/hadoop-ozone/integration-test/target/test-dir/MiniOzoneClusterImpl-c155f79f-1502-4c37-8e24-0bbcb716cadf/datanode-4/data-0/containers/hdds
2022-06-24 01:38:58,430 [Listener at 127.0.0.1/44735] INFO  volume.MutableVolumeSet (MutableVolumeSet.java:initializeVolumeSet(174)) - Added Volume : /home/runner/work/ozone/ozone/hadoop-ozone/integration-test/target/test-dir/MiniOzoneClusterImpl-c155f79f-1502-4c37-8e24-0bbcb716cadf/datanode-4/data/ratis to VolumeSet
2022-06-24 01:38:58,430 [Listener at 127.0.0.1/44735] INFO  volume.ThrottledAsyncChecker (ThrottledAsyncChecker.java:schedule(141)) - Scheduling a check for /home/runner/work/ozone/ozone/hadoop-ozone/integration-test/target/test-dir/MiniOzoneClusterImpl-c155f79f-1502-4c37-8e24-0bbcb716cadf/datanode-4/data/ratis
2022-06-24 01:38:58,430 [Listener at 127.0.0.1/44735] INFO  volume.StorageVolumeChecker (StorageVolumeChecker.java:checkAllVolumes(202)) - Scheduled health check for volume /home/runner/work/ozone/ozone/hadoop-ozone/integration-test/target/test-dir/MiniOzoneClusterImpl-c155f79f-1502-4c37-8e24-0bbcb716cadf/datanode-4/data/ratis
2022-06-24 01:38:58,442 [Thread-188] INFO  ozoneimpl.ContainerReader (ContainerReader.java:readVolume(172)) - Finish verifying containers on volume /home/runner/work/ozone/ozone/hadoop-ozone/integration-test/target/test-dir/MiniOzoneClusterImpl-c155f79f-1502-4c37-8e24-0bbcb716cadf/datanode-4/data-0/containers/hdds
2022-06-24 01:38:58,443 [Listener at 127.0.0.1/44735] INFO  ozoneimpl.OzoneContainer (OzoneContainer.java:buildContainerSet(266)) - Build ContainerSet costs 0s
2022-06-24 01:38:58,446 [Listener at 127.0.0.1/44735] INFO  server.RaftServer (ConfUtils.java:logGet(46)) - raft.rpc.type = GRPC (default)
2022-06-24 01:38:58,447 [Listener at 127.0.0.1/44735] INFO  grpc.GrpcFactory (GrpcFactory.java:checkPooledByteBufAllocatorUseCacheForAllThreads(48)) - PERFORMANCE WARNING: useCacheForAllThreads is true that may cause Netty to create a lot garbage objects and, as a result, trigger GC.
	It is recommended to disable useCacheForAllThreads by setting -Dorg.apache.ratis.thirdparty.io.netty.allocator.useCacheForAllThreads=false in command line.
2022-06-24 01:38:58,447 [Listener at 127.0.0.1/44735] INFO  grpc.GrpcConfigKeys (ConfUtils.java:logGet(46)) - raft.grpc.admin.port = 0 (custom)
2022-06-24 01:38:58,447 [Listener at 127.0.0.1/44735] INFO  grpc.GrpcConfigKeys (ConfUtils.java:logGet(46)) - raft.grpc.client.port = 0 (custom)
2022-06-24 01:38:58,447 [Listener at 127.0.0.1/44735] INFO  grpc.GrpcConfigKeys (ConfUtils.java:logGet(46)) - raft.grpc.server.port = 0 (default)
2022-06-24 01:38:58,448 [Listener at 127.0.0.1/44735] INFO  server.GrpcService (ConfUtils.java:logGet(46)) - raft.grpc.message.size.max = 32MB (=33554432) (custom)
2022-06-24 01:38:58,448 [Listener at 127.0.0.1/44735] INFO  server.RaftServerConfigKeys (ConfUtils.java:logGet(46)) - raft.server.log.appender.buffer.byte-limit = 33554432 (custom)
2022-06-24 01:38:58,448 [Listener at 127.0.0.1/44735] INFO  server.GrpcService (ConfUtils.java:logGet(46)) - raft.grpc.flow.control.window = 5MB (=5242880) (custom)
2022-06-24 01:38:58,448 [Listener at 127.0.0.1/44735] INFO  server.RaftServerConfigKeys (ConfUtils.java:logGet(46)) - raft.server.rpc.request.timeout = 60s (custom)
2022-06-24 01:38:58,448 [Listener at 127.0.0.1/44735] INFO  grpc.GrpcConfigKeys (ConfUtils.java:logGet(46)) - raft.grpc.server.async.request.thread.pool.cached = true (default)
2022-06-24 01:38:58,449 [Listener at 127.0.0.1/44735] INFO  grpc.GrpcConfigKeys (ConfUtils.java:logGet(46)) - raft.grpc.server.async.request.thread.pool.size = 32 (default)
2022-06-24 01:38:58,450 [Listener at 127.0.0.1/44735] INFO  impl.DataStreamServerImpl (ConfUtils.java:logGet(46)) - raft.datastream.type = DISABLED (default)
2022-06-24 01:38:58,451 [Listener at 127.0.0.1/44735] INFO  server.RaftServerConfigKeys (ConfUtils.java:logGet(46)) - raft.server.threadpool.proxy.cached = true (default)
2022-06-24 01:38:58,451 [Listener at 127.0.0.1/44735] INFO  server.RaftServerConfigKeys (ConfUtils.java:logGet(46)) - raft.server.threadpool.proxy.size = 0 (default)
2022-06-24 01:38:58,451 [Listener at 127.0.0.1/44735] INFO  server.RaftServerConfigKeys (ConfUtils.java:logGet(46)) - raft.server.rpc.slowness.timeout = 300s (custom)
2022-06-24 01:38:58,451 [Listener at 127.0.0.1/44735] INFO  server.RaftServerConfigKeys (ConfUtils.java:logGet(46)) - raft.server.leaderelection.leader.step-down.wait-time = 10s (default)
2022-06-24 01:38:58,452 [Listener at 127.0.0.1/44735] INFO  server.RaftServerConfigKeys (ConfUtils.java:logGet(46)) - raft.server.storage.dir = [/home/runner/work/ozone/ozone/hadoop-ozone/integration-test/target/test-dir/MiniOzoneClusterImpl-c155f79f-1502-4c37-8e24-0bbcb716cadf/datanode-4/data/ratis] (custom)
2022-06-24 01:38:58,454 [Listener at 127.0.0.1/44735] INFO  server.XceiverServerGrpc (XceiverServerGrpc.java:<init>(132)) - GrpcServer channel type EpollServerSocketChannel
2022-06-24 01:38:58,458 [Listener at 127.0.0.1/44735] INFO  http.BaseHttpServer (BaseHttpServer.java:newHttpServer2BuilderForOzone(209)) - Starting Web-server for hddsDatanode at: http://0.0.0.0:0
2022-06-24 01:38:58,458 [Listener at 127.0.0.1/44735] INFO  http.BaseHttpServer (BaseHttpServer.java:<init>(107)) - Hadoop Security Enabled: false Ozone Security Enabled: false Ozone HTTP Security Enabled: false 
2022-06-24 01:38:58,460 [Listener at 127.0.0.1/44735] INFO  server.AuthenticationFilter (AuthenticationFilter.java:constructSecretProvider(240)) - Unable to initialize FileSignerSecretProvider, falling back to use random secrets.
2022-06-24 01:38:58,461 [Listener at 127.0.0.1/44735] WARN  http.HttpRequestLog (HttpRequestLog.java:getRequestLog(103)) - Jetty request log can only be enabled using Log4j
2022-06-24 01:38:58,463 [Listener at 127.0.0.1/44735] INFO  http.HttpServer2 (HttpServer2.java:addGlobalFilter(1029)) - Added global filter 'safety' (class=org.apache.hadoop.hdds.server.http.HttpServer2$QuotingInputFilter)
2022-06-24 01:38:58,463 [Listener at 127.0.0.1/44735] INFO  http.HttpServer2 (HttpServer2.java:addFilter(1005)) - Added filter static_user_filter (class=org.apache.hadoop.http.lib.StaticUserWebFilter$StaticUserFilter) to context hddsDatanode
2022-06-24 01:38:58,464 [Listener at 127.0.0.1/44735] INFO  http.HttpServer2 (HttpServer2.java:addFilter(1013)) - Added filter static_user_filter (class=org.apache.hadoop.http.lib.StaticUserWebFilter$StaticUserFilter) to context logs
2022-06-24 01:38:58,464 [Listener at 127.0.0.1/44735] INFO  http.HttpServer2 (HttpServer2.java:addFilter(1013)) - Added filter static_user_filter (class=org.apache.hadoop.http.lib.StaticUserWebFilter$StaticUserFilter) to context static
2022-06-24 01:38:58,464 [Listener at 127.0.0.1/44735] INFO  http.HttpServer2 (HttpServer2.java:bindListener(1248)) - Jetty bound to port 45261
2022-06-24 01:38:58,465 [Listener at 127.0.0.1/44735] INFO  server.Server (Server.java:doStart(375)) - jetty-9.4.43.v20210629; built: 2021-06-30T11:07:22.254Z; git: 526006ecfa3af7f1a27ef3a288e2bef7ea9dd7e8; jvm 1.8.0_332-b09
2022-06-24 01:38:58,469 [Listener at 127.0.0.1/44735] INFO  server.session (DefaultSessionIdManager.java:doStart(334)) - DefaultSessionIdManager workerName=node0
2022-06-24 01:38:58,469 [Listener at 127.0.0.1/44735] INFO  server.session (DefaultSessionIdManager.java:doStart(339)) - No SessionScavenger set, using defaults
2022-06-24 01:38:58,470 [Listener at 127.0.0.1/44735] INFO  server.session (HouseKeeper.java:startScavenging(132)) - node0 Scavenging every 660000ms
2022-06-24 01:38:58,471 [Listener at 127.0.0.1/44735] INFO  handler.ContextHandler (ContextHandler.java:doStart(915)) - Started o.e.j.s.ServletContextHandler@44be009c{logs,/logs,file:///home/runner/work/ozone/ozone/hadoop-ozone/integration-test/target/log,AVAILABLE}
2022-06-24 01:38:58,471 [Listener at 127.0.0.1/44735] INFO  handler.ContextHandler (ContextHandler.java:doStart(915)) - Started o.e.j.s.ServletContextHandler@16867cdf{static,/static,jar:file:/home/runner/.m2/repository/org/apache/ozone/hdds-container-service/1.3.0-SNAPSHOT/hdds-container-service-1.3.0-SNAPSHOT.jar!/webapps/static,AVAILABLE}
2022-06-24 01:38:58,679 [Listener at 127.0.0.1/44735] INFO  handler.ContextHandler (ContextHandler.java:doStart(915)) - Started o.e.j.w.WebAppContext@4fee97bd{hddsDatanode,/,file:///tmp/jetty-0_0_0_0-45261-hdds-container-service-1_3_0-SNAPSHOT_jar-_-any-7554322478633331734/webapp/,AVAILABLE}{jar:file:/home/runner/.m2/repository/org/apache/ozone/hdds-container-service/1.3.0-SNAPSHOT/hdds-container-service-1.3.0-SNAPSHOT.jar!/webapps/hddsDatanode}
2022-06-24 01:38:58,681 [Listener at 127.0.0.1/44735] INFO  server.AbstractConnector (AbstractConnector.java:doStart(331)) - Started ServerConnector@7a2141b4{HTTP/1.1, (http/1.1)}{0.0.0.0:45261}
2022-06-24 01:38:58,681 [Listener at 127.0.0.1/44735] INFO  server.Server (Server.java:doStart(415)) - Started @12115ms
2022-06-24 01:38:58,682 [Listener at 127.0.0.1/44735] WARN  impl.MetricsSystemImpl (MetricsSystemImpl.java:register(279)) - Sink prometheus already exists!
2022-06-24 01:38:58,683 [Listener at 127.0.0.1/44735] INFO  http.BaseHttpServer (BaseHttpServer.java:updateConnectorAddress(329)) - HTTP server of hddsDatanode listening at http://0.0.0.0:45261
2022-06-24 01:38:58,685 [Listener at 127.0.0.1/44735] INFO  ozone.MiniOzoneClusterImpl (MiniOzoneClusterImpl.java:lambda$waitForClusterToBeReady$0(223)) - Waiting for nodes to be ready. Got 0 of 5 DN Heartbeats.
2022-06-24 01:38:58,685 [Listener at 127.0.0.1/44735] INFO  ozone.MiniOzoneClusterImpl (MiniOzoneClusterImpl.java:lambda$waitForClusterToBeReady$0(226)) - Waiting for cluster to exit safe mode
2022-06-24 01:38:58,685 [Listener at 127.0.0.1/44735] INFO  ozone.MiniOzoneClusterImpl (MiniOzoneClusterImpl.java:lambda$waitForClusterToBeReady$0(228)) - SCM became leader
2022-06-24 01:38:58,685 [Datanode State Machine Daemon Thread] INFO  statemachine.DatanodeStateMachine (DatanodeStateMachine.java:lambda$startDaemon$0(492)) - Ozone container server started.
2022-06-24 01:38:58,688 [org.apache.hadoop.util.JvmPauseMonitor$Monitor@3c4d8150] INFO  util.JvmPauseMonitor (JvmPauseMonitor.java:run(188)) - Starting JVM pause monitor
2022-06-24 01:38:58,690 [Datanode State Machine Task Thread - 0] INFO  datanode.InitDatanodeState (InitDatanodeState.java:persistContainerDatanodeDetails(138)) - DatanodeDetails is persisted to /home/runner/work/ozone/ozone/hadoop-ozone/integration-test/target/test-dir/MiniOzoneClusterImpl-c155f79f-1502-4c37-8e24-0bbcb716cadf/datanode-4/meta/datanode.id
2022-06-24 01:38:59,000 [EndpointStateMachine task thread for /0.0.0.0:38449 - 0 ] INFO  volume.HddsVolume (HddsVolume.java:createDbStore(309)) - SchemaV3 db is created and loaded at /home/runner/work/ozone/ozone/hadoop-ozone/integration-test/target/test-dir/MiniOzoneClusterImpl-c155f79f-1502-4c37-8e24-0bbcb716cadf/datanode-0/data-0/containers/hdds/c155f79f-1502-4c37-8e24-0bbcb716cadf/DS-7f68d6b9-4b2d-4932-a48f-b1deed81f411/container.db for volume DS-7f68d6b9-4b2d-4932-a48f-b1deed81f411
2022-06-24 01:38:59,005 [EndpointStateMachine task thread for /0.0.0.0:38449 - 0 ] INFO  volume.HddsVolume (HddsVolume.java:closeDbStore(340)) - SchemaV3 db is stopped at /home/runner/work/ozone/ozone/hadoop-ozone/integration-test/target/test-dir/MiniOzoneClusterImpl-c155f79f-1502-4c37-8e24-0bbcb716cadf/datanode-0/data-0/containers/hdds/c155f79f-1502-4c37-8e24-0bbcb716cadf/DS-7f68d6b9-4b2d-4932-a48f-b1deed81f411/container.db for volume DS-7f68d6b9-4b2d-4932-a48f-b1deed81f411
2022-06-24 01:38:59,005 [EndpointStateMachine task thread for /0.0.0.0:38449 - 0 ] INFO  ozoneimpl.OzoneContainer (OzoneContainer.java:start(344)) - Attempting to start container services.
2022-06-24 01:38:59,009 [EndpointStateMachine task thread for /0.0.0.0:38449 - 0 ] INFO  ozoneimpl.OzoneContainer (OzoneContainer.java:startContainerScrub(279)) - Background container scanner has been disabled.
2022-06-24 01:38:59,011 [EndpointStateMachine task thread for /0.0.0.0:38449 - 0 ] INFO  replication.ReplicationServer (ReplicationServer.java:start(111)) - ReplicationServer is started using port 42287
2022-06-24 01:38:59,014 [EndpointStateMachine task thread for /0.0.0.0:38449 - 0 ] INFO  ratis.XceiverServerRatis (XceiverServerRatis.java:start(481)) - Starting XceiverServerRatis 9ae5d421-0cc7-487c-9408-d74f6a32f32f
2022-06-24 01:38:59,015 [EndpointStateMachine task thread for /0.0.0.0:38449 - 0 ] INFO  server.RaftServer (RaftServerProxy.java:lambda$start$6(382)) - 9ae5d421-0cc7-487c-9408-d74f6a32f32f: start RPC server
2022-06-24 01:38:59,024 [EndpointStateMachine task thread for /0.0.0.0:38449 - 0 ] INFO  server.GrpcService (GrpcService.java:startImpl(260)) - 9ae5d421-0cc7-487c-9408-d74f6a32f32f: GrpcService started, listening on 45445
2022-06-24 01:38:59,026 [EndpointStateMachine task thread for /0.0.0.0:38449 - 0 ] INFO  ratis.XceiverServerRatis (XceiverServerRatis.java:getRealPort(502)) - XceiverServerRatis 9ae5d421-0cc7-487c-9408-d74f6a32f32f is started using port 45445 for RATIS
2022-06-24 01:38:59,026 [EndpointStateMachine task thread for /0.0.0.0:38449 - 0 ] INFO  ratis.XceiverServerRatis (XceiverServerRatis.java:getRealPort(502)) - XceiverServerRatis 9ae5d421-0cc7-487c-9408-d74f6a32f32f is started using port 45445 for RATIS_ADMIN
2022-06-24 01:38:59,026 [EndpointStateMachine task thread for /0.0.0.0:38449 - 0 ] INFO  ratis.XceiverServerRatis (XceiverServerRatis.java:getRealPort(502)) - XceiverServerRatis 9ae5d421-0cc7-487c-9408-d74f6a32f32f is started using port 45445 for RATIS_SERVER
2022-06-24 01:38:59,026 [org.apache.ratis.util.JvmPauseMonitor$$Lambda$701/1321602506@24538003] INFO  util.JvmPauseMonitor (JvmPauseMonitor.java:run(103)) - JvmPauseMonitor-9ae5d421-0cc7-487c-9408-d74f6a32f32f: Started
2022-06-24 01:38:59,036 [EndpointStateMachine task thread for /0.0.0.0:38449 - 0 ] INFO  server.XceiverServerGrpc (XceiverServerGrpc.java:start(180)) - XceiverServerGrpc 9ae5d421-0cc7-487c-9408-d74f6a32f32f is started using port 38423
2022-06-24 01:38:59,623 [EndpointStateMachine task thread for /0.0.0.0:38449 - 0 ] INFO  volume.HddsVolume (HddsVolume.java:createDbStore(309)) - SchemaV3 db is created and loaded at /home/runner/work/ozone/ozone/hadoop-ozone/integration-test/target/test-dir/MiniOzoneClusterImpl-c155f79f-1502-4c37-8e24-0bbcb716cadf/datanode-1/data-0/containers/hdds/c155f79f-1502-4c37-8e24-0bbcb716cadf/DS-64cfbefd-e336-404a-8bb0-e164f7406b71/container.db for volume DS-64cfbefd-e336-404a-8bb0-e164f7406b71
2022-06-24 01:38:59,624 [EndpointStateMachine task thread for /0.0.0.0:38449 - 0 ] INFO  volume.HddsVolume (HddsVolume.java:closeDbStore(340)) - SchemaV3 db is stopped at /home/runner/work/ozone/ozone/hadoop-ozone/integration-test/target/test-dir/MiniOzoneClusterImpl-c155f79f-1502-4c37-8e24-0bbcb716cadf/datanode-1/data-0/containers/hdds/c155f79f-1502-4c37-8e24-0bbcb716cadf/DS-64cfbefd-e336-404a-8bb0-e164f7406b71/container.db for volume DS-64cfbefd-e336-404a-8bb0-e164f7406b71
2022-06-24 01:38:59,624 [EndpointStateMachine task thread for /0.0.0.0:38449 - 0 ] INFO  ozoneimpl.OzoneContainer (OzoneContainer.java:start(344)) - Attempting to start container services.
2022-06-24 01:38:59,625 [EndpointStateMachine task thread for /0.0.0.0:38449 - 0 ] INFO  ozoneimpl.OzoneContainer (OzoneContainer.java:startContainerScrub(279)) - Background container scanner has been disabled.
2022-06-24 01:38:59,631 [EndpointStateMachine task thread for /0.0.0.0:38449 - 0 ] INFO  replication.ReplicationServer (ReplicationServer.java:start(111)) - ReplicationServer is started using port 37121
2022-06-24 01:38:59,632 [EndpointStateMachine task thread for /0.0.0.0:38449 - 0 ] INFO  ratis.XceiverServerRatis (XceiverServerRatis.java:start(481)) - Starting XceiverServerRatis c538bd0d-a22c-47f3-9c5c-aa06a1234548
2022-06-24 01:38:59,633 [EndpointStateMachine task thread for /0.0.0.0:38449 - 0 ] INFO  server.RaftServer (RaftServerProxy.java:lambda$start$6(382)) - c538bd0d-a22c-47f3-9c5c-aa06a1234548: start RPC server
2022-06-24 01:38:59,643 [EndpointStateMachine task thread for /0.0.0.0:38449 - 0 ] INFO  server.GrpcService (GrpcService.java:startImpl(260)) - c538bd0d-a22c-47f3-9c5c-aa06a1234548: GrpcService started, listening on 40341
2022-06-24 01:38:59,644 [EndpointStateMachine task thread for /0.0.0.0:38449 - 0 ] INFO  ratis.XceiverServerRatis (XceiverServerRatis.java:getRealPort(502)) - XceiverServerRatis c538bd0d-a22c-47f3-9c5c-aa06a1234548 is started using port 40341 for RATIS
2022-06-24 01:38:59,644 [org.apache.ratis.util.JvmPauseMonitor$$Lambda$701/1321602506@4c8b9972] INFO  util.JvmPauseMonitor (JvmPauseMonitor.java:run(103)) - JvmPauseMonitor-c538bd0d-a22c-47f3-9c5c-aa06a1234548: Started
2022-06-24 01:38:59,644 [EndpointStateMachine task thread for /0.0.0.0:38449 - 0 ] INFO  ratis.XceiverServerRatis (XceiverServerRatis.java:getRealPort(502)) - XceiverServerRatis c538bd0d-a22c-47f3-9c5c-aa06a1234548 is started using port 40341 for RATIS_ADMIN
2022-06-24 01:38:59,644 [EndpointStateMachine task thread for /0.0.0.0:38449 - 0 ] INFO  ratis.XceiverServerRatis (XceiverServerRatis.java:getRealPort(502)) - XceiverServerRatis c538bd0d-a22c-47f3-9c5c-aa06a1234548 is started using port 40341 for RATIS_SERVER
2022-06-24 01:38:59,646 [EndpointStateMachine task thread for /0.0.0.0:38449 - 0 ] INFO  server.XceiverServerGrpc (XceiverServerGrpc.java:start(180)) - XceiverServerGrpc c538bd0d-a22c-47f3-9c5c-aa06a1234548 is started using port 34721
2022-06-24 01:38:59,685 [Listener at 127.0.0.1/44735] INFO  ozone.MiniOzoneClusterImpl (MiniOzoneClusterImpl.java:lambda$waitForClusterToBeReady$0(223)) - Waiting for nodes to be ready. Got 0 of 5 DN Heartbeats.
2022-06-24 01:38:59,686 [Listener at 127.0.0.1/44735] INFO  ozone.MiniOzoneClusterImpl (MiniOzoneClusterImpl.java:lambda$waitForClusterToBeReady$0(226)) - Waiting for cluster to exit safe mode
2022-06-24 01:38:59,686 [Listener at 127.0.0.1/44735] INFO  ozone.MiniOzoneClusterImpl (MiniOzoneClusterImpl.java:lambda$waitForClusterToBeReady$0(228)) - SCM became leader
2022-06-24 01:38:59,994 [EndpointStateMachine task thread for /0.0.0.0:38449 - 0 ] INFO  volume.HddsVolume (HddsVolume.java:createDbStore(309)) - SchemaV3 db is created and loaded at /home/runner/work/ozone/ozone/hadoop-ozone/integration-test/target/test-dir/MiniOzoneClusterImpl-c155f79f-1502-4c37-8e24-0bbcb716cadf/datanode-2/data-0/containers/hdds/c155f79f-1502-4c37-8e24-0bbcb716cadf/DS-82b10439-c40e-4f23-901b-35ba3e799321/container.db for volume DS-82b10439-c40e-4f23-901b-35ba3e799321
2022-06-24 01:38:59,995 [EndpointStateMachine task thread for /0.0.0.0:38449 - 0 ] INFO  volume.HddsVolume (HddsVolume.java:closeDbStore(340)) - SchemaV3 db is stopped at /home/runner/work/ozone/ozone/hadoop-ozone/integration-test/target/test-dir/MiniOzoneClusterImpl-c155f79f-1502-4c37-8e24-0bbcb716cadf/datanode-2/data-0/containers/hdds/c155f79f-1502-4c37-8e24-0bbcb716cadf/DS-82b10439-c40e-4f23-901b-35ba3e799321/container.db for volume DS-82b10439-c40e-4f23-901b-35ba3e799321
2022-06-24 01:38:59,995 [EndpointStateMachine task thread for /0.0.0.0:38449 - 0 ] INFO  ozoneimpl.OzoneContainer (OzoneContainer.java:start(344)) - Attempting to start container services.
2022-06-24 01:38:59,995 [EndpointStateMachine task thread for /0.0.0.0:38449 - 0 ] INFO  ozoneimpl.OzoneContainer (OzoneContainer.java:startContainerScrub(279)) - Background container scanner has been disabled.
2022-06-24 01:38:59,998 [EndpointStateMachine task thread for /0.0.0.0:38449 - 0 ] INFO  replication.ReplicationServer (ReplicationServer.java:start(111)) - ReplicationServer is started using port 32887
2022-06-24 01:39:00,003 [EndpointStateMachine task thread for /0.0.0.0:38449 - 0 ] INFO  ratis.XceiverServerRatis (XceiverServerRatis.java:start(481)) - Starting XceiverServerRatis 10656556-265e-4307-9f78-5b96f7074e5c
2022-06-24 01:39:00,005 [EndpointStateMachine task thread for /0.0.0.0:38449 - 0 ] INFO  server.RaftServer (RaftServerProxy.java:lambda$start$6(382)) - 10656556-265e-4307-9f78-5b96f7074e5c: start RPC server
2022-06-24 01:39:00,012 [EndpointStateMachine task thread for /0.0.0.0:38449 - 0 ] INFO  server.GrpcService (GrpcService.java:startImpl(260)) - 10656556-265e-4307-9f78-5b96f7074e5c: GrpcService started, listening on 34937
2022-06-24 01:39:00,013 [EndpointStateMachine task thread for /0.0.0.0:38449 - 0 ] INFO  ratis.XceiverServerRatis (XceiverServerRatis.java:getRealPort(502)) - XceiverServerRatis 10656556-265e-4307-9f78-5b96f7074e5c is started using port 34937 for RATIS
2022-06-24 01:39:00,013 [org.apache.ratis.util.JvmPauseMonitor$$Lambda$701/1321602506@d0aa96e] INFO  util.JvmPauseMonitor (JvmPauseMonitor.java:run(103)) - JvmPauseMonitor-10656556-265e-4307-9f78-5b96f7074e5c: Started
2022-06-24 01:39:00,013 [EndpointStateMachine task thread for /0.0.0.0:38449 - 0 ] INFO  ratis.XceiverServerRatis (XceiverServerRatis.java:getRealPort(502)) - XceiverServerRatis 10656556-265e-4307-9f78-5b96f7074e5c is started using port 34937 for RATIS_ADMIN
2022-06-24 01:39:00,013 [EndpointStateMachine task thread for /0.0.0.0:38449 - 0 ] INFO  ratis.XceiverServerRatis (XceiverServerRatis.java:getRealPort(502)) - XceiverServerRatis 10656556-265e-4307-9f78-5b96f7074e5c is started using port 34937 for RATIS_SERVER
2022-06-24 01:39:00,030 [EndpointStateMachine task thread for /0.0.0.0:38449 - 0 ] INFO  server.XceiverServerGrpc (XceiverServerGrpc.java:start(180)) - XceiverServerGrpc 10656556-265e-4307-9f78-5b96f7074e5c is started using port 45331
2022-06-24 01:39:00,369 [EndpointStateMachine task thread for /0.0.0.0:38449 - 0 ] INFO  volume.HddsVolume (HddsVolume.java:createDbStore(309)) - SchemaV3 db is created and loaded at /home/runner/work/ozone/ozone/hadoop-ozone/integration-test/target/test-dir/MiniOzoneClusterImpl-c155f79f-1502-4c37-8e24-0bbcb716cadf/datanode-3/data-0/containers/hdds/c155f79f-1502-4c37-8e24-0bbcb716cadf/DS-931fafb2-2c2a-45bf-bb79-1002e1b51d72/container.db for volume DS-931fafb2-2c2a-45bf-bb79-1002e1b51d72
2022-06-24 01:39:00,370 [EndpointStateMachine task thread for /0.0.0.0:38449 - 0 ] INFO  volume.HddsVolume (HddsVolume.java:closeDbStore(340)) - SchemaV3 db is stopped at /home/runner/work/ozone/ozone/hadoop-ozone/integration-test/target/test-dir/MiniOzoneClusterImpl-c155f79f-1502-4c37-8e24-0bbcb716cadf/datanode-3/data-0/containers/hdds/c155f79f-1502-4c37-8e24-0bbcb716cadf/DS-931fafb2-2c2a-45bf-bb79-1002e1b51d72/container.db for volume DS-931fafb2-2c2a-45bf-bb79-1002e1b51d72
2022-06-24 01:39:00,370 [EndpointStateMachine task thread for /0.0.0.0:38449 - 0 ] INFO  ozoneimpl.OzoneContainer (OzoneContainer.java:start(344)) - Attempting to start container services.
2022-06-24 01:39:00,371 [EndpointStateMachine task thread for /0.0.0.0:38449 - 0 ] INFO  ozoneimpl.OzoneContainer (OzoneContainer.java:startContainerScrub(279)) - Background container scanner has been disabled.
2022-06-24 01:39:00,373 [EndpointStateMachine task thread for /0.0.0.0:38449 - 0 ] INFO  replication.ReplicationServer (ReplicationServer.java:start(111)) - ReplicationServer is started using port 39983
2022-06-24 01:39:00,373 [EndpointStateMachine task thread for /0.0.0.0:38449 - 0 ] INFO  ratis.XceiverServerRatis (XceiverServerRatis.java:start(481)) - Starting XceiverServerRatis 8f0fd873-ddec-4296-98a7-545b4d6b4e22
2022-06-24 01:39:00,375 [EndpointStateMachine task thread for /0.0.0.0:38449 - 0 ] INFO  server.RaftServer (RaftServerProxy.java:lambda$start$6(382)) - 8f0fd873-ddec-4296-98a7-545b4d6b4e22: start RPC server
2022-06-24 01:39:00,377 [EndpointStateMachine task thread for /0.0.0.0:38449 - 0 ] INFO  server.GrpcService (GrpcService.java:startImpl(260)) - 8f0fd873-ddec-4296-98a7-545b4d6b4e22: GrpcService started, listening on 44021
2022-06-24 01:39:00,378 [EndpointStateMachine task thread for /0.0.0.0:38449 - 0 ] INFO  ratis.XceiverServerRatis (XceiverServerRatis.java:getRealPort(502)) - XceiverServerRatis 8f0fd873-ddec-4296-98a7-545b4d6b4e22 is started using port 44021 for RATIS
2022-06-24 01:39:00,378 [EndpointStateMachine task thread for /0.0.0.0:38449 - 0 ] INFO  ratis.XceiverServerRatis (XceiverServerRatis.java:getRealPort(502)) - XceiverServerRatis 8f0fd873-ddec-4296-98a7-545b4d6b4e22 is started using port 44021 for RATIS_ADMIN
2022-06-24 01:39:00,378 [EndpointStateMachine task thread for /0.0.0.0:38449 - 0 ] INFO  ratis.XceiverServerRatis (XceiverServerRatis.java:getRealPort(502)) - XceiverServerRatis 8f0fd873-ddec-4296-98a7-545b4d6b4e22 is started using port 44021 for RATIS_SERVER
2022-06-24 01:39:00,378 [org.apache.ratis.util.JvmPauseMonitor$$Lambda$701/1321602506@7ceaebe3] INFO  util.JvmPauseMonitor (JvmPauseMonitor.java:run(103)) - JvmPauseMonitor-8f0fd873-ddec-4296-98a7-545b4d6b4e22: Started
2022-06-24 01:39:00,382 [EndpointStateMachine task thread for /0.0.0.0:38449 - 0 ] INFO  server.XceiverServerGrpc (XceiverServerGrpc.java:start(180)) - XceiverServerGrpc 8f0fd873-ddec-4296-98a7-545b4d6b4e22 is started using port 33989
2022-06-24 01:39:00,686 [Listener at 127.0.0.1/44735] INFO  ozone.MiniOzoneClusterImpl (MiniOzoneClusterImpl.java:lambda$waitForClusterToBeReady$0(223)) - Waiting for nodes to be ready. Got 0 of 5 DN Heartbeats.
2022-06-24 01:39:00,687 [Listener at 127.0.0.1/44735] INFO  ozone.MiniOzoneClusterImpl (MiniOzoneClusterImpl.java:lambda$waitForClusterToBeReady$0(226)) - Waiting for cluster to exit safe mode
2022-06-24 01:39:00,687 [Listener at 127.0.0.1/44735] INFO  ozone.MiniOzoneClusterImpl (MiniOzoneClusterImpl.java:lambda$waitForClusterToBeReady$0(228)) - SCM became leader
2022-06-24 01:39:00,732 [EndpointStateMachine task thread for /0.0.0.0:38449 - 0 ] INFO  volume.HddsVolume (HddsVolume.java:createDbStore(309)) - SchemaV3 db is created and loaded at /home/runner/work/ozone/ozone/hadoop-ozone/integration-test/target/test-dir/MiniOzoneClusterImpl-c155f79f-1502-4c37-8e24-0bbcb716cadf/datanode-4/data-0/containers/hdds/c155f79f-1502-4c37-8e24-0bbcb716cadf/DS-13d548a6-7331-47ec-9889-268b5dba5785/container.db for volume DS-13d548a6-7331-47ec-9889-268b5dba5785
2022-06-24 01:39:00,733 [EndpointStateMachine task thread for /0.0.0.0:38449 - 0 ] INFO  volume.HddsVolume (HddsVolume.java:closeDbStore(340)) - SchemaV3 db is stopped at /home/runner/work/ozone/ozone/hadoop-ozone/integration-test/target/test-dir/MiniOzoneClusterImpl-c155f79f-1502-4c37-8e24-0bbcb716cadf/datanode-4/data-0/containers/hdds/c155f79f-1502-4c37-8e24-0bbcb716cadf/DS-13d548a6-7331-47ec-9889-268b5dba5785/container.db for volume DS-13d548a6-7331-47ec-9889-268b5dba5785
2022-06-24 01:39:00,733 [EndpointStateMachine task thread for /0.0.0.0:38449 - 0 ] INFO  ozoneimpl.OzoneContainer (OzoneContainer.java:start(344)) - Attempting to start container services.
2022-06-24 01:39:00,733 [EndpointStateMachine task thread for /0.0.0.0:38449 - 0 ] INFO  ozoneimpl.OzoneContainer (OzoneContainer.java:startContainerScrub(279)) - Background container scanner has been disabled.
2022-06-24 01:39:00,736 [EndpointStateMachine task thread for /0.0.0.0:38449 - 0 ] INFO  replication.ReplicationServer (ReplicationServer.java:start(111)) - ReplicationServer is started using port 37125
2022-06-24 01:39:00,736 [EndpointStateMachine task thread for /0.0.0.0:38449 - 0 ] INFO  ratis.XceiverServerRatis (XceiverServerRatis.java:start(481)) - Starting XceiverServerRatis f3ba8611-1cd4-4447-b340-6f7bbd865d5c
2022-06-24 01:39:00,737 [EndpointStateMachine task thread for /0.0.0.0:38449 - 0 ] INFO  server.RaftServer (RaftServerProxy.java:lambda$start$6(382)) - f3ba8611-1cd4-4447-b340-6f7bbd865d5c: start RPC server
2022-06-24 01:39:00,743 [EndpointStateMachine task thread for /0.0.0.0:38449 - 0 ] INFO  server.GrpcService (GrpcService.java:startImpl(260)) - f3ba8611-1cd4-4447-b340-6f7bbd865d5c: GrpcService started, listening on 39401
2022-06-24 01:39:00,743 [EndpointStateMachine task thread for /0.0.0.0:38449 - 0 ] INFO  ratis.XceiverServerRatis (XceiverServerRatis.java:getRealPort(502)) - XceiverServerRatis f3ba8611-1cd4-4447-b340-6f7bbd865d5c is started using port 39401 for RATIS
2022-06-24 01:39:00,744 [EndpointStateMachine task thread for /0.0.0.0:38449 - 0 ] INFO  ratis.XceiverServerRatis (XceiverServerRatis.java:getRealPort(502)) - XceiverServerRatis f3ba8611-1cd4-4447-b340-6f7bbd865d5c is started using port 39401 for RATIS_ADMIN
2022-06-24 01:39:00,744 [EndpointStateMachine task thread for /0.0.0.0:38449 - 0 ] INFO  ratis.XceiverServerRatis (XceiverServerRatis.java:getRealPort(502)) - XceiverServerRatis f3ba8611-1cd4-4447-b340-6f7bbd865d5c is started using port 39401 for RATIS_SERVER
2022-06-24 01:39:00,745 [org.apache.ratis.util.JvmPauseMonitor$$Lambda$701/1321602506@2cf878f0] INFO  util.JvmPauseMonitor (JvmPauseMonitor.java:run(103)) - JvmPauseMonitor-f3ba8611-1cd4-4447-b340-6f7bbd865d5c: Started
2022-06-24 01:39:00,748 [EndpointStateMachine task thread for /0.0.0.0:38449 - 0 ] INFO  server.XceiverServerGrpc (XceiverServerGrpc.java:start(180)) - XceiverServerGrpc f3ba8611-1cd4-4447-b340-6f7bbd865d5c is started using port 33013
2022-06-24 01:39:00,963 [IPC Server handler 2 on default port 38449] INFO  net.NetworkTopologyImpl (NetworkTopologyImpl.java:add(112)) - Added a new node: /default-rack/9ae5d421-0cc7-487c-9408-d74f6a32f32f
2022-06-24 01:39:00,966 [IPC Server handler 2 on default port 38449] INFO  node.SCMNodeManager (SCMNodeManager.java:register(397)) - Registered Data node : 9ae5d421-0cc7-487c-9408-d74f6a32f32f{ip: 10.1.0.17, host: fv-az66-546.vwcdieab4koerntclszyavmfxa.dx.internal.cloudapp.net, ports: [REPLICATION=42287, RATIS=45445, RATIS_ADMIN=45445, RATIS_SERVER=45445, STANDALONE=38423], networkLocation: /default-rack, certSerialId: null, persistedOpState: null, persistedOpStateExpiryEpochSec: 0}
2022-06-24 01:39:00,971 [EventQueue-NewNodeForNewNodeHandler] INFO  pipeline.BackgroundPipelineCreator (BackgroundPipelineCreator.java:notifyEventTriggered(275)) - trigger a one-shot run on RatisPipelineUtilsThread.
2022-06-24 01:39:00,995 [RatisPipelineUtilsThread - 0] INFO  pipeline.RatisPipelineProvider (RatisPipelineProvider.java:lambda$create$0(195)) - Sending CreatePipelineCommand for pipeline:PipelineID=d23d8253-3fc9-4138-a7a6-32e817e071f9 to datanode:9ae5d421-0cc7-487c-9408-d74f6a32f32f
2022-06-24 01:39:00,996 [EventQueue-NodeRegistrationContainerReportForContainerSafeModeRule] INFO  safemode.SCMSafeModeManager (SCMSafeModeManager.java:validateSafeModeExitRules(204)) - ContainerSafeModeRule rule is successfully validated
2022-06-24 01:39:00,996 [EventQueue-NodeRegistrationContainerReportForDataNodeSafeModeRule] INFO  safemode.SCMSafeModeManager (DataNodeSafeModeRule.java:process(71)) - SCM in safe mode. 1 DataNodes registered, 3 required.
2022-06-24 01:39:01,003 [EventQueue-PipelineReportForOneReplicaPipelineSafeModeRule] INFO  safemode.SCMSafeModeManager (SCMSafeModeManager.java:validateSafeModeExitRules(204)) - AtleastOneDatanodeReportedRule rule is successfully validated
2022-06-24 01:39:01,017 [RatisPipelineUtilsThread - 0] INFO  pipeline.PipelineStateManagerImpl (PipelineStateManagerImpl.java:addPipeline(101)) - Created pipeline Pipeline[ Id: d23d8253-3fc9-4138-a7a6-32e817e071f9, Nodes: 9ae5d421-0cc7-487c-9408-d74f6a32f32f{ip: 10.1.0.17, host: fv-az66-546.vwcdieab4koerntclszyavmfxa.dx.internal.cloudapp.net, ports: [REPLICATION=42287, RATIS=45445, RATIS_ADMIN=45445, RATIS_SERVER=45445, STANDALONE=38423], networkLocation: /default-rack, certSerialId: null, persistedOpState: IN_SERVICE, persistedOpStateExpiryEpochSec: 0}, ReplicationConfig: RATIS/ONE, State:ALLOCATED, leaderId:, CreationTimestamp2022-06-24T01:39:00.978Z[Etc/UTC]].
2022-06-24 01:39:01,572 [IPC Server handler 1 on default port 38449] INFO  net.NetworkTopologyImpl (NetworkTopologyImpl.java:add(112)) - Added a new node: /default-rack/c538bd0d-a22c-47f3-9c5c-aa06a1234548
2022-06-24 01:39:01,572 [IPC Server handler 1 on default port 38449] INFO  node.SCMNodeManager (SCMNodeManager.java:register(397)) - Registered Data node : c538bd0d-a22c-47f3-9c5c-aa06a1234548{ip: 10.1.0.17, host: fv-az66-546.vwcdieab4koerntclszyavmfxa.dx.internal.cloudapp.net, ports: [REPLICATION=37121, RATIS=40341, RATIS_ADMIN=40341, RATIS_SERVER=40341, STANDALONE=34721], networkLocation: /default-rack, certSerialId: null, persistedOpState: null, persistedOpStateExpiryEpochSec: 0}
2022-06-24 01:39:01,573 [EventQueue-NewNodeForNewNodeHandler] INFO  pipeline.BackgroundPipelineCreator (BackgroundPipelineCreator.java:notifyEventTriggered(275)) - trigger a one-shot run on RatisPipelineUtilsThread.
2022-06-24 01:39:01,575 [RatisPipelineUtilsThread - 0] INFO  pipeline.RatisPipelineProvider (RatisPipelineProvider.java:lambda$create$0(195)) - Sending CreatePipelineCommand for pipeline:PipelineID=f8ca4e24-9d6d-4256-b7f6-4a81ef49ca14 to datanode:c538bd0d-a22c-47f3-9c5c-aa06a1234548
2022-06-24 01:39:01,579 [RatisPipelineUtilsThread - 0] INFO  pipeline.PipelineStateManagerImpl (PipelineStateManagerImpl.java:addPipeline(101)) - Created pipeline Pipeline[ Id: f8ca4e24-9d6d-4256-b7f6-4a81ef49ca14, Nodes: c538bd0d-a22c-47f3-9c5c-aa06a1234548{ip: 10.1.0.17, host: fv-az66-546.vwcdieab4koerntclszyavmfxa.dx.internal.cloudapp.net, ports: [REPLICATION=37121, RATIS=40341, RATIS_ADMIN=40341, RATIS_SERVER=40341, STANDALONE=34721], networkLocation: /default-rack, certSerialId: null, persistedOpState: IN_SERVICE, persistedOpStateExpiryEpochSec: 0}, ReplicationConfig: RATIS/ONE, State:ALLOCATED, leaderId:, CreationTimestamp2022-06-24T01:39:01.575Z[Etc/UTC]].
2022-06-24 01:39:01,581 [EventQueue-NodeRegistrationContainerReportForDataNodeSafeModeRule] INFO  safemode.SCMSafeModeManager (DataNodeSafeModeRule.java:process(71)) - SCM in safe mode. 2 DataNodes registered, 3 required.
2022-06-24 01:39:01,687 [Listener at 127.0.0.1/44735] INFO  ozone.MiniOzoneClusterImpl (MiniOzoneClusterImpl.java:lambda$waitForClusterToBeReady$0(223)) - Waiting for nodes to be ready. Got 2 of 5 DN Heartbeats.
2022-06-24 01:39:01,689 [Listener at 127.0.0.1/44735] INFO  ozone.MiniOzoneClusterImpl (MiniOzoneClusterImpl.java:lambda$waitForClusterToBeReady$0(226)) - Waiting for cluster to exit safe mode
2022-06-24 01:39:01,689 [Listener at 127.0.0.1/44735] INFO  ozone.MiniOzoneClusterImpl (MiniOzoneClusterImpl.java:lambda$waitForClusterToBeReady$0(228)) - SCM became leader
2022-06-24 01:39:01,955 [IPC Server handler 2 on default port 38449] INFO  net.NetworkTopologyImpl (NetworkTopologyImpl.java:add(112)) - Added a new node: /default-rack/10656556-265e-4307-9f78-5b96f7074e5c
2022-06-24 01:39:01,955 [IPC Server handler 2 on default port 38449] INFO  node.SCMNodeManager (SCMNodeManager.java:register(397)) - Registered Data node : 10656556-265e-4307-9f78-5b96f7074e5c{ip: 10.1.0.17, host: fv-az66-546.vwcdieab4koerntclszyavmfxa.dx.internal.cloudapp.net, ports: [REPLICATION=32887, RATIS=34937, RATIS_ADMIN=34937, RATIS_SERVER=34937, STANDALONE=45331], networkLocation: /default-rack, certSerialId: null, persistedOpState: null, persistedOpStateExpiryEpochSec: 0}
2022-06-24 01:39:01,956 [EventQueue-NewNodeForNewNodeHandler] INFO  pipeline.BackgroundPipelineCreator (BackgroundPipelineCreator.java:notifyEventTriggered(275)) - trigger a one-shot run on RatisPipelineUtilsThread.
2022-06-24 01:39:01,956 [EventQueue-NodeRegistrationContainerReportForDataNodeSafeModeRule] INFO  safemode.SCMSafeModeManager (DataNodeSafeModeRule.java:process(71)) - SCM in safe mode. 3 DataNodes registered, 3 required.
2022-06-24 01:39:01,956 [EventQueue-NodeRegistrationContainerReportForDataNodeSafeModeRule] INFO  safemode.SCMSafeModeManager (SCMSafeModeManager.java:validateSafeModeExitRules(204)) - DataNodeSafeModeRule rule is successfully validated
2022-06-24 01:39:01,956 [EventQueue-NodeRegistrationContainerReportForDataNodeSafeModeRule] INFO  safemode.SCMSafeModeManager (SCMSafeModeManager.java:completePreCheck(233)) - All SCM safe mode pre check rules have passed
2022-06-24 01:39:01,956 [EventQueue-NodeRegistrationContainerReportForDataNodeSafeModeRule] WARN  events.EventQueue (EventQueue.java:fireEvent(216)) - No event handler registered for event TypedEvent{payloadType=SafeModeStatus, name='Safe mode status'}
2022-06-24 01:39:01,956 [EventQueue-NodeRegistrationContainerReportForDataNodeSafeModeRule] INFO  ha.SCMContext (SCMContext.java:updateSafeModeStatus(228)) - Update SafeModeStatus from SafeModeStatus{safeModeStatus=true, preCheckPassed=false} to SafeModeStatus{safeModeStatus=true, preCheckPassed=true}.
2022-06-24 01:39:01,956 [EventQueue-NodeRegistrationContainerReportForDataNodeSafeModeRule] INFO  pipeline.BackgroundPipelineCreator (BackgroundPipelineCreator.java:notifyEventTriggered(275)) - trigger a one-shot run on RatisPipelineUtilsThread.
2022-06-24 01:39:01,957 [RatisPipelineUtilsThread - 0] INFO  pipeline.RatisPipelineProvider (RatisPipelineProvider.java:lambda$create$0(195)) - Sending CreatePipelineCommand for pipeline:PipelineID=d4101368-3b7e-43cd-a606-f053aa8513ad to datanode:10656556-265e-4307-9f78-5b96f7074e5c
2022-06-24 01:39:01,958 [RatisPipelineUtilsThread - 0] INFO  pipeline.PipelineStateManagerImpl (PipelineStateManagerImpl.java:addPipeline(101)) - Created pipeline Pipeline[ Id: d4101368-3b7e-43cd-a606-f053aa8513ad, Nodes: 10656556-265e-4307-9f78-5b96f7074e5c{ip: 10.1.0.17, host: fv-az66-546.vwcdieab4koerntclszyavmfxa.dx.internal.cloudapp.net, ports: [REPLICATION=32887, RATIS=34937, RATIS_ADMIN=34937, RATIS_SERVER=34937, STANDALONE=45331], networkLocation: /default-rack, certSerialId: null, persistedOpState: IN_SERVICE, persistedOpStateExpiryEpochSec: 0}, ReplicationConfig: RATIS/ONE, State:ALLOCATED, leaderId:, CreationTimestamp2022-06-24T01:39:01.957Z[Etc/UTC]].
2022-06-24 01:39:01,965 [RatisPipelineUtilsThread - 0] INFO  pipeline.RatisPipelineProvider (RatisPipelineProvider.java:lambda$create$0(195)) - Sending CreatePipelineCommand for pipeline:PipelineID=78300cc8-5089-4f0b-8b26-e8b1e51486e2 to datanode:c538bd0d-a22c-47f3-9c5c-aa06a1234548
2022-06-24 01:39:01,965 [RatisPipelineUtilsThread - 0] INFO  pipeline.RatisPipelineProvider (RatisPipelineProvider.java:lambda$create$0(195)) - Sending CreatePipelineCommand for pipeline:PipelineID=78300cc8-5089-4f0b-8b26-e8b1e51486e2 to datanode:10656556-265e-4307-9f78-5b96f7074e5c
2022-06-24 01:39:01,965 [RatisPipelineUtilsThread - 0] INFO  pipeline.RatisPipelineProvider (RatisPipelineProvider.java:lambda$create$0(195)) - Sending CreatePipelineCommand for pipeline:PipelineID=78300cc8-5089-4f0b-8b26-e8b1e51486e2 to datanode:9ae5d421-0cc7-487c-9408-d74f6a32f32f
2022-06-24 01:39:01,984 [RatisPipelineUtilsThread - 0] INFO  pipeline.PipelineStateManagerImpl (PipelineStateManagerImpl.java:addPipeline(101)) - Created pipeline Pipeline[ Id: 78300cc8-5089-4f0b-8b26-e8b1e51486e2, Nodes: c538bd0d-a22c-47f3-9c5c-aa06a1234548{ip: 10.1.0.17, host: fv-az66-546.vwcdieab4koerntclszyavmfxa.dx.internal.cloudapp.net, ports: [REPLICATION=37121, RATIS=40341, RATIS_ADMIN=40341, RATIS_SERVER=40341, STANDALONE=34721], networkLocation: /default-rack, certSerialId: null, persistedOpState: IN_SERVICE, persistedOpStateExpiryEpochSec: 0}10656556-265e-4307-9f78-5b96f7074e5c{ip: 10.1.0.17, host: fv-az66-546.vwcdieab4koerntclszyavmfxa.dx.internal.cloudapp.net, ports: [REPLICATION=32887, RATIS=34937, RATIS_ADMIN=34937, RATIS_SERVER=34937, STANDALONE=45331], networkLocation: /default-rack, certSerialId: null, persistedOpState: IN_SERVICE, persistedOpStateExpiryEpochSec: 0}9ae5d421-0cc7-487c-9408-d74f6a32f32f{ip: 10.1.0.17, host: fv-az66-546.vwcdieab4koerntclszyavmfxa.dx.internal.cloudapp.net, ports: [REPLICATION=42287, RATIS=45445, RATIS_ADMIN=45445, RATIS_SERVER=45445, STANDALONE=38423], networkLocation: /default-rack, certSerialId: null, persistedOpState: IN_SERVICE, persistedOpStateExpiryEpochSec: 0}, ReplicationConfig: RATIS/THREE, State:ALLOCATED, leaderId:, CreationTimestamp2022-06-24T01:39:01.965Z[Etc/UTC]].
2022-06-24 01:39:01,985 [RatisPipelineUtilsThread - 0] INFO  pipeline.RatisPipelineProvider (RatisPipelineProvider.java:lambda$create$0(195)) - Sending CreatePipelineCommand for pipeline:PipelineID=50de7bc9-526e-410a-919d-3fbff2fd50c3 to datanode:10656556-265e-4307-9f78-5b96f7074e5c
2022-06-24 01:39:01,990 [RatisPipelineUtilsThread - 0] INFO  pipeline.RatisPipelineProvider (RatisPipelineProvider.java:lambda$create$0(195)) - Sending CreatePipelineCommand for pipeline:PipelineID=50de7bc9-526e-410a-919d-3fbff2fd50c3 to datanode:c538bd0d-a22c-47f3-9c5c-aa06a1234548
2022-06-24 01:39:01,990 [RatisPipelineUtilsThread - 0] INFO  pipeline.RatisPipelineProvider (RatisPipelineProvider.java:lambda$create$0(195)) - Sending CreatePipelineCommand for pipeline:PipelineID=50de7bc9-526e-410a-919d-3fbff2fd50c3 to datanode:9ae5d421-0cc7-487c-9408-d74f6a32f32f
2022-06-24 01:39:01,996 [RatisPipelineUtilsThread - 0] INFO  pipeline.PipelineStateManagerImpl (PipelineStateManagerImpl.java:addPipeline(101)) - Created pipeline Pipeline[ Id: 50de7bc9-526e-410a-919d-3fbff2fd50c3, Nodes: 10656556-265e-4307-9f78-5b96f7074e5c{ip: 10.1.0.17, host: fv-az66-546.vwcdieab4koerntclszyavmfxa.dx.internal.cloudapp.net, ports: [REPLICATION=32887, RATIS=34937, RATIS_ADMIN=34937, RATIS_SERVER=34937, STANDALONE=45331], networkLocation: /default-rack, certSerialId: null, persistedOpState: IN_SERVICE, persistedOpStateExpiryEpochSec: 0}c538bd0d-a22c-47f3-9c5c-aa06a1234548{ip: 10.1.0.17, host: fv-az66-546.vwcdieab4koerntclszyavmfxa.dx.internal.cloudapp.net, ports: [REPLICATION=37121, RATIS=40341, RATIS_ADMIN=40341, RATIS_SERVER=40341, STANDALONE=34721], networkLocation: /default-rack, certSerialId: null, persistedOpState: IN_SERVICE, persistedOpStateExpiryEpochSec: 0}9ae5d421-0cc7-487c-9408-d74f6a32f32f{ip: 10.1.0.17, host: fv-az66-546.vwcdieab4koerntclszyavmfxa.dx.internal.cloudapp.net, ports: [REPLICATION=42287, RATIS=45445, RATIS_ADMIN=45445, RATIS_SERVER=45445, STANDALONE=38423], networkLocation: /default-rack, certSerialId: null, persistedOpState: IN_SERVICE, persistedOpStateExpiryEpochSec: 0}, ReplicationConfig: RATIS/THREE, State:ALLOCATED, leaderId:, CreationTimestamp2022-06-24T01:39:01.985Z[Etc/UTC]].
2022-06-24 01:39:01,996 [RatisPipelineUtilsThread - 0] INFO  pipeline.PipelineManagerImpl (PipelineManagerImpl.java:recordMetricsForPipeline(780)) - Pipeline: PipelineID=50de7bc9-526e-410a-919d-3fbff2fd50c3 contains same datanodes as previous pipelines: PipelineID=78300cc8-5089-4f0b-8b26-e8b1e51486e2 nodeIds: 10656556-265e-4307-9f78-5b96f7074e5c, c538bd0d-a22c-47f3-9c5c-aa06a1234548, 9ae5d421-0cc7-487c-9408-d74f6a32f32f
2022-06-24 01:39:02,328 [IPC Server handler 0 on default port 38449] INFO  net.NetworkTopologyImpl (NetworkTopologyImpl.java:add(112)) - Added a new node: /default-rack/8f0fd873-ddec-4296-98a7-545b4d6b4e22
2022-06-24 01:39:02,329 [IPC Server handler 0 on default port 38449] INFO  node.SCMNodeManager (SCMNodeManager.java:register(397)) - Registered Data node : 8f0fd873-ddec-4296-98a7-545b4d6b4e22{ip: 10.1.0.17, host: fv-az66-546.vwcdieab4koerntclszyavmfxa.dx.internal.cloudapp.net, ports: [REPLICATION=39983, RATIS=44021, RATIS_ADMIN=44021, RATIS_SERVER=44021, STANDALONE=33989], networkLocation: /default-rack, certSerialId: null, persistedOpState: null, persistedOpStateExpiryEpochSec: 0}
2022-06-24 01:39:02,330 [EventQueue-NewNodeForNewNodeHandler] INFO  pipeline.BackgroundPipelineCreator (BackgroundPipelineCreator.java:notifyEventTriggered(275)) - trigger a one-shot run on RatisPipelineUtilsThread.
2022-06-24 01:39:02,331 [RatisPipelineUtilsThread - 0] INFO  pipeline.RatisPipelineProvider (RatisPipelineProvider.java:lambda$create$0(195)) - Sending CreatePipelineCommand for pipeline:PipelineID=abdc600a-0dd1-4b39-bf07-6d6e4b78b35b to datanode:8f0fd873-ddec-4296-98a7-545b4d6b4e22
2022-06-24 01:39:02,333 [RatisPipelineUtilsThread - 0] INFO  pipeline.PipelineStateManagerImpl (PipelineStateManagerImpl.java:addPipeline(101)) - Created pipeline Pipeline[ Id: abdc600a-0dd1-4b39-bf07-6d6e4b78b35b, Nodes: 8f0fd873-ddec-4296-98a7-545b4d6b4e22{ip: 10.1.0.17, host: fv-az66-546.vwcdieab4koerntclszyavmfxa.dx.internal.cloudapp.net, ports: [REPLICATION=39983, RATIS=44021, RATIS_ADMIN=44021, RATIS_SERVER=44021, STANDALONE=33989], networkLocation: /default-rack, certSerialId: null, persistedOpState: IN_SERVICE, persistedOpStateExpiryEpochSec: 0}, ReplicationConfig: RATIS/ONE, State:ALLOCATED, leaderId:, CreationTimestamp2022-06-24T01:39:02.331Z[Etc/UTC]].
2022-06-24 01:39:02,690 [Listener at 127.0.0.1/44735] INFO  ozone.MiniOzoneClusterImpl (MiniOzoneClusterImpl.java:lambda$waitForClusterToBeReady$0(223)) - Waiting for nodes to be ready. Got 4 of 5 DN Heartbeats.
2022-06-24 01:39:02,690 [Listener at 127.0.0.1/44735] INFO  ozone.MiniOzoneClusterImpl (MiniOzoneClusterImpl.java:lambda$waitForClusterToBeReady$0(226)) - Waiting for cluster to exit safe mode
2022-06-24 01:39:02,690 [Listener at 127.0.0.1/44735] INFO  ozone.MiniOzoneClusterImpl (MiniOzoneClusterImpl.java:lambda$waitForClusterToBeReady$0(228)) - SCM became leader
2022-06-24 01:39:02,691 [IPC Server handler 2 on default port 38449] INFO  net.NetworkTopologyImpl (NetworkTopologyImpl.java:add(112)) - Added a new node: /default-rack/f3ba8611-1cd4-4447-b340-6f7bbd865d5c
2022-06-24 01:39:02,691 [IPC Server handler 2 on default port 38449] INFO  node.SCMNodeManager (SCMNodeManager.java:register(397)) - Registered Data node : f3ba8611-1cd4-4447-b340-6f7bbd865d5c{ip: 10.1.0.17, host: fv-az66-546.vwcdieab4koerntclszyavmfxa.dx.internal.cloudapp.net, ports: [REPLICATION=37125, RATIS=39401, RATIS_ADMIN=39401, RATIS_SERVER=39401, STANDALONE=33013], networkLocation: /default-rack, certSerialId: null, persistedOpState: null, persistedOpStateExpiryEpochSec: 0}
2022-06-24 01:39:02,692 [EventQueue-NewNodeForNewNodeHandler] INFO  pipeline.BackgroundPipelineCreator (BackgroundPipelineCreator.java:notifyEventTriggered(275)) - trigger a one-shot run on RatisPipelineUtilsThread.
2022-06-24 01:39:02,693 [RatisPipelineUtilsThread - 0] INFO  pipeline.RatisPipelineProvider (RatisPipelineProvider.java:lambda$create$0(195)) - Sending CreatePipelineCommand for pipeline:PipelineID=c23ef9ef-1a1e-43a2-b382-6360accc74ec to datanode:f3ba8611-1cd4-4447-b340-6f7bbd865d5c
2022-06-24 01:39:02,694 [RatisPipelineUtilsThread - 0] INFO  pipeline.PipelineStateManagerImpl (PipelineStateManagerImpl.java:addPipeline(101)) - Created pipeline Pipeline[ Id: c23ef9ef-1a1e-43a2-b382-6360accc74ec, Nodes: f3ba8611-1cd4-4447-b340-6f7bbd865d5c{ip: 10.1.0.17, host: fv-az66-546.vwcdieab4koerntclszyavmfxa.dx.internal.cloudapp.net, ports: [REPLICATION=37125, RATIS=39401, RATIS_ADMIN=39401, RATIS_SERVER=39401, STANDALONE=33013], networkLocation: /default-rack, certSerialId: null, persistedOpState: IN_SERVICE, persistedOpStateExpiryEpochSec: 0}, ReplicationConfig: RATIS/ONE, State:ALLOCATED, leaderId:, CreationTimestamp2022-06-24T01:39:02.693Z[Etc/UTC]].
2022-06-24 01:39:03,691 [Listener at 127.0.0.1/44735] INFO  ozone.MiniOzoneClusterImpl (MiniOzoneClusterImpl.java:lambda$waitForClusterToBeReady$0(223)) - Nodes are ready. Got 5 of 5 DN Heartbeats.
2022-06-24 01:39:03,691 [Listener at 127.0.0.1/44735] INFO  ozone.MiniOzoneClusterImpl (MiniOzoneClusterImpl.java:lambda$waitForClusterToBeReady$0(226)) - Waiting for cluster to exit safe mode
2022-06-24 01:39:03,691 [Listener at 127.0.0.1/44735] INFO  ozone.MiniOzoneClusterImpl (MiniOzoneClusterImpl.java:lambda$waitForClusterToBeReady$0(228)) - SCM became leader
2022-06-24 01:39:03,910 [Command processor thread] INFO  server.RaftServer (RaftServerProxy.java:addNew(96)) - 9ae5d421-0cc7-487c-9408-d74f6a32f32f: addNew group-32E817E071F9:[9ae5d421-0cc7-487c-9408-d74f6a32f32f|rpc:10.1.0.17:45445|priority:1] returns group-32E817E071F9:java.util.concurrent.CompletableFuture@35c760cb[Not completed]
2022-06-24 01:39:03,925 [pool-72-thread-1] INFO  server.RaftServer$Division (RaftServerImpl.java:<init>(190)) - 9ae5d421-0cc7-487c-9408-d74f6a32f32f: new RaftServerImpl for group-32E817E071F9:[9ae5d421-0cc7-487c-9408-d74f6a32f32f|rpc:10.1.0.17:45445|priority:1] with ContainerStateMachine:uninitialized
2022-06-24 01:39:03,926 [pool-72-thread-1] INFO  server.RaftServerConfigKeys (ConfUtils.java:logGet(46)) - raft.server.rpc.timeout.min = 5s (custom)
2022-06-24 01:39:03,926 [pool-72-thread-1] INFO  server.RaftServerConfigKeys (ConfUtils.java:logGet(46)) - raft.server.rpc.timeout.max = 5200ms (custom)
2022-06-24 01:39:03,926 [pool-72-thread-1] INFO  server.RaftServerConfigKeys (ConfUtils.java:logGet(46)) - raft.server.rpc.sleep.time = 25ms (default)
2022-06-24 01:39:03,926 [pool-72-thread-1] INFO  server.RaftServerConfigKeys (ConfUtils.java:logGet(46)) - raft.server.rpc.slowness.timeout = 300s (custom)
2022-06-24 01:39:03,926 [pool-72-thread-1] INFO  server.RaftServerConfigKeys (ConfUtils.java:logGet(46)) - raft.server.leaderelection.leader.step-down.wait-time = 10s (default)
2022-06-24 01:39:03,926 [pool-72-thread-1] INFO  server.RaftServerConfigKeys (ConfUtils.java:logGet(46)) - raft.server.sleep.deviation.threshold = 300ms (default)
2022-06-24 01:39:03,926 [pool-72-thread-1] INFO  server.RaftServer$Division (ServerState.java:<init>(107)) - 9ae5d421-0cc7-487c-9408-d74f6a32f32f@group-32E817E071F9: ConfigurationManager, init=-1: [9ae5d421-0cc7-487c-9408-d74f6a32f32f|rpc:10.1.0.17:45445|priority:1], old=null, confs=<EMPTY_MAP>
2022-06-24 01:39:03,926 [pool-72-thread-1] INFO  server.RaftServerConfigKeys (ConfUtils.java:logGet(46)) - raft.server.storage.dir = [/home/runner/work/ozone/ozone/hadoop-ozone/integration-test/target/test-dir/MiniOzoneClusterImpl-c155f79f-1502-4c37-8e24-0bbcb716cadf/datanode-0/data/ratis] (custom)
2022-06-24 01:39:03,927 [pool-72-thread-1] INFO  server.RaftServerConfigKeys (ConfUtils.java:logGet(46)) - raft.server.log.corruption.policy = EXCEPTION (default)
2022-06-24 01:39:03,927 [pool-72-thread-1] INFO  server.RaftServerConfigKeys (ConfUtils.java:logGet(46)) - raft.server.storage.free-space.min = 0MB (=0) (default)
2022-06-24 01:39:03,927 [pool-72-thread-1] INFO  storage.RaftStorageDirectory (RaftStorageDirectoryImpl.java:analyzeStorage(135)) - The storage directory /home/runner/work/ozone/ozone/hadoop-ozone/integration-test/target/test-dir/MiniOzoneClusterImpl-c155f79f-1502-4c37-8e24-0bbcb716cadf/datanode-0/data/ratis/d23d8253-3fc9-4138-a7a6-32e817e071f9 does not exist. Creating ...
2022-06-24 01:39:03,929 [pool-72-thread-1] INFO  storage.RaftStorageDirectory (RaftStorageDirectoryImpl.java:tryLock(230)) - Lock on /home/runner/work/ozone/ozone/hadoop-ozone/integration-test/target/test-dir/MiniOzoneClusterImpl-c155f79f-1502-4c37-8e24-0bbcb716cadf/datanode-0/data/ratis/d23d8253-3fc9-4138-a7a6-32e817e071f9/in_use.lock acquired by nodename 2905@fv-az66-546
2022-06-24 01:39:03,931 [pool-72-thread-1] INFO  storage.RaftStorage (RaftStorageImpl.java:format(89)) - Storage directory /home/runner/work/ozone/ozone/hadoop-ozone/integration-test/target/test-dir/MiniOzoneClusterImpl-c155f79f-1502-4c37-8e24-0bbcb716cadf/datanode-0/data/ratis/d23d8253-3fc9-4138-a7a6-32e817e071f9 has been successfully formatted.
2022-06-24 01:39:03,936 [pool-72-thread-1] INFO  ratis.ContainerStateMachine (ContainerStateMachine.java:loadSnapshot(236)) - group-32E817E071F9: The snapshot info is null. Setting the last applied indexto:(t:0, i:~)
2022-06-24 01:39:03,937 [pool-72-thread-1] INFO  server.RaftServerConfigKeys (ConfUtils.java:logGet(46)) - raft.server.notification.no-leader.timeout = 300s (custom)
2022-06-24 01:39:03,937 [pool-72-thread-1] INFO  server.RaftServerConfigKeys (ConfUtils.java:logGet(46)) - raft.server.log.use.memory = false (default)
2022-06-24 01:39:03,937 [pool-72-thread-1] INFO  server.RaftServerConfigKeys (ConfUtils.java:logGet(46)) - raft.server.log.purge.gap = 1000000 (custom)
2022-06-24 01:39:03,937 [pool-72-thread-1] INFO  server.RaftServerConfigKeys (ConfUtils.java:logGet(46)) - raft.server.log.appender.buffer.byte-limit = 33554432 (custom)
2022-06-24 01:39:03,937 [pool-72-thread-1] INFO  server.RaftServerConfigKeys (ConfUtils.java:logGet(46)) - raft.server.log.statemachine.data.read.timeout = 1000ms (default)
2022-06-24 01:39:03,937 [pool-72-thread-1] INFO  server.RaftServerConfigKeys (ConfUtils.java:logGet(46)) - raft.server.log.segment.size.max = 1048576 (custom)
2022-06-24 01:39:03,938 [pool-72-thread-1] INFO  server.RaftServerConfigKeys (ConfUtils.java:logGet(46)) - raft.server.log.segment.cache.num.max = 2 (custom)
2022-06-24 01:39:03,939 [pool-72-thread-1] INFO  server.RaftServerConfigKeys (ConfUtils.java:logGet(46)) - raft.server.log.segment.cache.size.max = 200MB (=209715200) (default)
2022-06-24 01:39:03,939 [pool-72-thread-1] INFO  segmented.SegmentedRaftLogWorker (SegmentedRaftLogWorker.java:<init>(187)) - new 9ae5d421-0cc7-487c-9408-d74f6a32f32f@group-32E817E071F9-SegmentedRaftLogWorker for RaftStorageImpl:Storage Directory /home/runner/work/ozone/ozone/hadoop-ozone/integration-test/target/test-dir/MiniOzoneClusterImpl-c155f79f-1502-4c37-8e24-0bbcb716cadf/datanode-0/data/ratis/d23d8253-3fc9-4138-a7a6-32e817e071f9
2022-06-24 01:39:03,939 [pool-72-thread-1] INFO  server.RaftServerConfigKeys (ConfUtils.java:logGet(46)) - raft.server.log.queue.byte-limit = 4294967296 (custom)
2022-06-24 01:39:03,939 [pool-72-thread-1] INFO  server.RaftServerConfigKeys (ConfUtils.java:logGet(46)) - raft.server.log.queue.element-limit = 1024 (custom)
2022-06-24 01:39:03,939 [pool-72-thread-1] INFO  server.RaftServerConfigKeys (ConfUtils.java:logGet(46)) - raft.server.log.segment.size.max = 1048576 (custom)
2022-06-24 01:39:03,939 [pool-72-thread-1] INFO  server.RaftServerConfigKeys (ConfUtils.java:logGet(46)) - raft.server.log.preallocated.size = 16384 (custom)
2022-06-24 01:39:03,939 [pool-72-thread-1] INFO  server.RaftServerConfigKeys (ConfUtils.java:logGet(46)) - raft.server.log.force.sync.num = 128 (default)
2022-06-24 01:39:03,939 [pool-72-thread-1] INFO  server.RaftServerConfigKeys (ConfUtils.java:logGet(46)) - raft.server.log.statemachine.data.sync = true (default)
2022-06-24 01:39:03,939 [pool-72-thread-1] INFO  server.RaftServerConfigKeys (ConfUtils.java:logGet(46)) - raft.server.log.statemachine.data.sync.timeout = 10s (default)
2022-06-24 01:39:03,939 [pool-72-thread-1] INFO  server.RaftServerConfigKeys (ConfUtils.java:logGet(46)) - raft.server.log.statemachine.data.sync.timeout.retry = -1 (default)
2022-06-24 01:39:03,941 [pool-72-thread-1] INFO  server.RaftServerConfigKeys (ConfUtils.java:logGet(46)) - raft.server.log.write.buffer.size = 1048576 (custom)
2022-06-24 01:39:03,942 [pool-72-thread-1] INFO  server.RaftServerConfigKeys (ConfUtils.java:logGet(46)) - raft.server.log.unsafe-flush.enabled = false (default)
2022-06-24 01:39:03,942 [pool-72-thread-1] INFO  server.RaftServerConfigKeys (ConfUtils.java:logGet(46)) - raft.server.log.statemachine.data.caching.enabled = true (custom)
2022-06-24 01:39:03,942 [pool-72-thread-1] INFO  segmented.SegmentedRaftLogWorker (SegmentedRaftLogWorker.java:lambda$new$0(135)) - 9ae5d421-0cc7-487c-9408-d74f6a32f32f@group-32E817E071F9-SegmentedRaftLogWorker: flushIndex: setUnconditionally 0 -> -1
2022-06-24 01:39:03,943 [pool-72-thread-1] INFO  segmented.SegmentedRaftLogWorker (SegmentedRaftLogWorker.java:lambda$new$0(135)) - 9ae5d421-0cc7-487c-9408-d74f6a32f32f@group-32E817E071F9-SegmentedRaftLogWorker: safeCacheEvictIndex: setUnconditionally 0 -> -1
2022-06-24 01:39:03,968 [EventQueue-PipelineReportForPipelineReportHandler] INFO  pipeline.PipelineManagerImpl (PipelineManagerImpl.java:openPipeline(358)) - Pipeline Pipeline[ Id: d23d8253-3fc9-4138-a7a6-32e817e071f9, Nodes: 9ae5d421-0cc7-487c-9408-d74f6a32f32f{ip: 10.1.0.17, host: fv-az66-546.vwcdieab4koerntclszyavmfxa.dx.internal.cloudapp.net, ports: [REPLICATION=42287, RATIS=45445, RATIS_ADMIN=45445, RATIS_SERVER=45445, STANDALONE=38423], networkLocation: /default-rack, certSerialId: null, persistedOpState: IN_SERVICE, persistedOpStateExpiryEpochSec: 0}, ReplicationConfig: RATIS/ONE, State:ALLOCATED, leaderId:9ae5d421-0cc7-487c-9408-d74f6a32f32f, CreationTimestamp2022-06-24T01:39:00.978Z[Etc/UTC]] moved to OPEN state
2022-06-24 01:39:03,972 [pool-72-thread-1] INFO  server.RaftServerConfigKeys (ConfUtils.java:logGet(46)) - raft.server.snapshot.auto.trigger.enabled = true (custom)
2022-06-24 01:39:03,972 [pool-72-thread-1] INFO  server.RaftServerConfigKeys (ConfUtils.java:logGet(46)) - raft.server.snapshot.auto.trigger.threshold = 10000 (custom)
2022-06-24 01:39:03,972 [pool-72-thread-1] INFO  server.RaftServerConfigKeys (ConfUtils.java:logGet(46)) - raft.server.snapshot.retention.file.num = 5 (custom)
2022-06-24 01:39:03,973 [pool-72-thread-1] INFO  server.RaftServerConfigKeys (ConfUtils.java:logGet(46)) - raft.server.log.purge.upto.snapshot.index = false (default)
2022-06-24 01:39:03,973 [pool-72-thread-1] INFO  server.RaftServerConfigKeys (ConfUtils.java:logGet(46)) - raft.server.retrycache.expirytime = 600000ms (custom)
2022-06-24 01:39:03,973 [pool-72-thread-1] INFO  server.RaftServerConfigKeys (ConfUtils.java:logGet(46)) - raft.server.retrycache.statistics.expirytime = 100μs (default)
2022-06-24 01:39:03,976 [pool-72-thread-1] INFO  server.RaftServerConfigKeys (ConfUtils.java:logGet(46)) - raft.server.log.appender.install.snapshot.enabled = false (custom)
2022-06-24 01:39:03,976 [pool-72-thread-1] INFO  server.RaftServerConfigKeys (ConfUtils.java:logGet(46)) - raft.server.threadpool.server.cached = true (default)
2022-06-24 01:39:03,976 [pool-72-thread-1] INFO  server.RaftServerConfigKeys (ConfUtils.java:logGet(46)) - raft.server.threadpool.server.size = 0 (default)
2022-06-24 01:39:03,976 [pool-72-thread-1] INFO  server.RaftServerConfigKeys (ConfUtils.java:logGet(46)) - raft.server.threadpool.client.cached = true (default)
2022-06-24 01:39:03,976 [pool-72-thread-1] INFO  server.RaftServerConfigKeys (ConfUtils.java:logGet(46)) - raft.server.threadpool.client.size = 0 (default)
2022-06-24 01:39:03,976 [pool-72-thread-1] INFO  server.RaftServer$Division (RaftServerImpl.java:start(310)) - 9ae5d421-0cc7-487c-9408-d74f6a32f32f@group-32E817E071F9: start as a follower, conf=-1: [9ae5d421-0cc7-487c-9408-d74f6a32f32f|rpc:10.1.0.17:45445|priority:1], old=null
2022-06-24 01:39:03,976 [pool-72-thread-1] INFO  server.RaftServer$Division (RaftServerImpl.java:setRole(299)) - 9ae5d421-0cc7-487c-9408-d74f6a32f32f@group-32E817E071F9: changes role from      null to FOLLOWER at term 0 for startAsFollower
2022-06-24 01:39:03,977 [pool-72-thread-1] INFO  impl.RoleInfo (RoleInfo.java:updateAndGet(139)) - 9ae5d421-0cc7-487c-9408-d74f6a32f32f: start 9ae5d421-0cc7-487c-9408-d74f6a32f32f@group-32E817E071F9-FollowerState
2022-06-24 01:39:03,977 [pool-72-thread-1] INFO  util.JmxRegister (JmxRegister.java:tryRegister(44)) - Successfully registered JMX Bean with object name Ratis:service=RaftServer,group=group-32E817E071F9,id=9ae5d421-0cc7-487c-9408-d74f6a32f32f
2022-06-24 01:39:03,979 [EventQueue-OpenPipelineForHealthyPipelineSafeModeRule] INFO  safemode.SCMSafeModeManager (HealthyPipelineSafeModeRule.java:process(124)) - SCM in safe mode. Healthy pipelines reported count is 0, required healthy pipeline reported count is 1
2022-06-24 01:39:03,988 [Command processor thread] INFO  ratis.XceiverServerRatis (XceiverServerRatis.java:addGroup(765)) - Created group PipelineID=d23d8253-3fc9-4138-a7a6-32e817e071f9
2022-06-24 01:39:03,989 [Command processor thread] INFO  commandhandler.CreatePipelineCommandHandler (CreatePipelineCommandHandler.java:handle(113)) - Created Pipeline RATIS ONE PipelineID=d23d8253-3fc9-4138-a7a6-32e817e071f9.
2022-06-24 01:39:03,990 [Command processor thread] INFO  server.RaftServer (RaftServerProxy.java:addNew(96)) - 9ae5d421-0cc7-487c-9408-d74f6a32f32f: addNew group-E8B1E51486E2:[9ae5d421-0cc7-487c-9408-d74f6a32f32f|rpc:10.1.0.17:45445|priority:1, 10656556-265e-4307-9f78-5b96f7074e5c|rpc:10.1.0.17:34937|priority:0, c538bd0d-a22c-47f3-9c5c-aa06a1234548|rpc:10.1.0.17:40341|priority:0] returns group-E8B1E51486E2:java.util.concurrent.CompletableFuture@7598f4e9[Not completed]
2022-06-24 01:39:03,992 [pool-72-thread-1] INFO  server.RaftServer$Division (RaftServerImpl.java:<init>(190)) - 9ae5d421-0cc7-487c-9408-d74f6a32f32f: new RaftServerImpl for group-E8B1E51486E2:[9ae5d421-0cc7-487c-9408-d74f6a32f32f|rpc:10.1.0.17:45445|priority:1, 10656556-265e-4307-9f78-5b96f7074e5c|rpc:10.1.0.17:34937|priority:0, c538bd0d-a22c-47f3-9c5c-aa06a1234548|rpc:10.1.0.17:40341|priority:0] with ContainerStateMachine:uninitialized
2022-06-24 01:39:03,993 [pool-72-thread-1] INFO  server.RaftServerConfigKeys (ConfUtils.java:logGet(46)) - raft.server.rpc.timeout.min = 5s (custom)
2022-06-24 01:39:03,993 [pool-72-thread-1] INFO  server.RaftServerConfigKeys (ConfUtils.java:logGet(46)) - raft.server.rpc.timeout.max = 5200ms (custom)
2022-06-24 01:39:03,993 [pool-72-thread-1] INFO  server.RaftServerConfigKeys (ConfUtils.java:logGet(46)) - raft.server.rpc.sleep.time = 25ms (default)
2022-06-24 01:39:03,993 [pool-72-thread-1] INFO  server.RaftServerConfigKeys (ConfUtils.java:logGet(46)) - raft.server.rpc.slowness.timeout = 300s (custom)
2022-06-24 01:39:03,993 [pool-72-thread-1] INFO  server.RaftServerConfigKeys (ConfUtils.java:logGet(46)) - raft.server.leaderelection.leader.step-down.wait-time = 10s (default)
2022-06-24 01:39:03,993 [pool-72-thread-1] INFO  server.RaftServerConfigKeys (ConfUtils.java:logGet(46)) - raft.server.sleep.deviation.threshold = 300ms (default)
2022-06-24 01:39:03,993 [pool-72-thread-1] INFO  server.RaftServer$Division (ServerState.java:<init>(107)) - 9ae5d421-0cc7-487c-9408-d74f6a32f32f@group-E8B1E51486E2: ConfigurationManager, init=-1: [9ae5d421-0cc7-487c-9408-d74f6a32f32f|rpc:10.1.0.17:45445|priority:1, 10656556-265e-4307-9f78-5b96f7074e5c|rpc:10.1.0.17:34937|priority:0, c538bd0d-a22c-47f3-9c5c-aa06a1234548|rpc:10.1.0.17:40341|priority:0], old=null, confs=<EMPTY_MAP>
2022-06-24 01:39:03,993 [pool-72-thread-1] INFO  server.RaftServerConfigKeys (ConfUtils.java:logGet(46)) - raft.server.storage.dir = [/home/runner/work/ozone/ozone/hadoop-ozone/integration-test/target/test-dir/MiniOzoneClusterImpl-c155f79f-1502-4c37-8e24-0bbcb716cadf/datanode-0/data/ratis] (custom)
2022-06-24 01:39:03,993 [pool-72-thread-1] INFO  server.RaftServerConfigKeys (ConfUtils.java:logGet(46)) - raft.server.log.corruption.policy = EXCEPTION (default)
2022-06-24 01:39:03,993 [pool-72-thread-1] INFO  server.RaftServerConfigKeys (ConfUtils.java:logGet(46)) - raft.server.storage.free-space.min = 0MB (=0) (default)
2022-06-24 01:39:03,994 [pool-72-thread-1] INFO  storage.RaftStorageDirectory (RaftStorageDirectoryImpl.java:analyzeStorage(135)) - The storage directory /home/runner/work/ozone/ozone/hadoop-ozone/integration-test/target/test-dir/MiniOzoneClusterImpl-c155f79f-1502-4c37-8e24-0bbcb716cadf/datanode-0/data/ratis/78300cc8-5089-4f0b-8b26-e8b1e51486e2 does not exist. Creating ...
2022-06-24 01:39:03,996 [pool-72-thread-1] INFO  storage.RaftStorageDirectory (RaftStorageDirectoryImpl.java:tryLock(230)) - Lock on /home/runner/work/ozone/ozone/hadoop-ozone/integration-test/target/test-dir/MiniOzoneClusterImpl-c155f79f-1502-4c37-8e24-0bbcb716cadf/datanode-0/data/ratis/78300cc8-5089-4f0b-8b26-e8b1e51486e2/in_use.lock acquired by nodename 2905@fv-az66-546
2022-06-24 01:39:03,999 [pool-72-thread-1] INFO  storage.RaftStorage (RaftStorageImpl.java:format(89)) - Storage directory /home/runner/work/ozone/ozone/hadoop-ozone/integration-test/target/test-dir/MiniOzoneClusterImpl-c155f79f-1502-4c37-8e24-0bbcb716cadf/datanode-0/data/ratis/78300cc8-5089-4f0b-8b26-e8b1e51486e2 has been successfully formatted.
2022-06-24 01:39:04,000 [pool-72-thread-1] INFO  ratis.ContainerStateMachine (ContainerStateMachine.java:loadSnapshot(236)) - group-E8B1E51486E2: The snapshot info is null. Setting the last applied indexto:(t:0, i:~)
2022-06-24 01:39:04,001 [pool-72-thread-1] INFO  server.RaftServerConfigKeys (ConfUtils.java:logGet(46)) - raft.server.notification.no-leader.timeout = 300s (custom)
2022-06-24 01:39:04,002 [pool-72-thread-1] INFO  server.RaftServerConfigKeys (ConfUtils.java:logGet(46)) - raft.server.log.use.memory = false (default)
2022-06-24 01:39:04,002 [pool-72-thread-1] INFO  server.RaftServerConfigKeys (ConfUtils.java:logGet(46)) - raft.server.log.purge.gap = 1000000 (custom)
2022-06-24 01:39:04,002 [pool-72-thread-1] INFO  server.RaftServerConfigKeys (ConfUtils.java:logGet(46)) - raft.server.log.appender.buffer.byte-limit = 33554432 (custom)
2022-06-24 01:39:04,002 [pool-72-thread-1] INFO  server.RaftServerConfigKeys (ConfUtils.java:logGet(46)) - raft.server.log.statemachine.data.read.timeout = 1000ms (default)
2022-06-24 01:39:04,002 [pool-72-thread-1] INFO  server.RaftServerConfigKeys (ConfUtils.java:logGet(46)) - raft.server.log.segment.size.max = 1048576 (custom)
2022-06-24 01:39:04,005 [EventQueue-OpenPipelineForHealthyPipelineSafeModeRule] INFO  safemode.SCMSafeModeManager (HealthyPipelineSafeModeRule.java:process(124)) - SCM in safe mode. Healthy pipelines reported count is 0, required healthy pipeline reported count is 1
2022-06-24 01:39:04,012 [pool-72-thread-1] INFO  server.RaftServerConfigKeys (ConfUtils.java:logGet(46)) - raft.server.log.segment.cache.num.max = 2 (custom)
2022-06-24 01:39:04,012 [pool-72-thread-1] INFO  server.RaftServerConfigKeys (ConfUtils.java:logGet(46)) - raft.server.log.segment.cache.size.max = 200MB (=209715200) (default)
2022-06-24 01:39:04,012 [pool-72-thread-1] INFO  segmented.SegmentedRaftLogWorker (SegmentedRaftLogWorker.java:<init>(187)) - new 9ae5d421-0cc7-487c-9408-d74f6a32f32f@group-E8B1E51486E2-SegmentedRaftLogWorker for RaftStorageImpl:Storage Directory /home/runner/work/ozone/ozone/hadoop-ozone/integration-test/target/test-dir/MiniOzoneClusterImpl-c155f79f-1502-4c37-8e24-0bbcb716cadf/datanode-0/data/ratis/78300cc8-5089-4f0b-8b26-e8b1e51486e2
2022-06-24 01:39:04,012 [pool-72-thread-1] INFO  server.RaftServerConfigKeys (ConfUtils.java:logGet(46)) - raft.server.log.queue.byte-limit = 4294967296 (custom)
2022-06-24 01:39:04,012 [pool-72-thread-1] INFO  server.RaftServerConfigKeys (ConfUtils.java:logGet(46)) - raft.server.log.queue.element-limit = 1024 (custom)
2022-06-24 01:39:04,013 [pool-72-thread-1] INFO  server.RaftServerConfigKeys (ConfUtils.java:logGet(46)) - raft.server.log.segment.size.max = 1048576 (custom)
2022-06-24 01:39:04,013 [pool-72-thread-1] INFO  server.RaftServerConfigKeys (ConfUtils.java:logGet(46)) - raft.server.log.preallocated.size = 16384 (custom)
2022-06-24 01:39:04,013 [pool-72-thread-1] INFO  server.RaftServerConfigKeys (ConfUtils.java:logGet(46)) - raft.server.log.force.sync.num = 128 (default)
2022-06-24 01:39:04,013 [pool-72-thread-1] INFO  server.RaftServerConfigKeys (ConfUtils.java:logGet(46)) - raft.server.log.statemachine.data.sync = true (default)
2022-06-24 01:39:04,013 [pool-72-thread-1] INFO  server.RaftServerConfigKeys (ConfUtils.java:logGet(46)) - raft.server.log.statemachine.data.sync.timeout = 10s (default)
2022-06-24 01:39:04,013 [pool-72-thread-1] INFO  server.RaftServerConfigKeys (ConfUtils.java:logGet(46)) - raft.server.log.statemachine.data.sync.timeout.retry = -1 (default)
2022-06-24 01:39:04,015 [pool-72-thread-1] INFO  server.RaftServerConfigKeys (ConfUtils.java:logGet(46)) - raft.server.log.write.buffer.size = 1048576 (custom)
2022-06-24 01:39:04,016 [pool-72-thread-1] INFO  server.RaftServerConfigKeys (ConfUtils.java:logGet(46)) - raft.server.log.unsafe-flush.enabled = false (default)
2022-06-24 01:39:04,016 [pool-72-thread-1] INFO  server.RaftServerConfigKeys (ConfUtils.java:logGet(46)) - raft.server.log.statemachine.data.caching.enabled = true (custom)
2022-06-24 01:39:04,016 [pool-72-thread-1] INFO  segmented.SegmentedRaftLogWorker (SegmentedRaftLogWorker.java:lambda$new$0(135)) - 9ae5d421-0cc7-487c-9408-d74f6a32f32f@group-E8B1E51486E2-SegmentedRaftLogWorker: flushIndex: setUnconditionally 0 -> -1
2022-06-24 01:39:04,016 [pool-72-thread-1] INFO  segmented.SegmentedRaftLogWorker (SegmentedRaftLogWorker.java:lambda$new$0(135)) - 9ae5d421-0cc7-487c-9408-d74f6a32f32f@group-E8B1E51486E2-SegmentedRaftLogWorker: safeCacheEvictIndex: setUnconditionally 0 -> -1
2022-06-24 01:39:04,016 [pool-72-thread-1] INFO  server.RaftServerConfigKeys (ConfUtils.java:logGet(46)) - raft.server.snapshot.auto.trigger.enabled = true (custom)
2022-06-24 01:39:04,017 [pool-72-thread-1] INFO  server.RaftServerConfigKeys (ConfUtils.java:logGet(46)) - raft.server.snapshot.auto.trigger.threshold = 10000 (custom)
2022-06-24 01:39:04,017 [pool-72-thread-1] INFO  server.RaftServerConfigKeys (ConfUtils.java:logGet(46)) - raft.server.snapshot.retention.file.num = 5 (custom)
2022-06-24 01:39:04,017 [pool-72-thread-1] INFO  server.RaftServerConfigKeys (ConfUtils.java:logGet(46)) - raft.server.log.purge.upto.snapshot.index = false (default)
2022-06-24 01:39:04,017 [pool-72-thread-1] INFO  server.RaftServerConfigKeys (ConfUtils.java:logGet(46)) - raft.server.retrycache.expirytime = 600000ms (custom)
2022-06-24 01:39:04,017 [pool-72-thread-1] INFO  server.RaftServerConfigKeys (ConfUtils.java:logGet(46)) - raft.server.retrycache.statistics.expirytime = 100μs (default)
2022-06-24 01:39:04,020 [pool-72-thread-1] INFO  server.RaftServerConfigKeys (ConfUtils.java:logGet(46)) - raft.server.log.appender.install.snapshot.enabled = false (custom)
2022-06-24 01:39:04,020 [pool-72-thread-1] INFO  server.RaftServerConfigKeys (ConfUtils.java:logGet(46)) - raft.server.threadpool.server.cached = true (default)
2022-06-24 01:39:04,020 [pool-72-thread-1] INFO  server.RaftServerConfigKeys (ConfUtils.java:logGet(46)) - raft.server.threadpool.server.size = 0 (default)
2022-06-24 01:39:04,020 [pool-72-thread-1] INFO  server.RaftServerConfigKeys (ConfUtils.java:logGet(46)) - raft.server.threadpool.client.cached = true (default)
2022-06-24 01:39:04,020 [pool-72-thread-1] INFO  server.RaftServerConfigKeys (ConfUtils.java:logGet(46)) - raft.server.threadpool.client.size = 0 (default)
2022-06-24 01:39:04,020 [pool-72-thread-1] INFO  server.RaftServer$Division (RaftServerImpl.java:start(310)) - 9ae5d421-0cc7-487c-9408-d74f6a32f32f@group-E8B1E51486E2: start as a follower, conf=-1: [9ae5d421-0cc7-487c-9408-d74f6a32f32f|rpc:10.1.0.17:45445|priority:1, 10656556-265e-4307-9f78-5b96f7074e5c|rpc:10.1.0.17:34937|priority:0, c538bd0d-a22c-47f3-9c5c-aa06a1234548|rpc:10.1.0.17:40341|priority:0], old=null
2022-06-24 01:39:04,020 [pool-72-thread-1] INFO  server.RaftServer$Division (RaftServerImpl.java:setRole(299)) - 9ae5d421-0cc7-487c-9408-d74f6a32f32f@group-E8B1E51486E2: changes role from      null to FOLLOWER at term 0 for startAsFollower
2022-06-24 01:39:04,020 [pool-72-thread-1] INFO  impl.RoleInfo (RoleInfo.java:updateAndGet(139)) - 9ae5d421-0cc7-487c-9408-d74f6a32f32f: start 9ae5d421-0cc7-487c-9408-d74f6a32f32f@group-E8B1E51486E2-FollowerState
2022-06-24 01:39:04,022 [pool-72-thread-1] INFO  util.JmxRegister (JmxRegister.java:tryRegister(44)) - Successfully registered JMX Bean with object name Ratis:service=RaftServer,group=group-E8B1E51486E2,id=9ae5d421-0cc7-487c-9408-d74f6a32f32f
2022-06-24 01:39:04,023 [Command processor thread] INFO  ratis.XceiverServerRatis (XceiverServerRatis.java:addGroup(765)) - Created group PipelineID=78300cc8-5089-4f0b-8b26-e8b1e51486e2
2022-06-24 01:39:04,573 [Command processor thread] INFO  server.RaftServer (RaftServerProxy.java:addNew(96)) - c538bd0d-a22c-47f3-9c5c-aa06a1234548: addNew group-4A81EF49CA14:[c538bd0d-a22c-47f3-9c5c-aa06a1234548|rpc:10.1.0.17:40341|priority:1] returns group-4A81EF49CA14:java.util.concurrent.CompletableFuture@603474d3[Not completed]
2022-06-24 01:39:04,587 [pool-95-thread-1] INFO  server.RaftServer$Division (RaftServerImpl.java:<init>(190)) - c538bd0d-a22c-47f3-9c5c-aa06a1234548: new RaftServerImpl for group-4A81EF49CA14:[c538bd0d-a22c-47f3-9c5c-aa06a1234548|rpc:10.1.0.17:40341|priority:1] with ContainerStateMachine:uninitialized
2022-06-24 01:39:04,587 [pool-95-thread-1] INFO  server.RaftServerConfigKeys (ConfUtils.java:logGet(46)) - raft.server.rpc.timeout.min = 5s (custom)
2022-06-24 01:39:04,587 [pool-95-thread-1] INFO  server.RaftServerConfigKeys (ConfUtils.java:logGet(46)) - raft.server.rpc.timeout.max = 5200ms (custom)
2022-06-24 01:39:04,587 [pool-95-thread-1] INFO  server.RaftServerConfigKeys (ConfUtils.java:logGet(46)) - raft.server.rpc.sleep.time = 25ms (default)
2022-06-24 01:39:04,588 [pool-95-thread-1] INFO  server.RaftServerConfigKeys (ConfUtils.java:logGet(46)) - raft.server.rpc.slowness.timeout = 300s (custom)
2022-06-24 01:39:04,588 [pool-95-thread-1] INFO  server.RaftServerConfigKeys (ConfUtils.java:logGet(46)) - raft.server.leaderelection.leader.step-down.wait-time = 10s (default)
2022-06-24 01:39:04,588 [pool-95-thread-1] INFO  server.RaftServerConfigKeys (ConfUtils.java:logGet(46)) - raft.server.sleep.deviation.threshold = 300ms (default)
2022-06-24 01:39:04,588 [pool-95-thread-1] INFO  server.RaftServer$Division (ServerState.java:<init>(107)) - c538bd0d-a22c-47f3-9c5c-aa06a1234548@group-4A81EF49CA14: ConfigurationManager, init=-1: [c538bd0d-a22c-47f3-9c5c-aa06a1234548|rpc:10.1.0.17:40341|priority:1], old=null, confs=<EMPTY_MAP>
2022-06-24 01:39:04,588 [pool-95-thread-1] INFO  server.RaftServerConfigKeys (ConfUtils.java:logGet(46)) - raft.server.storage.dir = [/home/runner/work/ozone/ozone/hadoop-ozone/integration-test/target/test-dir/MiniOzoneClusterImpl-c155f79f-1502-4c37-8e24-0bbcb716cadf/datanode-1/data/ratis] (custom)
2022-06-24 01:39:04,588 [pool-95-thread-1] INFO  server.RaftServerConfigKeys (ConfUtils.java:logGet(46)) - raft.server.log.corruption.policy = EXCEPTION (default)
2022-06-24 01:39:04,588 [pool-95-thread-1] INFO  server.RaftServerConfigKeys (ConfUtils.java:logGet(46)) - raft.server.storage.free-space.min = 0MB (=0) (default)
2022-06-24 01:39:04,588 [pool-95-thread-1] INFO  storage.RaftStorageDirectory (RaftStorageDirectoryImpl.java:analyzeStorage(135)) - The storage directory /home/runner/work/ozone/ozone/hadoop-ozone/integration-test/target/test-dir/MiniOzoneClusterImpl-c155f79f-1502-4c37-8e24-0bbcb716cadf/datanode-1/data/ratis/f8ca4e24-9d6d-4256-b7f6-4a81ef49ca14 does not exist. Creating ...
2022-06-24 01:39:04,590 [pool-95-thread-1] INFO  storage.RaftStorageDirectory (RaftStorageDirectoryImpl.java:tryLock(230)) - Lock on /home/runner/work/ozone/ozone/hadoop-ozone/integration-test/target/test-dir/MiniOzoneClusterImpl-c155f79f-1502-4c37-8e24-0bbcb716cadf/datanode-1/data/ratis/f8ca4e24-9d6d-4256-b7f6-4a81ef49ca14/in_use.lock acquired by nodename 2905@fv-az66-546
2022-06-24 01:39:04,592 [pool-95-thread-1] INFO  storage.RaftStorage (RaftStorageImpl.java:format(89)) - Storage directory /home/runner/work/ozone/ozone/hadoop-ozone/integration-test/target/test-dir/MiniOzoneClusterImpl-c155f79f-1502-4c37-8e24-0bbcb716cadf/datanode-1/data/ratis/f8ca4e24-9d6d-4256-b7f6-4a81ef49ca14 has been successfully formatted.
2022-06-24 01:39:04,594 [pool-95-thread-1] INFO  ratis.ContainerStateMachine (ContainerStateMachine.java:loadSnapshot(236)) - group-4A81EF49CA14: The snapshot info is null. Setting the last applied indexto:(t:0, i:~)
2022-06-24 01:39:04,597 [pool-95-thread-1] INFO  server.RaftServerConfigKeys (ConfUtils.java:logGet(46)) - raft.server.notification.no-leader.timeout = 300s (custom)
2022-06-24 01:39:04,597 [pool-95-thread-1] INFO  server.RaftServerConfigKeys (ConfUtils.java:logGet(46)) - raft.server.log.use.memory = false (default)
2022-06-24 01:39:04,597 [pool-95-thread-1] INFO  server.RaftServerConfigKeys (ConfUtils.java:logGet(46)) - raft.server.log.purge.gap = 1000000 (custom)
2022-06-24 01:39:04,597 [pool-95-thread-1] INFO  server.RaftServerConfigKeys (ConfUtils.java:logGet(46)) - raft.server.log.appender.buffer.byte-limit = 33554432 (custom)
2022-06-24 01:39:04,598 [pool-95-thread-1] INFO  server.RaftServerConfigKeys (ConfUtils.java:logGet(46)) - raft.server.log.statemachine.data.read.timeout = 1000ms (default)
2022-06-24 01:39:04,598 [pool-95-thread-1] INFO  server.RaftServerConfigKeys (ConfUtils.java:logGet(46)) - raft.server.log.segment.size.max = 1048576 (custom)
2022-06-24 01:39:04,598 [EventQueue-PipelineReportForPipelineReportHandler] INFO  pipeline.PipelineManagerImpl (PipelineManagerImpl.java:openPipeline(358)) - Pipeline Pipeline[ Id: f8ca4e24-9d6d-4256-b7f6-4a81ef49ca14, Nodes: c538bd0d-a22c-47f3-9c5c-aa06a1234548{ip: 10.1.0.17, host: fv-az66-546.vwcdieab4koerntclszyavmfxa.dx.internal.cloudapp.net, ports: [REPLICATION=37121, RATIS=40341, RATIS_ADMIN=40341, RATIS_SERVER=40341, STANDALONE=34721], networkLocation: /default-rack, certSerialId: null, persistedOpState: IN_SERVICE, persistedOpStateExpiryEpochSec: 0}, ReplicationConfig: RATIS/ONE, State:ALLOCATED, leaderId:c538bd0d-a22c-47f3-9c5c-aa06a1234548, CreationTimestamp2022-06-24T01:39:01.575Z[Etc/UTC]] moved to OPEN state
2022-06-24 01:39:04,599 [EventQueue-OpenPipelineForHealthyPipelineSafeModeRule] INFO  safemode.SCMSafeModeManager (HealthyPipelineSafeModeRule.java:process(124)) - SCM in safe mode. Healthy pipelines reported count is 0, required healthy pipeline reported count is 1
2022-06-24 01:39:04,599 [pool-95-thread-1] INFO  server.RaftServerConfigKeys (ConfUtils.java:logGet(46)) - raft.server.log.segment.cache.num.max = 2 (custom)
2022-06-24 01:39:04,602 [pool-95-thread-1] INFO  server.RaftServerConfigKeys (ConfUtils.java:logGet(46)) - raft.server.log.segment.cache.size.max = 200MB (=209715200) (default)
2022-06-24 01:39:04,602 [pool-95-thread-1] INFO  segmented.SegmentedRaftLogWorker (SegmentedRaftLogWorker.java:<init>(187)) - new c538bd0d-a22c-47f3-9c5c-aa06a1234548@group-4A81EF49CA14-SegmentedRaftLogWorker for RaftStorageImpl:Storage Directory /home/runner/work/ozone/ozone/hadoop-ozone/integration-test/target/test-dir/MiniOzoneClusterImpl-c155f79f-1502-4c37-8e24-0bbcb716cadf/datanode-1/data/ratis/f8ca4e24-9d6d-4256-b7f6-4a81ef49ca14
2022-06-24 01:39:04,602 [pool-95-thread-1] INFO  server.RaftServerConfigKeys (ConfUtils.java:logGet(46)) - raft.server.log.queue.byte-limit = 4294967296 (custom)
2022-06-24 01:39:04,603 [pool-95-thread-1] INFO  server.RaftServerConfigKeys (ConfUtils.java:logGet(46)) - raft.server.log.queue.element-limit = 1024 (custom)
2022-06-24 01:39:04,603 [pool-95-thread-1] INFO  server.RaftServerConfigKeys (ConfUtils.java:logGet(46)) - raft.server.log.segment.size.max = 1048576 (custom)
2022-06-24 01:39:04,603 [pool-95-thread-1] INFO  server.RaftServerConfigKeys (ConfUtils.java:logGet(46)) - raft.server.log.preallocated.size = 16384 (custom)
2022-06-24 01:39:04,603 [pool-95-thread-1] INFO  server.RaftServerConfigKeys (ConfUtils.java:logGet(46)) - raft.server.log.force.sync.num = 128 (default)
2022-06-24 01:39:04,603 [pool-95-thread-1] INFO  server.RaftServerConfigKeys (ConfUtils.java:logGet(46)) - raft.server.log.statemachine.data.sync = true (default)
2022-06-24 01:39:04,603 [pool-95-thread-1] INFO  server.RaftServerConfigKeys (ConfUtils.java:logGet(46)) - raft.server.log.statemachine.data.sync.timeout = 10s (default)
2022-06-24 01:39:04,603 [pool-95-thread-1] INFO  server.RaftServerConfigKeys (ConfUtils.java:logGet(46)) - raft.server.log.statemachine.data.sync.timeout.retry = -1 (default)
2022-06-24 01:39:04,605 [pool-95-thread-1] INFO  server.RaftServerConfigKeys (ConfUtils.java:logGet(46)) - raft.server.log.write.buffer.size = 1048576 (custom)
2022-06-24 01:39:04,606 [pool-95-thread-1] INFO  server.RaftServerConfigKeys (ConfUtils.java:logGet(46)) - raft.server.log.unsafe-flush.enabled = false (default)
2022-06-24 01:39:04,611 [pool-95-thread-1] INFO  server.RaftServerConfigKeys (ConfUtils.java:logGet(46)) - raft.server.log.statemachine.data.caching.enabled = true (custom)
2022-06-24 01:39:04,611 [pool-95-thread-1] INFO  segmented.SegmentedRaftLogWorker (SegmentedRaftLogWorker.java:lambda$new$0(135)) - c538bd0d-a22c-47f3-9c5c-aa06a1234548@group-4A81EF49CA14-SegmentedRaftLogWorker: flushIndex: setUnconditionally 0 -> -1
2022-06-24 01:39:04,612 [pool-95-thread-1] INFO  segmented.SegmentedRaftLogWorker (SegmentedRaftLogWorker.java:lambda$new$0(135)) - c538bd0d-a22c-47f3-9c5c-aa06a1234548@group-4A81EF49CA14-SegmentedRaftLogWorker: safeCacheEvictIndex: setUnconditionally 0 -> -1
2022-06-24 01:39:04,612 [pool-95-thread-1] INFO  server.RaftServerConfigKeys (ConfUtils.java:logGet(46)) - raft.server.snapshot.auto.trigger.enabled = true (custom)
2022-06-24 01:39:04,612 [pool-95-thread-1] INFO  server.RaftServerConfigKeys (ConfUtils.java:logGet(46)) - raft.server.snapshot.auto.trigger.threshold = 10000 (custom)
2022-06-24 01:39:04,612 [pool-95-thread-1] INFO  server.RaftServerConfigKeys (ConfUtils.java:logGet(46)) - raft.server.snapshot.retention.file.num = 5 (custom)
2022-06-24 01:39:04,612 [pool-95-thread-1] INFO  server.RaftServerConfigKeys (ConfUtils.java:logGet(46)) - raft.server.log.purge.upto.snapshot.index = false (default)
2022-06-24 01:39:04,612 [pool-95-thread-1] INFO  server.RaftServerConfigKeys (ConfUtils.java:logGet(46)) - raft.server.retrycache.expirytime = 600000ms (custom)
2022-06-24 01:39:04,612 [pool-95-thread-1] INFO  server.RaftServerConfigKeys (ConfUtils.java:logGet(46)) - raft.server.retrycache.statistics.expirytime = 100μs (default)
2022-06-24 01:39:04,615 [pool-95-thread-1] INFO  server.RaftServerConfigKeys (ConfUtils.java:logGet(46)) - raft.server.log.appender.install.snapshot.enabled = false (custom)
2022-06-24 01:39:04,615 [pool-95-thread-1] INFO  server.RaftServerConfigKeys (ConfUtils.java:logGet(46)) - raft.server.threadpool.server.cached = true (default)
2022-06-24 01:39:04,615 [pool-95-thread-1] INFO  server.RaftServerConfigKeys (ConfUtils.java:logGet(46)) - raft.server.threadpool.server.size = 0 (default)
2022-06-24 01:39:04,615 [pool-95-thread-1] INFO  server.RaftServerConfigKeys (ConfUtils.java:logGet(46)) - raft.server.threadpool.client.cached = true (default)
2022-06-24 01:39:04,615 [pool-95-thread-1] INFO  server.RaftServerConfigKeys (ConfUtils.java:logGet(46)) - raft.server.threadpool.client.size = 0 (default)
2022-06-24 01:39:04,615 [pool-95-thread-1] INFO  server.RaftServer$Division (RaftServerImpl.java:start(310)) - c538bd0d-a22c-47f3-9c5c-aa06a1234548@group-4A81EF49CA14: start as a follower, conf=-1: [c538bd0d-a22c-47f3-9c5c-aa06a1234548|rpc:10.1.0.17:40341|priority:1], old=null
2022-06-24 01:39:04,615 [pool-95-thread-1] INFO  server.RaftServer$Division (RaftServerImpl.java:setRole(299)) - c538bd0d-a22c-47f3-9c5c-aa06a1234548@group-4A81EF49CA14: changes role from      null to FOLLOWER at term 0 for startAsFollower
2022-06-24 01:39:04,615 [pool-95-thread-1] INFO  impl.RoleInfo (RoleInfo.java:updateAndGet(139)) - c538bd0d-a22c-47f3-9c5c-aa06a1234548: start c538bd0d-a22c-47f3-9c5c-aa06a1234548@group-4A81EF49CA14-FollowerState
2022-06-24 01:39:04,619 [pool-95-thread-1] INFO  util.JmxRegister (JmxRegister.java:tryRegister(44)) - Successfully registered JMX Bean with object name Ratis:service=RaftServer,group=group-4A81EF49CA14,id=c538bd0d-a22c-47f3-9c5c-aa06a1234548
2022-06-24 01:39:04,623 [Command processor thread] INFO  ratis.XceiverServerRatis (XceiverServerRatis.java:addGroup(765)) - Created group PipelineID=f8ca4e24-9d6d-4256-b7f6-4a81ef49ca14
2022-06-24 01:39:04,624 [Command processor thread] INFO  commandhandler.CreatePipelineCommandHandler (CreatePipelineCommandHandler.java:handle(113)) - Created Pipeline RATIS ONE PipelineID=f8ca4e24-9d6d-4256-b7f6-4a81ef49ca14.
2022-06-24 01:39:04,625 [Command processor thread] INFO  server.RaftServer (RaftServerProxy.java:addNew(96)) - c538bd0d-a22c-47f3-9c5c-aa06a1234548: addNew group-E8B1E51486E2:[9ae5d421-0cc7-487c-9408-d74f6a32f32f|rpc:10.1.0.17:45445|priority:1, 10656556-265e-4307-9f78-5b96f7074e5c|rpc:10.1.0.17:34937|priority:0, c538bd0d-a22c-47f3-9c5c-aa06a1234548|rpc:10.1.0.17:40341|priority:0] returns group-E8B1E51486E2:java.util.concurrent.CompletableFuture@640bfc0d[Not completed]
2022-06-24 01:39:04,631 [pool-95-thread-1] INFO  server.RaftServer$Division (RaftServerImpl.java:<init>(190)) - c538bd0d-a22c-47f3-9c5c-aa06a1234548: new RaftServerImpl for group-E8B1E51486E2:[9ae5d421-0cc7-487c-9408-d74f6a32f32f|rpc:10.1.0.17:45445|priority:1, 10656556-265e-4307-9f78-5b96f7074e5c|rpc:10.1.0.17:34937|priority:0, c538bd0d-a22c-47f3-9c5c-aa06a1234548|rpc:10.1.0.17:40341|priority:0] with ContainerStateMachine:uninitialized
2022-06-24 01:39:04,631 [pool-95-thread-1] INFO  server.RaftServerConfigKeys (ConfUtils.java:logGet(46)) - raft.server.rpc.timeout.min = 5s (custom)
2022-06-24 01:39:04,631 [pool-95-thread-1] INFO  server.RaftServerConfigKeys (ConfUtils.java:logGet(46)) - raft.server.rpc.timeout.max = 5200ms (custom)
2022-06-24 01:39:04,631 [pool-95-thread-1] INFO  server.RaftServerConfigKeys (ConfUtils.java:logGet(46)) - raft.server.rpc.sleep.time = 25ms (default)
2022-06-24 01:39:04,631 [pool-95-thread-1] INFO  server.RaftServerConfigKeys (ConfUtils.java:logGet(46)) - raft.server.rpc.slowness.timeout = 300s (custom)
2022-06-24 01:39:04,631 [pool-95-thread-1] INFO  server.RaftServerConfigKeys (ConfUtils.java:logGet(46)) - raft.server.leaderelection.leader.step-down.wait-time = 10s (default)
2022-06-24 01:39:04,631 [pool-95-thread-1] INFO  server.RaftServerConfigKeys (ConfUtils.java:logGet(46)) - raft.server.sleep.deviation.threshold = 300ms (default)
2022-06-24 01:39:04,631 [pool-95-thread-1] INFO  server.RaftServer$Division (ServerState.java:<init>(107)) - c538bd0d-a22c-47f3-9c5c-aa06a1234548@group-E8B1E51486E2: ConfigurationManager, init=-1: [9ae5d421-0cc7-487c-9408-d74f6a32f32f|rpc:10.1.0.17:45445|priority:1, 10656556-265e-4307-9f78-5b96f7074e5c|rpc:10.1.0.17:34937|priority:0, c538bd0d-a22c-47f3-9c5c-aa06a1234548|rpc:10.1.0.17:40341|priority:0], old=null, confs=<EMPTY_MAP>
2022-06-24 01:39:04,632 [pool-95-thread-1] INFO  server.RaftServerConfigKeys (ConfUtils.java:logGet(46)) - raft.server.storage.dir = [/home/runner/work/ozone/ozone/hadoop-ozone/integration-test/target/test-dir/MiniOzoneClusterImpl-c155f79f-1502-4c37-8e24-0bbcb716cadf/datanode-1/data/ratis] (custom)
2022-06-24 01:39:04,632 [pool-95-thread-1] INFO  server.RaftServerConfigKeys (ConfUtils.java:logGet(46)) - raft.server.log.corruption.policy = EXCEPTION (default)
2022-06-24 01:39:04,632 [pool-95-thread-1] INFO  server.RaftServerConfigKeys (ConfUtils.java:logGet(46)) - raft.server.storage.free-space.min = 0MB (=0) (default)
2022-06-24 01:39:04,632 [pool-95-thread-1] INFO  storage.RaftStorageDirectory (RaftStorageDirectoryImpl.java:analyzeStorage(135)) - The storage directory /home/runner/work/ozone/ozone/hadoop-ozone/integration-test/target/test-dir/MiniOzoneClusterImpl-c155f79f-1502-4c37-8e24-0bbcb716cadf/datanode-1/data/ratis/78300cc8-5089-4f0b-8b26-e8b1e51486e2 does not exist. Creating ...
2022-06-24 01:39:04,633 [pool-95-thread-1] INFO  storage.RaftStorageDirectory (RaftStorageDirectoryImpl.java:tryLock(230)) - Lock on /home/runner/work/ozone/ozone/hadoop-ozone/integration-test/target/test-dir/MiniOzoneClusterImpl-c155f79f-1502-4c37-8e24-0bbcb716cadf/datanode-1/data/ratis/78300cc8-5089-4f0b-8b26-e8b1e51486e2/in_use.lock acquired by nodename 2905@fv-az66-546
2022-06-24 01:39:04,640 [pool-95-thread-1] INFO  storage.RaftStorage (RaftStorageImpl.java:format(89)) - Storage directory /home/runner/work/ozone/ozone/hadoop-ozone/integration-test/target/test-dir/MiniOzoneClusterImpl-c155f79f-1502-4c37-8e24-0bbcb716cadf/datanode-1/data/ratis/78300cc8-5089-4f0b-8b26-e8b1e51486e2 has been successfully formatted.
2022-06-24 01:39:04,643 [pool-95-thread-1] INFO  ratis.ContainerStateMachine (ContainerStateMachine.java:loadSnapshot(236)) - group-E8B1E51486E2: The snapshot info is null. Setting the last applied indexto:(t:0, i:~)
2022-06-24 01:39:04,644 [EventQueue-OpenPipelineForHealthyPipelineSafeModeRule] INFO  safemode.SCMSafeModeManager (HealthyPipelineSafeModeRule.java:process(124)) - SCM in safe mode. Healthy pipelines reported count is 0, required healthy pipeline reported count is 1
2022-06-24 01:39:04,649 [pool-95-thread-1] INFO  server.RaftServerConfigKeys (ConfUtils.java:logGet(46)) - raft.server.notification.no-leader.timeout = 300s (custom)
2022-06-24 01:39:04,649 [pool-95-thread-1] INFO  server.RaftServerConfigKeys (ConfUtils.java:logGet(46)) - raft.server.log.use.memory = false (default)
2022-06-24 01:39:04,649 [pool-95-thread-1] INFO  server.RaftServerConfigKeys (ConfUtils.java:logGet(46)) - raft.server.log.purge.gap = 1000000 (custom)
2022-06-24 01:39:04,649 [pool-95-thread-1] INFO  server.RaftServerConfigKeys (ConfUtils.java:logGet(46)) - raft.server.log.appender.buffer.byte-limit = 33554432 (custom)
2022-06-24 01:39:04,649 [pool-95-thread-1] INFO  server.RaftServerConfigKeys (ConfUtils.java:logGet(46)) - raft.server.log.statemachine.data.read.timeout = 1000ms (default)
2022-06-24 01:39:04,649 [pool-95-thread-1] INFO  server.RaftServerConfigKeys (ConfUtils.java:logGet(46)) - raft.server.log.segment.size.max = 1048576 (custom)
2022-06-24 01:39:04,650 [pool-95-thread-1] INFO  server.RaftServerConfigKeys (ConfUtils.java:logGet(46)) - raft.server.log.segment.cache.num.max = 2 (custom)
2022-06-24 01:39:04,653 [pool-95-thread-1] INFO  server.RaftServerConfigKeys (ConfUtils.java:logGet(46)) - raft.server.log.segment.cache.size.max = 200MB (=209715200) (default)
2022-06-24 01:39:04,654 [pool-95-thread-1] INFO  segmented.SegmentedRaftLogWorker (SegmentedRaftLogWorker.java:<init>(187)) - new c538bd0d-a22c-47f3-9c5c-aa06a1234548@group-E8B1E51486E2-SegmentedRaftLogWorker for RaftStorageImpl:Storage Directory /home/runner/work/ozone/ozone/hadoop-ozone/integration-test/target/test-dir/MiniOzoneClusterImpl-c155f79f-1502-4c37-8e24-0bbcb716cadf/datanode-1/data/ratis/78300cc8-5089-4f0b-8b26-e8b1e51486e2
2022-06-24 01:39:04,654 [pool-95-thread-1] INFO  server.RaftServerConfigKeys (ConfUtils.java:logGet(46)) - raft.server.log.queue.byte-limit = 4294967296 (custom)
2022-06-24 01:39:04,654 [pool-95-thread-1] INFO  server.RaftServerConfigKeys (ConfUtils.java:logGet(46)) - raft.server.log.queue.element-limit = 1024 (custom)
2022-06-24 01:39:04,654 [pool-95-thread-1] INFO  server.RaftServerConfigKeys (ConfUtils.java:logGet(46)) - raft.server.log.segment.size.max = 1048576 (custom)
2022-06-24 01:39:04,654 [pool-95-thread-1] INFO  server.RaftServerConfigKeys (ConfUtils.java:logGet(46)) - raft.server.log.preallocated.size = 16384 (custom)
2022-06-24 01:39:04,654 [pool-95-thread-1] INFO  server.RaftServerConfigKeys (ConfUtils.java:logGet(46)) - raft.server.log.force.sync.num = 128 (default)
2022-06-24 01:39:04,654 [pool-95-thread-1] INFO  server.RaftServerConfigKeys (ConfUtils.java:logGet(46)) - raft.server.log.statemachine.data.sync = true (default)
2022-06-24 01:39:04,654 [pool-95-thread-1] INFO  server.RaftServerConfigKeys (ConfUtils.java:logGet(46)) - raft.server.log.statemachine.data.sync.timeout = 10s (default)
2022-06-24 01:39:04,654 [pool-95-thread-1] INFO  server.RaftServerConfigKeys (ConfUtils.java:logGet(46)) - raft.server.log.statemachine.data.sync.timeout.retry = -1 (default)
2022-06-24 01:39:04,661 [pool-95-thread-1] INFO  server.RaftServerConfigKeys (ConfUtils.java:logGet(46)) - raft.server.log.write.buffer.size = 1048576 (custom)
2022-06-24 01:39:04,662 [pool-95-thread-1] INFO  server.RaftServerConfigKeys (ConfUtils.java:logGet(46)) - raft.server.log.unsafe-flush.enabled = false (default)
2022-06-24 01:39:04,662 [pool-95-thread-1] INFO  server.RaftServerConfigKeys (ConfUtils.java:logGet(46)) - raft.server.log.statemachine.data.caching.enabled = true (custom)
2022-06-24 01:39:04,663 [pool-95-thread-1] INFO  segmented.SegmentedRaftLogWorker (SegmentedRaftLogWorker.java:lambda$new$0(135)) - c538bd0d-a22c-47f3-9c5c-aa06a1234548@group-E8B1E51486E2-SegmentedRaftLogWorker: flushIndex: setUnconditionally 0 -> -1
2022-06-24 01:39:04,663 [pool-95-thread-1] INFO  segmented.SegmentedRaftLogWorker (SegmentedRaftLogWorker.java:lambda$new$0(135)) - c538bd0d-a22c-47f3-9c5c-aa06a1234548@group-E8B1E51486E2-SegmentedRaftLogWorker: safeCacheEvictIndex: setUnconditionally 0 -> -1
2022-06-24 01:39:04,671 [pool-95-thread-1] INFO  server.RaftServerConfigKeys (ConfUtils.java:logGet(46)) - raft.server.snapshot.auto.trigger.enabled = true (custom)
2022-06-24 01:39:04,671 [pool-95-thread-1] INFO  server.RaftServerConfigKeys (ConfUtils.java:logGet(46)) - raft.server.snapshot.auto.trigger.threshold = 10000 (custom)
2022-06-24 01:39:04,671 [pool-95-thread-1] INFO  server.RaftServerConfigKeys (ConfUtils.java:logGet(46)) - raft.server.snapshot.retention.file.num = 5 (custom)
2022-06-24 01:39:04,671 [pool-95-thread-1] INFO  server.RaftServerConfigKeys (ConfUtils.java:logGet(46)) - raft.server.log.purge.upto.snapshot.index = false (default)
2022-06-24 01:39:04,671 [pool-95-thread-1] INFO  server.RaftServerConfigKeys (ConfUtils.java:logGet(46)) - raft.server.retrycache.expirytime = 600000ms (custom)
2022-06-24 01:39:04,671 [pool-95-thread-1] INFO  server.RaftServerConfigKeys (ConfUtils.java:logGet(46)) - raft.server.retrycache.statistics.expirytime = 100μs (default)
2022-06-24 01:39:04,679 [pool-95-thread-1] INFO  server.RaftServerConfigKeys (ConfUtils.java:logGet(46)) - raft.server.log.appender.install.snapshot.enabled = false (custom)
2022-06-24 01:39:04,679 [pool-95-thread-1] INFO  server.RaftServerConfigKeys (ConfUtils.java:logGet(46)) - raft.server.threadpool.server.cached = true (default)
2022-06-24 01:39:04,679 [pool-95-thread-1] INFO  server.RaftServerConfigKeys (ConfUtils.java:logGet(46)) - raft.server.threadpool.server.size = 0 (default)
2022-06-24 01:39:04,679 [pool-95-thread-1] INFO  server.RaftServerConfigKeys (ConfUtils.java:logGet(46)) - raft.server.threadpool.client.cached = true (default)
2022-06-24 01:39:04,679 [pool-95-thread-1] INFO  server.RaftServerConfigKeys (ConfUtils.java:logGet(46)) - raft.server.threadpool.client.size = 0 (default)
2022-06-24 01:39:04,679 [pool-95-thread-1] INFO  server.RaftServer$Division (RaftServerImpl.java:start(310)) - c538bd0d-a22c-47f3-9c5c-aa06a1234548@group-E8B1E51486E2: start as a follower, conf=-1: [9ae5d421-0cc7-487c-9408-d74f6a32f32f|rpc:10.1.0.17:45445|priority:1, 10656556-265e-4307-9f78-5b96f7074e5c|rpc:10.1.0.17:34937|priority:0, c538bd0d-a22c-47f3-9c5c-aa06a1234548|rpc:10.1.0.17:40341|priority:0], old=null
2022-06-24 01:39:04,679 [pool-95-thread-1] INFO  server.RaftServer$Division (RaftServerImpl.java:setRole(299)) - c538bd0d-a22c-47f3-9c5c-aa06a1234548@group-E8B1E51486E2: changes role from      null to FOLLOWER at term 0 for startAsFollower
2022-06-24 01:39:04,679 [pool-95-thread-1] INFO  impl.RoleInfo (RoleInfo.java:updateAndGet(139)) - c538bd0d-a22c-47f3-9c5c-aa06a1234548: start c538bd0d-a22c-47f3-9c5c-aa06a1234548@group-E8B1E51486E2-FollowerState
2022-06-24 01:39:04,688 [pool-95-thread-1] INFO  util.JmxRegister (JmxRegister.java:tryRegister(44)) - Successfully registered JMX Bean with object name Ratis:service=RaftServer,group=group-E8B1E51486E2,id=c538bd0d-a22c-47f3-9c5c-aa06a1234548
2022-06-24 01:39:04,691 [Listener at 127.0.0.1/44735] INFO  ozone.MiniOzoneClusterImpl (MiniOzoneClusterImpl.java:lambda$waitForClusterToBeReady$0(223)) - Nodes are ready. Got 5 of 5 DN Heartbeats.
2022-06-24 01:39:04,692 [Listener at 127.0.0.1/44735] INFO  ozone.MiniOzoneClusterImpl (MiniOzoneClusterImpl.java:lambda$waitForClusterToBeReady$0(226)) - Waiting for cluster to exit safe mode
2022-06-24 01:39:04,692 [Listener at 127.0.0.1/44735] INFO  ozone.MiniOzoneClusterImpl (MiniOzoneClusterImpl.java:lambda$waitForClusterToBeReady$0(228)) - SCM became leader
2022-06-24 01:39:04,691 [Command processor thread] INFO  ratis.XceiverServerRatis (XceiverServerRatis.java:addGroup(765)) - Created group PipelineID=78300cc8-5089-4f0b-8b26-e8b1e51486e2
2022-06-24 01:39:04,717 [grpc-default-executor-0] INFO  server.RaftServer (RaftServerProxy.java:addNew(96)) - 10656556-265e-4307-9f78-5b96f7074e5c: addNew group-E8B1E51486E2:[9ae5d421-0cc7-487c-9408-d74f6a32f32f|rpc:10.1.0.17:45445|dataStream:|priority:1, 10656556-265e-4307-9f78-5b96f7074e5c|rpc:10.1.0.17:34937|dataStream:|priority:0, c538bd0d-a22c-47f3-9c5c-aa06a1234548|rpc:10.1.0.17:40341|dataStream:|priority:0] returns group-E8B1E51486E2:java.util.concurrent.CompletableFuture@1ebd49cb[Not completed]
2022-06-24 01:39:04,727 [pool-118-thread-1] INFO  server.RaftServer$Division (RaftServerImpl.java:<init>(190)) - 10656556-265e-4307-9f78-5b96f7074e5c: new RaftServerImpl for group-E8B1E51486E2:[9ae5d421-0cc7-487c-9408-d74f6a32f32f|rpc:10.1.0.17:45445|dataStream:|priority:1, 10656556-265e-4307-9f78-5b96f7074e5c|rpc:10.1.0.17:34937|dataStream:|priority:0, c538bd0d-a22c-47f3-9c5c-aa06a1234548|rpc:10.1.0.17:40341|dataStream:|priority:0] with ContainerStateMachine:uninitialized
2022-06-24 01:39:04,728 [pool-118-thread-1] INFO  server.RaftServerConfigKeys (ConfUtils.java:logGet(46)) - raft.server.rpc.timeout.min = 5s (custom)
2022-06-24 01:39:04,728 [pool-118-thread-1] INFO  server.RaftServerConfigKeys (ConfUtils.java:logGet(46)) - raft.server.rpc.timeout.max = 5200ms (custom)
2022-06-24 01:39:04,728 [pool-118-thread-1] INFO  server.RaftServerConfigKeys (ConfUtils.java:logGet(46)) - raft.server.rpc.sleep.time = 25ms (default)
2022-06-24 01:39:04,728 [pool-118-thread-1] INFO  server.RaftServerConfigKeys (ConfUtils.java:logGet(46)) - raft.server.rpc.slowness.timeout = 300s (custom)
2022-06-24 01:39:04,728 [pool-118-thread-1] INFO  server.RaftServerConfigKeys (ConfUtils.java:logGet(46)) - raft.server.leaderelection.leader.step-down.wait-time = 10s (default)
2022-06-24 01:39:04,728 [pool-118-thread-1] INFO  server.RaftServerConfigKeys (ConfUtils.java:logGet(46)) - raft.server.sleep.deviation.threshold = 300ms (default)
2022-06-24 01:39:04,728 [pool-118-thread-1] INFO  server.RaftServer$Division (ServerState.java:<init>(107)) - 10656556-265e-4307-9f78-5b96f7074e5c@group-E8B1E51486E2: ConfigurationManager, init=-1: [9ae5d421-0cc7-487c-9408-d74f6a32f32f|rpc:10.1.0.17:45445|dataStream:|priority:1, 10656556-265e-4307-9f78-5b96f7074e5c|rpc:10.1.0.17:34937|dataStream:|priority:0, c538bd0d-a22c-47f3-9c5c-aa06a1234548|rpc:10.1.0.17:40341|dataStream:|priority:0], old=null, confs=<EMPTY_MAP>
2022-06-24 01:39:04,728 [pool-118-thread-1] INFO  server.RaftServerConfigKeys (ConfUtils.java:logGet(46)) - raft.server.storage.dir = [/home/runner/work/ozone/ozone/hadoop-ozone/integration-test/target/test-dir/MiniOzoneClusterImpl-c155f79f-1502-4c37-8e24-0bbcb716cadf/datanode-2/data/ratis] (custom)
2022-06-24 01:39:04,728 [pool-118-thread-1] INFO  server.RaftServerConfigKeys (ConfUtils.java:logGet(46)) - raft.server.log.corruption.policy = EXCEPTION (default)
2022-06-24 01:39:04,728 [pool-118-thread-1] INFO  server.RaftServerConfigKeys (ConfUtils.java:logGet(46)) - raft.server.storage.free-space.min = 0MB (=0) (default)
2022-06-24 01:39:04,729 [pool-118-thread-1] INFO  storage.RaftStorageDirectory (RaftStorageDirectoryImpl.java:analyzeStorage(135)) - The storage directory /home/runner/work/ozone/ozone/hadoop-ozone/integration-test/target/test-dir/MiniOzoneClusterImpl-c155f79f-1502-4c37-8e24-0bbcb716cadf/datanode-2/data/ratis/78300cc8-5089-4f0b-8b26-e8b1e51486e2 does not exist. Creating ...
2022-06-24 01:39:04,730 [pool-118-thread-1] INFO  storage.RaftStorageDirectory (RaftStorageDirectoryImpl.java:tryLock(230)) - Lock on /home/runner/work/ozone/ozone/hadoop-ozone/integration-test/target/test-dir/MiniOzoneClusterImpl-c155f79f-1502-4c37-8e24-0bbcb716cadf/datanode-2/data/ratis/78300cc8-5089-4f0b-8b26-e8b1e51486e2/in_use.lock acquired by nodename 2905@fv-az66-546
2022-06-24 01:39:04,732 [pool-118-thread-1] INFO  storage.RaftStorage (RaftStorageImpl.java:format(89)) - Storage directory /home/runner/work/ozone/ozone/hadoop-ozone/integration-test/target/test-dir/MiniOzoneClusterImpl-c155f79f-1502-4c37-8e24-0bbcb716cadf/datanode-2/data/ratis/78300cc8-5089-4f0b-8b26-e8b1e51486e2 has been successfully formatted.
2022-06-24 01:39:04,733 [pool-118-thread-1] INFO  ratis.ContainerStateMachine (ContainerStateMachine.java:loadSnapshot(236)) - group-E8B1E51486E2: The snapshot info is null. Setting the last applied indexto:(t:0, i:~)
2022-06-24 01:39:04,733 [pool-118-thread-1] INFO  server.RaftServerConfigKeys (ConfUtils.java:logGet(46)) - raft.server.notification.no-leader.timeout = 300s (custom)
2022-06-24 01:39:04,733 [pool-118-thread-1] INFO  server.RaftServerConfigKeys (ConfUtils.java:logGet(46)) - raft.server.log.use.memory = false (default)
2022-06-24 01:39:04,733 [pool-118-thread-1] INFO  server.RaftServerConfigKeys (ConfUtils.java:logGet(46)) - raft.server.log.purge.gap = 1000000 (custom)
2022-06-24 01:39:04,733 [pool-118-thread-1] INFO  server.RaftServerConfigKeys (ConfUtils.java:logGet(46)) - raft.server.log.appender.buffer.byte-limit = 33554432 (custom)
2022-06-24 01:39:04,733 [pool-118-thread-1] INFO  server.RaftServerConfigKeys (ConfUtils.java:logGet(46)) - raft.server.log.statemachine.data.read.timeout = 1000ms (default)
2022-06-24 01:39:04,742 [pool-118-thread-1] INFO  server.RaftServerConfigKeys (ConfUtils.java:logGet(46)) - raft.server.log.segment.size.max = 1048576 (custom)
2022-06-24 01:39:04,743 [pool-118-thread-1] INFO  server.RaftServerConfigKeys (ConfUtils.java:logGet(46)) - raft.server.log.segment.cache.num.max = 2 (custom)
2022-06-24 01:39:04,743 [pool-118-thread-1] INFO  server.RaftServerConfigKeys (ConfUtils.java:logGet(46)) - raft.server.log.segment.cache.size.max = 200MB (=209715200) (default)
2022-06-24 01:39:04,743 [pool-118-thread-1] INFO  segmented.SegmentedRaftLogWorker (SegmentedRaftLogWorker.java:<init>(187)) - new 10656556-265e-4307-9f78-5b96f7074e5c@group-E8B1E51486E2-SegmentedRaftLogWorker for RaftStorageImpl:Storage Directory /home/runner/work/ozone/ozone/hadoop-ozone/integration-test/target/test-dir/MiniOzoneClusterImpl-c155f79f-1502-4c37-8e24-0bbcb716cadf/datanode-2/data/ratis/78300cc8-5089-4f0b-8b26-e8b1e51486e2
2022-06-24 01:39:04,743 [pool-118-thread-1] INFO  server.RaftServerConfigKeys (ConfUtils.java:logGet(46)) - raft.server.log.queue.byte-limit = 4294967296 (custom)
2022-06-24 01:39:04,743 [pool-118-thread-1] INFO  server.RaftServerConfigKeys (ConfUtils.java:logGet(46)) - raft.server.log.queue.element-limit = 1024 (custom)
2022-06-24 01:39:04,743 [pool-118-thread-1] INFO  server.RaftServerConfigKeys (ConfUtils.java:logGet(46)) - raft.server.log.segment.size.max = 1048576 (custom)
2022-06-24 01:39:04,743 [pool-118-thread-1] INFO  server.RaftServerConfigKeys (ConfUtils.java:logGet(46)) - raft.server.log.preallocated.size = 16384 (custom)
2022-06-24 01:39:04,743 [pool-118-thread-1] INFO  server.RaftServerConfigKeys (ConfUtils.java:logGet(46)) - raft.server.log.force.sync.num = 128 (default)
2022-06-24 01:39:04,743 [pool-118-thread-1] INFO  server.RaftServerConfigKeys (ConfUtils.java:logGet(46)) - raft.server.log.statemachine.data.sync = true (default)
2022-06-24 01:39:04,743 [pool-118-thread-1] INFO  server.RaftServerConfigKeys (ConfUtils.java:logGet(46)) - raft.server.log.statemachine.data.sync.timeout = 10s (default)
2022-06-24 01:39:04,743 [pool-118-thread-1] INFO  server.RaftServerConfigKeys (ConfUtils.java:logGet(46)) - raft.server.log.statemachine.data.sync.timeout.retry = -1 (default)
2022-06-24 01:39:04,745 [pool-118-thread-1] INFO  server.RaftServerConfigKeys (ConfUtils.java:logGet(46)) - raft.server.log.write.buffer.size = 1048576 (custom)
2022-06-24 01:39:04,745 [pool-118-thread-1] INFO  server.RaftServerConfigKeys (ConfUtils.java:logGet(46)) - raft.server.log.unsafe-flush.enabled = false (default)
2022-06-24 01:39:04,746 [pool-118-thread-1] INFO  server.RaftServerConfigKeys (ConfUtils.java:logGet(46)) - raft.server.log.statemachine.data.caching.enabled = true (custom)
2022-06-24 01:39:04,746 [pool-118-thread-1] INFO  segmented.SegmentedRaftLogWorker (SegmentedRaftLogWorker.java:lambda$new$0(135)) - 10656556-265e-4307-9f78-5b96f7074e5c@group-E8B1E51486E2-SegmentedRaftLogWorker: flushIndex: setUnconditionally 0 -> -1
2022-06-24 01:39:04,746 [pool-118-thread-1] INFO  segmented.SegmentedRaftLogWorker (SegmentedRaftLogWorker.java:lambda$new$0(135)) - 10656556-265e-4307-9f78-5b96f7074e5c@group-E8B1E51486E2-SegmentedRaftLogWorker: safeCacheEvictIndex: setUnconditionally 0 -> -1
2022-06-24 01:39:04,756 [pool-118-thread-1] INFO  server.RaftServerConfigKeys (ConfUtils.java:logGet(46)) - raft.server.snapshot.auto.trigger.enabled = true (custom)
2022-06-24 01:39:04,757 [pool-118-thread-1] INFO  server.RaftServerConfigKeys (ConfUtils.java:logGet(46)) - raft.server.snapshot.auto.trigger.threshold = 10000 (custom)
2022-06-24 01:39:04,757 [pool-118-thread-1] INFO  server.RaftServerConfigKeys (ConfUtils.java:logGet(46)) - raft.server.snapshot.retention.file.num = 5 (custom)
2022-06-24 01:39:04,757 [pool-118-thread-1] INFO  server.RaftServerConfigKeys (ConfUtils.java:logGet(46)) - raft.server.log.purge.upto.snapshot.index = false (default)
2022-06-24 01:39:04,757 [pool-118-thread-1] INFO  server.RaftServerConfigKeys (ConfUtils.java:logGet(46)) - raft.server.retrycache.expirytime = 600000ms (custom)
2022-06-24 01:39:04,757 [pool-118-thread-1] INFO  server.RaftServerConfigKeys (ConfUtils.java:logGet(46)) - raft.server.retrycache.statistics.expirytime = 100μs (default)
2022-06-24 01:39:04,759 [pool-118-thread-1] INFO  server.RaftServerConfigKeys (ConfUtils.java:logGet(46)) - raft.server.log.appender.install.snapshot.enabled = false (custom)
2022-06-24 01:39:04,759 [pool-118-thread-1] INFO  server.RaftServerConfigKeys (ConfUtils.java:logGet(46)) - raft.server.threadpool.server.cached = true (default)
2022-06-24 01:39:04,759 [pool-118-thread-1] INFO  server.RaftServerConfigKeys (ConfUtils.java:logGet(46)) - raft.server.threadpool.server.size = 0 (default)
2022-06-24 01:39:04,759 [pool-118-thread-1] INFO  server.RaftServerConfigKeys (ConfUtils.java:logGet(46)) - raft.server.threadpool.client.cached = true (default)
2022-06-24 01:39:04,759 [pool-118-thread-1] INFO  server.RaftServerConfigKeys (ConfUtils.java:logGet(46)) - raft.server.threadpool.client.size = 0 (default)
2022-06-24 01:39:04,759 [pool-118-thread-1] INFO  server.RaftServer$Division (RaftServerImpl.java:start(310)) - 10656556-265e-4307-9f78-5b96f7074e5c@group-E8B1E51486E2: start as a follower, conf=-1: [9ae5d421-0cc7-487c-9408-d74f6a32f32f|rpc:10.1.0.17:45445|dataStream:|priority:1, 10656556-265e-4307-9f78-5b96f7074e5c|rpc:10.1.0.17:34937|dataStream:|priority:0, c538bd0d-a22c-47f3-9c5c-aa06a1234548|rpc:10.1.0.17:40341|dataStream:|priority:0], old=null
2022-06-24 01:39:04,759 [pool-118-thread-1] INFO  server.RaftServer$Division (RaftServerImpl.java:setRole(299)) - 10656556-265e-4307-9f78-5b96f7074e5c@group-E8B1E51486E2: changes role from      null to FOLLOWER at term 0 for startAsFollower
2022-06-24 01:39:04,759 [pool-118-thread-1] INFO  impl.RoleInfo (RoleInfo.java:updateAndGet(139)) - 10656556-265e-4307-9f78-5b96f7074e5c: start 10656556-265e-4307-9f78-5b96f7074e5c@group-E8B1E51486E2-FollowerState
2022-06-24 01:39:04,774 [pool-118-thread-1] INFO  util.JmxRegister (JmxRegister.java:tryRegister(44)) - Successfully registered JMX Bean with object name Ratis:service=RaftServer,group=group-E8B1E51486E2,id=10656556-265e-4307-9f78-5b96f7074e5c
2022-06-24 01:39:04,880 [Command processor thread] INFO  commandhandler.CreatePipelineCommandHandler (CreatePipelineCommandHandler.java:handle(113)) - Created Pipeline RATIS THREE PipelineID=78300cc8-5089-4f0b-8b26-e8b1e51486e2.
2022-06-24 01:39:04,881 [Command processor thread] INFO  server.RaftServer (RaftServerProxy.java:addNew(96)) - 9ae5d421-0cc7-487c-9408-d74f6a32f32f: addNew group-3FBFF2FD50C3:[9ae5d421-0cc7-487c-9408-d74f6a32f32f|rpc:10.1.0.17:45445|priority:0, 10656556-265e-4307-9f78-5b96f7074e5c|rpc:10.1.0.17:34937|priority:0, c538bd0d-a22c-47f3-9c5c-aa06a1234548|rpc:10.1.0.17:40341|priority:1] returns group-3FBFF2FD50C3:java.util.concurrent.CompletableFuture@32683772[Not completed]
2022-06-24 01:39:04,883 [pool-72-thread-1] INFO  server.RaftServer$Division (RaftServerImpl.java:<init>(190)) - 9ae5d421-0cc7-487c-9408-d74f6a32f32f: new RaftServerImpl for group-3FBFF2FD50C3:[9ae5d421-0cc7-487c-9408-d74f6a32f32f|rpc:10.1.0.17:45445|priority:0, 10656556-265e-4307-9f78-5b96f7074e5c|rpc:10.1.0.17:34937|priority:0, c538bd0d-a22c-47f3-9c5c-aa06a1234548|rpc:10.1.0.17:40341|priority:1] with ContainerStateMachine:uninitialized
2022-06-24 01:39:04,884 [pool-72-thread-1] INFO  server.RaftServerConfigKeys (ConfUtils.java:logGet(46)) - raft.server.rpc.timeout.min = 5s (custom)
2022-06-24 01:39:04,884 [pool-72-thread-1] INFO  server.RaftServerConfigKeys (ConfUtils.java:logGet(46)) - raft.server.rpc.timeout.max = 5200ms (custom)
2022-06-24 01:39:04,884 [pool-72-thread-1] INFO  server.RaftServerConfigKeys (ConfUtils.java:logGet(46)) - raft.server.rpc.sleep.time = 25ms (default)
2022-06-24 01:39:04,884 [pool-72-thread-1] INFO  server.RaftServerConfigKeys (ConfUtils.java:logGet(46)) - raft.server.rpc.slowness.timeout = 300s (custom)
2022-06-24 01:39:04,886 [pool-72-thread-1] INFO  server.RaftServerConfigKeys (ConfUtils.java:logGet(46)) - raft.server.leaderelection.leader.step-down.wait-time = 10s (default)
2022-06-24 01:39:04,886 [pool-72-thread-1] INFO  server.RaftServerConfigKeys (ConfUtils.java:logGet(46)) - raft.server.sleep.deviation.threshold = 300ms (default)
2022-06-24 01:39:04,886 [pool-72-thread-1] INFO  server.RaftServer$Division (ServerState.java:<init>(107)) - 9ae5d421-0cc7-487c-9408-d74f6a32f32f@group-3FBFF2FD50C3: ConfigurationManager, init=-1: [9ae5d421-0cc7-487c-9408-d74f6a32f32f|rpc:10.1.0.17:45445|priority:0, 10656556-265e-4307-9f78-5b96f7074e5c|rpc:10.1.0.17:34937|priority:0, c538bd0d-a22c-47f3-9c5c-aa06a1234548|rpc:10.1.0.17:40341|priority:1], old=null, confs=<EMPTY_MAP>
2022-06-24 01:39:04,886 [pool-72-thread-1] INFO  server.RaftServerConfigKeys (ConfUtils.java:logGet(46)) - raft.server.storage.dir = [/home/runner/work/ozone/ozone/hadoop-ozone/integration-test/target/test-dir/MiniOzoneClusterImpl-c155f79f-1502-4c37-8e24-0bbcb716cadf/datanode-0/data/ratis] (custom)
2022-06-24 01:39:04,887 [pool-72-thread-1] INFO  server.RaftServerConfigKeys (ConfUtils.java:logGet(46)) - raft.server.log.corruption.policy = EXCEPTION (default)
2022-06-24 01:39:04,887 [pool-72-thread-1] INFO  server.RaftServerConfigKeys (ConfUtils.java:logGet(46)) - raft.server.storage.free-space.min = 0MB (=0) (default)
2022-06-24 01:39:04,887 [pool-72-thread-1] INFO  storage.RaftStorageDirectory (RaftStorageDirectoryImpl.java:analyzeStorage(135)) - The storage directory /home/runner/work/ozone/ozone/hadoop-ozone/integration-test/target/test-dir/MiniOzoneClusterImpl-c155f79f-1502-4c37-8e24-0bbcb716cadf/datanode-0/data/ratis/50de7bc9-526e-410a-919d-3fbff2fd50c3 does not exist. Creating ...
2022-06-24 01:39:04,889 [pool-72-thread-1] INFO  storage.RaftStorageDirectory (RaftStorageDirectoryImpl.java:tryLock(230)) - Lock on /home/runner/work/ozone/ozone/hadoop-ozone/integration-test/target/test-dir/MiniOzoneClusterImpl-c155f79f-1502-4c37-8e24-0bbcb716cadf/datanode-0/data/ratis/50de7bc9-526e-410a-919d-3fbff2fd50c3/in_use.lock acquired by nodename 2905@fv-az66-546
2022-06-24 01:39:04,891 [pool-72-thread-1] INFO  storage.RaftStorage (RaftStorageImpl.java:format(89)) - Storage directory /home/runner/work/ozone/ozone/hadoop-ozone/integration-test/target/test-dir/MiniOzoneClusterImpl-c155f79f-1502-4c37-8e24-0bbcb716cadf/datanode-0/data/ratis/50de7bc9-526e-410a-919d-3fbff2fd50c3 has been successfully formatted.
2022-06-24 01:39:04,892 [pool-72-thread-1] INFO  ratis.ContainerStateMachine (ContainerStateMachine.java:loadSnapshot(236)) - group-3FBFF2FD50C3: The snapshot info is null. Setting the last applied indexto:(t:0, i:~)
2022-06-24 01:39:04,892 [pool-72-thread-1] INFO  server.RaftServerConfigKeys (ConfUtils.java:logGet(46)) - raft.server.notification.no-leader.timeout = 300s (custom)
2022-06-24 01:39:04,892 [pool-72-thread-1] INFO  server.RaftServerConfigKeys (ConfUtils.java:logGet(46)) - raft.server.log.use.memory = false (default)
2022-06-24 01:39:04,892 [pool-72-thread-1] INFO  server.RaftServerConfigKeys (ConfUtils.java:logGet(46)) - raft.server.log.purge.gap = 1000000 (custom)
2022-06-24 01:39:04,892 [pool-72-thread-1] INFO  server.RaftServerConfigKeys (ConfUtils.java:logGet(46)) - raft.server.log.appender.buffer.byte-limit = 33554432 (custom)
2022-06-24 01:39:04,892 [pool-72-thread-1] INFO  server.RaftServerConfigKeys (ConfUtils.java:logGet(46)) - raft.server.log.statemachine.data.read.timeout = 1000ms (default)
2022-06-24 01:39:04,894 [EventQueue-OpenPipelineForHealthyPipelineSafeModeRule] INFO  safemode.SCMSafeModeManager (HealthyPipelineSafeModeRule.java:process(124)) - SCM in safe mode. Healthy pipelines reported count is 0, required healthy pipeline reported count is 1
2022-06-24 01:39:04,895 [pool-72-thread-1] INFO  server.RaftServerConfigKeys (ConfUtils.java:logGet(46)) - raft.server.log.segment.size.max = 1048576 (custom)
2022-06-24 01:39:04,896 [pool-72-thread-1] INFO  server.RaftServerConfigKeys (ConfUtils.java:logGet(46)) - raft.server.log.segment.cache.num.max = 2 (custom)
2022-06-24 01:39:04,896 [pool-72-thread-1] INFO  server.RaftServerConfigKeys (ConfUtils.java:logGet(46)) - raft.server.log.segment.cache.size.max = 200MB (=209715200) (default)
2022-06-24 01:39:04,896 [pool-72-thread-1] INFO  segmented.SegmentedRaftLogWorker (SegmentedRaftLogWorker.java:<init>(187)) - new 9ae5d421-0cc7-487c-9408-d74f6a32f32f@group-3FBFF2FD50C3-SegmentedRaftLogWorker for RaftStorageImpl:Storage Directory /home/runner/work/ozone/ozone/hadoop-ozone/integration-test/target/test-dir/MiniOzoneClusterImpl-c155f79f-1502-4c37-8e24-0bbcb716cadf/datanode-0/data/ratis/50de7bc9-526e-410a-919d-3fbff2fd50c3
2022-06-24 01:39:04,896 [pool-72-thread-1] INFO  server.RaftServerConfigKeys (ConfUtils.java:logGet(46)) - raft.server.log.queue.byte-limit = 4294967296 (custom)
2022-06-24 01:39:04,896 [pool-72-thread-1] INFO  server.RaftServerConfigKeys (ConfUtils.java:logGet(46)) - raft.server.log.queue.element-limit = 1024 (custom)
2022-06-24 01:39:04,896 [pool-72-thread-1] INFO  server.RaftServerConfigKeys (ConfUtils.java:logGet(46)) - raft.server.log.segment.size.max = 1048576 (custom)
2022-06-24 01:39:04,897 [pool-72-thread-1] INFO  server.RaftServerConfigKeys (ConfUtils.java:logGet(46)) - raft.server.log.preallocated.size = 16384 (custom)
2022-06-24 01:39:04,897 [pool-72-thread-1] INFO  server.RaftServerConfigKeys (ConfUtils.java:logGet(46)) - raft.server.log.force.sync.num = 128 (default)
2022-06-24 01:39:04,897 [pool-72-thread-1] INFO  server.RaftServerConfigKeys (ConfUtils.java:logGet(46)) - raft.server.log.statemachine.data.sync = true (default)
2022-06-24 01:39:04,897 [pool-72-thread-1] INFO  server.RaftServerConfigKeys (ConfUtils.java:logGet(46)) - raft.server.log.statemachine.data.sync.timeout = 10s (default)
2022-06-24 01:39:04,897 [pool-72-thread-1] INFO  server.RaftServerConfigKeys (ConfUtils.java:logGet(46)) - raft.server.log.statemachine.data.sync.timeout.retry = -1 (default)
2022-06-24 01:39:04,899 [pool-72-thread-1] INFO  server.RaftServerConfigKeys (ConfUtils.java:logGet(46)) - raft.server.log.write.buffer.size = 1048576 (custom)
2022-06-24 01:39:04,900 [pool-72-thread-1] INFO  server.RaftServerConfigKeys (ConfUtils.java:logGet(46)) - raft.server.log.unsafe-flush.enabled = false (default)
2022-06-24 01:39:04,900 [pool-72-thread-1] INFO  server.RaftServerConfigKeys (ConfUtils.java:logGet(46)) - raft.server.log.statemachine.data.caching.enabled = true (custom)
2022-06-24 01:39:04,901 [pool-72-thread-1] INFO  segmented.SegmentedRaftLogWorker (SegmentedRaftLogWorker.java:lambda$new$0(135)) - 9ae5d421-0cc7-487c-9408-d74f6a32f32f@group-3FBFF2FD50C3-SegmentedRaftLogWorker: flushIndex: setUnconditionally 0 -> -1
2022-06-24 01:39:04,901 [pool-72-thread-1] INFO  segmented.SegmentedRaftLogWorker (SegmentedRaftLogWorker.java:lambda$new$0(135)) - 9ae5d421-0cc7-487c-9408-d74f6a32f32f@group-3FBFF2FD50C3-SegmentedRaftLogWorker: safeCacheEvictIndex: setUnconditionally 0 -> -1
2022-06-24 01:39:04,902 [pool-72-thread-1] INFO  server.RaftServerConfigKeys (ConfUtils.java:logGet(46)) - raft.server.snapshot.auto.trigger.enabled = true (custom)
2022-06-24 01:39:04,902 [pool-72-thread-1] INFO  server.RaftServerConfigKeys (ConfUtils.java:logGet(46)) - raft.server.snapshot.auto.trigger.threshold = 10000 (custom)
2022-06-24 01:39:04,902 [pool-72-thread-1] INFO  server.RaftServerConfigKeys (ConfUtils.java:logGet(46)) - raft.server.snapshot.retention.file.num = 5 (custom)
2022-06-24 01:39:04,902 [pool-72-thread-1] INFO  server.RaftServerConfigKeys (ConfUtils.java:logGet(46)) - raft.server.log.purge.upto.snapshot.index = false (default)
2022-06-24 01:39:04,902 [pool-72-thread-1] INFO  server.RaftServerConfigKeys (ConfUtils.java:logGet(46)) - raft.server.retrycache.expirytime = 600000ms (custom)
2022-06-24 01:39:04,902 [pool-72-thread-1] INFO  server.RaftServerConfigKeys (ConfUtils.java:logGet(46)) - raft.server.retrycache.statistics.expirytime = 100μs (default)
2022-06-24 01:39:04,906 [pool-72-thread-1] INFO  server.RaftServerConfigKeys (ConfUtils.java:logGet(46)) - raft.server.log.appender.install.snapshot.enabled = false (custom)
2022-06-24 01:39:04,906 [pool-72-thread-1] INFO  server.RaftServerConfigKeys (ConfUtils.java:logGet(46)) - raft.server.threadpool.server.cached = true (default)
2022-06-24 01:39:04,906 [pool-72-thread-1] INFO  server.RaftServerConfigKeys (ConfUtils.java:logGet(46)) - raft.server.threadpool.server.size = 0 (default)
2022-06-24 01:39:04,906 [pool-72-thread-1] INFO  server.RaftServerConfigKeys (ConfUtils.java:logGet(46)) - raft.server.threadpool.client.cached = true (default)
2022-06-24 01:39:04,906 [pool-72-thread-1] INFO  server.RaftServerConfigKeys (ConfUtils.java:logGet(46)) - raft.server.threadpool.client.size = 0 (default)
2022-06-24 01:39:04,906 [pool-72-thread-1] INFO  server.RaftServer$Division (RaftServerImpl.java:start(310)) - 9ae5d421-0cc7-487c-9408-d74f6a32f32f@group-3FBFF2FD50C3: start as a follower, conf=-1: [9ae5d421-0cc7-487c-9408-d74f6a32f32f|rpc:10.1.0.17:45445|priority:0, 10656556-265e-4307-9f78-5b96f7074e5c|rpc:10.1.0.17:34937|priority:0, c538bd0d-a22c-47f3-9c5c-aa06a1234548|rpc:10.1.0.17:40341|priority:1], old=null
2022-06-24 01:39:04,906 [pool-72-thread-1] INFO  server.RaftServer$Division (RaftServerImpl.java:setRole(299)) - 9ae5d421-0cc7-487c-9408-d74f6a32f32f@group-3FBFF2FD50C3: changes role from      null to FOLLOWER at term 0 for startAsFollower
2022-06-24 01:39:04,906 [pool-72-thread-1] INFO  impl.RoleInfo (RoleInfo.java:updateAndGet(139)) - 9ae5d421-0cc7-487c-9408-d74f6a32f32f: start 9ae5d421-0cc7-487c-9408-d74f6a32f32f@group-3FBFF2FD50C3-FollowerState
2022-06-24 01:39:04,907 [pool-72-thread-1] INFO  util.JmxRegister (JmxRegister.java:tryRegister(44)) - Successfully registered JMX Bean with object name Ratis:service=RaftServer,group=group-3FBFF2FD50C3,id=9ae5d421-0cc7-487c-9408-d74f6a32f32f
2022-06-24 01:39:04,907 [Command processor thread] INFO  ratis.XceiverServerRatis (XceiverServerRatis.java:addGroup(765)) - Created group PipelineID=50de7bc9-526e-410a-919d-3fbff2fd50c3
2022-06-24 01:39:04,913 [Command processor thread] INFO  commandhandler.CreatePipelineCommandHandler (CreatePipelineCommandHandler.java:handle(113)) - Created Pipeline RATIS THREE PipelineID=78300cc8-5089-4f0b-8b26-e8b1e51486e2.
2022-06-24 01:39:04,914 [pool-95-thread-1] INFO  server.RaftServer$Division (RaftServerImpl.java:<init>(190)) - c538bd0d-a22c-47f3-9c5c-aa06a1234548: new RaftServerImpl for group-3FBFF2FD50C3:[9ae5d421-0cc7-487c-9408-d74f6a32f32f|rpc:10.1.0.17:45445|priority:0, 10656556-265e-4307-9f78-5b96f7074e5c|rpc:10.1.0.17:34937|priority:0, c538bd0d-a22c-47f3-9c5c-aa06a1234548|rpc:10.1.0.17:40341|priority:1] with ContainerStateMachine:uninitialized
2022-06-24 01:39:04,914 [pool-95-thread-1] INFO  server.RaftServerConfigKeys (ConfUtils.java:logGet(46)) - raft.server.rpc.timeout.min = 5s (custom)
2022-06-24 01:39:04,914 [pool-95-thread-1] INFO  server.RaftServerConfigKeys (ConfUtils.java:logGet(46)) - raft.server.rpc.timeout.max = 5200ms (custom)
2022-06-24 01:39:04,915 [pool-95-thread-1] INFO  server.RaftServerConfigKeys (ConfUtils.java:logGet(46)) - raft.server.rpc.sleep.time = 25ms (default)
2022-06-24 01:39:04,915 [pool-95-thread-1] INFO  server.RaftServerConfigKeys (ConfUtils.java:logGet(46)) - raft.server.rpc.slowness.timeout = 300s (custom)
2022-06-24 01:39:04,915 [pool-95-thread-1] INFO  server.RaftServerConfigKeys (ConfUtils.java:logGet(46)) - raft.server.leaderelection.leader.step-down.wait-time = 10s (default)
2022-06-24 01:39:04,915 [pool-95-thread-1] INFO  server.RaftServerConfigKeys (ConfUtils.java:logGet(46)) - raft.server.sleep.deviation.threshold = 300ms (default)
2022-06-24 01:39:04,915 [pool-95-thread-1] INFO  server.RaftServer$Division (ServerState.java:<init>(107)) - c538bd0d-a22c-47f3-9c5c-aa06a1234548@group-3FBFF2FD50C3: ConfigurationManager, init=-1: [9ae5d421-0cc7-487c-9408-d74f6a32f32f|rpc:10.1.0.17:45445|priority:0, 10656556-265e-4307-9f78-5b96f7074e5c|rpc:10.1.0.17:34937|priority:0, c538bd0d-a22c-47f3-9c5c-aa06a1234548|rpc:10.1.0.17:40341|priority:1], old=null, confs=<EMPTY_MAP>
2022-06-24 01:39:04,915 [pool-95-thread-1] INFO  server.RaftServerConfigKeys (ConfUtils.java:logGet(46)) - raft.server.storage.dir = [/home/runner/work/ozone/ozone/hadoop-ozone/integration-test/target/test-dir/MiniOzoneClusterImpl-c155f79f-1502-4c37-8e24-0bbcb716cadf/datanode-1/data/ratis] (custom)
2022-06-24 01:39:04,915 [pool-95-thread-1] INFO  server.RaftServerConfigKeys (ConfUtils.java:logGet(46)) - raft.server.log.corruption.policy = EXCEPTION (default)
2022-06-24 01:39:04,915 [pool-95-thread-1] INFO  server.RaftServerConfigKeys (ConfUtils.java:logGet(46)) - raft.server.storage.free-space.min = 0MB (=0) (default)
2022-06-24 01:39:04,915 [pool-95-thread-1] INFO  storage.RaftStorageDirectory (RaftStorageDirectoryImpl.java:analyzeStorage(135)) - The storage directory /home/runner/work/ozone/ozone/hadoop-ozone/integration-test/target/test-dir/MiniOzoneClusterImpl-c155f79f-1502-4c37-8e24-0bbcb716cadf/datanode-1/data/ratis/50de7bc9-526e-410a-919d-3fbff2fd50c3 does not exist. Creating ...
2022-06-24 01:39:04,916 [Command processor thread] INFO  server.RaftServer (RaftServerProxy.java:addNew(96)) - c538bd0d-a22c-47f3-9c5c-aa06a1234548: addNew group-3FBFF2FD50C3:[9ae5d421-0cc7-487c-9408-d74f6a32f32f|rpc:10.1.0.17:45445|priority:0, 10656556-265e-4307-9f78-5b96f7074e5c|rpc:10.1.0.17:34937|priority:0, c538bd0d-a22c-47f3-9c5c-aa06a1234548|rpc:10.1.0.17:40341|priority:1] returns group-3FBFF2FD50C3:java.util.concurrent.CompletableFuture@7cdfea8e[Not completed]
2022-06-24 01:39:04,917 [pool-95-thread-1] INFO  storage.RaftStorageDirectory (RaftStorageDirectoryImpl.java:tryLock(230)) - Lock on /home/runner/work/ozone/ozone/hadoop-ozone/integration-test/target/test-dir/MiniOzoneClusterImpl-c155f79f-1502-4c37-8e24-0bbcb716cadf/datanode-1/data/ratis/50de7bc9-526e-410a-919d-3fbff2fd50c3/in_use.lock acquired by nodename 2905@fv-az66-546
2022-06-24 01:39:04,920 [pool-95-thread-1] INFO  storage.RaftStorage (RaftStorageImpl.java:format(89)) - Storage directory /home/runner/work/ozone/ozone/hadoop-ozone/integration-test/target/test-dir/MiniOzoneClusterImpl-c155f79f-1502-4c37-8e24-0bbcb716cadf/datanode-1/data/ratis/50de7bc9-526e-410a-919d-3fbff2fd50c3 has been successfully formatted.
2022-06-24 01:39:04,921 [pool-95-thread-1] INFO  ratis.ContainerStateMachine (ContainerStateMachine.java:loadSnapshot(236)) - group-3FBFF2FD50C3: The snapshot info is null. Setting the last applied indexto:(t:0, i:~)
2022-06-24 01:39:04,921 [pool-95-thread-1] INFO  server.RaftServerConfigKeys (ConfUtils.java:logGet(46)) - raft.server.notification.no-leader.timeout = 300s (custom)
2022-06-24 01:39:04,921 [pool-95-thread-1] INFO  server.RaftServerConfigKeys (ConfUtils.java:logGet(46)) - raft.server.log.use.memory = false (default)
2022-06-24 01:39:04,923 [pool-95-thread-1] INFO  server.RaftServerConfigKeys (ConfUtils.java:logGet(46)) - raft.server.log.purge.gap = 1000000 (custom)
2022-06-24 01:39:04,924 [pool-95-thread-1] INFO  server.RaftServerConfigKeys (ConfUtils.java:logGet(46)) - raft.server.log.appender.buffer.byte-limit = 33554432 (custom)
2022-06-24 01:39:04,924 [pool-95-thread-1] INFO  server.RaftServerConfigKeys (ConfUtils.java:logGet(46)) - raft.server.log.statemachine.data.read.timeout = 1000ms (default)
2022-06-24 01:39:04,924 [pool-95-thread-1] INFO  server.RaftServerConfigKeys (ConfUtils.java:logGet(46)) - raft.server.log.segment.size.max = 1048576 (custom)
2022-06-24 01:39:04,924 [pool-95-thread-1] INFO  server.RaftServerConfigKeys (ConfUtils.java:logGet(46)) - raft.server.log.segment.cache.num.max = 2 (custom)
2022-06-24 01:39:04,924 [pool-95-thread-1] INFO  server.RaftServerConfigKeys (ConfUtils.java:logGet(46)) - raft.server.log.segment.cache.size.max = 200MB (=209715200) (default)
2022-06-24 01:39:04,925 [pool-95-thread-1] INFO  segmented.SegmentedRaftLogWorker (SegmentedRaftLogWorker.java:<init>(187)) - new c538bd0d-a22c-47f3-9c5c-aa06a1234548@group-3FBFF2FD50C3-SegmentedRaftLogWorker for RaftStorageImpl:Storage Directory /home/runner/work/ozone/ozone/hadoop-ozone/integration-test/target/test-dir/MiniOzoneClusterImpl-c155f79f-1502-4c37-8e24-0bbcb716cadf/datanode-1/data/ratis/50de7bc9-526e-410a-919d-3fbff2fd50c3
2022-06-24 01:39:04,925 [pool-95-thread-1] INFO  server.RaftServerConfigKeys (ConfUtils.java:logGet(46)) - raft.server.log.queue.byte-limit = 4294967296 (custom)
2022-06-24 01:39:04,925 [pool-95-thread-1] INFO  server.RaftServerConfigKeys (ConfUtils.java:logGet(46)) - raft.server.log.queue.element-limit = 1024 (custom)
2022-06-24 01:39:04,925 [pool-95-thread-1] INFO  server.RaftServerConfigKeys (ConfUtils.java:logGet(46)) - raft.server.log.segment.size.max = 1048576 (custom)
2022-06-24 01:39:04,925 [pool-95-thread-1] INFO  server.RaftServerConfigKeys (ConfUtils.java:logGet(46)) - raft.server.log.preallocated.size = 16384 (custom)
2022-06-24 01:39:04,925 [pool-95-thread-1] INFO  server.RaftServerConfigKeys (ConfUtils.java:logGet(46)) - raft.server.log.force.sync.num = 128 (default)
2022-06-24 01:39:04,925 [pool-95-thread-1] INFO  server.RaftServerConfigKeys (ConfUtils.java:logGet(46)) - raft.server.log.statemachine.data.sync = true (default)
2022-06-24 01:39:04,925 [pool-95-thread-1] INFO  server.RaftServerConfigKeys (ConfUtils.java:logGet(46)) - raft.server.log.statemachine.data.sync.timeout = 10s (default)
2022-06-24 01:39:04,925 [pool-95-thread-1] INFO  server.RaftServerConfigKeys (ConfUtils.java:logGet(46)) - raft.server.log.statemachine.data.sync.timeout.retry = -1 (default)
2022-06-24 01:39:04,928 [EventQueue-OpenPipelineForHealthyPipelineSafeModeRule] INFO  safemode.SCMSafeModeManager (HealthyPipelineSafeModeRule.java:process(124)) - SCM in safe mode. Healthy pipelines reported count is 0, required healthy pipeline reported count is 1
2022-06-24 01:39:04,935 [grpc-default-executor-1] INFO  server.RaftServer (RaftServerProxy.java:addNew(96)) - 10656556-265e-4307-9f78-5b96f7074e5c: addNew group-3FBFF2FD50C3:[9ae5d421-0cc7-487c-9408-d74f6a32f32f|rpc:10.1.0.17:45445|dataStream:|priority:0, 10656556-265e-4307-9f78-5b96f7074e5c|rpc:10.1.0.17:34937|dataStream:|priority:0, c538bd0d-a22c-47f3-9c5c-aa06a1234548|rpc:10.1.0.17:40341|dataStream:|priority:1] returns group-3FBFF2FD50C3:java.util.concurrent.CompletableFuture@f153b83[Not completed]
2022-06-24 01:39:04,937 [pool-118-thread-1] INFO  server.RaftServer$Division (RaftServerImpl.java:<init>(190)) - 10656556-265e-4307-9f78-5b96f7074e5c: new RaftServerImpl for group-3FBFF2FD50C3:[9ae5d421-0cc7-487c-9408-d74f6a32f32f|rpc:10.1.0.17:45445|dataStream:|priority:0, 10656556-265e-4307-9f78-5b96f7074e5c|rpc:10.1.0.17:34937|dataStream:|priority:0, c538bd0d-a22c-47f3-9c5c-aa06a1234548|rpc:10.1.0.17:40341|dataStream:|priority:1] with ContainerStateMachine:uninitialized
2022-06-24 01:39:04,937 [pool-118-thread-1] INFO  server.RaftServerConfigKeys (ConfUtils.java:logGet(46)) - raft.server.rpc.timeout.min = 5s (custom)
2022-06-24 01:39:04,937 [pool-118-thread-1] INFO  server.RaftServerConfigKeys (ConfUtils.java:logGet(46)) - raft.server.rpc.timeout.max = 5200ms (custom)
2022-06-24 01:39:04,937 [pool-118-thread-1] INFO  server.RaftServerConfigKeys (ConfUtils.java:logGet(46)) - raft.server.rpc.sleep.time = 25ms (default)
2022-06-24 01:39:04,937 [pool-118-thread-1] INFO  server.RaftServerConfigKeys (ConfUtils.java:logGet(46)) - raft.server.rpc.slowness.timeout = 300s (custom)
2022-06-24 01:39:04,937 [pool-118-thread-1] INFO  server.RaftServerConfigKeys (ConfUtils.java:logGet(46)) - raft.server.leaderelection.leader.step-down.wait-time = 10s (default)
2022-06-24 01:39:04,937 [pool-118-thread-1] INFO  server.RaftServerConfigKeys (ConfUtils.java:logGet(46)) - raft.server.sleep.deviation.threshold = 300ms (default)
2022-06-24 01:39:04,937 [pool-118-thread-1] INFO  server.RaftServer$Division (ServerState.java:<init>(107)) - 10656556-265e-4307-9f78-5b96f7074e5c@group-3FBFF2FD50C3: ConfigurationManager, init=-1: [9ae5d421-0cc7-487c-9408-d74f6a32f32f|rpc:10.1.0.17:45445|dataStream:|priority:0, 10656556-265e-4307-9f78-5b96f7074e5c|rpc:10.1.0.17:34937|dataStream:|priority:0, c538bd0d-a22c-47f3-9c5c-aa06a1234548|rpc:10.1.0.17:40341|dataStream:|priority:1], old=null, confs=<EMPTY_MAP>
2022-06-24 01:39:04,937 [pool-95-thread-1] INFO  server.RaftServerConfigKeys (ConfUtils.java:logGet(46)) - raft.server.log.write.buffer.size = 1048576 (custom)
2022-06-24 01:39:04,937 [pool-118-thread-1] INFO  server.RaftServerConfigKeys (ConfUtils.java:logGet(46)) - raft.server.storage.dir = [/home/runner/work/ozone/ozone/hadoop-ozone/integration-test/target/test-dir/MiniOzoneClusterImpl-c155f79f-1502-4c37-8e24-0bbcb716cadf/datanode-2/data/ratis] (custom)
2022-06-24 01:39:04,938 [pool-118-thread-1] INFO  server.RaftServerConfigKeys (ConfUtils.java:logGet(46)) - raft.server.log.corruption.policy = EXCEPTION (default)
2022-06-24 01:39:04,938 [pool-118-thread-1] INFO  server.RaftServerConfigKeys (ConfUtils.java:logGet(46)) - raft.server.storage.free-space.min = 0MB (=0) (default)
2022-06-24 01:39:04,938 [pool-118-thread-1] INFO  storage.RaftStorageDirectory (RaftStorageDirectoryImpl.java:analyzeStorage(135)) - The storage directory /home/runner/work/ozone/ozone/hadoop-ozone/integration-test/target/test-dir/MiniOzoneClusterImpl-c155f79f-1502-4c37-8e24-0bbcb716cadf/datanode-2/data/ratis/50de7bc9-526e-410a-919d-3fbff2fd50c3 does not exist. Creating ...
2022-06-24 01:39:04,938 [pool-95-thread-1] INFO  server.RaftServerConfigKeys (ConfUtils.java:logGet(46)) - raft.server.log.unsafe-flush.enabled = false (default)
2022-06-24 01:39:04,938 [pool-95-thread-1] INFO  server.RaftServerConfigKeys (ConfUtils.java:logGet(46)) - raft.server.log.statemachine.data.caching.enabled = true (custom)
2022-06-24 01:39:04,939 [pool-95-thread-1] INFO  segmented.SegmentedRaftLogWorker (SegmentedRaftLogWorker.java:lambda$new$0(135)) - c538bd0d-a22c-47f3-9c5c-aa06a1234548@group-3FBFF2FD50C3-SegmentedRaftLogWorker: flushIndex: setUnconditionally 0 -> -1
2022-06-24 01:39:04,939 [pool-95-thread-1] INFO  segmented.SegmentedRaftLogWorker (SegmentedRaftLogWorker.java:lambda$new$0(135)) - c538bd0d-a22c-47f3-9c5c-aa06a1234548@group-3FBFF2FD50C3-SegmentedRaftLogWorker: safeCacheEvictIndex: setUnconditionally 0 -> -1
2022-06-24 01:39:04,939 [pool-95-thread-1] INFO  server.RaftServerConfigKeys (ConfUtils.java:logGet(46)) - raft.server.snapshot.auto.trigger.enabled = true (custom)
2022-06-24 01:39:04,939 [pool-95-thread-1] INFO  server.RaftServerConfigKeys (ConfUtils.java:logGet(46)) - raft.server.snapshot.auto.trigger.threshold = 10000 (custom)
2022-06-24 01:39:04,939 [pool-95-thread-1] INFO  server.RaftServerConfigKeys (ConfUtils.java:logGet(46)) - raft.server.snapshot.retention.file.num = 5 (custom)
2022-06-24 01:39:04,939 [pool-118-thread-1] INFO  storage.RaftStorageDirectory (RaftStorageDirectoryImpl.java:tryLock(230)) - Lock on /home/runner/work/ozone/ozone/hadoop-ozone/integration-test/target/test-dir/MiniOzoneClusterImpl-c155f79f-1502-4c37-8e24-0bbcb716cadf/datanode-2/data/ratis/50de7bc9-526e-410a-919d-3fbff2fd50c3/in_use.lock acquired by nodename 2905@fv-az66-546
2022-06-24 01:39:04,939 [pool-95-thread-1] INFO  server.RaftServerConfigKeys (ConfUtils.java:logGet(46)) - raft.server.log.purge.upto.snapshot.index = false (default)
2022-06-24 01:39:04,939 [pool-95-thread-1] INFO  server.RaftServerConfigKeys (ConfUtils.java:logGet(46)) - raft.server.retrycache.expirytime = 600000ms (custom)
2022-06-24 01:39:04,940 [pool-95-thread-1] INFO  server.RaftServerConfigKeys (ConfUtils.java:logGet(46)) - raft.server.retrycache.statistics.expirytime = 100μs (default)
2022-06-24 01:39:04,941 [pool-118-thread-1] INFO  storage.RaftStorage (RaftStorageImpl.java:format(89)) - Storage directory /home/runner/work/ozone/ozone/hadoop-ozone/integration-test/target/test-dir/MiniOzoneClusterImpl-c155f79f-1502-4c37-8e24-0bbcb716cadf/datanode-2/data/ratis/50de7bc9-526e-410a-919d-3fbff2fd50c3 has been successfully formatted.
2022-06-24 01:39:04,941 [pool-95-thread-1] INFO  server.RaftServerConfigKeys (ConfUtils.java:logGet(46)) - raft.server.log.appender.install.snapshot.enabled = false (custom)
2022-06-24 01:39:04,941 [pool-95-thread-1] INFO  server.RaftServerConfigKeys (ConfUtils.java:logGet(46)) - raft.server.threadpool.server.cached = true (default)
2022-06-24 01:39:04,941 [pool-95-thread-1] INFO  server.RaftServerConfigKeys (ConfUtils.java:logGet(46)) - raft.server.threadpool.server.size = 0 (default)
2022-06-24 01:39:04,941 [pool-95-thread-1] INFO  server.RaftServerConfigKeys (ConfUtils.java:logGet(46)) - raft.server.threadpool.client.cached = true (default)
2022-06-24 01:39:04,941 [pool-95-thread-1] INFO  server.RaftServerConfigKeys (ConfUtils.java:logGet(46)) - raft.server.threadpool.client.size = 0 (default)
2022-06-24 01:39:04,941 [pool-95-thread-1] INFO  server.RaftServer$Division (RaftServerImpl.java:start(310)) - c538bd0d-a22c-47f3-9c5c-aa06a1234548@group-3FBFF2FD50C3: start as a follower, conf=-1: [9ae5d421-0cc7-487c-9408-d74f6a32f32f|rpc:10.1.0.17:45445|priority:0, 10656556-265e-4307-9f78-5b96f7074e5c|rpc:10.1.0.17:34937|priority:0, c538bd0d-a22c-47f3-9c5c-aa06a1234548|rpc:10.1.0.17:40341|priority:1], old=null
2022-06-24 01:39:04,942 [pool-95-thread-1] INFO  server.RaftServer$Division (RaftServerImpl.java:setRole(299)) - c538bd0d-a22c-47f3-9c5c-aa06a1234548@group-3FBFF2FD50C3: changes role from      null to FOLLOWER at term 0 for startAsFollower
2022-06-24 01:39:04,942 [pool-95-thread-1] INFO  impl.RoleInfo (RoleInfo.java:updateAndGet(139)) - c538bd0d-a22c-47f3-9c5c-aa06a1234548: start c538bd0d-a22c-47f3-9c5c-aa06a1234548@group-3FBFF2FD50C3-FollowerState
2022-06-24 01:39:04,943 [pool-118-thread-1] INFO  ratis.ContainerStateMachine (ContainerStateMachine.java:loadSnapshot(236)) - group-3FBFF2FD50C3: The snapshot info is null. Setting the last applied indexto:(t:0, i:~)
2022-06-24 01:39:04,943 [pool-118-thread-1] INFO  server.RaftServerConfigKeys (ConfUtils.java:logGet(46)) - raft.server.notification.no-leader.timeout = 300s (custom)
2022-06-24 01:39:04,943 [pool-118-thread-1] INFO  server.RaftServerConfigKeys (ConfUtils.java:logGet(46)) - raft.server.log.use.memory = false (default)
2022-06-24 01:39:04,943 [pool-118-thread-1] INFO  server.RaftServerConfigKeys (ConfUtils.java:logGet(46)) - raft.server.log.purge.gap = 1000000 (custom)
2022-06-24 01:39:04,943 [pool-118-thread-1] INFO  server.RaftServerConfigKeys (ConfUtils.java:logGet(46)) - raft.server.log.appender.buffer.byte-limit = 33554432 (custom)
2022-06-24 01:39:04,943 [pool-118-thread-1] INFO  server.RaftServerConfigKeys (ConfUtils.java:logGet(46)) - raft.server.log.statemachine.data.read.timeout = 1000ms (default)
2022-06-24 01:39:04,944 [pool-118-thread-1] INFO  server.RaftServerConfigKeys (ConfUtils.java:logGet(46)) - raft.server.log.segment.size.max = 1048576 (custom)
2022-06-24 01:39:04,944 [pool-118-thread-1] INFO  server.RaftServerConfigKeys (ConfUtils.java:logGet(46)) - raft.server.log.segment.cache.num.max = 2 (custom)
2022-06-24 01:39:04,944 [pool-118-thread-1] INFO  server.RaftServerConfigKeys (ConfUtils.java:logGet(46)) - raft.server.log.segment.cache.size.max = 200MB (=209715200) (default)
2022-06-24 01:39:04,944 [pool-118-thread-1] INFO  segmented.SegmentedRaftLogWorker (SegmentedRaftLogWorker.java:<init>(187)) - new 10656556-265e-4307-9f78-5b96f7074e5c@group-3FBFF2FD50C3-SegmentedRaftLogWorker for RaftStorageImpl:Storage Directory /home/runner/work/ozone/ozone/hadoop-ozone/integration-test/target/test-dir/MiniOzoneClusterImpl-c155f79f-1502-4c37-8e24-0bbcb716cadf/datanode-2/data/ratis/50de7bc9-526e-410a-919d-3fbff2fd50c3
2022-06-24 01:39:04,944 [pool-118-thread-1] INFO  server.RaftServerConfigKeys (ConfUtils.java:logGet(46)) - raft.server.log.queue.byte-limit = 4294967296 (custom)
2022-06-24 01:39:04,952 [pool-95-thread-1] INFO  util.JmxRegister (JmxRegister.java:tryRegister(44)) - Successfully registered JMX Bean with object name Ratis:service=RaftServer,group=group-3FBFF2FD50C3,id=c538bd0d-a22c-47f3-9c5c-aa06a1234548
2022-06-24 01:39:04,952 [pool-118-thread-1] INFO  server.RaftServerConfigKeys (ConfUtils.java:logGet(46)) - raft.server.log.queue.element-limit = 1024 (custom)
2022-06-24 01:39:04,953 [pool-118-thread-1] INFO  server.RaftServerConfigKeys (ConfUtils.java:logGet(46)) - raft.server.log.segment.size.max = 1048576 (custom)
2022-06-24 01:39:04,953 [pool-118-thread-1] INFO  server.RaftServerConfigKeys (ConfUtils.java:logGet(46)) - raft.server.log.preallocated.size = 16384 (custom)
2022-06-24 01:39:04,953 [pool-118-thread-1] INFO  server.RaftServerConfigKeys (ConfUtils.java:logGet(46)) - raft.server.log.force.sync.num = 128 (default)
2022-06-24 01:39:04,953 [pool-118-thread-1] INFO  server.RaftServerConfigKeys (ConfUtils.java:logGet(46)) - raft.server.log.statemachine.data.sync = true (default)
2022-06-24 01:39:04,953 [pool-118-thread-1] INFO  server.RaftServerConfigKeys (ConfUtils.java:logGet(46)) - raft.server.log.statemachine.data.sync.timeout = 10s (default)
2022-06-24 01:39:04,953 [pool-118-thread-1] INFO  server.RaftServerConfigKeys (ConfUtils.java:logGet(46)) - raft.server.log.statemachine.data.sync.timeout.retry = -1 (default)
2022-06-24 01:39:04,954 [pool-118-thread-1] INFO  server.RaftServerConfigKeys (ConfUtils.java:logGet(46)) - raft.server.log.write.buffer.size = 1048576 (custom)
2022-06-24 01:39:04,955 [pool-118-thread-1] INFO  server.RaftServerConfigKeys (ConfUtils.java:logGet(46)) - raft.server.log.unsafe-flush.enabled = false (default)
2022-06-24 01:39:04,955 [pool-118-thread-1] INFO  server.RaftServerConfigKeys (ConfUtils.java:logGet(46)) - raft.server.log.statemachine.data.caching.enabled = true (custom)
2022-06-24 01:39:04,955 [Command processor thread] INFO  server.RaftServer (RaftServerProxy.java:addNew(96)) - 10656556-265e-4307-9f78-5b96f7074e5c: addNew group-F053AA8513AD:[10656556-265e-4307-9f78-5b96f7074e5c|rpc:10.1.0.17:34937|priority:1] returns group-F053AA8513AD:java.util.concurrent.CompletableFuture@6d57340c[Not completed]
2022-06-24 01:39:04,955 [pool-118-thread-1] INFO  segmented.SegmentedRaftLogWorker (SegmentedRaftLogWorker.java:lambda$new$0(135)) - 10656556-265e-4307-9f78-5b96f7074e5c@group-3FBFF2FD50C3-SegmentedRaftLogWorker: flushIndex: setUnconditionally 0 -> -1
2022-06-24 01:39:04,956 [pool-118-thread-1] INFO  segmented.SegmentedRaftLogWorker (SegmentedRaftLogWorker.java:lambda$new$0(135)) - 10656556-265e-4307-9f78-5b96f7074e5c@group-3FBFF2FD50C3-SegmentedRaftLogWorker: safeCacheEvictIndex: setUnconditionally 0 -> -1
2022-06-24 01:39:04,956 [pool-118-thread-1] INFO  server.RaftServerConfigKeys (ConfUtils.java:logGet(46)) - raft.server.snapshot.auto.trigger.enabled = true (custom)
2022-06-24 01:39:04,956 [pool-118-thread-1] INFO  server.RaftServerConfigKeys (ConfUtils.java:logGet(46)) - raft.server.snapshot.auto.trigger.threshold = 10000 (custom)
2022-06-24 01:39:04,956 [pool-118-thread-1] INFO  server.RaftServerConfigKeys (ConfUtils.java:logGet(46)) - raft.server.snapshot.retention.file.num = 5 (custom)
2022-06-24 01:39:04,956 [pool-118-thread-1] INFO  server.RaftServerConfigKeys (ConfUtils.java:logGet(46)) - raft.server.log.purge.upto.snapshot.index = false (default)
2022-06-24 01:39:04,956 [pool-118-thread-1] INFO  server.RaftServerConfigKeys (ConfUtils.java:logGet(46)) - raft.server.retrycache.expirytime = 600000ms (custom)
2022-06-24 01:39:04,956 [pool-118-thread-1] INFO  server.RaftServerConfigKeys (ConfUtils.java:logGet(46)) - raft.server.retrycache.statistics.expirytime = 100μs (default)
2022-06-24 01:39:04,958 [pool-118-thread-1] INFO  server.RaftServerConfigKeys (ConfUtils.java:logGet(46)) - raft.server.log.appender.install.snapshot.enabled = false (custom)
2022-06-24 01:39:04,958 [pool-118-thread-1] INFO  server.RaftServerConfigKeys (ConfUtils.java:logGet(46)) - raft.server.threadpool.server.cached = true (default)
2022-06-24 01:39:04,959 [pool-118-thread-1] INFO  server.RaftServerConfigKeys (ConfUtils.java:logGet(46)) - raft.server.threadpool.server.size = 0 (default)
2022-06-24 01:39:04,959 [pool-118-thread-1] INFO  server.RaftServerConfigKeys (ConfUtils.java:logGet(46)) - raft.server.threadpool.client.cached = true (default)
2022-06-24 01:39:04,959 [pool-118-thread-1] INFO  server.RaftServerConfigKeys (ConfUtils.java:logGet(46)) - raft.server.threadpool.client.size = 0 (default)
2022-06-24 01:39:04,960 [pool-118-thread-1] INFO  server.RaftServer$Division (RaftServerImpl.java:<init>(190)) - 10656556-265e-4307-9f78-5b96f7074e5c: new RaftServerImpl for group-F053AA8513AD:[10656556-265e-4307-9f78-5b96f7074e5c|rpc:10.1.0.17:34937|priority:1] with ContainerStateMachine:uninitialized
2022-06-24 01:39:04,960 [pool-118-thread-1] INFO  server.RaftServerConfigKeys (ConfUtils.java:logGet(46)) - raft.server.rpc.timeout.min = 5s (custom)
2022-06-24 01:39:04,960 [pool-118-thread-1] INFO  server.RaftServerConfigKeys (ConfUtils.java:logGet(46)) - raft.server.rpc.timeout.max = 5200ms (custom)
2022-06-24 01:39:04,960 [pool-118-thread-1] INFO  server.RaftServerConfigKeys (ConfUtils.java:logGet(46)) - raft.server.rpc.sleep.time = 25ms (default)
2022-06-24 01:39:04,960 [pool-118-thread-1] INFO  server.RaftServerConfigKeys (ConfUtils.java:logGet(46)) - raft.server.rpc.slowness.timeout = 300s (custom)
2022-06-24 01:39:04,960 [pool-118-thread-1] INFO  server.RaftServerConfigKeys (ConfUtils.java:logGet(46)) - raft.server.leaderelection.leader.step-down.wait-time = 10s (default)
2022-06-24 01:39:04,960 [pool-118-thread-1] INFO  server.RaftServerConfigKeys (ConfUtils.java:logGet(46)) - raft.server.sleep.deviation.threshold = 300ms (default)
2022-06-24 01:39:04,961 [pool-118-thread-1] INFO  server.RaftServer$Division (ServerState.java:<init>(107)) - 10656556-265e-4307-9f78-5b96f7074e5c@group-F053AA8513AD: ConfigurationManager, init=-1: [10656556-265e-4307-9f78-5b96f7074e5c|rpc:10.1.0.17:34937|priority:1], old=null, confs=<EMPTY_MAP>
2022-06-24 01:39:04,961 [pool-118-thread-1] INFO  server.RaftServerConfigKeys (ConfUtils.java:logGet(46)) - raft.server.storage.dir = [/home/runner/work/ozone/ozone/hadoop-ozone/integration-test/target/test-dir/MiniOzoneClusterImpl-c155f79f-1502-4c37-8e24-0bbcb716cadf/datanode-2/data/ratis] (custom)
2022-06-24 01:39:04,961 [pool-118-thread-1] INFO  server.RaftServerConfigKeys (ConfUtils.java:logGet(46)) - raft.server.log.corruption.policy = EXCEPTION (default)
2022-06-24 01:39:04,961 [pool-118-thread-1] INFO  server.RaftServerConfigKeys (ConfUtils.java:logGet(46)) - raft.server.storage.free-space.min = 0MB (=0) (default)
2022-06-24 01:39:04,961 [pool-118-thread-1] INFO  storage.RaftStorageDirectory (RaftStorageDirectoryImpl.java:analyzeStorage(135)) - The storage directory /home/runner/work/ozone/ozone/hadoop-ozone/integration-test/target/test-dir/MiniOzoneClusterImpl-c155f79f-1502-4c37-8e24-0bbcb716cadf/datanode-2/data/ratis/d4101368-3b7e-43cd-a606-f053aa8513ad does not exist. Creating ...
2022-06-24 01:39:04,962 [Command processor thread] INFO  ratis.XceiverServerRatis (XceiverServerRatis.java:addGroup(765)) - Created group PipelineID=50de7bc9-526e-410a-919d-3fbff2fd50c3
2022-06-24 01:39:04,966 [pool-118-thread-1] INFO  storage.RaftStorageDirectory (RaftStorageDirectoryImpl.java:tryLock(230)) - Lock on /home/runner/work/ozone/ozone/hadoop-ozone/integration-test/target/test-dir/MiniOzoneClusterImpl-c155f79f-1502-4c37-8e24-0bbcb716cadf/datanode-2/data/ratis/d4101368-3b7e-43cd-a606-f053aa8513ad/in_use.lock acquired by nodename 2905@fv-az66-546
2022-06-24 01:39:04,968 [pool-118-thread-1] INFO  storage.RaftStorage (RaftStorageImpl.java:format(89)) - Storage directory /home/runner/work/ozone/ozone/hadoop-ozone/integration-test/target/test-dir/MiniOzoneClusterImpl-c155f79f-1502-4c37-8e24-0bbcb716cadf/datanode-2/data/ratis/d4101368-3b7e-43cd-a606-f053aa8513ad has been successfully formatted.
2022-06-24 01:39:04,969 [pool-118-thread-1] INFO  ratis.ContainerStateMachine (ContainerStateMachine.java:loadSnapshot(236)) - group-F053AA8513AD: The snapshot info is null. Setting the last applied indexto:(t:0, i:~)
2022-06-24 01:39:04,969 [pool-118-thread-1] INFO  server.RaftServerConfigKeys (ConfUtils.java:logGet(46)) - raft.server.notification.no-leader.timeout = 300s (custom)
2022-06-24 01:39:04,969 [pool-118-thread-1] INFO  server.RaftServerConfigKeys (ConfUtils.java:logGet(46)) - raft.server.log.use.memory = false (default)
2022-06-24 01:39:04,969 [pool-118-thread-1] INFO  server.RaftServerConfigKeys (ConfUtils.java:logGet(46)) - raft.server.log.purge.gap = 1000000 (custom)
2022-06-24 01:39:04,970 [pool-118-thread-1] INFO  server.RaftServerConfigKeys (ConfUtils.java:logGet(46)) - raft.server.log.appender.buffer.byte-limit = 33554432 (custom)
2022-06-24 01:39:04,970 [pool-118-thread-1] INFO  server.RaftServerConfigKeys (ConfUtils.java:logGet(46)) - raft.server.log.statemachine.data.read.timeout = 1000ms (default)
2022-06-24 01:39:04,970 [pool-118-thread-1] INFO  server.RaftServerConfigKeys (ConfUtils.java:logGet(46)) - raft.server.log.segment.size.max = 1048576 (custom)
2022-06-24 01:39:04,970 [pool-118-thread-1] INFO  server.RaftServerConfigKeys (ConfUtils.java:logGet(46)) - raft.server.log.segment.cache.num.max = 2 (custom)
2022-06-24 01:39:04,971 [pool-118-thread-1] INFO  server.RaftServerConfigKeys (ConfUtils.java:logGet(46)) - raft.server.log.segment.cache.size.max = 200MB (=209715200) (default)
2022-06-24 01:39:04,971 [pool-118-thread-1] INFO  segmented.SegmentedRaftLogWorker (SegmentedRaftLogWorker.java:<init>(187)) - new 10656556-265e-4307-9f78-5b96f7074e5c@group-F053AA8513AD-SegmentedRaftLogWorker for RaftStorageImpl:Storage Directory /home/runner/work/ozone/ozone/hadoop-ozone/integration-test/target/test-dir/MiniOzoneClusterImpl-c155f79f-1502-4c37-8e24-0bbcb716cadf/datanode-2/data/ratis/d4101368-3b7e-43cd-a606-f053aa8513ad
2022-06-24 01:39:04,971 [pool-118-thread-1] INFO  server.RaftServerConfigKeys (ConfUtils.java:logGet(46)) - raft.server.log.queue.byte-limit = 4294967296 (custom)
2022-06-24 01:39:04,971 [pool-118-thread-1] INFO  server.RaftServerConfigKeys (ConfUtils.java:logGet(46)) - raft.server.log.queue.element-limit = 1024 (custom)
2022-06-24 01:39:04,971 [pool-118-thread-1] INFO  server.RaftServerConfigKeys (ConfUtils.java:logGet(46)) - raft.server.log.segment.size.max = 1048576 (custom)
2022-06-24 01:39:04,971 [pool-118-thread-1] INFO  server.RaftServerConfigKeys (ConfUtils.java:logGet(46)) - raft.server.log.preallocated.size = 16384 (custom)
2022-06-24 01:39:04,971 [pool-118-thread-1] INFO  server.RaftServerConfigKeys (ConfUtils.java:logGet(46)) - raft.server.log.force.sync.num = 128 (default)
2022-06-24 01:39:04,971 [pool-118-thread-1] INFO  server.RaftServerConfigKeys (ConfUtils.java:logGet(46)) - raft.server.log.statemachine.data.sync = true (default)
2022-06-24 01:39:04,971 [pool-118-thread-1] INFO  server.RaftServerConfigKeys (ConfUtils.java:logGet(46)) - raft.server.log.statemachine.data.sync.timeout = 10s (default)
2022-06-24 01:39:04,971 [pool-118-thread-1] INFO  server.RaftServerConfigKeys (ConfUtils.java:logGet(46)) - raft.server.log.statemachine.data.sync.timeout.retry = -1 (default)
2022-06-24 01:39:04,972 [pool-118-thread-1] INFO  server.RaftServerConfigKeys (ConfUtils.java:logGet(46)) - raft.server.log.write.buffer.size = 1048576 (custom)
2022-06-24 01:39:04,973 [pool-118-thread-1] INFO  server.RaftServerConfigKeys (ConfUtils.java:logGet(46)) - raft.server.log.unsafe-flush.enabled = false (default)
2022-06-24 01:39:04,973 [pool-118-thread-1] INFO  server.RaftServerConfigKeys (ConfUtils.java:logGet(46)) - raft.server.log.statemachine.data.caching.enabled = true (custom)
2022-06-24 01:39:04,974 [pool-118-thread-1] INFO  segmented.SegmentedRaftLogWorker (SegmentedRaftLogWorker.java:lambda$new$0(135)) - 10656556-265e-4307-9f78-5b96f7074e5c@group-F053AA8513AD-SegmentedRaftLogWorker: flushIndex: setUnconditionally 0 -> -1
2022-06-24 01:39:04,974 [pool-118-thread-1] INFO  segmented.SegmentedRaftLogWorker (SegmentedRaftLogWorker.java:lambda$new$0(135)) - 10656556-265e-4307-9f78-5b96f7074e5c@group-F053AA8513AD-SegmentedRaftLogWorker: safeCacheEvictIndex: setUnconditionally 0 -> -1
2022-06-24 01:39:04,983 [pool-118-thread-1] INFO  server.RaftServerConfigKeys (ConfUtils.java:logGet(46)) - raft.server.snapshot.auto.trigger.enabled = true (custom)
2022-06-24 01:39:04,985 [EventQueue-PipelineReportForPipelineReportHandler] INFO  pipeline.PipelineManagerImpl (PipelineManagerImpl.java:openPipeline(358)) - Pipeline Pipeline[ Id: d4101368-3b7e-43cd-a606-f053aa8513ad, Nodes: 10656556-265e-4307-9f78-5b96f7074e5c{ip: 10.1.0.17, host: fv-az66-546.vwcdieab4koerntclszyavmfxa.dx.internal.cloudapp.net, ports: [REPLICATION=32887, RATIS=34937, RATIS_ADMIN=34937, RATIS_SERVER=34937, STANDALONE=45331], networkLocation: /default-rack, certSerialId: null, persistedOpState: IN_SERVICE, persistedOpStateExpiryEpochSec: 0}, ReplicationConfig: RATIS/ONE, State:ALLOCATED, leaderId:10656556-265e-4307-9f78-5b96f7074e5c, CreationTimestamp2022-06-24T01:39:01.957Z[Etc/UTC]] moved to OPEN state
2022-06-24 01:39:04,986 [EventQueue-OpenPipelineForHealthyPipelineSafeModeRule] INFO  safemode.SCMSafeModeManager (HealthyPipelineSafeModeRule.java:process(124)) - SCM in safe mode. Healthy pipelines reported count is 0, required healthy pipeline reported count is 1
2022-06-24 01:39:04,987 [pool-118-thread-1] INFO  server.RaftServerConfigKeys (ConfUtils.java:logGet(46)) - raft.server.snapshot.auto.trigger.threshold = 10000 (custom)
2022-06-24 01:39:04,988 [pool-118-thread-1] INFO  server.RaftServerConfigKeys (ConfUtils.java:logGet(46)) - raft.server.snapshot.retention.file.num = 5 (custom)
2022-06-24 01:39:04,988 [pool-118-thread-1] INFO  server.RaftServerConfigKeys (ConfUtils.java:logGet(46)) - raft.server.log.purge.upto.snapshot.index = false (default)
2022-06-24 01:39:04,988 [pool-118-thread-1] INFO  server.RaftServerConfigKeys (ConfUtils.java:logGet(46)) - raft.server.retrycache.expirytime = 600000ms (custom)
2022-06-24 01:39:04,988 [pool-118-thread-1] INFO  server.RaftServerConfigKeys (ConfUtils.java:logGet(46)) - raft.server.retrycache.statistics.expirytime = 100μs (default)
2022-06-24 01:39:04,990 [pool-118-thread-1] INFO  server.RaftServerConfigKeys (ConfUtils.java:logGet(46)) - raft.server.log.appender.install.snapshot.enabled = false (custom)
2022-06-24 01:39:04,990 [pool-118-thread-1] INFO  server.RaftServerConfigKeys (ConfUtils.java:logGet(46)) - raft.server.threadpool.server.cached = true (default)
2022-06-24 01:39:04,990 [pool-118-thread-1] INFO  server.RaftServerConfigKeys (ConfUtils.java:logGet(46)) - raft.server.threadpool.server.size = 0 (default)
2022-06-24 01:39:04,990 [pool-118-thread-1] INFO  server.RaftServerConfigKeys (ConfUtils.java:logGet(46)) - raft.server.threadpool.client.cached = true (default)
2022-06-24 01:39:04,990 [pool-118-thread-1] INFO  server.RaftServerConfigKeys (ConfUtils.java:logGet(46)) - raft.server.threadpool.client.size = 0 (default)
2022-06-24 01:39:04,990 [pool-118-thread-1] INFO  server.RaftServer$Division (RaftServerImpl.java:start(310)) - 10656556-265e-4307-9f78-5b96f7074e5c@group-3FBFF2FD50C3: start as a follower, conf=-1: [9ae5d421-0cc7-487c-9408-d74f6a32f32f|rpc:10.1.0.17:45445|dataStream:|priority:0, 10656556-265e-4307-9f78-5b96f7074e5c|rpc:10.1.0.17:34937|dataStream:|priority:0, c538bd0d-a22c-47f3-9c5c-aa06a1234548|rpc:10.1.0.17:40341|dataStream:|priority:1], old=null
2022-06-24 01:39:04,990 [pool-118-thread-1] INFO  server.RaftServer$Division (RaftServerImpl.java:setRole(299)) - 10656556-265e-4307-9f78-5b96f7074e5c@group-3FBFF2FD50C3: changes role from      null to FOLLOWER at term 0 for startAsFollower
2022-06-24 01:39:04,990 [pool-118-thread-1] INFO  impl.RoleInfo (RoleInfo.java:updateAndGet(139)) - 10656556-265e-4307-9f78-5b96f7074e5c: start 10656556-265e-4307-9f78-5b96f7074e5c@group-3FBFF2FD50C3-FollowerState
2022-06-24 01:39:04,993 [pool-118-thread-1] INFO  util.JmxRegister (JmxRegister.java:tryRegister(44)) - Successfully registered JMX Bean with object name Ratis:service=RaftServer,group=group-3FBFF2FD50C3,id=10656556-265e-4307-9f78-5b96f7074e5c
2022-06-24 01:39:05,000 [pool-118-thread-1] INFO  server.RaftServer$Division (RaftServerImpl.java:start(310)) - 10656556-265e-4307-9f78-5b96f7074e5c@group-F053AA8513AD: start as a follower, conf=-1: [10656556-265e-4307-9f78-5b96f7074e5c|rpc:10.1.0.17:34937|priority:1], old=null
2022-06-24 01:39:05,000 [pool-118-thread-1] INFO  server.RaftServer$Division (RaftServerImpl.java:setRole(299)) - 10656556-265e-4307-9f78-5b96f7074e5c@group-F053AA8513AD: changes role from      null to FOLLOWER at term 0 for startAsFollower
2022-06-24 01:39:05,002 [pool-118-thread-1] INFO  impl.RoleInfo (RoleInfo.java:updateAndGet(139)) - 10656556-265e-4307-9f78-5b96f7074e5c: start 10656556-265e-4307-9f78-5b96f7074e5c@group-F053AA8513AD-FollowerState
2022-06-24 01:39:05,003 [pool-118-thread-1] INFO  util.JmxRegister (JmxRegister.java:tryRegister(44)) - Successfully registered JMX Bean with object name Ratis:service=RaftServer,group=group-F053AA8513AD,id=10656556-265e-4307-9f78-5b96f7074e5c
2022-06-24 01:39:05,004 [Command processor thread] INFO  ratis.XceiverServerRatis (XceiverServerRatis.java:addGroup(765)) - Created group PipelineID=d4101368-3b7e-43cd-a606-f053aa8513ad
2022-06-24 01:39:05,004 [Command processor thread] INFO  commandhandler.CreatePipelineCommandHandler (CreatePipelineCommandHandler.java:handle(113)) - Created Pipeline RATIS ONE PipelineID=d4101368-3b7e-43cd-a606-f053aa8513ad.
2022-06-24 01:39:05,059 [Command processor thread] INFO  commandhandler.CreatePipelineCommandHandler (CreatePipelineCommandHandler.java:handle(113)) - Created Pipeline RATIS THREE PipelineID=50de7bc9-526e-410a-919d-3fbff2fd50c3.
2022-06-24 01:39:05,067 [Command processor thread] INFO  commandhandler.CreatePipelineCommandHandler (CreatePipelineCommandHandler.java:handle(113)) - Created Pipeline RATIS THREE PipelineID=50de7bc9-526e-410a-919d-3fbff2fd50c3.
2022-06-24 01:39:05,327 [Command processor thread] INFO  server.RaftServer (RaftServerProxy.java:addNew(96)) - 8f0fd873-ddec-4296-98a7-545b4d6b4e22: addNew group-6D6E4B78B35B:[8f0fd873-ddec-4296-98a7-545b4d6b4e22|rpc:10.1.0.17:44021|priority:1] returns group-6D6E4B78B35B:java.util.concurrent.CompletableFuture@253dd5d6[Not completed]
2022-06-24 01:39:05,332 [pool-141-thread-1] INFO  server.RaftServer$Division (RaftServerImpl.java:<init>(190)) - 8f0fd873-ddec-4296-98a7-545b4d6b4e22: new RaftServerImpl for group-6D6E4B78B35B:[8f0fd873-ddec-4296-98a7-545b4d6b4e22|rpc:10.1.0.17:44021|priority:1] with ContainerStateMachine:uninitialized
2022-06-24 01:39:05,332 [pool-141-thread-1] INFO  server.RaftServerConfigKeys (ConfUtils.java:logGet(46)) - raft.server.rpc.timeout.min = 5s (custom)
2022-06-24 01:39:05,332 [pool-141-thread-1] INFO  server.RaftServerConfigKeys (ConfUtils.java:logGet(46)) - raft.server.rpc.timeout.max = 5200ms (custom)
2022-06-24 01:39:05,333 [pool-141-thread-1] INFO  server.RaftServerConfigKeys (ConfUtils.java:logGet(46)) - raft.server.rpc.sleep.time = 25ms (default)
2022-06-24 01:39:05,333 [pool-141-thread-1] INFO  server.RaftServerConfigKeys (ConfUtils.java:logGet(46)) - raft.server.rpc.slowness.timeout = 300s (custom)
2022-06-24 01:39:05,333 [pool-141-thread-1] INFO  server.RaftServerConfigKeys (ConfUtils.java:logGet(46)) - raft.server.leaderelection.leader.step-down.wait-time = 10s (default)
2022-06-24 01:39:05,333 [pool-141-thread-1] INFO  server.RaftServerConfigKeys (ConfUtils.java:logGet(46)) - raft.server.sleep.deviation.threshold = 300ms (default)
2022-06-24 01:39:05,334 [pool-141-thread-1] INFO  server.RaftServer$Division (ServerState.java:<init>(107)) - 8f0fd873-ddec-4296-98a7-545b4d6b4e22@group-6D6E4B78B35B: ConfigurationManager, init=-1: [8f0fd873-ddec-4296-98a7-545b4d6b4e22|rpc:10.1.0.17:44021|priority:1], old=null, confs=<EMPTY_MAP>
2022-06-24 01:39:05,334 [pool-141-thread-1] INFO  server.RaftServerConfigKeys (ConfUtils.java:logGet(46)) - raft.server.storage.dir = [/home/runner/work/ozone/ozone/hadoop-ozone/integration-test/target/test-dir/MiniOzoneClusterImpl-c155f79f-1502-4c37-8e24-0bbcb716cadf/datanode-3/data/ratis] (custom)
2022-06-24 01:39:05,334 [pool-141-thread-1] INFO  server.RaftServerConfigKeys (ConfUtils.java:logGet(46)) - raft.server.log.corruption.policy = EXCEPTION (default)
2022-06-24 01:39:05,334 [pool-141-thread-1] INFO  server.RaftServerConfigKeys (ConfUtils.java:logGet(46)) - raft.server.storage.free-space.min = 0MB (=0) (default)
2022-06-24 01:39:05,334 [pool-141-thread-1] INFO  storage.RaftStorageDirectory (RaftStorageDirectoryImpl.java:analyzeStorage(135)) - The storage directory /home/runner/work/ozone/ozone/hadoop-ozone/integration-test/target/test-dir/MiniOzoneClusterImpl-c155f79f-1502-4c37-8e24-0bbcb716cadf/datanode-3/data/ratis/abdc600a-0dd1-4b39-bf07-6d6e4b78b35b does not exist. Creating ...
2022-06-24 01:39:05,336 [pool-141-thread-1] INFO  storage.RaftStorageDirectory (RaftStorageDirectoryImpl.java:tryLock(230)) - Lock on /home/runner/work/ozone/ozone/hadoop-ozone/integration-test/target/test-dir/MiniOzoneClusterImpl-c155f79f-1502-4c37-8e24-0bbcb716cadf/datanode-3/data/ratis/abdc600a-0dd1-4b39-bf07-6d6e4b78b35b/in_use.lock acquired by nodename 2905@fv-az66-546
2022-06-24 01:39:05,338 [pool-141-thread-1] INFO  storage.RaftStorage (RaftStorageImpl.java:format(89)) - Storage directory /home/runner/work/ozone/ozone/hadoop-ozone/integration-test/target/test-dir/MiniOzoneClusterImpl-c155f79f-1502-4c37-8e24-0bbcb716cadf/datanode-3/data/ratis/abdc600a-0dd1-4b39-bf07-6d6e4b78b35b has been successfully formatted.
2022-06-24 01:39:05,339 [pool-141-thread-1] INFO  ratis.ContainerStateMachine (ContainerStateMachine.java:loadSnapshot(236)) - group-6D6E4B78B35B: The snapshot info is null. Setting the last applied indexto:(t:0, i:~)
2022-06-24 01:39:05,339 [pool-141-thread-1] INFO  server.RaftServerConfigKeys (ConfUtils.java:logGet(46)) - raft.server.notification.no-leader.timeout = 300s (custom)
2022-06-24 01:39:05,339 [pool-141-thread-1] INFO  server.RaftServerConfigKeys (ConfUtils.java:logGet(46)) - raft.server.log.use.memory = false (default)
2022-06-24 01:39:05,339 [pool-141-thread-1] INFO  server.RaftServerConfigKeys (ConfUtils.java:logGet(46)) - raft.server.log.purge.gap = 1000000 (custom)
2022-06-24 01:39:05,339 [pool-141-thread-1] INFO  server.RaftServerConfigKeys (ConfUtils.java:logGet(46)) - raft.server.log.appender.buffer.byte-limit = 33554432 (custom)
2022-06-24 01:39:05,340 [pool-141-thread-1] INFO  server.RaftServerConfigKeys (ConfUtils.java:logGet(46)) - raft.server.log.statemachine.data.read.timeout = 1000ms (default)
2022-06-24 01:39:05,341 [pool-141-thread-1] INFO  server.RaftServerConfigKeys (ConfUtils.java:logGet(46)) - raft.server.log.segment.size.max = 1048576 (custom)
2022-06-24 01:39:05,341 [pool-141-thread-1] INFO  server.RaftServerConfigKeys (ConfUtils.java:logGet(46)) - raft.server.log.segment.cache.num.max = 2 (custom)
2022-06-24 01:39:05,341 [pool-141-thread-1] INFO  server.RaftServerConfigKeys (ConfUtils.java:logGet(46)) - raft.server.log.segment.cache.size.max = 200MB (=209715200) (default)
2022-06-24 01:39:05,341 [pool-141-thread-1] INFO  segmented.SegmentedRaftLogWorker (SegmentedRaftLogWorker.java:<init>(187)) - new 8f0fd873-ddec-4296-98a7-545b4d6b4e22@group-6D6E4B78B35B-SegmentedRaftLogWorker for RaftStorageImpl:Storage Directory /home/runner/work/ozone/ozone/hadoop-ozone/integration-test/target/test-dir/MiniOzoneClusterImpl-c155f79f-1502-4c37-8e24-0bbcb716cadf/datanode-3/data/ratis/abdc600a-0dd1-4b39-bf07-6d6e4b78b35b
2022-06-24 01:39:05,347 [pool-141-thread-1] INFO  server.RaftServerConfigKeys (ConfUtils.java:logGet(46)) - raft.server.log.queue.byte-limit = 4294967296 (custom)
2022-06-24 01:39:05,347 [pool-141-thread-1] INFO  server.RaftServerConfigKeys (ConfUtils.java:logGet(46)) - raft.server.log.queue.element-limit = 1024 (custom)
2022-06-24 01:39:05,347 [pool-141-thread-1] INFO  server.RaftServerConfigKeys (ConfUtils.java:logGet(46)) - raft.server.log.segment.size.max = 1048576 (custom)
2022-06-24 01:39:05,347 [pool-141-thread-1] INFO  server.RaftServerConfigKeys (ConfUtils.java:logGet(46)) - raft.server.log.preallocated.size = 16384 (custom)
2022-06-24 01:39:05,347 [pool-141-thread-1] INFO  server.RaftServerConfigKeys (ConfUtils.java:logGet(46)) - raft.server.log.force.sync.num = 128 (default)
2022-06-24 01:39:05,347 [pool-141-thread-1] INFO  server.RaftServerConfigKeys (ConfUtils.java:logGet(46)) - raft.server.log.statemachine.data.sync = true (default)
2022-06-24 01:39:05,347 [pool-141-thread-1] INFO  server.RaftServerConfigKeys (ConfUtils.java:logGet(46)) - raft.server.log.statemachine.data.sync.timeout = 10s (default)
2022-06-24 01:39:05,347 [pool-141-thread-1] INFO  server.RaftServerConfigKeys (ConfUtils.java:logGet(46)) - raft.server.log.statemachine.data.sync.timeout.retry = -1 (default)
2022-06-24 01:39:05,347 [EventQueue-PipelineReportForPipelineReportHandler] INFO  pipeline.PipelineManagerImpl (PipelineManagerImpl.java:openPipeline(358)) - Pipeline Pipeline[ Id: abdc600a-0dd1-4b39-bf07-6d6e4b78b35b, Nodes: 8f0fd873-ddec-4296-98a7-545b4d6b4e22{ip: 10.1.0.17, host: fv-az66-546.vwcdieab4koerntclszyavmfxa.dx.internal.cloudapp.net, ports: [REPLICATION=39983, RATIS=44021, RATIS_ADMIN=44021, RATIS_SERVER=44021, STANDALONE=33989], networkLocation: /default-rack, certSerialId: null, persistedOpState: IN_SERVICE, persistedOpStateExpiryEpochSec: 0}, ReplicationConfig: RATIS/ONE, State:ALLOCATED, leaderId:8f0fd873-ddec-4296-98a7-545b4d6b4e22, CreationTimestamp2022-06-24T01:39:02.331Z[Etc/UTC]] moved to OPEN state
2022-06-24 01:39:05,348 [EventQueue-OpenPipelineForHealthyPipelineSafeModeRule] INFO  safemode.SCMSafeModeManager (HealthyPipelineSafeModeRule.java:process(124)) - SCM in safe mode. Healthy pipelines reported count is 0, required healthy pipeline reported count is 1
2022-06-24 01:39:05,348 [pool-141-thread-1] INFO  server.RaftServerConfigKeys (ConfUtils.java:logGet(46)) - raft.server.log.write.buffer.size = 1048576 (custom)
2022-06-24 01:39:05,350 [pool-141-thread-1] INFO  server.RaftServerConfigKeys (ConfUtils.java:logGet(46)) - raft.server.log.unsafe-flush.enabled = false (default)
2022-06-24 01:39:05,350 [pool-141-thread-1] INFO  server.RaftServerConfigKeys (ConfUtils.java:logGet(46)) - raft.server.log.statemachine.data.caching.enabled = true (custom)
2022-06-24 01:39:05,350 [pool-141-thread-1] INFO  segmented.SegmentedRaftLogWorker (SegmentedRaftLogWorker.java:lambda$new$0(135)) - 8f0fd873-ddec-4296-98a7-545b4d6b4e22@group-6D6E4B78B35B-SegmentedRaftLogWorker: flushIndex: setUnconditionally 0 -> -1
2022-06-24 01:39:05,350 [pool-141-thread-1] INFO  segmented.SegmentedRaftLogWorker (SegmentedRaftLogWorker.java:lambda$new$0(135)) - 8f0fd873-ddec-4296-98a7-545b4d6b4e22@group-6D6E4B78B35B-SegmentedRaftLogWorker: safeCacheEvictIndex: setUnconditionally 0 -> -1
2022-06-24 01:39:05,351 [pool-141-thread-1] INFO  server.RaftServerConfigKeys (ConfUtils.java:logGet(46)) - raft.server.snapshot.auto.trigger.enabled = true (custom)
2022-06-24 01:39:05,351 [pool-141-thread-1] INFO  server.RaftServerConfigKeys (ConfUtils.java:logGet(46)) - raft.server.snapshot.auto.trigger.threshold = 10000 (custom)
2022-06-24 01:39:05,352 [pool-141-thread-1] INFO  server.RaftServerConfigKeys (ConfUtils.java:logGet(46)) - raft.server.snapshot.retention.file.num = 5 (custom)
2022-06-24 01:39:05,352 [pool-141-thread-1] INFO  server.RaftServerConfigKeys (ConfUtils.java:logGet(46)) - raft.server.log.purge.upto.snapshot.index = false (default)
2022-06-24 01:39:05,352 [pool-141-thread-1] INFO  server.RaftServerConfigKeys (ConfUtils.java:logGet(46)) - raft.server.retrycache.expirytime = 600000ms (custom)
2022-06-24 01:39:05,352 [pool-141-thread-1] INFO  server.RaftServerConfigKeys (ConfUtils.java:logGet(46)) - raft.server.retrycache.statistics.expirytime = 100μs (default)
2022-06-24 01:39:05,354 [pool-141-thread-1] INFO  server.RaftServerConfigKeys (ConfUtils.java:logGet(46)) - raft.server.log.appender.install.snapshot.enabled = false (custom)
2022-06-24 01:39:05,354 [pool-141-thread-1] INFO  server.RaftServerConfigKeys (ConfUtils.java:logGet(46)) - raft.server.threadpool.server.cached = true (default)
2022-06-24 01:39:05,354 [pool-141-thread-1] INFO  server.RaftServerConfigKeys (ConfUtils.java:logGet(46)) - raft.server.threadpool.server.size = 0 (default)
2022-06-24 01:39:05,354 [pool-141-thread-1] INFO  server.RaftServerConfigKeys (ConfUtils.java:logGet(46)) - raft.server.threadpool.client.cached = true (default)
2022-06-24 01:39:05,354 [pool-141-thread-1] INFO  server.RaftServerConfigKeys (ConfUtils.java:logGet(46)) - raft.server.threadpool.client.size = 0 (default)
2022-06-24 01:39:05,355 [pool-141-thread-1] INFO  server.RaftServer$Division (RaftServerImpl.java:start(310)) - 8f0fd873-ddec-4296-98a7-545b4d6b4e22@group-6D6E4B78B35B: start as a follower, conf=-1: [8f0fd873-ddec-4296-98a7-545b4d6b4e22|rpc:10.1.0.17:44021|priority:1], old=null
2022-06-24 01:39:05,355 [pool-141-thread-1] INFO  server.RaftServer$Division (RaftServerImpl.java:setRole(299)) - 8f0fd873-ddec-4296-98a7-545b4d6b4e22@group-6D6E4B78B35B: changes role from      null to FOLLOWER at term 0 for startAsFollower
2022-06-24 01:39:05,355 [pool-141-thread-1] INFO  impl.RoleInfo (RoleInfo.java:updateAndGet(139)) - 8f0fd873-ddec-4296-98a7-545b4d6b4e22: start 8f0fd873-ddec-4296-98a7-545b4d6b4e22@group-6D6E4B78B35B-FollowerState
2022-06-24 01:39:05,355 [pool-141-thread-1] INFO  util.JmxRegister (JmxRegister.java:tryRegister(44)) - Successfully registered JMX Bean with object name Ratis:service=RaftServer,group=group-6D6E4B78B35B,id=8f0fd873-ddec-4296-98a7-545b4d6b4e22
2022-06-24 01:39:05,356 [Command processor thread] INFO  ratis.XceiverServerRatis (XceiverServerRatis.java:addGroup(765)) - Created group PipelineID=abdc600a-0dd1-4b39-bf07-6d6e4b78b35b
2022-06-24 01:39:05,357 [Command processor thread] INFO  commandhandler.CreatePipelineCommandHandler (CreatePipelineCommandHandler.java:handle(113)) - Created Pipeline RATIS ONE PipelineID=abdc600a-0dd1-4b39-bf07-6d6e4b78b35b.
2022-06-24 01:39:05,689 [Command processor thread] INFO  server.RaftServer (RaftServerProxy.java:addNew(96)) - f3ba8611-1cd4-4447-b340-6f7bbd865d5c: addNew group-6360ACCC74EC:[f3ba8611-1cd4-4447-b340-6f7bbd865d5c|rpc:10.1.0.17:39401|priority:1] returns group-6360ACCC74EC:java.util.concurrent.CompletableFuture@5eb73398[Not completed]
2022-06-24 01:39:05,691 [pool-164-thread-1] INFO  server.RaftServer$Division (RaftServerImpl.java:<init>(190)) - f3ba8611-1cd4-4447-b340-6f7bbd865d5c: new RaftServerImpl for group-6360ACCC74EC:[f3ba8611-1cd4-4447-b340-6f7bbd865d5c|rpc:10.1.0.17:39401|priority:1] with ContainerStateMachine:uninitialized
2022-06-24 01:39:05,694 [Listener at 127.0.0.1/44735] INFO  ozone.MiniOzoneClusterImpl (MiniOzoneClusterImpl.java:lambda$waitForClusterToBeReady$0(223)) - Nodes are ready. Got 5 of 5 DN Heartbeats.
2022-06-24 01:39:05,694 [Listener at 127.0.0.1/44735] INFO  ozone.MiniOzoneClusterImpl (MiniOzoneClusterImpl.java:lambda$waitForClusterToBeReady$0(226)) - Waiting for cluster to exit safe mode
2022-06-24 01:39:05,694 [Listener at 127.0.0.1/44735] INFO  ozone.MiniOzoneClusterImpl (MiniOzoneClusterImpl.java:lambda$waitForClusterToBeReady$0(228)) - SCM became leader
2022-06-24 01:39:05,694 [pool-164-thread-1] INFO  server.RaftServerConfigKeys (ConfUtils.java:logGet(46)) - raft.server.rpc.timeout.min = 5s (custom)
2022-06-24 01:39:05,694 [pool-164-thread-1] INFO  server.RaftServerConfigKeys (ConfUtils.java:logGet(46)) - raft.server.rpc.timeout.max = 5200ms (custom)
2022-06-24 01:39:05,694 [pool-164-thread-1] INFO  server.RaftServerConfigKeys (ConfUtils.java:logGet(46)) - raft.server.rpc.sleep.time = 25ms (default)
2022-06-24 01:39:05,695 [pool-164-thread-1] INFO  server.RaftServerConfigKeys (ConfUtils.java:logGet(46)) - raft.server.rpc.slowness.timeout = 300s (custom)
2022-06-24 01:39:05,695 [pool-164-thread-1] INFO  server.RaftServerConfigKeys (ConfUtils.java:logGet(46)) - raft.server.leaderelection.leader.step-down.wait-time = 10s (default)
2022-06-24 01:39:05,695 [pool-164-thread-1] INFO  server.RaftServerConfigKeys (ConfUtils.java:logGet(46)) - raft.server.sleep.deviation.threshold = 300ms (default)
2022-06-24 01:39:05,695 [pool-164-thread-1] INFO  server.RaftServer$Division (ServerState.java:<init>(107)) - f3ba8611-1cd4-4447-b340-6f7bbd865d5c@group-6360ACCC74EC: ConfigurationManager, init=-1: [f3ba8611-1cd4-4447-b340-6f7bbd865d5c|rpc:10.1.0.17:39401|priority:1], old=null, confs=<EMPTY_MAP>
2022-06-24 01:39:05,695 [pool-164-thread-1] INFO  server.RaftServerConfigKeys (ConfUtils.java:logGet(46)) - raft.server.storage.dir = [/home/runner/work/ozone/ozone/hadoop-ozone/integration-test/target/test-dir/MiniOzoneClusterImpl-c155f79f-1502-4c37-8e24-0bbcb716cadf/datanode-4/data/ratis] (custom)
2022-06-24 01:39:05,695 [pool-164-thread-1] INFO  server.RaftServerConfigKeys (ConfUtils.java:logGet(46)) - raft.server.log.corruption.policy = EXCEPTION (default)
2022-06-24 01:39:05,695 [pool-164-thread-1] INFO  server.RaftServerConfigKeys (ConfUtils.java:logGet(46)) - raft.server.storage.free-space.min = 0MB (=0) (default)
2022-06-24 01:39:05,695 [pool-164-thread-1] INFO  storage.RaftStorageDirectory (RaftStorageDirectoryImpl.java:analyzeStorage(135)) - The storage directory /home/runner/work/ozone/ozone/hadoop-ozone/integration-test/target/test-dir/MiniOzoneClusterImpl-c155f79f-1502-4c37-8e24-0bbcb716cadf/datanode-4/data/ratis/c23ef9ef-1a1e-43a2-b382-6360accc74ec does not exist. Creating ...
2022-06-24 01:39:05,697 [pool-164-thread-1] INFO  storage.RaftStorageDirectory (RaftStorageDirectoryImpl.java:tryLock(230)) - Lock on /home/runner/work/ozone/ozone/hadoop-ozone/integration-test/target/test-dir/MiniOzoneClusterImpl-c155f79f-1502-4c37-8e24-0bbcb716cadf/datanode-4/data/ratis/c23ef9ef-1a1e-43a2-b382-6360accc74ec/in_use.lock acquired by nodename 2905@fv-az66-546
2022-06-24 01:39:05,698 [pool-164-thread-1] INFO  storage.RaftStorage (RaftStorageImpl.java:format(89)) - Storage directory /home/runner/work/ozone/ozone/hadoop-ozone/integration-test/target/test-dir/MiniOzoneClusterImpl-c155f79f-1502-4c37-8e24-0bbcb716cadf/datanode-4/data/ratis/c23ef9ef-1a1e-43a2-b382-6360accc74ec has been successfully formatted.
2022-06-24 01:39:05,699 [pool-164-thread-1] INFO  ratis.ContainerStateMachine (ContainerStateMachine.java:loadSnapshot(236)) - group-6360ACCC74EC: The snapshot info is null. Setting the last applied indexto:(t:0, i:~)
2022-06-24 01:39:05,699 [pool-164-thread-1] INFO  server.RaftServerConfigKeys (ConfUtils.java:logGet(46)) - raft.server.notification.no-leader.timeout = 300s (custom)
2022-06-24 01:39:05,700 [pool-164-thread-1] INFO  server.RaftServerConfigKeys (ConfUtils.java:logGet(46)) - raft.server.log.use.memory = false (default)
2022-06-24 01:39:05,700 [pool-164-thread-1] INFO  server.RaftServerConfigKeys (ConfUtils.java:logGet(46)) - raft.server.log.purge.gap = 1000000 (custom)
2022-06-24 01:39:05,700 [pool-164-thread-1] INFO  server.RaftServerConfigKeys (ConfUtils.java:logGet(46)) - raft.server.log.appender.buffer.byte-limit = 33554432 (custom)
2022-06-24 01:39:05,700 [pool-164-thread-1] INFO  server.RaftServerConfigKeys (ConfUtils.java:logGet(46)) - raft.server.log.statemachine.data.read.timeout = 1000ms (default)
2022-06-24 01:39:05,701 [pool-164-thread-1] INFO  server.RaftServerConfigKeys (ConfUtils.java:logGet(46)) - raft.server.log.segment.size.max = 1048576 (custom)
2022-06-24 01:39:05,702 [EventQueue-PipelineReportForPipelineReportHandler] INFO  pipeline.PipelineManagerImpl (PipelineManagerImpl.java:openPipeline(358)) - Pipeline Pipeline[ Id: c23ef9ef-1a1e-43a2-b382-6360accc74ec, Nodes: f3ba8611-1cd4-4447-b340-6f7bbd865d5c{ip: 10.1.0.17, host: fv-az66-546.vwcdieab4koerntclszyavmfxa.dx.internal.cloudapp.net, ports: [REPLICATION=37125, RATIS=39401, RATIS_ADMIN=39401, RATIS_SERVER=39401, STANDALONE=33013], networkLocation: /default-rack, certSerialId: null, persistedOpState: IN_SERVICE, persistedOpStateExpiryEpochSec: 0}, ReplicationConfig: RATIS/ONE, State:ALLOCATED, leaderId:f3ba8611-1cd4-4447-b340-6f7bbd865d5c, CreationTimestamp2022-06-24T01:39:02.693Z[Etc/UTC]] moved to OPEN state
2022-06-24 01:39:05,703 [EventQueue-OpenPipelineForHealthyPipelineSafeModeRule] INFO  safemode.SCMSafeModeManager (HealthyPipelineSafeModeRule.java:process(124)) - SCM in safe mode. Healthy pipelines reported count is 0, required healthy pipeline reported count is 1
2022-06-24 01:39:05,705 [pool-164-thread-1] INFO  server.RaftServerConfigKeys (ConfUtils.java:logGet(46)) - raft.server.log.segment.cache.num.max = 2 (custom)
2022-06-24 01:39:05,705 [pool-164-thread-1] INFO  server.RaftServerConfigKeys (ConfUtils.java:logGet(46)) - raft.server.log.segment.cache.size.max = 200MB (=209715200) (default)
2022-06-24 01:39:05,705 [pool-164-thread-1] INFO  segmented.SegmentedRaftLogWorker (SegmentedRaftLogWorker.java:<init>(187)) - new f3ba8611-1cd4-4447-b340-6f7bbd865d5c@group-6360ACCC74EC-SegmentedRaftLogWorker for RaftStorageImpl:Storage Directory /home/runner/work/ozone/ozone/hadoop-ozone/integration-test/target/test-dir/MiniOzoneClusterImpl-c155f79f-1502-4c37-8e24-0bbcb716cadf/datanode-4/data/ratis/c23ef9ef-1a1e-43a2-b382-6360accc74ec
2022-06-24 01:39:05,706 [pool-164-thread-1] INFO  server.RaftServerConfigKeys (ConfUtils.java:logGet(46)) - raft.server.log.queue.byte-limit = 4294967296 (custom)
2022-06-24 01:39:05,706 [pool-164-thread-1] INFO  server.RaftServerConfigKeys (ConfUtils.java:logGet(46)) - raft.server.log.queue.element-limit = 1024 (custom)
2022-06-24 01:39:05,706 [pool-164-thread-1] INFO  server.RaftServerConfigKeys (ConfUtils.java:logGet(46)) - raft.server.log.segment.size.max = 1048576 (custom)
2022-06-24 01:39:05,706 [pool-164-thread-1] INFO  server.RaftServerConfigKeys (ConfUtils.java:logGet(46)) - raft.server.log.preallocated.size = 16384 (custom)
2022-06-24 01:39:05,706 [pool-164-thread-1] INFO  server.RaftServerConfigKeys (ConfUtils.java:logGet(46)) - raft.server.log.force.sync.num = 128 (default)
2022-06-24 01:39:05,706 [pool-164-thread-1] INFO  server.RaftServerConfigKeys (ConfUtils.java:logGet(46)) - raft.server.log.statemachine.data.sync = true (default)
2022-06-24 01:39:05,706 [pool-164-thread-1] INFO  server.RaftServerConfigKeys (ConfUtils.java:logGet(46)) - raft.server.log.statemachine.data.sync.timeout = 10s (default)
2022-06-24 01:39:05,706 [pool-164-thread-1] INFO  server.RaftServerConfigKeys (ConfUtils.java:logGet(46)) - raft.server.log.statemachine.data.sync.timeout.retry = -1 (default)
2022-06-24 01:39:05,707 [pool-164-thread-1] INFO  server.RaftServerConfigKeys (ConfUtils.java:logGet(46)) - raft.server.log.write.buffer.size = 1048576 (custom)
2022-06-24 01:39:05,708 [pool-164-thread-1] INFO  server.RaftServerConfigKeys (ConfUtils.java:logGet(46)) - raft.server.log.unsafe-flush.enabled = false (default)
2022-06-24 01:39:05,708 [pool-164-thread-1] INFO  server.RaftServerConfigKeys (ConfUtils.java:logGet(46)) - raft.server.log.statemachine.data.caching.enabled = true (custom)
2022-06-24 01:39:05,708 [pool-164-thread-1] INFO  segmented.SegmentedRaftLogWorker (SegmentedRaftLogWorker.java:lambda$new$0(135)) - f3ba8611-1cd4-4447-b340-6f7bbd865d5c@group-6360ACCC74EC-SegmentedRaftLogWorker: flushIndex: setUnconditionally 0 -> -1
2022-06-24 01:39:05,708 [pool-164-thread-1] INFO  segmented.SegmentedRaftLogWorker (SegmentedRaftLogWorker.java:lambda$new$0(135)) - f3ba8611-1cd4-4447-b340-6f7bbd865d5c@group-6360ACCC74EC-SegmentedRaftLogWorker: safeCacheEvictIndex: setUnconditionally 0 -> -1
2022-06-24 01:39:05,709 [pool-164-thread-1] INFO  server.RaftServerConfigKeys (ConfUtils.java:logGet(46)) - raft.server.snapshot.auto.trigger.enabled = true (custom)
2022-06-24 01:39:05,709 [pool-164-thread-1] INFO  server.RaftServerConfigKeys (ConfUtils.java:logGet(46)) - raft.server.snapshot.auto.trigger.threshold = 10000 (custom)
2022-06-24 01:39:05,709 [pool-164-thread-1] INFO  server.RaftServerConfigKeys (ConfUtils.java:logGet(46)) - raft.server.snapshot.retention.file.num = 5 (custom)
2022-06-24 01:39:05,709 [pool-164-thread-1] INFO  server.RaftServerConfigKeys (ConfUtils.java:logGet(46)) - raft.server.log.purge.upto.snapshot.index = false (default)
2022-06-24 01:39:05,709 [pool-164-thread-1] INFO  server.RaftServerConfigKeys (ConfUtils.java:logGet(46)) - raft.server.retrycache.expirytime = 600000ms (custom)
2022-06-24 01:39:05,709 [pool-164-thread-1] INFO  server.RaftServerConfigKeys (ConfUtils.java:logGet(46)) - raft.server.retrycache.statistics.expirytime = 100μs (default)
2022-06-24 01:39:05,710 [pool-164-thread-1] INFO  server.RaftServerConfigKeys (ConfUtils.java:logGet(46)) - raft.server.log.appender.install.snapshot.enabled = false (custom)
2022-06-24 01:39:05,711 [pool-164-thread-1] INFO  server.RaftServerConfigKeys (ConfUtils.java:logGet(46)) - raft.server.threadpool.server.cached = true (default)
2022-06-24 01:39:05,711 [pool-164-thread-1] INFO  server.RaftServerConfigKeys (ConfUtils.java:logGet(46)) - raft.server.threadpool.server.size = 0 (default)
2022-06-24 01:39:05,711 [pool-164-thread-1] INFO  server.RaftServerConfigKeys (ConfUtils.java:logGet(46)) - raft.server.threadpool.client.cached = true (default)
2022-06-24 01:39:05,711 [pool-164-thread-1] INFO  server.RaftServerConfigKeys (ConfUtils.java:logGet(46)) - raft.server.threadpool.client.size = 0 (default)
2022-06-24 01:39:05,711 [pool-164-thread-1] INFO  server.RaftServer$Division (RaftServerImpl.java:start(310)) - f3ba8611-1cd4-4447-b340-6f7bbd865d5c@group-6360ACCC74EC: start as a follower, conf=-1: [f3ba8611-1cd4-4447-b340-6f7bbd865d5c|rpc:10.1.0.17:39401|priority:1], old=null
2022-06-24 01:39:05,711 [pool-164-thread-1] INFO  server.RaftServer$Division (RaftServerImpl.java:setRole(299)) - f3ba8611-1cd4-4447-b340-6f7bbd865d5c@group-6360ACCC74EC: changes role from      null to FOLLOWER at term 0 for startAsFollower
2022-06-24 01:39:05,711 [pool-164-thread-1] INFO  impl.RoleInfo (RoleInfo.java:updateAndGet(139)) - f3ba8611-1cd4-4447-b340-6f7bbd865d5c: start f3ba8611-1cd4-4447-b340-6f7bbd865d5c@group-6360ACCC74EC-FollowerState
2022-06-24 01:39:05,711 [pool-164-thread-1] INFO  util.JmxRegister (JmxRegister.java:tryRegister(44)) - Successfully registered JMX Bean with object name Ratis:service=RaftServer,group=group-6360ACCC74EC,id=f3ba8611-1cd4-4447-b340-6f7bbd865d5c
2022-06-24 01:39:05,712 [Command processor thread] INFO  ratis.XceiverServerRatis (XceiverServerRatis.java:addGroup(765)) - Created group PipelineID=c23ef9ef-1a1e-43a2-b382-6360accc74ec
2022-06-24 01:39:05,712 [Command processor thread] INFO  commandhandler.CreatePipelineCommandHandler (CreatePipelineCommandHandler.java:handle(113)) - Created Pipeline RATIS ONE PipelineID=c23ef9ef-1a1e-43a2-b382-6360accc74ec.
2022-06-24 01:39:06,694 [Listener at 127.0.0.1/44735] INFO  ozone.MiniOzoneClusterImpl (MiniOzoneClusterImpl.java:lambda$waitForClusterToBeReady$0(223)) - Nodes are ready. Got 5 of 5 DN Heartbeats.
2022-06-24 01:39:06,695 [Listener at 127.0.0.1/44735] INFO  ozone.MiniOzoneClusterImpl (MiniOzoneClusterImpl.java:lambda$waitForClusterToBeReady$0(226)) - Waiting for cluster to exit safe mode
2022-06-24 01:39:06,695 [Listener at 127.0.0.1/44735] INFO  ozone.MiniOzoneClusterImpl (MiniOzoneClusterImpl.java:lambda$waitForClusterToBeReady$0(228)) - SCM became leader
2022-06-24 01:39:07,695 [Listener at 127.0.0.1/44735] INFO  ozone.MiniOzoneClusterImpl (MiniOzoneClusterImpl.java:lambda$waitForClusterToBeReady$0(223)) - Nodes are ready. Got 5 of 5 DN Heartbeats.
2022-06-24 01:39:07,696 [Listener at 127.0.0.1/44735] INFO  ozone.MiniOzoneClusterImpl (MiniOzoneClusterImpl.java:lambda$waitForClusterToBeReady$0(226)) - Waiting for cluster to exit safe mode
2022-06-24 01:39:07,696 [Listener at 127.0.0.1/44735] INFO  ozone.MiniOzoneClusterImpl (MiniOzoneClusterImpl.java:lambda$waitForClusterToBeReady$0(228)) - SCM became leader
2022-06-24 01:39:08,696 [Listener at 127.0.0.1/44735] INFO  ozone.MiniOzoneClusterImpl (MiniOzoneClusterImpl.java:lambda$waitForClusterToBeReady$0(223)) - Nodes are ready. Got 5 of 5 DN Heartbeats.
2022-06-24 01:39:08,696 [Listener at 127.0.0.1/44735] INFO  ozone.MiniOzoneClusterImpl (MiniOzoneClusterImpl.java:lambda$waitForClusterToBeReady$0(226)) - Waiting for cluster to exit safe mode
2022-06-24 01:39:08,696 [Listener at 127.0.0.1/44735] INFO  ozone.MiniOzoneClusterImpl (MiniOzoneClusterImpl.java:lambda$waitForClusterToBeReady$0(228)) - SCM became leader
2022-06-24 01:39:09,132 [9ae5d421-0cc7-487c-9408-d74f6a32f32f@group-E8B1E51486E2-FollowerState] INFO  impl.FollowerState (FollowerState.java:run(143)) - 9ae5d421-0cc7-487c-9408-d74f6a32f32f@group-E8B1E51486E2-FollowerState: change to CANDIDATE, lastRpcElapsedTime:5111479695ns, electionTimeout:5109ms
2022-06-24 01:39:09,132 [9ae5d421-0cc7-487c-9408-d74f6a32f32f@group-E8B1E51486E2-FollowerState] INFO  impl.RoleInfo (RoleInfo.java:shutdownFollowerState(110)) - 9ae5d421-0cc7-487c-9408-d74f6a32f32f: shutdown 9ae5d421-0cc7-487c-9408-d74f6a32f32f@group-E8B1E51486E2-FollowerState
2022-06-24 01:39:09,132 [9ae5d421-0cc7-487c-9408-d74f6a32f32f@group-E8B1E51486E2-FollowerState] INFO  server.RaftServer$Division (RaftServerImpl.java:setRole(299)) - 9ae5d421-0cc7-487c-9408-d74f6a32f32f@group-E8B1E51486E2: changes role from  FOLLOWER to CANDIDATE at term 0 for changeToCandidate
2022-06-24 01:39:09,133 [9ae5d421-0cc7-487c-9408-d74f6a32f32f@group-E8B1E51486E2-FollowerState] INFO  server.RaftServerConfigKeys (ConfUtils.java:logGet(46)) - raft.server.leaderelection.pre-vote = false (custom)
2022-06-24 01:39:09,133 [9ae5d421-0cc7-487c-9408-d74f6a32f32f@group-E8B1E51486E2-FollowerState] INFO  impl.RoleInfo (RoleInfo.java:updateAndGet(139)) - 9ae5d421-0cc7-487c-9408-d74f6a32f32f: start 9ae5d421-0cc7-487c-9408-d74f6a32f32f@group-E8B1E51486E2-LeaderElection2
2022-06-24 01:39:09,142 [9ae5d421-0cc7-487c-9408-d74f6a32f32f@group-E8B1E51486E2-LeaderElection2] INFO  impl.LeaderElection (LeaderElection.java:askForVotes(310)) - 9ae5d421-0cc7-487c-9408-d74f6a32f32f@group-E8B1E51486E2-LeaderElection2 ELECTION round 0: submit vote requests at term 1 for -1: [9ae5d421-0cc7-487c-9408-d74f6a32f32f|rpc:10.1.0.17:45445|priority:1, 10656556-265e-4307-9f78-5b96f7074e5c|rpc:10.1.0.17:34937|priority:0, c538bd0d-a22c-47f3-9c5c-aa06a1234548|rpc:10.1.0.17:40341|priority:0], old=null
2022-06-24 01:39:09,180 [grpc-default-executor-0] INFO  server.RaftServer$Division (RaftServerImpl.java:requestVote(1152)) - 10656556-265e-4307-9f78-5b96f7074e5c@group-E8B1E51486E2: receive requestVote(ELECTION, 9ae5d421-0cc7-487c-9408-d74f6a32f32f, group-E8B1E51486E2, 1, (t:0, i:0))
2022-06-24 01:39:09,184 [grpc-default-executor-0] INFO  impl.VoteContext (VoteContext.java:log(48)) - 10656556-265e-4307-9f78-5b96f7074e5c@group-E8B1E51486E2-FOLLOWER: accept ELECTION from 9ae5d421-0cc7-487c-9408-d74f6a32f32f: our priority 0 <= candidate's priority 1
2022-06-24 01:39:09,184 [grpc-default-executor-0] INFO  server.RaftServer$Division (RaftServerImpl.java:setRole(299)) - 10656556-265e-4307-9f78-5b96f7074e5c@group-E8B1E51486E2: changes role from  FOLLOWER to FOLLOWER at term 1 for candidate:9ae5d421-0cc7-487c-9408-d74f6a32f32f
2022-06-24 01:39:09,185 [grpc-default-executor-0] INFO  impl.RoleInfo (RoleInfo.java:shutdownFollowerState(110)) - 10656556-265e-4307-9f78-5b96f7074e5c: shutdown 10656556-265e-4307-9f78-5b96f7074e5c@group-E8B1E51486E2-FollowerState
2022-06-24 01:39:09,185 [grpc-default-executor-0] INFO  impl.RoleInfo (RoleInfo.java:updateAndGet(139)) - 10656556-265e-4307-9f78-5b96f7074e5c: start 10656556-265e-4307-9f78-5b96f7074e5c@group-E8B1E51486E2-FollowerState
2022-06-24 01:39:09,185 [10656556-265e-4307-9f78-5b96f7074e5c@group-E8B1E51486E2-FollowerState] INFO  impl.FollowerState (FollowerState.java:run(152)) - 10656556-265e-4307-9f78-5b96f7074e5c@group-E8B1E51486E2-FollowerState was interrupted
2022-06-24 01:39:09,186 [9ae5d421-0cc7-487c-9408-d74f6a32f32f@group-32E817E071F9-FollowerState] INFO  impl.FollowerState (FollowerState.java:run(143)) - 9ae5d421-0cc7-487c-9408-d74f6a32f32f@group-32E817E071F9-FollowerState: change to CANDIDATE, lastRpcElapsedTime:5209478819ns, electionTimeout:5197ms
2022-06-24 01:39:09,186 [9ae5d421-0cc7-487c-9408-d74f6a32f32f@group-32E817E071F9-FollowerState] INFO  impl.RoleInfo (RoleInfo.java:shutdownFollowerState(110)) - 9ae5d421-0cc7-487c-9408-d74f6a32f32f: shutdown 9ae5d421-0cc7-487c-9408-d74f6a32f32f@group-32E817E071F9-FollowerState
2022-06-24 01:39:09,186 [9ae5d421-0cc7-487c-9408-d74f6a32f32f@group-32E817E071F9-FollowerState] INFO  server.RaftServer$Division (RaftServerImpl.java:setRole(299)) - 9ae5d421-0cc7-487c-9408-d74f6a32f32f@group-32E817E071F9: changes role from  FOLLOWER to CANDIDATE at term 0 for changeToCandidate
2022-06-24 01:39:09,186 [9ae5d421-0cc7-487c-9408-d74f6a32f32f@group-32E817E071F9-FollowerState] INFO  server.RaftServerConfigKeys (ConfUtils.java:logGet(46)) - raft.server.leaderelection.pre-vote = false (custom)
2022-06-24 01:39:09,187 [9ae5d421-0cc7-487c-9408-d74f6a32f32f@group-32E817E071F9-FollowerState] INFO  impl.RoleInfo (RoleInfo.java:updateAndGet(139)) - 9ae5d421-0cc7-487c-9408-d74f6a32f32f: start 9ae5d421-0cc7-487c-9408-d74f6a32f32f@group-32E817E071F9-LeaderElection3
2022-06-24 01:39:09,199 [grpc-default-executor-1] INFO  server.RaftServer$Division (RaftServerImpl.java:requestVote(1152)) - c538bd0d-a22c-47f3-9c5c-aa06a1234548@group-E8B1E51486E2: receive requestVote(ELECTION, 9ae5d421-0cc7-487c-9408-d74f6a32f32f, group-E8B1E51486E2, 1, (t:0, i:0))
2022-06-24 01:39:09,199 [grpc-default-executor-1] INFO  impl.VoteContext (VoteContext.java:log(48)) - c538bd0d-a22c-47f3-9c5c-aa06a1234548@group-E8B1E51486E2-FOLLOWER: accept ELECTION from 9ae5d421-0cc7-487c-9408-d74f6a32f32f: our priority 0 <= candidate's priority 1
2022-06-24 01:39:09,209 [grpc-default-executor-1] INFO  server.RaftServer$Division (RaftServerImpl.java:setRole(299)) - c538bd0d-a22c-47f3-9c5c-aa06a1234548@group-E8B1E51486E2: changes role from  FOLLOWER to FOLLOWER at term 1 for candidate:9ae5d421-0cc7-487c-9408-d74f6a32f32f
2022-06-24 01:39:09,209 [grpc-default-executor-1] INFO  impl.RoleInfo (RoleInfo.java:shutdownFollowerState(110)) - c538bd0d-a22c-47f3-9c5c-aa06a1234548: shutdown c538bd0d-a22c-47f3-9c5c-aa06a1234548@group-E8B1E51486E2-FollowerState
2022-06-24 01:39:09,209 [grpc-default-executor-1] INFO  impl.RoleInfo (RoleInfo.java:updateAndGet(139)) - c538bd0d-a22c-47f3-9c5c-aa06a1234548: start c538bd0d-a22c-47f3-9c5c-aa06a1234548@group-E8B1E51486E2-FollowerState
2022-06-24 01:39:09,209 [c538bd0d-a22c-47f3-9c5c-aa06a1234548@group-E8B1E51486E2-FollowerState] INFO  impl.FollowerState (FollowerState.java:run(152)) - c538bd0d-a22c-47f3-9c5c-aa06a1234548@group-E8B1E51486E2-FollowerState was interrupted
2022-06-24 01:39:09,210 [9ae5d421-0cc7-487c-9408-d74f6a32f32f@group-32E817E071F9-LeaderElection3] INFO  impl.LeaderElection (LeaderElection.java:askForVotes(310)) - 9ae5d421-0cc7-487c-9408-d74f6a32f32f@group-32E817E071F9-LeaderElection3 ELECTION round 0: submit vote requests at term 1 for -1: [9ae5d421-0cc7-487c-9408-d74f6a32f32f|rpc:10.1.0.17:45445|priority:1], old=null
2022-06-24 01:39:09,214 [9ae5d421-0cc7-487c-9408-d74f6a32f32f@group-32E817E071F9-LeaderElection3] INFO  impl.LeaderElection (LeaderElection.java:askForVotes(312)) - 9ae5d421-0cc7-487c-9408-d74f6a32f32f@group-32E817E071F9-LeaderElection3 ELECTION round 0: result PASSED (term=1)
2022-06-24 01:39:09,214 [9ae5d421-0cc7-487c-9408-d74f6a32f32f@group-32E817E071F9-LeaderElection3] INFO  impl.RoleInfo (RoleInfo.java:shutdownLeaderElection(130)) - 9ae5d421-0cc7-487c-9408-d74f6a32f32f: shutdown 9ae5d421-0cc7-487c-9408-d74f6a32f32f@group-32E817E071F9-LeaderElection3
2022-06-24 01:39:09,214 [9ae5d421-0cc7-487c-9408-d74f6a32f32f@group-32E817E071F9-LeaderElection3] INFO  server.RaftServer$Division (RaftServerImpl.java:setRole(299)) - 9ae5d421-0cc7-487c-9408-d74f6a32f32f@group-32E817E071F9: changes role from CANDIDATE to LEADER at term 1 for changeToLeader
2022-06-24 01:39:09,214 [9ae5d421-0cc7-487c-9408-d74f6a32f32f@group-32E817E071F9-LeaderElection3] INFO  ratis.XceiverServerRatis (XceiverServerRatis.java:handleLeaderChangedNotification(863)) - Leader change notification received for group: group-32E817E071F9 with new leaderId: 9ae5d421-0cc7-487c-9408-d74f6a32f32f
2022-06-24 01:39:09,215 [9ae5d421-0cc7-487c-9408-d74f6a32f32f@group-32E817E071F9-LeaderElection3] INFO  server.RaftServer$Division (ServerState.java:setLeader(287)) - 9ae5d421-0cc7-487c-9408-d74f6a32f32f@group-32E817E071F9: change Leader from null to 9ae5d421-0cc7-487c-9408-d74f6a32f32f at term 1 for becomeLeader, leader elected after 5277ms
2022-06-24 01:39:09,215 [9ae5d421-0cc7-487c-9408-d74f6a32f32f@group-32E817E071F9-LeaderElection3] INFO  server.RaftServerConfigKeys (ConfUtils.java:logGet(46)) - raft.server.staging.catchup.gap = 1000 (default)
2022-06-24 01:39:09,215 [9ae5d421-0cc7-487c-9408-d74f6a32f32f@group-32E817E071F9-LeaderElection3] INFO  server.RaftServerConfigKeys (ConfUtils.java:logGet(46)) - raft.server.write.element-limit = 1024 (custom)
2022-06-24 01:39:09,215 [9ae5d421-0cc7-487c-9408-d74f6a32f32f@group-32E817E071F9-LeaderElection3] INFO  server.RaftServerConfigKeys (ConfUtils.java:logGet(46)) - raft.server.write.byte-limit = 1024 M (=1073741824) (custom)
2022-06-24 01:39:09,216 [9ae5d421-0cc7-487c-9408-d74f6a32f32f@group-32E817E071F9-LeaderElection3] INFO  server.RaftServerConfigKeys (ConfUtils.java:logGet(46)) - raft.server.watch.timeout = 180s (custom)
2022-06-24 01:39:09,216 [9ae5d421-0cc7-487c-9408-d74f6a32f32f@group-32E817E071F9-LeaderElection3] INFO  server.RaftServerConfigKeys (ConfUtils.java:logGet(46)) - raft.server.watch.timeout.denomination = 1s (default)
2022-06-24 01:39:09,216 [9ae5d421-0cc7-487c-9408-d74f6a32f32f@group-32E817E071F9-LeaderElection3] INFO  server.RaftServerConfigKeys (ConfUtils.java:logGet(46)) - raft.server.watch.element-limit = 65536 (default)
2022-06-24 01:39:09,216 [9ae5d421-0cc7-487c-9408-d74f6a32f32f@group-32E817E071F9-LeaderElection3] INFO  server.RaftServerConfigKeys (ConfUtils.java:logGet(46)) - raft.server.write.element-limit = 1024 (custom)
2022-06-24 01:39:09,216 [9ae5d421-0cc7-487c-9408-d74f6a32f32f@group-32E817E071F9-LeaderElection3] INFO  server.RaftServerConfigKeys (ConfUtils.java:logGet(46)) - raft.server.write.follower.gap.ratio.max = -1.0 (default)
2022-06-24 01:39:09,216 [9ae5d421-0cc7-487c-9408-d74f6a32f32f@group-32E817E071F9-LeaderElection3] INFO  impl.RoleInfo (RoleInfo.java:updateAndGet(139)) - 9ae5d421-0cc7-487c-9408-d74f6a32f32f: start 9ae5d421-0cc7-487c-9408-d74f6a32f32f@group-32E817E071F9-LeaderStateImpl
2022-06-24 01:39:09,217 [9ae5d421-0cc7-487c-9408-d74f6a32f32f@group-32E817E071F9-LeaderElection3] INFO  segmented.SegmentedRaftLogWorker (SegmentedRaftLogWorker.java:startLogSegment(425)) - 9ae5d421-0cc7-487c-9408-d74f6a32f32f@group-32E817E071F9-SegmentedRaftLogWorker: Starting segment from index:0
2022-06-24 01:39:09,219 [EventQueue-OpenPipelineForHealthyPipelineSafeModeRule] INFO  safemode.SCMSafeModeManager (HealthyPipelineSafeModeRule.java:process(124)) - SCM in safe mode. Healthy pipelines reported count is 0, required healthy pipeline reported count is 1
2022-06-24 01:39:09,221 [9ae5d421-0cc7-487c-9408-d74f6a32f32f@group-32E817E071F9-SegmentedRaftLogWorker] INFO  segmented.SegmentedRaftLogWorker (SegmentedRaftLogWorker.java:execute(629)) - 9ae5d421-0cc7-487c-9408-d74f6a32f32f@group-32E817E071F9-SegmentedRaftLogWorker: created new log segment /home/runner/work/ozone/ozone/hadoop-ozone/integration-test/target/test-dir/MiniOzoneClusterImpl-c155f79f-1502-4c37-8e24-0bbcb716cadf/datanode-0/data/ratis/d23d8253-3fc9-4138-a7a6-32e817e071f9/current/log_inprogress_0
2022-06-24 01:39:09,225 [grpc-default-executor-1] INFO  server.RaftServer$Division (RaftServerImpl.java:requestVote(1184)) - c538bd0d-a22c-47f3-9c5c-aa06a1234548@group-E8B1E51486E2 replies to ELECTION vote request: 9ae5d421-0cc7-487c-9408-d74f6a32f32f<-c538bd0d-a22c-47f3-9c5c-aa06a1234548#0:OK-t1. Peer's state: c538bd0d-a22c-47f3-9c5c-aa06a1234548@group-E8B1E51486E2:t1, leader=null, voted=9ae5d421-0cc7-487c-9408-d74f6a32f32f, raftlog=c538bd0d-a22c-47f3-9c5c-aa06a1234548@group-E8B1E51486E2-SegmentedRaftLog:OPENED:c-1, conf=-1: [9ae5d421-0cc7-487c-9408-d74f6a32f32f|rpc:10.1.0.17:45445|priority:1, 10656556-265e-4307-9f78-5b96f7074e5c|rpc:10.1.0.17:34937|priority:0, c538bd0d-a22c-47f3-9c5c-aa06a1234548|rpc:10.1.0.17:40341|priority:0], old=null
2022-06-24 01:39:09,226 [grpc-default-executor-0] INFO  server.RaftServer$Division (RaftServerImpl.java:requestVote(1184)) - 10656556-265e-4307-9f78-5b96f7074e5c@group-E8B1E51486E2 replies to ELECTION vote request: 9ae5d421-0cc7-487c-9408-d74f6a32f32f<-10656556-265e-4307-9f78-5b96f7074e5c#0:OK-t1. Peer's state: 10656556-265e-4307-9f78-5b96f7074e5c@group-E8B1E51486E2:t1, leader=null, voted=9ae5d421-0cc7-487c-9408-d74f6a32f32f, raftlog=10656556-265e-4307-9f78-5b96f7074e5c@group-E8B1E51486E2-SegmentedRaftLog:OPENED:c-1, conf=-1: [9ae5d421-0cc7-487c-9408-d74f6a32f32f|rpc:10.1.0.17:45445|dataStream:|priority:1, 10656556-265e-4307-9f78-5b96f7074e5c|rpc:10.1.0.17:34937|dataStream:|priority:0, c538bd0d-a22c-47f3-9c5c-aa06a1234548|rpc:10.1.0.17:40341|dataStream:|priority:0], old=null
2022-06-24 01:39:09,228 [9ae5d421-0cc7-487c-9408-d74f6a32f32f@group-32E817E071F9-LeaderElection3] INFO  server.RaftServer$Division (ServerState.java:setRaftConf(393)) - 9ae5d421-0cc7-487c-9408-d74f6a32f32f@group-32E817E071F9: set configuration 0: [9ae5d421-0cc7-487c-9408-d74f6a32f32f|rpc:10.1.0.17:45445|dataStream:|priority:1], old=null
2022-06-24 01:39:09,240 [9ae5d421-0cc7-487c-9408-d74f6a32f32f@group-E8B1E51486E2-LeaderElection2] INFO  impl.LeaderElection (LeaderElection.java:logAndReturn(90)) - 9ae5d421-0cc7-487c-9408-d74f6a32f32f@group-E8B1E51486E2-LeaderElection2: ELECTION PASSED received 1 response(s) and 0 exception(s):
2022-06-24 01:39:09,241 [9ae5d421-0cc7-487c-9408-d74f6a32f32f@group-E8B1E51486E2-LeaderElection2] INFO  impl.LeaderElection (LeaderElection.java:logAndReturn(94)) -   Response 0: 9ae5d421-0cc7-487c-9408-d74f6a32f32f<-c538bd0d-a22c-47f3-9c5c-aa06a1234548#0:OK-t1
2022-06-24 01:39:09,241 [9ae5d421-0cc7-487c-9408-d74f6a32f32f@group-E8B1E51486E2-LeaderElection2] INFO  impl.LeaderElection (LeaderElection.java:askForVotes(312)) - 9ae5d421-0cc7-487c-9408-d74f6a32f32f@group-E8B1E51486E2-LeaderElection2 ELECTION round 0: result PASSED
2022-06-24 01:39:09,241 [9ae5d421-0cc7-487c-9408-d74f6a32f32f@group-E8B1E51486E2-LeaderElection2] INFO  impl.RoleInfo (RoleInfo.java:shutdownLeaderElection(130)) - 9ae5d421-0cc7-487c-9408-d74f6a32f32f: shutdown 9ae5d421-0cc7-487c-9408-d74f6a32f32f@group-E8B1E51486E2-LeaderElection2
2022-06-24 01:39:09,241 [9ae5d421-0cc7-487c-9408-d74f6a32f32f@group-E8B1E51486E2-LeaderElection2] INFO  server.RaftServer$Division (RaftServerImpl.java:setRole(299)) - 9ae5d421-0cc7-487c-9408-d74f6a32f32f@group-E8B1E51486E2: changes role from CANDIDATE to LEADER at term 1 for changeToLeader
2022-06-24 01:39:09,241 [9ae5d421-0cc7-487c-9408-d74f6a32f32f@group-E8B1E51486E2-LeaderElection2] INFO  ratis.XceiverServerRatis (XceiverServerRatis.java:handleLeaderChangedNotification(863)) - Leader change notification received for group: group-E8B1E51486E2 with new leaderId: 9ae5d421-0cc7-487c-9408-d74f6a32f32f
2022-06-24 01:39:09,241 [9ae5d421-0cc7-487c-9408-d74f6a32f32f@group-E8B1E51486E2-LeaderElection2] INFO  server.RaftServer$Division (ServerState.java:setLeader(287)) - 9ae5d421-0cc7-487c-9408-d74f6a32f32f@group-E8B1E51486E2: change Leader from null to 9ae5d421-0cc7-487c-9408-d74f6a32f32f at term 1 for becomeLeader, leader elected after 5239ms
2022-06-24 01:39:09,241 [9ae5d421-0cc7-487c-9408-d74f6a32f32f@group-E8B1E51486E2-LeaderElection2] INFO  server.RaftServerConfigKeys (ConfUtils.java:logGet(46)) - raft.server.staging.catchup.gap = 1000 (default)
2022-06-24 01:39:09,242 [9ae5d421-0cc7-487c-9408-d74f6a32f32f@group-E8B1E51486E2-LeaderElection2] INFO  server.RaftServerConfigKeys (ConfUtils.java:logGet(46)) - raft.server.write.element-limit = 1024 (custom)
2022-06-24 01:39:09,242 [9ae5d421-0cc7-487c-9408-d74f6a32f32f@group-E8B1E51486E2-LeaderElection2] INFO  server.RaftServerConfigKeys (ConfUtils.java:logGet(46)) - raft.server.write.byte-limit = 1024 M (=1073741824) (custom)
2022-06-24 01:39:09,242 [9ae5d421-0cc7-487c-9408-d74f6a32f32f@group-E8B1E51486E2-LeaderElection2] INFO  server.RaftServerConfigKeys (ConfUtils.java:logGet(46)) - raft.server.watch.timeout = 180s (custom)
2022-06-24 01:39:09,243 [9ae5d421-0cc7-487c-9408-d74f6a32f32f@group-E8B1E51486E2-LeaderElection2] INFO  server.RaftServerConfigKeys (ConfUtils.java:logGet(46)) - raft.server.watch.timeout.denomination = 1s (default)
2022-06-24 01:39:09,243 [9ae5d421-0cc7-487c-9408-d74f6a32f32f@group-E8B1E51486E2-LeaderElection2] INFO  server.RaftServerConfigKeys (ConfUtils.java:logGet(46)) - raft.server.watch.element-limit = 65536 (default)
2022-06-24 01:39:09,243 [9ae5d421-0cc7-487c-9408-d74f6a32f32f@group-E8B1E51486E2-LeaderElection2] INFO  server.RaftServerConfigKeys (ConfUtils.java:logGet(46)) - raft.server.write.element-limit = 1024 (custom)
2022-06-24 01:39:09,243 [9ae5d421-0cc7-487c-9408-d74f6a32f32f@group-E8B1E51486E2-LeaderElection2] INFO  server.RaftServerConfigKeys (ConfUtils.java:logGet(46)) - raft.server.write.follower.gap.ratio.max = -1.0 (default)
2022-06-24 01:39:09,246 [EventQueue-PipelineReportForPipelineReportHandler] INFO  pipeline.PipelineManagerImpl (PipelineManagerImpl.java:openPipeline(358)) - Pipeline Pipeline[ Id: 78300cc8-5089-4f0b-8b26-e8b1e51486e2, Nodes: c538bd0d-a22c-47f3-9c5c-aa06a1234548{ip: 10.1.0.17, host: fv-az66-546.vwcdieab4koerntclszyavmfxa.dx.internal.cloudapp.net, ports: [REPLICATION=37121, RATIS=40341, RATIS_ADMIN=40341, RATIS_SERVER=40341, STANDALONE=34721], networkLocation: /default-rack, certSerialId: null, persistedOpState: IN_SERVICE, persistedOpStateExpiryEpochSec: 0}10656556-265e-4307-9f78-5b96f7074e5c{ip: 10.1.0.17, host: fv-az66-546.vwcdieab4koerntclszyavmfxa.dx.internal.cloudapp.net, ports: [REPLICATION=32887, RATIS=34937, RATIS_ADMIN=34937, RATIS_SERVER=34937, STANDALONE=45331], networkLocation: /default-rack, certSerialId: null, persistedOpState: IN_SERVICE, persistedOpStateExpiryEpochSec: 0}9ae5d421-0cc7-487c-9408-d74f6a32f32f{ip: 10.1.0.17, host: fv-az66-546.vwcdieab4koerntclszyavmfxa.dx.internal.cloudapp.net, ports: [REPLICATION=42287, RATIS=45445, RATIS_ADMIN=45445, RATIS_SERVER=45445, STANDALONE=38423], networkLocation: /default-rack, certSerialId: null, persistedOpState: IN_SERVICE, persistedOpStateExpiryEpochSec: 0}, ReplicationConfig: RATIS/THREE, State:ALLOCATED, leaderId:9ae5d421-0cc7-487c-9408-d74f6a32f32f, CreationTimestamp2022-06-24T01:39:01.965Z[Etc/UTC]] moved to OPEN state
2022-06-24 01:39:09,246 [EventQueue-OpenPipelineForHealthyPipelineSafeModeRule] INFO  safemode.SCMSafeModeManager (HealthyPipelineSafeModeRule.java:process(124)) - SCM in safe mode. Healthy pipelines reported count is 0, required healthy pipeline reported count is 1
2022-06-24 01:39:09,247 [EventQueue-OpenPipelineForHealthyPipelineSafeModeRule] INFO  safemode.SCMSafeModeManager (HealthyPipelineSafeModeRule.java:process(124)) - SCM in safe mode. Healthy pipelines reported count is 1, required healthy pipeline reported count is 1
2022-06-24 01:39:09,247 [EventQueue-OpenPipelineForHealthyPipelineSafeModeRule] INFO  safemode.SCMSafeModeManager (SCMSafeModeManager.java:validateSafeModeExitRules(204)) - HealthyPipelineSafeModeRule rule is successfully validated
2022-06-24 01:39:09,247 [EventQueue-OpenPipelineForHealthyPipelineSafeModeRule] INFO  safemode.SCMSafeModeManager (SCMSafeModeManager.java:validateSafeModeExitRules(219)) - ScmSafeModeManager, all rules are successfully validated
2022-06-24 01:39:09,247 [EventQueue-OpenPipelineForHealthyPipelineSafeModeRule] INFO  safemode.SCMSafeModeManager (SCMSafeModeManager.java:exitSafeMode(248)) - SCM exiting safe mode.
2022-06-24 01:39:09,247 [EventQueue-OpenPipelineForHealthyPipelineSafeModeRule] WARN  events.EventQueue (EventQueue.java:fireEvent(216)) - No event handler registered for event TypedEvent{payloadType=SafeModeStatus, name='Safe mode status'}
2022-06-24 01:39:09,247 [EventQueue-OpenPipelineForHealthyPipelineSafeModeRule] INFO  ha.SCMContext (SCMContext.java:updateSafeModeStatus(228)) - Update SafeModeStatus from SafeModeStatus{safeModeStatus=true, preCheckPassed=true} to SafeModeStatus{safeModeStatus=false, preCheckPassed=true}.
2022-06-24 01:39:09,248 [EventQueue-OpenPipelineForHealthyPipelineSafeModeRule] INFO  pipeline.BackgroundPipelineCreator (BackgroundPipelineCreator.java:notifyStatusChanged(253)) - Service BackgroundPipelineCreator transitions to RUNNING.
2022-06-24 01:39:09,248 [EventQueue-OpenPipelineForHealthyPipelineSafeModeRule] INFO  BackgroundPipelineScrubber (BackgroundSCMService.java:notifyStatusChanged(82)) - Service BackgroundPipelineScrubber transitions to RUNNING.
2022-06-24 01:39:09,248 [EventQueue-OpenPipelineForHealthyPipelineSafeModeRule] INFO  ExpiredContainerReplicaOpScrubber (BackgroundSCMService.java:notifyStatusChanged(82)) - Service ExpiredContainerReplicaOpScrubber transitions to RUNNING.
2022-06-24 01:39:09,248 [EventQueue-OpenPipelineForHealthyPipelineSafeModeRule] INFO  replication.ReplicationManager (ReplicationManager.java:notifyStatusChanged(372)) - Service ReplicationManager transitions to RUNNING.
2022-06-24 01:39:09,249 [EventQueue-OpenPipelineForHealthyPipelineSafeModeRule] WARN  balancer.ContainerBalancer (ContainerBalancer.java:shouldRun(875)) - Could not find persisted configuration for ContainerBalancer when checking if ContainerBalancer should run. ContainerBalancer should not run now.
2022-06-24 01:39:09,260 [9ae5d421-0cc7-487c-9408-d74f6a32f32f@group-E8B1E51486E2-LeaderElection2] INFO  server.RaftServerConfigKeys (ConfUtils.java:logGet(46)) - raft.server.log.appender.snapshot.chunk.size.max = 16MB (=16777216) (default)
2022-06-24 01:39:09,260 [9ae5d421-0cc7-487c-9408-d74f6a32f32f@group-E8B1E51486E2-LeaderElection2] INFO  server.RaftServerConfigKeys (ConfUtils.java:logGet(46)) - raft.server.log.appender.buffer.byte-limit = 33554432 (custom)
2022-06-24 01:39:09,261 [9ae5d421-0cc7-487c-9408-d74f6a32f32f@group-E8B1E51486E2-LeaderElection2] INFO  server.RaftServerConfigKeys (ConfUtils.java:logGet(46)) - raft.server.log.appender.buffer.element-limit = 1 (custom)
2022-06-24 01:39:09,264 [9ae5d421-0cc7-487c-9408-d74f6a32f32f@group-E8B1E51486E2-LeaderElection2] INFO  grpc.GrpcConfigKeys (ConfUtils.java:logGet(46)) - raft.grpc.server.leader.outstanding.appends.max = 128 (default)
2022-06-24 01:39:09,264 [9ae5d421-0cc7-487c-9408-d74f6a32f32f@group-E8B1E51486E2-LeaderElection2] INFO  server.RaftServerConfigKeys (ConfUtils.java:logGet(46)) - raft.server.rpc.request.timeout = 60s (custom)
2022-06-24 01:39:09,264 [9ae5d421-0cc7-487c-9408-d74f6a32f32f@group-E8B1E51486E2-LeaderElection2] INFO  server.RaftServerConfigKeys (ConfUtils.java:logGet(46)) - raft.server.log.appender.install.snapshot.enabled = false (custom)
2022-06-24 01:39:09,267 [9ae5d421-0cc7-487c-9408-d74f6a32f32f@group-E8B1E51486E2-LeaderElection2] INFO  server.RaftServerConfigKeys (ConfUtils.java:logGet(46)) - raft.server.log.appender.snapshot.chunk.size.max = 16MB (=16777216) (default)
2022-06-24 01:39:09,267 [9ae5d421-0cc7-487c-9408-d74f6a32f32f@group-E8B1E51486E2-LeaderElection2] INFO  server.RaftServerConfigKeys (ConfUtils.java:logGet(46)) - raft.server.log.appender.buffer.byte-limit = 33554432 (custom)
2022-06-24 01:39:09,267 [9ae5d421-0cc7-487c-9408-d74f6a32f32f@group-E8B1E51486E2-LeaderElection2] INFO  server.RaftServerConfigKeys (ConfUtils.java:logGet(46)) - raft.server.log.appender.buffer.element-limit = 1 (custom)
2022-06-24 01:39:09,267 [9ae5d421-0cc7-487c-9408-d74f6a32f32f@group-E8B1E51486E2-LeaderElection2] INFO  grpc.GrpcConfigKeys (ConfUtils.java:logGet(46)) - raft.grpc.server.leader.outstanding.appends.max = 128 (default)
2022-06-24 01:39:09,267 [9ae5d421-0cc7-487c-9408-d74f6a32f32f@group-E8B1E51486E2-LeaderElection2] INFO  server.RaftServerConfigKeys (ConfUtils.java:logGet(46)) - raft.server.rpc.request.timeout = 60s (custom)
2022-06-24 01:39:09,267 [9ae5d421-0cc7-487c-9408-d74f6a32f32f@group-E8B1E51486E2-LeaderElection2] INFO  server.RaftServerConfigKeys (ConfUtils.java:logGet(46)) - raft.server.log.appender.install.snapshot.enabled = false (custom)
2022-06-24 01:39:09,268 [9ae5d421-0cc7-487c-9408-d74f6a32f32f@group-E8B1E51486E2-LeaderElection2] INFO  impl.RoleInfo (RoleInfo.java:updateAndGet(139)) - 9ae5d421-0cc7-487c-9408-d74f6a32f32f: start 9ae5d421-0cc7-487c-9408-d74f6a32f32f@group-E8B1E51486E2-LeaderStateImpl
2022-06-24 01:39:09,269 [9ae5d421-0cc7-487c-9408-d74f6a32f32f@group-E8B1E51486E2-LeaderElection2] INFO  segmented.SegmentedRaftLogWorker (SegmentedRaftLogWorker.java:startLogSegment(425)) - 9ae5d421-0cc7-487c-9408-d74f6a32f32f@group-E8B1E51486E2-SegmentedRaftLogWorker: Starting segment from index:0
2022-06-24 01:39:09,271 [9ae5d421-0cc7-487c-9408-d74f6a32f32f@group-E8B1E51486E2-SegmentedRaftLogWorker] INFO  segmented.SegmentedRaftLogWorker (SegmentedRaftLogWorker.java:execute(629)) - 9ae5d421-0cc7-487c-9408-d74f6a32f32f@group-E8B1E51486E2-SegmentedRaftLogWorker: created new log segment /home/runner/work/ozone/ozone/hadoop-ozone/integration-test/target/test-dir/MiniOzoneClusterImpl-c155f79f-1502-4c37-8e24-0bbcb716cadf/datanode-0/data/ratis/78300cc8-5089-4f0b-8b26-e8b1e51486e2/current/log_inprogress_0
2022-06-24 01:39:09,274 [9ae5d421-0cc7-487c-9408-d74f6a32f32f@group-E8B1E51486E2-LeaderElection2] INFO  server.RaftServer$Division (ServerState.java:setRaftConf(393)) - 9ae5d421-0cc7-487c-9408-d74f6a32f32f@group-E8B1E51486E2: set configuration 0: [9ae5d421-0cc7-487c-9408-d74f6a32f32f|rpc:10.1.0.17:45445|dataStream:|priority:1, 10656556-265e-4307-9f78-5b96f7074e5c|rpc:10.1.0.17:34937|dataStream:|priority:0, c538bd0d-a22c-47f3-9c5c-aa06a1234548|rpc:10.1.0.17:40341|dataStream:|priority:0], old=null
2022-06-24 01:39:09,323 [10656556-265e-4307-9f78-5b96f7074e5c-server-thread1] INFO  ratis.XceiverServerRatis (XceiverServerRatis.java:handleLeaderChangedNotification(863)) - Leader change notification received for group: group-E8B1E51486E2 with new leaderId: 9ae5d421-0cc7-487c-9408-d74f6a32f32f
2022-06-24 01:39:09,323 [10656556-265e-4307-9f78-5b96f7074e5c-server-thread1] INFO  server.RaftServer$Division (ServerState.java:setLeader(287)) - 10656556-265e-4307-9f78-5b96f7074e5c@group-E8B1E51486E2: change Leader from null to 9ae5d421-0cc7-487c-9408-d74f6a32f32f at term 1 for appendEntries, leader elected after 4589ms
2022-06-24 01:39:09,323 [c538bd0d-a22c-47f3-9c5c-aa06a1234548-server-thread1] INFO  ratis.XceiverServerRatis (XceiverServerRatis.java:handleLeaderChangedNotification(863)) - Leader change notification received for group: group-E8B1E51486E2 with new leaderId: 9ae5d421-0cc7-487c-9408-d74f6a32f32f
2022-06-24 01:39:09,323 [c538bd0d-a22c-47f3-9c5c-aa06a1234548-server-thread1] INFO  server.RaftServer$Division (ServerState.java:setLeader(287)) - c538bd0d-a22c-47f3-9c5c-aa06a1234548@group-E8B1E51486E2: change Leader from null to 9ae5d421-0cc7-487c-9408-d74f6a32f32f at term 1 for appendEntries, leader elected after 4679ms
2022-06-24 01:39:09,350 [c538bd0d-a22c-47f3-9c5c-aa06a1234548-server-thread1] INFO  server.RaftServer$Division (ServerState.java:setRaftConf(393)) - c538bd0d-a22c-47f3-9c5c-aa06a1234548@group-E8B1E51486E2: set configuration 0: [9ae5d421-0cc7-487c-9408-d74f6a32f32f|rpc:10.1.0.17:45445|dataStream:|priority:1, 10656556-265e-4307-9f78-5b96f7074e5c|rpc:10.1.0.17:34937|dataStream:|priority:0, c538bd0d-a22c-47f3-9c5c-aa06a1234548|rpc:10.1.0.17:40341|dataStream:|priority:0], old=null
2022-06-24 01:39:09,350 [10656556-265e-4307-9f78-5b96f7074e5c-server-thread1] INFO  server.RaftServer$Division (ServerState.java:setRaftConf(393)) - 10656556-265e-4307-9f78-5b96f7074e5c@group-E8B1E51486E2: set configuration 0: [9ae5d421-0cc7-487c-9408-d74f6a32f32f|rpc:10.1.0.17:45445|dataStream:|priority:1, 10656556-265e-4307-9f78-5b96f7074e5c|rpc:10.1.0.17:34937|dataStream:|priority:0, c538bd0d-a22c-47f3-9c5c-aa06a1234548|rpc:10.1.0.17:40341|dataStream:|priority:0], old=null
2022-06-24 01:39:09,350 [c538bd0d-a22c-47f3-9c5c-aa06a1234548-server-thread1] INFO  segmented.SegmentedRaftLogWorker (SegmentedRaftLogWorker.java:startLogSegment(425)) - c538bd0d-a22c-47f3-9c5c-aa06a1234548@group-E8B1E51486E2-SegmentedRaftLogWorker: Starting segment from index:0
2022-06-24 01:39:09,350 [10656556-265e-4307-9f78-5b96f7074e5c-server-thread1] INFO  segmented.SegmentedRaftLogWorker (SegmentedRaftLogWorker.java:startLogSegment(425)) - 10656556-265e-4307-9f78-5b96f7074e5c@group-E8B1E51486E2-SegmentedRaftLogWorker: Starting segment from index:0
2022-06-24 01:39:09,353 [c538bd0d-a22c-47f3-9c5c-aa06a1234548@group-E8B1E51486E2-SegmentedRaftLogWorker] INFO  segmented.SegmentedRaftLogWorker (SegmentedRaftLogWorker.java:execute(629)) - c538bd0d-a22c-47f3-9c5c-aa06a1234548@group-E8B1E51486E2-SegmentedRaftLogWorker: created new log segment /home/runner/work/ozone/ozone/hadoop-ozone/integration-test/target/test-dir/MiniOzoneClusterImpl-c155f79f-1502-4c37-8e24-0bbcb716cadf/datanode-1/data/ratis/78300cc8-5089-4f0b-8b26-e8b1e51486e2/current/log_inprogress_0
2022-06-24 01:39:09,353 [10656556-265e-4307-9f78-5b96f7074e5c@group-E8B1E51486E2-SegmentedRaftLogWorker] INFO  segmented.SegmentedRaftLogWorker (SegmentedRaftLogWorker.java:execute(629)) - 10656556-265e-4307-9f78-5b96f7074e5c@group-E8B1E51486E2-SegmentedRaftLogWorker: created new log segment /home/runner/work/ozone/ozone/hadoop-ozone/integration-test/target/test-dir/MiniOzoneClusterImpl-c155f79f-1502-4c37-8e24-0bbcb716cadf/datanode-2/data/ratis/78300cc8-5089-4f0b-8b26-e8b1e51486e2/current/log_inprogress_0
2022-06-24 01:39:09,661 [c538bd0d-a22c-47f3-9c5c-aa06a1234548@group-4A81EF49CA14-FollowerState] INFO  impl.FollowerState (FollowerState.java:run(143)) - c538bd0d-a22c-47f3-9c5c-aa06a1234548@group-4A81EF49CA14-FollowerState: change to CANDIDATE, lastRpcElapsedTime:5046129035ns, electionTimeout:5039ms
2022-06-24 01:39:09,662 [c538bd0d-a22c-47f3-9c5c-aa06a1234548@group-4A81EF49CA14-FollowerState] INFO  impl.RoleInfo (RoleInfo.java:shutdownFollowerState(110)) - c538bd0d-a22c-47f3-9c5c-aa06a1234548: shutdown c538bd0d-a22c-47f3-9c5c-aa06a1234548@group-4A81EF49CA14-FollowerState
2022-06-24 01:39:09,662 [c538bd0d-a22c-47f3-9c5c-aa06a1234548@group-4A81EF49CA14-FollowerState] INFO  server.RaftServer$Division (RaftServerImpl.java:setRole(299)) - c538bd0d-a22c-47f3-9c5c-aa06a1234548@group-4A81EF49CA14: changes role from  FOLLOWER to CANDIDATE at term 0 for changeToCandidate
2022-06-24 01:39:09,662 [c538bd0d-a22c-47f3-9c5c-aa06a1234548@group-4A81EF49CA14-FollowerState] INFO  server.RaftServerConfigKeys (ConfUtils.java:logGet(46)) - raft.server.leaderelection.pre-vote = false (custom)
2022-06-24 01:39:09,662 [c538bd0d-a22c-47f3-9c5c-aa06a1234548@group-4A81EF49CA14-FollowerState] INFO  impl.RoleInfo (RoleInfo.java:updateAndGet(139)) - c538bd0d-a22c-47f3-9c5c-aa06a1234548: start c538bd0d-a22c-47f3-9c5c-aa06a1234548@group-4A81EF49CA14-LeaderElection4
2022-06-24 01:39:09,667 [c538bd0d-a22c-47f3-9c5c-aa06a1234548@group-4A81EF49CA14-LeaderElection4] INFO  impl.LeaderElection (LeaderElection.java:askForVotes(310)) - c538bd0d-a22c-47f3-9c5c-aa06a1234548@group-4A81EF49CA14-LeaderElection4 ELECTION round 0: submit vote requests at term 1 for -1: [c538bd0d-a22c-47f3-9c5c-aa06a1234548|rpc:10.1.0.17:40341|priority:1], old=null
2022-06-24 01:39:09,667 [c538bd0d-a22c-47f3-9c5c-aa06a1234548@group-4A81EF49CA14-LeaderElection4] INFO  impl.LeaderElection (LeaderElection.java:askForVotes(312)) - c538bd0d-a22c-47f3-9c5c-aa06a1234548@group-4A81EF49CA14-LeaderElection4 ELECTION round 0: result PASSED (term=1)
2022-06-24 01:39:09,667 [c538bd0d-a22c-47f3-9c5c-aa06a1234548@group-4A81EF49CA14-LeaderElection4] INFO  impl.RoleInfo (RoleInfo.java:shutdownLeaderElection(130)) - c538bd0d-a22c-47f3-9c5c-aa06a1234548: shutdown c538bd0d-a22c-47f3-9c5c-aa06a1234548@group-4A81EF49CA14-LeaderElection4
2022-06-24 01:39:09,668 [c538bd0d-a22c-47f3-9c5c-aa06a1234548@group-4A81EF49CA14-LeaderElection4] INFO  server.RaftServer$Division (RaftServerImpl.java:setRole(299)) - c538bd0d-a22c-47f3-9c5c-aa06a1234548@group-4A81EF49CA14: changes role from CANDIDATE to LEADER at term 1 for changeToLeader
2022-06-24 01:39:09,668 [c538bd0d-a22c-47f3-9c5c-aa06a1234548@group-4A81EF49CA14-LeaderElection4] INFO  ratis.XceiverServerRatis (XceiverServerRatis.java:handleLeaderChangedNotification(863)) - Leader change notification received for group: group-4A81EF49CA14 with new leaderId: c538bd0d-a22c-47f3-9c5c-aa06a1234548
2022-06-24 01:39:09,668 [c538bd0d-a22c-47f3-9c5c-aa06a1234548@group-4A81EF49CA14-LeaderElection4] INFO  server.RaftServer$Division (ServerState.java:setLeader(287)) - c538bd0d-a22c-47f3-9c5c-aa06a1234548@group-4A81EF49CA14: change Leader from null to c538bd0d-a22c-47f3-9c5c-aa06a1234548 at term 1 for becomeLeader, leader elected after 5070ms
2022-06-24 01:39:09,668 [c538bd0d-a22c-47f3-9c5c-aa06a1234548@group-4A81EF49CA14-LeaderElection4] INFO  server.RaftServerConfigKeys (ConfUtils.java:logGet(46)) - raft.server.staging.catchup.gap = 1000 (default)
2022-06-24 01:39:09,668 [c538bd0d-a22c-47f3-9c5c-aa06a1234548@group-4A81EF49CA14-LeaderElection4] INFO  server.RaftServerConfigKeys (ConfUtils.java:logGet(46)) - raft.server.write.element-limit = 1024 (custom)
2022-06-24 01:39:09,669 [c538bd0d-a22c-47f3-9c5c-aa06a1234548@group-4A81EF49CA14-LeaderElection4] INFO  server.RaftServerConfigKeys (ConfUtils.java:logGet(46)) - raft.server.write.byte-limit = 1024 M (=1073741824) (custom)
2022-06-24 01:39:09,669 [c538bd0d-a22c-47f3-9c5c-aa06a1234548@group-4A81EF49CA14-LeaderElection4] INFO  server.RaftServerConfigKeys (ConfUtils.java:logGet(46)) - raft.server.watch.timeout = 180s (custom)
2022-06-24 01:39:09,669 [c538bd0d-a22c-47f3-9c5c-aa06a1234548@group-4A81EF49CA14-LeaderElection4] INFO  server.RaftServerConfigKeys (ConfUtils.java:logGet(46)) - raft.server.watch.timeout.denomination = 1s (default)
2022-06-24 01:39:09,669 [c538bd0d-a22c-47f3-9c5c-aa06a1234548@group-4A81EF49CA14-LeaderElection4] INFO  server.RaftServerConfigKeys (ConfUtils.java:logGet(46)) - raft.server.watch.element-limit = 65536 (default)
2022-06-24 01:39:09,669 [c538bd0d-a22c-47f3-9c5c-aa06a1234548@group-4A81EF49CA14-LeaderElection4] INFO  server.RaftServerConfigKeys (ConfUtils.java:logGet(46)) - raft.server.write.element-limit = 1024 (custom)
2022-06-24 01:39:09,669 [c538bd0d-a22c-47f3-9c5c-aa06a1234548@group-4A81EF49CA14-LeaderElection4] INFO  server.RaftServerConfigKeys (ConfUtils.java:logGet(46)) - raft.server.write.follower.gap.ratio.max = -1.0 (default)
2022-06-24 01:39:09,670 [c538bd0d-a22c-47f3-9c5c-aa06a1234548@group-4A81EF49CA14-LeaderElection4] INFO  impl.RoleInfo (RoleInfo.java:updateAndGet(139)) - c538bd0d-a22c-47f3-9c5c-aa06a1234548: start c538bd0d-a22c-47f3-9c5c-aa06a1234548@group-4A81EF49CA14-LeaderStateImpl
2022-06-24 01:39:09,670 [c538bd0d-a22c-47f3-9c5c-aa06a1234548@group-4A81EF49CA14-LeaderElection4] INFO  segmented.SegmentedRaftLogWorker (SegmentedRaftLogWorker.java:startLogSegment(425)) - c538bd0d-a22c-47f3-9c5c-aa06a1234548@group-4A81EF49CA14-SegmentedRaftLogWorker: Starting segment from index:0
2022-06-24 01:39:09,672 [c538bd0d-a22c-47f3-9c5c-aa06a1234548@group-4A81EF49CA14-SegmentedRaftLogWorker] INFO  segmented.SegmentedRaftLogWorker (SegmentedRaftLogWorker.java:execute(629)) - c538bd0d-a22c-47f3-9c5c-aa06a1234548@group-4A81EF49CA14-SegmentedRaftLogWorker: created new log segment /home/runner/work/ozone/ozone/hadoop-ozone/integration-test/target/test-dir/MiniOzoneClusterImpl-c155f79f-1502-4c37-8e24-0bbcb716cadf/datanode-1/data/ratis/f8ca4e24-9d6d-4256-b7f6-4a81ef49ca14/current/log_inprogress_0
2022-06-24 01:39:09,674 [c538bd0d-a22c-47f3-9c5c-aa06a1234548@group-4A81EF49CA14-LeaderElection4] INFO  server.RaftServer$Division (ServerState.java:setRaftConf(393)) - c538bd0d-a22c-47f3-9c5c-aa06a1234548@group-4A81EF49CA14: set configuration 0: [c538bd0d-a22c-47f3-9c5c-aa06a1234548|rpc:10.1.0.17:40341|dataStream:|priority:1], old=null
2022-06-24 01:39:09,697 [Listener at 127.0.0.1/44735] INFO  ozone.MiniOzoneClusterImpl (MiniOzoneClusterImpl.java:lambda$waitForClusterToBeReady$0(223)) - Nodes are ready. Got 5 of 5 DN Heartbeats.
2022-06-24 01:39:09,697 [Listener at 127.0.0.1/44735] INFO  ozone.MiniOzoneClusterImpl (MiniOzoneClusterImpl.java:lambda$waitForClusterToBeReady$0(226)) - Cluster exits safe mode
2022-06-24 01:39:09,697 [Listener at 127.0.0.1/44735] INFO  ozone.MiniOzoneClusterImpl (MiniOzoneClusterImpl.java:lambda$waitForClusterToBeReady$0(228)) - SCM became leader
2022-06-24 01:39:09,962 [c538bd0d-a22c-47f3-9c5c-aa06a1234548@group-3FBFF2FD50C3-FollowerState] INFO  impl.FollowerState (FollowerState.java:run(143)) - c538bd0d-a22c-47f3-9c5c-aa06a1234548@group-3FBFF2FD50C3-FollowerState: change to CANDIDATE, lastRpcElapsedTime:5020750872ns, electionTimeout:5010ms
2022-06-24 01:39:09,963 [c538bd0d-a22c-47f3-9c5c-aa06a1234548@group-3FBFF2FD50C3-FollowerState] INFO  impl.RoleInfo (RoleInfo.java:shutdownFollowerState(110)) - c538bd0d-a22c-47f3-9c5c-aa06a1234548: shutdown c538bd0d-a22c-47f3-9c5c-aa06a1234548@group-3FBFF2FD50C3-FollowerState
2022-06-24 01:39:09,963 [c538bd0d-a22c-47f3-9c5c-aa06a1234548@group-3FBFF2FD50C3-FollowerState] INFO  server.RaftServer$Division (RaftServerImpl.java:setRole(299)) - c538bd0d-a22c-47f3-9c5c-aa06a1234548@group-3FBFF2FD50C3: changes role from  FOLLOWER to CANDIDATE at term 0 for changeToCandidate
2022-06-24 01:39:09,963 [c538bd0d-a22c-47f3-9c5c-aa06a1234548@group-3FBFF2FD50C3-FollowerState] INFO  server.RaftServerConfigKeys (ConfUtils.java:logGet(46)) - raft.server.leaderelection.pre-vote = false (custom)
2022-06-24 01:39:09,963 [c538bd0d-a22c-47f3-9c5c-aa06a1234548@group-3FBFF2FD50C3-FollowerState] INFO  impl.RoleInfo (RoleInfo.java:updateAndGet(139)) - c538bd0d-a22c-47f3-9c5c-aa06a1234548: start c538bd0d-a22c-47f3-9c5c-aa06a1234548@group-3FBFF2FD50C3-LeaderElection5
2022-06-24 01:39:09,975 [c538bd0d-a22c-47f3-9c5c-aa06a1234548@group-3FBFF2FD50C3-LeaderElection5] INFO  impl.LeaderElection (LeaderElection.java:askForVotes(310)) - c538bd0d-a22c-47f3-9c5c-aa06a1234548@group-3FBFF2FD50C3-LeaderElection5 ELECTION round 0: submit vote requests at term 1 for -1: [9ae5d421-0cc7-487c-9408-d74f6a32f32f|rpc:10.1.0.17:45445|priority:0, 10656556-265e-4307-9f78-5b96f7074e5c|rpc:10.1.0.17:34937|priority:0, c538bd0d-a22c-47f3-9c5c-aa06a1234548|rpc:10.1.0.17:40341|priority:1], old=null
2022-06-24 01:39:10,010 [grpc-default-executor-3] INFO  server.RaftServer$Division (RaftServerImpl.java:requestVote(1152)) - 9ae5d421-0cc7-487c-9408-d74f6a32f32f@group-3FBFF2FD50C3: receive requestVote(ELECTION, c538bd0d-a22c-47f3-9c5c-aa06a1234548, group-3FBFF2FD50C3, 1, (t:0, i:0))
2022-06-24 01:39:10,010 [grpc-default-executor-2] INFO  server.RaftServer$Division (RaftServerImpl.java:requestVote(1152)) - 10656556-265e-4307-9f78-5b96f7074e5c@group-3FBFF2FD50C3: receive requestVote(ELECTION, c538bd0d-a22c-47f3-9c5c-aa06a1234548, group-3FBFF2FD50C3, 1, (t:0, i:0))
2022-06-24 01:39:10,011 [grpc-default-executor-2] INFO  impl.VoteContext (VoteContext.java:log(48)) - 10656556-265e-4307-9f78-5b96f7074e5c@group-3FBFF2FD50C3-FOLLOWER: accept ELECTION from c538bd0d-a22c-47f3-9c5c-aa06a1234548: our priority 0 <= candidate's priority 1
2022-06-24 01:39:10,011 [grpc-default-executor-2] INFO  server.RaftServer$Division (RaftServerImpl.java:setRole(299)) - 10656556-265e-4307-9f78-5b96f7074e5c@group-3FBFF2FD50C3: changes role from  FOLLOWER to FOLLOWER at term 1 for candidate:c538bd0d-a22c-47f3-9c5c-aa06a1234548
2022-06-24 01:39:10,011 [grpc-default-executor-2] INFO  impl.RoleInfo (RoleInfo.java:shutdownFollowerState(110)) - 10656556-265e-4307-9f78-5b96f7074e5c: shutdown 10656556-265e-4307-9f78-5b96f7074e5c@group-3FBFF2FD50C3-FollowerState
2022-06-24 01:39:10,011 [grpc-default-executor-2] INFO  impl.RoleInfo (RoleInfo.java:updateAndGet(139)) - 10656556-265e-4307-9f78-5b96f7074e5c: start 10656556-265e-4307-9f78-5b96f7074e5c@group-3FBFF2FD50C3-FollowerState
2022-06-24 01:39:10,011 [10656556-265e-4307-9f78-5b96f7074e5c@group-3FBFF2FD50C3-FollowerState] INFO  impl.FollowerState (FollowerState.java:run(152)) - 10656556-265e-4307-9f78-5b96f7074e5c@group-3FBFF2FD50C3-FollowerState was interrupted
2022-06-24 01:39:10,010 [grpc-default-executor-3] INFO  impl.VoteContext (VoteContext.java:log(48)) - 9ae5d421-0cc7-487c-9408-d74f6a32f32f@group-3FBFF2FD50C3-FOLLOWER: accept ELECTION from c538bd0d-a22c-47f3-9c5c-aa06a1234548: our priority 0 <= candidate's priority 1
2022-06-24 01:39:10,011 [grpc-default-executor-3] INFO  server.RaftServer$Division (RaftServerImpl.java:setRole(299)) - 9ae5d421-0cc7-487c-9408-d74f6a32f32f@group-3FBFF2FD50C3: changes role from  FOLLOWER to FOLLOWER at term 1 for candidate:c538bd0d-a22c-47f3-9c5c-aa06a1234548
2022-06-24 01:39:10,011 [grpc-default-executor-3] INFO  impl.RoleInfo (RoleInfo.java:shutdownFollowerState(110)) - 9ae5d421-0cc7-487c-9408-d74f6a32f32f: shutdown 9ae5d421-0cc7-487c-9408-d74f6a32f32f@group-3FBFF2FD50C3-FollowerState
2022-06-24 01:39:10,013 [grpc-default-executor-2] INFO  server.RaftServer$Division (RaftServerImpl.java:requestVote(1184)) - 10656556-265e-4307-9f78-5b96f7074e5c@group-3FBFF2FD50C3 replies to ELECTION vote request: c538bd0d-a22c-47f3-9c5c-aa06a1234548<-10656556-265e-4307-9f78-5b96f7074e5c#0:OK-t1. Peer's state: 10656556-265e-4307-9f78-5b96f7074e5c@group-3FBFF2FD50C3:t1, leader=null, voted=c538bd0d-a22c-47f3-9c5c-aa06a1234548, raftlog=10656556-265e-4307-9f78-5b96f7074e5c@group-3FBFF2FD50C3-SegmentedRaftLog:OPENED:c-1, conf=-1: [9ae5d421-0cc7-487c-9408-d74f6a32f32f|rpc:10.1.0.17:45445|dataStream:|priority:0, 10656556-265e-4307-9f78-5b96f7074e5c|rpc:10.1.0.17:34937|dataStream:|priority:0, c538bd0d-a22c-47f3-9c5c-aa06a1234548|rpc:10.1.0.17:40341|dataStream:|priority:1], old=null
2022-06-24 01:39:10,014 [10656556-265e-4307-9f78-5b96f7074e5c@group-F053AA8513AD-FollowerState] INFO  impl.FollowerState (FollowerState.java:run(143)) - 10656556-265e-4307-9f78-5b96f7074e5c@group-F053AA8513AD-FollowerState: change to CANDIDATE, lastRpcElapsedTime:5011799150ns, electionTimeout:5010ms
2022-06-24 01:39:10,014 [10656556-265e-4307-9f78-5b96f7074e5c@group-F053AA8513AD-FollowerState] INFO  impl.RoleInfo (RoleInfo.java:shutdownFollowerState(110)) - 10656556-265e-4307-9f78-5b96f7074e5c: shutdown 10656556-265e-4307-9f78-5b96f7074e5c@group-F053AA8513AD-FollowerState
2022-06-24 01:39:10,014 [10656556-265e-4307-9f78-5b96f7074e5c@group-F053AA8513AD-FollowerState] INFO  server.RaftServer$Division (RaftServerImpl.java:setRole(299)) - 10656556-265e-4307-9f78-5b96f7074e5c@group-F053AA8513AD: changes role from  FOLLOWER to CANDIDATE at term 0 for changeToCandidate
2022-06-24 01:39:10,014 [10656556-265e-4307-9f78-5b96f7074e5c@group-F053AA8513AD-FollowerState] INFO  server.RaftServerConfigKeys (ConfUtils.java:logGet(46)) - raft.server.leaderelection.pre-vote = false (custom)
2022-06-24 01:39:10,014 [10656556-265e-4307-9f78-5b96f7074e5c@group-F053AA8513AD-FollowerState] INFO  impl.RoleInfo (RoleInfo.java:updateAndGet(139)) - 10656556-265e-4307-9f78-5b96f7074e5c: start 10656556-265e-4307-9f78-5b96f7074e5c@group-F053AA8513AD-LeaderElection6
2022-06-24 01:39:10,019 [grpc-default-executor-3] INFO  impl.RoleInfo (RoleInfo.java:updateAndGet(139)) - 9ae5d421-0cc7-487c-9408-d74f6a32f32f: start 9ae5d421-0cc7-487c-9408-d74f6a32f32f@group-3FBFF2FD50C3-FollowerState
2022-06-24 01:39:10,020 [c538bd0d-a22c-47f3-9c5c-aa06a1234548@group-3FBFF2FD50C3-LeaderElection5] INFO  impl.LeaderElection (LeaderElection.java:logAndReturn(90)) - c538bd0d-a22c-47f3-9c5c-aa06a1234548@group-3FBFF2FD50C3-LeaderElection5: ELECTION PASSED received 1 response(s) and 0 exception(s):
2022-06-24 01:39:10,019 [9ae5d421-0cc7-487c-9408-d74f6a32f32f@group-3FBFF2FD50C3-FollowerState] INFO  impl.FollowerState (FollowerState.java:run(152)) - 9ae5d421-0cc7-487c-9408-d74f6a32f32f@group-3FBFF2FD50C3-FollowerState was interrupted
2022-06-24 01:39:10,020 [c538bd0d-a22c-47f3-9c5c-aa06a1234548@group-3FBFF2FD50C3-LeaderElection5] INFO  impl.LeaderElection (LeaderElection.java:logAndReturn(94)) -   Response 0: c538bd0d-a22c-47f3-9c5c-aa06a1234548<-10656556-265e-4307-9f78-5b96f7074e5c#0:OK-t1
2022-06-24 01:39:10,021 [c538bd0d-a22c-47f3-9c5c-aa06a1234548@group-3FBFF2FD50C3-LeaderElection5] INFO  impl.LeaderElection (LeaderElection.java:askForVotes(312)) - c538bd0d-a22c-47f3-9c5c-aa06a1234548@group-3FBFF2FD50C3-LeaderElection5 ELECTION round 0: result PASSED
2022-06-24 01:39:10,021 [c538bd0d-a22c-47f3-9c5c-aa06a1234548@group-3FBFF2FD50C3-LeaderElection5] INFO  impl.RoleInfo (RoleInfo.java:shutdownLeaderElection(130)) - c538bd0d-a22c-47f3-9c5c-aa06a1234548: shutdown c538bd0d-a22c-47f3-9c5c-aa06a1234548@group-3FBFF2FD50C3-LeaderElection5
2022-06-24 01:39:10,021 [c538bd0d-a22c-47f3-9c5c-aa06a1234548@group-3FBFF2FD50C3-LeaderElection5] INFO  server.RaftServer$Division (RaftServerImpl.java:setRole(299)) - c538bd0d-a22c-47f3-9c5c-aa06a1234548@group-3FBFF2FD50C3: changes role from CANDIDATE to LEADER at term 1 for changeToLeader
2022-06-24 01:39:10,021 [c538bd0d-a22c-47f3-9c5c-aa06a1234548@group-3FBFF2FD50C3-LeaderElection5] INFO  ratis.XceiverServerRatis (XceiverServerRatis.java:handleLeaderChangedNotification(863)) - Leader change notification received for group: group-3FBFF2FD50C3 with new leaderId: c538bd0d-a22c-47f3-9c5c-aa06a1234548
2022-06-24 01:39:10,022 [c538bd0d-a22c-47f3-9c5c-aa06a1234548@group-3FBFF2FD50C3-LeaderElection5] INFO  server.RaftServer$Division (ServerState.java:setLeader(287)) - c538bd0d-a22c-47f3-9c5c-aa06a1234548@group-3FBFF2FD50C3: change Leader from null to c538bd0d-a22c-47f3-9c5c-aa06a1234548 at term 1 for becomeLeader, leader elected after 5100ms
2022-06-24 01:39:10,022 [c538bd0d-a22c-47f3-9c5c-aa06a1234548@group-3FBFF2FD50C3-LeaderElection5] INFO  server.RaftServerConfigKeys (ConfUtils.java:logGet(46)) - raft.server.staging.catchup.gap = 1000 (default)
2022-06-24 01:39:10,022 [c538bd0d-a22c-47f3-9c5c-aa06a1234548@group-3FBFF2FD50C3-LeaderElection5] INFO  server.RaftServerConfigKeys (ConfUtils.java:logGet(46)) - raft.server.write.element-limit = 1024 (custom)
2022-06-24 01:39:10,022 [c538bd0d-a22c-47f3-9c5c-aa06a1234548@group-3FBFF2FD50C3-LeaderElection5] INFO  server.RaftServerConfigKeys (ConfUtils.java:logGet(46)) - raft.server.write.byte-limit = 1024 M (=1073741824) (custom)
2022-06-24 01:39:10,022 [c538bd0d-a22c-47f3-9c5c-aa06a1234548@group-3FBFF2FD50C3-LeaderElection5] INFO  server.RaftServerConfigKeys (ConfUtils.java:logGet(46)) - raft.server.watch.timeout = 180s (custom)
2022-06-24 01:39:10,023 [c538bd0d-a22c-47f3-9c5c-aa06a1234548@group-3FBFF2FD50C3-LeaderElection5] INFO  server.RaftServerConfigKeys (ConfUtils.java:logGet(46)) - raft.server.watch.timeout.denomination = 1s (default)
2022-06-24 01:39:10,023 [c538bd0d-a22c-47f3-9c5c-aa06a1234548@group-3FBFF2FD50C3-LeaderElection5] INFO  server.RaftServerConfigKeys (ConfUtils.java:logGet(46)) - raft.server.watch.element-limit = 65536 (default)
2022-06-24 01:39:10,023 [c538bd0d-a22c-47f3-9c5c-aa06a1234548@group-3FBFF2FD50C3-LeaderElection5] INFO  server.RaftServerConfigKeys (ConfUtils.java:logGet(46)) - raft.server.write.element-limit = 1024 (custom)
2022-06-24 01:39:10,023 [c538bd0d-a22c-47f3-9c5c-aa06a1234548@group-3FBFF2FD50C3-LeaderElection5] INFO  server.RaftServerConfigKeys (ConfUtils.java:logGet(46)) - raft.server.write.follower.gap.ratio.max = -1.0 (default)
2022-06-24 01:39:10,027 [c538bd0d-a22c-47f3-9c5c-aa06a1234548@group-3FBFF2FD50C3-LeaderElection5] INFO  server.RaftServerConfigKeys (ConfUtils.java:logGet(46)) - raft.server.log.appender.snapshot.chunk.size.max = 16MB (=16777216) (default)
2022-06-24 01:39:10,027 [c538bd0d-a22c-47f3-9c5c-aa06a1234548@group-3FBFF2FD50C3-LeaderElection5] INFO  server.RaftServerConfigKeys (ConfUtils.java:logGet(46)) - raft.server.log.appender.buffer.byte-limit = 33554432 (custom)
2022-06-24 01:39:10,028 [c538bd0d-a22c-47f3-9c5c-aa06a1234548@group-3FBFF2FD50C3-LeaderElection5] INFO  server.RaftServerConfigKeys (ConfUtils.java:logGet(46)) - raft.server.log.appender.buffer.element-limit = 1 (custom)
2022-06-24 01:39:10,028 [grpc-default-executor-3] INFO  server.RaftServer$Division (RaftServerImpl.java:requestVote(1184)) - 9ae5d421-0cc7-487c-9408-d74f6a32f32f@group-3FBFF2FD50C3 replies to ELECTION vote request: c538bd0d-a22c-47f3-9c5c-aa06a1234548<-9ae5d421-0cc7-487c-9408-d74f6a32f32f#0:OK-t1. Peer's state: 9ae5d421-0cc7-487c-9408-d74f6a32f32f@group-3FBFF2FD50C3:t1, leader=null, voted=c538bd0d-a22c-47f3-9c5c-aa06a1234548, raftlog=9ae5d421-0cc7-487c-9408-d74f6a32f32f@group-3FBFF2FD50C3-SegmentedRaftLog:OPENED:c-1, conf=-1: [9ae5d421-0cc7-487c-9408-d74f6a32f32f|rpc:10.1.0.17:45445|priority:0, 10656556-265e-4307-9f78-5b96f7074e5c|rpc:10.1.0.17:34937|priority:0, c538bd0d-a22c-47f3-9c5c-aa06a1234548|rpc:10.1.0.17:40341|priority:1], old=null
2022-06-24 01:39:10,029 [10656556-265e-4307-9f78-5b96f7074e5c@group-F053AA8513AD-LeaderElection6] INFO  impl.LeaderElection (LeaderElection.java:askForVotes(310)) - 10656556-265e-4307-9f78-5b96f7074e5c@group-F053AA8513AD-LeaderElection6 ELECTION round 0: submit vote requests at term 1 for -1: [10656556-265e-4307-9f78-5b96f7074e5c|rpc:10.1.0.17:34937|priority:1], old=null
2022-06-24 01:39:10,029 [10656556-265e-4307-9f78-5b96f7074e5c@group-F053AA8513AD-LeaderElection6] INFO  impl.LeaderElection (LeaderElection.java:askForVotes(312)) - 10656556-265e-4307-9f78-5b96f7074e5c@group-F053AA8513AD-LeaderElection6 ELECTION round 0: result PASSED (term=1)
2022-06-24 01:39:10,029 [10656556-265e-4307-9f78-5b96f7074e5c@group-F053AA8513AD-LeaderElection6] INFO  impl.RoleInfo (RoleInfo.java:shutdownLeaderElection(130)) - 10656556-265e-4307-9f78-5b96f7074e5c: shutdown 10656556-265e-4307-9f78-5b96f7074e5c@group-F053AA8513AD-LeaderElection6
2022-06-24 01:39:10,029 [10656556-265e-4307-9f78-5b96f7074e5c@group-F053AA8513AD-LeaderElection6] INFO  server.RaftServer$Division (RaftServerImpl.java:setRole(299)) - 10656556-265e-4307-9f78-5b96f7074e5c@group-F053AA8513AD: changes role from CANDIDATE to LEADER at term 1 for changeToLeader
2022-06-24 01:39:10,029 [10656556-265e-4307-9f78-5b96f7074e5c@group-F053AA8513AD-LeaderElection6] INFO  ratis.XceiverServerRatis (XceiverServerRatis.java:handleLeaderChangedNotification(863)) - Leader change notification received for group: group-F053AA8513AD with new leaderId: 10656556-265e-4307-9f78-5b96f7074e5c
2022-06-24 01:39:10,030 [10656556-265e-4307-9f78-5b96f7074e5c@group-F053AA8513AD-LeaderElection6] INFO  server.RaftServer$Division (ServerState.java:setLeader(287)) - 10656556-265e-4307-9f78-5b96f7074e5c@group-F053AA8513AD: change Leader from null to 10656556-265e-4307-9f78-5b96f7074e5c at term 1 for becomeLeader, leader elected after 5059ms
2022-06-24 01:39:10,030 [10656556-265e-4307-9f78-5b96f7074e5c@group-F053AA8513AD-LeaderElection6] INFO  server.RaftServerConfigKeys (ConfUtils.java:logGet(46)) - raft.server.staging.catchup.gap = 1000 (default)
2022-06-24 01:39:10,030 [10656556-265e-4307-9f78-5b96f7074e5c@group-F053AA8513AD-LeaderElection6] INFO  server.RaftServerConfigKeys (ConfUtils.java:logGet(46)) - raft.server.write.element-limit = 1024 (custom)
2022-06-24 01:39:10,030 [10656556-265e-4307-9f78-5b96f7074e5c@group-F053AA8513AD-LeaderElection6] INFO  server.RaftServerConfigKeys (ConfUtils.java:logGet(46)) - raft.server.write.byte-limit = 1024 M (=1073741824) (custom)
2022-06-24 01:39:10,030 [10656556-265e-4307-9f78-5b96f7074e5c@group-F053AA8513AD-LeaderElection6] INFO  server.RaftServerConfigKeys (ConfUtils.java:logGet(46)) - raft.server.watch.timeout = 180s (custom)
2022-06-24 01:39:10,031 [10656556-265e-4307-9f78-5b96f7074e5c@group-F053AA8513AD-LeaderElection6] INFO  server.RaftServerConfigKeys (ConfUtils.java:logGet(46)) - raft.server.watch.timeout.denomination = 1s (default)
2022-06-24 01:39:10,031 [10656556-265e-4307-9f78-5b96f7074e5c@group-F053AA8513AD-LeaderElection6] INFO  server.RaftServerConfigKeys (ConfUtils.java:logGet(46)) - raft.server.watch.element-limit = 65536 (default)
2022-06-24 01:39:10,031 [10656556-265e-4307-9f78-5b96f7074e5c@group-F053AA8513AD-LeaderElection6] INFO  server.RaftServerConfigKeys (ConfUtils.java:logGet(46)) - raft.server.write.element-limit = 1024 (custom)
2022-06-24 01:39:10,031 [10656556-265e-4307-9f78-5b96f7074e5c@group-F053AA8513AD-LeaderElection6] INFO  server.RaftServerConfigKeys (ConfUtils.java:logGet(46)) - raft.server.write.follower.gap.ratio.max = -1.0 (default)
2022-06-24 01:39:10,031 [10656556-265e-4307-9f78-5b96f7074e5c@group-F053AA8513AD-LeaderElection6] INFO  impl.RoleInfo (RoleInfo.java:updateAndGet(139)) - 10656556-265e-4307-9f78-5b96f7074e5c: start 10656556-265e-4307-9f78-5b96f7074e5c@group-F053AA8513AD-LeaderStateImpl
2022-06-24 01:39:10,031 [10656556-265e-4307-9f78-5b96f7074e5c@group-F053AA8513AD-LeaderElection6] INFO  segmented.SegmentedRaftLogWorker (SegmentedRaftLogWorker.java:startLogSegment(425)) - 10656556-265e-4307-9f78-5b96f7074e5c@group-F053AA8513AD-SegmentedRaftLogWorker: Starting segment from index:0
2022-06-24 01:39:10,033 [10656556-265e-4307-9f78-5b96f7074e5c@group-F053AA8513AD-SegmentedRaftLogWorker] INFO  segmented.SegmentedRaftLogWorker (SegmentedRaftLogWorker.java:execute(629)) - 10656556-265e-4307-9f78-5b96f7074e5c@group-F053AA8513AD-SegmentedRaftLogWorker: created new log segment /home/runner/work/ozone/ozone/hadoop-ozone/integration-test/target/test-dir/MiniOzoneClusterImpl-c155f79f-1502-4c37-8e24-0bbcb716cadf/datanode-2/data/ratis/d4101368-3b7e-43cd-a606-f053aa8513ad/current/log_inprogress_0
2022-06-24 01:39:10,044 [10656556-265e-4307-9f78-5b96f7074e5c@group-F053AA8513AD-LeaderElection6] INFO  server.RaftServer$Division (ServerState.java:setRaftConf(393)) - 10656556-265e-4307-9f78-5b96f7074e5c@group-F053AA8513AD: set configuration 0: [10656556-265e-4307-9f78-5b96f7074e5c|rpc:10.1.0.17:34937|dataStream:|priority:1], old=null
2022-06-24 01:39:10,028 [c538bd0d-a22c-47f3-9c5c-aa06a1234548@group-3FBFF2FD50C3-LeaderElection5] INFO  grpc.GrpcConfigKeys (ConfUtils.java:logGet(46)) - raft.grpc.server.leader.outstanding.appends.max = 128 (default)
2022-06-24 01:39:10,044 [c538bd0d-a22c-47f3-9c5c-aa06a1234548@group-3FBFF2FD50C3-LeaderElection5] INFO  server.RaftServerConfigKeys (ConfUtils.java:logGet(46)) - raft.server.rpc.request.timeout = 60s (custom)
2022-06-24 01:39:10,044 [c538bd0d-a22c-47f3-9c5c-aa06a1234548@group-3FBFF2FD50C3-LeaderElection5] INFO  server.RaftServerConfigKeys (ConfUtils.java:logGet(46)) - raft.server.log.appender.install.snapshot.enabled = false (custom)
2022-06-24 01:39:10,048 [c538bd0d-a22c-47f3-9c5c-aa06a1234548@group-3FBFF2FD50C3-LeaderElection5] INFO  server.RaftServerConfigKeys (ConfUtils.java:logGet(46)) - raft.server.log.appender.snapshot.chunk.size.max = 16MB (=16777216) (default)
2022-06-24 01:39:10,048 [c538bd0d-a22c-47f3-9c5c-aa06a1234548@group-3FBFF2FD50C3-LeaderElection5] INFO  server.RaftServerConfigKeys (ConfUtils.java:logGet(46)) - raft.server.log.appender.buffer.byte-limit = 33554432 (custom)
2022-06-24 01:39:10,048 [c538bd0d-a22c-47f3-9c5c-aa06a1234548@group-3FBFF2FD50C3-LeaderElection5] INFO  server.RaftServerConfigKeys (ConfUtils.java:logGet(46)) - raft.server.log.appender.buffer.element-limit = 1 (custom)
2022-06-24 01:39:10,048 [c538bd0d-a22c-47f3-9c5c-aa06a1234548@group-3FBFF2FD50C3-LeaderElection5] INFO  grpc.GrpcConfigKeys (ConfUtils.java:logGet(46)) - raft.grpc.server.leader.outstanding.appends.max = 128 (default)
2022-06-24 01:39:10,048 [c538bd0d-a22c-47f3-9c5c-aa06a1234548@group-3FBFF2FD50C3-LeaderElection5] INFO  server.RaftServerConfigKeys (ConfUtils.java:logGet(46)) - raft.server.rpc.request.timeout = 60s (custom)
2022-06-24 01:39:10,049 [c538bd0d-a22c-47f3-9c5c-aa06a1234548@group-3FBFF2FD50C3-LeaderElection5] INFO  server.RaftServerConfigKeys (ConfUtils.java:logGet(46)) - raft.server.log.appender.install.snapshot.enabled = false (custom)
2022-06-24 01:39:10,049 [EventQueue-PipelineReportForPipelineReportHandler] INFO  pipeline.PipelineManagerImpl (PipelineManagerImpl.java:openPipeline(358)) - Pipeline Pipeline[ Id: 50de7bc9-526e-410a-919d-3fbff2fd50c3, Nodes: 10656556-265e-4307-9f78-5b96f7074e5c{ip: 10.1.0.17, host: fv-az66-546.vwcdieab4koerntclszyavmfxa.dx.internal.cloudapp.net, ports: [REPLICATION=32887, RATIS=34937, RATIS_ADMIN=34937, RATIS_SERVER=34937, STANDALONE=45331], networkLocation: /default-rack, certSerialId: null, persistedOpState: IN_SERVICE, persistedOpStateExpiryEpochSec: 0}c538bd0d-a22c-47f3-9c5c-aa06a1234548{ip: 10.1.0.17, host: fv-az66-546.vwcdieab4koerntclszyavmfxa.dx.internal.cloudapp.net, ports: [REPLICATION=37121, RATIS=40341, RATIS_ADMIN=40341, RATIS_SERVER=40341, STANDALONE=34721], networkLocation: /default-rack, certSerialId: null, persistedOpState: IN_SERVICE, persistedOpStateExpiryEpochSec: 0}9ae5d421-0cc7-487c-9408-d74f6a32f32f{ip: 10.1.0.17, host: fv-az66-546.vwcdieab4koerntclszyavmfxa.dx.internal.cloudapp.net, ports: [REPLICATION=42287, RATIS=45445, RATIS_ADMIN=45445, RATIS_SERVER=45445, STANDALONE=38423], networkLocation: /default-rack, certSerialId: null, persistedOpState: IN_SERVICE, persistedOpStateExpiryEpochSec: 0}, ReplicationConfig: RATIS/THREE, State:ALLOCATED, leaderId:c538bd0d-a22c-47f3-9c5c-aa06a1234548, CreationTimestamp2022-06-24T01:39:01.985Z[Etc/UTC]] moved to OPEN state
2022-06-24 01:39:10,049 [c538bd0d-a22c-47f3-9c5c-aa06a1234548@group-3FBFF2FD50C3-LeaderElection5] INFO  impl.RoleInfo (RoleInfo.java:updateAndGet(139)) - c538bd0d-a22c-47f3-9c5c-aa06a1234548: start c538bd0d-a22c-47f3-9c5c-aa06a1234548@group-3FBFF2FD50C3-LeaderStateImpl
2022-06-24 01:39:10,049 [c538bd0d-a22c-47f3-9c5c-aa06a1234548@group-3FBFF2FD50C3-LeaderElection5] INFO  segmented.SegmentedRaftLogWorker (SegmentedRaftLogWorker.java:startLogSegment(425)) - c538bd0d-a22c-47f3-9c5c-aa06a1234548@group-3FBFF2FD50C3-SegmentedRaftLogWorker: Starting segment from index:0
2022-06-24 01:39:10,054 [c538bd0d-a22c-47f3-9c5c-aa06a1234548@group-3FBFF2FD50C3-LeaderElection5] INFO  server.RaftServer$Division (ServerState.java:setRaftConf(393)) - c538bd0d-a22c-47f3-9c5c-aa06a1234548@group-3FBFF2FD50C3: set configuration 0: [9ae5d421-0cc7-487c-9408-d74f6a32f32f|rpc:10.1.0.17:45445|dataStream:|priority:0, 10656556-265e-4307-9f78-5b96f7074e5c|rpc:10.1.0.17:34937|dataStream:|priority:0, c538bd0d-a22c-47f3-9c5c-aa06a1234548|rpc:10.1.0.17:40341|dataStream:|priority:1], old=null
2022-06-24 01:39:10,060 [c538bd0d-a22c-47f3-9c5c-aa06a1234548@group-3FBFF2FD50C3-SegmentedRaftLogWorker] INFO  segmented.SegmentedRaftLogWorker (SegmentedRaftLogWorker.java:execute(629)) - c538bd0d-a22c-47f3-9c5c-aa06a1234548@group-3FBFF2FD50C3-SegmentedRaftLogWorker: created new log segment /home/runner/work/ozone/ozone/hadoop-ozone/integration-test/target/test-dir/MiniOzoneClusterImpl-c155f79f-1502-4c37-8e24-0bbcb716cadf/datanode-1/data/ratis/50de7bc9-526e-410a-919d-3fbff2fd50c3/current/log_inprogress_0
2022-06-24 01:39:10,089 [10656556-265e-4307-9f78-5b96f7074e5c-server-thread1] INFO  ratis.XceiverServerRatis (XceiverServerRatis.java:handleLeaderChangedNotification(863)) - Leader change notification received for group: group-3FBFF2FD50C3 with new leaderId: c538bd0d-a22c-47f3-9c5c-aa06a1234548
2022-06-24 01:39:10,089 [10656556-265e-4307-9f78-5b96f7074e5c-server-thread1] INFO  server.RaftServer$Division (ServerState.java:setLeader(287)) - 10656556-265e-4307-9f78-5b96f7074e5c@group-3FBFF2FD50C3: change Leader from null to c538bd0d-a22c-47f3-9c5c-aa06a1234548 at term 1 for appendEntries, leader elected after 5146ms
2022-06-24 01:39:10,098 [10656556-265e-4307-9f78-5b96f7074e5c-server-thread1] INFO  server.RaftServer$Division (ServerState.java:setRaftConf(393)) - 10656556-265e-4307-9f78-5b96f7074e5c@group-3FBFF2FD50C3: set configuration 0: [9ae5d421-0cc7-487c-9408-d74f6a32f32f|rpc:10.1.0.17:45445|dataStream:|priority:0, 10656556-265e-4307-9f78-5b96f7074e5c|rpc:10.1.0.17:34937|dataStream:|priority:0, c538bd0d-a22c-47f3-9c5c-aa06a1234548|rpc:10.1.0.17:40341|dataStream:|priority:1], old=null
2022-06-24 01:39:10,098 [10656556-265e-4307-9f78-5b96f7074e5c-server-thread1] INFO  segmented.SegmentedRaftLogWorker (SegmentedRaftLogWorker.java:startLogSegment(425)) - 10656556-265e-4307-9f78-5b96f7074e5c@group-3FBFF2FD50C3-SegmentedRaftLogWorker: Starting segment from index:0
2022-06-24 01:39:10,099 [10656556-265e-4307-9f78-5b96f7074e5c@group-3FBFF2FD50C3-SegmentedRaftLogWorker] INFO  segmented.SegmentedRaftLogWorker (SegmentedRaftLogWorker.java:execute(629)) - 10656556-265e-4307-9f78-5b96f7074e5c@group-3FBFF2FD50C3-SegmentedRaftLogWorker: created new log segment /home/runner/work/ozone/ozone/hadoop-ozone/integration-test/target/test-dir/MiniOzoneClusterImpl-c155f79f-1502-4c37-8e24-0bbcb716cadf/datanode-2/data/ratis/50de7bc9-526e-410a-919d-3fbff2fd50c3/current/log_inprogress_0
2022-06-24 01:39:10,100 [9ae5d421-0cc7-487c-9408-d74f6a32f32f-server-thread1] INFO  ratis.XceiverServerRatis (XceiverServerRatis.java:handleLeaderChangedNotification(863)) - Leader change notification received for group: group-3FBFF2FD50C3 with new leaderId: c538bd0d-a22c-47f3-9c5c-aa06a1234548
2022-06-24 01:39:10,103 [9ae5d421-0cc7-487c-9408-d74f6a32f32f-server-thread1] INFO  server.RaftServer$Division (ServerState.java:setLeader(287)) - 9ae5d421-0cc7-487c-9408-d74f6a32f32f@group-3FBFF2FD50C3: change Leader from null to c538bd0d-a22c-47f3-9c5c-aa06a1234548 at term 1 for appendEntries, leader elected after 5208ms
2022-06-24 01:39:10,126 [9ae5d421-0cc7-487c-9408-d74f6a32f32f-server-thread1] INFO  server.RaftServer$Division (ServerState.java:setRaftConf(393)) - 9ae5d421-0cc7-487c-9408-d74f6a32f32f@group-3FBFF2FD50C3: set configuration 0: [9ae5d421-0cc7-487c-9408-d74f6a32f32f|rpc:10.1.0.17:45445|dataStream:|priority:0, 10656556-265e-4307-9f78-5b96f7074e5c|rpc:10.1.0.17:34937|dataStream:|priority:0, c538bd0d-a22c-47f3-9c5c-aa06a1234548|rpc:10.1.0.17:40341|dataStream:|priority:1], old=null
2022-06-24 01:39:10,126 [9ae5d421-0cc7-487c-9408-d74f6a32f32f-server-thread1] INFO  segmented.SegmentedRaftLogWorker (SegmentedRaftLogWorker.java:startLogSegment(425)) - 9ae5d421-0cc7-487c-9408-d74f6a32f32f@group-3FBFF2FD50C3-SegmentedRaftLogWorker: Starting segment from index:0
2022-06-24 01:39:10,128 [9ae5d421-0cc7-487c-9408-d74f6a32f32f@group-3FBFF2FD50C3-SegmentedRaftLogWorker] INFO  segmented.SegmentedRaftLogWorker (SegmentedRaftLogWorker.java:execute(629)) - 9ae5d421-0cc7-487c-9408-d74f6a32f32f@group-3FBFF2FD50C3-SegmentedRaftLogWorker: created new log segment /home/runner/work/ozone/ozone/hadoop-ozone/integration-test/target/test-dir/MiniOzoneClusterImpl-c155f79f-1502-4c37-8e24-0bbcb716cadf/datanode-0/data/ratis/50de7bc9-526e-410a-919d-3fbff2fd50c3/current/log_inprogress_0
2022-06-24 01:39:10,292 [Listener at 127.0.0.1/44735] INFO  ozone.MiniOzoneClusterImpl (MiniOzoneClusterImpl.java:getStorageContainerLocationClient(346)) - Creating StorageContainerLocationProtocol RPC client with address /0.0.0.0:45617
2022-06-24 01:39:10,389 [Listener at 127.0.0.1/44735] INFO  rpc.RpcClient (RpcClient.java:createVolume(466)) - Creating Volume: 51851e87-845e-43b6-be2e-9a90fa12505a, with runner as owner and space quota set to -1 bytes, counts quota set to -1
2022-06-24 01:39:10,421 [8f0fd873-ddec-4296-98a7-545b4d6b4e22@group-6D6E4B78B35B-FollowerState] INFO  impl.FollowerState (FollowerState.java:run(143)) - 8f0fd873-ddec-4296-98a7-545b4d6b4e22@group-6D6E4B78B35B-FollowerState: change to CANDIDATE, lastRpcElapsedTime:5066684168ns, electionTimeout:5065ms
2022-06-24 01:39:10,422 [8f0fd873-ddec-4296-98a7-545b4d6b4e22@group-6D6E4B78B35B-FollowerState] INFO  impl.RoleInfo (RoleInfo.java:shutdownFollowerState(110)) - 8f0fd873-ddec-4296-98a7-545b4d6b4e22: shutdown 8f0fd873-ddec-4296-98a7-545b4d6b4e22@group-6D6E4B78B35B-FollowerState
2022-06-24 01:39:10,422 [8f0fd873-ddec-4296-98a7-545b4d6b4e22@group-6D6E4B78B35B-FollowerState] INFO  server.RaftServer$Division (RaftServerImpl.java:setRole(299)) - 8f0fd873-ddec-4296-98a7-545b4d6b4e22@group-6D6E4B78B35B: changes role from  FOLLOWER to CANDIDATE at term 0 for changeToCandidate
2022-06-24 01:39:10,422 [8f0fd873-ddec-4296-98a7-545b4d6b4e22@group-6D6E4B78B35B-FollowerState] INFO  server.RaftServerConfigKeys (ConfUtils.java:logGet(46)) - raft.server.leaderelection.pre-vote = false (custom)
2022-06-24 01:39:10,422 [8f0fd873-ddec-4296-98a7-545b4d6b4e22@group-6D6E4B78B35B-FollowerState] INFO  impl.RoleInfo (RoleInfo.java:updateAndGet(139)) - 8f0fd873-ddec-4296-98a7-545b4d6b4e22: start 8f0fd873-ddec-4296-98a7-545b4d6b4e22@group-6D6E4B78B35B-LeaderElection7
2022-06-24 01:39:10,432 [8f0fd873-ddec-4296-98a7-545b4d6b4e22@group-6D6E4B78B35B-LeaderElection7] INFO  impl.LeaderElection (LeaderElection.java:askForVotes(310)) - 8f0fd873-ddec-4296-98a7-545b4d6b4e22@group-6D6E4B78B35B-LeaderElection7 ELECTION round 0: submit vote requests at term 1 for -1: [8f0fd873-ddec-4296-98a7-545b4d6b4e22|rpc:10.1.0.17:44021|priority:1], old=null
2022-06-24 01:39:10,432 [8f0fd873-ddec-4296-98a7-545b4d6b4e22@group-6D6E4B78B35B-LeaderElection7] INFO  impl.LeaderElection (LeaderElection.java:askForVotes(312)) - 8f0fd873-ddec-4296-98a7-545b4d6b4e22@group-6D6E4B78B35B-LeaderElection7 ELECTION round 0: result PASSED (term=1)
2022-06-24 01:39:10,432 [8f0fd873-ddec-4296-98a7-545b4d6b4e22@group-6D6E4B78B35B-LeaderElection7] INFO  impl.RoleInfo (RoleInfo.java:shutdownLeaderElection(130)) - 8f0fd873-ddec-4296-98a7-545b4d6b4e22: shutdown 8f0fd873-ddec-4296-98a7-545b4d6b4e22@group-6D6E4B78B35B-LeaderElection7
2022-06-24 01:39:10,433 [8f0fd873-ddec-4296-98a7-545b4d6b4e22@group-6D6E4B78B35B-LeaderElection7] INFO  server.RaftServer$Division (RaftServerImpl.java:setRole(299)) - 8f0fd873-ddec-4296-98a7-545b4d6b4e22@group-6D6E4B78B35B: changes role from CANDIDATE to LEADER at term 1 for changeToLeader
2022-06-24 01:39:10,433 [8f0fd873-ddec-4296-98a7-545b4d6b4e22@group-6D6E4B78B35B-LeaderElection7] INFO  ratis.XceiverServerRatis (XceiverServerRatis.java:handleLeaderChangedNotification(863)) - Leader change notification received for group: group-6D6E4B78B35B with new leaderId: 8f0fd873-ddec-4296-98a7-545b4d6b4e22
2022-06-24 01:39:10,433 [8f0fd873-ddec-4296-98a7-545b4d6b4e22@group-6D6E4B78B35B-LeaderElection7] INFO  server.RaftServer$Division (ServerState.java:setLeader(287)) - 8f0fd873-ddec-4296-98a7-545b4d6b4e22@group-6D6E4B78B35B: change Leader from null to 8f0fd873-ddec-4296-98a7-545b4d6b4e22 at term 1 for becomeLeader, leader elected after 5093ms
2022-06-24 01:39:10,435 [8f0fd873-ddec-4296-98a7-545b4d6b4e22@group-6D6E4B78B35B-LeaderElection7] INFO  server.RaftServerConfigKeys (ConfUtils.java:logGet(46)) - raft.server.staging.catchup.gap = 1000 (default)
2022-06-24 01:39:10,435 [8f0fd873-ddec-4296-98a7-545b4d6b4e22@group-6D6E4B78B35B-LeaderElection7] INFO  server.RaftServerConfigKeys (ConfUtils.java:logGet(46)) - raft.server.write.element-limit = 1024 (custom)
2022-06-24 01:39:10,436 [8f0fd873-ddec-4296-98a7-545b4d6b4e22@group-6D6E4B78B35B-LeaderElection7] INFO  server.RaftServerConfigKeys (ConfUtils.java:logGet(46)) - raft.server.write.byte-limit = 1024 M (=1073741824) (custom)
2022-06-24 01:39:10,436 [8f0fd873-ddec-4296-98a7-545b4d6b4e22@group-6D6E4B78B35B-LeaderElection7] INFO  server.RaftServerConfigKeys (ConfUtils.java:logGet(46)) - raft.server.watch.timeout = 180s (custom)
2022-06-24 01:39:10,442 [8f0fd873-ddec-4296-98a7-545b4d6b4e22@group-6D6E4B78B35B-LeaderElection7] INFO  server.RaftServerConfigKeys (ConfUtils.java:logGet(46)) - raft.server.watch.timeout.denomination = 1s (default)
2022-06-24 01:39:10,442 [8f0fd873-ddec-4296-98a7-545b4d6b4e22@group-6D6E4B78B35B-LeaderElection7] INFO  server.RaftServerConfigKeys (ConfUtils.java:logGet(46)) - raft.server.watch.element-limit = 65536 (default)
2022-06-24 01:39:10,442 [8f0fd873-ddec-4296-98a7-545b4d6b4e22@group-6D6E4B78B35B-LeaderElection7] INFO  server.RaftServerConfigKeys (ConfUtils.java:logGet(46)) - raft.server.write.element-limit = 1024 (custom)
2022-06-24 01:39:10,443 [8f0fd873-ddec-4296-98a7-545b4d6b4e22@group-6D6E4B78B35B-LeaderElection7] INFO  server.RaftServerConfigKeys (ConfUtils.java:logGet(46)) - raft.server.write.follower.gap.ratio.max = -1.0 (default)
2022-06-24 01:39:10,443 [8f0fd873-ddec-4296-98a7-545b4d6b4e22@group-6D6E4B78B35B-LeaderElection7] INFO  impl.RoleInfo (RoleInfo.java:updateAndGet(139)) - 8f0fd873-ddec-4296-98a7-545b4d6b4e22: start 8f0fd873-ddec-4296-98a7-545b4d6b4e22@group-6D6E4B78B35B-LeaderStateImpl
2022-06-24 01:39:10,443 [8f0fd873-ddec-4296-98a7-545b4d6b4e22@group-6D6E4B78B35B-LeaderElection7] INFO  segmented.SegmentedRaftLogWorker (SegmentedRaftLogWorker.java:startLogSegment(425)) - 8f0fd873-ddec-4296-98a7-545b4d6b4e22@group-6D6E4B78B35B-SegmentedRaftLogWorker: Starting segment from index:0
2022-06-24 01:39:10,446 [8f0fd873-ddec-4296-98a7-545b4d6b4e22@group-6D6E4B78B35B-SegmentedRaftLogWorker] INFO  segmented.SegmentedRaftLogWorker (SegmentedRaftLogWorker.java:execute(629)) - 8f0fd873-ddec-4296-98a7-545b4d6b4e22@group-6D6E4B78B35B-SegmentedRaftLogWorker: created new log segment /home/runner/work/ozone/ozone/hadoop-ozone/integration-test/target/test-dir/MiniOzoneClusterImpl-c155f79f-1502-4c37-8e24-0bbcb716cadf/datanode-3/data/ratis/abdc600a-0dd1-4b39-bf07-6d6e4b78b35b/current/log_inprogress_0
2022-06-24 01:39:10,449 [8f0fd873-ddec-4296-98a7-545b4d6b4e22@group-6D6E4B78B35B-LeaderElection7] INFO  server.RaftServer$Division (ServerState.java:setRaftConf(393)) - 8f0fd873-ddec-4296-98a7-545b4d6b4e22@group-6D6E4B78B35B: set configuration 0: [8f0fd873-ddec-4296-98a7-545b4d6b4e22|rpc:10.1.0.17:44021|dataStream:|priority:1], old=null
2022-06-24 01:39:10,469 [OM StateMachine ApplyTransaction Thread - 0] INFO  volume.OMVolumeCreateRequest (OMVolumeCreateRequest.java:validateAndUpdateCache(195)) - created volume:51851e87-845e-43b6-be2e-9a90fa12505a for user:runner
2022-06-24 01:39:10,497 [Listener at 127.0.0.1/44735] INFO  rpc.RpcClient (RpcClient.java:createBucket(666)) - Creating Bucket: 51851e87-845e-43b6-be2e-9a90fa12505a/061946b5-7f71-44e9-93bf-dc0f6e8a21d3, with the Bucket Layout OBJECT_STORE, runner as owner, Versioning true, Storage Type set to DISK and Encryption set to false 
2022-06-24 01:39:10,517 [OM StateMachine ApplyTransaction Thread - 0] INFO  bucket.OMBucketCreateRequest (OMBucketCreateRequest.java:validateAndUpdateCache(260)) - created bucket: 061946b5-7f71-44e9-93bf-dc0f6e8a21d3 of layout OBJECT_STORE in volume: 51851e87-845e-43b6-be2e-9a90fa12505a
2022-06-24 01:39:10,575 [IPC Server handler 6 on default port 44843] INFO  ha.SequenceIdGenerator (SequenceIdGenerator.java:getNextId(127)) - Allocate a batch for containerId, change lastId from 0 to 1000.
2022-06-24 01:39:10,587 [IPC Server handler 6 on default port 44843] WARN  ha.SequenceIdGenerator (SequenceIdGenerator.java:allocateBatch(235)) - Failed to allocate a batch for localId, expected lastId is 0, actual lastId is 109611004723200000.
2022-06-24 01:39:10,587 [IPC Server handler 6 on default port 44843] INFO  ha.SequenceIdGenerator (SequenceIdGenerator.java:getNextId(127)) - Allocate a batch for localId, change lastId from 109611004723200000 to 109611004723201000.
2022-06-24 01:39:10,676 [Listener at 127.0.0.1/44735] INFO  impl.MetricsSystemImpl (MetricsSystemImpl.java:init(158)) - XceiverClientMetrics metrics system started (again)
2022-06-24 01:39:10,838 [f3ba8611-1cd4-4447-b340-6f7bbd865d5c@group-6360ACCC74EC-FollowerState] INFO  impl.FollowerState (FollowerState.java:run(143)) - f3ba8611-1cd4-4447-b340-6f7bbd865d5c@group-6360ACCC74EC-FollowerState: change to CANDIDATE, lastRpcElapsedTime:5127027299ns, electionTimeout:5126ms
2022-06-24 01:39:10,838 [f3ba8611-1cd4-4447-b340-6f7bbd865d5c@group-6360ACCC74EC-FollowerState] INFO  impl.RoleInfo (RoleInfo.java:shutdownFollowerState(110)) - f3ba8611-1cd4-4447-b340-6f7bbd865d5c: shutdown f3ba8611-1cd4-4447-b340-6f7bbd865d5c@group-6360ACCC74EC-FollowerState
2022-06-24 01:39:10,838 [f3ba8611-1cd4-4447-b340-6f7bbd865d5c@group-6360ACCC74EC-FollowerState] INFO  server.RaftServer$Division (RaftServerImpl.java:setRole(299)) - f3ba8611-1cd4-4447-b340-6f7bbd865d5c@group-6360ACCC74EC: changes role from  FOLLOWER to CANDIDATE at term 0 for changeToCandidate
2022-06-24 01:39:10,841 [f3ba8611-1cd4-4447-b340-6f7bbd865d5c@group-6360ACCC74EC-FollowerState] INFO  server.RaftServerConfigKeys (ConfUtils.java:logGet(46)) - raft.server.leaderelection.pre-vote = false (custom)
2022-06-24 01:39:10,841 [f3ba8611-1cd4-4447-b340-6f7bbd865d5c@group-6360ACCC74EC-FollowerState] INFO  impl.RoleInfo (RoleInfo.java:updateAndGet(139)) - f3ba8611-1cd4-4447-b340-6f7bbd865d5c: start f3ba8611-1cd4-4447-b340-6f7bbd865d5c@group-6360ACCC74EC-LeaderElection8
2022-06-24 01:39:10,858 [f3ba8611-1cd4-4447-b340-6f7bbd865d5c@group-6360ACCC74EC-LeaderElection8] INFO  impl.LeaderElection (LeaderElection.java:askForVotes(310)) - f3ba8611-1cd4-4447-b340-6f7bbd865d5c@group-6360ACCC74EC-LeaderElection8 ELECTION round 0: submit vote requests at term 1 for -1: [f3ba8611-1cd4-4447-b340-6f7bbd865d5c|rpc:10.1.0.17:39401|priority:1], old=null
2022-06-24 01:39:10,858 [f3ba8611-1cd4-4447-b340-6f7bbd865d5c@group-6360ACCC74EC-LeaderElection8] INFO  impl.LeaderElection (LeaderElection.java:askForVotes(312)) - f3ba8611-1cd4-4447-b340-6f7bbd865d5c@group-6360ACCC74EC-LeaderElection8 ELECTION round 0: result PASSED (term=1)
2022-06-24 01:39:10,859 [f3ba8611-1cd4-4447-b340-6f7bbd865d5c@group-6360ACCC74EC-LeaderElection8] INFO  impl.RoleInfo (RoleInfo.java:shutdownLeaderElection(130)) - f3ba8611-1cd4-4447-b340-6f7bbd865d5c: shutdown f3ba8611-1cd4-4447-b340-6f7bbd865d5c@group-6360ACCC74EC-LeaderElection8
2022-06-24 01:39:10,859 [f3ba8611-1cd4-4447-b340-6f7bbd865d5c@group-6360ACCC74EC-LeaderElection8] INFO  server.RaftServer$Division (RaftServerImpl.java:setRole(299)) - f3ba8611-1cd4-4447-b340-6f7bbd865d5c@group-6360ACCC74EC: changes role from CANDIDATE to LEADER at term 1 for changeToLeader
2022-06-24 01:39:10,859 [f3ba8611-1cd4-4447-b340-6f7bbd865d5c@group-6360ACCC74EC-LeaderElection8] INFO  ratis.XceiverServerRatis (XceiverServerRatis.java:handleLeaderChangedNotification(863)) - Leader change notification received for group: group-6360ACCC74EC with new leaderId: f3ba8611-1cd4-4447-b340-6f7bbd865d5c
2022-06-24 01:39:10,861 [f3ba8611-1cd4-4447-b340-6f7bbd865d5c@group-6360ACCC74EC-LeaderElection8] INFO  server.RaftServer$Division (ServerState.java:setLeader(287)) - f3ba8611-1cd4-4447-b340-6f7bbd865d5c@group-6360ACCC74EC: change Leader from null to f3ba8611-1cd4-4447-b340-6f7bbd865d5c at term 1 for becomeLeader, leader elected after 5159ms
2022-06-24 01:39:10,861 [f3ba8611-1cd4-4447-b340-6f7bbd865d5c@group-6360ACCC74EC-LeaderElection8] INFO  server.RaftServerConfigKeys (ConfUtils.java:logGet(46)) - raft.server.staging.catchup.gap = 1000 (default)
2022-06-24 01:39:10,861 [f3ba8611-1cd4-4447-b340-6f7bbd865d5c@group-6360ACCC74EC-LeaderElection8] INFO  server.RaftServerConfigKeys (ConfUtils.java:logGet(46)) - raft.server.write.element-limit = 1024 (custom)
2022-06-24 01:39:10,862 [f3ba8611-1cd4-4447-b340-6f7bbd865d5c@group-6360ACCC74EC-LeaderElection8] INFO  server.RaftServerConfigKeys (ConfUtils.java:logGet(46)) - raft.server.write.byte-limit = 1024 M (=1073741824) (custom)
2022-06-24 01:39:10,862 [f3ba8611-1cd4-4447-b340-6f7bbd865d5c@group-6360ACCC74EC-LeaderElection8] INFO  server.RaftServerConfigKeys (ConfUtils.java:logGet(46)) - raft.server.watch.timeout = 180s (custom)
2022-06-24 01:39:10,862 [f3ba8611-1cd4-4447-b340-6f7bbd865d5c@group-6360ACCC74EC-LeaderElection8] INFO  server.RaftServerConfigKeys (ConfUtils.java:logGet(46)) - raft.server.watch.timeout.denomination = 1s (default)
2022-06-24 01:39:10,862 [f3ba8611-1cd4-4447-b340-6f7bbd865d5c@group-6360ACCC74EC-LeaderElection8] INFO  server.RaftServerConfigKeys (ConfUtils.java:logGet(46)) - raft.server.watch.element-limit = 65536 (default)
2022-06-24 01:39:10,862 [f3ba8611-1cd4-4447-b340-6f7bbd865d5c@group-6360ACCC74EC-LeaderElection8] INFO  server.RaftServerConfigKeys (ConfUtils.java:logGet(46)) - raft.server.write.element-limit = 1024 (custom)
2022-06-24 01:39:10,862 [f3ba8611-1cd4-4447-b340-6f7bbd865d5c@group-6360ACCC74EC-LeaderElection8] INFO  server.RaftServerConfigKeys (ConfUtils.java:logGet(46)) - raft.server.write.follower.gap.ratio.max = -1.0 (default)
2022-06-24 01:39:10,862 [f3ba8611-1cd4-4447-b340-6f7bbd865d5c@group-6360ACCC74EC-LeaderElection8] INFO  impl.RoleInfo (RoleInfo.java:updateAndGet(139)) - f3ba8611-1cd4-4447-b340-6f7bbd865d5c: start f3ba8611-1cd4-4447-b340-6f7bbd865d5c@group-6360ACCC74EC-LeaderStateImpl
2022-06-24 01:39:10,863 [f3ba8611-1cd4-4447-b340-6f7bbd865d5c@group-6360ACCC74EC-LeaderElection8] INFO  segmented.SegmentedRaftLogWorker (SegmentedRaftLogWorker.java:startLogSegment(425)) - f3ba8611-1cd4-4447-b340-6f7bbd865d5c@group-6360ACCC74EC-SegmentedRaftLogWorker: Starting segment from index:0
2022-06-24 01:39:10,865 [f3ba8611-1cd4-4447-b340-6f7bbd865d5c@group-6360ACCC74EC-SegmentedRaftLogWorker] INFO  segmented.SegmentedRaftLogWorker (SegmentedRaftLogWorker.java:execute(629)) - f3ba8611-1cd4-4447-b340-6f7bbd865d5c@group-6360ACCC74EC-SegmentedRaftLogWorker: created new log segment /home/runner/work/ozone/ozone/hadoop-ozone/integration-test/target/test-dir/MiniOzoneClusterImpl-c155f79f-1502-4c37-8e24-0bbcb716cadf/datanode-4/data/ratis/c23ef9ef-1a1e-43a2-b382-6360accc74ec/current/log_inprogress_0
2022-06-24 01:39:10,874 [f3ba8611-1cd4-4447-b340-6f7bbd865d5c@group-6360ACCC74EC-LeaderElection8] INFO  server.RaftServer$Division (ServerState.java:setRaftConf(393)) - f3ba8611-1cd4-4447-b340-6f7bbd865d5c@group-6360ACCC74EC: set configuration 0: [f3ba8611-1cd4-4447-b340-6f7bbd865d5c|rpc:10.1.0.17:39401|dataStream:|priority:1], old=null
]]></system-out>
  </testcase>
  <testcase name="bucketUsedBytesOverWrite(BucketLayout)[2]" classname="org.apache.hadoop.ozone.client.rpc.TestOzoneRpcClient" time="0.107">
    <system-out><![CDATA[2022-06-24 01:39:11,213 [Listener at 127.0.0.1/44735] INFO  rpc.RpcClient (RpcClient.java:createVolume(466)) - Creating Volume: 55a7240b-012a-4cb0-b5ba-a0f1f55adc28, with runner as owner and space quota set to -1 bytes, counts quota set to -1
2022-06-24 01:39:11,217 [OM StateMachine ApplyTransaction Thread - 0] INFO  volume.OMVolumeCreateRequest (OMVolumeCreateRequest.java:validateAndUpdateCache(195)) - created volume:55a7240b-012a-4cb0-b5ba-a0f1f55adc28 for user:runner
2022-06-24 01:39:11,220 [Listener at 127.0.0.1/44735] INFO  rpc.RpcClient (RpcClient.java:createBucket(666)) - Creating Bucket: 55a7240b-012a-4cb0-b5ba-a0f1f55adc28/2cc8ec12-f511-4952-b915-ecfed3addd9f, with the Bucket Layout FILE_SYSTEM_OPTIMIZED, runner as owner, Versioning true, Storage Type set to DISK and Encryption set to false 
2022-06-24 01:39:11,225 [OM StateMachine ApplyTransaction Thread - 0] INFO  bucket.OMBucketCreateRequest (OMBucketCreateRequest.java:validateAndUpdateCache(260)) - created bucket: 2cc8ec12-f511-4952-b915-ecfed3addd9f of layout FILE_SYSTEM_OPTIMIZED in volume: 55a7240b-012a-4cb0-b5ba-a0f1f55adc28
]]></system-out>
  </testcase>
  <testcase name="testAbortUploadFail" classname="org.apache.hadoop.ozone.client.rpc.TestOzoneRpcClient" time="0.044">
    <system-out><![CDATA[2022-06-24 01:39:11,323 [Listener at 127.0.0.1/44735] INFO  rpc.RpcClient (RpcClient.java:createVolume(466)) - Creating Volume: 267bf23f-eb36-4038-9933-cc9354e388f9, with runner as owner and space quota set to -1 bytes, counts quota set to -1
2022-06-24 01:39:11,326 [OM StateMachine ApplyTransaction Thread - 0] INFO  volume.OMVolumeCreateRequest (OMVolumeCreateRequest.java:validateAndUpdateCache(195)) - created volume:267bf23f-eb36-4038-9933-cc9354e388f9 for user:runner
2022-06-24 01:39:11,329 [Listener at 127.0.0.1/44735] INFO  rpc.RpcClient (RpcClient.java:createBucket(666)) - Creating Bucket: 267bf23f-eb36-4038-9933-cc9354e388f9/13b42b99-1e30-4990-97c8-e44197f34e19, with the Bucket Layout null, runner as owner, Versioning false, Storage Type set to DISK and Encryption set to false 
2022-06-24 01:39:11,333 [OM StateMachine ApplyTransaction Thread - 0] INFO  bucket.OMBucketCreateRequest (OMBucketCreateRequest.java:validateAndUpdateCache(260)) - created bucket: 13b42b99-1e30-4990-97c8-e44197f34e19 of layout LEGACY in volume: 267bf23f-eb36-4038-9933-cc9354e388f9
01:39:11.348 [OM StateMachine ApplyTransaction Thread - 0] ERROR OMAudit - user=runner | ip=127.0.0.1 | op=ABORT_MULTIPART_UPLOAD {volume=267bf23f-eb36-4038-9933-cc9354e388f9, bucket=13b42b99-1e30-4990-97c8-e44197f34e19, key=4a530ea8-c74e-49a2-a25e-208d0e7d4cea, dataSize=0, replicationType=NONE, replicationFactor=ZERO} | ret=FAILURE
org.apache.hadoop.ozone.om.exceptions.OMException: Abort Multipart Upload Failed: volume: 267bf23f-eb36-4038-9933-cc9354e388f9bucket: 13b42b99-1e30-4990-97c8-e44197f34e19key: 4a530ea8-c74e-49a2-a25e-208d0e7d4cea
	at org.apache.hadoop.ozone.om.request.s3.multipart.S3MultipartUploadAbortRequest.validateAndUpdateCache(S3MultipartUploadAbortRequest.java:161) ~[ozone-manager-1.3.0-SNAPSHOT.jar:?]
	at org.apache.hadoop.ozone.protocolPB.OzoneManagerRequestHandler.handleWriteRequest(OzoneManagerRequestHandler.java:293) ~[ozone-manager-1.3.0-SNAPSHOT.jar:?]
	at org.apache.hadoop.ozone.om.ratis.OzoneManagerStateMachine.runCommand(OzoneManagerStateMachine.java:529) ~[ozone-manager-1.3.0-SNAPSHOT.jar:?]
	at org.apache.hadoop.ozone.om.ratis.OzoneManagerStateMachine.lambda$1(OzoneManagerStateMachine.java:324) ~[ozone-manager-1.3.0-SNAPSHOT.jar:?]
	at java.util.concurrent.CompletableFuture$AsyncSupply.run(CompletableFuture.java:1604) [?:1.8.0_332]
	at java.util.concurrent.ThreadPoolExecutor.runWorker(ThreadPoolExecutor.java:1149) [?:1.8.0_332]
	at java.util.concurrent.ThreadPoolExecutor$Worker.run(ThreadPoolExecutor.java:624) [?:1.8.0_332]
	at java.lang.Thread.run(Thread.java:750) [?:1.8.0_332]
2022-06-24 01:39:11,363 [OM StateMachine ApplyTransaction Thread - 0] ERROR multipart.S3MultipartUploadAbortRequest (S3MultipartUploadAbortRequest.java:validateAndUpdateCache(224)) - Abort Multipart request is failed for KeyName 4a530ea8-c74e-49a2-a25e-208d0e7d4cea in VolumeName/Bucket 267bf23f-eb36-4038-9933-cc9354e388f9/13b42b99-1e30-4990-97c8-e44197f34e19
NO_SUCH_MULTIPART_UPLOAD_ERROR org.apache.hadoop.ozone.om.exceptions.OMException: Abort Multipart Upload Failed: volume: 267bf23f-eb36-4038-9933-cc9354e388f9bucket: 13b42b99-1e30-4990-97c8-e44197f34e19key: 4a530ea8-c74e-49a2-a25e-208d0e7d4cea
	at org.apache.hadoop.ozone.om.request.s3.multipart.S3MultipartUploadAbortRequest.validateAndUpdateCache(S3MultipartUploadAbortRequest.java:161)
	at org.apache.hadoop.ozone.protocolPB.OzoneManagerRequestHandler.handleWriteRequest(OzoneManagerRequestHandler.java:293)
	at org.apache.hadoop.ozone.om.ratis.OzoneManagerStateMachine.runCommand(OzoneManagerStateMachine.java:529)
	at org.apache.hadoop.ozone.om.ratis.OzoneManagerStateMachine.lambda$1(OzoneManagerStateMachine.java:324)
	at java.util.concurrent.CompletableFuture$AsyncSupply.run(CompletableFuture.java:1604)
	at java.util.concurrent.ThreadPoolExecutor.runWorker(ThreadPoolExecutor.java:1149)
	at java.util.concurrent.ThreadPoolExecutor$Worker.run(ThreadPoolExecutor.java:624)
	at java.lang.Thread.run(Thread.java:750)
]]></system-out>
  </testcase>
  <testcase name="testAbortUploadFailWithInProgressPartUpload" classname="org.apache.hadoop.ozone.client.rpc.TestOzoneRpcClient" time="0.205">
    <system-out><![CDATA[2022-06-24 01:39:11,371 [Listener at 127.0.0.1/44735] INFO  rpc.RpcClient (RpcClient.java:createVolume(466)) - Creating Volume: 285e0cb4-e775-4dbf-979e-782889b53de5, with runner as owner and space quota set to -1 bytes, counts quota set to -1
2022-06-24 01:39:11,376 [OM StateMachine ApplyTransaction Thread - 0] INFO  volume.OMVolumeCreateRequest (OMVolumeCreateRequest.java:validateAndUpdateCache(195)) - created volume:285e0cb4-e775-4dbf-979e-782889b53de5 for user:runner
2022-06-24 01:39:11,380 [Listener at 127.0.0.1/44735] INFO  rpc.RpcClient (RpcClient.java:createBucket(666)) - Creating Bucket: 285e0cb4-e775-4dbf-979e-782889b53de5/f0714b23-11dc-4162-889a-3e0912793843, with the Bucket Layout null, runner as owner, Versioning false, Storage Type set to DISK and Encryption set to false 
2022-06-24 01:39:11,384 [OM StateMachine ApplyTransaction Thread - 0] INFO  bucket.OMBucketCreateRequest (OMBucketCreateRequest.java:validateAndUpdateCache(260)) - created bucket: f0714b23-11dc-4162-889a-3e0912793843 of layout LEGACY in volume: 285e0cb4-e775-4dbf-979e-782889b53de5
01:39:11.570 [OM StateMachine ApplyTransaction Thread - 0] ERROR OMAudit - user=runner | ip=127.0.0.1 | op=COMMIT_MULTIPART_UPLOAD_PARTKEY {volume=285e0cb4-e775-4dbf-979e-782889b53de5, bucket=f0714b23-11dc-4162-889a-3e0912793843, key=973bb6a1-c2e9-4ee6-9617-647ae93b5a23, dataSize=4, replicationType=NONE, replicationFactor=ZERO, partNumber=1, partName=/285e0cb4-e775-4dbf-979e-782889b53de5/f0714b23-11dc-4162-889a-3e0912793843/973bb6a1-c2e9-4ee6-9617-647ae93b5a23-e6a5ddfc-dcc0-4e48-9f65-f2dea2050b8d-108529893467291653-1} | ret=FAILURE
org.apache.hadoop.ozone.om.exceptions.OMException: No such Multipart upload is with specified uploadId e6a5ddfc-dcc0-4e48-9f65-f2dea2050b8d-108529893467291653
	at org.apache.hadoop.ozone.om.request.s3.multipart.S3MultipartUploadCommitPartRequest.validateAndUpdateCache(S3MultipartUploadCommitPartRequest.java:189) ~[ozone-manager-1.3.0-SNAPSHOT.jar:?]
	at org.apache.hadoop.ozone.protocolPB.OzoneManagerRequestHandler.handleWriteRequest(OzoneManagerRequestHandler.java:293) ~[ozone-manager-1.3.0-SNAPSHOT.jar:?]
	at org.apache.hadoop.ozone.om.ratis.OzoneManagerStateMachine.runCommand(OzoneManagerStateMachine.java:529) ~[ozone-manager-1.3.0-SNAPSHOT.jar:?]
	at org.apache.hadoop.ozone.om.ratis.OzoneManagerStateMachine.lambda$1(OzoneManagerStateMachine.java:324) ~[ozone-manager-1.3.0-SNAPSHOT.jar:?]
	at java.util.concurrent.CompletableFuture$AsyncSupply.run(CompletableFuture.java:1604) [?:1.8.0_332]
	at java.util.concurrent.ThreadPoolExecutor.runWorker(ThreadPoolExecutor.java:1149) [?:1.8.0_332]
	at java.util.concurrent.ThreadPoolExecutor$Worker.run(ThreadPoolExecutor.java:624) [?:1.8.0_332]
	at java.lang.Thread.run(Thread.java:750) [?:1.8.0_332]
2022-06-24 01:39:11,570 [OM StateMachine ApplyTransaction Thread - 0] ERROR multipart.S3MultipartUploadCommitPartRequest (S3MultipartUploadCommitPartRequest.java:logResult(324)) - MultipartUpload Commit is failed for Key:973bb6a1-c2e9-4ee6-9617-647ae93b5a23 in Volume/Bucket 285e0cb4-e775-4dbf-979e-782889b53de5/f0714b23-11dc-4162-889a-3e0912793843
NO_SUCH_MULTIPART_UPLOAD_ERROR org.apache.hadoop.ozone.om.exceptions.OMException: No such Multipart upload is with specified uploadId e6a5ddfc-dcc0-4e48-9f65-f2dea2050b8d-108529893467291653
	at org.apache.hadoop.ozone.om.request.s3.multipart.S3MultipartUploadCommitPartRequest.validateAndUpdateCache(S3MultipartUploadCommitPartRequest.java:189)
	at org.apache.hadoop.ozone.protocolPB.OzoneManagerRequestHandler.handleWriteRequest(OzoneManagerRequestHandler.java:293)
	at org.apache.hadoop.ozone.om.ratis.OzoneManagerStateMachine.runCommand(OzoneManagerStateMachine.java:529)
	at org.apache.hadoop.ozone.om.ratis.OzoneManagerStateMachine.lambda$1(OzoneManagerStateMachine.java:324)
	at java.util.concurrent.CompletableFuture$AsyncSupply.run(CompletableFuture.java:1604)
	at java.util.concurrent.ThreadPoolExecutor.runWorker(ThreadPoolExecutor.java:1149)
	at java.util.concurrent.ThreadPoolExecutor$Worker.run(ThreadPoolExecutor.java:624)
	at java.lang.Thread.run(Thread.java:750)
]]></system-out>
  </testcase>
  <testcase name="testAbortUploadSuccessWithOutAnyParts" classname="org.apache.hadoop.ozone.client.rpc.TestOzoneRpcClient" time="0.027">
    <system-out><![CDATA[2022-06-24 01:39:11,573 [Listener at 127.0.0.1/44735] INFO  rpc.RpcClient (RpcClient.java:createVolume(466)) - Creating Volume: 5c624179-d65f-4bb5-ade7-fe526a6f4f53, with runner as owner and space quota set to -1 bytes, counts quota set to -1
2022-06-24 01:39:11,579 [OM StateMachine ApplyTransaction Thread - 0] INFO  volume.OMVolumeCreateRequest (OMVolumeCreateRequest.java:validateAndUpdateCache(195)) - created volume:5c624179-d65f-4bb5-ade7-fe526a6f4f53 for user:runner
2022-06-24 01:39:11,582 [Listener at 127.0.0.1/44735] INFO  rpc.RpcClient (RpcClient.java:createBucket(666)) - Creating Bucket: 5c624179-d65f-4bb5-ade7-fe526a6f4f53/8ec3c9cd-46db-443e-acd5-c829422dbf59, with the Bucket Layout null, runner as owner, Versioning false, Storage Type set to DISK and Encryption set to false 
2022-06-24 01:39:11,586 [OM StateMachine ApplyTransaction Thread - 0] INFO  bucket.OMBucketCreateRequest (OMBucketCreateRequest.java:validateAndUpdateCache(260)) - created bucket: 8ec3c9cd-46db-443e-acd5-c829422dbf59 of layout LEGACY in volume: 5c624179-d65f-4bb5-ade7-fe526a6f4f53
]]></system-out>
  </testcase>
  <testcase name="testAbortUploadSuccessWithParts" classname="org.apache.hadoop.ozone.client.rpc.TestOzoneRpcClient" time="0.152">
    <system-out><![CDATA[2022-06-24 01:39:11,602 [Listener at 127.0.0.1/44735] INFO  rpc.RpcClient (RpcClient.java:createVolume(466)) - Creating Volume: 21f44ba4-fb97-4d8d-95c3-bfdfe38b79cc, with runner as owner and space quota set to -1 bytes, counts quota set to -1
2022-06-24 01:39:11,605 [OM StateMachine ApplyTransaction Thread - 0] INFO  volume.OMVolumeCreateRequest (OMVolumeCreateRequest.java:validateAndUpdateCache(195)) - created volume:21f44ba4-fb97-4d8d-95c3-bfdfe38b79cc for user:runner
2022-06-24 01:39:11,608 [Listener at 127.0.0.1/44735] INFO  rpc.RpcClient (RpcClient.java:createBucket(666)) - Creating Bucket: 21f44ba4-fb97-4d8d-95c3-bfdfe38b79cc/46514ad9-1d5b-48a1-82b9-933c0dfc9345, with the Bucket Layout null, runner as owner, Versioning false, Storage Type set to DISK and Encryption set to false 
2022-06-24 01:39:11,611 [OM StateMachine ApplyTransaction Thread - 0] INFO  bucket.OMBucketCreateRequest (OMBucketCreateRequest.java:validateAndUpdateCache(260)) - created bucket: 46514ad9-1d5b-48a1-82b9-933c0dfc9345 of layout LEGACY in volume: 21f44ba4-fb97-4d8d-95c3-bfdfe38b79cc
]]></system-out>
  </testcase>
  <testcase name="testAclsAfterCallingSetBucketProperty" classname="org.apache.hadoop.ozone.client.rpc.TestOzoneRpcClient" time="0.051">
    <system-out><![CDATA[2022-06-24 01:39:11,754 [Listener at 127.0.0.1/44735] INFO  rpc.RpcClient (RpcClient.java:createVolume(466)) - Creating Volume: a9bde6be-1c7f-4857-b793-dcaa1ca871bb, with runner as owner and space quota set to -1 bytes, counts quota set to -1
2022-06-24 01:39:11,758 [OM StateMachine ApplyTransaction Thread - 0] INFO  volume.OMVolumeCreateRequest (OMVolumeCreateRequest.java:validateAndUpdateCache(195)) - created volume:a9bde6be-1c7f-4857-b793-dcaa1ca871bb for user:runner
2022-06-24 01:39:11,761 [Listener at 127.0.0.1/44735] INFO  rpc.RpcClient (RpcClient.java:createBucket(666)) - Creating Bucket: a9bde6be-1c7f-4857-b793-dcaa1ca871bb/17225e31-3752-4218-8291-a404d8211647, with the Bucket Layout null, runner as owner, Versioning false, Storage Type set to DISK and Encryption set to false 
2022-06-24 01:39:11,765 [OM StateMachine ApplyTransaction Thread - 0] INFO  bucket.OMBucketCreateRequest (OMBucketCreateRequest.java:validateAndUpdateCache(260)) - created bucket: 17225e31-3752-4218-8291-a404d8211647 of layout LEGACY in volume: a9bde6be-1c7f-4857-b793-dcaa1ca871bb
]]></system-out>
  </testcase>
  <testcase name="testAddBucketAcl" classname="org.apache.hadoop.ozone.client.rpc.TestOzoneRpcClient" time="0.049">
    <system-out><![CDATA[2022-06-24 01:39:11,806 [Listener at 127.0.0.1/44735] INFO  rpc.RpcClient (RpcClient.java:createVolume(466)) - Creating Volume: f19b813c-7c74-4a84-9cde-70769d78d703, with runner as owner and space quota set to -1 bytes, counts quota set to -1
2022-06-24 01:39:11,811 [OM StateMachine ApplyTransaction Thread - 0] INFO  volume.OMVolumeCreateRequest (OMVolumeCreateRequest.java:validateAndUpdateCache(195)) - created volume:f19b813c-7c74-4a84-9cde-70769d78d703 for user:runner
2022-06-24 01:39:11,821 [Listener at 127.0.0.1/44735] INFO  rpc.RpcClient (RpcClient.java:createBucket(666)) - Creating Bucket: f19b813c-7c74-4a84-9cde-70769d78d703/93db6e26-867f-4ce1-a0c9-1bf15be66f3f, with the Bucket Layout null, runner as owner, Versioning false, Storage Type set to DISK and Encryption set to false 
2022-06-24 01:39:11,825 [OM StateMachine ApplyTransaction Thread - 0] INFO  bucket.OMBucketCreateRequest (OMBucketCreateRequest.java:validateAndUpdateCache(260)) - created bucket: 93db6e26-867f-4ce1-a0c9-1bf15be66f3f of layout LEGACY in volume: f19b813c-7c74-4a84-9cde-70769d78d703
]]></system-out>
  </testcase>
  <testcase name="testBucketQuota(ReplicationConfig)[1]" classname="org.apache.hadoop.ozone.client.rpc.TestOzoneRpcClient" time="0.892">
    <system-out><![CDATA[2022-06-24 01:39:11,872 [Listener at 127.0.0.1/44735] INFO  rpc.RpcClient (RpcClient.java:createVolume(466)) - Creating Volume: 411e0303-a099-417e-b107-39b2d8e830b7, with runner as owner and space quota set to -1 bytes, counts quota set to -1
2022-06-24 01:39:11,884 [OM StateMachine ApplyTransaction Thread - 0] INFO  volume.OMVolumeCreateRequest (OMVolumeCreateRequest.java:validateAndUpdateCache(195)) - created volume:411e0303-a099-417e-b107-39b2d8e830b7 for user:runner
2022-06-24 01:39:11,894 [Listener at 127.0.0.1/44735] INFO  rpc.RpcClient (RpcClient.java:createBucket(666)) - Creating Bucket: 411e0303-a099-417e-b107-39b2d8e830b7/392d66d9-0a23-49ce-8342-34ee1c6e1033, with the Bucket Layout null, runner as owner, Versioning false, Storage Type set to DISK and Encryption set to false 
2022-06-24 01:39:11,907 [OM StateMachine ApplyTransaction Thread - 0] INFO  bucket.OMBucketCreateRequest (OMBucketCreateRequest.java:validateAndUpdateCache(260)) - created bucket: 392d66d9-0a23-49ce-8342-34ee1c6e1033 of layout LEGACY in volume: 411e0303-a099-417e-b107-39b2d8e830b7
2022-06-24 01:39:12,008 [Listener at 127.0.0.1/44735] INFO  rpc.RpcClient (RpcClient.java:createVolume(466)) - Creating Volume: 16d74bb4-a2c7-483e-8878-16588a5824af, with runner as owner and space quota set to -1 bytes, counts quota set to -1
2022-06-24 01:39:12,013 [OM StateMachine ApplyTransaction Thread - 0] INFO  volume.OMVolumeCreateRequest (OMVolumeCreateRequest.java:validateAndUpdateCache(195)) - created volume:16d74bb4-a2c7-483e-8878-16588a5824af for user:runner
2022-06-24 01:39:12,017 [Listener at 127.0.0.1/44735] INFO  rpc.RpcClient (RpcClient.java:createBucket(666)) - Creating Bucket: 16d74bb4-a2c7-483e-8878-16588a5824af/54efb7bc-85d0-4522-9bcd-362d2adab983, with the Bucket Layout null, runner as owner, Versioning false, Storage Type set to DISK and Encryption set to false 
2022-06-24 01:39:12,023 [OM StateMachine ApplyTransaction Thread - 0] INFO  bucket.OMBucketCreateRequest (OMBucketCreateRequest.java:validateAndUpdateCache(260)) - created bucket: 54efb7bc-85d0-4522-9bcd-362d2adab983 of layout LEGACY in volume: 16d74bb4-a2c7-483e-8878-16588a5824af
2022-06-24 01:39:12,124 [Listener at 127.0.0.1/44735] INFO  rpc.RpcClient (RpcClient.java:createVolume(466)) - Creating Volume: 61eec204-f02a-49cf-85b1-c5338f4822b7, with runner as owner and space quota set to -1 bytes, counts quota set to -1
2022-06-24 01:39:12,128 [OM StateMachine ApplyTransaction Thread - 0] INFO  volume.OMVolumeCreateRequest (OMVolumeCreateRequest.java:validateAndUpdateCache(195)) - created volume:61eec204-f02a-49cf-85b1-c5338f4822b7 for user:runner
2022-06-24 01:39:12,130 [Listener at 127.0.0.1/44735] INFO  rpc.RpcClient (RpcClient.java:createBucket(666)) - Creating Bucket: 61eec204-f02a-49cf-85b1-c5338f4822b7/5a0fa871-c5dd-4a0b-aae8-71915738449e, with the Bucket Layout null, runner as owner, Versioning false, Storage Type set to DISK and Encryption set to false 
2022-06-24 01:39:12,134 [OM StateMachine ApplyTransaction Thread - 0] INFO  bucket.OMBucketCreateRequest (OMBucketCreateRequest.java:validateAndUpdateCache(260)) - created bucket: 5a0fa871-c5dd-4a0b-aae8-71915738449e of layout LEGACY in volume: 61eec204-f02a-49cf-85b1-c5338f4822b7
2022-06-24 01:39:12,425 [Listener at 127.0.0.1/44735] INFO  rpc.RpcClient (RpcClient.java:createVolume(466)) - Creating Volume: 98d4506c-8b54-4f23-ab59-0e5519392959, with runner as owner and space quota set to -1 bytes, counts quota set to -1
2022-06-24 01:39:12,430 [OM StateMachine ApplyTransaction Thread - 0] INFO  volume.OMVolumeCreateRequest (OMVolumeCreateRequest.java:validateAndUpdateCache(195)) - created volume:98d4506c-8b54-4f23-ab59-0e5519392959 for user:runner
2022-06-24 01:39:12,432 [Listener at 127.0.0.1/44735] INFO  rpc.RpcClient (RpcClient.java:createBucket(666)) - Creating Bucket: 98d4506c-8b54-4f23-ab59-0e5519392959/21700e3a-e58b-4da0-8bc9-94ab7a9dae0e, with the Bucket Layout null, runner as owner, Versioning false, Storage Type set to DISK and Encryption set to false 
2022-06-24 01:39:12,436 [OM StateMachine ApplyTransaction Thread - 0] INFO  bucket.OMBucketCreateRequest (OMBucketCreateRequest.java:validateAndUpdateCache(260)) - created bucket: 21700e3a-e58b-4da0-8bc9-94ab7a9dae0e of layout LEGACY in volume: 98d4506c-8b54-4f23-ab59-0e5519392959
]]></system-out>
  </testcase>
  <testcase name="testBucketQuota(ReplicationConfig)[2]" classname="org.apache.hadoop.ozone.client.rpc.TestOzoneRpcClient" time="6.796">
    <system-out><![CDATA[2022-06-24 01:39:12,768 [Listener at 127.0.0.1/44735] INFO  rpc.RpcClient (RpcClient.java:createVolume(466)) - Creating Volume: de6e0e57-85a8-4a6d-a0e3-eec8c6406a12, with runner as owner and space quota set to -1 bytes, counts quota set to -1
2022-06-24 01:39:12,774 [OM StateMachine ApplyTransaction Thread - 0] INFO  volume.OMVolumeCreateRequest (OMVolumeCreateRequest.java:validateAndUpdateCache(195)) - created volume:de6e0e57-85a8-4a6d-a0e3-eec8c6406a12 for user:runner
2022-06-24 01:39:12,776 [Listener at 127.0.0.1/44735] INFO  rpc.RpcClient (RpcClient.java:createBucket(666)) - Creating Bucket: de6e0e57-85a8-4a6d-a0e3-eec8c6406a12/1372392e-1a08-4a13-893f-782cb3150761, with the Bucket Layout null, runner as owner, Versioning false, Storage Type set to DISK and Encryption set to false 
2022-06-24 01:39:12,781 [OM StateMachine ApplyTransaction Thread - 0] INFO  bucket.OMBucketCreateRequest (OMBucketCreateRequest.java:validateAndUpdateCache(260)) - created bucket: 1372392e-1a08-4a13-893f-782cb3150761 of layout LEGACY in volume: de6e0e57-85a8-4a6d-a0e3-eec8c6406a12
2022-06-24 01:39:12,842 [Listener at 127.0.0.1/44735] INFO  rpc.RpcClient (RpcClient.java:createVolume(466)) - Creating Volume: c78ebb77-9e17-4d6c-bf3d-4aa47d354eb2, with runner as owner and space quota set to -1 bytes, counts quota set to -1
2022-06-24 01:39:12,846 [OM StateMachine ApplyTransaction Thread - 0] INFO  volume.OMVolumeCreateRequest (OMVolumeCreateRequest.java:validateAndUpdateCache(195)) - created volume:c78ebb77-9e17-4d6c-bf3d-4aa47d354eb2 for user:runner
2022-06-24 01:39:12,852 [Listener at 127.0.0.1/44735] INFO  rpc.RpcClient (RpcClient.java:createBucket(666)) - Creating Bucket: c78ebb77-9e17-4d6c-bf3d-4aa47d354eb2/6ec772ca-75c0-4b06-a509-eb720a06504f, with the Bucket Layout null, runner as owner, Versioning false, Storage Type set to DISK and Encryption set to false 
2022-06-24 01:39:12,855 [OM StateMachine ApplyTransaction Thread - 0] INFO  bucket.OMBucketCreateRequest (OMBucketCreateRequest.java:validateAndUpdateCache(260)) - created bucket: 6ec772ca-75c0-4b06-a509-eb720a06504f of layout LEGACY in volume: c78ebb77-9e17-4d6c-bf3d-4aa47d354eb2
2022-06-24 01:39:13,133 [Listener at 127.0.0.1/44735] INFO  rpc.RpcClient (RpcClient.java:createVolume(466)) - Creating Volume: 7bfd0f36-8809-49cb-9cfe-036b6ffa30c4, with runner as owner and space quota set to -1 bytes, counts quota set to -1
2022-06-24 01:39:13,137 [OM StateMachine ApplyTransaction Thread - 0] INFO  volume.OMVolumeCreateRequest (OMVolumeCreateRequest.java:validateAndUpdateCache(195)) - created volume:7bfd0f36-8809-49cb-9cfe-036b6ffa30c4 for user:runner
2022-06-24 01:39:13,139 [Listener at 127.0.0.1/44735] INFO  rpc.RpcClient (RpcClient.java:createBucket(666)) - Creating Bucket: 7bfd0f36-8809-49cb-9cfe-036b6ffa30c4/21ac32bc-f545-4de5-b71d-c6a0c5c72951, with the Bucket Layout null, runner as owner, Versioning false, Storage Type set to DISK and Encryption set to false 
2022-06-24 01:39:13,142 [OM StateMachine ApplyTransaction Thread - 0] INFO  bucket.OMBucketCreateRequest (OMBucketCreateRequest.java:validateAndUpdateCache(260)) - created bucket: 21ac32bc-f545-4de5-b71d-c6a0c5c72951 of layout LEGACY in volume: 7bfd0f36-8809-49cb-9cfe-036b6ffa30c4
2022-06-24 01:39:13,667 [Listener at 127.0.0.1/44735] INFO  rpc.RpcClient (RpcClient.java:createVolume(466)) - Creating Volume: 67f0fc84-e9cb-44a7-9698-cb5189b678e3, with runner as owner and space quota set to -1 bytes, counts quota set to -1
2022-06-24 01:39:13,670 [OM StateMachine ApplyTransaction Thread - 0] INFO  volume.OMVolumeCreateRequest (OMVolumeCreateRequest.java:validateAndUpdateCache(195)) - created volume:67f0fc84-e9cb-44a7-9698-cb5189b678e3 for user:runner
2022-06-24 01:39:13,674 [Listener at 127.0.0.1/44735] INFO  rpc.RpcClient (RpcClient.java:createBucket(666)) - Creating Bucket: 67f0fc84-e9cb-44a7-9698-cb5189b678e3/c901882c-08b7-483e-8cfa-e596c14cbea6, with the Bucket Layout null, runner as owner, Versioning false, Storage Type set to DISK and Encryption set to false 
2022-06-24 01:39:13,677 [OM StateMachine ApplyTransaction Thread - 0] INFO  bucket.OMBucketCreateRequest (OMBucketCreateRequest.java:validateAndUpdateCache(260)) - created bucket: c901882c-08b7-483e-8cfa-e596c14cbea6 of layout LEGACY in volume: 67f0fc84-e9cb-44a7-9698-cb5189b678e3
2022-06-24 01:39:14,330 [Listener at 127.0.0.1/44735] INFO  rpc.RpcClient (RpcClient.java:createVolume(466)) - Creating Volume: 08ced6c9-fbef-48b2-8bd5-6dd3264ee4ab, with runner as owner and space quota set to -1 bytes, counts quota set to -1
2022-06-24 01:39:14,335 [OM StateMachine ApplyTransaction Thread - 0] INFO  volume.OMVolumeCreateRequest (OMVolumeCreateRequest.java:validateAndUpdateCache(195)) - created volume:08ced6c9-fbef-48b2-8bd5-6dd3264ee4ab for user:runner
2022-06-24 01:39:14,337 [Listener at 127.0.0.1/44735] INFO  rpc.RpcClient (RpcClient.java:createBucket(666)) - Creating Bucket: 08ced6c9-fbef-48b2-8bd5-6dd3264ee4ab/efd27a75-bf7f-4f37-8ba3-fb8ec7115621, with the Bucket Layout null, runner as owner, Versioning false, Storage Type set to DISK and Encryption set to false 
2022-06-24 01:39:14,340 [OM StateMachine ApplyTransaction Thread - 0] INFO  bucket.OMBucketCreateRequest (OMBucketCreateRequest.java:validateAndUpdateCache(260)) - created bucket: efd27a75-bf7f-4f37-8ba3-fb8ec7115621 of layout LEGACY in volume: 08ced6c9-fbef-48b2-8bd5-6dd3264ee4ab
2022-06-24 01:39:15,128 [Listener at 127.0.0.1/44735] INFO  rpc.RpcClient (RpcClient.java:createVolume(466)) - Creating Volume: 2af81fa7-b2ea-42f1-9f12-88e2ed20dd8f, with runner as owner and space quota set to -1 bytes, counts quota set to -1
2022-06-24 01:39:15,131 [OM StateMachine ApplyTransaction Thread - 0] INFO  volume.OMVolumeCreateRequest (OMVolumeCreateRequest.java:validateAndUpdateCache(195)) - created volume:2af81fa7-b2ea-42f1-9f12-88e2ed20dd8f for user:runner
2022-06-24 01:39:15,134 [Listener at 127.0.0.1/44735] INFO  rpc.RpcClient (RpcClient.java:createBucket(666)) - Creating Bucket: 2af81fa7-b2ea-42f1-9f12-88e2ed20dd8f/5c66ce79-d7ca-4eef-ab50-8be83fd5172b, with the Bucket Layout null, runner as owner, Versioning false, Storage Type set to DISK and Encryption set to false 
2022-06-24 01:39:15,137 [OM StateMachine ApplyTransaction Thread - 0] INFO  bucket.OMBucketCreateRequest (OMBucketCreateRequest.java:validateAndUpdateCache(260)) - created bucket: 5c66ce79-d7ca-4eef-ab50-8be83fd5172b of layout LEGACY in volume: 2af81fa7-b2ea-42f1-9f12-88e2ed20dd8f
2022-06-24 01:39:15,889 [Listener at 127.0.0.1/44735] INFO  rpc.RpcClient (RpcClient.java:createVolume(466)) - Creating Volume: 75a126c0-d3e9-48c0-80b4-5f36a37234b6, with runner as owner and space quota set to -1 bytes, counts quota set to -1
2022-06-24 01:39:15,892 [OM StateMachine ApplyTransaction Thread - 0] INFO  volume.OMVolumeCreateRequest (OMVolumeCreateRequest.java:validateAndUpdateCache(195)) - created volume:75a126c0-d3e9-48c0-80b4-5f36a37234b6 for user:runner
2022-06-24 01:39:15,895 [Listener at 127.0.0.1/44735] INFO  rpc.RpcClient (RpcClient.java:createBucket(666)) - Creating Bucket: 75a126c0-d3e9-48c0-80b4-5f36a37234b6/ba64dc78-39aa-43c8-97b5-20060b147ad5, with the Bucket Layout null, runner as owner, Versioning false, Storage Type set to DISK and Encryption set to false 
2022-06-24 01:39:15,898 [OM StateMachine ApplyTransaction Thread - 0] INFO  bucket.OMBucketCreateRequest (OMBucketCreateRequest.java:validateAndUpdateCache(260)) - created bucket: ba64dc78-39aa-43c8-97b5-20060b147ad5 of layout LEGACY in volume: 75a126c0-d3e9-48c0-80b4-5f36a37234b6
2022-06-24 01:39:17,003 [org.apache.ratis.util.JvmPauseMonitor$$Lambda$701/1321602506@7ceaebe3] WARN  util.JvmPauseMonitor (JvmPauseMonitor.java:detectPause(124)) - JvmPauseMonitor-8f0fd873-ddec-4296-98a7-545b4d6b4e22: Detected pause in JVM or host machine (eg GC): pause of approximately 114703484ns.
GC pool 'PS MarkSweep' had collection(s): count=1 time=279ms
GC pool 'PS Scavenge' had collection(s): count=1 time=83ms
2022-06-24 01:39:17,003 [org.apache.ratis.util.JvmPauseMonitor$$Lambda$701/1321602506@8eebc81] WARN  util.JvmPauseMonitor (JvmPauseMonitor.java:detectPause(124)) - JvmPauseMonitor-om1: Detected pause in JVM or host machine (eg GC): pause of approximately 172820216ns.
GC pool 'PS MarkSweep' had collection(s): count=1 time=279ms
GC pool 'PS Scavenge' had collection(s): count=1 time=83ms
2022-06-24 01:39:17,010 [org.apache.ratis.util.JvmPauseMonitor$$Lambda$701/1321602506@2cf878f0] WARN  util.JvmPauseMonitor (JvmPauseMonitor.java:detectPause(124)) - JvmPauseMonitor-f3ba8611-1cd4-4447-b340-6f7bbd865d5c: Detected pause in JVM or host machine (eg GC): pause of approximately 254204898ns.
GC pool 'PS MarkSweep' had collection(s): count=1 time=279ms
GC pool 'PS Scavenge' had collection(s): count=1 time=83ms
2022-06-24 01:39:17,015 [org.apache.ratis.util.JvmPauseMonitor$$Lambda$701/1321602506@4c8b9972] WARN  util.JvmPauseMonitor (JvmPauseMonitor.java:detectPause(124)) - JvmPauseMonitor-c538bd0d-a22c-47f3-9c5c-aa06a1234548: Detected pause in JVM or host machine (eg GC): pause of approximately 344242401ns.
GC pool 'PS MarkSweep' had collection(s): count=1 time=279ms
GC pool 'PS Scavenge' had collection(s): count=1 time=83ms
2022-06-24 01:39:17,199 [Listener at 127.0.0.1/44735] INFO  rpc.RpcClient (RpcClient.java:createVolume(466)) - Creating Volume: d3b06fe8-cdaf-44b5-81f6-6cc949706f3a, with runner as owner and space quota set to -1 bytes, counts quota set to -1
2022-06-24 01:39:17,202 [OM StateMachine ApplyTransaction Thread - 0] INFO  volume.OMVolumeCreateRequest (OMVolumeCreateRequest.java:validateAndUpdateCache(195)) - created volume:d3b06fe8-cdaf-44b5-81f6-6cc949706f3a for user:runner
2022-06-24 01:39:17,204 [Listener at 127.0.0.1/44735] INFO  rpc.RpcClient (RpcClient.java:createBucket(666)) - Creating Bucket: d3b06fe8-cdaf-44b5-81f6-6cc949706f3a/316416df-e2bf-4b96-9f2e-3830271c4fa4, with the Bucket Layout null, runner as owner, Versioning false, Storage Type set to DISK and Encryption set to false 
2022-06-24 01:39:17,208 [OM StateMachine ApplyTransaction Thread - 0] INFO  bucket.OMBucketCreateRequest (OMBucketCreateRequest.java:validateAndUpdateCache(260)) - created bucket: 316416df-e2bf-4b96-9f2e-3830271c4fa4 of layout LEGACY in volume: d3b06fe8-cdaf-44b5-81f6-6cc949706f3a
]]></system-out>
  </testcase>
  <testcase name="testBucketQuota(ReplicationConfig)[3]" classname="org.apache.hadoop.ozone.client.rpc.TestOzoneRpcClient" time="6.745">
    <system-out><![CDATA[2022-06-24 01:39:19,568 [Listener at 127.0.0.1/44735] INFO  rpc.RpcClient (RpcClient.java:createVolume(466)) - Creating Volume: b258035d-3640-4fb5-97cc-31c75f3e65d3, with runner as owner and space quota set to -1 bytes, counts quota set to -1
2022-06-24 01:39:19,604 [OM StateMachine ApplyTransaction Thread - 0] INFO  volume.OMVolumeCreateRequest (OMVolumeCreateRequest.java:validateAndUpdateCache(195)) - created volume:b258035d-3640-4fb5-97cc-31c75f3e65d3 for user:runner
2022-06-24 01:39:19,607 [Listener at 127.0.0.1/44735] INFO  rpc.RpcClient (RpcClient.java:createBucket(666)) - Creating Bucket: b258035d-3640-4fb5-97cc-31c75f3e65d3/734d1953-3ebf-417d-9c95-8a2541840a3e, with the Bucket Layout null, runner as owner, Versioning false, Storage Type set to DISK and Encryption set to false 
2022-06-24 01:39:19,614 [OM StateMachine ApplyTransaction Thread - 0] INFO  bucket.OMBucketCreateRequest (OMBucketCreateRequest.java:validateAndUpdateCache(260)) - created bucket: 734d1953-3ebf-417d-9c95-8a2541840a3e of layout LEGACY in volume: b258035d-3640-4fb5-97cc-31c75f3e65d3
2022-06-24 01:39:19,629 [IPC Server handler 13 on default port 44843] INFO  pipeline.PipelineStateManagerImpl (PipelineStateManagerImpl.java:addPipeline(101)) - Created pipeline Pipeline[ Id: 1e856d89-fbae-4ad1-b847-59ef641d181d, Nodes: 10656556-265e-4307-9f78-5b96f7074e5c{ip: 10.1.0.17, host: fv-az66-546.vwcdieab4koerntclszyavmfxa.dx.internal.cloudapp.net, ports: [REPLICATION=32887, RATIS=34937, RATIS_ADMIN=34937, RATIS_SERVER=34937, STANDALONE=45331], networkLocation: /default-rack, certSerialId: null, persistedOpState: null, persistedOpStateExpiryEpochSec: 0}c538bd0d-a22c-47f3-9c5c-aa06a1234548{ip: 10.1.0.17, host: fv-az66-546.vwcdieab4koerntclszyavmfxa.dx.internal.cloudapp.net, ports: [REPLICATION=37121, RATIS=40341, RATIS_ADMIN=40341, RATIS_SERVER=40341, STANDALONE=34721], networkLocation: /default-rack, certSerialId: null, persistedOpState: null, persistedOpStateExpiryEpochSec: 0}f3ba8611-1cd4-4447-b340-6f7bbd865d5c{ip: 10.1.0.17, host: fv-az66-546.vwcdieab4koerntclszyavmfxa.dx.internal.cloudapp.net, ports: [REPLICATION=37125, RATIS=39401, RATIS_ADMIN=39401, RATIS_SERVER=39401, STANDALONE=33013], networkLocation: /default-rack, certSerialId: null, persistedOpState: null, persistedOpStateExpiryEpochSec: 0}8f0fd873-ddec-4296-98a7-545b4d6b4e22{ip: 10.1.0.17, host: fv-az66-546.vwcdieab4koerntclszyavmfxa.dx.internal.cloudapp.net, ports: [REPLICATION=39983, RATIS=44021, RATIS_ADMIN=44021, RATIS_SERVER=44021, STANDALONE=33989], networkLocation: /default-rack, certSerialId: null, persistedOpState: null, persistedOpStateExpiryEpochSec: 0}9ae5d421-0cc7-487c-9408-d74f6a32f32f{ip: 10.1.0.17, host: fv-az66-546.vwcdieab4koerntclszyavmfxa.dx.internal.cloudapp.net, ports: [REPLICATION=42287, RATIS=45445, RATIS_ADMIN=45445, RATIS_SERVER=45445, STANDALONE=38423], networkLocation: /default-rack, certSerialId: null, persistedOpState: null, persistedOpStateExpiryEpochSec: 0}, ReplicationConfig: EC/ECReplicationConfig{data=3, parity=2, ecChunkSize=1048576, codec=rs}, State:ALLOCATED, leaderId:, CreationTimestamp2022-06-24T01:39:19.628Z[Etc/UTC]].
2022-06-24 01:39:19,630 [IPC Server handler 13 on default port 44843] INFO  pipeline.PipelineManagerImpl (PipelineManagerImpl.java:openPipeline(358)) - Pipeline Pipeline[ Id: 1e856d89-fbae-4ad1-b847-59ef641d181d, Nodes: 10656556-265e-4307-9f78-5b96f7074e5c{ip: 10.1.0.17, host: fv-az66-546.vwcdieab4koerntclszyavmfxa.dx.internal.cloudapp.net, ports: [REPLICATION=32887, RATIS=34937, RATIS_ADMIN=34937, RATIS_SERVER=34937, STANDALONE=45331], networkLocation: /default-rack, certSerialId: null, persistedOpState: null, persistedOpStateExpiryEpochSec: 0}c538bd0d-a22c-47f3-9c5c-aa06a1234548{ip: 10.1.0.17, host: fv-az66-546.vwcdieab4koerntclszyavmfxa.dx.internal.cloudapp.net, ports: [REPLICATION=37121, RATIS=40341, RATIS_ADMIN=40341, RATIS_SERVER=40341, STANDALONE=34721], networkLocation: /default-rack, certSerialId: null, persistedOpState: null, persistedOpStateExpiryEpochSec: 0}f3ba8611-1cd4-4447-b340-6f7bbd865d5c{ip: 10.1.0.17, host: fv-az66-546.vwcdieab4koerntclszyavmfxa.dx.internal.cloudapp.net, ports: [REPLICATION=37125, RATIS=39401, RATIS_ADMIN=39401, RATIS_SERVER=39401, STANDALONE=33013], networkLocation: /default-rack, certSerialId: null, persistedOpState: null, persistedOpStateExpiryEpochSec: 0}8f0fd873-ddec-4296-98a7-545b4d6b4e22{ip: 10.1.0.17, host: fv-az66-546.vwcdieab4koerntclszyavmfxa.dx.internal.cloudapp.net, ports: [REPLICATION=39983, RATIS=44021, RATIS_ADMIN=44021, RATIS_SERVER=44021, STANDALONE=33989], networkLocation: /default-rack, certSerialId: null, persistedOpState: null, persistedOpStateExpiryEpochSec: 0}9ae5d421-0cc7-487c-9408-d74f6a32f32f{ip: 10.1.0.17, host: fv-az66-546.vwcdieab4koerntclszyavmfxa.dx.internal.cloudapp.net, ports: [REPLICATION=42287, RATIS=45445, RATIS_ADMIN=45445, RATIS_SERVER=45445, STANDALONE=38423], networkLocation: /default-rack, certSerialId: null, persistedOpState: null, persistedOpStateExpiryEpochSec: 0}, ReplicationConfig: EC/ECReplicationConfig{data=3, parity=2, ecChunkSize=1048576, codec=rs}, State:ALLOCATED, leaderId:, CreationTimestamp2022-06-24T01:39:19.628Z[Etc/UTC]] moved to OPEN state
2022-06-24 01:39:19,679 [Listener at 127.0.0.1/44735] WARN  erasurecode.ErasureCodeNative (ErasureCodeNative.java:<clinit>(55)) - ISA-L support is not available in your platform... using builtin-java codec where applicable
2022-06-24 01:39:19,801 [IPC Server handler 15 on default port 44843] INFO  pipeline.PipelineStateManagerImpl (PipelineStateManagerImpl.java:addPipeline(101)) - Created pipeline Pipeline[ Id: 89add622-0db3-46ba-84a4-c80afbd63ebb, Nodes: c538bd0d-a22c-47f3-9c5c-aa06a1234548{ip: 10.1.0.17, host: fv-az66-546.vwcdieab4koerntclszyavmfxa.dx.internal.cloudapp.net, ports: [REPLICATION=37121, RATIS=40341, RATIS_ADMIN=40341, RATIS_SERVER=40341, STANDALONE=34721], networkLocation: /default-rack, certSerialId: null, persistedOpState: null, persistedOpStateExpiryEpochSec: 0}8f0fd873-ddec-4296-98a7-545b4d6b4e22{ip: 10.1.0.17, host: fv-az66-546.vwcdieab4koerntclszyavmfxa.dx.internal.cloudapp.net, ports: [REPLICATION=39983, RATIS=44021, RATIS_ADMIN=44021, RATIS_SERVER=44021, STANDALONE=33989], networkLocation: /default-rack, certSerialId: null, persistedOpState: null, persistedOpStateExpiryEpochSec: 0}9ae5d421-0cc7-487c-9408-d74f6a32f32f{ip: 10.1.0.17, host: fv-az66-546.vwcdieab4koerntclszyavmfxa.dx.internal.cloudapp.net, ports: [REPLICATION=42287, RATIS=45445, RATIS_ADMIN=45445, RATIS_SERVER=45445, STANDALONE=38423], networkLocation: /default-rack, certSerialId: null, persistedOpState: null, persistedOpStateExpiryEpochSec: 0}10656556-265e-4307-9f78-5b96f7074e5c{ip: 10.1.0.17, host: fv-az66-546.vwcdieab4koerntclszyavmfxa.dx.internal.cloudapp.net, ports: [REPLICATION=32887, RATIS=34937, RATIS_ADMIN=34937, RATIS_SERVER=34937, STANDALONE=45331], networkLocation: /default-rack, certSerialId: null, persistedOpState: null, persistedOpStateExpiryEpochSec: 0}f3ba8611-1cd4-4447-b340-6f7bbd865d5c{ip: 10.1.0.17, host: fv-az66-546.vwcdieab4koerntclszyavmfxa.dx.internal.cloudapp.net, ports: [REPLICATION=37125, RATIS=39401, RATIS_ADMIN=39401, RATIS_SERVER=39401, STANDALONE=33013], networkLocation: /default-rack, certSerialId: null, persistedOpState: null, persistedOpStateExpiryEpochSec: 0}, ReplicationConfig: EC/ECReplicationConfig{data=3, parity=2, ecChunkSize=1048576, codec=rs}, State:ALLOCATED, leaderId:, CreationTimestamp2022-06-24T01:39:19.801Z[Etc/UTC]].
2022-06-24 01:39:19,804 [IPC Server handler 15 on default port 44843] INFO  pipeline.PipelineManagerImpl (PipelineManagerImpl.java:openPipeline(358)) - Pipeline Pipeline[ Id: 89add622-0db3-46ba-84a4-c80afbd63ebb, Nodes: c538bd0d-a22c-47f3-9c5c-aa06a1234548{ip: 10.1.0.17, host: fv-az66-546.vwcdieab4koerntclszyavmfxa.dx.internal.cloudapp.net, ports: [REPLICATION=37121, RATIS=40341, RATIS_ADMIN=40341, RATIS_SERVER=40341, STANDALONE=34721], networkLocation: /default-rack, certSerialId: null, persistedOpState: null, persistedOpStateExpiryEpochSec: 0}8f0fd873-ddec-4296-98a7-545b4d6b4e22{ip: 10.1.0.17, host: fv-az66-546.vwcdieab4koerntclszyavmfxa.dx.internal.cloudapp.net, ports: [REPLICATION=39983, RATIS=44021, RATIS_ADMIN=44021, RATIS_SERVER=44021, STANDALONE=33989], networkLocation: /default-rack, certSerialId: null, persistedOpState: null, persistedOpStateExpiryEpochSec: 0}9ae5d421-0cc7-487c-9408-d74f6a32f32f{ip: 10.1.0.17, host: fv-az66-546.vwcdieab4koerntclszyavmfxa.dx.internal.cloudapp.net, ports: [REPLICATION=42287, RATIS=45445, RATIS_ADMIN=45445, RATIS_SERVER=45445, STANDALONE=38423], networkLocation: /default-rack, certSerialId: null, persistedOpState: null, persistedOpStateExpiryEpochSec: 0}10656556-265e-4307-9f78-5b96f7074e5c{ip: 10.1.0.17, host: fv-az66-546.vwcdieab4koerntclszyavmfxa.dx.internal.cloudapp.net, ports: [REPLICATION=32887, RATIS=34937, RATIS_ADMIN=34937, RATIS_SERVER=34937, STANDALONE=45331], networkLocation: /default-rack, certSerialId: null, persistedOpState: null, persistedOpStateExpiryEpochSec: 0}f3ba8611-1cd4-4447-b340-6f7bbd865d5c{ip: 10.1.0.17, host: fv-az66-546.vwcdieab4koerntclszyavmfxa.dx.internal.cloudapp.net, ports: [REPLICATION=37125, RATIS=39401, RATIS_ADMIN=39401, RATIS_SERVER=39401, STANDALONE=33013], networkLocation: /default-rack, certSerialId: null, persistedOpState: null, persistedOpStateExpiryEpochSec: 0}, ReplicationConfig: EC/ECReplicationConfig{data=3, parity=2, ecChunkSize=1048576, codec=rs}, State:ALLOCATED, leaderId:, CreationTimestamp2022-06-24T01:39:19.801Z[Etc/UTC]] moved to OPEN state
2022-06-24 01:39:19,851 [Listener at 127.0.0.1/44735] INFO  rpc.RpcClient (RpcClient.java:createVolume(466)) - Creating Volume: ee260a69-20c0-48e7-af7b-7cd6b68e0a37, with runner as owner and space quota set to -1 bytes, counts quota set to -1
2022-06-24 01:39:19,860 [OM StateMachine ApplyTransaction Thread - 0] INFO  volume.OMVolumeCreateRequest (OMVolumeCreateRequest.java:validateAndUpdateCache(195)) - created volume:ee260a69-20c0-48e7-af7b-7cd6b68e0a37 for user:runner
2022-06-24 01:39:19,864 [Listener at 127.0.0.1/44735] INFO  rpc.RpcClient (RpcClient.java:createBucket(666)) - Creating Bucket: ee260a69-20c0-48e7-af7b-7cd6b68e0a37/ebe9b690-e6c7-43ec-b248-0e7f607b90d0, with the Bucket Layout null, runner as owner, Versioning false, Storage Type set to DISK and Encryption set to false 
2022-06-24 01:39:19,867 [OM StateMachine ApplyTransaction Thread - 0] INFO  bucket.OMBucketCreateRequest (OMBucketCreateRequest.java:validateAndUpdateCache(260)) - created bucket: ebe9b690-e6c7-43ec-b248-0e7f607b90d0 of layout LEGACY in volume: ee260a69-20c0-48e7-af7b-7cd6b68e0a37
2022-06-24 01:39:19,873 [IPC Server handler 17 on default port 44843] INFO  pipeline.PipelineStateManagerImpl (PipelineStateManagerImpl.java:addPipeline(101)) - Created pipeline Pipeline[ Id: 4011f5b9-f69e-4933-9b07-dd5cc1c40860, Nodes: 9ae5d421-0cc7-487c-9408-d74f6a32f32f{ip: 10.1.0.17, host: fv-az66-546.vwcdieab4koerntclszyavmfxa.dx.internal.cloudapp.net, ports: [REPLICATION=42287, RATIS=45445, RATIS_ADMIN=45445, RATIS_SERVER=45445, STANDALONE=38423], networkLocation: /default-rack, certSerialId: null, persistedOpState: null, persistedOpStateExpiryEpochSec: 0}c538bd0d-a22c-47f3-9c5c-aa06a1234548{ip: 10.1.0.17, host: fv-az66-546.vwcdieab4koerntclszyavmfxa.dx.internal.cloudapp.net, ports: [REPLICATION=37121, RATIS=40341, RATIS_ADMIN=40341, RATIS_SERVER=40341, STANDALONE=34721], networkLocation: /default-rack, certSerialId: null, persistedOpState: null, persistedOpStateExpiryEpochSec: 0}10656556-265e-4307-9f78-5b96f7074e5c{ip: 10.1.0.17, host: fv-az66-546.vwcdieab4koerntclszyavmfxa.dx.internal.cloudapp.net, ports: [REPLICATION=32887, RATIS=34937, RATIS_ADMIN=34937, RATIS_SERVER=34937, STANDALONE=45331], networkLocation: /default-rack, certSerialId: null, persistedOpState: null, persistedOpStateExpiryEpochSec: 0}8f0fd873-ddec-4296-98a7-545b4d6b4e22{ip: 10.1.0.17, host: fv-az66-546.vwcdieab4koerntclszyavmfxa.dx.internal.cloudapp.net, ports: [REPLICATION=39983, RATIS=44021, RATIS_ADMIN=44021, RATIS_SERVER=44021, STANDALONE=33989], networkLocation: /default-rack, certSerialId: null, persistedOpState: null, persistedOpStateExpiryEpochSec: 0}f3ba8611-1cd4-4447-b340-6f7bbd865d5c{ip: 10.1.0.17, host: fv-az66-546.vwcdieab4koerntclszyavmfxa.dx.internal.cloudapp.net, ports: [REPLICATION=37125, RATIS=39401, RATIS_ADMIN=39401, RATIS_SERVER=39401, STANDALONE=33013], networkLocation: /default-rack, certSerialId: null, persistedOpState: null, persistedOpStateExpiryEpochSec: 0}, ReplicationConfig: EC/ECReplicationConfig{data=3, parity=2, ecChunkSize=1048576, codec=rs}, State:ALLOCATED, leaderId:, CreationTimestamp2022-06-24T01:39:19.872Z[Etc/UTC]].
2022-06-24 01:39:19,874 [IPC Server handler 17 on default port 44843] INFO  pipeline.PipelineManagerImpl (PipelineManagerImpl.java:openPipeline(358)) - Pipeline Pipeline[ Id: 4011f5b9-f69e-4933-9b07-dd5cc1c40860, Nodes: 9ae5d421-0cc7-487c-9408-d74f6a32f32f{ip: 10.1.0.17, host: fv-az66-546.vwcdieab4koerntclszyavmfxa.dx.internal.cloudapp.net, ports: [REPLICATION=42287, RATIS=45445, RATIS_ADMIN=45445, RATIS_SERVER=45445, STANDALONE=38423], networkLocation: /default-rack, certSerialId: null, persistedOpState: null, persistedOpStateExpiryEpochSec: 0}c538bd0d-a22c-47f3-9c5c-aa06a1234548{ip: 10.1.0.17, host: fv-az66-546.vwcdieab4koerntclszyavmfxa.dx.internal.cloudapp.net, ports: [REPLICATION=37121, RATIS=40341, RATIS_ADMIN=40341, RATIS_SERVER=40341, STANDALONE=34721], networkLocation: /default-rack, certSerialId: null, persistedOpState: null, persistedOpStateExpiryEpochSec: 0}10656556-265e-4307-9f78-5b96f7074e5c{ip: 10.1.0.17, host: fv-az66-546.vwcdieab4koerntclszyavmfxa.dx.internal.cloudapp.net, ports: [REPLICATION=32887, RATIS=34937, RATIS_ADMIN=34937, RATIS_SERVER=34937, STANDALONE=45331], networkLocation: /default-rack, certSerialId: null, persistedOpState: null, persistedOpStateExpiryEpochSec: 0}8f0fd873-ddec-4296-98a7-545b4d6b4e22{ip: 10.1.0.17, host: fv-az66-546.vwcdieab4koerntclszyavmfxa.dx.internal.cloudapp.net, ports: [REPLICATION=39983, RATIS=44021, RATIS_ADMIN=44021, RATIS_SERVER=44021, STANDALONE=33989], networkLocation: /default-rack, certSerialId: null, persistedOpState: null, persistedOpStateExpiryEpochSec: 0}f3ba8611-1cd4-4447-b340-6f7bbd865d5c{ip: 10.1.0.17, host: fv-az66-546.vwcdieab4koerntclszyavmfxa.dx.internal.cloudapp.net, ports: [REPLICATION=37125, RATIS=39401, RATIS_ADMIN=39401, RATIS_SERVER=39401, STANDALONE=33013], networkLocation: /default-rack, certSerialId: null, persistedOpState: null, persistedOpStateExpiryEpochSec: 0}, ReplicationConfig: EC/ECReplicationConfig{data=3, parity=2, ecChunkSize=1048576, codec=rs}, State:ALLOCATED, leaderId:, CreationTimestamp2022-06-24T01:39:19.872Z[Etc/UTC]] moved to OPEN state
2022-06-24 01:39:20,111 [IPC Server handler 12 on default port 44843] INFO  pipeline.PipelineStateManagerImpl (PipelineStateManagerImpl.java:addPipeline(101)) - Created pipeline Pipeline[ Id: 0ac5b373-f62d-4860-b928-989f6881c43a, Nodes: 9ae5d421-0cc7-487c-9408-d74f6a32f32f{ip: 10.1.0.17, host: fv-az66-546.vwcdieab4koerntclszyavmfxa.dx.internal.cloudapp.net, ports: [REPLICATION=42287, RATIS=45445, RATIS_ADMIN=45445, RATIS_SERVER=45445, STANDALONE=38423], networkLocation: /default-rack, certSerialId: null, persistedOpState: null, persistedOpStateExpiryEpochSec: 0}c538bd0d-a22c-47f3-9c5c-aa06a1234548{ip: 10.1.0.17, host: fv-az66-546.vwcdieab4koerntclszyavmfxa.dx.internal.cloudapp.net, ports: [REPLICATION=37121, RATIS=40341, RATIS_ADMIN=40341, RATIS_SERVER=40341, STANDALONE=34721], networkLocation: /default-rack, certSerialId: null, persistedOpState: null, persistedOpStateExpiryEpochSec: 0}f3ba8611-1cd4-4447-b340-6f7bbd865d5c{ip: 10.1.0.17, host: fv-az66-546.vwcdieab4koerntclszyavmfxa.dx.internal.cloudapp.net, ports: [REPLICATION=37125, RATIS=39401, RATIS_ADMIN=39401, RATIS_SERVER=39401, STANDALONE=33013], networkLocation: /default-rack, certSerialId: null, persistedOpState: null, persistedOpStateExpiryEpochSec: 0}10656556-265e-4307-9f78-5b96f7074e5c{ip: 10.1.0.17, host: fv-az66-546.vwcdieab4koerntclszyavmfxa.dx.internal.cloudapp.net, ports: [REPLICATION=32887, RATIS=34937, RATIS_ADMIN=34937, RATIS_SERVER=34937, STANDALONE=45331], networkLocation: /default-rack, certSerialId: null, persistedOpState: null, persistedOpStateExpiryEpochSec: 0}8f0fd873-ddec-4296-98a7-545b4d6b4e22{ip: 10.1.0.17, host: fv-az66-546.vwcdieab4koerntclszyavmfxa.dx.internal.cloudapp.net, ports: [REPLICATION=39983, RATIS=44021, RATIS_ADMIN=44021, RATIS_SERVER=44021, STANDALONE=33989], networkLocation: /default-rack, certSerialId: null, persistedOpState: null, persistedOpStateExpiryEpochSec: 0}, ReplicationConfig: EC/ECReplicationConfig{data=3, parity=2, ecChunkSize=1048576, codec=rs}, State:ALLOCATED, leaderId:, CreationTimestamp2022-06-24T01:39:20.111Z[Etc/UTC]].
2022-06-24 01:39:20,114 [IPC Server handler 12 on default port 44843] INFO  pipeline.PipelineManagerImpl (PipelineManagerImpl.java:openPipeline(358)) - Pipeline Pipeline[ Id: 0ac5b373-f62d-4860-b928-989f6881c43a, Nodes: 9ae5d421-0cc7-487c-9408-d74f6a32f32f{ip: 10.1.0.17, host: fv-az66-546.vwcdieab4koerntclszyavmfxa.dx.internal.cloudapp.net, ports: [REPLICATION=42287, RATIS=45445, RATIS_ADMIN=45445, RATIS_SERVER=45445, STANDALONE=38423], networkLocation: /default-rack, certSerialId: null, persistedOpState: null, persistedOpStateExpiryEpochSec: 0}c538bd0d-a22c-47f3-9c5c-aa06a1234548{ip: 10.1.0.17, host: fv-az66-546.vwcdieab4koerntclszyavmfxa.dx.internal.cloudapp.net, ports: [REPLICATION=37121, RATIS=40341, RATIS_ADMIN=40341, RATIS_SERVER=40341, STANDALONE=34721], networkLocation: /default-rack, certSerialId: null, persistedOpState: null, persistedOpStateExpiryEpochSec: 0}f3ba8611-1cd4-4447-b340-6f7bbd865d5c{ip: 10.1.0.17, host: fv-az66-546.vwcdieab4koerntclszyavmfxa.dx.internal.cloudapp.net, ports: [REPLICATION=37125, RATIS=39401, RATIS_ADMIN=39401, RATIS_SERVER=39401, STANDALONE=33013], networkLocation: /default-rack, certSerialId: null, persistedOpState: null, persistedOpStateExpiryEpochSec: 0}10656556-265e-4307-9f78-5b96f7074e5c{ip: 10.1.0.17, host: fv-az66-546.vwcdieab4koerntclszyavmfxa.dx.internal.cloudapp.net, ports: [REPLICATION=32887, RATIS=34937, RATIS_ADMIN=34937, RATIS_SERVER=34937, STANDALONE=45331], networkLocation: /default-rack, certSerialId: null, persistedOpState: null, persistedOpStateExpiryEpochSec: 0}8f0fd873-ddec-4296-98a7-545b4d6b4e22{ip: 10.1.0.17, host: fv-az66-546.vwcdieab4koerntclszyavmfxa.dx.internal.cloudapp.net, ports: [REPLICATION=39983, RATIS=44021, RATIS_ADMIN=44021, RATIS_SERVER=44021, STANDALONE=33989], networkLocation: /default-rack, certSerialId: null, persistedOpState: null, persistedOpStateExpiryEpochSec: 0}, ReplicationConfig: EC/ECReplicationConfig{data=3, parity=2, ecChunkSize=1048576, codec=rs}, State:ALLOCATED, leaderId:, CreationTimestamp2022-06-24T01:39:20.111Z[Etc/UTC]] moved to OPEN state
2022-06-24 01:39:20,338 [Listener at 127.0.0.1/44735] INFO  rpc.RpcClient (RpcClient.java:createVolume(466)) - Creating Volume: 87c23956-a08b-45f9-b2cb-c615449bdb5f, with runner as owner and space quota set to -1 bytes, counts quota set to -1
2022-06-24 01:39:20,342 [OM StateMachine ApplyTransaction Thread - 0] INFO  volume.OMVolumeCreateRequest (OMVolumeCreateRequest.java:validateAndUpdateCache(195)) - created volume:87c23956-a08b-45f9-b2cb-c615449bdb5f for user:runner
2022-06-24 01:39:20,348 [Listener at 127.0.0.1/44735] INFO  rpc.RpcClient (RpcClient.java:createBucket(666)) - Creating Bucket: 87c23956-a08b-45f9-b2cb-c615449bdb5f/333f1278-7a42-4da1-bc9e-7df0232cca73, with the Bucket Layout null, runner as owner, Versioning false, Storage Type set to DISK and Encryption set to false 
2022-06-24 01:39:20,351 [OM StateMachine ApplyTransaction Thread - 0] INFO  bucket.OMBucketCreateRequest (OMBucketCreateRequest.java:validateAndUpdateCache(260)) - created bucket: 333f1278-7a42-4da1-bc9e-7df0232cca73 of layout LEGACY in volume: 87c23956-a08b-45f9-b2cb-c615449bdb5f
2022-06-24 01:39:20,361 [IPC Server handler 8 on default port 44843] INFO  pipeline.PipelineStateManagerImpl (PipelineStateManagerImpl.java:addPipeline(101)) - Created pipeline Pipeline[ Id: d7fada7e-8a44-4a37-842c-73e510d07bac, Nodes: 9ae5d421-0cc7-487c-9408-d74f6a32f32f{ip: 10.1.0.17, host: fv-az66-546.vwcdieab4koerntclszyavmfxa.dx.internal.cloudapp.net, ports: [REPLICATION=42287, RATIS=45445, RATIS_ADMIN=45445, RATIS_SERVER=45445, STANDALONE=38423], networkLocation: /default-rack, certSerialId: null, persistedOpState: null, persistedOpStateExpiryEpochSec: 0}10656556-265e-4307-9f78-5b96f7074e5c{ip: 10.1.0.17, host: fv-az66-546.vwcdieab4koerntclszyavmfxa.dx.internal.cloudapp.net, ports: [REPLICATION=32887, RATIS=34937, RATIS_ADMIN=34937, RATIS_SERVER=34937, STANDALONE=45331], networkLocation: /default-rack, certSerialId: null, persistedOpState: null, persistedOpStateExpiryEpochSec: 0}8f0fd873-ddec-4296-98a7-545b4d6b4e22{ip: 10.1.0.17, host: fv-az66-546.vwcdieab4koerntclszyavmfxa.dx.internal.cloudapp.net, ports: [REPLICATION=39983, RATIS=44021, RATIS_ADMIN=44021, RATIS_SERVER=44021, STANDALONE=33989], networkLocation: /default-rack, certSerialId: null, persistedOpState: null, persistedOpStateExpiryEpochSec: 0}f3ba8611-1cd4-4447-b340-6f7bbd865d5c{ip: 10.1.0.17, host: fv-az66-546.vwcdieab4koerntclszyavmfxa.dx.internal.cloudapp.net, ports: [REPLICATION=37125, RATIS=39401, RATIS_ADMIN=39401, RATIS_SERVER=39401, STANDALONE=33013], networkLocation: /default-rack, certSerialId: null, persistedOpState: null, persistedOpStateExpiryEpochSec: 0}c538bd0d-a22c-47f3-9c5c-aa06a1234548{ip: 10.1.0.17, host: fv-az66-546.vwcdieab4koerntclszyavmfxa.dx.internal.cloudapp.net, ports: [REPLICATION=37121, RATIS=40341, RATIS_ADMIN=40341, RATIS_SERVER=40341, STANDALONE=34721], networkLocation: /default-rack, certSerialId: null, persistedOpState: null, persistedOpStateExpiryEpochSec: 0}, ReplicationConfig: EC/ECReplicationConfig{data=3, parity=2, ecChunkSize=1048576, codec=rs}, State:ALLOCATED, leaderId:, CreationTimestamp2022-06-24T01:39:20.361Z[Etc/UTC]].
2022-06-24 01:39:20,362 [IPC Server handler 8 on default port 44843] INFO  pipeline.PipelineManagerImpl (PipelineManagerImpl.java:openPipeline(358)) - Pipeline Pipeline[ Id: d7fada7e-8a44-4a37-842c-73e510d07bac, Nodes: 9ae5d421-0cc7-487c-9408-d74f6a32f32f{ip: 10.1.0.17, host: fv-az66-546.vwcdieab4koerntclszyavmfxa.dx.internal.cloudapp.net, ports: [REPLICATION=42287, RATIS=45445, RATIS_ADMIN=45445, RATIS_SERVER=45445, STANDALONE=38423], networkLocation: /default-rack, certSerialId: null, persistedOpState: null, persistedOpStateExpiryEpochSec: 0}10656556-265e-4307-9f78-5b96f7074e5c{ip: 10.1.0.17, host: fv-az66-546.vwcdieab4koerntclszyavmfxa.dx.internal.cloudapp.net, ports: [REPLICATION=32887, RATIS=34937, RATIS_ADMIN=34937, RATIS_SERVER=34937, STANDALONE=45331], networkLocation: /default-rack, certSerialId: null, persistedOpState: null, persistedOpStateExpiryEpochSec: 0}8f0fd873-ddec-4296-98a7-545b4d6b4e22{ip: 10.1.0.17, host: fv-az66-546.vwcdieab4koerntclszyavmfxa.dx.internal.cloudapp.net, ports: [REPLICATION=39983, RATIS=44021, RATIS_ADMIN=44021, RATIS_SERVER=44021, STANDALONE=33989], networkLocation: /default-rack, certSerialId: null, persistedOpState: null, persistedOpStateExpiryEpochSec: 0}f3ba8611-1cd4-4447-b340-6f7bbd865d5c{ip: 10.1.0.17, host: fv-az66-546.vwcdieab4koerntclszyavmfxa.dx.internal.cloudapp.net, ports: [REPLICATION=37125, RATIS=39401, RATIS_ADMIN=39401, RATIS_SERVER=39401, STANDALONE=33013], networkLocation: /default-rack, certSerialId: null, persistedOpState: null, persistedOpStateExpiryEpochSec: 0}c538bd0d-a22c-47f3-9c5c-aa06a1234548{ip: 10.1.0.17, host: fv-az66-546.vwcdieab4koerntclszyavmfxa.dx.internal.cloudapp.net, ports: [REPLICATION=37121, RATIS=40341, RATIS_ADMIN=40341, RATIS_SERVER=40341, STANDALONE=34721], networkLocation: /default-rack, certSerialId: null, persistedOpState: null, persistedOpStateExpiryEpochSec: 0}, ReplicationConfig: EC/ECReplicationConfig{data=3, parity=2, ecChunkSize=1048576, codec=rs}, State:ALLOCATED, leaderId:, CreationTimestamp2022-06-24T01:39:20.361Z[Etc/UTC]] moved to OPEN state
2022-06-24 01:39:21,004 [Listener at 127.0.0.1/44735] INFO  rpc.RpcClient (RpcClient.java:createVolume(466)) - Creating Volume: f0861821-8220-41ee-bc7b-292b1544cff1, with runner as owner and space quota set to -1 bytes, counts quota set to -1
2022-06-24 01:39:21,008 [OM StateMachine ApplyTransaction Thread - 0] INFO  volume.OMVolumeCreateRequest (OMVolumeCreateRequest.java:validateAndUpdateCache(195)) - created volume:f0861821-8220-41ee-bc7b-292b1544cff1 for user:runner
2022-06-24 01:39:21,012 [Listener at 127.0.0.1/44735] INFO  rpc.RpcClient (RpcClient.java:createBucket(666)) - Creating Bucket: f0861821-8220-41ee-bc7b-292b1544cff1/8495a870-ed19-4e83-9639-fcd6deb6993e, with the Bucket Layout null, runner as owner, Versioning false, Storage Type set to DISK and Encryption set to false 
2022-06-24 01:39:21,016 [OM StateMachine ApplyTransaction Thread - 0] INFO  bucket.OMBucketCreateRequest (OMBucketCreateRequest.java:validateAndUpdateCache(260)) - created bucket: 8495a870-ed19-4e83-9639-fcd6deb6993e of layout LEGACY in volume: f0861821-8220-41ee-bc7b-292b1544cff1
2022-06-24 01:39:21,554 [Listener at 127.0.0.1/44735] INFO  rpc.RpcClient (RpcClient.java:createVolume(466)) - Creating Volume: 12df72ad-1d7b-4294-80d5-4c78fb54448b, with runner as owner and space quota set to -1 bytes, counts quota set to -1
2022-06-24 01:39:21,557 [OM StateMachine ApplyTransaction Thread - 0] INFO  volume.OMVolumeCreateRequest (OMVolumeCreateRequest.java:validateAndUpdateCache(195)) - created volume:12df72ad-1d7b-4294-80d5-4c78fb54448b for user:runner
2022-06-24 01:39:21,560 [Listener at 127.0.0.1/44735] INFO  rpc.RpcClient (RpcClient.java:createBucket(666)) - Creating Bucket: 12df72ad-1d7b-4294-80d5-4c78fb54448b/c9dc3205-66e3-4ea4-af08-4aae79a819be, with the Bucket Layout null, runner as owner, Versioning false, Storage Type set to DISK and Encryption set to false 
2022-06-24 01:39:21,562 [OM StateMachine ApplyTransaction Thread - 0] INFO  bucket.OMBucketCreateRequest (OMBucketCreateRequest.java:validateAndUpdateCache(260)) - created bucket: c9dc3205-66e3-4ea4-af08-4aae79a819be of layout LEGACY in volume: 12df72ad-1d7b-4294-80d5-4c78fb54448b
2022-06-24 01:39:22,119 [Listener at 127.0.0.1/44735] INFO  rpc.RpcClient (RpcClient.java:createVolume(466)) - Creating Volume: 12f6f55c-3ce1-4794-81de-e39c5c6068e6, with runner as owner and space quota set to -1 bytes, counts quota set to -1
2022-06-24 01:39:22,121 [OM StateMachine ApplyTransaction Thread - 0] INFO  volume.OMVolumeCreateRequest (OMVolumeCreateRequest.java:validateAndUpdateCache(195)) - created volume:12f6f55c-3ce1-4794-81de-e39c5c6068e6 for user:runner
2022-06-24 01:39:22,123 [Listener at 127.0.0.1/44735] INFO  rpc.RpcClient (RpcClient.java:createBucket(666)) - Creating Bucket: 12f6f55c-3ce1-4794-81de-e39c5c6068e6/811627fc-a0fe-4a3d-b854-3474371cd2b5, with the Bucket Layout null, runner as owner, Versioning false, Storage Type set to DISK and Encryption set to false 
2022-06-24 01:39:22,126 [OM StateMachine ApplyTransaction Thread - 0] INFO  bucket.OMBucketCreateRequest (OMBucketCreateRequest.java:validateAndUpdateCache(260)) - created bucket: 811627fc-a0fe-4a3d-b854-3474371cd2b5 of layout LEGACY in volume: 12f6f55c-3ce1-4794-81de-e39c5c6068e6
2022-06-24 01:39:22,492 [Listener at 127.0.0.1/44735] INFO  rpc.RpcClient (RpcClient.java:createVolume(466)) - Creating Volume: 416c8c9d-b75e-4224-b57b-b0aae0d65211, with runner as owner and space quota set to -1 bytes, counts quota set to -1
2022-06-24 01:39:22,494 [OM StateMachine ApplyTransaction Thread - 0] INFO  volume.OMVolumeCreateRequest (OMVolumeCreateRequest.java:validateAndUpdateCache(195)) - created volume:416c8c9d-b75e-4224-b57b-b0aae0d65211 for user:runner
2022-06-24 01:39:22,497 [Listener at 127.0.0.1/44735] INFO  rpc.RpcClient (RpcClient.java:createBucket(666)) - Creating Bucket: 416c8c9d-b75e-4224-b57b-b0aae0d65211/924456d7-6467-4a4c-a0a9-a979ad408f4b, with the Bucket Layout null, runner as owner, Versioning false, Storage Type set to DISK and Encryption set to false 
2022-06-24 01:39:22,499 [OM StateMachine ApplyTransaction Thread - 0] INFO  bucket.OMBucketCreateRequest (OMBucketCreateRequest.java:validateAndUpdateCache(260)) - created bucket: 924456d7-6467-4a4c-a0a9-a979ad408f4b of layout LEGACY in volume: 416c8c9d-b75e-4224-b57b-b0aae0d65211
2022-06-24 01:39:23,184 [Listener at 127.0.0.1/44735] INFO  rpc.RpcClient (RpcClient.java:createVolume(466)) - Creating Volume: b5ff99e2-5154-42e8-8662-a56d4f86bd11, with runner as owner and space quota set to -1 bytes, counts quota set to -1
2022-06-24 01:39:23,186 [OM StateMachine ApplyTransaction Thread - 0] INFO  volume.OMVolumeCreateRequest (OMVolumeCreateRequest.java:validateAndUpdateCache(195)) - created volume:b5ff99e2-5154-42e8-8662-a56d4f86bd11 for user:runner
2022-06-24 01:39:23,188 [Listener at 127.0.0.1/44735] INFO  rpc.RpcClient (RpcClient.java:createBucket(666)) - Creating Bucket: b5ff99e2-5154-42e8-8662-a56d4f86bd11/449b3d31-465e-416e-a412-61e048c3bb5a, with the Bucket Layout null, runner as owner, Versioning false, Storage Type set to DISK and Encryption set to false 
2022-06-24 01:39:23,190 [OM StateMachine ApplyTransaction Thread - 0] INFO  bucket.OMBucketCreateRequest (OMBucketCreateRequest.java:validateAndUpdateCache(260)) - created bucket: 449b3d31-465e-416e-a412-61e048c3bb5a of layout LEGACY in volume: b5ff99e2-5154-42e8-8662-a56d4f86bd11
2022-06-24 01:39:23,687 [Listener at 127.0.0.1/44735] INFO  rpc.RpcClient (RpcClient.java:createVolume(466)) - Creating Volume: afab2bfa-66f6-46d2-a6ae-935afe84357f, with runner as owner and space quota set to -1 bytes, counts quota set to -1
2022-06-24 01:39:23,690 [OM StateMachine ApplyTransaction Thread - 0] INFO  volume.OMVolumeCreateRequest (OMVolumeCreateRequest.java:validateAndUpdateCache(195)) - created volume:afab2bfa-66f6-46d2-a6ae-935afe84357f for user:runner
2022-06-24 01:39:23,692 [Listener at 127.0.0.1/44735] INFO  rpc.RpcClient (RpcClient.java:createBucket(666)) - Creating Bucket: afab2bfa-66f6-46d2-a6ae-935afe84357f/ee969fd2-0358-4227-9f8b-31fde74fdbba, with the Bucket Layout null, runner as owner, Versioning false, Storage Type set to DISK and Encryption set to false 
2022-06-24 01:39:23,694 [OM StateMachine ApplyTransaction Thread - 0] INFO  bucket.OMBucketCreateRequest (OMBucketCreateRequest.java:validateAndUpdateCache(260)) - created bucket: ee969fd2-0358-4227-9f8b-31fde74fdbba of layout LEGACY in volume: afab2bfa-66f6-46d2-a6ae-935afe84357f
2022-06-24 01:39:24,310 [Listener at 127.0.0.1/44735] INFO  rpc.RpcClient (RpcClient.java:createVolume(466)) - Creating Volume: db4f866c-994e-4793-be7f-8b14eacce8c5, with runner as owner and space quota set to -1 bytes, counts quota set to -1
2022-06-24 01:39:24,313 [OM StateMachine ApplyTransaction Thread - 0] INFO  volume.OMVolumeCreateRequest (OMVolumeCreateRequest.java:validateAndUpdateCache(195)) - created volume:db4f866c-994e-4793-be7f-8b14eacce8c5 for user:runner
2022-06-24 01:39:24,315 [Listener at 127.0.0.1/44735] INFO  rpc.RpcClient (RpcClient.java:createBucket(666)) - Creating Bucket: db4f866c-994e-4793-be7f-8b14eacce8c5/6a1320ec-39dc-46a6-becd-af3642f817b5, with the Bucket Layout null, runner as owner, Versioning false, Storage Type set to DISK and Encryption set to false 
2022-06-24 01:39:24,317 [OM StateMachine ApplyTransaction Thread - 0] INFO  bucket.OMBucketCreateRequest (OMBucketCreateRequest.java:validateAndUpdateCache(260)) - created bucket: 6a1320ec-39dc-46a6-becd-af3642f817b5 of layout LEGACY in volume: db4f866c-994e-4793-be7f-8b14eacce8c5
2022-06-24 01:39:24,946 [Listener at 127.0.0.1/44735] INFO  rpc.RpcClient (RpcClient.java:createVolume(466)) - Creating Volume: 7e004b67-23ee-4ac3-a7ed-5265c3db3778, with runner as owner and space quota set to -1 bytes, counts quota set to -1
2022-06-24 01:39:24,949 [OM StateMachine ApplyTransaction Thread - 0] INFO  volume.OMVolumeCreateRequest (OMVolumeCreateRequest.java:validateAndUpdateCache(195)) - created volume:7e004b67-23ee-4ac3-a7ed-5265c3db3778 for user:runner
2022-06-24 01:39:24,950 [Listener at 127.0.0.1/44735] INFO  rpc.RpcClient (RpcClient.java:createBucket(666)) - Creating Bucket: 7e004b67-23ee-4ac3-a7ed-5265c3db3778/a7c50945-9a73-4d4b-8329-fc956d208a7f, with the Bucket Layout null, runner as owner, Versioning false, Storage Type set to DISK and Encryption set to false 
2022-06-24 01:39:24,953 [OM StateMachine ApplyTransaction Thread - 0] INFO  bucket.OMBucketCreateRequest (OMBucketCreateRequest.java:validateAndUpdateCache(260)) - created bucket: a7c50945-9a73-4d4b-8329-fc956d208a7f of layout LEGACY in volume: 7e004b67-23ee-4ac3-a7ed-5265c3db3778
2022-06-24 01:39:25,565 [Listener at 127.0.0.1/44735] INFO  rpc.RpcClient (RpcClient.java:createVolume(466)) - Creating Volume: b77454b8-1575-4b41-aa56-2d61c27ebb01, with runner as owner and space quota set to -1 bytes, counts quota set to -1
2022-06-24 01:39:25,568 [OM StateMachine ApplyTransaction Thread - 0] INFO  volume.OMVolumeCreateRequest (OMVolumeCreateRequest.java:validateAndUpdateCache(195)) - created volume:b77454b8-1575-4b41-aa56-2d61c27ebb01 for user:runner
2022-06-24 01:39:25,570 [Listener at 127.0.0.1/44735] INFO  rpc.RpcClient (RpcClient.java:createBucket(666)) - Creating Bucket: b77454b8-1575-4b41-aa56-2d61c27ebb01/e7f9e107-0711-44c1-b603-11160af1ac46, with the Bucket Layout null, runner as owner, Versioning false, Storage Type set to DISK and Encryption set to false 
2022-06-24 01:39:25,572 [OM StateMachine ApplyTransaction Thread - 0] INFO  bucket.OMBucketCreateRequest (OMBucketCreateRequest.java:validateAndUpdateCache(260)) - created bucket: e7f9e107-0711-44c1-b603-11160af1ac46 of layout LEGACY in volume: b77454b8-1575-4b41-aa56-2d61c27ebb01
]]></system-out>
  </testcase>
  <testcase name="testBucketSetOwner" classname="org.apache.hadoop.ozone.client.rpc.TestOzoneRpcClient" time="0.039">
    <system-out><![CDATA[2022-06-24 01:39:26,316 [Listener at 127.0.0.1/44735] INFO  rpc.RpcClient (RpcClient.java:createVolume(466)) - Creating Volume: 193be632-f318-48ba-ba80-06e437996ba2, with runner as owner and space quota set to -1 bytes, counts quota set to -1
2022-06-24 01:39:26,319 [OM StateMachine ApplyTransaction Thread - 0] INFO  volume.OMVolumeCreateRequest (OMVolumeCreateRequest.java:validateAndUpdateCache(195)) - created volume:193be632-f318-48ba-ba80-06e437996ba2 for user:runner
2022-06-24 01:39:26,323 [Listener at 127.0.0.1/44735] INFO  rpc.RpcClient (RpcClient.java:createBucket(666)) - Creating Bucket: 193be632-f318-48ba-ba80-06e437996ba2/afef4d81-b265-483e-abff-235e48a9d738, with the Bucket Layout null, runner as owner, Versioning false, Storage Type set to DISK and Encryption set to false 
2022-06-24 01:39:26,325 [OM StateMachine ApplyTransaction Thread - 0] INFO  bucket.OMBucketCreateRequest (OMBucketCreateRequest.java:validateAndUpdateCache(260)) - created bucket: afef4d81-b265-483e-abff-235e48a9d738 of layout LEGACY in volume: 193be632-f318-48ba-ba80-06e437996ba2
]]></system-out>
  </testcase>
  <testcase name="testBucketUsedBytes" classname="org.apache.hadoop.ozone.client.rpc.TestOzoneRpcClient" time="0.15">
    <system-out><![CDATA[2022-06-24 01:39:26,356 [Listener at 127.0.0.1/44735] INFO  rpc.RpcClient (RpcClient.java:createVolume(466)) - Creating Volume: e6776fb6-8c49-4999-be40-38ae9924a072, with runner as owner and space quota set to -1 bytes, counts quota set to -1
2022-06-24 01:39:26,359 [OM StateMachine ApplyTransaction Thread - 0] INFO  volume.OMVolumeCreateRequest (OMVolumeCreateRequest.java:validateAndUpdateCache(195)) - created volume:e6776fb6-8c49-4999-be40-38ae9924a072 for user:runner
2022-06-24 01:39:26,360 [Listener at 127.0.0.1/44735] INFO  rpc.RpcClient (RpcClient.java:createBucket(666)) - Creating Bucket: e6776fb6-8c49-4999-be40-38ae9924a072/ec164516-b66a-459c-bf1b-facd4b901e58, with the Bucket Layout OBJECT_STORE, runner as owner, Versioning false, Storage Type set to DISK and Encryption set to false 
2022-06-24 01:39:26,364 [OM StateMachine ApplyTransaction Thread - 0] INFO  bucket.OMBucketCreateRequest (OMBucketCreateRequest.java:validateAndUpdateCache(260)) - created bucket: ec164516-b66a-459c-bf1b-facd4b901e58 of layout OBJECT_STORE in volume: e6776fb6-8c49-4999-be40-38ae9924a072
]]></system-out>
  </testcase>
  <testcase name="testBucketUsedNamespace" classname="org.apache.hadoop.ozone.client.rpc.TestOzoneRpcClient" time="0.104">
    <system-out><![CDATA[2022-06-24 01:39:26,506 [Listener at 127.0.0.1/44735] INFO  rpc.RpcClient (RpcClient.java:createVolume(466)) - Creating Volume: 17a88171-a65a-4b63-b14d-6a225071c12b, with runner as owner and space quota set to -1 bytes, counts quota set to -1
2022-06-24 01:39:26,509 [OM StateMachine ApplyTransaction Thread - 0] INFO  volume.OMVolumeCreateRequest (OMVolumeCreateRequest.java:validateAndUpdateCache(195)) - created volume:17a88171-a65a-4b63-b14d-6a225071c12b for user:runner
2022-06-24 01:39:26,511 [Listener at 127.0.0.1/44735] INFO  rpc.RpcClient (RpcClient.java:createBucket(666)) - Creating Bucket: 17a88171-a65a-4b63-b14d-6a225071c12b/6b19696d-3ce5-4c0b-8ef1-d241121afa47, with the Bucket Layout null, runner as owner, Versioning false, Storage Type set to DISK and Encryption set to false 
2022-06-24 01:39:26,513 [OM StateMachine ApplyTransaction Thread - 0] INFO  bucket.OMBucketCreateRequest (OMBucketCreateRequest.java:validateAndUpdateCache(260)) - created bucket: 6b19696d-3ce5-4c0b-8ef1-d241121afa47 of layout LEGACY in volume: 17a88171-a65a-4b63-b14d-6a225071c12b
01:39:26.576 [OM StateMachine ApplyTransaction Thread - 0] ERROR OMAudit - user=runner | ip=127.0.0.1 | op=ALLOCATE_KEY {volume=17a88171-a65a-4b63-b14d-6a225071c12b, bucket=6b19696d-3ce5-4c0b-8ef1-d241121afa47, key=e03296ca-0154-4cc3-afab-94858a9909b4, dataSize=12, replicationType=RATIS, replicationFactor=ONE} | ret=FAILURE
org.apache.hadoop.ozone.om.exceptions.OMException: The namespace quota of Bucket:6b19696d-3ce5-4c0b-8ef1-d241121afa47 exceeded: quotaInNamespace: 2 but namespace consumed: 3.
	at org.apache.hadoop.ozone.om.request.key.OMKeyRequest.checkBucketQuotaInNamespace(OMKeyRequest.java:548) ~[ozone-manager-1.3.0-SNAPSHOT.jar:?]
	at org.apache.hadoop.ozone.om.request.key.OMKeyCreateRequest.validateAndUpdateCache(OMKeyCreateRequest.java:312) ~[ozone-manager-1.3.0-SNAPSHOT.jar:?]
	at org.apache.hadoop.ozone.protocolPB.OzoneManagerRequestHandler.handleWriteRequest(OzoneManagerRequestHandler.java:293) ~[ozone-manager-1.3.0-SNAPSHOT.jar:?]
	at org.apache.hadoop.ozone.om.ratis.OzoneManagerStateMachine.runCommand(OzoneManagerStateMachine.java:529) ~[ozone-manager-1.3.0-SNAPSHOT.jar:?]
	at org.apache.hadoop.ozone.om.ratis.OzoneManagerStateMachine.lambda$1(OzoneManagerStateMachine.java:324) ~[ozone-manager-1.3.0-SNAPSHOT.jar:?]
	at java.util.concurrent.CompletableFuture$AsyncSupply.run(CompletableFuture.java:1604) [?:1.8.0_332]
	at java.util.concurrent.ThreadPoolExecutor.runWorker(ThreadPoolExecutor.java:1149) [?:1.8.0_332]
	at java.util.concurrent.ThreadPoolExecutor$Worker.run(ThreadPoolExecutor.java:624) [?:1.8.0_332]
	at java.lang.Thread.run(Thread.java:750) [?:1.8.0_332]
2022-06-24 01:39:26,577 [OM StateMachine ApplyTransaction Thread - 0] ERROR key.OMKeyCreateRequest (OMKeyCreateRequest.java:logResult(373)) - Key creation failed. Volume:17a88171-a65a-4b63-b14d-6a225071c12b, Bucket:6b19696d-3ce5-4c0b-8ef1-d241121afa47, Key:e03296ca-0154-4cc3-afab-94858a9909b4. 
QUOTA_EXCEEDED org.apache.hadoop.ozone.om.exceptions.OMException: The namespace quota of Bucket:6b19696d-3ce5-4c0b-8ef1-d241121afa47 exceeded: quotaInNamespace: 2 but namespace consumed: 3.
	at org.apache.hadoop.ozone.om.request.key.OMKeyRequest.checkBucketQuotaInNamespace(OMKeyRequest.java:548)
	at org.apache.hadoop.ozone.om.request.key.OMKeyCreateRequest.validateAndUpdateCache(OMKeyCreateRequest.java:312)
	at org.apache.hadoop.ozone.protocolPB.OzoneManagerRequestHandler.handleWriteRequest(OzoneManagerRequestHandler.java:293)
	at org.apache.hadoop.ozone.om.ratis.OzoneManagerStateMachine.runCommand(OzoneManagerStateMachine.java:529)
	at org.apache.hadoop.ozone.om.ratis.OzoneManagerStateMachine.lambda$1(OzoneManagerStateMachine.java:324)
	at java.util.concurrent.CompletableFuture$AsyncSupply.run(CompletableFuture.java:1604)
	at java.util.concurrent.ThreadPoolExecutor.runWorker(ThreadPoolExecutor.java:1149)
	at java.util.concurrent.ThreadPoolExecutor$Worker.run(ThreadPoolExecutor.java:624)
	at java.lang.Thread.run(Thread.java:750)
]]></system-out>
  </testcase>
  <testcase name="testCheckUsedBytesQuota" classname="org.apache.hadoop.ozone.client.rpc.TestOzoneRpcClient" time="0.915">
    <system-out><![CDATA[2022-06-24 01:39:26,612 [Listener at 127.0.0.1/44735] INFO  rpc.RpcClient (RpcClient.java:createVolume(466)) - Creating Volume: 3a6928d8-0dae-4646-aa29-6c139c223e02, with runner as owner and space quota set to -1 bytes, counts quota set to -1
2022-06-24 01:39:26,614 [OM StateMachine ApplyTransaction Thread - 0] INFO  volume.OMVolumeCreateRequest (OMVolumeCreateRequest.java:validateAndUpdateCache(195)) - created volume:3a6928d8-0dae-4646-aa29-6c139c223e02 for user:runner
2022-06-24 01:39:26,616 [Listener at 127.0.0.1/44735] INFO  rpc.RpcClient (RpcClient.java:createBucket(666)) - Creating Bucket: 3a6928d8-0dae-4646-aa29-6c139c223e02/def9b036-51b1-4cb5-a463-025a49f0cc74, with the Bucket Layout null, runner as owner, Versioning false, Storage Type set to DISK and Encryption set to false 
2022-06-24 01:39:26,618 [OM StateMachine ApplyTransaction Thread - 0] INFO  bucket.OMBucketCreateRequest (OMBucketCreateRequest.java:validateAndUpdateCache(260)) - created bucket: def9b036-51b1-4cb5-a463-025a49f0cc74 of layout LEGACY in volume: 3a6928d8-0dae-4646-aa29-6c139c223e02
2022-06-24 01:39:26,631 [Listener at 127.0.0.1/44735] INFO  rpc.RpcClient (RpcClient.java:createBucket(666)) - Creating Bucket: 3a6928d8-0dae-4646-aa29-6c139c223e02/95b3dda2-63b6-469f-a1ea-b495713d16f9, with the Bucket Layout null, runner as owner, Versioning false, Storage Type set to DISK and Encryption set to false 
2022-06-24 01:39:26,633 [OM StateMachine ApplyTransaction Thread - 0] INFO  bucket.OMBucketCreateRequest (OMBucketCreateRequest.java:validateAndUpdateCache(260)) - created bucket: 95b3dda2-63b6-469f-a1ea-b495713d16f9 of layout LEGACY in volume: 3a6928d8-0dae-4646-aa29-6c139c223e02
01:39:26.643 [OM StateMachine ApplyTransaction Thread - 0] ERROR OMAudit - user=runner | ip=127.0.0.1 | op=ALLOCATE_KEY {volume=3a6928d8-0dae-4646-aa29-6c139c223e02, bucket=95b3dda2-63b6-469f-a1ea-b495713d16f9, key=3157af89-50b3-419f-98dd-29f658bed6f0, dataSize=12, replicationType=RATIS, replicationFactor=ONE} | ret=FAILURE
org.apache.hadoop.ozone.om.exceptions.OMException: The DiskSpace quota of bucket:95b3dda2-63b6-469f-a1ea-b495713d16f9exceeded: quotaInBytes: 1 Bytes but diskspace consumed: 4194304 Bytes.
	at org.apache.hadoop.ozone.om.request.key.OMKeyRequest.checkBucketQuotaInBytes(OMKeyRequest.java:529) ~[ozone-manager-1.3.0-SNAPSHOT.jar:?]
	at org.apache.hadoop.ozone.om.request.key.OMKeyCreateRequest.validateAndUpdateCache(OMKeyCreateRequest.java:311) ~[ozone-manager-1.3.0-SNAPSHOT.jar:?]
	at org.apache.hadoop.ozone.protocolPB.OzoneManagerRequestHandler.handleWriteRequest(OzoneManagerRequestHandler.java:293) ~[ozone-manager-1.3.0-SNAPSHOT.jar:?]
	at org.apache.hadoop.ozone.om.ratis.OzoneManagerStateMachine.runCommand(OzoneManagerStateMachine.java:529) ~[ozone-manager-1.3.0-SNAPSHOT.jar:?]
	at org.apache.hadoop.ozone.om.ratis.OzoneManagerStateMachine.lambda$1(OzoneManagerStateMachine.java:324) ~[ozone-manager-1.3.0-SNAPSHOT.jar:?]
	at java.util.concurrent.CompletableFuture$AsyncSupply.run(CompletableFuture.java:1604) [?:1.8.0_332]
	at java.util.concurrent.ThreadPoolExecutor.runWorker(ThreadPoolExecutor.java:1149) [?:1.8.0_332]
	at java.util.concurrent.ThreadPoolExecutor$Worker.run(ThreadPoolExecutor.java:624) [?:1.8.0_332]
	at java.lang.Thread.run(Thread.java:750) [?:1.8.0_332]
2022-06-24 01:39:26,644 [OM StateMachine ApplyTransaction Thread - 0] ERROR key.OMKeyCreateRequest (OMKeyCreateRequest.java:logResult(373)) - Key creation failed. Volume:3a6928d8-0dae-4646-aa29-6c139c223e02, Bucket:95b3dda2-63b6-469f-a1ea-b495713d16f9, Key:3157af89-50b3-419f-98dd-29f658bed6f0. 
QUOTA_EXCEEDED org.apache.hadoop.ozone.om.exceptions.OMException: The DiskSpace quota of bucket:95b3dda2-63b6-469f-a1ea-b495713d16f9exceeded: quotaInBytes: 1 Bytes but diskspace consumed: 4194304 Bytes.
	at org.apache.hadoop.ozone.om.request.key.OMKeyRequest.checkBucketQuotaInBytes(OMKeyRequest.java:529)
	at org.apache.hadoop.ozone.om.request.key.OMKeyCreateRequest.validateAndUpdateCache(OMKeyCreateRequest.java:311)
	at org.apache.hadoop.ozone.protocolPB.OzoneManagerRequestHandler.handleWriteRequest(OzoneManagerRequestHandler.java:293)
	at org.apache.hadoop.ozone.om.ratis.OzoneManagerStateMachine.runCommand(OzoneManagerStateMachine.java:529)
	at org.apache.hadoop.ozone.om.ratis.OzoneManagerStateMachine.lambda$1(OzoneManagerStateMachine.java:324)
	at java.util.concurrent.CompletableFuture$AsyncSupply.run(CompletableFuture.java:1604)
	at java.util.concurrent.ThreadPoolExecutor.runWorker(ThreadPoolExecutor.java:1149)
	at java.util.concurrent.ThreadPoolExecutor$Worker.run(ThreadPoolExecutor.java:624)
	at java.lang.Thread.run(Thread.java:750)
01:39:26.657 [OM StateMachine ApplyTransaction Thread - 0] ERROR OMAudit - user=runner | ip=127.0.0.1 | op=CREATE_FILE {volume=3a6928d8-0dae-4646-aa29-6c139c223e02, bucket=95b3dda2-63b6-469f-a1ea-b495713d16f9, key=c7ffed8f-707d-4328-a8c0-06ed7c1e2e93, dataSize=4194304, replicationType=RATIS, replicationFactor=ONE} | ret=FAILURE
org.apache.hadoop.ozone.om.exceptions.OMException: The DiskSpace quota of bucket:95b3dda2-63b6-469f-a1ea-b495713d16f9exceeded: quotaInBytes: 1 Bytes but diskspace consumed: 4194304 Bytes.
	at org.apache.hadoop.ozone.om.request.key.OMKeyRequest.checkBucketQuotaInBytes(OMKeyRequest.java:529) ~[ozone-manager-1.3.0-SNAPSHOT.jar:?]
	at org.apache.hadoop.ozone.om.request.file.OMFileCreateRequest.validateAndUpdateCache(OMFileCreateRequest.java:279) ~[ozone-manager-1.3.0-SNAPSHOT.jar:?]
	at org.apache.hadoop.ozone.protocolPB.OzoneManagerRequestHandler.handleWriteRequest(OzoneManagerRequestHandler.java:293) ~[ozone-manager-1.3.0-SNAPSHOT.jar:?]
	at org.apache.hadoop.ozone.om.ratis.OzoneManagerStateMachine.runCommand(OzoneManagerStateMachine.java:529) ~[ozone-manager-1.3.0-SNAPSHOT.jar:?]
	at org.apache.hadoop.ozone.om.ratis.OzoneManagerStateMachine.lambda$1(OzoneManagerStateMachine.java:324) ~[ozone-manager-1.3.0-SNAPSHOT.jar:?]
	at java.util.concurrent.CompletableFuture$AsyncSupply.run(CompletableFuture.java:1604) [?:1.8.0_332]
	at java.util.concurrent.ThreadPoolExecutor.runWorker(ThreadPoolExecutor.java:1149) [?:1.8.0_332]
	at java.util.concurrent.ThreadPoolExecutor$Worker.run(ThreadPoolExecutor.java:624) [?:1.8.0_332]
	at java.lang.Thread.run(Thread.java:750) [?:1.8.0_332]
2022-06-24 01:39:26,658 [OM StateMachine ApplyTransaction Thread - 0] ERROR file.OMFileCreateRequest (OMFileCreateRequest.java:validateAndUpdateCache(337)) - File create failed. Volume:3a6928d8-0dae-4646-aa29-6c139c223e02, Bucket:95b3dda2-63b6-469f-a1ea-b495713d16f9, Keyc7ffed8f-707d-4328-a8c0-06ed7c1e2e93.
QUOTA_EXCEEDED org.apache.hadoop.ozone.om.exceptions.OMException: The DiskSpace quota of bucket:95b3dda2-63b6-469f-a1ea-b495713d16f9exceeded: quotaInBytes: 1 Bytes but diskspace consumed: 4194304 Bytes.
	at org.apache.hadoop.ozone.om.request.key.OMKeyRequest.checkBucketQuotaInBytes(OMKeyRequest.java:529)
	at org.apache.hadoop.ozone.om.request.file.OMFileCreateRequest.validateAndUpdateCache(OMFileCreateRequest.java:279)
	at org.apache.hadoop.ozone.protocolPB.OzoneManagerRequestHandler.handleWriteRequest(OzoneManagerRequestHandler.java:293)
	at org.apache.hadoop.ozone.om.ratis.OzoneManagerStateMachine.runCommand(OzoneManagerStateMachine.java:529)
	at org.apache.hadoop.ozone.om.ratis.OzoneManagerStateMachine.lambda$1(OzoneManagerStateMachine.java:324)
	at java.util.concurrent.CompletableFuture$AsyncSupply.run(CompletableFuture.java:1604)
	at java.util.concurrent.ThreadPoolExecutor.runWorker(ThreadPoolExecutor.java:1149)
	at java.util.concurrent.ThreadPoolExecutor$Worker.run(ThreadPoolExecutor.java:624)
	at java.lang.Thread.run(Thread.java:750)
2022-06-24 01:39:27,471 [OM StateMachine ApplyTransaction Thread - 0] ERROR key.OMAllocateBlockRequest (OMAllocateBlockRequest.java:validateAndUpdateCache(251)) - Allocate Block failed. Volume:3a6928d8-0dae-4646-aa29-6c139c223e02, Bucket:95b3dda2-63b6-469f-a1ea-b495713d16f9, OpenKey:/3a6928d8-0dae-4646-aa29-6c139c223e02/95b3dda2-63b6-469f-a1ea-b495713d16f9/640dd3ec-eee9-4f8e-ad80-6c1307f0de9a/108529894468550722. Exception:{}
QUOTA_EXCEEDED org.apache.hadoop.ozone.om.exceptions.OMException: The DiskSpace quota of bucket:95b3dda2-63b6-469f-a1ea-b495713d16f9exceeded: quotaInBytes: 16777216 Bytes but diskspace consumed: 20971520 Bytes.
	at org.apache.hadoop.ozone.om.request.key.OMKeyRequest.checkBucketQuotaInBytes(OMKeyRequest.java:529)
	at org.apache.hadoop.ozone.om.request.key.OMAllocateBlockRequest.validateAndUpdateCache(OMAllocateBlockRequest.java:224)
	at org.apache.hadoop.ozone.protocolPB.OzoneManagerRequestHandler.handleWriteRequest(OzoneManagerRequestHandler.java:293)
	at org.apache.hadoop.ozone.om.ratis.OzoneManagerStateMachine.runCommand(OzoneManagerStateMachine.java:529)
	at org.apache.hadoop.ozone.om.ratis.OzoneManagerStateMachine.lambda$1(OzoneManagerStateMachine.java:324)
	at java.util.concurrent.CompletableFuture$AsyncSupply.run(CompletableFuture.java:1604)
	at java.util.concurrent.ThreadPoolExecutor.runWorker(ThreadPoolExecutor.java:1149)
	at java.util.concurrent.ThreadPoolExecutor$Worker.run(ThreadPoolExecutor.java:624)
	at java.lang.Thread.run(Thread.java:750)
01:39:27.471 [OM StateMachine ApplyTransaction Thread - 0] ERROR OMAudit - user=runner | ip=127.0.0.1 | op=ALLOCATE_BLOCK {volume=3a6928d8-0dae-4646-aa29-6c139c223e02, bucket=95b3dda2-63b6-469f-a1ea-b495713d16f9, key=640dd3ec-eee9-4f8e-ad80-6c1307f0de9a, dataSize=12, replicationType=RATIS, replicationFactor=ONE, clientID=108529894468550722} | ret=FAILURE
org.apache.hadoop.ozone.om.exceptions.OMException: The DiskSpace quota of bucket:95b3dda2-63b6-469f-a1ea-b495713d16f9exceeded: quotaInBytes: 16777216 Bytes but diskspace consumed: 20971520 Bytes.
	at org.apache.hadoop.ozone.om.request.key.OMKeyRequest.checkBucketQuotaInBytes(OMKeyRequest.java:529) ~[ozone-manager-1.3.0-SNAPSHOT.jar:?]
	at org.apache.hadoop.ozone.om.request.key.OMAllocateBlockRequest.validateAndUpdateCache(OMAllocateBlockRequest.java:224) ~[ozone-manager-1.3.0-SNAPSHOT.jar:?]
	at org.apache.hadoop.ozone.protocolPB.OzoneManagerRequestHandler.handleWriteRequest(OzoneManagerRequestHandler.java:293) ~[ozone-manager-1.3.0-SNAPSHOT.jar:?]
	at org.apache.hadoop.ozone.om.ratis.OzoneManagerStateMachine.runCommand(OzoneManagerStateMachine.java:529) ~[ozone-manager-1.3.0-SNAPSHOT.jar:?]
	at org.apache.hadoop.ozone.om.ratis.OzoneManagerStateMachine.lambda$1(OzoneManagerStateMachine.java:324) ~[ozone-manager-1.3.0-SNAPSHOT.jar:?]
	at java.util.concurrent.CompletableFuture$AsyncSupply.run(CompletableFuture.java:1604) [?:1.8.0_332]
	at java.util.concurrent.ThreadPoolExecutor.runWorker(ThreadPoolExecutor.java:1149) [?:1.8.0_332]
	at java.util.concurrent.ThreadPoolExecutor$Worker.run(ThreadPoolExecutor.java:624) [?:1.8.0_332]
	at java.lang.Thread.run(Thread.java:750) [?:1.8.0_332]
]]></system-out>
  </testcase>
  <testcase name="testCommitPartAfterCompleteUpload" classname="org.apache.hadoop.ozone.client.rpc.TestOzoneRpcClient" time="0.527">
    <system-out><![CDATA[2022-06-24 01:39:27,528 [Listener at 127.0.0.1/44735] INFO  rpc.RpcClient (RpcClient.java:createVolume(466)) - Creating Volume: c188902c-ad5a-4166-83ec-b3216ad66aee, with runner as owner and space quota set to -1 bytes, counts quota set to -1
2022-06-24 01:39:27,532 [OM StateMachine ApplyTransaction Thread - 0] INFO  volume.OMVolumeCreateRequest (OMVolumeCreateRequest.java:validateAndUpdateCache(195)) - created volume:c188902c-ad5a-4166-83ec-b3216ad66aee for user:runner
2022-06-24 01:39:27,533 [Listener at 127.0.0.1/44735] INFO  rpc.RpcClient (RpcClient.java:createBucket(666)) - Creating Bucket: c188902c-ad5a-4166-83ec-b3216ad66aee/0ef276ff-6cb5-43e9-9598-ea783d24593e, with the Bucket Layout null, runner as owner, Versioning false, Storage Type set to DISK and Encryption set to false 
2022-06-24 01:39:27,535 [OM StateMachine ApplyTransaction Thread - 0] INFO  bucket.OMBucketCreateRequest (OMBucketCreateRequest.java:validateAndUpdateCache(260)) - created bucket: 0ef276ff-6cb5-43e9-9598-ea783d24593e of layout LEGACY in volume: c188902c-ad5a-4166-83ec-b3216ad66aee
01:39:28.053 [OM StateMachine ApplyTransaction Thread - 0] ERROR OMAudit - user=runner | ip=127.0.0.1 | op=COMMIT_MULTIPART_UPLOAD_PARTKEY {volume=c188902c-ad5a-4166-83ec-b3216ad66aee, bucket=0ef276ff-6cb5-43e9-9598-ea783d24593e, key=35360d29-ffb3-4b06-aa52-22e4f629a2ad, dataSize=5242880, replicationType=NONE, replicationFactor=ZERO, partNumber=2, partName=/c188902c-ad5a-4166-83ec-b3216ad66aee/0ef276ff-6cb5-43e9-9598-ea783d24593e/35360d29-ffb3-4b06-aa52-22e4f629a2ad-e8dc2774-c85b-4716-9212-9b94fe1c961d-108529894525370437-2} | ret=FAILURE
org.apache.hadoop.ozone.om.exceptions.OMException: No such Multipart upload is with specified uploadId e8dc2774-c85b-4716-9212-9b94fe1c961d-108529894525370437
	at org.apache.hadoop.ozone.om.request.s3.multipart.S3MultipartUploadCommitPartRequest.validateAndUpdateCache(S3MultipartUploadCommitPartRequest.java:189) ~[ozone-manager-1.3.0-SNAPSHOT.jar:?]
	at org.apache.hadoop.ozone.protocolPB.OzoneManagerRequestHandler.handleWriteRequest(OzoneManagerRequestHandler.java:293) ~[ozone-manager-1.3.0-SNAPSHOT.jar:?]
	at org.apache.hadoop.ozone.om.ratis.OzoneManagerStateMachine.runCommand(OzoneManagerStateMachine.java:529) ~[ozone-manager-1.3.0-SNAPSHOT.jar:?]
	at org.apache.hadoop.ozone.om.ratis.OzoneManagerStateMachine.lambda$1(OzoneManagerStateMachine.java:324) ~[ozone-manager-1.3.0-SNAPSHOT.jar:?]
	at java.util.concurrent.CompletableFuture$AsyncSupply.run(CompletableFuture.java:1604) [?:1.8.0_332]
	at java.util.concurrent.ThreadPoolExecutor.runWorker(ThreadPoolExecutor.java:1149) [?:1.8.0_332]
	at java.util.concurrent.ThreadPoolExecutor$Worker.run(ThreadPoolExecutor.java:624) [?:1.8.0_332]
	at java.lang.Thread.run(Thread.java:750) [?:1.8.0_332]
2022-06-24 01:39:28,053 [OM StateMachine ApplyTransaction Thread - 0] ERROR multipart.S3MultipartUploadCommitPartRequest (S3MultipartUploadCommitPartRequest.java:logResult(324)) - MultipartUpload Commit is failed for Key:35360d29-ffb3-4b06-aa52-22e4f629a2ad in Volume/Bucket c188902c-ad5a-4166-83ec-b3216ad66aee/0ef276ff-6cb5-43e9-9598-ea783d24593e
NO_SUCH_MULTIPART_UPLOAD_ERROR org.apache.hadoop.ozone.om.exceptions.OMException: No such Multipart upload is with specified uploadId e8dc2774-c85b-4716-9212-9b94fe1c961d-108529894525370437
	at org.apache.hadoop.ozone.om.request.s3.multipart.S3MultipartUploadCommitPartRequest.validateAndUpdateCache(S3MultipartUploadCommitPartRequest.java:189)
	at org.apache.hadoop.ozone.protocolPB.OzoneManagerRequestHandler.handleWriteRequest(OzoneManagerRequestHandler.java:293)
	at org.apache.hadoop.ozone.om.ratis.OzoneManagerStateMachine.runCommand(OzoneManagerStateMachine.java:529)
	at org.apache.hadoop.ozone.om.ratis.OzoneManagerStateMachine.lambda$1(OzoneManagerStateMachine.java:324)
	at java.util.concurrent.CompletableFuture$AsyncSupply.run(CompletableFuture.java:1604)
	at java.util.concurrent.ThreadPoolExecutor.runWorker(ThreadPoolExecutor.java:1149)
	at java.util.concurrent.ThreadPoolExecutor$Worker.run(ThreadPoolExecutor.java:624)
	at java.lang.Thread.run(Thread.java:750)
]]></system-out>
  </testcase>
  <testcase name="testCreateBucket" classname="org.apache.hadoop.ozone.client.rpc.TestOzoneRpcClient" time="0.01">
    <system-out><![CDATA[2022-06-24 01:39:28,057 [Listener at 127.0.0.1/44735] INFO  rpc.RpcClient (RpcClient.java:createVolume(466)) - Creating Volume: a0e71cc5-0577-4fb3-9ebe-ece0e9f1c133, with runner as owner and space quota set to -1 bytes, counts quota set to -1
2022-06-24 01:39:28,059 [OM StateMachine ApplyTransaction Thread - 0] INFO  volume.OMVolumeCreateRequest (OMVolumeCreateRequest.java:validateAndUpdateCache(195)) - created volume:a0e71cc5-0577-4fb3-9ebe-ece0e9f1c133 for user:runner
2022-06-24 01:39:28,062 [Listener at 127.0.0.1/44735] INFO  rpc.RpcClient (RpcClient.java:createBucket(666)) - Creating Bucket: a0e71cc5-0577-4fb3-9ebe-ece0e9f1c133/49f3ae14-ca87-46ad-8219-ff607f941c8a, with the Bucket Layout null, runner as owner, Versioning false, Storage Type set to DISK and Encryption set to false 
2022-06-24 01:39:28,064 [OM StateMachine ApplyTransaction Thread - 0] INFO  bucket.OMBucketCreateRequest (OMBucketCreateRequest.java:validateAndUpdateCache(260)) - created bucket: 49f3ae14-ca87-46ad-8219-ff607f941c8a of layout LEGACY in volume: a0e71cc5-0577-4fb3-9ebe-ece0e9f1c133
]]></system-out>
  </testcase>
  <testcase name="testCreateBucketWithAcls" classname="org.apache.hadoop.ozone.client.rpc.TestOzoneRpcClient" time="0.013">
    <system-out><![CDATA[2022-06-24 01:39:28,070 [Listener at 127.0.0.1/44735] INFO  rpc.RpcClient (RpcClient.java:createVolume(466)) - Creating Volume: 9a463cb8-c992-4965-a872-eb20de883589, with runner as owner and space quota set to -1 bytes, counts quota set to -1
2022-06-24 01:39:28,072 [OM StateMachine ApplyTransaction Thread - 0] INFO  volume.OMVolumeCreateRequest (OMVolumeCreateRequest.java:validateAndUpdateCache(195)) - created volume:9a463cb8-c992-4965-a872-eb20de883589 for user:runner
2022-06-24 01:39:28,075 [Listener at 127.0.0.1/44735] INFO  rpc.RpcClient (RpcClient.java:createBucket(666)) - Creating Bucket: 9a463cb8-c992-4965-a872-eb20de883589/35ce2acd-0c5e-48b0-871b-07775d017441, with the Bucket Layout null, runner as owner, Versioning false, Storage Type set to DISK and Encryption set to false 
2022-06-24 01:39:28,077 [OM StateMachine ApplyTransaction Thread - 0] INFO  bucket.OMBucketCreateRequest (OMBucketCreateRequest.java:validateAndUpdateCache(260)) - created bucket: 35ce2acd-0c5e-48b0-871b-07775d017441 of layout LEGACY in volume: 9a463cb8-c992-4965-a872-eb20de883589
]]></system-out>
  </testcase>
  <testcase name="testCreateBucketWithAllArgument" classname="org.apache.hadoop.ozone.client.rpc.TestOzoneRpcClient" time="0.012">
    <system-out><![CDATA[2022-06-24 01:39:28,082 [Listener at 127.0.0.1/44735] INFO  rpc.RpcClient (RpcClient.java:createVolume(466)) - Creating Volume: 0e6bd532-750c-419e-860c-9294702907e4, with runner as owner and space quota set to -1 bytes, counts quota set to -1
2022-06-24 01:39:28,084 [OM StateMachine ApplyTransaction Thread - 0] INFO  volume.OMVolumeCreateRequest (OMVolumeCreateRequest.java:validateAndUpdateCache(195)) - created volume:0e6bd532-750c-419e-860c-9294702907e4 for user:runner
2022-06-24 01:39:28,086 [Listener at 127.0.0.1/44735] INFO  rpc.RpcClient (RpcClient.java:createBucket(666)) - Creating Bucket: 0e6bd532-750c-419e-860c-9294702907e4/f2a2006d-8719-4b33-ab6c-25cdef4b236c, with the Bucket Layout null, runner as owner, Versioning true, Storage Type set to SSD and Encryption set to false 
2022-06-24 01:39:28,089 [OM StateMachine ApplyTransaction Thread - 0] INFO  bucket.OMBucketCreateRequest (OMBucketCreateRequest.java:validateAndUpdateCache(260)) - created bucket: f2a2006d-8719-4b33-ab6c-25cdef4b236c of layout LEGACY in volume: 0e6bd532-750c-419e-860c-9294702907e4
]]></system-out>
  </testcase>
  <testcase name="testCreateBucketWithMetadata" classname="org.apache.hadoop.ozone.client.rpc.TestOzoneRpcClient" time="0.011">
    <system-out><![CDATA[2022-06-24 01:39:28,095 [Listener at 127.0.0.1/44735] INFO  rpc.RpcClient (RpcClient.java:createVolume(466)) - Creating Volume: 1aa07530-2d94-4705-abfa-985eb9420151, with runner as owner and space quota set to -1 bytes, counts quota set to -1
2022-06-24 01:39:28,097 [OM StateMachine ApplyTransaction Thread - 0] INFO  volume.OMVolumeCreateRequest (OMVolumeCreateRequest.java:validateAndUpdateCache(195)) - created volume:1aa07530-2d94-4705-abfa-985eb9420151 for user:runner
2022-06-24 01:39:28,100 [Listener at 127.0.0.1/44735] INFO  rpc.RpcClient (RpcClient.java:createBucket(666)) - Creating Bucket: 1aa07530-2d94-4705-abfa-985eb9420151/f5b8895f-9b33-442b-9521-99e956f0bb40, with the Bucket Layout null, runner as owner, Versioning false, Storage Type set to DISK and Encryption set to false 
2022-06-24 01:39:28,102 [OM StateMachine ApplyTransaction Thread - 0] INFO  bucket.OMBucketCreateRequest (OMBucketCreateRequest.java:validateAndUpdateCache(260)) - created bucket: f5b8895f-9b33-442b-9521-99e956f0bb40 of layout LEGACY in volume: 1aa07530-2d94-4705-abfa-985eb9420151
]]></system-out>
  </testcase>
  <testcase name="testCreateBucketWithReplicationConfig" classname="org.apache.hadoop.ozone.client.rpc.TestOzoneRpcClient" time="0.017">
    <system-out><![CDATA[2022-06-24 01:39:28,106 [Listener at 127.0.0.1/44735] INFO  rpc.RpcClient (RpcClient.java:createVolume(466)) - Creating Volume: 53fd297c-ef39-4c94-8b38-fbf94eea97b7, with runner as owner and space quota set to -1 bytes, counts quota set to -1
2022-06-24 01:39:28,112 [OM StateMachine ApplyTransaction Thread - 0] INFO  volume.OMVolumeCreateRequest (OMVolumeCreateRequest.java:validateAndUpdateCache(195)) - created volume:53fd297c-ef39-4c94-8b38-fbf94eea97b7 for user:runner
2022-06-24 01:39:28,114 [Listener at 127.0.0.1/44735] INFO  rpc.RpcClient (RpcClient.java:createBucket(666)) - Creating Bucket: 53fd297c-ef39-4c94-8b38-fbf94eea97b7/f6cdeba2-e6d6-4088-a7d2-1f02684fe0b0, with the Bucket Layout null, runner as owner, Versioning false, Storage Type set to DISK and Encryption set to false 
2022-06-24 01:39:28,121 [OM StateMachine ApplyTransaction Thread - 0] INFO  bucket.OMBucketCreateRequest (OMBucketCreateRequest.java:validateAndUpdateCache(260)) - created bucket: f6cdeba2-e6d6-4088-a7d2-1f02684fe0b0 of layout LEGACY in volume: 53fd297c-ef39-4c94-8b38-fbf94eea97b7
]]></system-out>
  </testcase>
  <testcase name="testCreateBucketWithStorageType" classname="org.apache.hadoop.ozone.client.rpc.TestOzoneRpcClient" time="0.016">
    <system-out><![CDATA[2022-06-24 01:39:28,124 [Listener at 127.0.0.1/44735] INFO  rpc.RpcClient (RpcClient.java:createVolume(466)) - Creating Volume: eb2236f7-5331-4e5f-bc36-02a9b4887cee, with runner as owner and space quota set to -1 bytes, counts quota set to -1
2022-06-24 01:39:28,134 [OM StateMachine ApplyTransaction Thread - 0] INFO  volume.OMVolumeCreateRequest (OMVolumeCreateRequest.java:validateAndUpdateCache(195)) - created volume:eb2236f7-5331-4e5f-bc36-02a9b4887cee for user:runner
2022-06-24 01:39:28,136 [Listener at 127.0.0.1/44735] INFO  rpc.RpcClient (RpcClient.java:createBucket(666)) - Creating Bucket: eb2236f7-5331-4e5f-bc36-02a9b4887cee/2724d30c-62f1-4799-866a-a675570c51e2, with the Bucket Layout null, runner as owner, Versioning false, Storage Type set to SSD and Encryption set to false 
2022-06-24 01:39:28,138 [OM StateMachine ApplyTransaction Thread - 0] INFO  bucket.OMBucketCreateRequest (OMBucketCreateRequest.java:validateAndUpdateCache(260)) - created bucket: 2724d30c-62f1-4799-866a-a675570c51e2 of layout LEGACY in volume: eb2236f7-5331-4e5f-bc36-02a9b4887cee
]]></system-out>
  </testcase>
  <testcase name="testCreateBucketWithVersioning" classname="org.apache.hadoop.ozone.client.rpc.TestOzoneRpcClient" time="0.015">
    <system-out><![CDATA[2022-06-24 01:39:28,143 [Listener at 127.0.0.1/44735] INFO  rpc.RpcClient (RpcClient.java:createVolume(466)) - Creating Volume: 7375ad83-73e9-4640-badb-2072e5a97a6b, with runner as owner and space quota set to -1 bytes, counts quota set to -1
2022-06-24 01:39:28,144 [OM StateMachine ApplyTransaction Thread - 0] INFO  volume.OMVolumeCreateRequest (OMVolumeCreateRequest.java:validateAndUpdateCache(195)) - created volume:7375ad83-73e9-4640-badb-2072e5a97a6b for user:runner
2022-06-24 01:39:28,146 [Listener at 127.0.0.1/44735] INFO  rpc.RpcClient (RpcClient.java:createBucket(666)) - Creating Bucket: 7375ad83-73e9-4640-badb-2072e5a97a6b/ee319961-6cb3-4cf2-8e2b-cdcf46a5e007, with the Bucket Layout null, runner as owner, Versioning true, Storage Type set to DISK and Encryption set to false 
2022-06-24 01:39:28,154 [OM StateMachine ApplyTransaction Thread - 0] INFO  bucket.OMBucketCreateRequest (OMBucketCreateRequest.java:validateAndUpdateCache(260)) - created bucket: ee319961-6cb3-4cf2-8e2b-cdcf46a5e007 of layout LEGACY in volume: 7375ad83-73e9-4640-badb-2072e5a97a6b
]]></system-out>
  </testcase>
  <testcase name="testCreateS3Bucket" classname="org.apache.hadoop.ozone.client.rpc.TestOzoneRpcClient" time="0.018">
    <system-out><![CDATA[2022-06-24 01:39:28,167 [Listener at 127.0.0.1/44735] INFO  rpc.RpcClient (RpcClient.java:createBucket(666)) - Creating Bucket: s3v/f6622110-2c64-41b9-8181-d1605ea8d8f7, with the Bucket Layout null, runner as owner, Versioning false, Storage Type set to DISK and Encryption set to false 
2022-06-24 01:39:28,172 [OM StateMachine ApplyTransaction Thread - 0] INFO  bucket.OMBucketCreateRequest (OMBucketCreateRequest.java:validateAndUpdateCache(260)) - created bucket: f6622110-2c64-41b9-8181-d1605ea8d8f7 of layout LEGACY in volume: s3v
]]></system-out>
  </testcase>
  <testcase name="testCreateVolumeWithMetadata" classname="org.apache.hadoop.ozone.client.rpc.TestOzoneRpcClient" time="0.007">
    <system-out><![CDATA[2022-06-24 01:39:28,179 [Listener at 127.0.0.1/44735] INFO  rpc.RpcClient (RpcClient.java:createVolume(466)) - Creating Volume: c290b241-51a1-4039-8ffe-470025985151, with runner as owner and space quota set to -1 bytes, counts quota set to -1
2022-06-24 01:39:28,182 [OM StateMachine ApplyTransaction Thread - 0] INFO  volume.OMVolumeCreateRequest (OMVolumeCreateRequest.java:validateAndUpdateCache(195)) - created volume:c290b241-51a1-4039-8ffe-470025985151 for user:runner
]]></system-out>
  </testcase>
  <testcase name="testDefaultS3GVolumeExists" classname="org.apache.hadoop.ozone.client.rpc.TestOzoneRpcClient" time="0.008"/>
  <testcase name="testDeleteBucket" classname="org.apache.hadoop.ozone.client.rpc.TestOzoneRpcClient" time="0.022">
    <system-out><![CDATA[2022-06-24 01:39:28,197 [Listener at 127.0.0.1/44735] INFO  rpc.RpcClient (RpcClient.java:createVolume(466)) - Creating Volume: 556d9dfb-5dbf-4868-9503-c6ddcf12b75e, with runner as owner and space quota set to -1 bytes, counts quota set to -1
2022-06-24 01:39:28,201 [OM StateMachine ApplyTransaction Thread - 0] INFO  volume.OMVolumeCreateRequest (OMVolumeCreateRequest.java:validateAndUpdateCache(195)) - created volume:556d9dfb-5dbf-4868-9503-c6ddcf12b75e for user:runner
2022-06-24 01:39:28,206 [Listener at 127.0.0.1/44735] INFO  rpc.RpcClient (RpcClient.java:createBucket(666)) - Creating Bucket: 556d9dfb-5dbf-4868-9503-c6ddcf12b75e/e7209b5e-6260-4a02-9b0a-59751600424b, with the Bucket Layout null, runner as owner, Versioning false, Storage Type set to DISK and Encryption set to false 
2022-06-24 01:39:28,208 [OM StateMachine ApplyTransaction Thread - 0] INFO  bucket.OMBucketCreateRequest (OMBucketCreateRequest.java:validateAndUpdateCache(260)) - created bucket: e7209b5e-6260-4a02-9b0a-59751600424b of layout LEGACY in volume: 556d9dfb-5dbf-4868-9503-c6ddcf12b75e
]]></system-out>
  </testcase>
  <testcase name="testDeleteKey" classname="org.apache.hadoop.ozone.client.rpc.TestOzoneRpcClient" time="0.045">
    <system-out><![CDATA[2022-06-24 01:39:28,221 [Listener at 127.0.0.1/44735] INFO  rpc.RpcClient (RpcClient.java:createVolume(466)) - Creating Volume: cdb9108a-29a9-426a-a7e1-3ac932608aaa, with runner as owner and space quota set to -1 bytes, counts quota set to -1
2022-06-24 01:39:28,224 [OM StateMachine ApplyTransaction Thread - 0] INFO  volume.OMVolumeCreateRequest (OMVolumeCreateRequest.java:validateAndUpdateCache(195)) - created volume:cdb9108a-29a9-426a-a7e1-3ac932608aaa for user:runner
2022-06-24 01:39:28,226 [Listener at 127.0.0.1/44735] INFO  rpc.RpcClient (RpcClient.java:createBucket(666)) - Creating Bucket: cdb9108a-29a9-426a-a7e1-3ac932608aaa/cdbc92fe-b94c-487e-9ccc-384a76f5fc6a, with the Bucket Layout null, runner as owner, Versioning false, Storage Type set to DISK and Encryption set to false 
2022-06-24 01:39:28,228 [OM StateMachine ApplyTransaction Thread - 0] INFO  bucket.OMBucketCreateRequest (OMBucketCreateRequest.java:validateAndUpdateCache(260)) - created bucket: cdbc92fe-b94c-487e-9ccc-384a76f5fc6a of layout LEGACY in volume: cdb9108a-29a9-426a-a7e1-3ac932608aaa
01:39:28.263 [IPC Server handler 13 on default port 44735] ERROR OMAudit - user=runner | ip=127.0.0.1 | op=READ_KEY {volume=cdb9108a-29a9-426a-a7e1-3ac932608aaa, bucket=cdbc92fe-b94c-487e-9ccc-384a76f5fc6a, key=23886887-bdd7-492c-b1d4-df1aef4c78f5, dataSize=0, replicationConfig=null} | ret=FAILURE
org.apache.hadoop.ozone.om.exceptions.OMException: Key:23886887-bdd7-492c-b1d4-df1aef4c78f5 not found
	at org.apache.hadoop.ozone.om.KeyManagerImpl.lookupKey(KeyManagerImpl.java:399) ~[ozone-manager-1.3.0-SNAPSHOT.jar:?]
	at org.apache.hadoop.ozone.om.OzoneManager.lookupKey(OzoneManager.java:2817) ~[ozone-manager-1.3.0-SNAPSHOT.jar:?]
	at org.apache.hadoop.ozone.protocolPB.OzoneManagerRequestHandler.lookupKey(OzoneManagerRequestHandler.java:484) ~[ozone-manager-1.3.0-SNAPSHOT.jar:?]
	at org.apache.hadoop.ozone.protocolPB.OzoneManagerRequestHandler.handleReadRequest(OzoneManagerRequestHandler.java:182) ~[ozone-manager-1.3.0-SNAPSHOT.jar:?]
	at org.apache.hadoop.ozone.protocolPB.OzoneManagerProtocolServerSideTranslatorPB.submitReadRequestToOM(OzoneManagerProtocolServerSideTranslatorPB.java:226) ~[ozone-manager-1.3.0-SNAPSHOT.jar:?]
	at org.apache.hadoop.ozone.protocolPB.OzoneManagerProtocolServerSideTranslatorPB.processRequest(OzoneManagerProtocolServerSideTranslatorPB.java:175) ~[ozone-manager-1.3.0-SNAPSHOT.jar:?]
	at org.apache.hadoop.hdds.server.OzoneProtocolMessageDispatcher.processRequest(OzoneProtocolMessageDispatcher.java:87) [hdds-server-framework-1.3.0-SNAPSHOT.jar:?]
	at org.apache.hadoop.ozone.protocolPB.OzoneManagerProtocolServerSideTranslatorPB.submitRequest(OzoneManagerProtocolServerSideTranslatorPB.java:147) [ozone-manager-1.3.0-SNAPSHOT.jar:?]
	at org.apache.hadoop.ozone.protocol.proto.OzoneManagerProtocolProtos$OzoneManagerService$2.callBlockingMethod(OzoneManagerProtocolProtos.java) [ozone-interface-client-1.3.0-SNAPSHOT.jar:?]
	at org.apache.hadoop.ipc.ProtobufRpcEngine$Server.processCall(ProtobufRpcEngine.java:466) [hadoop-common-3.3.1.jar:?]
	at org.apache.hadoop.ipc.ProtobufRpcEngine2$Server$ProtoBufRpcInvoker.call(ProtobufRpcEngine2.java:574) [hadoop-common-3.3.1.jar:?]
	at org.apache.hadoop.ipc.ProtobufRpcEngine2$Server$ProtoBufRpcInvoker.call(ProtobufRpcEngine2.java:552) [hadoop-common-3.3.1.jar:?]
	at org.apache.hadoop.ipc.RPC$Server.call(RPC.java:1093) [hadoop-common-3.3.1.jar:?]
	at org.apache.hadoop.ipc.Server$RpcCall.run(Server.java:1035) [hadoop-common-3.3.1.jar:?]
	at org.apache.hadoop.ipc.Server$RpcCall.run(Server.java:963) [hadoop-common-3.3.1.jar:?]
	at java.security.AccessController.doPrivileged(Native Method) ~[?:1.8.0_332]
	at javax.security.auth.Subject.doAs(Subject.java:422) [?:1.8.0_332]
	at org.apache.hadoop.security.UserGroupInformation.doAs(UserGroupInformation.java:1878) [hadoop-common-3.3.1.jar:?]
	at org.apache.hadoop.ipc.Server$Handler.run(Server.java:2966) [hadoop-common-3.3.1.jar:?]
]]></system-out>
  </testcase>
  <testcase name="testDeleteS3Bucket" classname="org.apache.hadoop.ozone.client.rpc.TestOzoneRpcClient" time="0.016">
    <system-out><![CDATA[2022-06-24 01:39:28,271 [Listener at 127.0.0.1/44735] INFO  rpc.RpcClient (RpcClient.java:createBucket(666)) - Creating Bucket: s3v/54258136-227d-4010-99cf-c37a98b13f64, with the Bucket Layout null, runner as owner, Versioning false, Storage Type set to DISK and Encryption set to false 
2022-06-24 01:39:28,273 [OM StateMachine ApplyTransaction Thread - 0] INFO  bucket.OMBucketCreateRequest (OMBucketCreateRequest.java:validateAndUpdateCache(260)) - created bucket: 54258136-227d-4010-99cf-c37a98b13f64 of layout LEGACY in volume: s3v
]]></system-out>
  </testcase>
  <testcase name="testDeleteS3NonExistingBucket" classname="org.apache.hadoop.ozone.client.rpc.TestOzoneRpcClient" time="0.005">
    <system-out><![CDATA[01:39:28.288 [OM StateMachine ApplyTransaction Thread - 0] ERROR OMAudit - user=runner | ip=127.0.0.1 | op=DELETE_BUCKET {volume=s3v, bucket=545e7568-9fc3-4891-bd6a-a4d6807b6200} | ret=FAILURE
org.apache.hadoop.ozone.om.exceptions.OMException: Bucket not found
	at org.apache.hadoop.ozone.om.OzoneManager.getBucketOwner(OzoneManager.java:2496) ~[ozone-manager-1.3.0-SNAPSHOT.jar:?]
	at org.apache.hadoop.ozone.om.OzoneManager.getBucketOwner(OzoneManager.java:2466) ~[ozone-manager-1.3.0-SNAPSHOT.jar:?]
	at org.apache.hadoop.ozone.om.request.OMClientRequest.checkAcls(OMClientRequest.java:217) ~[ozone-manager-1.3.0-SNAPSHOT.jar:?]
	at org.apache.hadoop.ozone.om.request.bucket.OMBucketDeleteRequest.validateAndUpdateCache(OMBucketDeleteRequest.java:108) ~[ozone-manager-1.3.0-SNAPSHOT.jar:?]
	at org.apache.hadoop.ozone.protocolPB.OzoneManagerRequestHandler.handleWriteRequest(OzoneManagerRequestHandler.java:293) ~[ozone-manager-1.3.0-SNAPSHOT.jar:?]
	at org.apache.hadoop.ozone.om.ratis.OzoneManagerStateMachine.runCommand(OzoneManagerStateMachine.java:529) ~[ozone-manager-1.3.0-SNAPSHOT.jar:?]
	at org.apache.hadoop.ozone.om.ratis.OzoneManagerStateMachine.lambda$1(OzoneManagerStateMachine.java:324) ~[ozone-manager-1.3.0-SNAPSHOT.jar:?]
	at java.util.concurrent.CompletableFuture$AsyncSupply.run(CompletableFuture.java:1604) [?:1.8.0_332]
	at java.util.concurrent.ThreadPoolExecutor.runWorker(ThreadPoolExecutor.java:1149) [?:1.8.0_332]
	at java.util.concurrent.ThreadPoolExecutor$Worker.run(ThreadPoolExecutor.java:624) [?:1.8.0_332]
	at java.lang.Thread.run(Thread.java:750) [?:1.8.0_332]
2022-06-24 01:39:28,289 [OM StateMachine ApplyTransaction Thread - 0] ERROR bucket.OMBucketDeleteRequest (OMBucketDeleteRequest.java:validateAndUpdateCache(195)) - Delete bucket failed for bucket:545e7568-9fc3-4891-bd6a-a4d6807b6200 in volume:s3v
BUCKET_NOT_FOUND org.apache.hadoop.ozone.om.exceptions.OMException: Bucket not found
	at org.apache.hadoop.ozone.om.OzoneManager.getBucketOwner(OzoneManager.java:2496)
	at org.apache.hadoop.ozone.om.OzoneManager.getBucketOwner(OzoneManager.java:2466)
	at org.apache.hadoop.ozone.om.request.OMClientRequest.checkAcls(OMClientRequest.java:217)
	at org.apache.hadoop.ozone.om.request.bucket.OMBucketDeleteRequest.validateAndUpdateCache(OMBucketDeleteRequest.java:108)
	at org.apache.hadoop.ozone.protocolPB.OzoneManagerRequestHandler.handleWriteRequest(OzoneManagerRequestHandler.java:293)
	at org.apache.hadoop.ozone.om.ratis.OzoneManagerStateMachine.runCommand(OzoneManagerStateMachine.java:529)
	at org.apache.hadoop.ozone.om.ratis.OzoneManagerStateMachine.lambda$1(OzoneManagerStateMachine.java:324)
	at java.util.concurrent.CompletableFuture$AsyncSupply.run(CompletableFuture.java:1604)
	at java.util.concurrent.ThreadPoolExecutor.runWorker(ThreadPoolExecutor.java:1149)
	at java.util.concurrent.ThreadPoolExecutor$Worker.run(ThreadPoolExecutor.java:624)
	at java.lang.Thread.run(Thread.java:750)
]]></system-out>
  </testcase>
  <testcase name="testDeleteVolume" classname="org.apache.hadoop.ozone.client.rpc.TestOzoneRpcClient" time="0.009">
    <system-out><![CDATA[2022-06-24 01:39:28,292 [Listener at 127.0.0.1/44735] INFO  rpc.RpcClient (RpcClient.java:createVolume(466)) - Creating Volume: bf81c5b6-d389-47ee-917a-b4371eb66822, with runner as owner and space quota set to -1 bytes, counts quota set to -1
2022-06-24 01:39:28,294 [OM StateMachine ApplyTransaction Thread - 0] INFO  volume.OMVolumeCreateRequest (OMVolumeCreateRequest.java:validateAndUpdateCache(195)) - created volume:bf81c5b6-d389-47ee-917a-b4371eb66822 for user:runner
]]></system-out>
  </testcase>
  <testcase name="testDeletedKeyForGDPR" classname="org.apache.hadoop.ozone.client.rpc.TestOzoneRpcClient" time="0.107">
    <system-out><![CDATA[2022-06-24 01:39:28,301 [Listener at 127.0.0.1/44735] INFO  rpc.RpcClient (RpcClient.java:createVolume(466)) - Creating Volume: e094a7e7-af32-4054-b500-d8d8621bda62, with runner as owner and space quota set to -1 bytes, counts quota set to -1
2022-06-24 01:39:28,303 [OM StateMachine ApplyTransaction Thread - 0] INFO  volume.OMVolumeCreateRequest (OMVolumeCreateRequest.java:validateAndUpdateCache(195)) - created volume:e094a7e7-af32-4054-b500-d8d8621bda62 for user:runner
2022-06-24 01:39:28,305 [Listener at 127.0.0.1/44735] INFO  rpc.RpcClient (RpcClient.java:createBucket(666)) - Creating Bucket: e094a7e7-af32-4054-b500-d8d8621bda62/bacbbe13-bab7-4c18-a5ee-e8e2cf52966f, with the Bucket Layout null, runner as owner, Versioning false, Storage Type set to DISK and Encryption set to false 
2022-06-24 01:39:28,307 [OM StateMachine ApplyTransaction Thread - 0] INFO  bucket.OMBucketCreateRequest (OMBucketCreateRequest.java:validateAndUpdateCache(260)) - created bucket: bacbbe13-bab7-4c18-a5ee-e8e2cf52966f of layout LEGACY in volume: e094a7e7-af32-4054-b500-d8d8621bda62
]]></system-out>
  </testcase>
  <testcase name="testFSOBucketUsedBytes" classname="org.apache.hadoop.ozone.client.rpc.TestOzoneRpcClient" time="0.078">
    <system-out><![CDATA[2022-06-24 01:39:28,409 [Listener at 127.0.0.1/44735] INFO  rpc.RpcClient (RpcClient.java:createVolume(466)) - Creating Volume: 8f676367-19c2-4aba-b27a-0784ae3b49d2, with runner as owner and space quota set to -1 bytes, counts quota set to -1
2022-06-24 01:39:28,412 [OM StateMachine ApplyTransaction Thread - 0] INFO  volume.OMVolumeCreateRequest (OMVolumeCreateRequest.java:validateAndUpdateCache(195)) - created volume:8f676367-19c2-4aba-b27a-0784ae3b49d2 for user:runner
2022-06-24 01:39:28,414 [Listener at 127.0.0.1/44735] INFO  rpc.RpcClient (RpcClient.java:createBucket(666)) - Creating Bucket: 8f676367-19c2-4aba-b27a-0784ae3b49d2/17230912-be85-42b3-b2c7-6ba480149dc6, with the Bucket Layout FILE_SYSTEM_OPTIMIZED, runner as owner, Versioning false, Storage Type set to DISK and Encryption set to false 
2022-06-24 01:39:28,416 [OM StateMachine ApplyTransaction Thread - 0] INFO  bucket.OMBucketCreateRequest (OMBucketCreateRequest.java:validateAndUpdateCache(260)) - created bucket: 17230912-be85-42b3-b2c7-6ba480149dc6 of layout FILE_SYSTEM_OPTIMIZED in volume: 8f676367-19c2-4aba-b27a-0784ae3b49d2
]]></system-out>
  </testcase>
  <testcase name="testGetKeyDetails" classname="org.apache.hadoop.ozone.client.rpc.TestOzoneRpcClient" time="0.044">
    <system-out><![CDATA[2022-06-24 01:39:28,488 [Listener at 127.0.0.1/44735] INFO  rpc.RpcClient (RpcClient.java:createVolume(466)) - Creating Volume: ad9485f6-9b34-40d9-844c-e562d4b50f44, with runner as owner and space quota set to -1 bytes, counts quota set to -1
2022-06-24 01:39:28,490 [OM StateMachine ApplyTransaction Thread - 0] INFO  volume.OMVolumeCreateRequest (OMVolumeCreateRequest.java:validateAndUpdateCache(195)) - created volume:ad9485f6-9b34-40d9-844c-e562d4b50f44 for user:runner
2022-06-24 01:39:28,492 [Listener at 127.0.0.1/44735] INFO  rpc.RpcClient (RpcClient.java:createBucket(666)) - Creating Bucket: ad9485f6-9b34-40d9-844c-e562d4b50f44/c059e268-ec9b-439d-b1b5-e977f6fb599c, with the Bucket Layout null, runner as owner, Versioning false, Storage Type set to DISK and Encryption set to false 
2022-06-24 01:39:28,494 [OM StateMachine ApplyTransaction Thread - 0] INFO  bucket.OMBucketCreateRequest (OMBucketCreateRequest.java:validateAndUpdateCache(260)) - created bucket: c059e268-ec9b-439d-b1b5-e977f6fb599c of layout LEGACY in volume: ad9485f6-9b34-40d9-844c-e562d4b50f44
]]></system-out>
  </testcase>
  <testcase name="testHeadObject" classname="org.apache.hadoop.ozone.client.rpc.TestOzoneRpcClient" time="0.084">
    <system-out><![CDATA[2022-06-24 01:39:28,533 [Listener at 127.0.0.1/44735] INFO  rpc.RpcClient (RpcClient.java:createVolume(466)) - Creating Volume: eca51197-412d-4481-b38e-1bf9b7066911, with runner as owner and space quota set to -1 bytes, counts quota set to -1
2022-06-24 01:39:28,536 [OM StateMachine ApplyTransaction Thread - 0] INFO  volume.OMVolumeCreateRequest (OMVolumeCreateRequest.java:validateAndUpdateCache(195)) - created volume:eca51197-412d-4481-b38e-1bf9b7066911 for user:runner
2022-06-24 01:39:28,538 [Listener at 127.0.0.1/44735] INFO  rpc.RpcClient (RpcClient.java:createBucket(666)) - Creating Bucket: eca51197-412d-4481-b38e-1bf9b7066911/e193d739-1f05-432f-a090-e849e09f74ef, with the Bucket Layout null, runner as owner, Versioning false, Storage Type set to DISK and Encryption set to false 
2022-06-24 01:39:28,541 [OM StateMachine ApplyTransaction Thread - 0] INFO  bucket.OMBucketCreateRequest (OMBucketCreateRequest.java:validateAndUpdateCache(260)) - created bucket: e193d739-1f05-432f-a090-e849e09f74ef of layout LEGACY in volume: eca51197-412d-4481-b38e-1bf9b7066911
01:39:28.615 [IPC Server handler 2 on default port 44735] ERROR OMAudit - user=runner | ip=127.0.0.1 | op=READ_KEY {volume=eca51197-412d-4481-b38e-1bf9b7066911, bucket=e193d739-1f05-432f-a090-e849e09f74ef, key=d6e141dd-6cc7-4540-913b-8bbf94a4d0bc, dataSize=0, replicationConfig=null} | ret=FAILURE
org.apache.hadoop.ozone.om.exceptions.OMException: Key:d6e141dd-6cc7-4540-913b-8bbf94a4d0bc not found
	at org.apache.hadoop.ozone.om.KeyManagerImpl.lookupKey(KeyManagerImpl.java:399) ~[ozone-manager-1.3.0-SNAPSHOT.jar:?]
	at org.apache.hadoop.ozone.om.OzoneManager.lookupKey(OzoneManager.java:2817) ~[ozone-manager-1.3.0-SNAPSHOT.jar:?]
	at org.apache.hadoop.ozone.protocolPB.OzoneManagerRequestHandler.lookupKey(OzoneManagerRequestHandler.java:484) ~[ozone-manager-1.3.0-SNAPSHOT.jar:?]
	at org.apache.hadoop.ozone.protocolPB.OzoneManagerRequestHandler.handleReadRequest(OzoneManagerRequestHandler.java:182) ~[ozone-manager-1.3.0-SNAPSHOT.jar:?]
	at org.apache.hadoop.ozone.protocolPB.OzoneManagerProtocolServerSideTranslatorPB.submitReadRequestToOM(OzoneManagerProtocolServerSideTranslatorPB.java:226) ~[ozone-manager-1.3.0-SNAPSHOT.jar:?]
	at org.apache.hadoop.ozone.protocolPB.OzoneManagerProtocolServerSideTranslatorPB.processRequest(OzoneManagerProtocolServerSideTranslatorPB.java:175) ~[ozone-manager-1.3.0-SNAPSHOT.jar:?]
	at org.apache.hadoop.hdds.server.OzoneProtocolMessageDispatcher.processRequest(OzoneProtocolMessageDispatcher.java:87) [hdds-server-framework-1.3.0-SNAPSHOT.jar:?]
	at org.apache.hadoop.ozone.protocolPB.OzoneManagerProtocolServerSideTranslatorPB.submitRequest(OzoneManagerProtocolServerSideTranslatorPB.java:147) [ozone-manager-1.3.0-SNAPSHOT.jar:?]
	at org.apache.hadoop.ozone.protocol.proto.OzoneManagerProtocolProtos$OzoneManagerService$2.callBlockingMethod(OzoneManagerProtocolProtos.java) [ozone-interface-client-1.3.0-SNAPSHOT.jar:?]
	at org.apache.hadoop.ipc.ProtobufRpcEngine$Server.processCall(ProtobufRpcEngine.java:466) [hadoop-common-3.3.1.jar:?]
	at org.apache.hadoop.ipc.ProtobufRpcEngine2$Server$ProtoBufRpcInvoker.call(ProtobufRpcEngine2.java:574) [hadoop-common-3.3.1.jar:?]
	at org.apache.hadoop.ipc.ProtobufRpcEngine2$Server$ProtoBufRpcInvoker.call(ProtobufRpcEngine2.java:552) [hadoop-common-3.3.1.jar:?]
	at org.apache.hadoop.ipc.RPC$Server.call(RPC.java:1093) [hadoop-common-3.3.1.jar:?]
	at org.apache.hadoop.ipc.Server$RpcCall.run(Server.java:1035) [hadoop-common-3.3.1.jar:?]
	at org.apache.hadoop.ipc.Server$RpcCall.run(Server.java:963) [hadoop-common-3.3.1.jar:?]
	at java.security.AccessController.doPrivileged(Native Method) ~[?:1.8.0_332]
	at javax.security.auth.Subject.doAs(Subject.java:422) [?:1.8.0_332]
	at org.apache.hadoop.security.UserGroupInformation.doAs(UserGroupInformation.java:1878) [hadoop-common-3.3.1.jar:?]
	at org.apache.hadoop.ipc.Server$Handler.run(Server.java:2966) [hadoop-common-3.3.1.jar:?]
]]></system-out>
  </testcase>
  <testcase name="testInitiateMultipartUpload(ReplicationConfig)[1]" classname="org.apache.hadoop.ozone.client.rpc.TestOzoneRpcClient" time="0.016">
    <system-out><![CDATA[2022-06-24 01:39:28,619 [Listener at 127.0.0.1/44735] INFO  rpc.RpcClient (RpcClient.java:createVolume(466)) - Creating Volume: d9d2e9bc-b1d3-43d8-ba64-18dd80ec7eee, with runner as owner and space quota set to -1 bytes, counts quota set to -1
2022-06-24 01:39:28,622 [OM StateMachine ApplyTransaction Thread - 0] INFO  volume.OMVolumeCreateRequest (OMVolumeCreateRequest.java:validateAndUpdateCache(195)) - created volume:d9d2e9bc-b1d3-43d8-ba64-18dd80ec7eee for user:runner
2022-06-24 01:39:28,624 [Listener at 127.0.0.1/44735] INFO  rpc.RpcClient (RpcClient.java:createBucket(666)) - Creating Bucket: d9d2e9bc-b1d3-43d8-ba64-18dd80ec7eee/d5e85d03-0d31-4828-a8a4-83dafc11baef, with the Bucket Layout null, runner as owner, Versioning false, Storage Type set to DISK and Encryption set to false 
2022-06-24 01:39:28,626 [OM StateMachine ApplyTransaction Thread - 0] INFO  bucket.OMBucketCreateRequest (OMBucketCreateRequest.java:validateAndUpdateCache(260)) - created bucket: d5e85d03-0d31-4828-a8a4-83dafc11baef of layout LEGACY in volume: d9d2e9bc-b1d3-43d8-ba64-18dd80ec7eee
]]></system-out>
  </testcase>
  <testcase name="testInitiateMultipartUpload(ReplicationConfig)[2]" classname="org.apache.hadoop.ozone.client.rpc.TestOzoneRpcClient" time="0.014">
    <system-out><![CDATA[2022-06-24 01:39:28,636 [Listener at 127.0.0.1/44735] INFO  rpc.RpcClient (RpcClient.java:createVolume(466)) - Creating Volume: baa5ad91-e46b-4d3e-86aa-7244aa1fd841, with runner as owner and space quota set to -1 bytes, counts quota set to -1
2022-06-24 01:39:28,638 [OM StateMachine ApplyTransaction Thread - 0] INFO  volume.OMVolumeCreateRequest (OMVolumeCreateRequest.java:validateAndUpdateCache(195)) - created volume:baa5ad91-e46b-4d3e-86aa-7244aa1fd841 for user:runner
2022-06-24 01:39:28,639 [Listener at 127.0.0.1/44735] INFO  rpc.RpcClient (RpcClient.java:createBucket(666)) - Creating Bucket: baa5ad91-e46b-4d3e-86aa-7244aa1fd841/c8c5a70a-7ac2-4aee-8e1c-11c771dfd93c, with the Bucket Layout null, runner as owner, Versioning false, Storage Type set to DISK and Encryption set to false 
2022-06-24 01:39:28,642 [OM StateMachine ApplyTransaction Thread - 0] INFO  bucket.OMBucketCreateRequest (OMBucketCreateRequest.java:validateAndUpdateCache(260)) - created bucket: c8c5a70a-7ac2-4aee-8e1c-11c771dfd93c of layout LEGACY in volume: baa5ad91-e46b-4d3e-86aa-7244aa1fd841
]]></system-out>
  </testcase>
  <testcase name="testInitiateMultipartUpload(ReplicationConfig)[3]" classname="org.apache.hadoop.ozone.client.rpc.TestOzoneRpcClient" time="0.021">
    <system-out><![CDATA[2022-06-24 01:39:28,651 [Listener at 127.0.0.1/44735] INFO  rpc.RpcClient (RpcClient.java:createVolume(466)) - Creating Volume: 275e8851-3a3c-4252-9c14-e6038b0b3783, with runner as owner and space quota set to -1 bytes, counts quota set to -1
2022-06-24 01:39:28,654 [OM StateMachine ApplyTransaction Thread - 0] INFO  volume.OMVolumeCreateRequest (OMVolumeCreateRequest.java:validateAndUpdateCache(195)) - created volume:275e8851-3a3c-4252-9c14-e6038b0b3783 for user:runner
2022-06-24 01:39:28,656 [Listener at 127.0.0.1/44735] INFO  rpc.RpcClient (RpcClient.java:createBucket(666)) - Creating Bucket: 275e8851-3a3c-4252-9c14-e6038b0b3783/c89404c5-128f-41f8-80b2-34e6e91c792f, with the Bucket Layout null, runner as owner, Versioning false, Storage Type set to DISK and Encryption set to false 
2022-06-24 01:39:28,659 [OM StateMachine ApplyTransaction Thread - 0] INFO  bucket.OMBucketCreateRequest (OMBucketCreateRequest.java:validateAndUpdateCache(260)) - created bucket: c89404c5-128f-41f8-80b2-34e6e91c792f of layout LEGACY in volume: 275e8851-3a3c-4252-9c14-e6038b0b3783
]]></system-out>
  </testcase>
  <testcase name="testInitiateMultipartUploadWithDefaultReplication" classname="org.apache.hadoop.ozone.client.rpc.TestOzoneRpcClient" time="0.019">
    <system-out><![CDATA[2022-06-24 01:39:28,675 [Listener at 127.0.0.1/44735] INFO  rpc.RpcClient (RpcClient.java:createVolume(466)) - Creating Volume: cd7affcd-b6d2-483b-bcd2-67799a328c13, with runner as owner and space quota set to -1 bytes, counts quota set to -1
2022-06-24 01:39:28,677 [OM StateMachine ApplyTransaction Thread - 0] INFO  volume.OMVolumeCreateRequest (OMVolumeCreateRequest.java:validateAndUpdateCache(195)) - created volume:cd7affcd-b6d2-483b-bcd2-67799a328c13 for user:runner
2022-06-24 01:39:28,682 [Listener at 127.0.0.1/44735] INFO  rpc.RpcClient (RpcClient.java:createBucket(666)) - Creating Bucket: cd7affcd-b6d2-483b-bcd2-67799a328c13/9b08f0cb-c817-40c8-afb2-4995f63430ca, with the Bucket Layout null, runner as owner, Versioning false, Storage Type set to DISK and Encryption set to false 
2022-06-24 01:39:28,684 [OM StateMachine ApplyTransaction Thread - 0] INFO  bucket.OMBucketCreateRequest (OMBucketCreateRequest.java:validateAndUpdateCache(260)) - created bucket: 9b08f0cb-c817-40c8-afb2-4995f63430ca of layout LEGACY in volume: cd7affcd-b6d2-483b-bcd2-67799a328c13
]]></system-out>
  </testcase>
  <testcase name="testInvalidBucketCreation" classname="org.apache.hadoop.ozone.client.rpc.TestOzoneRpcClient" time="0.009">
    <system-out><![CDATA[2022-06-24 01:39:28,693 [Listener at 127.0.0.1/44735] INFO  rpc.RpcClient (RpcClient.java:createVolume(466)) - Creating Volume: cc60993a-ee70-4fa8-ac2d-25cd28d8920a, with runner as owner and space quota set to -1 bytes, counts quota set to -1
2022-06-24 01:39:28,695 [OM StateMachine ApplyTransaction Thread - 0] INFO  volume.OMVolumeCreateRequest (OMVolumeCreateRequest.java:validateAndUpdateCache(195)) - created volume:cc60993a-ee70-4fa8-ac2d-25cd28d8920a for user:runner
]]></system-out>
  </testcase>
  <testcase name="testKeyReadWriteForGDPR" classname="org.apache.hadoop.ozone.client.rpc.TestOzoneRpcClient" time="0.061">
    <system-out><![CDATA[2022-06-24 01:39:28,703 [Listener at 127.0.0.1/44735] INFO  rpc.RpcClient (RpcClient.java:createVolume(466)) - Creating Volume: 54b62912-535a-4777-b538-efed45c2ed0c, with runner as owner and space quota set to -1 bytes, counts quota set to -1
2022-06-24 01:39:28,710 [OM StateMachine ApplyTransaction Thread - 0] INFO  volume.OMVolumeCreateRequest (OMVolumeCreateRequest.java:validateAndUpdateCache(195)) - created volume:54b62912-535a-4777-b538-efed45c2ed0c for user:runner
2022-06-24 01:39:28,712 [Listener at 127.0.0.1/44735] INFO  rpc.RpcClient (RpcClient.java:createBucket(666)) - Creating Bucket: 54b62912-535a-4777-b538-efed45c2ed0c/f3cee495-7075-4434-92b0-ac3a8cc0a614, with the Bucket Layout null, runner as owner, Versioning false, Storage Type set to DISK and Encryption set to false 
2022-06-24 01:39:28,714 [OM StateMachine ApplyTransaction Thread - 0] INFO  bucket.OMBucketCreateRequest (OMBucketCreateRequest.java:validateAndUpdateCache(260)) - created bucket: f3cee495-7075-4434-92b0-ac3a8cc0a614 of layout LEGACY in volume: 54b62912-535a-4777-b538-efed45c2ed0c
]]></system-out>
  </testcase>
  <testcase name="testKeysRename" classname="org.apache.hadoop.ozone.client.rpc.TestOzoneRpcClient" time="0.085">
    <system-out><![CDATA[2022-06-24 01:39:28,765 [Listener at 127.0.0.1/44735] INFO  rpc.RpcClient (RpcClient.java:createVolume(466)) - Creating Volume: 957ebd32-c969-47b5-b270-14c9b1c71f36, with runner as owner and space quota set to -1 bytes, counts quota set to -1
2022-06-24 01:39:28,768 [OM StateMachine ApplyTransaction Thread - 0] INFO  volume.OMVolumeCreateRequest (OMVolumeCreateRequest.java:validateAndUpdateCache(195)) - created volume:957ebd32-c969-47b5-b270-14c9b1c71f36 for user:runner
2022-06-24 01:39:28,770 [Listener at 127.0.0.1/44735] INFO  rpc.RpcClient (RpcClient.java:createBucket(666)) - Creating Bucket: 957ebd32-c969-47b5-b270-14c9b1c71f36/4c2d4502-9b67-4022-a7b1-1e8dda3f2480, with the Bucket Layout null, runner as owner, Versioning false, Storage Type set to DISK and Encryption set to false 
2022-06-24 01:39:28,772 [OM StateMachine ApplyTransaction Thread - 0] INFO  bucket.OMBucketCreateRequest (OMBucketCreateRequest.java:validateAndUpdateCache(260)) - created bucket: 4c2d4502-9b67-4022-a7b1-1e8dda3f2480 of layout LEGACY in volume: 957ebd32-c969-47b5-b270-14c9b1c71f36
01:39:28.847 [IPC Server handler 17 on default port 44735] ERROR OMAudit - user=runner | ip=127.0.0.1 | op=READ_KEY {volume=957ebd32-c969-47b5-b270-14c9b1c71f36, bucket=4c2d4502-9b67-4022-a7b1-1e8dda3f2480, key=dir/file1, dataSize=0, replicationConfig=null} | ret=FAILURE
org.apache.hadoop.ozone.om.exceptions.OMException: Key:dir/file1 not found
	at org.apache.hadoop.ozone.om.KeyManagerImpl.lookupKey(KeyManagerImpl.java:399) ~[ozone-manager-1.3.0-SNAPSHOT.jar:?]
	at org.apache.hadoop.ozone.om.OzoneManager.lookupKey(OzoneManager.java:2817) ~[ozone-manager-1.3.0-SNAPSHOT.jar:?]
	at org.apache.hadoop.ozone.protocolPB.OzoneManagerRequestHandler.lookupKey(OzoneManagerRequestHandler.java:484) ~[ozone-manager-1.3.0-SNAPSHOT.jar:?]
	at org.apache.hadoop.ozone.protocolPB.OzoneManagerRequestHandler.handleReadRequest(OzoneManagerRequestHandler.java:182) ~[ozone-manager-1.3.0-SNAPSHOT.jar:?]
	at org.apache.hadoop.ozone.protocolPB.OzoneManagerProtocolServerSideTranslatorPB.submitReadRequestToOM(OzoneManagerProtocolServerSideTranslatorPB.java:226) ~[ozone-manager-1.3.0-SNAPSHOT.jar:?]
	at org.apache.hadoop.ozone.protocolPB.OzoneManagerProtocolServerSideTranslatorPB.processRequest(OzoneManagerProtocolServerSideTranslatorPB.java:175) ~[ozone-manager-1.3.0-SNAPSHOT.jar:?]
	at org.apache.hadoop.hdds.server.OzoneProtocolMessageDispatcher.processRequest(OzoneProtocolMessageDispatcher.java:87) [hdds-server-framework-1.3.0-SNAPSHOT.jar:?]
	at org.apache.hadoop.ozone.protocolPB.OzoneManagerProtocolServerSideTranslatorPB.submitRequest(OzoneManagerProtocolServerSideTranslatorPB.java:147) [ozone-manager-1.3.0-SNAPSHOT.jar:?]
	at org.apache.hadoop.ozone.protocol.proto.OzoneManagerProtocolProtos$OzoneManagerService$2.callBlockingMethod(OzoneManagerProtocolProtos.java) [ozone-interface-client-1.3.0-SNAPSHOT.jar:?]
	at org.apache.hadoop.ipc.ProtobufRpcEngine$Server.processCall(ProtobufRpcEngine.java:466) [hadoop-common-3.3.1.jar:?]
	at org.apache.hadoop.ipc.ProtobufRpcEngine2$Server$ProtoBufRpcInvoker.call(ProtobufRpcEngine2.java:574) [hadoop-common-3.3.1.jar:?]
	at org.apache.hadoop.ipc.ProtobufRpcEngine2$Server$ProtoBufRpcInvoker.call(ProtobufRpcEngine2.java:552) [hadoop-common-3.3.1.jar:?]
	at org.apache.hadoop.ipc.RPC$Server.call(RPC.java:1093) [hadoop-common-3.3.1.jar:?]
	at org.apache.hadoop.ipc.Server$RpcCall.run(Server.java:1035) [hadoop-common-3.3.1.jar:?]
	at org.apache.hadoop.ipc.Server$RpcCall.run(Server.java:963) [hadoop-common-3.3.1.jar:?]
	at java.security.AccessController.doPrivileged(Native Method) ~[?:1.8.0_332]
	at javax.security.auth.Subject.doAs(Subject.java:422) [?:1.8.0_332]
	at org.apache.hadoop.security.UserGroupInformation.doAs(UserGroupInformation.java:1878) [hadoop-common-3.3.1.jar:?]
	at org.apache.hadoop.ipc.Server$Handler.run(Server.java:2966) [hadoop-common-3.3.1.jar:?]
01:39:28.848 [IPC Server handler 15 on default port 44735] ERROR OMAudit - user=runner | ip=127.0.0.1 | op=READ_KEY {volume=957ebd32-c969-47b5-b270-14c9b1c71f36, bucket=4c2d4502-9b67-4022-a7b1-1e8dda3f2480, key=dir/file2, dataSize=0, replicationConfig=null} | ret=FAILURE
org.apache.hadoop.ozone.om.exceptions.OMException: Key:dir/file2 not found
	at org.apache.hadoop.ozone.om.KeyManagerImpl.lookupKey(KeyManagerImpl.java:399) ~[ozone-manager-1.3.0-SNAPSHOT.jar:?]
	at org.apache.hadoop.ozone.om.OzoneManager.lookupKey(OzoneManager.java:2817) ~[ozone-manager-1.3.0-SNAPSHOT.jar:?]
	at org.apache.hadoop.ozone.protocolPB.OzoneManagerRequestHandler.lookupKey(OzoneManagerRequestHandler.java:484) ~[ozone-manager-1.3.0-SNAPSHOT.jar:?]
	at org.apache.hadoop.ozone.protocolPB.OzoneManagerRequestHandler.handleReadRequest(OzoneManagerRequestHandler.java:182) ~[ozone-manager-1.3.0-SNAPSHOT.jar:?]
	at org.apache.hadoop.ozone.protocolPB.OzoneManagerProtocolServerSideTranslatorPB.submitReadRequestToOM(OzoneManagerProtocolServerSideTranslatorPB.java:226) ~[ozone-manager-1.3.0-SNAPSHOT.jar:?]
	at org.apache.hadoop.ozone.protocolPB.OzoneManagerProtocolServerSideTranslatorPB.processRequest(OzoneManagerProtocolServerSideTranslatorPB.java:175) ~[ozone-manager-1.3.0-SNAPSHOT.jar:?]
	at org.apache.hadoop.hdds.server.OzoneProtocolMessageDispatcher.processRequest(OzoneProtocolMessageDispatcher.java:87) [hdds-server-framework-1.3.0-SNAPSHOT.jar:?]
	at org.apache.hadoop.ozone.protocolPB.OzoneManagerProtocolServerSideTranslatorPB.submitRequest(OzoneManagerProtocolServerSideTranslatorPB.java:147) [ozone-manager-1.3.0-SNAPSHOT.jar:?]
	at org.apache.hadoop.ozone.protocol.proto.OzoneManagerProtocolProtos$OzoneManagerService$2.callBlockingMethod(OzoneManagerProtocolProtos.java) [ozone-interface-client-1.3.0-SNAPSHOT.jar:?]
	at org.apache.hadoop.ipc.ProtobufRpcEngine$Server.processCall(ProtobufRpcEngine.java:466) [hadoop-common-3.3.1.jar:?]
	at org.apache.hadoop.ipc.ProtobufRpcEngine2$Server$ProtoBufRpcInvoker.call(ProtobufRpcEngine2.java:574) [hadoop-common-3.3.1.jar:?]
	at org.apache.hadoop.ipc.ProtobufRpcEngine2$Server$ProtoBufRpcInvoker.call(ProtobufRpcEngine2.java:552) [hadoop-common-3.3.1.jar:?]
	at org.apache.hadoop.ipc.RPC$Server.call(RPC.java:1093) [hadoop-common-3.3.1.jar:?]
	at org.apache.hadoop.ipc.Server$RpcCall.run(Server.java:1035) [hadoop-common-3.3.1.jar:?]
	at org.apache.hadoop.ipc.Server$RpcCall.run(Server.java:963) [hadoop-common-3.3.1.jar:?]
	at java.security.AccessController.doPrivileged(Native Method) ~[?:1.8.0_332]
	at javax.security.auth.Subject.doAs(Subject.java:422) [?:1.8.0_332]
	at org.apache.hadoop.security.UserGroupInformation.doAs(UserGroupInformation.java:1878) [hadoop-common-3.3.1.jar:?]
	at org.apache.hadoop.ipc.Server$Handler.run(Server.java:2966) [hadoop-common-3.3.1.jar:?]
]]></system-out>
  </testcase>
  <testcase name="testKeysRenameFail" classname="org.apache.hadoop.ozone.client.rpc.TestOzoneRpcClient" time="0.035">
    <system-out><![CDATA[2022-06-24 01:39:28,850 [Listener at 127.0.0.1/44735] INFO  rpc.RpcClient (RpcClient.java:createVolume(466)) - Creating Volume: c70498aa-f797-4f36-af9d-f33baefc10ac, with runner as owner and space quota set to -1 bytes, counts quota set to -1
2022-06-24 01:39:28,853 [OM StateMachine ApplyTransaction Thread - 0] INFO  volume.OMVolumeCreateRequest (OMVolumeCreateRequest.java:validateAndUpdateCache(195)) - created volume:c70498aa-f797-4f36-af9d-f33baefc10ac for user:runner
2022-06-24 01:39:28,855 [Listener at 127.0.0.1/44735] INFO  rpc.RpcClient (RpcClient.java:createBucket(666)) - Creating Bucket: c70498aa-f797-4f36-af9d-f33baefc10ac/870f898f-6b8e-4389-9cb3-6e6e4c6f493e, with the Bucket Layout null, runner as owner, Versioning false, Storage Type set to DISK and Encryption set to false 
2022-06-24 01:39:28,857 [OM StateMachine ApplyTransaction Thread - 0] INFO  bucket.OMBucketCreateRequest (OMBucketCreateRequest.java:validateAndUpdateCache(260)) - created bucket: 870f898f-6b8e-4389-9cb3-6e6e4c6f493e of layout LEGACY in volume: c70498aa-f797-4f36-af9d-f33baefc10ac
2022-06-24 01:39:28,879 [OM StateMachine ApplyTransaction Thread - 0] ERROR key.OMKeysRenameRequest (OMKeysRenameRequest.java:validateAndUpdateCache(191)) - Received a request to rename a Key does not exist /c70498aa-f797-4f36-af9d-f33baefc10ac/870f898f-6b8e-4389-9cb3-6e6e4c6f493e/dir/file2
01:39:28.884 [IPC Server handler 19 on default port 44735] ERROR OMAudit - user=runner | ip=127.0.0.1 | op=READ_KEY {volume=c70498aa-f797-4f36-af9d-f33baefc10ac, bucket=870f898f-6b8e-4389-9cb3-6e6e4c6f493e, key=dir/file2, dataSize=0, replicationConfig=null} | ret=FAILURE
org.apache.hadoop.ozone.om.exceptions.OMException: Key:dir/file2 not found
	at org.apache.hadoop.ozone.om.KeyManagerImpl.lookupKey(KeyManagerImpl.java:399) ~[ozone-manager-1.3.0-SNAPSHOT.jar:?]
	at org.apache.hadoop.ozone.om.OzoneManager.lookupKey(OzoneManager.java:2817) ~[ozone-manager-1.3.0-SNAPSHOT.jar:?]
	at org.apache.hadoop.ozone.protocolPB.OzoneManagerRequestHandler.lookupKey(OzoneManagerRequestHandler.java:484) ~[ozone-manager-1.3.0-SNAPSHOT.jar:?]
	at org.apache.hadoop.ozone.protocolPB.OzoneManagerRequestHandler.handleReadRequest(OzoneManagerRequestHandler.java:182) ~[ozone-manager-1.3.0-SNAPSHOT.jar:?]
	at org.apache.hadoop.ozone.protocolPB.OzoneManagerProtocolServerSideTranslatorPB.submitReadRequestToOM(OzoneManagerProtocolServerSideTranslatorPB.java:226) ~[ozone-manager-1.3.0-SNAPSHOT.jar:?]
	at org.apache.hadoop.ozone.protocolPB.OzoneManagerProtocolServerSideTranslatorPB.processRequest(OzoneManagerProtocolServerSideTranslatorPB.java:175) ~[ozone-manager-1.3.0-SNAPSHOT.jar:?]
	at org.apache.hadoop.hdds.server.OzoneProtocolMessageDispatcher.processRequest(OzoneProtocolMessageDispatcher.java:87) [hdds-server-framework-1.3.0-SNAPSHOT.jar:?]
	at org.apache.hadoop.ozone.protocolPB.OzoneManagerProtocolServerSideTranslatorPB.submitRequest(OzoneManagerProtocolServerSideTranslatorPB.java:147) [ozone-manager-1.3.0-SNAPSHOT.jar:?]
	at org.apache.hadoop.ozone.protocol.proto.OzoneManagerProtocolProtos$OzoneManagerService$2.callBlockingMethod(OzoneManagerProtocolProtos.java) [ozone-interface-client-1.3.0-SNAPSHOT.jar:?]
	at org.apache.hadoop.ipc.ProtobufRpcEngine$Server.processCall(ProtobufRpcEngine.java:466) [hadoop-common-3.3.1.jar:?]
	at org.apache.hadoop.ipc.ProtobufRpcEngine2$Server$ProtoBufRpcInvoker.call(ProtobufRpcEngine2.java:574) [hadoop-common-3.3.1.jar:?]
	at org.apache.hadoop.ipc.ProtobufRpcEngine2$Server$ProtoBufRpcInvoker.call(ProtobufRpcEngine2.java:552) [hadoop-common-3.3.1.jar:?]
	at org.apache.hadoop.ipc.RPC$Server.call(RPC.java:1093) [hadoop-common-3.3.1.jar:?]
	at org.apache.hadoop.ipc.Server$RpcCall.run(Server.java:1035) [hadoop-common-3.3.1.jar:?]
	at org.apache.hadoop.ipc.Server$RpcCall.run(Server.java:963) [hadoop-common-3.3.1.jar:?]
	at java.security.AccessController.doPrivileged(Native Method) ~[?:1.8.0_332]
	at javax.security.auth.Subject.doAs(Subject.java:422) [?:1.8.0_332]
	at org.apache.hadoop.security.UserGroupInformation.doAs(UserGroupInformation.java:1878) [hadoop-common-3.3.1.jar:?]
	at org.apache.hadoop.ipc.Server$Handler.run(Server.java:2966) [hadoop-common-3.3.1.jar:?]
]]></system-out>
  </testcase>
  <testcase name="testListBucket" classname="org.apache.hadoop.ozone.client.rpc.TestOzoneRpcClient" time="0.148">
    <system-out><![CDATA[2022-06-24 01:39:28,886 [Listener at 127.0.0.1/44735] INFO  rpc.RpcClient (RpcClient.java:createVolume(466)) - Creating Volume: vol-a-68984, with runner as owner and space quota set to -1 bytes, counts quota set to -1
2022-06-24 01:39:28,890 [OM StateMachine ApplyTransaction Thread - 0] INFO  volume.OMVolumeCreateRequest (OMVolumeCreateRequest.java:validateAndUpdateCache(195)) - created volume:vol-a-68984 for user:runner
2022-06-24 01:39:28,891 [Listener at 127.0.0.1/44735] INFO  rpc.RpcClient (RpcClient.java:createVolume(466)) - Creating Volume: vol-b-65837, with runner as owner and space quota set to -1 bytes, counts quota set to -1
2022-06-24 01:39:28,893 [OM StateMachine ApplyTransaction Thread - 0] INFO  volume.OMVolumeCreateRequest (OMVolumeCreateRequest.java:validateAndUpdateCache(195)) - created volume:vol-b-65837 for user:runner
2022-06-24 01:39:28,897 [Listener at 127.0.0.1/44735] INFO  rpc.RpcClient (RpcClient.java:createBucket(666)) - Creating Bucket: vol-a-68984/bucket-a-0-38099, with the Bucket Layout null, runner as owner, Versioning false, Storage Type set to DISK and Encryption set to false 
2022-06-24 01:39:28,899 [OM StateMachine ApplyTransaction Thread - 0] INFO  bucket.OMBucketCreateRequest (OMBucketCreateRequest.java:validateAndUpdateCache(260)) - created bucket: bucket-a-0-38099 of layout LEGACY in volume: vol-a-68984
2022-06-24 01:39:28,900 [Listener at 127.0.0.1/44735] INFO  rpc.RpcClient (RpcClient.java:createBucket(666)) - Creating Bucket: vol-b-65837/bucket-a-0-06400, with the Bucket Layout null, runner as owner, Versioning false, Storage Type set to DISK and Encryption set to false 
2022-06-24 01:39:28,902 [OM StateMachine ApplyTransaction Thread - 0] INFO  bucket.OMBucketCreateRequest (OMBucketCreateRequest.java:validateAndUpdateCache(260)) - created bucket: bucket-a-0-06400 of layout LEGACY in volume: vol-b-65837
2022-06-24 01:39:28,903 [Listener at 127.0.0.1/44735] INFO  rpc.RpcClient (RpcClient.java:createBucket(666)) - Creating Bucket: vol-a-68984/bucket-a-1-96100, with the Bucket Layout null, runner as owner, Versioning false, Storage Type set to DISK and Encryption set to false 
2022-06-24 01:39:28,906 [OM StateMachine ApplyTransaction Thread - 0] INFO  bucket.OMBucketCreateRequest (OMBucketCreateRequest.java:validateAndUpdateCache(260)) - created bucket: bucket-a-1-96100 of layout LEGACY in volume: vol-a-68984
2022-06-24 01:39:28,906 [Listener at 127.0.0.1/44735] INFO  rpc.RpcClient (RpcClient.java:createBucket(666)) - Creating Bucket: vol-b-65837/bucket-a-1-55861, with the Bucket Layout null, runner as owner, Versioning false, Storage Type set to DISK and Encryption set to false 
2022-06-24 01:39:28,908 [OM StateMachine ApplyTransaction Thread - 0] INFO  bucket.OMBucketCreateRequest (OMBucketCreateRequest.java:validateAndUpdateCache(260)) - created bucket: bucket-a-1-55861 of layout LEGACY in volume: vol-b-65837
2022-06-24 01:39:28,909 [Listener at 127.0.0.1/44735] INFO  rpc.RpcClient (RpcClient.java:createBucket(666)) - Creating Bucket: vol-a-68984/bucket-a-2-25204, with the Bucket Layout null, runner as owner, Versioning false, Storage Type set to DISK and Encryption set to false 
2022-06-24 01:39:28,911 [OM StateMachine ApplyTransaction Thread - 0] INFO  bucket.OMBucketCreateRequest (OMBucketCreateRequest.java:validateAndUpdateCache(260)) - created bucket: bucket-a-2-25204 of layout LEGACY in volume: vol-a-68984
2022-06-24 01:39:28,912 [Listener at 127.0.0.1/44735] INFO  rpc.RpcClient (RpcClient.java:createBucket(666)) - Creating Bucket: vol-b-65837/bucket-a-2-59688, with the Bucket Layout null, runner as owner, Versioning false, Storage Type set to DISK and Encryption set to false 
2022-06-24 01:39:28,914 [OM StateMachine ApplyTransaction Thread - 0] INFO  bucket.OMBucketCreateRequest (OMBucketCreateRequest.java:validateAndUpdateCache(260)) - created bucket: bucket-a-2-59688 of layout LEGACY in volume: vol-b-65837
2022-06-24 01:39:28,915 [Listener at 127.0.0.1/44735] INFO  rpc.RpcClient (RpcClient.java:createBucket(666)) - Creating Bucket: vol-a-68984/bucket-a-3-62669, with the Bucket Layout null, runner as owner, Versioning false, Storage Type set to DISK and Encryption set to false 
2022-06-24 01:39:28,917 [OM StateMachine ApplyTransaction Thread - 0] INFO  bucket.OMBucketCreateRequest (OMBucketCreateRequest.java:validateAndUpdateCache(260)) - created bucket: bucket-a-3-62669 of layout LEGACY in volume: vol-a-68984
2022-06-24 01:39:28,917 [Listener at 127.0.0.1/44735] INFO  rpc.RpcClient (RpcClient.java:createBucket(666)) - Creating Bucket: vol-b-65837/bucket-a-3-81326, with the Bucket Layout null, runner as owner, Versioning false, Storage Type set to DISK and Encryption set to false 
2022-06-24 01:39:28,920 [OM StateMachine ApplyTransaction Thread - 0] INFO  bucket.OMBucketCreateRequest (OMBucketCreateRequest.java:validateAndUpdateCache(260)) - created bucket: bucket-a-3-81326 of layout LEGACY in volume: vol-b-65837
2022-06-24 01:39:28,920 [Listener at 127.0.0.1/44735] INFO  rpc.RpcClient (RpcClient.java:createBucket(666)) - Creating Bucket: vol-a-68984/bucket-a-4-45710, with the Bucket Layout null, runner as owner, Versioning false, Storage Type set to DISK and Encryption set to false 
2022-06-24 01:39:28,922 [OM StateMachine ApplyTransaction Thread - 0] INFO  bucket.OMBucketCreateRequest (OMBucketCreateRequest.java:validateAndUpdateCache(260)) - created bucket: bucket-a-4-45710 of layout LEGACY in volume: vol-a-68984
2022-06-24 01:39:28,923 [Listener at 127.0.0.1/44735] INFO  rpc.RpcClient (RpcClient.java:createBucket(666)) - Creating Bucket: vol-b-65837/bucket-a-4-41908, with the Bucket Layout null, runner as owner, Versioning false, Storage Type set to DISK and Encryption set to false 
2022-06-24 01:39:28,925 [OM StateMachine ApplyTransaction Thread - 0] INFO  bucket.OMBucketCreateRequest (OMBucketCreateRequest.java:validateAndUpdateCache(260)) - created bucket: bucket-a-4-41908 of layout LEGACY in volume: vol-b-65837
2022-06-24 01:39:28,925 [Listener at 127.0.0.1/44735] INFO  rpc.RpcClient (RpcClient.java:createBucket(666)) - Creating Bucket: vol-a-68984/bucket-a-5-31910, with the Bucket Layout null, runner as owner, Versioning false, Storage Type set to DISK and Encryption set to false 
2022-06-24 01:39:28,927 [OM StateMachine ApplyTransaction Thread - 0] INFO  bucket.OMBucketCreateRequest (OMBucketCreateRequest.java:validateAndUpdateCache(260)) - created bucket: bucket-a-5-31910 of layout LEGACY in volume: vol-a-68984
2022-06-24 01:39:28,928 [Listener at 127.0.0.1/44735] INFO  rpc.RpcClient (RpcClient.java:createBucket(666)) - Creating Bucket: vol-b-65837/bucket-a-5-03927, with the Bucket Layout null, runner as owner, Versioning false, Storage Type set to DISK and Encryption set to false 
2022-06-24 01:39:28,930 [OM StateMachine ApplyTransaction Thread - 0] INFO  bucket.OMBucketCreateRequest (OMBucketCreateRequest.java:validateAndUpdateCache(260)) - created bucket: bucket-a-5-03927 of layout LEGACY in volume: vol-b-65837
2022-06-24 01:39:28,930 [Listener at 127.0.0.1/44735] INFO  rpc.RpcClient (RpcClient.java:createBucket(666)) - Creating Bucket: vol-a-68984/bucket-a-6-55619, with the Bucket Layout null, runner as owner, Versioning false, Storage Type set to DISK and Encryption set to false 
2022-06-24 01:39:28,932 [OM StateMachine ApplyTransaction Thread - 0] INFO  bucket.OMBucketCreateRequest (OMBucketCreateRequest.java:validateAndUpdateCache(260)) - created bucket: bucket-a-6-55619 of layout LEGACY in volume: vol-a-68984
2022-06-24 01:39:28,933 [Listener at 127.0.0.1/44735] INFO  rpc.RpcClient (RpcClient.java:createBucket(666)) - Creating Bucket: vol-b-65837/bucket-a-6-65292, with the Bucket Layout null, runner as owner, Versioning false, Storage Type set to DISK and Encryption set to false 
2022-06-24 01:39:28,935 [OM StateMachine ApplyTransaction Thread - 0] INFO  bucket.OMBucketCreateRequest (OMBucketCreateRequest.java:validateAndUpdateCache(260)) - created bucket: bucket-a-6-65292 of layout LEGACY in volume: vol-b-65837
2022-06-24 01:39:28,935 [Listener at 127.0.0.1/44735] INFO  rpc.RpcClient (RpcClient.java:createBucket(666)) - Creating Bucket: vol-a-68984/bucket-a-7-93955, with the Bucket Layout null, runner as owner, Versioning false, Storage Type set to DISK and Encryption set to false 
2022-06-24 01:39:28,939 [OM StateMachine ApplyTransaction Thread - 0] INFO  bucket.OMBucketCreateRequest (OMBucketCreateRequest.java:validateAndUpdateCache(260)) - created bucket: bucket-a-7-93955 of layout LEGACY in volume: vol-a-68984
2022-06-24 01:39:28,939 [Listener at 127.0.0.1/44735] INFO  rpc.RpcClient (RpcClient.java:createBucket(666)) - Creating Bucket: vol-b-65837/bucket-a-7-39717, with the Bucket Layout null, runner as owner, Versioning false, Storage Type set to DISK and Encryption set to false 
2022-06-24 01:39:28,942 [OM StateMachine ApplyTransaction Thread - 0] INFO  bucket.OMBucketCreateRequest (OMBucketCreateRequest.java:validateAndUpdateCache(260)) - created bucket: bucket-a-7-39717 of layout LEGACY in volume: vol-b-65837
2022-06-24 01:39:28,942 [Listener at 127.0.0.1/44735] INFO  rpc.RpcClient (RpcClient.java:createBucket(666)) - Creating Bucket: vol-a-68984/bucket-a-8-16765, with the Bucket Layout null, runner as owner, Versioning false, Storage Type set to DISK and Encryption set to false 
2022-06-24 01:39:28,944 [OM StateMachine ApplyTransaction Thread - 0] INFO  bucket.OMBucketCreateRequest (OMBucketCreateRequest.java:validateAndUpdateCache(260)) - created bucket: bucket-a-8-16765 of layout LEGACY in volume: vol-a-68984
2022-06-24 01:39:28,945 [Listener at 127.0.0.1/44735] INFO  rpc.RpcClient (RpcClient.java:createBucket(666)) - Creating Bucket: vol-b-65837/bucket-a-8-78375, with the Bucket Layout null, runner as owner, Versioning false, Storage Type set to DISK and Encryption set to false 
2022-06-24 01:39:28,947 [OM StateMachine ApplyTransaction Thread - 0] INFO  bucket.OMBucketCreateRequest (OMBucketCreateRequest.java:validateAndUpdateCache(260)) - created bucket: bucket-a-8-78375 of layout LEGACY in volume: vol-b-65837
2022-06-24 01:39:28,947 [Listener at 127.0.0.1/44735] INFO  rpc.RpcClient (RpcClient.java:createBucket(666)) - Creating Bucket: vol-a-68984/bucket-a-9-64150, with the Bucket Layout null, runner as owner, Versioning false, Storage Type set to DISK and Encryption set to false 
2022-06-24 01:39:28,949 [OM StateMachine ApplyTransaction Thread - 0] INFO  bucket.OMBucketCreateRequest (OMBucketCreateRequest.java:validateAndUpdateCache(260)) - created bucket: bucket-a-9-64150 of layout LEGACY in volume: vol-a-68984
2022-06-24 01:39:28,950 [Listener at 127.0.0.1/44735] INFO  rpc.RpcClient (RpcClient.java:createBucket(666)) - Creating Bucket: vol-b-65837/bucket-a-9-51858, with the Bucket Layout null, runner as owner, Versioning false, Storage Type set to DISK and Encryption set to false 
2022-06-24 01:39:28,952 [OM StateMachine ApplyTransaction Thread - 0] INFO  bucket.OMBucketCreateRequest (OMBucketCreateRequest.java:validateAndUpdateCache(260)) - created bucket: bucket-a-9-51858 of layout LEGACY in volume: vol-b-65837
2022-06-24 01:39:28,952 [Listener at 127.0.0.1/44735] INFO  rpc.RpcClient (RpcClient.java:createBucket(666)) - Creating Bucket: vol-a-68984/bucket-b-0-61636, with the Bucket Layout null, runner as owner, Versioning false, Storage Type set to DISK and Encryption set to false 
2022-06-24 01:39:28,954 [OM StateMachine ApplyTransaction Thread - 0] INFO  bucket.OMBucketCreateRequest (OMBucketCreateRequest.java:validateAndUpdateCache(260)) - created bucket: bucket-b-0-61636 of layout LEGACY in volume: vol-a-68984
2022-06-24 01:39:28,955 [Listener at 127.0.0.1/44735] INFO  rpc.RpcClient (RpcClient.java:createBucket(666)) - Creating Bucket: vol-b-65837/bucket-b-0-86204, with the Bucket Layout null, runner as owner, Versioning false, Storage Type set to DISK and Encryption set to false 
2022-06-24 01:39:28,957 [OM StateMachine ApplyTransaction Thread - 0] INFO  bucket.OMBucketCreateRequest (OMBucketCreateRequest.java:validateAndUpdateCache(260)) - created bucket: bucket-b-0-86204 of layout LEGACY in volume: vol-b-65837
2022-06-24 01:39:28,958 [Listener at 127.0.0.1/44735] INFO  rpc.RpcClient (RpcClient.java:createBucket(666)) - Creating Bucket: vol-a-68984/bucket-b-1-17458, with the Bucket Layout null, runner as owner, Versioning false, Storage Type set to DISK and Encryption set to false 
2022-06-24 01:39:28,960 [OM StateMachine ApplyTransaction Thread - 0] INFO  bucket.OMBucketCreateRequest (OMBucketCreateRequest.java:validateAndUpdateCache(260)) - created bucket: bucket-b-1-17458 of layout LEGACY in volume: vol-a-68984
2022-06-24 01:39:28,961 [Listener at 127.0.0.1/44735] INFO  rpc.RpcClient (RpcClient.java:createBucket(666)) - Creating Bucket: vol-b-65837/bucket-b-1-08334, with the Bucket Layout null, runner as owner, Versioning false, Storage Type set to DISK and Encryption set to false 
2022-06-24 01:39:28,963 [OM StateMachine ApplyTransaction Thread - 0] INFO  bucket.OMBucketCreateRequest (OMBucketCreateRequest.java:validateAndUpdateCache(260)) - created bucket: bucket-b-1-08334 of layout LEGACY in volume: vol-b-65837
2022-06-24 01:39:28,963 [Listener at 127.0.0.1/44735] INFO  rpc.RpcClient (RpcClient.java:createBucket(666)) - Creating Bucket: vol-a-68984/bucket-b-2-50050, with the Bucket Layout null, runner as owner, Versioning false, Storage Type set to DISK and Encryption set to false 
2022-06-24 01:39:28,965 [OM StateMachine ApplyTransaction Thread - 0] INFO  bucket.OMBucketCreateRequest (OMBucketCreateRequest.java:validateAndUpdateCache(260)) - created bucket: bucket-b-2-50050 of layout LEGACY in volume: vol-a-68984
2022-06-24 01:39:28,966 [Listener at 127.0.0.1/44735] INFO  rpc.RpcClient (RpcClient.java:createBucket(666)) - Creating Bucket: vol-b-65837/bucket-b-2-79971, with the Bucket Layout null, runner as owner, Versioning false, Storage Type set to DISK and Encryption set to false 
2022-06-24 01:39:28,968 [OM StateMachine ApplyTransaction Thread - 0] INFO  bucket.OMBucketCreateRequest (OMBucketCreateRequest.java:validateAndUpdateCache(260)) - created bucket: bucket-b-2-79971 of layout LEGACY in volume: vol-b-65837
2022-06-24 01:39:28,969 [Listener at 127.0.0.1/44735] INFO  rpc.RpcClient (RpcClient.java:createBucket(666)) - Creating Bucket: vol-a-68984/bucket-b-3-06950, with the Bucket Layout null, runner as owner, Versioning false, Storage Type set to DISK and Encryption set to false 
2022-06-24 01:39:28,971 [OM StateMachine ApplyTransaction Thread - 0] INFO  bucket.OMBucketCreateRequest (OMBucketCreateRequest.java:validateAndUpdateCache(260)) - created bucket: bucket-b-3-06950 of layout LEGACY in volume: vol-a-68984
2022-06-24 01:39:28,971 [Listener at 127.0.0.1/44735] INFO  rpc.RpcClient (RpcClient.java:createBucket(666)) - Creating Bucket: vol-b-65837/bucket-b-3-76223, with the Bucket Layout null, runner as owner, Versioning false, Storage Type set to DISK and Encryption set to false 
2022-06-24 01:39:28,973 [OM StateMachine ApplyTransaction Thread - 0] INFO  bucket.OMBucketCreateRequest (OMBucketCreateRequest.java:validateAndUpdateCache(260)) - created bucket: bucket-b-3-76223 of layout LEGACY in volume: vol-b-65837
2022-06-24 01:39:28,975 [Listener at 127.0.0.1/44735] INFO  rpc.RpcClient (RpcClient.java:createBucket(666)) - Creating Bucket: vol-a-68984/bucket-b-4-97947, with the Bucket Layout null, runner as owner, Versioning false, Storage Type set to DISK and Encryption set to false 
2022-06-24 01:39:28,977 [OM StateMachine ApplyTransaction Thread - 0] INFO  bucket.OMBucketCreateRequest (OMBucketCreateRequest.java:validateAndUpdateCache(260)) - created bucket: bucket-b-4-97947 of layout LEGACY in volume: vol-a-68984
2022-06-24 01:39:28,978 [Listener at 127.0.0.1/44735] INFO  rpc.RpcClient (RpcClient.java:createBucket(666)) - Creating Bucket: vol-b-65837/bucket-b-4-59784, with the Bucket Layout null, runner as owner, Versioning false, Storage Type set to DISK and Encryption set to false 
2022-06-24 01:39:28,980 [OM StateMachine ApplyTransaction Thread - 0] INFO  bucket.OMBucketCreateRequest (OMBucketCreateRequest.java:validateAndUpdateCache(260)) - created bucket: bucket-b-4-59784 of layout LEGACY in volume: vol-b-65837
2022-06-24 01:39:28,981 [Listener at 127.0.0.1/44735] INFO  rpc.RpcClient (RpcClient.java:createBucket(666)) - Creating Bucket: vol-a-68984/bucket-b-5-73993, with the Bucket Layout null, runner as owner, Versioning false, Storage Type set to DISK and Encryption set to false 
2022-06-24 01:39:28,983 [OM StateMachine ApplyTransaction Thread - 0] INFO  bucket.OMBucketCreateRequest (OMBucketCreateRequest.java:validateAndUpdateCache(260)) - created bucket: bucket-b-5-73993 of layout LEGACY in volume: vol-a-68984
2022-06-24 01:39:28,983 [Listener at 127.0.0.1/44735] INFO  rpc.RpcClient (RpcClient.java:createBucket(666)) - Creating Bucket: vol-b-65837/bucket-b-5-24266, with the Bucket Layout null, runner as owner, Versioning false, Storage Type set to DISK and Encryption set to false 
2022-06-24 01:39:28,985 [OM StateMachine ApplyTransaction Thread - 0] INFO  bucket.OMBucketCreateRequest (OMBucketCreateRequest.java:validateAndUpdateCache(260)) - created bucket: bucket-b-5-24266 of layout LEGACY in volume: vol-b-65837
2022-06-24 01:39:28,986 [Listener at 127.0.0.1/44735] INFO  rpc.RpcClient (RpcClient.java:createBucket(666)) - Creating Bucket: vol-a-68984/bucket-b-6-22613, with the Bucket Layout null, runner as owner, Versioning false, Storage Type set to DISK and Encryption set to false 
2022-06-24 01:39:28,989 [OM StateMachine ApplyTransaction Thread - 0] INFO  bucket.OMBucketCreateRequest (OMBucketCreateRequest.java:validateAndUpdateCache(260)) - created bucket: bucket-b-6-22613 of layout LEGACY in volume: vol-a-68984
2022-06-24 01:39:28,989 [Listener at 127.0.0.1/44735] INFO  rpc.RpcClient (RpcClient.java:createBucket(666)) - Creating Bucket: vol-b-65837/bucket-b-6-74955, with the Bucket Layout null, runner as owner, Versioning false, Storage Type set to DISK and Encryption set to false 
2022-06-24 01:39:28,991 [OM StateMachine ApplyTransaction Thread - 0] INFO  bucket.OMBucketCreateRequest (OMBucketCreateRequest.java:validateAndUpdateCache(260)) - created bucket: bucket-b-6-74955 of layout LEGACY in volume: vol-b-65837
2022-06-24 01:39:28,992 [Listener at 127.0.0.1/44735] INFO  rpc.RpcClient (RpcClient.java:createBucket(666)) - Creating Bucket: vol-a-68984/bucket-b-7-37815, with the Bucket Layout null, runner as owner, Versioning false, Storage Type set to DISK and Encryption set to false 
2022-06-24 01:39:28,994 [OM StateMachine ApplyTransaction Thread - 0] INFO  bucket.OMBucketCreateRequest (OMBucketCreateRequest.java:validateAndUpdateCache(260)) - created bucket: bucket-b-7-37815 of layout LEGACY in volume: vol-a-68984
2022-06-24 01:39:28,994 [Listener at 127.0.0.1/44735] INFO  rpc.RpcClient (RpcClient.java:createBucket(666)) - Creating Bucket: vol-b-65837/bucket-b-7-28100, with the Bucket Layout null, runner as owner, Versioning false, Storage Type set to DISK and Encryption set to false 
2022-06-24 01:39:28,998 [OM StateMachine ApplyTransaction Thread - 0] INFO  bucket.OMBucketCreateRequest (OMBucketCreateRequest.java:validateAndUpdateCache(260)) - created bucket: bucket-b-7-28100 of layout LEGACY in volume: vol-b-65837
2022-06-24 01:39:28,999 [Listener at 127.0.0.1/44735] INFO  rpc.RpcClient (RpcClient.java:createBucket(666)) - Creating Bucket: vol-a-68984/bucket-b-8-07407, with the Bucket Layout null, runner as owner, Versioning false, Storage Type set to DISK and Encryption set to false 
2022-06-24 01:39:29,001 [OM StateMachine ApplyTransaction Thread - 0] INFO  bucket.OMBucketCreateRequest (OMBucketCreateRequest.java:validateAndUpdateCache(260)) - created bucket: bucket-b-8-07407 of layout LEGACY in volume: vol-a-68984
2022-06-24 01:39:29,002 [Listener at 127.0.0.1/44735] INFO  rpc.RpcClient (RpcClient.java:createBucket(666)) - Creating Bucket: vol-b-65837/bucket-b-8-56100, with the Bucket Layout null, runner as owner, Versioning false, Storage Type set to DISK and Encryption set to false 
2022-06-24 01:39:29,004 [OM StateMachine ApplyTransaction Thread - 0] INFO  bucket.OMBucketCreateRequest (OMBucketCreateRequest.java:validateAndUpdateCache(260)) - created bucket: bucket-b-8-56100 of layout LEGACY in volume: vol-b-65837
2022-06-24 01:39:29,005 [Listener at 127.0.0.1/44735] INFO  rpc.RpcClient (RpcClient.java:createBucket(666)) - Creating Bucket: vol-a-68984/bucket-b-9-91011, with the Bucket Layout null, runner as owner, Versioning false, Storage Type set to DISK and Encryption set to false 
2022-06-24 01:39:29,007 [OM StateMachine ApplyTransaction Thread - 0] INFO  bucket.OMBucketCreateRequest (OMBucketCreateRequest.java:validateAndUpdateCache(260)) - created bucket: bucket-b-9-91011 of layout LEGACY in volume: vol-a-68984
2022-06-24 01:39:29,008 [Listener at 127.0.0.1/44735] INFO  rpc.RpcClient (RpcClient.java:createBucket(666)) - Creating Bucket: vol-b-65837/bucket-b-9-88329, with the Bucket Layout null, runner as owner, Versioning false, Storage Type set to DISK and Encryption set to false 
2022-06-24 01:39:29,010 [OM StateMachine ApplyTransaction Thread - 0] INFO  bucket.OMBucketCreateRequest (OMBucketCreateRequest.java:validateAndUpdateCache(260)) - created bucket: bucket-b-9-88329 of layout LEGACY in volume: vol-b-65837
]]></system-out>
  </testcase>
  <testcase name="testListBucketsOnEmptyVolume" classname="org.apache.hadoop.ozone.client.rpc.TestOzoneRpcClient" time="0.007">
    <system-out><![CDATA[2022-06-24 01:39:29,036 [Listener at 127.0.0.1/44735] INFO  rpc.RpcClient (RpcClient.java:createVolume(466)) - Creating Volume: vol-empty, with runner as owner and space quota set to -1 bytes, counts quota set to -1
2022-06-24 01:39:29,040 [OM StateMachine ApplyTransaction Thread - 0] INFO  volume.OMVolumeCreateRequest (OMVolumeCreateRequest.java:validateAndUpdateCache(195)) - created volume:vol-empty for user:runner
]]></system-out>
  </testcase>
  <testcase name="testListBucketsReplicationConfig" classname="org.apache.hadoop.ozone.client.rpc.TestOzoneRpcClient" time="0.021">
    <system-out><![CDATA[2022-06-24 01:39:29,044 [Listener at 127.0.0.1/44735] INFO  rpc.RpcClient (RpcClient.java:createVolume(466)) - Creating Volume: 2bf4296a-b787-4bee-86d6-2cfd0d41f795, with runner as owner and space quota set to -1 bytes, counts quota set to -1
2022-06-24 01:39:29,046 [OM StateMachine ApplyTransaction Thread - 0] INFO  volume.OMVolumeCreateRequest (OMVolumeCreateRequest.java:validateAndUpdateCache(195)) - created volume:2bf4296a-b787-4bee-86d6-2cfd0d41f795 for user:runner
2022-06-24 01:39:29,049 [Listener at 127.0.0.1/44735] INFO  rpc.RpcClient (RpcClient.java:createBucket(666)) - Creating Bucket: 2bf4296a-b787-4bee-86d6-2cfd0d41f795/bad8467c-64e7-412b-94ae-dd9d9a10be32, with the Bucket Layout null, runner as owner, Versioning false, Storage Type set to DISK and Encryption set to false 
2022-06-24 01:39:29,051 [OM StateMachine ApplyTransaction Thread - 0] INFO  bucket.OMBucketCreateRequest (OMBucketCreateRequest.java:validateAndUpdateCache(260)) - created bucket: bad8467c-64e7-412b-94ae-dd9d9a10be32 of layout LEGACY in volume: 2bf4296a-b787-4bee-86d6-2cfd0d41f795
2022-06-24 01:39:29,053 [Listener at 127.0.0.1/44735] INFO  rpc.RpcClient (RpcClient.java:createBucket(666)) - Creating Bucket: 2bf4296a-b787-4bee-86d6-2cfd0d41f795/e15cfd0c-5fd9-4daa-9d4e-11e985b1fa7b, with the Bucket Layout null, runner as owner, Versioning false, Storage Type set to DISK and Encryption set to false 
2022-06-24 01:39:29,057 [OM StateMachine ApplyTransaction Thread - 0] INFO  bucket.OMBucketCreateRequest (OMBucketCreateRequest.java:validateAndUpdateCache(260)) - created bucket: e15cfd0c-5fd9-4daa-9d4e-11e985b1fa7b of layout LEGACY in volume: 2bf4296a-b787-4bee-86d6-2cfd0d41f795
2022-06-24 01:39:29,060 [Listener at 127.0.0.1/44735] INFO  rpc.RpcClient (RpcClient.java:createBucket(666)) - Creating Bucket: 2bf4296a-b787-4bee-86d6-2cfd0d41f795/8be85ebd-9455-4264-9f3f-1c629677252f, with the Bucket Layout null, runner as owner, Versioning false, Storage Type set to DISK and Encryption set to false 
2022-06-24 01:39:29,062 [OM StateMachine ApplyTransaction Thread - 0] INFO  bucket.OMBucketCreateRequest (OMBucketCreateRequest.java:validateAndUpdateCache(260)) - created bucket: 8be85ebd-9455-4264-9f3f-1c629677252f of layout LEGACY in volume: 2bf4296a-b787-4bee-86d6-2cfd0d41f795
]]></system-out>
  </testcase>
  <testcase name="testListKey" classname="org.apache.hadoop.ozone.client.rpc.TestOzoneRpcClient" time="1.287">
    <system-out><![CDATA[2022-06-24 01:39:29,065 [Listener at 127.0.0.1/44735] INFO  rpc.RpcClient (RpcClient.java:createVolume(466)) - Creating Volume: vol-a-63623, with runner as owner and space quota set to -1 bytes, counts quota set to -1
2022-06-24 01:39:29,068 [OM StateMachine ApplyTransaction Thread - 0] INFO  volume.OMVolumeCreateRequest (OMVolumeCreateRequest.java:validateAndUpdateCache(195)) - created volume:vol-a-63623 for user:runner
2022-06-24 01:39:29,069 [Listener at 127.0.0.1/44735] INFO  rpc.RpcClient (RpcClient.java:createVolume(466)) - Creating Volume: vol-b-20790, with runner as owner and space quota set to -1 bytes, counts quota set to -1
2022-06-24 01:39:29,071 [OM StateMachine ApplyTransaction Thread - 0] INFO  volume.OMVolumeCreateRequest (OMVolumeCreateRequest.java:validateAndUpdateCache(195)) - created volume:vol-b-20790 for user:runner
2022-06-24 01:39:29,073 [Listener at 127.0.0.1/44735] INFO  rpc.RpcClient (RpcClient.java:createBucket(666)) - Creating Bucket: vol-a-63623/buc-a-02818, with the Bucket Layout null, runner as owner, Versioning false, Storage Type set to DISK and Encryption set to false 
2022-06-24 01:39:29,076 [OM StateMachine ApplyTransaction Thread - 0] INFO  bucket.OMBucketCreateRequest (OMBucketCreateRequest.java:validateAndUpdateCache(260)) - created bucket: buc-a-02818 of layout LEGACY in volume: vol-a-63623
2022-06-24 01:39:29,077 [Listener at 127.0.0.1/44735] INFO  rpc.RpcClient (RpcClient.java:createBucket(666)) - Creating Bucket: vol-a-63623/buc-b-06136, with the Bucket Layout null, runner as owner, Versioning false, Storage Type set to DISK and Encryption set to false 
2022-06-24 01:39:29,079 [OM StateMachine ApplyTransaction Thread - 0] INFO  bucket.OMBucketCreateRequest (OMBucketCreateRequest.java:validateAndUpdateCache(260)) - created bucket: buc-b-06136 of layout LEGACY in volume: vol-a-63623
2022-06-24 01:39:29,079 [Listener at 127.0.0.1/44735] INFO  rpc.RpcClient (RpcClient.java:createBucket(666)) - Creating Bucket: vol-b-20790/buc-a-02818, with the Bucket Layout null, runner as owner, Versioning false, Storage Type set to DISK and Encryption set to false 
2022-06-24 01:39:29,081 [OM StateMachine ApplyTransaction Thread - 0] INFO  bucket.OMBucketCreateRequest (OMBucketCreateRequest.java:validateAndUpdateCache(260)) - created bucket: buc-a-02818 of layout LEGACY in volume: vol-b-20790
2022-06-24 01:39:29,082 [Listener at 127.0.0.1/44735] INFO  rpc.RpcClient (RpcClient.java:createBucket(666)) - Creating Bucket: vol-b-20790/buc-b-06136, with the Bucket Layout null, runner as owner, Versioning false, Storage Type set to DISK and Encryption set to false 
2022-06-24 01:39:29,084 [OM StateMachine ApplyTransaction Thread - 0] INFO  bucket.OMBucketCreateRequest (OMBucketCreateRequest.java:validateAndUpdateCache(260)) - created bucket: buc-b-06136 of layout LEGACY in volume: vol-b-20790
]]></system-out>
  </testcase>
  <testcase name="testListKeyOnEmptyBucket" classname="org.apache.hadoop.ozone.client.rpc.TestOzoneRpcClient" time="0.01">
    <system-out><![CDATA[2022-06-24 01:39:30,354 [Listener at 127.0.0.1/44735] INFO  rpc.RpcClient (RpcClient.java:createVolume(466)) - Creating Volume: vol-70418, with runner as owner and space quota set to -1 bytes, counts quota set to -1
2022-06-24 01:39:30,357 [OM StateMachine ApplyTransaction Thread - 0] INFO  volume.OMVolumeCreateRequest (OMVolumeCreateRequest.java:validateAndUpdateCache(195)) - created volume:vol-70418 for user:runner
2022-06-24 01:39:30,359 [Listener at 127.0.0.1/44735] INFO  rpc.RpcClient (RpcClient.java:createBucket(666)) - Creating Bucket: vol-70418/buc-06463, with the Bucket Layout null, runner as owner, Versioning false, Storage Type set to DISK and Encryption set to false 
2022-06-24 01:39:30,361 [OM StateMachine ApplyTransaction Thread - 0] INFO  bucket.OMBucketCreateRequest (OMBucketCreateRequest.java:validateAndUpdateCache(260)) - created bucket: buc-06463 of layout LEGACY in volume: vol-70418
]]></system-out>
  </testcase>
  <testcase name="testListMultipartUploadParts(ReplicationConfig)[1]" classname="org.apache.hadoop.ozone.client.rpc.TestOzoneRpcClient" time="0.214">
    <system-out><![CDATA[2022-06-24 01:39:30,367 [Listener at 127.0.0.1/44735] INFO  rpc.RpcClient (RpcClient.java:createVolume(466)) - Creating Volume: d0253893-f36d-47cb-b124-26fe69bf34f1, with runner as owner and space quota set to -1 bytes, counts quota set to -1
2022-06-24 01:39:30,370 [OM StateMachine ApplyTransaction Thread - 0] INFO  volume.OMVolumeCreateRequest (OMVolumeCreateRequest.java:validateAndUpdateCache(195)) - created volume:d0253893-f36d-47cb-b124-26fe69bf34f1 for user:runner
2022-06-24 01:39:30,372 [Listener at 127.0.0.1/44735] INFO  rpc.RpcClient (RpcClient.java:createBucket(666)) - Creating Bucket: d0253893-f36d-47cb-b124-26fe69bf34f1/20071f82-8953-41c6-bcac-413f12d20e8f, with the Bucket Layout null, runner as owner, Versioning false, Storage Type set to DISK and Encryption set to false 
2022-06-24 01:39:30,374 [OM StateMachine ApplyTransaction Thread - 0] INFO  bucket.OMBucketCreateRequest (OMBucketCreateRequest.java:validateAndUpdateCache(260)) - created bucket: 20071f82-8953-41c6-bcac-413f12d20e8f of layout LEGACY in volume: d0253893-f36d-47cb-b124-26fe69bf34f1
]]></system-out>
  </testcase>
  <testcase name="testListMultipartUploadParts(ReplicationConfig)[2]" classname="org.apache.hadoop.ozone.client.rpc.TestOzoneRpcClient" time="1.597">
    <system-out><![CDATA[2022-06-24 01:39:30,582 [Listener at 127.0.0.1/44735] INFO  rpc.RpcClient (RpcClient.java:createVolume(466)) - Creating Volume: 16ae096f-25f8-41f4-81f4-ccc0816442aa, with runner as owner and space quota set to -1 bytes, counts quota set to -1
2022-06-24 01:39:30,584 [OM StateMachine ApplyTransaction Thread - 0] INFO  volume.OMVolumeCreateRequest (OMVolumeCreateRequest.java:validateAndUpdateCache(195)) - created volume:16ae096f-25f8-41f4-81f4-ccc0816442aa for user:runner
2022-06-24 01:39:30,587 [Listener at 127.0.0.1/44735] INFO  rpc.RpcClient (RpcClient.java:createBucket(666)) - Creating Bucket: 16ae096f-25f8-41f4-81f4-ccc0816442aa/649b391e-1f52-402e-811c-ecae11942d49, with the Bucket Layout null, runner as owner, Versioning false, Storage Type set to DISK and Encryption set to false 
2022-06-24 01:39:30,589 [OM StateMachine ApplyTransaction Thread - 0] INFO  bucket.OMBucketCreateRequest (OMBucketCreateRequest.java:validateAndUpdateCache(260)) - created bucket: 649b391e-1f52-402e-811c-ecae11942d49 of layout LEGACY in volume: 16ae096f-25f8-41f4-81f4-ccc0816442aa
]]></system-out>
  </testcase>
  <testcase name="testListMultipartUploadParts(ReplicationConfig)[3]" classname="org.apache.hadoop.ozone.client.rpc.TestOzoneRpcClient" time="0.375">
    <system-out><![CDATA[2022-06-24 01:39:32,180 [Listener at 127.0.0.1/44735] INFO  rpc.RpcClient (RpcClient.java:createVolume(466)) - Creating Volume: 7a42b331-d843-4850-b378-674dec53b2c8, with runner as owner and space quota set to -1 bytes, counts quota set to -1
2022-06-24 01:39:32,182 [OM StateMachine ApplyTransaction Thread - 0] INFO  volume.OMVolumeCreateRequest (OMVolumeCreateRequest.java:validateAndUpdateCache(195)) - created volume:7a42b331-d843-4850-b378-674dec53b2c8 for user:runner
2022-06-24 01:39:32,184 [Listener at 127.0.0.1/44735] INFO  rpc.RpcClient (RpcClient.java:createBucket(666)) - Creating Bucket: 7a42b331-d843-4850-b378-674dec53b2c8/dc9a968f-22da-484a-8c73-7ff9f43991b9, with the Bucket Layout null, runner as owner, Versioning false, Storage Type set to DISK and Encryption set to false 
2022-06-24 01:39:32,185 [OM StateMachine ApplyTransaction Thread - 0] INFO  bucket.OMBucketCreateRequest (OMBucketCreateRequest.java:validateAndUpdateCache(260)) - created bucket: dc9a968f-22da-484a-8c73-7ff9f43991b9 of layout LEGACY in volume: 7a42b331-d843-4850-b378-674dec53b2c8
]]></system-out>
  </testcase>
  <testcase name="testListMultipartUploadPartsWithContinuation(ReplicationConfig)[1]" classname="org.apache.hadoop.ozone.client.rpc.TestOzoneRpcClient" time="0.225">
    <system-out><![CDATA[2022-06-24 01:39:32,557 [Listener at 127.0.0.1/44735] INFO  rpc.RpcClient (RpcClient.java:createVolume(466)) - Creating Volume: b9b55ed2-1b47-4cd6-88bb-62ee13ec543c, with runner as owner and space quota set to -1 bytes, counts quota set to -1
2022-06-24 01:39:32,561 [OM StateMachine ApplyTransaction Thread - 0] INFO  volume.OMVolumeCreateRequest (OMVolumeCreateRequest.java:validateAndUpdateCache(195)) - created volume:b9b55ed2-1b47-4cd6-88bb-62ee13ec543c for user:runner
2022-06-24 01:39:32,562 [Listener at 127.0.0.1/44735] INFO  rpc.RpcClient (RpcClient.java:createBucket(666)) - Creating Bucket: b9b55ed2-1b47-4cd6-88bb-62ee13ec543c/7272a8f2-e90e-4fe2-97f1-d32804b1bb68, with the Bucket Layout null, runner as owner, Versioning false, Storage Type set to DISK and Encryption set to false 
2022-06-24 01:39:32,566 [OM StateMachine ApplyTransaction Thread - 0] INFO  bucket.OMBucketCreateRequest (OMBucketCreateRequest.java:validateAndUpdateCache(260)) - created bucket: 7272a8f2-e90e-4fe2-97f1-d32804b1bb68 of layout LEGACY in volume: b9b55ed2-1b47-4cd6-88bb-62ee13ec543c
]]></system-out>
  </testcase>
  <testcase name="testListMultipartUploadPartsWithContinuation(ReplicationConfig)[2]" classname="org.apache.hadoop.ozone.client.rpc.TestOzoneRpcClient" time="0.535">
    <system-out><![CDATA[2022-06-24 01:39:32,783 [Listener at 127.0.0.1/44735] INFO  rpc.RpcClient (RpcClient.java:createVolume(466)) - Creating Volume: 931be939-5eef-4a34-b899-909899521d0a, with runner as owner and space quota set to -1 bytes, counts quota set to -1
2022-06-24 01:39:32,785 [OM StateMachine ApplyTransaction Thread - 0] INFO  volume.OMVolumeCreateRequest (OMVolumeCreateRequest.java:validateAndUpdateCache(195)) - created volume:931be939-5eef-4a34-b899-909899521d0a for user:runner
2022-06-24 01:39:32,787 [Listener at 127.0.0.1/44735] INFO  rpc.RpcClient (RpcClient.java:createBucket(666)) - Creating Bucket: 931be939-5eef-4a34-b899-909899521d0a/13824bd0-ac4e-4e6f-9b01-e3e25eeb4e53, with the Bucket Layout null, runner as owner, Versioning false, Storage Type set to DISK and Encryption set to false 
2022-06-24 01:39:32,789 [OM StateMachine ApplyTransaction Thread - 0] INFO  bucket.OMBucketCreateRequest (OMBucketCreateRequest.java:validateAndUpdateCache(260)) - created bucket: 13824bd0-ac4e-4e6f-9b01-e3e25eeb4e53 of layout LEGACY in volume: 931be939-5eef-4a34-b899-909899521d0a
]]></system-out>
  </testcase>
  <testcase name="testListMultipartUploadPartsWithContinuation(ReplicationConfig)[3]" classname="org.apache.hadoop.ozone.client.rpc.TestOzoneRpcClient" time="0.345">
    <system-out><![CDATA[2022-06-24 01:39:33,321 [Listener at 127.0.0.1/44735] INFO  rpc.RpcClient (RpcClient.java:createVolume(466)) - Creating Volume: 7d6ad12a-8cce-41e2-a065-021a1a7a046f, with runner as owner and space quota set to -1 bytes, counts quota set to -1
2022-06-24 01:39:33,324 [OM StateMachine ApplyTransaction Thread - 0] INFO  volume.OMVolumeCreateRequest (OMVolumeCreateRequest.java:validateAndUpdateCache(195)) - created volume:7d6ad12a-8cce-41e2-a065-021a1a7a046f for user:runner
2022-06-24 01:39:33,327 [Listener at 127.0.0.1/44735] INFO  rpc.RpcClient (RpcClient.java:createBucket(666)) - Creating Bucket: 7d6ad12a-8cce-41e2-a065-021a1a7a046f/9ef0b3c6-b7a4-4ca5-9ee9-59d40457a378, with the Bucket Layout null, runner as owner, Versioning false, Storage Type set to DISK and Encryption set to false 
2022-06-24 01:39:33,330 [OM StateMachine ApplyTransaction Thread - 0] INFO  bucket.OMBucketCreateRequest (OMBucketCreateRequest.java:validateAndUpdateCache(260)) - created bucket: 9ef0b3c6-b7a4-4ca5-9ee9-59d40457a378 of layout LEGACY in volume: 7d6ad12a-8cce-41e2-a065-021a1a7a046f
]]></system-out>
  </testcase>
  <testcase name="testListPartsInvalidMaxParts" classname="org.apache.hadoop.ozone.client.rpc.TestOzoneRpcClient" time="0.012">
    <system-out><![CDATA[2022-06-24 01:39:33,671 [Listener at 127.0.0.1/44735] INFO  rpc.RpcClient (RpcClient.java:createVolume(466)) - Creating Volume: b7e64436-9c40-4fcb-a883-35964b883498, with runner as owner and space quota set to -1 bytes, counts quota set to -1
2022-06-24 01:39:33,675 [OM StateMachine ApplyTransaction Thread - 0] INFO  volume.OMVolumeCreateRequest (OMVolumeCreateRequest.java:validateAndUpdateCache(195)) - created volume:b7e64436-9c40-4fcb-a883-35964b883498 for user:runner
2022-06-24 01:39:33,676 [Listener at 127.0.0.1/44735] INFO  rpc.RpcClient (RpcClient.java:createBucket(666)) - Creating Bucket: b7e64436-9c40-4fcb-a883-35964b883498/97ac0948-f877-4fe8-b08c-46e81124ebc3, with the Bucket Layout null, runner as owner, Versioning false, Storage Type set to DISK and Encryption set to false 
2022-06-24 01:39:33,681 [OM StateMachine ApplyTransaction Thread - 0] INFO  bucket.OMBucketCreateRequest (OMBucketCreateRequest.java:validateAndUpdateCache(260)) - created bucket: 97ac0948-f877-4fe8-b08c-46e81124ebc3 of layout LEGACY in volume: b7e64436-9c40-4fcb-a883-35964b883498
]]></system-out>
  </testcase>
  <testcase name="testListPartsInvalidPartMarker" classname="org.apache.hadoop.ozone.client.rpc.TestOzoneRpcClient" time="0.007">
    <system-out><![CDATA[2022-06-24 01:39:33,683 [Listener at 127.0.0.1/44735] INFO  rpc.RpcClient (RpcClient.java:createVolume(466)) - Creating Volume: aff6474d-e1e1-4dbf-b97a-eb032124bce4, with runner as owner and space quota set to -1 bytes, counts quota set to -1
2022-06-24 01:39:33,685 [OM StateMachine ApplyTransaction Thread - 0] INFO  volume.OMVolumeCreateRequest (OMVolumeCreateRequest.java:validateAndUpdateCache(195)) - created volume:aff6474d-e1e1-4dbf-b97a-eb032124bce4 for user:runner
2022-06-24 01:39:33,687 [Listener at 127.0.0.1/44735] INFO  rpc.RpcClient (RpcClient.java:createBucket(666)) - Creating Bucket: aff6474d-e1e1-4dbf-b97a-eb032124bce4/d42e5b85-61c5-44be-a00e-2c797d907d10, with the Bucket Layout null, runner as owner, Versioning false, Storage Type set to DISK and Encryption set to false 
2022-06-24 01:39:33,689 [OM StateMachine ApplyTransaction Thread - 0] INFO  bucket.OMBucketCreateRequest (OMBucketCreateRequest.java:validateAndUpdateCache(260)) - created bucket: d42e5b85-61c5-44be-a00e-2c797d907d10 of layout LEGACY in volume: aff6474d-e1e1-4dbf-b97a-eb032124bce4
]]></system-out>
  </testcase>
  <testcase name="testListPartsWithInvalidUploadID" classname="org.apache.hadoop.ozone.client.rpc.TestOzoneRpcClient" time="0.011">
    <system-out><![CDATA[2022-06-24 01:39:33,693 [Listener at 127.0.0.1/44735] INFO  rpc.RpcClient (RpcClient.java:createVolume(466)) - Creating Volume: d48ec381-9f84-42af-a8cf-e2a10cf1dd7a, with runner as owner and space quota set to -1 bytes, counts quota set to -1
2022-06-24 01:39:33,695 [OM StateMachine ApplyTransaction Thread - 0] INFO  volume.OMVolumeCreateRequest (OMVolumeCreateRequest.java:validateAndUpdateCache(195)) - created volume:d48ec381-9f84-42af-a8cf-e2a10cf1dd7a for user:runner
2022-06-24 01:39:33,697 [Listener at 127.0.0.1/44735] INFO  rpc.RpcClient (RpcClient.java:createBucket(666)) - Creating Bucket: d48ec381-9f84-42af-a8cf-e2a10cf1dd7a/6cf20491-5538-4f97-9ba1-1d7921b4ede8, with the Bucket Layout null, runner as owner, Versioning false, Storage Type set to DISK and Encryption set to false 
2022-06-24 01:39:33,699 [OM StateMachine ApplyTransaction Thread - 0] INFO  bucket.OMBucketCreateRequest (OMBucketCreateRequest.java:validateAndUpdateCache(260)) - created bucket: 6cf20491-5538-4f97-9ba1-1d7921b4ede8 of layout LEGACY in volume: d48ec381-9f84-42af-a8cf-e2a10cf1dd7a
01:39:33.701 [IPC Server handler 15 on default port 44735] ERROR OMAudit - user=runner | ip=127.0.0.1 | op=LIST_MULTIPART_UPLOAD_PARTS {volume=d48ec381-9f84-42af-a8cf-e2a10cf1dd7a, bucket=6cf20491-5538-4f97-9ba1-1d7921b4ede8, key=b950754d-a929-40a9-9ef8-c724705e370e, uploadID=random, partNumberMarker=100, maxParts=2} | ret=FAILURE
org.apache.hadoop.ozone.om.exceptions.OMException: No Such Multipart upload exists for this key.
	at org.apache.hadoop.ozone.om.KeyManagerImpl.listParts(KeyManagerImpl.java:714) ~[ozone-manager-1.3.0-SNAPSHOT.jar:?]
	at org.apache.hadoop.ozone.om.OzoneManager.listParts(OzoneManager.java:3368) ~[ozone-manager-1.3.0-SNAPSHOT.jar:?]
	at org.apache.hadoop.ozone.protocolPB.OzoneManagerRequestHandler.listParts(OzoneManagerRequestHandler.java:782) ~[ozone-manager-1.3.0-SNAPSHOT.jar:?]
	at org.apache.hadoop.ozone.protocolPB.OzoneManagerRequestHandler.handleReadRequest(OzoneManagerRequestHandler.java:198) ~[ozone-manager-1.3.0-SNAPSHOT.jar:?]
	at org.apache.hadoop.ozone.protocolPB.OzoneManagerProtocolServerSideTranslatorPB.submitReadRequestToOM(OzoneManagerProtocolServerSideTranslatorPB.java:226) ~[ozone-manager-1.3.0-SNAPSHOT.jar:?]
	at org.apache.hadoop.ozone.protocolPB.OzoneManagerProtocolServerSideTranslatorPB.processRequest(OzoneManagerProtocolServerSideTranslatorPB.java:175) ~[ozone-manager-1.3.0-SNAPSHOT.jar:?]
	at org.apache.hadoop.hdds.server.OzoneProtocolMessageDispatcher.processRequest(OzoneProtocolMessageDispatcher.java:87) [hdds-server-framework-1.3.0-SNAPSHOT.jar:?]
	at org.apache.hadoop.ozone.protocolPB.OzoneManagerProtocolServerSideTranslatorPB.submitRequest(OzoneManagerProtocolServerSideTranslatorPB.java:147) [ozone-manager-1.3.0-SNAPSHOT.jar:?]
	at org.apache.hadoop.ozone.protocol.proto.OzoneManagerProtocolProtos$OzoneManagerService$2.callBlockingMethod(OzoneManagerProtocolProtos.java) [ozone-interface-client-1.3.0-SNAPSHOT.jar:?]
	at org.apache.hadoop.ipc.ProtobufRpcEngine$Server.processCall(ProtobufRpcEngine.java:466) [hadoop-common-3.3.1.jar:?]
	at org.apache.hadoop.ipc.ProtobufRpcEngine2$Server$ProtoBufRpcInvoker.call(ProtobufRpcEngine2.java:574) [hadoop-common-3.3.1.jar:?]
	at org.apache.hadoop.ipc.ProtobufRpcEngine2$Server$ProtoBufRpcInvoker.call(ProtobufRpcEngine2.java:552) [hadoop-common-3.3.1.jar:?]
	at org.apache.hadoop.ipc.RPC$Server.call(RPC.java:1093) [hadoop-common-3.3.1.jar:?]
	at org.apache.hadoop.ipc.Server$RpcCall.run(Server.java:1035) [hadoop-common-3.3.1.jar:?]
	at org.apache.hadoop.ipc.Server$RpcCall.run(Server.java:963) [hadoop-common-3.3.1.jar:?]
	at java.security.AccessController.doPrivileged(Native Method) ~[?:1.8.0_332]
	at javax.security.auth.Subject.doAs(Subject.java:422) [?:1.8.0_332]
	at org.apache.hadoop.security.UserGroupInformation.doAs(UserGroupInformation.java:1878) [hadoop-common-3.3.1.jar:?]
	at org.apache.hadoop.ipc.Server$Handler.run(Server.java:2966) [hadoop-common-3.3.1.jar:?]
]]></system-out>
  </testcase>
  <testcase name="testListPartsWithPartMarkerGreaterThanPartCount" classname="org.apache.hadoop.ozone.client.rpc.TestOzoneRpcClient" time="0.074">
    <system-out><![CDATA[2022-06-24 01:39:33,708 [Listener at 127.0.0.1/44735] INFO  rpc.RpcClient (RpcClient.java:createVolume(466)) - Creating Volume: 0a488688-d3c5-4032-b8b2-42b02b1e79d7, with runner as owner and space quota set to -1 bytes, counts quota set to -1
2022-06-24 01:39:33,710 [OM StateMachine ApplyTransaction Thread - 0] INFO  volume.OMVolumeCreateRequest (OMVolumeCreateRequest.java:validateAndUpdateCache(195)) - created volume:0a488688-d3c5-4032-b8b2-42b02b1e79d7 for user:runner
2022-06-24 01:39:33,711 [Listener at 127.0.0.1/44735] INFO  rpc.RpcClient (RpcClient.java:createBucket(666)) - Creating Bucket: 0a488688-d3c5-4032-b8b2-42b02b1e79d7/4bb1a0a6-eaa7-487e-bac0-b242721577a2, with the Bucket Layout null, runner as owner, Versioning false, Storage Type set to DISK and Encryption set to false 
2022-06-24 01:39:33,713 [OM StateMachine ApplyTransaction Thread - 0] INFO  bucket.OMBucketCreateRequest (OMBucketCreateRequest.java:validateAndUpdateCache(260)) - created bucket: 4bb1a0a6-eaa7-487e-bac0-b242721577a2 of layout LEGACY in volume: 0a488688-d3c5-4032-b8b2-42b02b1e79d7
]]></system-out>
  </testcase>
  <testcase name="testListVolume" classname="org.apache.hadoop.ozone.client.rpc.TestOzoneRpcClient" time="0.078">
    <system-out><![CDATA[2022-06-24 01:39:33,784 [Listener at 127.0.0.1/44735] INFO  rpc.RpcClient (RpcClient.java:createVolume(466)) - Creating Volume: vol-list-a-0-43614, with runner as owner and space quota set to -1 bytes, counts quota set to -1
2022-06-24 01:39:33,786 [OM StateMachine ApplyTransaction Thread - 0] INFO  volume.OMVolumeCreateRequest (OMVolumeCreateRequest.java:validateAndUpdateCache(195)) - created volume:vol-list-a-0-43614 for user:runner
2022-06-24 01:39:33,789 [Listener at 127.0.0.1/44735] INFO  rpc.RpcClient (RpcClient.java:createVolume(466)) - Creating Volume: vol-list-a-1-14669, with runner as owner and space quota set to -1 bytes, counts quota set to -1
2022-06-24 01:39:33,791 [OM StateMachine ApplyTransaction Thread - 0] INFO  volume.OMVolumeCreateRequest (OMVolumeCreateRequest.java:validateAndUpdateCache(195)) - created volume:vol-list-a-1-14669 for user:runner
2022-06-24 01:39:33,792 [Listener at 127.0.0.1/44735] INFO  rpc.RpcClient (RpcClient.java:createVolume(466)) - Creating Volume: vol-list-a-2-58843, with runner as owner and space quota set to -1 bytes, counts quota set to -1
2022-06-24 01:39:33,794 [OM StateMachine ApplyTransaction Thread - 0] INFO  volume.OMVolumeCreateRequest (OMVolumeCreateRequest.java:validateAndUpdateCache(195)) - created volume:vol-list-a-2-58843 for user:runner
2022-06-24 01:39:33,794 [Listener at 127.0.0.1/44735] INFO  rpc.RpcClient (RpcClient.java:createVolume(466)) - Creating Volume: vol-list-a-3-40688, with runner as owner and space quota set to -1 bytes, counts quota set to -1
2022-06-24 01:39:33,796 [OM StateMachine ApplyTransaction Thread - 0] INFO  volume.OMVolumeCreateRequest (OMVolumeCreateRequest.java:validateAndUpdateCache(195)) - created volume:vol-list-a-3-40688 for user:runner
2022-06-24 01:39:33,797 [Listener at 127.0.0.1/44735] INFO  rpc.RpcClient (RpcClient.java:createVolume(466)) - Creating Volume: vol-list-a-4-41378, with runner as owner and space quota set to -1 bytes, counts quota set to -1
2022-06-24 01:39:33,799 [OM StateMachine ApplyTransaction Thread - 0] INFO  volume.OMVolumeCreateRequest (OMVolumeCreateRequest.java:validateAndUpdateCache(195)) - created volume:vol-list-a-4-41378 for user:runner
2022-06-24 01:39:33,799 [Listener at 127.0.0.1/44735] INFO  rpc.RpcClient (RpcClient.java:createVolume(466)) - Creating Volume: vol-list-a-5-65430, with runner as owner and space quota set to -1 bytes, counts quota set to -1
2022-06-24 01:39:33,801 [OM StateMachine ApplyTransaction Thread - 0] INFO  volume.OMVolumeCreateRequest (OMVolumeCreateRequest.java:validateAndUpdateCache(195)) - created volume:vol-list-a-5-65430 for user:runner
2022-06-24 01:39:33,802 [Listener at 127.0.0.1/44735] INFO  rpc.RpcClient (RpcClient.java:createVolume(466)) - Creating Volume: vol-list-a-6-09355, with runner as owner and space quota set to -1 bytes, counts quota set to -1
2022-06-24 01:39:33,804 [OM StateMachine ApplyTransaction Thread - 0] INFO  volume.OMVolumeCreateRequest (OMVolumeCreateRequest.java:validateAndUpdateCache(195)) - created volume:vol-list-a-6-09355 for user:runner
2022-06-24 01:39:33,804 [Listener at 127.0.0.1/44735] INFO  rpc.RpcClient (RpcClient.java:createVolume(466)) - Creating Volume: vol-list-a-7-02918, with runner as owner and space quota set to -1 bytes, counts quota set to -1
2022-06-24 01:39:33,806 [OM StateMachine ApplyTransaction Thread - 0] INFO  volume.OMVolumeCreateRequest (OMVolumeCreateRequest.java:validateAndUpdateCache(195)) - created volume:vol-list-a-7-02918 for user:runner
2022-06-24 01:39:33,807 [Listener at 127.0.0.1/44735] INFO  rpc.RpcClient (RpcClient.java:createVolume(466)) - Creating Volume: vol-list-a-8-54336, with runner as owner and space quota set to -1 bytes, counts quota set to -1
2022-06-24 01:39:33,809 [OM StateMachine ApplyTransaction Thread - 0] INFO  volume.OMVolumeCreateRequest (OMVolumeCreateRequest.java:validateAndUpdateCache(195)) - created volume:vol-list-a-8-54336 for user:runner
2022-06-24 01:39:33,810 [Listener at 127.0.0.1/44735] INFO  rpc.RpcClient (RpcClient.java:createVolume(466)) - Creating Volume: vol-list-a-9-83086, with runner as owner and space quota set to -1 bytes, counts quota set to -1
2022-06-24 01:39:33,812 [OM StateMachine ApplyTransaction Thread - 0] INFO  volume.OMVolumeCreateRequest (OMVolumeCreateRequest.java:validateAndUpdateCache(195)) - created volume:vol-list-a-9-83086 for user:runner
2022-06-24 01:39:33,812 [Listener at 127.0.0.1/44735] INFO  rpc.RpcClient (RpcClient.java:createVolume(466)) - Creating Volume: vol-list-b-0-22019, with runner as owner and space quota set to -1 bytes, counts quota set to -1
2022-06-24 01:39:33,814 [OM StateMachine ApplyTransaction Thread - 0] INFO  volume.OMVolumeCreateRequest (OMVolumeCreateRequest.java:validateAndUpdateCache(195)) - created volume:vol-list-b-0-22019 for user:runner
2022-06-24 01:39:33,815 [Listener at 127.0.0.1/44735] INFO  rpc.RpcClient (RpcClient.java:createVolume(466)) - Creating Volume: vol-list-b-1-32050, with runner as owner and space quota set to -1 bytes, counts quota set to -1
2022-06-24 01:39:33,817 [OM StateMachine ApplyTransaction Thread - 0] INFO  volume.OMVolumeCreateRequest (OMVolumeCreateRequest.java:validateAndUpdateCache(195)) - created volume:vol-list-b-1-32050 for user:runner
2022-06-24 01:39:33,817 [Listener at 127.0.0.1/44735] INFO  rpc.RpcClient (RpcClient.java:createVolume(466)) - Creating Volume: vol-list-b-2-00846, with runner as owner and space quota set to -1 bytes, counts quota set to -1
2022-06-24 01:39:33,819 [OM StateMachine ApplyTransaction Thread - 0] INFO  volume.OMVolumeCreateRequest (OMVolumeCreateRequest.java:validateAndUpdateCache(195)) - created volume:vol-list-b-2-00846 for user:runner
2022-06-24 01:39:33,819 [Listener at 127.0.0.1/44735] INFO  rpc.RpcClient (RpcClient.java:createVolume(466)) - Creating Volume: vol-list-b-3-82952, with runner as owner and space quota set to -1 bytes, counts quota set to -1
2022-06-24 01:39:33,821 [OM StateMachine ApplyTransaction Thread - 0] INFO  volume.OMVolumeCreateRequest (OMVolumeCreateRequest.java:validateAndUpdateCache(195)) - created volume:vol-list-b-3-82952 for user:runner
2022-06-24 01:39:33,822 [Listener at 127.0.0.1/44735] INFO  rpc.RpcClient (RpcClient.java:createVolume(466)) - Creating Volume: vol-list-b-4-25081, with runner as owner and space quota set to -1 bytes, counts quota set to -1
2022-06-24 01:39:33,825 [OM StateMachine ApplyTransaction Thread - 0] INFO  volume.OMVolumeCreateRequest (OMVolumeCreateRequest.java:validateAndUpdateCache(195)) - created volume:vol-list-b-4-25081 for user:runner
2022-06-24 01:39:33,825 [Listener at 127.0.0.1/44735] INFO  rpc.RpcClient (RpcClient.java:createVolume(466)) - Creating Volume: vol-list-b-5-25637, with runner as owner and space quota set to -1 bytes, counts quota set to -1
2022-06-24 01:39:33,827 [OM StateMachine ApplyTransaction Thread - 0] INFO  volume.OMVolumeCreateRequest (OMVolumeCreateRequest.java:validateAndUpdateCache(195)) - created volume:vol-list-b-5-25637 for user:runner
2022-06-24 01:39:33,828 [Listener at 127.0.0.1/44735] INFO  rpc.RpcClient (RpcClient.java:createVolume(466)) - Creating Volume: vol-list-b-6-44808, with runner as owner and space quota set to -1 bytes, counts quota set to -1
2022-06-24 01:39:33,830 [OM StateMachine ApplyTransaction Thread - 0] INFO  volume.OMVolumeCreateRequest (OMVolumeCreateRequest.java:validateAndUpdateCache(195)) - created volume:vol-list-b-6-44808 for user:runner
2022-06-24 01:39:33,831 [Listener at 127.0.0.1/44735] INFO  rpc.RpcClient (RpcClient.java:createVolume(466)) - Creating Volume: vol-list-b-7-11954, with runner as owner and space quota set to -1 bytes, counts quota set to -1
2022-06-24 01:39:33,833 [OM StateMachine ApplyTransaction Thread - 0] INFO  volume.OMVolumeCreateRequest (OMVolumeCreateRequest.java:validateAndUpdateCache(195)) - created volume:vol-list-b-7-11954 for user:runner
2022-06-24 01:39:33,834 [Listener at 127.0.0.1/44735] INFO  rpc.RpcClient (RpcClient.java:createVolume(466)) - Creating Volume: vol-list-b-8-58720, with runner as owner and space quota set to -1 bytes, counts quota set to -1
2022-06-24 01:39:33,837 [OM StateMachine ApplyTransaction Thread - 0] INFO  volume.OMVolumeCreateRequest (OMVolumeCreateRequest.java:validateAndUpdateCache(195)) - created volume:vol-list-b-8-58720 for user:runner
2022-06-24 01:39:33,840 [Listener at 127.0.0.1/44735] INFO  rpc.RpcClient (RpcClient.java:createVolume(466)) - Creating Volume: vol-list-b-9-70069, with runner as owner and space quota set to -1 bytes, counts quota set to -1
2022-06-24 01:39:33,843 [OM StateMachine ApplyTransaction Thread - 0] INFO  volume.OMVolumeCreateRequest (OMVolumeCreateRequest.java:validateAndUpdateCache(195)) - created volume:vol-list-b-9-70069 for user:runner
]]></system-out>
  </testcase>
  <testcase name="testMultipartUploadOverride(ReplicationConfig)[1]" classname="org.apache.hadoop.ozone.client.rpc.TestOzoneRpcClient" time="0.584">
    <system-out><![CDATA[2022-06-24 01:39:33,868 [Listener at 127.0.0.1/44735] INFO  rpc.RpcClient (RpcClient.java:createVolume(466)) - Creating Volume: 146cbad2-a834-4004-99bc-1cf0188fc5bb, with runner as owner and space quota set to -1 bytes, counts quota set to -1
2022-06-24 01:39:33,870 [OM StateMachine ApplyTransaction Thread - 0] INFO  volume.OMVolumeCreateRequest (OMVolumeCreateRequest.java:validateAndUpdateCache(195)) - created volume:146cbad2-a834-4004-99bc-1cf0188fc5bb for user:runner
2022-06-24 01:39:33,873 [Listener at 127.0.0.1/44735] INFO  rpc.RpcClient (RpcClient.java:createBucket(666)) - Creating Bucket: 146cbad2-a834-4004-99bc-1cf0188fc5bb/3a25745d-e275-4416-a9da-e0f6f5d773bb, with the Bucket Layout null, runner as owner, Versioning false, Storage Type set to DISK and Encryption set to false 
2022-06-24 01:39:33,875 [OM StateMachine ApplyTransaction Thread - 0] INFO  bucket.OMBucketCreateRequest (OMBucketCreateRequest.java:validateAndUpdateCache(260)) - created bucket: 3a25745d-e275-4416-a9da-e0f6f5d773bb of layout LEGACY in volume: 146cbad2-a834-4004-99bc-1cf0188fc5bb
]]></system-out>
  </testcase>
  <testcase name="testMultipartUploadOverride(ReplicationConfig)[2]" classname="org.apache.hadoop.ozone.client.rpc.TestOzoneRpcClient" time="0.952">
    <system-out><![CDATA[2022-06-24 01:39:34,452 [Listener at 127.0.0.1/44735] INFO  rpc.RpcClient (RpcClient.java:createVolume(466)) - Creating Volume: 0a5abc89-75c2-49b8-b182-735573aec8ef, with runner as owner and space quota set to -1 bytes, counts quota set to -1
2022-06-24 01:39:34,455 [OM StateMachine ApplyTransaction Thread - 0] INFO  volume.OMVolumeCreateRequest (OMVolumeCreateRequest.java:validateAndUpdateCache(195)) - created volume:0a5abc89-75c2-49b8-b182-735573aec8ef for user:runner
2022-06-24 01:39:34,457 [Listener at 127.0.0.1/44735] INFO  rpc.RpcClient (RpcClient.java:createBucket(666)) - Creating Bucket: 0a5abc89-75c2-49b8-b182-735573aec8ef/d181f991-6a2e-4135-85f2-57b4859bbb9c, with the Bucket Layout null, runner as owner, Versioning false, Storage Type set to DISK and Encryption set to false 
2022-06-24 01:39:34,459 [OM StateMachine ApplyTransaction Thread - 0] INFO  bucket.OMBucketCreateRequest (OMBucketCreateRequest.java:validateAndUpdateCache(260)) - created bucket: d181f991-6a2e-4135-85f2-57b4859bbb9c of layout LEGACY in volume: 0a5abc89-75c2-49b8-b182-735573aec8ef
]]></system-out>
  </testcase>
  <testcase name="testMultipartUploadOverride(ReplicationConfig)[3]" classname="org.apache.hadoop.ozone.client.rpc.TestOzoneRpcClient" time="0.9">
    <system-out><![CDATA[2022-06-24 01:39:35,406 [Listener at 127.0.0.1/44735] INFO  rpc.RpcClient (RpcClient.java:createVolume(466)) - Creating Volume: ac9199b3-07d7-4538-b5cd-387873eb3507, with runner as owner and space quota set to -1 bytes, counts quota set to -1
2022-06-24 01:39:35,408 [OM StateMachine ApplyTransaction Thread - 0] INFO  volume.OMVolumeCreateRequest (OMVolumeCreateRequest.java:validateAndUpdateCache(195)) - created volume:ac9199b3-07d7-4538-b5cd-387873eb3507 for user:runner
2022-06-24 01:39:35,410 [Listener at 127.0.0.1/44735] INFO  rpc.RpcClient (RpcClient.java:createBucket(666)) - Creating Bucket: ac9199b3-07d7-4538-b5cd-387873eb3507/59472fbd-fd6c-447a-a1bc-ee1c46b0b8ba, with the Bucket Layout null, runner as owner, Versioning false, Storage Type set to DISK and Encryption set to false 
2022-06-24 01:39:35,412 [OM StateMachine ApplyTransaction Thread - 0] INFO  bucket.OMBucketCreateRequest (OMBucketCreateRequest.java:validateAndUpdateCache(260)) - created bucket: 59472fbd-fd6c-447a-a1bc-ee1c46b0b8ba of layout LEGACY in volume: ac9199b3-07d7-4538-b5cd-387873eb3507
]]></system-out>
  </testcase>
  <testcase name="testMultipartUploadWithACL" classname="org.apache.hadoop.ozone.client.rpc.TestOzoneRpcClient" time="0.437">
    <system-out><![CDATA[2022-06-24 01:39:36,307 [Listener at 127.0.0.1/44735] INFO  rpc.RpcClient (RpcClient.java:createVolume(466)) - Creating Volume: 2f202582-5b4d-4ec5-9bc7-a8365eb5ef54, with runner as owner and space quota set to -1 bytes, counts quota set to -1
2022-06-24 01:39:36,313 [OM StateMachine ApplyTransaction Thread - 0] INFO  volume.OMVolumeCreateRequest (OMVolumeCreateRequest.java:validateAndUpdateCache(195)) - created volume:2f202582-5b4d-4ec5-9bc7-a8365eb5ef54 for user:runner
2022-06-24 01:39:36,314 [Listener at 127.0.0.1/44735] INFO  rpc.RpcClient (RpcClient.java:createBucket(666)) - Creating Bucket: 2f202582-5b4d-4ec5-9bc7-a8365eb5ef54/c975c8a2-6ffa-49d2-b2ba-c301ba0ffb74, with the Bucket Layout null, runner as owner, Versioning false, Storage Type set to DISK and Encryption set to false 
2022-06-24 01:39:36,316 [OM StateMachine ApplyTransaction Thread - 0] INFO  bucket.OMBucketCreateRequest (OMBucketCreateRequest.java:validateAndUpdateCache(260)) - created bucket: c975c8a2-6ffa-49d2-b2ba-c301ba0ffb74 of layout LEGACY in volume: 2f202582-5b4d-4ec5-9bc7-a8365eb5ef54
2022-06-24 01:39:36,655 [OM StateMachine ApplyTransaction Thread - 0] WARN  om.OzoneManager (OzoneManager.java:checkAcls(2550)) - User test-user doesn't have WRITE permission to access volume Volume:2f202582-5b4d-4ec5-9bc7-a8365eb5ef54 Bucket:c975c8a2-6ffa-49d2-b2ba-c301ba0ffb74 Key:3bbe4748-c043-45d7-a2f6-fc95cec1f455
01:39:36.655 [OM StateMachine ApplyTransaction Thread - 0] ERROR OMAudit - user=test-user | ip=127.0.0.1 | op=INITIATE_MULTIPART_UPLOAD {volume=2f202582-5b4d-4ec5-9bc7-a8365eb5ef54, bucket=c975c8a2-6ffa-49d2-b2ba-c301ba0ffb74, key=3bbe4748-c043-45d7-a2f6-fc95cec1f455, dataSize=0, replicationType=RATIS, replicationFactor=ONE} | ret=FAILURE
org.apache.hadoop.ozone.om.exceptions.OMException: User test-user doesn't have WRITE permission to access volume Volume:2f202582-5b4d-4ec5-9bc7-a8365eb5ef54 Bucket:c975c8a2-6ffa-49d2-b2ba-c301ba0ffb74 Key:3bbe4748-c043-45d7-a2f6-fc95cec1f455
	at org.apache.hadoop.ozone.om.OzoneManager.checkAcls(OzoneManager.java:2553) ~[ozone-manager-1.3.0-SNAPSHOT.jar:?]
	at org.apache.hadoop.ozone.om.OzoneManager.checkAcls(OzoneManager.java:2528) ~[ozone-manager-1.3.0-SNAPSHOT.jar:?]
	at org.apache.hadoop.ozone.om.OzoneAclUtils.checkAllAcls(OzoneAclUtils.java:119) ~[ozone-manager-1.3.0-SNAPSHOT.jar:?]
	at org.apache.hadoop.ozone.om.request.OMClientRequest.checkAcls(OMClientRequest.java:360) ~[ozone-manager-1.3.0-SNAPSHOT.jar:?]
	at org.apache.hadoop.ozone.om.request.OMClientRequest.checkAcls(OMClientRequest.java:215) ~[ozone-manager-1.3.0-SNAPSHOT.jar:?]
	at org.apache.hadoop.ozone.om.request.key.OMKeyRequest.checkKeyAcls(OMKeyRequest.java:338) ~[ozone-manager-1.3.0-SNAPSHOT.jar:?]
	at org.apache.hadoop.ozone.om.request.s3.multipart.S3InitiateMultipartUploadRequest.validateAndUpdateCache(S3InitiateMultipartUploadRequest.java:147) ~[ozone-manager-1.3.0-SNAPSHOT.jar:?]
	at org.apache.hadoop.ozone.protocolPB.OzoneManagerRequestHandler.handleWriteRequest(OzoneManagerRequestHandler.java:293) ~[ozone-manager-1.3.0-SNAPSHOT.jar:?]
	at org.apache.hadoop.ozone.om.ratis.OzoneManagerStateMachine.runCommand(OzoneManagerStateMachine.java:529) ~[ozone-manager-1.3.0-SNAPSHOT.jar:?]
	at org.apache.hadoop.ozone.om.ratis.OzoneManagerStateMachine.lambda$1(OzoneManagerStateMachine.java:324) ~[ozone-manager-1.3.0-SNAPSHOT.jar:?]
	at java.util.concurrent.CompletableFuture$AsyncSupply.run(CompletableFuture.java:1604) [?:1.8.0_332]
	at java.util.concurrent.ThreadPoolExecutor.runWorker(ThreadPoolExecutor.java:1149) [?:1.8.0_332]
	at java.util.concurrent.ThreadPoolExecutor$Worker.run(ThreadPoolExecutor.java:624) [?:1.8.0_332]
	at java.lang.Thread.run(Thread.java:750) [?:1.8.0_332]
2022-06-24 01:39:36,656 [OM StateMachine ApplyTransaction Thread - 0] ERROR multipart.S3InitiateMultipartUploadRequest (S3InitiateMultipartUploadRequest.java:logResult(270)) - S3 InitiateMultipart Upload request for Key 3bbe4748-c043-45d7-a2f6-fc95cec1f455 in Volume/Bucket 2f202582-5b4d-4ec5-9bc7-a8365eb5ef54/c975c8a2-6ffa-49d2-b2ba-c301ba0ffb74 is failed
PERMISSION_DENIED org.apache.hadoop.ozone.om.exceptions.OMException: User test-user doesn't have WRITE permission to access volume Volume:2f202582-5b4d-4ec5-9bc7-a8365eb5ef54 Bucket:c975c8a2-6ffa-49d2-b2ba-c301ba0ffb74 Key:3bbe4748-c043-45d7-a2f6-fc95cec1f455
	at org.apache.hadoop.ozone.om.OzoneManager.checkAcls(OzoneManager.java:2553)
	at org.apache.hadoop.ozone.om.OzoneManager.checkAcls(OzoneManager.java:2528)
	at org.apache.hadoop.ozone.om.OzoneAclUtils.checkAllAcls(OzoneAclUtils.java:119)
	at org.apache.hadoop.ozone.om.request.OMClientRequest.checkAcls(OMClientRequest.java:360)
	at org.apache.hadoop.ozone.om.request.OMClientRequest.checkAcls(OMClientRequest.java:215)
	at org.apache.hadoop.ozone.om.request.key.OMKeyRequest.checkKeyAcls(OMKeyRequest.java:338)
	at org.apache.hadoop.ozone.om.request.s3.multipart.S3InitiateMultipartUploadRequest.validateAndUpdateCache(S3InitiateMultipartUploadRequest.java:147)
	at org.apache.hadoop.ozone.protocolPB.OzoneManagerRequestHandler.handleWriteRequest(OzoneManagerRequestHandler.java:293)
	at org.apache.hadoop.ozone.om.ratis.OzoneManagerStateMachine.runCommand(OzoneManagerStateMachine.java:529)
	at org.apache.hadoop.ozone.om.ratis.OzoneManagerStateMachine.lambda$1(OzoneManagerStateMachine.java:324)
	at java.util.concurrent.CompletableFuture$AsyncSupply.run(CompletableFuture.java:1604)
	at java.util.concurrent.ThreadPoolExecutor.runWorker(ThreadPoolExecutor.java:1149)
	at java.util.concurrent.ThreadPoolExecutor$Worker.run(ThreadPoolExecutor.java:624)
	at java.lang.Thread.run(Thread.java:750)
2022-06-24 01:39:36,741 [IPC Server handler 18 on default port 44735] WARN  om.OzoneManager (OzoneManager.java:checkAcls(2550)) - User test-user doesn't have READ permission to access key Volume:2f202582-5b4d-4ec5-9bc7-a8365eb5ef54 Bucket:c975c8a2-6ffa-49d2-b2ba-c301ba0ffb74 Key:351b34b0-9737-4ba8-b16e-f7903d3c95b0
]]></system-out>
  </testcase>
  <testcase name="testMultipartUploadWithMissingParts" classname="org.apache.hadoop.ozone.client.rpc.TestOzoneRpcClient" time="0.033">
    <system-out><![CDATA[2022-06-24 01:39:36,744 [Listener at 127.0.0.1/44735] INFO  rpc.RpcClient (RpcClient.java:createVolume(466)) - Creating Volume: 6b098117-2b6d-47b6-bb9f-903f0b56ef22, with runner as owner and space quota set to -1 bytes, counts quota set to -1
2022-06-24 01:39:36,749 [OM StateMachine ApplyTransaction Thread - 0] INFO  volume.OMVolumeCreateRequest (OMVolumeCreateRequest.java:validateAndUpdateCache(195)) - created volume:6b098117-2b6d-47b6-bb9f-903f0b56ef22 for user:runner
2022-06-24 01:39:36,751 [Listener at 127.0.0.1/44735] INFO  rpc.RpcClient (RpcClient.java:createBucket(666)) - Creating Bucket: 6b098117-2b6d-47b6-bb9f-903f0b56ef22/17ff21f1-9426-4dc2-a4e7-1bd3af4fd0b5, with the Bucket Layout null, runner as owner, Versioning false, Storage Type set to DISK and Encryption set to false 
2022-06-24 01:39:36,754 [OM StateMachine ApplyTransaction Thread - 0] INFO  bucket.OMBucketCreateRequest (OMBucketCreateRequest.java:validateAndUpdateCache(260)) - created bucket: 17ff21f1-9426-4dc2-a4e7-1bd3af4fd0b5 of layout LEGACY in volume: 6b098117-2b6d-47b6-bb9f-903f0b56ef22
01:39:36.776 [OM StateMachine ApplyTransaction Thread - 0] ERROR OMAudit - user=runner | ip=127.0.0.1 | op=COMPLETE_MULTIPART_UPLOAD {volume=6b098117-2b6d-47b6-bb9f-903f0b56ef22, bucket=17ff21f1-9426-4dc2-a4e7-1bd3af4fd0b5, key=e96de43a-1e6d-432b-850a-36550e20777d, dataSize=0, replicationType=NONE, replicationFactor=ZERO, multipartList=[partNumber: 3 partName: "random" ]} | ret=FAILURE
org.apache.hadoop.ozone.om.exceptions.OMException: Complete Multipart Upload Failed: volume: 6b098117-2b6d-47b6-bb9f-903f0b56ef22 bucket: 17ff21f1-9426-4dc2-a4e7-1bd3af4fd0b5 key: e96de43a-1e6d-432b-850a-36550e20777d. Provided Part info is { random, 3}, whereas OM has partName null
	at org.apache.hadoop.ozone.om.request.s3.multipart.S3MultipartUploadCompleteRequest.getMultipartDataSize(S3MultipartUploadCompleteRequest.java:508) ~[ozone-manager-1.3.0-SNAPSHOT.jar:?]
	at org.apache.hadoop.ozone.om.request.s3.multipart.S3MultipartUploadCompleteRequest.validateAndUpdateCache(S3MultipartUploadCompleteRequest.java:198) ~[ozone-manager-1.3.0-SNAPSHOT.jar:?]
	at org.apache.hadoop.ozone.protocolPB.OzoneManagerRequestHandler.handleWriteRequest(OzoneManagerRequestHandler.java:293) ~[ozone-manager-1.3.0-SNAPSHOT.jar:?]
	at org.apache.hadoop.ozone.om.ratis.OzoneManagerStateMachine.runCommand(OzoneManagerStateMachine.java:529) ~[ozone-manager-1.3.0-SNAPSHOT.jar:?]
	at org.apache.hadoop.ozone.om.ratis.OzoneManagerStateMachine.lambda$1(OzoneManagerStateMachine.java:324) ~[ozone-manager-1.3.0-SNAPSHOT.jar:?]
	at java.util.concurrent.CompletableFuture$AsyncSupply.run(CompletableFuture.java:1604) [?:1.8.0_332]
	at java.util.concurrent.ThreadPoolExecutor.runWorker(ThreadPoolExecutor.java:1149) [?:1.8.0_332]
	at java.util.concurrent.ThreadPoolExecutor$Worker.run(ThreadPoolExecutor.java:624) [?:1.8.0_332]
	at java.lang.Thread.run(Thread.java:750) [?:1.8.0_332]
2022-06-24 01:39:36,777 [OM StateMachine ApplyTransaction Thread - 0] ERROR multipart.S3MultipartUploadCompleteRequest (S3MultipartUploadCompleteRequest.java:logResult(352)) - MultipartUpload Complete request failed for Key: e96de43a-1e6d-432b-850a-36550e20777d in Volume/Bucket 6b098117-2b6d-47b6-bb9f-903f0b56ef22/17ff21f1-9426-4dc2-a4e7-1bd3af4fd0b5
INVALID_PART org.apache.hadoop.ozone.om.exceptions.OMException: Complete Multipart Upload Failed: volume: 6b098117-2b6d-47b6-bb9f-903f0b56ef22 bucket: 17ff21f1-9426-4dc2-a4e7-1bd3af4fd0b5 key: e96de43a-1e6d-432b-850a-36550e20777d. Provided Part info is { random, 3}, whereas OM has partName null
	at org.apache.hadoop.ozone.om.request.s3.multipart.S3MultipartUploadCompleteRequest.getMultipartDataSize(S3MultipartUploadCompleteRequest.java:508)
	at org.apache.hadoop.ozone.om.request.s3.multipart.S3MultipartUploadCompleteRequest.validateAndUpdateCache(S3MultipartUploadCompleteRequest.java:198)
	at org.apache.hadoop.ozone.protocolPB.OzoneManagerRequestHandler.handleWriteRequest(OzoneManagerRequestHandler.java:293)
	at org.apache.hadoop.ozone.om.ratis.OzoneManagerStateMachine.runCommand(OzoneManagerStateMachine.java:529)
	at org.apache.hadoop.ozone.om.ratis.OzoneManagerStateMachine.lambda$1(OzoneManagerStateMachine.java:324)
	at java.util.concurrent.CompletableFuture$AsyncSupply.run(CompletableFuture.java:1604)
	at java.util.concurrent.ThreadPoolExecutor.runWorker(ThreadPoolExecutor.java:1149)
	at java.util.concurrent.ThreadPoolExecutor$Worker.run(ThreadPoolExecutor.java:624)
	at java.lang.Thread.run(Thread.java:750)
]]></system-out>
  </testcase>
  <testcase name="testMultipartUploadWithPartsLessThanMinSize" classname="org.apache.hadoop.ozone.client.rpc.TestOzoneRpcClient" time="0.049">
    <system-out><![CDATA[2022-06-24 01:39:36,780 [Listener at 127.0.0.1/44735] INFO  rpc.RpcClient (RpcClient.java:createVolume(466)) - Creating Volume: c8e8bf8e-7ce5-4321-a209-2f6758f24997, with runner as owner and space quota set to -1 bytes, counts quota set to -1
2022-06-24 01:39:36,782 [OM StateMachine ApplyTransaction Thread - 0] INFO  volume.OMVolumeCreateRequest (OMVolumeCreateRequest.java:validateAndUpdateCache(195)) - created volume:c8e8bf8e-7ce5-4321-a209-2f6758f24997 for user:runner
2022-06-24 01:39:36,783 [Listener at 127.0.0.1/44735] INFO  rpc.RpcClient (RpcClient.java:createBucket(666)) - Creating Bucket: c8e8bf8e-7ce5-4321-a209-2f6758f24997/f9fd5eb7-cee8-4530-a319-2efb1ca3eca8, with the Bucket Layout null, runner as owner, Versioning false, Storage Type set to DISK and Encryption set to false 
2022-06-24 01:39:36,786 [OM StateMachine ApplyTransaction Thread - 0] INFO  bucket.OMBucketCreateRequest (OMBucketCreateRequest.java:validateAndUpdateCache(260)) - created bucket: f9fd5eb7-cee8-4530-a319-2efb1ca3eca8 of layout LEGACY in volume: c8e8bf8e-7ce5-4321-a209-2f6758f24997
2022-06-24 01:39:36,825 [OM StateMachine ApplyTransaction Thread - 0] ERROR multipart.S3MultipartUploadCompleteRequest (S3MultipartUploadCompleteRequest.java:getMultipartDataSize(527)) - MultipartUpload: /c8e8bf8e-7ce5-4321-a209-2f6758f24997/f9fd5eb7-cee8-4530-a319-2efb1ca3eca8/358dfe62-a611-4035-ad85-61c54b20d0b9 Part number: 1 size 4  is less than minimum part size 5242880
01:39:36.827 [OM StateMachine ApplyTransaction Thread - 0] ERROR OMAudit - user=runner | ip=127.0.0.1 | op=COMPLETE_MULTIPART_UPLOAD {volume=c8e8bf8e-7ce5-4321-a209-2f6758f24997, bucket=f9fd5eb7-cee8-4530-a319-2efb1ca3eca8, key=358dfe62-a611-4035-ad85-61c54b20d0b9, dataSize=0, replicationType=NONE, replicationFactor=ZERO, multipartList=[partNumber: 1 partName: "/c8e8bf8e-7ce5-4321-a209-2f6758f24997/f9fd5eb7-cee8-4530-a319-2efb1ca3eca8/358dfe62-a611-4035-ad85-61c54b20d0b9-a89984f7-37d5-4958-8b25-7944c33a823c-108529895131644134-1" , partNumber: 2 partName: "/c8e8bf8e-7ce5-4321-a209-2f6758f24997/f9fd5eb7-cee8-4530-a319-2efb1ca3eca8/358dfe62-a611-4035-ad85-61c54b20d0b9-a89984f7-37d5-4958-8b25-7944c33a823c-108529895131644134-2" ]} | ret=FAILURE
org.apache.hadoop.ozone.om.exceptions.OMException: Complete Multipart Upload Failed: volume: c8e8bf8e-7ce5-4321-a209-2f6758f24997 bucket: f9fd5eb7-cee8-4530-a319-2efb1ca3eca8 key: 358dfe62-a611-4035-ad85-61c54b20d0b9. Entity too small.
	at org.apache.hadoop.ozone.om.request.s3.multipart.S3MultipartUploadCompleteRequest.getMultipartDataSize(S3MultipartUploadCompleteRequest.java:531) ~[ozone-manager-1.3.0-SNAPSHOT.jar:?]
	at org.apache.hadoop.ozone.om.request.s3.multipart.S3MultipartUploadCompleteRequest.validateAndUpdateCache(S3MultipartUploadCompleteRequest.java:198) ~[ozone-manager-1.3.0-SNAPSHOT.jar:?]
	at org.apache.hadoop.ozone.protocolPB.OzoneManagerRequestHandler.handleWriteRequest(OzoneManagerRequestHandler.java:293) ~[ozone-manager-1.3.0-SNAPSHOT.jar:?]
	at org.apache.hadoop.ozone.om.ratis.OzoneManagerStateMachine.runCommand(OzoneManagerStateMachine.java:529) ~[ozone-manager-1.3.0-SNAPSHOT.jar:?]
	at org.apache.hadoop.ozone.om.ratis.OzoneManagerStateMachine.lambda$1(OzoneManagerStateMachine.java:324) ~[ozone-manager-1.3.0-SNAPSHOT.jar:?]
	at java.util.concurrent.CompletableFuture$AsyncSupply.run(CompletableFuture.java:1604) [?:1.8.0_332]
	at java.util.concurrent.ThreadPoolExecutor.runWorker(ThreadPoolExecutor.java:1149) [?:1.8.0_332]
	at java.util.concurrent.ThreadPoolExecutor$Worker.run(ThreadPoolExecutor.java:624) [?:1.8.0_332]
	at java.lang.Thread.run(Thread.java:750) [?:1.8.0_332]
2022-06-24 01:39:36,827 [OM StateMachine ApplyTransaction Thread - 0] ERROR multipart.S3MultipartUploadCompleteRequest (S3MultipartUploadCompleteRequest.java:logResult(352)) - MultipartUpload Complete request failed for Key: 358dfe62-a611-4035-ad85-61c54b20d0b9 in Volume/Bucket c8e8bf8e-7ce5-4321-a209-2f6758f24997/f9fd5eb7-cee8-4530-a319-2efb1ca3eca8
ENTITY_TOO_SMALL org.apache.hadoop.ozone.om.exceptions.OMException: Complete Multipart Upload Failed: volume: c8e8bf8e-7ce5-4321-a209-2f6758f24997 bucket: f9fd5eb7-cee8-4530-a319-2efb1ca3eca8 key: 358dfe62-a611-4035-ad85-61c54b20d0b9. Entity too small.
	at org.apache.hadoop.ozone.om.request.s3.multipart.S3MultipartUploadCompleteRequest.getMultipartDataSize(S3MultipartUploadCompleteRequest.java:531)
	at org.apache.hadoop.ozone.om.request.s3.multipart.S3MultipartUploadCompleteRequest.validateAndUpdateCache(S3MultipartUploadCompleteRequest.java:198)
	at org.apache.hadoop.ozone.protocolPB.OzoneManagerRequestHandler.handleWriteRequest(OzoneManagerRequestHandler.java:293)
	at org.apache.hadoop.ozone.om.ratis.OzoneManagerStateMachine.runCommand(OzoneManagerStateMachine.java:529)
	at org.apache.hadoop.ozone.om.ratis.OzoneManagerStateMachine.lambda$1(OzoneManagerStateMachine.java:324)
	at java.util.concurrent.CompletableFuture$AsyncSupply.run(CompletableFuture.java:1604)
	at java.util.concurrent.ThreadPoolExecutor.runWorker(ThreadPoolExecutor.java:1149)
	at java.util.concurrent.ThreadPoolExecutor$Worker.run(ThreadPoolExecutor.java:624)
	at java.lang.Thread.run(Thread.java:750)
]]></system-out>
  </testcase>
  <testcase name="testMultipartUploadWithPartsMisMatchWithIncorrectPartName" classname="org.apache.hadoop.ozone.client.rpc.TestOzoneRpcClient" time="0.042">
    <system-out><![CDATA[2022-06-24 01:39:36,829 [Listener at 127.0.0.1/44735] INFO  rpc.RpcClient (RpcClient.java:createVolume(466)) - Creating Volume: 4fafc442-3174-4b01-b469-b682ccfb3c7a, with runner as owner and space quota set to -1 bytes, counts quota set to -1
2022-06-24 01:39:36,833 [OM StateMachine ApplyTransaction Thread - 0] INFO  volume.OMVolumeCreateRequest (OMVolumeCreateRequest.java:validateAndUpdateCache(195)) - created volume:4fafc442-3174-4b01-b469-b682ccfb3c7a for user:runner
2022-06-24 01:39:36,834 [Listener at 127.0.0.1/44735] INFO  rpc.RpcClient (RpcClient.java:createBucket(666)) - Creating Bucket: 4fafc442-3174-4b01-b469-b682ccfb3c7a/518f7b9b-6949-446e-9132-10f00439c1af, with the Bucket Layout null, runner as owner, Versioning false, Storage Type set to DISK and Encryption set to false 
2022-06-24 01:39:36,837 [OM StateMachine ApplyTransaction Thread - 0] INFO  bucket.OMBucketCreateRequest (OMBucketCreateRequest.java:validateAndUpdateCache(260)) - created bucket: 518f7b9b-6949-446e-9132-10f00439c1af of layout LEGACY in volume: 4fafc442-3174-4b01-b469-b682ccfb3c7a
01:39:36.869 [OM StateMachine ApplyTransaction Thread - 0] ERROR OMAudit - user=runner | ip=127.0.0.1 | op=COMPLETE_MULTIPART_UPLOAD {volume=4fafc442-3174-4b01-b469-b682ccfb3c7a, bucket=518f7b9b-6949-446e-9132-10f00439c1af, key=d875ad87-9662-4d1a-9465-5753267c4155, dataSize=0, replicationType=NONE, replicationFactor=ZERO, multipartList=[partNumber: 1 partName: "2077df0c-4c5a-4403-9f65-1761feb506a1" ]} | ret=FAILURE
org.apache.hadoop.ozone.om.exceptions.OMException: Complete Multipart Upload Failed: volume: 4fafc442-3174-4b01-b469-b682ccfb3c7a bucket: 518f7b9b-6949-446e-9132-10f00439c1af key: d875ad87-9662-4d1a-9465-5753267c4155. Provided Part info is { 2077df0c-4c5a-4403-9f65-1761feb506a1, 1}, whereas OM has partName /4fafc442-3174-4b01-b469-b682ccfb3c7a/518f7b9b-6949-446e-9132-10f00439c1af/d875ad87-9662-4d1a-9465-5753267c4155-d5156f6a-7a20-4e69-afc4-462bd52a6f40-108529895134920937-1
	at org.apache.hadoop.ozone.om.request.s3.multipart.S3MultipartUploadCompleteRequest.getMultipartDataSize(S3MultipartUploadCompleteRequest.java:508) ~[ozone-manager-1.3.0-SNAPSHOT.jar:?]
	at org.apache.hadoop.ozone.om.request.s3.multipart.S3MultipartUploadCompleteRequest.validateAndUpdateCache(S3MultipartUploadCompleteRequest.java:198) ~[ozone-manager-1.3.0-SNAPSHOT.jar:?]
	at org.apache.hadoop.ozone.protocolPB.OzoneManagerRequestHandler.handleWriteRequest(OzoneManagerRequestHandler.java:293) ~[ozone-manager-1.3.0-SNAPSHOT.jar:?]
	at org.apache.hadoop.ozone.om.ratis.OzoneManagerStateMachine.runCommand(OzoneManagerStateMachine.java:529) ~[ozone-manager-1.3.0-SNAPSHOT.jar:?]
	at org.apache.hadoop.ozone.om.ratis.OzoneManagerStateMachine.lambda$1(OzoneManagerStateMachine.java:324) ~[ozone-manager-1.3.0-SNAPSHOT.jar:?]
	at java.util.concurrent.CompletableFuture$AsyncSupply.run(CompletableFuture.java:1604) [?:1.8.0_332]
	at java.util.concurrent.ThreadPoolExecutor.runWorker(ThreadPoolExecutor.java:1149) [?:1.8.0_332]
	at java.util.concurrent.ThreadPoolExecutor$Worker.run(ThreadPoolExecutor.java:624) [?:1.8.0_332]
	at java.lang.Thread.run(Thread.java:750) [?:1.8.0_332]
2022-06-24 01:39:36,870 [OM StateMachine ApplyTransaction Thread - 0] ERROR multipart.S3MultipartUploadCompleteRequest (S3MultipartUploadCompleteRequest.java:logResult(352)) - MultipartUpload Complete request failed for Key: d875ad87-9662-4d1a-9465-5753267c4155 in Volume/Bucket 4fafc442-3174-4b01-b469-b682ccfb3c7a/518f7b9b-6949-446e-9132-10f00439c1af
INVALID_PART org.apache.hadoop.ozone.om.exceptions.OMException: Complete Multipart Upload Failed: volume: 4fafc442-3174-4b01-b469-b682ccfb3c7a bucket: 518f7b9b-6949-446e-9132-10f00439c1af key: d875ad87-9662-4d1a-9465-5753267c4155. Provided Part info is { 2077df0c-4c5a-4403-9f65-1761feb506a1, 1}, whereas OM has partName /4fafc442-3174-4b01-b469-b682ccfb3c7a/518f7b9b-6949-446e-9132-10f00439c1af/d875ad87-9662-4d1a-9465-5753267c4155-d5156f6a-7a20-4e69-afc4-462bd52a6f40-108529895134920937-1
	at org.apache.hadoop.ozone.om.request.s3.multipart.S3MultipartUploadCompleteRequest.getMultipartDataSize(S3MultipartUploadCompleteRequest.java:508)
	at org.apache.hadoop.ozone.om.request.s3.multipart.S3MultipartUploadCompleteRequest.validateAndUpdateCache(S3MultipartUploadCompleteRequest.java:198)
	at org.apache.hadoop.ozone.protocolPB.OzoneManagerRequestHandler.handleWriteRequest(OzoneManagerRequestHandler.java:293)
	at org.apache.hadoop.ozone.om.ratis.OzoneManagerStateMachine.runCommand(OzoneManagerStateMachine.java:529)
	at org.apache.hadoop.ozone.om.ratis.OzoneManagerStateMachine.lambda$1(OzoneManagerStateMachine.java:324)
	at java.util.concurrent.CompletableFuture$AsyncSupply.run(CompletableFuture.java:1604)
	at java.util.concurrent.ThreadPoolExecutor.runWorker(ThreadPoolExecutor.java:1149)
	at java.util.concurrent.ThreadPoolExecutor$Worker.run(ThreadPoolExecutor.java:624)
	at java.lang.Thread.run(Thread.java:750)
]]></system-out>
  </testcase>
  <testcase name="testMultipartUploadWithPartsMisMatchWithListSizeDifferent" classname="org.apache.hadoop.ozone.client.rpc.TestOzoneRpcClient" time="0.021">
    <system-out><![CDATA[2022-06-24 01:39:36,873 [Listener at 127.0.0.1/44735] INFO  rpc.RpcClient (RpcClient.java:createVolume(466)) - Creating Volume: e09ee8ab-e9f8-4d90-9229-e73f508d6bc2, with runner as owner and space quota set to -1 bytes, counts quota set to -1
2022-06-24 01:39:36,880 [OM StateMachine ApplyTransaction Thread - 0] INFO  volume.OMVolumeCreateRequest (OMVolumeCreateRequest.java:validateAndUpdateCache(195)) - created volume:e09ee8ab-e9f8-4d90-9229-e73f508d6bc2 for user:runner
2022-06-24 01:39:36,882 [Listener at 127.0.0.1/44735] INFO  rpc.RpcClient (RpcClient.java:createBucket(666)) - Creating Bucket: e09ee8ab-e9f8-4d90-9229-e73f508d6bc2/e17d589b-6bd9-461d-abb4-2473a1864592, with the Bucket Layout null, runner as owner, Versioning false, Storage Type set to DISK and Encryption set to false 
2022-06-24 01:39:36,884 [OM StateMachine ApplyTransaction Thread - 0] INFO  bucket.OMBucketCreateRequest (OMBucketCreateRequest.java:validateAndUpdateCache(260)) - created bucket: e17d589b-6bd9-461d-abb4-2473a1864592 of layout LEGACY in volume: e09ee8ab-e9f8-4d90-9229-e73f508d6bc2
2022-06-24 01:39:36,891 [OM StateMachine ApplyTransaction Thread - 0] ERROR multipart.S3MultipartUploadCompleteRequest (S3MultipartUploadCompleteRequest.java:validateAndUpdateCache(184)) - Complete MultipartUpload failed for key /e09ee8ab-e9f8-4d90-9229-e73f508d6bc2/e17d589b-6bd9-461d-abb4-2473a1864592/d7be2864-15d4-44a3-9ae0-667c2f55226e , MPU Key has no parts in OM, parts given to upload are [partNumber: 1
partName: "a364ee1e-0cf7-4e29-86ca-f3d67ba9d0c5"
]
01:39:36.891 [OM StateMachine ApplyTransaction Thread - 0] ERROR OMAudit - user=runner | ip=127.0.0.1 | op=COMPLETE_MULTIPART_UPLOAD {volume=e09ee8ab-e9f8-4d90-9229-e73f508d6bc2, bucket=e17d589b-6bd9-461d-abb4-2473a1864592, key=d7be2864-15d4-44a3-9ae0-667c2f55226e, dataSize=0, replicationType=NONE, replicationFactor=ZERO, multipartList=[partNumber: 1 partName: "a364ee1e-0cf7-4e29-86ca-f3d67ba9d0c5" ]} | ret=FAILURE
org.apache.hadoop.ozone.om.exceptions.OMException: Complete Multipart Upload Failed: volume: e09ee8ab-e9f8-4d90-9229-e73f508d6bc2 bucket: e17d589b-6bd9-461d-abb4-2473a1864592 key: d7be2864-15d4-44a3-9ae0-667c2f55226e
	at org.apache.hadoop.ozone.om.request.s3.multipart.S3MultipartUploadCompleteRequest.validateAndUpdateCache(S3MultipartUploadCompleteRequest.java:187) ~[ozone-manager-1.3.0-SNAPSHOT.jar:?]
	at org.apache.hadoop.ozone.protocolPB.OzoneManagerRequestHandler.handleWriteRequest(OzoneManagerRequestHandler.java:293) ~[ozone-manager-1.3.0-SNAPSHOT.jar:?]
	at org.apache.hadoop.ozone.om.ratis.OzoneManagerStateMachine.runCommand(OzoneManagerStateMachine.java:529) ~[ozone-manager-1.3.0-SNAPSHOT.jar:?]
	at org.apache.hadoop.ozone.om.ratis.OzoneManagerStateMachine.lambda$1(OzoneManagerStateMachine.java:324) ~[ozone-manager-1.3.0-SNAPSHOT.jar:?]
	at java.util.concurrent.CompletableFuture$AsyncSupply.run(CompletableFuture.java:1604) [?:1.8.0_332]
	at java.util.concurrent.ThreadPoolExecutor.runWorker(ThreadPoolExecutor.java:1149) [?:1.8.0_332]
	at java.util.concurrent.ThreadPoolExecutor$Worker.run(ThreadPoolExecutor.java:624) [?:1.8.0_332]
	at java.lang.Thread.run(Thread.java:750) [?:1.8.0_332]
2022-06-24 01:39:36,892 [OM StateMachine ApplyTransaction Thread - 0] ERROR multipart.S3MultipartUploadCompleteRequest (S3MultipartUploadCompleteRequest.java:logResult(352)) - MultipartUpload Complete request failed for Key: d7be2864-15d4-44a3-9ae0-667c2f55226e in Volume/Bucket e09ee8ab-e9f8-4d90-9229-e73f508d6bc2/e17d589b-6bd9-461d-abb4-2473a1864592
INVALID_PART org.apache.hadoop.ozone.om.exceptions.OMException: Complete Multipart Upload Failed: volume: e09ee8ab-e9f8-4d90-9229-e73f508d6bc2 bucket: e17d589b-6bd9-461d-abb4-2473a1864592 key: d7be2864-15d4-44a3-9ae0-667c2f55226e
	at org.apache.hadoop.ozone.om.request.s3.multipart.S3MultipartUploadCompleteRequest.validateAndUpdateCache(S3MultipartUploadCompleteRequest.java:187)
	at org.apache.hadoop.ozone.protocolPB.OzoneManagerRequestHandler.handleWriteRequest(OzoneManagerRequestHandler.java:293)
	at org.apache.hadoop.ozone.om.ratis.OzoneManagerStateMachine.runCommand(OzoneManagerStateMachine.java:529)
	at org.apache.hadoop.ozone.om.ratis.OzoneManagerStateMachine.lambda$1(OzoneManagerStateMachine.java:324)
	at java.util.concurrent.CompletableFuture$AsyncSupply.run(CompletableFuture.java:1604)
	at java.util.concurrent.ThreadPoolExecutor.runWorker(ThreadPoolExecutor.java:1149)
	at java.util.concurrent.ThreadPoolExecutor$Worker.run(ThreadPoolExecutor.java:624)
	at java.lang.Thread.run(Thread.java:750)
]]></system-out>
  </testcase>
  <testcase name="testNativeAclsForBucket" classname="org.apache.hadoop.ozone.client.rpc.TestOzoneRpcClient" time="0.106">
    <system-out><![CDATA[2022-06-24 01:39:36,894 [Listener at 127.0.0.1/44735] INFO  rpc.RpcClient (RpcClient.java:createVolume(466)) - Creating Volume: 392dcb3f-1555-42a4-a730-b73df8bb8906, with runner as owner and space quota set to -1 bytes, counts quota set to -1
2022-06-24 01:39:36,897 [OM StateMachine ApplyTransaction Thread - 0] INFO  volume.OMVolumeCreateRequest (OMVolumeCreateRequest.java:validateAndUpdateCache(195)) - created volume:392dcb3f-1555-42a4-a730-b73df8bb8906 for user:runner
2022-06-24 01:39:36,898 [Listener at 127.0.0.1/44735] INFO  rpc.RpcClient (RpcClient.java:createBucket(666)) - Creating Bucket: 392dcb3f-1555-42a4-a730-b73df8bb8906/db2e4f34-eb57-446c-a098-9538327e123f, with the Bucket Layout null, runner as owner, Versioning false, Storage Type set to DISK and Encryption set to false 
2022-06-24 01:39:36,900 [OM StateMachine ApplyTransaction Thread - 0] INFO  bucket.OMBucketCreateRequest (OMBucketCreateRequest.java:validateAndUpdateCache(260)) - created bucket: db2e4f34-eb57-446c-a098-9538327e123f of layout LEGACY in volume: 392dcb3f-1555-42a4-a730-b73df8bb8906
2022-06-24 01:39:36,995 [Listener at 127.0.0.1/44735] INFO  rpc.RpcClient (RpcClient.java:createBucket(666)) - Creating Bucket: 392dcb3f-1555-42a4-a730-b73df8bb8906/db2e4f34-eb57-446c-a098-9538327e123f, with the Bucket Layout null, runner as owner, Versioning false, Storage Type set to DISK and Encryption set to false 
2022-06-24 01:39:36,997 [OM StateMachine ApplyTransaction Thread - 0] INFO  bucket.OMBucketCreateRequest (OMBucketCreateRequest.java:validateAndUpdateCache(260)) - created bucket: db2e4f34-eb57-446c-a098-9538327e123f of layout LEGACY in volume: 392dcb3f-1555-42a4-a730-b73df8bb8906
]]></system-out>
  </testcase>
  <testcase name="testNativeAclsForKey" classname="org.apache.hadoop.ozone.client.rpc.TestOzoneRpcClient" time="0.191">
    <system-out><![CDATA[2022-06-24 01:39:37,003 [Listener at 127.0.0.1/44735] INFO  rpc.RpcClient (RpcClient.java:createVolume(466)) - Creating Volume: c212245a-499d-4781-a56f-cd51c637fbc7, with runner as owner and space quota set to -1 bytes, counts quota set to -1
2022-06-24 01:39:37,005 [OM StateMachine ApplyTransaction Thread - 0] INFO  volume.OMVolumeCreateRequest (OMVolumeCreateRequest.java:validateAndUpdateCache(195)) - created volume:c212245a-499d-4781-a56f-cd51c637fbc7 for user:runner
2022-06-24 01:39:37,007 [Listener at 127.0.0.1/44735] INFO  rpc.RpcClient (RpcClient.java:createBucket(666)) - Creating Bucket: c212245a-499d-4781-a56f-cd51c637fbc7/5e584037-4658-4497-8544-5a5be5d303ad, with the Bucket Layout null, runner as owner, Versioning false, Storage Type set to DISK and Encryption set to false 
2022-06-24 01:39:37,008 [OM StateMachine ApplyTransaction Thread - 0] INFO  bucket.OMBucketCreateRequest (OMBucketCreateRequest.java:validateAndUpdateCache(260)) - created bucket: 5e584037-4658-4497-8544-5a5be5d303ad of layout LEGACY in volume: c212245a-499d-4781-a56f-cd51c637fbc7
]]></system-out>
  </testcase>
  <testcase name="testNativeAclsForPrefix" classname="org.apache.hadoop.ozone.client.rpc.TestOzoneRpcClient" time="0.084">
    <system-out><![CDATA[2022-06-24 01:39:37,195 [Listener at 127.0.0.1/44735] INFO  rpc.RpcClient (RpcClient.java:createVolume(466)) - Creating Volume: 8f89343f-4e7b-4bd8-8e4f-29f2490a7627, with runner as owner and space quota set to -1 bytes, counts quota set to -1
2022-06-24 01:39:37,198 [OM StateMachine ApplyTransaction Thread - 0] INFO  volume.OMVolumeCreateRequest (OMVolumeCreateRequest.java:validateAndUpdateCache(195)) - created volume:8f89343f-4e7b-4bd8-8e4f-29f2490a7627 for user:runner
2022-06-24 01:39:37,199 [Listener at 127.0.0.1/44735] INFO  rpc.RpcClient (RpcClient.java:createBucket(666)) - Creating Bucket: 8f89343f-4e7b-4bd8-8e4f-29f2490a7627/cc2437b1-7d52-4d3c-b3a4-42ab64cd5ae6, with the Bucket Layout null, runner as owner, Versioning false, Storage Type set to DISK and Encryption set to false 
2022-06-24 01:39:37,201 [OM StateMachine ApplyTransaction Thread - 0] INFO  bucket.OMBucketCreateRequest (OMBucketCreateRequest.java:validateAndUpdateCache(260)) - created bucket: cc2437b1-7d52-4d3c-b3a4-42ab64cd5ae6 of layout LEGACY in volume: 8f89343f-4e7b-4bd8-8e4f-29f2490a7627
]]></system-out>
  </testcase>
  <testcase name="testNativeAclsForVolume" classname="org.apache.hadoop.ozone.client.rpc.TestOzoneRpcClient" time="0.083">
    <system-out><![CDATA[2022-06-24 01:39:37,280 [Listener at 127.0.0.1/44735] INFO  rpc.RpcClient (RpcClient.java:createVolume(466)) - Creating Volume: 86434749-a749-4fcc-b571-48851cd558b5, with runner as owner and space quota set to -1 bytes, counts quota set to -1
2022-06-24 01:39:37,281 [OM StateMachine ApplyTransaction Thread - 0] INFO  volume.OMVolumeCreateRequest (OMVolumeCreateRequest.java:validateAndUpdateCache(195)) - created volume:86434749-a749-4fcc-b571-48851cd558b5 for user:runner
]]></system-out>
  </testcase>
  <testcase name="testNoSuchUploadError" classname="org.apache.hadoop.ozone.client.rpc.TestOzoneRpcClient" time="0.018">
    <system-out><![CDATA[2022-06-24 01:39:37,363 [Listener at 127.0.0.1/44735] INFO  rpc.RpcClient (RpcClient.java:createVolume(466)) - Creating Volume: d15878a6-d200-4e06-b945-e7d98e33c3dd, with runner as owner and space quota set to -1 bytes, counts quota set to -1
2022-06-24 01:39:37,364 [OM StateMachine ApplyTransaction Thread - 0] INFO  volume.OMVolumeCreateRequest (OMVolumeCreateRequest.java:validateAndUpdateCache(195)) - created volume:d15878a6-d200-4e06-b945-e7d98e33c3dd for user:runner
2022-06-24 01:39:37,366 [Listener at 127.0.0.1/44735] INFO  rpc.RpcClient (RpcClient.java:createBucket(666)) - Creating Bucket: d15878a6-d200-4e06-b945-e7d98e33c3dd/f7d5c576-80ed-4969-9e9c-a0fffa1aeba0, with the Bucket Layout null, runner as owner, Versioning false, Storage Type set to DISK and Encryption set to false 
2022-06-24 01:39:37,375 [OM StateMachine ApplyTransaction Thread - 0] INFO  bucket.OMBucketCreateRequest (OMBucketCreateRequest.java:validateAndUpdateCache(260)) - created bucket: f7d5c576-80ed-4969-9e9c-a0fffa1aeba0 of layout LEGACY in volume: d15878a6-d200-4e06-b945-e7d98e33c3dd
01:39:37.379 [OM StateMachine ApplyTransaction Thread - 0] ERROR OMAudit - user=runner | ip=127.0.0.1 | op=ALLOCATE_KEY {volume=d15878a6-d200-4e06-b945-e7d98e33c3dd, bucket=f7d5c576-80ed-4969-9e9c-a0fffa1aeba0, key=d3eb8d5c-2367-47f6-8215-fc236c2801ed, dataSize=12, replicationType=NONE, replicationFactor=ZERO} | ret=FAILURE
org.apache.hadoop.ozone.om.exceptions.OMException: No such Multipart upload is with specified uploadId random
	at org.apache.hadoop.ozone.om.request.key.OMKeyRequest.prepareMultipartFileInfo(OMKeyRequest.java:758) ~[ozone-manager-1.3.0-SNAPSHOT.jar:?]
	at org.apache.hadoop.ozone.om.request.key.OMKeyRequest.prepareFileInfo(OMKeyRequest.java:645) ~[ozone-manager-1.3.0-SNAPSHOT.jar:?]
	at org.apache.hadoop.ozone.om.request.key.OMKeyRequest.prepareKeyInfo(OMKeyRequest.java:622) ~[ozone-manager-1.3.0-SNAPSHOT.jar:?]
	at org.apache.hadoop.ozone.om.request.key.OMKeyCreateRequest.validateAndUpdateCache(OMKeyCreateRequest.java:282) ~[ozone-manager-1.3.0-SNAPSHOT.jar:?]
	at org.apache.hadoop.ozone.protocolPB.OzoneManagerRequestHandler.handleWriteRequest(OzoneManagerRequestHandler.java:293) ~[ozone-manager-1.3.0-SNAPSHOT.jar:?]
	at org.apache.hadoop.ozone.om.ratis.OzoneManagerStateMachine.runCommand(OzoneManagerStateMachine.java:529) ~[ozone-manager-1.3.0-SNAPSHOT.jar:?]
	at org.apache.hadoop.ozone.om.ratis.OzoneManagerStateMachine.lambda$1(OzoneManagerStateMachine.java:324) ~[ozone-manager-1.3.0-SNAPSHOT.jar:?]
	at java.util.concurrent.CompletableFuture$AsyncSupply.run(CompletableFuture.java:1604) [?:1.8.0_332]
	at java.util.concurrent.ThreadPoolExecutor.runWorker(ThreadPoolExecutor.java:1149) [?:1.8.0_332]
	at java.util.concurrent.ThreadPoolExecutor$Worker.run(ThreadPoolExecutor.java:624) [?:1.8.0_332]
	at java.lang.Thread.run(Thread.java:750) [?:1.8.0_332]
2022-06-24 01:39:37,379 [OM StateMachine ApplyTransaction Thread - 0] ERROR key.OMKeyCreateRequest (OMKeyCreateRequest.java:logResult(373)) - Key creation failed. Volume:d15878a6-d200-4e06-b945-e7d98e33c3dd, Bucket:f7d5c576-80ed-4969-9e9c-a0fffa1aeba0, Key:d3eb8d5c-2367-47f6-8215-fc236c2801ed. 
NO_SUCH_MULTIPART_UPLOAD_ERROR org.apache.hadoop.ozone.om.exceptions.OMException: No such Multipart upload is with specified uploadId random
	at org.apache.hadoop.ozone.om.request.key.OMKeyRequest.prepareMultipartFileInfo(OMKeyRequest.java:758)
	at org.apache.hadoop.ozone.om.request.key.OMKeyRequest.prepareFileInfo(OMKeyRequest.java:645)
	at org.apache.hadoop.ozone.om.request.key.OMKeyRequest.prepareKeyInfo(OMKeyRequest.java:622)
	at org.apache.hadoop.ozone.om.request.key.OMKeyCreateRequest.validateAndUpdateCache(OMKeyCreateRequest.java:282)
	at org.apache.hadoop.ozone.protocolPB.OzoneManagerRequestHandler.handleWriteRequest(OzoneManagerRequestHandler.java:293)
	at org.apache.hadoop.ozone.om.ratis.OzoneManagerStateMachine.runCommand(OzoneManagerStateMachine.java:529)
	at org.apache.hadoop.ozone.om.ratis.OzoneManagerStateMachine.lambda$1(OzoneManagerStateMachine.java:324)
	at java.util.concurrent.CompletableFuture$AsyncSupply.run(CompletableFuture.java:1604)
	at java.util.concurrent.ThreadPoolExecutor.runWorker(ThreadPoolExecutor.java:1149)
	at java.util.concurrent.ThreadPoolExecutor$Worker.run(ThreadPoolExecutor.java:624)
	at java.lang.Thread.run(Thread.java:750)
]]></system-out>
  </testcase>
  <testcase name="testOMClientProxyProvider" classname="org.apache.hadoop.ozone.client.rpc.TestOzoneRpcClient" time="0.001"/>
  <testcase name="testOverWriteKeyWithAndWithOutVersioning" classname="org.apache.hadoop.ozone.client.rpc.TestOzoneRpcClient" time="0.129">
    <system-out><![CDATA[2022-06-24 01:39:37,383 [Listener at 127.0.0.1/44735] INFO  rpc.RpcClient (RpcClient.java:createVolume(466)) - Creating Volume: 14f45427-1680-4e4c-b0b1-0e0ffc6da3a4, with runner as owner and space quota set to -1 bytes, counts quota set to -1
2022-06-24 01:39:37,385 [OM StateMachine ApplyTransaction Thread - 0] INFO  volume.OMVolumeCreateRequest (OMVolumeCreateRequest.java:validateAndUpdateCache(195)) - created volume:14f45427-1680-4e4c-b0b1-0e0ffc6da3a4 for user:runner
2022-06-24 01:39:37,387 [Listener at 127.0.0.1/44735] INFO  rpc.RpcClient (RpcClient.java:createBucket(666)) - Creating Bucket: 14f45427-1680-4e4c-b0b1-0e0ffc6da3a4/f57f7bd4-3bee-4cb3-abb8-234d0c84940f, with the Bucket Layout null, runner as owner, Versioning false, Storage Type set to DISK and Encryption set to false 
2022-06-24 01:39:37,389 [OM StateMachine ApplyTransaction Thread - 0] INFO  bucket.OMBucketCreateRequest (OMBucketCreateRequest.java:validateAndUpdateCache(260)) - created bucket: f57f7bd4-3bee-4cb3-abb8-234d0c84940f of layout LEGACY in volume: 14f45427-1680-4e4c-b0b1-0e0ffc6da3a4
2022-06-24 01:39:37,449 [Listener at 127.0.0.1/44735] INFO  rpc.RpcClient (RpcClient.java:createVolume(466)) - Creating Volume: e54937ea-c40e-4ddd-a417-2af96cc9983e, with runner as owner and space quota set to -1 bytes, counts quota set to -1
2022-06-24 01:39:37,452 [OM StateMachine ApplyTransaction Thread - 0] INFO  volume.OMVolumeCreateRequest (OMVolumeCreateRequest.java:validateAndUpdateCache(195)) - created volume:e54937ea-c40e-4ddd-a417-2af96cc9983e for user:runner
2022-06-24 01:39:37,453 [Listener at 127.0.0.1/44735] INFO  rpc.RpcClient (RpcClient.java:createBucket(666)) - Creating Bucket: e54937ea-c40e-4ddd-a417-2af96cc9983e/02daa571-351f-47d0-9f39-41b837e80077, with the Bucket Layout null, runner as owner, Versioning true, Storage Type set to DISK and Encryption set to false 
2022-06-24 01:39:37,455 [OM StateMachine ApplyTransaction Thread - 0] INFO  bucket.OMBucketCreateRequest (OMBucketCreateRequest.java:validateAndUpdateCache(260)) - created bucket: 02daa571-351f-47d0-9f39-41b837e80077 of layout LEGACY in volume: e54937ea-c40e-4ddd-a417-2af96cc9983e
]]></system-out>
  </testcase>
  <testcase name="testPutKey" classname="org.apache.hadoop.ozone.client.rpc.TestOzoneRpcClient" time="0.242">
    <system-out><![CDATA[2022-06-24 01:39:37,513 [Listener at 127.0.0.1/44735] INFO  rpc.RpcClient (RpcClient.java:createVolume(466)) - Creating Volume: 95ea8bce-62b2-4529-aa71-94f2e82b83e1, with runner as owner and space quota set to -1 bytes, counts quota set to -1
2022-06-24 01:39:37,515 [OM StateMachine ApplyTransaction Thread - 0] INFO  volume.OMVolumeCreateRequest (OMVolumeCreateRequest.java:validateAndUpdateCache(195)) - created volume:95ea8bce-62b2-4529-aa71-94f2e82b83e1 for user:runner
2022-06-24 01:39:37,517 [Listener at 127.0.0.1/44735] INFO  rpc.RpcClient (RpcClient.java:createBucket(666)) - Creating Bucket: 95ea8bce-62b2-4529-aa71-94f2e82b83e1/2eb8d472-360e-4252-a504-9d8d690de6a4, with the Bucket Layout null, runner as owner, Versioning false, Storage Type set to DISK and Encryption set to false 
2022-06-24 01:39:37,519 [OM StateMachine ApplyTransaction Thread - 0] INFO  bucket.OMBucketCreateRequest (OMBucketCreateRequest.java:validateAndUpdateCache(260)) - created bucket: 2eb8d472-360e-4252-a504-9d8d690de6a4 of layout LEGACY in volume: 95ea8bce-62b2-4529-aa71-94f2e82b83e1
]]></system-out>
  </testcase>
  <testcase name="testPutKeyRatisOneNode" classname="org.apache.hadoop.ozone.client.rpc.TestOzoneRpcClient" time="0.232">
    <system-out><![CDATA[2022-06-24 01:39:37,755 [Listener at 127.0.0.1/44735] INFO  rpc.RpcClient (RpcClient.java:createVolume(466)) - Creating Volume: 90fc5356-29a5-4b29-8908-9aa85787b824, with runner as owner and space quota set to -1 bytes, counts quota set to -1
2022-06-24 01:39:37,757 [OM StateMachine ApplyTransaction Thread - 0] INFO  volume.OMVolumeCreateRequest (OMVolumeCreateRequest.java:validateAndUpdateCache(195)) - created volume:90fc5356-29a5-4b29-8908-9aa85787b824 for user:runner
2022-06-24 01:39:37,759 [Listener at 127.0.0.1/44735] INFO  rpc.RpcClient (RpcClient.java:createBucket(666)) - Creating Bucket: 90fc5356-29a5-4b29-8908-9aa85787b824/7326ba05-e563-4492-b0c0-c37cfa4ba71d, with the Bucket Layout null, runner as owner, Versioning false, Storage Type set to DISK and Encryption set to false 
2022-06-24 01:39:37,761 [OM StateMachine ApplyTransaction Thread - 0] INFO  bucket.OMBucketCreateRequest (OMBucketCreateRequest.java:validateAndUpdateCache(260)) - created bucket: 7326ba05-e563-4492-b0c0-c37cfa4ba71d of layout LEGACY in volume: 90fc5356-29a5-4b29-8908-9aa85787b824
]]></system-out>
  </testcase>
  <testcase name="testPutKeyRatisThreeNodes" classname="org.apache.hadoop.ozone.client.rpc.TestOzoneRpcClient" time="0.428">
    <system-out><![CDATA[2022-06-24 01:39:37,987 [Listener at 127.0.0.1/44735] INFO  rpc.RpcClient (RpcClient.java:createVolume(466)) - Creating Volume: 6ed208d6-4125-4d2e-86b4-d157a0a56fd3, with runner as owner and space quota set to -1 bytes, counts quota set to -1
2022-06-24 01:39:37,991 [OM StateMachine ApplyTransaction Thread - 0] INFO  volume.OMVolumeCreateRequest (OMVolumeCreateRequest.java:validateAndUpdateCache(195)) - created volume:6ed208d6-4125-4d2e-86b4-d157a0a56fd3 for user:runner
2022-06-24 01:39:37,992 [Listener at 127.0.0.1/44735] INFO  rpc.RpcClient (RpcClient.java:createBucket(666)) - Creating Bucket: 6ed208d6-4125-4d2e-86b4-d157a0a56fd3/ab676f8a-dcca-4ec4-b39b-a14c4edf541b, with the Bucket Layout null, runner as owner, Versioning false, Storage Type set to DISK and Encryption set to false 
2022-06-24 01:39:37,994 [OM StateMachine ApplyTransaction Thread - 0] INFO  bucket.OMBucketCreateRequest (OMBucketCreateRequest.java:validateAndUpdateCache(260)) - created bucket: ab676f8a-dcca-4ec4-b39b-a14c4edf541b of layout LEGACY in volume: 6ed208d6-4125-4d2e-86b4-d157a0a56fd3
]]></system-out>
  </testcase>
  <testcase name="testPutKeyRatisThreeNodesParallel" classname="org.apache.hadoop.ozone.client.rpc.TestOzoneRpcClient" time="8.152">
    <system-out><![CDATA[2022-06-24 01:39:38,416 [Listener at 127.0.0.1/44735] INFO  rpc.RpcClient (RpcClient.java:createVolume(466)) - Creating Volume: c138d9ef-e02c-4d30-ab1d-3204ef0b2116, with runner as owner and space quota set to -1 bytes, counts quota set to -1
2022-06-24 01:39:38,419 [OM StateMachine ApplyTransaction Thread - 0] INFO  volume.OMVolumeCreateRequest (OMVolumeCreateRequest.java:validateAndUpdateCache(195)) - created volume:c138d9ef-e02c-4d30-ab1d-3204ef0b2116 for user:runner
2022-06-24 01:39:38,421 [Listener at 127.0.0.1/44735] INFO  rpc.RpcClient (RpcClient.java:createBucket(666)) - Creating Bucket: c138d9ef-e02c-4d30-ab1d-3204ef0b2116/60c46e12-73d0-4890-b478-9ce0dab7fb0d, with the Bucket Layout null, runner as owner, Versioning false, Storage Type set to DISK and Encryption set to false 
2022-06-24 01:39:38,423 [OM StateMachine ApplyTransaction Thread - 0] INFO  bucket.OMBucketCreateRequest (OMBucketCreateRequest.java:validateAndUpdateCache(260)) - created bucket: 60c46e12-73d0-4890-b478-9ce0dab7fb0d of layout LEGACY in volume: c138d9ef-e02c-4d30-ab1d-3204ef0b2116
]]></system-out>
    <system-err><![CDATA[Jun 24, 2022 1:39:46 AM org.apache.ratis.thirdparty.io.grpc.internal.ManagedChannelOrphanWrapper$ManagedChannelReference cleanQueue
SEVERE: *~*~*~ Channel ManagedChannelImpl{logId=294, target=10.1.0.17:33013} was not shutdown properly!!! ~*~*~*
    Make sure to call shutdown()/shutdownNow() and wait until awaitTermination() returns true.
java.lang.RuntimeException: ManagedChannel allocation site
	at org.apache.ratis.thirdparty.io.grpc.internal.ManagedChannelOrphanWrapper$ManagedChannelReference.<init>(ManagedChannelOrphanWrapper.java:93)
	at org.apache.ratis.thirdparty.io.grpc.internal.ManagedChannelOrphanWrapper.<init>(ManagedChannelOrphanWrapper.java:53)
	at org.apache.ratis.thirdparty.io.grpc.internal.ManagedChannelOrphanWrapper.<init>(ManagedChannelOrphanWrapper.java:44)
	at org.apache.ratis.thirdparty.io.grpc.internal.ManagedChannelImplBuilder.build(ManagedChannelImplBuilder.java:630)
	at org.apache.ratis.thirdparty.io.grpc.internal.AbstractManagedChannelImplBuilder.build(AbstractManagedChannelImplBuilder.java:297)
	at org.apache.hadoop.hdds.scm.XceiverClientGrpc.connectToDatanode(XceiverClientGrpc.java:195)
	at org.apache.hadoop.hdds.scm.XceiverClientGrpc.connect(XceiverClientGrpc.java:144)
	at org.apache.hadoop.hdds.scm.XceiverClientManager$2.call(XceiverClientManager.java:243)
	at org.apache.hadoop.hdds.scm.XceiverClientManager$2.call(XceiverClientManager.java:224)
	at com.google.common.cache.LocalCache$LocalManualCache$1.load(LocalCache.java:4868)
	at com.google.common.cache.LocalCache$LoadingValueReference.loadFuture(LocalCache.java:3533)
	at com.google.common.cache.LocalCache$Segment.loadSync(LocalCache.java:2282)
	at com.google.common.cache.LocalCache$Segment.lockedGetOrLoad(LocalCache.java:2159)
	at com.google.common.cache.LocalCache$Segment.get(LocalCache.java:2049)
	at com.google.common.cache.LocalCache.get(LocalCache.java:3966)
	at com.google.common.cache.LocalCache$LocalManualCache.get(LocalCache.java:4863)
	at org.apache.hadoop.hdds.scm.XceiverClientManager.getClient(XceiverClientManager.java:224)
	at org.apache.hadoop.hdds.scm.XceiverClientManager.acquireClient(XceiverClientManager.java:168)
	at org.apache.hadoop.hdds.scm.XceiverClientManager.acquireClientForReadData(XceiverClientManager.java:157)
	at org.apache.hadoop.hdds.scm.storage.BlockInputStream.acquireClient(BlockInputStream.java:249)
	at org.apache.hadoop.hdds.scm.storage.BlockInputStream.getChunkInfos(BlockInputStream.java:223)
	at org.apache.hadoop.hdds.scm.storage.BlockInputStream.initialize(BlockInputStream.java:146)
	at org.apache.hadoop.hdds.scm.storage.BlockInputStream.readWithStrategy(BlockInputStream.java:276)
	at org.apache.hadoop.hdds.scm.storage.ExtendedInputStream.read(ExtendedInputStream.java:54)
	at org.apache.hadoop.hdds.scm.storage.ByteArrayReader.readFromBlock(ByteArrayReader.java:57)
	at org.apache.hadoop.ozone.client.io.KeyInputStream.readWithStrategy(KeyInputStream.java:273)
	at org.apache.hadoop.ozone.client.io.KeyInputStream.read(KeyInputStream.java:240)
	at org.apache.hadoop.ozone.client.io.OzoneInputStream.read(OzoneInputStream.java:56)
	at java.io.InputStream.read(InputStream.java:101)
	at org.apache.hadoop.ozone.client.rpc.TestOzoneRpcClientAbstract.testCommitPartAfterCompleteUpload(TestOzoneRpcClientAbstract.java:2891)
	at sun.reflect.NativeMethodAccessorImpl.invoke0(Native Method)
	at sun.reflect.NativeMethodAccessorImpl.invoke(NativeMethodAccessorImpl.java:62)
	at sun.reflect.DelegatingMethodAccessorImpl.invoke(DelegatingMethodAccessorImpl.java:43)
	at java.lang.reflect.Method.invoke(Method.java:498)
	at org.junit.platform.commons.util.ReflectionUtils.invokeMethod(ReflectionUtils.java:725)
	at org.junit.jupiter.engine.execution.MethodInvocation.proceed(MethodInvocation.java:60)
	at org.junit.jupiter.engine.execution.InvocationInterceptorChain$ValidatingInvocation.proceed(InvocationInterceptorChain.java:131)
	at org.junit.jupiter.engine.extension.TimeoutInvocation.proceed(TimeoutInvocation.java:46)
	at org.junit.jupiter.engine.extension.TimeoutExtension.intercept(TimeoutExtension.java:149)
	at org.junit.jupiter.engine.extension.TimeoutExtension.interceptTestableMethod(TimeoutExtension.java:140)
	at org.junit.jupiter.engine.extension.TimeoutExtension.interceptTestMethod(TimeoutExtension.java:84)
	at org.junit.jupiter.engine.execution.ExecutableInvoker$ReflectiveInterceptorCall.lambda$ofVoidMethod$0(ExecutableInvoker.java:115)
	at org.junit.jupiter.engine.execution.ExecutableInvoker.lambda$invoke$0(ExecutableInvoker.java:105)
	at org.junit.jupiter.engine.execution.InvocationInterceptorChain$InterceptedInvocation.proceed(InvocationInterceptorChain.java:106)
	at org.junit.jupiter.engine.execution.InvocationInterceptorChain.proceed(InvocationInterceptorChain.java:64)
	at org.junit.jupiter.engine.execution.InvocationInterceptorChain.chainAndInvoke(InvocationInterceptorChain.java:45)
	at org.junit.jupiter.engine.execution.InvocationInterceptorChain.invoke(InvocationInterceptorChain.java:37)
	at org.junit.jupiter.engine.execution.ExecutableInvoker.invoke(ExecutableInvoker.java:104)
	at org.junit.jupiter.engine.execution.ExecutableInvoker.invoke(ExecutableInvoker.java:98)
	at org.junit.jupiter.engine.descriptor.TestMethodTestDescriptor.lambda$invokeTestMethod$7(TestMethodTestDescriptor.java:214)
	at org.junit.platform.engine.support.hierarchical.ThrowableCollector.execute(ThrowableCollector.java:73)
	at org.junit.jupiter.engine.descriptor.TestMethodTestDescriptor.invokeTestMethod(TestMethodTestDescriptor.java:210)
	at org.junit.jupiter.engine.descriptor.TestMethodTestDescriptor.execute(TestMethodTestDescriptor.java:135)
	at org.junit.jupiter.engine.descriptor.TestMethodTestDescriptor.execute(TestMethodTestDescriptor.java:66)
	at org.junit.platform.engine.support.hierarchical.NodeTestTask.lambda$executeRecursively$6(NodeTestTask.java:151)
	at org.junit.platform.engine.support.hierarchical.ThrowableCollector.execute(ThrowableCollector.java:73)
	at org.junit.platform.engine.support.hierarchical.NodeTestTask.lambda$executeRecursively$8(NodeTestTask.java:141)
	at org.junit.platform.engine.support.hierarchical.Node.around(Node.java:137)
	at org.junit.platform.engine.support.hierarchical.NodeTestTask.lambda$executeRecursively$9(NodeTestTask.java:139)
	at org.junit.platform.engine.support.hierarchical.ThrowableCollector.execute(ThrowableCollector.java:73)
	at org.junit.platform.engine.support.hierarchical.NodeTestTask.executeRecursively(NodeTestTask.java:138)
	at org.junit.platform.engine.support.hierarchical.NodeTestTask.execute(NodeTestTask.java:95)
	at java.util.ArrayList.forEach(ArrayList.java:1259)
	at org.junit.platform.engine.support.hierarchical.SameThreadHierarchicalTestExecutorService.invokeAll(SameThreadHierarchicalTestExecutorService.java:41)
	at org.junit.platform.engine.support.hierarchical.NodeTestTask.lambda$executeRecursively$6(NodeTestTask.java:155)
	at org.junit.platform.engine.support.hierarchical.ThrowableCollector.execute(ThrowableCollector.java:73)
	at org.junit.platform.engine.support.hierarchical.NodeTestTask.lambda$executeRecursively$8(NodeTestTask.java:141)
	at org.junit.platform.engine.support.hierarchical.Node.around(Node.java:137)
	at org.junit.platform.engine.support.hierarchical.NodeTestTask.lambda$executeRecursively$9(NodeTestTask.java:139)
	at org.junit.platform.engine.support.hierarchical.ThrowableCollector.execute(ThrowableCollector.java:73)
	at org.junit.platform.engine.support.hierarchical.NodeTestTask.executeRecursively(NodeTestTask.java:138)
	at org.junit.platform.engine.support.hierarchical.NodeTestTask.execute(NodeTestTask.java:95)
	at java.util.ArrayList.forEach(ArrayList.java:1259)
	at org.junit.platform.engine.support.hierarchical.SameThreadHierarchicalTestExecutorService.invokeAll(SameThreadHierarchicalTestExecutorService.java:41)
	at org.junit.platform.engine.support.hierarchical.NodeTestTask.lambda$executeRecursively$6(NodeTestTask.java:155)
	at org.junit.platform.engine.support.hierarchical.ThrowableCollector.execute(ThrowableCollector.java:73)
	at org.junit.platform.engine.support.hierarchical.NodeTestTask.lambda$executeRecursively$8(NodeTestTask.java:141)
	at org.junit.platform.engine.support.hierarchical.Node.around(Node.java:137)
	at org.junit.platform.engine.support.hierarchical.NodeTestTask.lambda$executeRecursively$9(NodeTestTask.java:139)
	at org.junit.platform.engine.support.hierarchical.ThrowableCollector.execute(ThrowableCollector.java:73)
	at org.junit.platform.engine.support.hierarchical.NodeTestTask.executeRecursively(NodeTestTask.java:138)
	at org.junit.platform.engine.support.hierarchical.NodeTestTask.execute(NodeTestTask.java:95)
	at org.junit.platform.engine.support.hierarchical.SameThreadHierarchicalTestExecutorService.submit(SameThreadHierarchicalTestExecutorService.java:35)
	at org.junit.platform.engine.support.hierarchical.HierarchicalTestExecutor.execute(HierarchicalTestExecutor.java:57)
	at org.junit.platform.engine.support.hierarchical.HierarchicalTestEngine.execute(HierarchicalTestEngine.java:54)
	at org.junit.platform.launcher.core.EngineExecutionOrchestrator.execute(EngineExecutionOrchestrator.java:107)
	at org.junit.platform.launcher.core.EngineExecutionOrchestrator.execute(EngineExecutionOrchestrator.java:88)
	at org.junit.platform.launcher.core.EngineExecutionOrchestrator.lambda$execute$0(EngineExecutionOrchestrator.java:54)
	at org.junit.platform.launcher.core.EngineExecutionOrchestrator.withInterceptedStreams(EngineExecutionOrchestrator.java:67)
	at org.junit.platform.launcher.core.EngineExecutionOrchestrator.execute(EngineExecutionOrchestrator.java:52)
	at org.junit.platform.launcher.core.DefaultLauncher.execute(DefaultLauncher.java:114)
	at org.junit.platform.launcher.core.DefaultLauncher.execute(DefaultLauncher.java:86)
	at org.junit.platform.launcher.core.DefaultLauncherSession$DelegatingLauncher.execute(DefaultLauncherSession.java:86)
	at org.junit.platform.launcher.core.SessionPerRequestLauncher.execute(SessionPerRequestLauncher.java:53)
	at org.apache.maven.surefire.junitplatform.JUnitPlatformProvider.execute(JUnitPlatformProvider.java:188)
	at org.apache.maven.surefire.junitplatform.JUnitPlatformProvider.invokeAllTests(JUnitPlatformProvider.java:154)
	at org.apache.maven.surefire.junitplatform.JUnitPlatformProvider.invoke(JUnitPlatformProvider.java:124)
	at org.apache.maven.surefire.booter.ForkedBooter.runSuitesInProcess(ForkedBooter.java:428)
	at org.apache.maven.surefire.booter.ForkedBooter.execute(ForkedBooter.java:162)
	at org.apache.maven.surefire.booter.ForkedBooter.run(ForkedBooter.java:562)
	at org.apache.maven.surefire.booter.ForkedBooter.main(ForkedBooter.java:548)

]]></system-err>
  </testcase>
  <testcase name="testReadKeyWithCorruptedData" classname="org.apache.hadoop.ozone.client.rpc.TestOzoneRpcClient" time="0.106">
    <system-out><![CDATA[2022-06-24 01:39:46,569 [Listener at 127.0.0.1/44735] INFO  rpc.RpcClient (RpcClient.java:createVolume(466)) - Creating Volume: 09b19665-bc99-4ea8-be22-e63151924bc1, with runner as owner and space quota set to -1 bytes, counts quota set to -1
2022-06-24 01:39:46,575 [OM StateMachine ApplyTransaction Thread - 0] INFO  volume.OMVolumeCreateRequest (OMVolumeCreateRequest.java:validateAndUpdateCache(195)) - created volume:09b19665-bc99-4ea8-be22-e63151924bc1 for user:runner
2022-06-24 01:39:46,577 [Listener at 127.0.0.1/44735] INFO  rpc.RpcClient (RpcClient.java:createBucket(666)) - Creating Bucket: 09b19665-bc99-4ea8-be22-e63151924bc1/640210cb-cf09-48ab-939c-5a1a6dbb2455, with the Bucket Layout null, runner as owner, Versioning false, Storage Type set to DISK and Encryption set to false 
2022-06-24 01:39:46,579 [OM StateMachine ApplyTransaction Thread - 0] INFO  bucket.OMBucketCreateRequest (OMBucketCreateRequest.java:validateAndUpdateCache(260)) - created bucket: 640210cb-cf09-48ab-939c-5a1a6dbb2455 of layout LEGACY in volume: 09b19665-bc99-4ea8-be22-e63151924bc1
2022-06-24 01:39:46,660 [Listener at 127.0.0.1/44735] ERROR scm.XceiverClientGrpc (XceiverClientGrpc.java:sendCommandWithRetry(429)) - Failed to execute command cmdType: ReadChunk
traceID: ""
containerID: 4
datanodeUuid: "8f0fd873-ddec-4296-98a7-545b4d6b4e22"
readChunk {
  blockID {
    containerID: 4
    localID: 109611004723200348
    blockCommitSequenceId: 192
  }
  chunkData {
    chunkName: "109611004723200348_chunk_1"
    offset: 0
    len: 12
    checksumData {
      type: CRC32
      bytesPerChecksum: 1048576
      checksums: "\357\322\354/"
    }
  }
  readChunkVersion: V1
}
 on the pipeline Pipeline[ Id: abdc600a-0dd1-4b39-bf07-6d6e4b78b35b, Nodes: 8f0fd873-ddec-4296-98a7-545b4d6b4e22{ip: 10.1.0.17, host: fv-az66-546.vwcdieab4koerntclszyavmfxa.dx.internal.cloudapp.net, ports: [REPLICATION=39983, RATIS=44021, RATIS_ADMIN=44021, RATIS_SERVER=44021, STANDALONE=33989], networkLocation: /default-rack, certSerialId: null, persistedOpState: IN_SERVICE, persistedOpStateExpiryEpochSec: 0}, ReplicationConfig: STANDALONE/ONE, State:OPEN, leaderId:8f0fd873-ddec-4296-98a7-545b4d6b4e22, CreationTimestamp2022-06-24T01:39:02.331Z[Etc/UTC]].
2022-06-24 01:39:46,668 [Listener at 127.0.0.1/44735] ERROR scm.XceiverClientGrpc (XceiverClientGrpc.java:sendCommandWithRetry(429)) - Failed to execute command cmdType: ReadChunk
traceID: ""
containerID: 4
datanodeUuid: "8f0fd873-ddec-4296-98a7-545b4d6b4e22"
readChunk {
  blockID {
    containerID: 4
    localID: 109611004723200348
    blockCommitSequenceId: 192
  }
  chunkData {
    chunkName: "109611004723200348_chunk_1"
    offset: 0
    len: 12
    checksumData {
      type: CRC32
      bytesPerChecksum: 1048576
      checksums: "\357\322\354/"
    }
  }
  readChunkVersion: V1
}
 on the pipeline Pipeline[ Id: abdc600a-0dd1-4b39-bf07-6d6e4b78b35b, Nodes: 8f0fd873-ddec-4296-98a7-545b4d6b4e22{ip: 10.1.0.17, host: fv-az66-546.vwcdieab4koerntclszyavmfxa.dx.internal.cloudapp.net, ports: [REPLICATION=39983, RATIS=44021, RATIS_ADMIN=44021, RATIS_SERVER=44021, STANDALONE=33989], networkLocation: /default-rack, certSerialId: null, persistedOpState: IN_SERVICE, persistedOpStateExpiryEpochSec: 0}, ReplicationConfig: STANDALONE/ONE, State:OPEN, leaderId:8f0fd873-ddec-4296-98a7-545b4d6b4e22, CreationTimestamp2022-06-24T01:39:02.331Z[Etc/UTC]].
2022-06-24 01:39:46,670 [Listener at 127.0.0.1/44735] ERROR scm.XceiverClientGrpc (XceiverClientGrpc.java:sendCommandWithRetry(429)) - Failed to execute command cmdType: ReadChunk
traceID: ""
containerID: 4
datanodeUuid: "8f0fd873-ddec-4296-98a7-545b4d6b4e22"
readChunk {
  blockID {
    containerID: 4
    localID: 109611004723200348
    blockCommitSequenceId: 192
  }
  chunkData {
    chunkName: "109611004723200348_chunk_1"
    offset: 0
    len: 12
    checksumData {
      type: CRC32
      bytesPerChecksum: 1048576
      checksums: "\357\322\354/"
    }
  }
  readChunkVersion: V1
}
 on the pipeline Pipeline[ Id: abdc600a-0dd1-4b39-bf07-6d6e4b78b35b, Nodes: 8f0fd873-ddec-4296-98a7-545b4d6b4e22{ip: 10.1.0.17, host: fv-az66-546.vwcdieab4koerntclszyavmfxa.dx.internal.cloudapp.net, ports: [REPLICATION=39983, RATIS=44021, RATIS_ADMIN=44021, RATIS_SERVER=44021, STANDALONE=33989], networkLocation: /default-rack, certSerialId: null, persistedOpState: IN_SERVICE, persistedOpStateExpiryEpochSec: 0}, ReplicationConfig: STANDALONE/ONE, State:OPEN, leaderId:8f0fd873-ddec-4296-98a7-545b4d6b4e22, CreationTimestamp2022-06-24T01:39:02.331Z[Etc/UTC]].
]]></system-out>
  </testcase>
  <testcase name="testReadKeyWithCorruptedDataWithMutiNodes" classname="org.apache.hadoop.ozone.client.rpc.TestOzoneRpcClient" time="0.176">
    <system-out><![CDATA[2022-06-24 01:39:46,677 [Listener at 127.0.0.1/44735] INFO  rpc.RpcClient (RpcClient.java:createVolume(466)) - Creating Volume: bd322d58-c188-436d-b15d-8e820f7c51db, with runner as owner and space quota set to -1 bytes, counts quota set to -1
2022-06-24 01:39:46,680 [OM StateMachine ApplyTransaction Thread - 0] INFO  volume.OMVolumeCreateRequest (OMVolumeCreateRequest.java:validateAndUpdateCache(195)) - created volume:bd322d58-c188-436d-b15d-8e820f7c51db for user:runner
2022-06-24 01:39:46,684 [Listener at 127.0.0.1/44735] INFO  rpc.RpcClient (RpcClient.java:createBucket(666)) - Creating Bucket: bd322d58-c188-436d-b15d-8e820f7c51db/989fd2dc-bf33-40f5-bbd9-cfced448ef58, with the Bucket Layout null, runner as owner, Versioning false, Storage Type set to DISK and Encryption set to false 
2022-06-24 01:39:46,686 [OM StateMachine ApplyTransaction Thread - 0] INFO  bucket.OMBucketCreateRequest (OMBucketCreateRequest.java:validateAndUpdateCache(260)) - created bucket: 989fd2dc-bf33-40f5-bbd9-cfced448ef58 of layout LEGACY in volume: bd322d58-c188-436d-b15d-8e820f7c51db
2022-06-24 01:39:46,835 [Listener at 127.0.0.1/44735] ERROR scm.XceiverClientGrpc (XceiverClientGrpc.java:sendCommandWithRetry(429)) - Failed to execute command cmdType: ReadChunk
traceID: ""
containerID: 6
datanodeUuid: "c538bd0d-a22c-47f3-9c5c-aa06a1234548"
readChunk {
  blockID {
    containerID: 6
    localID: 109611004723200349
    blockCommitSequenceId: 680
  }
  chunkData {
    chunkName: "109611004723200349_chunk_1"
    offset: 0
    len: 12
    checksumData {
      type: CRC32
      bytesPerChecksum: 1048576
      checksums: "\357\322\354/"
    }
  }
  readChunkVersion: V1
}
 on the pipeline Pipeline[ Id: 78300cc8-5089-4f0b-8b26-e8b1e51486e2, Nodes: c538bd0d-a22c-47f3-9c5c-aa06a1234548{ip: 10.1.0.17, host: fv-az66-546.vwcdieab4koerntclszyavmfxa.dx.internal.cloudapp.net, ports: [REPLICATION=37121, RATIS=40341, RATIS_ADMIN=40341, RATIS_SERVER=40341, STANDALONE=34721], networkLocation: /default-rack, certSerialId: null, persistedOpState: IN_SERVICE, persistedOpStateExpiryEpochSec: 0}10656556-265e-4307-9f78-5b96f7074e5c{ip: 10.1.0.17, host: fv-az66-546.vwcdieab4koerntclszyavmfxa.dx.internal.cloudapp.net, ports: [REPLICATION=32887, RATIS=34937, RATIS_ADMIN=34937, RATIS_SERVER=34937, STANDALONE=45331], networkLocation: /default-rack, certSerialId: null, persistedOpState: IN_SERVICE, persistedOpStateExpiryEpochSec: 0}9ae5d421-0cc7-487c-9408-d74f6a32f32f{ip: 10.1.0.17, host: fv-az66-546.vwcdieab4koerntclszyavmfxa.dx.internal.cloudapp.net, ports: [REPLICATION=42287, RATIS=45445, RATIS_ADMIN=45445, RATIS_SERVER=45445, STANDALONE=38423], networkLocation: /default-rack, certSerialId: null, persistedOpState: IN_SERVICE, persistedOpStateExpiryEpochSec: 0}, ReplicationConfig: STANDALONE/THREE, State:OPEN, leaderId:9ae5d421-0cc7-487c-9408-d74f6a32f32f, CreationTimestamp2022-06-24T01:39:01.965Z[Etc/UTC]].
2022-06-24 01:39:46,842 [Listener at 127.0.0.1/44735] ERROR scm.XceiverClientGrpc (XceiverClientGrpc.java:sendCommandWithRetry(429)) - Failed to execute command cmdType: ReadChunk
traceID: ""
containerID: 6
datanodeUuid: "c538bd0d-a22c-47f3-9c5c-aa06a1234548"
readChunk {
  blockID {
    containerID: 6
    localID: 109611004723200349
    blockCommitSequenceId: 680
  }
  chunkData {
    chunkName: "109611004723200349_chunk_1"
    offset: 0
    len: 12
    checksumData {
      type: CRC32
      bytesPerChecksum: 1048576
      checksums: "\357\322\354/"
    }
  }
  readChunkVersion: V1
}
 on the pipeline Pipeline[ Id: 78300cc8-5089-4f0b-8b26-e8b1e51486e2, Nodes: c538bd0d-a22c-47f3-9c5c-aa06a1234548{ip: 10.1.0.17, host: fv-az66-546.vwcdieab4koerntclszyavmfxa.dx.internal.cloudapp.net, ports: [REPLICATION=37121, RATIS=40341, RATIS_ADMIN=40341, RATIS_SERVER=40341, STANDALONE=34721], networkLocation: /default-rack, certSerialId: null, persistedOpState: IN_SERVICE, persistedOpStateExpiryEpochSec: 0}10656556-265e-4307-9f78-5b96f7074e5c{ip: 10.1.0.17, host: fv-az66-546.vwcdieab4koerntclszyavmfxa.dx.internal.cloudapp.net, ports: [REPLICATION=32887, RATIS=34937, RATIS_ADMIN=34937, RATIS_SERVER=34937, STANDALONE=45331], networkLocation: /default-rack, certSerialId: null, persistedOpState: IN_SERVICE, persistedOpStateExpiryEpochSec: 0}9ae5d421-0cc7-487c-9408-d74f6a32f32f{ip: 10.1.0.17, host: fv-az66-546.vwcdieab4koerntclszyavmfxa.dx.internal.cloudapp.net, ports: [REPLICATION=42287, RATIS=45445, RATIS_ADMIN=45445, RATIS_SERVER=45445, STANDALONE=38423], networkLocation: /default-rack, certSerialId: null, persistedOpState: IN_SERVICE, persistedOpStateExpiryEpochSec: 0}, ReplicationConfig: STANDALONE/THREE, State:OPEN, leaderId:9ae5d421-0cc7-487c-9408-d74f6a32f32f, CreationTimestamp2022-06-24T01:39:01.965Z[Etc/UTC]].
2022-06-24 01:39:46,851 [Listener at 127.0.0.1/44735] ERROR scm.XceiverClientGrpc (XceiverClientGrpc.java:sendCommandWithRetry(429)) - Failed to execute command cmdType: ReadChunk
traceID: ""
containerID: 6
datanodeUuid: "c538bd0d-a22c-47f3-9c5c-aa06a1234548"
readChunk {
  blockID {
    containerID: 6
    localID: 109611004723200349
    blockCommitSequenceId: 680
  }
  chunkData {
    chunkName: "109611004723200349_chunk_1"
    offset: 0
    len: 12
    checksumData {
      type: CRC32
      bytesPerChecksum: 1048576
      checksums: "\357\322\354/"
    }
  }
  readChunkVersion: V1
}
 on the pipeline Pipeline[ Id: 78300cc8-5089-4f0b-8b26-e8b1e51486e2, Nodes: c538bd0d-a22c-47f3-9c5c-aa06a1234548{ip: 10.1.0.17, host: fv-az66-546.vwcdieab4koerntclszyavmfxa.dx.internal.cloudapp.net, ports: [REPLICATION=37121, RATIS=40341, RATIS_ADMIN=40341, RATIS_SERVER=40341, STANDALONE=34721], networkLocation: /default-rack, certSerialId: null, persistedOpState: IN_SERVICE, persistedOpStateExpiryEpochSec: 0}10656556-265e-4307-9f78-5b96f7074e5c{ip: 10.1.0.17, host: fv-az66-546.vwcdieab4koerntclszyavmfxa.dx.internal.cloudapp.net, ports: [REPLICATION=32887, RATIS=34937, RATIS_ADMIN=34937, RATIS_SERVER=34937, STANDALONE=45331], networkLocation: /default-rack, certSerialId: null, persistedOpState: IN_SERVICE, persistedOpStateExpiryEpochSec: 0}9ae5d421-0cc7-487c-9408-d74f6a32f32f{ip: 10.1.0.17, host: fv-az66-546.vwcdieab4koerntclszyavmfxa.dx.internal.cloudapp.net, ports: [REPLICATION=42287, RATIS=45445, RATIS_ADMIN=45445, RATIS_SERVER=45445, STANDALONE=38423], networkLocation: /default-rack, certSerialId: null, persistedOpState: IN_SERVICE, persistedOpStateExpiryEpochSec: 0}, ReplicationConfig: STANDALONE/THREE, State:OPEN, leaderId:9ae5d421-0cc7-487c-9408-d74f6a32f32f, CreationTimestamp2022-06-24T01:39:01.965Z[Etc/UTC]].
]]></system-out>
  </testcase>
  <testcase name="testReadKeyWithVerifyChecksumFlagDisable" classname="org.apache.hadoop.ozone.client.rpc.TestOzoneRpcClient" time="0.05">
    <system-out><![CDATA[2022-06-24 01:39:46,853 [Listener at 127.0.0.1/44735] INFO  rpc.RpcClient (RpcClient.java:createVolume(466)) - Creating Volume: 2511f9ff-f555-4432-ac8f-18b6691c2d7b, with runner as owner and space quota set to -1 bytes, counts quota set to -1
2022-06-24 01:39:46,855 [OM StateMachine ApplyTransaction Thread - 0] INFO  volume.OMVolumeCreateRequest (OMVolumeCreateRequest.java:validateAndUpdateCache(195)) - created volume:2511f9ff-f555-4432-ac8f-18b6691c2d7b for user:runner
2022-06-24 01:39:46,859 [Listener at 127.0.0.1/44735] INFO  rpc.RpcClient (RpcClient.java:createBucket(666)) - Creating Bucket: 2511f9ff-f555-4432-ac8f-18b6691c2d7b/e0491fde-ebdd-43be-87f9-2fe22793e8da, with the Bucket Layout null, runner as owner, Versioning false, Storage Type set to DISK and Encryption set to false 
2022-06-24 01:39:46,860 [OM StateMachine ApplyTransaction Thread - 0] INFO  bucket.OMBucketCreateRequest (OMBucketCreateRequest.java:validateAndUpdateCache(260)) - created bucket: e0491fde-ebdd-43be-87f9-2fe22793e8da of layout LEGACY in volume: 2511f9ff-f555-4432-ac8f-18b6691c2d7b
]]></system-out>
  </testcase>
  <testcase name="testReadKeyWithVerifyChecksumFlagEnable" classname="org.apache.hadoop.ozone.client.rpc.TestOzoneRpcClient" time="0.065">
    <system-out><![CDATA[2022-06-24 01:39:46,903 [Listener at 127.0.0.1/44735] INFO  rpc.RpcClient (RpcClient.java:createVolume(466)) - Creating Volume: 7dccec63-da79-46db-99f7-75e4d9811e72, with runner as owner and space quota set to -1 bytes, counts quota set to -1
2022-06-24 01:39:46,905 [OM StateMachine ApplyTransaction Thread - 0] INFO  volume.OMVolumeCreateRequest (OMVolumeCreateRequest.java:validateAndUpdateCache(195)) - created volume:7dccec63-da79-46db-99f7-75e4d9811e72 for user:runner
2022-06-24 01:39:46,907 [Listener at 127.0.0.1/44735] INFO  rpc.RpcClient (RpcClient.java:createBucket(666)) - Creating Bucket: 7dccec63-da79-46db-99f7-75e4d9811e72/7616a1c0-58eb-4749-b49b-bc0670c8c190, with the Bucket Layout null, runner as owner, Versioning false, Storage Type set to DISK and Encryption set to false 
2022-06-24 01:39:46,908 [OM StateMachine ApplyTransaction Thread - 0] INFO  bucket.OMBucketCreateRequest (OMBucketCreateRequest.java:validateAndUpdateCache(260)) - created bucket: 7616a1c0-58eb-4749-b49b-bc0670c8c190 of layout LEGACY in volume: 7dccec63-da79-46db-99f7-75e4d9811e72
2022-06-24 01:39:46,962 [Listener at 127.0.0.1/44735] ERROR scm.XceiverClientGrpc (XceiverClientGrpc.java:sendCommandWithRetry(429)) - Failed to execute command cmdType: ReadChunk
traceID: ""
containerID: 4
datanodeUuid: "8f0fd873-ddec-4296-98a7-545b4d6b4e22"
readChunk {
  blockID {
    containerID: 4
    localID: 109611004723200351
    blockCommitSequenceId: 196
  }
  chunkData {
    chunkName: "109611004723200351_chunk_1"
    offset: 0
    len: 12
    checksumData {
      type: CRC32
      bytesPerChecksum: 1048576
      checksums: "\357\322\354/"
    }
  }
  readChunkVersion: V1
}
 on the pipeline Pipeline[ Id: abdc600a-0dd1-4b39-bf07-6d6e4b78b35b, Nodes: 8f0fd873-ddec-4296-98a7-545b4d6b4e22{ip: 10.1.0.17, host: fv-az66-546.vwcdieab4koerntclszyavmfxa.dx.internal.cloudapp.net, ports: [REPLICATION=39983, RATIS=44021, RATIS_ADMIN=44021, RATIS_SERVER=44021, STANDALONE=33989], networkLocation: /default-rack, certSerialId: null, persistedOpState: IN_SERVICE, persistedOpStateExpiryEpochSec: 0}, ReplicationConfig: STANDALONE/ONE, State:OPEN, leaderId:8f0fd873-ddec-4296-98a7-545b4d6b4e22, CreationTimestamp2022-06-24T01:39:02.331Z[Etc/UTC]].
2022-06-24 01:39:46,964 [Listener at 127.0.0.1/44735] ERROR scm.XceiverClientGrpc (XceiverClientGrpc.java:sendCommandWithRetry(429)) - Failed to execute command cmdType: ReadChunk
traceID: ""
containerID: 4
datanodeUuid: "8f0fd873-ddec-4296-98a7-545b4d6b4e22"
readChunk {
  blockID {
    containerID: 4
    localID: 109611004723200351
    blockCommitSequenceId: 196
  }
  chunkData {
    chunkName: "109611004723200351_chunk_1"
    offset: 0
    len: 12
    checksumData {
      type: CRC32
      bytesPerChecksum: 1048576
      checksums: "\357\322\354/"
    }
  }
  readChunkVersion: V1
}
 on the pipeline Pipeline[ Id: abdc600a-0dd1-4b39-bf07-6d6e4b78b35b, Nodes: 8f0fd873-ddec-4296-98a7-545b4d6b4e22{ip: 10.1.0.17, host: fv-az66-546.vwcdieab4koerntclszyavmfxa.dx.internal.cloudapp.net, ports: [REPLICATION=39983, RATIS=44021, RATIS_ADMIN=44021, RATIS_SERVER=44021, STANDALONE=33989], networkLocation: /default-rack, certSerialId: null, persistedOpState: IN_SERVICE, persistedOpStateExpiryEpochSec: 0}, ReplicationConfig: STANDALONE/ONE, State:OPEN, leaderId:8f0fd873-ddec-4296-98a7-545b4d6b4e22, CreationTimestamp2022-06-24T01:39:02.331Z[Etc/UTC]].
2022-06-24 01:39:46,966 [Listener at 127.0.0.1/44735] ERROR scm.XceiverClientGrpc (XceiverClientGrpc.java:sendCommandWithRetry(429)) - Failed to execute command cmdType: ReadChunk
traceID: ""
containerID: 4
datanodeUuid: "8f0fd873-ddec-4296-98a7-545b4d6b4e22"
readChunk {
  blockID {
    containerID: 4
    localID: 109611004723200351
    blockCommitSequenceId: 196
  }
  chunkData {
    chunkName: "109611004723200351_chunk_1"
    offset: 0
    len: 12
    checksumData {
      type: CRC32
      bytesPerChecksum: 1048576
      checksums: "\357\322\354/"
    }
  }
  readChunkVersion: V1
}
 on the pipeline Pipeline[ Id: abdc600a-0dd1-4b39-bf07-6d6e4b78b35b, Nodes: 8f0fd873-ddec-4296-98a7-545b4d6b4e22{ip: 10.1.0.17, host: fv-az66-546.vwcdieab4koerntclszyavmfxa.dx.internal.cloudapp.net, ports: [REPLICATION=39983, RATIS=44021, RATIS_ADMIN=44021, RATIS_SERVER=44021, STANDALONE=33989], networkLocation: /default-rack, certSerialId: null, persistedOpState: IN_SERVICE, persistedOpStateExpiryEpochSec: 0}, ReplicationConfig: STANDALONE/ONE, State:OPEN, leaderId:8f0fd873-ddec-4296-98a7-545b4d6b4e22, CreationTimestamp2022-06-24T01:39:02.331Z[Etc/UTC]].
]]></system-out>
  </testcase>
  <testcase name="testRemoveBucketAcl" classname="org.apache.hadoop.ozone.client.rpc.TestOzoneRpcClient" time="0.014">
    <system-out><![CDATA[2022-06-24 01:39:46,969 [Listener at 127.0.0.1/44735] INFO  rpc.RpcClient (RpcClient.java:createVolume(466)) - Creating Volume: f289110f-9746-49c3-82af-69dc7c907173, with runner as owner and space quota set to -1 bytes, counts quota set to -1
2022-06-24 01:39:46,971 [OM StateMachine ApplyTransaction Thread - 0] INFO  volume.OMVolumeCreateRequest (OMVolumeCreateRequest.java:validateAndUpdateCache(195)) - created volume:f289110f-9746-49c3-82af-69dc7c907173 for user:runner
2022-06-24 01:39:46,975 [Listener at 127.0.0.1/44735] INFO  rpc.RpcClient (RpcClient.java:createBucket(666)) - Creating Bucket: f289110f-9746-49c3-82af-69dc7c907173/b3deac04-de38-49c4-ba85-695e21ae11c9, with the Bucket Layout null, runner as owner, Versioning false, Storage Type set to DISK and Encryption set to false 
2022-06-24 01:39:46,976 [OM StateMachine ApplyTransaction Thread - 0] INFO  bucket.OMBucketCreateRequest (OMBucketCreateRequest.java:validateAndUpdateCache(260)) - created bucket: b3deac04-de38-49c4-ba85-695e21ae11c9 of layout LEGACY in volume: f289110f-9746-49c3-82af-69dc7c907173
]]></system-out>
  </testcase>
  <testcase name="testRemoveBucketAclUsingRpcClientRemoveAcl" classname="org.apache.hadoop.ozone.client.rpc.TestOzoneRpcClient" time="0.013">
    <system-out><![CDATA[2022-06-24 01:39:46,983 [Listener at 127.0.0.1/44735] INFO  rpc.RpcClient (RpcClient.java:createVolume(466)) - Creating Volume: d8283194-9d21-4f16-9d3f-701ac5b3bc35, with runner as owner and space quota set to -1 bytes, counts quota set to -1
2022-06-24 01:39:46,985 [OM StateMachine ApplyTransaction Thread - 0] INFO  volume.OMVolumeCreateRequest (OMVolumeCreateRequest.java:validateAndUpdateCache(195)) - created volume:d8283194-9d21-4f16-9d3f-701ac5b3bc35 for user:runner
2022-06-24 01:39:46,986 [Listener at 127.0.0.1/44735] INFO  rpc.RpcClient (RpcClient.java:createBucket(666)) - Creating Bucket: d8283194-9d21-4f16-9d3f-701ac5b3bc35/116564e7-6574-4dbd-bcf0-8740d3d367f3, with the Bucket Layout null, runner as owner, Versioning false, Storage Type set to DISK and Encryption set to false 
2022-06-24 01:39:46,988 [OM StateMachine ApplyTransaction Thread - 0] INFO  bucket.OMBucketCreateRequest (OMBucketCreateRequest.java:validateAndUpdateCache(260)) - created bucket: 116564e7-6574-4dbd-bcf0-8740d3d367f3 of layout LEGACY in volume: d8283194-9d21-4f16-9d3f-701ac5b3bc35
]]></system-out>
  </testcase>
  <testcase name="testRenameKey" classname="org.apache.hadoop.ozone.client.rpc.TestOzoneRpcClient" time="0.044">
    <system-out><![CDATA[2022-06-24 01:39:46,996 [Listener at 127.0.0.1/44735] INFO  rpc.RpcClient (RpcClient.java:createVolume(466)) - Creating Volume: 6b223c1c-bdb9-490d-9c2b-43e744a74333, with runner as owner and space quota set to -1 bytes, counts quota set to -1
2022-06-24 01:39:46,998 [OM StateMachine ApplyTransaction Thread - 0] INFO  volume.OMVolumeCreateRequest (OMVolumeCreateRequest.java:validateAndUpdateCache(195)) - created volume:6b223c1c-bdb9-490d-9c2b-43e744a74333 for user:runner
2022-06-24 01:39:47,000 [Listener at 127.0.0.1/44735] INFO  rpc.RpcClient (RpcClient.java:createBucket(666)) - Creating Bucket: 6b223c1c-bdb9-490d-9c2b-43e744a74333/cb4f5fed-8c27-49c1-b571-507388500a64, with the Bucket Layout null, runner as owner, Versioning false, Storage Type set to DISK and Encryption set to false 
2022-06-24 01:39:47,001 [OM StateMachine ApplyTransaction Thread - 0] INFO  bucket.OMBucketCreateRequest (OMBucketCreateRequest.java:validateAndUpdateCache(260)) - created bucket: cb4f5fed-8c27-49c1-b571-507388500a64 of layout LEGACY in volume: 6b223c1c-bdb9-490d-9c2b-43e744a74333
01:39:47.026 [OM StateMachine ApplyTransaction Thread - 0] ERROR OMAudit - user=runner | ip=127.0.0.1 | op=RENAME_KEY {volume=6b223c1c-bdb9-490d-9c2b-43e744a74333, bucket=cb4f5fed-8c27-49c1-b571-507388500a64, dataSize=0, replicationType=NONE, replicationFactor=ZERO, srcKey=9123563c-1642-4309-bc9e-a5c858062a4e, dstKey=} | ret=FAILURE
org.apache.hadoop.ozone.om.exceptions.OMException: Key name is empty
	at org.apache.hadoop.ozone.om.request.key.OMKeyRenameRequest.validateAndUpdateCache(OMKeyRenameRequest.java:149) ~[ozone-manager-1.3.0-SNAPSHOT.jar:?]
	at org.apache.hadoop.ozone.protocolPB.OzoneManagerRequestHandler.handleWriteRequest(OzoneManagerRequestHandler.java:293) ~[ozone-manager-1.3.0-SNAPSHOT.jar:?]
	at org.apache.hadoop.ozone.om.ratis.OzoneManagerStateMachine.runCommand(OzoneManagerStateMachine.java:529) ~[ozone-manager-1.3.0-SNAPSHOT.jar:?]
	at org.apache.hadoop.ozone.om.ratis.OzoneManagerStateMachine.lambda$1(OzoneManagerStateMachine.java:324) ~[ozone-manager-1.3.0-SNAPSHOT.jar:?]
	at java.util.concurrent.CompletableFuture$AsyncSupply.run(CompletableFuture.java:1604) [?:1.8.0_332]
	at java.util.concurrent.ThreadPoolExecutor.runWorker(ThreadPoolExecutor.java:1149) [?:1.8.0_332]
	at java.util.concurrent.ThreadPoolExecutor$Worker.run(ThreadPoolExecutor.java:624) [?:1.8.0_332]
	at java.lang.Thread.run(Thread.java:750) [?:1.8.0_332]
2022-06-24 01:39:47,026 [OM StateMachine ApplyTransaction Thread - 0] ERROR key.OMKeyRenameRequest (OMKeyRenameRequest.java:validateAndUpdateCache(239)) - Rename key failed for volume:6b223c1c-bdb9-490d-9c2b-43e744a74333 bucket:cb4f5fed-8c27-49c1-b571-507388500a64 fromKey:9123563c-1642-4309-bc9e-a5c858062a4e toKey:. Key: 9123563c-1642-4309-bc9e-a5c858062a4e not found.
01:39:47.035 [IPC Server handler 14 on default port 44735] ERROR OMAudit - user=runner | ip=127.0.0.1 | op=READ_KEY {volume=6b223c1c-bdb9-490d-9c2b-43e744a74333, bucket=cb4f5fed-8c27-49c1-b571-507388500a64, key=9123563c-1642-4309-bc9e-a5c858062a4e, dataSize=0, replicationConfig=null} | ret=FAILURE
org.apache.hadoop.ozone.om.exceptions.OMException: Key:9123563c-1642-4309-bc9e-a5c858062a4e not found
	at org.apache.hadoop.ozone.om.KeyManagerImpl.lookupKey(KeyManagerImpl.java:399) ~[ozone-manager-1.3.0-SNAPSHOT.jar:?]
	at org.apache.hadoop.ozone.om.OzoneManager.lookupKey(OzoneManager.java:2817) ~[ozone-manager-1.3.0-SNAPSHOT.jar:?]
	at org.apache.hadoop.ozone.protocolPB.OzoneManagerRequestHandler.lookupKey(OzoneManagerRequestHandler.java:484) ~[ozone-manager-1.3.0-SNAPSHOT.jar:?]
	at org.apache.hadoop.ozone.protocolPB.OzoneManagerRequestHandler.handleReadRequest(OzoneManagerRequestHandler.java:182) ~[ozone-manager-1.3.0-SNAPSHOT.jar:?]
	at org.apache.hadoop.ozone.protocolPB.OzoneManagerProtocolServerSideTranslatorPB.submitReadRequestToOM(OzoneManagerProtocolServerSideTranslatorPB.java:226) ~[ozone-manager-1.3.0-SNAPSHOT.jar:?]
	at org.apache.hadoop.ozone.protocolPB.OzoneManagerProtocolServerSideTranslatorPB.processRequest(OzoneManagerProtocolServerSideTranslatorPB.java:175) ~[ozone-manager-1.3.0-SNAPSHOT.jar:?]
	at org.apache.hadoop.hdds.server.OzoneProtocolMessageDispatcher.processRequest(OzoneProtocolMessageDispatcher.java:87) [hdds-server-framework-1.3.0-SNAPSHOT.jar:?]
	at org.apache.hadoop.ozone.protocolPB.OzoneManagerProtocolServerSideTranslatorPB.submitRequest(OzoneManagerProtocolServerSideTranslatorPB.java:147) [ozone-manager-1.3.0-SNAPSHOT.jar:?]
	at org.apache.hadoop.ozone.protocol.proto.OzoneManagerProtocolProtos$OzoneManagerService$2.callBlockingMethod(OzoneManagerProtocolProtos.java) [ozone-interface-client-1.3.0-SNAPSHOT.jar:?]
	at org.apache.hadoop.ipc.ProtobufRpcEngine$Server.processCall(ProtobufRpcEngine.java:466) [hadoop-common-3.3.1.jar:?]
	at org.apache.hadoop.ipc.ProtobufRpcEngine2$Server$ProtoBufRpcInvoker.call(ProtobufRpcEngine2.java:574) [hadoop-common-3.3.1.jar:?]
	at org.apache.hadoop.ipc.ProtobufRpcEngine2$Server$ProtoBufRpcInvoker.call(ProtobufRpcEngine2.java:552) [hadoop-common-3.3.1.jar:?]
	at org.apache.hadoop.ipc.RPC$Server.call(RPC.java:1093) [hadoop-common-3.3.1.jar:?]
	at org.apache.hadoop.ipc.Server$RpcCall.run(Server.java:1035) [hadoop-common-3.3.1.jar:?]
	at org.apache.hadoop.ipc.Server$RpcCall.run(Server.java:963) [hadoop-common-3.3.1.jar:?]
	at java.security.AccessController.doPrivileged(Native Method) ~[?:1.8.0_332]
	at javax.security.auth.Subject.doAs(Subject.java:422) [?:1.8.0_332]
	at org.apache.hadoop.security.UserGroupInformation.doAs(UserGroupInformation.java:1878) [hadoop-common-3.3.1.jar:?]
	at org.apache.hadoop.ipc.Server$Handler.run(Server.java:2966) [hadoop-common-3.3.1.jar:?]
]]></system-out>
  </testcase>
  <testcase name="testSetAndClrQuota" classname="org.apache.hadoop.ozone.client.rpc.TestOzoneRpcClient" time="0.095">
    <system-out><![CDATA[2022-06-24 01:39:47,041 [Listener at 127.0.0.1/44735] INFO  rpc.RpcClient (RpcClient.java:createVolume(466)) - Creating Volume: a44f9e2d-44e1-4890-83ab-3cbd972a3370, with runner as owner and space quota set to -1 bytes, counts quota set to -1
2022-06-24 01:39:47,045 [OM StateMachine ApplyTransaction Thread - 0] INFO  volume.OMVolumeCreateRequest (OMVolumeCreateRequest.java:validateAndUpdateCache(195)) - created volume:a44f9e2d-44e1-4890-83ab-3cbd972a3370 for user:runner
2022-06-24 01:39:47,051 [Listener at 127.0.0.1/44735] INFO  rpc.RpcClient (RpcClient.java:createBucket(666)) - Creating Bucket: a44f9e2d-44e1-4890-83ab-3cbd972a3370/ce6ba19c-26f4-4a68-a1f8-c64d578464a9, with the Bucket Layout null, runner as owner, Versioning false, Storage Type set to DISK and Encryption set to false 
2022-06-24 01:39:47,055 [OM StateMachine ApplyTransaction Thread - 0] INFO  bucket.OMBucketCreateRequest (OMBucketCreateRequest.java:validateAndUpdateCache(260)) - created bucket: ce6ba19c-26f4-4a68-a1f8-c64d578464a9 of layout LEGACY in volume: a44f9e2d-44e1-4890-83ab-3cbd972a3370
2022-06-24 01:39:47,067 [Listener at 127.0.0.1/44735] INFO  rpc.RpcClient (RpcClient.java:createBucket(666)) - Creating Bucket: a44f9e2d-44e1-4890-83ab-3cbd972a3370/bbd6d08e-9e88-407e-b811-b93aaf2843d0, with the Bucket Layout null, runner as owner, Versioning false, Storage Type set to DISK and Encryption set to false 
2022-06-24 01:39:47,069 [OM StateMachine ApplyTransaction Thread - 0] INFO  bucket.OMBucketCreateRequest (OMBucketCreateRequest.java:validateAndUpdateCache(260)) - created bucket: bbd6d08e-9e88-407e-b811-b93aaf2843d0 of layout LEGACY in volume: a44f9e2d-44e1-4890-83ab-3cbd972a3370
01:39:47.080 [OM StateMachine ApplyTransaction Thread - 0] ERROR OMAudit - user=runner | ip=127.0.0.1 | op=UPDATE_BUCKET {volume=a44f9e2d-44e1-4890-83ab-3cbd972a3370, bucket=ce6ba19c-26f4-4a68-a1f8-c64d578464a9, gdprEnabled=null, isVersionEnabled=null} | ret=FAILURE
org.apache.hadoop.ozone.om.exceptions.OMException: Can not clear bucket spaceQuota because volume spaceQuota is not cleared.
	at org.apache.hadoop.ozone.om.request.bucket.OMBucketSetPropertyRequest.checkQuotaBytesValid(OMBucketSetPropertyRequest.java:267) ~[ozone-manager-1.3.0-SNAPSHOT.jar:?]
	at org.apache.hadoop.ozone.om.request.bucket.OMBucketSetPropertyRequest.validateAndUpdateCache(OMBucketSetPropertyRequest.java:179) ~[ozone-manager-1.3.0-SNAPSHOT.jar:?]
	at org.apache.hadoop.ozone.protocolPB.OzoneManagerRequestHandler.handleWriteRequest(OzoneManagerRequestHandler.java:293) ~[ozone-manager-1.3.0-SNAPSHOT.jar:?]
	at org.apache.hadoop.ozone.om.ratis.OzoneManagerStateMachine.runCommand(OzoneManagerStateMachine.java:529) ~[ozone-manager-1.3.0-SNAPSHOT.jar:?]
	at org.apache.hadoop.ozone.om.ratis.OzoneManagerStateMachine.lambda$1(OzoneManagerStateMachine.java:324) ~[ozone-manager-1.3.0-SNAPSHOT.jar:?]
	at java.util.concurrent.CompletableFuture$AsyncSupply.run(CompletableFuture.java:1604) [?:1.8.0_332]
	at java.util.concurrent.ThreadPoolExecutor.runWorker(ThreadPoolExecutor.java:1149) [?:1.8.0_332]
	at java.util.concurrent.ThreadPoolExecutor$Worker.run(ThreadPoolExecutor.java:624) [?:1.8.0_332]
	at java.lang.Thread.run(Thread.java:750) [?:1.8.0_332]
2022-06-24 01:39:47,080 [OM StateMachine ApplyTransaction Thread - 0] ERROR bucket.OMBucketSetPropertyRequest (OMBucketSetPropertyRequest.java:validateAndUpdateCache(253)) - Setting bucket property failed for bucket:ce6ba19c-26f4-4a68-a1f8-c64d578464a9 in volume:a44f9e2d-44e1-4890-83ab-3cbd972a3370
QUOTA_ERROR org.apache.hadoop.ozone.om.exceptions.OMException: Can not clear bucket spaceQuota because volume spaceQuota is not cleared.
	at org.apache.hadoop.ozone.om.request.bucket.OMBucketSetPropertyRequest.checkQuotaBytesValid(OMBucketSetPropertyRequest.java:267)
	at org.apache.hadoop.ozone.om.request.bucket.OMBucketSetPropertyRequest.validateAndUpdateCache(OMBucketSetPropertyRequest.java:179)
	at org.apache.hadoop.ozone.protocolPB.OzoneManagerRequestHandler.handleWriteRequest(OzoneManagerRequestHandler.java:293)
	at org.apache.hadoop.ozone.om.ratis.OzoneManagerStateMachine.runCommand(OzoneManagerStateMachine.java:529)
	at org.apache.hadoop.ozone.om.ratis.OzoneManagerStateMachine.lambda$1(OzoneManagerStateMachine.java:324)
	at java.util.concurrent.CompletableFuture$AsyncSupply.run(CompletableFuture.java:1604)
	at java.util.concurrent.ThreadPoolExecutor.runWorker(ThreadPoolExecutor.java:1149)
	at java.util.concurrent.ThreadPoolExecutor$Worker.run(ThreadPoolExecutor.java:624)
	at java.lang.Thread.run(Thread.java:750)
]]></system-out>
  </testcase>
  <testcase name="testSetBucketQuotaIllegal" classname="org.apache.hadoop.ozone.client.rpc.TestOzoneRpcClient" time="0.022">
    <system-out><![CDATA[2022-06-24 01:39:47,136 [Listener at 127.0.0.1/44735] INFO  rpc.RpcClient (RpcClient.java:createVolume(466)) - Creating Volume: 8321e867-29b3-4768-8f72-21d9e2d4ed54, with runner as owner and space quota set to -1 bytes, counts quota set to -1
2022-06-24 01:39:47,139 [OM StateMachine ApplyTransaction Thread - 0] INFO  volume.OMVolumeCreateRequest (OMVolumeCreateRequest.java:validateAndUpdateCache(195)) - created volume:8321e867-29b3-4768-8f72-21d9e2d4ed54 for user:runner
2022-06-24 01:39:47,144 [Listener at 127.0.0.1/44735] INFO  rpc.RpcClient (RpcClient.java:createBucket(666)) - Creating Bucket: 8321e867-29b3-4768-8f72-21d9e2d4ed54/9029bce4-38c8-486b-a02f-aea24779dde8, with the Bucket Layout null, runner as owner, Versioning false, Storage Type set to DISK and Encryption set to false 
2022-06-24 01:39:47,145 [OM StateMachine ApplyTransaction Thread - 0] INFO  bucket.OMBucketCreateRequest (OMBucketCreateRequest.java:validateAndUpdateCache(260)) - created bucket: 9029bce4-38c8-486b-a02f-aea24779dde8 of layout LEGACY in volume: 8321e867-29b3-4768-8f72-21d9e2d4ed54
]]></system-out>
  </testcase>
  <testcase name="testSetBucketStorageType" classname="org.apache.hadoop.ozone.client.rpc.TestOzoneRpcClient" time="0.014">
    <system-out><![CDATA[2022-06-24 01:39:47,159 [Listener at 127.0.0.1/44735] INFO  rpc.RpcClient (RpcClient.java:createVolume(466)) - Creating Volume: 1ed99d0e-59f6-4503-960b-d29423adfeda, with runner as owner and space quota set to -1 bytes, counts quota set to -1
2022-06-24 01:39:47,163 [OM StateMachine ApplyTransaction Thread - 0] INFO  volume.OMVolumeCreateRequest (OMVolumeCreateRequest.java:validateAndUpdateCache(195)) - created volume:1ed99d0e-59f6-4503-960b-d29423adfeda for user:runner
2022-06-24 01:39:47,164 [Listener at 127.0.0.1/44735] INFO  rpc.RpcClient (RpcClient.java:createBucket(666)) - Creating Bucket: 1ed99d0e-59f6-4503-960b-d29423adfeda/3566cfff-07e7-47bd-9c42-38f4a0391cfd, with the Bucket Layout null, runner as owner, Versioning false, Storage Type set to DISK and Encryption set to false 
2022-06-24 01:39:47,167 [OM StateMachine ApplyTransaction Thread - 0] INFO  bucket.OMBucketCreateRequest (OMBucketCreateRequest.java:validateAndUpdateCache(260)) - created bucket: 3566cfff-07e7-47bd-9c42-38f4a0391cfd of layout LEGACY in volume: 1ed99d0e-59f6-4503-960b-d29423adfeda
]]></system-out>
  </testcase>
  <testcase name="testSetBucketVersioning" classname="org.apache.hadoop.ozone.client.rpc.TestOzoneRpcClient" time="0.01">
    <system-out><![CDATA[2022-06-24 01:39:47,174 [Listener at 127.0.0.1/44735] INFO  rpc.RpcClient (RpcClient.java:createVolume(466)) - Creating Volume: 39423a69-0844-4ecd-aca2-c847edef035b, with runner as owner and space quota set to -1 bytes, counts quota set to -1
2022-06-24 01:39:47,176 [OM StateMachine ApplyTransaction Thread - 0] INFO  volume.OMVolumeCreateRequest (OMVolumeCreateRequest.java:validateAndUpdateCache(195)) - created volume:39423a69-0844-4ecd-aca2-c847edef035b for user:runner
2022-06-24 01:39:47,177 [Listener at 127.0.0.1/44735] INFO  rpc.RpcClient (RpcClient.java:createBucket(666)) - Creating Bucket: 39423a69-0844-4ecd-aca2-c847edef035b/7dfcb255-1408-4b80-90ab-7dc45ae2121f, with the Bucket Layout null, runner as owner, Versioning false, Storage Type set to DISK and Encryption set to false 
2022-06-24 01:39:47,179 [OM StateMachine ApplyTransaction Thread - 0] INFO  bucket.OMBucketCreateRequest (OMBucketCreateRequest.java:validateAndUpdateCache(260)) - created bucket: 7dfcb255-1408-4b80-90ab-7dc45ae2121f of layout LEGACY in volume: 39423a69-0844-4ecd-aca2-c847edef035b
]]></system-out>
  </testcase>
  <testcase name="testSetECReplicationConfigOnBucket" classname="org.apache.hadoop.ozone.client.rpc.TestOzoneRpcClient" time="0.027">
    <system-out><![CDATA[2022-06-24 01:39:47,186 [Listener at 127.0.0.1/44735] INFO  rpc.RpcClient (RpcClient.java:createVolume(466)) - Creating Volume: c8f0ee01-3a6a-4ba1-be1f-482f40e948a7, with runner as owner and space quota set to -1 bytes, counts quota set to -1
2022-06-24 01:39:47,188 [OM StateMachine ApplyTransaction Thread - 0] INFO  volume.OMVolumeCreateRequest (OMVolumeCreateRequest.java:validateAndUpdateCache(195)) - created volume:c8f0ee01-3a6a-4ba1-be1f-482f40e948a7 for user:runner
2022-06-24 01:39:47,191 [Listener at 127.0.0.1/44735] INFO  rpc.RpcClient (RpcClient.java:createBucket(666)) - Creating Bucket: c8f0ee01-3a6a-4ba1-be1f-482f40e948a7/361e50d3-037a-49e3-bb4b-3900b93a80bb, with the Bucket Layout null, runner as owner, Versioning true, Storage Type set to DISK and Encryption set to false 
2022-06-24 01:39:47,192 [OM StateMachine ApplyTransaction Thread - 0] INFO  bucket.OMBucketCreateRequest (OMBucketCreateRequest.java:validateAndUpdateCache(260)) - created bucket: 361e50d3-037a-49e3-bb4b-3900b93a80bb of layout LEGACY in volume: c8f0ee01-3a6a-4ba1-be1f-482f40e948a7
]]></system-out>
  </testcase>
  <testcase name="testSetS3VolumeAcl" classname="org.apache.hadoop.ozone.client.rpc.TestOzoneRpcClient" time="0.005"/>
  <testcase name="testSetVolumeQuota" classname="org.apache.hadoop.ozone.client.rpc.TestOzoneRpcClient" time="0.008">
    <system-out><![CDATA[2022-06-24 01:39:47,217 [Listener at 127.0.0.1/44735] INFO  rpc.RpcClient (RpcClient.java:createVolume(466)) - Creating Volume: 09136618-fdca-4a99-a3ee-7ee3eba65a6d, with runner as owner and space quota set to -1 bytes, counts quota set to -1
2022-06-24 01:39:47,219 [OM StateMachine ApplyTransaction Thread - 0] INFO  volume.OMVolumeCreateRequest (OMVolumeCreateRequest.java:validateAndUpdateCache(195)) - created volume:09136618-fdca-4a99-a3ee-7ee3eba65a6d for user:runner
]]></system-out>
  </testcase>
  <testcase name="testSetVolumeQuotaIllegal" classname="org.apache.hadoop.ozone.client.rpc.TestOzoneRpcClient" time="0.008">
    <system-out><![CDATA[2022-06-24 01:39:47,227 [Listener at 127.0.0.1/44735] INFO  rpc.RpcClient (RpcClient.java:createVolume(466)) - Creating Volume: 2703be44-4be3-4a16-9e38-07e547ce7741, with runner as owner and space quota set to -1 bytes, counts quota set to -1
2022-06-24 01:39:47,228 [OM StateMachine ApplyTransaction Thread - 0] INFO  volume.OMVolumeCreateRequest (OMVolumeCreateRequest.java:validateAndUpdateCache(195)) - created volume:2703be44-4be3-4a16-9e38-07e547ce7741 for user:runner
]]></system-out>
  </testcase>
  <testcase name="testUploadPartOverride(ReplicationConfig)[1]" classname="org.apache.hadoop.ozone.client.rpc.TestOzoneRpcClient" time="0.04">
    <system-out><![CDATA[2022-06-24 01:39:47,237 [Listener at 127.0.0.1/44735] INFO  rpc.RpcClient (RpcClient.java:createVolume(466)) - Creating Volume: c396104d-6bc8-481f-8dce-596b5472e67f, with runner as owner and space quota set to -1 bytes, counts quota set to -1
2022-06-24 01:39:47,239 [OM StateMachine ApplyTransaction Thread - 0] INFO  volume.OMVolumeCreateRequest (OMVolumeCreateRequest.java:validateAndUpdateCache(195)) - created volume:c396104d-6bc8-481f-8dce-596b5472e67f for user:runner
2022-06-24 01:39:47,240 [Listener at 127.0.0.1/44735] INFO  rpc.RpcClient (RpcClient.java:createBucket(666)) - Creating Bucket: c396104d-6bc8-481f-8dce-596b5472e67f/2c55e63e-3c4d-4131-ae65-d1a7bbdb2eae, with the Bucket Layout null, runner as owner, Versioning false, Storage Type set to DISK and Encryption set to false 
2022-06-24 01:39:47,242 [OM StateMachine ApplyTransaction Thread - 0] INFO  bucket.OMBucketCreateRequest (OMBucketCreateRequest.java:validateAndUpdateCache(260)) - created bucket: 2c55e63e-3c4d-4131-ae65-d1a7bbdb2eae of layout LEGACY in volume: c396104d-6bc8-481f-8dce-596b5472e67f
]]></system-out>
  </testcase>
  <testcase name="testUploadPartOverride(ReplicationConfig)[2]" classname="org.apache.hadoop.ozone.client.rpc.TestOzoneRpcClient" time="0.097">
    <system-out><![CDATA[2022-06-24 01:39:47,277 [Listener at 127.0.0.1/44735] INFO  rpc.RpcClient (RpcClient.java:createVolume(466)) - Creating Volume: c484fee4-c2d5-4624-88e3-acd9760c3ef4, with runner as owner and space quota set to -1 bytes, counts quota set to -1
2022-06-24 01:39:47,282 [OM StateMachine ApplyTransaction Thread - 0] INFO  volume.OMVolumeCreateRequest (OMVolumeCreateRequest.java:validateAndUpdateCache(195)) - created volume:c484fee4-c2d5-4624-88e3-acd9760c3ef4 for user:runner
2022-06-24 01:39:47,284 [Listener at 127.0.0.1/44735] INFO  rpc.RpcClient (RpcClient.java:createBucket(666)) - Creating Bucket: c484fee4-c2d5-4624-88e3-acd9760c3ef4/c704ef9a-17fc-4991-9062-d11ce6c21802, with the Bucket Layout null, runner as owner, Versioning false, Storage Type set to DISK and Encryption set to false 
2022-06-24 01:39:47,285 [OM StateMachine ApplyTransaction Thread - 0] INFO  bucket.OMBucketCreateRequest (OMBucketCreateRequest.java:validateAndUpdateCache(260)) - created bucket: c704ef9a-17fc-4991-9062-d11ce6c21802 of layout LEGACY in volume: c484fee4-c2d5-4624-88e3-acd9760c3ef4
]]></system-out>
  </testcase>
  <testcase name="testUploadPartOverride(ReplicationConfig)[3]" classname="org.apache.hadoop.ozone.client.rpc.TestOzoneRpcClient" time="0.154">
    <system-out><![CDATA[2022-06-24 01:39:47,376 [Listener at 127.0.0.1/44735] INFO  rpc.RpcClient (RpcClient.java:createVolume(466)) - Creating Volume: f6ab332c-489d-428d-8df6-12e88b496dd2, with runner as owner and space quota set to -1 bytes, counts quota set to -1
2022-06-24 01:39:47,378 [OM StateMachine ApplyTransaction Thread - 0] INFO  volume.OMVolumeCreateRequest (OMVolumeCreateRequest.java:validateAndUpdateCache(195)) - created volume:f6ab332c-489d-428d-8df6-12e88b496dd2 for user:runner
2022-06-24 01:39:47,380 [Listener at 127.0.0.1/44735] INFO  rpc.RpcClient (RpcClient.java:createBucket(666)) - Creating Bucket: f6ab332c-489d-428d-8df6-12e88b496dd2/21bb6176-a47a-4417-9a6b-dce221065c52, with the Bucket Layout null, runner as owner, Versioning false, Storage Type set to DISK and Encryption set to false 
2022-06-24 01:39:47,383 [OM StateMachine ApplyTransaction Thread - 0] INFO  bucket.OMBucketCreateRequest (OMBucketCreateRequest.java:validateAndUpdateCache(260)) - created bucket: 21bb6176-a47a-4417-9a6b-dce221065c52 of layout LEGACY in volume: f6ab332c-489d-428d-8df6-12e88b496dd2
]]></system-out>
    <system-err><![CDATA[Jun 24, 2022 1:39:47 AM org.apache.ratis.thirdparty.io.grpc.internal.ManagedChannelOrphanWrapper$ManagedChannelReference cleanQueue
SEVERE: *~*~*~ Channel ManagedChannelImpl{logId=429, target=10.1.0.17:38423} was not shutdown properly!!! ~*~*~*
    Make sure to call shutdown()/shutdownNow() and wait until awaitTermination() returns true.
java.lang.RuntimeException: ManagedChannel allocation site
	at org.apache.ratis.thirdparty.io.grpc.internal.ManagedChannelOrphanWrapper$ManagedChannelReference.<init>(ManagedChannelOrphanWrapper.java:93)
	at org.apache.ratis.thirdparty.io.grpc.internal.ManagedChannelOrphanWrapper.<init>(ManagedChannelOrphanWrapper.java:53)
	at org.apache.ratis.thirdparty.io.grpc.internal.ManagedChannelOrphanWrapper.<init>(ManagedChannelOrphanWrapper.java:44)
	at org.apache.ratis.thirdparty.io.grpc.internal.ManagedChannelImplBuilder.build(ManagedChannelImplBuilder.java:630)
	at org.apache.ratis.thirdparty.io.grpc.internal.AbstractManagedChannelImplBuilder.build(AbstractManagedChannelImplBuilder.java:297)
	at org.apache.hadoop.hdds.scm.XceiverClientGrpc.connectToDatanode(XceiverClientGrpc.java:195)
	at org.apache.hadoop.hdds.scm.XceiverClientGrpc.connect(XceiverClientGrpc.java:144)
	at org.apache.hadoop.hdds.scm.XceiverClientManager$2.call(XceiverClientManager.java:243)
	at org.apache.hadoop.hdds.scm.XceiverClientManager$2.call(XceiverClientManager.java:224)
	at com.google.common.cache.LocalCache$LocalManualCache$1.load(LocalCache.java:4868)
	at com.google.common.cache.LocalCache$LoadingValueReference.loadFuture(LocalCache.java:3533)
	at com.google.common.cache.LocalCache$Segment.loadSync(LocalCache.java:2282)
	at com.google.common.cache.LocalCache$Segment.lockedGetOrLoad(LocalCache.java:2159)
	at com.google.common.cache.LocalCache$Segment.get(LocalCache.java:2049)
	at com.google.common.cache.LocalCache.get(LocalCache.java:3966)
	at com.google.common.cache.LocalCache$LocalManualCache.get(LocalCache.java:4863)
	at org.apache.hadoop.hdds.scm.XceiverClientManager.getClient(XceiverClientManager.java:224)
	at org.apache.hadoop.hdds.scm.XceiverClientManager.acquireClient(XceiverClientManager.java:168)
	at org.apache.hadoop.hdds.scm.XceiverClientManager.acquireClientForReadData(XceiverClientManager.java:157)
	at org.apache.hadoop.hdds.scm.storage.BlockInputStream.acquireClient(BlockInputStream.java:249)
	at org.apache.hadoop.hdds.scm.storage.BlockInputStream.getChunkInfos(BlockInputStream.java:223)
	at org.apache.hadoop.hdds.scm.storage.BlockInputStream.initialize(BlockInputStream.java:146)
	at org.apache.hadoop.hdds.scm.storage.BlockInputStream.readWithStrategy(BlockInputStream.java:276)
	at org.apache.hadoop.hdds.scm.storage.ExtendedInputStream.read(ExtendedInputStream.java:54)
	at org.apache.hadoop.hdds.scm.storage.ByteArrayReader.readFromBlock(ByteArrayReader.java:57)
	at org.apache.hadoop.ozone.client.io.KeyInputStream.readWithStrategy(KeyInputStream.java:273)
	at org.apache.hadoop.ozone.client.io.KeyInputStream.read(KeyInputStream.java:240)
	at org.apache.hadoop.ozone.client.io.OzoneInputStream.read(OzoneInputStream.java:56)
	at java.io.InputStream.read(InputStream.java:101)
	at org.apache.hadoop.ozone.client.rpc.TestOzoneRpcClientAbstract.readCorruptedKey(TestOzoneRpcClientAbstract.java:1537)
	at org.apache.hadoop.ozone.client.rpc.TestOzoneRpcClientAbstract.testReadKeyWithVerifyChecksumFlagDisable(TestOzoneRpcClientAbstract.java:1484)
	at sun.reflect.NativeMethodAccessorImpl.invoke0(Native Method)
	at sun.reflect.NativeMethodAccessorImpl.invoke(NativeMethodAccessorImpl.java:62)
	at sun.reflect.DelegatingMethodAccessorImpl.invoke(DelegatingMethodAccessorImpl.java:43)
	at java.lang.reflect.Method.invoke(Method.java:498)
	at org.junit.platform.commons.util.ReflectionUtils.invokeMethod(ReflectionUtils.java:725)
	at org.junit.jupiter.engine.execution.MethodInvocation.proceed(MethodInvocation.java:60)
	at org.junit.jupiter.engine.execution.InvocationInterceptorChain$ValidatingInvocation.proceed(InvocationInterceptorChain.java:131)
	at org.junit.jupiter.engine.extension.TimeoutInvocation.proceed(TimeoutInvocation.java:46)
	at org.junit.jupiter.engine.extension.TimeoutExtension.intercept(TimeoutExtension.java:149)
	at org.junit.jupiter.engine.extension.TimeoutExtension.interceptTestableMethod(TimeoutExtension.java:140)
	at org.junit.jupiter.engine.extension.TimeoutExtension.interceptTestMethod(TimeoutExtension.java:84)
	at org.junit.jupiter.engine.execution.ExecutableInvoker$ReflectiveInterceptorCall.lambda$ofVoidMethod$0(ExecutableInvoker.java:115)
	at org.junit.jupiter.engine.execution.ExecutableInvoker.lambda$invoke$0(ExecutableInvoker.java:105)
	at org.junit.jupiter.engine.execution.InvocationInterceptorChain$InterceptedInvocation.proceed(InvocationInterceptorChain.java:106)
	at org.junit.jupiter.engine.execution.InvocationInterceptorChain.proceed(InvocationInterceptorChain.java:64)
	at org.junit.jupiter.engine.execution.InvocationInterceptorChain.chainAndInvoke(InvocationInterceptorChain.java:45)
	at org.junit.jupiter.engine.execution.InvocationInterceptorChain.invoke(InvocationInterceptorChain.java:37)
	at org.junit.jupiter.engine.execution.ExecutableInvoker.invoke(ExecutableInvoker.java:104)
	at org.junit.jupiter.engine.execution.ExecutableInvoker.invoke(ExecutableInvoker.java:98)
	at org.junit.jupiter.engine.descriptor.TestMethodTestDescriptor.lambda$invokeTestMethod$7(TestMethodTestDescriptor.java:214)
	at org.junit.platform.engine.support.hierarchical.ThrowableCollector.execute(ThrowableCollector.java:73)
	at org.junit.jupiter.engine.descriptor.TestMethodTestDescriptor.invokeTestMethod(TestMethodTestDescriptor.java:210)
	at org.junit.jupiter.engine.descriptor.TestMethodTestDescriptor.execute(TestMethodTestDescriptor.java:135)
	at org.junit.jupiter.engine.descriptor.TestMethodTestDescriptor.execute(TestMethodTestDescriptor.java:66)
	at org.junit.platform.engine.support.hierarchical.NodeTestTask.lambda$executeRecursively$6(NodeTestTask.java:151)
	at org.junit.platform.engine.support.hierarchical.ThrowableCollector.execute(ThrowableCollector.java:73)
	at org.junit.platform.engine.support.hierarchical.NodeTestTask.lambda$executeRecursively$8(NodeTestTask.java:141)
	at org.junit.platform.engine.support.hierarchical.Node.around(Node.java:137)
	at org.junit.platform.engine.support.hierarchical.NodeTestTask.lambda$executeRecursively$9(NodeTestTask.java:139)
	at org.junit.platform.engine.support.hierarchical.ThrowableCollector.execute(ThrowableCollector.java:73)
	at org.junit.platform.engine.support.hierarchical.NodeTestTask.executeRecursively(NodeTestTask.java:138)
	at org.junit.platform.engine.support.hierarchical.NodeTestTask.execute(NodeTestTask.java:95)
	at java.util.ArrayList.forEach(ArrayList.java:1259)
	at org.junit.platform.engine.support.hierarchical.SameThreadHierarchicalTestExecutorService.invokeAll(SameThreadHierarchicalTestExecutorService.java:41)
	at org.junit.platform.engine.support.hierarchical.NodeTestTask.lambda$executeRecursively$6(NodeTestTask.java:155)
	at org.junit.platform.engine.support.hierarchical.ThrowableCollector.execute(ThrowableCollector.java:73)
	at org.junit.platform.engine.support.hierarchical.NodeTestTask.lambda$executeRecursively$8(NodeTestTask.java:141)
	at org.junit.platform.engine.support.hierarchical.Node.around(Node.java:137)
	at org.junit.platform.engine.support.hierarchical.NodeTestTask.lambda$executeRecursively$9(NodeTestTask.java:139)
	at org.junit.platform.engine.support.hierarchical.ThrowableCollector.execute(ThrowableCollector.java:73)
	at org.junit.platform.engine.support.hierarchical.NodeTestTask.executeRecursively(NodeTestTask.java:138)
	at org.junit.platform.engine.support.hierarchical.NodeTestTask.execute(NodeTestTask.java:95)
	at java.util.ArrayList.forEach(ArrayList.java:1259)
	at org.junit.platform.engine.support.hierarchical.SameThreadHierarchicalTestExecutorService.invokeAll(SameThreadHierarchicalTestExecutorService.java:41)
	at org.junit.platform.engine.support.hierarchical.NodeTestTask.lambda$executeRecursively$6(NodeTestTask.java:155)
	at org.junit.platform.engine.support.hierarchical.ThrowableCollector.execute(ThrowableCollector.java:73)
	at org.junit.platform.engine.support.hierarchical.NodeTestTask.lambda$executeRecursively$8(NodeTestTask.java:141)
	at org.junit.platform.engine.support.hierarchical.Node.around(Node.java:137)
	at org.junit.platform.engine.support.hierarchical.NodeTestTask.lambda$executeRecursively$9(NodeTestTask.java:139)
	at org.junit.platform.engine.support.hierarchical.ThrowableCollector.execute(ThrowableCollector.java:73)
	at org.junit.platform.engine.support.hierarchical.NodeTestTask.executeRecursively(NodeTestTask.java:138)
	at org.junit.platform.engine.support.hierarchical.NodeTestTask.execute(NodeTestTask.java:95)
	at org.junit.platform.engine.support.hierarchical.SameThreadHierarchicalTestExecutorService.submit(SameThreadHierarchicalTestExecutorService.java:35)
	at org.junit.platform.engine.support.hierarchical.HierarchicalTestExecutor.execute(HierarchicalTestExecutor.java:57)
	at org.junit.platform.engine.support.hierarchical.HierarchicalTestEngine.execute(HierarchicalTestEngine.java:54)
	at org.junit.platform.launcher.core.EngineExecutionOrchestrator.execute(EngineExecutionOrchestrator.java:107)
	at org.junit.platform.launcher.core.EngineExecutionOrchestrator.execute(EngineExecutionOrchestrator.java:88)
	at org.junit.platform.launcher.core.EngineExecutionOrchestrator.lambda$execute$0(EngineExecutionOrchestrator.java:54)
	at org.junit.platform.launcher.core.EngineExecutionOrchestrator.withInterceptedStreams(EngineExecutionOrchestrator.java:67)
	at org.junit.platform.launcher.core.EngineExecutionOrchestrator.execute(EngineExecutionOrchestrator.java:52)
	at org.junit.platform.launcher.core.DefaultLauncher.execute(DefaultLauncher.java:114)
	at org.junit.platform.launcher.core.DefaultLauncher.execute(DefaultLauncher.java:86)
	at org.junit.platform.launcher.core.DefaultLauncherSession$DelegatingLauncher.execute(DefaultLauncherSession.java:86)
	at org.junit.platform.launcher.core.SessionPerRequestLauncher.execute(SessionPerRequestLauncher.java:53)
	at org.apache.maven.surefire.junitplatform.JUnitPlatformProvider.execute(JUnitPlatformProvider.java:188)
	at org.apache.maven.surefire.junitplatform.JUnitPlatformProvider.invokeAllTests(JUnitPlatformProvider.java:154)
	at org.apache.maven.surefire.junitplatform.JUnitPlatformProvider.invoke(JUnitPlatformProvider.java:124)
	at org.apache.maven.surefire.booter.ForkedBooter.runSuitesInProcess(ForkedBooter.java:428)
	at org.apache.maven.surefire.booter.ForkedBooter.execute(ForkedBooter.java:162)
	at org.apache.maven.surefire.booter.ForkedBooter.run(ForkedBooter.java:562)
	at org.apache.maven.surefire.booter.ForkedBooter.main(ForkedBooter.java:548)

Jun 24, 2022 1:39:47 AM org.apache.ratis.thirdparty.io.grpc.internal.ManagedChannelOrphanWrapper$ManagedChannelReference cleanQueue
SEVERE: *~*~*~ Channel ManagedChannelImpl{logId=434, target=10.1.0.17:33989} was not shutdown properly!!! ~*~*~*
    Make sure to call shutdown()/shutdownNow() and wait until awaitTermination() returns true.
java.lang.RuntimeException: ManagedChannel allocation site
	at org.apache.ratis.thirdparty.io.grpc.internal.ManagedChannelOrphanWrapper$ManagedChannelReference.<init>(ManagedChannelOrphanWrapper.java:93)
	at org.apache.ratis.thirdparty.io.grpc.internal.ManagedChannelOrphanWrapper.<init>(ManagedChannelOrphanWrapper.java:53)
	at org.apache.ratis.thirdparty.io.grpc.internal.ManagedChannelOrphanWrapper.<init>(ManagedChannelOrphanWrapper.java:44)
	at org.apache.ratis.thirdparty.io.grpc.internal.ManagedChannelImplBuilder.build(ManagedChannelImplBuilder.java:630)
	at org.apache.ratis.thirdparty.io.grpc.internal.AbstractManagedChannelImplBuilder.build(AbstractManagedChannelImplBuilder.java:297)
	at org.apache.hadoop.hdds.scm.XceiverClientGrpc.connectToDatanode(XceiverClientGrpc.java:195)
	at org.apache.hadoop.hdds.scm.XceiverClientGrpc.connect(XceiverClientGrpc.java:144)
	at org.apache.hadoop.hdds.scm.XceiverClientManager$2.call(XceiverClientManager.java:243)
	at org.apache.hadoop.hdds.scm.XceiverClientManager$2.call(XceiverClientManager.java:224)
	at com.google.common.cache.LocalCache$LocalManualCache$1.load(LocalCache.java:4868)
	at com.google.common.cache.LocalCache$LoadingValueReference.loadFuture(LocalCache.java:3533)
	at com.google.common.cache.LocalCache$Segment.loadSync(LocalCache.java:2282)
	at com.google.common.cache.LocalCache$Segment.lockedGetOrLoad(LocalCache.java:2159)
	at com.google.common.cache.LocalCache$Segment.get(LocalCache.java:2049)
	at com.google.common.cache.LocalCache.get(LocalCache.java:3966)
	at com.google.common.cache.LocalCache$LocalManualCache.get(LocalCache.java:4863)
	at org.apache.hadoop.hdds.scm.XceiverClientManager.getClient(XceiverClientManager.java:224)
	at org.apache.hadoop.hdds.scm.XceiverClientManager.acquireClient(XceiverClientManager.java:168)
	at org.apache.hadoop.hdds.scm.XceiverClientManager.acquireClientForReadData(XceiverClientManager.java:157)
	at org.apache.hadoop.hdds.scm.storage.BlockInputStream.acquireClient(BlockInputStream.java:249)
	at org.apache.hadoop.hdds.scm.storage.BlockInputStream.getChunkInfos(BlockInputStream.java:223)
	at org.apache.hadoop.hdds.scm.storage.BlockInputStream.initialize(BlockInputStream.java:146)
	at org.apache.hadoop.hdds.scm.storage.BlockInputStream.readWithStrategy(BlockInputStream.java:276)
	at org.apache.hadoop.hdds.scm.storage.ExtendedInputStream.read(ExtendedInputStream.java:54)
	at org.apache.hadoop.hdds.scm.storage.ByteArrayReader.readFromBlock(ByteArrayReader.java:57)
	at org.apache.hadoop.ozone.client.io.KeyInputStream.readWithStrategy(KeyInputStream.java:273)
	at org.apache.hadoop.ozone.client.io.KeyInputStream.read(KeyInputStream.java:240)
	at org.apache.hadoop.ozone.client.io.OzoneInputStream.read(OzoneInputStream.java:56)
	at java.io.InputStream.read(InputStream.java:101)
	at org.apache.hadoop.ozone.client.rpc.TestOzoneRpcClientAbstract.readCorruptedKey(TestOzoneRpcClientAbstract.java:1537)
	at org.apache.hadoop.ozone.client.rpc.TestOzoneRpcClientAbstract.testReadKeyWithVerifyChecksumFlagEnable(TestOzoneRpcClientAbstract.java:1469)
	at sun.reflect.NativeMethodAccessorImpl.invoke0(Native Method)
	at sun.reflect.NativeMethodAccessorImpl.invoke(NativeMethodAccessorImpl.java:62)
	at sun.reflect.DelegatingMethodAccessorImpl.invoke(DelegatingMethodAccessorImpl.java:43)
	at java.lang.reflect.Method.invoke(Method.java:498)
	at org.junit.platform.commons.util.ReflectionUtils.invokeMethod(ReflectionUtils.java:725)
	at org.junit.jupiter.engine.execution.MethodInvocation.proceed(MethodInvocation.java:60)
	at org.junit.jupiter.engine.execution.InvocationInterceptorChain$ValidatingInvocation.proceed(InvocationInterceptorChain.java:131)
	at org.junit.jupiter.engine.extension.TimeoutInvocation.proceed(TimeoutInvocation.java:46)
	at org.junit.jupiter.engine.extension.TimeoutExtension.intercept(TimeoutExtension.java:149)
	at org.junit.jupiter.engine.extension.TimeoutExtension.interceptTestableMethod(TimeoutExtension.java:140)
	at org.junit.jupiter.engine.extension.TimeoutExtension.interceptTestMethod(TimeoutExtension.java:84)
	at org.junit.jupiter.engine.execution.ExecutableInvoker$ReflectiveInterceptorCall.lambda$ofVoidMethod$0(ExecutableInvoker.java:115)
	at org.junit.jupiter.engine.execution.ExecutableInvoker.lambda$invoke$0(ExecutableInvoker.java:105)
	at org.junit.jupiter.engine.execution.InvocationInterceptorChain$InterceptedInvocation.proceed(InvocationInterceptorChain.java:106)
	at org.junit.jupiter.engine.execution.InvocationInterceptorChain.proceed(InvocationInterceptorChain.java:64)
	at org.junit.jupiter.engine.execution.InvocationInterceptorChain.chainAndInvoke(InvocationInterceptorChain.java:45)
	at org.junit.jupiter.engine.execution.InvocationInterceptorChain.invoke(InvocationInterceptorChain.java:37)
	at org.junit.jupiter.engine.execution.ExecutableInvoker.invoke(ExecutableInvoker.java:104)
	at org.junit.jupiter.engine.execution.ExecutableInvoker.invoke(ExecutableInvoker.java:98)
	at org.junit.jupiter.engine.descriptor.TestMethodTestDescriptor.lambda$invokeTestMethod$7(TestMethodTestDescriptor.java:214)
	at org.junit.platform.engine.support.hierarchical.ThrowableCollector.execute(ThrowableCollector.java:73)
	at org.junit.jupiter.engine.descriptor.TestMethodTestDescriptor.invokeTestMethod(TestMethodTestDescriptor.java:210)
	at org.junit.jupiter.engine.descriptor.TestMethodTestDescriptor.execute(TestMethodTestDescriptor.java:135)
	at org.junit.jupiter.engine.descriptor.TestMethodTestDescriptor.execute(TestMethodTestDescriptor.java:66)
	at org.junit.platform.engine.support.hierarchical.NodeTestTask.lambda$executeRecursively$6(NodeTestTask.java:151)
	at org.junit.platform.engine.support.hierarchical.ThrowableCollector.execute(ThrowableCollector.java:73)
	at org.junit.platform.engine.support.hierarchical.NodeTestTask.lambda$executeRecursively$8(NodeTestTask.java:141)
	at org.junit.platform.engine.support.hierarchical.Node.around(Node.java:137)
	at org.junit.platform.engine.support.hierarchical.NodeTestTask.lambda$executeRecursively$9(NodeTestTask.java:139)
	at org.junit.platform.engine.support.hierarchical.ThrowableCollector.execute(ThrowableCollector.java:73)
	at org.junit.platform.engine.support.hierarchical.NodeTestTask.executeRecursively(NodeTestTask.java:138)
	at org.junit.platform.engine.support.hierarchical.NodeTestTask.execute(NodeTestTask.java:95)
	at java.util.ArrayList.forEach(ArrayList.java:1259)
	at org.junit.platform.engine.support.hierarchical.SameThreadHierarchicalTestExecutorService.invokeAll(SameThreadHierarchicalTestExecutorService.java:41)
	at org.junit.platform.engine.support.hierarchical.NodeTestTask.lambda$executeRecursively$6(NodeTestTask.java:155)
	at org.junit.platform.engine.support.hierarchical.ThrowableCollector.execute(ThrowableCollector.java:73)
	at org.junit.platform.engine.support.hierarchical.NodeTestTask.lambda$executeRecursively$8(NodeTestTask.java:141)
	at org.junit.platform.engine.support.hierarchical.Node.around(Node.java:137)
	at org.junit.platform.engine.support.hierarchical.NodeTestTask.lambda$executeRecursively$9(NodeTestTask.java:139)
	at org.junit.platform.engine.support.hierarchical.ThrowableCollector.execute(ThrowableCollector.java:73)
	at org.junit.platform.engine.support.hierarchical.NodeTestTask.executeRecursively(NodeTestTask.java:138)
	at org.junit.platform.engine.support.hierarchical.NodeTestTask.execute(NodeTestTask.java:95)
	at java.util.ArrayList.forEach(ArrayList.java:1259)
	at org.junit.platform.engine.support.hierarchical.SameThreadHierarchicalTestExecutorService.invokeAll(SameThreadHierarchicalTestExecutorService.java:41)
	at org.junit.platform.engine.support.hierarchical.NodeTestTask.lambda$executeRecursively$6(NodeTestTask.java:155)
	at org.junit.platform.engine.support.hierarchical.ThrowableCollector.execute(ThrowableCollector.java:73)
	at org.junit.platform.engine.support.hierarchical.NodeTestTask.lambda$executeRecursively$8(NodeTestTask.java:141)
	at org.junit.platform.engine.support.hierarchical.Node.around(Node.java:137)
	at org.junit.platform.engine.support.hierarchical.NodeTestTask.lambda$executeRecursively$9(NodeTestTask.java:139)
	at org.junit.platform.engine.support.hierarchical.ThrowableCollector.execute(ThrowableCollector.java:73)
	at org.junit.platform.engine.support.hierarchical.NodeTestTask.executeRecursively(NodeTestTask.java:138)
	at org.junit.platform.engine.support.hierarchical.NodeTestTask.execute(NodeTestTask.java:95)
	at org.junit.platform.engine.support.hierarchical.SameThreadHierarchicalTestExecutorService.submit(SameThreadHierarchicalTestExecutorService.java:35)
	at org.junit.platform.engine.support.hierarchical.HierarchicalTestExecutor.execute(HierarchicalTestExecutor.java:57)
	at org.junit.platform.engine.support.hierarchical.HierarchicalTestEngine.execute(HierarchicalTestEngine.java:54)
	at org.junit.platform.launcher.core.EngineExecutionOrchestrator.execute(EngineExecutionOrchestrator.java:107)
	at org.junit.platform.launcher.core.EngineExecutionOrchestrator.execute(EngineExecutionOrchestrator.java:88)
	at org.junit.platform.launcher.core.EngineExecutionOrchestrator.lambda$execute$0(EngineExecutionOrchestrator.java:54)
	at org.junit.platform.launcher.core.EngineExecutionOrchestrator.withInterceptedStreams(EngineExecutionOrchestrator.java:67)
	at org.junit.platform.launcher.core.EngineExecutionOrchestrator.execute(EngineExecutionOrchestrator.java:52)
	at org.junit.platform.launcher.core.DefaultLauncher.execute(DefaultLauncher.java:114)
	at org.junit.platform.launcher.core.DefaultLauncher.execute(DefaultLauncher.java:86)
	at org.junit.platform.launcher.core.DefaultLauncherSession$DelegatingLauncher.execute(DefaultLauncherSession.java:86)
	at org.junit.platform.launcher.core.SessionPerRequestLauncher.execute(SessionPerRequestLauncher.java:53)
	at org.apache.maven.surefire.junitplatform.JUnitPlatformProvider.execute(JUnitPlatformProvider.java:188)
	at org.apache.maven.surefire.junitplatform.JUnitPlatformProvider.invokeAllTests(JUnitPlatformProvider.java:154)
	at org.apache.maven.surefire.junitplatform.JUnitPlatformProvider.invoke(JUnitPlatformProvider.java:124)
	at org.apache.maven.surefire.booter.ForkedBooter.runSuitesInProcess(ForkedBooter.java:428)
	at org.apache.maven.surefire.booter.ForkedBooter.execute(ForkedBooter.java:162)
	at org.apache.maven.surefire.booter.ForkedBooter.run(ForkedBooter.java:562)
	at org.apache.maven.surefire.booter.ForkedBooter.main(ForkedBooter.java:548)

]]></system-err>
  </testcase>
  <testcase name="testUploadPartWithNoOverride(ReplicationConfig)[1]" classname="org.apache.hadoop.ozone.client.rpc.TestOzoneRpcClient" time="0.029">
    <system-out><![CDATA[2022-06-24 01:39:47,532 [Listener at 127.0.0.1/44735] INFO  rpc.RpcClient (RpcClient.java:createVolume(466)) - Creating Volume: 526cbfc6-223b-42ce-aa2d-7c0fe1bc94fa, with runner as owner and space quota set to -1 bytes, counts quota set to -1
2022-06-24 01:39:47,535 [OM StateMachine ApplyTransaction Thread - 0] INFO  volume.OMVolumeCreateRequest (OMVolumeCreateRequest.java:validateAndUpdateCache(195)) - created volume:526cbfc6-223b-42ce-aa2d-7c0fe1bc94fa for user:runner
2022-06-24 01:39:47,538 [Listener at 127.0.0.1/44735] INFO  rpc.RpcClient (RpcClient.java:createBucket(666)) - Creating Bucket: 526cbfc6-223b-42ce-aa2d-7c0fe1bc94fa/e5594250-7cf9-4aed-8093-34ac2a332e6e, with the Bucket Layout null, runner as owner, Versioning false, Storage Type set to DISK and Encryption set to false 
2022-06-24 01:39:47,540 [OM StateMachine ApplyTransaction Thread - 0] INFO  bucket.OMBucketCreateRequest (OMBucketCreateRequest.java:validateAndUpdateCache(260)) - created bucket: e5594250-7cf9-4aed-8093-34ac2a332e6e of layout LEGACY in volume: 526cbfc6-223b-42ce-aa2d-7c0fe1bc94fa
]]></system-out>
  </testcase>
  <testcase name="testUploadPartWithNoOverride(ReplicationConfig)[2]" classname="org.apache.hadoop.ozone.client.rpc.TestOzoneRpcClient" time="0.034">
    <system-out><![CDATA[2022-06-24 01:39:47,562 [Listener at 127.0.0.1/44735] INFO  rpc.RpcClient (RpcClient.java:createVolume(466)) - Creating Volume: d4724bdc-1527-4f90-aa12-e8f73f6e0f82, with runner as owner and space quota set to -1 bytes, counts quota set to -1
2022-06-24 01:39:47,564 [OM StateMachine ApplyTransaction Thread - 0] INFO  volume.OMVolumeCreateRequest (OMVolumeCreateRequest.java:validateAndUpdateCache(195)) - created volume:d4724bdc-1527-4f90-aa12-e8f73f6e0f82 for user:runner
2022-06-24 01:39:47,565 [Listener at 127.0.0.1/44735] INFO  rpc.RpcClient (RpcClient.java:createBucket(666)) - Creating Bucket: d4724bdc-1527-4f90-aa12-e8f73f6e0f82/abe1a98c-e202-4f8e-ab42-0ec28fe6534f, with the Bucket Layout null, runner as owner, Versioning false, Storage Type set to DISK and Encryption set to false 
2022-06-24 01:39:47,567 [OM StateMachine ApplyTransaction Thread - 0] INFO  bucket.OMBucketCreateRequest (OMBucketCreateRequest.java:validateAndUpdateCache(260)) - created bucket: abe1a98c-e202-4f8e-ab42-0ec28fe6534f of layout LEGACY in volume: d4724bdc-1527-4f90-aa12-e8f73f6e0f82
]]></system-out>
  </testcase>
  <testcase name="testUploadPartWithNoOverride(ReplicationConfig)[3]" classname="org.apache.hadoop.ozone.client.rpc.TestOzoneRpcClient" time="0.047">
    <system-out><![CDATA[2022-06-24 01:39:47,597 [Listener at 127.0.0.1/44735] INFO  rpc.RpcClient (RpcClient.java:createVolume(466)) - Creating Volume: 28d05467-143a-45cb-89dc-2a00479b4b6e, with runner as owner and space quota set to -1 bytes, counts quota set to -1
2022-06-24 01:39:47,599 [OM StateMachine ApplyTransaction Thread - 0] INFO  volume.OMVolumeCreateRequest (OMVolumeCreateRequest.java:validateAndUpdateCache(195)) - created volume:28d05467-143a-45cb-89dc-2a00479b4b6e for user:runner
2022-06-24 01:39:47,600 [Listener at 127.0.0.1/44735] INFO  rpc.RpcClient (RpcClient.java:createBucket(666)) - Creating Bucket: 28d05467-143a-45cb-89dc-2a00479b4b6e/92f6ab5c-fc01-4848-9006-3b9cb539d6f7, with the Bucket Layout null, runner as owner, Versioning false, Storage Type set to DISK and Encryption set to false 
2022-06-24 01:39:47,602 [OM StateMachine ApplyTransaction Thread - 0] INFO  bucket.OMBucketCreateRequest (OMBucketCreateRequest.java:validateAndUpdateCache(260)) - created bucket: 92f6ab5c-fc01-4848-9006-3b9cb539d6f7 of layout LEGACY in volume: 28d05467-143a-45cb-89dc-2a00479b4b6e
]]></system-out>
  </testcase>
  <testcase name="testUsedBytesWithUploadPart" classname="org.apache.hadoop.ozone.client.rpc.TestOzoneRpcClient" time="0.259">
    <system-out><![CDATA[2022-06-24 01:39:47,760 [Listener at 127.0.0.1/44735] INFO  rpc.RpcClient (RpcClient.java:createVolume(466)) - Creating Volume: 72b82924-4faa-455a-ae75-96b271338586, with runner as owner and space quota set to -1 bytes, counts quota set to -1
2022-06-24 01:39:47,764 [OM StateMachine ApplyTransaction Thread - 0] INFO  volume.OMVolumeCreateRequest (OMVolumeCreateRequest.java:validateAndUpdateCache(195)) - created volume:72b82924-4faa-455a-ae75-96b271338586 for user:runner
2022-06-24 01:39:47,767 [Listener at 127.0.0.1/44735] INFO  rpc.RpcClient (RpcClient.java:createBucket(666)) - Creating Bucket: 72b82924-4faa-455a-ae75-96b271338586/7200fa72-3490-4bc8-9f18-c43c5d364551, with the Bucket Layout null, runner as owner, Versioning false, Storage Type set to DISK and Encryption set to false 
2022-06-24 01:39:47,768 [OM StateMachine ApplyTransaction Thread - 0] INFO  bucket.OMBucketCreateRequest (OMBucketCreateRequest.java:validateAndUpdateCache(260)) - created bucket: 7200fa72-3490-4bc8-9f18-c43c5d364551 of layout LEGACY in volume: 72b82924-4faa-455a-ae75-96b271338586
]]></system-out>
  </testcase>
  <testcase name="testValidateBlockLengthWithCommitKey" classname="org.apache.hadoop.ozone.client.rpc.TestOzoneRpcClient" time="0.017">
    <failure type="java.lang.AssertionError"><![CDATA[java.lang.AssertionError: expected:<1> but was:<0>
	at org.junit.Assert.fail(Assert.java:89)
	at org.junit.Assert.failNotEquals(Assert.java:835)
	at org.junit.Assert.assertEquals(Assert.java:647)
	at org.junit.Assert.assertEquals(Assert.java:633)
	at org.apache.hadoop.ozone.client.rpc.TestOzoneRpcClientAbstract.testValidateBlockLengthWithCommitKey(TestOzoneRpcClientAbstract.java:1320)
	at sun.reflect.NativeMethodAccessorImpl.invoke0(Native Method)
	at sun.reflect.NativeMethodAccessorImpl.invoke(NativeMethodAccessorImpl.java:62)
	at sun.reflect.DelegatingMethodAccessorImpl.invoke(DelegatingMethodAccessorImpl.java:43)
	at java.lang.reflect.Method.invoke(Method.java:498)
	at org.junit.platform.commons.util.ReflectionUtils.invokeMethod(ReflectionUtils.java:725)
	at org.junit.jupiter.engine.execution.MethodInvocation.proceed(MethodInvocation.java:60)
	at org.junit.jupiter.engine.execution.InvocationInterceptorChain$ValidatingInvocation.proceed(InvocationInterceptorChain.java:131)
	at org.junit.jupiter.engine.extension.TimeoutInvocation.proceed(TimeoutInvocation.java:46)
	at org.junit.jupiter.engine.extension.TimeoutExtension.intercept(TimeoutExtension.java:149)
	at org.junit.jupiter.engine.extension.TimeoutExtension.interceptTestableMethod(TimeoutExtension.java:140)
	at org.junit.jupiter.engine.extension.TimeoutExtension.interceptTestMethod(TimeoutExtension.java:84)
	at org.junit.jupiter.engine.execution.ExecutableInvoker$ReflectiveInterceptorCall.lambda$ofVoidMethod$0(ExecutableInvoker.java:115)
	at org.junit.jupiter.engine.execution.ExecutableInvoker.lambda$invoke$0(ExecutableInvoker.java:105)
	at org.junit.jupiter.engine.execution.InvocationInterceptorChain$InterceptedInvocation.proceed(InvocationInterceptorChain.java:106)
	at org.junit.jupiter.engine.execution.InvocationInterceptorChain.proceed(InvocationInterceptorChain.java:64)
	at org.junit.jupiter.engine.execution.InvocationInterceptorChain.chainAndInvoke(InvocationInterceptorChain.java:45)
	at org.junit.jupiter.engine.execution.InvocationInterceptorChain.invoke(InvocationInterceptorChain.java:37)
	at org.junit.jupiter.engine.execution.ExecutableInvoker.invoke(ExecutableInvoker.java:104)
	at org.junit.jupiter.engine.execution.ExecutableInvoker.invoke(ExecutableInvoker.java:98)
	at org.junit.jupiter.engine.descriptor.TestMethodTestDescriptor.lambda$invokeTestMethod$7(TestMethodTestDescriptor.java:214)
	at org.junit.platform.engine.support.hierarchical.ThrowableCollector.execute(ThrowableCollector.java:73)
	at org.junit.jupiter.engine.descriptor.TestMethodTestDescriptor.invokeTestMethod(TestMethodTestDescriptor.java:210)
	at org.junit.jupiter.engine.descriptor.TestMethodTestDescriptor.execute(TestMethodTestDescriptor.java:135)
	at org.junit.jupiter.engine.descriptor.TestMethodTestDescriptor.execute(TestMethodTestDescriptor.java:66)
	at org.junit.platform.engine.support.hierarchical.NodeTestTask.lambda$executeRecursively$6(NodeTestTask.java:151)
	at org.junit.platform.engine.support.hierarchical.ThrowableCollector.execute(ThrowableCollector.java:73)
	at org.junit.platform.engine.support.hierarchical.NodeTestTask.lambda$executeRecursively$8(NodeTestTask.java:141)
	at org.junit.platform.engine.support.hierarchical.Node.around(Node.java:137)
	at org.junit.platform.engine.support.hierarchical.NodeTestTask.lambda$executeRecursively$9(NodeTestTask.java:139)
	at org.junit.platform.engine.support.hierarchical.ThrowableCollector.execute(ThrowableCollector.java:73)
	at org.junit.platform.engine.support.hierarchical.NodeTestTask.executeRecursively(NodeTestTask.java:138)
	at org.junit.platform.engine.support.hierarchical.NodeTestTask.execute(NodeTestTask.java:95)
	at java.util.ArrayList.forEach(ArrayList.java:1259)
	at org.junit.platform.engine.support.hierarchical.SameThreadHierarchicalTestExecutorService.invokeAll(SameThreadHierarchicalTestExecutorService.java:41)
	at org.junit.platform.engine.support.hierarchical.NodeTestTask.lambda$executeRecursively$6(NodeTestTask.java:155)
	at org.junit.platform.engine.support.hierarchical.ThrowableCollector.execute(ThrowableCollector.java:73)
	at org.junit.platform.engine.support.hierarchical.NodeTestTask.lambda$executeRecursively$8(NodeTestTask.java:141)
	at org.junit.platform.engine.support.hierarchical.Node.around(Node.java:137)
	at org.junit.platform.engine.support.hierarchical.NodeTestTask.lambda$executeRecursively$9(NodeTestTask.java:139)
	at org.junit.platform.engine.support.hierarchical.ThrowableCollector.execute(ThrowableCollector.java:73)
	at org.junit.platform.engine.support.hierarchical.NodeTestTask.executeRecursively(NodeTestTask.java:138)
	at org.junit.platform.engine.support.hierarchical.NodeTestTask.execute(NodeTestTask.java:95)
	at java.util.ArrayList.forEach(ArrayList.java:1259)
	at org.junit.platform.engine.support.hierarchical.SameThreadHierarchicalTestExecutorService.invokeAll(SameThreadHierarchicalTestExecutorService.java:41)
	at org.junit.platform.engine.support.hierarchical.NodeTestTask.lambda$executeRecursively$6(NodeTestTask.java:155)
	at org.junit.platform.engine.support.hierarchical.ThrowableCollector.execute(ThrowableCollector.java:73)
	at org.junit.platform.engine.support.hierarchical.NodeTestTask.lambda$executeRecursively$8(NodeTestTask.java:141)
	at org.junit.platform.engine.support.hierarchical.Node.around(Node.java:137)
	at org.junit.platform.engine.support.hierarchical.NodeTestTask.lambda$executeRecursively$9(NodeTestTask.java:139)
	at org.junit.platform.engine.support.hierarchical.ThrowableCollector.execute(ThrowableCollector.java:73)
	at org.junit.platform.engine.support.hierarchical.NodeTestTask.executeRecursively(NodeTestTask.java:138)
	at org.junit.platform.engine.support.hierarchical.NodeTestTask.execute(NodeTestTask.java:95)
	at org.junit.platform.engine.support.hierarchical.SameThreadHierarchicalTestExecutorService.submit(SameThreadHierarchicalTestExecutorService.java:35)
	at org.junit.platform.engine.support.hierarchical.HierarchicalTestExecutor.execute(HierarchicalTestExecutor.java:57)
	at org.junit.platform.engine.support.hierarchical.HierarchicalTestEngine.execute(HierarchicalTestEngine.java:54)
	at org.junit.platform.launcher.core.EngineExecutionOrchestrator.execute(EngineExecutionOrchestrator.java:107)
	at org.junit.platform.launcher.core.EngineExecutionOrchestrator.execute(EngineExecutionOrchestrator.java:88)
	at org.junit.platform.launcher.core.EngineExecutionOrchestrator.lambda$execute$0(EngineExecutionOrchestrator.java:54)
	at org.junit.platform.launcher.core.EngineExecutionOrchestrator.withInterceptedStreams(EngineExecutionOrchestrator.java:67)
	at org.junit.platform.launcher.core.EngineExecutionOrchestrator.execute(EngineExecutionOrchestrator.java:52)
	at org.junit.platform.launcher.core.DefaultLauncher.execute(DefaultLauncher.java:114)
	at org.junit.platform.launcher.core.DefaultLauncher.execute(DefaultLauncher.java:86)
	at org.junit.platform.launcher.core.DefaultLauncherSession$DelegatingLauncher.execute(DefaultLauncherSession.java:86)
	at org.junit.platform.launcher.core.SessionPerRequestLauncher.execute(SessionPerRequestLauncher.java:53)
	at org.apache.maven.surefire.junitplatform.JUnitPlatformProvider.execute(JUnitPlatformProvider.java:188)
	at org.apache.maven.surefire.junitplatform.JUnitPlatformProvider.invokeAllTests(JUnitPlatformProvider.java:154)
	at org.apache.maven.surefire.junitplatform.JUnitPlatformProvider.invoke(JUnitPlatformProvider.java:124)
	at org.apache.maven.surefire.booter.ForkedBooter.runSuitesInProcess(ForkedBooter.java:428)
	at org.apache.maven.surefire.booter.ForkedBooter.execute(ForkedBooter.java:162)
	at org.apache.maven.surefire.booter.ForkedBooter.run(ForkedBooter.java:562)
	at org.apache.maven.surefire.booter.ForkedBooter.main(ForkedBooter.java:548)
]]></failure>
    <system-out><![CDATA[2022-06-24 01:39:47,904 [Listener at 127.0.0.1/44735] INFO  rpc.RpcClient (RpcClient.java:createVolume(466)) - Creating Volume: 94316f2e-5566-4a5e-9db0-c0898e6c948c, with runner as owner and space quota set to -1 bytes, counts quota set to -1
2022-06-24 01:39:47,906 [OM StateMachine ApplyTransaction Thread - 0] INFO  volume.OMVolumeCreateRequest (OMVolumeCreateRequest.java:validateAndUpdateCache(195)) - created volume:94316f2e-5566-4a5e-9db0-c0898e6c948c for user:runner
2022-06-24 01:39:47,908 [Listener at 127.0.0.1/44735] INFO  rpc.RpcClient (RpcClient.java:createBucket(666)) - Creating Bucket: 94316f2e-5566-4a5e-9db0-c0898e6c948c/c1d1c51d-cd8a-4acb-a73d-33866636a60b, with the Bucket Layout null, runner as owner, Versioning false, Storage Type set to DISK and Encryption set to false 
2022-06-24 01:39:47,910 [OM StateMachine ApplyTransaction Thread - 0] INFO  bucket.OMBucketCreateRequest (OMBucketCreateRequest.java:validateAndUpdateCache(260)) - created bucket: c1d1c51d-cd8a-4acb-a73d-33866636a60b of layout LEGACY in volume: 94316f2e-5566-4a5e-9db0-c0898e6c948c
]]></system-out>
  </testcase>
  <testcase name="testVolumeSetOwner" classname="org.apache.hadoop.ozone.client.rpc.TestOzoneRpcClient" time="0.01">
    <system-out><![CDATA[2022-06-24 01:39:47,927 [Listener at 127.0.0.1/44735] INFO  rpc.RpcClient (RpcClient.java:createVolume(466)) - Creating Volume: c2c9e38f-8aea-4dec-85ee-fd9b24ed81e8, with runner as owner and space quota set to -1 bytes, counts quota set to -1
2022-06-24 01:39:47,930 [OM StateMachine ApplyTransaction Thread - 0] INFO  volume.OMVolumeCreateRequest (OMVolumeCreateRequest.java:validateAndUpdateCache(195)) - created volume:c2c9e38f-8aea-4dec-85ee-fd9b24ed81e8 for user:runner
2022-06-24 01:39:47,936 [OM StateMachine ApplyTransaction Thread - 0] WARN  volume.OMVolumeSetOwnerRequest (OMVolumeSetOwnerRequest.java:validateAndUpdateCache(133)) - Volume 'c2c9e38f-8aea-4dec-85ee-fd9b24ed81e8' owner is already user 'someRandomUser1'.
]]></system-out>
  </testcase>
  <testcase name="testVolumeUsedNamespace" classname="org.apache.hadoop.ozone.client.rpc.TestOzoneRpcClient" time="0.038">
    <system-out><![CDATA[2022-06-24 01:39:47,938 [Listener at 127.0.0.1/44735] INFO  rpc.RpcClient (RpcClient.java:createVolume(466)) - Creating Volume: 745be74d-57bb-41be-b6f3-2c743ad7f657, with runner as owner and space quota set to -1 bytes, counts quota set to 1
2022-06-24 01:39:47,940 [OM StateMachine ApplyTransaction Thread - 0] INFO  volume.OMVolumeCreateRequest (OMVolumeCreateRequest.java:validateAndUpdateCache(195)) - created volume:745be74d-57bb-41be-b6f3-2c743ad7f657 for user:runner
2022-06-24 01:39:47,943 [Listener at 127.0.0.1/44735] INFO  rpc.RpcClient (RpcClient.java:createBucket(666)) - Creating Bucket: 745be74d-57bb-41be-b6f3-2c743ad7f657/67c62e60-ba30-4cc6-b060-b7e042cb695b, with the Bucket Layout null, runner as owner, Versioning false, Storage Type set to DISK and Encryption set to false 
2022-06-24 01:39:47,945 [OM StateMachine ApplyTransaction Thread - 0] INFO  bucket.OMBucketCreateRequest (OMBucketCreateRequest.java:validateAndUpdateCache(260)) - created bucket: 67c62e60-ba30-4cc6-b060-b7e042cb695b of layout LEGACY in volume: 745be74d-57bb-41be-b6f3-2c743ad7f657
2022-06-24 01:39:47,948 [Listener at 127.0.0.1/44735] INFO  rpc.RpcClient (RpcClient.java:createBucket(666)) - Creating Bucket: 745be74d-57bb-41be-b6f3-2c743ad7f657/c4a025a3-0f2f-419c-a3e8-30fde30947d0, with the Bucket Layout null, runner as owner, Versioning false, Storage Type set to DISK and Encryption set to false 
01:39:47.951 [OM StateMachine ApplyTransaction Thread - 0] ERROR OMAudit - user=runner | ip=127.0.0.1 | op=CREATE_BUCKET {volume=745be74d-57bb-41be-b6f3-2c743ad7f657, bucket=c4a025a3-0f2f-419c-a3e8-30fde30947d0, bucketLayout=LEGACY, gdprEnabled=null, acls=[user:runner:a[ACCESS], group:docker:a[ACCESS], group:adm:a[ACCESS], group:systemd-journal:a[ACCESS]], isVersionEnabled=false, storageType=DISK, creationTime=1656034787949, bucketEncryptionKey=null, modificationTime=1656034787949, usedBytes=0, usedNamespace=0} | ret=FAILURE
org.apache.hadoop.ozone.om.exceptions.OMException: The namespace quota of Volume:745be74d-57bb-41be-b6f3-2c743ad7f657 exceeded: quotaInNamespace: 1 but namespace consumed: 2.
	at org.apache.hadoop.ozone.om.request.bucket.OMBucketCreateRequest.checkQuotaInNamespace(OMBucketCreateRequest.java:365) ~[ozone-manager-1.3.0-SNAPSHOT.jar:?]
	at org.apache.hadoop.ozone.om.request.bucket.OMBucketCreateRequest.validateAndUpdateCache(OMBucketCreateRequest.java:223) ~[ozone-manager-1.3.0-SNAPSHOT.jar:?]
	at org.apache.hadoop.ozone.protocolPB.OzoneManagerRequestHandler.handleWriteRequest(OzoneManagerRequestHandler.java:293) ~[ozone-manager-1.3.0-SNAPSHOT.jar:?]
	at org.apache.hadoop.ozone.om.ratis.OzoneManagerStateMachine.runCommand(OzoneManagerStateMachine.java:529) ~[ozone-manager-1.3.0-SNAPSHOT.jar:?]
	at org.apache.hadoop.ozone.om.ratis.OzoneManagerStateMachine.lambda$1(OzoneManagerStateMachine.java:324) ~[ozone-manager-1.3.0-SNAPSHOT.jar:?]
	at java.util.concurrent.CompletableFuture$AsyncSupply.run(CompletableFuture.java:1604) [?:1.8.0_332]
	at java.util.concurrent.ThreadPoolExecutor.runWorker(ThreadPoolExecutor.java:1149) [?:1.8.0_332]
	at java.util.concurrent.ThreadPoolExecutor$Worker.run(ThreadPoolExecutor.java:624) [?:1.8.0_332]
	at java.lang.Thread.run(Thread.java:750) [?:1.8.0_332]
2022-06-24 01:39:47,951 [OM StateMachine ApplyTransaction Thread - 0] ERROR bucket.OMBucketCreateRequest (OMBucketCreateRequest.java:validateAndUpdateCache(266)) - Bucket creation failed for bucket:c4a025a3-0f2f-419c-a3e8-30fde30947d0 in volume:745be74d-57bb-41be-b6f3-2c743ad7f657
QUOTA_EXCEEDED org.apache.hadoop.ozone.om.exceptions.OMException: The namespace quota of Volume:745be74d-57bb-41be-b6f3-2c743ad7f657 exceeded: quotaInNamespace: 1 but namespace consumed: 2.
	at org.apache.hadoop.ozone.om.request.bucket.OMBucketCreateRequest.checkQuotaInNamespace(OMBucketCreateRequest.java:365)
	at org.apache.hadoop.ozone.om.request.bucket.OMBucketCreateRequest.validateAndUpdateCache(OMBucketCreateRequest.java:223)
	at org.apache.hadoop.ozone.protocolPB.OzoneManagerRequestHandler.handleWriteRequest(OzoneManagerRequestHandler.java:293)
	at org.apache.hadoop.ozone.om.ratis.OzoneManagerStateMachine.runCommand(OzoneManagerStateMachine.java:529)
	at org.apache.hadoop.ozone.om.ratis.OzoneManagerStateMachine.lambda$1(OzoneManagerStateMachine.java:324)
	at java.util.concurrent.CompletableFuture$AsyncSupply.run(CompletableFuture.java:1604)
	at java.util.concurrent.ThreadPoolExecutor.runWorker(ThreadPoolExecutor.java:1149)
	at java.util.concurrent.ThreadPoolExecutor$Worker.run(ThreadPoolExecutor.java:624)
	at java.lang.Thread.run(Thread.java:750)
2022-06-24 01:39:47,953 [Listener at 127.0.0.1/44735] INFO  rpc.RpcClient (RpcClient.java:createVolume(466)) - Creating Volume: f1bfe649-ae59-4171-921f-1b85787a41dd, with runner as owner and space quota set to -1 bytes, counts quota set to -1
2022-06-24 01:39:47,955 [OM StateMachine ApplyTransaction Thread - 0] INFO  volume.OMVolumeCreateRequest (OMVolumeCreateRequest.java:validateAndUpdateCache(195)) - created volume:f1bfe649-ae59-4171-921f-1b85787a41dd for user:runner
2022-06-24 01:39:47,965 [Listener at 127.0.0.1/44735] INFO  rpc.RpcClient (RpcClient.java:createBucket(666)) - Creating Bucket: f1bfe649-ae59-4171-921f-1b85787a41dd/28045047-7d0c-4aa5-bc32-db97d6f69e9f, with the Bucket Layout null, runner as owner, Versioning false, Storage Type set to DISK and Encryption set to false 
2022-06-24 01:39:47,967 [OM StateMachine ApplyTransaction Thread - 0] INFO  bucket.OMBucketCreateRequest (OMBucketCreateRequest.java:validateAndUpdateCache(260)) - created bucket: 28045047-7d0c-4aa5-bc32-db97d6f69e9f of layout LEGACY in volume: f1bfe649-ae59-4171-921f-1b85787a41dd
]]></system-out>
  </testcase>
</testsuite>